<?xml version="1.0" encoding="UTF-8"?>
<!-- Generated by org.testng.reporters.JUnitReportReporter -->
<testsuite skipped="0" hostname="QASERVER01" name="Tests.Enrollment" tests="1" failures="0" timestamp="05 Nov 2019 04:39:16 GMT" time="320.096" errors="0">
  <testcase name="Enroll" time="320.096" classname="Tests.Enrollment"/>
</testsuite> <!-- Tests.Enrollment -->
