<?xml version="1.0" encoding="UTF-8"?>
<!-- Generated by org.testng.reporters.JUnitReportReporter -->
<testsuite skipped="0" hostname="QASERVER01" name="Tests.PrefferedCustomer" tests="1" failures="0" timestamp="04 Mar 2020 05:26:54 GMT" time="257.147" errors="0">
  <testcase name="Enroll" time="257.147" classname="Tests.PrefferedCustomer"/>
</testsuite> <!-- Tests.PrefferedCustomer -->
