<?xml version="1.0" encoding="UTF-8"?>
<!-- Generated by org.testng.reporters.JUnitReportReporter -->
<testsuite skipped="0" hostname="QASERVER01" name="Tests.DR" tests="1" failures="0" timestamp="15 Jul 2019 10:36:45 GMT" time="83.894" errors="0">
  <testcase name="DominicanRepublic" time="83.894" classname="Tests.DR"/>
</testsuite> <!-- Tests.DR -->
