<?xml version="1.0" encoding="UTF-8"?>
<!-- Generated by org.testng.reporters.JUnitReportReporter -->
<testsuite skipped="0" hostname="QASERVER01" name="Tests.FranchisePartner" tests="1" failures="0" timestamp="26 Nov 2019 10:19:55 GMT" time="223.460" errors="0">
  <testcase name="Enroll" time="223.460" classname="Tests.FranchisePartner"/>
</testsuite> <!-- Tests.FranchisePartner -->
