<?xml version="1.0" encoding="UTF-8"?>
<!-- Generated by org.testng.reporters.JUnitReportReporter -->
<testsuite skipped="0" hostname="QASERVER01" name="Tests.Fit" tests="1" failures="0" timestamp="02 Dec 2019 06:12:34 GMT" time="129.659" errors="0">
  <testcase name="GetFit" time="129.659" classname="Tests.Fit"/>
</testsuite> <!-- Tests.Fit -->
