<?xml version="1.0" encoding="UTF-8"?>
<!-- Generated by org.testng.reporters.JUnitReportReporter -->
<testsuite skipped="0" hostname="QASERVER01" name="Tests.FranchisePartner" tests="1" failures="0" timestamp="25 Feb 2020 07:53:13 GMT" time="238.180" errors="0">
  <testcase name="Enroll" time="238.180" classname="Tests.FranchisePartner"/>
</testsuite> <!-- Tests.FranchisePartner -->
