<?xml version="1.0" encoding="UTF-8"?>
<!-- Generated by org.testng.reporters.JUnitReportReporter -->
<testsuite skipped="0" hostname="QASERVER01" name="Tests.BS" tests="1" failures="0" timestamp="12 Jul 2019 07:13:32 GMT" time="83.058" errors="0">
  <testcase name="Bahamas" time="83.058" classname="Tests.BS"/>
</testsuite> <!-- Tests.BS -->
