<?xml version="1.0" encoding="UTF-8"?>
<!-- Generated by org.testng.reporters.JUnitReportReporter -->
<testsuite skipped="0" hostname="QASERVER01" name="Tests.Services" tests="1" failures="0" timestamp="09 Oct 2019 09:43:05 GMT" time="286.358" errors="0">
  <testcase name="Enroll" time="286.358" classname="Tests.Services"/>
</testsuite> <!-- Tests.Services -->
