<?xml version="1.0" encoding="UTF-8"?>
<!-- Generated by org.testng.reporters.JUnitReportReporter -->
<testsuite skipped="0" hostname="QASERVER01" name="Tests.BE" tests="3" failures="0" timestamp="15 Jul 2019 06:41:16 GMT" time="381.251" errors="0">
  <testcase name="Belgium" time="123.686" classname="Tests.BE"/>
  <testcase name="Belgium" time="126.599" classname="Tests.BE"/>
  <testcase name="Belgium" time="130.966" classname="Tests.BE"/>
</testsuite> <!-- Tests.BE -->
