<?xml version="1.0" encoding="UTF-8"?>
<!-- Generated by org.testng.reporters.JUnitReportReporter -->
<testsuite skipped="0" hostname="QASERVER01" name="Tests.AT" tests="3" failures="0" timestamp="16 Jul 2019 08:54:48 GMT" time="30.850" errors="0">
  <testcase name="Austria" time="9.340" classname="Tests.AT"/>
  <testcase name="Austria" time="9.272" classname="Tests.AT"/>
  <testcase name="Austria" time="12.238" classname="Tests.AT"/>
</testsuite> <!-- Tests.AT -->
