<?xml version="1.0" encoding="UTF-8"?>
<!-- Generated by org.testng.reporters.JUnitReportReporter -->
<testsuite skipped="1" hostname="QASERVER01" name="Tests.Sample" tests="2" failures="0" timestamp="09 Sep 2019 11:13:57 GMT" time="31.351" errors="0">
  <testcase name="QA" time="31.351" classname="Tests.Sample"/>
  <testcase name="Live" classname="Tests.Sample">
    <skipped/>
  </testcase> <!-- Live -->
</testsuite> <!-- Tests.Sample -->
