<?xml version="1.0" encoding="UTF-8"?>
<!-- Generated by org.testng.reporters.JUnitReportReporter -->
<testsuite skipped="0" hostname="QASERVER01" name="Tests.AU" tests="1" failures="0" timestamp="12 Jul 2019 05:49:39 GMT" time="45.716" errors="0">
  <testcase name="Austria" time="45.716" classname="Tests.AU"/>
</testsuite> <!-- Tests.AU -->
