<?xml version="1.0" encoding="UTF-8"?>
<!-- Generated by org.testng.reporters.JUnitReportReporter -->
<testsuite skipped="0" hostname="QASERVER01" name="Tests.FranchisePartner" tests="1" failures="0" timestamp="04 Mar 2020 06:19:31 GMT" time="289.331" errors="0">
  <testcase name="Enroll" time="289.331" classname="Tests.FranchisePartner"/>
</testsuite> <!-- Tests.FranchisePartner -->
