<?xml version="1.0" encoding="UTF-8"?>
<!-- Generated by org.testng.reporters.JUnitReportReporter -->
<testsuite skipped="0" hostname="QASERVER01" name="Tests.Sample1" tests="1" failures="0" timestamp="04 Sep 2019 10:40:37 GMT" time="12.297" errors="0">
  <testcase name="PreConditon" time="12.297" classname="Tests.Sample1"/>
</testsuite> <!-- Tests.Sample1 -->
