<?xml version="1.0" encoding="UTF-8"?>
<testsuite xmlns:xsi="http://www.w3.org/2001/XMLSchema-instance" xsi:noNamespaceSchemaLocation="https://maven.apache.org/surefire/maven-surefire-plugin/xsd/surefire-test-report-3.0.xsd" version="3.0" name="TestSuite" time="17,753.168" tests="74" errors="0" skipped="0" failures="33">
  <properties>
    <property name="sun.desktop" value="windows"/>
    <property name="awt.toolkit" value="sun.awt.windows.WToolkit"/>
    <property name="file.encoding.pkg" value="sun.io"/>
    <property name="java.specification.version" value="1.8"/>
    <property name="sun.cpu.isalist" value="amd64"/>
    <property name="sun.jnu.encoding" value="Cp1252"/>
    <property name="java.class.path" value="C:\Users\sumancb\git\Enrollment\Enrollment\target\test-classes;C:\Users\sumancb\git\Enrollment\Enrollment\target\classes;C:\Users\sumancb\.m2\repository\junit\junit\3.8.1\junit-3.8.1.jar;C:\Users\sumancb\.m2\repository\org\seleniumhq\selenium\selenium-java\3.8.1\selenium-java-3.8.1.jar;C:\Users\sumancb\.m2\repository\org\seleniumhq\selenium\selenium-api\3.8.1\selenium-api-3.8.1.jar;C:\Users\sumancb\.m2\repository\org\seleniumhq\selenium\selenium-chrome-driver\3.8.1\selenium-chrome-driver-3.8.1.jar;C:\Users\sumancb\.m2\repository\org\seleniumhq\selenium\selenium-edge-driver\3.8.1\selenium-edge-driver-3.8.1.jar;C:\Users\sumancb\.m2\repository\org\seleniumhq\selenium\selenium-firefox-driver\3.8.1\selenium-firefox-driver-3.8.1.jar;C:\Users\sumancb\.m2\repository\org\seleniumhq\selenium\selenium-ie-driver\3.8.1\selenium-ie-driver-3.8.1.jar;C:\Users\sumancb\.m2\repository\org\seleniumhq\selenium\selenium-opera-driver\3.8.1\selenium-opera-driver-3.8.1.jar;C:\Users\sumancb\.m2\repository\org\seleniumhq\selenium\selenium-remote-driver\3.8.1\selenium-remote-driver-3.8.1.jar;C:\Users\sumancb\.m2\repository\org\seleniumhq\selenium\selenium-safari-driver\3.8.1\selenium-safari-driver-3.8.1.jar;C:\Users\sumancb\.m2\repository\org\seleniumhq\selenium\selenium-support\3.8.1\selenium-support-3.8.1.jar;C:\Users\sumancb\.m2\repository\net\bytebuddy\byte-buddy\1.7.5\byte-buddy-1.7.5.jar;C:\Users\sumancb\.m2\repository\org\apache\commons\commons-exec\1.3\commons-exec-1.3.jar;C:\Users\sumancb\.m2\repository\commons-codec\commons-codec\1.10\commons-codec-1.10.jar;C:\Users\sumancb\.m2\repository\commons-logging\commons-logging\1.2\commons-logging-1.2.jar;C:\Users\sumancb\.m2\repository\com\google\code\gson\gson\2.8.2\gson-2.8.2.jar;C:\Users\sumancb\.m2\repository\com\google\guava\guava\23.0\guava-23.0.jar;C:\Users\sumancb\.m2\repository\com\google\code\findbugs\jsr305\1.3.9\jsr305-1.3.9.jar;C:\Users\sumancb\.m2\repository\com\google\errorprone\error_prone_annotations\2.0.18\error_prone_annotations-2.0.18.jar;C:\Users\sumancb\.m2\repository\com\google\j2objc\j2objc-annotations\1.1\j2objc-annotations-1.1.jar;C:\Users\sumancb\.m2\repository\org\codehaus\mojo\animal-sniffer-annotations\1.14\animal-sniffer-annotations-1.14.jar;C:\Users\sumancb\.m2\repository\org\apache\httpcomponents\httpclient\4.5.3\httpclient-4.5.3.jar;C:\Users\sumancb\.m2\repository\org\apache\httpcomponents\httpcore\4.4.6\httpcore-4.4.6.jar;C:\Users\sumancb\.m2\repository\org\testng\testng\6.14.3\testng-6.14.3.jar;C:\Users\sumancb\.m2\repository\com\beust\jcommander\1.72\jcommander-1.72.jar;C:\Users\sumancb\.m2\repository\org\apache-extras\beanshell\bsh\2.0b6\bsh-2.0b6.jar;C:\Users\sumancb\.m2\repository\com\relevantcodes\extentreports\2.41.2\extentreports-2.41.2.jar;C:\Users\sumancb\.m2\repository\org\jsoup\jsoup\1.8.3\jsoup-1.8.3.jar;C:\Users\sumancb\.m2\repository\org\xerial\sqlite-jdbc\3.8.11.1\sqlite-jdbc-3.8.11.1.jar;C:\Users\sumancb\.m2\repository\org\freemarker\freemarker\2.3.23\freemarker-2.3.23.jar;C:\Users\sumancb\.m2\repository\org\mongodb\mongodb-driver\3.0.4\mongodb-driver-3.0.4.jar;C:\Users\sumancb\.m2\repository\org\mongodb\bson\3.0.4\bson-3.0.4.jar;C:\Users\sumancb\.m2\repository\org\mongodb\mongodb-driver-core\3.0.4\mongodb-driver-core-3.0.4.jar;C:\Users\sumancb\.m2\repository\org\apache\commons\commons-lang3\3.8.1\commons-lang3-3.8.1.jar;C:\Users\sumancb\.m2\repository\io\rest-assured\rest-assured\3.1.0\rest-assured-3.1.0.jar;C:\Users\sumancb\.m2\repository\org\codehaus\groovy\groovy\2.4.12\groovy-2.4.12.jar;C:\Users\sumancb\.m2\repository\org\codehaus\groovy\groovy-xml\2.4.12\groovy-xml-2.4.12.jar;C:\Users\sumancb\.m2\repository\org\apache\httpcomponents\httpmime\4.5.1\httpmime-4.5.1.jar;C:\Users\sumancb\.m2\repository\org\hamcrest\hamcrest-core\1.3\hamcrest-core-1.3.jar;C:\Users\sumancb\.m2\repository\org\hamcrest\hamcrest-library\1.3\hamcrest-library-1.3.jar;C:\Users\sumancb\.m2\repository\org\ccil\cowan\tagsoup\tagsoup\1.2.1\tagsoup-1.2.1.jar;C:\Users\sumancb\.m2\repository\io\rest-assured\json-path\3.1.0\json-path-3.1.0.jar;C:\Users\sumancb\.m2\repository\org\codehaus\groovy\groovy-json\2.4.12\groovy-json-2.4.12.jar;C:\Users\sumancb\.m2\repository\io\rest-assured\rest-assured-common\3.1.0\rest-assured-common-3.1.0.jar;C:\Users\sumancb\.m2\repository\io\rest-assured\xml-path\3.1.0\xml-path-3.1.0.jar;C:\Users\sumancb\.m2\repository\javax\xml\bind\jaxb-api\2.2.12\jaxb-api-2.2.12.jar;C:\Users\sumancb\.m2\repository\org\skyscreamer\jsonassert\1.5.0\jsonassert-1.5.0.jar;C:\Users\sumancb\.m2\repository\com\vaadin\external\google\android-json\0.0.20131108.vaadin1\android-json-0.0.20131108.vaadin1.jar;C:\Users\sumancb\.m2\repository\org\codehaus\groovy\groovy-all\2.3.5\groovy-all-2.3.5.jar;C:\Users\sumancb\.m2\repository\org\codehaus\jackson\jackson-mapper-asl\1.5.0\jackson-mapper-asl-1.5.0.jar;C:\Users\sumancb\.m2\repository\org\codehaus\jackson\jackson-core-asl\1.5.0\jackson-core-asl-1.5.0.jar;C:\Users\sumancb\.m2\repository\net\lightbody\bmp\browsermob-core\2.1.5\browsermob-core-2.1.5.jar;C:\Users\sumancb\.m2\repository\net\lightbody\bmp\littleproxy\1.1.0-beta-bmp-17\littleproxy-1.1.0-beta-bmp-17.jar;C:\Users\sumancb\.m2\repository\com\fasterxml\jackson\core\jackson-core\2.8.9\jackson-core-2.8.9.jar;C:\Users\sumancb\.m2\repository\com\fasterxml\jackson\core\jackson-databind\2.8.9\jackson-databind-2.8.9.jar;C:\Users\sumancb\.m2\repository\dnsjava\dnsjava\2.1.8\dnsjava-2.1.8.jar;C:\Users\sumancb\.m2\repository\org\slf4j\slf4j-api\1.7.25\slf4j-api-1.7.25.jar;C:\Users\sumancb\.m2\repository\org\slf4j\jcl-over-slf4j\1.7.25\jcl-over-slf4j-1.7.25.jar;C:\Users\sumancb\.m2\repository\com\jcraft\jzlib\1.1.3\jzlib-1.1.3.jar;C:\Users\sumancb\.m2\repository\io\netty\netty-all\4.0.51.Final\netty-all-4.0.51.Final.jar;C:\Users\sumancb\.m2\repository\org\bouncycastle\bcprov-jdk15on\1.58\bcprov-jdk15on-1.58.jar;C:\Users\sumancb\.m2\repository\org\bouncycastle\bcpkix-jdk15on\1.58\bcpkix-jdk15on-1.58.jar;C:\Users\sumancb\.m2\repository\net\lightbody\bmp\mitm\2.1.5\mitm-2.1.5.jar;C:\Users\sumancb\.m2\repository\com\fasterxml\jackson\core\jackson-annotations\2.9.8\jackson-annotations-2.9.8.jar;C:\Users\sumancb\.m2\repository\commons-lang\commons-lang\2.2\commons-lang-2.2.jar;C:\Users\sumancb\.m2\repository\javax\mail\javax.mail-api\1.5.5\javax.mail-api-1.5.5.jar;C:\Users\sumancb\.m2\repository\com\sun\mail\javax.mail\1.6.1\javax.mail-1.6.1.jar;C:\Users\sumancb\.m2\repository\javax\activation\activation\1.1\activation-1.1.jar;C:\Users\sumancb\.m2\repository\org\springframework\data\spring-data-jpa\1.11.23.RELEASE\spring-data-jpa-1.11.23.RELEASE.jar;C:\Users\sumancb\.m2\repository\org\springframework\data\spring-data-commons\1.13.23.RELEASE\spring-data-commons-1.13.23.RELEASE.jar;C:\Users\sumancb\.m2\repository\org\springframework\spring-orm\4.3.25.RELEASE\spring-orm-4.3.25.RELEASE.jar;C:\Users\sumancb\.m2\repository\org\springframework\spring-jdbc\4.3.25.RELEASE\spring-jdbc-4.3.25.RELEASE.jar;C:\Users\sumancb\.m2\repository\org\springframework\spring-context\4.3.25.RELEASE\spring-context-4.3.25.RELEASE.jar;C:\Users\sumancb\.m2\repository\org\springframework\spring-expression\4.3.25.RELEASE\spring-expression-4.3.25.RELEASE.jar;C:\Users\sumancb\.m2\repository\org\springframework\spring-aop\4.3.25.RELEASE\spring-aop-4.3.25.RELEASE.jar;C:\Users\sumancb\.m2\repository\org\springframework\spring-tx\4.3.25.RELEASE\spring-tx-4.3.25.RELEASE.jar;C:\Users\sumancb\.m2\repository\org\springframework\spring-beans\4.3.25.RELEASE\spring-beans-4.3.25.RELEASE.jar;C:\Users\sumancb\.m2\repository\org\springframework\spring-core\4.3.25.RELEASE\spring-core-4.3.25.RELEASE.jar;C:\Users\sumancb\.m2\repository\org\aspectj\aspectjrt\1.8.13\aspectjrt-1.8.13.jar;C:\Users\sumancb\.m2\repository\org\apache\derby\derbyclient\10.11.1.1\derbyclient-10.11.1.1.jar;C:\Users\sumancb\.m2\repository\org\eclipse\persistence\org.eclipse.persistence.jpa\2.5.2\org.eclipse.persistence.jpa-2.5.2.jar;C:\Users\sumancb\.m2\repository\org\eclipse\persistence\javax.persistence\2.1.0\javax.persistence-2.1.0.jar;C:\Users\sumancb\.m2\repository\org\eclipse\persistence\org.eclipse.persistence.asm\2.5.2\org.eclipse.persistence.asm-2.5.2.jar;C:\Users\sumancb\.m2\repository\org\eclipse\persistence\org.eclipse.persistence.antlr\2.5.2\org.eclipse.persistence.antlr-2.5.2.jar;C:\Users\sumancb\.m2\repository\org\eclipse\persistence\org.eclipse.persistence.jpa.jpql\2.5.2\org.eclipse.persistence.jpa.jpql-2.5.2.jar;C:\Users\sumancb\.m2\repository\org\eclipse\persistence\org.eclipse.persistence.core\2.5.2\org.eclipse.persistence.core-2.5.2.jar;"/>
    <property name="java.vm.vendor" value="Oracle Corporation"/>
    <property name="sun.arch.data.model" value="64"/>
    <property name="user.variant" value=""/>
    <property name="java.vendor.url" value="http://java.oracle.com/"/>
    <property name="user.timezone" value="America/Denver"/>
    <property name="java.vm.specification.version" value="1.8"/>
    <property name="os.name" value="Windows Server 2012 R2"/>
    <property name="user.country" value="US"/>
    <property name="sun.java.launcher" value="SUN_STANDARD"/>
    <property name="sun.boot.library.path" value="C:\Program Files\Java\jdk1.8.0_111\jre\bin"/>
    <property name="sun.java.command" value="C:\Users\sumancb\AppData\Local\Temp\2\surefire589205641514542601\surefirebooter1291912240134616132.jar C:\Users\sumancb\AppData\Local\Temp\2\surefire589205641514542601 2020-03-17T09-40-07_738-jvmRun1 surefire5781704919030816803tmp surefire_01581335220161394685tmp"/>
    <property name="surefire.test.class.path" value="C:\Users\sumancb\git\Enrollment\Enrollment\target\test-classes;C:\Users\sumancb\git\Enrollment\Enrollment\target\classes;C:\Users\sumancb\.m2\repository\junit\junit\3.8.1\junit-3.8.1.jar;C:\Users\sumancb\.m2\repository\org\seleniumhq\selenium\selenium-java\3.8.1\selenium-java-3.8.1.jar;C:\Users\sumancb\.m2\repository\org\seleniumhq\selenium\selenium-api\3.8.1\selenium-api-3.8.1.jar;C:\Users\sumancb\.m2\repository\org\seleniumhq\selenium\selenium-chrome-driver\3.8.1\selenium-chrome-driver-3.8.1.jar;C:\Users\sumancb\.m2\repository\org\seleniumhq\selenium\selenium-edge-driver\3.8.1\selenium-edge-driver-3.8.1.jar;C:\Users\sumancb\.m2\repository\org\seleniumhq\selenium\selenium-firefox-driver\3.8.1\selenium-firefox-driver-3.8.1.jar;C:\Users\sumancb\.m2\repository\org\seleniumhq\selenium\selenium-ie-driver\3.8.1\selenium-ie-driver-3.8.1.jar;C:\Users\sumancb\.m2\repository\org\seleniumhq\selenium\selenium-opera-driver\3.8.1\selenium-opera-driver-3.8.1.jar;C:\Users\sumancb\.m2\repository\org\seleniumhq\selenium\selenium-remote-driver\3.8.1\selenium-remote-driver-3.8.1.jar;C:\Users\sumancb\.m2\repository\org\seleniumhq\selenium\selenium-safari-driver\3.8.1\selenium-safari-driver-3.8.1.jar;C:\Users\sumancb\.m2\repository\org\seleniumhq\selenium\selenium-support\3.8.1\selenium-support-3.8.1.jar;C:\Users\sumancb\.m2\repository\net\bytebuddy\byte-buddy\1.7.5\byte-buddy-1.7.5.jar;C:\Users\sumancb\.m2\repository\org\apache\commons\commons-exec\1.3\commons-exec-1.3.jar;C:\Users\sumancb\.m2\repository\commons-codec\commons-codec\1.10\commons-codec-1.10.jar;C:\Users\sumancb\.m2\repository\commons-logging\commons-logging\1.2\commons-logging-1.2.jar;C:\Users\sumancb\.m2\repository\com\google\code\gson\gson\2.8.2\gson-2.8.2.jar;C:\Users\sumancb\.m2\repository\com\google\guava\guava\23.0\guava-23.0.jar;C:\Users\sumancb\.m2\repository\com\google\code\findbugs\jsr305\1.3.9\jsr305-1.3.9.jar;C:\Users\sumancb\.m2\repository\com\google\errorprone\error_prone_annotations\2.0.18\error_prone_annotations-2.0.18.jar;C:\Users\sumancb\.m2\repository\com\google\j2objc\j2objc-annotations\1.1\j2objc-annotations-1.1.jar;C:\Users\sumancb\.m2\repository\org\codehaus\mojo\animal-sniffer-annotations\1.14\animal-sniffer-annotations-1.14.jar;C:\Users\sumancb\.m2\repository\org\apache\httpcomponents\httpclient\4.5.3\httpclient-4.5.3.jar;C:\Users\sumancb\.m2\repository\org\apache\httpcomponents\httpcore\4.4.6\httpcore-4.4.6.jar;C:\Users\sumancb\.m2\repository\org\testng\testng\6.14.3\testng-6.14.3.jar;C:\Users\sumancb\.m2\repository\com\beust\jcommander\1.72\jcommander-1.72.jar;C:\Users\sumancb\.m2\repository\org\apache-extras\beanshell\bsh\2.0b6\bsh-2.0b6.jar;C:\Users\sumancb\.m2\repository\com\relevantcodes\extentreports\2.41.2\extentreports-2.41.2.jar;C:\Users\sumancb\.m2\repository\org\jsoup\jsoup\1.8.3\jsoup-1.8.3.jar;C:\Users\sumancb\.m2\repository\org\xerial\sqlite-jdbc\3.8.11.1\sqlite-jdbc-3.8.11.1.jar;C:\Users\sumancb\.m2\repository\org\freemarker\freemarker\2.3.23\freemarker-2.3.23.jar;C:\Users\sumancb\.m2\repository\org\mongodb\mongodb-driver\3.0.4\mongodb-driver-3.0.4.jar;C:\Users\sumancb\.m2\repository\org\mongodb\bson\3.0.4\bson-3.0.4.jar;C:\Users\sumancb\.m2\repository\org\mongodb\mongodb-driver-core\3.0.4\mongodb-driver-core-3.0.4.jar;C:\Users\sumancb\.m2\repository\org\apache\commons\commons-lang3\3.8.1\commons-lang3-3.8.1.jar;C:\Users\sumancb\.m2\repository\io\rest-assured\rest-assured\3.1.0\rest-assured-3.1.0.jar;C:\Users\sumancb\.m2\repository\org\codehaus\groovy\groovy\2.4.12\groovy-2.4.12.jar;C:\Users\sumancb\.m2\repository\org\codehaus\groovy\groovy-xml\2.4.12\groovy-xml-2.4.12.jar;C:\Users\sumancb\.m2\repository\org\apache\httpcomponents\httpmime\4.5.1\httpmime-4.5.1.jar;C:\Users\sumancb\.m2\repository\org\hamcrest\hamcrest-core\1.3\hamcrest-core-1.3.jar;C:\Users\sumancb\.m2\repository\org\hamcrest\hamcrest-library\1.3\hamcrest-library-1.3.jar;C:\Users\sumancb\.m2\repository\org\ccil\cowan\tagsoup\tagsoup\1.2.1\tagsoup-1.2.1.jar;C:\Users\sumancb\.m2\repository\io\rest-assured\json-path\3.1.0\json-path-3.1.0.jar;C:\Users\sumancb\.m2\repository\org\codehaus\groovy\groovy-json\2.4.12\groovy-json-2.4.12.jar;C:\Users\sumancb\.m2\repository\io\rest-assured\rest-assured-common\3.1.0\rest-assured-common-3.1.0.jar;C:\Users\sumancb\.m2\repository\io\rest-assured\xml-path\3.1.0\xml-path-3.1.0.jar;C:\Users\sumancb\.m2\repository\javax\xml\bind\jaxb-api\2.2.12\jaxb-api-2.2.12.jar;C:\Users\sumancb\.m2\repository\org\skyscreamer\jsonassert\1.5.0\jsonassert-1.5.0.jar;C:\Users\sumancb\.m2\repository\com\vaadin\external\google\android-json\0.0.20131108.vaadin1\android-json-0.0.20131108.vaadin1.jar;C:\Users\sumancb\.m2\repository\org\codehaus\groovy\groovy-all\2.3.5\groovy-all-2.3.5.jar;C:\Users\sumancb\.m2\repository\org\codehaus\jackson\jackson-mapper-asl\1.5.0\jackson-mapper-asl-1.5.0.jar;C:\Users\sumancb\.m2\repository\org\codehaus\jackson\jackson-core-asl\1.5.0\jackson-core-asl-1.5.0.jar;C:\Users\sumancb\.m2\repository\net\lightbody\bmp\browsermob-core\2.1.5\browsermob-core-2.1.5.jar;C:\Users\sumancb\.m2\repository\net\lightbody\bmp\littleproxy\1.1.0-beta-bmp-17\littleproxy-1.1.0-beta-bmp-17.jar;C:\Users\sumancb\.m2\repository\com\fasterxml\jackson\core\jackson-core\2.8.9\jackson-core-2.8.9.jar;C:\Users\sumancb\.m2\repository\com\fasterxml\jackson\core\jackson-databind\2.8.9\jackson-databind-2.8.9.jar;C:\Users\sumancb\.m2\repository\dnsjava\dnsjava\2.1.8\dnsjava-2.1.8.jar;C:\Users\sumancb\.m2\repository\org\slf4j\slf4j-api\1.7.25\slf4j-api-1.7.25.jar;C:\Users\sumancb\.m2\repository\org\slf4j\jcl-over-slf4j\1.7.25\jcl-over-slf4j-1.7.25.jar;C:\Users\sumancb\.m2\repository\com\jcraft\jzlib\1.1.3\jzlib-1.1.3.jar;C:\Users\sumancb\.m2\repository\io\netty\netty-all\4.0.51.Final\netty-all-4.0.51.Final.jar;C:\Users\sumancb\.m2\repository\org\bouncycastle\bcprov-jdk15on\1.58\bcprov-jdk15on-1.58.jar;C:\Users\sumancb\.m2\repository\org\bouncycastle\bcpkix-jdk15on\1.58\bcpkix-jdk15on-1.58.jar;C:\Users\sumancb\.m2\repository\net\lightbody\bmp\mitm\2.1.5\mitm-2.1.5.jar;C:\Users\sumancb\.m2\repository\com\fasterxml\jackson\core\jackson-annotations\2.9.8\jackson-annotations-2.9.8.jar;C:\Users\sumancb\.m2\repository\commons-lang\commons-lang\2.2\commons-lang-2.2.jar;C:\Users\sumancb\.m2\repository\javax\mail\javax.mail-api\1.5.5\javax.mail-api-1.5.5.jar;C:\Users\sumancb\.m2\repository\com\sun\mail\javax.mail\1.6.1\javax.mail-1.6.1.jar;C:\Users\sumancb\.m2\repository\javax\activation\activation\1.1\activation-1.1.jar;C:\Users\sumancb\.m2\repository\org\springframework\data\spring-data-jpa\1.11.23.RELEASE\spring-data-jpa-1.11.23.RELEASE.jar;C:\Users\sumancb\.m2\repository\org\springframework\data\spring-data-commons\1.13.23.RELEASE\spring-data-commons-1.13.23.RELEASE.jar;C:\Users\sumancb\.m2\repository\org\springframework\spring-orm\4.3.25.RELEASE\spring-orm-4.3.25.RELEASE.jar;C:\Users\sumancb\.m2\repository\org\springframework\spring-jdbc\4.3.25.RELEASE\spring-jdbc-4.3.25.RELEASE.jar;C:\Users\sumancb\.m2\repository\org\springframework\spring-context\4.3.25.RELEASE\spring-context-4.3.25.RELEASE.jar;C:\Users\sumancb\.m2\repository\org\springframework\spring-expression\4.3.25.RELEASE\spring-expression-4.3.25.RELEASE.jar;C:\Users\sumancb\.m2\repository\org\springframework\spring-aop\4.3.25.RELEASE\spring-aop-4.3.25.RELEASE.jar;C:\Users\sumancb\.m2\repository\org\springframework\spring-tx\4.3.25.RELEASE\spring-tx-4.3.25.RELEASE.jar;C:\Users\sumancb\.m2\repository\org\springframework\spring-beans\4.3.25.RELEASE\spring-beans-4.3.25.RELEASE.jar;C:\Users\sumancb\.m2\repository\org\springframework\spring-core\4.3.25.RELEASE\spring-core-4.3.25.RELEASE.jar;C:\Users\sumancb\.m2\repository\org\aspectj\aspectjrt\1.8.13\aspectjrt-1.8.13.jar;C:\Users\sumancb\.m2\repository\org\apache\derby\derbyclient\10.11.1.1\derbyclient-10.11.1.1.jar;C:\Users\sumancb\.m2\repository\org\eclipse\persistence\org.eclipse.persistence.jpa\2.5.2\org.eclipse.persistence.jpa-2.5.2.jar;C:\Users\sumancb\.m2\repository\org\eclipse\persistence\javax.persistence\2.1.0\javax.persistence-2.1.0.jar;C:\Users\sumancb\.m2\repository\org\eclipse\persistence\org.eclipse.persistence.asm\2.5.2\org.eclipse.persistence.asm-2.5.2.jar;C:\Users\sumancb\.m2\repository\org\eclipse\persistence\org.eclipse.persistence.antlr\2.5.2\org.eclipse.persistence.antlr-2.5.2.jar;C:\Users\sumancb\.m2\repository\org\eclipse\persistence\org.eclipse.persistence.jpa.jpql\2.5.2\org.eclipse.persistence.jpa.jpql-2.5.2.jar;C:\Users\sumancb\.m2\repository\org\eclipse\persistence\org.eclipse.persistence.core\2.5.2\org.eclipse.persistence.core-2.5.2.jar;"/>
    <property name="sun.cpu.endian" value="little"/>
    <property name="user.home" value="C:\Users\sumancb"/>
    <property name="user.language" value="en"/>
    <property name="java.specification.vendor" value="Oracle Corporation"/>
    <property name="java.home" value="C:\Program Files\Java\jdk1.8.0_111\jre"/>
    <property name="basedir" value="C:\Users\sumancb\git\Enrollment\Enrollment"/>
    <property name="file.separator" value="\"/>
    <property name="line.separator" value="&#10;"/>
    <property name="java.vm.specification.vendor" value="Oracle Corporation"/>
    <property name="java.specification.name" value="Java Platform API Specification"/>
    <property name="java.awt.graphicsenv" value="sun.awt.Win32GraphicsEnvironment"/>
    <property name="surefire.real.class.path" value="C:\Users\sumancb\AppData\Local\Temp\2\surefire589205641514542601\surefirebooter1291912240134616132.jar"/>
    <property name="sun.boot.class.path" value="C:\Program Files\Java\jdk1.8.0_111\jre\lib\resources.jar;C:\Program Files\Java\jdk1.8.0_111\jre\lib\rt.jar;C:\Program Files\Java\jdk1.8.0_111\jre\lib\sunrsasign.jar;C:\Program Files\Java\jdk1.8.0_111\jre\lib\jsse.jar;C:\Program Files\Java\jdk1.8.0_111\jre\lib\jce.jar;C:\Program Files\Java\jdk1.8.0_111\jre\lib\charsets.jar;C:\Program Files\Java\jdk1.8.0_111\jre\lib\jfr.jar;C:\Program Files\Java\jdk1.8.0_111\jre\classes"/>
    <property name="user.script" value=""/>
    <property name="sun.management.compiler" value="HotSpot 64-Bit Tiered Compilers"/>
    <property name="java.runtime.version" value="1.8.0_111-b14"/>
    <property name="user.name" value="sumancb"/>
    <property name="path.separator" value=";"/>
    <property name="os.version" value="6.3"/>
    <property name="java.endorsed.dirs" value="C:\Program Files\Java\jdk1.8.0_111\jre\lib\endorsed"/>
    <property name="java.runtime.name" value="Java(TM) SE Runtime Environment"/>
    <property name="file.encoding" value="Cp1252"/>
    <property name="java.vm.name" value="Java HotSpot(TM) 64-Bit Server VM"/>
    <property name="localRepository" value="C:\Users\sumancb\.m2\repository"/>
    <property name="java.vendor.url.bug" value="http://bugreport.sun.com/bugreport/"/>
    <property name="java.io.tmpdir" value="C:\Users\sumancb\AppData\Local\Temp\2\"/>
    <property name="java.version" value="1.8.0_111"/>
    <property name="user.dir" value="C:\Users\sumancb\git\Enrollment\Enrollment"/>
    <property name="os.arch" value="amd64"/>
    <property name="java.vm.specification.name" value="Java Virtual Machine Specification"/>
    <property name="java.awt.printerjob" value="sun.awt.windows.WPrinterJob"/>
    <property name="sun.os.patch.level" value=""/>
    <property name="java.library.path" value="C:\Program Files\Java\jdk1.8.0_111\jre\bin;C:\Windows\Sun\Java\bin;C:\Windows\system32;C:\Windows;C:\Users\sumancb\.jenkins\tools\hudson.tasks.Maven_MavenInstallation\Maven_Hoem/bin;C:\Program Files\Java\jdk1.8.0_111/bin;C:\Program Files\Java\jdk1.8.0_111/bin;C:\Program Files (x86)\Common Files\Oracle\Java\javapath;C:\ProgramData\Oracle\Java\javapath;C:\Users\sumancb\Downloads\Gecko;C:\Windows\system32;C:\Windows;C:\Windows\System32\Wbem;C:\Windows\System32\WindowsPowerShell\v1.0\;C:\Program Files\nodejs\;C:\Program Files\Microsoft SQL Server\Client SDK\ODBC\110\Tools\Binn\;C:\Program Files (x86)\Microsoft SQL Server\120\Tools\Binn\ManagementStudio\;C:\Program Files (x86)\Microsoft SQL Server\120\Tools\Binn\;C:\Program Files\Microsoft SQL Server\120\Tools\Binn\;C:\Program Files (x86)\Microsoft SQL Server\120\DTS\Binn\;C:\Program Files\Microsoft SQL Server\120\DTS\Binn\;C:\xampp\php\;C:\Windows\SysinternalsSuite;C:\Program Files\apache-maven-3.6.2\apache-maven-3.6.2\bin;C:\Program Files\Java\jdk1.8.0_111\bin;C:\Program Files\Git\bin;C:\Program Files\Git\cmd;C:\Users\sumancb\AppData\Roaming;C:\Program Files\Java\jdk1.8.0_111\bin;C:\Users\sumancb\AppData\Roaming\npm;."/>
    <property name="java.vm.info" value="mixed mode"/>
    <property name="java.vendor" value="Oracle Corporation"/>
    <property name="java.vm.version" value="25.111-b14"/>
    <property name="java.ext.dirs" value="C:\Program Files\Java\jdk1.8.0_111\jre\lib\ext;C:\Windows\Sun\Java\lib\ext"/>
    <property name="sun.io.unicode.encoding" value="UnicodeLittle"/>
    <property name="java.class.version" value="52.0"/>
  </properties>
  <testcase name="Enroll" classname="Tests.FranchisePartner" time="287.989">
    <failure message="Critical A-Z section not displaying" type="java.lang.AssertionError">java.lang.AssertionError: Critical A-Z section not displaying
	at Tests.FranchisePartner.Enroll(FranchisePartner.java:249)
</failure>
    <system-out><![CDATA[Request URL: https://hydraqa.unicity.net/v5a-test/quotes?&expand=item
Entry Quotes response : {"items":[{"lines":{"items":[{"item":{"href":"https:\/\/hydraqa.unicity.net\/v5a-test\/items\/ab2a2b07b17718843a66bee04ff40624","id":{"unicity":"31402"},"weightEach":{"value":0},"servingsPerContainer":0,"servingSize":0},"quantity":1,"terms":{"priceEach":100,"taxEach":{"amount":9.09},"discountEach":{"amount":0},"pvEach":70}}]},"currency":"EUR"}]}
Entry request : {"order":{"customer":{"href":"https://hydraqa.unicity.net/v5a-test/customers?type=Associate"},"shipToAddress":{"country":"AT"}},"vary":{"lines":{"items":[{"item":{"href":"https://hydraqa.unicity.net/v5a-test/items?id.unicity=27700|31336|31951|31952|32128|32129|32130|32132|32133|32134|32135|32136|32137|32138|32125|18511|19941|24001|26422|27156|27158|27160|27166|27617|27660|27587|28601|28604|27395|15880|26560|29017|29838|17174|31772|32192|22605|32126|32127|29832|29833|29317|24274|24418|27150|27163|27575|30825|26567|26568|24758|29821|32012|30139|29181|29183|30280|29187|29191|30684|30198|31402|31672|31534|29449|29984|32191|31870|32087|31868|32609|31777|31932|31781|31779|31778|31780|31782"}}]}}}
]]></system-out>
    <system-err><![CDATA[SLF4J: Failed to load class "org.slf4j.impl.StaticLoggerBinder".
SLF4J: Defaulting to no-operation (NOP) logger implementation
SLF4J: See http://www.slf4j.org/codes.html#StaticLoggerBinder for further details.
Starting ChromeDriver 2.36.540470 (e522d04694c7ebea4ba8821272dbef4f9b818c91) on port 10899
Only local connections are allowed.
Mar 17, 2020 9:40:12 AM org.openqa.selenium.remote.ProtocolHandshake createSession
INFO: Detected dialect: OSS
]]></system-err>
  </testcase>
  <testcase name="Enroll" classname="Tests.FranchisePartner" time="291.275">
    <failure message="Critical A-Z section not displaying" type="java.lang.AssertionError">java.lang.AssertionError: Critical A-Z section not displaying
	at Tests.FranchisePartner.Enroll(FranchisePartner.java:249)
</failure>
    <system-out><![CDATA[Request URL: https://hydraqa.unicity.net/v5a-test/quotes?&expand=item
Entry Quotes response : {"items":[{"lines":{"items":[{"item":{"href":"https:\/\/hydraqa.unicity.net\/v5a-test\/items\/ab2a2b07b17718843a66bee04ff40624","id":{"unicity":"31402"},"weightEach":{"value":0},"servingsPerContainer":0,"servingSize":0},"quantity":1,"terms":{"priceEach":100,"taxEach":{"amount":9.09},"discountEach":{"amount":0},"pvEach":70}}]},"currency":"EUR"}]}
Entry request : {"order":{"customer":{"href":"https://hydraqa.unicity.net/v5a-test/customers?type=Associate"},"shipToAddress":{"country":"AT"}},"vary":{"lines":{"items":[{"item":{"href":"https://hydraqa.unicity.net/v5a-test/items?id.unicity=27700|31336|31951|31952|32128|32129|32130|32132|32133|32134|32135|32136|32137|32138|32125|18511|19941|24001|26422|27156|27158|27160|27166|27617|27660|27587|28601|28604|27395|15880|26560|29017|29838|17174|31772|32192|22605|32126|32127|29832|29833|29317|24274|24418|27150|27163|27575|30825|26567|26568|24758|29821|32012|30139|29181|29183|30280|29187|29191|30684|30198|31402|31672|31534|29449|29984|32191|31870|32087|31868|32609|31777|31932|31781|31779|31778|31780|31782"}}]}}}
]]></system-out>
    <system-err><![CDATA[Starting ChromeDriver 2.36.540470 (e522d04694c7ebea4ba8821272dbef4f9b818c91) on port 4805
Only local connections are allowed.
Mar 17, 2020 9:45:07 AM org.openqa.selenium.remote.ProtocolHandshake createSession
INFO: Detected dialect: OSS
]]></system-err>
  </testcase>
  <testcase name="Enroll" classname="Tests.FranchisePartner" time="299.855"/>
  <testcase name="Enroll" classname="Tests.FranchisePartner" time="296.805">
    <failure message="Major Total Price is Wrong expected [179.17] but found [168.04]" type="java.lang.AssertionError">java.lang.AssertionError: Major Total Price is Wrong expected [179.17] but found [168.04]
	at Tests.FranchisePartner.Enroll(FranchisePartner.java:253)
</failure>
    <system-out><![CDATA[Request URL: https://hydraqa.unicity.net/v5a-test/quotes?&expand=item
Entry Quotes response : {"items":[{"lines":{"items":[{"item":{"href":"https:\/\/hydraqa.unicity.net\/v5a-test\/items\/4e49c95f12ae7be78e5ffab68b8b3ca6","id":{"unicity":"26422"},"weightEach":{"value":0},"servingsPerContainer":0,"servingSize":0},"quantity":1,"terms":{"priceEach":19,"taxEach":{"amount":1.07},"discountEach":{"amount":0},"pvEach":16}}]},"currency":"EUR"},{"lines":{"items":[{"item":{"href":"https:\/\/hydraqa.unicity.net\/v5a-test\/items\/d92292ba2f23c030e4a1f63eb3ebe1ce","id":{"unicity":"27158"},"weightEach":{"value":0},"servingsPerContainer":0,"servingSize":0},"quantity":1,"terms":{"priceEach":27.94,"taxEach":{"amount":1.58},"discountEach":{"amount":0},"pvEach":23}}]},"currency":"EUR"},{"lines":{"items":[{"item":{"href":"https:\/\/hydraqa.unicity.net\/v5a-test\/items\/0d3b8d4f7c4d4082db1b4ecffb6693fb","id":{"unicity":"27160"},"weightEach":{"value":0},"servingsPerContainer":0,"servingSize":0},"quantity":1,"terms":{"priceEach":74.67,"taxEach":{"amount":4.22},"discountEach":{"amount":0},"pvEach":53}}]},"currency":"EUR"},{"lines":{"items":[{"item":{"href":"https:\/\/hydraqa.unicity.net\/v5a-test\/items\/ac37bf51ff7e4fe860da8457f6ce0425","id":{"unicity":"27166"},"weightEach":{"value":0},"servingsPerContainer":0,"servingSize":0},"quantity":1,"terms":{"priceEach":74.67,"taxEach":{"amount":4.22},"discountEach":{"amount":0},"pvEach":54}}]},"currency":"EUR"},{"lines":{"items":[{"item":{"href":"https:\/\/hydraqa.unicity.net\/v5a-test\/items\/6447f84f6ef7782049a369b983428bb7","id":{"unicity":"31336"},"weightEach":{"value":0},"servingsPerContainer":0,"servingSize":0},"quantity":1,"terms":{"priceEach":224.21,"taxEach":{"amount":13.45},"discountEach":{"amount":0},"pvEach":165}}]},"currency":"EUR"},{"lines":{"items":[{"item":{"href":"https:\/\/hydraqa.unicity.net\/v5a-test\/items\/e9991b48ac639367d526d2b9b22fac8c","id":{"unicity":"32128"},"weightEach":{"value":0},"servingsPerContainer":0,"servingSize":0},"quantity":1,"terms":{"priceEach":371.87,"taxEach":{"amount":22.31},"discountEach":{"amount":0},"pvEach":253}}]},"currency":"EUR"},{"lines":{"items":[{"item":{"href":"https:\/\/hydraqa.unicity.net\/v5a-test\/items\/40b3312de189221d96d838d33a8ec49d","id":{"unicity":"32129"},"weightEach":{"value":0},"servingsPerContainer":0,"servingSize":0},"quantity":1,"terms":{"priceEach":371.87,"taxEach":{"amount":22.31},"discountEach":{"amount":0},"pvEach":254}}]},"currency":"EUR"},{"lines":{"items":[{"item":{"href":"https:\/\/hydraqa.unicity.net\/v5a-test\/items\/6bd168a66ce41003a8f30917deff5808","id":{"unicity":"32130"},"weightEach":{"value":0},"servingsPerContainer":0,"servingSize":0},"quantity":1,"terms":{"priceEach":363.46,"taxEach":{"amount":21.81},"discountEach":{"amount":0},"pvEach":252}}]},"currency":"EUR"},{"lines":{"items":[{"item":{"href":"https:\/\/hydraqa.unicity.net\/v5a-test\/items\/806f99b793edd7cd0b1c158ba0eb3142","id":{"unicity":"32132"},"weightEach":{"value":0},"servingsPerContainer":0,"servingSize":0},"quantity":1,"terms":{"priceEach":355.98,"taxEach":{"amount":21.36},"discountEach":{"amount":0},"pvEach":253}}]},"currency":"EUR"},{"lines":{"items":[{"item":{"href":"https:\/\/hydraqa.unicity.net\/v5a-test\/items\/e3d382d99fde8659cb146b54116e7654","id":{"unicity":"32133"},"weightEach":{"value":0},"servingsPerContainer":0,"servingSize":0},"quantity":1,"terms":{"priceEach":364.39,"taxEach":{"amount":21.86},"discountEach":{"amount":0},"pvEach":252}}]},"currency":"EUR"},{"lines":{"items":[{"item":{"href":"https:\/\/hydraqa.unicity.net\/v5a-test\/items\/022f109fe6e5eae3e521295a5cb94c60","id":{"unicity":"32134"},"weightEach":{"value":0},"servingsPerContainer":0,"servingSize":0},"quantity":1,"terms":{"priceEach":144.77,"taxEach":{"amount":8.69},"discountEach":{"amount":0},"pvEach":101}}]},"currency":"EUR"},{"lines":{"items":[{"item":{"href":"https:\/\/hydraqa.unicity.net\/v5a-test\/items\/ded00960d5e948dd8e511a9c752e1ff9","id":{"unicity":"32135"},"weightEach":{"value":0},"servingsPerContainer":0,"servingSize":0},"quantity":1,"terms":{"priceEach":154.11,"taxEach":{"amount":9.25},"discountEach":{"amount":0},"pvEach":113}}]},"currency":"EUR"},{"lines":{"items":[{"item":{"href":"https:\/\/hydraqa.unicity.net\/v5a-test\/items\/d8736cc35cf9f4734fd76da71c53dc05","id":{"unicity":"32136"},"weightEach":{"value":0},"servingsPerContainer":0,"servingSize":0},"quantity":1,"terms":{"priceEach":141.96,"taxEach":{"amount":8.52},"discountEach":{"amount":0},"pvEach":102}}]},"currency":"EUR"},{"lines":{"items":[{"item":{"href":"https:\/\/hydraqa.unicity.net\/v5a-test\/items\/166a69d45c4ae40278554e24d5f40443","id":{"unicity":"32137"},"weightEach":{"value":0},"servingsPerContainer":0,"servingSize":0},"quantity":1,"terms":{"priceEach":168.13,"taxEach":{"amount":10.09},"discountEach":{"amount":0},"pvEach":118}}]},"currency":"EUR"},{"lines":{"items":[{"item":{"href":"https:\/\/hydraqa.unicity.net\/v5a-test\/items\/d04a0b8762b20202b6273114fb7302d1","id":{"unicity":"32138"},"weightEach":{"value":0},"servingsPerContainer":0,"servingSize":0},"quantity":1,"terms":{"priceEach":224.21,"taxEach":{"amount":13.45},"discountEach":{"amount":0},"pvEach":152}}]},"currency":"EUR"},{"lines":{"items":[{"item":{"href":"https:\/\/hydraqa.unicity.net\/v5a-test\/items\/e13d0b5c40704ad5dd186959367c97f1","id":{"unicity":"32125"},"weightEach":{"value":0},"servingsPerContainer":0,"servingSize":0},"quantity":1,"terms":{"priceEach":373.74,"taxEach":{"amount":22.42},"discountEach":{"amount":0},"pvEach":250}}]},"currency":"EUR"},{"lines":{"items":[{"item":{"href":"https:\/\/hydraqa.unicity.net\/v5a-test\/items\/7e80331c8c25f515174d3f894283a27c","id":{"unicity":"31781"},"weightEach":{"value":0},"servingsPerContainer":0,"servingSize":0},"quantity":1,"terms":{"priceEach":8.32,"taxEach":{"amount":1.44},"discountEach":{"amount":0},"pvEach":4}}]},"currency":"EUR"},{"lines":{"items":[{"item":{"href":"https:\/\/hydraqa.unicity.net\/v5a-test\/items\/c451532f63a06f0e9a054e946a1a1c3b","id":{"unicity":"18511"},"weightEach":{"value":0},"servingsPerContainer":0,"servingSize":0},"quantity":1,"terms":{"priceEach":37.29,"taxEach":{"amount":2.11},"discountEach":{"amount":0},"pvEach":23}}]},"currency":"EUR"},{"lines":{"items":[{"item":{"href":"https:\/\/hydraqa.unicity.net\/v5a-test\/items\/9752a919e28f96747163918165b46f23","id":{"unicity":"19941"},"weightEach":{"value":558},"servingsPerContainer":15,"servingSize":0},"quantity":1,"terms":{"priceEach":32.62,"taxEach":{"amount":1.84},"discountEach":{"amount":0},"pvEach":20}}]},"currency":"EUR"},{"lines":{"items":[{"item":{"href":"https:\/\/hydraqa.unicity.net\/v5a-test\/items\/50e73ecfa509ac20c4a250f9cb32fdfc","id":{"unicity":"27156"},"weightEach":{"value":0},"servingsPerContainer":0,"servingSize":0},"quantity":1,"terms":{"priceEach":20.47,"taxEach":{"amount":1.15},"discountEach":{"amount":0},"pvEach":13}}]},"currency":"EUR"},{"lines":{"items":[{"item":{"href":"https:\/\/hydraqa.unicity.net\/v5a-test\/items\/a7bda1cb4a35343e52791aba56debc4a","id":{"unicity":"27617"},"weightEach":{"value":0},"servingsPerContainer":0,"servingSize":0},"quantity":1,"terms":{"priceEach":29.81,"taxEach":{"amount":1.68},"discountEach":{"amount":0},"pvEach":18}}]},"currency":"EUR"},{"lines":{"items":[{"item":{"href":"https:\/\/hydraqa.unicity.net\/v5a-test\/items\/a36d9fdd0fd7561e6180fb5b2ff27164","id":{"unicity":"27660"},"weightEach":{"value":0},"servingsPerContainer":0,"servingSize":0},"quantity":1,"terms":{"priceEach":31.68,"taxEach":{"amount":1.79},"discountEach":{"amount":0},"pvEach":18}}]},"currency":"EUR"},{"lines":{"items":[{"item":{"href":"https:\/\/hydraqa.unicity.net\/v5a-test\/items\/112b8c39286598b3730f630f371a45f4","id":{"unicity":"27587"},"weightEach":{"value":0},"servingsPerContainer":0,"servingSize":0},"quantity":1,"terms":{"priceEach":55.98,"taxEach":{"amount":3.16},"discountEach":{"amount":0},"pvEach":34}}]},"currency":"EUR"},{"lines":{"items":[{"item":{"href":"https:\/\/hydraqa.unicity.net\/v5a-test\/items\/0c0717a26fcfe40310e906487e8a12f7","id":{"unicity":"28601"},"weightEach":{"value":0},"servingsPerContainer":0,"servingSize":0},"quantity":1,"terms":{"priceEach":74.67,"taxEach":{"amount":4.22},"discountEach":{"amount":0},"pvEach":54}}]},"currency":"EUR"},{"lines":{"items":[{"item":{"href":"https:\/\/hydraqa.unicity.net\/v5a-test\/items\/024e696f8b44a1d315006e676604cd31","id":{"unicity":"27395"},"weightEach":{"value":0},"servingsPerContainer":0,"servingSize":0},"quantity":1,"terms":{"priceEach":29.81,"taxEach":{"amount":1.68},"discountEach":{"amount":0},"pvEach":18}}]},"currency":"EUR"},{"lines":{"items":[{"item":{"href":"https:\/\/hydraqa.unicity.net\/v5a-test\/items\/398d06b858b960f6f38086d40608aef2","id":{"unicity":"26560"},"weightEach":{"value":0},"servingsPerContainer":0,"servingSize":0},"quantity":1,"terms":{"priceEach":20.47,"taxEach":{"amount":1.15},"discountEach":{"amount":0},"pvEach":13}}]},"currency":"EUR"},{"lines":{"items":[{"item":{"href":"https:\/\/hydraqa.unicity.net\/v5a-test\/items\/e218d1cac5f31e7ae4f5876c29c57377","id":{"unicity":"29017"},"weightEach":{"value":0},"servingsPerContainer":0,"servingSize":0},"quantity":1,"terms":{"priceEach":37.29,"taxEach":{"amount":2.11},"discountEach":{"amount":0},"pvEach":23}}]},"currency":"EUR"},{"lines":{"items":[{"item":{"href":"https:\/\/hydraqa.unicity.net\/v5a-test\/items\/3f2d12d7a0e8551fc99fad3bbe1ba633","id":{"unicity":"26567"},"weightEach":{"value":0},"servingsPerContainer":0,"servingSize":0},"quantity":1,"terms":{"priceEach":55.98,"taxEach":{"amount":3.16},"discountEach":{"amount":0},"pvEach":26}}]},"currency":"EUR"},{"lines":{"items":[{"item":{"href":"https:\/\/hydraqa.unicity.net\/v5a-test\/items\/191637167cb3144bd2e8c4615e9ab67e","id":{"unicity":"26568"},"weightEach":{"value":0},"servingsPerContainer":0,"servingSize":0},"quantity":1,"terms":{"priceEach":55.98,"taxEach":{"amount":3.16},"discountEach":{"amount":0},"pvEach":26}}]},"currency":"EUR"},{"lines":{"items":[{"item":{"href":"https:\/\/hydraqa.unicity.net\/v5a-test\/items\/64ec7ad932acafab052a4e8800ad1238","id":{"unicity":"24758"},"weightEach":{"value":0},"servingsPerContainer":0,"servingSize":0},"quantity":1,"terms":{"priceEach":37.29,"taxEach":{"amount":2.11},"discountEach":{"amount":0},"pvEach":23}}]},"currency":"EUR"},{"lines":{"items":[{"item":{"href":"https:\/\/hydraqa.unicity.net\/v5a-test\/items\/2c4c1abe00983e85aaa918d2ce341491","id":{"unicity":"17174"},"weightEach":{"value":0},"servingsPerContainer":0,"servingSize":0},"quantity":1,"terms":{"priceEach":37.29,"taxEach":{"amount":2.11},"discountEach":{"amount":0},"pvEach":23}}]},"currency":"EUR"},{"lines":{"items":[{"item":{"href":"https:\/\/hydraqa.unicity.net\/v5a-test\/items\/ab2a2b07b17718843a66bee04ff40624","id":{"unicity":"31402"},"weightEach":{"value":0},"servingsPerContainer":0,"servingSize":0},"quantity":1,"terms":{"priceEach":98.9,"taxEach":{"amount":5.59},"discountEach":{"amount":0},"pvEach":70}}]},"currency":"EUR"},{"lines":{"items":[{"item":{"href":"https:\/\/hydraqa.unicity.net\/v5a-test\/items\/db0a2b02eaabc5ad45fe91ba5c7bcf5a","id":{"unicity":"31772"},"weightEach":{"value":0},"servingsPerContainer":0,"servingSize":0},"quantity":1,"terms":{"priceEach":8.32,"taxEach":{"amount":1.44},"discountEach":{"amount":0},"pvEach":0}}]},"currency":"EUR"},{"lines":{"items":[{"item":{"href":"https:\/\/hydraqa.unicity.net\/v5a-test\/items\/2262fdd5af916c31df08089c191735c1","id":{"unicity":"29317"},"weightEach":{"value":0},"servingsPerContainer":0,"servingSize":0},"quantity":1,"terms":{"priceEach":25.21,"taxEach":{"amount":4.37},"discountEach":{"amount":0},"pvEach":0}}]},"currency":"EUR"},{"lines":{"items":[{"item":{"href":"https:\/\/hydraqa.unicity.net\/v5a-test\/items\/34c53e6d4cce0f8a72327d86c3ef04cb","id":{"unicity":"30103"},"weightEach":{"value":0},"servingsPerContainer":0,"servingSize":0},"quantity":1,"terms":{"priceEach":25.86,"taxEach":{"amount":5.43},"discountEach":{"amount":0},"pvEach":0}}]},"currency":"EUR"},{"lines":{"items":[{"item":{"href":"https:\/\/hydraqa.unicity.net\/v5a-test\/items\/217ca02fbd24e21ca5281412756238ab","id":{"unicity":"32126"},"weightEach":{"value":0},"servingsPerContainer":0,"servingSize":0},"quantity":1,"terms":{"priceEach":152.24,"taxEach":{"amount":10.38},"discountEach":{"amount":0},"pvEach":101}}]},"currency":"EUR"},{"lines":{"items":[{"item":{"href":"https:\/\/hydraqa.unicity.net\/v5a-test\/items\/808008a0657d2033ad471c39bbce9891","id":{"unicity":"32127"},"weightEach":{"value":0},"servingsPerContainer":0,"servingSize":0},"quantity":1,"terms":{"priceEach":162.34,"taxEach":{"amount":10.99},"discountEach":{"amount":0},"pvEach":113}}]},"currency":"EUR"},{"lines":{"items":[{"item":{"href":"https:\/\/hydraqa.unicity.net\/v5a-test\/items\/b8b378af3db7294d17181dbec563c0fa","id":{"unicity":"32197"},"weightEach":{"value":0},"servingsPerContainer":0,"servingSize":0},"quantity":1,"terms":{"priceEach":347.57,"taxEach":{"amount":20.85},"discountEach":{"amount":0},"pvEach":250}}]},"currency":"EUR"},{"lines":{"items":[{"item":{"href":"https:\/\/hydraqa.unicity.net\/v5a-test\/items\/27877610c0dfffbb380736f326d57748","id":{"unicity":"32196"},"weightEach":{"value":0},"servingsPerContainer":0,"servingSize":0},"quantity":1,"terms":{"priceEach":154.11,"taxEach":{"amount":9.25},"discountEach":{"amount":0},"pvEach":116}}]},"currency":"EUR"},{"lines":{"items":[{"item":{"href":"https:\/\/hydraqa.unicity.net\/v5a-test\/items\/2f1d0aa90494ae2e08035922c701f968","id":{"unicity":"29832"},"weightEach":{"value":0},"servingsPerContainer":0,"servingSize":0},"quantity":1,"terms":{"priceEach":47.57,"taxEach":{"amount":2.85},"discountEach":{"amount":0},"pvEach":39}}]},"currency":"EUR"},{"lines":{"items":[{"item":{"href":"https:\/\/hydraqa.unicity.net\/v5a-test\/items\/10df0fc3509b53cbeaeb9476ca92d520","id":{"unicity":"29833"},"weightEach":{"value":0},"servingsPerContainer":0,"servingSize":0},"quantity":1,"terms":{"priceEach":90.56,"taxEach":{"amount":5.43},"discountEach":{"amount":0},"pvEach":69}}]},"currency":"EUR"},{"lines":{"items":[{"item":{"href":"https:\/\/hydraqa.unicity.net\/v5a-test\/items\/332daeac6796ed016ea8b7d0bc42c2d4","id":{"unicity":"24274"},"weightEach":{"value":0},"servingsPerContainer":0,"servingSize":0},"quantity":1,"terms":{"priceEach":7.48,"taxEach":{"amount":1.29},"discountEach":{"amount":0},"pvEach":0}}]},"currency":"EUR"},{"lines":{"items":[{"item":{"href":"https:\/\/hydraqa.unicity.net\/v5a-test\/items\/1945faa1776541d53120ecfe3c1d8a2b","id":{"unicity":"24418"},"weightEach":{"value":0},"servingsPerContainer":0,"servingSize":0},"quantity":1,"terms":{"priceEach":4.96,"taxEach":{"amount":0.86},"discountEach":{"amount":0},"pvEach":0}}]},"currency":"EUR"},{"lines":{"items":[{"item":{"href":"https:\/\/hydraqa.unicity.net\/v5a-test\/items\/10da226fab00279b4f89df10af2a10b7","id":{"unicity":"26442"},"weightEach":{"value":0},"servingsPerContainer":0,"servingSize":0},"quantity":1,"terms":{"priceEach":5.8,"taxEach":{"amount":1},"discountEach":{"amount":0},"pvEach":0}}]},"currency":"EUR"},{"lines":{"items":[{"item":{"href":"https:\/\/hydraqa.unicity.net\/v5a-test\/items\/5147f8cfe32548e02fc158d4da9c4d6f","id":{"unicity":"27150"},"weightEach":{"value":0},"servingsPerContainer":0,"servingSize":0},"quantity":1,"terms":{"priceEach":93.36,"taxEach":{"amount":5.28},"discountEach":{"amount":0},"pvEach":70}}]},"currency":"EUR"},{"lines":{"items":[{"item":{"href":"https:\/\/hydraqa.unicity.net\/v5a-test\/items\/03eba2365025ccd85818846a83a16f47","id":{"unicity":"27163"},"weightEach":{"value":0},"servingsPerContainer":0,"servingSize":0},"quantity":1,"terms":{"priceEach":74.67,"taxEach":{"amount":4.22},"discountEach":{"amount":0},"pvEach":54}}]},"currency":"EUR"},{"lines":{"items":[{"item":{"href":"https:\/\/hydraqa.unicity.net\/v5a-test\/items\/7d4ad2792f7056e5f81eb24f118ef737","id":{"unicity":"27575"},"weightEach":{"value":0},"servingsPerContainer":0,"servingSize":0},"quantity":1,"terms":{"priceEach":55.98,"taxEach":{"amount":3.16},"discountEach":{"amount":0},"pvEach":34}}]},"currency":"EUR"},{"lines":{"items":[{"item":{"href":"https:\/\/hydraqa.unicity.net\/v5a-test\/items\/4790a55c442b5dc75a13b155e78c1842","id":{"unicity":"28604"},"weightEach":{"value":0},"servingsPerContainer":0,"servingSize":0},"quantity":1,"terms":{"priceEach":74.67,"taxEach":{"amount":4.22},"discountEach":{"amount":0},"pvEach":54}}]},"currency":"EUR"},{"lines":{"items":[{"item":{"href":"https:\/\/hydraqa.unicity.net\/v5a-test\/items\/0eebdede5bdb8bf4d71e800b6f3cead1","id":{"unicity":"30825"},"weightEach":{"value":0},"servingsPerContainer":0,"servingSize":0},"quantity":1,"terms":{"priceEach":37.29,"taxEach":{"amount":2.11},"discountEach":{"amount":0},"pvEach":23}}]},"currency":"EUR"},{"lines":{"items":[{"item":{"href":"https:\/\/hydraqa.unicity.net\/v5a-test\/items\/606f7be753c74dfbfe4b107276775140","id":{"unicity":"29821"},"weightEach":{"value":0},"servingsPerContainer":0,"servingSize":0},"quantity":1,"terms":{"priceEach":79.35,"taxEach":{"amount":4.49},"discountEach":{"amount":0},"pvEach":59}}]},"currency":"EUR"},{"lines":{"items":[{"item":{"href":"https:\/\/hydraqa.unicity.net\/v5a-test\/items\/94939f9be900906d2b47260ccba22a7b","id":{"unicity":"32012"},"weightEach":{"value":0},"servingsPerContainer":0,"servingSize":0},"quantity":1,"terms":{"priceEach":13.93,"taxEach":{"amount":0.78},"discountEach":{"amount":0},"pvEach":6}}]},"currency":"EUR"},{"lines":{"items":[{"item":{"href":"https:\/\/hydraqa.unicity.net\/v5a-test\/items\/991cdbb84a495779eb209fb3956a77e4","id":{"unicity":"29183"},"weightEach":{"value":0},"servingsPerContainer":0,"servingSize":0},"quantity":1,"terms":{"priceEach":31.01,"taxEach":{"amount":5.38},"discountEach":{"amount":0},"pvEach":18}}]},"currency":"EUR"},{"lines":{"items":[{"item":{"href":"https:\/\/hydraqa.unicity.net\/v5a-test\/items\/0e78fbdfebef11cd62f8d2120064ee58","id":{"unicity":"30280"},"weightEach":{"value":0},"servingsPerContainer":0,"servingSize":0},"quantity":1,"terms":{"priceEach":33.53,"taxEach":{"amount":5.81},"discountEach":{"amount":0},"pvEach":20}}]},"currency":"EUR"},{"lines":{"items":[{"item":{"href":"https:\/\/hydraqa.unicity.net\/v5a-test\/items\/beb900429fbb160dbfc3001c14d96df4","id":{"unicity":"29187"},"weightEach":{"value":0},"servingsPerContainer":0,"servingSize":0},"quantity":1,"terms":{"priceEach":37.73,"taxEach":{"amount":6.54},"discountEach":{"amount":0},"pvEach":24}}]},"currency":"EUR"},{"lines":{"items":[{"item":{"href":"https:\/\/hydraqa.unicity.net\/v5a-test\/items\/1b0412bea8c0b841c66f65a36aa14108","id":{"unicity":"29191"},"weightEach":{"value":0},"servingsPerContainer":0,"servingSize":0},"quantity":1,"terms":{"priceEach":37.73,"taxEach":{"amount":6.54},"discountEach":{"amount":0},"pvEach":24}}]},"currency":"EUR"},{"lines":{"items":[{"item":{"href":"https:\/\/hydraqa.unicity.net\/v5a-test\/items\/52c87f74d3b41ed49b0f897b66c2a99b","id":{"unicity":"30684"},"weightEach":{"value":0},"servingsPerContainer":0,"servingSize":0},"quantity":1,"terms":{"priceEach":37.29,"taxEach":{"amount":2.11},"discountEach":{"amount":0},"pvEach":23}}]},"currency":"EUR"},{"lines":{"items":[{"item":{"href":"https:\/\/hydraqa.unicity.net\/v5a-test\/items\/90f38f77c9e6ea5a71aa7377df83760b","id":{"unicity":"30198"},"weightEach":{"value":0},"servingsPerContainer":0,"servingSize":0},"quantity":1,"terms":{"priceEach":19,"taxEach":{"amount":1.14},"discountEach":{"amount":0},"pvEach":16}}]},"currency":"EUR"},{"lines":{"items":[{"item":{"href":"https:\/\/hydraqa.unicity.net\/v5a-test\/items\/7e5e7df32701fd44947c8146f2129f7a","id":{"unicity":"31672"},"weightEach":{"value":0},"servingsPerContainer":0,"servingSize":0},"quantity":1,"terms":{"priceEach":74.67,"taxEach":{"amount":4.22},"discountEach":{"amount":0},"pvEach":54}}]},"currency":"EUR"},{"lines":{"items":[{"item":{"href":"https:\/\/hydraqa.unicity.net\/v5a-test\/items\/493c2ba720f847422eccc5da35024f33","id":{"unicity":"31534"},"weightEach":{"value":0},"servingsPerContainer":0,"servingSize":0},"quantity":1,"terms":{"priceEach":26.07,"taxEach":{"amount":1.47},"discountEach":{"amount":0},"pvEach":16}}]},"currency":"EUR"},{"lines":{"items":[{"item":{"href":"https:\/\/hydraqa.unicity.net\/v5a-test\/items\/bfddb53fe0d5ed5432c531dc9850cbe4","id":{"unicity":"29449"},"weightEach":{"value":0},"servingsPerContainer":0,"servingSize":0},"quantity":1,"terms":{"priceEach":26.07,"taxEach":{"amount":1.47},"discountEach":{"amount":0},"pvEach":16}}]},"currency":"EUR"},{"lines":{"items":[{"item":{"href":"https:\/\/hydraqa.unicity.net\/v5a-test\/items\/75b870fdff12be635674216fe88d3204","id":{"unicity":"29984"},"weightEach":{"value":0},"servingsPerContainer":0,"servingSize":0},"quantity":1,"terms":{"priceEach":37.73,"taxEach":{"amount":6.54},"discountEach":{"amount":0},"pvEach":24}}]},"currency":"EUR"},{"lines":{"items":[{"item":{"href":"https:\/\/hydraqa.unicity.net\/v5a-test\/items\/4d23d73a0d3d3e5fe9c383822040a9b0","id":{"unicity":"32191"},"weightEach":{"value":0},"servingsPerContainer":0,"servingSize":0},"quantity":1,"terms":{"priceEach":1315.79,"taxEach":{"amount":78.95},"discountEach":{"amount":0},"pvEach":903}}]},"currency":"EUR"},{"lines":{"items":[{"item":{"href":"https:\/\/hydraqa.unicity.net\/v5a-test\/items\/e9fe58342fff74ec4f4430f7c622816e","id":{"unicity":"31870"},"weightEach":{"value":0},"servingsPerContainer":0,"servingSize":0},"quantity":1,"terms":{"priceEach":20.47,"taxEach":{"amount":1.15},"discountEach":{"amount":0},"pvEach":9}}]},"currency":"EUR"},{"lines":{"items":[{"item":{"href":"https:\/\/hydraqa.unicity.net\/v5a-test\/items\/fbb6dbd577adb73abaec364076fb288f","id":{"unicity":"32087"},"weightEach":{"value":0},"servingsPerContainer":0,"servingSize":0},"quantity":1,"terms":{"priceEach":20.47,"taxEach":{"amount":1.15},"discountEach":{"amount":0},"pvEach":9}}]},"currency":"EUR"},{"lines":{"items":[{"item":{"href":"https:\/\/hydraqa.unicity.net\/v5a-test\/items\/35dcc0035e442bbe6482f178ec38522c","id":{"unicity":"31868"},"weightEach":{"value":0},"servingsPerContainer":0,"servingSize":0},"quantity":1,"terms":{"priceEach":20.47,"taxEach":{"amount":1.15},"discountEach":{"amount":0},"pvEach":9}}]},"currency":"EUR"},{"lines":{"items":[{"item":{"href":"https:\/\/hydraqa.unicity.net\/v5a-test\/items\/baa263a2750aa330fbd9e5b96fdb2b55","id":{"unicity":"32609"},"weightEach":{"value":0},"servingsPerContainer":0,"servingSize":0},"quantity":1,"terms":{"priceEach":55.98,"taxEach":{"amount":0},"discountEach":{"amount":0},"pvEach":34}}]},"currency":"EUR"},{"lines":{"items":[{"item":{"href":"https:\/\/hydraqa.unicity.net\/v5a-test\/items\/34c8c6b0f454da738e64265f08c57a72","id":{"unicity":"31777"},"weightEach":{"value":0},"servingsPerContainer":0,"servingSize":0},"quantity":1,"terms":{"priceEach":6.22,"taxEach":{"amount":1.07},"discountEach":{"amount":0},"pvEach":3}}]},"currency":"EUR"},{"lines":{"items":[{"item":{"href":"https:\/\/hydraqa.unicity.net\/v5a-test\/items\/d7e1dd4b19a8672aed99e591356c0d48","id":{"unicity":"31932"},"weightEach":{"value":0},"servingsPerContainer":0,"servingSize":0},"quantity":1,"terms":{"priceEach":6.22,"taxEach":{"amount":1.07},"discountEach":{"amount":0},"pvEach":3}}]},"currency":"EUR"},{"lines":{"items":[{"item":{"href":"https:\/\/hydraqa.unicity.net\/v5a-test\/items\/04516be30bd9bf93e01536e7fc8f8716","id":{"unicity":"31779"},"weightEach":{"value":0},"servingsPerContainer":0,"servingSize":0},"quantity":1,"terms":{"priceEach":10,"taxEach":{"amount":1.73},"discountEach":{"amount":0},"pvEach":5}}]},"currency":"EUR"},{"lines":{"items":[{"item":{"href":"https:\/\/hydraqa.unicity.net\/v5a-test\/items\/1aa00306dc0006d365acd7436548f2e6","id":{"unicity":"31778"},"weightEach":{"value":0},"servingsPerContainer":0,"servingSize":0},"quantity":1,"terms":{"priceEach":12.52,"taxEach":{"amount":2.17},"discountEach":{"amount":0},"pvEach":6}}]},"currency":"EUR"},{"lines":{"items":[{"item":{"href":"https:\/\/hydraqa.unicity.net\/v5a-test\/items\/fc8583e3bf463b599fdcce05234bc137","id":{"unicity":"31780"},"weightEach":{"value":0},"servingsPerContainer":0,"servingSize":0},"quantity":1,"terms":{"priceEach":8.32,"taxEach":{"amount":1.44},"discountEach":{"amount":0},"pvEach":4}}]},"currency":"EUR"},{"lines":{"items":[{"item":{"href":"https:\/\/hydraqa.unicity.net\/v5a-test\/items\/8d3854b47de8e45d6fcdc194dffff601","id":{"unicity":"31782"},"weightEach":{"value":0},"servingsPerContainer":0,"servingSize":0},"quantity":1,"terms":{"priceEach":12.52,"taxEach":{"amount":2.17},"discountEach":{"amount":0},"pvEach":6}}]},"currency":"EUR"}]}
Entry request : {"order":{"customer":{"href":"https://hydraqa.unicity.net/v5a-test/customers?type=Associate"},"shipToAddress":{"country":"BE"}},"vary":{"lines":{"items":[{"item":{"href":"https://hydraqa.unicity.net/v5a-test/items?id.unicity=26422|27158|27160|27166|31336|31763|31951|31952|32128|32129|32130|32132|32133|32134|32135|32136|32137|32138|32125|31781|18511|19941|27156|27617|27660|27587|28601|27395|15880|26560|29017|26567|26568|24758|17174|31402|31772|29317|30103|32126|32127|32197|32196|29832|29833|30139|31628|24274|24418|26442|27150|27163|27575|28604|30825|29821|32012|29181|29183|30280|29187|29191|30684|30198|31672|31534|29449|29984|32191|31870|32087|31868|32609|31777|31932|31779|31778|31780|31782"}}]}}}
Request URL: https://hydraqa.unicity.net/v5a-test/customers.js?callback=angular.callbacks._1&expand=customer,profilePicture&id.unicity=2
Request URL: https://hydraqa.unicity.net/v5a-test/customers.js?_httpMethod=HEAD&callback=angular.callbacks._7&email=LXYEZD@gmail.com
Request URL: https://hydraqa.unicity.net/v5a-test/shippingmethods.js?callback=angular.callbacks._a&destination=BE&market=BE
]]></system-out>
    <system-err><![CDATA[Starting ChromeDriver 2.36.540470 (e522d04694c7ebea4ba8821272dbef4f9b818c91) on port 23167
Only local connections are allowed.
Mar 17, 2020 9:55:13 AM org.openqa.selenium.remote.ProtocolHandshake createSession
INFO: Detected dialect: OSS
]]></system-err>
  </testcase>
  <testcase name="Enroll" classname="Tests.FranchisePartner" time="292.128">
    <failure message="Major Total Price is Wrong expected [259.01] but found [240.82]" type="java.lang.AssertionError">java.lang.AssertionError: Major Total Price is Wrong expected [259.01] but found [240.82]
	at Tests.FranchisePartner.Enroll(FranchisePartner.java:253)
</failure>
    <system-out><![CDATA[Request URL: https://hydraqa.unicity.net/v5a-test/quotes?&expand=item
Entry Quotes response : {"items":[{"lines":{"items":[{"item":{"href":"https:\/\/hydraqa.unicity.net\/v5a-test\/items\/4e49c95f12ae7be78e5ffab68b8b3ca6","id":{"unicity":"26422"},"weightEach":{"value":0},"servingsPerContainer":0,"servingSize":0},"quantity":1,"terms":{"priceEach":19,"taxEach":{"amount":1.07},"discountEach":{"amount":0},"pvEach":16}}]},"currency":"EUR"},{"lines":{"items":[{"item":{"href":"https:\/\/hydraqa.unicity.net\/v5a-test\/items\/d92292ba2f23c030e4a1f63eb3ebe1ce","id":{"unicity":"27158"},"weightEach":{"value":0},"servingsPerContainer":0,"servingSize":0},"quantity":1,"terms":{"priceEach":27.94,"taxEach":{"amount":1.58},"discountEach":{"amount":0},"pvEach":23}}]},"currency":"EUR"},{"lines":{"items":[{"item":{"href":"https:\/\/hydraqa.unicity.net\/v5a-test\/items\/0d3b8d4f7c4d4082db1b4ecffb6693fb","id":{"unicity":"27160"},"weightEach":{"value":0},"servingsPerContainer":0,"servingSize":0},"quantity":1,"terms":{"priceEach":74.67,"taxEach":{"amount":4.22},"discountEach":{"amount":0},"pvEach":53}}]},"currency":"EUR"},{"lines":{"items":[{"item":{"href":"https:\/\/hydraqa.unicity.net\/v5a-test\/items\/ac37bf51ff7e4fe860da8457f6ce0425","id":{"unicity":"27166"},"weightEach":{"value":0},"servingsPerContainer":0,"servingSize":0},"quantity":1,"terms":{"priceEach":74.67,"taxEach":{"amount":4.22},"discountEach":{"amount":0},"pvEach":54}}]},"currency":"EUR"},{"lines":{"items":[{"item":{"href":"https:\/\/hydraqa.unicity.net\/v5a-test\/items\/6447f84f6ef7782049a369b983428bb7","id":{"unicity":"31336"},"weightEach":{"value":0},"servingsPerContainer":0,"servingSize":0},"quantity":1,"terms":{"priceEach":224.21,"taxEach":{"amount":13.45},"discountEach":{"amount":0},"pvEach":165}}]},"currency":"EUR"},{"lines":{"items":[{"item":{"href":"https:\/\/hydraqa.unicity.net\/v5a-test\/items\/e9991b48ac639367d526d2b9b22fac8c","id":{"unicity":"32128"},"weightEach":{"value":0},"servingsPerContainer":0,"servingSize":0},"quantity":1,"terms":{"priceEach":371.87,"taxEach":{"amount":22.31},"discountEach":{"amount":0},"pvEach":253}}]},"currency":"EUR"},{"lines":{"items":[{"item":{"href":"https:\/\/hydraqa.unicity.net\/v5a-test\/items\/40b3312de189221d96d838d33a8ec49d","id":{"unicity":"32129"},"weightEach":{"value":0},"servingsPerContainer":0,"servingSize":0},"quantity":1,"terms":{"priceEach":371.87,"taxEach":{"amount":22.31},"discountEach":{"amount":0},"pvEach":254}}]},"currency":"EUR"},{"lines":{"items":[{"item":{"href":"https:\/\/hydraqa.unicity.net\/v5a-test\/items\/6bd168a66ce41003a8f30917deff5808","id":{"unicity":"32130"},"weightEach":{"value":0},"servingsPerContainer":0,"servingSize":0},"quantity":1,"terms":{"priceEach":363.46,"taxEach":{"amount":21.81},"discountEach":{"amount":0},"pvEach":252}}]},"currency":"EUR"},{"lines":{"items":[{"item":{"href":"https:\/\/hydraqa.unicity.net\/v5a-test\/items\/806f99b793edd7cd0b1c158ba0eb3142","id":{"unicity":"32132"},"weightEach":{"value":0},"servingsPerContainer":0,"servingSize":0},"quantity":1,"terms":{"priceEach":355.98,"taxEach":{"amount":21.36},"discountEach":{"amount":0},"pvEach":253}}]},"currency":"EUR"},{"lines":{"items":[{"item":{"href":"https:\/\/hydraqa.unicity.net\/v5a-test\/items\/e3d382d99fde8659cb146b54116e7654","id":{"unicity":"32133"},"weightEach":{"value":0},"servingsPerContainer":0,"servingSize":0},"quantity":1,"terms":{"priceEach":364.39,"taxEach":{"amount":21.86},"discountEach":{"amount":0},"pvEach":252}}]},"currency":"EUR"},{"lines":{"items":[{"item":{"href":"https:\/\/hydraqa.unicity.net\/v5a-test\/items\/022f109fe6e5eae3e521295a5cb94c60","id":{"unicity":"32134"},"weightEach":{"value":0},"servingsPerContainer":0,"servingSize":0},"quantity":1,"terms":{"priceEach":144.77,"taxEach":{"amount":8.69},"discountEach":{"amount":0},"pvEach":101}}]},"currency":"EUR"},{"lines":{"items":[{"item":{"href":"https:\/\/hydraqa.unicity.net\/v5a-test\/items\/ded00960d5e948dd8e511a9c752e1ff9","id":{"unicity":"32135"},"weightEach":{"value":0},"servingsPerContainer":0,"servingSize":0},"quantity":1,"terms":{"priceEach":154.11,"taxEach":{"amount":9.25},"discountEach":{"amount":0},"pvEach":113}}]},"currency":"EUR"},{"lines":{"items":[{"item":{"href":"https:\/\/hydraqa.unicity.net\/v5a-test\/items\/d8736cc35cf9f4734fd76da71c53dc05","id":{"unicity":"32136"},"weightEach":{"value":0},"servingsPerContainer":0,"servingSize":0},"quantity":1,"terms":{"priceEach":141.96,"taxEach":{"amount":8.52},"discountEach":{"amount":0},"pvEach":102}}]},"currency":"EUR"},{"lines":{"items":[{"item":{"href":"https:\/\/hydraqa.unicity.net\/v5a-test\/items\/166a69d45c4ae40278554e24d5f40443","id":{"unicity":"32137"},"weightEach":{"value":0},"servingsPerContainer":0,"servingSize":0},"quantity":1,"terms":{"priceEach":168.13,"taxEach":{"amount":10.09},"discountEach":{"amount":0},"pvEach":118}}]},"currency":"EUR"},{"lines":{"items":[{"item":{"href":"https:\/\/hydraqa.unicity.net\/v5a-test\/items\/d04a0b8762b20202b6273114fb7302d1","id":{"unicity":"32138"},"weightEach":{"value":0},"servingsPerContainer":0,"servingSize":0},"quantity":1,"terms":{"priceEach":224.21,"taxEach":{"amount":13.45},"discountEach":{"amount":0},"pvEach":152}}]},"currency":"EUR"},{"lines":{"items":[{"item":{"href":"https:\/\/hydraqa.unicity.net\/v5a-test\/items\/e13d0b5c40704ad5dd186959367c97f1","id":{"unicity":"32125"},"weightEach":{"value":0},"servingsPerContainer":0,"servingSize":0},"quantity":1,"terms":{"priceEach":373.74,"taxEach":{"amount":22.42},"discountEach":{"amount":0},"pvEach":250}}]},"currency":"EUR"},{"lines":{"items":[{"item":{"href":"https:\/\/hydraqa.unicity.net\/v5a-test\/items\/7e80331c8c25f515174d3f894283a27c","id":{"unicity":"31781"},"weightEach":{"value":0},"servingsPerContainer":0,"servingSize":0},"quantity":1,"terms":{"priceEach":8.32,"taxEach":{"amount":1.44},"discountEach":{"amount":0},"pvEach":4}}]},"currency":"EUR"},{"lines":{"items":[{"item":{"href":"https:\/\/hydraqa.unicity.net\/v5a-test\/items\/c451532f63a06f0e9a054e946a1a1c3b","id":{"unicity":"18511"},"weightEach":{"value":0},"servingsPerContainer":0,"servingSize":0},"quantity":1,"terms":{"priceEach":37.29,"taxEach":{"amount":2.11},"discountEach":{"amount":0},"pvEach":23}}]},"currency":"EUR"},{"lines":{"items":[{"item":{"href":"https:\/\/hydraqa.unicity.net\/v5a-test\/items\/9752a919e28f96747163918165b46f23","id":{"unicity":"19941"},"weightEach":{"value":558},"servingsPerContainer":15,"servingSize":0},"quantity":1,"terms":{"priceEach":32.62,"taxEach":{"amount":1.84},"discountEach":{"amount":0},"pvEach":20}}]},"currency":"EUR"},{"lines":{"items":[{"item":{"href":"https:\/\/hydraqa.unicity.net\/v5a-test\/items\/50e73ecfa509ac20c4a250f9cb32fdfc","id":{"unicity":"27156"},"weightEach":{"value":0},"servingsPerContainer":0,"servingSize":0},"quantity":1,"terms":{"priceEach":20.47,"taxEach":{"amount":1.15},"discountEach":{"amount":0},"pvEach":13}}]},"currency":"EUR"},{"lines":{"items":[{"item":{"href":"https:\/\/hydraqa.unicity.net\/v5a-test\/items\/a7bda1cb4a35343e52791aba56debc4a","id":{"unicity":"27617"},"weightEach":{"value":0},"servingsPerContainer":0,"servingSize":0},"quantity":1,"terms":{"priceEach":29.81,"taxEach":{"amount":1.68},"discountEach":{"amount":0},"pvEach":18}}]},"currency":"EUR"},{"lines":{"items":[{"item":{"href":"https:\/\/hydraqa.unicity.net\/v5a-test\/items\/a36d9fdd0fd7561e6180fb5b2ff27164","id":{"unicity":"27660"},"weightEach":{"value":0},"servingsPerContainer":0,"servingSize":0},"quantity":1,"terms":{"priceEach":31.68,"taxEach":{"amount":1.79},"discountEach":{"amount":0},"pvEach":18}}]},"currency":"EUR"},{"lines":{"items":[{"item":{"href":"https:\/\/hydraqa.unicity.net\/v5a-test\/items\/112b8c39286598b3730f630f371a45f4","id":{"unicity":"27587"},"weightEach":{"value":0},"servingsPerContainer":0,"servingSize":0},"quantity":1,"terms":{"priceEach":55.98,"taxEach":{"amount":3.16},"discountEach":{"amount":0},"pvEach":34}}]},"currency":"EUR"},{"lines":{"items":[{"item":{"href":"https:\/\/hydraqa.unicity.net\/v5a-test\/items\/0c0717a26fcfe40310e906487e8a12f7","id":{"unicity":"28601"},"weightEach":{"value":0},"servingsPerContainer":0,"servingSize":0},"quantity":1,"terms":{"priceEach":74.67,"taxEach":{"amount":4.22},"discountEach":{"amount":0},"pvEach":54}}]},"currency":"EUR"},{"lines":{"items":[{"item":{"href":"https:\/\/hydraqa.unicity.net\/v5a-test\/items\/024e696f8b44a1d315006e676604cd31","id":{"unicity":"27395"},"weightEach":{"value":0},"servingsPerContainer":0,"servingSize":0},"quantity":1,"terms":{"priceEach":29.81,"taxEach":{"amount":1.68},"discountEach":{"amount":0},"pvEach":18}}]},"currency":"EUR"},{"lines":{"items":[{"item":{"href":"https:\/\/hydraqa.unicity.net\/v5a-test\/items\/398d06b858b960f6f38086d40608aef2","id":{"unicity":"26560"},"weightEach":{"value":0},"servingsPerContainer":0,"servingSize":0},"quantity":1,"terms":{"priceEach":20.47,"taxEach":{"amount":1.15},"discountEach":{"amount":0},"pvEach":13}}]},"currency":"EUR"},{"lines":{"items":[{"item":{"href":"https:\/\/hydraqa.unicity.net\/v5a-test\/items\/e218d1cac5f31e7ae4f5876c29c57377","id":{"unicity":"29017"},"weightEach":{"value":0},"servingsPerContainer":0,"servingSize":0},"quantity":1,"terms":{"priceEach":37.29,"taxEach":{"amount":2.11},"discountEach":{"amount":0},"pvEach":23}}]},"currency":"EUR"},{"lines":{"items":[{"item":{"href":"https:\/\/hydraqa.unicity.net\/v5a-test\/items\/3f2d12d7a0e8551fc99fad3bbe1ba633","id":{"unicity":"26567"},"weightEach":{"value":0},"servingsPerContainer":0,"servingSize":0},"quantity":1,"terms":{"priceEach":55.98,"taxEach":{"amount":3.16},"discountEach":{"amount":0},"pvEach":26}}]},"currency":"EUR"},{"lines":{"items":[{"item":{"href":"https:\/\/hydraqa.unicity.net\/v5a-test\/items\/191637167cb3144bd2e8c4615e9ab67e","id":{"unicity":"26568"},"weightEach":{"value":0},"servingsPerContainer":0,"servingSize":0},"quantity":1,"terms":{"priceEach":55.98,"taxEach":{"amount":3.16},"discountEach":{"amount":0},"pvEach":26}}]},"currency":"EUR"},{"lines":{"items":[{"item":{"href":"https:\/\/hydraqa.unicity.net\/v5a-test\/items\/64ec7ad932acafab052a4e8800ad1238","id":{"unicity":"24758"},"weightEach":{"value":0},"servingsPerContainer":0,"servingSize":0},"quantity":1,"terms":{"priceEach":37.29,"taxEach":{"amount":2.11},"discountEach":{"amount":0},"pvEach":23}}]},"currency":"EUR"},{"lines":{"items":[{"item":{"href":"https:\/\/hydraqa.unicity.net\/v5a-test\/items\/2c4c1abe00983e85aaa918d2ce341491","id":{"unicity":"17174"},"weightEach":{"value":0},"servingsPerContainer":0,"servingSize":0},"quantity":1,"terms":{"priceEach":37.29,"taxEach":{"amount":2.11},"discountEach":{"amount":0},"pvEach":23}}]},"currency":"EUR"},{"lines":{"items":[{"item":{"href":"https:\/\/hydraqa.unicity.net\/v5a-test\/items\/ab2a2b07b17718843a66bee04ff40624","id":{"unicity":"31402"},"weightEach":{"value":0},"servingsPerContainer":0,"servingSize":0},"quantity":1,"terms":{"priceEach":98.9,"taxEach":{"amount":5.59},"discountEach":{"amount":0},"pvEach":70}}]},"currency":"EUR"},{"lines":{"items":[{"item":{"href":"https:\/\/hydraqa.unicity.net\/v5a-test\/items\/db0a2b02eaabc5ad45fe91ba5c7bcf5a","id":{"unicity":"31772"},"weightEach":{"value":0},"servingsPerContainer":0,"servingSize":0},"quantity":1,"terms":{"priceEach":8.32,"taxEach":{"amount":1.44},"discountEach":{"amount":0},"pvEach":0}}]},"currency":"EUR"},{"lines":{"items":[{"item":{"href":"https:\/\/hydraqa.unicity.net\/v5a-test\/items\/2262fdd5af916c31df08089c191735c1","id":{"unicity":"29317"},"weightEach":{"value":0},"servingsPerContainer":0,"servingSize":0},"quantity":1,"terms":{"priceEach":25.21,"taxEach":{"amount":4.37},"discountEach":{"amount":0},"pvEach":0}}]},"currency":"EUR"},{"lines":{"items":[{"item":{"href":"https:\/\/hydraqa.unicity.net\/v5a-test\/items\/34c53e6d4cce0f8a72327d86c3ef04cb","id":{"unicity":"30103"},"weightEach":{"value":0},"servingsPerContainer":0,"servingSize":0},"quantity":1,"terms":{"priceEach":25.86,"taxEach":{"amount":5.43},"discountEach":{"amount":0},"pvEach":0}}]},"currency":"EUR"},{"lines":{"items":[{"item":{"href":"https:\/\/hydraqa.unicity.net\/v5a-test\/items\/217ca02fbd24e21ca5281412756238ab","id":{"unicity":"32126"},"weightEach":{"value":0},"servingsPerContainer":0,"servingSize":0},"quantity":1,"terms":{"priceEach":152.24,"taxEach":{"amount":10.38},"discountEach":{"amount":0},"pvEach":101}}]},"currency":"EUR"},{"lines":{"items":[{"item":{"href":"https:\/\/hydraqa.unicity.net\/v5a-test\/items\/808008a0657d2033ad471c39bbce9891","id":{"unicity":"32127"},"weightEach":{"value":0},"servingsPerContainer":0,"servingSize":0},"quantity":1,"terms":{"priceEach":162.34,"taxEach":{"amount":10.99},"discountEach":{"amount":0},"pvEach":113}}]},"currency":"EUR"},{"lines":{"items":[{"item":{"href":"https:\/\/hydraqa.unicity.net\/v5a-test\/items\/b8b378af3db7294d17181dbec563c0fa","id":{"unicity":"32197"},"weightEach":{"value":0},"servingsPerContainer":0,"servingSize":0},"quantity":1,"terms":{"priceEach":347.57,"taxEach":{"amount":20.85},"discountEach":{"amount":0},"pvEach":250}}]},"currency":"EUR"},{"lines":{"items":[{"item":{"href":"https:\/\/hydraqa.unicity.net\/v5a-test\/items\/27877610c0dfffbb380736f326d57748","id":{"unicity":"32196"},"weightEach":{"value":0},"servingsPerContainer":0,"servingSize":0},"quantity":1,"terms":{"priceEach":154.11,"taxEach":{"amount":9.25},"discountEach":{"amount":0},"pvEach":116}}]},"currency":"EUR"},{"lines":{"items":[{"item":{"href":"https:\/\/hydraqa.unicity.net\/v5a-test\/items\/2f1d0aa90494ae2e08035922c701f968","id":{"unicity":"29832"},"weightEach":{"value":0},"servingsPerContainer":0,"servingSize":0},"quantity":1,"terms":{"priceEach":47.57,"taxEach":{"amount":2.85},"discountEach":{"amount":0},"pvEach":39}}]},"currency":"EUR"},{"lines":{"items":[{"item":{"href":"https:\/\/hydraqa.unicity.net\/v5a-test\/items\/10df0fc3509b53cbeaeb9476ca92d520","id":{"unicity":"29833"},"weightEach":{"value":0},"servingsPerContainer":0,"servingSize":0},"quantity":1,"terms":{"priceEach":90.56,"taxEach":{"amount":5.43},"discountEach":{"amount":0},"pvEach":69}}]},"currency":"EUR"},{"lines":{"items":[{"item":{"href":"https:\/\/hydraqa.unicity.net\/v5a-test\/items\/332daeac6796ed016ea8b7d0bc42c2d4","id":{"unicity":"24274"},"weightEach":{"value":0},"servingsPerContainer":0,"servingSize":0},"quantity":1,"terms":{"priceEach":7.48,"taxEach":{"amount":1.29},"discountEach":{"amount":0},"pvEach":0}}]},"currency":"EUR"},{"lines":{"items":[{"item":{"href":"https:\/\/hydraqa.unicity.net\/v5a-test\/items\/1945faa1776541d53120ecfe3c1d8a2b","id":{"unicity":"24418"},"weightEach":{"value":0},"servingsPerContainer":0,"servingSize":0},"quantity":1,"terms":{"priceEach":4.96,"taxEach":{"amount":0.86},"discountEach":{"amount":0},"pvEach":0}}]},"currency":"EUR"},{"lines":{"items":[{"item":{"href":"https:\/\/hydraqa.unicity.net\/v5a-test\/items\/10da226fab00279b4f89df10af2a10b7","id":{"unicity":"26442"},"weightEach":{"value":0},"servingsPerContainer":0,"servingSize":0},"quantity":1,"terms":{"priceEach":5.8,"taxEach":{"amount":1},"discountEach":{"amount":0},"pvEach":0}}]},"currency":"EUR"},{"lines":{"items":[{"item":{"href":"https:\/\/hydraqa.unicity.net\/v5a-test\/items\/5147f8cfe32548e02fc158d4da9c4d6f","id":{"unicity":"27150"},"weightEach":{"value":0},"servingsPerContainer":0,"servingSize":0},"quantity":1,"terms":{"priceEach":93.36,"taxEach":{"amount":5.28},"discountEach":{"amount":0},"pvEach":70}}]},"currency":"EUR"},{"lines":{"items":[{"item":{"href":"https:\/\/hydraqa.unicity.net\/v5a-test\/items\/03eba2365025ccd85818846a83a16f47","id":{"unicity":"27163"},"weightEach":{"value":0},"servingsPerContainer":0,"servingSize":0},"quantity":1,"terms":{"priceEach":74.67,"taxEach":{"amount":4.22},"discountEach":{"amount":0},"pvEach":54}}]},"currency":"EUR"},{"lines":{"items":[{"item":{"href":"https:\/\/hydraqa.unicity.net\/v5a-test\/items\/7d4ad2792f7056e5f81eb24f118ef737","id":{"unicity":"27575"},"weightEach":{"value":0},"servingsPerContainer":0,"servingSize":0},"quantity":1,"terms":{"priceEach":55.98,"taxEach":{"amount":3.16},"discountEach":{"amount":0},"pvEach":34}}]},"currency":"EUR"},{"lines":{"items":[{"item":{"href":"https:\/\/hydraqa.unicity.net\/v5a-test\/items\/4790a55c442b5dc75a13b155e78c1842","id":{"unicity":"28604"},"weightEach":{"value":0},"servingsPerContainer":0,"servingSize":0},"quantity":1,"terms":{"priceEach":74.67,"taxEach":{"amount":4.22},"discountEach":{"amount":0},"pvEach":54}}]},"currency":"EUR"},{"lines":{"items":[{"item":{"href":"https:\/\/hydraqa.unicity.net\/v5a-test\/items\/0eebdede5bdb8bf4d71e800b6f3cead1","id":{"unicity":"30825"},"weightEach":{"value":0},"servingsPerContainer":0,"servingSize":0},"quantity":1,"terms":{"priceEach":37.29,"taxEach":{"amount":2.11},"discountEach":{"amount":0},"pvEach":23}}]},"currency":"EUR"},{"lines":{"items":[{"item":{"href":"https:\/\/hydraqa.unicity.net\/v5a-test\/items\/606f7be753c74dfbfe4b107276775140","id":{"unicity":"29821"},"weightEach":{"value":0},"servingsPerContainer":0,"servingSize":0},"quantity":1,"terms":{"priceEach":79.35,"taxEach":{"amount":4.49},"discountEach":{"amount":0},"pvEach":59}}]},"currency":"EUR"},{"lines":{"items":[{"item":{"href":"https:\/\/hydraqa.unicity.net\/v5a-test\/items\/94939f9be900906d2b47260ccba22a7b","id":{"unicity":"32012"},"weightEach":{"value":0},"servingsPerContainer":0,"servingSize":0},"quantity":1,"terms":{"priceEach":13.93,"taxEach":{"amount":0.78},"discountEach":{"amount":0},"pvEach":6}}]},"currency":"EUR"},{"lines":{"items":[{"item":{"href":"https:\/\/hydraqa.unicity.net\/v5a-test\/items\/991cdbb84a495779eb209fb3956a77e4","id":{"unicity":"29183"},"weightEach":{"value":0},"servingsPerContainer":0,"servingSize":0},"quantity":1,"terms":{"priceEach":31.01,"taxEach":{"amount":5.38},"discountEach":{"amount":0},"pvEach":18}}]},"currency":"EUR"},{"lines":{"items":[{"item":{"href":"https:\/\/hydraqa.unicity.net\/v5a-test\/items\/0e78fbdfebef11cd62f8d2120064ee58","id":{"unicity":"30280"},"weightEach":{"value":0},"servingsPerContainer":0,"servingSize":0},"quantity":1,"terms":{"priceEach":33.53,"taxEach":{"amount":5.81},"discountEach":{"amount":0},"pvEach":20}}]},"currency":"EUR"},{"lines":{"items":[{"item":{"href":"https:\/\/hydraqa.unicity.net\/v5a-test\/items\/beb900429fbb160dbfc3001c14d96df4","id":{"unicity":"29187"},"weightEach":{"value":0},"servingsPerContainer":0,"servingSize":0},"quantity":1,"terms":{"priceEach":37.73,"taxEach":{"amount":6.54},"discountEach":{"amount":0},"pvEach":24}}]},"currency":"EUR"},{"lines":{"items":[{"item":{"href":"https:\/\/hydraqa.unicity.net\/v5a-test\/items\/1b0412bea8c0b841c66f65a36aa14108","id":{"unicity":"29191"},"weightEach":{"value":0},"servingsPerContainer":0,"servingSize":0},"quantity":1,"terms":{"priceEach":37.73,"taxEach":{"amount":6.54},"discountEach":{"amount":0},"pvEach":24}}]},"currency":"EUR"},{"lines":{"items":[{"item":{"href":"https:\/\/hydraqa.unicity.net\/v5a-test\/items\/52c87f74d3b41ed49b0f897b66c2a99b","id":{"unicity":"30684"},"weightEach":{"value":0},"servingsPerContainer":0,"servingSize":0},"quantity":1,"terms":{"priceEach":37.29,"taxEach":{"amount":2.11},"discountEach":{"amount":0},"pvEach":23}}]},"currency":"EUR"},{"lines":{"items":[{"item":{"href":"https:\/\/hydraqa.unicity.net\/v5a-test\/items\/90f38f77c9e6ea5a71aa7377df83760b","id":{"unicity":"30198"},"weightEach":{"value":0},"servingsPerContainer":0,"servingSize":0},"quantity":1,"terms":{"priceEach":19,"taxEach":{"amount":1.14},"discountEach":{"amount":0},"pvEach":16}}]},"currency":"EUR"},{"lines":{"items":[{"item":{"href":"https:\/\/hydraqa.unicity.net\/v5a-test\/items\/7e5e7df32701fd44947c8146f2129f7a","id":{"unicity":"31672"},"weightEach":{"value":0},"servingsPerContainer":0,"servingSize":0},"quantity":1,"terms":{"priceEach":74.67,"taxEach":{"amount":4.22},"discountEach":{"amount":0},"pvEach":54}}]},"currency":"EUR"},{"lines":{"items":[{"item":{"href":"https:\/\/hydraqa.unicity.net\/v5a-test\/items\/493c2ba720f847422eccc5da35024f33","id":{"unicity":"31534"},"weightEach":{"value":0},"servingsPerContainer":0,"servingSize":0},"quantity":1,"terms":{"priceEach":26.07,"taxEach":{"amount":1.47},"discountEach":{"amount":0},"pvEach":16}}]},"currency":"EUR"},{"lines":{"items":[{"item":{"href":"https:\/\/hydraqa.unicity.net\/v5a-test\/items\/bfddb53fe0d5ed5432c531dc9850cbe4","id":{"unicity":"29449"},"weightEach":{"value":0},"servingsPerContainer":0,"servingSize":0},"quantity":1,"terms":{"priceEach":26.07,"taxEach":{"amount":1.47},"discountEach":{"amount":0},"pvEach":16}}]},"currency":"EUR"},{"lines":{"items":[{"item":{"href":"https:\/\/hydraqa.unicity.net\/v5a-test\/items\/75b870fdff12be635674216fe88d3204","id":{"unicity":"29984"},"weightEach":{"value":0},"servingsPerContainer":0,"servingSize":0},"quantity":1,"terms":{"priceEach":37.73,"taxEach":{"amount":6.54},"discountEach":{"amount":0},"pvEach":24}}]},"currency":"EUR"},{"lines":{"items":[{"item":{"href":"https:\/\/hydraqa.unicity.net\/v5a-test\/items\/4d23d73a0d3d3e5fe9c383822040a9b0","id":{"unicity":"32191"},"weightEach":{"value":0},"servingsPerContainer":0,"servingSize":0},"quantity":1,"terms":{"priceEach":1315.79,"taxEach":{"amount":78.95},"discountEach":{"amount":0},"pvEach":903}}]},"currency":"EUR"},{"lines":{"items":[{"item":{"href":"https:\/\/hydraqa.unicity.net\/v5a-test\/items\/e9fe58342fff74ec4f4430f7c622816e","id":{"unicity":"31870"},"weightEach":{"value":0},"servingsPerContainer":0,"servingSize":0},"quantity":1,"terms":{"priceEach":20.47,"taxEach":{"amount":1.15},"discountEach":{"amount":0},"pvEach":9}}]},"currency":"EUR"},{"lines":{"items":[{"item":{"href":"https:\/\/hydraqa.unicity.net\/v5a-test\/items\/fbb6dbd577adb73abaec364076fb288f","id":{"unicity":"32087"},"weightEach":{"value":0},"servingsPerContainer":0,"servingSize":0},"quantity":1,"terms":{"priceEach":20.47,"taxEach":{"amount":1.15},"discountEach":{"amount":0},"pvEach":9}}]},"currency":"EUR"},{"lines":{"items":[{"item":{"href":"https:\/\/hydraqa.unicity.net\/v5a-test\/items\/35dcc0035e442bbe6482f178ec38522c","id":{"unicity":"31868"},"weightEach":{"value":0},"servingsPerContainer":0,"servingSize":0},"quantity":1,"terms":{"priceEach":20.47,"taxEach":{"amount":1.15},"discountEach":{"amount":0},"pvEach":9}}]},"currency":"EUR"},{"lines":{"items":[{"item":{"href":"https:\/\/hydraqa.unicity.net\/v5a-test\/items\/baa263a2750aa330fbd9e5b96fdb2b55","id":{"unicity":"32609"},"weightEach":{"value":0},"servingsPerContainer":0,"servingSize":0},"quantity":1,"terms":{"priceEach":55.98,"taxEach":{"amount":0},"discountEach":{"amount":0},"pvEach":34}}]},"currency":"EUR"},{"lines":{"items":[{"item":{"href":"https:\/\/hydraqa.unicity.net\/v5a-test\/items\/34c8c6b0f454da738e64265f08c57a72","id":{"unicity":"31777"},"weightEach":{"value":0},"servingsPerContainer":0,"servingSize":0},"quantity":1,"terms":{"priceEach":6.22,"taxEach":{"amount":1.07},"discountEach":{"amount":0},"pvEach":3}}]},"currency":"EUR"},{"lines":{"items":[{"item":{"href":"https:\/\/hydraqa.unicity.net\/v5a-test\/items\/d7e1dd4b19a8672aed99e591356c0d48","id":{"unicity":"31932"},"weightEach":{"value":0},"servingsPerContainer":0,"servingSize":0},"quantity":1,"terms":{"priceEach":6.22,"taxEach":{"amount":1.07},"discountEach":{"amount":0},"pvEach":3}}]},"currency":"EUR"},{"lines":{"items":[{"item":{"href":"https:\/\/hydraqa.unicity.net\/v5a-test\/items\/04516be30bd9bf93e01536e7fc8f8716","id":{"unicity":"31779"},"weightEach":{"value":0},"servingsPerContainer":0,"servingSize":0},"quantity":1,"terms":{"priceEach":10,"taxEach":{"amount":1.73},"discountEach":{"amount":0},"pvEach":5}}]},"currency":"EUR"},{"lines":{"items":[{"item":{"href":"https:\/\/hydraqa.unicity.net\/v5a-test\/items\/1aa00306dc0006d365acd7436548f2e6","id":{"unicity":"31778"},"weightEach":{"value":0},"servingsPerContainer":0,"servingSize":0},"quantity":1,"terms":{"priceEach":12.52,"taxEach":{"amount":2.17},"discountEach":{"amount":0},"pvEach":6}}]},"currency":"EUR"},{"lines":{"items":[{"item":{"href":"https:\/\/hydraqa.unicity.net\/v5a-test\/items\/fc8583e3bf463b599fdcce05234bc137","id":{"unicity":"31780"},"weightEach":{"value":0},"servingsPerContainer":0,"servingSize":0},"quantity":1,"terms":{"priceEach":8.32,"taxEach":{"amount":1.44},"discountEach":{"amount":0},"pvEach":4}}]},"currency":"EUR"},{"lines":{"items":[{"item":{"href":"https:\/\/hydraqa.unicity.net\/v5a-test\/items\/8d3854b47de8e45d6fcdc194dffff601","id":{"unicity":"31782"},"weightEach":{"value":0},"servingsPerContainer":0,"servingSize":0},"quantity":1,"terms":{"priceEach":12.52,"taxEach":{"amount":2.17},"discountEach":{"amount":0},"pvEach":6}}]},"currency":"EUR"}]}
Entry request : {"order":{"customer":{"href":"https://hydraqa.unicity.net/v5a-test/customers?type=Associate"},"shipToAddress":{"country":"BE"}},"vary":{"lines":{"items":[{"item":{"href":"https://hydraqa.unicity.net/v5a-test/items?id.unicity=26422|27158|27160|27166|31336|31763|31951|31952|32128|32129|32130|32132|32133|32134|32135|32136|32137|32138|32125|31781|18511|19941|27156|27617|27660|27587|28601|27395|15880|26560|29017|26567|26568|24758|17174|31402|31772|29317|30103|32126|32127|32197|32196|29832|29833|30139|31628|24274|24418|26442|27150|27163|27575|28604|30825|29821|32012|29181|29183|30280|29187|29191|30684|30198|31672|31534|29449|29984|32191|31870|32087|31868|32609|31777|31932|31779|31778|31780|31782"}}]}}}
Request URL: https://hydraqa.unicity.net/v5a-test/customers.js?callback=angular.callbacks._1&expand=customer,profilePicture&id.unicity=2
Request URL: https://hydraqa.unicity.net/v5a-test/customers.js?_httpMethod=HEAD&callback=angular.callbacks._7&email=RUHQTG@gmail.com
Request URL: https://hydraqa.unicity.net/v5a-test/shippingmethods.js?callback=angular.callbacks._a&destination=BE&market=BE
]]></system-out>
    <system-err><![CDATA[Starting ChromeDriver 2.36.540470 (e522d04694c7ebea4ba8821272dbef4f9b818c91) on port 15412
Only local connections are allowed.
Mar 17, 2020 10:00:18 AM org.openqa.selenium.remote.ProtocolHandshake createSession
INFO: Detected dialect: OSS
]]></system-err>
  </testcase>
  <testcase name="Enroll" classname="Tests.FranchisePartner" time="290.121">
    <failure message="Major Total Price is Wrong expected [179.17] but found [168.04]" type="java.lang.AssertionError">java.lang.AssertionError: Major Total Price is Wrong expected [179.17] but found [168.04]
	at Tests.FranchisePartner.Enroll(FranchisePartner.java:253)
</failure>
    <system-out><![CDATA[Request URL: https://hydraqa.unicity.net/v5a-test/quotes?&expand=item
Entry Quotes response : {"items":[{"lines":{"items":[{"item":{"href":"https:\/\/hydraqa.unicity.net\/v5a-test\/items\/4e49c95f12ae7be78e5ffab68b8b3ca6","id":{"unicity":"26422"},"weightEach":{"value":0},"servingsPerContainer":0,"servingSize":0},"quantity":1,"terms":{"priceEach":19,"taxEach":{"amount":1.07},"discountEach":{"amount":0},"pvEach":16}}]},"currency":"EUR"},{"lines":{"items":[{"item":{"href":"https:\/\/hydraqa.unicity.net\/v5a-test\/items\/d92292ba2f23c030e4a1f63eb3ebe1ce","id":{"unicity":"27158"},"weightEach":{"value":0},"servingsPerContainer":0,"servingSize":0},"quantity":1,"terms":{"priceEach":27.94,"taxEach":{"amount":1.58},"discountEach":{"amount":0},"pvEach":23}}]},"currency":"EUR"},{"lines":{"items":[{"item":{"href":"https:\/\/hydraqa.unicity.net\/v5a-test\/items\/0d3b8d4f7c4d4082db1b4ecffb6693fb","id":{"unicity":"27160"},"weightEach":{"value":0},"servingsPerContainer":0,"servingSize":0},"quantity":1,"terms":{"priceEach":74.67,"taxEach":{"amount":4.22},"discountEach":{"amount":0},"pvEach":53}}]},"currency":"EUR"},{"lines":{"items":[{"item":{"href":"https:\/\/hydraqa.unicity.net\/v5a-test\/items\/ac37bf51ff7e4fe860da8457f6ce0425","id":{"unicity":"27166"},"weightEach":{"value":0},"servingsPerContainer":0,"servingSize":0},"quantity":1,"terms":{"priceEach":74.67,"taxEach":{"amount":4.22},"discountEach":{"amount":0},"pvEach":54}}]},"currency":"EUR"},{"lines":{"items":[{"item":{"href":"https:\/\/hydraqa.unicity.net\/v5a-test\/items\/6447f84f6ef7782049a369b983428bb7","id":{"unicity":"31336"},"weightEach":{"value":0},"servingsPerContainer":0,"servingSize":0},"quantity":1,"terms":{"priceEach":224.21,"taxEach":{"amount":13.45},"discountEach":{"amount":0},"pvEach":165}}]},"currency":"EUR"},{"lines":{"items":[{"item":{"href":"https:\/\/hydraqa.unicity.net\/v5a-test\/items\/e9991b48ac639367d526d2b9b22fac8c","id":{"unicity":"32128"},"weightEach":{"value":0},"servingsPerContainer":0,"servingSize":0},"quantity":1,"terms":{"priceEach":371.87,"taxEach":{"amount":22.31},"discountEach":{"amount":0},"pvEach":253}}]},"currency":"EUR"},{"lines":{"items":[{"item":{"href":"https:\/\/hydraqa.unicity.net\/v5a-test\/items\/40b3312de189221d96d838d33a8ec49d","id":{"unicity":"32129"},"weightEach":{"value":0},"servingsPerContainer":0,"servingSize":0},"quantity":1,"terms":{"priceEach":371.87,"taxEach":{"amount":22.31},"discountEach":{"amount":0},"pvEach":254}}]},"currency":"EUR"},{"lines":{"items":[{"item":{"href":"https:\/\/hydraqa.unicity.net\/v5a-test\/items\/6bd168a66ce41003a8f30917deff5808","id":{"unicity":"32130"},"weightEach":{"value":0},"servingsPerContainer":0,"servingSize":0},"quantity":1,"terms":{"priceEach":363.46,"taxEach":{"amount":21.81},"discountEach":{"amount":0},"pvEach":252}}]},"currency":"EUR"},{"lines":{"items":[{"item":{"href":"https:\/\/hydraqa.unicity.net\/v5a-test\/items\/806f99b793edd7cd0b1c158ba0eb3142","id":{"unicity":"32132"},"weightEach":{"value":0},"servingsPerContainer":0,"servingSize":0},"quantity":1,"terms":{"priceEach":355.98,"taxEach":{"amount":21.36},"discountEach":{"amount":0},"pvEach":253}}]},"currency":"EUR"},{"lines":{"items":[{"item":{"href":"https:\/\/hydraqa.unicity.net\/v5a-test\/items\/e3d382d99fde8659cb146b54116e7654","id":{"unicity":"32133"},"weightEach":{"value":0},"servingsPerContainer":0,"servingSize":0},"quantity":1,"terms":{"priceEach":364.39,"taxEach":{"amount":21.86},"discountEach":{"amount":0},"pvEach":252}}]},"currency":"EUR"},{"lines":{"items":[{"item":{"href":"https:\/\/hydraqa.unicity.net\/v5a-test\/items\/022f109fe6e5eae3e521295a5cb94c60","id":{"unicity":"32134"},"weightEach":{"value":0},"servingsPerContainer":0,"servingSize":0},"quantity":1,"terms":{"priceEach":144.77,"taxEach":{"amount":8.69},"discountEach":{"amount":0},"pvEach":101}}]},"currency":"EUR"},{"lines":{"items":[{"item":{"href":"https:\/\/hydraqa.unicity.net\/v5a-test\/items\/ded00960d5e948dd8e511a9c752e1ff9","id":{"unicity":"32135"},"weightEach":{"value":0},"servingsPerContainer":0,"servingSize":0},"quantity":1,"terms":{"priceEach":154.11,"taxEach":{"amount":9.25},"discountEach":{"amount":0},"pvEach":113}}]},"currency":"EUR"},{"lines":{"items":[{"item":{"href":"https:\/\/hydraqa.unicity.net\/v5a-test\/items\/d8736cc35cf9f4734fd76da71c53dc05","id":{"unicity":"32136"},"weightEach":{"value":0},"servingsPerContainer":0,"servingSize":0},"quantity":1,"terms":{"priceEach":141.96,"taxEach":{"amount":8.52},"discountEach":{"amount":0},"pvEach":102}}]},"currency":"EUR"},{"lines":{"items":[{"item":{"href":"https:\/\/hydraqa.unicity.net\/v5a-test\/items\/166a69d45c4ae40278554e24d5f40443","id":{"unicity":"32137"},"weightEach":{"value":0},"servingsPerContainer":0,"servingSize":0},"quantity":1,"terms":{"priceEach":168.13,"taxEach":{"amount":10.09},"discountEach":{"amount":0},"pvEach":118}}]},"currency":"EUR"},{"lines":{"items":[{"item":{"href":"https:\/\/hydraqa.unicity.net\/v5a-test\/items\/d04a0b8762b20202b6273114fb7302d1","id":{"unicity":"32138"},"weightEach":{"value":0},"servingsPerContainer":0,"servingSize":0},"quantity":1,"terms":{"priceEach":224.21,"taxEach":{"amount":13.45},"discountEach":{"amount":0},"pvEach":152}}]},"currency":"EUR"},{"lines":{"items":[{"item":{"href":"https:\/\/hydraqa.unicity.net\/v5a-test\/items\/e13d0b5c40704ad5dd186959367c97f1","id":{"unicity":"32125"},"weightEach":{"value":0},"servingsPerContainer":0,"servingSize":0},"quantity":1,"terms":{"priceEach":373.74,"taxEach":{"amount":22.42},"discountEach":{"amount":0},"pvEach":250}}]},"currency":"EUR"},{"lines":{"items":[{"item":{"href":"https:\/\/hydraqa.unicity.net\/v5a-test\/items\/7e80331c8c25f515174d3f894283a27c","id":{"unicity":"31781"},"weightEach":{"value":0},"servingsPerContainer":0,"servingSize":0},"quantity":1,"terms":{"priceEach":8.32,"taxEach":{"amount":1.44},"discountEach":{"amount":0},"pvEach":4}}]},"currency":"EUR"},{"lines":{"items":[{"item":{"href":"https:\/\/hydraqa.unicity.net\/v5a-test\/items\/c451532f63a06f0e9a054e946a1a1c3b","id":{"unicity":"18511"},"weightEach":{"value":0},"servingsPerContainer":0,"servingSize":0},"quantity":1,"terms":{"priceEach":37.29,"taxEach":{"amount":2.11},"discountEach":{"amount":0},"pvEach":23}}]},"currency":"EUR"},{"lines":{"items":[{"item":{"href":"https:\/\/hydraqa.unicity.net\/v5a-test\/items\/9752a919e28f96747163918165b46f23","id":{"unicity":"19941"},"weightEach":{"value":558},"servingsPerContainer":15,"servingSize":0},"quantity":1,"terms":{"priceEach":32.62,"taxEach":{"amount":1.84},"discountEach":{"amount":0},"pvEach":20}}]},"currency":"EUR"},{"lines":{"items":[{"item":{"href":"https:\/\/hydraqa.unicity.net\/v5a-test\/items\/50e73ecfa509ac20c4a250f9cb32fdfc","id":{"unicity":"27156"},"weightEach":{"value":0},"servingsPerContainer":0,"servingSize":0},"quantity":1,"terms":{"priceEach":20.47,"taxEach":{"amount":1.15},"discountEach":{"amount":0},"pvEach":13}}]},"currency":"EUR"},{"lines":{"items":[{"item":{"href":"https:\/\/hydraqa.unicity.net\/v5a-test\/items\/a7bda1cb4a35343e52791aba56debc4a","id":{"unicity":"27617"},"weightEach":{"value":0},"servingsPerContainer":0,"servingSize":0},"quantity":1,"terms":{"priceEach":29.81,"taxEach":{"amount":1.68},"discountEach":{"amount":0},"pvEach":18}}]},"currency":"EUR"},{"lines":{"items":[{"item":{"href":"https:\/\/hydraqa.unicity.net\/v5a-test\/items\/a36d9fdd0fd7561e6180fb5b2ff27164","id":{"unicity":"27660"},"weightEach":{"value":0},"servingsPerContainer":0,"servingSize":0},"quantity":1,"terms":{"priceEach":31.68,"taxEach":{"amount":1.79},"discountEach":{"amount":0},"pvEach":18}}]},"currency":"EUR"},{"lines":{"items":[{"item":{"href":"https:\/\/hydraqa.unicity.net\/v5a-test\/items\/112b8c39286598b3730f630f371a45f4","id":{"unicity":"27587"},"weightEach":{"value":0},"servingsPerContainer":0,"servingSize":0},"quantity":1,"terms":{"priceEach":55.98,"taxEach":{"amount":3.16},"discountEach":{"amount":0},"pvEach":34}}]},"currency":"EUR"},{"lines":{"items":[{"item":{"href":"https:\/\/hydraqa.unicity.net\/v5a-test\/items\/0c0717a26fcfe40310e906487e8a12f7","id":{"unicity":"28601"},"weightEach":{"value":0},"servingsPerContainer":0,"servingSize":0},"quantity":1,"terms":{"priceEach":74.67,"taxEach":{"amount":4.22},"discountEach":{"amount":0},"pvEach":54}}]},"currency":"EUR"},{"lines":{"items":[{"item":{"href":"https:\/\/hydraqa.unicity.net\/v5a-test\/items\/024e696f8b44a1d315006e676604cd31","id":{"unicity":"27395"},"weightEach":{"value":0},"servingsPerContainer":0,"servingSize":0},"quantity":1,"terms":{"priceEach":29.81,"taxEach":{"amount":1.68},"discountEach":{"amount":0},"pvEach":18}}]},"currency":"EUR"},{"lines":{"items":[{"item":{"href":"https:\/\/hydraqa.unicity.net\/v5a-test\/items\/398d06b858b960f6f38086d40608aef2","id":{"unicity":"26560"},"weightEach":{"value":0},"servingsPerContainer":0,"servingSize":0},"quantity":1,"terms":{"priceEach":20.47,"taxEach":{"amount":1.15},"discountEach":{"amount":0},"pvEach":13}}]},"currency":"EUR"},{"lines":{"items":[{"item":{"href":"https:\/\/hydraqa.unicity.net\/v5a-test\/items\/e218d1cac5f31e7ae4f5876c29c57377","id":{"unicity":"29017"},"weightEach":{"value":0},"servingsPerContainer":0,"servingSize":0},"quantity":1,"terms":{"priceEach":37.29,"taxEach":{"amount":2.11},"discountEach":{"amount":0},"pvEach":23}}]},"currency":"EUR"},{"lines":{"items":[{"item":{"href":"https:\/\/hydraqa.unicity.net\/v5a-test\/items\/3f2d12d7a0e8551fc99fad3bbe1ba633","id":{"unicity":"26567"},"weightEach":{"value":0},"servingsPerContainer":0,"servingSize":0},"quantity":1,"terms":{"priceEach":55.98,"taxEach":{"amount":3.16},"discountEach":{"amount":0},"pvEach":26}}]},"currency":"EUR"},{"lines":{"items":[{"item":{"href":"https:\/\/hydraqa.unicity.net\/v5a-test\/items\/191637167cb3144bd2e8c4615e9ab67e","id":{"unicity":"26568"},"weightEach":{"value":0},"servingsPerContainer":0,"servingSize":0},"quantity":1,"terms":{"priceEach":55.98,"taxEach":{"amount":3.16},"discountEach":{"amount":0},"pvEach":26}}]},"currency":"EUR"},{"lines":{"items":[{"item":{"href":"https:\/\/hydraqa.unicity.net\/v5a-test\/items\/64ec7ad932acafab052a4e8800ad1238","id":{"unicity":"24758"},"weightEach":{"value":0},"servingsPerContainer":0,"servingSize":0},"quantity":1,"terms":{"priceEach":37.29,"taxEach":{"amount":2.11},"discountEach":{"amount":0},"pvEach":23}}]},"currency":"EUR"},{"lines":{"items":[{"item":{"href":"https:\/\/hydraqa.unicity.net\/v5a-test\/items\/2c4c1abe00983e85aaa918d2ce341491","id":{"unicity":"17174"},"weightEach":{"value":0},"servingsPerContainer":0,"servingSize":0},"quantity":1,"terms":{"priceEach":37.29,"taxEach":{"amount":2.11},"discountEach":{"amount":0},"pvEach":23}}]},"currency":"EUR"},{"lines":{"items":[{"item":{"href":"https:\/\/hydraqa.unicity.net\/v5a-test\/items\/ab2a2b07b17718843a66bee04ff40624","id":{"unicity":"31402"},"weightEach":{"value":0},"servingsPerContainer":0,"servingSize":0},"quantity":1,"terms":{"priceEach":98.9,"taxEach":{"amount":5.59},"discountEach":{"amount":0},"pvEach":70}}]},"currency":"EUR"},{"lines":{"items":[{"item":{"href":"https:\/\/hydraqa.unicity.net\/v5a-test\/items\/db0a2b02eaabc5ad45fe91ba5c7bcf5a","id":{"unicity":"31772"},"weightEach":{"value":0},"servingsPerContainer":0,"servingSize":0},"quantity":1,"terms":{"priceEach":8.32,"taxEach":{"amount":1.44},"discountEach":{"amount":0},"pvEach":0}}]},"currency":"EUR"},{"lines":{"items":[{"item":{"href":"https:\/\/hydraqa.unicity.net\/v5a-test\/items\/2262fdd5af916c31df08089c191735c1","id":{"unicity":"29317"},"weightEach":{"value":0},"servingsPerContainer":0,"servingSize":0},"quantity":1,"terms":{"priceEach":25.21,"taxEach":{"amount":4.37},"discountEach":{"amount":0},"pvEach":0}}]},"currency":"EUR"},{"lines":{"items":[{"item":{"href":"https:\/\/hydraqa.unicity.net\/v5a-test\/items\/34c53e6d4cce0f8a72327d86c3ef04cb","id":{"unicity":"30103"},"weightEach":{"value":0},"servingsPerContainer":0,"servingSize":0},"quantity":1,"terms":{"priceEach":25.86,"taxEach":{"amount":5.43},"discountEach":{"amount":0},"pvEach":0}}]},"currency":"EUR"},{"lines":{"items":[{"item":{"href":"https:\/\/hydraqa.unicity.net\/v5a-test\/items\/217ca02fbd24e21ca5281412756238ab","id":{"unicity":"32126"},"weightEach":{"value":0},"servingsPerContainer":0,"servingSize":0},"quantity":1,"terms":{"priceEach":152.24,"taxEach":{"amount":10.38},"discountEach":{"amount":0},"pvEach":101}}]},"currency":"EUR"},{"lines":{"items":[{"item":{"href":"https:\/\/hydraqa.unicity.net\/v5a-test\/items\/808008a0657d2033ad471c39bbce9891","id":{"unicity":"32127"},"weightEach":{"value":0},"servingsPerContainer":0,"servingSize":0},"quantity":1,"terms":{"priceEach":162.34,"taxEach":{"amount":10.99},"discountEach":{"amount":0},"pvEach":113}}]},"currency":"EUR"},{"lines":{"items":[{"item":{"href":"https:\/\/hydraqa.unicity.net\/v5a-test\/items\/b8b378af3db7294d17181dbec563c0fa","id":{"unicity":"32197"},"weightEach":{"value":0},"servingsPerContainer":0,"servingSize":0},"quantity":1,"terms":{"priceEach":347.57,"taxEach":{"amount":20.85},"discountEach":{"amount":0},"pvEach":250}}]},"currency":"EUR"},{"lines":{"items":[{"item":{"href":"https:\/\/hydraqa.unicity.net\/v5a-test\/items\/27877610c0dfffbb380736f326d57748","id":{"unicity":"32196"},"weightEach":{"value":0},"servingsPerContainer":0,"servingSize":0},"quantity":1,"terms":{"priceEach":154.11,"taxEach":{"amount":9.25},"discountEach":{"amount":0},"pvEach":116}}]},"currency":"EUR"},{"lines":{"items":[{"item":{"href":"https:\/\/hydraqa.unicity.net\/v5a-test\/items\/2f1d0aa90494ae2e08035922c701f968","id":{"unicity":"29832"},"weightEach":{"value":0},"servingsPerContainer":0,"servingSize":0},"quantity":1,"terms":{"priceEach":47.57,"taxEach":{"amount":2.85},"discountEach":{"amount":0},"pvEach":39}}]},"currency":"EUR"},{"lines":{"items":[{"item":{"href":"https:\/\/hydraqa.unicity.net\/v5a-test\/items\/10df0fc3509b53cbeaeb9476ca92d520","id":{"unicity":"29833"},"weightEach":{"value":0},"servingsPerContainer":0,"servingSize":0},"quantity":1,"terms":{"priceEach":90.56,"taxEach":{"amount":5.43},"discountEach":{"amount":0},"pvEach":69}}]},"currency":"EUR"},{"lines":{"items":[{"item":{"href":"https:\/\/hydraqa.unicity.net\/v5a-test\/items\/332daeac6796ed016ea8b7d0bc42c2d4","id":{"unicity":"24274"},"weightEach":{"value":0},"servingsPerContainer":0,"servingSize":0},"quantity":1,"terms":{"priceEach":7.48,"taxEach":{"amount":1.29},"discountEach":{"amount":0},"pvEach":0}}]},"currency":"EUR"},{"lines":{"items":[{"item":{"href":"https:\/\/hydraqa.unicity.net\/v5a-test\/items\/1945faa1776541d53120ecfe3c1d8a2b","id":{"unicity":"24418"},"weightEach":{"value":0},"servingsPerContainer":0,"servingSize":0},"quantity":1,"terms":{"priceEach":4.96,"taxEach":{"amount":0.86},"discountEach":{"amount":0},"pvEach":0}}]},"currency":"EUR"},{"lines":{"items":[{"item":{"href":"https:\/\/hydraqa.unicity.net\/v5a-test\/items\/10da226fab00279b4f89df10af2a10b7","id":{"unicity":"26442"},"weightEach":{"value":0},"servingsPerContainer":0,"servingSize":0},"quantity":1,"terms":{"priceEach":5.8,"taxEach":{"amount":1},"discountEach":{"amount":0},"pvEach":0}}]},"currency":"EUR"},{"lines":{"items":[{"item":{"href":"https:\/\/hydraqa.unicity.net\/v5a-test\/items\/5147f8cfe32548e02fc158d4da9c4d6f","id":{"unicity":"27150"},"weightEach":{"value":0},"servingsPerContainer":0,"servingSize":0},"quantity":1,"terms":{"priceEach":93.36,"taxEach":{"amount":5.28},"discountEach":{"amount":0},"pvEach":70}}]},"currency":"EUR"},{"lines":{"items":[{"item":{"href":"https:\/\/hydraqa.unicity.net\/v5a-test\/items\/03eba2365025ccd85818846a83a16f47","id":{"unicity":"27163"},"weightEach":{"value":0},"servingsPerContainer":0,"servingSize":0},"quantity":1,"terms":{"priceEach":74.67,"taxEach":{"amount":4.22},"discountEach":{"amount":0},"pvEach":54}}]},"currency":"EUR"},{"lines":{"items":[{"item":{"href":"https:\/\/hydraqa.unicity.net\/v5a-test\/items\/7d4ad2792f7056e5f81eb24f118ef737","id":{"unicity":"27575"},"weightEach":{"value":0},"servingsPerContainer":0,"servingSize":0},"quantity":1,"terms":{"priceEach":55.98,"taxEach":{"amount":3.16},"discountEach":{"amount":0},"pvEach":34}}]},"currency":"EUR"},{"lines":{"items":[{"item":{"href":"https:\/\/hydraqa.unicity.net\/v5a-test\/items\/4790a55c442b5dc75a13b155e78c1842","id":{"unicity":"28604"},"weightEach":{"value":0},"servingsPerContainer":0,"servingSize":0},"quantity":1,"terms":{"priceEach":74.67,"taxEach":{"amount":4.22},"discountEach":{"amount":0},"pvEach":54}}]},"currency":"EUR"},{"lines":{"items":[{"item":{"href":"https:\/\/hydraqa.unicity.net\/v5a-test\/items\/0eebdede5bdb8bf4d71e800b6f3cead1","id":{"unicity":"30825"},"weightEach":{"value":0},"servingsPerContainer":0,"servingSize":0},"quantity":1,"terms":{"priceEach":37.29,"taxEach":{"amount":2.11},"discountEach":{"amount":0},"pvEach":23}}]},"currency":"EUR"},{"lines":{"items":[{"item":{"href":"https:\/\/hydraqa.unicity.net\/v5a-test\/items\/606f7be753c74dfbfe4b107276775140","id":{"unicity":"29821"},"weightEach":{"value":0},"servingsPerContainer":0,"servingSize":0},"quantity":1,"terms":{"priceEach":79.35,"taxEach":{"amount":4.49},"discountEach":{"amount":0},"pvEach":59}}]},"currency":"EUR"},{"lines":{"items":[{"item":{"href":"https:\/\/hydraqa.unicity.net\/v5a-test\/items\/94939f9be900906d2b47260ccba22a7b","id":{"unicity":"32012"},"weightEach":{"value":0},"servingsPerContainer":0,"servingSize":0},"quantity":1,"terms":{"priceEach":13.93,"taxEach":{"amount":0.78},"discountEach":{"amount":0},"pvEach":6}}]},"currency":"EUR"},{"lines":{"items":[{"item":{"href":"https:\/\/hydraqa.unicity.net\/v5a-test\/items\/991cdbb84a495779eb209fb3956a77e4","id":{"unicity":"29183"},"weightEach":{"value":0},"servingsPerContainer":0,"servingSize":0},"quantity":1,"terms":{"priceEach":31.01,"taxEach":{"amount":5.38},"discountEach":{"amount":0},"pvEach":18}}]},"currency":"EUR"},{"lines":{"items":[{"item":{"href":"https:\/\/hydraqa.unicity.net\/v5a-test\/items\/0e78fbdfebef11cd62f8d2120064ee58","id":{"unicity":"30280"},"weightEach":{"value":0},"servingsPerContainer":0,"servingSize":0},"quantity":1,"terms":{"priceEach":33.53,"taxEach":{"amount":5.81},"discountEach":{"amount":0},"pvEach":20}}]},"currency":"EUR"},{"lines":{"items":[{"item":{"href":"https:\/\/hydraqa.unicity.net\/v5a-test\/items\/beb900429fbb160dbfc3001c14d96df4","id":{"unicity":"29187"},"weightEach":{"value":0},"servingsPerContainer":0,"servingSize":0},"quantity":1,"terms":{"priceEach":37.73,"taxEach":{"amount":6.54},"discountEach":{"amount":0},"pvEach":24}}]},"currency":"EUR"},{"lines":{"items":[{"item":{"href":"https:\/\/hydraqa.unicity.net\/v5a-test\/items\/1b0412bea8c0b841c66f65a36aa14108","id":{"unicity":"29191"},"weightEach":{"value":0},"servingsPerContainer":0,"servingSize":0},"quantity":1,"terms":{"priceEach":37.73,"taxEach":{"amount":6.54},"discountEach":{"amount":0},"pvEach":24}}]},"currency":"EUR"},{"lines":{"items":[{"item":{"href":"https:\/\/hydraqa.unicity.net\/v5a-test\/items\/52c87f74d3b41ed49b0f897b66c2a99b","id":{"unicity":"30684"},"weightEach":{"value":0},"servingsPerContainer":0,"servingSize":0},"quantity":1,"terms":{"priceEach":37.29,"taxEach":{"amount":2.11},"discountEach":{"amount":0},"pvEach":23}}]},"currency":"EUR"},{"lines":{"items":[{"item":{"href":"https:\/\/hydraqa.unicity.net\/v5a-test\/items\/90f38f77c9e6ea5a71aa7377df83760b","id":{"unicity":"30198"},"weightEach":{"value":0},"servingsPerContainer":0,"servingSize":0},"quantity":1,"terms":{"priceEach":19,"taxEach":{"amount":1.14},"discountEach":{"amount":0},"pvEach":16}}]},"currency":"EUR"},{"lines":{"items":[{"item":{"href":"https:\/\/hydraqa.unicity.net\/v5a-test\/items\/7e5e7df32701fd44947c8146f2129f7a","id":{"unicity":"31672"},"weightEach":{"value":0},"servingsPerContainer":0,"servingSize":0},"quantity":1,"terms":{"priceEach":74.67,"taxEach":{"amount":4.22},"discountEach":{"amount":0},"pvEach":54}}]},"currency":"EUR"},{"lines":{"items":[{"item":{"href":"https:\/\/hydraqa.unicity.net\/v5a-test\/items\/493c2ba720f847422eccc5da35024f33","id":{"unicity":"31534"},"weightEach":{"value":0},"servingsPerContainer":0,"servingSize":0},"quantity":1,"terms":{"priceEach":26.07,"taxEach":{"amount":1.47},"discountEach":{"amount":0},"pvEach":16}}]},"currency":"EUR"},{"lines":{"items":[{"item":{"href":"https:\/\/hydraqa.unicity.net\/v5a-test\/items\/bfddb53fe0d5ed5432c531dc9850cbe4","id":{"unicity":"29449"},"weightEach":{"value":0},"servingsPerContainer":0,"servingSize":0},"quantity":1,"terms":{"priceEach":26.07,"taxEach":{"amount":1.47},"discountEach":{"amount":0},"pvEach":16}}]},"currency":"EUR"},{"lines":{"items":[{"item":{"href":"https:\/\/hydraqa.unicity.net\/v5a-test\/items\/75b870fdff12be635674216fe88d3204","id":{"unicity":"29984"},"weightEach":{"value":0},"servingsPerContainer":0,"servingSize":0},"quantity":1,"terms":{"priceEach":37.73,"taxEach":{"amount":6.54},"discountEach":{"amount":0},"pvEach":24}}]},"currency":"EUR"},{"lines":{"items":[{"item":{"href":"https:\/\/hydraqa.unicity.net\/v5a-test\/items\/4d23d73a0d3d3e5fe9c383822040a9b0","id":{"unicity":"32191"},"weightEach":{"value":0},"servingsPerContainer":0,"servingSize":0},"quantity":1,"terms":{"priceEach":1315.79,"taxEach":{"amount":78.95},"discountEach":{"amount":0},"pvEach":903}}]},"currency":"EUR"},{"lines":{"items":[{"item":{"href":"https:\/\/hydraqa.unicity.net\/v5a-test\/items\/e9fe58342fff74ec4f4430f7c622816e","id":{"unicity":"31870"},"weightEach":{"value":0},"servingsPerContainer":0,"servingSize":0},"quantity":1,"terms":{"priceEach":20.47,"taxEach":{"amount":1.15},"discountEach":{"amount":0},"pvEach":9}}]},"currency":"EUR"},{"lines":{"items":[{"item":{"href":"https:\/\/hydraqa.unicity.net\/v5a-test\/items\/fbb6dbd577adb73abaec364076fb288f","id":{"unicity":"32087"},"weightEach":{"value":0},"servingsPerContainer":0,"servingSize":0},"quantity":1,"terms":{"priceEach":20.47,"taxEach":{"amount":1.15},"discountEach":{"amount":0},"pvEach":9}}]},"currency":"EUR"},{"lines":{"items":[{"item":{"href":"https:\/\/hydraqa.unicity.net\/v5a-test\/items\/35dcc0035e442bbe6482f178ec38522c","id":{"unicity":"31868"},"weightEach":{"value":0},"servingsPerContainer":0,"servingSize":0},"quantity":1,"terms":{"priceEach":20.47,"taxEach":{"amount":1.15},"discountEach":{"amount":0},"pvEach":9}}]},"currency":"EUR"},{"lines":{"items":[{"item":{"href":"https:\/\/hydraqa.unicity.net\/v5a-test\/items\/baa263a2750aa330fbd9e5b96fdb2b55","id":{"unicity":"32609"},"weightEach":{"value":0},"servingsPerContainer":0,"servingSize":0},"quantity":1,"terms":{"priceEach":55.98,"taxEach":{"amount":0},"discountEach":{"amount":0},"pvEach":34}}]},"currency":"EUR"},{"lines":{"items":[{"item":{"href":"https:\/\/hydraqa.unicity.net\/v5a-test\/items\/34c8c6b0f454da738e64265f08c57a72","id":{"unicity":"31777"},"weightEach":{"value":0},"servingsPerContainer":0,"servingSize":0},"quantity":1,"terms":{"priceEach":6.22,"taxEach":{"amount":1.07},"discountEach":{"amount":0},"pvEach":3}}]},"currency":"EUR"},{"lines":{"items":[{"item":{"href":"https:\/\/hydraqa.unicity.net\/v5a-test\/items\/d7e1dd4b19a8672aed99e591356c0d48","id":{"unicity":"31932"},"weightEach":{"value":0},"servingsPerContainer":0,"servingSize":0},"quantity":1,"terms":{"priceEach":6.22,"taxEach":{"amount":1.07},"discountEach":{"amount":0},"pvEach":3}}]},"currency":"EUR"},{"lines":{"items":[{"item":{"href":"https:\/\/hydraqa.unicity.net\/v5a-test\/items\/04516be30bd9bf93e01536e7fc8f8716","id":{"unicity":"31779"},"weightEach":{"value":0},"servingsPerContainer":0,"servingSize":0},"quantity":1,"terms":{"priceEach":10,"taxEach":{"amount":1.73},"discountEach":{"amount":0},"pvEach":5}}]},"currency":"EUR"},{"lines":{"items":[{"item":{"href":"https:\/\/hydraqa.unicity.net\/v5a-test\/items\/1aa00306dc0006d365acd7436548f2e6","id":{"unicity":"31778"},"weightEach":{"value":0},"servingsPerContainer":0,"servingSize":0},"quantity":1,"terms":{"priceEach":12.52,"taxEach":{"amount":2.17},"discountEach":{"amount":0},"pvEach":6}}]},"currency":"EUR"},{"lines":{"items":[{"item":{"href":"https:\/\/hydraqa.unicity.net\/v5a-test\/items\/fc8583e3bf463b599fdcce05234bc137","id":{"unicity":"31780"},"weightEach":{"value":0},"servingsPerContainer":0,"servingSize":0},"quantity":1,"terms":{"priceEach":8.32,"taxEach":{"amount":1.44},"discountEach":{"amount":0},"pvEach":4}}]},"currency":"EUR"},{"lines":{"items":[{"item":{"href":"https:\/\/hydraqa.unicity.net\/v5a-test\/items\/8d3854b47de8e45d6fcdc194dffff601","id":{"unicity":"31782"},"weightEach":{"value":0},"servingsPerContainer":0,"servingSize":0},"quantity":1,"terms":{"priceEach":12.52,"taxEach":{"amount":2.17},"discountEach":{"amount":0},"pvEach":6}}]},"currency":"EUR"}]}
Entry request : {"order":{"customer":{"href":"https://hydraqa.unicity.net/v5a-test/customers?type=Associate"},"shipToAddress":{"country":"BE"}},"vary":{"lines":{"items":[{"item":{"href":"https://hydraqa.unicity.net/v5a-test/items?id.unicity=26422|27158|27160|27166|31336|31763|31951|31952|32128|32129|32130|32132|32133|32134|32135|32136|32137|32138|32125|31781|18511|19941|27156|27617|27660|27587|28601|27395|15880|26560|29017|26567|26568|24758|17174|31402|31772|29317|30103|32126|32127|32197|32196|29832|29833|30139|31628|24274|24418|26442|27150|27163|27575|28604|30825|29821|32012|29181|29183|30280|29187|29191|30684|30198|31672|31534|29449|29984|32191|31870|32087|31868|32609|31777|31932|31779|31778|31780|31782"}}]}}}
Request URL: https://hydraqa.unicity.net/v5a-test/customers.js?callback=angular.callbacks._1&expand=customer,profilePicture&id.unicity=2
Request URL: https://hydraqa.unicity.net/v5a-test/customers.js?_httpMethod=HEAD&callback=angular.callbacks._7&email=SOCIRD@gmail.com
Request URL: https://hydraqa.unicity.net/v5a-test/shippingmethods.js?callback=angular.callbacks._a&destination=BE&market=BE
]]></system-out>
    <system-err><![CDATA[Starting ChromeDriver 2.36.540470 (e522d04694c7ebea4ba8821272dbef4f9b818c91) on port 44083
Only local connections are allowed.
Mar 17, 2020 10:05:16 AM org.openqa.selenium.remote.ProtocolHandshake createSession
INFO: Detected dialect: OSS
]]></system-err>
  </testcase>
  <testcase name="Enroll" classname="Tests.FranchisePartner" time="181.63">
    <failure message="Major AR Total Price is Wrong expected [288.4] but found [294.4]" type="java.lang.AssertionError">java.lang.AssertionError: Major AR Total Price is Wrong expected [288.4] but found [294.4]
	at Tests.FranchisePartner.Enroll(FranchisePartner.java:253)
</failure>
    <system-out><![CDATA[Request URL: https://hydraqa.unicity.net/v5a-test/quotes?&expand=item
Entry Quotes response : {"items":[{"currency":"CAD","lines":{"items":[{"item":{"href":"https:\/\/hydraqa.unicity.net\/v5a-test\/items\/fe97499574f54ccd16daec7361208411","id":{"unicity":"26570"}},"terms":{"priceEach":23,"pvEach":13},"quantity":1}]}},{"currency":"CAD","lines":{"items":[{"item":{"href":"https:\/\/hydraqa.unicity.net\/v5a-test\/items\/9666510b53026f2d730c43746482be9c","id":{"unicity":"31849"}},"terms":{"priceEach":182,"pvEach":100},"quantity":1}]}},{"currency":"CAD","lines":{"items":[{"item":{"href":"https:\/\/hydraqa.unicity.net\/v5a-test\/items\/42d7ab6b9834716f6ebdd66f1a86d7b1","id":{"unicity":"30980"}},"terms":{"priceEach":20,"pvEach":8},"quantity":1}]}},{"currency":"CAD","lines":{"items":[{"item":{"href":"https:\/\/hydraqa.unicity.net\/v5a-test\/items\/f847ce37f5942a226f74e671c86709f8","id":{"unicity":"28787"}},"terms":{"priceEach":33,"pvEach":17},"quantity":1}]}},{"currency":"CAD","lines":{"items":[{"item":{"href":"https:\/\/hydraqa.unicity.net\/v5a-test\/items\/0a1fb94492eea4f737d55332ef8479d5","id":{"unicity":"27589"}},"terms":{"priceEach":1100,"pvEach":250},"quantity":1}]}},{"currency":"CAD","lines":{"items":[{"item":{"href":"https:\/\/hydraqa.unicity.net\/v5a-test\/items\/581848fdf2bd6cdafbedf9735f46eb17","id":{"unicity":"27182"}},"terms":{"priceEach":1755,"pvEach":1000},"quantity":1}]}},{"currency":"CAD","lines":{"items":[{"item":{"href":"https:\/\/hydraqa.unicity.net\/v5a-test\/items\/5e53a07a3c37f90fa4fbb21b19b06cac","id":{"unicity":"27184"}},"terms":{"priceEach":1755,"pvEach":1000},"quantity":1}]}},{"currency":"CAD","lines":{"items":[{"item":{"href":"https:\/\/hydraqa.unicity.net\/v5a-test\/items\/1945faa1776541d53120ecfe3c1d8a2b","id":{"unicity":"24418"}},"terms":{"priceEach":5,"pvEach":0},"quantity":1}]}},{"currency":"CAD","lines":{"items":[{"item":{"href":"https:\/\/hydraqa.unicity.net\/v5a-test\/items\/828f9b5bdbceaa7cd3ca6a4532632635","id":{"unicity":"19356"}},"terms":{"priceEach":36,"pvEach":21},"quantity":1}]}},{"currency":"CAD","lines":{"items":[{"item":{"href":"https:\/\/hydraqa.unicity.net\/v5a-test\/items\/1b0412bea8c0b841c66f65a36aa14108","id":{"unicity":"29191"}},"terms":{"priceEach":83,"pvEach":36},"quantity":1}]}},{"currency":"CAD","lines":{"items":[{"item":{"href":"https:\/\/hydraqa.unicity.net\/v5a-test\/items\/cb1cb2d293cc48affee9b2026c31313a","id":{"unicity":"28928"}},"terms":{"priceEach":41,"pvEach":13},"quantity":1}]}},{"currency":"CAD","lines":{"items":[{"item":{"href":"https:\/\/hydraqa.unicity.net\/v5a-test\/items\/2ffc1563d3d0fd7121ca5b1c2184988e","id":{"unicity":"28428"}},"terms":{"priceEach":97,"pvEach":62},"quantity":1}]}},{"currency":"CAD","lines":{"items":[{"item":{"href":"https:\/\/hydraqa.unicity.net\/v5a-test\/items\/637af131553f5822bef2bb0f0577b2e9","id":{"unicity":"28160"}},"terms":{"priceEach":103,"pvEach":62},"quantity":1}]}},{"currency":"CAD","lines":{"items":[{"item":{"href":"https:\/\/hydraqa.unicity.net\/v5a-test\/items\/6e0e7450f45cb9412e5b4642dd1469cb","id":{"unicity":"26579"}},"terms":{"priceEach":21,"pvEach":13},"quantity":1}]}},{"currency":"CAD","lines":{"items":[{"item":{"href":"https:\/\/hydraqa.unicity.net\/v5a-test\/items\/25903b9f5822fe7addc90c0561021374","id":{"unicity":"30136"}},"terms":{"priceEach":293,"pvEach":133},"quantity":1}]}},{"currency":"CAD","lines":{"items":[{"item":{"href":"https:\/\/hydraqa.unicity.net\/v5a-test\/items\/6b12c1e4bef067dceb5ac0ed8c54420d","id":{"unicity":"28096"}},"terms":{"priceEach":23,"pvEach":10},"quantity":1}]}},{"currency":"CAD","lines":{"items":[{"item":{"href":"https:\/\/hydraqa.unicity.net\/v5a-test\/items\/cfc721c9fb00317ed614492f65f21460","id":{"unicity":"31288"}},"terms":{"priceEach":51,"pvEach":30},"quantity":1}]}},{"currency":"CAD","lines":{"items":[{"item":{"href":"https:\/\/hydraqa.unicity.net\/v5a-test\/items\/dd619e405d660b27ccf73ce78079e1d9","id":{"unicity":"28325"}},"terms":{"priceEach":1755,"pvEach":1000},"quantity":1}]}},{"currency":"CAD","lines":{"items":[{"item":{"href":"https:\/\/hydraqa.unicity.net\/v5a-test\/items\/1785a19a6bf5472c7c1ded08cb7fd083","id":{"unicity":"28326"}},"terms":{"priceEach":1755,"pvEach":1000},"quantity":1}]}},{"currency":"CAD","lines":{"items":[{"item":{"href":"https:\/\/hydraqa.unicity.net\/v5a-test\/items\/351c19047c5c800d2db6963b3af5df78","id":{"unicity":"27080"}},"terms":{"priceEach":58,"pvEach":35},"quantity":1}]}},{"currency":"CAD","lines":{"items":[{"item":{"href":"https:\/\/hydraqa.unicity.net\/v5a-test\/items\/4b1b6b6007d154296fd6c4044c789f67","id":{"unicity":"28329"}},"terms":{"priceEach":250,"pvEach":150},"quantity":1}]}},{"currency":"CAD","lines":{"items":[{"item":{"href":"https:\/\/hydraqa.unicity.net\/v5a-test\/items\/bb1a7c3a2902e2cbc4cb2a22fdf1f499","id":{"unicity":"26993"}},"terms":{"priceEach":250,"pvEach":150},"quantity":1}]}},{"currency":"CAD","lines":{"items":[{"item":{"href":"https:\/\/hydraqa.unicity.net\/v5a-test\/items\/ae14f4659032c9e8591a7ac76abd1ad5","id":{"unicity":"26569"}},"terms":{"priceEach":44,"pvEach":30},"quantity":1}]}},{"currency":"CAD","lines":{"items":[{"item":{"href":"https:\/\/hydraqa.unicity.net\/v5a-test\/items\/702718a42df24a0c9435af2fdc464748","id":{"unicity":"27400"}},"terms":{"priceEach":46,"pvEach":30},"quantity":1}]}},{"currency":"CAD","lines":{"items":[{"item":{"href":"https:\/\/hydraqa.unicity.net\/v5a-test\/items\/8407b62b9c4120aa3dfe25c9feb76e4a","id":{"unicity":"28591"}},"terms":{"priceEach":21,"pvEach":15},"quantity":1}]}},{"currency":"CAD","lines":{"items":[{"item":{"href":"https:\/\/hydraqa.unicity.net\/v5a-test\/items\/991cdbb84a495779eb209fb3956a77e4","id":{"unicity":"29183"}},"terms":{"priceEach":55,"pvEach":24},"quantity":1}]}},{"currency":"CAD","lines":{"items":[{"item":{"href":"https:\/\/hydraqa.unicity.net\/v5a-test\/items\/c4744f6ba328b983bfffc7e1e4416ff3","id":{"unicity":"26565"}},"terms":{"priceEach":102,"pvEach":64},"quantity":1}]}},{"currency":"CAD","lines":{"items":[{"item":{"href":"https:\/\/hydraqa.unicity.net\/v5a-test\/items\/10da226fab00279b4f89df10af2a10b7","id":{"unicity":"26442"}},"terms":{"priceEach":9,"pvEach":0},"quantity":1}]}},{"currency":"CAD","lines":{"items":[{"item":{"href":"https:\/\/hydraqa.unicity.net\/v5a-test\/items\/576e0ebc8d1f5b26fc89bf3cd47a26c6","id":{"unicity":"26572"}},"terms":{"priceEach":96,"pvEach":56},"quantity":1}]}},{"currency":"CAD","lines":{"items":[{"item":{"href":"https:\/\/hydraqa.unicity.net\/v5a-test\/items\/60b5ca15c481444657970edde11b04ce","id":{"unicity":"26571"}},"terms":{"priceEach":96,"pvEach":56},"quantity":1}]}},{"currency":"CAD","lines":{"items":[{"item":{"href":"https:\/\/hydraqa.unicity.net\/v5a-test\/items\/e77144fa2fcf6a4dc73c15b4d615c1aa","id":{"unicity":"28437"}},"terms":{"priceEach":74,"pvEach":33},"quantity":1}]}},{"currency":"CAD","lines":{"items":[{"item":{"href":"https:\/\/hydraqa.unicity.net\/v5a-test\/items\/b24413d1812bb9c95ba6ff7e26bad8ff","id":{"unicity":"26566"}},"terms":{"priceEach":47,"pvEach":32},"quantity":1}]}},{"currency":"CAD","lines":{"items":[{"item":{"href":"https:\/\/hydraqa.unicity.net\/v5a-test\/items\/46ea1edabdcf18f49817c437346958eb","id":{"unicity":"29147"}},"terms":{"priceEach":74,"pvEach":33},"quantity":1}]}},{"currency":"CAD","lines":{"items":[{"item":{"href":"https:\/\/hydraqa.unicity.net\/v5a-test\/items\/3ddd31ddbe0e5807756d2488e7cc3602","id":{"unicity":"31440"}},"terms":{"priceEach":40,"pvEach":0},"quantity":1}]}},{"currency":"CAD","lines":{"items":[{"item":{"href":"https:\/\/hydraqa.unicity.net\/v5a-test\/items\/5990c3ea5f48eb212ab30fd557f75397","id":{"unicity":"31442"}},"terms":{"priceEach":40,"pvEach":0},"quantity":1}]}},{"currency":"CAD","lines":{"items":[{"item":{"href":"https:\/\/hydraqa.unicity.net\/v5a-test\/items\/91a6016282310b83203d0bb7bea14a0f","id":{"unicity":"29050"}},"terms":{"priceEach":13,"pvEach":0},"quantity":1}]}},{"currency":"CAD","lines":{"items":[{"item":{"href":"https:\/\/hydraqa.unicity.net\/v5a-test\/items\/5c430db0256426c4b730bc6994a94a02","id":{"unicity":"31773"}},"terms":{"priceEach":30,"pvEach":13},"quantity":1}]}},{"currency":"CAD","lines":{"items":[{"item":{"href":"https:\/\/hydraqa.unicity.net\/v5a-test\/items\/e84750c27b2b9f10e6b4d2ab5a1954ba","id":{"unicity":"30115"}},"terms":{"priceEach":110,"pvEach":56},"quantity":1}]}},{"currency":"CAD","lines":{"items":[{"item":{"href":"https:\/\/hydraqa.unicity.net\/v5a-test\/items\/a40ede5f6847ec094ad8a38616ced7d0","id":{"unicity":"28100"}},"terms":{"priceEach":40,"pvEach":25},"quantity":1}]}}]}
Entry request : {"order":{"customer":{"href":"https://hydraqa.unicity.net/v5a-test/customers?type=Associate"},"shipToAddress":{"country":"CA"}},"vary":{"lines":{"items":[{"item":{"href":"https://hydraqa.unicity.net/v5a-test/items?id.unicity=26993|31440|31442|27182|27184|28325|28327|26994|26995|26996|28330|28331|28332|26572|27400|24418|29147|28437|28591|26580|26442|28370|28096|26571|29050|28326|28328|28329|28428|28160|26574|26565|26570|26569|27589|27080|13668|28787|26566|26579|19356|28928|20436|28100|28845|29183|29185|29191|30115|30980|31110|31773|31288|32152|30136|31849"}}]}}}
Request URL: https://hydraqa.unicity.net/v5a-test/customers.js?callback=angular.callbacks._1&expand=customer,profilePicture&id.unicity=2
Request URL: https://hydraqa.unicity.net/v5a-test/customers.js?_httpMethod=HEAD&callback=angular.callbacks._7&email=EZODMU@gmail.com
Request URL: https://hydraqa.unicity.net/v5a-test/shippingmethods.js?callback=angular.callbacks._a&destination=CA&market=CA
Request URL: https://hydraqa.unicity.net/v5a-test/addresses?country=CA&zip=B4V2K4
Entry response : {"items":[{"city":"Bridgewater","state":"NS"}]}
]]></system-out>
    <system-err><![CDATA[Starting ChromeDriver 2.36.540470 (e522d04694c7ebea4ba8821272dbef4f9b818c91) on port 15022
Only local connections are allowed.
Mar 17, 2020 10:10:13 AM org.openqa.selenium.remote.ProtocolHandshake createSession
INFO: Detected dialect: OSS
]]></system-err>
  </testcase>
  <testcase name="Enroll" classname="Tests.FranchisePartner" time="210.19">
    <failure message="Major AR Total Price is Wrong expected [288.4] but found [294.4]" type="java.lang.AssertionError">java.lang.AssertionError: Major AR Total Price is Wrong expected [288.4] but found [294.4]
	at Tests.FranchisePartner.Enroll(FranchisePartner.java:253)
</failure>
    <system-out><![CDATA[Request URL: https://hydraqa.unicity.net/v5a-test/quotes?&expand=item
Entry Quotes response : {"items":[{"currency":"CAD","lines":{"items":[{"item":{"href":"https:\/\/hydraqa.unicity.net\/v5a-test\/items\/fe97499574f54ccd16daec7361208411","id":{"unicity":"26570"}},"terms":{"priceEach":23,"pvEach":13},"quantity":1}]}},{"currency":"CAD","lines":{"items":[{"item":{"href":"https:\/\/hydraqa.unicity.net\/v5a-test\/items\/9666510b53026f2d730c43746482be9c","id":{"unicity":"31849"}},"terms":{"priceEach":182,"pvEach":100},"quantity":1}]}},{"currency":"CAD","lines":{"items":[{"item":{"href":"https:\/\/hydraqa.unicity.net\/v5a-test\/items\/42d7ab6b9834716f6ebdd66f1a86d7b1","id":{"unicity":"30980"}},"terms":{"priceEach":20,"pvEach":8},"quantity":1}]}},{"currency":"CAD","lines":{"items":[{"item":{"href":"https:\/\/hydraqa.unicity.net\/v5a-test\/items\/f847ce37f5942a226f74e671c86709f8","id":{"unicity":"28787"}},"terms":{"priceEach":33,"pvEach":17},"quantity":1}]}},{"currency":"CAD","lines":{"items":[{"item":{"href":"https:\/\/hydraqa.unicity.net\/v5a-test\/items\/0a1fb94492eea4f737d55332ef8479d5","id":{"unicity":"27589"}},"terms":{"priceEach":1100,"pvEach":250},"quantity":1}]}},{"currency":"CAD","lines":{"items":[{"item":{"href":"https:\/\/hydraqa.unicity.net\/v5a-test\/items\/581848fdf2bd6cdafbedf9735f46eb17","id":{"unicity":"27182"}},"terms":{"priceEach":1755,"pvEach":1000},"quantity":1}]}},{"currency":"CAD","lines":{"items":[{"item":{"href":"https:\/\/hydraqa.unicity.net\/v5a-test\/items\/5e53a07a3c37f90fa4fbb21b19b06cac","id":{"unicity":"27184"}},"terms":{"priceEach":1755,"pvEach":1000},"quantity":1}]}},{"currency":"CAD","lines":{"items":[{"item":{"href":"https:\/\/hydraqa.unicity.net\/v5a-test\/items\/1945faa1776541d53120ecfe3c1d8a2b","id":{"unicity":"24418"}},"terms":{"priceEach":5,"pvEach":0},"quantity":1}]}},{"currency":"CAD","lines":{"items":[{"item":{"href":"https:\/\/hydraqa.unicity.net\/v5a-test\/items\/828f9b5bdbceaa7cd3ca6a4532632635","id":{"unicity":"19356"}},"terms":{"priceEach":36,"pvEach":21},"quantity":1}]}},{"currency":"CAD","lines":{"items":[{"item":{"href":"https:\/\/hydraqa.unicity.net\/v5a-test\/items\/1b0412bea8c0b841c66f65a36aa14108","id":{"unicity":"29191"}},"terms":{"priceEach":83,"pvEach":36},"quantity":1}]}},{"currency":"CAD","lines":{"items":[{"item":{"href":"https:\/\/hydraqa.unicity.net\/v5a-test\/items\/cb1cb2d293cc48affee9b2026c31313a","id":{"unicity":"28928"}},"terms":{"priceEach":41,"pvEach":13},"quantity":1}]}},{"currency":"CAD","lines":{"items":[{"item":{"href":"https:\/\/hydraqa.unicity.net\/v5a-test\/items\/2ffc1563d3d0fd7121ca5b1c2184988e","id":{"unicity":"28428"}},"terms":{"priceEach":97,"pvEach":62},"quantity":1}]}},{"currency":"CAD","lines":{"items":[{"item":{"href":"https:\/\/hydraqa.unicity.net\/v5a-test\/items\/637af131553f5822bef2bb0f0577b2e9","id":{"unicity":"28160"}},"terms":{"priceEach":103,"pvEach":62},"quantity":1}]}},{"currency":"CAD","lines":{"items":[{"item":{"href":"https:\/\/hydraqa.unicity.net\/v5a-test\/items\/6e0e7450f45cb9412e5b4642dd1469cb","id":{"unicity":"26579"}},"terms":{"priceEach":21,"pvEach":13},"quantity":1}]}},{"currency":"CAD","lines":{"items":[{"item":{"href":"https:\/\/hydraqa.unicity.net\/v5a-test\/items\/25903b9f5822fe7addc90c0561021374","id":{"unicity":"30136"}},"terms":{"priceEach":293,"pvEach":133},"quantity":1}]}},{"currency":"CAD","lines":{"items":[{"item":{"href":"https:\/\/hydraqa.unicity.net\/v5a-test\/items\/6b12c1e4bef067dceb5ac0ed8c54420d","id":{"unicity":"28096"}},"terms":{"priceEach":23,"pvEach":10},"quantity":1}]}},{"currency":"CAD","lines":{"items":[{"item":{"href":"https:\/\/hydraqa.unicity.net\/v5a-test\/items\/cfc721c9fb00317ed614492f65f21460","id":{"unicity":"31288"}},"terms":{"priceEach":51,"pvEach":30},"quantity":1}]}},{"currency":"CAD","lines":{"items":[{"item":{"href":"https:\/\/hydraqa.unicity.net\/v5a-test\/items\/dd619e405d660b27ccf73ce78079e1d9","id":{"unicity":"28325"}},"terms":{"priceEach":1755,"pvEach":1000},"quantity":1}]}},{"currency":"CAD","lines":{"items":[{"item":{"href":"https:\/\/hydraqa.unicity.net\/v5a-test\/items\/1785a19a6bf5472c7c1ded08cb7fd083","id":{"unicity":"28326"}},"terms":{"priceEach":1755,"pvEach":1000},"quantity":1}]}},{"currency":"CAD","lines":{"items":[{"item":{"href":"https:\/\/hydraqa.unicity.net\/v5a-test\/items\/351c19047c5c800d2db6963b3af5df78","id":{"unicity":"27080"}},"terms":{"priceEach":58,"pvEach":35},"quantity":1}]}},{"currency":"CAD","lines":{"items":[{"item":{"href":"https:\/\/hydraqa.unicity.net\/v5a-test\/items\/4b1b6b6007d154296fd6c4044c789f67","id":{"unicity":"28329"}},"terms":{"priceEach":250,"pvEach":150},"quantity":1}]}},{"currency":"CAD","lines":{"items":[{"item":{"href":"https:\/\/hydraqa.unicity.net\/v5a-test\/items\/bb1a7c3a2902e2cbc4cb2a22fdf1f499","id":{"unicity":"26993"}},"terms":{"priceEach":250,"pvEach":150},"quantity":1}]}},{"currency":"CAD","lines":{"items":[{"item":{"href":"https:\/\/hydraqa.unicity.net\/v5a-test\/items\/ae14f4659032c9e8591a7ac76abd1ad5","id":{"unicity":"26569"}},"terms":{"priceEach":44,"pvEach":30},"quantity":1}]}},{"currency":"CAD","lines":{"items":[{"item":{"href":"https:\/\/hydraqa.unicity.net\/v5a-test\/items\/702718a42df24a0c9435af2fdc464748","id":{"unicity":"27400"}},"terms":{"priceEach":46,"pvEach":30},"quantity":1}]}},{"currency":"CAD","lines":{"items":[{"item":{"href":"https:\/\/hydraqa.unicity.net\/v5a-test\/items\/8407b62b9c4120aa3dfe25c9feb76e4a","id":{"unicity":"28591"}},"terms":{"priceEach":21,"pvEach":15},"quantity":1}]}},{"currency":"CAD","lines":{"items":[{"item":{"href":"https:\/\/hydraqa.unicity.net\/v5a-test\/items\/991cdbb84a495779eb209fb3956a77e4","id":{"unicity":"29183"}},"terms":{"priceEach":55,"pvEach":24},"quantity":1}]}},{"currency":"CAD","lines":{"items":[{"item":{"href":"https:\/\/hydraqa.unicity.net\/v5a-test\/items\/c4744f6ba328b983bfffc7e1e4416ff3","id":{"unicity":"26565"}},"terms":{"priceEach":102,"pvEach":64},"quantity":1}]}},{"currency":"CAD","lines":{"items":[{"item":{"href":"https:\/\/hydraqa.unicity.net\/v5a-test\/items\/10da226fab00279b4f89df10af2a10b7","id":{"unicity":"26442"}},"terms":{"priceEach":9,"pvEach":0},"quantity":1}]}},{"currency":"CAD","lines":{"items":[{"item":{"href":"https:\/\/hydraqa.unicity.net\/v5a-test\/items\/576e0ebc8d1f5b26fc89bf3cd47a26c6","id":{"unicity":"26572"}},"terms":{"priceEach":96,"pvEach":56},"quantity":1}]}},{"currency":"CAD","lines":{"items":[{"item":{"href":"https:\/\/hydraqa.unicity.net\/v5a-test\/items\/60b5ca15c481444657970edde11b04ce","id":{"unicity":"26571"}},"terms":{"priceEach":96,"pvEach":56},"quantity":1}]}},{"currency":"CAD","lines":{"items":[{"item":{"href":"https:\/\/hydraqa.unicity.net\/v5a-test\/items\/e77144fa2fcf6a4dc73c15b4d615c1aa","id":{"unicity":"28437"}},"terms":{"priceEach":74,"pvEach":33},"quantity":1}]}},{"currency":"CAD","lines":{"items":[{"item":{"href":"https:\/\/hydraqa.unicity.net\/v5a-test\/items\/b24413d1812bb9c95ba6ff7e26bad8ff","id":{"unicity":"26566"}},"terms":{"priceEach":47,"pvEach":32},"quantity":1}]}},{"currency":"CAD","lines":{"items":[{"item":{"href":"https:\/\/hydraqa.unicity.net\/v5a-test\/items\/46ea1edabdcf18f49817c437346958eb","id":{"unicity":"29147"}},"terms":{"priceEach":74,"pvEach":33},"quantity":1}]}},{"currency":"CAD","lines":{"items":[{"item":{"href":"https:\/\/hydraqa.unicity.net\/v5a-test\/items\/3ddd31ddbe0e5807756d2488e7cc3602","id":{"unicity":"31440"}},"terms":{"priceEach":40,"pvEach":0},"quantity":1}]}},{"currency":"CAD","lines":{"items":[{"item":{"href":"https:\/\/hydraqa.unicity.net\/v5a-test\/items\/5990c3ea5f48eb212ab30fd557f75397","id":{"unicity":"31442"}},"terms":{"priceEach":40,"pvEach":0},"quantity":1}]}},{"currency":"CAD","lines":{"items":[{"item":{"href":"https:\/\/hydraqa.unicity.net\/v5a-test\/items\/91a6016282310b83203d0bb7bea14a0f","id":{"unicity":"29050"}},"terms":{"priceEach":13,"pvEach":0},"quantity":1}]}},{"currency":"CAD","lines":{"items":[{"item":{"href":"https:\/\/hydraqa.unicity.net\/v5a-test\/items\/5c430db0256426c4b730bc6994a94a02","id":{"unicity":"31773"}},"terms":{"priceEach":30,"pvEach":13},"quantity":1}]}},{"currency":"CAD","lines":{"items":[{"item":{"href":"https:\/\/hydraqa.unicity.net\/v5a-test\/items\/e84750c27b2b9f10e6b4d2ab5a1954ba","id":{"unicity":"30115"}},"terms":{"priceEach":110,"pvEach":56},"quantity":1}]}},{"currency":"CAD","lines":{"items":[{"item":{"href":"https:\/\/hydraqa.unicity.net\/v5a-test\/items\/a40ede5f6847ec094ad8a38616ced7d0","id":{"unicity":"28100"}},"terms":{"priceEach":40,"pvEach":25},"quantity":1}]}}]}
Entry request : {"order":{"customer":{"href":"https://hydraqa.unicity.net/v5a-test/customers?type=Associate"},"shipToAddress":{"country":"CA"}},"vary":{"lines":{"items":[{"item":{"href":"https://hydraqa.unicity.net/v5a-test/items?id.unicity=26993|31440|31442|27182|27184|28325|28327|26994|26995|26996|28330|28331|28332|26572|27400|24418|29147|28437|28591|26580|26442|28370|28096|26571|29050|28326|28328|28329|28428|28160|26574|26565|26570|26569|27589|27080|13668|28787|26566|26579|19356|28928|20436|28100|28845|29183|29185|29191|30115|30980|31110|31773|31288|32152|30136|31849"}}]}}}
Request URL: https://hydraqa.unicity.net/v5a-test/customers.js?callback=angular.callbacks._1&expand=customer,profilePicture&id.unicity=2
Request URL: https://hydraqa.unicity.net/v5a-test/customers.js?_httpMethod=HEAD&callback=angular.callbacks._7&email=TNFMEC@gmail.com
Request URL: https://hydraqa.unicity.net/v5a-test/shippingmethods.js?callback=angular.callbacks._a&destination=CA&market=CA
Request URL: https://hydraqa.unicity.net/v5a-test/addresses?country=CA&zip=B4V2K4
Entry response : {"items":[{"city":"Bridgewater","state":"NS"}]}
]]></system-out>
    <system-err><![CDATA[Starting ChromeDriver 2.36.540470 (e522d04694c7ebea4ba8821272dbef4f9b818c91) on port 12456
Only local connections are allowed.
Mar 17, 2020 10:13:21 AM org.openqa.selenium.remote.ProtocolHandshake createSession
INFO: Detected dialect: OSS
]]></system-err>
  </testcase>
  <testcase name="Enroll" classname="Tests.FranchisePartner" time="217.193">
    <failure message="Major zip code expected [null] but found []" type="java.lang.AssertionError">java.lang.AssertionError: Major zip code expected [null] but found []
	at Tests.FranchisePartner.Enroll(FranchisePartner.java:253)
</failure>
    <system-out><![CDATA[Request URL: https://hydraqa.unicity.net/v5a-test/customers.js?_httpMethod=HEAD&callback=angular.callbacks._8&email=JVPLEY@gmail.com
{sponsor=2, gender=female, city=TestCity, signature=TestSignature, cartprice=747.739, enroller=2, responsedob=1995-03-19, language=Español, locale=es, type=Associate, coapplicanttype=Spouse, platform=QA, lname=TestLastName, password=Unicity, genderoption=Femenino, Currency=USD, api=8, email=JVPLEY@gmail.com, coapplicant=TestSpouseName, fname=TestFirstName, prefferd=Colombia, address2=Address 2, address1=Address 1, shippingmethod=type=WillCall&location=Bogota, Recoger, version=v5a-test/, testcase=normal, market=Colombia, referral=yes, martial=Single, phone=9823746323, dob=19/03/1995, govid=710045281, proto=https://hydraqa.unicity.net/, marketcode=CO, maritaloption=Soltero, ccname=CCNameTest}
Request URL: https://hydraqa.unicity.net/v5a-test/orders.js
Entry request : {"customer":{"mainAddress":{"city":"TestCity","country":"CO","state":"COR","zip":"","address1":"Address 1","address2":"Address 2"},"humanName":{"firstName":"TestFirstName","lastName":"TestLastName"},"email":"JVPLEY@gmail.com","preferredLocale":"es-CO","password":{"value":"Unicity"},"gender":"female","maritalStatus":"Single","type":"Associate","sponsor":{"href":"https://hydraqa.unicity.net/v5a-test/customers?id.unicity=2"},"enroller":{"href":"https://hydraqa.unicity.net/v5a-test/customers?id.unicity=2"},"homePhone":"9823746323","birthDate":"1995-03-19","coapplicant":{"type":"Spouse","details":{"humanName":{"firstName":"TestSpouseName","lastName":""}}},"rights":[],"signature":{"value":"TestSignature"},"taxTerms":{"taxId":"710045281","taxIdExpires":"2025-12-30"}},"lines":{"items":[{"item":{"href":"https://hydraqa.unicity.net/v5a-test/items?id.unicity=28228"},"quantity":1},{"item":{"href":"https://hydraqa.unicity.net/v5a-test/items?id.unicity=32207"},"quantity":1}]},"shipToName":{"firstName":"TestFirstName","lastName":"TestLastName"},"shipToPhone":"9823746323","shipToEmail":"JVPLEY@gmail.com","shipToAddress":{"city":"TestCity","country":"CO","state":"COR","address1":"Address 1","address2":"Address 2","zip":""},"shippingMethod":{"href":"https://hydraqa.unicity.net/v5a-test/shippingmethods?type=WillCall&location=Bogota, Recoger"},"notes":"","transactions":{"items":[{"amount":"this.terms.total","type":"AuthorizeAndCapture","method":"CreditCard","methodDetails":{"creditCardNumber":"4111111111111111","payer":"CCNameTest","creditCardExpires":"2020-10","creditCardSecurityCode":"123"}}]}}
Entry response : {"meta":{"Link":"<http:\/\/unicity.github.io\/Hydra.php\/docs\/v5\/>; rel=\"help\"","X-Request-UUID":"81b34bdf-8428-438c-b465-8ad476f01784","X-Request-Release":"5-2020030902\/master","Cache-Control":"no-cache, must-revalidate","Expires":"0","X-Powered-By":"Luracast Restler v3.0.0rc5","Content-Type":"text\/javascript; charset=utf-8","Content-Language":"en","X-Status-Code":"402"},"data":{"error":{"code":402,"message":"Payment Required","error_code":"3009","error_message":"Could not authorize and capture credit card payment. Error #C4X3J"}}}
Headers-->keep-alive
Headers-->1603
Headers-->application/json, text/plain, */*
Headers-->http://enroll.ng.unicityqa.com
Headers-->empty
Headers-->es-CO
]]></system-out>
    <system-err><![CDATA[Starting ChromeDriver 2.36.540470 (e522d04694c7ebea4ba8821272dbef4f9b818c91) on port 35352
Only local connections are allowed.
Mar 17, 2020 10:16:58 AM org.openqa.selenium.remote.ProtocolHandshake createSession
INFO: Detected dialect: OSS
]]></system-err>
  </testcase>
  <testcase name="Enroll" classname="Tests.FranchisePartner" time="296.116">
    <failure message="Major Market expected [DK] but found [null]" type="java.lang.AssertionError">java.lang.AssertionError: Major Market expected [DK] but found [null]
	at Tests.FranchisePartner.Enroll(FranchisePartner.java:253)
</failure>
    <system-out><![CDATA[Request URL: https://hydraqa.unicity.net/v5a-test/quotes?&expand=item
Entry Quotes response : {"items":[{"lines":{"items":[{"item":{"href":"https:\/\/hydraqa.unicity.net\/v5a-test\/items\/d92292ba2f23c030e4a1f63eb3ebe1ce","id":{"unicity":"27158"},"weightEach":{"value":0},"servingsPerContainer":0,"servingSize":0},"quantity":1,"terms":{"priceEach":27.94,"taxEach":{"amount":2.51},"discountEach":{"amount":0},"pvEach":23}}]},"currency":"EUR"},{"lines":{"items":[{"item":{"href":"https:\/\/hydraqa.unicity.net\/v5a-test\/items\/6447f84f6ef7782049a369b983428bb7","id":{"unicity":"31336"},"weightEach":{"value":0},"servingsPerContainer":0,"servingSize":0},"quantity":1,"terms":{"priceEach":224.21,"taxEach":{"amount":20.18},"discountEach":{"amount":0},"pvEach":165}}]},"currency":"EUR"},{"lines":{"items":[{"item":{"href":"https:\/\/hydraqa.unicity.net\/v5a-test\/items\/31cb0679f65df8fa9a4fc3d7e38b72b3","id":{"unicity":"31763"},"weightEach":{"value":0},"servingsPerContainer":0,"servingSize":0},"quantity":1,"terms":{"priceEach":243.3,"taxEach":{"amount":21.9},"discountEach":{"amount":0},"pvEach":181}}]},"currency":"EUR"},{"lines":{"items":[{"item":{"href":"https:\/\/hydraqa.unicity.net\/v5a-test\/items\/e9991b48ac639367d526d2b9b22fac8c","id":{"unicity":"32128"},"weightEach":{"value":0},"servingsPerContainer":0,"servingSize":0},"quantity":1,"terms":{"priceEach":371.87,"taxEach":{"amount":33.47},"discountEach":{"amount":0},"pvEach":253}}]},"currency":"EUR"},{"lines":{"items":[{"item":{"href":"https:\/\/hydraqa.unicity.net\/v5a-test\/items\/40b3312de189221d96d838d33a8ec49d","id":{"unicity":"32129"},"weightEach":{"value":0},"servingsPerContainer":0,"servingSize":0},"quantity":1,"terms":{"priceEach":371.87,"taxEach":{"amount":33.47},"discountEach":{"amount":0},"pvEach":254}}]},"currency":"EUR"},{"lines":{"items":[{"item":{"href":"https:\/\/hydraqa.unicity.net\/v5a-test\/items\/6bd168a66ce41003a8f30917deff5808","id":{"unicity":"32130"},"weightEach":{"value":0},"servingsPerContainer":0,"servingSize":0},"quantity":1,"terms":{"priceEach":363.46,"taxEach":{"amount":32.71},"discountEach":{"amount":0},"pvEach":252}}]},"currency":"EUR"},{"lines":{"items":[{"item":{"href":"https:\/\/hydraqa.unicity.net\/v5a-test\/items\/806f99b793edd7cd0b1c158ba0eb3142","id":{"unicity":"32132"},"weightEach":{"value":0},"servingsPerContainer":0,"servingSize":0},"quantity":1,"terms":{"priceEach":355.98,"taxEach":{"amount":32.04},"discountEach":{"amount":0},"pvEach":253}}]},"currency":"EUR"},{"lines":{"items":[{"item":{"href":"https:\/\/hydraqa.unicity.net\/v5a-test\/items\/e3d382d99fde8659cb146b54116e7654","id":{"unicity":"32133"},"weightEach":{"value":0},"servingsPerContainer":0,"servingSize":0},"quantity":1,"terms":{"priceEach":364.39,"taxEach":{"amount":32.8},"discountEach":{"amount":0},"pvEach":252}}]},"currency":"EUR"},{"lines":{"items":[{"item":{"href":"https:\/\/hydraqa.unicity.net\/v5a-test\/items\/022f109fe6e5eae3e521295a5cb94c60","id":{"unicity":"32134"},"weightEach":{"value":0},"servingsPerContainer":0,"servingSize":0},"quantity":1,"terms":{"priceEach":144.77,"taxEach":{"amount":13.03},"discountEach":{"amount":0},"pvEach":101}}]},"currency":"EUR"},{"lines":{"items":[{"item":{"href":"https:\/\/hydraqa.unicity.net\/v5a-test\/items\/ded00960d5e948dd8e511a9c752e1ff9","id":{"unicity":"32135"},"weightEach":{"value":0},"servingsPerContainer":0,"servingSize":0},"quantity":1,"terms":{"priceEach":154.11,"taxEach":{"amount":13.87},"discountEach":{"amount":0},"pvEach":113}}]},"currency":"EUR"},{"lines":{"items":[{"item":{"href":"https:\/\/hydraqa.unicity.net\/v5a-test\/items\/d8736cc35cf9f4734fd76da71c53dc05","id":{"unicity":"32136"},"weightEach":{"value":0},"servingsPerContainer":0,"servingSize":0},"quantity":1,"terms":{"priceEach":141.96,"taxEach":{"amount":12.78},"discountEach":{"amount":0},"pvEach":102}}]},"currency":"EUR"},{"lines":{"items":[{"item":{"href":"https:\/\/hydraqa.unicity.net\/v5a-test\/items\/166a69d45c4ae40278554e24d5f40443","id":{"unicity":"32137"},"weightEach":{"value":0},"servingsPerContainer":0,"servingSize":0},"quantity":1,"terms":{"priceEach":168.13,"taxEach":{"amount":15.13},"discountEach":{"amount":0},"pvEach":118}}]},"currency":"EUR"},{"lines":{"items":[{"item":{"href":"https:\/\/hydraqa.unicity.net\/v5a-test\/items\/d04a0b8762b20202b6273114fb7302d1","id":{"unicity":"32138"},"weightEach":{"value":0},"servingsPerContainer":0,"servingSize":0},"quantity":1,"terms":{"priceEach":224.21,"taxEach":{"amount":20.18},"discountEach":{"amount":0},"pvEach":152}}]},"currency":"EUR"},{"lines":{"items":[{"item":{"href":"https:\/\/hydraqa.unicity.net\/v5a-test\/items\/e13d0b5c40704ad5dd186959367c97f1","id":{"unicity":"32125"},"weightEach":{"value":0},"servingsPerContainer":0,"servingSize":0},"quantity":1,"terms":{"priceEach":373.74,"taxEach":{"amount":33.64},"discountEach":{"amount":0},"pvEach":250}}]},"currency":"EUR"},{"lines":{"items":[{"item":{"href":"https:\/\/hydraqa.unicity.net\/v5a-test\/items\/c451532f63a06f0e9a054e946a1a1c3b","id":{"unicity":"18511"},"weightEach":{"value":0},"servingsPerContainer":0,"servingSize":0},"quantity":1,"terms":{"priceEach":37.29,"taxEach":{"amount":3.36},"discountEach":{"amount":0},"pvEach":23}}]},"currency":"EUR"},{"lines":{"items":[{"item":{"href":"https:\/\/hydraqa.unicity.net\/v5a-test\/items\/9752a919e28f96747163918165b46f23","id":{"unicity":"19941"},"weightEach":{"value":558},"servingsPerContainer":15,"servingSize":0},"quantity":1,"terms":{"priceEach":32.62,"taxEach":{"amount":2.94},"discountEach":{"amount":0},"pvEach":20}}]},"currency":"EUR"},{"lines":{"items":[{"item":{"href":"https:\/\/hydraqa.unicity.net\/v5a-test\/items\/4e49c95f12ae7be78e5ffab68b8b3ca6","id":{"unicity":"26422"},"weightEach":{"value":0},"servingsPerContainer":0,"servingSize":0},"quantity":1,"terms":{"priceEach":19,"taxEach":{"amount":1.71},"discountEach":{"amount":0},"pvEach":16}}]},"currency":"EUR"},{"lines":{"items":[{"item":{"href":"https:\/\/hydraqa.unicity.net\/v5a-test\/items\/50e73ecfa509ac20c4a250f9cb32fdfc","id":{"unicity":"27156"},"weightEach":{"value":0},"servingsPerContainer":0,"servingSize":0},"quantity":1,"terms":{"priceEach":20.47,"taxEach":{"amount":1.84},"discountEach":{"amount":0},"pvEach":13}}]},"currency":"EUR"},{"lines":{"items":[{"item":{"href":"https:\/\/hydraqa.unicity.net\/v5a-test\/items\/0d3b8d4f7c4d4082db1b4ecffb6693fb","id":{"unicity":"27160"},"weightEach":{"value":0},"servingsPerContainer":0,"servingSize":0},"quantity":1,"terms":{"priceEach":74.67,"taxEach":{"amount":6.72},"discountEach":{"amount":0},"pvEach":53}}]},"currency":"EUR"},{"lines":{"items":[{"item":{"href":"https:\/\/hydraqa.unicity.net\/v5a-test\/items\/ac37bf51ff7e4fe860da8457f6ce0425","id":{"unicity":"27166"},"weightEach":{"value":0},"servingsPerContainer":0,"servingSize":0},"quantity":1,"terms":{"priceEach":74.67,"taxEach":{"amount":6.72},"discountEach":{"amount":0},"pvEach":54}}]},"currency":"EUR"},{"lines":{"items":[{"item":{"href":"https:\/\/hydraqa.unicity.net\/v5a-test\/items\/a7bda1cb4a35343e52791aba56debc4a","id":{"unicity":"27617"},"weightEach":{"value":0},"servingsPerContainer":0,"servingSize":0},"quantity":1,"terms":{"priceEach":29.81,"taxEach":{"amount":2.68},"discountEach":{"amount":0},"pvEach":18}}]},"currency":"EUR"},{"lines":{"items":[{"item":{"href":"https:\/\/hydraqa.unicity.net\/v5a-test\/items\/a36d9fdd0fd7561e6180fb5b2ff27164","id":{"unicity":"27660"},"weightEach":{"value":0},"servingsPerContainer":0,"servingSize":0},"quantity":1,"terms":{"priceEach":31.68,"taxEach":{"amount":2.85},"discountEach":{"amount":0},"pvEach":18}}]},"currency":"EUR"},{"lines":{"items":[{"item":{"href":"https:\/\/hydraqa.unicity.net\/v5a-test\/items\/112b8c39286598b3730f630f371a45f4","id":{"unicity":"27587"},"weightEach":{"value":0},"servingsPerContainer":0,"servingSize":0},"quantity":1,"terms":{"priceEach":55.98,"taxEach":{"amount":5.04},"discountEach":{"amount":0},"pvEach":34}}]},"currency":"EUR"},{"lines":{"items":[{"item":{"href":"https:\/\/hydraqa.unicity.net\/v5a-test\/items\/0c0717a26fcfe40310e906487e8a12f7","id":{"unicity":"28601"},"weightEach":{"value":0},"servingsPerContainer":0,"servingSize":0},"quantity":1,"terms":{"priceEach":74.67,"taxEach":{"amount":6.72},"discountEach":{"amount":0},"pvEach":54}}]},"currency":"EUR"},{"lines":{"items":[{"item":{"href":"https:\/\/hydraqa.unicity.net\/v5a-test\/items\/4790a55c442b5dc75a13b155e78c1842","id":{"unicity":"28604"},"weightEach":{"value":0},"servingsPerContainer":0,"servingSize":0},"quantity":1,"terms":{"priceEach":74.67,"taxEach":{"amount":6.72},"discountEach":{"amount":0},"pvEach":54}}]},"currency":"EUR"},{"lines":{"items":[{"item":{"href":"https:\/\/hydraqa.unicity.net\/v5a-test\/items\/024e696f8b44a1d315006e676604cd31","id":{"unicity":"27395"},"weightEach":{"value":0},"servingsPerContainer":0,"servingSize":0},"quantity":1,"terms":{"priceEach":29.81,"taxEach":{"amount":2.68},"discountEach":{"amount":0},"pvEach":18}}]},"currency":"EUR"},{"lines":{"items":[{"item":{"href":"https:\/\/hydraqa.unicity.net\/v5a-test\/items\/398d06b858b960f6f38086d40608aef2","id":{"unicity":"26560"},"weightEach":{"value":0},"servingsPerContainer":0,"servingSize":0},"quantity":1,"terms":{"priceEach":20.47,"taxEach":{"amount":1.84},"discountEach":{"amount":0},"pvEach":13}}]},"currency":"EUR"},{"lines":{"items":[{"item":{"href":"https:\/\/hydraqa.unicity.net\/v5a-test\/items\/e218d1cac5f31e7ae4f5876c29c57377","id":{"unicity":"29017"},"weightEach":{"value":0},"servingsPerContainer":0,"servingSize":0},"quantity":1,"terms":{"priceEach":37.29,"taxEach":{"amount":3.36},"discountEach":{"amount":0},"pvEach":23}}]},"currency":"EUR"},{"lines":{"items":[{"item":{"href":"https:\/\/hydraqa.unicity.net\/v5a-test\/items\/64ec7ad932acafab052a4e8800ad1238","id":{"unicity":"24758"},"weightEach":{"value":0},"servingsPerContainer":0,"servingSize":0},"quantity":1,"terms":{"priceEach":37.29,"taxEach":{"amount":3.36},"discountEach":{"amount":0},"pvEach":23}}]},"currency":"EUR"},{"lines":{"items":[{"item":{"href":"https:\/\/hydraqa.unicity.net\/v5a-test\/items\/2c4c1abe00983e85aaa918d2ce341491","id":{"unicity":"17174"},"weightEach":{"value":0},"servingsPerContainer":0,"servingSize":0},"quantity":1,"terms":{"priceEach":37.29,"taxEach":{"amount":3.36},"discountEach":{"amount":0},"pvEach":23}}]},"currency":"EUR"},{"lines":{"items":[{"item":{"href":"https:\/\/hydraqa.unicity.net\/v5a-test\/items\/db0a2b02eaabc5ad45fe91ba5c7bcf5a","id":{"unicity":"31772"},"weightEach":{"value":0},"servingsPerContainer":0,"servingSize":0},"quantity":1,"terms":{"priceEach":8.32,"taxEach":{"amount":1.75},"discountEach":{"amount":0},"pvEach":0}}]},"currency":"EUR"},{"lines":{"items":[{"item":{"href":"https:\/\/hydraqa.unicity.net\/v5a-test\/items\/2262fdd5af916c31df08089c191735c1","id":{"unicity":"29317"},"weightEach":{"value":0},"servingsPerContainer":0,"servingSize":0},"quantity":1,"terms":{"priceEach":25.21,"taxEach":{"amount":5.29},"discountEach":{"amount":0},"pvEach":0}}]},"currency":"EUR"},{"lines":{"items":[{"item":{"href":"https:\/\/hydraqa.unicity.net\/v5a-test\/items\/217ca02fbd24e21ca5281412756238ab","id":{"unicity":"32126"},"weightEach":{"value":0},"servingsPerContainer":0,"servingSize":0},"quantity":1,"terms":{"priceEach":152.24,"taxEach":{"amount":14.7},"discountEach":{"amount":0},"pvEach":101}}]},"currency":"EUR"},{"lines":{"items":[{"item":{"href":"https:\/\/hydraqa.unicity.net\/v5a-test\/items\/808008a0657d2033ad471c39bbce9891","id":{"unicity":"32127"},"weightEach":{"value":0},"servingsPerContainer":0,"servingSize":0},"quantity":1,"terms":{"priceEach":162.34,"taxEach":{"amount":15.61},"discountEach":{"amount":0},"pvEach":113}}]},"currency":"EUR"},{"lines":{"items":[{"item":{"href":"https:\/\/hydraqa.unicity.net\/v5a-test\/items\/2f1d0aa90494ae2e08035922c701f968","id":{"unicity":"29832"},"weightEach":{"value":0},"servingsPerContainer":0,"servingSize":0},"quantity":1,"terms":{"priceEach":47.57,"taxEach":{"amount":4.28},"discountEach":{"amount":0},"pvEach":39}}]},"currency":"EUR"},{"lines":{"items":[{"item":{"href":"https:\/\/hydraqa.unicity.net\/v5a-test\/items\/10df0fc3509b53cbeaeb9476ca92d520","id":{"unicity":"29833"},"weightEach":{"value":0},"servingsPerContainer":0,"servingSize":0},"quantity":1,"terms":{"priceEach":90.56,"taxEach":{"amount":8.15},"discountEach":{"amount":0},"pvEach":69}}]},"currency":"EUR"},{"lines":{"items":[{"item":{"href":"https:\/\/hydraqa.unicity.net\/v5a-test\/items\/332daeac6796ed016ea8b7d0bc42c2d4","id":{"unicity":"24274"},"weightEach":{"value":0},"servingsPerContainer":0,"servingSize":0},"quantity":1,"terms":{"priceEach":7.48,"taxEach":{"amount":1.57},"discountEach":{"amount":0},"pvEach":0}}]},"currency":"EUR"},{"lines":{"items":[{"item":{"href":"https:\/\/hydraqa.unicity.net\/v5a-test\/items\/1945faa1776541d53120ecfe3c1d8a2b","id":{"unicity":"24418"},"weightEach":{"value":0},"servingsPerContainer":0,"servingSize":0},"quantity":1,"terms":{"priceEach":4.96,"taxEach":{"amount":1.04},"discountEach":{"amount":0},"pvEach":0}}]},"currency":"EUR"},{"lines":{"items":[{"item":{"href":"https:\/\/hydraqa.unicity.net\/v5a-test\/items\/5147f8cfe32548e02fc158d4da9c4d6f","id":{"unicity":"27150"},"weightEach":{"value":0},"servingsPerContainer":0,"servingSize":0},"quantity":1,"terms":{"priceEach":93.36,"taxEach":{"amount":8.4},"discountEach":{"amount":0},"pvEach":70}}]},"currency":"EUR"},{"lines":{"items":[{"item":{"href":"https:\/\/hydraqa.unicity.net\/v5a-test\/items\/03eba2365025ccd85818846a83a16f47","id":{"unicity":"27163"},"weightEach":{"value":0},"servingsPerContainer":0,"servingSize":0},"quantity":1,"terms":{"priceEach":74.67,"taxEach":{"amount":6.72},"discountEach":{"amount":0},"pvEach":54}}]},"currency":"EUR"},{"lines":{"items":[{"item":{"href":"https:\/\/hydraqa.unicity.net\/v5a-test\/items\/7d4ad2792f7056e5f81eb24f118ef737","id":{"unicity":"27575"},"weightEach":{"value":0},"servingsPerContainer":0,"servingSize":0},"quantity":1,"terms":{"priceEach":55.98,"taxEach":{"amount":5.04},"discountEach":{"amount":0},"pvEach":34}}]},"currency":"EUR"},{"lines":{"items":[{"item":{"href":"https:\/\/hydraqa.unicity.net\/v5a-test\/items\/0eebdede5bdb8bf4d71e800b6f3cead1","id":{"unicity":"30825"},"weightEach":{"value":0},"servingsPerContainer":0,"servingSize":0},"quantity":1,"terms":{"priceEach":37.29,"taxEach":{"amount":3.36},"discountEach":{"amount":0},"pvEach":23}}]},"currency":"EUR"},{"lines":{"items":[{"item":{"href":"https:\/\/hydraqa.unicity.net\/v5a-test\/items\/3f2d12d7a0e8551fc99fad3bbe1ba633","id":{"unicity":"26567"},"weightEach":{"value":0},"servingsPerContainer":0,"servingSize":0},"quantity":1,"terms":{"priceEach":55.98,"taxEach":{"amount":5.04},"discountEach":{"amount":0},"pvEach":26}}]},"currency":"EUR"},{"lines":{"items":[{"item":{"href":"https:\/\/hydraqa.unicity.net\/v5a-test\/items\/191637167cb3144bd2e8c4615e9ab67e","id":{"unicity":"26568"},"weightEach":{"value":0},"servingsPerContainer":0,"servingSize":0},"quantity":1,"terms":{"priceEach":55.98,"taxEach":{"amount":5.04},"discountEach":{"amount":0},"pvEach":26}}]},"currency":"EUR"},{"lines":{"items":[{"item":{"href":"https:\/\/hydraqa.unicity.net\/v5a-test\/items\/606f7be753c74dfbfe4b107276775140","id":{"unicity":"29821"},"weightEach":{"value":0},"servingsPerContainer":0,"servingSize":0},"quantity":1,"terms":{"priceEach":79.35,"taxEach":{"amount":7.14},"discountEach":{"amount":0},"pvEach":59}}]},"currency":"EUR"},{"lines":{"items":[{"item":{"href":"https:\/\/hydraqa.unicity.net\/v5a-test\/items\/94939f9be900906d2b47260ccba22a7b","id":{"unicity":"32012"},"weightEach":{"value":0},"servingsPerContainer":0,"servingSize":0},"quantity":1,"terms":{"priceEach":13.93,"taxEach":{"amount":1.25},"discountEach":{"amount":0},"pvEach":6}}]},"currency":"EUR"},{"lines":{"items":[{"item":{"href":"https:\/\/hydraqa.unicity.net\/v5a-test\/items\/991cdbb84a495779eb209fb3956a77e4","id":{"unicity":"29183"},"weightEach":{"value":0},"servingsPerContainer":0,"servingSize":0},"quantity":1,"terms":{"priceEach":31.01,"taxEach":{"amount":6.51},"discountEach":{"amount":0},"pvEach":18}}]},"currency":"EUR"},{"lines":{"items":[{"item":{"href":"https:\/\/hydraqa.unicity.net\/v5a-test\/items\/0e78fbdfebef11cd62f8d2120064ee58","id":{"unicity":"30280"},"weightEach":{"value":0},"servingsPerContainer":0,"servingSize":0},"quantity":1,"terms":{"priceEach":33.53,"taxEach":{"amount":7.04},"discountEach":{"amount":0},"pvEach":20}}]},"currency":"EUR"},{"lines":{"items":[{"item":{"href":"https:\/\/hydraqa.unicity.net\/v5a-test\/items\/beb900429fbb160dbfc3001c14d96df4","id":{"unicity":"29187"},"weightEach":{"value":0},"servingsPerContainer":0,"servingSize":0},"quantity":1,"terms":{"priceEach":37.73,"taxEach":{"amount":7.92},"discountEach":{"amount":0},"pvEach":24}}]},"currency":"EUR"},{"lines":{"items":[{"item":{"href":"https:\/\/hydraqa.unicity.net\/v5a-test\/items\/1b0412bea8c0b841c66f65a36aa14108","id":{"unicity":"29191"},"weightEach":{"value":0},"servingsPerContainer":0,"servingSize":0},"quantity":1,"terms":{"priceEach":37.73,"taxEach":{"amount":7.92},"discountEach":{"amount":0},"pvEach":24}}]},"currency":"EUR"},{"lines":{"items":[{"item":{"href":"https:\/\/hydraqa.unicity.net\/v5a-test\/items\/52c87f74d3b41ed49b0f897b66c2a99b","id":{"unicity":"30684"},"weightEach":{"value":0},"servingsPerContainer":0,"servingSize":0},"quantity":1,"terms":{"priceEach":37.29,"taxEach":{"amount":3.36},"discountEach":{"amount":0},"pvEach":23}}]},"currency":"EUR"},{"lines":{"items":[{"item":{"href":"https:\/\/hydraqa.unicity.net\/v5a-test\/items\/90f38f77c9e6ea5a71aa7377df83760b","id":{"unicity":"30198"},"weightEach":{"value":0},"servingsPerContainer":0,"servingSize":0},"quantity":1,"terms":{"priceEach":19,"taxEach":{"amount":1.71},"discountEach":{"amount":0},"pvEach":16}}]},"currency":"EUR"},{"lines":{"items":[{"item":{"href":"https:\/\/hydraqa.unicity.net\/v5a-test\/items\/ab2a2b07b17718843a66bee04ff40624","id":{"unicity":"31402"},"weightEach":{"value":0},"servingsPerContainer":0,"servingSize":0},"quantity":1,"terms":{"priceEach":98.9,"taxEach":{"amount":8.9},"discountEach":{"amount":0},"pvEach":70}}]},"currency":"EUR"},{"lines":{"items":[{"item":{"href":"https:\/\/hydraqa.unicity.net\/v5a-test\/items\/7e5e7df32701fd44947c8146f2129f7a","id":{"unicity":"31672"},"weightEach":{"value":0},"servingsPerContainer":0,"servingSize":0},"quantity":1,"terms":{"priceEach":74.67,"taxEach":{"amount":6.72},"discountEach":{"amount":0},"pvEach":54}}]},"currency":"EUR"},{"lines":{"items":[{"item":{"href":"https:\/\/hydraqa.unicity.net\/v5a-test\/items\/493c2ba720f847422eccc5da35024f33","id":{"unicity":"31534"},"weightEach":{"value":0},"servingsPerContainer":0,"servingSize":0},"quantity":1,"terms":{"priceEach":26.07,"taxEach":{"amount":2.35},"discountEach":{"amount":0},"pvEach":16}}]},"currency":"EUR"},{"lines":{"items":[{"item":{"href":"https:\/\/hydraqa.unicity.net\/v5a-test\/items\/bfddb53fe0d5ed5432c531dc9850cbe4","id":{"unicity":"29449"},"weightEach":{"value":0},"servingsPerContainer":0,"servingSize":0},"quantity":1,"terms":{"priceEach":26.07,"taxEach":{"amount":2.35},"discountEach":{"amount":0},"pvEach":16}}]},"currency":"EUR"},{"lines":{"items":[{"item":{"href":"https:\/\/hydraqa.unicity.net\/v5a-test\/items\/75b870fdff12be635674216fe88d3204","id":{"unicity":"29984"},"weightEach":{"value":0},"servingsPerContainer":0,"servingSize":0},"quantity":1,"terms":{"priceEach":37.73,"taxEach":{"amount":7.92},"discountEach":{"amount":0},"pvEach":24}}]},"currency":"EUR"},{"lines":{"items":[{"item":{"href":"https:\/\/hydraqa.unicity.net\/v5a-test\/items\/4d23d73a0d3d3e5fe9c383822040a9b0","id":{"unicity":"32191"},"weightEach":{"value":0},"servingsPerContainer":0,"servingSize":0},"quantity":1,"terms":{"priceEach":1315.79,"taxEach":{"amount":118.42},"discountEach":{"amount":0},"pvEach":903}}]},"currency":"EUR"},{"lines":{"items":[{"item":{"href":"https:\/\/hydraqa.unicity.net\/v5a-test\/items\/e9fe58342fff74ec4f4430f7c622816e","id":{"unicity":"31870"},"weightEach":{"value":0},"servingsPerContainer":0,"servingSize":0},"quantity":1,"terms":{"priceEach":20.47,"taxEach":{"amount":1.84},"discountEach":{"amount":0},"pvEach":9}}]},"currency":"EUR"},{"lines":{"items":[{"item":{"href":"https:\/\/hydraqa.unicity.net\/v5a-test\/items\/fbb6dbd577adb73abaec364076fb288f","id":{"unicity":"32087"},"weightEach":{"value":0},"servingsPerContainer":0,"servingSize":0},"quantity":1,"terms":{"priceEach":20.47,"taxEach":{"amount":1.84},"discountEach":{"amount":0},"pvEach":9}}]},"currency":"EUR"},{"lines":{"items":[{"item":{"href":"https:\/\/hydraqa.unicity.net\/v5a-test\/items\/35dcc0035e442bbe6482f178ec38522c","id":{"unicity":"31868"},"weightEach":{"value":0},"servingsPerContainer":0,"servingSize":0},"quantity":1,"terms":{"priceEach":20.47,"taxEach":{"amount":1.84},"discountEach":{"amount":0},"pvEach":9}}]},"currency":"EUR"},{"lines":{"items":[{"item":{"href":"https:\/\/hydraqa.unicity.net\/v5a-test\/items\/baa263a2750aa330fbd9e5b96fdb2b55","id":{"unicity":"32609"},"weightEach":{"value":0},"servingsPerContainer":0,"servingSize":0},"quantity":1,"terms":{"priceEach":55.98,"taxEach":{"amount":0},"discountEach":{"amount":0},"pvEach":34}}]},"currency":"EUR"},{"lines":{"items":[{"item":{"href":"https:\/\/hydraqa.unicity.net\/v5a-test\/items\/34c8c6b0f454da738e64265f08c57a72","id":{"unicity":"31777"},"weightEach":{"value":0},"servingsPerContainer":0,"servingSize":0},"quantity":1,"terms":{"priceEach":6.22,"taxEach":{"amount":1.31},"discountEach":{"amount":0},"pvEach":3}}]},"currency":"EUR"},{"lines":{"items":[{"item":{"href":"https:\/\/hydraqa.unicity.net\/v5a-test\/items\/7e80331c8c25f515174d3f894283a27c","id":{"unicity":"31781"},"weightEach":{"value":0},"servingsPerContainer":0,"servingSize":0},"quantity":1,"terms":{"priceEach":8.32,"taxEach":{"amount":1.75},"discountEach":{"amount":0},"pvEach":4}}]},"currency":"EUR"}]}
Entry request : {"order":{"customer":{"href":"https://hydraqa.unicity.net/v5a-test/customers?type=Associate"},"shipToAddress":{"country":"DK"}},"vary":{"lines":{"items":[{"item":{"href":"https://hydraqa.unicity.net/v5a-test/items?id.unicity=27158|31336|31763|31951|31952|32128|32129|32130|32132|32133|32134|32135|32136|32137|32138|32125|18511|19941|26422|27156|27160|27166|27617|27660|27587|28601|28604|27395|15880|26560|29017|24758|17174|29522|31772|29317|32126|32127|29832|29833|24274|24418|27150|27163|27575|30825|26567|26568|29821|32012|29181|29183|30280|29187|29191|30684|30198|31402|31672|31534|29449|29984|32191|31870|32087|31868|32609|31777|31781"}}]}}}
Request URL: https://hydraqa.unicity.net/v5a-test/customers.js?callback=angular.callbacks._1&expand=customer,profilePicture&id.unicity=2
Request URL: https://hydraqa.unicity.net/v5a-test/customers.js?_httpMethod=HEAD&callback=angular.callbacks._7&email=XUMXIA@gmail.com
Request URL: https://hydraqa.unicity.net/v5a-test/shippingmethods.js?callback=angular.callbacks._a&destination=DK&market=DK
{sponsor=2, gender=male, city=TestCity, signature=TestSignature, cartprice=339.79, enroller=2, responsedob=2000-11-14, arpack=Wellness Essentials, language=English, locale=en, type=Associate, coapplicanttype=company, platform=QA, lname=TestLastName, password=Unicity, genderoption=Male, Currency=EUR, api=7, companynametype=Corporation, fax=8217647322, email=XUMXIA@gmail.com, coapplicant=TestCompanyName, zip=1234, fname=TestFirstName, prefferd=Denmark, address2=Address 2, address1=Address 1, shippingmethod=type=Economy, version=v5a-test/, testcase=normal, market=Denmark, aritemcode=32132, referral=yes, phone=9823746323, dob=14/11/2000, proto=https://hydraqa.unicity.net/, marketcode=DK, ccname=CCNameTest}
Request URL: https://hydraqa.unicity.net/v5a-test/orders.js
Entry request : {"customer":{"mainAddress":{"city":"TestCity","country":"DK","zip":"1234","address1":"Address 1","address2":"Address 2"},"humanName":{"firstName":"TestFirstName","lastName":"TestLastName"},"email":"XUMXIA@gmail.com","preferredLocale":"en-DK","password":{"value":"Unicity"},"gender":"male","maritalStatus":null,"type":"Associate","sponsor":{"href":"https://hydraqa.unicity.net/v5a-test/customers?id.unicity=2"},"enroller":{"href":"https://hydraqa.unicity.net/v5a-test/customers?id.unicity=2"},"homePhone":"9823746323","birthDate":"2000-11-14","autoorders":{"items":[{"recurrence":{"schedule":{"month":"*","dayOfMonth":"5"},"status":"Enabled"},"lines":{"items":[{"item":{"href":"https://hydraqa.unicity.net/v5a-test/items?id.unicity=32132"},"quantity":1}]},"shipToName":{"firstName":"TestFirstName","lastName":"TestLastName"},"shipToPhone":"9823746323","shipToEmail":"XUMXIA@gmail.com","shipToAddress":{"city":"TestCity","country":"DK","address1":"Address 1","address2":"Address 2","zip":"1234"},"shippingMethod":{"href":"https://hydraqa.unicity.net/v5a-test/shippingmethods?type=Economy"},"transactions":{"items":[{"amount":"this.terms.total","type":"AuthorizeAndCapture","method":"CreditCard","methodDetails":{"creditCardNumber":"4111111111111111","payer":"CCNameTest","creditCardExpires":"2020-10","creditCardSecurityCode":"123"}}]}}]},"depositBankAccount":{"bankName":"Paylution","accountType":"PrepaidCard"},"businessEntity":{"companyName":"TestCompanyName","legalType":"Corporation"},"rights":[{"holder":"Unicity","type":"SendEmails"}],"signature":{"value":"TestSignature"},"faxNumber":"8217647322"},"lines":{"items":[{"item":{"href":"https://hydraqa.unicity.net/v5a-test/items?id.unicity=29317"},"quantity":1},{"item":{"href":"https://hydraqa.unicity.net/v5a-test/items?id.unicity=32126"},"quantity":1},{"item":{"href":"https://hydraqa.unicity.net/v5a-test/items?id.unicity=32127"},"quantity":1}]},"shipToName":{"firstName":"TestFirstName","lastName":"TestLastName"},"shipToPhone":"9823746323","shipToEmail":"XUMXIA@gmail.com","shipToAddress":{"city":"TestCity","country":"DK","address1":"Address 1","address2":"Address 2","zip":"1234"},"shippingMethod":{"href":"https://hydraqa.unicity.net/v5a-test/shippingmethods?type=Economy"},"notes":"","transactions":{"items":[{"amount":"this.terms.total","type":"AuthorizeAndCapture","method":"CreditCard","methodDetails":{"creditCardNumber":"4111111111111111","payer":"CCNameTest","creditCardExpires":"2020-10","creditCardSecurityCode":"123"}}]}}
Entry response : {"meta":{"Link":"<http:\/\/unicity.github.io\/Hydra.php\/docs\/v5\/>; rel=\"help\"","X-Request-UUID":"917a9a28-11eb-428b-a09c-e5e9e5b74db1","X-Request-Release":"5-2020030902\/master","Cache-Control":"no-cache, must-revalidate","Expires":"0","X-Powered-By":"Luracast Restler v3.0.0rc5","Content-Type":"text\/javascript; charset=utf-8","Content-Language":"en","X-Status-Code":"449"},"data":{"error":{"code":449,"message":"Retry With","error_code":"3449","error_message":"Order can't be immediately processed. Please retry. Error #T9H9D","retry_in_seconds":60}}}
Headers-->keep-alive
Headers-->2493
Headers-->application/json, text/plain, */*
Headers-->http://enroll.ng.unicityqa.com
Headers-->empty
Headers-->en-DK
]]></system-out>
    <system-err><![CDATA[Starting ChromeDriver 2.36.540470 (e522d04694c7ebea4ba8821272dbef4f9b818c91) on port 3683
Only local connections are allowed.
Mar 17, 2020 10:20:42 AM org.openqa.selenium.remote.ProtocolHandshake createSession
INFO: Detected dialect: OSS
]]></system-err>
  </testcase>
  <testcase name="Enroll" classname="Tests.FranchisePartner" time="318.576"/>
  <testcase name="Enroll" classname="Tests.FranchisePartner" time="296.254"/>
  <testcase name="Enroll" classname="Tests.FranchisePartner" time="189.652">
    <failure message="Major Quotes Call Packs is not Displaying: lists don&apos;t have the same size expected [73] but found [72]" type="java.lang.AssertionError">java.lang.AssertionError: Major Quotes Call Packs is not Displaying: lists don't have the same size expected [73] but found [72]
	at Tests.FranchisePartner.Enroll(FranchisePartner.java:250)
</failure>
    <system-out><![CDATA[Request URL: https://hydraqa.unicity.net/v5a-test/quotes?&expand=item
Entry Quotes response : {"items":[{"lines":{"items":[{"item":{"href":"https:\/\/hydraqa.unicity.net\/v5a-test\/items\/ce9cbecebbd583d0df582da5e1c57ce2","id":{"unicity":"26306"},"weightEach":{"value":0},"servingsPerContainer":0,"servingSize":0},"quantity":1,"terms":{"priceEach":191,"taxEach":{"amount":10.51},"discountEach":{"amount":0},"pvEach":137}}]},"currency":"EUR"},{"lines":{"items":[{"item":{"href":"https:\/\/hydraqa.unicity.net\/v5a-test\/items\/6b64d005f2f920d7e836dc232495dabe","id":{"unicity":"29904"},"weightEach":{"value":0},"servingsPerContainer":0,"servingSize":0},"quantity":1,"terms":{"priceEach":183,"taxEach":{"amount":10.5},"discountEach":{"amount":0},"pvEach":129}}]},"currency":"EUR"},{"lines":{"items":[{"item":{"href":"https:\/\/hydraqa.unicity.net\/v5a-test\/items\/6447f84f6ef7782049a369b983428bb7","id":{"unicity":"31336"},"weightEach":{"value":0},"servingsPerContainer":0,"servingSize":0},"quantity":1,"terms":{"priceEach":224.21,"taxEach":{"amount":12.33},"discountEach":{"amount":0},"pvEach":165}}]},"currency":"EUR"},{"lines":{"items":[{"item":{"href":"https:\/\/hydraqa.unicity.net\/v5a-test\/items\/31cb0679f65df8fa9a4fc3d7e38b72b3","id":{"unicity":"31763"},"weightEach":{"value":0},"servingsPerContainer":0,"servingSize":0},"quantity":1,"terms":{"priceEach":243.3,"taxEach":{"amount":13.38},"discountEach":{"amount":0},"pvEach":181}}]},"currency":"EUR"},{"lines":{"items":[{"item":{"href":"https:\/\/hydraqa.unicity.net\/v5a-test\/items\/e9991b48ac639367d526d2b9b22fac8c","id":{"unicity":"32128"},"weightEach":{"value":0},"servingsPerContainer":0,"servingSize":0},"quantity":1,"terms":{"priceEach":371.87,"taxEach":{"amount":20.45},"discountEach":{"amount":0},"pvEach":253}}]},"currency":"EUR"},{"lines":{"items":[{"item":{"href":"https:\/\/hydraqa.unicity.net\/v5a-test\/items\/40b3312de189221d96d838d33a8ec49d","id":{"unicity":"32129"},"weightEach":{"value":0},"servingsPerContainer":0,"servingSize":0},"quantity":1,"terms":{"priceEach":371.87,"taxEach":{"amount":20.45},"discountEach":{"amount":0},"pvEach":254}}]},"currency":"EUR"},{"lines":{"items":[{"item":{"href":"https:\/\/hydraqa.unicity.net\/v5a-test\/items\/6bd168a66ce41003a8f30917deff5808","id":{"unicity":"32130"},"weightEach":{"value":0},"servingsPerContainer":0,"servingSize":0},"quantity":1,"terms":{"priceEach":363.46,"taxEach":{"amount":19.99},"discountEach":{"amount":0},"pvEach":252}}]},"currency":"EUR"},{"lines":{"items":[{"item":{"href":"https:\/\/hydraqa.unicity.net\/v5a-test\/items\/806f99b793edd7cd0b1c158ba0eb3142","id":{"unicity":"32132"},"weightEach":{"value":0},"servingsPerContainer":0,"servingSize":0},"quantity":1,"terms":{"priceEach":355.98,"taxEach":{"amount":19.58},"discountEach":{"amount":0},"pvEach":253}}]},"currency":"EUR"},{"lines":{"items":[{"item":{"href":"https:\/\/hydraqa.unicity.net\/v5a-test\/items\/e3d382d99fde8659cb146b54116e7654","id":{"unicity":"32133"},"weightEach":{"value":0},"servingsPerContainer":0,"servingSize":0},"quantity":1,"terms":{"priceEach":364.39,"taxEach":{"amount":20.04},"discountEach":{"amount":0},"pvEach":252}}]},"currency":"EUR"},{"lines":{"items":[{"item":{"href":"https:\/\/hydraqa.unicity.net\/v5a-test\/items\/022f109fe6e5eae3e521295a5cb94c60","id":{"unicity":"32134"},"weightEach":{"value":0},"servingsPerContainer":0,"servingSize":0},"quantity":1,"terms":{"priceEach":144.77,"taxEach":{"amount":7.96},"discountEach":{"amount":0},"pvEach":101}}]},"currency":"EUR"},{"lines":{"items":[{"item":{"href":"https:\/\/hydraqa.unicity.net\/v5a-test\/items\/ded00960d5e948dd8e511a9c752e1ff9","id":{"unicity":"32135"},"weightEach":{"value":0},"servingsPerContainer":0,"servingSize":0},"quantity":1,"terms":{"priceEach":154.11,"taxEach":{"amount":8.48},"discountEach":{"amount":0},"pvEach":113}}]},"currency":"EUR"},{"lines":{"items":[{"item":{"href":"https:\/\/hydraqa.unicity.net\/v5a-test\/items\/d8736cc35cf9f4734fd76da71c53dc05","id":{"unicity":"32136"},"weightEach":{"value":0},"servingsPerContainer":0,"servingSize":0},"quantity":1,"terms":{"priceEach":141.96,"taxEach":{"amount":7.81},"discountEach":{"amount":0},"pvEach":102}}]},"currency":"EUR"},{"lines":{"items":[{"item":{"href":"https:\/\/hydraqa.unicity.net\/v5a-test\/items\/166a69d45c4ae40278554e24d5f40443","id":{"unicity":"32137"},"weightEach":{"value":0},"servingsPerContainer":0,"servingSize":0},"quantity":1,"terms":{"priceEach":168.13,"taxEach":{"amount":9.25},"discountEach":{"amount":0},"pvEach":118}}]},"currency":"EUR"},{"lines":{"items":[{"item":{"href":"https:\/\/hydraqa.unicity.net\/v5a-test\/items\/d04a0b8762b20202b6273114fb7302d1","id":{"unicity":"32138"},"weightEach":{"value":0},"servingsPerContainer":0,"servingSize":0},"quantity":1,"terms":{"priceEach":224.21,"taxEach":{"amount":12.33},"discountEach":{"amount":0},"pvEach":152}}]},"currency":"EUR"},{"lines":{"items":[{"item":{"href":"https:\/\/hydraqa.unicity.net\/v5a-test\/items\/e13d0b5c40704ad5dd186959367c97f1","id":{"unicity":"32125"},"weightEach":{"value":0},"servingsPerContainer":0,"servingSize":0},"quantity":1,"terms":{"priceEach":373.74,"taxEach":{"amount":20.56},"discountEach":{"amount":0},"pvEach":250}}]},"currency":"EUR"},{"lines":{"items":[{"item":{"href":"https:\/\/hydraqa.unicity.net\/v5a-test\/items\/c451532f63a06f0e9a054e946a1a1c3b","id":{"unicity":"18511"},"weightEach":{"value":0},"servingsPerContainer":0,"servingSize":0},"quantity":1,"terms":{"priceEach":37.29,"taxEach":{"amount":1.94},"discountEach":{"amount":0},"pvEach":23}}]},"currency":"EUR"},{"lines":{"items":[{"item":{"href":"https:\/\/hydraqa.unicity.net\/v5a-test\/items\/4e49c95f12ae7be78e5ffab68b8b3ca6","id":{"unicity":"26422"},"weightEach":{"value":0},"servingsPerContainer":0,"servingSize":0},"quantity":1,"terms":{"priceEach":19,"taxEach":{"amount":0.99},"discountEach":{"amount":0},"pvEach":16}}]},"currency":"EUR"},{"lines":{"items":[{"item":{"href":"https:\/\/hydraqa.unicity.net\/v5a-test\/items\/50e73ecfa509ac20c4a250f9cb32fdfc","id":{"unicity":"27156"},"weightEach":{"value":0},"servingsPerContainer":0,"servingSize":0},"quantity":1,"terms":{"priceEach":20.47,"taxEach":{"amount":1.06},"discountEach":{"amount":0},"pvEach":13}}]},"currency":"EUR"},{"lines":{"items":[{"item":{"href":"https:\/\/hydraqa.unicity.net\/v5a-test\/items\/d92292ba2f23c030e4a1f63eb3ebe1ce","id":{"unicity":"27158"},"weightEach":{"value":0},"servingsPerContainer":0,"servingSize":0},"quantity":1,"terms":{"priceEach":27.94,"taxEach":{"amount":1.45},"discountEach":{"amount":0},"pvEach":23}}]},"currency":"EUR"},{"lines":{"items":[{"item":{"href":"https:\/\/hydraqa.unicity.net\/v5a-test\/items\/0d3b8d4f7c4d4082db1b4ecffb6693fb","id":{"unicity":"27160"},"weightEach":{"value":0},"servingsPerContainer":0,"servingSize":0},"quantity":1,"terms":{"priceEach":74.67,"taxEach":{"amount":3.89},"discountEach":{"amount":0},"pvEach":53}}]},"currency":"EUR"},{"lines":{"items":[{"item":{"href":"https:\/\/hydraqa.unicity.net\/v5a-test\/items\/ac37bf51ff7e4fe860da8457f6ce0425","id":{"unicity":"27166"},"weightEach":{"value":0},"servingsPerContainer":0,"servingSize":0},"quantity":1,"terms":{"priceEach":74.67,"taxEach":{"amount":3.89},"discountEach":{"amount":0},"pvEach":54}}]},"currency":"EUR"},{"lines":{"items":[{"item":{"href":"https:\/\/hydraqa.unicity.net\/v5a-test\/items\/a36d9fdd0fd7561e6180fb5b2ff27164","id":{"unicity":"27660"},"weightEach":{"value":0},"servingsPerContainer":0,"servingSize":0},"quantity":1,"terms":{"priceEach":31.68,"taxEach":{"amount":1.65},"discountEach":{"amount":0},"pvEach":18}}]},"currency":"EUR"},{"lines":{"items":[{"item":{"href":"https:\/\/hydraqa.unicity.net\/v5a-test\/items\/112b8c39286598b3730f630f371a45f4","id":{"unicity":"27587"},"weightEach":{"value":0},"servingsPerContainer":0,"servingSize":0},"quantity":1,"terms":{"priceEach":55.98,"taxEach":{"amount":2.91},"discountEach":{"amount":0},"pvEach":34}}]},"currency":"EUR"},{"lines":{"items":[{"item":{"href":"https:\/\/hydraqa.unicity.net\/v5a-test\/items\/0c0717a26fcfe40310e906487e8a12f7","id":{"unicity":"28601"},"weightEach":{"value":0},"servingsPerContainer":0,"servingSize":0},"quantity":1,"terms":{"priceEach":74.67,"taxEach":{"amount":3.89},"discountEach":{"amount":0},"pvEach":54}}]},"currency":"EUR"},{"lines":{"items":[{"item":{"href":"https:\/\/hydraqa.unicity.net\/v5a-test\/items\/4790a55c442b5dc75a13b155e78c1842","id":{"unicity":"28604"},"weightEach":{"value":0},"servingsPerContainer":0,"servingSize":0},"quantity":1,"terms":{"priceEach":74.67,"taxEach":{"amount":3.89},"discountEach":{"amount":0},"pvEach":54}}]},"currency":"EUR"},{"lines":{"items":[{"item":{"href":"https:\/\/hydraqa.unicity.net\/v5a-test\/items\/024e696f8b44a1d315006e676604cd31","id":{"unicity":"27395"},"weightEach":{"value":0},"servingsPerContainer":0,"servingSize":0},"quantity":1,"terms":{"priceEach":29.81,"taxEach":{"amount":1.55},"discountEach":{"amount":0},"pvEach":18}}]},"currency":"EUR"},{"lines":{"items":[{"item":{"href":"https:\/\/hydraqa.unicity.net\/v5a-test\/items\/398d06b858b960f6f38086d40608aef2","id":{"unicity":"26560"},"weightEach":{"value":0},"servingsPerContainer":0,"servingSize":0},"quantity":1,"terms":{"priceEach":20.47,"taxEach":{"amount":1.06},"discountEach":{"amount":0},"pvEach":13}}]},"currency":"EUR"},{"lines":{"items":[{"item":{"href":"https:\/\/hydraqa.unicity.net\/v5a-test\/items\/e218d1cac5f31e7ae4f5876c29c57377","id":{"unicity":"29017"},"weightEach":{"value":0},"servingsPerContainer":0,"servingSize":0},"quantity":1,"terms":{"priceEach":37.29,"taxEach":{"amount":1.94},"discountEach":{"amount":0},"pvEach":23}}]},"currency":"EUR"},{"lines":{"items":[{"item":{"href":"https:\/\/hydraqa.unicity.net\/v5a-test\/items\/3f2d12d7a0e8551fc99fad3bbe1ba633","id":{"unicity":"26567"},"weightEach":{"value":0},"servingsPerContainer":0,"servingSize":0},"quantity":1,"terms":{"priceEach":55.98,"taxEach":{"amount":2.91},"discountEach":{"amount":0},"pvEach":26}}]},"currency":"EUR"},{"lines":{"items":[{"item":{"href":"https:\/\/hydraqa.unicity.net\/v5a-test\/items\/191637167cb3144bd2e8c4615e9ab67e","id":{"unicity":"26568"},"weightEach":{"value":0},"servingsPerContainer":0,"servingSize":0},"quantity":1,"terms":{"priceEach":55.98,"taxEach":{"amount":2.91},"discountEach":{"amount":0},"pvEach":26}}]},"currency":"EUR"},{"lines":{"items":[{"item":{"href":"https:\/\/hydraqa.unicity.net\/v5a-test\/items\/64ec7ad932acafab052a4e8800ad1238","id":{"unicity":"24758"},"weightEach":{"value":0},"servingsPerContainer":0,"servingSize":0},"quantity":1,"terms":{"priceEach":37.29,"taxEach":{"amount":1.94},"discountEach":{"amount":0},"pvEach":23}}]},"currency":"EUR"},{"lines":{"items":[{"item":{"href":"https:\/\/hydraqa.unicity.net\/v5a-test\/items\/db0a2b02eaabc5ad45fe91ba5c7bcf5a","id":{"unicity":"31772"},"weightEach":{"value":0},"servingsPerContainer":0,"servingSize":0},"quantity":1,"terms":{"priceEach":8.32,"taxEach":{"amount":1.38},"discountEach":{"amount":0},"pvEach":0}}]},"currency":"EUR"},{"lines":{"items":[{"item":{"href":"https:\/\/hydraqa.unicity.net\/v5a-test\/items\/2262fdd5af916c31df08089c191735c1","id":{"unicity":"29317"},"weightEach":{"value":0},"servingsPerContainer":0,"servingSize":0},"quantity":1,"terms":{"priceEach":25.21,"taxEach":{"amount":4.2},"discountEach":{"amount":0},"pvEach":0}}]},"currency":"EUR"},{"lines":{"items":[{"item":{"href":"https:\/\/hydraqa.unicity.net\/v5a-test\/items\/34c53e6d4cce0f8a72327d86c3ef04cb","id":{"unicity":"30103"},"weightEach":{"value":0},"servingsPerContainer":0,"servingSize":0},"quantity":1,"terms":{"priceEach":25.86,"taxEach":{"amount":5.17},"discountEach":{"amount":0},"pvEach":0}}]},"currency":"EUR"},{"lines":{"items":[{"item":{"href":"https:\/\/hydraqa.unicity.net\/v5a-test\/items\/217ca02fbd24e21ca5281412756238ab","id":{"unicity":"32126"},"weightEach":{"value":0},"servingsPerContainer":0,"servingSize":0},"quantity":1,"terms":{"priceEach":152.24,"taxEach":{"amount":9.58},"discountEach":{"amount":0},"pvEach":101}}]},"currency":"EUR"},{"lines":{"items":[{"item":{"href":"https:\/\/hydraqa.unicity.net\/v5a-test\/items\/808008a0657d2033ad471c39bbce9891","id":{"unicity":"32127"},"weightEach":{"value":0},"servingsPerContainer":0,"servingSize":0},"quantity":1,"terms":{"priceEach":162.34,"taxEach":{"amount":10.14},"discountEach":{"amount":0},"pvEach":113}}]},"currency":"EUR"},{"lines":{"items":[{"item":{"href":"https:\/\/hydraqa.unicity.net\/v5a-test\/items\/b8b378af3db7294d17181dbec563c0fa","id":{"unicity":"32197"},"weightEach":{"value":0},"servingsPerContainer":0,"servingSize":0},"quantity":1,"terms":{"priceEach":347.57,"taxEach":{"amount":19.12},"discountEach":{"amount":0},"pvEach":250}}]},"currency":"EUR"},{"lines":{"items":[{"item":{"href":"https:\/\/hydraqa.unicity.net\/v5a-test\/items\/27877610c0dfffbb380736f326d57748","id":{"unicity":"32196"},"weightEach":{"value":0},"servingsPerContainer":0,"servingSize":0},"quantity":1,"terms":{"priceEach":154.11,"taxEach":{"amount":8.48},"discountEach":{"amount":0},"pvEach":116}}]},"currency":"EUR"},{"lines":{"items":[{"item":{"href":"https:\/\/hydraqa.unicity.net\/v5a-test\/items\/10df0fc3509b53cbeaeb9476ca92d520","id":{"unicity":"29833"},"weightEach":{"value":0},"servingsPerContainer":0,"servingSize":0},"quantity":1,"terms":{"priceEach":90.56,"taxEach":{"amount":4.98},"discountEach":{"amount":0},"pvEach":69}}]},"currency":"EUR"},{"lines":{"items":[{"item":{"href":"https:\/\/hydraqa.unicity.net\/v5a-test\/items\/44e9ef796bb3ac3ad7927ffeace7b5f3","id":{"unicity":"29905"},"weightEach":{"value":0},"servingsPerContainer":0,"servingSize":0},"quantity":1,"terms":{"priceEach":915,"taxEach":{"amount":52.5},"discountEach":{"amount":0},"pvEach":645}}]},"currency":"EUR"},{"lines":{"items":[{"item":{"href":"https:\/\/hydraqa.unicity.net\/v5a-test\/items\/9752a919e28f96747163918165b46f23","id":{"unicity":"19941"},"weightEach":{"value":558},"servingsPerContainer":15,"servingSize":0},"quantity":1,"terms":{"priceEach":32.62,"taxEach":{"amount":1.7},"discountEach":{"amount":0},"pvEach":20}}]},"currency":"EUR"},{"lines":{"items":[{"item":{"href":"https:\/\/hydraqa.unicity.net\/v5a-test\/items\/332daeac6796ed016ea8b7d0bc42c2d4","id":{"unicity":"24274"},"weightEach":{"value":0},"servingsPerContainer":0,"servingSize":0},"quantity":1,"terms":{"priceEach":7.48,"taxEach":{"amount":1.24},"discountEach":{"amount":0},"pvEach":0}}]},"currency":"EUR"},{"lines":{"items":[{"item":{"href":"https:\/\/hydraqa.unicity.net\/v5a-test\/items\/1945faa1776541d53120ecfe3c1d8a2b","id":{"unicity":"24418"},"weightEach":{"value":0},"servingsPerContainer":0,"servingSize":0},"quantity":1,"terms":{"priceEach":4.96,"taxEach":{"amount":0.82},"discountEach":{"amount":0},"pvEach":0}}]},"currency":"EUR"},{"lines":{"items":[{"item":{"href":"https:\/\/hydraqa.unicity.net\/v5a-test\/items\/5147f8cfe32548e02fc158d4da9c4d6f","id":{"unicity":"27150"},"weightEach":{"value":0},"servingsPerContainer":0,"servingSize":0},"quantity":1,"terms":{"priceEach":93.36,"taxEach":{"amount":4.86},"discountEach":{"amount":0},"pvEach":70}}]},"currency":"EUR"},{"lines":{"items":[{"item":{"href":"https:\/\/hydraqa.unicity.net\/v5a-test\/items\/03eba2365025ccd85818846a83a16f47","id":{"unicity":"27163"},"weightEach":{"value":0},"servingsPerContainer":0,"servingSize":0},"quantity":1,"terms":{"priceEach":74.67,"taxEach":{"amount":3.89},"discountEach":{"amount":0},"pvEach":54}}]},"currency":"EUR"},{"lines":{"items":[{"item":{"href":"https:\/\/hydraqa.unicity.net\/v5a-test\/items\/7d4ad2792f7056e5f81eb24f118ef737","id":{"unicity":"27575"},"weightEach":{"value":0},"servingsPerContainer":0,"servingSize":0},"quantity":1,"terms":{"priceEach":55.98,"taxEach":{"amount":2.91},"discountEach":{"amount":0},"pvEach":34}}]},"currency":"EUR"},{"lines":{"items":[{"item":{"href":"https:\/\/hydraqa.unicity.net\/v5a-test\/items\/a7bda1cb4a35343e52791aba56debc4a","id":{"unicity":"27617"},"weightEach":{"value":0},"servingsPerContainer":0,"servingSize":0},"quantity":1,"terms":{"priceEach":29.81,"taxEach":{"amount":1.55},"discountEach":{"amount":0},"pvEach":18}}]},"currency":"EUR"},{"lines":{"items":[{"item":{"href":"https:\/\/hydraqa.unicity.net\/v5a-test\/items\/0eebdede5bdb8bf4d71e800b6f3cead1","id":{"unicity":"30825"},"weightEach":{"value":0},"servingsPerContainer":0,"servingSize":0},"quantity":1,"terms":{"priceEach":37.29,"taxEach":{"amount":1.94},"discountEach":{"amount":0},"pvEach":23}}]},"currency":"EUR"},{"lines":{"items":[{"item":{"href":"https:\/\/hydraqa.unicity.net\/v5a-test\/items\/606f7be753c74dfbfe4b107276775140","id":{"unicity":"29821"},"weightEach":{"value":0},"servingsPerContainer":0,"servingSize":0},"quantity":1,"terms":{"priceEach":79.35,"taxEach":{"amount":4.13},"discountEach":{"amount":0},"pvEach":59}}]},"currency":"EUR"},{"lines":{"items":[{"item":{"href":"https:\/\/hydraqa.unicity.net\/v5a-test\/items\/94939f9be900906d2b47260ccba22a7b","id":{"unicity":"32012"},"weightEach":{"value":0},"servingsPerContainer":0,"servingSize":0},"quantity":1,"terms":{"priceEach":13.93,"taxEach":{"amount":0.72},"discountEach":{"amount":0},"pvEach":6}}]},"currency":"EUR"},{"lines":{"items":[{"item":{"href":"https:\/\/hydraqa.unicity.net\/v5a-test\/items\/2c4c1abe00983e85aaa918d2ce341491","id":{"unicity":"17174"},"weightEach":{"value":0},"servingsPerContainer":0,"servingSize":0},"quantity":1,"terms":{"priceEach":37.29,"taxEach":{"amount":1.94},"discountEach":{"amount":0},"pvEach":23}}]},"currency":"EUR"},{"lines":{"items":[{"item":{"href":"https:\/\/hydraqa.unicity.net\/v5a-test\/items\/991cdbb84a495779eb209fb3956a77e4","id":{"unicity":"29183"},"weightEach":{"value":0},"servingsPerContainer":0,"servingSize":0},"quantity":1,"terms":{"priceEach":31.01,"taxEach":{"amount":5.16},"discountEach":{"amount":0},"pvEach":18}}]},"currency":"EUR"},{"lines":{"items":[{"item":{"href":"https:\/\/hydraqa.unicity.net\/v5a-test\/items\/0e78fbdfebef11cd62f8d2120064ee58","id":{"unicity":"30280"},"weightEach":{"value":0},"servingsPerContainer":0,"servingSize":0},"quantity":1,"terms":{"priceEach":33.53,"taxEach":{"amount":5.58},"discountEach":{"amount":0},"pvEach":20}}]},"currency":"EUR"},{"lines":{"items":[{"item":{"href":"https:\/\/hydraqa.unicity.net\/v5a-test\/items\/beb900429fbb160dbfc3001c14d96df4","id":{"unicity":"29187"},"weightEach":{"value":0},"servingsPerContainer":0,"servingSize":0},"quantity":1,"terms":{"priceEach":37.73,"taxEach":{"amount":6.28},"discountEach":{"amount":0},"pvEach":24}}]},"currency":"EUR"},{"lines":{"items":[{"item":{"href":"https:\/\/hydraqa.unicity.net\/v5a-test\/items\/1b0412bea8c0b841c66f65a36aa14108","id":{"unicity":"29191"},"weightEach":{"value":0},"servingsPerContainer":0,"servingSize":0},"quantity":1,"terms":{"priceEach":37.73,"taxEach":{"amount":6.28},"discountEach":{"amount":0},"pvEach":24}}]},"currency":"EUR"},{"lines":{"items":[{"item":{"href":"https:\/\/hydraqa.unicity.net\/v5a-test\/items\/52c87f74d3b41ed49b0f897b66c2a99b","id":{"unicity":"30684"},"weightEach":{"value":0},"servingsPerContainer":0,"servingSize":0},"quantity":1,"terms":{"priceEach":37.29,"taxEach":{"amount":1.94},"discountEach":{"amount":0},"pvEach":23}}]},"currency":"EUR"},{"lines":{"items":[{"item":{"href":"https:\/\/hydraqa.unicity.net\/v5a-test\/items\/90f38f77c9e6ea5a71aa7377df83760b","id":{"unicity":"30198"},"weightEach":{"value":0},"servingsPerContainer":0,"servingSize":0},"quantity":1,"terms":{"priceEach":19,"taxEach":{"amount":1.05},"discountEach":{"amount":0},"pvEach":16}}]},"currency":"EUR"},{"lines":{"items":[{"item":{"href":"https:\/\/hydraqa.unicity.net\/v5a-test\/items\/ab2a2b07b17718843a66bee04ff40624","id":{"unicity":"31402"},"weightEach":{"value":0},"servingsPerContainer":0,"servingSize":0},"quantity":1,"terms":{"priceEach":98.9,"taxEach":{"amount":5.15},"discountEach":{"amount":0},"pvEach":70}}]},"currency":"EUR"},{"lines":{"items":[{"item":{"href":"https:\/\/hydraqa.unicity.net\/v5a-test\/items\/7e5e7df32701fd44947c8146f2129f7a","id":{"unicity":"31672"},"weightEach":{"value":0},"servingsPerContainer":0,"servingSize":0},"quantity":1,"terms":{"priceEach":74.67,"taxEach":{"amount":3.89},"discountEach":{"amount":0},"pvEach":54}}]},"currency":"EUR"},{"lines":{"items":[{"item":{"href":"https:\/\/hydraqa.unicity.net\/v5a-test\/items\/bfddb53fe0d5ed5432c531dc9850cbe4","id":{"unicity":"29449"},"weightEach":{"value":0},"servingsPerContainer":0,"servingSize":0},"quantity":1,"terms":{"priceEach":26.07,"taxEach":{"amount":1.35},"discountEach":{"amount":0},"pvEach":16}}]},"currency":"EUR"},{"lines":{"items":[{"item":{"href":"https:\/\/hydraqa.unicity.net\/v5a-test\/items\/75b870fdff12be635674216fe88d3204","id":{"unicity":"29984"},"weightEach":{"value":0},"servingsPerContainer":0,"servingSize":0},"quantity":1,"terms":{"priceEach":37.73,"taxEach":{"amount":6.28},"discountEach":{"amount":0},"pvEach":24}}]},"currency":"EUR"},{"lines":{"items":[{"item":{"href":"https:\/\/hydraqa.unicity.net\/v5a-test\/items\/4d23d73a0d3d3e5fe9c383822040a9b0","id":{"unicity":"32191"},"weightEach":{"value":0},"servingsPerContainer":0,"servingSize":0},"quantity":1,"terms":{"priceEach":1315.79,"taxEach":{"amount":72.37},"discountEach":{"amount":0},"pvEach":903}}]},"currency":"EUR"},{"lines":{"items":[{"item":{"href":"https:\/\/hydraqa.unicity.net\/v5a-test\/items\/e9fe58342fff74ec4f4430f7c622816e","id":{"unicity":"31870"},"weightEach":{"value":0},"servingsPerContainer":0,"servingSize":0},"quantity":1,"terms":{"priceEach":20.47,"taxEach":{"amount":1.06},"discountEach":{"amount":0},"pvEach":9}}]},"currency":"EUR"},{"lines":{"items":[{"item":{"href":"https:\/\/hydraqa.unicity.net\/v5a-test\/items\/fbb6dbd577adb73abaec364076fb288f","id":{"unicity":"32087"},"weightEach":{"value":0},"servingsPerContainer":0,"servingSize":0},"quantity":1,"terms":{"priceEach":20.47,"taxEach":{"amount":1.06},"discountEach":{"amount":0},"pvEach":9}}]},"currency":"EUR"},{"lines":{"items":[{"item":{"href":"https:\/\/hydraqa.unicity.net\/v5a-test\/items\/35dcc0035e442bbe6482f178ec38522c","id":{"unicity":"31868"},"weightEach":{"value":0},"servingsPerContainer":0,"servingSize":0},"quantity":1,"terms":{"priceEach":20.47,"taxEach":{"amount":1.06},"discountEach":{"amount":0},"pvEach":9}}]},"currency":"EUR"},{"lines":{"items":[{"item":{"href":"https:\/\/hydraqa.unicity.net\/v5a-test\/items\/baa263a2750aa330fbd9e5b96fdb2b55","id":{"unicity":"32609"},"weightEach":{"value":0},"servingsPerContainer":0,"servingSize":0},"quantity":1,"terms":{"priceEach":55.98,"taxEach":{"amount":0},"discountEach":{"amount":0},"pvEach":34}}]},"currency":"EUR"},{"lines":{"items":[{"item":{"href":"https:\/\/hydraqa.unicity.net\/v5a-test\/items\/34c8c6b0f454da738e64265f08c57a72","id":{"unicity":"31777"},"weightEach":{"value":0},"servingsPerContainer":0,"servingSize":0},"quantity":1,"terms":{"priceEach":6.22,"taxEach":{"amount":1.03},"discountEach":{"amount":0},"pvEach":3}}]},"currency":"EUR"},{"lines":{"items":[{"item":{"href":"https:\/\/hydraqa.unicity.net\/v5a-test\/items\/d7e1dd4b19a8672aed99e591356c0d48","id":{"unicity":"31932"},"weightEach":{"value":0},"servingsPerContainer":0,"servingSize":0},"quantity":1,"terms":{"priceEach":6.22,"taxEach":{"amount":1.03},"discountEach":{"amount":0},"pvEach":3}}]},"currency":"EUR"},{"lines":{"items":[{"item":{"href":"https:\/\/hydraqa.unicity.net\/v5a-test\/items\/7e80331c8c25f515174d3f894283a27c","id":{"unicity":"31781"},"weightEach":{"value":0},"servingsPerContainer":0,"servingSize":0},"quantity":1,"terms":{"priceEach":8.32,"taxEach":{"amount":1.38},"discountEach":{"amount":0},"pvEach":4}}]},"currency":"EUR"},{"lines":{"items":[{"item":{"href":"https:\/\/hydraqa.unicity.net\/v5a-test\/items\/04516be30bd9bf93e01536e7fc8f8716","id":{"unicity":"31779"},"weightEach":{"value":0},"servingsPerContainer":0,"servingSize":0},"quantity":1,"terms":{"priceEach":10,"taxEach":{"amount":1.66},"discountEach":{"amount":0},"pvEach":5}}]},"currency":"EUR"},{"lines":{"items":[{"item":{"href":"https:\/\/hydraqa.unicity.net\/v5a-test\/items\/1aa00306dc0006d365acd7436548f2e6","id":{"unicity":"31778"},"weightEach":{"value":0},"servingsPerContainer":0,"servingSize":0},"quantity":1,"terms":{"priceEach":12.52,"taxEach":{"amount":2.08},"discountEach":{"amount":0},"pvEach":6}}]},"currency":"EUR"},{"lines":{"items":[{"item":{"href":"https:\/\/hydraqa.unicity.net\/v5a-test\/items\/fc8583e3bf463b599fdcce05234bc137","id":{"unicity":"31780"},"weightEach":{"value":0},"servingsPerContainer":0,"servingSize":0},"quantity":1,"terms":{"priceEach":8.32,"taxEach":{"amount":1.38},"discountEach":{"amount":0},"pvEach":4}}]},"currency":"EUR"},{"lines":{"items":[{"item":{"href":"https:\/\/hydraqa.unicity.net\/v5a-test\/items\/8d3854b47de8e45d6fcdc194dffff601","id":{"unicity":"31782"},"weightEach":{"value":0},"servingsPerContainer":0,"servingSize":0},"quantity":1,"terms":{"priceEach":12.52,"taxEach":{"amount":2.08},"discountEach":{"amount":0},"pvEach":6}}]},"currency":"EUR"}]}
Entry request : {"order":{"customer":{"href":"https://hydraqa.unicity.net/v5a-test/customers?type=Associate"},"shipToAddress":{"country":"FR"}},"vary":{"lines":{"items":[{"item":{"href":"https://hydraqa.unicity.net/v5a-test/items?id.unicity=26306|29904|31336|31763|31951|31952|32128|32129|32130|32132|32133|32134|32135|32136|32137|32138|32125|18511|26422|27156|27158|27160|27166|27660|27587|28601|28604|27395|15880|26560|29017|26567|26568|24758|31772|29317|30103|32126|32127|32197|32196|29833|29905|19941|24274|24418|27150|27163|27575|27617|30825|29821|32012|17174|30139|29181|29183|30280|29187|29191|30684|30198|31402|31672|29449|29984|32191|31870|32087|31868|32609|31777|31932|31781|31779|31778|31780|31782"}}]}}}
]]></system-out>
    <system-err><![CDATA[Starting ChromeDriver 2.36.540470 (e522d04694c7ebea4ba8821272dbef4f9b818c91) on port 2863
Only local connections are allowed.
Mar 17, 2020 10:36:14 AM org.openqa.selenium.remote.ProtocolHandshake createSession
INFO: Detected dialect: OSS
]]></system-err>
  </testcase>
  <testcase name="Enroll" classname="Tests.FranchisePartner" time="262.411">
    <failure message="Major Total Price is Wrong expected [207.85] but found [193.3]" type="java.lang.AssertionError">java.lang.AssertionError: Major Total Price is Wrong expected [207.85] but found [193.3]
	at Tests.FranchisePartner.Enroll(FranchisePartner.java:253)
</failure>
    <system-out><![CDATA[Request URL: https://hydraqa.unicity.net/v5a-test/quotes?&expand=item
Entry Quotes response : {"items":[{"lines":{"items":[{"item":{"href":"https:\/\/hydraqa.unicity.net\/v5a-test\/items\/ce9cbecebbd583d0df582da5e1c57ce2","id":{"unicity":"26306"},"weightEach":{"value":0},"servingsPerContainer":0,"servingSize":0},"quantity":1,"terms":{"priceEach":191,"taxEach":{"amount":10.51},"discountEach":{"amount":0},"pvEach":137}}]},"currency":"EUR"},{"lines":{"items":[{"item":{"href":"https:\/\/hydraqa.unicity.net\/v5a-test\/items\/6b64d005f2f920d7e836dc232495dabe","id":{"unicity":"29904"},"weightEach":{"value":0},"servingsPerContainer":0,"servingSize":0},"quantity":1,"terms":{"priceEach":183,"taxEach":{"amount":10.5},"discountEach":{"amount":0},"pvEach":129}}]},"currency":"EUR"},{"lines":{"items":[{"item":{"href":"https:\/\/hydraqa.unicity.net\/v5a-test\/items\/6447f84f6ef7782049a369b983428bb7","id":{"unicity":"31336"},"weightEach":{"value":0},"servingsPerContainer":0,"servingSize":0},"quantity":1,"terms":{"priceEach":224.21,"taxEach":{"amount":12.33},"discountEach":{"amount":0},"pvEach":165}}]},"currency":"EUR"},{"lines":{"items":[{"item":{"href":"https:\/\/hydraqa.unicity.net\/v5a-test\/items\/31cb0679f65df8fa9a4fc3d7e38b72b3","id":{"unicity":"31763"},"weightEach":{"value":0},"servingsPerContainer":0,"servingSize":0},"quantity":1,"terms":{"priceEach":243.3,"taxEach":{"amount":13.38},"discountEach":{"amount":0},"pvEach":181}}]},"currency":"EUR"},{"lines":{"items":[{"item":{"href":"https:\/\/hydraqa.unicity.net\/v5a-test\/items\/e9991b48ac639367d526d2b9b22fac8c","id":{"unicity":"32128"},"weightEach":{"value":0},"servingsPerContainer":0,"servingSize":0},"quantity":1,"terms":{"priceEach":371.87,"taxEach":{"amount":20.45},"discountEach":{"amount":0},"pvEach":253}}]},"currency":"EUR"},{"lines":{"items":[{"item":{"href":"https:\/\/hydraqa.unicity.net\/v5a-test\/items\/40b3312de189221d96d838d33a8ec49d","id":{"unicity":"32129"},"weightEach":{"value":0},"servingsPerContainer":0,"servingSize":0},"quantity":1,"terms":{"priceEach":371.87,"taxEach":{"amount":20.45},"discountEach":{"amount":0},"pvEach":254}}]},"currency":"EUR"},{"lines":{"items":[{"item":{"href":"https:\/\/hydraqa.unicity.net\/v5a-test\/items\/6bd168a66ce41003a8f30917deff5808","id":{"unicity":"32130"},"weightEach":{"value":0},"servingsPerContainer":0,"servingSize":0},"quantity":1,"terms":{"priceEach":363.46,"taxEach":{"amount":19.99},"discountEach":{"amount":0},"pvEach":252}}]},"currency":"EUR"},{"lines":{"items":[{"item":{"href":"https:\/\/hydraqa.unicity.net\/v5a-test\/items\/806f99b793edd7cd0b1c158ba0eb3142","id":{"unicity":"32132"},"weightEach":{"value":0},"servingsPerContainer":0,"servingSize":0},"quantity":1,"terms":{"priceEach":355.98,"taxEach":{"amount":19.58},"discountEach":{"amount":0},"pvEach":253}}]},"currency":"EUR"},{"lines":{"items":[{"item":{"href":"https:\/\/hydraqa.unicity.net\/v5a-test\/items\/e3d382d99fde8659cb146b54116e7654","id":{"unicity":"32133"},"weightEach":{"value":0},"servingsPerContainer":0,"servingSize":0},"quantity":1,"terms":{"priceEach":364.39,"taxEach":{"amount":20.04},"discountEach":{"amount":0},"pvEach":252}}]},"currency":"EUR"},{"lines":{"items":[{"item":{"href":"https:\/\/hydraqa.unicity.net\/v5a-test\/items\/022f109fe6e5eae3e521295a5cb94c60","id":{"unicity":"32134"},"weightEach":{"value":0},"servingsPerContainer":0,"servingSize":0},"quantity":1,"terms":{"priceEach":144.77,"taxEach":{"amount":7.96},"discountEach":{"amount":0},"pvEach":101}}]},"currency":"EUR"},{"lines":{"items":[{"item":{"href":"https:\/\/hydraqa.unicity.net\/v5a-test\/items\/ded00960d5e948dd8e511a9c752e1ff9","id":{"unicity":"32135"},"weightEach":{"value":0},"servingsPerContainer":0,"servingSize":0},"quantity":1,"terms":{"priceEach":154.11,"taxEach":{"amount":8.48},"discountEach":{"amount":0},"pvEach":113}}]},"currency":"EUR"},{"lines":{"items":[{"item":{"href":"https:\/\/hydraqa.unicity.net\/v5a-test\/items\/d8736cc35cf9f4734fd76da71c53dc05","id":{"unicity":"32136"},"weightEach":{"value":0},"servingsPerContainer":0,"servingSize":0},"quantity":1,"terms":{"priceEach":141.96,"taxEach":{"amount":7.81},"discountEach":{"amount":0},"pvEach":102}}]},"currency":"EUR"},{"lines":{"items":[{"item":{"href":"https:\/\/hydraqa.unicity.net\/v5a-test\/items\/166a69d45c4ae40278554e24d5f40443","id":{"unicity":"32137"},"weightEach":{"value":0},"servingsPerContainer":0,"servingSize":0},"quantity":1,"terms":{"priceEach":168.13,"taxEach":{"amount":9.25},"discountEach":{"amount":0},"pvEach":118}}]},"currency":"EUR"},{"lines":{"items":[{"item":{"href":"https:\/\/hydraqa.unicity.net\/v5a-test\/items\/d04a0b8762b20202b6273114fb7302d1","id":{"unicity":"32138"},"weightEach":{"value":0},"servingsPerContainer":0,"servingSize":0},"quantity":1,"terms":{"priceEach":224.21,"taxEach":{"amount":12.33},"discountEach":{"amount":0},"pvEach":152}}]},"currency":"EUR"},{"lines":{"items":[{"item":{"href":"https:\/\/hydraqa.unicity.net\/v5a-test\/items\/e13d0b5c40704ad5dd186959367c97f1","id":{"unicity":"32125"},"weightEach":{"value":0},"servingsPerContainer":0,"servingSize":0},"quantity":1,"terms":{"priceEach":373.74,"taxEach":{"amount":20.56},"discountEach":{"amount":0},"pvEach":250}}]},"currency":"EUR"},{"lines":{"items":[{"item":{"href":"https:\/\/hydraqa.unicity.net\/v5a-test\/items\/c451532f63a06f0e9a054e946a1a1c3b","id":{"unicity":"18511"},"weightEach":{"value":0},"servingsPerContainer":0,"servingSize":0},"quantity":1,"terms":{"priceEach":37.29,"taxEach":{"amount":1.94},"discountEach":{"amount":0},"pvEach":23}}]},"currency":"EUR"},{"lines":{"items":[{"item":{"href":"https:\/\/hydraqa.unicity.net\/v5a-test\/items\/4e49c95f12ae7be78e5ffab68b8b3ca6","id":{"unicity":"26422"},"weightEach":{"value":0},"servingsPerContainer":0,"servingSize":0},"quantity":1,"terms":{"priceEach":19,"taxEach":{"amount":0.99},"discountEach":{"amount":0},"pvEach":16}}]},"currency":"EUR"},{"lines":{"items":[{"item":{"href":"https:\/\/hydraqa.unicity.net\/v5a-test\/items\/50e73ecfa509ac20c4a250f9cb32fdfc","id":{"unicity":"27156"},"weightEach":{"value":0},"servingsPerContainer":0,"servingSize":0},"quantity":1,"terms":{"priceEach":20.47,"taxEach":{"amount":1.06},"discountEach":{"amount":0},"pvEach":13}}]},"currency":"EUR"},{"lines":{"items":[{"item":{"href":"https:\/\/hydraqa.unicity.net\/v5a-test\/items\/d92292ba2f23c030e4a1f63eb3ebe1ce","id":{"unicity":"27158"},"weightEach":{"value":0},"servingsPerContainer":0,"servingSize":0},"quantity":1,"terms":{"priceEach":27.94,"taxEach":{"amount":1.45},"discountEach":{"amount":0},"pvEach":23}}]},"currency":"EUR"},{"lines":{"items":[{"item":{"href":"https:\/\/hydraqa.unicity.net\/v5a-test\/items\/0d3b8d4f7c4d4082db1b4ecffb6693fb","id":{"unicity":"27160"},"weightEach":{"value":0},"servingsPerContainer":0,"servingSize":0},"quantity":1,"terms":{"priceEach":74.67,"taxEach":{"amount":3.89},"discountEach":{"amount":0},"pvEach":53}}]},"currency":"EUR"},{"lines":{"items":[{"item":{"href":"https:\/\/hydraqa.unicity.net\/v5a-test\/items\/ac37bf51ff7e4fe860da8457f6ce0425","id":{"unicity":"27166"},"weightEach":{"value":0},"servingsPerContainer":0,"servingSize":0},"quantity":1,"terms":{"priceEach":74.67,"taxEach":{"amount":3.89},"discountEach":{"amount":0},"pvEach":54}}]},"currency":"EUR"},{"lines":{"items":[{"item":{"href":"https:\/\/hydraqa.unicity.net\/v5a-test\/items\/a36d9fdd0fd7561e6180fb5b2ff27164","id":{"unicity":"27660"},"weightEach":{"value":0},"servingsPerContainer":0,"servingSize":0},"quantity":1,"terms":{"priceEach":31.68,"taxEach":{"amount":1.65},"discountEach":{"amount":0},"pvEach":18}}]},"currency":"EUR"},{"lines":{"items":[{"item":{"href":"https:\/\/hydraqa.unicity.net\/v5a-test\/items\/112b8c39286598b3730f630f371a45f4","id":{"unicity":"27587"},"weightEach":{"value":0},"servingsPerContainer":0,"servingSize":0},"quantity":1,"terms":{"priceEach":55.98,"taxEach":{"amount":2.91},"discountEach":{"amount":0},"pvEach":34}}]},"currency":"EUR"},{"lines":{"items":[{"item":{"href":"https:\/\/hydraqa.unicity.net\/v5a-test\/items\/0c0717a26fcfe40310e906487e8a12f7","id":{"unicity":"28601"},"weightEach":{"value":0},"servingsPerContainer":0,"servingSize":0},"quantity":1,"terms":{"priceEach":74.67,"taxEach":{"amount":3.89},"discountEach":{"amount":0},"pvEach":54}}]},"currency":"EUR"},{"lines":{"items":[{"item":{"href":"https:\/\/hydraqa.unicity.net\/v5a-test\/items\/4790a55c442b5dc75a13b155e78c1842","id":{"unicity":"28604"},"weightEach":{"value":0},"servingsPerContainer":0,"servingSize":0},"quantity":1,"terms":{"priceEach":74.67,"taxEach":{"amount":3.89},"discountEach":{"amount":0},"pvEach":54}}]},"currency":"EUR"},{"lines":{"items":[{"item":{"href":"https:\/\/hydraqa.unicity.net\/v5a-test\/items\/024e696f8b44a1d315006e676604cd31","id":{"unicity":"27395"},"weightEach":{"value":0},"servingsPerContainer":0,"servingSize":0},"quantity":1,"terms":{"priceEach":29.81,"taxEach":{"amount":1.55},"discountEach":{"amount":0},"pvEach":18}}]},"currency":"EUR"},{"lines":{"items":[{"item":{"href":"https:\/\/hydraqa.unicity.net\/v5a-test\/items\/398d06b858b960f6f38086d40608aef2","id":{"unicity":"26560"},"weightEach":{"value":0},"servingsPerContainer":0,"servingSize":0},"quantity":1,"terms":{"priceEach":20.47,"taxEach":{"amount":1.06},"discountEach":{"amount":0},"pvEach":13}}]},"currency":"EUR"},{"lines":{"items":[{"item":{"href":"https:\/\/hydraqa.unicity.net\/v5a-test\/items\/e218d1cac5f31e7ae4f5876c29c57377","id":{"unicity":"29017"},"weightEach":{"value":0},"servingsPerContainer":0,"servingSize":0},"quantity":1,"terms":{"priceEach":37.29,"taxEach":{"amount":1.94},"discountEach":{"amount":0},"pvEach":23}}]},"currency":"EUR"},{"lines":{"items":[{"item":{"href":"https:\/\/hydraqa.unicity.net\/v5a-test\/items\/3f2d12d7a0e8551fc99fad3bbe1ba633","id":{"unicity":"26567"},"weightEach":{"value":0},"servingsPerContainer":0,"servingSize":0},"quantity":1,"terms":{"priceEach":55.98,"taxEach":{"amount":2.91},"discountEach":{"amount":0},"pvEach":26}}]},"currency":"EUR"},{"lines":{"items":[{"item":{"href":"https:\/\/hydraqa.unicity.net\/v5a-test\/items\/191637167cb3144bd2e8c4615e9ab67e","id":{"unicity":"26568"},"weightEach":{"value":0},"servingsPerContainer":0,"servingSize":0},"quantity":1,"terms":{"priceEach":55.98,"taxEach":{"amount":2.91},"discountEach":{"amount":0},"pvEach":26}}]},"currency":"EUR"},{"lines":{"items":[{"item":{"href":"https:\/\/hydraqa.unicity.net\/v5a-test\/items\/64ec7ad932acafab052a4e8800ad1238","id":{"unicity":"24758"},"weightEach":{"value":0},"servingsPerContainer":0,"servingSize":0},"quantity":1,"terms":{"priceEach":37.29,"taxEach":{"amount":1.94},"discountEach":{"amount":0},"pvEach":23}}]},"currency":"EUR"},{"lines":{"items":[{"item":{"href":"https:\/\/hydraqa.unicity.net\/v5a-test\/items\/db0a2b02eaabc5ad45fe91ba5c7bcf5a","id":{"unicity":"31772"},"weightEach":{"value":0},"servingsPerContainer":0,"servingSize":0},"quantity":1,"terms":{"priceEach":8.32,"taxEach":{"amount":1.38},"discountEach":{"amount":0},"pvEach":0}}]},"currency":"EUR"},{"lines":{"items":[{"item":{"href":"https:\/\/hydraqa.unicity.net\/v5a-test\/items\/2262fdd5af916c31df08089c191735c1","id":{"unicity":"29317"},"weightEach":{"value":0},"servingsPerContainer":0,"servingSize":0},"quantity":1,"terms":{"priceEach":25.21,"taxEach":{"amount":4.2},"discountEach":{"amount":0},"pvEach":0}}]},"currency":"EUR"},{"lines":{"items":[{"item":{"href":"https:\/\/hydraqa.unicity.net\/v5a-test\/items\/34c53e6d4cce0f8a72327d86c3ef04cb","id":{"unicity":"30103"},"weightEach":{"value":0},"servingsPerContainer":0,"servingSize":0},"quantity":1,"terms":{"priceEach":25.86,"taxEach":{"amount":5.17},"discountEach":{"amount":0},"pvEach":0}}]},"currency":"EUR"},{"lines":{"items":[{"item":{"href":"https:\/\/hydraqa.unicity.net\/v5a-test\/items\/217ca02fbd24e21ca5281412756238ab","id":{"unicity":"32126"},"weightEach":{"value":0},"servingsPerContainer":0,"servingSize":0},"quantity":1,"terms":{"priceEach":152.24,"taxEach":{"amount":9.58},"discountEach":{"amount":0},"pvEach":101}}]},"currency":"EUR"},{"lines":{"items":[{"item":{"href":"https:\/\/hydraqa.unicity.net\/v5a-test\/items\/808008a0657d2033ad471c39bbce9891","id":{"unicity":"32127"},"weightEach":{"value":0},"servingsPerContainer":0,"servingSize":0},"quantity":1,"terms":{"priceEach":162.34,"taxEach":{"amount":10.14},"discountEach":{"amount":0},"pvEach":113}}]},"currency":"EUR"},{"lines":{"items":[{"item":{"href":"https:\/\/hydraqa.unicity.net\/v5a-test\/items\/b8b378af3db7294d17181dbec563c0fa","id":{"unicity":"32197"},"weightEach":{"value":0},"servingsPerContainer":0,"servingSize":0},"quantity":1,"terms":{"priceEach":347.57,"taxEach":{"amount":19.12},"discountEach":{"amount":0},"pvEach":250}}]},"currency":"EUR"},{"lines":{"items":[{"item":{"href":"https:\/\/hydraqa.unicity.net\/v5a-test\/items\/27877610c0dfffbb380736f326d57748","id":{"unicity":"32196"},"weightEach":{"value":0},"servingsPerContainer":0,"servingSize":0},"quantity":1,"terms":{"priceEach":154.11,"taxEach":{"amount":8.48},"discountEach":{"amount":0},"pvEach":116}}]},"currency":"EUR"},{"lines":{"items":[{"item":{"href":"https:\/\/hydraqa.unicity.net\/v5a-test\/items\/10df0fc3509b53cbeaeb9476ca92d520","id":{"unicity":"29833"},"weightEach":{"value":0},"servingsPerContainer":0,"servingSize":0},"quantity":1,"terms":{"priceEach":90.56,"taxEach":{"amount":4.98},"discountEach":{"amount":0},"pvEach":69}}]},"currency":"EUR"},{"lines":{"items":[{"item":{"href":"https:\/\/hydraqa.unicity.net\/v5a-test\/items\/44e9ef796bb3ac3ad7927ffeace7b5f3","id":{"unicity":"29905"},"weightEach":{"value":0},"servingsPerContainer":0,"servingSize":0},"quantity":1,"terms":{"priceEach":915,"taxEach":{"amount":52.5},"discountEach":{"amount":0},"pvEach":645}}]},"currency":"EUR"},{"lines":{"items":[{"item":{"href":"https:\/\/hydraqa.unicity.net\/v5a-test\/items\/9752a919e28f96747163918165b46f23","id":{"unicity":"19941"},"weightEach":{"value":558},"servingsPerContainer":15,"servingSize":0},"quantity":1,"terms":{"priceEach":32.62,"taxEach":{"amount":1.7},"discountEach":{"amount":0},"pvEach":20}}]},"currency":"EUR"},{"lines":{"items":[{"item":{"href":"https:\/\/hydraqa.unicity.net\/v5a-test\/items\/332daeac6796ed016ea8b7d0bc42c2d4","id":{"unicity":"24274"},"weightEach":{"value":0},"servingsPerContainer":0,"servingSize":0},"quantity":1,"terms":{"priceEach":7.48,"taxEach":{"amount":1.24},"discountEach":{"amount":0},"pvEach":0}}]},"currency":"EUR"},{"lines":{"items":[{"item":{"href":"https:\/\/hydraqa.unicity.net\/v5a-test\/items\/1945faa1776541d53120ecfe3c1d8a2b","id":{"unicity":"24418"},"weightEach":{"value":0},"servingsPerContainer":0,"servingSize":0},"quantity":1,"terms":{"priceEach":4.96,"taxEach":{"amount":0.82},"discountEach":{"amount":0},"pvEach":0}}]},"currency":"EUR"},{"lines":{"items":[{"item":{"href":"https:\/\/hydraqa.unicity.net\/v5a-test\/items\/5147f8cfe32548e02fc158d4da9c4d6f","id":{"unicity":"27150"},"weightEach":{"value":0},"servingsPerContainer":0,"servingSize":0},"quantity":1,"terms":{"priceEach":93.36,"taxEach":{"amount":4.86},"discountEach":{"amount":0},"pvEach":70}}]},"currency":"EUR"},{"lines":{"items":[{"item":{"href":"https:\/\/hydraqa.unicity.net\/v5a-test\/items\/03eba2365025ccd85818846a83a16f47","id":{"unicity":"27163"},"weightEach":{"value":0},"servingsPerContainer":0,"servingSize":0},"quantity":1,"terms":{"priceEach":74.67,"taxEach":{"amount":3.89},"discountEach":{"amount":0},"pvEach":54}}]},"currency":"EUR"},{"lines":{"items":[{"item":{"href":"https:\/\/hydraqa.unicity.net\/v5a-test\/items\/7d4ad2792f7056e5f81eb24f118ef737","id":{"unicity":"27575"},"weightEach":{"value":0},"servingsPerContainer":0,"servingSize":0},"quantity":1,"terms":{"priceEach":55.98,"taxEach":{"amount":2.91},"discountEach":{"amount":0},"pvEach":34}}]},"currency":"EUR"},{"lines":{"items":[{"item":{"href":"https:\/\/hydraqa.unicity.net\/v5a-test\/items\/a7bda1cb4a35343e52791aba56debc4a","id":{"unicity":"27617"},"weightEach":{"value":0},"servingsPerContainer":0,"servingSize":0},"quantity":1,"terms":{"priceEach":29.81,"taxEach":{"amount":1.55},"discountEach":{"amount":0},"pvEach":18}}]},"currency":"EUR"},{"lines":{"items":[{"item":{"href":"https:\/\/hydraqa.unicity.net\/v5a-test\/items\/0eebdede5bdb8bf4d71e800b6f3cead1","id":{"unicity":"30825"},"weightEach":{"value":0},"servingsPerContainer":0,"servingSize":0},"quantity":1,"terms":{"priceEach":37.29,"taxEach":{"amount":1.94},"discountEach":{"amount":0},"pvEach":23}}]},"currency":"EUR"},{"lines":{"items":[{"item":{"href":"https:\/\/hydraqa.unicity.net\/v5a-test\/items\/606f7be753c74dfbfe4b107276775140","id":{"unicity":"29821"},"weightEach":{"value":0},"servingsPerContainer":0,"servingSize":0},"quantity":1,"terms":{"priceEach":79.35,"taxEach":{"amount":4.13},"discountEach":{"amount":0},"pvEach":59}}]},"currency":"EUR"},{"lines":{"items":[{"item":{"href":"https:\/\/hydraqa.unicity.net\/v5a-test\/items\/94939f9be900906d2b47260ccba22a7b","id":{"unicity":"32012"},"weightEach":{"value":0},"servingsPerContainer":0,"servingSize":0},"quantity":1,"terms":{"priceEach":13.93,"taxEach":{"amount":0.72},"discountEach":{"amount":0},"pvEach":6}}]},"currency":"EUR"},{"lines":{"items":[{"item":{"href":"https:\/\/hydraqa.unicity.net\/v5a-test\/items\/2c4c1abe00983e85aaa918d2ce341491","id":{"unicity":"17174"},"weightEach":{"value":0},"servingsPerContainer":0,"servingSize":0},"quantity":1,"terms":{"priceEach":37.29,"taxEach":{"amount":1.94},"discountEach":{"amount":0},"pvEach":23}}]},"currency":"EUR"},{"lines":{"items":[{"item":{"href":"https:\/\/hydraqa.unicity.net\/v5a-test\/items\/991cdbb84a495779eb209fb3956a77e4","id":{"unicity":"29183"},"weightEach":{"value":0},"servingsPerContainer":0,"servingSize":0},"quantity":1,"terms":{"priceEach":31.01,"taxEach":{"amount":5.16},"discountEach":{"amount":0},"pvEach":18}}]},"currency":"EUR"},{"lines":{"items":[{"item":{"href":"https:\/\/hydraqa.unicity.net\/v5a-test\/items\/0e78fbdfebef11cd62f8d2120064ee58","id":{"unicity":"30280"},"weightEach":{"value":0},"servingsPerContainer":0,"servingSize":0},"quantity":1,"terms":{"priceEach":33.53,"taxEach":{"amount":5.58},"discountEach":{"amount":0},"pvEach":20}}]},"currency":"EUR"},{"lines":{"items":[{"item":{"href":"https:\/\/hydraqa.unicity.net\/v5a-test\/items\/beb900429fbb160dbfc3001c14d96df4","id":{"unicity":"29187"},"weightEach":{"value":0},"servingsPerContainer":0,"servingSize":0},"quantity":1,"terms":{"priceEach":37.73,"taxEach":{"amount":6.28},"discountEach":{"amount":0},"pvEach":24}}]},"currency":"EUR"},{"lines":{"items":[{"item":{"href":"https:\/\/hydraqa.unicity.net\/v5a-test\/items\/1b0412bea8c0b841c66f65a36aa14108","id":{"unicity":"29191"},"weightEach":{"value":0},"servingsPerContainer":0,"servingSize":0},"quantity":1,"terms":{"priceEach":37.73,"taxEach":{"amount":6.28},"discountEach":{"amount":0},"pvEach":24}}]},"currency":"EUR"},{"lines":{"items":[{"item":{"href":"https:\/\/hydraqa.unicity.net\/v5a-test\/items\/52c87f74d3b41ed49b0f897b66c2a99b","id":{"unicity":"30684"},"weightEach":{"value":0},"servingsPerContainer":0,"servingSize":0},"quantity":1,"terms":{"priceEach":37.29,"taxEach":{"amount":1.94},"discountEach":{"amount":0},"pvEach":23}}]},"currency":"EUR"},{"lines":{"items":[{"item":{"href":"https:\/\/hydraqa.unicity.net\/v5a-test\/items\/90f38f77c9e6ea5a71aa7377df83760b","id":{"unicity":"30198"},"weightEach":{"value":0},"servingsPerContainer":0,"servingSize":0},"quantity":1,"terms":{"priceEach":19,"taxEach":{"amount":1.05},"discountEach":{"amount":0},"pvEach":16}}]},"currency":"EUR"},{"lines":{"items":[{"item":{"href":"https:\/\/hydraqa.unicity.net\/v5a-test\/items\/ab2a2b07b17718843a66bee04ff40624","id":{"unicity":"31402"},"weightEach":{"value":0},"servingsPerContainer":0,"servingSize":0},"quantity":1,"terms":{"priceEach":98.9,"taxEach":{"amount":5.15},"discountEach":{"amount":0},"pvEach":70}}]},"currency":"EUR"},{"lines":{"items":[{"item":{"href":"https:\/\/hydraqa.unicity.net\/v5a-test\/items\/7e5e7df32701fd44947c8146f2129f7a","id":{"unicity":"31672"},"weightEach":{"value":0},"servingsPerContainer":0,"servingSize":0},"quantity":1,"terms":{"priceEach":74.67,"taxEach":{"amount":3.89},"discountEach":{"amount":0},"pvEach":54}}]},"currency":"EUR"},{"lines":{"items":[{"item":{"href":"https:\/\/hydraqa.unicity.net\/v5a-test\/items\/bfddb53fe0d5ed5432c531dc9850cbe4","id":{"unicity":"29449"},"weightEach":{"value":0},"servingsPerContainer":0,"servingSize":0},"quantity":1,"terms":{"priceEach":26.07,"taxEach":{"amount":1.35},"discountEach":{"amount":0},"pvEach":16}}]},"currency":"EUR"},{"lines":{"items":[{"item":{"href":"https:\/\/hydraqa.unicity.net\/v5a-test\/items\/75b870fdff12be635674216fe88d3204","id":{"unicity":"29984"},"weightEach":{"value":0},"servingsPerContainer":0,"servingSize":0},"quantity":1,"terms":{"priceEach":37.73,"taxEach":{"amount":6.28},"discountEach":{"amount":0},"pvEach":24}}]},"currency":"EUR"},{"lines":{"items":[{"item":{"href":"https:\/\/hydraqa.unicity.net\/v5a-test\/items\/4d23d73a0d3d3e5fe9c383822040a9b0","id":{"unicity":"32191"},"weightEach":{"value":0},"servingsPerContainer":0,"servingSize":0},"quantity":1,"terms":{"priceEach":1315.79,"taxEach":{"amount":72.37},"discountEach":{"amount":0},"pvEach":903}}]},"currency":"EUR"},{"lines":{"items":[{"item":{"href":"https:\/\/hydraqa.unicity.net\/v5a-test\/items\/e9fe58342fff74ec4f4430f7c622816e","id":{"unicity":"31870"},"weightEach":{"value":0},"servingsPerContainer":0,"servingSize":0},"quantity":1,"terms":{"priceEach":20.47,"taxEach":{"amount":1.06},"discountEach":{"amount":0},"pvEach":9}}]},"currency":"EUR"},{"lines":{"items":[{"item":{"href":"https:\/\/hydraqa.unicity.net\/v5a-test\/items\/fbb6dbd577adb73abaec364076fb288f","id":{"unicity":"32087"},"weightEach":{"value":0},"servingsPerContainer":0,"servingSize":0},"quantity":1,"terms":{"priceEach":20.47,"taxEach":{"amount":1.06},"discountEach":{"amount":0},"pvEach":9}}]},"currency":"EUR"},{"lines":{"items":[{"item":{"href":"https:\/\/hydraqa.unicity.net\/v5a-test\/items\/35dcc0035e442bbe6482f178ec38522c","id":{"unicity":"31868"},"weightEach":{"value":0},"servingsPerContainer":0,"servingSize":0},"quantity":1,"terms":{"priceEach":20.47,"taxEach":{"amount":1.06},"discountEach":{"amount":0},"pvEach":9}}]},"currency":"EUR"},{"lines":{"items":[{"item":{"href":"https:\/\/hydraqa.unicity.net\/v5a-test\/items\/baa263a2750aa330fbd9e5b96fdb2b55","id":{"unicity":"32609"},"weightEach":{"value":0},"servingsPerContainer":0,"servingSize":0},"quantity":1,"terms":{"priceEach":55.98,"taxEach":{"amount":0},"discountEach":{"amount":0},"pvEach":34}}]},"currency":"EUR"},{"lines":{"items":[{"item":{"href":"https:\/\/hydraqa.unicity.net\/v5a-test\/items\/34c8c6b0f454da738e64265f08c57a72","id":{"unicity":"31777"},"weightEach":{"value":0},"servingsPerContainer":0,"servingSize":0},"quantity":1,"terms":{"priceEach":6.22,"taxEach":{"amount":1.03},"discountEach":{"amount":0},"pvEach":3}}]},"currency":"EUR"},{"lines":{"items":[{"item":{"href":"https:\/\/hydraqa.unicity.net\/v5a-test\/items\/d7e1dd4b19a8672aed99e591356c0d48","id":{"unicity":"31932"},"weightEach":{"value":0},"servingsPerContainer":0,"servingSize":0},"quantity":1,"terms":{"priceEach":6.22,"taxEach":{"amount":1.03},"discountEach":{"amount":0},"pvEach":3}}]},"currency":"EUR"},{"lines":{"items":[{"item":{"href":"https:\/\/hydraqa.unicity.net\/v5a-test\/items\/7e80331c8c25f515174d3f894283a27c","id":{"unicity":"31781"},"weightEach":{"value":0},"servingsPerContainer":0,"servingSize":0},"quantity":1,"terms":{"priceEach":8.32,"taxEach":{"amount":1.38},"discountEach":{"amount":0},"pvEach":4}}]},"currency":"EUR"},{"lines":{"items":[{"item":{"href":"https:\/\/hydraqa.unicity.net\/v5a-test\/items\/04516be30bd9bf93e01536e7fc8f8716","id":{"unicity":"31779"},"weightEach":{"value":0},"servingsPerContainer":0,"servingSize":0},"quantity":1,"terms":{"priceEach":10,"taxEach":{"amount":1.66},"discountEach":{"amount":0},"pvEach":5}}]},"currency":"EUR"},{"lines":{"items":[{"item":{"href":"https:\/\/hydraqa.unicity.net\/v5a-test\/items\/1aa00306dc0006d365acd7436548f2e6","id":{"unicity":"31778"},"weightEach":{"value":0},"servingsPerContainer":0,"servingSize":0},"quantity":1,"terms":{"priceEach":12.52,"taxEach":{"amount":2.08},"discountEach":{"amount":0},"pvEach":6}}]},"currency":"EUR"},{"lines":{"items":[{"item":{"href":"https:\/\/hydraqa.unicity.net\/v5a-test\/items\/fc8583e3bf463b599fdcce05234bc137","id":{"unicity":"31780"},"weightEach":{"value":0},"servingsPerContainer":0,"servingSize":0},"quantity":1,"terms":{"priceEach":8.32,"taxEach":{"amount":1.38},"discountEach":{"amount":0},"pvEach":4}}]},"currency":"EUR"},{"lines":{"items":[{"item":{"href":"https:\/\/hydraqa.unicity.net\/v5a-test\/items\/8d3854b47de8e45d6fcdc194dffff601","id":{"unicity":"31782"},"weightEach":{"value":0},"servingsPerContainer":0,"servingSize":0},"quantity":1,"terms":{"priceEach":12.52,"taxEach":{"amount":2.08},"discountEach":{"amount":0},"pvEach":6}}]},"currency":"EUR"}]}
Entry request : {"order":{"customer":{"href":"https://hydraqa.unicity.net/v5a-test/customers?type=Associate"},"shipToAddress":{"country":"FR"}},"vary":{"lines":{"items":[{"item":{"href":"https://hydraqa.unicity.net/v5a-test/items?id.unicity=26306|29904|31336|31763|31951|31952|32128|32129|32130|32132|32133|32134|32135|32136|32137|32138|32125|18511|26422|27156|27158|27160|27166|27660|27587|28601|28604|27395|15880|26560|29017|26567|26568|24758|31772|29317|30103|32126|32127|32197|32196|29833|29905|19941|24274|24418|27150|27163|27575|27617|30825|29821|32012|17174|30139|29181|29183|30280|29187|29191|30684|30198|31402|31672|29449|29984|32191|31870|32087|31868|32609|31777|31932|31781|31779|31778|31780|31782"}}]}}}
Request URL: https://hydraqa.unicity.net/v5a-test/customers.js?callback=angular.callbacks._1&expand=customer,profilePicture&id.unicity=2
Request URL: https://hydraqa.unicity.net/v5a-test/customers.js?_httpMethod=HEAD&callback=angular.callbacks._7&email=WYHGNT@gmail.com
Request URL: https://hydraqa.unicity.net/v5a-test/shippingmethods.js?callback=angular.callbacks._a&destination=FR&market=FR
]]></system-out>
    <system-err><![CDATA[Starting ChromeDriver 2.36.540470 (e522d04694c7ebea4ba8821272dbef4f9b818c91) on port 7886
Only local connections are allowed.
Mar 17, 2020 10:39:30 AM org.openqa.selenium.remote.ProtocolHandshake createSession
INFO: Detected dialect: OSS
]]></system-err>
  </testcase>
  <testcase name="Enroll" classname="Tests.FranchisePartner" time="297.182">
    <failure message="Major Total Price is Wrong expected [259.2] but found [239.92]" type="java.lang.AssertionError">java.lang.AssertionError: Major Total Price is Wrong expected [259.2] but found [239.92]
	at Tests.FranchisePartner.Enroll(FranchisePartner.java:253)
</failure>
    <system-out><![CDATA[Request URL: https://hydraqa.unicity.net/v5a-test/quotes?&expand=item
Entry Quotes response : {"items":[{"lines":{"items":[{"item":{"href":"https:\/\/hydraqa.unicity.net\/v5a-test\/items\/6447f84f6ef7782049a369b983428bb7","id":{"unicity":"31336"},"weightEach":{"value":0},"servingsPerContainer":0,"servingSize":0},"quantity":1,"terms":{"priceEach":224.21,"taxEach":{"amount":15.69},"discountEach":{"amount":0},"pvEach":165}}]},"currency":"EUR"},{"lines":{"items":[{"item":{"href":"https:\/\/hydraqa.unicity.net\/v5a-test\/items\/e9991b48ac639367d526d2b9b22fac8c","id":{"unicity":"32128"},"weightEach":{"value":0},"servingsPerContainer":0,"servingSize":0},"quantity":1,"terms":{"priceEach":371.87,"taxEach":{"amount":26.03},"discountEach":{"amount":0},"pvEach":253}}]},"currency":"EUR"},{"lines":{"items":[{"item":{"href":"https:\/\/hydraqa.unicity.net\/v5a-test\/items\/40b3312de189221d96d838d33a8ec49d","id":{"unicity":"32129"},"weightEach":{"value":0},"servingsPerContainer":0,"servingSize":0},"quantity":1,"terms":{"priceEach":371.87,"taxEach":{"amount":26.03},"discountEach":{"amount":0},"pvEach":254}}]},"currency":"EUR"},{"lines":{"items":[{"item":{"href":"https:\/\/hydraqa.unicity.net\/v5a-test\/items\/6bd168a66ce41003a8f30917deff5808","id":{"unicity":"32130"},"weightEach":{"value":0},"servingsPerContainer":0,"servingSize":0},"quantity":1,"terms":{"priceEach":363.46,"taxEach":{"amount":25.44},"discountEach":{"amount":0},"pvEach":252}}]},"currency":"EUR"},{"lines":{"items":[{"item":{"href":"https:\/\/hydraqa.unicity.net\/v5a-test\/items\/806f99b793edd7cd0b1c158ba0eb3142","id":{"unicity":"32132"},"weightEach":{"value":0},"servingsPerContainer":0,"servingSize":0},"quantity":1,"terms":{"priceEach":355.98,"taxEach":{"amount":24.92},"discountEach":{"amount":0},"pvEach":253}}]},"currency":"EUR"},{"lines":{"items":[{"item":{"href":"https:\/\/hydraqa.unicity.net\/v5a-test\/items\/e3d382d99fde8659cb146b54116e7654","id":{"unicity":"32133"},"weightEach":{"value":0},"servingsPerContainer":0,"servingSize":0},"quantity":1,"terms":{"priceEach":364.39,"taxEach":{"amount":25.51},"discountEach":{"amount":0},"pvEach":252}}]},"currency":"EUR"},{"lines":{"items":[{"item":{"href":"https:\/\/hydraqa.unicity.net\/v5a-test\/items\/022f109fe6e5eae3e521295a5cb94c60","id":{"unicity":"32134"},"weightEach":{"value":0},"servingsPerContainer":0,"servingSize":0},"quantity":1,"terms":{"priceEach":144.77,"taxEach":{"amount":10.13},"discountEach":{"amount":0},"pvEach":101}}]},"currency":"EUR"},{"lines":{"items":[{"item":{"href":"https:\/\/hydraqa.unicity.net\/v5a-test\/items\/ded00960d5e948dd8e511a9c752e1ff9","id":{"unicity":"32135"},"weightEach":{"value":0},"servingsPerContainer":0,"servingSize":0},"quantity":1,"terms":{"priceEach":154.11,"taxEach":{"amount":10.79},"discountEach":{"amount":0},"pvEach":113}}]},"currency":"EUR"},{"lines":{"items":[{"item":{"href":"https:\/\/hydraqa.unicity.net\/v5a-test\/items\/d8736cc35cf9f4734fd76da71c53dc05","id":{"unicity":"32136"},"weightEach":{"value":0},"servingsPerContainer":0,"servingSize":0},"quantity":1,"terms":{"priceEach":141.96,"taxEach":{"amount":9.94},"discountEach":{"amount":0},"pvEach":102}}]},"currency":"EUR"},{"lines":{"items":[{"item":{"href":"https:\/\/hydraqa.unicity.net\/v5a-test\/items\/166a69d45c4ae40278554e24d5f40443","id":{"unicity":"32137"},"weightEach":{"value":0},"servingsPerContainer":0,"servingSize":0},"quantity":1,"terms":{"priceEach":168.13,"taxEach":{"amount":11.77},"discountEach":{"amount":0},"pvEach":118}}]},"currency":"EUR"},{"lines":{"items":[{"item":{"href":"https:\/\/hydraqa.unicity.net\/v5a-test\/items\/d04a0b8762b20202b6273114fb7302d1","id":{"unicity":"32138"},"weightEach":{"value":0},"servingsPerContainer":0,"servingSize":0},"quantity":1,"terms":{"priceEach":224.21,"taxEach":{"amount":15.69},"discountEach":{"amount":0},"pvEach":152}}]},"currency":"EUR"},{"lines":{"items":[{"item":{"href":"https:\/\/hydraqa.unicity.net\/v5a-test\/items\/e13d0b5c40704ad5dd186959367c97f1","id":{"unicity":"32125"},"weightEach":{"value":0},"servingsPerContainer":0,"servingSize":0},"quantity":1,"terms":{"priceEach":373.74,"taxEach":{"amount":26.16},"discountEach":{"amount":0},"pvEach":250}}]},"currency":"EUR"},{"lines":{"items":[{"item":{"href":"https:\/\/hydraqa.unicity.net\/v5a-test\/items\/c451532f63a06f0e9a054e946a1a1c3b","id":{"unicity":"18511"},"weightEach":{"value":0},"servingsPerContainer":0,"servingSize":0},"quantity":1,"terms":{"priceEach":37.29,"taxEach":{"amount":2.43},"discountEach":{"amount":0},"pvEach":23}}]},"currency":"EUR"},{"lines":{"items":[{"item":{"href":"https:\/\/hydraqa.unicity.net\/v5a-test\/items\/9752a919e28f96747163918165b46f23","id":{"unicity":"19941"},"weightEach":{"value":558},"servingsPerContainer":15,"servingSize":0},"quantity":1,"terms":{"priceEach":32.62,"taxEach":{"amount":2.13},"discountEach":{"amount":0},"pvEach":20}}]},"currency":"EUR"},{"lines":{"items":[{"item":{"href":"https:\/\/hydraqa.unicity.net\/v5a-test\/items\/4e49c95f12ae7be78e5ffab68b8b3ca6","id":{"unicity":"26422"},"weightEach":{"value":0},"servingsPerContainer":0,"servingSize":0},"quantity":1,"terms":{"priceEach":19,"taxEach":{"amount":1.24},"discountEach":{"amount":0},"pvEach":16}}]},"currency":"EUR"},{"lines":{"items":[{"item":{"href":"https:\/\/hydraqa.unicity.net\/v5a-test\/items\/50e73ecfa509ac20c4a250f9cb32fdfc","id":{"unicity":"27156"},"weightEach":{"value":0},"servingsPerContainer":0,"servingSize":0},"quantity":1,"terms":{"priceEach":20.47,"taxEach":{"amount":1.33},"discountEach":{"amount":0},"pvEach":13}}]},"currency":"EUR"},{"lines":{"items":[{"item":{"href":"https:\/\/hydraqa.unicity.net\/v5a-test\/items\/d92292ba2f23c030e4a1f63eb3ebe1ce","id":{"unicity":"27158"},"weightEach":{"value":0},"servingsPerContainer":0,"servingSize":0},"quantity":1,"terms":{"priceEach":27.94,"taxEach":{"amount":1.82},"discountEach":{"amount":0},"pvEach":23}}]},"currency":"EUR"},{"lines":{"items":[{"item":{"href":"https:\/\/hydraqa.unicity.net\/v5a-test\/items\/0d3b8d4f7c4d4082db1b4ecffb6693fb","id":{"unicity":"27160"},"weightEach":{"value":0},"servingsPerContainer":0,"servingSize":0},"quantity":1,"terms":{"priceEach":74.67,"taxEach":{"amount":4.88},"discountEach":{"amount":0},"pvEach":53}}]},"currency":"EUR"},{"lines":{"items":[{"item":{"href":"https:\/\/hydraqa.unicity.net\/v5a-test\/items\/ac37bf51ff7e4fe860da8457f6ce0425","id":{"unicity":"27166"},"weightEach":{"value":0},"servingsPerContainer":0,"servingSize":0},"quantity":1,"terms":{"priceEach":74.67,"taxEach":{"amount":4.88},"discountEach":{"amount":0},"pvEach":54}}]},"currency":"EUR"},{"lines":{"items":[{"item":{"href":"https:\/\/hydraqa.unicity.net\/v5a-test\/items\/a7bda1cb4a35343e52791aba56debc4a","id":{"unicity":"27617"},"weightEach":{"value":0},"servingsPerContainer":0,"servingSize":0},"quantity":1,"terms":{"priceEach":29.81,"taxEach":{"amount":1.95},"discountEach":{"amount":0},"pvEach":18}}]},"currency":"EUR"},{"lines":{"items":[{"item":{"href":"https:\/\/hydraqa.unicity.net\/v5a-test\/items\/a36d9fdd0fd7561e6180fb5b2ff27164","id":{"unicity":"27660"},"weightEach":{"value":0},"servingsPerContainer":0,"servingSize":0},"quantity":1,"terms":{"priceEach":31.68,"taxEach":{"amount":2.07},"discountEach":{"amount":0},"pvEach":18}}]},"currency":"EUR"},{"lines":{"items":[{"item":{"href":"https:\/\/hydraqa.unicity.net\/v5a-test\/items\/112b8c39286598b3730f630f371a45f4","id":{"unicity":"27587"},"weightEach":{"value":0},"servingsPerContainer":0,"servingSize":0},"quantity":1,"terms":{"priceEach":55.98,"taxEach":{"amount":3.66},"discountEach":{"amount":0},"pvEach":34}}]},"currency":"EUR"},{"lines":{"items":[{"item":{"href":"https:\/\/hydraqa.unicity.net\/v5a-test\/items\/0c0717a26fcfe40310e906487e8a12f7","id":{"unicity":"28601"},"weightEach":{"value":0},"servingsPerContainer":0,"servingSize":0},"quantity":1,"terms":{"priceEach":74.67,"taxEach":{"amount":4.88},"discountEach":{"amount":0},"pvEach":54}}]},"currency":"EUR"},{"lines":{"items":[{"item":{"href":"https:\/\/hydraqa.unicity.net\/v5a-test\/items\/4790a55c442b5dc75a13b155e78c1842","id":{"unicity":"28604"},"weightEach":{"value":0},"servingsPerContainer":0,"servingSize":0},"quantity":1,"terms":{"priceEach":74.67,"taxEach":{"amount":4.88},"discountEach":{"amount":0},"pvEach":54}}]},"currency":"EUR"},{"lines":{"items":[{"item":{"href":"https:\/\/hydraqa.unicity.net\/v5a-test\/items\/11fac1643721516cbf646365d88b73cd","id":{"unicity":"29838"},"weightEach":{"value":0},"servingsPerContainer":0,"servingSize":0},"quantity":1,"terms":{"priceEach":112.36,"taxEach":{"amount":7.87},"discountEach":{"amount":0},"pvEach":86}}]},"currency":"EUR"},{"lines":{"items":[{"item":{"href":"https:\/\/hydraqa.unicity.net\/v5a-test\/items\/db0a2b02eaabc5ad45fe91ba5c7bcf5a","id":{"unicity":"31772"},"weightEach":{"value":0},"servingsPerContainer":0,"servingSize":0},"quantity":1,"terms":{"priceEach":8.32,"taxEach":{"amount":1.32},"discountEach":{"amount":0},"pvEach":0}}]},"currency":"EUR"},{"lines":{"items":[{"item":{"href":"https:\/\/hydraqa.unicity.net\/v5a-test\/items\/ae151d812f5aceb6fecd752f77330f12","id":{"unicity":"32192"},"weightEach":{"value":0},"servingsPerContainer":0,"servingSize":0},"quantity":1,"terms":{"priceEach":607.38,"taxEach":{"amount":42.52},"discountEach":{"amount":0},"pvEach":413}}]},"currency":"EUR"},{"lines":{"items":[{"item":{"href":"https:\/\/hydraqa.unicity.net\/v5a-test\/items\/a85cc4a606716ce7b10b8bd76dca368f","id":{"unicity":"22605"},"weightEach":{"value":0},"servingsPerContainer":0,"servingSize":0},"quantity":1,"terms":{"priceEach":25.21,"taxEach":{"amount":4.79},"discountEach":{"amount":0},"pvEach":0}}]},"currency":"EUR"},{"lines":{"items":[{"item":{"href":"https:\/\/hydraqa.unicity.net\/v5a-test\/items\/2262fdd5af916c31df08089c191735c1","id":{"unicity":"29317"},"weightEach":{"value":0},"servingsPerContainer":0,"servingSize":0},"quantity":1,"terms":{"priceEach":25.21,"taxEach":{"amount":4.02},"discountEach":{"amount":0},"pvEach":0}}]},"currency":"EUR"},{"lines":{"items":[{"item":{"href":"https:\/\/hydraqa.unicity.net\/v5a-test\/items\/217ca02fbd24e21ca5281412756238ab","id":{"unicity":"32126"},"weightEach":{"value":0},"servingsPerContainer":0,"servingSize":0},"quantity":1,"terms":{"priceEach":152.24,"taxEach":{"amount":11.65},"discountEach":{"amount":0},"pvEach":101}}]},"currency":"EUR"},{"lines":{"items":[{"item":{"href":"https:\/\/hydraqa.unicity.net\/v5a-test\/items\/808008a0657d2033ad471c39bbce9891","id":{"unicity":"32127"},"weightEach":{"value":0},"servingsPerContainer":0,"servingSize":0},"quantity":1,"terms":{"priceEach":162.34,"taxEach":{"amount":12.36},"discountEach":{"amount":0},"pvEach":113}}]},"currency":"EUR"},{"lines":{"items":[{"item":{"href":"https:\/\/hydraqa.unicity.net\/v5a-test\/items\/2f1d0aa90494ae2e08035922c701f968","id":{"unicity":"29832"},"weightEach":{"value":0},"servingsPerContainer":0,"servingSize":0},"quantity":1,"terms":{"priceEach":47.57,"taxEach":{"amount":3.33},"discountEach":{"amount":0},"pvEach":39}}]},"currency":"EUR"},{"lines":{"items":[{"item":{"href":"https:\/\/hydraqa.unicity.net\/v5a-test\/items\/10df0fc3509b53cbeaeb9476ca92d520","id":{"unicity":"29833"},"weightEach":{"value":0},"servingsPerContainer":0,"servingSize":0},"quantity":1,"terms":{"priceEach":90.56,"taxEach":{"amount":6.34},"discountEach":{"amount":0},"pvEach":69}}]},"currency":"EUR"},{"lines":{"items":[{"item":{"href":"https:\/\/hydraqa.unicity.net\/v5a-test\/items\/575aaea25d47c468067933d592cc36ef","id":{"unicity":"23990"},"weightEach":{"value":0},"servingsPerContainer":0,"servingSize":0},"quantity":1,"terms":{"priceEach":3.5,"taxEach":{"amount":0.55},"discountEach":{"amount":0},"pvEach":0}}]},"currency":"EUR"},{"lines":{"items":[{"item":{"href":"https:\/\/hydraqa.unicity.net\/v5a-test\/items\/332daeac6796ed016ea8b7d0bc42c2d4","id":{"unicity":"24274"},"weightEach":{"value":0},"servingsPerContainer":0,"servingSize":0},"quantity":1,"terms":{"priceEach":7.48,"taxEach":{"amount":1.19},"discountEach":{"amount":0},"pvEach":0}}]},"currency":"EUR"},{"lines":{"items":[{"item":{"href":"https:\/\/hydraqa.unicity.net\/v5a-test\/items\/1945faa1776541d53120ecfe3c1d8a2b","id":{"unicity":"24418"},"weightEach":{"value":0},"servingsPerContainer":0,"servingSize":0},"quantity":1,"terms":{"priceEach":4.96,"taxEach":{"amount":0.79},"discountEach":{"amount":0},"pvEach":0}}]},"currency":"EUR"},{"lines":{"items":[{"item":{"href":"https:\/\/hydraqa.unicity.net\/v5a-test\/items\/10da226fab00279b4f89df10af2a10b7","id":{"unicity":"26442"},"weightEach":{"value":0},"servingsPerContainer":0,"servingSize":0},"quantity":1,"terms":{"priceEach":5.8,"taxEach":{"amount":0.92},"discountEach":{"amount":0},"pvEach":0}}]},"currency":"EUR"},{"lines":{"items":[{"item":{"href":"https:\/\/hydraqa.unicity.net\/v5a-test\/items\/5147f8cfe32548e02fc158d4da9c4d6f","id":{"unicity":"27150"},"weightEach":{"value":0},"servingsPerContainer":0,"servingSize":0},"quantity":1,"terms":{"priceEach":93.36,"taxEach":{"amount":6.1},"discountEach":{"amount":0},"pvEach":70}}]},"currency":"EUR"},{"lines":{"items":[{"item":{"href":"https:\/\/hydraqa.unicity.net\/v5a-test\/items\/03eba2365025ccd85818846a83a16f47","id":{"unicity":"27163"},"weightEach":{"value":0},"servingsPerContainer":0,"servingSize":0},"quantity":1,"terms":{"priceEach":74.67,"taxEach":{"amount":4.88},"discountEach":{"amount":0},"pvEach":54}}]},"currency":"EUR"},{"lines":{"items":[{"item":{"href":"https:\/\/hydraqa.unicity.net\/v5a-test\/items\/7d4ad2792f7056e5f81eb24f118ef737","id":{"unicity":"27575"},"weightEach":{"value":0},"servingsPerContainer":0,"servingSize":0},"quantity":1,"terms":{"priceEach":55.98,"taxEach":{"amount":3.66},"discountEach":{"amount":0},"pvEach":34}}]},"currency":"EUR"},{"lines":{"items":[{"item":{"href":"https:\/\/hydraqa.unicity.net\/v5a-test\/items\/0eebdede5bdb8bf4d71e800b6f3cead1","id":{"unicity":"30825"},"weightEach":{"value":0},"servingsPerContainer":0,"servingSize":0},"quantity":1,"terms":{"priceEach":37.29,"taxEach":{"amount":2.43},"discountEach":{"amount":0},"pvEach":23}}]},"currency":"EUR"},{"lines":{"items":[{"item":{"href":"https:\/\/hydraqa.unicity.net\/v5a-test\/items\/024e696f8b44a1d315006e676604cd31","id":{"unicity":"27395"},"weightEach":{"value":0},"servingsPerContainer":0,"servingSize":0},"quantity":1,"terms":{"priceEach":29.81,"taxEach":{"amount":1.95},"discountEach":{"amount":0},"pvEach":18}}]},"currency":"EUR"},{"lines":{"items":[{"item":{"href":"https:\/\/hydraqa.unicity.net\/v5a-test\/items\/398d06b858b960f6f38086d40608aef2","id":{"unicity":"26560"},"weightEach":{"value":0},"servingsPerContainer":0,"servingSize":0},"quantity":1,"terms":{"priceEach":20.47,"taxEach":{"amount":1.33},"discountEach":{"amount":0},"pvEach":13}}]},"currency":"EUR"},{"lines":{"items":[{"item":{"href":"https:\/\/hydraqa.unicity.net\/v5a-test\/items\/e218d1cac5f31e7ae4f5876c29c57377","id":{"unicity":"29017"},"weightEach":{"value":0},"servingsPerContainer":0,"servingSize":0},"quantity":1,"terms":{"priceEach":37.29,"taxEach":{"amount":2.43},"discountEach":{"amount":0},"pvEach":23}}]},"currency":"EUR"},{"lines":{"items":[{"item":{"href":"https:\/\/hydraqa.unicity.net\/v5a-test\/items\/3f2d12d7a0e8551fc99fad3bbe1ba633","id":{"unicity":"26567"},"weightEach":{"value":0},"servingsPerContainer":0,"servingSize":0},"quantity":1,"terms":{"priceEach":55.98,"taxEach":{"amount":3.66},"discountEach":{"amount":0},"pvEach":26}}]},"currency":"EUR"},{"lines":{"items":[{"item":{"href":"https:\/\/hydraqa.unicity.net\/v5a-test\/items\/191637167cb3144bd2e8c4615e9ab67e","id":{"unicity":"26568"},"weightEach":{"value":0},"servingsPerContainer":0,"servingSize":0},"quantity":1,"terms":{"priceEach":55.98,"taxEach":{"amount":3.66},"discountEach":{"amount":0},"pvEach":26}}]},"currency":"EUR"},{"lines":{"items":[{"item":{"href":"https:\/\/hydraqa.unicity.net\/v5a-test\/items\/64ec7ad932acafab052a4e8800ad1238","id":{"unicity":"24758"},"weightEach":{"value":0},"servingsPerContainer":0,"servingSize":0},"quantity":1,"terms":{"priceEach":37.29,"taxEach":{"amount":2.43},"discountEach":{"amount":0},"pvEach":23}}]},"currency":"EUR"},{"lines":{"items":[{"item":{"href":"https:\/\/hydraqa.unicity.net\/v5a-test\/items\/606f7be753c74dfbfe4b107276775140","id":{"unicity":"29821"},"weightEach":{"value":0},"servingsPerContainer":0,"servingSize":0},"quantity":1,"terms":{"priceEach":79.35,"taxEach":{"amount":5.19},"discountEach":{"amount":0},"pvEach":59}}]},"currency":"EUR"},{"lines":{"items":[{"item":{"href":"https:\/\/hydraqa.unicity.net\/v5a-test\/items\/94939f9be900906d2b47260ccba22a7b","id":{"unicity":"32012"},"weightEach":{"value":0},"servingsPerContainer":0,"servingSize":0},"quantity":1,"terms":{"priceEach":13.93,"taxEach":{"amount":0.91},"discountEach":{"amount":0},"pvEach":6}}]},"currency":"EUR"},{"lines":{"items":[{"item":{"href":"https:\/\/hydraqa.unicity.net\/v5a-test\/items\/2c4c1abe00983e85aaa918d2ce341491","id":{"unicity":"17174"},"weightEach":{"value":0},"servingsPerContainer":0,"servingSize":0},"quantity":1,"terms":{"priceEach":37.29,"taxEach":{"amount":2.43},"discountEach":{"amount":0},"pvEach":23}}]},"currency":"EUR"},{"lines":{"items":[{"item":{"href":"https:\/\/hydraqa.unicity.net\/v5a-test\/items\/991cdbb84a495779eb209fb3956a77e4","id":{"unicity":"29183"},"weightEach":{"value":0},"servingsPerContainer":0,"servingSize":0},"quantity":1,"terms":{"priceEach":31.01,"taxEach":{"amount":4.95},"discountEach":{"amount":0},"pvEach":18}}]},"currency":"EUR"},{"lines":{"items":[{"item":{"href":"https:\/\/hydraqa.unicity.net\/v5a-test\/items\/0e78fbdfebef11cd62f8d2120064ee58","id":{"unicity":"30280"},"weightEach":{"value":0},"servingsPerContainer":0,"servingSize":0},"quantity":1,"terms":{"priceEach":33.53,"taxEach":{"amount":5.35},"discountEach":{"amount":0},"pvEach":20}}]},"currency":"EUR"},{"lines":{"items":[{"item":{"href":"https:\/\/hydraqa.unicity.net\/v5a-test\/items\/beb900429fbb160dbfc3001c14d96df4","id":{"unicity":"29187"},"weightEach":{"value":0},"servingsPerContainer":0,"servingSize":0},"quantity":1,"terms":{"priceEach":37.73,"taxEach":{"amount":6.02},"discountEach":{"amount":0},"pvEach":24}}]},"currency":"EUR"},{"lines":{"items":[{"item":{"href":"https:\/\/hydraqa.unicity.net\/v5a-test\/items\/1b0412bea8c0b841c66f65a36aa14108","id":{"unicity":"29191"},"weightEach":{"value":0},"servingsPerContainer":0,"servingSize":0},"quantity":1,"terms":{"priceEach":37.73,"taxEach":{"amount":6.02},"discountEach":{"amount":0},"pvEach":24}}]},"currency":"EUR"},{"lines":{"items":[{"item":{"href":"https:\/\/hydraqa.unicity.net\/v5a-test\/items\/52c87f74d3b41ed49b0f897b66c2a99b","id":{"unicity":"30684"},"weightEach":{"value":0},"servingsPerContainer":0,"servingSize":0},"quantity":1,"terms":{"priceEach":37.29,"taxEach":{"amount":2.43},"discountEach":{"amount":0},"pvEach":23}}]},"currency":"EUR"},{"lines":{"items":[{"item":{"href":"https:\/\/hydraqa.unicity.net\/v5a-test\/items\/90f38f77c9e6ea5a71aa7377df83760b","id":{"unicity":"30198"},"weightEach":{"value":0},"servingsPerContainer":0,"servingSize":0},"quantity":1,"terms":{"priceEach":19,"taxEach":{"amount":1.33},"discountEach":{"amount":0},"pvEach":16}}]},"currency":"EUR"},{"lines":{"items":[{"item":{"href":"https:\/\/hydraqa.unicity.net\/v5a-test\/items\/ab2a2b07b17718843a66bee04ff40624","id":{"unicity":"31402"},"weightEach":{"value":0},"servingsPerContainer":0,"servingSize":0},"quantity":1,"terms":{"priceEach":98.9,"taxEach":{"amount":6.47},"discountEach":{"amount":0},"pvEach":70}}]},"currency":"EUR"},{"lines":{"items":[{"item":{"href":"https:\/\/hydraqa.unicity.net\/v5a-test\/items\/7e5e7df32701fd44947c8146f2129f7a","id":{"unicity":"31672"},"weightEach":{"value":0},"servingsPerContainer":0,"servingSize":0},"quantity":1,"terms":{"priceEach":74.67,"taxEach":{"amount":4.88},"discountEach":{"amount":0},"pvEach":54}}]},"currency":"EUR"},{"lines":{"items":[{"item":{"href":"https:\/\/hydraqa.unicity.net\/v5a-test\/items\/493c2ba720f847422eccc5da35024f33","id":{"unicity":"31534"},"weightEach":{"value":0},"servingsPerContainer":0,"servingSize":0},"quantity":1,"terms":{"priceEach":26.07,"taxEach":{"amount":1.7},"discountEach":{"amount":0},"pvEach":16}}]},"currency":"EUR"},{"lines":{"items":[{"item":{"href":"https:\/\/hydraqa.unicity.net\/v5a-test\/items\/bfddb53fe0d5ed5432c531dc9850cbe4","id":{"unicity":"29449"},"weightEach":{"value":0},"servingsPerContainer":0,"servingSize":0},"quantity":1,"terms":{"priceEach":26.07,"taxEach":{"amount":1.7},"discountEach":{"amount":0},"pvEach":16}}]},"currency":"EUR"},{"lines":{"items":[{"item":{"href":"https:\/\/hydraqa.unicity.net\/v5a-test\/items\/75b870fdff12be635674216fe88d3204","id":{"unicity":"29984"},"weightEach":{"value":0},"servingsPerContainer":0,"servingSize":0},"quantity":1,"terms":{"priceEach":37.73,"taxEach":{"amount":6.02},"discountEach":{"amount":0},"pvEach":24}}]},"currency":"EUR"},{"lines":{"items":[{"item":{"href":"https:\/\/hydraqa.unicity.net\/v5a-test\/items\/4d23d73a0d3d3e5fe9c383822040a9b0","id":{"unicity":"32191"},"weightEach":{"value":0},"servingsPerContainer":0,"servingSize":0},"quantity":1,"terms":{"priceEach":1315.79,"taxEach":{"amount":92.11},"discountEach":{"amount":0},"pvEach":903}}]},"currency":"EUR"},{"lines":{"items":[{"item":{"href":"https:\/\/hydraqa.unicity.net\/v5a-test\/items\/e9fe58342fff74ec4f4430f7c622816e","id":{"unicity":"31870"},"weightEach":{"value":0},"servingsPerContainer":0,"servingSize":0},"quantity":1,"terms":{"priceEach":20.47,"taxEach":{"amount":1.33},"discountEach":{"amount":0},"pvEach":9}}]},"currency":"EUR"},{"lines":{"items":[{"item":{"href":"https:\/\/hydraqa.unicity.net\/v5a-test\/items\/fbb6dbd577adb73abaec364076fb288f","id":{"unicity":"32087"},"weightEach":{"value":0},"servingsPerContainer":0,"servingSize":0},"quantity":1,"terms":{"priceEach":20.47,"taxEach":{"amount":1.33},"discountEach":{"amount":0},"pvEach":9}}]},"currency":"EUR"},{"lines":{"items":[{"item":{"href":"https:\/\/hydraqa.unicity.net\/v5a-test\/items\/35dcc0035e442bbe6482f178ec38522c","id":{"unicity":"31868"},"weightEach":{"value":0},"servingsPerContainer":0,"servingSize":0},"quantity":1,"terms":{"priceEach":20.47,"taxEach":{"amount":1.33},"discountEach":{"amount":0},"pvEach":9}}]},"currency":"EUR"},{"lines":{"items":[{"item":{"href":"https:\/\/hydraqa.unicity.net\/v5a-test\/items\/baa263a2750aa330fbd9e5b96fdb2b55","id":{"unicity":"32609"},"weightEach":{"value":0},"servingsPerContainer":0,"servingSize":0},"quantity":1,"terms":{"priceEach":55.98,"taxEach":{"amount":0},"discountEach":{"amount":0},"pvEach":34}}]},"currency":"EUR"},{"lines":{"items":[{"item":{"href":"https:\/\/hydraqa.unicity.net\/v5a-test\/items\/34c8c6b0f454da738e64265f08c57a72","id":{"unicity":"31777"},"weightEach":{"value":0},"servingsPerContainer":0,"servingSize":0},"quantity":1,"terms":{"priceEach":6.22,"taxEach":{"amount":0.99},"discountEach":{"amount":0},"pvEach":3}}]},"currency":"EUR"},{"lines":{"items":[{"item":{"href":"https:\/\/hydraqa.unicity.net\/v5a-test\/items\/d7e1dd4b19a8672aed99e591356c0d48","id":{"unicity":"31932"},"weightEach":{"value":0},"servingsPerContainer":0,"servingSize":0},"quantity":1,"terms":{"priceEach":6.22,"taxEach":{"amount":0.99},"discountEach":{"amount":0},"pvEach":3}}]},"currency":"EUR"},{"lines":{"items":[{"item":{"href":"https:\/\/hydraqa.unicity.net\/v5a-test\/items\/7e80331c8c25f515174d3f894283a27c","id":{"unicity":"31781"},"weightEach":{"value":0},"servingsPerContainer":0,"servingSize":0},"quantity":1,"terms":{"priceEach":8.32,"taxEach":{"amount":1.32},"discountEach":{"amount":0},"pvEach":4}}]},"currency":"EUR"},{"lines":{"items":[{"item":{"href":"https:\/\/hydraqa.unicity.net\/v5a-test\/items\/04516be30bd9bf93e01536e7fc8f8716","id":{"unicity":"31779"},"weightEach":{"value":0},"servingsPerContainer":0,"servingSize":0},"quantity":1,"terms":{"priceEach":10,"taxEach":{"amount":1.59},"discountEach":{"amount":0},"pvEach":5}}]},"currency":"EUR"},{"lines":{"items":[{"item":{"href":"https:\/\/hydraqa.unicity.net\/v5a-test\/items\/1aa00306dc0006d365acd7436548f2e6","id":{"unicity":"31778"},"weightEach":{"value":0},"servingsPerContainer":0,"servingSize":0},"quantity":1,"terms":{"priceEach":12.52,"taxEach":{"amount":1.99},"discountEach":{"amount":0},"pvEach":6}}]},"currency":"EUR"},{"lines":{"items":[{"item":{"href":"https:\/\/hydraqa.unicity.net\/v5a-test\/items\/fc8583e3bf463b599fdcce05234bc137","id":{"unicity":"31780"},"weightEach":{"value":0},"servingsPerContainer":0,"servingSize":0},"quantity":1,"terms":{"priceEach":8.32,"taxEach":{"amount":1.32},"discountEach":{"amount":0},"pvEach":4}}]},"currency":"EUR"},{"lines":{"items":[{"item":{"href":"https:\/\/hydraqa.unicity.net\/v5a-test\/items\/8d3854b47de8e45d6fcdc194dffff601","id":{"unicity":"31782"},"weightEach":{"value":0},"servingsPerContainer":0,"servingSize":0},"quantity":1,"terms":{"priceEach":12.52,"taxEach":{"amount":1.99},"discountEach":{"amount":0},"pvEach":6}}]},"currency":"EUR"}]}
Entry request : {"order":{"customer":{"href":"https://hydraqa.unicity.net/v5a-test/customers?type=Associate"},"shipToAddress":{"country":"DE"}},"vary":{"lines":{"items":[{"item":{"href":"https://hydraqa.unicity.net/v5a-test/items?id.unicity=31336|31951|31952|32128|32129|32130|32132|32133|32134|32135|32136|32137|32138|32125|18511|19941|26422|27156|27158|27160|27166|27617|27660|27587|28601|28604|29838|31772|32192|22605|29317|32126|32127|27700|29832|29833|20750|23990|24274|24418|26442|27150|27163|27575|30825|27395|15880|26560|29017|26567|26568|24758|29821|32012|17174|30139|29181|29183|30280|29187|29191|30684|30198|31450|31402|31672|31534|29449|29984|32191|31870|32087|31868|32609|31777|31932|31781|31779|31778|31780|31782"}}]}}}
Request URL: https://hydraqa.unicity.net/v5a-test/customers.js?callback=angular.callbacks._1&expand=customer,profilePicture&id.unicity=2
Request URL: https://hydraqa.unicity.net/v5a-test/customers.js?_httpMethod=HEAD&callback=angular.callbacks._7&email=RIHSWZ@gmail.com
Request URL: https://hydraqa.unicity.net/v5a-test/shippingmethods.js?callback=angular.callbacks._a&destination=DE&market=DE
]]></system-out>
    <system-err><![CDATA[Starting ChromeDriver 2.36.540470 (e522d04694c7ebea4ba8821272dbef4f9b818c91) on port 42480
Only local connections are allowed.
Mar 17, 2020 10:43:59 AM org.openqa.selenium.remote.ProtocolHandshake createSession
INFO: Detected dialect: OSS
]]></system-err>
  </testcase>
  <testcase name="Enroll" classname="Tests.FranchisePartner" time="296.255">
    <failure message="Major Total Price is Wrong expected [288.43] but found [265.13]" type="java.lang.AssertionError">java.lang.AssertionError: Major Total Price is Wrong expected [288.43] but found [265.13]
	at Tests.FranchisePartner.Enroll(FranchisePartner.java:253)
</failure>
    <system-out><![CDATA[Request URL: https://hydraqa.unicity.net/v5a-test/quotes?&expand=item
Entry Quotes response : {"items":[{"lines":{"items":[{"item":{"href":"https:\/\/hydraqa.unicity.net\/v5a-test\/items\/6447f84f6ef7782049a369b983428bb7","id":{"unicity":"31336"},"weightEach":{"value":0},"servingsPerContainer":0,"servingSize":0},"quantity":1,"terms":{"priceEach":224.21,"taxEach":{"amount":15.69},"discountEach":{"amount":0},"pvEach":165}}]},"currency":"EUR"},{"lines":{"items":[{"item":{"href":"https:\/\/hydraqa.unicity.net\/v5a-test\/items\/e9991b48ac639367d526d2b9b22fac8c","id":{"unicity":"32128"},"weightEach":{"value":0},"servingsPerContainer":0,"servingSize":0},"quantity":1,"terms":{"priceEach":371.87,"taxEach":{"amount":26.03},"discountEach":{"amount":0},"pvEach":253}}]},"currency":"EUR"},{"lines":{"items":[{"item":{"href":"https:\/\/hydraqa.unicity.net\/v5a-test\/items\/40b3312de189221d96d838d33a8ec49d","id":{"unicity":"32129"},"weightEach":{"value":0},"servingsPerContainer":0,"servingSize":0},"quantity":1,"terms":{"priceEach":371.87,"taxEach":{"amount":26.03},"discountEach":{"amount":0},"pvEach":254}}]},"currency":"EUR"},{"lines":{"items":[{"item":{"href":"https:\/\/hydraqa.unicity.net\/v5a-test\/items\/6bd168a66ce41003a8f30917deff5808","id":{"unicity":"32130"},"weightEach":{"value":0},"servingsPerContainer":0,"servingSize":0},"quantity":1,"terms":{"priceEach":363.46,"taxEach":{"amount":25.44},"discountEach":{"amount":0},"pvEach":252}}]},"currency":"EUR"},{"lines":{"items":[{"item":{"href":"https:\/\/hydraqa.unicity.net\/v5a-test\/items\/806f99b793edd7cd0b1c158ba0eb3142","id":{"unicity":"32132"},"weightEach":{"value":0},"servingsPerContainer":0,"servingSize":0},"quantity":1,"terms":{"priceEach":355.98,"taxEach":{"amount":24.92},"discountEach":{"amount":0},"pvEach":253}}]},"currency":"EUR"},{"lines":{"items":[{"item":{"href":"https:\/\/hydraqa.unicity.net\/v5a-test\/items\/e3d382d99fde8659cb146b54116e7654","id":{"unicity":"32133"},"weightEach":{"value":0},"servingsPerContainer":0,"servingSize":0},"quantity":1,"terms":{"priceEach":364.39,"taxEach":{"amount":25.51},"discountEach":{"amount":0},"pvEach":252}}]},"currency":"EUR"},{"lines":{"items":[{"item":{"href":"https:\/\/hydraqa.unicity.net\/v5a-test\/items\/022f109fe6e5eae3e521295a5cb94c60","id":{"unicity":"32134"},"weightEach":{"value":0},"servingsPerContainer":0,"servingSize":0},"quantity":1,"terms":{"priceEach":144.77,"taxEach":{"amount":10.13},"discountEach":{"amount":0},"pvEach":101}}]},"currency":"EUR"},{"lines":{"items":[{"item":{"href":"https:\/\/hydraqa.unicity.net\/v5a-test\/items\/ded00960d5e948dd8e511a9c752e1ff9","id":{"unicity":"32135"},"weightEach":{"value":0},"servingsPerContainer":0,"servingSize":0},"quantity":1,"terms":{"priceEach":154.11,"taxEach":{"amount":10.79},"discountEach":{"amount":0},"pvEach":113}}]},"currency":"EUR"},{"lines":{"items":[{"item":{"href":"https:\/\/hydraqa.unicity.net\/v5a-test\/items\/d8736cc35cf9f4734fd76da71c53dc05","id":{"unicity":"32136"},"weightEach":{"value":0},"servingsPerContainer":0,"servingSize":0},"quantity":1,"terms":{"priceEach":141.96,"taxEach":{"amount":9.94},"discountEach":{"amount":0},"pvEach":102}}]},"currency":"EUR"},{"lines":{"items":[{"item":{"href":"https:\/\/hydraqa.unicity.net\/v5a-test\/items\/166a69d45c4ae40278554e24d5f40443","id":{"unicity":"32137"},"weightEach":{"value":0},"servingsPerContainer":0,"servingSize":0},"quantity":1,"terms":{"priceEach":168.13,"taxEach":{"amount":11.77},"discountEach":{"amount":0},"pvEach":118}}]},"currency":"EUR"},{"lines":{"items":[{"item":{"href":"https:\/\/hydraqa.unicity.net\/v5a-test\/items\/d04a0b8762b20202b6273114fb7302d1","id":{"unicity":"32138"},"weightEach":{"value":0},"servingsPerContainer":0,"servingSize":0},"quantity":1,"terms":{"priceEach":224.21,"taxEach":{"amount":15.69},"discountEach":{"amount":0},"pvEach":152}}]},"currency":"EUR"},{"lines":{"items":[{"item":{"href":"https:\/\/hydraqa.unicity.net\/v5a-test\/items\/e13d0b5c40704ad5dd186959367c97f1","id":{"unicity":"32125"},"weightEach":{"value":0},"servingsPerContainer":0,"servingSize":0},"quantity":1,"terms":{"priceEach":373.74,"taxEach":{"amount":26.16},"discountEach":{"amount":0},"pvEach":250}}]},"currency":"EUR"},{"lines":{"items":[{"item":{"href":"https:\/\/hydraqa.unicity.net\/v5a-test\/items\/c451532f63a06f0e9a054e946a1a1c3b","id":{"unicity":"18511"},"weightEach":{"value":0},"servingsPerContainer":0,"servingSize":0},"quantity":1,"terms":{"priceEach":37.29,"taxEach":{"amount":2.43},"discountEach":{"amount":0},"pvEach":23}}]},"currency":"EUR"},{"lines":{"items":[{"item":{"href":"https:\/\/hydraqa.unicity.net\/v5a-test\/items\/9752a919e28f96747163918165b46f23","id":{"unicity":"19941"},"weightEach":{"value":558},"servingsPerContainer":15,"servingSize":0},"quantity":1,"terms":{"priceEach":32.62,"taxEach":{"amount":2.13},"discountEach":{"amount":0},"pvEach":20}}]},"currency":"EUR"},{"lines":{"items":[{"item":{"href":"https:\/\/hydraqa.unicity.net\/v5a-test\/items\/4e49c95f12ae7be78e5ffab68b8b3ca6","id":{"unicity":"26422"},"weightEach":{"value":0},"servingsPerContainer":0,"servingSize":0},"quantity":1,"terms":{"priceEach":19,"taxEach":{"amount":1.24},"discountEach":{"amount":0},"pvEach":16}}]},"currency":"EUR"},{"lines":{"items":[{"item":{"href":"https:\/\/hydraqa.unicity.net\/v5a-test\/items\/50e73ecfa509ac20c4a250f9cb32fdfc","id":{"unicity":"27156"},"weightEach":{"value":0},"servingsPerContainer":0,"servingSize":0},"quantity":1,"terms":{"priceEach":20.47,"taxEach":{"amount":1.33},"discountEach":{"amount":0},"pvEach":13}}]},"currency":"EUR"},{"lines":{"items":[{"item":{"href":"https:\/\/hydraqa.unicity.net\/v5a-test\/items\/d92292ba2f23c030e4a1f63eb3ebe1ce","id":{"unicity":"27158"},"weightEach":{"value":0},"servingsPerContainer":0,"servingSize":0},"quantity":1,"terms":{"priceEach":27.94,"taxEach":{"amount":1.82},"discountEach":{"amount":0},"pvEach":23}}]},"currency":"EUR"},{"lines":{"items":[{"item":{"href":"https:\/\/hydraqa.unicity.net\/v5a-test\/items\/0d3b8d4f7c4d4082db1b4ecffb6693fb","id":{"unicity":"27160"},"weightEach":{"value":0},"servingsPerContainer":0,"servingSize":0},"quantity":1,"terms":{"priceEach":74.67,"taxEach":{"amount":4.88},"discountEach":{"amount":0},"pvEach":53}}]},"currency":"EUR"},{"lines":{"items":[{"item":{"href":"https:\/\/hydraqa.unicity.net\/v5a-test\/items\/ac37bf51ff7e4fe860da8457f6ce0425","id":{"unicity":"27166"},"weightEach":{"value":0},"servingsPerContainer":0,"servingSize":0},"quantity":1,"terms":{"priceEach":74.67,"taxEach":{"amount":4.88},"discountEach":{"amount":0},"pvEach":54}}]},"currency":"EUR"},{"lines":{"items":[{"item":{"href":"https:\/\/hydraqa.unicity.net\/v5a-test\/items\/a7bda1cb4a35343e52791aba56debc4a","id":{"unicity":"27617"},"weightEach":{"value":0},"servingsPerContainer":0,"servingSize":0},"quantity":1,"terms":{"priceEach":29.81,"taxEach":{"amount":1.95},"discountEach":{"amount":0},"pvEach":18}}]},"currency":"EUR"},{"lines":{"items":[{"item":{"href":"https:\/\/hydraqa.unicity.net\/v5a-test\/items\/a36d9fdd0fd7561e6180fb5b2ff27164","id":{"unicity":"27660"},"weightEach":{"value":0},"servingsPerContainer":0,"servingSize":0},"quantity":1,"terms":{"priceEach":31.68,"taxEach":{"amount":2.07},"discountEach":{"amount":0},"pvEach":18}}]},"currency":"EUR"},{"lines":{"items":[{"item":{"href":"https:\/\/hydraqa.unicity.net\/v5a-test\/items\/112b8c39286598b3730f630f371a45f4","id":{"unicity":"27587"},"weightEach":{"value":0},"servingsPerContainer":0,"servingSize":0},"quantity":1,"terms":{"priceEach":55.98,"taxEach":{"amount":3.66},"discountEach":{"amount":0},"pvEach":34}}]},"currency":"EUR"},{"lines":{"items":[{"item":{"href":"https:\/\/hydraqa.unicity.net\/v5a-test\/items\/0c0717a26fcfe40310e906487e8a12f7","id":{"unicity":"28601"},"weightEach":{"value":0},"servingsPerContainer":0,"servingSize":0},"quantity":1,"terms":{"priceEach":74.67,"taxEach":{"amount":4.88},"discountEach":{"amount":0},"pvEach":54}}]},"currency":"EUR"},{"lines":{"items":[{"item":{"href":"https:\/\/hydraqa.unicity.net\/v5a-test\/items\/4790a55c442b5dc75a13b155e78c1842","id":{"unicity":"28604"},"weightEach":{"value":0},"servingsPerContainer":0,"servingSize":0},"quantity":1,"terms":{"priceEach":74.67,"taxEach":{"amount":4.88},"discountEach":{"amount":0},"pvEach":54}}]},"currency":"EUR"},{"lines":{"items":[{"item":{"href":"https:\/\/hydraqa.unicity.net\/v5a-test\/items\/11fac1643721516cbf646365d88b73cd","id":{"unicity":"29838"},"weightEach":{"value":0},"servingsPerContainer":0,"servingSize":0},"quantity":1,"terms":{"priceEach":112.36,"taxEach":{"amount":7.87},"discountEach":{"amount":0},"pvEach":86}}]},"currency":"EUR"},{"lines":{"items":[{"item":{"href":"https:\/\/hydraqa.unicity.net\/v5a-test\/items\/db0a2b02eaabc5ad45fe91ba5c7bcf5a","id":{"unicity":"31772"},"weightEach":{"value":0},"servingsPerContainer":0,"servingSize":0},"quantity":1,"terms":{"priceEach":8.32,"taxEach":{"amount":1.32},"discountEach":{"amount":0},"pvEach":0}}]},"currency":"EUR"},{"lines":{"items":[{"item":{"href":"https:\/\/hydraqa.unicity.net\/v5a-test\/items\/ae151d812f5aceb6fecd752f77330f12","id":{"unicity":"32192"},"weightEach":{"value":0},"servingsPerContainer":0,"servingSize":0},"quantity":1,"terms":{"priceEach":607.38,"taxEach":{"amount":42.52},"discountEach":{"amount":0},"pvEach":413}}]},"currency":"EUR"},{"lines":{"items":[{"item":{"href":"https:\/\/hydraqa.unicity.net\/v5a-test\/items\/a85cc4a606716ce7b10b8bd76dca368f","id":{"unicity":"22605"},"weightEach":{"value":0},"servingsPerContainer":0,"servingSize":0},"quantity":1,"terms":{"priceEach":25.21,"taxEach":{"amount":4.79},"discountEach":{"amount":0},"pvEach":0}}]},"currency":"EUR"},{"lines":{"items":[{"item":{"href":"https:\/\/hydraqa.unicity.net\/v5a-test\/items\/2262fdd5af916c31df08089c191735c1","id":{"unicity":"29317"},"weightEach":{"value":0},"servingsPerContainer":0,"servingSize":0},"quantity":1,"terms":{"priceEach":25.21,"taxEach":{"amount":4.02},"discountEach":{"amount":0},"pvEach":0}}]},"currency":"EUR"},{"lines":{"items":[{"item":{"href":"https:\/\/hydraqa.unicity.net\/v5a-test\/items\/217ca02fbd24e21ca5281412756238ab","id":{"unicity":"32126"},"weightEach":{"value":0},"servingsPerContainer":0,"servingSize":0},"quantity":1,"terms":{"priceEach":152.24,"taxEach":{"amount":11.65},"discountEach":{"amount":0},"pvEach":101}}]},"currency":"EUR"},{"lines":{"items":[{"item":{"href":"https:\/\/hydraqa.unicity.net\/v5a-test\/items\/808008a0657d2033ad471c39bbce9891","id":{"unicity":"32127"},"weightEach":{"value":0},"servingsPerContainer":0,"servingSize":0},"quantity":1,"terms":{"priceEach":162.34,"taxEach":{"amount":12.36},"discountEach":{"amount":0},"pvEach":113}}]},"currency":"EUR"},{"lines":{"items":[{"item":{"href":"https:\/\/hydraqa.unicity.net\/v5a-test\/items\/2f1d0aa90494ae2e08035922c701f968","id":{"unicity":"29832"},"weightEach":{"value":0},"servingsPerContainer":0,"servingSize":0},"quantity":1,"terms":{"priceEach":47.57,"taxEach":{"amount":3.33},"discountEach":{"amount":0},"pvEach":39}}]},"currency":"EUR"},{"lines":{"items":[{"item":{"href":"https:\/\/hydraqa.unicity.net\/v5a-test\/items\/10df0fc3509b53cbeaeb9476ca92d520","id":{"unicity":"29833"},"weightEach":{"value":0},"servingsPerContainer":0,"servingSize":0},"quantity":1,"terms":{"priceEach":90.56,"taxEach":{"amount":6.34},"discountEach":{"amount":0},"pvEach":69}}]},"currency":"EUR"},{"lines":{"items":[{"item":{"href":"https:\/\/hydraqa.unicity.net\/v5a-test\/items\/575aaea25d47c468067933d592cc36ef","id":{"unicity":"23990"},"weightEach":{"value":0},"servingsPerContainer":0,"servingSize":0},"quantity":1,"terms":{"priceEach":3.5,"taxEach":{"amount":0.55},"discountEach":{"amount":0},"pvEach":0}}]},"currency":"EUR"},{"lines":{"items":[{"item":{"href":"https:\/\/hydraqa.unicity.net\/v5a-test\/items\/332daeac6796ed016ea8b7d0bc42c2d4","id":{"unicity":"24274"},"weightEach":{"value":0},"servingsPerContainer":0,"servingSize":0},"quantity":1,"terms":{"priceEach":7.48,"taxEach":{"amount":1.19},"discountEach":{"amount":0},"pvEach":0}}]},"currency":"EUR"},{"lines":{"items":[{"item":{"href":"https:\/\/hydraqa.unicity.net\/v5a-test\/items\/1945faa1776541d53120ecfe3c1d8a2b","id":{"unicity":"24418"},"weightEach":{"value":0},"servingsPerContainer":0,"servingSize":0},"quantity":1,"terms":{"priceEach":4.96,"taxEach":{"amount":0.79},"discountEach":{"amount":0},"pvEach":0}}]},"currency":"EUR"},{"lines":{"items":[{"item":{"href":"https:\/\/hydraqa.unicity.net\/v5a-test\/items\/10da226fab00279b4f89df10af2a10b7","id":{"unicity":"26442"},"weightEach":{"value":0},"servingsPerContainer":0,"servingSize":0},"quantity":1,"terms":{"priceEach":5.8,"taxEach":{"amount":0.92},"discountEach":{"amount":0},"pvEach":0}}]},"currency":"EUR"},{"lines":{"items":[{"item":{"href":"https:\/\/hydraqa.unicity.net\/v5a-test\/items\/5147f8cfe32548e02fc158d4da9c4d6f","id":{"unicity":"27150"},"weightEach":{"value":0},"servingsPerContainer":0,"servingSize":0},"quantity":1,"terms":{"priceEach":93.36,"taxEach":{"amount":6.1},"discountEach":{"amount":0},"pvEach":70}}]},"currency":"EUR"},{"lines":{"items":[{"item":{"href":"https:\/\/hydraqa.unicity.net\/v5a-test\/items\/03eba2365025ccd85818846a83a16f47","id":{"unicity":"27163"},"weightEach":{"value":0},"servingsPerContainer":0,"servingSize":0},"quantity":1,"terms":{"priceEach":74.67,"taxEach":{"amount":4.88},"discountEach":{"amount":0},"pvEach":54}}]},"currency":"EUR"},{"lines":{"items":[{"item":{"href":"https:\/\/hydraqa.unicity.net\/v5a-test\/items\/7d4ad2792f7056e5f81eb24f118ef737","id":{"unicity":"27575"},"weightEach":{"value":0},"servingsPerContainer":0,"servingSize":0},"quantity":1,"terms":{"priceEach":55.98,"taxEach":{"amount":3.66},"discountEach":{"amount":0},"pvEach":34}}]},"currency":"EUR"},{"lines":{"items":[{"item":{"href":"https:\/\/hydraqa.unicity.net\/v5a-test\/items\/0eebdede5bdb8bf4d71e800b6f3cead1","id":{"unicity":"30825"},"weightEach":{"value":0},"servingsPerContainer":0,"servingSize":0},"quantity":1,"terms":{"priceEach":37.29,"taxEach":{"amount":2.43},"discountEach":{"amount":0},"pvEach":23}}]},"currency":"EUR"},{"lines":{"items":[{"item":{"href":"https:\/\/hydraqa.unicity.net\/v5a-test\/items\/024e696f8b44a1d315006e676604cd31","id":{"unicity":"27395"},"weightEach":{"value":0},"servingsPerContainer":0,"servingSize":0},"quantity":1,"terms":{"priceEach":29.81,"taxEach":{"amount":1.95},"discountEach":{"amount":0},"pvEach":18}}]},"currency":"EUR"},{"lines":{"items":[{"item":{"href":"https:\/\/hydraqa.unicity.net\/v5a-test\/items\/398d06b858b960f6f38086d40608aef2","id":{"unicity":"26560"},"weightEach":{"value":0},"servingsPerContainer":0,"servingSize":0},"quantity":1,"terms":{"priceEach":20.47,"taxEach":{"amount":1.33},"discountEach":{"amount":0},"pvEach":13}}]},"currency":"EUR"},{"lines":{"items":[{"item":{"href":"https:\/\/hydraqa.unicity.net\/v5a-test\/items\/e218d1cac5f31e7ae4f5876c29c57377","id":{"unicity":"29017"},"weightEach":{"value":0},"servingsPerContainer":0,"servingSize":0},"quantity":1,"terms":{"priceEach":37.29,"taxEach":{"amount":2.43},"discountEach":{"amount":0},"pvEach":23}}]},"currency":"EUR"},{"lines":{"items":[{"item":{"href":"https:\/\/hydraqa.unicity.net\/v5a-test\/items\/3f2d12d7a0e8551fc99fad3bbe1ba633","id":{"unicity":"26567"},"weightEach":{"value":0},"servingsPerContainer":0,"servingSize":0},"quantity":1,"terms":{"priceEach":55.98,"taxEach":{"amount":3.66},"discountEach":{"amount":0},"pvEach":26}}]},"currency":"EUR"},{"lines":{"items":[{"item":{"href":"https:\/\/hydraqa.unicity.net\/v5a-test\/items\/191637167cb3144bd2e8c4615e9ab67e","id":{"unicity":"26568"},"weightEach":{"value":0},"servingsPerContainer":0,"servingSize":0},"quantity":1,"terms":{"priceEach":55.98,"taxEach":{"amount":3.66},"discountEach":{"amount":0},"pvEach":26}}]},"currency":"EUR"},{"lines":{"items":[{"item":{"href":"https:\/\/hydraqa.unicity.net\/v5a-test\/items\/64ec7ad932acafab052a4e8800ad1238","id":{"unicity":"24758"},"weightEach":{"value":0},"servingsPerContainer":0,"servingSize":0},"quantity":1,"terms":{"priceEach":37.29,"taxEach":{"amount":2.43},"discountEach":{"amount":0},"pvEach":23}}]},"currency":"EUR"},{"lines":{"items":[{"item":{"href":"https:\/\/hydraqa.unicity.net\/v5a-test\/items\/606f7be753c74dfbfe4b107276775140","id":{"unicity":"29821"},"weightEach":{"value":0},"servingsPerContainer":0,"servingSize":0},"quantity":1,"terms":{"priceEach":79.35,"taxEach":{"amount":5.19},"discountEach":{"amount":0},"pvEach":59}}]},"currency":"EUR"},{"lines":{"items":[{"item":{"href":"https:\/\/hydraqa.unicity.net\/v5a-test\/items\/94939f9be900906d2b47260ccba22a7b","id":{"unicity":"32012"},"weightEach":{"value":0},"servingsPerContainer":0,"servingSize":0},"quantity":1,"terms":{"priceEach":13.93,"taxEach":{"amount":0.91},"discountEach":{"amount":0},"pvEach":6}}]},"currency":"EUR"},{"lines":{"items":[{"item":{"href":"https:\/\/hydraqa.unicity.net\/v5a-test\/items\/2c4c1abe00983e85aaa918d2ce341491","id":{"unicity":"17174"},"weightEach":{"value":0},"servingsPerContainer":0,"servingSize":0},"quantity":1,"terms":{"priceEach":37.29,"taxEach":{"amount":2.43},"discountEach":{"amount":0},"pvEach":23}}]},"currency":"EUR"},{"lines":{"items":[{"item":{"href":"https:\/\/hydraqa.unicity.net\/v5a-test\/items\/991cdbb84a495779eb209fb3956a77e4","id":{"unicity":"29183"},"weightEach":{"value":0},"servingsPerContainer":0,"servingSize":0},"quantity":1,"terms":{"priceEach":31.01,"taxEach":{"amount":4.95},"discountEach":{"amount":0},"pvEach":18}}]},"currency":"EUR"},{"lines":{"items":[{"item":{"href":"https:\/\/hydraqa.unicity.net\/v5a-test\/items\/0e78fbdfebef11cd62f8d2120064ee58","id":{"unicity":"30280"},"weightEach":{"value":0},"servingsPerContainer":0,"servingSize":0},"quantity":1,"terms":{"priceEach":33.53,"taxEach":{"amount":5.35},"discountEach":{"amount":0},"pvEach":20}}]},"currency":"EUR"},{"lines":{"items":[{"item":{"href":"https:\/\/hydraqa.unicity.net\/v5a-test\/items\/beb900429fbb160dbfc3001c14d96df4","id":{"unicity":"29187"},"weightEach":{"value":0},"servingsPerContainer":0,"servingSize":0},"quantity":1,"terms":{"priceEach":37.73,"taxEach":{"amount":6.02},"discountEach":{"amount":0},"pvEach":24}}]},"currency":"EUR"},{"lines":{"items":[{"item":{"href":"https:\/\/hydraqa.unicity.net\/v5a-test\/items\/1b0412bea8c0b841c66f65a36aa14108","id":{"unicity":"29191"},"weightEach":{"value":0},"servingsPerContainer":0,"servingSize":0},"quantity":1,"terms":{"priceEach":37.73,"taxEach":{"amount":6.02},"discountEach":{"amount":0},"pvEach":24}}]},"currency":"EUR"},{"lines":{"items":[{"item":{"href":"https:\/\/hydraqa.unicity.net\/v5a-test\/items\/52c87f74d3b41ed49b0f897b66c2a99b","id":{"unicity":"30684"},"weightEach":{"value":0},"servingsPerContainer":0,"servingSize":0},"quantity":1,"terms":{"priceEach":37.29,"taxEach":{"amount":2.43},"discountEach":{"amount":0},"pvEach":23}}]},"currency":"EUR"},{"lines":{"items":[{"item":{"href":"https:\/\/hydraqa.unicity.net\/v5a-test\/items\/90f38f77c9e6ea5a71aa7377df83760b","id":{"unicity":"30198"},"weightEach":{"value":0},"servingsPerContainer":0,"servingSize":0},"quantity":1,"terms":{"priceEach":19,"taxEach":{"amount":1.33},"discountEach":{"amount":0},"pvEach":16}}]},"currency":"EUR"},{"lines":{"items":[{"item":{"href":"https:\/\/hydraqa.unicity.net\/v5a-test\/items\/ab2a2b07b17718843a66bee04ff40624","id":{"unicity":"31402"},"weightEach":{"value":0},"servingsPerContainer":0,"servingSize":0},"quantity":1,"terms":{"priceEach":98.9,"taxEach":{"amount":6.47},"discountEach":{"amount":0},"pvEach":70}}]},"currency":"EUR"},{"lines":{"items":[{"item":{"href":"https:\/\/hydraqa.unicity.net\/v5a-test\/items\/7e5e7df32701fd44947c8146f2129f7a","id":{"unicity":"31672"},"weightEach":{"value":0},"servingsPerContainer":0,"servingSize":0},"quantity":1,"terms":{"priceEach":74.67,"taxEach":{"amount":4.88},"discountEach":{"amount":0},"pvEach":54}}]},"currency":"EUR"},{"lines":{"items":[{"item":{"href":"https:\/\/hydraqa.unicity.net\/v5a-test\/items\/493c2ba720f847422eccc5da35024f33","id":{"unicity":"31534"},"weightEach":{"value":0},"servingsPerContainer":0,"servingSize":0},"quantity":1,"terms":{"priceEach":26.07,"taxEach":{"amount":1.7},"discountEach":{"amount":0},"pvEach":16}}]},"currency":"EUR"},{"lines":{"items":[{"item":{"href":"https:\/\/hydraqa.unicity.net\/v5a-test\/items\/bfddb53fe0d5ed5432c531dc9850cbe4","id":{"unicity":"29449"},"weightEach":{"value":0},"servingsPerContainer":0,"servingSize":0},"quantity":1,"terms":{"priceEach":26.07,"taxEach":{"amount":1.7},"discountEach":{"amount":0},"pvEach":16}}]},"currency":"EUR"},{"lines":{"items":[{"item":{"href":"https:\/\/hydraqa.unicity.net\/v5a-test\/items\/75b870fdff12be635674216fe88d3204","id":{"unicity":"29984"},"weightEach":{"value":0},"servingsPerContainer":0,"servingSize":0},"quantity":1,"terms":{"priceEach":37.73,"taxEach":{"amount":6.02},"discountEach":{"amount":0},"pvEach":24}}]},"currency":"EUR"},{"lines":{"items":[{"item":{"href":"https:\/\/hydraqa.unicity.net\/v5a-test\/items\/4d23d73a0d3d3e5fe9c383822040a9b0","id":{"unicity":"32191"},"weightEach":{"value":0},"servingsPerContainer":0,"servingSize":0},"quantity":1,"terms":{"priceEach":1315.79,"taxEach":{"amount":92.11},"discountEach":{"amount":0},"pvEach":903}}]},"currency":"EUR"},{"lines":{"items":[{"item":{"href":"https:\/\/hydraqa.unicity.net\/v5a-test\/items\/e9fe58342fff74ec4f4430f7c622816e","id":{"unicity":"31870"},"weightEach":{"value":0},"servingsPerContainer":0,"servingSize":0},"quantity":1,"terms":{"priceEach":20.47,"taxEach":{"amount":1.33},"discountEach":{"amount":0},"pvEach":9}}]},"currency":"EUR"},{"lines":{"items":[{"item":{"href":"https:\/\/hydraqa.unicity.net\/v5a-test\/items\/fbb6dbd577adb73abaec364076fb288f","id":{"unicity":"32087"},"weightEach":{"value":0},"servingsPerContainer":0,"servingSize":0},"quantity":1,"terms":{"priceEach":20.47,"taxEach":{"amount":1.33},"discountEach":{"amount":0},"pvEach":9}}]},"currency":"EUR"},{"lines":{"items":[{"item":{"href":"https:\/\/hydraqa.unicity.net\/v5a-test\/items\/35dcc0035e442bbe6482f178ec38522c","id":{"unicity":"31868"},"weightEach":{"value":0},"servingsPerContainer":0,"servingSize":0},"quantity":1,"terms":{"priceEach":20.47,"taxEach":{"amount":1.33},"discountEach":{"amount":0},"pvEach":9}}]},"currency":"EUR"},{"lines":{"items":[{"item":{"href":"https:\/\/hydraqa.unicity.net\/v5a-test\/items\/baa263a2750aa330fbd9e5b96fdb2b55","id":{"unicity":"32609"},"weightEach":{"value":0},"servingsPerContainer":0,"servingSize":0},"quantity":1,"terms":{"priceEach":55.98,"taxEach":{"amount":0},"discountEach":{"amount":0},"pvEach":34}}]},"currency":"EUR"},{"lines":{"items":[{"item":{"href":"https:\/\/hydraqa.unicity.net\/v5a-test\/items\/34c8c6b0f454da738e64265f08c57a72","id":{"unicity":"31777"},"weightEach":{"value":0},"servingsPerContainer":0,"servingSize":0},"quantity":1,"terms":{"priceEach":6.22,"taxEach":{"amount":0.99},"discountEach":{"amount":0},"pvEach":3}}]},"currency":"EUR"},{"lines":{"items":[{"item":{"href":"https:\/\/hydraqa.unicity.net\/v5a-test\/items\/d7e1dd4b19a8672aed99e591356c0d48","id":{"unicity":"31932"},"weightEach":{"value":0},"servingsPerContainer":0,"servingSize":0},"quantity":1,"terms":{"priceEach":6.22,"taxEach":{"amount":0.99},"discountEach":{"amount":0},"pvEach":3}}]},"currency":"EUR"},{"lines":{"items":[{"item":{"href":"https:\/\/hydraqa.unicity.net\/v5a-test\/items\/7e80331c8c25f515174d3f894283a27c","id":{"unicity":"31781"},"weightEach":{"value":0},"servingsPerContainer":0,"servingSize":0},"quantity":1,"terms":{"priceEach":8.32,"taxEach":{"amount":1.32},"discountEach":{"amount":0},"pvEach":4}}]},"currency":"EUR"},{"lines":{"items":[{"item":{"href":"https:\/\/hydraqa.unicity.net\/v5a-test\/items\/04516be30bd9bf93e01536e7fc8f8716","id":{"unicity":"31779"},"weightEach":{"value":0},"servingsPerContainer":0,"servingSize":0},"quantity":1,"terms":{"priceEach":10,"taxEach":{"amount":1.59},"discountEach":{"amount":0},"pvEach":5}}]},"currency":"EUR"},{"lines":{"items":[{"item":{"href":"https:\/\/hydraqa.unicity.net\/v5a-test\/items\/1aa00306dc0006d365acd7436548f2e6","id":{"unicity":"31778"},"weightEach":{"value":0},"servingsPerContainer":0,"servingSize":0},"quantity":1,"terms":{"priceEach":12.52,"taxEach":{"amount":1.99},"discountEach":{"amount":0},"pvEach":6}}]},"currency":"EUR"},{"lines":{"items":[{"item":{"href":"https:\/\/hydraqa.unicity.net\/v5a-test\/items\/fc8583e3bf463b599fdcce05234bc137","id":{"unicity":"31780"},"weightEach":{"value":0},"servingsPerContainer":0,"servingSize":0},"quantity":1,"terms":{"priceEach":8.32,"taxEach":{"amount":1.32},"discountEach":{"amount":0},"pvEach":4}}]},"currency":"EUR"},{"lines":{"items":[{"item":{"href":"https:\/\/hydraqa.unicity.net\/v5a-test\/items\/8d3854b47de8e45d6fcdc194dffff601","id":{"unicity":"31782"},"weightEach":{"value":0},"servingsPerContainer":0,"servingSize":0},"quantity":1,"terms":{"priceEach":12.52,"taxEach":{"amount":1.99},"discountEach":{"amount":0},"pvEach":6}}]},"currency":"EUR"}]}
Entry request : {"order":{"customer":{"href":"https://hydraqa.unicity.net/v5a-test/customers?type=Associate"},"shipToAddress":{"country":"DE"}},"vary":{"lines":{"items":[{"item":{"href":"https://hydraqa.unicity.net/v5a-test/items?id.unicity=31336|31951|31952|32128|32129|32130|32132|32133|32134|32135|32136|32137|32138|32125|18511|19941|26422|27156|27158|27160|27166|27617|27660|27587|28601|28604|29838|31772|32192|22605|29317|32126|32127|27700|29832|29833|20750|23990|24274|24418|26442|27150|27163|27575|30825|27395|15880|26560|29017|26567|26568|24758|29821|32012|17174|30139|29181|29183|30280|29187|29191|30684|30198|31450|31402|31672|31534|29449|29984|32191|31870|32087|31868|32609|31777|31932|31781|31779|31778|31780|31782"}}]}}}
Request URL: https://hydraqa.unicity.net/v5a-test/customers.js?callback=angular.callbacks._1&expand=customer,profilePicture&id.unicity=2
Request URL: https://hydraqa.unicity.net/v5a-test/customers.js?_httpMethod=HEAD&callback=angular.callbacks._7&email=TNNJLZ@gmail.com
Request URL: https://hydraqa.unicity.net/v5a-test/shippingmethods.js?callback=angular.callbacks._a&destination=DE&market=DE
]]></system-out>
    <system-err><![CDATA[Starting ChromeDriver 2.36.540470 (e522d04694c7ebea4ba8821272dbef4f9b818c91) on port 9321
Only local connections are allowed.
Mar 17, 2020 10:49:03 AM org.openqa.selenium.remote.ProtocolHandshake createSession
INFO: Detected dialect: OSS
]]></system-err>
  </testcase>
  <testcase name="Enroll" classname="Tests.FranchisePartner" time="316.643"/>
  <testcase name="Enroll" classname="Tests.FranchisePartner" time="211.385">
    <failure message="Major Quotes Call Packs is not Displaying: lists don&apos;t have the same size expected [69] but found [68]" type="java.lang.AssertionError">java.lang.AssertionError: Major Quotes Call Packs is not Displaying: lists don't have the same size expected [69] but found [68]
	at Tests.FranchisePartner.Enroll(FranchisePartner.java:250)
</failure>
    <system-out><![CDATA[Request URL: https://hydraqa.unicity.net/v5a-test/quotes?&expand=item
Entry Quotes response : {"items":[{"lines":{"items":[{"item":{"href":"https:\/\/hydraqa.unicity.net\/v5a-test\/items\/0d3b8d4f7c4d4082db1b4ecffb6693fb","id":{"unicity":"27160"},"weightEach":{"value":0},"servingsPerContainer":0,"servingSize":0},"quantity":1,"terms":{"priceEach":74.67,"taxEach":{"amount":6.72},"discountEach":{"amount":0},"pvEach":53}}]},"currency":"EUR"},{"lines":{"items":[{"item":{"href":"https:\/\/hydraqa.unicity.net\/v5a-test\/items\/ac37bf51ff7e4fe860da8457f6ce0425","id":{"unicity":"27166"},"weightEach":{"value":0},"servingsPerContainer":0,"servingSize":0},"quantity":1,"terms":{"priceEach":74.67,"taxEach":{"amount":6.72},"discountEach":{"amount":0},"pvEach":54}}]},"currency":"EUR"},{"lines":{"items":[{"item":{"href":"https:\/\/hydraqa.unicity.net\/v5a-test\/items\/0c0717a26fcfe40310e906487e8a12f7","id":{"unicity":"28601"},"weightEach":{"value":0},"servingsPerContainer":0,"servingSize":0},"quantity":1,"terms":{"priceEach":74.67,"taxEach":{"amount":6.72},"discountEach":{"amount":0},"pvEach":54}}]},"currency":"EUR"},{"lines":{"items":[{"item":{"href":"https:\/\/hydraqa.unicity.net\/v5a-test\/items\/4790a55c442b5dc75a13b155e78c1842","id":{"unicity":"28604"},"weightEach":{"value":0},"servingsPerContainer":0,"servingSize":0},"quantity":1,"terms":{"priceEach":74.67,"taxEach":{"amount":6.72},"discountEach":{"amount":0},"pvEach":54}}]},"currency":"EUR"},{"lines":{"items":[{"item":{"href":"https:\/\/hydraqa.unicity.net\/v5a-test\/items\/6447f84f6ef7782049a369b983428bb7","id":{"unicity":"31336"},"weightEach":{"value":0},"servingsPerContainer":0,"servingSize":0},"quantity":1,"terms":{"priceEach":224.21,"taxEach":{"amount":20.18},"discountEach":{"amount":0},"pvEach":165}}]},"currency":"EUR"},{"lines":{"items":[{"item":{"href":"https:\/\/hydraqa.unicity.net\/v5a-test\/items\/31cb0679f65df8fa9a4fc3d7e38b72b3","id":{"unicity":"31763"},"weightEach":{"value":0},"servingsPerContainer":0,"servingSize":0},"quantity":1,"terms":{"priceEach":243.3,"taxEach":{"amount":21.9},"discountEach":{"amount":0},"pvEach":181}}]},"currency":"EUR"},{"lines":{"items":[{"item":{"href":"https:\/\/hydraqa.unicity.net\/v5a-test\/items\/e9991b48ac639367d526d2b9b22fac8c","id":{"unicity":"32128"},"weightEach":{"value":0},"servingsPerContainer":0,"servingSize":0},"quantity":1,"terms":{"priceEach":371.87,"taxEach":{"amount":33.47},"discountEach":{"amount":0},"pvEach":253}}]},"currency":"EUR"},{"lines":{"items":[{"item":{"href":"https:\/\/hydraqa.unicity.net\/v5a-test\/items\/40b3312de189221d96d838d33a8ec49d","id":{"unicity":"32129"},"weightEach":{"value":0},"servingsPerContainer":0,"servingSize":0},"quantity":1,"terms":{"priceEach":371.87,"taxEach":{"amount":33.47},"discountEach":{"amount":0},"pvEach":254}}]},"currency":"EUR"},{"lines":{"items":[{"item":{"href":"https:\/\/hydraqa.unicity.net\/v5a-test\/items\/6bd168a66ce41003a8f30917deff5808","id":{"unicity":"32130"},"weightEach":{"value":0},"servingsPerContainer":0,"servingSize":0},"quantity":1,"terms":{"priceEach":363.46,"taxEach":{"amount":32.71},"discountEach":{"amount":0},"pvEach":252}}]},"currency":"EUR"},{"lines":{"items":[{"item":{"href":"https:\/\/hydraqa.unicity.net\/v5a-test\/items\/806f99b793edd7cd0b1c158ba0eb3142","id":{"unicity":"32132"},"weightEach":{"value":0},"servingsPerContainer":0,"servingSize":0},"quantity":1,"terms":{"priceEach":355.98,"taxEach":{"amount":32.04},"discountEach":{"amount":0},"pvEach":253}}]},"currency":"EUR"},{"lines":{"items":[{"item":{"href":"https:\/\/hydraqa.unicity.net\/v5a-test\/items\/e3d382d99fde8659cb146b54116e7654","id":{"unicity":"32133"},"weightEach":{"value":0},"servingsPerContainer":0,"servingSize":0},"quantity":1,"terms":{"priceEach":364.39,"taxEach":{"amount":32.8},"discountEach":{"amount":0},"pvEach":252}}]},"currency":"EUR"},{"lines":{"items":[{"item":{"href":"https:\/\/hydraqa.unicity.net\/v5a-test\/items\/022f109fe6e5eae3e521295a5cb94c60","id":{"unicity":"32134"},"weightEach":{"value":0},"servingsPerContainer":0,"servingSize":0},"quantity":1,"terms":{"priceEach":144.77,"taxEach":{"amount":13.03},"discountEach":{"amount":0},"pvEach":101}}]},"currency":"EUR"},{"lines":{"items":[{"item":{"href":"https:\/\/hydraqa.unicity.net\/v5a-test\/items\/ded00960d5e948dd8e511a9c752e1ff9","id":{"unicity":"32135"},"weightEach":{"value":0},"servingsPerContainer":0,"servingSize":0},"quantity":1,"terms":{"priceEach":154.11,"taxEach":{"amount":13.87},"discountEach":{"amount":0},"pvEach":113}}]},"currency":"EUR"},{"lines":{"items":[{"item":{"href":"https:\/\/hydraqa.unicity.net\/v5a-test\/items\/d8736cc35cf9f4734fd76da71c53dc05","id":{"unicity":"32136"},"weightEach":{"value":0},"servingsPerContainer":0,"servingSize":0},"quantity":1,"terms":{"priceEach":141.96,"taxEach":{"amount":12.78},"discountEach":{"amount":0},"pvEach":102}}]},"currency":"EUR"},{"lines":{"items":[{"item":{"href":"https:\/\/hydraqa.unicity.net\/v5a-test\/items\/166a69d45c4ae40278554e24d5f40443","id":{"unicity":"32137"},"weightEach":{"value":0},"servingsPerContainer":0,"servingSize":0},"quantity":1,"terms":{"priceEach":168.13,"taxEach":{"amount":15.13},"discountEach":{"amount":0},"pvEach":118}}]},"currency":"EUR"},{"lines":{"items":[{"item":{"href":"https:\/\/hydraqa.unicity.net\/v5a-test\/items\/d04a0b8762b20202b6273114fb7302d1","id":{"unicity":"32138"},"weightEach":{"value":0},"servingsPerContainer":0,"servingSize":0},"quantity":1,"terms":{"priceEach":224.21,"taxEach":{"amount":20.18},"discountEach":{"amount":0},"pvEach":152}}]},"currency":"EUR"},{"lines":{"items":[{"item":{"href":"https:\/\/hydraqa.unicity.net\/v5a-test\/items\/e13d0b5c40704ad5dd186959367c97f1","id":{"unicity":"32125"},"weightEach":{"value":0},"servingsPerContainer":0,"servingSize":0},"quantity":1,"terms":{"priceEach":373.74,"taxEach":{"amount":33.64},"discountEach":{"amount":0},"pvEach":250}}]},"currency":"EUR"},{"lines":{"items":[{"item":{"href":"https:\/\/hydraqa.unicity.net\/v5a-test\/items\/c451532f63a06f0e9a054e946a1a1c3b","id":{"unicity":"18511"},"weightEach":{"value":0},"servingsPerContainer":0,"servingSize":0},"quantity":1,"terms":{"priceEach":37.29,"taxEach":{"amount":3.36},"discountEach":{"amount":0},"pvEach":23}}]},"currency":"EUR"},{"lines":{"items":[{"item":{"href":"https:\/\/hydraqa.unicity.net\/v5a-test\/items\/9752a919e28f96747163918165b46f23","id":{"unicity":"19941"},"weightEach":{"value":558},"servingsPerContainer":15,"servingSize":0},"quantity":1,"terms":{"priceEach":32.62,"taxEach":{"amount":2.94},"discountEach":{"amount":0},"pvEach":20}}]},"currency":"EUR"},{"lines":{"items":[{"item":{"href":"https:\/\/hydraqa.unicity.net\/v5a-test\/items\/4e49c95f12ae7be78e5ffab68b8b3ca6","id":{"unicity":"26422"},"weightEach":{"value":0},"servingsPerContainer":0,"servingSize":0},"quantity":1,"terms":{"priceEach":19,"taxEach":{"amount":1.71},"discountEach":{"amount":0},"pvEach":16}}]},"currency":"EUR"},{"lines":{"items":[{"item":{"href":"https:\/\/hydraqa.unicity.net\/v5a-test\/items\/50e73ecfa509ac20c4a250f9cb32fdfc","id":{"unicity":"27156"},"weightEach":{"value":0},"servingsPerContainer":0,"servingSize":0},"quantity":1,"terms":{"priceEach":20.47,"taxEach":{"amount":1.84},"discountEach":{"amount":0},"pvEach":13}}]},"currency":"EUR"},{"lines":{"items":[{"item":{"href":"https:\/\/hydraqa.unicity.net\/v5a-test\/items\/d92292ba2f23c030e4a1f63eb3ebe1ce","id":{"unicity":"27158"},"weightEach":{"value":0},"servingsPerContainer":0,"servingSize":0},"quantity":1,"terms":{"priceEach":27.94,"taxEach":{"amount":2.51},"discountEach":{"amount":0},"pvEach":23}}]},"currency":"EUR"},{"lines":{"items":[{"item":{"href":"https:\/\/hydraqa.unicity.net\/v5a-test\/items\/a7bda1cb4a35343e52791aba56debc4a","id":{"unicity":"27617"},"weightEach":{"value":0},"servingsPerContainer":0,"servingSize":0},"quantity":1,"terms":{"priceEach":29.81,"taxEach":{"amount":2.68},"discountEach":{"amount":0},"pvEach":18}}]},"currency":"EUR"},{"lines":{"items":[{"item":{"href":"https:\/\/hydraqa.unicity.net\/v5a-test\/items\/a36d9fdd0fd7561e6180fb5b2ff27164","id":{"unicity":"27660"},"weightEach":{"value":0},"servingsPerContainer":0,"servingSize":0},"quantity":1,"terms":{"priceEach":31.68,"taxEach":{"amount":2.85},"discountEach":{"amount":0},"pvEach":18}}]},"currency":"EUR"},{"lines":{"items":[{"item":{"href":"https:\/\/hydraqa.unicity.net\/v5a-test\/items\/112b8c39286598b3730f630f371a45f4","id":{"unicity":"27587"},"weightEach":{"value":0},"servingsPerContainer":0,"servingSize":0},"quantity":1,"terms":{"priceEach":55.98,"taxEach":{"amount":5.04},"discountEach":{"amount":0},"pvEach":34}}]},"currency":"EUR"},{"lines":{"items":[{"item":{"href":"https:\/\/hydraqa.unicity.net\/v5a-test\/items\/db0a2b02eaabc5ad45fe91ba5c7bcf5a","id":{"unicity":"31772"},"weightEach":{"value":0},"servingsPerContainer":0,"servingSize":0},"quantity":1,"terms":{"priceEach":8.32,"taxEach":{"amount":1.75},"discountEach":{"amount":0},"pvEach":0}}]},"currency":"EUR"},{"lines":{"items":[{"item":{"href":"https:\/\/hydraqa.unicity.net\/v5a-test\/items\/2262fdd5af916c31df08089c191735c1","id":{"unicity":"29317"},"weightEach":{"value":0},"servingsPerContainer":0,"servingSize":0},"quantity":1,"terms":{"priceEach":25.21,"taxEach":{"amount":5.29},"discountEach":{"amount":0},"pvEach":0}}]},"currency":"EUR"},{"lines":{"items":[{"item":{"href":"https:\/\/hydraqa.unicity.net\/v5a-test\/items\/217ca02fbd24e21ca5281412756238ab","id":{"unicity":"32126"},"weightEach":{"value":0},"servingsPerContainer":0,"servingSize":0},"quantity":1,"terms":{"priceEach":152.24,"taxEach":{"amount":14.7},"discountEach":{"amount":0},"pvEach":101}}]},"currency":"EUR"},{"lines":{"items":[{"item":{"href":"https:\/\/hydraqa.unicity.net\/v5a-test\/items\/808008a0657d2033ad471c39bbce9891","id":{"unicity":"32127"},"weightEach":{"value":0},"servingsPerContainer":0,"servingSize":0},"quantity":1,"terms":{"priceEach":162.34,"taxEach":{"amount":15.61},"discountEach":{"amount":0},"pvEach":113}}]},"currency":"EUR"},{"lines":{"items":[{"item":{"href":"https:\/\/hydraqa.unicity.net\/v5a-test\/items\/10df0fc3509b53cbeaeb9476ca92d520","id":{"unicity":"29833"},"weightEach":{"value":0},"servingsPerContainer":0,"servingSize":0},"quantity":1,"terms":{"priceEach":90.56,"taxEach":{"amount":8.15},"discountEach":{"amount":0},"pvEach":69}}]},"currency":"EUR"},{"lines":{"items":[{"item":{"href":"https:\/\/hydraqa.unicity.net\/v5a-test\/items\/17d9b2043675ed6e748fd6a3d175610f","id":{"unicity":"29316"},"weightEach":{"value":0},"servingsPerContainer":0,"servingSize":0},"quantity":1,"terms":{"priceEach":25.21,"taxEach":{"amount":5.29},"discountEach":{"amount":0},"pvEach":0}}]},"currency":"EUR"},{"lines":{"items":[{"item":{"href":"https:\/\/hydraqa.unicity.net\/v5a-test\/items\/332daeac6796ed016ea8b7d0bc42c2d4","id":{"unicity":"24274"},"weightEach":{"value":0},"servingsPerContainer":0,"servingSize":0},"quantity":1,"terms":{"priceEach":7.48,"taxEach":{"amount":1.57},"discountEach":{"amount":0},"pvEach":0}}]},"currency":"EUR"},{"lines":{"items":[{"item":{"href":"https:\/\/hydraqa.unicity.net\/v5a-test\/items\/1945faa1776541d53120ecfe3c1d8a2b","id":{"unicity":"24418"},"weightEach":{"value":0},"servingsPerContainer":0,"servingSize":0},"quantity":1,"terms":{"priceEach":4.96,"taxEach":{"amount":1.04},"discountEach":{"amount":0},"pvEach":0}}]},"currency":"EUR"},{"lines":{"items":[{"item":{"href":"https:\/\/hydraqa.unicity.net\/v5a-test\/items\/10da226fab00279b4f89df10af2a10b7","id":{"unicity":"26442"},"weightEach":{"value":0},"servingsPerContainer":0,"servingSize":0},"quantity":1,"terms":{"priceEach":5.8,"taxEach":{"amount":1.22},"discountEach":{"amount":0},"pvEach":0}}]},"currency":"EUR"},{"lines":{"items":[{"item":{"href":"https:\/\/hydraqa.unicity.net\/v5a-test\/items\/5147f8cfe32548e02fc158d4da9c4d6f","id":{"unicity":"27150"},"weightEach":{"value":0},"servingsPerContainer":0,"servingSize":0},"quantity":1,"terms":{"priceEach":93.36,"taxEach":{"amount":8.4},"discountEach":{"amount":0},"pvEach":70}}]},"currency":"EUR"},{"lines":{"items":[{"item":{"href":"https:\/\/hydraqa.unicity.net\/v5a-test\/items\/03eba2365025ccd85818846a83a16f47","id":{"unicity":"27163"},"weightEach":{"value":0},"servingsPerContainer":0,"servingSize":0},"quantity":1,"terms":{"priceEach":74.67,"taxEach":{"amount":6.72},"discountEach":{"amount":0},"pvEach":54}}]},"currency":"EUR"},{"lines":{"items":[{"item":{"href":"https:\/\/hydraqa.unicity.net\/v5a-test\/items\/7d4ad2792f7056e5f81eb24f118ef737","id":{"unicity":"27575"},"weightEach":{"value":0},"servingsPerContainer":0,"servingSize":0},"quantity":1,"terms":{"priceEach":55.98,"taxEach":{"amount":5.04},"discountEach":{"amount":0},"pvEach":34}}]},"currency":"EUR"},{"lines":{"items":[{"item":{"href":"https:\/\/hydraqa.unicity.net\/v5a-test\/items\/024e696f8b44a1d315006e676604cd31","id":{"unicity":"27395"},"weightEach":{"value":0},"servingsPerContainer":0,"servingSize":0},"quantity":1,"terms":{"priceEach":29.81,"taxEach":{"amount":2.68},"discountEach":{"amount":0},"pvEach":18}}]},"currency":"EUR"},{"lines":{"items":[{"item":{"href":"https:\/\/hydraqa.unicity.net\/v5a-test\/items\/398d06b858b960f6f38086d40608aef2","id":{"unicity":"26560"},"weightEach":{"value":0},"servingsPerContainer":0,"servingSize":0},"quantity":1,"terms":{"priceEach":20.47,"taxEach":{"amount":1.84},"discountEach":{"amount":0},"pvEach":13}}]},"currency":"EUR"},{"lines":{"items":[{"item":{"href":"https:\/\/hydraqa.unicity.net\/v5a-test\/items\/e218d1cac5f31e7ae4f5876c29c57377","id":{"unicity":"29017"},"weightEach":{"value":0},"servingsPerContainer":0,"servingSize":0},"quantity":1,"terms":{"priceEach":37.29,"taxEach":{"amount":3.36},"discountEach":{"amount":0},"pvEach":23}}]},"currency":"EUR"},{"lines":{"items":[{"item":{"href":"https:\/\/hydraqa.unicity.net\/v5a-test\/items\/3f2d12d7a0e8551fc99fad3bbe1ba633","id":{"unicity":"26567"},"weightEach":{"value":0},"servingsPerContainer":0,"servingSize":0},"quantity":1,"terms":{"priceEach":55.98,"taxEach":{"amount":5.04},"discountEach":{"amount":0},"pvEach":26}}]},"currency":"EUR"},{"lines":{"items":[{"item":{"href":"https:\/\/hydraqa.unicity.net\/v5a-test\/items\/191637167cb3144bd2e8c4615e9ab67e","id":{"unicity":"26568"},"weightEach":{"value":0},"servingsPerContainer":0,"servingSize":0},"quantity":1,"terms":{"priceEach":55.98,"taxEach":{"amount":5.04},"discountEach":{"amount":0},"pvEach":26}}]},"currency":"EUR"},{"lines":{"items":[{"item":{"href":"https:\/\/hydraqa.unicity.net\/v5a-test\/items\/64ec7ad932acafab052a4e8800ad1238","id":{"unicity":"24758"},"weightEach":{"value":0},"servingsPerContainer":0,"servingSize":0},"quantity":1,"terms":{"priceEach":37.29,"taxEach":{"amount":3.36},"discountEach":{"amount":0},"pvEach":23}}]},"currency":"EUR"},{"lines":{"items":[{"item":{"href":"https:\/\/hydraqa.unicity.net\/v5a-test\/items\/606f7be753c74dfbfe4b107276775140","id":{"unicity":"29821"},"weightEach":{"value":0},"servingsPerContainer":0,"servingSize":0},"quantity":1,"terms":{"priceEach":79.35,"taxEach":{"amount":7.14},"discountEach":{"amount":0},"pvEach":59}}]},"currency":"EUR"},{"lines":{"items":[{"item":{"href":"https:\/\/hydraqa.unicity.net\/v5a-test\/items\/94939f9be900906d2b47260ccba22a7b","id":{"unicity":"32012"},"weightEach":{"value":0},"servingsPerContainer":0,"servingSize":0},"quantity":1,"terms":{"priceEach":13.93,"taxEach":{"amount":1.25},"discountEach":{"amount":0},"pvEach":6}}]},"currency":"EUR"},{"lines":{"items":[{"item":{"href":"https:\/\/hydraqa.unicity.net\/v5a-test\/items\/2c4c1abe00983e85aaa918d2ce341491","id":{"unicity":"17174"},"weightEach":{"value":0},"servingsPerContainer":0,"servingSize":0},"quantity":1,"terms":{"priceEach":37.29,"taxEach":{"amount":3.36},"discountEach":{"amount":0},"pvEach":23}}]},"currency":"EUR"},{"lines":{"items":[{"item":{"href":"https:\/\/hydraqa.unicity.net\/v5a-test\/items\/991cdbb84a495779eb209fb3956a77e4","id":{"unicity":"29183"},"weightEach":{"value":0},"servingsPerContainer":0,"servingSize":0},"quantity":1,"terms":{"priceEach":31.01,"taxEach":{"amount":6.51},"discountEach":{"amount":0},"pvEach":18}}]},"currency":"EUR"},{"lines":{"items":[{"item":{"href":"https:\/\/hydraqa.unicity.net\/v5a-test\/items\/0e78fbdfebef11cd62f8d2120064ee58","id":{"unicity":"30280"},"weightEach":{"value":0},"servingsPerContainer":0,"servingSize":0},"quantity":1,"terms":{"priceEach":33.53,"taxEach":{"amount":7.04},"discountEach":{"amount":0},"pvEach":20}}]},"currency":"EUR"},{"lines":{"items":[{"item":{"href":"https:\/\/hydraqa.unicity.net\/v5a-test\/items\/beb900429fbb160dbfc3001c14d96df4","id":{"unicity":"29187"},"weightEach":{"value":0},"servingsPerContainer":0,"servingSize":0},"quantity":1,"terms":{"priceEach":37.73,"taxEach":{"amount":7.92},"discountEach":{"amount":0},"pvEach":24}}]},"currency":"EUR"},{"lines":{"items":[{"item":{"href":"https:\/\/hydraqa.unicity.net\/v5a-test\/items\/1b0412bea8c0b841c66f65a36aa14108","id":{"unicity":"29191"},"weightEach":{"value":0},"servingsPerContainer":0,"servingSize":0},"quantity":1,"terms":{"priceEach":37.73,"taxEach":{"amount":7.92},"discountEach":{"amount":0},"pvEach":24}}]},"currency":"EUR"},{"lines":{"items":[{"item":{"href":"https:\/\/hydraqa.unicity.net\/v5a-test\/items\/52c87f74d3b41ed49b0f897b66c2a99b","id":{"unicity":"30684"},"weightEach":{"value":0},"servingsPerContainer":0,"servingSize":0},"quantity":1,"terms":{"priceEach":37.29,"taxEach":{"amount":3.36},"discountEach":{"amount":0},"pvEach":23}}]},"currency":"EUR"},{"lines":{"items":[{"item":{"href":"https:\/\/hydraqa.unicity.net\/v5a-test\/items\/90f38f77c9e6ea5a71aa7377df83760b","id":{"unicity":"30198"},"weightEach":{"value":0},"servingsPerContainer":0,"servingSize":0},"quantity":1,"terms":{"priceEach":19,"taxEach":{"amount":1.71},"discountEach":{"amount":0},"pvEach":16}}]},"currency":"EUR"},{"lines":{"items":[{"item":{"href":"https:\/\/hydraqa.unicity.net\/v5a-test\/items\/ab2a2b07b17718843a66bee04ff40624","id":{"unicity":"31402"},"weightEach":{"value":0},"servingsPerContainer":0,"servingSize":0},"quantity":1,"terms":{"priceEach":98.9,"taxEach":{"amount":8.9},"discountEach":{"amount":0},"pvEach":70}}]},"currency":"EUR"},{"lines":{"items":[{"item":{"href":"https:\/\/hydraqa.unicity.net\/v5a-test\/items\/7e5e7df32701fd44947c8146f2129f7a","id":{"unicity":"31672"},"weightEach":{"value":0},"servingsPerContainer":0,"servingSize":0},"quantity":1,"terms":{"priceEach":74.67,"taxEach":{"amount":6.72},"discountEach":{"amount":0},"pvEach":54}}]},"currency":"EUR"},{"lines":{"items":[{"item":{"href":"https:\/\/hydraqa.unicity.net\/v5a-test\/items\/493c2ba720f847422eccc5da35024f33","id":{"unicity":"31534"},"weightEach":{"value":0},"servingsPerContainer":0,"servingSize":0},"quantity":1,"terms":{"priceEach":26.07,"taxEach":{"amount":2.35},"discountEach":{"amount":0},"pvEach":16}}]},"currency":"EUR"},{"lines":{"items":[{"item":{"href":"https:\/\/hydraqa.unicity.net\/v5a-test\/items\/bfddb53fe0d5ed5432c531dc9850cbe4","id":{"unicity":"29449"},"weightEach":{"value":0},"servingsPerContainer":0,"servingSize":0},"quantity":1,"terms":{"priceEach":26.07,"taxEach":{"amount":2.35},"discountEach":{"amount":0},"pvEach":16}}]},"currency":"EUR"},{"lines":{"items":[{"item":{"href":"https:\/\/hydraqa.unicity.net\/v5a-test\/items\/75b870fdff12be635674216fe88d3204","id":{"unicity":"29984"},"weightEach":{"value":0},"servingsPerContainer":0,"servingSize":0},"quantity":1,"terms":{"priceEach":37.73,"taxEach":{"amount":7.92},"discountEach":{"amount":0},"pvEach":24}}]},"currency":"EUR"},{"lines":{"items":[{"item":{"href":"https:\/\/hydraqa.unicity.net\/v5a-test\/items\/4d23d73a0d3d3e5fe9c383822040a9b0","id":{"unicity":"32191"},"weightEach":{"value":0},"servingsPerContainer":0,"servingSize":0},"quantity":1,"terms":{"priceEach":1315.79,"taxEach":{"amount":118.42},"discountEach":{"amount":0},"pvEach":903}}]},"currency":"EUR"},{"lines":{"items":[{"item":{"href":"https:\/\/hydraqa.unicity.net\/v5a-test\/items\/e9fe58342fff74ec4f4430f7c622816e","id":{"unicity":"31870"},"weightEach":{"value":0},"servingsPerContainer":0,"servingSize":0},"quantity":1,"terms":{"priceEach":20.47,"taxEach":{"amount":1.84},"discountEach":{"amount":0},"pvEach":9}}]},"currency":"EUR"},{"lines":{"items":[{"item":{"href":"https:\/\/hydraqa.unicity.net\/v5a-test\/items\/fbb6dbd577adb73abaec364076fb288f","id":{"unicity":"32087"},"weightEach":{"value":0},"servingsPerContainer":0,"servingSize":0},"quantity":1,"terms":{"priceEach":20.47,"taxEach":{"amount":1.84},"discountEach":{"amount":0},"pvEach":9}}]},"currency":"EUR"},{"lines":{"items":[{"item":{"href":"https:\/\/hydraqa.unicity.net\/v5a-test\/items\/35dcc0035e442bbe6482f178ec38522c","id":{"unicity":"31868"},"weightEach":{"value":0},"servingsPerContainer":0,"servingSize":0},"quantity":1,"terms":{"priceEach":20.47,"taxEach":{"amount":1.84},"discountEach":{"amount":0},"pvEach":9}}]},"currency":"EUR"},{"lines":{"items":[{"item":{"href":"https:\/\/hydraqa.unicity.net\/v5a-test\/items\/baa263a2750aa330fbd9e5b96fdb2b55","id":{"unicity":"32609"},"weightEach":{"value":0},"servingsPerContainer":0,"servingSize":0},"quantity":1,"terms":{"priceEach":55.98,"taxEach":{"amount":0},"discountEach":{"amount":0},"pvEach":34}}]},"currency":"EUR"},{"lines":{"items":[{"item":{"href":"https:\/\/hydraqa.unicity.net\/v5a-test\/items\/34c8c6b0f454da738e64265f08c57a72","id":{"unicity":"31777"},"weightEach":{"value":0},"servingsPerContainer":0,"servingSize":0},"quantity":1,"terms":{"priceEach":6.22,"taxEach":{"amount":1.31},"discountEach":{"amount":0},"pvEach":3}}]},"currency":"EUR"},{"lines":{"items":[{"item":{"href":"https:\/\/hydraqa.unicity.net\/v5a-test\/items\/d7e1dd4b19a8672aed99e591356c0d48","id":{"unicity":"31932"},"weightEach":{"value":0},"servingsPerContainer":0,"servingSize":0},"quantity":1,"terms":{"priceEach":6.22,"taxEach":{"amount":1.31},"discountEach":{"amount":0},"pvEach":3}}]},"currency":"EUR"},{"lines":{"items":[{"item":{"href":"https:\/\/hydraqa.unicity.net\/v5a-test\/items\/7e80331c8c25f515174d3f894283a27c","id":{"unicity":"31781"},"weightEach":{"value":0},"servingsPerContainer":0,"servingSize":0},"quantity":1,"terms":{"priceEach":8.32,"taxEach":{"amount":1.75},"discountEach":{"amount":0},"pvEach":4}}]},"currency":"EUR"},{"lines":{"items":[{"item":{"href":"https:\/\/hydraqa.unicity.net\/v5a-test\/items\/04516be30bd9bf93e01536e7fc8f8716","id":{"unicity":"31779"},"weightEach":{"value":0},"servingsPerContainer":0,"servingSize":0},"quantity":1,"terms":{"priceEach":10,"taxEach":{"amount":2.1},"discountEach":{"amount":0},"pvEach":5}}]},"currency":"EUR"},{"lines":{"items":[{"item":{"href":"https:\/\/hydraqa.unicity.net\/v5a-test\/items\/1aa00306dc0006d365acd7436548f2e6","id":{"unicity":"31778"},"weightEach":{"value":0},"servingsPerContainer":0,"servingSize":0},"quantity":1,"terms":{"priceEach":12.52,"taxEach":{"amount":2.63},"discountEach":{"amount":0},"pvEach":6}}]},"currency":"EUR"},{"lines":{"items":[{"item":{"href":"https:\/\/hydraqa.unicity.net\/v5a-test\/items\/fc8583e3bf463b599fdcce05234bc137","id":{"unicity":"31780"},"weightEach":{"value":0},"servingsPerContainer":0,"servingSize":0},"quantity":1,"terms":{"priceEach":8.32,"taxEach":{"amount":1.75},"discountEach":{"amount":0},"pvEach":4}}]},"currency":"EUR"},{"lines":{"items":[{"item":{"href":"https:\/\/hydraqa.unicity.net\/v5a-test\/items\/8d3854b47de8e45d6fcdc194dffff601","id":{"unicity":"31782"},"weightEach":{"value":0},"servingsPerContainer":0,"servingSize":0},"quantity":1,"terms":{"priceEach":12.52,"taxEach":{"amount":2.63},"discountEach":{"amount":0},"pvEach":6}}]},"currency":"EUR"}]}
Entry request : {"order":{"customer":{"href":"https://hydraqa.unicity.net/v5a-test/customers?type=Associate"},"shipToAddress":{"country":"HU"}},"vary":{"lines":{"items":[{"item":{"href":"https://hydraqa.unicity.net/v5a-test/items?id.unicity=27160|27166|28601|28604|31336|31763|31951|31952|32128|32129|32130|32132|32133|32134|32135|32136|32137|32138|32125|18511|19941|26422|27156|27158|27617|27660|27587|31772|29317|32126|32127|29833|30139|29316|24274|24418|26442|27150|27163|27575|27395|15880|26560|29017|26567|26568|24758|29821|32012|17174|29181|29183|30280|29187|29191|30684|30198|29522|31402|31672|31534|29449|29984|32191|31870|32087|31868|32609|31777|31932|31781|31779|31778|31780|31782"}}]}}}
]]></system-out>
    <system-err><![CDATA[Starting ChromeDriver 2.36.540470 (e522d04694c7ebea4ba8821272dbef4f9b818c91) on port 48969
Only local connections are allowed.
Mar 17, 2020 10:59:31 AM org.openqa.selenium.remote.ProtocolHandshake createSession
INFO: Detected dialect: OSS
]]></system-err>
  </testcase>
  <testcase name="Enroll" classname="Tests.FranchisePartner" time="106.735"/>
  <testcase name="Enroll" classname="Tests.FranchisePartner" time="291.531">
    <failure message="Critical A-Z section not displaying" type="java.lang.AssertionError">java.lang.AssertionError: Critical A-Z section not displaying
	at Tests.FranchisePartner.Enroll(FranchisePartner.java:249)
</failure>
    <system-out><![CDATA[Request URL: https://hydraqa.unicity.net/v5a-test/quotes?&expand=item
Entry Quotes response : {"items":[{"lines":{"items":[{"item":{"href":"https:\/\/hydraqa.unicity.net\/v5a-test\/items\/ab2a2b07b17718843a66bee04ff40624","id":{"unicity":"31402"},"weightEach":{"value":0},"servingsPerContainer":0,"servingSize":0},"quantity":1,"terms":{"priceEach":100,"taxEach":{"amount":9.09},"discountEach":{"amount":0},"pvEach":70}}]},"currency":"EUR"}]}
Entry request : {"order":{"customer":{"href":"https://hydraqa.unicity.net/v5a-test/customers?type=Associate"},"shipToAddress":{"country":"IT"}},"vary":{"lines":{"items":[{"item":{"href":"https://hydraqa.unicity.net/v5a-test/items?id.unicity=25738|31336|31763|31951|31952|32128|32129|32130|32132|32133|32134|32135|32136|32137|32138|32125|18511|26422|27156|27660|28601|28604|27395|26560|26567|26568|24758|27610|31772|26671|27158|27587|29821|30139|29181|29183|30280|29187|29191|30198|31402|32126|32127|29833|20750|24274|24418|26442|27150|27163|27166|27436|30825|15880|32012|30684|31672|31534|29984|32191|31870|32087|31868|32609|31777|31932|31781|31782"}}]}}}
]]></system-out>
    <system-err><![CDATA[Starting ChromeDriver 2.36.540470 (e522d04694c7ebea4ba8821272dbef4f9b818c91) on port 14085
Only local connections are allowed.
Mar 17, 2020 11:05:03 AM org.openqa.selenium.remote.ProtocolHandshake createSession
INFO: Detected dialect: OSS
]]></system-err>
  </testcase>
  <testcase name="Enroll" classname="Tests.FranchisePartner" time="286.848">
    <failure message="Critical A-Z section not displaying" type="java.lang.AssertionError">java.lang.AssertionError: Critical A-Z section not displaying
	at Tests.FranchisePartner.Enroll(FranchisePartner.java:249)
</failure>
    <system-out><![CDATA[Request URL: https://hydraqa.unicity.net/v5a-test/quotes?&expand=item
Entry Quotes response : {"items":[{"lines":{"items":[{"item":{"href":"https:\/\/hydraqa.unicity.net\/v5a-test\/items\/ab2a2b07b17718843a66bee04ff40624","id":{"unicity":"31402"},"weightEach":{"value":0},"servingsPerContainer":0,"servingSize":0},"quantity":1,"terms":{"priceEach":100,"taxEach":{"amount":9.09},"discountEach":{"amount":0},"pvEach":70}}]},"currency":"EUR"}]}
Entry request : {"order":{"customer":{"href":"https://hydraqa.unicity.net/v5a-test/customers?type=Associate"},"shipToAddress":{"country":"IT"}},"vary":{"lines":{"items":[{"item":{"href":"https://hydraqa.unicity.net/v5a-test/items?id.unicity=25738|31336|31763|31951|31952|32128|32129|32130|32132|32133|32134|32135|32136|32137|32138|32125|18511|26422|27156|27660|28601|28604|27395|26560|26567|26568|24758|27610|31772|26671|27158|27587|29821|30139|29181|29183|30280|29187|29191|30198|31402|32126|32127|29833|20750|24274|24418|26442|27150|27163|27166|27436|30825|15880|32012|30684|31672|31534|29984|32191|31870|32087|31868|32609|31777|31932|31781|31782"}}]}}}
]]></system-out>
    <system-err><![CDATA[Starting ChromeDriver 2.36.540470 (e522d04694c7ebea4ba8821272dbef4f9b818c91) on port 31679
Only local connections are allowed.
Mar 17, 2020 11:10:01 AM org.openqa.selenium.remote.ProtocolHandshake createSession
INFO: Detected dialect: OSS
]]></system-err>
  </testcase>
  <testcase name="Enroll" classname="Tests.FranchisePartner" time="212.812"/>
  <testcase name="Enroll" classname="Tests.FranchisePartner" time="294.716"/>
  <testcase name="Enroll" classname="Tests.FranchisePartner" time="313.813">
    <failure message="Major Market expected [LU] but found [null]" type="java.lang.AssertionError">java.lang.AssertionError: Major Market expected [LU] but found [null]
	at Tests.FranchisePartner.Enroll(FranchisePartner.java:253)
</failure>
    <system-out><![CDATA[Request URL: https://hydraqa.unicity.net/v5a-test/quotes?&expand=item
Entry Quotes response : {"items":[{"lines":{"items":[{"item":{"href":"https:\/\/hydraqa.unicity.net\/v5a-test\/items\/ac37bf51ff7e4fe860da8457f6ce0425","id":{"unicity":"27166"},"weightEach":{"value":0},"servingsPerContainer":0,"servingSize":0},"quantity":1,"terms":{"priceEach":74.67,"taxEach":{"amount":6.72},"discountEach":{"amount":0},"pvEach":54}}]},"currency":"EUR"},{"lines":{"items":[{"item":{"href":"https:\/\/hydraqa.unicity.net\/v5a-test\/items\/6447f84f6ef7782049a369b983428bb7","id":{"unicity":"31336"},"weightEach":{"value":0},"servingsPerContainer":0,"servingSize":0},"quantity":1,"terms":{"priceEach":224.21,"taxEach":{"amount":20.18},"discountEach":{"amount":0},"pvEach":165}}]},"currency":"EUR"},{"lines":{"items":[{"item":{"href":"https:\/\/hydraqa.unicity.net\/v5a-test\/items\/e9991b48ac639367d526d2b9b22fac8c","id":{"unicity":"32128"},"weightEach":{"value":0},"servingsPerContainer":0,"servingSize":0},"quantity":1,"terms":{"priceEach":371.87,"taxEach":{"amount":33.47},"discountEach":{"amount":0},"pvEach":253}}]},"currency":"EUR"},{"lines":{"items":[{"item":{"href":"https:\/\/hydraqa.unicity.net\/v5a-test\/items\/40b3312de189221d96d838d33a8ec49d","id":{"unicity":"32129"},"weightEach":{"value":0},"servingsPerContainer":0,"servingSize":0},"quantity":1,"terms":{"priceEach":371.87,"taxEach":{"amount":33.47},"discountEach":{"amount":0},"pvEach":254}}]},"currency":"EUR"},{"lines":{"items":[{"item":{"href":"https:\/\/hydraqa.unicity.net\/v5a-test\/items\/6bd168a66ce41003a8f30917deff5808","id":{"unicity":"32130"},"weightEach":{"value":0},"servingsPerContainer":0,"servingSize":0},"quantity":1,"terms":{"priceEach":363.46,"taxEach":{"amount":32.71},"discountEach":{"amount":0},"pvEach":252}}]},"currency":"EUR"},{"lines":{"items":[{"item":{"href":"https:\/\/hydraqa.unicity.net\/v5a-test\/items\/806f99b793edd7cd0b1c158ba0eb3142","id":{"unicity":"32132"},"weightEach":{"value":0},"servingsPerContainer":0,"servingSize":0},"quantity":1,"terms":{"priceEach":355.98,"taxEach":{"amount":32.04},"discountEach":{"amount":0},"pvEach":253}}]},"currency":"EUR"},{"lines":{"items":[{"item":{"href":"https:\/\/hydraqa.unicity.net\/v5a-test\/items\/e3d382d99fde8659cb146b54116e7654","id":{"unicity":"32133"},"weightEach":{"value":0},"servingsPerContainer":0,"servingSize":0},"quantity":1,"terms":{"priceEach":364.39,"taxEach":{"amount":32.8},"discountEach":{"amount":0},"pvEach":252}}]},"currency":"EUR"},{"lines":{"items":[{"item":{"href":"https:\/\/hydraqa.unicity.net\/v5a-test\/items\/022f109fe6e5eae3e521295a5cb94c60","id":{"unicity":"32134"},"weightEach":{"value":0},"servingsPerContainer":0,"servingSize":0},"quantity":1,"terms":{"priceEach":144.77,"taxEach":{"amount":13.03},"discountEach":{"amount":0},"pvEach":101}}]},"currency":"EUR"},{"lines":{"items":[{"item":{"href":"https:\/\/hydraqa.unicity.net\/v5a-test\/items\/ded00960d5e948dd8e511a9c752e1ff9","id":{"unicity":"32135"},"weightEach":{"value":0},"servingsPerContainer":0,"servingSize":0},"quantity":1,"terms":{"priceEach":154.11,"taxEach":{"amount":13.87},"discountEach":{"amount":0},"pvEach":113}}]},"currency":"EUR"},{"lines":{"items":[{"item":{"href":"https:\/\/hydraqa.unicity.net\/v5a-test\/items\/166a69d45c4ae40278554e24d5f40443","id":{"unicity":"32137"},"weightEach":{"value":0},"servingsPerContainer":0,"servingSize":0},"quantity":1,"terms":{"priceEach":168.13,"taxEach":{"amount":15.13},"discountEach":{"amount":0},"pvEach":118}}]},"currency":"EUR"},{"lines":{"items":[{"item":{"href":"https:\/\/hydraqa.unicity.net\/v5a-test\/items\/d04a0b8762b20202b6273114fb7302d1","id":{"unicity":"32138"},"weightEach":{"value":0},"servingsPerContainer":0,"servingSize":0},"quantity":1,"terms":{"priceEach":224.21,"taxEach":{"amount":20.18},"discountEach":{"amount":0},"pvEach":152}}]},"currency":"EUR"},{"lines":{"items":[{"item":{"href":"https:\/\/hydraqa.unicity.net\/v5a-test\/items\/e13d0b5c40704ad5dd186959367c97f1","id":{"unicity":"32125"},"weightEach":{"value":0},"servingsPerContainer":0,"servingSize":0},"quantity":1,"terms":{"priceEach":373.74,"taxEach":{"amount":33.64},"discountEach":{"amount":0},"pvEach":250}}]},"currency":"EUR"},{"lines":{"items":[{"item":{"href":"https:\/\/hydraqa.unicity.net\/v5a-test\/items\/7e80331c8c25f515174d3f894283a27c","id":{"unicity":"31781"},"weightEach":{"value":0},"servingsPerContainer":0,"servingSize":0},"quantity":1,"terms":{"priceEach":8.32,"taxEach":{"amount":1.75},"discountEach":{"amount":0},"pvEach":4}}]},"currency":"EUR"},{"lines":{"items":[{"item":{"href":"https:\/\/hydraqa.unicity.net\/v5a-test\/items\/c451532f63a06f0e9a054e946a1a1c3b","id":{"unicity":"18511"},"weightEach":{"value":0},"servingsPerContainer":0,"servingSize":0},"quantity":1,"terms":{"priceEach":37.29,"taxEach":{"amount":3.36},"discountEach":{"amount":0},"pvEach":23}}]},"currency":"EUR"},{"lines":{"items":[{"item":{"href":"https:\/\/hydraqa.unicity.net\/v5a-test\/items\/9752a919e28f96747163918165b46f23","id":{"unicity":"19941"},"weightEach":{"value":558},"servingsPerContainer":15,"servingSize":0},"quantity":1,"terms":{"priceEach":32.62,"taxEach":{"amount":2.94},"discountEach":{"amount":0},"pvEach":20}}]},"currency":"EUR"},{"lines":{"items":[{"item":{"href":"https:\/\/hydraqa.unicity.net\/v5a-test\/items\/0a15bca7998650f24be13b5a2610741f","id":{"unicity":"20751"},"weightEach":{"value":0},"servingsPerContainer":0,"servingSize":0},"quantity":1,"terms":{"priceEach":25.86,"taxEach":{"amount":0},"discountEach":{"amount":0},"pvEach":0}}]},"currency":"EUR"},{"lines":{"items":[{"item":{"href":"https:\/\/hydraqa.unicity.net\/v5a-test\/items\/1945faa1776541d53120ecfe3c1d8a2b","id":{"unicity":"24418"},"weightEach":{"value":0},"servingsPerContainer":0,"servingSize":0},"quantity":1,"terms":{"priceEach":4.96,"taxEach":{"amount":1.04},"discountEach":{"amount":0},"pvEach":0}}]},"currency":"EUR"},{"lines":{"items":[{"item":{"href":"https:\/\/hydraqa.unicity.net\/v5a-test\/items\/4e49c95f12ae7be78e5ffab68b8b3ca6","id":{"unicity":"26422"},"weightEach":{"value":0},"servingsPerContainer":0,"servingSize":0},"quantity":1,"terms":{"priceEach":19,"taxEach":{"amount":1.71},"discountEach":{"amount":0},"pvEach":16}}]},"currency":"EUR"},{"lines":{"items":[{"item":{"href":"https:\/\/hydraqa.unicity.net\/v5a-test\/items\/10da226fab00279b4f89df10af2a10b7","id":{"unicity":"26442"},"weightEach":{"value":0},"servingsPerContainer":0,"servingSize":0},"quantity":1,"terms":{"priceEach":5.8,"taxEach":{"amount":1.22},"discountEach":{"amount":0},"pvEach":0}}]},"currency":"EUR"},{"lines":{"items":[{"item":{"href":"https:\/\/hydraqa.unicity.net\/v5a-test\/items\/50e73ecfa509ac20c4a250f9cb32fdfc","id":{"unicity":"27156"},"weightEach":{"value":0},"servingsPerContainer":0,"servingSize":0},"quantity":1,"terms":{"priceEach":20.47,"taxEach":{"amount":1.84},"discountEach":{"amount":0},"pvEach":13}}]},"currency":"EUR"},{"lines":{"items":[{"item":{"href":"https:\/\/hydraqa.unicity.net\/v5a-test\/items\/d92292ba2f23c030e4a1f63eb3ebe1ce","id":{"unicity":"27158"},"weightEach":{"value":0},"servingsPerContainer":0,"servingSize":0},"quantity":1,"terms":{"priceEach":27.94,"taxEach":{"amount":2.51},"discountEach":{"amount":0},"pvEach":23}}]},"currency":"EUR"},{"lines":{"items":[{"item":{"href":"https:\/\/hydraqa.unicity.net\/v5a-test\/items\/0d3b8d4f7c4d4082db1b4ecffb6693fb","id":{"unicity":"27160"},"weightEach":{"value":0},"servingsPerContainer":0,"servingSize":0},"quantity":1,"terms":{"priceEach":74.67,"taxEach":{"amount":6.72},"discountEach":{"amount":0},"pvEach":53}}]},"currency":"EUR"},{"lines":{"items":[{"item":{"href":"https:\/\/hydraqa.unicity.net\/v5a-test\/items\/a7bda1cb4a35343e52791aba56debc4a","id":{"unicity":"27617"},"weightEach":{"value":0},"servingsPerContainer":0,"servingSize":0},"quantity":1,"terms":{"priceEach":29.81,"taxEach":{"amount":2.68},"discountEach":{"amount":0},"pvEach":18}}]},"currency":"EUR"},{"lines":{"items":[{"item":{"href":"https:\/\/hydraqa.unicity.net\/v5a-test\/items\/a36d9fdd0fd7561e6180fb5b2ff27164","id":{"unicity":"27660"},"weightEach":{"value":0},"servingsPerContainer":0,"servingSize":0},"quantity":1,"terms":{"priceEach":31.68,"taxEach":{"amount":2.85},"discountEach":{"amount":0},"pvEach":18}}]},"currency":"EUR"},{"lines":{"items":[{"item":{"href":"https:\/\/hydraqa.unicity.net\/v5a-test\/items\/112b8c39286598b3730f630f371a45f4","id":{"unicity":"27587"},"weightEach":{"value":0},"servingsPerContainer":0,"servingSize":0},"quantity":1,"terms":{"priceEach":55.98,"taxEach":{"amount":5.04},"discountEach":{"amount":0},"pvEach":34}}]},"currency":"EUR"},{"lines":{"items":[{"item":{"href":"https:\/\/hydraqa.unicity.net\/v5a-test\/items\/0c0717a26fcfe40310e906487e8a12f7","id":{"unicity":"28601"},"weightEach":{"value":0},"servingsPerContainer":0,"servingSize":0},"quantity":1,"terms":{"priceEach":74.67,"taxEach":{"amount":6.72},"discountEach":{"amount":0},"pvEach":54}}]},"currency":"EUR"},{"lines":{"items":[{"item":{"href":"https:\/\/hydraqa.unicity.net\/v5a-test\/items\/4790a55c442b5dc75a13b155e78c1842","id":{"unicity":"28604"},"weightEach":{"value":0},"servingsPerContainer":0,"servingSize":0},"quantity":1,"terms":{"priceEach":74.67,"taxEach":{"amount":6.72},"discountEach":{"amount":0},"pvEach":54}}]},"currency":"EUR"},{"lines":{"items":[{"item":{"href":"https:\/\/hydraqa.unicity.net\/v5a-test\/items\/0eebdede5bdb8bf4d71e800b6f3cead1","id":{"unicity":"30825"},"weightEach":{"value":0},"servingsPerContainer":0,"servingSize":0},"quantity":1,"terms":{"priceEach":37.29,"taxEach":{"amount":3.36},"discountEach":{"amount":0},"pvEach":23}}]},"currency":"EUR"},{"lines":{"items":[{"item":{"href":"https:\/\/hydraqa.unicity.net\/v5a-test\/items\/398d06b858b960f6f38086d40608aef2","id":{"unicity":"26560"},"weightEach":{"value":0},"servingsPerContainer":0,"servingSize":0},"quantity":1,"terms":{"priceEach":20.47,"taxEach":{"amount":1.84},"discountEach":{"amount":0},"pvEach":13}}]},"currency":"EUR"},{"lines":{"items":[{"item":{"href":"https:\/\/hydraqa.unicity.net\/v5a-test\/items\/e218d1cac5f31e7ae4f5876c29c57377","id":{"unicity":"29017"},"weightEach":{"value":0},"servingsPerContainer":0,"servingSize":0},"quantity":1,"terms":{"priceEach":37.29,"taxEach":{"amount":3.36},"discountEach":{"amount":0},"pvEach":23}}]},"currency":"EUR"},{"lines":{"items":[{"item":{"href":"https:\/\/hydraqa.unicity.net\/v5a-test\/items\/3f2d12d7a0e8551fc99fad3bbe1ba633","id":{"unicity":"26567"},"weightEach":{"value":0},"servingsPerContainer":0,"servingSize":0},"quantity":1,"terms":{"priceEach":55.98,"taxEach":{"amount":5.04},"discountEach":{"amount":0},"pvEach":26}}]},"currency":"EUR"},{"lines":{"items":[{"item":{"href":"https:\/\/hydraqa.unicity.net\/v5a-test\/items\/191637167cb3144bd2e8c4615e9ab67e","id":{"unicity":"26568"},"weightEach":{"value":0},"servingsPerContainer":0,"servingSize":0},"quantity":1,"terms":{"priceEach":55.98,"taxEach":{"amount":5.04},"discountEach":{"amount":0},"pvEach":26}}]},"currency":"EUR"},{"lines":{"items":[{"item":{"href":"https:\/\/hydraqa.unicity.net\/v5a-test\/items\/64ec7ad932acafab052a4e8800ad1238","id":{"unicity":"24758"},"weightEach":{"value":0},"servingsPerContainer":0,"servingSize":0},"quantity":1,"terms":{"priceEach":37.29,"taxEach":{"amount":3.36},"discountEach":{"amount":0},"pvEach":23}}]},"currency":"EUR"},{"lines":{"items":[{"item":{"href":"https:\/\/hydraqa.unicity.net\/v5a-test\/items\/2c4c1abe00983e85aaa918d2ce341491","id":{"unicity":"17174"},"weightEach":{"value":0},"servingsPerContainer":0,"servingSize":0},"quantity":1,"terms":{"priceEach":37.29,"taxEach":{"amount":3.36},"discountEach":{"amount":0},"pvEach":23}}]},"currency":"EUR"},{"lines":{"items":[{"item":{"href":"https:\/\/hydraqa.unicity.net\/v5a-test\/items\/991cdbb84a495779eb209fb3956a77e4","id":{"unicity":"29183"},"weightEach":{"value":0},"servingsPerContainer":0,"servingSize":0},"quantity":1,"terms":{"priceEach":31.01,"taxEach":{"amount":6.51},"discountEach":{"amount":0},"pvEach":18}}]},"currency":"EUR"},{"lines":{"items":[{"item":{"href":"https:\/\/hydraqa.unicity.net\/v5a-test\/items\/0e78fbdfebef11cd62f8d2120064ee58","id":{"unicity":"30280"},"weightEach":{"value":0},"servingsPerContainer":0,"servingSize":0},"quantity":1,"terms":{"priceEach":33.53,"taxEach":{"amount":7.04},"discountEach":{"amount":0},"pvEach":20}}]},"currency":"EUR"},{"lines":{"items":[{"item":{"href":"https:\/\/hydraqa.unicity.net\/v5a-test\/items\/beb900429fbb160dbfc3001c14d96df4","id":{"unicity":"29187"},"weightEach":{"value":0},"servingsPerContainer":0,"servingSize":0},"quantity":1,"terms":{"priceEach":37.73,"taxEach":{"amount":7.92},"discountEach":{"amount":0},"pvEach":24}}]},"currency":"EUR"},{"lines":{"items":[{"item":{"href":"https:\/\/hydraqa.unicity.net\/v5a-test\/items\/1b0412bea8c0b841c66f65a36aa14108","id":{"unicity":"29191"},"weightEach":{"value":0},"servingsPerContainer":0,"servingSize":0},"quantity":1,"terms":{"priceEach":37.73,"taxEach":{"amount":7.92},"discountEach":{"amount":0},"pvEach":24}}]},"currency":"EUR"},{"lines":{"items":[{"item":{"href":"https:\/\/hydraqa.unicity.net\/v5a-test\/items\/ab2a2b07b17718843a66bee04ff40624","id":{"unicity":"31402"},"weightEach":{"value":0},"servingsPerContainer":0,"servingSize":0},"quantity":1,"terms":{"priceEach":98.9,"taxEach":{"amount":8.9},"discountEach":{"amount":0},"pvEach":70}}]},"currency":"EUR"},{"lines":{"items":[{"item":{"href":"https:\/\/hydraqa.unicity.net\/v5a-test\/items\/db0a2b02eaabc5ad45fe91ba5c7bcf5a","id":{"unicity":"31772"},"weightEach":{"value":0},"servingsPerContainer":0,"servingSize":0},"quantity":1,"terms":{"priceEach":8.32,"taxEach":{"amount":1.75},"discountEach":{"amount":0},"pvEach":0}}]},"currency":"EUR"},{"lines":{"items":[{"item":{"href":"https:\/\/hydraqa.unicity.net\/v5a-test\/items\/17d9b2043675ed6e748fd6a3d175610f","id":{"unicity":"29316"},"weightEach":{"value":0},"servingsPerContainer":0,"servingSize":0},"quantity":1,"terms":{"priceEach":25.21,"taxEach":{"amount":5.29},"discountEach":{"amount":0},"pvEach":0}}]},"currency":"EUR"},{"lines":{"items":[{"item":{"href":"https:\/\/hydraqa.unicity.net\/v5a-test\/items\/2262fdd5af916c31df08089c191735c1","id":{"unicity":"29317"},"weightEach":{"value":0},"servingsPerContainer":0,"servingSize":0},"quantity":1,"terms":{"priceEach":25.21,"taxEach":{"amount":5.29},"discountEach":{"amount":0},"pvEach":0}}]},"currency":"EUR"},{"lines":{"items":[{"item":{"href":"https:\/\/hydraqa.unicity.net\/v5a-test\/items\/80bd31e53fc2ab591f2edd6895b99c93","id":{"unicity":"29371"},"weightEach":{"value":0},"servingsPerContainer":0,"servingSize":0},"quantity":1,"terms":{"priceEach":25,"taxEach":{"amount":5.25},"discountEach":{"amount":0},"pvEach":0}}]},"currency":"EUR"},{"lines":{"items":[{"item":{"href":"https:\/\/hydraqa.unicity.net\/v5a-test\/items\/217ca02fbd24e21ca5281412756238ab","id":{"unicity":"32126"},"weightEach":{"value":0},"servingsPerContainer":0,"servingSize":0},"quantity":1,"terms":{"priceEach":152.24,"taxEach":{"amount":14.7},"discountEach":{"amount":0},"pvEach":101}}]},"currency":"EUR"},{"lines":{"items":[{"item":{"href":"https:\/\/hydraqa.unicity.net\/v5a-test\/items\/808008a0657d2033ad471c39bbce9891","id":{"unicity":"32127"},"weightEach":{"value":0},"servingsPerContainer":0,"servingSize":0},"quantity":1,"terms":{"priceEach":162.34,"taxEach":{"amount":15.61},"discountEach":{"amount":0},"pvEach":113}}]},"currency":"EUR"},{"lines":{"items":[{"item":{"href":"https:\/\/hydraqa.unicity.net\/v5a-test\/items\/2f1d0aa90494ae2e08035922c701f968","id":{"unicity":"29832"},"weightEach":{"value":0},"servingsPerContainer":0,"servingSize":0},"quantity":1,"terms":{"priceEach":47.57,"taxEach":{"amount":4.28},"discountEach":{"amount":0},"pvEach":39}}]},"currency":"EUR"},{"lines":{"items":[{"item":{"href":"https:\/\/hydraqa.unicity.net\/v5a-test\/items\/10df0fc3509b53cbeaeb9476ca92d520","id":{"unicity":"29833"},"weightEach":{"value":0},"servingsPerContainer":0,"servingSize":0},"quantity":1,"terms":{"priceEach":90.56,"taxEach":{"amount":8.15},"discountEach":{"amount":0},"pvEach":69}}]},"currency":"EUR"},{"lines":{"items":[{"item":{"href":"https:\/\/hydraqa.unicity.net\/v5a-test\/items\/332daeac6796ed016ea8b7d0bc42c2d4","id":{"unicity":"24274"},"weightEach":{"value":0},"servingsPerContainer":0,"servingSize":0},"quantity":1,"terms":{"priceEach":7.48,"taxEach":{"amount":1.57},"discountEach":{"amount":0},"pvEach":0}}]},"currency":"EUR"},{"lines":{"items":[{"item":{"href":"https:\/\/hydraqa.unicity.net\/v5a-test\/items\/5147f8cfe32548e02fc158d4da9c4d6f","id":{"unicity":"27150"},"weightEach":{"value":0},"servingsPerContainer":0,"servingSize":0},"quantity":1,"terms":{"priceEach":93.36,"taxEach":{"amount":8.4},"discountEach":{"amount":0},"pvEach":70}}]},"currency":"EUR"},{"lines":{"items":[{"item":{"href":"https:\/\/hydraqa.unicity.net\/v5a-test\/items\/03eba2365025ccd85818846a83a16f47","id":{"unicity":"27163"},"weightEach":{"value":0},"servingsPerContainer":0,"servingSize":0},"quantity":1,"terms":{"priceEach":74.67,"taxEach":{"amount":6.72},"discountEach":{"amount":0},"pvEach":54}}]},"currency":"EUR"},{"lines":{"items":[{"item":{"href":"https:\/\/hydraqa.unicity.net\/v5a-test\/items\/7d4ad2792f7056e5f81eb24f118ef737","id":{"unicity":"27575"},"weightEach":{"value":0},"servingsPerContainer":0,"servingSize":0},"quantity":1,"terms":{"priceEach":55.98,"taxEach":{"amount":5.04},"discountEach":{"amount":0},"pvEach":34}}]},"currency":"EUR"},{"lines":{"items":[{"item":{"href":"https:\/\/hydraqa.unicity.net\/v5a-test\/items\/606f7be753c74dfbfe4b107276775140","id":{"unicity":"29821"},"weightEach":{"value":0},"servingsPerContainer":0,"servingSize":0},"quantity":1,"terms":{"priceEach":79.35,"taxEach":{"amount":7.14},"discountEach":{"amount":0},"pvEach":59}}]},"currency":"EUR"},{"lines":{"items":[{"item":{"href":"https:\/\/hydraqa.unicity.net\/v5a-test\/items\/94939f9be900906d2b47260ccba22a7b","id":{"unicity":"32012"},"weightEach":{"value":0},"servingsPerContainer":0,"servingSize":0},"quantity":1,"terms":{"priceEach":13.93,"taxEach":{"amount":1.25},"discountEach":{"amount":0},"pvEach":6}}]},"currency":"EUR"},{"lines":{"items":[{"item":{"href":"https:\/\/hydraqa.unicity.net\/v5a-test\/items\/52c87f74d3b41ed49b0f897b66c2a99b","id":{"unicity":"30684"},"weightEach":{"value":0},"servingsPerContainer":0,"servingSize":0},"quantity":1,"terms":{"priceEach":37.29,"taxEach":{"amount":3.36},"discountEach":{"amount":0},"pvEach":23}}]},"currency":"EUR"},{"lines":{"items":[{"item":{"href":"https:\/\/hydraqa.unicity.net\/v5a-test\/items\/90f38f77c9e6ea5a71aa7377df83760b","id":{"unicity":"30198"},"weightEach":{"value":0},"servingsPerContainer":0,"servingSize":0},"quantity":1,"terms":{"priceEach":19,"taxEach":{"amount":1.71},"discountEach":{"amount":0},"pvEach":16}}]},"currency":"EUR"},{"lines":{"items":[{"item":{"href":"https:\/\/hydraqa.unicity.net\/v5a-test\/items\/7e5e7df32701fd44947c8146f2129f7a","id":{"unicity":"31672"},"weightEach":{"value":0},"servingsPerContainer":0,"servingSize":0},"quantity":1,"terms":{"priceEach":74.67,"taxEach":{"amount":6.72},"discountEach":{"amount":0},"pvEach":54}}]},"currency":"EUR"},{"lines":{"items":[{"item":{"href":"https:\/\/hydraqa.unicity.net\/v5a-test\/items\/493c2ba720f847422eccc5da35024f33","id":{"unicity":"31534"},"weightEach":{"value":0},"servingsPerContainer":0,"servingSize":0},"quantity":1,"terms":{"priceEach":26.07,"taxEach":{"amount":2.35},"discountEach":{"amount":0},"pvEach":16}}]},"currency":"EUR"},{"lines":{"items":[{"item":{"href":"https:\/\/hydraqa.unicity.net\/v5a-test\/items\/bfddb53fe0d5ed5432c531dc9850cbe4","id":{"unicity":"29449"},"weightEach":{"value":0},"servingsPerContainer":0,"servingSize":0},"quantity":1,"terms":{"priceEach":26.07,"taxEach":{"amount":2.35},"discountEach":{"amount":0},"pvEach":16}}]},"currency":"EUR"},{"lines":{"items":[{"item":{"href":"https:\/\/hydraqa.unicity.net\/v5a-test\/items\/75b870fdff12be635674216fe88d3204","id":{"unicity":"29984"},"weightEach":{"value":0},"servingsPerContainer":0,"servingSize":0},"quantity":1,"terms":{"priceEach":37.73,"taxEach":{"amount":7.92},"discountEach":{"amount":0},"pvEach":24}}]},"currency":"EUR"},{"lines":{"items":[{"item":{"href":"https:\/\/hydraqa.unicity.net\/v5a-test\/items\/4d23d73a0d3d3e5fe9c383822040a9b0","id":{"unicity":"32191"},"weightEach":{"value":0},"servingsPerContainer":0,"servingSize":0},"quantity":1,"terms":{"priceEach":1315.79,"taxEach":{"amount":118.42},"discountEach":{"amount":0},"pvEach":903}}]},"currency":"EUR"},{"lines":{"items":[{"item":{"href":"https:\/\/hydraqa.unicity.net\/v5a-test\/items\/e9fe58342fff74ec4f4430f7c622816e","id":{"unicity":"31870"},"weightEach":{"value":0},"servingsPerContainer":0,"servingSize":0},"quantity":1,"terms":{"priceEach":20.47,"taxEach":{"amount":1.84},"discountEach":{"amount":0},"pvEach":9}}]},"currency":"EUR"},{"lines":{"items":[{"item":{"href":"https:\/\/hydraqa.unicity.net\/v5a-test\/items\/fbb6dbd577adb73abaec364076fb288f","id":{"unicity":"32087"},"weightEach":{"value":0},"servingsPerContainer":0,"servingSize":0},"quantity":1,"terms":{"priceEach":20.47,"taxEach":{"amount":1.84},"discountEach":{"amount":0},"pvEach":9}}]},"currency":"EUR"},{"lines":{"items":[{"item":{"href":"https:\/\/hydraqa.unicity.net\/v5a-test\/items\/35dcc0035e442bbe6482f178ec38522c","id":{"unicity":"31868"},"weightEach":{"value":0},"servingsPerContainer":0,"servingSize":0},"quantity":1,"terms":{"priceEach":20.47,"taxEach":{"amount":1.84},"discountEach":{"amount":0},"pvEach":9}}]},"currency":"EUR"},{"lines":{"items":[{"item":{"href":"https:\/\/hydraqa.unicity.net\/v5a-test\/items\/baa263a2750aa330fbd9e5b96fdb2b55","id":{"unicity":"32609"},"weightEach":{"value":0},"servingsPerContainer":0,"servingSize":0},"quantity":1,"terms":{"priceEach":55.98,"taxEach":{"amount":0},"discountEach":{"amount":0},"pvEach":34}}]},"currency":"EUR"},{"lines":{"items":[{"item":{"href":"https:\/\/hydraqa.unicity.net\/v5a-test\/items\/34c8c6b0f454da738e64265f08c57a72","id":{"unicity":"31777"},"weightEach":{"value":0},"servingsPerContainer":0,"servingSize":0},"quantity":1,"terms":{"priceEach":6.22,"taxEach":{"amount":1.31},"discountEach":{"amount":0},"pvEach":3}}]},"currency":"EUR"},{"lines":{"items":[{"item":{"href":"https:\/\/hydraqa.unicity.net\/v5a-test\/items\/d7e1dd4b19a8672aed99e591356c0d48","id":{"unicity":"31932"},"weightEach":{"value":0},"servingsPerContainer":0,"servingSize":0},"quantity":1,"terms":{"priceEach":6.22,"taxEach":{"amount":1.31},"discountEach":{"amount":0},"pvEach":3}}]},"currency":"EUR"},{"lines":{"items":[{"item":{"href":"https:\/\/hydraqa.unicity.net\/v5a-test\/items\/04516be30bd9bf93e01536e7fc8f8716","id":{"unicity":"31779"},"weightEach":{"value":0},"servingsPerContainer":0,"servingSize":0},"quantity":1,"terms":{"priceEach":10,"taxEach":{"amount":2.1},"discountEach":{"amount":0},"pvEach":5}}]},"currency":"EUR"},{"lines":{"items":[{"item":{"href":"https:\/\/hydraqa.unicity.net\/v5a-test\/items\/1aa00306dc0006d365acd7436548f2e6","id":{"unicity":"31778"},"weightEach":{"value":0},"servingsPerContainer":0,"servingSize":0},"quantity":1,"terms":{"priceEach":12.52,"taxEach":{"amount":2.63},"discountEach":{"amount":0},"pvEach":6}}]},"currency":"EUR"},{"lines":{"items":[{"item":{"href":"https:\/\/hydraqa.unicity.net\/v5a-test\/items\/fc8583e3bf463b599fdcce05234bc137","id":{"unicity":"31780"},"weightEach":{"value":0},"servingsPerContainer":0,"servingSize":0},"quantity":1,"terms":{"priceEach":8.32,"taxEach":{"amount":1.75},"discountEach":{"amount":0},"pvEach":4}}]},"currency":"EUR"},{"lines":{"items":[{"item":{"href":"https:\/\/hydraqa.unicity.net\/v5a-test\/items\/8d3854b47de8e45d6fcdc194dffff601","id":{"unicity":"31782"},"weightEach":{"value":0},"servingsPerContainer":0,"servingSize":0},"quantity":1,"terms":{"priceEach":12.52,"taxEach":{"amount":2.63},"discountEach":{"amount":0},"pvEach":6}}]},"currency":"EUR"}]}
Entry request : {"order":{"customer":{"href":"https://hydraqa.unicity.net/v5a-test/customers?type=Associate"},"shipToAddress":{"country":"LU"}},"vary":{"lines":{"items":[{"item":{"href":"https://hydraqa.unicity.net/v5a-test/items?id.unicity=27166|31336|31951|31952|32128|32129|32130|32132|32133|32134|32135|32136|32137|32138|32125|31781|18511|19941|20751|24418|26422|26442|27156|27158|27160|27617|27660|27587|28601|28604|30825|27395|15880|26560|29017|26567|26568|24758|17174|29181|29183|30280|29187|29191|29522|31402|31772|29316|29317|29371|30139|32126|32127|29832|29833|24274|27150|27163|27575|29821|32012|30684|30198|31672|31534|29449|29984|32191|31870|32087|31868|32609|31777|31932|31779|31778|31780|31782"}}]}}}
Request URL: https://hydraqa.unicity.net/v5a-test/customers.js?callback=angular.callbacks._1&expand=customer,profilePicture&id.unicity=2
Request URL: https://hydraqa.unicity.net/v5a-test/customers.js?_httpMethod=HEAD&callback=angular.callbacks._7&email=PVWWZB@gmail.com
Request URL: https://hydraqa.unicity.net/v5a-test/shippingmethods.js?callback=angular.callbacks._a&destination=LU&market=LU
{sponsor=2, gender=female, city=TestCity, signature=TestSignature, cartprice=162.34, enroller=2, responsedob=1990-05-02, arpack=Weight Management Essentials, language=Français, locale=fr, type=Associate, coapplicanttype=company, platform=QA, lname=TestLastName, password=Unicity, genderoption=Féminin, Currency=EUR, api=7, companynametype=SoleProprietorship, fax=8217647322, email=PVWWZB@gmail.com, coapplicant=TestCompanyName, zip=1234, fname=TestFirstName, prefferd=Luxembourg, address2=Address 2, address1=Address 1, shippingmethod=type=Economy, version=v5a-test/, testcase=normal, market=Luxembourg, aritemcode=32133, referral=yes, phone=9823746323, dob=02/05/1990, proto=https://hydraqa.unicity.net/, marketcode=LU, ccname=CCNameTest}
Request URL: https://hydraqa.unicity.net/v5a-test/orders.js
Entry request : {"customer":{"mainAddress":{"city":"TestCity","country":"LU","zip":"1234","address1":"Address 1","address2":"Address 2"},"humanName":{"firstName":"TestFirstName","lastName":"TestLastName"},"email":"PVWWZB@gmail.com","preferredLocale":"fr-LU","password":{"value":"Unicity"},"gender":"female","maritalStatus":null,"type":"Associate","sponsor":{"href":"https://hydraqa.unicity.net/v5a-test/customers?id.unicity=2"},"enroller":{"href":"https://hydraqa.unicity.net/v5a-test/customers?id.unicity=2"},"homePhone":"9823746323","birthDate":"1990-05-02","autoorders":{"items":[{"recurrence":{"schedule":{"month":"*","dayOfMonth":"5"},"status":"Enabled"},"lines":{"items":[{"item":{"href":"https://hydraqa.unicity.net/v5a-test/items?id.unicity=32133"},"quantity":1}]},"shipToName":{"firstName":"TestFirstName","lastName":"TestLastName"},"shipToPhone":"9823746323","shipToEmail":"PVWWZB@gmail.com","shipToAddress":{"city":"TestCity","country":"LU","address1":"Address 1","address2":"Address 2","zip":"1234"},"shippingMethod":{"href":"https://hydraqa.unicity.net/v5a-test/shippingmethods?type=Economy"},"transactions":{"items":[{"amount":"this.terms.total","type":"AuthorizeAndCapture","method":"CreditCard","methodDetails":{"creditCardNumber":"4111111111111111","payer":"CCNameTest","creditCardExpires":"2020-10","creditCardSecurityCode":"123"}}]}}]},"depositBankAccount":{"bankName":"Paylution","accountType":"PrepaidCard"},"businessEntity":{"companyName":"TestCompanyName","legalType":"Corporation"},"rights":[{"holder":"Upline","type":"SendEmails"}],"signature":{"value":"TestSignature"},"faxNumber":"8217647322"},"lines":{"items":[{"item":{"href":"https://hydraqa.unicity.net/v5a-test/items?id.unicity=32127"},"quantity":1}]},"shipToName":{"firstName":"TestFirstName","lastName":"TestLastName"},"shipToPhone":"9823746323","shipToEmail":"PVWWZB@gmail.com","shipToAddress":{"city":"TestCity","country":"LU","address1":"Address 1","address2":"Address 2","zip":"1234"},"shippingMethod":{"href":"https://hydraqa.unicity.net/v5a-test/shippingmethods?type=Economy"},"notes":"","transactions":{"items":[{"amount":"this.terms.total","type":"AuthorizeAndCapture","method":"CreditCard","methodDetails":{"creditCardNumber":"4111111111111111","payer":"CCNameTest","creditCardExpires":"2020-10","creditCardSecurityCode":"123"}}]}}
Entry response : {"meta":{"Link":"<http:\/\/unicity.github.io\/Hydra.php\/docs\/v5\/>; rel=\"help\"","X-Request-UUID":"d52fe0a5-73ea-42ae-887c-f05b35ed761e","X-Request-Release":"5-2020030902\/master","Cache-Control":"no-cache, must-revalidate","Expires":"0","X-Powered-By":"Luracast Restler v3.0.0rc5","Content-Type":"text\/javascript; charset=utf-8","Content-Language":"en","X-Status-Code":"449"},"data":{"error":{"code":449,"message":"Retry With","error_code":"3449","error_message":"Order can't be immediately processed. Please retry. Error #Y7X4E","retry_in_seconds":60}}}
Headers-->keep-alive
Headers-->2308
Headers-->application/json, text/plain, */*
Headers-->http://enroll.ng.unicityqa.com
Headers-->empty
Headers-->fr-LU
]]></system-out>
    <system-err><![CDATA[Starting ChromeDriver 2.36.540470 (e522d04694c7ebea4ba8821272dbef4f9b818c91) on port 13301
Only local connections are allowed.
Mar 17, 2020 11:23:36 AM org.openqa.selenium.remote.ProtocolHandshake createSession
INFO: Detected dialect: OSS
]]></system-err>
  </testcase>
  <testcase name="Enroll" classname="Tests.FranchisePartner" time="317.274"/>
  <testcase name="Enroll" classname="Tests.FranchisePartner" time="317.259"/>
  <testcase name="Enroll" classname="Tests.FranchisePartner" time="212.464"/>
  <testcase name="Enroll" classname="Tests.FranchisePartner" time="321.274"/>
  <testcase name="Enroll" classname="Tests.FranchisePartner" time="344.957"/>
  <testcase name="Enroll" classname="Tests.FranchisePartner" time="193.606"/>
  <testcase name="Enroll" classname="Tests.FranchisePartner" time="107.369"/>
  <testcase name="Enroll" classname="Tests.FranchisePartner" time="187.833"/>
  <testcase name="Enroll" classname="Tests.FranchisePartner" time="200.535"/>
  <testcase name="Enroll" classname="Tests.FranchisePartner" time="196.259"/>
  <testcase name="Enroll" classname="Tests.FranchisePartner" time="247.689"/>
  <testcase name="Enroll" classname="Tests.FranchisePartner" time="209.791">
    <failure message="Minor Summary Labels is Displaying expected [[Enrollment Summary, Enrollment Settings, Co-Applicant/Spouse, About You, Your Shipping Address, Your Billing Address, Your Payment Information, Terms and Conditions, Summary]] but found [[Credit Card Information, Billing/Mailing Address, Shipping Address, Shipping Method, Summary]]" type="java.lang.AssertionError">java.lang.AssertionError: Minor Summary Labels is Displaying expected [[Enrollment Summary, Enrollment Settings, Co-Applicant/Spouse, About You, Your Shipping Address, Your Billing Address, Your Payment Information, Terms and Conditions, Summary]] but found [[Credit Card Information, Billing/Mailing Address, Shipping Address, Shipping Method, Summary]]
	at Tests.FranchisePartner.Enroll(FranchisePartner.java:253)
</failure>
    <system-out><![CDATA[Request URL: https://hydraqa.unicity.net/v5a-test/quotes?&expand=item
Entry Quotes response : {"items":[{"currency":"USD","lines":{"items":[{"item":{"href":"https:\/\/hydraqa.unicity.net\/v5a-test\/items\/50747027a065cb8361c1f0d6eb880466","id":{"unicity":"32030"}},"terms":{"priceEach":143,"pvEach":102},"quantity":1}]}},{"currency":"USD","lines":{"items":[{"item":{"href":"https:\/\/hydraqa.unicity.net\/v5a-test\/items\/d306a0b65f27f19b4968e5c05906a9f4","id":{"unicity":"31314"}},"terms":{"priceEach":384,"pvEach":266},"quantity":1}]}},{"currency":"USD","lines":{"items":[{"item":{"href":"https:\/\/hydraqa.unicity.net\/v5a-test\/items\/9a7715e888c94989d898fe4653645721","id":{"unicity":"26550"}},"terms":{"priceEach":80,"pvEach":52},"quantity":1}]}},{"currency":"USD","lines":{"items":[{"item":{"href":"https:\/\/hydraqa.unicity.net\/v5a-test\/items\/4a3d248668cd56e31c6eb403d87f15b2","id":{"unicity":"29682"}},"terms":{"priceEach":203,"pvEach":144},"quantity":1}]}},{"currency":"USD","lines":{"items":[{"item":{"href":"https:\/\/hydraqa.unicity.net\/v5a-test\/items\/fbb319232b7eed110794d46a68302acb","id":{"unicity":"31847"}},"terms":{"priceEach":120,"pvEach":80},"quantity":1}]}},{"currency":"USD","lines":{"items":[{"item":{"href":"https:\/\/hydraqa.unicity.net\/v5a-test\/items\/077823d29445b9020de9931f10c63efd","id":{"unicity":"31958"}},"terms":{"priceEach":129,"pvEach":85},"quantity":1}]}},{"currency":"USD","lines":{"items":[{"item":{"href":"https:\/\/hydraqa.unicity.net\/v5a-test\/items\/00c2eb70c985722ce208490aece00945","id":{"unicity":"31729"}},"terms":{"priceEach":143,"pvEach":100},"quantity":1}]}},{"currency":"USD","lines":{"items":[{"item":{"href":"https:\/\/hydraqa.unicity.net\/v5a-test\/items\/89b6d29a85a88d44d65bc8cca3fefc65","id":{"unicity":"31845"}},"terms":{"priceEach":143,"pvEach":100},"quantity":1}]}},{"currency":"USD","lines":{"items":[{"item":{"href":"https:\/\/hydraqa.unicity.net\/v5a-test\/items\/3875e24e6b6ebdf36c79d205614ed51e","id":{"unicity":"31846"}},"terms":{"priceEach":126,"pvEach":94},"quantity":1}]}},{"currency":"USD","lines":{"items":[{"item":{"href":"https:\/\/hydraqa.unicity.net\/v5a-test\/items\/65f231539924a2fa376afdb39f1f06d6","id":{"unicity":"31848"}},"terms":{"priceEach":89,"pvEach":60},"quantity":1}]}},{"currency":"USD","lines":{"items":[{"item":{"href":"https:\/\/hydraqa.unicity.net\/v5a-test\/items\/693a7c4a70b06a00471afe8d6cae5023","id":{"unicity":"31730"}},"terms":{"priceEach":120,"pvEach":80},"quantity":1}]}},{"currency":"USD","lines":{"items":[{"item":{"href":"https:\/\/hydraqa.unicity.net\/v5a-test\/items\/ccb242d74dcb1fe621cc7bfe1b1de315","id":{"unicity":"31731"}},"terms":{"priceEach":89,"pvEach":61},"quantity":1}]}},{"currency":"USD","lines":{"items":[{"item":{"href":"https:\/\/hydraqa.unicity.net\/v5a-test\/items\/764e2db430d361da99e8f6b70c4d0244","id":{"unicity":"29830"}},"terms":{"priceEach":17,"pvEach":7},"quantity":1}]}},{"currency":"USD","lines":{"items":[{"item":{"href":"https:\/\/hydraqa.unicity.net\/v5a-test\/items\/b91affa753dd5ee8a9acef4fa7e2c9a7","id":{"unicity":"30414"}},"terms":{"priceEach":94,"pvEach":65},"quantity":1}]}},{"currency":"USD","lines":{"items":[{"item":{"href":"https:\/\/hydraqa.unicity.net\/v5a-test\/items\/01ac2f7586214fa9ed6ef69dd79c69ae","id":{"unicity":"27210"}},"terms":{"priceEach":10,"pvEach":0},"quantity":1}]}},{"currency":"USD","lines":{"items":[{"item":{"href":"https:\/\/hydraqa.unicity.net\/v5a-test\/items\/025d45e8cee8a1a4029f1cfd3bf70786","id":{"unicity":"26983"}},"terms":{"priceEach":10,"pvEach":0},"quantity":1}]}},{"currency":"USD","lines":{"items":[{"item":{"href":"https:\/\/hydraqa.unicity.net\/v5a-test\/items\/c83534b0b0693d9f78eaaae2030ed4c1","id":{"unicity":"27212"}},"terms":{"priceEach":10,"pvEach":0},"quantity":1}]}},{"currency":"USD","lines":{"items":[{"item":{"href":"https:\/\/hydraqa.unicity.net\/v5a-test\/items\/f65c401166afb2e642c700d84e832a8c","id":{"unicity":"27218"}},"terms":{"priceEach":10,"pvEach":0},"quantity":1}]}},{"currency":"USD","lines":{"items":[{"item":{"href":"https:\/\/hydraqa.unicity.net\/v5a-test\/items\/0cf62d38e91953b43dcfe88b06f813cb","id":{"unicity":"26557"}},"terms":{"priceEach":79,"pvEach":61},"quantity":1}]}},{"currency":"USD","lines":{"items":[{"item":{"href":"https:\/\/hydraqa.unicity.net\/v5a-test\/items\/9a6e1d094182389c3da8e0a320ff0e00","id":{"unicity":"27585"}},"terms":{"priceEach":56,"pvEach":33},"quantity":1}]}},{"currency":"USD","lines":{"items":[{"item":{"href":"https:\/\/hydraqa.unicity.net\/v5a-test\/items\/db4a3a5ca30b4890dd9bc50ff9cb620f","id":{"unicity":"26554"}},"terms":{"priceEach":50,"pvEach":25},"quantity":1}]}},{"currency":"USD","lines":{"items":[{"item":{"href":"https:\/\/hydraqa.unicity.net\/v5a-test\/items\/25eaf64b36ce31368f17ae789fd9ac5b","id":{"unicity":"29694"}},"terms":{"priceEach":56,"pvEach":33},"quantity":1}]}},{"currency":"USD","lines":{"items":[{"item":{"href":"https:\/\/hydraqa.unicity.net\/v5a-test\/items\/112b8c39286598b3730f630f371a45f4","id":{"unicity":"27587"}},"terms":{"priceEach":58,"pvEach":33},"quantity":1}]}},{"currency":"USD","lines":{"items":[{"item":{"href":"https:\/\/hydraqa.unicity.net\/v5a-test\/items\/05ca08f3808f126c0cc42154c50fc75c","id":{"unicity":"29440"}},"terms":{"priceEach":120,"pvEach":90},"quantity":1}]}},{"currency":"USD","lines":{"items":[{"item":{"href":"https:\/\/hydraqa.unicity.net\/v5a-test\/items\/cea826eab72d44641c070aab6c97c1ac","id":{"unicity":"22747"}},"terms":{"priceEach":27,"pvEach":16},"quantity":1}]}},{"currency":"USD","lines":{"items":[{"item":{"href":"https:\/\/hydraqa.unicity.net\/v5a-test\/items\/b2fc4b9ba4aa5cae54389161be2f841f","id":{"unicity":"18401"}},"terms":{"priceEach":31,"pvEach":19},"quantity":1}]}},{"currency":"USD","lines":{"items":[{"item":{"href":"https:\/\/hydraqa.unicity.net\/v5a-test\/items\/1bd53de7fe880ba71f46c9976ca2c137","id":{"unicity":"27739"}},"terms":{"priceEach":33,"pvEach":13},"quantity":1}]}},{"currency":"USD","lines":{"items":[{"item":{"href":"https:\/\/hydraqa.unicity.net\/v5a-test\/items\/19f8db4bcf7263831586f726e748f73c","id":{"unicity":"27208"}},"terms":{"priceEach":30,"pvEach":0},"quantity":1}]}},{"currency":"USD","lines":{"items":[{"item":{"href":"https:\/\/hydraqa.unicity.net\/v5a-test\/items\/d33e50ec9a9ee9b12ede56d35a8cb38d","id":{"unicity":"30797"}},"terms":{"priceEach":267,"pvEach":163},"quantity":1}]}},{"currency":"USD","lines":{"items":[{"item":{"href":"https:\/\/hydraqa.unicity.net\/v5a-test\/items\/0a3ede185ddf034630afd891c5106d33","id":{"unicity":"26562"}},"terms":{"priceEach":33,"pvEach":25},"quantity":1}]}},{"currency":"USD","lines":{"items":[{"item":{"href":"https:\/\/hydraqa.unicity.net\/v5a-test\/items\/1d977fb1e1c0aa5d0b71ee2cf01e7b4d","id":{"unicity":"32016"}},"terms":{"priceEach":206,"pvEach":130},"quantity":1}]}},{"currency":"USD","lines":{"items":[{"item":{"href":"https:\/\/hydraqa.unicity.net\/v5a-test\/items\/1524974f80be01c93083e794816394ab","id":{"unicity":"32017"}},"terms":{"priceEach":206,"pvEach":130},"quantity":1}]}},{"currency":"USD","lines":{"items":[{"item":{"href":"https:\/\/hydraqa.unicity.net\/v5a-test\/items\/aa0d72ac13b1ce88cf8c4a52ede75a37","id":{"unicity":"26552"}},"terms":{"priceEach":70,"pvEach":50},"quantity":1}]}},{"currency":"USD","lines":{"items":[{"item":{"href":"https:\/\/hydraqa.unicity.net\/v5a-test\/items\/398d06b858b960f6f38086d40608aef2","id":{"unicity":"26560"}},"terms":{"priceEach":16,"pvEach":12},"quantity":1}]}},{"currency":"USD","lines":{"items":[{"item":{"href":"https:\/\/hydraqa.unicity.net\/v5a-test\/items\/bb5c627f16547cb4f706cef521bca356","id":{"unicity":"29437"}},"terms":{"priceEach":62,"pvEach":36},"quantity":1}]}},{"currency":"USD","lines":{"items":[{"item":{"href":"https:\/\/hydraqa.unicity.net\/v5a-test\/items\/2835b1a78e379486f0ffbfd5fb9f6b0a","id":{"unicity":"30400"}},"terms":{"priceEach":38,"pvEach":28},"quantity":1}]}},{"currency":"USD","lines":{"items":[{"item":{"href":"https:\/\/hydraqa.unicity.net\/v5a-test\/items\/5a38f009bec6c23b1b3a70432f9722e5","id":{"unicity":"19596"}},"terms":{"priceEach":49,"pvEach":30},"quantity":1}]}},{"currency":"USD","lines":{"items":[{"item":{"href":"https:\/\/hydraqa.unicity.net\/v5a-test\/items\/38da42f991a40a00153b2e5055b82dbf","id":{"unicity":"27801"}},"terms":{"priceEach":195,"pvEach":130},"quantity":1}]}},{"currency":"USD","lines":{"items":[{"item":{"href":"https:\/\/hydraqa.unicity.net\/v5a-test\/items\/051e765a5a71835a859c2757edd359f0","id":{"unicity":"26580"}},"terms":{"priceEach":195,"pvEach":130},"quantity":1}]}},{"currency":"USD","lines":{"items":[{"item":{"href":"https:\/\/hydraqa.unicity.net\/v5a-test\/items\/8c21f026bb6a32624e0c80475bf8efb0","id":{"unicity":"25880"}},"terms":{"priceEach":33,"pvEach":23},"quantity":1}]}},{"currency":"USD","lines":{"items":[{"item":{"href":"https:\/\/hydraqa.unicity.net\/v5a-test\/items\/24ff5bda40c0d0e7eaa511866d052915","id":{"unicity":"29612"}},"terms":{"priceEach":49,"pvEach":30},"quantity":1}]}},{"currency":"USD","lines":{"items":[{"item":{"href":"https:\/\/hydraqa.unicity.net\/v5a-test\/items\/a391ad8c3c129526dc42793f5fee30f7","id":{"unicity":"27653"}},"terms":{"priceEach":5,"pvEach":0},"quantity":1}]}},{"currency":"USD","lines":{"items":[{"item":{"href":"https:\/\/hydraqa.unicity.net\/v5a-test\/items\/b127a2d34d3d73e2f53e4c2002a7a4a2","id":{"unicity":"25008"}},"terms":{"priceEach":19,"pvEach":15},"quantity":1}]}},{"currency":"USD","lines":{"items":[{"item":{"href":"https:\/\/hydraqa.unicity.net\/v5a-test\/items\/cda534d686af5d627c94c4bb2c4b57d8","id":{"unicity":"26561"}},"terms":{"priceEach":16,"pvEach":11},"quantity":1}]}},{"currency":"USD","lines":{"items":[{"item":{"href":"https:\/\/hydraqa.unicity.net\/v5a-test\/items\/10da226fab00279b4f89df10af2a10b7","id":{"unicity":"26442"}},"terms":{"priceEach":6,"pvEach":0},"quantity":1}]}},{"currency":"USD","lines":{"items":[{"item":{"href":"https:\/\/hydraqa.unicity.net\/v5a-test\/items\/2de8516a24af8232add0bb392e750a71","id":{"unicity":"31859"}},"terms":{"priceEach":179,"pvEach":130},"quantity":1}]}},{"currency":"USD","lines":{"items":[{"item":{"href":"https:\/\/hydraqa.unicity.net\/v5a-test\/items\/cf8460040a1860bcabf250b6c1171675","id":{"unicity":"31858"}},"terms":{"priceEach":269,"pvEach":195},"quantity":1}]}},{"currency":"USD","lines":{"items":[{"item":{"href":"https:\/\/hydraqa.unicity.net\/v5a-test\/items\/4ab49eca1731e69206ccafb5112ad5a4","id":{"unicity":"31861"}},"terms":{"priceEach":196,"pvEach":135},"quantity":1}]}},{"currency":"USD","lines":{"items":[{"item":{"href":"https:\/\/hydraqa.unicity.net\/v5a-test\/items\/d4c8fce238d6fc34d17a4b36d1e4e59a","id":{"unicity":"31860"}},"terms":{"priceEach":196,"pvEach":135},"quantity":1}]}},{"currency":"USD","lines":{"items":[{"item":{"href":"https:\/\/hydraqa.unicity.net\/v5a-test\/items\/fd464cd7972cc1317e850b9196d886b8","id":{"unicity":"31863"}},"terms":{"priceEach":210,"pvEach":148},"quantity":1}]}},{"currency":"USD","lines":{"items":[{"item":{"href":"https:\/\/hydraqa.unicity.net\/v5a-test\/items\/e47fd287212acedd1cffb2b67bf623bd","id":{"unicity":"31862"}},"terms":{"priceEach":210,"pvEach":148},"quantity":1}]}},{"currency":"USD","lines":{"items":[{"item":{"href":"https:\/\/hydraqa.unicity.net\/v5a-test\/items\/024e696f8b44a1d315006e676604cd31","id":{"unicity":"27395"}},"terms":{"priceEach":25,"pvEach":16},"quantity":1}]}},{"currency":"USD","lines":{"items":[{"item":{"href":"https:\/\/hydraqa.unicity.net\/v5a-test\/items\/90d5ee3af77bdc64ecf28a45b604bf3d","id":{"unicity":"31441"}},"terms":{"priceEach":40,"pvEach":0},"quantity":1}]}},{"currency":"USD","lines":{"items":[{"item":{"href":"https:\/\/hydraqa.unicity.net\/v5a-test\/items\/634f7efb30392b2a919de1355902d975","id":{"unicity":"29408"}},"terms":{"priceEach":80,"pvEach":52},"quantity":1}]}}]}
Entry request : {"order":{"customer":{"href":"https://hydraqa.unicity.net/v5a-test/customers?type=Associate"},"shipToAddress":{"country":"US","state":"PR"}},"vary":{"lines":{"items":[{"item":{"href":"https://hydraqa.unicity.net/v5a-test/items?id.unicity=26580|31441|31858|31859|31862|32030|29682|31314|32017|32016|30797|31727|31729|31730|31731|22747|26550|26554|26557|26560|26561|26562|27739|27585|25008|26442|26555|18908|26552|27653|27212|27218|26983|27210|18401|25803|27029|27208|19596|27801|26945|25535|27587|25880|29694|29408|29437|29612|27395|29440|29830|30414|30400|31842|31846|31845|31848|31847|31863|31860|31861|31958"}}]}}}
Request URL: https://hydraqa.unicity.net/v5a-test/customers.js?callback=angular.callbacks._1&expand=customer,profilePicture&id.unicity=2
Request URL: https://hydraqa.unicity.net/v5a-test/customers.js?_httpMethod=HEAD&callback=angular.callbacks._7&email=BTMVRW@gmail.com
Request URL: https://hydraqa.unicity.net/v5a-test/shippingmethods.js?callback=angular.callbacks._a&destination=US&market=US&state=PR
]]></system-out>
    <system-err><![CDATA[Starting ChromeDriver 2.36.540470 (e522d04694c7ebea4ba8821272dbef4f9b818c91) on port 4495
Only local connections are allowed.
Mar 17, 2020 12:14:14 PM org.openqa.selenium.remote.ProtocolHandshake createSession
INFO: Detected dialect: OSS
]]></system-err>
  </testcase>
  <testcase name="Enroll" classname="Tests.FranchisePartner" time="274.923"/>
  <testcase name="Enroll" classname="Tests.FranchisePartner" time="270.248"/>
  <testcase name="Enroll" classname="Tests.FranchisePartner" time="277.429"/>
  <testcase name="Enroll" classname="Tests.FranchisePartner" time="274.693"/>
  <testcase name="Enroll" classname="Tests.FranchisePartner" time="276.786"/>
  <testcase name="Enroll" classname="Tests.FranchisePartner" time="273.821"/>
  <testcase name="Enroll" classname="Tests.FranchisePartner" time="286.621">
    <failure message="Critical A-Z section not displaying" type="java.lang.AssertionError">java.lang.AssertionError: Critical A-Z section not displaying
	at Tests.FranchisePartner.Enroll(FranchisePartner.java:249)
</failure>
    <system-out><![CDATA[Request URL: https://hydraqa.unicity.net/v5a-test/quotes?&expand=item
Entry Quotes response : {"items":[{"lines":{"items":[{"item":{"href":"https:\/\/hydraqa.unicity.net\/v5a-test\/items\/ab2a2b07b17718843a66bee04ff40624","id":{"unicity":"31402"},"weightEach":{"value":0},"servingsPerContainer":0,"servingSize":0},"quantity":1,"terms":{"priceEach":100,"taxEach":{"amount":9.09},"discountEach":{"amount":0},"pvEach":70}}]},"currency":"EUR"}]}
Entry request : {"order":{"customer":{"href":"https://hydraqa.unicity.net/v5a-test/customers?type=Associate"},"shipToAddress":{"country":"ES"}},"vary":{"lines":{"items":[{"item":{"href":"https://hydraqa.unicity.net/v5a-test/items?id.unicity=27700|31336|31763|31951|31952|32128|32129|32130|32132|32133|32134|32135|32136|32137|32138|32125|18511|19941|27156|27158|27160|27166|27617|27660|27587|28601|28604|27395|15880|29017|26567|26568|24758|31772|31738|29317|29832|32126|32127|29833|24274|24418|27150|27163|27575|30825|26560|29821|32012|17174|30139|29181|29183|30280|29187|29191|30684|30198|31402|31672|31534|29449|29984|32191|31870|32087|31868|32609|31777|31932|31781|31779|31778|31780|31782"}}]}}}
]]></system-out>
    <system-err><![CDATA[Starting ChromeDriver 2.36.540470 (e522d04694c7ebea4ba8821272dbef4f9b818c91) on port 13090
Only local connections are allowed.
Mar 17, 2020 12:45:58 PM org.openqa.selenium.remote.ProtocolHandshake createSession
INFO: Detected dialect: OSS
]]></system-err>
  </testcase>
  <testcase name="Enroll" classname="Tests.FranchisePartner" time="286.698">
    <failure message="Critical A-Z section not displaying" type="java.lang.AssertionError">java.lang.AssertionError: Critical A-Z section not displaying
	at Tests.FranchisePartner.Enroll(FranchisePartner.java:249)
</failure>
    <system-out><![CDATA[Request URL: https://hydraqa.unicity.net/v5a-test/quotes?&expand=item
Entry Quotes response : {"items":[{"lines":{"items":[{"item":{"href":"https:\/\/hydraqa.unicity.net\/v5a-test\/items\/ab2a2b07b17718843a66bee04ff40624","id":{"unicity":"31402"},"weightEach":{"value":0},"servingsPerContainer":0,"servingSize":0},"quantity":1,"terms":{"priceEach":100,"taxEach":{"amount":9.09},"discountEach":{"amount":0},"pvEach":70}}]},"currency":"EUR"}]}
Entry request : {"order":{"customer":{"href":"https://hydraqa.unicity.net/v5a-test/customers?type=Associate"},"shipToAddress":{"country":"ES"}},"vary":{"lines":{"items":[{"item":{"href":"https://hydraqa.unicity.net/v5a-test/items?id.unicity=27700|31336|31763|31951|31952|32128|32129|32130|32132|32133|32134|32135|32136|32137|32138|32125|18511|19941|27156|27158|27160|27166|27617|27660|27587|28601|28604|27395|15880|29017|26567|26568|24758|31772|31738|29317|29832|32126|32127|29833|24274|24418|27150|27163|27575|30825|26560|29821|32012|17174|30139|29181|29183|30280|29187|29191|30684|30198|31402|31672|31534|29449|29984|32191|31870|32087|31868|32609|31777|31932|31781|31779|31778|31780|31782"}}]}}}
]]></system-out>
    <system-err><![CDATA[Starting ChromeDriver 2.36.540470 (e522d04694c7ebea4ba8821272dbef4f9b818c91) on port 36393
Only local connections are allowed.
Mar 17, 2020 12:50:51 PM org.openqa.selenium.remote.ProtocolHandshake createSession
INFO: Detected dialect: OSS
]]></system-err>
  </testcase>
  <testcase name="Enroll" classname="Tests.FranchisePartner" time="311.447"/>
  <testcase name="Enroll" classname="Tests.FranchisePartner" time="301.038"/>
  <testcase name="Enroll" classname="Tests.FranchisePartner" time="196.401"/>
  <testcase name="Enroll" classname="Tests.FranchisePartner" time="185.015">
    <failure message="Major Market expected [UA] but found [null]" type="java.lang.AssertionError">java.lang.AssertionError: Major Market expected [UA] but found [null]
	at Tests.FranchisePartner.Enroll(FranchisePartner.java:253)
</failure>
    <system-out><![CDATA[Request URL: https://hydraqa.unicity.net/v5a-test/quotes?&expand=item
Entry Quotes response : {"items":[{"lines":{"items":[{"item":{"href":"https:\/\/hydraqa.unicity.net\/v5a-test\/items\/4783bc4f67fc0973db246432c9a1806e","id":{"unicity":"26335"}},"quantity":1,"terms":{"priceEach":154.8,"taxEach":{"amount":0},"discountEach":{"amount":0},"pvEach":100}}]},"currency":"USD"},{"lines":{"items":[{"item":{"href":"https:\/\/hydraqa.unicity.net\/v5a-test\/items\/907836184d54d70ecd2a376eb6599651","id":{"unicity":"26820"}},"quantity":1,"terms":{"priceEach":154.8,"taxEach":{"amount":0},"discountEach":{"amount":0},"pvEach":100}}]},"currency":"USD"},{"lines":{"items":[{"item":{"href":"https:\/\/hydraqa.unicity.net\/v5a-test\/items\/63084c75bacb4ed1286d9375b47d8202","id":{"unicity":"27318"}},"quantity":1,"terms":{"priceEach":154.8,"taxEach":{"amount":0},"discountEach":{"amount":0},"pvEach":100}}]},"currency":"USD"},{"lines":{"items":[{"item":{"href":"https:\/\/hydraqa.unicity.net\/v5a-test\/items\/7dddf3a21ab7135d0a17906d8ca94351","id":{"unicity":"26416"}},"quantity":1,"terms":{"priceEach":384.6,"taxEach":{"amount":0},"discountEach":{"amount":0},"pvEach":250}}]},"currency":"USD"},{"lines":{"items":[{"item":{"href":"https:\/\/hydraqa.unicity.net\/v5a-test\/items\/8f4e682a90d84b101ce71633232cdcd5","id":{"unicity":"26738"}},"quantity":1,"terms":{"priceEach":769.2,"taxEach":{"amount":0},"discountEach":{"amount":0},"pvEach":500}}]},"currency":"USD"},{"lines":{"items":[{"item":{"href":"https:\/\/hydraqa.unicity.net\/v5a-test\/items\/88b2b19d9c94d9e5ebb0b8e49bd128bd","id":{"unicity":"28523"}},"quantity":1,"terms":{"priceEach":769.2,"taxEach":{"amount":0},"discountEach":{"amount":0},"pvEach":500}}]},"currency":"USD"},{"lines":{"items":[{"item":{"href":"https:\/\/hydraqa.unicity.net\/v5a-test\/items\/cb203269523dec0225d83276d40b53a6","id":{"unicity":"28524"}},"quantity":1,"terms":{"priceEach":1538.4,"taxEach":{"amount":0},"discountEach":{"amount":0},"pvEach":1000}}]},"currency":"USD"},{"lines":{"items":[{"item":{"href":"https:\/\/hydraqa.unicity.net\/v5a-test\/items\/1a2c3b4500d826d2ffdd3b684b179511","id":{"unicity":"27700"}},"quantity":1,"terms":{"priceEach":177.89,"taxEach":{"amount":0},"discountEach":{"amount":0},"pvEach":100}}]},"currency":"USD"},{"lines":{"items":[{"item":{"href":"https:\/\/hydraqa.unicity.net\/v5a-test\/items\/6447f84f6ef7782049a369b983428bb7","id":{"unicity":"31336"}},"quantity":1,"terms":{"priceEach":351.22,"taxEach":{"amount":0},"discountEach":{"amount":0},"pvEach":255}}]},"currency":"USD"},{"lines":{"items":[{"item":{"href":"https:\/\/hydraqa.unicity.net\/v5a-test\/items\/e9991b48ac639367d526d2b9b22fac8c","id":{"unicity":"32128"}},"quantity":1,"terms":{"priceEach":472.22,"taxEach":{"amount":0},"discountEach":{"amount":0},"pvEach":321}}]},"currency":"USD"},{"lines":{"items":[{"item":{"href":"https:\/\/hydraqa.unicity.net\/v5a-test\/items\/40b3312de189221d96d838d33a8ec49d","id":{"unicity":"32129"}},"quantity":1,"terms":{"priceEach":472.22,"taxEach":{"amount":0},"discountEach":{"amount":0},"pvEach":326}}]},"currency":"USD"},{"lines":{"items":[{"item":{"href":"https:\/\/hydraqa.unicity.net\/v5a-test\/items\/6bd168a66ce41003a8f30917deff5808","id":{"unicity":"32130"}},"quantity":1,"terms":{"priceEach":447.82,"taxEach":{"amount":0},"discountEach":{"amount":0},"pvEach":304}}]},"currency":"USD"},{"lines":{"items":[{"item":{"href":"https:\/\/hydraqa.unicity.net\/v5a-test\/items\/806f99b793edd7cd0b1c158ba0eb3142","id":{"unicity":"32132"}},"quantity":1,"terms":{"priceEach":451.72,"taxEach":{"amount":0},"discountEach":{"amount":0},"pvEach":325}}]},"currency":"USD"},{"lines":{"items":[{"item":{"href":"https:\/\/hydraqa.unicity.net\/v5a-test\/items\/e3d382d99fde8659cb146b54116e7654","id":{"unicity":"32133"}},"quantity":1,"terms":{"priceEach":467.34,"taxEach":{"amount":0},"discountEach":{"amount":0},"pvEach":330}}]},"currency":"USD"},{"lines":{"items":[{"item":{"href":"https:\/\/hydraqa.unicity.net\/v5a-test\/items\/022f109fe6e5eae3e521295a5cb94c60","id":{"unicity":"32134"}},"quantity":1,"terms":{"priceEach":177.57,"taxEach":{"amount":0},"discountEach":{"amount":0},"pvEach":121}}]},"currency":"USD"},{"lines":{"items":[{"item":{"href":"https:\/\/hydraqa.unicity.net\/v5a-test\/items\/ded00960d5e948dd8e511a9c752e1ff9","id":{"unicity":"32135"}},"quantity":1,"terms":{"priceEach":200,"taxEach":{"amount":0},"discountEach":{"amount":0},"pvEach":153}}]},"currency":"USD"},{"lines":{"items":[{"item":{"href":"https:\/\/hydraqa.unicity.net\/v5a-test\/items\/d8736cc35cf9f4734fd76da71c53dc05","id":{"unicity":"32136"}},"quantity":1,"terms":{"priceEach":178.55,"taxEach":{"amount":0},"discountEach":{"amount":0},"pvEach":129}}]},"currency":"USD"},{"lines":{"items":[{"item":{"href":"https:\/\/hydraqa.unicity.net\/v5a-test\/items\/166a69d45c4ae40278554e24d5f40443","id":{"unicity":"32137"}},"quantity":1,"terms":{"priceEach":207.82,"taxEach":{"amount":0},"discountEach":{"amount":0},"pvEach":147}}]},"currency":"USD"},{"lines":{"items":[{"item":{"href":"https:\/\/hydraqa.unicity.net\/v5a-test\/items\/d04a0b8762b20202b6273114fb7302d1","id":{"unicity":"32138"}},"quantity":1,"terms":{"priceEach":281.97,"taxEach":{"amount":0},"discountEach":{"amount":0},"pvEach":192}}]},"currency":"USD"},{"lines":{"items":[{"item":{"href":"https:\/\/hydraqa.unicity.net\/v5a-test\/items\/e13d0b5c40704ad5dd186959367c97f1","id":{"unicity":"32125"}},"quantity":1,"terms":{"priceEach":467.35,"taxEach":{"amount":0},"discountEach":{"amount":0},"pvEach":309}}]},"currency":"USD"},{"lines":{"items":[{"item":{"href":"https:\/\/hydraqa.unicity.net\/v5a-test\/items\/4e49c95f12ae7be78e5ffab68b8b3ca6","id":{"unicity":"26422"}},"quantity":1,"terms":{"priceEach":24.39,"taxEach":{"amount":0},"discountEach":{"amount":0},"pvEach":18}}]},"currency":"USD"},{"lines":{"items":[{"item":{"href":"https:\/\/hydraqa.unicity.net\/v5a-test\/items\/64ec7ad932acafab052a4e8800ad1238","id":{"unicity":"24758"}},"quantity":1,"terms":{"priceEach":30,"taxEach":{"amount":0},"discountEach":{"amount":0},"pvEach":21}}]},"currency":"USD"},{"lines":{"items":[{"item":{"href":"https:\/\/hydraqa.unicity.net\/v5a-test\/items\/f2cc736b6281ff58a9653802d7bf1499","id":{"unicity":"27383"}},"quantity":1,"terms":{"priceEach":163.65,"taxEach":{"amount":0},"discountEach":{"amount":0},"pvEach":87}}]},"currency":"USD"},{"lines":{"items":[{"item":{"href":"https:\/\/hydraqa.unicity.net\/v5a-test\/items\/2ed65f6d5d581854453959192a2b80e2","id":{"unicity":"27387"}},"quantity":1,"terms":{"priceEach":818.25,"taxEach":{"amount":0},"discountEach":{"amount":0},"pvEach":435}}]},"currency":"USD"},{"lines":{"items":[{"item":{"href":"https:\/\/hydraqa.unicity.net\/v5a-test\/items\/d3f8faeec753832d1ed49666ed2ee558","id":{"unicity":"27391"}},"quantity":1,"terms":{"priceEach":1636.5,"taxEach":{"amount":0},"discountEach":{"amount":0},"pvEach":870}}]},"currency":"USD"},{"lines":{"items":[{"item":{"href":"https:\/\/hydraqa.unicity.net\/v5a-test\/items\/978dadf1a2f8bfef8c5fef0654b57854","id":{"unicity":"29392"}},"quantity":1,"terms":{"priceEach":417.14,"taxEach":{"amount":0},"discountEach":{"amount":0},"pvEach":250}}]},"currency":"USD"},{"lines":{"items":[{"item":{"href":"https:\/\/hydraqa.unicity.net\/v5a-test\/items\/9e4c0893099d6d9478f237b7185d984a","id":{"unicity":"29394"}},"quantity":1,"terms":{"priceEach":1668.56,"taxEach":{"amount":0},"discountEach":{"amount":0},"pvEach":1000}}]},"currency":"USD"},{"lines":{"items":[{"item":{"href":"https:\/\/hydraqa.unicity.net\/v5a-test\/items\/93c9e59af645b5be5ccc6ceb76c5a8ba","id":{"unicity":"29393"}},"quantity":1,"terms":{"priceEach":834.28,"taxEach":{"amount":0},"discountEach":{"amount":0},"pvEach":500}}]},"currency":"USD"},{"lines":{"items":[{"item":{"href":"https:\/\/hydraqa.unicity.net\/v5a-test\/items\/a8a50dcc28c0df0867d1467e62ecebc0","id":{"unicity":"27382"}},"quantity":1,"terms":{"priceEach":154.75,"taxEach":{"amount":0},"discountEach":{"amount":0},"pvEach":87}}]},"currency":"USD"},{"lines":{"items":[{"item":{"href":"https:\/\/hydraqa.unicity.net\/v5a-test\/items\/045eca4c2854df4576f4627ffcdf7240","id":{"unicity":"27386"}},"quantity":1,"terms":{"priceEach":773.75,"taxEach":{"amount":0},"discountEach":{"amount":0},"pvEach":435}}]},"currency":"USD"},{"lines":{"items":[{"item":{"href":"https:\/\/hydraqa.unicity.net\/v5a-test\/items\/538fabae7ffee9db3b818505ca097af4","id":{"unicity":"27390"}},"quantity":1,"terms":{"priceEach":1547.5,"taxEach":{"amount":0},"discountEach":{"amount":0},"pvEach":870}}]},"currency":"USD"},{"lines":{"items":[{"item":{"href":"https:\/\/hydraqa.unicity.net\/v5a-test\/items\/66969761e98979a6fb4dd3b5c126b207","id":{"unicity":"27381"}},"quantity":1,"terms":{"priceEach":173.14,"taxEach":{"amount":0},"discountEach":{"amount":0},"pvEach":87}}]},"currency":"USD"},{"lines":{"items":[{"item":{"href":"https:\/\/hydraqa.unicity.net\/v5a-test\/items\/6bbd8e63de56e7e95448c9835f2547a7","id":{"unicity":"27385"}},"quantity":1,"terms":{"priceEach":865.7,"taxEach":{"amount":0},"discountEach":{"amount":0},"pvEach":435}}]},"currency":"USD"},{"lines":{"items":[{"item":{"href":"https:\/\/hydraqa.unicity.net\/v5a-test\/items\/11c78584cd934d06ef1d542038479e56","id":{"unicity":"27389"}},"quantity":1,"terms":{"priceEach":1731.4,"taxEach":{"amount":0},"discountEach":{"amount":0},"pvEach":870}}]},"currency":"USD"},{"lines":{"items":[{"item":{"href":"https:\/\/hydraqa.unicity.net\/v5a-test\/items\/ec4c2e40db621ea329b86538cc59281f","id":{"unicity":"30139"}},"quantity":1,"terms":{"priceEach":176.42,"taxEach":{"amount":0},"discountEach":{"amount":0},"pvEach":100}}]},"currency":"USD"},{"lines":{"items":[{"item":{"href":"https:\/\/hydraqa.unicity.net\/v5a-test\/items\/217ca02fbd24e21ca5281412756238ab","id":{"unicity":"32126"}},"quantity":1,"terms":{"priceEach":184.39,"taxEach":{"amount":0},"discountEach":{"amount":0},"pvEach":121}}]},"currency":"USD"},{"lines":{"items":[{"item":{"href":"https:\/\/hydraqa.unicity.net\/v5a-test\/items\/808008a0657d2033ad471c39bbce9891","id":{"unicity":"32127"}},"quantity":1,"terms":{"priceEach":212.68,"taxEach":{"amount":0},"discountEach":{"amount":0},"pvEach":153}}]},"currency":"USD"},{"lines":{"items":[{"item":{"href":"https:\/\/hydraqa.unicity.net\/v5a-test\/items\/1945faa1776541d53120ecfe3c1d8a2b","id":{"unicity":"24418"}},"quantity":1,"terms":{"priceEach":2.95,"taxEach":{"amount":0},"discountEach":{"amount":0},"pvEach":0}}]},"currency":"USD"},{"lines":{"items":[{"item":{"href":"https:\/\/hydraqa.unicity.net\/v5a-test\/items\/10da226fab00279b4f89df10af2a10b7","id":{"unicity":"26442"}},"quantity":1,"terms":{"priceEach":10,"taxEach":{"amount":0},"discountEach":{"amount":0},"pvEach":0}}]},"currency":"USD"},{"lines":{"items":[{"item":{"href":"https:\/\/hydraqa.unicity.net\/v5a-test\/items\/4b2034f47fce90b87bba28c5c2d7c25d","id":{"unicity":"15880"}},"quantity":1,"terms":{"priceEach":57,"taxEach":{"amount":0},"discountEach":{"amount":0},"pvEach":41}}]},"currency":"USD"},{"lines":{"items":[{"item":{"href":"https:\/\/hydraqa.unicity.net\/v5a-test\/items\/07a18bf285ba929cc0cef13173e4fee7","id":{"unicity":"29561"}},"quantity":1,"terms":{"priceEach":95.7,"taxEach":{"amount":0},"discountEach":{"amount":0},"pvEach":50}}]},"currency":"USD"},{"lines":{"items":[{"item":{"href":"https:\/\/hydraqa.unicity.net\/v5a-test\/items\/cf8afe623b2cb9e6d7704bbf344b5647","id":{"unicity":"26412"}},"quantity":1,"terms":{"priceEach":98.14,"taxEach":{"amount":0},"discountEach":{"amount":0},"pvEach":50}}]},"currency":"USD"},{"lines":{"items":[{"item":{"href":"https:\/\/hydraqa.unicity.net\/v5a-test\/items\/b2ce221111fa2c1fbd2fbffa7a05dcf1","id":{"unicity":"26736"}},"quantity":1,"terms":{"priceEach":50,"taxEach":{"amount":0},"discountEach":{"amount":0},"pvEach":25}}]},"currency":"USD"},{"lines":{"items":[{"item":{"href":"https:\/\/hydraqa.unicity.net\/v5a-test\/items\/187edbdbcf7a3f0ab8b6a359db53ed61","id":{"unicity":"26735"}},"quantity":1,"terms":{"priceEach":79.75,"taxEach":{"amount":0},"discountEach":{"amount":0},"pvEach":50}}]},"currency":"USD"},{"lines":{"items":[{"item":{"href":"https:\/\/hydraqa.unicity.net\/v5a-test\/items\/0158edb9832ad4983c259876efb9dadd","id":{"unicity":"29907"}},"quantity":1,"terms":{"priceEach":14,"taxEach":{"amount":0},"discountEach":{"amount":0},"pvEach":11}}]},"currency":"USD"},{"lines":{"items":[{"item":{"href":"https:\/\/hydraqa.unicity.net\/v5a-test\/items\/52c87f74d3b41ed49b0f897b66c2a99b","id":{"unicity":"30684"}},"quantity":1,"terms":{"priceEach":47.8,"taxEach":{"amount":0},"discountEach":{"amount":0},"pvEach":30}}]},"currency":"USD"},{"lines":{"items":[{"item":{"href":"https:\/\/hydraqa.unicity.net\/v5a-test\/items\/90f38f77c9e6ea5a71aa7377df83760b","id":{"unicity":"30198"}},"quantity":1,"terms":{"priceEach":23,"taxEach":{"amount":0},"discountEach":{"amount":0},"pvEach":17}}]},"currency":"USD"},{"lines":{"items":[{"item":{"href":"https:\/\/hydraqa.unicity.net\/v5a-test\/items\/7e5e7df32701fd44947c8146f2129f7a","id":{"unicity":"31672"}},"quantity":1,"terms":{"priceEach":96.59,"taxEach":{"amount":0},"discountEach":{"amount":0},"pvEach":75}}]},"currency":"USD"},{"lines":{"items":[{"item":{"href":"https:\/\/hydraqa.unicity.net\/v5a-test\/items\/75b870fdff12be635674216fe88d3204","id":{"unicity":"29984"}},"quantity":1,"terms":{"priceEach":52,"taxEach":{"amount":0},"discountEach":{"amount":0},"pvEach":30}}]},"currency":"USD"},{"lines":{"items":[{"item":{"href":"https:\/\/hydraqa.unicity.net\/v5a-test\/items\/4d23d73a0d3d3e5fe9c383822040a9b0","id":{"unicity":"32191"}},"quantity":1,"terms":{"priceEach":1764.12,"taxEach":{"amount":0},"discountEach":{"amount":0},"pvEach":1204}}]},"currency":"USD"},{"lines":{"items":[{"item":{"href":"https:\/\/hydraqa.unicity.net\/v5a-test\/items\/e9fe58342fff74ec4f4430f7c622816e","id":{"unicity":"31870"}},"quantity":1,"terms":{"priceEach":25.37,"taxEach":{"amount":0},"discountEach":{"amount":0},"pvEach":11}}]},"currency":"USD"},{"lines":{"items":[{"item":{"href":"https:\/\/hydraqa.unicity.net\/v5a-test\/items\/fbb6dbd577adb73abaec364076fb288f","id":{"unicity":"32087"}},"quantity":1,"terms":{"priceEach":25.37,"taxEach":{"amount":0},"discountEach":{"amount":0},"pvEach":11}}]},"currency":"USD"},{"lines":{"items":[{"item":{"href":"https:\/\/hydraqa.unicity.net\/v5a-test\/items\/35dcc0035e442bbe6482f178ec38522c","id":{"unicity":"31868"}},"quantity":1,"terms":{"priceEach":25.37,"taxEach":{"amount":0},"discountEach":{"amount":0},"pvEach":11}}]},"currency":"USD"}]}
Entry request : {"order":{"customer":{"href":"https://hydraqa.unicity.net/v5a-test/customers?type=Associate"},"shipToAddress":{"country":"UA"}},"vary":{"lines":{"items":[{"item":{"href":"https://hydraqa.unicity.net/v5a-test/items?id.unicity=26335|26820|27318|26416|26738|28523|28524|27700|31336|31763|32128|32129|32130|32132|32133|32134|32135|32136|32137|32138|32125|26422|24758|27383|27387|27391|29392|29394|29393|27382|27386|27390|27381|27385|27389|30139|32126|32127|24418|26442|15880|29561|26412|26736|26735|29907|30684|30198|31672|29984|32191|31870|32087|31868"}}]}}}
Request URL: https://hydraqa.unicity.net/v5a-test/customers.js?callback=angular.callbacks._1&expand=customer,profilePicture&id.unicity=2
Request URL: https://hydraqa.unicity.net/v5a-test/customers.js?_httpMethod=HEAD&callback=angular.callbacks._7&email=YAURUN@gmail.com
Request URL: https://hydraqa.unicity.net/v5a-test/shippingmethods.js?callback=angular.callbacks._a&destination=UA&market=UA
{sponsor=2, gender=male, city=TestCity, signature=TestSignature, cartprice=597.28, enroller=2, responsedob=1990-09-05, language=???????, locale=ru, type=Associate, coapplicanttype=company, platform=QA, lname=TestLastName, password=Unicity, genderoption=???????, Currency=USD, commission=DD, api=7, companynametype=??????????, fax=8217647322, email=YAURUN@gmail.com, coapplicant=TestCompanyName, zip=84097, fname=TestFirstName, prefferd=Ukraine, address2=Address 2, address1=Address 1, holder=TestName, shippingmethod=type=Economy, version=v5a-test/, testcase=normal, market=Ukraine, referral=yes, phone=9823746323, dob=05/09/1990, proto=https://hydraqa.unicity.net/, marketcode=UA, iban=UA213996220000026007233566001, bankname=TestBankName, bic=DEUTDEFF, ccname=CCNameTest}
Request URL: https://hydraqa.unicity.net/v5a-test/orders.js
Entry request : {"customer":{"mainAddress":{"city":"TestCity","country":"UA","zip":"84097","address1":"Address 1","address2":"Address 2"},"humanName":{"firstName":"TestFirstName","lastName":"TestLastName"},"email":"YAURUN@gmail.com","preferredLocale":"ru-UA","password":{"value":"Unicity"},"gender":"male","maritalStatus":null,"type":"Associate","sponsor":{"href":"https://hydraqa.unicity.net/v5a-test/customers?id.unicity=2"},"enroller":{"href":"https://hydraqa.unicity.net/v5a-test/customers?id.unicity=2"},"homePhone":"9823746323","birthDate":"1990-09-05","depositBankAccount":{"iban":"UA213996220000026007233566001","bankName":"TestBankName","bic":"DEUTDEFF","accountHolder":"TestName"},"businessEntity":{"companyName":"TestCompanyName","legalType":"Corporation"},"rights":[{"holder":"Upline","type":"SendEmails"}],"signature":{"value":"TestSignature"},"faxNumber":"8217647322"},"lines":{"items":[{"item":{"href":"https://hydraqa.unicity.net/v5a-test/items?id.unicity=26416"},"quantity":1},{"item":{"href":"https://hydraqa.unicity.net/v5a-test/items?id.unicity=32127"},"quantity":1}]},"shipToName":{"firstName":"TestFirstName","lastName":"TestLastName"},"shipToPhone":"9823746323","shipToEmail":"YAURUN@gmail.com","shipToAddress":{"city":"TestCity","country":"UA","address1":"Address 1","address2":"Address 2","zip":"84097"},"shippingMethod":{"href":"https://hydraqa.unicity.net/v5a-test/shippingmethods?type=Economy"},"notes":"","transactions":{"items":[{"amount":"this.terms.total","type":"AuthorizeAndCapture","method":"CreditCard","methodDetails":{"creditCardNumber":"4111111111111111","payer":"CCNameTest","creditCardExpires":"2020-10","creditCardSecurityCode":"123"}}]}}
Entry response : {"meta":{"Link":"<http:\/\/unicity.github.io\/Hydra.php\/docs\/v5\/>; rel=\"help\"","X-Request-UUID":"28b15328-70c1-45d7-bb49-4fa89f3fe0c9","X-Request-Release":"5-2020030902\/master","Cache-Control":"no-cache, must-revalidate","Expires":"0","X-Powered-By":"Luracast Restler v3.0.0rc5","Content-Type":"text\/javascript; charset=utf-8","Content-Language":"en","X-Status-Code":"400"},"data":{"error":{"code":400,"message":"Bad Request","error_code":"3014","error_message":"Incomplete bank-account details. Error #X9X3Q"}}}
Headers-->keep-alive
Headers-->1664
Headers-->application/json, text/plain, */*
Headers-->http://enroll.ng.unicityqa.com
Headers-->empty
Headers-->ru-UA
]]></system-out>
    <system-err><![CDATA[Starting ChromeDriver 2.36.540470 (e522d04694c7ebea4ba8821272dbef4f9b818c91) on port 9073
Only local connections are allowed.
Mar 17, 2020 1:09:35 PM org.openqa.selenium.remote.ProtocolHandshake createSession
INFO: Detected dialect: OSS
]]></system-err>
  </testcase>
  <testcase name="Enroll" classname="Tests.FranchisePartner" time="333.491"/>
  <testcase name="PassReferralID" classname="Tests.ReferralIDPassing" time="276.043"/>
  <testcase name="PassReferralID" classname="Tests.ReferralIDPassing" time="255.354"/>
  <testcase name="Enroll" classname="Tests.PrefferedCustomer" time="158.788">
    <failure message="Critical Back end error" type="java.lang.AssertionError">java.lang.AssertionError: Critical Back end error
	at Tests.PrefferedCustomer.Enroll(PrefferedCustomer.java:103)
</failure>
    <system-out><![CDATA[Request URL: https://hydraqa.unicity.net/v5a-test/quotes?&expand=item
Entry Quotes response : {"items":[{"currency":"USD","lines":{"items":[{"item":{"href":"https:\/\/hydraqa.unicity.net\/v5a-test\/items\/50747027a065cb8361c1f0d6eb880466","id":{"unicity":"32030"}},"terms":{"priceEach":179,"pvEach":102},"quantity":1}]}},{"currency":"USD","lines":{"items":[{"item":{"href":"https:\/\/hydraqa.unicity.net\/v5a-test\/items\/716b7a0bca7fa73e42e000d668e7ee65","id":{"unicity":"15129"}},"terms":{"priceEach":29,"pvEach":10},"quantity":1}]}},{"currency":"USD","lines":{"items":[{"item":{"href":"https:\/\/hydraqa.unicity.net\/v5a-test\/items\/9a7715e888c94989d898fe4653645721","id":{"unicity":"26550"}},"terms":{"priceEach":99,"pvEach":52},"quantity":1}]}},{"currency":"USD","lines":{"items":[{"item":{"href":"https:\/\/hydraqa.unicity.net\/v5a-test\/items\/80a898d805f759925797847a176bf62f","id":{"unicity":"26551"}},"terms":{"priceEach":99,"pvEach":52},"quantity":1}]}},{"currency":"USD","lines":{"items":[{"item":{"href":"https:\/\/hydraqa.unicity.net\/v5a-test\/items\/fbb319232b7eed110794d46a68302acb","id":{"unicity":"31847"}},"terms":{"priceEach":150,"pvEach":80},"quantity":1}]}},{"currency":"USD","lines":{"items":[{"item":{"href":"https:\/\/hydraqa.unicity.net\/v5a-test\/items\/077823d29445b9020de9931f10c63efd","id":{"unicity":"31958"}},"terms":{"priceEach":160,"pvEach":85},"quantity":1}]}},{"currency":"USD","lines":{"items":[{"item":{"href":"https:\/\/hydraqa.unicity.net\/v5a-test\/items\/00c2eb70c985722ce208490aece00945","id":{"unicity":"31729"}},"terms":{"priceEach":170,"pvEach":100},"quantity":1}]}},{"currency":"USD","lines":{"items":[{"item":{"href":"https:\/\/hydraqa.unicity.net\/v5a-test\/items\/89b6d29a85a88d44d65bc8cca3fefc65","id":{"unicity":"31845"}},"terms":{"priceEach":170,"pvEach":100},"quantity":1}]}},{"currency":"USD","lines":{"items":[{"item":{"href":"https:\/\/hydraqa.unicity.net\/v5a-test\/items\/3875e24e6b6ebdf36c79d205614ed51e","id":{"unicity":"31846"}},"terms":{"priceEach":160,"pvEach":94},"quantity":1}]}},{"currency":"USD","lines":{"items":[{"item":{"href":"https:\/\/hydraqa.unicity.net\/v5a-test\/items\/5bda067b70c43971650a6ef983f612e4","id":{"unicity":"31728"}},"terms":{"priceEach":160,"pvEach":94},"quantity":1}]}},{"currency":"USD","lines":{"items":[{"item":{"href":"https:\/\/hydraqa.unicity.net\/v5a-test\/items\/693a7c4a70b06a00471afe8d6cae5023","id":{"unicity":"31730"}},"terms":{"priceEach":150,"pvEach":80},"quantity":1}]}},{"currency":"USD","lines":{"items":[{"item":{"href":"https:\/\/hydraqa.unicity.net\/v5a-test\/items\/ccb242d74dcb1fe621cc7bfe1b1de315","id":{"unicity":"31731"}},"terms":{"priceEach":112,"pvEach":61},"quantity":1}]}},{"currency":"USD","lines":{"items":[{"item":{"href":"https:\/\/hydraqa.unicity.net\/v5a-test\/items\/764e2db430d361da99e8f6b70c4d0244","id":{"unicity":"29830"}},"terms":{"priceEach":20,"pvEach":7},"quantity":1}]}},{"currency":"USD","lines":{"items":[{"item":{"href":"https:\/\/hydraqa.unicity.net\/v5a-test\/items\/8b5ed9aa6c6132e1be5e446f69a3465e","id":{"unicity":"0954"}},"terms":{"priceEach":27,"pvEach":15},"quantity":1}]}},{"currency":"USD","lines":{"items":[{"item":{"href":"https:\/\/hydraqa.unicity.net\/v5a-test\/items\/b91affa753dd5ee8a9acef4fa7e2c9a7","id":{"unicity":"30414"}},"terms":{"priceEach":110,"pvEach":65},"quantity":1}]}},{"currency":"USD","lines":{"items":[{"item":{"href":"https:\/\/hydraqa.unicity.net\/v5a-test\/items\/9d9d002b0e21b9bd58ad0154a4f781c5","id":{"unicity":"28836"}},"terms":{"priceEach":75,"pvEach":36},"quantity":1}]}},{"currency":"USD","lines":{"items":[{"item":{"href":"https:\/\/hydraqa.unicity.net\/v5a-test\/items\/399be8efa903b362515c48315ab2afb9","id":{"unicity":"15712"}},"terms":{"priceEach":19,"pvEach":5},"quantity":1}]}},{"currency":"USD","lines":{"items":[{"item":{"href":"https:\/\/hydraqa.unicity.net\/v5a-test\/items\/390a7ae70d5669561ecdf7d5cff2671b","id":{"unicity":"15271"}},"terms":{"priceEach":89,"pvEach":27},"quantity":1}]}},{"currency":"USD","lines":{"items":[{"item":{"href":"https:\/\/hydraqa.unicity.net\/v5a-test\/items\/933f0856fd8ec1df83c5283dabf4ec3c","id":{"unicity":"6200"}},"terms":{"priceEach":88,"pvEach":47},"quantity":1}]}},{"currency":"USD","lines":{"items":[{"item":{"href":"https:\/\/hydraqa.unicity.net\/v5a-test\/items\/0cf62d38e91953b43dcfe88b06f813cb","id":{"unicity":"26557"}},"terms":{"priceEach":101,"pvEach":61},"quantity":1}]}},{"currency":"USD","lines":{"items":[{"item":{"href":"https:\/\/hydraqa.unicity.net\/v5a-test\/items\/3af97c67f653253825a9189a27da57d6","id":{"unicity":"26556"}},"terms":{"priceEach":101,"pvEach":61},"quantity":1}]}},{"currency":"USD","lines":{"items":[{"item":{"href":"https:\/\/hydraqa.unicity.net\/v5a-test\/items\/d489ec0d50f6e28d5743afc65439631b","id":{"unicity":"0960"}},"terms":{"priceEach":48,"pvEach":23},"quantity":1}]}},{"currency":"USD","lines":{"items":[{"item":{"href":"https:\/\/hydraqa.unicity.net\/v5a-test\/items\/66839181d7531692a8d886a9da6fb4d6","id":{"unicity":"25369"}},"terms":{"priceEach":63,"pvEach":25},"quantity":1}]}},{"currency":"USD","lines":{"items":[{"item":{"href":"https:\/\/hydraqa.unicity.net\/v5a-test\/items\/0eebdede5bdb8bf4d71e800b6f3cead1","id":{"unicity":"30825"}},"terms":{"priceEach":64,"pvEach":25},"quantity":1}]}},{"currency":"USD","lines":{"items":[{"item":{"href":"https:\/\/hydraqa.unicity.net\/v5a-test\/items\/5c2f1613082782e691d32fe9ce034026","id":{"unicity":"23728"}},"terms":{"priceEach":34,"pvEach":13},"quantity":1}]}},{"currency":"USD","lines":{"items":[{"item":{"href":"https:\/\/hydraqa.unicity.net\/v5a-test\/items\/9a6e1d094182389c3da8e0a320ff0e00","id":{"unicity":"27585"}},"terms":{"priceEach":69,"pvEach":33},"quantity":1}]}},{"currency":"USD","lines":{"items":[{"item":{"href":"https:\/\/hydraqa.unicity.net\/v5a-test\/items\/25eaf64b36ce31368f17ae789fd9ac5b","id":{"unicity":"29694"}},"terms":{"priceEach":69,"pvEach":33},"quantity":1}]}},{"currency":"USD","lines":{"items":[{"item":{"href":"https:\/\/hydraqa.unicity.net\/v5a-test\/items\/112b8c39286598b3730f630f371a45f4","id":{"unicity":"27587"}},"terms":{"priceEach":71,"pvEach":33},"quantity":1}]}},{"currency":"USD","lines":{"items":[{"item":{"href":"https:\/\/hydraqa.unicity.net\/v5a-test\/items\/16ca68abaaa92505c257be022a154769","id":{"unicity":"27615"}},"terms":{"priceEach":37,"pvEach":21},"quantity":1}]}},{"currency":"USD","lines":{"items":[{"item":{"href":"https:\/\/hydraqa.unicity.net\/v5a-test\/items\/362999101a321b721c87110710ae77b0","id":{"unicity":"29352"}},"terms":{"priceEach":149,"pvEach":80},"quantity":1}]}},{"currency":"USD","lines":{"items":[{"item":{"href":"https:\/\/hydraqa.unicity.net\/v5a-test\/items\/2f028442193b3166b6c4f9590bd352b4","id":{"unicity":"32366"}},"terms":{"priceEach":122,"pvEach":68},"quantity":1}]}},{"currency":"USD","lines":{"items":[{"item":{"href":"https:\/\/hydraqa.unicity.net\/v5a-test\/items\/18f4c25c966306833f623287c875d6ba","id":{"unicity":"32369"}},"terms":{"priceEach":191,"pvEach":93},"quantity":1}]}},{"currency":"USD","lines":{"items":[{"item":{"href":"https:\/\/hydraqa.unicity.net\/v5a-test\/items\/779b47d856ea7e246c9e5aabc6eca794","id":{"unicity":"32370"}},"terms":{"priceEach":171,"pvEach":95},"quantity":1}]}},{"currency":"USD","lines":{"items":[{"item":{"href":"https:\/\/hydraqa.unicity.net\/v5a-test\/items\/05ca08f3808f126c0cc42154c50fc75c","id":{"unicity":"29440"}},"terms":{"priceEach":138,"pvEach":90},"quantity":1}]}},{"currency":"USD","lines":{"items":[{"item":{"href":"https:\/\/hydraqa.unicity.net\/v5a-test\/items\/cea826eab72d44641c070aab6c97c1ac","id":{"unicity":"22747"}},"terms":{"priceEach":35,"pvEach":16},"quantity":1}]}},{"currency":"USD","lines":{"items":[{"item":{"href":"https:\/\/hydraqa.unicity.net\/v5a-test\/items\/1945faa1776541d53120ecfe3c1d8a2b","id":{"unicity":"24418"}},"terms":{"priceEach":7,"pvEach":0},"quantity":1}]}},{"currency":"USD","lines":{"items":[{"item":{"href":"https:\/\/hydraqa.unicity.net\/v5a-test\/items\/e0a19d3d676bccfdba0ab3d9f2766359","id":{"unicity":"30350"}},"terms":{"priceEach":60,"pvEach":30},"quantity":1}]}},{"currency":"USD","lines":{"items":[{"item":{"href":"https:\/\/hydraqa.unicity.net\/v5a-test\/items\/b2fc4b9ba4aa5cae54389161be2f841f","id":{"unicity":"18401"}},"terms":{"priceEach":40,"pvEach":19},"quantity":1}]}},{"currency":"USD","lines":{"items":[{"item":{"href":"https:\/\/hydraqa.unicity.net\/v5a-test\/items\/1b0412bea8c0b841c66f65a36aa14108","id":{"unicity":"29191"}},"terms":{"priceEach":80,"pvEach":36},"quantity":1}]}},{"currency":"USD","lines":{"items":[{"item":{"href":"https:\/\/hydraqa.unicity.net\/v5a-test\/items\/1bd53de7fe880ba71f46c9976ca2c137","id":{"unicity":"27739"}},"terms":{"priceEach":43,"pvEach":13},"quantity":1}]}},{"currency":"USD","lines":{"items":[{"item":{"href":"https:\/\/hydraqa.unicity.net\/v5a-test\/items\/035189015384166df518a68ede0299a9","id":{"unicity":"30408"}},"terms":{"priceEach":101,"pvEach":50},"quantity":1}]}},{"currency":"USD","lines":{"items":[{"item":{"href":"https:\/\/hydraqa.unicity.net\/v5a-test\/items\/bed533c634e887357ff031d8e4c776b0","id":{"unicity":"31751"}},"terms":{"priceEach":115,"pvEach":50},"quantity":1}]}},{"currency":"USD","lines":{"items":[{"item":{"href":"https:\/\/hydraqa.unicity.net\/v5a-test\/items\/e5029d0db50d6ea324b5e25f54d82636","id":{"unicity":"31651"}},"terms":{"priceEach":38,"pvEach":14},"quantity":1}]}},{"currency":"USD","lines":{"items":[{"item":{"href":"https:\/\/hydraqa.unicity.net\/v5a-test\/items\/c201dcd36f4bb7e17e7a8481ef08d6f2","id":{"unicity":"31518"}},"terms":{"priceEach":38,"pvEach":14},"quantity":1}]}},{"currency":"USD","lines":{"items":[{"item":{"href":"https:\/\/hydraqa.unicity.net\/v5a-test\/items\/f5a91f19576078a69f82c9f58805f479","id":{"unicity":"31655"}},"terms":{"priceEach":38,"pvEach":14},"quantity":1}]}},{"currency":"USD","lines":{"items":[{"item":{"href":"https:\/\/hydraqa.unicity.net\/v5a-test\/items\/0a3ede185ddf034630afd891c5106d33","id":{"unicity":"26562"}},"terms":{"priceEach":43,"pvEach":25},"quantity":1}]}},{"currency":"USD","lines":{"items":[{"item":{"href":"https:\/\/hydraqa.unicity.net\/v5a-test\/items\/4b2034f47fce90b87bba28c5c2d7c25d","id":{"unicity":"15880"}},"terms":{"priceEach":76,"pvEach":41},"quantity":1}]}},{"currency":"USD","lines":{"items":[{"item":{"href":"https:\/\/hydraqa.unicity.net\/v5a-test\/items\/aa0d72ac13b1ce88cf8c4a52ede75a37","id":{"unicity":"26552"}},"terms":{"priceEach":89,"pvEach":50},"quantity":1}]}},{"currency":"USD","lines":{"items":[{"item":{"href":"https:\/\/hydraqa.unicity.net\/v5a-test\/items\/8d994059c399f5551ab112574e4476fc","id":{"unicity":"24785"}},"terms":{"priceEach":18,"pvEach":9},"quantity":1}]}},{"currency":"USD","lines":{"items":[{"item":{"href":"https:\/\/hydraqa.unicity.net\/v5a-test\/items\/8ed7a8910d5c5335774fa9cfae0e511d","id":{"unicity":"18386"}},"terms":{"priceEach":35,"pvEach":21},"quantity":1}]}},{"currency":"USD","lines":{"items":[{"item":{"href":"https:\/\/hydraqa.unicity.net\/v5a-test\/items\/398d06b858b960f6f38086d40608aef2","id":{"unicity":"26560"}},"terms":{"priceEach":21,"pvEach":12},"quantity":1}]}},{"currency":"USD","lines":{"items":[{"item":{"href":"https:\/\/hydraqa.unicity.net\/v5a-test\/items\/55d3b550a17b78175cc5ac565e4266e8","id":{"unicity":"24621"}},"terms":{"priceEach":26,"pvEach":12},"quantity":1}]}},{"currency":"USD","lines":{"items":[{"item":{"href":"https:\/\/hydraqa.unicity.net\/v5a-test\/items\/bb5c627f16547cb4f706cef521bca356","id":{"unicity":"29437"}},"terms":{"priceEach":78,"pvEach":36},"quantity":1}]}},{"currency":"USD","lines":{"items":[{"item":{"href":"https:\/\/hydraqa.unicity.net\/v5a-test\/items\/0e78fbdfebef11cd62f8d2120064ee58","id":{"unicity":"30280"}},"terms":{"priceEach":52,"pvEach":24},"quantity":1}]}},{"currency":"USD","lines":{"items":[{"item":{"href":"https:\/\/hydraqa.unicity.net\/v5a-test\/items\/2835b1a78e379486f0ffbfd5fb9f6b0a","id":{"unicity":"30400"}},"terms":{"priceEach":49,"pvEach":28},"quantity":1}]}},{"currency":"USD","lines":{"items":[{"item":{"href":"https:\/\/hydraqa.unicity.net\/v5a-test\/items\/84bf86533ae28dc84370f3699cc13a1d","id":{"unicity":"17744"}},"terms":{"priceEach":127,"pvEach":62},"quantity":1}]}},{"currency":"USD","lines":{"items":[{"item":{"href":"https:\/\/hydraqa.unicity.net\/v5a-test\/items\/48433ffc76597c823adc2b8627e033e4","id":{"unicity":"26559"}},"terms":{"priceEach":39,"pvEach":20},"quantity":1}]}},{"currency":"USD","lines":{"items":[{"item":{"href":"https:\/\/hydraqa.unicity.net\/v5a-test\/items\/5a38f009bec6c23b1b3a70432f9722e5","id":{"unicity":"19596"}},"terms":{"priceEach":63,"pvEach":30},"quantity":1}]}},{"currency":"USD","lines":{"items":[{"item":{"href":"https:\/\/hydraqa.unicity.net\/v5a-test\/items\/38da42f991a40a00153b2e5055b82dbf","id":{"unicity":"27801"}},"terms":{"priceEach":225,"pvEach":130},"quantity":1}]}},{"currency":"USD","lines":{"items":[{"item":{"href":"https:\/\/hydraqa.unicity.net\/v5a-test\/items\/051e765a5a71835a859c2757edd359f0","id":{"unicity":"26580"}},"terms":{"priceEach":225,"pvEach":130},"quantity":1}]}},{"currency":"USD","lines":{"items":[{"item":{"href":"https:\/\/hydraqa.unicity.net\/v5a-test\/items\/11aed902b772de90f113ca8a6379a37c","id":{"unicity":"27951"}},"terms":{"priceEach":225,"pvEach":130},"quantity":1}]}},{"currency":"USD","lines":{"items":[{"item":{"href":"https:\/\/hydraqa.unicity.net\/v5a-test\/items\/e218d1cac5f31e7ae4f5876c29c57377","id":{"unicity":"29017"}},"terms":{"priceEach":49,"pvEach":26},"quantity":1}]}},{"currency":"USD","lines":{"items":[{"item":{"href":"https:\/\/hydraqa.unicity.net\/v5a-test\/items\/24ff5bda40c0d0e7eaa511866d052915","id":{"unicity":"29612"}},"terms":{"priceEach":61,"pvEach":30},"quantity":1}]}},{"currency":"USD","lines":{"items":[{"item":{"href":"https:\/\/hydraqa.unicity.net\/v5a-test\/items\/2c4c1abe00983e85aaa918d2ce341491","id":{"unicity":"17174"}},"terms":{"priceEach":22,"pvEach":10},"quantity":1}]}},{"currency":"USD","lines":{"items":[{"item":{"href":"https:\/\/hydraqa.unicity.net\/v5a-test\/items\/3f2d12d7a0e8551fc99fad3bbe1ba633","id":{"unicity":"26567"}},"terms":{"priceEach":70,"pvEach":35},"quantity":1}]}},{"currency":"USD","lines":{"items":[{"item":{"href":"https:\/\/hydraqa.unicity.net\/v5a-test\/items\/191637167cb3144bd2e8c4615e9ab67e","id":{"unicity":"26568"}},"terms":{"priceEach":70,"pvEach":35},"quantity":1}]}},{"currency":"USD","lines":{"items":[{"item":{"href":"https:\/\/hydraqa.unicity.net\/v5a-test\/items\/2cefc6a61faaae3455a5adcb0d8fc74f","id":{"unicity":"15907"}},"terms":{"priceEach":19,"pvEach":5},"quantity":1}]}},{"currency":"USD","lines":{"items":[{"item":{"href":"https:\/\/hydraqa.unicity.net\/v5a-test\/items\/e870d73cd94149d9f6b55de9736c9daa","id":{"unicity":"3107"}},"terms":{"priceEach":31,"pvEach":16},"quantity":1}]}},{"currency":"USD","lines":{"items":[{"item":{"href":"https:\/\/hydraqa.unicity.net\/v5a-test\/items\/b127a2d34d3d73e2f53e4c2002a7a4a2","id":{"unicity":"25008"}},"terms":{"priceEach":24,"pvEach":15},"quantity":1}]}},{"currency":"USD","lines":{"items":[{"item":{"href":"https:\/\/hydraqa.unicity.net\/v5a-test\/items\/dcdf1b79b8b6f644100ffc20fdca4683","id":{"unicity":"27835"}},"terms":{"priceEach":1891.5,"pvEach":1000},"quantity":1}]}},{"currency":"USD","lines":{"items":[{"item":{"href":"https:\/\/hydraqa.unicity.net\/v5a-test\/items\/efe7d99f2b77ea614d624d371afa4244","id":{"unicity":"25543"}},"terms":{"priceEach":1891.5,"pvEach":1000},"quantity":1}]}},{"currency":"USD","lines":{"items":[{"item":{"href":"https:\/\/hydraqa.unicity.net\/v5a-test\/items\/2da06ecf761a87f5619997496b83b745","id":{"unicity":"27831"}},"terms":{"priceEach":1891.5,"pvEach":1000},"quantity":1}]}},{"currency":"USD","lines":{"items":[{"item":{"href":"https:\/\/hydraqa.unicity.net\/v5a-test\/items\/1ab3a5a9b55fdf3618d21bf1d528afe4","id":{"unicity":"25542"}},"terms":{"priceEach":1891.5,"pvEach":1000},"quantity":1}]}},{"currency":"USD","lines":{"items":[{"item":{"href":"https:\/\/hydraqa.unicity.net\/v5a-test\/items\/52f0d3751a2d8f3f3670328e8157de5e","id":{"unicity":"27833"}},"terms":{"priceEach":1891.5,"pvEach":1000},"quantity":1}]}},{"currency":"USD","lines":{"items":[{"item":{"href":"https:\/\/hydraqa.unicity.net\/v5a-test\/items\/1535f370eb06bf30117fa28aa9ab1179","id":{"unicity":"25544"}},"terms":{"priceEach":1891.5,"pvEach":1000},"quantity":1}]}},{"currency":"USD","lines":{"items":[{"item":{"href":"https:\/\/hydraqa.unicity.net\/v5a-test\/items\/87f09080f7a29929816891acef721667","id":{"unicity":"25545"}},"terms":{"priceEach":1891.5,"pvEach":1000},"quantity":1}]}},{"currency":"USD","lines":{"items":[{"item":{"href":"https:\/\/hydraqa.unicity.net\/v5a-test\/items\/991cdbb84a495779eb209fb3956a77e4","id":{"unicity":"29183"}},"terms":{"priceEach":52,"pvEach":24},"quantity":1}]}},{"currency":"USD","lines":{"items":[{"item":{"href":"https:\/\/hydraqa.unicity.net\/v5a-test\/items\/cda534d686af5d627c94c4bb2c4b57d8","id":{"unicity":"26561"}},"terms":{"priceEach":21,"pvEach":11},"quantity":1}]}},{"currency":"USD","lines":{"items":[{"item":{"href":"https:\/\/hydraqa.unicity.net\/v5a-test\/items\/10da226fab00279b4f89df10af2a10b7","id":{"unicity":"26442"}},"terms":{"priceEach":8,"pvEach":0},"quantity":1}]}},{"currency":"USD","lines":{"items":[{"item":{"href":"https:\/\/hydraqa.unicity.net\/v5a-test\/items\/2de8516a24af8232add0bb392e750a71","id":{"unicity":"31859"}},"terms":{"priceEach":225,"pvEach":130},"quantity":1}]}},{"currency":"USD","lines":{"items":[{"item":{"href":"https:\/\/hydraqa.unicity.net\/v5a-test\/items\/cf8460040a1860bcabf250b6c1171675","id":{"unicity":"31858"}},"terms":{"priceEach":330,"pvEach":195},"quantity":1}]}},{"currency":"USD","lines":{"items":[{"item":{"href":"https:\/\/hydraqa.unicity.net\/v5a-test\/items\/4ab49eca1731e69206ccafb5112ad5a4","id":{"unicity":"31861"}},"terms":{"priceEach":245,"pvEach":135},"quantity":1}]}},{"currency":"USD","lines":{"items":[{"item":{"href":"https:\/\/hydraqa.unicity.net\/v5a-test\/items\/d4c8fce238d6fc34d17a4b36d1e4e59a","id":{"unicity":"31860"}},"terms":{"priceEach":245,"pvEach":135},"quantity":1}]}},{"currency":"USD","lines":{"items":[{"item":{"href":"https:\/\/hydraqa.unicity.net\/v5a-test\/items\/fd464cd7972cc1317e850b9196d886b8","id":{"unicity":"31863"}},"terms":{"priceEach":255,"pvEach":148},"quantity":1}]}},{"currency":"USD","lines":{"items":[{"item":{"href":"https:\/\/hydraqa.unicity.net\/v5a-test\/items\/e47fd287212acedd1cffb2b67bf623bd","id":{"unicity":"31862"}},"terms":{"priceEach":255,"pvEach":148},"quantity":1}]}},{"currency":"USD","lines":{"items":[{"item":{"href":"https:\/\/hydraqa.unicity.net\/v5a-test\/items\/024e696f8b44a1d315006e676604cd31","id":{"unicity":"27395"}},"terms":{"priceEach":32,"pvEach":16},"quantity":1}]}},{"currency":"USD","lines":{"items":[{"item":{"href":"https:\/\/hydraqa.unicity.net\/v5a-test\/items\/91a6016282310b83203d0bb7bea14a0f","id":{"unicity":"29050"}},"terms":{"priceEach":14.95,"pvEach":0},"quantity":1}]}},{"currency":"USD","lines":{"items":[{"item":{"href":"https:\/\/hydraqa.unicity.net\/v5a-test\/items\/7fc100f8d20814757efe2d79e41b315c","id":{"unicity":"32021"}},"terms":{"priceEach":104,"pvEach":60},"quantity":1}]}},{"currency":"USD","lines":{"items":[{"item":{"href":"https:\/\/hydraqa.unicity.net\/v5a-test\/items\/634f7efb30392b2a919de1355902d975","id":{"unicity":"29408"}},"terms":{"priceEach":99,"pvEach":52},"quantity":1}]}},{"currency":"USD","lines":{"items":[{"item":{"href":"https:\/\/hydraqa.unicity.net\/v5a-test\/items\/fa2407c91e64e66a72ab45172eb978df","id":{"unicity":"0988"}},"terms":{"priceEach":47,"pvEach":23},"quantity":1}]}},{"currency":"USD","lines":{"items":[{"item":{"href":"https:\/\/hydraqa.unicity.net\/v5a-test\/items\/64ec7ad932acafab052a4e8800ad1238","id":{"unicity":"24758"}},"terms":{"priceEach":40,"pvEach":21},"quantity":1}]}},{"currency":"USD","lines":{"items":[{"item":{"href":"https:\/\/hydraqa.unicity.net\/v5a-test\/items\/c61892f0a7b7e88054169a31d65d95e0","id":{"unicity":"18373"}},"terms":{"priceEach":22,"pvEach":10},"quantity":1}]}},{"currency":"USD","lines":{"items":[{"item":{"href":"https:\/\/hydraqa.unicity.net\/v5a-test\/items\/40a1044968ea62276f4ba87fd2ef0d8f","id":{"unicity":"12230"}},"terms":{"priceEach":52,"pvEach":18},"quantity":1}]}},{"currency":"USD","lines":{"items":[{"item":{"href":"https:\/\/hydraqa.unicity.net\/v5a-test\/items\/9ff4257741d464b686d15be955b8afb6","id":{"unicity":"0963"}},"terms":{"priceEach":54,"pvEach":25},"quantity":1}]}},{"currency":"USD","lines":{"items":[{"item":{"href":"https:\/\/hydraqa.unicity.net\/v5a-test\/items\/ddef5f478ff91aa2263b646a3bd03dea","id":{"unicity":"21420"}},"terms":{"priceEach":31,"pvEach":10},"quantity":1}]}}]}
Entry request : {"order":{"customer":{"href":"https://hydraqa.unicity.net/v5a-test/customers?type=PreferredCustomer"},"shipToAddress":{"country":"US"}},"vary":{"lines":{"items":[{"item":{"href":"https://hydraqa.unicity.net/v5a-test/items?id.unicity=26580|31440|31441|31651|31655|31518|31751|27801|27951|25542|27835|25543|27831|0963|15129|15271|15880|17174|22745|22747|23728|24758|25022|26550|26556|26557|26560|26561|26562|27615|27739|24418|22888|27585|17744|25008|26442|26551|6200|15916|18908|24785|29050|26552|26553|27028|0954|18401|27029|26559|19596|25544|25545|26945|25535|21420|24621|27833|27837|28836|15712|22165|0960|25369|30825|18386|26567|26568|15907|28513|3107|0988|18373|12230|26950|26786|27587|29017|25880|29694|29408|29437|29181|29183|29191|29352|29612|30350|27395|29440|29830|30408|30414|30400|30280|31314|31727|31728|31729|31730|31731|31842|31846|31845|31847|31858|31859|31863|31862|31860|31861|31958|32021|32030|32364|32365|32366|32367|32368|32369|32370|32371|32372|31106|26555"}}]}}}
Request URL: https://hydraqa.unicity.net/v5a-test/customers.js?callback=angular.callbacks._1&expand=customer,profilePicture&id.unicity=2
Request URL: https://hydraqa.unicity.net/v5a-test/customers.js?_httpMethod=HEAD&callback=angular.callbacks._4&email=XWKWXV@gmail.com
Request URL: https://hydraqa.unicity.net/v5a-test/addresses?country=US&zip=84097
Entry response : {"items":[{"city":"Orem","state":"UT"}]}
]]></system-out>
    <system-err><![CDATA[Starting ChromeDriver 2.36.540470 (e522d04694c7ebea4ba8821272dbef4f9b818c91) on port 45052
Only local connections are allowed.
Mar 17, 2020 1:27:31 PM org.openqa.selenium.remote.ProtocolHandshake createSession
INFO: Detected dialect: OSS
]]></system-err>
  </testcase>
  <testcase name="Enroll" classname="Tests.PrefferedCustomer" time="169.55">
    <failure message="Major Market expected [CA] but found [null]" type="java.lang.AssertionError">java.lang.AssertionError: Major Market expected [CA] but found [null]
	at Tests.PrefferedCustomer.Enroll(PrefferedCustomer.java:104)
</failure>
    <system-out><![CDATA[Request URL: https://hydraqa.unicity.net/v5a-test/quotes?&expand=item
Entry Quotes response : {"items":[{"currency":"CAD","lines":{"items":[{"item":{"href":"https:\/\/hydraqa.unicity.net\/v5a-test\/items\/fe97499574f54ccd16daec7361208411","id":{"unicity":"26570"}},"terms":{"priceEach":26,"pvEach":13},"quantity":1}]}},{"currency":"CAD","lines":{"items":[{"item":{"href":"https:\/\/hydraqa.unicity.net\/v5a-test\/items\/9666510b53026f2d730c43746482be9c","id":{"unicity":"31849"}},"terms":{"priceEach":208,"pvEach":100},"quantity":1}]}},{"currency":"CAD","lines":{"items":[{"item":{"href":"https:\/\/hydraqa.unicity.net\/v5a-test\/items\/42d7ab6b9834716f6ebdd66f1a86d7b1","id":{"unicity":"30980"}},"terms":{"priceEach":25,"pvEach":8},"quantity":1}]}},{"currency":"CAD","lines":{"items":[{"item":{"href":"https:\/\/hydraqa.unicity.net\/v5a-test\/items\/f847ce37f5942a226f74e671c86709f8","id":{"unicity":"28787"}},"terms":{"priceEach":39,"pvEach":17},"quantity":1}]}},{"currency":"CAD","lines":{"items":[{"item":{"href":"https:\/\/hydraqa.unicity.net\/v5a-test\/items\/581848fdf2bd6cdafbedf9735f46eb17","id":{"unicity":"27182"}},"terms":{"priceEach":1995,"pvEach":1000},"quantity":1}]}},{"currency":"CAD","lines":{"items":[{"item":{"href":"https:\/\/hydraqa.unicity.net\/v5a-test\/items\/5e53a07a3c37f90fa4fbb21b19b06cac","id":{"unicity":"27184"}},"terms":{"priceEach":1995,"pvEach":1000},"quantity":1}]}},{"currency":"CAD","lines":{"items":[{"item":{"href":"https:\/\/hydraqa.unicity.net\/v5a-test\/items\/1945faa1776541d53120ecfe3c1d8a2b","id":{"unicity":"24418"}},"terms":{"priceEach":6,"pvEach":0},"quantity":1}]}},{"currency":"CAD","lines":{"items":[{"item":{"href":"https:\/\/hydraqa.unicity.net\/v5a-test\/items\/828f9b5bdbceaa7cd3ca6a4532632635","id":{"unicity":"19356"}},"terms":{"priceEach":41,"pvEach":21},"quantity":1}]}},{"currency":"CAD","lines":{"items":[{"item":{"href":"https:\/\/hydraqa.unicity.net\/v5a-test\/items\/1b0412bea8c0b841c66f65a36aa14108","id":{"unicity":"29191"}},"terms":{"priceEach":104,"pvEach":36},"quantity":1}]}},{"currency":"CAD","lines":{"items":[{"item":{"href":"https:\/\/hydraqa.unicity.net\/v5a-test\/items\/cb1cb2d293cc48affee9b2026c31313a","id":{"unicity":"28928"}},"terms":{"priceEach":47,"pvEach":13},"quantity":1}]}},{"currency":"CAD","lines":{"items":[{"item":{"href":"https:\/\/hydraqa.unicity.net\/v5a-test\/items\/2ffc1563d3d0fd7121ca5b1c2184988e","id":{"unicity":"28428"}},"terms":{"priceEach":111,"pvEach":62},"quantity":1}]}},{"currency":"CAD","lines":{"items":[{"item":{"href":"https:\/\/hydraqa.unicity.net\/v5a-test\/items\/637af131553f5822bef2bb0f0577b2e9","id":{"unicity":"28160"}},"terms":{"priceEach":118,"pvEach":62},"quantity":1}]}},{"currency":"CAD","lines":{"items":[{"item":{"href":"https:\/\/hydraqa.unicity.net\/v5a-test\/items\/6e0e7450f45cb9412e5b4642dd1469cb","id":{"unicity":"26579"}},"terms":{"priceEach":24,"pvEach":13},"quantity":1}]}},{"currency":"CAD","lines":{"items":[{"item":{"href":"https:\/\/hydraqa.unicity.net\/v5a-test\/items\/25903b9f5822fe7addc90c0561021374","id":{"unicity":"30136"}},"terms":{"priceEach":365,"pvEach":133},"quantity":1}]}},{"currency":"CAD","lines":{"items":[{"item":{"href":"https:\/\/hydraqa.unicity.net\/v5a-test\/items\/6b12c1e4bef067dceb5ac0ed8c54420d","id":{"unicity":"28096"}},"terms":{"priceEach":26,"pvEach":10},"quantity":1}]}},{"currency":"CAD","lines":{"items":[{"item":{"href":"https:\/\/hydraqa.unicity.net\/v5a-test\/items\/cfc721c9fb00317ed614492f65f21460","id":{"unicity":"31288"}},"terms":{"priceEach":59,"pvEach":30},"quantity":1}]}},{"currency":"CAD","lines":{"items":[{"item":{"href":"https:\/\/hydraqa.unicity.net\/v5a-test\/items\/dd619e405d660b27ccf73ce78079e1d9","id":{"unicity":"28325"}},"terms":{"priceEach":1995,"pvEach":1000},"quantity":1}]}},{"currency":"CAD","lines":{"items":[{"item":{"href":"https:\/\/hydraqa.unicity.net\/v5a-test\/items\/1785a19a6bf5472c7c1ded08cb7fd083","id":{"unicity":"28326"}},"terms":{"priceEach":1995,"pvEach":1000},"quantity":1}]}},{"currency":"CAD","lines":{"items":[{"item":{"href":"https:\/\/hydraqa.unicity.net\/v5a-test\/items\/351c19047c5c800d2db6963b3af5df78","id":{"unicity":"27080"}},"terms":{"priceEach":67,"pvEach":35},"quantity":1}]}},{"currency":"CAD","lines":{"items":[{"item":{"href":"https:\/\/hydraqa.unicity.net\/v5a-test\/items\/4b1b6b6007d154296fd6c4044c789f67","id":{"unicity":"28329"}},"terms":{"priceEach":284,"pvEach":150},"quantity":1}]}},{"currency":"CAD","lines":{"items":[{"item":{"href":"https:\/\/hydraqa.unicity.net\/v5a-test\/items\/bb1a7c3a2902e2cbc4cb2a22fdf1f499","id":{"unicity":"26993"}},"terms":{"priceEach":284,"pvEach":150},"quantity":1}]}},{"currency":"CAD","lines":{"items":[{"item":{"href":"https:\/\/hydraqa.unicity.net\/v5a-test\/items\/ae14f4659032c9e8591a7ac76abd1ad5","id":{"unicity":"26569"}},"terms":{"priceEach":50,"pvEach":30},"quantity":1}]}},{"currency":"CAD","lines":{"items":[{"item":{"href":"https:\/\/hydraqa.unicity.net\/v5a-test\/items\/702718a42df24a0c9435af2fdc464748","id":{"unicity":"27400"}},"terms":{"priceEach":53,"pvEach":30},"quantity":1}]}},{"currency":"CAD","lines":{"items":[{"item":{"href":"https:\/\/hydraqa.unicity.net\/v5a-test\/items\/8407b62b9c4120aa3dfe25c9feb76e4a","id":{"unicity":"28591"}},"terms":{"priceEach":24,"pvEach":15},"quantity":1}]}},{"currency":"CAD","lines":{"items":[{"item":{"href":"https:\/\/hydraqa.unicity.net\/v5a-test\/items\/991cdbb84a495779eb209fb3956a77e4","id":{"unicity":"29183"}},"terms":{"priceEach":69,"pvEach":24},"quantity":1}]}},{"currency":"CAD","lines":{"items":[{"item":{"href":"https:\/\/hydraqa.unicity.net\/v5a-test\/items\/c4744f6ba328b983bfffc7e1e4416ff3","id":{"unicity":"26565"}},"terms":{"priceEach":117,"pvEach":64},"quantity":1}]}},{"currency":"CAD","lines":{"items":[{"item":{"href":"https:\/\/hydraqa.unicity.net\/v5a-test\/items\/10da226fab00279b4f89df10af2a10b7","id":{"unicity":"26442"}},"terms":{"priceEach":10,"pvEach":0},"quantity":1}]}},{"currency":"CAD","lines":{"items":[{"item":{"href":"https:\/\/hydraqa.unicity.net\/v5a-test\/items\/576e0ebc8d1f5b26fc89bf3cd47a26c6","id":{"unicity":"26572"}},"terms":{"priceEach":110,"pvEach":56},"quantity":1}]}},{"currency":"CAD","lines":{"items":[{"item":{"href":"https:\/\/hydraqa.unicity.net\/v5a-test\/items\/60b5ca15c481444657970edde11b04ce","id":{"unicity":"26571"}},"terms":{"priceEach":110,"pvEach":56},"quantity":1}]}},{"currency":"CAD","lines":{"items":[{"item":{"href":"https:\/\/hydraqa.unicity.net\/v5a-test\/items\/e77144fa2fcf6a4dc73c15b4d615c1aa","id":{"unicity":"28437"}},"terms":{"priceEach":85,"pvEach":33},"quantity":1}]}},{"currency":"CAD","lines":{"items":[{"item":{"href":"https:\/\/hydraqa.unicity.net\/v5a-test\/items\/b24413d1812bb9c95ba6ff7e26bad8ff","id":{"unicity":"26566"}},"terms":{"priceEach":54,"pvEach":32},"quantity":1}]}},{"currency":"CAD","lines":{"items":[{"item":{"href":"https:\/\/hydraqa.unicity.net\/v5a-test\/items\/46ea1edabdcf18f49817c437346958eb","id":{"unicity":"29147"}},"terms":{"priceEach":85,"pvEach":33},"quantity":1}]}},{"currency":"CAD","lines":{"items":[{"item":{"href":"https:\/\/hydraqa.unicity.net\/v5a-test\/items\/91a6016282310b83203d0bb7bea14a0f","id":{"unicity":"29050"}},"terms":{"priceEach":15,"pvEach":0},"quantity":1}]}},{"currency":"CAD","lines":{"items":[{"item":{"href":"https:\/\/hydraqa.unicity.net\/v5a-test\/items\/5c430db0256426c4b730bc6994a94a02","id":{"unicity":"31773"}},"terms":{"priceEach":34,"pvEach":13},"quantity":1}]}},{"currency":"CAD","lines":{"items":[{"item":{"href":"https:\/\/hydraqa.unicity.net\/v5a-test\/items\/e84750c27b2b9f10e6b4d2ab5a1954ba","id":{"unicity":"30115"}},"terms":{"priceEach":137,"pvEach":56},"quantity":1}]}},{"currency":"CAD","lines":{"items":[{"item":{"href":"https:\/\/hydraqa.unicity.net\/v5a-test\/items\/a40ede5f6847ec094ad8a38616ced7d0","id":{"unicity":"28100"}},"terms":{"priceEach":46,"pvEach":25},"quantity":1}]}}]}
Entry request : {"order":{"customer":{"href":"https://hydraqa.unicity.net/v5a-test/customers?type=PreferredCustomer"},"shipToAddress":{"country":"CA"}},"vary":{"lines":{"items":[{"item":{"href":"https://hydraqa.unicity.net/v5a-test/items?id.unicity=26993|31440|31442|27182|27184|28325|28327|26996|28329|28332|26572|27400|24418|29147|28437|28591|26580|26442|28370|28096|26571|29050|28326|28328|26994|26995|28330|28331|28428|28160|26574|26565|26570|26569|27589|27080|13668|28787|26566|26579|19356|28928|20436|28100|28845|29183|29185|29191|30115|30980|31110|31773|31288|32152|30136|31849"}}]}}}
Request URL: https://hydraqa.unicity.net/v5a-test/customers.js?callback=angular.callbacks._1&expand=customer,profilePicture&id.unicity=2
Request URL: https://hydraqa.unicity.net/v5a-test/customers.js?_httpMethod=HEAD&callback=angular.callbacks._4&email=RVVQQG@gmail.com
Request URL: https://hydraqa.unicity.net/v5a-test/addresses?country=CA&zip=B4V2K4
Entry response : {"items":[{"city":"Bridgewater","state":"NS"}]}
{sponsor=2, gender=male, city=BRIDGEWATER, cartprice=2112.0, enroller=2, arpack=Prime Health Pack - Cholesterol/Energy/Vanilla, language=English, locale=en, type=PreferredCustomer, platform=QA, lname=TestLastName, password=Unicity, genderoption=Male, Currency=USD, api=4, state=[NS], email=RVVQQG@gmail.com, zip=B4V2K4, fname=TestFirstName, prefferd=Canada, address2=Address 2, address1=Address 1, shippingmethod=type=Canada Post, version=v5a-test/, testcase=normal, market=Canada, aritemcode=26993, referral=yes, martial=Single, phone=9823746323, proto=https://hydraqa.unicity.net/, marketcode=CA, maritaloption=Single, ccname=CCNameTest}
Request URL: https://hydraqa.unicity.net/v5a-test/orders.js
Entry request : {"customer":{"mainAddress":{"city":"BRIDGEWATER","country":"CA","state":"NS","zip":"B4V2K4","address1":"Address 1","address2":"Address 2"},"humanName":{"firstName":"TestFirstName","lastName":"TestLastName"},"email":"RVVQQG@gmail.com","preferredLocale":"en-CA","password":{"value":"Unicity"},"gender":"male","maritalStatus":"Single","type":"PreferredCustomer","creditcardaliases":[{"methodDetails":{"creditCardNumber":"4111111111111111","payer":"TestFirstName TestLastName","creditCardExpires":"2020-10"},"billToName":{"firstName":"TestFirstName","lastName":"TestLastName"},"billToAddress":{"address1":"Address 1","address2":"Address 2","city":"BRIDGEWATER","state":"NS","zip":"B4V2K4","country":"CA"}}],"sponsor":{"href":"https://hydraqa.unicity.net/v5a-test/customers?id.unicity=2"},"enroller":{"href":"https://hydraqa.unicity.net/v5a-test/customers?id.unicity=2"},"homePhone":"9823746323","autoorders":{"items":[{"recurrence":{"schedule":{"month":"*","dayOfMonth":"5","skipRepetitions":"2"},"status":"Enabled"},"lines":{"items":[{"item":{"href":"https://hydraqa.unicity.net/v5a-test/items?id.unicity=26993"},"quantity":1}]},"shipToName":{"firstName":"TestFirstName","lastName":"TestLastName"},"shipToPhone":"9823746323","shipToEmail":"RVVQQG@gmail.com","shipToAddress":{"city":"BRIDGEWATER","country":"CA","state":"NS","address1":"Address 1","address2":"Address 2","zip":"B4V2K4"},"shippingMethod":{"href":"https://hydraqa.unicity.net/v5a-test/shippingmethods?type=Canada Post"},"transactions":{"items":[{"amount":"this.terms.total","type":"AuthorizeAndCapture","method":"CreditCardAlias","methodDetails":{"alias":"this.customer.creditcardaliases[0].alias"}}]}}]},"rights":[]},"lines":{"items":[{"item":{"href":"https://hydraqa.unicity.net/v5a-test/items?id.unicity=26565"},"quantity":1},{"item":{"href":"https://hydraqa.unicity.net/v5a-test/items?id.unicity=27182"},"quantity":1}]},"shipToName":{"firstName":"TestFirstName","lastName":"TestLastName"},"shipToPhone":"9823746323","shipToEmail":"RVVQQG@gmail.com","shipToAddress":{"city":"BRIDGEWATER","country":"CA","state":"NS","address1":"Address 1","address2":"Address 2","zip":"B4V2K4"},"shippingMethod":{"href":"https://hydraqa.unicity.net/v5a-test/shippingmethods?type=Canada Post"},"notes":"","transactions":{"items":[{"amount":"this.terms.total","type":"AuthorizeAndCapture","method":"CreditCard","methodDetails":{"creditCardNumber":"4111111111111111","payer":"CCNameTest","creditCardExpires":"2020-10","creditCardSecurityCode":"123"},"billToAddress":{"address1":"Address 1","address2":"Address 2","city":"BRIDGEWATER","state":"NS","zip":"B4V2K4","country":"CA"}},{"type":"AuthorizeAndCapture","method":"Coupon","methodDetails":{"code":"Fre3Aut0Sh!p"}}]}}
Entry response : {"meta":{"Link":"<http:\/\/unicity.github.io\/Hydra.php\/docs\/v5\/>; rel=\"help\"","X-Request-UUID":"3c9994e3-3973-4f4a-8870-0c008fcf64d4","X-Request-Release":"5-2020030902\/master","Cache-Control":"no-cache, must-revalidate","Expires":"0","X-Powered-By":"Luracast Restler v3.0.0rc5","Content-Type":"text\/javascript; charset=utf-8","Content-Language":"en","X-Status-Code":"402"},"data":{"error":{"code":402,"message":"Payment Required","error_code":"3009","error_message":"Could not authorize and capture credit card payment. Error #D4K4Y","upstream_error_message":"ACTION 130 IS NOT ALLOWED FOR MERCHANT 8270, IPADDRESS 34.199.186.86"}}}
Headers-->keep-alive
Headers-->2714
Headers-->application/json, text/plain, */*
Headers-->http://enroll.ng.unicityqa.com
Headers-->en-CA
]]></system-out>
    <system-err><![CDATA[Starting ChromeDriver 2.36.540470 (e522d04694c7ebea4ba8821272dbef4f9b818c91) on port 24949
Only local connections are allowed.
Mar 17, 2020 1:30:17 PM org.openqa.selenium.remote.ProtocolHandshake createSession
INFO: Detected dialect: OSS
]]></system-err>
  </testcase>
  <testcase name="Enroll" classname="Tests.PrefferedCustomer" time="169.77">
    <failure message="Major Market expected [CA] but found [null]" type="java.lang.AssertionError">java.lang.AssertionError: Major Market expected [CA] but found [null]
	at Tests.PrefferedCustomer.Enroll(PrefferedCustomer.java:104)
</failure>
    <system-out><![CDATA[Request URL: https://hydraqa.unicity.net/v5a-test/quotes?&expand=item
Entry Quotes response : {"items":[{"currency":"CAD","lines":{"items":[{"item":{"href":"https:\/\/hydraqa.unicity.net\/v5a-test\/items\/fe97499574f54ccd16daec7361208411","id":{"unicity":"26570"}},"terms":{"priceEach":26,"pvEach":13},"quantity":1}]}},{"currency":"CAD","lines":{"items":[{"item":{"href":"https:\/\/hydraqa.unicity.net\/v5a-test\/items\/9666510b53026f2d730c43746482be9c","id":{"unicity":"31849"}},"terms":{"priceEach":208,"pvEach":100},"quantity":1}]}},{"currency":"CAD","lines":{"items":[{"item":{"href":"https:\/\/hydraqa.unicity.net\/v5a-test\/items\/42d7ab6b9834716f6ebdd66f1a86d7b1","id":{"unicity":"30980"}},"terms":{"priceEach":25,"pvEach":8},"quantity":1}]}},{"currency":"CAD","lines":{"items":[{"item":{"href":"https:\/\/hydraqa.unicity.net\/v5a-test\/items\/f847ce37f5942a226f74e671c86709f8","id":{"unicity":"28787"}},"terms":{"priceEach":39,"pvEach":17},"quantity":1}]}},{"currency":"CAD","lines":{"items":[{"item":{"href":"https:\/\/hydraqa.unicity.net\/v5a-test\/items\/581848fdf2bd6cdafbedf9735f46eb17","id":{"unicity":"27182"}},"terms":{"priceEach":1995,"pvEach":1000},"quantity":1}]}},{"currency":"CAD","lines":{"items":[{"item":{"href":"https:\/\/hydraqa.unicity.net\/v5a-test\/items\/5e53a07a3c37f90fa4fbb21b19b06cac","id":{"unicity":"27184"}},"terms":{"priceEach":1995,"pvEach":1000},"quantity":1}]}},{"currency":"CAD","lines":{"items":[{"item":{"href":"https:\/\/hydraqa.unicity.net\/v5a-test\/items\/1945faa1776541d53120ecfe3c1d8a2b","id":{"unicity":"24418"}},"terms":{"priceEach":6,"pvEach":0},"quantity":1}]}},{"currency":"CAD","lines":{"items":[{"item":{"href":"https:\/\/hydraqa.unicity.net\/v5a-test\/items\/828f9b5bdbceaa7cd3ca6a4532632635","id":{"unicity":"19356"}},"terms":{"priceEach":41,"pvEach":21},"quantity":1}]}},{"currency":"CAD","lines":{"items":[{"item":{"href":"https:\/\/hydraqa.unicity.net\/v5a-test\/items\/1b0412bea8c0b841c66f65a36aa14108","id":{"unicity":"29191"}},"terms":{"priceEach":104,"pvEach":36},"quantity":1}]}},{"currency":"CAD","lines":{"items":[{"item":{"href":"https:\/\/hydraqa.unicity.net\/v5a-test\/items\/cb1cb2d293cc48affee9b2026c31313a","id":{"unicity":"28928"}},"terms":{"priceEach":47,"pvEach":13},"quantity":1}]}},{"currency":"CAD","lines":{"items":[{"item":{"href":"https:\/\/hydraqa.unicity.net\/v5a-test\/items\/2ffc1563d3d0fd7121ca5b1c2184988e","id":{"unicity":"28428"}},"terms":{"priceEach":111,"pvEach":62},"quantity":1}]}},{"currency":"CAD","lines":{"items":[{"item":{"href":"https:\/\/hydraqa.unicity.net\/v5a-test\/items\/637af131553f5822bef2bb0f0577b2e9","id":{"unicity":"28160"}},"terms":{"priceEach":118,"pvEach":62},"quantity":1}]}},{"currency":"CAD","lines":{"items":[{"item":{"href":"https:\/\/hydraqa.unicity.net\/v5a-test\/items\/6e0e7450f45cb9412e5b4642dd1469cb","id":{"unicity":"26579"}},"terms":{"priceEach":24,"pvEach":13},"quantity":1}]}},{"currency":"CAD","lines":{"items":[{"item":{"href":"https:\/\/hydraqa.unicity.net\/v5a-test\/items\/25903b9f5822fe7addc90c0561021374","id":{"unicity":"30136"}},"terms":{"priceEach":365,"pvEach":133},"quantity":1}]}},{"currency":"CAD","lines":{"items":[{"item":{"href":"https:\/\/hydraqa.unicity.net\/v5a-test\/items\/6b12c1e4bef067dceb5ac0ed8c54420d","id":{"unicity":"28096"}},"terms":{"priceEach":26,"pvEach":10},"quantity":1}]}},{"currency":"CAD","lines":{"items":[{"item":{"href":"https:\/\/hydraqa.unicity.net\/v5a-test\/items\/cfc721c9fb00317ed614492f65f21460","id":{"unicity":"31288"}},"terms":{"priceEach":59,"pvEach":30},"quantity":1}]}},{"currency":"CAD","lines":{"items":[{"item":{"href":"https:\/\/hydraqa.unicity.net\/v5a-test\/items\/dd619e405d660b27ccf73ce78079e1d9","id":{"unicity":"28325"}},"terms":{"priceEach":1995,"pvEach":1000},"quantity":1}]}},{"currency":"CAD","lines":{"items":[{"item":{"href":"https:\/\/hydraqa.unicity.net\/v5a-test\/items\/1785a19a6bf5472c7c1ded08cb7fd083","id":{"unicity":"28326"}},"terms":{"priceEach":1995,"pvEach":1000},"quantity":1}]}},{"currency":"CAD","lines":{"items":[{"item":{"href":"https:\/\/hydraqa.unicity.net\/v5a-test\/items\/351c19047c5c800d2db6963b3af5df78","id":{"unicity":"27080"}},"terms":{"priceEach":67,"pvEach":35},"quantity":1}]}},{"currency":"CAD","lines":{"items":[{"item":{"href":"https:\/\/hydraqa.unicity.net\/v5a-test\/items\/4b1b6b6007d154296fd6c4044c789f67","id":{"unicity":"28329"}},"terms":{"priceEach":284,"pvEach":150},"quantity":1}]}},{"currency":"CAD","lines":{"items":[{"item":{"href":"https:\/\/hydraqa.unicity.net\/v5a-test\/items\/bb1a7c3a2902e2cbc4cb2a22fdf1f499","id":{"unicity":"26993"}},"terms":{"priceEach":284,"pvEach":150},"quantity":1}]}},{"currency":"CAD","lines":{"items":[{"item":{"href":"https:\/\/hydraqa.unicity.net\/v5a-test\/items\/ae14f4659032c9e8591a7ac76abd1ad5","id":{"unicity":"26569"}},"terms":{"priceEach":50,"pvEach":30},"quantity":1}]}},{"currency":"CAD","lines":{"items":[{"item":{"href":"https:\/\/hydraqa.unicity.net\/v5a-test\/items\/702718a42df24a0c9435af2fdc464748","id":{"unicity":"27400"}},"terms":{"priceEach":53,"pvEach":30},"quantity":1}]}},{"currency":"CAD","lines":{"items":[{"item":{"href":"https:\/\/hydraqa.unicity.net\/v5a-test\/items\/8407b62b9c4120aa3dfe25c9feb76e4a","id":{"unicity":"28591"}},"terms":{"priceEach":24,"pvEach":15},"quantity":1}]}},{"currency":"CAD","lines":{"items":[{"item":{"href":"https:\/\/hydraqa.unicity.net\/v5a-test\/items\/991cdbb84a495779eb209fb3956a77e4","id":{"unicity":"29183"}},"terms":{"priceEach":69,"pvEach":24},"quantity":1}]}},{"currency":"CAD","lines":{"items":[{"item":{"href":"https:\/\/hydraqa.unicity.net\/v5a-test\/items\/c4744f6ba328b983bfffc7e1e4416ff3","id":{"unicity":"26565"}},"terms":{"priceEach":117,"pvEach":64},"quantity":1}]}},{"currency":"CAD","lines":{"items":[{"item":{"href":"https:\/\/hydraqa.unicity.net\/v5a-test\/items\/10da226fab00279b4f89df10af2a10b7","id":{"unicity":"26442"}},"terms":{"priceEach":10,"pvEach":0},"quantity":1}]}},{"currency":"CAD","lines":{"items":[{"item":{"href":"https:\/\/hydraqa.unicity.net\/v5a-test\/items\/576e0ebc8d1f5b26fc89bf3cd47a26c6","id":{"unicity":"26572"}},"terms":{"priceEach":110,"pvEach":56},"quantity":1}]}},{"currency":"CAD","lines":{"items":[{"item":{"href":"https:\/\/hydraqa.unicity.net\/v5a-test\/items\/60b5ca15c481444657970edde11b04ce","id":{"unicity":"26571"}},"terms":{"priceEach":110,"pvEach":56},"quantity":1}]}},{"currency":"CAD","lines":{"items":[{"item":{"href":"https:\/\/hydraqa.unicity.net\/v5a-test\/items\/e77144fa2fcf6a4dc73c15b4d615c1aa","id":{"unicity":"28437"}},"terms":{"priceEach":85,"pvEach":33},"quantity":1}]}},{"currency":"CAD","lines":{"items":[{"item":{"href":"https:\/\/hydraqa.unicity.net\/v5a-test\/items\/b24413d1812bb9c95ba6ff7e26bad8ff","id":{"unicity":"26566"}},"terms":{"priceEach":54,"pvEach":32},"quantity":1}]}},{"currency":"CAD","lines":{"items":[{"item":{"href":"https:\/\/hydraqa.unicity.net\/v5a-test\/items\/46ea1edabdcf18f49817c437346958eb","id":{"unicity":"29147"}},"terms":{"priceEach":85,"pvEach":33},"quantity":1}]}},{"currency":"CAD","lines":{"items":[{"item":{"href":"https:\/\/hydraqa.unicity.net\/v5a-test\/items\/91a6016282310b83203d0bb7bea14a0f","id":{"unicity":"29050"}},"terms":{"priceEach":15,"pvEach":0},"quantity":1}]}},{"currency":"CAD","lines":{"items":[{"item":{"href":"https:\/\/hydraqa.unicity.net\/v5a-test\/items\/5c430db0256426c4b730bc6994a94a02","id":{"unicity":"31773"}},"terms":{"priceEach":34,"pvEach":13},"quantity":1}]}},{"currency":"CAD","lines":{"items":[{"item":{"href":"https:\/\/hydraqa.unicity.net\/v5a-test\/items\/e84750c27b2b9f10e6b4d2ab5a1954ba","id":{"unicity":"30115"}},"terms":{"priceEach":137,"pvEach":56},"quantity":1}]}},{"currency":"CAD","lines":{"items":[{"item":{"href":"https:\/\/hydraqa.unicity.net\/v5a-test\/items\/a40ede5f6847ec094ad8a38616ced7d0","id":{"unicity":"28100"}},"terms":{"priceEach":46,"pvEach":25},"quantity":1}]}}]}
Entry request : {"order":{"customer":{"href":"https://hydraqa.unicity.net/v5a-test/customers?type=PreferredCustomer"},"shipToAddress":{"country":"CA"}},"vary":{"lines":{"items":[{"item":{"href":"https://hydraqa.unicity.net/v5a-test/items?id.unicity=26993|31440|31442|27182|27184|28325|28327|26996|28329|28332|26572|27400|24418|29147|28437|28591|26580|26442|28370|28096|26571|29050|28326|28328|26994|26995|28330|28331|28428|28160|26574|26565|26570|26569|27589|27080|13668|28787|26566|26579|19356|28928|20436|28100|28845|29183|29185|29191|30115|30980|31110|31773|31288|32152|30136|31849"}}]}}}
Request URL: https://hydraqa.unicity.net/v5a-test/customers.js?callback=angular.callbacks._1&expand=customer,profilePicture&id.unicity=2
Request URL: https://hydraqa.unicity.net/v5a-test/customers.js?_httpMethod=HEAD&callback=angular.callbacks._4&email=GZZAQP@gmail.com
Request URL: https://hydraqa.unicity.net/v5a-test/addresses?country=CA&zip=B4V2K4
Entry response : {"items":[{"city":"Bridgewater","state":"NS"}]}
{sponsor=2, gender=male, city=BRIDGEWATER, cartprice=401.0, enroller=2, arpack=Prime Health Pack - Cholesterol/Energy/Vanilla, language=Français, locale=fr, type=PreferredCustomer, platform=QA, lname=TestLastName, password=Unicity, genderoption=Homme, Currency=USD, api=4, state=[NS], email=GZZAQP@gmail.com, zip=B4V2K4, fname=TestFirstName, prefferd=Canada, address2=Address 2, address1=Address 1, shippingmethod=type=UPS Ground, version=v5a-test/, testcase=normal, market=Canada, aritemcode=26993, referral=yes, martial=Single, phone=9823746323, proto=https://hydraqa.unicity.net/, marketcode=CA, maritaloption=Célibataire, ccname=CCNameTest}
Request URL: https://hydraqa.unicity.net/v5a-test/orders.js
Entry request : {"customer":{"mainAddress":{"city":"BRIDGEWATER","country":"CA","state":"NS","zip":"B4V2K4","address1":"Address 1","address2":"Address 2"},"humanName":{"firstName":"TestFirstName","lastName":"TestLastName"},"email":"GZZAQP@gmail.com","preferredLocale":"fr-CA","password":{"value":"Unicity"},"gender":"male","maritalStatus":"Single","type":"PreferredCustomer","creditcardaliases":[{"methodDetails":{"creditCardNumber":"4111111111111111","payer":"TestFirstName TestLastName","creditCardExpires":"2020-10"},"billToName":{"firstName":"TestFirstName","lastName":"TestLastName"},"billToAddress":{"address1":"Address 1","address2":"Address 2","city":"BRIDGEWATER","state":"NS","zip":"B4V2K4","country":"CA"}}],"sponsor":{"href":"https://hydraqa.unicity.net/v5a-test/customers?id.unicity=2"},"enroller":{"href":"https://hydraqa.unicity.net/v5a-test/customers?id.unicity=2"},"homePhone":"9823746323","autoorders":{"items":[{"recurrence":{"schedule":{"month":"*","dayOfMonth":"5"},"status":"Enabled"},"lines":{"items":[{"item":{"href":"https://hydraqa.unicity.net/v5a-test/items?id.unicity=26993"},"quantity":1}]},"shipToName":{"firstName":"TestFirstName","lastName":"TestLastName"},"shipToPhone":"9823746323","shipToEmail":"GZZAQP@gmail.com","shipToAddress":{"city":"BRIDGEWATER","country":"CA","state":"NS","address1":"Address 1","address2":"Address 2","zip":"B4V2K4"},"shippingMethod":{"href":"https://hydraqa.unicity.net/v5a-test/shippingmethods?type=UPS Ground"},"transactions":{"items":[{"amount":"this.terms.total","type":"AuthorizeAndCapture","method":"CreditCardAlias","methodDetails":{"alias":"this.customer.creditcardaliases[0].alias"}}]}}]},"rights":[]},"lines":{"items":[{"item":{"href":"https://hydraqa.unicity.net/v5a-test/items?id.unicity=26565"},"quantity":1},{"item":{"href":"https://hydraqa.unicity.net/v5a-test/items?id.unicity=28329"},"quantity":1}]},"shipToName":{"firstName":"TestFirstName","lastName":"TestLastName"},"shipToPhone":"9823746323","shipToEmail":"GZZAQP@gmail.com","shipToAddress":{"city":"BRIDGEWATER","country":"CA","state":"NS","address1":"Address 1","address2":"Address 2","zip":"B4V2K4"},"shippingMethod":{"href":"https://hydraqa.unicity.net/v5a-test/shippingmethods?type=UPS Ground"},"notes":"","transactions":{"items":[{"amount":"this.terms.total","type":"AuthorizeAndCapture","method":"CreditCard","methodDetails":{"creditCardNumber":"4111111111111111","payer":"CCNameTest","creditCardExpires":"2020-10","creditCardSecurityCode":"123"},"billToAddress":{"address1":"Address 1","address2":"Address 2","city":"BRIDGEWATER","state":"NS","zip":"B4V2K4","country":"CA"}},{"type":"AuthorizeAndCapture","method":"Coupon","methodDetails":{"code":"Fre3Aut0Sh!p"}}]}}
Entry response : {"meta":{"Link":"<http:\/\/unicity.github.io\/Hydra.php\/docs\/v5\/>; rel=\"help\"","X-Request-UUID":"4f4b863f-8b83-459a-863d-5ec80e0a2558","X-Request-Release":"5-2020030902\/master","Cache-Control":"no-cache, must-revalidate","Expires":"0","X-Powered-By":"Luracast Restler v3.0.0rc5","Content-Type":"text\/javascript; charset=utf-8","Content-Language":"en","X-Status-Code":"402"},"data":{"error":{"code":402,"message":"Payment Required","error_code":"3009","error_message":"Could not authorize and capture credit card payment. Error #G4X9H","upstream_error_message":"ACTION 130 IS NOT ALLOWED FOR MERCHANT 8270, IPADDRESS 34.199.186.86"}}}
Headers-->keep-alive
Headers-->2690
Headers-->application/json, text/plain, */*
Headers-->http://enroll.ng.unicityqa.com
Headers-->fr-CA
]]></system-out>
    <system-err><![CDATA[Starting ChromeDriver 2.36.540470 (e522d04694c7ebea4ba8821272dbef4f9b818c91) on port 38934
Only local connections are allowed.
Mar 17, 2020 1:33:13 PM org.openqa.selenium.remote.ProtocolHandshake createSession
INFO: Detected dialect: OSS
]]></system-err>
  </testcase>
  <testcase name="Enroll" classname="Tests.PrefferedCustomer" time="144.742">
    <failure message="Major zip code expected [null] but found []" type="java.lang.AssertionError">java.lang.AssertionError: Major zip code expected [null] but found []
	at Tests.PrefferedCustomer.Enroll(PrefferedCustomer.java:104)
</failure>
    <system-out><![CDATA[Request URL: https://hydraqa.unicity.net/v5a-test/customers.js?_httpMethod=HEAD&callback=angular.callbacks._5&email=JKKYKG@gmail.com
{sponsor=2, gender=female, city=TestCity, cartprice=256.0, enroller=2, language=Español, locale=es, type=PreferredCustomer, platform=QA, lname=TestLastName, password=Unicity, genderoption=Femenino, Currency=USD, api=5, email=JKKYKG@gmail.com, fname=TestFirstName, prefferd=Colombia, address2=Address 2, address1=Address 1, shippingmethod=type=WillCall&location=Bogota, Recoger, version=v5a-test/, testcase=normal, market=Colombia, referral=yes, martial=Married, phone=9823746323, proto=https://hydraqa.unicity.net/, marketcode=CO, maritaloption=Casado, ccname=CCNameTest}
Request URL: https://hydraqa.unicity.net/v5a-test/orders.js
Entry request : {"customer":{"mainAddress":{"city":"TestCity","country":"CO","state":"QUI","zip":"","address1":"Address 1","address2":"Address 2"},"humanName":{"firstName":"TestFirstName","lastName":"TestLastName"},"email":"JKKYKG@gmail.com","preferredLocale":"es-CO","password":{"value":"Unicity"},"gender":"female","maritalStatus":"Married","type":"PreferredCustomer","sponsor":{"href":"https://hydraqa.unicity.net/v5a-test/customers?id.unicity=2"},"enroller":{"href":"https://hydraqa.unicity.net/v5a-test/customers?id.unicity=2"},"homePhone":"9823746323","rights":[]},"lines":{"items":[{"item":{"href":"https://hydraqa.unicity.net/v5a-test/items?id.unicity=28228"},"quantity":1}]},"shipToName":{"firstName":"TestFirstName","lastName":"TestLastName"},"shipToPhone":"9823746323","shipToEmail":"JKKYKG@gmail.com","shipToAddress":{"city":"TestCity","country":"CO","state":"QUI","address1":"Address 1","address2":"Address 2","zip":""},"shippingMethod":{"href":"https://hydraqa.unicity.net/v5a-test/shippingmethods?type=WillCall&location=Bogota, Recoger"},"notes":"","transactions":{"items":[{"amount":"this.terms.total","type":"AuthorizeAndCapture","method":"CreditCard","methodDetails":{"creditCardNumber":"4111111111111111","payer":"CCNameTest","creditCardExpires":"2020-10","creditCardSecurityCode":"123"}}]}}
Entry response : {"meta":{"Link":"<http:\/\/unicity.github.io\/Hydra.php\/docs\/v5\/>; rel=\"help\"","X-Request-UUID":"fc379dbe-82be-4ba9-83ba-66701ade18cb","X-Request-Release":"5-2020030902\/master","Cache-Control":"no-cache, must-revalidate","Expires":"0","X-Powered-By":"Luracast Restler v3.0.0rc5","Content-Type":"text\/javascript; charset=utf-8","Content-Language":"en","X-Status-Code":"402"},"data":{"error":{"code":402,"message":"Payment Required","error_code":"3009","error_message":"Could not authorize and capture credit card payment. Error #A3P4K"}}}
Headers-->keep-alive
Headers-->1294
Headers-->application/json, text/plain, */*
Headers-->http://enroll.ng.unicityqa.com
Headers-->es-CO
]]></system-out>
    <system-err><![CDATA[Starting ChromeDriver 2.36.540470 (e522d04694c7ebea4ba8821272dbef4f9b818c91) on port 2899
Only local connections are allowed.
Mar 17, 2020 1:36:10 PM org.openqa.selenium.remote.ProtocolHandshake createSession
INFO: Detected dialect: OSS
]]></system-err>
  </testcase>
  <testcase name="Enroll" classname="Tests.PrefferedCustomer" time="221.736"/>
  <testcase name="Enroll" classname="Tests.PrefferedCustomer" time="172.572"/>
  <testcase name="Enroll" classname="Tests.PrefferedCustomer" time="113.404">
    <failure message="Minor Labels expected [[Credit Card Information, Billing/Mailing Address, Shipping Address, Shipping Method]] but found [[Enrollment Settings, About You, Summary, ]]" type="java.lang.AssertionError">java.lang.AssertionError: Minor Labels expected [[Credit Card Information, Billing/Mailing Address, Shipping Address, Shipping Method]] but found [[Enrollment Settings, About You, Summary, ]]
	at Tests.PrefferedCustomer.Enroll(PrefferedCustomer.java:103)
</failure>
    <system-out><![CDATA[Request URL: https://hydraqa.unicity.net/v5a-test/quotes?&expand=item
Entry Quotes response : {"items":[{"currency":"USD","lines":{"items":[{"item":{"href":"https:\/\/hydraqa.unicity.net\/v5a-test\/items\/50747027a065cb8361c1f0d6eb880466","id":{"unicity":"32030"}},"terms":{"priceEach":179,"pvEach":102},"quantity":1}]}},{"currency":"USD","lines":{"items":[{"item":{"href":"https:\/\/hydraqa.unicity.net\/v5a-test\/items\/9a7715e888c94989d898fe4653645721","id":{"unicity":"26550"}},"terms":{"priceEach":99,"pvEach":52},"quantity":1}]}},{"currency":"USD","lines":{"items":[{"item":{"href":"https:\/\/hydraqa.unicity.net\/v5a-test\/items\/fbb319232b7eed110794d46a68302acb","id":{"unicity":"31847"}},"terms":{"priceEach":150,"pvEach":80},"quantity":1}]}},{"currency":"USD","lines":{"items":[{"item":{"href":"https:\/\/hydraqa.unicity.net\/v5a-test\/items\/077823d29445b9020de9931f10c63efd","id":{"unicity":"31958"}},"terms":{"priceEach":160,"pvEach":85},"quantity":1}]}},{"currency":"USD","lines":{"items":[{"item":{"href":"https:\/\/hydraqa.unicity.net\/v5a-test\/items\/00c2eb70c985722ce208490aece00945","id":{"unicity":"31729"}},"terms":{"priceEach":170,"pvEach":100},"quantity":1}]}},{"currency":"USD","lines":{"items":[{"item":{"href":"https:\/\/hydraqa.unicity.net\/v5a-test\/items\/89b6d29a85a88d44d65bc8cca3fefc65","id":{"unicity":"31845"}},"terms":{"priceEach":170,"pvEach":100},"quantity":1}]}},{"currency":"USD","lines":{"items":[{"item":{"href":"https:\/\/hydraqa.unicity.net\/v5a-test\/items\/3875e24e6b6ebdf36c79d205614ed51e","id":{"unicity":"31846"}},"terms":{"priceEach":160,"pvEach":94},"quantity":1}]}},{"currency":"USD","lines":{"items":[{"item":{"href":"https:\/\/hydraqa.unicity.net\/v5a-test\/items\/65f231539924a2fa376afdb39f1f06d6","id":{"unicity":"31848"}},"terms":{"priceEach":112,"pvEach":60},"quantity":1}]}},{"currency":"USD","lines":{"items":[{"item":{"href":"https:\/\/hydraqa.unicity.net\/v5a-test\/items\/693a7c4a70b06a00471afe8d6cae5023","id":{"unicity":"31730"}},"terms":{"priceEach":150,"pvEach":80},"quantity":1}]}},{"currency":"USD","lines":{"items":[{"item":{"href":"https:\/\/hydraqa.unicity.net\/v5a-test\/items\/ccb242d74dcb1fe621cc7bfe1b1de315","id":{"unicity":"31731"}},"terms":{"priceEach":112,"pvEach":61},"quantity":1}]}},{"currency":"USD","lines":{"items":[{"item":{"href":"https:\/\/hydraqa.unicity.net\/v5a-test\/items\/764e2db430d361da99e8f6b70c4d0244","id":{"unicity":"29830"}},"terms":{"priceEach":20,"pvEach":7},"quantity":1}]}},{"currency":"USD","lines":{"items":[{"item":{"href":"https:\/\/hydraqa.unicity.net\/v5a-test\/items\/b91affa753dd5ee8a9acef4fa7e2c9a7","id":{"unicity":"30414"}},"terms":{"priceEach":110,"pvEach":65},"quantity":1}]}},{"currency":"USD","lines":{"items":[{"item":{"href":"https:\/\/hydraqa.unicity.net\/v5a-test\/items\/0cf62d38e91953b43dcfe88b06f813cb","id":{"unicity":"26557"}},"terms":{"priceEach":101,"pvEach":61},"quantity":1}]}},{"currency":"USD","lines":{"items":[{"item":{"href":"https:\/\/hydraqa.unicity.net\/v5a-test\/items\/9a6e1d094182389c3da8e0a320ff0e00","id":{"unicity":"27585"}},"terms":{"priceEach":69,"pvEach":33},"quantity":1}]}},{"currency":"USD","lines":{"items":[{"item":{"href":"https:\/\/hydraqa.unicity.net\/v5a-test\/items\/db4a3a5ca30b4890dd9bc50ff9cb620f","id":{"unicity":"26554"}},"terms":{"priceEach":60,"pvEach":25},"quantity":1}]}},{"currency":"USD","lines":{"items":[{"item":{"href":"https:\/\/hydraqa.unicity.net\/v5a-test\/items\/25eaf64b36ce31368f17ae789fd9ac5b","id":{"unicity":"29694"}},"terms":{"priceEach":69,"pvEach":33},"quantity":1}]}},{"currency":"USD","lines":{"items":[{"item":{"href":"https:\/\/hydraqa.unicity.net\/v5a-test\/items\/112b8c39286598b3730f630f371a45f4","id":{"unicity":"27587"}},"terms":{"priceEach":71,"pvEach":33},"quantity":1}]}},{"currency":"USD","lines":{"items":[{"item":{"href":"https:\/\/hydraqa.unicity.net\/v5a-test\/items\/05ca08f3808f126c0cc42154c50fc75c","id":{"unicity":"29440"}},"terms":{"priceEach":138,"pvEach":90},"quantity":1}]}},{"currency":"USD","lines":{"items":[{"item":{"href":"https:\/\/hydraqa.unicity.net\/v5a-test\/items\/cea826eab72d44641c070aab6c97c1ac","id":{"unicity":"22747"}},"terms":{"priceEach":35,"pvEach":16},"quantity":1}]}},{"currency":"USD","lines":{"items":[{"item":{"href":"https:\/\/hydraqa.unicity.net\/v5a-test\/items\/b2fc4b9ba4aa5cae54389161be2f841f","id":{"unicity":"18401"}},"terms":{"priceEach":40,"pvEach":19},"quantity":1}]}},{"currency":"USD","lines":{"items":[{"item":{"href":"https:\/\/hydraqa.unicity.net\/v5a-test\/items\/1bd53de7fe880ba71f46c9976ca2c137","id":{"unicity":"27739"}},"terms":{"priceEach":43,"pvEach":13},"quantity":1}]}},{"currency":"USD","lines":{"items":[{"item":{"href":"https:\/\/hydraqa.unicity.net\/v5a-test\/items\/0a3ede185ddf034630afd891c5106d33","id":{"unicity":"26562"}},"terms":{"priceEach":43,"pvEach":25},"quantity":1}]}},{"currency":"USD","lines":{"items":[{"item":{"href":"https:\/\/hydraqa.unicity.net\/v5a-test\/items\/aa0d72ac13b1ce88cf8c4a52ede75a37","id":{"unicity":"26552"}},"terms":{"priceEach":89,"pvEach":50},"quantity":1}]}},{"currency":"USD","lines":{"items":[{"item":{"href":"https:\/\/hydraqa.unicity.net\/v5a-test\/items\/398d06b858b960f6f38086d40608aef2","id":{"unicity":"26560"}},"terms":{"priceEach":21,"pvEach":12},"quantity":1}]}},{"currency":"USD","lines":{"items":[{"item":{"href":"https:\/\/hydraqa.unicity.net\/v5a-test\/items\/bb5c627f16547cb4f706cef521bca356","id":{"unicity":"29437"}},"terms":{"priceEach":78,"pvEach":36},"quantity":1}]}},{"currency":"USD","lines":{"items":[{"item":{"href":"https:\/\/hydraqa.unicity.net\/v5a-test\/items\/2835b1a78e379486f0ffbfd5fb9f6b0a","id":{"unicity":"30400"}},"terms":{"priceEach":49,"pvEach":28},"quantity":1}]}},{"currency":"USD","lines":{"items":[{"item":{"href":"https:\/\/hydraqa.unicity.net\/v5a-test\/items\/5a38f009bec6c23b1b3a70432f9722e5","id":{"unicity":"19596"}},"terms":{"priceEach":63,"pvEach":30},"quantity":1}]}},{"currency":"USD","lines":{"items":[{"item":{"href":"https:\/\/hydraqa.unicity.net\/v5a-test\/items\/38da42f991a40a00153b2e5055b82dbf","id":{"unicity":"27801"}},"terms":{"priceEach":225,"pvEach":130},"quantity":1}]}},{"currency":"USD","lines":{"items":[{"item":{"href":"https:\/\/hydraqa.unicity.net\/v5a-test\/items\/051e765a5a71835a859c2757edd359f0","id":{"unicity":"26580"}},"terms":{"priceEach":225,"pvEach":130},"quantity":1}]}},{"currency":"USD","lines":{"items":[{"item":{"href":"https:\/\/hydraqa.unicity.net\/v5a-test\/items\/11aed902b772de90f113ca8a6379a37c","id":{"unicity":"27951"}},"terms":{"priceEach":225,"pvEach":130},"quantity":1}]}},{"currency":"USD","lines":{"items":[{"item":{"href":"https:\/\/hydraqa.unicity.net\/v5a-test\/items\/8c21f026bb6a32624e0c80475bf8efb0","id":{"unicity":"25880"}},"terms":{"priceEach":43,"pvEach":23},"quantity":1}]}},{"currency":"USD","lines":{"items":[{"item":{"href":"https:\/\/hydraqa.unicity.net\/v5a-test\/items\/24ff5bda40c0d0e7eaa511866d052915","id":{"unicity":"29612"}},"terms":{"priceEach":61,"pvEach":30},"quantity":1}]}},{"currency":"USD","lines":{"items":[{"item":{"href":"https:\/\/hydraqa.unicity.net\/v5a-test\/items\/b127a2d34d3d73e2f53e4c2002a7a4a2","id":{"unicity":"25008"}},"terms":{"priceEach":24,"pvEach":15},"quantity":1}]}},{"currency":"USD","lines":{"items":[{"item":{"href":"https:\/\/hydraqa.unicity.net\/v5a-test\/items\/cda534d686af5d627c94c4bb2c4b57d8","id":{"unicity":"26561"}},"terms":{"priceEach":21,"pvEach":11},"quantity":1}]}},{"currency":"USD","lines":{"items":[{"item":{"href":"https:\/\/hydraqa.unicity.net\/v5a-test\/items\/10da226fab00279b4f89df10af2a10b7","id":{"unicity":"26442"}},"terms":{"priceEach":8,"pvEach":0},"quantity":1}]}},{"currency":"USD","lines":{"items":[{"item":{"href":"https:\/\/hydraqa.unicity.net\/v5a-test\/items\/2de8516a24af8232add0bb392e750a71","id":{"unicity":"31859"}},"terms":{"priceEach":225,"pvEach":130},"quantity":1}]}},{"currency":"USD","lines":{"items":[{"item":{"href":"https:\/\/hydraqa.unicity.net\/v5a-test\/items\/cf8460040a1860bcabf250b6c1171675","id":{"unicity":"31858"}},"terms":{"priceEach":330,"pvEach":195},"quantity":1}]}},{"currency":"USD","lines":{"items":[{"item":{"href":"https:\/\/hydraqa.unicity.net\/v5a-test\/items\/4ab49eca1731e69206ccafb5112ad5a4","id":{"unicity":"31861"}},"terms":{"priceEach":245,"pvEach":135},"quantity":1}]}},{"currency":"USD","lines":{"items":[{"item":{"href":"https:\/\/hydraqa.unicity.net\/v5a-test\/items\/d4c8fce238d6fc34d17a4b36d1e4e59a","id":{"unicity":"31860"}},"terms":{"priceEach":245,"pvEach":135},"quantity":1}]}},{"currency":"USD","lines":{"items":[{"item":{"href":"https:\/\/hydraqa.unicity.net\/v5a-test\/items\/fd464cd7972cc1317e850b9196d886b8","id":{"unicity":"31863"}},"terms":{"priceEach":255,"pvEach":148},"quantity":1}]}},{"currency":"USD","lines":{"items":[{"item":{"href":"https:\/\/hydraqa.unicity.net\/v5a-test\/items\/e47fd287212acedd1cffb2b67bf623bd","id":{"unicity":"31862"}},"terms":{"priceEach":255,"pvEach":148},"quantity":1}]}},{"currency":"USD","lines":{"items":[{"item":{"href":"https:\/\/hydraqa.unicity.net\/v5a-test\/items\/024e696f8b44a1d315006e676604cd31","id":{"unicity":"27395"}},"terms":{"priceEach":32,"pvEach":16},"quantity":1}]}},{"currency":"USD","lines":{"items":[{"item":{"href":"https:\/\/hydraqa.unicity.net\/v5a-test\/items\/634f7efb30392b2a919de1355902d975","id":{"unicity":"29408"}},"terms":{"priceEach":99,"pvEach":52},"quantity":1}]}}]}
Entry request : {"order":{"customer":{"href":"https://hydraqa.unicity.net/v5a-test/customers?type=PreferredCustomer"},"shipToAddress":{"country":"US","state":"PR"}},"vary":{"lines":{"items":[{"item":{"href":"https://hydraqa.unicity.net/v5a-test/items?id.unicity=26580|31441|27801|27951|22747|26550|26554|26557|26560|26561|26562|27739|27585|25008|26442|26555|18908|26552|27653|27212|27218|26983|27210|18401|25803|27029|27208|19596|26945|25535|27587|25880|29694|29408|29437|29612|27395|29440|29830|30414|30400|31727|31729|31730|31731|31842|31846|31845|31848|31847|31858|31859|31863|31862|31860|31861|31958|32030"}}]}}}
Request URL: https://hydraqa.unicity.net/v5a-test/customers.js?callback=angular.callbacks._1&expand=customer,profilePicture&id.unicity=2
Request URL: https://hydraqa.unicity.net/v5a-test/customers.js?_httpMethod=HEAD&callback=angular.callbacks._4&email=TGCYZR@gmail.com
]]></system-out>
    <system-err><![CDATA[Starting ChromeDriver 2.36.540470 (e522d04694c7ebea4ba8821272dbef4f9b818c91) on port 28230
Only local connections are allowed.
Mar 17, 2020 1:45:29 PM org.openqa.selenium.remote.ProtocolHandshake createSession
INFO: Detected dialect: OSS
]]></system-err>
  </testcase>
  <testcase name="Enroll" classname="Tests.PrefferedCustomer" time="187.847"/>
  <testcase name="Enroll" classname="Tests.PrefferedCustomer" time="244.106"/>
  <testcase name="Enroll" classname="Tests.PrefferedCustomer" time="239.121"/>
  <testcase name="GetFit" classname="Tests.Fit" time="126.012"/>
  <testcase name="GetFit" classname="Tests.Fit" time="156.451"/>
  <testcase name="GetFit" classname="Tests.Fit" time="116.728">
    <failure message="Major Market expected [CA] but found [null]" type="java.lang.AssertionError">java.lang.AssertionError: Major Market expected [CA] but found [null]
	at Tests.Fit.GetFit(Fit.java:70)
</failure>
    <system-out><![CDATA[Start----CA-en
Request URL: https://hydraqa.unicity.net/v5a-test/customers.js?callback=angular.callbacks._1&expand=customer,profilePicture&id.unicity=2
Request URL: https://hydraqa.unicity.net/v5a-test/addresses?country=CA&zip=B4V2K4
Entry response : {"items":[{"city":"Bridgewater","state":"NS"}]}
{sponsor=2, gender=male, city=BRIDGEWATER, signature=TestSignature, enroller=2, responsedob=1995-11-14, language=English, locale=en, type=GetFit, platform=QA, lname=TestLastName, password=Unicity, genderoption=Male, Currency=USD, api=4, state=[NS], email=ULYWVR@gmail.com, zip=B4V2K4, fname=TestFirstName, prefferd=Canada, address2=Address 2, address1=Address 1, shippingmethod=type=UPS Ground, version=v5a-test/, testcase=getfit, market=Canada, aritemcode=29147, referral=yes, phone=9823746323, dob=11/14/1995, proto=https://hydraqa.unicity.net/, marketcode=CA, ccname=CCNameTest}
Request URL: https://hydraqa.unicity.net/v5a-test/orders.js
Entry request : {"customer":{"mainAddress":{"city":"BRIDGEWATER","country":"CA","state":"NS","zip":"B4V2K4","address1":"Address 1","address2":"Address 2"},"humanName":{"firstName":"TestFirstName","lastName":"TestLastName"},"email":"ULYWVR@gmail.com","preferredLocale":"en-CA","password":{"value":"Unicity"},"gender":"male","maritalStatus":null,"type":"Associate","creditcardaliases":[{"methodDetails":{"creditCardNumber":"4111111111111111","payer":"TestFirstName TestLastName","creditCardExpires":"2020-10"},"billToName":{"firstName":"TestFirstName","lastName":"TestLastName"},"billToAddress":{"address1":"Address 1","address2":"Address 2","city":"BRIDGEWATER","state":"NS","zip":"B4V2K4","country":"CA"}}],"events":["customer-coach-request"],"sponsor":{"href":"https://hydraqa.unicity.net/v5a-test/customers?id.unicity=2"},"enroller":{"href":"https://hydraqa.unicity.net/v5a-test/customers?id.unicity=2"},"homePhone":"9823746323","birthDate":"1995-11-14","autoorders":{"items":[{"recurrence":{"schedule":{"month":"*","dayOfMonth":"5"},"status":"Enabled"},"lines":{"items":[{"item":{"href":"https://hydraqa.unicity.net/v5a-test/items?id.unicity=29147"},"quantity":1}]},"shipToName":{"firstName":"TestFirstName","lastName":"TestLastName"},"shipToPhone":"9823746323","shipToEmail":"ULYWVR@gmail.com","shipToAddress":{"city":"BRIDGEWATER","country":"CA","state":"NS","address1":"Address 1","address2":"Address 2","zip":"B4V2K4"},"shippingMethod":{"href":"https://hydraqa.unicity.net/v5a-test/shippingmethods?type=UPS Ground"},"transactions":{"items":[{"amount":"this.terms.total","type":"AuthorizeAndCapture","method":"CreditCardAlias","methodDetails":{"alias":"this.customer.creditcardaliases[0].alias"}}]}}]},"rights":[{"holder":"Unicity","type":"SendEmails"}],"signature":{"value":"TestSignature"}},"lines":{"items":[{"item":{"href":"https://hydraqa.unicity.net/v5a-test/items?id.unicity=29147"},"quantity":1},{"item":{"href":"https://hydraqa.unicity.net/v5a-test/items?id.unicity=30738"},"quantity":1}]},"shipToName":{"firstName":"TestFirstName","lastName":"TestLastName"},"shipToPhone":"9823746323","shipToEmail":"ULYWVR@gmail.com","shipToAddress":{"city":"BRIDGEWATER","country":"CA","state":"NS","address1":"Address 1","address2":"Address 2","zip":"B4V2K4"},"shippingMethod":{"href":"https://hydraqa.unicity.net/v5a-test/shippingmethods?type=UPS Ground"},"notes":"","transactions":{"items":[{"amount":"this.terms.total","type":"AuthorizeAndCapture","method":"CreditCard","methodDetails":{"creditCardNumber":"4111111111111111","payer":"CCNameTest","creditCardExpires":"2020-10","creditCardSecurityCode":"123"},"billToAddress":{"address1":"Address 1","address2":"Address 2","city":"BRIDGEWATER","state":"NS","zip":"B4V2K4","country":"CA"}},{"type":"AuthorizeAndCapture","method":"Coupon","methodDetails":{"code":"Fre3Aut0Sh!p"}}]}}
Entry response : {"meta":{"Link":"<http:\/\/unicity.github.io\/Hydra.php\/docs\/v5\/>; rel=\"help\"","X-Request-UUID":"15f74e2b-7c82-412b-95a9-e618472630c0","X-Request-Release":"5-2020030902\/master","Cache-Control":"no-cache, must-revalidate","Expires":"0","X-Powered-By":"Luracast Restler v3.0.0rc5","Content-Type":"text\/javascript; charset=utf-8","Content-Language":"en-US","X-Status-Code":"402"},"data":{"error":{"code":402,"message":"Payment Required","error_code":"3009","error_message":"Could not authorize and capture credit card payment. Error #P6B6X","upstream_error_message":"ACTION 130 IS NOT ALLOWED FOR MERCHANT 8270, IPADDRESS 34.199.186.86"}}}
]]></system-out>
    <system-err><![CDATA[Starting ChromeDriver 2.36.540470 (e522d04694c7ebea4ba8821272dbef4f9b818c91) on port 25682
Only local connections are allowed.
Mar 17, 2020 2:03:57 PM org.openqa.selenium.remote.ProtocolHandshake createSession
INFO: Detected dialect: OSS
]]></system-err>
  </testcase>
  <testcase name="GetFit" classname="Tests.Fit" time="117.297">
    <failure message="Major Market expected [CA] but found [null]" type="java.lang.AssertionError">java.lang.AssertionError: Major Market expected [CA] but found [null]
	at Tests.Fit.GetFit(Fit.java:70)
</failure>
    <system-out><![CDATA[Start----CA-fr
Request URL: https://hydraqa.unicity.net/v5a-test/customers.js?callback=angular.callbacks._1&expand=customer,profilePicture&id.unicity=2
Request URL: https://hydraqa.unicity.net/v5a-test/addresses?country=CA&zip=B4V2K4
Entry response : {"items":[{"city":"Bridgewater","state":"NS"}]}
{sponsor=2, gender=female, city=BRIDGEWATER, signature=TestSignature, enroller=2, responsedob=1999-08-12, language=Français, locale=fr, type=GetFit, platform=QA, lname=TestLastName, password=Unicity, genderoption=Femme, Currency=USD, api=4, state=[NS], email=SJVIBP@gmail.com, zip=B4V2K4, fname=TestFirstName, prefferd=Canada, address2=Address 2, address1=Address 1, shippingmethod=type=UPS Ground, version=v5a-test/, testcase=getfit, market=Canada, aritemcode=29147, referral=yes, phone=9823746323, dob=08/12/1999, proto=https://hydraqa.unicity.net/, marketcode=CA, ccname=CCNameTest}
Request URL: https://hydraqa.unicity.net/v5a-test/orders.js
Entry request : {"customer":{"mainAddress":{"city":"BRIDGEWATER","country":"CA","state":"NS","zip":"B4V2K4","address1":"Address 1","address2":"Address 2"},"humanName":{"firstName":"TestFirstName","lastName":"TestLastName"},"email":"SJVIBP@gmail.com","preferredLocale":"fr-CA","password":{"value":"Unicity"},"gender":"female","maritalStatus":null,"type":"Associate","creditcardaliases":[{"methodDetails":{"creditCardNumber":"4111111111111111","payer":"TestFirstName TestLastName","creditCardExpires":"2020-10"},"billToName":{"firstName":"TestFirstName","lastName":"TestLastName"},"billToAddress":{"address1":"Address 1","address2":"Address 2","city":"BRIDGEWATER","state":"NS","zip":"B4V2K4","country":"CA"}}],"events":["customer-coach-request"],"sponsor":{"href":"https://hydraqa.unicity.net/v5a-test/customers?id.unicity=2"},"enroller":{"href":"https://hydraqa.unicity.net/v5a-test/customers?id.unicity=2"},"homePhone":"9823746323","birthDate":"1999-08-12","autoorders":{"items":[{"recurrence":{"schedule":{"month":"*","dayOfMonth":"5"},"status":"Enabled"},"lines":{"items":[{"item":{"href":"https://hydraqa.unicity.net/v5a-test/items?id.unicity=29147"},"quantity":1}]},"shipToName":{"firstName":"TestFirstName","lastName":"TestLastName"},"shipToPhone":"9823746323","shipToEmail":"SJVIBP@gmail.com","shipToAddress":{"city":"BRIDGEWATER","country":"CA","state":"NS","address1":"Address 1","address2":"Address 2","zip":"B4V2K4"},"shippingMethod":{"href":"https://hydraqa.unicity.net/v5a-test/shippingmethods?type=UPS Ground"},"transactions":{"items":[{"amount":"this.terms.total","type":"AuthorizeAndCapture","method":"CreditCardAlias","methodDetails":{"alias":"this.customer.creditcardaliases[0].alias"}}]}}]},"rights":[{"holder":"Unicity","type":"SendEmails"}],"signature":{"value":"TestSignature"}},"lines":{"items":[{"item":{"href":"https://hydraqa.unicity.net/v5a-test/items?id.unicity=29147"},"quantity":1},{"item":{"href":"https://hydraqa.unicity.net/v5a-test/items?id.unicity=30738"},"quantity":1}]},"shipToName":{"firstName":"TestFirstName","lastName":"TestLastName"},"shipToPhone":"9823746323","shipToEmail":"SJVIBP@gmail.com","shipToAddress":{"city":"BRIDGEWATER","country":"CA","state":"NS","address1":"Address 1","address2":"Address 2","zip":"B4V2K4"},"shippingMethod":{"href":"https://hydraqa.unicity.net/v5a-test/shippingmethods?type=UPS Ground"},"notes":"","transactions":{"items":[{"amount":"this.terms.total","type":"AuthorizeAndCapture","method":"CreditCard","methodDetails":{"creditCardNumber":"4111111111111111","payer":"CCNameTest","creditCardExpires":"2020-10","creditCardSecurityCode":"123"},"billToAddress":{"address1":"Address 1","address2":"Address 2","city":"BRIDGEWATER","state":"NS","zip":"B4V2K4","country":"CA"}},{"type":"AuthorizeAndCapture","method":"Coupon","methodDetails":{"code":"Fre3Aut0Sh!p"}}]}}
Entry response : {"meta":{"Link":"<http:\/\/unicity.github.io\/Hydra.php\/docs\/v5\/>; rel=\"help\"","X-Request-UUID":"227365dc-888a-4951-ab29-4d6a99809134","X-Request-Release":"5-2020030902\/master","Cache-Control":"no-cache, must-revalidate","Expires":"0","X-Powered-By":"Luracast Restler v3.0.0rc5","Content-Type":"text\/javascript; charset=utf-8","Content-Language":"en-US","X-Status-Code":"402"},"data":{"error":{"code":402,"message":"Payment Required","error_code":"3009","error_message":"Could not authorize and capture credit card payment. Error #C7J6J","upstream_error_message":"ACTION 130 IS NOT ALLOWED FOR MERCHANT 8270, IPADDRESS 34.199.186.86"}}}
]]></system-out>
    <system-err><![CDATA[Starting ChromeDriver 2.36.540470 (e522d04694c7ebea4ba8821272dbef4f9b818c91) on port 43928
Only local connections are allowed.
Mar 17, 2020 2:06:01 PM org.openqa.selenium.remote.ProtocolHandshake createSession
INFO: Detected dialect: OSS
]]></system-err>
  </testcase>
  <testcase name="GetFit" classname="Tests.Fit" time="162.755"/>
  <testcase name="Patient" classname="Tests.PatientPortal" time="242.357"/>
  <testcase name="Patient" classname="Tests.PatientPortal" time="142.038">
    <failure message="Critical Back end error" type="java.lang.AssertionError">java.lang.AssertionError: Critical Back end error
	at Tests.PatientPortal.Patient(PatientPortal.java:65)
</failure>
    <system-out><![CDATA[Request URL: https://hydraqa.unicity.net/v5a-test/quotes?&expand=item
Entry Quotes response : {"items":[{"currency":"USD","lines":{"items":[{"item":{"href":"https:\/\/hydraqa.unicity.net\/v5a-test\/items\/9a7715e888c94989d898fe4653645721","id":{"unicity":"26550"}},"terms":{"priceEach":99,"pvEach":52},"quantity":1}]}},{"currency":"USD","lines":{"items":[{"item":{"href":"https:\/\/hydraqa.unicity.net\/v5a-test\/items\/80a898d805f759925797847a176bf62f","id":{"unicity":"26551"}},"terms":{"priceEach":99,"pvEach":52},"quantity":1}]}},{"currency":"USD","lines":{"items":[{"item":{"href":"https:\/\/hydraqa.unicity.net\/v5a-test\/items\/390a7ae70d5669561ecdf7d5cff2671b","id":{"unicity":"15271"}},"terms":{"priceEach":89,"pvEach":27},"quantity":1}]}},{"currency":"USD","lines":{"items":[{"item":{"href":"https:\/\/hydraqa.unicity.net\/v5a-test\/items\/933f0856fd8ec1df83c5283dabf4ec3c","id":{"unicity":"6200"}},"terms":{"priceEach":88,"pvEach":47},"quantity":1}]}},{"currency":"USD","lines":{"items":[{"item":{"href":"https:\/\/hydraqa.unicity.net\/v5a-test\/items\/0cf62d38e91953b43dcfe88b06f813cb","id":{"unicity":"26557"}},"terms":{"priceEach":101,"pvEach":61},"quantity":1}]}},{"currency":"USD","lines":{"items":[{"item":{"href":"https:\/\/hydraqa.unicity.net\/v5a-test\/items\/3af97c67f653253825a9189a27da57d6","id":{"unicity":"26556"}},"terms":{"priceEach":101,"pvEach":61},"quantity":1}]}},{"currency":"USD","lines":{"items":[{"item":{"href":"https:\/\/hydraqa.unicity.net\/v5a-test\/items\/9a6e1d094182389c3da8e0a320ff0e00","id":{"unicity":"27585"}},"terms":{"priceEach":69,"pvEach":33},"quantity":1}]}},{"currency":"USD","lines":{"items":[{"item":{"href":"https:\/\/hydraqa.unicity.net\/v5a-test\/items\/25eaf64b36ce31368f17ae789fd9ac5b","id":{"unicity":"29694"}},"terms":{"priceEach":69,"pvEach":33},"quantity":1}]}},{"currency":"USD","lines":{"items":[{"item":{"href":"https:\/\/hydraqa.unicity.net\/v5a-test\/items\/112b8c39286598b3730f630f371a45f4","id":{"unicity":"27587"}},"terms":{"priceEach":71,"pvEach":33},"quantity":1}]}},{"currency":"USD","lines":{"items":[{"item":{"href":"https:\/\/hydraqa.unicity.net\/v5a-test\/items\/1945faa1776541d53120ecfe3c1d8a2b","id":{"unicity":"24418"}},"terms":{"priceEach":7,"pvEach":0},"quantity":1}]}},{"currency":"USD","lines":{"items":[{"item":{"href":"https:\/\/hydraqa.unicity.net\/v5a-test\/items\/0a3ede185ddf034630afd891c5106d33","id":{"unicity":"26562"}},"terms":{"priceEach":43,"pvEach":25},"quantity":1}]}},{"currency":"USD","lines":{"items":[{"item":{"href":"https:\/\/hydraqa.unicity.net\/v5a-test\/items\/aa0d72ac13b1ce88cf8c4a52ede75a37","id":{"unicity":"26552"}},"terms":{"priceEach":89,"pvEach":50},"quantity":1}]}},{"currency":"USD","lines":{"items":[{"item":{"href":"https:\/\/hydraqa.unicity.net\/v5a-test\/items\/8d994059c399f5551ab112574e4476fc","id":{"unicity":"24785"}},"terms":{"priceEach":18,"pvEach":9},"quantity":1}]}},{"currency":"USD","lines":{"items":[{"item":{"href":"https:\/\/hydraqa.unicity.net\/v5a-test\/items\/38da42f991a40a00153b2e5055b82dbf","id":{"unicity":"27801"}},"terms":{"priceEach":225,"pvEach":130},"quantity":1}]}},{"currency":"USD","lines":{"items":[{"item":{"href":"https:\/\/hydraqa.unicity.net\/v5a-test\/items\/051e765a5a71835a859c2757edd359f0","id":{"unicity":"26580"}},"terms":{"priceEach":225,"pvEach":130},"quantity":1}]}},{"currency":"USD","lines":{"items":[{"item":{"href":"https:\/\/hydraqa.unicity.net\/v5a-test\/items\/e218d1cac5f31e7ae4f5876c29c57377","id":{"unicity":"29017"}},"terms":{"priceEach":49,"pvEach":26},"quantity":1}]}},{"currency":"USD","lines":{"items":[{"item":{"href":"https:\/\/hydraqa.unicity.net\/v5a-test\/items\/b127a2d34d3d73e2f53e4c2002a7a4a2","id":{"unicity":"25008"}},"terms":{"priceEach":24,"pvEach":15},"quantity":1}]}},{"currency":"USD","lines":{"items":[{"item":{"href":"https:\/\/hydraqa.unicity.net\/v5a-test\/items\/dcdf1b79b8b6f644100ffc20fdca4683","id":{"unicity":"27835"}},"terms":{"priceEach":1891.5,"pvEach":1000},"quantity":1}]}},{"currency":"USD","lines":{"items":[{"item":{"href":"https:\/\/hydraqa.unicity.net\/v5a-test\/items\/efe7d99f2b77ea614d624d371afa4244","id":{"unicity":"25543"}},"terms":{"priceEach":1891.5,"pvEach":1000},"quantity":1}]}},{"currency":"USD","lines":{"items":[{"item":{"href":"https:\/\/hydraqa.unicity.net\/v5a-test\/items\/2da06ecf761a87f5619997496b83b745","id":{"unicity":"27831"}},"terms":{"priceEach":1891.5,"pvEach":1000},"quantity":1}]}},{"currency":"USD","lines":{"items":[{"item":{"href":"https:\/\/hydraqa.unicity.net\/v5a-test\/items\/1ab3a5a9b55fdf3618d21bf1d528afe4","id":{"unicity":"25542"}},"terms":{"priceEach":1891.5,"pvEach":1000},"quantity":1}]}},{"currency":"USD","lines":{"items":[{"item":{"href":"https:\/\/hydraqa.unicity.net\/v5a-test\/items\/52f0d3751a2d8f3f3670328e8157de5e","id":{"unicity":"27833"}},"terms":{"priceEach":1891.5,"pvEach":1000},"quantity":1}]}},{"currency":"USD","lines":{"items":[{"item":{"href":"https:\/\/hydraqa.unicity.net\/v5a-test\/items\/1535f370eb06bf30117fa28aa9ab1179","id":{"unicity":"25544"}},"terms":{"priceEach":1891.5,"pvEach":1000},"quantity":1}]}},{"currency":"USD","lines":{"items":[{"item":{"href":"https:\/\/hydraqa.unicity.net\/v5a-test\/items\/87f09080f7a29929816891acef721667","id":{"unicity":"25545"}},"terms":{"priceEach":1891.5,"pvEach":1000},"quantity":1}]}},{"currency":"USD","lines":{"items":[{"item":{"href":"https:\/\/hydraqa.unicity.net\/v5a-test\/items\/cda534d686af5d627c94c4bb2c4b57d8","id":{"unicity":"26561"}},"terms":{"priceEach":21,"pvEach":11},"quantity":1}]}},{"currency":"USD","lines":{"items":[{"item":{"href":"https:\/\/hydraqa.unicity.net\/v5a-test\/items\/10da226fab00279b4f89df10af2a10b7","id":{"unicity":"26442"}},"terms":{"priceEach":8,"pvEach":0},"quantity":1}]}}]}
Entry request : {"order":{"customer":{"href":"https://hydraqa.unicity.net/v5a-test/customers?type=PreferredCustomer"},"shipToAddress":{"country":"US"}},"vary":{"lines":{"items":[{"item":{"href":"https://hydraqa.unicity.net/v5a-test/items?id.unicity=25542|25544|27835|25543|25545|27831|27833|27837|26580|27801|15271|26550|26556|26557|26561|26562|24418|22888|27585|25008|26442|26551|6200|15916|18908|24785|26552|26553|27587|29017|25880|29694"}}]}}}
Request URL: https://hydraqa.unicity.net/v5a-test/customers.js?_httpMethod=HEAD&callback=angular.callbacks._1&email=WJVMLT@gmail.com
Request URL: https://hydraqa.unicity.net/v5a-test/addresses?country=US&zip=84097
Entry response : {"items":[{"city":"Orem","state":"UT"}]}
]]></system-out>
    <system-err><![CDATA[Starting ChromeDriver 2.36.540470 (e522d04694c7ebea4ba8821272dbef4f9b818c91) on port 13220
Only local connections are allowed.
Mar 17, 2020 2:15:03 PM org.openqa.selenium.remote.ProtocolHandshake createSession
INFO: Detected dialect: OSS
]]></system-err>
  </testcase>
  <testcase name="Patient" classname="Tests.PatientPortal" time="172.038">
    <failure message="Major Market expected [CA] but found [null]" type="java.lang.AssertionError">java.lang.AssertionError: Major Market expected [CA] but found [null]
	at Tests.PatientPortal.Patient(PatientPortal.java:66)
</failure>
    <system-out><![CDATA[Request URL: https://hydraqa.unicity.net/v5a-test/quotes?&expand=item
Entry Quotes response : {"items":[{"currency":"CAD","lines":{"items":[{"item":{"href":"https:\/\/hydraqa.unicity.net\/v5a-test\/items\/7dcb8a849a987dc38e872146cc3ee537","id":{"unicity":"27185"}},"terms":{"priceEach":1995,"pvEach":1000},"quantity":1}]}},{"currency":"CAD","lines":{"items":[{"item":{"href":"https:\/\/hydraqa.unicity.net\/v5a-test\/items\/dad64fe505c34e906dad58cc9d6b0213","id":{"unicity":"27183"}},"terms":{"priceEach":1995,"pvEach":1000},"quantity":1}]}},{"currency":"CAD","lines":{"items":[{"item":{"href":"https:\/\/hydraqa.unicity.net\/v5a-test\/items\/581848fdf2bd6cdafbedf9735f46eb17","id":{"unicity":"27182"}},"terms":{"priceEach":1995,"pvEach":1000},"quantity":1}]}},{"currency":"CAD","lines":{"items":[{"item":{"href":"https:\/\/hydraqa.unicity.net\/v5a-test\/items\/5e53a07a3c37f90fa4fbb21b19b06cac","id":{"unicity":"27184"}},"terms":{"priceEach":1995,"pvEach":1000},"quantity":1}]}},{"currency":"CAD","lines":{"items":[{"item":{"href":"https:\/\/hydraqa.unicity.net\/v5a-test\/items\/1945faa1776541d53120ecfe3c1d8a2b","id":{"unicity":"24418"}},"terms":{"priceEach":6,"pvEach":0},"quantity":1}]}},{"currency":"CAD","lines":{"items":[{"item":{"href":"https:\/\/hydraqa.unicity.net\/v5a-test\/items\/2ffc1563d3d0fd7121ca5b1c2184988e","id":{"unicity":"28428"}},"terms":{"priceEach":111,"pvEach":62},"quantity":1}]}},{"currency":"CAD","lines":{"items":[{"item":{"href":"https:\/\/hydraqa.unicity.net\/v5a-test\/items\/637af131553f5822bef2bb0f0577b2e9","id":{"unicity":"28160"}},"terms":{"priceEach":118,"pvEach":62},"quantity":1}]}},{"currency":"CAD","lines":{"items":[{"item":{"href":"https:\/\/hydraqa.unicity.net\/v5a-test\/items\/dd619e405d660b27ccf73ce78079e1d9","id":{"unicity":"28325"}},"terms":{"priceEach":1995,"pvEach":1000},"quantity":1}]}},{"currency":"CAD","lines":{"items":[{"item":{"href":"https:\/\/hydraqa.unicity.net\/v5a-test\/items\/1785a19a6bf5472c7c1ded08cb7fd083","id":{"unicity":"28326"}},"terms":{"priceEach":1995,"pvEach":1000},"quantity":1}]}},{"currency":"CAD","lines":{"items":[{"item":{"href":"https:\/\/hydraqa.unicity.net\/v5a-test\/items\/4b1b6b6007d154296fd6c4044c789f67","id":{"unicity":"28329"}},"terms":{"priceEach":284,"pvEach":150},"quantity":1}]}},{"currency":"CAD","lines":{"items":[{"item":{"href":"https:\/\/hydraqa.unicity.net\/v5a-test\/items\/bb1a7c3a2902e2cbc4cb2a22fdf1f499","id":{"unicity":"26993"}},"terms":{"priceEach":284,"pvEach":150},"quantity":1}]}},{"currency":"CAD","lines":{"items":[{"item":{"href":"https:\/\/hydraqa.unicity.net\/v5a-test\/items\/8407b62b9c4120aa3dfe25c9feb76e4a","id":{"unicity":"28591"}},"terms":{"priceEach":24,"pvEach":15},"quantity":1}]}},{"currency":"CAD","lines":{"items":[{"item":{"href":"https:\/\/hydraqa.unicity.net\/v5a-test\/items\/c4744f6ba328b983bfffc7e1e4416ff3","id":{"unicity":"26565"}},"terms":{"priceEach":117,"pvEach":64},"quantity":1}]}},{"currency":"CAD","lines":{"items":[{"item":{"href":"https:\/\/hydraqa.unicity.net\/v5a-test\/items\/10da226fab00279b4f89df10af2a10b7","id":{"unicity":"26442"}},"terms":{"priceEach":10,"pvEach":0},"quantity":1}]}},{"currency":"CAD","lines":{"items":[{"item":{"href":"https:\/\/hydraqa.unicity.net\/v5a-test\/items\/576e0ebc8d1f5b26fc89bf3cd47a26c6","id":{"unicity":"26572"}},"terms":{"priceEach":110,"pvEach":56},"quantity":1}]}},{"currency":"CAD","lines":{"items":[{"item":{"href":"https:\/\/hydraqa.unicity.net\/v5a-test\/items\/60b5ca15c481444657970edde11b04ce","id":{"unicity":"26571"}},"terms":{"priceEach":110,"pvEach":56},"quantity":1}]}},{"currency":"CAD","lines":{"items":[{"item":{"href":"https:\/\/hydraqa.unicity.net\/v5a-test\/items\/e77144fa2fcf6a4dc73c15b4d615c1aa","id":{"unicity":"28437"}},"terms":{"priceEach":85,"pvEach":33},"quantity":1}]}},{"currency":"CAD","lines":{"items":[{"item":{"href":"https:\/\/hydraqa.unicity.net\/v5a-test\/items\/46ea1edabdcf18f49817c437346958eb","id":{"unicity":"29147"}},"terms":{"priceEach":85,"pvEach":33},"quantity":1}]}}]}
Entry request : {"order":{"customer":{"href":"https://hydraqa.unicity.net/v5a-test/customers?type=PreferredCustomer"},"shipToAddress":{"country":"CA"}},"vary":{"lines":{"items":[{"item":{"href":"https://hydraqa.unicity.net/v5a-test/items?id.unicity=27182|27183|27184|27185|28325|28326|28327|28328|26993|26995|26996|28329|28331|28332|24418|29147|28437|28591|26442|28370|26572|26571|28428|28160|26565"}}]}}}
Request URL: https://hydraqa.unicity.net/v5a-test/customers.js?callback=angular.callbacks._1&expand=customer,profilePicture&id.unicity=2
Request URL: https://hydraqa.unicity.net/v5a-test/customers.js?_httpMethod=HEAD&callback=angular.callbacks._4&email=GMDRCN@gmail.com
Request URL: https://hydraqa.unicity.net/v5a-test/addresses?country=CA&zip=B4V2K4
Entry response : {"items":[{"city":"Bridgewater","state":"NS"}]}
{sponsor=2, gender=male, city=BRIDGEWATER, cartprice=294.0, enroller=2, arpack=Balance Cholesterol, language=English, locale=en, type=PreferredCustomer, platform=QA, lname=TestLastName, password=Unicity, genderoption=Male, Currency=USD, api=4, state=[NS], email=GMDRCN@gmail.com, zip=B4V2K4, fname=TestFirstName, prefferd=Canada, address2=Address 2, address1=Address 1, shippingmethod=type=Canada Post, version=v5a-test/, testcase=PatientPortal, market=Canada, aritemcode=26565, referral=yes, martial=Married, phone=9823746323, proto=https://hydraqa.unicity.net/, marketcode=CA, maritaloption=Married, ccname=CCNameTest}
Request URL: https://hydraqa.unicity.net/v5a-test/orders.js
Entry request : {"customer":{"mainAddress":{"city":"BRIDGEWATER","country":"CA","state":"NS","zip":"B4V2K4","address1":"Address 1","address2":"Address 2"},"humanName":{"firstName":"TestFirstName","lastName":"TestLastName"},"email":"GMDRCN@gmail.com","preferredLocale":"en-CA","password":{"value":"Unicity"},"gender":"male","maritalStatus":"Married","type":"PreferredCustomer","creditcardaliases":[{"methodDetails":{"creditCardNumber":"4111111111111111","payer":"TestFirstName TestLastName","creditCardExpires":"2020-10"},"billToName":{"firstName":"TestFirstName","lastName":"TestLastName"},"billToAddress":{"address1":"Address 1","address2":"Address 2","city":"BRIDGEWATER","state":"NS","zip":"B4V2K4","country":"CA"}}],"sponsor":{"href":"https://hydraqa.unicity.net/v5a-test/customers?id.unicity=2"},"enroller":{"href":"https://hydraqa.unicity.net/v5a-test/customers?id.unicity=2"},"homePhone":"9823746323","autoorders":{"items":[{"recurrence":{"schedule":{"month":"*","dayOfMonth":"5"},"status":"Enabled"},"lines":{"items":[{"item":{"href":"https://hydraqa.unicity.net/v5a-test/items?id.unicity=26565"},"quantity":1}]},"shipToName":{"firstName":"TestFirstName","lastName":"TestLastName"},"shipToPhone":"9823746323","shipToEmail":"GMDRCN@gmail.com","shipToAddress":{"city":"BRIDGEWATER","country":"CA","state":"NS","address1":"Address 1","address2":"Address 2","zip":"B4V2K4"},"shippingMethod":{"href":"https://hydraqa.unicity.net/v5a-test/shippingmethods?type=Canada Post"},"transactions":{"items":[{"amount":"this.terms.total","type":"AuthorizeAndCapture","method":"CreditCardAlias","methodDetails":{"alias":"this.customer.creditcardaliases[0].alias"}}]}}]},"rights":[]},"lines":{"items":[{"item":{"href":"https://hydraqa.unicity.net/v5a-test/items?id.unicity=26442"},"quantity":1},{"item":{"href":"https://hydraqa.unicity.net/v5a-test/items?id.unicity=28329"},"quantity":1}]},"shipToName":{"firstName":"TestFirstName","lastName":"TestLastName"},"shipToPhone":"9823746323","shipToEmail":"GMDRCN@gmail.com","shipToAddress":{"city":"BRIDGEWATER","country":"CA","state":"NS","address1":"Address 1","address2":"Address 2","zip":"B4V2K4"},"shippingMethod":{"href":"https://hydraqa.unicity.net/v5a-test/shippingmethods?type=Canada Post"},"notes":"","transactions":{"items":[{"amount":"this.terms.total","type":"AuthorizeAndCapture","method":"CreditCard","methodDetails":{"creditCardNumber":"4111111111111111","payer":"CCNameTest","creditCardExpires":"2020-10","creditCardSecurityCode":"123"},"billToAddress":{"address1":"Address 1","address2":"Address 2","city":"BRIDGEWATER","state":"NS","zip":"B4V2K4","country":"CA"}},{"type":"AuthorizeAndCapture","method":"Coupon","methodDetails":{"code":"Fre3Aut0Sh!p"}}]}}
Entry response : {"meta":{"Link":"<http:\/\/unicity.github.io\/Hydra.php\/docs\/v5\/>; rel=\"help\"","X-Request-UUID":"954ea684-346a-46a9-8504-f145f32cd8ed","X-Request-Release":"5-2020030902\/master","Cache-Control":"no-cache, must-revalidate","Expires":"0","X-Powered-By":"Luracast Restler v3.0.0rc5","Content-Type":"text\/javascript; charset=utf-8","Content-Language":"en","X-Status-Code":"402"},"data":{"error":{"code":402,"message":"Payment Required","error_code":"3009","error_message":"Could not authorize and capture credit card payment. Error #T6H7P","upstream_error_message":"ACTION 130 IS NOT ALLOWED FOR MERCHANT 8270, IPADDRESS 34.199.186.86"}}}
Headers-->keep-alive
Headers-->2693
Headers-->application/json, text/plain, */*
Headers-->http://enroll.ng.unicityqa.com
Headers-->en-CA
]]></system-out>
    <system-err><![CDATA[Starting ChromeDriver 2.36.540470 (e522d04694c7ebea4ba8821272dbef4f9b818c91) on port 35234
Only local connections are allowed.
Mar 17, 2020 2:17:32 PM org.openqa.selenium.remote.ProtocolHandshake createSession
INFO: Detected dialect: OSS
]]></system-err>
  </testcase>
  <testcase name="Patient" classname="Tests.PatientPortal" time="145.473">
    <failure message="Minor Summary Labels is Displaying expected [[Résumé d&apos;inscription, Paramètres d&apos;inscription, À Propos de Vous, Votre Adresse de livraison/Adresse principale, Votre Adresse de Facturation, Votre conditions de vente, Résumé]] but found [[des informations de carte de crédit, Votre Adresse de Facturation, Adresse de livraison/Adresse principale, méthode d&apos;expédition, Résumé]]" type="java.lang.AssertionError">java.lang.AssertionError: Minor Summary Labels is Displaying expected [[Résumé d'inscription, Paramètres d'inscription, À Propos de Vous, Votre Adresse de livraison/Adresse principale, Votre Adresse de Facturation, Votre conditions de vente, Résumé]] but found [[des informations de carte de crédit, Votre Adresse de Facturation, Adresse de livraison/Adresse principale, méthode d'expédition, Résumé]]
	at Tests.PatientPortal.Patient(PatientPortal.java:66)
</failure>
    <system-out><![CDATA[Request URL: https://hydraqa.unicity.net/v5a-test/quotes?&expand=item
Entry Quotes response : {"items":[{"currency":"CAD","lines":{"items":[{"item":{"href":"https:\/\/hydraqa.unicity.net\/v5a-test\/items\/7dcb8a849a987dc38e872146cc3ee537","id":{"unicity":"27185"}},"terms":{"priceEach":1995,"pvEach":1000},"quantity":1}]}},{"currency":"CAD","lines":{"items":[{"item":{"href":"https:\/\/hydraqa.unicity.net\/v5a-test\/items\/dad64fe505c34e906dad58cc9d6b0213","id":{"unicity":"27183"}},"terms":{"priceEach":1995,"pvEach":1000},"quantity":1}]}},{"currency":"CAD","lines":{"items":[{"item":{"href":"https:\/\/hydraqa.unicity.net\/v5a-test\/items\/581848fdf2bd6cdafbedf9735f46eb17","id":{"unicity":"27182"}},"terms":{"priceEach":1995,"pvEach":1000},"quantity":1}]}},{"currency":"CAD","lines":{"items":[{"item":{"href":"https:\/\/hydraqa.unicity.net\/v5a-test\/items\/5e53a07a3c37f90fa4fbb21b19b06cac","id":{"unicity":"27184"}},"terms":{"priceEach":1995,"pvEach":1000},"quantity":1}]}},{"currency":"CAD","lines":{"items":[{"item":{"href":"https:\/\/hydraqa.unicity.net\/v5a-test\/items\/1945faa1776541d53120ecfe3c1d8a2b","id":{"unicity":"24418"}},"terms":{"priceEach":6,"pvEach":0},"quantity":1}]}},{"currency":"CAD","lines":{"items":[{"item":{"href":"https:\/\/hydraqa.unicity.net\/v5a-test\/items\/2ffc1563d3d0fd7121ca5b1c2184988e","id":{"unicity":"28428"}},"terms":{"priceEach":111,"pvEach":62},"quantity":1}]}},{"currency":"CAD","lines":{"items":[{"item":{"href":"https:\/\/hydraqa.unicity.net\/v5a-test\/items\/637af131553f5822bef2bb0f0577b2e9","id":{"unicity":"28160"}},"terms":{"priceEach":118,"pvEach":62},"quantity":1}]}},{"currency":"CAD","lines":{"items":[{"item":{"href":"https:\/\/hydraqa.unicity.net\/v5a-test\/items\/dd619e405d660b27ccf73ce78079e1d9","id":{"unicity":"28325"}},"terms":{"priceEach":1995,"pvEach":1000},"quantity":1}]}},{"currency":"CAD","lines":{"items":[{"item":{"href":"https:\/\/hydraqa.unicity.net\/v5a-test\/items\/1785a19a6bf5472c7c1ded08cb7fd083","id":{"unicity":"28326"}},"terms":{"priceEach":1995,"pvEach":1000},"quantity":1}]}},{"currency":"CAD","lines":{"items":[{"item":{"href":"https:\/\/hydraqa.unicity.net\/v5a-test\/items\/4b1b6b6007d154296fd6c4044c789f67","id":{"unicity":"28329"}},"terms":{"priceEach":284,"pvEach":150},"quantity":1}]}},{"currency":"CAD","lines":{"items":[{"item":{"href":"https:\/\/hydraqa.unicity.net\/v5a-test\/items\/bb1a7c3a2902e2cbc4cb2a22fdf1f499","id":{"unicity":"26993"}},"terms":{"priceEach":284,"pvEach":150},"quantity":1}]}},{"currency":"CAD","lines":{"items":[{"item":{"href":"https:\/\/hydraqa.unicity.net\/v5a-test\/items\/8407b62b9c4120aa3dfe25c9feb76e4a","id":{"unicity":"28591"}},"terms":{"priceEach":24,"pvEach":15},"quantity":1}]}},{"currency":"CAD","lines":{"items":[{"item":{"href":"https:\/\/hydraqa.unicity.net\/v5a-test\/items\/c4744f6ba328b983bfffc7e1e4416ff3","id":{"unicity":"26565"}},"terms":{"priceEach":117,"pvEach":64},"quantity":1}]}},{"currency":"CAD","lines":{"items":[{"item":{"href":"https:\/\/hydraqa.unicity.net\/v5a-test\/items\/10da226fab00279b4f89df10af2a10b7","id":{"unicity":"26442"}},"terms":{"priceEach":10,"pvEach":0},"quantity":1}]}},{"currency":"CAD","lines":{"items":[{"item":{"href":"https:\/\/hydraqa.unicity.net\/v5a-test\/items\/576e0ebc8d1f5b26fc89bf3cd47a26c6","id":{"unicity":"26572"}},"terms":{"priceEach":110,"pvEach":56},"quantity":1}]}},{"currency":"CAD","lines":{"items":[{"item":{"href":"https:\/\/hydraqa.unicity.net\/v5a-test\/items\/60b5ca15c481444657970edde11b04ce","id":{"unicity":"26571"}},"terms":{"priceEach":110,"pvEach":56},"quantity":1}]}},{"currency":"CAD","lines":{"items":[{"item":{"href":"https:\/\/hydraqa.unicity.net\/v5a-test\/items\/e77144fa2fcf6a4dc73c15b4d615c1aa","id":{"unicity":"28437"}},"terms":{"priceEach":85,"pvEach":33},"quantity":1}]}},{"currency":"CAD","lines":{"items":[{"item":{"href":"https:\/\/hydraqa.unicity.net\/v5a-test\/items\/46ea1edabdcf18f49817c437346958eb","id":{"unicity":"29147"}},"terms":{"priceEach":85,"pvEach":33},"quantity":1}]}}]}
Entry request : {"order":{"customer":{"href":"https://hydraqa.unicity.net/v5a-test/customers?type=PreferredCustomer"},"shipToAddress":{"country":"CA"}},"vary":{"lines":{"items":[{"item":{"href":"https://hydraqa.unicity.net/v5a-test/items?id.unicity=27182|27183|27184|27185|28325|28326|28327|28328|26993|26995|26996|28329|28331|28332|24418|29147|28437|28591|26442|28370|26572|26571|28428|28160|26565"}}]}}}
Request URL: https://hydraqa.unicity.net/v5a-test/customers.js?callback=angular.callbacks._1&expand=customer,profilePicture&id.unicity=2
Request URL: https://hydraqa.unicity.net/v5a-test/customers.js?_httpMethod=HEAD&callback=angular.callbacks._4&email=XJLBJR@gmail.com
Request URL: https://hydraqa.unicity.net/v5a-test/addresses?country=CA&zip=B4V2K4
Entry response : {"items":[{"city":"Bridgewater","state":"NS"}]}
]]></system-out>
    <system-err><![CDATA[Starting ChromeDriver 2.36.540470 (e522d04694c7ebea4ba8821272dbef4f9b818c91) on port 12690
Only local connections are allowed.
Mar 17, 2020 2:20:31 PM org.openqa.selenium.remote.ProtocolHandshake createSession
INFO: Detected dialect: OSS
]]></system-err>
  </testcase>
  <testcase name="PassReferralID" classname="Tests.HealthCareProducts" time="208.359"/>
  <testcase name="PassReferralID" classname="Tests.HealthCareProducts" time="242.067"/>
  <testcase name="PassReferralID" classname="Tests.HealthCareProducts" time="158.492">
    <failure message="Major Market expected [CA] but found [null]" type="java.lang.AssertionError">java.lang.AssertionError: Major Market expected [CA] but found [null]
	at Tests.HealthCareProducts.PassReferralID(HealthCareProducts.java:68)
</failure>
    <system-out><![CDATA[Request URL: https://hydraqa.unicity.net/v5a-test/quotes?&expand=item
Entry Quotes response : {"items":[{"currency":"CAD","lines":{"items":[{"item":{"href":"https:\/\/hydraqa.unicity.net\/v5a-test\/items\/1945faa1776541d53120ecfe3c1d8a2b","id":{"unicity":"24418"}},"terms":{"priceEach":5,"pvEach":0},"quantity":1}]}},{"currency":"CAD","lines":{"items":[{"item":{"href":"https:\/\/hydraqa.unicity.net\/v5a-test\/items\/8407b62b9c4120aa3dfe25c9feb76e4a","id":{"unicity":"28591"}},"terms":{"priceEach":21,"pvEach":15},"quantity":1}]}},{"currency":"CAD","lines":{"items":[{"item":{"href":"https:\/\/hydraqa.unicity.net\/v5a-test\/items\/e77144fa2fcf6a4dc73c15b4d615c1aa","id":{"unicity":"28437"}},"terms":{"priceEach":74,"pvEach":33},"quantity":1}]}},{"currency":"CAD","lines":{"items":[{"item":{"href":"https:\/\/hydraqa.unicity.net\/v5a-test\/items\/46ea1edabdcf18f49817c437346958eb","id":{"unicity":"29147"}},"terms":{"priceEach":74,"pvEach":33},"quantity":1}]}}]}
Entry request : {"order":{"customer":{"href":"https://hydraqa.unicity.net/v5a-test/customers?type=Associate"},"shipToAddress":{"country":"CA"}},"vary":{"lines":{"items":[{"item":{"href":"https://hydraqa.unicity.net/v5a-test/items?id.unicity=27302|27305|27301|27304|27300|27303|24418|29147|28437|28591"}}]}}}
Request URL: https://hydraqa.unicity.net/v5a-test/customers.js?callback=angular.callbacks._1&expand=customer,profilePicture&id.unicity=2
Request URL: https://hydraqa.unicity.net/v5a-test/customers.js?_httpMethod=HEAD&callback=angular.callbacks._7&email=DZMIQQ@gmail.com
Request URL: https://hydraqa.unicity.net/v5a-test/shippingmethods.js?callback=angular.callbacks._a&destination=CA&market=CA
Request URL: https://hydraqa.unicity.net/v5a-test/addresses?country=CA&zip=B4V2K4
Entry response : {"items":[{"city":"Bridgewater","state":"NS"}]}
{sponsor=2, gender=female, city=BRIDGEWATER, signature=TestSignature, cartprice=74.0, enroller=2, responsedob=1996-07-13, arpack=Complete Chocolate, language=English, locale=en, type=Associate, coapplicanttype=Spouse, platform=QA, lname=TestLastName, password=Unicity, genderoption=Female, Currency=USD, api=7, state=[NS], email=DZMIQQ@gmail.com, coapplicant=TestSpouseName, zip=B4V2K4, fname=TestFirstName, prefferd=Canada, address2=Address 2, address1=Address 1, shippingmethod=type=Canada Post, version=v5a-test/, testcase=hcp, market=Canada, aritemcode=29147, referral=yes, martial=Married, phone=9823746323, dob=07/13/1996, proto=https://hydraqa.unicity.net/, marketcode=CA, maritaloption=Married, ccname=CCNameTest}
Request URL: https://hydraqa.unicity.net/v5a-test/orders.js
Entry request : {"customer":{"mainAddress":{"city":"BRIDGEWATER","country":"CA","state":"NS","zip":"B4V2K4","address1":"Address 1","address2":"Address 2"},"humanName":{"firstName":"TestFirstName","lastName":"TestLastName"},"email":"DZMIQQ@gmail.com","preferredLocale":"en-CA","password":{"value":"Unicity"},"gender":"female","maritalStatus":"Married","type":"Associate","creditcardaliases":[{"methodDetails":{"creditCardNumber":"4111111111111111","payer":"TestFirstName TestLastName","creditCardExpires":"2020-10"},"billToName":{"firstName":"TestFirstName","lastName":"TestLastName"},"billToAddress":{"address1":"Address 1","address2":"Address 2","city":"BRIDGEWATER","state":"NS","zip":"B4V2K4","country":"CA"}}],"sponsor":{"href":"https://hydraqa.unicity.net/v5a-test/customers?id.unicity=2"},"enroller":{"href":"https://hydraqa.unicity.net/v5a-test/customers?id.unicity=2"},"homePhone":"9823746323","birthDate":"1996-07-13","autoorders":{"items":[{"recurrence":{"schedule":{"month":"*","dayOfMonth":"5"},"status":"Enabled"},"lines":{"items":[{"item":{"href":"https://hydraqa.unicity.net/v5a-test/items?id.unicity=29147"},"quantity":1}]},"shipToName":{"firstName":"TestFirstName","lastName":"TestLastName"},"shipToPhone":"9823746323","shipToEmail":"DZMIQQ@gmail.com","shipToAddress":{"city":"BRIDGEWATER","country":"CA","state":"NS","address1":"Address 1","address2":"Address 2","zip":"B4V2K4"},"shippingMethod":{"href":"https://hydraqa.unicity.net/v5a-test/shippingmethods?type=Canada Post"},"transactions":{"items":[{"amount":"this.terms.total","type":"AuthorizeAndCapture","method":"CreditCardAlias","methodDetails":{"alias":"this.customer.creditcardaliases[0].alias"}}]}}]},"coapplicant":{"type":"Spouse","details":{"humanName":{"firstName":"TestSpouseName","lastName":""}}},"rights":[],"signature":{"value":"TestSignature"}},"lines":{"items":[{"item":{"href":"https://hydraqa.unicity.net/v5a-test/items?id.unicity=28437"},"quantity":1}]},"shipToName":{"firstName":"TestFirstName","lastName":"TestLastName"},"shipToPhone":"9823746323","shipToEmail":"DZMIQQ@gmail.com","shipToAddress":{"city":"BRIDGEWATER","country":"CA","state":"NS","address1":"Address 1","address2":"Address 2","zip":"B4V2K4"},"shippingMethod":{"href":"https://hydraqa.unicity.net/v5a-test/shippingmethods?type=Canada Post"},"notes":"","transactions":{"items":[{"amount":"this.terms.total","type":"AuthorizeAndCapture","method":"CreditCard","methodDetails":{"creditCardNumber":"4111111111111111","payer":"CCNameTest","creditCardExpires":"2020-10","creditCardSecurityCode":"123"},"billToAddress":{"address1":"Address 1","address2":"Address 2","city":"BRIDGEWATER","state":"NS","zip":"B4V2K4","country":"CA"}},{"type":"AuthorizeAndCapture","method":"Coupon","methodDetails":{"code":"Fre3Aut0Sh!p"}}]}}
Entry response : {"meta":{"Link":"<http:\/\/unicity.github.io\/Hydra.php\/docs\/v5\/>; rel=\"help\"","X-Request-UUID":"cb11c446-0aee-4b13-b77a-52d1d7df4dcd","X-Request-Release":"5-2020030902\/master","Cache-Control":"no-cache, must-revalidate","Expires":"0","X-Powered-By":"Luracast Restler v3.0.0rc5","Content-Type":"text\/javascript; charset=utf-8","Content-Language":"en","X-Status-Code":"403"},"data":{"error":{"code":403,"message":"Forbidden","error_code":"1203","error_message":"This action violates business rules. Starter kit is missing."}}}
Headers-->keep-alive
Headers-->2758
Headers-->application/json, text/plain, */*
Headers-->http://enroll.ng.unicityqa.com
Headers-->empty
Headers-->en-CA
]]></system-out>
    <system-err><![CDATA[Starting ChromeDriver 2.36.540470 (e522d04694c7ebea4ba8821272dbef4f9b818c91) on port 35121
Only local connections are allowed.
Mar 17, 2020 2:30:46 PM org.openqa.selenium.remote.ProtocolHandshake createSession
INFO: Detected dialect: OSS
]]></system-err>
  </testcase>
  <testcase name="PassReferralID" classname="Tests.HealthCareProducts" time="140.369">
    <failure message="Minor Summary Labels is Displaying expected [[Résumé d&apos;inscription, Paramètres d&apos;inscription, conjoint, À Propos de Vous, Votre Adresse de livraison/Adresse principale, Votre Adresse de Facturation, Votre conditions de vente, Termes et Conditions, Résumé]] but found [[des informations de carte de crédit, Votre Adresse de Facturation, Adresse de livraison/Adresse principale, méthode d&apos;expédition, Résumé]]" type="java.lang.AssertionError">java.lang.AssertionError: Minor Summary Labels is Displaying expected [[Résumé d'inscription, Paramètres d'inscription, conjoint, À Propos de Vous, Votre Adresse de livraison/Adresse principale, Votre Adresse de Facturation, Votre conditions de vente, Termes et Conditions, Résumé]] but found [[des informations de carte de crédit, Votre Adresse de Facturation, Adresse de livraison/Adresse principale, méthode d'expédition, Résumé]]
	at Tests.HealthCareProducts.PassReferralID(HealthCareProducts.java:68)
</failure>
    <system-out><![CDATA[Request URL: https://hydraqa.unicity.net/v5a-test/quotes?&expand=item
Entry Quotes response : {"items":[{"currency":"CAD","lines":{"items":[{"item":{"href":"https:\/\/hydraqa.unicity.net\/v5a-test\/items\/1945faa1776541d53120ecfe3c1d8a2b","id":{"unicity":"24418"}},"terms":{"priceEach":5,"pvEach":0},"quantity":1}]}},{"currency":"CAD","lines":{"items":[{"item":{"href":"https:\/\/hydraqa.unicity.net\/v5a-test\/items\/8407b62b9c4120aa3dfe25c9feb76e4a","id":{"unicity":"28591"}},"terms":{"priceEach":21,"pvEach":15},"quantity":1}]}},{"currency":"CAD","lines":{"items":[{"item":{"href":"https:\/\/hydraqa.unicity.net\/v5a-test\/items\/e77144fa2fcf6a4dc73c15b4d615c1aa","id":{"unicity":"28437"}},"terms":{"priceEach":74,"pvEach":33},"quantity":1}]}},{"currency":"CAD","lines":{"items":[{"item":{"href":"https:\/\/hydraqa.unicity.net\/v5a-test\/items\/46ea1edabdcf18f49817c437346958eb","id":{"unicity":"29147"}},"terms":{"priceEach":74,"pvEach":33},"quantity":1}]}}]}
Entry request : {"order":{"customer":{"href":"https://hydraqa.unicity.net/v5a-test/customers?type=Associate"},"shipToAddress":{"country":"CA"}},"vary":{"lines":{"items":[{"item":{"href":"https://hydraqa.unicity.net/v5a-test/items?id.unicity=27302|27305|27301|27304|27300|27303|24418|29147|28437|28591"}}]}}}
Request URL: https://hydraqa.unicity.net/v5a-test/customers.js?callback=angular.callbacks._1&expand=customer,profilePicture&id.unicity=2
Request URL: https://hydraqa.unicity.net/v5a-test/customers.js?_httpMethod=HEAD&callback=angular.callbacks._7&email=LBSDQQ@gmail.com
Request URL: https://hydraqa.unicity.net/v5a-test/shippingmethods.js?callback=angular.callbacks._a&destination=CA&market=CA
Request URL: https://hydraqa.unicity.net/v5a-test/addresses?country=CA&zip=B4V2K4
Entry response : {"items":[{"city":"Bridgewater","state":"NS"}]}
]]></system-out>
    <system-err><![CDATA[Starting ChromeDriver 2.36.540470 (e522d04694c7ebea4ba8821272dbef4f9b818c91) on port 37167
Only local connections are allowed.
Mar 17, 2020 2:33:31 PM org.openqa.selenium.remote.ProtocolHandshake createSession
INFO: Detected dialect: OSS
]]></system-err>
  </testcase>
</testsuite>