<?xml version="1.0" encoding="UTF-8"?>
<testsuite xmlns:xsi="http://www.w3.org/2001/XMLSchema-instance" xsi:noNamespaceSchemaLocation="https://maven.apache.org/surefire/maven-surefire-plugin/xsd/surefire-test-report-3.0.xsd" version="3.0" name="TestSuite" time="9,438.227" tests="75" errors="0" skipped="0" failures="60">
  <properties>
    <property name="sun.desktop" value="windows"/>
    <property name="awt.toolkit" value="sun.awt.windows.WToolkit"/>
    <property name="file.encoding.pkg" value="sun.io"/>
    <property name="java.specification.version" value="1.8"/>
    <property name="sun.cpu.isalist" value="amd64"/>
    <property name="sun.jnu.encoding" value="Cp1252"/>
    <property name="java.class.path" value="C:\Users\sumancb\git\Enrollment\Enrollment\target\test-classes;C:\Users\sumancb\git\Enrollment\Enrollment\target\classes;C:\Users\sumancb\.m2\repository\junit\junit\3.8.1\junit-3.8.1.jar;C:\Users\sumancb\.m2\repository\org\seleniumhq\selenium\selenium-java\3.8.1\selenium-java-3.8.1.jar;C:\Users\sumancb\.m2\repository\org\seleniumhq\selenium\selenium-api\3.8.1\selenium-api-3.8.1.jar;C:\Users\sumancb\.m2\repository\org\seleniumhq\selenium\selenium-chrome-driver\3.8.1\selenium-chrome-driver-3.8.1.jar;C:\Users\sumancb\.m2\repository\org\seleniumhq\selenium\selenium-edge-driver\3.8.1\selenium-edge-driver-3.8.1.jar;C:\Users\sumancb\.m2\repository\org\seleniumhq\selenium\selenium-firefox-driver\3.8.1\selenium-firefox-driver-3.8.1.jar;C:\Users\sumancb\.m2\repository\org\seleniumhq\selenium\selenium-ie-driver\3.8.1\selenium-ie-driver-3.8.1.jar;C:\Users\sumancb\.m2\repository\org\seleniumhq\selenium\selenium-opera-driver\3.8.1\selenium-opera-driver-3.8.1.jar;C:\Users\sumancb\.m2\repository\org\seleniumhq\selenium\selenium-remote-driver\3.8.1\selenium-remote-driver-3.8.1.jar;C:\Users\sumancb\.m2\repository\org\seleniumhq\selenium\selenium-safari-driver\3.8.1\selenium-safari-driver-3.8.1.jar;C:\Users\sumancb\.m2\repository\org\seleniumhq\selenium\selenium-support\3.8.1\selenium-support-3.8.1.jar;C:\Users\sumancb\.m2\repository\net\bytebuddy\byte-buddy\1.7.5\byte-buddy-1.7.5.jar;C:\Users\sumancb\.m2\repository\org\apache\commons\commons-exec\1.3\commons-exec-1.3.jar;C:\Users\sumancb\.m2\repository\commons-codec\commons-codec\1.10\commons-codec-1.10.jar;C:\Users\sumancb\.m2\repository\commons-logging\commons-logging\1.2\commons-logging-1.2.jar;C:\Users\sumancb\.m2\repository\com\google\code\gson\gson\2.8.2\gson-2.8.2.jar;C:\Users\sumancb\.m2\repository\com\google\guava\guava\23.0\guava-23.0.jar;C:\Users\sumancb\.m2\repository\com\google\code\findbugs\jsr305\1.3.9\jsr305-1.3.9.jar;C:\Users\sumancb\.m2\repository\com\google\errorprone\error_prone_annotations\2.0.18\error_prone_annotations-2.0.18.jar;C:\Users\sumancb\.m2\repository\com\google\j2objc\j2objc-annotations\1.1\j2objc-annotations-1.1.jar;C:\Users\sumancb\.m2\repository\org\codehaus\mojo\animal-sniffer-annotations\1.14\animal-sniffer-annotations-1.14.jar;C:\Users\sumancb\.m2\repository\org\apache\httpcomponents\httpclient\4.5.3\httpclient-4.5.3.jar;C:\Users\sumancb\.m2\repository\org\apache\httpcomponents\httpcore\4.4.6\httpcore-4.4.6.jar;C:\Users\sumancb\.m2\repository\org\testng\testng\6.14.3\testng-6.14.3.jar;C:\Users\sumancb\.m2\repository\com\beust\jcommander\1.72\jcommander-1.72.jar;C:\Users\sumancb\.m2\repository\org\apache-extras\beanshell\bsh\2.0b6\bsh-2.0b6.jar;C:\Users\sumancb\.m2\repository\com\relevantcodes\extentreports\2.41.2\extentreports-2.41.2.jar;C:\Users\sumancb\.m2\repository\org\jsoup\jsoup\1.8.3\jsoup-1.8.3.jar;C:\Users\sumancb\.m2\repository\org\xerial\sqlite-jdbc\3.8.11.1\sqlite-jdbc-3.8.11.1.jar;C:\Users\sumancb\.m2\repository\org\freemarker\freemarker\2.3.23\freemarker-2.3.23.jar;C:\Users\sumancb\.m2\repository\org\mongodb\mongodb-driver\3.0.4\mongodb-driver-3.0.4.jar;C:\Users\sumancb\.m2\repository\org\mongodb\bson\3.0.4\bson-3.0.4.jar;C:\Users\sumancb\.m2\repository\org\mongodb\mongodb-driver-core\3.0.4\mongodb-driver-core-3.0.4.jar;C:\Users\sumancb\.m2\repository\org\apache\commons\commons-lang3\3.8.1\commons-lang3-3.8.1.jar;C:\Users\sumancb\.m2\repository\io\rest-assured\rest-assured\3.1.0\rest-assured-3.1.0.jar;C:\Users\sumancb\.m2\repository\org\codehaus\groovy\groovy\2.4.12\groovy-2.4.12.jar;C:\Users\sumancb\.m2\repository\org\codehaus\groovy\groovy-xml\2.4.12\groovy-xml-2.4.12.jar;C:\Users\sumancb\.m2\repository\org\apache\httpcomponents\httpmime\4.5.1\httpmime-4.5.1.jar;C:\Users\sumancb\.m2\repository\org\hamcrest\hamcrest-core\1.3\hamcrest-core-1.3.jar;C:\Users\sumancb\.m2\repository\org\hamcrest\hamcrest-library\1.3\hamcrest-library-1.3.jar;C:\Users\sumancb\.m2\repository\org\ccil\cowan\tagsoup\tagsoup\1.2.1\tagsoup-1.2.1.jar;C:\Users\sumancb\.m2\repository\io\rest-assured\json-path\3.1.0\json-path-3.1.0.jar;C:\Users\sumancb\.m2\repository\org\codehaus\groovy\groovy-json\2.4.12\groovy-json-2.4.12.jar;C:\Users\sumancb\.m2\repository\io\rest-assured\rest-assured-common\3.1.0\rest-assured-common-3.1.0.jar;C:\Users\sumancb\.m2\repository\io\rest-assured\xml-path\3.1.0\xml-path-3.1.0.jar;C:\Users\sumancb\.m2\repository\javax\xml\bind\jaxb-api\2.2.12\jaxb-api-2.2.12.jar;C:\Users\sumancb\.m2\repository\org\skyscreamer\jsonassert\1.5.0\jsonassert-1.5.0.jar;C:\Users\sumancb\.m2\repository\com\vaadin\external\google\android-json\0.0.20131108.vaadin1\android-json-0.0.20131108.vaadin1.jar;C:\Users\sumancb\.m2\repository\org\codehaus\groovy\groovy-all\2.3.5\groovy-all-2.3.5.jar;C:\Users\sumancb\.m2\repository\org\codehaus\jackson\jackson-mapper-asl\1.5.0\jackson-mapper-asl-1.5.0.jar;C:\Users\sumancb\.m2\repository\org\codehaus\jackson\jackson-core-asl\1.5.0\jackson-core-asl-1.5.0.jar;C:\Users\sumancb\.m2\repository\net\lightbody\bmp\browsermob-core\2.1.5\browsermob-core-2.1.5.jar;C:\Users\sumancb\.m2\repository\net\lightbody\bmp\littleproxy\1.1.0-beta-bmp-17\littleproxy-1.1.0-beta-bmp-17.jar;C:\Users\sumancb\.m2\repository\com\fasterxml\jackson\core\jackson-core\2.8.9\jackson-core-2.8.9.jar;C:\Users\sumancb\.m2\repository\com\fasterxml\jackson\core\jackson-databind\2.8.9\jackson-databind-2.8.9.jar;C:\Users\sumancb\.m2\repository\dnsjava\dnsjava\2.1.8\dnsjava-2.1.8.jar;C:\Users\sumancb\.m2\repository\org\slf4j\slf4j-api\1.7.25\slf4j-api-1.7.25.jar;C:\Users\sumancb\.m2\repository\org\slf4j\jcl-over-slf4j\1.7.25\jcl-over-slf4j-1.7.25.jar;C:\Users\sumancb\.m2\repository\com\jcraft\jzlib\1.1.3\jzlib-1.1.3.jar;C:\Users\sumancb\.m2\repository\io\netty\netty-all\4.0.51.Final\netty-all-4.0.51.Final.jar;C:\Users\sumancb\.m2\repository\org\bouncycastle\bcprov-jdk15on\1.58\bcprov-jdk15on-1.58.jar;C:\Users\sumancb\.m2\repository\org\bouncycastle\bcpkix-jdk15on\1.58\bcpkix-jdk15on-1.58.jar;C:\Users\sumancb\.m2\repository\net\lightbody\bmp\mitm\2.1.5\mitm-2.1.5.jar;C:\Users\sumancb\.m2\repository\com\fasterxml\jackson\core\jackson-annotations\2.9.8\jackson-annotations-2.9.8.jar;C:\Users\sumancb\.m2\repository\commons-lang\commons-lang\2.2\commons-lang-2.2.jar;C:\Users\sumancb\.m2\repository\javax\mail\javax.mail-api\1.5.5\javax.mail-api-1.5.5.jar;C:\Users\sumancb\.m2\repository\com\sun\mail\javax.mail\1.6.1\javax.mail-1.6.1.jar;C:\Users\sumancb\.m2\repository\javax\activation\activation\1.1\activation-1.1.jar;C:\Users\sumancb\.m2\repository\org\springframework\data\spring-data-jpa\1.11.23.RELEASE\spring-data-jpa-1.11.23.RELEASE.jar;C:\Users\sumancb\.m2\repository\org\springframework\data\spring-data-commons\1.13.23.RELEASE\spring-data-commons-1.13.23.RELEASE.jar;C:\Users\sumancb\.m2\repository\org\springframework\spring-orm\4.3.25.RELEASE\spring-orm-4.3.25.RELEASE.jar;C:\Users\sumancb\.m2\repository\org\springframework\spring-jdbc\4.3.25.RELEASE\spring-jdbc-4.3.25.RELEASE.jar;C:\Users\sumancb\.m2\repository\org\springframework\spring-context\4.3.25.RELEASE\spring-context-4.3.25.RELEASE.jar;C:\Users\sumancb\.m2\repository\org\springframework\spring-expression\4.3.25.RELEASE\spring-expression-4.3.25.RELEASE.jar;C:\Users\sumancb\.m2\repository\org\springframework\spring-aop\4.3.25.RELEASE\spring-aop-4.3.25.RELEASE.jar;C:\Users\sumancb\.m2\repository\org\springframework\spring-tx\4.3.25.RELEASE\spring-tx-4.3.25.RELEASE.jar;C:\Users\sumancb\.m2\repository\org\springframework\spring-beans\4.3.25.RELEASE\spring-beans-4.3.25.RELEASE.jar;C:\Users\sumancb\.m2\repository\org\springframework\spring-core\4.3.25.RELEASE\spring-core-4.3.25.RELEASE.jar;C:\Users\sumancb\.m2\repository\org\aspectj\aspectjrt\1.8.13\aspectjrt-1.8.13.jar;C:\Users\sumancb\.m2\repository\org\apache\derby\derbyclient\10.11.1.1\derbyclient-10.11.1.1.jar;C:\Users\sumancb\.m2\repository\org\eclipse\persistence\org.eclipse.persistence.jpa\2.5.2\org.eclipse.persistence.jpa-2.5.2.jar;C:\Users\sumancb\.m2\repository\org\eclipse\persistence\javax.persistence\2.1.0\javax.persistence-2.1.0.jar;C:\Users\sumancb\.m2\repository\org\eclipse\persistence\org.eclipse.persistence.asm\2.5.2\org.eclipse.persistence.asm-2.5.2.jar;C:\Users\sumancb\.m2\repository\org\eclipse\persistence\org.eclipse.persistence.antlr\2.5.2\org.eclipse.persistence.antlr-2.5.2.jar;C:\Users\sumancb\.m2\repository\org\eclipse\persistence\org.eclipse.persistence.jpa.jpql\2.5.2\org.eclipse.persistence.jpa.jpql-2.5.2.jar;C:\Users\sumancb\.m2\repository\org\eclipse\persistence\org.eclipse.persistence.core\2.5.2\org.eclipse.persistence.core-2.5.2.jar;"/>
    <property name="java.vm.vendor" value="Oracle Corporation"/>
    <property name="sun.arch.data.model" value="64"/>
    <property name="user.variant" value=""/>
    <property name="java.vendor.url" value="http://java.oracle.com/"/>
    <property name="user.timezone" value="America/Denver"/>
    <property name="java.vm.specification.version" value="1.8"/>
    <property name="os.name" value="Windows Server 2012 R2"/>
    <property name="user.country" value="US"/>
    <property name="sun.java.launcher" value="SUN_STANDARD"/>
    <property name="sun.boot.library.path" value="C:\Program Files\Java\jdk1.8.0_111\jre\bin"/>
    <property name="sun.java.command" value="C:\Users\sumancb\AppData\Local\Temp\3\surefire4143025762394344337\surefirebooter5808867265518317112.jar C:\Users\sumancb\AppData\Local\Temp\3\surefire4143025762394344337 2020-10-13T09-40-47_376-jvmRun1 surefire5944058226905502066tmp surefire_02884795875479980389tmp"/>
    <property name="surefire.test.class.path" value="C:\Users\sumancb\git\Enrollment\Enrollment\target\test-classes;C:\Users\sumancb\git\Enrollment\Enrollment\target\classes;C:\Users\sumancb\.m2\repository\junit\junit\3.8.1\junit-3.8.1.jar;C:\Users\sumancb\.m2\repository\org\seleniumhq\selenium\selenium-java\3.8.1\selenium-java-3.8.1.jar;C:\Users\sumancb\.m2\repository\org\seleniumhq\selenium\selenium-api\3.8.1\selenium-api-3.8.1.jar;C:\Users\sumancb\.m2\repository\org\seleniumhq\selenium\selenium-chrome-driver\3.8.1\selenium-chrome-driver-3.8.1.jar;C:\Users\sumancb\.m2\repository\org\seleniumhq\selenium\selenium-edge-driver\3.8.1\selenium-edge-driver-3.8.1.jar;C:\Users\sumancb\.m2\repository\org\seleniumhq\selenium\selenium-firefox-driver\3.8.1\selenium-firefox-driver-3.8.1.jar;C:\Users\sumancb\.m2\repository\org\seleniumhq\selenium\selenium-ie-driver\3.8.1\selenium-ie-driver-3.8.1.jar;C:\Users\sumancb\.m2\repository\org\seleniumhq\selenium\selenium-opera-driver\3.8.1\selenium-opera-driver-3.8.1.jar;C:\Users\sumancb\.m2\repository\org\seleniumhq\selenium\selenium-remote-driver\3.8.1\selenium-remote-driver-3.8.1.jar;C:\Users\sumancb\.m2\repository\org\seleniumhq\selenium\selenium-safari-driver\3.8.1\selenium-safari-driver-3.8.1.jar;C:\Users\sumancb\.m2\repository\org\seleniumhq\selenium\selenium-support\3.8.1\selenium-support-3.8.1.jar;C:\Users\sumancb\.m2\repository\net\bytebuddy\byte-buddy\1.7.5\byte-buddy-1.7.5.jar;C:\Users\sumancb\.m2\repository\org\apache\commons\commons-exec\1.3\commons-exec-1.3.jar;C:\Users\sumancb\.m2\repository\commons-codec\commons-codec\1.10\commons-codec-1.10.jar;C:\Users\sumancb\.m2\repository\commons-logging\commons-logging\1.2\commons-logging-1.2.jar;C:\Users\sumancb\.m2\repository\com\google\code\gson\gson\2.8.2\gson-2.8.2.jar;C:\Users\sumancb\.m2\repository\com\google\guava\guava\23.0\guava-23.0.jar;C:\Users\sumancb\.m2\repository\com\google\code\findbugs\jsr305\1.3.9\jsr305-1.3.9.jar;C:\Users\sumancb\.m2\repository\com\google\errorprone\error_prone_annotations\2.0.18\error_prone_annotations-2.0.18.jar;C:\Users\sumancb\.m2\repository\com\google\j2objc\j2objc-annotations\1.1\j2objc-annotations-1.1.jar;C:\Users\sumancb\.m2\repository\org\codehaus\mojo\animal-sniffer-annotations\1.14\animal-sniffer-annotations-1.14.jar;C:\Users\sumancb\.m2\repository\org\apache\httpcomponents\httpclient\4.5.3\httpclient-4.5.3.jar;C:\Users\sumancb\.m2\repository\org\apache\httpcomponents\httpcore\4.4.6\httpcore-4.4.6.jar;C:\Users\sumancb\.m2\repository\org\testng\testng\6.14.3\testng-6.14.3.jar;C:\Users\sumancb\.m2\repository\com\beust\jcommander\1.72\jcommander-1.72.jar;C:\Users\sumancb\.m2\repository\org\apache-extras\beanshell\bsh\2.0b6\bsh-2.0b6.jar;C:\Users\sumancb\.m2\repository\com\relevantcodes\extentreports\2.41.2\extentreports-2.41.2.jar;C:\Users\sumancb\.m2\repository\org\jsoup\jsoup\1.8.3\jsoup-1.8.3.jar;C:\Users\sumancb\.m2\repository\org\xerial\sqlite-jdbc\3.8.11.1\sqlite-jdbc-3.8.11.1.jar;C:\Users\sumancb\.m2\repository\org\freemarker\freemarker\2.3.23\freemarker-2.3.23.jar;C:\Users\sumancb\.m2\repository\org\mongodb\mongodb-driver\3.0.4\mongodb-driver-3.0.4.jar;C:\Users\sumancb\.m2\repository\org\mongodb\bson\3.0.4\bson-3.0.4.jar;C:\Users\sumancb\.m2\repository\org\mongodb\mongodb-driver-core\3.0.4\mongodb-driver-core-3.0.4.jar;C:\Users\sumancb\.m2\repository\org\apache\commons\commons-lang3\3.8.1\commons-lang3-3.8.1.jar;C:\Users\sumancb\.m2\repository\io\rest-assured\rest-assured\3.1.0\rest-assured-3.1.0.jar;C:\Users\sumancb\.m2\repository\org\codehaus\groovy\groovy\2.4.12\groovy-2.4.12.jar;C:\Users\sumancb\.m2\repository\org\codehaus\groovy\groovy-xml\2.4.12\groovy-xml-2.4.12.jar;C:\Users\sumancb\.m2\repository\org\apache\httpcomponents\httpmime\4.5.1\httpmime-4.5.1.jar;C:\Users\sumancb\.m2\repository\org\hamcrest\hamcrest-core\1.3\hamcrest-core-1.3.jar;C:\Users\sumancb\.m2\repository\org\hamcrest\hamcrest-library\1.3\hamcrest-library-1.3.jar;C:\Users\sumancb\.m2\repository\org\ccil\cowan\tagsoup\tagsoup\1.2.1\tagsoup-1.2.1.jar;C:\Users\sumancb\.m2\repository\io\rest-assured\json-path\3.1.0\json-path-3.1.0.jar;C:\Users\sumancb\.m2\repository\org\codehaus\groovy\groovy-json\2.4.12\groovy-json-2.4.12.jar;C:\Users\sumancb\.m2\repository\io\rest-assured\rest-assured-common\3.1.0\rest-assured-common-3.1.0.jar;C:\Users\sumancb\.m2\repository\io\rest-assured\xml-path\3.1.0\xml-path-3.1.0.jar;C:\Users\sumancb\.m2\repository\javax\xml\bind\jaxb-api\2.2.12\jaxb-api-2.2.12.jar;C:\Users\sumancb\.m2\repository\org\skyscreamer\jsonassert\1.5.0\jsonassert-1.5.0.jar;C:\Users\sumancb\.m2\repository\com\vaadin\external\google\android-json\0.0.20131108.vaadin1\android-json-0.0.20131108.vaadin1.jar;C:\Users\sumancb\.m2\repository\org\codehaus\groovy\groovy-all\2.3.5\groovy-all-2.3.5.jar;C:\Users\sumancb\.m2\repository\org\codehaus\jackson\jackson-mapper-asl\1.5.0\jackson-mapper-asl-1.5.0.jar;C:\Users\sumancb\.m2\repository\org\codehaus\jackson\jackson-core-asl\1.5.0\jackson-core-asl-1.5.0.jar;C:\Users\sumancb\.m2\repository\net\lightbody\bmp\browsermob-core\2.1.5\browsermob-core-2.1.5.jar;C:\Users\sumancb\.m2\repository\net\lightbody\bmp\littleproxy\1.1.0-beta-bmp-17\littleproxy-1.1.0-beta-bmp-17.jar;C:\Users\sumancb\.m2\repository\com\fasterxml\jackson\core\jackson-core\2.8.9\jackson-core-2.8.9.jar;C:\Users\sumancb\.m2\repository\com\fasterxml\jackson\core\jackson-databind\2.8.9\jackson-databind-2.8.9.jar;C:\Users\sumancb\.m2\repository\dnsjava\dnsjava\2.1.8\dnsjava-2.1.8.jar;C:\Users\sumancb\.m2\repository\org\slf4j\slf4j-api\1.7.25\slf4j-api-1.7.25.jar;C:\Users\sumancb\.m2\repository\org\slf4j\jcl-over-slf4j\1.7.25\jcl-over-slf4j-1.7.25.jar;C:\Users\sumancb\.m2\repository\com\jcraft\jzlib\1.1.3\jzlib-1.1.3.jar;C:\Users\sumancb\.m2\repository\io\netty\netty-all\4.0.51.Final\netty-all-4.0.51.Final.jar;C:\Users\sumancb\.m2\repository\org\bouncycastle\bcprov-jdk15on\1.58\bcprov-jdk15on-1.58.jar;C:\Users\sumancb\.m2\repository\org\bouncycastle\bcpkix-jdk15on\1.58\bcpkix-jdk15on-1.58.jar;C:\Users\sumancb\.m2\repository\net\lightbody\bmp\mitm\2.1.5\mitm-2.1.5.jar;C:\Users\sumancb\.m2\repository\com\fasterxml\jackson\core\jackson-annotations\2.9.8\jackson-annotations-2.9.8.jar;C:\Users\sumancb\.m2\repository\commons-lang\commons-lang\2.2\commons-lang-2.2.jar;C:\Users\sumancb\.m2\repository\javax\mail\javax.mail-api\1.5.5\javax.mail-api-1.5.5.jar;C:\Users\sumancb\.m2\repository\com\sun\mail\javax.mail\1.6.1\javax.mail-1.6.1.jar;C:\Users\sumancb\.m2\repository\javax\activation\activation\1.1\activation-1.1.jar;C:\Users\sumancb\.m2\repository\org\springframework\data\spring-data-jpa\1.11.23.RELEASE\spring-data-jpa-1.11.23.RELEASE.jar;C:\Users\sumancb\.m2\repository\org\springframework\data\spring-data-commons\1.13.23.RELEASE\spring-data-commons-1.13.23.RELEASE.jar;C:\Users\sumancb\.m2\repository\org\springframework\spring-orm\4.3.25.RELEASE\spring-orm-4.3.25.RELEASE.jar;C:\Users\sumancb\.m2\repository\org\springframework\spring-jdbc\4.3.25.RELEASE\spring-jdbc-4.3.25.RELEASE.jar;C:\Users\sumancb\.m2\repository\org\springframework\spring-context\4.3.25.RELEASE\spring-context-4.3.25.RELEASE.jar;C:\Users\sumancb\.m2\repository\org\springframework\spring-expression\4.3.25.RELEASE\spring-expression-4.3.25.RELEASE.jar;C:\Users\sumancb\.m2\repository\org\springframework\spring-aop\4.3.25.RELEASE\spring-aop-4.3.25.RELEASE.jar;C:\Users\sumancb\.m2\repository\org\springframework\spring-tx\4.3.25.RELEASE\spring-tx-4.3.25.RELEASE.jar;C:\Users\sumancb\.m2\repository\org\springframework\spring-beans\4.3.25.RELEASE\spring-beans-4.3.25.RELEASE.jar;C:\Users\sumancb\.m2\repository\org\springframework\spring-core\4.3.25.RELEASE\spring-core-4.3.25.RELEASE.jar;C:\Users\sumancb\.m2\repository\org\aspectj\aspectjrt\1.8.13\aspectjrt-1.8.13.jar;C:\Users\sumancb\.m2\repository\org\apache\derby\derbyclient\10.11.1.1\derbyclient-10.11.1.1.jar;C:\Users\sumancb\.m2\repository\org\eclipse\persistence\org.eclipse.persistence.jpa\2.5.2\org.eclipse.persistence.jpa-2.5.2.jar;C:\Users\sumancb\.m2\repository\org\eclipse\persistence\javax.persistence\2.1.0\javax.persistence-2.1.0.jar;C:\Users\sumancb\.m2\repository\org\eclipse\persistence\org.eclipse.persistence.asm\2.5.2\org.eclipse.persistence.asm-2.5.2.jar;C:\Users\sumancb\.m2\repository\org\eclipse\persistence\org.eclipse.persistence.antlr\2.5.2\org.eclipse.persistence.antlr-2.5.2.jar;C:\Users\sumancb\.m2\repository\org\eclipse\persistence\org.eclipse.persistence.jpa.jpql\2.5.2\org.eclipse.persistence.jpa.jpql-2.5.2.jar;C:\Users\sumancb\.m2\repository\org\eclipse\persistence\org.eclipse.persistence.core\2.5.2\org.eclipse.persistence.core-2.5.2.jar;"/>
    <property name="sun.cpu.endian" value="little"/>
    <property name="user.home" value="C:\Users\sumancb"/>
    <property name="user.language" value="en"/>
    <property name="java.specification.vendor" value="Oracle Corporation"/>
    <property name="java.home" value="C:\Program Files\Java\jdk1.8.0_111\jre"/>
    <property name="basedir" value="C:\Users\sumancb\git\Enrollment\Enrollment"/>
    <property name="file.separator" value="\"/>
    <property name="line.separator" value="&#10;"/>
    <property name="java.vm.specification.vendor" value="Oracle Corporation"/>
    <property name="java.specification.name" value="Java Platform API Specification"/>
    <property name="java.awt.graphicsenv" value="sun.awt.Win32GraphicsEnvironment"/>
    <property name="surefire.real.class.path" value="C:\Users\sumancb\AppData\Local\Temp\3\surefire4143025762394344337\surefirebooter5808867265518317112.jar"/>
    <property name="sun.boot.class.path" value="C:\Program Files\Java\jdk1.8.0_111\jre\lib\resources.jar;C:\Program Files\Java\jdk1.8.0_111\jre\lib\rt.jar;C:\Program Files\Java\jdk1.8.0_111\jre\lib\sunrsasign.jar;C:\Program Files\Java\jdk1.8.0_111\jre\lib\jsse.jar;C:\Program Files\Java\jdk1.8.0_111\jre\lib\jce.jar;C:\Program Files\Java\jdk1.8.0_111\jre\lib\charsets.jar;C:\Program Files\Java\jdk1.8.0_111\jre\lib\jfr.jar;C:\Program Files\Java\jdk1.8.0_111\jre\classes"/>
    <property name="user.script" value=""/>
    <property name="sun.management.compiler" value="HotSpot 64-Bit Tiered Compilers"/>
    <property name="java.runtime.version" value="1.8.0_111-b14"/>
    <property name="user.name" value="sumancb"/>
    <property name="path.separator" value=";"/>
    <property name="os.version" value="6.3"/>
    <property name="java.endorsed.dirs" value="C:\Program Files\Java\jdk1.8.0_111\jre\lib\endorsed"/>
    <property name="java.runtime.name" value="Java(TM) SE Runtime Environment"/>
    <property name="file.encoding" value="Cp1252"/>
    <property name="java.vm.name" value="Java HotSpot(TM) 64-Bit Server VM"/>
    <property name="localRepository" value="C:\Users\sumancb\.m2\repository"/>
    <property name="java.vendor.url.bug" value="http://bugreport.sun.com/bugreport/"/>
    <property name="java.io.tmpdir" value="C:\Users\sumancb\AppData\Local\Temp\3\"/>
    <property name="java.version" value="1.8.0_111"/>
    <property name="user.dir" value="C:\Users\sumancb\git\Enrollment\Enrollment"/>
    <property name="os.arch" value="amd64"/>
    <property name="java.vm.specification.name" value="Java Virtual Machine Specification"/>
    <property name="java.awt.printerjob" value="sun.awt.windows.WPrinterJob"/>
    <property name="sun.os.patch.level" value=""/>
    <property name="java.library.path" value="C:\Program Files\Java\jdk1.8.0_111\jre\bin;C:\Windows\Sun\Java\bin;C:\Windows\system32;C:\Windows;C:\Users\sumancb\.jenkins\tools\hudson.tasks.Maven_MavenInstallation\Maven_Home/bin;C:\Program Files\Java\jdk1.8.0_111/bin;C:\Program Files\Java\jdk1.8.0_111/bin;C:\Program Files (x86)\Common Files\Oracle\Java\javapath;C:\ProgramData\Oracle\Java\javapath;C:\Users\sumancb\Downloads\Gecko;C:\Windows\system32;C:\Windows;C:\Windows\System32\Wbem;C:\Windows\System32\WindowsPowerShell\v1.0\;C:\Program Files\Microsoft SQL Server\Client SDK\ODBC\110\Tools\Binn\;C:\Program Files (x86)\Microsoft SQL Server\120\Tools\Binn\ManagementStudio\;C:\Program Files (x86)\Microsoft SQL Server\120\Tools\Binn\;C:\Program Files\Microsoft SQL Server\120\Tools\Binn\;C:\Program Files (x86)\Microsoft SQL Server\120\DTS\Binn\;C:\Program Files\Microsoft SQL Server\120\DTS\Binn\;C:\xampp\php\;C:\Windows\SysinternalsSuite;C:\Program Files\apache-maven-3.6.2\apache-maven-3.6.2\bin;C:\Program Files\Java\jdk1.8.0_111\bin;C:\Program Files\Git\bin;C:\Program Files\Git\cmd;C:\Program Files\nodejs\;C:\Windows\Scripts;C:\Users\sumancb\AppData\Roaming;C:\Program Files\Java\jdk1.8.0_111\bin;C:\Users\sumancb\AppData\Roaming\npm;."/>
    <property name="java.vm.info" value="mixed mode"/>
    <property name="java.vendor" value="Oracle Corporation"/>
    <property name="java.vm.version" value="25.111-b14"/>
    <property name="java.ext.dirs" value="C:\Program Files\Java\jdk1.8.0_111\jre\lib\ext;C:\Windows\Sun\Java\lib\ext"/>
    <property name="sun.io.unicode.encoding" value="UnicodeLittle"/>
    <property name="java.class.version" value="52.0"/>
  </properties>
  <testcase name="Enroll" classname="Tests.FranchisePartner" time="288.457"/>
  <testcase name="Enroll" classname="Tests.FranchisePartner" time="288.285">
    <failure message="Major AR Number expected [true] but found [false]" type="java.lang.AssertionError">java.lang.AssertionError: Major AR Number expected [true] but found [false]
	at Tests.FranchisePartner.Enroll(FranchisePartner.java:253)
</failure>
    <system-out><![CDATA[Request URL: https://hydraqa.unicity.net/v5a-test/quotes?&expand=item
Entry Quotes response : {"items":[{"lines":{"items":[{"item":{"href":"https://hydraqa.unicity.net/v5a-test/items/1a2c3b4500d826d2ffdd3b684b179511","id":{"unicity":"27700"},"weightEach":{"value":0},"servingsPerContainer":0,"servingSize":0},"quantity":1,"terms":{"priceEach":340,"taxEach":{"amount":34},"discountEach":{"amount":0},"pvEach":250},"quantityLimit":{"quantityQuota":-1,"timeFrameDays":-1,"quantityOrdered":0}}]},"currency":"EUR"},{"lines":{"items":[{"item":{"href":"https://hydraqa.unicity.net/v5a-test/items/e9991b48ac639367d526d2b9b22fac8c","id":{"unicity":"32128"},"weightEach":{"value":0},"servingsPerContainer":0,"servingSize":0},"quantity":1,"terms":{"priceEach":371.87,"taxEach":{"amount":37.19},"discountEach":{"amount":0},"pvEach":253},"quantityLimit":{"quantityQuota":-1,"timeFrameDays":-1,"quantityOrdered":0}}]},"currency":"EUR"},{"lines":{"items":[{"item":{"href":"https://hydraqa.unicity.net/v5a-test/items/40b3312de189221d96d838d33a8ec49d","id":{"unicity":"32129"},"weightEach":{"value":0},"servingsPerContainer":0,"servingSize":0},"quantity":1,"terms":{"priceEach":371.87,"taxEach":{"amount":37.19},"discountEach":{"amount":0},"pvEach":254},"quantityLimit":{"quantityQuota":-1,"timeFrameDays":-1,"quantityOrdered":0}}]},"currency":"EUR"},{"lines":{"items":[{"item":{"href":"https://hydraqa.unicity.net/v5a-test/items/6bd168a66ce41003a8f30917deff5808","id":{"unicity":"32130"},"weightEach":{"value":0},"servingsPerContainer":0,"servingSize":0},"quantity":1,"terms":{"priceEach":363.46,"taxEach":{"amount":36.35},"discountEach":{"amount":0},"pvEach":252},"quantityLimit":{"quantityQuota":-1,"timeFrameDays":-1,"quantityOrdered":0}}]},"currency":"EUR"},{"lines":{"items":[{"item":{"href":"https://hydraqa.unicity.net/v5a-test/items/806f99b793edd7cd0b1c158ba0eb3142","id":{"unicity":"32132"},"weightEach":{"value":0},"servingsPerContainer":0,"servingSize":0},"quantity":1,"terms":{"priceEach":355.98,"taxEach":{"amount":35.6},"discountEach":{"amount":0},"pvEach":253},"quantityLimit":{"quantityQuota":-1,"timeFrameDays":-1,"quantityOrdered":0}}]},"currency":"EUR"},{"lines":{"items":[{"item":{"href":"https://hydraqa.unicity.net/v5a-test/items/e3d382d99fde8659cb146b54116e7654","id":{"unicity":"32133"},"weightEach":{"value":0},"servingsPerContainer":0,"servingSize":0},"quantity":1,"terms":{"priceEach":364.39,"taxEach":{"amount":36.44},"discountEach":{"amount":0},"pvEach":252},"quantityLimit":{"quantityQuota":-1,"timeFrameDays":-1,"quantityOrdered":0}}]},"currency":"EUR"},{"lines":{"items":[{"item":{"href":"https://hydraqa.unicity.net/v5a-test/items/022f109fe6e5eae3e521295a5cb94c60","id":{"unicity":"32134"},"weightEach":{"value":0},"servingsPerContainer":0,"servingSize":0},"quantity":1,"terms":{"priceEach":144.77,"taxEach":{"amount":14.48},"discountEach":{"amount":0},"pvEach":101},"quantityLimit":{"quantityQuota":-1,"timeFrameDays":-1,"quantityOrdered":0}}]},"currency":"EUR"},{"lines":{"items":[{"item":{"href":"https://hydraqa.unicity.net/v5a-test/items/ded00960d5e948dd8e511a9c752e1ff9","id":{"unicity":"32135"},"weightEach":{"value":0},"servingsPerContainer":0,"servingSize":0},"quantity":1,"terms":{"priceEach":154.11,"taxEach":{"amount":15.41},"discountEach":{"amount":0},"pvEach":113},"quantityLimit":{"quantityQuota":-1,"timeFrameDays":-1,"quantityOrdered":0}}]},"currency":"EUR"},{"lines":{"items":[{"item":{"href":"https://hydraqa.unicity.net/v5a-test/items/d8736cc35cf9f4734fd76da71c53dc05","id":{"unicity":"32136"},"weightEach":{"value":0},"servingsPerContainer":0,"servingSize":0},"quantity":1,"terms":{"priceEach":142.08,"taxEach":{"amount":14.21},"discountEach":{"amount":0},"pvEach":102},"quantityLimit":{"quantityQuota":-1,"timeFrameDays":-1,"quantityOrdered":0}}]},"currency":"EUR"},{"lines":{"items":[{"item":{"href":"https://hydraqa.unicity.net/v5a-test/items/166a69d45c4ae40278554e24d5f40443","id":{"unicity":"32137"},"weightEach":{"value":0},"servingsPerContainer":0,"servingSize":0},"quantity":1,"terms":{"priceEach":168.13,"taxEach":{"amount":16.81},"discountEach":{"amount":0},"pvEach":118},"quantityLimit":{"quantityQuota":-1,"timeFrameDays":-1,"quantityOrdered":0}}]},"currency":"EUR"},{"lines":{"items":[{"item":{"href":"https://hydraqa.unicity.net/v5a-test/items/d04a0b8762b20202b6273114fb7302d1","id":{"unicity":"32138"},"weightEach":{"value":0},"servingsPerContainer":0,"servingSize":0},"quantity":1,"terms":{"priceEach":224.21,"taxEach":{"amount":22.42},"discountEach":{"amount":0},"pvEach":152},"quantityLimit":{"quantityQuota":-1,"timeFrameDays":-1,"quantityOrdered":0}}]},"currency":"EUR"},{"lines":{"items":[{"item":{"href":"https://hydraqa.unicity.net/v5a-test/items/e13d0b5c40704ad5dd186959367c97f1","id":{"unicity":"32125"},"weightEach":{"value":0},"servingsPerContainer":0,"servingSize":0},"quantity":1,"terms":{"priceEach":373.74,"taxEach":{"amount":37.37},"discountEach":{"amount":0},"pvEach":250},"quantityLimit":{"quantityQuota":-1,"timeFrameDays":-1,"quantityOrdered":0}}]},"currency":"EUR"},{"lines":{"items":[{"item":{"href":"https://hydraqa.unicity.net/v5a-test/items/def68d31fb89b7c22a71f384e32f03d7","id":{"unicity":"32699"},"weightEach":{"value":0},"servingsPerContainer":0,"servingSize":0},"quantity":1,"terms":{"priceEach":284.14,"taxEach":{"amount":28.41},"discountEach":{"amount":0},"pvEach":200},"quantityLimit":{"quantityQuota":-1,"timeFrameDays":-1,"quantityOrdered":0}}]},"currency":"EUR"},{"lines":{"items":[{"item":{"href":"https://hydraqa.unicity.net/v5a-test/items/b23be76d5816f93f8e9b7ab0665d5021","id":{"unicity":"33092"},"weightEach":{"value":0},"servingsPerContainer":0,"servingSize":0},"quantity":1,"terms":{"priceEach":149.34,"taxEach":{"amount":14.93},"discountEach":{"amount":0},"pvEach":108},"quantityLimit":{"quantityQuota":-1,"timeFrameDays":-1,"quantityOrdered":0}}]},"currency":"EUR"},{"lines":{"items":[{"item":{"href":"https://hydraqa.unicity.net/v5a-test/items/287b72c2933e3afabdea942bd11bfab9","id":{"unicity":"33093"},"weightEach":{"value":0},"servingsPerContainer":0,"servingSize":0},"quantity":1,"terms":{"priceEach":162.54,"taxEach":{"amount":16.25},"discountEach":{"amount":0},"pvEach":105},"quantityLimit":{"quantityQuota":-1,"timeFrameDays":-1,"quantityOrdered":0}}]},"currency":"EUR"},{"lines":{"items":[{"item":{"href":"https://hydraqa.unicity.net/v5a-test/items/c451532f63a06f0e9a054e946a1a1c3b","id":{"unicity":"18511"},"weightEach":{"value":50},"servingsPerContainer":30,"servingSize":0},"quantity":1,"terms":{"priceEach":37.29,"taxEach":{"amount":3.73},"discountEach":{"amount":0},"pvEach":23},"quantityLimit":{"quantityQuota":-1,"timeFrameDays":-1,"quantityOrdered":0}}]},"currency":"EUR"},{"lines":{"items":[{"item":{"href":"https://hydraqa.unicity.net/v5a-test/items/4e49c95f12ae7be78e5ffab68b8b3ca6","id":{"unicity":"26422"},"weightEach":{"value":92},"servingsPerContainer":30,"servingSize":0},"quantity":1,"terms":{"priceEach":19,"taxEach":{"amount":1.9},"discountEach":{"amount":0},"pvEach":16},"quantityLimit":{"quantityQuota":-1,"timeFrameDays":-1,"quantityOrdered":0}}]},"currency":"EUR"},{"lines":{"items":[{"item":{"href":"https://hydraqa.unicity.net/v5a-test/items/50e73ecfa509ac20c4a250f9cb32fdfc","id":{"unicity":"27156"},"weightEach":{"value":31},"servingsPerContainer":50,"servingSize":0},"quantity":1,"terms":{"priceEach":20.47,"taxEach":{"amount":2.05},"discountEach":{"amount":0},"pvEach":13},"quantityLimit":{"quantityQuota":-1,"timeFrameDays":-1,"quantityOrdered":0}}]},"currency":"EUR"},{"lines":{"items":[{"item":{"href":"https://hydraqa.unicity.net/v5a-test/items/d92292ba2f23c030e4a1f63eb3ebe1ce","id":{"unicity":"27158"},"weightEach":{"value":454},"servingsPerContainer":45,"servingSize":0},"quantity":1,"terms":{"priceEach":27.94,"taxEach":{"amount":2.79},"discountEach":{"amount":0},"pvEach":23},"quantityLimit":{"quantityQuota":-1,"timeFrameDays":-1,"quantityOrdered":0}}]},"currency":"EUR"},{"lines":{"items":[{"item":{"href":"https://hydraqa.unicity.net/v5a-test/items/0d3b8d4f7c4d4082db1b4ecffb6693fb","id":{"unicity":"27160"},"weightEach":{"value":435},"servingsPerContainer":60,"servingSize":0},"quantity":1,"terms":{"priceEach":74.67,"taxEach":{"amount":7.47},"discountEach":{"amount":0},"pvEach":53},"quantityLimit":{"quantityQuota":-1,"timeFrameDays":-1,"quantityOrdered":0}}]},"currency":"EUR"},{"lines":{"items":[{"item":{"href":"https://hydraqa.unicity.net/v5a-test/items/ac37bf51ff7e4fe860da8457f6ce0425","id":{"unicity":"27166"},"weightEach":{"value":270},"servingsPerContainer":30,"servingSize":0},"quantity":1,"terms":{"priceEach":74.67,"taxEach":{"amount":7.47},"discountEach":{"amount":0},"pvEach":54},"quantityLimit":{"quantityQuota":-1,"timeFrameDays":-1,"quantityOrdered":0}}]},"currency":"EUR"},{"lines":{"items":[{"item":{"href":"https://hydraqa.unicity.net/v5a-test/items/a7bda1cb4a35343e52791aba56debc4a","id":{"unicity":"27617"},"weightEach":{"value":22.62},"servingsPerContainer":30,"servingSize":0},"quantity":1,"terms":{"priceEach":29.81,"taxEach":{"amount":2.98},"discountEach":{"amount":0},"pvEach":18},"quantityLimit":{"quantityQuota":-1,"timeFrameDays":-1,"quantityOrdered":0}}]},"currency":"EUR"},{"lines":{"items":[{"item":{"href":"https://hydraqa.unicity.net/v5a-test/items/a36d9fdd0fd7561e6180fb5b2ff27164","id":{"unicity":"27660"},"weightEach":{"value":129},"servingsPerContainer":15,"servingSize":0},"quantity":1,"terms":{"priceEach":40.09,"taxEach":{"amount":4.01},"discountEach":{"amount":0},"pvEach":25},"quantityLimit":{"quantityQuota":-1,"timeFrameDays":-1,"quantityOrdered":0}}]},"currency":"EUR"},{"lines":{"items":[{"item":{"href":"https://hydraqa.unicity.net/v5a-test/items/9a6e1d094182389c3da8e0a320ff0e00","id":{"unicity":"27585"},"weightEach":{"value":0},"servingsPerContainer":0,"servingSize":0},"quantity":1,"terms":{"priceEach":61.81,"taxEach":{"amount":6.18},"discountEach":{"amount":0},"pvEach":36},"quantityLimit":{"quantityQuota":-1,"timeFrameDays":-1,"quantityOrdered":0}}]},"currency":"EUR"},{"lines":{"items":[{"item":{"href":"https://hydraqa.unicity.net/v5a-test/items/112b8c39286598b3730f630f371a45f4","id":{"unicity":"27587"},"weightEach":{"value":690},"servingsPerContainer":30,"servingSize":0},"quantity":1,"terms":{"priceEach":55.98,"taxEach":{"amount":5.6},"discountEach":{"amount":0},"pvEach":34},"quantityLimit":{"quantityQuota":-1,"timeFrameDays":-1,"quantityOrdered":0}}]},"currency":"EUR"},{"lines":{"items":[{"item":{"href":"https://hydraqa.unicity.net/v5a-test/items/0c0717a26fcfe40310e906487e8a12f7","id":{"unicity":"28601"},"weightEach":{"value":270},"servingsPerContainer":30,"servingSize":0},"quantity":1,"terms":{"priceEach":74.67,"taxEach":{"amount":7.47},"discountEach":{"amount":0},"pvEach":54},"quantityLimit":{"quantityQuota":-1,"timeFrameDays":-1,"quantityOrdered":0}}]},"currency":"EUR"},{"lines":{"items":[{"item":{"href":"https://hydraqa.unicity.net/v5a-test/items/4790a55c442b5dc75a13b155e78c1842","id":{"unicity":"28604"},"weightEach":{"value":0},"servingsPerContainer":0,"servingSize":0},"quantity":1,"terms":{"priceEach":74.67,"taxEach":{"amount":7.47},"discountEach":{"amount":0},"pvEach":54},"quantityLimit":{"quantityQuota":-1,"timeFrameDays":-1,"quantityOrdered":0}}]},"currency":"EUR"},{"lines":{"items":[{"item":{"href":"https://hydraqa.unicity.net/v5a-test/items/024e696f8b44a1d315006e676604cd31","id":{"unicity":"27395"},"weightEach":{"value":210},"servingsPerContainer":30,"servingSize":0},"quantity":1,"terms":{"priceEach":29.81,"taxEach":{"amount":2.98},"discountEach":{"amount":0},"pvEach":18},"quantityLimit":{"quantityQuota":-1,"timeFrameDays":-1,"quantityOrdered":0}}]},"currency":"EUR"},{"lines":{"items":[{"item":{"href":"https://hydraqa.unicity.net/v5a-test/items/4b2034f47fce90b87bba28c5c2d7c25d","id":{"unicity":"15880"},"weightEach":{"value":51.5},"servingsPerContainer":90,"servingSize":0},"quantity":1,"terms":{"priceEach":51.31,"taxEach":{"amount":5.13},"discountEach":{"amount":0},"pvEach":33},"quantityLimit":{"quantityQuota":-1,"timeFrameDays":-1,"quantityOrdered":0}}]},"currency":"EUR"},{"lines":{"items":[{"item":{"href":"https://hydraqa.unicity.net/v5a-test/items/398d06b858b960f6f38086d40608aef2","id":{"unicity":"26560"},"weightEach":{"value":60},"servingsPerContainer":30,"servingSize":0},"quantity":1,"terms":{"priceEach":20.47,"taxEach":{"amount":2.05},"discountEach":{"amount":0},"pvEach":13},"quantityLimit":{"quantityQuota":-1,"timeFrameDays":-1,"quantityOrdered":0}}]},"currency":"EUR"},{"lines":{"items":[{"item":{"href":"https://hydraqa.unicity.net/v5a-test/items/e218d1cac5f31e7ae4f5876c29c57377","id":{"unicity":"29017"},"weightEach":{"value":52.8},"servingsPerContainer":60,"servingSize":0},"quantity":1,"terms":{"priceEach":37.29,"taxEach":{"amount":3.73},"discountEach":{"amount":0},"pvEach":23},"quantityLimit":{"quantityQuota":-1,"timeFrameDays":-1,"quantityOrdered":0}}]},"currency":"EUR"},{"lines":{"items":[{"item":{"href":"https://hydraqa.unicity.net/v5a-test/items/11fac1643721516cbf646365d88b73cd","id":{"unicity":"29838"},"weightEach":{"value":0},"servingsPerContainer":0,"servingSize":0},"quantity":1,"terms":{"priceEach":112.36,"taxEach":{"amount":11.24},"discountEach":{"amount":0},"pvEach":86},"quantityLimit":{"quantityQuota":-1,"timeFrameDays":-1,"quantityOrdered":0}}]},"currency":"EUR"},{"lines":{"items":[{"item":{"href":"https://hydraqa.unicity.net/v5a-test/items/2c4c1abe00983e85aaa918d2ce341491","id":{"unicity":"17174"},"weightEach":{"value":49.72},"servingsPerContainer":100,"servingSize":0},"quantity":1,"terms":{"priceEach":37.29,"taxEach":{"amount":3.73},"discountEach":{"amount":0},"pvEach":23},"quantityLimit":{"quantityQuota":-1,"timeFrameDays":-1,"quantityOrdered":0}}]},"currency":"EUR"},{"lines":{"items":[{"item":{"href":"https://hydraqa.unicity.net/v5a-test/items/db0a2b02eaabc5ad45fe91ba5c7bcf5a","id":{"unicity":"31772"},"weightEach":{"value":0},"servingsPerContainer":0,"servingSize":0},"quantity":1,"terms":{"priceEach":8.32,"taxEach":{"amount":1.66},"discountEach":{"amount":0},"pvEach":0},"quantityLimit":{"quantityQuota":-1,"timeFrameDays":-1,"quantityOrdered":0}}]},"currency":"EUR"},{"lines":{"items":[{"item":{"href":"https://hydraqa.unicity.net/v5a-test/items/34c8c6b0f454da738e64265f08c57a72","id":{"unicity":"31777"},"weightEach":{"value":100},"servingsPerContainer":0,"servingSize":0},"quantity":1,"terms":{"priceEach":6.22,"taxEach":{"amount":1.24},"discountEach":{"amount":0},"pvEach":3},"quantityLimit":{"quantityQuota":-1,"timeFrameDays":-1,"quantityOrdered":0}}]},"currency":"EUR"},{"lines":{"items":[{"item":{"href":"https://hydraqa.unicity.net/v5a-test/items/fc8583e3bf463b599fdcce05234bc137","id":{"unicity":"31780"},"weightEach":{"value":275},"servingsPerContainer":0,"servingSize":0},"quantity":1,"terms":{"priceEach":8.32,"taxEach":{"amount":1.66},"discountEach":{"amount":0},"pvEach":4},"quantityLimit":{"quantityQuota":-1,"timeFrameDays":-1,"quantityOrdered":0}}]},"currency":"EUR"},{"lines":{"items":[{"item":{"href":"https://hydraqa.unicity.net/v5a-test/items/7e80331c8c25f515174d3f894283a27c","id":{"unicity":"31781"},"weightEach":{"value":275},"servingsPerContainer":0,"servingSize":0},"quantity":1,"terms":{"priceEach":8.32,"taxEach":{"amount":1.66},"discountEach":{"amount":0},"pvEach":4},"quantityLimit":{"quantityQuota":-1,"timeFrameDays":-1,"quantityOrdered":0}}]},"currency":"EUR"},{"lines":{"items":[{"item":{"href":"https://hydraqa.unicity.net/v5a-test/items/8d3854b47de8e45d6fcdc194dffff601","id":{"unicity":"31782"},"weightEach":{"value":50},"servingsPerContainer":0,"servingSize":0},"quantity":1,"terms":{"priceEach":12.52,"taxEach":{"amount":2.5},"discountEach":{"amount":0},"pvEach":6},"quantityLimit":{"quantityQuota":-1,"timeFrameDays":-1,"quantityOrdered":0}}]},"currency":"EUR"},{"lines":{"items":[{"item":{"href":"https://hydraqa.unicity.net/v5a-test/items/04516be30bd9bf93e01536e7fc8f8716","id":{"unicity":"31779"},"weightEach":{"value":350},"servingsPerContainer":0,"servingSize":0},"quantity":1,"terms":{"priceEach":10,"taxEach":{"amount":2},"discountEach":{"amount":0},"pvEach":5},"quantityLimit":{"quantityQuota":-1,"timeFrameDays":-1,"quantityOrdered":0}}]},"currency":"EUR"},{"lines":{"items":[{"item":{"href":"https://hydraqa.unicity.net/v5a-test/items/d7e1dd4b19a8672aed99e591356c0d48","id":{"unicity":"31932"},"weightEach":{"value":180},"servingsPerContainer":0,"servingSize":0},"quantity":1,"terms":{"priceEach":6.22,"taxEach":{"amount":1.24},"discountEach":{"amount":0},"pvEach":3},"quantityLimit":{"quantityQuota":-1,"timeFrameDays":-1,"quantityOrdered":0}}]},"currency":"EUR"},{"lines":{"items":[{"item":{"href":"https://hydraqa.unicity.net/v5a-test/items/1aa00306dc0006d365acd7436548f2e6","id":{"unicity":"31778"},"weightEach":{"value":350},"servingsPerContainer":0,"servingSize":0},"quantity":1,"terms":{"priceEach":12.52,"taxEach":{"amount":2.5},"discountEach":{"amount":0},"pvEach":6},"quantityLimit":{"quantityQuota":-1,"timeFrameDays":-1,"quantityOrdered":0}}]},"currency":"EUR"},{"lines":{"items":[{"item":{"href":"https://hydraqa.unicity.net/v5a-test/items/4fc6de0cb7817f39a836ff08609b8539","id":{"unicity":"32556"},"weightEach":{"value":0},"servingsPerContainer":0,"servingSize":0},"quantity":1,"terms":{"priceEach":2.44,"taxEach":{"amount":0.49},"discountEach":{"amount":0},"pvEach":0},"quantityLimit":{"quantityQuota":-1,"timeFrameDays":-1,"quantityOrdered":0}}]},"currency":"EUR"},{"lines":{"items":[{"item":{"href":"https://hydraqa.unicity.net/v5a-test/items/a85cc4a606716ce7b10b8bd76dca368f","id":{"unicity":"22605"},"weightEach":{"value":0},"servingsPerContainer":0,"servingSize":0},"quantity":1,"terms":{"priceEach":25.21,"taxEach":{"amount":5.04},"discountEach":{"amount":0},"pvEach":0},"quantityLimit":{"quantityQuota":-1,"timeFrameDays":-1,"quantityOrdered":0}}]},"currency":"EUR"},{"lines":{"items":[{"item":{"href":"https://hydraqa.unicity.net/v5a-test/items/217ca02fbd24e21ca5281412756238ab","id":{"unicity":"32126"},"weightEach":{"value":0},"servingsPerContainer":0,"servingSize":0},"quantity":1,"terms":{"priceEach":152.24,"taxEach":{"amount":16.05},"discountEach":{"amount":0},"pvEach":101},"quantityLimit":{"quantityQuota":-1,"timeFrameDays":-1,"quantityOrdered":0}}]},"currency":"EUR"},{"lines":{"items":[{"item":{"href":"https://hydraqa.unicity.net/v5a-test/items/808008a0657d2033ad471c39bbce9891","id":{"unicity":"32127"},"weightEach":{"value":0},"servingsPerContainer":0,"servingSize":0},"quantity":1,"terms":{"priceEach":162.34,"taxEach":{"amount":17.07},"discountEach":{"amount":0},"pvEach":113},"quantityLimit":{"quantityQuota":-1,"timeFrameDays":-1,"quantityOrdered":0}}]},"currency":"EUR"},{"lines":{"items":[{"item":{"href":"https://hydraqa.unicity.net/v5a-test/items/2f1d0aa90494ae2e08035922c701f968","id":{"unicity":"29832"},"weightEach":{"value":0},"servingsPerContainer":0,"servingSize":0},"quantity":1,"terms":{"priceEach":47.57,"taxEach":{"amount":4.76},"discountEach":{"amount":0},"pvEach":39},"quantityLimit":{"quantityQuota":-1,"timeFrameDays":-1,"quantityOrdered":0}}]},"currency":"EUR"},{"lines":{"items":[{"item":{"href":"https://hydraqa.unicity.net/v5a-test/items/10df0fc3509b53cbeaeb9476ca92d520","id":{"unicity":"29833"},"weightEach":{"value":0},"servingsPerContainer":0,"servingSize":0},"quantity":1,"terms":{"priceEach":90.56,"taxEach":{"amount":9.06},"discountEach":{"amount":0},"pvEach":69},"quantityLimit":{"quantityQuota":-1,"timeFrameDays":-1,"quantityOrdered":0}}]},"currency":"EUR"},{"lines":{"items":[{"item":{"href":"https://hydraqa.unicity.net/v5a-test/items/b90fda77fbdf07131e0e60b87941cf76","id":{"unicity":"32755"},"weightEach":{"value":0},"servingsPerContainer":0,"servingSize":0},"quantity":1,"terms":{"priceEach":758.54,"taxEach":{"amount":75.85},"discountEach":{"amount":0},"pvEach":503},"quantityLimit":{"quantityQuota":-1,"timeFrameDays":-1,"quantityOrdered":0}}]},"currency":"EUR"},{"lines":{"items":[{"item":{"href":"https://hydraqa.unicity.net/v5a-test/items/3ab3ce55100f6593f04ec4a0d328a0b5","id":{"unicity":"32756"},"weightEach":{"value":0},"servingsPerContainer":0,"servingSize":0},"quantity":1,"terms":{"priceEach":1517.09,"taxEach":{"amount":151.71},"discountEach":{"amount":0},"pvEach":1006},"quantityLimit":{"quantityQuota":-1,"timeFrameDays":-1,"quantityOrdered":0}}]},"currency":"EUR"},{"lines":{"items":[{"item":{"href":"https://hydraqa.unicity.net/v5a-test/items/36c1237572a0cc563fad27fcfd6abcf1","id":{"unicity":"32967"},"weightEach":{"value":0},"servingsPerContainer":0,"servingSize":0},"quantity":1,"terms":{"priceEach":1136.56,"taxEach":{"amount":113.66},"discountEach":{"amount":0},"pvEach":800},"quantityLimit":{"quantityQuota":-1,"timeFrameDays":-1,"quantityOrdered":0}}]},"currency":"EUR"},{"lines":{"items":[{"item":{"href":"https://hydraqa.unicity.net/v5a-test/items/817e062d5600cad31f527fbfa764a0fa","id":{"unicity":"32968"},"weightEach":{"value":0},"servingsPerContainer":0,"servingSize":0},"quantity":1,"terms":{"priceEach":2273.12,"taxEach":{"amount":227.31},"discountEach":{"amount":0},"pvEach":1600},"quantityLimit":{"quantityQuota":-1,"timeFrameDays":-1,"quantityOrdered":0}}]},"currency":"EUR"},{"lines":{"items":[{"item":{"href":"https://hydraqa.unicity.net/v5a-test/items/81b61d497458d50a6893cf18a065539c","id":{"unicity":"32965"},"weightEach":{"value":0},"servingsPerContainer":0,"servingSize":0},"quantity":1,"terms":{"priceEach":690.84,"taxEach":{"amount":69.08},"discountEach":{"amount":0},"pvEach":456},"quantityLimit":{"quantityQuota":-1,"timeFrameDays":-1,"quantityOrdered":0}}]},"currency":"EUR"},{"lines":{"items":[{"item":{"href":"https://hydraqa.unicity.net/v5a-test/items/ab1f0744e0ce56260af7928f7bf04478","id":{"unicity":"32966"},"weightEach":{"value":0},"servingsPerContainer":0,"servingSize":0},"quantity":1,"terms":{"priceEach":1381.68,"taxEach":{"amount":138.17},"discountEach":{"amount":0},"pvEach":912},"quantityLimit":{"quantityQuota":-1,"timeFrameDays":-1,"quantityOrdered":0}}]},"currency":"EUR"},{"lines":{"items":[{"item":{"href":"https://hydraqa.unicity.net/v5a-test/items/2faa0a2bcdeed39b7569e085fe880a23","id":{"unicity":"33097"},"weightEach":{"value":0},"servingsPerContainer":0,"servingSize":0},"quantity":1,"terms":{"priceEach":703.21,"taxEach":{"amount":70.32},"discountEach":{"amount":0},"pvEach":500},"quantityLimit":{"quantityQuota":-1,"timeFrameDays":-1,"quantityOrdered":0}}]},"currency":"EUR"},{"lines":{"items":[{"item":{"href":"https://hydraqa.unicity.net/v5a-test/items/3196d0b751f9119076e364a1cb03fa18","id":{"unicity":"33095"},"weightEach":{"value":0},"servingsPerContainer":0,"servingSize":0},"quantity":1,"terms":{"priceEach":740.99,"taxEach":{"amount":74.1},"discountEach":{"amount":0},"pvEach":514},"quantityLimit":{"quantityQuota":-1,"timeFrameDays":-1,"quantityOrdered":0}}]},"currency":"EUR"},{"lines":{"items":[{"item":{"href":"https://hydraqa.unicity.net/v5a-test/items/9c43de3dc98337bf964013caa56e3e98","id":{"unicity":"33098"},"weightEach":{"value":0},"servingsPerContainer":0,"servingSize":0},"quantity":1,"terms":{"priceEach":1406.42,"taxEach":{"amount":140.64},"discountEach":{"amount":0},"pvEach":1000},"quantityLimit":{"quantityQuota":-1,"timeFrameDays":-1,"quantityOrdered":0}}]},"currency":"EUR"},{"lines":{"items":[{"item":{"href":"https://hydraqa.unicity.net/v5a-test/items/bdcb8e96238e2243278e5627f9a5f893","id":{"unicity":"33096"},"weightEach":{"value":0},"servingsPerContainer":0,"servingSize":0},"quantity":1,"terms":{"priceEach":1481.98,"taxEach":{"amount":148.2},"discountEach":{"amount":0},"pvEach":1028},"quantityLimit":{"quantityQuota":-1,"timeFrameDays":-1,"quantityOrdered":0}}]},"currency":"EUR"},{"lines":{"items":[{"item":{"href":"https://hydraqa.unicity.net/v5a-test/items/2262fdd5af916c31df08089c191735c1","id":{"unicity":"29317"},"weightEach":{"value":0},"servingsPerContainer":0,"servingSize":0},"quantity":1,"terms":{"priceEach":25.21,"taxEach":{"amount":5.04},"discountEach":{"amount":0},"pvEach":0},"quantityLimit":{"quantityQuota":-1,"timeFrameDays":-1,"quantityOrdered":0}}]},"currency":"EUR"},{"lines":{"items":[{"item":{"href":"https://hydraqa.unicity.net/v5a-test/items/332daeac6796ed016ea8b7d0bc42c2d4","id":{"unicity":"24274"},"weightEach":{"value":0},"servingsPerContainer":0,"servingSize":0},"quantity":1,"terms":{"priceEach":7.48,"taxEach":{"amount":1.5},"discountEach":{"amount":0},"pvEach":0},"quantityLimit":{"quantityQuota":-1,"timeFrameDays":-1,"quantityOrdered":0}}]},"currency":"EUR"},{"lines":{"items":[{"item":{"href":"https://hydraqa.unicity.net/v5a-test/items/1945faa1776541d53120ecfe3c1d8a2b","id":{"unicity":"24418"},"weightEach":{"value":0},"servingsPerContainer":0,"servingSize":0},"quantity":1,"terms":{"priceEach":4.96,"taxEach":{"amount":0.99},"discountEach":{"amount":0},"pvEach":0},"quantityLimit":{"quantityQuota":-1,"timeFrameDays":-1,"quantityOrdered":0}}]},"currency":"EUR"},{"lines":{"items":[{"item":{"href":"https://hydraqa.unicity.net/v5a-test/items/5147f8cfe32548e02fc158d4da9c4d6f","id":{"unicity":"27150"},"weightEach":{"value":0},"servingsPerContainer":0,"servingSize":0},"quantity":1,"terms":{"priceEach":93.36,"taxEach":{"amount":9.34},"discountEach":{"amount":0},"pvEach":70},"quantityLimit":{"quantityQuota":-1,"timeFrameDays":-1,"quantityOrdered":0}}]},"currency":"EUR"},{"lines":{"items":[{"item":{"href":"https://hydraqa.unicity.net/v5a-test/items/03eba2365025ccd85818846a83a16f47","id":{"unicity":"27163"},"weightEach":{"value":258},"servingsPerContainer":30,"servingSize":0},"quantity":1,"terms":{"priceEach":74.67,"taxEach":{"amount":7.47},"discountEach":{"amount":0},"pvEach":54},"quantityLimit":{"quantityQuota":-1,"timeFrameDays":-1,"quantityOrdered":0}}]},"currency":"EUR"},{"lines":{"items":[{"item":{"href":"https://hydraqa.unicity.net/v5a-test/items/7d4ad2792f7056e5f81eb24f118ef737","id":{"unicity":"27575"},"weightEach":{"value":1104},"servingsPerContainer":30,"servingSize":0},"quantity":1,"terms":{"priceEach":55.98,"taxEach":{"amount":5.6},"discountEach":{"amount":0},"pvEach":34},"quantityLimit":{"quantityQuota":-1,"timeFrameDays":-1,"quantityOrdered":0}}]},"currency":"EUR"},{"lines":{"items":[{"item":{"href":"https://hydraqa.unicity.net/v5a-test/items/3f2d12d7a0e8551fc99fad3bbe1ba633","id":{"unicity":"26567"},"weightEach":{"value":173.46},"servingsPerContainer":60,"servingSize":0},"quantity":1,"terms":{"priceEach":55.98,"taxEach":{"amount":5.6},"discountEach":{"amount":0},"pvEach":26},"quantityLimit":{"quantityQuota":-1,"timeFrameDays":-1,"quantityOrdered":0}}]},"currency":"EUR"},{"lines":{"items":[{"item":{"href":"https://hydraqa.unicity.net/v5a-test/items/191637167cb3144bd2e8c4615e9ab67e","id":{"unicity":"26568"},"weightEach":{"value":198.24},"servingsPerContainer":60,"servingSize":0},"quantity":1,"terms":{"priceEach":55.98,"taxEach":{"amount":5.6},"discountEach":{"amount":0},"pvEach":26},"quantityLimit":{"quantityQuota":-1,"timeFrameDays":-1,"quantityOrdered":0}}]},"currency":"EUR"},{"lines":{"items":[{"item":{"href":"https://hydraqa.unicity.net/v5a-test/items/64ec7ad932acafab052a4e8800ad1238","id":{"unicity":"24758"},"weightEach":{"value":26.89},"servingsPerContainer":30,"servingSize":0},"quantity":1,"terms":{"priceEach":37.29,"taxEach":{"amount":3.73},"discountEach":{"amount":0},"pvEach":23},"quantityLimit":{"quantityQuota":-1,"timeFrameDays":-1,"quantityOrdered":0}}]},"currency":"EUR"},{"lines":{"items":[{"item":{"href":"https://hydraqa.unicity.net/v5a-test/items/606f7be753c74dfbfe4b107276775140","id":{"unicity":"29821"},"weightEach":{"value":133.5},"servingsPerContainer":30,"servingSize":0},"quantity":1,"terms":{"priceEach":79.35,"taxEach":{"amount":7.94},"discountEach":{"amount":0},"pvEach":59},"quantityLimit":{"quantityQuota":-1,"timeFrameDays":-1,"quantityOrdered":0}}]},"currency":"EUR"},{"lines":{"items":[{"item":{"href":"https://hydraqa.unicity.net/v5a-test/items/94939f9be900906d2b47260ccba22a7b","id":{"unicity":"32012"},"weightEach":{"value":420},"servingsPerContainer":20,"servingSize":0},"quantity":1,"terms":{"priceEach":13.93,"taxEach":{"amount":1.39},"discountEach":{"amount":0},"pvEach":6},"quantityLimit":{"quantityQuota":-1,"timeFrameDays":-1,"quantityOrdered":0}}]},"currency":"EUR"},{"lines":{"items":[{"item":{"href":"https://hydraqa.unicity.net/v5a-test/items/991cdbb84a495779eb209fb3956a77e4","id":{"unicity":"29183"},"weightEach":{"value":50},"servingsPerContainer":0,"servingSize":0},"quantity":1,"terms":{"priceEach":31.01,"taxEach":{"amount":6.2},"discountEach":{"amount":0},"pvEach":18},"quantityLimit":{"quantityQuota":-1,"timeFrameDays":-1,"quantityOrdered":0}}]},"currency":"EUR"},{"lines":{"items":[{"item":{"href":"https://hydraqa.unicity.net/v5a-test/items/0e78fbdfebef11cd62f8d2120064ee58","id":{"unicity":"30280"},"weightEach":{"value":30},"servingsPerContainer":0,"servingSize":0},"quantity":1,"terms":{"priceEach":33.53,"taxEach":{"amount":6.71},"discountEach":{"amount":0},"pvEach":20},"quantityLimit":{"quantityQuota":-1,"timeFrameDays":-1,"quantityOrdered":0}}]},"currency":"EUR"},{"lines":{"items":[{"item":{"href":"https://hydraqa.unicity.net/v5a-test/items/beb900429fbb160dbfc3001c14d96df4","id":{"unicity":"29187"},"weightEach":{"value":30},"servingsPerContainer":0,"servingSize":0},"quantity":1,"terms":{"priceEach":37.73,"taxEach":{"amount":7.55},"discountEach":{"amount":0},"pvEach":24},"quantityLimit":{"quantityQuota":-1,"timeFrameDays":-1,"quantityOrdered":0}}]},"currency":"EUR"},{"lines":{"items":[{"item":{"href":"https://hydraqa.unicity.net/v5a-test/items/1b0412bea8c0b841c66f65a36aa14108","id":{"unicity":"29191"},"weightEach":{"value":30},"servingsPerContainer":0,"servingSize":0},"quantity":1,"terms":{"priceEach":37.73,"taxEach":{"amount":7.55},"discountEach":{"amount":0},"pvEach":24},"quantityLimit":{"quantityQuota":-1,"timeFrameDays":-1,"quantityOrdered":0}}]},"currency":"EUR"},{"lines":{"items":[{"item":{"href":"https://hydraqa.unicity.net/v5a-test/items/52c87f74d3b41ed49b0f897b66c2a99b","id":{"unicity":"30684"},"weightEach":{"value":450},"servingsPerContainer":30,"servingSize":0},"quantity":1,"terms":{"priceEach":37.29,"taxEach":{"amount":3.73},"discountEach":{"amount":0},"pvEach":23},"quantityLimit":{"quantityQuota":-1,"timeFrameDays":-1,"quantityOrdered":0}}]},"currency":"EUR"},{"lines":{"items":[{"item":{"href":"https://hydraqa.unicity.net/v5a-test/items/90f38f77c9e6ea5a71aa7377df83760b","id":{"unicity":"30198"},"weightEach":{"value":0},"servingsPerContainer":0,"servingSize":0},"quantity":1,"terms":{"priceEach":19,"taxEach":{"amount":1.9},"discountEach":{"amount":0},"pvEach":16},"quantityLimit":{"quantityQuota":-1,"timeFrameDays":-1,"quantityOrdered":0}}]},"currency":"EUR"},{"lines":{"items":[{"item":{"href":"https://hydraqa.unicity.net/v5a-test/items/ab2a2b07b17718843a66bee04ff40624","id":{"unicity":"31402"},"weightEach":{"value":477},"servingsPerContainer":30,"servingSize":0},"quantity":1,"terms":{"priceEach":92.43,"taxEach":{"amount":9.24},"discountEach":{"amount":0},"pvEach":70},"quantityLimit":{"quantityQuota":-1,"timeFrameDays":-1,"quantityOrdered":0}}]},"currency":"EUR"},{"lines":{"items":[{"item":{"href":"https://hydraqa.unicity.net/v5a-test/items/7e5e7df32701fd44947c8146f2129f7a","id":{"unicity":"31672"},"weightEach":{"value":270},"servingsPerContainer":15,"servingSize":0},"quantity":1,"terms":{"priceEach":74.67,"taxEach":{"amount":7.47},"discountEach":{"amount":0},"pvEach":54},"quantityLimit":{"quantityQuota":-1,"timeFrameDays":-1,"quantityOrdered":0}}]},"currency":"EUR"},{"lines":{"items":[{"item":{"href":"https://hydraqa.unicity.net/v5a-test/items/493c2ba720f847422eccc5da35024f33","id":{"unicity":"31534"},"weightEach":{"value":95},"servingsPerContainer":60,"servingSize":0},"quantity":1,"terms":{"priceEach":26.07,"taxEach":{"amount":2.61},"discountEach":{"amount":0},"pvEach":16},"quantityLimit":{"quantityQuota":-1,"timeFrameDays":-1,"quantityOrdered":0}}]},"currency":"EUR"},{"lines":{"items":[{"item":{"href":"https://hydraqa.unicity.net/v5a-test/items/bfddb53fe0d5ed5432c531dc9850cbe4","id":{"unicity":"29449"},"weightEach":{"value":60},"servingsPerContainer":30,"servingSize":0},"quantity":1,"terms":{"priceEach":26.07,"taxEach":{"amount":2.61},"discountEach":{"amount":0},"pvEach":16},"quantityLimit":{"quantityQuota":-1,"timeFrameDays":-1,"quantityOrdered":0}}]},"currency":"EUR"},{"lines":{"items":[{"item":{"href":"https://hydraqa.unicity.net/v5a-test/items/fbb6dbd577adb73abaec364076fb288f","id":{"unicity":"32087"},"weightEach":{"value":600},"servingsPerContainer":10,"servingSize":0},"quantity":1,"terms":{"priceEach":20.47,"taxEach":{"amount":2.05},"discountEach":{"amount":0},"pvEach":9},"quantityLimit":{"quantityQuota":-1,"timeFrameDays":-1,"quantityOrdered":0}}]},"currency":"EUR"},{"lines":{"items":[{"item":{"href":"https://hydraqa.unicity.net/v5a-test/items/1f59b10f0bef99fa20e4b9b0b4efea88","id":{"unicity":"32333"},"weightEach":{"value":0},"servingsPerContainer":0,"servingSize":0},"quantity":1,"terms":{"priceEach":9.16,"taxEach":{"amount":1.83},"discountEach":{"amount":0},"pvEach":0},"quantityLimit":{"quantityQuota":-1,"timeFrameDays":-1,"quantityOrdered":0}}]},"currency":"EUR"},{"lines":{"items":[{"item":{"href":"https://hydraqa.unicity.net/v5a-test/items/592aef9ec417f4553dc0b62a91a1f5e0","id":{"unicity":"32330"},"weightEach":{"value":0},"servingsPerContainer":0,"servingSize":0},"quantity":1,"terms":{"priceEach":93.36,"taxEach":{"amount":9.34},"discountEach":{"amount":0},"pvEach":55},"quantityLimit":{"quantityQuota":-1,"timeFrameDays":-1,"quantityOrdered":0}}]},"currency":"EUR"},{"lines":{"items":[{"item":{"href":"https://hydraqa.unicity.net/v5a-test/items/87dd58dff9eb54a10b652443e7279a1e","id":{"unicity":"32693"},"weightEach":{"value":0},"servingsPerContainer":0,"servingSize":0},"quantity":1,"terms":{"priceEach":79.35,"taxEach":{"amount":7.94},"discountEach":{"amount":0},"pvEach":59},"quantityLimit":{"quantityQuota":-1,"timeFrameDays":-1,"quantityOrdered":0}}]},"currency":"EUR"},{"lines":{"items":[{"item":{"href":"https://hydraqa.unicity.net/v5a-test/items/1bd53de7fe880ba71f46c9976ca2c137","id":{"unicity":"27739"},"weightEach":{"value":0},"servingsPerContainer":0,"servingSize":0},"quantity":1,"terms":{"priceEach":37.29,"taxEach":{"amount":3.73},"discountEach":{"amount":0},"pvEach":23},"quantityLimit":{"quantityQuota":-1,"timeFrameDays":-1,"quantityOrdered":0}}]},"currency":"EUR"}]}
Entry request : {"order":{"customer":{"href":"https://hydraqa.unicity.net/v5a-test/customers?type=Associate"},"shipToAddress":{"country":"AT"}},"vary":{"lines":{"items":[{"item":{"href":"https://hydraqa.unicity.net/v5a-test/items?id.unicity=27700|31951|31952|32128|32129|32130|32132|32133|32134|32135|32136|32137|32138|32125|32699|33092|33094|33093|18511|26422|27156|27158|27160|27166|27617|27660|27585|27587|28601|28604|27395|15880|26560|29017|29838|17174|31772|31777|31780|31781|31782|31779|31932|31778|32556|22605|32126|32127|29832|29833|32755|32756|32967|32968|32965|32966|33097|33095|33098|33096|29317|24274|24418|27150|27163|27575|26567|26568|24758|29821|32012|29183|30280|29187|29191|30684|30198|31402|31672|31534|29449|32087|32333|32330|32693|27739"}}]}}}
Request URL: https://hydraqa.unicity.net/v5a-test/customers.js?callback=angular.callbacks._1&expand=customer,profilePicture&id.unicity=2
Request URL: https://hydraqa.unicity.net/v5a-test/customers.js?_httpMethod=HEAD&callback=angular.callbacks._7&email=SNCCKY@gmail.com
Request URL: https://hydraqa.unicity.net/v5a-test/shippingmethods.js?callback=angular.callbacks._a&destination=AT&market=AT
{sponsor=2, gender=female, sepabic=DEUTDEFF, city=TestCity, signature=TestSignature, cartprice=339.79, enroller=2, responsedob=2000-07-23, arpack=Power Immunsystem Pack, language=Deutsch, locale=de, type=Associate, coapplicanttype=company, platform=QA, lname=IndAutomationLastName, password=Unicity, genderoption=weiblich, Currency=EUR, sepabankname=TestBankName, payment=sepa, api=7, companynametype=Kapitalgesellschaft, fax=8217647322, email=SNCCKY@gmail.com, coapplicant=TestCompanyName, zip=1234, fname=IndAutomationFirstName, prefferd=Austria, address2=Address 2, address1=Address 1, sepaiban=AT611904300234573201, sepaholder=TestName, shippingmethod=type=Economy, version=v5a-test/, testcase=normal, market=Austria, aritemcode=33093, referral=yes, phone=9823746323, dob=23/07/2000, proto=https://hydraqa.unicity.net/, marketcode=AT, ccname=CCNameTest}
Request URL: https://hydraqa.unicity.net/v5a-test/orders.js
Entry request : {"customer":{"mainAddress":{"city":"TestCity","country":"AT","zip":"1234","address1":"Address 1","address2":"Address 2"},"humanName":{"firstName":"IndAutomationFirstName","lastName":"IndAutomationLastName"},"email":"SNCCKY@gmail.com","preferredLocale":"de-AT","password":{"value":"Unicity"},"gender":"female","maritalStatus":null,"type":"Associate","sponsor":{"href":"https://hydraqa.unicity.net/v5a-test/customers?id.unicity=2"},"enroller":{"href":"https://hydraqa.unicity.net/v5a-test/customers?id.unicity=2"},"homePhone":"9823746323","birthDate":"2000-07-23","autoorders":{"items":[{"recurrence":{"schedule":{"month":"*","dayOfMonth":"5"},"status":"Enabled"},"lines":{"items":[{"item":{"href":"https://hydraqa.unicity.net/v5a-test/items?id.unicity=33093"},"quantity":1}]},"shipToName":{"firstName":"IndAutomationFirstName","lastName":"IndAutomationLastName"},"shipToPhone":"9823746323","shipToEmail":"SNCCKY@gmail.com","shipToAddress":{"city":"TestCity","country":"AT","address1":"Address 1","address2":"Address 2","zip":"1234"},"shippingMethod":{"href":"https://hydraqa.unicity.net/v5a-test/shippingmethods?type=Economy"},"transactions":{"items":[{"amount":"this.terms.total","type":"Capture","method":"BankDraft","methodDetails":{}}]}}]},"depositBankAccount":{"bankName":"Paylution","accountType":"PrepaidCard"},"draftBankAccount":{"iban":"AT611904300234573201","bankName":"TestBankName","bic":"DEUTDEFF","accountHolder":"TestName"},"businessEntity":{"companyName":"TestCompanyName","legalType":"Corporation"},"rights":[{"holder":"Unicity","type":"SendEmails"}],"signature":{"value":"TestSignature"},"faxNumber":"8217647322"},"lines":{"items":[{"item":{"href":"https://hydraqa.unicity.net/v5a-test/items?id.unicity=22605"},"quantity":1},{"item":{"href":"https://hydraqa.unicity.net/v5a-test/items?id.unicity=32126"},"quantity":1},{"item":{"href":"https://hydraqa.unicity.net/v5a-test/items?id.unicity=32127"},"quantity":1}]},"shipToName":{"firstName":"IndAutomationFirstName","lastName":"IndAutomationLastName"},"shipToPhone":"9823746323","shipToEmail":"SNCCKY@gmail.com","shipToAddress":{"city":"TestCity","country":"AT","address1":"Address 1","address2":"Address 2","zip":"1234"},"shippingMethod":{"href":"https://hydraqa.unicity.net/v5a-test/shippingmethods?type=Economy"},"notes":"","transactions":{"items":[{"amount":"this.terms.total","type":"Capture","method":"BankDraft","methodDetails":{}}]}}
Entry response : {"meta":{"Link":"<http:\/\/unicity.github.io\/Hydra.php\/docs\/v5\/>; rel=\"help\"","X-Request-UUID":"8181129f-a6f8-987d-99fc-d55e408413fe","X-Request-Release":"5-2020100902\/master","Cache-Control":"no-cache, must-revalidate","Expires":"0","X-Powered-By":"Luracast Restler v3.0.0rc5","Content-Type":"text\/javascript; charset=utf-8","Content-Language":"en","X-Status-Code":"201"},"data":{"market":"AT","notes":"","shippingMethod":{"type":"Economy","href":"https:\/\/hydraqa.unicity.net\/v5a-test\/shippingmethods?type=Economy","location":""},"shipToAddress":{"country":"AT","state":"","city":"TestCity","zip":"1234","address1":"Address 1","address2":"Address 2"},"shipToEmail":"SNCCKY@gmail.com","shipToName":{"firstName":"IndAutomationFirstName","lastName":"IndAutomationLastName"},"shipToPhone":"9823746323","shipToTime":null,"source":null,"type":null,"lines":{"items":[{"quantity":1,"item":{"href":"https:\/\/hydraqa.unicity.net\/v5a-test\/items?id.unicity=22605","id":{"unicity":"22605"}}},{"quantity":1,"item":{"href":"https:\/\/hydraqa.unicity.net\/v5a-test\/items?id.unicity=32126","id":{"unicity":"32126"}}},{"quantity":1,"item":{"href":"https:\/\/hydraqa.unicity.net\/v5a-test\/items?id.unicity=32127","id":{"unicity":"32127"}}}]},"transactions":{"items":null},"terms":{"discount":{"amount":0},"freight":{"amount":5.75},"period":"2020-09","pv":214,"subtotal":339.79,"tax":{"amount":39.32},"taxableTotal":345.54,"total":384.86},"dateCreated":"2020-10-13T09:50:17-06:00","currency":"EUR","giftReceipt":false,"customer":{"humanName":{"firstName":"IndAutomationFirstName","lastName":"IndAutomationLastName"},"mainAddress":{"city":"TestCity","country":"AT","zip":"1234","address1":"Address 1","address2":"Address 2","state":""},"type":"Associate","email":"SNCCKY@gmail.com","signature":{"value":"TestSignature"},"gender":"female","password":{"value":"Unicity"},"enroller":{"href":"https:\/\/hydraqa.unicity.net\/v5a-test\/customers\/f0cbfab7062ed827a4e700264e473f1d","id":{"unicity":2},"email":"danw@infotraxsys.com","humanName":{"fullName":"Referral Program"}},"sponsor":{"href":"https:\/\/hydraqa.unicity.net\/v5a-test\/customers\/f0cbfab7062ed827a4e700264e473f1d","id":{"unicity":2},"email":"danw@infotraxsys.com"},"birthDate":"2000-07-23","homePhone":"9823746323","faxNumber":"8217647322","preferredLocale":"de-AT","depositBankAccount":{"bankName":"Paylution","accountType":"PrepaidCard"},"draftBankAccount":{"iban":"AT611904300234573201","bankName":"TestBankName","bic":"DEUTDEFF","accountHolder":"TestName"},"businessEntity":{"companyName":"TestCompanyName","legalType":"Corporation"},"autoorders":{"items":[{"recurrence":{"schedule":{"month":"*","dayOfMonth":"5","skipRepetitions":1},"status":"Enabled"},"lines":{"items":[{"item":{"href":"https:\/\/hydraqa.unicity.net\/v5a-test\/items?id.unicity=33093"},"quantity":1}]},"shipToName":{"firstName":"IndAutomationFirstName","lastName":"IndAutomationLastName"},"shipToPhone":"9823746323","shipToEmail":"SNCCKY@gmail.com","shipToAddress":{"city":"TestCity","country":"AT","address1":"Address 1","address2":"Address 2","zip":"1234"},"shippingMethod":{"href":"https:\/\/hydraqa.unicity.net\/v5a-test\/shippingmethods?type=Economy"},"transactions":{"items":null}}]},"rights":[{"holder":"Unicity","type":"SendEmails"}],"status":"Active","id":{"unicity":"106945749"},"href":"https:\/\/hydraqa.unicity.net\/v5a-test\/customers\/55a7a0db5f30da3782251d5ab9b8eea3045e9ab3d4a9c29f44a04e64890cf540","token":"5d56bbff-edc4-49e6-b55d-48fed9f86375"},"id":{"unicity":"49-9168020"},"href":"https:\/\/hydraqa.unicity.net\/v5a-test\/orders\/08a8acf46c27998b2705b7456195ab6abe3766662511b13d5967859aa667bf10"}}
Headers-->keep-alive
Headers-->2406
Headers-->application/json, text/plain, */*
Headers-->de-AT
Headers-->Mozilla/5.0 (Windows NT 6.3; Win64; x64) AppleWebKit/537.36 (KHTML, like Gecko) Chrome/86.0.4240.75 Safari/537.36
Headers-->application/json;charset=UTF-8
Naresh {"shipToAddress":{"zip":"1234","country":"AT","city":"TestCity","address2":"Address 2","address1":"Address 1"},"shipToPhone":"9823746323","notes":"","shippingMethod":{"href":"https:\/\/hydraqa.unicity.net\/v5a-test\/shippingmethods?type=Economy"},"shipToEmail":"SNCCKY@gmail.com","shipToName":{"firstName":"IndAutomationFirstName","lastName":"IndAutomationLastName"},"lines":{"items":[{"item":{"href":"https:\/\/hydraqa.unicity.net\/v5a-test\/items?id.unicity=22605"},"quantity":1},{"item":{"href":"https:\/\/hydraqa.unicity.net\/v5a-test\/items?id.unicity=32126"},"quantity":1},{"item":{"href":"https:\/\/hydraqa.unicity.net\/v5a-test\/items?id.unicity=32127"},"quantity":1}]},"transactions":{"items":[{"amount":"this.terms.total","method":"BankDraft","methodDetails":{},"type":"Capture"}]},"customer":{"sponsor":{"href":"https:\/\/hydraqa.unicity.net\/v5a-test\/customers?id.unicity=2"},"autoorders":{"items":[{"recurrence":{"schedule":{"month":"*","dayOfMonth":"5"},"status":"Enabled"},"shipToAddress":{"zip":"1234","country":"AT","city":"TestCity","address2":"Address 2","address1":"Address 1"},"shipToPhone":"9823746323","shippingMethod":{"href":"https:\/\/hydraqa.unicity.net\/v5a-test\/shippingmethods?type=Economy"},"shipToEmail":"SNCCKY@gmail.com","shipToName":{"firstName":"IndAutomationFirstName","lastName":"IndAutomationLastName"},"lines":{"items":[{"item":{"href":"https:\/\/hydraqa.unicity.net\/v5a-test\/items?id.unicity=33093"},"quantity":1}]},"transactions":{"items":[{"amount":"this.terms.total","method":"BankDraft","methodDetails":{},"type":"Capture"}]}}]},"gender":"female","signature":{"value":"TestSignature"},"homePhone":"9823746323","enroller":{"href":"https:\/\/hydraqa.unicity.net\/v5a-test\/customers?id.unicity=2"},"businessEntity":{"legalType":"Corporation","companyName":"TestCompanyName"},"type":"Associate","mainAddress":{"zip":"1234","country":"AT","city":"TestCity","address2":"Address 2","address1":"Address 1"},"birthDate":"2000-07-23","humanName":{"firstName":"IndAutomationFirstName","lastName":"IndAutomationLastName"},"password":{"value":"Unicity"},"rights":[{"holder":"Unicity","type":"SendEmails"}],"draftBankAccount":{"accountHolder":"TestName","iban":"AT611904300234573201","bankName":"TestBankName","bic":"DEUTDEFF"},"faxNumber":"8217647322","depositBankAccount":{"accountType":"PrepaidCard","bankName":"Paylution"},"email":"SNCCKY@gmail.com","maritalStatus":null,"preferredLocale":"de-AT"}}
]]></system-out>
    <system-err><![CDATA[Starting ChromeDriver 2.36.540470 (e522d04694c7ebea4ba8821272dbef4f9b818c91) on port 36010
Only local connections are allowed.
Oct 13, 2020 9:45:47 AM org.openqa.selenium.remote.ProtocolHandshake createSession
INFO: Detected dialect: OSS
]]></system-err>
  </testcase>
  <testcase name="Enroll" classname="Tests.FranchisePartner" time="333.168"/>
  <testcase name="Enroll" classname="Tests.FranchisePartner" time="326.895"/>
  <testcase name="Enroll" classname="Tests.FranchisePartner" time="284.142">
    <failure message="Major Packs expected [[https://hydraqa.unicity.net/v5a-test/items?id.unicity=29317, https://hydraqa.unicity.net/v5a-test/items?id.unicity=32126, https://hydraqa.unicity.net/v5a-test/items?id.unicity=33095]] but found [[https://hydraqa.unicity.net/v5a-test/items?id.unicity=32126, https://hydraqa.unicity.net/v5a-test/items?id.unicity=33095]]" type="java.lang.AssertionError">java.lang.AssertionError: Major Packs expected [[https://hydraqa.unicity.net/v5a-test/items?id.unicity=29317, https://hydraqa.unicity.net/v5a-test/items?id.unicity=32126, https://hydraqa.unicity.net/v5a-test/items?id.unicity=33095]] but found [[https://hydraqa.unicity.net/v5a-test/items?id.unicity=32126, https://hydraqa.unicity.net/v5a-test/items?id.unicity=33095]]
	at Tests.FranchisePartner.Enroll(FranchisePartner.java:252)
</failure>
    <system-out><![CDATA[Request URL: https://hydraqa.unicity.net/v5a-test/quotes?&expand=item
Entry Quotes response : {"items":[{"lines":{"items":[{"item":{"href":"https://hydraqa.unicity.net/v5a-test/items/4e49c95f12ae7be78e5ffab68b8b3ca6","id":{"unicity":"26422"},"weightEach":{"value":92},"servingsPerContainer":30,"servingSize":0},"quantity":1,"terms":{"priceEach":19,"taxEach":{"amount":1.14},"discountEach":{"amount":0},"pvEach":16},"quantityLimit":{"quantityQuota":-1,"timeFrameDays":-1,"quantityOrdered":0}}]},"currency":"EUR"},{"lines":{"items":[{"item":{"href":"https://hydraqa.unicity.net/v5a-test/items/d92292ba2f23c030e4a1f63eb3ebe1ce","id":{"unicity":"27158"},"weightEach":{"value":454},"servingsPerContainer":45,"servingSize":0},"quantity":1,"terms":{"priceEach":27.94,"taxEach":{"amount":1.68},"discountEach":{"amount":0},"pvEach":23},"quantityLimit":{"quantityQuota":-1,"timeFrameDays":-1,"quantityOrdered":0}}]},"currency":"EUR"},{"lines":{"items":[{"item":{"href":"https://hydraqa.unicity.net/v5a-test/items/0d3b8d4f7c4d4082db1b4ecffb6693fb","id":{"unicity":"27160"},"weightEach":{"value":435},"servingsPerContainer":60,"servingSize":0},"quantity":1,"terms":{"priceEach":74.67,"taxEach":{"amount":4.48},"discountEach":{"amount":0},"pvEach":53},"quantityLimit":{"quantityQuota":-1,"timeFrameDays":-1,"quantityOrdered":0}}]},"currency":"EUR"},{"lines":{"items":[{"item":{"href":"https://hydraqa.unicity.net/v5a-test/items/ac37bf51ff7e4fe860da8457f6ce0425","id":{"unicity":"27166"},"weightEach":{"value":270},"servingsPerContainer":30,"servingSize":0},"quantity":1,"terms":{"priceEach":74.67,"taxEach":{"amount":4.48},"discountEach":{"amount":0},"pvEach":54},"quantityLimit":{"quantityQuota":-1,"timeFrameDays":-1,"quantityOrdered":0}}]},"currency":"EUR"},{"lines":{"items":[{"item":{"href":"https://hydraqa.unicity.net/v5a-test/items/e9991b48ac639367d526d2b9b22fac8c","id":{"unicity":"32128"},"weightEach":{"value":0},"servingsPerContainer":0,"servingSize":0},"quantity":1,"terms":{"priceEach":371.87,"taxEach":{"amount":22.31},"discountEach":{"amount":0},"pvEach":253},"quantityLimit":{"quantityQuota":-1,"timeFrameDays":-1,"quantityOrdered":0}}]},"currency":"EUR"},{"lines":{"items":[{"item":{"href":"https://hydraqa.unicity.net/v5a-test/items/40b3312de189221d96d838d33a8ec49d","id":{"unicity":"32129"},"weightEach":{"value":0},"servingsPerContainer":0,"servingSize":0},"quantity":1,"terms":{"priceEach":371.87,"taxEach":{"amount":22.31},"discountEach":{"amount":0},"pvEach":254},"quantityLimit":{"quantityQuota":-1,"timeFrameDays":-1,"quantityOrdered":0}}]},"currency":"EUR"},{"lines":{"items":[{"item":{"href":"https://hydraqa.unicity.net/v5a-test/items/6bd168a66ce41003a8f30917deff5808","id":{"unicity":"32130"},"weightEach":{"value":0},"servingsPerContainer":0,"servingSize":0},"quantity":1,"terms":{"priceEach":363.46,"taxEach":{"amount":21.81},"discountEach":{"amount":0},"pvEach":252},"quantityLimit":{"quantityQuota":-1,"timeFrameDays":-1,"quantityOrdered":0}}]},"currency":"EUR"},{"lines":{"items":[{"item":{"href":"https://hydraqa.unicity.net/v5a-test/items/db0a2b02eaabc5ad45fe91ba5c7bcf5a","id":{"unicity":"31772"},"weightEach":{"value":0},"servingsPerContainer":0,"servingSize":0},"quantity":1,"terms":{"priceEach":8.32,"taxEach":{"amount":0},"discountEach":{"amount":0},"pvEach":0},"quantityLimit":{"quantityQuota":-1,"timeFrameDays":-1,"quantityOrdered":0}}]},"currency":"EUR"},{"lines":{"items":[{"item":{"href":"https://hydraqa.unicity.net/v5a-test/items/806f99b793edd7cd0b1c158ba0eb3142","id":{"unicity":"32132"},"weightEach":{"value":0},"servingsPerContainer":0,"servingSize":0},"quantity":1,"terms":{"priceEach":355.98,"taxEach":{"amount":21.36},"discountEach":{"amount":0},"pvEach":253},"quantityLimit":{"quantityQuota":-1,"timeFrameDays":-1,"quantityOrdered":0}}]},"currency":"EUR"},{"lines":{"items":[{"item":{"href":"https://hydraqa.unicity.net/v5a-test/items/e3d382d99fde8659cb146b54116e7654","id":{"unicity":"32133"},"weightEach":{"value":0},"servingsPerContainer":0,"servingSize":0},"quantity":1,"terms":{"priceEach":364.39,"taxEach":{"amount":21.86},"discountEach":{"amount":0},"pvEach":252},"quantityLimit":{"quantityQuota":-1,"timeFrameDays":-1,"quantityOrdered":0}}]},"currency":"EUR"},{"lines":{"items":[{"item":{"href":"https://hydraqa.unicity.net/v5a-test/items/022f109fe6e5eae3e521295a5cb94c60","id":{"unicity":"32134"},"weightEach":{"value":0},"servingsPerContainer":0,"servingSize":0},"quantity":1,"terms":{"priceEach":144.77,"taxEach":{"amount":8.69},"discountEach":{"amount":0},"pvEach":101},"quantityLimit":{"quantityQuota":-1,"timeFrameDays":-1,"quantityOrdered":0}}]},"currency":"EUR"},{"lines":{"items":[{"item":{"href":"https://hydraqa.unicity.net/v5a-test/items/ded00960d5e948dd8e511a9c752e1ff9","id":{"unicity":"32135"},"weightEach":{"value":0},"servingsPerContainer":0,"servingSize":0},"quantity":1,"terms":{"priceEach":154.11,"taxEach":{"amount":9.25},"discountEach":{"amount":0},"pvEach":113},"quantityLimit":{"quantityQuota":-1,"timeFrameDays":-1,"quantityOrdered":0}}]},"currency":"EUR"},{"lines":{"items":[{"item":{"href":"https://hydraqa.unicity.net/v5a-test/items/d8736cc35cf9f4734fd76da71c53dc05","id":{"unicity":"32136"},"weightEach":{"value":0},"servingsPerContainer":0,"servingSize":0},"quantity":1,"terms":{"priceEach":142.08,"taxEach":{"amount":8.52},"discountEach":{"amount":0},"pvEach":102},"quantityLimit":{"quantityQuota":-1,"timeFrameDays":-1,"quantityOrdered":0}}]},"currency":"EUR"},{"lines":{"items":[{"item":{"href":"https://hydraqa.unicity.net/v5a-test/items/166a69d45c4ae40278554e24d5f40443","id":{"unicity":"32137"},"weightEach":{"value":0},"servingsPerContainer":0,"servingSize":0},"quantity":1,"terms":{"priceEach":168.13,"taxEach":{"amount":10.09},"discountEach":{"amount":0},"pvEach":118},"quantityLimit":{"quantityQuota":-1,"timeFrameDays":-1,"quantityOrdered":0}}]},"currency":"EUR"},{"lines":{"items":[{"item":{"href":"https://hydraqa.unicity.net/v5a-test/items/d04a0b8762b20202b6273114fb7302d1","id":{"unicity":"32138"},"weightEach":{"value":0},"servingsPerContainer":0,"servingSize":0},"quantity":1,"terms":{"priceEach":224.21,"taxEach":{"amount":13.45},"discountEach":{"amount":0},"pvEach":152},"quantityLimit":{"quantityQuota":-1,"timeFrameDays":-1,"quantityOrdered":0}}]},"currency":"EUR"},{"lines":{"items":[{"item":{"href":"https://hydraqa.unicity.net/v5a-test/items/e13d0b5c40704ad5dd186959367c97f1","id":{"unicity":"32125"},"weightEach":{"value":0},"servingsPerContainer":0,"servingSize":0},"quantity":1,"terms":{"priceEach":373.74,"taxEach":{"amount":22.42},"discountEach":{"amount":0},"pvEach":250},"quantityLimit":{"quantityQuota":-1,"timeFrameDays":-1,"quantityOrdered":0}}]},"currency":"EUR"},{"lines":{"items":[{"item":{"href":"https://hydraqa.unicity.net/v5a-test/items/046ebf079b944fdd15fb2a4345897219","id":{"unicity":"33006"},"weightEach":{"value":0},"servingsPerContainer":0,"servingSize":0},"quantity":1,"terms":{"priceEach":306.13,"taxEach":{"amount":18.37},"discountEach":{"amount":0},"pvEach":200},"quantityLimit":{"quantityQuota":-1,"timeFrameDays":-1,"quantityOrdered":0}}]},"currency":"EUR"},{"lines":{"items":[{"item":{"href":"https://hydraqa.unicity.net/v5a-test/items/def68d31fb89b7c22a71f384e32f03d7","id":{"unicity":"32699"},"weightEach":{"value":0},"servingsPerContainer":0,"servingSize":0},"quantity":1,"terms":{"priceEach":284.14,"taxEach":{"amount":17.05},"discountEach":{"amount":0},"pvEach":200},"quantityLimit":{"quantityQuota":-1,"timeFrameDays":-1,"quantityOrdered":0}}]},"currency":"EUR"},{"lines":{"items":[{"item":{"href":"https://hydraqa.unicity.net/v5a-test/items/db0a2b02eaabc5ad45fe91ba5c7bcf5a","id":{"unicity":"31772"},"weightEach":{"value":0},"servingsPerContainer":0,"servingSize":0},"quantity":1,"terms":{"priceEach":8.32,"taxEach":{"amount":0},"discountEach":{"amount":0},"pvEach":0},"quantityLimit":{"quantityQuota":-1,"timeFrameDays":-1,"quantityOrdered":0}}]},"currency":"EUR"},{"lines":{"items":[{"item":{"href":"https://hydraqa.unicity.net/v5a-test/items/b23be76d5816f93f8e9b7ab0665d5021","id":{"unicity":"33092"},"weightEach":{"value":0},"servingsPerContainer":0,"servingSize":0},"quantity":1,"terms":{"priceEach":149.34,"taxEach":{"amount":8.96},"discountEach":{"amount":0},"pvEach":108},"quantityLimit":{"quantityQuota":-1,"timeFrameDays":-1,"quantityOrdered":0}}]},"currency":"EUR"},{"lines":{"items":[{"item":{"href":"https://hydraqa.unicity.net/v5a-test/items/287b72c2933e3afabdea942bd11bfab9","id":{"unicity":"33093"},"weightEach":{"value":0},"servingsPerContainer":0,"servingSize":0},"quantity":1,"terms":{"priceEach":162.54,"taxEach":{"amount":9.75},"discountEach":{"amount":0},"pvEach":105},"quantityLimit":{"quantityQuota":-1,"timeFrameDays":-1,"quantityOrdered":0}}]},"currency":"EUR"},{"lines":{"items":[{"item":{"href":"https://hydraqa.unicity.net/v5a-test/items/c451532f63a06f0e9a054e946a1a1c3b","id":{"unicity":"18511"},"weightEach":{"value":50},"servingsPerContainer":30,"servingSize":0},"quantity":1,"terms":{"priceEach":37.29,"taxEach":{"amount":2.24},"discountEach":{"amount":0},"pvEach":23},"quantityLimit":{"quantityQuota":-1,"timeFrameDays":-1,"quantityOrdered":0}}]},"currency":"EUR"},{"lines":{"items":[{"item":{"href":"https://hydraqa.unicity.net/v5a-test/items/50e73ecfa509ac20c4a250f9cb32fdfc","id":{"unicity":"27156"},"weightEach":{"value":31},"servingsPerContainer":50,"servingSize":0},"quantity":1,"terms":{"priceEach":20.47,"taxEach":{"amount":1.23},"discountEach":{"amount":0},"pvEach":13},"quantityLimit":{"quantityQuota":-1,"timeFrameDays":-1,"quantityOrdered":0}}]},"currency":"EUR"},{"lines":{"items":[{"item":{"href":"https://hydraqa.unicity.net/v5a-test/items/a7bda1cb4a35343e52791aba56debc4a","id":{"unicity":"27617"},"weightEach":{"value":22.62},"servingsPerContainer":30,"servingSize":0},"quantity":1,"terms":{"priceEach":29.81,"taxEach":{"amount":1.79},"discountEach":{"amount":0},"pvEach":18},"quantityLimit":{"quantityQuota":-1,"timeFrameDays":-1,"quantityOrdered":0}}]},"currency":"EUR"},{"lines":{"items":[{"item":{"href":"https://hydraqa.unicity.net/v5a-test/items/a36d9fdd0fd7561e6180fb5b2ff27164","id":{"unicity":"27660"},"weightEach":{"value":129},"servingsPerContainer":15,"servingSize":0},"quantity":1,"terms":{"priceEach":40.09,"taxEach":{"amount":2.41},"discountEach":{"amount":0},"pvEach":25},"quantityLimit":{"quantityQuota":-1,"timeFrameDays":-1,"quantityOrdered":0}}]},"currency":"EUR"},{"lines":{"items":[{"item":{"href":"https://hydraqa.unicity.net/v5a-test/items/9a6e1d094182389c3da8e0a320ff0e00","id":{"unicity":"27585"},"weightEach":{"value":0},"servingsPerContainer":0,"servingSize":0},"quantity":1,"terms":{"priceEach":61.81,"taxEach":{"amount":3.71},"discountEach":{"amount":0},"pvEach":36},"quantityLimit":{"quantityQuota":-1,"timeFrameDays":-1,"quantityOrdered":0}}]},"currency":"EUR"},{"lines":{"items":[{"item":{"href":"https://hydraqa.unicity.net/v5a-test/items/112b8c39286598b3730f630f371a45f4","id":{"unicity":"27587"},"weightEach":{"value":690},"servingsPerContainer":30,"servingSize":0},"quantity":1,"terms":{"priceEach":55.98,"taxEach":{"amount":3.36},"discountEach":{"amount":0},"pvEach":34},"quantityLimit":{"quantityQuota":-1,"timeFrameDays":-1,"quantityOrdered":0}}]},"currency":"EUR"},{"lines":{"items":[{"item":{"href":"https://hydraqa.unicity.net/v5a-test/items/0c0717a26fcfe40310e906487e8a12f7","id":{"unicity":"28601"},"weightEach":{"value":270},"servingsPerContainer":30,"servingSize":0},"quantity":1,"terms":{"priceEach":74.67,"taxEach":{"amount":4.48},"discountEach":{"amount":0},"pvEach":54},"quantityLimit":{"quantityQuota":-1,"timeFrameDays":-1,"quantityOrdered":0}}]},"currency":"EUR"},{"lines":{"items":[{"item":{"href":"https://hydraqa.unicity.net/v5a-test/items/db0a2b02eaabc5ad45fe91ba5c7bcf5a","id":{"unicity":"31772"},"weightEach":{"value":0},"servingsPerContainer":0,"servingSize":0},"quantity":1,"terms":{"priceEach":8.32,"taxEach":{"amount":0},"discountEach":{"amount":0},"pvEach":0},"quantityLimit":{"quantityQuota":-1,"timeFrameDays":-1,"quantityOrdered":0}}]},"currency":"EUR"},{"lines":{"items":[{"item":{"href":"https://hydraqa.unicity.net/v5a-test/items/024e696f8b44a1d315006e676604cd31","id":{"unicity":"27395"},"weightEach":{"value":210},"servingsPerContainer":30,"servingSize":0},"quantity":1,"terms":{"priceEach":29.81,"taxEach":{"amount":1.79},"discountEach":{"amount":0},"pvEach":18},"quantityLimit":{"quantityQuota":-1,"timeFrameDays":-1,"quantityOrdered":0}}]},"currency":"EUR"},{"lines":{"items":[{"item":{"href":"https://hydraqa.unicity.net/v5a-test/items/4b2034f47fce90b87bba28c5c2d7c25d","id":{"unicity":"15880"},"weightEach":{"value":51.5},"servingsPerContainer":90,"servingSize":0},"quantity":1,"terms":{"priceEach":51.31,"taxEach":{"amount":3.08},"discountEach":{"amount":0},"pvEach":33},"quantityLimit":{"quantityQuota":-1,"timeFrameDays":-1,"quantityOrdered":0}}]},"currency":"EUR"},{"lines":{"items":[{"item":{"href":"https://hydraqa.unicity.net/v5a-test/items/398d06b858b960f6f38086d40608aef2","id":{"unicity":"26560"},"weightEach":{"value":60},"servingsPerContainer":30,"servingSize":0},"quantity":1,"terms":{"priceEach":20.47,"taxEach":{"amount":1.23},"discountEach":{"amount":0},"pvEach":13},"quantityLimit":{"quantityQuota":-1,"timeFrameDays":-1,"quantityOrdered":0}}]},"currency":"EUR"},{"lines":{"items":[{"item":{"href":"https://hydraqa.unicity.net/v5a-test/items/e218d1cac5f31e7ae4f5876c29c57377","id":{"unicity":"29017"},"weightEach":{"value":52.8},"servingsPerContainer":60,"servingSize":0},"quantity":1,"terms":{"priceEach":37.29,"taxEach":{"amount":2.24},"discountEach":{"amount":0},"pvEach":23},"quantityLimit":{"quantityQuota":-1,"timeFrameDays":-1,"quantityOrdered":0}}]},"currency":"EUR"},{"lines":{"items":[{"item":{"href":"https://hydraqa.unicity.net/v5a-test/items/3f2d12d7a0e8551fc99fad3bbe1ba633","id":{"unicity":"26567"},"weightEach":{"value":173.46},"servingsPerContainer":60,"servingSize":0},"quantity":1,"terms":{"priceEach":55.98,"taxEach":{"amount":3.36},"discountEach":{"amount":0},"pvEach":26},"quantityLimit":{"quantityQuota":-1,"timeFrameDays":-1,"quantityOrdered":0}}]},"currency":"EUR"},{"lines":{"items":[{"item":{"href":"https://hydraqa.unicity.net/v5a-test/items/191637167cb3144bd2e8c4615e9ab67e","id":{"unicity":"26568"},"weightEach":{"value":198.24},"servingsPerContainer":60,"servingSize":0},"quantity":1,"terms":{"priceEach":55.98,"taxEach":{"amount":3.36},"discountEach":{"amount":0},"pvEach":26},"quantityLimit":{"quantityQuota":-1,"timeFrameDays":-1,"quantityOrdered":0}}]},"currency":"EUR"},{"lines":{"items":[{"item":{"href":"https://hydraqa.unicity.net/v5a-test/items/64ec7ad932acafab052a4e8800ad1238","id":{"unicity":"24758"},"weightEach":{"value":26.89},"servingsPerContainer":30,"servingSize":0},"quantity":1,"terms":{"priceEach":37.29,"taxEach":{"amount":2.24},"discountEach":{"amount":0},"pvEach":23},"quantityLimit":{"quantityQuota":-1,"timeFrameDays":-1,"quantityOrdered":0}}]},"currency":"EUR"},{"lines":{"items":[{"item":{"href":"https://hydraqa.unicity.net/v5a-test/items/2c4c1abe00983e85aaa918d2ce341491","id":{"unicity":"17174"},"weightEach":{"value":49.72},"servingsPerContainer":100,"servingSize":0},"quantity":1,"terms":{"priceEach":37.29,"taxEach":{"amount":2.24},"discountEach":{"amount":0},"pvEach":23},"quantityLimit":{"quantityQuota":-1,"timeFrameDays":-1,"quantityOrdered":0}}]},"currency":"EUR"},{"lines":{"items":[{"item":{"href":"https://hydraqa.unicity.net/v5a-test/items/ab2a2b07b17718843a66bee04ff40624","id":{"unicity":"31402"},"weightEach":{"value":477},"servingsPerContainer":30,"servingSize":0},"quantity":1,"terms":{"priceEach":92.43,"taxEach":{"amount":5.55},"discountEach":{"amount":0},"pvEach":70},"quantityLimit":{"quantityQuota":-1,"timeFrameDays":-1,"quantityOrdered":0}}]},"currency":"EUR"},{"lines":{"items":[{"item":{"href":"https://hydraqa.unicity.net/v5a-test/items/db0a2b02eaabc5ad45fe91ba5c7bcf5a","id":{"unicity":"31772"},"weightEach":{"value":0},"servingsPerContainer":0,"servingSize":0},"quantity":1,"terms":{"priceEach":8.32,"taxEach":{"amount":1.75},"discountEach":{"amount":0},"pvEach":0},"quantityLimit":{"quantityQuota":-1,"timeFrameDays":-1,"quantityOrdered":0}}]},"currency":"EUR"},{"lines":{"items":[{"item":{"href":"https://hydraqa.unicity.net/v5a-test/items/db0a2b02eaabc5ad45fe91ba5c7bcf5a","id":{"unicity":"31772"},"weightEach":{"value":0},"servingsPerContainer":0,"servingSize":0},"quantity":1,"terms":{"priceEach":8.32,"taxEach":{"amount":0},"discountEach":{"amount":0},"pvEach":0},"quantityLimit":{"quantityQuota":-1,"timeFrameDays":-1,"quantityOrdered":0}}]},"currency":"EUR"},{"lines":{"items":[{"item":{"href":"https://hydraqa.unicity.net/v5a-test/items/34c8c6b0f454da738e64265f08c57a72","id":{"unicity":"31777"},"weightEach":{"value":100},"servingsPerContainer":0,"servingSize":0},"quantity":1,"terms":{"priceEach":6.22,"taxEach":{"amount":1.31},"discountEach":{"amount":0},"pvEach":3},"quantityLimit":{"quantityQuota":-1,"timeFrameDays":-1,"quantityOrdered":0}}]},"currency":"EUR"},{"lines":{"items":[{"item":{"href":"https://hydraqa.unicity.net/v5a-test/items/fc8583e3bf463b599fdcce05234bc137","id":{"unicity":"31780"},"weightEach":{"value":275},"servingsPerContainer":0,"servingSize":0},"quantity":1,"terms":{"priceEach":8.32,"taxEach":{"amount":1.75},"discountEach":{"amount":0},"pvEach":4},"quantityLimit":{"quantityQuota":-1,"timeFrameDays":-1,"quantityOrdered":0}}]},"currency":"EUR"},{"lines":{"items":[{"item":{"href":"https://hydraqa.unicity.net/v5a-test/items/7e80331c8c25f515174d3f894283a27c","id":{"unicity":"31781"},"weightEach":{"value":275},"servingsPerContainer":0,"servingSize":0},"quantity":1,"terms":{"priceEach":8.32,"taxEach":{"amount":1.75},"discountEach":{"amount":0},"pvEach":4},"quantityLimit":{"quantityQuota":-1,"timeFrameDays":-1,"quantityOrdered":0}}]},"currency":"EUR"},{"lines":{"items":[{"item":{"href":"https://hydraqa.unicity.net/v5a-test/items/8d3854b47de8e45d6fcdc194dffff601","id":{"unicity":"31782"},"weightEach":{"value":50},"servingsPerContainer":0,"servingSize":0},"quantity":1,"terms":{"priceEach":12.52,"taxEach":{"amount":2.63},"discountEach":{"amount":0},"pvEach":6},"quantityLimit":{"quantityQuota":-1,"timeFrameDays":-1,"quantityOrdered":0}}]},"currency":"EUR"},{"lines":{"items":[{"item":{"href":"https://hydraqa.unicity.net/v5a-test/items/04516be30bd9bf93e01536e7fc8f8716","id":{"unicity":"31779"},"weightEach":{"value":350},"servingsPerContainer":0,"servingSize":0},"quantity":1,"terms":{"priceEach":10,"taxEach":{"amount":2.1},"discountEach":{"amount":0},"pvEach":5},"quantityLimit":{"quantityQuota":-1,"timeFrameDays":-1,"quantityOrdered":0}}]},"currency":"EUR"},{"lines":{"items":[{"item":{"href":"https://hydraqa.unicity.net/v5a-test/items/d7e1dd4b19a8672aed99e591356c0d48","id":{"unicity":"31932"},"weightEach":{"value":180},"servingsPerContainer":0,"servingSize":0},"quantity":1,"terms":{"priceEach":6.22,"taxEach":{"amount":1.31},"discountEach":{"amount":0},"pvEach":3},"quantityLimit":{"quantityQuota":-1,"timeFrameDays":-1,"quantityOrdered":0}}]},"currency":"EUR"},{"lines":{"items":[{"item":{"href":"https://hydraqa.unicity.net/v5a-test/items/1aa00306dc0006d365acd7436548f2e6","id":{"unicity":"31778"},"weightEach":{"value":350},"servingsPerContainer":0,"servingSize":0},"quantity":1,"terms":{"priceEach":12.52,"taxEach":{"amount":2.63},"discountEach":{"amount":0},"pvEach":6},"quantityLimit":{"quantityQuota":-1,"timeFrameDays":-1,"quantityOrdered":0}}]},"currency":"EUR"},{"lines":{"items":[{"item":{"href":"https://hydraqa.unicity.net/v5a-test/items/4fc6de0cb7817f39a836ff08609b8539","id":{"unicity":"32556"},"weightEach":{"value":0},"servingsPerContainer":0,"servingSize":0},"quantity":1,"terms":{"priceEach":2.44,"taxEach":{"amount":0.51},"discountEach":{"amount":0},"pvEach":0},"quantityLimit":{"quantityQuota":-1,"timeFrameDays":-1,"quantityOrdered":0}}]},"currency":"EUR"},{"lines":{"items":[{"item":{"href":"https://hydraqa.unicity.net/v5a-test/items/2262fdd5af916c31df08089c191735c1","id":{"unicity":"29317"},"weightEach":{"value":0},"servingsPerContainer":0,"servingSize":0},"quantity":1,"terms":{"priceEach":25.21,"taxEach":{"amount":5.29},"discountEach":{"amount":0},"pvEach":0},"quantityLimit":{"quantityQuota":-1,"timeFrameDays":-1,"quantityOrdered":0}}]},"currency":"EUR"},{"lines":{"items":[{"item":{"href":"https://hydraqa.unicity.net/v5a-test/items/34c53e6d4cce0f8a72327d86c3ef04cb","id":{"unicity":"30103"},"weightEach":{"value":0},"servingsPerContainer":0,"servingSize":0},"quantity":1,"terms":{"priceEach":25.21,"taxEach":{"amount":5.29},"discountEach":{"amount":0},"pvEach":0},"quantityLimit":{"quantityQuota":-1,"timeFrameDays":-1,"quantityOrdered":0}}]},"currency":"EUR"},{"lines":{"items":[{"item":{"href":"https://hydraqa.unicity.net/v5a-test/items/217ca02fbd24e21ca5281412756238ab","id":{"unicity":"32126"},"weightEach":{"value":0},"servingsPerContainer":0,"servingSize":0},"quantity":1,"terms":{"priceEach":152.24,"taxEach":{"amount":10.38},"discountEach":{"amount":0},"pvEach":101},"quantityLimit":{"quantityQuota":-1,"timeFrameDays":-1,"quantityOrdered":0}}]},"currency":"EUR"},{"lines":{"items":[{"item":{"href":"https://hydraqa.unicity.net/v5a-test/items/808008a0657d2033ad471c39bbce9891","id":{"unicity":"32127"},"weightEach":{"value":0},"servingsPerContainer":0,"servingSize":0},"quantity":1,"terms":{"priceEach":162.34,"taxEach":{"amount":10.99},"discountEach":{"amount":0},"pvEach":113},"quantityLimit":{"quantityQuota":-1,"timeFrameDays":-1,"quantityOrdered":0}}]},"currency":"EUR"},{"lines":{"items":[{"item":{"href":"https://hydraqa.unicity.net/v5a-test/items/b8b378af3db7294d17181dbec563c0fa","id":{"unicity":"32197"},"weightEach":{"value":0},"servingsPerContainer":0,"servingSize":0},"quantity":1,"terms":{"priceEach":347.57,"taxEach":{"amount":20.85},"discountEach":{"amount":0},"pvEach":250},"quantityLimit":{"quantityQuota":-1,"timeFrameDays":-1,"quantityOrdered":0}}]},"currency":"EUR"},{"lines":{"items":[{"item":{"href":"https://hydraqa.unicity.net/v5a-test/items/27877610c0dfffbb380736f326d57748","id":{"unicity":"32196"},"weightEach":{"value":0},"servingsPerContainer":0,"servingSize":0},"quantity":1,"terms":{"priceEach":154.11,"taxEach":{"amount":9.25},"discountEach":{"amount":0},"pvEach":116},"quantityLimit":{"quantityQuota":-1,"timeFrameDays":-1,"quantityOrdered":0}}]},"currency":"EUR"},{"lines":{"items":[{"item":{"href":"https://hydraqa.unicity.net/v5a-test/items/2f1d0aa90494ae2e08035922c701f968","id":{"unicity":"29832"},"weightEach":{"value":0},"servingsPerContainer":0,"servingSize":0},"quantity":1,"terms":{"priceEach":47.57,"taxEach":{"amount":2.85},"discountEach":{"amount":0},"pvEach":39},"quantityLimit":{"quantityQuota":-1,"timeFrameDays":-1,"quantityOrdered":0}}]},"currency":"EUR"},{"lines":{"items":[{"item":{"href":"https://hydraqa.unicity.net/v5a-test/items/10df0fc3509b53cbeaeb9476ca92d520","id":{"unicity":"29833"},"weightEach":{"value":0},"servingsPerContainer":0,"servingSize":0},"quantity":1,"terms":{"priceEach":90.56,"taxEach":{"amount":5.43},"discountEach":{"amount":0},"pvEach":69},"quantityLimit":{"quantityQuota":-1,"timeFrameDays":-1,"quantityOrdered":0}}]},"currency":"EUR"},{"lines":{"items":[{"item":{"href":"https://hydraqa.unicity.net/v5a-test/items/b90fda77fbdf07131e0e60b87941cf76","id":{"unicity":"32755"},"weightEach":{"value":0},"servingsPerContainer":0,"servingSize":0},"quantity":1,"terms":{"priceEach":758.54,"taxEach":{"amount":45.51},"discountEach":{"amount":0},"pvEach":503},"quantityLimit":{"quantityQuota":-1,"timeFrameDays":-1,"quantityOrdered":0}}]},"currency":"EUR"},{"lines":{"items":[{"item":{"href":"https://hydraqa.unicity.net/v5a-test/items/3ab3ce55100f6593f04ec4a0d328a0b5","id":{"unicity":"32756"},"weightEach":{"value":0},"servingsPerContainer":0,"servingSize":0},"quantity":1,"terms":{"priceEach":1517.09,"taxEach":{"amount":91.03},"discountEach":{"amount":0},"pvEach":1006},"quantityLimit":{"quantityQuota":-1,"timeFrameDays":-1,"quantityOrdered":0}}]},"currency":"EUR"},{"lines":{"items":[{"item":{"href":"https://hydraqa.unicity.net/v5a-test/items/36c1237572a0cc563fad27fcfd6abcf1","id":{"unicity":"32967"},"weightEach":{"value":0},"servingsPerContainer":0,"servingSize":0},"quantity":1,"terms":{"priceEach":1136.56,"taxEach":{"amount":68.19},"discountEach":{"amount":0},"pvEach":800},"quantityLimit":{"quantityQuota":-1,"timeFrameDays":-1,"quantityOrdered":0}}]},"currency":"EUR"},{"lines":{"items":[{"item":{"href":"https://hydraqa.unicity.net/v5a-test/items/db0a2b02eaabc5ad45fe91ba5c7bcf5a","id":{"unicity":"31772"},"weightEach":{"value":0},"servingsPerContainer":0,"servingSize":0},"quantity":1,"terms":{"priceEach":8.32,"taxEach":{"amount":0},"discountEach":{"amount":0},"pvEach":0},"quantityLimit":{"quantityQuota":-1,"timeFrameDays":-1,"quantityOrdered":0}}]},"currency":"EUR"},{"lines":{"items":[{"item":{"href":"https://hydraqa.unicity.net/v5a-test/items/817e062d5600cad31f527fbfa764a0fa","id":{"unicity":"32968"},"weightEach":{"value":0},"servingsPerContainer":0,"servingSize":0},"quantity":1,"terms":{"priceEach":2273.12,"taxEach":{"amount":136.39},"discountEach":{"amount":0},"pvEach":1600},"quantityLimit":{"quantityQuota":-1,"timeFrameDays":-1,"quantityOrdered":0}}]},"currency":"EUR"},{"lines":{"items":[{"item":{"href":"https://hydraqa.unicity.net/v5a-test/items/81b61d497458d50a6893cf18a065539c","id":{"unicity":"32965"},"weightEach":{"value":0},"servingsPerContainer":0,"servingSize":0},"quantity":1,"terms":{"priceEach":690.84,"taxEach":{"amount":41.45},"discountEach":{"amount":0},"pvEach":456},"quantityLimit":{"quantityQuota":-1,"timeFrameDays":-1,"quantityOrdered":0}}]},"currency":"EUR"},{"lines":{"items":[{"item":{"href":"https://hydraqa.unicity.net/v5a-test/items/ab1f0744e0ce56260af7928f7bf04478","id":{"unicity":"32966"},"weightEach":{"value":0},"servingsPerContainer":0,"servingSize":0},"quantity":1,"terms":{"priceEach":1381.68,"taxEach":{"amount":82.9},"discountEach":{"amount":0},"pvEach":912},"quantityLimit":{"quantityQuota":-1,"timeFrameDays":-1,"quantityOrdered":0}}]},"currency":"EUR"},{"lines":{"items":[{"item":{"href":"https://hydraqa.unicity.net/v5a-test/items/58e7168401d71c82f1e48d571de1c382","id":{"unicity":"33089"},"weightEach":{"value":0},"servingsPerContainer":0,"servingSize":0},"quantity":1,"terms":{"priceEach":145.81,"taxEach":{"amount":8.75},"discountEach":{"amount":0},"pvEach":102},"quantityLimit":{"quantityQuota":-1,"timeFrameDays":-1,"quantityOrdered":0}}]},"currency":"EUR"},{"lines":{"items":[{"item":{"href":"https://hydraqa.unicity.net/v5a-test/items/db905e16eb8a38239f98b250a2f82218","id":{"unicity":"33090"},"weightEach":{"value":0},"servingsPerContainer":0,"servingSize":0},"quantity":1,"terms":{"priceEach":138.24,"taxEach":{"amount":8.29},"discountEach":{"amount":0},"pvEach":89},"quantityLimit":{"quantityQuota":-1,"timeFrameDays":-1,"quantityOrdered":0}}]},"currency":"EUR"},{"lines":{"items":[{"item":{"href":"https://hydraqa.unicity.net/v5a-test/items/4874933b9949b0350340e36383df5e69","id":{"unicity":"33091"},"weightEach":{"value":0},"servingsPerContainer":0,"servingSize":0},"quantity":1,"terms":{"priceEach":168.65,"taxEach":{"amount":10.12},"discountEach":{"amount":0},"pvEach":120},"quantityLimit":{"quantityQuota":-1,"timeFrameDays":-1,"quantityOrdered":0}}]},"currency":"EUR"},{"lines":{"items":[{"item":{"href":"https://hydraqa.unicity.net/v5a-test/items/2faa0a2bcdeed39b7569e085fe880a23","id":{"unicity":"33097"},"weightEach":{"value":0},"servingsPerContainer":0,"servingSize":0},"quantity":1,"terms":{"priceEach":703.21,"taxEach":{"amount":42.19},"discountEach":{"amount":0},"pvEach":500},"quantityLimit":{"quantityQuota":-1,"timeFrameDays":-1,"quantityOrdered":0}}]},"currency":"EUR"},{"lines":{"items":[{"item":{"href":"https://hydraqa.unicity.net/v5a-test/items/3196d0b751f9119076e364a1cb03fa18","id":{"unicity":"33095"},"weightEach":{"value":0},"servingsPerContainer":0,"servingSize":0},"quantity":1,"terms":{"priceEach":740.99,"taxEach":{"amount":44.46},"discountEach":{"amount":0},"pvEach":514},"quantityLimit":{"quantityQuota":-1,"timeFrameDays":-1,"quantityOrdered":0}}]},"currency":"EUR"},{"lines":{"items":[{"item":{"href":"https://hydraqa.unicity.net/v5a-test/items/9c43de3dc98337bf964013caa56e3e98","id":{"unicity":"33098"},"weightEach":{"value":0},"servingsPerContainer":0,"servingSize":0},"quantity":1,"terms":{"priceEach":1406.42,"taxEach":{"amount":84.39},"discountEach":{"amount":0},"pvEach":1000},"quantityLimit":{"quantityQuota":-1,"timeFrameDays":-1,"quantityOrdered":0}}]},"currency":"EUR"},{"lines":{"items":[{"item":{"href":"https://hydraqa.unicity.net/v5a-test/items/bdcb8e96238e2243278e5627f9a5f893","id":{"unicity":"33096"},"weightEach":{"value":0},"servingsPerContainer":0,"servingSize":0},"quantity":1,"terms":{"priceEach":1481.98,"taxEach":{"amount":88.92},"discountEach":{"amount":0},"pvEach":1028},"quantityLimit":{"quantityQuota":-1,"timeFrameDays":-1,"quantityOrdered":0}}]},"currency":"EUR"},{"lines":{"items":[{"item":{"href":"https://hydraqa.unicity.net/v5a-test/items/db0a2b02eaabc5ad45fe91ba5c7bcf5a","id":{"unicity":"31772"},"weightEach":{"value":0},"servingsPerContainer":0,"servingSize":0},"quantity":1,"terms":{"priceEach":8.32,"taxEach":{"amount":0},"discountEach":{"amount":0},"pvEach":0},"quantityLimit":{"quantityQuota":-1,"timeFrameDays":-1,"quantityOrdered":0}}]},"currency":"EUR"},{"lines":{"items":[{"item":{"href":"https://hydraqa.unicity.net/v5a-test/items/332daeac6796ed016ea8b7d0bc42c2d4","id":{"unicity":"24274"},"weightEach":{"value":0},"servingsPerContainer":0,"servingSize":0},"quantity":1,"terms":{"priceEach":7.48,"taxEach":{"amount":1.57},"discountEach":{"amount":0},"pvEach":0},"quantityLimit":{"quantityQuota":-1,"timeFrameDays":-1,"quantityOrdered":0}}]},"currency":"EUR"},{"lines":{"items":[{"item":{"href":"https://hydraqa.unicity.net/v5a-test/items/1945faa1776541d53120ecfe3c1d8a2b","id":{"unicity":"24418"},"weightEach":{"value":0},"servingsPerContainer":0,"servingSize":0},"quantity":1,"terms":{"priceEach":4.96,"taxEach":{"amount":1.04},"discountEach":{"amount":0},"pvEach":0},"quantityLimit":{"quantityQuota":-1,"timeFrameDays":-1,"quantityOrdered":0}}]},"currency":"EUR"},{"lines":{"items":[{"item":{"href":"https://hydraqa.unicity.net/v5a-test/items/10da226fab00279b4f89df10af2a10b7","id":{"unicity":"26442"},"weightEach":{"value":0},"servingsPerContainer":0,"servingSize":0},"quantity":1,"terms":{"priceEach":5.8,"taxEach":{"amount":1.22},"discountEach":{"amount":0},"pvEach":0},"quantityLimit":{"quantityQuota":-1,"timeFrameDays":-1,"quantityOrdered":0}}]},"currency":"EUR"},{"lines":{"items":[{"item":{"href":"https://hydraqa.unicity.net/v5a-test/items/5147f8cfe32548e02fc158d4da9c4d6f","id":{"unicity":"27150"},"weightEach":{"value":0},"servingsPerContainer":0,"servingSize":0},"quantity":1,"terms":{"priceEach":93.36,"taxEach":{"amount":5.6},"discountEach":{"amount":0},"pvEach":70},"quantityLimit":{"quantityQuota":-1,"timeFrameDays":-1,"quantityOrdered":0}}]},"currency":"EUR"},{"lines":{"items":[{"item":{"href":"https://hydraqa.unicity.net/v5a-test/items/03eba2365025ccd85818846a83a16f47","id":{"unicity":"27163"},"weightEach":{"value":258},"servingsPerContainer":30,"servingSize":0},"quantity":1,"terms":{"priceEach":74.67,"taxEach":{"amount":4.48},"discountEach":{"amount":0},"pvEach":54},"quantityLimit":{"quantityQuota":-1,"timeFrameDays":-1,"quantityOrdered":0}}]},"currency":"EUR"},{"lines":{"items":[{"item":{"href":"https://hydraqa.unicity.net/v5a-test/items/7d4ad2792f7056e5f81eb24f118ef737","id":{"unicity":"27575"},"weightEach":{"value":1104},"servingsPerContainer":30,"servingSize":0},"quantity":1,"terms":{"priceEach":55.98,"taxEach":{"amount":3.36},"discountEach":{"amount":0},"pvEach":34},"quantityLimit":{"quantityQuota":-1,"timeFrameDays":-1,"quantityOrdered":0}}]},"currency":"EUR"},{"lines":{"items":[{"item":{"href":"https://hydraqa.unicity.net/v5a-test/items/4790a55c442b5dc75a13b155e78c1842","id":{"unicity":"28604"},"weightEach":{"value":0},"servingsPerContainer":0,"servingSize":0},"quantity":1,"terms":{"priceEach":74.67,"taxEach":{"amount":4.48},"discountEach":{"amount":0},"pvEach":54},"quantityLimit":{"quantityQuota":-1,"timeFrameDays":-1,"quantityOrdered":0}}]},"currency":"EUR"},{"lines":{"items":[{"item":{"href":"https://hydraqa.unicity.net/v5a-test/items/606f7be753c74dfbfe4b107276775140","id":{"unicity":"29821"},"weightEach":{"value":133.5},"servingsPerContainer":30,"servingSize":0},"quantity":1,"terms":{"priceEach":79.35,"taxEach":{"amount":4.76},"discountEach":{"amount":0},"pvEach":59},"quantityLimit":{"quantityQuota":-1,"timeFrameDays":-1,"quantityOrdered":0}}]},"currency":"EUR"},{"lines":{"items":[{"item":{"href":"https://hydraqa.unicity.net/v5a-test/items/94939f9be900906d2b47260ccba22a7b","id":{"unicity":"32012"},"weightEach":{"value":420},"servingsPerContainer":20,"servingSize":0},"quantity":1,"terms":{"priceEach":13.93,"taxEach":{"amount":0.84},"discountEach":{"amount":0},"pvEach":6},"quantityLimit":{"quantityQuota":-1,"timeFrameDays":-1,"quantityOrdered":0}}]},"currency":"EUR"},{"lines":{"items":[{"item":{"href":"https://hydraqa.unicity.net/v5a-test/items/991cdbb84a495779eb209fb3956a77e4","id":{"unicity":"29183"},"weightEach":{"value":50},"servingsPerContainer":0,"servingSize":0},"quantity":1,"terms":{"priceEach":31.01,"taxEach":{"amount":6.51},"discountEach":{"amount":0},"pvEach":18},"quantityLimit":{"quantityQuota":-1,"timeFrameDays":-1,"quantityOrdered":0}}]},"currency":"EUR"},{"lines":{"items":[{"item":{"href":"https://hydraqa.unicity.net/v5a-test/items/db0a2b02eaabc5ad45fe91ba5c7bcf5a","id":{"unicity":"31772"},"weightEach":{"value":0},"servingsPerContainer":0,"servingSize":0},"quantity":1,"terms":{"priceEach":8.32,"taxEach":{"amount":0},"discountEach":{"amount":0},"pvEach":0},"quantityLimit":{"quantityQuota":-1,"timeFrameDays":-1,"quantityOrdered":0}}]},"currency":"EUR"},{"lines":{"items":[{"item":{"href":"https://hydraqa.unicity.net/v5a-test/items/0e78fbdfebef11cd62f8d2120064ee58","id":{"unicity":"30280"},"weightEach":{"value":30},"servingsPerContainer":0,"servingSize":0},"quantity":1,"terms":{"priceEach":33.53,"taxEach":{"amount":7.04},"discountEach":{"amount":0},"pvEach":20},"quantityLimit":{"quantityQuota":-1,"timeFrameDays":-1,"quantityOrdered":0}}]},"currency":"EUR"},{"lines":{"items":[{"item":{"href":"https://hydraqa.unicity.net/v5a-test/items/beb900429fbb160dbfc3001c14d96df4","id":{"unicity":"29187"},"weightEach":{"value":30},"servingsPerContainer":0,"servingSize":0},"quantity":1,"terms":{"priceEach":37.73,"taxEach":{"amount":7.92},"discountEach":{"amount":0},"pvEach":24},"quantityLimit":{"quantityQuota":-1,"timeFrameDays":-1,"quantityOrdered":0}}]},"currency":"EUR"},{"lines":{"items":[{"item":{"href":"https://hydraqa.unicity.net/v5a-test/items/1b0412bea8c0b841c66f65a36aa14108","id":{"unicity":"29191"},"weightEach":{"value":30},"servingsPerContainer":0,"servingSize":0},"quantity":1,"terms":{"priceEach":37.73,"taxEach":{"amount":7.92},"discountEach":{"amount":0},"pvEach":24},"quantityLimit":{"quantityQuota":-1,"timeFrameDays":-1,"quantityOrdered":0}}]},"currency":"EUR"},{"lines":{"items":[{"item":{"href":"https://hydraqa.unicity.net/v5a-test/items/52c87f74d3b41ed49b0f897b66c2a99b","id":{"unicity":"30684"},"weightEach":{"value":450},"servingsPerContainer":30,"servingSize":0},"quantity":1,"terms":{"priceEach":37.29,"taxEach":{"amount":2.24},"discountEach":{"amount":0},"pvEach":23},"quantityLimit":{"quantityQuota":-1,"timeFrameDays":-1,"quantityOrdered":0}}]},"currency":"EUR"},{"lines":{"items":[{"item":{"href":"https://hydraqa.unicity.net/v5a-test/items/90f38f77c9e6ea5a71aa7377df83760b","id":{"unicity":"30198"},"weightEach":{"value":0},"servingsPerContainer":0,"servingSize":0},"quantity":1,"terms":{"priceEach":19,"taxEach":{"amount":1.14},"discountEach":{"amount":0},"pvEach":16},"quantityLimit":{"quantityQuota":-1,"timeFrameDays":-1,"quantityOrdered":0}}]},"currency":"EUR"},{"lines":{"items":[{"item":{"href":"https://hydraqa.unicity.net/v5a-test/items/7e5e7df32701fd44947c8146f2129f7a","id":{"unicity":"31672"},"weightEach":{"value":270},"servingsPerContainer":15,"servingSize":0},"quantity":1,"terms":{"priceEach":74.67,"taxEach":{"amount":4.48},"discountEach":{"amount":0},"pvEach":54},"quantityLimit":{"quantityQuota":-1,"timeFrameDays":-1,"quantityOrdered":0}}]},"currency":"EUR"},{"lines":{"items":[{"item":{"href":"https://hydraqa.unicity.net/v5a-test/items/493c2ba720f847422eccc5da35024f33","id":{"unicity":"31534"},"weightEach":{"value":95},"servingsPerContainer":60,"servingSize":0},"quantity":1,"terms":{"priceEach":26.07,"taxEach":{"amount":1.56},"discountEach":{"amount":0},"pvEach":16},"quantityLimit":{"quantityQuota":-1,"timeFrameDays":-1,"quantityOrdered":0}}]},"currency":"EUR"},{"lines":{"items":[{"item":{"href":"https://hydraqa.unicity.net/v5a-test/items/bfddb53fe0d5ed5432c531dc9850cbe4","id":{"unicity":"29449"},"weightEach":{"value":60},"servingsPerContainer":30,"servingSize":0},"quantity":1,"terms":{"priceEach":26.07,"taxEach":{"amount":1.56},"discountEach":{"amount":0},"pvEach":16},"quantityLimit":{"quantityQuota":-1,"timeFrameDays":-1,"quantityOrdered":0}}]},"currency":"EUR"},{"lines":{"items":[{"item":{"href":"https://hydraqa.unicity.net/v5a-test/items/fbb6dbd577adb73abaec364076fb288f","id":{"unicity":"32087"},"weightEach":{"value":600},"servingsPerContainer":10,"servingSize":0},"quantity":1,"terms":{"priceEach":20.47,"taxEach":{"amount":1.23},"discountEach":{"amount":0},"pvEach":9},"quantityLimit":{"quantityQuota":-1,"timeFrameDays":-1,"quantityOrdered":0}}]},"currency":"EUR"},{"lines":{"items":[{"item":{"href":"https://hydraqa.unicity.net/v5a-test/items/1f59b10f0bef99fa20e4b9b0b4efea88","id":{"unicity":"32333"},"weightEach":{"value":0},"servingsPerContainer":0,"servingSize":0},"quantity":1,"terms":{"priceEach":9.16,"taxEach":{"amount":1.92},"discountEach":{"amount":0},"pvEach":0},"quantityLimit":{"quantityQuota":-1,"timeFrameDays":-1,"quantityOrdered":0}}]},"currency":"EUR"},{"lines":{"items":[{"item":{"href":"https://hydraqa.unicity.net/v5a-test/items/592aef9ec417f4553dc0b62a91a1f5e0","id":{"unicity":"32330"},"weightEach":{"value":0},"servingsPerContainer":0,"servingSize":0},"quantity":1,"terms":{"priceEach":93.36,"taxEach":{"amount":5.6},"discountEach":{"amount":0},"pvEach":55},"quantityLimit":{"quantityQuota":-1,"timeFrameDays":-1,"quantityOrdered":0}}]},"currency":"EUR"},{"lines":{"items":[{"item":{"href":"https://hydraqa.unicity.net/v5a-test/items/87dd58dff9eb54a10b652443e7279a1e","id":{"unicity":"32693"},"weightEach":{"value":0},"servingsPerContainer":0,"servingSize":0},"quantity":1,"terms":{"priceEach":79.35,"taxEach":{"amount":4.76},"discountEach":{"amount":0},"pvEach":59},"quantityLimit":{"quantityQuota":-1,"timeFrameDays":-1,"quantityOrdered":0}}]},"currency":"EUR"},{"lines":{"items":[{"item":{"href":"https://hydraqa.unicity.net/v5a-test/items/1bd53de7fe880ba71f46c9976ca2c137","id":{"unicity":"27739"},"weightEach":{"value":0},"servingsPerContainer":0,"servingSize":0},"quantity":1,"terms":{"priceEach":37.29,"taxEach":{"amount":2.24},"discountEach":{"amount":0},"pvEach":23},"quantityLimit":{"quantityQuota":-1,"timeFrameDays":-1,"quantityOrdered":0}}]},"currency":"EUR"}]}
Entry request : {"order":{"customer":{"href":"https://hydraqa.unicity.net/v5a-test/customers?type=Associate"},"shipToAddress":{"country":"BE"}},"vary":{"lines":{"items":[{"item":{"href":"https://hydraqa.unicity.net/v5a-test/items?id.unicity=26422|27158|27160|27166|31763|31951|31952|32128|32129|32130|32132|32133|32134|32135|32136|32137|32138|32125|33006|32699|33092|33094|33093|18511|27156|27617|27660|27585|27587|28601|27395|15880|26560|29017|26567|26568|24758|17174|31402|31772|31777|31780|31781|31782|31779|31932|31778|32556|29317|30103|32126|32127|32197|32196|29832|29833|31628|32755|32756|32967|32968|32965|32966|33089|33090|33091|33097|33095|33098|33096|24274|24418|26442|27150|27163|27575|28604|29821|32012|29183|30280|29187|29191|30684|30198|31672|31534|29449|32087|32333|32330|32693|27739"}}]}}}
Total Pv Greater then 500 - 615
[https://hydraqa.unicity.net/v5a-test/items?id.unicity=32126, https://hydraqa.unicity.net/v5a-test/items?id.unicity=33095]
Request URL: https://hydraqa.unicity.net/v5a-test/customers.js?callback=angular.callbacks._1&expand=customer,profilePicture&id.unicity=2
Request URL: https://hydraqa.unicity.net/v5a-test/customers.js?_httpMethod=HEAD&callback=angular.callbacks._7&email=HSYQQN@gmail.com
Request URL: https://hydraqa.unicity.net/v5a-test/shippingmethods.js?callback=angular.callbacks._a&destination=BE&market=BE
]]></system-out>
    <system-err><![CDATA[Starting ChromeDriver 2.36.540470 (e522d04694c7ebea4ba8821272dbef4f9b818c91) on port 46735
Only local connections are allowed.
Oct 13, 2020 10:01:54 AM org.openqa.selenium.remote.ProtocolHandshake createSession
INFO: Detected dialect: OSS
]]></system-err>
  </testcase>
  <testcase name="Enroll" classname="Tests.FranchisePartner" time="331.266"/>
  <testcase name="Enroll" classname="Tests.FranchisePartner" time="93.411">
    <failure message="Major Customization error" type="java.lang.AssertionError">java.lang.AssertionError: Major Customization error
	at Tests.FranchisePartner.Enroll(FranchisePartner.java:249)
</failure>
    <system-out><![CDATA[Request URL: https://hydraqa.unicity.net/v5a-test/quotes?&expand=item
Entry Quotes response : {"items":[{"lines":{"items":[{"item":{"href":"https://hydraqa.unicity.net/v5a-test/items/bb1a7c3a2902e2cbc4cb2a22fdf1f499","id":{"unicity":"26993"}},"quantity":1,"terms":{"priceEach":250,"taxEach":{"amount":0},"discountEach":{"amount":0},"pvEach":150},"quantityLimit":{"quantityQuota":-1,"timeFrameDays":-1,"quantityOrdered":0}}]},"currency":"CAD"},{"lines":{"items":[{"item":{"href":"https://hydraqa.unicity.net/v5a-test/items/3ddd31ddbe0e5807756d2488e7cc3602","id":{"unicity":"31440"}},"quantity":1,"terms":{"priceEach":40,"taxEach":{"amount":0},"discountEach":{"amount":0},"pvEach":0},"quantityLimit":{"quantityQuota":-1,"timeFrameDays":-1,"quantityOrdered":0}}]},"currency":"CAD"},{"lines":{"items":[{"item":{"href":"https://hydraqa.unicity.net/v5a-test/items/5990c3ea5f48eb212ab30fd557f75397","id":{"unicity":"31442"}},"quantity":1,"terms":{"priceEach":40,"taxEach":{"amount":0},"discountEach":{"amount":0},"pvEach":0},"quantityLimit":{"quantityQuota":-1,"timeFrameDays":-1,"quantityOrdered":0}}]},"currency":"CAD"},{"lines":{"items":[{"item":{"href":"https://hydraqa.unicity.net/v5a-test/items/576e0ebc8d1f5b26fc89bf3cd47a26c6","id":{"unicity":"26572"}},"quantity":1,"terms":{"priceEach":96,"taxEach":{"amount":0},"discountEach":{"amount":0},"pvEach":56},"quantityLimit":{"quantityQuota":-1,"timeFrameDays":-1,"quantityOrdered":0}}]},"currency":"CAD"},{"lines":{"items":[{"item":{"href":"https://hydraqa.unicity.net/v5a-test/items/46ea1edabdcf18f49817c437346958eb","id":{"unicity":"29147"}},"quantity":1,"terms":{"priceEach":74,"taxEach":{"amount":0},"discountEach":{"amount":0},"pvEach":33},"quantityLimit":{"quantityQuota":-1,"timeFrameDays":-1,"quantityOrdered":0}}]},"currency":"CAD"},{"lines":{"items":[{"item":{"href":"https://hydraqa.unicity.net/v5a-test/items/e77144fa2fcf6a4dc73c15b4d615c1aa","id":{"unicity":"28437"}},"quantity":1,"terms":{"priceEach":74,"taxEach":{"amount":0},"discountEach":{"amount":0},"pvEach":33},"quantityLimit":{"quantityQuota":-1,"timeFrameDays":-1,"quantityOrdered":0}}]},"currency":"CAD"},{"lines":{"items":[{"item":{"href":"https://hydraqa.unicity.net/v5a-test/items/8407b62b9c4120aa3dfe25c9feb76e4a","id":{"unicity":"28591"}},"quantity":1,"terms":{"priceEach":21,"taxEach":{"amount":0},"discountEach":{"amount":0},"pvEach":15},"quantityLimit":{"quantityQuota":-1,"timeFrameDays":-1,"quantityOrdered":0}}]},"currency":"CAD"},{"lines":{"items":[{"item":{"href":"https://hydraqa.unicity.net/v5a-test/items/10da226fab00279b4f89df10af2a10b7","id":{"unicity":"26442"}},"quantity":1,"terms":{"priceEach":9,"taxEach":{"amount":0},"discountEach":{"amount":0},"pvEach":0},"quantityLimit":{"quantityQuota":-1,"timeFrameDays":-1,"quantityOrdered":0}}]},"currency":"CAD"},{"lines":{"items":[{"item":{"href":"https://hydraqa.unicity.net/v5a-test/items/60b5ca15c481444657970edde11b04ce","id":{"unicity":"26571"}},"quantity":1,"terms":{"priceEach":96,"taxEach":{"amount":0},"discountEach":{"amount":0},"pvEach":56},"quantityLimit":{"quantityQuota":-1,"timeFrameDays":-1,"quantityOrdered":0}}]},"currency":"CAD"},{"lines":{"items":[{"item":{"href":"https://hydraqa.unicity.net/v5a-test/items/1785a19a6bf5472c7c1ded08cb7fd083","id":{"unicity":"28326"}},"quantity":1,"terms":{"priceEach":1755,"taxEach":{"amount":0},"discountEach":{"amount":0},"pvEach":1000},"quantityLimit":{"quantityQuota":-1,"timeFrameDays":-1,"quantityOrdered":0}}]},"currency":"CAD"},{"lines":{"items":[{"item":{"href":"https://hydraqa.unicity.net/v5a-test/items/4b1b6b6007d154296fd6c4044c789f67","id":{"unicity":"28329"}},"quantity":1,"terms":{"priceEach":250,"taxEach":{"amount":0},"discountEach":{"amount":0},"pvEach":150},"quantityLimit":{"quantityQuota":-1,"timeFrameDays":-1,"quantityOrdered":0}}]},"currency":"CAD"},{"lines":{"items":[{"item":{"href":"https://hydraqa.unicity.net/v5a-test/items/2ffc1563d3d0fd7121ca5b1c2184988e","id":{"unicity":"28428"}},"quantity":1,"terms":{"priceEach":97,"taxEach":{"amount":0},"discountEach":{"amount":0},"pvEach":62},"quantityLimit":{"quantityQuota":-1,"timeFrameDays":-1,"quantityOrdered":0}}]},"currency":"CAD"},{"lines":{"items":[{"item":{"href":"https://hydraqa.unicity.net/v5a-test/items/637af131553f5822bef2bb0f0577b2e9","id":{"unicity":"28160"}},"quantity":1,"terms":{"priceEach":103,"taxEach":{"amount":0},"discountEach":{"amount":0},"pvEach":62},"quantityLimit":{"quantityQuota":-1,"timeFrameDays":-1,"quantityOrdered":0}}]},"currency":"CAD"},{"lines":{"items":[{"item":{"href":"https://hydraqa.unicity.net/v5a-test/items/c4744f6ba328b983bfffc7e1e4416ff3","id":{"unicity":"26565"}},"quantity":1,"terms":{"priceEach":102,"taxEach":{"amount":0},"discountEach":{"amount":0},"pvEach":64},"quantityLimit":{"quantityQuota":-1,"timeFrameDays":-1,"quantityOrdered":0}}]},"currency":"CAD"},{"lines":{"items":[{"item":{"href":"https://hydraqa.unicity.net/v5a-test/items/fe97499574f54ccd16daec7361208411","id":{"unicity":"26570"}},"quantity":1,"terms":{"priceEach":23,"taxEach":{"amount":0},"discountEach":{"amount":0},"pvEach":13},"quantityLimit":{"quantityQuota":-1,"timeFrameDays":-1,"quantityOrdered":0}}]},"currency":"CAD"},{"lines":{"items":[{"item":{"href":"https://hydraqa.unicity.net/v5a-test/items/ae14f4659032c9e8591a7ac76abd1ad5","id":{"unicity":"26569"}},"quantity":1,"terms":{"priceEach":44,"taxEach":{"amount":0},"discountEach":{"amount":0},"pvEach":30},"quantityLimit":{"quantityQuota":-1,"timeFrameDays":-1,"quantityOrdered":0}}]},"currency":"CAD"},{"lines":{"items":[{"item":{"href":"https://hydraqa.unicity.net/v5a-test/items/351c19047c5c800d2db6963b3af5df78","id":{"unicity":"27080"}},"quantity":1,"terms":{"priceEach":58,"taxEach":{"amount":0},"discountEach":{"amount":0},"pvEach":35},"quantityLimit":{"quantityQuota":-1,"timeFrameDays":-1,"quantityOrdered":0}}]},"currency":"CAD"},{"lines":{"items":[{"item":{"href":"https://hydraqa.unicity.net/v5a-test/items/f847ce37f5942a226f74e671c86709f8","id":{"unicity":"28787"}},"quantity":1,"terms":{"priceEach":33,"taxEach":{"amount":0},"discountEach":{"amount":0},"pvEach":17},"quantityLimit":{"quantityQuota":-1,"timeFrameDays":-1,"quantityOrdered":0}}]},"currency":"CAD"},{"lines":{"items":[{"item":{"href":"https://hydraqa.unicity.net/v5a-test/items/b24413d1812bb9c95ba6ff7e26bad8ff","id":{"unicity":"26566"}},"quantity":1,"terms":{"priceEach":47,"taxEach":{"amount":0},"discountEach":{"amount":0},"pvEach":32},"quantityLimit":{"quantityQuota":-1,"timeFrameDays":-1,"quantityOrdered":0}}]},"currency":"CAD"},{"lines":{"items":[{"item":{"href":"https://hydraqa.unicity.net/v5a-test/items/6e0e7450f45cb9412e5b4642dd1469cb","id":{"unicity":"26579"}},"quantity":1,"terms":{"priceEach":21,"taxEach":{"amount":0},"discountEach":{"amount":0},"pvEach":13},"quantityLimit":{"quantityQuota":-1,"timeFrameDays":-1,"quantityOrdered":0}}]},"currency":"CAD"},{"lines":{"items":[{"item":{"href":"https://hydraqa.unicity.net/v5a-test/items/828f9b5bdbceaa7cd3ca6a4532632635","id":{"unicity":"19356"}},"quantity":1,"terms":{"priceEach":36,"taxEach":{"amount":0},"discountEach":{"amount":0},"pvEach":21},"quantityLimit":{"quantityQuota":-1,"timeFrameDays":-1,"quantityOrdered":0}}]},"currency":"CAD"},{"lines":{"items":[{"item":{"href":"https://hydraqa.unicity.net/v5a-test/items/cb1cb2d293cc48affee9b2026c31313a","id":{"unicity":"28928"}},"quantity":1,"terms":{"priceEach":41,"taxEach":{"amount":0},"discountEach":{"amount":0},"pvEach":13},"quantityLimit":{"quantityQuota":-1,"timeFrameDays":-1,"quantityOrdered":0}}]},"currency":"CAD"},{"lines":{"items":[{"item":{"href":"https://hydraqa.unicity.net/v5a-test/items/a40ede5f6847ec094ad8a38616ced7d0","id":{"unicity":"28100"}},"quantity":1,"terms":{"priceEach":40,"taxEach":{"amount":0},"discountEach":{"amount":0},"pvEach":25},"quantityLimit":{"quantityQuota":-1,"timeFrameDays":-1,"quantityOrdered":0}}]},"currency":"CAD"},{"lines":{"items":[{"item":{"href":"https://hydraqa.unicity.net/v5a-test/items/1b0412bea8c0b841c66f65a36aa14108","id":{"unicity":"29191"}},"quantity":1,"terms":{"priceEach":83,"taxEach":{"amount":0},"discountEach":{"amount":0},"pvEach":36},"quantityLimit":{"quantityQuota":-1,"timeFrameDays":-1,"quantityOrdered":0}}]},"currency":"CAD"},{"lines":{"items":[{"item":{"href":"https://hydraqa.unicity.net/v5a-test/items/e84750c27b2b9f10e6b4d2ab5a1954ba","id":{"unicity":"30115"}},"quantity":1,"terms":{"priceEach":110,"taxEach":{"amount":0},"discountEach":{"amount":0},"pvEach":56},"quantityLimit":{"quantityQuota":-1,"timeFrameDays":-1,"quantityOrdered":0}}]},"currency":"CAD"},{"lines":{"items":[{"item":{"href":"https://hydraqa.unicity.net/v5a-test/items/42d7ab6b9834716f6ebdd66f1a86d7b1","id":{"unicity":"30980"}},"quantity":1,"terms":{"priceEach":20,"taxEach":{"amount":0},"discountEach":{"amount":0},"pvEach":8},"quantityLimit":{"quantityQuota":-1,"timeFrameDays":-1,"quantityOrdered":0}}]},"currency":"CAD"},{"lines":{"items":[{"item":{"href":"https://hydraqa.unicity.net/v5a-test/items/0e78fbdfebef11cd62f8d2120064ee58","id":{"unicity":"30280"}},"quantity":1,"terms":{"priceEach":55,"taxEach":{"amount":0},"discountEach":{"amount":0},"pvEach":24},"quantityLimit":{"quantityQuota":-1,"timeFrameDays":-1,"quantityOrdered":0}}]},"currency":"CAD"},{"lines":{"items":[{"item":{"href":"https://hydraqa.unicity.net/v5a-test/items/5c430db0256426c4b730bc6994a94a02","id":{"unicity":"31773"}},"quantity":1,"terms":{"priceEach":30,"taxEach":{"amount":0},"discountEach":{"amount":0},"pvEach":13},"quantityLimit":{"quantityQuota":-1,"timeFrameDays":-1,"quantityOrdered":0}}]},"currency":"CAD"},{"lines":{"items":[{"item":{"href":"https://hydraqa.unicity.net/v5a-test/items/cfc721c9fb00317ed614492f65f21460","id":{"unicity":"31288"}},"quantity":1,"terms":{"priceEach":51,"taxEach":{"amount":0},"discountEach":{"amount":0},"pvEach":30},"quantityLimit":{"quantityQuota":-1,"timeFrameDays":-1,"quantityOrdered":0}}]},"currency":"CAD"},{"lines":{"items":[{"item":{"href":"https://hydraqa.unicity.net/v5a-test/items/4916b998c4d0c83c68449a17ea6c1e4c","id":{"unicity":"33457"}},"quantity":1,"terms":{"priceEach":199,"taxEach":{"amount":0},"discountEach":{"amount":0},"pvEach":116},"quantityLimit":{"quantityQuota":-1,"timeFrameDays":-1,"quantityOrdered":0}}]},"currency":"CAD"}]}
Entry request : {"order":{"customer":{"href":"https://hydraqa.unicity.net/v5a-test/customers?type=Associate"},"shipToAddress":{"country":"CA"}},"vary":{"lines":{"items":[{"item":{"href":"https://hydraqa.unicity.net/v5a-test/items?id.unicity=26993|31440|31442|27184|28325|28327|26994|26995|28330|28331|26572|29449|29147|28437|28591|26580|26442|28370|26571|28326|28328|28329|28428|28160|26574|26565|26570|26569|27589|27080|28787|26566|26579|19356|28928|20436|28100|28845|29183|29185|29191|30115|30980|31110|30280|31773|31288|33457|30136|31849"}}]}}}
]]></system-out>
    <system-err><![CDATA[Starting ChromeDriver 2.36.540470 (e522d04694c7ebea4ba8821272dbef4f9b818c91) on port 32765
Only local connections are allowed.
Oct 13, 2020 10:12:22 AM org.openqa.selenium.remote.ProtocolHandshake createSession
INFO: Detected dialect: OSS
]]></system-err>
  </testcase>
  <testcase name="Enroll" classname="Tests.FranchisePartner" time="91.431">
    <failure message="Major Customization error" type="java.lang.AssertionError">java.lang.AssertionError: Major Customization error
	at Tests.FranchisePartner.Enroll(FranchisePartner.java:249)
</failure>
    <system-out><![CDATA[Request URL: https://hydraqa.unicity.net/v5a-test/quotes?&expand=item
Entry Quotes response : {"items":[{"lines":{"items":[{"item":{"href":"https://hydraqa.unicity.net/v5a-test/items/bb1a7c3a2902e2cbc4cb2a22fdf1f499","id":{"unicity":"26993"}},"quantity":1,"terms":{"priceEach":250,"taxEach":{"amount":0},"discountEach":{"amount":0},"pvEach":150},"quantityLimit":{"quantityQuota":-1,"timeFrameDays":-1,"quantityOrdered":0}}]},"currency":"CAD"},{"lines":{"items":[{"item":{"href":"https://hydraqa.unicity.net/v5a-test/items/3ddd31ddbe0e5807756d2488e7cc3602","id":{"unicity":"31440"}},"quantity":1,"terms":{"priceEach":40,"taxEach":{"amount":0},"discountEach":{"amount":0},"pvEach":0},"quantityLimit":{"quantityQuota":-1,"timeFrameDays":-1,"quantityOrdered":0}}]},"currency":"CAD"},{"lines":{"items":[{"item":{"href":"https://hydraqa.unicity.net/v5a-test/items/5990c3ea5f48eb212ab30fd557f75397","id":{"unicity":"31442"}},"quantity":1,"terms":{"priceEach":40,"taxEach":{"amount":0},"discountEach":{"amount":0},"pvEach":0},"quantityLimit":{"quantityQuota":-1,"timeFrameDays":-1,"quantityOrdered":0}}]},"currency":"CAD"},{"lines":{"items":[{"item":{"href":"https://hydraqa.unicity.net/v5a-test/items/576e0ebc8d1f5b26fc89bf3cd47a26c6","id":{"unicity":"26572"}},"quantity":1,"terms":{"priceEach":96,"taxEach":{"amount":0},"discountEach":{"amount":0},"pvEach":56},"quantityLimit":{"quantityQuota":-1,"timeFrameDays":-1,"quantityOrdered":0}}]},"currency":"CAD"},{"lines":{"items":[{"item":{"href":"https://hydraqa.unicity.net/v5a-test/items/46ea1edabdcf18f49817c437346958eb","id":{"unicity":"29147"}},"quantity":1,"terms":{"priceEach":74,"taxEach":{"amount":0},"discountEach":{"amount":0},"pvEach":33},"quantityLimit":{"quantityQuota":-1,"timeFrameDays":-1,"quantityOrdered":0}}]},"currency":"CAD"},{"lines":{"items":[{"item":{"href":"https://hydraqa.unicity.net/v5a-test/items/e77144fa2fcf6a4dc73c15b4d615c1aa","id":{"unicity":"28437"}},"quantity":1,"terms":{"priceEach":74,"taxEach":{"amount":0},"discountEach":{"amount":0},"pvEach":33},"quantityLimit":{"quantityQuota":-1,"timeFrameDays":-1,"quantityOrdered":0}}]},"currency":"CAD"},{"lines":{"items":[{"item":{"href":"https://hydraqa.unicity.net/v5a-test/items/8407b62b9c4120aa3dfe25c9feb76e4a","id":{"unicity":"28591"}},"quantity":1,"terms":{"priceEach":21,"taxEach":{"amount":0},"discountEach":{"amount":0},"pvEach":15},"quantityLimit":{"quantityQuota":-1,"timeFrameDays":-1,"quantityOrdered":0}}]},"currency":"CAD"},{"lines":{"items":[{"item":{"href":"https://hydraqa.unicity.net/v5a-test/items/10da226fab00279b4f89df10af2a10b7","id":{"unicity":"26442"}},"quantity":1,"terms":{"priceEach":9,"taxEach":{"amount":0},"discountEach":{"amount":0},"pvEach":0},"quantityLimit":{"quantityQuota":-1,"timeFrameDays":-1,"quantityOrdered":0}}]},"currency":"CAD"},{"lines":{"items":[{"item":{"href":"https://hydraqa.unicity.net/v5a-test/items/60b5ca15c481444657970edde11b04ce","id":{"unicity":"26571"}},"quantity":1,"terms":{"priceEach":96,"taxEach":{"amount":0},"discountEach":{"amount":0},"pvEach":56},"quantityLimit":{"quantityQuota":-1,"timeFrameDays":-1,"quantityOrdered":0}}]},"currency":"CAD"},{"lines":{"items":[{"item":{"href":"https://hydraqa.unicity.net/v5a-test/items/1785a19a6bf5472c7c1ded08cb7fd083","id":{"unicity":"28326"}},"quantity":1,"terms":{"priceEach":1755,"taxEach":{"amount":0},"discountEach":{"amount":0},"pvEach":1000},"quantityLimit":{"quantityQuota":-1,"timeFrameDays":-1,"quantityOrdered":0}}]},"currency":"CAD"},{"lines":{"items":[{"item":{"href":"https://hydraqa.unicity.net/v5a-test/items/4b1b6b6007d154296fd6c4044c789f67","id":{"unicity":"28329"}},"quantity":1,"terms":{"priceEach":250,"taxEach":{"amount":0},"discountEach":{"amount":0},"pvEach":150},"quantityLimit":{"quantityQuota":-1,"timeFrameDays":-1,"quantityOrdered":0}}]},"currency":"CAD"},{"lines":{"items":[{"item":{"href":"https://hydraqa.unicity.net/v5a-test/items/2ffc1563d3d0fd7121ca5b1c2184988e","id":{"unicity":"28428"}},"quantity":1,"terms":{"priceEach":97,"taxEach":{"amount":0},"discountEach":{"amount":0},"pvEach":62},"quantityLimit":{"quantityQuota":-1,"timeFrameDays":-1,"quantityOrdered":0}}]},"currency":"CAD"},{"lines":{"items":[{"item":{"href":"https://hydraqa.unicity.net/v5a-test/items/637af131553f5822bef2bb0f0577b2e9","id":{"unicity":"28160"}},"quantity":1,"terms":{"priceEach":103,"taxEach":{"amount":0},"discountEach":{"amount":0},"pvEach":62},"quantityLimit":{"quantityQuota":-1,"timeFrameDays":-1,"quantityOrdered":0}}]},"currency":"CAD"},{"lines":{"items":[{"item":{"href":"https://hydraqa.unicity.net/v5a-test/items/c4744f6ba328b983bfffc7e1e4416ff3","id":{"unicity":"26565"}},"quantity":1,"terms":{"priceEach":102,"taxEach":{"amount":0},"discountEach":{"amount":0},"pvEach":64},"quantityLimit":{"quantityQuota":-1,"timeFrameDays":-1,"quantityOrdered":0}}]},"currency":"CAD"},{"lines":{"items":[{"item":{"href":"https://hydraqa.unicity.net/v5a-test/items/fe97499574f54ccd16daec7361208411","id":{"unicity":"26570"}},"quantity":1,"terms":{"priceEach":23,"taxEach":{"amount":0},"discountEach":{"amount":0},"pvEach":13},"quantityLimit":{"quantityQuota":-1,"timeFrameDays":-1,"quantityOrdered":0}}]},"currency":"CAD"},{"lines":{"items":[{"item":{"href":"https://hydraqa.unicity.net/v5a-test/items/ae14f4659032c9e8591a7ac76abd1ad5","id":{"unicity":"26569"}},"quantity":1,"terms":{"priceEach":44,"taxEach":{"amount":0},"discountEach":{"amount":0},"pvEach":30},"quantityLimit":{"quantityQuota":-1,"timeFrameDays":-1,"quantityOrdered":0}}]},"currency":"CAD"},{"lines":{"items":[{"item":{"href":"https://hydraqa.unicity.net/v5a-test/items/351c19047c5c800d2db6963b3af5df78","id":{"unicity":"27080"}},"quantity":1,"terms":{"priceEach":58,"taxEach":{"amount":0},"discountEach":{"amount":0},"pvEach":35},"quantityLimit":{"quantityQuota":-1,"timeFrameDays":-1,"quantityOrdered":0}}]},"currency":"CAD"},{"lines":{"items":[{"item":{"href":"https://hydraqa.unicity.net/v5a-test/items/f847ce37f5942a226f74e671c86709f8","id":{"unicity":"28787"}},"quantity":1,"terms":{"priceEach":33,"taxEach":{"amount":0},"discountEach":{"amount":0},"pvEach":17},"quantityLimit":{"quantityQuota":-1,"timeFrameDays":-1,"quantityOrdered":0}}]},"currency":"CAD"},{"lines":{"items":[{"item":{"href":"https://hydraqa.unicity.net/v5a-test/items/b24413d1812bb9c95ba6ff7e26bad8ff","id":{"unicity":"26566"}},"quantity":1,"terms":{"priceEach":47,"taxEach":{"amount":0},"discountEach":{"amount":0},"pvEach":32},"quantityLimit":{"quantityQuota":-1,"timeFrameDays":-1,"quantityOrdered":0}}]},"currency":"CAD"},{"lines":{"items":[{"item":{"href":"https://hydraqa.unicity.net/v5a-test/items/6e0e7450f45cb9412e5b4642dd1469cb","id":{"unicity":"26579"}},"quantity":1,"terms":{"priceEach":21,"taxEach":{"amount":0},"discountEach":{"amount":0},"pvEach":13},"quantityLimit":{"quantityQuota":-1,"timeFrameDays":-1,"quantityOrdered":0}}]},"currency":"CAD"},{"lines":{"items":[{"item":{"href":"https://hydraqa.unicity.net/v5a-test/items/828f9b5bdbceaa7cd3ca6a4532632635","id":{"unicity":"19356"}},"quantity":1,"terms":{"priceEach":36,"taxEach":{"amount":0},"discountEach":{"amount":0},"pvEach":21},"quantityLimit":{"quantityQuota":-1,"timeFrameDays":-1,"quantityOrdered":0}}]},"currency":"CAD"},{"lines":{"items":[{"item":{"href":"https://hydraqa.unicity.net/v5a-test/items/cb1cb2d293cc48affee9b2026c31313a","id":{"unicity":"28928"}},"quantity":1,"terms":{"priceEach":41,"taxEach":{"amount":0},"discountEach":{"amount":0},"pvEach":13},"quantityLimit":{"quantityQuota":-1,"timeFrameDays":-1,"quantityOrdered":0}}]},"currency":"CAD"},{"lines":{"items":[{"item":{"href":"https://hydraqa.unicity.net/v5a-test/items/a40ede5f6847ec094ad8a38616ced7d0","id":{"unicity":"28100"}},"quantity":1,"terms":{"priceEach":40,"taxEach":{"amount":0},"discountEach":{"amount":0},"pvEach":25},"quantityLimit":{"quantityQuota":-1,"timeFrameDays":-1,"quantityOrdered":0}}]},"currency":"CAD"},{"lines":{"items":[{"item":{"href":"https://hydraqa.unicity.net/v5a-test/items/1b0412bea8c0b841c66f65a36aa14108","id":{"unicity":"29191"}},"quantity":1,"terms":{"priceEach":83,"taxEach":{"amount":0},"discountEach":{"amount":0},"pvEach":36},"quantityLimit":{"quantityQuota":-1,"timeFrameDays":-1,"quantityOrdered":0}}]},"currency":"CAD"},{"lines":{"items":[{"item":{"href":"https://hydraqa.unicity.net/v5a-test/items/e84750c27b2b9f10e6b4d2ab5a1954ba","id":{"unicity":"30115"}},"quantity":1,"terms":{"priceEach":110,"taxEach":{"amount":0},"discountEach":{"amount":0},"pvEach":56},"quantityLimit":{"quantityQuota":-1,"timeFrameDays":-1,"quantityOrdered":0}}]},"currency":"CAD"},{"lines":{"items":[{"item":{"href":"https://hydraqa.unicity.net/v5a-test/items/42d7ab6b9834716f6ebdd66f1a86d7b1","id":{"unicity":"30980"}},"quantity":1,"terms":{"priceEach":20,"taxEach":{"amount":0},"discountEach":{"amount":0},"pvEach":8},"quantityLimit":{"quantityQuota":-1,"timeFrameDays":-1,"quantityOrdered":0}}]},"currency":"CAD"},{"lines":{"items":[{"item":{"href":"https://hydraqa.unicity.net/v5a-test/items/0e78fbdfebef11cd62f8d2120064ee58","id":{"unicity":"30280"}},"quantity":1,"terms":{"priceEach":55,"taxEach":{"amount":0},"discountEach":{"amount":0},"pvEach":24},"quantityLimit":{"quantityQuota":-1,"timeFrameDays":-1,"quantityOrdered":0}}]},"currency":"CAD"},{"lines":{"items":[{"item":{"href":"https://hydraqa.unicity.net/v5a-test/items/5c430db0256426c4b730bc6994a94a02","id":{"unicity":"31773"}},"quantity":1,"terms":{"priceEach":30,"taxEach":{"amount":0},"discountEach":{"amount":0},"pvEach":13},"quantityLimit":{"quantityQuota":-1,"timeFrameDays":-1,"quantityOrdered":0}}]},"currency":"CAD"},{"lines":{"items":[{"item":{"href":"https://hydraqa.unicity.net/v5a-test/items/cfc721c9fb00317ed614492f65f21460","id":{"unicity":"31288"}},"quantity":1,"terms":{"priceEach":51,"taxEach":{"amount":0},"discountEach":{"amount":0},"pvEach":30},"quantityLimit":{"quantityQuota":-1,"timeFrameDays":-1,"quantityOrdered":0}}]},"currency":"CAD"},{"lines":{"items":[{"item":{"href":"https://hydraqa.unicity.net/v5a-test/items/4916b998c4d0c83c68449a17ea6c1e4c","id":{"unicity":"33457"}},"quantity":1,"terms":{"priceEach":199,"taxEach":{"amount":0},"discountEach":{"amount":0},"pvEach":116},"quantityLimit":{"quantityQuota":-1,"timeFrameDays":-1,"quantityOrdered":0}}]},"currency":"CAD"}]}
Entry request : {"order":{"customer":{"href":"https://hydraqa.unicity.net/v5a-test/customers?type=Associate"},"shipToAddress":{"country":"CA"}},"vary":{"lines":{"items":[{"item":{"href":"https://hydraqa.unicity.net/v5a-test/items?id.unicity=26993|31440|31442|27184|28325|28327|26994|26995|28330|28331|26572|29449|29147|28437|28591|26580|26442|28370|26571|28326|28328|28329|28428|28160|26574|26565|26570|26569|27589|27080|28787|26566|26579|19356|28928|20436|28100|28845|29183|29185|29191|30115|30980|31110|30280|31773|31288|33457|30136|31849"}}]}}}
]]></system-out>
    <system-err><![CDATA[Starting ChromeDriver 2.36.540470 (e522d04694c7ebea4ba8821272dbef4f9b818c91) on port 3160
Only local connections are allowed.
Oct 13, 2020 10:14:02 AM org.openqa.selenium.remote.ProtocolHandshake createSession
INFO: Detected dialect: OSS
]]></system-err>
  </testcase>
  <testcase name="Enroll" classname="Tests.FranchisePartner" time="246.539">
    <failure message="Major zip code expected [null] but found []" type="java.lang.AssertionError">java.lang.AssertionError: Major zip code expected [null] but found []
	at Tests.FranchisePartner.Enroll(FranchisePartner.java:253)
</failure>
    <system-out><![CDATA[Request URL: https://hydraqa.unicity.net/v5a-test/customers.js?_httpMethod=HEAD&callback=angular.callbacks._8&email=OHNHSY@gmail.com
{sponsor=2, gender=female, city=TestCity, signature=TestSignature, cartprice=216.0, enroller=2, responsedob=1995-04-04, language=Español, locale=es, type=Associate, coapplicanttype=Spouse, platform=QA, lname=IndAutomationLastName, password=Unicity, genderoption=Femenino, Currency=USD, api=8, email=OHNHSY@gmail.com, coapplicant=TestSpouseName, fname=IndAutomationFirstName, prefferd=Colombia, address2=Address 2, address1=Address 1, shippingmethod=type=WillCall&location=Bogota, Recoger, version=v5a-test/, testcase=normal, market=Colombia, referral=yes, martial=Single, phone=9823746323, dob=04/04/1995, govid=223171328, proto=https://hydraqa.unicity.net/, marketcode=CO, maritaloption=Soltero, ccname=CCNameTest}
Request URL: https://hydraqa.unicity.net/v5a-test/orders.js
Entry request : {"customer":{"mainAddress":{"city":"TestCity","country":"CO","state":"CAQ","zip":"","address1":"Address 1","address2":"Address 2"},"humanName":{"firstName":"IndAutomationFirstName","lastName":"IndAutomationLastName"},"email":"OHNHSY@gmail.com","preferredLocale":"es-CO","password":{"value":"Unicity"},"gender":"female","maritalStatus":"Single","type":"Associate","sponsor":{"href":"https://hydraqa.unicity.net/v5a-test/customers?id.unicity=2"},"enroller":{"href":"https://hydraqa.unicity.net/v5a-test/customers?id.unicity=2"},"homePhone":"9823746323","birthDate":"1995-04-04","coapplicant":{"type":"Spouse","details":{"humanName":{"firstName":"TestSpouseName","lastName":""}}},"rights":[],"signature":{"value":"TestSignature"},"taxTerms":{"taxId":"223171328","taxIdExpires":"2025-12-30"}},"lines":{"items":[{"item":{"href":"https://hydraqa.unicity.net/v5a-test/items?id.unicity=29564"},"quantity":1},{"item":{"href":"https://hydraqa.unicity.net/v5a-test/items?id.unicity=31441"},"quantity":1}]},"shipToName":{"firstName":"IndAutomationFirstName","lastName":"IndAutomationLastName"},"shipToPhone":"9823746323","shipToEmail":"OHNHSY@gmail.com","shipToAddress":{"city":"TestCity","country":"CO","state":"CAQ","address1":"Address 1","address2":"Address 2","zip":""},"shippingMethod":{"href":"https://hydraqa.unicity.net/v5a-test/shippingmethods?type=WillCall&location=Bogota, Recoger"},"notes":"","transactions":{"items":[{"amount":"this.terms.total","type":"AuthorizeAndCapture","method":"CreditCard","methodDetails":{"creditCardNumber":"4111111111111111","payer":"CCNameTest","creditCardExpires":"2020-10","creditCardSecurityCode":"123"}}]}}
Entry response : {"meta":{"Link":"<http:\/\/unicity.github.io\/Hydra.php\/docs\/v5\/>; rel=\"help\"","X-Request-UUID":"349daba5-9cff-98c2-aece-59791848fb70","X-Request-Release":"5-2020100902\/master","Cache-Control":"no-cache, must-revalidate","Expires":"0","X-Powered-By":"Luracast Restler v3.0.0rc5","Content-Type":"text\/javascript; charset=utf-8","Content-Language":"en","X-Status-Code":"201"},"data":{"market":"CO","notes":"","shippingMethod":{"type":"WillCall","location":"Bogota, Recoger","href":"https:\/\/hydraqa.unicity.net\/v5a-test\/shippingmethods?type=WillCall&location=Bogota, Recoger"},"shipToAddress":{"country":"CO","state":"CAQ","city":"TestCity","zip":"","address1":"Address 1","address2":"Address 2"},"shipToEmail":"OHNHSY@gmail.com","shipToName":{"firstName":"IndAutomationFirstName","lastName":"IndAutomationLastName"},"shipToPhone":"9823746323","shipToTime":null,"source":null,"type":null,"lines":{"items":[{"quantity":1,"item":{"href":"https:\/\/hydraqa.unicity.net\/v5a-test\/items?id.unicity=29564","id":{"unicity":"29564"}}},{"quantity":1,"item":{"href":"https:\/\/hydraqa.unicity.net\/v5a-test\/items?id.unicity=31441","id":{"unicity":"31441"}}}]},"transactions":{"items":null},"terms":{"discount":{"amount":0},"freight":{"amount":0},"period":"2020-10","pv":25,"subtotal":216000,"tax":{"amount":34488},"taxableTotal":181512,"total":216000},"dateCreated":"2020-10-13T10:19:23-06:00","currency":"COP","giftReceipt":false,"customer":{"humanName":{"firstName":"IndAutomationFirstName","lastName":"IndAutomationLastName"},"mainAddress":{"city":"TestCity","country":"CO","state":"CAQ","zip":"","address1":"Address 1","address2":"Address 2"},"type":"Associate","email":"OHNHSY@gmail.com","taxTerms":{"exemption":null,"taxId":"223171328","taxIdExpires":"2025-12-30"},"signature":{"value":"TestSignature"},"gender":"female","password":{"value":"Unicity"},"enroller":{"href":"https:\/\/hydraqa.unicity.net\/v5a-test\/customers\/f0cbfab7062ed827a4e700264e473f1d","id":{"unicity":2},"email":"danw@infotraxsys.com","humanName":{"fullName":"Referral Program"}},"sponsor":{"href":"https:\/\/hydraqa.unicity.net\/v5a-test\/customers\/f0cbfab7062ed827a4e700264e473f1d","id":{"unicity":2},"email":"danw@infotraxsys.com"},"birthDate":"1995-04-04","homePhone":"9823746323","preferredLocale":"es-CO","maritalStatus":"Single","coapplicant":{"details":{"humanName":{"firstName":"TestSpouseName","lastName":""}},"type":"Spouse"},"rights":[],"status":"Pending","id":{"unicity":"201070558"},"href":"https:\/\/hydraqa.unicity.net\/v5a-test\/customers\/9a728d2b51eab8fbc91ce171df28d44f151e5067c73d9cfc5ccc0cb90e7383c3","token":"45d57e3d-eb8e-42f7-bc18-ed968a5753e5"},"id":{"unicity":"58-8772311"},"href":"https:\/\/hydraqa.unicity.net\/v5a-test\/orders\/706ccec81bedfdbffff9d4b7af0208ec732d66a85af6f1ffed2b0f5fcc527972"}}
Headers-->keep-alive
Headers-->1639
Headers-->application/json, text/plain, */*
Headers-->es-CO
Headers-->Mozilla/5.0 (Windows NT 6.3; Win64; x64) AppleWebKit/537.36 (KHTML, like Gecko) Chrome/86.0.4240.75 Safari/537.36
Headers-->application/json;charset=UTF-8
]]></system-out>
    <system-err><![CDATA[Starting ChromeDriver 2.36.540470 (e522d04694c7ebea4ba8821272dbef4f9b818c91) on port 3532
Only local connections are allowed.
Oct 13, 2020 10:15:39 AM org.openqa.selenium.remote.ProtocolHandshake createSession
INFO: Detected dialect: OSS
]]></system-err>
  </testcase>
  <testcase name="Enroll" classname="Tests.FranchisePartner" time="248.453">
    <failure message="Major Packs expected [[https://hydraqa.unicity.net/v5a-test/items?id.unicity=29317, https://hydraqa.unicity.net/v5a-test/items?id.unicity=32127, https://hydraqa.unicity.net/v5a-test/items?id.unicity=33096]] but found [[https://hydraqa.unicity.net/v5a-test/items?id.unicity=32127, https://hydraqa.unicity.net/v5a-test/items?id.unicity=33096]]" type="java.lang.AssertionError">java.lang.AssertionError: Major Packs expected [[https://hydraqa.unicity.net/v5a-test/items?id.unicity=29317, https://hydraqa.unicity.net/v5a-test/items?id.unicity=32127, https://hydraqa.unicity.net/v5a-test/items?id.unicity=33096]] but found [[https://hydraqa.unicity.net/v5a-test/items?id.unicity=32127, https://hydraqa.unicity.net/v5a-test/items?id.unicity=33096]]
	at Tests.FranchisePartner.Enroll(FranchisePartner.java:252)
</failure>
    <system-out><![CDATA[Request URL: https://hydraqa.unicity.net/v5a-test/quotes?&expand=item
Entry Quotes response : {"items":[{"lines":{"items":[{"item":{"href":"https://hydraqa.unicity.net/v5a-test/items/d92292ba2f23c030e4a1f63eb3ebe1ce","id":{"unicity":"27158"},"weightEach":{"value":454},"servingsPerContainer":45,"servingSize":0},"quantity":1,"terms":{"priceEach":27.94,"taxEach":{"amount":2.51},"discountEach":{"amount":0},"pvEach":23},"quantityLimit":{"quantityQuota":-1,"timeFrameDays":-1,"quantityOrdered":0}}]},"currency":"EUR"},{"lines":{"items":[{"item":{"href":"https://hydraqa.unicity.net/v5a-test/items/31cb0679f65df8fa9a4fc3d7e38b72b3","id":{"unicity":"31763"},"weightEach":{"value":0},"servingsPerContainer":0,"servingSize":0},"quantity":1,"terms":{"priceEach":243.3,"taxEach":{"amount":21.9},"discountEach":{"amount":0},"pvEach":181},"quantityLimit":{"quantityQuota":-1,"timeFrameDays":-1,"quantityOrdered":0}}]},"currency":"EUR"},{"lines":{"items":[{"item":{"href":"https://hydraqa.unicity.net/v5a-test/items/e9991b48ac639367d526d2b9b22fac8c","id":{"unicity":"32128"},"weightEach":{"value":0},"servingsPerContainer":0,"servingSize":0},"quantity":1,"terms":{"priceEach":371.87,"taxEach":{"amount":33.47},"discountEach":{"amount":0},"pvEach":253},"quantityLimit":{"quantityQuota":-1,"timeFrameDays":-1,"quantityOrdered":0}}]},"currency":"EUR"},{"lines":{"items":[{"item":{"href":"https://hydraqa.unicity.net/v5a-test/items/40b3312de189221d96d838d33a8ec49d","id":{"unicity":"32129"},"weightEach":{"value":0},"servingsPerContainer":0,"servingSize":0},"quantity":1,"terms":{"priceEach":371.87,"taxEach":{"amount":33.47},"discountEach":{"amount":0},"pvEach":254},"quantityLimit":{"quantityQuota":-1,"timeFrameDays":-1,"quantityOrdered":0}}]},"currency":"EUR"},{"lines":{"items":[{"item":{"href":"https://hydraqa.unicity.net/v5a-test/items/6bd168a66ce41003a8f30917deff5808","id":{"unicity":"32130"},"weightEach":{"value":0},"servingsPerContainer":0,"servingSize":0},"quantity":1,"terms":{"priceEach":363.46,"taxEach":{"amount":32.71},"discountEach":{"amount":0},"pvEach":252},"quantityLimit":{"quantityQuota":-1,"timeFrameDays":-1,"quantityOrdered":0}}]},"currency":"EUR"},{"lines":{"items":[{"item":{"href":"https://hydraqa.unicity.net/v5a-test/items/806f99b793edd7cd0b1c158ba0eb3142","id":{"unicity":"32132"},"weightEach":{"value":0},"servingsPerContainer":0,"servingSize":0},"quantity":1,"terms":{"priceEach":355.98,"taxEach":{"amount":32.04},"discountEach":{"amount":0},"pvEach":253},"quantityLimit":{"quantityQuota":-1,"timeFrameDays":-1,"quantityOrdered":0}}]},"currency":"EUR"},{"lines":{"items":[{"item":{"href":"https://hydraqa.unicity.net/v5a-test/items/e3d382d99fde8659cb146b54116e7654","id":{"unicity":"32133"},"weightEach":{"value":0},"servingsPerContainer":0,"servingSize":0},"quantity":1,"terms":{"priceEach":364.39,"taxEach":{"amount":32.8},"discountEach":{"amount":0},"pvEach":252},"quantityLimit":{"quantityQuota":-1,"timeFrameDays":-1,"quantityOrdered":0}}]},"currency":"EUR"},{"lines":{"items":[{"item":{"href":"https://hydraqa.unicity.net/v5a-test/items/022f109fe6e5eae3e521295a5cb94c60","id":{"unicity":"32134"},"weightEach":{"value":0},"servingsPerContainer":0,"servingSize":0},"quantity":1,"terms":{"priceEach":144.77,"taxEach":{"amount":13.03},"discountEach":{"amount":0},"pvEach":101},"quantityLimit":{"quantityQuota":-1,"timeFrameDays":-1,"quantityOrdered":0}}]},"currency":"EUR"},{"lines":{"items":[{"item":{"href":"https://hydraqa.unicity.net/v5a-test/items/ded00960d5e948dd8e511a9c752e1ff9","id":{"unicity":"32135"},"weightEach":{"value":0},"servingsPerContainer":0,"servingSize":0},"quantity":1,"terms":{"priceEach":154.11,"taxEach":{"amount":13.87},"discountEach":{"amount":0},"pvEach":113},"quantityLimit":{"quantityQuota":-1,"timeFrameDays":-1,"quantityOrdered":0}}]},"currency":"EUR"},{"lines":{"items":[{"item":{"href":"https://hydraqa.unicity.net/v5a-test/items/d8736cc35cf9f4734fd76da71c53dc05","id":{"unicity":"32136"},"weightEach":{"value":0},"servingsPerContainer":0,"servingSize":0},"quantity":1,"terms":{"priceEach":142.08,"taxEach":{"amount":12.79},"discountEach":{"amount":0},"pvEach":102},"quantityLimit":{"quantityQuota":-1,"timeFrameDays":-1,"quantityOrdered":0}}]},"currency":"EUR"},{"lines":{"items":[{"item":{"href":"https://hydraqa.unicity.net/v5a-test/items/166a69d45c4ae40278554e24d5f40443","id":{"unicity":"32137"},"weightEach":{"value":0},"servingsPerContainer":0,"servingSize":0},"quantity":1,"terms":{"priceEach":168.13,"taxEach":{"amount":15.13},"discountEach":{"amount":0},"pvEach":118},"quantityLimit":{"quantityQuota":-1,"timeFrameDays":-1,"quantityOrdered":0}}]},"currency":"EUR"},{"lines":{"items":[{"item":{"href":"https://hydraqa.unicity.net/v5a-test/items/d04a0b8762b20202b6273114fb7302d1","id":{"unicity":"32138"},"weightEach":{"value":0},"servingsPerContainer":0,"servingSize":0},"quantity":1,"terms":{"priceEach":224.21,"taxEach":{"amount":20.18},"discountEach":{"amount":0},"pvEach":152},"quantityLimit":{"quantityQuota":-1,"timeFrameDays":-1,"quantityOrdered":0}}]},"currency":"EUR"},{"lines":{"items":[{"item":{"href":"https://hydraqa.unicity.net/v5a-test/items/e13d0b5c40704ad5dd186959367c97f1","id":{"unicity":"32125"},"weightEach":{"value":0},"servingsPerContainer":0,"servingSize":0},"quantity":1,"terms":{"priceEach":373.74,"taxEach":{"amount":33.64},"discountEach":{"amount":0},"pvEach":250},"quantityLimit":{"quantityQuota":-1,"timeFrameDays":-1,"quantityOrdered":0}}]},"currency":"EUR"},{"lines":{"items":[{"item":{"href":"https://hydraqa.unicity.net/v5a-test/items/def68d31fb89b7c22a71f384e32f03d7","id":{"unicity":"32699"},"weightEach":{"value":0},"servingsPerContainer":0,"servingSize":0},"quantity":1,"terms":{"priceEach":284.14,"taxEach":{"amount":25.57},"discountEach":{"amount":0},"pvEach":200},"quantityLimit":{"quantityQuota":-1,"timeFrameDays":-1,"quantityOrdered":0}}]},"currency":"EUR"},{"lines":{"items":[{"item":{"href":"https://hydraqa.unicity.net/v5a-test/items/b23be76d5816f93f8e9b7ab0665d5021","id":{"unicity":"33092"},"weightEach":{"value":0},"servingsPerContainer":0,"servingSize":0},"quantity":1,"terms":{"priceEach":149.34,"taxEach":{"amount":13.44},"discountEach":{"amount":0},"pvEach":108},"quantityLimit":{"quantityQuota":-1,"timeFrameDays":-1,"quantityOrdered":0}}]},"currency":"EUR"},{"lines":{"items":[{"item":{"href":"https://hydraqa.unicity.net/v5a-test/items/287b72c2933e3afabdea942bd11bfab9","id":{"unicity":"33093"},"weightEach":{"value":0},"servingsPerContainer":0,"servingSize":0},"quantity":1,"terms":{"priceEach":162.54,"taxEach":{"amount":14.63},"discountEach":{"amount":0},"pvEach":105},"quantityLimit":{"quantityQuota":-1,"timeFrameDays":-1,"quantityOrdered":0}}]},"currency":"EUR"},{"lines":{"items":[{"item":{"href":"https://hydraqa.unicity.net/v5a-test/items/c451532f63a06f0e9a054e946a1a1c3b","id":{"unicity":"18511"},"weightEach":{"value":50},"servingsPerContainer":30,"servingSize":0},"quantity":1,"terms":{"priceEach":37.29,"taxEach":{"amount":3.36},"discountEach":{"amount":0},"pvEach":23},"quantityLimit":{"quantityQuota":-1,"timeFrameDays":-1,"quantityOrdered":0}}]},"currency":"EUR"},{"lines":{"items":[{"item":{"href":"https://hydraqa.unicity.net/v5a-test/items/4e49c95f12ae7be78e5ffab68b8b3ca6","id":{"unicity":"26422"},"weightEach":{"value":92},"servingsPerContainer":30,"servingSize":0},"quantity":1,"terms":{"priceEach":19,"taxEach":{"amount":1.71},"discountEach":{"amount":0},"pvEach":16},"quantityLimit":{"quantityQuota":-1,"timeFrameDays":-1,"quantityOrdered":0}}]},"currency":"EUR"},{"lines":{"items":[{"item":{"href":"https://hydraqa.unicity.net/v5a-test/items/50e73ecfa509ac20c4a250f9cb32fdfc","id":{"unicity":"27156"},"weightEach":{"value":31},"servingsPerContainer":50,"servingSize":0},"quantity":1,"terms":{"priceEach":20.47,"taxEach":{"amount":1.84},"discountEach":{"amount":0},"pvEach":13},"quantityLimit":{"quantityQuota":-1,"timeFrameDays":-1,"quantityOrdered":0}}]},"currency":"EUR"},{"lines":{"items":[{"item":{"href":"https://hydraqa.unicity.net/v5a-test/items/0d3b8d4f7c4d4082db1b4ecffb6693fb","id":{"unicity":"27160"},"weightEach":{"value":435},"servingsPerContainer":60,"servingSize":0},"quantity":1,"terms":{"priceEach":74.67,"taxEach":{"amount":6.72},"discountEach":{"amount":0},"pvEach":53},"quantityLimit":{"quantityQuota":-1,"timeFrameDays":-1,"quantityOrdered":0}}]},"currency":"EUR"},{"lines":{"items":[{"item":{"href":"https://hydraqa.unicity.net/v5a-test/items/ac37bf51ff7e4fe860da8457f6ce0425","id":{"unicity":"27166"},"weightEach":{"value":270},"servingsPerContainer":30,"servingSize":0},"quantity":1,"terms":{"priceEach":74.67,"taxEach":{"amount":6.72},"discountEach":{"amount":0},"pvEach":54},"quantityLimit":{"quantityQuota":-1,"timeFrameDays":-1,"quantityOrdered":0}}]},"currency":"EUR"},{"lines":{"items":[{"item":{"href":"https://hydraqa.unicity.net/v5a-test/items/a7bda1cb4a35343e52791aba56debc4a","id":{"unicity":"27617"},"weightEach":{"value":22.62},"servingsPerContainer":30,"servingSize":0},"quantity":1,"terms":{"priceEach":29.81,"taxEach":{"amount":2.68},"discountEach":{"amount":0},"pvEach":18},"quantityLimit":{"quantityQuota":-1,"timeFrameDays":-1,"quantityOrdered":0}}]},"currency":"EUR"},{"lines":{"items":[{"item":{"href":"https://hydraqa.unicity.net/v5a-test/items/a36d9fdd0fd7561e6180fb5b2ff27164","id":{"unicity":"27660"},"weightEach":{"value":129},"servingsPerContainer":15,"servingSize":0},"quantity":1,"terms":{"priceEach":40.09,"taxEach":{"amount":3.61},"discountEach":{"amount":0},"pvEach":25},"quantityLimit":{"quantityQuota":-1,"timeFrameDays":-1,"quantityOrdered":0}}]},"currency":"EUR"},{"lines":{"items":[{"item":{"href":"https://hydraqa.unicity.net/v5a-test/items/9a6e1d094182389c3da8e0a320ff0e00","id":{"unicity":"27585"},"weightEach":{"value":0},"servingsPerContainer":0,"servingSize":0},"quantity":1,"terms":{"priceEach":61.81,"taxEach":{"amount":5.56},"discountEach":{"amount":0},"pvEach":36},"quantityLimit":{"quantityQuota":-1,"timeFrameDays":-1,"quantityOrdered":0}}]},"currency":"EUR"},{"lines":{"items":[{"item":{"href":"https://hydraqa.unicity.net/v5a-test/items/112b8c39286598b3730f630f371a45f4","id":{"unicity":"27587"},"weightEach":{"value":690},"servingsPerContainer":30,"servingSize":0},"quantity":1,"terms":{"priceEach":55.98,"taxEach":{"amount":5.04},"discountEach":{"amount":0},"pvEach":34},"quantityLimit":{"quantityQuota":-1,"timeFrameDays":-1,"quantityOrdered":0}}]},"currency":"EUR"},{"lines":{"items":[{"item":{"href":"https://hydraqa.unicity.net/v5a-test/items/0c0717a26fcfe40310e906487e8a12f7","id":{"unicity":"28601"},"weightEach":{"value":270},"servingsPerContainer":30,"servingSize":0},"quantity":1,"terms":{"priceEach":74.67,"taxEach":{"amount":6.72},"discountEach":{"amount":0},"pvEach":54},"quantityLimit":{"quantityQuota":-1,"timeFrameDays":-1,"quantityOrdered":0}}]},"currency":"EUR"},{"lines":{"items":[{"item":{"href":"https://hydraqa.unicity.net/v5a-test/items/4790a55c442b5dc75a13b155e78c1842","id":{"unicity":"28604"},"weightEach":{"value":0},"servingsPerContainer":0,"servingSize":0},"quantity":1,"terms":{"priceEach":74.67,"taxEach":{"amount":6.72},"discountEach":{"amount":0},"pvEach":54},"quantityLimit":{"quantityQuota":-1,"timeFrameDays":-1,"quantityOrdered":0}}]},"currency":"EUR"},{"lines":{"items":[{"item":{"href":"https://hydraqa.unicity.net/v5a-test/items/024e696f8b44a1d315006e676604cd31","id":{"unicity":"27395"},"weightEach":{"value":210},"servingsPerContainer":30,"servingSize":0},"quantity":1,"terms":{"priceEach":29.81,"taxEach":{"amount":2.68},"discountEach":{"amount":0},"pvEach":18},"quantityLimit":{"quantityQuota":-1,"timeFrameDays":-1,"quantityOrdered":0}}]},"currency":"EUR"},{"lines":{"items":[{"item":{"href":"https://hydraqa.unicity.net/v5a-test/items/4b2034f47fce90b87bba28c5c2d7c25d","id":{"unicity":"15880"},"weightEach":{"value":51.5},"servingsPerContainer":90,"servingSize":0},"quantity":1,"terms":{"priceEach":51.31,"taxEach":{"amount":4.62},"discountEach":{"amount":0},"pvEach":33},"quantityLimit":{"quantityQuota":-1,"timeFrameDays":-1,"quantityOrdered":0}}]},"currency":"EUR"},{"lines":{"items":[{"item":{"href":"https://hydraqa.unicity.net/v5a-test/items/398d06b858b960f6f38086d40608aef2","id":{"unicity":"26560"},"weightEach":{"value":60},"servingsPerContainer":30,"servingSize":0},"quantity":1,"terms":{"priceEach":20.47,"taxEach":{"amount":1.84},"discountEach":{"amount":0},"pvEach":13},"quantityLimit":{"quantityQuota":-1,"timeFrameDays":-1,"quantityOrdered":0}}]},"currency":"EUR"},{"lines":{"items":[{"item":{"href":"https://hydraqa.unicity.net/v5a-test/items/e218d1cac5f31e7ae4f5876c29c57377","id":{"unicity":"29017"},"weightEach":{"value":52.8},"servingsPerContainer":60,"servingSize":0},"quantity":1,"terms":{"priceEach":37.29,"taxEach":{"amount":3.36},"discountEach":{"amount":0},"pvEach":23},"quantityLimit":{"quantityQuota":-1,"timeFrameDays":-1,"quantityOrdered":0}}]},"currency":"EUR"},{"lines":{"items":[{"item":{"href":"https://hydraqa.unicity.net/v5a-test/items/64ec7ad932acafab052a4e8800ad1238","id":{"unicity":"24758"},"weightEach":{"value":26.89},"servingsPerContainer":30,"servingSize":0},"quantity":1,"terms":{"priceEach":37.29,"taxEach":{"amount":3.36},"discountEach":{"amount":0},"pvEach":23},"quantityLimit":{"quantityQuota":-1,"timeFrameDays":-1,"quantityOrdered":0}}]},"currency":"EUR"},{"lines":{"items":[{"item":{"href":"https://hydraqa.unicity.net/v5a-test/items/2c4c1abe00983e85aaa918d2ce341491","id":{"unicity":"17174"},"weightEach":{"value":49.72},"servingsPerContainer":100,"servingSize":0},"quantity":1,"terms":{"priceEach":37.29,"taxEach":{"amount":3.36},"discountEach":{"amount":0},"pvEach":23},"quantityLimit":{"quantityQuota":-1,"timeFrameDays":-1,"quantityOrdered":0}}]},"currency":"EUR"},{"lines":{"items":[{"item":{"href":"https://hydraqa.unicity.net/v5a-test/items/db0a2b02eaabc5ad45fe91ba5c7bcf5a","id":{"unicity":"31772"},"weightEach":{"value":0},"servingsPerContainer":0,"servingSize":0},"quantity":1,"terms":{"priceEach":8.32,"taxEach":{"amount":1.75},"discountEach":{"amount":0},"pvEach":0},"quantityLimit":{"quantityQuota":-1,"timeFrameDays":-1,"quantityOrdered":0}}]},"currency":"EUR"},{"lines":{"items":[{"item":{"href":"https://hydraqa.unicity.net/v5a-test/items/34c8c6b0f454da738e64265f08c57a72","id":{"unicity":"31777"},"weightEach":{"value":100},"servingsPerContainer":0,"servingSize":0},"quantity":1,"terms":{"priceEach":6.22,"taxEach":{"amount":1.31},"discountEach":{"amount":0},"pvEach":3},"quantityLimit":{"quantityQuota":-1,"timeFrameDays":-1,"quantityOrdered":0}}]},"currency":"EUR"},{"lines":{"items":[{"item":{"href":"https://hydraqa.unicity.net/v5a-test/items/fc8583e3bf463b599fdcce05234bc137","id":{"unicity":"31780"},"weightEach":{"value":275},"servingsPerContainer":0,"servingSize":0},"quantity":1,"terms":{"priceEach":8.32,"taxEach":{"amount":1.75},"discountEach":{"amount":0},"pvEach":4},"quantityLimit":{"quantityQuota":-1,"timeFrameDays":-1,"quantityOrdered":0}}]},"currency":"EUR"},{"lines":{"items":[{"item":{"href":"https://hydraqa.unicity.net/v5a-test/items/7e80331c8c25f515174d3f894283a27c","id":{"unicity":"31781"},"weightEach":{"value":275},"servingsPerContainer":0,"servingSize":0},"quantity":1,"terms":{"priceEach":8.32,"taxEach":{"amount":1.75},"discountEach":{"amount":0},"pvEach":4},"quantityLimit":{"quantityQuota":-1,"timeFrameDays":-1,"quantityOrdered":0}}]},"currency":"EUR"},{"lines":{"items":[{"item":{"href":"https://hydraqa.unicity.net/v5a-test/items/8d3854b47de8e45d6fcdc194dffff601","id":{"unicity":"31782"},"weightEach":{"value":50},"servingsPerContainer":0,"servingSize":0},"quantity":1,"terms":{"priceEach":12.52,"taxEach":{"amount":2.63},"discountEach":{"amount":0},"pvEach":6},"quantityLimit":{"quantityQuota":-1,"timeFrameDays":-1,"quantityOrdered":0}}]},"currency":"EUR"},{"lines":{"items":[{"item":{"href":"https://hydraqa.unicity.net/v5a-test/items/04516be30bd9bf93e01536e7fc8f8716","id":{"unicity":"31779"},"weightEach":{"value":350},"servingsPerContainer":0,"servingSize":0},"quantity":1,"terms":{"priceEach":10,"taxEach":{"amount":2.1},"discountEach":{"amount":0},"pvEach":5},"quantityLimit":{"quantityQuota":-1,"timeFrameDays":-1,"quantityOrdered":0}}]},"currency":"EUR"},{"lines":{"items":[{"item":{"href":"https://hydraqa.unicity.net/v5a-test/items/d7e1dd4b19a8672aed99e591356c0d48","id":{"unicity":"31932"},"weightEach":{"value":180},"servingsPerContainer":0,"servingSize":0},"quantity":1,"terms":{"priceEach":6.22,"taxEach":{"amount":1.31},"discountEach":{"amount":0},"pvEach":3},"quantityLimit":{"quantityQuota":-1,"timeFrameDays":-1,"quantityOrdered":0}}]},"currency":"EUR"},{"lines":{"items":[{"item":{"href":"https://hydraqa.unicity.net/v5a-test/items/1aa00306dc0006d365acd7436548f2e6","id":{"unicity":"31778"},"weightEach":{"value":350},"servingsPerContainer":0,"servingSize":0},"quantity":1,"terms":{"priceEach":12.52,"taxEach":{"amount":2.63},"discountEach":{"amount":0},"pvEach":6},"quantityLimit":{"quantityQuota":-1,"timeFrameDays":-1,"quantityOrdered":0}}]},"currency":"EUR"},{"lines":{"items":[{"item":{"href":"https://hydraqa.unicity.net/v5a-test/items/4fc6de0cb7817f39a836ff08609b8539","id":{"unicity":"32556"},"weightEach":{"value":0},"servingsPerContainer":0,"servingSize":0},"quantity":1,"terms":{"priceEach":2.44,"taxEach":{"amount":0.51},"discountEach":{"amount":0},"pvEach":0},"quantityLimit":{"quantityQuota":-1,"timeFrameDays":-1,"quantityOrdered":0}}]},"currency":"EUR"},{"lines":{"items":[{"item":{"href":"https://hydraqa.unicity.net/v5a-test/items/2262fdd5af916c31df08089c191735c1","id":{"unicity":"29317"},"weightEach":{"value":0},"servingsPerContainer":0,"servingSize":0},"quantity":1,"terms":{"priceEach":25.21,"taxEach":{"amount":5.29},"discountEach":{"amount":0},"pvEach":0},"quantityLimit":{"quantityQuota":-1,"timeFrameDays":-1,"quantityOrdered":0}}]},"currency":"EUR"},{"lines":{"items":[{"item":{"href":"https://hydraqa.unicity.net/v5a-test/items/217ca02fbd24e21ca5281412756238ab","id":{"unicity":"32126"},"weightEach":{"value":0},"servingsPerContainer":0,"servingSize":0},"quantity":1,"terms":{"priceEach":152.24,"taxEach":{"amount":14.7},"discountEach":{"amount":0},"pvEach":101},"quantityLimit":{"quantityQuota":-1,"timeFrameDays":-1,"quantityOrdered":0}}]},"currency":"EUR"},{"lines":{"items":[{"item":{"href":"https://hydraqa.unicity.net/v5a-test/items/808008a0657d2033ad471c39bbce9891","id":{"unicity":"32127"},"weightEach":{"value":0},"servingsPerContainer":0,"servingSize":0},"quantity":1,"terms":{"priceEach":162.34,"taxEach":{"amount":15.61},"discountEach":{"amount":0},"pvEach":113},"quantityLimit":{"quantityQuota":-1,"timeFrameDays":-1,"quantityOrdered":0}}]},"currency":"EUR"},{"lines":{"items":[{"item":{"href":"https://hydraqa.unicity.net/v5a-test/items/2f1d0aa90494ae2e08035922c701f968","id":{"unicity":"29832"},"weightEach":{"value":0},"servingsPerContainer":0,"servingSize":0},"quantity":1,"terms":{"priceEach":47.57,"taxEach":{"amount":4.28},"discountEach":{"amount":0},"pvEach":39},"quantityLimit":{"quantityQuota":-1,"timeFrameDays":-1,"quantityOrdered":0}}]},"currency":"EUR"},{"lines":{"items":[{"item":{"href":"https://hydraqa.unicity.net/v5a-test/items/10df0fc3509b53cbeaeb9476ca92d520","id":{"unicity":"29833"},"weightEach":{"value":0},"servingsPerContainer":0,"servingSize":0},"quantity":1,"terms":{"priceEach":90.56,"taxEach":{"amount":8.15},"discountEach":{"amount":0},"pvEach":69},"quantityLimit":{"quantityQuota":-1,"timeFrameDays":-1,"quantityOrdered":0}}]},"currency":"EUR"},{"lines":{"items":[{"item":{"href":"https://hydraqa.unicity.net/v5a-test/items/b90fda77fbdf07131e0e60b87941cf76","id":{"unicity":"32755"},"weightEach":{"value":0},"servingsPerContainer":0,"servingSize":0},"quantity":1,"terms":{"priceEach":758.54,"taxEach":{"amount":68.27},"discountEach":{"amount":0},"pvEach":503},"quantityLimit":{"quantityQuota":-1,"timeFrameDays":-1,"quantityOrdered":0}}]},"currency":"EUR"},{"lines":{"items":[{"item":{"href":"https://hydraqa.unicity.net/v5a-test/items/3ab3ce55100f6593f04ec4a0d328a0b5","id":{"unicity":"32756"},"weightEach":{"value":0},"servingsPerContainer":0,"servingSize":0},"quantity":1,"terms":{"priceEach":1517.09,"taxEach":{"amount":136.54},"discountEach":{"amount":0},"pvEach":1006},"quantityLimit":{"quantityQuota":-1,"timeFrameDays":-1,"quantityOrdered":0}}]},"currency":"EUR"},{"lines":{"items":[{"item":{"href":"https://hydraqa.unicity.net/v5a-test/items/817e062d5600cad31f527fbfa764a0fa","id":{"unicity":"32968"},"weightEach":{"value":0},"servingsPerContainer":0,"servingSize":0},"quantity":1,"terms":{"priceEach":2273.12,"taxEach":{"amount":204.58},"discountEach":{"amount":0},"pvEach":1600},"quantityLimit":{"quantityQuota":-1,"timeFrameDays":-1,"quantityOrdered":0}}]},"currency":"EUR"},{"lines":{"items":[{"item":{"href":"https://hydraqa.unicity.net/v5a-test/items/ab1f0744e0ce56260af7928f7bf04478","id":{"unicity":"32966"},"weightEach":{"value":0},"servingsPerContainer":0,"servingSize":0},"quantity":1,"terms":{"priceEach":1381.68,"taxEach":{"amount":124.35},"discountEach":{"amount":0},"pvEach":912},"quantityLimit":{"quantityQuota":-1,"timeFrameDays":-1,"quantityOrdered":0}}]},"currency":"EUR"},{"lines":{"items":[{"item":{"href":"https://hydraqa.unicity.net/v5a-test/items/2faa0a2bcdeed39b7569e085fe880a23","id":{"unicity":"33097"},"weightEach":{"value":0},"servingsPerContainer":0,"servingSize":0},"quantity":1,"terms":{"priceEach":703.21,"taxEach":{"amount":63.29},"discountEach":{"amount":0},"pvEach":500},"quantityLimit":{"quantityQuota":-1,"timeFrameDays":-1,"quantityOrdered":0}}]},"currency":"EUR"},{"lines":{"items":[{"item":{"href":"https://hydraqa.unicity.net/v5a-test/items/3196d0b751f9119076e364a1cb03fa18","id":{"unicity":"33095"},"weightEach":{"value":0},"servingsPerContainer":0,"servingSize":0},"quantity":1,"terms":{"priceEach":740.99,"taxEach":{"amount":66.69},"discountEach":{"amount":0},"pvEach":514},"quantityLimit":{"quantityQuota":-1,"timeFrameDays":-1,"quantityOrdered":0}}]},"currency":"EUR"},{"lines":{"items":[{"item":{"href":"https://hydraqa.unicity.net/v5a-test/items/9c43de3dc98337bf964013caa56e3e98","id":{"unicity":"33098"},"weightEach":{"value":0},"servingsPerContainer":0,"servingSize":0},"quantity":1,"terms":{"priceEach":1406.42,"taxEach":{"amount":126.58},"discountEach":{"amount":0},"pvEach":1000},"quantityLimit":{"quantityQuota":-1,"timeFrameDays":-1,"quantityOrdered":0}}]},"currency":"EUR"},{"lines":{"items":[{"item":{"href":"https://hydraqa.unicity.net/v5a-test/items/bdcb8e96238e2243278e5627f9a5f893","id":{"unicity":"33096"},"weightEach":{"value":0},"servingsPerContainer":0,"servingSize":0},"quantity":1,"terms":{"priceEach":1481.98,"taxEach":{"amount":133.38},"discountEach":{"amount":0},"pvEach":1028},"quantityLimit":{"quantityQuota":-1,"timeFrameDays":-1,"quantityOrdered":0}}]},"currency":"EUR"},{"lines":{"items":[{"item":{"href":"https://hydraqa.unicity.net/v5a-test/items/332daeac6796ed016ea8b7d0bc42c2d4","id":{"unicity":"24274"},"weightEach":{"value":0},"servingsPerContainer":0,"servingSize":0},"quantity":1,"terms":{"priceEach":7.48,"taxEach":{"amount":1.57},"discountEach":{"amount":0},"pvEach":0},"quantityLimit":{"quantityQuota":-1,"timeFrameDays":-1,"quantityOrdered":0}}]},"currency":"EUR"},{"lines":{"items":[{"item":{"href":"https://hydraqa.unicity.net/v5a-test/items/1945faa1776541d53120ecfe3c1d8a2b","id":{"unicity":"24418"},"weightEach":{"value":0},"servingsPerContainer":0,"servingSize":0},"quantity":1,"terms":{"priceEach":4.96,"taxEach":{"amount":1.04},"discountEach":{"amount":0},"pvEach":0},"quantityLimit":{"quantityQuota":-1,"timeFrameDays":-1,"quantityOrdered":0}}]},"currency":"EUR"},{"lines":{"items":[{"item":{"href":"https://hydraqa.unicity.net/v5a-test/items/5147f8cfe32548e02fc158d4da9c4d6f","id":{"unicity":"27150"},"weightEach":{"value":0},"servingsPerContainer":0,"servingSize":0},"quantity":1,"terms":{"priceEach":93.36,"taxEach":{"amount":8.4},"discountEach":{"amount":0},"pvEach":70},"quantityLimit":{"quantityQuota":-1,"timeFrameDays":-1,"quantityOrdered":0}}]},"currency":"EUR"},{"lines":{"items":[{"item":{"href":"https://hydraqa.unicity.net/v5a-test/items/03eba2365025ccd85818846a83a16f47","id":{"unicity":"27163"},"weightEach":{"value":258},"servingsPerContainer":30,"servingSize":0},"quantity":1,"terms":{"priceEach":74.67,"taxEach":{"amount":6.72},"discountEach":{"amount":0},"pvEach":54},"quantityLimit":{"quantityQuota":-1,"timeFrameDays":-1,"quantityOrdered":0}}]},"currency":"EUR"},{"lines":{"items":[{"item":{"href":"https://hydraqa.unicity.net/v5a-test/items/7d4ad2792f7056e5f81eb24f118ef737","id":{"unicity":"27575"},"weightEach":{"value":1104},"servingsPerContainer":30,"servingSize":0},"quantity":1,"terms":{"priceEach":55.98,"taxEach":{"amount":5.04},"discountEach":{"amount":0},"pvEach":34},"quantityLimit":{"quantityQuota":-1,"timeFrameDays":-1,"quantityOrdered":0}}]},"currency":"EUR"},{"lines":{"items":[{"item":{"href":"https://hydraqa.unicity.net/v5a-test/items/3f2d12d7a0e8551fc99fad3bbe1ba633","id":{"unicity":"26567"},"weightEach":{"value":173.46},"servingsPerContainer":60,"servingSize":0},"quantity":1,"terms":{"priceEach":55.98,"taxEach":{"amount":5.04},"discountEach":{"amount":0},"pvEach":26},"quantityLimit":{"quantityQuota":-1,"timeFrameDays":-1,"quantityOrdered":0}}]},"currency":"EUR"},{"lines":{"items":[{"item":{"href":"https://hydraqa.unicity.net/v5a-test/items/191637167cb3144bd2e8c4615e9ab67e","id":{"unicity":"26568"},"weightEach":{"value":198.24},"servingsPerContainer":60,"servingSize":0},"quantity":1,"terms":{"priceEach":55.98,"taxEach":{"amount":5.04},"discountEach":{"amount":0},"pvEach":26},"quantityLimit":{"quantityQuota":-1,"timeFrameDays":-1,"quantityOrdered":0}}]},"currency":"EUR"},{"lines":{"items":[{"item":{"href":"https://hydraqa.unicity.net/v5a-test/items/606f7be753c74dfbfe4b107276775140","id":{"unicity":"29821"},"weightEach":{"value":133.5},"servingsPerContainer":30,"servingSize":0},"quantity":1,"terms":{"priceEach":79.35,"taxEach":{"amount":7.14},"discountEach":{"amount":0},"pvEach":59},"quantityLimit":{"quantityQuota":-1,"timeFrameDays":-1,"quantityOrdered":0}}]},"currency":"EUR"},{"lines":{"items":[{"item":{"href":"https://hydraqa.unicity.net/v5a-test/items/94939f9be900906d2b47260ccba22a7b","id":{"unicity":"32012"},"weightEach":{"value":420},"servingsPerContainer":20,"servingSize":0},"quantity":1,"terms":{"priceEach":13.93,"taxEach":{"amount":1.25},"discountEach":{"amount":0},"pvEach":6},"quantityLimit":{"quantityQuota":-1,"timeFrameDays":-1,"quantityOrdered":0}}]},"currency":"EUR"},{"lines":{"items":[{"item":{"href":"https://hydraqa.unicity.net/v5a-test/items/991cdbb84a495779eb209fb3956a77e4","id":{"unicity":"29183"},"weightEach":{"value":50},"servingsPerContainer":0,"servingSize":0},"quantity":1,"terms":{"priceEach":31.01,"taxEach":{"amount":6.51},"discountEach":{"amount":0},"pvEach":18},"quantityLimit":{"quantityQuota":-1,"timeFrameDays":-1,"quantityOrdered":0}}]},"currency":"EUR"},{"lines":{"items":[{"item":{"href":"https://hydraqa.unicity.net/v5a-test/items/0e78fbdfebef11cd62f8d2120064ee58","id":{"unicity":"30280"},"weightEach":{"value":30},"servingsPerContainer":0,"servingSize":0},"quantity":1,"terms":{"priceEach":33.53,"taxEach":{"amount":7.04},"discountEach":{"amount":0},"pvEach":20},"quantityLimit":{"quantityQuota":-1,"timeFrameDays":-1,"quantityOrdered":0}}]},"currency":"EUR"},{"lines":{"items":[{"item":{"href":"https://hydraqa.unicity.net/v5a-test/items/beb900429fbb160dbfc3001c14d96df4","id":{"unicity":"29187"},"weightEach":{"value":30},"servingsPerContainer":0,"servingSize":0},"quantity":1,"terms":{"priceEach":37.73,"taxEach":{"amount":7.92},"discountEach":{"amount":0},"pvEach":24},"quantityLimit":{"quantityQuota":-1,"timeFrameDays":-1,"quantityOrdered":0}}]},"currency":"EUR"},{"lines":{"items":[{"item":{"href":"https://hydraqa.unicity.net/v5a-test/items/1b0412bea8c0b841c66f65a36aa14108","id":{"unicity":"29191"},"weightEach":{"value":30},"servingsPerContainer":0,"servingSize":0},"quantity":1,"terms":{"priceEach":37.73,"taxEach":{"amount":7.92},"discountEach":{"amount":0},"pvEach":24},"quantityLimit":{"quantityQuota":-1,"timeFrameDays":-1,"quantityOrdered":0}}]},"currency":"EUR"},{"lines":{"items":[{"item":{"href":"https://hydraqa.unicity.net/v5a-test/items/52c87f74d3b41ed49b0f897b66c2a99b","id":{"unicity":"30684"},"weightEach":{"value":450},"servingsPerContainer":30,"servingSize":0},"quantity":1,"terms":{"priceEach":37.29,"taxEach":{"amount":3.36},"discountEach":{"amount":0},"pvEach":23},"quantityLimit":{"quantityQuota":-1,"timeFrameDays":-1,"quantityOrdered":0}}]},"currency":"EUR"},{"lines":{"items":[{"item":{"href":"https://hydraqa.unicity.net/v5a-test/items/90f38f77c9e6ea5a71aa7377df83760b","id":{"unicity":"30198"},"weightEach":{"value":0},"servingsPerContainer":0,"servingSize":0},"quantity":1,"terms":{"priceEach":19,"taxEach":{"amount":1.71},"discountEach":{"amount":0},"pvEach":16},"quantityLimit":{"quantityQuota":-1,"timeFrameDays":-1,"quantityOrdered":0}}]},"currency":"EUR"},{"lines":{"items":[{"item":{"href":"https://hydraqa.unicity.net/v5a-test/items/ab2a2b07b17718843a66bee04ff40624","id":{"unicity":"31402"},"weightEach":{"value":477},"servingsPerContainer":30,"servingSize":0},"quantity":1,"terms":{"priceEach":92.43,"taxEach":{"amount":8.32},"discountEach":{"amount":0},"pvEach":70},"quantityLimit":{"quantityQuota":-1,"timeFrameDays":-1,"quantityOrdered":0}}]},"currency":"EUR"},{"lines":{"items":[{"item":{"href":"https://hydraqa.unicity.net/v5a-test/items/7e5e7df32701fd44947c8146f2129f7a","id":{"unicity":"31672"},"weightEach":{"value":270},"servingsPerContainer":15,"servingSize":0},"quantity":1,"terms":{"priceEach":74.67,"taxEach":{"amount":6.72},"discountEach":{"amount":0},"pvEach":54},"quantityLimit":{"quantityQuota":-1,"timeFrameDays":-1,"quantityOrdered":0}}]},"currency":"EUR"},{"lines":{"items":[{"item":{"href":"https://hydraqa.unicity.net/v5a-test/items/493c2ba720f847422eccc5da35024f33","id":{"unicity":"31534"},"weightEach":{"value":95},"servingsPerContainer":60,"servingSize":0},"quantity":1,"terms":{"priceEach":26.07,"taxEach":{"amount":2.35},"discountEach":{"amount":0},"pvEach":16},"quantityLimit":{"quantityQuota":-1,"timeFrameDays":-1,"quantityOrdered":0}}]},"currency":"EUR"},{"lines":{"items":[{"item":{"href":"https://hydraqa.unicity.net/v5a-test/items/bfddb53fe0d5ed5432c531dc9850cbe4","id":{"unicity":"29449"},"weightEach":{"value":60},"servingsPerContainer":30,"servingSize":0},"quantity":1,"terms":{"priceEach":26.07,"taxEach":{"amount":2.35},"discountEach":{"amount":0},"pvEach":16},"quantityLimit":{"quantityQuota":-1,"timeFrameDays":-1,"quantityOrdered":0}}]},"currency":"EUR"},{"lines":{"items":[{"item":{"href":"https://hydraqa.unicity.net/v5a-test/items/fbb6dbd577adb73abaec364076fb288f","id":{"unicity":"32087"},"weightEach":{"value":600},"servingsPerContainer":10,"servingSize":0},"quantity":1,"terms":{"priceEach":20.47,"taxEach":{"amount":1.84},"discountEach":{"amount":0},"pvEach":9},"quantityLimit":{"quantityQuota":-1,"timeFrameDays":-1,"quantityOrdered":0}}]},"currency":"EUR"},{"lines":{"items":[{"item":{"href":"https://hydraqa.unicity.net/v5a-test/items/1f59b10f0bef99fa20e4b9b0b4efea88","id":{"unicity":"32333"},"weightEach":{"value":0},"servingsPerContainer":0,"servingSize":0},"quantity":1,"terms":{"priceEach":9.16,"taxEach":{"amount":1.92},"discountEach":{"amount":0},"pvEach":0},"quantityLimit":{"quantityQuota":-1,"timeFrameDays":-1,"quantityOrdered":0}}]},"currency":"EUR"},{"lines":{"items":[{"item":{"href":"https://hydraqa.unicity.net/v5a-test/items/592aef9ec417f4553dc0b62a91a1f5e0","id":{"unicity":"32330"},"weightEach":{"value":0},"servingsPerContainer":0,"servingSize":0},"quantity":1,"terms":{"priceEach":93.36,"taxEach":{"amount":8.4},"discountEach":{"amount":0},"pvEach":55},"quantityLimit":{"quantityQuota":-1,"timeFrameDays":-1,"quantityOrdered":0}}]},"currency":"EUR"},{"lines":{"items":[{"item":{"href":"https://hydraqa.unicity.net/v5a-test/items/87dd58dff9eb54a10b652443e7279a1e","id":{"unicity":"32693"},"weightEach":{"value":0},"servingsPerContainer":0,"servingSize":0},"quantity":1,"terms":{"priceEach":79.35,"taxEach":{"amount":7.14},"discountEach":{"amount":0},"pvEach":59},"quantityLimit":{"quantityQuota":-1,"timeFrameDays":-1,"quantityOrdered":0}}]},"currency":"EUR"},{"lines":{"items":[{"item":{"href":"https://hydraqa.unicity.net/v5a-test/items/1bd53de7fe880ba71f46c9976ca2c137","id":{"unicity":"27739"},"weightEach":{"value":0},"servingsPerContainer":0,"servingSize":0},"quantity":1,"terms":{"priceEach":37.29,"taxEach":{"amount":3.36},"discountEach":{"amount":0},"pvEach":23},"quantityLimit":{"quantityQuota":-1,"timeFrameDays":-1,"quantityOrdered":0}}]},"currency":"EUR"}]}
Entry request : {"order":{"customer":{"href":"https://hydraqa.unicity.net/v5a-test/customers?type=Associate"},"shipToAddress":{"country":"DK"}},"vary":{"lines":{"items":[{"item":{"href":"https://hydraqa.unicity.net/v5a-test/items?id.unicity=27158|31763|31951|31952|32128|32129|32130|32132|32133|32134|32135|32136|32137|32138|32125|32699|33092|33094|33093|18511|26422|27156|27160|27166|27617|27660|27585|27587|28601|28604|27395|15880|26560|29017|24758|17174|29522|31772|31777|31780|31781|31782|31779|31932|31778|32556|29317|32126|32127|29832|29833|32755|32756|32967|32968|32965|32966|33097|33095|33098|33096|24274|24418|27150|27163|27575|26567|26568|29821|32012|29183|30280|29187|29191|30684|30198|31402|31672|31534|29449|32087|32333|32330|32693|27739"}}]}}}
Total Pv Greater then 1000 - 1141
[https://hydraqa.unicity.net/v5a-test/items?id.unicity=32127, https://hydraqa.unicity.net/v5a-test/items?id.unicity=33096]
Request URL: https://hydraqa.unicity.net/v5a-test/customers.js?callback=angular.callbacks._1&expand=customer,profilePicture&id.unicity=2
Request URL: https://hydraqa.unicity.net/v5a-test/customers.js?_httpMethod=HEAD&callback=angular.callbacks._7&email=NPEGXB@gmail.com
Request URL: https://hydraqa.unicity.net/v5a-test/shippingmethods.js?callback=angular.callbacks._a&destination=DK&market=DK
]]></system-out>
    <system-err><![CDATA[Starting ChromeDriver 2.36.540470 (e522d04694c7ebea4ba8821272dbef4f9b818c91) on port 16970
Only local connections are allowed.
Oct 13, 2020 10:19:53 AM org.openqa.selenium.remote.ProtocolHandshake createSession
INFO: Detected dialect: OSS
]]></system-err>
  </testcase>
  <testcase name="Enroll" classname="Tests.FranchisePartner" time="290.399"/>
  <testcase name="Enroll" classname="Tests.FranchisePartner" time="343.825"/>
  <testcase name="Enroll" classname="Tests.FranchisePartner" time="295.545"/>
  <testcase name="Enroll" classname="Tests.FranchisePartner" time="325.024"/>
  <testcase name="Enroll" classname="Tests.FranchisePartner" time="257.972"/>
  <testcase name="Enroll" classname="Tests.FranchisePartner" time="266.242"/>
  <testcase name="Enroll" classname="Tests.FranchisePartner" time="11.201">
    <failure message="Major market is missing expected [Ukraine] but found [Turkey]" type="java.lang.AssertionError">java.lang.AssertionError: Major market is missing expected [Ukraine] but found [Turkey]
	at Tests.FranchisePartner.Enroll(FranchisePartner.java:248)
</failure>
    <system-err><![CDATA[Starting ChromeDriver 2.36.540470 (e522d04694c7ebea4ba8821272dbef4f9b818c91) on port 40489
Only local connections are allowed.
Oct 13, 2020 10:54:23 AM org.openqa.selenium.remote.ProtocolHandshake createSession
INFO: Detected dialect: OSS
]]></system-err>
  </testcase>
  <testcase name="Enroll" classname="Tests.FranchisePartner" time="11.295">
    <failure message="Major market is missing expected [Ukraine] but found [Turkey]" type="java.lang.AssertionError">java.lang.AssertionError: Major market is missing expected [Ukraine] but found [Turkey]
	at Tests.FranchisePartner.Enroll(FranchisePartner.java:248)
</failure>
    <system-err><![CDATA[Starting ChromeDriver 2.36.540470 (e522d04694c7ebea4ba8821272dbef4f9b818c91) on port 29582
Only local connections are allowed.
Oct 13, 2020 10:54:42 AM org.openqa.selenium.remote.ProtocolHandshake createSession
INFO: Detected dialect: OSS
]]></system-err>
  </testcase>
  <testcase name="Enroll" classname="Tests.FranchisePartner" time="11.398">
    <failure message="Major market is missing expected [Ukraine] but found [Turkey]" type="java.lang.AssertionError">java.lang.AssertionError: Major market is missing expected [Ukraine] but found [Turkey]
	at Tests.FranchisePartner.Enroll(FranchisePartner.java:248)
</failure>
    <system-err><![CDATA[Starting ChromeDriver 2.36.540470 (e522d04694c7ebea4ba8821272dbef4f9b818c91) on port 46188
Only local connections are allowed.
Oct 13, 2020 10:54:59 AM org.openqa.selenium.remote.ProtocolHandshake createSession
INFO: Detected dialect: OSS
]]></system-err>
  </testcase>
  <testcase name="Enroll" classname="Tests.FranchisePartner" time="11.397">
    <failure message="Major market is missing expected [Ukraine] but found [Turkey]" type="java.lang.AssertionError">java.lang.AssertionError: Major market is missing expected [Ukraine] but found [Turkey]
	at Tests.FranchisePartner.Enroll(FranchisePartner.java:248)
</failure>
    <system-err><![CDATA[Starting ChromeDriver 2.36.540470 (e522d04694c7ebea4ba8821272dbef4f9b818c91) on port 31721
Only local connections are allowed.
Oct 13, 2020 10:55:17 AM org.openqa.selenium.remote.ProtocolHandshake createSession
INFO: Detected dialect: OSS
]]></system-err>
  </testcase>
  <testcase name="Enroll" classname="Tests.FranchisePartner" time="11.358">
    <failure message="Major market is missing expected [Ukraine] but found [Turkey]" type="java.lang.AssertionError">java.lang.AssertionError: Major market is missing expected [Ukraine] but found [Turkey]
	at Tests.FranchisePartner.Enroll(FranchisePartner.java:248)
</failure>
    <system-err><![CDATA[Starting ChromeDriver 2.36.540470 (e522d04694c7ebea4ba8821272dbef4f9b818c91) on port 22438
Only local connections are allowed.
Oct 13, 2020 10:55:35 AM org.openqa.selenium.remote.ProtocolHandshake createSession
INFO: Detected dialect: OSS
]]></system-err>
  </testcase>
  <testcase name="Enroll" classname="Tests.FranchisePartner" time="11.423">
    <failure message="Major market is missing expected [Ukraine] but found [Turkey]" type="java.lang.AssertionError">java.lang.AssertionError: Major market is missing expected [Ukraine] but found [Turkey]
	at Tests.FranchisePartner.Enroll(FranchisePartner.java:248)
</failure>
    <system-err><![CDATA[Starting ChromeDriver 2.36.540470 (e522d04694c7ebea4ba8821272dbef4f9b818c91) on port 18909
Only local connections are allowed.
Oct 13, 2020 10:55:53 AM org.openqa.selenium.remote.ProtocolHandshake createSession
INFO: Detected dialect: OSS
]]></system-err>
  </testcase>
  <testcase name="Enroll" classname="Tests.FranchisePartner" time="11.249">
    <failure message="Major market is missing expected [Ukraine] but found [Turkey]" type="java.lang.AssertionError">java.lang.AssertionError: Major market is missing expected [Ukraine] but found [Turkey]
	at Tests.FranchisePartner.Enroll(FranchisePartner.java:248)
</failure>
    <system-err><![CDATA[Starting ChromeDriver 2.36.540470 (e522d04694c7ebea4ba8821272dbef4f9b818c91) on port 40568
Only local connections are allowed.
Oct 13, 2020 10:56:12 AM org.openqa.selenium.remote.ProtocolHandshake createSession
INFO: Detected dialect: OSS
]]></system-err>
  </testcase>
  <testcase name="Enroll" classname="Tests.FranchisePartner" time="11.232">
    <failure message="Major market is missing expected [Ukraine] but found [Turkey]" type="java.lang.AssertionError">java.lang.AssertionError: Major market is missing expected [Ukraine] but found [Turkey]
	at Tests.FranchisePartner.Enroll(FranchisePartner.java:248)
</failure>
    <system-err><![CDATA[Starting ChromeDriver 2.36.540470 (e522d04694c7ebea4ba8821272dbef4f9b818c91) on port 28060
Only local connections are allowed.
Oct 13, 2020 10:56:30 AM org.openqa.selenium.remote.ProtocolHandshake createSession
INFO: Detected dialect: OSS
]]></system-err>
  </testcase>
  <testcase name="Enroll" classname="Tests.FranchisePartner" time="11.239">
    <failure message="Major market is missing expected [Ukraine] but found [Turkey]" type="java.lang.AssertionError">java.lang.AssertionError: Major market is missing expected [Ukraine] but found [Turkey]
	at Tests.FranchisePartner.Enroll(FranchisePartner.java:248)
</failure>
    <system-err><![CDATA[Starting ChromeDriver 2.36.540470 (e522d04694c7ebea4ba8821272dbef4f9b818c91) on port 26706
Only local connections are allowed.
Oct 13, 2020 10:56:47 AM org.openqa.selenium.remote.ProtocolHandshake createSession
INFO: Detected dialect: OSS
]]></system-err>
  </testcase>
  <testcase name="Enroll" classname="Tests.FranchisePartner" time="11.471">
    <failure message="Major market is missing expected [Ukraine] but found [Turkey]" type="java.lang.AssertionError">java.lang.AssertionError: Major market is missing expected [Ukraine] but found [Turkey]
	at Tests.FranchisePartner.Enroll(FranchisePartner.java:248)
</failure>
    <system-err><![CDATA[Starting ChromeDriver 2.36.540470 (e522d04694c7ebea4ba8821272dbef4f9b818c91) on port 38899
Only local connections are allowed.
Oct 13, 2020 10:57:05 AM org.openqa.selenium.remote.ProtocolHandshake createSession
INFO: Detected dialect: OSS
]]></system-err>
  </testcase>
  <testcase name="Enroll" classname="Tests.FranchisePartner" time="11.278">
    <failure message="Major market is missing expected [Ukraine] but found [Turkey]" type="java.lang.AssertionError">java.lang.AssertionError: Major market is missing expected [Ukraine] but found [Turkey]
	at Tests.FranchisePartner.Enroll(FranchisePartner.java:248)
</failure>
    <system-err><![CDATA[Starting ChromeDriver 2.36.540470 (e522d04694c7ebea4ba8821272dbef4f9b818c91) on port 26125
Only local connections are allowed.
Oct 13, 2020 10:57:22 AM org.openqa.selenium.remote.ProtocolHandshake createSession
INFO: Detected dialect: OSS
]]></system-err>
  </testcase>
  <testcase name="Enroll" classname="Tests.FranchisePartner" time="11.294">
    <failure message="Major market is missing expected [Ukraine] but found [Turkey]" type="java.lang.AssertionError">java.lang.AssertionError: Major market is missing expected [Ukraine] but found [Turkey]
	at Tests.FranchisePartner.Enroll(FranchisePartner.java:248)
</failure>
    <system-err><![CDATA[Starting ChromeDriver 2.36.540470 (e522d04694c7ebea4ba8821272dbef4f9b818c91) on port 17375
Only local connections are allowed.
Oct 13, 2020 10:57:39 AM org.openqa.selenium.remote.ProtocolHandshake createSession
INFO: Detected dialect: OSS
]]></system-err>
  </testcase>
  <testcase name="Enroll" classname="Tests.FranchisePartner" time="11.319">
    <failure message="Major market is missing expected [Ukraine] but found [Turkey]" type="java.lang.AssertionError">java.lang.AssertionError: Major market is missing expected [Ukraine] but found [Turkey]
	at Tests.FranchisePartner.Enroll(FranchisePartner.java:248)
</failure>
    <system-err><![CDATA[Starting ChromeDriver 2.36.540470 (e522d04694c7ebea4ba8821272dbef4f9b818c91) on port 9099
Only local connections are allowed.
Oct 13, 2020 10:57:58 AM org.openqa.selenium.remote.ProtocolHandshake createSession
INFO: Detected dialect: OSS
]]></system-err>
  </testcase>
  <testcase name="Enroll" classname="Tests.FranchisePartner" time="11.24">
    <failure message="Major market is missing expected [Ukraine] but found [Turkey]" type="java.lang.AssertionError">java.lang.AssertionError: Major market is missing expected [Ukraine] but found [Turkey]
	at Tests.FranchisePartner.Enroll(FranchisePartner.java:248)
</failure>
    <system-err><![CDATA[Starting ChromeDriver 2.36.540470 (e522d04694c7ebea4ba8821272dbef4f9b818c91) on port 45101
Only local connections are allowed.
Oct 13, 2020 10:58:16 AM org.openqa.selenium.remote.ProtocolHandshake createSession
INFO: Detected dialect: OSS
]]></system-err>
  </testcase>
  <testcase name="Enroll" classname="Tests.FranchisePartner" time="11.455">
    <failure message="Major market is missing expected [Ukraine] but found [Turkey]" type="java.lang.AssertionError">java.lang.AssertionError: Major market is missing expected [Ukraine] but found [Turkey]
	at Tests.FranchisePartner.Enroll(FranchisePartner.java:248)
</failure>
    <system-err><![CDATA[Starting ChromeDriver 2.36.540470 (e522d04694c7ebea4ba8821272dbef4f9b818c91) on port 47777
Only local connections are allowed.
Oct 13, 2020 10:58:34 AM org.openqa.selenium.remote.ProtocolHandshake createSession
INFO: Detected dialect: OSS
]]></system-err>
  </testcase>
  <testcase name="Enroll" classname="Tests.FranchisePartner" time="11.299">
    <failure message="Major market is missing expected [Ukraine] but found [Turkey]" type="java.lang.AssertionError">java.lang.AssertionError: Major market is missing expected [Ukraine] but found [Turkey]
	at Tests.FranchisePartner.Enroll(FranchisePartner.java:248)
</failure>
    <system-err><![CDATA[Starting ChromeDriver 2.36.540470 (e522d04694c7ebea4ba8821272dbef4f9b818c91) on port 4766
Only local connections are allowed.
Oct 13, 2020 10:58:52 AM org.openqa.selenium.remote.ProtocolHandshake createSession
INFO: Detected dialect: OSS
]]></system-err>
  </testcase>
  <testcase name="Enroll" classname="Tests.FranchisePartner" time="11.299">
    <failure message="Major market is missing expected [Ukraine] but found [Turkey]" type="java.lang.AssertionError">java.lang.AssertionError: Major market is missing expected [Ukraine] but found [Turkey]
	at Tests.FranchisePartner.Enroll(FranchisePartner.java:248)
</failure>
    <system-err><![CDATA[Starting ChromeDriver 2.36.540470 (e522d04694c7ebea4ba8821272dbef4f9b818c91) on port 19932
Only local connections are allowed.
Oct 13, 2020 10:59:09 AM org.openqa.selenium.remote.ProtocolHandshake createSession
INFO: Detected dialect: OSS
]]></system-err>
  </testcase>
  <testcase name="Enroll" classname="Tests.FranchisePartner" time="11.305">
    <failure message="Major market is missing expected [Ukraine] but found [Turkey]" type="java.lang.AssertionError">java.lang.AssertionError: Major market is missing expected [Ukraine] but found [Turkey]
	at Tests.FranchisePartner.Enroll(FranchisePartner.java:248)
</failure>
    <system-err><![CDATA[Starting ChromeDriver 2.36.540470 (e522d04694c7ebea4ba8821272dbef4f9b818c91) on port 41159
Only local connections are allowed.
Oct 13, 2020 10:59:26 AM org.openqa.selenium.remote.ProtocolHandshake createSession
INFO: Detected dialect: OSS
]]></system-err>
  </testcase>
  <testcase name="Enroll" classname="Tests.FranchisePartner" time="11.29">
    <failure message="Major market is missing expected [Ukraine] but found [Turkey]" type="java.lang.AssertionError">java.lang.AssertionError: Major market is missing expected [Ukraine] but found [Turkey]
	at Tests.FranchisePartner.Enroll(FranchisePartner.java:248)
</failure>
    <system-err><![CDATA[Starting ChromeDriver 2.36.540470 (e522d04694c7ebea4ba8821272dbef4f9b818c91) on port 1327
Only local connections are allowed.
Oct 13, 2020 10:59:44 AM org.openqa.selenium.remote.ProtocolHandshake createSession
INFO: Detected dialect: OSS
]]></system-err>
  </testcase>
  <testcase name="Enroll" classname="Tests.FranchisePartner" time="11.791">
    <failure message="Major market is missing expected [Ukraine] but found [Turkey]" type="java.lang.AssertionError">java.lang.AssertionError: Major market is missing expected [Ukraine] but found [Turkey]
	at Tests.FranchisePartner.Enroll(FranchisePartner.java:248)
</failure>
    <system-err><![CDATA[Starting ChromeDriver 2.36.540470 (e522d04694c7ebea4ba8821272dbef4f9b818c91) on port 21412
Only local connections are allowed.
Oct 13, 2020 11:00:03 AM org.openqa.selenium.remote.ProtocolHandshake createSession
INFO: Detected dialect: OSS
]]></system-err>
  </testcase>
  <testcase name="Enroll" classname="Tests.FranchisePartner" time="11.837">
    <failure message="Major market is missing expected [Ukraine] but found [Turkey]" type="java.lang.AssertionError">java.lang.AssertionError: Major market is missing expected [Ukraine] but found [Turkey]
	at Tests.FranchisePartner.Enroll(FranchisePartner.java:248)
</failure>
    <system-err><![CDATA[Starting ChromeDriver 2.36.540470 (e522d04694c7ebea4ba8821272dbef4f9b818c91) on port 33020
Only local connections are allowed.
Oct 13, 2020 11:00:22 AM org.openqa.selenium.remote.ProtocolHandshake createSession
INFO: Detected dialect: OSS
]]></system-err>
  </testcase>
  <testcase name="Enroll" classname="Tests.FranchisePartner" time="11.511">
    <failure message="Major market is missing expected [Ukraine] but found [Turkey]" type="java.lang.AssertionError">java.lang.AssertionError: Major market is missing expected [Ukraine] but found [Turkey]
	at Tests.FranchisePartner.Enroll(FranchisePartner.java:248)
</failure>
    <system-err><![CDATA[Starting ChromeDriver 2.36.540470 (e522d04694c7ebea4ba8821272dbef4f9b818c91) on port 22134
Only local connections are allowed.
Oct 13, 2020 11:00:40 AM org.openqa.selenium.remote.ProtocolHandshake createSession
INFO: Detected dialect: OSS
]]></system-err>
  </testcase>
  <testcase name="Enroll" classname="Tests.FranchisePartner" time="11.303">
    <failure message="Major market is missing expected [Ukraine] but found [Turkey]" type="java.lang.AssertionError">java.lang.AssertionError: Major market is missing expected [Ukraine] but found [Turkey]
	at Tests.FranchisePartner.Enroll(FranchisePartner.java:248)
</failure>
    <system-err><![CDATA[Starting ChromeDriver 2.36.540470 (e522d04694c7ebea4ba8821272dbef4f9b818c91) on port 44003
Only local connections are allowed.
Oct 13, 2020 11:00:58 AM org.openqa.selenium.remote.ProtocolHandshake createSession
INFO: Detected dialect: OSS
]]></system-err>
  </testcase>
  <testcase name="Enroll" classname="Tests.FranchisePartner" time="11.697">
    <failure message="Major market is missing expected [Ukraine] but found [Turkey]" type="java.lang.AssertionError">java.lang.AssertionError: Major market is missing expected [Ukraine] but found [Turkey]
	at Tests.FranchisePartner.Enroll(FranchisePartner.java:248)
</failure>
    <system-err><![CDATA[Starting ChromeDriver 2.36.540470 (e522d04694c7ebea4ba8821272dbef4f9b818c91) on port 18886
Only local connections are allowed.
Oct 13, 2020 11:01:17 AM org.openqa.selenium.remote.ProtocolHandshake createSession
INFO: Detected dialect: OSS
]]></system-err>
  </testcase>
  <testcase name="Enroll" classname="Tests.FranchisePartner" time="11.477">
    <failure message="Major market is missing expected [Ukraine] but found [Turkey]" type="java.lang.AssertionError">java.lang.AssertionError: Major market is missing expected [Ukraine] but found [Turkey]
	at Tests.FranchisePartner.Enroll(FranchisePartner.java:248)
</failure>
    <system-err><![CDATA[Starting ChromeDriver 2.36.540470 (e522d04694c7ebea4ba8821272dbef4f9b818c91) on port 3071
Only local connections are allowed.
Oct 13, 2020 11:01:35 AM org.openqa.selenium.remote.ProtocolHandshake createSession
INFO: Detected dialect: OSS
]]></system-err>
  </testcase>
  <testcase name="Enroll" classname="Tests.FranchisePartner" time="11.487">
    <failure message="Major market is missing expected [Ukraine] but found [Turkey]" type="java.lang.AssertionError">java.lang.AssertionError: Major market is missing expected [Ukraine] but found [Turkey]
	at Tests.FranchisePartner.Enroll(FranchisePartner.java:248)
</failure>
    <system-err><![CDATA[Starting ChromeDriver 2.36.540470 (e522d04694c7ebea4ba8821272dbef4f9b818c91) on port 7330
Only local connections are allowed.
Oct 13, 2020 11:01:53 AM org.openqa.selenium.remote.ProtocolHandshake createSession
INFO: Detected dialect: OSS
]]></system-err>
  </testcase>
  <testcase name="Enroll" classname="Tests.FranchisePartner" time="11.446">
    <failure message="Major market is missing expected [Ukraine] but found [Turkey]" type="java.lang.AssertionError">java.lang.AssertionError: Major market is missing expected [Ukraine] but found [Turkey]
	at Tests.FranchisePartner.Enroll(FranchisePartner.java:248)
</failure>
    <system-err><![CDATA[Starting ChromeDriver 2.36.540470 (e522d04694c7ebea4ba8821272dbef4f9b818c91) on port 38046
Only local connections are allowed.
Oct 13, 2020 11:02:11 AM org.openqa.selenium.remote.ProtocolHandshake createSession
INFO: Detected dialect: OSS
]]></system-err>
  </testcase>
  <testcase name="Enroll" classname="Tests.FranchisePartner" time="11.241">
    <failure message="Major market is missing expected [Ukraine] but found [Turkey]" type="java.lang.AssertionError">java.lang.AssertionError: Major market is missing expected [Ukraine] but found [Turkey]
	at Tests.FranchisePartner.Enroll(FranchisePartner.java:248)
</failure>
    <system-err><![CDATA[Starting ChromeDriver 2.36.540470 (e522d04694c7ebea4ba8821272dbef4f9b818c91) on port 38695
Only local connections are allowed.
Oct 13, 2020 11:02:29 AM org.openqa.selenium.remote.ProtocolHandshake createSession
INFO: Detected dialect: OSS
]]></system-err>
  </testcase>
  <testcase name="Enroll" classname="Tests.FranchisePartner" time="11.44">
    <failure message="Major market is missing expected [Ukraine] but found [Turkey]" type="java.lang.AssertionError">java.lang.AssertionError: Major market is missing expected [Ukraine] but found [Turkey]
	at Tests.FranchisePartner.Enroll(FranchisePartner.java:248)
</failure>
    <system-err><![CDATA[Starting ChromeDriver 2.36.540470 (e522d04694c7ebea4ba8821272dbef4f9b818c91) on port 35830
Only local connections are allowed.
Oct 13, 2020 11:02:46 AM org.openqa.selenium.remote.ProtocolHandshake createSession
INFO: Detected dialect: OSS
]]></system-err>
  </testcase>
  <testcase name="Enroll" classname="Tests.FranchisePartner" time="11.961">
    <failure message="Major market is missing expected [Ukraine] but found [Turkey]" type="java.lang.AssertionError">java.lang.AssertionError: Major market is missing expected [Ukraine] but found [Turkey]
	at Tests.FranchisePartner.Enroll(FranchisePartner.java:248)
</failure>
    <system-err><![CDATA[Starting ChromeDriver 2.36.540470 (e522d04694c7ebea4ba8821272dbef4f9b818c91) on port 20440
Only local connections are allowed.
Oct 13, 2020 11:03:03 AM org.openqa.selenium.remote.ProtocolHandshake createSession
INFO: Detected dialect: OSS
]]></system-err>
  </testcase>
  <testcase name="Enroll" classname="Tests.FranchisePartner" time="11.68">
    <failure message="Major market is missing expected [Ukraine] but found [Turkey]" type="java.lang.AssertionError">java.lang.AssertionError: Major market is missing expected [Ukraine] but found [Turkey]
	at Tests.FranchisePartner.Enroll(FranchisePartner.java:248)
</failure>
    <system-err><![CDATA[Starting ChromeDriver 2.36.540470 (e522d04694c7ebea4ba8821272dbef4f9b818c91) on port 22574
Only local connections are allowed.
Oct 13, 2020 11:03:22 AM org.openqa.selenium.remote.ProtocolHandshake createSession
INFO: Detected dialect: OSS
]]></system-err>
  </testcase>
  <testcase name="Enroll" classname="Tests.FranchisePartner" time="11.333">
    <failure message="Major market is missing expected [Ukraine] but found [Turkey]" type="java.lang.AssertionError">java.lang.AssertionError: Major market is missing expected [Ukraine] but found [Turkey]
	at Tests.FranchisePartner.Enroll(FranchisePartner.java:248)
</failure>
    <system-err><![CDATA[Starting ChromeDriver 2.36.540470 (e522d04694c7ebea4ba8821272dbef4f9b818c91) on port 18198
Only local connections are allowed.
Oct 13, 2020 11:03:41 AM org.openqa.selenium.remote.ProtocolHandshake createSession
INFO: Detected dialect: OSS
]]></system-err>
  </testcase>
  <testcase name="Enroll" classname="Tests.FranchisePartner" time="11.508">
    <failure message="Major market is missing expected [Ukraine] but found [Turkey]" type="java.lang.AssertionError">java.lang.AssertionError: Major market is missing expected [Ukraine] but found [Turkey]
	at Tests.FranchisePartner.Enroll(FranchisePartner.java:248)
</failure>
    <system-err><![CDATA[Starting ChromeDriver 2.36.540470 (e522d04694c7ebea4ba8821272dbef4f9b818c91) on port 20335
Only local connections are allowed.
Oct 13, 2020 11:04:00 AM org.openqa.selenium.remote.ProtocolHandshake createSession
INFO: Detected dialect: OSS
]]></system-err>
  </testcase>
  <testcase name="PassReferralID" classname="Tests.ReferralIDPassing" time="11.371">
    <failure message="Major market is missing expected [Ukraine] but found [Turkey]" type="java.lang.AssertionError">java.lang.AssertionError: Major market is missing expected [Ukraine] but found [Turkey]
	at Tests.ReferralIDPassing.PassReferralID(ReferralIDPassing.java:55)
</failure>
    <system-out><![CDATA[************************ sssreferalid
]]></system-out>
    <system-err><![CDATA[Starting ChromeDriver 2.36.540470 (e522d04694c7ebea4ba8821272dbef4f9b818c91) on port 3495
Only local connections are allowed.
Oct 13, 2020 11:04:17 AM org.openqa.selenium.remote.ProtocolHandshake createSession
INFO: Detected dialect: OSS
]]></system-err>
  </testcase>
  <testcase name="PassReferralID" classname="Tests.ReferralIDPassing" time="11.465">
    <failure message="Major market is missing expected [Ukraine] but found [Turkey]" type="java.lang.AssertionError">java.lang.AssertionError: Major market is missing expected [Ukraine] but found [Turkey]
	at Tests.ReferralIDPassing.PassReferralID(ReferralIDPassing.java:55)
</failure>
    <system-out><![CDATA[************************ sssreferalid
]]></system-out>
    <system-err><![CDATA[Starting ChromeDriver 2.36.540470 (e522d04694c7ebea4ba8821272dbef4f9b818c91) on port 46773
Only local connections are allowed.
Oct 13, 2020 11:04:37 AM org.openqa.selenium.remote.ProtocolHandshake createSession
INFO: Detected dialect: OSS
]]></system-err>
  </testcase>
  <testcase name="INDPassReferralID" classname="Tests.INDReferralIDPassing" time="11.485">
    <failure message="Major market is missing expected [Ukraine] but found [Turkey]" type="java.lang.AssertionError">java.lang.AssertionError: Major market is missing expected [Ukraine] but found [Turkey]
	at Tests.INDReferralIDPassing.INDPassReferralID(INDReferralIDPassing.java:47)
</failure>
    <system-out><![CDATA[************************ dddindreferalid
]]></system-out>
    <system-err><![CDATA[Starting ChromeDriver 2.36.540470 (e522d04694c7ebea4ba8821272dbef4f9b818c91) on port 15642
Only local connections are allowed.
Oct 13, 2020 11:04:57 AM org.openqa.selenium.remote.ProtocolHandshake createSession
INFO: Detected dialect: OSS
]]></system-err>
  </testcase>
  <testcase name="Enroll" classname="Tests.PrefferedCustomer" time="249.881">
    <failure message="Major market is missing expected [Ukraine] but found [Turkey]" type="java.lang.AssertionError">java.lang.AssertionError: Major market is missing expected [Ukraine] but found [Turkey]
	at Tests.PrefferedCustomer.Enroll(PrefferedCustomer.java:104)
</failure>
    <system-out><![CDATA[Request URL: https://hydraqa.unicity.net/v5a-test/quotes?&expand=item
Entry Quotes response : {"items":[{"lines":{"items":[{"item":{"href":"https://hydraqa.unicity.net/v5a-test/items/051e765a5a71835a859c2757edd359f0","id":{"unicity":"26580"}},"quantity":1,"terms":{"priceEach":225,"taxEach":{"amount":0},"discountEach":{"amount":0},"pvEach":130},"quantityLimit":{"quantityQuota":-1,"timeFrameDays":-1,"quantityOrdered":0}}]},"currency":"USD"},{"lines":{"items":[{"item":{"href":"https://hydraqa.unicity.net/v5a-test/items/38da42f991a40a00153b2e5055b82dbf","id":{"unicity":"27801"}},"quantity":1,"terms":{"priceEach":225,"taxEach":{"amount":0},"discountEach":{"amount":0},"pvEach":130},"quantityLimit":{"quantityQuota":-1,"timeFrameDays":-1,"quantityOrdered":0}}]},"currency":"USD"},{"lines":{"items":[{"item":{"href":"https://hydraqa.unicity.net/v5a-test/items/9ff4257741d464b686d15be955b8afb6","id":{"unicity":"0963"}},"quantity":1,"terms":{"priceEach":54,"taxEach":{"amount":0},"discountEach":{"amount":0},"pvEach":25},"quantityLimit":{"quantityQuota":-1,"timeFrameDays":-1,"quantityOrdered":0}}]},"currency":"USD"},{"lines":{"items":[{"item":{"href":"https://hydraqa.unicity.net/v5a-test/items/716b7a0bca7fa73e42e000d668e7ee65","id":{"unicity":"15129"}},"quantity":1,"terms":{"priceEach":29,"taxEach":{"amount":0},"discountEach":{"amount":0},"pvEach":10},"quantityLimit":{"quantityQuota":-1,"timeFrameDays":-1,"quantityOrdered":0}}]},"currency":"USD"},{"lines":{"items":[{"item":{"href":"https://hydraqa.unicity.net/v5a-test/items/390a7ae70d5669561ecdf7d5cff2671b","id":{"unicity":"15271"}},"quantity":1,"terms":{"priceEach":89,"taxEach":{"amount":0},"discountEach":{"amount":0},"pvEach":27},"quantityLimit":{"quantityQuota":-1,"timeFrameDays":-1,"quantityOrdered":0}}]},"currency":"USD"},{"lines":{"items":[{"item":{"href":"https://hydraqa.unicity.net/v5a-test/items/4b2034f47fce90b87bba28c5c2d7c25d","id":{"unicity":"15880"}},"quantity":1,"terms":{"priceEach":76,"taxEach":{"amount":0},"discountEach":{"amount":0},"pvEach":41},"quantityLimit":{"quantityQuota":-1,"timeFrameDays":-1,"quantityOrdered":0}}]},"currency":"USD"},{"lines":{"items":[{"item":{"href":"https://hydraqa.unicity.net/v5a-test/items/2c4c1abe00983e85aaa918d2ce341491","id":{"unicity":"17174"}},"quantity":1,"terms":{"priceEach":22,"taxEach":{"amount":0},"discountEach":{"amount":0},"pvEach":10},"quantityLimit":{"quantityQuota":-1,"timeFrameDays":-1,"quantityOrdered":0}}]},"currency":"USD"},{"lines":{"items":[{"item":{"href":"https://hydraqa.unicity.net/v5a-test/items/cea826eab72d44641c070aab6c97c1ac","id":{"unicity":"22747"}},"quantity":1,"terms":{"priceEach":35,"taxEach":{"amount":0},"discountEach":{"amount":0},"pvEach":16},"quantityLimit":{"quantityQuota":-1,"timeFrameDays":-1,"quantityOrdered":0}}]},"currency":"USD"},{"lines":{"items":[{"item":{"href":"https://hydraqa.unicity.net/v5a-test/items/5c2f1613082782e691d32fe9ce034026","id":{"unicity":"23728"}},"quantity":1,"terms":{"priceEach":34,"taxEach":{"amount":0},"discountEach":{"amount":0},"pvEach":13},"quantityLimit":{"quantityQuota":-1,"timeFrameDays":-1,"quantityOrdered":0}}]},"currency":"USD"},{"lines":{"items":[{"item":{"href":"https://hydraqa.unicity.net/v5a-test/items/64ec7ad932acafab052a4e8800ad1238","id":{"unicity":"24758"}},"quantity":1,"terms":{"priceEach":40,"taxEach":{"amount":0},"discountEach":{"amount":0},"pvEach":21},"quantityLimit":{"quantityQuota":-1,"timeFrameDays":-1,"quantityOrdered":0}}]},"currency":"USD"},{"lines":{"items":[{"item":{"href":"https://hydraqa.unicity.net/v5a-test/items/9a7715e888c94989d898fe4653645721","id":{"unicity":"26550"}},"quantity":1,"terms":{"priceEach":99,"taxEach":{"amount":0},"discountEach":{"amount":0},"pvEach":52},"quantityLimit":{"quantityQuota":-1,"timeFrameDays":-1,"quantityOrdered":0}}]},"currency":"USD"},{"lines":{"items":[{"item":{"href":"https://hydraqa.unicity.net/v5a-test/items/3af97c67f653253825a9189a27da57d6","id":{"unicity":"26556"}},"quantity":1,"terms":{"priceEach":101,"taxEach":{"amount":0},"discountEach":{"amount":0},"pvEach":61},"quantityLimit":{"quantityQuota":-1,"timeFrameDays":-1,"quantityOrdered":0}}]},"currency":"USD"},{"lines":{"items":[{"item":{"href":"https://hydraqa.unicity.net/v5a-test/items/0cf62d38e91953b43dcfe88b06f813cb","id":{"unicity":"26557"}},"quantity":1,"terms":{"priceEach":101,"taxEach":{"amount":0},"discountEach":{"amount":0},"pvEach":61},"quantityLimit":{"quantityQuota":-1,"timeFrameDays":-1,"quantityOrdered":0}}]},"currency":"USD"},{"lines":{"items":[{"item":{"href":"https://hydraqa.unicity.net/v5a-test/items/398d06b858b960f6f38086d40608aef2","id":{"unicity":"26560"}},"quantity":1,"terms":{"priceEach":21,"taxEach":{"amount":0},"discountEach":{"amount":0},"pvEach":12},"quantityLimit":{"quantityQuota":-1,"timeFrameDays":-1,"quantityOrdered":0}}]},"currency":"USD"},{"lines":{"items":[{"item":{"href":"https://hydraqa.unicity.net/v5a-test/items/cda534d686af5d627c94c4bb2c4b57d8","id":{"unicity":"26561"}},"quantity":1,"terms":{"priceEach":21,"taxEach":{"amount":0},"discountEach":{"amount":0},"pvEach":11},"quantityLimit":{"quantityQuota":-1,"timeFrameDays":-1,"quantityOrdered":0}}]},"currency":"USD"},{"lines":{"items":[{"item":{"href":"https://hydraqa.unicity.net/v5a-test/items/0a3ede185ddf034630afd891c5106d33","id":{"unicity":"26562"}},"quantity":1,"terms":{"priceEach":43,"taxEach":{"amount":0},"discountEach":{"amount":0},"pvEach":25},"quantityLimit":{"quantityQuota":-1,"timeFrameDays":-1,"quantityOrdered":0}}]},"currency":"USD"},{"lines":{"items":[{"item":{"href":"https://hydraqa.unicity.net/v5a-test/items/16ca68abaaa92505c257be022a154769","id":{"unicity":"27615"}},"quantity":1,"terms":{"priceEach":37,"taxEach":{"amount":0},"discountEach":{"amount":0},"pvEach":21},"quantityLimit":{"quantityQuota":-1,"timeFrameDays":-1,"quantityOrdered":0}}]},"currency":"USD"},{"lines":{"items":[{"item":{"href":"https://hydraqa.unicity.net/v5a-test/items/1bd53de7fe880ba71f46c9976ca2c137","id":{"unicity":"27739"}},"quantity":1,"terms":{"priceEach":43,"taxEach":{"amount":0},"discountEach":{"amount":0},"pvEach":13},"quantityLimit":{"quantityQuota":-1,"timeFrameDays":-1,"quantityOrdered":0}}]},"currency":"USD"},{"lines":{"items":[{"item":{"href":"https://hydraqa.unicity.net/v5a-test/items/1945faa1776541d53120ecfe3c1d8a2b","id":{"unicity":"24418"}},"quantity":1,"terms":{"priceEach":7,"taxEach":{"amount":0},"discountEach":{"amount":0},"pvEach":0},"quantityLimit":{"quantityQuota":-1,"timeFrameDays":-1,"quantityOrdered":0}}]},"currency":"USD"},{"lines":{"items":[{"item":{"href":"https://hydraqa.unicity.net/v5a-test/items/9a6e1d094182389c3da8e0a320ff0e00","id":{"unicity":"27585"}},"quantity":1,"terms":{"priceEach":69,"taxEach":{"amount":0},"discountEach":{"amount":0},"pvEach":33},"quantityLimit":{"quantityQuota":-1,"timeFrameDays":-1,"quantityOrdered":0}}]},"currency":"USD"},{"lines":{"items":[{"item":{"href":"https://hydraqa.unicity.net/v5a-test/items/b127a2d34d3d73e2f53e4c2002a7a4a2","id":{"unicity":"25008"}},"quantity":1,"terms":{"priceEach":24,"taxEach":{"amount":0},"discountEach":{"amount":0},"pvEach":15},"quantityLimit":{"quantityQuota":-1,"timeFrameDays":-1,"quantityOrdered":0}}]},"currency":"USD"},{"lines":{"items":[{"item":{"href":"https://hydraqa.unicity.net/v5a-test/items/10da226fab00279b4f89df10af2a10b7","id":{"unicity":"26442"}},"quantity":1,"terms":{"priceEach":8,"taxEach":{"amount":0},"discountEach":{"amount":0},"pvEach":0},"quantityLimit":{"quantityQuota":-1,"timeFrameDays":-1,"quantityOrdered":0}}]},"currency":"USD"},{"lines":{"items":[{"item":{"href":"https://hydraqa.unicity.net/v5a-test/items/933f0856fd8ec1df83c5283dabf4ec3c","id":{"unicity":"6200"}},"quantity":1,"terms":{"priceEach":88,"taxEach":{"amount":0},"discountEach":{"amount":0},"pvEach":47},"quantityLimit":{"quantityQuota":-1,"timeFrameDays":-1,"quantityOrdered":0}}]},"currency":"USD"},{"lines":{"items":[{"item":{"href":"https://hydraqa.unicity.net/v5a-test/items/8d994059c399f5551ab112574e4476fc","id":{"unicity":"24785"}},"quantity":1,"terms":{"priceEach":18,"taxEach":{"amount":0},"discountEach":{"amount":0},"pvEach":9},"quantityLimit":{"quantityQuota":-1,"timeFrameDays":-1,"quantityOrdered":0}}]},"currency":"USD"},{"lines":{"items":[{"item":{"href":"https://hydraqa.unicity.net/v5a-test/items/aa0d72ac13b1ce88cf8c4a52ede75a37","id":{"unicity":"26552"}},"quantity":1,"terms":{"priceEach":89,"taxEach":{"amount":0},"discountEach":{"amount":0},"pvEach":50},"quantityLimit":{"quantityQuota":-1,"timeFrameDays":-1,"quantityOrdered":0}}]},"currency":"USD"},{"lines":{"items":[{"item":{"href":"https://hydraqa.unicity.net/v5a-test/items/8b5ed9aa6c6132e1be5e446f69a3465e","id":{"unicity":"0954"}},"quantity":1,"terms":{"priceEach":27,"taxEach":{"amount":0},"discountEach":{"amount":0},"pvEach":15},"quantityLimit":{"quantityQuota":-1,"timeFrameDays":-1,"quantityOrdered":0}}]},"currency":"USD"},{"lines":{"items":[{"item":{"href":"https://hydraqa.unicity.net/v5a-test/items/b2fc4b9ba4aa5cae54389161be2f841f","id":{"unicity":"18401"}},"quantity":1,"terms":{"priceEach":40,"taxEach":{"amount":0},"discountEach":{"amount":0},"pvEach":19},"quantityLimit":{"quantityQuota":-1,"timeFrameDays":-1,"quantityOrdered":0}}]},"currency":"USD"},{"lines":{"items":[{"item":{"href":"https://hydraqa.unicity.net/v5a-test/items/48433ffc76597c823adc2b8627e033e4","id":{"unicity":"26559"}},"quantity":1,"terms":{"priceEach":39,"taxEach":{"amount":0},"discountEach":{"amount":0},"pvEach":20},"quantityLimit":{"quantityQuota":-1,"timeFrameDays":-1,"quantityOrdered":0}}]},"currency":"USD"},{"lines":{"items":[{"item":{"href":"https://hydraqa.unicity.net/v5a-test/items/5a38f009bec6c23b1b3a70432f9722e5","id":{"unicity":"19596"}},"quantity":1,"terms":{"priceEach":63,"taxEach":{"amount":0},"discountEach":{"amount":0},"pvEach":30},"quantityLimit":{"quantityQuota":-1,"timeFrameDays":-1,"quantityOrdered":0}}]},"currency":"USD"},{"lines":{"items":[{"item":{"href":"https://hydraqa.unicity.net/v5a-test/items/ddef5f478ff91aa2263b646a3bd03dea","id":{"unicity":"21420"}},"quantity":1,"terms":{"priceEach":31,"taxEach":{"amount":0},"discountEach":{"amount":0},"pvEach":10},"quantityLimit":{"quantityQuota":-1,"timeFrameDays":-1,"quantityOrdered":0}}]},"currency":"USD"},{"lines":{"items":[{"item":{"href":"https://hydraqa.unicity.net/v5a-test/items/55d3b550a17b78175cc5ac565e4266e8","id":{"unicity":"24621"}},"quantity":1,"terms":{"priceEach":26,"taxEach":{"amount":0},"discountEach":{"amount":0},"pvEach":12},"quantityLimit":{"quantityQuota":-1,"timeFrameDays":-1,"quantityOrdered":0}}]},"currency":"USD"},{"lines":{"items":[{"item":{"href":"https://hydraqa.unicity.net/v5a-test/items/9d9d002b0e21b9bd58ad0154a4f781c5","id":{"unicity":"28836"}},"quantity":1,"terms":{"priceEach":75,"taxEach":{"amount":0},"discountEach":{"amount":0},"pvEach":36},"quantityLimit":{"quantityQuota":-1,"timeFrameDays":-1,"quantityOrdered":0}}]},"currency":"USD"},{"lines":{"items":[{"item":{"href":"https://hydraqa.unicity.net/v5a-test/items/399be8efa903b362515c48315ab2afb9","id":{"unicity":"15712"}},"quantity":1,"terms":{"priceEach":28,"taxEach":{"amount":0},"discountEach":{"amount":0},"pvEach":11},"quantityLimit":{"quantityQuota":-1,"timeFrameDays":-1,"quantityOrdered":0}}]},"currency":"USD"},{"lines":{"items":[{"item":{"href":"https://hydraqa.unicity.net/v5a-test/items/d489ec0d50f6e28d5743afc65439631b","id":{"unicity":"0960"}},"quantity":1,"terms":{"priceEach":48,"taxEach":{"amount":0},"discountEach":{"amount":0},"pvEach":23},"quantityLimit":{"quantityQuota":-1,"timeFrameDays":-1,"quantityOrdered":0}}]},"currency":"USD"},{"lines":{"items":[{"item":{"href":"https://hydraqa.unicity.net/v5a-test/items/66839181d7531692a8d886a9da6fb4d6","id":{"unicity":"25369"}},"quantity":1,"terms":{"priceEach":63,"taxEach":{"amount":0},"discountEach":{"amount":0},"pvEach":25},"quantityLimit":{"quantityQuota":-1,"timeFrameDays":-1,"quantityOrdered":0}}]},"currency":"USD"},{"lines":{"items":[{"item":{"href":"https://hydraqa.unicity.net/v5a-test/items/8ed7a8910d5c5335774fa9cfae0e511d","id":{"unicity":"18386"}},"quantity":1,"terms":{"priceEach":35,"taxEach":{"amount":0},"discountEach":{"amount":0},"pvEach":21},"quantityLimit":{"quantityQuota":-1,"timeFrameDays":-1,"quantityOrdered":0}}]},"currency":"USD"},{"lines":{"items":[{"item":{"href":"https://hydraqa.unicity.net/v5a-test/items/3f2d12d7a0e8551fc99fad3bbe1ba633","id":{"unicity":"26567"}},"quantity":1,"terms":{"priceEach":70,"taxEach":{"amount":0},"discountEach":{"amount":0},"pvEach":35},"quantityLimit":{"quantityQuota":-1,"timeFrameDays":-1,"quantityOrdered":0}}]},"currency":"USD"},{"lines":{"items":[{"item":{"href":"https://hydraqa.unicity.net/v5a-test/items/191637167cb3144bd2e8c4615e9ab67e","id":{"unicity":"26568"}},"quantity":1,"terms":{"priceEach":70,"taxEach":{"amount":0},"discountEach":{"amount":0},"pvEach":35},"quantityLimit":{"quantityQuota":-1,"timeFrameDays":-1,"quantityOrdered":0}}]},"currency":"USD"},{"lines":{"items":[{"item":{"href":"https://hydraqa.unicity.net/v5a-test/items/2cefc6a61faaae3455a5adcb0d8fc74f","id":{"unicity":"15907"}},"quantity":1,"terms":{"priceEach":19,"taxEach":{"amount":0},"discountEach":{"amount":0},"pvEach":5},"quantityLimit":{"quantityQuota":-1,"timeFrameDays":-1,"quantityOrdered":0}}]},"currency":"USD"},{"lines":{"items":[{"item":{"href":"https://hydraqa.unicity.net/v5a-test/items/e870d73cd94149d9f6b55de9736c9daa","id":{"unicity":"3107"}},"quantity":1,"terms":{"priceEach":31,"taxEach":{"amount":0},"discountEach":{"amount":0},"pvEach":16},"quantityLimit":{"quantityQuota":-1,"timeFrameDays":-1,"quantityOrdered":0}}]},"currency":"USD"},{"lines":{"items":[{"item":{"href":"https://hydraqa.unicity.net/v5a-test/items/fa2407c91e64e66a72ab45172eb978df","id":{"unicity":"0988"}},"quantity":1,"terms":{"priceEach":47,"taxEach":{"amount":0},"discountEach":{"amount":0},"pvEach":23},"quantityLimit":{"quantityQuota":-1,"timeFrameDays":-1,"quantityOrdered":0}}]},"currency":"USD"},{"lines":{"items":[{"item":{"href":"https://hydraqa.unicity.net/v5a-test/items/40a1044968ea62276f4ba87fd2ef0d8f","id":{"unicity":"12230"}},"quantity":1,"terms":{"priceEach":52,"taxEach":{"amount":0},"discountEach":{"amount":0},"pvEach":18},"quantityLimit":{"quantityQuota":-1,"timeFrameDays":-1,"quantityOrdered":0}}]},"currency":"USD"},{"lines":{"items":[{"item":{"href":"https://hydraqa.unicity.net/v5a-test/items/112b8c39286598b3730f630f371a45f4","id":{"unicity":"27587"}},"quantity":1,"terms":{"priceEach":71,"taxEach":{"amount":0},"discountEach":{"amount":0},"pvEach":33},"quantityLimit":{"quantityQuota":-1,"timeFrameDays":-1,"quantityOrdered":0}}]},"currency":"USD"},{"lines":{"items":[{"item":{"href":"https://hydraqa.unicity.net/v5a-test/items/e218d1cac5f31e7ae4f5876c29c57377","id":{"unicity":"29017"}},"quantity":1,"terms":{"priceEach":49,"taxEach":{"amount":0},"discountEach":{"amount":0},"pvEach":26},"quantityLimit":{"quantityQuota":-1,"timeFrameDays":-1,"quantityOrdered":0}}]},"currency":"USD"},{"lines":{"items":[{"item":{"href":"https://hydraqa.unicity.net/v5a-test/items/25eaf64b36ce31368f17ae789fd9ac5b","id":{"unicity":"29694"}},"quantity":1,"terms":{"priceEach":69,"taxEach":{"amount":0},"discountEach":{"amount":0},"pvEach":33},"quantityLimit":{"quantityQuota":-1,"timeFrameDays":-1,"quantityOrdered":0}}]},"currency":"USD"},{"lines":{"items":[{"item":{"href":"https://hydraqa.unicity.net/v5a-test/items/634f7efb30392b2a919de1355902d975","id":{"unicity":"29408"}},"quantity":1,"terms":{"priceEach":99,"taxEach":{"amount":0},"discountEach":{"amount":0},"pvEach":52},"quantityLimit":{"quantityQuota":-1,"timeFrameDays":-1,"quantityOrdered":0}}]},"currency":"USD"},{"lines":{"items":[{"item":{"href":"https://hydraqa.unicity.net/v5a-test/items/bb5c627f16547cb4f706cef521bca356","id":{"unicity":"29437"}},"quantity":1,"terms":{"priceEach":78,"taxEach":{"amount":0},"discountEach":{"amount":0},"pvEach":36},"quantityLimit":{"quantityQuota":-1,"timeFrameDays":-1,"quantityOrdered":0}}]},"currency":"USD"},{"lines":{"items":[{"item":{"href":"https://hydraqa.unicity.net/v5a-test/items/991cdbb84a495779eb209fb3956a77e4","id":{"unicity":"29183"}},"quantity":1,"terms":{"priceEach":52,"taxEach":{"amount":0},"discountEach":{"amount":0},"pvEach":24},"quantityLimit":{"quantityQuota":-1,"timeFrameDays":-1,"quantityOrdered":0}}]},"currency":"USD"},{"lines":{"items":[{"item":{"href":"https://hydraqa.unicity.net/v5a-test/items/1b0412bea8c0b841c66f65a36aa14108","id":{"unicity":"29191"}},"quantity":1,"terms":{"priceEach":80,"taxEach":{"amount":0},"discountEach":{"amount":0},"pvEach":36},"quantityLimit":{"quantityQuota":-1,"timeFrameDays":-1,"quantityOrdered":0}}]},"currency":"USD"},{"lines":{"items":[{"item":{"href":"https://hydraqa.unicity.net/v5a-test/items/362999101a321b721c87110710ae77b0","id":{"unicity":"29352"}},"quantity":1,"terms":{"priceEach":149,"taxEach":{"amount":0},"discountEach":{"amount":0},"pvEach":80},"quantityLimit":{"quantityQuota":-1,"timeFrameDays":-1,"quantityOrdered":0}}]},"currency":"USD"},{"lines":{"items":[{"item":{"href":"https://hydraqa.unicity.net/v5a-test/items/24ff5bda40c0d0e7eaa511866d052915","id":{"unicity":"29612"}},"quantity":1,"terms":{"priceEach":61,"taxEach":{"amount":0},"discountEach":{"amount":0},"pvEach":30},"quantityLimit":{"quantityQuota":-1,"timeFrameDays":-1,"quantityOrdered":0}}]},"currency":"USD"},{"lines":{"items":[{"item":{"href":"https://hydraqa.unicity.net/v5a-test/items/e0a19d3d676bccfdba0ab3d9f2766359","id":{"unicity":"30350"}},"quantity":1,"terms":{"priceEach":60,"taxEach":{"amount":0},"discountEach":{"amount":0},"pvEach":30},"quantityLimit":{"quantityQuota":-1,"timeFrameDays":-1,"quantityOrdered":0}}]},"currency":"USD"},{"lines":{"items":[{"item":{"href":"https://hydraqa.unicity.net/v5a-test/items/024e696f8b44a1d315006e676604cd31","id":{"unicity":"27395"}},"quantity":1,"terms":{"priceEach":32,"taxEach":{"amount":0},"discountEach":{"amount":0},"pvEach":16},"quantityLimit":{"quantityQuota":-1,"timeFrameDays":-1,"quantityOrdered":0}}]},"currency":"USD"},{"lines":{"items":[{"item":{"href":"https://hydraqa.unicity.net/v5a-test/items/05ca08f3808f126c0cc42154c50fc75c","id":{"unicity":"29440"}},"quantity":1,"terms":{"priceEach":138,"taxEach":{"amount":0},"discountEach":{"amount":0},"pvEach":90},"quantityLimit":{"quantityQuota":-1,"timeFrameDays":-1,"quantityOrdered":0}}]},"currency":"USD"},{"lines":{"items":[{"item":{"href":"https://hydraqa.unicity.net/v5a-test/items/764e2db430d361da99e8f6b70c4d0244","id":{"unicity":"29830"}},"quantity":1,"terms":{"priceEach":20,"taxEach":{"amount":0},"discountEach":{"amount":0},"pvEach":7},"quantityLimit":{"quantityQuota":-1,"timeFrameDays":-1,"quantityOrdered":0}}]},"currency":"USD"},{"lines":{"items":[{"item":{"href":"https://hydraqa.unicity.net/v5a-test/items/035189015384166df518a68ede0299a9","id":{"unicity":"30408"}},"quantity":1,"terms":{"priceEach":101,"taxEach":{"amount":0},"discountEach":{"amount":0},"pvEach":50},"quantityLimit":{"quantityQuota":-1,"timeFrameDays":-1,"quantityOrdered":0}}]},"currency":"USD"},{"lines":{"items":[{"item":{"href":"https://hydraqa.unicity.net/v5a-test/items/b91affa753dd5ee8a9acef4fa7e2c9a7","id":{"unicity":"30414"}},"quantity":1,"terms":{"priceEach":110,"taxEach":{"amount":0},"discountEach":{"amount":0},"pvEach":65},"quantityLimit":{"quantityQuota":-1,"timeFrameDays":-1,"quantityOrdered":0}}]},"currency":"USD"},{"lines":{"items":[{"item":{"href":"https://hydraqa.unicity.net/v5a-test/items/2835b1a78e379486f0ffbfd5fb9f6b0a","id":{"unicity":"30400"}},"quantity":1,"terms":{"priceEach":49,"taxEach":{"amount":0},"discountEach":{"amount":0},"pvEach":28},"quantityLimit":{"quantityQuota":-1,"timeFrameDays":-1,"quantityOrdered":0}}]},"currency":"USD"},{"lines":{"items":[{"item":{"href":"https://hydraqa.unicity.net/v5a-test/items/0e78fbdfebef11cd62f8d2120064ee58","id":{"unicity":"30280"}},"quantity":1,"terms":{"priceEach":52,"taxEach":{"amount":0},"discountEach":{"amount":0},"pvEach":24},"quantityLimit":{"quantityQuota":-1,"timeFrameDays":-1,"quantityOrdered":0}}]},"currency":"USD"},{"lines":{"items":[{"item":{"href":"https://hydraqa.unicity.net/v5a-test/items/5bda067b70c43971650a6ef983f612e4","id":{"unicity":"31728"}},"quantity":1,"terms":{"priceEach":160,"taxEach":{"amount":0},"discountEach":{"amount":0},"pvEach":94},"quantityLimit":{"quantityQuota":-1,"timeFrameDays":-1,"quantityOrdered":0}}]},"currency":"USD"},{"lines":{"items":[{"item":{"href":"https://hydraqa.unicity.net/v5a-test/items/00c2eb70c985722ce208490aece00945","id":{"unicity":"31729"}},"quantity":1,"terms":{"priceEach":170,"taxEach":{"amount":0},"discountEach":{"amount":0},"pvEach":100},"quantityLimit":{"quantityQuota":-1,"timeFrameDays":-1,"quantityOrdered":0}}]},"currency":"USD"},{"lines":{"items":[{"item":{"href":"https://hydraqa.unicity.net/v5a-test/items/693a7c4a70b06a00471afe8d6cae5023","id":{"unicity":"31730"}},"quantity":1,"terms":{"priceEach":150,"taxEach":{"amount":0},"discountEach":{"amount":0},"pvEach":80},"quantityLimit":{"quantityQuota":-1,"timeFrameDays":-1,"quantityOrdered":0}}]},"currency":"USD"},{"lines":{"items":[{"item":{"href":"https://hydraqa.unicity.net/v5a-test/items/ccb242d74dcb1fe621cc7bfe1b1de315","id":{"unicity":"31731"}},"quantity":1,"terms":{"priceEach":112,"taxEach":{"amount":0},"discountEach":{"amount":0},"pvEach":60},"quantityLimit":{"quantityQuota":-1,"timeFrameDays":-1,"quantityOrdered":0}}]},"currency":"USD"},{"lines":{"items":[{"item":{"href":"https://hydraqa.unicity.net/v5a-test/items/3875e24e6b6ebdf36c79d205614ed51e","id":{"unicity":"31846"}},"quantity":1,"terms":{"priceEach":160,"taxEach":{"amount":0},"discountEach":{"amount":0},"pvEach":94},"quantityLimit":{"quantityQuota":-1,"timeFrameDays":-1,"quantityOrdered":0}}]},"currency":"USD"},{"lines":{"items":[{"item":{"href":"https://hydraqa.unicity.net/v5a-test/items/89b6d29a85a88d44d65bc8cca3fefc65","id":{"unicity":"31845"}},"quantity":1,"terms":{"priceEach":170,"taxEach":{"amount":0},"discountEach":{"amount":0},"pvEach":100},"quantityLimit":{"quantityQuota":-1,"timeFrameDays":-1,"quantityOrdered":0}}]},"currency":"USD"},{"lines":{"items":[{"item":{"href":"https://hydraqa.unicity.net/v5a-test/items/fbb319232b7eed110794d46a68302acb","id":{"unicity":"31847"}},"quantity":1,"terms":{"priceEach":150,"taxEach":{"amount":0},"discountEach":{"amount":0},"pvEach":80},"quantityLimit":{"quantityQuota":-1,"timeFrameDays":-1,"quantityOrdered":0}}]},"currency":"USD"},{"lines":{"items":[{"item":{"href":"https://hydraqa.unicity.net/v5a-test/items/cf8460040a1860bcabf250b6c1171675","id":{"unicity":"31858"}},"quantity":1,"terms":{"priceEach":330,"taxEach":{"amount":0},"discountEach":{"amount":0},"pvEach":195},"quantityLimit":{"quantityQuota":-1,"timeFrameDays":-1,"quantityOrdered":0}}]},"currency":"USD"},{"lines":{"items":[{"item":{"href":"https://hydraqa.unicity.net/v5a-test/items/2de8516a24af8232add0bb392e750a71","id":{"unicity":"31859"}},"quantity":1,"terms":{"priceEach":225,"taxEach":{"amount":0},"discountEach":{"amount":0},"pvEach":130},"quantityLimit":{"quantityQuota":-1,"timeFrameDays":-1,"quantityOrdered":0}}]},"currency":"USD"},{"lines":{"items":[{"item":{"href":"https://hydraqa.unicity.net/v5a-test/items/fd464cd7972cc1317e850b9196d886b8","id":{"unicity":"31863"}},"quantity":1,"terms":{"priceEach":255,"taxEach":{"amount":0},"discountEach":{"amount":0},"pvEach":148},"quantityLimit":{"quantityQuota":-1,"timeFrameDays":-1,"quantityOrdered":0}}]},"currency":"USD"},{"lines":{"items":[{"item":{"href":"https://hydraqa.unicity.net/v5a-test/items/e47fd287212acedd1cffb2b67bf623bd","id":{"unicity":"31862"}},"quantity":1,"terms":{"priceEach":255,"taxEach":{"amount":0},"discountEach":{"amount":0},"pvEach":148},"quantityLimit":{"quantityQuota":-1,"timeFrameDays":-1,"quantityOrdered":0}}]},"currency":"USD"},{"lines":{"items":[{"item":{"href":"https://hydraqa.unicity.net/v5a-test/items/d4c8fce238d6fc34d17a4b36d1e4e59a","id":{"unicity":"31860"}},"quantity":1,"terms":{"priceEach":245,"taxEach":{"amount":0},"discountEach":{"amount":0},"pvEach":135},"quantityLimit":{"quantityQuota":-1,"timeFrameDays":-1,"quantityOrdered":0}}]},"currency":"USD"},{"lines":{"items":[{"item":{"href":"https://hydraqa.unicity.net/v5a-test/items/4ab49eca1731e69206ccafb5112ad5a4","id":{"unicity":"31861"}},"quantity":1,"terms":{"priceEach":245,"taxEach":{"amount":0},"discountEach":{"amount":0},"pvEach":135},"quantityLimit":{"quantityQuota":-1,"timeFrameDays":-1,"quantityOrdered":0}}]},"currency":"USD"},{"lines":{"items":[{"item":{"href":"https://hydraqa.unicity.net/v5a-test/items/077823d29445b9020de9931f10c63efd","id":{"unicity":"31958"}},"quantity":1,"terms":{"priceEach":160,"taxEach":{"amount":0},"discountEach":{"amount":0},"pvEach":85},"quantityLimit":{"quantityQuota":-1,"timeFrameDays":-1,"quantityOrdered":0}}]},"currency":"USD"},{"lines":{"items":[{"item":{"href":"https://hydraqa.unicity.net/v5a-test/items/bfddb53fe0d5ed5432c531dc9850cbe4","id":{"unicity":"29449"}},"quantity":1,"terms":{"priceEach":43,"taxEach":{"amount":0},"discountEach":{"amount":0},"pvEach":25},"quantityLimit":{"quantityQuota":-1,"timeFrameDays":-1,"quantityOrdered":0}}]},"currency":"USD"},{"lines":{"items":[{"item":{"href":"https://hydraqa.unicity.net/v5a-test/items/7fc100f8d20814757efe2d79e41b315c","id":{"unicity":"32021"}},"quantity":1,"terms":{"priceEach":104,"taxEach":{"amount":0},"discountEach":{"amount":0},"pvEach":60},"quantityLimit":{"quantityQuota":-1,"timeFrameDays":-1,"quantityOrdered":0}}]},"currency":"USD"},{"lines":{"items":[{"item":{"href":"https://hydraqa.unicity.net/v5a-test/items/50747027a065cb8361c1f0d6eb880466","id":{"unicity":"32030"}},"quantity":1,"terms":{"priceEach":179,"taxEach":{"amount":0},"discountEach":{"amount":0},"pvEach":102},"quantityLimit":{"quantityQuota":-1,"timeFrameDays":-1,"quantityOrdered":0}}]},"currency":"USD"},{"lines":{"items":[{"item":{"href":"https://hydraqa.unicity.net/v5a-test/items/c201dcd36f4bb7e17e7a8481ef08d6f2","id":{"unicity":"31518"}},"quantity":1,"terms":{"priceEach":38,"taxEach":{"amount":0},"discountEach":{"amount":0},"pvEach":14},"quantityLimit":{"quantityQuota":-1,"timeFrameDays":-1,"quantityOrdered":0}}]},"currency":"USD"},{"lines":{"items":[{"item":{"href":"https://hydraqa.unicity.net/v5a-test/items/bed533c634e887357ff031d8e4c776b0","id":{"unicity":"31751"}},"quantity":1,"terms":{"priceEach":115,"taxEach":{"amount":0},"discountEach":{"amount":0},"pvEach":50},"quantityLimit":{"quantityQuota":-1,"timeFrameDays":-1,"quantityOrdered":0}}]},"currency":"USD"},{"lines":{"items":[{"item":{"href":"https://hydraqa.unicity.net/v5a-test/items/69461244686345ba75765978ef53c749","id":{"unicity":"32015"}},"quantity":1,"terms":{"priceEach":6.95,"taxEach":{"amount":0},"discountEach":{"amount":0},"pvEach":0},"quantityLimit":{"quantityQuota":-1,"timeFrameDays":-1,"quantityOrdered":0}}]},"currency":"USD"},{"lines":{"items":[{"item":{"href":"https://hydraqa.unicity.net/v5a-test/items/c674cdded8a54983aae3c5dcb32c9e38","id":{"unicity":"32628"}},"quantity":1,"terms":{"priceEach":89,"taxEach":{"amount":0},"discountEach":{"amount":0},"pvEach":50},"quantityLimit":{"quantityQuota":-1,"timeFrameDays":-1,"quantityOrdered":0}}]},"currency":"USD"},{"lines":{"items":[{"item":{"href":"https://hydraqa.unicity.net/v5a-test/items/69d8547e9e264505ce055e09920659fd","id":{"unicity":"33019"}},"quantity":1,"terms":{"priceEach":210,"taxEach":{"amount":0},"discountEach":{"amount":0},"pvEach":151},"quantityLimit":{"quantityQuota":-1,"timeFrameDays":-1,"quantityOrdered":0}}]},"currency":"USD"},{"lines":{"items":[{"item":{"href":"https://hydraqa.unicity.net/v5a-test/items/30b5c0f54df52286b3d87a6a1dfd314a","id":{"unicity":"33018"}},"quantity":1,"terms":{"priceEach":227,"taxEach":{"amount":0},"discountEach":{"amount":0},"pvEach":133},"quantityLimit":{"quantityQuota":-1,"timeFrameDays":-1,"quantityOrdered":0}}]},"currency":"USD"},{"lines":{"items":[{"item":{"href":"https://hydraqa.unicity.net/v5a-test/items/16a422e03f6e3a79ba7bcd7fd50e31c0","id":{"unicity":"33017"}},"quantity":1,"terms":{"priceEach":166,"taxEach":{"amount":0},"discountEach":{"amount":0},"pvEach":110},"quantityLimit":{"quantityQuota":-1,"timeFrameDays":-1,"quantityOrdered":0}}]},"currency":"USD"},{"lines":{"items":[{"item":{"href":"https://hydraqa.unicity.net/v5a-test/items/30f2eb8ab275ef57ae8082b3435a3d69","id":{"unicity":"33016"}},"quantity":1,"terms":{"priceEach":220,"taxEach":{"amount":0},"discountEach":{"amount":0},"pvEach":142},"quantityLimit":{"quantityQuota":-1,"timeFrameDays":-1,"quantityOrdered":0}}]},"currency":"USD"},{"lines":{"items":[{"item":{"href":"https://hydraqa.unicity.net/v5a-test/items/e30d5100db17be47578745dce83039e6","id":{"unicity":"32838"}},"quantity":1,"terms":{"priceEach":14.95,"taxEach":{"amount":0},"discountEach":{"amount":0},"pvEach":0},"quantityLimit":{"quantityQuota":-1,"timeFrameDays":-1,"quantityOrdered":0}}]},"currency":"USD"},{"lines":{"items":[{"item":{"href":"https://hydraqa.unicity.net/v5a-test/items/fe5a19bac5623c055f1bebbc7fce8f1d","id":{"unicity":"33476"}},"quantity":1,"terms":{"priceEach":174,"taxEach":{"amount":0},"discountEach":{"amount":0},"pvEach":100},"quantityLimit":{"quantityQuota":-1,"timeFrameDays":-1,"quantityOrdered":0}}]},"currency":"USD"}]}
Entry request : {"order":{"customer":{"href":"https://hydraqa.unicity.net/v5a-test/customers?type=PreferredCustomer"},"shipToAddress":{"country":"US"}},"vary":{"lines":{"items":[{"item":{"href":"https://hydraqa.unicity.net/v5a-test/items?id.unicity=26580|31440|31441|27801|0963|15129|15271|15880|17174|22745|22747|23728|24758|25022|26550|26556|26557|26560|26561|26562|27615|27739|24418|27585|25008|26442|26551|6200|15916|18908|24785|26552|27028|0954|18401|27029|26559|19596|26945|21420|24621|28836|15712|0960|25369|18386|26567|26568|15907|28513|3107|0988|12230|26950|26786|27587|29017|29694|29408|29437|29183|29191|29352|29612|30350|27395|29440|29830|30408|30414|30400|30280|31314|31728|31729|31730|31731|31846|31845|31847|31858|31859|31863|31862|31860|31861|31958|29449|32021|32030|31518|31751|32015|32628|33019|33018|33017|33016|32838|33476|32019|26555"}}]}}}
Request URL: https://hydraqa.unicity.net/v5a-test/customers.js?callback=angular.callbacks._1&expand=customer,profilePicture&id.unicity=2
Request URL: https://hydraqa.unicity.net/v5a-test/customers.js?_httpMethod=HEAD&callback=angular.callbacks._4&email=NALDEG@gmail.com
Unicity [Date=Tue, 13 Oct 2020 17:07:38 GMT, Content-Type=text/javascript; charset=utf-8, Content-Length=1404, Connection=keep-alive, Set-Cookie=__cfduid=de6f10d84d80b0f76a9a7bfd0383190a91602608855; expires=Thu, 12-Nov-20 17:07:35 GMT; path=/; domain=.unicity.net; HttpOnly; SameSite=Lax, x-powered-by=Express, x-request-id=3d97dae1-1624-96f6-baad-c81fb296417e,3d97dae1-1624-96f6-baad-c81fb296417e, x-request-uuid=3d97dae1-1624-96f6-baad-c81fb296417e, x-request-release=5-2020100902/master, access-control-allow-origin=http://enroll.ng.unicityqa.com, vary=Accept-Encoding, link=<http://unicity.github.io/Hydra.php/docs/v5/>; rel="help", cache-control=no-cache, must-revalidate, expires=0, content-language=en-US, x-status-code=200, content-encoding=gzip, x-envoy-upstream-service-time=3531, etag=W/"57c-QtxKm//+VOpwqlMlo6A1GpahgBI", access-control-expose-headers=x-b3-traceid, x-request-id, x-b3-traceid=be8c653a6c3b2e2f, CF-Cache-Status=DYNAMIC, cf-request-id=05c48791000000ed8bc62ae200000001, Expect-CT=max-age=604800, report-uri="https://report-uri.cloudflare.com/cdn-cgi/beacon/expect-ct", Server=cloudflare, CF-RAY=5e1aa8619fc9ed8b-SJC, alt-svc=h3-27=":443"; ma=86400, h3-28=":443"; ma=86400, h3-29=":443"; ma=86400]
suman84097
{shipToAddress={zip=84097, country=US, address1=1209 N 800 E, state=}, shippingMethod={href=https://hydraqa.unicity.net/v5a-test/shippingmethods?type=2Days}, lines={items=[{item={href=https://hydraqa.unicity.net/v5a-test/items?id.unicity=31859}, quantity=1}]}, customer={href=https://hydraqa.unicity.net/v5a-test/customers?type=PreferredCustomer}}
kalyan84097
Unicity [Date=Tue, 13 Oct 2020 17:07:41 GMT, Content-Type=text/javascript; charset=utf-8, Content-Length=1403, Connection=keep-alive, Set-Cookie=__cfduid=d4bfc082210c67e402f5425555946ec901602608857; expires=Thu, 12-Nov-20 17:07:37 GMT; path=/; domain=.unicity.net; HttpOnly; SameSite=Lax, x-powered-by=Express, x-request-id=d86a43a7-d403-9612-9f27-63344e461310,d86a43a7-d403-9612-9f27-63344e461310, x-request-uuid=d86a43a7-d403-9612-9f27-63344e461310, x-request-release=5-2020100902/master, access-control-allow-origin=http://enroll.ng.unicityqa.com, vary=Accept-Encoding, link=<http://unicity.github.io/Hydra.php/docs/v5/>; rel="help", cache-control=no-cache, must-revalidate, expires=0, content-language=en-US, x-status-code=200, content-encoding=gzip, x-envoy-upstream-service-time=3568, etag=W/"57b-51yasztRYhtIMABmlPFFpj0LgD0", access-control-expose-headers=x-b3-traceid, x-request-id, x-b3-traceid=0f39b5c8fb20fc11, CF-Cache-Status=DYNAMIC, cf-request-id=05c4879b590000211b3bb15200000001, Expect-CT=max-age=604800, report-uri="https://report-uri.cloudflare.com/cdn-cgi/beacon/expect-ct", Server=cloudflare, CF-RAY=5e1aa8722970211b-SJC, alt-svc=h3-27=":443"; ma=86400, h3-28=":443"; ma=86400, h3-29=":443"; ma=86400]
suman84097
{shipToAddress={zip=84097, country=US, address1=1209 N 800 E, state=}, shippingMethod={href=https://hydraqa.unicity.net/v5a-test/shippingmethods?type=2Days}, lines={items=[{item={href=https://hydraqa.unicity.net/v5a-test/items?id.unicity=31859}, quantity=1}]}, customer={href=https://hydraqa.unicity.net/v5a-test/customers?type=PreferredCustomer}}
kalyan84097
Unicity [Date=Tue, 13 Oct 2020 17:07:45 GMT, Content-Type=text/javascript; charset=utf-8, Content-Length=1402, Connection=keep-alive, Set-Cookie=__cfduid=d651e3638c670efcfa263c6f5561d8ae11602608860; expires=Thu, 12-Nov-20 17:07:40 GMT; path=/; domain=.unicity.net; HttpOnly; SameSite=Lax, x-powered-by=Express, x-request-id=0ffb938a-c8c9-9707-9a01-5a89027fb7a2,0ffb938a-c8c9-9707-9a01-5a89027fb7a2, x-request-uuid=0ffb938a-c8c9-9707-9a01-5a89027fb7a2, x-request-release=5-2020100902/master, access-control-allow-origin=http://enroll.ng.unicityqa.com, vary=Accept-Encoding, link=<http://unicity.github.io/Hydra.php/docs/v5/>; rel="help", cache-control=no-cache, must-revalidate, expires=0, content-language=en-US, x-status-code=200, content-encoding=gzip, x-envoy-upstream-service-time=4626, etag=W/"57a-Y/tIopGrx7teIasvq2WZiMYkqDw", access-control-expose-headers=x-b3-traceid, x-request-id, x-b3-traceid=2d7d65fd80310545, CF-Cache-Status=DYNAMIC, cf-request-id=05c487a431000092f2ea1ba200000001, Expect-CT=max-age=604800, report-uri="https://report-uri.cloudflare.com/cdn-cgi/beacon/expect-ct", Server=cloudflare, CF-RAY=5e1aa8804e6792f2-SJC, alt-svc=h3-27=":443"; ma=86400, h3-28=":443"; ma=86400, h3-29=":443"; ma=86400]
suman84097
{shipToAddress={zip=84097, country=US, address1=1209 N 800 E, state=}, shippingMethod={href=https://hydraqa.unicity.net/v5a-test/shippingmethods?type=2Days}, lines={items=[{item={href=https://hydraqa.unicity.net/v5a-test/items?id.unicity=31859}, quantity=1}]}, customer={href=https://hydraqa.unicity.net/v5a-test/customers?type=PreferredCustomer}}
kalyan84097
Unicity [Date=Tue, 13 Oct 2020 17:07:45 GMT, Content-Type=text/javascript; charset=utf-8, Content-Length=1403, Connection=keep-alive, Set-Cookie=__cfduid=d67a6656ffa79382d25d7ec66910d370e1602608861; expires=Thu, 12-Nov-20 17:07:41 GMT; path=/; domain=.unicity.net; HttpOnly; SameSite=Lax, x-powered-by=Express, x-request-id=5f44bff3-f74e-9616-9957-6d680a2d50f8,5f44bff3-f74e-9616-9957-6d680a2d50f8, x-request-uuid=5f44bff3-f74e-9616-9957-6d680a2d50f8, x-request-release=5-2020100902/master, access-control-allow-origin=http://enroll.ng.unicityqa.com, vary=Accept-Encoding, link=<http://unicity.github.io/Hydra.php/docs/v5/>; rel="help", cache-control=no-cache, must-revalidate, expires=0, content-language=en-US, x-status-code=200, content-encoding=gzip, x-envoy-upstream-service-time=4007, etag=W/"57b-s2pGaHBBA+nHqghXbbC9kX39LSo", access-control-expose-headers=x-b3-traceid, x-request-id, x-b3-traceid=cee4a29727209917, CF-Cache-Status=DYNAMIC, cf-request-id=05c487a9d00000211b3b8ed200000001, Expect-CT=max-age=604800, report-uri="https://report-uri.cloudflare.com/cdn-cgi/beacon/expect-ct", Server=cloudflare, CF-RAY=5e1aa8894e2e211b-SJC, alt-svc=h3-27=":443"; ma=86400, h3-28=":443"; ma=86400, h3-29=":443"; ma=86400]
suman84097
{shipToAddress={zip=84097, country=US, address1=1209 N 800 E, state=}, shippingMethod={href=https://hydraqa.unicity.net/v5a-test/shippingmethods?type=2Days}, lines={items=[{item={href=https://hydraqa.unicity.net/v5a-test/items?id.unicity=31859}, quantity=1}]}, customer={href=https://hydraqa.unicity.net/v5a-test/customers?type=PreferredCustomer}}
kalyan84097
Unicity [Date=Tue, 13 Oct 2020 17:07:48 GMT, Content-Type=text/javascript; charset=utf-8, Content-Length=1403, Connection=keep-alive, Set-Cookie=__cfduid=d303527307a9e3ed76441d773991be11d1602608864; expires=Thu, 12-Nov-20 17:07:44 GMT; path=/; domain=.unicity.net; HttpOnly; SameSite=Lax, x-powered-by=Express, x-request-id=d0a35a30-29b7-9f92-b96b-50c6c671373a,d0a35a30-29b7-9f92-b96b-50c6c671373a, x-request-uuid=d0a35a30-29b7-9f92-b96b-50c6c671373a, x-request-release=5-2020100902/master, access-control-allow-origin=http://enroll.ng.unicityqa.com, vary=Accept-Encoding, link=<http://unicity.github.io/Hydra.php/docs/v5/>; rel="help", cache-control=no-cache, must-revalidate, expires=0, content-language=en-US, x-status-code=200, content-encoding=gzip, x-envoy-upstream-service-time=3855, etag=W/"57b-cJ4Q8mRSJJ8htaqevLPzP7fpvaU", access-control-expose-headers=x-b3-traceid, x-request-id, x-b3-traceid=892f8bae31f5fbbb, CF-Cache-Status=DYNAMIC, cf-request-id=05c487b58a0000025ec2280200000001, Expect-CT=max-age=604800, report-uri="https://report-uri.cloudflare.com/cdn-cgi/beacon/expect-ct", Server=cloudflare, CF-RAY=5e1aa89c1f66025e-SJC, alt-svc=h3-27=":443"; ma=86400, h3-28=":443"; ma=86400, h3-29=":443"; ma=86400]
suman84097
{shipToAddress={zip=84097, country=US, address1=1209 N 800 E, state=}, shippingMethod={href=https://hydraqa.unicity.net/v5a-test/shippingmethods?type=2Days}, lines={items=[{item={href=https://hydraqa.unicity.net/v5a-test/items?id.unicity=31859}, quantity=1}]}, customer={href=https://hydraqa.unicity.net/v5a-test/customers?type=PreferredCustomer}}
kalyan84097
Unicity [Date=Tue, 13 Oct 2020 17:07:49 GMT, Content-Type=text/javascript; charset=utf-8, Content-Length=1403, Connection=keep-alive, Set-Cookie=__cfduid=d703cb49c63a1de66a6ebb920acfaaf2a1602608865; expires=Thu, 12-Nov-20 17:07:45 GMT; path=/; domain=.unicity.net; HttpOnly; SameSite=Lax, x-powered-by=Express, x-request-id=8ba72e79-816c-96d9-a320-dc19acbed777,8ba72e79-816c-96d9-a320-dc19acbed777, x-request-uuid=8ba72e79-816c-96d9-a320-dc19acbed777, x-request-release=5-2020100902/master, access-control-allow-origin=http://enroll.ng.unicityqa.com, vary=Accept-Encoding, link=<http://unicity.github.io/Hydra.php/docs/v5/>; rel="help", cache-control=no-cache, must-revalidate, expires=0, content-language=en-US, x-status-code=200, content-encoding=gzip, x-envoy-upstream-service-time=4059, etag=W/"57b-GQ64rMtQAsxXSx+IHeDuiExTkwU", access-control-expose-headers=x-b3-traceid, x-request-id, x-b3-traceid=bd621f07ed7399c2, CF-Cache-Status=DYNAMIC, cf-request-id=05c487ba010000211b3bb1f200000001, Expect-CT=max-age=604800, report-uri="https://report-uri.cloudflare.com/cdn-cgi/beacon/expect-ct", Server=cloudflare, CF-RAY=5e1aa8a33e7a211b-SJC, alt-svc=h3-27=":443"; ma=86400, h3-28=":443"; ma=86400, h3-29=":443"; ma=86400]
suman84097
{shipToAddress={zip=84097, country=US, address1=1209 N 800 E, state=}, shippingMethod={href=https://hydraqa.unicity.net/v5a-test/shippingmethods?type=2Days}, lines={items=[{item={href=https://hydraqa.unicity.net/v5a-test/items?id.unicity=31859}, quantity=1}]}, customer={href=https://hydraqa.unicity.net/v5a-test/customers?type=PreferredCustomer}}
kalyan84097
Unicity [Date=Tue, 13 Oct 2020 17:07:54 GMT, Content-Type=text/javascript; charset=utf-8, Content-Length=1405, Connection=keep-alive, Set-Cookie=__cfduid=d6ac49007a952bd8ebac4daa7525e41a11602608871; expires=Thu, 12-Nov-20 17:07:51 GMT; path=/; domain=.unicity.net; HttpOnly; SameSite=Lax, x-powered-by=Express, x-request-id=22a8b24d-ab5f-94d1-8c35-f6d6f0fdb8a6,22a8b24d-ab5f-94d1-8c35-f6d6f0fdb8a6, x-request-uuid=22a8b24d-ab5f-94d1-8c35-f6d6f0fdb8a6, x-request-release=5-2020100902/master, access-control-allow-origin=http://enroll.ng.unicityqa.com, vary=Accept-Encoding, link=<http://unicity.github.io/Hydra.php/docs/v5/>; rel="help", cache-control=no-cache, must-revalidate, expires=0, content-language=en-US, x-status-code=200, content-encoding=gzip, x-envoy-upstream-service-time=3072, etag=W/"57d-J/s3+zrS21UY9uD5ANmseI1Mwto", access-control-expose-headers=x-b3-traceid, x-request-id, x-b3-traceid=ad0eee7c9459f3b1, CF-Cache-Status=DYNAMIC, cf-request-id=05c487cf730000ed8bc603f200000001, Expect-CT=max-age=604800, report-uri="https://report-uri.cloudflare.com/cdn-cgi/beacon/expect-ct", Server=cloudflare, CF-RAY=5e1aa8c58ecded8b-SJC, alt-svc=h3-27=":443"; ma=86400, h3-28=":443"; ma=86400, h3-29=":443"; ma=86400]
suman84097
{shipToAddress={zip=84097, country=US, city=OREM, address1=1209 N 800 E, state=UT}, shippingMethod={href=https://hydraqa.unicity.net/v5a-test/shippingmethods?type=2Days}, lines={items=[{item={href=https://hydraqa.unicity.net/v5a-test/items?id.unicity=31859}, quantity=1}]}, customer={href=https://hydraqa.unicity.net/v5a-test/customers?type=PreferredCustomer}}
kalyan84097
Request URL: https://hydraqa.unicity.net/v5a-test/addresses?country=US&zip=84097
Entry response : {"items":[{"city":"Orem","state":"UT"}]}
No Pop UP
{sponsor=2, gender=female, city=OREM, cartprice=225.0, enroller=2, arpack=Prime Health Pack - Cholesterol, Energy, Vanilla, language=English, locale=en, type=PreferredCustomer, platform=QA, lname=TestLastName, password=Unicity, genderoption=Female, Currency=USD, api=4, state=[UT], email=NALDEG@gmail.com, zip=84097, fname=TestFirstName, prefferd=Bahamas, address2=Address 2, address1=1209 N 800 E, shippingmethod=type=2Days, version=v5a-test/, testcase=normal, market=Bahamas, aritemcode=26580, referral=yes, martial=Married, phone=9823746323, proto=https://hydraqa.unicity.net/, marketcode=BS, maritaloption=Married, ccname=CCNameTest}
Request URL: https://hydraqa.unicity.net/v5a-test/orders.js
Entry request : {"customer":{"mainAddress":{"city":"OREM","country":"US","state":"UT","zip":"84097","address1":"1209 N 800 E","address2":""},"humanName":{"firstName":"TestFirstName","lastName":"TestLastName"},"email":"NALDEG@gmail.com","preferredLocale":"en-BS","password":{"value":"Unicity"},"gender":"female","maritalStatus":"Married","type":"PreferredCustomer","creditcardaliases":[{"methodDetails":{"creditCardNumber":"4111111111111111","payer":"TestFirstName TestLastName","creditCardExpires":"2020-10"},"billToName":{"firstName":"TestFirstName","lastName":"TestLastName"},"billToAddress":{"address1":"Address 1","address2":"Address 2","city":"TestCity","state":"GH","zip":"","country":"BS"}}],"sponsor":{"href":"https://hydraqa.unicity.net/v5a-test/customers?id.unicity=2"},"enroller":{"href":"https://hydraqa.unicity.net/v5a-test/customers?id.unicity=2"},"homePhone":"9823746323","autoorders":{"items":[{"recurrence":{"schedule":{"month":"*","dayOfMonth":"5","skipRepetitions":"2"},"status":"Enabled"},"lines":{"items":[{"item":{"href":"https://hydraqa.unicity.net/v5a-test/items?id.unicity=26580"},"quantity":1}]},"shipToName":{"firstName":"TestFirstName","lastName":"TestLastName"},"shipToPhone":"9823746323","shipToEmail":"NALDEG@gmail.com","shipToAddress":{"city":"OREM","country":"US","state":"UT","address1":"1209 N 800 E","address2":"","zip":"84097"},"shippingMethod":{"href":"https://hydraqa.unicity.net/v5a-test/shippingmethods?type=2Days"},"transactions":{"items":[{"amount":"this.terms.total","type":"AuthorizeAndCapture","method":"CreditCardAlias","methodDetails":{"alias":"this.customer.creditcardaliases[0].alias"}}]}}]},"rights":[]},"lines":{"items":[{"item":{"href":"https://hydraqa.unicity.net/v5a-test/items?id.unicity=31859"},"quantity":1}]},"shipToName":{"firstName":"TestFirstName","lastName":"TestLastName"},"shipToPhone":"9823746323","shipToEmail":"NALDEG@gmail.com","shipToAddress":{"city":"OREM","country":"US","state":"UT","address1":"1209 N 800 E","address2":"","zip":"84097"},"shippingMethod":{"href":"https://hydraqa.unicity.net/v5a-test/shippingmethods?type=2Days"},"notes":"","transactions":{"items":[{"amount":"this.terms.total","type":"AuthorizeAndCapture","method":"CreditCard","methodDetails":{"creditCardNumber":"4111111111111111","payer":"CCNameTest","creditCardExpires":"2020-10","creditCardSecurityCode":"123"},"billToAddress":{"address1":"Address 1","address2":"Address 2","city":"TestCity","state":"GH","zip":"","country":"BS"}}]}}
Entry response : {"meta":{"Link":"<http:\/\/unicity.github.io\/Hydra.php\/docs\/v5\/>; rel=\"help\"","X-Request-UUID":"c6bbd2aa-bf40-9c68-a965-257f618bbc5a","X-Request-Release":"5-2020100902\/master","Cache-Control":"no-cache, must-revalidate","Expires":"0","X-Powered-By":"Luracast Restler v3.0.0rc5","Content-Type":"text\/javascript; charset=utf-8","Content-Language":"en","X-Status-Code":"201"},"data":{"market":"US","notes":"","shippingMethod":{"type":"2Days","href":"https:\/\/hydraqa.unicity.net\/v5a-test\/shippingmethods?type=2Days","location":""},"shipToAddress":{"country":"US","state":"UT","city":"OREM","zip":"84097","address1":"1209 N 800 E","address2":""},"shipToEmail":"NALDEG@gmail.com","shipToName":{"firstName":"TestFirstName","lastName":"TestLastName"},"shipToPhone":"9823746323","shipToTime":null,"source":null,"type":null,"lines":{"items":[{"quantity":1,"item":{"href":"https:\/\/hydraqa.unicity.net\/v5a-test\/items?id.unicity=31859","id":{"unicity":"31859"},"weightEach":{"value":0,"unit":"lbs"},"dimensionsEach":{"width":0,"height":0,"depth":0,"unit":"in"},"taxedAs":"goods"},"quantityLimit":{"quantityQuota":-1,"timeFrameDays":-1,"quantityOrdered":0},"terms":{"subtotal":null,"priceEach":225,"pvEach":130,"cvEach":130,"taxablePriceEach":225,"tax":{"categoryDescription":null,"aggregate":{"items":[{"jurisdiction":{"state":"UTAH"},"type":"State","amount":0,"percentage":0},{"jurisdiction":{"county":"UTAH"},"type":"County","amount":0,"percentage":0},{"jurisdiction":{"city":"OREM"},"type":"City","amount":0,"percentage":0},{"jurisdiction":{"address2":"MASS TRANSIT TAX"},"type":"District","amount":0,"percentage":0}],"amount":0}},"pv":130,"price":225},"catalogSlide":{"content":{"description":"Pack U 365 Empower US\/PR"}},"kitChildren":[{"item":{"id":{"unicity":"29408"},"weightEach":{"value":0.5,"unit":"lbs"},"dimensionsEach":{"width":6.4,"height":4.25,"depth":2.9,"unit":"in"},"taxedAs":"goods"},"quantity":1,"terms":{"subtotal":null,"priceEach":95,"pvEach":52,"cvEach":52,"taxablePriceEach":95,"tax":{"categoryDescription":"TG240","aggregate":{"items":[{"jurisdiction":{"state":"UTAH"},"type":"State","amount":1.66,"percentage":1.75},{"jurisdiction":{"county":"UTAH"},"type":"County","amount":0.24,"percentage":0.25},{"jurisdiction":{"city":"OREM"},"type":"City","amount":0.95,"percentage":1},{"jurisdiction":{"address2":"MASS TRANSIT TAX"},"type":"District","amount":0,"percentage":0}],"amount":2.85}}},"catalogSlide":{"content":{"description":"Unimate"}}},{"item":{"id":{"unicity":"26552"},"weightEach":{"value":0.8,"unit":"lbs"},"dimensionsEach":{"width":6.5,"height":4.25,"depth":3,"unit":"in"},"taxedAs":"goods"},"quantity":1,"terms":{"subtotal":null,"priceEach":85,"pvEach":50,"cvEach":50,"taxablePriceEach":85,"tax":{"categoryDescription":"TG240","aggregate":{"items":[{"jurisdiction":{"state":"UTAH"},"type":"State","amount":1.49,"percentage":1.75},{"jurisdiction":{"county":"UTAH"},"type":"County","amount":0.21,"percentage":0.25},{"jurisdiction":{"city":"OREM"},"type":"City","amount":0.85,"percentage":1},{"jurisdiction":{"address2":"MASS TRANSIT TAX"},"type":"District","amount":0,"percentage":0}],"amount":2.55}}},"catalogSlide":{"content":{"description":"Matcha Energy 30"}}},{"item":{"id":{"unicity":"30400"},"weightEach":{"value":0.28,"unit":"lbs"},"dimensionsEach":{"width":2.25,"height":4.25,"depth":2.25,"unit":"in"},"taxedAs":"goods"},"quantity":1,"terms":{"subtotal":null,"priceEach":45,"pvEach":28,"cvEach":28,"taxablePriceEach":45,"tax":{"categoryDescription":"TG75","aggregate":{"items":[{"jurisdiction":{"state":"UTAH"},"type":"State","amount":0.79,"percentage":1.75},{"jurisdiction":{"county":"UTAH"},"type":"County","amount":0.11,"percentage":0.25},{"jurisdiction":{"city":"OREM"},"type":"City","amount":0.45,"percentage":1},{"jurisdiction":{"address2":"MASS TRANSIT TAX"},"type":"District","amount":0,"percentage":0}],"amount":1.35}}},"catalogSlide":{"content":{"description":"OmegaLife-3 Resolv"}}}]}],"aggregate":{"weight":{"unit":"lbs","value":1.58}}},"transactions":{"items":[{"amount":252.27,"billToAddress":{"address1":"Address 1","address2":"Address 2","city":"TestCity","state":"GH","zip":"","country":"BS"},"billToEmail":null,"billToName":null,"billToPhone":null,"installments":null,"method":"CreditCard","methodDetails":{"creditCardExpires":"2020-10","payer":"CCNameTest","payerId":null,"creditCardNumberMasked":"411111xxxxxx1111","creditCardNetwork":"visa"},"type":"AuthorizeAndCapture","index":1,"authorization":"40055347993","id":{"teller":277986}}],"aggregate":{"amount":252.27}},"terms":{"subtotal":225,"discount":{"amount":0},"freight":{"amount":19.13,"terms":{"tax":{"aggregate":{"items":[{"jurisdiction":{"state":"UTAH"},"type":"State","amount":0.93,"percentage":4.85},{"jurisdiction":{"county":"UTAH"},"type":"County","amount":0.2,"percentage":1.05},{"jurisdiction":{"city":"OREM"},"type":"City","amount":0.21,"percentage":1.1},{"jurisdiction":{"address2":"MASS TRANSIT TAX"},"type":"District","amount":0.05,"percentage":0.25}],"amount":1.39}}}},"pretotal":252.27,"pv":130,"tax":{"amount":8.14},"taxableTotal":244.13,"timbre":{"amount":0},"total":252.27,"weight":1.58},"dateCreated":"2020-10-13T11:08:40-06:00","currency":"USD","giftReceipt":false,"customer":{"humanName":{"firstName":"TestFirstName","lastName":"TestLastName"},"mainAddress":{"city":"OREM","country":"US","state":"UT","zip":"84097","address1":"1209 N 800 E","address2":""},"type":"PreferredCustomer","email":"NALDEG@gmail.com","gender":"female","password":{"value":"Unicity"},"enroller":{"href":"https:\/\/hydraqa.unicity.net\/v5a-test\/customers\/f0cbfab7062ed827a4e700264e473f1d","id":{"unicity":"2"},"email":"danw@infotraxsys.com","humanName":{"fullName":"Referral Program"}},"sponsor":{"href":"https:\/\/hydraqa.unicity.net\/v5a-test\/customers\/f0cbfab7062ed827a4e700264e473f1d","id":{"unicity":"2"},"email":"danw@infotraxsys.com"},"homePhone":"9823746323","preferredLocale":"en-BS","maritalStatus":"Married","autoorders":{"items":[{"id":{"unicity":105781},"transactions":{"items":[]}}]},"rights":[],"status":"Active","id":{"unicity":"208564501"},"token":"140513b2-7b65-463e-86e8-626a7496087d","href":"https:\/\/hydraqa.unicity.net\/v5a-test\/customers\/784c0bfb4517540a0fc25b0ecbf50c54fa5dc727720b319cbd358498ecd9af78"},"_isInitialOrder":true,"added_lines":{"items":[],"aggregate":{"weight":{"unit":"lbs","value":0}}},"seller":{"href":"https:\/\/hydraqa.unicity.net\/v5a-test\/sellers\/e7c10d4e70b0c857a99c16576ade8003","id":{"unicity":"5"}},"added_transactions":{"items":[]},"id":{"unicity":"01-52729299"},"href":"https:\/\/hydraqa.unicity.net\/v5a-test\/orders\/8a5ab8497ad0976d93b596970066dc4b3085a2a41743810edee3047a3243609d"}}
Headers-->keep-alive
Headers-->2463
Headers-->application/json, text/plain, */*
Headers-->en-BS
Headers-->application/json;charset=UTF-8
]]></system-out>
    <system-err><![CDATA[Starting ChromeDriver 2.36.540470 (e522d04694c7ebea4ba8821272dbef4f9b818c91) on port 6683
Only local connections are allowed.
Oct 13, 2020 11:05:15 AM org.openqa.selenium.remote.ProtocolHandshake createSession
INFO: Detected dialect: OSS
]]></system-err>
  </testcase>
  <testcase name="Enroll" classname="Tests.PrefferedCustomer" time="191.319">
    <failure message="Major Market expected [CA] but found [null]" type="java.lang.AssertionError">java.lang.AssertionError: Major Market expected [CA] but found [null]
	at Tests.PrefferedCustomer.Enroll(PrefferedCustomer.java:104)
</failure>
    <system-out><![CDATA[Request URL: https://hydraqa.unicity.net/v5a-test/quotes?&expand=item
Entry Quotes response : {"items":[{"lines":{"items":[{"item":{"href":"https://hydraqa.unicity.net/v5a-test/items/bb1a7c3a2902e2cbc4cb2a22fdf1f499","id":{"unicity":"26993"}},"quantity":1,"terms":{"priceEach":284,"taxEach":{"amount":0},"discountEach":{"amount":0},"pvEach":150},"quantityLimit":{"quantityQuota":-1,"timeFrameDays":-1,"quantityOrdered":0}}]},"currency":"CAD"},{"lines":{"items":[{"item":{"href":"https://hydraqa.unicity.net/v5a-test/items/4b1b6b6007d154296fd6c4044c789f67","id":{"unicity":"28329"}},"quantity":1,"terms":{"priceEach":284,"taxEach":{"amount":0},"discountEach":{"amount":0},"pvEach":150},"quantityLimit":{"quantityQuota":-1,"timeFrameDays":-1,"quantityOrdered":0}}]},"currency":"CAD"},{"lines":{"items":[{"item":{"href":"https://hydraqa.unicity.net/v5a-test/items/576e0ebc8d1f5b26fc89bf3cd47a26c6","id":{"unicity":"26572"}},"quantity":1,"terms":{"priceEach":110,"taxEach":{"amount":0},"discountEach":{"amount":0},"pvEach":56},"quantityLimit":{"quantityQuota":-1,"timeFrameDays":-1,"quantityOrdered":0}}]},"currency":"CAD"},{"lines":{"items":[{"item":{"href":"https://hydraqa.unicity.net/v5a-test/items/46ea1edabdcf18f49817c437346958eb","id":{"unicity":"29147"}},"quantity":1,"terms":{"priceEach":85,"taxEach":{"amount":0},"discountEach":{"amount":0},"pvEach":33},"quantityLimit":{"quantityQuota":-1,"timeFrameDays":-1,"quantityOrdered":0}}]},"currency":"CAD"},{"lines":{"items":[{"item":{"href":"https://hydraqa.unicity.net/v5a-test/items/e77144fa2fcf6a4dc73c15b4d615c1aa","id":{"unicity":"28437"}},"quantity":1,"terms":{"priceEach":85,"taxEach":{"amount":0},"discountEach":{"amount":0},"pvEach":33},"quantityLimit":{"quantityQuota":-1,"timeFrameDays":-1,"quantityOrdered":0}}]},"currency":"CAD"},{"lines":{"items":[{"item":{"href":"https://hydraqa.unicity.net/v5a-test/items/8407b62b9c4120aa3dfe25c9feb76e4a","id":{"unicity":"28591"}},"quantity":1,"terms":{"priceEach":24,"taxEach":{"amount":0},"discountEach":{"amount":0},"pvEach":15},"quantityLimit":{"quantityQuota":-1,"timeFrameDays":-1,"quantityOrdered":0}}]},"currency":"CAD"},{"lines":{"items":[{"item":{"href":"https://hydraqa.unicity.net/v5a-test/items/10da226fab00279b4f89df10af2a10b7","id":{"unicity":"26442"}},"quantity":1,"terms":{"priceEach":10,"taxEach":{"amount":0},"discountEach":{"amount":0},"pvEach":0},"quantityLimit":{"quantityQuota":-1,"timeFrameDays":-1,"quantityOrdered":0}}]},"currency":"CAD"},{"lines":{"items":[{"item":{"href":"https://hydraqa.unicity.net/v5a-test/items/60b5ca15c481444657970edde11b04ce","id":{"unicity":"26571"}},"quantity":1,"terms":{"priceEach":110,"taxEach":{"amount":0},"discountEach":{"amount":0},"pvEach":56},"quantityLimit":{"quantityQuota":-1,"timeFrameDays":-1,"quantityOrdered":0}}]},"currency":"CAD"},{"lines":{"items":[{"item":{"href":"https://hydraqa.unicity.net/v5a-test/items/2ffc1563d3d0fd7121ca5b1c2184988e","id":{"unicity":"28428"}},"quantity":1,"terms":{"priceEach":111,"taxEach":{"amount":0},"discountEach":{"amount":0},"pvEach":62},"quantityLimit":{"quantityQuota":-1,"timeFrameDays":-1,"quantityOrdered":0}}]},"currency":"CAD"},{"lines":{"items":[{"item":{"href":"https://hydraqa.unicity.net/v5a-test/items/637af131553f5822bef2bb0f0577b2e9","id":{"unicity":"28160"}},"quantity":1,"terms":{"priceEach":118,"taxEach":{"amount":0},"discountEach":{"amount":0},"pvEach":62},"quantityLimit":{"quantityQuota":-1,"timeFrameDays":-1,"quantityOrdered":0}}]},"currency":"CAD"},{"lines":{"items":[{"item":{"href":"https://hydraqa.unicity.net/v5a-test/items/c4744f6ba328b983bfffc7e1e4416ff3","id":{"unicity":"26565"}},"quantity":1,"terms":{"priceEach":117,"taxEach":{"amount":0},"discountEach":{"amount":0},"pvEach":64},"quantityLimit":{"quantityQuota":-1,"timeFrameDays":-1,"quantityOrdered":0}}]},"currency":"CAD"},{"lines":{"items":[{"item":{"href":"https://hydraqa.unicity.net/v5a-test/items/fe97499574f54ccd16daec7361208411","id":{"unicity":"26570"}},"quantity":1,"terms":{"priceEach":26,"taxEach":{"amount":0},"discountEach":{"amount":0},"pvEach":13},"quantityLimit":{"quantityQuota":-1,"timeFrameDays":-1,"quantityOrdered":0}}]},"currency":"CAD"},{"lines":{"items":[{"item":{"href":"https://hydraqa.unicity.net/v5a-test/items/ae14f4659032c9e8591a7ac76abd1ad5","id":{"unicity":"26569"}},"quantity":1,"terms":{"priceEach":50,"taxEach":{"amount":0},"discountEach":{"amount":0},"pvEach":30},"quantityLimit":{"quantityQuota":-1,"timeFrameDays":-1,"quantityOrdered":0}}]},"currency":"CAD"},{"lines":{"items":[{"item":{"href":"https://hydraqa.unicity.net/v5a-test/items/351c19047c5c800d2db6963b3af5df78","id":{"unicity":"27080"}},"quantity":1,"terms":{"priceEach":67,"taxEach":{"amount":0},"discountEach":{"amount":0},"pvEach":35},"quantityLimit":{"quantityQuota":-1,"timeFrameDays":-1,"quantityOrdered":0}}]},"currency":"CAD"},{"lines":{"items":[{"item":{"href":"https://hydraqa.unicity.net/v5a-test/items/f847ce37f5942a226f74e671c86709f8","id":{"unicity":"28787"}},"quantity":1,"terms":{"priceEach":39,"taxEach":{"amount":0},"discountEach":{"amount":0},"pvEach":17},"quantityLimit":{"quantityQuota":-1,"timeFrameDays":-1,"quantityOrdered":0}}]},"currency":"CAD"},{"lines":{"items":[{"item":{"href":"https://hydraqa.unicity.net/v5a-test/items/b24413d1812bb9c95ba6ff7e26bad8ff","id":{"unicity":"26566"}},"quantity":1,"terms":{"priceEach":54,"taxEach":{"amount":0},"discountEach":{"amount":0},"pvEach":32},"quantityLimit":{"quantityQuota":-1,"timeFrameDays":-1,"quantityOrdered":0}}]},"currency":"CAD"},{"lines":{"items":[{"item":{"href":"https://hydraqa.unicity.net/v5a-test/items/6e0e7450f45cb9412e5b4642dd1469cb","id":{"unicity":"26579"}},"quantity":1,"terms":{"priceEach":24,"taxEach":{"amount":0},"discountEach":{"amount":0},"pvEach":13},"quantityLimit":{"quantityQuota":-1,"timeFrameDays":-1,"quantityOrdered":0}}]},"currency":"CAD"},{"lines":{"items":[{"item":{"href":"https://hydraqa.unicity.net/v5a-test/items/828f9b5bdbceaa7cd3ca6a4532632635","id":{"unicity":"19356"}},"quantity":1,"terms":{"priceEach":41,"taxEach":{"amount":0},"discountEach":{"amount":0},"pvEach":21},"quantityLimit":{"quantityQuota":-1,"timeFrameDays":-1,"quantityOrdered":0}}]},"currency":"CAD"},{"lines":{"items":[{"item":{"href":"https://hydraqa.unicity.net/v5a-test/items/cb1cb2d293cc48affee9b2026c31313a","id":{"unicity":"28928"}},"quantity":1,"terms":{"priceEach":47,"taxEach":{"amount":0},"discountEach":{"amount":0},"pvEach":13},"quantityLimit":{"quantityQuota":-1,"timeFrameDays":-1,"quantityOrdered":0}}]},"currency":"CAD"},{"lines":{"items":[{"item":{"href":"https://hydraqa.unicity.net/v5a-test/items/a40ede5f6847ec094ad8a38616ced7d0","id":{"unicity":"28100"}},"quantity":1,"terms":{"priceEach":46,"taxEach":{"amount":0},"discountEach":{"amount":0},"pvEach":25},"quantityLimit":{"quantityQuota":-1,"timeFrameDays":-1,"quantityOrdered":0}}]},"currency":"CAD"},{"lines":{"items":[{"item":{"href":"https://hydraqa.unicity.net/v5a-test/items/1b0412bea8c0b841c66f65a36aa14108","id":{"unicity":"29191"}},"quantity":1,"terms":{"priceEach":104,"taxEach":{"amount":0},"discountEach":{"amount":0},"pvEach":36},"quantityLimit":{"quantityQuota":-1,"timeFrameDays":-1,"quantityOrdered":0}}]},"currency":"CAD"},{"lines":{"items":[{"item":{"href":"https://hydraqa.unicity.net/v5a-test/items/e84750c27b2b9f10e6b4d2ab5a1954ba","id":{"unicity":"30115"}},"quantity":1,"terms":{"priceEach":137,"taxEach":{"amount":0},"discountEach":{"amount":0},"pvEach":56},"quantityLimit":{"quantityQuota":-1,"timeFrameDays":-1,"quantityOrdered":0}}]},"currency":"CAD"},{"lines":{"items":[{"item":{"href":"https://hydraqa.unicity.net/v5a-test/items/42d7ab6b9834716f6ebdd66f1a86d7b1","id":{"unicity":"30980"}},"quantity":1,"terms":{"priceEach":25,"taxEach":{"amount":0},"discountEach":{"amount":0},"pvEach":8},"quantityLimit":{"quantityQuota":-1,"timeFrameDays":-1,"quantityOrdered":0}}]},"currency":"CAD"},{"lines":{"items":[{"item":{"href":"https://hydraqa.unicity.net/v5a-test/items/0e78fbdfebef11cd62f8d2120064ee58","id":{"unicity":"30280"}},"quantity":1,"terms":{"priceEach":69,"taxEach":{"amount":0},"discountEach":{"amount":0},"pvEach":24},"quantityLimit":{"quantityQuota":-1,"timeFrameDays":-1,"quantityOrdered":0}}]},"currency":"CAD"},{"lines":{"items":[{"item":{"href":"https://hydraqa.unicity.net/v5a-test/items/5c430db0256426c4b730bc6994a94a02","id":{"unicity":"31773"}},"quantity":1,"terms":{"priceEach":34,"taxEach":{"amount":0},"discountEach":{"amount":0},"pvEach":13},"quantityLimit":{"quantityQuota":-1,"timeFrameDays":-1,"quantityOrdered":0}}]},"currency":"CAD"},{"lines":{"items":[{"item":{"href":"https://hydraqa.unicity.net/v5a-test/items/cfc721c9fb00317ed614492f65f21460","id":{"unicity":"31288"}},"quantity":1,"terms":{"priceEach":59,"taxEach":{"amount":0},"discountEach":{"amount":0},"pvEach":30},"quantityLimit":{"quantityQuota":-1,"timeFrameDays":-1,"quantityOrdered":0}}]},"currency":"CAD"},{"lines":{"items":[{"item":{"href":"https://hydraqa.unicity.net/v5a-test/items/4916b998c4d0c83c68449a17ea6c1e4c","id":{"unicity":"33457"}},"quantity":1,"terms":{"priceEach":221,"taxEach":{"amount":0},"discountEach":{"amount":0},"pvEach":116},"quantityLimit":{"quantityQuota":-1,"timeFrameDays":-1,"quantityOrdered":0}}]},"currency":"CAD"}]}
Entry request : {"order":{"customer":{"href":"https://hydraqa.unicity.net/v5a-test/customers?type=PreferredCustomer"},"shipToAddress":{"country":"CA"}},"vary":{"lines":{"items":[{"item":{"href":"https://hydraqa.unicity.net/v5a-test/items?id.unicity=26993|31440|31442|27184|28325|28327|28329|26572|29449|29147|28437|28591|26580|26442|28370|26571|28326|28328|26994|26995|28330|28331|28428|28160|26574|26565|26570|26569|27589|27080|28787|26566|26579|19356|28928|20436|28100|28845|29183|29185|29191|30115|30980|31110|30280|31773|31288|33457|30136|31849"}}]}}}
Request URL: https://hydraqa.unicity.net/v5a-test/customers.js?callback=angular.callbacks._1&expand=customer,profilePicture&id.unicity=2
Request URL: https://hydraqa.unicity.net/v5a-test/customers.js?_httpMethod=HEAD&callback=angular.callbacks._4&email=XTAOWZ@gmail.com
Unicity [Date=Tue, 13 Oct 2020 17:11:57 GMT, Content-Type=text/javascript; charset=utf-8, Content-Length=1160, Connection=keep-alive, Set-Cookie=__cfduid=d9b2deef85e5b9378de0d8af68bda05b31602609113; expires=Thu, 12-Nov-20 17:11:53 GMT; path=/; domain=.unicity.net; HttpOnly; SameSite=Lax, x-powered-by=Express, x-request-id=543e9d20-3d14-91f9-a888-822f68f96472,543e9d20-3d14-91f9-a888-822f68f96472, x-request-uuid=543e9d20-3d14-91f9-a888-822f68f96472, x-request-release=5-2020100902/master, access-control-allow-origin=http://enroll.ng.unicityqa.com, vary=Accept-Encoding, link=<http://unicity.github.io/Hydra.php/docs/v5/>; rel="help", cache-control=no-cache, must-revalidate, expires=0, content-language=en-US, x-status-code=200, content-encoding=gzip, x-envoy-upstream-service-time=3974, etag=W/"488-Xb1Lmjc5toc6IQ27QoBBuEh9rXM", access-control-expose-headers=x-b3-traceid, x-request-id, x-b3-traceid=04c86d8896f522ff, CF-Cache-Status=DYNAMIC, cf-request-id=05c48b816c00006d0474325200000001, Expect-CT=max-age=604800, report-uri="https://report-uri.cloudflare.com/cdn-cgi/beacon/expect-ct", Server=cloudflare, CF-RAY=5e1aaeaf1ee96d04-SJC, alt-svc=h3-27=":443"; ma=86400, h3-28=":443"; ma=86400, h3-29=":443"; ma=86400]
sumanB4V2K4
{shipToAddress={zip=B4V2K4, country=CA, city=BRIDGEWATER, address1=Address 1, state=NS}, shippingMethod={href=https://hydraqa.unicity.net/v5a-test/shippingmethods?type=UPS Ground}, lines={items=[{item={href=https://hydraqa.unicity.net/v5a-test/items?id.unicity=26565}, quantity=1}]}, transactions={items=[{method=Coupon, methodDetails={code=Fre3Aut0Sh!p}, type=AuthorizeAndCapture}]}, customer={href=https://hydraqa.unicity.net/v5a-test/customers?type=PreferredCustomer}}
kalyanB4V2K4
Request URL: https://hydraqa.unicity.net/v5a-test/addresses?country=CA&zip=B4V2K4
Entry response : {"items":[{"address1":"","address2":"","city":"Bridgewater","state":"NS","zip":"B4V2K4","country":"CA"}]}
{sponsor=2, gender=female, city=BRIDGEWATER, cartprice=117.0, enroller=2, arpack=Prime Health Pack - Cholesterol/Energy/Vanilla, language=English, locale=en, type=PreferredCustomer, platform=QA, lname=TestLastName, password=Unicity, genderoption=Female, Currency=USD, api=4, state=[NS], email=XTAOWZ@gmail.com, zip=B4V2K4, fname=TestFirstName, prefferd=Canada, address2=Address 2, address1=Address 1, shippingmethod=type=UPS Ground, version=v5a-test/, testcase=normal, market=Canada, aritemcode=26993, referral=yes, martial=Single, phone=9823746323, proto=https://hydraqa.unicity.net/, marketcode=CA, maritaloption=Single, ccname=CCNameTest}
Request URL: https://hydraqa.unicity.net/v5a-test/orders.js
Entry request : {"customer":{"mainAddress":{"city":"BRIDGEWATER","country":"CA","state":"NS","zip":"B4V2K4","address1":"Address 1","address2":"Address 2"},"humanName":{"firstName":"TestFirstName","lastName":"TestLastName"},"email":"XTAOWZ@gmail.com","preferredLocale":"en-CA","password":{"value":"Unicity"},"gender":"female","maritalStatus":"Single","type":"PreferredCustomer","creditcardaliases":[{"methodDetails":{"creditCardNumber":"4111111111111111","payer":"TestFirstName TestLastName","creditCardExpires":"2020-10"},"billToName":{"firstName":"TestFirstName","lastName":"TestLastName"},"billToAddress":{"address1":"Address 1","address2":"Address 2","city":"BRIDGEWATER","state":"NS","zip":"B4V2K4","country":"CA"}}],"sponsor":{"href":"https://hydraqa.unicity.net/v5a-test/customers?id.unicity=2"},"enroller":{"href":"https://hydraqa.unicity.net/v5a-test/customers?id.unicity=2"},"homePhone":"9823746323","autoorders":{"items":[{"recurrence":{"schedule":{"month":"*","dayOfMonth":"5","skipRepetitions":"2"},"status":"Enabled"},"lines":{"items":[{"item":{"href":"https://hydraqa.unicity.net/v5a-test/items?id.unicity=26993"},"quantity":1}]},"shipToName":{"firstName":"TestFirstName","lastName":"TestLastName"},"shipToPhone":"9823746323","shipToEmail":"XTAOWZ@gmail.com","shipToAddress":{"city":"BRIDGEWATER","country":"CA","state":"NS","address1":"Address 1","address2":"Address 2","zip":"B4V2K4"},"shippingMethod":{"href":"https://hydraqa.unicity.net/v5a-test/shippingmethods?type=UPS Ground"},"transactions":{"items":[{"amount":"this.terms.total","type":"AuthorizeAndCapture","method":"CreditCardAlias","methodDetails":{"alias":"this.customer.creditcardaliases[0].alias"}}]}}]},"rights":[]},"lines":{"items":[{"item":{"href":"https://hydraqa.unicity.net/v5a-test/items?id.unicity=26565"},"quantity":1}]},"shipToName":{"firstName":"TestFirstName","lastName":"TestLastName"},"shipToPhone":"9823746323","shipToEmail":"XTAOWZ@gmail.com","shipToAddress":{"city":"BRIDGEWATER","country":"CA","state":"NS","address1":"Address 1","address2":"Address 2","zip":"B4V2K4"},"shippingMethod":{"href":"https://hydraqa.unicity.net/v5a-test/shippingmethods?type=UPS Ground"},"notes":"","transactions":{"items":[{"amount":"this.terms.total","type":"AuthorizeAndCapture","method":"CreditCard","methodDetails":{"creditCardNumber":"4111111111111111","payer":"CCNameTest","creditCardExpires":"2020-10","creditCardSecurityCode":"123"},"billToAddress":{"address1":"Address 1","address2":"Address 2","city":"BRIDGEWATER","state":"NS","zip":"B4V2K4","country":"CA"}},{"type":"AuthorizeAndCapture","method":"Coupon","methodDetails":{"code":"Fre3Aut0Sh!p"}}]}}
Entry response : {"meta":{"Link":"<http:\/\/unicity.github.io\/Hydra.php\/docs\/v5\/>; rel=\"help\"","X-Request-UUID":"e30ba2f5-f9cf-9a72-abe1-d69d3b28c50a","X-Request-Release":"5-2020100902\/master","Cache-Control":"no-cache, must-revalidate","Expires":"0","X-Powered-By":"Luracast Restler v3.0.0rc5","Content-Type":"text\/javascript; charset=utf-8","Content-Language":"en","X-Status-Code":"402"},"data":{"error":{"code":402,"message":"Payment Required","error_code":"3009","error_message":"We failed to accept the credit card payment for the following reason: 'Valid security code required.' Error #T7G7P","upstream_error_message":"Valid security code required."}}}
Headers-->keep-alive
Headers-->2621
Headers-->application/json, text/plain, */*
Headers-->en-CA
Headers-->application/json;charset=UTF-8
]]></system-out>
    <system-err><![CDATA[Starting ChromeDriver 2.36.540470 (e522d04694c7ebea4ba8821272dbef4f9b818c91) on port 41278
Only local connections are allowed.
Oct 13, 2020 11:09:33 AM org.openqa.selenium.remote.ProtocolHandshake createSession
INFO: Detected dialect: OSS
]]></system-err>
  </testcase>
  <testcase name="Enroll" classname="Tests.PrefferedCustomer" time="190.051">
    <failure message="Major Market expected [CA] but found [null]" type="java.lang.AssertionError">java.lang.AssertionError: Major Market expected [CA] but found [null]
	at Tests.PrefferedCustomer.Enroll(PrefferedCustomer.java:104)
</failure>
    <system-out><![CDATA[Request URL: https://hydraqa.unicity.net/v5a-test/quotes?&expand=item
Entry Quotes response : {"items":[{"lines":{"items":[{"item":{"href":"https://hydraqa.unicity.net/v5a-test/items/bb1a7c3a2902e2cbc4cb2a22fdf1f499","id":{"unicity":"26993"}},"quantity":1,"terms":{"priceEach":284,"taxEach":{"amount":0},"discountEach":{"amount":0},"pvEach":150},"quantityLimit":{"quantityQuota":-1,"timeFrameDays":-1,"quantityOrdered":0}}]},"currency":"CAD"},{"lines":{"items":[{"item":{"href":"https://hydraqa.unicity.net/v5a-test/items/4b1b6b6007d154296fd6c4044c789f67","id":{"unicity":"28329"}},"quantity":1,"terms":{"priceEach":284,"taxEach":{"amount":0},"discountEach":{"amount":0},"pvEach":150},"quantityLimit":{"quantityQuota":-1,"timeFrameDays":-1,"quantityOrdered":0}}]},"currency":"CAD"},{"lines":{"items":[{"item":{"href":"https://hydraqa.unicity.net/v5a-test/items/576e0ebc8d1f5b26fc89bf3cd47a26c6","id":{"unicity":"26572"}},"quantity":1,"terms":{"priceEach":110,"taxEach":{"amount":0},"discountEach":{"amount":0},"pvEach":56},"quantityLimit":{"quantityQuota":-1,"timeFrameDays":-1,"quantityOrdered":0}}]},"currency":"CAD"},{"lines":{"items":[{"item":{"href":"https://hydraqa.unicity.net/v5a-test/items/46ea1edabdcf18f49817c437346958eb","id":{"unicity":"29147"}},"quantity":1,"terms":{"priceEach":85,"taxEach":{"amount":0},"discountEach":{"amount":0},"pvEach":33},"quantityLimit":{"quantityQuota":-1,"timeFrameDays":-1,"quantityOrdered":0}}]},"currency":"CAD"},{"lines":{"items":[{"item":{"href":"https://hydraqa.unicity.net/v5a-test/items/e77144fa2fcf6a4dc73c15b4d615c1aa","id":{"unicity":"28437"}},"quantity":1,"terms":{"priceEach":85,"taxEach":{"amount":0},"discountEach":{"amount":0},"pvEach":33},"quantityLimit":{"quantityQuota":-1,"timeFrameDays":-1,"quantityOrdered":0}}]},"currency":"CAD"},{"lines":{"items":[{"item":{"href":"https://hydraqa.unicity.net/v5a-test/items/8407b62b9c4120aa3dfe25c9feb76e4a","id":{"unicity":"28591"}},"quantity":1,"terms":{"priceEach":24,"taxEach":{"amount":0},"discountEach":{"amount":0},"pvEach":15},"quantityLimit":{"quantityQuota":-1,"timeFrameDays":-1,"quantityOrdered":0}}]},"currency":"CAD"},{"lines":{"items":[{"item":{"href":"https://hydraqa.unicity.net/v5a-test/items/10da226fab00279b4f89df10af2a10b7","id":{"unicity":"26442"}},"quantity":1,"terms":{"priceEach":10,"taxEach":{"amount":0},"discountEach":{"amount":0},"pvEach":0},"quantityLimit":{"quantityQuota":-1,"timeFrameDays":-1,"quantityOrdered":0}}]},"currency":"CAD"},{"lines":{"items":[{"item":{"href":"https://hydraqa.unicity.net/v5a-test/items/60b5ca15c481444657970edde11b04ce","id":{"unicity":"26571"}},"quantity":1,"terms":{"priceEach":110,"taxEach":{"amount":0},"discountEach":{"amount":0},"pvEach":56},"quantityLimit":{"quantityQuota":-1,"timeFrameDays":-1,"quantityOrdered":0}}]},"currency":"CAD"},{"lines":{"items":[{"item":{"href":"https://hydraqa.unicity.net/v5a-test/items/2ffc1563d3d0fd7121ca5b1c2184988e","id":{"unicity":"28428"}},"quantity":1,"terms":{"priceEach":111,"taxEach":{"amount":0},"discountEach":{"amount":0},"pvEach":62},"quantityLimit":{"quantityQuota":-1,"timeFrameDays":-1,"quantityOrdered":0}}]},"currency":"CAD"},{"lines":{"items":[{"item":{"href":"https://hydraqa.unicity.net/v5a-test/items/637af131553f5822bef2bb0f0577b2e9","id":{"unicity":"28160"}},"quantity":1,"terms":{"priceEach":118,"taxEach":{"amount":0},"discountEach":{"amount":0},"pvEach":62},"quantityLimit":{"quantityQuota":-1,"timeFrameDays":-1,"quantityOrdered":0}}]},"currency":"CAD"},{"lines":{"items":[{"item":{"href":"https://hydraqa.unicity.net/v5a-test/items/c4744f6ba328b983bfffc7e1e4416ff3","id":{"unicity":"26565"}},"quantity":1,"terms":{"priceEach":117,"taxEach":{"amount":0},"discountEach":{"amount":0},"pvEach":64},"quantityLimit":{"quantityQuota":-1,"timeFrameDays":-1,"quantityOrdered":0}}]},"currency":"CAD"},{"lines":{"items":[{"item":{"href":"https://hydraqa.unicity.net/v5a-test/items/fe97499574f54ccd16daec7361208411","id":{"unicity":"26570"}},"quantity":1,"terms":{"priceEach":26,"taxEach":{"amount":0},"discountEach":{"amount":0},"pvEach":13},"quantityLimit":{"quantityQuota":-1,"timeFrameDays":-1,"quantityOrdered":0}}]},"currency":"CAD"},{"lines":{"items":[{"item":{"href":"https://hydraqa.unicity.net/v5a-test/items/ae14f4659032c9e8591a7ac76abd1ad5","id":{"unicity":"26569"}},"quantity":1,"terms":{"priceEach":50,"taxEach":{"amount":0},"discountEach":{"amount":0},"pvEach":30},"quantityLimit":{"quantityQuota":-1,"timeFrameDays":-1,"quantityOrdered":0}}]},"currency":"CAD"},{"lines":{"items":[{"item":{"href":"https://hydraqa.unicity.net/v5a-test/items/351c19047c5c800d2db6963b3af5df78","id":{"unicity":"27080"}},"quantity":1,"terms":{"priceEach":67,"taxEach":{"amount":0},"discountEach":{"amount":0},"pvEach":35},"quantityLimit":{"quantityQuota":-1,"timeFrameDays":-1,"quantityOrdered":0}}]},"currency":"CAD"},{"lines":{"items":[{"item":{"href":"https://hydraqa.unicity.net/v5a-test/items/f847ce37f5942a226f74e671c86709f8","id":{"unicity":"28787"}},"quantity":1,"terms":{"priceEach":39,"taxEach":{"amount":0},"discountEach":{"amount":0},"pvEach":17},"quantityLimit":{"quantityQuota":-1,"timeFrameDays":-1,"quantityOrdered":0}}]},"currency":"CAD"},{"lines":{"items":[{"item":{"href":"https://hydraqa.unicity.net/v5a-test/items/b24413d1812bb9c95ba6ff7e26bad8ff","id":{"unicity":"26566"}},"quantity":1,"terms":{"priceEach":54,"taxEach":{"amount":0},"discountEach":{"amount":0},"pvEach":32},"quantityLimit":{"quantityQuota":-1,"timeFrameDays":-1,"quantityOrdered":0}}]},"currency":"CAD"},{"lines":{"items":[{"item":{"href":"https://hydraqa.unicity.net/v5a-test/items/6e0e7450f45cb9412e5b4642dd1469cb","id":{"unicity":"26579"}},"quantity":1,"terms":{"priceEach":24,"taxEach":{"amount":0},"discountEach":{"amount":0},"pvEach":13},"quantityLimit":{"quantityQuota":-1,"timeFrameDays":-1,"quantityOrdered":0}}]},"currency":"CAD"},{"lines":{"items":[{"item":{"href":"https://hydraqa.unicity.net/v5a-test/items/828f9b5bdbceaa7cd3ca6a4532632635","id":{"unicity":"19356"}},"quantity":1,"terms":{"priceEach":41,"taxEach":{"amount":0},"discountEach":{"amount":0},"pvEach":21},"quantityLimit":{"quantityQuota":-1,"timeFrameDays":-1,"quantityOrdered":0}}]},"currency":"CAD"},{"lines":{"items":[{"item":{"href":"https://hydraqa.unicity.net/v5a-test/items/cb1cb2d293cc48affee9b2026c31313a","id":{"unicity":"28928"}},"quantity":1,"terms":{"priceEach":47,"taxEach":{"amount":0},"discountEach":{"amount":0},"pvEach":13},"quantityLimit":{"quantityQuota":-1,"timeFrameDays":-1,"quantityOrdered":0}}]},"currency":"CAD"},{"lines":{"items":[{"item":{"href":"https://hydraqa.unicity.net/v5a-test/items/a40ede5f6847ec094ad8a38616ced7d0","id":{"unicity":"28100"}},"quantity":1,"terms":{"priceEach":46,"taxEach":{"amount":0},"discountEach":{"amount":0},"pvEach":25},"quantityLimit":{"quantityQuota":-1,"timeFrameDays":-1,"quantityOrdered":0}}]},"currency":"CAD"},{"lines":{"items":[{"item":{"href":"https://hydraqa.unicity.net/v5a-test/items/1b0412bea8c0b841c66f65a36aa14108","id":{"unicity":"29191"}},"quantity":1,"terms":{"priceEach":104,"taxEach":{"amount":0},"discountEach":{"amount":0},"pvEach":36},"quantityLimit":{"quantityQuota":-1,"timeFrameDays":-1,"quantityOrdered":0}}]},"currency":"CAD"},{"lines":{"items":[{"item":{"href":"https://hydraqa.unicity.net/v5a-test/items/e84750c27b2b9f10e6b4d2ab5a1954ba","id":{"unicity":"30115"}},"quantity":1,"terms":{"priceEach":137,"taxEach":{"amount":0},"discountEach":{"amount":0},"pvEach":56},"quantityLimit":{"quantityQuota":-1,"timeFrameDays":-1,"quantityOrdered":0}}]},"currency":"CAD"},{"lines":{"items":[{"item":{"href":"https://hydraqa.unicity.net/v5a-test/items/42d7ab6b9834716f6ebdd66f1a86d7b1","id":{"unicity":"30980"}},"quantity":1,"terms":{"priceEach":25,"taxEach":{"amount":0},"discountEach":{"amount":0},"pvEach":8},"quantityLimit":{"quantityQuota":-1,"timeFrameDays":-1,"quantityOrdered":0}}]},"currency":"CAD"},{"lines":{"items":[{"item":{"href":"https://hydraqa.unicity.net/v5a-test/items/0e78fbdfebef11cd62f8d2120064ee58","id":{"unicity":"30280"}},"quantity":1,"terms":{"priceEach":69,"taxEach":{"amount":0},"discountEach":{"amount":0},"pvEach":24},"quantityLimit":{"quantityQuota":-1,"timeFrameDays":-1,"quantityOrdered":0}}]},"currency":"CAD"},{"lines":{"items":[{"item":{"href":"https://hydraqa.unicity.net/v5a-test/items/5c430db0256426c4b730bc6994a94a02","id":{"unicity":"31773"}},"quantity":1,"terms":{"priceEach":34,"taxEach":{"amount":0},"discountEach":{"amount":0},"pvEach":13},"quantityLimit":{"quantityQuota":-1,"timeFrameDays":-1,"quantityOrdered":0}}]},"currency":"CAD"},{"lines":{"items":[{"item":{"href":"https://hydraqa.unicity.net/v5a-test/items/cfc721c9fb00317ed614492f65f21460","id":{"unicity":"31288"}},"quantity":1,"terms":{"priceEach":59,"taxEach":{"amount":0},"discountEach":{"amount":0},"pvEach":30},"quantityLimit":{"quantityQuota":-1,"timeFrameDays":-1,"quantityOrdered":0}}]},"currency":"CAD"},{"lines":{"items":[{"item":{"href":"https://hydraqa.unicity.net/v5a-test/items/4916b998c4d0c83c68449a17ea6c1e4c","id":{"unicity":"33457"}},"quantity":1,"terms":{"priceEach":221,"taxEach":{"amount":0},"discountEach":{"amount":0},"pvEach":116},"quantityLimit":{"quantityQuota":-1,"timeFrameDays":-1,"quantityOrdered":0}}]},"currency":"CAD"}]}
Entry request : {"order":{"customer":{"href":"https://hydraqa.unicity.net/v5a-test/customers?type=PreferredCustomer"},"shipToAddress":{"country":"CA"}},"vary":{"lines":{"items":[{"item":{"href":"https://hydraqa.unicity.net/v5a-test/items?id.unicity=26993|31440|31442|27184|28325|28327|28329|26572|29449|29147|28437|28591|26580|26442|28370|26571|28326|28328|26994|26995|28330|28331|28428|28160|26574|26565|26570|26569|27589|27080|28787|26566|26579|19356|28928|20436|28100|28845|29183|29185|29191|30115|30980|31110|30280|31773|31288|33457|30136|31849"}}]}}}
Request URL: https://hydraqa.unicity.net/v5a-test/customers.js?callback=angular.callbacks._1&expand=customer,profilePicture&id.unicity=2
Request URL: https://hydraqa.unicity.net/v5a-test/customers.js?_httpMethod=HEAD&callback=angular.callbacks._4&email=OTIJMQ@gmail.com
Unicity [Date=Tue, 13 Oct 2020 17:15:15 GMT, Content-Type=text/javascript; charset=utf-8, Content-Length=1157, Connection=keep-alive, Set-Cookie=__cfduid=d5865dd7ff5f68e8054e5ccf864a716841602609311; expires=Thu, 12-Nov-20 17:15:11 GMT; path=/; domain=.unicity.net; HttpOnly; SameSite=Lax, x-powered-by=Express, x-request-id=bd6c51b9-09e2-9f08-9528-069c849fe2ae,bd6c51b9-09e2-9f08-9528-069c849fe2ae, x-request-uuid=bd6c51b9-09e2-9f08-9528-069c849fe2ae, x-request-release=5-2020100902/master, access-control-allow-origin=http://enroll.ng.unicityqa.com, vary=Accept-Encoding, link=<http://unicity.github.io/Hydra.php/docs/v5/>; rel="help", cache-control=no-cache, must-revalidate, expires=0, content-language=en-US, x-status-code=200, content-encoding=gzip, x-envoy-upstream-service-time=3963, etag=W/"485-rTpD9ylOjiKJV2/AXdZ0Xzxkdtg", access-control-expose-headers=x-b3-traceid, x-request-id, x-b3-traceid=3a9d0bcca5f334ec, CF-Cache-Status=DYNAMIC, cf-request-id=05c48e880500009691a914c200000001, Expect-CT=max-age=604800, report-uri="https://report-uri.cloudflare.com/cdn-cgi/beacon/expect-ct", Server=cloudflare, CF-RAY=5e1ab3866d7a9691-SJC, alt-svc=h3-27=":443"; ma=86400, h3-28=":443"; ma=86400, h3-29=":443"; ma=86400]
sumanB4V2K4
{shipToAddress={zip=B4V2K4, country=CA, city=BRIDGEWATER, address1=Address 1, state=NS}, shippingMethod={href=https://hydraqa.unicity.net/v5a-test/shippingmethods?type=Canada Post}, lines={items=[{item={href=https://hydraqa.unicity.net/v5a-test/items?id.unicity=26565}, quantity=1}]}, transactions={items=[{method=Coupon, methodDetails={code=Fre3Aut0Sh!p}, type=AuthorizeAndCapture}]}, customer={href=https://hydraqa.unicity.net/v5a-test/customers?type=PreferredCustomer}}
kalyanB4V2K4
Request URL: https://hydraqa.unicity.net/v5a-test/addresses?country=CA&zip=B4V2K4
Entry response : {"items":[{"address1":"","address2":"","city":"Bridgewater","state":"NS","zip":"B4V2K4","country":"CA"}]}
{sponsor=2, gender=male, city=BRIDGEWATER, cartprice=117.0, enroller=2, arpack=Prime Health Pack - Cholesterol/Energy/Vanilla, language=Français, locale=fr, type=PreferredCustomer, platform=QA, lname=TestLastName, password=Unicity, genderoption=Homme, Currency=USD, api=4, state=[NS], email=OTIJMQ@gmail.com, zip=B4V2K4, fname=TestFirstName, prefferd=Canada, address2=Address 2, address1=Address 1, shippingmethod=type=Canada Post, version=v5a-test/, testcase=normal, market=Canada, aritemcode=26993, referral=yes, martial=Single, phone=9823746323, proto=https://hydraqa.unicity.net/, marketcode=CA, maritaloption=Célibataire, ccname=CCNameTest}
Request URL: https://hydraqa.unicity.net/v5a-test/orders.js
Entry request : {"customer":{"mainAddress":{"city":"BRIDGEWATER","country":"CA","state":"NS","zip":"B4V2K4","address1":"Address 1","address2":"Address 2"},"humanName":{"firstName":"TestFirstName","lastName":"TestLastName"},"email":"OTIJMQ@gmail.com","preferredLocale":"fr-CA","password":{"value":"Unicity"},"gender":"male","maritalStatus":"Single","type":"PreferredCustomer","creditcardaliases":[{"methodDetails":{"creditCardNumber":"4111111111111111","payer":"TestFirstName TestLastName","creditCardExpires":"2020-10"},"billToName":{"firstName":"TestFirstName","lastName":"TestLastName"},"billToAddress":{"address1":"Address 1","address2":"Address 2","city":"BRIDGEWATER","state":"NS","zip":"B4V2K4","country":"CA"}}],"sponsor":{"href":"https://hydraqa.unicity.net/v5a-test/customers?id.unicity=2"},"enroller":{"href":"https://hydraqa.unicity.net/v5a-test/customers?id.unicity=2"},"homePhone":"9823746323","autoorders":{"items":[{"recurrence":{"schedule":{"month":"*","dayOfMonth":"5","skipRepetitions":"2"},"status":"Enabled"},"lines":{"items":[{"item":{"href":"https://hydraqa.unicity.net/v5a-test/items?id.unicity=26993"},"quantity":1}]},"shipToName":{"firstName":"TestFirstName","lastName":"TestLastName"},"shipToPhone":"9823746323","shipToEmail":"OTIJMQ@gmail.com","shipToAddress":{"city":"BRIDGEWATER","country":"CA","state":"NS","address1":"Address 1","address2":"Address 2","zip":"B4V2K4"},"shippingMethod":{"href":"https://hydraqa.unicity.net/v5a-test/shippingmethods?type=Canada Post"},"transactions":{"items":[{"amount":"this.terms.total","type":"AuthorizeAndCapture","method":"CreditCardAlias","methodDetails":{"alias":"this.customer.creditcardaliases[0].alias"}}]}}]},"rights":[]},"lines":{"items":[{"item":{"href":"https://hydraqa.unicity.net/v5a-test/items?id.unicity=26565"},"quantity":1}]},"shipToName":{"firstName":"TestFirstName","lastName":"TestLastName"},"shipToPhone":"9823746323","shipToEmail":"OTIJMQ@gmail.com","shipToAddress":{"city":"BRIDGEWATER","country":"CA","state":"NS","address1":"Address 1","address2":"Address 2","zip":"B4V2K4"},"shippingMethod":{"href":"https://hydraqa.unicity.net/v5a-test/shippingmethods?type=Canada Post"},"notes":"","transactions":{"items":[{"amount":"this.terms.total","type":"AuthorizeAndCapture","method":"CreditCard","methodDetails":{"creditCardNumber":"4111111111111111","payer":"CCNameTest","creditCardExpires":"2020-10","creditCardSecurityCode":"123"},"billToAddress":{"address1":"Address 1","address2":"Address 2","city":"BRIDGEWATER","state":"NS","zip":"B4V2K4","country":"CA"}},{"type":"AuthorizeAndCapture","method":"Coupon","methodDetails":{"code":"Fre3Aut0Sh!p"}}]}}
Entry response : {"meta":{"Link":"<http:\/\/unicity.github.io\/Hydra.php\/docs\/v5\/>; rel=\"help\"","X-Request-UUID":"62817b16-87e1-9c30-9c43-854efac812ea","X-Request-Release":"5-2020100902\/master","Cache-Control":"no-cache, must-revalidate","Expires":"0","X-Powered-By":"Luracast Restler v3.0.0rc5","Content-Type":"text\/javascript; charset=utf-8","Content-Language":"en","X-Status-Code":"402"},"data":{"error":{"code":402,"message":"Payment Required","error_code":"3009","error_message":"We failed to accept the credit card payment for the following reason: 'Valid security code required.' Error #T4D9R","upstream_error_message":"Valid security code required."}}}
Headers-->keep-alive
Headers-->2621
Headers-->application/json, text/plain, */*
Headers-->fr-CA
Headers-->application/json;charset=UTF-8
]]></system-out>
    <system-err><![CDATA[Starting ChromeDriver 2.36.540470 (e522d04694c7ebea4ba8821272dbef4f9b818c91) on port 6884
Only local connections are allowed.
Oct 13, 2020 11:12:51 AM org.openqa.selenium.remote.ProtocolHandshake createSession
INFO: Detected dialect: OSS
]]></system-err>
  </testcase>
  <testcase name="Enroll" classname="Tests.PrefferedCustomer" time="93.831">
    <failure message="Minor Labels expected [[Payment Options, Información de la tarjeta de Crédito, Dirección de facturación/correo, Método de envío]] but found [[Opciones de pago, Información de la tarjeta de Crédito, Dirección de facturación/correo, Método de envío]]" type="java.lang.AssertionError">java.lang.AssertionError: Minor Labels expected [[Payment Options, Información de la tarjeta de Crédito, Dirección de facturación/correo, Método de envío]] but found [[Opciones de pago, Información de la tarjeta de Crédito, Dirección de facturación/correo, Método de envío]]
	at Tests.PrefferedCustomer.Enroll(PrefferedCustomer.java:103)
</failure>
    <system-out><![CDATA[Request URL: https://hydraqa.unicity.net/v5a-test/customers.js?_httpMethod=HEAD&callback=angular.callbacks._5&email=WZYYUB@gmail.com
]]></system-out>
    <system-err><![CDATA[Starting ChromeDriver 2.36.540470 (e522d04694c7ebea4ba8821272dbef4f9b818c91) on port 4147
Only local connections are allowed.
Oct 13, 2020 11:16:08 AM org.openqa.selenium.remote.ProtocolHandshake createSession
INFO: Detected dialect: OSS
]]></system-err>
  </testcase>
  <testcase name="Enroll" classname="Tests.PrefferedCustomer" time="281.087">
    <failure message="Major market is missing expected [Ukraine] but found [Turkey]" type="java.lang.AssertionError">java.lang.AssertionError: Major market is missing expected [Ukraine] but found [Turkey]
	at Tests.PrefferedCustomer.Enroll(PrefferedCustomer.java:104)
</failure>
    <system-out><![CDATA[Request URL: https://hydraqa.unicity.net/v5a-test/quotes?&expand=item
Entry Quotes response : {"items":[{"lines":{"items":[{"item":{"href":"https://hydraqa.unicity.net/v5a-test/items/051e765a5a71835a859c2757edd359f0","id":{"unicity":"26580"}},"quantity":1,"terms":{"priceEach":225,"taxEach":{"amount":0},"discountEach":{"amount":0},"pvEach":130},"quantityLimit":{"quantityQuota":-1,"timeFrameDays":-1,"quantityOrdered":0}}]},"currency":"USD"},{"lines":{"items":[{"item":{"href":"https://hydraqa.unicity.net/v5a-test/items/38da42f991a40a00153b2e5055b82dbf","id":{"unicity":"27801"}},"quantity":1,"terms":{"priceEach":225,"taxEach":{"amount":0},"discountEach":{"amount":0},"pvEach":130},"quantityLimit":{"quantityQuota":-1,"timeFrameDays":-1,"quantityOrdered":0}}]},"currency":"USD"},{"lines":{"items":[{"item":{"href":"https://hydraqa.unicity.net/v5a-test/items/9ff4257741d464b686d15be955b8afb6","id":{"unicity":"0963"}},"quantity":1,"terms":{"priceEach":54,"taxEach":{"amount":0},"discountEach":{"amount":0},"pvEach":25},"quantityLimit":{"quantityQuota":-1,"timeFrameDays":-1,"quantityOrdered":0}}]},"currency":"USD"},{"lines":{"items":[{"item":{"href":"https://hydraqa.unicity.net/v5a-test/items/716b7a0bca7fa73e42e000d668e7ee65","id":{"unicity":"15129"}},"quantity":1,"terms":{"priceEach":29,"taxEach":{"amount":0},"discountEach":{"amount":0},"pvEach":10},"quantityLimit":{"quantityQuota":-1,"timeFrameDays":-1,"quantityOrdered":0}}]},"currency":"USD"},{"lines":{"items":[{"item":{"href":"https://hydraqa.unicity.net/v5a-test/items/390a7ae70d5669561ecdf7d5cff2671b","id":{"unicity":"15271"}},"quantity":1,"terms":{"priceEach":89,"taxEach":{"amount":0},"discountEach":{"amount":0},"pvEach":27},"quantityLimit":{"quantityQuota":-1,"timeFrameDays":-1,"quantityOrdered":0}}]},"currency":"USD"},{"lines":{"items":[{"item":{"href":"https://hydraqa.unicity.net/v5a-test/items/4b2034f47fce90b87bba28c5c2d7c25d","id":{"unicity":"15880"}},"quantity":1,"terms":{"priceEach":76,"taxEach":{"amount":0},"discountEach":{"amount":0},"pvEach":41},"quantityLimit":{"quantityQuota":-1,"timeFrameDays":-1,"quantityOrdered":0}}]},"currency":"USD"},{"lines":{"items":[{"item":{"href":"https://hydraqa.unicity.net/v5a-test/items/2c4c1abe00983e85aaa918d2ce341491","id":{"unicity":"17174"}},"quantity":1,"terms":{"priceEach":22,"taxEach":{"amount":0},"discountEach":{"amount":0},"pvEach":10},"quantityLimit":{"quantityQuota":-1,"timeFrameDays":-1,"quantityOrdered":0}}]},"currency":"USD"},{"lines":{"items":[{"item":{"href":"https://hydraqa.unicity.net/v5a-test/items/cea826eab72d44641c070aab6c97c1ac","id":{"unicity":"22747"}},"quantity":1,"terms":{"priceEach":35,"taxEach":{"amount":0},"discountEach":{"amount":0},"pvEach":16},"quantityLimit":{"quantityQuota":-1,"timeFrameDays":-1,"quantityOrdered":0}}]},"currency":"USD"},{"lines":{"items":[{"item":{"href":"https://hydraqa.unicity.net/v5a-test/items/5c2f1613082782e691d32fe9ce034026","id":{"unicity":"23728"}},"quantity":1,"terms":{"priceEach":34,"taxEach":{"amount":0},"discountEach":{"amount":0},"pvEach":13},"quantityLimit":{"quantityQuota":-1,"timeFrameDays":-1,"quantityOrdered":0}}]},"currency":"USD"},{"lines":{"items":[{"item":{"href":"https://hydraqa.unicity.net/v5a-test/items/64ec7ad932acafab052a4e8800ad1238","id":{"unicity":"24758"}},"quantity":1,"terms":{"priceEach":40,"taxEach":{"amount":0},"discountEach":{"amount":0},"pvEach":21},"quantityLimit":{"quantityQuota":-1,"timeFrameDays":-1,"quantityOrdered":0}}]},"currency":"USD"},{"lines":{"items":[{"item":{"href":"https://hydraqa.unicity.net/v5a-test/items/9a7715e888c94989d898fe4653645721","id":{"unicity":"26550"}},"quantity":1,"terms":{"priceEach":99,"taxEach":{"amount":0},"discountEach":{"amount":0},"pvEach":52},"quantityLimit":{"quantityQuota":-1,"timeFrameDays":-1,"quantityOrdered":0}}]},"currency":"USD"},{"lines":{"items":[{"item":{"href":"https://hydraqa.unicity.net/v5a-test/items/3af97c67f653253825a9189a27da57d6","id":{"unicity":"26556"}},"quantity":1,"terms":{"priceEach":101,"taxEach":{"amount":0},"discountEach":{"amount":0},"pvEach":61},"quantityLimit":{"quantityQuota":-1,"timeFrameDays":-1,"quantityOrdered":0}}]},"currency":"USD"},{"lines":{"items":[{"item":{"href":"https://hydraqa.unicity.net/v5a-test/items/0cf62d38e91953b43dcfe88b06f813cb","id":{"unicity":"26557"}},"quantity":1,"terms":{"priceEach":101,"taxEach":{"amount":0},"discountEach":{"amount":0},"pvEach":61},"quantityLimit":{"quantityQuota":-1,"timeFrameDays":-1,"quantityOrdered":0}}]},"currency":"USD"},{"lines":{"items":[{"item":{"href":"https://hydraqa.unicity.net/v5a-test/items/398d06b858b960f6f38086d40608aef2","id":{"unicity":"26560"}},"quantity":1,"terms":{"priceEach":21,"taxEach":{"amount":0},"discountEach":{"amount":0},"pvEach":12},"quantityLimit":{"quantityQuota":-1,"timeFrameDays":-1,"quantityOrdered":0}}]},"currency":"USD"},{"lines":{"items":[{"item":{"href":"https://hydraqa.unicity.net/v5a-test/items/cda534d686af5d627c94c4bb2c4b57d8","id":{"unicity":"26561"}},"quantity":1,"terms":{"priceEach":21,"taxEach":{"amount":0},"discountEach":{"amount":0},"pvEach":11},"quantityLimit":{"quantityQuota":-1,"timeFrameDays":-1,"quantityOrdered":0}}]},"currency":"USD"},{"lines":{"items":[{"item":{"href":"https://hydraqa.unicity.net/v5a-test/items/0a3ede185ddf034630afd891c5106d33","id":{"unicity":"26562"}},"quantity":1,"terms":{"priceEach":43,"taxEach":{"amount":0},"discountEach":{"amount":0},"pvEach":25},"quantityLimit":{"quantityQuota":-1,"timeFrameDays":-1,"quantityOrdered":0}}]},"currency":"USD"},{"lines":{"items":[{"item":{"href":"https://hydraqa.unicity.net/v5a-test/items/16ca68abaaa92505c257be022a154769","id":{"unicity":"27615"}},"quantity":1,"terms":{"priceEach":37,"taxEach":{"amount":0},"discountEach":{"amount":0},"pvEach":21},"quantityLimit":{"quantityQuota":-1,"timeFrameDays":-1,"quantityOrdered":0}}]},"currency":"USD"},{"lines":{"items":[{"item":{"href":"https://hydraqa.unicity.net/v5a-test/items/1bd53de7fe880ba71f46c9976ca2c137","id":{"unicity":"27739"}},"quantity":1,"terms":{"priceEach":43,"taxEach":{"amount":0},"discountEach":{"amount":0},"pvEach":13},"quantityLimit":{"quantityQuota":-1,"timeFrameDays":-1,"quantityOrdered":0}}]},"currency":"USD"},{"lines":{"items":[{"item":{"href":"https://hydraqa.unicity.net/v5a-test/items/1945faa1776541d53120ecfe3c1d8a2b","id":{"unicity":"24418"}},"quantity":1,"terms":{"priceEach":7,"taxEach":{"amount":0},"discountEach":{"amount":0},"pvEach":0},"quantityLimit":{"quantityQuota":-1,"timeFrameDays":-1,"quantityOrdered":0}}]},"currency":"USD"},{"lines":{"items":[{"item":{"href":"https://hydraqa.unicity.net/v5a-test/items/9a6e1d094182389c3da8e0a320ff0e00","id":{"unicity":"27585"}},"quantity":1,"terms":{"priceEach":69,"taxEach":{"amount":0},"discountEach":{"amount":0},"pvEach":33},"quantityLimit":{"quantityQuota":-1,"timeFrameDays":-1,"quantityOrdered":0}}]},"currency":"USD"},{"lines":{"items":[{"item":{"href":"https://hydraqa.unicity.net/v5a-test/items/b127a2d34d3d73e2f53e4c2002a7a4a2","id":{"unicity":"25008"}},"quantity":1,"terms":{"priceEach":24,"taxEach":{"amount":0},"discountEach":{"amount":0},"pvEach":15},"quantityLimit":{"quantityQuota":-1,"timeFrameDays":-1,"quantityOrdered":0}}]},"currency":"USD"},{"lines":{"items":[{"item":{"href":"https://hydraqa.unicity.net/v5a-test/items/10da226fab00279b4f89df10af2a10b7","id":{"unicity":"26442"}},"quantity":1,"terms":{"priceEach":8,"taxEach":{"amount":0},"discountEach":{"amount":0},"pvEach":0},"quantityLimit":{"quantityQuota":-1,"timeFrameDays":-1,"quantityOrdered":0}}]},"currency":"USD"},{"lines":{"items":[{"item":{"href":"https://hydraqa.unicity.net/v5a-test/items/933f0856fd8ec1df83c5283dabf4ec3c","id":{"unicity":"6200"}},"quantity":1,"terms":{"priceEach":88,"taxEach":{"amount":0},"discountEach":{"amount":0},"pvEach":47},"quantityLimit":{"quantityQuota":-1,"timeFrameDays":-1,"quantityOrdered":0}}]},"currency":"USD"},{"lines":{"items":[{"item":{"href":"https://hydraqa.unicity.net/v5a-test/items/8d994059c399f5551ab112574e4476fc","id":{"unicity":"24785"}},"quantity":1,"terms":{"priceEach":18,"taxEach":{"amount":0},"discountEach":{"amount":0},"pvEach":9},"quantityLimit":{"quantityQuota":-1,"timeFrameDays":-1,"quantityOrdered":0}}]},"currency":"USD"},{"lines":{"items":[{"item":{"href":"https://hydraqa.unicity.net/v5a-test/items/aa0d72ac13b1ce88cf8c4a52ede75a37","id":{"unicity":"26552"}},"quantity":1,"terms":{"priceEach":89,"taxEach":{"amount":0},"discountEach":{"amount":0},"pvEach":50},"quantityLimit":{"quantityQuota":-1,"timeFrameDays":-1,"quantityOrdered":0}}]},"currency":"USD"},{"lines":{"items":[{"item":{"href":"https://hydraqa.unicity.net/v5a-test/items/8b5ed9aa6c6132e1be5e446f69a3465e","id":{"unicity":"0954"}},"quantity":1,"terms":{"priceEach":27,"taxEach":{"amount":0},"discountEach":{"amount":0},"pvEach":15},"quantityLimit":{"quantityQuota":-1,"timeFrameDays":-1,"quantityOrdered":0}}]},"currency":"USD"},{"lines":{"items":[{"item":{"href":"https://hydraqa.unicity.net/v5a-test/items/b2fc4b9ba4aa5cae54389161be2f841f","id":{"unicity":"18401"}},"quantity":1,"terms":{"priceEach":40,"taxEach":{"amount":0},"discountEach":{"amount":0},"pvEach":19},"quantityLimit":{"quantityQuota":-1,"timeFrameDays":-1,"quantityOrdered":0}}]},"currency":"USD"},{"lines":{"items":[{"item":{"href":"https://hydraqa.unicity.net/v5a-test/items/48433ffc76597c823adc2b8627e033e4","id":{"unicity":"26559"}},"quantity":1,"terms":{"priceEach":39,"taxEach":{"amount":0},"discountEach":{"amount":0},"pvEach":20},"quantityLimit":{"quantityQuota":-1,"timeFrameDays":-1,"quantityOrdered":0}}]},"currency":"USD"},{"lines":{"items":[{"item":{"href":"https://hydraqa.unicity.net/v5a-test/items/5a38f009bec6c23b1b3a70432f9722e5","id":{"unicity":"19596"}},"quantity":1,"terms":{"priceEach":63,"taxEach":{"amount":0},"discountEach":{"amount":0},"pvEach":30},"quantityLimit":{"quantityQuota":-1,"timeFrameDays":-1,"quantityOrdered":0}}]},"currency":"USD"},{"lines":{"items":[{"item":{"href":"https://hydraqa.unicity.net/v5a-test/items/ddef5f478ff91aa2263b646a3bd03dea","id":{"unicity":"21420"}},"quantity":1,"terms":{"priceEach":31,"taxEach":{"amount":0},"discountEach":{"amount":0},"pvEach":10},"quantityLimit":{"quantityQuota":-1,"timeFrameDays":-1,"quantityOrdered":0}}]},"currency":"USD"},{"lines":{"items":[{"item":{"href":"https://hydraqa.unicity.net/v5a-test/items/55d3b550a17b78175cc5ac565e4266e8","id":{"unicity":"24621"}},"quantity":1,"terms":{"priceEach":26,"taxEach":{"amount":0},"discountEach":{"amount":0},"pvEach":12},"quantityLimit":{"quantityQuota":-1,"timeFrameDays":-1,"quantityOrdered":0}}]},"currency":"USD"},{"lines":{"items":[{"item":{"href":"https://hydraqa.unicity.net/v5a-test/items/9d9d002b0e21b9bd58ad0154a4f781c5","id":{"unicity":"28836"}},"quantity":1,"terms":{"priceEach":75,"taxEach":{"amount":0},"discountEach":{"amount":0},"pvEach":36},"quantityLimit":{"quantityQuota":-1,"timeFrameDays":-1,"quantityOrdered":0}}]},"currency":"USD"},{"lines":{"items":[{"item":{"href":"https://hydraqa.unicity.net/v5a-test/items/399be8efa903b362515c48315ab2afb9","id":{"unicity":"15712"}},"quantity":1,"terms":{"priceEach":28,"taxEach":{"amount":0},"discountEach":{"amount":0},"pvEach":11},"quantityLimit":{"quantityQuota":-1,"timeFrameDays":-1,"quantityOrdered":0}}]},"currency":"USD"},{"lines":{"items":[{"item":{"href":"https://hydraqa.unicity.net/v5a-test/items/d489ec0d50f6e28d5743afc65439631b","id":{"unicity":"0960"}},"quantity":1,"terms":{"priceEach":48,"taxEach":{"amount":0},"discountEach":{"amount":0},"pvEach":23},"quantityLimit":{"quantityQuota":-1,"timeFrameDays":-1,"quantityOrdered":0}}]},"currency":"USD"},{"lines":{"items":[{"item":{"href":"https://hydraqa.unicity.net/v5a-test/items/66839181d7531692a8d886a9da6fb4d6","id":{"unicity":"25369"}},"quantity":1,"terms":{"priceEach":63,"taxEach":{"amount":0},"discountEach":{"amount":0},"pvEach":25},"quantityLimit":{"quantityQuota":-1,"timeFrameDays":-1,"quantityOrdered":0}}]},"currency":"USD"},{"lines":{"items":[{"item":{"href":"https://hydraqa.unicity.net/v5a-test/items/8ed7a8910d5c5335774fa9cfae0e511d","id":{"unicity":"18386"}},"quantity":1,"terms":{"priceEach":35,"taxEach":{"amount":0},"discountEach":{"amount":0},"pvEach":21},"quantityLimit":{"quantityQuota":-1,"timeFrameDays":-1,"quantityOrdered":0}}]},"currency":"USD"},{"lines":{"items":[{"item":{"href":"https://hydraqa.unicity.net/v5a-test/items/3f2d12d7a0e8551fc99fad3bbe1ba633","id":{"unicity":"26567"}},"quantity":1,"terms":{"priceEach":70,"taxEach":{"amount":0},"discountEach":{"amount":0},"pvEach":35},"quantityLimit":{"quantityQuota":-1,"timeFrameDays":-1,"quantityOrdered":0}}]},"currency":"USD"},{"lines":{"items":[{"item":{"href":"https://hydraqa.unicity.net/v5a-test/items/191637167cb3144bd2e8c4615e9ab67e","id":{"unicity":"26568"}},"quantity":1,"terms":{"priceEach":70,"taxEach":{"amount":0},"discountEach":{"amount":0},"pvEach":35},"quantityLimit":{"quantityQuota":-1,"timeFrameDays":-1,"quantityOrdered":0}}]},"currency":"USD"},{"lines":{"items":[{"item":{"href":"https://hydraqa.unicity.net/v5a-test/items/2cefc6a61faaae3455a5adcb0d8fc74f","id":{"unicity":"15907"}},"quantity":1,"terms":{"priceEach":19,"taxEach":{"amount":0},"discountEach":{"amount":0},"pvEach":5},"quantityLimit":{"quantityQuota":-1,"timeFrameDays":-1,"quantityOrdered":0}}]},"currency":"USD"},{"lines":{"items":[{"item":{"href":"https://hydraqa.unicity.net/v5a-test/items/e870d73cd94149d9f6b55de9736c9daa","id":{"unicity":"3107"}},"quantity":1,"terms":{"priceEach":31,"taxEach":{"amount":0},"discountEach":{"amount":0},"pvEach":16},"quantityLimit":{"quantityQuota":-1,"timeFrameDays":-1,"quantityOrdered":0}}]},"currency":"USD"},{"lines":{"items":[{"item":{"href":"https://hydraqa.unicity.net/v5a-test/items/fa2407c91e64e66a72ab45172eb978df","id":{"unicity":"0988"}},"quantity":1,"terms":{"priceEach":47,"taxEach":{"amount":0},"discountEach":{"amount":0},"pvEach":23},"quantityLimit":{"quantityQuota":-1,"timeFrameDays":-1,"quantityOrdered":0}}]},"currency":"USD"},{"lines":{"items":[{"item":{"href":"https://hydraqa.unicity.net/v5a-test/items/40a1044968ea62276f4ba87fd2ef0d8f","id":{"unicity":"12230"}},"quantity":1,"terms":{"priceEach":52,"taxEach":{"amount":0},"discountEach":{"amount":0},"pvEach":18},"quantityLimit":{"quantityQuota":-1,"timeFrameDays":-1,"quantityOrdered":0}}]},"currency":"USD"},{"lines":{"items":[{"item":{"href":"https://hydraqa.unicity.net/v5a-test/items/112b8c39286598b3730f630f371a45f4","id":{"unicity":"27587"}},"quantity":1,"terms":{"priceEach":71,"taxEach":{"amount":0},"discountEach":{"amount":0},"pvEach":33},"quantityLimit":{"quantityQuota":-1,"timeFrameDays":-1,"quantityOrdered":0}}]},"currency":"USD"},{"lines":{"items":[{"item":{"href":"https://hydraqa.unicity.net/v5a-test/items/e218d1cac5f31e7ae4f5876c29c57377","id":{"unicity":"29017"}},"quantity":1,"terms":{"priceEach":49,"taxEach":{"amount":0},"discountEach":{"amount":0},"pvEach":26},"quantityLimit":{"quantityQuota":-1,"timeFrameDays":-1,"quantityOrdered":0}}]},"currency":"USD"},{"lines":{"items":[{"item":{"href":"https://hydraqa.unicity.net/v5a-test/items/25eaf64b36ce31368f17ae789fd9ac5b","id":{"unicity":"29694"}},"quantity":1,"terms":{"priceEach":69,"taxEach":{"amount":0},"discountEach":{"amount":0},"pvEach":33},"quantityLimit":{"quantityQuota":-1,"timeFrameDays":-1,"quantityOrdered":0}}]},"currency":"USD"},{"lines":{"items":[{"item":{"href":"https://hydraqa.unicity.net/v5a-test/items/634f7efb30392b2a919de1355902d975","id":{"unicity":"29408"}},"quantity":1,"terms":{"priceEach":99,"taxEach":{"amount":0},"discountEach":{"amount":0},"pvEach":52},"quantityLimit":{"quantityQuota":-1,"timeFrameDays":-1,"quantityOrdered":0}}]},"currency":"USD"},{"lines":{"items":[{"item":{"href":"https://hydraqa.unicity.net/v5a-test/items/bb5c627f16547cb4f706cef521bca356","id":{"unicity":"29437"}},"quantity":1,"terms":{"priceEach":78,"taxEach":{"amount":0},"discountEach":{"amount":0},"pvEach":36},"quantityLimit":{"quantityQuota":-1,"timeFrameDays":-1,"quantityOrdered":0}}]},"currency":"USD"},{"lines":{"items":[{"item":{"href":"https://hydraqa.unicity.net/v5a-test/items/991cdbb84a495779eb209fb3956a77e4","id":{"unicity":"29183"}},"quantity":1,"terms":{"priceEach":52,"taxEach":{"amount":0},"discountEach":{"amount":0},"pvEach":24},"quantityLimit":{"quantityQuota":-1,"timeFrameDays":-1,"quantityOrdered":0}}]},"currency":"USD"},{"lines":{"items":[{"item":{"href":"https://hydraqa.unicity.net/v5a-test/items/1b0412bea8c0b841c66f65a36aa14108","id":{"unicity":"29191"}},"quantity":1,"terms":{"priceEach":80,"taxEach":{"amount":0},"discountEach":{"amount":0},"pvEach":36},"quantityLimit":{"quantityQuota":-1,"timeFrameDays":-1,"quantityOrdered":0}}]},"currency":"USD"},{"lines":{"items":[{"item":{"href":"https://hydraqa.unicity.net/v5a-test/items/362999101a321b721c87110710ae77b0","id":{"unicity":"29352"}},"quantity":1,"terms":{"priceEach":149,"taxEach":{"amount":0},"discountEach":{"amount":0},"pvEach":80},"quantityLimit":{"quantityQuota":-1,"timeFrameDays":-1,"quantityOrdered":0}}]},"currency":"USD"},{"lines":{"items":[{"item":{"href":"https://hydraqa.unicity.net/v5a-test/items/24ff5bda40c0d0e7eaa511866d052915","id":{"unicity":"29612"}},"quantity":1,"terms":{"priceEach":61,"taxEach":{"amount":0},"discountEach":{"amount":0},"pvEach":30},"quantityLimit":{"quantityQuota":-1,"timeFrameDays":-1,"quantityOrdered":0}}]},"currency":"USD"},{"lines":{"items":[{"item":{"href":"https://hydraqa.unicity.net/v5a-test/items/e0a19d3d676bccfdba0ab3d9f2766359","id":{"unicity":"30350"}},"quantity":1,"terms":{"priceEach":60,"taxEach":{"amount":0},"discountEach":{"amount":0},"pvEach":30},"quantityLimit":{"quantityQuota":-1,"timeFrameDays":-1,"quantityOrdered":0}}]},"currency":"USD"},{"lines":{"items":[{"item":{"href":"https://hydraqa.unicity.net/v5a-test/items/024e696f8b44a1d315006e676604cd31","id":{"unicity":"27395"}},"quantity":1,"terms":{"priceEach":32,"taxEach":{"amount":0},"discountEach":{"amount":0},"pvEach":16},"quantityLimit":{"quantityQuota":-1,"timeFrameDays":-1,"quantityOrdered":0}}]},"currency":"USD"},{"lines":{"items":[{"item":{"href":"https://hydraqa.unicity.net/v5a-test/items/05ca08f3808f126c0cc42154c50fc75c","id":{"unicity":"29440"}},"quantity":1,"terms":{"priceEach":138,"taxEach":{"amount":0},"discountEach":{"amount":0},"pvEach":90},"quantityLimit":{"quantityQuota":-1,"timeFrameDays":-1,"quantityOrdered":0}}]},"currency":"USD"},{"lines":{"items":[{"item":{"href":"https://hydraqa.unicity.net/v5a-test/items/764e2db430d361da99e8f6b70c4d0244","id":{"unicity":"29830"}},"quantity":1,"terms":{"priceEach":20,"taxEach":{"amount":0},"discountEach":{"amount":0},"pvEach":7},"quantityLimit":{"quantityQuota":-1,"timeFrameDays":-1,"quantityOrdered":0}}]},"currency":"USD"},{"lines":{"items":[{"item":{"href":"https://hydraqa.unicity.net/v5a-test/items/035189015384166df518a68ede0299a9","id":{"unicity":"30408"}},"quantity":1,"terms":{"priceEach":101,"taxEach":{"amount":0},"discountEach":{"amount":0},"pvEach":50},"quantityLimit":{"quantityQuota":-1,"timeFrameDays":-1,"quantityOrdered":0}}]},"currency":"USD"},{"lines":{"items":[{"item":{"href":"https://hydraqa.unicity.net/v5a-test/items/b91affa753dd5ee8a9acef4fa7e2c9a7","id":{"unicity":"30414"}},"quantity":1,"terms":{"priceEach":110,"taxEach":{"amount":0},"discountEach":{"amount":0},"pvEach":65},"quantityLimit":{"quantityQuota":-1,"timeFrameDays":-1,"quantityOrdered":0}}]},"currency":"USD"},{"lines":{"items":[{"item":{"href":"https://hydraqa.unicity.net/v5a-test/items/2835b1a78e379486f0ffbfd5fb9f6b0a","id":{"unicity":"30400"}},"quantity":1,"terms":{"priceEach":49,"taxEach":{"amount":0},"discountEach":{"amount":0},"pvEach":28},"quantityLimit":{"quantityQuota":-1,"timeFrameDays":-1,"quantityOrdered":0}}]},"currency":"USD"},{"lines":{"items":[{"item":{"href":"https://hydraqa.unicity.net/v5a-test/items/0e78fbdfebef11cd62f8d2120064ee58","id":{"unicity":"30280"}},"quantity":1,"terms":{"priceEach":52,"taxEach":{"amount":0},"discountEach":{"amount":0},"pvEach":24},"quantityLimit":{"quantityQuota":-1,"timeFrameDays":-1,"quantityOrdered":0}}]},"currency":"USD"},{"lines":{"items":[{"item":{"href":"https://hydraqa.unicity.net/v5a-test/items/5bda067b70c43971650a6ef983f612e4","id":{"unicity":"31728"}},"quantity":1,"terms":{"priceEach":160,"taxEach":{"amount":0},"discountEach":{"amount":0},"pvEach":94},"quantityLimit":{"quantityQuota":-1,"timeFrameDays":-1,"quantityOrdered":0}}]},"currency":"USD"},{"lines":{"items":[{"item":{"href":"https://hydraqa.unicity.net/v5a-test/items/00c2eb70c985722ce208490aece00945","id":{"unicity":"31729"}},"quantity":1,"terms":{"priceEach":170,"taxEach":{"amount":0},"discountEach":{"amount":0},"pvEach":100},"quantityLimit":{"quantityQuota":-1,"timeFrameDays":-1,"quantityOrdered":0}}]},"currency":"USD"},{"lines":{"items":[{"item":{"href":"https://hydraqa.unicity.net/v5a-test/items/693a7c4a70b06a00471afe8d6cae5023","id":{"unicity":"31730"}},"quantity":1,"terms":{"priceEach":150,"taxEach":{"amount":0},"discountEach":{"amount":0},"pvEach":80},"quantityLimit":{"quantityQuota":-1,"timeFrameDays":-1,"quantityOrdered":0}}]},"currency":"USD"},{"lines":{"items":[{"item":{"href":"https://hydraqa.unicity.net/v5a-test/items/ccb242d74dcb1fe621cc7bfe1b1de315","id":{"unicity":"31731"}},"quantity":1,"terms":{"priceEach":112,"taxEach":{"amount":0},"discountEach":{"amount":0},"pvEach":60},"quantityLimit":{"quantityQuota":-1,"timeFrameDays":-1,"quantityOrdered":0}}]},"currency":"USD"},{"lines":{"items":[{"item":{"href":"https://hydraqa.unicity.net/v5a-test/items/3875e24e6b6ebdf36c79d205614ed51e","id":{"unicity":"31846"}},"quantity":1,"terms":{"priceEach":160,"taxEach":{"amount":0},"discountEach":{"amount":0},"pvEach":94},"quantityLimit":{"quantityQuota":-1,"timeFrameDays":-1,"quantityOrdered":0}}]},"currency":"USD"},{"lines":{"items":[{"item":{"href":"https://hydraqa.unicity.net/v5a-test/items/89b6d29a85a88d44d65bc8cca3fefc65","id":{"unicity":"31845"}},"quantity":1,"terms":{"priceEach":170,"taxEach":{"amount":0},"discountEach":{"amount":0},"pvEach":100},"quantityLimit":{"quantityQuota":-1,"timeFrameDays":-1,"quantityOrdered":0}}]},"currency":"USD"},{"lines":{"items":[{"item":{"href":"https://hydraqa.unicity.net/v5a-test/items/fbb319232b7eed110794d46a68302acb","id":{"unicity":"31847"}},"quantity":1,"terms":{"priceEach":150,"taxEach":{"amount":0},"discountEach":{"amount":0},"pvEach":80},"quantityLimit":{"quantityQuota":-1,"timeFrameDays":-1,"quantityOrdered":0}}]},"currency":"USD"},{"lines":{"items":[{"item":{"href":"https://hydraqa.unicity.net/v5a-test/items/cf8460040a1860bcabf250b6c1171675","id":{"unicity":"31858"}},"quantity":1,"terms":{"priceEach":330,"taxEach":{"amount":0},"discountEach":{"amount":0},"pvEach":195},"quantityLimit":{"quantityQuota":-1,"timeFrameDays":-1,"quantityOrdered":0}}]},"currency":"USD"},{"lines":{"items":[{"item":{"href":"https://hydraqa.unicity.net/v5a-test/items/2de8516a24af8232add0bb392e750a71","id":{"unicity":"31859"}},"quantity":1,"terms":{"priceEach":225,"taxEach":{"amount":0},"discountEach":{"amount":0},"pvEach":130},"quantityLimit":{"quantityQuota":-1,"timeFrameDays":-1,"quantityOrdered":0}}]},"currency":"USD"},{"lines":{"items":[{"item":{"href":"https://hydraqa.unicity.net/v5a-test/items/fd464cd7972cc1317e850b9196d886b8","id":{"unicity":"31863"}},"quantity":1,"terms":{"priceEach":255,"taxEach":{"amount":0},"discountEach":{"amount":0},"pvEach":148},"quantityLimit":{"quantityQuota":-1,"timeFrameDays":-1,"quantityOrdered":0}}]},"currency":"USD"},{"lines":{"items":[{"item":{"href":"https://hydraqa.unicity.net/v5a-test/items/e47fd287212acedd1cffb2b67bf623bd","id":{"unicity":"31862"}},"quantity":1,"terms":{"priceEach":255,"taxEach":{"amount":0},"discountEach":{"amount":0},"pvEach":148},"quantityLimit":{"quantityQuota":-1,"timeFrameDays":-1,"quantityOrdered":0}}]},"currency":"USD"},{"lines":{"items":[{"item":{"href":"https://hydraqa.unicity.net/v5a-test/items/d4c8fce238d6fc34d17a4b36d1e4e59a","id":{"unicity":"31860"}},"quantity":1,"terms":{"priceEach":245,"taxEach":{"amount":0},"discountEach":{"amount":0},"pvEach":135},"quantityLimit":{"quantityQuota":-1,"timeFrameDays":-1,"quantityOrdered":0}}]},"currency":"USD"},{"lines":{"items":[{"item":{"href":"https://hydraqa.unicity.net/v5a-test/items/4ab49eca1731e69206ccafb5112ad5a4","id":{"unicity":"31861"}},"quantity":1,"terms":{"priceEach":245,"taxEach":{"amount":0},"discountEach":{"amount":0},"pvEach":135},"quantityLimit":{"quantityQuota":-1,"timeFrameDays":-1,"quantityOrdered":0}}]},"currency":"USD"},{"lines":{"items":[{"item":{"href":"https://hydraqa.unicity.net/v5a-test/items/077823d29445b9020de9931f10c63efd","id":{"unicity":"31958"}},"quantity":1,"terms":{"priceEach":160,"taxEach":{"amount":0},"discountEach":{"amount":0},"pvEach":85},"quantityLimit":{"quantityQuota":-1,"timeFrameDays":-1,"quantityOrdered":0}}]},"currency":"USD"},{"lines":{"items":[{"item":{"href":"https://hydraqa.unicity.net/v5a-test/items/bfddb53fe0d5ed5432c531dc9850cbe4","id":{"unicity":"29449"}},"quantity":1,"terms":{"priceEach":43,"taxEach":{"amount":0},"discountEach":{"amount":0},"pvEach":25},"quantityLimit":{"quantityQuota":-1,"timeFrameDays":-1,"quantityOrdered":0}}]},"currency":"USD"},{"lines":{"items":[{"item":{"href":"https://hydraqa.unicity.net/v5a-test/items/7fc100f8d20814757efe2d79e41b315c","id":{"unicity":"32021"}},"quantity":1,"terms":{"priceEach":104,"taxEach":{"amount":0},"discountEach":{"amount":0},"pvEach":60},"quantityLimit":{"quantityQuota":-1,"timeFrameDays":-1,"quantityOrdered":0}}]},"currency":"USD"},{"lines":{"items":[{"item":{"href":"https://hydraqa.unicity.net/v5a-test/items/50747027a065cb8361c1f0d6eb880466","id":{"unicity":"32030"}},"quantity":1,"terms":{"priceEach":179,"taxEach":{"amount":0},"discountEach":{"amount":0},"pvEach":102},"quantityLimit":{"quantityQuota":-1,"timeFrameDays":-1,"quantityOrdered":0}}]},"currency":"USD"},{"lines":{"items":[{"item":{"href":"https://hydraqa.unicity.net/v5a-test/items/c201dcd36f4bb7e17e7a8481ef08d6f2","id":{"unicity":"31518"}},"quantity":1,"terms":{"priceEach":38,"taxEach":{"amount":0},"discountEach":{"amount":0},"pvEach":14},"quantityLimit":{"quantityQuota":-1,"timeFrameDays":-1,"quantityOrdered":0}}]},"currency":"USD"},{"lines":{"items":[{"item":{"href":"https://hydraqa.unicity.net/v5a-test/items/bed533c634e887357ff031d8e4c776b0","id":{"unicity":"31751"}},"quantity":1,"terms":{"priceEach":115,"taxEach":{"amount":0},"discountEach":{"amount":0},"pvEach":50},"quantityLimit":{"quantityQuota":-1,"timeFrameDays":-1,"quantityOrdered":0}}]},"currency":"USD"},{"lines":{"items":[{"item":{"href":"https://hydraqa.unicity.net/v5a-test/items/69461244686345ba75765978ef53c749","id":{"unicity":"32015"}},"quantity":1,"terms":{"priceEach":6.95,"taxEach":{"amount":0},"discountEach":{"amount":0},"pvEach":0},"quantityLimit":{"quantityQuota":-1,"timeFrameDays":-1,"quantityOrdered":0}}]},"currency":"USD"},{"lines":{"items":[{"item":{"href":"https://hydraqa.unicity.net/v5a-test/items/c674cdded8a54983aae3c5dcb32c9e38","id":{"unicity":"32628"}},"quantity":1,"terms":{"priceEach":89,"taxEach":{"amount":0},"discountEach":{"amount":0},"pvEach":50},"quantityLimit":{"quantityQuota":-1,"timeFrameDays":-1,"quantityOrdered":0}}]},"currency":"USD"},{"lines":{"items":[{"item":{"href":"https://hydraqa.unicity.net/v5a-test/items/69d8547e9e264505ce055e09920659fd","id":{"unicity":"33019"}},"quantity":1,"terms":{"priceEach":210,"taxEach":{"amount":0},"discountEach":{"amount":0},"pvEach":151},"quantityLimit":{"quantityQuota":-1,"timeFrameDays":-1,"quantityOrdered":0}}]},"currency":"USD"},{"lines":{"items":[{"item":{"href":"https://hydraqa.unicity.net/v5a-test/items/30b5c0f54df52286b3d87a6a1dfd314a","id":{"unicity":"33018"}},"quantity":1,"terms":{"priceEach":227,"taxEach":{"amount":0},"discountEach":{"amount":0},"pvEach":133},"quantityLimit":{"quantityQuota":-1,"timeFrameDays":-1,"quantityOrdered":0}}]},"currency":"USD"},{"lines":{"items":[{"item":{"href":"https://hydraqa.unicity.net/v5a-test/items/16a422e03f6e3a79ba7bcd7fd50e31c0","id":{"unicity":"33017"}},"quantity":1,"terms":{"priceEach":166,"taxEach":{"amount":0},"discountEach":{"amount":0},"pvEach":110},"quantityLimit":{"quantityQuota":-1,"timeFrameDays":-1,"quantityOrdered":0}}]},"currency":"USD"},{"lines":{"items":[{"item":{"href":"https://hydraqa.unicity.net/v5a-test/items/30f2eb8ab275ef57ae8082b3435a3d69","id":{"unicity":"33016"}},"quantity":1,"terms":{"priceEach":220,"taxEach":{"amount":0},"discountEach":{"amount":0},"pvEach":142},"quantityLimit":{"quantityQuota":-1,"timeFrameDays":-1,"quantityOrdered":0}}]},"currency":"USD"},{"lines":{"items":[{"item":{"href":"https://hydraqa.unicity.net/v5a-test/items/e30d5100db17be47578745dce83039e6","id":{"unicity":"32838"}},"quantity":1,"terms":{"priceEach":14.95,"taxEach":{"amount":0},"discountEach":{"amount":0},"pvEach":0},"quantityLimit":{"quantityQuota":-1,"timeFrameDays":-1,"quantityOrdered":0}}]},"currency":"USD"},{"lines":{"items":[{"item":{"href":"https://hydraqa.unicity.net/v5a-test/items/fe5a19bac5623c055f1bebbc7fce8f1d","id":{"unicity":"33476"}},"quantity":1,"terms":{"priceEach":174,"taxEach":{"amount":0},"discountEach":{"amount":0},"pvEach":100},"quantityLimit":{"quantityQuota":-1,"timeFrameDays":-1,"quantityOrdered":0}}]},"currency":"USD"}]}
Entry request : {"order":{"customer":{"href":"https://hydraqa.unicity.net/v5a-test/customers?type=PreferredCustomer"},"shipToAddress":{"country":"US"}},"vary":{"lines":{"items":[{"item":{"href":"https://hydraqa.unicity.net/v5a-test/items?id.unicity=26580|31440|31441|27801|0963|15129|15271|15880|17174|22745|22747|23728|24758|25022|26550|26556|26557|26560|26561|26562|27615|27739|24418|27585|25008|26442|26551|6200|15916|18908|24785|26552|27028|0954|18401|27029|26559|19596|26945|21420|24621|28836|15712|0960|25369|18386|26567|26568|15907|28513|3107|0988|12230|26950|26786|27587|29017|29694|29408|29437|29183|29191|29352|29612|30350|27395|29440|29830|30408|30414|30400|30280|31314|31728|31729|31730|31731|31846|31845|31847|31858|31859|31863|31862|31860|31861|31958|29449|32021|32030|31518|31751|32015|32628|33019|33018|33017|33016|32838|33476|32019|26555"}}]}}}
Request URL: https://hydraqa.unicity.net/v5a-test/customers.js?_httpMethod=HEAD&callback=angular.callbacks._1&email=WLXNBY@gmail.com
Unicity [Date=Tue, 13 Oct 2020 17:20:16 GMT, Content-Type=text/javascript; charset=utf-8, Content-Length=1609, Connection=keep-alive, Set-Cookie=__cfduid=d348131e57c8828b12b48fd29ecbb97511602609610; expires=Thu, 12-Nov-20 17:20:10 GMT; path=/; domain=.unicity.net; HttpOnly; SameSite=Lax, x-powered-by=Express, x-request-id=712a0c99-cb73-9630-9846-c18adf0b0b48,712a0c99-cb73-9630-9846-c18adf0b0b48, x-request-uuid=712a0c99-cb73-9630-9846-c18adf0b0b48, x-request-release=5-2020100902/master, access-control-allow-origin=http://enroll.ng.unicityqa.com, vary=Accept-Encoding, link=<http://unicity.github.io/Hydra.php/docs/v5/>; rel="help", cache-control=no-cache, must-revalidate, expires=0, content-language=en-US, x-status-code=200, content-encoding=gzip, x-envoy-upstream-service-time=5284, etag=W/"649-sG+3rIqPU1yv7dqFAiWjbW/Y6YE", access-control-expose-headers=x-b3-traceid, x-request-id, x-b3-traceid=26aa184c856c8513, CF-Cache-Status=DYNAMIC, cf-request-id=05c49318860000025ec61dc200000001, Expect-CT=max-age=604800, report-uri="https://report-uri.cloudflare.com/cdn-cgi/beacon/expect-ct", Server=cloudflare, CF-RAY=5e1abad409f9025e-SJC, alt-svc=h3-27=":443"; ma=86400, h3-28=":443"; ma=86400, h3-29=":443"; ma=86400]
suman84097
{shipToAddress={zip=84097, country=US, address1=1209 N 800 E, state=}, shippingMethod={href=https://hydraqa.unicity.net/v5a-test/shippingmethods?type=Economy}, lines={items=[{item={href=https://hydraqa.unicity.net/v5a-test/items?id.unicity=26580}, quantity=1}, {item={href=https://hydraqa.unicity.net/v5a-test/items?id.unicity=31859}, quantity=1}]}, customer={href=https://hydraqa.unicity.net/v5a-test/customers?type=PreferredCustomer}}
kalyan84097
Unicity [Date=Tue, 13 Oct 2020 17:20:17 GMT, Content-Type=text/javascript; charset=utf-8, Content-Length=1609, Connection=keep-alive, Set-Cookie=__cfduid=d1796a76629b8c91278df2ceef01766981602609613; expires=Thu, 12-Nov-20 17:20:13 GMT; path=/; domain=.unicity.net; HttpOnly; SameSite=Lax, x-powered-by=Express, x-request-id=bc3ba443-dac1-98da-a795-cdc0f4722b6a,bc3ba443-dac1-98da-a795-cdc0f4722b6a, x-request-uuid=bc3ba443-dac1-98da-a795-cdc0f4722b6a, x-request-release=5-2020100902/master, access-control-allow-origin=http://enroll.ng.unicityqa.com, vary=Accept-Encoding, link=<http://unicity.github.io/Hydra.php/docs/v5/>; rel="help", cache-control=no-cache, must-revalidate, expires=0, content-language=en-US, x-status-code=200, content-encoding=gzip, x-envoy-upstream-service-time=3687, etag=W/"649-poOymRWzI1P//1gZiYnUlTxKHSM", access-control-expose-headers=x-b3-traceid, x-request-id, x-b3-traceid=68c4633695fde642, CF-Cache-Status=DYNAMIC, cf-request-id=05c49323ba0000ed574429c200000001, Expect-CT=max-age=604800, report-uri="https://report-uri.cloudflare.com/cdn-cgi/beacon/expect-ct", Server=cloudflare, CF-RAY=5e1abae5fcbeed57-SJC, alt-svc=h3-27=":443"; ma=86400, h3-28=":443"; ma=86400, h3-29=":443"; ma=86400]
suman84097
{shipToAddress={zip=84097, country=US, address1=1209 N 800 E, state=}, shippingMethod={href=https://hydraqa.unicity.net/v5a-test/shippingmethods?type=Economy}, lines={items=[{item={href=https://hydraqa.unicity.net/v5a-test/items?id.unicity=26580}, quantity=1}, {item={href=https://hydraqa.unicity.net/v5a-test/items?id.unicity=31859}, quantity=1}]}, customer={href=https://hydraqa.unicity.net/v5a-test/customers?type=PreferredCustomer}}
kalyan84097
Unicity [Date=Tue, 13 Oct 2020 17:20:20 GMT, Content-Type=text/javascript; charset=utf-8, Content-Length=1608, Connection=keep-alive, Set-Cookie=__cfduid=da2791da4004a650abc9c35b479608dfb1602609615; expires=Thu, 12-Nov-20 17:20:15 GMT; path=/; domain=.unicity.net; HttpOnly; SameSite=Lax, x-powered-by=Express, x-request-id=f7f16e23-6e51-9250-b0ba-b1fa953e6660,f7f16e23-6e51-9250-b0ba-b1fa953e6660, x-request-uuid=f7f16e23-6e51-9250-b0ba-b1fa953e6660, x-request-release=5-2020100902/master, access-control-allow-origin=http://enroll.ng.unicityqa.com, vary=Accept-Encoding, link=<http://unicity.github.io/Hydra.php/docs/v5/>; rel="help", cache-control=no-cache, must-revalidate, expires=0, content-language=en-US, x-status-code=200, content-encoding=gzip, x-envoy-upstream-service-time=4755, etag=W/"648-UMu1ErfuufoaYzkCvIOgcONF6ts", access-control-expose-headers=x-b3-traceid, x-request-id, x-b3-traceid=9ab4c0ba0b49804b, CF-Cache-Status=DYNAMIC, cf-request-id=05c4932aa40000967e138c6200000001, Expect-CT=max-age=604800, report-uri="https://report-uri.cloudflare.com/cdn-cgi/beacon/expect-ct", Server=cloudflare, CF-RAY=5e1abaf10fd2967e-SJC, alt-svc=h3-27=":443"; ma=86400, h3-28=":443"; ma=86400, h3-29=":443"; ma=86400]
suman84097
{shipToAddress={zip=84097, country=US, address1=1209 N 800 E, state=}, shippingMethod={href=https://hydraqa.unicity.net/v5a-test/shippingmethods?type=Economy}, lines={items=[{item={href=https://hydraqa.unicity.net/v5a-test/items?id.unicity=26580}, quantity=1}, {item={href=https://hydraqa.unicity.net/v5a-test/items?id.unicity=31859}, quantity=1}]}, customer={href=https://hydraqa.unicity.net/v5a-test/customers?type=PreferredCustomer}}
kalyan84097
Unicity [Date=Tue, 13 Oct 2020 17:20:22 GMT, Content-Type=text/javascript; charset=utf-8, Content-Length=1607, Connection=keep-alive, Set-Cookie=__cfduid=d2fee39f03a591a1398a7838df6ed68671602609617; expires=Thu, 12-Nov-20 17:20:17 GMT; path=/; domain=.unicity.net; HttpOnly; SameSite=Lax, x-powered-by=Express, x-request-id=1a9c967b-4e4b-9ee8-8795-e43f2b47b149,1a9c967b-4e4b-9ee8-8795-e43f2b47b149, x-request-uuid=1a9c967b-4e4b-9ee8-8795-e43f2b47b149, x-request-release=5-2020100902/master, access-control-allow-origin=http://enroll.ng.unicityqa.com, vary=Accept-Encoding, link=<http://unicity.github.io/Hydra.php/docs/v5/>; rel="help", cache-control=no-cache, must-revalidate, expires=0, content-language=en-US, x-status-code=200, content-encoding=gzip, x-envoy-upstream-service-time=4802, etag=W/"647-g5xSIT1D9eyrCWMabsYRV2nPGQc", access-control-expose-headers=x-b3-traceid, x-request-id, x-b3-traceid=94dab407031f6b40, CF-Cache-Status=DYNAMIC, cf-request-id=05c49333a30000ed5744034200000001, Expect-CT=max-age=604800, report-uri="https://report-uri.cloudflare.com/cdn-cgi/beacon/expect-ct", Server=cloudflare, CF-RAY=5e1abaff6d43ed57-SJC, alt-svc=h3-27=":443"; ma=86400, h3-28=":443"; ma=86400, h3-29=":443"; ma=86400]
suman84097
{shipToAddress={zip=84097, country=US, address1=1209 N 800 E, state=}, shippingMethod={href=https://hydraqa.unicity.net/v5a-test/shippingmethods?type=Economy}, lines={items=[{item={href=https://hydraqa.unicity.net/v5a-test/items?id.unicity=26580}, quantity=1}, {item={href=https://hydraqa.unicity.net/v5a-test/items?id.unicity=31859}, quantity=1}]}, customer={href=https://hydraqa.unicity.net/v5a-test/customers?type=PreferredCustomer}}
kalyan84097
Unicity [Date=Tue, 13 Oct 2020 17:20:25 GMT, Content-Type=text/javascript; charset=utf-8, Content-Length=1607, Connection=keep-alive, Set-Cookie=__cfduid=dc42bbfa5d54cff3b5697ce39efafa72f1602609621; expires=Thu, 12-Nov-20 17:20:21 GMT; path=/; domain=.unicity.net; HttpOnly; SameSite=Lax, x-powered-by=Express, x-request-id=537fe4a7-52bb-9186-9587-cfecc2ed4568,537fe4a7-52bb-9186-9587-cfecc2ed4568, x-request-uuid=537fe4a7-52bb-9186-9587-cfecc2ed4568, x-request-release=5-2020100902/master, access-control-allow-origin=http://enroll.ng.unicityqa.com, vary=Accept-Encoding, link=<http://unicity.github.io/Hydra.php/docs/v5/>; rel="help", cache-control=no-cache, must-revalidate, expires=0, content-language=en-US, x-status-code=200, content-encoding=gzip, x-envoy-upstream-service-time=4531, etag=W/"647-IkcHCFQ/df3rq3IcKW4Ft7/qYR4", access-control-expose-headers=x-b3-traceid, x-request-id, x-b3-traceid=3e99013d523fa0a1, CF-Cache-Status=DYNAMIC, cf-request-id=05c493402200001fc5df3a5200000001, Expect-CT=max-age=604800, report-uri="https://report-uri.cloudflare.com/cdn-cgi/beacon/expect-ct", Server=cloudflare, CF-RAY=5e1abb136b7b1fc5-SJC, alt-svc=h3-27=":443"; ma=86400, h3-28=":443"; ma=86400, h3-29=":443"; ma=86400]
suman84097
{shipToAddress={zip=84097, country=US, address1=1209 N 800 E, state=}, shippingMethod={href=https://hydraqa.unicity.net/v5a-test/shippingmethods?type=Economy}, lines={items=[{item={href=https://hydraqa.unicity.net/v5a-test/items?id.unicity=26580}, quantity=1}, {item={href=https://hydraqa.unicity.net/v5a-test/items?id.unicity=31859}, quantity=1}]}, customer={href=https://hydraqa.unicity.net/v5a-test/customers?type=PreferredCustomer}}
kalyan84097
Unicity [Date=Tue, 13 Oct 2020 17:20:27 GMT, Content-Type=text/javascript; charset=utf-8, Content-Length=1608, Connection=keep-alive, Set-Cookie=__cfduid=dde5ee028cc1542bb046865a5ed009a421602609622; expires=Thu, 12-Nov-20 17:20:22 GMT; path=/; domain=.unicity.net; HttpOnly; SameSite=Lax, x-powered-by=Express, x-request-id=e7774efb-c87a-9500-ba85-ab1e724e57f2,e7774efb-c87a-9500-ba85-ab1e724e57f2, x-request-uuid=e7774efb-c87a-9500-ba85-ab1e724e57f2, x-request-release=5-2020100902/master, access-control-allow-origin=http://enroll.ng.unicityqa.com, vary=Accept-Encoding, link=<http://unicity.github.io/Hydra.php/docs/v5/>; rel="help", cache-control=no-cache, must-revalidate, expires=0, content-language=en-US, x-status-code=200, content-encoding=gzip, x-envoy-upstream-service-time=4308, etag=W/"648-0zY0287clTkZeHOoMgzVrxBW2pY", access-control-expose-headers=x-b3-traceid, x-request-id, x-b3-traceid=7f52497088631637, CF-Cache-Status=DYNAMIC, cf-request-id=05c49346d60000ed57441f7200000001, Expect-CT=max-age=604800, report-uri="https://report-uri.cloudflare.com/cdn-cgi/beacon/expect-ct", Server=cloudflare, CF-RAY=5e1abb1e2ce9ed57-SJC, alt-svc=h3-27=":443"; ma=86400, h3-28=":443"; ma=86400, h3-29=":443"; ma=86400]
suman84097
{shipToAddress={zip=84097, country=US, address1=1209 N 800 E, state=}, shippingMethod={href=https://hydraqa.unicity.net/v5a-test/shippingmethods?type=Economy}, lines={items=[{item={href=https://hydraqa.unicity.net/v5a-test/items?id.unicity=26580}, quantity=1}, {item={href=https://hydraqa.unicity.net/v5a-test/items?id.unicity=31859}, quantity=1}]}, customer={href=https://hydraqa.unicity.net/v5a-test/customers?type=PreferredCustomer}}
kalyan84097
Unicity [Date=Tue, 13 Oct 2020 17:20:31 GMT, Content-Type=text/javascript; charset=utf-8, Content-Length=1609, Connection=keep-alive, Set-Cookie=__cfduid=dfb622b9b4d897269d3aa4831dfa5b1701602609627; expires=Thu, 12-Nov-20 17:20:27 GMT; path=/; domain=.unicity.net; HttpOnly; SameSite=Lax, x-powered-by=Express, x-request-id=4fe229bb-36c0-9767-9cfd-8710969bf84e,4fe229bb-36c0-9767-9cfd-8710969bf84e, x-request-uuid=4fe229bb-36c0-9767-9cfd-8710969bf84e, x-request-release=5-2020100902/master, access-control-allow-origin=http://enroll.ng.unicityqa.com, vary=Accept-Encoding, link=<http://unicity.github.io/Hydra.php/docs/v5/>; rel="help", cache-control=no-cache, must-revalidate, expires=0, content-language=en-US, x-status-code=200, content-encoding=gzip, x-envoy-upstream-service-time=4024, etag=W/"649-835TQNU70weOoUoJOMNUjxvZAFc", access-control-expose-headers=x-b3-traceid, x-request-id, x-b3-traceid=12d4ec23cc117df6, CF-Cache-Status=DYNAMIC, cf-request-id=05c49357df00001fc5df1ca200000001, Expect-CT=max-age=604800, report-uri="https://report-uri.cloudflare.com/cdn-cgi/beacon/expect-ct", Server=cloudflare, CF-RAY=5e1abb396ee51fc5-SJC, alt-svc=h3-27=":443"; ma=86400, h3-28=":443"; ma=86400, h3-29=":443"; ma=86400]
suman84097
{shipToAddress={zip=84097, country=US, city=OREM, address1=1209 N 800 E, state=UT}, shippingMethod={href=https://hydraqa.unicity.net/v5a-test/shippingmethods?type=Economy}, lines={items=[{item={href=https://hydraqa.unicity.net/v5a-test/items?id.unicity=26580}, quantity=1}, {item={href=https://hydraqa.unicity.net/v5a-test/items?id.unicity=31859}, quantity=1}]}, customer={href=https://hydraqa.unicity.net/v5a-test/customers?type=PreferredCustomer}}
kalyan84097
Request URL: https://hydraqa.unicity.net/v5a-test/addresses?country=US&zip=84097
Entry response : {"items":[{"city":"Orem","state":"UT"}]}
No Pop UP
{sponsor=2, gender=female, city=OREM, cartprice=450.0, enroller=2, arpack=Prime Health Pack - Cholesterol, Energy, Vanilla, language=Español, locale=es, type=PreferredCustomer, platform=QA, lname=TestLastName, password=Unicity, genderoption=Mujer, Currency=USD, api=1, state=[UT], enrollerName=EnrollerTest, email=WLXNBY@gmail.com, zip=84097, fname=TestFirstName, prefferd=Dominican Republic, address2=Address 2, address1=1209 N 800 E, shippingmethod=type=Economy, version=v5a-test/, testcase=normal, market=Dominican Republic, aritemcode=26580, referral=no, martial=Single, phone=9823746323, proto=https://hydraqa.unicity.net/, marketcode=DO, maritaloption=Soltero, ccname=CCNameTest}
Request URL: https://hydraqa.unicity.net/v5a-test/orders.js
Entry request : {"customer":{"mainAddress":{"city":"OREM","country":"US","state":"UT","zip":"84097","address1":"1209 N 800 E","address2":""},"humanName":{"firstName":"TestFirstName","lastName":"TestLastName"},"email":"WLXNBY@gmail.com","preferredLocale":"es-DO","password":{"value":"Unicity"},"gender":"female","maritalStatus":"Single","type":"PreferredCustomer","enroller":{"href":"https://hydraqa.unicity.net/v5a-test/customers?id.unicity=2"},"creditcardaliases":[{"methodDetails":{"creditCardNumber":"4111111111111111","payer":"TestFirstName TestLastName","creditCardExpires":"2020-10"},"billToName":{"firstName":"TestFirstName","lastName":"TestLastName"},"billToAddress":{"address1":"Address 1","address2":"","city":"TestCity","state":"04","zip":"","country":"DO"}}],"sponsor":{"href":"https://hydraqa.unicity.net/v5a-test/customers?id.unicity=2"},"homePhone":"9823746323","autoorders":{"items":[{"recurrence":{"schedule":{"month":"*","dayOfMonth":"5"},"status":"Enabled"},"lines":{"items":[{"item":{"href":"https://hydraqa.unicity.net/v5a-test/items?id.unicity=26580"},"quantity":1}]},"shipToName":{"firstName":"TestFirstName","lastName":"TestLastName"},"shipToPhone":"9823746323","shipToEmail":"WLXNBY@gmail.com","shipToAddress":{"city":"OREM","country":"US","state":"UT","address1":"1209 N 800 E","address2":"","zip":"84097"},"shippingMethod":{"href":"https://hydraqa.unicity.net/v5a-test/shippingmethods?type=Economy"},"transactions":{"items":[{"amount":"this.terms.total","type":"AuthorizeAndCapture","method":"CreditCardAlias","methodDetails":{"alias":"this.customer.creditcardaliases[0].alias"}}]}}]},"rights":[]},"lines":{"items":[{"item":{"href":"https://hydraqa.unicity.net/v5a-test/items?id.unicity=26580"},"quantity":1},{"item":{"href":"https://hydraqa.unicity.net/v5a-test/items?id.unicity=31859"},"quantity":1}]},"shipToName":{"firstName":"TestFirstName","lastName":"TestLastName"},"shipToPhone":"9823746323","shipToEmail":"WLXNBY@gmail.com","shipToAddress":{"city":"OREM","country":"US","state":"UT","address1":"1209 N 800 E","address2":"","zip":"84097"},"shippingMethod":{"href":"https://hydraqa.unicity.net/v5a-test/shippingmethods?type=Economy"},"notes":"","transactions":{"items":[{"amount":"this.terms.total","type":"AuthorizeAndCapture","method":"CreditCard","methodDetails":{"creditCardNumber":"4111111111111111","payer":"CCNameTest","creditCardExpires":"2020-10","creditCardSecurityCode":"123"},"billToAddress":{"address1":"Address 1","address2":"","city":"TestCity","state":"04","zip":"","country":"DO"}}]}}
Entry response : {"meta":{"Link":"<http:\/\/unicity.github.io\/Hydra.php\/docs\/v5\/>; rel=\"help\"","X-Request-UUID":"706196dc-010d-9ef3-87f7-180581736639","X-Request-Release":"5-2020100902\/master","Cache-Control":"no-cache, must-revalidate","Expires":"0","X-Powered-By":"Luracast Restler v3.0.0rc5","Content-Type":"text\/javascript; charset=utf-8","Content-Language":"en","X-Status-Code":"201"},"data":{"market":"US","notes":"","shippingMethod":{"type":"Economy","href":"https:\/\/hydraqa.unicity.net\/v5a-test\/shippingmethods?type=Economy","location":""},"shipToAddress":{"country":"US","state":"UT","city":"OREM","zip":"84097","address1":"1209 N 800 E","address2":""},"shipToEmail":"WLXNBY@gmail.com","shipToName":{"firstName":"TestFirstName","lastName":"TestLastName"},"shipToPhone":"9823746323","shipToTime":null,"source":null,"type":null,"lines":{"items":[{"quantity":1,"item":{"href":"https:\/\/hydraqa.unicity.net\/v5a-test\/items?id.unicity=26580","id":{"unicity":"26580"},"weightEach":{"value":0,"unit":"lbs"},"dimensionsEach":{"width":0,"height":0,"depth":0,"unit":"in"},"taxedAs":"goods"},"quantityLimit":{"quantityQuota":-1,"timeFrameDays":-1,"quantityOrdered":0},"terms":{"subtotal":null,"priceEach":225,"pvEach":130,"cvEach":130,"taxablePriceEach":225,"tax":{"categoryDescription":null,"aggregate":{"items":[{"jurisdiction":{"state":"UTAH"},"type":"State","amount":0,"percentage":0},{"jurisdiction":{"county":"UTAH"},"type":"County","amount":0,"percentage":0},{"jurisdiction":{"city":"OREM"},"type":"City","amount":0,"percentage":0},{"jurisdiction":{"address2":"MASS TRANSIT TAX"},"type":"District","amount":0,"percentage":0}],"amount":0}},"pv":130,"price":225},"catalogSlide":{"content":{"description":"Pack Prime Health Matcha Balance Cholesterol"}},"kitChildren":[{"item":{"id":{"unicity":"26552"},"weightEach":{"value":0.8,"unit":"lbs"},"dimensionsEach":{"width":6.5,"height":4.25,"depth":3,"unit":"in"},"taxedAs":"goods"},"quantity":1,"terms":{"subtotal":null,"priceEach":79,"pvEach":49,"cvEach":49,"taxablePriceEach":79,"tax":{"categoryDescription":"TG240","aggregate":{"items":[{"jurisdiction":{"state":"UTAH"},"type":"State","amount":1.38,"percentage":1.75},{"jurisdiction":{"county":"UTAH"},"type":"County","amount":0.2,"percentage":0.25},{"jurisdiction":{"city":"OREM"},"type":"City","amount":0.79,"percentage":1},{"jurisdiction":{"address2":"MASS TRANSIT TAX"},"type":"District","amount":0,"percentage":0}],"amount":2.37}}},"catalogSlide":{"content":{"description":"Matcha Energy 30"}}},{"item":{"id":{"unicity":"26550"},"weightEach":{"value":1.36,"unit":"lbs"},"dimensionsEach":{"width":4.833,"height":4.125,"depth":8.369,"unit":"in"},"taxedAs":"goods"},"quantity":1,"terms":{"subtotal":null,"priceEach":89,"pvEach":50,"cvEach":50,"taxablePriceEach":89,"tax":{"categoryDescription":"TG75","aggregate":{"items":[{"jurisdiction":{"state":"UTAH"},"type":"State","amount":1.56,"percentage":1.75},{"jurisdiction":{"county":"UTAH"},"type":"County","amount":0.22,"percentage":0.25},{"jurisdiction":{"city":"OREM"},"type":"City","amount":0.89,"percentage":1},{"jurisdiction":{"address2":"MASS TRANSIT TAX"},"type":"District","amount":0,"percentage":0}],"amount":2.67}}},"catalogSlide":{"content":{"description":"Balance Cholesterol 60"}}},{"item":{"id":{"unicity":"29694"},"weightEach":{"value":2.8,"unit":"lbs"},"dimensionsEach":{"width":5.59,"height":9.75,"depth":5.59,"unit":"in"},"taxedAs":"goods"},"quantity":1,"terms":{"subtotal":null,"priceEach":57,"pvEach":31,"cvEach":31,"taxablePriceEach":57,"tax":{"categoryDescription":"TG75","aggregate":{"items":[{"jurisdiction":{"state":"UTAH"},"type":"State","amount":1,"percentage":1.75},{"jurisdiction":{"county":"UTAH"},"type":"County","amount":0.14,"percentage":0.25},{"jurisdiction":{"city":"OREM"},"type":"City","amount":0.57,"percentage":1},{"jurisdiction":{"address2":"MASS TRANSIT TAX"},"type":"District","amount":0,"percentage":0}],"amount":1.71}}},"catalogSlide":{"content":{"description":"Complete Vanilla Cnstr"}}}]},{"quantity":1,"item":{"href":"https:\/\/hydraqa.unicity.net\/v5a-test\/items?id.unicity=31859","id":{"unicity":"31859"},"weightEach":{"value":0,"unit":"lbs"},"dimensionsEach":{"width":0,"height":0,"depth":0,"unit":"in"},"taxedAs":"goods"},"quantityLimit":{"quantityQuota":-1,"timeFrameDays":-1,"quantityOrdered":0},"terms":{"subtotal":null,"priceEach":225,"pvEach":130,"cvEach":130,"taxablePriceEach":225,"tax":{"categoryDescription":null,"aggregate":{"items":[{"jurisdiction":{"state":"UTAH"},"type":"State","amount":0,"percentage":0},{"jurisdiction":{"county":"UTAH"},"type":"County","amount":0,"percentage":0},{"jurisdiction":{"city":"OREM"},"type":"City","amount":0,"percentage":0},{"jurisdiction":{"address2":"MASS TRANSIT TAX"},"type":"District","amount":0,"percentage":0}],"amount":0}},"pv":130,"price":225},"catalogSlide":{"content":{"description":"Pack U 365 Empower US\/PR"}},"kitChildren":[{"item":{"id":{"unicity":"29408"},"weightEach":{"value":0.5,"unit":"lbs"},"dimensionsEach":{"width":6.4,"height":4.25,"depth":2.9,"unit":"in"},"taxedAs":"goods"},"quantity":1,"terms":{"subtotal":null,"priceEach":95,"pvEach":52,"cvEach":52,"taxablePriceEach":95,"tax":{"categoryDescription":"TG240","aggregate":{"items":[{"jurisdiction":{"state":"UTAH"},"type":"State","amount":1.66,"percentage":1.75},{"jurisdiction":{"county":"UTAH"},"type":"County","amount":0.24,"percentage":0.25},{"jurisdiction":{"city":"OREM"},"type":"City","amount":0.95,"percentage":1},{"jurisdiction":{"address2":"MASS TRANSIT TAX"},"type":"District","amount":0,"percentage":0}],"amount":2.85}}},"catalogSlide":{"content":{"description":"Unimate"}}},{"item":{"id":{"unicity":"26552"},"weightEach":{"value":0.8,"unit":"lbs"},"dimensionsEach":{"width":6.5,"height":4.25,"depth":3,"unit":"in"},"taxedAs":"goods"},"quantity":1,"terms":{"subtotal":null,"priceEach":85,"pvEach":50,"cvEach":50,"taxablePriceEach":85,"tax":{"categoryDescription":"TG240","aggregate":{"items":[{"jurisdiction":{"state":"UTAH"},"type":"State","amount":1.49,"percentage":1.75},{"jurisdiction":{"county":"UTAH"},"type":"County","amount":0.21,"percentage":0.25},{"jurisdiction":{"city":"OREM"},"type":"City","amount":0.85,"percentage":1},{"jurisdiction":{"address2":"MASS TRANSIT TAX"},"type":"District","amount":0,"percentage":0}],"amount":2.55}}},"catalogSlide":{"content":{"description":"Matcha Energy 30"}}},{"item":{"id":{"unicity":"30400"},"weightEach":{"value":0.28,"unit":"lbs"},"dimensionsEach":{"width":2.25,"height":4.25,"depth":2.25,"unit":"in"},"taxedAs":"goods"},"quantity":1,"terms":{"subtotal":null,"priceEach":45,"pvEach":28,"cvEach":28,"taxablePriceEach":45,"tax":{"categoryDescription":"TG75","aggregate":{"items":[{"jurisdiction":{"state":"UTAH"},"type":"State","amount":0.79,"percentage":1.75},{"jurisdiction":{"county":"UTAH"},"type":"County","amount":0.11,"percentage":0.25},{"jurisdiction":{"city":"OREM"},"type":"City","amount":0.45,"percentage":1},{"jurisdiction":{"address2":"MASS TRANSIT TAX"},"type":"District","amount":0,"percentage":0}],"amount":1.35}}},"catalogSlide":{"content":{"description":"OmegaLife-3 Resolv"}}}]}],"aggregate":{"weight":{"unit":"lbs","value":6.54}}},"transactions":{"items":[{"amount":463.5,"billToAddress":{"address1":"Address 1","address2":"","city":"TestCity","state":"04","zip":"","country":"DO"},"billToEmail":null,"billToName":null,"billToPhone":null,"installments":null,"method":"CreditCard","methodDetails":{"creditCardExpires":"2020-10","payer":"CCNameTest","payerId":null,"creditCardNumberMasked":"411111xxxxxx1111","creditCardNetwork":"visa"},"type":"AuthorizeAndCapture","index":1,"authorization":"40055348411","id":{"teller":277987}}],"aggregate":{"amount":463.5}},"terms":{"subtotal":450,"discount":{"amount":0},"freight":{"amount":0,"terms":{"tax":{"aggregate":{"items":[{"jurisdiction":{"state":"UTAH"},"type":"State","amount":0,"percentage":0},{"jurisdiction":{"county":"UTAH"},"type":"County","amount":0,"percentage":0},{"jurisdiction":{"city":"OREM"},"type":"City","amount":0,"percentage":0},{"jurisdiction":{"address2":"MASS TRANSIT TAX"},"type":"District","amount":0,"percentage":0}],"amount":0}}}},"pretotal":463.5,"pv":260,"tax":{"amount":13.5},"taxableTotal":450,"timbre":{"amount":0},"total":463.5,"weight":6.54},"dateCreated":"2020-10-13T11:21:45-06:00","currency":"USD","giftReceipt":false,"customer":{"humanName":{"firstName":"TestFirstName","lastName":"TestLastName"},"mainAddress":{"city":"OREM","country":"US","state":"UT","zip":"84097","address1":"1209 N 800 E","address2":""},"type":"PreferredCustomer","email":"WLXNBY@gmail.com","gender":"female","password":{"value":"Unicity"},"enroller":{"href":"https:\/\/hydraqa.unicity.net\/v5a-test\/customers\/f0cbfab7062ed827a4e700264e473f1d","id":{"unicity":"2"},"email":"danw@infotraxsys.com","humanName":{"fullName":"Referral Program"}},"sponsor":{"href":"https:\/\/hydraqa.unicity.net\/v5a-test\/customers\/f0cbfab7062ed827a4e700264e473f1d","id":{"unicity":"2"},"email":"danw@infotraxsys.com"},"homePhone":"9823746323","preferredLocale":"es-DO","maritalStatus":"Single","autoorders":{"items":[{"id":{"unicity":105782},"transactions":{"items":[]}}]},"rights":[],"status":"Active","id":{"unicity":"208564601"},"token":"7bcf87fb-e91c-4ceb-86f3-bc068e35bb7d","href":"https:\/\/hydraqa.unicity.net\/v5a-test\/customers\/a735f2920836dc4b4a59ca15f90c7bb211222ecefbd183468dcbebe37293f7bc"},"_isInitialOrder":true,"added_lines":{"items":[],"aggregate":{"weight":{"unit":"lbs","value":0}}},"seller":{"href":"https:\/\/hydraqa.unicity.net\/v5a-test\/sellers\/e7c10d4e70b0c857a99c16576ade8003","id":{"unicity":"5"}},"added_transactions":{"items":[]},"id":{"unicity":"01-52729300"},"href":"https:\/\/hydraqa.unicity.net\/v5a-test\/orders\/8a5ab8497ad0976d93b596970066dc4bd7603451d57d6706f83a2e55ae821876"}}
Headers-->keep-alive
Headers-->2519
Headers-->application/json, text/plain, */*
Headers-->es-DO
Headers-->application/json;charset=UTF-8
]]></system-out>
    <system-err><![CDATA[Starting ChromeDriver 2.36.540470 (e522d04694c7ebea4ba8821272dbef4f9b818c91) on port 17757
Only local connections are allowed.
Oct 13, 2020 11:17:49 AM org.openqa.selenium.remote.ProtocolHandshake createSession
INFO: Detected dialect: OSS
]]></system-err>
  </testcase>
  <testcase name="Enroll" classname="Tests.PrefferedCustomer" time="177.145">
    <failure message="Major market is missing expected [Ukraine] but found [Turkey]" type="java.lang.AssertionError">java.lang.AssertionError: Major market is missing expected [Ukraine] but found [Turkey]
	at Tests.PrefferedCustomer.Enroll(PrefferedCustomer.java:104)
</failure>
    <system-out><![CDATA[Request URL: https://hydraqa.unicity.net/v5a-test/quotes?&expand=item
Entry Quotes response : {"items":[{"lines":{"items":[{"item":{"href":"https://hydraqa.unicity.net/v5a-test/items/10da226fab00279b4f89df10af2a10b7","id":{"unicity":"26442"}},"quantity":1,"terms":{"priceEach":125,"taxEach":{"amount":20},"discountEach":{"amount":0},"pvEach":0},"quantityLimit":{"quantityQuota":-1,"timeFrameDays":-1,"quantityOrdered":0}}]},"currency":"MXN"},{"lines":{"items":[{"item":{"href":"https://hydraqa.unicity.net/v5a-test/items/c522889845fe5b5a6bd790ca481a05b6","id":{"unicity":"26443"}},"quantity":1,"terms":{"priceEach":104.31,"taxEach":{"amount":16.69},"discountEach":{"amount":0},"pvEach":0},"quantityLimit":{"quantityQuota":-1,"timeFrameDays":-1,"quantityOrdered":0}}]},"currency":"MXN"},{"lines":{"items":[{"item":{"href":"https://hydraqa.unicity.net/v5a-test/items/91a6016282310b83203d0bb7bea14a0f","id":{"unicity":"29050"}},"quantity":1,"terms":{"priceEach":245.69,"taxEach":{"amount":39.31},"discountEach":{"amount":0},"pvEach":0},"quantityLimit":{"quantityQuota":-1,"timeFrameDays":-1,"quantityOrdered":0}}]},"currency":"MXN"},{"lines":{"items":[{"item":{"href":"https://hydraqa.unicity.net/v5a-test/items/bc85ca504dddbd891f34ba100c1fa765","id":{"unicity":"29249"}},"quantity":1,"terms":{"priceEach":337.93,"taxEach":{"amount":54.07},"discountEach":{"amount":0},"pvEach":10},"quantityLimit":{"quantityQuota":-1,"timeFrameDays":-1,"quantityOrdered":0}}]},"currency":"MXN"},{"lines":{"items":[{"item":{"href":"https://hydraqa.unicity.net/v5a-test/items/b332dd66200c8f1e7605c15cf649a419","id":{"unicity":"29265"}},"quantity":1,"terms":{"priceEach":655.17,"taxEach":{"amount":104.83},"discountEach":{"amount":0},"pvEach":22},"quantityLimit":{"quantityQuota":-1,"timeFrameDays":-1,"quantityOrdered":0}}]},"currency":"MXN"},{"lines":{"items":[{"item":{"href":"https://hydraqa.unicity.net/v5a-test/items/900d1386dcf5c120334ec76dd7ac40f6","id":{"unicity":"32501"}},"quantity":1,"terms":{"priceEach":328.45,"taxEach":{"amount":52.55},"discountEach":{"amount":0},"pvEach":14},"quantityLimit":{"quantityQuota":-1,"timeFrameDays":-1,"quantityOrdered":0}}]},"currency":"MXN"},{"lines":{"items":[{"item":{"href":"https://hydraqa.unicity.net/v5a-test/items/61976f41edc883754b09b33f9216edce","id":{"unicity":"31674"}},"quantity":1,"terms":{"priceEach":1264.65,"taxEach":{"amount":202.34},"discountEach":{"amount":0},"pvEach":50},"quantityLimit":{"quantityQuota":-1,"timeFrameDays":-1,"quantityOrdered":0}}]},"currency":"MXN"},{"lines":{"items":[{"item":{"href":"https://hydraqa.unicity.net/v5a-test/items/c71cdd78b407072f4c3400e17672e53d","id":{"unicity":"31668"}},"quantity":1,"terms":{"priceEach":552.59,"taxEach":{"amount":88.41},"discountEach":{"amount":0},"pvEach":19},"quantityLimit":{"quantityQuota":-1,"timeFrameDays":-1,"quantityOrdered":0}}]},"currency":"MXN"}]}
Entry request : {"order":{"customer":{"href":"https://hydraqa.unicity.net/v5a-test/customers?type=PreferredCustomer"},"shipToAddress":{"country":"MX"}},"vary":{"lines":{"items":[{"item":{"href":"https://hydraqa.unicity.net/v5a-test/items?id.unicity=31441|26442|26443|29050|29239|29253|27721|29249|29241|29245|29265|32501|31851|31674|31995|31994|31668|32182|32183|32000|31418"}}]}}}
Request URL: https://hydraqa.unicity.net/v5a-test/customers.js?_httpMethod=HEAD&callback=angular.callbacks._5&email=IRJZTS@gmail.com
{sponsor=2, gender=male, city=TestCity, cartprice=125.0, enroller=2, language=Español, locale=es, type=PreferredCustomer, platform=QA, lname=TestLastName, password=Unicity, genderoption=Masculino, Currency=USD, api=5, email=IRJZTS@gmail.com, zip=84097, fname=TestFirstName, prefferd=Mexico, address2=Address 2, address1=Address 1, shippingmethod=type=Economy, version=v5a-test/, testcase=normal, market=Mexico, referral=yes, martial=Single, phone=9823746323, proto=https://hydraqa.unicity.net/, marketcode=MX, maritaloption=Soltero, ccname=CCNameTest, paymenttype=creditcard}
Request URL: https://hydraqa.unicity.net/v5a-test/orders.js
Entry request : {"customer":{"mainAddress":{"city":"TestCity","country":"MX","state":"HG","zip":"84097","address1":"Address 1","address2":"Address 2"},"humanName":{"firstName":"TestFirstName","lastName":"TestLastName"},"email":"IRJZTS@gmail.com","preferredLocale":"es-MX","password":{"value":"Unicity"},"gender":"male","maritalStatus":"Single","type":"PreferredCustomer","sponsor":{"href":"https://hydraqa.unicity.net/v5a-test/customers?id.unicity=2"},"enroller":{"href":"https://hydraqa.unicity.net/v5a-test/customers?id.unicity=2"},"homePhone":"9823746323","rights":[]},"lines":{"items":[{"item":{"href":"https://hydraqa.unicity.net/v5a-test/items?id.unicity=26442"},"quantity":1}]},"shipToName":{"firstName":"TestFirstName","lastName":"TestLastName"},"shipToPhone":"9823746323","shipToEmail":"IRJZTS@gmail.com","shipToAddress":{"city":"TestCity","country":"MX","state":"HG","address1":"Address 1","address2":"Address 2","zip":"84097"},"shippingMethod":{"href":"https://hydraqa.unicity.net/v5a-test/shippingmethods?type=Economy"},"notes":"","transactions":{"items":[{"amount":"this.terms.total","type":"AuthorizeAndCapture","method":"CreditCard","methodDetails":{"creditCardNumber":"4111111111111111","payer":"CCNameTest","creditCardExpires":"2020-10","creditCardSecurityCode":"123"}}]}}
Entry response : {"meta":{"Link":"<http:\/\/unicity.github.io\/Hydra.php\/docs\/v5\/>; rel=\"help\"","X-Request-UUID":"f77168cc-f613-9185-a195-1619d3475963","X-Request-Release":"5-2020100902\/master","Cache-Control":"no-cache, must-revalidate","Expires":"0","X-Powered-By":"Luracast Restler v3.0.0rc5","Content-Type":"text\/javascript; charset=utf-8","Content-Language":"en","X-Status-Code":"201"},"data":{"market":"MX","notes":"","shippingMethod":{"type":"Economy","href":"https:\/\/hydraqa.unicity.net\/v5a-test\/shippingmethods?type=Economy","location":""},"shipToAddress":{"country":"MX","state":"HG","city":"TestCity","zip":"84097","address1":"Address 1","address2":"Address 2"},"shipToEmail":"IRJZTS@gmail.com","shipToName":{"firstName":"TestFirstName","lastName":"TestLastName"},"shipToPhone":"9823746323","shipToTime":null,"source":null,"type":null,"lines":{"items":[{"quantity":1,"item":{"href":"https:\/\/hydraqa.unicity.net\/v5a-test\/items?id.unicity=26442","id":{"unicity":"26442"}}}]},"transactions":{"items":null},"terms":{"discount":{"amount":0},"freight":{"amount":175},"period":"2020-10","pv":0,"subtotal":125,"tax":{"amount":48},"taxableTotal":0,"total":348},"dateCreated":"2020-10-13T11:25:06-06:00","currency":"MXN","giftReceipt":false,"customer":{"humanName":{"firstName":"TestFirstName","lastName":"TestLastName"},"mainAddress":{"city":"TestCity","country":"MX","state":"HG","zip":"84097","address1":"Address 1","address2":"Address 2"},"type":"PreferredCustomer","email":"IRJZTS@gmail.com","gender":"male","password":{"value":"Unicity"},"enroller":{"href":"https:\/\/hydraqa.unicity.net\/v5a-test\/customers\/f0cbfab7062ed827a4e700264e473f1d","id":{"unicity":2},"email":"danw@infotraxsys.com","humanName":{"fullName":"Referral Program"}},"sponsor":{"href":"https:\/\/hydraqa.unicity.net\/v5a-test\/customers\/f0cbfab7062ed827a4e700264e473f1d","id":{"unicity":2},"email":"danw@infotraxsys.com"},"homePhone":"9823746323","preferredLocale":"es-MX","maritalStatus":"Single","rights":[],"status":"Active","id":{"unicity":"208564701"},"href":"https:\/\/hydraqa.unicity.net\/v5a-test\/customers\/f7bb919ef3db2a75aa44078c15ba2258732fff5f9a804a0eacee5ae15c3f595b","token":"8ad63847-8502-4f79-a549-993057ac0b62"},"id":{"unicity":"01-52729301"},"href":"https:\/\/hydraqa.unicity.net\/v5a-test\/orders\/8a5ab8497ad0976d93b596970066dc4b4ea96849675a56726feb3796f46410a8"}}
Headers-->keep-alive
Headers-->1273
Headers-->application/json, text/plain, */*
Headers-->es-MX
Headers-->application/json;charset=UTF-8
]]></system-out>
    <system-err><![CDATA[Starting ChromeDriver 2.36.540470 (e522d04694c7ebea4ba8821272dbef4f9b818c91) on port 25157
Only local connections are allowed.
Oct 13, 2020 11:22:37 AM org.openqa.selenium.remote.ProtocolHandshake createSession
INFO: Detected dialect: OSS
]]></system-err>
  </testcase>
  <testcase name="Enroll" classname="Tests.PrefferedCustomer" time="213.361">
    <failure message="Major market is missing expected [Ukraine] but found [Turkey]" type="java.lang.AssertionError">java.lang.AssertionError: Major market is missing expected [Ukraine] but found [Turkey]
	at Tests.PrefferedCustomer.Enroll(PrefferedCustomer.java:104)
</failure>
    <system-out><![CDATA[Request URL: https://hydraqa.unicity.net/v5a-test/quotes?&expand=item
Entry Quotes response : {"items":[{"lines":{"items":[{"item":{"href":"https://hydraqa.unicity.net/v5a-test/items/051e765a5a71835a859c2757edd359f0","id":{"unicity":"26580"}},"quantity":1,"terms":{"priceEach":225,"taxEach":{"amount":0},"discountEach":{"amount":0},"pvEach":130},"quantityLimit":{"quantityQuota":-1,"timeFrameDays":-1,"quantityOrdered":0}}]},"currency":"USD"},{"lines":{"items":[{"item":{"href":"https://hydraqa.unicity.net/v5a-test/items/38da42f991a40a00153b2e5055b82dbf","id":{"unicity":"27801"}},"quantity":1,"terms":{"priceEach":225,"taxEach":{"amount":0},"discountEach":{"amount":0},"pvEach":130},"quantityLimit":{"quantityQuota":-1,"timeFrameDays":-1,"quantityOrdered":0}}]},"currency":"USD"},{"lines":{"items":[{"item":{"href":"https://hydraqa.unicity.net/v5a-test/items/cea826eab72d44641c070aab6c97c1ac","id":{"unicity":"22747"}},"quantity":1,"terms":{"priceEach":35,"taxEach":{"amount":0},"discountEach":{"amount":0},"pvEach":16},"quantityLimit":{"quantityQuota":-1,"timeFrameDays":-1,"quantityOrdered":0}}]},"currency":"USD"},{"lines":{"items":[{"item":{"href":"https://hydraqa.unicity.net/v5a-test/items/9a7715e888c94989d898fe4653645721","id":{"unicity":"26550"}},"quantity":1,"terms":{"priceEach":99,"taxEach":{"amount":0},"discountEach":{"amount":0},"pvEach":52},"quantityLimit":{"quantityQuota":-1,"timeFrameDays":-1,"quantityOrdered":0}}]},"currency":"USD"},{"lines":{"items":[{"item":{"href":"https://hydraqa.unicity.net/v5a-test/items/0cf62d38e91953b43dcfe88b06f813cb","id":{"unicity":"26557"}},"quantity":1,"terms":{"priceEach":101,"taxEach":{"amount":0},"discountEach":{"amount":0},"pvEach":61},"quantityLimit":{"quantityQuota":-1,"timeFrameDays":-1,"quantityOrdered":0}}]},"currency":"USD"},{"lines":{"items":[{"item":{"href":"https://hydraqa.unicity.net/v5a-test/items/cda534d686af5d627c94c4bb2c4b57d8","id":{"unicity":"26561"}},"quantity":1,"terms":{"priceEach":21,"taxEach":{"amount":0},"discountEach":{"amount":0},"pvEach":11},"quantityLimit":{"quantityQuota":-1,"timeFrameDays":-1,"quantityOrdered":0}}]},"currency":"USD"},{"lines":{"items":[{"item":{"href":"https://hydraqa.unicity.net/v5a-test/items/0a3ede185ddf034630afd891c5106d33","id":{"unicity":"26562"}},"quantity":1,"terms":{"priceEach":43,"taxEach":{"amount":0},"discountEach":{"amount":0},"pvEach":25},"quantityLimit":{"quantityQuota":-1,"timeFrameDays":-1,"quantityOrdered":0}}]},"currency":"USD"},{"lines":{"items":[{"item":{"href":"https://hydraqa.unicity.net/v5a-test/items/1bd53de7fe880ba71f46c9976ca2c137","id":{"unicity":"27739"}},"quantity":1,"terms":{"priceEach":43,"taxEach":{"amount":0},"discountEach":{"amount":0},"pvEach":13},"quantityLimit":{"quantityQuota":-1,"timeFrameDays":-1,"quantityOrdered":0}}]},"currency":"USD"},{"lines":{"items":[{"item":{"href":"https://hydraqa.unicity.net/v5a-test/items/1945faa1776541d53120ecfe3c1d8a2b","id":{"unicity":"24418"}},"quantity":1,"terms":{"priceEach":7,"taxEach":{"amount":0},"discountEach":{"amount":0},"pvEach":0},"quantityLimit":{"quantityQuota":-1,"timeFrameDays":-1,"quantityOrdered":0}}]},"currency":"USD"},{"lines":{"items":[{"item":{"href":"https://hydraqa.unicity.net/v5a-test/items/9a6e1d094182389c3da8e0a320ff0e00","id":{"unicity":"27585"}},"quantity":1,"terms":{"priceEach":69,"taxEach":{"amount":0},"discountEach":{"amount":0},"pvEach":33},"quantityLimit":{"quantityQuota":-1,"timeFrameDays":-1,"quantityOrdered":0}}]},"currency":"USD"},{"lines":{"items":[{"item":{"href":"https://hydraqa.unicity.net/v5a-test/items/b127a2d34d3d73e2f53e4c2002a7a4a2","id":{"unicity":"25008"}},"quantity":1,"terms":{"priceEach":24,"taxEach":{"amount":0},"discountEach":{"amount":0},"pvEach":15},"quantityLimit":{"quantityQuota":-1,"timeFrameDays":-1,"quantityOrdered":0}}]},"currency":"USD"},{"lines":{"items":[{"item":{"href":"https://hydraqa.unicity.net/v5a-test/items/10da226fab00279b4f89df10af2a10b7","id":{"unicity":"26442"}},"quantity":1,"terms":{"priceEach":8,"taxEach":{"amount":0},"discountEach":{"amount":0},"pvEach":0},"quantityLimit":{"quantityQuota":-1,"timeFrameDays":-1,"quantityOrdered":0}}]},"currency":"USD"},{"lines":{"items":[{"item":{"href":"https://hydraqa.unicity.net/v5a-test/items/aa0d72ac13b1ce88cf8c4a52ede75a37","id":{"unicity":"26552"}},"quantity":1,"terms":{"priceEach":89,"taxEach":{"amount":0},"discountEach":{"amount":0},"pvEach":50},"quantityLimit":{"quantityQuota":-1,"timeFrameDays":-1,"quantityOrdered":0}}]},"currency":"USD"},{"lines":{"items":[{"item":{"href":"https://hydraqa.unicity.net/v5a-test/items/b2fc4b9ba4aa5cae54389161be2f841f","id":{"unicity":"18401"}},"quantity":1,"terms":{"priceEach":40,"taxEach":{"amount":0},"discountEach":{"amount":0},"pvEach":19},"quantityLimit":{"quantityQuota":-1,"timeFrameDays":-1,"quantityOrdered":0}}]},"currency":"USD"},{"lines":{"items":[{"item":{"href":"https://hydraqa.unicity.net/v5a-test/items/5a38f009bec6c23b1b3a70432f9722e5","id":{"unicity":"19596"}},"quantity":1,"terms":{"priceEach":63,"taxEach":{"amount":0},"discountEach":{"amount":0},"pvEach":30},"quantityLimit":{"quantityQuota":-1,"timeFrameDays":-1,"quantityOrdered":0}}]},"currency":"USD"},{"lines":{"items":[{"item":{"href":"https://hydraqa.unicity.net/v5a-test/items/398d06b858b960f6f38086d40608aef2","id":{"unicity":"26560"}},"quantity":1,"terms":{"priceEach":21,"taxEach":{"amount":0},"discountEach":{"amount":0},"pvEach":12},"quantityLimit":{"quantityQuota":-1,"timeFrameDays":-1,"quantityOrdered":0}}]},"currency":"USD"},{"lines":{"items":[{"item":{"href":"https://hydraqa.unicity.net/v5a-test/items/3f2d12d7a0e8551fc99fad3bbe1ba633","id":{"unicity":"26567"}},"quantity":1,"terms":{"priceEach":70,"taxEach":{"amount":0},"discountEach":{"amount":0},"pvEach":35},"quantityLimit":{"quantityQuota":-1,"timeFrameDays":-1,"quantityOrdered":0}}]},"currency":"USD"},{"lines":{"items":[{"item":{"href":"https://hydraqa.unicity.net/v5a-test/items/191637167cb3144bd2e8c4615e9ab67e","id":{"unicity":"26568"}},"quantity":1,"terms":{"priceEach":70,"taxEach":{"amount":0},"discountEach":{"amount":0},"pvEach":35},"quantityLimit":{"quantityQuota":-1,"timeFrameDays":-1,"quantityOrdered":0}}]},"currency":"USD"},{"lines":{"items":[{"item":{"href":"https://hydraqa.unicity.net/v5a-test/items/112b8c39286598b3730f630f371a45f4","id":{"unicity":"27587"}},"quantity":1,"terms":{"priceEach":71,"taxEach":{"amount":0},"discountEach":{"amount":0},"pvEach":33},"quantityLimit":{"quantityQuota":-1,"timeFrameDays":-1,"quantityOrdered":0}}]},"currency":"USD"},{"lines":{"items":[{"item":{"href":"https://hydraqa.unicity.net/v5a-test/items/25eaf64b36ce31368f17ae789fd9ac5b","id":{"unicity":"29694"}},"quantity":1,"terms":{"priceEach":69,"taxEach":{"amount":0},"discountEach":{"amount":0},"pvEach":33},"quantityLimit":{"quantityQuota":-1,"timeFrameDays":-1,"quantityOrdered":0}}]},"currency":"USD"},{"lines":{"items":[{"item":{"href":"https://hydraqa.unicity.net/v5a-test/items/634f7efb30392b2a919de1355902d975","id":{"unicity":"29408"}},"quantity":1,"terms":{"priceEach":99,"taxEach":{"amount":0},"discountEach":{"amount":0},"pvEach":52},"quantityLimit":{"quantityQuota":-1,"timeFrameDays":-1,"quantityOrdered":0}}]},"currency":"USD"},{"lines":{"items":[{"item":{"href":"https://hydraqa.unicity.net/v5a-test/items/bb5c627f16547cb4f706cef521bca356","id":{"unicity":"29437"}},"quantity":1,"terms":{"priceEach":78,"taxEach":{"amount":0},"discountEach":{"amount":0},"pvEach":36},"quantityLimit":{"quantityQuota":-1,"timeFrameDays":-1,"quantityOrdered":0}}]},"currency":"USD"},{"lines":{"items":[{"item":{"href":"https://hydraqa.unicity.net/v5a-test/items/24ff5bda40c0d0e7eaa511866d052915","id":{"unicity":"29612"}},"quantity":1,"terms":{"priceEach":61,"taxEach":{"amount":0},"discountEach":{"amount":0},"pvEach":30},"quantityLimit":{"quantityQuota":-1,"timeFrameDays":-1,"quantityOrdered":0}}]},"currency":"USD"},{"lines":{"items":[{"item":{"href":"https://hydraqa.unicity.net/v5a-test/items/024e696f8b44a1d315006e676604cd31","id":{"unicity":"27395"}},"quantity":1,"terms":{"priceEach":32,"taxEach":{"amount":0},"discountEach":{"amount":0},"pvEach":16},"quantityLimit":{"quantityQuota":-1,"timeFrameDays":-1,"quantityOrdered":0}}]},"currency":"USD"},{"lines":{"items":[{"item":{"href":"https://hydraqa.unicity.net/v5a-test/items/05ca08f3808f126c0cc42154c50fc75c","id":{"unicity":"29440"}},"quantity":1,"terms":{"priceEach":138,"taxEach":{"amount":0},"discountEach":{"amount":0},"pvEach":90},"quantityLimit":{"quantityQuota":-1,"timeFrameDays":-1,"quantityOrdered":0}}]},"currency":"USD"},{"lines":{"items":[{"item":{"href":"https://hydraqa.unicity.net/v5a-test/items/764e2db430d361da99e8f6b70c4d0244","id":{"unicity":"29830"}},"quantity":1,"terms":{"priceEach":20,"taxEach":{"amount":0},"discountEach":{"amount":0},"pvEach":7},"quantityLimit":{"quantityQuota":-1,"timeFrameDays":-1,"quantityOrdered":0}}]},"currency":"USD"},{"lines":{"items":[{"item":{"href":"https://hydraqa.unicity.net/v5a-test/items/b91affa753dd5ee8a9acef4fa7e2c9a7","id":{"unicity":"30414"}},"quantity":1,"terms":{"priceEach":110,"taxEach":{"amount":0},"discountEach":{"amount":0},"pvEach":65},"quantityLimit":{"quantityQuota":-1,"timeFrameDays":-1,"quantityOrdered":0}}]},"currency":"USD"},{"lines":{"items":[{"item":{"href":"https://hydraqa.unicity.net/v5a-test/items/2835b1a78e379486f0ffbfd5fb9f6b0a","id":{"unicity":"30400"}},"quantity":1,"terms":{"priceEach":49,"taxEach":{"amount":0},"discountEach":{"amount":0},"pvEach":28},"quantityLimit":{"quantityQuota":-1,"timeFrameDays":-1,"quantityOrdered":0}}]},"currency":"USD"},{"lines":{"items":[{"item":{"href":"https://hydraqa.unicity.net/v5a-test/items/00c2eb70c985722ce208490aece00945","id":{"unicity":"31729"}},"quantity":1,"terms":{"priceEach":170,"taxEach":{"amount":0},"discountEach":{"amount":0},"pvEach":100},"quantityLimit":{"quantityQuota":-1,"timeFrameDays":-1,"quantityOrdered":0}}]},"currency":"USD"},{"lines":{"items":[{"item":{"href":"https://hydraqa.unicity.net/v5a-test/items/693a7c4a70b06a00471afe8d6cae5023","id":{"unicity":"31730"}},"quantity":1,"terms":{"priceEach":150,"taxEach":{"amount":0},"discountEach":{"amount":0},"pvEach":80},"quantityLimit":{"quantityQuota":-1,"timeFrameDays":-1,"quantityOrdered":0}}]},"currency":"USD"},{"lines":{"items":[{"item":{"href":"https://hydraqa.unicity.net/v5a-test/items/ccb242d74dcb1fe621cc7bfe1b1de315","id":{"unicity":"31731"}},"quantity":1,"terms":{"priceEach":112,"taxEach":{"amount":0},"discountEach":{"amount":0},"pvEach":60},"quantityLimit":{"quantityQuota":-1,"timeFrameDays":-1,"quantityOrdered":0}}]},"currency":"USD"},{"lines":{"items":[{"item":{"href":"https://hydraqa.unicity.net/v5a-test/items/3875e24e6b6ebdf36c79d205614ed51e","id":{"unicity":"31846"}},"quantity":1,"terms":{"priceEach":160,"taxEach":{"amount":0},"discountEach":{"amount":0},"pvEach":94},"quantityLimit":{"quantityQuota":-1,"timeFrameDays":-1,"quantityOrdered":0}}]},"currency":"USD"},{"lines":{"items":[{"item":{"href":"https://hydraqa.unicity.net/v5a-test/items/89b6d29a85a88d44d65bc8cca3fefc65","id":{"unicity":"31845"}},"quantity":1,"terms":{"priceEach":170,"taxEach":{"amount":0},"discountEach":{"amount":0},"pvEach":100},"quantityLimit":{"quantityQuota":-1,"timeFrameDays":-1,"quantityOrdered":0}}]},"currency":"USD"},{"lines":{"items":[{"item":{"href":"https://hydraqa.unicity.net/v5a-test/items/65f231539924a2fa376afdb39f1f06d6","id":{"unicity":"31848"}},"quantity":1,"terms":{"priceEach":112,"taxEach":{"amount":0},"discountEach":{"amount":0},"pvEach":60},"quantityLimit":{"quantityQuota":-1,"timeFrameDays":-1,"quantityOrdered":0}}]},"currency":"USD"},{"lines":{"items":[{"item":{"href":"https://hydraqa.unicity.net/v5a-test/items/fbb319232b7eed110794d46a68302acb","id":{"unicity":"31847"}},"quantity":1,"terms":{"priceEach":150,"taxEach":{"amount":0},"discountEach":{"amount":0},"pvEach":80},"quantityLimit":{"quantityQuota":-1,"timeFrameDays":-1,"quantityOrdered":0}}]},"currency":"USD"},{"lines":{"items":[{"item":{"href":"https://hydraqa.unicity.net/v5a-test/items/cf8460040a1860bcabf250b6c1171675","id":{"unicity":"31858"}},"quantity":1,"terms":{"priceEach":330,"taxEach":{"amount":0},"discountEach":{"amount":0},"pvEach":195},"quantityLimit":{"quantityQuota":-1,"timeFrameDays":-1,"quantityOrdered":0}}]},"currency":"USD"},{"lines":{"items":[{"item":{"href":"https://hydraqa.unicity.net/v5a-test/items/2de8516a24af8232add0bb392e750a71","id":{"unicity":"31859"}},"quantity":1,"terms":{"priceEach":225,"taxEach":{"amount":0},"discountEach":{"amount":0},"pvEach":130},"quantityLimit":{"quantityQuota":-1,"timeFrameDays":-1,"quantityOrdered":0}}]},"currency":"USD"},{"lines":{"items":[{"item":{"href":"https://hydraqa.unicity.net/v5a-test/items/fd464cd7972cc1317e850b9196d886b8","id":{"unicity":"31863"}},"quantity":1,"terms":{"priceEach":255,"taxEach":{"amount":0},"discountEach":{"amount":0},"pvEach":148},"quantityLimit":{"quantityQuota":-1,"timeFrameDays":-1,"quantityOrdered":0}}]},"currency":"USD"},{"lines":{"items":[{"item":{"href":"https://hydraqa.unicity.net/v5a-test/items/e47fd287212acedd1cffb2b67bf623bd","id":{"unicity":"31862"}},"quantity":1,"terms":{"priceEach":255,"taxEach":{"amount":0},"discountEach":{"amount":0},"pvEach":148},"quantityLimit":{"quantityQuota":-1,"timeFrameDays":-1,"quantityOrdered":0}}]},"currency":"USD"},{"lines":{"items":[{"item":{"href":"https://hydraqa.unicity.net/v5a-test/items/d4c8fce238d6fc34d17a4b36d1e4e59a","id":{"unicity":"31860"}},"quantity":1,"terms":{"priceEach":245,"taxEach":{"amount":0},"discountEach":{"amount":0},"pvEach":135},"quantityLimit":{"quantityQuota":-1,"timeFrameDays":-1,"quantityOrdered":0}}]},"currency":"USD"},{"lines":{"items":[{"item":{"href":"https://hydraqa.unicity.net/v5a-test/items/4ab49eca1731e69206ccafb5112ad5a4","id":{"unicity":"31861"}},"quantity":1,"terms":{"priceEach":245,"taxEach":{"amount":0},"discountEach":{"amount":0},"pvEach":135},"quantityLimit":{"quantityQuota":-1,"timeFrameDays":-1,"quantityOrdered":0}}]},"currency":"USD"},{"lines":{"items":[{"item":{"href":"https://hydraqa.unicity.net/v5a-test/items/077823d29445b9020de9931f10c63efd","id":{"unicity":"31958"}},"quantity":1,"terms":{"priceEach":160,"taxEach":{"amount":0},"discountEach":{"amount":0},"pvEach":85},"quantityLimit":{"quantityQuota":-1,"timeFrameDays":-1,"quantityOrdered":0}}]},"currency":"USD"},{"lines":{"items":[{"item":{"href":"https://hydraqa.unicity.net/v5a-test/items/bfddb53fe0d5ed5432c531dc9850cbe4","id":{"unicity":"29449"}},"quantity":1,"terms":{"priceEach":43,"taxEach":{"amount":0},"discountEach":{"amount":0},"pvEach":25},"quantityLimit":{"quantityQuota":-1,"timeFrameDays":-1,"quantityOrdered":0}}]},"currency":"USD"},{"lines":{"items":[{"item":{"href":"https://hydraqa.unicity.net/v5a-test/items/50747027a065cb8361c1f0d6eb880466","id":{"unicity":"32030"}},"quantity":1,"terms":{"priceEach":179,"taxEach":{"amount":0},"discountEach":{"amount":0},"pvEach":102},"quantityLimit":{"quantityQuota":-1,"timeFrameDays":-1,"quantityOrdered":0}}]},"currency":"USD"},{"lines":{"items":[{"item":{"href":"https://hydraqa.unicity.net/v5a-test/items/c201dcd36f4bb7e17e7a8481ef08d6f2","id":{"unicity":"31518"}},"quantity":1,"terms":{"priceEach":38,"taxEach":{"amount":0},"discountEach":{"amount":0},"pvEach":14},"quantityLimit":{"quantityQuota":-1,"timeFrameDays":-1,"quantityOrdered":0}}]},"currency":"USD"},{"lines":{"items":[{"item":{"href":"https://hydraqa.unicity.net/v5a-test/items/c674cdded8a54983aae3c5dcb32c9e38","id":{"unicity":"32628"}},"quantity":1,"terms":{"priceEach":89,"taxEach":{"amount":0},"discountEach":{"amount":0},"pvEach":50},"quantityLimit":{"quantityQuota":-1,"timeFrameDays":-1,"quantityOrdered":0}}]},"currency":"USD"},{"lines":{"items":[{"item":{"href":"https://hydraqa.unicity.net/v5a-test/items/e30d5100db17be47578745dce83039e6","id":{"unicity":"32838"}},"quantity":1,"terms":{"priceEach":14.95,"taxEach":{"amount":0},"discountEach":{"amount":0},"pvEach":0},"quantityLimit":{"quantityQuota":-1,"timeFrameDays":-1,"quantityOrdered":0}}]},"currency":"USD"}]}
Entry request : {"order":{"customer":{"href":"https://hydraqa.unicity.net/v5a-test/customers?type=PreferredCustomer"},"shipToAddress":{"country":"US","state":"PR"}},"vary":{"lines":{"items":[{"item":{"href":"https://hydraqa.unicity.net/v5a-test/items?id.unicity=26580|31441|27801|22747|26550|26554|26557|26561|26562|27739|24418|27585|25008|26442|26555|18908|26552|27653|27212|27218|26983|27210|18401|25803|27029|27208|19596|26945|26560|26567|26568|27587|29694|29408|29437|29612|27395|29440|29830|30414|30400|31729|31730|31731|31846|31845|31848|31847|31858|31859|31863|31862|31860|31861|31958|29449|32030|31518|32015|32628|32838"}}]}}}
Request URL: https://hydraqa.unicity.net/v5a-test/customers.js?callback=angular.callbacks._1&expand=customer,profilePicture&id.unicity=2
Request URL: https://hydraqa.unicity.net/v5a-test/customers.js?_httpMethod=HEAD&callback=angular.callbacks._4&email=NYTERW@gmail.com
Request URL: https://hydraqa.unicity.net/v5a-test/addresses?country=PR&zip=00907
Entry response : {"items":[{"city":"San Juan","state":"San Juan"}]}
{sponsor=2, gender=male, city=SAN JUAN, cartprice=225.0, enroller=2, arpack=Prime Health Pack - Cholesterol, Energy, Vanilla, language=English, locale=en, type=PreferredCustomer, platform=QA, lname=TestLastName, password=Unicity, genderoption=Male, Currency=USD, api=4, state=[San Juan], email=NYTERW@gmail.com, zip=00907, fname=TestFirstName, prefferd=Puerto Rico, address2=Address 2, address1=Address 1, shippingmethod=type=FedEx International, version=v5a-test/, testcase=normal, market=Puerto Rico, aritemcode=26580, referral=yes, martial=Single, phone=9823746323, proto=https://hydraqa.unicity.net/, marketcode=PR, maritaloption=Single, ccname=CCNameTest}
Request URL: https://hydraqa.unicity.net/v5a-test/orders.js
Entry request : {"customer":{"mainAddress":{"city":"SAN JUAN","country":"US","state":"PR","zip":"00907","address1":"Address 1","address2":"Address 2"},"humanName":{"firstName":"TestFirstName","lastName":"TestLastName"},"email":"NYTERW@gmail.com","preferredLocale":"en-PR","password":{"value":"Unicity"},"gender":"male","maritalStatus":"Single","type":"PreferredCustomer","creditcardaliases":[{"methodDetails":{"creditCardNumber":"4111111111111111","payer":"TestFirstName TestLastName","creditCardExpires":"2020-10"},"billToName":{"firstName":"TestFirstName","lastName":"TestLastName"},"billToAddress":{"address1":"Address 1","address2":"Address 2","city":"SAN JUAN","state":"PR","zip":"00907","country":"US"}}],"sponsor":{"href":"https://hydraqa.unicity.net/v5a-test/customers?id.unicity=2"},"enroller":{"href":"https://hydraqa.unicity.net/v5a-test/customers?id.unicity=2"},"homePhone":"9823746323","autoorders":{"items":[{"recurrence":{"schedule":{"month":"*","dayOfMonth":"15"},"status":"Enabled"},"lines":{"items":[{"item":{"href":"https://hydraqa.unicity.net/v5a-test/items?id.unicity=26580"},"quantity":1}]},"shipToName":{"firstName":"TestFirstName","lastName":"TestLastName"},"shipToPhone":"9823746323","shipToEmail":"NYTERW@gmail.com","shipToAddress":{"city":"SAN JUAN","country":"US","state":"PR","address1":"Address 1","address2":"Address 2","zip":"00907"},"shippingMethod":{"href":"https://hydraqa.unicity.net/v5a-test/shippingmethods?type=FedEx International"},"transactions":{"items":[{"amount":"this.terms.total","type":"AuthorizeAndCapture","method":"CreditCardAlias","methodDetails":{"alias":"this.customer.creditcardaliases[0].alias"}}]}}]},"rights":[]},"lines":{"items":[{"item":{"href":"https://hydraqa.unicity.net/v5a-test/items?id.unicity=31859"},"quantity":1}]},"shipToName":{"firstName":"TestFirstName","lastName":"TestLastName"},"shipToPhone":"9823746323","shipToEmail":"NYTERW@gmail.com","shipToAddress":{"city":"SAN JUAN","country":"US","state":"PR","address1":"Address 1","address2":"Address 2","zip":"00907"},"shippingMethod":{"href":"https://hydraqa.unicity.net/v5a-test/shippingmethods?type=FedEx International"},"notes":"","transactions":{"items":[{"amount":"this.terms.total","type":"AuthorizeAndCapture","method":"CreditCard","methodDetails":{"creditCardNumber":"4111111111111111","payer":"CCNameTest","creditCardExpires":"2020-10","creditCardSecurityCode":"123"},"billToAddress":{"address1":"Address 1","address2":"Address 2","city":"SAN JUAN","state":"PR","zip":"00907","country":"US"}},{"type":"AuthorizeAndCapture","method":"Coupon","methodDetails":{"code":"Fre3Aut0Sh!p"}}]}}
Entry response : {"meta":{"Link":"<http:\/\/unicity.github.io\/Hydra.php\/docs\/v5\/>; rel=\"help\"","X-Request-UUID":"b5808a7c-fabb-9e9f-bd93-533b90896730","X-Request-Release":"5-2020100902\/master","Cache-Control":"no-cache, must-revalidate","Expires":"0","X-Powered-By":"Luracast Restler v3.0.0rc5","Content-Type":"text\/javascript; charset=utf-8","Content-Language":"en","X-Status-Code":"201"},"data":{"market":"US","notes":"","shippingMethod":{"type":"FedEx International","href":"https:\/\/hydraqa.unicity.net\/v5a-test\/shippingmethods?type=FedEx International","location":""},"shipToAddress":{"country":"US","state":"PR","city":"SAN JUAN","zip":"00907","address1":"Address 1","address2":"Address 2"},"shipToEmail":"NYTERW@gmail.com","shipToName":{"firstName":"TestFirstName","lastName":"TestLastName"},"shipToPhone":"9823746323","shipToTime":null,"source":null,"type":null,"lines":{"items":[{"quantity":1,"item":{"href":"https:\/\/hydraqa.unicity.net\/v5a-test\/items?id.unicity=31859","id":{"unicity":"31859"},"weightEach":{"value":0,"unit":"lbs"},"dimensionsEach":{"width":0,"height":0,"depth":0,"unit":"in"},"taxedAs":"goods"},"quantityLimit":{"quantityQuota":-1,"timeFrameDays":-1,"quantityOrdered":0},"terms":{"subtotal":null,"priceEach":225,"pvEach":130,"cvEach":130,"taxablePriceEach":225,"tax":{"categoryDescription":null,"aggregate":{"items":[{"jurisdiction":{"address2":"PUERTO RICO"},"type":"Territory","amount":0,"percentage":0},{"jurisdiction":{"county":"SAN JUAN"},"type":"County","amount":0,"percentage":0}],"amount":0}},"pv":130,"price":225},"catalogSlide":{"content":{"description":"Pack U 365 Empower US\/PR"}},"kitChildren":[{"item":{"id":{"unicity":"29408"},"weightEach":{"value":0.5,"unit":"lbs"},"dimensionsEach":{"width":6.4,"height":4.25,"depth":2.9,"unit":"in"},"taxedAs":"goods"},"quantity":1,"terms":{"subtotal":null,"priceEach":95,"pvEach":52,"cvEach":52,"taxablePriceEach":95,"tax":{"categoryDescription":"TG240","aggregate":{"items":[{"jurisdiction":{"address2":"PUERTO RICO"},"type":"Territory","amount":9.98,"percentage":10.5},{"jurisdiction":{"county":"SAN JUAN"},"type":"County","amount":0.95,"percentage":1}],"amount":10.93}}},"catalogSlide":{"content":{"description":"Unimate"}}},{"item":{"id":{"unicity":"26552"},"weightEach":{"value":0.8,"unit":"lbs"},"dimensionsEach":{"width":6.5,"height":4.25,"depth":3,"unit":"in"},"taxedAs":"goods"},"quantity":1,"terms":{"subtotal":null,"priceEach":85,"pvEach":50,"cvEach":50,"taxablePriceEach":85,"tax":{"categoryDescription":"TG240","aggregate":{"items":[{"jurisdiction":{"address2":"PUERTO RICO"},"type":"Territory","amount":8.93,"percentage":10.5},{"jurisdiction":{"county":"SAN JUAN"},"type":"County","amount":0.85,"percentage":1}],"amount":9.78}}},"catalogSlide":{"content":{"description":"Matcha Energy 30"}}},{"item":{"id":{"unicity":"30400"},"weightEach":{"value":0.28,"unit":"lbs"},"dimensionsEach":{"width":2.25,"height":4.25,"depth":2.25,"unit":"in"},"taxedAs":"goods"},"quantity":1,"terms":{"subtotal":null,"priceEach":45,"pvEach":28,"cvEach":28,"taxablePriceEach":45,"tax":{"categoryDescription":"TG75","aggregate":{"items":[{"jurisdiction":{"address2":"PUERTO RICO"},"type":"Territory","amount":4.72,"percentage":10.5},{"jurisdiction":{"county":"SAN JUAN"},"type":"County","amount":0.45,"percentage":1}],"amount":5.17}}},"catalogSlide":{"content":{"description":"OmegaLife-3 Resolv"}}}]}],"aggregate":{"weight":{"unit":"lbs","value":1.58}}},"transactions":{"items":[{"amount":275.96,"billToAddress":{"address1":"Address 1","address2":"Address 2","city":"SAN JUAN","state":"PR","zip":"00907","country":"US"},"billToEmail":null,"billToName":null,"billToPhone":null,"installments":null,"method":"CreditCard","methodDetails":{"creditCardExpires":"2020-10","payer":"CCNameTest","payerId":null,"creditCardNumberMasked":"411111xxxxxx1111","creditCardNetwork":"visa"},"type":"AuthorizeAndCapture","index":1,"authorization":"40055348635","id":{"teller":277988}}],"aggregate":{"amount":275.96}},"terms":{"subtotal":225,"discount":{"amount":0},"freight":{"amount":22.5,"terms":{"tax":{"aggregate":{"items":[{"jurisdiction":{"address2":"PUERTO RICO"},"type":"Territory","amount":2.36,"percentage":10.5},{"jurisdiction":{"county":"SAN JUAN"},"type":"County","amount":0.22,"percentage":1}],"amount":2.58}}}},"pretotal":275.96,"pv":130,"tax":{"amount":28.46},"taxableTotal":247.5,"timbre":{"amount":0},"total":275.96,"weight":1.58},"dateCreated":"2020-10-13T11:28:27-06:00","currency":"USD","giftReceipt":false,"customer":{"humanName":{"firstName":"TestFirstName","lastName":"TestLastName"},"mainAddress":{"city":"SAN JUAN","country":"US","state":"PR","zip":"00907","address1":"Address 1","address2":"Address 2"},"type":"PreferredCustomer","email":"NYTERW@gmail.com","gender":"male","password":{"value":"Unicity"},"enroller":{"href":"https:\/\/hydraqa.unicity.net\/v5a-test\/customers\/f0cbfab7062ed827a4e700264e473f1d","id":{"unicity":"2"},"email":"danw@infotraxsys.com","humanName":{"fullName":"Referral Program"}},"sponsor":{"href":"https:\/\/hydraqa.unicity.net\/v5a-test\/customers\/f0cbfab7062ed827a4e700264e473f1d","id":{"unicity":"2"},"email":"danw@infotraxsys.com"},"homePhone":"9823746323","preferredLocale":"en-PR","maritalStatus":"Single","autoorders":{"items":[{"id":{"unicity":105783},"transactions":{"items":[]}}]},"rights":[],"status":"Active","id":{"unicity":"208564801"},"token":"2febf5e5-35b1-4fde-91f1-040e4ebb258d","href":"https:\/\/hydraqa.unicity.net\/v5a-test\/customers\/1cef95fdd963cf59ad04e07a1cd1567adfd14e498f194975db0e409c751a865b"},"_isInitialOrder":true,"added_lines":{"items":[],"aggregate":{"weight":{"unit":"lbs","value":0}}},"seller":{"href":"https:\/\/hydraqa.unicity.net\/v5a-test\/sellers\/e7c10d4e70b0c857a99c16576ade8003","id":{"unicity":"5"}},"added_transactions":{"items":[]},"id":{"unicity":"01-52729302"},"href":"https:\/\/hydraqa.unicity.net\/v5a-test\/orders\/8a5ab8497ad0976d93b596970066dc4bae9438c229724438f953c102bdfc97b5"}}
Headers-->keep-alive
Headers-->2596
Headers-->application/json, text/plain, */*
Headers-->en-PR
Headers-->application/json;charset=UTF-8
]]></system-out>
    <system-err><![CDATA[Starting ChromeDriver 2.36.540470 (e522d04694c7ebea4ba8821272dbef4f9b818c91) on port 8310
Only local connections are allowed.
Oct 13, 2020 11:25:42 AM org.openqa.selenium.remote.ProtocolHandshake createSession
INFO: Detected dialect: OSS
]]></system-err>
  </testcase>
  <testcase name="Enroll" classname="Tests.PrefferedCustomer" time="213.928">
    <failure message="Major market is missing expected [Ukraine] but found [Turkey]" type="java.lang.AssertionError">java.lang.AssertionError: Major market is missing expected [Ukraine] but found [Turkey]
	at Tests.PrefferedCustomer.Enroll(PrefferedCustomer.java:104)
</failure>
    <system-out><![CDATA[Request URL: https://hydraqa.unicity.net/v5a-test/quotes?&expand=item
Entry Quotes response : {"items":[{"lines":{"items":[{"item":{"href":"https://hydraqa.unicity.net/v5a-test/items/051e765a5a71835a859c2757edd359f0","id":{"unicity":"26580"}},"quantity":1,"terms":{"priceEach":225,"taxEach":{"amount":0},"discountEach":{"amount":0},"pvEach":130},"quantityLimit":{"quantityQuota":-1,"timeFrameDays":-1,"quantityOrdered":0}}]},"currency":"USD"},{"lines":{"items":[{"item":{"href":"https://hydraqa.unicity.net/v5a-test/items/38da42f991a40a00153b2e5055b82dbf","id":{"unicity":"27801"}},"quantity":1,"terms":{"priceEach":225,"taxEach":{"amount":0},"discountEach":{"amount":0},"pvEach":130},"quantityLimit":{"quantityQuota":-1,"timeFrameDays":-1,"quantityOrdered":0}}]},"currency":"USD"},{"lines":{"items":[{"item":{"href":"https://hydraqa.unicity.net/v5a-test/items/cea826eab72d44641c070aab6c97c1ac","id":{"unicity":"22747"}},"quantity":1,"terms":{"priceEach":35,"taxEach":{"amount":0},"discountEach":{"amount":0},"pvEach":16},"quantityLimit":{"quantityQuota":-1,"timeFrameDays":-1,"quantityOrdered":0}}]},"currency":"USD"},{"lines":{"items":[{"item":{"href":"https://hydraqa.unicity.net/v5a-test/items/9a7715e888c94989d898fe4653645721","id":{"unicity":"26550"}},"quantity":1,"terms":{"priceEach":99,"taxEach":{"amount":0},"discountEach":{"amount":0},"pvEach":52},"quantityLimit":{"quantityQuota":-1,"timeFrameDays":-1,"quantityOrdered":0}}]},"currency":"USD"},{"lines":{"items":[{"item":{"href":"https://hydraqa.unicity.net/v5a-test/items/0cf62d38e91953b43dcfe88b06f813cb","id":{"unicity":"26557"}},"quantity":1,"terms":{"priceEach":101,"taxEach":{"amount":0},"discountEach":{"amount":0},"pvEach":61},"quantityLimit":{"quantityQuota":-1,"timeFrameDays":-1,"quantityOrdered":0}}]},"currency":"USD"},{"lines":{"items":[{"item":{"href":"https://hydraqa.unicity.net/v5a-test/items/cda534d686af5d627c94c4bb2c4b57d8","id":{"unicity":"26561"}},"quantity":1,"terms":{"priceEach":21,"taxEach":{"amount":0},"discountEach":{"amount":0},"pvEach":11},"quantityLimit":{"quantityQuota":-1,"timeFrameDays":-1,"quantityOrdered":0}}]},"currency":"USD"},{"lines":{"items":[{"item":{"href":"https://hydraqa.unicity.net/v5a-test/items/0a3ede185ddf034630afd891c5106d33","id":{"unicity":"26562"}},"quantity":1,"terms":{"priceEach":43,"taxEach":{"amount":0},"discountEach":{"amount":0},"pvEach":25},"quantityLimit":{"quantityQuota":-1,"timeFrameDays":-1,"quantityOrdered":0}}]},"currency":"USD"},{"lines":{"items":[{"item":{"href":"https://hydraqa.unicity.net/v5a-test/items/1bd53de7fe880ba71f46c9976ca2c137","id":{"unicity":"27739"}},"quantity":1,"terms":{"priceEach":43,"taxEach":{"amount":0},"discountEach":{"amount":0},"pvEach":13},"quantityLimit":{"quantityQuota":-1,"timeFrameDays":-1,"quantityOrdered":0}}]},"currency":"USD"},{"lines":{"items":[{"item":{"href":"https://hydraqa.unicity.net/v5a-test/items/1945faa1776541d53120ecfe3c1d8a2b","id":{"unicity":"24418"}},"quantity":1,"terms":{"priceEach":7,"taxEach":{"amount":0},"discountEach":{"amount":0},"pvEach":0},"quantityLimit":{"quantityQuota":-1,"timeFrameDays":-1,"quantityOrdered":0}}]},"currency":"USD"},{"lines":{"items":[{"item":{"href":"https://hydraqa.unicity.net/v5a-test/items/9a6e1d094182389c3da8e0a320ff0e00","id":{"unicity":"27585"}},"quantity":1,"terms":{"priceEach":69,"taxEach":{"amount":0},"discountEach":{"amount":0},"pvEach":33},"quantityLimit":{"quantityQuota":-1,"timeFrameDays":-1,"quantityOrdered":0}}]},"currency":"USD"},{"lines":{"items":[{"item":{"href":"https://hydraqa.unicity.net/v5a-test/items/b127a2d34d3d73e2f53e4c2002a7a4a2","id":{"unicity":"25008"}},"quantity":1,"terms":{"priceEach":24,"taxEach":{"amount":0},"discountEach":{"amount":0},"pvEach":15},"quantityLimit":{"quantityQuota":-1,"timeFrameDays":-1,"quantityOrdered":0}}]},"currency":"USD"},{"lines":{"items":[{"item":{"href":"https://hydraqa.unicity.net/v5a-test/items/10da226fab00279b4f89df10af2a10b7","id":{"unicity":"26442"}},"quantity":1,"terms":{"priceEach":8,"taxEach":{"amount":0},"discountEach":{"amount":0},"pvEach":0},"quantityLimit":{"quantityQuota":-1,"timeFrameDays":-1,"quantityOrdered":0}}]},"currency":"USD"},{"lines":{"items":[{"item":{"href":"https://hydraqa.unicity.net/v5a-test/items/aa0d72ac13b1ce88cf8c4a52ede75a37","id":{"unicity":"26552"}},"quantity":1,"terms":{"priceEach":89,"taxEach":{"amount":0},"discountEach":{"amount":0},"pvEach":50},"quantityLimit":{"quantityQuota":-1,"timeFrameDays":-1,"quantityOrdered":0}}]},"currency":"USD"},{"lines":{"items":[{"item":{"href":"https://hydraqa.unicity.net/v5a-test/items/b2fc4b9ba4aa5cae54389161be2f841f","id":{"unicity":"18401"}},"quantity":1,"terms":{"priceEach":40,"taxEach":{"amount":0},"discountEach":{"amount":0},"pvEach":19},"quantityLimit":{"quantityQuota":-1,"timeFrameDays":-1,"quantityOrdered":0}}]},"currency":"USD"},{"lines":{"items":[{"item":{"href":"https://hydraqa.unicity.net/v5a-test/items/5a38f009bec6c23b1b3a70432f9722e5","id":{"unicity":"19596"}},"quantity":1,"terms":{"priceEach":63,"taxEach":{"amount":0},"discountEach":{"amount":0},"pvEach":30},"quantityLimit":{"quantityQuota":-1,"timeFrameDays":-1,"quantityOrdered":0}}]},"currency":"USD"},{"lines":{"items":[{"item":{"href":"https://hydraqa.unicity.net/v5a-test/items/398d06b858b960f6f38086d40608aef2","id":{"unicity":"26560"}},"quantity":1,"terms":{"priceEach":21,"taxEach":{"amount":0},"discountEach":{"amount":0},"pvEach":12},"quantityLimit":{"quantityQuota":-1,"timeFrameDays":-1,"quantityOrdered":0}}]},"currency":"USD"},{"lines":{"items":[{"item":{"href":"https://hydraqa.unicity.net/v5a-test/items/3f2d12d7a0e8551fc99fad3bbe1ba633","id":{"unicity":"26567"}},"quantity":1,"terms":{"priceEach":70,"taxEach":{"amount":0},"discountEach":{"amount":0},"pvEach":35},"quantityLimit":{"quantityQuota":-1,"timeFrameDays":-1,"quantityOrdered":0}}]},"currency":"USD"},{"lines":{"items":[{"item":{"href":"https://hydraqa.unicity.net/v5a-test/items/191637167cb3144bd2e8c4615e9ab67e","id":{"unicity":"26568"}},"quantity":1,"terms":{"priceEach":70,"taxEach":{"amount":0},"discountEach":{"amount":0},"pvEach":35},"quantityLimit":{"quantityQuota":-1,"timeFrameDays":-1,"quantityOrdered":0}}]},"currency":"USD"},{"lines":{"items":[{"item":{"href":"https://hydraqa.unicity.net/v5a-test/items/112b8c39286598b3730f630f371a45f4","id":{"unicity":"27587"}},"quantity":1,"terms":{"priceEach":71,"taxEach":{"amount":0},"discountEach":{"amount":0},"pvEach":33},"quantityLimit":{"quantityQuota":-1,"timeFrameDays":-1,"quantityOrdered":0}}]},"currency":"USD"},{"lines":{"items":[{"item":{"href":"https://hydraqa.unicity.net/v5a-test/items/25eaf64b36ce31368f17ae789fd9ac5b","id":{"unicity":"29694"}},"quantity":1,"terms":{"priceEach":69,"taxEach":{"amount":0},"discountEach":{"amount":0},"pvEach":33},"quantityLimit":{"quantityQuota":-1,"timeFrameDays":-1,"quantityOrdered":0}}]},"currency":"USD"},{"lines":{"items":[{"item":{"href":"https://hydraqa.unicity.net/v5a-test/items/634f7efb30392b2a919de1355902d975","id":{"unicity":"29408"}},"quantity":1,"terms":{"priceEach":99,"taxEach":{"amount":0},"discountEach":{"amount":0},"pvEach":52},"quantityLimit":{"quantityQuota":-1,"timeFrameDays":-1,"quantityOrdered":0}}]},"currency":"USD"},{"lines":{"items":[{"item":{"href":"https://hydraqa.unicity.net/v5a-test/items/bb5c627f16547cb4f706cef521bca356","id":{"unicity":"29437"}},"quantity":1,"terms":{"priceEach":78,"taxEach":{"amount":0},"discountEach":{"amount":0},"pvEach":36},"quantityLimit":{"quantityQuota":-1,"timeFrameDays":-1,"quantityOrdered":0}}]},"currency":"USD"},{"lines":{"items":[{"item":{"href":"https://hydraqa.unicity.net/v5a-test/items/24ff5bda40c0d0e7eaa511866d052915","id":{"unicity":"29612"}},"quantity":1,"terms":{"priceEach":61,"taxEach":{"amount":0},"discountEach":{"amount":0},"pvEach":30},"quantityLimit":{"quantityQuota":-1,"timeFrameDays":-1,"quantityOrdered":0}}]},"currency":"USD"},{"lines":{"items":[{"item":{"href":"https://hydraqa.unicity.net/v5a-test/items/024e696f8b44a1d315006e676604cd31","id":{"unicity":"27395"}},"quantity":1,"terms":{"priceEach":32,"taxEach":{"amount":0},"discountEach":{"amount":0},"pvEach":16},"quantityLimit":{"quantityQuota":-1,"timeFrameDays":-1,"quantityOrdered":0}}]},"currency":"USD"},{"lines":{"items":[{"item":{"href":"https://hydraqa.unicity.net/v5a-test/items/05ca08f3808f126c0cc42154c50fc75c","id":{"unicity":"29440"}},"quantity":1,"terms":{"priceEach":138,"taxEach":{"amount":0},"discountEach":{"amount":0},"pvEach":90},"quantityLimit":{"quantityQuota":-1,"timeFrameDays":-1,"quantityOrdered":0}}]},"currency":"USD"},{"lines":{"items":[{"item":{"href":"https://hydraqa.unicity.net/v5a-test/items/764e2db430d361da99e8f6b70c4d0244","id":{"unicity":"29830"}},"quantity":1,"terms":{"priceEach":20,"taxEach":{"amount":0},"discountEach":{"amount":0},"pvEach":7},"quantityLimit":{"quantityQuota":-1,"timeFrameDays":-1,"quantityOrdered":0}}]},"currency":"USD"},{"lines":{"items":[{"item":{"href":"https://hydraqa.unicity.net/v5a-test/items/b91affa753dd5ee8a9acef4fa7e2c9a7","id":{"unicity":"30414"}},"quantity":1,"terms":{"priceEach":110,"taxEach":{"amount":0},"discountEach":{"amount":0},"pvEach":65},"quantityLimit":{"quantityQuota":-1,"timeFrameDays":-1,"quantityOrdered":0}}]},"currency":"USD"},{"lines":{"items":[{"item":{"href":"https://hydraqa.unicity.net/v5a-test/items/2835b1a78e379486f0ffbfd5fb9f6b0a","id":{"unicity":"30400"}},"quantity":1,"terms":{"priceEach":49,"taxEach":{"amount":0},"discountEach":{"amount":0},"pvEach":28},"quantityLimit":{"quantityQuota":-1,"timeFrameDays":-1,"quantityOrdered":0}}]},"currency":"USD"},{"lines":{"items":[{"item":{"href":"https://hydraqa.unicity.net/v5a-test/items/00c2eb70c985722ce208490aece00945","id":{"unicity":"31729"}},"quantity":1,"terms":{"priceEach":170,"taxEach":{"amount":0},"discountEach":{"amount":0},"pvEach":100},"quantityLimit":{"quantityQuota":-1,"timeFrameDays":-1,"quantityOrdered":0}}]},"currency":"USD"},{"lines":{"items":[{"item":{"href":"https://hydraqa.unicity.net/v5a-test/items/693a7c4a70b06a00471afe8d6cae5023","id":{"unicity":"31730"}},"quantity":1,"terms":{"priceEach":150,"taxEach":{"amount":0},"discountEach":{"amount":0},"pvEach":80},"quantityLimit":{"quantityQuota":-1,"timeFrameDays":-1,"quantityOrdered":0}}]},"currency":"USD"},{"lines":{"items":[{"item":{"href":"https://hydraqa.unicity.net/v5a-test/items/ccb242d74dcb1fe621cc7bfe1b1de315","id":{"unicity":"31731"}},"quantity":1,"terms":{"priceEach":112,"taxEach":{"amount":0},"discountEach":{"amount":0},"pvEach":60},"quantityLimit":{"quantityQuota":-1,"timeFrameDays":-1,"quantityOrdered":0}}]},"currency":"USD"},{"lines":{"items":[{"item":{"href":"https://hydraqa.unicity.net/v5a-test/items/3875e24e6b6ebdf36c79d205614ed51e","id":{"unicity":"31846"}},"quantity":1,"terms":{"priceEach":160,"taxEach":{"amount":0},"discountEach":{"amount":0},"pvEach":94},"quantityLimit":{"quantityQuota":-1,"timeFrameDays":-1,"quantityOrdered":0}}]},"currency":"USD"},{"lines":{"items":[{"item":{"href":"https://hydraqa.unicity.net/v5a-test/items/89b6d29a85a88d44d65bc8cca3fefc65","id":{"unicity":"31845"}},"quantity":1,"terms":{"priceEach":170,"taxEach":{"amount":0},"discountEach":{"amount":0},"pvEach":100},"quantityLimit":{"quantityQuota":-1,"timeFrameDays":-1,"quantityOrdered":0}}]},"currency":"USD"},{"lines":{"items":[{"item":{"href":"https://hydraqa.unicity.net/v5a-test/items/65f231539924a2fa376afdb39f1f06d6","id":{"unicity":"31848"}},"quantity":1,"terms":{"priceEach":112,"taxEach":{"amount":0},"discountEach":{"amount":0},"pvEach":60},"quantityLimit":{"quantityQuota":-1,"timeFrameDays":-1,"quantityOrdered":0}}]},"currency":"USD"},{"lines":{"items":[{"item":{"href":"https://hydraqa.unicity.net/v5a-test/items/fbb319232b7eed110794d46a68302acb","id":{"unicity":"31847"}},"quantity":1,"terms":{"priceEach":150,"taxEach":{"amount":0},"discountEach":{"amount":0},"pvEach":80},"quantityLimit":{"quantityQuota":-1,"timeFrameDays":-1,"quantityOrdered":0}}]},"currency":"USD"},{"lines":{"items":[{"item":{"href":"https://hydraqa.unicity.net/v5a-test/items/cf8460040a1860bcabf250b6c1171675","id":{"unicity":"31858"}},"quantity":1,"terms":{"priceEach":330,"taxEach":{"amount":0},"discountEach":{"amount":0},"pvEach":195},"quantityLimit":{"quantityQuota":-1,"timeFrameDays":-1,"quantityOrdered":0}}]},"currency":"USD"},{"lines":{"items":[{"item":{"href":"https://hydraqa.unicity.net/v5a-test/items/2de8516a24af8232add0bb392e750a71","id":{"unicity":"31859"}},"quantity":1,"terms":{"priceEach":225,"taxEach":{"amount":0},"discountEach":{"amount":0},"pvEach":130},"quantityLimit":{"quantityQuota":-1,"timeFrameDays":-1,"quantityOrdered":0}}]},"currency":"USD"},{"lines":{"items":[{"item":{"href":"https://hydraqa.unicity.net/v5a-test/items/fd464cd7972cc1317e850b9196d886b8","id":{"unicity":"31863"}},"quantity":1,"terms":{"priceEach":255,"taxEach":{"amount":0},"discountEach":{"amount":0},"pvEach":148},"quantityLimit":{"quantityQuota":-1,"timeFrameDays":-1,"quantityOrdered":0}}]},"currency":"USD"},{"lines":{"items":[{"item":{"href":"https://hydraqa.unicity.net/v5a-test/items/e47fd287212acedd1cffb2b67bf623bd","id":{"unicity":"31862"}},"quantity":1,"terms":{"priceEach":255,"taxEach":{"amount":0},"discountEach":{"amount":0},"pvEach":148},"quantityLimit":{"quantityQuota":-1,"timeFrameDays":-1,"quantityOrdered":0}}]},"currency":"USD"},{"lines":{"items":[{"item":{"href":"https://hydraqa.unicity.net/v5a-test/items/d4c8fce238d6fc34d17a4b36d1e4e59a","id":{"unicity":"31860"}},"quantity":1,"terms":{"priceEach":245,"taxEach":{"amount":0},"discountEach":{"amount":0},"pvEach":135},"quantityLimit":{"quantityQuota":-1,"timeFrameDays":-1,"quantityOrdered":0}}]},"currency":"USD"},{"lines":{"items":[{"item":{"href":"https://hydraqa.unicity.net/v5a-test/items/4ab49eca1731e69206ccafb5112ad5a4","id":{"unicity":"31861"}},"quantity":1,"terms":{"priceEach":245,"taxEach":{"amount":0},"discountEach":{"amount":0},"pvEach":135},"quantityLimit":{"quantityQuota":-1,"timeFrameDays":-1,"quantityOrdered":0}}]},"currency":"USD"},{"lines":{"items":[{"item":{"href":"https://hydraqa.unicity.net/v5a-test/items/077823d29445b9020de9931f10c63efd","id":{"unicity":"31958"}},"quantity":1,"terms":{"priceEach":160,"taxEach":{"amount":0},"discountEach":{"amount":0},"pvEach":85},"quantityLimit":{"quantityQuota":-1,"timeFrameDays":-1,"quantityOrdered":0}}]},"currency":"USD"},{"lines":{"items":[{"item":{"href":"https://hydraqa.unicity.net/v5a-test/items/bfddb53fe0d5ed5432c531dc9850cbe4","id":{"unicity":"29449"}},"quantity":1,"terms":{"priceEach":43,"taxEach":{"amount":0},"discountEach":{"amount":0},"pvEach":25},"quantityLimit":{"quantityQuota":-1,"timeFrameDays":-1,"quantityOrdered":0}}]},"currency":"USD"},{"lines":{"items":[{"item":{"href":"https://hydraqa.unicity.net/v5a-test/items/50747027a065cb8361c1f0d6eb880466","id":{"unicity":"32030"}},"quantity":1,"terms":{"priceEach":179,"taxEach":{"amount":0},"discountEach":{"amount":0},"pvEach":102},"quantityLimit":{"quantityQuota":-1,"timeFrameDays":-1,"quantityOrdered":0}}]},"currency":"USD"},{"lines":{"items":[{"item":{"href":"https://hydraqa.unicity.net/v5a-test/items/c201dcd36f4bb7e17e7a8481ef08d6f2","id":{"unicity":"31518"}},"quantity":1,"terms":{"priceEach":38,"taxEach":{"amount":0},"discountEach":{"amount":0},"pvEach":14},"quantityLimit":{"quantityQuota":-1,"timeFrameDays":-1,"quantityOrdered":0}}]},"currency":"USD"},{"lines":{"items":[{"item":{"href":"https://hydraqa.unicity.net/v5a-test/items/c674cdded8a54983aae3c5dcb32c9e38","id":{"unicity":"32628"}},"quantity":1,"terms":{"priceEach":89,"taxEach":{"amount":0},"discountEach":{"amount":0},"pvEach":50},"quantityLimit":{"quantityQuota":-1,"timeFrameDays":-1,"quantityOrdered":0}}]},"currency":"USD"},{"lines":{"items":[{"item":{"href":"https://hydraqa.unicity.net/v5a-test/items/e30d5100db17be47578745dce83039e6","id":{"unicity":"32838"}},"quantity":1,"terms":{"priceEach":14.95,"taxEach":{"amount":0},"discountEach":{"amount":0},"pvEach":0},"quantityLimit":{"quantityQuota":-1,"timeFrameDays":-1,"quantityOrdered":0}}]},"currency":"USD"}]}
Entry request : {"order":{"customer":{"href":"https://hydraqa.unicity.net/v5a-test/customers?type=PreferredCustomer"},"shipToAddress":{"country":"US","state":"PR"}},"vary":{"lines":{"items":[{"item":{"href":"https://hydraqa.unicity.net/v5a-test/items?id.unicity=26580|31441|27801|22747|26550|26554|26557|26561|26562|27739|24418|27585|25008|26442|26555|18908|26552|27653|27212|27218|26983|27210|18401|25803|27029|27208|19596|26945|26560|26567|26568|27587|29694|29408|29437|29612|27395|29440|29830|30414|30400|31729|31730|31731|31846|31845|31848|31847|31858|31859|31863|31862|31860|31861|31958|29449|32030|31518|32015|32628|32838"}}]}}}
Request URL: https://hydraqa.unicity.net/v5a-test/customers.js?callback=angular.callbacks._1&expand=customer,profilePicture&id.unicity=2
Request URL: https://hydraqa.unicity.net/v5a-test/customers.js?_httpMethod=HEAD&callback=angular.callbacks._4&email=XXHMNB@gmail.com
Request URL: https://hydraqa.unicity.net/v5a-test/addresses?country=PR&zip=00907
Entry response : {"items":[{"city":"San Juan","state":"San Juan"}]}
{sponsor=2, gender=female, city=SAN JUAN, cartprice=179.0, enroller=2, arpack=Prime Health Pack - Cholesterol, Energy, Vanilla, language=Español, locale=es, type=PreferredCustomer, platform=QA, lname=TestLastName, password=Unicity, genderoption=Femenino, Currency=USD, api=4, state=[San Juan], email=XXHMNB@gmail.com, zip=00907, fname=TestFirstName, prefferd=Puerto Rico, address2=Address 2, address1=Address 1, shippingmethod=type=Economy, version=v5a-test/, testcase=normal, market=Puerto Rico, aritemcode=26580, referral=yes, martial=Single, phone=9823746323, proto=https://hydraqa.unicity.net/, marketcode=PR, maritaloption=Soltero, ccname=CCNameTest}
Request URL: https://hydraqa.unicity.net/v5a-test/orders.js
Entry request : {"customer":{"mainAddress":{"city":"SAN JUAN","country":"US","state":"PR","zip":"00907","address1":"Address 1","address2":"Address 2"},"humanName":{"firstName":"TestFirstName","lastName":"TestLastName"},"email":"XXHMNB@gmail.com","preferredLocale":"es-PR","password":{"value":"Unicity"},"gender":"female","maritalStatus":"Single","type":"PreferredCustomer","creditcardaliases":[{"methodDetails":{"creditCardNumber":"4111111111111111","payer":"TestFirstName TestLastName","creditCardExpires":"2020-10"},"billToName":{"firstName":"TestFirstName","lastName":"TestLastName"},"billToAddress":{"address1":"Address 1","address2":"Address 2","city":"SAN JUAN","state":"PR","zip":"00907","country":"US"}}],"sponsor":{"href":"https://hydraqa.unicity.net/v5a-test/customers?id.unicity=2"},"enroller":{"href":"https://hydraqa.unicity.net/v5a-test/customers?id.unicity=2"},"homePhone":"9823746323","autoorders":{"items":[{"recurrence":{"schedule":{"month":"*","dayOfMonth":"15"},"status":"Enabled"},"lines":{"items":[{"item":{"href":"https://hydraqa.unicity.net/v5a-test/items?id.unicity=26580"},"quantity":1}]},"shipToName":{"firstName":"TestFirstName","lastName":"TestLastName"},"shipToPhone":"9823746323","shipToEmail":"XXHMNB@gmail.com","shipToAddress":{"city":"SAN JUAN","country":"US","state":"PR","address1":"Address 1","address2":"Address 2","zip":"00907"},"shippingMethod":{"href":"https://hydraqa.unicity.net/v5a-test/shippingmethods?type=Economy"},"transactions":{"items":[{"amount":"this.terms.total","type":"AuthorizeAndCapture","method":"CreditCardAlias","methodDetails":{"alias":"this.customer.creditcardaliases[0].alias"}}]}}]},"rights":[]},"lines":{"items":[{"item":{"href":"https://hydraqa.unicity.net/v5a-test/items?id.unicity=32030"},"quantity":1}]},"shipToName":{"firstName":"TestFirstName","lastName":"TestLastName"},"shipToPhone":"9823746323","shipToEmail":"XXHMNB@gmail.com","shipToAddress":{"city":"SAN JUAN","country":"US","state":"PR","address1":"Address 1","address2":"Address 2","zip":"00907"},"shippingMethod":{"href":"https://hydraqa.unicity.net/v5a-test/shippingmethods?type=Economy"},"notes":"","transactions":{"items":[{"amount":"this.terms.total","type":"AuthorizeAndCapture","method":"CreditCard","methodDetails":{"creditCardNumber":"4111111111111111","payer":"CCNameTest","creditCardExpires":"2020-10","creditCardSecurityCode":"123"},"billToAddress":{"address1":"Address 1","address2":"Address 2","city":"SAN JUAN","state":"PR","zip":"00907","country":"US"}},{"type":"AuthorizeAndCapture","method":"Coupon","methodDetails":{"code":"Fre3Aut0Sh!p"}}]}}
Entry response : {"meta":{"Link":"<http:\/\/unicity.github.io\/Hydra.php\/docs\/v5\/>; rel=\"help\"","X-Request-UUID":"bf9e568e-7624-9957-8f72-82370e8aa5e5","X-Request-Release":"5-2020100902\/master","Cache-Control":"no-cache, must-revalidate","Expires":"0","X-Powered-By":"Luracast Restler v3.0.0rc5","Content-Type":"text\/javascript; charset=utf-8","Content-Language":"en","X-Status-Code":"201"},"data":{"market":"US","notes":"","shippingMethod":{"type":"Economy","href":"https:\/\/hydraqa.unicity.net\/v5a-test\/shippingmethods?type=Economy","location":""},"shipToAddress":{"country":"US","state":"PR","city":"SAN JUAN","zip":"00907","address1":"Address 1","address2":"Address 2"},"shipToEmail":"XXHMNB@gmail.com","shipToName":{"firstName":"TestFirstName","lastName":"TestLastName"},"shipToPhone":"9823746323","shipToTime":null,"source":null,"type":null,"lines":{"items":[{"quantity":1,"item":{"href":"https:\/\/hydraqa.unicity.net\/v5a-test\/items?id.unicity=32030","id":{"unicity":"32030"},"weightEach":{"value":0,"unit":"lbs"},"dimensionsEach":{"width":0,"height":0,"depth":0,"unit":"in"},"taxedAs":"goods"},"quantityLimit":{"quantityQuota":-1,"timeFrameDays":-1,"quantityOrdered":0},"terms":{"subtotal":null,"priceEach":179,"pvEach":102,"cvEach":102,"taxablePriceEach":179,"tax":{"categoryDescription":null,"aggregate":{"items":[{"jurisdiction":{"address2":"PUERTO RICO"},"type":"Territory","amount":0,"percentage":0},{"jurisdiction":{"county":"SAN JUAN"},"type":"County","amount":0,"percentage":0}],"amount":0}},"pv":102,"price":179},"catalogSlide":{"content":{"description":"Pack U365 Bal Matcha US\/PR"}},"kitChildren":[{"item":{"id":{"unicity":"26550"},"weightEach":{"value":1.36,"unit":"lbs"},"dimensionsEach":{"width":4.833,"height":4.125,"depth":8.369,"unit":"in"},"taxedAs":"goods"},"quantity":1,"terms":{"subtotal":null,"priceEach":94,"pvEach":52,"cvEach":52,"taxablePriceEach":94,"tax":{"categoryDescription":"TG75","aggregate":{"items":[{"jurisdiction":{"address2":"PUERTO RICO"},"type":"Territory","amount":9.87,"percentage":10.5},{"jurisdiction":{"county":"SAN JUAN"},"type":"County","amount":0.94,"percentage":1}],"amount":10.81}}},"catalogSlide":{"content":{"description":"Balance Cholesterol 60"}}},{"item":{"id":{"unicity":"26552"},"weightEach":{"value":0.8,"unit":"lbs"},"dimensionsEach":{"width":6.5,"height":4.25,"depth":3,"unit":"in"},"taxedAs":"goods"},"quantity":1,"terms":{"subtotal":null,"priceEach":85,"pvEach":50,"cvEach":50,"taxablePriceEach":85,"tax":{"categoryDescription":"TG240","aggregate":{"items":[{"jurisdiction":{"address2":"PUERTO RICO"},"type":"Territory","amount":8.93,"percentage":10.5},{"jurisdiction":{"county":"SAN JUAN"},"type":"County","amount":0.85,"percentage":1}],"amount":9.78}}},"catalogSlide":{"content":{"description":"Matcha Energy 30"}}}]}],"aggregate":{"weight":{"unit":"lbs","value":2.16}}},"transactions":{"items":[{"amount":199.59,"billToAddress":{"address1":"Address 1","address2":"Address 2","city":"SAN JUAN","state":"PR","zip":"00907","country":"US"},"billToEmail":null,"billToName":null,"billToPhone":null,"installments":null,"method":"CreditCard","methodDetails":{"creditCardExpires":"2020-10","payer":"CCNameTest","payerId":null,"creditCardNumberMasked":"411111xxxxxx1111","creditCardNetwork":"visa"},"type":"AuthorizeAndCapture","index":1,"authorization":"40055348710","id":{"teller":277989}}],"aggregate":{"amount":199.59}},"terms":{"subtotal":179,"discount":{"amount":0},"freight":{"amount":0,"terms":{"tax":{"aggregate":{"items":[{"jurisdiction":{"address2":"PUERTO RICO"},"type":"Territory","amount":0,"percentage":0},{"jurisdiction":{"county":"SAN JUAN"},"type":"County","amount":0,"percentage":0}],"amount":0}}}},"pretotal":199.59,"pv":102,"tax":{"amount":20.59},"taxableTotal":179,"timbre":{"amount":0},"total":199.59,"weight":2.16},"dateCreated":"2020-10-13T11:32:07-06:00","currency":"USD","giftReceipt":false,"customer":{"humanName":{"firstName":"TestFirstName","lastName":"TestLastName"},"mainAddress":{"city":"SAN JUAN","country":"US","state":"PR","zip":"00907","address1":"Address 1","address2":"Address 2"},"type":"PreferredCustomer","email":"XXHMNB@gmail.com","gender":"female","password":{"value":"Unicity"},"enroller":{"href":"https:\/\/hydraqa.unicity.net\/v5a-test\/customers\/f0cbfab7062ed827a4e700264e473f1d","id":{"unicity":"2"},"email":"danw@infotraxsys.com","humanName":{"fullName":"Referral Program"}},"sponsor":{"href":"https:\/\/hydraqa.unicity.net\/v5a-test\/customers\/f0cbfab7062ed827a4e700264e473f1d","id":{"unicity":"2"},"email":"danw@infotraxsys.com"},"homePhone":"9823746323","preferredLocale":"es-PR","maritalStatus":"Single","autoorders":{"items":[{"id":{"unicity":105784},"transactions":{"items":[]}}]},"rights":[],"status":"Active","id":{"unicity":"208564901"},"token":"44a23a1d-fc84-47bf-b30a-0cf61cad781c","href":"https:\/\/hydraqa.unicity.net\/v5a-test\/customers\/f3fca0833f9bbf2b65b20700c6fd4ad3086ca47ba3c7a8b1c33d2254ced11c7b"},"_isInitialOrder":true,"added_lines":{"items":[],"aggregate":{"weight":{"unit":"lbs","value":0}}},"seller":{"href":"https:\/\/hydraqa.unicity.net\/v5a-test\/sellers\/e7c10d4e70b0c857a99c16576ade8003","id":{"unicity":"5"}},"added_transactions":{"items":[]},"id":{"unicity":"01-52729303"},"href":"https:\/\/hydraqa.unicity.net\/v5a-test\/orders\/8a5ab8497ad0976d93b596970066dc4b87047d1d9da1b2f04d0e8513e605a243"}}
Headers-->keep-alive
Headers-->2574
Headers-->application/json, text/plain, */*
Headers-->es-PR
Headers-->application/json;charset=UTF-8
]]></system-out>
    <system-err><![CDATA[Starting ChromeDriver 2.36.540470 (e522d04694c7ebea4ba8821272dbef4f9b818c91) on port 19104
Only local connections are allowed.
Oct 13, 2020 11:29:22 AM org.openqa.selenium.remote.ProtocolHandshake createSession
INFO: Detected dialect: OSS
]]></system-err>
  </testcase>
  <testcase name="Enroll" classname="Tests.PrefferedCustomer" time="253.244">
    <failure message="Major market is missing expected [Ukraine] but found [Turkey]" type="java.lang.AssertionError">java.lang.AssertionError: Major market is missing expected [Ukraine] but found [Turkey]
	at Tests.PrefferedCustomer.Enroll(PrefferedCustomer.java:104)
</failure>
    <system-out><![CDATA[Request URL: https://hydraqa.unicity.net/v5a-test/quotes?&expand=item
Entry Quotes response : {"items":[{"lines":{"items":[{"item":{"href":"https://hydraqa.unicity.net/v5a-test/items/051e765a5a71835a859c2757edd359f0","id":{"unicity":"26580"}},"quantity":1,"terms":{"priceEach":225,"taxEach":{"amount":0},"discountEach":{"amount":0},"pvEach":130},"quantityLimit":{"quantityQuota":-1,"timeFrameDays":-1,"quantityOrdered":0}}]},"currency":"USD"},{"lines":{"items":[{"item":{"href":"https://hydraqa.unicity.net/v5a-test/items/38da42f991a40a00153b2e5055b82dbf","id":{"unicity":"27801"}},"quantity":1,"terms":{"priceEach":225,"taxEach":{"amount":0},"discountEach":{"amount":0},"pvEach":130},"quantityLimit":{"quantityQuota":-1,"timeFrameDays":-1,"quantityOrdered":0}}]},"currency":"USD"},{"lines":{"items":[{"item":{"href":"https://hydraqa.unicity.net/v5a-test/items/9ff4257741d464b686d15be955b8afb6","id":{"unicity":"0963"}},"quantity":1,"terms":{"priceEach":54,"taxEach":{"amount":0},"discountEach":{"amount":0},"pvEach":25},"quantityLimit":{"quantityQuota":-1,"timeFrameDays":-1,"quantityOrdered":0}}]},"currency":"USD"},{"lines":{"items":[{"item":{"href":"https://hydraqa.unicity.net/v5a-test/items/716b7a0bca7fa73e42e000d668e7ee65","id":{"unicity":"15129"}},"quantity":1,"terms":{"priceEach":29,"taxEach":{"amount":0},"discountEach":{"amount":0},"pvEach":10},"quantityLimit":{"quantityQuota":-1,"timeFrameDays":-1,"quantityOrdered":0}}]},"currency":"USD"},{"lines":{"items":[{"item":{"href":"https://hydraqa.unicity.net/v5a-test/items/390a7ae70d5669561ecdf7d5cff2671b","id":{"unicity":"15271"}},"quantity":1,"terms":{"priceEach":89,"taxEach":{"amount":0},"discountEach":{"amount":0},"pvEach":27},"quantityLimit":{"quantityQuota":-1,"timeFrameDays":-1,"quantityOrdered":0}}]},"currency":"USD"},{"lines":{"items":[{"item":{"href":"https://hydraqa.unicity.net/v5a-test/items/4b2034f47fce90b87bba28c5c2d7c25d","id":{"unicity":"15880"}},"quantity":1,"terms":{"priceEach":76,"taxEach":{"amount":0},"discountEach":{"amount":0},"pvEach":41},"quantityLimit":{"quantityQuota":-1,"timeFrameDays":-1,"quantityOrdered":0}}]},"currency":"USD"},{"lines":{"items":[{"item":{"href":"https://hydraqa.unicity.net/v5a-test/items/2c4c1abe00983e85aaa918d2ce341491","id":{"unicity":"17174"}},"quantity":1,"terms":{"priceEach":22,"taxEach":{"amount":0},"discountEach":{"amount":0},"pvEach":10},"quantityLimit":{"quantityQuota":-1,"timeFrameDays":-1,"quantityOrdered":0}}]},"currency":"USD"},{"lines":{"items":[{"item":{"href":"https://hydraqa.unicity.net/v5a-test/items/cea826eab72d44641c070aab6c97c1ac","id":{"unicity":"22747"}},"quantity":1,"terms":{"priceEach":35,"taxEach":{"amount":0},"discountEach":{"amount":0},"pvEach":16},"quantityLimit":{"quantityQuota":-1,"timeFrameDays":-1,"quantityOrdered":0}}]},"currency":"USD"},{"lines":{"items":[{"item":{"href":"https://hydraqa.unicity.net/v5a-test/items/5c2f1613082782e691d32fe9ce034026","id":{"unicity":"23728"}},"quantity":1,"terms":{"priceEach":34,"taxEach":{"amount":0},"discountEach":{"amount":0},"pvEach":13},"quantityLimit":{"quantityQuota":-1,"timeFrameDays":-1,"quantityOrdered":0}}]},"currency":"USD"},{"lines":{"items":[{"item":{"href":"https://hydraqa.unicity.net/v5a-test/items/64ec7ad932acafab052a4e8800ad1238","id":{"unicity":"24758"}},"quantity":1,"terms":{"priceEach":40,"taxEach":{"amount":0},"discountEach":{"amount":0},"pvEach":21},"quantityLimit":{"quantityQuota":-1,"timeFrameDays":-1,"quantityOrdered":0}}]},"currency":"USD"},{"lines":{"items":[{"item":{"href":"https://hydraqa.unicity.net/v5a-test/items/9a7715e888c94989d898fe4653645721","id":{"unicity":"26550"}},"quantity":1,"terms":{"priceEach":99,"taxEach":{"amount":0},"discountEach":{"amount":0},"pvEach":52},"quantityLimit":{"quantityQuota":-1,"timeFrameDays":-1,"quantityOrdered":0}}]},"currency":"USD"},{"lines":{"items":[{"item":{"href":"https://hydraqa.unicity.net/v5a-test/items/3af97c67f653253825a9189a27da57d6","id":{"unicity":"26556"}},"quantity":1,"terms":{"priceEach":101,"taxEach":{"amount":0},"discountEach":{"amount":0},"pvEach":61},"quantityLimit":{"quantityQuota":-1,"timeFrameDays":-1,"quantityOrdered":0}}]},"currency":"USD"},{"lines":{"items":[{"item":{"href":"https://hydraqa.unicity.net/v5a-test/items/0cf62d38e91953b43dcfe88b06f813cb","id":{"unicity":"26557"}},"quantity":1,"terms":{"priceEach":101,"taxEach":{"amount":0},"discountEach":{"amount":0},"pvEach":61},"quantityLimit":{"quantityQuota":-1,"timeFrameDays":-1,"quantityOrdered":0}}]},"currency":"USD"},{"lines":{"items":[{"item":{"href":"https://hydraqa.unicity.net/v5a-test/items/398d06b858b960f6f38086d40608aef2","id":{"unicity":"26560"}},"quantity":1,"terms":{"priceEach":21,"taxEach":{"amount":0},"discountEach":{"amount":0},"pvEach":12},"quantityLimit":{"quantityQuota":-1,"timeFrameDays":-1,"quantityOrdered":0}}]},"currency":"USD"},{"lines":{"items":[{"item":{"href":"https://hydraqa.unicity.net/v5a-test/items/cda534d686af5d627c94c4bb2c4b57d8","id":{"unicity":"26561"}},"quantity":1,"terms":{"priceEach":21,"taxEach":{"amount":0},"discountEach":{"amount":0},"pvEach":11},"quantityLimit":{"quantityQuota":-1,"timeFrameDays":-1,"quantityOrdered":0}}]},"currency":"USD"},{"lines":{"items":[{"item":{"href":"https://hydraqa.unicity.net/v5a-test/items/0a3ede185ddf034630afd891c5106d33","id":{"unicity":"26562"}},"quantity":1,"terms":{"priceEach":43,"taxEach":{"amount":0},"discountEach":{"amount":0},"pvEach":25},"quantityLimit":{"quantityQuota":-1,"timeFrameDays":-1,"quantityOrdered":0}}]},"currency":"USD"},{"lines":{"items":[{"item":{"href":"https://hydraqa.unicity.net/v5a-test/items/16ca68abaaa92505c257be022a154769","id":{"unicity":"27615"}},"quantity":1,"terms":{"priceEach":37,"taxEach":{"amount":0},"discountEach":{"amount":0},"pvEach":21},"quantityLimit":{"quantityQuota":-1,"timeFrameDays":-1,"quantityOrdered":0}}]},"currency":"USD"},{"lines":{"items":[{"item":{"href":"https://hydraqa.unicity.net/v5a-test/items/1bd53de7fe880ba71f46c9976ca2c137","id":{"unicity":"27739"}},"quantity":1,"terms":{"priceEach":43,"taxEach":{"amount":0},"discountEach":{"amount":0},"pvEach":13},"quantityLimit":{"quantityQuota":-1,"timeFrameDays":-1,"quantityOrdered":0}}]},"currency":"USD"},{"lines":{"items":[{"item":{"href":"https://hydraqa.unicity.net/v5a-test/items/1945faa1776541d53120ecfe3c1d8a2b","id":{"unicity":"24418"}},"quantity":1,"terms":{"priceEach":7,"taxEach":{"amount":0},"discountEach":{"amount":0},"pvEach":0},"quantityLimit":{"quantityQuota":-1,"timeFrameDays":-1,"quantityOrdered":0}}]},"currency":"USD"},{"lines":{"items":[{"item":{"href":"https://hydraqa.unicity.net/v5a-test/items/9a6e1d094182389c3da8e0a320ff0e00","id":{"unicity":"27585"}},"quantity":1,"terms":{"priceEach":69,"taxEach":{"amount":0},"discountEach":{"amount":0},"pvEach":33},"quantityLimit":{"quantityQuota":-1,"timeFrameDays":-1,"quantityOrdered":0}}]},"currency":"USD"},{"lines":{"items":[{"item":{"href":"https://hydraqa.unicity.net/v5a-test/items/b127a2d34d3d73e2f53e4c2002a7a4a2","id":{"unicity":"25008"}},"quantity":1,"terms":{"priceEach":24,"taxEach":{"amount":0},"discountEach":{"amount":0},"pvEach":15},"quantityLimit":{"quantityQuota":-1,"timeFrameDays":-1,"quantityOrdered":0}}]},"currency":"USD"},{"lines":{"items":[{"item":{"href":"https://hydraqa.unicity.net/v5a-test/items/10da226fab00279b4f89df10af2a10b7","id":{"unicity":"26442"}},"quantity":1,"terms":{"priceEach":8,"taxEach":{"amount":0},"discountEach":{"amount":0},"pvEach":0},"quantityLimit":{"quantityQuota":-1,"timeFrameDays":-1,"quantityOrdered":0}}]},"currency":"USD"},{"lines":{"items":[{"item":{"href":"https://hydraqa.unicity.net/v5a-test/items/933f0856fd8ec1df83c5283dabf4ec3c","id":{"unicity":"6200"}},"quantity":1,"terms":{"priceEach":88,"taxEach":{"amount":0},"discountEach":{"amount":0},"pvEach":47},"quantityLimit":{"quantityQuota":-1,"timeFrameDays":-1,"quantityOrdered":0}}]},"currency":"USD"},{"lines":{"items":[{"item":{"href":"https://hydraqa.unicity.net/v5a-test/items/8d994059c399f5551ab112574e4476fc","id":{"unicity":"24785"}},"quantity":1,"terms":{"priceEach":18,"taxEach":{"amount":0},"discountEach":{"amount":0},"pvEach":9},"quantityLimit":{"quantityQuota":-1,"timeFrameDays":-1,"quantityOrdered":0}}]},"currency":"USD"},{"lines":{"items":[{"item":{"href":"https://hydraqa.unicity.net/v5a-test/items/aa0d72ac13b1ce88cf8c4a52ede75a37","id":{"unicity":"26552"}},"quantity":1,"terms":{"priceEach":89,"taxEach":{"amount":0},"discountEach":{"amount":0},"pvEach":50},"quantityLimit":{"quantityQuota":-1,"timeFrameDays":-1,"quantityOrdered":0}}]},"currency":"USD"},{"lines":{"items":[{"item":{"href":"https://hydraqa.unicity.net/v5a-test/items/8b5ed9aa6c6132e1be5e446f69a3465e","id":{"unicity":"0954"}},"quantity":1,"terms":{"priceEach":27,"taxEach":{"amount":0},"discountEach":{"amount":0},"pvEach":15},"quantityLimit":{"quantityQuota":-1,"timeFrameDays":-1,"quantityOrdered":0}}]},"currency":"USD"},{"lines":{"items":[{"item":{"href":"https://hydraqa.unicity.net/v5a-test/items/b2fc4b9ba4aa5cae54389161be2f841f","id":{"unicity":"18401"}},"quantity":1,"terms":{"priceEach":40,"taxEach":{"amount":0},"discountEach":{"amount":0},"pvEach":19},"quantityLimit":{"quantityQuota":-1,"timeFrameDays":-1,"quantityOrdered":0}}]},"currency":"USD"},{"lines":{"items":[{"item":{"href":"https://hydraqa.unicity.net/v5a-test/items/48433ffc76597c823adc2b8627e033e4","id":{"unicity":"26559"}},"quantity":1,"terms":{"priceEach":39,"taxEach":{"amount":0},"discountEach":{"amount":0},"pvEach":20},"quantityLimit":{"quantityQuota":-1,"timeFrameDays":-1,"quantityOrdered":0}}]},"currency":"USD"},{"lines":{"items":[{"item":{"href":"https://hydraqa.unicity.net/v5a-test/items/5a38f009bec6c23b1b3a70432f9722e5","id":{"unicity":"19596"}},"quantity":1,"terms":{"priceEach":63,"taxEach":{"amount":0},"discountEach":{"amount":0},"pvEach":30},"quantityLimit":{"quantityQuota":-1,"timeFrameDays":-1,"quantityOrdered":0}}]},"currency":"USD"},{"lines":{"items":[{"item":{"href":"https://hydraqa.unicity.net/v5a-test/items/ddef5f478ff91aa2263b646a3bd03dea","id":{"unicity":"21420"}},"quantity":1,"terms":{"priceEach":31,"taxEach":{"amount":0},"discountEach":{"amount":0},"pvEach":10},"quantityLimit":{"quantityQuota":-1,"timeFrameDays":-1,"quantityOrdered":0}}]},"currency":"USD"},{"lines":{"items":[{"item":{"href":"https://hydraqa.unicity.net/v5a-test/items/55d3b550a17b78175cc5ac565e4266e8","id":{"unicity":"24621"}},"quantity":1,"terms":{"priceEach":26,"taxEach":{"amount":0},"discountEach":{"amount":0},"pvEach":12},"quantityLimit":{"quantityQuota":-1,"timeFrameDays":-1,"quantityOrdered":0}}]},"currency":"USD"},{"lines":{"items":[{"item":{"href":"https://hydraqa.unicity.net/v5a-test/items/9d9d002b0e21b9bd58ad0154a4f781c5","id":{"unicity":"28836"}},"quantity":1,"terms":{"priceEach":75,"taxEach":{"amount":0},"discountEach":{"amount":0},"pvEach":36},"quantityLimit":{"quantityQuota":-1,"timeFrameDays":-1,"quantityOrdered":0}}]},"currency":"USD"},{"lines":{"items":[{"item":{"href":"https://hydraqa.unicity.net/v5a-test/items/399be8efa903b362515c48315ab2afb9","id":{"unicity":"15712"}},"quantity":1,"terms":{"priceEach":28,"taxEach":{"amount":0},"discountEach":{"amount":0},"pvEach":11},"quantityLimit":{"quantityQuota":-1,"timeFrameDays":-1,"quantityOrdered":0}}]},"currency":"USD"},{"lines":{"items":[{"item":{"href":"https://hydraqa.unicity.net/v5a-test/items/d489ec0d50f6e28d5743afc65439631b","id":{"unicity":"0960"}},"quantity":1,"terms":{"priceEach":48,"taxEach":{"amount":0},"discountEach":{"amount":0},"pvEach":23},"quantityLimit":{"quantityQuota":-1,"timeFrameDays":-1,"quantityOrdered":0}}]},"currency":"USD"},{"lines":{"items":[{"item":{"href":"https://hydraqa.unicity.net/v5a-test/items/66839181d7531692a8d886a9da6fb4d6","id":{"unicity":"25369"}},"quantity":1,"terms":{"priceEach":63,"taxEach":{"amount":0},"discountEach":{"amount":0},"pvEach":25},"quantityLimit":{"quantityQuota":-1,"timeFrameDays":-1,"quantityOrdered":0}}]},"currency":"USD"},{"lines":{"items":[{"item":{"href":"https://hydraqa.unicity.net/v5a-test/items/8ed7a8910d5c5335774fa9cfae0e511d","id":{"unicity":"18386"}},"quantity":1,"terms":{"priceEach":35,"taxEach":{"amount":0},"discountEach":{"amount":0},"pvEach":21},"quantityLimit":{"quantityQuota":-1,"timeFrameDays":-1,"quantityOrdered":0}}]},"currency":"USD"},{"lines":{"items":[{"item":{"href":"https://hydraqa.unicity.net/v5a-test/items/3f2d12d7a0e8551fc99fad3bbe1ba633","id":{"unicity":"26567"}},"quantity":1,"terms":{"priceEach":70,"taxEach":{"amount":0},"discountEach":{"amount":0},"pvEach":35},"quantityLimit":{"quantityQuota":-1,"timeFrameDays":-1,"quantityOrdered":0}}]},"currency":"USD"},{"lines":{"items":[{"item":{"href":"https://hydraqa.unicity.net/v5a-test/items/191637167cb3144bd2e8c4615e9ab67e","id":{"unicity":"26568"}},"quantity":1,"terms":{"priceEach":70,"taxEach":{"amount":0},"discountEach":{"amount":0},"pvEach":35},"quantityLimit":{"quantityQuota":-1,"timeFrameDays":-1,"quantityOrdered":0}}]},"currency":"USD"},{"lines":{"items":[{"item":{"href":"https://hydraqa.unicity.net/v5a-test/items/2cefc6a61faaae3455a5adcb0d8fc74f","id":{"unicity":"15907"}},"quantity":1,"terms":{"priceEach":19,"taxEach":{"amount":0},"discountEach":{"amount":0},"pvEach":5},"quantityLimit":{"quantityQuota":-1,"timeFrameDays":-1,"quantityOrdered":0}}]},"currency":"USD"},{"lines":{"items":[{"item":{"href":"https://hydraqa.unicity.net/v5a-test/items/e870d73cd94149d9f6b55de9736c9daa","id":{"unicity":"3107"}},"quantity":1,"terms":{"priceEach":31,"taxEach":{"amount":0},"discountEach":{"amount":0},"pvEach":16},"quantityLimit":{"quantityQuota":-1,"timeFrameDays":-1,"quantityOrdered":0}}]},"currency":"USD"},{"lines":{"items":[{"item":{"href":"https://hydraqa.unicity.net/v5a-test/items/fa2407c91e64e66a72ab45172eb978df","id":{"unicity":"0988"}},"quantity":1,"terms":{"priceEach":47,"taxEach":{"amount":0},"discountEach":{"amount":0},"pvEach":23},"quantityLimit":{"quantityQuota":-1,"timeFrameDays":-1,"quantityOrdered":0}}]},"currency":"USD"},{"lines":{"items":[{"item":{"href":"https://hydraqa.unicity.net/v5a-test/items/40a1044968ea62276f4ba87fd2ef0d8f","id":{"unicity":"12230"}},"quantity":1,"terms":{"priceEach":52,"taxEach":{"amount":0},"discountEach":{"amount":0},"pvEach":18},"quantityLimit":{"quantityQuota":-1,"timeFrameDays":-1,"quantityOrdered":0}}]},"currency":"USD"},{"lines":{"items":[{"item":{"href":"https://hydraqa.unicity.net/v5a-test/items/112b8c39286598b3730f630f371a45f4","id":{"unicity":"27587"}},"quantity":1,"terms":{"priceEach":71,"taxEach":{"amount":0},"discountEach":{"amount":0},"pvEach":33},"quantityLimit":{"quantityQuota":-1,"timeFrameDays":-1,"quantityOrdered":0}}]},"currency":"USD"},{"lines":{"items":[{"item":{"href":"https://hydraqa.unicity.net/v5a-test/items/e218d1cac5f31e7ae4f5876c29c57377","id":{"unicity":"29017"}},"quantity":1,"terms":{"priceEach":49,"taxEach":{"amount":0},"discountEach":{"amount":0},"pvEach":26},"quantityLimit":{"quantityQuota":-1,"timeFrameDays":-1,"quantityOrdered":0}}]},"currency":"USD"},{"lines":{"items":[{"item":{"href":"https://hydraqa.unicity.net/v5a-test/items/25eaf64b36ce31368f17ae789fd9ac5b","id":{"unicity":"29694"}},"quantity":1,"terms":{"priceEach":69,"taxEach":{"amount":0},"discountEach":{"amount":0},"pvEach":33},"quantityLimit":{"quantityQuota":-1,"timeFrameDays":-1,"quantityOrdered":0}}]},"currency":"USD"},{"lines":{"items":[{"item":{"href":"https://hydraqa.unicity.net/v5a-test/items/634f7efb30392b2a919de1355902d975","id":{"unicity":"29408"}},"quantity":1,"terms":{"priceEach":99,"taxEach":{"amount":0},"discountEach":{"amount":0},"pvEach":52},"quantityLimit":{"quantityQuota":-1,"timeFrameDays":-1,"quantityOrdered":0}}]},"currency":"USD"},{"lines":{"items":[{"item":{"href":"https://hydraqa.unicity.net/v5a-test/items/bb5c627f16547cb4f706cef521bca356","id":{"unicity":"29437"}},"quantity":1,"terms":{"priceEach":78,"taxEach":{"amount":0},"discountEach":{"amount":0},"pvEach":36},"quantityLimit":{"quantityQuota":-1,"timeFrameDays":-1,"quantityOrdered":0}}]},"currency":"USD"},{"lines":{"items":[{"item":{"href":"https://hydraqa.unicity.net/v5a-test/items/991cdbb84a495779eb209fb3956a77e4","id":{"unicity":"29183"}},"quantity":1,"terms":{"priceEach":52,"taxEach":{"amount":0},"discountEach":{"amount":0},"pvEach":24},"quantityLimit":{"quantityQuota":-1,"timeFrameDays":-1,"quantityOrdered":0}}]},"currency":"USD"},{"lines":{"items":[{"item":{"href":"https://hydraqa.unicity.net/v5a-test/items/1b0412bea8c0b841c66f65a36aa14108","id":{"unicity":"29191"}},"quantity":1,"terms":{"priceEach":80,"taxEach":{"amount":0},"discountEach":{"amount":0},"pvEach":36},"quantityLimit":{"quantityQuota":-1,"timeFrameDays":-1,"quantityOrdered":0}}]},"currency":"USD"},{"lines":{"items":[{"item":{"href":"https://hydraqa.unicity.net/v5a-test/items/362999101a321b721c87110710ae77b0","id":{"unicity":"29352"}},"quantity":1,"terms":{"priceEach":149,"taxEach":{"amount":0},"discountEach":{"amount":0},"pvEach":80},"quantityLimit":{"quantityQuota":-1,"timeFrameDays":-1,"quantityOrdered":0}}]},"currency":"USD"},{"lines":{"items":[{"item":{"href":"https://hydraqa.unicity.net/v5a-test/items/24ff5bda40c0d0e7eaa511866d052915","id":{"unicity":"29612"}},"quantity":1,"terms":{"priceEach":61,"taxEach":{"amount":0},"discountEach":{"amount":0},"pvEach":30},"quantityLimit":{"quantityQuota":-1,"timeFrameDays":-1,"quantityOrdered":0}}]},"currency":"USD"},{"lines":{"items":[{"item":{"href":"https://hydraqa.unicity.net/v5a-test/items/e0a19d3d676bccfdba0ab3d9f2766359","id":{"unicity":"30350"}},"quantity":1,"terms":{"priceEach":60,"taxEach":{"amount":0},"discountEach":{"amount":0},"pvEach":30},"quantityLimit":{"quantityQuota":-1,"timeFrameDays":-1,"quantityOrdered":0}}]},"currency":"USD"},{"lines":{"items":[{"item":{"href":"https://hydraqa.unicity.net/v5a-test/items/024e696f8b44a1d315006e676604cd31","id":{"unicity":"27395"}},"quantity":1,"terms":{"priceEach":32,"taxEach":{"amount":0},"discountEach":{"amount":0},"pvEach":16},"quantityLimit":{"quantityQuota":-1,"timeFrameDays":-1,"quantityOrdered":0}}]},"currency":"USD"},{"lines":{"items":[{"item":{"href":"https://hydraqa.unicity.net/v5a-test/items/05ca08f3808f126c0cc42154c50fc75c","id":{"unicity":"29440"}},"quantity":1,"terms":{"priceEach":138,"taxEach":{"amount":0},"discountEach":{"amount":0},"pvEach":90},"quantityLimit":{"quantityQuota":-1,"timeFrameDays":-1,"quantityOrdered":0}}]},"currency":"USD"},{"lines":{"items":[{"item":{"href":"https://hydraqa.unicity.net/v5a-test/items/764e2db430d361da99e8f6b70c4d0244","id":{"unicity":"29830"}},"quantity":1,"terms":{"priceEach":20,"taxEach":{"amount":0},"discountEach":{"amount":0},"pvEach":7},"quantityLimit":{"quantityQuota":-1,"timeFrameDays":-1,"quantityOrdered":0}}]},"currency":"USD"},{"lines":{"items":[{"item":{"href":"https://hydraqa.unicity.net/v5a-test/items/035189015384166df518a68ede0299a9","id":{"unicity":"30408"}},"quantity":1,"terms":{"priceEach":101,"taxEach":{"amount":0},"discountEach":{"amount":0},"pvEach":50},"quantityLimit":{"quantityQuota":-1,"timeFrameDays":-1,"quantityOrdered":0}}]},"currency":"USD"},{"lines":{"items":[{"item":{"href":"https://hydraqa.unicity.net/v5a-test/items/b91affa753dd5ee8a9acef4fa7e2c9a7","id":{"unicity":"30414"}},"quantity":1,"terms":{"priceEach":110,"taxEach":{"amount":0},"discountEach":{"amount":0},"pvEach":65},"quantityLimit":{"quantityQuota":-1,"timeFrameDays":-1,"quantityOrdered":0}}]},"currency":"USD"},{"lines":{"items":[{"item":{"href":"https://hydraqa.unicity.net/v5a-test/items/2835b1a78e379486f0ffbfd5fb9f6b0a","id":{"unicity":"30400"}},"quantity":1,"terms":{"priceEach":49,"taxEach":{"amount":0},"discountEach":{"amount":0},"pvEach":28},"quantityLimit":{"quantityQuota":-1,"timeFrameDays":-1,"quantityOrdered":0}}]},"currency":"USD"},{"lines":{"items":[{"item":{"href":"https://hydraqa.unicity.net/v5a-test/items/0e78fbdfebef11cd62f8d2120064ee58","id":{"unicity":"30280"}},"quantity":1,"terms":{"priceEach":52,"taxEach":{"amount":0},"discountEach":{"amount":0},"pvEach":24},"quantityLimit":{"quantityQuota":-1,"timeFrameDays":-1,"quantityOrdered":0}}]},"currency":"USD"},{"lines":{"items":[{"item":{"href":"https://hydraqa.unicity.net/v5a-test/items/5bda067b70c43971650a6ef983f612e4","id":{"unicity":"31728"}},"quantity":1,"terms":{"priceEach":160,"taxEach":{"amount":0},"discountEach":{"amount":0},"pvEach":94},"quantityLimit":{"quantityQuota":-1,"timeFrameDays":-1,"quantityOrdered":0}}]},"currency":"USD"},{"lines":{"items":[{"item":{"href":"https://hydraqa.unicity.net/v5a-test/items/00c2eb70c985722ce208490aece00945","id":{"unicity":"31729"}},"quantity":1,"terms":{"priceEach":170,"taxEach":{"amount":0},"discountEach":{"amount":0},"pvEach":100},"quantityLimit":{"quantityQuota":-1,"timeFrameDays":-1,"quantityOrdered":0}}]},"currency":"USD"},{"lines":{"items":[{"item":{"href":"https://hydraqa.unicity.net/v5a-test/items/693a7c4a70b06a00471afe8d6cae5023","id":{"unicity":"31730"}},"quantity":1,"terms":{"priceEach":150,"taxEach":{"amount":0},"discountEach":{"amount":0},"pvEach":80},"quantityLimit":{"quantityQuota":-1,"timeFrameDays":-1,"quantityOrdered":0}}]},"currency":"USD"},{"lines":{"items":[{"item":{"href":"https://hydraqa.unicity.net/v5a-test/items/ccb242d74dcb1fe621cc7bfe1b1de315","id":{"unicity":"31731"}},"quantity":1,"terms":{"priceEach":112,"taxEach":{"amount":0},"discountEach":{"amount":0},"pvEach":60},"quantityLimit":{"quantityQuota":-1,"timeFrameDays":-1,"quantityOrdered":0}}]},"currency":"USD"},{"lines":{"items":[{"item":{"href":"https://hydraqa.unicity.net/v5a-test/items/3875e24e6b6ebdf36c79d205614ed51e","id":{"unicity":"31846"}},"quantity":1,"terms":{"priceEach":160,"taxEach":{"amount":0},"discountEach":{"amount":0},"pvEach":94},"quantityLimit":{"quantityQuota":-1,"timeFrameDays":-1,"quantityOrdered":0}}]},"currency":"USD"},{"lines":{"items":[{"item":{"href":"https://hydraqa.unicity.net/v5a-test/items/89b6d29a85a88d44d65bc8cca3fefc65","id":{"unicity":"31845"}},"quantity":1,"terms":{"priceEach":170,"taxEach":{"amount":0},"discountEach":{"amount":0},"pvEach":100},"quantityLimit":{"quantityQuota":-1,"timeFrameDays":-1,"quantityOrdered":0}}]},"currency":"USD"},{"lines":{"items":[{"item":{"href":"https://hydraqa.unicity.net/v5a-test/items/fbb319232b7eed110794d46a68302acb","id":{"unicity":"31847"}},"quantity":1,"terms":{"priceEach":150,"taxEach":{"amount":0},"discountEach":{"amount":0},"pvEach":80},"quantityLimit":{"quantityQuota":-1,"timeFrameDays":-1,"quantityOrdered":0}}]},"currency":"USD"},{"lines":{"items":[{"item":{"href":"https://hydraqa.unicity.net/v5a-test/items/cf8460040a1860bcabf250b6c1171675","id":{"unicity":"31858"}},"quantity":1,"terms":{"priceEach":330,"taxEach":{"amount":0},"discountEach":{"amount":0},"pvEach":195},"quantityLimit":{"quantityQuota":-1,"timeFrameDays":-1,"quantityOrdered":0}}]},"currency":"USD"},{"lines":{"items":[{"item":{"href":"https://hydraqa.unicity.net/v5a-test/items/2de8516a24af8232add0bb392e750a71","id":{"unicity":"31859"}},"quantity":1,"terms":{"priceEach":225,"taxEach":{"amount":0},"discountEach":{"amount":0},"pvEach":130},"quantityLimit":{"quantityQuota":-1,"timeFrameDays":-1,"quantityOrdered":0}}]},"currency":"USD"},{"lines":{"items":[{"item":{"href":"https://hydraqa.unicity.net/v5a-test/items/fd464cd7972cc1317e850b9196d886b8","id":{"unicity":"31863"}},"quantity":1,"terms":{"priceEach":255,"taxEach":{"amount":0},"discountEach":{"amount":0},"pvEach":148},"quantityLimit":{"quantityQuota":-1,"timeFrameDays":-1,"quantityOrdered":0}}]},"currency":"USD"},{"lines":{"items":[{"item":{"href":"https://hydraqa.unicity.net/v5a-test/items/e47fd287212acedd1cffb2b67bf623bd","id":{"unicity":"31862"}},"quantity":1,"terms":{"priceEach":255,"taxEach":{"amount":0},"discountEach":{"amount":0},"pvEach":148},"quantityLimit":{"quantityQuota":-1,"timeFrameDays":-1,"quantityOrdered":0}}]},"currency":"USD"},{"lines":{"items":[{"item":{"href":"https://hydraqa.unicity.net/v5a-test/items/d4c8fce238d6fc34d17a4b36d1e4e59a","id":{"unicity":"31860"}},"quantity":1,"terms":{"priceEach":245,"taxEach":{"amount":0},"discountEach":{"amount":0},"pvEach":135},"quantityLimit":{"quantityQuota":-1,"timeFrameDays":-1,"quantityOrdered":0}}]},"currency":"USD"},{"lines":{"items":[{"item":{"href":"https://hydraqa.unicity.net/v5a-test/items/4ab49eca1731e69206ccafb5112ad5a4","id":{"unicity":"31861"}},"quantity":1,"terms":{"priceEach":245,"taxEach":{"amount":0},"discountEach":{"amount":0},"pvEach":135},"quantityLimit":{"quantityQuota":-1,"timeFrameDays":-1,"quantityOrdered":0}}]},"currency":"USD"},{"lines":{"items":[{"item":{"href":"https://hydraqa.unicity.net/v5a-test/items/077823d29445b9020de9931f10c63efd","id":{"unicity":"31958"}},"quantity":1,"terms":{"priceEach":160,"taxEach":{"amount":0},"discountEach":{"amount":0},"pvEach":85},"quantityLimit":{"quantityQuota":-1,"timeFrameDays":-1,"quantityOrdered":0}}]},"currency":"USD"},{"lines":{"items":[{"item":{"href":"https://hydraqa.unicity.net/v5a-test/items/bfddb53fe0d5ed5432c531dc9850cbe4","id":{"unicity":"29449"}},"quantity":1,"terms":{"priceEach":43,"taxEach":{"amount":0},"discountEach":{"amount":0},"pvEach":25},"quantityLimit":{"quantityQuota":-1,"timeFrameDays":-1,"quantityOrdered":0}}]},"currency":"USD"},{"lines":{"items":[{"item":{"href":"https://hydraqa.unicity.net/v5a-test/items/7fc100f8d20814757efe2d79e41b315c","id":{"unicity":"32021"}},"quantity":1,"terms":{"priceEach":104,"taxEach":{"amount":0},"discountEach":{"amount":0},"pvEach":60},"quantityLimit":{"quantityQuota":-1,"timeFrameDays":-1,"quantityOrdered":0}}]},"currency":"USD"},{"lines":{"items":[{"item":{"href":"https://hydraqa.unicity.net/v5a-test/items/50747027a065cb8361c1f0d6eb880466","id":{"unicity":"32030"}},"quantity":1,"terms":{"priceEach":179,"taxEach":{"amount":0},"discountEach":{"amount":0},"pvEach":102},"quantityLimit":{"quantityQuota":-1,"timeFrameDays":-1,"quantityOrdered":0}}]},"currency":"USD"},{"lines":{"items":[{"item":{"href":"https://hydraqa.unicity.net/v5a-test/items/c201dcd36f4bb7e17e7a8481ef08d6f2","id":{"unicity":"31518"}},"quantity":1,"terms":{"priceEach":38,"taxEach":{"amount":0},"discountEach":{"amount":0},"pvEach":14},"quantityLimit":{"quantityQuota":-1,"timeFrameDays":-1,"quantityOrdered":0}}]},"currency":"USD"},{"lines":{"items":[{"item":{"href":"https://hydraqa.unicity.net/v5a-test/items/bed533c634e887357ff031d8e4c776b0","id":{"unicity":"31751"}},"quantity":1,"terms":{"priceEach":115,"taxEach":{"amount":0},"discountEach":{"amount":0},"pvEach":50},"quantityLimit":{"quantityQuota":-1,"timeFrameDays":-1,"quantityOrdered":0}}]},"currency":"USD"},{"lines":{"items":[{"item":{"href":"https://hydraqa.unicity.net/v5a-test/items/69461244686345ba75765978ef53c749","id":{"unicity":"32015"}},"quantity":1,"terms":{"priceEach":6.95,"taxEach":{"amount":0},"discountEach":{"amount":0},"pvEach":0},"quantityLimit":{"quantityQuota":-1,"timeFrameDays":-1,"quantityOrdered":0}}]},"currency":"USD"},{"lines":{"items":[{"item":{"href":"https://hydraqa.unicity.net/v5a-test/items/c674cdded8a54983aae3c5dcb32c9e38","id":{"unicity":"32628"}},"quantity":1,"terms":{"priceEach":89,"taxEach":{"amount":0},"discountEach":{"amount":0},"pvEach":50},"quantityLimit":{"quantityQuota":-1,"timeFrameDays":-1,"quantityOrdered":0}}]},"currency":"USD"},{"lines":{"items":[{"item":{"href":"https://hydraqa.unicity.net/v5a-test/items/69d8547e9e264505ce055e09920659fd","id":{"unicity":"33019"}},"quantity":1,"terms":{"priceEach":210,"taxEach":{"amount":0},"discountEach":{"amount":0},"pvEach":151},"quantityLimit":{"quantityQuota":-1,"timeFrameDays":-1,"quantityOrdered":0}}]},"currency":"USD"},{"lines":{"items":[{"item":{"href":"https://hydraqa.unicity.net/v5a-test/items/30b5c0f54df52286b3d87a6a1dfd314a","id":{"unicity":"33018"}},"quantity":1,"terms":{"priceEach":227,"taxEach":{"amount":0},"discountEach":{"amount":0},"pvEach":133},"quantityLimit":{"quantityQuota":-1,"timeFrameDays":-1,"quantityOrdered":0}}]},"currency":"USD"},{"lines":{"items":[{"item":{"href":"https://hydraqa.unicity.net/v5a-test/items/16a422e03f6e3a79ba7bcd7fd50e31c0","id":{"unicity":"33017"}},"quantity":1,"terms":{"priceEach":166,"taxEach":{"amount":0},"discountEach":{"amount":0},"pvEach":110},"quantityLimit":{"quantityQuota":-1,"timeFrameDays":-1,"quantityOrdered":0}}]},"currency":"USD"},{"lines":{"items":[{"item":{"href":"https://hydraqa.unicity.net/v5a-test/items/30f2eb8ab275ef57ae8082b3435a3d69","id":{"unicity":"33016"}},"quantity":1,"terms":{"priceEach":220,"taxEach":{"amount":0},"discountEach":{"amount":0},"pvEach":142},"quantityLimit":{"quantityQuota":-1,"timeFrameDays":-1,"quantityOrdered":0}}]},"currency":"USD"},{"lines":{"items":[{"item":{"href":"https://hydraqa.unicity.net/v5a-test/items/e30d5100db17be47578745dce83039e6","id":{"unicity":"32838"}},"quantity":1,"terms":{"priceEach":14.95,"taxEach":{"amount":0},"discountEach":{"amount":0},"pvEach":0},"quantityLimit":{"quantityQuota":-1,"timeFrameDays":-1,"quantityOrdered":0}}]},"currency":"USD"},{"lines":{"items":[{"item":{"href":"https://hydraqa.unicity.net/v5a-test/items/fe5a19bac5623c055f1bebbc7fce8f1d","id":{"unicity":"33476"}},"quantity":1,"terms":{"priceEach":174,"taxEach":{"amount":0},"discountEach":{"amount":0},"pvEach":100},"quantityLimit":{"quantityQuota":-1,"timeFrameDays":-1,"quantityOrdered":0}}]},"currency":"USD"}]}
Entry request : {"order":{"customer":{"href":"https://hydraqa.unicity.net/v5a-test/customers?type=PreferredCustomer"},"shipToAddress":{"country":"US"}},"vary":{"lines":{"items":[{"item":{"href":"https://hydraqa.unicity.net/v5a-test/items?id.unicity=26580|31440|31441|27801|0963|15129|15271|15880|17174|22745|22747|23728|24758|25022|26550|26556|26557|26560|26561|26562|27615|27739|24418|27585|25008|26442|26551|6200|15916|18908|24785|26552|27028|0954|18401|27029|26559|19596|26945|21420|24621|28836|15712|0960|25369|18386|26567|26568|15907|28513|3107|0988|12230|26950|26786|27587|29017|29694|29408|29437|29183|29191|29352|29612|30350|27395|29440|29830|30408|30414|30400|30280|31314|31728|31729|31730|31731|31846|31845|31847|31858|31859|31863|31862|31860|31861|31958|29449|32021|32030|31518|31751|32015|32628|33019|33018|33017|33016|32838|33476|32019|26555"}}]}}}
Request URL: https://hydraqa.unicity.net/v5a-test/customers.js?callback=angular.callbacks._1&expand=customer,profilePicture&id.unicity=2
Request URL: https://hydraqa.unicity.net/v5a-test/customers.js?_httpMethod=HEAD&callback=angular.callbacks._4&email=HLXTPE@gmail.com
Unicity [Date=Tue, 13 Oct 2020 17:35:24 GMT, Content-Type=text/javascript; charset=utf-8, Content-Length=1383, Connection=keep-alive, Set-Cookie=__cfduid=ddbf9cd131e3cbe4cffab2dd0d24939021602610519; expires=Thu, 12-Nov-20 17:35:19 GMT; path=/; domain=.unicity.net; HttpOnly; SameSite=Lax, x-powered-by=Express, x-request-id=1692f5b2-d869-9b61-a981-59032db1f1d7,1692f5b2-d869-9b61-a981-59032db1f1d7, x-request-uuid=1692f5b2-d869-9b61-a981-59032db1f1d7, x-request-release=5-2020100902/master, access-control-allow-origin=http://enroll.ng.unicityqa.com, vary=Accept-Encoding, link=<http://unicity.github.io/Hydra.php/docs/v5/>; rel="help", cache-control=no-cache, must-revalidate, expires=0, content-language=en-US, x-status-code=200, content-encoding=gzip, x-envoy-upstream-service-time=4754, etag=W/"567-Cyqr2PWwcSjxr9TE4DvcSsQ2LPE", access-control-expose-headers=x-b3-traceid, x-request-id, x-b3-traceid=9381295b075c6926, CF-Cache-Status=DYNAMIC, cf-request-id=05c4a0f73b0000ed238c88c200000001, Expect-CT=max-age=604800, report-uri="https://report-uri.cloudflare.com/cdn-cgi/beacon/expect-ct", Server=cloudflare, CF-RAY=5e1ad1052d7fed23-SJC, alt-svc=h3-27=":443"; ma=86400, h3-28=":443"; ma=86400, h3-29=":443"; ma=86400]
suman33024
{shipToAddress={zip=33024, country=US, address1=4209 E STONECREEK, state=}, shippingMethod={href=https://hydraqa.unicity.net/v5a-test/shippingmethods?type=2Days}, lines={items=[{item={href=https://hydraqa.unicity.net/v5a-test/items?id.unicity=31859}, quantity=1}]}, transactions={items=[{method=Coupon, methodDetails={code=Fre3Aut0Sh!p}, type=AuthorizeAndCapture}]}, customer={href=https://hydraqa.unicity.net/v5a-test/customers?type=PreferredCustomer}}
kalyan33024
Unicity [Date=Tue, 13 Oct 2020 17:35:31 GMT, Content-Type=text/javascript; charset=utf-8, Content-Length=1396, Connection=keep-alive, Set-Cookie=__cfduid=dd4910a8b7317c75afebe9f1d1802cbf41602610526; expires=Thu, 12-Nov-20 17:35:26 GMT; path=/; domain=.unicity.net; HttpOnly; SameSite=Lax, x-powered-by=Express, x-request-id=60a92328-09ad-990d-aad0-3dd0225a3330,60a92328-09ad-990d-aad0-3dd0225a3330, x-request-uuid=60a92328-09ad-990d-aad0-3dd0225a3330, x-request-release=5-2020100902/master, access-control-allow-origin=http://enroll.ng.unicityqa.com, vary=Accept-Encoding, link=<http://unicity.github.io/Hydra.php/docs/v5/>; rel="help", cache-control=no-cache, must-revalidate, expires=0, content-language=en-US, x-status-code=200, content-encoding=gzip, x-envoy-upstream-service-time=4632, etag=W/"574-fYj6IENU2WNG/tEAyJ57nXNt/sA", access-control-expose-headers=x-b3-traceid, x-request-id, x-b3-traceid=93093a3d8693bd73, CF-Cache-Status=DYNAMIC, cf-request-id=05c4a110bb00001c97383c1200000001, Expect-CT=max-age=604800, report-uri="https://report-uri.cloudflare.com/cdn-cgi/beacon/expect-ct", Server=cloudflare, CF-RAY=5e1ad12df9051c97-SJC, alt-svc=h3-27=":443"; ma=86400, h3-28=":443"; ma=86400, h3-29=":443"; ma=86400]
suman33024
{shipToAddress={zip=33024, country=US, city=PEMBROKE PINES, address1=4209 E STONECREEK, state=FL}, shippingMethod={href=https://hydraqa.unicity.net/v5a-test/shippingmethods?type=2Days}, lines={items=[{item={href=https://hydraqa.unicity.net/v5a-test/items?id.unicity=31859}, quantity=1}]}, transactions={items=[{method=Coupon, methodDetails={code=Fre3Aut0Sh!p}, type=AuthorizeAndCapture}]}, customer={href=https://hydraqa.unicity.net/v5a-test/customers?type=PreferredCustomer}}
kalyan33024
Unicity [Date=Tue, 13 Oct 2020 17:35:31 GMT, Content-Type=text/javascript; charset=utf-8, Content-Length=1384, Connection=keep-alive, Set-Cookie=__cfduid=d639feaf25b80a1c24d0e9df818f314451602610526; expires=Thu, 12-Nov-20 17:35:26 GMT; path=/; domain=.unicity.net; HttpOnly; SameSite=Lax, x-powered-by=Express, x-request-id=42717461-e7fa-9373-b50a-71d154904f16,42717461-e7fa-9373-b50a-71d154904f16, x-request-uuid=42717461-e7fa-9373-b50a-71d154904f16, x-request-release=5-2020100902/master, access-control-allow-origin=http://enroll.ng.unicityqa.com, vary=Accept-Encoding, link=<http://unicity.github.io/Hydra.php/docs/v5/>; rel="help", cache-control=no-cache, must-revalidate, expires=0, content-language=en-US, x-status-code=200, content-encoding=gzip, x-envoy-upstream-service-time=5292, etag=W/"568-x52RsXYlxuEGir+0tPt34fxTJ0I", access-control-expose-headers=x-b3-traceid, x-request-id, x-b3-traceid=747eb2880f6e4724, CF-Cache-Status=DYNAMIC, cf-request-id=05c4a11146000021451503e200000001, Expect-CT=max-age=604800, report-uri="https://report-uri.cloudflare.com/cdn-cgi/beacon/expect-ct", Server=cloudflare, CF-RAY=5e1ad12eda6e2145-SJC, alt-svc=h3-27=":443"; ma=86400, h3-28=":443"; ma=86400, h3-29=":443"; ma=86400]
suman33024
{shipToAddress={zip=33024, country=US, address1=4209 E STONECREEK, state=FL}, shippingMethod={href=https://hydraqa.unicity.net/v5a-test/shippingmethods?type=2Days}, lines={items=[{item={href=https://hydraqa.unicity.net/v5a-test/items?id.unicity=31859}, quantity=1}]}, transactions={items=[{method=Coupon, methodDetails={code=Fre3Aut0Sh!p}, type=AuthorizeAndCapture}]}, customer={href=https://hydraqa.unicity.net/v5a-test/customers?type=PreferredCustomer}}
kalyan33024
Unicity [Date=Tue, 13 Oct 2020 17:35:35 GMT, Content-Type=text/javascript; charset=utf-8, Content-Length=1384, Connection=keep-alive, Set-Cookie=__cfduid=d58d51868d735a91372e7c80a9f5edbfa1602610530; expires=Thu, 12-Nov-20 17:35:30 GMT; path=/; domain=.unicity.net; HttpOnly; SameSite=Lax, x-powered-by=Express, x-request-id=9023cc79-f2ca-9f4e-967b-c83bdb32c32f,9023cc79-f2ca-9f4e-967b-c83bdb32c32f, x-request-uuid=9023cc79-f2ca-9f4e-967b-c83bdb32c32f, x-request-release=5-2020100902/master, access-control-allow-origin=http://enroll.ng.unicityqa.com, vary=Accept-Encoding, link=<http://unicity.github.io/Hydra.php/docs/v5/>; rel="help", cache-control=no-cache, must-revalidate, expires=0, content-language=en-US, x-status-code=200, content-encoding=gzip, x-envoy-upstream-service-time=3947, etag=W/"568-SiqdY+DvgMKff0FUgOiL3leeQzs", access-control-expose-headers=x-b3-traceid, x-request-id, x-b3-traceid=ec34109a21dc8d04, CF-Cache-Status=DYNAMIC, cf-request-id=05c4a121fb000002ab9fb55200000001, Expect-CT=max-age=604800, report-uri="https://report-uri.cloudflare.com/cdn-cgi/beacon/expect-ct", Server=cloudflare, CF-RAY=5e1ad1499b1a02ab-SJC, alt-svc=h3-27=":443"; ma=86400, h3-28=":443"; ma=86400, h3-29=":443"; ma=86400]
suman33024
{shipToAddress={zip=33024, country=US, address1=4209 E STONECREEK, state=FL}, shippingMethod={href=https://hydraqa.unicity.net/v5a-test/shippingmethods?type=2Days}, lines={items=[{item={href=https://hydraqa.unicity.net/v5a-test/items?id.unicity=31859}, quantity=1}]}, transactions={items=[{method=Coupon, methodDetails={code=Fre3Aut0Sh!p}, type=AuthorizeAndCapture}]}, customer={href=https://hydraqa.unicity.net/v5a-test/customers?type=PreferredCustomer}}
kalyan33024
Unicity [Date=Tue, 13 Oct 2020 17:35:36 GMT, Content-Type=text/javascript; charset=utf-8, Content-Length=412, Connection=keep-alive, Set-Cookie=__cfduid=de916ed1663ec06bd7962d111bf2571a31602610532; expires=Thu, 12-Nov-20 17:35:32 GMT; path=/; domain=.unicity.net; HttpOnly; SameSite=Lax, x-powered-by=Express, x-request-id=639d6556-de88-9541-bb84-dbc895d13ddb,639d6556-de88-9541-bb84-dbc895d13ddb, x-request-uuid=639d6556-de88-9541-bb84-dbc895d13ddb, x-request-release=5-2020100902/master, access-control-allow-origin=http://enroll.ng.unicityqa.com, vary=Accept-Encoding, link=<http://unicity.github.io/Hydra.php/docs/v5/>; rel="help", cache-control=no-cache, must-revalidate, expires=0, content-language=en-US, x-status-code=400, content-encoding=gzip, x-envoy-upstream-service-time=4071, etag=W/"19c-jqQIbElxhIM+pwsck1UTcpdq4es", access-control-expose-headers=x-b3-traceid, x-request-id, x-b3-traceid=f4dcad3277efa620, CF-Cache-Status=DYNAMIC, cf-request-id=05c4a126c7000021450eb29200000001, Expect-CT=max-age=604800, report-uri="https://report-uri.cloudflare.com/cdn-cgi/beacon/expect-ct", Server=cloudflare, CF-RAY=5e1ad1513af12145-SJC, alt-svc=h3-27=":443"; ma=86400, h3-28=":443"; ma=86400, h3-29=":443"; ma=86400]
Unicity [Date=Tue, 13 Oct 2020 17:35:40 GMT, Content-Type=text/javascript; charset=utf-8, Content-Length=1392, Connection=keep-alive, Set-Cookie=__cfduid=d0792fce9ea684d36b4bd8d02be362bce1602610535; expires=Thu, 12-Nov-20 17:35:35 GMT; path=/; domain=.unicity.net; HttpOnly; SameSite=Lax, x-powered-by=Express, x-request-id=fe02e45a-a13f-98e1-a5ad-8b800321bb15,fe02e45a-a13f-98e1-a5ad-8b800321bb15, x-request-uuid=fe02e45a-a13f-98e1-a5ad-8b800321bb15, x-request-release=5-2020100902/master, access-control-allow-origin=http://enroll.ng.unicityqa.com, vary=Accept-Encoding, link=<http://unicity.github.io/Hydra.php/docs/v5/>; rel="help", cache-control=no-cache, must-revalidate, expires=0, content-language=en-US, x-status-code=200, content-encoding=gzip, x-envoy-upstream-service-time=4888, etag=W/"570-4tOGRnOcaiA9rytPWNAbUoThy+U", access-control-expose-headers=x-b3-traceid, x-request-id, x-b3-traceid=b1b6dce80cae3b35, CF-Cache-Status=DYNAMIC, cf-request-id=05c4a134ba00001c97382ae200000001, Expect-CT=max-age=604800, report-uri="https://report-uri.cloudflare.com/cdn-cgi/beacon/expect-ct", Server=cloudflare, CF-RAY=5e1ad1679d221c97-SJC, alt-svc=h3-27=":443"; ma=86400, h3-28=":443"; ma=86400, h3-29=":443"; ma=86400]
suman33024
{shipToAddress={zip=33024, country=US, city=HOLLYWOOD, address1=4209 E STONECREEK, state=FL}, shippingMethod={href=https://hydraqa.unicity.net/v5a-test/shippingmethods?type=2Days}, lines={items=[{item={href=https://hydraqa.unicity.net/v5a-test/items?id.unicity=31859}, quantity=1}]}, transactions={items=[{method=Coupon, methodDetails={code=Fre3Aut0Sh!p}, type=AuthorizeAndCapture}]}, customer={href=https://hydraqa.unicity.net/v5a-test/customers?type=PreferredCustomer}}
kalyan33024
Unicity [Date=Tue, 13 Oct 2020 17:35:41 GMT, Content-Type=text/javascript; charset=utf-8, Content-Length=1392, Connection=keep-alive, Set-Cookie=__cfduid=d13a89e98e7e38b39e01205f4e0fc38271602610536; expires=Thu, 12-Nov-20 17:35:36 GMT; path=/; domain=.unicity.net; HttpOnly; SameSite=Lax, x-powered-by=Express, x-request-id=0ee1e74d-e3e5-9ff8-ae34-718967c57dc5,0ee1e74d-e3e5-9ff8-ae34-718967c57dc5, x-request-uuid=0ee1e74d-e3e5-9ff8-ae34-718967c57dc5, x-request-release=5-2020100902/master, access-control-allow-origin=http://enroll.ng.unicityqa.com, vary=Accept-Encoding, link=<http://unicity.github.io/Hydra.php/docs/v5/>; rel="help", cache-control=no-cache, must-revalidate, expires=0, content-language=en-US, x-status-code=200, content-encoding=gzip, x-envoy-upstream-service-time=4988, etag=W/"570-2aTySJVatpd19pmo58YEu4oBqxk", access-control-expose-headers=x-b3-traceid, x-request-id, x-b3-traceid=091350588900f3d7, CF-Cache-Status=DYNAMIC, cf-request-id=05c4a1381a00002145152f8200000001, Expect-CT=max-age=604800, report-uri="https://report-uri.cloudflare.com/cdn-cgi/beacon/expect-ct", Server=cloudflare, CF-RAY=5e1ad16cf97e2145-SJC, alt-svc=h3-27=":443"; ma=86400, h3-28=":443"; ma=86400, h3-29=":443"; ma=86400]
suman33024
{shipToAddress={zip=33024, country=US, city=HOLLYWOOD, address1=4209 E STONECREEK, state=FL}, shippingMethod={href=https://hydraqa.unicity.net/v5a-test/shippingmethods?type=2Days}, lines={items=[{item={href=https://hydraqa.unicity.net/v5a-test/items?id.unicity=31859}, quantity=1}]}, transactions={items=[{method=Coupon, methodDetails={code=Fre3Aut0Sh!p}, type=AuthorizeAndCapture}]}, customer={href=https://hydraqa.unicity.net/v5a-test/customers?type=PreferredCustomer}}
kalyan33024
Unicity [Date=Tue, 13 Oct 2020 17:35:45 GMT, Content-Type=text/javascript; charset=utf-8, Content-Length=1394, Connection=keep-alive, Set-Cookie=__cfduid=d85ef7fd9094d49c3c9a00a475b80a6d41602610540; expires=Thu, 12-Nov-20 17:35:40 GMT; path=/; domain=.unicity.net; HttpOnly; SameSite=Lax, x-powered-by=Express, x-request-id=a804a7da-28f1-9955-a08e-1dadff0dd848,a804a7da-28f1-9955-a08e-1dadff0dd848, x-request-uuid=a804a7da-28f1-9955-a08e-1dadff0dd848, x-request-release=5-2020100902/master, access-control-allow-origin=http://enroll.ng.unicityqa.com, vary=Accept-Encoding, link=<http://unicity.github.io/Hydra.php/docs/v5/>; rel="help", cache-control=no-cache, must-revalidate, expires=0, content-language=en-US, x-status-code=200, content-encoding=gzip, x-envoy-upstream-service-time=4415, etag=W/"572-Zb8AWpnSIKD70LOEwgxnDrjjqMY", access-control-expose-headers=x-b3-traceid, x-request-id, x-b3-traceid=93b35247d3a26aa5, CF-Cache-Status=DYNAMIC, cf-request-id=05c4a1486900001c9738084200000001, Expect-CT=max-age=604800, report-uri="https://report-uri.cloudflare.com/cdn-cgi/beacon/expect-ct", Server=cloudflare, CF-RAY=5e1ad1870de21c97-SJC, alt-svc=h3-27=":443"; ma=86400, h3-28=":443"; ma=86400, h3-29=":443"; ma=86400]
suman33024
{shipToAddress={zip=33024, country=US, city=HOLLYWOOD, address1=4209 E STONECREEK, state=FL}, shippingMethod={href=https://hydraqa.unicity.net/v5a-test/shippingmethods?type=2Days}, lines={items=[{item={href=https://hydraqa.unicity.net/v5a-test/items?id.unicity=31859}, quantity=1}]}, transactions={items=[{method=Coupon, methodDetails={code=Fre3Aut0Sh!p}, type=AuthorizeAndCapture}]}, customer={href=https://hydraqa.unicity.net/v5a-test/customers?type=PreferredCustomer}}
kalyan33024
Request URL: https://hydraqa.unicity.net/v5a-test/addresses?country=US&zip=33024
Entry response : {"items":[{"city":"Pembroke Pines","state":"FL"}]}
No Pop UP
{sponsor=2, gender=male, city=HOLLYWOOD, cartprice=225.0, enroller=2, arpack=Prime Health Pack - Cholesterol, Energy, Vanilla, language=English, locale=en, type=PreferredCustomer, platform=QA, lname=TestLastName, password=Unicity, genderoption=Male, Currency=USD, api=4, state=[FL], email=HLXTPE@gmail.com, zip=33024, fname=TestFirstName, prefferd=United States, address1=4209 E STONECREEK CIR, shippingmethod=type=2Days, version=v5a-test/, testcase=normal, market=United States, aritemcode=26580, referral=yes, martial=Married, phone=9823746323, proto=https://hydraqa.unicity.net/, marketcode=US, maritaloption=Married, ccname=CCNameTest}
Request URL: https://hydraqa.unicity.net/v5a-test/orders.js
Entry request : {"customer":{"mainAddress":{"city":"HOLLYWOOD","country":"US","state":"FL","zip":"33024","address1":"4209 E STONECREEK CIR","address2":""},"humanName":{"firstName":"TestFirstName","lastName":"TestLastName"},"email":"HLXTPE@gmail.com","preferredLocale":"en-US","password":{"value":"Unicity"},"gender":"male","maritalStatus":"Married","type":"PreferredCustomer","creditcardaliases":[{"methodDetails":{"creditCardNumber":"4111111111111111","payer":"TestFirstName TestLastName","creditCardExpires":"2020-10"},"billToName":{"firstName":"TestFirstName","lastName":"TestLastName"},"billToAddress":{"address1":"4209 E STONECREEK CIR","address2":"","city":"HOLLYWOOD","state":"FL","zip":"33024","country":"US"}}],"sponsor":{"href":"https://hydraqa.unicity.net/v5a-test/customers?id.unicity=2"},"enroller":{"href":"https://hydraqa.unicity.net/v5a-test/customers?id.unicity=2"},"homePhone":"9823746323","autoorders":{"items":[{"recurrence":{"schedule":{"month":"*","dayOfMonth":"5","skipRepetitions":"2"},"status":"Enabled"},"lines":{"items":[{"item":{"href":"https://hydraqa.unicity.net/v5a-test/items?id.unicity=26580"},"quantity":1}]},"shipToName":{"firstName":"TestFirstName","lastName":"TestLastName"},"shipToPhone":"9823746323","shipToEmail":"HLXTPE@gmail.com","shipToAddress":{"city":"HOLLYWOOD","country":"US","state":"FL","address1":"4209 E STONECREEK CIR","address2":"","zip":"33024"},"shippingMethod":{"href":"https://hydraqa.unicity.net/v5a-test/shippingmethods?type=2Days"},"transactions":{"items":[{"amount":"this.terms.total","type":"AuthorizeAndCapture","method":"CreditCardAlias","methodDetails":{"alias":"this.customer.creditcardaliases[0].alias"}}]}}]},"rights":[]},"lines":{"items":[{"item":{"href":"https://hydraqa.unicity.net/v5a-test/items?id.unicity=31859"},"quantity":1}]},"shipToName":{"firstName":"TestFirstName","lastName":"TestLastName"},"shipToPhone":"9823746323","shipToEmail":"HLXTPE@gmail.com","shipToAddress":{"city":"HOLLYWOOD","country":"US","state":"FL","address1":"4209 E STONECREEK CIR","address2":"","zip":"33024"},"shippingMethod":{"href":"https://hydraqa.unicity.net/v5a-test/shippingmethods?type=2Days"},"notes":"","transactions":{"items":[{"amount":"this.terms.total","type":"AuthorizeAndCapture","method":"CreditCard","methodDetails":{"creditCardNumber":"4111111111111111","payer":"CCNameTest","creditCardExpires":"2020-10","creditCardSecurityCode":"123"},"billToAddress":{"address1":"4209 E STONECREEK CIR","address2":"","city":"HOLLYWOOD","state":"FL","zip":"33024","country":"US"}},{"type":"AuthorizeAndCapture","method":"Coupon","methodDetails":{"code":"Fre3Aut0Sh!p"}}]}}
Entry response : {"meta":{"Link":"<http:\/\/unicity.github.io\/Hydra.php\/docs\/v5\/>; rel=\"help\"","X-Request-UUID":"16a64fb9-39ae-99ba-a7ee-6cfabc04c85f","X-Request-Release":"5-2020100902\/master","Cache-Control":"no-cache, must-revalidate","Expires":"0","X-Powered-By":"Luracast Restler v3.0.0rc5","Content-Type":"text\/javascript; charset=utf-8","Content-Language":"en-US","X-Status-Code":"201"},"data":{"market":"US","notes":"","shippingMethod":{"type":"2Days","href":"https:\/\/hydraqa.unicity.net\/v5a-test\/shippingmethods?type=2Days","location":""},"shipToAddress":{"country":"US","state":"FL","city":"HOLLYWOOD","zip":"33024","address1":"4209 E STONECREEK CIR","address2":""},"shipToEmail":"HLXTPE@gmail.com","shipToName":{"firstName":"TestFirstName","lastName":"TestLastName"},"shipToPhone":"9823746323","shipToTime":null,"source":null,"type":null,"lines":{"items":[{"quantity":1,"item":{"href":"https:\/\/hydraqa.unicity.net\/v5a-test\/items?id.unicity=31859","id":{"unicity":"31859"},"weightEach":{"value":0,"unit":"lbs"},"dimensionsEach":{"width":0,"height":0,"depth":0,"unit":"in"},"taxedAs":"goods"},"quantityLimit":{"quantityQuota":-1,"timeFrameDays":-1,"quantityOrdered":0},"terms":{"subtotal":null,"priceEach":225,"pvEach":130,"cvEach":130,"taxablePriceEach":225,"tax":{"categoryDescription":null,"aggregate":{"items":[{"jurisdiction":{"state":"FLORIDA"},"type":"State","amount":0,"percentage":0},{"jurisdiction":{"county":"BROWARD"},"type":"County","amount":0,"percentage":0}],"amount":0}},"pv":130,"price":225},"catalogSlide":{"content":{"description":"Pack U 365 Empower US\/PR"}},"kitChildren":[{"item":{"id":{"unicity":"29408"},"weightEach":{"value":0.5,"unit":"lbs"},"dimensionsEach":{"width":6.4,"height":4.25,"depth":2.9,"unit":"in"},"taxedAs":"goods"},"quantity":1,"terms":{"subtotal":null,"priceEach":95,"pvEach":52,"cvEach":52,"taxablePriceEach":95,"tax":{"categoryDescription":"TG240","aggregate":{"items":[{"jurisdiction":{"state":"FLORIDA"},"type":"State","amount":5.7,"percentage":6},{"jurisdiction":{"county":"BROWARD"},"type":"County","amount":0.95,"percentage":1}],"amount":6.65}}},"catalogSlide":{"content":{"description":"Unimate"}}},{"item":{"id":{"unicity":"26552"},"weightEach":{"value":0.8,"unit":"lbs"},"dimensionsEach":{"width":6.5,"height":4.25,"depth":3,"unit":"in"},"taxedAs":"goods"},"quantity":1,"terms":{"subtotal":null,"priceEach":85,"pvEach":50,"cvEach":50,"taxablePriceEach":85,"tax":{"categoryDescription":"TG240","aggregate":{"items":[{"jurisdiction":{"state":"FLORIDA"},"type":"State","amount":5.1,"percentage":6},{"jurisdiction":{"county":"BROWARD"},"type":"County","amount":0.85,"percentage":1}],"amount":5.95}}},"catalogSlide":{"content":{"description":"Matcha Energy 30"}}},{"item":{"id":{"unicity":"30400"},"weightEach":{"value":0.28,"unit":"lbs"},"dimensionsEach":{"width":2.25,"height":4.25,"depth":2.25,"unit":"in"},"taxedAs":"goods"},"quantity":1,"terms":{"subtotal":null,"priceEach":45,"pvEach":28,"cvEach":28,"taxablePriceEach":45,"tax":{"categoryDescription":"TG75","aggregate":{"items":[{"jurisdiction":{"state":"FLORIDA"},"type":"State","amount":0,"percentage":0},{"jurisdiction":{"county":"BROWARD"},"type":"County","amount":0,"percentage":0}],"amount":0}}},"catalogSlide":{"content":{"description":"OmegaLife-3 Resolv"}}}]}],"aggregate":{"weight":{"unit":"lbs","value":1.58}}},"transactions":{"items":[{"amount":258.07,"billToAddress":{"address1":"4209 E STONECREEK CIR","address2":"","city":"HOLLYWOOD","state":"FL","zip":"33024","country":"US"},"billToEmail":null,"billToName":null,"billToPhone":null,"installments":null,"method":"CreditCard","methodDetails":{"creditCardExpires":"2020-10","payer":"CCNameTest","payerId":null,"creditCardNumberMasked":"411111xxxxxx1111","creditCardNetwork":"visa"},"type":"AuthorizeAndCapture","index":1,"authorization":"40055348834","id":{"teller":277990}}],"aggregate":{"amount":258.07}},"terms":{"subtotal":225,"discount":{"amount":0},"freight":{"amount":19.13,"terms":{"tax":{"aggregate":{"items":[{"jurisdiction":{"state":"FLORIDA"},"type":"State","amount":1.15,"percentage":6},{"jurisdiction":{"county":"BROWARD"},"type":"County","amount":0.19,"percentage":1}],"amount":1.34}}}},"pretotal":258.07,"pv":130,"tax":{"amount":13.94},"taxableTotal":244.13,"timbre":{"amount":0},"total":258.07,"weight":1.58},"dateCreated":"2020-10-13T11:36:25-06:00","currency":"USD","giftReceipt":false,"customer":{"humanName":{"firstName":"TestFirstName","lastName":"TestLastName"},"mainAddress":{"city":"HOLLYWOOD","country":"US","state":"FL","zip":"33024","address1":"4209 E STONECREEK CIR","address2":""},"type":"PreferredCustomer","email":"HLXTPE@gmail.com","gender":"male","password":{"value":"Unicity"},"enroller":{"href":"https:\/\/hydraqa.unicity.net\/v5a-test\/customers\/f0cbfab7062ed827a4e700264e473f1d","id":{"unicity":"2"},"email":"danw@infotraxsys.com","humanName":{"fullName":"Referral Program"}},"sponsor":{"href":"https:\/\/hydraqa.unicity.net\/v5a-test\/customers\/f0cbfab7062ed827a4e700264e473f1d","id":{"unicity":"2"},"email":"danw@infotraxsys.com"},"homePhone":"9823746323","preferredLocale":"en-US","maritalStatus":"Married","autoorders":{"items":[{"id":{"unicity":105785},"transactions":{"items":[]}}]},"rights":[],"status":"Active","id":{"unicity":"208565001"},"token":"9f91713b-0ea0-40d3-ac86-494245526230","href":"https:\/\/hydraqa.unicity.net\/v5a-test\/customers\/5feeea9cabe9bab87f43809ab7b7738710f6b811ac17bd269a35a64cfc87bf11"},"_isInitialOrder":true,"added_lines":{"items":[],"aggregate":{"weight":{"unit":"lbs","value":0}}},"seller":{"href":"https:\/\/hydraqa.unicity.net\/v5a-test\/sellers\/e7c10d4e70b0c857a99c16576ade8003","id":{"unicity":"5"}},"added_transactions":{"items":[]},"id":{"unicity":"01-52729304"},"href":"https:\/\/hydraqa.unicity.net\/v5a-test\/orders\/8a5ab8497ad0976d93b596970066dc4b5160d66f6f72477ecfb18b4213bf8404"}}
Headers-->keep-alive
Headers-->2610
Headers-->application/json, text/plain, */*
Headers-->en-US
Headers-->application/json;charset=UTF-8
]]></system-out>
    <system-err><![CDATA[Starting ChromeDriver 2.36.540470 (e522d04694c7ebea4ba8821272dbef4f9b818c91) on port 20650
Only local connections are allowed.
Oct 13, 2020 11:33:02 AM org.openqa.selenium.remote.ProtocolHandshake createSession
INFO: Detected dialect: OSS
]]></system-err>
  </testcase>
  <testcase name="Enroll" classname="Tests.PrefferedCustomer" time="255.024">
    <failure message="Major market is missing expected [Ukraine] but found [Turkey]" type="java.lang.AssertionError">java.lang.AssertionError: Major market is missing expected [Ukraine] but found [Turkey]
	at Tests.PrefferedCustomer.Enroll(PrefferedCustomer.java:104)
</failure>
    <system-out><![CDATA[Request URL: https://hydraqa.unicity.net/v5a-test/quotes?&expand=item
Entry Quotes response : {"items":[{"lines":{"items":[{"item":{"href":"https://hydraqa.unicity.net/v5a-test/items/051e765a5a71835a859c2757edd359f0","id":{"unicity":"26580"}},"quantity":1,"terms":{"priceEach":225,"taxEach":{"amount":0},"discountEach":{"amount":0},"pvEach":130},"quantityLimit":{"quantityQuota":-1,"timeFrameDays":-1,"quantityOrdered":0}}]},"currency":"USD"},{"lines":{"items":[{"item":{"href":"https://hydraqa.unicity.net/v5a-test/items/38da42f991a40a00153b2e5055b82dbf","id":{"unicity":"27801"}},"quantity":1,"terms":{"priceEach":225,"taxEach":{"amount":0},"discountEach":{"amount":0},"pvEach":130},"quantityLimit":{"quantityQuota":-1,"timeFrameDays":-1,"quantityOrdered":0}}]},"currency":"USD"},{"lines":{"items":[{"item":{"href":"https://hydraqa.unicity.net/v5a-test/items/9ff4257741d464b686d15be955b8afb6","id":{"unicity":"0963"}},"quantity":1,"terms":{"priceEach":54,"taxEach":{"amount":0},"discountEach":{"amount":0},"pvEach":25},"quantityLimit":{"quantityQuota":-1,"timeFrameDays":-1,"quantityOrdered":0}}]},"currency":"USD"},{"lines":{"items":[{"item":{"href":"https://hydraqa.unicity.net/v5a-test/items/716b7a0bca7fa73e42e000d668e7ee65","id":{"unicity":"15129"}},"quantity":1,"terms":{"priceEach":29,"taxEach":{"amount":0},"discountEach":{"amount":0},"pvEach":10},"quantityLimit":{"quantityQuota":-1,"timeFrameDays":-1,"quantityOrdered":0}}]},"currency":"USD"},{"lines":{"items":[{"item":{"href":"https://hydraqa.unicity.net/v5a-test/items/390a7ae70d5669561ecdf7d5cff2671b","id":{"unicity":"15271"}},"quantity":1,"terms":{"priceEach":89,"taxEach":{"amount":0},"discountEach":{"amount":0},"pvEach":27},"quantityLimit":{"quantityQuota":-1,"timeFrameDays":-1,"quantityOrdered":0}}]},"currency":"USD"},{"lines":{"items":[{"item":{"href":"https://hydraqa.unicity.net/v5a-test/items/4b2034f47fce90b87bba28c5c2d7c25d","id":{"unicity":"15880"}},"quantity":1,"terms":{"priceEach":76,"taxEach":{"amount":0},"discountEach":{"amount":0},"pvEach":41},"quantityLimit":{"quantityQuota":-1,"timeFrameDays":-1,"quantityOrdered":0}}]},"currency":"USD"},{"lines":{"items":[{"item":{"href":"https://hydraqa.unicity.net/v5a-test/items/2c4c1abe00983e85aaa918d2ce341491","id":{"unicity":"17174"}},"quantity":1,"terms":{"priceEach":22,"taxEach":{"amount":0},"discountEach":{"amount":0},"pvEach":10},"quantityLimit":{"quantityQuota":-1,"timeFrameDays":-1,"quantityOrdered":0}}]},"currency":"USD"},{"lines":{"items":[{"item":{"href":"https://hydraqa.unicity.net/v5a-test/items/cea826eab72d44641c070aab6c97c1ac","id":{"unicity":"22747"}},"quantity":1,"terms":{"priceEach":35,"taxEach":{"amount":0},"discountEach":{"amount":0},"pvEach":16},"quantityLimit":{"quantityQuota":-1,"timeFrameDays":-1,"quantityOrdered":0}}]},"currency":"USD"},{"lines":{"items":[{"item":{"href":"https://hydraqa.unicity.net/v5a-test/items/5c2f1613082782e691d32fe9ce034026","id":{"unicity":"23728"}},"quantity":1,"terms":{"priceEach":34,"taxEach":{"amount":0},"discountEach":{"amount":0},"pvEach":13},"quantityLimit":{"quantityQuota":-1,"timeFrameDays":-1,"quantityOrdered":0}}]},"currency":"USD"},{"lines":{"items":[{"item":{"href":"https://hydraqa.unicity.net/v5a-test/items/64ec7ad932acafab052a4e8800ad1238","id":{"unicity":"24758"}},"quantity":1,"terms":{"priceEach":40,"taxEach":{"amount":0},"discountEach":{"amount":0},"pvEach":21},"quantityLimit":{"quantityQuota":-1,"timeFrameDays":-1,"quantityOrdered":0}}]},"currency":"USD"},{"lines":{"items":[{"item":{"href":"https://hydraqa.unicity.net/v5a-test/items/9a7715e888c94989d898fe4653645721","id":{"unicity":"26550"}},"quantity":1,"terms":{"priceEach":99,"taxEach":{"amount":0},"discountEach":{"amount":0},"pvEach":52},"quantityLimit":{"quantityQuota":-1,"timeFrameDays":-1,"quantityOrdered":0}}]},"currency":"USD"},{"lines":{"items":[{"item":{"href":"https://hydraqa.unicity.net/v5a-test/items/3af97c67f653253825a9189a27da57d6","id":{"unicity":"26556"}},"quantity":1,"terms":{"priceEach":101,"taxEach":{"amount":0},"discountEach":{"amount":0},"pvEach":61},"quantityLimit":{"quantityQuota":-1,"timeFrameDays":-1,"quantityOrdered":0}}]},"currency":"USD"},{"lines":{"items":[{"item":{"href":"https://hydraqa.unicity.net/v5a-test/items/0cf62d38e91953b43dcfe88b06f813cb","id":{"unicity":"26557"}},"quantity":1,"terms":{"priceEach":101,"taxEach":{"amount":0},"discountEach":{"amount":0},"pvEach":61},"quantityLimit":{"quantityQuota":-1,"timeFrameDays":-1,"quantityOrdered":0}}]},"currency":"USD"},{"lines":{"items":[{"item":{"href":"https://hydraqa.unicity.net/v5a-test/items/398d06b858b960f6f38086d40608aef2","id":{"unicity":"26560"}},"quantity":1,"terms":{"priceEach":21,"taxEach":{"amount":0},"discountEach":{"amount":0},"pvEach":12},"quantityLimit":{"quantityQuota":-1,"timeFrameDays":-1,"quantityOrdered":0}}]},"currency":"USD"},{"lines":{"items":[{"item":{"href":"https://hydraqa.unicity.net/v5a-test/items/cda534d686af5d627c94c4bb2c4b57d8","id":{"unicity":"26561"}},"quantity":1,"terms":{"priceEach":21,"taxEach":{"amount":0},"discountEach":{"amount":0},"pvEach":11},"quantityLimit":{"quantityQuota":-1,"timeFrameDays":-1,"quantityOrdered":0}}]},"currency":"USD"},{"lines":{"items":[{"item":{"href":"https://hydraqa.unicity.net/v5a-test/items/0a3ede185ddf034630afd891c5106d33","id":{"unicity":"26562"}},"quantity":1,"terms":{"priceEach":43,"taxEach":{"amount":0},"discountEach":{"amount":0},"pvEach":25},"quantityLimit":{"quantityQuota":-1,"timeFrameDays":-1,"quantityOrdered":0}}]},"currency":"USD"},{"lines":{"items":[{"item":{"href":"https://hydraqa.unicity.net/v5a-test/items/16ca68abaaa92505c257be022a154769","id":{"unicity":"27615"}},"quantity":1,"terms":{"priceEach":37,"taxEach":{"amount":0},"discountEach":{"amount":0},"pvEach":21},"quantityLimit":{"quantityQuota":-1,"timeFrameDays":-1,"quantityOrdered":0}}]},"currency":"USD"},{"lines":{"items":[{"item":{"href":"https://hydraqa.unicity.net/v5a-test/items/1bd53de7fe880ba71f46c9976ca2c137","id":{"unicity":"27739"}},"quantity":1,"terms":{"priceEach":43,"taxEach":{"amount":0},"discountEach":{"amount":0},"pvEach":13},"quantityLimit":{"quantityQuota":-1,"timeFrameDays":-1,"quantityOrdered":0}}]},"currency":"USD"},{"lines":{"items":[{"item":{"href":"https://hydraqa.unicity.net/v5a-test/items/1945faa1776541d53120ecfe3c1d8a2b","id":{"unicity":"24418"}},"quantity":1,"terms":{"priceEach":7,"taxEach":{"amount":0},"discountEach":{"amount":0},"pvEach":0},"quantityLimit":{"quantityQuota":-1,"timeFrameDays":-1,"quantityOrdered":0}}]},"currency":"USD"},{"lines":{"items":[{"item":{"href":"https://hydraqa.unicity.net/v5a-test/items/9a6e1d094182389c3da8e0a320ff0e00","id":{"unicity":"27585"}},"quantity":1,"terms":{"priceEach":69,"taxEach":{"amount":0},"discountEach":{"amount":0},"pvEach":33},"quantityLimit":{"quantityQuota":-1,"timeFrameDays":-1,"quantityOrdered":0}}]},"currency":"USD"},{"lines":{"items":[{"item":{"href":"https://hydraqa.unicity.net/v5a-test/items/b127a2d34d3d73e2f53e4c2002a7a4a2","id":{"unicity":"25008"}},"quantity":1,"terms":{"priceEach":24,"taxEach":{"amount":0},"discountEach":{"amount":0},"pvEach":15},"quantityLimit":{"quantityQuota":-1,"timeFrameDays":-1,"quantityOrdered":0}}]},"currency":"USD"},{"lines":{"items":[{"item":{"href":"https://hydraqa.unicity.net/v5a-test/items/10da226fab00279b4f89df10af2a10b7","id":{"unicity":"26442"}},"quantity":1,"terms":{"priceEach":8,"taxEach":{"amount":0},"discountEach":{"amount":0},"pvEach":0},"quantityLimit":{"quantityQuota":-1,"timeFrameDays":-1,"quantityOrdered":0}}]},"currency":"USD"},{"lines":{"items":[{"item":{"href":"https://hydraqa.unicity.net/v5a-test/items/933f0856fd8ec1df83c5283dabf4ec3c","id":{"unicity":"6200"}},"quantity":1,"terms":{"priceEach":88,"taxEach":{"amount":0},"discountEach":{"amount":0},"pvEach":47},"quantityLimit":{"quantityQuota":-1,"timeFrameDays":-1,"quantityOrdered":0}}]},"currency":"USD"},{"lines":{"items":[{"item":{"href":"https://hydraqa.unicity.net/v5a-test/items/8d994059c399f5551ab112574e4476fc","id":{"unicity":"24785"}},"quantity":1,"terms":{"priceEach":18,"taxEach":{"amount":0},"discountEach":{"amount":0},"pvEach":9},"quantityLimit":{"quantityQuota":-1,"timeFrameDays":-1,"quantityOrdered":0}}]},"currency":"USD"},{"lines":{"items":[{"item":{"href":"https://hydraqa.unicity.net/v5a-test/items/aa0d72ac13b1ce88cf8c4a52ede75a37","id":{"unicity":"26552"}},"quantity":1,"terms":{"priceEach":89,"taxEach":{"amount":0},"discountEach":{"amount":0},"pvEach":50},"quantityLimit":{"quantityQuota":-1,"timeFrameDays":-1,"quantityOrdered":0}}]},"currency":"USD"},{"lines":{"items":[{"item":{"href":"https://hydraqa.unicity.net/v5a-test/items/8b5ed9aa6c6132e1be5e446f69a3465e","id":{"unicity":"0954"}},"quantity":1,"terms":{"priceEach":27,"taxEach":{"amount":0},"discountEach":{"amount":0},"pvEach":15},"quantityLimit":{"quantityQuota":-1,"timeFrameDays":-1,"quantityOrdered":0}}]},"currency":"USD"},{"lines":{"items":[{"item":{"href":"https://hydraqa.unicity.net/v5a-test/items/b2fc4b9ba4aa5cae54389161be2f841f","id":{"unicity":"18401"}},"quantity":1,"terms":{"priceEach":40,"taxEach":{"amount":0},"discountEach":{"amount":0},"pvEach":19},"quantityLimit":{"quantityQuota":-1,"timeFrameDays":-1,"quantityOrdered":0}}]},"currency":"USD"},{"lines":{"items":[{"item":{"href":"https://hydraqa.unicity.net/v5a-test/items/48433ffc76597c823adc2b8627e033e4","id":{"unicity":"26559"}},"quantity":1,"terms":{"priceEach":39,"taxEach":{"amount":0},"discountEach":{"amount":0},"pvEach":20},"quantityLimit":{"quantityQuota":-1,"timeFrameDays":-1,"quantityOrdered":0}}]},"currency":"USD"},{"lines":{"items":[{"item":{"href":"https://hydraqa.unicity.net/v5a-test/items/5a38f009bec6c23b1b3a70432f9722e5","id":{"unicity":"19596"}},"quantity":1,"terms":{"priceEach":63,"taxEach":{"amount":0},"discountEach":{"amount":0},"pvEach":30},"quantityLimit":{"quantityQuota":-1,"timeFrameDays":-1,"quantityOrdered":0}}]},"currency":"USD"},{"lines":{"items":[{"item":{"href":"https://hydraqa.unicity.net/v5a-test/items/ddef5f478ff91aa2263b646a3bd03dea","id":{"unicity":"21420"}},"quantity":1,"terms":{"priceEach":31,"taxEach":{"amount":0},"discountEach":{"amount":0},"pvEach":10},"quantityLimit":{"quantityQuota":-1,"timeFrameDays":-1,"quantityOrdered":0}}]},"currency":"USD"},{"lines":{"items":[{"item":{"href":"https://hydraqa.unicity.net/v5a-test/items/55d3b550a17b78175cc5ac565e4266e8","id":{"unicity":"24621"}},"quantity":1,"terms":{"priceEach":26,"taxEach":{"amount":0},"discountEach":{"amount":0},"pvEach":12},"quantityLimit":{"quantityQuota":-1,"timeFrameDays":-1,"quantityOrdered":0}}]},"currency":"USD"},{"lines":{"items":[{"item":{"href":"https://hydraqa.unicity.net/v5a-test/items/9d9d002b0e21b9bd58ad0154a4f781c5","id":{"unicity":"28836"}},"quantity":1,"terms":{"priceEach":75,"taxEach":{"amount":0},"discountEach":{"amount":0},"pvEach":36},"quantityLimit":{"quantityQuota":-1,"timeFrameDays":-1,"quantityOrdered":0}}]},"currency":"USD"},{"lines":{"items":[{"item":{"href":"https://hydraqa.unicity.net/v5a-test/items/399be8efa903b362515c48315ab2afb9","id":{"unicity":"15712"}},"quantity":1,"terms":{"priceEach":28,"taxEach":{"amount":0},"discountEach":{"amount":0},"pvEach":11},"quantityLimit":{"quantityQuota":-1,"timeFrameDays":-1,"quantityOrdered":0}}]},"currency":"USD"},{"lines":{"items":[{"item":{"href":"https://hydraqa.unicity.net/v5a-test/items/d489ec0d50f6e28d5743afc65439631b","id":{"unicity":"0960"}},"quantity":1,"terms":{"priceEach":48,"taxEach":{"amount":0},"discountEach":{"amount":0},"pvEach":23},"quantityLimit":{"quantityQuota":-1,"timeFrameDays":-1,"quantityOrdered":0}}]},"currency":"USD"},{"lines":{"items":[{"item":{"href":"https://hydraqa.unicity.net/v5a-test/items/66839181d7531692a8d886a9da6fb4d6","id":{"unicity":"25369"}},"quantity":1,"terms":{"priceEach":63,"taxEach":{"amount":0},"discountEach":{"amount":0},"pvEach":25},"quantityLimit":{"quantityQuota":-1,"timeFrameDays":-1,"quantityOrdered":0}}]},"currency":"USD"},{"lines":{"items":[{"item":{"href":"https://hydraqa.unicity.net/v5a-test/items/8ed7a8910d5c5335774fa9cfae0e511d","id":{"unicity":"18386"}},"quantity":1,"terms":{"priceEach":35,"taxEach":{"amount":0},"discountEach":{"amount":0},"pvEach":21},"quantityLimit":{"quantityQuota":-1,"timeFrameDays":-1,"quantityOrdered":0}}]},"currency":"USD"},{"lines":{"items":[{"item":{"href":"https://hydraqa.unicity.net/v5a-test/items/3f2d12d7a0e8551fc99fad3bbe1ba633","id":{"unicity":"26567"}},"quantity":1,"terms":{"priceEach":70,"taxEach":{"amount":0},"discountEach":{"amount":0},"pvEach":35},"quantityLimit":{"quantityQuota":-1,"timeFrameDays":-1,"quantityOrdered":0}}]},"currency":"USD"},{"lines":{"items":[{"item":{"href":"https://hydraqa.unicity.net/v5a-test/items/191637167cb3144bd2e8c4615e9ab67e","id":{"unicity":"26568"}},"quantity":1,"terms":{"priceEach":70,"taxEach":{"amount":0},"discountEach":{"amount":0},"pvEach":35},"quantityLimit":{"quantityQuota":-1,"timeFrameDays":-1,"quantityOrdered":0}}]},"currency":"USD"},{"lines":{"items":[{"item":{"href":"https://hydraqa.unicity.net/v5a-test/items/2cefc6a61faaae3455a5adcb0d8fc74f","id":{"unicity":"15907"}},"quantity":1,"terms":{"priceEach":19,"taxEach":{"amount":0},"discountEach":{"amount":0},"pvEach":5},"quantityLimit":{"quantityQuota":-1,"timeFrameDays":-1,"quantityOrdered":0}}]},"currency":"USD"},{"lines":{"items":[{"item":{"href":"https://hydraqa.unicity.net/v5a-test/items/e870d73cd94149d9f6b55de9736c9daa","id":{"unicity":"3107"}},"quantity":1,"terms":{"priceEach":31,"taxEach":{"amount":0},"discountEach":{"amount":0},"pvEach":16},"quantityLimit":{"quantityQuota":-1,"timeFrameDays":-1,"quantityOrdered":0}}]},"currency":"USD"},{"lines":{"items":[{"item":{"href":"https://hydraqa.unicity.net/v5a-test/items/fa2407c91e64e66a72ab45172eb978df","id":{"unicity":"0988"}},"quantity":1,"terms":{"priceEach":47,"taxEach":{"amount":0},"discountEach":{"amount":0},"pvEach":23},"quantityLimit":{"quantityQuota":-1,"timeFrameDays":-1,"quantityOrdered":0}}]},"currency":"USD"},{"lines":{"items":[{"item":{"href":"https://hydraqa.unicity.net/v5a-test/items/40a1044968ea62276f4ba87fd2ef0d8f","id":{"unicity":"12230"}},"quantity":1,"terms":{"priceEach":52,"taxEach":{"amount":0},"discountEach":{"amount":0},"pvEach":18},"quantityLimit":{"quantityQuota":-1,"timeFrameDays":-1,"quantityOrdered":0}}]},"currency":"USD"},{"lines":{"items":[{"item":{"href":"https://hydraqa.unicity.net/v5a-test/items/112b8c39286598b3730f630f371a45f4","id":{"unicity":"27587"}},"quantity":1,"terms":{"priceEach":71,"taxEach":{"amount":0},"discountEach":{"amount":0},"pvEach":33},"quantityLimit":{"quantityQuota":-1,"timeFrameDays":-1,"quantityOrdered":0}}]},"currency":"USD"},{"lines":{"items":[{"item":{"href":"https://hydraqa.unicity.net/v5a-test/items/e218d1cac5f31e7ae4f5876c29c57377","id":{"unicity":"29017"}},"quantity":1,"terms":{"priceEach":49,"taxEach":{"amount":0},"discountEach":{"amount":0},"pvEach":26},"quantityLimit":{"quantityQuota":-1,"timeFrameDays":-1,"quantityOrdered":0}}]},"currency":"USD"},{"lines":{"items":[{"item":{"href":"https://hydraqa.unicity.net/v5a-test/items/25eaf64b36ce31368f17ae789fd9ac5b","id":{"unicity":"29694"}},"quantity":1,"terms":{"priceEach":69,"taxEach":{"amount":0},"discountEach":{"amount":0},"pvEach":33},"quantityLimit":{"quantityQuota":-1,"timeFrameDays":-1,"quantityOrdered":0}}]},"currency":"USD"},{"lines":{"items":[{"item":{"href":"https://hydraqa.unicity.net/v5a-test/items/634f7efb30392b2a919de1355902d975","id":{"unicity":"29408"}},"quantity":1,"terms":{"priceEach":99,"taxEach":{"amount":0},"discountEach":{"amount":0},"pvEach":52},"quantityLimit":{"quantityQuota":-1,"timeFrameDays":-1,"quantityOrdered":0}}]},"currency":"USD"},{"lines":{"items":[{"item":{"href":"https://hydraqa.unicity.net/v5a-test/items/bb5c627f16547cb4f706cef521bca356","id":{"unicity":"29437"}},"quantity":1,"terms":{"priceEach":78,"taxEach":{"amount":0},"discountEach":{"amount":0},"pvEach":36},"quantityLimit":{"quantityQuota":-1,"timeFrameDays":-1,"quantityOrdered":0}}]},"currency":"USD"},{"lines":{"items":[{"item":{"href":"https://hydraqa.unicity.net/v5a-test/items/991cdbb84a495779eb209fb3956a77e4","id":{"unicity":"29183"}},"quantity":1,"terms":{"priceEach":52,"taxEach":{"amount":0},"discountEach":{"amount":0},"pvEach":24},"quantityLimit":{"quantityQuota":-1,"timeFrameDays":-1,"quantityOrdered":0}}]},"currency":"USD"},{"lines":{"items":[{"item":{"href":"https://hydraqa.unicity.net/v5a-test/items/1b0412bea8c0b841c66f65a36aa14108","id":{"unicity":"29191"}},"quantity":1,"terms":{"priceEach":80,"taxEach":{"amount":0},"discountEach":{"amount":0},"pvEach":36},"quantityLimit":{"quantityQuota":-1,"timeFrameDays":-1,"quantityOrdered":0}}]},"currency":"USD"},{"lines":{"items":[{"item":{"href":"https://hydraqa.unicity.net/v5a-test/items/362999101a321b721c87110710ae77b0","id":{"unicity":"29352"}},"quantity":1,"terms":{"priceEach":149,"taxEach":{"amount":0},"discountEach":{"amount":0},"pvEach":80},"quantityLimit":{"quantityQuota":-1,"timeFrameDays":-1,"quantityOrdered":0}}]},"currency":"USD"},{"lines":{"items":[{"item":{"href":"https://hydraqa.unicity.net/v5a-test/items/24ff5bda40c0d0e7eaa511866d052915","id":{"unicity":"29612"}},"quantity":1,"terms":{"priceEach":61,"taxEach":{"amount":0},"discountEach":{"amount":0},"pvEach":30},"quantityLimit":{"quantityQuota":-1,"timeFrameDays":-1,"quantityOrdered":0}}]},"currency":"USD"},{"lines":{"items":[{"item":{"href":"https://hydraqa.unicity.net/v5a-test/items/e0a19d3d676bccfdba0ab3d9f2766359","id":{"unicity":"30350"}},"quantity":1,"terms":{"priceEach":60,"taxEach":{"amount":0},"discountEach":{"amount":0},"pvEach":30},"quantityLimit":{"quantityQuota":-1,"timeFrameDays":-1,"quantityOrdered":0}}]},"currency":"USD"},{"lines":{"items":[{"item":{"href":"https://hydraqa.unicity.net/v5a-test/items/024e696f8b44a1d315006e676604cd31","id":{"unicity":"27395"}},"quantity":1,"terms":{"priceEach":32,"taxEach":{"amount":0},"discountEach":{"amount":0},"pvEach":16},"quantityLimit":{"quantityQuota":-1,"timeFrameDays":-1,"quantityOrdered":0}}]},"currency":"USD"},{"lines":{"items":[{"item":{"href":"https://hydraqa.unicity.net/v5a-test/items/05ca08f3808f126c0cc42154c50fc75c","id":{"unicity":"29440"}},"quantity":1,"terms":{"priceEach":138,"taxEach":{"amount":0},"discountEach":{"amount":0},"pvEach":90},"quantityLimit":{"quantityQuota":-1,"timeFrameDays":-1,"quantityOrdered":0}}]},"currency":"USD"},{"lines":{"items":[{"item":{"href":"https://hydraqa.unicity.net/v5a-test/items/764e2db430d361da99e8f6b70c4d0244","id":{"unicity":"29830"}},"quantity":1,"terms":{"priceEach":20,"taxEach":{"amount":0},"discountEach":{"amount":0},"pvEach":7},"quantityLimit":{"quantityQuota":-1,"timeFrameDays":-1,"quantityOrdered":0}}]},"currency":"USD"},{"lines":{"items":[{"item":{"href":"https://hydraqa.unicity.net/v5a-test/items/035189015384166df518a68ede0299a9","id":{"unicity":"30408"}},"quantity":1,"terms":{"priceEach":101,"taxEach":{"amount":0},"discountEach":{"amount":0},"pvEach":50},"quantityLimit":{"quantityQuota":-1,"timeFrameDays":-1,"quantityOrdered":0}}]},"currency":"USD"},{"lines":{"items":[{"item":{"href":"https://hydraqa.unicity.net/v5a-test/items/b91affa753dd5ee8a9acef4fa7e2c9a7","id":{"unicity":"30414"}},"quantity":1,"terms":{"priceEach":110,"taxEach":{"amount":0},"discountEach":{"amount":0},"pvEach":65},"quantityLimit":{"quantityQuota":-1,"timeFrameDays":-1,"quantityOrdered":0}}]},"currency":"USD"},{"lines":{"items":[{"item":{"href":"https://hydraqa.unicity.net/v5a-test/items/2835b1a78e379486f0ffbfd5fb9f6b0a","id":{"unicity":"30400"}},"quantity":1,"terms":{"priceEach":49,"taxEach":{"amount":0},"discountEach":{"amount":0},"pvEach":28},"quantityLimit":{"quantityQuota":-1,"timeFrameDays":-1,"quantityOrdered":0}}]},"currency":"USD"},{"lines":{"items":[{"item":{"href":"https://hydraqa.unicity.net/v5a-test/items/0e78fbdfebef11cd62f8d2120064ee58","id":{"unicity":"30280"}},"quantity":1,"terms":{"priceEach":52,"taxEach":{"amount":0},"discountEach":{"amount":0},"pvEach":24},"quantityLimit":{"quantityQuota":-1,"timeFrameDays":-1,"quantityOrdered":0}}]},"currency":"USD"},{"lines":{"items":[{"item":{"href":"https://hydraqa.unicity.net/v5a-test/items/5bda067b70c43971650a6ef983f612e4","id":{"unicity":"31728"}},"quantity":1,"terms":{"priceEach":160,"taxEach":{"amount":0},"discountEach":{"amount":0},"pvEach":94},"quantityLimit":{"quantityQuota":-1,"timeFrameDays":-1,"quantityOrdered":0}}]},"currency":"USD"},{"lines":{"items":[{"item":{"href":"https://hydraqa.unicity.net/v5a-test/items/00c2eb70c985722ce208490aece00945","id":{"unicity":"31729"}},"quantity":1,"terms":{"priceEach":170,"taxEach":{"amount":0},"discountEach":{"amount":0},"pvEach":100},"quantityLimit":{"quantityQuota":-1,"timeFrameDays":-1,"quantityOrdered":0}}]},"currency":"USD"},{"lines":{"items":[{"item":{"href":"https://hydraqa.unicity.net/v5a-test/items/693a7c4a70b06a00471afe8d6cae5023","id":{"unicity":"31730"}},"quantity":1,"terms":{"priceEach":150,"taxEach":{"amount":0},"discountEach":{"amount":0},"pvEach":80},"quantityLimit":{"quantityQuota":-1,"timeFrameDays":-1,"quantityOrdered":0}}]},"currency":"USD"},{"lines":{"items":[{"item":{"href":"https://hydraqa.unicity.net/v5a-test/items/ccb242d74dcb1fe621cc7bfe1b1de315","id":{"unicity":"31731"}},"quantity":1,"terms":{"priceEach":112,"taxEach":{"amount":0},"discountEach":{"amount":0},"pvEach":60},"quantityLimit":{"quantityQuota":-1,"timeFrameDays":-1,"quantityOrdered":0}}]},"currency":"USD"},{"lines":{"items":[{"item":{"href":"https://hydraqa.unicity.net/v5a-test/items/3875e24e6b6ebdf36c79d205614ed51e","id":{"unicity":"31846"}},"quantity":1,"terms":{"priceEach":160,"taxEach":{"amount":0},"discountEach":{"amount":0},"pvEach":94},"quantityLimit":{"quantityQuota":-1,"timeFrameDays":-1,"quantityOrdered":0}}]},"currency":"USD"},{"lines":{"items":[{"item":{"href":"https://hydraqa.unicity.net/v5a-test/items/89b6d29a85a88d44d65bc8cca3fefc65","id":{"unicity":"31845"}},"quantity":1,"terms":{"priceEach":170,"taxEach":{"amount":0},"discountEach":{"amount":0},"pvEach":100},"quantityLimit":{"quantityQuota":-1,"timeFrameDays":-1,"quantityOrdered":0}}]},"currency":"USD"},{"lines":{"items":[{"item":{"href":"https://hydraqa.unicity.net/v5a-test/items/fbb319232b7eed110794d46a68302acb","id":{"unicity":"31847"}},"quantity":1,"terms":{"priceEach":150,"taxEach":{"amount":0},"discountEach":{"amount":0},"pvEach":80},"quantityLimit":{"quantityQuota":-1,"timeFrameDays":-1,"quantityOrdered":0}}]},"currency":"USD"},{"lines":{"items":[{"item":{"href":"https://hydraqa.unicity.net/v5a-test/items/cf8460040a1860bcabf250b6c1171675","id":{"unicity":"31858"}},"quantity":1,"terms":{"priceEach":330,"taxEach":{"amount":0},"discountEach":{"amount":0},"pvEach":195},"quantityLimit":{"quantityQuota":-1,"timeFrameDays":-1,"quantityOrdered":0}}]},"currency":"USD"},{"lines":{"items":[{"item":{"href":"https://hydraqa.unicity.net/v5a-test/items/2de8516a24af8232add0bb392e750a71","id":{"unicity":"31859"}},"quantity":1,"terms":{"priceEach":225,"taxEach":{"amount":0},"discountEach":{"amount":0},"pvEach":130},"quantityLimit":{"quantityQuota":-1,"timeFrameDays":-1,"quantityOrdered":0}}]},"currency":"USD"},{"lines":{"items":[{"item":{"href":"https://hydraqa.unicity.net/v5a-test/items/fd464cd7972cc1317e850b9196d886b8","id":{"unicity":"31863"}},"quantity":1,"terms":{"priceEach":255,"taxEach":{"amount":0},"discountEach":{"amount":0},"pvEach":148},"quantityLimit":{"quantityQuota":-1,"timeFrameDays":-1,"quantityOrdered":0}}]},"currency":"USD"},{"lines":{"items":[{"item":{"href":"https://hydraqa.unicity.net/v5a-test/items/e47fd287212acedd1cffb2b67bf623bd","id":{"unicity":"31862"}},"quantity":1,"terms":{"priceEach":255,"taxEach":{"amount":0},"discountEach":{"amount":0},"pvEach":148},"quantityLimit":{"quantityQuota":-1,"timeFrameDays":-1,"quantityOrdered":0}}]},"currency":"USD"},{"lines":{"items":[{"item":{"href":"https://hydraqa.unicity.net/v5a-test/items/d4c8fce238d6fc34d17a4b36d1e4e59a","id":{"unicity":"31860"}},"quantity":1,"terms":{"priceEach":245,"taxEach":{"amount":0},"discountEach":{"amount":0},"pvEach":135},"quantityLimit":{"quantityQuota":-1,"timeFrameDays":-1,"quantityOrdered":0}}]},"currency":"USD"},{"lines":{"items":[{"item":{"href":"https://hydraqa.unicity.net/v5a-test/items/4ab49eca1731e69206ccafb5112ad5a4","id":{"unicity":"31861"}},"quantity":1,"terms":{"priceEach":245,"taxEach":{"amount":0},"discountEach":{"amount":0},"pvEach":135},"quantityLimit":{"quantityQuota":-1,"timeFrameDays":-1,"quantityOrdered":0}}]},"currency":"USD"},{"lines":{"items":[{"item":{"href":"https://hydraqa.unicity.net/v5a-test/items/077823d29445b9020de9931f10c63efd","id":{"unicity":"31958"}},"quantity":1,"terms":{"priceEach":160,"taxEach":{"amount":0},"discountEach":{"amount":0},"pvEach":85},"quantityLimit":{"quantityQuota":-1,"timeFrameDays":-1,"quantityOrdered":0}}]},"currency":"USD"},{"lines":{"items":[{"item":{"href":"https://hydraqa.unicity.net/v5a-test/items/bfddb53fe0d5ed5432c531dc9850cbe4","id":{"unicity":"29449"}},"quantity":1,"terms":{"priceEach":43,"taxEach":{"amount":0},"discountEach":{"amount":0},"pvEach":25},"quantityLimit":{"quantityQuota":-1,"timeFrameDays":-1,"quantityOrdered":0}}]},"currency":"USD"},{"lines":{"items":[{"item":{"href":"https://hydraqa.unicity.net/v5a-test/items/7fc100f8d20814757efe2d79e41b315c","id":{"unicity":"32021"}},"quantity":1,"terms":{"priceEach":104,"taxEach":{"amount":0},"discountEach":{"amount":0},"pvEach":60},"quantityLimit":{"quantityQuota":-1,"timeFrameDays":-1,"quantityOrdered":0}}]},"currency":"USD"},{"lines":{"items":[{"item":{"href":"https://hydraqa.unicity.net/v5a-test/items/50747027a065cb8361c1f0d6eb880466","id":{"unicity":"32030"}},"quantity":1,"terms":{"priceEach":179,"taxEach":{"amount":0},"discountEach":{"amount":0},"pvEach":102},"quantityLimit":{"quantityQuota":-1,"timeFrameDays":-1,"quantityOrdered":0}}]},"currency":"USD"},{"lines":{"items":[{"item":{"href":"https://hydraqa.unicity.net/v5a-test/items/c201dcd36f4bb7e17e7a8481ef08d6f2","id":{"unicity":"31518"}},"quantity":1,"terms":{"priceEach":38,"taxEach":{"amount":0},"discountEach":{"amount":0},"pvEach":14},"quantityLimit":{"quantityQuota":-1,"timeFrameDays":-1,"quantityOrdered":0}}]},"currency":"USD"},{"lines":{"items":[{"item":{"href":"https://hydraqa.unicity.net/v5a-test/items/bed533c634e887357ff031d8e4c776b0","id":{"unicity":"31751"}},"quantity":1,"terms":{"priceEach":115,"taxEach":{"amount":0},"discountEach":{"amount":0},"pvEach":50},"quantityLimit":{"quantityQuota":-1,"timeFrameDays":-1,"quantityOrdered":0}}]},"currency":"USD"},{"lines":{"items":[{"item":{"href":"https://hydraqa.unicity.net/v5a-test/items/69461244686345ba75765978ef53c749","id":{"unicity":"32015"}},"quantity":1,"terms":{"priceEach":6.95,"taxEach":{"amount":0},"discountEach":{"amount":0},"pvEach":0},"quantityLimit":{"quantityQuota":-1,"timeFrameDays":-1,"quantityOrdered":0}}]},"currency":"USD"},{"lines":{"items":[{"item":{"href":"https://hydraqa.unicity.net/v5a-test/items/c674cdded8a54983aae3c5dcb32c9e38","id":{"unicity":"32628"}},"quantity":1,"terms":{"priceEach":89,"taxEach":{"amount":0},"discountEach":{"amount":0},"pvEach":50},"quantityLimit":{"quantityQuota":-1,"timeFrameDays":-1,"quantityOrdered":0}}]},"currency":"USD"},{"lines":{"items":[{"item":{"href":"https://hydraqa.unicity.net/v5a-test/items/69d8547e9e264505ce055e09920659fd","id":{"unicity":"33019"}},"quantity":1,"terms":{"priceEach":210,"taxEach":{"amount":0},"discountEach":{"amount":0},"pvEach":151},"quantityLimit":{"quantityQuota":-1,"timeFrameDays":-1,"quantityOrdered":0}}]},"currency":"USD"},{"lines":{"items":[{"item":{"href":"https://hydraqa.unicity.net/v5a-test/items/30b5c0f54df52286b3d87a6a1dfd314a","id":{"unicity":"33018"}},"quantity":1,"terms":{"priceEach":227,"taxEach":{"amount":0},"discountEach":{"amount":0},"pvEach":133},"quantityLimit":{"quantityQuota":-1,"timeFrameDays":-1,"quantityOrdered":0}}]},"currency":"USD"},{"lines":{"items":[{"item":{"href":"https://hydraqa.unicity.net/v5a-test/items/16a422e03f6e3a79ba7bcd7fd50e31c0","id":{"unicity":"33017"}},"quantity":1,"terms":{"priceEach":166,"taxEach":{"amount":0},"discountEach":{"amount":0},"pvEach":110},"quantityLimit":{"quantityQuota":-1,"timeFrameDays":-1,"quantityOrdered":0}}]},"currency":"USD"},{"lines":{"items":[{"item":{"href":"https://hydraqa.unicity.net/v5a-test/items/30f2eb8ab275ef57ae8082b3435a3d69","id":{"unicity":"33016"}},"quantity":1,"terms":{"priceEach":220,"taxEach":{"amount":0},"discountEach":{"amount":0},"pvEach":142},"quantityLimit":{"quantityQuota":-1,"timeFrameDays":-1,"quantityOrdered":0}}]},"currency":"USD"},{"lines":{"items":[{"item":{"href":"https://hydraqa.unicity.net/v5a-test/items/e30d5100db17be47578745dce83039e6","id":{"unicity":"32838"}},"quantity":1,"terms":{"priceEach":14.95,"taxEach":{"amount":0},"discountEach":{"amount":0},"pvEach":0},"quantityLimit":{"quantityQuota":-1,"timeFrameDays":-1,"quantityOrdered":0}}]},"currency":"USD"},{"lines":{"items":[{"item":{"href":"https://hydraqa.unicity.net/v5a-test/items/fe5a19bac5623c055f1bebbc7fce8f1d","id":{"unicity":"33476"}},"quantity":1,"terms":{"priceEach":174,"taxEach":{"amount":0},"discountEach":{"amount":0},"pvEach":100},"quantityLimit":{"quantityQuota":-1,"timeFrameDays":-1,"quantityOrdered":0}}]},"currency":"USD"}]}
Entry request : {"order":{"customer":{"href":"https://hydraqa.unicity.net/v5a-test/customers?type=PreferredCustomer"},"shipToAddress":{"country":"US"}},"vary":{"lines":{"items":[{"item":{"href":"https://hydraqa.unicity.net/v5a-test/items?id.unicity=26580|31440|31441|27801|0963|15129|15271|15880|17174|22745|22747|23728|24758|25022|26550|26556|26557|26560|26561|26562|27615|27739|24418|27585|25008|26442|26551|6200|15916|18908|24785|26552|27028|0954|18401|27029|26559|19596|26945|21420|24621|28836|15712|0960|25369|18386|26567|26568|15907|28513|3107|0988|12230|26950|26786|27587|29017|29694|29408|29437|29183|29191|29352|29612|30350|27395|29440|29830|30408|30414|30400|30280|31314|31728|31729|31730|31731|31846|31845|31847|31858|31859|31863|31862|31860|31861|31958|29449|32021|32030|31518|31751|32015|32628|33019|33018|33017|33016|32838|33476|32019|26555"}}]}}}
Request URL: https://hydraqa.unicity.net/v5a-test/customers.js?_httpMethod=HEAD&callback=angular.callbacks._1&email=YIQPLF@gmail.com
Unicity [Date=Tue, 13 Oct 2020 17:39:29 GMT, Content-Type=text/javascript; charset=utf-8, Content-Length=1376, Connection=keep-alive, Set-Cookie=__cfduid=d436dad5a219bf3f8b0a1e7edc7ad7dc01602610765; expires=Thu, 12-Nov-20 17:39:25 GMT; path=/; domain=.unicity.net; HttpOnly; SameSite=Lax, x-powered-by=Express, x-request-id=2bd50a56-9fd9-99c7-8e42-9346cff2ca7a,2bd50a56-9fd9-99c7-8e42-9346cff2ca7a, x-request-uuid=2bd50a56-9fd9-99c7-8e42-9346cff2ca7a, x-request-release=5-2020100902/master, access-control-allow-origin=http://enroll.ng.unicityqa.com, vary=Accept-Encoding, link=<http://unicity.github.io/Hydra.php/docs/v5/>; rel="help", cache-control=no-cache, must-revalidate, expires=0, content-language=en-US, x-status-code=200, content-encoding=gzip, x-envoy-upstream-service-time=4193, etag=W/"560-2rj/iorDnjj656wrrcWBtn0Nijs", access-control-expose-headers=x-b3-traceid, x-request-id, x-b3-traceid=dc5025ee5504ec10, CF-Cache-Status=DYNAMIC, cf-request-id=05c4a4b4c8000021272fb93200000001, Expect-CT=max-age=604800, report-uri="https://report-uri.cloudflare.com/cdn-cgi/beacon/expect-ct", Server=cloudflare, CF-RAY=5e1ad7014bc62127-SJC, alt-svc=h3-27=":443"; ma=86400, h3-28=":443"; ma=86400, h3-29=":443"; ma=86400]
suman84097
{shipToAddress={zip=84097, country=US, city=OREM, address1=1209 N 800 E, state=UT}, shippingMethod={href=https://hydraqa.unicity.net/v5a-test/shippingmethods?type=Economy}, lines={items=[{item={href=https://hydraqa.unicity.net/v5a-test/items?id.unicity=32030}, quantity=1}]}, transactions={items=[{method=Coupon, methodDetails={code=Fre3Aut0Sh!p}, type=AuthorizeAndCapture}]}, customer={href=https://hydraqa.unicity.net/v5a-test/customers?type=PreferredCustomer}}
kalyan84097
Request URL: https://hydraqa.unicity.net/v5a-test/addresses?country=US&zip=84097
Entry response : {"items":[{"city":"Orem","state":"UT"}]}
No Pop UP
{sponsor=2, gender=male, city=OREM, cartprice=179.0, enroller=2, arpack=Prime Health Pack - Cholesterol, Energy, Vanilla, language=Español, locale=es, type=PreferredCustomer, platform=QA, lname=TestLastName, password=Unicity, genderoption=Masculino, Currency=USD, api=1, state=[UT], enrollerName=EnrollerTest, email=YIQPLF@gmail.com, zip=84097, fname=TestFirstName, prefferd=United States, address1=1209 N 800 E, shippingmethod=type=Economy, version=v5a-test/, testcase=normal, market=United States, aritemcode=26580, referral=no, martial=Married, phone=9823746323, proto=https://hydraqa.unicity.net/, marketcode=US, maritaloption=Casado, ccname=CCNameTest}
Request URL: https://hydraqa.unicity.net/v5a-test/orders.js
Entry request : {"customer":{"mainAddress":{"city":"OREM","country":"US","state":"UT","zip":"84097","address1":"1209 N 800 E","address2":""},"humanName":{"firstName":"TestFirstName","lastName":"TestLastName"},"email":"YIQPLF@gmail.com","preferredLocale":"es-US","password":{"value":"Unicity"},"gender":"male","maritalStatus":"Married","type":"PreferredCustomer","enroller":{"href":"https://hydraqa.unicity.net/v5a-test/customers?id.unicity=2"},"creditcardaliases":[{"methodDetails":{"creditCardNumber":"4111111111111111","payer":"TestFirstName TestLastName","creditCardExpires":"2020-10"},"billToName":{"firstName":"TestFirstName","lastName":"TestLastName"},"billToAddress":{"address1":"1209 N 800 E","address2":"","city":"OREM","state":"UT","zip":"84097","country":"US"}}],"sponsor":{"href":"https://hydraqa.unicity.net/v5a-test/customers?id.unicity=2"},"homePhone":"9823746323","autoorders":{"items":[{"recurrence":{"schedule":{"month":"*","dayOfMonth":"5","skipRepetitions":"2"},"status":"Enabled"},"lines":{"items":[{"item":{"href":"https://hydraqa.unicity.net/v5a-test/items?id.unicity=26580"},"quantity":1}]},"shipToName":{"firstName":"TestFirstName","lastName":"TestLastName"},"shipToPhone":"9823746323","shipToEmail":"YIQPLF@gmail.com","shipToAddress":{"city":"OREM","country":"US","state":"UT","address1":"1209 N 800 E","address2":"","zip":"84097"},"shippingMethod":{"href":"https://hydraqa.unicity.net/v5a-test/shippingmethods?type=Economy"},"transactions":{"items":[{"amount":"this.terms.total","type":"AuthorizeAndCapture","method":"CreditCardAlias","methodDetails":{"alias":"this.customer.creditcardaliases[0].alias"}}]}}]},"rights":[]},"lines":{"items":[{"item":{"href":"https://hydraqa.unicity.net/v5a-test/items?id.unicity=32030"},"quantity":1}]},"shipToName":{"firstName":"TestFirstName","lastName":"TestLastName"},"shipToPhone":"9823746323","shipToEmail":"YIQPLF@gmail.com","shipToAddress":{"city":"OREM","country":"US","state":"UT","address1":"1209 N 800 E","address2":"","zip":"84097"},"shippingMethod":{"href":"https://hydraqa.unicity.net/v5a-test/shippingmethods?type=Economy"},"notes":"","transactions":{"items":[{"amount":"this.terms.total","type":"AuthorizeAndCapture","method":"CreditCard","methodDetails":{"creditCardNumber":"4111111111111111","payer":"CCNameTest","creditCardExpires":"2020-10","creditCardSecurityCode":"123"},"billToAddress":{"address1":"1209 N 800 E","address2":"","city":"OREM","state":"UT","zip":"84097","country":"US"}},{"type":"AuthorizeAndCapture","method":"Coupon","methodDetails":{"code":"Fre3Aut0Sh!p"}}]}}
Entry response : {"meta":{"Link":"<http:\/\/unicity.github.io\/Hydra.php\/docs\/v5\/>; rel=\"help\"","X-Request-UUID":"259e5bde-91dc-90f5-8f8f-433952a5b875","X-Request-Release":"5-2020100902\/master","Cache-Control":"no-cache, must-revalidate","Expires":"0","X-Powered-By":"Luracast Restler v3.0.0rc5","Content-Type":"text\/javascript; charset=utf-8","Content-Language":"en","X-Status-Code":"201"},"data":{"market":"US","notes":"","shippingMethod":{"type":"Economy","href":"https:\/\/hydraqa.unicity.net\/v5a-test\/shippingmethods?type=Economy","location":""},"shipToAddress":{"country":"US","state":"UT","city":"OREM","zip":"84097","address1":"1209 N 800 E","address2":""},"shipToEmail":"YIQPLF@gmail.com","shipToName":{"firstName":"TestFirstName","lastName":"TestLastName"},"shipToPhone":"9823746323","shipToTime":null,"source":null,"type":null,"lines":{"items":[{"quantity":1,"item":{"href":"https:\/\/hydraqa.unicity.net\/v5a-test\/items?id.unicity=32030","id":{"unicity":"32030"},"weightEach":{"value":0,"unit":"lbs"},"dimensionsEach":{"width":0,"height":0,"depth":0,"unit":"in"},"taxedAs":"goods"},"quantityLimit":{"quantityQuota":-1,"timeFrameDays":-1,"quantityOrdered":0},"terms":{"subtotal":null,"priceEach":179,"pvEach":102,"cvEach":102,"taxablePriceEach":179,"tax":{"categoryDescription":null,"aggregate":{"items":[{"jurisdiction":{"state":"UTAH"},"type":"State","amount":0,"percentage":0},{"jurisdiction":{"county":"UTAH"},"type":"County","amount":0,"percentage":0},{"jurisdiction":{"city":"OREM"},"type":"City","amount":0,"percentage":0},{"jurisdiction":{"address2":"MASS TRANSIT TAX"},"type":"District","amount":0,"percentage":0}],"amount":0}},"pv":102,"price":179},"catalogSlide":{"content":{"description":"Pack U365 Bal Matcha US\/PR"}},"kitChildren":[{"item":{"id":{"unicity":"26550"},"weightEach":{"value":1.36,"unit":"lbs"},"dimensionsEach":{"width":4.833,"height":4.125,"depth":8.369,"unit":"in"},"taxedAs":"goods"},"quantity":1,"terms":{"subtotal":null,"priceEach":94,"pvEach":52,"cvEach":52,"taxablePriceEach":94,"tax":{"categoryDescription":"TG75","aggregate":{"items":[{"jurisdiction":{"state":"UTAH"},"type":"State","amount":1.64,"percentage":1.75},{"jurisdiction":{"county":"UTAH"},"type":"County","amount":0.24,"percentage":0.25},{"jurisdiction":{"city":"OREM"},"type":"City","amount":0.94,"percentage":1},{"jurisdiction":{"address2":"MASS TRANSIT TAX"},"type":"District","amount":0,"percentage":0}],"amount":2.82}}},"catalogSlide":{"content":{"description":"Balance Cholesterol 60"}}},{"item":{"id":{"unicity":"26552"},"weightEach":{"value":0.8,"unit":"lbs"},"dimensionsEach":{"width":6.5,"height":4.25,"depth":3,"unit":"in"},"taxedAs":"goods"},"quantity":1,"terms":{"subtotal":null,"priceEach":85,"pvEach":50,"cvEach":50,"taxablePriceEach":85,"tax":{"categoryDescription":"TG240","aggregate":{"items":[{"jurisdiction":{"state":"UTAH"},"type":"State","amount":1.49,"percentage":1.75},{"jurisdiction":{"county":"UTAH"},"type":"County","amount":0.21,"percentage":0.25},{"jurisdiction":{"city":"OREM"},"type":"City","amount":0.85,"percentage":1},{"jurisdiction":{"address2":"MASS TRANSIT TAX"},"type":"District","amount":0,"percentage":0}],"amount":2.55}}},"catalogSlide":{"content":{"description":"Matcha Energy 30"}}}]}],"aggregate":{"weight":{"unit":"lbs","value":2.16}}},"transactions":{"items":[{"amount":184.37,"billToAddress":{"address1":"1209 N 800 E","address2":"","city":"OREM","state":"UT","zip":"84097","country":"US"},"billToEmail":null,"billToName":null,"billToPhone":null,"installments":null,"method":"CreditCard","methodDetails":{"creditCardExpires":"2020-10","payer":"CCNameTest","payerId":null,"creditCardNumberMasked":"411111xxxxxx1111","creditCardNetwork":"visa"},"type":"AuthorizeAndCapture","index":1,"authorization":"40055348988","id":{"teller":277991}}],"aggregate":{"amount":184.37}},"terms":{"subtotal":179,"discount":{"amount":0},"freight":{"amount":0,"terms":{"tax":{"aggregate":{"items":[{"jurisdiction":{"state":"UTAH"},"type":"State","amount":0,"percentage":0},{"jurisdiction":{"county":"UTAH"},"type":"County","amount":0,"percentage":0},{"jurisdiction":{"city":"OREM"},"type":"City","amount":0,"percentage":0},{"jurisdiction":{"address2":"MASS TRANSIT TAX"},"type":"District","amount":0,"percentage":0}],"amount":0}}}},"pretotal":184.37,"pv":102,"tax":{"amount":5.37},"taxableTotal":179,"timbre":{"amount":0},"total":184.37,"weight":2.16},"dateCreated":"2020-10-13T11:40:48-06:00","currency":"USD","giftReceipt":false,"customer":{"humanName":{"firstName":"TestFirstName","lastName":"TestLastName"},"mainAddress":{"city":"OREM","country":"US","state":"UT","zip":"84097","address1":"1209 N 800 E","address2":""},"type":"PreferredCustomer","email":"YIQPLF@gmail.com","gender":"male","password":{"value":"Unicity"},"enroller":{"href":"https:\/\/hydraqa.unicity.net\/v5a-test\/customers\/f0cbfab7062ed827a4e700264e473f1d","id":{"unicity":"2"},"email":"danw@infotraxsys.com","humanName":{"fullName":"Referral Program"}},"sponsor":{"href":"https:\/\/hydraqa.unicity.net\/v5a-test\/customers\/f0cbfab7062ed827a4e700264e473f1d","id":{"unicity":"2"},"email":"danw@infotraxsys.com"},"homePhone":"9823746323","preferredLocale":"es-US","maritalStatus":"Married","autoorders":{"items":[{"id":{"unicity":105786},"transactions":{"items":[]}}]},"rights":[],"status":"Active","id":{"unicity":"208565101"},"token":"8d462b12-3d8e-4817-91f6-4a17d128e4f5","href":"https:\/\/hydraqa.unicity.net\/v5a-test\/customers\/acd9e7cd5e6808cbdd383300b87707369c0fb1a3b3b61cbafe99c9ad2efe37b7"},"_isInitialOrder":true,"added_lines":{"items":[],"aggregate":{"weight":{"unit":"lbs","value":0}}},"seller":{"href":"https:\/\/hydraqa.unicity.net\/v5a-test\/sellers\/e7c10d4e70b0c857a99c16576ade8003","id":{"unicity":"5"}},"added_transactions":{"items":[]},"id":{"unicity":"01-52729305"},"href":"https:\/\/hydraqa.unicity.net\/v5a-test\/orders\/8a5ab8497ad0976d93b596970066dc4b9d4d528d9a4c42a0708a6dce5f98872a"}}
Headers-->keep-alive
Headers-->2544
Headers-->application/json, text/plain, */*
Headers-->es-US
Headers-->application/json;charset=UTF-8
]]></system-out>
    <system-err><![CDATA[Starting ChromeDriver 2.36.540470 (e522d04694c7ebea4ba8821272dbef4f9b818c91) on port 10670
Only local connections are allowed.
Oct 13, 2020 11:37:21 AM org.openqa.selenium.remote.ProtocolHandshake createSession
INFO: Detected dialect: OSS
]]></system-err>
  </testcase>
  <testcase name="GetFit" classname="Tests.Fit" time="125.757"/>
  <testcase name="GetFit" classname="Tests.Fit" time="169.755"/>
  <testcase name="GetFit" classname="Tests.Fit" time="122.83">
    <failure message="Major Market expected [CA] but found [null]" type="java.lang.AssertionError">java.lang.AssertionError: Major Market expected [CA] but found [null]
	at Tests.Fit.GetFit(Fit.java:70)
</failure>
    <system-out><![CDATA[Start----CA-en
Request URL: https://hydraqa.unicity.net/v5a-test/customers.js?callback=angular.callbacks._1&expand=customer,profilePicture&id.unicity=2
Unicity [Date=Tue, 13 Oct 2020 17:48:08 GMT, Content-Type=text/javascript; charset=utf-8, Content-Length=1217, Connection=keep-alive, Set-Cookie=__cfduid=d16ad189db443da28743a07de42635f821602611284; expires=Thu, 12-Nov-20 17:48:04 GMT; path=/; domain=.unicity.net; HttpOnly; SameSite=Lax, x-powered-by=Express, x-request-id=46ae9a86-5302-9de0-a6b9-6454db7d41bf,46ae9a86-5302-9de0-a6b9-6454db7d41bf, x-request-uuid=46ae9a86-5302-9de0-a6b9-6454db7d41bf, x-request-release=5-2020100902/master, access-control-allow-origin=http://enroll.ng.unicityqa.com, vary=Accept-Encoding, link=<http://unicity.github.io/Hydra.php/docs/v5/>; rel="help", cache-control=no-cache, must-revalidate, expires=0, content-language=en-US, x-status-code=200, content-encoding=gzip, x-envoy-upstream-service-time=3658, etag=W/"4c1-lDeStbk78SZXPRCDmrV4ptZ9f/4", access-control-expose-headers=x-b3-traceid, x-request-id, x-b3-traceid=5ba088e329b10664, CF-Cache-Status=DYNAMIC, cf-request-id=05c4aca27d0000024e8e8fa200000001, Expect-CT=max-age=604800, report-uri="https://report-uri.cloudflare.com/cdn-cgi/beacon/expect-ct", Server=cloudflare, CF-RAY=5e1ae3b0c976024e-SJC, alt-svc=h3-27=":443"; ma=86400, h3-28=":443"; ma=86400, h3-29=":443"; ma=86400]
sumanB4V2K4
{shipToAddress={zip=B4V2K4, country=CA, city=BRIDGEWATER, address1=Address 1, state=NS}, shippingMethod={href=https://hydraqa.unicity.net/v5a-test/shippingmethods?type=Canada Post}, lines={items=[{item={href=https://hydraqa.unicity.net/v5a-test/items?id.unicity=29147}, quantity=1}, {item={href=https://hydraqa.unicity.net/v5a-test/items?id.unicity=30738}, quantity=1}]}, transactions={items=[{method=Coupon, methodDetails={code=Fre3Aut0Sh!p}, type=AuthorizeAndCapture}]}, customer={href=https://hydraqa.unicity.net/v5a-test/customers?type=Associate}}
kalyanB4V2K4
Request URL: https://hydraqa.unicity.net/v5a-test/addresses?country=CA&zip=B4V2K4
Entry response : {"items":[{"address1":"","address2":"","city":"Bridgewater","state":"NS","zip":"B4V2K4","country":"CA"}]}
{sponsor=2, gender=female, city=BRIDGEWATER, signature=TestSignature, enroller=2, responsedob=1998-06-23, language=English, locale=en, type=GetFit, platform=QA, lname=TestLastName, password=Unicity, genderoption=Female, Currency=USD, api=4, state=[NS], email=RUMYNM@gmail.com, zip=B4V2K4, fname=TestFirstName, prefferd=Canada, address2=Address 2, address1=Address 1, shippingmethod=type=Canada Post, version=v5a-test/, testcase=getfit, market=Canada, aritemcode=29147, referral=yes, phone=9823746323, dob=06/23/1998, proto=https://hydraqa.unicity.net/, marketcode=CA, ccname=CCNameTest}
Request URL: https://hydraqa.unicity.net/v5a-test/orders.js
Entry request : {"customer":{"mainAddress":{"city":"BRIDGEWATER","country":"CA","state":"NS","zip":"B4V2K4","address1":"Address 1","address2":"Address 2"},"humanName":{"firstName":"TestFirstName","lastName":"TestLastName"},"email":"RUMYNM@gmail.com","preferredLocale":"en-CA","password":{"value":"Unicity"},"gender":"female","maritalStatus":null,"type":"Associate","creditcardaliases":[{"methodDetails":{"creditCardNumber":"4111111111111111","payer":"TestFirstName TestLastName","creditCardExpires":"2020-10"},"billToName":{"firstName":"TestFirstName","lastName":"TestLastName"},"billToAddress":{"address1":"Address 1","address2":"Address 2","city":"BRIDGEWATER","state":"NS","zip":"B4V2K4","country":"CA"}}],"events":["customer-coach-request"],"sponsor":{"href":"https://hydraqa.unicity.net/v5a-test/customers?id.unicity=2"},"enroller":{"href":"https://hydraqa.unicity.net/v5a-test/customers?id.unicity=2"},"homePhone":"9823746323","birthDate":"1998-06-23","autoorders":{"items":[{"recurrence":{"schedule":{"month":"*","dayOfMonth":"5"},"status":"Enabled"},"lines":{"items":[{"item":{"href":"https://hydraqa.unicity.net/v5a-test/items?id.unicity=29147"},"quantity":1}]},"shipToName":{"firstName":"TestFirstName","lastName":"TestLastName"},"shipToPhone":"9823746323","shipToEmail":"RUMYNM@gmail.com","shipToAddress":{"city":"BRIDGEWATER","country":"CA","state":"NS","address1":"Address 1","address2":"Address 2","zip":"B4V2K4"},"shippingMethod":{"href":"https://hydraqa.unicity.net/v5a-test/shippingmethods?type=Canada Post"},"transactions":{"items":[{"amount":"this.terms.total","type":"AuthorizeAndCapture","method":"CreditCardAlias","methodDetails":{"alias":"this.customer.creditcardaliases[0].alias"}}]}}]},"rights":[{"holder":"Unicity","type":"SendEmails"}],"signature":{"value":"TestSignature"}},"lines":{"items":[{"item":{"href":"https://hydraqa.unicity.net/v5a-test/items?id.unicity=29147"},"quantity":1},{"item":{"href":"https://hydraqa.unicity.net/v5a-test/items?id.unicity=30738"},"quantity":1}]},"shipToName":{"firstName":"TestFirstName","lastName":"TestLastName"},"shipToPhone":"9823746323","shipToEmail":"RUMYNM@gmail.com","shipToAddress":{"city":"BRIDGEWATER","country":"CA","state":"NS","address1":"Address 1","address2":"Address 2","zip":"B4V2K4"},"shippingMethod":{"href":"https://hydraqa.unicity.net/v5a-test/shippingmethods?type=Canada Post"},"notes":"","transactions":{"items":[{"amount":"this.terms.total","type":"AuthorizeAndCapture","method":"CreditCard","methodDetails":{"creditCardNumber":"4111111111111111","payer":"CCNameTest","creditCardExpires":"2020-10","creditCardSecurityCode":"123"},"billToAddress":{"address1":"Address 1","address2":"Address 2","city":"BRIDGEWATER","state":"NS","zip":"B4V2K4","country":"CA"}},{"type":"AuthorizeAndCapture","method":"Coupon","methodDetails":{"code":"Fre3Aut0Sh!p"}}]}}
Entry response : {"meta":{"Link":"<http:\/\/unicity.github.io\/Hydra.php\/docs\/v5\/>; rel=\"help\"","X-Request-UUID":"4f6443d4-6b63-9025-9f9a-3617fdd99565","X-Request-Release":"5-2020100902\/master","Cache-Control":"no-cache, must-revalidate","Expires":"0","X-Powered-By":"Luracast Restler v3.0.0rc5","Content-Type":"text\/javascript; charset=utf-8","Content-Language":"en-US","X-Status-Code":"402"},"data":{"error":{"code":402,"message":"Payment Required","error_code":"3009","error_message":"We failed to accept the credit card payment for the following reason: 'Valid security code required.' Error #Q9G3Q","upstream_error_message":"Valid security code required."}}}
]]></system-out>
    <system-err><![CDATA[Starting ChromeDriver 2.36.540470 (e522d04694c7ebea4ba8821272dbef4f9b818c91) on port 37755
Only local connections are allowed.
Oct 13, 2020 11:46:51 AM org.openqa.selenium.remote.ProtocolHandshake createSession
INFO: Detected dialect: OSS
]]></system-err>
  </testcase>
  <testcase name="GetFit" classname="Tests.Fit" time="123.362">
    <failure message="Major Market expected [CA] but found [null]" type="java.lang.AssertionError">java.lang.AssertionError: Major Market expected [CA] but found [null]
	at Tests.Fit.GetFit(Fit.java:70)
</failure>
    <system-out><![CDATA[Start----CA-fr
Request URL: https://hydraqa.unicity.net/v5a-test/customers.js?callback=angular.callbacks._1&expand=customer,profilePicture&id.unicity=2
Unicity [Date=Tue, 13 Oct 2020 17:50:18 GMT, Content-Type=text/javascript; charset=utf-8, Content-Length=1215, Connection=keep-alive, Set-Cookie=__cfduid=d70252ea04041e27592e9e1987e6bd0f71602611414; expires=Thu, 12-Nov-20 17:50:14 GMT; path=/; domain=.unicity.net; HttpOnly; SameSite=Lax, x-powered-by=Express, x-request-id=4e1748cf-e631-9042-a887-0ed30a0eaf47,4e1748cf-e631-9042-a887-0ed30a0eaf47, x-request-uuid=4e1748cf-e631-9042-a887-0ed30a0eaf47, x-request-release=5-2020100902/master, access-control-allow-origin=http://enroll.ng.unicityqa.com, vary=Accept-Encoding, link=<http://unicity.github.io/Hydra.php/docs/v5/>; rel="help", cache-control=no-cache, must-revalidate, expires=0, content-language=en-US, x-status-code=200, content-encoding=gzip, x-envoy-upstream-service-time=3687, etag=W/"4bf-+Z48iPzMp/hw5o/CE1qHURMEjuc", access-control-expose-headers=x-b3-traceid, x-request-id, x-b3-traceid=e0b6c49eb2c20887, CF-Cache-Status=DYNAMIC, cf-request-id=05c4ae9da2000093766e1eb200000001, Expect-CT=max-age=604800, report-uri="https://report-uri.cloudflare.com/cdn-cgi/beacon/expect-ct", Server=cloudflare, CF-RAY=5e1ae6dc3d699376-SJC, alt-svc=h3-27=":443"; ma=86400, h3-28=":443"; ma=86400, h3-29=":443"; ma=86400]
sumanB4V2K4
{shipToAddress={zip=B4V2K4, country=CA, city=BRIDGEWATER, address1=Address 1, state=NS}, shippingMethod={href=https://hydraqa.unicity.net/v5a-test/shippingmethods?type=UPS Ground}, lines={items=[{item={href=https://hydraqa.unicity.net/v5a-test/items?id.unicity=29147}, quantity=1}, {item={href=https://hydraqa.unicity.net/v5a-test/items?id.unicity=30738}, quantity=1}]}, transactions={items=[{method=Coupon, methodDetails={code=Fre3Aut0Sh!p}, type=AuthorizeAndCapture}]}, customer={href=https://hydraqa.unicity.net/v5a-test/customers?type=Associate}}
kalyanB4V2K4
Request URL: https://hydraqa.unicity.net/v5a-test/addresses?country=CA&zip=B4V2K4
Entry response : {"items":[{"address1":"","address2":"","city":"Bridgewater","state":"NS","zip":"B4V2K4","country":"CA"}]}
{sponsor=2, gender=female, city=BRIDGEWATER, signature=TestSignature, enroller=2, responsedob=1998-11-30, language=Français, locale=fr, type=GetFit, platform=QA, lname=TestLastName, password=Unicity, genderoption=Femme, Currency=USD, api=4, state=[NS], email=LREGIV@gmail.com, zip=B4V2K4, fname=TestFirstName, prefferd=Canada, address2=Address 2, address1=Address 1, shippingmethod=type=UPS Ground, version=v5a-test/, testcase=getfit, market=Canada, aritemcode=29147, referral=yes, phone=9823746323, dob=11/30/1998, proto=https://hydraqa.unicity.net/, marketcode=CA, ccname=CCNameTest}
Request URL: https://hydraqa.unicity.net/v5a-test/orders.js
Entry request : {"customer":{"mainAddress":{"city":"BRIDGEWATER","country":"CA","state":"NS","zip":"B4V2K4","address1":"Address 1","address2":"Address 2"},"humanName":{"firstName":"TestFirstName","lastName":"TestLastName"},"email":"LREGIV@gmail.com","preferredLocale":"fr-CA","password":{"value":"Unicity"},"gender":"female","maritalStatus":null,"type":"Associate","creditcardaliases":[{"methodDetails":{"creditCardNumber":"4111111111111111","payer":"TestFirstName TestLastName","creditCardExpires":"2020-10"},"billToName":{"firstName":"TestFirstName","lastName":"TestLastName"},"billToAddress":{"address1":"Address 1","address2":"Address 2","city":"BRIDGEWATER","state":"NS","zip":"B4V2K4","country":"CA"}}],"events":["customer-coach-request"],"sponsor":{"href":"https://hydraqa.unicity.net/v5a-test/customers?id.unicity=2"},"enroller":{"href":"https://hydraqa.unicity.net/v5a-test/customers?id.unicity=2"},"homePhone":"9823746323","birthDate":"1998-11-30","autoorders":{"items":[{"recurrence":{"schedule":{"month":"*","dayOfMonth":"5"},"status":"Enabled"},"lines":{"items":[{"item":{"href":"https://hydraqa.unicity.net/v5a-test/items?id.unicity=29147"},"quantity":1}]},"shipToName":{"firstName":"TestFirstName","lastName":"TestLastName"},"shipToPhone":"9823746323","shipToEmail":"LREGIV@gmail.com","shipToAddress":{"city":"BRIDGEWATER","country":"CA","state":"NS","address1":"Address 1","address2":"Address 2","zip":"B4V2K4"},"shippingMethod":{"href":"https://hydraqa.unicity.net/v5a-test/shippingmethods?type=UPS Ground"},"transactions":{"items":[{"amount":"this.terms.total","type":"AuthorizeAndCapture","method":"CreditCardAlias","methodDetails":{"alias":"this.customer.creditcardaliases[0].alias"}}]}}]},"rights":[{"holder":"Unicity","type":"SendEmails"}],"signature":{"value":"TestSignature"}},"lines":{"items":[{"item":{"href":"https://hydraqa.unicity.net/v5a-test/items?id.unicity=29147"},"quantity":1},{"item":{"href":"https://hydraqa.unicity.net/v5a-test/items?id.unicity=30738"},"quantity":1}]},"shipToName":{"firstName":"TestFirstName","lastName":"TestLastName"},"shipToPhone":"9823746323","shipToEmail":"LREGIV@gmail.com","shipToAddress":{"city":"BRIDGEWATER","country":"CA","state":"NS","address1":"Address 1","address2":"Address 2","zip":"B4V2K4"},"shippingMethod":{"href":"https://hydraqa.unicity.net/v5a-test/shippingmethods?type=UPS Ground"},"notes":"","transactions":{"items":[{"amount":"this.terms.total","type":"AuthorizeAndCapture","method":"CreditCard","methodDetails":{"creditCardNumber":"4111111111111111","payer":"CCNameTest","creditCardExpires":"2020-10","creditCardSecurityCode":"123"},"billToAddress":{"address1":"Address 1","address2":"Address 2","city":"BRIDGEWATER","state":"NS","zip":"B4V2K4","country":"CA"}},{"type":"AuthorizeAndCapture","method":"Coupon","methodDetails":{"code":"Fre3Aut0Sh!p"}}]}}
Entry response : {"meta":{"Link":"<http:\/\/unicity.github.io\/Hydra.php\/docs\/v5\/>; rel=\"help\"","X-Request-UUID":"aa9e244b-cb52-9b4c-8cca-c98bfa8288bd","X-Request-Release":"5-2020100902\/master","Cache-Control":"no-cache, must-revalidate","Expires":"0","X-Powered-By":"Luracast Restler v3.0.0rc5","Content-Type":"text\/javascript; charset=utf-8","Content-Language":"en-US","X-Status-Code":"402"},"data":{"error":{"code":402,"message":"Payment Required","error_code":"3009","error_message":"We failed to accept the credit card payment for the following reason: 'Valid security code required.' Error #G3Y7Y","upstream_error_message":"Valid security code required."}}}
]]></system-out>
    <system-err><![CDATA[Starting ChromeDriver 2.36.540470 (e522d04694c7ebea4ba8821272dbef4f9b818c91) on port 23359
Only local connections are allowed.
Oct 13, 2020 11:49:00 AM org.openqa.selenium.remote.ProtocolHandshake createSession
INFO: Detected dialect: OSS
]]></system-err>
  </testcase>
  <testcase name="GetFit" classname="Tests.Fit" time="180.93"/>
  <testcase name="Patient" classname="Tests.PatientPortal" time="270.246"/>
  <testcase name="Patient" classname="Tests.PatientPortal" time="265.76"/>
  <testcase name="Patient" classname="Tests.PatientPortal" time="178.271">
    <failure message="Major Market expected [CA] but found [null]" type="java.lang.AssertionError">java.lang.AssertionError: Major Market expected [CA] but found [null]
	at Tests.PatientPortal.Patient(PatientPortal.java:66)
</failure>
    <system-out><![CDATA[Request URL: https://hydraqa.unicity.net/v5a-test/quotes?&expand=item
Entry Quotes response : {"items":[{"lines":{"items":[{"item":{"href":"https://hydraqa.unicity.net/v5a-test/items/dad64fe505c34e906dad58cc9d6b0213","id":{"unicity":"27183"}},"quantity":1,"terms":{"priceEach":1995,"taxEach":{"amount":0},"discountEach":{"amount":0},"pvEach":1000},"quantityLimit":{"quantityQuota":-1,"timeFrameDays":-1,"quantityOrdered":0}}]},"currency":"CAD"},{"lines":{"items":[{"item":{"href":"https://hydraqa.unicity.net/v5a-test/items/bb1a7c3a2902e2cbc4cb2a22fdf1f499","id":{"unicity":"26993"}},"quantity":1,"terms":{"priceEach":284,"taxEach":{"amount":0},"discountEach":{"amount":0},"pvEach":150},"quantityLimit":{"quantityQuota":-1,"timeFrameDays":-1,"quantityOrdered":0}}]},"currency":"CAD"},{"lines":{"items":[{"item":{"href":"https://hydraqa.unicity.net/v5a-test/items/4b1b6b6007d154296fd6c4044c789f67","id":{"unicity":"28329"}},"quantity":1,"terms":{"priceEach":284,"taxEach":{"amount":0},"discountEach":{"amount":0},"pvEach":150},"quantityLimit":{"quantityQuota":-1,"timeFrameDays":-1,"quantityOrdered":0}}]},"currency":"CAD"},{"lines":{"items":[{"item":{"href":"https://hydraqa.unicity.net/v5a-test/items/46ea1edabdcf18f49817c437346958eb","id":{"unicity":"29147"}},"quantity":1,"terms":{"priceEach":85,"taxEach":{"amount":0},"discountEach":{"amount":0},"pvEach":33},"quantityLimit":{"quantityQuota":-1,"timeFrameDays":-1,"quantityOrdered":0}}]},"currency":"CAD"},{"lines":{"items":[{"item":{"href":"https://hydraqa.unicity.net/v5a-test/items/e77144fa2fcf6a4dc73c15b4d615c1aa","id":{"unicity":"28437"}},"quantity":1,"terms":{"priceEach":85,"taxEach":{"amount":0},"discountEach":{"amount":0},"pvEach":33},"quantityLimit":{"quantityQuota":-1,"timeFrameDays":-1,"quantityOrdered":0}}]},"currency":"CAD"},{"lines":{"items":[{"item":{"href":"https://hydraqa.unicity.net/v5a-test/items/8407b62b9c4120aa3dfe25c9feb76e4a","id":{"unicity":"28591"}},"quantity":1,"terms":{"priceEach":24,"taxEach":{"amount":0},"discountEach":{"amount":0},"pvEach":15},"quantityLimit":{"quantityQuota":-1,"timeFrameDays":-1,"quantityOrdered":0}}]},"currency":"CAD"},{"lines":{"items":[{"item":{"href":"https://hydraqa.unicity.net/v5a-test/items/10da226fab00279b4f89df10af2a10b7","id":{"unicity":"26442"}},"quantity":1,"terms":{"priceEach":10,"taxEach":{"amount":0},"discountEach":{"amount":0},"pvEach":0},"quantityLimit":{"quantityQuota":-1,"timeFrameDays":-1,"quantityOrdered":0}}]},"currency":"CAD"},{"lines":{"items":[{"item":{"href":"https://hydraqa.unicity.net/v5a-test/items/576e0ebc8d1f5b26fc89bf3cd47a26c6","id":{"unicity":"26572"}},"quantity":1,"terms":{"priceEach":110,"taxEach":{"amount":0},"discountEach":{"amount":0},"pvEach":56},"quantityLimit":{"quantityQuota":-1,"timeFrameDays":-1,"quantityOrdered":0}}]},"currency":"CAD"},{"lines":{"items":[{"item":{"href":"https://hydraqa.unicity.net/v5a-test/items/60b5ca15c481444657970edde11b04ce","id":{"unicity":"26571"}},"quantity":1,"terms":{"priceEach":110,"taxEach":{"amount":0},"discountEach":{"amount":0},"pvEach":56},"quantityLimit":{"quantityQuota":-1,"timeFrameDays":-1,"quantityOrdered":0}}]},"currency":"CAD"},{"lines":{"items":[{"item":{"href":"https://hydraqa.unicity.net/v5a-test/items/2ffc1563d3d0fd7121ca5b1c2184988e","id":{"unicity":"28428"}},"quantity":1,"terms":{"priceEach":111,"taxEach":{"amount":0},"discountEach":{"amount":0},"pvEach":62},"quantityLimit":{"quantityQuota":-1,"timeFrameDays":-1,"quantityOrdered":0}}]},"currency":"CAD"},{"lines":{"items":[{"item":{"href":"https://hydraqa.unicity.net/v5a-test/items/637af131553f5822bef2bb0f0577b2e9","id":{"unicity":"28160"}},"quantity":1,"terms":{"priceEach":118,"taxEach":{"amount":0},"discountEach":{"amount":0},"pvEach":62},"quantityLimit":{"quantityQuota":-1,"timeFrameDays":-1,"quantityOrdered":0}}]},"currency":"CAD"},{"lines":{"items":[{"item":{"href":"https://hydraqa.unicity.net/v5a-test/items/c4744f6ba328b983bfffc7e1e4416ff3","id":{"unicity":"26565"}},"quantity":1,"terms":{"priceEach":117,"taxEach":{"amount":0},"discountEach":{"amount":0},"pvEach":64},"quantityLimit":{"quantityQuota":-1,"timeFrameDays":-1,"quantityOrdered":0}}]},"currency":"CAD"}]}
Entry request : {"order":{"customer":{"href":"https://hydraqa.unicity.net/v5a-test/customers?type=PreferredCustomer"},"shipToAddress":{"country":"CA"}},"vary":{"lines":{"items":[{"item":{"href":"https://hydraqa.unicity.net/v5a-test/items?id.unicity=27183|27184|27185|28325|28326|28327|28328|26993|26995|28329|28331|24418|29147|28437|28591|26442|28370|26572|26571|28428|28160|26565"}}]}}}
Request URL: https://hydraqa.unicity.net/v5a-test/customers.js?callback=angular.callbacks._1&expand=customer,profilePicture&id.unicity=2
Request URL: https://hydraqa.unicity.net/v5a-test/customers.js?_httpMethod=HEAD&callback=angular.callbacks._4&email=UJDHNA@gmail.com
Unicity [Date=Tue, 13 Oct 2020 18:05:38 GMT, Content-Type=text/javascript; charset=utf-8, Content-Length=1613, Connection=keep-alive, Set-Cookie=__cfduid=da6dac4f35c235ca9bb044c29989d305c1602612333; expires=Thu, 12-Nov-20 18:05:33 GMT; path=/; domain=.unicity.net; HttpOnly; SameSite=Lax, x-powered-by=Express, x-request-id=c86d4778-f865-901a-9d47-f073da9dcd0a,c86d4778-f865-901a-9d47-f073da9dcd0a, x-request-uuid=c86d4778-f865-901a-9d47-f073da9dcd0a, x-request-release=5-2020100902/master, access-control-allow-origin=http://enroll.ng.unicityqa.com, vary=Accept-Encoding, link=<http://unicity.github.io/Hydra.php/docs/v5/>; rel="help", cache-control=no-cache, must-revalidate, expires=0, content-language=en-US, x-status-code=200, content-encoding=gzip, x-envoy-upstream-service-time=4629, etag=W/"64d-y4XIg6er7YvnSsKv60CcXvHbMwo", access-control-expose-headers=x-b3-traceid, x-request-id, x-b3-traceid=a7d54877a1f531c7, CF-Cache-Status=DYNAMIC, cf-request-id=05c4bca3020000026c90376200000001, Expect-CT=max-age=604800, report-uri="https://report-uri.cloudflare.com/cdn-cgi/beacon/expect-ct", Server=cloudflare, CF-RAY=5e1afd4b3e28026c-SJC, alt-svc=h3-27=":443"; ma=86400, h3-28=":443"; ma=86400, h3-29=":443"; ma=86400]
sumanB4V2K4
{shipToAddress={zip=B4V2K4, country=CA, city=BRIDGEWATER, address1=Address 1, state=NS}, shippingMethod={href=https://hydraqa.unicity.net/v5a-test/shippingmethods?type=UPS Ground}, lines={items=[{item={href=https://hydraqa.unicity.net/v5a-test/items?id.unicity=26442}, quantity=1}, {item={href=https://hydraqa.unicity.net/v5a-test/items?id.unicity=27183}, quantity=1}]}, transactions={items=[{method=Coupon, methodDetails={code=Fre3Aut0Sh!p}, type=AuthorizeAndCapture}]}, customer={href=https://hydraqa.unicity.net/v5a-test/customers?type=PreferredCustomer}}
kalyanB4V2K4
Request URL: https://hydraqa.unicity.net/v5a-test/addresses?country=CA&zip=B4V2K4
Entry response : {"items":[{"address1":"","address2":"","city":"Bridgewater","state":"NS","zip":"B4V2K4","country":"CA"}]}
{sponsor=2, gender=female, city=BRIDGEWATER, cartprice=2005.0, enroller=2, arpack=Balance Cholesterol, language=English, locale=en, type=PreferredCustomer, platform=QA, lname=TestLastName, password=Unicity, genderoption=Female, Currency=USD, api=4, state=[NS], email=UJDHNA@gmail.com, zip=B4V2K4, fname=TestFirstName, prefferd=Canada, address2=Address 2, address1=Address 1, shippingmethod=type=UPS Ground, version=v5a-test/, testcase=PatientPortal, market=Canada, aritemcode=26565, referral=yes, martial=Married, phone=9823746323, proto=https://hydraqa.unicity.net/, marketcode=CA, maritaloption=Married, ccname=CCNameTest}
Request URL: https://hydraqa.unicity.net/v5a-test/orders.js
Entry request : {"customer":{"mainAddress":{"city":"BRIDGEWATER","country":"CA","state":"NS","zip":"B4V2K4","address1":"Address 1","address2":"Address 2"},"humanName":{"firstName":"TestFirstName","lastName":"TestLastName"},"email":"UJDHNA@gmail.com","preferredLocale":"en-CA","password":{"value":"Unicity"},"gender":"female","maritalStatus":"Married","type":"PreferredCustomer","creditcardaliases":[{"methodDetails":{"creditCardNumber":"4111111111111111","payer":"TestFirstName TestLastName","creditCardExpires":"2020-10"},"billToName":{"firstName":"TestFirstName","lastName":"TestLastName"},"billToAddress":{"address1":"Address 1","address2":"Address 2","city":"BRIDGEWATER","state":"NS","zip":"B4V2K4","country":"CA"}}],"sponsor":{"href":"https://hydraqa.unicity.net/v5a-test/customers?id.unicity=2"},"enroller":{"href":"https://hydraqa.unicity.net/v5a-test/customers?id.unicity=2"},"homePhone":"9823746323","autoorders":{"items":[{"recurrence":{"schedule":{"month":"*","dayOfMonth":"5"},"status":"Enabled"},"lines":{"items":[{"item":{"href":"https://hydraqa.unicity.net/v5a-test/items?id.unicity=26565"},"quantity":1}]},"shipToName":{"firstName":"TestFirstName","lastName":"TestLastName"},"shipToPhone":"9823746323","shipToEmail":"UJDHNA@gmail.com","shipToAddress":{"city":"BRIDGEWATER","country":"CA","state":"NS","address1":"Address 1","address2":"Address 2","zip":"B4V2K4"},"shippingMethod":{"href":"https://hydraqa.unicity.net/v5a-test/shippingmethods?type=UPS Ground"},"transactions":{"items":[{"amount":"this.terms.total","type":"AuthorizeAndCapture","method":"CreditCardAlias","methodDetails":{"alias":"this.customer.creditcardaliases[0].alias"}}]}}]},"rights":[]},"lines":{"items":[{"item":{"href":"https://hydraqa.unicity.net/v5a-test/items?id.unicity=26442"},"quantity":1},{"item":{"href":"https://hydraqa.unicity.net/v5a-test/items?id.unicity=27183"},"quantity":1}]},"shipToName":{"firstName":"TestFirstName","lastName":"TestLastName"},"shipToPhone":"9823746323","shipToEmail":"UJDHNA@gmail.com","shipToAddress":{"city":"BRIDGEWATER","country":"CA","state":"NS","address1":"Address 1","address2":"Address 2","zip":"B4V2K4"},"shippingMethod":{"href":"https://hydraqa.unicity.net/v5a-test/shippingmethods?type=UPS Ground"},"notes":"","transactions":{"items":[{"amount":"this.terms.total","type":"AuthorizeAndCapture","method":"CreditCard","methodDetails":{"creditCardNumber":"4111111111111111","payer":"CCNameTest","creditCardExpires":"2020-10","creditCardSecurityCode":"123"},"billToAddress":{"address1":"Address 1","address2":"Address 2","city":"BRIDGEWATER","state":"NS","zip":"B4V2K4","country":"CA"}},{"type":"AuthorizeAndCapture","method":"Coupon","methodDetails":{"code":"Fre3Aut0Sh!p"}}]}}
Entry response : {"meta":{"Link":"<http:\/\/unicity.github.io\/Hydra.php\/docs\/v5\/>; rel=\"help\"","X-Request-UUID":"8919e74a-d371-9ba6-84ff-e436a904eb76","X-Request-Release":"5-2020100902\/master","Cache-Control":"no-cache, must-revalidate","Expires":"0","X-Powered-By":"Luracast Restler v3.0.0rc5","Content-Type":"text\/javascript; charset=utf-8","Content-Language":"en","X-Status-Code":"402"},"data":{"error":{"code":402,"message":"Payment Required","error_code":"3009","error_message":"We failed to accept the credit card payment for the following reason: 'Valid security code required.' Error #H9G6X","upstream_error_message":"Valid security code required."}}}
Headers-->keep-alive
Headers-->2693
Headers-->application/json, text/plain, */*
Headers-->en-CA
Headers-->application/json;charset=UTF-8
]]></system-out>
    <system-err><![CDATA[Starting ChromeDriver 2.36.540470 (e522d04694c7ebea4ba8821272dbef4f9b818c91) on port 11942
Only local connections are allowed.
Oct 13, 2020 12:03:27 PM org.openqa.selenium.remote.ProtocolHandshake createSession
INFO: Detected dialect: OSS
]]></system-err>
  </testcase>
  <testcase name="Patient" classname="Tests.PatientPortal" time="177.246">
    <failure message="Major Market expected [CA] but found [null]" type="java.lang.AssertionError">java.lang.AssertionError: Major Market expected [CA] but found [null]
	at Tests.PatientPortal.Patient(PatientPortal.java:66)
</failure>
    <system-out><![CDATA[Request URL: https://hydraqa.unicity.net/v5a-test/quotes?&expand=item
Entry Quotes response : {"items":[{"lines":{"items":[{"item":{"href":"https://hydraqa.unicity.net/v5a-test/items/dad64fe505c34e906dad58cc9d6b0213","id":{"unicity":"27183"}},"quantity":1,"terms":{"priceEach":1995,"taxEach":{"amount":0},"discountEach":{"amount":0},"pvEach":1000},"quantityLimit":{"quantityQuota":-1,"timeFrameDays":-1,"quantityOrdered":0}}]},"currency":"CAD"},{"lines":{"items":[{"item":{"href":"https://hydraqa.unicity.net/v5a-test/items/bb1a7c3a2902e2cbc4cb2a22fdf1f499","id":{"unicity":"26993"}},"quantity":1,"terms":{"priceEach":284,"taxEach":{"amount":0},"discountEach":{"amount":0},"pvEach":150},"quantityLimit":{"quantityQuota":-1,"timeFrameDays":-1,"quantityOrdered":0}}]},"currency":"CAD"},{"lines":{"items":[{"item":{"href":"https://hydraqa.unicity.net/v5a-test/items/4b1b6b6007d154296fd6c4044c789f67","id":{"unicity":"28329"}},"quantity":1,"terms":{"priceEach":284,"taxEach":{"amount":0},"discountEach":{"amount":0},"pvEach":150},"quantityLimit":{"quantityQuota":-1,"timeFrameDays":-1,"quantityOrdered":0}}]},"currency":"CAD"},{"lines":{"items":[{"item":{"href":"https://hydraqa.unicity.net/v5a-test/items/46ea1edabdcf18f49817c437346958eb","id":{"unicity":"29147"}},"quantity":1,"terms":{"priceEach":85,"taxEach":{"amount":0},"discountEach":{"amount":0},"pvEach":33},"quantityLimit":{"quantityQuota":-1,"timeFrameDays":-1,"quantityOrdered":0}}]},"currency":"CAD"},{"lines":{"items":[{"item":{"href":"https://hydraqa.unicity.net/v5a-test/items/e77144fa2fcf6a4dc73c15b4d615c1aa","id":{"unicity":"28437"}},"quantity":1,"terms":{"priceEach":85,"taxEach":{"amount":0},"discountEach":{"amount":0},"pvEach":33},"quantityLimit":{"quantityQuota":-1,"timeFrameDays":-1,"quantityOrdered":0}}]},"currency":"CAD"},{"lines":{"items":[{"item":{"href":"https://hydraqa.unicity.net/v5a-test/items/8407b62b9c4120aa3dfe25c9feb76e4a","id":{"unicity":"28591"}},"quantity":1,"terms":{"priceEach":24,"taxEach":{"amount":0},"discountEach":{"amount":0},"pvEach":15},"quantityLimit":{"quantityQuota":-1,"timeFrameDays":-1,"quantityOrdered":0}}]},"currency":"CAD"},{"lines":{"items":[{"item":{"href":"https://hydraqa.unicity.net/v5a-test/items/10da226fab00279b4f89df10af2a10b7","id":{"unicity":"26442"}},"quantity":1,"terms":{"priceEach":10,"taxEach":{"amount":0},"discountEach":{"amount":0},"pvEach":0},"quantityLimit":{"quantityQuota":-1,"timeFrameDays":-1,"quantityOrdered":0}}]},"currency":"CAD"},{"lines":{"items":[{"item":{"href":"https://hydraqa.unicity.net/v5a-test/items/576e0ebc8d1f5b26fc89bf3cd47a26c6","id":{"unicity":"26572"}},"quantity":1,"terms":{"priceEach":110,"taxEach":{"amount":0},"discountEach":{"amount":0},"pvEach":56},"quantityLimit":{"quantityQuota":-1,"timeFrameDays":-1,"quantityOrdered":0}}]},"currency":"CAD"},{"lines":{"items":[{"item":{"href":"https://hydraqa.unicity.net/v5a-test/items/60b5ca15c481444657970edde11b04ce","id":{"unicity":"26571"}},"quantity":1,"terms":{"priceEach":110,"taxEach":{"amount":0},"discountEach":{"amount":0},"pvEach":56},"quantityLimit":{"quantityQuota":-1,"timeFrameDays":-1,"quantityOrdered":0}}]},"currency":"CAD"},{"lines":{"items":[{"item":{"href":"https://hydraqa.unicity.net/v5a-test/items/2ffc1563d3d0fd7121ca5b1c2184988e","id":{"unicity":"28428"}},"quantity":1,"terms":{"priceEach":111,"taxEach":{"amount":0},"discountEach":{"amount":0},"pvEach":62},"quantityLimit":{"quantityQuota":-1,"timeFrameDays":-1,"quantityOrdered":0}}]},"currency":"CAD"},{"lines":{"items":[{"item":{"href":"https://hydraqa.unicity.net/v5a-test/items/637af131553f5822bef2bb0f0577b2e9","id":{"unicity":"28160"}},"quantity":1,"terms":{"priceEach":118,"taxEach":{"amount":0},"discountEach":{"amount":0},"pvEach":62},"quantityLimit":{"quantityQuota":-1,"timeFrameDays":-1,"quantityOrdered":0}}]},"currency":"CAD"},{"lines":{"items":[{"item":{"href":"https://hydraqa.unicity.net/v5a-test/items/c4744f6ba328b983bfffc7e1e4416ff3","id":{"unicity":"26565"}},"quantity":1,"terms":{"priceEach":117,"taxEach":{"amount":0},"discountEach":{"amount":0},"pvEach":64},"quantityLimit":{"quantityQuota":-1,"timeFrameDays":-1,"quantityOrdered":0}}]},"currency":"CAD"}]}
Entry request : {"order":{"customer":{"href":"https://hydraqa.unicity.net/v5a-test/customers?type=PreferredCustomer"},"shipToAddress":{"country":"CA"}},"vary":{"lines":{"items":[{"item":{"href":"https://hydraqa.unicity.net/v5a-test/items?id.unicity=27183|27184|27185|28325|28326|28327|28328|26993|26995|28329|28331|24418|29147|28437|28591|26442|28370|26572|26571|28428|28160|26565"}}]}}}
Request URL: https://hydraqa.unicity.net/v5a-test/customers.js?callback=angular.callbacks._1&expand=customer,profilePicture&id.unicity=2
Request URL: https://hydraqa.unicity.net/v5a-test/customers.js?_httpMethod=HEAD&callback=angular.callbacks._4&email=CLBVDN@gmail.com
Unicity [Date=Tue, 13 Oct 2020 18:08:43 GMT, Content-Type=text/javascript; charset=utf-8, Content-Length=1371, Connection=keep-alive, Set-Cookie=__cfduid=dd033f720be6f0a6e82d27bf68ad2653b1602612519; expires=Thu, 12-Nov-20 18:08:39 GMT; path=/; domain=.unicity.net; HttpOnly; SameSite=Lax, x-powered-by=Express, x-request-id=9c4103c4-3974-9bb7-9a0e-0c1e8d19b7ba,9c4103c4-3974-9bb7-9a0e-0c1e8d19b7ba, x-request-uuid=9c4103c4-3974-9bb7-9a0e-0c1e8d19b7ba, x-request-release=5-2020100902/master, access-control-allow-origin=http://enroll.ng.unicityqa.com, vary=Accept-Encoding, link=<http://unicity.github.io/Hydra.php/docs/v5/>; rel="help", cache-control=no-cache, must-revalidate, expires=0, content-language=en-US, x-status-code=200, content-encoding=gzip, x-envoy-upstream-service-time=3989, etag=W/"55b-MPVfiNbxJhdQQppMTkaUGo54Pfc", access-control-expose-headers=x-b3-traceid, x-request-id, x-b3-traceid=eb7affbea22bc75d, CF-Cache-Status=DYNAMIC, cf-request-id=05c4bf79fb000093eea09c2200000001, Expect-CT=max-age=604800, report-uri="https://report-uri.cloudflare.com/cdn-cgi/beacon/expect-ct", Server=cloudflare, CF-RAY=5e1b01d659fc93ee-SJC, alt-svc=h3-27=":443"; ma=86400, h3-28=":443"; ma=86400, h3-29=":443"; ma=86400]
sumanB4V2K4
{shipToAddress={zip=B4V2K4, country=CA, city=BRIDGEWATER, address1=Address 1, state=NS}, shippingMethod={href=https://hydraqa.unicity.net/v5a-test/shippingmethods?type=Canada Post}, lines={items=[{item={href=https://hydraqa.unicity.net/v5a-test/items?id.unicity=26442}, quantity=1}, {item={href=https://hydraqa.unicity.net/v5a-test/items?id.unicity=28329}, quantity=1}]}, transactions={items=[{method=Coupon, methodDetails={code=Fre3Aut0Sh!p}, type=AuthorizeAndCapture}]}, customer={href=https://hydraqa.unicity.net/v5a-test/customers?type=PreferredCustomer}}
kalyanB4V2K4
Request URL: https://hydraqa.unicity.net/v5a-test/addresses?country=CA&zip=B4V2K4
Entry response : {"items":[{"address1":"","address2":"","city":"Bridgewater","state":"NS","zip":"B4V2K4","country":"CA"}]}
{sponsor=2, gender=female, city=BRIDGEWATER, cartprice=294.0, enroller=2, arpack=Balance Cholesterol, language=Français, locale=fr, type=PreferredCustomer, platform=QA, lname=TestLastName, password=Unicity, genderoption=Femme, Currency=USD, api=4, state=[NS], email=CLBVDN@gmail.com, zip=B4V2K4, fname=TestFirstName, prefferd=Canada, address2=Address 2, address1=Address 1, shippingmethod=type=Canada Post, version=v5a-test/, testcase=PatientPortal, market=Canada, aritemcode=26565, referral=yes, martial=Married, phone=9823746323, proto=https://hydraqa.unicity.net/, marketcode=CA, maritaloption=Marié, ccname=CCNameTest}
Request URL: https://hydraqa.unicity.net/v5a-test/orders.js
Entry request : {"customer":{"mainAddress":{"city":"BRIDGEWATER","country":"CA","state":"NS","zip":"B4V2K4","address1":"Address 1","address2":"Address 2"},"humanName":{"firstName":"TestFirstName","lastName":"TestLastName"},"email":"CLBVDN@gmail.com","preferredLocale":"fr-CA","password":{"value":"Unicity"},"gender":"female","maritalStatus":"Married","type":"PreferredCustomer","creditcardaliases":[{"methodDetails":{"creditCardNumber":"4111111111111111","payer":"TestFirstName TestLastName","creditCardExpires":"2020-10"},"billToName":{"firstName":"TestFirstName","lastName":"TestLastName"},"billToAddress":{"address1":"Address 1","address2":"Address 2","city":"BRIDGEWATER","state":"NS","zip":"B4V2K4","country":"CA"}}],"sponsor":{"href":"https://hydraqa.unicity.net/v5a-test/customers?id.unicity=2"},"enroller":{"href":"https://hydraqa.unicity.net/v5a-test/customers?id.unicity=2"},"homePhone":"9823746323","autoorders":{"items":[{"recurrence":{"schedule":{"month":"*","dayOfMonth":"5"},"status":"Enabled"},"lines":{"items":[{"item":{"href":"https://hydraqa.unicity.net/v5a-test/items?id.unicity=26565"},"quantity":1}]},"shipToName":{"firstName":"TestFirstName","lastName":"TestLastName"},"shipToPhone":"9823746323","shipToEmail":"CLBVDN@gmail.com","shipToAddress":{"city":"BRIDGEWATER","country":"CA","state":"NS","address1":"Address 1","address2":"Address 2","zip":"B4V2K4"},"shippingMethod":{"href":"https://hydraqa.unicity.net/v5a-test/shippingmethods?type=Canada Post"},"transactions":{"items":[{"amount":"this.terms.total","type":"AuthorizeAndCapture","method":"CreditCardAlias","methodDetails":{"alias":"this.customer.creditcardaliases[0].alias"}}]}}]},"rights":[]},"lines":{"items":[{"item":{"href":"https://hydraqa.unicity.net/v5a-test/items?id.unicity=26442"},"quantity":1},{"item":{"href":"https://hydraqa.unicity.net/v5a-test/items?id.unicity=28329"},"quantity":1}]},"shipToName":{"firstName":"TestFirstName","lastName":"TestLastName"},"shipToPhone":"9823746323","shipToEmail":"CLBVDN@gmail.com","shipToAddress":{"city":"BRIDGEWATER","country":"CA","state":"NS","address1":"Address 1","address2":"Address 2","zip":"B4V2K4"},"shippingMethod":{"href":"https://hydraqa.unicity.net/v5a-test/shippingmethods?type=Canada Post"},"notes":"","transactions":{"items":[{"amount":"this.terms.total","type":"AuthorizeAndCapture","method":"CreditCard","methodDetails":{"creditCardNumber":"4111111111111111","payer":"CCNameTest","creditCardExpires":"2020-10","creditCardSecurityCode":"123"},"billToAddress":{"address1":"Address 1","address2":"Address 2","city":"BRIDGEWATER","state":"NS","zip":"B4V2K4","country":"CA"}},{"type":"AuthorizeAndCapture","method":"Coupon","methodDetails":{"code":"Fre3Aut0Sh!p"}}]}}
Entry response : {"meta":{"Link":"<http:\/\/unicity.github.io\/Hydra.php\/docs\/v5\/>; rel=\"help\"","X-Request-UUID":"2d31e137-099c-9297-ae9e-705fc26aabbf","X-Request-Release":"5-2020100902\/master","Cache-Control":"no-cache, must-revalidate","Expires":"0","X-Powered-By":"Luracast Restler v3.0.0rc5","Content-Type":"text\/javascript; charset=utf-8","Content-Language":"en","X-Status-Code":"402"},"data":{"error":{"code":402,"message":"Payment Required","error_code":"3009","error_message":"We failed to accept the credit card payment for the following reason: 'Valid security code required.' Error #B4A6K","upstream_error_message":"Valid security code required."}}}
Headers-->keep-alive
Headers-->2695
Headers-->application/json, text/plain, */*
Headers-->fr-CA
Headers-->application/json;charset=UTF-8
]]></system-out>
    <system-err><![CDATA[Starting ChromeDriver 2.36.540470 (e522d04694c7ebea4ba8821272dbef4f9b818c91) on port 37711
Only local connections are allowed.
Oct 13, 2020 12:06:32 PM org.openqa.selenium.remote.ProtocolHandshake createSession
INFO: Detected dialect: OSS
]]></system-err>
  </testcase>
  <testcase name="PassReferralID" classname="Tests.HealthCareProducts" time="119.792">
    <failure message="Critical A-Z section not displaying" type="java.lang.AssertionError">java.lang.AssertionError: Critical A-Z section not displaying
	at Tests.HealthCareProducts.PassReferralID(HealthCareProducts.java:64)
</failure>
    <system-out><![CDATA[Request URL: https://hydraqa.unicity.net/v5a-test/quotes?&expand=item
Entry Quotes response : {"items":[{"lines":{"items":[{"item":{"href":"https://hydraqa.unicity.net/v5a-test/items/1945faa1776541d53120ecfe3c1d8a2b","id":{"unicity":"24418"}},"quantity":1,"terms":{"priceEach":5,"taxEach":{"amount":0},"discountEach":{"amount":0},"pvEach":0},"quantityLimit":{"quantityQuota":-1,"timeFrameDays":-1,"quantityOrdered":0}}]},"currency":"USD"},{"lines":{"items":[{"item":{"href":"https://hydraqa.unicity.net/v5a-test/items/b127a2d34d3d73e2f53e4c2002a7a4a2","id":{"unicity":"25008"}},"quantity":1,"terms":{"priceEach":19,"taxEach":{"amount":0},"discountEach":{"amount":0},"pvEach":15},"quantityLimit":{"quantityQuota":-1,"timeFrameDays":-1,"quantityOrdered":0}}]},"currency":"USD"},{"lines":{"items":[{"item":{"href":"https://hydraqa.unicity.net/v5a-test/items/e218d1cac5f31e7ae4f5876c29c57377","id":{"unicity":"29017"}},"quantity":1,"terms":{"priceEach":38,"taxEach":{"amount":0},"discountEach":{"amount":0},"pvEach":26},"quantityLimit":{"quantityQuota":-1,"timeFrameDays":-1,"quantityOrdered":0}}]},"currency":"USD"}]}
Entry request : {"order":{"customer":{"href":"https://hydraqa.unicity.net/v5a-test/customers?type=Associate"},"shipToAddress":{"country":"US"}},"vary":{"lines":{"items":[{"item":{"href":"https://hydraqa.unicity.net/v5a-test/items?id.unicity=27228|27227|27226|24418|25008|29017"}}]}}}
]]></system-out>
    <system-err><![CDATA[Starting ChromeDriver 2.36.540470 (e522d04694c7ebea4ba8821272dbef4f9b818c91) on port 39341
Only local connections are allowed.
Oct 13, 2020 12:09:36 PM org.openqa.selenium.remote.ProtocolHandshake createSession
INFO: Detected dialect: OSS
]]></system-err>
  </testcase>
  <testcase name="PassReferralID" classname="Tests.HealthCareProducts" time="119.921">
    <failure message="Critical A-Z section not displaying" type="java.lang.AssertionError">java.lang.AssertionError: Critical A-Z section not displaying
	at Tests.HealthCareProducts.PassReferralID(HealthCareProducts.java:64)
</failure>
    <system-out><![CDATA[Request URL: https://hydraqa.unicity.net/v5a-test/quotes?&expand=item
Entry Quotes response : {"items":[{"lines":{"items":[{"item":{"href":"https://hydraqa.unicity.net/v5a-test/items/1945faa1776541d53120ecfe3c1d8a2b","id":{"unicity":"24418"}},"quantity":1,"terms":{"priceEach":5,"taxEach":{"amount":0},"discountEach":{"amount":0},"pvEach":0},"quantityLimit":{"quantityQuota":-1,"timeFrameDays":-1,"quantityOrdered":0}}]},"currency":"USD"},{"lines":{"items":[{"item":{"href":"https://hydraqa.unicity.net/v5a-test/items/b127a2d34d3d73e2f53e4c2002a7a4a2","id":{"unicity":"25008"}},"quantity":1,"terms":{"priceEach":19,"taxEach":{"amount":0},"discountEach":{"amount":0},"pvEach":15},"quantityLimit":{"quantityQuota":-1,"timeFrameDays":-1,"quantityOrdered":0}}]},"currency":"USD"},{"lines":{"items":[{"item":{"href":"https://hydraqa.unicity.net/v5a-test/items/e218d1cac5f31e7ae4f5876c29c57377","id":{"unicity":"29017"}},"quantity":1,"terms":{"priceEach":38,"taxEach":{"amount":0},"discountEach":{"amount":0},"pvEach":26},"quantityLimit":{"quantityQuota":-1,"timeFrameDays":-1,"quantityOrdered":0}}]},"currency":"USD"}]}
Entry request : {"order":{"customer":{"href":"https://hydraqa.unicity.net/v5a-test/customers?type=Associate"},"shipToAddress":{"country":"US"}},"vary":{"lines":{"items":[{"item":{"href":"https://hydraqa.unicity.net/v5a-test/items?id.unicity=27228|27227|27226|24418|25008|29017"}}]}}}
]]></system-out>
    <system-err><![CDATA[Starting ChromeDriver 2.36.540470 (e522d04694c7ebea4ba8821272dbef4f9b818c91) on port 10886
Only local connections are allowed.
Oct 13, 2020 12:11:44 PM org.openqa.selenium.remote.ProtocolHandshake createSession
INFO: Detected dialect: OSS
]]></system-err>
  </testcase>
  <testcase name="PassReferralID" classname="Tests.HealthCareProducts" time="119.841">
    <failure message="Critical A-Z section not displaying" type="java.lang.AssertionError">java.lang.AssertionError: Critical A-Z section not displaying
	at Tests.HealthCareProducts.PassReferralID(HealthCareProducts.java:64)
</failure>
    <system-out><![CDATA[Request URL: https://hydraqa.unicity.net/v5a-test/quotes?&expand=item
Entry Quotes response : {"items":[{"lines":{"items":[{"item":{"href":"https://hydraqa.unicity.net/v5a-test/items/46ea1edabdcf18f49817c437346958eb","id":{"unicity":"29147"}},"quantity":1,"terms":{"priceEach":74,"taxEach":{"amount":0},"discountEach":{"amount":0},"pvEach":33},"quantityLimit":{"quantityQuota":-1,"timeFrameDays":-1,"quantityOrdered":0}}]},"currency":"CAD"},{"lines":{"items":[{"item":{"href":"https://hydraqa.unicity.net/v5a-test/items/e77144fa2fcf6a4dc73c15b4d615c1aa","id":{"unicity":"28437"}},"quantity":1,"terms":{"priceEach":74,"taxEach":{"amount":0},"discountEach":{"amount":0},"pvEach":33},"quantityLimit":{"quantityQuota":-1,"timeFrameDays":-1,"quantityOrdered":0}}]},"currency":"CAD"},{"lines":{"items":[{"item":{"href":"https://hydraqa.unicity.net/v5a-test/items/8407b62b9c4120aa3dfe25c9feb76e4a","id":{"unicity":"28591"}},"quantity":1,"terms":{"priceEach":21,"taxEach":{"amount":0},"discountEach":{"amount":0},"pvEach":15},"quantityLimit":{"quantityQuota":-1,"timeFrameDays":-1,"quantityOrdered":0}}]},"currency":"CAD"}]}
Entry request : {"order":{"customer":{"href":"https://hydraqa.unicity.net/v5a-test/customers?type=Associate"},"shipToAddress":{"country":"CA"}},"vary":{"lines":{"items":[{"item":{"href":"https://hydraqa.unicity.net/v5a-test/items?id.unicity=27302|27305|27301|27304|27300|27303|24418|29147|28437|28591"}}]}}}
]]></system-out>
    <system-err><![CDATA[Starting ChromeDriver 2.36.540470 (e522d04694c7ebea4ba8821272dbef4f9b818c91) on port 7037
Only local connections are allowed.
Oct 13, 2020 12:13:51 PM org.openqa.selenium.remote.ProtocolHandshake createSession
INFO: Detected dialect: OSS
]]></system-err>
  </testcase>
  <testcase name="PassReferralID" classname="Tests.HealthCareProducts" time="120.14">
    <failure message="Critical A-Z section not displaying" type="java.lang.AssertionError">java.lang.AssertionError: Critical A-Z section not displaying
	at Tests.HealthCareProducts.PassReferralID(HealthCareProducts.java:64)
</failure>
    <system-out><![CDATA[Request URL: https://hydraqa.unicity.net/v5a-test/quotes?&expand=item
Entry Quotes response : {"items":[{"lines":{"items":[{"item":{"href":"https://hydraqa.unicity.net/v5a-test/items/46ea1edabdcf18f49817c437346958eb","id":{"unicity":"29147"}},"quantity":1,"terms":{"priceEach":74,"taxEach":{"amount":0},"discountEach":{"amount":0},"pvEach":33},"quantityLimit":{"quantityQuota":-1,"timeFrameDays":-1,"quantityOrdered":0}}]},"currency":"CAD"},{"lines":{"items":[{"item":{"href":"https://hydraqa.unicity.net/v5a-test/items/e77144fa2fcf6a4dc73c15b4d615c1aa","id":{"unicity":"28437"}},"quantity":1,"terms":{"priceEach":74,"taxEach":{"amount":0},"discountEach":{"amount":0},"pvEach":33},"quantityLimit":{"quantityQuota":-1,"timeFrameDays":-1,"quantityOrdered":0}}]},"currency":"CAD"},{"lines":{"items":[{"item":{"href":"https://hydraqa.unicity.net/v5a-test/items/8407b62b9c4120aa3dfe25c9feb76e4a","id":{"unicity":"28591"}},"quantity":1,"terms":{"priceEach":21,"taxEach":{"amount":0},"discountEach":{"amount":0},"pvEach":15},"quantityLimit":{"quantityQuota":-1,"timeFrameDays":-1,"quantityOrdered":0}}]},"currency":"CAD"}]}
Entry request : {"order":{"customer":{"href":"https://hydraqa.unicity.net/v5a-test/customers?type=Associate"},"shipToAddress":{"country":"CA"}},"vary":{"lines":{"items":[{"item":{"href":"https://hydraqa.unicity.net/v5a-test/items?id.unicity=27302|27305|27301|27304|27300|27303|24418|29147|28437|28591"}}]}}}
]]></system-out>
    <system-err><![CDATA[Starting ChromeDriver 2.36.540470 (e522d04694c7ebea4ba8821272dbef4f9b818c91) on port 7783
Only local connections are allowed.
Oct 13, 2020 12:15:57 PM org.openqa.selenium.remote.ProtocolHandshake createSession
INFO: Detected dialect: OSS
]]></system-err>
  </testcase>
</testsuite>