<?xml version="1.0" encoding="UTF-8"?>
<testsuite xmlns:xsi="http://www.w3.org/2001/XMLSchema-instance" xsi:noNamespaceSchemaLocation="https://maven.apache.org/surefire/maven-surefire-plugin/xsd/surefire-test-report-3.0.xsd" version="3.0" name="TestSuite" time="11,473.874" tests="121" errors="0" skipped="63" failures="40">
  <properties>
    <property name="sun.desktop" value="windows"/>
    <property name="awt.toolkit" value="sun.awt.windows.WToolkit"/>
    <property name="file.encoding.pkg" value="sun.io"/>
    <property name="java.specification.version" value="1.8"/>
    <property name="sun.cpu.isalist" value="amd64"/>
    <property name="sun.jnu.encoding" value="Cp1252"/>
    <property name="java.class.path" value="C:\Users\sumancb\git\Enrollment\Enrollment\target\test-classes;C:\Users\sumancb\git\Enrollment\Enrollment\target\classes;C:\Users\sumancb\.m2\repository\junit\junit\3.8.1\junit-3.8.1.jar;C:\Users\sumancb\.m2\repository\org\seleniumhq\selenium\selenium-java\3.8.1\selenium-java-3.8.1.jar;C:\Users\sumancb\.m2\repository\org\seleniumhq\selenium\selenium-api\3.8.1\selenium-api-3.8.1.jar;C:\Users\sumancb\.m2\repository\org\seleniumhq\selenium\selenium-chrome-driver\3.8.1\selenium-chrome-driver-3.8.1.jar;C:\Users\sumancb\.m2\repository\org\seleniumhq\selenium\selenium-edge-driver\3.8.1\selenium-edge-driver-3.8.1.jar;C:\Users\sumancb\.m2\repository\org\seleniumhq\selenium\selenium-firefox-driver\3.8.1\selenium-firefox-driver-3.8.1.jar;C:\Users\sumancb\.m2\repository\org\seleniumhq\selenium\selenium-ie-driver\3.8.1\selenium-ie-driver-3.8.1.jar;C:\Users\sumancb\.m2\repository\org\seleniumhq\selenium\selenium-opera-driver\3.8.1\selenium-opera-driver-3.8.1.jar;C:\Users\sumancb\.m2\repository\org\seleniumhq\selenium\selenium-remote-driver\3.8.1\selenium-remote-driver-3.8.1.jar;C:\Users\sumancb\.m2\repository\org\seleniumhq\selenium\selenium-safari-driver\3.8.1\selenium-safari-driver-3.8.1.jar;C:\Users\sumancb\.m2\repository\org\seleniumhq\selenium\selenium-support\3.8.1\selenium-support-3.8.1.jar;C:\Users\sumancb\.m2\repository\net\bytebuddy\byte-buddy\1.7.5\byte-buddy-1.7.5.jar;C:\Users\sumancb\.m2\repository\org\apache\commons\commons-exec\1.3\commons-exec-1.3.jar;C:\Users\sumancb\.m2\repository\commons-codec\commons-codec\1.10\commons-codec-1.10.jar;C:\Users\sumancb\.m2\repository\commons-logging\commons-logging\1.2\commons-logging-1.2.jar;C:\Users\sumancb\.m2\repository\com\google\code\gson\gson\2.8.2\gson-2.8.2.jar;C:\Users\sumancb\.m2\repository\com\google\guava\guava\23.0\guava-23.0.jar;C:\Users\sumancb\.m2\repository\com\google\code\findbugs\jsr305\1.3.9\jsr305-1.3.9.jar;C:\Users\sumancb\.m2\repository\com\google\errorprone\error_prone_annotations\2.0.18\error_prone_annotations-2.0.18.jar;C:\Users\sumancb\.m2\repository\com\google\j2objc\j2objc-annotations\1.1\j2objc-annotations-1.1.jar;C:\Users\sumancb\.m2\repository\org\codehaus\mojo\animal-sniffer-annotations\1.14\animal-sniffer-annotations-1.14.jar;C:\Users\sumancb\.m2\repository\org\apache\httpcomponents\httpclient\4.5.3\httpclient-4.5.3.jar;C:\Users\sumancb\.m2\repository\org\apache\httpcomponents\httpcore\4.4.6\httpcore-4.4.6.jar;C:\Users\sumancb\.m2\repository\org\testng\testng\6.14.3\testng-6.14.3.jar;C:\Users\sumancb\.m2\repository\com\beust\jcommander\1.72\jcommander-1.72.jar;C:\Users\sumancb\.m2\repository\org\apache-extras\beanshell\bsh\2.0b6\bsh-2.0b6.jar;C:\Users\sumancb\.m2\repository\com\relevantcodes\extentreports\2.41.2\extentreports-2.41.2.jar;C:\Users\sumancb\.m2\repository\org\jsoup\jsoup\1.8.3\jsoup-1.8.3.jar;C:\Users\sumancb\.m2\repository\org\xerial\sqlite-jdbc\3.8.11.1\sqlite-jdbc-3.8.11.1.jar;C:\Users\sumancb\.m2\repository\org\freemarker\freemarker\2.3.23\freemarker-2.3.23.jar;C:\Users\sumancb\.m2\repository\org\mongodb\mongodb-driver\3.0.4\mongodb-driver-3.0.4.jar;C:\Users\sumancb\.m2\repository\org\mongodb\bson\3.0.4\bson-3.0.4.jar;C:\Users\sumancb\.m2\repository\org\mongodb\mongodb-driver-core\3.0.4\mongodb-driver-core-3.0.4.jar;C:\Users\sumancb\.m2\repository\org\apache\commons\commons-lang3\3.8.1\commons-lang3-3.8.1.jar;C:\Users\sumancb\.m2\repository\io\rest-assured\rest-assured\3.1.0\rest-assured-3.1.0.jar;C:\Users\sumancb\.m2\repository\org\codehaus\groovy\groovy\2.4.12\groovy-2.4.12.jar;C:\Users\sumancb\.m2\repository\org\codehaus\groovy\groovy-xml\2.4.12\groovy-xml-2.4.12.jar;C:\Users\sumancb\.m2\repository\org\apache\httpcomponents\httpmime\4.5.1\httpmime-4.5.1.jar;C:\Users\sumancb\.m2\repository\org\hamcrest\hamcrest-core\1.3\hamcrest-core-1.3.jar;C:\Users\sumancb\.m2\repository\org\hamcrest\hamcrest-library\1.3\hamcrest-library-1.3.jar;C:\Users\sumancb\.m2\repository\org\ccil\cowan\tagsoup\tagsoup\1.2.1\tagsoup-1.2.1.jar;C:\Users\sumancb\.m2\repository\io\rest-assured\json-path\3.1.0\json-path-3.1.0.jar;C:\Users\sumancb\.m2\repository\org\codehaus\groovy\groovy-json\2.4.12\groovy-json-2.4.12.jar;C:\Users\sumancb\.m2\repository\io\rest-assured\rest-assured-common\3.1.0\rest-assured-common-3.1.0.jar;C:\Users\sumancb\.m2\repository\io\rest-assured\xml-path\3.1.0\xml-path-3.1.0.jar;C:\Users\sumancb\.m2\repository\javax\xml\bind\jaxb-api\2.2.12\jaxb-api-2.2.12.jar;C:\Users\sumancb\.m2\repository\org\skyscreamer\jsonassert\1.5.0\jsonassert-1.5.0.jar;C:\Users\sumancb\.m2\repository\com\vaadin\external\google\android-json\0.0.20131108.vaadin1\android-json-0.0.20131108.vaadin1.jar;C:\Users\sumancb\.m2\repository\org\codehaus\groovy\groovy-all\2.3.5\groovy-all-2.3.5.jar;C:\Users\sumancb\.m2\repository\org\codehaus\jackson\jackson-mapper-asl\1.5.0\jackson-mapper-asl-1.5.0.jar;C:\Users\sumancb\.m2\repository\org\codehaus\jackson\jackson-core-asl\1.5.0\jackson-core-asl-1.5.0.jar;C:\Users\sumancb\.m2\repository\net\lightbody\bmp\browsermob-core\2.1.5\browsermob-core-2.1.5.jar;C:\Users\sumancb\.m2\repository\net\lightbody\bmp\littleproxy\1.1.0-beta-bmp-17\littleproxy-1.1.0-beta-bmp-17.jar;C:\Users\sumancb\.m2\repository\com\fasterxml\jackson\core\jackson-core\2.8.9\jackson-core-2.8.9.jar;C:\Users\sumancb\.m2\repository\com\fasterxml\jackson\core\jackson-databind\2.8.9\jackson-databind-2.8.9.jar;C:\Users\sumancb\.m2\repository\dnsjava\dnsjava\2.1.8\dnsjava-2.1.8.jar;C:\Users\sumancb\.m2\repository\org\slf4j\slf4j-api\1.7.25\slf4j-api-1.7.25.jar;C:\Users\sumancb\.m2\repository\org\slf4j\jcl-over-slf4j\1.7.25\jcl-over-slf4j-1.7.25.jar;C:\Users\sumancb\.m2\repository\com\jcraft\jzlib\1.1.3\jzlib-1.1.3.jar;C:\Users\sumancb\.m2\repository\io\netty\netty-all\4.0.51.Final\netty-all-4.0.51.Final.jar;C:\Users\sumancb\.m2\repository\org\bouncycastle\bcprov-jdk15on\1.58\bcprov-jdk15on-1.58.jar;C:\Users\sumancb\.m2\repository\org\bouncycastle\bcpkix-jdk15on\1.58\bcpkix-jdk15on-1.58.jar;C:\Users\sumancb\.m2\repository\net\lightbody\bmp\mitm\2.1.5\mitm-2.1.5.jar;C:\Users\sumancb\.m2\repository\com\fasterxml\jackson\core\jackson-annotations\2.9.8\jackson-annotations-2.9.8.jar;C:\Users\sumancb\.m2\repository\commons-lang\commons-lang\2.2\commons-lang-2.2.jar;C:\Users\sumancb\.m2\repository\javax\mail\javax.mail-api\1.5.5\javax.mail-api-1.5.5.jar;C:\Users\sumancb\.m2\repository\com\sun\mail\javax.mail\1.6.1\javax.mail-1.6.1.jar;C:\Users\sumancb\.m2\repository\javax\activation\activation\1.1\activation-1.1.jar;C:\Users\sumancb\.m2\repository\org\springframework\data\spring-data-jpa\1.11.23.RELEASE\spring-data-jpa-1.11.23.RELEASE.jar;C:\Users\sumancb\.m2\repository\org\springframework\data\spring-data-commons\1.13.23.RELEASE\spring-data-commons-1.13.23.RELEASE.jar;C:\Users\sumancb\.m2\repository\org\springframework\spring-orm\4.3.25.RELEASE\spring-orm-4.3.25.RELEASE.jar;C:\Users\sumancb\.m2\repository\org\springframework\spring-jdbc\4.3.25.RELEASE\spring-jdbc-4.3.25.RELEASE.jar;C:\Users\sumancb\.m2\repository\org\springframework\spring-context\4.3.25.RELEASE\spring-context-4.3.25.RELEASE.jar;C:\Users\sumancb\.m2\repository\org\springframework\spring-expression\4.3.25.RELEASE\spring-expression-4.3.25.RELEASE.jar;C:\Users\sumancb\.m2\repository\org\springframework\spring-aop\4.3.25.RELEASE\spring-aop-4.3.25.RELEASE.jar;C:\Users\sumancb\.m2\repository\org\springframework\spring-tx\4.3.25.RELEASE\spring-tx-4.3.25.RELEASE.jar;C:\Users\sumancb\.m2\repository\org\springframework\spring-beans\4.3.25.RELEASE\spring-beans-4.3.25.RELEASE.jar;C:\Users\sumancb\.m2\repository\org\springframework\spring-core\4.3.25.RELEASE\spring-core-4.3.25.RELEASE.jar;C:\Users\sumancb\.m2\repository\org\aspectj\aspectjrt\1.8.13\aspectjrt-1.8.13.jar;C:\Users\sumancb\.m2\repository\org\apache\derby\derbyclient\10.11.1.1\derbyclient-10.11.1.1.jar;C:\Users\sumancb\.m2\repository\org\eclipse\persistence\org.eclipse.persistence.jpa\2.5.2\org.eclipse.persistence.jpa-2.5.2.jar;C:\Users\sumancb\.m2\repository\org\eclipse\persistence\javax.persistence\2.1.0\javax.persistence-2.1.0.jar;C:\Users\sumancb\.m2\repository\org\eclipse\persistence\org.eclipse.persistence.asm\2.5.2\org.eclipse.persistence.asm-2.5.2.jar;C:\Users\sumancb\.m2\repository\org\eclipse\persistence\org.eclipse.persistence.antlr\2.5.2\org.eclipse.persistence.antlr-2.5.2.jar;C:\Users\sumancb\.m2\repository\org\eclipse\persistence\org.eclipse.persistence.jpa.jpql\2.5.2\org.eclipse.persistence.jpa.jpql-2.5.2.jar;C:\Users\sumancb\.m2\repository\org\eclipse\persistence\org.eclipse.persistence.core\2.5.2\org.eclipse.persistence.core-2.5.2.jar;"/>
    <property name="java.vm.vendor" value="Oracle Corporation"/>
    <property name="sun.arch.data.model" value="64"/>
    <property name="user.variant" value=""/>
    <property name="java.vendor.url" value="http://java.oracle.com/"/>
    <property name="user.timezone" value="America/Denver"/>
    <property name="java.vm.specification.version" value="1.8"/>
    <property name="os.name" value="Windows Server 2012 R2"/>
    <property name="user.country" value="US"/>
    <property name="sun.java.launcher" value="SUN_STANDARD"/>
    <property name="sun.boot.library.path" value="C:\Program Files\Java\jdk1.8.0_111\jre\bin"/>
    <property name="sun.java.command" value="C:\Users\sumancb\AppData\Local\Temp\3\surefire3420588743895780025\surefirebooter8167704565418325652.jar C:\Users\sumancb\AppData\Local\Temp\3\surefire3420588743895780025 2020-10-18T09-40-51_550-jvmRun1 surefire387586997063787197tmp surefire_05754956813811052128tmp"/>
    <property name="surefire.test.class.path" value="C:\Users\sumancb\git\Enrollment\Enrollment\target\test-classes;C:\Users\sumancb\git\Enrollment\Enrollment\target\classes;C:\Users\sumancb\.m2\repository\junit\junit\3.8.1\junit-3.8.1.jar;C:\Users\sumancb\.m2\repository\org\seleniumhq\selenium\selenium-java\3.8.1\selenium-java-3.8.1.jar;C:\Users\sumancb\.m2\repository\org\seleniumhq\selenium\selenium-api\3.8.1\selenium-api-3.8.1.jar;C:\Users\sumancb\.m2\repository\org\seleniumhq\selenium\selenium-chrome-driver\3.8.1\selenium-chrome-driver-3.8.1.jar;C:\Users\sumancb\.m2\repository\org\seleniumhq\selenium\selenium-edge-driver\3.8.1\selenium-edge-driver-3.8.1.jar;C:\Users\sumancb\.m2\repository\org\seleniumhq\selenium\selenium-firefox-driver\3.8.1\selenium-firefox-driver-3.8.1.jar;C:\Users\sumancb\.m2\repository\org\seleniumhq\selenium\selenium-ie-driver\3.8.1\selenium-ie-driver-3.8.1.jar;C:\Users\sumancb\.m2\repository\org\seleniumhq\selenium\selenium-opera-driver\3.8.1\selenium-opera-driver-3.8.1.jar;C:\Users\sumancb\.m2\repository\org\seleniumhq\selenium\selenium-remote-driver\3.8.1\selenium-remote-driver-3.8.1.jar;C:\Users\sumancb\.m2\repository\org\seleniumhq\selenium\selenium-safari-driver\3.8.1\selenium-safari-driver-3.8.1.jar;C:\Users\sumancb\.m2\repository\org\seleniumhq\selenium\selenium-support\3.8.1\selenium-support-3.8.1.jar;C:\Users\sumancb\.m2\repository\net\bytebuddy\byte-buddy\1.7.5\byte-buddy-1.7.5.jar;C:\Users\sumancb\.m2\repository\org\apache\commons\commons-exec\1.3\commons-exec-1.3.jar;C:\Users\sumancb\.m2\repository\commons-codec\commons-codec\1.10\commons-codec-1.10.jar;C:\Users\sumancb\.m2\repository\commons-logging\commons-logging\1.2\commons-logging-1.2.jar;C:\Users\sumancb\.m2\repository\com\google\code\gson\gson\2.8.2\gson-2.8.2.jar;C:\Users\sumancb\.m2\repository\com\google\guava\guava\23.0\guava-23.0.jar;C:\Users\sumancb\.m2\repository\com\google\code\findbugs\jsr305\1.3.9\jsr305-1.3.9.jar;C:\Users\sumancb\.m2\repository\com\google\errorprone\error_prone_annotations\2.0.18\error_prone_annotations-2.0.18.jar;C:\Users\sumancb\.m2\repository\com\google\j2objc\j2objc-annotations\1.1\j2objc-annotations-1.1.jar;C:\Users\sumancb\.m2\repository\org\codehaus\mojo\animal-sniffer-annotations\1.14\animal-sniffer-annotations-1.14.jar;C:\Users\sumancb\.m2\repository\org\apache\httpcomponents\httpclient\4.5.3\httpclient-4.5.3.jar;C:\Users\sumancb\.m2\repository\org\apache\httpcomponents\httpcore\4.4.6\httpcore-4.4.6.jar;C:\Users\sumancb\.m2\repository\org\testng\testng\6.14.3\testng-6.14.3.jar;C:\Users\sumancb\.m2\repository\com\beust\jcommander\1.72\jcommander-1.72.jar;C:\Users\sumancb\.m2\repository\org\apache-extras\beanshell\bsh\2.0b6\bsh-2.0b6.jar;C:\Users\sumancb\.m2\repository\com\relevantcodes\extentreports\2.41.2\extentreports-2.41.2.jar;C:\Users\sumancb\.m2\repository\org\jsoup\jsoup\1.8.3\jsoup-1.8.3.jar;C:\Users\sumancb\.m2\repository\org\xerial\sqlite-jdbc\3.8.11.1\sqlite-jdbc-3.8.11.1.jar;C:\Users\sumancb\.m2\repository\org\freemarker\freemarker\2.3.23\freemarker-2.3.23.jar;C:\Users\sumancb\.m2\repository\org\mongodb\mongodb-driver\3.0.4\mongodb-driver-3.0.4.jar;C:\Users\sumancb\.m2\repository\org\mongodb\bson\3.0.4\bson-3.0.4.jar;C:\Users\sumancb\.m2\repository\org\mongodb\mongodb-driver-core\3.0.4\mongodb-driver-core-3.0.4.jar;C:\Users\sumancb\.m2\repository\org\apache\commons\commons-lang3\3.8.1\commons-lang3-3.8.1.jar;C:\Users\sumancb\.m2\repository\io\rest-assured\rest-assured\3.1.0\rest-assured-3.1.0.jar;C:\Users\sumancb\.m2\repository\org\codehaus\groovy\groovy\2.4.12\groovy-2.4.12.jar;C:\Users\sumancb\.m2\repository\org\codehaus\groovy\groovy-xml\2.4.12\groovy-xml-2.4.12.jar;C:\Users\sumancb\.m2\repository\org\apache\httpcomponents\httpmime\4.5.1\httpmime-4.5.1.jar;C:\Users\sumancb\.m2\repository\org\hamcrest\hamcrest-core\1.3\hamcrest-core-1.3.jar;C:\Users\sumancb\.m2\repository\org\hamcrest\hamcrest-library\1.3\hamcrest-library-1.3.jar;C:\Users\sumancb\.m2\repository\org\ccil\cowan\tagsoup\tagsoup\1.2.1\tagsoup-1.2.1.jar;C:\Users\sumancb\.m2\repository\io\rest-assured\json-path\3.1.0\json-path-3.1.0.jar;C:\Users\sumancb\.m2\repository\org\codehaus\groovy\groovy-json\2.4.12\groovy-json-2.4.12.jar;C:\Users\sumancb\.m2\repository\io\rest-assured\rest-assured-common\3.1.0\rest-assured-common-3.1.0.jar;C:\Users\sumancb\.m2\repository\io\rest-assured\xml-path\3.1.0\xml-path-3.1.0.jar;C:\Users\sumancb\.m2\repository\javax\xml\bind\jaxb-api\2.2.12\jaxb-api-2.2.12.jar;C:\Users\sumancb\.m2\repository\org\skyscreamer\jsonassert\1.5.0\jsonassert-1.5.0.jar;C:\Users\sumancb\.m2\repository\com\vaadin\external\google\android-json\0.0.20131108.vaadin1\android-json-0.0.20131108.vaadin1.jar;C:\Users\sumancb\.m2\repository\org\codehaus\groovy\groovy-all\2.3.5\groovy-all-2.3.5.jar;C:\Users\sumancb\.m2\repository\org\codehaus\jackson\jackson-mapper-asl\1.5.0\jackson-mapper-asl-1.5.0.jar;C:\Users\sumancb\.m2\repository\org\codehaus\jackson\jackson-core-asl\1.5.0\jackson-core-asl-1.5.0.jar;C:\Users\sumancb\.m2\repository\net\lightbody\bmp\browsermob-core\2.1.5\browsermob-core-2.1.5.jar;C:\Users\sumancb\.m2\repository\net\lightbody\bmp\littleproxy\1.1.0-beta-bmp-17\littleproxy-1.1.0-beta-bmp-17.jar;C:\Users\sumancb\.m2\repository\com\fasterxml\jackson\core\jackson-core\2.8.9\jackson-core-2.8.9.jar;C:\Users\sumancb\.m2\repository\com\fasterxml\jackson\core\jackson-databind\2.8.9\jackson-databind-2.8.9.jar;C:\Users\sumancb\.m2\repository\dnsjava\dnsjava\2.1.8\dnsjava-2.1.8.jar;C:\Users\sumancb\.m2\repository\org\slf4j\slf4j-api\1.7.25\slf4j-api-1.7.25.jar;C:\Users\sumancb\.m2\repository\org\slf4j\jcl-over-slf4j\1.7.25\jcl-over-slf4j-1.7.25.jar;C:\Users\sumancb\.m2\repository\com\jcraft\jzlib\1.1.3\jzlib-1.1.3.jar;C:\Users\sumancb\.m2\repository\io\netty\netty-all\4.0.51.Final\netty-all-4.0.51.Final.jar;C:\Users\sumancb\.m2\repository\org\bouncycastle\bcprov-jdk15on\1.58\bcprov-jdk15on-1.58.jar;C:\Users\sumancb\.m2\repository\org\bouncycastle\bcpkix-jdk15on\1.58\bcpkix-jdk15on-1.58.jar;C:\Users\sumancb\.m2\repository\net\lightbody\bmp\mitm\2.1.5\mitm-2.1.5.jar;C:\Users\sumancb\.m2\repository\com\fasterxml\jackson\core\jackson-annotations\2.9.8\jackson-annotations-2.9.8.jar;C:\Users\sumancb\.m2\repository\commons-lang\commons-lang\2.2\commons-lang-2.2.jar;C:\Users\sumancb\.m2\repository\javax\mail\javax.mail-api\1.5.5\javax.mail-api-1.5.5.jar;C:\Users\sumancb\.m2\repository\com\sun\mail\javax.mail\1.6.1\javax.mail-1.6.1.jar;C:\Users\sumancb\.m2\repository\javax\activation\activation\1.1\activation-1.1.jar;C:\Users\sumancb\.m2\repository\org\springframework\data\spring-data-jpa\1.11.23.RELEASE\spring-data-jpa-1.11.23.RELEASE.jar;C:\Users\sumancb\.m2\repository\org\springframework\data\spring-data-commons\1.13.23.RELEASE\spring-data-commons-1.13.23.RELEASE.jar;C:\Users\sumancb\.m2\repository\org\springframework\spring-orm\4.3.25.RELEASE\spring-orm-4.3.25.RELEASE.jar;C:\Users\sumancb\.m2\repository\org\springframework\spring-jdbc\4.3.25.RELEASE\spring-jdbc-4.3.25.RELEASE.jar;C:\Users\sumancb\.m2\repository\org\springframework\spring-context\4.3.25.RELEASE\spring-context-4.3.25.RELEASE.jar;C:\Users\sumancb\.m2\repository\org\springframework\spring-expression\4.3.25.RELEASE\spring-expression-4.3.25.RELEASE.jar;C:\Users\sumancb\.m2\repository\org\springframework\spring-aop\4.3.25.RELEASE\spring-aop-4.3.25.RELEASE.jar;C:\Users\sumancb\.m2\repository\org\springframework\spring-tx\4.3.25.RELEASE\spring-tx-4.3.25.RELEASE.jar;C:\Users\sumancb\.m2\repository\org\springframework\spring-beans\4.3.25.RELEASE\spring-beans-4.3.25.RELEASE.jar;C:\Users\sumancb\.m2\repository\org\springframework\spring-core\4.3.25.RELEASE\spring-core-4.3.25.RELEASE.jar;C:\Users\sumancb\.m2\repository\org\aspectj\aspectjrt\1.8.13\aspectjrt-1.8.13.jar;C:\Users\sumancb\.m2\repository\org\apache\derby\derbyclient\10.11.1.1\derbyclient-10.11.1.1.jar;C:\Users\sumancb\.m2\repository\org\eclipse\persistence\org.eclipse.persistence.jpa\2.5.2\org.eclipse.persistence.jpa-2.5.2.jar;C:\Users\sumancb\.m2\repository\org\eclipse\persistence\javax.persistence\2.1.0\javax.persistence-2.1.0.jar;C:\Users\sumancb\.m2\repository\org\eclipse\persistence\org.eclipse.persistence.asm\2.5.2\org.eclipse.persistence.asm-2.5.2.jar;C:\Users\sumancb\.m2\repository\org\eclipse\persistence\org.eclipse.persistence.antlr\2.5.2\org.eclipse.persistence.antlr-2.5.2.jar;C:\Users\sumancb\.m2\repository\org\eclipse\persistence\org.eclipse.persistence.jpa.jpql\2.5.2\org.eclipse.persistence.jpa.jpql-2.5.2.jar;C:\Users\sumancb\.m2\repository\org\eclipse\persistence\org.eclipse.persistence.core\2.5.2\org.eclipse.persistence.core-2.5.2.jar;"/>
    <property name="sun.cpu.endian" value="little"/>
    <property name="user.home" value="C:\Users\sumancb"/>
    <property name="user.language" value="en"/>
    <property name="java.specification.vendor" value="Oracle Corporation"/>
    <property name="java.home" value="C:\Program Files\Java\jdk1.8.0_111\jre"/>
    <property name="basedir" value="C:\Users\sumancb\git\Enrollment\Enrollment"/>
    <property name="file.separator" value="\"/>
    <property name="line.separator" value="&#10;"/>
    <property name="java.vm.specification.vendor" value="Oracle Corporation"/>
    <property name="java.specification.name" value="Java Platform API Specification"/>
    <property name="java.awt.graphicsenv" value="sun.awt.Win32GraphicsEnvironment"/>
    <property name="surefire.real.class.path" value="C:\Users\sumancb\AppData\Local\Temp\3\surefire3420588743895780025\surefirebooter8167704565418325652.jar"/>
    <property name="sun.boot.class.path" value="C:\Program Files\Java\jdk1.8.0_111\jre\lib\resources.jar;C:\Program Files\Java\jdk1.8.0_111\jre\lib\rt.jar;C:\Program Files\Java\jdk1.8.0_111\jre\lib\sunrsasign.jar;C:\Program Files\Java\jdk1.8.0_111\jre\lib\jsse.jar;C:\Program Files\Java\jdk1.8.0_111\jre\lib\jce.jar;C:\Program Files\Java\jdk1.8.0_111\jre\lib\charsets.jar;C:\Program Files\Java\jdk1.8.0_111\jre\lib\jfr.jar;C:\Program Files\Java\jdk1.8.0_111\jre\classes"/>
    <property name="user.script" value=""/>
    <property name="sun.management.compiler" value="HotSpot 64-Bit Tiered Compilers"/>
    <property name="java.runtime.version" value="1.8.0_111-b14"/>
    <property name="user.name" value="sumancb"/>
    <property name="path.separator" value=";"/>
    <property name="os.version" value="6.3"/>
    <property name="java.endorsed.dirs" value="C:\Program Files\Java\jdk1.8.0_111\jre\lib\endorsed"/>
    <property name="java.runtime.name" value="Java(TM) SE Runtime Environment"/>
    <property name="file.encoding" value="Cp1252"/>
    <property name="java.vm.name" value="Java HotSpot(TM) 64-Bit Server VM"/>
    <property name="localRepository" value="C:\Users\sumancb\.m2\repository"/>
    <property name="java.vendor.url.bug" value="http://bugreport.sun.com/bugreport/"/>
    <property name="java.io.tmpdir" value="C:\Users\sumancb\AppData\Local\Temp\3\"/>
    <property name="java.version" value="1.8.0_111"/>
    <property name="user.dir" value="C:\Users\sumancb\git\Enrollment\Enrollment"/>
    <property name="os.arch" value="amd64"/>
    <property name="java.vm.specification.name" value="Java Virtual Machine Specification"/>
    <property name="java.awt.printerjob" value="sun.awt.windows.WPrinterJob"/>
    <property name="sun.os.patch.level" value=""/>
    <property name="java.library.path" value="C:\Program Files\Java\jdk1.8.0_111\jre\bin;C:\Windows\Sun\Java\bin;C:\Windows\system32;C:\Windows;C:\Users\sumancb\.jenkins\tools\hudson.tasks.Maven_MavenInstallation\Maven_Home/bin;C:\Program Files\Java\jdk1.8.0_111/bin;C:\Program Files\Java\jdk1.8.0_111/bin;C:\Program Files (x86)\Common Files\Oracle\Java\javapath;C:\ProgramData\Oracle\Java\javapath;C:\Users\sumancb\Downloads\Gecko;C:\Windows\system32;C:\Windows;C:\Windows\System32\Wbem;C:\Windows\System32\WindowsPowerShell\v1.0\;C:\Program Files\Microsoft SQL Server\Client SDK\ODBC\110\Tools\Binn\;C:\Program Files (x86)\Microsoft SQL Server\120\Tools\Binn\ManagementStudio\;C:\Program Files (x86)\Microsoft SQL Server\120\Tools\Binn\;C:\Program Files\Microsoft SQL Server\120\Tools\Binn\;C:\Program Files (x86)\Microsoft SQL Server\120\DTS\Binn\;C:\Program Files\Microsoft SQL Server\120\DTS\Binn\;C:\xampp\php\;C:\Windows\SysinternalsSuite;C:\Program Files\apache-maven-3.6.2\apache-maven-3.6.2\bin;C:\Program Files\Java\jdk1.8.0_111\bin;C:\Program Files\Git\bin;C:\Program Files\Git\cmd;C:\Program Files\nodejs\;C:\Windows\Scripts;C:\Users\sumancb\AppData\Roaming;C:\Program Files\Java\jdk1.8.0_111\bin;C:\Users\sumancb\AppData\Roaming\npm;."/>
    <property name="java.vm.info" value="mixed mode"/>
    <property name="java.vendor" value="Oracle Corporation"/>
    <property name="java.vm.version" value="25.111-b14"/>
    <property name="java.ext.dirs" value="C:\Program Files\Java\jdk1.8.0_111\jre\lib\ext;C:\Windows\Sun\Java\lib\ext"/>
    <property name="sun.io.unicode.encoding" value="UnicodeLittle"/>
    <property name="java.class.version" value="52.0"/>
  </properties>
  <testcase name="Enroll" classname="Tests.FranchisePartner" time="284.276"/>
  <testcase name="Enroll" classname="Tests.FranchisePartner" time="221.078">
    <failure message="Minor Labels expected [[Payment Options, Kreditkarteninformationen, Rechnungsadresse, Lieferadresse, Versandart]] but found [[Zahlungsmöglichkeiten, Kreditkarteninformationen, Rechnungsadresse, Lieferadresse, Versandart]]" type="java.lang.AssertionError">java.lang.AssertionError: Minor Labels expected [[Payment Options, Kreditkarteninformationen, Rechnungsadresse, Lieferadresse, Versandart]] but found [[Zahlungsmöglichkeiten, Kreditkarteninformationen, Rechnungsadresse, Lieferadresse, Versandart]]
	at Tests.FranchisePartner.Enroll(FranchisePartner.java:252)
</failure>
    <system-out><![CDATA[Request URL: https://hydraqa.unicity.net/v5a-test/quotes?&expand=item
Entry Quotes response : {"items":[{"lines":{"items":[{"item":{"href":"https://hydraqa.unicity.net/v5a-test/items/1a2c3b4500d826d2ffdd3b684b179511","id":{"unicity":"27700"},"weightEach":{"value":0},"servingsPerContainer":0,"servingSize":0},"quantity":1,"terms":{"priceEach":340,"taxEach":{"amount":34},"discountEach":{"amount":0},"pvEach":250},"quantityLimit":{"quantityQuota":-1,"timeFrameDays":-1,"quantityOrdered":0}}]},"currency":"EUR"},{"lines":{"items":[{"item":{"href":"https://hydraqa.unicity.net/v5a-test/items/e9991b48ac639367d526d2b9b22fac8c","id":{"unicity":"32128"},"weightEach":{"value":0},"servingsPerContainer":0,"servingSize":0},"quantity":1,"terms":{"priceEach":371.87,"taxEach":{"amount":37.19},"discountEach":{"amount":0},"pvEach":253},"quantityLimit":{"quantityQuota":-1,"timeFrameDays":-1,"quantityOrdered":0}}]},"currency":"EUR"},{"lines":{"items":[{"item":{"href":"https://hydraqa.unicity.net/v5a-test/items/40b3312de189221d96d838d33a8ec49d","id":{"unicity":"32129"},"weightEach":{"value":0},"servingsPerContainer":0,"servingSize":0},"quantity":1,"terms":{"priceEach":371.87,"taxEach":{"amount":37.19},"discountEach":{"amount":0},"pvEach":254},"quantityLimit":{"quantityQuota":-1,"timeFrameDays":-1,"quantityOrdered":0}}]},"currency":"EUR"},{"lines":{"items":[{"item":{"href":"https://hydraqa.unicity.net/v5a-test/items/6bd168a66ce41003a8f30917deff5808","id":{"unicity":"32130"},"weightEach":{"value":0},"servingsPerContainer":0,"servingSize":0},"quantity":1,"terms":{"priceEach":363.46,"taxEach":{"amount":36.35},"discountEach":{"amount":0},"pvEach":252},"quantityLimit":{"quantityQuota":-1,"timeFrameDays":-1,"quantityOrdered":0}}]},"currency":"EUR"},{"lines":{"items":[{"item":{"href":"https://hydraqa.unicity.net/v5a-test/items/806f99b793edd7cd0b1c158ba0eb3142","id":{"unicity":"32132"},"weightEach":{"value":0},"servingsPerContainer":0,"servingSize":0},"quantity":1,"terms":{"priceEach":355.98,"taxEach":{"amount":35.6},"discountEach":{"amount":0},"pvEach":253},"quantityLimit":{"quantityQuota":-1,"timeFrameDays":-1,"quantityOrdered":0}}]},"currency":"EUR"},{"lines":{"items":[{"item":{"href":"https://hydraqa.unicity.net/v5a-test/items/e3d382d99fde8659cb146b54116e7654","id":{"unicity":"32133"},"weightEach":{"value":0},"servingsPerContainer":0,"servingSize":0},"quantity":1,"terms":{"priceEach":364.39,"taxEach":{"amount":36.44},"discountEach":{"amount":0},"pvEach":252},"quantityLimit":{"quantityQuota":-1,"timeFrameDays":-1,"quantityOrdered":0}}]},"currency":"EUR"},{"lines":{"items":[{"item":{"href":"https://hydraqa.unicity.net/v5a-test/items/022f109fe6e5eae3e521295a5cb94c60","id":{"unicity":"32134"},"weightEach":{"value":0},"servingsPerContainer":0,"servingSize":0},"quantity":1,"terms":{"priceEach":144.77,"taxEach":{"amount":14.48},"discountEach":{"amount":0},"pvEach":101},"quantityLimit":{"quantityQuota":-1,"timeFrameDays":-1,"quantityOrdered":0}}]},"currency":"EUR"},{"lines":{"items":[{"item":{"href":"https://hydraqa.unicity.net/v5a-test/items/ded00960d5e948dd8e511a9c752e1ff9","id":{"unicity":"32135"},"weightEach":{"value":0},"servingsPerContainer":0,"servingSize":0},"quantity":1,"terms":{"priceEach":154.11,"taxEach":{"amount":15.41},"discountEach":{"amount":0},"pvEach":113},"quantityLimit":{"quantityQuota":-1,"timeFrameDays":-1,"quantityOrdered":0}}]},"currency":"EUR"},{"lines":{"items":[{"item":{"href":"https://hydraqa.unicity.net/v5a-test/items/d8736cc35cf9f4734fd76da71c53dc05","id":{"unicity":"32136"},"weightEach":{"value":0},"servingsPerContainer":0,"servingSize":0},"quantity":1,"terms":{"priceEach":142.08,"taxEach":{"amount":14.21},"discountEach":{"amount":0},"pvEach":102},"quantityLimit":{"quantityQuota":-1,"timeFrameDays":-1,"quantityOrdered":0}}]},"currency":"EUR"},{"lines":{"items":[{"item":{"href":"https://hydraqa.unicity.net/v5a-test/items/166a69d45c4ae40278554e24d5f40443","id":{"unicity":"32137"},"weightEach":{"value":0},"servingsPerContainer":0,"servingSize":0},"quantity":1,"terms":{"priceEach":168.13,"taxEach":{"amount":16.81},"discountEach":{"amount":0},"pvEach":118},"quantityLimit":{"quantityQuota":-1,"timeFrameDays":-1,"quantityOrdered":0}}]},"currency":"EUR"},{"lines":{"items":[{"item":{"href":"https://hydraqa.unicity.net/v5a-test/items/d04a0b8762b20202b6273114fb7302d1","id":{"unicity":"32138"},"weightEach":{"value":0},"servingsPerContainer":0,"servingSize":0},"quantity":1,"terms":{"priceEach":224.21,"taxEach":{"amount":22.42},"discountEach":{"amount":0},"pvEach":152},"quantityLimit":{"quantityQuota":-1,"timeFrameDays":-1,"quantityOrdered":0}}]},"currency":"EUR"},{"lines":{"items":[{"item":{"href":"https://hydraqa.unicity.net/v5a-test/items/e13d0b5c40704ad5dd186959367c97f1","id":{"unicity":"32125"},"weightEach":{"value":0},"servingsPerContainer":0,"servingSize":0},"quantity":1,"terms":{"priceEach":373.74,"taxEach":{"amount":37.37},"discountEach":{"amount":0},"pvEach":250},"quantityLimit":{"quantityQuota":-1,"timeFrameDays":-1,"quantityOrdered":0}}]},"currency":"EUR"},{"lines":{"items":[{"item":{"href":"https://hydraqa.unicity.net/v5a-test/items/def68d31fb89b7c22a71f384e32f03d7","id":{"unicity":"32699"},"weightEach":{"value":0},"servingsPerContainer":0,"servingSize":0},"quantity":1,"terms":{"priceEach":284.14,"taxEach":{"amount":28.41},"discountEach":{"amount":0},"pvEach":200},"quantityLimit":{"quantityQuota":-1,"timeFrameDays":-1,"quantityOrdered":0}}]},"currency":"EUR"},{"lines":{"items":[{"item":{"href":"https://hydraqa.unicity.net/v5a-test/items/b23be76d5816f93f8e9b7ab0665d5021","id":{"unicity":"33092"},"weightEach":{"value":0},"servingsPerContainer":0,"servingSize":0},"quantity":1,"terms":{"priceEach":149.34,"taxEach":{"amount":14.93},"discountEach":{"amount":0},"pvEach":108},"quantityLimit":{"quantityQuota":-1,"timeFrameDays":-1,"quantityOrdered":0}}]},"currency":"EUR"},{"lines":{"items":[{"item":{"href":"https://hydraqa.unicity.net/v5a-test/items/287b72c2933e3afabdea942bd11bfab9","id":{"unicity":"33093"},"weightEach":{"value":0},"servingsPerContainer":0,"servingSize":0},"quantity":1,"terms":{"priceEach":162.54,"taxEach":{"amount":16.25},"discountEach":{"amount":0},"pvEach":105},"quantityLimit":{"quantityQuota":-1,"timeFrameDays":-1,"quantityOrdered":0}}]},"currency":"EUR"},{"lines":{"items":[{"item":{"href":"https://hydraqa.unicity.net/v5a-test/items/c451532f63a06f0e9a054e946a1a1c3b","id":{"unicity":"18511"},"weightEach":{"value":50},"servingsPerContainer":30,"servingSize":0},"quantity":1,"terms":{"priceEach":37.29,"taxEach":{"amount":3.73},"discountEach":{"amount":0},"pvEach":23},"quantityLimit":{"quantityQuota":-1,"timeFrameDays":-1,"quantityOrdered":0}}]},"currency":"EUR"},{"lines":{"items":[{"item":{"href":"https://hydraqa.unicity.net/v5a-test/items/4e49c95f12ae7be78e5ffab68b8b3ca6","id":{"unicity":"26422"},"weightEach":{"value":92},"servingsPerContainer":30,"servingSize":0},"quantity":1,"terms":{"priceEach":19,"taxEach":{"amount":1.9},"discountEach":{"amount":0},"pvEach":16},"quantityLimit":{"quantityQuota":-1,"timeFrameDays":-1,"quantityOrdered":0}}]},"currency":"EUR"},{"lines":{"items":[{"item":{"href":"https://hydraqa.unicity.net/v5a-test/items/50e73ecfa509ac20c4a250f9cb32fdfc","id":{"unicity":"27156"},"weightEach":{"value":31},"servingsPerContainer":50,"servingSize":0},"quantity":1,"terms":{"priceEach":20.47,"taxEach":{"amount":2.05},"discountEach":{"amount":0},"pvEach":13},"quantityLimit":{"quantityQuota":-1,"timeFrameDays":-1,"quantityOrdered":0}}]},"currency":"EUR"},{"lines":{"items":[{"item":{"href":"https://hydraqa.unicity.net/v5a-test/items/d92292ba2f23c030e4a1f63eb3ebe1ce","id":{"unicity":"27158"},"weightEach":{"value":454},"servingsPerContainer":45,"servingSize":0},"quantity":1,"terms":{"priceEach":27.94,"taxEach":{"amount":2.79},"discountEach":{"amount":0},"pvEach":23},"quantityLimit":{"quantityQuota":-1,"timeFrameDays":-1,"quantityOrdered":0}}]},"currency":"EUR"},{"lines":{"items":[{"item":{"href":"https://hydraqa.unicity.net/v5a-test/items/0d3b8d4f7c4d4082db1b4ecffb6693fb","id":{"unicity":"27160"},"weightEach":{"value":435},"servingsPerContainer":60,"servingSize":0},"quantity":1,"terms":{"priceEach":74.67,"taxEach":{"amount":7.47},"discountEach":{"amount":0},"pvEach":53},"quantityLimit":{"quantityQuota":-1,"timeFrameDays":-1,"quantityOrdered":0}}]},"currency":"EUR"},{"lines":{"items":[{"item":{"href":"https://hydraqa.unicity.net/v5a-test/items/ac37bf51ff7e4fe860da8457f6ce0425","id":{"unicity":"27166"},"weightEach":{"value":270},"servingsPerContainer":30,"servingSize":0},"quantity":1,"terms":{"priceEach":74.67,"taxEach":{"amount":7.47},"discountEach":{"amount":0},"pvEach":54},"quantityLimit":{"quantityQuota":-1,"timeFrameDays":-1,"quantityOrdered":0}}]},"currency":"EUR"},{"lines":{"items":[{"item":{"href":"https://hydraqa.unicity.net/v5a-test/items/a7bda1cb4a35343e52791aba56debc4a","id":{"unicity":"27617"},"weightEach":{"value":22.62},"servingsPerContainer":30,"servingSize":0},"quantity":1,"terms":{"priceEach":29.81,"taxEach":{"amount":2.98},"discountEach":{"amount":0},"pvEach":18},"quantityLimit":{"quantityQuota":-1,"timeFrameDays":-1,"quantityOrdered":0}}]},"currency":"EUR"},{"lines":{"items":[{"item":{"href":"https://hydraqa.unicity.net/v5a-test/items/a36d9fdd0fd7561e6180fb5b2ff27164","id":{"unicity":"27660"},"weightEach":{"value":129},"servingsPerContainer":15,"servingSize":0},"quantity":1,"terms":{"priceEach":40.09,"taxEach":{"amount":4.01},"discountEach":{"amount":0},"pvEach":25},"quantityLimit":{"quantityQuota":-1,"timeFrameDays":-1,"quantityOrdered":0}}]},"currency":"EUR"},{"lines":{"items":[{"item":{"href":"https://hydraqa.unicity.net/v5a-test/items/9a6e1d094182389c3da8e0a320ff0e00","id":{"unicity":"27585"},"weightEach":{"value":0},"servingsPerContainer":0,"servingSize":0},"quantity":1,"terms":{"priceEach":61.81,"taxEach":{"amount":6.18},"discountEach":{"amount":0},"pvEach":36},"quantityLimit":{"quantityQuota":-1,"timeFrameDays":-1,"quantityOrdered":0}}]},"currency":"EUR"},{"lines":{"items":[{"item":{"href":"https://hydraqa.unicity.net/v5a-test/items/112b8c39286598b3730f630f371a45f4","id":{"unicity":"27587"},"weightEach":{"value":690},"servingsPerContainer":30,"servingSize":0},"quantity":1,"terms":{"priceEach":55.98,"taxEach":{"amount":5.6},"discountEach":{"amount":0},"pvEach":34},"quantityLimit":{"quantityQuota":-1,"timeFrameDays":-1,"quantityOrdered":0}}]},"currency":"EUR"},{"lines":{"items":[{"item":{"href":"https://hydraqa.unicity.net/v5a-test/items/0c0717a26fcfe40310e906487e8a12f7","id":{"unicity":"28601"},"weightEach":{"value":270},"servingsPerContainer":30,"servingSize":0},"quantity":1,"terms":{"priceEach":74.67,"taxEach":{"amount":7.47},"discountEach":{"amount":0},"pvEach":54},"quantityLimit":{"quantityQuota":-1,"timeFrameDays":-1,"quantityOrdered":0}}]},"currency":"EUR"},{"lines":{"items":[{"item":{"href":"https://hydraqa.unicity.net/v5a-test/items/4790a55c442b5dc75a13b155e78c1842","id":{"unicity":"28604"},"weightEach":{"value":0},"servingsPerContainer":0,"servingSize":0},"quantity":1,"terms":{"priceEach":74.67,"taxEach":{"amount":7.47},"discountEach":{"amount":0},"pvEach":54},"quantityLimit":{"quantityQuota":-1,"timeFrameDays":-1,"quantityOrdered":0}}]},"currency":"EUR"},{"lines":{"items":[{"item":{"href":"https://hydraqa.unicity.net/v5a-test/items/024e696f8b44a1d315006e676604cd31","id":{"unicity":"27395"},"weightEach":{"value":210},"servingsPerContainer":30,"servingSize":0},"quantity":1,"terms":{"priceEach":29.81,"taxEach":{"amount":2.98},"discountEach":{"amount":0},"pvEach":18},"quantityLimit":{"quantityQuota":-1,"timeFrameDays":-1,"quantityOrdered":0}}]},"currency":"EUR"},{"lines":{"items":[{"item":{"href":"https://hydraqa.unicity.net/v5a-test/items/4b2034f47fce90b87bba28c5c2d7c25d","id":{"unicity":"15880"},"weightEach":{"value":51.5},"servingsPerContainer":90,"servingSize":0},"quantity":1,"terms":{"priceEach":51.31,"taxEach":{"amount":5.13},"discountEach":{"amount":0},"pvEach":33},"quantityLimit":{"quantityQuota":-1,"timeFrameDays":-1,"quantityOrdered":0}}]},"currency":"EUR"},{"lines":{"items":[{"item":{"href":"https://hydraqa.unicity.net/v5a-test/items/398d06b858b960f6f38086d40608aef2","id":{"unicity":"26560"},"weightEach":{"value":60},"servingsPerContainer":30,"servingSize":0},"quantity":1,"terms":{"priceEach":20.47,"taxEach":{"amount":2.05},"discountEach":{"amount":0},"pvEach":13},"quantityLimit":{"quantityQuota":-1,"timeFrameDays":-1,"quantityOrdered":0}}]},"currency":"EUR"},{"lines":{"items":[{"item":{"href":"https://hydraqa.unicity.net/v5a-test/items/e218d1cac5f31e7ae4f5876c29c57377","id":{"unicity":"29017"},"weightEach":{"value":52.8},"servingsPerContainer":60,"servingSize":0},"quantity":1,"terms":{"priceEach":37.29,"taxEach":{"amount":3.73},"discountEach":{"amount":0},"pvEach":23},"quantityLimit":{"quantityQuota":-1,"timeFrameDays":-1,"quantityOrdered":0}}]},"currency":"EUR"},{"lines":{"items":[{"item":{"href":"https://hydraqa.unicity.net/v5a-test/items/11fac1643721516cbf646365d88b73cd","id":{"unicity":"29838"},"weightEach":{"value":0},"servingsPerContainer":0,"servingSize":0},"quantity":1,"terms":{"priceEach":112.36,"taxEach":{"amount":11.24},"discountEach":{"amount":0},"pvEach":86},"quantityLimit":{"quantityQuota":-1,"timeFrameDays":-1,"quantityOrdered":0}}]},"currency":"EUR"},{"lines":{"items":[{"item":{"href":"https://hydraqa.unicity.net/v5a-test/items/2c4c1abe00983e85aaa918d2ce341491","id":{"unicity":"17174"},"weightEach":{"value":49.72},"servingsPerContainer":100,"servingSize":0},"quantity":1,"terms":{"priceEach":37.29,"taxEach":{"amount":3.73},"discountEach":{"amount":0},"pvEach":23},"quantityLimit":{"quantityQuota":-1,"timeFrameDays":-1,"quantityOrdered":0}}]},"currency":"EUR"},{"lines":{"items":[{"item":{"href":"https://hydraqa.unicity.net/v5a-test/items/ab2a2b07b17718843a66bee04ff40624","id":{"unicity":"31402"},"weightEach":{"value":477},"servingsPerContainer":30,"servingSize":0},"quantity":1,"terms":{"priceEach":92.43,"taxEach":{"amount":9.24},"discountEach":{"amount":0},"pvEach":70},"quantityLimit":{"quantityQuota":-1,"timeFrameDays":-1,"quantityOrdered":0}}]},"currency":"EUR"},{"lines":{"items":[{"item":{"href":"https://hydraqa.unicity.net/v5a-test/items/db0a2b02eaabc5ad45fe91ba5c7bcf5a","id":{"unicity":"31772"},"weightEach":{"value":0},"servingsPerContainer":0,"servingSize":0},"quantity":1,"terms":{"priceEach":8.32,"taxEach":{"amount":1.66},"discountEach":{"amount":0},"pvEach":0},"quantityLimit":{"quantityQuota":-1,"timeFrameDays":-1,"quantityOrdered":0}}]},"currency":"EUR"},{"lines":{"items":[{"item":{"href":"https://hydraqa.unicity.net/v5a-test/items/34c8c6b0f454da738e64265f08c57a72","id":{"unicity":"31777"},"weightEach":{"value":100},"servingsPerContainer":0,"servingSize":0},"quantity":1,"terms":{"priceEach":6.22,"taxEach":{"amount":1.24},"discountEach":{"amount":0},"pvEach":3},"quantityLimit":{"quantityQuota":-1,"timeFrameDays":-1,"quantityOrdered":0}}]},"currency":"EUR"},{"lines":{"items":[{"item":{"href":"https://hydraqa.unicity.net/v5a-test/items/fc8583e3bf463b599fdcce05234bc137","id":{"unicity":"31780"},"weightEach":{"value":275},"servingsPerContainer":0,"servingSize":0},"quantity":1,"terms":{"priceEach":8.32,"taxEach":{"amount":1.66},"discountEach":{"amount":0},"pvEach":4},"quantityLimit":{"quantityQuota":-1,"timeFrameDays":-1,"quantityOrdered":0}}]},"currency":"EUR"},{"lines":{"items":[{"item":{"href":"https://hydraqa.unicity.net/v5a-test/items/7e80331c8c25f515174d3f894283a27c","id":{"unicity":"31781"},"weightEach":{"value":275},"servingsPerContainer":0,"servingSize":0},"quantity":1,"terms":{"priceEach":8.32,"taxEach":{"amount":1.66},"discountEach":{"amount":0},"pvEach":4},"quantityLimit":{"quantityQuota":-1,"timeFrameDays":-1,"quantityOrdered":0}}]},"currency":"EUR"},{"lines":{"items":[{"item":{"href":"https://hydraqa.unicity.net/v5a-test/items/8d3854b47de8e45d6fcdc194dffff601","id":{"unicity":"31782"},"weightEach":{"value":50},"servingsPerContainer":0,"servingSize":0},"quantity":1,"terms":{"priceEach":12.52,"taxEach":{"amount":2.5},"discountEach":{"amount":0},"pvEach":6},"quantityLimit":{"quantityQuota":-1,"timeFrameDays":-1,"quantityOrdered":0}}]},"currency":"EUR"},{"lines":{"items":[{"item":{"href":"https://hydraqa.unicity.net/v5a-test/items/04516be30bd9bf93e01536e7fc8f8716","id":{"unicity":"31779"},"weightEach":{"value":350},"servingsPerContainer":0,"servingSize":0},"quantity":1,"terms":{"priceEach":10,"taxEach":{"amount":2},"discountEach":{"amount":0},"pvEach":5},"quantityLimit":{"quantityQuota":-1,"timeFrameDays":-1,"quantityOrdered":0}}]},"currency":"EUR"},{"lines":{"items":[{"item":{"href":"https://hydraqa.unicity.net/v5a-test/items/d7e1dd4b19a8672aed99e591356c0d48","id":{"unicity":"31932"},"weightEach":{"value":180},"servingsPerContainer":0,"servingSize":0},"quantity":1,"terms":{"priceEach":6.22,"taxEach":{"amount":1.24},"discountEach":{"amount":0},"pvEach":3},"quantityLimit":{"quantityQuota":-1,"timeFrameDays":-1,"quantityOrdered":0}}]},"currency":"EUR"},{"lines":{"items":[{"item":{"href":"https://hydraqa.unicity.net/v5a-test/items/1aa00306dc0006d365acd7436548f2e6","id":{"unicity":"31778"},"weightEach":{"value":350},"servingsPerContainer":0,"servingSize":0},"quantity":1,"terms":{"priceEach":12.52,"taxEach":{"amount":2.5},"discountEach":{"amount":0},"pvEach":6},"quantityLimit":{"quantityQuota":-1,"timeFrameDays":-1,"quantityOrdered":0}}]},"currency":"EUR"},{"lines":{"items":[{"item":{"href":"https://hydraqa.unicity.net/v5a-test/items/4fc6de0cb7817f39a836ff08609b8539","id":{"unicity":"32556"},"weightEach":{"value":0},"servingsPerContainer":0,"servingSize":0},"quantity":1,"terms":{"priceEach":2.44,"taxEach":{"amount":0.49},"discountEach":{"amount":0},"pvEach":0},"quantityLimit":{"quantityQuota":-1,"timeFrameDays":-1,"quantityOrdered":0}}]},"currency":"EUR"},{"lines":{"items":[{"item":{"href":"https://hydraqa.unicity.net/v5a-test/items/a85cc4a606716ce7b10b8bd76dca368f","id":{"unicity":"22605"},"weightEach":{"value":0},"servingsPerContainer":0,"servingSize":0},"quantity":1,"terms":{"priceEach":25.21,"taxEach":{"amount":5.04},"discountEach":{"amount":0},"pvEach":0},"quantityLimit":{"quantityQuota":-1,"timeFrameDays":-1,"quantityOrdered":0}}]},"currency":"EUR"},{"lines":{"items":[{"item":{"href":"https://hydraqa.unicity.net/v5a-test/items/2f1d0aa90494ae2e08035922c701f968","id":{"unicity":"29832"},"weightEach":{"value":0},"servingsPerContainer":0,"servingSize":0},"quantity":1,"terms":{"priceEach":47.57,"taxEach":{"amount":4.76},"discountEach":{"amount":0},"pvEach":39},"quantityLimit":{"quantityQuota":-1,"timeFrameDays":-1,"quantityOrdered":0}}]},"currency":"EUR"},{"lines":{"items":[{"item":{"href":"https://hydraqa.unicity.net/v5a-test/items/10df0fc3509b53cbeaeb9476ca92d520","id":{"unicity":"29833"},"weightEach":{"value":0},"servingsPerContainer":0,"servingSize":0},"quantity":1,"terms":{"priceEach":90.56,"taxEach":{"amount":9.06},"discountEach":{"amount":0},"pvEach":69},"quantityLimit":{"quantityQuota":-1,"timeFrameDays":-1,"quantityOrdered":0}}]},"currency":"EUR"},{"lines":{"items":[{"item":{"href":"https://hydraqa.unicity.net/v5a-test/items/b90fda77fbdf07131e0e60b87941cf76","id":{"unicity":"32755"},"weightEach":{"value":0},"servingsPerContainer":0,"servingSize":0},"quantity":1,"terms":{"priceEach":758.54,"taxEach":{"amount":75.85},"discountEach":{"amount":0},"pvEach":503},"quantityLimit":{"quantityQuota":-1,"timeFrameDays":-1,"quantityOrdered":0}}]},"currency":"EUR"},{"lines":{"items":[{"item":{"href":"https://hydraqa.unicity.net/v5a-test/items/3ab3ce55100f6593f04ec4a0d328a0b5","id":{"unicity":"32756"},"weightEach":{"value":0},"servingsPerContainer":0,"servingSize":0},"quantity":1,"terms":{"priceEach":1517.09,"taxEach":{"amount":151.71},"discountEach":{"amount":0},"pvEach":1006},"quantityLimit":{"quantityQuota":-1,"timeFrameDays":-1,"quantityOrdered":0}}]},"currency":"EUR"},{"lines":{"items":[{"item":{"href":"https://hydraqa.unicity.net/v5a-test/items/36c1237572a0cc563fad27fcfd6abcf1","id":{"unicity":"32967"},"weightEach":{"value":0},"servingsPerContainer":0,"servingSize":0},"quantity":1,"terms":{"priceEach":1136.56,"taxEach":{"amount":113.66},"discountEach":{"amount":0},"pvEach":800},"quantityLimit":{"quantityQuota":-1,"timeFrameDays":-1,"quantityOrdered":0}}]},"currency":"EUR"},{"lines":{"items":[{"item":{"href":"https://hydraqa.unicity.net/v5a-test/items/817e062d5600cad31f527fbfa764a0fa","id":{"unicity":"32968"},"weightEach":{"value":0},"servingsPerContainer":0,"servingSize":0},"quantity":1,"terms":{"priceEach":2273.12,"taxEach":{"amount":227.31},"discountEach":{"amount":0},"pvEach":1600},"quantityLimit":{"quantityQuota":-1,"timeFrameDays":-1,"quantityOrdered":0}}]},"currency":"EUR"},{"lines":{"items":[{"item":{"href":"https://hydraqa.unicity.net/v5a-test/items/81b61d497458d50a6893cf18a065539c","id":{"unicity":"32965"},"weightEach":{"value":0},"servingsPerContainer":0,"servingSize":0},"quantity":1,"terms":{"priceEach":690.84,"taxEach":{"amount":69.08},"discountEach":{"amount":0},"pvEach":456},"quantityLimit":{"quantityQuota":-1,"timeFrameDays":-1,"quantityOrdered":0}}]},"currency":"EUR"},{"lines":{"items":[{"item":{"href":"https://hydraqa.unicity.net/v5a-test/items/ab1f0744e0ce56260af7928f7bf04478","id":{"unicity":"32966"},"weightEach":{"value":0},"servingsPerContainer":0,"servingSize":0},"quantity":1,"terms":{"priceEach":1381.68,"taxEach":{"amount":138.17},"discountEach":{"amount":0},"pvEach":912},"quantityLimit":{"quantityQuota":-1,"timeFrameDays":-1,"quantityOrdered":0}}]},"currency":"EUR"},{"lines":{"items":[{"item":{"href":"https://hydraqa.unicity.net/v5a-test/items/2faa0a2bcdeed39b7569e085fe880a23","id":{"unicity":"33097"},"weightEach":{"value":0},"servingsPerContainer":0,"servingSize":0},"quantity":1,"terms":{"priceEach":703.21,"taxEach":{"amount":70.32},"discountEach":{"amount":0},"pvEach":500},"quantityLimit":{"quantityQuota":-1,"timeFrameDays":-1,"quantityOrdered":0}}]},"currency":"EUR"},{"lines":{"items":[{"item":{"href":"https://hydraqa.unicity.net/v5a-test/items/3196d0b751f9119076e364a1cb03fa18","id":{"unicity":"33095"},"weightEach":{"value":0},"servingsPerContainer":0,"servingSize":0},"quantity":1,"terms":{"priceEach":740.99,"taxEach":{"amount":74.1},"discountEach":{"amount":0},"pvEach":514},"quantityLimit":{"quantityQuota":-1,"timeFrameDays":-1,"quantityOrdered":0}}]},"currency":"EUR"},{"lines":{"items":[{"item":{"href":"https://hydraqa.unicity.net/v5a-test/items/9c43de3dc98337bf964013caa56e3e98","id":{"unicity":"33098"},"weightEach":{"value":0},"servingsPerContainer":0,"servingSize":0},"quantity":1,"terms":{"priceEach":1406.42,"taxEach":{"amount":140.64},"discountEach":{"amount":0},"pvEach":1000},"quantityLimit":{"quantityQuota":-1,"timeFrameDays":-1,"quantityOrdered":0}}]},"currency":"EUR"},{"lines":{"items":[{"item":{"href":"https://hydraqa.unicity.net/v5a-test/items/bdcb8e96238e2243278e5627f9a5f893","id":{"unicity":"33096"},"weightEach":{"value":0},"servingsPerContainer":0,"servingSize":0},"quantity":1,"terms":{"priceEach":1481.98,"taxEach":{"amount":148.2},"discountEach":{"amount":0},"pvEach":1028},"quantityLimit":{"quantityQuota":-1,"timeFrameDays":-1,"quantityOrdered":0}}]},"currency":"EUR"},{"lines":{"items":[{"item":{"href":"https://hydraqa.unicity.net/v5a-test/items/2262fdd5af916c31df08089c191735c1","id":{"unicity":"29317"},"weightEach":{"value":0},"servingsPerContainer":0,"servingSize":0},"quantity":1,"terms":{"priceEach":25.21,"taxEach":{"amount":5.04},"discountEach":{"amount":0},"pvEach":0},"quantityLimit":{"quantityQuota":-1,"timeFrameDays":-1,"quantityOrdered":0}}]},"currency":"EUR"},{"lines":{"items":[{"item":{"href":"https://hydraqa.unicity.net/v5a-test/items/332daeac6796ed016ea8b7d0bc42c2d4","id":{"unicity":"24274"},"weightEach":{"value":0},"servingsPerContainer":0,"servingSize":0},"quantity":1,"terms":{"priceEach":7.48,"taxEach":{"amount":1.5},"discountEach":{"amount":0},"pvEach":0},"quantityLimit":{"quantityQuota":-1,"timeFrameDays":-1,"quantityOrdered":0}}]},"currency":"EUR"},{"lines":{"items":[{"item":{"href":"https://hydraqa.unicity.net/v5a-test/items/1945faa1776541d53120ecfe3c1d8a2b","id":{"unicity":"24418"},"weightEach":{"value":0},"servingsPerContainer":0,"servingSize":0},"quantity":1,"terms":{"priceEach":4.96,"taxEach":{"amount":0.99},"discountEach":{"amount":0},"pvEach":0},"quantityLimit":{"quantityQuota":-1,"timeFrameDays":-1,"quantityOrdered":0}}]},"currency":"EUR"},{"lines":{"items":[{"item":{"href":"https://hydraqa.unicity.net/v5a-test/items/5147f8cfe32548e02fc158d4da9c4d6f","id":{"unicity":"27150"},"weightEach":{"value":0},"servingsPerContainer":0,"servingSize":0},"quantity":1,"terms":{"priceEach":93.36,"taxEach":{"amount":9.34},"discountEach":{"amount":0},"pvEach":70},"quantityLimit":{"quantityQuota":-1,"timeFrameDays":-1,"quantityOrdered":0}}]},"currency":"EUR"},{"lines":{"items":[{"item":{"href":"https://hydraqa.unicity.net/v5a-test/items/03eba2365025ccd85818846a83a16f47","id":{"unicity":"27163"},"weightEach":{"value":258},"servingsPerContainer":30,"servingSize":0},"quantity":1,"terms":{"priceEach":74.67,"taxEach":{"amount":7.47},"discountEach":{"amount":0},"pvEach":54},"quantityLimit":{"quantityQuota":-1,"timeFrameDays":-1,"quantityOrdered":0}}]},"currency":"EUR"},{"lines":{"items":[{"item":{"href":"https://hydraqa.unicity.net/v5a-test/items/7d4ad2792f7056e5f81eb24f118ef737","id":{"unicity":"27575"},"weightEach":{"value":1104},"servingsPerContainer":30,"servingSize":0},"quantity":1,"terms":{"priceEach":55.98,"taxEach":{"amount":5.6},"discountEach":{"amount":0},"pvEach":34},"quantityLimit":{"quantityQuota":-1,"timeFrameDays":-1,"quantityOrdered":0}}]},"currency":"EUR"},{"lines":{"items":[{"item":{"href":"https://hydraqa.unicity.net/v5a-test/items/3f2d12d7a0e8551fc99fad3bbe1ba633","id":{"unicity":"26567"},"weightEach":{"value":173.46},"servingsPerContainer":60,"servingSize":0},"quantity":1,"terms":{"priceEach":55.98,"taxEach":{"amount":5.6},"discountEach":{"amount":0},"pvEach":26},"quantityLimit":{"quantityQuota":-1,"timeFrameDays":-1,"quantityOrdered":0}}]},"currency":"EUR"},{"lines":{"items":[{"item":{"href":"https://hydraqa.unicity.net/v5a-test/items/191637167cb3144bd2e8c4615e9ab67e","id":{"unicity":"26568"},"weightEach":{"value":198.24},"servingsPerContainer":60,"servingSize":0},"quantity":1,"terms":{"priceEach":55.98,"taxEach":{"amount":5.6},"discountEach":{"amount":0},"pvEach":26},"quantityLimit":{"quantityQuota":-1,"timeFrameDays":-1,"quantityOrdered":0}}]},"currency":"EUR"},{"lines":{"items":[{"item":{"href":"https://hydraqa.unicity.net/v5a-test/items/64ec7ad932acafab052a4e8800ad1238","id":{"unicity":"24758"},"weightEach":{"value":26.89},"servingsPerContainer":30,"servingSize":0},"quantity":1,"terms":{"priceEach":37.29,"taxEach":{"amount":3.73},"discountEach":{"amount":0},"pvEach":23},"quantityLimit":{"quantityQuota":-1,"timeFrameDays":-1,"quantityOrdered":0}}]},"currency":"EUR"},{"lines":{"items":[{"item":{"href":"https://hydraqa.unicity.net/v5a-test/items/606f7be753c74dfbfe4b107276775140","id":{"unicity":"29821"},"weightEach":{"value":133.5},"servingsPerContainer":30,"servingSize":0},"quantity":1,"terms":{"priceEach":79.35,"taxEach":{"amount":7.94},"discountEach":{"amount":0},"pvEach":59},"quantityLimit":{"quantityQuota":-1,"timeFrameDays":-1,"quantityOrdered":0}}]},"currency":"EUR"},{"lines":{"items":[{"item":{"href":"https://hydraqa.unicity.net/v5a-test/items/94939f9be900906d2b47260ccba22a7b","id":{"unicity":"32012"},"weightEach":{"value":420},"servingsPerContainer":20,"servingSize":0},"quantity":1,"terms":{"priceEach":13.93,"taxEach":{"amount":1.39},"discountEach":{"amount":0},"pvEach":6},"quantityLimit":{"quantityQuota":-1,"timeFrameDays":-1,"quantityOrdered":0}}]},"currency":"EUR"},{"lines":{"items":[{"item":{"href":"https://hydraqa.unicity.net/v5a-test/items/991cdbb84a495779eb209fb3956a77e4","id":{"unicity":"29183"},"weightEach":{"value":50},"servingsPerContainer":0,"servingSize":0},"quantity":1,"terms":{"priceEach":31.01,"taxEach":{"amount":6.2},"discountEach":{"amount":0},"pvEach":18},"quantityLimit":{"quantityQuota":-1,"timeFrameDays":-1,"quantityOrdered":0}}]},"currency":"EUR"},{"lines":{"items":[{"item":{"href":"https://hydraqa.unicity.net/v5a-test/items/0e78fbdfebef11cd62f8d2120064ee58","id":{"unicity":"30280"},"weightEach":{"value":30},"servingsPerContainer":0,"servingSize":0},"quantity":1,"terms":{"priceEach":33.53,"taxEach":{"amount":6.71},"discountEach":{"amount":0},"pvEach":20},"quantityLimit":{"quantityQuota":-1,"timeFrameDays":-1,"quantityOrdered":0}}]},"currency":"EUR"},{"lines":{"items":[{"item":{"href":"https://hydraqa.unicity.net/v5a-test/items/beb900429fbb160dbfc3001c14d96df4","id":{"unicity":"29187"},"weightEach":{"value":30},"servingsPerContainer":0,"servingSize":0},"quantity":1,"terms":{"priceEach":37.73,"taxEach":{"amount":7.55},"discountEach":{"amount":0},"pvEach":24},"quantityLimit":{"quantityQuota":-1,"timeFrameDays":-1,"quantityOrdered":0}}]},"currency":"EUR"},{"lines":{"items":[{"item":{"href":"https://hydraqa.unicity.net/v5a-test/items/1b0412bea8c0b841c66f65a36aa14108","id":{"unicity":"29191"},"weightEach":{"value":30},"servingsPerContainer":0,"servingSize":0},"quantity":1,"terms":{"priceEach":37.73,"taxEach":{"amount":7.55},"discountEach":{"amount":0},"pvEach":24},"quantityLimit":{"quantityQuota":-1,"timeFrameDays":-1,"quantityOrdered":0}}]},"currency":"EUR"},{"lines":{"items":[{"item":{"href":"https://hydraqa.unicity.net/v5a-test/items/52c87f74d3b41ed49b0f897b66c2a99b","id":{"unicity":"30684"},"weightEach":{"value":450},"servingsPerContainer":30,"servingSize":0},"quantity":1,"terms":{"priceEach":37.29,"taxEach":{"amount":3.73},"discountEach":{"amount":0},"pvEach":23},"quantityLimit":{"quantityQuota":-1,"timeFrameDays":-1,"quantityOrdered":0}}]},"currency":"EUR"},{"lines":{"items":[{"item":{"href":"https://hydraqa.unicity.net/v5a-test/items/90f38f77c9e6ea5a71aa7377df83760b","id":{"unicity":"30198"},"weightEach":{"value":0},"servingsPerContainer":0,"servingSize":0},"quantity":1,"terms":{"priceEach":19,"taxEach":{"amount":1.9},"discountEach":{"amount":0},"pvEach":16},"quantityLimit":{"quantityQuota":-1,"timeFrameDays":-1,"quantityOrdered":0}}]},"currency":"EUR"},{"lines":{"items":[{"item":{"href":"https://hydraqa.unicity.net/v5a-test/items/7e5e7df32701fd44947c8146f2129f7a","id":{"unicity":"31672"},"weightEach":{"value":270},"servingsPerContainer":15,"servingSize":0},"quantity":1,"terms":{"priceEach":74.67,"taxEach":{"amount":7.47},"discountEach":{"amount":0},"pvEach":54},"quantityLimit":{"quantityQuota":-1,"timeFrameDays":-1,"quantityOrdered":0}}]},"currency":"EUR"},{"lines":{"items":[{"item":{"href":"https://hydraqa.unicity.net/v5a-test/items/493c2ba720f847422eccc5da35024f33","id":{"unicity":"31534"},"weightEach":{"value":95},"servingsPerContainer":60,"servingSize":0},"quantity":1,"terms":{"priceEach":26.07,"taxEach":{"amount":2.61},"discountEach":{"amount":0},"pvEach":16},"quantityLimit":{"quantityQuota":-1,"timeFrameDays":-1,"quantityOrdered":0}}]},"currency":"EUR"},{"lines":{"items":[{"item":{"href":"https://hydraqa.unicity.net/v5a-test/items/bfddb53fe0d5ed5432c531dc9850cbe4","id":{"unicity":"29449"},"weightEach":{"value":60},"servingsPerContainer":30,"servingSize":0},"quantity":1,"terms":{"priceEach":26.07,"taxEach":{"amount":2.61},"discountEach":{"amount":0},"pvEach":16},"quantityLimit":{"quantityQuota":-1,"timeFrameDays":-1,"quantityOrdered":0}}]},"currency":"EUR"},{"lines":{"items":[{"item":{"href":"https://hydraqa.unicity.net/v5a-test/items/217ca02fbd24e21ca5281412756238ab","id":{"unicity":"32126"},"weightEach":{"value":0},"servingsPerContainer":0,"servingSize":0},"quantity":1,"terms":{"priceEach":152.24,"taxEach":{"amount":16.05},"discountEach":{"amount":0},"pvEach":101},"quantityLimit":{"quantityQuota":-1,"timeFrameDays":-1,"quantityOrdered":0}}]},"currency":"EUR"},{"lines":{"items":[{"item":{"href":"https://hydraqa.unicity.net/v5a-test/items/808008a0657d2033ad471c39bbce9891","id":{"unicity":"32127"},"weightEach":{"value":0},"servingsPerContainer":0,"servingSize":0},"quantity":1,"terms":{"priceEach":162.34,"taxEach":{"amount":17.07},"discountEach":{"amount":0},"pvEach":113},"quantityLimit":{"quantityQuota":-1,"timeFrameDays":-1,"quantityOrdered":0}}]},"currency":"EUR"},{"lines":{"items":[{"item":{"href":"https://hydraqa.unicity.net/v5a-test/items/fbb6dbd577adb73abaec364076fb288f","id":{"unicity":"32087"},"weightEach":{"value":600},"servingsPerContainer":10,"servingSize":0},"quantity":1,"terms":{"priceEach":20.47,"taxEach":{"amount":2.05},"discountEach":{"amount":0},"pvEach":9},"quantityLimit":{"quantityQuota":-1,"timeFrameDays":-1,"quantityOrdered":0}}]},"currency":"EUR"},{"lines":{"items":[{"item":{"href":"https://hydraqa.unicity.net/v5a-test/items/1f59b10f0bef99fa20e4b9b0b4efea88","id":{"unicity":"32333"},"weightEach":{"value":0},"servingsPerContainer":0,"servingSize":0},"quantity":1,"terms":{"priceEach":9.16,"taxEach":{"amount":1.83},"discountEach":{"amount":0},"pvEach":0},"quantityLimit":{"quantityQuota":-1,"timeFrameDays":-1,"quantityOrdered":0}}]},"currency":"EUR"},{"lines":{"items":[{"item":{"href":"https://hydraqa.unicity.net/v5a-test/items/592aef9ec417f4553dc0b62a91a1f5e0","id":{"unicity":"32330"},"weightEach":{"value":0},"servingsPerContainer":0,"servingSize":0},"quantity":1,"terms":{"priceEach":93.36,"taxEach":{"amount":9.34},"discountEach":{"amount":0},"pvEach":55},"quantityLimit":{"quantityQuota":-1,"timeFrameDays":-1,"quantityOrdered":0}}]},"currency":"EUR"},{"lines":{"items":[{"item":{"href":"https://hydraqa.unicity.net/v5a-test/items/87dd58dff9eb54a10b652443e7279a1e","id":{"unicity":"32693"},"weightEach":{"value":0},"servingsPerContainer":0,"servingSize":0},"quantity":1,"terms":{"priceEach":79.35,"taxEach":{"amount":7.94},"discountEach":{"amount":0},"pvEach":59},"quantityLimit":{"quantityQuota":-1,"timeFrameDays":-1,"quantityOrdered":0}}]},"currency":"EUR"},{"lines":{"items":[{"item":{"href":"https://hydraqa.unicity.net/v5a-test/items/1bd53de7fe880ba71f46c9976ca2c137","id":{"unicity":"27739"},"weightEach":{"value":0},"servingsPerContainer":0,"servingSize":0},"quantity":1,"terms":{"priceEach":37.29,"taxEach":{"amount":3.73},"discountEach":{"amount":0},"pvEach":23},"quantityLimit":{"quantityQuota":-1,"timeFrameDays":-1,"quantityOrdered":0}}]},"currency":"EUR"}]}
Entry request : {"order":{"customer":{"href":"https://hydraqa.unicity.net/v5a-test/customers?type=Associate"},"shipToAddress":{"country":"AT"}},"vary":{"lines":{"items":[{"item":{"href":"https://hydraqa.unicity.net/v5a-test/items?id.unicity=27700|31951|31952|32128|32129|32130|32132|32133|32134|32135|32136|32137|32138|32125|32699|33092|33094|33093|18511|26422|27156|27158|27160|27166|27617|27660|27585|27587|28601|28604|27395|15880|26560|29017|29838|17174|31402|31772|31777|31780|31781|31782|31779|31932|31778|32556|22605|29832|29833|32755|32756|32967|32968|32965|32966|33097|33095|33098|33096|29317|24274|24418|27150|27163|27575|26567|26568|24758|29821|32012|29183|30280|29187|29191|30684|30198|31672|31534|29449|32126|32127|32087|32333|32330|32693|27739"}}]}}}
Request URL: https://hydraqa.unicity.net/v5a-test/customers.js?callback=angular.callbacks._1&expand=customer,profilePicture&id.unicity=2
Request URL: https://hydraqa.unicity.net/v5a-test/customers.js?_httpMethod=HEAD&callback=angular.callbacks._7&email=EILZRK@gmail.com
]]></system-out>
    <system-err><![CDATA[Starting ChromeDriver 2.36.540470 (e522d04694c7ebea4ba8821272dbef4f9b818c91) on port 35144
Only local connections are allowed.
Oct 18, 2020 9:45:48 AM org.openqa.selenium.remote.ProtocolHandshake createSession
INFO: Detected dialect: OSS
]]></system-err>
  </testcase>
  <testcase name="Enroll" classname="Tests.FranchisePartner" time="359.214"/>
  <testcase name="Enroll" classname="Tests.FranchisePartner" time="321.145"/>
  <testcase name="Enroll" classname="Tests.FranchisePartner" time="327.385"/>
  <testcase name="Enroll" classname="Tests.FranchisePartner" time="317.467"/>
  <testcase name="Enroll" classname="Tests.FranchisePartner" time="93.42">
    <failure message="Major Customization error" type="java.lang.AssertionError">java.lang.AssertionError: Major Customization error
	at Tests.FranchisePartner.Enroll(FranchisePartner.java:249)
</failure>
    <system-out><![CDATA[Request URL: https://hydraqa.unicity.net/v5a-test/quotes?&expand=item
Entry Quotes response : {"items":[{"lines":{"items":[{"item":{"href":"https://hydraqa.unicity.net/v5a-test/items/bb1a7c3a2902e2cbc4cb2a22fdf1f499","id":{"unicity":"26993"}},"quantity":1,"terms":{"priceEach":250,"taxEach":{"amount":0},"discountEach":{"amount":0},"pvEach":150},"quantityLimit":{"quantityQuota":-1,"timeFrameDays":-1,"quantityOrdered":0}}]},"currency":"CAD"},{"lines":{"items":[{"item":{"href":"https://hydraqa.unicity.net/v5a-test/items/3ddd31ddbe0e5807756d2488e7cc3602","id":{"unicity":"31440"}},"quantity":1,"terms":{"priceEach":40,"taxEach":{"amount":0},"discountEach":{"amount":0},"pvEach":0},"quantityLimit":{"quantityQuota":-1,"timeFrameDays":-1,"quantityOrdered":0}}]},"currency":"CAD"},{"lines":{"items":[{"item":{"href":"https://hydraqa.unicity.net/v5a-test/items/5990c3ea5f48eb212ab30fd557f75397","id":{"unicity":"31442"}},"quantity":1,"terms":{"priceEach":40,"taxEach":{"amount":0},"discountEach":{"amount":0},"pvEach":0},"quantityLimit":{"quantityQuota":-1,"timeFrameDays":-1,"quantityOrdered":0}}]},"currency":"CAD"},{"lines":{"items":[{"item":{"href":"https://hydraqa.unicity.net/v5a-test/items/576e0ebc8d1f5b26fc89bf3cd47a26c6","id":{"unicity":"26572"}},"quantity":1,"terms":{"priceEach":96,"taxEach":{"amount":0},"discountEach":{"amount":0},"pvEach":56},"quantityLimit":{"quantityQuota":-1,"timeFrameDays":-1,"quantityOrdered":0}}]},"currency":"CAD"},{"lines":{"items":[{"item":{"href":"https://hydraqa.unicity.net/v5a-test/items/46ea1edabdcf18f49817c437346958eb","id":{"unicity":"29147"}},"quantity":1,"terms":{"priceEach":74,"taxEach":{"amount":0},"discountEach":{"amount":0},"pvEach":33},"quantityLimit":{"quantityQuota":-1,"timeFrameDays":-1,"quantityOrdered":0}}]},"currency":"CAD"},{"lines":{"items":[{"item":{"href":"https://hydraqa.unicity.net/v5a-test/items/e77144fa2fcf6a4dc73c15b4d615c1aa","id":{"unicity":"28437"}},"quantity":1,"terms":{"priceEach":74,"taxEach":{"amount":0},"discountEach":{"amount":0},"pvEach":33},"quantityLimit":{"quantityQuota":-1,"timeFrameDays":-1,"quantityOrdered":0}}]},"currency":"CAD"},{"lines":{"items":[{"item":{"href":"https://hydraqa.unicity.net/v5a-test/items/8407b62b9c4120aa3dfe25c9feb76e4a","id":{"unicity":"28591"}},"quantity":1,"terms":{"priceEach":21,"taxEach":{"amount":0},"discountEach":{"amount":0},"pvEach":15},"quantityLimit":{"quantityQuota":-1,"timeFrameDays":-1,"quantityOrdered":0}}]},"currency":"CAD"},{"lines":{"items":[{"item":{"href":"https://hydraqa.unicity.net/v5a-test/items/10da226fab00279b4f89df10af2a10b7","id":{"unicity":"26442"}},"quantity":1,"terms":{"priceEach":9,"taxEach":{"amount":0},"discountEach":{"amount":0},"pvEach":0},"quantityLimit":{"quantityQuota":-1,"timeFrameDays":-1,"quantityOrdered":0}}]},"currency":"CAD"},{"lines":{"items":[{"item":{"href":"https://hydraqa.unicity.net/v5a-test/items/60b5ca15c481444657970edde11b04ce","id":{"unicity":"26571"}},"quantity":1,"terms":{"priceEach":96,"taxEach":{"amount":0},"discountEach":{"amount":0},"pvEach":56},"quantityLimit":{"quantityQuota":-1,"timeFrameDays":-1,"quantityOrdered":0}}]},"currency":"CAD"},{"lines":{"items":[{"item":{"href":"https://hydraqa.unicity.net/v5a-test/items/1785a19a6bf5472c7c1ded08cb7fd083","id":{"unicity":"28326"}},"quantity":1,"terms":{"priceEach":1755,"taxEach":{"amount":0},"discountEach":{"amount":0},"pvEach":1000},"quantityLimit":{"quantityQuota":-1,"timeFrameDays":-1,"quantityOrdered":0}}]},"currency":"CAD"},{"lines":{"items":[{"item":{"href":"https://hydraqa.unicity.net/v5a-test/items/4b1b6b6007d154296fd6c4044c789f67","id":{"unicity":"28329"}},"quantity":1,"terms":{"priceEach":250,"taxEach":{"amount":0},"discountEach":{"amount":0},"pvEach":150},"quantityLimit":{"quantityQuota":-1,"timeFrameDays":-1,"quantityOrdered":0}}]},"currency":"CAD"},{"lines":{"items":[{"item":{"href":"https://hydraqa.unicity.net/v5a-test/items/2ffc1563d3d0fd7121ca5b1c2184988e","id":{"unicity":"28428"}},"quantity":1,"terms":{"priceEach":97,"taxEach":{"amount":0},"discountEach":{"amount":0},"pvEach":62},"quantityLimit":{"quantityQuota":-1,"timeFrameDays":-1,"quantityOrdered":0}}]},"currency":"CAD"},{"lines":{"items":[{"item":{"href":"https://hydraqa.unicity.net/v5a-test/items/637af131553f5822bef2bb0f0577b2e9","id":{"unicity":"28160"}},"quantity":1,"terms":{"priceEach":103,"taxEach":{"amount":0},"discountEach":{"amount":0},"pvEach":62},"quantityLimit":{"quantityQuota":-1,"timeFrameDays":-1,"quantityOrdered":0}}]},"currency":"CAD"},{"lines":{"items":[{"item":{"href":"https://hydraqa.unicity.net/v5a-test/items/c4744f6ba328b983bfffc7e1e4416ff3","id":{"unicity":"26565"}},"quantity":1,"terms":{"priceEach":102,"taxEach":{"amount":0},"discountEach":{"amount":0},"pvEach":64},"quantityLimit":{"quantityQuota":-1,"timeFrameDays":-1,"quantityOrdered":0}}]},"currency":"CAD"},{"lines":{"items":[{"item":{"href":"https://hydraqa.unicity.net/v5a-test/items/fe97499574f54ccd16daec7361208411","id":{"unicity":"26570"}},"quantity":1,"terms":{"priceEach":23,"taxEach":{"amount":0},"discountEach":{"amount":0},"pvEach":13},"quantityLimit":{"quantityQuota":-1,"timeFrameDays":-1,"quantityOrdered":0}}]},"currency":"CAD"},{"lines":{"items":[{"item":{"href":"https://hydraqa.unicity.net/v5a-test/items/ae14f4659032c9e8591a7ac76abd1ad5","id":{"unicity":"26569"}},"quantity":1,"terms":{"priceEach":44,"taxEach":{"amount":0},"discountEach":{"amount":0},"pvEach":30},"quantityLimit":{"quantityQuota":-1,"timeFrameDays":-1,"quantityOrdered":0}}]},"currency":"CAD"},{"lines":{"items":[{"item":{"href":"https://hydraqa.unicity.net/v5a-test/items/351c19047c5c800d2db6963b3af5df78","id":{"unicity":"27080"}},"quantity":1,"terms":{"priceEach":58,"taxEach":{"amount":0},"discountEach":{"amount":0},"pvEach":35},"quantityLimit":{"quantityQuota":-1,"timeFrameDays":-1,"quantityOrdered":0}}]},"currency":"CAD"},{"lines":{"items":[{"item":{"href":"https://hydraqa.unicity.net/v5a-test/items/f847ce37f5942a226f74e671c86709f8","id":{"unicity":"28787"}},"quantity":1,"terms":{"priceEach":33,"taxEach":{"amount":0},"discountEach":{"amount":0},"pvEach":17},"quantityLimit":{"quantityQuota":-1,"timeFrameDays":-1,"quantityOrdered":0}}]},"currency":"CAD"},{"lines":{"items":[{"item":{"href":"https://hydraqa.unicity.net/v5a-test/items/b24413d1812bb9c95ba6ff7e26bad8ff","id":{"unicity":"26566"}},"quantity":1,"terms":{"priceEach":47,"taxEach":{"amount":0},"discountEach":{"amount":0},"pvEach":32},"quantityLimit":{"quantityQuota":-1,"timeFrameDays":-1,"quantityOrdered":0}}]},"currency":"CAD"},{"lines":{"items":[{"item":{"href":"https://hydraqa.unicity.net/v5a-test/items/6e0e7450f45cb9412e5b4642dd1469cb","id":{"unicity":"26579"}},"quantity":1,"terms":{"priceEach":21,"taxEach":{"amount":0},"discountEach":{"amount":0},"pvEach":13},"quantityLimit":{"quantityQuota":-1,"timeFrameDays":-1,"quantityOrdered":0}}]},"currency":"CAD"},{"lines":{"items":[{"item":{"href":"https://hydraqa.unicity.net/v5a-test/items/828f9b5bdbceaa7cd3ca6a4532632635","id":{"unicity":"19356"}},"quantity":1,"terms":{"priceEach":36,"taxEach":{"amount":0},"discountEach":{"amount":0},"pvEach":21},"quantityLimit":{"quantityQuota":-1,"timeFrameDays":-1,"quantityOrdered":0}}]},"currency":"CAD"},{"lines":{"items":[{"item":{"href":"https://hydraqa.unicity.net/v5a-test/items/cb1cb2d293cc48affee9b2026c31313a","id":{"unicity":"28928"}},"quantity":1,"terms":{"priceEach":41,"taxEach":{"amount":0},"discountEach":{"amount":0},"pvEach":13},"quantityLimit":{"quantityQuota":-1,"timeFrameDays":-1,"quantityOrdered":0}}]},"currency":"CAD"},{"lines":{"items":[{"item":{"href":"https://hydraqa.unicity.net/v5a-test/items/a40ede5f6847ec094ad8a38616ced7d0","id":{"unicity":"28100"}},"quantity":1,"terms":{"priceEach":40,"taxEach":{"amount":0},"discountEach":{"amount":0},"pvEach":25},"quantityLimit":{"quantityQuota":-1,"timeFrameDays":-1,"quantityOrdered":0}}]},"currency":"CAD"},{"lines":{"items":[{"item":{"href":"https://hydraqa.unicity.net/v5a-test/items/1b0412bea8c0b841c66f65a36aa14108","id":{"unicity":"29191"}},"quantity":1,"terms":{"priceEach":83,"taxEach":{"amount":0},"discountEach":{"amount":0},"pvEach":36},"quantityLimit":{"quantityQuota":-1,"timeFrameDays":-1,"quantityOrdered":0}}]},"currency":"CAD"},{"lines":{"items":[{"item":{"href":"https://hydraqa.unicity.net/v5a-test/items/e84750c27b2b9f10e6b4d2ab5a1954ba","id":{"unicity":"30115"}},"quantity":1,"terms":{"priceEach":110,"taxEach":{"amount":0},"discountEach":{"amount":0},"pvEach":56},"quantityLimit":{"quantityQuota":-1,"timeFrameDays":-1,"quantityOrdered":0}}]},"currency":"CAD"},{"lines":{"items":[{"item":{"href":"https://hydraqa.unicity.net/v5a-test/items/42d7ab6b9834716f6ebdd66f1a86d7b1","id":{"unicity":"30980"}},"quantity":1,"terms":{"priceEach":20,"taxEach":{"amount":0},"discountEach":{"amount":0},"pvEach":8},"quantityLimit":{"quantityQuota":-1,"timeFrameDays":-1,"quantityOrdered":0}}]},"currency":"CAD"},{"lines":{"items":[{"item":{"href":"https://hydraqa.unicity.net/v5a-test/items/0e78fbdfebef11cd62f8d2120064ee58","id":{"unicity":"30280"}},"quantity":1,"terms":{"priceEach":55,"taxEach":{"amount":0},"discountEach":{"amount":0},"pvEach":24},"quantityLimit":{"quantityQuota":-1,"timeFrameDays":-1,"quantityOrdered":0}}]},"currency":"CAD"},{"lines":{"items":[{"item":{"href":"https://hydraqa.unicity.net/v5a-test/items/5c430db0256426c4b730bc6994a94a02","id":{"unicity":"31773"}},"quantity":1,"terms":{"priceEach":30,"taxEach":{"amount":0},"discountEach":{"amount":0},"pvEach":13},"quantityLimit":{"quantityQuota":-1,"timeFrameDays":-1,"quantityOrdered":0}}]},"currency":"CAD"},{"lines":{"items":[{"item":{"href":"https://hydraqa.unicity.net/v5a-test/items/cfc721c9fb00317ed614492f65f21460","id":{"unicity":"31288"}},"quantity":1,"terms":{"priceEach":51,"taxEach":{"amount":0},"discountEach":{"amount":0},"pvEach":30},"quantityLimit":{"quantityQuota":-1,"timeFrameDays":-1,"quantityOrdered":0}}]},"currency":"CAD"},{"lines":{"items":[{"item":{"href":"https://hydraqa.unicity.net/v5a-test/items/4916b998c4d0c83c68449a17ea6c1e4c","id":{"unicity":"33457"}},"quantity":1,"terms":{"priceEach":199,"taxEach":{"amount":0},"discountEach":{"amount":0},"pvEach":116},"quantityLimit":{"quantityQuota":-1,"timeFrameDays":-1,"quantityOrdered":0}}]},"currency":"CAD"}]}
Entry request : {"order":{"customer":{"href":"https://hydraqa.unicity.net/v5a-test/customers?type=Associate"},"shipToAddress":{"country":"CA"}},"vary":{"lines":{"items":[{"item":{"href":"https://hydraqa.unicity.net/v5a-test/items?id.unicity=26993|31440|31442|27184|28325|28327|26994|26995|28330|28331|26572|29449|29147|28437|28591|26580|26442|28370|26571|28326|28328|28329|28428|28160|26565|26570|26569|27589|27080|28787|26566|26579|19356|28928|20436|28100|28845|29183|29185|29191|30115|30980|31110|30280|31773|31288|33457|30136|31849"}}]}}}
]]></system-out>
    <system-err><![CDATA[Starting ChromeDriver 2.36.540470 (e522d04694c7ebea4ba8821272dbef4f9b818c91) on port 45111
Only local connections are allowed.
Oct 18, 2020 10:12:06 AM org.openqa.selenium.remote.ProtocolHandshake createSession
INFO: Detected dialect: OSS
]]></system-err>
  </testcase>
  <testcase name="Enroll" classname="Tests.FranchisePartner" time="91.558">
    <failure message="Major Customization error" type="java.lang.AssertionError">java.lang.AssertionError: Major Customization error
	at Tests.FranchisePartner.Enroll(FranchisePartner.java:249)
</failure>
    <system-out><![CDATA[Request URL: https://hydraqa.unicity.net/v5a-test/quotes?&expand=item
Entry Quotes response : {"items":[{"lines":{"items":[{"item":{"href":"https://hydraqa.unicity.net/v5a-test/items/bb1a7c3a2902e2cbc4cb2a22fdf1f499","id":{"unicity":"26993"}},"quantity":1,"terms":{"priceEach":250,"taxEach":{"amount":0},"discountEach":{"amount":0},"pvEach":150},"quantityLimit":{"quantityQuota":-1,"timeFrameDays":-1,"quantityOrdered":0}}]},"currency":"CAD"},{"lines":{"items":[{"item":{"href":"https://hydraqa.unicity.net/v5a-test/items/3ddd31ddbe0e5807756d2488e7cc3602","id":{"unicity":"31440"}},"quantity":1,"terms":{"priceEach":40,"taxEach":{"amount":0},"discountEach":{"amount":0},"pvEach":0},"quantityLimit":{"quantityQuota":-1,"timeFrameDays":-1,"quantityOrdered":0}}]},"currency":"CAD"},{"lines":{"items":[{"item":{"href":"https://hydraqa.unicity.net/v5a-test/items/5990c3ea5f48eb212ab30fd557f75397","id":{"unicity":"31442"}},"quantity":1,"terms":{"priceEach":40,"taxEach":{"amount":0},"discountEach":{"amount":0},"pvEach":0},"quantityLimit":{"quantityQuota":-1,"timeFrameDays":-1,"quantityOrdered":0}}]},"currency":"CAD"},{"lines":{"items":[{"item":{"href":"https://hydraqa.unicity.net/v5a-test/items/576e0ebc8d1f5b26fc89bf3cd47a26c6","id":{"unicity":"26572"}},"quantity":1,"terms":{"priceEach":96,"taxEach":{"amount":0},"discountEach":{"amount":0},"pvEach":56},"quantityLimit":{"quantityQuota":-1,"timeFrameDays":-1,"quantityOrdered":0}}]},"currency":"CAD"},{"lines":{"items":[{"item":{"href":"https://hydraqa.unicity.net/v5a-test/items/46ea1edabdcf18f49817c437346958eb","id":{"unicity":"29147"}},"quantity":1,"terms":{"priceEach":74,"taxEach":{"amount":0},"discountEach":{"amount":0},"pvEach":33},"quantityLimit":{"quantityQuota":-1,"timeFrameDays":-1,"quantityOrdered":0}}]},"currency":"CAD"},{"lines":{"items":[{"item":{"href":"https://hydraqa.unicity.net/v5a-test/items/e77144fa2fcf6a4dc73c15b4d615c1aa","id":{"unicity":"28437"}},"quantity":1,"terms":{"priceEach":74,"taxEach":{"amount":0},"discountEach":{"amount":0},"pvEach":33},"quantityLimit":{"quantityQuota":-1,"timeFrameDays":-1,"quantityOrdered":0}}]},"currency":"CAD"},{"lines":{"items":[{"item":{"href":"https://hydraqa.unicity.net/v5a-test/items/8407b62b9c4120aa3dfe25c9feb76e4a","id":{"unicity":"28591"}},"quantity":1,"terms":{"priceEach":21,"taxEach":{"amount":0},"discountEach":{"amount":0},"pvEach":15},"quantityLimit":{"quantityQuota":-1,"timeFrameDays":-1,"quantityOrdered":0}}]},"currency":"CAD"},{"lines":{"items":[{"item":{"href":"https://hydraqa.unicity.net/v5a-test/items/10da226fab00279b4f89df10af2a10b7","id":{"unicity":"26442"}},"quantity":1,"terms":{"priceEach":9,"taxEach":{"amount":0},"discountEach":{"amount":0},"pvEach":0},"quantityLimit":{"quantityQuota":-1,"timeFrameDays":-1,"quantityOrdered":0}}]},"currency":"CAD"},{"lines":{"items":[{"item":{"href":"https://hydraqa.unicity.net/v5a-test/items/60b5ca15c481444657970edde11b04ce","id":{"unicity":"26571"}},"quantity":1,"terms":{"priceEach":96,"taxEach":{"amount":0},"discountEach":{"amount":0},"pvEach":56},"quantityLimit":{"quantityQuota":-1,"timeFrameDays":-1,"quantityOrdered":0}}]},"currency":"CAD"},{"lines":{"items":[{"item":{"href":"https://hydraqa.unicity.net/v5a-test/items/1785a19a6bf5472c7c1ded08cb7fd083","id":{"unicity":"28326"}},"quantity":1,"terms":{"priceEach":1755,"taxEach":{"amount":0},"discountEach":{"amount":0},"pvEach":1000},"quantityLimit":{"quantityQuota":-1,"timeFrameDays":-1,"quantityOrdered":0}}]},"currency":"CAD"},{"lines":{"items":[{"item":{"href":"https://hydraqa.unicity.net/v5a-test/items/4b1b6b6007d154296fd6c4044c789f67","id":{"unicity":"28329"}},"quantity":1,"terms":{"priceEach":250,"taxEach":{"amount":0},"discountEach":{"amount":0},"pvEach":150},"quantityLimit":{"quantityQuota":-1,"timeFrameDays":-1,"quantityOrdered":0}}]},"currency":"CAD"},{"lines":{"items":[{"item":{"href":"https://hydraqa.unicity.net/v5a-test/items/2ffc1563d3d0fd7121ca5b1c2184988e","id":{"unicity":"28428"}},"quantity":1,"terms":{"priceEach":97,"taxEach":{"amount":0},"discountEach":{"amount":0},"pvEach":62},"quantityLimit":{"quantityQuota":-1,"timeFrameDays":-1,"quantityOrdered":0}}]},"currency":"CAD"},{"lines":{"items":[{"item":{"href":"https://hydraqa.unicity.net/v5a-test/items/637af131553f5822bef2bb0f0577b2e9","id":{"unicity":"28160"}},"quantity":1,"terms":{"priceEach":103,"taxEach":{"amount":0},"discountEach":{"amount":0},"pvEach":62},"quantityLimit":{"quantityQuota":-1,"timeFrameDays":-1,"quantityOrdered":0}}]},"currency":"CAD"},{"lines":{"items":[{"item":{"href":"https://hydraqa.unicity.net/v5a-test/items/c4744f6ba328b983bfffc7e1e4416ff3","id":{"unicity":"26565"}},"quantity":1,"terms":{"priceEach":102,"taxEach":{"amount":0},"discountEach":{"amount":0},"pvEach":64},"quantityLimit":{"quantityQuota":-1,"timeFrameDays":-1,"quantityOrdered":0}}]},"currency":"CAD"},{"lines":{"items":[{"item":{"href":"https://hydraqa.unicity.net/v5a-test/items/fe97499574f54ccd16daec7361208411","id":{"unicity":"26570"}},"quantity":1,"terms":{"priceEach":23,"taxEach":{"amount":0},"discountEach":{"amount":0},"pvEach":13},"quantityLimit":{"quantityQuota":-1,"timeFrameDays":-1,"quantityOrdered":0}}]},"currency":"CAD"},{"lines":{"items":[{"item":{"href":"https://hydraqa.unicity.net/v5a-test/items/ae14f4659032c9e8591a7ac76abd1ad5","id":{"unicity":"26569"}},"quantity":1,"terms":{"priceEach":44,"taxEach":{"amount":0},"discountEach":{"amount":0},"pvEach":30},"quantityLimit":{"quantityQuota":-1,"timeFrameDays":-1,"quantityOrdered":0}}]},"currency":"CAD"},{"lines":{"items":[{"item":{"href":"https://hydraqa.unicity.net/v5a-test/items/351c19047c5c800d2db6963b3af5df78","id":{"unicity":"27080"}},"quantity":1,"terms":{"priceEach":58,"taxEach":{"amount":0},"discountEach":{"amount":0},"pvEach":35},"quantityLimit":{"quantityQuota":-1,"timeFrameDays":-1,"quantityOrdered":0}}]},"currency":"CAD"},{"lines":{"items":[{"item":{"href":"https://hydraqa.unicity.net/v5a-test/items/f847ce37f5942a226f74e671c86709f8","id":{"unicity":"28787"}},"quantity":1,"terms":{"priceEach":33,"taxEach":{"amount":0},"discountEach":{"amount":0},"pvEach":17},"quantityLimit":{"quantityQuota":-1,"timeFrameDays":-1,"quantityOrdered":0}}]},"currency":"CAD"},{"lines":{"items":[{"item":{"href":"https://hydraqa.unicity.net/v5a-test/items/b24413d1812bb9c95ba6ff7e26bad8ff","id":{"unicity":"26566"}},"quantity":1,"terms":{"priceEach":47,"taxEach":{"amount":0},"discountEach":{"amount":0},"pvEach":32},"quantityLimit":{"quantityQuota":-1,"timeFrameDays":-1,"quantityOrdered":0}}]},"currency":"CAD"},{"lines":{"items":[{"item":{"href":"https://hydraqa.unicity.net/v5a-test/items/6e0e7450f45cb9412e5b4642dd1469cb","id":{"unicity":"26579"}},"quantity":1,"terms":{"priceEach":21,"taxEach":{"amount":0},"discountEach":{"amount":0},"pvEach":13},"quantityLimit":{"quantityQuota":-1,"timeFrameDays":-1,"quantityOrdered":0}}]},"currency":"CAD"},{"lines":{"items":[{"item":{"href":"https://hydraqa.unicity.net/v5a-test/items/828f9b5bdbceaa7cd3ca6a4532632635","id":{"unicity":"19356"}},"quantity":1,"terms":{"priceEach":36,"taxEach":{"amount":0},"discountEach":{"amount":0},"pvEach":21},"quantityLimit":{"quantityQuota":-1,"timeFrameDays":-1,"quantityOrdered":0}}]},"currency":"CAD"},{"lines":{"items":[{"item":{"href":"https://hydraqa.unicity.net/v5a-test/items/cb1cb2d293cc48affee9b2026c31313a","id":{"unicity":"28928"}},"quantity":1,"terms":{"priceEach":41,"taxEach":{"amount":0},"discountEach":{"amount":0},"pvEach":13},"quantityLimit":{"quantityQuota":-1,"timeFrameDays":-1,"quantityOrdered":0}}]},"currency":"CAD"},{"lines":{"items":[{"item":{"href":"https://hydraqa.unicity.net/v5a-test/items/a40ede5f6847ec094ad8a38616ced7d0","id":{"unicity":"28100"}},"quantity":1,"terms":{"priceEach":40,"taxEach":{"amount":0},"discountEach":{"amount":0},"pvEach":25},"quantityLimit":{"quantityQuota":-1,"timeFrameDays":-1,"quantityOrdered":0}}]},"currency":"CAD"},{"lines":{"items":[{"item":{"href":"https://hydraqa.unicity.net/v5a-test/items/1b0412bea8c0b841c66f65a36aa14108","id":{"unicity":"29191"}},"quantity":1,"terms":{"priceEach":83,"taxEach":{"amount":0},"discountEach":{"amount":0},"pvEach":36},"quantityLimit":{"quantityQuota":-1,"timeFrameDays":-1,"quantityOrdered":0}}]},"currency":"CAD"},{"lines":{"items":[{"item":{"href":"https://hydraqa.unicity.net/v5a-test/items/e84750c27b2b9f10e6b4d2ab5a1954ba","id":{"unicity":"30115"}},"quantity":1,"terms":{"priceEach":110,"taxEach":{"amount":0},"discountEach":{"amount":0},"pvEach":56},"quantityLimit":{"quantityQuota":-1,"timeFrameDays":-1,"quantityOrdered":0}}]},"currency":"CAD"},{"lines":{"items":[{"item":{"href":"https://hydraqa.unicity.net/v5a-test/items/42d7ab6b9834716f6ebdd66f1a86d7b1","id":{"unicity":"30980"}},"quantity":1,"terms":{"priceEach":20,"taxEach":{"amount":0},"discountEach":{"amount":0},"pvEach":8},"quantityLimit":{"quantityQuota":-1,"timeFrameDays":-1,"quantityOrdered":0}}]},"currency":"CAD"},{"lines":{"items":[{"item":{"href":"https://hydraqa.unicity.net/v5a-test/items/0e78fbdfebef11cd62f8d2120064ee58","id":{"unicity":"30280"}},"quantity":1,"terms":{"priceEach":55,"taxEach":{"amount":0},"discountEach":{"amount":0},"pvEach":24},"quantityLimit":{"quantityQuota":-1,"timeFrameDays":-1,"quantityOrdered":0}}]},"currency":"CAD"},{"lines":{"items":[{"item":{"href":"https://hydraqa.unicity.net/v5a-test/items/5c430db0256426c4b730bc6994a94a02","id":{"unicity":"31773"}},"quantity":1,"terms":{"priceEach":30,"taxEach":{"amount":0},"discountEach":{"amount":0},"pvEach":13},"quantityLimit":{"quantityQuota":-1,"timeFrameDays":-1,"quantityOrdered":0}}]},"currency":"CAD"},{"lines":{"items":[{"item":{"href":"https://hydraqa.unicity.net/v5a-test/items/cfc721c9fb00317ed614492f65f21460","id":{"unicity":"31288"}},"quantity":1,"terms":{"priceEach":51,"taxEach":{"amount":0},"discountEach":{"amount":0},"pvEach":30},"quantityLimit":{"quantityQuota":-1,"timeFrameDays":-1,"quantityOrdered":0}}]},"currency":"CAD"},{"lines":{"items":[{"item":{"href":"https://hydraqa.unicity.net/v5a-test/items/4916b998c4d0c83c68449a17ea6c1e4c","id":{"unicity":"33457"}},"quantity":1,"terms":{"priceEach":199,"taxEach":{"amount":0},"discountEach":{"amount":0},"pvEach":116},"quantityLimit":{"quantityQuota":-1,"timeFrameDays":-1,"quantityOrdered":0}}]},"currency":"CAD"}]}
Entry request : {"order":{"customer":{"href":"https://hydraqa.unicity.net/v5a-test/customers?type=Associate"},"shipToAddress":{"country":"CA"}},"vary":{"lines":{"items":[{"item":{"href":"https://hydraqa.unicity.net/v5a-test/items?id.unicity=26993|31440|31442|27184|28325|28327|26994|26995|28330|28331|26572|29449|29147|28437|28591|26580|26442|28370|26571|28326|28328|28329|28428|28160|26565|26570|26569|27589|27080|28787|26566|26579|19356|28928|20436|28100|28845|29183|29185|29191|30115|30980|31110|30280|31773|31288|33457|30136|31849"}}]}}}
]]></system-out>
    <system-err><![CDATA[Starting ChromeDriver 2.36.540470 (e522d04694c7ebea4ba8821272dbef4f9b818c91) on port 48323
Only local connections are allowed.
Oct 18, 2020 10:13:46 AM org.openqa.selenium.remote.ProtocolHandshake createSession
INFO: Detected dialect: OSS
]]></system-err>
  </testcase>
  <testcase name="Enroll" classname="Tests.FranchisePartner" time="217.83">
    <failure message="Minor Labels expected [[Payment Options, Información de la tarjeta de Crédito, Dirección de facturación/correo, Método de envío]] but found [[Opciones de pago, Información de la tarjeta de Crédito, Dirección de facturación/correo, Método de envío]]" type="java.lang.AssertionError">java.lang.AssertionError: Minor Labels expected [[Payment Options, Información de la tarjeta de Crédito, Dirección de facturación/correo, Método de envío]] but found [[Opciones de pago, Información de la tarjeta de Crédito, Dirección de facturación/correo, Método de envío]]
	at Tests.FranchisePartner.Enroll(FranchisePartner.java:252)
</failure>
    <system-out><![CDATA[Request URL: https://hydraqa.unicity.net/v5a-test/customers.js?_httpMethod=HEAD&callback=angular.callbacks._8&email=RWJCMA@gmail.com
]]></system-out>
    <system-err><![CDATA[Starting ChromeDriver 2.36.540470 (e522d04694c7ebea4ba8821272dbef4f9b818c91) on port 23689
Only local connections are allowed.
Oct 18, 2020 10:15:24 AM org.openqa.selenium.remote.ProtocolHandshake createSession
INFO: Detected dialect: OSS
]]></system-err>
  </testcase>
  <testcase name="Enroll" classname="Tests.FranchisePartner" time="284.073"/>
  <testcase name="Enroll" classname="Tests.FranchisePartner" time="231.485">
    <failure message="Major Packs expected [[https://hydraqa.unicity.net/v5a-test/items?id.unicity=29317, https://hydraqa.unicity.net/v5a-test/items?id.unicity=32127, https://hydraqa.unicity.net/v5a-test/items?id.unicity=33095]] but found [[https://hydraqa.unicity.net/v5a-test/items?id.unicity=32127, https://hydraqa.unicity.net/v5a-test/items?id.unicity=33095]]" type="java.lang.AssertionError">java.lang.AssertionError: Major Packs expected [[https://hydraqa.unicity.net/v5a-test/items?id.unicity=29317, https://hydraqa.unicity.net/v5a-test/items?id.unicity=32127, https://hydraqa.unicity.net/v5a-test/items?id.unicity=33095]] but found [[https://hydraqa.unicity.net/v5a-test/items?id.unicity=32127, https://hydraqa.unicity.net/v5a-test/items?id.unicity=33095]]
	at Tests.FranchisePartner.Enroll(FranchisePartner.java:252)
</failure>
    <system-out><![CDATA[Request URL: https://hydraqa.unicity.net/v5a-test/quotes?&expand=item
Entry Quotes response : {"items":[{"lines":{"items":[{"item":{"href":"https://hydraqa.unicity.net/v5a-test/items/d92292ba2f23c030e4a1f63eb3ebe1ce","id":{"unicity":"27158"},"weightEach":{"value":454},"servingsPerContainer":45,"servingSize":0},"quantity":1,"terms":{"priceEach":27.94,"taxEach":{"amount":2.51},"discountEach":{"amount":0},"pvEach":23},"quantityLimit":{"quantityQuota":-1,"timeFrameDays":-1,"quantityOrdered":0}}]},"currency":"EUR"},{"lines":{"items":[{"item":{"href":"https://hydraqa.unicity.net/v5a-test/items/31cb0679f65df8fa9a4fc3d7e38b72b3","id":{"unicity":"31763"},"weightEach":{"value":0},"servingsPerContainer":0,"servingSize":0},"quantity":1,"terms":{"priceEach":243.3,"taxEach":{"amount":21.9},"discountEach":{"amount":0},"pvEach":181},"quantityLimit":{"quantityQuota":-1,"timeFrameDays":-1,"quantityOrdered":0}}]},"currency":"EUR"},{"lines":{"items":[{"item":{"href":"https://hydraqa.unicity.net/v5a-test/items/e9991b48ac639367d526d2b9b22fac8c","id":{"unicity":"32128"},"weightEach":{"value":0},"servingsPerContainer":0,"servingSize":0},"quantity":1,"terms":{"priceEach":371.87,"taxEach":{"amount":33.47},"discountEach":{"amount":0},"pvEach":253},"quantityLimit":{"quantityQuota":-1,"timeFrameDays":-1,"quantityOrdered":0}}]},"currency":"EUR"},{"lines":{"items":[{"item":{"href":"https://hydraqa.unicity.net/v5a-test/items/40b3312de189221d96d838d33a8ec49d","id":{"unicity":"32129"},"weightEach":{"value":0},"servingsPerContainer":0,"servingSize":0},"quantity":1,"terms":{"priceEach":371.87,"taxEach":{"amount":33.47},"discountEach":{"amount":0},"pvEach":254},"quantityLimit":{"quantityQuota":-1,"timeFrameDays":-1,"quantityOrdered":0}}]},"currency":"EUR"},{"lines":{"items":[{"item":{"href":"https://hydraqa.unicity.net/v5a-test/items/6bd168a66ce41003a8f30917deff5808","id":{"unicity":"32130"},"weightEach":{"value":0},"servingsPerContainer":0,"servingSize":0},"quantity":1,"terms":{"priceEach":363.46,"taxEach":{"amount":32.71},"discountEach":{"amount":0},"pvEach":252},"quantityLimit":{"quantityQuota":-1,"timeFrameDays":-1,"quantityOrdered":0}}]},"currency":"EUR"},{"lines":{"items":[{"item":{"href":"https://hydraqa.unicity.net/v5a-test/items/806f99b793edd7cd0b1c158ba0eb3142","id":{"unicity":"32132"},"weightEach":{"value":0},"servingsPerContainer":0,"servingSize":0},"quantity":1,"terms":{"priceEach":355.98,"taxEach":{"amount":32.04},"discountEach":{"amount":0},"pvEach":253},"quantityLimit":{"quantityQuota":-1,"timeFrameDays":-1,"quantityOrdered":0}}]},"currency":"EUR"},{"lines":{"items":[{"item":{"href":"https://hydraqa.unicity.net/v5a-test/items/e3d382d99fde8659cb146b54116e7654","id":{"unicity":"32133"},"weightEach":{"value":0},"servingsPerContainer":0,"servingSize":0},"quantity":1,"terms":{"priceEach":364.39,"taxEach":{"amount":32.8},"discountEach":{"amount":0},"pvEach":252},"quantityLimit":{"quantityQuota":-1,"timeFrameDays":-1,"quantityOrdered":0}}]},"currency":"EUR"},{"lines":{"items":[{"item":{"href":"https://hydraqa.unicity.net/v5a-test/items/022f109fe6e5eae3e521295a5cb94c60","id":{"unicity":"32134"},"weightEach":{"value":0},"servingsPerContainer":0,"servingSize":0},"quantity":1,"terms":{"priceEach":144.77,"taxEach":{"amount":13.03},"discountEach":{"amount":0},"pvEach":101},"quantityLimit":{"quantityQuota":-1,"timeFrameDays":-1,"quantityOrdered":0}}]},"currency":"EUR"},{"lines":{"items":[{"item":{"href":"https://hydraqa.unicity.net/v5a-test/items/ded00960d5e948dd8e511a9c752e1ff9","id":{"unicity":"32135"},"weightEach":{"value":0},"servingsPerContainer":0,"servingSize":0},"quantity":1,"terms":{"priceEach":154.11,"taxEach":{"amount":13.87},"discountEach":{"amount":0},"pvEach":113},"quantityLimit":{"quantityQuota":-1,"timeFrameDays":-1,"quantityOrdered":0}}]},"currency":"EUR"},{"lines":{"items":[{"item":{"href":"https://hydraqa.unicity.net/v5a-test/items/d8736cc35cf9f4734fd76da71c53dc05","id":{"unicity":"32136"},"weightEach":{"value":0},"servingsPerContainer":0,"servingSize":0},"quantity":1,"terms":{"priceEach":142.08,"taxEach":{"amount":12.79},"discountEach":{"amount":0},"pvEach":102},"quantityLimit":{"quantityQuota":-1,"timeFrameDays":-1,"quantityOrdered":0}}]},"currency":"EUR"},{"lines":{"items":[{"item":{"href":"https://hydraqa.unicity.net/v5a-test/items/166a69d45c4ae40278554e24d5f40443","id":{"unicity":"32137"},"weightEach":{"value":0},"servingsPerContainer":0,"servingSize":0},"quantity":1,"terms":{"priceEach":168.13,"taxEach":{"amount":15.13},"discountEach":{"amount":0},"pvEach":118},"quantityLimit":{"quantityQuota":-1,"timeFrameDays":-1,"quantityOrdered":0}}]},"currency":"EUR"},{"lines":{"items":[{"item":{"href":"https://hydraqa.unicity.net/v5a-test/items/d04a0b8762b20202b6273114fb7302d1","id":{"unicity":"32138"},"weightEach":{"value":0},"servingsPerContainer":0,"servingSize":0},"quantity":1,"terms":{"priceEach":224.21,"taxEach":{"amount":20.18},"discountEach":{"amount":0},"pvEach":152},"quantityLimit":{"quantityQuota":-1,"timeFrameDays":-1,"quantityOrdered":0}}]},"currency":"EUR"},{"lines":{"items":[{"item":{"href":"https://hydraqa.unicity.net/v5a-test/items/e13d0b5c40704ad5dd186959367c97f1","id":{"unicity":"32125"},"weightEach":{"value":0},"servingsPerContainer":0,"servingSize":0},"quantity":1,"terms":{"priceEach":373.74,"taxEach":{"amount":33.64},"discountEach":{"amount":0},"pvEach":250},"quantityLimit":{"quantityQuota":-1,"timeFrameDays":-1,"quantityOrdered":0}}]},"currency":"EUR"},{"lines":{"items":[{"item":{"href":"https://hydraqa.unicity.net/v5a-test/items/def68d31fb89b7c22a71f384e32f03d7","id":{"unicity":"32699"},"weightEach":{"value":0},"servingsPerContainer":0,"servingSize":0},"quantity":1,"terms":{"priceEach":284.14,"taxEach":{"amount":25.57},"discountEach":{"amount":0},"pvEach":200},"quantityLimit":{"quantityQuota":-1,"timeFrameDays":-1,"quantityOrdered":0}}]},"currency":"EUR"},{"lines":{"items":[{"item":{"href":"https://hydraqa.unicity.net/v5a-test/items/b23be76d5816f93f8e9b7ab0665d5021","id":{"unicity":"33092"},"weightEach":{"value":0},"servingsPerContainer":0,"servingSize":0},"quantity":1,"terms":{"priceEach":149.34,"taxEach":{"amount":13.44},"discountEach":{"amount":0},"pvEach":108},"quantityLimit":{"quantityQuota":-1,"timeFrameDays":-1,"quantityOrdered":0}}]},"currency":"EUR"},{"lines":{"items":[{"item":{"href":"https://hydraqa.unicity.net/v5a-test/items/287b72c2933e3afabdea942bd11bfab9","id":{"unicity":"33093"},"weightEach":{"value":0},"servingsPerContainer":0,"servingSize":0},"quantity":1,"terms":{"priceEach":162.54,"taxEach":{"amount":14.63},"discountEach":{"amount":0},"pvEach":105},"quantityLimit":{"quantityQuota":-1,"timeFrameDays":-1,"quantityOrdered":0}}]},"currency":"EUR"},{"lines":{"items":[{"item":{"href":"https://hydraqa.unicity.net/v5a-test/items/c451532f63a06f0e9a054e946a1a1c3b","id":{"unicity":"18511"},"weightEach":{"value":50},"servingsPerContainer":30,"servingSize":0},"quantity":1,"terms":{"priceEach":37.29,"taxEach":{"amount":3.36},"discountEach":{"amount":0},"pvEach":23},"quantityLimit":{"quantityQuota":-1,"timeFrameDays":-1,"quantityOrdered":0}}]},"currency":"EUR"},{"lines":{"items":[{"item":{"href":"https://hydraqa.unicity.net/v5a-test/items/4e49c95f12ae7be78e5ffab68b8b3ca6","id":{"unicity":"26422"},"weightEach":{"value":92},"servingsPerContainer":30,"servingSize":0},"quantity":1,"terms":{"priceEach":19,"taxEach":{"amount":1.71},"discountEach":{"amount":0},"pvEach":16},"quantityLimit":{"quantityQuota":-1,"timeFrameDays":-1,"quantityOrdered":0}}]},"currency":"EUR"},{"lines":{"items":[{"item":{"href":"https://hydraqa.unicity.net/v5a-test/items/50e73ecfa509ac20c4a250f9cb32fdfc","id":{"unicity":"27156"},"weightEach":{"value":31},"servingsPerContainer":50,"servingSize":0},"quantity":1,"terms":{"priceEach":20.47,"taxEach":{"amount":1.84},"discountEach":{"amount":0},"pvEach":13},"quantityLimit":{"quantityQuota":-1,"timeFrameDays":-1,"quantityOrdered":0}}]},"currency":"EUR"},{"lines":{"items":[{"item":{"href":"https://hydraqa.unicity.net/v5a-test/items/0d3b8d4f7c4d4082db1b4ecffb6693fb","id":{"unicity":"27160"},"weightEach":{"value":435},"servingsPerContainer":60,"servingSize":0},"quantity":1,"terms":{"priceEach":74.67,"taxEach":{"amount":6.72},"discountEach":{"amount":0},"pvEach":53},"quantityLimit":{"quantityQuota":-1,"timeFrameDays":-1,"quantityOrdered":0}}]},"currency":"EUR"},{"lines":{"items":[{"item":{"href":"https://hydraqa.unicity.net/v5a-test/items/ac37bf51ff7e4fe860da8457f6ce0425","id":{"unicity":"27166"},"weightEach":{"value":270},"servingsPerContainer":30,"servingSize":0},"quantity":1,"terms":{"priceEach":74.67,"taxEach":{"amount":6.72},"discountEach":{"amount":0},"pvEach":54},"quantityLimit":{"quantityQuota":-1,"timeFrameDays":-1,"quantityOrdered":0}}]},"currency":"EUR"},{"lines":{"items":[{"item":{"href":"https://hydraqa.unicity.net/v5a-test/items/a7bda1cb4a35343e52791aba56debc4a","id":{"unicity":"27617"},"weightEach":{"value":22.62},"servingsPerContainer":30,"servingSize":0},"quantity":1,"terms":{"priceEach":29.81,"taxEach":{"amount":2.68},"discountEach":{"amount":0},"pvEach":18},"quantityLimit":{"quantityQuota":-1,"timeFrameDays":-1,"quantityOrdered":0}}]},"currency":"EUR"},{"lines":{"items":[{"item":{"href":"https://hydraqa.unicity.net/v5a-test/items/a36d9fdd0fd7561e6180fb5b2ff27164","id":{"unicity":"27660"},"weightEach":{"value":129},"servingsPerContainer":15,"servingSize":0},"quantity":1,"terms":{"priceEach":40.09,"taxEach":{"amount":3.61},"discountEach":{"amount":0},"pvEach":25},"quantityLimit":{"quantityQuota":-1,"timeFrameDays":-1,"quantityOrdered":0}}]},"currency":"EUR"},{"lines":{"items":[{"item":{"href":"https://hydraqa.unicity.net/v5a-test/items/9a6e1d094182389c3da8e0a320ff0e00","id":{"unicity":"27585"},"weightEach":{"value":0},"servingsPerContainer":0,"servingSize":0},"quantity":1,"terms":{"priceEach":61.81,"taxEach":{"amount":5.56},"discountEach":{"amount":0},"pvEach":36},"quantityLimit":{"quantityQuota":-1,"timeFrameDays":-1,"quantityOrdered":0}}]},"currency":"EUR"},{"lines":{"items":[{"item":{"href":"https://hydraqa.unicity.net/v5a-test/items/112b8c39286598b3730f630f371a45f4","id":{"unicity":"27587"},"weightEach":{"value":690},"servingsPerContainer":30,"servingSize":0},"quantity":1,"terms":{"priceEach":55.98,"taxEach":{"amount":5.04},"discountEach":{"amount":0},"pvEach":34},"quantityLimit":{"quantityQuota":-1,"timeFrameDays":-1,"quantityOrdered":0}}]},"currency":"EUR"},{"lines":{"items":[{"item":{"href":"https://hydraqa.unicity.net/v5a-test/items/0c0717a26fcfe40310e906487e8a12f7","id":{"unicity":"28601"},"weightEach":{"value":270},"servingsPerContainer":30,"servingSize":0},"quantity":1,"terms":{"priceEach":74.67,"taxEach":{"amount":6.72},"discountEach":{"amount":0},"pvEach":54},"quantityLimit":{"quantityQuota":-1,"timeFrameDays":-1,"quantityOrdered":0}}]},"currency":"EUR"},{"lines":{"items":[{"item":{"href":"https://hydraqa.unicity.net/v5a-test/items/4790a55c442b5dc75a13b155e78c1842","id":{"unicity":"28604"},"weightEach":{"value":0},"servingsPerContainer":0,"servingSize":0},"quantity":1,"terms":{"priceEach":74.67,"taxEach":{"amount":6.72},"discountEach":{"amount":0},"pvEach":54},"quantityLimit":{"quantityQuota":-1,"timeFrameDays":-1,"quantityOrdered":0}}]},"currency":"EUR"},{"lines":{"items":[{"item":{"href":"https://hydraqa.unicity.net/v5a-test/items/024e696f8b44a1d315006e676604cd31","id":{"unicity":"27395"},"weightEach":{"value":210},"servingsPerContainer":30,"servingSize":0},"quantity":1,"terms":{"priceEach":29.81,"taxEach":{"amount":2.68},"discountEach":{"amount":0},"pvEach":18},"quantityLimit":{"quantityQuota":-1,"timeFrameDays":-1,"quantityOrdered":0}}]},"currency":"EUR"},{"lines":{"items":[{"item":{"href":"https://hydraqa.unicity.net/v5a-test/items/4b2034f47fce90b87bba28c5c2d7c25d","id":{"unicity":"15880"},"weightEach":{"value":51.5},"servingsPerContainer":90,"servingSize":0},"quantity":1,"terms":{"priceEach":51.31,"taxEach":{"amount":4.62},"discountEach":{"amount":0},"pvEach":33},"quantityLimit":{"quantityQuota":-1,"timeFrameDays":-1,"quantityOrdered":0}}]},"currency":"EUR"},{"lines":{"items":[{"item":{"href":"https://hydraqa.unicity.net/v5a-test/items/398d06b858b960f6f38086d40608aef2","id":{"unicity":"26560"},"weightEach":{"value":60},"servingsPerContainer":30,"servingSize":0},"quantity":1,"terms":{"priceEach":20.47,"taxEach":{"amount":1.84},"discountEach":{"amount":0},"pvEach":13},"quantityLimit":{"quantityQuota":-1,"timeFrameDays":-1,"quantityOrdered":0}}]},"currency":"EUR"},{"lines":{"items":[{"item":{"href":"https://hydraqa.unicity.net/v5a-test/items/e218d1cac5f31e7ae4f5876c29c57377","id":{"unicity":"29017"},"weightEach":{"value":52.8},"servingsPerContainer":60,"servingSize":0},"quantity":1,"terms":{"priceEach":37.29,"taxEach":{"amount":3.36},"discountEach":{"amount":0},"pvEach":23},"quantityLimit":{"quantityQuota":-1,"timeFrameDays":-1,"quantityOrdered":0}}]},"currency":"EUR"},{"lines":{"items":[{"item":{"href":"https://hydraqa.unicity.net/v5a-test/items/64ec7ad932acafab052a4e8800ad1238","id":{"unicity":"24758"},"weightEach":{"value":26.89},"servingsPerContainer":30,"servingSize":0},"quantity":1,"terms":{"priceEach":37.29,"taxEach":{"amount":3.36},"discountEach":{"amount":0},"pvEach":23},"quantityLimit":{"quantityQuota":-1,"timeFrameDays":-1,"quantityOrdered":0}}]},"currency":"EUR"},{"lines":{"items":[{"item":{"href":"https://hydraqa.unicity.net/v5a-test/items/11fac1643721516cbf646365d88b73cd","id":{"unicity":"29838"},"weightEach":{"value":0},"servingsPerContainer":0,"servingSize":0},"quantity":1,"terms":{"priceEach":112.36,"taxEach":{"amount":10.11},"discountEach":{"amount":0},"pvEach":86},"quantityLimit":{"quantityQuota":-1,"timeFrameDays":-1,"quantityOrdered":0}}]},"currency":"EUR"},{"lines":{"items":[{"item":{"href":"https://hydraqa.unicity.net/v5a-test/items/2c4c1abe00983e85aaa918d2ce341491","id":{"unicity":"17174"},"weightEach":{"value":49.72},"servingsPerContainer":100,"servingSize":0},"quantity":1,"terms":{"priceEach":37.29,"taxEach":{"amount":3.36},"discountEach":{"amount":0},"pvEach":23},"quantityLimit":{"quantityQuota":-1,"timeFrameDays":-1,"quantityOrdered":0}}]},"currency":"EUR"},{"lines":{"items":[{"item":{"href":"https://hydraqa.unicity.net/v5a-test/items/db0a2b02eaabc5ad45fe91ba5c7bcf5a","id":{"unicity":"31772"},"weightEach":{"value":0},"servingsPerContainer":0,"servingSize":0},"quantity":1,"terms":{"priceEach":8.32,"taxEach":{"amount":1.75},"discountEach":{"amount":0},"pvEach":0},"quantityLimit":{"quantityQuota":-1,"timeFrameDays":-1,"quantityOrdered":0}}]},"currency":"EUR"},{"lines":{"items":[{"item":{"href":"https://hydraqa.unicity.net/v5a-test/items/34c8c6b0f454da738e64265f08c57a72","id":{"unicity":"31777"},"weightEach":{"value":100},"servingsPerContainer":0,"servingSize":0},"quantity":1,"terms":{"priceEach":6.22,"taxEach":{"amount":1.31},"discountEach":{"amount":0},"pvEach":3},"quantityLimit":{"quantityQuota":-1,"timeFrameDays":-1,"quantityOrdered":0}}]},"currency":"EUR"},{"lines":{"items":[{"item":{"href":"https://hydraqa.unicity.net/v5a-test/items/fc8583e3bf463b599fdcce05234bc137","id":{"unicity":"31780"},"weightEach":{"value":275},"servingsPerContainer":0,"servingSize":0},"quantity":1,"terms":{"priceEach":8.32,"taxEach":{"amount":1.75},"discountEach":{"amount":0},"pvEach":4},"quantityLimit":{"quantityQuota":-1,"timeFrameDays":-1,"quantityOrdered":0}}]},"currency":"EUR"},{"lines":{"items":[{"item":{"href":"https://hydraqa.unicity.net/v5a-test/items/7e80331c8c25f515174d3f894283a27c","id":{"unicity":"31781"},"weightEach":{"value":275},"servingsPerContainer":0,"servingSize":0},"quantity":1,"terms":{"priceEach":8.32,"taxEach":{"amount":1.75},"discountEach":{"amount":0},"pvEach":4},"quantityLimit":{"quantityQuota":-1,"timeFrameDays":-1,"quantityOrdered":0}}]},"currency":"EUR"},{"lines":{"items":[{"item":{"href":"https://hydraqa.unicity.net/v5a-test/items/8d3854b47de8e45d6fcdc194dffff601","id":{"unicity":"31782"},"weightEach":{"value":50},"servingsPerContainer":0,"servingSize":0},"quantity":1,"terms":{"priceEach":12.52,"taxEach":{"amount":2.63},"discountEach":{"amount":0},"pvEach":6},"quantityLimit":{"quantityQuota":-1,"timeFrameDays":-1,"quantityOrdered":0}}]},"currency":"EUR"},{"lines":{"items":[{"item":{"href":"https://hydraqa.unicity.net/v5a-test/items/04516be30bd9bf93e01536e7fc8f8716","id":{"unicity":"31779"},"weightEach":{"value":350},"servingsPerContainer":0,"servingSize":0},"quantity":1,"terms":{"priceEach":10,"taxEach":{"amount":2.1},"discountEach":{"amount":0},"pvEach":5},"quantityLimit":{"quantityQuota":-1,"timeFrameDays":-1,"quantityOrdered":0}}]},"currency":"EUR"},{"lines":{"items":[{"item":{"href":"https://hydraqa.unicity.net/v5a-test/items/d7e1dd4b19a8672aed99e591356c0d48","id":{"unicity":"31932"},"weightEach":{"value":180},"servingsPerContainer":0,"servingSize":0},"quantity":1,"terms":{"priceEach":6.22,"taxEach":{"amount":1.31},"discountEach":{"amount":0},"pvEach":3},"quantityLimit":{"quantityQuota":-1,"timeFrameDays":-1,"quantityOrdered":0}}]},"currency":"EUR"},{"lines":{"items":[{"item":{"href":"https://hydraqa.unicity.net/v5a-test/items/1aa00306dc0006d365acd7436548f2e6","id":{"unicity":"31778"},"weightEach":{"value":350},"servingsPerContainer":0,"servingSize":0},"quantity":1,"terms":{"priceEach":12.52,"taxEach":{"amount":2.63},"discountEach":{"amount":0},"pvEach":6},"quantityLimit":{"quantityQuota":-1,"timeFrameDays":-1,"quantityOrdered":0}}]},"currency":"EUR"},{"lines":{"items":[{"item":{"href":"https://hydraqa.unicity.net/v5a-test/items/4fc6de0cb7817f39a836ff08609b8539","id":{"unicity":"32556"},"weightEach":{"value":0},"servingsPerContainer":0,"servingSize":0},"quantity":1,"terms":{"priceEach":2.44,"taxEach":{"amount":0.51},"discountEach":{"amount":0},"pvEach":0},"quantityLimit":{"quantityQuota":-1,"timeFrameDays":-1,"quantityOrdered":0}}]},"currency":"EUR"},{"lines":{"items":[{"item":{"href":"https://hydraqa.unicity.net/v5a-test/items/2262fdd5af916c31df08089c191735c1","id":{"unicity":"29317"},"weightEach":{"value":0},"servingsPerContainer":0,"servingSize":0},"quantity":1,"terms":{"priceEach":25.21,"taxEach":{"amount":5.29},"discountEach":{"amount":0},"pvEach":0},"quantityLimit":{"quantityQuota":-1,"timeFrameDays":-1,"quantityOrdered":0}}]},"currency":"EUR"},{"lines":{"items":[{"item":{"href":"https://hydraqa.unicity.net/v5a-test/items/2f1d0aa90494ae2e08035922c701f968","id":{"unicity":"29832"},"weightEach":{"value":0},"servingsPerContainer":0,"servingSize":0},"quantity":1,"terms":{"priceEach":47.57,"taxEach":{"amount":4.28},"discountEach":{"amount":0},"pvEach":39},"quantityLimit":{"quantityQuota":-1,"timeFrameDays":-1,"quantityOrdered":0}}]},"currency":"EUR"},{"lines":{"items":[{"item":{"href":"https://hydraqa.unicity.net/v5a-test/items/10df0fc3509b53cbeaeb9476ca92d520","id":{"unicity":"29833"},"weightEach":{"value":0},"servingsPerContainer":0,"servingSize":0},"quantity":1,"terms":{"priceEach":90.56,"taxEach":{"amount":8.15},"discountEach":{"amount":0},"pvEach":69},"quantityLimit":{"quantityQuota":-1,"timeFrameDays":-1,"quantityOrdered":0}}]},"currency":"EUR"},{"lines":{"items":[{"item":{"href":"https://hydraqa.unicity.net/v5a-test/items/b90fda77fbdf07131e0e60b87941cf76","id":{"unicity":"32755"},"weightEach":{"value":0},"servingsPerContainer":0,"servingSize":0},"quantity":1,"terms":{"priceEach":758.54,"taxEach":{"amount":68.27},"discountEach":{"amount":0},"pvEach":503},"quantityLimit":{"quantityQuota":-1,"timeFrameDays":-1,"quantityOrdered":0}}]},"currency":"EUR"},{"lines":{"items":[{"item":{"href":"https://hydraqa.unicity.net/v5a-test/items/3ab3ce55100f6593f04ec4a0d328a0b5","id":{"unicity":"32756"},"weightEach":{"value":0},"servingsPerContainer":0,"servingSize":0},"quantity":1,"terms":{"priceEach":1517.09,"taxEach":{"amount":136.54},"discountEach":{"amount":0},"pvEach":1006},"quantityLimit":{"quantityQuota":-1,"timeFrameDays":-1,"quantityOrdered":0}}]},"currency":"EUR"},{"lines":{"items":[{"item":{"href":"https://hydraqa.unicity.net/v5a-test/items/817e062d5600cad31f527fbfa764a0fa","id":{"unicity":"32968"},"weightEach":{"value":0},"servingsPerContainer":0,"servingSize":0},"quantity":1,"terms":{"priceEach":2273.12,"taxEach":{"amount":204.58},"discountEach":{"amount":0},"pvEach":1600},"quantityLimit":{"quantityQuota":-1,"timeFrameDays":-1,"quantityOrdered":0}}]},"currency":"EUR"},{"lines":{"items":[{"item":{"href":"https://hydraqa.unicity.net/v5a-test/items/ab1f0744e0ce56260af7928f7bf04478","id":{"unicity":"32966"},"weightEach":{"value":0},"servingsPerContainer":0,"servingSize":0},"quantity":1,"terms":{"priceEach":1381.68,"taxEach":{"amount":124.35},"discountEach":{"amount":0},"pvEach":912},"quantityLimit":{"quantityQuota":-1,"timeFrameDays":-1,"quantityOrdered":0}}]},"currency":"EUR"},{"lines":{"items":[{"item":{"href":"https://hydraqa.unicity.net/v5a-test/items/2faa0a2bcdeed39b7569e085fe880a23","id":{"unicity":"33097"},"weightEach":{"value":0},"servingsPerContainer":0,"servingSize":0},"quantity":1,"terms":{"priceEach":703.21,"taxEach":{"amount":63.29},"discountEach":{"amount":0},"pvEach":500},"quantityLimit":{"quantityQuota":-1,"timeFrameDays":-1,"quantityOrdered":0}}]},"currency":"EUR"},{"lines":{"items":[{"item":{"href":"https://hydraqa.unicity.net/v5a-test/items/3196d0b751f9119076e364a1cb03fa18","id":{"unicity":"33095"},"weightEach":{"value":0},"servingsPerContainer":0,"servingSize":0},"quantity":1,"terms":{"priceEach":740.99,"taxEach":{"amount":66.69},"discountEach":{"amount":0},"pvEach":514},"quantityLimit":{"quantityQuota":-1,"timeFrameDays":-1,"quantityOrdered":0}}]},"currency":"EUR"},{"lines":{"items":[{"item":{"href":"https://hydraqa.unicity.net/v5a-test/items/9c43de3dc98337bf964013caa56e3e98","id":{"unicity":"33098"},"weightEach":{"value":0},"servingsPerContainer":0,"servingSize":0},"quantity":1,"terms":{"priceEach":1406.42,"taxEach":{"amount":126.58},"discountEach":{"amount":0},"pvEach":1000},"quantityLimit":{"quantityQuota":-1,"timeFrameDays":-1,"quantityOrdered":0}}]},"currency":"EUR"},{"lines":{"items":[{"item":{"href":"https://hydraqa.unicity.net/v5a-test/items/bdcb8e96238e2243278e5627f9a5f893","id":{"unicity":"33096"},"weightEach":{"value":0},"servingsPerContainer":0,"servingSize":0},"quantity":1,"terms":{"priceEach":1481.98,"taxEach":{"amount":133.38},"discountEach":{"amount":0},"pvEach":1028},"quantityLimit":{"quantityQuota":-1,"timeFrameDays":-1,"quantityOrdered":0}}]},"currency":"EUR"},{"lines":{"items":[{"item":{"href":"https://hydraqa.unicity.net/v5a-test/items/332daeac6796ed016ea8b7d0bc42c2d4","id":{"unicity":"24274"},"weightEach":{"value":0},"servingsPerContainer":0,"servingSize":0},"quantity":1,"terms":{"priceEach":7.48,"taxEach":{"amount":1.57},"discountEach":{"amount":0},"pvEach":0},"quantityLimit":{"quantityQuota":-1,"timeFrameDays":-1,"quantityOrdered":0}}]},"currency":"EUR"},{"lines":{"items":[{"item":{"href":"https://hydraqa.unicity.net/v5a-test/items/1945faa1776541d53120ecfe3c1d8a2b","id":{"unicity":"24418"},"weightEach":{"value":0},"servingsPerContainer":0,"servingSize":0},"quantity":1,"terms":{"priceEach":4.96,"taxEach":{"amount":1.04},"discountEach":{"amount":0},"pvEach":0},"quantityLimit":{"quantityQuota":-1,"timeFrameDays":-1,"quantityOrdered":0}}]},"currency":"EUR"},{"lines":{"items":[{"item":{"href":"https://hydraqa.unicity.net/v5a-test/items/5147f8cfe32548e02fc158d4da9c4d6f","id":{"unicity":"27150"},"weightEach":{"value":0},"servingsPerContainer":0,"servingSize":0},"quantity":1,"terms":{"priceEach":93.36,"taxEach":{"amount":8.4},"discountEach":{"amount":0},"pvEach":70},"quantityLimit":{"quantityQuota":-1,"timeFrameDays":-1,"quantityOrdered":0}}]},"currency":"EUR"},{"lines":{"items":[{"item":{"href":"https://hydraqa.unicity.net/v5a-test/items/03eba2365025ccd85818846a83a16f47","id":{"unicity":"27163"},"weightEach":{"value":258},"servingsPerContainer":30,"servingSize":0},"quantity":1,"terms":{"priceEach":74.67,"taxEach":{"amount":6.72},"discountEach":{"amount":0},"pvEach":54},"quantityLimit":{"quantityQuota":-1,"timeFrameDays":-1,"quantityOrdered":0}}]},"currency":"EUR"},{"lines":{"items":[{"item":{"href":"https://hydraqa.unicity.net/v5a-test/items/7d4ad2792f7056e5f81eb24f118ef737","id":{"unicity":"27575"},"weightEach":{"value":1104},"servingsPerContainer":30,"servingSize":0},"quantity":1,"terms":{"priceEach":55.98,"taxEach":{"amount":5.04},"discountEach":{"amount":0},"pvEach":34},"quantityLimit":{"quantityQuota":-1,"timeFrameDays":-1,"quantityOrdered":0}}]},"currency":"EUR"},{"lines":{"items":[{"item":{"href":"https://hydraqa.unicity.net/v5a-test/items/3f2d12d7a0e8551fc99fad3bbe1ba633","id":{"unicity":"26567"},"weightEach":{"value":173.46},"servingsPerContainer":60,"servingSize":0},"quantity":1,"terms":{"priceEach":55.98,"taxEach":{"amount":5.04},"discountEach":{"amount":0},"pvEach":26},"quantityLimit":{"quantityQuota":-1,"timeFrameDays":-1,"quantityOrdered":0}}]},"currency":"EUR"},{"lines":{"items":[{"item":{"href":"https://hydraqa.unicity.net/v5a-test/items/191637167cb3144bd2e8c4615e9ab67e","id":{"unicity":"26568"},"weightEach":{"value":198.24},"servingsPerContainer":60,"servingSize":0},"quantity":1,"terms":{"priceEach":55.98,"taxEach":{"amount":5.04},"discountEach":{"amount":0},"pvEach":26},"quantityLimit":{"quantityQuota":-1,"timeFrameDays":-1,"quantityOrdered":0}}]},"currency":"EUR"},{"lines":{"items":[{"item":{"href":"https://hydraqa.unicity.net/v5a-test/items/606f7be753c74dfbfe4b107276775140","id":{"unicity":"29821"},"weightEach":{"value":133.5},"servingsPerContainer":30,"servingSize":0},"quantity":1,"terms":{"priceEach":79.35,"taxEach":{"amount":7.14},"discountEach":{"amount":0},"pvEach":59},"quantityLimit":{"quantityQuota":-1,"timeFrameDays":-1,"quantityOrdered":0}}]},"currency":"EUR"},{"lines":{"items":[{"item":{"href":"https://hydraqa.unicity.net/v5a-test/items/94939f9be900906d2b47260ccba22a7b","id":{"unicity":"32012"},"weightEach":{"value":420},"servingsPerContainer":20,"servingSize":0},"quantity":1,"terms":{"priceEach":13.93,"taxEach":{"amount":1.25},"discountEach":{"amount":0},"pvEach":6},"quantityLimit":{"quantityQuota":-1,"timeFrameDays":-1,"quantityOrdered":0}}]},"currency":"EUR"},{"lines":{"items":[{"item":{"href":"https://hydraqa.unicity.net/v5a-test/items/991cdbb84a495779eb209fb3956a77e4","id":{"unicity":"29183"},"weightEach":{"value":50},"servingsPerContainer":0,"servingSize":0},"quantity":1,"terms":{"priceEach":31.01,"taxEach":{"amount":6.51},"discountEach":{"amount":0},"pvEach":18},"quantityLimit":{"quantityQuota":-1,"timeFrameDays":-1,"quantityOrdered":0}}]},"currency":"EUR"},{"lines":{"items":[{"item":{"href":"https://hydraqa.unicity.net/v5a-test/items/0e78fbdfebef11cd62f8d2120064ee58","id":{"unicity":"30280"},"weightEach":{"value":30},"servingsPerContainer":0,"servingSize":0},"quantity":1,"terms":{"priceEach":33.53,"taxEach":{"amount":7.04},"discountEach":{"amount":0},"pvEach":20},"quantityLimit":{"quantityQuota":-1,"timeFrameDays":-1,"quantityOrdered":0}}]},"currency":"EUR"},{"lines":{"items":[{"item":{"href":"https://hydraqa.unicity.net/v5a-test/items/beb900429fbb160dbfc3001c14d96df4","id":{"unicity":"29187"},"weightEach":{"value":30},"servingsPerContainer":0,"servingSize":0},"quantity":1,"terms":{"priceEach":37.73,"taxEach":{"amount":7.92},"discountEach":{"amount":0},"pvEach":24},"quantityLimit":{"quantityQuota":-1,"timeFrameDays":-1,"quantityOrdered":0}}]},"currency":"EUR"},{"lines":{"items":[{"item":{"href":"https://hydraqa.unicity.net/v5a-test/items/1b0412bea8c0b841c66f65a36aa14108","id":{"unicity":"29191"},"weightEach":{"value":30},"servingsPerContainer":0,"servingSize":0},"quantity":1,"terms":{"priceEach":37.73,"taxEach":{"amount":7.92},"discountEach":{"amount":0},"pvEach":24},"quantityLimit":{"quantityQuota":-1,"timeFrameDays":-1,"quantityOrdered":0}}]},"currency":"EUR"},{"lines":{"items":[{"item":{"href":"https://hydraqa.unicity.net/v5a-test/items/52c87f74d3b41ed49b0f897b66c2a99b","id":{"unicity":"30684"},"weightEach":{"value":450},"servingsPerContainer":30,"servingSize":0},"quantity":1,"terms":{"priceEach":37.29,"taxEach":{"amount":3.36},"discountEach":{"amount":0},"pvEach":23},"quantityLimit":{"quantityQuota":-1,"timeFrameDays":-1,"quantityOrdered":0}}]},"currency":"EUR"},{"lines":{"items":[{"item":{"href":"https://hydraqa.unicity.net/v5a-test/items/90f38f77c9e6ea5a71aa7377df83760b","id":{"unicity":"30198"},"weightEach":{"value":0},"servingsPerContainer":0,"servingSize":0},"quantity":1,"terms":{"priceEach":19,"taxEach":{"amount":1.71},"discountEach":{"amount":0},"pvEach":16},"quantityLimit":{"quantityQuota":-1,"timeFrameDays":-1,"quantityOrdered":0}}]},"currency":"EUR"},{"lines":{"items":[{"item":{"href":"https://hydraqa.unicity.net/v5a-test/items/ab2a2b07b17718843a66bee04ff40624","id":{"unicity":"31402"},"weightEach":{"value":477},"servingsPerContainer":30,"servingSize":0},"quantity":1,"terms":{"priceEach":92.43,"taxEach":{"amount":8.32},"discountEach":{"amount":0},"pvEach":70},"quantityLimit":{"quantityQuota":-1,"timeFrameDays":-1,"quantityOrdered":0}}]},"currency":"EUR"},{"lines":{"items":[{"item":{"href":"https://hydraqa.unicity.net/v5a-test/items/7e5e7df32701fd44947c8146f2129f7a","id":{"unicity":"31672"},"weightEach":{"value":270},"servingsPerContainer":15,"servingSize":0},"quantity":1,"terms":{"priceEach":74.67,"taxEach":{"amount":6.72},"discountEach":{"amount":0},"pvEach":54},"quantityLimit":{"quantityQuota":-1,"timeFrameDays":-1,"quantityOrdered":0}}]},"currency":"EUR"},{"lines":{"items":[{"item":{"href":"https://hydraqa.unicity.net/v5a-test/items/493c2ba720f847422eccc5da35024f33","id":{"unicity":"31534"},"weightEach":{"value":95},"servingsPerContainer":60,"servingSize":0},"quantity":1,"terms":{"priceEach":26.07,"taxEach":{"amount":2.35},"discountEach":{"amount":0},"pvEach":16},"quantityLimit":{"quantityQuota":-1,"timeFrameDays":-1,"quantityOrdered":0}}]},"currency":"EUR"},{"lines":{"items":[{"item":{"href":"https://hydraqa.unicity.net/v5a-test/items/bfddb53fe0d5ed5432c531dc9850cbe4","id":{"unicity":"29449"},"weightEach":{"value":60},"servingsPerContainer":30,"servingSize":0},"quantity":1,"terms":{"priceEach":26.07,"taxEach":{"amount":2.35},"discountEach":{"amount":0},"pvEach":16},"quantityLimit":{"quantityQuota":-1,"timeFrameDays":-1,"quantityOrdered":0}}]},"currency":"EUR"},{"lines":{"items":[{"item":{"href":"https://hydraqa.unicity.net/v5a-test/items/217ca02fbd24e21ca5281412756238ab","id":{"unicity":"32126"},"weightEach":{"value":0},"servingsPerContainer":0,"servingSize":0},"quantity":1,"terms":{"priceEach":152.24,"taxEach":{"amount":14.7},"discountEach":{"amount":0},"pvEach":101},"quantityLimit":{"quantityQuota":-1,"timeFrameDays":-1,"quantityOrdered":0}}]},"currency":"EUR"},{"lines":{"items":[{"item":{"href":"https://hydraqa.unicity.net/v5a-test/items/808008a0657d2033ad471c39bbce9891","id":{"unicity":"32127"},"weightEach":{"value":0},"servingsPerContainer":0,"servingSize":0},"quantity":1,"terms":{"priceEach":162.34,"taxEach":{"amount":15.61},"discountEach":{"amount":0},"pvEach":113},"quantityLimit":{"quantityQuota":-1,"timeFrameDays":-1,"quantityOrdered":0}}]},"currency":"EUR"},{"lines":{"items":[{"item":{"href":"https://hydraqa.unicity.net/v5a-test/items/fbb6dbd577adb73abaec364076fb288f","id":{"unicity":"32087"},"weightEach":{"value":600},"servingsPerContainer":10,"servingSize":0},"quantity":1,"terms":{"priceEach":20.47,"taxEach":{"amount":1.84},"discountEach":{"amount":0},"pvEach":9},"quantityLimit":{"quantityQuota":-1,"timeFrameDays":-1,"quantityOrdered":0}}]},"currency":"EUR"},{"lines":{"items":[{"item":{"href":"https://hydraqa.unicity.net/v5a-test/items/1f59b10f0bef99fa20e4b9b0b4efea88","id":{"unicity":"32333"},"weightEach":{"value":0},"servingsPerContainer":0,"servingSize":0},"quantity":1,"terms":{"priceEach":9.16,"taxEach":{"amount":1.92},"discountEach":{"amount":0},"pvEach":0},"quantityLimit":{"quantityQuota":-1,"timeFrameDays":-1,"quantityOrdered":0}}]},"currency":"EUR"},{"lines":{"items":[{"item":{"href":"https://hydraqa.unicity.net/v5a-test/items/592aef9ec417f4553dc0b62a91a1f5e0","id":{"unicity":"32330"},"weightEach":{"value":0},"servingsPerContainer":0,"servingSize":0},"quantity":1,"terms":{"priceEach":93.36,"taxEach":{"amount":8.4},"discountEach":{"amount":0},"pvEach":55},"quantityLimit":{"quantityQuota":-1,"timeFrameDays":-1,"quantityOrdered":0}}]},"currency":"EUR"},{"lines":{"items":[{"item":{"href":"https://hydraqa.unicity.net/v5a-test/items/87dd58dff9eb54a10b652443e7279a1e","id":{"unicity":"32693"},"weightEach":{"value":0},"servingsPerContainer":0,"servingSize":0},"quantity":1,"terms":{"priceEach":79.35,"taxEach":{"amount":7.14},"discountEach":{"amount":0},"pvEach":59},"quantityLimit":{"quantityQuota":-1,"timeFrameDays":-1,"quantityOrdered":0}}]},"currency":"EUR"},{"lines":{"items":[{"item":{"href":"https://hydraqa.unicity.net/v5a-test/items/1bd53de7fe880ba71f46c9976ca2c137","id":{"unicity":"27739"},"weightEach":{"value":0},"servingsPerContainer":0,"servingSize":0},"quantity":1,"terms":{"priceEach":37.29,"taxEach":{"amount":3.36},"discountEach":{"amount":0},"pvEach":23},"quantityLimit":{"quantityQuota":-1,"timeFrameDays":-1,"quantityOrdered":0}}]},"currency":"EUR"}]}
Entry request : {"order":{"customer":{"href":"https://hydraqa.unicity.net/v5a-test/customers?type=Associate"},"shipToAddress":{"country":"DK"}},"vary":{"lines":{"items":[{"item":{"href":"https://hydraqa.unicity.net/v5a-test/items?id.unicity=27158|31763|31951|31952|32128|32129|32130|32132|32133|32134|32135|32136|32137|32138|32125|32699|33092|33094|33093|18511|26422|27156|27160|27166|27617|27660|27585|27587|28601|28604|27395|15880|26560|29017|24758|29838|17174|29522|31772|31777|31780|31781|31782|31779|31932|31778|32556|29317|29832|29833|32755|32756|32967|32968|32965|32966|33097|33095|33098|33096|24274|24418|27150|27163|27575|26567|26568|29821|32012|29183|30280|29187|29191|30684|30198|31402|31672|31534|29449|32126|32127|32087|32333|32330|32693|27739"}}]}}}
Total Pv Greater then 500 - 627
[https://hydraqa.unicity.net/v5a-test/items?id.unicity=32127, https://hydraqa.unicity.net/v5a-test/items?id.unicity=33095]
Request URL: https://hydraqa.unicity.net/v5a-test/customers.js?callback=angular.callbacks._1&expand=customer,profilePicture&id.unicity=2
Request URL: https://hydraqa.unicity.net/v5a-test/customers.js?_httpMethod=HEAD&callback=angular.callbacks._7&email=XOZSHN@gmail.com
Request URL: https://hydraqa.unicity.net/v5a-test/shippingmethods.js?callback=angular.callbacks._a&destination=DK&market=DK
]]></system-out>
    <system-err><![CDATA[Starting ChromeDriver 2.36.540470 (e522d04694c7ebea4ba8821272dbef4f9b818c91) on port 25291
Only local connections are allowed.
Oct 18, 2020 10:23:58 AM org.openqa.selenium.remote.ProtocolHandshake createSession
INFO: Detected dialect: OSS
]]></system-err>
  </testcase>
  <testcase name="Enroll" classname="Tests.FranchisePartner" time="338.161"/>
  <testcase name="Enroll" classname="Tests.FranchisePartner" time="295"/>
  <testcase name="Enroll" classname="Tests.FranchisePartner" time="311.554"/>
  <testcase name="Enroll" classname="Tests.FranchisePartner" time="215.608">
    <failure message="Major Packs expected [[https://hydraqa.unicity.net/v5a-test/items?id.unicity=22605, https://hydraqa.unicity.net/v5a-test/items?id.unicity=29838, https://hydraqa.unicity.net/v5a-test/items?id.unicity=33095]] but found [[https://hydraqa.unicity.net/v5a-test/items?id.unicity=29838, https://hydraqa.unicity.net/v5a-test/items?id.unicity=32943, https://hydraqa.unicity.net/v5a-test/items?id.unicity=33095]]" type="java.lang.AssertionError">java.lang.AssertionError: Major Packs expected [[https://hydraqa.unicity.net/v5a-test/items?id.unicity=22605, https://hydraqa.unicity.net/v5a-test/items?id.unicity=29838, https://hydraqa.unicity.net/v5a-test/items?id.unicity=33095]] but found [[https://hydraqa.unicity.net/v5a-test/items?id.unicity=29838, https://hydraqa.unicity.net/v5a-test/items?id.unicity=32943, https://hydraqa.unicity.net/v5a-test/items?id.unicity=33095]]
	at Tests.FranchisePartner.Enroll(FranchisePartner.java:252)
</failure>
    <system-out><![CDATA[Request URL: https://hydraqa.unicity.net/v5a-test/quotes?&expand=item
Entry Quotes response : {"items":[{"lines":{"items":[{"item":{"href":"https://hydraqa.unicity.net/v5a-test/items/d8736cc35cf9f4734fd76da71c53dc05","id":{"unicity":"32136"},"weightEach":{"value":0},"servingsPerContainer":0,"servingSize":0},"quantity":1,"terms":{"priceEach":142.08,"taxEach":{"amount":7.1},"discountEach":{"amount":0},"pvEach":102},"quantityLimit":{"quantityQuota":-1,"timeFrameDays":-1,"quantityOrdered":0}}]},"currency":"EUR"},{"lines":{"items":[{"item":{"href":"https://hydraqa.unicity.net/v5a-test/items/def68d31fb89b7c22a71f384e32f03d7","id":{"unicity":"32699"},"weightEach":{"value":0},"servingsPerContainer":0,"servingSize":0},"quantity":1,"terms":{"priceEach":284.14,"taxEach":{"amount":14.21},"discountEach":{"amount":0},"pvEach":200},"quantityLimit":{"quantityQuota":-1,"timeFrameDays":-1,"quantityOrdered":0}}]},"currency":"EUR"},{"lines":{"items":[{"item":{"href":"https://hydraqa.unicity.net/v5a-test/items/b23be76d5816f93f8e9b7ab0665d5021","id":{"unicity":"33092"},"weightEach":{"value":0},"servingsPerContainer":0,"servingSize":0},"quantity":1,"terms":{"priceEach":149.34,"taxEach":{"amount":7.47},"discountEach":{"amount":0},"pvEach":108},"quantityLimit":{"quantityQuota":-1,"timeFrameDays":-1,"quantityOrdered":0}}]},"currency":"EUR"},{"lines":{"items":[{"item":{"href":"https://hydraqa.unicity.net/v5a-test/items/bbe21adcac1fcadfcf1a1ebb99ec5de9","id":{"unicity":"33094"},"weightEach":{"value":0},"servingsPerContainer":0,"servingSize":0},"quantity":1,"terms":{"priceEach":172.71,"taxEach":{"amount":8.64},"discountEach":{"amount":0},"pvEach":114},"quantityLimit":{"quantityQuota":-1,"timeFrameDays":-1,"quantityOrdered":0}}]},"currency":"EUR"},{"lines":{"items":[{"item":{"href":"https://hydraqa.unicity.net/v5a-test/items/287b72c2933e3afabdea942bd11bfab9","id":{"unicity":"33093"},"weightEach":{"value":0},"servingsPerContainer":0,"servingSize":0},"quantity":1,"terms":{"priceEach":162.54,"taxEach":{"amount":8.13},"discountEach":{"amount":0},"pvEach":105},"quantityLimit":{"quantityQuota":-1,"timeFrameDays":-1,"quantityOrdered":0}}]},"currency":"EUR"},{"lines":{"items":[{"item":{"href":"https://hydraqa.unicity.net/v5a-test/items/c451532f63a06f0e9a054e946a1a1c3b","id":{"unicity":"18511"},"weightEach":{"value":50},"servingsPerContainer":30,"servingSize":0},"quantity":1,"terms":{"priceEach":37.29,"taxEach":{"amount":1.86},"discountEach":{"amount":0},"pvEach":23},"quantityLimit":{"quantityQuota":-1,"timeFrameDays":-1,"quantityOrdered":0}}]},"currency":"EUR"},{"lines":{"items":[{"item":{"href":"https://hydraqa.unicity.net/v5a-test/items/4e49c95f12ae7be78e5ffab68b8b3ca6","id":{"unicity":"26422"},"weightEach":{"value":92},"servingsPerContainer":30,"servingSize":0},"quantity":1,"terms":{"priceEach":19,"taxEach":{"amount":0.95},"discountEach":{"amount":0},"pvEach":16},"quantityLimit":{"quantityQuota":-1,"timeFrameDays":-1,"quantityOrdered":0}}]},"currency":"EUR"},{"lines":{"items":[{"item":{"href":"https://hydraqa.unicity.net/v5a-test/items/50e73ecfa509ac20c4a250f9cb32fdfc","id":{"unicity":"27156"},"weightEach":{"value":31},"servingsPerContainer":50,"servingSize":0},"quantity":1,"terms":{"priceEach":20.47,"taxEach":{"amount":1.02},"discountEach":{"amount":0},"pvEach":13},"quantityLimit":{"quantityQuota":-1,"timeFrameDays":-1,"quantityOrdered":0}}]},"currency":"EUR"},{"lines":{"items":[{"item":{"href":"https://hydraqa.unicity.net/v5a-test/items/d92292ba2f23c030e4a1f63eb3ebe1ce","id":{"unicity":"27158"},"weightEach":{"value":454},"servingsPerContainer":45,"servingSize":0},"quantity":1,"terms":{"priceEach":27.94,"taxEach":{"amount":1.4},"discountEach":{"amount":0},"pvEach":23},"quantityLimit":{"quantityQuota":-1,"timeFrameDays":-1,"quantityOrdered":0}}]},"currency":"EUR"},{"lines":{"items":[{"item":{"href":"https://hydraqa.unicity.net/v5a-test/items/0d3b8d4f7c4d4082db1b4ecffb6693fb","id":{"unicity":"27160"},"weightEach":{"value":435},"servingsPerContainer":60,"servingSize":0},"quantity":1,"terms":{"priceEach":74.67,"taxEach":{"amount":3.73},"discountEach":{"amount":0},"pvEach":53},"quantityLimit":{"quantityQuota":-1,"timeFrameDays":-1,"quantityOrdered":0}}]},"currency":"EUR"},{"lines":{"items":[{"item":{"href":"https://hydraqa.unicity.net/v5a-test/items/ac37bf51ff7e4fe860da8457f6ce0425","id":{"unicity":"27166"},"weightEach":{"value":270},"servingsPerContainer":30,"servingSize":0},"quantity":1,"terms":{"priceEach":74.67,"taxEach":{"amount":3.73},"discountEach":{"amount":0},"pvEach":54},"quantityLimit":{"quantityQuota":-1,"timeFrameDays":-1,"quantityOrdered":0}}]},"currency":"EUR"},{"lines":{"items":[{"item":{"href":"https://hydraqa.unicity.net/v5a-test/items/a7bda1cb4a35343e52791aba56debc4a","id":{"unicity":"27617"},"weightEach":{"value":22.62},"servingsPerContainer":30,"servingSize":0},"quantity":1,"terms":{"priceEach":29.81,"taxEach":{"amount":1.49},"discountEach":{"amount":0},"pvEach":18},"quantityLimit":{"quantityQuota":-1,"timeFrameDays":-1,"quantityOrdered":0}}]},"currency":"EUR"},{"lines":{"items":[{"item":{"href":"https://hydraqa.unicity.net/v5a-test/items/a36d9fdd0fd7561e6180fb5b2ff27164","id":{"unicity":"27660"},"weightEach":{"value":129},"servingsPerContainer":15,"servingSize":0},"quantity":1,"terms":{"priceEach":40.09,"taxEach":{"amount":2},"discountEach":{"amount":0},"pvEach":25},"quantityLimit":{"quantityQuota":-1,"timeFrameDays":-1,"quantityOrdered":0}}]},"currency":"EUR"},{"lines":{"items":[{"item":{"href":"https://hydraqa.unicity.net/v5a-test/items/9a6e1d094182389c3da8e0a320ff0e00","id":{"unicity":"27585"},"weightEach":{"value":0},"servingsPerContainer":0,"servingSize":0},"quantity":1,"terms":{"priceEach":61.81,"taxEach":{"amount":3.09},"discountEach":{"amount":0},"pvEach":36},"quantityLimit":{"quantityQuota":-1,"timeFrameDays":-1,"quantityOrdered":0}}]},"currency":"EUR"},{"lines":{"items":[{"item":{"href":"https://hydraqa.unicity.net/v5a-test/items/112b8c39286598b3730f630f371a45f4","id":{"unicity":"27587"},"weightEach":{"value":690},"servingsPerContainer":30,"servingSize":0},"quantity":1,"terms":{"priceEach":55.98,"taxEach":{"amount":2.8},"discountEach":{"amount":0},"pvEach":34},"quantityLimit":{"quantityQuota":-1,"timeFrameDays":-1,"quantityOrdered":0}}]},"currency":"EUR"},{"lines":{"items":[{"item":{"href":"https://hydraqa.unicity.net/v5a-test/items/0c0717a26fcfe40310e906487e8a12f7","id":{"unicity":"28601"},"weightEach":{"value":270},"servingsPerContainer":30,"servingSize":0},"quantity":1,"terms":{"priceEach":74.67,"taxEach":{"amount":3.73},"discountEach":{"amount":0},"pvEach":54},"quantityLimit":{"quantityQuota":-1,"timeFrameDays":-1,"quantityOrdered":0}}]},"currency":"EUR"},{"lines":{"items":[{"item":{"href":"https://hydraqa.unicity.net/v5a-test/items/4790a55c442b5dc75a13b155e78c1842","id":{"unicity":"28604"},"weightEach":{"value":0},"servingsPerContainer":0,"servingSize":0},"quantity":1,"terms":{"priceEach":74.67,"taxEach":{"amount":3.73},"discountEach":{"amount":0},"pvEach":54},"quantityLimit":{"quantityQuota":-1,"timeFrameDays":-1,"quantityOrdered":0}}]},"currency":"EUR"},{"lines":{"items":[{"item":{"href":"https://hydraqa.unicity.net/v5a-test/items/11fac1643721516cbf646365d88b73cd","id":{"unicity":"29838"},"weightEach":{"value":0},"servingsPerContainer":0,"servingSize":0},"quantity":1,"terms":{"priceEach":112.36,"taxEach":{"amount":5.62},"discountEach":{"amount":0},"pvEach":86},"quantityLimit":{"quantityQuota":-1,"timeFrameDays":-1,"quantityOrdered":0}}]},"currency":"EUR"},{"lines":{"items":[{"item":{"href":"https://hydraqa.unicity.net/v5a-test/items/ab2a2b07b17718843a66bee04ff40624","id":{"unicity":"31402"},"weightEach":{"value":477},"servingsPerContainer":30,"servingSize":0},"quantity":1,"terms":{"priceEach":92.43,"taxEach":{"amount":4.62},"discountEach":{"amount":0},"pvEach":70},"quantityLimit":{"quantityQuota":-1,"timeFrameDays":-1,"quantityOrdered":0}}]},"currency":"EUR"},{"lines":{"items":[{"item":{"href":"https://hydraqa.unicity.net/v5a-test/items/db0a2b02eaabc5ad45fe91ba5c7bcf5a","id":{"unicity":"31772"},"weightEach":{"value":0},"servingsPerContainer":0,"servingSize":0},"quantity":1,"terms":{"priceEach":8.32,"taxEach":{"amount":1.33},"discountEach":{"amount":0},"pvEach":0},"quantityLimit":{"quantityQuota":-1,"timeFrameDays":-1,"quantityOrdered":0}}]},"currency":"EUR"},{"lines":{"items":[{"item":{"href":"https://hydraqa.unicity.net/v5a-test/items/34c8c6b0f454da738e64265f08c57a72","id":{"unicity":"31777"},"weightEach":{"value":100},"servingsPerContainer":0,"servingSize":0},"quantity":1,"terms":{"priceEach":6.22,"taxEach":{"amount":1},"discountEach":{"amount":0},"pvEach":3},"quantityLimit":{"quantityQuota":-1,"timeFrameDays":-1,"quantityOrdered":0}}]},"currency":"EUR"},{"lines":{"items":[{"item":{"href":"https://hydraqa.unicity.net/v5a-test/items/fc8583e3bf463b599fdcce05234bc137","id":{"unicity":"31780"},"weightEach":{"value":275},"servingsPerContainer":0,"servingSize":0},"quantity":1,"terms":{"priceEach":8.32,"taxEach":{"amount":1.33},"discountEach":{"amount":0},"pvEach":4},"quantityLimit":{"quantityQuota":-1,"timeFrameDays":-1,"quantityOrdered":0}}]},"currency":"EUR"},{"lines":{"items":[{"item":{"href":"https://hydraqa.unicity.net/v5a-test/items/7e80331c8c25f515174d3f894283a27c","id":{"unicity":"31781"},"weightEach":{"value":275},"servingsPerContainer":0,"servingSize":0},"quantity":1,"terms":{"priceEach":8.32,"taxEach":{"amount":1.33},"discountEach":{"amount":0},"pvEach":4},"quantityLimit":{"quantityQuota":-1,"timeFrameDays":-1,"quantityOrdered":0}}]},"currency":"EUR"},{"lines":{"items":[{"item":{"href":"https://hydraqa.unicity.net/v5a-test/items/8d3854b47de8e45d6fcdc194dffff601","id":{"unicity":"31782"},"weightEach":{"value":50},"servingsPerContainer":0,"servingSize":0},"quantity":1,"terms":{"priceEach":12.52,"taxEach":{"amount":2},"discountEach":{"amount":0},"pvEach":6},"quantityLimit":{"quantityQuota":-1,"timeFrameDays":-1,"quantityOrdered":0}}]},"currency":"EUR"},{"lines":{"items":[{"item":{"href":"https://hydraqa.unicity.net/v5a-test/items/04516be30bd9bf93e01536e7fc8f8716","id":{"unicity":"31779"},"weightEach":{"value":350},"servingsPerContainer":0,"servingSize":0},"quantity":1,"terms":{"priceEach":10,"taxEach":{"amount":1.6},"discountEach":{"amount":0},"pvEach":5},"quantityLimit":{"quantityQuota":-1,"timeFrameDays":-1,"quantityOrdered":0}}]},"currency":"EUR"},{"lines":{"items":[{"item":{"href":"https://hydraqa.unicity.net/v5a-test/items/d7e1dd4b19a8672aed99e591356c0d48","id":{"unicity":"31932"},"weightEach":{"value":180},"servingsPerContainer":0,"servingSize":0},"quantity":1,"terms":{"priceEach":6.22,"taxEach":{"amount":1},"discountEach":{"amount":0},"pvEach":3},"quantityLimit":{"quantityQuota":-1,"timeFrameDays":-1,"quantityOrdered":0}}]},"currency":"EUR"},{"lines":{"items":[{"item":{"href":"https://hydraqa.unicity.net/v5a-test/items/1aa00306dc0006d365acd7436548f2e6","id":{"unicity":"31778"},"weightEach":{"value":350},"servingsPerContainer":0,"servingSize":0},"quantity":1,"terms":{"priceEach":12.52,"taxEach":{"amount":2},"discountEach":{"amount":0},"pvEach":6},"quantityLimit":{"quantityQuota":-1,"timeFrameDays":-1,"quantityOrdered":0}}]},"currency":"EUR"},{"lines":{"items":[{"item":{"href":"https://hydraqa.unicity.net/v5a-test/items/4fc6de0cb7817f39a836ff08609b8539","id":{"unicity":"32556"},"weightEach":{"value":0},"servingsPerContainer":0,"servingSize":0},"quantity":1,"terms":{"priceEach":2.44,"taxEach":{"amount":0.39},"discountEach":{"amount":0},"pvEach":0},"quantityLimit":{"quantityQuota":-1,"timeFrameDays":-1,"quantityOrdered":0}}]},"currency":"EUR"},{"lines":{"items":[{"item":{"href":"https://hydraqa.unicity.net/v5a-test/items/a85cc4a606716ce7b10b8bd76dca368f","id":{"unicity":"22605"},"weightEach":{"value":0},"servingsPerContainer":0,"servingSize":0},"quantity":1,"terms":{"priceEach":25.21,"taxEach":{"amount":4.03},"discountEach":{"amount":0},"pvEach":0},"quantityLimit":{"quantityQuota":-1,"timeFrameDays":-1,"quantityOrdered":0}}]},"currency":"EUR"},{"lines":{"items":[{"item":{"href":"https://hydraqa.unicity.net/v5a-test/items/2262fdd5af916c31df08089c191735c1","id":{"unicity":"29317"},"weightEach":{"value":0},"servingsPerContainer":0,"servingSize":0},"quantity":1,"terms":{"priceEach":25.21,"taxEach":{"amount":4.03},"discountEach":{"amount":0},"pvEach":0},"quantityLimit":{"quantityQuota":-1,"timeFrameDays":-1,"quantityOrdered":0}}]},"currency":"EUR"},{"lines":{"items":[{"item":{"href":"https://hydraqa.unicity.net/v5a-test/items/2f1d0aa90494ae2e08035922c701f968","id":{"unicity":"29832"},"weightEach":{"value":0},"servingsPerContainer":0,"servingSize":0},"quantity":1,"terms":{"priceEach":47.57,"taxEach":{"amount":2.38},"discountEach":{"amount":0},"pvEach":39},"quantityLimit":{"quantityQuota":-1,"timeFrameDays":-1,"quantityOrdered":0}}]},"currency":"EUR"},{"lines":{"items":[{"item":{"href":"https://hydraqa.unicity.net/v5a-test/items/10df0fc3509b53cbeaeb9476ca92d520","id":{"unicity":"29833"},"weightEach":{"value":0},"servingsPerContainer":0,"servingSize":0},"quantity":1,"terms":{"priceEach":90.56,"taxEach":{"amount":4.53},"discountEach":{"amount":0},"pvEach":69},"quantityLimit":{"quantityQuota":-1,"timeFrameDays":-1,"quantityOrdered":0}}]},"currency":"EUR"},{"lines":{"items":[{"item":{"href":"https://hydraqa.unicity.net/v5a-test/items/2faa0a2bcdeed39b7569e085fe880a23","id":{"unicity":"33097"},"weightEach":{"value":0},"servingsPerContainer":0,"servingSize":0},"quantity":1,"terms":{"priceEach":703.21,"taxEach":{"amount":35.16},"discountEach":{"amount":0},"pvEach":500},"quantityLimit":{"quantityQuota":-1,"timeFrameDays":-1,"quantityOrdered":0}}]},"currency":"EUR"},{"lines":{"items":[{"item":{"href":"https://hydraqa.unicity.net/v5a-test/items/3196d0b751f9119076e364a1cb03fa18","id":{"unicity":"33095"},"weightEach":{"value":0},"servingsPerContainer":0,"servingSize":0},"quantity":1,"terms":{"priceEach":740.99,"taxEach":{"amount":37.05},"discountEach":{"amount":0},"pvEach":514},"quantityLimit":{"quantityQuota":-1,"timeFrameDays":-1,"quantityOrdered":0}}]},"currency":"EUR"},{"lines":{"items":[{"item":{"href":"https://hydraqa.unicity.net/v5a-test/items/9c43de3dc98337bf964013caa56e3e98","id":{"unicity":"33098"},"weightEach":{"value":0},"servingsPerContainer":0,"servingSize":0},"quantity":1,"terms":{"priceEach":1406.42,"taxEach":{"amount":70.32},"discountEach":{"amount":0},"pvEach":1000},"quantityLimit":{"quantityQuota":-1,"timeFrameDays":-1,"quantityOrdered":0}}]},"currency":"EUR"},{"lines":{"items":[{"item":{"href":"https://hydraqa.unicity.net/v5a-test/items/bdcb8e96238e2243278e5627f9a5f893","id":{"unicity":"33096"},"weightEach":{"value":0},"servingsPerContainer":0,"servingSize":0},"quantity":1,"terms":{"priceEach":1481.98,"taxEach":{"amount":74.1},"discountEach":{"amount":0},"pvEach":1028},"quantityLimit":{"quantityQuota":-1,"timeFrameDays":-1,"quantityOrdered":0}}]},"currency":"EUR"},{"lines":{"items":[{"item":{"href":"https://hydraqa.unicity.net/v5a-test/items/575aaea25d47c468067933d592cc36ef","id":{"unicity":"23990"},"weightEach":{"value":0},"servingsPerContainer":0,"servingSize":0},"quantity":1,"terms":{"priceEach":3.5,"taxEach":{"amount":0.56},"discountEach":{"amount":0},"pvEach":0},"quantityLimit":{"quantityQuota":-1,"timeFrameDays":-1,"quantityOrdered":0}}]},"currency":"EUR"},{"lines":{"items":[{"item":{"href":"https://hydraqa.unicity.net/v5a-test/items/332daeac6796ed016ea8b7d0bc42c2d4","id":{"unicity":"24274"},"weightEach":{"value":0},"servingsPerContainer":0,"servingSize":0},"quantity":1,"terms":{"priceEach":7.48,"taxEach":{"amount":1.2},"discountEach":{"amount":0},"pvEach":0},"quantityLimit":{"quantityQuota":-1,"timeFrameDays":-1,"quantityOrdered":0}}]},"currency":"EUR"},{"lines":{"items":[{"item":{"href":"https://hydraqa.unicity.net/v5a-test/items/1945faa1776541d53120ecfe3c1d8a2b","id":{"unicity":"24418"},"weightEach":{"value":0},"servingsPerContainer":0,"servingSize":0},"quantity":1,"terms":{"priceEach":4.96,"taxEach":{"amount":0.79},"discountEach":{"amount":0},"pvEach":0},"quantityLimit":{"quantityQuota":-1,"timeFrameDays":-1,"quantityOrdered":0}}]},"currency":"EUR"},{"lines":{"items":[{"item":{"href":"https://hydraqa.unicity.net/v5a-test/items/10da226fab00279b4f89df10af2a10b7","id":{"unicity":"26442"},"weightEach":{"value":0},"servingsPerContainer":0,"servingSize":0},"quantity":1,"terms":{"priceEach":5.8,"taxEach":{"amount":0.93},"discountEach":{"amount":0},"pvEach":0},"quantityLimit":{"quantityQuota":-1,"timeFrameDays":-1,"quantityOrdered":0}}]},"currency":"EUR"},{"lines":{"items":[{"item":{"href":"https://hydraqa.unicity.net/v5a-test/items/5147f8cfe32548e02fc158d4da9c4d6f","id":{"unicity":"27150"},"weightEach":{"value":0},"servingsPerContainer":0,"servingSize":0},"quantity":1,"terms":{"priceEach":93.36,"taxEach":{"amount":4.67},"discountEach":{"amount":0},"pvEach":70},"quantityLimit":{"quantityQuota":-1,"timeFrameDays":-1,"quantityOrdered":0}}]},"currency":"EUR"},{"lines":{"items":[{"item":{"href":"https://hydraqa.unicity.net/v5a-test/items/03eba2365025ccd85818846a83a16f47","id":{"unicity":"27163"},"weightEach":{"value":258},"servingsPerContainer":30,"servingSize":0},"quantity":1,"terms":{"priceEach":74.67,"taxEach":{"amount":3.73},"discountEach":{"amount":0},"pvEach":54},"quantityLimit":{"quantityQuota":-1,"timeFrameDays":-1,"quantityOrdered":0}}]},"currency":"EUR"},{"lines":{"items":[{"item":{"href":"https://hydraqa.unicity.net/v5a-test/items/7d4ad2792f7056e5f81eb24f118ef737","id":{"unicity":"27575"},"weightEach":{"value":1104},"servingsPerContainer":30,"servingSize":0},"quantity":1,"terms":{"priceEach":55.98,"taxEach":{"amount":2.8},"discountEach":{"amount":0},"pvEach":34},"quantityLimit":{"quantityQuota":-1,"timeFrameDays":-1,"quantityOrdered":0}}]},"currency":"EUR"},{"lines":{"items":[{"item":{"href":"https://hydraqa.unicity.net/v5a-test/items/024e696f8b44a1d315006e676604cd31","id":{"unicity":"27395"},"weightEach":{"value":210},"servingsPerContainer":30,"servingSize":0},"quantity":1,"terms":{"priceEach":29.81,"taxEach":{"amount":1.49},"discountEach":{"amount":0},"pvEach":18},"quantityLimit":{"quantityQuota":-1,"timeFrameDays":-1,"quantityOrdered":0}}]},"currency":"EUR"},{"lines":{"items":[{"item":{"href":"https://hydraqa.unicity.net/v5a-test/items/4b2034f47fce90b87bba28c5c2d7c25d","id":{"unicity":"15880"},"weightEach":{"value":51.5},"servingsPerContainer":90,"servingSize":0},"quantity":1,"terms":{"priceEach":51.31,"taxEach":{"amount":2.57},"discountEach":{"amount":0},"pvEach":33},"quantityLimit":{"quantityQuota":-1,"timeFrameDays":-1,"quantityOrdered":0}}]},"currency":"EUR"},{"lines":{"items":[{"item":{"href":"https://hydraqa.unicity.net/v5a-test/items/398d06b858b960f6f38086d40608aef2","id":{"unicity":"26560"},"weightEach":{"value":60},"servingsPerContainer":30,"servingSize":0},"quantity":1,"terms":{"priceEach":20.47,"taxEach":{"amount":1.02},"discountEach":{"amount":0},"pvEach":13},"quantityLimit":{"quantityQuota":-1,"timeFrameDays":-1,"quantityOrdered":0}}]},"currency":"EUR"},{"lines":{"items":[{"item":{"href":"https://hydraqa.unicity.net/v5a-test/items/e218d1cac5f31e7ae4f5876c29c57377","id":{"unicity":"29017"},"weightEach":{"value":52.8},"servingsPerContainer":60,"servingSize":0},"quantity":1,"terms":{"priceEach":37.29,"taxEach":{"amount":1.86},"discountEach":{"amount":0},"pvEach":23},"quantityLimit":{"quantityQuota":-1,"timeFrameDays":-1,"quantityOrdered":0}}]},"currency":"EUR"},{"lines":{"items":[{"item":{"href":"https://hydraqa.unicity.net/v5a-test/items/3f2d12d7a0e8551fc99fad3bbe1ba633","id":{"unicity":"26567"},"weightEach":{"value":173.46},"servingsPerContainer":60,"servingSize":0},"quantity":1,"terms":{"priceEach":55.98,"taxEach":{"amount":2.8},"discountEach":{"amount":0},"pvEach":26},"quantityLimit":{"quantityQuota":-1,"timeFrameDays":-1,"quantityOrdered":0}}]},"currency":"EUR"},{"lines":{"items":[{"item":{"href":"https://hydraqa.unicity.net/v5a-test/items/191637167cb3144bd2e8c4615e9ab67e","id":{"unicity":"26568"},"weightEach":{"value":198.24},"servingsPerContainer":60,"servingSize":0},"quantity":1,"terms":{"priceEach":55.98,"taxEach":{"amount":2.8},"discountEach":{"amount":0},"pvEach":26},"quantityLimit":{"quantityQuota":-1,"timeFrameDays":-1,"quantityOrdered":0}}]},"currency":"EUR"},{"lines":{"items":[{"item":{"href":"https://hydraqa.unicity.net/v5a-test/items/64ec7ad932acafab052a4e8800ad1238","id":{"unicity":"24758"},"weightEach":{"value":26.89},"servingsPerContainer":30,"servingSize":0},"quantity":1,"terms":{"priceEach":37.29,"taxEach":{"amount":1.86},"discountEach":{"amount":0},"pvEach":23},"quantityLimit":{"quantityQuota":-1,"timeFrameDays":-1,"quantityOrdered":0}}]},"currency":"EUR"},{"lines":{"items":[{"item":{"href":"https://hydraqa.unicity.net/v5a-test/items/606f7be753c74dfbfe4b107276775140","id":{"unicity":"29821"},"weightEach":{"value":133.5},"servingsPerContainer":30,"servingSize":0},"quantity":1,"terms":{"priceEach":79.35,"taxEach":{"amount":3.97},"discountEach":{"amount":0},"pvEach":59},"quantityLimit":{"quantityQuota":-1,"timeFrameDays":-1,"quantityOrdered":0}}]},"currency":"EUR"},{"lines":{"items":[{"item":{"href":"https://hydraqa.unicity.net/v5a-test/items/94939f9be900906d2b47260ccba22a7b","id":{"unicity":"32012"},"weightEach":{"value":420},"servingsPerContainer":20,"servingSize":0},"quantity":1,"terms":{"priceEach":13.93,"taxEach":{"amount":0.7},"discountEach":{"amount":0},"pvEach":6},"quantityLimit":{"quantityQuota":-1,"timeFrameDays":-1,"quantityOrdered":0}}]},"currency":"EUR"},{"lines":{"items":[{"item":{"href":"https://hydraqa.unicity.net/v5a-test/items/2c4c1abe00983e85aaa918d2ce341491","id":{"unicity":"17174"},"weightEach":{"value":49.72},"servingsPerContainer":100,"servingSize":0},"quantity":1,"terms":{"priceEach":37.29,"taxEach":{"amount":1.86},"discountEach":{"amount":0},"pvEach":23},"quantityLimit":{"quantityQuota":-1,"timeFrameDays":-1,"quantityOrdered":0}}]},"currency":"EUR"},{"lines":{"items":[{"item":{"href":"https://hydraqa.unicity.net/v5a-test/items/991cdbb84a495779eb209fb3956a77e4","id":{"unicity":"29183"},"weightEach":{"value":50},"servingsPerContainer":0,"servingSize":0},"quantity":1,"terms":{"priceEach":31.01,"taxEach":{"amount":4.96},"discountEach":{"amount":0},"pvEach":18},"quantityLimit":{"quantityQuota":-1,"timeFrameDays":-1,"quantityOrdered":0}}]},"currency":"EUR"},{"lines":{"items":[{"item":{"href":"https://hydraqa.unicity.net/v5a-test/items/0e78fbdfebef11cd62f8d2120064ee58","id":{"unicity":"30280"},"weightEach":{"value":30},"servingsPerContainer":0,"servingSize":0},"quantity":1,"terms":{"priceEach":33.53,"taxEach":{"amount":5.36},"discountEach":{"amount":0},"pvEach":20},"quantityLimit":{"quantityQuota":-1,"timeFrameDays":-1,"quantityOrdered":0}}]},"currency":"EUR"},{"lines":{"items":[{"item":{"href":"https://hydraqa.unicity.net/v5a-test/items/beb900429fbb160dbfc3001c14d96df4","id":{"unicity":"29187"},"weightEach":{"value":30},"servingsPerContainer":0,"servingSize":0},"quantity":1,"terms":{"priceEach":37.73,"taxEach":{"amount":6.04},"discountEach":{"amount":0},"pvEach":24},"quantityLimit":{"quantityQuota":-1,"timeFrameDays":-1,"quantityOrdered":0}}]},"currency":"EUR"},{"lines":{"items":[{"item":{"href":"https://hydraqa.unicity.net/v5a-test/items/1b0412bea8c0b841c66f65a36aa14108","id":{"unicity":"29191"},"weightEach":{"value":30},"servingsPerContainer":0,"servingSize":0},"quantity":1,"terms":{"priceEach":37.73,"taxEach":{"amount":6.04},"discountEach":{"amount":0},"pvEach":24},"quantityLimit":{"quantityQuota":-1,"timeFrameDays":-1,"quantityOrdered":0}}]},"currency":"EUR"},{"lines":{"items":[{"item":{"href":"https://hydraqa.unicity.net/v5a-test/items/52c87f74d3b41ed49b0f897b66c2a99b","id":{"unicity":"30684"},"weightEach":{"value":450},"servingsPerContainer":30,"servingSize":0},"quantity":1,"terms":{"priceEach":37.29,"taxEach":{"amount":1.86},"discountEach":{"amount":0},"pvEach":23},"quantityLimit":{"quantityQuota":-1,"timeFrameDays":-1,"quantityOrdered":0}}]},"currency":"EUR"},{"lines":{"items":[{"item":{"href":"https://hydraqa.unicity.net/v5a-test/items/90f38f77c9e6ea5a71aa7377df83760b","id":{"unicity":"30198"},"weightEach":{"value":0},"servingsPerContainer":0,"servingSize":0},"quantity":1,"terms":{"priceEach":19,"taxEach":{"amount":0.95},"discountEach":{"amount":0},"pvEach":16},"quantityLimit":{"quantityQuota":-1,"timeFrameDays":-1,"quantityOrdered":0}}]},"currency":"EUR"},{"lines":{"items":[{"item":{"href":"https://hydraqa.unicity.net/v5a-test/items/7e5e7df32701fd44947c8146f2129f7a","id":{"unicity":"31672"},"weightEach":{"value":270},"servingsPerContainer":15,"servingSize":0},"quantity":1,"terms":{"priceEach":74.67,"taxEach":{"amount":3.73},"discountEach":{"amount":0},"pvEach":54},"quantityLimit":{"quantityQuota":-1,"timeFrameDays":-1,"quantityOrdered":0}}]},"currency":"EUR"},{"lines":{"items":[{"item":{"href":"https://hydraqa.unicity.net/v5a-test/items/493c2ba720f847422eccc5da35024f33","id":{"unicity":"31534"},"weightEach":{"value":95},"servingsPerContainer":60,"servingSize":0},"quantity":1,"terms":{"priceEach":26.07,"taxEach":{"amount":1.3},"discountEach":{"amount":0},"pvEach":16},"quantityLimit":{"quantityQuota":-1,"timeFrameDays":-1,"quantityOrdered":0}}]},"currency":"EUR"},{"lines":{"items":[{"item":{"href":"https://hydraqa.unicity.net/v5a-test/items/bfddb53fe0d5ed5432c531dc9850cbe4","id":{"unicity":"29449"},"weightEach":{"value":60},"servingsPerContainer":30,"servingSize":0},"quantity":1,"terms":{"priceEach":26.07,"taxEach":{"amount":1.3},"discountEach":{"amount":0},"pvEach":16},"quantityLimit":{"quantityQuota":-1,"timeFrameDays":-1,"quantityOrdered":0}}]},"currency":"EUR"},{"lines":{"items":[{"item":{"href":"https://hydraqa.unicity.net/v5a-test/items/217ca02fbd24e21ca5281412756238ab","id":{"unicity":"32126"},"weightEach":{"value":0},"servingsPerContainer":0,"servingSize":0},"quantity":1,"terms":{"priceEach":152.24,"taxEach":{"amount":8.53},"discountEach":{"amount":0},"pvEach":101},"quantityLimit":{"quantityQuota":-1,"timeFrameDays":-1,"quantityOrdered":0}}]},"currency":"EUR"},{"lines":{"items":[{"item":{"href":"https://hydraqa.unicity.net/v5a-test/items/fbb6dbd577adb73abaec364076fb288f","id":{"unicity":"32087"},"weightEach":{"value":600},"servingsPerContainer":10,"servingSize":0},"quantity":1,"terms":{"priceEach":20.47,"taxEach":{"amount":1.02},"discountEach":{"amount":0},"pvEach":9},"quantityLimit":{"quantityQuota":-1,"timeFrameDays":-1,"quantityOrdered":0}}]},"currency":"EUR"},{"lines":{"items":[{"item":{"href":"https://hydraqa.unicity.net/v5a-test/items/1f59b10f0bef99fa20e4b9b0b4efea88","id":{"unicity":"32333"},"weightEach":{"value":0},"servingsPerContainer":0,"servingSize":0},"quantity":1,"terms":{"priceEach":9.16,"taxEach":{"amount":1.47},"discountEach":{"amount":0},"pvEach":0},"quantityLimit":{"quantityQuota":-1,"timeFrameDays":-1,"quantityOrdered":0}}]},"currency":"EUR"},{"lines":{"items":[{"item":{"href":"https://hydraqa.unicity.net/v5a-test/items/592aef9ec417f4553dc0b62a91a1f5e0","id":{"unicity":"32330"},"weightEach":{"value":0},"servingsPerContainer":0,"servingSize":0},"quantity":1,"terms":{"priceEach":93.36,"taxEach":{"amount":4.67},"discountEach":{"amount":0},"pvEach":55},"quantityLimit":{"quantityQuota":-1,"timeFrameDays":-1,"quantityOrdered":0}}]},"currency":"EUR"},{"lines":{"items":[{"item":{"href":"https://hydraqa.unicity.net/v5a-test/items/87dd58dff9eb54a10b652443e7279a1e","id":{"unicity":"32693"},"weightEach":{"value":0},"servingsPerContainer":0,"servingSize":0},"quantity":1,"terms":{"priceEach":79.35,"taxEach":{"amount":3.97},"discountEach":{"amount":0},"pvEach":59},"quantityLimit":{"quantityQuota":-1,"timeFrameDays":-1,"quantityOrdered":0}}]},"currency":"EUR"},{"lines":{"items":[{"item":{"href":"https://hydraqa.unicity.net/v5a-test/items/1bd53de7fe880ba71f46c9976ca2c137","id":{"unicity":"27739"},"weightEach":{"value":0},"servingsPerContainer":0,"servingSize":0},"quantity":1,"terms":{"priceEach":37.29,"taxEach":{"amount":1.86},"discountEach":{"amount":0},"pvEach":23},"quantityLimit":{"quantityQuota":-1,"timeFrameDays":-1,"quantityOrdered":0}}]},"currency":"EUR"}]}
Entry request : {"order":{"customer":{"href":"https://hydraqa.unicity.net/v5a-test/customers?type=Associate"},"shipToAddress":{"country":"DE"}},"vary":{"lines":{"items":[{"item":{"href":"https://hydraqa.unicity.net/v5a-test/items?id.unicity=31951|31952|32136|32699|33092|33094|33093|18511|26422|27156|27158|27160|27166|27617|27660|27585|27587|28601|28604|29838|31402|31772|31777|31780|31781|31782|31779|31932|31778|32556|22605|29317|27700|29832|29833|33097|33095|33098|33096|20750|23990|24274|24418|26442|27150|27163|27575|27395|15880|26560|29017|26567|26568|24758|29821|32012|17174|29183|30280|29187|29191|30684|30198|31450|31672|31534|29449|32126|32087|32333|32330|32693|27739"}}]}}}
Total Pv Greater then 500 - 600
[https://hydraqa.unicity.net/v5a-test/items?id.unicity=29838, https://hydraqa.unicity.net/v5a-test/items?id.unicity=32943, https://hydraqa.unicity.net/v5a-test/items?id.unicity=33095]
Request URL: https://hydraqa.unicity.net/v5a-test/customers.js?callback=angular.callbacks._1&expand=customer,profilePicture&id.unicity=2
Request URL: https://hydraqa.unicity.net/v5a-test/customers.js?_httpMethod=HEAD&callback=angular.callbacks._7&email=BVKPKG@gmail.com
Request URL: https://hydraqa.unicity.net/v5a-test/shippingmethods.js?callback=angular.callbacks._a&destination=DE&market=DE
]]></system-out>
    <system-err><![CDATA[Starting ChromeDriver 2.36.540470 (e522d04694c7ebea4ba8821272dbef4f9b818c91) on port 11879
Only local connections are allowed.
Oct 18, 2020 10:44:01 AM org.openqa.selenium.remote.ProtocolHandshake createSession
INFO: Detected dialect: OSS
]]></system-err>
  </testcase>
  <testcase name="Enroll" classname="Tests.FranchisePartner" time="242.486">
    <failure message="Major Packs expected [[https://hydraqa.unicity.net/v5a-test/items?id.unicity=29317, https://hydraqa.unicity.net/v5a-test/items?id.unicity=29838, https://hydraqa.unicity.net/v5a-test/items?id.unicity=33096]] but found [[https://hydraqa.unicity.net/v5a-test/items?id.unicity=29838, https://hydraqa.unicity.net/v5a-test/items?id.unicity=33096]]" type="java.lang.AssertionError">java.lang.AssertionError: Major Packs expected [[https://hydraqa.unicity.net/v5a-test/items?id.unicity=29317, https://hydraqa.unicity.net/v5a-test/items?id.unicity=29838, https://hydraqa.unicity.net/v5a-test/items?id.unicity=33096]] but found [[https://hydraqa.unicity.net/v5a-test/items?id.unicity=29838, https://hydraqa.unicity.net/v5a-test/items?id.unicity=33096]]
	at Tests.FranchisePartner.Enroll(FranchisePartner.java:252)
</failure>
    <system-out><![CDATA[Request URL: https://hydraqa.unicity.net/v5a-test/quotes?&expand=item
Entry Quotes response : {"items":[{"lines":{"items":[{"item":{"href":"https://hydraqa.unicity.net/v5a-test/items/d8736cc35cf9f4734fd76da71c53dc05","id":{"unicity":"32136"},"weightEach":{"value":0},"servingsPerContainer":0,"servingSize":0},"quantity":1,"terms":{"priceEach":142.08,"taxEach":{"amount":7.1},"discountEach":{"amount":0},"pvEach":102},"quantityLimit":{"quantityQuota":-1,"timeFrameDays":-1,"quantityOrdered":0}}]},"currency":"EUR"},{"lines":{"items":[{"item":{"href":"https://hydraqa.unicity.net/v5a-test/items/def68d31fb89b7c22a71f384e32f03d7","id":{"unicity":"32699"},"weightEach":{"value":0},"servingsPerContainer":0,"servingSize":0},"quantity":1,"terms":{"priceEach":284.14,"taxEach":{"amount":14.21},"discountEach":{"amount":0},"pvEach":200},"quantityLimit":{"quantityQuota":-1,"timeFrameDays":-1,"quantityOrdered":0}}]},"currency":"EUR"},{"lines":{"items":[{"item":{"href":"https://hydraqa.unicity.net/v5a-test/items/b23be76d5816f93f8e9b7ab0665d5021","id":{"unicity":"33092"},"weightEach":{"value":0},"servingsPerContainer":0,"servingSize":0},"quantity":1,"terms":{"priceEach":149.34,"taxEach":{"amount":7.47},"discountEach":{"amount":0},"pvEach":108},"quantityLimit":{"quantityQuota":-1,"timeFrameDays":-1,"quantityOrdered":0}}]},"currency":"EUR"},{"lines":{"items":[{"item":{"href":"https://hydraqa.unicity.net/v5a-test/items/bbe21adcac1fcadfcf1a1ebb99ec5de9","id":{"unicity":"33094"},"weightEach":{"value":0},"servingsPerContainer":0,"servingSize":0},"quantity":1,"terms":{"priceEach":172.71,"taxEach":{"amount":8.64},"discountEach":{"amount":0},"pvEach":114},"quantityLimit":{"quantityQuota":-1,"timeFrameDays":-1,"quantityOrdered":0}}]},"currency":"EUR"},{"lines":{"items":[{"item":{"href":"https://hydraqa.unicity.net/v5a-test/items/287b72c2933e3afabdea942bd11bfab9","id":{"unicity":"33093"},"weightEach":{"value":0},"servingsPerContainer":0,"servingSize":0},"quantity":1,"terms":{"priceEach":162.54,"taxEach":{"amount":8.13},"discountEach":{"amount":0},"pvEach":105},"quantityLimit":{"quantityQuota":-1,"timeFrameDays":-1,"quantityOrdered":0}}]},"currency":"EUR"},{"lines":{"items":[{"item":{"href":"https://hydraqa.unicity.net/v5a-test/items/c451532f63a06f0e9a054e946a1a1c3b","id":{"unicity":"18511"},"weightEach":{"value":50},"servingsPerContainer":30,"servingSize":0},"quantity":1,"terms":{"priceEach":37.29,"taxEach":{"amount":1.86},"discountEach":{"amount":0},"pvEach":23},"quantityLimit":{"quantityQuota":-1,"timeFrameDays":-1,"quantityOrdered":0}}]},"currency":"EUR"},{"lines":{"items":[{"item":{"href":"https://hydraqa.unicity.net/v5a-test/items/4e49c95f12ae7be78e5ffab68b8b3ca6","id":{"unicity":"26422"},"weightEach":{"value":92},"servingsPerContainer":30,"servingSize":0},"quantity":1,"terms":{"priceEach":19,"taxEach":{"amount":0.95},"discountEach":{"amount":0},"pvEach":16},"quantityLimit":{"quantityQuota":-1,"timeFrameDays":-1,"quantityOrdered":0}}]},"currency":"EUR"},{"lines":{"items":[{"item":{"href":"https://hydraqa.unicity.net/v5a-test/items/50e73ecfa509ac20c4a250f9cb32fdfc","id":{"unicity":"27156"},"weightEach":{"value":31},"servingsPerContainer":50,"servingSize":0},"quantity":1,"terms":{"priceEach":20.47,"taxEach":{"amount":1.02},"discountEach":{"amount":0},"pvEach":13},"quantityLimit":{"quantityQuota":-1,"timeFrameDays":-1,"quantityOrdered":0}}]},"currency":"EUR"},{"lines":{"items":[{"item":{"href":"https://hydraqa.unicity.net/v5a-test/items/d92292ba2f23c030e4a1f63eb3ebe1ce","id":{"unicity":"27158"},"weightEach":{"value":454},"servingsPerContainer":45,"servingSize":0},"quantity":1,"terms":{"priceEach":27.94,"taxEach":{"amount":1.4},"discountEach":{"amount":0},"pvEach":23},"quantityLimit":{"quantityQuota":-1,"timeFrameDays":-1,"quantityOrdered":0}}]},"currency":"EUR"},{"lines":{"items":[{"item":{"href":"https://hydraqa.unicity.net/v5a-test/items/0d3b8d4f7c4d4082db1b4ecffb6693fb","id":{"unicity":"27160"},"weightEach":{"value":435},"servingsPerContainer":60,"servingSize":0},"quantity":1,"terms":{"priceEach":74.67,"taxEach":{"amount":3.73},"discountEach":{"amount":0},"pvEach":53},"quantityLimit":{"quantityQuota":-1,"timeFrameDays":-1,"quantityOrdered":0}}]},"currency":"EUR"},{"lines":{"items":[{"item":{"href":"https://hydraqa.unicity.net/v5a-test/items/ac37bf51ff7e4fe860da8457f6ce0425","id":{"unicity":"27166"},"weightEach":{"value":270},"servingsPerContainer":30,"servingSize":0},"quantity":1,"terms":{"priceEach":74.67,"taxEach":{"amount":3.73},"discountEach":{"amount":0},"pvEach":54},"quantityLimit":{"quantityQuota":-1,"timeFrameDays":-1,"quantityOrdered":0}}]},"currency":"EUR"},{"lines":{"items":[{"item":{"href":"https://hydraqa.unicity.net/v5a-test/items/a7bda1cb4a35343e52791aba56debc4a","id":{"unicity":"27617"},"weightEach":{"value":22.62},"servingsPerContainer":30,"servingSize":0},"quantity":1,"terms":{"priceEach":29.81,"taxEach":{"amount":1.49},"discountEach":{"amount":0},"pvEach":18},"quantityLimit":{"quantityQuota":-1,"timeFrameDays":-1,"quantityOrdered":0}}]},"currency":"EUR"},{"lines":{"items":[{"item":{"href":"https://hydraqa.unicity.net/v5a-test/items/a36d9fdd0fd7561e6180fb5b2ff27164","id":{"unicity":"27660"},"weightEach":{"value":129},"servingsPerContainer":15,"servingSize":0},"quantity":1,"terms":{"priceEach":40.09,"taxEach":{"amount":2},"discountEach":{"amount":0},"pvEach":25},"quantityLimit":{"quantityQuota":-1,"timeFrameDays":-1,"quantityOrdered":0}}]},"currency":"EUR"},{"lines":{"items":[{"item":{"href":"https://hydraqa.unicity.net/v5a-test/items/9a6e1d094182389c3da8e0a320ff0e00","id":{"unicity":"27585"},"weightEach":{"value":0},"servingsPerContainer":0,"servingSize":0},"quantity":1,"terms":{"priceEach":61.81,"taxEach":{"amount":3.09},"discountEach":{"amount":0},"pvEach":36},"quantityLimit":{"quantityQuota":-1,"timeFrameDays":-1,"quantityOrdered":0}}]},"currency":"EUR"},{"lines":{"items":[{"item":{"href":"https://hydraqa.unicity.net/v5a-test/items/112b8c39286598b3730f630f371a45f4","id":{"unicity":"27587"},"weightEach":{"value":690},"servingsPerContainer":30,"servingSize":0},"quantity":1,"terms":{"priceEach":55.98,"taxEach":{"amount":2.8},"discountEach":{"amount":0},"pvEach":34},"quantityLimit":{"quantityQuota":-1,"timeFrameDays":-1,"quantityOrdered":0}}]},"currency":"EUR"},{"lines":{"items":[{"item":{"href":"https://hydraqa.unicity.net/v5a-test/items/0c0717a26fcfe40310e906487e8a12f7","id":{"unicity":"28601"},"weightEach":{"value":270},"servingsPerContainer":30,"servingSize":0},"quantity":1,"terms":{"priceEach":74.67,"taxEach":{"amount":3.73},"discountEach":{"amount":0},"pvEach":54},"quantityLimit":{"quantityQuota":-1,"timeFrameDays":-1,"quantityOrdered":0}}]},"currency":"EUR"},{"lines":{"items":[{"item":{"href":"https://hydraqa.unicity.net/v5a-test/items/4790a55c442b5dc75a13b155e78c1842","id":{"unicity":"28604"},"weightEach":{"value":0},"servingsPerContainer":0,"servingSize":0},"quantity":1,"terms":{"priceEach":74.67,"taxEach":{"amount":3.73},"discountEach":{"amount":0},"pvEach":54},"quantityLimit":{"quantityQuota":-1,"timeFrameDays":-1,"quantityOrdered":0}}]},"currency":"EUR"},{"lines":{"items":[{"item":{"href":"https://hydraqa.unicity.net/v5a-test/items/11fac1643721516cbf646365d88b73cd","id":{"unicity":"29838"},"weightEach":{"value":0},"servingsPerContainer":0,"servingSize":0},"quantity":1,"terms":{"priceEach":112.36,"taxEach":{"amount":5.62},"discountEach":{"amount":0},"pvEach":86},"quantityLimit":{"quantityQuota":-1,"timeFrameDays":-1,"quantityOrdered":0}}]},"currency":"EUR"},{"lines":{"items":[{"item":{"href":"https://hydraqa.unicity.net/v5a-test/items/ab2a2b07b17718843a66bee04ff40624","id":{"unicity":"31402"},"weightEach":{"value":477},"servingsPerContainer":30,"servingSize":0},"quantity":1,"terms":{"priceEach":92.43,"taxEach":{"amount":4.62},"discountEach":{"amount":0},"pvEach":70},"quantityLimit":{"quantityQuota":-1,"timeFrameDays":-1,"quantityOrdered":0}}]},"currency":"EUR"},{"lines":{"items":[{"item":{"href":"https://hydraqa.unicity.net/v5a-test/items/db0a2b02eaabc5ad45fe91ba5c7bcf5a","id":{"unicity":"31772"},"weightEach":{"value":0},"servingsPerContainer":0,"servingSize":0},"quantity":1,"terms":{"priceEach":8.32,"taxEach":{"amount":1.33},"discountEach":{"amount":0},"pvEach":0},"quantityLimit":{"quantityQuota":-1,"timeFrameDays":-1,"quantityOrdered":0}}]},"currency":"EUR"},{"lines":{"items":[{"item":{"href":"https://hydraqa.unicity.net/v5a-test/items/34c8c6b0f454da738e64265f08c57a72","id":{"unicity":"31777"},"weightEach":{"value":100},"servingsPerContainer":0,"servingSize":0},"quantity":1,"terms":{"priceEach":6.22,"taxEach":{"amount":1},"discountEach":{"amount":0},"pvEach":3},"quantityLimit":{"quantityQuota":-1,"timeFrameDays":-1,"quantityOrdered":0}}]},"currency":"EUR"},{"lines":{"items":[{"item":{"href":"https://hydraqa.unicity.net/v5a-test/items/fc8583e3bf463b599fdcce05234bc137","id":{"unicity":"31780"},"weightEach":{"value":275},"servingsPerContainer":0,"servingSize":0},"quantity":1,"terms":{"priceEach":8.32,"taxEach":{"amount":1.33},"discountEach":{"amount":0},"pvEach":4},"quantityLimit":{"quantityQuota":-1,"timeFrameDays":-1,"quantityOrdered":0}}]},"currency":"EUR"},{"lines":{"items":[{"item":{"href":"https://hydraqa.unicity.net/v5a-test/items/7e80331c8c25f515174d3f894283a27c","id":{"unicity":"31781"},"weightEach":{"value":275},"servingsPerContainer":0,"servingSize":0},"quantity":1,"terms":{"priceEach":8.32,"taxEach":{"amount":1.33},"discountEach":{"amount":0},"pvEach":4},"quantityLimit":{"quantityQuota":-1,"timeFrameDays":-1,"quantityOrdered":0}}]},"currency":"EUR"},{"lines":{"items":[{"item":{"href":"https://hydraqa.unicity.net/v5a-test/items/8d3854b47de8e45d6fcdc194dffff601","id":{"unicity":"31782"},"weightEach":{"value":50},"servingsPerContainer":0,"servingSize":0},"quantity":1,"terms":{"priceEach":12.52,"taxEach":{"amount":2},"discountEach":{"amount":0},"pvEach":6},"quantityLimit":{"quantityQuota":-1,"timeFrameDays":-1,"quantityOrdered":0}}]},"currency":"EUR"},{"lines":{"items":[{"item":{"href":"https://hydraqa.unicity.net/v5a-test/items/04516be30bd9bf93e01536e7fc8f8716","id":{"unicity":"31779"},"weightEach":{"value":350},"servingsPerContainer":0,"servingSize":0},"quantity":1,"terms":{"priceEach":10,"taxEach":{"amount":1.6},"discountEach":{"amount":0},"pvEach":5},"quantityLimit":{"quantityQuota":-1,"timeFrameDays":-1,"quantityOrdered":0}}]},"currency":"EUR"},{"lines":{"items":[{"item":{"href":"https://hydraqa.unicity.net/v5a-test/items/d7e1dd4b19a8672aed99e591356c0d48","id":{"unicity":"31932"},"weightEach":{"value":180},"servingsPerContainer":0,"servingSize":0},"quantity":1,"terms":{"priceEach":6.22,"taxEach":{"amount":1},"discountEach":{"amount":0},"pvEach":3},"quantityLimit":{"quantityQuota":-1,"timeFrameDays":-1,"quantityOrdered":0}}]},"currency":"EUR"},{"lines":{"items":[{"item":{"href":"https://hydraqa.unicity.net/v5a-test/items/1aa00306dc0006d365acd7436548f2e6","id":{"unicity":"31778"},"weightEach":{"value":350},"servingsPerContainer":0,"servingSize":0},"quantity":1,"terms":{"priceEach":12.52,"taxEach":{"amount":2},"discountEach":{"amount":0},"pvEach":6},"quantityLimit":{"quantityQuota":-1,"timeFrameDays":-1,"quantityOrdered":0}}]},"currency":"EUR"},{"lines":{"items":[{"item":{"href":"https://hydraqa.unicity.net/v5a-test/items/4fc6de0cb7817f39a836ff08609b8539","id":{"unicity":"32556"},"weightEach":{"value":0},"servingsPerContainer":0,"servingSize":0},"quantity":1,"terms":{"priceEach":2.44,"taxEach":{"amount":0.39},"discountEach":{"amount":0},"pvEach":0},"quantityLimit":{"quantityQuota":-1,"timeFrameDays":-1,"quantityOrdered":0}}]},"currency":"EUR"},{"lines":{"items":[{"item":{"href":"https://hydraqa.unicity.net/v5a-test/items/a85cc4a606716ce7b10b8bd76dca368f","id":{"unicity":"22605"},"weightEach":{"value":0},"servingsPerContainer":0,"servingSize":0},"quantity":1,"terms":{"priceEach":25.21,"taxEach":{"amount":4.03},"discountEach":{"amount":0},"pvEach":0},"quantityLimit":{"quantityQuota":-1,"timeFrameDays":-1,"quantityOrdered":0}}]},"currency":"EUR"},{"lines":{"items":[{"item":{"href":"https://hydraqa.unicity.net/v5a-test/items/2262fdd5af916c31df08089c191735c1","id":{"unicity":"29317"},"weightEach":{"value":0},"servingsPerContainer":0,"servingSize":0},"quantity":1,"terms":{"priceEach":25.21,"taxEach":{"amount":4.03},"discountEach":{"amount":0},"pvEach":0},"quantityLimit":{"quantityQuota":-1,"timeFrameDays":-1,"quantityOrdered":0}}]},"currency":"EUR"},{"lines":{"items":[{"item":{"href":"https://hydraqa.unicity.net/v5a-test/items/2f1d0aa90494ae2e08035922c701f968","id":{"unicity":"29832"},"weightEach":{"value":0},"servingsPerContainer":0,"servingSize":0},"quantity":1,"terms":{"priceEach":47.57,"taxEach":{"amount":2.38},"discountEach":{"amount":0},"pvEach":39},"quantityLimit":{"quantityQuota":-1,"timeFrameDays":-1,"quantityOrdered":0}}]},"currency":"EUR"},{"lines":{"items":[{"item":{"href":"https://hydraqa.unicity.net/v5a-test/items/10df0fc3509b53cbeaeb9476ca92d520","id":{"unicity":"29833"},"weightEach":{"value":0},"servingsPerContainer":0,"servingSize":0},"quantity":1,"terms":{"priceEach":90.56,"taxEach":{"amount":4.53},"discountEach":{"amount":0},"pvEach":69},"quantityLimit":{"quantityQuota":-1,"timeFrameDays":-1,"quantityOrdered":0}}]},"currency":"EUR"},{"lines":{"items":[{"item":{"href":"https://hydraqa.unicity.net/v5a-test/items/2faa0a2bcdeed39b7569e085fe880a23","id":{"unicity":"33097"},"weightEach":{"value":0},"servingsPerContainer":0,"servingSize":0},"quantity":1,"terms":{"priceEach":703.21,"taxEach":{"amount":35.16},"discountEach":{"amount":0},"pvEach":500},"quantityLimit":{"quantityQuota":-1,"timeFrameDays":-1,"quantityOrdered":0}}]},"currency":"EUR"},{"lines":{"items":[{"item":{"href":"https://hydraqa.unicity.net/v5a-test/items/3196d0b751f9119076e364a1cb03fa18","id":{"unicity":"33095"},"weightEach":{"value":0},"servingsPerContainer":0,"servingSize":0},"quantity":1,"terms":{"priceEach":740.99,"taxEach":{"amount":37.05},"discountEach":{"amount":0},"pvEach":514},"quantityLimit":{"quantityQuota":-1,"timeFrameDays":-1,"quantityOrdered":0}}]},"currency":"EUR"},{"lines":{"items":[{"item":{"href":"https://hydraqa.unicity.net/v5a-test/items/9c43de3dc98337bf964013caa56e3e98","id":{"unicity":"33098"},"weightEach":{"value":0},"servingsPerContainer":0,"servingSize":0},"quantity":1,"terms":{"priceEach":1406.42,"taxEach":{"amount":70.32},"discountEach":{"amount":0},"pvEach":1000},"quantityLimit":{"quantityQuota":-1,"timeFrameDays":-1,"quantityOrdered":0}}]},"currency":"EUR"},{"lines":{"items":[{"item":{"href":"https://hydraqa.unicity.net/v5a-test/items/bdcb8e96238e2243278e5627f9a5f893","id":{"unicity":"33096"},"weightEach":{"value":0},"servingsPerContainer":0,"servingSize":0},"quantity":1,"terms":{"priceEach":1481.98,"taxEach":{"amount":74.1},"discountEach":{"amount":0},"pvEach":1028},"quantityLimit":{"quantityQuota":-1,"timeFrameDays":-1,"quantityOrdered":0}}]},"currency":"EUR"},{"lines":{"items":[{"item":{"href":"https://hydraqa.unicity.net/v5a-test/items/575aaea25d47c468067933d592cc36ef","id":{"unicity":"23990"},"weightEach":{"value":0},"servingsPerContainer":0,"servingSize":0},"quantity":1,"terms":{"priceEach":3.5,"taxEach":{"amount":0.56},"discountEach":{"amount":0},"pvEach":0},"quantityLimit":{"quantityQuota":-1,"timeFrameDays":-1,"quantityOrdered":0}}]},"currency":"EUR"},{"lines":{"items":[{"item":{"href":"https://hydraqa.unicity.net/v5a-test/items/332daeac6796ed016ea8b7d0bc42c2d4","id":{"unicity":"24274"},"weightEach":{"value":0},"servingsPerContainer":0,"servingSize":0},"quantity":1,"terms":{"priceEach":7.48,"taxEach":{"amount":1.2},"discountEach":{"amount":0},"pvEach":0},"quantityLimit":{"quantityQuota":-1,"timeFrameDays":-1,"quantityOrdered":0}}]},"currency":"EUR"},{"lines":{"items":[{"item":{"href":"https://hydraqa.unicity.net/v5a-test/items/1945faa1776541d53120ecfe3c1d8a2b","id":{"unicity":"24418"},"weightEach":{"value":0},"servingsPerContainer":0,"servingSize":0},"quantity":1,"terms":{"priceEach":4.96,"taxEach":{"amount":0.79},"discountEach":{"amount":0},"pvEach":0},"quantityLimit":{"quantityQuota":-1,"timeFrameDays":-1,"quantityOrdered":0}}]},"currency":"EUR"},{"lines":{"items":[{"item":{"href":"https://hydraqa.unicity.net/v5a-test/items/10da226fab00279b4f89df10af2a10b7","id":{"unicity":"26442"},"weightEach":{"value":0},"servingsPerContainer":0,"servingSize":0},"quantity":1,"terms":{"priceEach":5.8,"taxEach":{"amount":0.93},"discountEach":{"amount":0},"pvEach":0},"quantityLimit":{"quantityQuota":-1,"timeFrameDays":-1,"quantityOrdered":0}}]},"currency":"EUR"},{"lines":{"items":[{"item":{"href":"https://hydraqa.unicity.net/v5a-test/items/5147f8cfe32548e02fc158d4da9c4d6f","id":{"unicity":"27150"},"weightEach":{"value":0},"servingsPerContainer":0,"servingSize":0},"quantity":1,"terms":{"priceEach":93.36,"taxEach":{"amount":4.67},"discountEach":{"amount":0},"pvEach":70},"quantityLimit":{"quantityQuota":-1,"timeFrameDays":-1,"quantityOrdered":0}}]},"currency":"EUR"},{"lines":{"items":[{"item":{"href":"https://hydraqa.unicity.net/v5a-test/items/03eba2365025ccd85818846a83a16f47","id":{"unicity":"27163"},"weightEach":{"value":258},"servingsPerContainer":30,"servingSize":0},"quantity":1,"terms":{"priceEach":74.67,"taxEach":{"amount":3.73},"discountEach":{"amount":0},"pvEach":54},"quantityLimit":{"quantityQuota":-1,"timeFrameDays":-1,"quantityOrdered":0}}]},"currency":"EUR"},{"lines":{"items":[{"item":{"href":"https://hydraqa.unicity.net/v5a-test/items/7d4ad2792f7056e5f81eb24f118ef737","id":{"unicity":"27575"},"weightEach":{"value":1104},"servingsPerContainer":30,"servingSize":0},"quantity":1,"terms":{"priceEach":55.98,"taxEach":{"amount":2.8},"discountEach":{"amount":0},"pvEach":34},"quantityLimit":{"quantityQuota":-1,"timeFrameDays":-1,"quantityOrdered":0}}]},"currency":"EUR"},{"lines":{"items":[{"item":{"href":"https://hydraqa.unicity.net/v5a-test/items/024e696f8b44a1d315006e676604cd31","id":{"unicity":"27395"},"weightEach":{"value":210},"servingsPerContainer":30,"servingSize":0},"quantity":1,"terms":{"priceEach":29.81,"taxEach":{"amount":1.49},"discountEach":{"amount":0},"pvEach":18},"quantityLimit":{"quantityQuota":-1,"timeFrameDays":-1,"quantityOrdered":0}}]},"currency":"EUR"},{"lines":{"items":[{"item":{"href":"https://hydraqa.unicity.net/v5a-test/items/4b2034f47fce90b87bba28c5c2d7c25d","id":{"unicity":"15880"},"weightEach":{"value":51.5},"servingsPerContainer":90,"servingSize":0},"quantity":1,"terms":{"priceEach":51.31,"taxEach":{"amount":2.57},"discountEach":{"amount":0},"pvEach":33},"quantityLimit":{"quantityQuota":-1,"timeFrameDays":-1,"quantityOrdered":0}}]},"currency":"EUR"},{"lines":{"items":[{"item":{"href":"https://hydraqa.unicity.net/v5a-test/items/398d06b858b960f6f38086d40608aef2","id":{"unicity":"26560"},"weightEach":{"value":60},"servingsPerContainer":30,"servingSize":0},"quantity":1,"terms":{"priceEach":20.47,"taxEach":{"amount":1.02},"discountEach":{"amount":0},"pvEach":13},"quantityLimit":{"quantityQuota":-1,"timeFrameDays":-1,"quantityOrdered":0}}]},"currency":"EUR"},{"lines":{"items":[{"item":{"href":"https://hydraqa.unicity.net/v5a-test/items/e218d1cac5f31e7ae4f5876c29c57377","id":{"unicity":"29017"},"weightEach":{"value":52.8},"servingsPerContainer":60,"servingSize":0},"quantity":1,"terms":{"priceEach":37.29,"taxEach":{"amount":1.86},"discountEach":{"amount":0},"pvEach":23},"quantityLimit":{"quantityQuota":-1,"timeFrameDays":-1,"quantityOrdered":0}}]},"currency":"EUR"},{"lines":{"items":[{"item":{"href":"https://hydraqa.unicity.net/v5a-test/items/3f2d12d7a0e8551fc99fad3bbe1ba633","id":{"unicity":"26567"},"weightEach":{"value":173.46},"servingsPerContainer":60,"servingSize":0},"quantity":1,"terms":{"priceEach":55.98,"taxEach":{"amount":2.8},"discountEach":{"amount":0},"pvEach":26},"quantityLimit":{"quantityQuota":-1,"timeFrameDays":-1,"quantityOrdered":0}}]},"currency":"EUR"},{"lines":{"items":[{"item":{"href":"https://hydraqa.unicity.net/v5a-test/items/191637167cb3144bd2e8c4615e9ab67e","id":{"unicity":"26568"},"weightEach":{"value":198.24},"servingsPerContainer":60,"servingSize":0},"quantity":1,"terms":{"priceEach":55.98,"taxEach":{"amount":2.8},"discountEach":{"amount":0},"pvEach":26},"quantityLimit":{"quantityQuota":-1,"timeFrameDays":-1,"quantityOrdered":0}}]},"currency":"EUR"},{"lines":{"items":[{"item":{"href":"https://hydraqa.unicity.net/v5a-test/items/64ec7ad932acafab052a4e8800ad1238","id":{"unicity":"24758"},"weightEach":{"value":26.89},"servingsPerContainer":30,"servingSize":0},"quantity":1,"terms":{"priceEach":37.29,"taxEach":{"amount":1.86},"discountEach":{"amount":0},"pvEach":23},"quantityLimit":{"quantityQuota":-1,"timeFrameDays":-1,"quantityOrdered":0}}]},"currency":"EUR"},{"lines":{"items":[{"item":{"href":"https://hydraqa.unicity.net/v5a-test/items/606f7be753c74dfbfe4b107276775140","id":{"unicity":"29821"},"weightEach":{"value":133.5},"servingsPerContainer":30,"servingSize":0},"quantity":1,"terms":{"priceEach":79.35,"taxEach":{"amount":3.97},"discountEach":{"amount":0},"pvEach":59},"quantityLimit":{"quantityQuota":-1,"timeFrameDays":-1,"quantityOrdered":0}}]},"currency":"EUR"},{"lines":{"items":[{"item":{"href":"https://hydraqa.unicity.net/v5a-test/items/94939f9be900906d2b47260ccba22a7b","id":{"unicity":"32012"},"weightEach":{"value":420},"servingsPerContainer":20,"servingSize":0},"quantity":1,"terms":{"priceEach":13.93,"taxEach":{"amount":0.7},"discountEach":{"amount":0},"pvEach":6},"quantityLimit":{"quantityQuota":-1,"timeFrameDays":-1,"quantityOrdered":0}}]},"currency":"EUR"},{"lines":{"items":[{"item":{"href":"https://hydraqa.unicity.net/v5a-test/items/2c4c1abe00983e85aaa918d2ce341491","id":{"unicity":"17174"},"weightEach":{"value":49.72},"servingsPerContainer":100,"servingSize":0},"quantity":1,"terms":{"priceEach":37.29,"taxEach":{"amount":1.86},"discountEach":{"amount":0},"pvEach":23},"quantityLimit":{"quantityQuota":-1,"timeFrameDays":-1,"quantityOrdered":0}}]},"currency":"EUR"},{"lines":{"items":[{"item":{"href":"https://hydraqa.unicity.net/v5a-test/items/991cdbb84a495779eb209fb3956a77e4","id":{"unicity":"29183"},"weightEach":{"value":50},"servingsPerContainer":0,"servingSize":0},"quantity":1,"terms":{"priceEach":31.01,"taxEach":{"amount":4.96},"discountEach":{"amount":0},"pvEach":18},"quantityLimit":{"quantityQuota":-1,"timeFrameDays":-1,"quantityOrdered":0}}]},"currency":"EUR"},{"lines":{"items":[{"item":{"href":"https://hydraqa.unicity.net/v5a-test/items/0e78fbdfebef11cd62f8d2120064ee58","id":{"unicity":"30280"},"weightEach":{"value":30},"servingsPerContainer":0,"servingSize":0},"quantity":1,"terms":{"priceEach":33.53,"taxEach":{"amount":5.36},"discountEach":{"amount":0},"pvEach":20},"quantityLimit":{"quantityQuota":-1,"timeFrameDays":-1,"quantityOrdered":0}}]},"currency":"EUR"},{"lines":{"items":[{"item":{"href":"https://hydraqa.unicity.net/v5a-test/items/beb900429fbb160dbfc3001c14d96df4","id":{"unicity":"29187"},"weightEach":{"value":30},"servingsPerContainer":0,"servingSize":0},"quantity":1,"terms":{"priceEach":37.73,"taxEach":{"amount":6.04},"discountEach":{"amount":0},"pvEach":24},"quantityLimit":{"quantityQuota":-1,"timeFrameDays":-1,"quantityOrdered":0}}]},"currency":"EUR"},{"lines":{"items":[{"item":{"href":"https://hydraqa.unicity.net/v5a-test/items/1b0412bea8c0b841c66f65a36aa14108","id":{"unicity":"29191"},"weightEach":{"value":30},"servingsPerContainer":0,"servingSize":0},"quantity":1,"terms":{"priceEach":37.73,"taxEach":{"amount":6.04},"discountEach":{"amount":0},"pvEach":24},"quantityLimit":{"quantityQuota":-1,"timeFrameDays":-1,"quantityOrdered":0}}]},"currency":"EUR"},{"lines":{"items":[{"item":{"href":"https://hydraqa.unicity.net/v5a-test/items/52c87f74d3b41ed49b0f897b66c2a99b","id":{"unicity":"30684"},"weightEach":{"value":450},"servingsPerContainer":30,"servingSize":0},"quantity":1,"terms":{"priceEach":37.29,"taxEach":{"amount":1.86},"discountEach":{"amount":0},"pvEach":23},"quantityLimit":{"quantityQuota":-1,"timeFrameDays":-1,"quantityOrdered":0}}]},"currency":"EUR"},{"lines":{"items":[{"item":{"href":"https://hydraqa.unicity.net/v5a-test/items/90f38f77c9e6ea5a71aa7377df83760b","id":{"unicity":"30198"},"weightEach":{"value":0},"servingsPerContainer":0,"servingSize":0},"quantity":1,"terms":{"priceEach":19,"taxEach":{"amount":0.95},"discountEach":{"amount":0},"pvEach":16},"quantityLimit":{"quantityQuota":-1,"timeFrameDays":-1,"quantityOrdered":0}}]},"currency":"EUR"},{"lines":{"items":[{"item":{"href":"https://hydraqa.unicity.net/v5a-test/items/7e5e7df32701fd44947c8146f2129f7a","id":{"unicity":"31672"},"weightEach":{"value":270},"servingsPerContainer":15,"servingSize":0},"quantity":1,"terms":{"priceEach":74.67,"taxEach":{"amount":3.73},"discountEach":{"amount":0},"pvEach":54},"quantityLimit":{"quantityQuota":-1,"timeFrameDays":-1,"quantityOrdered":0}}]},"currency":"EUR"},{"lines":{"items":[{"item":{"href":"https://hydraqa.unicity.net/v5a-test/items/493c2ba720f847422eccc5da35024f33","id":{"unicity":"31534"},"weightEach":{"value":95},"servingsPerContainer":60,"servingSize":0},"quantity":1,"terms":{"priceEach":26.07,"taxEach":{"amount":1.3},"discountEach":{"amount":0},"pvEach":16},"quantityLimit":{"quantityQuota":-1,"timeFrameDays":-1,"quantityOrdered":0}}]},"currency":"EUR"},{"lines":{"items":[{"item":{"href":"https://hydraqa.unicity.net/v5a-test/items/bfddb53fe0d5ed5432c531dc9850cbe4","id":{"unicity":"29449"},"weightEach":{"value":60},"servingsPerContainer":30,"servingSize":0},"quantity":1,"terms":{"priceEach":26.07,"taxEach":{"amount":1.3},"discountEach":{"amount":0},"pvEach":16},"quantityLimit":{"quantityQuota":-1,"timeFrameDays":-1,"quantityOrdered":0}}]},"currency":"EUR"},{"lines":{"items":[{"item":{"href":"https://hydraqa.unicity.net/v5a-test/items/217ca02fbd24e21ca5281412756238ab","id":{"unicity":"32126"},"weightEach":{"value":0},"servingsPerContainer":0,"servingSize":0},"quantity":1,"terms":{"priceEach":152.24,"taxEach":{"amount":8.53},"discountEach":{"amount":0},"pvEach":101},"quantityLimit":{"quantityQuota":-1,"timeFrameDays":-1,"quantityOrdered":0}}]},"currency":"EUR"},{"lines":{"items":[{"item":{"href":"https://hydraqa.unicity.net/v5a-test/items/fbb6dbd577adb73abaec364076fb288f","id":{"unicity":"32087"},"weightEach":{"value":600},"servingsPerContainer":10,"servingSize":0},"quantity":1,"terms":{"priceEach":20.47,"taxEach":{"amount":1.02},"discountEach":{"amount":0},"pvEach":9},"quantityLimit":{"quantityQuota":-1,"timeFrameDays":-1,"quantityOrdered":0}}]},"currency":"EUR"},{"lines":{"items":[{"item":{"href":"https://hydraqa.unicity.net/v5a-test/items/1f59b10f0bef99fa20e4b9b0b4efea88","id":{"unicity":"32333"},"weightEach":{"value":0},"servingsPerContainer":0,"servingSize":0},"quantity":1,"terms":{"priceEach":9.16,"taxEach":{"amount":1.47},"discountEach":{"amount":0},"pvEach":0},"quantityLimit":{"quantityQuota":-1,"timeFrameDays":-1,"quantityOrdered":0}}]},"currency":"EUR"},{"lines":{"items":[{"item":{"href":"https://hydraqa.unicity.net/v5a-test/items/592aef9ec417f4553dc0b62a91a1f5e0","id":{"unicity":"32330"},"weightEach":{"value":0},"servingsPerContainer":0,"servingSize":0},"quantity":1,"terms":{"priceEach":93.36,"taxEach":{"amount":4.67},"discountEach":{"amount":0},"pvEach":55},"quantityLimit":{"quantityQuota":-1,"timeFrameDays":-1,"quantityOrdered":0}}]},"currency":"EUR"},{"lines":{"items":[{"item":{"href":"https://hydraqa.unicity.net/v5a-test/items/87dd58dff9eb54a10b652443e7279a1e","id":{"unicity":"32693"},"weightEach":{"value":0},"servingsPerContainer":0,"servingSize":0},"quantity":1,"terms":{"priceEach":79.35,"taxEach":{"amount":3.97},"discountEach":{"amount":0},"pvEach":59},"quantityLimit":{"quantityQuota":-1,"timeFrameDays":-1,"quantityOrdered":0}}]},"currency":"EUR"},{"lines":{"items":[{"item":{"href":"https://hydraqa.unicity.net/v5a-test/items/1bd53de7fe880ba71f46c9976ca2c137","id":{"unicity":"27739"},"weightEach":{"value":0},"servingsPerContainer":0,"servingSize":0},"quantity":1,"terms":{"priceEach":37.29,"taxEach":{"amount":1.86},"discountEach":{"amount":0},"pvEach":23},"quantityLimit":{"quantityQuota":-1,"timeFrameDays":-1,"quantityOrdered":0}}]},"currency":"EUR"}]}
Entry request : {"order":{"customer":{"href":"https://hydraqa.unicity.net/v5a-test/customers?type=Associate"},"shipToAddress":{"country":"DE"}},"vary":{"lines":{"items":[{"item":{"href":"https://hydraqa.unicity.net/v5a-test/items?id.unicity=31951|31952|32136|32699|33092|33094|33093|18511|26422|27156|27158|27160|27166|27617|27660|27585|27587|28601|28604|29838|31402|31772|31777|31780|31781|31782|31779|31932|31778|32556|22605|29317|27700|29832|29833|33097|33095|33098|33096|20750|23990|24274|24418|26442|27150|27163|27575|27395|15880|26560|29017|26567|26568|24758|29821|32012|17174|29183|30280|29187|29191|30684|30198|31450|31672|31534|29449|32126|32087|32333|32330|32693|27739"}}]}}}
Total Pv Greater then 1000 - 1114
[https://hydraqa.unicity.net/v5a-test/items?id.unicity=29838, https://hydraqa.unicity.net/v5a-test/items?id.unicity=33096]
Request URL: https://hydraqa.unicity.net/v5a-test/customers.js?callback=angular.callbacks._1&expand=customer,profilePicture&id.unicity=2
Request URL: https://hydraqa.unicity.net/v5a-test/customers.js?_httpMethod=HEAD&callback=angular.callbacks._7&email=LBAYZW@gmail.com
Request URL: https://hydraqa.unicity.net/v5a-test/shippingmethods.js?callback=angular.callbacks._a&destination=DE&market=DE
]]></system-out>
    <system-err><![CDATA[Starting ChromeDriver 2.36.540470 (e522d04694c7ebea4ba8821272dbef4f9b818c91) on port 47805
Only local connections are allowed.
Oct 18, 2020 10:47:43 AM org.openqa.selenium.remote.ProtocolHandshake createSession
INFO: Detected dialect: OSS
]]></system-err>
  </testcase>
  <testcase name="Enroll" classname="Tests.FranchisePartner" time="287.037"/>
  <testcase name="Enroll" classname="Tests.FranchisePartner" time="256.788">
    <failure message="Major Quantiy expected [[1, 1]] but found [[1]]" type="java.lang.AssertionError">java.lang.AssertionError: Major Quantiy expected [[1, 1]] but found [[1]]
	at Tests.FranchisePartner.Enroll(FranchisePartner.java:252)
</failure>
    <system-out><![CDATA[Request URL: https://hydraqa.unicity.net/v5a-test/quotes?&expand=item
Entry Quotes response : {"items":[{"lines":{"items":[{"item":{"href":"https://hydraqa.unicity.net/v5a-test/items/0d3b8d4f7c4d4082db1b4ecffb6693fb","id":{"unicity":"27160"},"weightEach":{"value":435},"servingsPerContainer":60,"servingSize":0},"quantity":1,"terms":{"priceEach":74.67,"taxEach":{"amount":6.72},"discountEach":{"amount":0},"pvEach":53},"quantityLimit":{"quantityQuota":-1,"timeFrameDays":-1,"quantityOrdered":0}}]},"currency":"EUR"},{"lines":{"items":[{"item":{"href":"https://hydraqa.unicity.net/v5a-test/items/ac37bf51ff7e4fe860da8457f6ce0425","id":{"unicity":"27166"},"weightEach":{"value":270},"servingsPerContainer":30,"servingSize":0},"quantity":1,"terms":{"priceEach":74.67,"taxEach":{"amount":6.72},"discountEach":{"amount":0},"pvEach":54},"quantityLimit":{"quantityQuota":-1,"timeFrameDays":-1,"quantityOrdered":0}}]},"currency":"EUR"},{"lines":{"items":[{"item":{"href":"https://hydraqa.unicity.net/v5a-test/items/0c0717a26fcfe40310e906487e8a12f7","id":{"unicity":"28601"},"weightEach":{"value":270},"servingsPerContainer":30,"servingSize":0},"quantity":1,"terms":{"priceEach":74.67,"taxEach":{"amount":6.72},"discountEach":{"amount":0},"pvEach":54},"quantityLimit":{"quantityQuota":-1,"timeFrameDays":-1,"quantityOrdered":0}}]},"currency":"EUR"},{"lines":{"items":[{"item":{"href":"https://hydraqa.unicity.net/v5a-test/items/4790a55c442b5dc75a13b155e78c1842","id":{"unicity":"28604"},"weightEach":{"value":0},"servingsPerContainer":0,"servingSize":0},"quantity":1,"terms":{"priceEach":74.67,"taxEach":{"amount":6.72},"discountEach":{"amount":0},"pvEach":54},"quantityLimit":{"quantityQuota":-1,"timeFrameDays":-1,"quantityOrdered":0}}]},"currency":"EUR"},{"lines":{"items":[{"item":{"href":"https://hydraqa.unicity.net/v5a-test/items/31cb0679f65df8fa9a4fc3d7e38b72b3","id":{"unicity":"31763"},"weightEach":{"value":0},"servingsPerContainer":0,"servingSize":0},"quantity":1,"terms":{"priceEach":243.3,"taxEach":{"amount":21.9},"discountEach":{"amount":0},"pvEach":181},"quantityLimit":{"quantityQuota":-1,"timeFrameDays":-1,"quantityOrdered":0}}]},"currency":"EUR"},{"lines":{"items":[{"item":{"href":"https://hydraqa.unicity.net/v5a-test/items/e9991b48ac639367d526d2b9b22fac8c","id":{"unicity":"32128"},"weightEach":{"value":0},"servingsPerContainer":0,"servingSize":0},"quantity":1,"terms":{"priceEach":371.87,"taxEach":{"amount":33.47},"discountEach":{"amount":0},"pvEach":253},"quantityLimit":{"quantityQuota":-1,"timeFrameDays":-1,"quantityOrdered":0}}]},"currency":"EUR"},{"lines":{"items":[{"item":{"href":"https://hydraqa.unicity.net/v5a-test/items/40b3312de189221d96d838d33a8ec49d","id":{"unicity":"32129"},"weightEach":{"value":0},"servingsPerContainer":0,"servingSize":0},"quantity":1,"terms":{"priceEach":371.87,"taxEach":{"amount":33.47},"discountEach":{"amount":0},"pvEach":254},"quantityLimit":{"quantityQuota":-1,"timeFrameDays":-1,"quantityOrdered":0}}]},"currency":"EUR"},{"lines":{"items":[{"item":{"href":"https://hydraqa.unicity.net/v5a-test/items/6bd168a66ce41003a8f30917deff5808","id":{"unicity":"32130"},"weightEach":{"value":0},"servingsPerContainer":0,"servingSize":0},"quantity":1,"terms":{"priceEach":363.46,"taxEach":{"amount":32.71},"discountEach":{"amount":0},"pvEach":252},"quantityLimit":{"quantityQuota":-1,"timeFrameDays":-1,"quantityOrdered":0}}]},"currency":"EUR"},{"lines":{"items":[{"item":{"href":"https://hydraqa.unicity.net/v5a-test/items/806f99b793edd7cd0b1c158ba0eb3142","id":{"unicity":"32132"},"weightEach":{"value":0},"servingsPerContainer":0,"servingSize":0},"quantity":1,"terms":{"priceEach":355.98,"taxEach":{"amount":32.04},"discountEach":{"amount":0},"pvEach":253},"quantityLimit":{"quantityQuota":-1,"timeFrameDays":-1,"quantityOrdered":0}}]},"currency":"EUR"},{"lines":{"items":[{"item":{"href":"https://hydraqa.unicity.net/v5a-test/items/e3d382d99fde8659cb146b54116e7654","id":{"unicity":"32133"},"weightEach":{"value":0},"servingsPerContainer":0,"servingSize":0},"quantity":1,"terms":{"priceEach":364.39,"taxEach":{"amount":32.8},"discountEach":{"amount":0},"pvEach":252},"quantityLimit":{"quantityQuota":-1,"timeFrameDays":-1,"quantityOrdered":0}}]},"currency":"EUR"},{"lines":{"items":[{"item":{"href":"https://hydraqa.unicity.net/v5a-test/items/022f109fe6e5eae3e521295a5cb94c60","id":{"unicity":"32134"},"weightEach":{"value":0},"servingsPerContainer":0,"servingSize":0},"quantity":1,"terms":{"priceEach":144.77,"taxEach":{"amount":13.03},"discountEach":{"amount":0},"pvEach":101},"quantityLimit":{"quantityQuota":-1,"timeFrameDays":-1,"quantityOrdered":0}}]},"currency":"EUR"},{"lines":{"items":[{"item":{"href":"https://hydraqa.unicity.net/v5a-test/items/ded00960d5e948dd8e511a9c752e1ff9","id":{"unicity":"32135"},"weightEach":{"value":0},"servingsPerContainer":0,"servingSize":0},"quantity":1,"terms":{"priceEach":154.11,"taxEach":{"amount":13.87},"discountEach":{"amount":0},"pvEach":113},"quantityLimit":{"quantityQuota":-1,"timeFrameDays":-1,"quantityOrdered":0}}]},"currency":"EUR"},{"lines":{"items":[{"item":{"href":"https://hydraqa.unicity.net/v5a-test/items/d8736cc35cf9f4734fd76da71c53dc05","id":{"unicity":"32136"},"weightEach":{"value":0},"servingsPerContainer":0,"servingSize":0},"quantity":1,"terms":{"priceEach":142.08,"taxEach":{"amount":12.79},"discountEach":{"amount":0},"pvEach":102},"quantityLimit":{"quantityQuota":-1,"timeFrameDays":-1,"quantityOrdered":0}}]},"currency":"EUR"},{"lines":{"items":[{"item":{"href":"https://hydraqa.unicity.net/v5a-test/items/166a69d45c4ae40278554e24d5f40443","id":{"unicity":"32137"},"weightEach":{"value":0},"servingsPerContainer":0,"servingSize":0},"quantity":1,"terms":{"priceEach":168.13,"taxEach":{"amount":15.13},"discountEach":{"amount":0},"pvEach":118},"quantityLimit":{"quantityQuota":-1,"timeFrameDays":-1,"quantityOrdered":0}}]},"currency":"EUR"},{"lines":{"items":[{"item":{"href":"https://hydraqa.unicity.net/v5a-test/items/d04a0b8762b20202b6273114fb7302d1","id":{"unicity":"32138"},"weightEach":{"value":0},"servingsPerContainer":0,"servingSize":0},"quantity":1,"terms":{"priceEach":224.21,"taxEach":{"amount":20.18},"discountEach":{"amount":0},"pvEach":152},"quantityLimit":{"quantityQuota":-1,"timeFrameDays":-1,"quantityOrdered":0}}]},"currency":"EUR"},{"lines":{"items":[{"item":{"href":"https://hydraqa.unicity.net/v5a-test/items/e13d0b5c40704ad5dd186959367c97f1","id":{"unicity":"32125"},"weightEach":{"value":0},"servingsPerContainer":0,"servingSize":0},"quantity":1,"terms":{"priceEach":373.74,"taxEach":{"amount":33.64},"discountEach":{"amount":0},"pvEach":250},"quantityLimit":{"quantityQuota":-1,"timeFrameDays":-1,"quantityOrdered":0}}]},"currency":"EUR"},{"lines":{"items":[{"item":{"href":"https://hydraqa.unicity.net/v5a-test/items/def68d31fb89b7c22a71f384e32f03d7","id":{"unicity":"32699"},"weightEach":{"value":0},"servingsPerContainer":0,"servingSize":0},"quantity":1,"terms":{"priceEach":284.14,"taxEach":{"amount":25.57},"discountEach":{"amount":0},"pvEach":200},"quantityLimit":{"quantityQuota":-1,"timeFrameDays":-1,"quantityOrdered":0}}]},"currency":"EUR"},{"lines":{"items":[{"item":{"href":"https://hydraqa.unicity.net/v5a-test/items/b23be76d5816f93f8e9b7ab0665d5021","id":{"unicity":"33092"},"weightEach":{"value":0},"servingsPerContainer":0,"servingSize":0},"quantity":1,"terms":{"priceEach":149.34,"taxEach":{"amount":13.44},"discountEach":{"amount":0},"pvEach":108},"quantityLimit":{"quantityQuota":-1,"timeFrameDays":-1,"quantityOrdered":0}}]},"currency":"EUR"},{"lines":{"items":[{"item":{"href":"https://hydraqa.unicity.net/v5a-test/items/287b72c2933e3afabdea942bd11bfab9","id":{"unicity":"33093"},"weightEach":{"value":0},"servingsPerContainer":0,"servingSize":0},"quantity":1,"terms":{"priceEach":162.54,"taxEach":{"amount":14.63},"discountEach":{"amount":0},"pvEach":105},"quantityLimit":{"quantityQuota":-1,"timeFrameDays":-1,"quantityOrdered":0}}]},"currency":"EUR"},{"lines":{"items":[{"item":{"href":"https://hydraqa.unicity.net/v5a-test/items/c451532f63a06f0e9a054e946a1a1c3b","id":{"unicity":"18511"},"weightEach":{"value":50},"servingsPerContainer":30,"servingSize":0},"quantity":1,"terms":{"priceEach":37.29,"taxEach":{"amount":3.36},"discountEach":{"amount":0},"pvEach":23},"quantityLimit":{"quantityQuota":-1,"timeFrameDays":-1,"quantityOrdered":0}}]},"currency":"EUR"},{"lines":{"items":[{"item":{"href":"https://hydraqa.unicity.net/v5a-test/items/4e49c95f12ae7be78e5ffab68b8b3ca6","id":{"unicity":"26422"},"weightEach":{"value":92},"servingsPerContainer":30,"servingSize":0},"quantity":1,"terms":{"priceEach":19,"taxEach":{"amount":1.71},"discountEach":{"amount":0},"pvEach":16},"quantityLimit":{"quantityQuota":-1,"timeFrameDays":-1,"quantityOrdered":0}}]},"currency":"EUR"},{"lines":{"items":[{"item":{"href":"https://hydraqa.unicity.net/v5a-test/items/50e73ecfa509ac20c4a250f9cb32fdfc","id":{"unicity":"27156"},"weightEach":{"value":31},"servingsPerContainer":50,"servingSize":0},"quantity":1,"terms":{"priceEach":20.47,"taxEach":{"amount":1.84},"discountEach":{"amount":0},"pvEach":13},"quantityLimit":{"quantityQuota":-1,"timeFrameDays":-1,"quantityOrdered":0}}]},"currency":"EUR"},{"lines":{"items":[{"item":{"href":"https://hydraqa.unicity.net/v5a-test/items/d92292ba2f23c030e4a1f63eb3ebe1ce","id":{"unicity":"27158"},"weightEach":{"value":454},"servingsPerContainer":45,"servingSize":0},"quantity":1,"terms":{"priceEach":27.94,"taxEach":{"amount":2.51},"discountEach":{"amount":0},"pvEach":23},"quantityLimit":{"quantityQuota":-1,"timeFrameDays":-1,"quantityOrdered":0}}]},"currency":"EUR"},{"lines":{"items":[{"item":{"href":"https://hydraqa.unicity.net/v5a-test/items/a7bda1cb4a35343e52791aba56debc4a","id":{"unicity":"27617"},"weightEach":{"value":22.62},"servingsPerContainer":30,"servingSize":0},"quantity":1,"terms":{"priceEach":29.81,"taxEach":{"amount":2.68},"discountEach":{"amount":0},"pvEach":18},"quantityLimit":{"quantityQuota":-1,"timeFrameDays":-1,"quantityOrdered":0}}]},"currency":"EUR"},{"lines":{"items":[{"item":{"href":"https://hydraqa.unicity.net/v5a-test/items/a36d9fdd0fd7561e6180fb5b2ff27164","id":{"unicity":"27660"},"weightEach":{"value":129},"servingsPerContainer":15,"servingSize":0},"quantity":1,"terms":{"priceEach":40.09,"taxEach":{"amount":3.61},"discountEach":{"amount":0},"pvEach":25},"quantityLimit":{"quantityQuota":-1,"timeFrameDays":-1,"quantityOrdered":0}}]},"currency":"EUR"},{"lines":{"items":[{"item":{"href":"https://hydraqa.unicity.net/v5a-test/items/9a6e1d094182389c3da8e0a320ff0e00","id":{"unicity":"27585"},"weightEach":{"value":0},"servingsPerContainer":0,"servingSize":0},"quantity":1,"terms":{"priceEach":61.81,"taxEach":{"amount":5.56},"discountEach":{"amount":0},"pvEach":36},"quantityLimit":{"quantityQuota":-1,"timeFrameDays":-1,"quantityOrdered":0}}]},"currency":"EUR"},{"lines":{"items":[{"item":{"href":"https://hydraqa.unicity.net/v5a-test/items/112b8c39286598b3730f630f371a45f4","id":{"unicity":"27587"},"weightEach":{"value":690},"servingsPerContainer":30,"servingSize":0},"quantity":1,"terms":{"priceEach":55.98,"taxEach":{"amount":5.04},"discountEach":{"amount":0},"pvEach":34},"quantityLimit":{"quantityQuota":-1,"timeFrameDays":-1,"quantityOrdered":0}}]},"currency":"EUR"},{"lines":{"items":[{"item":{"href":"https://hydraqa.unicity.net/v5a-test/items/11fac1643721516cbf646365d88b73cd","id":{"unicity":"29838"},"weightEach":{"value":0},"servingsPerContainer":0,"servingSize":0},"quantity":1,"terms":{"priceEach":112.36,"taxEach":{"amount":10.11},"discountEach":{"amount":0},"pvEach":86},"quantityLimit":{"quantityQuota":-1,"timeFrameDays":-1,"quantityOrdered":0}}]},"currency":"EUR"},{"lines":{"items":[{"item":{"href":"https://hydraqa.unicity.net/v5a-test/items/db0a2b02eaabc5ad45fe91ba5c7bcf5a","id":{"unicity":"31772"},"weightEach":{"value":0},"servingsPerContainer":0,"servingSize":0},"quantity":1,"terms":{"priceEach":8.32,"taxEach":{"amount":1.75},"discountEach":{"amount":0},"pvEach":0},"quantityLimit":{"quantityQuota":-1,"timeFrameDays":-1,"quantityOrdered":0}}]},"currency":"EUR"},{"lines":{"items":[{"item":{"href":"https://hydraqa.unicity.net/v5a-test/items/34c8c6b0f454da738e64265f08c57a72","id":{"unicity":"31777"},"weightEach":{"value":100},"servingsPerContainer":0,"servingSize":0},"quantity":1,"terms":{"priceEach":6.22,"taxEach":{"amount":1.31},"discountEach":{"amount":0},"pvEach":3},"quantityLimit":{"quantityQuota":-1,"timeFrameDays":-1,"quantityOrdered":0}}]},"currency":"EUR"},{"lines":{"items":[{"item":{"href":"https://hydraqa.unicity.net/v5a-test/items/fc8583e3bf463b599fdcce05234bc137","id":{"unicity":"31780"},"weightEach":{"value":275},"servingsPerContainer":0,"servingSize":0},"quantity":1,"terms":{"priceEach":8.32,"taxEach":{"amount":1.75},"discountEach":{"amount":0},"pvEach":4},"quantityLimit":{"quantityQuota":-1,"timeFrameDays":-1,"quantityOrdered":0}}]},"currency":"EUR"},{"lines":{"items":[{"item":{"href":"https://hydraqa.unicity.net/v5a-test/items/7e80331c8c25f515174d3f894283a27c","id":{"unicity":"31781"},"weightEach":{"value":275},"servingsPerContainer":0,"servingSize":0},"quantity":1,"terms":{"priceEach":8.32,"taxEach":{"amount":1.75},"discountEach":{"amount":0},"pvEach":4},"quantityLimit":{"quantityQuota":-1,"timeFrameDays":-1,"quantityOrdered":0}}]},"currency":"EUR"},{"lines":{"items":[{"item":{"href":"https://hydraqa.unicity.net/v5a-test/items/8d3854b47de8e45d6fcdc194dffff601","id":{"unicity":"31782"},"weightEach":{"value":50},"servingsPerContainer":0,"servingSize":0},"quantity":1,"terms":{"priceEach":12.52,"taxEach":{"amount":2.63},"discountEach":{"amount":0},"pvEach":6},"quantityLimit":{"quantityQuota":-1,"timeFrameDays":-1,"quantityOrdered":0}}]},"currency":"EUR"},{"lines":{"items":[{"item":{"href":"https://hydraqa.unicity.net/v5a-test/items/04516be30bd9bf93e01536e7fc8f8716","id":{"unicity":"31779"},"weightEach":{"value":350},"servingsPerContainer":0,"servingSize":0},"quantity":1,"terms":{"priceEach":10,"taxEach":{"amount":2.1},"discountEach":{"amount":0},"pvEach":5},"quantityLimit":{"quantityQuota":-1,"timeFrameDays":-1,"quantityOrdered":0}}]},"currency":"EUR"},{"lines":{"items":[{"item":{"href":"https://hydraqa.unicity.net/v5a-test/items/d7e1dd4b19a8672aed99e591356c0d48","id":{"unicity":"31932"},"weightEach":{"value":180},"servingsPerContainer":0,"servingSize":0},"quantity":1,"terms":{"priceEach":6.22,"taxEach":{"amount":1.31},"discountEach":{"amount":0},"pvEach":3},"quantityLimit":{"quantityQuota":-1,"timeFrameDays":-1,"quantityOrdered":0}}]},"currency":"EUR"},{"lines":{"items":[{"item":{"href":"https://hydraqa.unicity.net/v5a-test/items/1aa00306dc0006d365acd7436548f2e6","id":{"unicity":"31778"},"weightEach":{"value":350},"servingsPerContainer":0,"servingSize":0},"quantity":1,"terms":{"priceEach":12.52,"taxEach":{"amount":2.63},"discountEach":{"amount":0},"pvEach":6},"quantityLimit":{"quantityQuota":-1,"timeFrameDays":-1,"quantityOrdered":0}}]},"currency":"EUR"},{"lines":{"items":[{"item":{"href":"https://hydraqa.unicity.net/v5a-test/items/4fc6de0cb7817f39a836ff08609b8539","id":{"unicity":"32556"},"weightEach":{"value":0},"servingsPerContainer":0,"servingSize":0},"quantity":1,"terms":{"priceEach":2.44,"taxEach":{"amount":0.51},"discountEach":{"amount":0},"pvEach":0},"quantityLimit":{"quantityQuota":-1,"timeFrameDays":-1,"quantityOrdered":0}}]},"currency":"EUR"},{"lines":{"items":[{"item":{"href":"https://hydraqa.unicity.net/v5a-test/items/2262fdd5af916c31df08089c191735c1","id":{"unicity":"29317"},"weightEach":{"value":0},"servingsPerContainer":0,"servingSize":0},"quantity":1,"terms":{"priceEach":25.21,"taxEach":{"amount":5.29},"discountEach":{"amount":0},"pvEach":0},"quantityLimit":{"quantityQuota":-1,"timeFrameDays":-1,"quantityOrdered":0}}]},"currency":"EUR"},{"lines":{"items":[{"item":{"href":"https://hydraqa.unicity.net/v5a-test/items/10df0fc3509b53cbeaeb9476ca92d520","id":{"unicity":"29833"},"weightEach":{"value":0},"servingsPerContainer":0,"servingSize":0},"quantity":1,"terms":{"priceEach":90.56,"taxEach":{"amount":8.15},"discountEach":{"amount":0},"pvEach":69},"quantityLimit":{"quantityQuota":-1,"timeFrameDays":-1,"quantityOrdered":0}}]},"currency":"EUR"},{"lines":{"items":[{"item":{"href":"https://hydraqa.unicity.net/v5a-test/items/b90fda77fbdf07131e0e60b87941cf76","id":{"unicity":"32755"},"weightEach":{"value":0},"servingsPerContainer":0,"servingSize":0},"quantity":1,"terms":{"priceEach":758.54,"taxEach":{"amount":68.27},"discountEach":{"amount":0},"pvEach":503},"quantityLimit":{"quantityQuota":-1,"timeFrameDays":-1,"quantityOrdered":0}}]},"currency":"EUR"},{"lines":{"items":[{"item":{"href":"https://hydraqa.unicity.net/v5a-test/items/3ab3ce55100f6593f04ec4a0d328a0b5","id":{"unicity":"32756"},"weightEach":{"value":0},"servingsPerContainer":0,"servingSize":0},"quantity":1,"terms":{"priceEach":1517.09,"taxEach":{"amount":136.54},"discountEach":{"amount":0},"pvEach":1006},"quantityLimit":{"quantityQuota":-1,"timeFrameDays":-1,"quantityOrdered":0}}]},"currency":"EUR"},{"lines":{"items":[{"item":{"href":"https://hydraqa.unicity.net/v5a-test/items/2faa0a2bcdeed39b7569e085fe880a23","id":{"unicity":"33097"},"weightEach":{"value":0},"servingsPerContainer":0,"servingSize":0},"quantity":1,"terms":{"priceEach":703.21,"taxEach":{"amount":63.29},"discountEach":{"amount":0},"pvEach":500},"quantityLimit":{"quantityQuota":-1,"timeFrameDays":-1,"quantityOrdered":0}}]},"currency":"EUR"},{"lines":{"items":[{"item":{"href":"https://hydraqa.unicity.net/v5a-test/items/3196d0b751f9119076e364a1cb03fa18","id":{"unicity":"33095"},"weightEach":{"value":0},"servingsPerContainer":0,"servingSize":0},"quantity":1,"terms":{"priceEach":740.99,"taxEach":{"amount":66.69},"discountEach":{"amount":0},"pvEach":514},"quantityLimit":{"quantityQuota":-1,"timeFrameDays":-1,"quantityOrdered":0}}]},"currency":"EUR"},{"lines":{"items":[{"item":{"href":"https://hydraqa.unicity.net/v5a-test/items/9c43de3dc98337bf964013caa56e3e98","id":{"unicity":"33098"},"weightEach":{"value":0},"servingsPerContainer":0,"servingSize":0},"quantity":1,"terms":{"priceEach":1406.42,"taxEach":{"amount":126.58},"discountEach":{"amount":0},"pvEach":1000},"quantityLimit":{"quantityQuota":-1,"timeFrameDays":-1,"quantityOrdered":0}}]},"currency":"EUR"},{"lines":{"items":[{"item":{"href":"https://hydraqa.unicity.net/v5a-test/items/bdcb8e96238e2243278e5627f9a5f893","id":{"unicity":"33096"},"weightEach":{"value":0},"servingsPerContainer":0,"servingSize":0},"quantity":1,"terms":{"priceEach":1481.98,"taxEach":{"amount":133.38},"discountEach":{"amount":0},"pvEach":1028},"quantityLimit":{"quantityQuota":-1,"timeFrameDays":-1,"quantityOrdered":0}}]},"currency":"EUR"},{"lines":{"items":[{"item":{"href":"https://hydraqa.unicity.net/v5a-test/items/332daeac6796ed016ea8b7d0bc42c2d4","id":{"unicity":"24274"},"weightEach":{"value":0},"servingsPerContainer":0,"servingSize":0},"quantity":1,"terms":{"priceEach":7.48,"taxEach":{"amount":1.57},"discountEach":{"amount":0},"pvEach":0},"quantityLimit":{"quantityQuota":-1,"timeFrameDays":-1,"quantityOrdered":0}}]},"currency":"EUR"},{"lines":{"items":[{"item":{"href":"https://hydraqa.unicity.net/v5a-test/items/1945faa1776541d53120ecfe3c1d8a2b","id":{"unicity":"24418"},"weightEach":{"value":0},"servingsPerContainer":0,"servingSize":0},"quantity":1,"terms":{"priceEach":4.96,"taxEach":{"amount":1.04},"discountEach":{"amount":0},"pvEach":0},"quantityLimit":{"quantityQuota":-1,"timeFrameDays":-1,"quantityOrdered":0}}]},"currency":"EUR"},{"lines":{"items":[{"item":{"href":"https://hydraqa.unicity.net/v5a-test/items/10da226fab00279b4f89df10af2a10b7","id":{"unicity":"26442"},"weightEach":{"value":0},"servingsPerContainer":0,"servingSize":0},"quantity":1,"terms":{"priceEach":5.8,"taxEach":{"amount":1.22},"discountEach":{"amount":0},"pvEach":0},"quantityLimit":{"quantityQuota":-1,"timeFrameDays":-1,"quantityOrdered":0}}]},"currency":"EUR"},{"lines":{"items":[{"item":{"href":"https://hydraqa.unicity.net/v5a-test/items/5147f8cfe32548e02fc158d4da9c4d6f","id":{"unicity":"27150"},"weightEach":{"value":0},"servingsPerContainer":0,"servingSize":0},"quantity":1,"terms":{"priceEach":93.36,"taxEach":{"amount":8.4},"discountEach":{"amount":0},"pvEach":70},"quantityLimit":{"quantityQuota":-1,"timeFrameDays":-1,"quantityOrdered":0}}]},"currency":"EUR"},{"lines":{"items":[{"item":{"href":"https://hydraqa.unicity.net/v5a-test/items/03eba2365025ccd85818846a83a16f47","id":{"unicity":"27163"},"weightEach":{"value":258},"servingsPerContainer":30,"servingSize":0},"quantity":1,"terms":{"priceEach":74.67,"taxEach":{"amount":6.72},"discountEach":{"amount":0},"pvEach":54},"quantityLimit":{"quantityQuota":-1,"timeFrameDays":-1,"quantityOrdered":0}}]},"currency":"EUR"},{"lines":{"items":[{"item":{"href":"https://hydraqa.unicity.net/v5a-test/items/7d4ad2792f7056e5f81eb24f118ef737","id":{"unicity":"27575"},"weightEach":{"value":1104},"servingsPerContainer":30,"servingSize":0},"quantity":1,"terms":{"priceEach":55.98,"taxEach":{"amount":5.04},"discountEach":{"amount":0},"pvEach":34},"quantityLimit":{"quantityQuota":-1,"timeFrameDays":-1,"quantityOrdered":0}}]},"currency":"EUR"},{"lines":{"items":[{"item":{"href":"https://hydraqa.unicity.net/v5a-test/items/024e696f8b44a1d315006e676604cd31","id":{"unicity":"27395"},"weightEach":{"value":210},"servingsPerContainer":30,"servingSize":0},"quantity":1,"terms":{"priceEach":29.81,"taxEach":{"amount":2.68},"discountEach":{"amount":0},"pvEach":18},"quantityLimit":{"quantityQuota":-1,"timeFrameDays":-1,"quantityOrdered":0}}]},"currency":"EUR"},{"lines":{"items":[{"item":{"href":"https://hydraqa.unicity.net/v5a-test/items/4b2034f47fce90b87bba28c5c2d7c25d","id":{"unicity":"15880"},"weightEach":{"value":51.5},"servingsPerContainer":90,"servingSize":0},"quantity":1,"terms":{"priceEach":51.31,"taxEach":{"amount":4.62},"discountEach":{"amount":0},"pvEach":33},"quantityLimit":{"quantityQuota":-1,"timeFrameDays":-1,"quantityOrdered":0}}]},"currency":"EUR"},{"lines":{"items":[{"item":{"href":"https://hydraqa.unicity.net/v5a-test/items/398d06b858b960f6f38086d40608aef2","id":{"unicity":"26560"},"weightEach":{"value":60},"servingsPerContainer":30,"servingSize":0},"quantity":1,"terms":{"priceEach":20.47,"taxEach":{"amount":1.84},"discountEach":{"amount":0},"pvEach":13},"quantityLimit":{"quantityQuota":-1,"timeFrameDays":-1,"quantityOrdered":0}}]},"currency":"EUR"},{"lines":{"items":[{"item":{"href":"https://hydraqa.unicity.net/v5a-test/items/e218d1cac5f31e7ae4f5876c29c57377","id":{"unicity":"29017"},"weightEach":{"value":52.8},"servingsPerContainer":60,"servingSize":0},"quantity":1,"terms":{"priceEach":37.29,"taxEach":{"amount":3.36},"discountEach":{"amount":0},"pvEach":23},"quantityLimit":{"quantityQuota":-1,"timeFrameDays":-1,"quantityOrdered":0}}]},"currency":"EUR"},{"lines":{"items":[{"item":{"href":"https://hydraqa.unicity.net/v5a-test/items/3f2d12d7a0e8551fc99fad3bbe1ba633","id":{"unicity":"26567"},"weightEach":{"value":173.46},"servingsPerContainer":60,"servingSize":0},"quantity":1,"terms":{"priceEach":55.98,"taxEach":{"amount":5.04},"discountEach":{"amount":0},"pvEach":26},"quantityLimit":{"quantityQuota":-1,"timeFrameDays":-1,"quantityOrdered":0}}]},"currency":"EUR"},{"lines":{"items":[{"item":{"href":"https://hydraqa.unicity.net/v5a-test/items/191637167cb3144bd2e8c4615e9ab67e","id":{"unicity":"26568"},"weightEach":{"value":198.24},"servingsPerContainer":60,"servingSize":0},"quantity":1,"terms":{"priceEach":55.98,"taxEach":{"amount":5.04},"discountEach":{"amount":0},"pvEach":26},"quantityLimit":{"quantityQuota":-1,"timeFrameDays":-1,"quantityOrdered":0}}]},"currency":"EUR"},{"lines":{"items":[{"item":{"href":"https://hydraqa.unicity.net/v5a-test/items/64ec7ad932acafab052a4e8800ad1238","id":{"unicity":"24758"},"weightEach":{"value":26.89},"servingsPerContainer":30,"servingSize":0},"quantity":1,"terms":{"priceEach":37.29,"taxEach":{"amount":3.36},"discountEach":{"amount":0},"pvEach":23},"quantityLimit":{"quantityQuota":-1,"timeFrameDays":-1,"quantityOrdered":0}}]},"currency":"EUR"},{"lines":{"items":[{"item":{"href":"https://hydraqa.unicity.net/v5a-test/items/606f7be753c74dfbfe4b107276775140","id":{"unicity":"29821"},"weightEach":{"value":133.5},"servingsPerContainer":30,"servingSize":0},"quantity":1,"terms":{"priceEach":79.35,"taxEach":{"amount":7.14},"discountEach":{"amount":0},"pvEach":59},"quantityLimit":{"quantityQuota":-1,"timeFrameDays":-1,"quantityOrdered":0}}]},"currency":"EUR"},{"lines":{"items":[{"item":{"href":"https://hydraqa.unicity.net/v5a-test/items/94939f9be900906d2b47260ccba22a7b","id":{"unicity":"32012"},"weightEach":{"value":420},"servingsPerContainer":20,"servingSize":0},"quantity":1,"terms":{"priceEach":13.93,"taxEach":{"amount":1.25},"discountEach":{"amount":0},"pvEach":6},"quantityLimit":{"quantityQuota":-1,"timeFrameDays":-1,"quantityOrdered":0}}]},"currency":"EUR"},{"lines":{"items":[{"item":{"href":"https://hydraqa.unicity.net/v5a-test/items/2c4c1abe00983e85aaa918d2ce341491","id":{"unicity":"17174"},"weightEach":{"value":49.72},"servingsPerContainer":100,"servingSize":0},"quantity":1,"terms":{"priceEach":37.29,"taxEach":{"amount":3.36},"discountEach":{"amount":0},"pvEach":23},"quantityLimit":{"quantityQuota":-1,"timeFrameDays":-1,"quantityOrdered":0}}]},"currency":"EUR"},{"lines":{"items":[{"item":{"href":"https://hydraqa.unicity.net/v5a-test/items/991cdbb84a495779eb209fb3956a77e4","id":{"unicity":"29183"},"weightEach":{"value":50},"servingsPerContainer":0,"servingSize":0},"quantity":1,"terms":{"priceEach":31.01,"taxEach":{"amount":6.51},"discountEach":{"amount":0},"pvEach":18},"quantityLimit":{"quantityQuota":-1,"timeFrameDays":-1,"quantityOrdered":0}}]},"currency":"EUR"},{"lines":{"items":[{"item":{"href":"https://hydraqa.unicity.net/v5a-test/items/0e78fbdfebef11cd62f8d2120064ee58","id":{"unicity":"30280"},"weightEach":{"value":30},"servingsPerContainer":0,"servingSize":0},"quantity":1,"terms":{"priceEach":33.53,"taxEach":{"amount":7.04},"discountEach":{"amount":0},"pvEach":20},"quantityLimit":{"quantityQuota":-1,"timeFrameDays":-1,"quantityOrdered":0}}]},"currency":"EUR"},{"lines":{"items":[{"item":{"href":"https://hydraqa.unicity.net/v5a-test/items/beb900429fbb160dbfc3001c14d96df4","id":{"unicity":"29187"},"weightEach":{"value":30},"servingsPerContainer":0,"servingSize":0},"quantity":1,"terms":{"priceEach":37.73,"taxEach":{"amount":7.92},"discountEach":{"amount":0},"pvEach":24},"quantityLimit":{"quantityQuota":-1,"timeFrameDays":-1,"quantityOrdered":0}}]},"currency":"EUR"},{"lines":{"items":[{"item":{"href":"https://hydraqa.unicity.net/v5a-test/items/1b0412bea8c0b841c66f65a36aa14108","id":{"unicity":"29191"},"weightEach":{"value":30},"servingsPerContainer":0,"servingSize":0},"quantity":1,"terms":{"priceEach":37.73,"taxEach":{"amount":7.92},"discountEach":{"amount":0},"pvEach":24},"quantityLimit":{"quantityQuota":-1,"timeFrameDays":-1,"quantityOrdered":0}}]},"currency":"EUR"},{"lines":{"items":[{"item":{"href":"https://hydraqa.unicity.net/v5a-test/items/52c87f74d3b41ed49b0f897b66c2a99b","id":{"unicity":"30684"},"weightEach":{"value":450},"servingsPerContainer":30,"servingSize":0},"quantity":1,"terms":{"priceEach":37.29,"taxEach":{"amount":3.36},"discountEach":{"amount":0},"pvEach":23},"quantityLimit":{"quantityQuota":-1,"timeFrameDays":-1,"quantityOrdered":0}}]},"currency":"EUR"},{"lines":{"items":[{"item":{"href":"https://hydraqa.unicity.net/v5a-test/items/90f38f77c9e6ea5a71aa7377df83760b","id":{"unicity":"30198"},"weightEach":{"value":0},"servingsPerContainer":0,"servingSize":0},"quantity":1,"terms":{"priceEach":19,"taxEach":{"amount":1.71},"discountEach":{"amount":0},"pvEach":16},"quantityLimit":{"quantityQuota":-1,"timeFrameDays":-1,"quantityOrdered":0}}]},"currency":"EUR"},{"lines":{"items":[{"item":{"href":"https://hydraqa.unicity.net/v5a-test/items/ab2a2b07b17718843a66bee04ff40624","id":{"unicity":"31402"},"weightEach":{"value":477},"servingsPerContainer":30,"servingSize":0},"quantity":1,"terms":{"priceEach":92.43,"taxEach":{"amount":8.32},"discountEach":{"amount":0},"pvEach":70},"quantityLimit":{"quantityQuota":-1,"timeFrameDays":-1,"quantityOrdered":0}}]},"currency":"EUR"},{"lines":{"items":[{"item":{"href":"https://hydraqa.unicity.net/v5a-test/items/7e5e7df32701fd44947c8146f2129f7a","id":{"unicity":"31672"},"weightEach":{"value":270},"servingsPerContainer":15,"servingSize":0},"quantity":1,"terms":{"priceEach":74.67,"taxEach":{"amount":6.72},"discountEach":{"amount":0},"pvEach":54},"quantityLimit":{"quantityQuota":-1,"timeFrameDays":-1,"quantityOrdered":0}}]},"currency":"EUR"},{"lines":{"items":[{"item":{"href":"https://hydraqa.unicity.net/v5a-test/items/493c2ba720f847422eccc5da35024f33","id":{"unicity":"31534"},"weightEach":{"value":95},"servingsPerContainer":60,"servingSize":0},"quantity":1,"terms":{"priceEach":26.07,"taxEach":{"amount":2.35},"discountEach":{"amount":0},"pvEach":16},"quantityLimit":{"quantityQuota":-1,"timeFrameDays":-1,"quantityOrdered":0}}]},"currency":"EUR"},{"lines":{"items":[{"item":{"href":"https://hydraqa.unicity.net/v5a-test/items/bfddb53fe0d5ed5432c531dc9850cbe4","id":{"unicity":"29449"},"weightEach":{"value":60},"servingsPerContainer":30,"servingSize":0},"quantity":1,"terms":{"priceEach":26.07,"taxEach":{"amount":2.35},"discountEach":{"amount":0},"pvEach":16},"quantityLimit":{"quantityQuota":-1,"timeFrameDays":-1,"quantityOrdered":0}}]},"currency":"EUR"},{"lines":{"items":[{"item":{"href":"https://hydraqa.unicity.net/v5a-test/items/217ca02fbd24e21ca5281412756238ab","id":{"unicity":"32126"},"weightEach":{"value":0},"servingsPerContainer":0,"servingSize":0},"quantity":1,"terms":{"priceEach":152.24,"taxEach":{"amount":14.7},"discountEach":{"amount":0},"pvEach":101},"quantityLimit":{"quantityQuota":-1,"timeFrameDays":-1,"quantityOrdered":0}}]},"currency":"EUR"},{"lines":{"items":[{"item":{"href":"https://hydraqa.unicity.net/v5a-test/items/808008a0657d2033ad471c39bbce9891","id":{"unicity":"32127"},"weightEach":{"value":0},"servingsPerContainer":0,"servingSize":0},"quantity":1,"terms":{"priceEach":162.34,"taxEach":{"amount":15.61},"discountEach":{"amount":0},"pvEach":113},"quantityLimit":{"quantityQuota":-1,"timeFrameDays":-1,"quantityOrdered":0}}]},"currency":"EUR"},{"lines":{"items":[{"item":{"href":"https://hydraqa.unicity.net/v5a-test/items/fbb6dbd577adb73abaec364076fb288f","id":{"unicity":"32087"},"weightEach":{"value":600},"servingsPerContainer":10,"servingSize":0},"quantity":1,"terms":{"priceEach":20.47,"taxEach":{"amount":1.84},"discountEach":{"amount":0},"pvEach":9},"quantityLimit":{"quantityQuota":-1,"timeFrameDays":-1,"quantityOrdered":0}}]},"currency":"EUR"},{"lines":{"items":[{"item":{"href":"https://hydraqa.unicity.net/v5a-test/items/592aef9ec417f4553dc0b62a91a1f5e0","id":{"unicity":"32330"},"weightEach":{"value":0},"servingsPerContainer":0,"servingSize":0},"quantity":1,"terms":{"priceEach":93.36,"taxEach":{"amount":8.4},"discountEach":{"amount":0},"pvEach":55},"quantityLimit":{"quantityQuota":-1,"timeFrameDays":-1,"quantityOrdered":0}}]},"currency":"EUR"},{"lines":{"items":[{"item":{"href":"https://hydraqa.unicity.net/v5a-test/items/87dd58dff9eb54a10b652443e7279a1e","id":{"unicity":"32693"},"weightEach":{"value":0},"servingsPerContainer":0,"servingSize":0},"quantity":1,"terms":{"priceEach":79.35,"taxEach":{"amount":7.14},"discountEach":{"amount":0},"pvEach":59},"quantityLimit":{"quantityQuota":-1,"timeFrameDays":-1,"quantityOrdered":0}}]},"currency":"EUR"},{"lines":{"items":[{"item":{"href":"https://hydraqa.unicity.net/v5a-test/items/1bd53de7fe880ba71f46c9976ca2c137","id":{"unicity":"27739"},"weightEach":{"value":0},"servingsPerContainer":0,"servingSize":0},"quantity":1,"terms":{"priceEach":37.29,"taxEach":{"amount":3.36},"discountEach":{"amount":0},"pvEach":23},"quantityLimit":{"quantityQuota":-1,"timeFrameDays":-1,"quantityOrdered":0}}]},"currency":"EUR"},{"lines":{"items":[{"item":{"href":"https://hydraqa.unicity.net/v5a-test/items/1f59b10f0bef99fa20e4b9b0b4efea88","id":{"unicity":"32333"},"weightEach":{"value":0},"servingsPerContainer":0,"servingSize":0},"quantity":1,"terms":{"priceEach":9.16,"taxEach":{"amount":1.92},"discountEach":{"amount":0},"pvEach":0},"quantityLimit":{"quantityQuota":-1,"timeFrameDays":-1,"quantityOrdered":0}}]},"currency":"EUR"}]}
Entry request : {"order":{"customer":{"href":"https://hydraqa.unicity.net/v5a-test/customers?type=Associate"},"shipToAddress":{"country":"HU"}},"vary":{"lines":{"items":[{"item":{"href":"https://hydraqa.unicity.net/v5a-test/items?id.unicity=27160|27166|28601|28604|31763|31951|31952|32128|32129|32130|32132|32133|32134|32135|32136|32137|32138|32125|32699|33092|33094|33093|18511|26422|27156|27158|27617|27660|27585|27587|29838|31772|31777|31780|31781|31782|31779|31932|31778|32556|29317|29833|32755|32756|32967|32968|32965|32966|33097|33095|33098|33096|24274|24418|26442|27150|27163|27575|27395|15880|26560|29017|26567|26568|24758|29821|32012|17174|29183|30280|29187|29191|30684|30198|29522|31402|31672|31534|29449|32126|32127|32087|32330|32693|27739|32333"}}]}}}
Total Pv Greater then 1000 - 1141
[https://hydraqa.unicity.net/v5a-test/items?id.unicity=32127, https://hydraqa.unicity.net/v5a-test/items?id.unicity=33096]
Request URL: https://hydraqa.unicity.net/v5a-test/customers.js?callback=angular.callbacks._1&expand=customer,profilePicture&id.unicity=2
Request URL: https://hydraqa.unicity.net/v5a-test/customers.js?_httpMethod=HEAD&callback=angular.callbacks._7&email=MTTOTB@gmail.com
Request URL: https://hydraqa.unicity.net/v5a-test/shippingmethods.js?callback=angular.callbacks._a&destination=HU&market=HU
]]></system-out>
    <system-err><![CDATA[Starting ChromeDriver 2.36.540470 (e522d04694c7ebea4ba8821272dbef4f9b818c91) on port 27029
Only local connections are allowed.
Oct 18, 2020 10:56:46 AM org.openqa.selenium.remote.ProtocolHandshake createSession
INFO: Detected dialect: OSS
]]></system-err>
  </testcase>
  <testcase name="Enroll" classname="Tests.FranchisePartner" time="107.577"/>
  <testcase name="Enroll" classname="Tests.FranchisePartner" time="246.731">
    <failure message="Major Packs expected [[https://hydraqa.unicity.net/v5a-test/items?id.unicity=29317, https://hydraqa.unicity.net/v5a-test/items?id.unicity=32127, https://hydraqa.unicity.net/v5a-test/items?id.unicity=33095]] but found [[https://hydraqa.unicity.net/v5a-test/items?id.unicity=32127, https://hydraqa.unicity.net/v5a-test/items?id.unicity=33095]]" type="java.lang.AssertionError">java.lang.AssertionError: Major Packs expected [[https://hydraqa.unicity.net/v5a-test/items?id.unicity=29317, https://hydraqa.unicity.net/v5a-test/items?id.unicity=32127, https://hydraqa.unicity.net/v5a-test/items?id.unicity=33095]] but found [[https://hydraqa.unicity.net/v5a-test/items?id.unicity=32127, https://hydraqa.unicity.net/v5a-test/items?id.unicity=33095]]
	at Tests.FranchisePartner.Enroll(FranchisePartner.java:252)
</failure>
    <system-out><![CDATA[Request URL: https://hydraqa.unicity.net/v5a-test/quotes?&expand=item
Entry Quotes response : {"items":[{"lines":{"items":[{"item":{"href":"https://hydraqa.unicity.net/v5a-test/items/8ebe36e26bc7f2559920b09303d22826","id":{"unicity":"25738"},"weightEach":{"value":0},"servingsPerContainer":0,"servingSize":0},"quantity":1,"terms":{"priceEach":233,"taxEach":{"amount":23.3},"discountEach":{"amount":0},"pvEach":172},"quantityLimit":{"quantityQuota":-1,"timeFrameDays":-1,"quantityOrdered":0}}]},"currency":"EUR"},{"lines":{"items":[{"item":{"href":"https://hydraqa.unicity.net/v5a-test/items/31cb0679f65df8fa9a4fc3d7e38b72b3","id":{"unicity":"31763"},"weightEach":{"value":0},"servingsPerContainer":0,"servingSize":0},"quantity":1,"terms":{"priceEach":243.3,"taxEach":{"amount":24.33},"discountEach":{"amount":0},"pvEach":181},"quantityLimit":{"quantityQuota":-1,"timeFrameDays":-1,"quantityOrdered":0}}]},"currency":"EUR"},{"lines":{"items":[{"item":{"href":"https://hydraqa.unicity.net/v5a-test/items/e9991b48ac639367d526d2b9b22fac8c","id":{"unicity":"32128"},"weightEach":{"value":0},"servingsPerContainer":0,"servingSize":0},"quantity":1,"terms":{"priceEach":371.87,"taxEach":{"amount":37.19},"discountEach":{"amount":0},"pvEach":253},"quantityLimit":{"quantityQuota":-1,"timeFrameDays":-1,"quantityOrdered":0}}]},"currency":"EUR"},{"lines":{"items":[{"item":{"href":"https://hydraqa.unicity.net/v5a-test/items/40b3312de189221d96d838d33a8ec49d","id":{"unicity":"32129"},"weightEach":{"value":0},"servingsPerContainer":0,"servingSize":0},"quantity":1,"terms":{"priceEach":371.87,"taxEach":{"amount":37.19},"discountEach":{"amount":0},"pvEach":254},"quantityLimit":{"quantityQuota":-1,"timeFrameDays":-1,"quantityOrdered":0}}]},"currency":"EUR"},{"lines":{"items":[{"item":{"href":"https://hydraqa.unicity.net/v5a-test/items/6bd168a66ce41003a8f30917deff5808","id":{"unicity":"32130"},"weightEach":{"value":0},"servingsPerContainer":0,"servingSize":0},"quantity":1,"terms":{"priceEach":363.46,"taxEach":{"amount":36.35},"discountEach":{"amount":0},"pvEach":252},"quantityLimit":{"quantityQuota":-1,"timeFrameDays":-1,"quantityOrdered":0}}]},"currency":"EUR"},{"lines":{"items":[{"item":{"href":"https://hydraqa.unicity.net/v5a-test/items/806f99b793edd7cd0b1c158ba0eb3142","id":{"unicity":"32132"},"weightEach":{"value":0},"servingsPerContainer":0,"servingSize":0},"quantity":1,"terms":{"priceEach":355.98,"taxEach":{"amount":35.6},"discountEach":{"amount":0},"pvEach":253},"quantityLimit":{"quantityQuota":-1,"timeFrameDays":-1,"quantityOrdered":0}}]},"currency":"EUR"},{"lines":{"items":[{"item":{"href":"https://hydraqa.unicity.net/v5a-test/items/e3d382d99fde8659cb146b54116e7654","id":{"unicity":"32133"},"weightEach":{"value":0},"servingsPerContainer":0,"servingSize":0},"quantity":1,"terms":{"priceEach":364.39,"taxEach":{"amount":36.44},"discountEach":{"amount":0},"pvEach":252},"quantityLimit":{"quantityQuota":-1,"timeFrameDays":-1,"quantityOrdered":0}}]},"currency":"EUR"},{"lines":{"items":[{"item":{"href":"https://hydraqa.unicity.net/v5a-test/items/022f109fe6e5eae3e521295a5cb94c60","id":{"unicity":"32134"},"weightEach":{"value":0},"servingsPerContainer":0,"servingSize":0},"quantity":1,"terms":{"priceEach":144.77,"taxEach":{"amount":14.48},"discountEach":{"amount":0},"pvEach":101},"quantityLimit":{"quantityQuota":-1,"timeFrameDays":-1,"quantityOrdered":0}}]},"currency":"EUR"},{"lines":{"items":[{"item":{"href":"https://hydraqa.unicity.net/v5a-test/items/ded00960d5e948dd8e511a9c752e1ff9","id":{"unicity":"32135"},"weightEach":{"value":0},"servingsPerContainer":0,"servingSize":0},"quantity":1,"terms":{"priceEach":154.11,"taxEach":{"amount":15.41},"discountEach":{"amount":0},"pvEach":113},"quantityLimit":{"quantityQuota":-1,"timeFrameDays":-1,"quantityOrdered":0}}]},"currency":"EUR"},{"lines":{"items":[{"item":{"href":"https://hydraqa.unicity.net/v5a-test/items/166a69d45c4ae40278554e24d5f40443","id":{"unicity":"32137"},"weightEach":{"value":0},"servingsPerContainer":0,"servingSize":0},"quantity":1,"terms":{"priceEach":168.13,"taxEach":{"amount":16.81},"discountEach":{"amount":0},"pvEach":118},"quantityLimit":{"quantityQuota":-1,"timeFrameDays":-1,"quantityOrdered":0}}]},"currency":"EUR"},{"lines":{"items":[{"item":{"href":"https://hydraqa.unicity.net/v5a-test/items/d04a0b8762b20202b6273114fb7302d1","id":{"unicity":"32138"},"weightEach":{"value":0},"servingsPerContainer":0,"servingSize":0},"quantity":1,"terms":{"priceEach":224.21,"taxEach":{"amount":22.42},"discountEach":{"amount":0},"pvEach":152},"quantityLimit":{"quantityQuota":-1,"timeFrameDays":-1,"quantityOrdered":0}}]},"currency":"EUR"},{"lines":{"items":[{"item":{"href":"https://hydraqa.unicity.net/v5a-test/items/e13d0b5c40704ad5dd186959367c97f1","id":{"unicity":"32125"},"weightEach":{"value":0},"servingsPerContainer":0,"servingSize":0},"quantity":1,"terms":{"priceEach":373.74,"taxEach":{"amount":37.37},"discountEach":{"amount":0},"pvEach":250},"quantityLimit":{"quantityQuota":-1,"timeFrameDays":-1,"quantityOrdered":0}}]},"currency":"EUR"},{"lines":{"items":[{"item":{"href":"https://hydraqa.unicity.net/v5a-test/items/def68d31fb89b7c22a71f384e32f03d7","id":{"unicity":"32699"},"weightEach":{"value":0},"servingsPerContainer":0,"servingSize":0},"quantity":1,"terms":{"priceEach":284.14,"taxEach":{"amount":28.41},"discountEach":{"amount":0},"pvEach":200},"quantityLimit":{"quantityQuota":-1,"timeFrameDays":-1,"quantityOrdered":0}}]},"currency":"EUR"},{"lines":{"items":[{"item":{"href":"https://hydraqa.unicity.net/v5a-test/items/b23be76d5816f93f8e9b7ab0665d5021","id":{"unicity":"33092"},"weightEach":{"value":0},"servingsPerContainer":0,"servingSize":0},"quantity":1,"terms":{"priceEach":149.34,"taxEach":{"amount":14.93},"discountEach":{"amount":0},"pvEach":108},"quantityLimit":{"quantityQuota":-1,"timeFrameDays":-1,"quantityOrdered":0}}]},"currency":"EUR"},{"lines":{"items":[{"item":{"href":"https://hydraqa.unicity.net/v5a-test/items/bbe21adcac1fcadfcf1a1ebb99ec5de9","id":{"unicity":"33094"},"weightEach":{"value":0},"servingsPerContainer":0,"servingSize":0},"quantity":1,"terms":{"priceEach":172.71,"taxEach":{"amount":17.27},"discountEach":{"amount":0},"pvEach":114},"quantityLimit":{"quantityQuota":-1,"timeFrameDays":-1,"quantityOrdered":0}}]},"currency":"EUR"},{"lines":{"items":[{"item":{"href":"https://hydraqa.unicity.net/v5a-test/items/287b72c2933e3afabdea942bd11bfab9","id":{"unicity":"33093"},"weightEach":{"value":0},"servingsPerContainer":0,"servingSize":0},"quantity":1,"terms":{"priceEach":162.54,"taxEach":{"amount":16.25},"discountEach":{"amount":0},"pvEach":105},"quantityLimit":{"quantityQuota":-1,"timeFrameDays":-1,"quantityOrdered":0}}]},"currency":"EUR"},{"lines":{"items":[{"item":{"href":"https://hydraqa.unicity.net/v5a-test/items/c451532f63a06f0e9a054e946a1a1c3b","id":{"unicity":"18511"},"weightEach":{"value":50},"servingsPerContainer":30,"servingSize":0},"quantity":1,"terms":{"priceEach":37.29,"taxEach":{"amount":3.73},"discountEach":{"amount":0},"pvEach":23},"quantityLimit":{"quantityQuota":-1,"timeFrameDays":-1,"quantityOrdered":0}}]},"currency":"EUR"},{"lines":{"items":[{"item":{"href":"https://hydraqa.unicity.net/v5a-test/items/4e49c95f12ae7be78e5ffab68b8b3ca6","id":{"unicity":"26422"},"weightEach":{"value":92},"servingsPerContainer":30,"servingSize":0},"quantity":1,"terms":{"priceEach":19,"taxEach":{"amount":1.9},"discountEach":{"amount":0},"pvEach":16},"quantityLimit":{"quantityQuota":-1,"timeFrameDays":-1,"quantityOrdered":0}}]},"currency":"EUR"},{"lines":{"items":[{"item":{"href":"https://hydraqa.unicity.net/v5a-test/items/50e73ecfa509ac20c4a250f9cb32fdfc","id":{"unicity":"27156"},"weightEach":{"value":31},"servingsPerContainer":50,"servingSize":0},"quantity":1,"terms":{"priceEach":20.47,"taxEach":{"amount":2.05},"discountEach":{"amount":0},"pvEach":13},"quantityLimit":{"quantityQuota":-1,"timeFrameDays":-1,"quantityOrdered":0}}]},"currency":"EUR"},{"lines":{"items":[{"item":{"href":"https://hydraqa.unicity.net/v5a-test/items/a7bda1cb4a35343e52791aba56debc4a","id":{"unicity":"27617"},"weightEach":{"value":22.62},"servingsPerContainer":30,"servingSize":0},"quantity":1,"terms":{"priceEach":29.81,"taxEach":{"amount":2.98},"discountEach":{"amount":0},"pvEach":18},"quantityLimit":{"quantityQuota":-1,"timeFrameDays":-1,"quantityOrdered":0}}]},"currency":"EUR"},{"lines":{"items":[{"item":{"href":"https://hydraqa.unicity.net/v5a-test/items/9a6e1d094182389c3da8e0a320ff0e00","id":{"unicity":"27585"},"weightEach":{"value":0},"servingsPerContainer":0,"servingSize":0},"quantity":1,"terms":{"priceEach":61.81,"taxEach":{"amount":6.18},"discountEach":{"amount":0},"pvEach":36},"quantityLimit":{"quantityQuota":-1,"timeFrameDays":-1,"quantityOrdered":0}}]},"currency":"EUR"},{"lines":{"items":[{"item":{"href":"https://hydraqa.unicity.net/v5a-test/items/0c0717a26fcfe40310e906487e8a12f7","id":{"unicity":"28601"},"weightEach":{"value":270},"servingsPerContainer":30,"servingSize":0},"quantity":1,"terms":{"priceEach":74.67,"taxEach":{"amount":7.47},"discountEach":{"amount":0},"pvEach":54},"quantityLimit":{"quantityQuota":-1,"timeFrameDays":-1,"quantityOrdered":0}}]},"currency":"EUR"},{"lines":{"items":[{"item":{"href":"https://hydraqa.unicity.net/v5a-test/items/4790a55c442b5dc75a13b155e78c1842","id":{"unicity":"28604"},"weightEach":{"value":0},"servingsPerContainer":0,"servingSize":0},"quantity":1,"terms":{"priceEach":74.67,"taxEach":{"amount":7.47},"discountEach":{"amount":0},"pvEach":54},"quantityLimit":{"quantityQuota":-1,"timeFrameDays":-1,"quantityOrdered":0}}]},"currency":"EUR"},{"lines":{"items":[{"item":{"href":"https://hydraqa.unicity.net/v5a-test/items/024e696f8b44a1d315006e676604cd31","id":{"unicity":"27395"},"weightEach":{"value":210},"servingsPerContainer":30,"servingSize":0},"quantity":1,"terms":{"priceEach":29.81,"taxEach":{"amount":2.98},"discountEach":{"amount":0},"pvEach":18},"quantityLimit":{"quantityQuota":-1,"timeFrameDays":-1,"quantityOrdered":0}}]},"currency":"EUR"},{"lines":{"items":[{"item":{"href":"https://hydraqa.unicity.net/v5a-test/items/398d06b858b960f6f38086d40608aef2","id":{"unicity":"26560"},"weightEach":{"value":60},"servingsPerContainer":30,"servingSize":0},"quantity":1,"terms":{"priceEach":20.47,"taxEach":{"amount":2.05},"discountEach":{"amount":0},"pvEach":13},"quantityLimit":{"quantityQuota":-1,"timeFrameDays":-1,"quantityOrdered":0}}]},"currency":"EUR"},{"lines":{"items":[{"item":{"href":"https://hydraqa.unicity.net/v5a-test/items/3f2d12d7a0e8551fc99fad3bbe1ba633","id":{"unicity":"26567"},"weightEach":{"value":173.46},"servingsPerContainer":60,"servingSize":0},"quantity":1,"terms":{"priceEach":55.98,"taxEach":{"amount":5.6},"discountEach":{"amount":0},"pvEach":26},"quantityLimit":{"quantityQuota":-1,"timeFrameDays":-1,"quantityOrdered":0}}]},"currency":"EUR"},{"lines":{"items":[{"item":{"href":"https://hydraqa.unicity.net/v5a-test/items/191637167cb3144bd2e8c4615e9ab67e","id":{"unicity":"26568"},"weightEach":{"value":198.24},"servingsPerContainer":60,"servingSize":0},"quantity":1,"terms":{"priceEach":55.98,"taxEach":{"amount":5.6},"discountEach":{"amount":0},"pvEach":26},"quantityLimit":{"quantityQuota":-1,"timeFrameDays":-1,"quantityOrdered":0}}]},"currency":"EUR"},{"lines":{"items":[{"item":{"href":"https://hydraqa.unicity.net/v5a-test/items/64ec7ad932acafab052a4e8800ad1238","id":{"unicity":"24758"},"weightEach":{"value":26.89},"servingsPerContainer":30,"servingSize":0},"quantity":1,"terms":{"priceEach":37.29,"taxEach":{"amount":3.73},"discountEach":{"amount":0},"pvEach":23},"quantityLimit":{"quantityQuota":-1,"timeFrameDays":-1,"quantityOrdered":0}}]},"currency":"EUR"},{"lines":{"items":[{"item":{"href":"https://hydraqa.unicity.net/v5a-test/items/e94fcfc2ccd32bdd994f472b5cce1cb4","id":{"unicity":"27610"},"weightEach":{"value":0},"servingsPerContainer":0,"servingSize":0},"quantity":1,"terms":{"priceEach":55.98,"taxEach":{"amount":5.6},"discountEach":{"amount":0},"pvEach":34},"quantityLimit":{"quantityQuota":-1,"timeFrameDays":-1,"quantityOrdered":0}}]},"currency":"EUR"},{"lines":{"items":[{"item":{"href":"https://hydraqa.unicity.net/v5a-test/items/ab2a2b07b17718843a66bee04ff40624","id":{"unicity":"31402"},"weightEach":{"value":477},"servingsPerContainer":30,"servingSize":0},"quantity":1,"terms":{"priceEach":92.43,"taxEach":{"amount":9.24},"discountEach":{"amount":0},"pvEach":70},"quantityLimit":{"quantityQuota":-1,"timeFrameDays":-1,"quantityOrdered":0}}]},"currency":"EUR"},{"lines":{"items":[{"item":{"href":"https://hydraqa.unicity.net/v5a-test/items/db0a2b02eaabc5ad45fe91ba5c7bcf5a","id":{"unicity":"31772"},"weightEach":{"value":0},"servingsPerContainer":0,"servingSize":0},"quantity":1,"terms":{"priceEach":8.32,"taxEach":{"amount":1.83},"discountEach":{"amount":0},"pvEach":0},"quantityLimit":{"quantityQuota":-1,"timeFrameDays":-1,"quantityOrdered":0}}]},"currency":"EUR"},{"lines":{"items":[{"item":{"href":"https://hydraqa.unicity.net/v5a-test/items/34c8c6b0f454da738e64265f08c57a72","id":{"unicity":"31777"},"weightEach":{"value":100},"servingsPerContainer":0,"servingSize":0},"quantity":1,"terms":{"priceEach":6.22,"taxEach":{"amount":1.37},"discountEach":{"amount":0},"pvEach":3},"quantityLimit":{"quantityQuota":-1,"timeFrameDays":-1,"quantityOrdered":0}}]},"currency":"EUR"},{"lines":{"items":[{"item":{"href":"https://hydraqa.unicity.net/v5a-test/items/fc8583e3bf463b599fdcce05234bc137","id":{"unicity":"31780"},"weightEach":{"value":275},"servingsPerContainer":0,"servingSize":0},"quantity":1,"terms":{"priceEach":8.32,"taxEach":{"amount":1.83},"discountEach":{"amount":0},"pvEach":4},"quantityLimit":{"quantityQuota":-1,"timeFrameDays":-1,"quantityOrdered":0}}]},"currency":"EUR"},{"lines":{"items":[{"item":{"href":"https://hydraqa.unicity.net/v5a-test/items/7e80331c8c25f515174d3f894283a27c","id":{"unicity":"31781"},"weightEach":{"value":275},"servingsPerContainer":0,"servingSize":0},"quantity":1,"terms":{"priceEach":8.32,"taxEach":{"amount":1.83},"discountEach":{"amount":0},"pvEach":4},"quantityLimit":{"quantityQuota":-1,"timeFrameDays":-1,"quantityOrdered":0}}]},"currency":"EUR"},{"lines":{"items":[{"item":{"href":"https://hydraqa.unicity.net/v5a-test/items/8d3854b47de8e45d6fcdc194dffff601","id":{"unicity":"31782"},"weightEach":{"value":50},"servingsPerContainer":0,"servingSize":0},"quantity":1,"terms":{"priceEach":12.52,"taxEach":{"amount":2.75},"discountEach":{"amount":0},"pvEach":6},"quantityLimit":{"quantityQuota":-1,"timeFrameDays":-1,"quantityOrdered":0}}]},"currency":"EUR"},{"lines":{"items":[{"item":{"href":"https://hydraqa.unicity.net/v5a-test/items/04516be30bd9bf93e01536e7fc8f8716","id":{"unicity":"31779"},"weightEach":{"value":350},"servingsPerContainer":0,"servingSize":0},"quantity":1,"terms":{"priceEach":10,"taxEach":{"amount":2.2},"discountEach":{"amount":0},"pvEach":5},"quantityLimit":{"quantityQuota":-1,"timeFrameDays":-1,"quantityOrdered":0}}]},"currency":"EUR"},{"lines":{"items":[{"item":{"href":"https://hydraqa.unicity.net/v5a-test/items/d7e1dd4b19a8672aed99e591356c0d48","id":{"unicity":"31932"},"weightEach":{"value":180},"servingsPerContainer":0,"servingSize":0},"quantity":1,"terms":{"priceEach":6.22,"taxEach":{"amount":1.37},"discountEach":{"amount":0},"pvEach":3},"quantityLimit":{"quantityQuota":-1,"timeFrameDays":-1,"quantityOrdered":0}}]},"currency":"EUR"},{"lines":{"items":[{"item":{"href":"https://hydraqa.unicity.net/v5a-test/items/1aa00306dc0006d365acd7436548f2e6","id":{"unicity":"31778"},"weightEach":{"value":350},"servingsPerContainer":0,"servingSize":0},"quantity":1,"terms":{"priceEach":12.52,"taxEach":{"amount":2.75},"discountEach":{"amount":0},"pvEach":6},"quantityLimit":{"quantityQuota":-1,"timeFrameDays":-1,"quantityOrdered":0}}]},"currency":"EUR"},{"lines":{"items":[{"item":{"href":"https://hydraqa.unicity.net/v5a-test/items/2262fdd5af916c31df08089c191735c1","id":{"unicity":"29317"},"weightEach":{"value":0},"servingsPerContainer":0,"servingSize":0},"quantity":1,"terms":{"priceEach":25.21,"taxEach":{"amount":5.55},"discountEach":{"amount":0},"pvEach":0},"quantityLimit":{"quantityQuota":-1,"timeFrameDays":-1,"quantityOrdered":0}}]},"currency":"EUR"},{"lines":{"items":[{"item":{"href":"https://hydraqa.unicity.net/v5a-test/items/d92292ba2f23c030e4a1f63eb3ebe1ce","id":{"unicity":"27158"},"weightEach":{"value":454},"servingsPerContainer":45,"servingSize":0},"quantity":1,"terms":{"priceEach":27.94,"taxEach":{"amount":2.79},"discountEach":{"amount":0},"pvEach":23},"quantityLimit":{"quantityQuota":-1,"timeFrameDays":-1,"quantityOrdered":0}}]},"currency":"EUR"},{"lines":{"items":[{"item":{"href":"https://hydraqa.unicity.net/v5a-test/items/03eba2365025ccd85818846a83a16f47","id":{"unicity":"27163"},"weightEach":{"value":258},"servingsPerContainer":30,"servingSize":0},"quantity":1,"terms":{"priceEach":74.67,"taxEach":{"amount":7.47},"discountEach":{"amount":0},"pvEach":54},"quantityLimit":{"quantityQuota":-1,"timeFrameDays":-1,"quantityOrdered":0}}]},"currency":"EUR"},{"lines":{"items":[{"item":{"href":"https://hydraqa.unicity.net/v5a-test/items/112b8c39286598b3730f630f371a45f4","id":{"unicity":"27587"},"weightEach":{"value":690},"servingsPerContainer":30,"servingSize":0},"quantity":1,"terms":{"priceEach":55.98,"taxEach":{"amount":5.6},"discountEach":{"amount":0},"pvEach":34},"quantityLimit":{"quantityQuota":-1,"timeFrameDays":-1,"quantityOrdered":0}}]},"currency":"EUR"},{"lines":{"items":[{"item":{"href":"https://hydraqa.unicity.net/v5a-test/items/4b2034f47fce90b87bba28c5c2d7c25d","id":{"unicity":"15880"},"weightEach":{"value":51.5},"servingsPerContainer":90,"servingSize":0},"quantity":1,"terms":{"priceEach":51.31,"taxEach":{"amount":5.13},"discountEach":{"amount":0},"pvEach":33},"quantityLimit":{"quantityQuota":-1,"timeFrameDays":-1,"quantityOrdered":0}}]},"currency":"EUR"},{"lines":{"items":[{"item":{"href":"https://hydraqa.unicity.net/v5a-test/items/e218d1cac5f31e7ae4f5876c29c57377","id":{"unicity":"29017"},"weightEach":{"value":52.8},"servingsPerContainer":60,"servingSize":0},"quantity":1,"terms":{"priceEach":37.29,"taxEach":{"amount":3.73},"discountEach":{"amount":0},"pvEach":23},"quantityLimit":{"quantityQuota":-1,"timeFrameDays":-1,"quantityOrdered":0}}]},"currency":"EUR"},{"lines":{"items":[{"item":{"href":"https://hydraqa.unicity.net/v5a-test/items/606f7be753c74dfbfe4b107276775140","id":{"unicity":"29821"},"weightEach":{"value":133.5},"servingsPerContainer":30,"servingSize":0},"quantity":1,"terms":{"priceEach":79.35,"taxEach":{"amount":7.94},"discountEach":{"amount":0},"pvEach":59},"quantityLimit":{"quantityQuota":-1,"timeFrameDays":-1,"quantityOrdered":0}}]},"currency":"EUR"},{"lines":{"items":[{"item":{"href":"https://hydraqa.unicity.net/v5a-test/items/94939f9be900906d2b47260ccba22a7b","id":{"unicity":"32012"},"weightEach":{"value":420},"servingsPerContainer":20,"servingSize":0},"quantity":1,"terms":{"priceEach":13.93,"taxEach":{"amount":1.39},"discountEach":{"amount":0},"pvEach":6},"quantityLimit":{"quantityQuota":-1,"timeFrameDays":-1,"quantityOrdered":0}}]},"currency":"EUR"},{"lines":{"items":[{"item":{"href":"https://hydraqa.unicity.net/v5a-test/items/2c4c1abe00983e85aaa918d2ce341491","id":{"unicity":"17174"},"weightEach":{"value":49.72},"servingsPerContainer":100,"servingSize":0},"quantity":1,"terms":{"priceEach":37.29,"taxEach":{"amount":3.73},"discountEach":{"amount":0},"pvEach":23},"quantityLimit":{"quantityQuota":-1,"timeFrameDays":-1,"quantityOrdered":0}}]},"currency":"EUR"},{"lines":{"items":[{"item":{"href":"https://hydraqa.unicity.net/v5a-test/items/991cdbb84a495779eb209fb3956a77e4","id":{"unicity":"29183"},"weightEach":{"value":50},"servingsPerContainer":0,"servingSize":0},"quantity":1,"terms":{"priceEach":31.01,"taxEach":{"amount":6.82},"discountEach":{"amount":0},"pvEach":18},"quantityLimit":{"quantityQuota":-1,"timeFrameDays":-1,"quantityOrdered":0}}]},"currency":"EUR"},{"lines":{"items":[{"item":{"href":"https://hydraqa.unicity.net/v5a-test/items/0e78fbdfebef11cd62f8d2120064ee58","id":{"unicity":"30280"},"weightEach":{"value":30},"servingsPerContainer":0,"servingSize":0},"quantity":1,"terms":{"priceEach":33.53,"taxEach":{"amount":7.38},"discountEach":{"amount":0},"pvEach":20},"quantityLimit":{"quantityQuota":-1,"timeFrameDays":-1,"quantityOrdered":0}}]},"currency":"EUR"},{"lines":{"items":[{"item":{"href":"https://hydraqa.unicity.net/v5a-test/items/beb900429fbb160dbfc3001c14d96df4","id":{"unicity":"29187"},"weightEach":{"value":30},"servingsPerContainer":0,"servingSize":0},"quantity":1,"terms":{"priceEach":37.73,"taxEach":{"amount":8.3},"discountEach":{"amount":0},"pvEach":24},"quantityLimit":{"quantityQuota":-1,"timeFrameDays":-1,"quantityOrdered":0}}]},"currency":"EUR"},{"lines":{"items":[{"item":{"href":"https://hydraqa.unicity.net/v5a-test/items/1b0412bea8c0b841c66f65a36aa14108","id":{"unicity":"29191"},"weightEach":{"value":30},"servingsPerContainer":0,"servingSize":0},"quantity":1,"terms":{"priceEach":37.73,"taxEach":{"amount":8.3},"discountEach":{"amount":0},"pvEach":24},"quantityLimit":{"quantityQuota":-1,"timeFrameDays":-1,"quantityOrdered":0}}]},"currency":"EUR"},{"lines":{"items":[{"item":{"href":"https://hydraqa.unicity.net/v5a-test/items/52c87f74d3b41ed49b0f897b66c2a99b","id":{"unicity":"30684"},"weightEach":{"value":450},"servingsPerContainer":30,"servingSize":0},"quantity":1,"terms":{"priceEach":37.29,"taxEach":{"amount":3.73},"discountEach":{"amount":0},"pvEach":23},"quantityLimit":{"quantityQuota":-1,"timeFrameDays":-1,"quantityOrdered":0}}]},"currency":"EUR"},{"lines":{"items":[{"item":{"href":"https://hydraqa.unicity.net/v5a-test/items/90f38f77c9e6ea5a71aa7377df83760b","id":{"unicity":"30198"},"weightEach":{"value":0},"servingsPerContainer":0,"servingSize":0},"quantity":1,"terms":{"priceEach":19,"taxEach":{"amount":1.9},"discountEach":{"amount":0},"pvEach":16},"quantityLimit":{"quantityQuota":-1,"timeFrameDays":-1,"quantityOrdered":0}}]},"currency":"EUR"},{"lines":{"items":[{"item":{"href":"https://hydraqa.unicity.net/v5a-test/items/7e5e7df32701fd44947c8146f2129f7a","id":{"unicity":"31672"},"weightEach":{"value":270},"servingsPerContainer":15,"servingSize":0},"quantity":1,"terms":{"priceEach":74.67,"taxEach":{"amount":7.47},"discountEach":{"amount":0},"pvEach":54},"quantityLimit":{"quantityQuota":-1,"timeFrameDays":-1,"quantityOrdered":0}}]},"currency":"EUR"},{"lines":{"items":[{"item":{"href":"https://hydraqa.unicity.net/v5a-test/items/493c2ba720f847422eccc5da35024f33","id":{"unicity":"31534"},"weightEach":{"value":95},"servingsPerContainer":60,"servingSize":0},"quantity":1,"terms":{"priceEach":26.07,"taxEach":{"amount":2.61},"discountEach":{"amount":0},"pvEach":16},"quantityLimit":{"quantityQuota":-1,"timeFrameDays":-1,"quantityOrdered":0}}]},"currency":"EUR"},{"lines":{"items":[{"item":{"href":"https://hydraqa.unicity.net/v5a-test/items/fbb6dbd577adb73abaec364076fb288f","id":{"unicity":"32087"},"weightEach":{"value":600},"servingsPerContainer":10,"servingSize":0},"quantity":1,"terms":{"priceEach":20.47,"taxEach":{"amount":2.05},"discountEach":{"amount":0},"pvEach":9},"quantityLimit":{"quantityQuota":-1,"timeFrameDays":-1,"quantityOrdered":0}}]},"currency":"EUR"},{"lines":{"items":[{"item":{"href":"https://hydraqa.unicity.net/v5a-test/items/1bd53de7fe880ba71f46c9976ca2c137","id":{"unicity":"27739"},"weightEach":{"value":0},"servingsPerContainer":0,"servingSize":0},"quantity":1,"terms":{"priceEach":37.29,"taxEach":{"amount":3.73},"discountEach":{"amount":0},"pvEach":23},"quantityLimit":{"quantityQuota":-1,"timeFrameDays":-1,"quantityOrdered":0}}]},"currency":"EUR"},{"lines":{"items":[{"item":{"href":"https://hydraqa.unicity.net/v5a-test/items/217ca02fbd24e21ca5281412756238ab","id":{"unicity":"32126"},"weightEach":{"value":0},"servingsPerContainer":0,"servingSize":0},"quantity":1,"terms":{"priceEach":152.24,"taxEach":{"amount":16.22},"discountEach":{"amount":0},"pvEach":101},"quantityLimit":{"quantityQuota":-1,"timeFrameDays":-1,"quantityOrdered":0}}]},"currency":"EUR"},{"lines":{"items":[{"item":{"href":"https://hydraqa.unicity.net/v5a-test/items/808008a0657d2033ad471c39bbce9891","id":{"unicity":"32127"},"weightEach":{"value":0},"servingsPerContainer":0,"servingSize":0},"quantity":1,"terms":{"priceEach":162.34,"taxEach":{"amount":16.23},"discountEach":{"amount":0},"pvEach":113},"quantityLimit":{"quantityQuota":-1,"timeFrameDays":-1,"quantityOrdered":0}}]},"currency":"EUR"},{"lines":{"items":[{"item":{"href":"https://hydraqa.unicity.net/v5a-test/items/10df0fc3509b53cbeaeb9476ca92d520","id":{"unicity":"29833"},"weightEach":{"value":0},"servingsPerContainer":0,"servingSize":0},"quantity":1,"terms":{"priceEach":90.56,"taxEach":{"amount":9.06},"discountEach":{"amount":0},"pvEach":69},"quantityLimit":{"quantityQuota":-1,"timeFrameDays":-1,"quantityOrdered":0}}]},"currency":"EUR"},{"lines":{"items":[{"item":{"href":"https://hydraqa.unicity.net/v5a-test/items/b90fda77fbdf07131e0e60b87941cf76","id":{"unicity":"32755"},"weightEach":{"value":0},"servingsPerContainer":0,"servingSize":0},"quantity":1,"terms":{"priceEach":758.54,"taxEach":{"amount":166.88},"discountEach":{"amount":0},"pvEach":503},"quantityLimit":{"quantityQuota":-1,"timeFrameDays":-1,"quantityOrdered":0}}]},"currency":"EUR"},{"lines":{"items":[{"item":{"href":"https://hydraqa.unicity.net/v5a-test/items/3ab3ce55100f6593f04ec4a0d328a0b5","id":{"unicity":"32756"},"weightEach":{"value":0},"servingsPerContainer":0,"servingSize":0},"quantity":1,"terms":{"priceEach":1517.09,"taxEach":{"amount":333.76},"discountEach":{"amount":0},"pvEach":1006},"quantityLimit":{"quantityQuota":-1,"timeFrameDays":-1,"quantityOrdered":0}}]},"currency":"EUR"},{"lines":{"items":[{"item":{"href":"https://hydraqa.unicity.net/v5a-test/items/36c1237572a0cc563fad27fcfd6abcf1","id":{"unicity":"32967"},"weightEach":{"value":0},"servingsPerContainer":0,"servingSize":0},"quantity":1,"terms":{"priceEach":1136.56,"taxEach":{"amount":250.04},"discountEach":{"amount":0},"pvEach":800},"quantityLimit":{"quantityQuota":-1,"timeFrameDays":-1,"quantityOrdered":0}}]},"currency":"EUR"},{"lines":{"items":[{"item":{"href":"https://hydraqa.unicity.net/v5a-test/items/817e062d5600cad31f527fbfa764a0fa","id":{"unicity":"32968"},"weightEach":{"value":0},"servingsPerContainer":0,"servingSize":0},"quantity":1,"terms":{"priceEach":2273.12,"taxEach":{"amount":500.09},"discountEach":{"amount":0},"pvEach":1600},"quantityLimit":{"quantityQuota":-1,"timeFrameDays":-1,"quantityOrdered":0}}]},"currency":"EUR"},{"lines":{"items":[{"item":{"href":"https://hydraqa.unicity.net/v5a-test/items/81b61d497458d50a6893cf18a065539c","id":{"unicity":"32965"},"weightEach":{"value":0},"servingsPerContainer":0,"servingSize":0},"quantity":1,"terms":{"priceEach":690.84,"taxEach":{"amount":151.98},"discountEach":{"amount":0},"pvEach":456},"quantityLimit":{"quantityQuota":-1,"timeFrameDays":-1,"quantityOrdered":0}}]},"currency":"EUR"},{"lines":{"items":[{"item":{"href":"https://hydraqa.unicity.net/v5a-test/items/ab1f0744e0ce56260af7928f7bf04478","id":{"unicity":"32966"},"weightEach":{"value":0},"servingsPerContainer":0,"servingSize":0},"quantity":1,"terms":{"priceEach":1381.68,"taxEach":{"amount":303.97},"discountEach":{"amount":0},"pvEach":912},"quantityLimit":{"quantityQuota":-1,"timeFrameDays":-1,"quantityOrdered":0}}]},"currency":"EUR"},{"lines":{"items":[{"item":{"href":"https://hydraqa.unicity.net/v5a-test/items/2faa0a2bcdeed39b7569e085fe880a23","id":{"unicity":"33097"},"weightEach":{"value":0},"servingsPerContainer":0,"servingSize":0},"quantity":1,"terms":{"priceEach":703.21,"taxEach":{"amount":70.32},"discountEach":{"amount":0},"pvEach":500},"quantityLimit":{"quantityQuota":-1,"timeFrameDays":-1,"quantityOrdered":0}}]},"currency":"EUR"},{"lines":{"items":[{"item":{"href":"https://hydraqa.unicity.net/v5a-test/items/3196d0b751f9119076e364a1cb03fa18","id":{"unicity":"33095"},"weightEach":{"value":0},"servingsPerContainer":0,"servingSize":0},"quantity":1,"terms":{"priceEach":740.99,"taxEach":{"amount":74.1},"discountEach":{"amount":0},"pvEach":514},"quantityLimit":{"quantityQuota":-1,"timeFrameDays":-1,"quantityOrdered":0}}]},"currency":"EUR"},{"lines":{"items":[{"item":{"href":"https://hydraqa.unicity.net/v5a-test/items/9c43de3dc98337bf964013caa56e3e98","id":{"unicity":"33098"},"weightEach":{"value":0},"servingsPerContainer":0,"servingSize":0},"quantity":1,"terms":{"priceEach":1406.42,"taxEach":{"amount":140.64},"discountEach":{"amount":0},"pvEach":1000},"quantityLimit":{"quantityQuota":-1,"timeFrameDays":-1,"quantityOrdered":0}}]},"currency":"EUR"},{"lines":{"items":[{"item":{"href":"https://hydraqa.unicity.net/v5a-test/items/bdcb8e96238e2243278e5627f9a5f893","id":{"unicity":"33096"},"weightEach":{"value":0},"servingsPerContainer":0,"servingSize":0},"quantity":1,"terms":{"priceEach":1481.98,"taxEach":{"amount":148.2},"discountEach":{"amount":0},"pvEach":1028},"quantityLimit":{"quantityQuota":-1,"timeFrameDays":-1,"quantityOrdered":0}}]},"currency":"EUR"},{"lines":{"items":[{"item":{"href":"https://hydraqa.unicity.net/v5a-test/items/332daeac6796ed016ea8b7d0bc42c2d4","id":{"unicity":"24274"},"weightEach":{"value":0},"servingsPerContainer":0,"servingSize":0},"quantity":1,"terms":{"priceEach":7.48,"taxEach":{"amount":1.65},"discountEach":{"amount":0},"pvEach":0},"quantityLimit":{"quantityQuota":-1,"timeFrameDays":-1,"quantityOrdered":0}}]},"currency":"EUR"},{"lines":{"items":[{"item":{"href":"https://hydraqa.unicity.net/v5a-test/items/1945faa1776541d53120ecfe3c1d8a2b","id":{"unicity":"24418"},"weightEach":{"value":0},"servingsPerContainer":0,"servingSize":0},"quantity":1,"terms":{"priceEach":4.96,"taxEach":{"amount":1.09},"discountEach":{"amount":0},"pvEach":0},"quantityLimit":{"quantityQuota":-1,"timeFrameDays":-1,"quantityOrdered":0}}]},"currency":"EUR"},{"lines":{"items":[{"item":{"href":"https://hydraqa.unicity.net/v5a-test/items/10da226fab00279b4f89df10af2a10b7","id":{"unicity":"26442"},"weightEach":{"value":0},"servingsPerContainer":0,"servingSize":0},"quantity":1,"terms":{"priceEach":5.8,"taxEach":{"amount":1.28},"discountEach":{"amount":0},"pvEach":0},"quantityLimit":{"quantityQuota":-1,"timeFrameDays":-1,"quantityOrdered":0}}]},"currency":"EUR"},{"lines":{"items":[{"item":{"href":"https://hydraqa.unicity.net/v5a-test/items/5147f8cfe32548e02fc158d4da9c4d6f","id":{"unicity":"27150"},"weightEach":{"value":0},"servingsPerContainer":0,"servingSize":0},"quantity":1,"terms":{"priceEach":93.36,"taxEach":{"amount":9.34},"discountEach":{"amount":0},"pvEach":70},"quantityLimit":{"quantityQuota":-1,"timeFrameDays":-1,"quantityOrdered":0}}]},"currency":"EUR"},{"lines":{"items":[{"item":{"href":"https://hydraqa.unicity.net/v5a-test/items/ac37bf51ff7e4fe860da8457f6ce0425","id":{"unicity":"27166"},"weightEach":{"value":270},"servingsPerContainer":30,"servingSize":0},"quantity":1,"terms":{"priceEach":74.67,"taxEach":{"amount":7.47},"discountEach":{"amount":0},"pvEach":54},"quantityLimit":{"quantityQuota":-1,"timeFrameDays":-1,"quantityOrdered":0}}]},"currency":"EUR"},{"lines":{"items":[{"item":{"href":"https://hydraqa.unicity.net/v5a-test/items/fc6a55f19d99547a667b22a83c35ca13","id":{"unicity":"27436"},"weightEach":{"value":0},"servingsPerContainer":0,"servingSize":0},"quantity":1,"terms":{"priceEach":74.67,"taxEach":{"amount":7.47},"discountEach":{"amount":0},"pvEach":53},"quantityLimit":{"quantityQuota":-1,"timeFrameDays":-1,"quantityOrdered":0}}]},"currency":"EUR"},{"lines":{"items":[{"item":{"href":"https://hydraqa.unicity.net/v5a-test/items/1f59b10f0bef99fa20e4b9b0b4efea88","id":{"unicity":"32333"},"weightEach":{"value":0},"servingsPerContainer":0,"servingSize":0},"quantity":1,"terms":{"priceEach":9.16,"taxEach":{"amount":2.02},"discountEach":{"amount":0},"pvEach":0},"quantityLimit":{"quantityQuota":-1,"timeFrameDays":-1,"quantityOrdered":0}}]},"currency":"EUR"},{"lines":{"items":[{"item":{"href":"https://hydraqa.unicity.net/v5a-test/items/592aef9ec417f4553dc0b62a91a1f5e0","id":{"unicity":"32330"},"weightEach":{"value":0},"servingsPerContainer":0,"servingSize":0},"quantity":1,"terms":{"priceEach":93.36,"taxEach":{"amount":9.34},"discountEach":{"amount":0},"pvEach":55},"quantityLimit":{"quantityQuota":-1,"timeFrameDays":-1,"quantityOrdered":0}}]},"currency":"EUR"},{"lines":{"items":[{"item":{"href":"https://hydraqa.unicity.net/v5a-test/items/87dd58dff9eb54a10b652443e7279a1e","id":{"unicity":"32693"},"weightEach":{"value":0},"servingsPerContainer":0,"servingSize":0},"quantity":1,"terms":{"priceEach":79.35,"taxEach":{"amount":7.94},"discountEach":{"amount":0},"pvEach":59},"quantityLimit":{"quantityQuota":-1,"timeFrameDays":-1,"quantityOrdered":0}}]},"currency":"EUR"}]}
Entry request : {"order":{"customer":{"href":"https://hydraqa.unicity.net/v5a-test/customers?type=Associate"},"shipToAddress":{"country":"IT"}},"vary":{"lines":{"items":[{"item":{"href":"https://hydraqa.unicity.net/v5a-test/items?id.unicity=25738|31763|31951|31952|32128|32129|32130|32132|32133|32134|32135|32136|32137|32138|32125|32699|33092|33094|33093|18511|26422|27156|27160|27617|27660|27585|28601|28604|27395|26560|26567|26568|24758|29838|27610|31402|31772|31777|31780|31781|31782|31779|31932|31778|32556|29317|27158|27163|27575|27587|15880|29017|29821|32012|17174|29183|30280|29187|29191|30684|30198|31672|31534|32087|27739|32126|32127|29833|32755|32756|32967|32968|32965|32966|33097|33095|33098|33096|20750|24274|24418|26442|27150|27166|27436|32333|32330|32693"}}]}}}
Total Pv Greater then 500 - 627
[https://hydraqa.unicity.net/v5a-test/items?id.unicity=32127, https://hydraqa.unicity.net/v5a-test/items?id.unicity=33095]
Request URL: https://hydraqa.unicity.net/v5a-test/customers.js?callback=angular.callbacks._1&expand=customer,profilePicture&id.unicity=2
Request URL: https://hydraqa.unicity.net/v5a-test/customers.js?_httpMethod=HEAD&callback=angular.callbacks._7&email=KTBRRN@gmail.com
Request URL: https://hydraqa.unicity.net/v5a-test/shippingmethods.js?callback=angular.callbacks._a&destination=IT&market=IT
]]></system-out>
    <system-err><![CDATA[Starting ChromeDriver 2.36.540470 (e522d04694c7ebea4ba8821272dbef4f9b818c91) on port 33183
Only local connections are allowed.
Oct 18, 2020 11:03:02 AM org.openqa.selenium.remote.ProtocolHandshake createSession
INFO: Detected dialect: OSS
]]></system-err>
  </testcase>
  <testcase name="Enroll" classname="Tests.FranchisePartner" time="239.722">
    <failure message="Major Packs expected [[https://hydraqa.unicity.net/v5a-test/items?id.unicity=29317, https://hydraqa.unicity.net/v5a-test/items?id.unicity=32127, https://hydraqa.unicity.net/v5a-test/items?id.unicity=33095]] but found [[https://hydraqa.unicity.net/v5a-test/items?id.unicity=32127, https://hydraqa.unicity.net/v5a-test/items?id.unicity=33095]]" type="java.lang.AssertionError">java.lang.AssertionError: Major Packs expected [[https://hydraqa.unicity.net/v5a-test/items?id.unicity=29317, https://hydraqa.unicity.net/v5a-test/items?id.unicity=32127, https://hydraqa.unicity.net/v5a-test/items?id.unicity=33095]] but found [[https://hydraqa.unicity.net/v5a-test/items?id.unicity=32127, https://hydraqa.unicity.net/v5a-test/items?id.unicity=33095]]
	at Tests.FranchisePartner.Enroll(FranchisePartner.java:252)
</failure>
    <system-out><![CDATA[Request URL: https://hydraqa.unicity.net/v5a-test/quotes?&expand=item
Entry Quotes response : {"items":[{"lines":{"items":[{"item":{"href":"https://hydraqa.unicity.net/v5a-test/items/8ebe36e26bc7f2559920b09303d22826","id":{"unicity":"25738"},"weightEach":{"value":0},"servingsPerContainer":0,"servingSize":0},"quantity":1,"terms":{"priceEach":233,"taxEach":{"amount":23.3},"discountEach":{"amount":0},"pvEach":172},"quantityLimit":{"quantityQuota":-1,"timeFrameDays":-1,"quantityOrdered":0}}]},"currency":"EUR"},{"lines":{"items":[{"item":{"href":"https://hydraqa.unicity.net/v5a-test/items/31cb0679f65df8fa9a4fc3d7e38b72b3","id":{"unicity":"31763"},"weightEach":{"value":0},"servingsPerContainer":0,"servingSize":0},"quantity":1,"terms":{"priceEach":243.3,"taxEach":{"amount":24.33},"discountEach":{"amount":0},"pvEach":181},"quantityLimit":{"quantityQuota":-1,"timeFrameDays":-1,"quantityOrdered":0}}]},"currency":"EUR"},{"lines":{"items":[{"item":{"href":"https://hydraqa.unicity.net/v5a-test/items/e9991b48ac639367d526d2b9b22fac8c","id":{"unicity":"32128"},"weightEach":{"value":0},"servingsPerContainer":0,"servingSize":0},"quantity":1,"terms":{"priceEach":371.87,"taxEach":{"amount":37.19},"discountEach":{"amount":0},"pvEach":253},"quantityLimit":{"quantityQuota":-1,"timeFrameDays":-1,"quantityOrdered":0}}]},"currency":"EUR"},{"lines":{"items":[{"item":{"href":"https://hydraqa.unicity.net/v5a-test/items/40b3312de189221d96d838d33a8ec49d","id":{"unicity":"32129"},"weightEach":{"value":0},"servingsPerContainer":0,"servingSize":0},"quantity":1,"terms":{"priceEach":371.87,"taxEach":{"amount":37.19},"discountEach":{"amount":0},"pvEach":254},"quantityLimit":{"quantityQuota":-1,"timeFrameDays":-1,"quantityOrdered":0}}]},"currency":"EUR"},{"lines":{"items":[{"item":{"href":"https://hydraqa.unicity.net/v5a-test/items/6bd168a66ce41003a8f30917deff5808","id":{"unicity":"32130"},"weightEach":{"value":0},"servingsPerContainer":0,"servingSize":0},"quantity":1,"terms":{"priceEach":363.46,"taxEach":{"amount":36.35},"discountEach":{"amount":0},"pvEach":252},"quantityLimit":{"quantityQuota":-1,"timeFrameDays":-1,"quantityOrdered":0}}]},"currency":"EUR"},{"lines":{"items":[{"item":{"href":"https://hydraqa.unicity.net/v5a-test/items/806f99b793edd7cd0b1c158ba0eb3142","id":{"unicity":"32132"},"weightEach":{"value":0},"servingsPerContainer":0,"servingSize":0},"quantity":1,"terms":{"priceEach":355.98,"taxEach":{"amount":35.6},"discountEach":{"amount":0},"pvEach":253},"quantityLimit":{"quantityQuota":-1,"timeFrameDays":-1,"quantityOrdered":0}}]},"currency":"EUR"},{"lines":{"items":[{"item":{"href":"https://hydraqa.unicity.net/v5a-test/items/e3d382d99fde8659cb146b54116e7654","id":{"unicity":"32133"},"weightEach":{"value":0},"servingsPerContainer":0,"servingSize":0},"quantity":1,"terms":{"priceEach":364.39,"taxEach":{"amount":36.44},"discountEach":{"amount":0},"pvEach":252},"quantityLimit":{"quantityQuota":-1,"timeFrameDays":-1,"quantityOrdered":0}}]},"currency":"EUR"},{"lines":{"items":[{"item":{"href":"https://hydraqa.unicity.net/v5a-test/items/022f109fe6e5eae3e521295a5cb94c60","id":{"unicity":"32134"},"weightEach":{"value":0},"servingsPerContainer":0,"servingSize":0},"quantity":1,"terms":{"priceEach":144.77,"taxEach":{"amount":14.48},"discountEach":{"amount":0},"pvEach":101},"quantityLimit":{"quantityQuota":-1,"timeFrameDays":-1,"quantityOrdered":0}}]},"currency":"EUR"},{"lines":{"items":[{"item":{"href":"https://hydraqa.unicity.net/v5a-test/items/ded00960d5e948dd8e511a9c752e1ff9","id":{"unicity":"32135"},"weightEach":{"value":0},"servingsPerContainer":0,"servingSize":0},"quantity":1,"terms":{"priceEach":154.11,"taxEach":{"amount":15.41},"discountEach":{"amount":0},"pvEach":113},"quantityLimit":{"quantityQuota":-1,"timeFrameDays":-1,"quantityOrdered":0}}]},"currency":"EUR"},{"lines":{"items":[{"item":{"href":"https://hydraqa.unicity.net/v5a-test/items/166a69d45c4ae40278554e24d5f40443","id":{"unicity":"32137"},"weightEach":{"value":0},"servingsPerContainer":0,"servingSize":0},"quantity":1,"terms":{"priceEach":168.13,"taxEach":{"amount":16.81},"discountEach":{"amount":0},"pvEach":118},"quantityLimit":{"quantityQuota":-1,"timeFrameDays":-1,"quantityOrdered":0}}]},"currency":"EUR"},{"lines":{"items":[{"item":{"href":"https://hydraqa.unicity.net/v5a-test/items/d04a0b8762b20202b6273114fb7302d1","id":{"unicity":"32138"},"weightEach":{"value":0},"servingsPerContainer":0,"servingSize":0},"quantity":1,"terms":{"priceEach":224.21,"taxEach":{"amount":22.42},"discountEach":{"amount":0},"pvEach":152},"quantityLimit":{"quantityQuota":-1,"timeFrameDays":-1,"quantityOrdered":0}}]},"currency":"EUR"},{"lines":{"items":[{"item":{"href":"https://hydraqa.unicity.net/v5a-test/items/e13d0b5c40704ad5dd186959367c97f1","id":{"unicity":"32125"},"weightEach":{"value":0},"servingsPerContainer":0,"servingSize":0},"quantity":1,"terms":{"priceEach":373.74,"taxEach":{"amount":37.37},"discountEach":{"amount":0},"pvEach":250},"quantityLimit":{"quantityQuota":-1,"timeFrameDays":-1,"quantityOrdered":0}}]},"currency":"EUR"},{"lines":{"items":[{"item":{"href":"https://hydraqa.unicity.net/v5a-test/items/def68d31fb89b7c22a71f384e32f03d7","id":{"unicity":"32699"},"weightEach":{"value":0},"servingsPerContainer":0,"servingSize":0},"quantity":1,"terms":{"priceEach":284.14,"taxEach":{"amount":28.41},"discountEach":{"amount":0},"pvEach":200},"quantityLimit":{"quantityQuota":-1,"timeFrameDays":-1,"quantityOrdered":0}}]},"currency":"EUR"},{"lines":{"items":[{"item":{"href":"https://hydraqa.unicity.net/v5a-test/items/b23be76d5816f93f8e9b7ab0665d5021","id":{"unicity":"33092"},"weightEach":{"value":0},"servingsPerContainer":0,"servingSize":0},"quantity":1,"terms":{"priceEach":149.34,"taxEach":{"amount":14.93},"discountEach":{"amount":0},"pvEach":108},"quantityLimit":{"quantityQuota":-1,"timeFrameDays":-1,"quantityOrdered":0}}]},"currency":"EUR"},{"lines":{"items":[{"item":{"href":"https://hydraqa.unicity.net/v5a-test/items/bbe21adcac1fcadfcf1a1ebb99ec5de9","id":{"unicity":"33094"},"weightEach":{"value":0},"servingsPerContainer":0,"servingSize":0},"quantity":1,"terms":{"priceEach":172.71,"taxEach":{"amount":17.27},"discountEach":{"amount":0},"pvEach":114},"quantityLimit":{"quantityQuota":-1,"timeFrameDays":-1,"quantityOrdered":0}}]},"currency":"EUR"},{"lines":{"items":[{"item":{"href":"https://hydraqa.unicity.net/v5a-test/items/287b72c2933e3afabdea942bd11bfab9","id":{"unicity":"33093"},"weightEach":{"value":0},"servingsPerContainer":0,"servingSize":0},"quantity":1,"terms":{"priceEach":162.54,"taxEach":{"amount":16.25},"discountEach":{"amount":0},"pvEach":105},"quantityLimit":{"quantityQuota":-1,"timeFrameDays":-1,"quantityOrdered":0}}]},"currency":"EUR"},{"lines":{"items":[{"item":{"href":"https://hydraqa.unicity.net/v5a-test/items/c451532f63a06f0e9a054e946a1a1c3b","id":{"unicity":"18511"},"weightEach":{"value":50},"servingsPerContainer":30,"servingSize":0},"quantity":1,"terms":{"priceEach":37.29,"taxEach":{"amount":3.73},"discountEach":{"amount":0},"pvEach":23},"quantityLimit":{"quantityQuota":-1,"timeFrameDays":-1,"quantityOrdered":0}}]},"currency":"EUR"},{"lines":{"items":[{"item":{"href":"https://hydraqa.unicity.net/v5a-test/items/4e49c95f12ae7be78e5ffab68b8b3ca6","id":{"unicity":"26422"},"weightEach":{"value":92},"servingsPerContainer":30,"servingSize":0},"quantity":1,"terms":{"priceEach":19,"taxEach":{"amount":1.9},"discountEach":{"amount":0},"pvEach":16},"quantityLimit":{"quantityQuota":-1,"timeFrameDays":-1,"quantityOrdered":0}}]},"currency":"EUR"},{"lines":{"items":[{"item":{"href":"https://hydraqa.unicity.net/v5a-test/items/50e73ecfa509ac20c4a250f9cb32fdfc","id":{"unicity":"27156"},"weightEach":{"value":31},"servingsPerContainer":50,"servingSize":0},"quantity":1,"terms":{"priceEach":20.47,"taxEach":{"amount":2.05},"discountEach":{"amount":0},"pvEach":13},"quantityLimit":{"quantityQuota":-1,"timeFrameDays":-1,"quantityOrdered":0}}]},"currency":"EUR"},{"lines":{"items":[{"item":{"href":"https://hydraqa.unicity.net/v5a-test/items/a7bda1cb4a35343e52791aba56debc4a","id":{"unicity":"27617"},"weightEach":{"value":22.62},"servingsPerContainer":30,"servingSize":0},"quantity":1,"terms":{"priceEach":29.81,"taxEach":{"amount":2.98},"discountEach":{"amount":0},"pvEach":18},"quantityLimit":{"quantityQuota":-1,"timeFrameDays":-1,"quantityOrdered":0}}]},"currency":"EUR"},{"lines":{"items":[{"item":{"href":"https://hydraqa.unicity.net/v5a-test/items/9a6e1d094182389c3da8e0a320ff0e00","id":{"unicity":"27585"},"weightEach":{"value":0},"servingsPerContainer":0,"servingSize":0},"quantity":1,"terms":{"priceEach":61.81,"taxEach":{"amount":6.18},"discountEach":{"amount":0},"pvEach":36},"quantityLimit":{"quantityQuota":-1,"timeFrameDays":-1,"quantityOrdered":0}}]},"currency":"EUR"},{"lines":{"items":[{"item":{"href":"https://hydraqa.unicity.net/v5a-test/items/0c0717a26fcfe40310e906487e8a12f7","id":{"unicity":"28601"},"weightEach":{"value":270},"servingsPerContainer":30,"servingSize":0},"quantity":1,"terms":{"priceEach":74.67,"taxEach":{"amount":7.47},"discountEach":{"amount":0},"pvEach":54},"quantityLimit":{"quantityQuota":-1,"timeFrameDays":-1,"quantityOrdered":0}}]},"currency":"EUR"},{"lines":{"items":[{"item":{"href":"https://hydraqa.unicity.net/v5a-test/items/4790a55c442b5dc75a13b155e78c1842","id":{"unicity":"28604"},"weightEach":{"value":0},"servingsPerContainer":0,"servingSize":0},"quantity":1,"terms":{"priceEach":74.67,"taxEach":{"amount":7.47},"discountEach":{"amount":0},"pvEach":54},"quantityLimit":{"quantityQuota":-1,"timeFrameDays":-1,"quantityOrdered":0}}]},"currency":"EUR"},{"lines":{"items":[{"item":{"href":"https://hydraqa.unicity.net/v5a-test/items/024e696f8b44a1d315006e676604cd31","id":{"unicity":"27395"},"weightEach":{"value":210},"servingsPerContainer":30,"servingSize":0},"quantity":1,"terms":{"priceEach":29.81,"taxEach":{"amount":2.98},"discountEach":{"amount":0},"pvEach":18},"quantityLimit":{"quantityQuota":-1,"timeFrameDays":-1,"quantityOrdered":0}}]},"currency":"EUR"},{"lines":{"items":[{"item":{"href":"https://hydraqa.unicity.net/v5a-test/items/398d06b858b960f6f38086d40608aef2","id":{"unicity":"26560"},"weightEach":{"value":60},"servingsPerContainer":30,"servingSize":0},"quantity":1,"terms":{"priceEach":20.47,"taxEach":{"amount":2.05},"discountEach":{"amount":0},"pvEach":13},"quantityLimit":{"quantityQuota":-1,"timeFrameDays":-1,"quantityOrdered":0}}]},"currency":"EUR"},{"lines":{"items":[{"item":{"href":"https://hydraqa.unicity.net/v5a-test/items/3f2d12d7a0e8551fc99fad3bbe1ba633","id":{"unicity":"26567"},"weightEach":{"value":173.46},"servingsPerContainer":60,"servingSize":0},"quantity":1,"terms":{"priceEach":55.98,"taxEach":{"amount":5.6},"discountEach":{"amount":0},"pvEach":26},"quantityLimit":{"quantityQuota":-1,"timeFrameDays":-1,"quantityOrdered":0}}]},"currency":"EUR"},{"lines":{"items":[{"item":{"href":"https://hydraqa.unicity.net/v5a-test/items/191637167cb3144bd2e8c4615e9ab67e","id":{"unicity":"26568"},"weightEach":{"value":198.24},"servingsPerContainer":60,"servingSize":0},"quantity":1,"terms":{"priceEach":55.98,"taxEach":{"amount":5.6},"discountEach":{"amount":0},"pvEach":26},"quantityLimit":{"quantityQuota":-1,"timeFrameDays":-1,"quantityOrdered":0}}]},"currency":"EUR"},{"lines":{"items":[{"item":{"href":"https://hydraqa.unicity.net/v5a-test/items/64ec7ad932acafab052a4e8800ad1238","id":{"unicity":"24758"},"weightEach":{"value":26.89},"servingsPerContainer":30,"servingSize":0},"quantity":1,"terms":{"priceEach":37.29,"taxEach":{"amount":3.73},"discountEach":{"amount":0},"pvEach":23},"quantityLimit":{"quantityQuota":-1,"timeFrameDays":-1,"quantityOrdered":0}}]},"currency":"EUR"},{"lines":{"items":[{"item":{"href":"https://hydraqa.unicity.net/v5a-test/items/e94fcfc2ccd32bdd994f472b5cce1cb4","id":{"unicity":"27610"},"weightEach":{"value":0},"servingsPerContainer":0,"servingSize":0},"quantity":1,"terms":{"priceEach":55.98,"taxEach":{"amount":5.6},"discountEach":{"amount":0},"pvEach":34},"quantityLimit":{"quantityQuota":-1,"timeFrameDays":-1,"quantityOrdered":0}}]},"currency":"EUR"},{"lines":{"items":[{"item":{"href":"https://hydraqa.unicity.net/v5a-test/items/ab2a2b07b17718843a66bee04ff40624","id":{"unicity":"31402"},"weightEach":{"value":477},"servingsPerContainer":30,"servingSize":0},"quantity":1,"terms":{"priceEach":92.43,"taxEach":{"amount":9.24},"discountEach":{"amount":0},"pvEach":70},"quantityLimit":{"quantityQuota":-1,"timeFrameDays":-1,"quantityOrdered":0}}]},"currency":"EUR"},{"lines":{"items":[{"item":{"href":"https://hydraqa.unicity.net/v5a-test/items/db0a2b02eaabc5ad45fe91ba5c7bcf5a","id":{"unicity":"31772"},"weightEach":{"value":0},"servingsPerContainer":0,"servingSize":0},"quantity":1,"terms":{"priceEach":8.32,"taxEach":{"amount":1.83},"discountEach":{"amount":0},"pvEach":0},"quantityLimit":{"quantityQuota":-1,"timeFrameDays":-1,"quantityOrdered":0}}]},"currency":"EUR"},{"lines":{"items":[{"item":{"href":"https://hydraqa.unicity.net/v5a-test/items/34c8c6b0f454da738e64265f08c57a72","id":{"unicity":"31777"},"weightEach":{"value":100},"servingsPerContainer":0,"servingSize":0},"quantity":1,"terms":{"priceEach":6.22,"taxEach":{"amount":1.37},"discountEach":{"amount":0},"pvEach":3},"quantityLimit":{"quantityQuota":-1,"timeFrameDays":-1,"quantityOrdered":0}}]},"currency":"EUR"},{"lines":{"items":[{"item":{"href":"https://hydraqa.unicity.net/v5a-test/items/fc8583e3bf463b599fdcce05234bc137","id":{"unicity":"31780"},"weightEach":{"value":275},"servingsPerContainer":0,"servingSize":0},"quantity":1,"terms":{"priceEach":8.32,"taxEach":{"amount":1.83},"discountEach":{"amount":0},"pvEach":4},"quantityLimit":{"quantityQuota":-1,"timeFrameDays":-1,"quantityOrdered":0}}]},"currency":"EUR"},{"lines":{"items":[{"item":{"href":"https://hydraqa.unicity.net/v5a-test/items/7e80331c8c25f515174d3f894283a27c","id":{"unicity":"31781"},"weightEach":{"value":275},"servingsPerContainer":0,"servingSize":0},"quantity":1,"terms":{"priceEach":8.32,"taxEach":{"amount":1.83},"discountEach":{"amount":0},"pvEach":4},"quantityLimit":{"quantityQuota":-1,"timeFrameDays":-1,"quantityOrdered":0}}]},"currency":"EUR"},{"lines":{"items":[{"item":{"href":"https://hydraqa.unicity.net/v5a-test/items/8d3854b47de8e45d6fcdc194dffff601","id":{"unicity":"31782"},"weightEach":{"value":50},"servingsPerContainer":0,"servingSize":0},"quantity":1,"terms":{"priceEach":12.52,"taxEach":{"amount":2.75},"discountEach":{"amount":0},"pvEach":6},"quantityLimit":{"quantityQuota":-1,"timeFrameDays":-1,"quantityOrdered":0}}]},"currency":"EUR"},{"lines":{"items":[{"item":{"href":"https://hydraqa.unicity.net/v5a-test/items/04516be30bd9bf93e01536e7fc8f8716","id":{"unicity":"31779"},"weightEach":{"value":350},"servingsPerContainer":0,"servingSize":0},"quantity":1,"terms":{"priceEach":10,"taxEach":{"amount":2.2},"discountEach":{"amount":0},"pvEach":5},"quantityLimit":{"quantityQuota":-1,"timeFrameDays":-1,"quantityOrdered":0}}]},"currency":"EUR"},{"lines":{"items":[{"item":{"href":"https://hydraqa.unicity.net/v5a-test/items/d7e1dd4b19a8672aed99e591356c0d48","id":{"unicity":"31932"},"weightEach":{"value":180},"servingsPerContainer":0,"servingSize":0},"quantity":1,"terms":{"priceEach":6.22,"taxEach":{"amount":1.37},"discountEach":{"amount":0},"pvEach":3},"quantityLimit":{"quantityQuota":-1,"timeFrameDays":-1,"quantityOrdered":0}}]},"currency":"EUR"},{"lines":{"items":[{"item":{"href":"https://hydraqa.unicity.net/v5a-test/items/1aa00306dc0006d365acd7436548f2e6","id":{"unicity":"31778"},"weightEach":{"value":350},"servingsPerContainer":0,"servingSize":0},"quantity":1,"terms":{"priceEach":12.52,"taxEach":{"amount":2.75},"discountEach":{"amount":0},"pvEach":6},"quantityLimit":{"quantityQuota":-1,"timeFrameDays":-1,"quantityOrdered":0}}]},"currency":"EUR"},{"lines":{"items":[{"item":{"href":"https://hydraqa.unicity.net/v5a-test/items/2262fdd5af916c31df08089c191735c1","id":{"unicity":"29317"},"weightEach":{"value":0},"servingsPerContainer":0,"servingSize":0},"quantity":1,"terms":{"priceEach":25.21,"taxEach":{"amount":5.55},"discountEach":{"amount":0},"pvEach":0},"quantityLimit":{"quantityQuota":-1,"timeFrameDays":-1,"quantityOrdered":0}}]},"currency":"EUR"},{"lines":{"items":[{"item":{"href":"https://hydraqa.unicity.net/v5a-test/items/d92292ba2f23c030e4a1f63eb3ebe1ce","id":{"unicity":"27158"},"weightEach":{"value":454},"servingsPerContainer":45,"servingSize":0},"quantity":1,"terms":{"priceEach":27.94,"taxEach":{"amount":2.79},"discountEach":{"amount":0},"pvEach":23},"quantityLimit":{"quantityQuota":-1,"timeFrameDays":-1,"quantityOrdered":0}}]},"currency":"EUR"},{"lines":{"items":[{"item":{"href":"https://hydraqa.unicity.net/v5a-test/items/03eba2365025ccd85818846a83a16f47","id":{"unicity":"27163"},"weightEach":{"value":258},"servingsPerContainer":30,"servingSize":0},"quantity":1,"terms":{"priceEach":74.67,"taxEach":{"amount":7.47},"discountEach":{"amount":0},"pvEach":54},"quantityLimit":{"quantityQuota":-1,"timeFrameDays":-1,"quantityOrdered":0}}]},"currency":"EUR"},{"lines":{"items":[{"item":{"href":"https://hydraqa.unicity.net/v5a-test/items/112b8c39286598b3730f630f371a45f4","id":{"unicity":"27587"},"weightEach":{"value":690},"servingsPerContainer":30,"servingSize":0},"quantity":1,"terms":{"priceEach":55.98,"taxEach":{"amount":5.6},"discountEach":{"amount":0},"pvEach":34},"quantityLimit":{"quantityQuota":-1,"timeFrameDays":-1,"quantityOrdered":0}}]},"currency":"EUR"},{"lines":{"items":[{"item":{"href":"https://hydraqa.unicity.net/v5a-test/items/4b2034f47fce90b87bba28c5c2d7c25d","id":{"unicity":"15880"},"weightEach":{"value":51.5},"servingsPerContainer":90,"servingSize":0},"quantity":1,"terms":{"priceEach":51.31,"taxEach":{"amount":5.13},"discountEach":{"amount":0},"pvEach":33},"quantityLimit":{"quantityQuota":-1,"timeFrameDays":-1,"quantityOrdered":0}}]},"currency":"EUR"},{"lines":{"items":[{"item":{"href":"https://hydraqa.unicity.net/v5a-test/items/e218d1cac5f31e7ae4f5876c29c57377","id":{"unicity":"29017"},"weightEach":{"value":52.8},"servingsPerContainer":60,"servingSize":0},"quantity":1,"terms":{"priceEach":37.29,"taxEach":{"amount":3.73},"discountEach":{"amount":0},"pvEach":23},"quantityLimit":{"quantityQuota":-1,"timeFrameDays":-1,"quantityOrdered":0}}]},"currency":"EUR"},{"lines":{"items":[{"item":{"href":"https://hydraqa.unicity.net/v5a-test/items/606f7be753c74dfbfe4b107276775140","id":{"unicity":"29821"},"weightEach":{"value":133.5},"servingsPerContainer":30,"servingSize":0},"quantity":1,"terms":{"priceEach":79.35,"taxEach":{"amount":7.94},"discountEach":{"amount":0},"pvEach":59},"quantityLimit":{"quantityQuota":-1,"timeFrameDays":-1,"quantityOrdered":0}}]},"currency":"EUR"},{"lines":{"items":[{"item":{"href":"https://hydraqa.unicity.net/v5a-test/items/94939f9be900906d2b47260ccba22a7b","id":{"unicity":"32012"},"weightEach":{"value":420},"servingsPerContainer":20,"servingSize":0},"quantity":1,"terms":{"priceEach":13.93,"taxEach":{"amount":1.39},"discountEach":{"amount":0},"pvEach":6},"quantityLimit":{"quantityQuota":-1,"timeFrameDays":-1,"quantityOrdered":0}}]},"currency":"EUR"},{"lines":{"items":[{"item":{"href":"https://hydraqa.unicity.net/v5a-test/items/2c4c1abe00983e85aaa918d2ce341491","id":{"unicity":"17174"},"weightEach":{"value":49.72},"servingsPerContainer":100,"servingSize":0},"quantity":1,"terms":{"priceEach":37.29,"taxEach":{"amount":3.73},"discountEach":{"amount":0},"pvEach":23},"quantityLimit":{"quantityQuota":-1,"timeFrameDays":-1,"quantityOrdered":0}}]},"currency":"EUR"},{"lines":{"items":[{"item":{"href":"https://hydraqa.unicity.net/v5a-test/items/991cdbb84a495779eb209fb3956a77e4","id":{"unicity":"29183"},"weightEach":{"value":50},"servingsPerContainer":0,"servingSize":0},"quantity":1,"terms":{"priceEach":31.01,"taxEach":{"amount":6.82},"discountEach":{"amount":0},"pvEach":18},"quantityLimit":{"quantityQuota":-1,"timeFrameDays":-1,"quantityOrdered":0}}]},"currency":"EUR"},{"lines":{"items":[{"item":{"href":"https://hydraqa.unicity.net/v5a-test/items/0e78fbdfebef11cd62f8d2120064ee58","id":{"unicity":"30280"},"weightEach":{"value":30},"servingsPerContainer":0,"servingSize":0},"quantity":1,"terms":{"priceEach":33.53,"taxEach":{"amount":7.38},"discountEach":{"amount":0},"pvEach":20},"quantityLimit":{"quantityQuota":-1,"timeFrameDays":-1,"quantityOrdered":0}}]},"currency":"EUR"},{"lines":{"items":[{"item":{"href":"https://hydraqa.unicity.net/v5a-test/items/beb900429fbb160dbfc3001c14d96df4","id":{"unicity":"29187"},"weightEach":{"value":30},"servingsPerContainer":0,"servingSize":0},"quantity":1,"terms":{"priceEach":37.73,"taxEach":{"amount":8.3},"discountEach":{"amount":0},"pvEach":24},"quantityLimit":{"quantityQuota":-1,"timeFrameDays":-1,"quantityOrdered":0}}]},"currency":"EUR"},{"lines":{"items":[{"item":{"href":"https://hydraqa.unicity.net/v5a-test/items/1b0412bea8c0b841c66f65a36aa14108","id":{"unicity":"29191"},"weightEach":{"value":30},"servingsPerContainer":0,"servingSize":0},"quantity":1,"terms":{"priceEach":37.73,"taxEach":{"amount":8.3},"discountEach":{"amount":0},"pvEach":24},"quantityLimit":{"quantityQuota":-1,"timeFrameDays":-1,"quantityOrdered":0}}]},"currency":"EUR"},{"lines":{"items":[{"item":{"href":"https://hydraqa.unicity.net/v5a-test/items/52c87f74d3b41ed49b0f897b66c2a99b","id":{"unicity":"30684"},"weightEach":{"value":450},"servingsPerContainer":30,"servingSize":0},"quantity":1,"terms":{"priceEach":37.29,"taxEach":{"amount":3.73},"discountEach":{"amount":0},"pvEach":23},"quantityLimit":{"quantityQuota":-1,"timeFrameDays":-1,"quantityOrdered":0}}]},"currency":"EUR"},{"lines":{"items":[{"item":{"href":"https://hydraqa.unicity.net/v5a-test/items/90f38f77c9e6ea5a71aa7377df83760b","id":{"unicity":"30198"},"weightEach":{"value":0},"servingsPerContainer":0,"servingSize":0},"quantity":1,"terms":{"priceEach":19,"taxEach":{"amount":1.9},"discountEach":{"amount":0},"pvEach":16},"quantityLimit":{"quantityQuota":-1,"timeFrameDays":-1,"quantityOrdered":0}}]},"currency":"EUR"},{"lines":{"items":[{"item":{"href":"https://hydraqa.unicity.net/v5a-test/items/7e5e7df32701fd44947c8146f2129f7a","id":{"unicity":"31672"},"weightEach":{"value":270},"servingsPerContainer":15,"servingSize":0},"quantity":1,"terms":{"priceEach":74.67,"taxEach":{"amount":7.47},"discountEach":{"amount":0},"pvEach":54},"quantityLimit":{"quantityQuota":-1,"timeFrameDays":-1,"quantityOrdered":0}}]},"currency":"EUR"},{"lines":{"items":[{"item":{"href":"https://hydraqa.unicity.net/v5a-test/items/493c2ba720f847422eccc5da35024f33","id":{"unicity":"31534"},"weightEach":{"value":95},"servingsPerContainer":60,"servingSize":0},"quantity":1,"terms":{"priceEach":26.07,"taxEach":{"amount":2.61},"discountEach":{"amount":0},"pvEach":16},"quantityLimit":{"quantityQuota":-1,"timeFrameDays":-1,"quantityOrdered":0}}]},"currency":"EUR"},{"lines":{"items":[{"item":{"href":"https://hydraqa.unicity.net/v5a-test/items/fbb6dbd577adb73abaec364076fb288f","id":{"unicity":"32087"},"weightEach":{"value":600},"servingsPerContainer":10,"servingSize":0},"quantity":1,"terms":{"priceEach":20.47,"taxEach":{"amount":2.05},"discountEach":{"amount":0},"pvEach":9},"quantityLimit":{"quantityQuota":-1,"timeFrameDays":-1,"quantityOrdered":0}}]},"currency":"EUR"},{"lines":{"items":[{"item":{"href":"https://hydraqa.unicity.net/v5a-test/items/1bd53de7fe880ba71f46c9976ca2c137","id":{"unicity":"27739"},"weightEach":{"value":0},"servingsPerContainer":0,"servingSize":0},"quantity":1,"terms":{"priceEach":37.29,"taxEach":{"amount":3.73},"discountEach":{"amount":0},"pvEach":23},"quantityLimit":{"quantityQuota":-1,"timeFrameDays":-1,"quantityOrdered":0}}]},"currency":"EUR"},{"lines":{"items":[{"item":{"href":"https://hydraqa.unicity.net/v5a-test/items/217ca02fbd24e21ca5281412756238ab","id":{"unicity":"32126"},"weightEach":{"value":0},"servingsPerContainer":0,"servingSize":0},"quantity":1,"terms":{"priceEach":152.24,"taxEach":{"amount":16.22},"discountEach":{"amount":0},"pvEach":101},"quantityLimit":{"quantityQuota":-1,"timeFrameDays":-1,"quantityOrdered":0}}]},"currency":"EUR"},{"lines":{"items":[{"item":{"href":"https://hydraqa.unicity.net/v5a-test/items/808008a0657d2033ad471c39bbce9891","id":{"unicity":"32127"},"weightEach":{"value":0},"servingsPerContainer":0,"servingSize":0},"quantity":1,"terms":{"priceEach":162.34,"taxEach":{"amount":16.23},"discountEach":{"amount":0},"pvEach":113},"quantityLimit":{"quantityQuota":-1,"timeFrameDays":-1,"quantityOrdered":0}}]},"currency":"EUR"},{"lines":{"items":[{"item":{"href":"https://hydraqa.unicity.net/v5a-test/items/10df0fc3509b53cbeaeb9476ca92d520","id":{"unicity":"29833"},"weightEach":{"value":0},"servingsPerContainer":0,"servingSize":0},"quantity":1,"terms":{"priceEach":90.56,"taxEach":{"amount":9.06},"discountEach":{"amount":0},"pvEach":69},"quantityLimit":{"quantityQuota":-1,"timeFrameDays":-1,"quantityOrdered":0}}]},"currency":"EUR"},{"lines":{"items":[{"item":{"href":"https://hydraqa.unicity.net/v5a-test/items/b90fda77fbdf07131e0e60b87941cf76","id":{"unicity":"32755"},"weightEach":{"value":0},"servingsPerContainer":0,"servingSize":0},"quantity":1,"terms":{"priceEach":758.54,"taxEach":{"amount":166.88},"discountEach":{"amount":0},"pvEach":503},"quantityLimit":{"quantityQuota":-1,"timeFrameDays":-1,"quantityOrdered":0}}]},"currency":"EUR"},{"lines":{"items":[{"item":{"href":"https://hydraqa.unicity.net/v5a-test/items/3ab3ce55100f6593f04ec4a0d328a0b5","id":{"unicity":"32756"},"weightEach":{"value":0},"servingsPerContainer":0,"servingSize":0},"quantity":1,"terms":{"priceEach":1517.09,"taxEach":{"amount":333.76},"discountEach":{"amount":0},"pvEach":1006},"quantityLimit":{"quantityQuota":-1,"timeFrameDays":-1,"quantityOrdered":0}}]},"currency":"EUR"},{"lines":{"items":[{"item":{"href":"https://hydraqa.unicity.net/v5a-test/items/36c1237572a0cc563fad27fcfd6abcf1","id":{"unicity":"32967"},"weightEach":{"value":0},"servingsPerContainer":0,"servingSize":0},"quantity":1,"terms":{"priceEach":1136.56,"taxEach":{"amount":250.04},"discountEach":{"amount":0},"pvEach":800},"quantityLimit":{"quantityQuota":-1,"timeFrameDays":-1,"quantityOrdered":0}}]},"currency":"EUR"},{"lines":{"items":[{"item":{"href":"https://hydraqa.unicity.net/v5a-test/items/817e062d5600cad31f527fbfa764a0fa","id":{"unicity":"32968"},"weightEach":{"value":0},"servingsPerContainer":0,"servingSize":0},"quantity":1,"terms":{"priceEach":2273.12,"taxEach":{"amount":500.09},"discountEach":{"amount":0},"pvEach":1600},"quantityLimit":{"quantityQuota":-1,"timeFrameDays":-1,"quantityOrdered":0}}]},"currency":"EUR"},{"lines":{"items":[{"item":{"href":"https://hydraqa.unicity.net/v5a-test/items/81b61d497458d50a6893cf18a065539c","id":{"unicity":"32965"},"weightEach":{"value":0},"servingsPerContainer":0,"servingSize":0},"quantity":1,"terms":{"priceEach":690.84,"taxEach":{"amount":151.98},"discountEach":{"amount":0},"pvEach":456},"quantityLimit":{"quantityQuota":-1,"timeFrameDays":-1,"quantityOrdered":0}}]},"currency":"EUR"},{"lines":{"items":[{"item":{"href":"https://hydraqa.unicity.net/v5a-test/items/ab1f0744e0ce56260af7928f7bf04478","id":{"unicity":"32966"},"weightEach":{"value":0},"servingsPerContainer":0,"servingSize":0},"quantity":1,"terms":{"priceEach":1381.68,"taxEach":{"amount":303.97},"discountEach":{"amount":0},"pvEach":912},"quantityLimit":{"quantityQuota":-1,"timeFrameDays":-1,"quantityOrdered":0}}]},"currency":"EUR"},{"lines":{"items":[{"item":{"href":"https://hydraqa.unicity.net/v5a-test/items/2faa0a2bcdeed39b7569e085fe880a23","id":{"unicity":"33097"},"weightEach":{"value":0},"servingsPerContainer":0,"servingSize":0},"quantity":1,"terms":{"priceEach":703.21,"taxEach":{"amount":70.32},"discountEach":{"amount":0},"pvEach":500},"quantityLimit":{"quantityQuota":-1,"timeFrameDays":-1,"quantityOrdered":0}}]},"currency":"EUR"},{"lines":{"items":[{"item":{"href":"https://hydraqa.unicity.net/v5a-test/items/3196d0b751f9119076e364a1cb03fa18","id":{"unicity":"33095"},"weightEach":{"value":0},"servingsPerContainer":0,"servingSize":0},"quantity":1,"terms":{"priceEach":740.99,"taxEach":{"amount":74.1},"discountEach":{"amount":0},"pvEach":514},"quantityLimit":{"quantityQuota":-1,"timeFrameDays":-1,"quantityOrdered":0}}]},"currency":"EUR"},{"lines":{"items":[{"item":{"href":"https://hydraqa.unicity.net/v5a-test/items/9c43de3dc98337bf964013caa56e3e98","id":{"unicity":"33098"},"weightEach":{"value":0},"servingsPerContainer":0,"servingSize":0},"quantity":1,"terms":{"priceEach":1406.42,"taxEach":{"amount":140.64},"discountEach":{"amount":0},"pvEach":1000},"quantityLimit":{"quantityQuota":-1,"timeFrameDays":-1,"quantityOrdered":0}}]},"currency":"EUR"},{"lines":{"items":[{"item":{"href":"https://hydraqa.unicity.net/v5a-test/items/bdcb8e96238e2243278e5627f9a5f893","id":{"unicity":"33096"},"weightEach":{"value":0},"servingsPerContainer":0,"servingSize":0},"quantity":1,"terms":{"priceEach":1481.98,"taxEach":{"amount":148.2},"discountEach":{"amount":0},"pvEach":1028},"quantityLimit":{"quantityQuota":-1,"timeFrameDays":-1,"quantityOrdered":0}}]},"currency":"EUR"},{"lines":{"items":[{"item":{"href":"https://hydraqa.unicity.net/v5a-test/items/332daeac6796ed016ea8b7d0bc42c2d4","id":{"unicity":"24274"},"weightEach":{"value":0},"servingsPerContainer":0,"servingSize":0},"quantity":1,"terms":{"priceEach":7.48,"taxEach":{"amount":1.65},"discountEach":{"amount":0},"pvEach":0},"quantityLimit":{"quantityQuota":-1,"timeFrameDays":-1,"quantityOrdered":0}}]},"currency":"EUR"},{"lines":{"items":[{"item":{"href":"https://hydraqa.unicity.net/v5a-test/items/1945faa1776541d53120ecfe3c1d8a2b","id":{"unicity":"24418"},"weightEach":{"value":0},"servingsPerContainer":0,"servingSize":0},"quantity":1,"terms":{"priceEach":4.96,"taxEach":{"amount":1.09},"discountEach":{"amount":0},"pvEach":0},"quantityLimit":{"quantityQuota":-1,"timeFrameDays":-1,"quantityOrdered":0}}]},"currency":"EUR"},{"lines":{"items":[{"item":{"href":"https://hydraqa.unicity.net/v5a-test/items/10da226fab00279b4f89df10af2a10b7","id":{"unicity":"26442"},"weightEach":{"value":0},"servingsPerContainer":0,"servingSize":0},"quantity":1,"terms":{"priceEach":5.8,"taxEach":{"amount":1.28},"discountEach":{"amount":0},"pvEach":0},"quantityLimit":{"quantityQuota":-1,"timeFrameDays":-1,"quantityOrdered":0}}]},"currency":"EUR"},{"lines":{"items":[{"item":{"href":"https://hydraqa.unicity.net/v5a-test/items/5147f8cfe32548e02fc158d4da9c4d6f","id":{"unicity":"27150"},"weightEach":{"value":0},"servingsPerContainer":0,"servingSize":0},"quantity":1,"terms":{"priceEach":93.36,"taxEach":{"amount":9.34},"discountEach":{"amount":0},"pvEach":70},"quantityLimit":{"quantityQuota":-1,"timeFrameDays":-1,"quantityOrdered":0}}]},"currency":"EUR"},{"lines":{"items":[{"item":{"href":"https://hydraqa.unicity.net/v5a-test/items/ac37bf51ff7e4fe860da8457f6ce0425","id":{"unicity":"27166"},"weightEach":{"value":270},"servingsPerContainer":30,"servingSize":0},"quantity":1,"terms":{"priceEach":74.67,"taxEach":{"amount":7.47},"discountEach":{"amount":0},"pvEach":54},"quantityLimit":{"quantityQuota":-1,"timeFrameDays":-1,"quantityOrdered":0}}]},"currency":"EUR"},{"lines":{"items":[{"item":{"href":"https://hydraqa.unicity.net/v5a-test/items/fc6a55f19d99547a667b22a83c35ca13","id":{"unicity":"27436"},"weightEach":{"value":0},"servingsPerContainer":0,"servingSize":0},"quantity":1,"terms":{"priceEach":74.67,"taxEach":{"amount":7.47},"discountEach":{"amount":0},"pvEach":53},"quantityLimit":{"quantityQuota":-1,"timeFrameDays":-1,"quantityOrdered":0}}]},"currency":"EUR"},{"lines":{"items":[{"item":{"href":"https://hydraqa.unicity.net/v5a-test/items/1f59b10f0bef99fa20e4b9b0b4efea88","id":{"unicity":"32333"},"weightEach":{"value":0},"servingsPerContainer":0,"servingSize":0},"quantity":1,"terms":{"priceEach":9.16,"taxEach":{"amount":2.02},"discountEach":{"amount":0},"pvEach":0},"quantityLimit":{"quantityQuota":-1,"timeFrameDays":-1,"quantityOrdered":0}}]},"currency":"EUR"},{"lines":{"items":[{"item":{"href":"https://hydraqa.unicity.net/v5a-test/items/592aef9ec417f4553dc0b62a91a1f5e0","id":{"unicity":"32330"},"weightEach":{"value":0},"servingsPerContainer":0,"servingSize":0},"quantity":1,"terms":{"priceEach":93.36,"taxEach":{"amount":9.34},"discountEach":{"amount":0},"pvEach":55},"quantityLimit":{"quantityQuota":-1,"timeFrameDays":-1,"quantityOrdered":0}}]},"currency":"EUR"},{"lines":{"items":[{"item":{"href":"https://hydraqa.unicity.net/v5a-test/items/87dd58dff9eb54a10b652443e7279a1e","id":{"unicity":"32693"},"weightEach":{"value":0},"servingsPerContainer":0,"servingSize":0},"quantity":1,"terms":{"priceEach":79.35,"taxEach":{"amount":7.94},"discountEach":{"amount":0},"pvEach":59},"quantityLimit":{"quantityQuota":-1,"timeFrameDays":-1,"quantityOrdered":0}}]},"currency":"EUR"}]}
Entry request : {"order":{"customer":{"href":"https://hydraqa.unicity.net/v5a-test/customers?type=Associate"},"shipToAddress":{"country":"IT"}},"vary":{"lines":{"items":[{"item":{"href":"https://hydraqa.unicity.net/v5a-test/items?id.unicity=25738|31763|31951|31952|32128|32129|32130|32132|32133|32134|32135|32136|32137|32138|32125|32699|33092|33094|33093|18511|26422|27156|27160|27617|27660|27585|28601|28604|27395|26560|26567|26568|24758|29838|27610|31402|31772|31777|31780|31781|31782|31779|31932|31778|32556|29317|27158|27163|27575|27587|15880|29017|29821|32012|17174|29183|30280|29187|29191|30684|30198|31672|31534|32087|27739|32126|32127|29833|32755|32756|32967|32968|32965|32966|33097|33095|33098|33096|20750|24274|24418|26442|27150|27166|27436|32333|32330|32693"}}]}}}
Total Pv Greater then 500 - 627
[https://hydraqa.unicity.net/v5a-test/items?id.unicity=32127, https://hydraqa.unicity.net/v5a-test/items?id.unicity=33095]
Request URL: https://hydraqa.unicity.net/v5a-test/customers.js?callback=angular.callbacks._1&expand=customer,profilePicture&id.unicity=2
Request URL: https://hydraqa.unicity.net/v5a-test/customers.js?_httpMethod=HEAD&callback=angular.callbacks._7&email=ARHRIS@gmail.com
Request URL: https://hydraqa.unicity.net/v5a-test/shippingmethods.js?callback=angular.callbacks._a&destination=IT&market=IT
]]></system-out>
    <system-err><![CDATA[Starting ChromeDriver 2.36.540470 (e522d04694c7ebea4ba8821272dbef4f9b818c91) on port 19692
Only local connections are allowed.
Oct 18, 2020 11:07:16 AM org.openqa.selenium.remote.ProtocolHandshake createSession
INFO: Detected dialect: OSS
]]></system-err>
  </testcase>
  <testcase name="Enroll" classname="Tests.FranchisePartner" time="60.896">
    <failure message="no such element: Unable to locate element: {&quot;method&quot;:&quot;xpath&quot;,&quot;selector&quot;:&quot;(//li[contains(@class, &apos;businesspack&apos;)]//p//span)[1]&quot;}&#10;  (Session info: chrome=86.0.4240.75)&#10;  (Driver info: chromedriver=2.36.540470 (e522d04694c7ebea4ba8821272dbef4f9b818c91),platform=Windows NT 6.3.9600 x86_64) (WARNING: The server did not provide any stacktrace information)&#10;Command duration or timeout: 0 milliseconds&#10;For documentation on this error, please visit: http://seleniumhq.org/exceptions/no_such_element.html&#10;Build info: version: &apos;3.8.1&apos;, revision: &apos;6e95a6684b&apos;, time: &apos;2017-12-01T18:33:54.468Z&apos;&#10;System info: host: &apos;QASERVER01&apos;, ip: &apos;10.2.0.23&apos;, os.name: &apos;Windows Server 2012 R2&apos;, os.arch: &apos;amd64&apos;, os.version: &apos;6.3&apos;, java.version: &apos;1.8.0_111&apos;&#10;Driver info: org.openqa.selenium.chrome.ChromeDriver&#10;Capabilities {acceptInsecureCerts: false, acceptSslCerts: false, applicationCacheEnabled: false, browserConnectionEnabled: false, browserName: chrome, chrome: {chromedriverVersion: 2.36.540470 (e522d04694c7eb..., userDataDir: C:\Users\sumancb\AppData\Lo...}, cssSelectorsEnabled: true, databaseEnabled: false, handlesAlerts: true, hasTouchScreen: false, javascriptEnabled: true, locationContextEnabled: true, mobileEmulationEnabled: false, nativeEvents: true, networkConnectionEnabled: false, pageLoadStrategy: normal, platform: XP, platformName: XP, rotatable: false, setWindowRect: true, takesHeapSnapshot: true, takesScreenshot: true, unexpectedAlertBehaviour: , unhandledPromptBehavior: , version: 86.0.4240.75, webStorageEnabled: true}&#10;Session ID: 0afed8f8251b9de1d8a7fda3c3a68dc2&#10;*** Element info: {Using=xpath, value=(//li[contains(@class, &apos;businesspack&apos;)]//p//span)[1]}" type="org.openqa.selenium.NoSuchElementException">org.openqa.selenium.NoSuchElementException: 
no such element: Unable to locate element: {"method":"xpath","selector":"(//li[contains(@class, 'businesspack')]//p//span)[1]"}
  (Session info: chrome=86.0.4240.75)
  (Driver info: chromedriver=2.36.540470 (e522d04694c7ebea4ba8821272dbef4f9b818c91),platform=Windows NT 6.3.9600 x86_64) (WARNING: The server did not provide any stacktrace information)
Command duration or timeout: 0 milliseconds
For documentation on this error, please visit: http://seleniumhq.org/exceptions/no_such_element.html
Build info: version: '3.8.1', revision: '6e95a6684b', time: '2017-12-01T18:33:54.468Z'
System info: host: 'QASERVER01', ip: '10.2.0.23', os.name: 'Windows Server 2012 R2', os.arch: 'amd64', os.version: '6.3', java.version: '1.8.0_111'
Driver info: org.openqa.selenium.chrome.ChromeDriver
Capabilities {acceptInsecureCerts: false, acceptSslCerts: false, applicationCacheEnabled: false, browserConnectionEnabled: false, browserName: chrome, chrome: {chromedriverVersion: 2.36.540470 (e522d04694c7eb..., userDataDir: C:\Users\sumancb\AppData\Lo...}, cssSelectorsEnabled: true, databaseEnabled: false, handlesAlerts: true, hasTouchScreen: false, javascriptEnabled: true, locationContextEnabled: true, mobileEmulationEnabled: false, nativeEvents: true, networkConnectionEnabled: false, pageLoadStrategy: normal, platform: XP, platformName: XP, rotatable: false, setWindowRect: true, takesHeapSnapshot: true, takesScreenshot: true, unexpectedAlertBehaviour: , unhandledPromptBehavior: , version: 86.0.4240.75, webStorageEnabled: true}
Session ID: 0afed8f8251b9de1d8a7fda3c3a68dc2
*** Element info: {Using=xpath, value=(//li[contains(@class, 'businesspack')]//p//span)[1]}
	at Tests.FranchisePartner.Enroll(FranchisePartner.java:249)
</failure>
    <system-out><![CDATA[Request URL: https://hydraqa.unicity.net/v5a-test/quotes?&expand=item
Entry Quotes response : {"items":[{"lines":{"items":[{"item":{"href":"https://hydraqa.unicity.net/v5a-test/items/50e73ecfa509ac20c4a250f9cb32fdfc","id":{"unicity":"27156"},"weightEach":{"value":31},"servingsPerContainer":50,"servingSize":0},"quantity":1,"terms":{"priceEach":20.47,"taxEach":{"amount":1.84},"discountEach":{"amount":0},"pvEach":13},"quantityLimit":{"quantityQuota":-1,"timeFrameDays":-1,"quantityOrdered":0}}]},"currency":"EUR"},{"lines":{"items":[{"item":{"href":"https://hydraqa.unicity.net/v5a-test/items/31cb0679f65df8fa9a4fc3d7e38b72b3","id":{"unicity":"31763"},"weightEach":{"value":0},"servingsPerContainer":0,"servingSize":0},"quantity":1,"terms":{"priceEach":243.3,"taxEach":{"amount":21.9},"discountEach":{"amount":0},"pvEach":181},"quantityLimit":{"quantityQuota":-1,"timeFrameDays":-1,"quantityOrdered":0}}]},"currency":"EUR"},{"lines":{"items":[{"item":{"href":"https://hydraqa.unicity.net/v5a-test/items/e9991b48ac639367d526d2b9b22fac8c","id":{"unicity":"32128"},"weightEach":{"value":0},"servingsPerContainer":0,"servingSize":0},"quantity":1,"terms":{"priceEach":371.87,"taxEach":{"amount":33.47},"discountEach":{"amount":0},"pvEach":253},"quantityLimit":{"quantityQuota":-1,"timeFrameDays":-1,"quantityOrdered":0}}]},"currency":"EUR"},{"lines":{"items":[{"item":{"href":"https://hydraqa.unicity.net/v5a-test/items/40b3312de189221d96d838d33a8ec49d","id":{"unicity":"32129"},"weightEach":{"value":0},"servingsPerContainer":0,"servingSize":0},"quantity":1,"terms":{"priceEach":371.87,"taxEach":{"amount":33.47},"discountEach":{"amount":0},"pvEach":254},"quantityLimit":{"quantityQuota":-1,"timeFrameDays":-1,"quantityOrdered":0}}]},"currency":"EUR"},{"lines":{"items":[{"item":{"href":"https://hydraqa.unicity.net/v5a-test/items/6bd168a66ce41003a8f30917deff5808","id":{"unicity":"32130"},"weightEach":{"value":0},"servingsPerContainer":0,"servingSize":0},"quantity":1,"terms":{"priceEach":363.46,"taxEach":{"amount":32.71},"discountEach":{"amount":0},"pvEach":252},"quantityLimit":{"quantityQuota":-1,"timeFrameDays":-1,"quantityOrdered":0}}]},"currency":"EUR"},{"lines":{"items":[{"item":{"href":"https://hydraqa.unicity.net/v5a-test/items/806f99b793edd7cd0b1c158ba0eb3142","id":{"unicity":"32132"},"weightEach":{"value":0},"servingsPerContainer":0,"servingSize":0},"quantity":1,"terms":{"priceEach":355.98,"taxEach":{"amount":32.04},"discountEach":{"amount":0},"pvEach":253},"quantityLimit":{"quantityQuota":-1,"timeFrameDays":-1,"quantityOrdered":0}}]},"currency":"EUR"},{"lines":{"items":[{"item":{"href":"https://hydraqa.unicity.net/v5a-test/items/e3d382d99fde8659cb146b54116e7654","id":{"unicity":"32133"},"weightEach":{"value":0},"servingsPerContainer":0,"servingSize":0},"quantity":1,"terms":{"priceEach":364.39,"taxEach":{"amount":32.8},"discountEach":{"amount":0},"pvEach":252},"quantityLimit":{"quantityQuota":-1,"timeFrameDays":-1,"quantityOrdered":0}}]},"currency":"EUR"},{"lines":{"items":[{"item":{"href":"https://hydraqa.unicity.net/v5a-test/items/022f109fe6e5eae3e521295a5cb94c60","id":{"unicity":"32134"},"weightEach":{"value":0},"servingsPerContainer":0,"servingSize":0},"quantity":1,"terms":{"priceEach":144.77,"taxEach":{"amount":13.03},"discountEach":{"amount":0},"pvEach":101},"quantityLimit":{"quantityQuota":-1,"timeFrameDays":-1,"quantityOrdered":0}}]},"currency":"EUR"},{"lines":{"items":[{"item":{"href":"https://hydraqa.unicity.net/v5a-test/items/ded00960d5e948dd8e511a9c752e1ff9","id":{"unicity":"32135"},"weightEach":{"value":0},"servingsPerContainer":0,"servingSize":0},"quantity":1,"terms":{"priceEach":154.11,"taxEach":{"amount":13.87},"discountEach":{"amount":0},"pvEach":113},"quantityLimit":{"quantityQuota":-1,"timeFrameDays":-1,"quantityOrdered":0}}]},"currency":"EUR"},{"lines":{"items":[{"item":{"href":"https://hydraqa.unicity.net/v5a-test/items/d8736cc35cf9f4734fd76da71c53dc05","id":{"unicity":"32136"},"weightEach":{"value":0},"servingsPerContainer":0,"servingSize":0},"quantity":1,"terms":{"priceEach":142.08,"taxEach":{"amount":12.79},"discountEach":{"amount":0},"pvEach":102},"quantityLimit":{"quantityQuota":-1,"timeFrameDays":-1,"quantityOrdered":0}}]},"currency":"EUR"},{"lines":{"items":[{"item":{"href":"https://hydraqa.unicity.net/v5a-test/items/166a69d45c4ae40278554e24d5f40443","id":{"unicity":"32137"},"weightEach":{"value":0},"servingsPerContainer":0,"servingSize":0},"quantity":1,"terms":{"priceEach":168.13,"taxEach":{"amount":15.13},"discountEach":{"amount":0},"pvEach":118},"quantityLimit":{"quantityQuota":-1,"timeFrameDays":-1,"quantityOrdered":0}}]},"currency":"EUR"},{"lines":{"items":[{"item":{"href":"https://hydraqa.unicity.net/v5a-test/items/d04a0b8762b20202b6273114fb7302d1","id":{"unicity":"32138"},"weightEach":{"value":0},"servingsPerContainer":0,"servingSize":0},"quantity":1,"terms":{"priceEach":224.21,"taxEach":{"amount":20.18},"discountEach":{"amount":0},"pvEach":152},"quantityLimit":{"quantityQuota":-1,"timeFrameDays":-1,"quantityOrdered":0}}]},"currency":"EUR"},{"lines":{"items":[{"item":{"href":"https://hydraqa.unicity.net/v5a-test/items/e13d0b5c40704ad5dd186959367c97f1","id":{"unicity":"32125"},"weightEach":{"value":0},"servingsPerContainer":0,"servingSize":0},"quantity":1,"terms":{"priceEach":373.74,"taxEach":{"amount":33.64},"discountEach":{"amount":0},"pvEach":250},"quantityLimit":{"quantityQuota":-1,"timeFrameDays":-1,"quantityOrdered":0}}]},"currency":"EUR"},{"lines":{"items":[{"item":{"href":"https://hydraqa.unicity.net/v5a-test/items/def68d31fb89b7c22a71f384e32f03d7","id":{"unicity":"32699"},"weightEach":{"value":0},"servingsPerContainer":0,"servingSize":0},"quantity":1,"terms":{"priceEach":284.14,"taxEach":{"amount":25.57},"discountEach":{"amount":0},"pvEach":200},"quantityLimit":{"quantityQuota":-1,"timeFrameDays":-1,"quantityOrdered":0}}]},"currency":"EUR"},{"lines":{"items":[{"item":{"href":"https://hydraqa.unicity.net/v5a-test/items/b23be76d5816f93f8e9b7ab0665d5021","id":{"unicity":"33092"},"weightEach":{"value":0},"servingsPerContainer":0,"servingSize":0},"quantity":1,"terms":{"priceEach":149.34,"taxEach":{"amount":13.44},"discountEach":{"amount":0},"pvEach":108},"quantityLimit":{"quantityQuota":-1,"timeFrameDays":-1,"quantityOrdered":0}}]},"currency":"EUR"},{"lines":{"items":[{"item":{"href":"https://hydraqa.unicity.net/v5a-test/items/287b72c2933e3afabdea942bd11bfab9","id":{"unicity":"33093"},"weightEach":{"value":0},"servingsPerContainer":0,"servingSize":0},"quantity":1,"terms":{"priceEach":162.54,"taxEach":{"amount":14.63},"discountEach":{"amount":0},"pvEach":105},"quantityLimit":{"quantityQuota":-1,"timeFrameDays":-1,"quantityOrdered":0}}]},"currency":"EUR"},{"lines":{"items":[{"item":{"href":"https://hydraqa.unicity.net/v5a-test/items/c451532f63a06f0e9a054e946a1a1c3b","id":{"unicity":"18511"},"weightEach":{"value":50},"servingsPerContainer":30,"servingSize":0},"quantity":1,"terms":{"priceEach":37.29,"taxEach":{"amount":3.36},"discountEach":{"amount":0},"pvEach":23},"quantityLimit":{"quantityQuota":-1,"timeFrameDays":-1,"quantityOrdered":0}}]},"currency":"EUR"},{"lines":{"items":[{"item":{"href":"https://hydraqa.unicity.net/v5a-test/items/4e49c95f12ae7be78e5ffab68b8b3ca6","id":{"unicity":"26422"},"weightEach":{"value":92},"servingsPerContainer":30,"servingSize":0},"quantity":1,"terms":{"priceEach":19,"taxEach":{"amount":1.71},"discountEach":{"amount":0},"pvEach":16},"quantityLimit":{"quantityQuota":-1,"timeFrameDays":-1,"quantityOrdered":0}}]},"currency":"EUR"},{"lines":{"items":[{"item":{"href":"https://hydraqa.unicity.net/v5a-test/items/d92292ba2f23c030e4a1f63eb3ebe1ce","id":{"unicity":"27158"},"weightEach":{"value":454},"servingsPerContainer":45,"servingSize":0},"quantity":1,"terms":{"priceEach":27.94,"taxEach":{"amount":2.51},"discountEach":{"amount":0},"pvEach":23},"quantityLimit":{"quantityQuota":-1,"timeFrameDays":-1,"quantityOrdered":0}}]},"currency":"EUR"},{"lines":{"items":[{"item":{"href":"https://hydraqa.unicity.net/v5a-test/items/0d3b8d4f7c4d4082db1b4ecffb6693fb","id":{"unicity":"27160"},"weightEach":{"value":435},"servingsPerContainer":60,"servingSize":0},"quantity":1,"terms":{"priceEach":74.67,"taxEach":{"amount":6.72},"discountEach":{"amount":0},"pvEach":53},"quantityLimit":{"quantityQuota":-1,"timeFrameDays":-1,"quantityOrdered":0}}]},"currency":"EUR"},{"lines":{"items":[{"item":{"href":"https://hydraqa.unicity.net/v5a-test/items/ac37bf51ff7e4fe860da8457f6ce0425","id":{"unicity":"27166"},"weightEach":{"value":270},"servingsPerContainer":30,"servingSize":0},"quantity":1,"terms":{"priceEach":74.67,"taxEach":{"amount":6.72},"discountEach":{"amount":0},"pvEach":54},"quantityLimit":{"quantityQuota":-1,"timeFrameDays":-1,"quantityOrdered":0}}]},"currency":"EUR"},{"lines":{"items":[{"item":{"href":"https://hydraqa.unicity.net/v5a-test/items/a7bda1cb4a35343e52791aba56debc4a","id":{"unicity":"27617"},"weightEach":{"value":22.62},"servingsPerContainer":30,"servingSize":0},"quantity":1,"terms":{"priceEach":29.81,"taxEach":{"amount":2.68},"discountEach":{"amount":0},"pvEach":18},"quantityLimit":{"quantityQuota":-1,"timeFrameDays":-1,"quantityOrdered":0}}]},"currency":"EUR"},{"lines":{"items":[{"item":{"href":"https://hydraqa.unicity.net/v5a-test/items/a36d9fdd0fd7561e6180fb5b2ff27164","id":{"unicity":"27660"},"weightEach":{"value":129},"servingsPerContainer":15,"servingSize":0},"quantity":1,"terms":{"priceEach":40.09,"taxEach":{"amount":3.61},"discountEach":{"amount":0},"pvEach":25},"quantityLimit":{"quantityQuota":-1,"timeFrameDays":-1,"quantityOrdered":0}}]},"currency":"EUR"},{"lines":{"items":[{"item":{"href":"https://hydraqa.unicity.net/v5a-test/items/9a6e1d094182389c3da8e0a320ff0e00","id":{"unicity":"27585"},"weightEach":{"value":0},"servingsPerContainer":0,"servingSize":0},"quantity":1,"terms":{"priceEach":61.81,"taxEach":{"amount":5.56},"discountEach":{"amount":0},"pvEach":36},"quantityLimit":{"quantityQuota":-1,"timeFrameDays":-1,"quantityOrdered":0}}]},"currency":"EUR"},{"lines":{"items":[{"item":{"href":"https://hydraqa.unicity.net/v5a-test/items/112b8c39286598b3730f630f371a45f4","id":{"unicity":"27587"},"weightEach":{"value":690},"servingsPerContainer":30,"servingSize":0},"quantity":1,"terms":{"priceEach":55.98,"taxEach":{"amount":5.04},"discountEach":{"amount":0},"pvEach":34},"quantityLimit":{"quantityQuota":-1,"timeFrameDays":-1,"quantityOrdered":0}}]},"currency":"EUR"},{"lines":{"items":[{"item":{"href":"https://hydraqa.unicity.net/v5a-test/items/0c0717a26fcfe40310e906487e8a12f7","id":{"unicity":"28601"},"weightEach":{"value":270},"servingsPerContainer":30,"servingSize":0},"quantity":1,"terms":{"priceEach":74.67,"taxEach":{"amount":6.72},"discountEach":{"amount":0},"pvEach":54},"quantityLimit":{"quantityQuota":-1,"timeFrameDays":-1,"quantityOrdered":0}}]},"currency":"EUR"},{"lines":{"items":[{"item":{"href":"https://hydraqa.unicity.net/v5a-test/items/4790a55c442b5dc75a13b155e78c1842","id":{"unicity":"28604"},"weightEach":{"value":0},"servingsPerContainer":0,"servingSize":0},"quantity":1,"terms":{"priceEach":74.67,"taxEach":{"amount":6.72},"discountEach":{"amount":0},"pvEach":54},"quantityLimit":{"quantityQuota":-1,"timeFrameDays":-1,"quantityOrdered":0}}]},"currency":"EUR"},{"lines":{"items":[{"item":{"href":"https://hydraqa.unicity.net/v5a-test/items/024e696f8b44a1d315006e676604cd31","id":{"unicity":"27395"},"weightEach":{"value":210},"servingsPerContainer":30,"servingSize":0},"quantity":1,"terms":{"priceEach":29.81,"taxEach":{"amount":2.68},"discountEach":{"amount":0},"pvEach":18},"quantityLimit":{"quantityQuota":-1,"timeFrameDays":-1,"quantityOrdered":0}}]},"currency":"EUR"},{"lines":{"items":[{"item":{"href":"https://hydraqa.unicity.net/v5a-test/items/4b2034f47fce90b87bba28c5c2d7c25d","id":{"unicity":"15880"},"weightEach":{"value":51.5},"servingsPerContainer":90,"servingSize":0},"quantity":1,"terms":{"priceEach":51.31,"taxEach":{"amount":4.62},"discountEach":{"amount":0},"pvEach":33},"quantityLimit":{"quantityQuota":-1,"timeFrameDays":-1,"quantityOrdered":0}}]},"currency":"EUR"},{"lines":{"items":[{"item":{"href":"https://hydraqa.unicity.net/v5a-test/items/398d06b858b960f6f38086d40608aef2","id":{"unicity":"26560"},"weightEach":{"value":60},"servingsPerContainer":30,"servingSize":0},"quantity":1,"terms":{"priceEach":20.47,"taxEach":{"amount":1.84},"discountEach":{"amount":0},"pvEach":13},"quantityLimit":{"quantityQuota":-1,"timeFrameDays":-1,"quantityOrdered":0}}]},"currency":"EUR"},{"lines":{"items":[{"item":{"href":"https://hydraqa.unicity.net/v5a-test/items/e218d1cac5f31e7ae4f5876c29c57377","id":{"unicity":"29017"},"weightEach":{"value":52.8},"servingsPerContainer":60,"servingSize":0},"quantity":1,"terms":{"priceEach":37.29,"taxEach":{"amount":3.36},"discountEach":{"amount":0},"pvEach":23},"quantityLimit":{"quantityQuota":-1,"timeFrameDays":-1,"quantityOrdered":0}}]},"currency":"EUR"},{"lines":{"items":[{"item":{"href":"https://hydraqa.unicity.net/v5a-test/items/3f2d12d7a0e8551fc99fad3bbe1ba633","id":{"unicity":"26567"},"weightEach":{"value":173.46},"servingsPerContainer":60,"servingSize":0},"quantity":1,"terms":{"priceEach":55.98,"taxEach":{"amount":5.04},"discountEach":{"amount":0},"pvEach":26},"quantityLimit":{"quantityQuota":-1,"timeFrameDays":-1,"quantityOrdered":0}}]},"currency":"EUR"},{"lines":{"items":[{"item":{"href":"https://hydraqa.unicity.net/v5a-test/items/191637167cb3144bd2e8c4615e9ab67e","id":{"unicity":"26568"},"weightEach":{"value":198.24},"servingsPerContainer":60,"servingSize":0},"quantity":1,"terms":{"priceEach":55.98,"taxEach":{"amount":5.04},"discountEach":{"amount":0},"pvEach":26},"quantityLimit":{"quantityQuota":-1,"timeFrameDays":-1,"quantityOrdered":0}}]},"currency":"EUR"},{"lines":{"items":[{"item":{"href":"https://hydraqa.unicity.net/v5a-test/items/64ec7ad932acafab052a4e8800ad1238","id":{"unicity":"24758"},"weightEach":{"value":26.89},"servingsPerContainer":30,"servingSize":0},"quantity":1,"terms":{"priceEach":37.29,"taxEach":{"amount":3.36},"discountEach":{"amount":0},"pvEach":23},"quantityLimit":{"quantityQuota":-1,"timeFrameDays":-1,"quantityOrdered":0}}]},"currency":"EUR"},{"lines":{"items":[{"item":{"href":"https://hydraqa.unicity.net/v5a-test/items/11fac1643721516cbf646365d88b73cd","id":{"unicity":"29838"},"weightEach":{"value":0},"servingsPerContainer":0,"servingSize":0},"quantity":1,"terms":{"priceEach":112.36,"taxEach":{"amount":10.11},"discountEach":{"amount":0},"pvEach":86},"quantityLimit":{"quantityQuota":-1,"timeFrameDays":-1,"quantityOrdered":0}}]},"currency":"EUR"},{"lines":{"items":[{"item":{"href":"https://hydraqa.unicity.net/v5a-test/items/2c4c1abe00983e85aaa918d2ce341491","id":{"unicity":"17174"},"weightEach":{"value":49.72},"servingsPerContainer":100,"servingSize":0},"quantity":1,"terms":{"priceEach":37.29,"taxEach":{"amount":3.36},"discountEach":{"amount":0},"pvEach":23},"quantityLimit":{"quantityQuota":-1,"timeFrameDays":-1,"quantityOrdered":0}}]},"currency":"EUR"},{"lines":{"items":[{"item":{"href":"https://hydraqa.unicity.net/v5a-test/items/991cdbb84a495779eb209fb3956a77e4","id":{"unicity":"29183"},"weightEach":{"value":50},"servingsPerContainer":0,"servingSize":0},"quantity":1,"terms":{"priceEach":31.01,"taxEach":{"amount":6.51},"discountEach":{"amount":0},"pvEach":18},"quantityLimit":{"quantityQuota":-1,"timeFrameDays":-1,"quantityOrdered":0}}]},"currency":"EUR"},{"lines":{"items":[{"item":{"href":"https://hydraqa.unicity.net/v5a-test/items/0e78fbdfebef11cd62f8d2120064ee58","id":{"unicity":"30280"},"weightEach":{"value":30},"servingsPerContainer":0,"servingSize":0},"quantity":1,"terms":{"priceEach":33.53,"taxEach":{"amount":7.04},"discountEach":{"amount":0},"pvEach":20},"quantityLimit":{"quantityQuota":-1,"timeFrameDays":-1,"quantityOrdered":0}}]},"currency":"EUR"},{"lines":{"items":[{"item":{"href":"https://hydraqa.unicity.net/v5a-test/items/beb900429fbb160dbfc3001c14d96df4","id":{"unicity":"29187"},"weightEach":{"value":30},"servingsPerContainer":0,"servingSize":0},"quantity":1,"terms":{"priceEach":37.73,"taxEach":{"amount":7.92},"discountEach":{"amount":0},"pvEach":24},"quantityLimit":{"quantityQuota":-1,"timeFrameDays":-1,"quantityOrdered":0}}]},"currency":"EUR"},{"lines":{"items":[{"item":{"href":"https://hydraqa.unicity.net/v5a-test/items/1b0412bea8c0b841c66f65a36aa14108","id":{"unicity":"29191"},"weightEach":{"value":30},"servingsPerContainer":0,"servingSize":0},"quantity":1,"terms":{"priceEach":37.73,"taxEach":{"amount":7.92},"discountEach":{"amount":0},"pvEach":24},"quantityLimit":{"quantityQuota":-1,"timeFrameDays":-1,"quantityOrdered":0}}]},"currency":"EUR"},{"lines":{"items":[{"item":{"href":"https://hydraqa.unicity.net/v5a-test/items/db0a2b02eaabc5ad45fe91ba5c7bcf5a","id":{"unicity":"31772"},"weightEach":{"value":0},"servingsPerContainer":0,"servingSize":0},"quantity":1,"terms":{"priceEach":8.32,"taxEach":{"amount":1.75},"discountEach":{"amount":0},"pvEach":0},"quantityLimit":{"quantityQuota":-1,"timeFrameDays":-1,"quantityOrdered":0}}]},"currency":"EUR"},{"lines":{"items":[{"item":{"href":"https://hydraqa.unicity.net/v5a-test/items/34c8c6b0f454da738e64265f08c57a72","id":{"unicity":"31777"},"weightEach":{"value":100},"servingsPerContainer":0,"servingSize":0},"quantity":1,"terms":{"priceEach":6.22,"taxEach":{"amount":1.31},"discountEach":{"amount":0},"pvEach":3},"quantityLimit":{"quantityQuota":-1,"timeFrameDays":-1,"quantityOrdered":0}}]},"currency":"EUR"},{"lines":{"items":[{"item":{"href":"https://hydraqa.unicity.net/v5a-test/items/fc8583e3bf463b599fdcce05234bc137","id":{"unicity":"31780"},"weightEach":{"value":275},"servingsPerContainer":0,"servingSize":0},"quantity":1,"terms":{"priceEach":8.32,"taxEach":{"amount":1.75},"discountEach":{"amount":0},"pvEach":4},"quantityLimit":{"quantityQuota":-1,"timeFrameDays":-1,"quantityOrdered":0}}]},"currency":"EUR"},{"lines":{"items":[{"item":{"href":"https://hydraqa.unicity.net/v5a-test/items/7e80331c8c25f515174d3f894283a27c","id":{"unicity":"31781"},"weightEach":{"value":275},"servingsPerContainer":0,"servingSize":0},"quantity":1,"terms":{"priceEach":8.32,"taxEach":{"amount":1.75},"discountEach":{"amount":0},"pvEach":4},"quantityLimit":{"quantityQuota":-1,"timeFrameDays":-1,"quantityOrdered":0}}]},"currency":"EUR"},{"lines":{"items":[{"item":{"href":"https://hydraqa.unicity.net/v5a-test/items/8d3854b47de8e45d6fcdc194dffff601","id":{"unicity":"31782"},"weightEach":{"value":50},"servingsPerContainer":0,"servingSize":0},"quantity":1,"terms":{"priceEach":12.52,"taxEach":{"amount":2.63},"discountEach":{"amount":0},"pvEach":6},"quantityLimit":{"quantityQuota":-1,"timeFrameDays":-1,"quantityOrdered":0}}]},"currency":"EUR"},{"lines":{"items":[{"item":{"href":"https://hydraqa.unicity.net/v5a-test/items/04516be30bd9bf93e01536e7fc8f8716","id":{"unicity":"31779"},"weightEach":{"value":350},"servingsPerContainer":0,"servingSize":0},"quantity":1,"terms":{"priceEach":10,"taxEach":{"amount":2.1},"discountEach":{"amount":0},"pvEach":5},"quantityLimit":{"quantityQuota":-1,"timeFrameDays":-1,"quantityOrdered":0}}]},"currency":"EUR"},{"lines":{"items":[{"item":{"href":"https://hydraqa.unicity.net/v5a-test/items/d7e1dd4b19a8672aed99e591356c0d48","id":{"unicity":"31932"},"weightEach":{"value":180},"servingsPerContainer":0,"servingSize":0},"quantity":1,"terms":{"priceEach":6.22,"taxEach":{"amount":1.31},"discountEach":{"amount":0},"pvEach":3},"quantityLimit":{"quantityQuota":-1,"timeFrameDays":-1,"quantityOrdered":0}}]},"currency":"EUR"},{"lines":{"items":[{"item":{"href":"https://hydraqa.unicity.net/v5a-test/items/1aa00306dc0006d365acd7436548f2e6","id":{"unicity":"31778"},"weightEach":{"value":350},"servingsPerContainer":0,"servingSize":0},"quantity":1,"terms":{"priceEach":12.52,"taxEach":{"amount":2.63},"discountEach":{"amount":0},"pvEach":6},"quantityLimit":{"quantityQuota":-1,"timeFrameDays":-1,"quantityOrdered":0}}]},"currency":"EUR"},{"lines":{"items":[{"item":{"href":"https://hydraqa.unicity.net/v5a-test/items/4fc6de0cb7817f39a836ff08609b8539","id":{"unicity":"32556"},"weightEach":{"value":0},"servingsPerContainer":0,"servingSize":0},"quantity":1,"terms":{"priceEach":2.44,"taxEach":{"amount":0.51},"discountEach":{"amount":0},"pvEach":0},"quantityLimit":{"quantityQuota":-1,"timeFrameDays":-1,"quantityOrdered":0}}]},"currency":"EUR"},{"lines":{"items":[{"item":{"href":"https://hydraqa.unicity.net/v5a-test/items/2262fdd5af916c31df08089c191735c1","id":{"unicity":"29317"},"weightEach":{"value":0},"servingsPerContainer":0,"servingSize":0},"quantity":1,"terms":{"priceEach":25.21,"taxEach":{"amount":5.29},"discountEach":{"amount":0},"pvEach":0},"quantityLimit":{"quantityQuota":-1,"timeFrameDays":-1,"quantityOrdered":0}}]},"currency":"EUR"},{"lines":{"items":[{"item":{"href":"https://hydraqa.unicity.net/v5a-test/items/332daeac6796ed016ea8b7d0bc42c2d4","id":{"unicity":"24274"},"weightEach":{"value":0},"servingsPerContainer":0,"servingSize":0},"quantity":1,"terms":{"priceEach":7.48,"taxEach":{"amount":1.57},"discountEach":{"amount":0},"pvEach":0},"quantityLimit":{"quantityQuota":-1,"timeFrameDays":-1,"quantityOrdered":0}}]},"currency":"EUR"},{"lines":{"items":[{"item":{"href":"https://hydraqa.unicity.net/v5a-test/items/1945faa1776541d53120ecfe3c1d8a2b","id":{"unicity":"24418"},"weightEach":{"value":0},"servingsPerContainer":0,"servingSize":0},"quantity":1,"terms":{"priceEach":4.96,"taxEach":{"amount":1.04},"discountEach":{"amount":0},"pvEach":0},"quantityLimit":{"quantityQuota":-1,"timeFrameDays":-1,"quantityOrdered":0}}]},"currency":"EUR"},{"lines":{"items":[{"item":{"href":"https://hydraqa.unicity.net/v5a-test/items/5147f8cfe32548e02fc158d4da9c4d6f","id":{"unicity":"27150"},"weightEach":{"value":0},"servingsPerContainer":0,"servingSize":0},"quantity":1,"terms":{"priceEach":93.36,"taxEach":{"amount":8.4},"discountEach":{"amount":0},"pvEach":70},"quantityLimit":{"quantityQuota":-1,"timeFrameDays":-1,"quantityOrdered":0}}]},"currency":"EUR"},{"lines":{"items":[{"item":{"href":"https://hydraqa.unicity.net/v5a-test/items/03eba2365025ccd85818846a83a16f47","id":{"unicity":"27163"},"weightEach":{"value":258},"servingsPerContainer":30,"servingSize":0},"quantity":1,"terms":{"priceEach":74.67,"taxEach":{"amount":6.72},"discountEach":{"amount":0},"pvEach":54},"quantityLimit":{"quantityQuota":-1,"timeFrameDays":-1,"quantityOrdered":0}}]},"currency":"EUR"},{"lines":{"items":[{"item":{"href":"https://hydraqa.unicity.net/v5a-test/items/7d4ad2792f7056e5f81eb24f118ef737","id":{"unicity":"27575"},"weightEach":{"value":1104},"servingsPerContainer":30,"servingSize":0},"quantity":1,"terms":{"priceEach":55.98,"taxEach":{"amount":5.04},"discountEach":{"amount":0},"pvEach":34},"quantityLimit":{"quantityQuota":-1,"timeFrameDays":-1,"quantityOrdered":0}}]},"currency":"EUR"},{"lines":{"items":[{"item":{"href":"https://hydraqa.unicity.net/v5a-test/items/606f7be753c74dfbfe4b107276775140","id":{"unicity":"29821"},"weightEach":{"value":133.5},"servingsPerContainer":30,"servingSize":0},"quantity":1,"terms":{"priceEach":79.35,"taxEach":{"amount":7.14},"discountEach":{"amount":0},"pvEach":59},"quantityLimit":{"quantityQuota":-1,"timeFrameDays":-1,"quantityOrdered":0}}]},"currency":"EUR"},{"lines":{"items":[{"item":{"href":"https://hydraqa.unicity.net/v5a-test/items/94939f9be900906d2b47260ccba22a7b","id":{"unicity":"32012"},"weightEach":{"value":420},"servingsPerContainer":20,"servingSize":0},"quantity":1,"terms":{"priceEach":13.93,"taxEach":{"amount":1.25},"discountEach":{"amount":0},"pvEach":6},"quantityLimit":{"quantityQuota":-1,"timeFrameDays":-1,"quantityOrdered":0}}]},"currency":"EUR"},{"lines":{"items":[{"item":{"href":"https://hydraqa.unicity.net/v5a-test/items/52c87f74d3b41ed49b0f897b66c2a99b","id":{"unicity":"30684"},"weightEach":{"value":450},"servingsPerContainer":30,"servingSize":0},"quantity":1,"terms":{"priceEach":37.29,"taxEach":{"amount":3.36},"discountEach":{"amount":0},"pvEach":23},"quantityLimit":{"quantityQuota":-1,"timeFrameDays":-1,"quantityOrdered":0}}]},"currency":"EUR"},{"lines":{"items":[{"item":{"href":"https://hydraqa.unicity.net/v5a-test/items/90f38f77c9e6ea5a71aa7377df83760b","id":{"unicity":"30198"},"weightEach":{"value":0},"servingsPerContainer":0,"servingSize":0},"quantity":1,"terms":{"priceEach":19,"taxEach":{"amount":1.71},"discountEach":{"amount":0},"pvEach":16},"quantityLimit":{"quantityQuota":-1,"timeFrameDays":-1,"quantityOrdered":0}}]},"currency":"EUR"},{"lines":{"items":[{"item":{"href":"https://hydraqa.unicity.net/v5a-test/items/ab2a2b07b17718843a66bee04ff40624","id":{"unicity":"31402"},"weightEach":{"value":477},"servingsPerContainer":30,"servingSize":0},"quantity":1,"terms":{"priceEach":92.43,"taxEach":{"amount":8.32},"discountEach":{"amount":0},"pvEach":70},"quantityLimit":{"quantityQuota":-1,"timeFrameDays":-1,"quantityOrdered":0}}]},"currency":"EUR"},{"lines":{"items":[{"item":{"href":"https://hydraqa.unicity.net/v5a-test/items/7e5e7df32701fd44947c8146f2129f7a","id":{"unicity":"31672"},"weightEach":{"value":270},"servingsPerContainer":15,"servingSize":0},"quantity":1,"terms":{"priceEach":74.67,"taxEach":{"amount":6.72},"discountEach":{"amount":0},"pvEach":54},"quantityLimit":{"quantityQuota":-1,"timeFrameDays":-1,"quantityOrdered":0}}]},"currency":"EUR"},{"lines":{"items":[{"item":{"href":"https://hydraqa.unicity.net/v5a-test/items/493c2ba720f847422eccc5da35024f33","id":{"unicity":"31534"},"weightEach":{"value":95},"servingsPerContainer":60,"servingSize":0},"quantity":1,"terms":{"priceEach":26.07,"taxEach":{"amount":2.35},"discountEach":{"amount":0},"pvEach":16},"quantityLimit":{"quantityQuota":-1,"timeFrameDays":-1,"quantityOrdered":0}}]},"currency":"EUR"},{"lines":{"items":[{"item":{"href":"https://hydraqa.unicity.net/v5a-test/items/bfddb53fe0d5ed5432c531dc9850cbe4","id":{"unicity":"29449"},"weightEach":{"value":60},"servingsPerContainer":30,"servingSize":0},"quantity":1,"terms":{"priceEach":26.07,"taxEach":{"amount":2.35},"discountEach":{"amount":0},"pvEach":16},"quantityLimit":{"quantityQuota":-1,"timeFrameDays":-1,"quantityOrdered":0}}]},"currency":"EUR"},{"lines":{"items":[{"item":{"href":"https://hydraqa.unicity.net/v5a-test/items/217ca02fbd24e21ca5281412756238ab","id":{"unicity":"32126"},"weightEach":{"value":0},"servingsPerContainer":0,"servingSize":0},"quantity":1,"terms":{"priceEach":152.24,"taxEach":{"amount":14.7},"discountEach":{"amount":0},"pvEach":101},"quantityLimit":{"quantityQuota":-1,"timeFrameDays":-1,"quantityOrdered":0}}]},"currency":"EUR"},{"lines":{"items":[{"item":{"href":"https://hydraqa.unicity.net/v5a-test/items/808008a0657d2033ad471c39bbce9891","id":{"unicity":"32127"},"weightEach":{"value":0},"servingsPerContainer":0,"servingSize":0},"quantity":1,"terms":{"priceEach":162.34,"taxEach":{"amount":15.61},"discountEach":{"amount":0},"pvEach":113},"quantityLimit":{"quantityQuota":-1,"timeFrameDays":-1,"quantityOrdered":0}}]},"currency":"EUR"},{"lines":{"items":[{"item":{"href":"https://hydraqa.unicity.net/v5a-test/items/fbb6dbd577adb73abaec364076fb288f","id":{"unicity":"32087"},"weightEach":{"value":600},"servingsPerContainer":10,"servingSize":0},"quantity":1,"terms":{"priceEach":20.47,"taxEach":{"amount":1.84},"discountEach":{"amount":0},"pvEach":9},"quantityLimit":{"quantityQuota":-1,"timeFrameDays":-1,"quantityOrdered":0}}]},"currency":"EUR"},{"lines":{"items":[{"item":{"href":"https://hydraqa.unicity.net/v5a-test/items/1f59b10f0bef99fa20e4b9b0b4efea88","id":{"unicity":"32333"},"weightEach":{"value":0},"servingsPerContainer":0,"servingSize":0},"quantity":1,"terms":{"priceEach":9.16,"taxEach":{"amount":1.92},"discountEach":{"amount":0},"pvEach":0},"quantityLimit":{"quantityQuota":-1,"timeFrameDays":-1,"quantityOrdered":0}}]},"currency":"EUR"},{"lines":{"items":[{"item":{"href":"https://hydraqa.unicity.net/v5a-test/items/3ab3ce55100f6593f04ec4a0d328a0b5","id":{"unicity":"32756"},"weightEach":{"value":0},"servingsPerContainer":0,"servingSize":0},"quantity":1,"terms":{"priceEach":1517.09,"taxEach":{"amount":136.54},"discountEach":{"amount":0},"pvEach":1006},"quantityLimit":{"quantityQuota":-1,"timeFrameDays":-1,"quantityOrdered":0}}]},"currency":"EUR"},{"lines":{"items":[{"item":{"href":"https://hydraqa.unicity.net/v5a-test/items/36c1237572a0cc563fad27fcfd6abcf1","id":{"unicity":"32967"},"weightEach":{"value":0},"servingsPerContainer":0,"servingSize":0},"quantity":1,"terms":{"priceEach":1136.56,"taxEach":{"amount":102.29},"discountEach":{"amount":0},"pvEach":800},"quantityLimit":{"quantityQuota":-1,"timeFrameDays":-1,"quantityOrdered":0}}]},"currency":"EUR"},{"lines":{"items":[{"item":{"href":"https://hydraqa.unicity.net/v5a-test/items/817e062d5600cad31f527fbfa764a0fa","id":{"unicity":"32968"},"weightEach":{"value":0},"servingsPerContainer":0,"servingSize":0},"quantity":1,"terms":{"priceEach":2273.12,"taxEach":{"amount":204.58},"discountEach":{"amount":0},"pvEach":1600},"quantityLimit":{"quantityQuota":-1,"timeFrameDays":-1,"quantityOrdered":0}}]},"currency":"EUR"},{"lines":{"items":[{"item":{"href":"https://hydraqa.unicity.net/v5a-test/items/81b61d497458d50a6893cf18a065539c","id":{"unicity":"32965"},"weightEach":{"value":0},"servingsPerContainer":0,"servingSize":0},"quantity":1,"terms":{"priceEach":690.84,"taxEach":{"amount":62.18},"discountEach":{"amount":0},"pvEach":456},"quantityLimit":{"quantityQuota":-1,"timeFrameDays":-1,"quantityOrdered":0}}]},"currency":"EUR"},{"lines":{"items":[{"item":{"href":"https://hydraqa.unicity.net/v5a-test/items/ab1f0744e0ce56260af7928f7bf04478","id":{"unicity":"32966"},"weightEach":{"value":0},"servingsPerContainer":0,"servingSize":0},"quantity":1,"terms":{"priceEach":1381.68,"taxEach":{"amount":124.35},"discountEach":{"amount":0},"pvEach":912},"quantityLimit":{"quantityQuota":-1,"timeFrameDays":-1,"quantityOrdered":0}}]},"currency":"EUR"},{"lines":{"items":[{"item":{"href":"https://hydraqa.unicity.net/v5a-test/items/592aef9ec417f4553dc0b62a91a1f5e0","id":{"unicity":"32330"},"weightEach":{"value":0},"servingsPerContainer":0,"servingSize":0},"quantity":1,"terms":{"priceEach":93.36,"taxEach":{"amount":8.4},"discountEach":{"amount":0},"pvEach":55},"quantityLimit":{"quantityQuota":-1,"timeFrameDays":-1,"quantityOrdered":0}}]},"currency":"EUR"},{"lines":{"items":[{"item":{"href":"https://hydraqa.unicity.net/v5a-test/items/87dd58dff9eb54a10b652443e7279a1e","id":{"unicity":"32693"},"weightEach":{"value":0},"servingsPerContainer":0,"servingSize":0},"quantity":1,"terms":{"priceEach":79.35,"taxEach":{"amount":7.14},"discountEach":{"amount":0},"pvEach":59},"quantityLimit":{"quantityQuota":-1,"timeFrameDays":-1,"quantityOrdered":0}}]},"currency":"EUR"},{"lines":{"items":[{"item":{"href":"https://hydraqa.unicity.net/v5a-test/items/2faa0a2bcdeed39b7569e085fe880a23","id":{"unicity":"33097"},"weightEach":{"value":0},"servingsPerContainer":0,"servingSize":0},"quantity":1,"terms":{"priceEach":703.21,"taxEach":{"amount":63.29},"discountEach":{"amount":0},"pvEach":500},"quantityLimit":{"quantityQuota":-1,"timeFrameDays":-1,"quantityOrdered":0}}]},"currency":"EUR"},{"lines":{"items":[{"item":{"href":"https://hydraqa.unicity.net/v5a-test/items/3196d0b751f9119076e364a1cb03fa18","id":{"unicity":"33095"},"weightEach":{"value":0},"servingsPerContainer":0,"servingSize":0},"quantity":1,"terms":{"priceEach":740.99,"taxEach":{"amount":66.69},"discountEach":{"amount":0},"pvEach":514},"quantityLimit":{"quantityQuota":-1,"timeFrameDays":-1,"quantityOrdered":0}}]},"currency":"EUR"},{"lines":{"items":[{"item":{"href":"https://hydraqa.unicity.net/v5a-test/items/9c43de3dc98337bf964013caa56e3e98","id":{"unicity":"33098"},"weightEach":{"value":0},"servingsPerContainer":0,"servingSize":0},"quantity":1,"terms":{"priceEach":1406.42,"taxEach":{"amount":126.58},"discountEach":{"amount":0},"pvEach":1000},"quantityLimit":{"quantityQuota":-1,"timeFrameDays":-1,"quantityOrdered":0}}]},"currency":"EUR"},{"lines":{"items":[{"item":{"href":"https://hydraqa.unicity.net/v5a-test/items/bdcb8e96238e2243278e5627f9a5f893","id":{"unicity":"33096"},"weightEach":{"value":0},"servingsPerContainer":0,"servingSize":0},"quantity":1,"terms":{"priceEach":1481.98,"taxEach":{"amount":133.38},"discountEach":{"amount":0},"pvEach":1028},"quantityLimit":{"quantityQuota":-1,"timeFrameDays":-1,"quantityOrdered":0}}]},"currency":"EUR"},{"lines":{"items":[{"item":{"href":"https://hydraqa.unicity.net/v5a-test/items/1bd53de7fe880ba71f46c9976ca2c137","id":{"unicity":"27739"},"weightEach":{"value":0},"servingsPerContainer":0,"servingSize":0},"quantity":1,"terms":{"priceEach":37.29,"taxEach":{"amount":3.36},"discountEach":{"amount":0},"pvEach":23},"quantityLimit":{"quantityQuota":-1,"timeFrameDays":-1,"quantityOrdered":0}}]},"currency":"EUR"}]}
Entry request : {"order":{"customer":{"href":"https://hydraqa.unicity.net/v5a-test/customers?type=Associate"},"shipToAddress":{"country":"IE"}},"vary":{"lines":{"items":[{"item":{"href":"https://hydraqa.unicity.net/v5a-test/items?id.unicity=27156|31763|31951|31952|32128|32129|32130|32132|32133|32134|32135|32136|32137|32138|32125|32699|33092|33094|33093|18511|26422|27158|27160|27166|27617|27660|27585|27587|28601|28604|27395|15880|26560|29017|26567|26568|24758|29838|17174|29183|30280|29187|29191|31772|31777|31780|31781|31782|31779|31932|31778|32556|29317|24274|24418|27150|27163|27575|29821|32012|30684|30198|31402|31672|31534|29449|32126|32127|32087|32333|32756|32967|32968|32965|32966|32330|32693|33097|33095|33098|33096|27739"}}]}}}
]]></system-out>
    <system-err><![CDATA[Starting ChromeDriver 2.36.540470 (e522d04694c7ebea4ba8821272dbef4f9b818c91) on port 15582
Only local connections are allowed.
Oct 18, 2020 11:11:22 AM org.openqa.selenium.remote.ProtocolHandshake createSession
INFO: Detected dialect: OSS
]]></system-err>
  </testcase>
  <testcase name="Enroll" classname="Tests.FranchisePartner" time="308.338"/>
  <testcase name="Enroll" classname="Tests.FranchisePartner" time="303.016"/>
  <testcase name="Enroll" classname="Tests.FranchisePartner" time="265.417">
    <failure message="Major Packs expected [[https://hydraqa.unicity.net/v5a-test/items?id.unicity=29317, https://hydraqa.unicity.net/v5a-test/items?id.unicity=32127, https://hydraqa.unicity.net/v5a-test/items?id.unicity=33095]] but found [[https://hydraqa.unicity.net/v5a-test/items?id.unicity=32127, https://hydraqa.unicity.net/v5a-test/items?id.unicity=33095]]" type="java.lang.AssertionError">java.lang.AssertionError: Major Packs expected [[https://hydraqa.unicity.net/v5a-test/items?id.unicity=29317, https://hydraqa.unicity.net/v5a-test/items?id.unicity=32127, https://hydraqa.unicity.net/v5a-test/items?id.unicity=33095]] but found [[https://hydraqa.unicity.net/v5a-test/items?id.unicity=32127, https://hydraqa.unicity.net/v5a-test/items?id.unicity=33095]]
	at Tests.FranchisePartner.Enroll(FranchisePartner.java:252)
</failure>
    <system-out><![CDATA[Request URL: https://hydraqa.unicity.net/v5a-test/quotes?&expand=item
Entry Quotes response : {"items":[{"lines":{"items":[{"item":{"href":"https://hydraqa.unicity.net/v5a-test/items/ac37bf51ff7e4fe860da8457f6ce0425","id":{"unicity":"27166"},"weightEach":{"value":270},"servingsPerContainer":30,"servingSize":0},"quantity":1,"terms":{"priceEach":74.67,"taxEach":{"amount":6.72},"discountEach":{"amount":0},"pvEach":54},"quantityLimit":{"quantityQuota":-1,"timeFrameDays":-1,"quantityOrdered":0}}]},"currency":"EUR"},{"lines":{"items":[{"item":{"href":"https://hydraqa.unicity.net/v5a-test/items/e9991b48ac639367d526d2b9b22fac8c","id":{"unicity":"32128"},"weightEach":{"value":0},"servingsPerContainer":0,"servingSize":0},"quantity":1,"terms":{"priceEach":371.87,"taxEach":{"amount":33.47},"discountEach":{"amount":0},"pvEach":253},"quantityLimit":{"quantityQuota":-1,"timeFrameDays":-1,"quantityOrdered":0}}]},"currency":"EUR"},{"lines":{"items":[{"item":{"href":"https://hydraqa.unicity.net/v5a-test/items/40b3312de189221d96d838d33a8ec49d","id":{"unicity":"32129"},"weightEach":{"value":0},"servingsPerContainer":0,"servingSize":0},"quantity":1,"terms":{"priceEach":371.87,"taxEach":{"amount":33.47},"discountEach":{"amount":0},"pvEach":254},"quantityLimit":{"quantityQuota":-1,"timeFrameDays":-1,"quantityOrdered":0}}]},"currency":"EUR"},{"lines":{"items":[{"item":{"href":"https://hydraqa.unicity.net/v5a-test/items/6bd168a66ce41003a8f30917deff5808","id":{"unicity":"32130"},"weightEach":{"value":0},"servingsPerContainer":0,"servingSize":0},"quantity":1,"terms":{"priceEach":363.46,"taxEach":{"amount":32.71},"discountEach":{"amount":0},"pvEach":252},"quantityLimit":{"quantityQuota":-1,"timeFrameDays":-1,"quantityOrdered":0}}]},"currency":"EUR"},{"lines":{"items":[{"item":{"href":"https://hydraqa.unicity.net/v5a-test/items/806f99b793edd7cd0b1c158ba0eb3142","id":{"unicity":"32132"},"weightEach":{"value":0},"servingsPerContainer":0,"servingSize":0},"quantity":1,"terms":{"priceEach":355.98,"taxEach":{"amount":32.04},"discountEach":{"amount":0},"pvEach":253},"quantityLimit":{"quantityQuota":-1,"timeFrameDays":-1,"quantityOrdered":0}}]},"currency":"EUR"},{"lines":{"items":[{"item":{"href":"https://hydraqa.unicity.net/v5a-test/items/e3d382d99fde8659cb146b54116e7654","id":{"unicity":"32133"},"weightEach":{"value":0},"servingsPerContainer":0,"servingSize":0},"quantity":1,"terms":{"priceEach":364.39,"taxEach":{"amount":32.8},"discountEach":{"amount":0},"pvEach":252},"quantityLimit":{"quantityQuota":-1,"timeFrameDays":-1,"quantityOrdered":0}}]},"currency":"EUR"},{"lines":{"items":[{"item":{"href":"https://hydraqa.unicity.net/v5a-test/items/022f109fe6e5eae3e521295a5cb94c60","id":{"unicity":"32134"},"weightEach":{"value":0},"servingsPerContainer":0,"servingSize":0},"quantity":1,"terms":{"priceEach":144.77,"taxEach":{"amount":13.03},"discountEach":{"amount":0},"pvEach":101},"quantityLimit":{"quantityQuota":-1,"timeFrameDays":-1,"quantityOrdered":0}}]},"currency":"EUR"},{"lines":{"items":[{"item":{"href":"https://hydraqa.unicity.net/v5a-test/items/ded00960d5e948dd8e511a9c752e1ff9","id":{"unicity":"32135"},"weightEach":{"value":0},"servingsPerContainer":0,"servingSize":0},"quantity":1,"terms":{"priceEach":154.11,"taxEach":{"amount":13.87},"discountEach":{"amount":0},"pvEach":113},"quantityLimit":{"quantityQuota":-1,"timeFrameDays":-1,"quantityOrdered":0}}]},"currency":"EUR"},{"lines":{"items":[{"item":{"href":"https://hydraqa.unicity.net/v5a-test/items/d8736cc35cf9f4734fd76da71c53dc05","id":{"unicity":"32136"},"weightEach":{"value":0},"servingsPerContainer":0,"servingSize":0},"quantity":1,"terms":{"priceEach":142.08,"taxEach":{"amount":12.79},"discountEach":{"amount":0},"pvEach":102},"quantityLimit":{"quantityQuota":-1,"timeFrameDays":-1,"quantityOrdered":0}}]},"currency":"EUR"},{"lines":{"items":[{"item":{"href":"https://hydraqa.unicity.net/v5a-test/items/166a69d45c4ae40278554e24d5f40443","id":{"unicity":"32137"},"weightEach":{"value":0},"servingsPerContainer":0,"servingSize":0},"quantity":1,"terms":{"priceEach":168.13,"taxEach":{"amount":15.13},"discountEach":{"amount":0},"pvEach":118},"quantityLimit":{"quantityQuota":-1,"timeFrameDays":-1,"quantityOrdered":0}}]},"currency":"EUR"},{"lines":{"items":[{"item":{"href":"https://hydraqa.unicity.net/v5a-test/items/d04a0b8762b20202b6273114fb7302d1","id":{"unicity":"32138"},"weightEach":{"value":0},"servingsPerContainer":0,"servingSize":0},"quantity":1,"terms":{"priceEach":224.21,"taxEach":{"amount":20.18},"discountEach":{"amount":0},"pvEach":152},"quantityLimit":{"quantityQuota":-1,"timeFrameDays":-1,"quantityOrdered":0}}]},"currency":"EUR"},{"lines":{"items":[{"item":{"href":"https://hydraqa.unicity.net/v5a-test/items/e13d0b5c40704ad5dd186959367c97f1","id":{"unicity":"32125"},"weightEach":{"value":0},"servingsPerContainer":0,"servingSize":0},"quantity":1,"terms":{"priceEach":373.74,"taxEach":{"amount":33.64},"discountEach":{"amount":0},"pvEach":250},"quantityLimit":{"quantityQuota":-1,"timeFrameDays":-1,"quantityOrdered":0}}]},"currency":"EUR"},{"lines":{"items":[{"item":{"href":"https://hydraqa.unicity.net/v5a-test/items/def68d31fb89b7c22a71f384e32f03d7","id":{"unicity":"32699"},"weightEach":{"value":0},"servingsPerContainer":0,"servingSize":0},"quantity":1,"terms":{"priceEach":284.14,"taxEach":{"amount":25.57},"discountEach":{"amount":0},"pvEach":200},"quantityLimit":{"quantityQuota":-1,"timeFrameDays":-1,"quantityOrdered":0}}]},"currency":"EUR"},{"lines":{"items":[{"item":{"href":"https://hydraqa.unicity.net/v5a-test/items/b23be76d5816f93f8e9b7ab0665d5021","id":{"unicity":"33092"},"weightEach":{"value":0},"servingsPerContainer":0,"servingSize":0},"quantity":1,"terms":{"priceEach":149.34,"taxEach":{"amount":13.44},"discountEach":{"amount":0},"pvEach":108},"quantityLimit":{"quantityQuota":-1,"timeFrameDays":-1,"quantityOrdered":0}}]},"currency":"EUR"},{"lines":{"items":[{"item":{"href":"https://hydraqa.unicity.net/v5a-test/items/287b72c2933e3afabdea942bd11bfab9","id":{"unicity":"33093"},"weightEach":{"value":0},"servingsPerContainer":0,"servingSize":0},"quantity":1,"terms":{"priceEach":162.54,"taxEach":{"amount":14.63},"discountEach":{"amount":0},"pvEach":105},"quantityLimit":{"quantityQuota":-1,"timeFrameDays":-1,"quantityOrdered":0}}]},"currency":"EUR"},{"lines":{"items":[{"item":{"href":"https://hydraqa.unicity.net/v5a-test/items/c451532f63a06f0e9a054e946a1a1c3b","id":{"unicity":"18511"},"weightEach":{"value":50},"servingsPerContainer":30,"servingSize":0},"quantity":1,"terms":{"priceEach":37.29,"taxEach":{"amount":3.36},"discountEach":{"amount":0},"pvEach":23},"quantityLimit":{"quantityQuota":-1,"timeFrameDays":-1,"quantityOrdered":0}}]},"currency":"EUR"},{"lines":{"items":[{"item":{"href":"https://hydraqa.unicity.net/v5a-test/items/1945faa1776541d53120ecfe3c1d8a2b","id":{"unicity":"24418"},"weightEach":{"value":0},"servingsPerContainer":0,"servingSize":0},"quantity":1,"terms":{"priceEach":4.96,"taxEach":{"amount":1.04},"discountEach":{"amount":0},"pvEach":0},"quantityLimit":{"quantityQuota":-1,"timeFrameDays":-1,"quantityOrdered":0}}]},"currency":"EUR"},{"lines":{"items":[{"item":{"href":"https://hydraqa.unicity.net/v5a-test/items/4e49c95f12ae7be78e5ffab68b8b3ca6","id":{"unicity":"26422"},"weightEach":{"value":92},"servingsPerContainer":30,"servingSize":0},"quantity":1,"terms":{"priceEach":19,"taxEach":{"amount":1.71},"discountEach":{"amount":0},"pvEach":16},"quantityLimit":{"quantityQuota":-1,"timeFrameDays":-1,"quantityOrdered":0}}]},"currency":"EUR"},{"lines":{"items":[{"item":{"href":"https://hydraqa.unicity.net/v5a-test/items/10da226fab00279b4f89df10af2a10b7","id":{"unicity":"26442"},"weightEach":{"value":0},"servingsPerContainer":0,"servingSize":0},"quantity":1,"terms":{"priceEach":5.8,"taxEach":{"amount":1.22},"discountEach":{"amount":0},"pvEach":0},"quantityLimit":{"quantityQuota":-1,"timeFrameDays":-1,"quantityOrdered":0}}]},"currency":"EUR"},{"lines":{"items":[{"item":{"href":"https://hydraqa.unicity.net/v5a-test/items/50e73ecfa509ac20c4a250f9cb32fdfc","id":{"unicity":"27156"},"weightEach":{"value":31},"servingsPerContainer":50,"servingSize":0},"quantity":1,"terms":{"priceEach":20.47,"taxEach":{"amount":1.84},"discountEach":{"amount":0},"pvEach":13},"quantityLimit":{"quantityQuota":-1,"timeFrameDays":-1,"quantityOrdered":0}}]},"currency":"EUR"},{"lines":{"items":[{"item":{"href":"https://hydraqa.unicity.net/v5a-test/items/d92292ba2f23c030e4a1f63eb3ebe1ce","id":{"unicity":"27158"},"weightEach":{"value":454},"servingsPerContainer":45,"servingSize":0},"quantity":1,"terms":{"priceEach":27.94,"taxEach":{"amount":2.51},"discountEach":{"amount":0},"pvEach":23},"quantityLimit":{"quantityQuota":-1,"timeFrameDays":-1,"quantityOrdered":0}}]},"currency":"EUR"},{"lines":{"items":[{"item":{"href":"https://hydraqa.unicity.net/v5a-test/items/0d3b8d4f7c4d4082db1b4ecffb6693fb","id":{"unicity":"27160"},"weightEach":{"value":435},"servingsPerContainer":60,"servingSize":0},"quantity":1,"terms":{"priceEach":74.67,"taxEach":{"amount":6.72},"discountEach":{"amount":0},"pvEach":53},"quantityLimit":{"quantityQuota":-1,"timeFrameDays":-1,"quantityOrdered":0}}]},"currency":"EUR"},{"lines":{"items":[{"item":{"href":"https://hydraqa.unicity.net/v5a-test/items/a7bda1cb4a35343e52791aba56debc4a","id":{"unicity":"27617"},"weightEach":{"value":22.62},"servingsPerContainer":30,"servingSize":0},"quantity":1,"terms":{"priceEach":29.81,"taxEach":{"amount":2.68},"discountEach":{"amount":0},"pvEach":18},"quantityLimit":{"quantityQuota":-1,"timeFrameDays":-1,"quantityOrdered":0}}]},"currency":"EUR"},{"lines":{"items":[{"item":{"href":"https://hydraqa.unicity.net/v5a-test/items/a36d9fdd0fd7561e6180fb5b2ff27164","id":{"unicity":"27660"},"weightEach":{"value":129},"servingsPerContainer":15,"servingSize":0},"quantity":1,"terms":{"priceEach":40.09,"taxEach":{"amount":3.61},"discountEach":{"amount":0},"pvEach":25},"quantityLimit":{"quantityQuota":-1,"timeFrameDays":-1,"quantityOrdered":0}}]},"currency":"EUR"},{"lines":{"items":[{"item":{"href":"https://hydraqa.unicity.net/v5a-test/items/9a6e1d094182389c3da8e0a320ff0e00","id":{"unicity":"27585"},"weightEach":{"value":0},"servingsPerContainer":0,"servingSize":0},"quantity":1,"terms":{"priceEach":61.81,"taxEach":{"amount":5.56},"discountEach":{"amount":0},"pvEach":36},"quantityLimit":{"quantityQuota":-1,"timeFrameDays":-1,"quantityOrdered":0}}]},"currency":"EUR"},{"lines":{"items":[{"item":{"href":"https://hydraqa.unicity.net/v5a-test/items/112b8c39286598b3730f630f371a45f4","id":{"unicity":"27587"},"weightEach":{"value":690},"servingsPerContainer":30,"servingSize":0},"quantity":1,"terms":{"priceEach":55.98,"taxEach":{"amount":5.04},"discountEach":{"amount":0},"pvEach":34},"quantityLimit":{"quantityQuota":-1,"timeFrameDays":-1,"quantityOrdered":0}}]},"currency":"EUR"},{"lines":{"items":[{"item":{"href":"https://hydraqa.unicity.net/v5a-test/items/0c0717a26fcfe40310e906487e8a12f7","id":{"unicity":"28601"},"weightEach":{"value":270},"servingsPerContainer":30,"servingSize":0},"quantity":1,"terms":{"priceEach":74.67,"taxEach":{"amount":6.72},"discountEach":{"amount":0},"pvEach":54},"quantityLimit":{"quantityQuota":-1,"timeFrameDays":-1,"quantityOrdered":0}}]},"currency":"EUR"},{"lines":{"items":[{"item":{"href":"https://hydraqa.unicity.net/v5a-test/items/4790a55c442b5dc75a13b155e78c1842","id":{"unicity":"28604"},"weightEach":{"value":0},"servingsPerContainer":0,"servingSize":0},"quantity":1,"terms":{"priceEach":74.67,"taxEach":{"amount":6.72},"discountEach":{"amount":0},"pvEach":54},"quantityLimit":{"quantityQuota":-1,"timeFrameDays":-1,"quantityOrdered":0}}]},"currency":"EUR"},{"lines":{"items":[{"item":{"href":"https://hydraqa.unicity.net/v5a-test/items/4b2034f47fce90b87bba28c5c2d7c25d","id":{"unicity":"15880"},"weightEach":{"value":51.5},"servingsPerContainer":90,"servingSize":0},"quantity":1,"terms":{"priceEach":51.31,"taxEach":{"amount":4.62},"discountEach":{"amount":0},"pvEach":33},"quantityLimit":{"quantityQuota":-1,"timeFrameDays":-1,"quantityOrdered":0}}]},"currency":"EUR"},{"lines":{"items":[{"item":{"href":"https://hydraqa.unicity.net/v5a-test/items/398d06b858b960f6f38086d40608aef2","id":{"unicity":"26560"},"weightEach":{"value":60},"servingsPerContainer":30,"servingSize":0},"quantity":1,"terms":{"priceEach":20.47,"taxEach":{"amount":1.84},"discountEach":{"amount":0},"pvEach":13},"quantityLimit":{"quantityQuota":-1,"timeFrameDays":-1,"quantityOrdered":0}}]},"currency":"EUR"},{"lines":{"items":[{"item":{"href":"https://hydraqa.unicity.net/v5a-test/items/e218d1cac5f31e7ae4f5876c29c57377","id":{"unicity":"29017"},"weightEach":{"value":52.8},"servingsPerContainer":60,"servingSize":0},"quantity":1,"terms":{"priceEach":37.29,"taxEach":{"amount":3.36},"discountEach":{"amount":0},"pvEach":23},"quantityLimit":{"quantityQuota":-1,"timeFrameDays":-1,"quantityOrdered":0}}]},"currency":"EUR"},{"lines":{"items":[{"item":{"href":"https://hydraqa.unicity.net/v5a-test/items/3f2d12d7a0e8551fc99fad3bbe1ba633","id":{"unicity":"26567"},"weightEach":{"value":173.46},"servingsPerContainer":60,"servingSize":0},"quantity":1,"terms":{"priceEach":55.98,"taxEach":{"amount":5.04},"discountEach":{"amount":0},"pvEach":26},"quantityLimit":{"quantityQuota":-1,"timeFrameDays":-1,"quantityOrdered":0}}]},"currency":"EUR"},{"lines":{"items":[{"item":{"href":"https://hydraqa.unicity.net/v5a-test/items/191637167cb3144bd2e8c4615e9ab67e","id":{"unicity":"26568"},"weightEach":{"value":198.24},"servingsPerContainer":60,"servingSize":0},"quantity":1,"terms":{"priceEach":55.98,"taxEach":{"amount":5.04},"discountEach":{"amount":0},"pvEach":26},"quantityLimit":{"quantityQuota":-1,"timeFrameDays":-1,"quantityOrdered":0}}]},"currency":"EUR"},{"lines":{"items":[{"item":{"href":"https://hydraqa.unicity.net/v5a-test/items/64ec7ad932acafab052a4e8800ad1238","id":{"unicity":"24758"},"weightEach":{"value":26.89},"servingsPerContainer":30,"servingSize":0},"quantity":1,"terms":{"priceEach":37.29,"taxEach":{"amount":3.36},"discountEach":{"amount":0},"pvEach":23},"quantityLimit":{"quantityQuota":-1,"timeFrameDays":-1,"quantityOrdered":0}}]},"currency":"EUR"},{"lines":{"items":[{"item":{"href":"https://hydraqa.unicity.net/v5a-test/items/11fac1643721516cbf646365d88b73cd","id":{"unicity":"29838"},"weightEach":{"value":0},"servingsPerContainer":0,"servingSize":0},"quantity":1,"terms":{"priceEach":112.36,"taxEach":{"amount":10.11},"discountEach":{"amount":0},"pvEach":86},"quantityLimit":{"quantityQuota":-1,"timeFrameDays":-1,"quantityOrdered":0}}]},"currency":"EUR"},{"lines":{"items":[{"item":{"href":"https://hydraqa.unicity.net/v5a-test/items/2c4c1abe00983e85aaa918d2ce341491","id":{"unicity":"17174"},"weightEach":{"value":49.72},"servingsPerContainer":100,"servingSize":0},"quantity":1,"terms":{"priceEach":37.29,"taxEach":{"amount":3.36},"discountEach":{"amount":0},"pvEach":23},"quantityLimit":{"quantityQuota":-1,"timeFrameDays":-1,"quantityOrdered":0}}]},"currency":"EUR"},{"lines":{"items":[{"item":{"href":"https://hydraqa.unicity.net/v5a-test/items/991cdbb84a495779eb209fb3956a77e4","id":{"unicity":"29183"},"weightEach":{"value":50},"servingsPerContainer":0,"servingSize":0},"quantity":1,"terms":{"priceEach":31.01,"taxEach":{"amount":6.51},"discountEach":{"amount":0},"pvEach":18},"quantityLimit":{"quantityQuota":-1,"timeFrameDays":-1,"quantityOrdered":0}}]},"currency":"EUR"},{"lines":{"items":[{"item":{"href":"https://hydraqa.unicity.net/v5a-test/items/0e78fbdfebef11cd62f8d2120064ee58","id":{"unicity":"30280"},"weightEach":{"value":30},"servingsPerContainer":0,"servingSize":0},"quantity":1,"terms":{"priceEach":33.53,"taxEach":{"amount":7.04},"discountEach":{"amount":0},"pvEach":20},"quantityLimit":{"quantityQuota":-1,"timeFrameDays":-1,"quantityOrdered":0}}]},"currency":"EUR"},{"lines":{"items":[{"item":{"href":"https://hydraqa.unicity.net/v5a-test/items/beb900429fbb160dbfc3001c14d96df4","id":{"unicity":"29187"},"weightEach":{"value":30},"servingsPerContainer":0,"servingSize":0},"quantity":1,"terms":{"priceEach":37.73,"taxEach":{"amount":7.92},"discountEach":{"amount":0},"pvEach":24},"quantityLimit":{"quantityQuota":-1,"timeFrameDays":-1,"quantityOrdered":0}}]},"currency":"EUR"},{"lines":{"items":[{"item":{"href":"https://hydraqa.unicity.net/v5a-test/items/1b0412bea8c0b841c66f65a36aa14108","id":{"unicity":"29191"},"weightEach":{"value":30},"servingsPerContainer":0,"servingSize":0},"quantity":1,"terms":{"priceEach":37.73,"taxEach":{"amount":7.92},"discountEach":{"amount":0},"pvEach":24},"quantityLimit":{"quantityQuota":-1,"timeFrameDays":-1,"quantityOrdered":0}}]},"currency":"EUR"},{"lines":{"items":[{"item":{"href":"https://hydraqa.unicity.net/v5a-test/items/ab2a2b07b17718843a66bee04ff40624","id":{"unicity":"31402"},"weightEach":{"value":477},"servingsPerContainer":30,"servingSize":0},"quantity":1,"terms":{"priceEach":92.43,"taxEach":{"amount":8.32},"discountEach":{"amount":0},"pvEach":70},"quantityLimit":{"quantityQuota":-1,"timeFrameDays":-1,"quantityOrdered":0}}]},"currency":"EUR"},{"lines":{"items":[{"item":{"href":"https://hydraqa.unicity.net/v5a-test/items/db0a2b02eaabc5ad45fe91ba5c7bcf5a","id":{"unicity":"31772"},"weightEach":{"value":0},"servingsPerContainer":0,"servingSize":0},"quantity":1,"terms":{"priceEach":8.32,"taxEach":{"amount":1.75},"discountEach":{"amount":0},"pvEach":0},"quantityLimit":{"quantityQuota":-1,"timeFrameDays":-1,"quantityOrdered":0}}]},"currency":"EUR"},{"lines":{"items":[{"item":{"href":"https://hydraqa.unicity.net/v5a-test/items/34c8c6b0f454da738e64265f08c57a72","id":{"unicity":"31777"},"weightEach":{"value":100},"servingsPerContainer":0,"servingSize":0},"quantity":1,"terms":{"priceEach":6.22,"taxEach":{"amount":1.31},"discountEach":{"amount":0},"pvEach":3},"quantityLimit":{"quantityQuota":-1,"timeFrameDays":-1,"quantityOrdered":0}}]},"currency":"EUR"},{"lines":{"items":[{"item":{"href":"https://hydraqa.unicity.net/v5a-test/items/fc8583e3bf463b599fdcce05234bc137","id":{"unicity":"31780"},"weightEach":{"value":275},"servingsPerContainer":0,"servingSize":0},"quantity":1,"terms":{"priceEach":8.32,"taxEach":{"amount":1.75},"discountEach":{"amount":0},"pvEach":4},"quantityLimit":{"quantityQuota":-1,"timeFrameDays":-1,"quantityOrdered":0}}]},"currency":"EUR"},{"lines":{"items":[{"item":{"href":"https://hydraqa.unicity.net/v5a-test/items/7e80331c8c25f515174d3f894283a27c","id":{"unicity":"31781"},"weightEach":{"value":275},"servingsPerContainer":0,"servingSize":0},"quantity":1,"terms":{"priceEach":8.32,"taxEach":{"amount":1.75},"discountEach":{"amount":0},"pvEach":4},"quantityLimit":{"quantityQuota":-1,"timeFrameDays":-1,"quantityOrdered":0}}]},"currency":"EUR"},{"lines":{"items":[{"item":{"href":"https://hydraqa.unicity.net/v5a-test/items/8d3854b47de8e45d6fcdc194dffff601","id":{"unicity":"31782"},"weightEach":{"value":50},"servingsPerContainer":0,"servingSize":0},"quantity":1,"terms":{"priceEach":12.52,"taxEach":{"amount":2.63},"discountEach":{"amount":0},"pvEach":6},"quantityLimit":{"quantityQuota":-1,"timeFrameDays":-1,"quantityOrdered":0}}]},"currency":"EUR"},{"lines":{"items":[{"item":{"href":"https://hydraqa.unicity.net/v5a-test/items/04516be30bd9bf93e01536e7fc8f8716","id":{"unicity":"31779"},"weightEach":{"value":350},"servingsPerContainer":0,"servingSize":0},"quantity":1,"terms":{"priceEach":10,"taxEach":{"amount":2.1},"discountEach":{"amount":0},"pvEach":5},"quantityLimit":{"quantityQuota":-1,"timeFrameDays":-1,"quantityOrdered":0}}]},"currency":"EUR"},{"lines":{"items":[{"item":{"href":"https://hydraqa.unicity.net/v5a-test/items/d7e1dd4b19a8672aed99e591356c0d48","id":{"unicity":"31932"},"weightEach":{"value":180},"servingsPerContainer":0,"servingSize":0},"quantity":1,"terms":{"priceEach":6.22,"taxEach":{"amount":1.31},"discountEach":{"amount":0},"pvEach":3},"quantityLimit":{"quantityQuota":-1,"timeFrameDays":-1,"quantityOrdered":0}}]},"currency":"EUR"},{"lines":{"items":[{"item":{"href":"https://hydraqa.unicity.net/v5a-test/items/1aa00306dc0006d365acd7436548f2e6","id":{"unicity":"31778"},"weightEach":{"value":350},"servingsPerContainer":0,"servingSize":0},"quantity":1,"terms":{"priceEach":12.52,"taxEach":{"amount":2.63},"discountEach":{"amount":0},"pvEach":6},"quantityLimit":{"quantityQuota":-1,"timeFrameDays":-1,"quantityOrdered":0}}]},"currency":"EUR"},{"lines":{"items":[{"item":{"href":"https://hydraqa.unicity.net/v5a-test/items/4fc6de0cb7817f39a836ff08609b8539","id":{"unicity":"32556"},"weightEach":{"value":0},"servingsPerContainer":0,"servingSize":0},"quantity":1,"terms":{"priceEach":2.44,"taxEach":{"amount":0.51},"discountEach":{"amount":0},"pvEach":0},"quantityLimit":{"quantityQuota":-1,"timeFrameDays":-1,"quantityOrdered":0}}]},"currency":"EUR"},{"lines":{"items":[{"item":{"href":"https://hydraqa.unicity.net/v5a-test/items/2262fdd5af916c31df08089c191735c1","id":{"unicity":"29317"},"weightEach":{"value":0},"servingsPerContainer":0,"servingSize":0},"quantity":1,"terms":{"priceEach":25.21,"taxEach":{"amount":5.29},"discountEach":{"amount":0},"pvEach":0},"quantityLimit":{"quantityQuota":-1,"timeFrameDays":-1,"quantityOrdered":0}}]},"currency":"EUR"},{"lines":{"items":[{"item":{"href":"https://hydraqa.unicity.net/v5a-test/items/2f1d0aa90494ae2e08035922c701f968","id":{"unicity":"29832"},"weightEach":{"value":0},"servingsPerContainer":0,"servingSize":0},"quantity":1,"terms":{"priceEach":47.57,"taxEach":{"amount":4.28},"discountEach":{"amount":0},"pvEach":39},"quantityLimit":{"quantityQuota":-1,"timeFrameDays":-1,"quantityOrdered":0}}]},"currency":"EUR"},{"lines":{"items":[{"item":{"href":"https://hydraqa.unicity.net/v5a-test/items/10df0fc3509b53cbeaeb9476ca92d520","id":{"unicity":"29833"},"weightEach":{"value":0},"servingsPerContainer":0,"servingSize":0},"quantity":1,"terms":{"priceEach":90.56,"taxEach":{"amount":8.15},"discountEach":{"amount":0},"pvEach":69},"quantityLimit":{"quantityQuota":-1,"timeFrameDays":-1,"quantityOrdered":0}}]},"currency":"EUR"},{"lines":{"items":[{"item":{"href":"https://hydraqa.unicity.net/v5a-test/items/b90fda77fbdf07131e0e60b87941cf76","id":{"unicity":"32755"},"weightEach":{"value":0},"servingsPerContainer":0,"servingSize":0},"quantity":1,"terms":{"priceEach":758.54,"taxEach":{"amount":68.27},"discountEach":{"amount":0},"pvEach":503},"quantityLimit":{"quantityQuota":-1,"timeFrameDays":-1,"quantityOrdered":0}}]},"currency":"EUR"},{"lines":{"items":[{"item":{"href":"https://hydraqa.unicity.net/v5a-test/items/3ab3ce55100f6593f04ec4a0d328a0b5","id":{"unicity":"32756"},"weightEach":{"value":0},"servingsPerContainer":0,"servingSize":0},"quantity":1,"terms":{"priceEach":1517.09,"taxEach":{"amount":136.54},"discountEach":{"amount":0},"pvEach":1006},"quantityLimit":{"quantityQuota":-1,"timeFrameDays":-1,"quantityOrdered":0}}]},"currency":"EUR"},{"lines":{"items":[{"item":{"href":"https://hydraqa.unicity.net/v5a-test/items/2faa0a2bcdeed39b7569e085fe880a23","id":{"unicity":"33097"},"weightEach":{"value":0},"servingsPerContainer":0,"servingSize":0},"quantity":1,"terms":{"priceEach":703.21,"taxEach":{"amount":63.29},"discountEach":{"amount":0},"pvEach":500},"quantityLimit":{"quantityQuota":-1,"timeFrameDays":-1,"quantityOrdered":0}}]},"currency":"EUR"},{"lines":{"items":[{"item":{"href":"https://hydraqa.unicity.net/v5a-test/items/3196d0b751f9119076e364a1cb03fa18","id":{"unicity":"33095"},"weightEach":{"value":0},"servingsPerContainer":0,"servingSize":0},"quantity":1,"terms":{"priceEach":740.99,"taxEach":{"amount":66.69},"discountEach":{"amount":0},"pvEach":514},"quantityLimit":{"quantityQuota":-1,"timeFrameDays":-1,"quantityOrdered":0}}]},"currency":"EUR"},{"lines":{"items":[{"item":{"href":"https://hydraqa.unicity.net/v5a-test/items/9c43de3dc98337bf964013caa56e3e98","id":{"unicity":"33098"},"weightEach":{"value":0},"servingsPerContainer":0,"servingSize":0},"quantity":1,"terms":{"priceEach":1406.42,"taxEach":{"amount":126.58},"discountEach":{"amount":0},"pvEach":1000},"quantityLimit":{"quantityQuota":-1,"timeFrameDays":-1,"quantityOrdered":0}}]},"currency":"EUR"},{"lines":{"items":[{"item":{"href":"https://hydraqa.unicity.net/v5a-test/items/bdcb8e96238e2243278e5627f9a5f893","id":{"unicity":"33096"},"weightEach":{"value":0},"servingsPerContainer":0,"servingSize":0},"quantity":1,"terms":{"priceEach":1481.98,"taxEach":{"amount":133.38},"discountEach":{"amount":0},"pvEach":1028},"quantityLimit":{"quantityQuota":-1,"timeFrameDays":-1,"quantityOrdered":0}}]},"currency":"EUR"},{"lines":{"items":[{"item":{"href":"https://hydraqa.unicity.net/v5a-test/items/332daeac6796ed016ea8b7d0bc42c2d4","id":{"unicity":"24274"},"weightEach":{"value":0},"servingsPerContainer":0,"servingSize":0},"quantity":1,"terms":{"priceEach":7.48,"taxEach":{"amount":1.57},"discountEach":{"amount":0},"pvEach":0},"quantityLimit":{"quantityQuota":-1,"timeFrameDays":-1,"quantityOrdered":0}}]},"currency":"EUR"},{"lines":{"items":[{"item":{"href":"https://hydraqa.unicity.net/v5a-test/items/5147f8cfe32548e02fc158d4da9c4d6f","id":{"unicity":"27150"},"weightEach":{"value":0},"servingsPerContainer":0,"servingSize":0},"quantity":1,"terms":{"priceEach":93.36,"taxEach":{"amount":8.4},"discountEach":{"amount":0},"pvEach":70},"quantityLimit":{"quantityQuota":-1,"timeFrameDays":-1,"quantityOrdered":0}}]},"currency":"EUR"},{"lines":{"items":[{"item":{"href":"https://hydraqa.unicity.net/v5a-test/items/03eba2365025ccd85818846a83a16f47","id":{"unicity":"27163"},"weightEach":{"value":258},"servingsPerContainer":30,"servingSize":0},"quantity":1,"terms":{"priceEach":74.67,"taxEach":{"amount":6.72},"discountEach":{"amount":0},"pvEach":54},"quantityLimit":{"quantityQuota":-1,"timeFrameDays":-1,"quantityOrdered":0}}]},"currency":"EUR"},{"lines":{"items":[{"item":{"href":"https://hydraqa.unicity.net/v5a-test/items/7d4ad2792f7056e5f81eb24f118ef737","id":{"unicity":"27575"},"weightEach":{"value":1104},"servingsPerContainer":30,"servingSize":0},"quantity":1,"terms":{"priceEach":55.98,"taxEach":{"amount":5.04},"discountEach":{"amount":0},"pvEach":34},"quantityLimit":{"quantityQuota":-1,"timeFrameDays":-1,"quantityOrdered":0}}]},"currency":"EUR"},{"lines":{"items":[{"item":{"href":"https://hydraqa.unicity.net/v5a-test/items/606f7be753c74dfbfe4b107276775140","id":{"unicity":"29821"},"weightEach":{"value":133.5},"servingsPerContainer":30,"servingSize":0},"quantity":1,"terms":{"priceEach":79.35,"taxEach":{"amount":7.14},"discountEach":{"amount":0},"pvEach":59},"quantityLimit":{"quantityQuota":-1,"timeFrameDays":-1,"quantityOrdered":0}}]},"currency":"EUR"},{"lines":{"items":[{"item":{"href":"https://hydraqa.unicity.net/v5a-test/items/94939f9be900906d2b47260ccba22a7b","id":{"unicity":"32012"},"weightEach":{"value":420},"servingsPerContainer":20,"servingSize":0},"quantity":1,"terms":{"priceEach":13.93,"taxEach":{"amount":1.25},"discountEach":{"amount":0},"pvEach":6},"quantityLimit":{"quantityQuota":-1,"timeFrameDays":-1,"quantityOrdered":0}}]},"currency":"EUR"},{"lines":{"items":[{"item":{"href":"https://hydraqa.unicity.net/v5a-test/items/52c87f74d3b41ed49b0f897b66c2a99b","id":{"unicity":"30684"},"weightEach":{"value":450},"servingsPerContainer":30,"servingSize":0},"quantity":1,"terms":{"priceEach":37.29,"taxEach":{"amount":3.36},"discountEach":{"amount":0},"pvEach":23},"quantityLimit":{"quantityQuota":-1,"timeFrameDays":-1,"quantityOrdered":0}}]},"currency":"EUR"},{"lines":{"items":[{"item":{"href":"https://hydraqa.unicity.net/v5a-test/items/90f38f77c9e6ea5a71aa7377df83760b","id":{"unicity":"30198"},"weightEach":{"value":0},"servingsPerContainer":0,"servingSize":0},"quantity":1,"terms":{"priceEach":19,"taxEach":{"amount":1.71},"discountEach":{"amount":0},"pvEach":16},"quantityLimit":{"quantityQuota":-1,"timeFrameDays":-1,"quantityOrdered":0}}]},"currency":"EUR"},{"lines":{"items":[{"item":{"href":"https://hydraqa.unicity.net/v5a-test/items/7e5e7df32701fd44947c8146f2129f7a","id":{"unicity":"31672"},"weightEach":{"value":270},"servingsPerContainer":15,"servingSize":0},"quantity":1,"terms":{"priceEach":74.67,"taxEach":{"amount":6.72},"discountEach":{"amount":0},"pvEach":54},"quantityLimit":{"quantityQuota":-1,"timeFrameDays":-1,"quantityOrdered":0}}]},"currency":"EUR"},{"lines":{"items":[{"item":{"href":"https://hydraqa.unicity.net/v5a-test/items/493c2ba720f847422eccc5da35024f33","id":{"unicity":"31534"},"weightEach":{"value":95},"servingsPerContainer":60,"servingSize":0},"quantity":1,"terms":{"priceEach":26.07,"taxEach":{"amount":2.35},"discountEach":{"amount":0},"pvEach":16},"quantityLimit":{"quantityQuota":-1,"timeFrameDays":-1,"quantityOrdered":0}}]},"currency":"EUR"},{"lines":{"items":[{"item":{"href":"https://hydraqa.unicity.net/v5a-test/items/bfddb53fe0d5ed5432c531dc9850cbe4","id":{"unicity":"29449"},"weightEach":{"value":60},"servingsPerContainer":30,"servingSize":0},"quantity":1,"terms":{"priceEach":26.07,"taxEach":{"amount":2.35},"discountEach":{"amount":0},"pvEach":16},"quantityLimit":{"quantityQuota":-1,"timeFrameDays":-1,"quantityOrdered":0}}]},"currency":"EUR"},{"lines":{"items":[{"item":{"href":"https://hydraqa.unicity.net/v5a-test/items/217ca02fbd24e21ca5281412756238ab","id":{"unicity":"32126"},"weightEach":{"value":0},"servingsPerContainer":0,"servingSize":0},"quantity":1,"terms":{"priceEach":152.24,"taxEach":{"amount":14.7},"discountEach":{"amount":0},"pvEach":101},"quantityLimit":{"quantityQuota":-1,"timeFrameDays":-1,"quantityOrdered":0}}]},"currency":"EUR"},{"lines":{"items":[{"item":{"href":"https://hydraqa.unicity.net/v5a-test/items/808008a0657d2033ad471c39bbce9891","id":{"unicity":"32127"},"weightEach":{"value":0},"servingsPerContainer":0,"servingSize":0},"quantity":1,"terms":{"priceEach":162.34,"taxEach":{"amount":15.61},"discountEach":{"amount":0},"pvEach":113},"quantityLimit":{"quantityQuota":-1,"timeFrameDays":-1,"quantityOrdered":0}}]},"currency":"EUR"},{"lines":{"items":[{"item":{"href":"https://hydraqa.unicity.net/v5a-test/items/fbb6dbd577adb73abaec364076fb288f","id":{"unicity":"32087"},"weightEach":{"value":600},"servingsPerContainer":10,"servingSize":0},"quantity":1,"terms":{"priceEach":20.47,"taxEach":{"amount":1.84},"discountEach":{"amount":0},"pvEach":9},"quantityLimit":{"quantityQuota":-1,"timeFrameDays":-1,"quantityOrdered":0}}]},"currency":"EUR"},{"lines":{"items":[{"item":{"href":"https://hydraqa.unicity.net/v5a-test/items/592aef9ec417f4553dc0b62a91a1f5e0","id":{"unicity":"32330"},"weightEach":{"value":0},"servingsPerContainer":0,"servingSize":0},"quantity":1,"terms":{"priceEach":93.36,"taxEach":{"amount":8.4},"discountEach":{"amount":0},"pvEach":55},"quantityLimit":{"quantityQuota":-1,"timeFrameDays":-1,"quantityOrdered":0}}]},"currency":"EUR"},{"lines":{"items":[{"item":{"href":"https://hydraqa.unicity.net/v5a-test/items/87dd58dff9eb54a10b652443e7279a1e","id":{"unicity":"32693"},"weightEach":{"value":0},"servingsPerContainer":0,"servingSize":0},"quantity":1,"terms":{"priceEach":79.35,"taxEach":{"amount":7.14},"discountEach":{"amount":0},"pvEach":59},"quantityLimit":{"quantityQuota":-1,"timeFrameDays":-1,"quantityOrdered":0}}]},"currency":"EUR"},{"lines":{"items":[{"item":{"href":"https://hydraqa.unicity.net/v5a-test/items/1bd53de7fe880ba71f46c9976ca2c137","id":{"unicity":"27739"},"weightEach":{"value":0},"servingsPerContainer":0,"servingSize":0},"quantity":1,"terms":{"priceEach":37.29,"taxEach":{"amount":3.36},"discountEach":{"amount":0},"pvEach":23},"quantityLimit":{"quantityQuota":-1,"timeFrameDays":-1,"quantityOrdered":0}}]},"currency":"EUR"}]}
Entry request : {"order":{"customer":{"href":"https://hydraqa.unicity.net/v5a-test/customers?type=Associate"},"shipToAddress":{"country":"LU"}},"vary":{"lines":{"items":[{"item":{"href":"https://hydraqa.unicity.net/v5a-test/items?id.unicity=27166|31951|31952|32128|32129|32130|32132|32133|32134|32135|32136|32137|32138|32125|32699|33092|33094|33093|18511|24418|26422|26442|27156|27158|27160|27617|27660|27585|27587|28601|28604|27395|15880|26560|29017|26567|26568|24758|29838|17174|29183|30280|29187|29191|29522|31402|31772|31777|31780|31781|31782|31779|31932|31778|32556|29317|29832|29833|32755|32756|32967|32968|32965|32966|33097|33095|33098|33096|24274|27150|27163|27575|29821|32012|30684|30198|31672|31534|29449|32126|32127|32087|32333|32330|32693|27739"}}]}}}
Total Pv Greater then 500 - 627
[https://hydraqa.unicity.net/v5a-test/items?id.unicity=32127, https://hydraqa.unicity.net/v5a-test/items?id.unicity=33095]
Request URL: https://hydraqa.unicity.net/v5a-test/customers.js?callback=angular.callbacks._1&expand=customer,profilePicture&id.unicity=2
Request URL: https://hydraqa.unicity.net/v5a-test/customers.js?_httpMethod=HEAD&callback=angular.callbacks._7&email=CGIRVA@gmail.com
Request URL: https://hydraqa.unicity.net/v5a-test/shippingmethods.js?callback=angular.callbacks._a&destination=LU&market=LU
]]></system-out>
    <system-err><![CDATA[Starting ChromeDriver 2.36.540470 (e522d04694c7ebea4ba8821272dbef4f9b818c91) on port 28437
Only local connections are allowed.
Oct 18, 2020 11:22:55 AM org.openqa.selenium.remote.ProtocolHandshake createSession
INFO: Detected dialect: OSS
]]></system-err>
  </testcase>
  <testcase name="Enroll" classname="Tests.FranchisePartner" time="297.976"/>
  <testcase name="Enroll" classname="Tests.FranchisePartner" time="258.517">
    <failure message="no such element: Unable to locate element: {&quot;method&quot;:&quot;xpath&quot;,&quot;selector&quot;:&quot;(//div[contains(@class,&apos;col-xs-5 text-right&apos;)])[5]&quot;}&#10;  (Session info: chrome=86.0.4240.75)&#10;  (Driver info: chromedriver=2.36.540470 (e522d04694c7ebea4ba8821272dbef4f9b818c91),platform=Windows NT 6.3.9600 x86_64) (WARNING: The server did not provide any stacktrace information)&#10;Command duration or timeout: 0 milliseconds&#10;For documentation on this error, please visit: http://seleniumhq.org/exceptions/no_such_element.html&#10;Build info: version: &apos;3.8.1&apos;, revision: &apos;6e95a6684b&apos;, time: &apos;2017-12-01T18:33:54.468Z&apos;&#10;System info: host: &apos;QASERVER01&apos;, ip: &apos;10.2.0.23&apos;, os.name: &apos;Windows Server 2012 R2&apos;, os.arch: &apos;amd64&apos;, os.version: &apos;6.3&apos;, java.version: &apos;1.8.0_111&apos;&#10;Driver info: org.openqa.selenium.chrome.ChromeDriver&#10;Capabilities {acceptInsecureCerts: false, acceptSslCerts: false, applicationCacheEnabled: false, browserConnectionEnabled: false, browserName: chrome, chrome: {chromedriverVersion: 2.36.540470 (e522d04694c7eb..., userDataDir: C:\Users\sumancb\AppData\Lo...}, cssSelectorsEnabled: true, databaseEnabled: false, handlesAlerts: true, hasTouchScreen: false, javascriptEnabled: true, locationContextEnabled: true, mobileEmulationEnabled: false, nativeEvents: true, networkConnectionEnabled: false, pageLoadStrategy: normal, platform: XP, platformName: XP, rotatable: false, setWindowRect: true, takesHeapSnapshot: true, takesScreenshot: true, unexpectedAlertBehaviour: , unhandledPromptBehavior: , version: 86.0.4240.75, webStorageEnabled: true}&#10;Session ID: 0d50408365ea301797d5b3bf24750970&#10;*** Element info: {Using=xpath, value=(//div[contains(@class,&apos;col-xs-5 text-right&apos;)])[5]}" type="org.openqa.selenium.NoSuchElementException">org.openqa.selenium.NoSuchElementException: 
no such element: Unable to locate element: {"method":"xpath","selector":"(//div[contains(@class,'col-xs-5 text-right')])[5]"}
  (Session info: chrome=86.0.4240.75)
  (Driver info: chromedriver=2.36.540470 (e522d04694c7ebea4ba8821272dbef4f9b818c91),platform=Windows NT 6.3.9600 x86_64) (WARNING: The server did not provide any stacktrace information)
Command duration or timeout: 0 milliseconds
For documentation on this error, please visit: http://seleniumhq.org/exceptions/no_such_element.html
Build info: version: '3.8.1', revision: '6e95a6684b', time: '2017-12-01T18:33:54.468Z'
System info: host: 'QASERVER01', ip: '10.2.0.23', os.name: 'Windows Server 2012 R2', os.arch: 'amd64', os.version: '6.3', java.version: '1.8.0_111'
Driver info: org.openqa.selenium.chrome.ChromeDriver
Capabilities {acceptInsecureCerts: false, acceptSslCerts: false, applicationCacheEnabled: false, browserConnectionEnabled: false, browserName: chrome, chrome: {chromedriverVersion: 2.36.540470 (e522d04694c7eb..., userDataDir: C:\Users\sumancb\AppData\Lo...}, cssSelectorsEnabled: true, databaseEnabled: false, handlesAlerts: true, hasTouchScreen: false, javascriptEnabled: true, locationContextEnabled: true, mobileEmulationEnabled: false, nativeEvents: true, networkConnectionEnabled: false, pageLoadStrategy: normal, platform: XP, platformName: XP, rotatable: false, setWindowRect: true, takesHeapSnapshot: true, takesScreenshot: true, unexpectedAlertBehaviour: , unhandledPromptBehavior: , version: 86.0.4240.75, webStorageEnabled: true}
Session ID: 0d50408365ea301797d5b3bf24750970
*** Element info: {Using=xpath, value=(//div[contains(@class,'col-xs-5 text-right')])[5]}
	at Tests.FranchisePartner.Enroll(FranchisePartner.java:253)
</failure>
    <system-out><![CDATA[Request URL: https://hydraqa.unicity.net/v5a-test/quotes?&expand=item
Entry Quotes response : {"items":[{"lines":{"items":[{"item":{"href":"https://hydraqa.unicity.net/v5a-test/items/90d5ee3af77bdc64ecf28a45b604bf3d","id":{"unicity":"31441"}},"quantity":1,"terms":{"priceEach":257.76,"taxEach":{"amount":41.24},"discountEach":{"amount":0},"pvEach":0},"quantityLimit":{"quantityQuota":-1,"timeFrameDays":-1,"quantityOrdered":0}}]},"currency":"MXN"},{"lines":{"items":[{"item":{"href":"https://hydraqa.unicity.net/v5a-test/items/9e41f50a3cf42ea5d0a8a600b92ac51d","id":{"unicity":"32182"}},"quantity":1,"terms":{"priceEach":3038.79,"taxEach":{"amount":0},"discountEach":{"amount":0},"pvEach":127},"quantityLimit":{"quantityQuota":-1,"timeFrameDays":-1,"quantityOrdered":0}}]},"currency":"MXN"},{"lines":{"items":[{"item":{"href":"https://hydraqa.unicity.net/v5a-test/items/e5b2f33a1c07a84507d394462dca1d73","id":{"unicity":"32183"}},"quantity":1,"terms":{"priceEach":3038.79,"taxEach":{"amount":0},"discountEach":{"amount":0},"pvEach":127},"quantityLimit":{"quantityQuota":-1,"timeFrameDays":-1,"quantityOrdered":0}}]},"currency":"MXN"},{"lines":{"items":[{"item":{"href":"https://hydraqa.unicity.net/v5a-test/items/10da226fab00279b4f89df10af2a10b7","id":{"unicity":"26442"}},"quantity":1,"terms":{"priceEach":109.48,"taxEach":{"amount":17.52},"discountEach":{"amount":0},"pvEach":0},"quantityLimit":{"quantityQuota":-1,"timeFrameDays":-1,"quantityOrdered":0}}]},"currency":"MXN"},{"lines":{"items":[{"item":{"href":"https://hydraqa.unicity.net/v5a-test/items/c522889845fe5b5a6bd790ca481a05b6","id":{"unicity":"26443"}},"quantity":1,"terms":{"priceEach":90.52,"taxEach":{"amount":14.48},"discountEach":{"amount":0},"pvEach":0},"quantityLimit":{"quantityQuota":-1,"timeFrameDays":-1,"quantityOrdered":0}}]},"currency":"MXN"},{"lines":{"items":[{"item":{"href":"https://hydraqa.unicity.net/v5a-test/items/91a6016282310b83203d0bb7bea14a0f","id":{"unicity":"29050"}},"quantity":1,"terms":{"priceEach":215.52,"taxEach":{"amount":34.48},"discountEach":{"amount":0},"pvEach":0},"quantityLimit":{"quantityQuota":-1,"timeFrameDays":-1,"quantityOrdered":0}}]},"currency":"MXN"},{"lines":{"items":[{"item":{"href":"https://hydraqa.unicity.net/v5a-test/items/bc85ca504dddbd891f34ba100c1fa765","id":{"unicity":"29249"}},"quantity":1,"terms":{"priceEach":293.97,"taxEach":{"amount":47.04},"discountEach":{"amount":0},"pvEach":10},"quantityLimit":{"quantityQuota":-1,"timeFrameDays":-1,"quantityOrdered":0}}]},"currency":"MXN"},{"lines":{"items":[{"item":{"href":"https://hydraqa.unicity.net/v5a-test/items/b332dd66200c8f1e7605c15cf649a419","id":{"unicity":"29265"}},"quantity":1,"terms":{"priceEach":568.97,"taxEach":{"amount":91.04},"discountEach":{"amount":0},"pvEach":22},"quantityLimit":{"quantityQuota":-1,"timeFrameDays":-1,"quantityOrdered":0}}]},"currency":"MXN"},{"lines":{"items":[{"item":{"href":"https://hydraqa.unicity.net/v5a-test/items/61976f41edc883754b09b33f9216edce","id":{"unicity":"31674"}},"quantity":1,"terms":{"priceEach":1098.29,"taxEach":{"amount":175.73},"discountEach":{"amount":0},"pvEach":50},"quantityLimit":{"quantityQuota":-1,"timeFrameDays":-1,"quantityOrdered":0}}]},"currency":"MXN"},{"lines":{"items":[{"item":{"href":"https://hydraqa.unicity.net/v5a-test/items/c71cdd78b407072f4c3400e17672e53d","id":{"unicity":"31668"}},"quantity":1,"terms":{"priceEach":480.17,"taxEach":{"amount":76.83},"discountEach":{"amount":0},"pvEach":19},"quantityLimit":{"quantityQuota":-1,"timeFrameDays":-1,"quantityOrdered":0}}]},"currency":"MXN"},{"lines":{"items":[{"item":{"href":"https://hydraqa.unicity.net/v5a-test/items/900d1386dcf5c120334ec76dd7ac40f6","id":{"unicity":"32501"}},"quantity":1,"terms":{"priceEach":285.34,"taxEach":{"amount":45.65},"discountEach":{"amount":0},"pvEach":14},"quantityLimit":{"quantityQuota":-1,"timeFrameDays":-1,"quantityOrdered":0}}]},"currency":"MXN"}]}
Entry request : {"order":{"customer":{"href":"https://hydraqa.unicity.net/v5a-test/customers?type=Associate"},"shipToAddress":{"country":"MX"}},"vary":{"lines":{"items":[{"item":{"href":"https://hydraqa.unicity.net/v5a-test/items?id.unicity=31441|32182|32183|26442|26443|29050|29239|29253|27721|29249|29241|29265|31674|31668|31418|32501"}}]}}}
Request URL: https://hydraqa.unicity.net/v5a-test/customers.js?_httpMethod=HEAD&callback=angular.callbacks._8&email=ZUSAFA@gmail.com
]]></system-out>
    <system-err><![CDATA[Starting ChromeDriver 2.36.540470 (e522d04694c7ebea4ba8821272dbef4f9b818c91) on port 3945
Only local connections are allowed.
Oct 18, 2020 11:32:31 AM org.openqa.selenium.remote.ProtocolHandshake createSession
INFO: Detected dialect: OSS
]]></system-err>
  </testcase>
  <testcase name="Enroll" classname="Tests.FranchisePartner" time="264.298">
    <failure message="Major Packs expected [[https://hydraqa.unicity.net/v5a-test/items?id.unicity=29317, https://hydraqa.unicity.net/v5a-test/items?id.unicity=32127, https://hydraqa.unicity.net/v5a-test/items?id.unicity=33096]] but found [[https://hydraqa.unicity.net/v5a-test/items?id.unicity=32127, https://hydraqa.unicity.net/v5a-test/items?id.unicity=33096]]" type="java.lang.AssertionError">java.lang.AssertionError: Major Packs expected [[https://hydraqa.unicity.net/v5a-test/items?id.unicity=29317, https://hydraqa.unicity.net/v5a-test/items?id.unicity=32127, https://hydraqa.unicity.net/v5a-test/items?id.unicity=33096]] but found [[https://hydraqa.unicity.net/v5a-test/items?id.unicity=32127, https://hydraqa.unicity.net/v5a-test/items?id.unicity=33096]]
	at Tests.FranchisePartner.Enroll(FranchisePartner.java:252)
</failure>
    <system-out><![CDATA[Request URL: https://hydraqa.unicity.net/v5a-test/quotes?&expand=item
Entry Quotes response : {"items":[{"lines":{"items":[{"item":{"href":"https://hydraqa.unicity.net/v5a-test/items/0d3b8d4f7c4d4082db1b4ecffb6693fb","id":{"unicity":"27160"},"weightEach":{"value":435},"servingsPerContainer":60,"servingSize":0},"quantity":1,"terms":{"priceEach":74.67,"taxEach":{"amount":6.72},"discountEach":{"amount":0},"pvEach":53},"quantityLimit":{"quantityQuota":-1,"timeFrameDays":-1,"quantityOrdered":0}}]},"currency":"EUR"},{"lines":{"items":[{"item":{"href":"https://hydraqa.unicity.net/v5a-test/items/4114433211b3e74bf171f84526d7e49b","id":{"unicity":"31344"},"weightEach":{"value":0},"servingsPerContainer":0,"servingSize":0},"quantity":1,"terms":{"priceEach":82.25,"taxEach":{"amount":7.4},"discountEach":{"amount":0},"pvEach":43},"quantityLimit":{"quantityQuota":-1,"timeFrameDays":-1,"quantityOrdered":0}}]},"currency":"EUR"},{"lines":{"items":[{"item":{"href":"https://hydraqa.unicity.net/v5a-test/items/31cb0679f65df8fa9a4fc3d7e38b72b3","id":{"unicity":"31763"},"weightEach":{"value":0},"servingsPerContainer":0,"servingSize":0},"quantity":1,"terms":{"priceEach":243.3,"taxEach":{"amount":21.9},"discountEach":{"amount":0},"pvEach":181},"quantityLimit":{"quantityQuota":-1,"timeFrameDays":-1,"quantityOrdered":0}}]},"currency":"EUR"},{"lines":{"items":[{"item":{"href":"https://hydraqa.unicity.net/v5a-test/items/e9991b48ac639367d526d2b9b22fac8c","id":{"unicity":"32128"},"weightEach":{"value":0},"servingsPerContainer":0,"servingSize":0},"quantity":1,"terms":{"priceEach":371.87,"taxEach":{"amount":33.47},"discountEach":{"amount":0},"pvEach":253},"quantityLimit":{"quantityQuota":-1,"timeFrameDays":-1,"quantityOrdered":0}}]},"currency":"EUR"},{"lines":{"items":[{"item":{"href":"https://hydraqa.unicity.net/v5a-test/items/40b3312de189221d96d838d33a8ec49d","id":{"unicity":"32129"},"weightEach":{"value":0},"servingsPerContainer":0,"servingSize":0},"quantity":1,"terms":{"priceEach":371.87,"taxEach":{"amount":33.47},"discountEach":{"amount":0},"pvEach":254},"quantityLimit":{"quantityQuota":-1,"timeFrameDays":-1,"quantityOrdered":0}}]},"currency":"EUR"},{"lines":{"items":[{"item":{"href":"https://hydraqa.unicity.net/v5a-test/items/6bd168a66ce41003a8f30917deff5808","id":{"unicity":"32130"},"weightEach":{"value":0},"servingsPerContainer":0,"servingSize":0},"quantity":1,"terms":{"priceEach":363.46,"taxEach":{"amount":32.71},"discountEach":{"amount":0},"pvEach":252},"quantityLimit":{"quantityQuota":-1,"timeFrameDays":-1,"quantityOrdered":0}}]},"currency":"EUR"},{"lines":{"items":[{"item":{"href":"https://hydraqa.unicity.net/v5a-test/items/806f99b793edd7cd0b1c158ba0eb3142","id":{"unicity":"32132"},"weightEach":{"value":0},"servingsPerContainer":0,"servingSize":0},"quantity":1,"terms":{"priceEach":355.98,"taxEach":{"amount":32.04},"discountEach":{"amount":0},"pvEach":253},"quantityLimit":{"quantityQuota":-1,"timeFrameDays":-1,"quantityOrdered":0}}]},"currency":"EUR"},{"lines":{"items":[{"item":{"href":"https://hydraqa.unicity.net/v5a-test/items/e3d382d99fde8659cb146b54116e7654","id":{"unicity":"32133"},"weightEach":{"value":0},"servingsPerContainer":0,"servingSize":0},"quantity":1,"terms":{"priceEach":364.39,"taxEach":{"amount":32.8},"discountEach":{"amount":0},"pvEach":252},"quantityLimit":{"quantityQuota":-1,"timeFrameDays":-1,"quantityOrdered":0}}]},"currency":"EUR"},{"lines":{"items":[{"item":{"href":"https://hydraqa.unicity.net/v5a-test/items/022f109fe6e5eae3e521295a5cb94c60","id":{"unicity":"32134"},"weightEach":{"value":0},"servingsPerContainer":0,"servingSize":0},"quantity":1,"terms":{"priceEach":144.77,"taxEach":{"amount":13.03},"discountEach":{"amount":0},"pvEach":101},"quantityLimit":{"quantityQuota":-1,"timeFrameDays":-1,"quantityOrdered":0}}]},"currency":"EUR"},{"lines":{"items":[{"item":{"href":"https://hydraqa.unicity.net/v5a-test/items/ded00960d5e948dd8e511a9c752e1ff9","id":{"unicity":"32135"},"weightEach":{"value":0},"servingsPerContainer":0,"servingSize":0},"quantity":1,"terms":{"priceEach":154.11,"taxEach":{"amount":13.87},"discountEach":{"amount":0},"pvEach":113},"quantityLimit":{"quantityQuota":-1,"timeFrameDays":-1,"quantityOrdered":0}}]},"currency":"EUR"},{"lines":{"items":[{"item":{"href":"https://hydraqa.unicity.net/v5a-test/items/d8736cc35cf9f4734fd76da71c53dc05","id":{"unicity":"32136"},"weightEach":{"value":0},"servingsPerContainer":0,"servingSize":0},"quantity":1,"terms":{"priceEach":142.08,"taxEach":{"amount":12.79},"discountEach":{"amount":0},"pvEach":102},"quantityLimit":{"quantityQuota":-1,"timeFrameDays":-1,"quantityOrdered":0}}]},"currency":"EUR"},{"lines":{"items":[{"item":{"href":"https://hydraqa.unicity.net/v5a-test/items/166a69d45c4ae40278554e24d5f40443","id":{"unicity":"32137"},"weightEach":{"value":0},"servingsPerContainer":0,"servingSize":0},"quantity":1,"terms":{"priceEach":168.13,"taxEach":{"amount":15.13},"discountEach":{"amount":0},"pvEach":118},"quantityLimit":{"quantityQuota":-1,"timeFrameDays":-1,"quantityOrdered":0}}]},"currency":"EUR"},{"lines":{"items":[{"item":{"href":"https://hydraqa.unicity.net/v5a-test/items/d04a0b8762b20202b6273114fb7302d1","id":{"unicity":"32138"},"weightEach":{"value":0},"servingsPerContainer":0,"servingSize":0},"quantity":1,"terms":{"priceEach":224.21,"taxEach":{"amount":20.18},"discountEach":{"amount":0},"pvEach":152},"quantityLimit":{"quantityQuota":-1,"timeFrameDays":-1,"quantityOrdered":0}}]},"currency":"EUR"},{"lines":{"items":[{"item":{"href":"https://hydraqa.unicity.net/v5a-test/items/e13d0b5c40704ad5dd186959367c97f1","id":{"unicity":"32125"},"weightEach":{"value":0},"servingsPerContainer":0,"servingSize":0},"quantity":1,"terms":{"priceEach":373.74,"taxEach":{"amount":33.64},"discountEach":{"amount":0},"pvEach":250},"quantityLimit":{"quantityQuota":-1,"timeFrameDays":-1,"quantityOrdered":0}}]},"currency":"EUR"},{"lines":{"items":[{"item":{"href":"https://hydraqa.unicity.net/v5a-test/items/def68d31fb89b7c22a71f384e32f03d7","id":{"unicity":"32699"},"weightEach":{"value":0},"servingsPerContainer":0,"servingSize":0},"quantity":1,"terms":{"priceEach":284.14,"taxEach":{"amount":25.57},"discountEach":{"amount":0},"pvEach":200},"quantityLimit":{"quantityQuota":-1,"timeFrameDays":-1,"quantityOrdered":0}}]},"currency":"EUR"},{"lines":{"items":[{"item":{"href":"https://hydraqa.unicity.net/v5a-test/items/b23be76d5816f93f8e9b7ab0665d5021","id":{"unicity":"33092"},"weightEach":{"value":0},"servingsPerContainer":0,"servingSize":0},"quantity":1,"terms":{"priceEach":149.34,"taxEach":{"amount":13.44},"discountEach":{"amount":0},"pvEach":108},"quantityLimit":{"quantityQuota":-1,"timeFrameDays":-1,"quantityOrdered":0}}]},"currency":"EUR"},{"lines":{"items":[{"item":{"href":"https://hydraqa.unicity.net/v5a-test/items/bbe21adcac1fcadfcf1a1ebb99ec5de9","id":{"unicity":"33094"},"weightEach":{"value":0},"servingsPerContainer":0,"servingSize":0},"quantity":1,"terms":{"priceEach":172.71,"taxEach":{"amount":15.54},"discountEach":{"amount":0},"pvEach":114},"quantityLimit":{"quantityQuota":-1,"timeFrameDays":-1,"quantityOrdered":0}}]},"currency":"EUR"},{"lines":{"items":[{"item":{"href":"https://hydraqa.unicity.net/v5a-test/items/287b72c2933e3afabdea942bd11bfab9","id":{"unicity":"33093"},"weightEach":{"value":0},"servingsPerContainer":0,"servingSize":0},"quantity":1,"terms":{"priceEach":162.54,"taxEach":{"amount":14.63},"discountEach":{"amount":0},"pvEach":105},"quantityLimit":{"quantityQuota":-1,"timeFrameDays":-1,"quantityOrdered":0}}]},"currency":"EUR"},{"lines":{"items":[{"item":{"href":"https://hydraqa.unicity.net/v5a-test/items/c451532f63a06f0e9a054e946a1a1c3b","id":{"unicity":"18511"},"weightEach":{"value":50},"servingsPerContainer":30,"servingSize":0},"quantity":1,"terms":{"priceEach":37.29,"taxEach":{"amount":3.36},"discountEach":{"amount":0},"pvEach":23},"quantityLimit":{"quantityQuota":-1,"timeFrameDays":-1,"quantityOrdered":0}}]},"currency":"EUR"},{"lines":{"items":[{"item":{"href":"https://hydraqa.unicity.net/v5a-test/items/4e49c95f12ae7be78e5ffab68b8b3ca6","id":{"unicity":"26422"},"weightEach":{"value":92},"servingsPerContainer":30,"servingSize":0},"quantity":1,"terms":{"priceEach":19,"taxEach":{"amount":1.71},"discountEach":{"amount":0},"pvEach":16},"quantityLimit":{"quantityQuota":-1,"timeFrameDays":-1,"quantityOrdered":0}}]},"currency":"EUR"},{"lines":{"items":[{"item":{"href":"https://hydraqa.unicity.net/v5a-test/items/50e73ecfa509ac20c4a250f9cb32fdfc","id":{"unicity":"27156"},"weightEach":{"value":31},"servingsPerContainer":50,"servingSize":0},"quantity":1,"terms":{"priceEach":20.47,"taxEach":{"amount":1.84},"discountEach":{"amount":0},"pvEach":13},"quantityLimit":{"quantityQuota":-1,"timeFrameDays":-1,"quantityOrdered":0}}]},"currency":"EUR"},{"lines":{"items":[{"item":{"href":"https://hydraqa.unicity.net/v5a-test/items/d92292ba2f23c030e4a1f63eb3ebe1ce","id":{"unicity":"27158"},"weightEach":{"value":454},"servingsPerContainer":45,"servingSize":0},"quantity":1,"terms":{"priceEach":27.94,"taxEach":{"amount":2.51},"discountEach":{"amount":0},"pvEach":23},"quantityLimit":{"quantityQuota":-1,"timeFrameDays":-1,"quantityOrdered":0}}]},"currency":"EUR"},{"lines":{"items":[{"item":{"href":"https://hydraqa.unicity.net/v5a-test/items/ac37bf51ff7e4fe860da8457f6ce0425","id":{"unicity":"27166"},"weightEach":{"value":270},"servingsPerContainer":30,"servingSize":0},"quantity":1,"terms":{"priceEach":74.67,"taxEach":{"amount":6.72},"discountEach":{"amount":0},"pvEach":54},"quantityLimit":{"quantityQuota":-1,"timeFrameDays":-1,"quantityOrdered":0}}]},"currency":"EUR"},{"lines":{"items":[{"item":{"href":"https://hydraqa.unicity.net/v5a-test/items/a7bda1cb4a35343e52791aba56debc4a","id":{"unicity":"27617"},"weightEach":{"value":22.62},"servingsPerContainer":30,"servingSize":0},"quantity":1,"terms":{"priceEach":29.81,"taxEach":{"amount":2.68},"discountEach":{"amount":0},"pvEach":18},"quantityLimit":{"quantityQuota":-1,"timeFrameDays":-1,"quantityOrdered":0}}]},"currency":"EUR"},{"lines":{"items":[{"item":{"href":"https://hydraqa.unicity.net/v5a-test/items/a36d9fdd0fd7561e6180fb5b2ff27164","id":{"unicity":"27660"},"weightEach":{"value":129},"servingsPerContainer":15,"servingSize":0},"quantity":1,"terms":{"priceEach":40.09,"taxEach":{"amount":3.61},"discountEach":{"amount":0},"pvEach":25},"quantityLimit":{"quantityQuota":-1,"timeFrameDays":-1,"quantityOrdered":0}}]},"currency":"EUR"},{"lines":{"items":[{"item":{"href":"https://hydraqa.unicity.net/v5a-test/items/9a6e1d094182389c3da8e0a320ff0e00","id":{"unicity":"27585"},"weightEach":{"value":0},"servingsPerContainer":0,"servingSize":0},"quantity":1,"terms":{"priceEach":61.81,"taxEach":{"amount":5.56},"discountEach":{"amount":0},"pvEach":36},"quantityLimit":{"quantityQuota":-1,"timeFrameDays":-1,"quantityOrdered":0}}]},"currency":"EUR"},{"lines":{"items":[{"item":{"href":"https://hydraqa.unicity.net/v5a-test/items/112b8c39286598b3730f630f371a45f4","id":{"unicity":"27587"},"weightEach":{"value":690},"servingsPerContainer":30,"servingSize":0},"quantity":1,"terms":{"priceEach":55.98,"taxEach":{"amount":5.04},"discountEach":{"amount":0},"pvEach":34},"quantityLimit":{"quantityQuota":-1,"timeFrameDays":-1,"quantityOrdered":0}}]},"currency":"EUR"},{"lines":{"items":[{"item":{"href":"https://hydraqa.unicity.net/v5a-test/items/0c0717a26fcfe40310e906487e8a12f7","id":{"unicity":"28601"},"weightEach":{"value":270},"servingsPerContainer":30,"servingSize":0},"quantity":1,"terms":{"priceEach":74.67,"taxEach":{"amount":6.72},"discountEach":{"amount":0},"pvEach":54},"quantityLimit":{"quantityQuota":-1,"timeFrameDays":-1,"quantityOrdered":0}}]},"currency":"EUR"},{"lines":{"items":[{"item":{"href":"https://hydraqa.unicity.net/v5a-test/items/4790a55c442b5dc75a13b155e78c1842","id":{"unicity":"28604"},"weightEach":{"value":0},"servingsPerContainer":0,"servingSize":0},"quantity":1,"terms":{"priceEach":74.67,"taxEach":{"amount":6.72},"discountEach":{"amount":0},"pvEach":54},"quantityLimit":{"quantityQuota":-1,"timeFrameDays":-1,"quantityOrdered":0}}]},"currency":"EUR"},{"lines":{"items":[{"item":{"href":"https://hydraqa.unicity.net/v5a-test/items/11fac1643721516cbf646365d88b73cd","id":{"unicity":"29838"},"weightEach":{"value":0},"servingsPerContainer":0,"servingSize":0},"quantity":1,"terms":{"priceEach":112.36,"taxEach":{"amount":10.11},"discountEach":{"amount":0},"pvEach":86},"quantityLimit":{"quantityQuota":-1,"timeFrameDays":-1,"quantityOrdered":0}}]},"currency":"EUR"},{"lines":{"items":[{"item":{"href":"https://hydraqa.unicity.net/v5a-test/items/ab2a2b07b17718843a66bee04ff40624","id":{"unicity":"31402"},"weightEach":{"value":477},"servingsPerContainer":30,"servingSize":0},"quantity":1,"terms":{"priceEach":92.43,"taxEach":{"amount":8.32},"discountEach":{"amount":0},"pvEach":70},"quantityLimit":{"quantityQuota":-1,"timeFrameDays":-1,"quantityOrdered":0}}]},"currency":"EUR"},{"lines":{"items":[{"item":{"href":"https://hydraqa.unicity.net/v5a-test/items/db0a2b02eaabc5ad45fe91ba5c7bcf5a","id":{"unicity":"31772"},"weightEach":{"value":0},"servingsPerContainer":0,"servingSize":0},"quantity":1,"terms":{"priceEach":8.32,"taxEach":{"amount":1.75},"discountEach":{"amount":0},"pvEach":0},"quantityLimit":{"quantityQuota":-1,"timeFrameDays":-1,"quantityOrdered":0}}]},"currency":"EUR"},{"lines":{"items":[{"item":{"href":"https://hydraqa.unicity.net/v5a-test/items/34c8c6b0f454da738e64265f08c57a72","id":{"unicity":"31777"},"weightEach":{"value":100},"servingsPerContainer":0,"servingSize":0},"quantity":1,"terms":{"priceEach":6.22,"taxEach":{"amount":1.31},"discountEach":{"amount":0},"pvEach":3},"quantityLimit":{"quantityQuota":-1,"timeFrameDays":-1,"quantityOrdered":0}}]},"currency":"EUR"},{"lines":{"items":[{"item":{"href":"https://hydraqa.unicity.net/v5a-test/items/fc8583e3bf463b599fdcce05234bc137","id":{"unicity":"31780"},"weightEach":{"value":275},"servingsPerContainer":0,"servingSize":0},"quantity":1,"terms":{"priceEach":8.32,"taxEach":{"amount":1.75},"discountEach":{"amount":0},"pvEach":4},"quantityLimit":{"quantityQuota":-1,"timeFrameDays":-1,"quantityOrdered":0}}]},"currency":"EUR"},{"lines":{"items":[{"item":{"href":"https://hydraqa.unicity.net/v5a-test/items/7e80331c8c25f515174d3f894283a27c","id":{"unicity":"31781"},"weightEach":{"value":275},"servingsPerContainer":0,"servingSize":0},"quantity":1,"terms":{"priceEach":8.32,"taxEach":{"amount":1.75},"discountEach":{"amount":0},"pvEach":4},"quantityLimit":{"quantityQuota":-1,"timeFrameDays":-1,"quantityOrdered":0}}]},"currency":"EUR"},{"lines":{"items":[{"item":{"href":"https://hydraqa.unicity.net/v5a-test/items/8d3854b47de8e45d6fcdc194dffff601","id":{"unicity":"31782"},"weightEach":{"value":50},"servingsPerContainer":0,"servingSize":0},"quantity":1,"terms":{"priceEach":12.52,"taxEach":{"amount":2.63},"discountEach":{"amount":0},"pvEach":6},"quantityLimit":{"quantityQuota":-1,"timeFrameDays":-1,"quantityOrdered":0}}]},"currency":"EUR"},{"lines":{"items":[{"item":{"href":"https://hydraqa.unicity.net/v5a-test/items/04516be30bd9bf93e01536e7fc8f8716","id":{"unicity":"31779"},"weightEach":{"value":350},"servingsPerContainer":0,"servingSize":0},"quantity":1,"terms":{"priceEach":10,"taxEach":{"amount":2.1},"discountEach":{"amount":0},"pvEach":5},"quantityLimit":{"quantityQuota":-1,"timeFrameDays":-1,"quantityOrdered":0}}]},"currency":"EUR"},{"lines":{"items":[{"item":{"href":"https://hydraqa.unicity.net/v5a-test/items/d7e1dd4b19a8672aed99e591356c0d48","id":{"unicity":"31932"},"weightEach":{"value":180},"servingsPerContainer":0,"servingSize":0},"quantity":1,"terms":{"priceEach":6.22,"taxEach":{"amount":1.31},"discountEach":{"amount":0},"pvEach":3},"quantityLimit":{"quantityQuota":-1,"timeFrameDays":-1,"quantityOrdered":0}}]},"currency":"EUR"},{"lines":{"items":[{"item":{"href":"https://hydraqa.unicity.net/v5a-test/items/1aa00306dc0006d365acd7436548f2e6","id":{"unicity":"31778"},"weightEach":{"value":350},"servingsPerContainer":0,"servingSize":0},"quantity":1,"terms":{"priceEach":12.52,"taxEach":{"amount":2.63},"discountEach":{"amount":0},"pvEach":6},"quantityLimit":{"quantityQuota":-1,"timeFrameDays":-1,"quantityOrdered":0}}]},"currency":"EUR"},{"lines":{"items":[{"item":{"href":"https://hydraqa.unicity.net/v5a-test/items/4fc6de0cb7817f39a836ff08609b8539","id":{"unicity":"32556"},"weightEach":{"value":0},"servingsPerContainer":0,"servingSize":0},"quantity":1,"terms":{"priceEach":2.44,"taxEach":{"amount":0.51},"discountEach":{"amount":0},"pvEach":0},"quantityLimit":{"quantityQuota":-1,"timeFrameDays":-1,"quantityOrdered":0}}]},"currency":"EUR"},{"lines":{"items":[{"item":{"href":"https://hydraqa.unicity.net/v5a-test/items/2262fdd5af916c31df08089c191735c1","id":{"unicity":"29317"},"weightEach":{"value":0},"servingsPerContainer":0,"servingSize":0},"quantity":1,"terms":{"priceEach":25.21,"taxEach":{"amount":5.29},"discountEach":{"amount":0},"pvEach":0},"quantityLimit":{"quantityQuota":-1,"timeFrameDays":-1,"quantityOrdered":0}}]},"currency":"EUR"},{"lines":{"items":[{"item":{"href":"https://hydraqa.unicity.net/v5a-test/items/e98822672b5da0c3eaede80b7d7d4c5e","id":{"unicity":"26371"},"weightEach":{"value":0},"servingsPerContainer":0,"servingSize":0},"quantity":1,"terms":{"priceEach":246,"taxEach":{"amount":32.7},"discountEach":{"amount":0},"pvEach":174},"quantityLimit":{"quantityQuota":-1,"timeFrameDays":-1,"quantityOrdered":0}}]},"currency":"EUR"},{"lines":{"items":[{"item":{"href":"https://hydraqa.unicity.net/v5a-test/items/217ca02fbd24e21ca5281412756238ab","id":{"unicity":"32126"},"weightEach":{"value":0},"servingsPerContainer":0,"servingSize":0},"quantity":1,"terms":{"priceEach":152.24,"taxEach":{"amount":14.7},"discountEach":{"amount":0},"pvEach":101},"quantityLimit":{"quantityQuota":-1,"timeFrameDays":-1,"quantityOrdered":0}}]},"currency":"EUR"},{"lines":{"items":[{"item":{"href":"https://hydraqa.unicity.net/v5a-test/items/808008a0657d2033ad471c39bbce9891","id":{"unicity":"32127"},"weightEach":{"value":0},"servingsPerContainer":0,"servingSize":0},"quantity":1,"terms":{"priceEach":162.34,"taxEach":{"amount":15.61},"discountEach":{"amount":0},"pvEach":113},"quantityLimit":{"quantityQuota":-1,"timeFrameDays":-1,"quantityOrdered":0}}]},"currency":"EUR"},{"lines":{"items":[{"item":{"href":"https://hydraqa.unicity.net/v5a-test/items/10df0fc3509b53cbeaeb9476ca92d520","id":{"unicity":"29833"},"weightEach":{"value":0},"servingsPerContainer":0,"servingSize":0},"quantity":1,"terms":{"priceEach":90.56,"taxEach":{"amount":8.15},"discountEach":{"amount":0},"pvEach":69},"quantityLimit":{"quantityQuota":-1,"timeFrameDays":-1,"quantityOrdered":0}}]},"currency":"EUR"},{"lines":{"items":[{"item":{"href":"https://hydraqa.unicity.net/v5a-test/items/b90fda77fbdf07131e0e60b87941cf76","id":{"unicity":"32755"},"weightEach":{"value":0},"servingsPerContainer":0,"servingSize":0},"quantity":1,"terms":{"priceEach":758.54,"taxEach":{"amount":68.27},"discountEach":{"amount":0},"pvEach":503},"quantityLimit":{"quantityQuota":-1,"timeFrameDays":-1,"quantityOrdered":0}}]},"currency":"EUR"},{"lines":{"items":[{"item":{"href":"https://hydraqa.unicity.net/v5a-test/items/3ab3ce55100f6593f04ec4a0d328a0b5","id":{"unicity":"32756"},"weightEach":{"value":0},"servingsPerContainer":0,"servingSize":0},"quantity":1,"terms":{"priceEach":1517.09,"taxEach":{"amount":136.54},"discountEach":{"amount":0},"pvEach":1006},"quantityLimit":{"quantityQuota":-1,"timeFrameDays":-1,"quantityOrdered":0}}]},"currency":"EUR"},{"lines":{"items":[{"item":{"href":"https://hydraqa.unicity.net/v5a-test/items/36c1237572a0cc563fad27fcfd6abcf1","id":{"unicity":"32967"},"weightEach":{"value":0},"servingsPerContainer":0,"servingSize":0},"quantity":1,"terms":{"priceEach":1136.56,"taxEach":{"amount":102.29},"discountEach":{"amount":0},"pvEach":800},"quantityLimit":{"quantityQuota":-1,"timeFrameDays":-1,"quantityOrdered":0}}]},"currency":"EUR"},{"lines":{"items":[{"item":{"href":"https://hydraqa.unicity.net/v5a-test/items/817e062d5600cad31f527fbfa764a0fa","id":{"unicity":"32968"},"weightEach":{"value":0},"servingsPerContainer":0,"servingSize":0},"quantity":1,"terms":{"priceEach":2273.12,"taxEach":{"amount":204.58},"discountEach":{"amount":0},"pvEach":1600},"quantityLimit":{"quantityQuota":-1,"timeFrameDays":-1,"quantityOrdered":0}}]},"currency":"EUR"},{"lines":{"items":[{"item":{"href":"https://hydraqa.unicity.net/v5a-test/items/81b61d497458d50a6893cf18a065539c","id":{"unicity":"32965"},"weightEach":{"value":0},"servingsPerContainer":0,"servingSize":0},"quantity":1,"terms":{"priceEach":690.84,"taxEach":{"amount":62.18},"discountEach":{"amount":0},"pvEach":456},"quantityLimit":{"quantityQuota":-1,"timeFrameDays":-1,"quantityOrdered":0}}]},"currency":"EUR"},{"lines":{"items":[{"item":{"href":"https://hydraqa.unicity.net/v5a-test/items/ab1f0744e0ce56260af7928f7bf04478","id":{"unicity":"32966"},"weightEach":{"value":0},"servingsPerContainer":0,"servingSize":0},"quantity":1,"terms":{"priceEach":1381.68,"taxEach":{"amount":124.35},"discountEach":{"amount":0},"pvEach":912},"quantityLimit":{"quantityQuota":-1,"timeFrameDays":-1,"quantityOrdered":0}}]},"currency":"EUR"},{"lines":{"items":[{"item":{"href":"https://hydraqa.unicity.net/v5a-test/items/2faa0a2bcdeed39b7569e085fe880a23","id":{"unicity":"33097"},"weightEach":{"value":0},"servingsPerContainer":0,"servingSize":0},"quantity":1,"terms":{"priceEach":703.21,"taxEach":{"amount":63.29},"discountEach":{"amount":0},"pvEach":500},"quantityLimit":{"quantityQuota":-1,"timeFrameDays":-1,"quantityOrdered":0}}]},"currency":"EUR"},{"lines":{"items":[{"item":{"href":"https://hydraqa.unicity.net/v5a-test/items/3196d0b751f9119076e364a1cb03fa18","id":{"unicity":"33095"},"weightEach":{"value":0},"servingsPerContainer":0,"servingSize":0},"quantity":1,"terms":{"priceEach":740.99,"taxEach":{"amount":66.69},"discountEach":{"amount":0},"pvEach":514},"quantityLimit":{"quantityQuota":-1,"timeFrameDays":-1,"quantityOrdered":0}}]},"currency":"EUR"},{"lines":{"items":[{"item":{"href":"https://hydraqa.unicity.net/v5a-test/items/9c43de3dc98337bf964013caa56e3e98","id":{"unicity":"33098"},"weightEach":{"value":0},"servingsPerContainer":0,"servingSize":0},"quantity":1,"terms":{"priceEach":1406.42,"taxEach":{"amount":126.58},"discountEach":{"amount":0},"pvEach":1000},"quantityLimit":{"quantityQuota":-1,"timeFrameDays":-1,"quantityOrdered":0}}]},"currency":"EUR"},{"lines":{"items":[{"item":{"href":"https://hydraqa.unicity.net/v5a-test/items/bdcb8e96238e2243278e5627f9a5f893","id":{"unicity":"33096"},"weightEach":{"value":0},"servingsPerContainer":0,"servingSize":0},"quantity":1,"terms":{"priceEach":1481.98,"taxEach":{"amount":133.38},"discountEach":{"amount":0},"pvEach":1028},"quantityLimit":{"quantityQuota":-1,"timeFrameDays":-1,"quantityOrdered":0}}]},"currency":"EUR"},{"lines":{"items":[{"item":{"href":"https://hydraqa.unicity.net/v5a-test/items/332daeac6796ed016ea8b7d0bc42c2d4","id":{"unicity":"24274"},"weightEach":{"value":0},"servingsPerContainer":0,"servingSize":0},"quantity":1,"terms":{"priceEach":7.48,"taxEach":{"amount":1.57},"discountEach":{"amount":0},"pvEach":0},"quantityLimit":{"quantityQuota":-1,"timeFrameDays":-1,"quantityOrdered":0}}]},"currency":"EUR"},{"lines":{"items":[{"item":{"href":"https://hydraqa.unicity.net/v5a-test/items/1945faa1776541d53120ecfe3c1d8a2b","id":{"unicity":"24418"},"weightEach":{"value":0},"servingsPerContainer":0,"servingSize":0},"quantity":1,"terms":{"priceEach":4.96,"taxEach":{"amount":1.04},"discountEach":{"amount":0},"pvEach":0},"quantityLimit":{"quantityQuota":-1,"timeFrameDays":-1,"quantityOrdered":0}}]},"currency":"EUR"},{"lines":{"items":[{"item":{"href":"https://hydraqa.unicity.net/v5a-test/items/5147f8cfe32548e02fc158d4da9c4d6f","id":{"unicity":"27150"},"weightEach":{"value":0},"servingsPerContainer":0,"servingSize":0},"quantity":1,"terms":{"priceEach":93.36,"taxEach":{"amount":8.4},"discountEach":{"amount":0},"pvEach":70},"quantityLimit":{"quantityQuota":-1,"timeFrameDays":-1,"quantityOrdered":0}}]},"currency":"EUR"},{"lines":{"items":[{"item":{"href":"https://hydraqa.unicity.net/v5a-test/items/03eba2365025ccd85818846a83a16f47","id":{"unicity":"27163"},"weightEach":{"value":258},"servingsPerContainer":30,"servingSize":0},"quantity":1,"terms":{"priceEach":74.67,"taxEach":{"amount":6.72},"discountEach":{"amount":0},"pvEach":54},"quantityLimit":{"quantityQuota":-1,"timeFrameDays":-1,"quantityOrdered":0}}]},"currency":"EUR"},{"lines":{"items":[{"item":{"href":"https://hydraqa.unicity.net/v5a-test/items/7d4ad2792f7056e5f81eb24f118ef737","id":{"unicity":"27575"},"weightEach":{"value":1104},"servingsPerContainer":30,"servingSize":0},"quantity":1,"terms":{"priceEach":55.98,"taxEach":{"amount":5.04},"discountEach":{"amount":0},"pvEach":34},"quantityLimit":{"quantityQuota":-1,"timeFrameDays":-1,"quantityOrdered":0}}]},"currency":"EUR"},{"lines":{"items":[{"item":{"href":"https://hydraqa.unicity.net/v5a-test/items/024e696f8b44a1d315006e676604cd31","id":{"unicity":"27395"},"weightEach":{"value":210},"servingsPerContainer":30,"servingSize":0},"quantity":1,"terms":{"priceEach":29.81,"taxEach":{"amount":2.68},"discountEach":{"amount":0},"pvEach":18},"quantityLimit":{"quantityQuota":-1,"timeFrameDays":-1,"quantityOrdered":0}}]},"currency":"EUR"},{"lines":{"items":[{"item":{"href":"https://hydraqa.unicity.net/v5a-test/items/4b2034f47fce90b87bba28c5c2d7c25d","id":{"unicity":"15880"},"weightEach":{"value":51.5},"servingsPerContainer":90,"servingSize":0},"quantity":1,"terms":{"priceEach":51.31,"taxEach":{"amount":4.62},"discountEach":{"amount":0},"pvEach":33},"quantityLimit":{"quantityQuota":-1,"timeFrameDays":-1,"quantityOrdered":0}}]},"currency":"EUR"},{"lines":{"items":[{"item":{"href":"https://hydraqa.unicity.net/v5a-test/items/398d06b858b960f6f38086d40608aef2","id":{"unicity":"26560"},"weightEach":{"value":60},"servingsPerContainer":30,"servingSize":0},"quantity":1,"terms":{"priceEach":20.47,"taxEach":{"amount":1.84},"discountEach":{"amount":0},"pvEach":13},"quantityLimit":{"quantityQuota":-1,"timeFrameDays":-1,"quantityOrdered":0}}]},"currency":"EUR"},{"lines":{"items":[{"item":{"href":"https://hydraqa.unicity.net/v5a-test/items/e218d1cac5f31e7ae4f5876c29c57377","id":{"unicity":"29017"},"weightEach":{"value":52.8},"servingsPerContainer":60,"servingSize":0},"quantity":1,"terms":{"priceEach":37.29,"taxEach":{"amount":3.36},"discountEach":{"amount":0},"pvEach":23},"quantityLimit":{"quantityQuota":-1,"timeFrameDays":-1,"quantityOrdered":0}}]},"currency":"EUR"},{"lines":{"items":[{"item":{"href":"https://hydraqa.unicity.net/v5a-test/items/3f2d12d7a0e8551fc99fad3bbe1ba633","id":{"unicity":"26567"},"weightEach":{"value":173.46},"servingsPerContainer":60,"servingSize":0},"quantity":1,"terms":{"priceEach":55.98,"taxEach":{"amount":5.04},"discountEach":{"amount":0},"pvEach":26},"quantityLimit":{"quantityQuota":-1,"timeFrameDays":-1,"quantityOrdered":0}}]},"currency":"EUR"},{"lines":{"items":[{"item":{"href":"https://hydraqa.unicity.net/v5a-test/items/191637167cb3144bd2e8c4615e9ab67e","id":{"unicity":"26568"},"weightEach":{"value":198.24},"servingsPerContainer":60,"servingSize":0},"quantity":1,"terms":{"priceEach":55.98,"taxEach":{"amount":5.04},"discountEach":{"amount":0},"pvEach":26},"quantityLimit":{"quantityQuota":-1,"timeFrameDays":-1,"quantityOrdered":0}}]},"currency":"EUR"},{"lines":{"items":[{"item":{"href":"https://hydraqa.unicity.net/v5a-test/items/64ec7ad932acafab052a4e8800ad1238","id":{"unicity":"24758"},"weightEach":{"value":26.89},"servingsPerContainer":30,"servingSize":0},"quantity":1,"terms":{"priceEach":37.29,"taxEach":{"amount":3.36},"discountEach":{"amount":0},"pvEach":23},"quantityLimit":{"quantityQuota":-1,"timeFrameDays":-1,"quantityOrdered":0}}]},"currency":"EUR"},{"lines":{"items":[{"item":{"href":"https://hydraqa.unicity.net/v5a-test/items/606f7be753c74dfbfe4b107276775140","id":{"unicity":"29821"},"weightEach":{"value":133.5},"servingsPerContainer":30,"servingSize":0},"quantity":1,"terms":{"priceEach":79.35,"taxEach":{"amount":7.14},"discountEach":{"amount":0},"pvEach":59},"quantityLimit":{"quantityQuota":-1,"timeFrameDays":-1,"quantityOrdered":0}}]},"currency":"EUR"},{"lines":{"items":[{"item":{"href":"https://hydraqa.unicity.net/v5a-test/items/94939f9be900906d2b47260ccba22a7b","id":{"unicity":"32012"},"weightEach":{"value":420},"servingsPerContainer":20,"servingSize":0},"quantity":1,"terms":{"priceEach":13.93,"taxEach":{"amount":1.25},"discountEach":{"amount":0},"pvEach":6},"quantityLimit":{"quantityQuota":-1,"timeFrameDays":-1,"quantityOrdered":0}}]},"currency":"EUR"},{"lines":{"items":[{"item":{"href":"https://hydraqa.unicity.net/v5a-test/items/2c4c1abe00983e85aaa918d2ce341491","id":{"unicity":"17174"},"weightEach":{"value":49.72},"servingsPerContainer":100,"servingSize":0},"quantity":1,"terms":{"priceEach":37.29,"taxEach":{"amount":3.36},"discountEach":{"amount":0},"pvEach":23},"quantityLimit":{"quantityQuota":-1,"timeFrameDays":-1,"quantityOrdered":0}}]},"currency":"EUR"},{"lines":{"items":[{"item":{"href":"https://hydraqa.unicity.net/v5a-test/items/991cdbb84a495779eb209fb3956a77e4","id":{"unicity":"29183"},"weightEach":{"value":50},"servingsPerContainer":0,"servingSize":0},"quantity":1,"terms":{"priceEach":31.01,"taxEach":{"amount":6.51},"discountEach":{"amount":0},"pvEach":18},"quantityLimit":{"quantityQuota":-1,"timeFrameDays":-1,"quantityOrdered":0}}]},"currency":"EUR"},{"lines":{"items":[{"item":{"href":"https://hydraqa.unicity.net/v5a-test/items/0e78fbdfebef11cd62f8d2120064ee58","id":{"unicity":"30280"},"weightEach":{"value":30},"servingsPerContainer":0,"servingSize":0},"quantity":1,"terms":{"priceEach":33.53,"taxEach":{"amount":7.04},"discountEach":{"amount":0},"pvEach":20},"quantityLimit":{"quantityQuota":-1,"timeFrameDays":-1,"quantityOrdered":0}}]},"currency":"EUR"},{"lines":{"items":[{"item":{"href":"https://hydraqa.unicity.net/v5a-test/items/beb900429fbb160dbfc3001c14d96df4","id":{"unicity":"29187"},"weightEach":{"value":30},"servingsPerContainer":0,"servingSize":0},"quantity":1,"terms":{"priceEach":37.73,"taxEach":{"amount":7.92},"discountEach":{"amount":0},"pvEach":24},"quantityLimit":{"quantityQuota":-1,"timeFrameDays":-1,"quantityOrdered":0}}]},"currency":"EUR"},{"lines":{"items":[{"item":{"href":"https://hydraqa.unicity.net/v5a-test/items/1b0412bea8c0b841c66f65a36aa14108","id":{"unicity":"29191"},"weightEach":{"value":30},"servingsPerContainer":0,"servingSize":0},"quantity":1,"terms":{"priceEach":37.73,"taxEach":{"amount":7.92},"discountEach":{"amount":0},"pvEach":24},"quantityLimit":{"quantityQuota":-1,"timeFrameDays":-1,"quantityOrdered":0}}]},"currency":"EUR"},{"lines":{"items":[{"item":{"href":"https://hydraqa.unicity.net/v5a-test/items/52c87f74d3b41ed49b0f897b66c2a99b","id":{"unicity":"30684"},"weightEach":{"value":450},"servingsPerContainer":30,"servingSize":0},"quantity":1,"terms":{"priceEach":37.29,"taxEach":{"amount":3.36},"discountEach":{"amount":0},"pvEach":23},"quantityLimit":{"quantityQuota":-1,"timeFrameDays":-1,"quantityOrdered":0}}]},"currency":"EUR"},{"lines":{"items":[{"item":{"href":"https://hydraqa.unicity.net/v5a-test/items/90f38f77c9e6ea5a71aa7377df83760b","id":{"unicity":"30198"},"weightEach":{"value":0},"servingsPerContainer":0,"servingSize":0},"quantity":1,"terms":{"priceEach":19,"taxEach":{"amount":1.71},"discountEach":{"amount":0},"pvEach":16},"quantityLimit":{"quantityQuota":-1,"timeFrameDays":-1,"quantityOrdered":0}}]},"currency":"EUR"},{"lines":{"items":[{"item":{"href":"https://hydraqa.unicity.net/v5a-test/items/7e5e7df32701fd44947c8146f2129f7a","id":{"unicity":"31672"},"weightEach":{"value":270},"servingsPerContainer":15,"servingSize":0},"quantity":1,"terms":{"priceEach":74.67,"taxEach":{"amount":6.72},"discountEach":{"amount":0},"pvEach":54},"quantityLimit":{"quantityQuota":-1,"timeFrameDays":-1,"quantityOrdered":0}}]},"currency":"EUR"},{"lines":{"items":[{"item":{"href":"https://hydraqa.unicity.net/v5a-test/items/493c2ba720f847422eccc5da35024f33","id":{"unicity":"31534"},"weightEach":{"value":95},"servingsPerContainer":60,"servingSize":0},"quantity":1,"terms":{"priceEach":26.07,"taxEach":{"amount":2.35},"discountEach":{"amount":0},"pvEach":16},"quantityLimit":{"quantityQuota":-1,"timeFrameDays":-1,"quantityOrdered":0}}]},"currency":"EUR"},{"lines":{"items":[{"item":{"href":"https://hydraqa.unicity.net/v5a-test/items/bfddb53fe0d5ed5432c531dc9850cbe4","id":{"unicity":"29449"},"weightEach":{"value":60},"servingsPerContainer":30,"servingSize":0},"quantity":1,"terms":{"priceEach":26.07,"taxEach":{"amount":2.35},"discountEach":{"amount":0},"pvEach":16},"quantityLimit":{"quantityQuota":-1,"timeFrameDays":-1,"quantityOrdered":0}}]},"currency":"EUR"},{"lines":{"items":[{"item":{"href":"https://hydraqa.unicity.net/v5a-test/items/fbb6dbd577adb73abaec364076fb288f","id":{"unicity":"32087"},"weightEach":{"value":600},"servingsPerContainer":10,"servingSize":0},"quantity":1,"terms":{"priceEach":20.47,"taxEach":{"amount":1.84},"discountEach":{"amount":0},"pvEach":9},"quantityLimit":{"quantityQuota":-1,"timeFrameDays":-1,"quantityOrdered":0}}]},"currency":"EUR"},{"lines":{"items":[{"item":{"href":"https://hydraqa.unicity.net/v5a-test/items/1f59b10f0bef99fa20e4b9b0b4efea88","id":{"unicity":"32333"},"weightEach":{"value":0},"servingsPerContainer":0,"servingSize":0},"quantity":1,"terms":{"priceEach":9.16,"taxEach":{"amount":1.92},"discountEach":{"amount":0},"pvEach":0},"quantityLimit":{"quantityQuota":-1,"timeFrameDays":-1,"quantityOrdered":0}}]},"currency":"EUR"},{"lines":{"items":[{"item":{"href":"https://hydraqa.unicity.net/v5a-test/items/592aef9ec417f4553dc0b62a91a1f5e0","id":{"unicity":"32330"},"weightEach":{"value":0},"servingsPerContainer":0,"servingSize":0},"quantity":1,"terms":{"priceEach":93.36,"taxEach":{"amount":8.4},"discountEach":{"amount":0},"pvEach":55},"quantityLimit":{"quantityQuota":-1,"timeFrameDays":-1,"quantityOrdered":0}}]},"currency":"EUR"},{"lines":{"items":[{"item":{"href":"https://hydraqa.unicity.net/v5a-test/items/87dd58dff9eb54a10b652443e7279a1e","id":{"unicity":"32693"},"weightEach":{"value":0},"servingsPerContainer":0,"servingSize":0},"quantity":1,"terms":{"priceEach":79.35,"taxEach":{"amount":7.14},"discountEach":{"amount":0},"pvEach":59},"quantityLimit":{"quantityQuota":-1,"timeFrameDays":-1,"quantityOrdered":0}}]},"currency":"EUR"},{"lines":{"items":[{"item":{"href":"https://hydraqa.unicity.net/v5a-test/items/1bd53de7fe880ba71f46c9976ca2c137","id":{"unicity":"27739"},"weightEach":{"value":0},"servingsPerContainer":0,"servingSize":0},"quantity":1,"terms":{"priceEach":37.29,"taxEach":{"amount":3.36},"discountEach":{"amount":0},"pvEach":23},"quantityLimit":{"quantityQuota":-1,"timeFrameDays":-1,"quantityOrdered":0}}]},"currency":"EUR"}]}
Entry request : {"order":{"customer":{"href":"https://hydraqa.unicity.net/v5a-test/customers?type=Associate"},"shipToAddress":{"country":"NL"}},"vary":{"lines":{"items":[{"item":{"href":"https://hydraqa.unicity.net/v5a-test/items?id.unicity=27160|31344|31343|31763|31951|31952|32128|32129|32130|32132|32133|32134|32135|32136|32137|32138|32125|32699|33092|33094|33093|18511|26422|27156|27158|27166|27617|27660|27585|27587|28601|28604|29838|31402|31772|31777|31780|31781|31782|31779|31932|31778|32556|29317|26371|32126|32127|29833|32755|32756|32967|32968|32965|32966|33097|33095|33098|33096|24274|24418|27150|27163|27575|27395|15880|26560|29017|26567|26568|24758|29821|32012|17174|29183|30280|29187|29191|30684|30198|31672|31534|29449|32087|32333|32330|32693|27739"}}]}}}
Total Pv Greater then 1000 - 1141
[https://hydraqa.unicity.net/v5a-test/items?id.unicity=32127, https://hydraqa.unicity.net/v5a-test/items?id.unicity=33096]
Request URL: https://hydraqa.unicity.net/v5a-test/customers.js?callback=angular.callbacks._1&expand=customer,profilePicture&id.unicity=2
Request URL: https://hydraqa.unicity.net/v5a-test/customers.js?_httpMethod=HEAD&callback=angular.callbacks._7&email=DZPCXB@gmail.com
Request URL: https://hydraqa.unicity.net/v5a-test/shippingmethods.js?callback=angular.callbacks._a&destination=NL&market=NL
]]></system-out>
    <system-err><![CDATA[Starting ChromeDriver 2.36.540470 (e522d04694c7ebea4ba8821272dbef4f9b818c91) on port 6511
Only local connections are allowed.
Oct 18, 2020 11:36:55 AM org.openqa.selenium.remote.ProtocolHandshake createSession
INFO: Detected dialect: OSS
]]></system-err>
  </testcase>
  <testcase name="Enroll" classname="Tests.FranchisePartner" time="282.996">
    <failure message="Major Quantiy expected [[1, 1]] but found [[1]]" type="java.lang.AssertionError">java.lang.AssertionError: Major Quantiy expected [[1, 1]] but found [[1]]
	at Tests.FranchisePartner.Enroll(FranchisePartner.java:252)
</failure>
    <system-out><![CDATA[Request URL: https://hydraqa.unicity.net/v5a-test/quotes?&expand=item
Entry Quotes response : {"items":[{"lines":{"items":[{"item":{"href":"https://hydraqa.unicity.net/v5a-test/items/0d3b8d4f7c4d4082db1b4ecffb6693fb","id":{"unicity":"27160"},"weightEach":{"value":435},"servingsPerContainer":60,"servingSize":0},"quantity":1,"terms":{"priceEach":74.67,"taxEach":{"amount":6.72},"discountEach":{"amount":0},"pvEach":53},"quantityLimit":{"quantityQuota":-1,"timeFrameDays":-1,"quantityOrdered":0}}]},"currency":"EUR"},{"lines":{"items":[{"item":{"href":"https://hydraqa.unicity.net/v5a-test/items/4114433211b3e74bf171f84526d7e49b","id":{"unicity":"31344"},"weightEach":{"value":0},"servingsPerContainer":0,"servingSize":0},"quantity":1,"terms":{"priceEach":82.25,"taxEach":{"amount":7.4},"discountEach":{"amount":0},"pvEach":43},"quantityLimit":{"quantityQuota":-1,"timeFrameDays":-1,"quantityOrdered":0}}]},"currency":"EUR"},{"lines":{"items":[{"item":{"href":"https://hydraqa.unicity.net/v5a-test/items/31cb0679f65df8fa9a4fc3d7e38b72b3","id":{"unicity":"31763"},"weightEach":{"value":0},"servingsPerContainer":0,"servingSize":0},"quantity":1,"terms":{"priceEach":243.3,"taxEach":{"amount":21.9},"discountEach":{"amount":0},"pvEach":181},"quantityLimit":{"quantityQuota":-1,"timeFrameDays":-1,"quantityOrdered":0}}]},"currency":"EUR"},{"lines":{"items":[{"item":{"href":"https://hydraqa.unicity.net/v5a-test/items/e9991b48ac639367d526d2b9b22fac8c","id":{"unicity":"32128"},"weightEach":{"value":0},"servingsPerContainer":0,"servingSize":0},"quantity":1,"terms":{"priceEach":371.87,"taxEach":{"amount":33.47},"discountEach":{"amount":0},"pvEach":253},"quantityLimit":{"quantityQuota":-1,"timeFrameDays":-1,"quantityOrdered":0}}]},"currency":"EUR"},{"lines":{"items":[{"item":{"href":"https://hydraqa.unicity.net/v5a-test/items/40b3312de189221d96d838d33a8ec49d","id":{"unicity":"32129"},"weightEach":{"value":0},"servingsPerContainer":0,"servingSize":0},"quantity":1,"terms":{"priceEach":371.87,"taxEach":{"amount":33.47},"discountEach":{"amount":0},"pvEach":254},"quantityLimit":{"quantityQuota":-1,"timeFrameDays":-1,"quantityOrdered":0}}]},"currency":"EUR"},{"lines":{"items":[{"item":{"href":"https://hydraqa.unicity.net/v5a-test/items/6bd168a66ce41003a8f30917deff5808","id":{"unicity":"32130"},"weightEach":{"value":0},"servingsPerContainer":0,"servingSize":0},"quantity":1,"terms":{"priceEach":363.46,"taxEach":{"amount":32.71},"discountEach":{"amount":0},"pvEach":252},"quantityLimit":{"quantityQuota":-1,"timeFrameDays":-1,"quantityOrdered":0}}]},"currency":"EUR"},{"lines":{"items":[{"item":{"href":"https://hydraqa.unicity.net/v5a-test/items/806f99b793edd7cd0b1c158ba0eb3142","id":{"unicity":"32132"},"weightEach":{"value":0},"servingsPerContainer":0,"servingSize":0},"quantity":1,"terms":{"priceEach":355.98,"taxEach":{"amount":32.04},"discountEach":{"amount":0},"pvEach":253},"quantityLimit":{"quantityQuota":-1,"timeFrameDays":-1,"quantityOrdered":0}}]},"currency":"EUR"},{"lines":{"items":[{"item":{"href":"https://hydraqa.unicity.net/v5a-test/items/e3d382d99fde8659cb146b54116e7654","id":{"unicity":"32133"},"weightEach":{"value":0},"servingsPerContainer":0,"servingSize":0},"quantity":1,"terms":{"priceEach":364.39,"taxEach":{"amount":32.8},"discountEach":{"amount":0},"pvEach":252},"quantityLimit":{"quantityQuota":-1,"timeFrameDays":-1,"quantityOrdered":0}}]},"currency":"EUR"},{"lines":{"items":[{"item":{"href":"https://hydraqa.unicity.net/v5a-test/items/022f109fe6e5eae3e521295a5cb94c60","id":{"unicity":"32134"},"weightEach":{"value":0},"servingsPerContainer":0,"servingSize":0},"quantity":1,"terms":{"priceEach":144.77,"taxEach":{"amount":13.03},"discountEach":{"amount":0},"pvEach":101},"quantityLimit":{"quantityQuota":-1,"timeFrameDays":-1,"quantityOrdered":0}}]},"currency":"EUR"},{"lines":{"items":[{"item":{"href":"https://hydraqa.unicity.net/v5a-test/items/ded00960d5e948dd8e511a9c752e1ff9","id":{"unicity":"32135"},"weightEach":{"value":0},"servingsPerContainer":0,"servingSize":0},"quantity":1,"terms":{"priceEach":154.11,"taxEach":{"amount":13.87},"discountEach":{"amount":0},"pvEach":113},"quantityLimit":{"quantityQuota":-1,"timeFrameDays":-1,"quantityOrdered":0}}]},"currency":"EUR"},{"lines":{"items":[{"item":{"href":"https://hydraqa.unicity.net/v5a-test/items/d8736cc35cf9f4734fd76da71c53dc05","id":{"unicity":"32136"},"weightEach":{"value":0},"servingsPerContainer":0,"servingSize":0},"quantity":1,"terms":{"priceEach":142.08,"taxEach":{"amount":12.79},"discountEach":{"amount":0},"pvEach":102},"quantityLimit":{"quantityQuota":-1,"timeFrameDays":-1,"quantityOrdered":0}}]},"currency":"EUR"},{"lines":{"items":[{"item":{"href":"https://hydraqa.unicity.net/v5a-test/items/166a69d45c4ae40278554e24d5f40443","id":{"unicity":"32137"},"weightEach":{"value":0},"servingsPerContainer":0,"servingSize":0},"quantity":1,"terms":{"priceEach":168.13,"taxEach":{"amount":15.13},"discountEach":{"amount":0},"pvEach":118},"quantityLimit":{"quantityQuota":-1,"timeFrameDays":-1,"quantityOrdered":0}}]},"currency":"EUR"},{"lines":{"items":[{"item":{"href":"https://hydraqa.unicity.net/v5a-test/items/d04a0b8762b20202b6273114fb7302d1","id":{"unicity":"32138"},"weightEach":{"value":0},"servingsPerContainer":0,"servingSize":0},"quantity":1,"terms":{"priceEach":224.21,"taxEach":{"amount":20.18},"discountEach":{"amount":0},"pvEach":152},"quantityLimit":{"quantityQuota":-1,"timeFrameDays":-1,"quantityOrdered":0}}]},"currency":"EUR"},{"lines":{"items":[{"item":{"href":"https://hydraqa.unicity.net/v5a-test/items/e13d0b5c40704ad5dd186959367c97f1","id":{"unicity":"32125"},"weightEach":{"value":0},"servingsPerContainer":0,"servingSize":0},"quantity":1,"terms":{"priceEach":373.74,"taxEach":{"amount":33.64},"discountEach":{"amount":0},"pvEach":250},"quantityLimit":{"quantityQuota":-1,"timeFrameDays":-1,"quantityOrdered":0}}]},"currency":"EUR"},{"lines":{"items":[{"item":{"href":"https://hydraqa.unicity.net/v5a-test/items/def68d31fb89b7c22a71f384e32f03d7","id":{"unicity":"32699"},"weightEach":{"value":0},"servingsPerContainer":0,"servingSize":0},"quantity":1,"terms":{"priceEach":284.14,"taxEach":{"amount":25.57},"discountEach":{"amount":0},"pvEach":200},"quantityLimit":{"quantityQuota":-1,"timeFrameDays":-1,"quantityOrdered":0}}]},"currency":"EUR"},{"lines":{"items":[{"item":{"href":"https://hydraqa.unicity.net/v5a-test/items/b23be76d5816f93f8e9b7ab0665d5021","id":{"unicity":"33092"},"weightEach":{"value":0},"servingsPerContainer":0,"servingSize":0},"quantity":1,"terms":{"priceEach":149.34,"taxEach":{"amount":13.44},"discountEach":{"amount":0},"pvEach":108},"quantityLimit":{"quantityQuota":-1,"timeFrameDays":-1,"quantityOrdered":0}}]},"currency":"EUR"},{"lines":{"items":[{"item":{"href":"https://hydraqa.unicity.net/v5a-test/items/bbe21adcac1fcadfcf1a1ebb99ec5de9","id":{"unicity":"33094"},"weightEach":{"value":0},"servingsPerContainer":0,"servingSize":0},"quantity":1,"terms":{"priceEach":172.71,"taxEach":{"amount":15.54},"discountEach":{"amount":0},"pvEach":114},"quantityLimit":{"quantityQuota":-1,"timeFrameDays":-1,"quantityOrdered":0}}]},"currency":"EUR"},{"lines":{"items":[{"item":{"href":"https://hydraqa.unicity.net/v5a-test/items/287b72c2933e3afabdea942bd11bfab9","id":{"unicity":"33093"},"weightEach":{"value":0},"servingsPerContainer":0,"servingSize":0},"quantity":1,"terms":{"priceEach":162.54,"taxEach":{"amount":14.63},"discountEach":{"amount":0},"pvEach":105},"quantityLimit":{"quantityQuota":-1,"timeFrameDays":-1,"quantityOrdered":0}}]},"currency":"EUR"},{"lines":{"items":[{"item":{"href":"https://hydraqa.unicity.net/v5a-test/items/c451532f63a06f0e9a054e946a1a1c3b","id":{"unicity":"18511"},"weightEach":{"value":50},"servingsPerContainer":30,"servingSize":0},"quantity":1,"terms":{"priceEach":37.29,"taxEach":{"amount":3.36},"discountEach":{"amount":0},"pvEach":23},"quantityLimit":{"quantityQuota":-1,"timeFrameDays":-1,"quantityOrdered":0}}]},"currency":"EUR"},{"lines":{"items":[{"item":{"href":"https://hydraqa.unicity.net/v5a-test/items/4e49c95f12ae7be78e5ffab68b8b3ca6","id":{"unicity":"26422"},"weightEach":{"value":92},"servingsPerContainer":30,"servingSize":0},"quantity":1,"terms":{"priceEach":19,"taxEach":{"amount":1.71},"discountEach":{"amount":0},"pvEach":16},"quantityLimit":{"quantityQuota":-1,"timeFrameDays":-1,"quantityOrdered":0}}]},"currency":"EUR"},{"lines":{"items":[{"item":{"href":"https://hydraqa.unicity.net/v5a-test/items/50e73ecfa509ac20c4a250f9cb32fdfc","id":{"unicity":"27156"},"weightEach":{"value":31},"servingsPerContainer":50,"servingSize":0},"quantity":1,"terms":{"priceEach":20.47,"taxEach":{"amount":1.84},"discountEach":{"amount":0},"pvEach":13},"quantityLimit":{"quantityQuota":-1,"timeFrameDays":-1,"quantityOrdered":0}}]},"currency":"EUR"},{"lines":{"items":[{"item":{"href":"https://hydraqa.unicity.net/v5a-test/items/d92292ba2f23c030e4a1f63eb3ebe1ce","id":{"unicity":"27158"},"weightEach":{"value":454},"servingsPerContainer":45,"servingSize":0},"quantity":1,"terms":{"priceEach":27.94,"taxEach":{"amount":2.51},"discountEach":{"amount":0},"pvEach":23},"quantityLimit":{"quantityQuota":-1,"timeFrameDays":-1,"quantityOrdered":0}}]},"currency":"EUR"},{"lines":{"items":[{"item":{"href":"https://hydraqa.unicity.net/v5a-test/items/ac37bf51ff7e4fe860da8457f6ce0425","id":{"unicity":"27166"},"weightEach":{"value":270},"servingsPerContainer":30,"servingSize":0},"quantity":1,"terms":{"priceEach":74.67,"taxEach":{"amount":6.72},"discountEach":{"amount":0},"pvEach":54},"quantityLimit":{"quantityQuota":-1,"timeFrameDays":-1,"quantityOrdered":0}}]},"currency":"EUR"},{"lines":{"items":[{"item":{"href":"https://hydraqa.unicity.net/v5a-test/items/a7bda1cb4a35343e52791aba56debc4a","id":{"unicity":"27617"},"weightEach":{"value":22.62},"servingsPerContainer":30,"servingSize":0},"quantity":1,"terms":{"priceEach":29.81,"taxEach":{"amount":2.68},"discountEach":{"amount":0},"pvEach":18},"quantityLimit":{"quantityQuota":-1,"timeFrameDays":-1,"quantityOrdered":0}}]},"currency":"EUR"},{"lines":{"items":[{"item":{"href":"https://hydraqa.unicity.net/v5a-test/items/a36d9fdd0fd7561e6180fb5b2ff27164","id":{"unicity":"27660"},"weightEach":{"value":129},"servingsPerContainer":15,"servingSize":0},"quantity":1,"terms":{"priceEach":40.09,"taxEach":{"amount":3.61},"discountEach":{"amount":0},"pvEach":25},"quantityLimit":{"quantityQuota":-1,"timeFrameDays":-1,"quantityOrdered":0}}]},"currency":"EUR"},{"lines":{"items":[{"item":{"href":"https://hydraqa.unicity.net/v5a-test/items/9a6e1d094182389c3da8e0a320ff0e00","id":{"unicity":"27585"},"weightEach":{"value":0},"servingsPerContainer":0,"servingSize":0},"quantity":1,"terms":{"priceEach":61.81,"taxEach":{"amount":5.56},"discountEach":{"amount":0},"pvEach":36},"quantityLimit":{"quantityQuota":-1,"timeFrameDays":-1,"quantityOrdered":0}}]},"currency":"EUR"},{"lines":{"items":[{"item":{"href":"https://hydraqa.unicity.net/v5a-test/items/112b8c39286598b3730f630f371a45f4","id":{"unicity":"27587"},"weightEach":{"value":690},"servingsPerContainer":30,"servingSize":0},"quantity":1,"terms":{"priceEach":55.98,"taxEach":{"amount":5.04},"discountEach":{"amount":0},"pvEach":34},"quantityLimit":{"quantityQuota":-1,"timeFrameDays":-1,"quantityOrdered":0}}]},"currency":"EUR"},{"lines":{"items":[{"item":{"href":"https://hydraqa.unicity.net/v5a-test/items/0c0717a26fcfe40310e906487e8a12f7","id":{"unicity":"28601"},"weightEach":{"value":270},"servingsPerContainer":30,"servingSize":0},"quantity":1,"terms":{"priceEach":74.67,"taxEach":{"amount":6.72},"discountEach":{"amount":0},"pvEach":54},"quantityLimit":{"quantityQuota":-1,"timeFrameDays":-1,"quantityOrdered":0}}]},"currency":"EUR"},{"lines":{"items":[{"item":{"href":"https://hydraqa.unicity.net/v5a-test/items/4790a55c442b5dc75a13b155e78c1842","id":{"unicity":"28604"},"weightEach":{"value":0},"servingsPerContainer":0,"servingSize":0},"quantity":1,"terms":{"priceEach":74.67,"taxEach":{"amount":6.72},"discountEach":{"amount":0},"pvEach":54},"quantityLimit":{"quantityQuota":-1,"timeFrameDays":-1,"quantityOrdered":0}}]},"currency":"EUR"},{"lines":{"items":[{"item":{"href":"https://hydraqa.unicity.net/v5a-test/items/11fac1643721516cbf646365d88b73cd","id":{"unicity":"29838"},"weightEach":{"value":0},"servingsPerContainer":0,"servingSize":0},"quantity":1,"terms":{"priceEach":112.36,"taxEach":{"amount":10.11},"discountEach":{"amount":0},"pvEach":86},"quantityLimit":{"quantityQuota":-1,"timeFrameDays":-1,"quantityOrdered":0}}]},"currency":"EUR"},{"lines":{"items":[{"item":{"href":"https://hydraqa.unicity.net/v5a-test/items/ab2a2b07b17718843a66bee04ff40624","id":{"unicity":"31402"},"weightEach":{"value":477},"servingsPerContainer":30,"servingSize":0},"quantity":1,"terms":{"priceEach":92.43,"taxEach":{"amount":8.32},"discountEach":{"amount":0},"pvEach":70},"quantityLimit":{"quantityQuota":-1,"timeFrameDays":-1,"quantityOrdered":0}}]},"currency":"EUR"},{"lines":{"items":[{"item":{"href":"https://hydraqa.unicity.net/v5a-test/items/db0a2b02eaabc5ad45fe91ba5c7bcf5a","id":{"unicity":"31772"},"weightEach":{"value":0},"servingsPerContainer":0,"servingSize":0},"quantity":1,"terms":{"priceEach":8.32,"taxEach":{"amount":1.75},"discountEach":{"amount":0},"pvEach":0},"quantityLimit":{"quantityQuota":-1,"timeFrameDays":-1,"quantityOrdered":0}}]},"currency":"EUR"},{"lines":{"items":[{"item":{"href":"https://hydraqa.unicity.net/v5a-test/items/34c8c6b0f454da738e64265f08c57a72","id":{"unicity":"31777"},"weightEach":{"value":100},"servingsPerContainer":0,"servingSize":0},"quantity":1,"terms":{"priceEach":6.22,"taxEach":{"amount":1.31},"discountEach":{"amount":0},"pvEach":3},"quantityLimit":{"quantityQuota":-1,"timeFrameDays":-1,"quantityOrdered":0}}]},"currency":"EUR"},{"lines":{"items":[{"item":{"href":"https://hydraqa.unicity.net/v5a-test/items/fc8583e3bf463b599fdcce05234bc137","id":{"unicity":"31780"},"weightEach":{"value":275},"servingsPerContainer":0,"servingSize":0},"quantity":1,"terms":{"priceEach":8.32,"taxEach":{"amount":1.75},"discountEach":{"amount":0},"pvEach":4},"quantityLimit":{"quantityQuota":-1,"timeFrameDays":-1,"quantityOrdered":0}}]},"currency":"EUR"},{"lines":{"items":[{"item":{"href":"https://hydraqa.unicity.net/v5a-test/items/7e80331c8c25f515174d3f894283a27c","id":{"unicity":"31781"},"weightEach":{"value":275},"servingsPerContainer":0,"servingSize":0},"quantity":1,"terms":{"priceEach":8.32,"taxEach":{"amount":1.75},"discountEach":{"amount":0},"pvEach":4},"quantityLimit":{"quantityQuota":-1,"timeFrameDays":-1,"quantityOrdered":0}}]},"currency":"EUR"},{"lines":{"items":[{"item":{"href":"https://hydraqa.unicity.net/v5a-test/items/8d3854b47de8e45d6fcdc194dffff601","id":{"unicity":"31782"},"weightEach":{"value":50},"servingsPerContainer":0,"servingSize":0},"quantity":1,"terms":{"priceEach":12.52,"taxEach":{"amount":2.63},"discountEach":{"amount":0},"pvEach":6},"quantityLimit":{"quantityQuota":-1,"timeFrameDays":-1,"quantityOrdered":0}}]},"currency":"EUR"},{"lines":{"items":[{"item":{"href":"https://hydraqa.unicity.net/v5a-test/items/04516be30bd9bf93e01536e7fc8f8716","id":{"unicity":"31779"},"weightEach":{"value":350},"servingsPerContainer":0,"servingSize":0},"quantity":1,"terms":{"priceEach":10,"taxEach":{"amount":2.1},"discountEach":{"amount":0},"pvEach":5},"quantityLimit":{"quantityQuota":-1,"timeFrameDays":-1,"quantityOrdered":0}}]},"currency":"EUR"},{"lines":{"items":[{"item":{"href":"https://hydraqa.unicity.net/v5a-test/items/d7e1dd4b19a8672aed99e591356c0d48","id":{"unicity":"31932"},"weightEach":{"value":180},"servingsPerContainer":0,"servingSize":0},"quantity":1,"terms":{"priceEach":6.22,"taxEach":{"amount":1.31},"discountEach":{"amount":0},"pvEach":3},"quantityLimit":{"quantityQuota":-1,"timeFrameDays":-1,"quantityOrdered":0}}]},"currency":"EUR"},{"lines":{"items":[{"item":{"href":"https://hydraqa.unicity.net/v5a-test/items/1aa00306dc0006d365acd7436548f2e6","id":{"unicity":"31778"},"weightEach":{"value":350},"servingsPerContainer":0,"servingSize":0},"quantity":1,"terms":{"priceEach":12.52,"taxEach":{"amount":2.63},"discountEach":{"amount":0},"pvEach":6},"quantityLimit":{"quantityQuota":-1,"timeFrameDays":-1,"quantityOrdered":0}}]},"currency":"EUR"},{"lines":{"items":[{"item":{"href":"https://hydraqa.unicity.net/v5a-test/items/4fc6de0cb7817f39a836ff08609b8539","id":{"unicity":"32556"},"weightEach":{"value":0},"servingsPerContainer":0,"servingSize":0},"quantity":1,"terms":{"priceEach":2.44,"taxEach":{"amount":0.51},"discountEach":{"amount":0},"pvEach":0},"quantityLimit":{"quantityQuota":-1,"timeFrameDays":-1,"quantityOrdered":0}}]},"currency":"EUR"},{"lines":{"items":[{"item":{"href":"https://hydraqa.unicity.net/v5a-test/items/2262fdd5af916c31df08089c191735c1","id":{"unicity":"29317"},"weightEach":{"value":0},"servingsPerContainer":0,"servingSize":0},"quantity":1,"terms":{"priceEach":25.21,"taxEach":{"amount":5.29},"discountEach":{"amount":0},"pvEach":0},"quantityLimit":{"quantityQuota":-1,"timeFrameDays":-1,"quantityOrdered":0}}]},"currency":"EUR"},{"lines":{"items":[{"item":{"href":"https://hydraqa.unicity.net/v5a-test/items/e98822672b5da0c3eaede80b7d7d4c5e","id":{"unicity":"26371"},"weightEach":{"value":0},"servingsPerContainer":0,"servingSize":0},"quantity":1,"terms":{"priceEach":246,"taxEach":{"amount":32.7},"discountEach":{"amount":0},"pvEach":174},"quantityLimit":{"quantityQuota":-1,"timeFrameDays":-1,"quantityOrdered":0}}]},"currency":"EUR"},{"lines":{"items":[{"item":{"href":"https://hydraqa.unicity.net/v5a-test/items/217ca02fbd24e21ca5281412756238ab","id":{"unicity":"32126"},"weightEach":{"value":0},"servingsPerContainer":0,"servingSize":0},"quantity":1,"terms":{"priceEach":152.24,"taxEach":{"amount":14.7},"discountEach":{"amount":0},"pvEach":101},"quantityLimit":{"quantityQuota":-1,"timeFrameDays":-1,"quantityOrdered":0}}]},"currency":"EUR"},{"lines":{"items":[{"item":{"href":"https://hydraqa.unicity.net/v5a-test/items/808008a0657d2033ad471c39bbce9891","id":{"unicity":"32127"},"weightEach":{"value":0},"servingsPerContainer":0,"servingSize":0},"quantity":1,"terms":{"priceEach":162.34,"taxEach":{"amount":15.61},"discountEach":{"amount":0},"pvEach":113},"quantityLimit":{"quantityQuota":-1,"timeFrameDays":-1,"quantityOrdered":0}}]},"currency":"EUR"},{"lines":{"items":[{"item":{"href":"https://hydraqa.unicity.net/v5a-test/items/10df0fc3509b53cbeaeb9476ca92d520","id":{"unicity":"29833"},"weightEach":{"value":0},"servingsPerContainer":0,"servingSize":0},"quantity":1,"terms":{"priceEach":90.56,"taxEach":{"amount":8.15},"discountEach":{"amount":0},"pvEach":69},"quantityLimit":{"quantityQuota":-1,"timeFrameDays":-1,"quantityOrdered":0}}]},"currency":"EUR"},{"lines":{"items":[{"item":{"href":"https://hydraqa.unicity.net/v5a-test/items/b90fda77fbdf07131e0e60b87941cf76","id":{"unicity":"32755"},"weightEach":{"value":0},"servingsPerContainer":0,"servingSize":0},"quantity":1,"terms":{"priceEach":758.54,"taxEach":{"amount":68.27},"discountEach":{"amount":0},"pvEach":503},"quantityLimit":{"quantityQuota":-1,"timeFrameDays":-1,"quantityOrdered":0}}]},"currency":"EUR"},{"lines":{"items":[{"item":{"href":"https://hydraqa.unicity.net/v5a-test/items/3ab3ce55100f6593f04ec4a0d328a0b5","id":{"unicity":"32756"},"weightEach":{"value":0},"servingsPerContainer":0,"servingSize":0},"quantity":1,"terms":{"priceEach":1517.09,"taxEach":{"amount":136.54},"discountEach":{"amount":0},"pvEach":1006},"quantityLimit":{"quantityQuota":-1,"timeFrameDays":-1,"quantityOrdered":0}}]},"currency":"EUR"},{"lines":{"items":[{"item":{"href":"https://hydraqa.unicity.net/v5a-test/items/36c1237572a0cc563fad27fcfd6abcf1","id":{"unicity":"32967"},"weightEach":{"value":0},"servingsPerContainer":0,"servingSize":0},"quantity":1,"terms":{"priceEach":1136.56,"taxEach":{"amount":102.29},"discountEach":{"amount":0},"pvEach":800},"quantityLimit":{"quantityQuota":-1,"timeFrameDays":-1,"quantityOrdered":0}}]},"currency":"EUR"},{"lines":{"items":[{"item":{"href":"https://hydraqa.unicity.net/v5a-test/items/817e062d5600cad31f527fbfa764a0fa","id":{"unicity":"32968"},"weightEach":{"value":0},"servingsPerContainer":0,"servingSize":0},"quantity":1,"terms":{"priceEach":2273.12,"taxEach":{"amount":204.58},"discountEach":{"amount":0},"pvEach":1600},"quantityLimit":{"quantityQuota":-1,"timeFrameDays":-1,"quantityOrdered":0}}]},"currency":"EUR"},{"lines":{"items":[{"item":{"href":"https://hydraqa.unicity.net/v5a-test/items/81b61d497458d50a6893cf18a065539c","id":{"unicity":"32965"},"weightEach":{"value":0},"servingsPerContainer":0,"servingSize":0},"quantity":1,"terms":{"priceEach":690.84,"taxEach":{"amount":62.18},"discountEach":{"amount":0},"pvEach":456},"quantityLimit":{"quantityQuota":-1,"timeFrameDays":-1,"quantityOrdered":0}}]},"currency":"EUR"},{"lines":{"items":[{"item":{"href":"https://hydraqa.unicity.net/v5a-test/items/ab1f0744e0ce56260af7928f7bf04478","id":{"unicity":"32966"},"weightEach":{"value":0},"servingsPerContainer":0,"servingSize":0},"quantity":1,"terms":{"priceEach":1381.68,"taxEach":{"amount":124.35},"discountEach":{"amount":0},"pvEach":912},"quantityLimit":{"quantityQuota":-1,"timeFrameDays":-1,"quantityOrdered":0}}]},"currency":"EUR"},{"lines":{"items":[{"item":{"href":"https://hydraqa.unicity.net/v5a-test/items/2faa0a2bcdeed39b7569e085fe880a23","id":{"unicity":"33097"},"weightEach":{"value":0},"servingsPerContainer":0,"servingSize":0},"quantity":1,"terms":{"priceEach":703.21,"taxEach":{"amount":63.29},"discountEach":{"amount":0},"pvEach":500},"quantityLimit":{"quantityQuota":-1,"timeFrameDays":-1,"quantityOrdered":0}}]},"currency":"EUR"},{"lines":{"items":[{"item":{"href":"https://hydraqa.unicity.net/v5a-test/items/3196d0b751f9119076e364a1cb03fa18","id":{"unicity":"33095"},"weightEach":{"value":0},"servingsPerContainer":0,"servingSize":0},"quantity":1,"terms":{"priceEach":740.99,"taxEach":{"amount":66.69},"discountEach":{"amount":0},"pvEach":514},"quantityLimit":{"quantityQuota":-1,"timeFrameDays":-1,"quantityOrdered":0}}]},"currency":"EUR"},{"lines":{"items":[{"item":{"href":"https://hydraqa.unicity.net/v5a-test/items/9c43de3dc98337bf964013caa56e3e98","id":{"unicity":"33098"},"weightEach":{"value":0},"servingsPerContainer":0,"servingSize":0},"quantity":1,"terms":{"priceEach":1406.42,"taxEach":{"amount":126.58},"discountEach":{"amount":0},"pvEach":1000},"quantityLimit":{"quantityQuota":-1,"timeFrameDays":-1,"quantityOrdered":0}}]},"currency":"EUR"},{"lines":{"items":[{"item":{"href":"https://hydraqa.unicity.net/v5a-test/items/bdcb8e96238e2243278e5627f9a5f893","id":{"unicity":"33096"},"weightEach":{"value":0},"servingsPerContainer":0,"servingSize":0},"quantity":1,"terms":{"priceEach":1481.98,"taxEach":{"amount":133.38},"discountEach":{"amount":0},"pvEach":1028},"quantityLimit":{"quantityQuota":-1,"timeFrameDays":-1,"quantityOrdered":0}}]},"currency":"EUR"},{"lines":{"items":[{"item":{"href":"https://hydraqa.unicity.net/v5a-test/items/332daeac6796ed016ea8b7d0bc42c2d4","id":{"unicity":"24274"},"weightEach":{"value":0},"servingsPerContainer":0,"servingSize":0},"quantity":1,"terms":{"priceEach":7.48,"taxEach":{"amount":1.57},"discountEach":{"amount":0},"pvEach":0},"quantityLimit":{"quantityQuota":-1,"timeFrameDays":-1,"quantityOrdered":0}}]},"currency":"EUR"},{"lines":{"items":[{"item":{"href":"https://hydraqa.unicity.net/v5a-test/items/1945faa1776541d53120ecfe3c1d8a2b","id":{"unicity":"24418"},"weightEach":{"value":0},"servingsPerContainer":0,"servingSize":0},"quantity":1,"terms":{"priceEach":4.96,"taxEach":{"amount":1.04},"discountEach":{"amount":0},"pvEach":0},"quantityLimit":{"quantityQuota":-1,"timeFrameDays":-1,"quantityOrdered":0}}]},"currency":"EUR"},{"lines":{"items":[{"item":{"href":"https://hydraqa.unicity.net/v5a-test/items/5147f8cfe32548e02fc158d4da9c4d6f","id":{"unicity":"27150"},"weightEach":{"value":0},"servingsPerContainer":0,"servingSize":0},"quantity":1,"terms":{"priceEach":93.36,"taxEach":{"amount":8.4},"discountEach":{"amount":0},"pvEach":70},"quantityLimit":{"quantityQuota":-1,"timeFrameDays":-1,"quantityOrdered":0}}]},"currency":"EUR"},{"lines":{"items":[{"item":{"href":"https://hydraqa.unicity.net/v5a-test/items/03eba2365025ccd85818846a83a16f47","id":{"unicity":"27163"},"weightEach":{"value":258},"servingsPerContainer":30,"servingSize":0},"quantity":1,"terms":{"priceEach":74.67,"taxEach":{"amount":6.72},"discountEach":{"amount":0},"pvEach":54},"quantityLimit":{"quantityQuota":-1,"timeFrameDays":-1,"quantityOrdered":0}}]},"currency":"EUR"},{"lines":{"items":[{"item":{"href":"https://hydraqa.unicity.net/v5a-test/items/7d4ad2792f7056e5f81eb24f118ef737","id":{"unicity":"27575"},"weightEach":{"value":1104},"servingsPerContainer":30,"servingSize":0},"quantity":1,"terms":{"priceEach":55.98,"taxEach":{"amount":5.04},"discountEach":{"amount":0},"pvEach":34},"quantityLimit":{"quantityQuota":-1,"timeFrameDays":-1,"quantityOrdered":0}}]},"currency":"EUR"},{"lines":{"items":[{"item":{"href":"https://hydraqa.unicity.net/v5a-test/items/024e696f8b44a1d315006e676604cd31","id":{"unicity":"27395"},"weightEach":{"value":210},"servingsPerContainer":30,"servingSize":0},"quantity":1,"terms":{"priceEach":29.81,"taxEach":{"amount":2.68},"discountEach":{"amount":0},"pvEach":18},"quantityLimit":{"quantityQuota":-1,"timeFrameDays":-1,"quantityOrdered":0}}]},"currency":"EUR"},{"lines":{"items":[{"item":{"href":"https://hydraqa.unicity.net/v5a-test/items/4b2034f47fce90b87bba28c5c2d7c25d","id":{"unicity":"15880"},"weightEach":{"value":51.5},"servingsPerContainer":90,"servingSize":0},"quantity":1,"terms":{"priceEach":51.31,"taxEach":{"amount":4.62},"discountEach":{"amount":0},"pvEach":33},"quantityLimit":{"quantityQuota":-1,"timeFrameDays":-1,"quantityOrdered":0}}]},"currency":"EUR"},{"lines":{"items":[{"item":{"href":"https://hydraqa.unicity.net/v5a-test/items/398d06b858b960f6f38086d40608aef2","id":{"unicity":"26560"},"weightEach":{"value":60},"servingsPerContainer":30,"servingSize":0},"quantity":1,"terms":{"priceEach":20.47,"taxEach":{"amount":1.84},"discountEach":{"amount":0},"pvEach":13},"quantityLimit":{"quantityQuota":-1,"timeFrameDays":-1,"quantityOrdered":0}}]},"currency":"EUR"},{"lines":{"items":[{"item":{"href":"https://hydraqa.unicity.net/v5a-test/items/e218d1cac5f31e7ae4f5876c29c57377","id":{"unicity":"29017"},"weightEach":{"value":52.8},"servingsPerContainer":60,"servingSize":0},"quantity":1,"terms":{"priceEach":37.29,"taxEach":{"amount":3.36},"discountEach":{"amount":0},"pvEach":23},"quantityLimit":{"quantityQuota":-1,"timeFrameDays":-1,"quantityOrdered":0}}]},"currency":"EUR"},{"lines":{"items":[{"item":{"href":"https://hydraqa.unicity.net/v5a-test/items/3f2d12d7a0e8551fc99fad3bbe1ba633","id":{"unicity":"26567"},"weightEach":{"value":173.46},"servingsPerContainer":60,"servingSize":0},"quantity":1,"terms":{"priceEach":55.98,"taxEach":{"amount":5.04},"discountEach":{"amount":0},"pvEach":26},"quantityLimit":{"quantityQuota":-1,"timeFrameDays":-1,"quantityOrdered":0}}]},"currency":"EUR"},{"lines":{"items":[{"item":{"href":"https://hydraqa.unicity.net/v5a-test/items/191637167cb3144bd2e8c4615e9ab67e","id":{"unicity":"26568"},"weightEach":{"value":198.24},"servingsPerContainer":60,"servingSize":0},"quantity":1,"terms":{"priceEach":55.98,"taxEach":{"amount":5.04},"discountEach":{"amount":0},"pvEach":26},"quantityLimit":{"quantityQuota":-1,"timeFrameDays":-1,"quantityOrdered":0}}]},"currency":"EUR"},{"lines":{"items":[{"item":{"href":"https://hydraqa.unicity.net/v5a-test/items/64ec7ad932acafab052a4e8800ad1238","id":{"unicity":"24758"},"weightEach":{"value":26.89},"servingsPerContainer":30,"servingSize":0},"quantity":1,"terms":{"priceEach":37.29,"taxEach":{"amount":3.36},"discountEach":{"amount":0},"pvEach":23},"quantityLimit":{"quantityQuota":-1,"timeFrameDays":-1,"quantityOrdered":0}}]},"currency":"EUR"},{"lines":{"items":[{"item":{"href":"https://hydraqa.unicity.net/v5a-test/items/606f7be753c74dfbfe4b107276775140","id":{"unicity":"29821"},"weightEach":{"value":133.5},"servingsPerContainer":30,"servingSize":0},"quantity":1,"terms":{"priceEach":79.35,"taxEach":{"amount":7.14},"discountEach":{"amount":0},"pvEach":59},"quantityLimit":{"quantityQuota":-1,"timeFrameDays":-1,"quantityOrdered":0}}]},"currency":"EUR"},{"lines":{"items":[{"item":{"href":"https://hydraqa.unicity.net/v5a-test/items/94939f9be900906d2b47260ccba22a7b","id":{"unicity":"32012"},"weightEach":{"value":420},"servingsPerContainer":20,"servingSize":0},"quantity":1,"terms":{"priceEach":13.93,"taxEach":{"amount":1.25},"discountEach":{"amount":0},"pvEach":6},"quantityLimit":{"quantityQuota":-1,"timeFrameDays":-1,"quantityOrdered":0}}]},"currency":"EUR"},{"lines":{"items":[{"item":{"href":"https://hydraqa.unicity.net/v5a-test/items/2c4c1abe00983e85aaa918d2ce341491","id":{"unicity":"17174"},"weightEach":{"value":49.72},"servingsPerContainer":100,"servingSize":0},"quantity":1,"terms":{"priceEach":37.29,"taxEach":{"amount":3.36},"discountEach":{"amount":0},"pvEach":23},"quantityLimit":{"quantityQuota":-1,"timeFrameDays":-1,"quantityOrdered":0}}]},"currency":"EUR"},{"lines":{"items":[{"item":{"href":"https://hydraqa.unicity.net/v5a-test/items/991cdbb84a495779eb209fb3956a77e4","id":{"unicity":"29183"},"weightEach":{"value":50},"servingsPerContainer":0,"servingSize":0},"quantity":1,"terms":{"priceEach":31.01,"taxEach":{"amount":6.51},"discountEach":{"amount":0},"pvEach":18},"quantityLimit":{"quantityQuota":-1,"timeFrameDays":-1,"quantityOrdered":0}}]},"currency":"EUR"},{"lines":{"items":[{"item":{"href":"https://hydraqa.unicity.net/v5a-test/items/0e78fbdfebef11cd62f8d2120064ee58","id":{"unicity":"30280"},"weightEach":{"value":30},"servingsPerContainer":0,"servingSize":0},"quantity":1,"terms":{"priceEach":33.53,"taxEach":{"amount":7.04},"discountEach":{"amount":0},"pvEach":20},"quantityLimit":{"quantityQuota":-1,"timeFrameDays":-1,"quantityOrdered":0}}]},"currency":"EUR"},{"lines":{"items":[{"item":{"href":"https://hydraqa.unicity.net/v5a-test/items/beb900429fbb160dbfc3001c14d96df4","id":{"unicity":"29187"},"weightEach":{"value":30},"servingsPerContainer":0,"servingSize":0},"quantity":1,"terms":{"priceEach":37.73,"taxEach":{"amount":7.92},"discountEach":{"amount":0},"pvEach":24},"quantityLimit":{"quantityQuota":-1,"timeFrameDays":-1,"quantityOrdered":0}}]},"currency":"EUR"},{"lines":{"items":[{"item":{"href":"https://hydraqa.unicity.net/v5a-test/items/1b0412bea8c0b841c66f65a36aa14108","id":{"unicity":"29191"},"weightEach":{"value":30},"servingsPerContainer":0,"servingSize":0},"quantity":1,"terms":{"priceEach":37.73,"taxEach":{"amount":7.92},"discountEach":{"amount":0},"pvEach":24},"quantityLimit":{"quantityQuota":-1,"timeFrameDays":-1,"quantityOrdered":0}}]},"currency":"EUR"},{"lines":{"items":[{"item":{"href":"https://hydraqa.unicity.net/v5a-test/items/52c87f74d3b41ed49b0f897b66c2a99b","id":{"unicity":"30684"},"weightEach":{"value":450},"servingsPerContainer":30,"servingSize":0},"quantity":1,"terms":{"priceEach":37.29,"taxEach":{"amount":3.36},"discountEach":{"amount":0},"pvEach":23},"quantityLimit":{"quantityQuota":-1,"timeFrameDays":-1,"quantityOrdered":0}}]},"currency":"EUR"},{"lines":{"items":[{"item":{"href":"https://hydraqa.unicity.net/v5a-test/items/90f38f77c9e6ea5a71aa7377df83760b","id":{"unicity":"30198"},"weightEach":{"value":0},"servingsPerContainer":0,"servingSize":0},"quantity":1,"terms":{"priceEach":19,"taxEach":{"amount":1.71},"discountEach":{"amount":0},"pvEach":16},"quantityLimit":{"quantityQuota":-1,"timeFrameDays":-1,"quantityOrdered":0}}]},"currency":"EUR"},{"lines":{"items":[{"item":{"href":"https://hydraqa.unicity.net/v5a-test/items/7e5e7df32701fd44947c8146f2129f7a","id":{"unicity":"31672"},"weightEach":{"value":270},"servingsPerContainer":15,"servingSize":0},"quantity":1,"terms":{"priceEach":74.67,"taxEach":{"amount":6.72},"discountEach":{"amount":0},"pvEach":54},"quantityLimit":{"quantityQuota":-1,"timeFrameDays":-1,"quantityOrdered":0}}]},"currency":"EUR"},{"lines":{"items":[{"item":{"href":"https://hydraqa.unicity.net/v5a-test/items/493c2ba720f847422eccc5da35024f33","id":{"unicity":"31534"},"weightEach":{"value":95},"servingsPerContainer":60,"servingSize":0},"quantity":1,"terms":{"priceEach":26.07,"taxEach":{"amount":2.35},"discountEach":{"amount":0},"pvEach":16},"quantityLimit":{"quantityQuota":-1,"timeFrameDays":-1,"quantityOrdered":0}}]},"currency":"EUR"},{"lines":{"items":[{"item":{"href":"https://hydraqa.unicity.net/v5a-test/items/bfddb53fe0d5ed5432c531dc9850cbe4","id":{"unicity":"29449"},"weightEach":{"value":60},"servingsPerContainer":30,"servingSize":0},"quantity":1,"terms":{"priceEach":26.07,"taxEach":{"amount":2.35},"discountEach":{"amount":0},"pvEach":16},"quantityLimit":{"quantityQuota":-1,"timeFrameDays":-1,"quantityOrdered":0}}]},"currency":"EUR"},{"lines":{"items":[{"item":{"href":"https://hydraqa.unicity.net/v5a-test/items/fbb6dbd577adb73abaec364076fb288f","id":{"unicity":"32087"},"weightEach":{"value":600},"servingsPerContainer":10,"servingSize":0},"quantity":1,"terms":{"priceEach":20.47,"taxEach":{"amount":1.84},"discountEach":{"amount":0},"pvEach":9},"quantityLimit":{"quantityQuota":-1,"timeFrameDays":-1,"quantityOrdered":0}}]},"currency":"EUR"},{"lines":{"items":[{"item":{"href":"https://hydraqa.unicity.net/v5a-test/items/1f59b10f0bef99fa20e4b9b0b4efea88","id":{"unicity":"32333"},"weightEach":{"value":0},"servingsPerContainer":0,"servingSize":0},"quantity":1,"terms":{"priceEach":9.16,"taxEach":{"amount":1.92},"discountEach":{"amount":0},"pvEach":0},"quantityLimit":{"quantityQuota":-1,"timeFrameDays":-1,"quantityOrdered":0}}]},"currency":"EUR"},{"lines":{"items":[{"item":{"href":"https://hydraqa.unicity.net/v5a-test/items/592aef9ec417f4553dc0b62a91a1f5e0","id":{"unicity":"32330"},"weightEach":{"value":0},"servingsPerContainer":0,"servingSize":0},"quantity":1,"terms":{"priceEach":93.36,"taxEach":{"amount":8.4},"discountEach":{"amount":0},"pvEach":55},"quantityLimit":{"quantityQuota":-1,"timeFrameDays":-1,"quantityOrdered":0}}]},"currency":"EUR"},{"lines":{"items":[{"item":{"href":"https://hydraqa.unicity.net/v5a-test/items/87dd58dff9eb54a10b652443e7279a1e","id":{"unicity":"32693"},"weightEach":{"value":0},"servingsPerContainer":0,"servingSize":0},"quantity":1,"terms":{"priceEach":79.35,"taxEach":{"amount":7.14},"discountEach":{"amount":0},"pvEach":59},"quantityLimit":{"quantityQuota":-1,"timeFrameDays":-1,"quantityOrdered":0}}]},"currency":"EUR"},{"lines":{"items":[{"item":{"href":"https://hydraqa.unicity.net/v5a-test/items/1bd53de7fe880ba71f46c9976ca2c137","id":{"unicity":"27739"},"weightEach":{"value":0},"servingsPerContainer":0,"servingSize":0},"quantity":1,"terms":{"priceEach":37.29,"taxEach":{"amount":3.36},"discountEach":{"amount":0},"pvEach":23},"quantityLimit":{"quantityQuota":-1,"timeFrameDays":-1,"quantityOrdered":0}}]},"currency":"EUR"}]}
Entry request : {"order":{"customer":{"href":"https://hydraqa.unicity.net/v5a-test/customers?type=Associate"},"shipToAddress":{"country":"NL"}},"vary":{"lines":{"items":[{"item":{"href":"https://hydraqa.unicity.net/v5a-test/items?id.unicity=27160|31344|31343|31763|31951|31952|32128|32129|32130|32132|32133|32134|32135|32136|32137|32138|32125|32699|33092|33094|33093|18511|26422|27156|27158|27166|27617|27660|27585|27587|28601|28604|29838|31402|31772|31777|31780|31781|31782|31779|31932|31778|32556|29317|26371|32126|32127|29833|32755|32756|32967|32968|32965|32966|33097|33095|33098|33096|24274|24418|27150|27163|27575|27395|15880|26560|29017|26567|26568|24758|29821|32012|17174|29183|30280|29187|29191|30684|30198|31672|31534|29449|32087|32333|32330|32693|27739"}}]}}}
Total Pv Greater then 1000 - 1141
[https://hydraqa.unicity.net/v5a-test/items?id.unicity=32127, https://hydraqa.unicity.net/v5a-test/items?id.unicity=33096]
Request URL: https://hydraqa.unicity.net/v5a-test/customers.js?callback=angular.callbacks._1&expand=customer,profilePicture&id.unicity=2
Request URL: https://hydraqa.unicity.net/v5a-test/customers.js?_httpMethod=HEAD&callback=angular.callbacks._7&email=WGYJIO@gmail.com
Request URL: https://hydraqa.unicity.net/v5a-test/shippingmethods.js?callback=angular.callbacks._a&destination=NL&market=NL
]]></system-out>
    <system-err><![CDATA[Starting ChromeDriver 2.36.540470 (e522d04694c7ebea4ba8821272dbef4f9b818c91) on port 46365
Only local connections are allowed.
Oct 18, 2020 11:41:26 AM org.openqa.selenium.remote.ProtocolHandshake createSession
INFO: Detected dialect: OSS
]]></system-err>
  </testcase>
  <testcase name="Enroll" classname="Tests.FranchisePartner" time="211.623"/>
  <testcase name="Enroll" classname="Tests.FranchisePartner" time="98.255">
    <failure message="no such element: Unable to locate element: {&quot;method&quot;:&quot;xpath&quot;,&quot;selector&quot;:&quot;(//div[contains(@class,&apos;col-xs-5 text-right&apos;)])[5]&quot;}&#10;  (Session info: chrome=86.0.4240.75)&#10;  (Driver info: chromedriver=2.36.540470 (e522d04694c7ebea4ba8821272dbef4f9b818c91),platform=Windows NT 6.3.9600 x86_64) (WARNING: The server did not provide any stacktrace information)&#10;Command duration or timeout: 0 milliseconds&#10;For documentation on this error, please visit: http://seleniumhq.org/exceptions/no_such_element.html&#10;Build info: version: &apos;3.8.1&apos;, revision: &apos;6e95a6684b&apos;, time: &apos;2017-12-01T18:33:54.468Z&apos;&#10;System info: host: &apos;QASERVER01&apos;, ip: &apos;10.2.0.23&apos;, os.name: &apos;Windows Server 2012 R2&apos;, os.arch: &apos;amd64&apos;, os.version: &apos;6.3&apos;, java.version: &apos;1.8.0_111&apos;&#10;Driver info: org.openqa.selenium.chrome.ChromeDriver&#10;Capabilities {acceptInsecureCerts: false, acceptSslCerts: false, applicationCacheEnabled: false, browserConnectionEnabled: false, browserName: chrome, chrome: {chromedriverVersion: 2.36.540470 (e522d04694c7eb..., userDataDir: C:\Users\sumancb\AppData\Lo...}, cssSelectorsEnabled: true, databaseEnabled: false, handlesAlerts: true, hasTouchScreen: false, javascriptEnabled: true, locationContextEnabled: true, mobileEmulationEnabled: false, nativeEvents: true, networkConnectionEnabled: false, pageLoadStrategy: normal, platform: XP, platformName: XP, rotatable: false, setWindowRect: true, takesHeapSnapshot: true, takesScreenshot: true, unexpectedAlertBehaviour: , unhandledPromptBehavior: , version: 86.0.4240.75, webStorageEnabled: true}&#10;Session ID: 5ea0bc255d98e8997b00b66c15d93530&#10;*** Element info: {Using=xpath, value=(//div[contains(@class,&apos;col-xs-5 text-right&apos;)])[5]}" type="org.openqa.selenium.NoSuchElementException">org.openqa.selenium.NoSuchElementException: 
no such element: Unable to locate element: {"method":"xpath","selector":"(//div[contains(@class,'col-xs-5 text-right')])[5]"}
  (Session info: chrome=86.0.4240.75)
  (Driver info: chromedriver=2.36.540470 (e522d04694c7ebea4ba8821272dbef4f9b818c91),platform=Windows NT 6.3.9600 x86_64) (WARNING: The server did not provide any stacktrace information)
Command duration or timeout: 0 milliseconds
For documentation on this error, please visit: http://seleniumhq.org/exceptions/no_such_element.html
Build info: version: '3.8.1', revision: '6e95a6684b', time: '2017-12-01T18:33:54.468Z'
System info: host: 'QASERVER01', ip: '10.2.0.23', os.name: 'Windows Server 2012 R2', os.arch: 'amd64', os.version: '6.3', java.version: '1.8.0_111'
Driver info: org.openqa.selenium.chrome.ChromeDriver
Capabilities {acceptInsecureCerts: false, acceptSslCerts: false, applicationCacheEnabled: false, browserConnectionEnabled: false, browserName: chrome, chrome: {chromedriverVersion: 2.36.540470 (e522d04694c7eb..., userDataDir: C:\Users\sumancb\AppData\Lo...}, cssSelectorsEnabled: true, databaseEnabled: false, handlesAlerts: true, hasTouchScreen: false, javascriptEnabled: true, locationContextEnabled: true, mobileEmulationEnabled: false, nativeEvents: true, networkConnectionEnabled: false, pageLoadStrategy: normal, platform: XP, platformName: XP, rotatable: false, setWindowRect: true, takesHeapSnapshot: true, takesScreenshot: true, unexpectedAlertBehaviour: , unhandledPromptBehavior: , version: 86.0.4240.75, webStorageEnabled: true}
Session ID: 5ea0bc255d98e8997b00b66c15d93530
*** Element info: {Using=xpath, value=(//div[contains(@class,'col-xs-5 text-right')])[5]}
	at Tests.FranchisePartner.Enroll(FranchisePartner.java:253)
</failure>
    <system-out><![CDATA[Request URL: https://hydraqa.unicity.net/v5a-test/customers.js?callback=angular.callbacks._1&expand=customer,profilePicture&id.unicity=2
Request URL: https://hydraqa.unicity.net/v5a-test/customers.js?_httpMethod=HEAD&callback=angular.callbacks._7&email=MFMLDD@gmail.com
]]></system-out>
    <system-err><![CDATA[Starting ChromeDriver 2.36.540470 (e522d04694c7ebea4ba8821272dbef4f9b818c91) on port 2809
Only local connections are allowed.
Oct 18, 2020 11:49:54 AM org.openqa.selenium.remote.ProtocolHandshake createSession
INFO: Detected dialect: OSS
]]></system-err>
  </testcase>
  <testcase name="Enroll" classname="Tests.FranchisePartner" time="106.169">
    <failure message="Minor Lables expected [[Registrerings oppsett, Om deg, Personal Identification Number, Provisjons- og betalingsmuligheter, Ditt Unicity kontor]] but found [[Registrerings oppsett, Om deg, Fødselsnummer, Provisjons- og betalingsmuligheter, Ditt Unicity kontor]]" type="java.lang.AssertionError">java.lang.AssertionError: Minor Lables expected [[Registrerings oppsett, Om deg, Personal Identification Number, Provisjons- og betalingsmuligheter, Ditt Unicity kontor]] but found [[Registrerings oppsett, Om deg, Fødselsnummer, Provisjons- og betalingsmuligheter, Ditt Unicity kontor]]
	at Tests.FranchisePartner.Enroll(FranchisePartner.java:251)
</failure>
    <system-out><![CDATA[Request URL: https://hydraqa.unicity.net/v5a-test/quotes?&expand=item
Entry Quotes response : {"items":[{"lines":{"items":[{"item":{"href":"https://hydraqa.unicity.net/v5a-test/items/50e73ecfa509ac20c4a250f9cb32fdfc","id":{"unicity":"27156"},"weightEach":{"value":31},"servingsPerContainer":50,"servingSize":0},"quantity":1,"terms":{"priceEach":20.47,"taxEach":{"amount":0},"discountEach":{"amount":0},"pvEach":13},"quantityLimit":{"quantityQuota":-1,"timeFrameDays":-1,"quantityOrdered":0}}]},"currency":"EUR"},{"lines":{"items":[{"item":{"href":"https://hydraqa.unicity.net/v5a-test/items/d92292ba2f23c030e4a1f63eb3ebe1ce","id":{"unicity":"27158"},"weightEach":{"value":454},"servingsPerContainer":45,"servingSize":0},"quantity":1,"terms":{"priceEach":27.94,"taxEach":{"amount":0},"discountEach":{"amount":0},"pvEach":23},"quantityLimit":{"quantityQuota":-1,"timeFrameDays":-1,"quantityOrdered":0}}]},"currency":"EUR"},{"lines":{"items":[{"item":{"href":"https://hydraqa.unicity.net/v5a-test/items/0d3b8d4f7c4d4082db1b4ecffb6693fb","id":{"unicity":"27160"},"weightEach":{"value":435},"servingsPerContainer":60,"servingSize":0},"quantity":1,"terms":{"priceEach":74.67,"taxEach":{"amount":0},"discountEach":{"amount":0},"pvEach":53},"quantityLimit":{"quantityQuota":-1,"timeFrameDays":-1,"quantityOrdered":0}}]},"currency":"EUR"},{"lines":{"items":[{"item":{"href":"https://hydraqa.unicity.net/v5a-test/items/31cb0679f65df8fa9a4fc3d7e38b72b3","id":{"unicity":"31763"},"weightEach":{"value":0},"servingsPerContainer":0,"servingSize":0},"quantity":1,"terms":{"priceEach":243.3,"taxEach":{"amount":0},"discountEach":{"amount":0},"pvEach":181},"quantityLimit":{"quantityQuota":-1,"timeFrameDays":-1,"quantityOrdered":0}}]},"currency":"EUR"},{"lines":{"items":[{"item":{"href":"https://hydraqa.unicity.net/v5a-test/items/e9991b48ac639367d526d2b9b22fac8c","id":{"unicity":"32128"},"weightEach":{"value":0},"servingsPerContainer":0,"servingSize":0},"quantity":1,"terms":{"priceEach":371.87,"taxEach":{"amount":0},"discountEach":{"amount":0},"pvEach":253},"quantityLimit":{"quantityQuota":-1,"timeFrameDays":-1,"quantityOrdered":0}}]},"currency":"EUR"},{"lines":{"items":[{"item":{"href":"https://hydraqa.unicity.net/v5a-test/items/40b3312de189221d96d838d33a8ec49d","id":{"unicity":"32129"},"weightEach":{"value":0},"servingsPerContainer":0,"servingSize":0},"quantity":1,"terms":{"priceEach":371.87,"taxEach":{"amount":0},"discountEach":{"amount":0},"pvEach":254},"quantityLimit":{"quantityQuota":-1,"timeFrameDays":-1,"quantityOrdered":0}}]},"currency":"EUR"},{"lines":{"items":[{"item":{"href":"https://hydraqa.unicity.net/v5a-test/items/6bd168a66ce41003a8f30917deff5808","id":{"unicity":"32130"},"weightEach":{"value":0},"servingsPerContainer":0,"servingSize":0},"quantity":1,"terms":{"priceEach":363.46,"taxEach":{"amount":0},"discountEach":{"amount":0},"pvEach":252},"quantityLimit":{"quantityQuota":-1,"timeFrameDays":-1,"quantityOrdered":0}}]},"currency":"EUR"},{"lines":{"items":[{"item":{"href":"https://hydraqa.unicity.net/v5a-test/items/806f99b793edd7cd0b1c158ba0eb3142","id":{"unicity":"32132"},"weightEach":{"value":0},"servingsPerContainer":0,"servingSize":0},"quantity":1,"terms":{"priceEach":355.98,"taxEach":{"amount":0},"discountEach":{"amount":0},"pvEach":253},"quantityLimit":{"quantityQuota":-1,"timeFrameDays":-1,"quantityOrdered":0}}]},"currency":"EUR"},{"lines":{"items":[{"item":{"href":"https://hydraqa.unicity.net/v5a-test/items/e3d382d99fde8659cb146b54116e7654","id":{"unicity":"32133"},"weightEach":{"value":0},"servingsPerContainer":0,"servingSize":0},"quantity":1,"terms":{"priceEach":364.39,"taxEach":{"amount":0},"discountEach":{"amount":0},"pvEach":252},"quantityLimit":{"quantityQuota":-1,"timeFrameDays":-1,"quantityOrdered":0}}]},"currency":"EUR"},{"lines":{"items":[{"item":{"href":"https://hydraqa.unicity.net/v5a-test/items/022f109fe6e5eae3e521295a5cb94c60","id":{"unicity":"32134"},"weightEach":{"value":0},"servingsPerContainer":0,"servingSize":0},"quantity":1,"terms":{"priceEach":144.77,"taxEach":{"amount":0},"discountEach":{"amount":0},"pvEach":101},"quantityLimit":{"quantityQuota":-1,"timeFrameDays":-1,"quantityOrdered":0}}]},"currency":"EUR"},{"lines":{"items":[{"item":{"href":"https://hydraqa.unicity.net/v5a-test/items/ded00960d5e948dd8e511a9c752e1ff9","id":{"unicity":"32135"},"weightEach":{"value":0},"servingsPerContainer":0,"servingSize":0},"quantity":1,"terms":{"priceEach":154.11,"taxEach":{"amount":0},"discountEach":{"amount":0},"pvEach":113},"quantityLimit":{"quantityQuota":-1,"timeFrameDays":-1,"quantityOrdered":0}}]},"currency":"EUR"},{"lines":{"items":[{"item":{"href":"https://hydraqa.unicity.net/v5a-test/items/d8736cc35cf9f4734fd76da71c53dc05","id":{"unicity":"32136"},"weightEach":{"value":0},"servingsPerContainer":0,"servingSize":0},"quantity":1,"terms":{"priceEach":142.08,"taxEach":{"amount":0},"discountEach":{"amount":0},"pvEach":102},"quantityLimit":{"quantityQuota":-1,"timeFrameDays":-1,"quantityOrdered":0}}]},"currency":"EUR"},{"lines":{"items":[{"item":{"href":"https://hydraqa.unicity.net/v5a-test/items/166a69d45c4ae40278554e24d5f40443","id":{"unicity":"32137"},"weightEach":{"value":0},"servingsPerContainer":0,"servingSize":0},"quantity":1,"terms":{"priceEach":168.13,"taxEach":{"amount":0},"discountEach":{"amount":0},"pvEach":118},"quantityLimit":{"quantityQuota":-1,"timeFrameDays":-1,"quantityOrdered":0}}]},"currency":"EUR"},{"lines":{"items":[{"item":{"href":"https://hydraqa.unicity.net/v5a-test/items/d04a0b8762b20202b6273114fb7302d1","id":{"unicity":"32138"},"weightEach":{"value":0},"servingsPerContainer":0,"servingSize":0},"quantity":1,"terms":{"priceEach":224.21,"taxEach":{"amount":0},"discountEach":{"amount":0},"pvEach":152},"quantityLimit":{"quantityQuota":-1,"timeFrameDays":-1,"quantityOrdered":0}}]},"currency":"EUR"},{"lines":{"items":[{"item":{"href":"https://hydraqa.unicity.net/v5a-test/items/e13d0b5c40704ad5dd186959367c97f1","id":{"unicity":"32125"},"weightEach":{"value":0},"servingsPerContainer":0,"servingSize":0},"quantity":1,"terms":{"priceEach":373.74,"taxEach":{"amount":0},"discountEach":{"amount":0},"pvEach":250},"quantityLimit":{"quantityQuota":-1,"timeFrameDays":-1,"quantityOrdered":0}}]},"currency":"EUR"},{"lines":{"items":[{"item":{"href":"https://hydraqa.unicity.net/v5a-test/items/def68d31fb89b7c22a71f384e32f03d7","id":{"unicity":"32699"},"weightEach":{"value":0},"servingsPerContainer":0,"servingSize":0},"quantity":1,"terms":{"priceEach":284.14,"taxEach":{"amount":0},"discountEach":{"amount":0},"pvEach":200},"quantityLimit":{"quantityQuota":-1,"timeFrameDays":-1,"quantityOrdered":0}}]},"currency":"EUR"},{"lines":{"items":[{"item":{"href":"https://hydraqa.unicity.net/v5a-test/items/b23be76d5816f93f8e9b7ab0665d5021","id":{"unicity":"33092"},"weightEach":{"value":0},"servingsPerContainer":0,"servingSize":0},"quantity":1,"terms":{"priceEach":149.34,"taxEach":{"amount":0},"discountEach":{"amount":0},"pvEach":108},"quantityLimit":{"quantityQuota":-1,"timeFrameDays":-1,"quantityOrdered":0}}]},"currency":"EUR"},{"lines":{"items":[{"item":{"href":"https://hydraqa.unicity.net/v5a-test/items/287b72c2933e3afabdea942bd11bfab9","id":{"unicity":"33093"},"weightEach":{"value":0},"servingsPerContainer":0,"servingSize":0},"quantity":1,"terms":{"priceEach":162.54,"taxEach":{"amount":0},"discountEach":{"amount":0},"pvEach":105},"quantityLimit":{"quantityQuota":-1,"timeFrameDays":-1,"quantityOrdered":0}}]},"currency":"EUR"},{"lines":{"items":[{"item":{"href":"https://hydraqa.unicity.net/v5a-test/items/c451532f63a06f0e9a054e946a1a1c3b","id":{"unicity":"18511"},"weightEach":{"value":50},"servingsPerContainer":30,"servingSize":0},"quantity":1,"terms":{"priceEach":37.29,"taxEach":{"amount":0},"discountEach":{"amount":0},"pvEach":23},"quantityLimit":{"quantityQuota":-1,"timeFrameDays":-1,"quantityOrdered":0}}]},"currency":"EUR"},{"lines":{"items":[{"item":{"href":"https://hydraqa.unicity.net/v5a-test/items/4e49c95f12ae7be78e5ffab68b8b3ca6","id":{"unicity":"26422"},"weightEach":{"value":92},"servingsPerContainer":30,"servingSize":0},"quantity":1,"terms":{"priceEach":19,"taxEach":{"amount":0},"discountEach":{"amount":0},"pvEach":16},"quantityLimit":{"quantityQuota":-1,"timeFrameDays":-1,"quantityOrdered":0}}]},"currency":"EUR"},{"lines":{"items":[{"item":{"href":"https://hydraqa.unicity.net/v5a-test/items/ac37bf51ff7e4fe860da8457f6ce0425","id":{"unicity":"27166"},"weightEach":{"value":270},"servingsPerContainer":30,"servingSize":0},"quantity":1,"terms":{"priceEach":74.67,"taxEach":{"amount":0},"discountEach":{"amount":0},"pvEach":54},"quantityLimit":{"quantityQuota":-1,"timeFrameDays":-1,"quantityOrdered":0}}]},"currency":"EUR"},{"lines":{"items":[{"item":{"href":"https://hydraqa.unicity.net/v5a-test/items/a7bda1cb4a35343e52791aba56debc4a","id":{"unicity":"27617"},"weightEach":{"value":22.62},"servingsPerContainer":30,"servingSize":0},"quantity":1,"terms":{"priceEach":29.81,"taxEach":{"amount":0},"discountEach":{"amount":0},"pvEach":18},"quantityLimit":{"quantityQuota":-1,"timeFrameDays":-1,"quantityOrdered":0}}]},"currency":"EUR"},{"lines":{"items":[{"item":{"href":"https://hydraqa.unicity.net/v5a-test/items/a36d9fdd0fd7561e6180fb5b2ff27164","id":{"unicity":"27660"},"weightEach":{"value":129},"servingsPerContainer":15,"servingSize":0},"quantity":1,"terms":{"priceEach":40.09,"taxEach":{"amount":0},"discountEach":{"amount":0},"pvEach":25},"quantityLimit":{"quantityQuota":-1,"timeFrameDays":-1,"quantityOrdered":0}}]},"currency":"EUR"},{"lines":{"items":[{"item":{"href":"https://hydraqa.unicity.net/v5a-test/items/9a6e1d094182389c3da8e0a320ff0e00","id":{"unicity":"27585"},"weightEach":{"value":0},"servingsPerContainer":0,"servingSize":0},"quantity":1,"terms":{"priceEach":61.81,"taxEach":{"amount":0},"discountEach":{"amount":0},"pvEach":36},"quantityLimit":{"quantityQuota":-1,"timeFrameDays":-1,"quantityOrdered":0}}]},"currency":"EUR"},{"lines":{"items":[{"item":{"href":"https://hydraqa.unicity.net/v5a-test/items/112b8c39286598b3730f630f371a45f4","id":{"unicity":"27587"},"weightEach":{"value":690},"servingsPerContainer":30,"servingSize":0},"quantity":1,"terms":{"priceEach":55.98,"taxEach":{"amount":0},"discountEach":{"amount":0},"pvEach":34},"quantityLimit":{"quantityQuota":-1,"timeFrameDays":-1,"quantityOrdered":0}}]},"currency":"EUR"},{"lines":{"items":[{"item":{"href":"https://hydraqa.unicity.net/v5a-test/items/0c0717a26fcfe40310e906487e8a12f7","id":{"unicity":"28601"},"weightEach":{"value":270},"servingsPerContainer":30,"servingSize":0},"quantity":1,"terms":{"priceEach":74.67,"taxEach":{"amount":0},"discountEach":{"amount":0},"pvEach":54},"quantityLimit":{"quantityQuota":-1,"timeFrameDays":-1,"quantityOrdered":0}}]},"currency":"EUR"},{"lines":{"items":[{"item":{"href":"https://hydraqa.unicity.net/v5a-test/items/4790a55c442b5dc75a13b155e78c1842","id":{"unicity":"28604"},"weightEach":{"value":0},"servingsPerContainer":0,"servingSize":0},"quantity":1,"terms":{"priceEach":74.67,"taxEach":{"amount":0},"discountEach":{"amount":0},"pvEach":54},"quantityLimit":{"quantityQuota":-1,"timeFrameDays":-1,"quantityOrdered":0}}]},"currency":"EUR"},{"lines":{"items":[{"item":{"href":"https://hydraqa.unicity.net/v5a-test/items/11fac1643721516cbf646365d88b73cd","id":{"unicity":"29838"},"weightEach":{"value":0},"servingsPerContainer":0,"servingSize":0},"quantity":1,"terms":{"priceEach":112.36,"taxEach":{"amount":0},"discountEach":{"amount":0},"pvEach":86},"quantityLimit":{"quantityQuota":-1,"timeFrameDays":-1,"quantityOrdered":0}}]},"currency":"EUR"},{"lines":{"items":[{"item":{"href":"https://hydraqa.unicity.net/v5a-test/items/db0a2b02eaabc5ad45fe91ba5c7bcf5a","id":{"unicity":"31772"},"weightEach":{"value":0},"servingsPerContainer":0,"servingSize":0},"quantity":1,"terms":{"priceEach":8.32,"taxEach":{"amount":0},"discountEach":{"amount":0},"pvEach":0},"quantityLimit":{"quantityQuota":-1,"timeFrameDays":-1,"quantityOrdered":0}}]},"currency":"EUR"},{"lines":{"items":[{"item":{"href":"https://hydraqa.unicity.net/v5a-test/items/34c8c6b0f454da738e64265f08c57a72","id":{"unicity":"31777"},"weightEach":{"value":100},"servingsPerContainer":0,"servingSize":0},"quantity":1,"terms":{"priceEach":6.22,"taxEach":{"amount":0},"discountEach":{"amount":0},"pvEach":3},"quantityLimit":{"quantityQuota":-1,"timeFrameDays":-1,"quantityOrdered":0}}]},"currency":"EUR"},{"lines":{"items":[{"item":{"href":"https://hydraqa.unicity.net/v5a-test/items/fc8583e3bf463b599fdcce05234bc137","id":{"unicity":"31780"},"weightEach":{"value":275},"servingsPerContainer":0,"servingSize":0},"quantity":1,"terms":{"priceEach":8.32,"taxEach":{"amount":0},"discountEach":{"amount":0},"pvEach":4},"quantityLimit":{"quantityQuota":-1,"timeFrameDays":-1,"quantityOrdered":0}}]},"currency":"EUR"},{"lines":{"items":[{"item":{"href":"https://hydraqa.unicity.net/v5a-test/items/7e80331c8c25f515174d3f894283a27c","id":{"unicity":"31781"},"weightEach":{"value":275},"servingsPerContainer":0,"servingSize":0},"quantity":1,"terms":{"priceEach":8.32,"taxEach":{"amount":0},"discountEach":{"amount":0},"pvEach":4},"quantityLimit":{"quantityQuota":-1,"timeFrameDays":-1,"quantityOrdered":0}}]},"currency":"EUR"},{"lines":{"items":[{"item":{"href":"https://hydraqa.unicity.net/v5a-test/items/8d3854b47de8e45d6fcdc194dffff601","id":{"unicity":"31782"},"weightEach":{"value":50},"servingsPerContainer":0,"servingSize":0},"quantity":1,"terms":{"priceEach":12.52,"taxEach":{"amount":0},"discountEach":{"amount":0},"pvEach":6},"quantityLimit":{"quantityQuota":-1,"timeFrameDays":-1,"quantityOrdered":0}}]},"currency":"EUR"},{"lines":{"items":[{"item":{"href":"https://hydraqa.unicity.net/v5a-test/items/04516be30bd9bf93e01536e7fc8f8716","id":{"unicity":"31779"},"weightEach":{"value":350},"servingsPerContainer":0,"servingSize":0},"quantity":1,"terms":{"priceEach":10,"taxEach":{"amount":0},"discountEach":{"amount":0},"pvEach":5},"quantityLimit":{"quantityQuota":-1,"timeFrameDays":-1,"quantityOrdered":0}}]},"currency":"EUR"},{"lines":{"items":[{"item":{"href":"https://hydraqa.unicity.net/v5a-test/items/d7e1dd4b19a8672aed99e591356c0d48","id":{"unicity":"31932"},"weightEach":{"value":180},"servingsPerContainer":0,"servingSize":0},"quantity":1,"terms":{"priceEach":6.22,"taxEach":{"amount":0},"discountEach":{"amount":0},"pvEach":3},"quantityLimit":{"quantityQuota":-1,"timeFrameDays":-1,"quantityOrdered":0}}]},"currency":"EUR"},{"lines":{"items":[{"item":{"href":"https://hydraqa.unicity.net/v5a-test/items/1aa00306dc0006d365acd7436548f2e6","id":{"unicity":"31778"},"weightEach":{"value":350},"servingsPerContainer":0,"servingSize":0},"quantity":1,"terms":{"priceEach":12.52,"taxEach":{"amount":0},"discountEach":{"amount":0},"pvEach":6},"quantityLimit":{"quantityQuota":-1,"timeFrameDays":-1,"quantityOrdered":0}}]},"currency":"EUR"},{"lines":{"items":[{"item":{"href":"https://hydraqa.unicity.net/v5a-test/items/4fc6de0cb7817f39a836ff08609b8539","id":{"unicity":"32556"},"weightEach":{"value":0},"servingsPerContainer":0,"servingSize":0},"quantity":1,"terms":{"priceEach":2.44,"taxEach":{"amount":0},"discountEach":{"amount":0},"pvEach":0},"quantityLimit":{"quantityQuota":-1,"timeFrameDays":-1,"quantityOrdered":0}}]},"currency":"EUR"},{"lines":{"items":[{"item":{"href":"https://hydraqa.unicity.net/v5a-test/items/2262fdd5af916c31df08089c191735c1","id":{"unicity":"29317"},"weightEach":{"value":0},"servingsPerContainer":0,"servingSize":0},"quantity":1,"terms":{"priceEach":25.21,"taxEach":{"amount":0},"discountEach":{"amount":0},"pvEach":0},"quantityLimit":{"quantityQuota":-1,"timeFrameDays":-1,"quantityOrdered":0}}]},"currency":"EUR"},{"lines":{"items":[{"item":{"href":"https://hydraqa.unicity.net/v5a-test/items/7d4ad2792f7056e5f81eb24f118ef737","id":{"unicity":"27575"},"weightEach":{"value":1104},"servingsPerContainer":30,"servingSize":0},"quantity":1,"terms":{"priceEach":55.98,"taxEach":{"amount":0},"discountEach":{"amount":0},"pvEach":34},"quantityLimit":{"quantityQuota":-1,"timeFrameDays":-1,"quantityOrdered":0}}]},"currency":"EUR"},{"lines":{"items":[{"item":{"href":"https://hydraqa.unicity.net/v5a-test/items/10df0fc3509b53cbeaeb9476ca92d520","id":{"unicity":"29833"},"weightEach":{"value":0},"servingsPerContainer":0,"servingSize":0},"quantity":1,"terms":{"priceEach":90.56,"taxEach":{"amount":0},"discountEach":{"amount":0},"pvEach":69},"quantityLimit":{"quantityQuota":-1,"timeFrameDays":-1,"quantityOrdered":0}}]},"currency":"EUR"},{"lines":{"items":[{"item":{"href":"https://hydraqa.unicity.net/v5a-test/items/217ca02fbd24e21ca5281412756238ab","id":{"unicity":"32126"},"weightEach":{"value":0},"servingsPerContainer":0,"servingSize":0},"quantity":1,"terms":{"priceEach":152.24,"taxEach":{"amount":0},"discountEach":{"amount":0},"pvEach":101},"quantityLimit":{"quantityQuota":-1,"timeFrameDays":-1,"quantityOrdered":0}}]},"currency":"EUR"},{"lines":{"items":[{"item":{"href":"https://hydraqa.unicity.net/v5a-test/items/808008a0657d2033ad471c39bbce9891","id":{"unicity":"32127"},"weightEach":{"value":0},"servingsPerContainer":0,"servingSize":0},"quantity":1,"terms":{"priceEach":162.34,"taxEach":{"amount":0},"discountEach":{"amount":0},"pvEach":113},"quantityLimit":{"quantityQuota":-1,"timeFrameDays":-1,"quantityOrdered":0}}]},"currency":"EUR"},{"lines":{"items":[{"item":{"href":"https://hydraqa.unicity.net/v5a-test/items/b90fda77fbdf07131e0e60b87941cf76","id":{"unicity":"32755"},"weightEach":{"value":0},"servingsPerContainer":0,"servingSize":0},"quantity":1,"terms":{"priceEach":758.54,"taxEach":{"amount":0},"discountEach":{"amount":0},"pvEach":503},"quantityLimit":{"quantityQuota":-1,"timeFrameDays":-1,"quantityOrdered":0}}]},"currency":"EUR"},{"lines":{"items":[{"item":{"href":"https://hydraqa.unicity.net/v5a-test/items/2faa0a2bcdeed39b7569e085fe880a23","id":{"unicity":"33097"},"weightEach":{"value":0},"servingsPerContainer":0,"servingSize":0},"quantity":1,"terms":{"priceEach":703.21,"taxEach":{"amount":0},"discountEach":{"amount":0},"pvEach":500},"quantityLimit":{"quantityQuota":-1,"timeFrameDays":-1,"quantityOrdered":0}}]},"currency":"EUR"},{"lines":{"items":[{"item":{"href":"https://hydraqa.unicity.net/v5a-test/items/3196d0b751f9119076e364a1cb03fa18","id":{"unicity":"33095"},"weightEach":{"value":0},"servingsPerContainer":0,"servingSize":0},"quantity":1,"terms":{"priceEach":740.99,"taxEach":{"amount":0},"discountEach":{"amount":0},"pvEach":514},"quantityLimit":{"quantityQuota":-1,"timeFrameDays":-1,"quantityOrdered":0}}]},"currency":"EUR"},{"lines":{"items":[{"item":{"href":"https://hydraqa.unicity.net/v5a-test/items/332daeac6796ed016ea8b7d0bc42c2d4","id":{"unicity":"24274"},"weightEach":{"value":0},"servingsPerContainer":0,"servingSize":0},"quantity":1,"terms":{"priceEach":7.48,"taxEach":{"amount":0},"discountEach":{"amount":0},"pvEach":0},"quantityLimit":{"quantityQuota":-1,"timeFrameDays":-1,"quantityOrdered":0}}]},"currency":"EUR"},{"lines":{"items":[{"item":{"href":"https://hydraqa.unicity.net/v5a-test/items/1945faa1776541d53120ecfe3c1d8a2b","id":{"unicity":"24418"},"weightEach":{"value":0},"servingsPerContainer":0,"servingSize":0},"quantity":1,"terms":{"priceEach":4.96,"taxEach":{"amount":0},"discountEach":{"amount":0},"pvEach":0},"quantityLimit":{"quantityQuota":-1,"timeFrameDays":-1,"quantityOrdered":0}}]},"currency":"EUR"},{"lines":{"items":[{"item":{"href":"https://hydraqa.unicity.net/v5a-test/items/5147f8cfe32548e02fc158d4da9c4d6f","id":{"unicity":"27150"},"weightEach":{"value":0},"servingsPerContainer":0,"servingSize":0},"quantity":1,"terms":{"priceEach":93.36,"taxEach":{"amount":0},"discountEach":{"amount":0},"pvEach":70},"quantityLimit":{"quantityQuota":-1,"timeFrameDays":-1,"quantityOrdered":0}}]},"currency":"EUR"},{"lines":{"items":[{"item":{"href":"https://hydraqa.unicity.net/v5a-test/items/03eba2365025ccd85818846a83a16f47","id":{"unicity":"27163"},"weightEach":{"value":258},"servingsPerContainer":30,"servingSize":0},"quantity":1,"terms":{"priceEach":74.67,"taxEach":{"amount":0},"discountEach":{"amount":0},"pvEach":54},"quantityLimit":{"quantityQuota":-1,"timeFrameDays":-1,"quantityOrdered":0}}]},"currency":"EUR"},{"lines":{"items":[{"item":{"href":"https://hydraqa.unicity.net/v5a-test/items/024e696f8b44a1d315006e676604cd31","id":{"unicity":"27395"},"weightEach":{"value":210},"servingsPerContainer":30,"servingSize":0},"quantity":1,"terms":{"priceEach":29.81,"taxEach":{"amount":0},"discountEach":{"amount":0},"pvEach":18},"quantityLimit":{"quantityQuota":-1,"timeFrameDays":-1,"quantityOrdered":0}}]},"currency":"EUR"},{"lines":{"items":[{"item":{"href":"https://hydraqa.unicity.net/v5a-test/items/4b2034f47fce90b87bba28c5c2d7c25d","id":{"unicity":"15880"},"weightEach":{"value":51.5},"servingsPerContainer":90,"servingSize":0},"quantity":1,"terms":{"priceEach":51.31,"taxEach":{"amount":0},"discountEach":{"amount":0},"pvEach":33},"quantityLimit":{"quantityQuota":-1,"timeFrameDays":-1,"quantityOrdered":0}}]},"currency":"EUR"},{"lines":{"items":[{"item":{"href":"https://hydraqa.unicity.net/v5a-test/items/398d06b858b960f6f38086d40608aef2","id":{"unicity":"26560"},"weightEach":{"value":60},"servingsPerContainer":30,"servingSize":0},"quantity":1,"terms":{"priceEach":20.47,"taxEach":{"amount":0},"discountEach":{"amount":0},"pvEach":13},"quantityLimit":{"quantityQuota":-1,"timeFrameDays":-1,"quantityOrdered":0}}]},"currency":"EUR"},{"lines":{"items":[{"item":{"href":"https://hydraqa.unicity.net/v5a-test/items/e218d1cac5f31e7ae4f5876c29c57377","id":{"unicity":"29017"},"weightEach":{"value":52.8},"servingsPerContainer":60,"servingSize":0},"quantity":1,"terms":{"priceEach":37.29,"taxEach":{"amount":0},"discountEach":{"amount":0},"pvEach":23},"quantityLimit":{"quantityQuota":-1,"timeFrameDays":-1,"quantityOrdered":0}}]},"currency":"EUR"},{"lines":{"items":[{"item":{"href":"https://hydraqa.unicity.net/v5a-test/items/3f2d12d7a0e8551fc99fad3bbe1ba633","id":{"unicity":"26567"},"weightEach":{"value":173.46},"servingsPerContainer":60,"servingSize":0},"quantity":1,"terms":{"priceEach":55.98,"taxEach":{"amount":0},"discountEach":{"amount":0},"pvEach":26},"quantityLimit":{"quantityQuota":-1,"timeFrameDays":-1,"quantityOrdered":0}}]},"currency":"EUR"},{"lines":{"items":[{"item":{"href":"https://hydraqa.unicity.net/v5a-test/items/64ec7ad932acafab052a4e8800ad1238","id":{"unicity":"24758"},"weightEach":{"value":26.89},"servingsPerContainer":30,"servingSize":0},"quantity":1,"terms":{"priceEach":37.29,"taxEach":{"amount":0},"discountEach":{"amount":0},"pvEach":23},"quantityLimit":{"quantityQuota":-1,"timeFrameDays":-1,"quantityOrdered":0}}]},"currency":"EUR"},{"lines":{"items":[{"item":{"href":"https://hydraqa.unicity.net/v5a-test/items/606f7be753c74dfbfe4b107276775140","id":{"unicity":"29821"},"weightEach":{"value":133.5},"servingsPerContainer":30,"servingSize":0},"quantity":1,"terms":{"priceEach":79.35,"taxEach":{"amount":0},"discountEach":{"amount":0},"pvEach":59},"quantityLimit":{"quantityQuota":-1,"timeFrameDays":-1,"quantityOrdered":0}}]},"currency":"EUR"},{"lines":{"items":[{"item":{"href":"https://hydraqa.unicity.net/v5a-test/items/94939f9be900906d2b47260ccba22a7b","id":{"unicity":"32012"},"weightEach":{"value":420},"servingsPerContainer":20,"servingSize":0},"quantity":1,"terms":{"priceEach":13.93,"taxEach":{"amount":0},"discountEach":{"amount":0},"pvEach":6},"quantityLimit":{"quantityQuota":-1,"timeFrameDays":-1,"quantityOrdered":0}}]},"currency":"EUR"},{"lines":{"items":[{"item":{"href":"https://hydraqa.unicity.net/v5a-test/items/2c4c1abe00983e85aaa918d2ce341491","id":{"unicity":"17174"},"weightEach":{"value":49.72},"servingsPerContainer":100,"servingSize":0},"quantity":1,"terms":{"priceEach":37.29,"taxEach":{"amount":0},"discountEach":{"amount":0},"pvEach":23},"quantityLimit":{"quantityQuota":-1,"timeFrameDays":-1,"quantityOrdered":0}}]},"currency":"EUR"},{"lines":{"items":[{"item":{"href":"https://hydraqa.unicity.net/v5a-test/items/991cdbb84a495779eb209fb3956a77e4","id":{"unicity":"29183"},"weightEach":{"value":50},"servingsPerContainer":0,"servingSize":0},"quantity":1,"terms":{"priceEach":31.01,"taxEach":{"amount":0},"discountEach":{"amount":0},"pvEach":18},"quantityLimit":{"quantityQuota":-1,"timeFrameDays":-1,"quantityOrdered":0}}]},"currency":"EUR"},{"lines":{"items":[{"item":{"href":"https://hydraqa.unicity.net/v5a-test/items/0e78fbdfebef11cd62f8d2120064ee58","id":{"unicity":"30280"},"weightEach":{"value":30},"servingsPerContainer":0,"servingSize":0},"quantity":1,"terms":{"priceEach":33.53,"taxEach":{"amount":0},"discountEach":{"amount":0},"pvEach":20},"quantityLimit":{"quantityQuota":-1,"timeFrameDays":-1,"quantityOrdered":0}}]},"currency":"EUR"},{"lines":{"items":[{"item":{"href":"https://hydraqa.unicity.net/v5a-test/items/beb900429fbb160dbfc3001c14d96df4","id":{"unicity":"29187"},"weightEach":{"value":30},"servingsPerContainer":0,"servingSize":0},"quantity":1,"terms":{"priceEach":37.73,"taxEach":{"amount":0},"discountEach":{"amount":0},"pvEach":24},"quantityLimit":{"quantityQuota":-1,"timeFrameDays":-1,"quantityOrdered":0}}]},"currency":"EUR"},{"lines":{"items":[{"item":{"href":"https://hydraqa.unicity.net/v5a-test/items/1b0412bea8c0b841c66f65a36aa14108","id":{"unicity":"29191"},"weightEach":{"value":30},"servingsPerContainer":0,"servingSize":0},"quantity":1,"terms":{"priceEach":37.73,"taxEach":{"amount":0},"discountEach":{"amount":0},"pvEach":24},"quantityLimit":{"quantityQuota":-1,"timeFrameDays":-1,"quantityOrdered":0}}]},"currency":"EUR"},{"lines":{"items":[{"item":{"href":"https://hydraqa.unicity.net/v5a-test/items/52c87f74d3b41ed49b0f897b66c2a99b","id":{"unicity":"30684"},"weightEach":{"value":450},"servingsPerContainer":30,"servingSize":0},"quantity":1,"terms":{"priceEach":37.29,"taxEach":{"amount":0},"discountEach":{"amount":0},"pvEach":23},"quantityLimit":{"quantityQuota":-1,"timeFrameDays":-1,"quantityOrdered":0}}]},"currency":"EUR"},{"lines":{"items":[{"item":{"href":"https://hydraqa.unicity.net/v5a-test/items/90f38f77c9e6ea5a71aa7377df83760b","id":{"unicity":"30198"},"weightEach":{"value":0},"servingsPerContainer":0,"servingSize":0},"quantity":1,"terms":{"priceEach":19,"taxEach":{"amount":0},"discountEach":{"amount":0},"pvEach":16},"quantityLimit":{"quantityQuota":-1,"timeFrameDays":-1,"quantityOrdered":0}}]},"currency":"EUR"},{"lines":{"items":[{"item":{"href":"https://hydraqa.unicity.net/v5a-test/items/ab2a2b07b17718843a66bee04ff40624","id":{"unicity":"31402"},"weightEach":{"value":477},"servingsPerContainer":30,"servingSize":0},"quantity":1,"terms":{"priceEach":92.43,"taxEach":{"amount":0},"discountEach":{"amount":0},"pvEach":70},"quantityLimit":{"quantityQuota":-1,"timeFrameDays":-1,"quantityOrdered":0}}]},"currency":"EUR"},{"lines":{"items":[{"item":{"href":"https://hydraqa.unicity.net/v5a-test/items/7e5e7df32701fd44947c8146f2129f7a","id":{"unicity":"31672"},"weightEach":{"value":270},"servingsPerContainer":15,"servingSize":0},"quantity":1,"terms":{"priceEach":74.67,"taxEach":{"amount":0},"discountEach":{"amount":0},"pvEach":54},"quantityLimit":{"quantityQuota":-1,"timeFrameDays":-1,"quantityOrdered":0}}]},"currency":"EUR"},{"lines":{"items":[{"item":{"href":"https://hydraqa.unicity.net/v5a-test/items/493c2ba720f847422eccc5da35024f33","id":{"unicity":"31534"},"weightEach":{"value":95},"servingsPerContainer":60,"servingSize":0},"quantity":1,"terms":{"priceEach":26.07,"taxEach":{"amount":0},"discountEach":{"amount":0},"pvEach":16},"quantityLimit":{"quantityQuota":-1,"timeFrameDays":-1,"quantityOrdered":0}}]},"currency":"EUR"},{"lines":{"items":[{"item":{"href":"https://hydraqa.unicity.net/v5a-test/items/bfddb53fe0d5ed5432c531dc9850cbe4","id":{"unicity":"29449"},"weightEach":{"value":60},"servingsPerContainer":30,"servingSize":0},"quantity":1,"terms":{"priceEach":26.07,"taxEach":{"amount":0},"discountEach":{"amount":0},"pvEach":16},"quantityLimit":{"quantityQuota":-1,"timeFrameDays":-1,"quantityOrdered":0}}]},"currency":"EUR"},{"lines":{"items":[{"item":{"href":"https://hydraqa.unicity.net/v5a-test/items/fbb6dbd577adb73abaec364076fb288f","id":{"unicity":"32087"},"weightEach":{"value":600},"servingsPerContainer":10,"servingSize":0},"quantity":1,"terms":{"priceEach":20.47,"taxEach":{"amount":0},"discountEach":{"amount":0},"pvEach":9},"quantityLimit":{"quantityQuota":-1,"timeFrameDays":-1,"quantityOrdered":0}}]},"currency":"EUR"},{"lines":{"items":[{"item":{"href":"https://hydraqa.unicity.net/v5a-test/items/1f59b10f0bef99fa20e4b9b0b4efea88","id":{"unicity":"32333"},"weightEach":{"value":0},"servingsPerContainer":0,"servingSize":0},"quantity":1,"terms":{"priceEach":9.16,"taxEach":{"amount":0},"discountEach":{"amount":0},"pvEach":0},"quantityLimit":{"quantityQuota":-1,"timeFrameDays":-1,"quantityOrdered":0}}]},"currency":"EUR"},{"lines":{"items":[{"item":{"href":"https://hydraqa.unicity.net/v5a-test/items/592aef9ec417f4553dc0b62a91a1f5e0","id":{"unicity":"32330"},"weightEach":{"value":0},"servingsPerContainer":0,"servingSize":0},"quantity":1,"terms":{"priceEach":93.36,"taxEach":{"amount":0},"discountEach":{"amount":0},"pvEach":55},"quantityLimit":{"quantityQuota":-1,"timeFrameDays":-1,"quantityOrdered":0}}]},"currency":"EUR"},{"lines":{"items":[{"item":{"href":"https://hydraqa.unicity.net/v5a-test/items/87dd58dff9eb54a10b652443e7279a1e","id":{"unicity":"32693"},"weightEach":{"value":0},"servingsPerContainer":0,"servingSize":0},"quantity":1,"terms":{"priceEach":79.35,"taxEach":{"amount":0},"discountEach":{"amount":0},"pvEach":59},"quantityLimit":{"quantityQuota":-1,"timeFrameDays":-1,"quantityOrdered":0}}]},"currency":"EUR"},{"lines":{"items":[{"item":{"href":"https://hydraqa.unicity.net/v5a-test/items/1bd53de7fe880ba71f46c9976ca2c137","id":{"unicity":"27739"},"weightEach":{"value":0},"servingsPerContainer":0,"servingSize":0},"quantity":1,"terms":{"priceEach":37.29,"taxEach":{"amount":0},"discountEach":{"amount":0},"pvEach":23},"quantityLimit":{"quantityQuota":-1,"timeFrameDays":-1,"quantityOrdered":0}}]},"currency":"EUR"}]}
Entry request : {"order":{"customer":{"href":"https://hydraqa.unicity.net/v5a-test/customers?type=Associate"},"shipToAddress":{"country":"NO"}},"vary":{"lines":{"items":[{"item":{"href":"https://hydraqa.unicity.net/v5a-test/items?id.unicity=27156|27158|27160|31763|31951|31952|32128|32129|32130|32132|32133|32134|32135|32136|32137|32138|32125|32699|33092|33094|33093|18511|26422|27166|27617|27660|27585|27587|28601|28604|29838|31772|31777|31780|31781|31782|31779|31932|31778|32556|29317|27575|29833|32126|32127|32755|32967|32968|32965|32966|33097|33095|24274|24418|27150|27163|27395|15880|26560|29017|26567|24758|29821|32012|17174|29183|30280|29187|29191|30684|30198|31402|31672|31534|29449|32087|32333|32330|32693|27739"}}]}}}
]]></system-out>
    <system-err><![CDATA[Starting ChromeDriver 2.36.540470 (e522d04694c7ebea4ba8821272dbef4f9b818c91) on port 38402
Only local connections are allowed.
Oct 18, 2020 11:51:40 AM org.openqa.selenium.remote.ProtocolHandshake createSession
INFO: Detected dialect: OSS
]]></system-err>
  </testcase>
  <testcase name="Enroll" classname="Tests.FranchisePartner" time="229.95"/>
  <testcase name="Enroll" classname="Tests.FranchisePartner" time="239.635"/>
  <testcase name="Enroll" classname="Tests.FranchisePartner" time="149.904">
    <failure message="Minor Lables expected [[Configuración de inscripción, Su Información, Co-solicitante (opcional), Unicity Office]] but found [[Configuración de inscripción, Su Información, Co-solicitante (opcional), Unicity Oficina]]" type="java.lang.AssertionError">java.lang.AssertionError: Minor Lables expected [[Configuración de inscripción, Su Información, Co-solicitante (opcional), Unicity Office]] but found [[Configuración de inscripción, Su Información, Co-solicitante (opcional), Unicity Oficina]]
	at Tests.FranchisePartner.Enroll(FranchisePartner.java:251)
</failure>
    <system-out><![CDATA[Request URL: https://hydraqa.unicity.net/v5a-test/quotes?&expand=item
Entry Quotes response : {"items":[{"lines":{"items":[{"item":{"href":"https://hydraqa.unicity.net/v5a-test/items/051e765a5a71835a859c2757edd359f0","id":{"unicity":"26580"}},"quantity":1,"terms":{"priceEach":195,"taxEach":{"amount":0},"discountEach":{"amount":0},"pvEach":130},"quantityLimit":{"quantityQuota":-1,"timeFrameDays":-1,"quantityOrdered":0}}]},"currency":"USD"},{"lines":{"items":[{"item":{"href":"https://hydraqa.unicity.net/v5a-test/items/90d5ee3af77bdc64ecf28a45b604bf3d","id":{"unicity":"31441"}},"quantity":1,"terms":{"priceEach":40,"taxEach":{"amount":0},"discountEach":{"amount":0},"pvEach":0},"quantityLimit":{"quantityQuota":-1,"timeFrameDays":-1,"quantityOrdered":0}}]},"currency":"USD"},{"lines":{"items":[{"item":{"href":"https://hydraqa.unicity.net/v5a-test/items/cf8460040a1860bcabf250b6c1171675","id":{"unicity":"31858"}},"quantity":1,"terms":{"priceEach":269,"taxEach":{"amount":0},"discountEach":{"amount":0},"pvEach":195},"quantityLimit":{"quantityQuota":-1,"timeFrameDays":-1,"quantityOrdered":0}}]},"currency":"USD"},{"lines":{"items":[{"item":{"href":"https://hydraqa.unicity.net/v5a-test/items/2de8516a24af8232add0bb392e750a71","id":{"unicity":"31859"}},"quantity":1,"terms":{"priceEach":179,"taxEach":{"amount":0},"discountEach":{"amount":0},"pvEach":130},"quantityLimit":{"quantityQuota":-1,"timeFrameDays":-1,"quantityOrdered":0}}]},"currency":"USD"},{"lines":{"items":[{"item":{"href":"https://hydraqa.unicity.net/v5a-test/items/fd464cd7972cc1317e850b9196d886b8","id":{"unicity":"31863"}},"quantity":1,"terms":{"priceEach":210,"taxEach":{"amount":0},"discountEach":{"amount":0},"pvEach":148},"quantityLimit":{"quantityQuota":-1,"timeFrameDays":-1,"quantityOrdered":0}}]},"currency":"USD"},{"lines":{"items":[{"item":{"href":"https://hydraqa.unicity.net/v5a-test/items/d4c8fce238d6fc34d17a4b36d1e4e59a","id":{"unicity":"31860"}},"quantity":1,"terms":{"priceEach":196,"taxEach":{"amount":0},"discountEach":{"amount":0},"pvEach":135},"quantityLimit":{"quantityQuota":-1,"timeFrameDays":-1,"quantityOrdered":0}}]},"currency":"USD"},{"lines":{"items":[{"item":{"href":"https://hydraqa.unicity.net/v5a-test/items/4ab49eca1731e69206ccafb5112ad5a4","id":{"unicity":"31861"}},"quantity":1,"terms":{"priceEach":196,"taxEach":{"amount":0},"discountEach":{"amount":0},"pvEach":135},"quantityLimit":{"quantityQuota":-1,"timeFrameDays":-1,"quantityOrdered":0}}]},"currency":"USD"},{"lines":{"items":[{"item":{"href":"https://hydraqa.unicity.net/v5a-test/items/50747027a065cb8361c1f0d6eb880466","id":{"unicity":"32030"}},"quantity":1,"terms":{"priceEach":143,"taxEach":{"amount":0},"discountEach":{"amount":0},"pvEach":102},"quantityLimit":{"quantityQuota":-1,"timeFrameDays":-1,"quantityOrdered":0}}]},"currency":"USD"},{"lines":{"items":[{"item":{"href":"https://hydraqa.unicity.net/v5a-test/items/4a3d248668cd56e31c6eb403d87f15b2","id":{"unicity":"29682"}},"quantity":1,"terms":{"priceEach":203,"taxEach":{"amount":0},"discountEach":{"amount":0},"pvEach":144},"quantityLimit":{"quantityQuota":-1,"timeFrameDays":-1,"quantityOrdered":0}}]},"currency":"USD"},{"lines":{"items":[{"item":{"href":"https://hydraqa.unicity.net/v5a-test/items/d306a0b65f27f19b4968e5c05906a9f4","id":{"unicity":"31314"}},"quantity":1,"terms":{"priceEach":388,"taxEach":{"amount":0},"discountEach":{"amount":0},"pvEach":268},"quantityLimit":{"quantityQuota":-1,"timeFrameDays":-1,"quantityOrdered":0}}]},"currency":"USD"},{"lines":{"items":[{"item":{"href":"https://hydraqa.unicity.net/v5a-test/items/00c2eb70c985722ce208490aece00945","id":{"unicity":"31729"}},"quantity":1,"terms":{"priceEach":143,"taxEach":{"amount":0},"discountEach":{"amount":0},"pvEach":100},"quantityLimit":{"quantityQuota":-1,"timeFrameDays":-1,"quantityOrdered":0}}]},"currency":"USD"},{"lines":{"items":[{"item":{"href":"https://hydraqa.unicity.net/v5a-test/items/693a7c4a70b06a00471afe8d6cae5023","id":{"unicity":"31730"}},"quantity":1,"terms":{"priceEach":120,"taxEach":{"amount":0},"discountEach":{"amount":0},"pvEach":80},"quantityLimit":{"quantityQuota":-1,"timeFrameDays":-1,"quantityOrdered":0}}]},"currency":"USD"},{"lines":{"items":[{"item":{"href":"https://hydraqa.unicity.net/v5a-test/items/ccb242d74dcb1fe621cc7bfe1b1de315","id":{"unicity":"31731"}},"quantity":1,"terms":{"priceEach":89,"taxEach":{"amount":0},"discountEach":{"amount":0},"pvEach":60},"quantityLimit":{"quantityQuota":-1,"timeFrameDays":-1,"quantityOrdered":0}}]},"currency":"USD"},{"lines":{"items":[{"item":{"href":"https://hydraqa.unicity.net/v5a-test/items/cea826eab72d44641c070aab6c97c1ac","id":{"unicity":"22747"}},"quantity":1,"terms":{"priceEach":27,"taxEach":{"amount":0},"discountEach":{"amount":0},"pvEach":16},"quantityLimit":{"quantityQuota":-1,"timeFrameDays":-1,"quantityOrdered":0}}]},"currency":"USD"},{"lines":{"items":[{"item":{"href":"https://hydraqa.unicity.net/v5a-test/items/9a7715e888c94989d898fe4653645721","id":{"unicity":"26550"}},"quantity":1,"terms":{"priceEach":80,"taxEach":{"amount":0},"discountEach":{"amount":0},"pvEach":52},"quantityLimit":{"quantityQuota":-1,"timeFrameDays":-1,"quantityOrdered":0}}]},"currency":"USD"},{"lines":{"items":[{"item":{"href":"https://hydraqa.unicity.net/v5a-test/items/0cf62d38e91953b43dcfe88b06f813cb","id":{"unicity":"26557"}},"quantity":1,"terms":{"priceEach":79,"taxEach":{"amount":0},"discountEach":{"amount":0},"pvEach":61},"quantityLimit":{"quantityQuota":-1,"timeFrameDays":-1,"quantityOrdered":0}}]},"currency":"USD"},{"lines":{"items":[{"item":{"href":"https://hydraqa.unicity.net/v5a-test/items/cda534d686af5d627c94c4bb2c4b57d8","id":{"unicity":"26561"}},"quantity":1,"terms":{"priceEach":16,"taxEach":{"amount":0},"discountEach":{"amount":0},"pvEach":11},"quantityLimit":{"quantityQuota":-1,"timeFrameDays":-1,"quantityOrdered":0}}]},"currency":"USD"},{"lines":{"items":[{"item":{"href":"https://hydraqa.unicity.net/v5a-test/items/0a3ede185ddf034630afd891c5106d33","id":{"unicity":"26562"}},"quantity":1,"terms":{"priceEach":33,"taxEach":{"amount":0},"discountEach":{"amount":0},"pvEach":25},"quantityLimit":{"quantityQuota":-1,"timeFrameDays":-1,"quantityOrdered":0}}]},"currency":"USD"},{"lines":{"items":[{"item":{"href":"https://hydraqa.unicity.net/v5a-test/items/1bd53de7fe880ba71f46c9976ca2c137","id":{"unicity":"27739"}},"quantity":1,"terms":{"priceEach":33,"taxEach":{"amount":0},"discountEach":{"amount":0},"pvEach":13},"quantityLimit":{"quantityQuota":-1,"timeFrameDays":-1,"quantityOrdered":0}}]},"currency":"USD"},{"lines":{"items":[{"item":{"href":"https://hydraqa.unicity.net/v5a-test/items/1945faa1776541d53120ecfe3c1d8a2b","id":{"unicity":"24418"}},"quantity":1,"terms":{"priceEach":5,"taxEach":{"amount":0},"discountEach":{"amount":0},"pvEach":0},"quantityLimit":{"quantityQuota":-1,"timeFrameDays":-1,"quantityOrdered":0}}]},"currency":"USD"},{"lines":{"items":[{"item":{"href":"https://hydraqa.unicity.net/v5a-test/items/9a6e1d094182389c3da8e0a320ff0e00","id":{"unicity":"27585"}},"quantity":1,"terms":{"priceEach":56,"taxEach":{"amount":0},"discountEach":{"amount":0},"pvEach":33},"quantityLimit":{"quantityQuota":-1,"timeFrameDays":-1,"quantityOrdered":0}}]},"currency":"USD"},{"lines":{"items":[{"item":{"href":"https://hydraqa.unicity.net/v5a-test/items/b127a2d34d3d73e2f53e4c2002a7a4a2","id":{"unicity":"25008"}},"quantity":1,"terms":{"priceEach":19,"taxEach":{"amount":0},"discountEach":{"amount":0},"pvEach":15},"quantityLimit":{"quantityQuota":-1,"timeFrameDays":-1,"quantityOrdered":0}}]},"currency":"USD"},{"lines":{"items":[{"item":{"href":"https://hydraqa.unicity.net/v5a-test/items/10da226fab00279b4f89df10af2a10b7","id":{"unicity":"26442"}},"quantity":1,"terms":{"priceEach":6,"taxEach":{"amount":0},"discountEach":{"amount":0},"pvEach":0},"quantityLimit":{"quantityQuota":-1,"timeFrameDays":-1,"quantityOrdered":0}}]},"currency":"USD"},{"lines":{"items":[{"item":{"href":"https://hydraqa.unicity.net/v5a-test/items/aa0d72ac13b1ce88cf8c4a52ede75a37","id":{"unicity":"26552"}},"quantity":1,"terms":{"priceEach":70,"taxEach":{"amount":0},"discountEach":{"amount":0},"pvEach":50},"quantityLimit":{"quantityQuota":-1,"timeFrameDays":-1,"quantityOrdered":0}}]},"currency":"USD"},{"lines":{"items":[{"item":{"href":"https://hydraqa.unicity.net/v5a-test/items/a391ad8c3c129526dc42793f5fee30f7","id":{"unicity":"27653"}},"quantity":1,"terms":{"priceEach":5,"taxEach":{"amount":0},"discountEach":{"amount":0},"pvEach":0},"quantityLimit":{"quantityQuota":-1,"timeFrameDays":-1,"quantityOrdered":0}}]},"currency":"USD"},{"lines":{"items":[{"item":{"href":"https://hydraqa.unicity.net/v5a-test/items/c83534b0b0693d9f78eaaae2030ed4c1","id":{"unicity":"27212"}},"quantity":1,"terms":{"priceEach":10,"taxEach":{"amount":0},"discountEach":{"amount":0},"pvEach":0},"quantityLimit":{"quantityQuota":-1,"timeFrameDays":-1,"quantityOrdered":0}}]},"currency":"USD"},{"lines":{"items":[{"item":{"href":"https://hydraqa.unicity.net/v5a-test/items/025d45e8cee8a1a4029f1cfd3bf70786","id":{"unicity":"26983"}},"quantity":1,"terms":{"priceEach":10,"taxEach":{"amount":0},"discountEach":{"amount":0},"pvEach":0},"quantityLimit":{"quantityQuota":-1,"timeFrameDays":-1,"quantityOrdered":0}}]},"currency":"USD"},{"lines":{"items":[{"item":{"href":"https://hydraqa.unicity.net/v5a-test/items/b2fc4b9ba4aa5cae54389161be2f841f","id":{"unicity":"18401"}},"quantity":1,"terms":{"priceEach":31,"taxEach":{"amount":0},"discountEach":{"amount":0},"pvEach":19},"quantityLimit":{"quantityQuota":-1,"timeFrameDays":-1,"quantityOrdered":0}}]},"currency":"USD"},{"lines":{"items":[{"item":{"href":"https://hydraqa.unicity.net/v5a-test/items/19f8db4bcf7263831586f726e748f73c","id":{"unicity":"27208"}},"quantity":1,"terms":{"priceEach":30,"taxEach":{"amount":0},"discountEach":{"amount":0},"pvEach":0},"quantityLimit":{"quantityQuota":-1,"timeFrameDays":-1,"quantityOrdered":0}}]},"currency":"USD"},{"lines":{"items":[{"item":{"href":"https://hydraqa.unicity.net/v5a-test/items/5a38f009bec6c23b1b3a70432f9722e5","id":{"unicity":"19596"}},"quantity":1,"terms":{"priceEach":49,"taxEach":{"amount":0},"discountEach":{"amount":0},"pvEach":30},"quantityLimit":{"quantityQuota":-1,"timeFrameDays":-1,"quantityOrdered":0}}]},"currency":"USD"},{"lines":{"items":[{"item":{"href":"https://hydraqa.unicity.net/v5a-test/items/38da42f991a40a00153b2e5055b82dbf","id":{"unicity":"27801"}},"quantity":1,"terms":{"priceEach":195,"taxEach":{"amount":0},"discountEach":{"amount":0},"pvEach":130},"quantityLimit":{"quantityQuota":-1,"timeFrameDays":-1,"quantityOrdered":0}}]},"currency":"USD"},{"lines":{"items":[{"item":{"href":"https://hydraqa.unicity.net/v5a-test/items/398d06b858b960f6f38086d40608aef2","id":{"unicity":"26560"}},"quantity":1,"terms":{"priceEach":16,"taxEach":{"amount":0},"discountEach":{"amount":0},"pvEach":12},"quantityLimit":{"quantityQuota":-1,"timeFrameDays":-1,"quantityOrdered":0}}]},"currency":"USD"},{"lines":{"items":[{"item":{"href":"https://hydraqa.unicity.net/v5a-test/items/3f2d12d7a0e8551fc99fad3bbe1ba633","id":{"unicity":"26567"}},"quantity":1,"terms":{"priceEach":56,"taxEach":{"amount":0},"discountEach":{"amount":0},"pvEach":35},"quantityLimit":{"quantityQuota":-1,"timeFrameDays":-1,"quantityOrdered":0}}]},"currency":"USD"},{"lines":{"items":[{"item":{"href":"https://hydraqa.unicity.net/v5a-test/items/191637167cb3144bd2e8c4615e9ab67e","id":{"unicity":"26568"}},"quantity":1,"terms":{"priceEach":56,"taxEach":{"amount":0},"discountEach":{"amount":0},"pvEach":35},"quantityLimit":{"quantityQuota":-1,"timeFrameDays":-1,"quantityOrdered":0}}]},"currency":"USD"},{"lines":{"items":[{"item":{"href":"https://hydraqa.unicity.net/v5a-test/items/112b8c39286598b3730f630f371a45f4","id":{"unicity":"27587"}},"quantity":1,"terms":{"priceEach":58,"taxEach":{"amount":0},"discountEach":{"amount":0},"pvEach":33},"quantityLimit":{"quantityQuota":-1,"timeFrameDays":-1,"quantityOrdered":0}}]},"currency":"USD"},{"lines":{"items":[{"item":{"href":"https://hydraqa.unicity.net/v5a-test/items/25eaf64b36ce31368f17ae789fd9ac5b","id":{"unicity":"29694"}},"quantity":1,"terms":{"priceEach":56,"taxEach":{"amount":0},"discountEach":{"amount":0},"pvEach":33},"quantityLimit":{"quantityQuota":-1,"timeFrameDays":-1,"quantityOrdered":0}}]},"currency":"USD"},{"lines":{"items":[{"item":{"href":"https://hydraqa.unicity.net/v5a-test/items/634f7efb30392b2a919de1355902d975","id":{"unicity":"29408"}},"quantity":1,"terms":{"priceEach":80,"taxEach":{"amount":0},"discountEach":{"amount":0},"pvEach":52},"quantityLimit":{"quantityQuota":-1,"timeFrameDays":-1,"quantityOrdered":0}}]},"currency":"USD"},{"lines":{"items":[{"item":{"href":"https://hydraqa.unicity.net/v5a-test/items/bb5c627f16547cb4f706cef521bca356","id":{"unicity":"29437"}},"quantity":1,"terms":{"priceEach":62,"taxEach":{"amount":0},"discountEach":{"amount":0},"pvEach":36},"quantityLimit":{"quantityQuota":-1,"timeFrameDays":-1,"quantityOrdered":0}}]},"currency":"USD"},{"lines":{"items":[{"item":{"href":"https://hydraqa.unicity.net/v5a-test/items/24ff5bda40c0d0e7eaa511866d052915","id":{"unicity":"29612"}},"quantity":1,"terms":{"priceEach":49,"taxEach":{"amount":0},"discountEach":{"amount":0},"pvEach":30},"quantityLimit":{"quantityQuota":-1,"timeFrameDays":-1,"quantityOrdered":0}}]},"currency":"USD"},{"lines":{"items":[{"item":{"href":"https://hydraqa.unicity.net/v5a-test/items/024e696f8b44a1d315006e676604cd31","id":{"unicity":"27395"}},"quantity":1,"terms":{"priceEach":25,"taxEach":{"amount":0},"discountEach":{"amount":0},"pvEach":16},"quantityLimit":{"quantityQuota":-1,"timeFrameDays":-1,"quantityOrdered":0}}]},"currency":"USD"},{"lines":{"items":[{"item":{"href":"https://hydraqa.unicity.net/v5a-test/items/05ca08f3808f126c0cc42154c50fc75c","id":{"unicity":"29440"}},"quantity":1,"terms":{"priceEach":120,"taxEach":{"amount":0},"discountEach":{"amount":0},"pvEach":90},"quantityLimit":{"quantityQuota":-1,"timeFrameDays":-1,"quantityOrdered":0}}]},"currency":"USD"},{"lines":{"items":[{"item":{"href":"https://hydraqa.unicity.net/v5a-test/items/764e2db430d361da99e8f6b70c4d0244","id":{"unicity":"29830"}},"quantity":1,"terms":{"priceEach":17,"taxEach":{"amount":0},"discountEach":{"amount":0},"pvEach":7},"quantityLimit":{"quantityQuota":-1,"timeFrameDays":-1,"quantityOrdered":0}}]},"currency":"USD"},{"lines":{"items":[{"item":{"href":"https://hydraqa.unicity.net/v5a-test/items/b91affa753dd5ee8a9acef4fa7e2c9a7","id":{"unicity":"30414"}},"quantity":1,"terms":{"priceEach":94,"taxEach":{"amount":0},"discountEach":{"amount":0},"pvEach":65},"quantityLimit":{"quantityQuota":-1,"timeFrameDays":-1,"quantityOrdered":0}}]},"currency":"USD"},{"lines":{"items":[{"item":{"href":"https://hydraqa.unicity.net/v5a-test/items/2835b1a78e379486f0ffbfd5fb9f6b0a","id":{"unicity":"30400"}},"quantity":1,"terms":{"priceEach":38,"taxEach":{"amount":0},"discountEach":{"amount":0},"pvEach":28},"quantityLimit":{"quantityQuota":-1,"timeFrameDays":-1,"quantityOrdered":0}}]},"currency":"USD"},{"lines":{"items":[{"item":{"href":"https://hydraqa.unicity.net/v5a-test/items/3875e24e6b6ebdf36c79d205614ed51e","id":{"unicity":"31846"}},"quantity":1,"terms":{"priceEach":126,"taxEach":{"amount":0},"discountEach":{"amount":0},"pvEach":94},"quantityLimit":{"quantityQuota":-1,"timeFrameDays":-1,"quantityOrdered":0}}]},"currency":"USD"},{"lines":{"items":[{"item":{"href":"https://hydraqa.unicity.net/v5a-test/items/89b6d29a85a88d44d65bc8cca3fefc65","id":{"unicity":"31845"}},"quantity":1,"terms":{"priceEach":143,"taxEach":{"amount":0},"discountEach":{"amount":0},"pvEach":100},"quantityLimit":{"quantityQuota":-1,"timeFrameDays":-1,"quantityOrdered":0}}]},"currency":"USD"},{"lines":{"items":[{"item":{"href":"https://hydraqa.unicity.net/v5a-test/items/65f231539924a2fa376afdb39f1f06d6","id":{"unicity":"31848"}},"quantity":1,"terms":{"priceEach":89,"taxEach":{"amount":0},"discountEach":{"amount":0},"pvEach":60},"quantityLimit":{"quantityQuota":-1,"timeFrameDays":-1,"quantityOrdered":0}}]},"currency":"USD"},{"lines":{"items":[{"item":{"href":"https://hydraqa.unicity.net/v5a-test/items/fbb319232b7eed110794d46a68302acb","id":{"unicity":"31847"}},"quantity":1,"terms":{"priceEach":120,"taxEach":{"amount":0},"discountEach":{"amount":0},"pvEach":80},"quantityLimit":{"quantityQuota":-1,"timeFrameDays":-1,"quantityOrdered":0}}]},"currency":"USD"},{"lines":{"items":[{"item":{"href":"https://hydraqa.unicity.net/v5a-test/items/077823d29445b9020de9931f10c63efd","id":{"unicity":"31958"}},"quantity":1,"terms":{"priceEach":129,"taxEach":{"amount":0},"discountEach":{"amount":0},"pvEach":85},"quantityLimit":{"quantityQuota":-1,"timeFrameDays":-1,"quantityOrdered":0}}]},"currency":"USD"},{"lines":{"items":[{"item":{"href":"https://hydraqa.unicity.net/v5a-test/items/bfddb53fe0d5ed5432c531dc9850cbe4","id":{"unicity":"29449"}},"quantity":1,"terms":{"priceEach":37,"taxEach":{"amount":0},"discountEach":{"amount":0},"pvEach":25},"quantityLimit":{"quantityQuota":-1,"timeFrameDays":-1,"quantityOrdered":0}}]},"currency":"USD"},{"lines":{"items":[{"item":{"href":"https://hydraqa.unicity.net/v5a-test/items/c201dcd36f4bb7e17e7a8481ef08d6f2","id":{"unicity":"31518"}},"quantity":1,"terms":{"priceEach":29,"taxEach":{"amount":0},"discountEach":{"amount":0},"pvEach":14},"quantityLimit":{"quantityQuota":-1,"timeFrameDays":-1,"quantityOrdered":0}}]},"currency":"USD"},{"lines":{"items":[{"item":{"href":"https://hydraqa.unicity.net/v5a-test/items/c674cdded8a54983aae3c5dcb32c9e38","id":{"unicity":"32628"}},"quantity":1,"terms":{"priceEach":80,"taxEach":{"amount":0},"discountEach":{"amount":0},"pvEach":50},"quantityLimit":{"quantityQuota":-1,"timeFrameDays":-1,"quantityOrdered":0}}]},"currency":"USD"},{"lines":{"items":[{"item":{"href":"https://hydraqa.unicity.net/v5a-test/items/e30d5100db17be47578745dce83039e6","id":{"unicity":"32838"}},"quantity":1,"terms":{"priceEach":12.95,"taxEach":{"amount":0},"discountEach":{"amount":0},"pvEach":0},"quantityLimit":{"quantityQuota":-1,"timeFrameDays":-1,"quantityOrdered":0}}]},"currency":"USD"}]}
Entry request : {"order":{"customer":{"href":"https://hydraqa.unicity.net/v5a-test/customers?type=Associate"},"shipToAddress":{"country":"US","state":"PR"}},"vary":{"lines":{"items":[{"item":{"href":"https://hydraqa.unicity.net/v5a-test/items?id.unicity=26580|31441|31858|31859|31863|31860|31861|32030|29682|31314|31729|31730|31731|22747|26550|26554|26557|26561|26562|27739|24418|27585|25008|26442|26555|18908|26552|27653|27212|27218|26983|27210|18401|25803|27029|27208|19596|27801|26945|26560|26567|26568|27587|29694|29408|29437|29612|27395|29440|29830|30414|30400|31846|31845|31848|31847|31958|29449|31518|32015|32628|32838"}}]}}}
]]></system-out>
    <system-err><![CDATA[Starting ChromeDriver 2.36.540470 (e522d04694c7ebea4ba8821272dbef4f9b818c91) on port 14046
Only local connections are allowed.
Oct 18, 2020 12:01:34 PM org.openqa.selenium.remote.ProtocolHandshake createSession
INFO: Detected dialect: OSS
]]></system-err>
  </testcase>
  <testcase name="Enroll" classname="Tests.FranchisePartner" time="287.095"/>
  <testcase name="Enroll" classname="Tests.FranchisePartner" time="19.956">
    <failure message="Low footer expected [Copyright Unicity International, Inc. All Rights Reserved.] but found [upphovsrätt Unicity International, Inc. Med ensamrätt.]" type="java.lang.AssertionError">java.lang.AssertionError: Low footer expected [Copyright Unicity International, Inc. All Rights Reserved.] but found [upphovsrätt Unicity International, Inc. Med ensamrätt.]
	at Tests.FranchisePartner.Enroll(FranchisePartner.java:248)
</failure>
    <system-err><![CDATA[Starting ChromeDriver 2.36.540470 (e522d04694c7ebea4ba8821272dbef4f9b818c91) on port 16993
Only local connections are allowed.
Oct 18, 2020 12:09:05 PM org.openqa.selenium.remote.ProtocolHandshake createSession
INFO: Detected dialect: OSS
]]></system-err>
  </testcase>
  <testcase name="Enroll" classname="Tests.FranchisePartner" time="223.06">
    <failure message="no such element: Unable to locate element: {&quot;method&quot;:&quot;xpath&quot;,&quot;selector&quot;:&quot;//li[contains(@ng-if, &apos;enrollerProfile&apos;)]//p[@class=&apos;ng-binding&apos;]&quot;}&#10;  (Session info: chrome=86.0.4240.75)&#10;  (Driver info: chromedriver=2.36.540470 (e522d04694c7ebea4ba8821272dbef4f9b818c91),platform=Windows NT 6.3.9600 x86_64) (WARNING: The server did not provide any stacktrace information)&#10;Command duration or timeout: 0 milliseconds&#10;For documentation on this error, please visit: http://seleniumhq.org/exceptions/no_such_element.html&#10;Build info: version: &apos;3.8.1&apos;, revision: &apos;6e95a6684b&apos;, time: &apos;2017-12-01T18:33:54.468Z&apos;&#10;System info: host: &apos;QASERVER01&apos;, ip: &apos;10.2.0.23&apos;, os.name: &apos;Windows Server 2012 R2&apos;, os.arch: &apos;amd64&apos;, os.version: &apos;6.3&apos;, java.version: &apos;1.8.0_111&apos;&#10;Driver info: org.openqa.selenium.chrome.ChromeDriver&#10;Capabilities {acceptInsecureCerts: false, acceptSslCerts: false, applicationCacheEnabled: false, browserConnectionEnabled: false, browserName: chrome, chrome: {chromedriverVersion: 2.36.540470 (e522d04694c7eb..., userDataDir: C:\Users\sumancb\AppData\Lo...}, cssSelectorsEnabled: true, databaseEnabled: false, handlesAlerts: true, hasTouchScreen: false, javascriptEnabled: true, locationContextEnabled: true, mobileEmulationEnabled: false, nativeEvents: true, networkConnectionEnabled: false, pageLoadStrategy: normal, platform: XP, platformName: XP, rotatable: false, setWindowRect: true, takesHeapSnapshot: true, takesScreenshot: true, unexpectedAlertBehaviour: , unhandledPromptBehavior: , version: 86.0.4240.75, webStorageEnabled: true}&#10;Session ID: 2157537861309720818e34d56f1b0429&#10;*** Element info: {Using=xpath, value=//li[contains(@ng-if, &apos;enrollerProfile&apos;)]//p[@class=&apos;ng-binding&apos;]}" type="org.openqa.selenium.NoSuchElementException">org.openqa.selenium.NoSuchElementException: 
no such element: Unable to locate element: {"method":"xpath","selector":"//li[contains(@ng-if, 'enrollerProfile')]//p[@class='ng-binding']"}
  (Session info: chrome=86.0.4240.75)
  (Driver info: chromedriver=2.36.540470 (e522d04694c7ebea4ba8821272dbef4f9b818c91),platform=Windows NT 6.3.9600 x86_64) (WARNING: The server did not provide any stacktrace information)
Command duration or timeout: 0 milliseconds
For documentation on this error, please visit: http://seleniumhq.org/exceptions/no_such_element.html
Build info: version: '3.8.1', revision: '6e95a6684b', time: '2017-12-01T18:33:54.468Z'
System info: host: 'QASERVER01', ip: '10.2.0.23', os.name: 'Windows Server 2012 R2', os.arch: 'amd64', os.version: '6.3', java.version: '1.8.0_111'
Driver info: org.openqa.selenium.chrome.ChromeDriver
Capabilities {acceptInsecureCerts: false, acceptSslCerts: false, applicationCacheEnabled: false, browserConnectionEnabled: false, browserName: chrome, chrome: {chromedriverVersion: 2.36.540470 (e522d04694c7eb..., userDataDir: C:\Users\sumancb\AppData\Lo...}, cssSelectorsEnabled: true, databaseEnabled: false, handlesAlerts: true, hasTouchScreen: false, javascriptEnabled: true, locationContextEnabled: true, mobileEmulationEnabled: false, nativeEvents: true, networkConnectionEnabled: false, pageLoadStrategy: normal, platform: XP, platformName: XP, rotatable: false, setWindowRect: true, takesHeapSnapshot: true, takesScreenshot: true, unexpectedAlertBehaviour: , unhandledPromptBehavior: , version: 86.0.4240.75, webStorageEnabled: true}
Session ID: 2157537861309720818e34d56f1b0429
*** Element info: {Using=xpath, value=//li[contains(@ng-if, 'enrollerProfile')]//p[@class='ng-binding']}
	at Tests.FranchisePartner.Enroll(FranchisePartner.java:251)
</failure>
    <system-out><![CDATA[Request URL: https://hydraqa.unicity.net/v5a-test/quotes?&expand=item
Entry Quotes response : {"items":[{"lines":{"items":[{"item":{"href":"https://hydraqa.unicity.net/v5a-test/items/313d106282358e7f4b675a3e7edfbf1e","id":{"unicity":"26297"},"weightEach":{"value":0},"servingsPerContainer":0,"servingSize":0},"quantity":1,"terms":{"priceEach":346,"taxEach":{"amount":42.78},"discountEach":{"amount":0},"pvEach":250},"quantityLimit":{"quantityQuota":-1,"timeFrameDays":-1,"quantityOrdered":0}}]},"currency":"EUR"},{"lines":{"items":[{"item":{"href":"https://hydraqa.unicity.net/v5a-test/items/2b186806607ffc92747af3d5f573b66a","id":{"unicity":"26372"},"weightEach":{"value":0},"servingsPerContainer":0,"servingSize":0},"quantity":1,"terms":{"priceEach":692,"taxEach":{"amount":87.96},"discountEach":{"amount":0},"pvEach":500},"quantityLimit":{"quantityQuota":-1,"timeFrameDays":-1,"quantityOrdered":0}}]},"currency":"EUR"},{"lines":{"items":[{"item":{"href":"https://hydraqa.unicity.net/v5a-test/items/ddd0fbe9e4ec6fad3382d6323940b5c5","id":{"unicity":"26373"},"weightEach":{"value":0},"servingsPerContainer":0,"servingSize":0},"quantity":1,"terms":{"priceEach":1384,"taxEach":{"amount":172.35},"discountEach":{"amount":0},"pvEach":1000},"quantityLimit":{"quantityQuota":-1,"timeFrameDays":-1,"quantityOrdered":0}}]},"currency":"EUR"},{"lines":{"items":[{"item":{"href":"https://hydraqa.unicity.net/v5a-test/items/6d66f25b392402da7f40e97f07159275","id":{"unicity":"28939"},"weightEach":{"value":0},"servingsPerContainer":0,"servingSize":0},"quantity":1,"terms":{"priceEach":93,"taxEach":{"amount":11.81},"discountEach":{"amount":0},"pvEach":62},"quantityLimit":{"quantityQuota":-1,"timeFrameDays":-1,"quantityOrdered":0}}]},"currency":"EUR"},{"lines":{"items":[{"item":{"href":"https://hydraqa.unicity.net/v5a-test/items/c0a81a3e2fdfdd1fc812d67fc03aca7a","id":{"unicity":"31162"},"weightEach":{"value":0},"servingsPerContainer":0,"servingSize":0},"quantity":1,"terms":{"priceEach":170,"taxEach":{"amount":20.4},"discountEach":{"amount":0},"pvEach":122},"quantityLimit":{"quantityQuota":-1,"timeFrameDays":-1,"quantityOrdered":0}}]},"currency":"EUR"},{"lines":{"items":[{"item":{"href":"https://hydraqa.unicity.net/v5a-test/items/eba7a9cf98889f12a3616e08b8f3b959","id":{"unicity":"31163"},"weightEach":{"value":0},"servingsPerContainer":0,"servingSize":0},"quantity":1,"terms":{"priceEach":162,"taxEach":{"amount":19.44},"discountEach":{"amount":0},"pvEach":122},"quantityLimit":{"quantityQuota":-1,"timeFrameDays":-1,"quantityOrdered":0}}]},"currency":"EUR"},{"lines":{"items":[{"item":{"href":"https://hydraqa.unicity.net/v5a-test/items/8b2c447a944acc5f91220ceef5b12646","id":{"unicity":"31164"},"weightEach":{"value":0},"servingsPerContainer":0,"servingSize":0},"quantity":1,"terms":{"priceEach":166,"taxEach":{"amount":19.92},"discountEach":{"amount":0},"pvEach":122},"quantityLimit":{"quantityQuota":-1,"timeFrameDays":-1,"quantityOrdered":0}}]},"currency":"EUR"},{"lines":{"items":[{"item":{"href":"https://hydraqa.unicity.net/v5a-test/items/f9ca116410d022bd1e57507af859e64d","id":{"unicity":"31242"},"weightEach":{"value":0},"servingsPerContainer":0,"servingSize":0},"quantity":1,"terms":{"priceEach":1406,"taxEach":{"amount":173.68},"discountEach":{"amount":0},"pvEach":1000},"quantityLimit":{"quantityQuota":-1,"timeFrameDays":-1,"quantityOrdered":0}}]},"currency":"EUR"},{"lines":{"items":[{"item":{"href":"https://hydraqa.unicity.net/v5a-test/items/221477f57a664e70f9d98d5d948e91f6","id":{"unicity":"31243"},"weightEach":{"value":0},"servingsPerContainer":0,"servingSize":0},"quantity":1,"terms":{"priceEach":722,"taxEach":{"amount":91.59},"discountEach":{"amount":0},"pvEach":500},"quantityLimit":{"quantityQuota":-1,"timeFrameDays":-1,"quantityOrdered":0}}]},"currency":"EUR"},{"lines":{"items":[{"item":{"href":"https://hydraqa.unicity.net/v5a-test/items/5fa9d0f0567239dff64b83c0cd0def2c","id":{"unicity":"31244"},"weightEach":{"value":0},"servingsPerContainer":0,"servingSize":0},"quantity":1,"terms":{"priceEach":381,"taxEach":{"amount":46.36},"discountEach":{"amount":0},"pvEach":275},"quantityLimit":{"quantityQuota":-1,"timeFrameDays":-1,"quantityOrdered":0}}]},"currency":"EUR"},{"lines":{"items":[{"item":{"href":"https://hydraqa.unicity.net/v5a-test/items/31cb0679f65df8fa9a4fc3d7e38b72b3","id":{"unicity":"31763"},"weightEach":{"value":0},"servingsPerContainer":0,"servingSize":0},"quantity":1,"terms":{"priceEach":243.3,"taxEach":{"amount":29.2},"discountEach":{"amount":0},"pvEach":181},"quantityLimit":{"quantityQuota":-1,"timeFrameDays":-1,"quantityOrdered":0}}]},"currency":"EUR"},{"lines":{"items":[{"item":{"href":"https://hydraqa.unicity.net/v5a-test/items/e9991b48ac639367d526d2b9b22fac8c","id":{"unicity":"32128"},"weightEach":{"value":0},"servingsPerContainer":0,"servingSize":0},"quantity":1,"terms":{"priceEach":371.87,"taxEach":{"amount":44.62},"discountEach":{"amount":0},"pvEach":253},"quantityLimit":{"quantityQuota":-1,"timeFrameDays":-1,"quantityOrdered":0}}]},"currency":"EUR"},{"lines":{"items":[{"item":{"href":"https://hydraqa.unicity.net/v5a-test/items/40b3312de189221d96d838d33a8ec49d","id":{"unicity":"32129"},"weightEach":{"value":0},"servingsPerContainer":0,"servingSize":0},"quantity":1,"terms":{"priceEach":371.87,"taxEach":{"amount":44.62},"discountEach":{"amount":0},"pvEach":254},"quantityLimit":{"quantityQuota":-1,"timeFrameDays":-1,"quantityOrdered":0}}]},"currency":"EUR"},{"lines":{"items":[{"item":{"href":"https://hydraqa.unicity.net/v5a-test/items/6bd168a66ce41003a8f30917deff5808","id":{"unicity":"32130"},"weightEach":{"value":0},"servingsPerContainer":0,"servingSize":0},"quantity":1,"terms":{"priceEach":363.46,"taxEach":{"amount":43.62},"discountEach":{"amount":0},"pvEach":252},"quantityLimit":{"quantityQuota":-1,"timeFrameDays":-1,"quantityOrdered":0}}]},"currency":"EUR"},{"lines":{"items":[{"item":{"href":"https://hydraqa.unicity.net/v5a-test/items/806f99b793edd7cd0b1c158ba0eb3142","id":{"unicity":"32132"},"weightEach":{"value":0},"servingsPerContainer":0,"servingSize":0},"quantity":1,"terms":{"priceEach":355.98,"taxEach":{"amount":42.72},"discountEach":{"amount":0},"pvEach":253},"quantityLimit":{"quantityQuota":-1,"timeFrameDays":-1,"quantityOrdered":0}}]},"currency":"EUR"},{"lines":{"items":[{"item":{"href":"https://hydraqa.unicity.net/v5a-test/items/e3d382d99fde8659cb146b54116e7654","id":{"unicity":"32133"},"weightEach":{"value":0},"servingsPerContainer":0,"servingSize":0},"quantity":1,"terms":{"priceEach":364.39,"taxEach":{"amount":43.73},"discountEach":{"amount":0},"pvEach":252},"quantityLimit":{"quantityQuota":-1,"timeFrameDays":-1,"quantityOrdered":0}}]},"currency":"EUR"},{"lines":{"items":[{"item":{"href":"https://hydraqa.unicity.net/v5a-test/items/022f109fe6e5eae3e521295a5cb94c60","id":{"unicity":"32134"},"weightEach":{"value":0},"servingsPerContainer":0,"servingSize":0},"quantity":1,"terms":{"priceEach":144.77,"taxEach":{"amount":17.37},"discountEach":{"amount":0},"pvEach":101},"quantityLimit":{"quantityQuota":-1,"timeFrameDays":-1,"quantityOrdered":0}}]},"currency":"EUR"},{"lines":{"items":[{"item":{"href":"https://hydraqa.unicity.net/v5a-test/items/ded00960d5e948dd8e511a9c752e1ff9","id":{"unicity":"32135"},"weightEach":{"value":0},"servingsPerContainer":0,"servingSize":0},"quantity":1,"terms":{"priceEach":154.11,"taxEach":{"amount":18.49},"discountEach":{"amount":0},"pvEach":113},"quantityLimit":{"quantityQuota":-1,"timeFrameDays":-1,"quantityOrdered":0}}]},"currency":"EUR"},{"lines":{"items":[{"item":{"href":"https://hydraqa.unicity.net/v5a-test/items/d8736cc35cf9f4734fd76da71c53dc05","id":{"unicity":"32136"},"weightEach":{"value":0},"servingsPerContainer":0,"servingSize":0},"quantity":1,"terms":{"priceEach":142.08,"taxEach":{"amount":17.05},"discountEach":{"amount":0},"pvEach":102},"quantityLimit":{"quantityQuota":-1,"timeFrameDays":-1,"quantityOrdered":0}}]},"currency":"EUR"},{"lines":{"items":[{"item":{"href":"https://hydraqa.unicity.net/v5a-test/items/166a69d45c4ae40278554e24d5f40443","id":{"unicity":"32137"},"weightEach":{"value":0},"servingsPerContainer":0,"servingSize":0},"quantity":1,"terms":{"priceEach":168.13,"taxEach":{"amount":20.18},"discountEach":{"amount":0},"pvEach":118},"quantityLimit":{"quantityQuota":-1,"timeFrameDays":-1,"quantityOrdered":0}}]},"currency":"EUR"},{"lines":{"items":[{"item":{"href":"https://hydraqa.unicity.net/v5a-test/items/d04a0b8762b20202b6273114fb7302d1","id":{"unicity":"32138"},"weightEach":{"value":0},"servingsPerContainer":0,"servingSize":0},"quantity":1,"terms":{"priceEach":224.21,"taxEach":{"amount":26.91},"discountEach":{"amount":0},"pvEach":152},"quantityLimit":{"quantityQuota":-1,"timeFrameDays":-1,"quantityOrdered":0}}]},"currency":"EUR"},{"lines":{"items":[{"item":{"href":"https://hydraqa.unicity.net/v5a-test/items/e13d0b5c40704ad5dd186959367c97f1","id":{"unicity":"32125"},"weightEach":{"value":0},"servingsPerContainer":0,"servingSize":0},"quantity":1,"terms":{"priceEach":373.74,"taxEach":{"amount":44.85},"discountEach":{"amount":0},"pvEach":250},"quantityLimit":{"quantityQuota":-1,"timeFrameDays":-1,"quantityOrdered":0}}]},"currency":"EUR"},{"lines":{"items":[{"item":{"href":"https://hydraqa.unicity.net/v5a-test/items/def68d31fb89b7c22a71f384e32f03d7","id":{"unicity":"32699"},"weightEach":{"value":0},"servingsPerContainer":0,"servingSize":0},"quantity":1,"terms":{"priceEach":284.14,"taxEach":{"amount":34.1},"discountEach":{"amount":0},"pvEach":200},"quantityLimit":{"quantityQuota":-1,"timeFrameDays":-1,"quantityOrdered":0}}]},"currency":"EUR"},{"lines":{"items":[{"item":{"href":"https://hydraqa.unicity.net/v5a-test/items/b23be76d5816f93f8e9b7ab0665d5021","id":{"unicity":"33092"},"weightEach":{"value":0},"servingsPerContainer":0,"servingSize":0},"quantity":1,"terms":{"priceEach":149.34,"taxEach":{"amount":17.92},"discountEach":{"amount":0},"pvEach":108},"quantityLimit":{"quantityQuota":-1,"timeFrameDays":-1,"quantityOrdered":0}}]},"currency":"EUR"},{"lines":{"items":[{"item":{"href":"https://hydraqa.unicity.net/v5a-test/items/287b72c2933e3afabdea942bd11bfab9","id":{"unicity":"33093"},"weightEach":{"value":0},"servingsPerContainer":0,"servingSize":0},"quantity":1,"terms":{"priceEach":162.54,"taxEach":{"amount":19.5},"discountEach":{"amount":0},"pvEach":105},"quantityLimit":{"quantityQuota":-1,"timeFrameDays":-1,"quantityOrdered":0}}]},"currency":"EUR"},{"lines":{"items":[{"item":{"href":"https://hydraqa.unicity.net/v5a-test/items/c451532f63a06f0e9a054e946a1a1c3b","id":{"unicity":"18511"},"weightEach":{"value":50},"servingsPerContainer":30,"servingSize":0},"quantity":1,"terms":{"priceEach":37.29,"taxEach":{"amount":4.47},"discountEach":{"amount":0},"pvEach":23},"quantityLimit":{"quantityQuota":-1,"timeFrameDays":-1,"quantityOrdered":0}}]},"currency":"EUR"},{"lines":{"items":[{"item":{"href":"https://hydraqa.unicity.net/v5a-test/items/4e49c95f12ae7be78e5ffab68b8b3ca6","id":{"unicity":"26422"},"weightEach":{"value":92},"servingsPerContainer":30,"servingSize":0},"quantity":1,"terms":{"priceEach":19,"taxEach":{"amount":2.28},"discountEach":{"amount":0},"pvEach":16},"quantityLimit":{"quantityQuota":-1,"timeFrameDays":-1,"quantityOrdered":0}}]},"currency":"EUR"},{"lines":{"items":[{"item":{"href":"https://hydraqa.unicity.net/v5a-test/items/50e73ecfa509ac20c4a250f9cb32fdfc","id":{"unicity":"27156"},"weightEach":{"value":31},"servingsPerContainer":50,"servingSize":0},"quantity":1,"terms":{"priceEach":20.47,"taxEach":{"amount":2.46},"discountEach":{"amount":0},"pvEach":13},"quantityLimit":{"quantityQuota":-1,"timeFrameDays":-1,"quantityOrdered":0}}]},"currency":"EUR"},{"lines":{"items":[{"item":{"href":"https://hydraqa.unicity.net/v5a-test/items/d92292ba2f23c030e4a1f63eb3ebe1ce","id":{"unicity":"27158"},"weightEach":{"value":454},"servingsPerContainer":45,"servingSize":0},"quantity":1,"terms":{"priceEach":27.94,"taxEach":{"amount":3.35},"discountEach":{"amount":0},"pvEach":23},"quantityLimit":{"quantityQuota":-1,"timeFrameDays":-1,"quantityOrdered":0}}]},"currency":"EUR"},{"lines":{"items":[{"item":{"href":"https://hydraqa.unicity.net/v5a-test/items/cc0aa5275e03cd250dc423dd19bd9a04","id":{"unicity":"27222"},"weightEach":{"value":0},"servingsPerContainer":0,"servingSize":0},"quantity":1,"terms":{"priceEach":74.67,"taxEach":{"amount":8.96},"discountEach":{"amount":0},"pvEach":54},"quantityLimit":{"quantityQuota":-1,"timeFrameDays":-1,"quantityOrdered":0}}]},"currency":"EUR"},{"lines":{"items":[{"item":{"href":"https://hydraqa.unicity.net/v5a-test/items/9bdc68ccf7182127a7a885625dcc4fa8","id":{"unicity":"27224"},"weightEach":{"value":0},"servingsPerContainer":0,"servingSize":0},"quantity":1,"terms":{"priceEach":74.67,"taxEach":{"amount":8.96},"discountEach":{"amount":0},"pvEach":54},"quantityLimit":{"quantityQuota":-1,"timeFrameDays":-1,"quantityOrdered":0}}]},"currency":"EUR"},{"lines":{"items":[{"item":{"href":"https://hydraqa.unicity.net/v5a-test/items/a7bda1cb4a35343e52791aba56debc4a","id":{"unicity":"27617"},"weightEach":{"value":22.62},"servingsPerContainer":30,"servingSize":0},"quantity":1,"terms":{"priceEach":29.81,"taxEach":{"amount":3.58},"discountEach":{"amount":0},"pvEach":18},"quantityLimit":{"quantityQuota":-1,"timeFrameDays":-1,"quantityOrdered":0}}]},"currency":"EUR"},{"lines":{"items":[{"item":{"href":"https://hydraqa.unicity.net/v5a-test/items/a36d9fdd0fd7561e6180fb5b2ff27164","id":{"unicity":"27660"},"weightEach":{"value":129},"servingsPerContainer":15,"servingSize":0},"quantity":1,"terms":{"priceEach":40.09,"taxEach":{"amount":4.81},"discountEach":{"amount":0},"pvEach":25},"quantityLimit":{"quantityQuota":-1,"timeFrameDays":-1,"quantityOrdered":0}}]},"currency":"EUR"},{"lines":{"items":[{"item":{"href":"https://hydraqa.unicity.net/v5a-test/items/9a6e1d094182389c3da8e0a320ff0e00","id":{"unicity":"27585"},"weightEach":{"value":0},"servingsPerContainer":0,"servingSize":0},"quantity":1,"terms":{"priceEach":61.81,"taxEach":{"amount":7.42},"discountEach":{"amount":0},"pvEach":36},"quantityLimit":{"quantityQuota":-1,"timeFrameDays":-1,"quantityOrdered":0}}]},"currency":"EUR"},{"lines":{"items":[{"item":{"href":"https://hydraqa.unicity.net/v5a-test/items/0c0717a26fcfe40310e906487e8a12f7","id":{"unicity":"28601"},"weightEach":{"value":270},"servingsPerContainer":30,"servingSize":0},"quantity":1,"terms":{"priceEach":74.67,"taxEach":{"amount":8.96},"discountEach":{"amount":0},"pvEach":54},"quantityLimit":{"quantityQuota":-1,"timeFrameDays":-1,"quantityOrdered":0}}]},"currency":"EUR"},{"lines":{"items":[{"item":{"href":"https://hydraqa.unicity.net/v5a-test/items/4790a55c442b5dc75a13b155e78c1842","id":{"unicity":"28604"},"weightEach":{"value":0},"servingsPerContainer":0,"servingSize":0},"quantity":1,"terms":{"priceEach":74.67,"taxEach":{"amount":8.96},"discountEach":{"amount":0},"pvEach":54},"quantityLimit":{"quantityQuota":-1,"timeFrameDays":-1,"quantityOrdered":0}}]},"currency":"EUR"},{"lines":{"items":[{"item":{"href":"https://hydraqa.unicity.net/v5a-test/items/bd92cb1274dae7ba0d8f7ed15cda9896","id":{"unicity":"28805"},"weightEach":{"value":0},"servingsPerContainer":0,"servingSize":0},"quantity":1,"terms":{"priceEach":74.67,"taxEach":{"amount":8.96},"discountEach":{"amount":0},"pvEach":53},"quantityLimit":{"quantityQuota":-1,"timeFrameDays":-1,"quantityOrdered":0}}]},"currency":"EUR"},{"lines":{"items":[{"item":{"href":"https://hydraqa.unicity.net/v5a-test/items/11fac1643721516cbf646365d88b73cd","id":{"unicity":"29838"},"weightEach":{"value":0},"servingsPerContainer":0,"servingSize":0},"quantity":1,"terms":{"priceEach":112.36,"taxEach":{"amount":13.48},"discountEach":{"amount":0},"pvEach":86},"quantityLimit":{"quantityQuota":-1,"timeFrameDays":-1,"quantityOrdered":0}}]},"currency":"EUR"},{"lines":{"items":[{"item":{"href":"https://hydraqa.unicity.net/v5a-test/items/ab2a2b07b17718843a66bee04ff40624","id":{"unicity":"31402"},"weightEach":{"value":477},"servingsPerContainer":30,"servingSize":0},"quantity":1,"terms":{"priceEach":92.43,"taxEach":{"amount":11.09},"discountEach":{"amount":0},"pvEach":70},"quantityLimit":{"quantityQuota":-1,"timeFrameDays":-1,"quantityOrdered":0}}]},"currency":"EUR"},{"lines":{"items":[{"item":{"href":"https://hydraqa.unicity.net/v5a-test/items/db0a2b02eaabc5ad45fe91ba5c7bcf5a","id":{"unicity":"31772"},"weightEach":{"value":0},"servingsPerContainer":0,"servingSize":0},"quantity":1,"terms":{"priceEach":8.32,"taxEach":{"amount":2.08},"discountEach":{"amount":0},"pvEach":0},"quantityLimit":{"quantityQuota":-1,"timeFrameDays":-1,"quantityOrdered":0}}]},"currency":"EUR"},{"lines":{"items":[{"item":{"href":"https://hydraqa.unicity.net/v5a-test/items/34c8c6b0f454da738e64265f08c57a72","id":{"unicity":"31777"},"weightEach":{"value":100},"servingsPerContainer":0,"servingSize":0},"quantity":1,"terms":{"priceEach":6.22,"taxEach":{"amount":1.56},"discountEach":{"amount":0},"pvEach":3},"quantityLimit":{"quantityQuota":-1,"timeFrameDays":-1,"quantityOrdered":0}}]},"currency":"EUR"},{"lines":{"items":[{"item":{"href":"https://hydraqa.unicity.net/v5a-test/items/fc8583e3bf463b599fdcce05234bc137","id":{"unicity":"31780"},"weightEach":{"value":275},"servingsPerContainer":0,"servingSize":0},"quantity":1,"terms":{"priceEach":8.32,"taxEach":{"amount":2.08},"discountEach":{"amount":0},"pvEach":4},"quantityLimit":{"quantityQuota":-1,"timeFrameDays":-1,"quantityOrdered":0}}]},"currency":"EUR"},{"lines":{"items":[{"item":{"href":"https://hydraqa.unicity.net/v5a-test/items/7e80331c8c25f515174d3f894283a27c","id":{"unicity":"31781"},"weightEach":{"value":275},"servingsPerContainer":0,"servingSize":0},"quantity":1,"terms":{"priceEach":8.32,"taxEach":{"amount":2.08},"discountEach":{"amount":0},"pvEach":4},"quantityLimit":{"quantityQuota":-1,"timeFrameDays":-1,"quantityOrdered":0}}]},"currency":"EUR"},{"lines":{"items":[{"item":{"href":"https://hydraqa.unicity.net/v5a-test/items/8d3854b47de8e45d6fcdc194dffff601","id":{"unicity":"31782"},"weightEach":{"value":50},"servingsPerContainer":0,"servingSize":0},"quantity":1,"terms":{"priceEach":12.52,"taxEach":{"amount":3.13},"discountEach":{"amount":0},"pvEach":6},"quantityLimit":{"quantityQuota":-1,"timeFrameDays":-1,"quantityOrdered":0}}]},"currency":"EUR"},{"lines":{"items":[{"item":{"href":"https://hydraqa.unicity.net/v5a-test/items/04516be30bd9bf93e01536e7fc8f8716","id":{"unicity":"31779"},"weightEach":{"value":350},"servingsPerContainer":0,"servingSize":0},"quantity":1,"terms":{"priceEach":10,"taxEach":{"amount":2.5},"discountEach":{"amount":0},"pvEach":5},"quantityLimit":{"quantityQuota":-1,"timeFrameDays":-1,"quantityOrdered":0}}]},"currency":"EUR"},{"lines":{"items":[{"item":{"href":"https://hydraqa.unicity.net/v5a-test/items/d7e1dd4b19a8672aed99e591356c0d48","id":{"unicity":"31932"},"weightEach":{"value":180},"servingsPerContainer":0,"servingSize":0},"quantity":1,"terms":{"priceEach":6.22,"taxEach":{"amount":1.56},"discountEach":{"amount":0},"pvEach":3},"quantityLimit":{"quantityQuota":-1,"timeFrameDays":-1,"quantityOrdered":0}}]},"currency":"EUR"},{"lines":{"items":[{"item":{"href":"https://hydraqa.unicity.net/v5a-test/items/1aa00306dc0006d365acd7436548f2e6","id":{"unicity":"31778"},"weightEach":{"value":350},"servingsPerContainer":0,"servingSize":0},"quantity":1,"terms":{"priceEach":12.52,"taxEach":{"amount":3.13},"discountEach":{"amount":0},"pvEach":6},"quantityLimit":{"quantityQuota":-1,"timeFrameDays":-1,"quantityOrdered":0}}]},"currency":"EUR"},{"lines":{"items":[{"item":{"href":"https://hydraqa.unicity.net/v5a-test/items/4fc6de0cb7817f39a836ff08609b8539","id":{"unicity":"32556"},"weightEach":{"value":0},"servingsPerContainer":0,"servingSize":0},"quantity":1,"terms":{"priceEach":2.44,"taxEach":{"amount":0.61},"discountEach":{"amount":0},"pvEach":0},"quantityLimit":{"quantityQuota":-1,"timeFrameDays":-1,"quantityOrdered":0}}]},"currency":"EUR"},{"lines":{"items":[{"item":{"href":"https://hydraqa.unicity.net/v5a-test/items/2262fdd5af916c31df08089c191735c1","id":{"unicity":"29317"},"weightEach":{"value":0},"servingsPerContainer":0,"servingSize":0},"quantity":1,"terms":{"priceEach":25.21,"taxEach":{"amount":6.3},"discountEach":{"amount":0},"pvEach":0},"quantityLimit":{"quantityQuota":-1,"timeFrameDays":-1,"quantityOrdered":0}}]},"currency":"EUR"},{"lines":{"items":[{"item":{"href":"https://hydraqa.unicity.net/v5a-test/items/217ca02fbd24e21ca5281412756238ab","id":{"unicity":"32126"},"weightEach":{"value":0},"servingsPerContainer":0,"servingSize":0},"quantity":1,"terms":{"priceEach":152.24,"taxEach":{"amount":19.35},"discountEach":{"amount":0},"pvEach":101},"quantityLimit":{"quantityQuota":-1,"timeFrameDays":-1,"quantityOrdered":0}}]},"currency":"EUR"},{"lines":{"items":[{"item":{"href":"https://hydraqa.unicity.net/v5a-test/items/808008a0657d2033ad471c39bbce9891","id":{"unicity":"32127"},"weightEach":{"value":0},"servingsPerContainer":0,"servingSize":0},"quantity":1,"terms":{"priceEach":162.34,"taxEach":{"amount":20.56},"discountEach":{"amount":0},"pvEach":113},"quantityLimit":{"quantityQuota":-1,"timeFrameDays":-1,"quantityOrdered":0}}]},"currency":"EUR"},{"lines":{"items":[{"item":{"href":"https://hydraqa.unicity.net/v5a-test/items/10df0fc3509b53cbeaeb9476ca92d520","id":{"unicity":"29833"},"weightEach":{"value":0},"servingsPerContainer":0,"servingSize":0},"quantity":1,"terms":{"priceEach":90.56,"taxEach":{"amount":10.87},"discountEach":{"amount":0},"pvEach":69},"quantityLimit":{"quantityQuota":-1,"timeFrameDays":-1,"quantityOrdered":0}}]},"currency":"EUR"},{"lines":{"items":[{"item":{"href":"https://hydraqa.unicity.net/v5a-test/items/b90fda77fbdf07131e0e60b87941cf76","id":{"unicity":"32755"},"weightEach":{"value":0},"servingsPerContainer":0,"servingSize":0},"quantity":1,"terms":{"priceEach":758.54,"taxEach":{"amount":91.02},"discountEach":{"amount":0},"pvEach":503},"quantityLimit":{"quantityQuota":-1,"timeFrameDays":-1,"quantityOrdered":0}}]},"currency":"EUR"},{"lines":{"items":[{"item":{"href":"https://hydraqa.unicity.net/v5a-test/items/3ab3ce55100f6593f04ec4a0d328a0b5","id":{"unicity":"32756"},"weightEach":{"value":0},"servingsPerContainer":0,"servingSize":0},"quantity":1,"terms":{"priceEach":1517.09,"taxEach":{"amount":182.05},"discountEach":{"amount":0},"pvEach":1006},"quantityLimit":{"quantityQuota":-1,"timeFrameDays":-1,"quantityOrdered":0}}]},"currency":"EUR"},{"lines":{"items":[{"item":{"href":"https://hydraqa.unicity.net/v5a-test/items/36c1237572a0cc563fad27fcfd6abcf1","id":{"unicity":"32967"},"weightEach":{"value":0},"servingsPerContainer":0,"servingSize":0},"quantity":1,"terms":{"priceEach":1136.56,"taxEach":{"amount":136.39},"discountEach":{"amount":0},"pvEach":800},"quantityLimit":{"quantityQuota":-1,"timeFrameDays":-1,"quantityOrdered":0}}]},"currency":"EUR"},{"lines":{"items":[{"item":{"href":"https://hydraqa.unicity.net/v5a-test/items/817e062d5600cad31f527fbfa764a0fa","id":{"unicity":"32968"},"weightEach":{"value":0},"servingsPerContainer":0,"servingSize":0},"quantity":1,"terms":{"priceEach":2273.12,"taxEach":{"amount":272.77},"discountEach":{"amount":0},"pvEach":1600},"quantityLimit":{"quantityQuota":-1,"timeFrameDays":-1,"quantityOrdered":0}}]},"currency":"EUR"},{"lines":{"items":[{"item":{"href":"https://hydraqa.unicity.net/v5a-test/items/81b61d497458d50a6893cf18a065539c","id":{"unicity":"32965"},"weightEach":{"value":0},"servingsPerContainer":0,"servingSize":0},"quantity":1,"terms":{"priceEach":690.84,"taxEach":{"amount":82.9},"discountEach":{"amount":0},"pvEach":456},"quantityLimit":{"quantityQuota":-1,"timeFrameDays":-1,"quantityOrdered":0}}]},"currency":"EUR"},{"lines":{"items":[{"item":{"href":"https://hydraqa.unicity.net/v5a-test/items/ab1f0744e0ce56260af7928f7bf04478","id":{"unicity":"32966"},"weightEach":{"value":0},"servingsPerContainer":0,"servingSize":0},"quantity":1,"terms":{"priceEach":1381.68,"taxEach":{"amount":165.8},"discountEach":{"amount":0},"pvEach":912},"quantityLimit":{"quantityQuota":-1,"timeFrameDays":-1,"quantityOrdered":0}}]},"currency":"EUR"},{"lines":{"items":[{"item":{"href":"https://hydraqa.unicity.net/v5a-test/items/2faa0a2bcdeed39b7569e085fe880a23","id":{"unicity":"33097"},"weightEach":{"value":0},"servingsPerContainer":0,"servingSize":0},"quantity":1,"terms":{"priceEach":703.21,"taxEach":{"amount":84.39},"discountEach":{"amount":0},"pvEach":500},"quantityLimit":{"quantityQuota":-1,"timeFrameDays":-1,"quantityOrdered":0}}]},"currency":"EUR"},{"lines":{"items":[{"item":{"href":"https://hydraqa.unicity.net/v5a-test/items/3196d0b751f9119076e364a1cb03fa18","id":{"unicity":"33095"},"weightEach":{"value":0},"servingsPerContainer":0,"servingSize":0},"quantity":1,"terms":{"priceEach":740.99,"taxEach":{"amount":88.92},"discountEach":{"amount":0},"pvEach":514},"quantityLimit":{"quantityQuota":-1,"timeFrameDays":-1,"quantityOrdered":0}}]},"currency":"EUR"},{"lines":{"items":[{"item":{"href":"https://hydraqa.unicity.net/v5a-test/items/9c43de3dc98337bf964013caa56e3e98","id":{"unicity":"33098"},"weightEach":{"value":0},"servingsPerContainer":0,"servingSize":0},"quantity":1,"terms":{"priceEach":1406.42,"taxEach":{"amount":168.77},"discountEach":{"amount":0},"pvEach":1000},"quantityLimit":{"quantityQuota":-1,"timeFrameDays":-1,"quantityOrdered":0}}]},"currency":"EUR"},{"lines":{"items":[{"item":{"href":"https://hydraqa.unicity.net/v5a-test/items/bdcb8e96238e2243278e5627f9a5f893","id":{"unicity":"33096"},"weightEach":{"value":0},"servingsPerContainer":0,"servingSize":0},"quantity":1,"terms":{"priceEach":1481.98,"taxEach":{"amount":177.84},"discountEach":{"amount":0},"pvEach":1028},"quantityLimit":{"quantityQuota":-1,"timeFrameDays":-1,"quantityOrdered":0}}]},"currency":"EUR"},{"lines":{"items":[{"item":{"href":"https://hydraqa.unicity.net/v5a-test/items/332daeac6796ed016ea8b7d0bc42c2d4","id":{"unicity":"24274"},"weightEach":{"value":0},"servingsPerContainer":0,"servingSize":0},"quantity":1,"terms":{"priceEach":7.48,"taxEach":{"amount":1.87},"discountEach":{"amount":0},"pvEach":0},"quantityLimit":{"quantityQuota":-1,"timeFrameDays":-1,"quantityOrdered":0}}]},"currency":"EUR"},{"lines":{"items":[{"item":{"href":"https://hydraqa.unicity.net/v5a-test/items/1945faa1776541d53120ecfe3c1d8a2b","id":{"unicity":"24418"},"weightEach":{"value":0},"servingsPerContainer":0,"servingSize":0},"quantity":1,"terms":{"priceEach":4.96,"taxEach":{"amount":1.24},"discountEach":{"amount":0},"pvEach":0},"quantityLimit":{"quantityQuota":-1,"timeFrameDays":-1,"quantityOrdered":0}}]},"currency":"EUR"},{"lines":{"items":[{"item":{"href":"https://hydraqa.unicity.net/v5a-test/items/10da226fab00279b4f89df10af2a10b7","id":{"unicity":"26442"},"weightEach":{"value":0},"servingsPerContainer":0,"servingSize":0},"quantity":1,"terms":{"priceEach":5.8,"taxEach":{"amount":1.45},"discountEach":{"amount":0},"pvEach":0},"quantityLimit":{"quantityQuota":-1,"timeFrameDays":-1,"quantityOrdered":0}}]},"currency":"EUR"},{"lines":{"items":[{"item":{"href":"https://hydraqa.unicity.net/v5a-test/items/5147f8cfe32548e02fc158d4da9c4d6f","id":{"unicity":"27150"},"weightEach":{"value":0},"servingsPerContainer":0,"servingSize":0},"quantity":1,"terms":{"priceEach":93.36,"taxEach":{"amount":11.2},"discountEach":{"amount":0},"pvEach":70},"quantityLimit":{"quantityQuota":-1,"timeFrameDays":-1,"quantityOrdered":0}}]},"currency":"EUR"},{"lines":{"items":[{"item":{"href":"https://hydraqa.unicity.net/v5a-test/items/7d4ad2792f7056e5f81eb24f118ef737","id":{"unicity":"27575"},"weightEach":{"value":1104},"servingsPerContainer":30,"servingSize":0},"quantity":1,"terms":{"priceEach":55.98,"taxEach":{"amount":6.72},"discountEach":{"amount":0},"pvEach":34},"quantityLimit":{"quantityQuota":-1,"timeFrameDays":-1,"quantityOrdered":0}}]},"currency":"EUR"},{"lines":{"items":[{"item":{"href":"https://hydraqa.unicity.net/v5a-test/items/112b8c39286598b3730f630f371a45f4","id":{"unicity":"27587"},"weightEach":{"value":690},"servingsPerContainer":30,"servingSize":0},"quantity":1,"terms":{"priceEach":55.98,"taxEach":{"amount":6.72},"discountEach":{"amount":0},"pvEach":34},"quantityLimit":{"quantityQuota":-1,"timeFrameDays":-1,"quantityOrdered":0}}]},"currency":"EUR"},{"lines":{"items":[{"item":{"href":"https://hydraqa.unicity.net/v5a-test/items/024e696f8b44a1d315006e676604cd31","id":{"unicity":"27395"},"weightEach":{"value":210},"servingsPerContainer":30,"servingSize":0},"quantity":1,"terms":{"priceEach":29.81,"taxEach":{"amount":3.58},"discountEach":{"amount":0},"pvEach":18},"quantityLimit":{"quantityQuota":-1,"timeFrameDays":-1,"quantityOrdered":0}}]},"currency":"EUR"},{"lines":{"items":[{"item":{"href":"https://hydraqa.unicity.net/v5a-test/items/4b2034f47fce90b87bba28c5c2d7c25d","id":{"unicity":"15880"},"weightEach":{"value":51.5},"servingsPerContainer":90,"servingSize":0},"quantity":1,"terms":{"priceEach":51.31,"taxEach":{"amount":6.16},"discountEach":{"amount":0},"pvEach":33},"quantityLimit":{"quantityQuota":-1,"timeFrameDays":-1,"quantityOrdered":0}}]},"currency":"EUR"},{"lines":{"items":[{"item":{"href":"https://hydraqa.unicity.net/v5a-test/items/398d06b858b960f6f38086d40608aef2","id":{"unicity":"26560"},"weightEach":{"value":60},"servingsPerContainer":30,"servingSize":0},"quantity":1,"terms":{"priceEach":20.47,"taxEach":{"amount":2.46},"discountEach":{"amount":0},"pvEach":13},"quantityLimit":{"quantityQuota":-1,"timeFrameDays":-1,"quantityOrdered":0}}]},"currency":"EUR"},{"lines":{"items":[{"item":{"href":"https://hydraqa.unicity.net/v5a-test/items/e218d1cac5f31e7ae4f5876c29c57377","id":{"unicity":"29017"},"weightEach":{"value":52.8},"servingsPerContainer":60,"servingSize":0},"quantity":1,"terms":{"priceEach":37.29,"taxEach":{"amount":4.47},"discountEach":{"amount":0},"pvEach":23},"quantityLimit":{"quantityQuota":-1,"timeFrameDays":-1,"quantityOrdered":0}}]},"currency":"EUR"},{"lines":{"items":[{"item":{"href":"https://hydraqa.unicity.net/v5a-test/items/3f2d12d7a0e8551fc99fad3bbe1ba633","id":{"unicity":"26567"},"weightEach":{"value":173.46},"servingsPerContainer":60,"servingSize":0},"quantity":1,"terms":{"priceEach":55.98,"taxEach":{"amount":6.72},"discountEach":{"amount":0},"pvEach":26},"quantityLimit":{"quantityQuota":-1,"timeFrameDays":-1,"quantityOrdered":0}}]},"currency":"EUR"},{"lines":{"items":[{"item":{"href":"https://hydraqa.unicity.net/v5a-test/items/191637167cb3144bd2e8c4615e9ab67e","id":{"unicity":"26568"},"weightEach":{"value":198.24},"servingsPerContainer":60,"servingSize":0},"quantity":1,"terms":{"priceEach":55.98,"taxEach":{"amount":6.72},"discountEach":{"amount":0},"pvEach":26},"quantityLimit":{"quantityQuota":-1,"timeFrameDays":-1,"quantityOrdered":0}}]},"currency":"EUR"},{"lines":{"items":[{"item":{"href":"https://hydraqa.unicity.net/v5a-test/items/64ec7ad932acafab052a4e8800ad1238","id":{"unicity":"24758"},"weightEach":{"value":26.89},"servingsPerContainer":30,"servingSize":0},"quantity":1,"terms":{"priceEach":37.29,"taxEach":{"amount":4.47},"discountEach":{"amount":0},"pvEach":23},"quantityLimit":{"quantityQuota":-1,"timeFrameDays":-1,"quantityOrdered":0}}]},"currency":"EUR"},{"lines":{"items":[{"item":{"href":"https://hydraqa.unicity.net/v5a-test/items/606f7be753c74dfbfe4b107276775140","id":{"unicity":"29821"},"weightEach":{"value":133.5},"servingsPerContainer":30,"servingSize":0},"quantity":1,"terms":{"priceEach":79.35,"taxEach":{"amount":9.52},"discountEach":{"amount":0},"pvEach":59},"quantityLimit":{"quantityQuota":-1,"timeFrameDays":-1,"quantityOrdered":0}}]},"currency":"EUR"},{"lines":{"items":[{"item":{"href":"https://hydraqa.unicity.net/v5a-test/items/94939f9be900906d2b47260ccba22a7b","id":{"unicity":"32012"},"weightEach":{"value":420},"servingsPerContainer":20,"servingSize":0},"quantity":1,"terms":{"priceEach":13.93,"taxEach":{"amount":1.67},"discountEach":{"amount":0},"pvEach":6},"quantityLimit":{"quantityQuota":-1,"timeFrameDays":-1,"quantityOrdered":0}}]},"currency":"EUR"},{"lines":{"items":[{"item":{"href":"https://hydraqa.unicity.net/v5a-test/items/2c4c1abe00983e85aaa918d2ce341491","id":{"unicity":"17174"},"weightEach":{"value":49.72},"servingsPerContainer":100,"servingSize":0},"quantity":1,"terms":{"priceEach":37.29,"taxEach":{"amount":4.47},"discountEach":{"amount":0},"pvEach":23},"quantityLimit":{"quantityQuota":-1,"timeFrameDays":-1,"quantityOrdered":0}}]},"currency":"EUR"},{"lines":{"items":[{"item":{"href":"https://hydraqa.unicity.net/v5a-test/items/991cdbb84a495779eb209fb3956a77e4","id":{"unicity":"29183"},"weightEach":{"value":50},"servingsPerContainer":0,"servingSize":0},"quantity":1,"terms":{"priceEach":31.01,"taxEach":{"amount":7.75},"discountEach":{"amount":0},"pvEach":18},"quantityLimit":{"quantityQuota":-1,"timeFrameDays":-1,"quantityOrdered":0}}]},"currency":"EUR"},{"lines":{"items":[{"item":{"href":"https://hydraqa.unicity.net/v5a-test/items/0e78fbdfebef11cd62f8d2120064ee58","id":{"unicity":"30280"},"weightEach":{"value":30},"servingsPerContainer":0,"servingSize":0},"quantity":1,"terms":{"priceEach":33.53,"taxEach":{"amount":8.38},"discountEach":{"amount":0},"pvEach":20},"quantityLimit":{"quantityQuota":-1,"timeFrameDays":-1,"quantityOrdered":0}}]},"currency":"EUR"},{"lines":{"items":[{"item":{"href":"https://hydraqa.unicity.net/v5a-test/items/beb900429fbb160dbfc3001c14d96df4","id":{"unicity":"29187"},"weightEach":{"value":30},"servingsPerContainer":0,"servingSize":0},"quantity":1,"terms":{"priceEach":37.73,"taxEach":{"amount":9.43},"discountEach":{"amount":0},"pvEach":24},"quantityLimit":{"quantityQuota":-1,"timeFrameDays":-1,"quantityOrdered":0}}]},"currency":"EUR"},{"lines":{"items":[{"item":{"href":"https://hydraqa.unicity.net/v5a-test/items/1b0412bea8c0b841c66f65a36aa14108","id":{"unicity":"29191"},"weightEach":{"value":30},"servingsPerContainer":0,"servingSize":0},"quantity":1,"terms":{"priceEach":37.73,"taxEach":{"amount":9.43},"discountEach":{"amount":0},"pvEach":24},"quantityLimit":{"quantityQuota":-1,"timeFrameDays":-1,"quantityOrdered":0}}]},"currency":"EUR"},{"lines":{"items":[{"item":{"href":"https://hydraqa.unicity.net/v5a-test/items/52c87f74d3b41ed49b0f897b66c2a99b","id":{"unicity":"30684"},"weightEach":{"value":450},"servingsPerContainer":30,"servingSize":0},"quantity":1,"terms":{"priceEach":37.29,"taxEach":{"amount":4.47},"discountEach":{"amount":0},"pvEach":23},"quantityLimit":{"quantityQuota":-1,"timeFrameDays":-1,"quantityOrdered":0}}]},"currency":"EUR"},{"lines":{"items":[{"item":{"href":"https://hydraqa.unicity.net/v5a-test/items/90f38f77c9e6ea5a71aa7377df83760b","id":{"unicity":"30198"},"weightEach":{"value":0},"servingsPerContainer":0,"servingSize":0},"quantity":1,"terms":{"priceEach":19,"taxEach":{"amount":2.28},"discountEach":{"amount":0},"pvEach":16},"quantityLimit":{"quantityQuota":-1,"timeFrameDays":-1,"quantityOrdered":0}}]},"currency":"EUR"},{"lines":{"items":[{"item":{"href":"https://hydraqa.unicity.net/v5a-test/items/7e5e7df32701fd44947c8146f2129f7a","id":{"unicity":"31672"},"weightEach":{"value":270},"servingsPerContainer":15,"servingSize":0},"quantity":1,"terms":{"priceEach":74.67,"taxEach":{"amount":8.96},"discountEach":{"amount":0},"pvEach":54},"quantityLimit":{"quantityQuota":-1,"timeFrameDays":-1,"quantityOrdered":0}}]},"currency":"EUR"},{"lines":{"items":[{"item":{"href":"https://hydraqa.unicity.net/v5a-test/items/493c2ba720f847422eccc5da35024f33","id":{"unicity":"31534"},"weightEach":{"value":95},"servingsPerContainer":60,"servingSize":0},"quantity":1,"terms":{"priceEach":26.07,"taxEach":{"amount":3.13},"discountEach":{"amount":0},"pvEach":16},"quantityLimit":{"quantityQuota":-1,"timeFrameDays":-1,"quantityOrdered":0}}]},"currency":"EUR"},{"lines":{"items":[{"item":{"href":"https://hydraqa.unicity.net/v5a-test/items/bfddb53fe0d5ed5432c531dc9850cbe4","id":{"unicity":"29449"},"weightEach":{"value":60},"servingsPerContainer":30,"servingSize":0},"quantity":1,"terms":{"priceEach":26.07,"taxEach":{"amount":3.13},"discountEach":{"amount":0},"pvEach":16},"quantityLimit":{"quantityQuota":-1,"timeFrameDays":-1,"quantityOrdered":0}}]},"currency":"EUR"},{"lines":{"items":[{"item":{"href":"https://hydraqa.unicity.net/v5a-test/items/fbb6dbd577adb73abaec364076fb288f","id":{"unicity":"32087"},"weightEach":{"value":600},"servingsPerContainer":10,"servingSize":0},"quantity":1,"terms":{"priceEach":20.47,"taxEach":{"amount":2.46},"discountEach":{"amount":0},"pvEach":9},"quantityLimit":{"quantityQuota":-1,"timeFrameDays":-1,"quantityOrdered":0}}]},"currency":"EUR"},{"lines":{"items":[{"item":{"href":"https://hydraqa.unicity.net/v5a-test/items/1f59b10f0bef99fa20e4b9b0b4efea88","id":{"unicity":"32333"},"weightEach":{"value":0},"servingsPerContainer":0,"servingSize":0},"quantity":1,"terms":{"priceEach":9.16,"taxEach":{"amount":2.29},"discountEach":{"amount":0},"pvEach":0},"quantityLimit":{"quantityQuota":-1,"timeFrameDays":-1,"quantityOrdered":0}}]},"currency":"EUR"},{"lines":{"items":[{"item":{"href":"https://hydraqa.unicity.net/v5a-test/items/592aef9ec417f4553dc0b62a91a1f5e0","id":{"unicity":"32330"},"weightEach":{"value":0},"servingsPerContainer":0,"servingSize":0},"quantity":1,"terms":{"priceEach":93.36,"taxEach":{"amount":11.2},"discountEach":{"amount":0},"pvEach":55},"quantityLimit":{"quantityQuota":-1,"timeFrameDays":-1,"quantityOrdered":0}}]},"currency":"EUR"},{"lines":{"items":[{"item":{"href":"https://hydraqa.unicity.net/v5a-test/items/87dd58dff9eb54a10b652443e7279a1e","id":{"unicity":"32693"},"weightEach":{"value":0},"servingsPerContainer":0,"servingSize":0},"quantity":1,"terms":{"priceEach":79.35,"taxEach":{"amount":9.52},"discountEach":{"amount":0},"pvEach":59},"quantityLimit":{"quantityQuota":-1,"timeFrameDays":-1,"quantityOrdered":0}}]},"currency":"EUR"},{"lines":{"items":[{"item":{"href":"https://hydraqa.unicity.net/v5a-test/items/1bd53de7fe880ba71f46c9976ca2c137","id":{"unicity":"27739"},"weightEach":{"value":0},"servingsPerContainer":0,"servingSize":0},"quantity":1,"terms":{"priceEach":37.29,"taxEach":{"amount":4.47},"discountEach":{"amount":0},"pvEach":23},"quantityLimit":{"quantityQuota":-1,"timeFrameDays":-1,"quantityOrdered":0}}]},"currency":"EUR"}]}
Entry request : {"order":{"customer":{"href":"https://hydraqa.unicity.net/v5a-test/customers?type=Associate"},"shipToAddress":{"country":"SE"}},"vary":{"lines":{"items":[{"item":{"href":"https://hydraqa.unicity.net/v5a-test/items?id.unicity=26297|26372|26373|28939|31162|31163|31164|31242|31243|31244|31763|31951|31952|32128|32129|32130|32132|32133|32134|32135|32136|32137|32138|32125|32699|33092|33094|33093|18511|26422|27156|27158|27160|27166|27222|27224|27617|27660|27585|28601|28604|28805|29838|31402|31772|31777|31780|31781|31782|31779|31932|31778|32556|29317|32126|32127|29833|32755|32756|32967|32968|32965|32966|33097|33095|33098|33096|20750|24274|24418|26442|27150|27163|27575|27587|27395|15880|26560|29017|26567|26568|24758|29821|32012|17174|29183|30280|29187|29191|30684|30198|31672|31534|29449|32087|32333|32330|32693|27739"}}]}}}
]]></system-out>
    <system-err><![CDATA[Starting ChromeDriver 2.36.540470 (e522d04694c7ebea4ba8821272dbef4f9b818c91) on port 44747
Only local connections are allowed.
Oct 18, 2020 12:09:31 PM org.openqa.selenium.remote.ProtocolHandshake createSession
INFO: Detected dialect: OSS
]]></system-err>
  </testcase>
  <testcase name="Enroll" classname="Tests.FranchisePartner" time="182.699">
    <failure message="no such element: Unable to locate element: {&quot;method&quot;:&quot;xpath&quot;,&quot;selector&quot;:&quot;//li[contains(@ng-if, &apos;enrollerProfile&apos;)]//p[@class=&apos;ng-binding&apos;]&quot;}&#10;  (Session info: chrome=86.0.4240.75)&#10;  (Driver info: chromedriver=2.36.540470 (e522d04694c7ebea4ba8821272dbef4f9b818c91),platform=Windows NT 6.3.9600 x86_64) (WARNING: The server did not provide any stacktrace information)&#10;Command duration or timeout: 0 milliseconds&#10;For documentation on this error, please visit: http://seleniumhq.org/exceptions/no_such_element.html&#10;Build info: version: &apos;3.8.1&apos;, revision: &apos;6e95a6684b&apos;, time: &apos;2017-12-01T18:33:54.468Z&apos;&#10;System info: host: &apos;QASERVER01&apos;, ip: &apos;10.2.0.23&apos;, os.name: &apos;Windows Server 2012 R2&apos;, os.arch: &apos;amd64&apos;, os.version: &apos;6.3&apos;, java.version: &apos;1.8.0_111&apos;&#10;Driver info: org.openqa.selenium.chrome.ChromeDriver&#10;Capabilities {acceptInsecureCerts: false, acceptSslCerts: false, applicationCacheEnabled: false, browserConnectionEnabled: false, browserName: chrome, chrome: {chromedriverVersion: 2.36.540470 (e522d04694c7eb..., userDataDir: C:\Users\sumancb\AppData\Lo...}, cssSelectorsEnabled: true, databaseEnabled: false, handlesAlerts: true, hasTouchScreen: false, javascriptEnabled: true, locationContextEnabled: true, mobileEmulationEnabled: false, nativeEvents: true, networkConnectionEnabled: false, pageLoadStrategy: normal, platform: XP, platformName: XP, rotatable: false, setWindowRect: true, takesHeapSnapshot: true, takesScreenshot: true, unexpectedAlertBehaviour: , unhandledPromptBehavior: , version: 86.0.4240.75, webStorageEnabled: true}&#10;Session ID: a1e83d806e86ecd5439d21689e4b9baf&#10;*** Element info: {Using=xpath, value=//li[contains(@ng-if, &apos;enrollerProfile&apos;)]//p[@class=&apos;ng-binding&apos;]}" type="org.openqa.selenium.NoSuchElementException">org.openqa.selenium.NoSuchElementException: 
no such element: Unable to locate element: {"method":"xpath","selector":"//li[contains(@ng-if, 'enrollerProfile')]//p[@class='ng-binding']"}
  (Session info: chrome=86.0.4240.75)
  (Driver info: chromedriver=2.36.540470 (e522d04694c7ebea4ba8821272dbef4f9b818c91),platform=Windows NT 6.3.9600 x86_64) (WARNING: The server did not provide any stacktrace information)
Command duration or timeout: 0 milliseconds
For documentation on this error, please visit: http://seleniumhq.org/exceptions/no_such_element.html
Build info: version: '3.8.1', revision: '6e95a6684b', time: '2017-12-01T18:33:54.468Z'
System info: host: 'QASERVER01', ip: '10.2.0.23', os.name: 'Windows Server 2012 R2', os.arch: 'amd64', os.version: '6.3', java.version: '1.8.0_111'
Driver info: org.openqa.selenium.chrome.ChromeDriver
Capabilities {acceptInsecureCerts: false, acceptSslCerts: false, applicationCacheEnabled: false, browserConnectionEnabled: false, browserName: chrome, chrome: {chromedriverVersion: 2.36.540470 (e522d04694c7eb..., userDataDir: C:\Users\sumancb\AppData\Lo...}, cssSelectorsEnabled: true, databaseEnabled: false, handlesAlerts: true, hasTouchScreen: false, javascriptEnabled: true, locationContextEnabled: true, mobileEmulationEnabled: false, nativeEvents: true, networkConnectionEnabled: false, pageLoadStrategy: normal, platform: XP, platformName: XP, rotatable: false, setWindowRect: true, takesHeapSnapshot: true, takesScreenshot: true, unexpectedAlertBehaviour: , unhandledPromptBehavior: , version: 86.0.4240.75, webStorageEnabled: true}
Session ID: a1e83d806e86ecd5439d21689e4b9baf
*** Element info: {Using=xpath, value=//li[contains(@ng-if, 'enrollerProfile')]//p[@class='ng-binding']}
	at Tests.FranchisePartner.Enroll(FranchisePartner.java:251)
</failure>
    <system-out><![CDATA[Request URL: https://hydraqa.unicity.net/v5a-test/quotes?&expand=item
Entry Quotes response : {"items":[{"lines":{"items":[{"item":{"href":"https://hydraqa.unicity.net/v5a-test/items/ce9cbecebbd583d0df582da5e1c57ce2","id":{"unicity":"26306"},"weightEach":{"value":0},"servingsPerContainer":0,"servingSize":0},"quantity":1,"terms":{"priceEach":209.76,"taxEach":{"amount":5.24},"discountEach":{"amount":0},"pvEach":143},"quantityLimit":{"quantityQuota":-1,"timeFrameDays":-1,"quantityOrdered":0}}]},"currency":"CHF"},{"lines":{"items":[{"item":{"href":"https://hydraqa.unicity.net/v5a-test/items/a7bda1cb4a35343e52791aba56debc4a","id":{"unicity":"27617"},"weightEach":{"value":0},"servingsPerContainer":0,"servingSize":0},"quantity":1,"terms":{"priceEach":37.07,"taxEach":{"amount":0.93},"discountEach":{"amount":0},"pvEach":23},"quantityLimit":{"quantityQuota":-1,"timeFrameDays":-1,"quantityOrdered":0}}]},"currency":"CHF"},{"lines":{"items":[{"item":{"href":"https://hydraqa.unicity.net/v5a-test/items/04614fabe9e2c10ec4968feb09a6cf7e","id":{"unicity":"31400"},"weightEach":{"value":0},"servingsPerContainer":0,"servingSize":0},"quantity":1,"terms":{"priceEach":74.15,"taxEach":{"amount":1.85},"discountEach":{"amount":0},"pvEach":45},"quantityLimit":{"quantityQuota":-1,"timeFrameDays":-1,"quantityOrdered":0}}]},"currency":"CHF"},{"lines":{"items":[{"item":{"href":"https://hydraqa.unicity.net/v5a-test/items/e9991b48ac639367d526d2b9b22fac8c","id":{"unicity":"32128"},"weightEach":{"value":0},"servingsPerContainer":0,"servingSize":0},"quantity":1,"terms":{"priceEach":472.22,"taxEach":{"amount":11.81},"discountEach":{"amount":0},"pvEach":321},"quantityLimit":{"quantityQuota":-1,"timeFrameDays":-1,"quantityOrdered":0}}]},"currency":"CHF"},{"lines":{"items":[{"item":{"href":"https://hydraqa.unicity.net/v5a-test/items/40b3312de189221d96d838d33a8ec49d","id":{"unicity":"32129"},"weightEach":{"value":0},"servingsPerContainer":0,"servingSize":0},"quantity":1,"terms":{"priceEach":472.22,"taxEach":{"amount":11.81},"discountEach":{"amount":0},"pvEach":326},"quantityLimit":{"quantityQuota":-1,"timeFrameDays":-1,"quantityOrdered":0}}]},"currency":"CHF"},{"lines":{"items":[{"item":{"href":"https://hydraqa.unicity.net/v5a-test/items/6bd168a66ce41003a8f30917deff5808","id":{"unicity":"32130"},"weightEach":{"value":0},"servingsPerContainer":0,"servingSize":0},"quantity":1,"terms":{"priceEach":447.82,"taxEach":{"amount":11.2},"discountEach":{"amount":0},"pvEach":304},"quantityLimit":{"quantityQuota":-1,"timeFrameDays":-1,"quantityOrdered":0}}]},"currency":"CHF"},{"lines":{"items":[{"item":{"href":"https://hydraqa.unicity.net/v5a-test/items/806f99b793edd7cd0b1c158ba0eb3142","id":{"unicity":"32132"},"weightEach":{"value":0},"servingsPerContainer":0,"servingSize":0},"quantity":1,"terms":{"priceEach":451.72,"taxEach":{"amount":11.29},"discountEach":{"amount":0},"pvEach":325},"quantityLimit":{"quantityQuota":-1,"timeFrameDays":-1,"quantityOrdered":0}}]},"currency":"CHF"},{"lines":{"items":[{"item":{"href":"https://hydraqa.unicity.net/v5a-test/items/e3d382d99fde8659cb146b54116e7654","id":{"unicity":"32133"},"weightEach":{"value":0},"servingsPerContainer":0,"servingSize":0},"quantity":1,"terms":{"priceEach":467.34,"taxEach":{"amount":11.68},"discountEach":{"amount":0},"pvEach":330},"quantityLimit":{"quantityQuota":-1,"timeFrameDays":-1,"quantityOrdered":0}}]},"currency":"CHF"},{"lines":{"items":[{"item":{"href":"https://hydraqa.unicity.net/v5a-test/items/022f109fe6e5eae3e521295a5cb94c60","id":{"unicity":"32134"},"weightEach":{"value":0},"servingsPerContainer":0,"servingSize":0},"quantity":1,"terms":{"priceEach":177.57,"taxEach":{"amount":4.44},"discountEach":{"amount":0},"pvEach":121},"quantityLimit":{"quantityQuota":-1,"timeFrameDays":-1,"quantityOrdered":0}}]},"currency":"CHF"},{"lines":{"items":[{"item":{"href":"https://hydraqa.unicity.net/v5a-test/items/ded00960d5e948dd8e511a9c752e1ff9","id":{"unicity":"32135"},"weightEach":{"value":0},"servingsPerContainer":0,"servingSize":0},"quantity":1,"terms":{"priceEach":200,"taxEach":{"amount":5},"discountEach":{"amount":0},"pvEach":153},"quantityLimit":{"quantityQuota":-1,"timeFrameDays":-1,"quantityOrdered":0}}]},"currency":"CHF"},{"lines":{"items":[{"item":{"href":"https://hydraqa.unicity.net/v5a-test/items/166a69d45c4ae40278554e24d5f40443","id":{"unicity":"32137"},"weightEach":{"value":0},"servingsPerContainer":0,"servingSize":0},"quantity":1,"terms":{"priceEach":207.82,"taxEach":{"amount":5.2},"discountEach":{"amount":0},"pvEach":147},"quantityLimit":{"quantityQuota":-1,"timeFrameDays":-1,"quantityOrdered":0}}]},"currency":"CHF"},{"lines":{"items":[{"item":{"href":"https://hydraqa.unicity.net/v5a-test/items/d04a0b8762b20202b6273114fb7302d1","id":{"unicity":"32138"},"weightEach":{"value":0},"servingsPerContainer":0,"servingSize":0},"quantity":1,"terms":{"priceEach":281.97,"taxEach":{"amount":7.05},"discountEach":{"amount":0},"pvEach":192},"quantityLimit":{"quantityQuota":-1,"timeFrameDays":-1,"quantityOrdered":0}}]},"currency":"CHF"},{"lines":{"items":[{"item":{"href":"https://hydraqa.unicity.net/v5a-test/items/e13d0b5c40704ad5dd186959367c97f1","id":{"unicity":"32125"},"weightEach":{"value":0},"servingsPerContainer":0,"servingSize":0},"quantity":1,"terms":{"priceEach":467.35,"taxEach":{"amount":11.68},"discountEach":{"amount":0},"pvEach":309},"quantityLimit":{"quantityQuota":-1,"timeFrameDays":-1,"quantityOrdered":0}}]},"currency":"CHF"},{"lines":{"items":[{"item":{"href":"https://hydraqa.unicity.net/v5a-test/items/c451532f63a06f0e9a054e946a1a1c3b","id":{"unicity":"18511"},"weightEach":{"value":0},"servingsPerContainer":0,"servingSize":0},"quantity":1,"terms":{"priceEach":47.8,"taxEach":{"amount":1.2},"discountEach":{"amount":0},"pvEach":30},"quantityLimit":{"quantityQuota":-1,"timeFrameDays":-1,"quantityOrdered":0}}]},"currency":"CHF"},{"lines":{"items":[{"item":{"href":"https://hydraqa.unicity.net/v5a-test/items/4e49c95f12ae7be78e5ffab68b8b3ca6","id":{"unicity":"26422"},"weightEach":{"value":0},"servingsPerContainer":0,"servingSize":0},"quantity":1,"terms":{"priceEach":24.39,"taxEach":{"amount":0.61},"discountEach":{"amount":0},"pvEach":18},"quantityLimit":{"quantityQuota":-1,"timeFrameDays":-1,"quantityOrdered":0}}]},"currency":"CHF"},{"lines":{"items":[{"item":{"href":"https://hydraqa.unicity.net/v5a-test/items/50e73ecfa509ac20c4a250f9cb32fdfc","id":{"unicity":"27156"},"weightEach":{"value":0},"servingsPerContainer":0,"servingSize":0},"quantity":1,"terms":{"priceEach":24.39,"taxEach":{"amount":0.61},"discountEach":{"amount":0},"pvEach":15},"quantityLimit":{"quantityQuota":-1,"timeFrameDays":-1,"quantityOrdered":0}}]},"currency":"CHF"},{"lines":{"items":[{"item":{"href":"https://hydraqa.unicity.net/v5a-test/items/d92292ba2f23c030e4a1f63eb3ebe1ce","id":{"unicity":"27158"},"weightEach":{"value":0},"servingsPerContainer":0,"servingSize":0},"quantity":1,"terms":{"priceEach":32.2,"taxEach":{"amount":0.81},"discountEach":{"amount":0},"pvEach":25},"quantityLimit":{"quantityQuota":-1,"timeFrameDays":-1,"quantityOrdered":0}}]},"currency":"CHF"},{"lines":{"items":[{"item":{"href":"https://hydraqa.unicity.net/v5a-test/items/ac37bf51ff7e4fe860da8457f6ce0425","id":{"unicity":"27166"},"weightEach":{"value":0},"servingsPerContainer":0,"servingSize":0},"quantity":1,"terms":{"priceEach":96.59,"taxEach":{"amount":2.41},"discountEach":{"amount":0},"pvEach":75},"quantityLimit":{"quantityQuota":-1,"timeFrameDays":-1,"quantityOrdered":0}}]},"currency":"CHF"},{"lines":{"items":[{"item":{"href":"https://hydraqa.unicity.net/v5a-test/items/a36d9fdd0fd7561e6180fb5b2ff27164","id":{"unicity":"27660"},"weightEach":{"value":0},"servingsPerContainer":0,"servingSize":0},"quantity":1,"terms":{"priceEach":51.71,"taxEach":{"amount":1.29},"discountEach":{"amount":0},"pvEach":37},"quantityLimit":{"quantityQuota":-1,"timeFrameDays":-1,"quantityOrdered":0}}]},"currency":"CHF"},{"lines":{"items":[{"item":{"href":"https://hydraqa.unicity.net/v5a-test/items/fc6a55f19d99547a667b22a83c35ca13","id":{"unicity":"27436"},"weightEach":{"value":0},"servingsPerContainer":0,"servingSize":0},"quantity":1,"terms":{"priceEach":96.59,"taxEach":{"amount":2.41},"discountEach":{"amount":0},"pvEach":70},"quantityLimit":{"quantityQuota":-1,"timeFrameDays":-1,"quantityOrdered":0}}]},"currency":"CHF"},{"lines":{"items":[{"item":{"href":"https://hydraqa.unicity.net/v5a-test/items/9a6e1d094182389c3da8e0a320ff0e00","id":{"unicity":"27585"},"weightEach":{"value":0},"servingsPerContainer":0,"servingSize":0},"quantity":1,"terms":{"priceEach":82.93,"taxEach":{"amount":2.07},"discountEach":{"amount":0},"pvEach":50},"quantityLimit":{"quantityQuota":-1,"timeFrameDays":-1,"quantityOrdered":0}}]},"currency":"CHF"},{"lines":{"items":[{"item":{"href":"https://hydraqa.unicity.net/v5a-test/items/0c0717a26fcfe40310e906487e8a12f7","id":{"unicity":"28601"},"weightEach":{"value":0},"servingsPerContainer":0,"servingSize":0},"quantity":1,"terms":{"priceEach":96.59,"taxEach":{"amount":2.41},"discountEach":{"amount":0},"pvEach":75},"quantityLimit":{"quantityQuota":-1,"timeFrameDays":-1,"quantityOrdered":0}}]},"currency":"CHF"},{"lines":{"items":[{"item":{"href":"https://hydraqa.unicity.net/v5a-test/items/4790a55c442b5dc75a13b155e78c1842","id":{"unicity":"28604"},"weightEach":{"value":270},"servingsPerContainer":30,"servingSize":0},"quantity":1,"terms":{"priceEach":96.59,"taxEach":{"amount":2.41},"discountEach":{"amount":0},"pvEach":75},"quantityLimit":{"quantityQuota":-1,"timeFrameDays":-1,"quantityOrdered":0}}]},"currency":"CHF"},{"lines":{"items":[{"item":{"href":"https://hydraqa.unicity.net/v5a-test/items/64ec7ad932acafab052a4e8800ad1238","id":{"unicity":"24758"},"weightEach":{"value":0},"servingsPerContainer":0,"servingSize":0},"quantity":1,"terms":{"priceEach":47.8,"taxEach":{"amount":1.2},"discountEach":{"amount":0},"pvEach":30},"quantityLimit":{"quantityQuota":-1,"timeFrameDays":-1,"quantityOrdered":0}}]},"currency":"CHF"},{"lines":{"items":[{"item":{"href":"https://hydraqa.unicity.net/v5a-test/items/11fac1643721516cbf646365d88b73cd","id":{"unicity":"29838"},"weightEach":{"value":0},"servingsPerContainer":0,"servingSize":0},"quantity":1,"terms":{"priceEach":135.61,"taxEach":{"amount":3.39},"discountEach":{"amount":0},"pvEach":98},"quantityLimit":{"quantityQuota":-1,"timeFrameDays":-1,"quantityOrdered":0}}]},"currency":"CHF"},{"lines":{"items":[{"item":{"href":"https://hydraqa.unicity.net/v5a-test/items/ab2a2b07b17718843a66bee04ff40624","id":{"unicity":"31402"},"weightEach":{"value":0},"servingsPerContainer":0,"servingSize":0},"quantity":1,"terms":{"priceEach":117.07,"taxEach":{"amount":2.93},"discountEach":{"amount":0},"pvEach":85},"quantityLimit":{"quantityQuota":-1,"timeFrameDays":-1,"quantityOrdered":0}}]},"currency":"CHF"},{"lines":{"items":[{"item":{"href":"https://hydraqa.unicity.net/v5a-test/items/db0a2b02eaabc5ad45fe91ba5c7bcf5a","id":{"unicity":"31772"},"weightEach":{"value":0},"servingsPerContainer":0,"servingSize":0},"quantity":1,"terms":{"priceEach":12.07,"taxEach":{"amount":0.93},"discountEach":{"amount":0},"pvEach":0},"quantityLimit":{"quantityQuota":-1,"timeFrameDays":-1,"quantityOrdered":0}}]},"currency":"CHF"},{"lines":{"items":[{"item":{"href":"https://hydraqa.unicity.net/v5a-test/items/34c8c6b0f454da738e64265f08c57a72","id":{"unicity":"31777"},"weightEach":{"value":0},"servingsPerContainer":0,"servingSize":0},"quantity":1,"terms":{"priceEach":6.96,"taxEach":{"amount":0.54},"discountEach":{"amount":0},"pvEach":3},"quantityLimit":{"quantityQuota":-1,"timeFrameDays":-1,"quantityOrdered":0}}]},"currency":"CHF"},{"lines":{"items":[{"item":{"href":"https://hydraqa.unicity.net/v5a-test/items/fc8583e3bf463b599fdcce05234bc137","id":{"unicity":"31780"},"weightEach":{"value":0},"servingsPerContainer":0,"servingSize":0},"quantity":1,"terms":{"priceEach":9.28,"taxEach":{"amount":0.71},"discountEach":{"amount":0},"pvEach":4},"quantityLimit":{"quantityQuota":-1,"timeFrameDays":-1,"quantityOrdered":0}}]},"currency":"CHF"},{"lines":{"items":[{"item":{"href":"https://hydraqa.unicity.net/v5a-test/items/7e80331c8c25f515174d3f894283a27c","id":{"unicity":"31781"},"weightEach":{"value":0},"servingsPerContainer":0,"servingSize":0},"quantity":1,"terms":{"priceEach":9.28,"taxEach":{"amount":0.71},"discountEach":{"amount":0},"pvEach":4},"quantityLimit":{"quantityQuota":-1,"timeFrameDays":-1,"quantityOrdered":0}}]},"currency":"CHF"},{"lines":{"items":[{"item":{"href":"https://hydraqa.unicity.net/v5a-test/items/8d3854b47de8e45d6fcdc194dffff601","id":{"unicity":"31782"},"weightEach":{"value":0},"servingsPerContainer":0,"servingSize":0},"quantity":1,"terms":{"priceEach":13.93,"taxEach":{"amount":1.07},"discountEach":{"amount":0},"pvEach":6},"quantityLimit":{"quantityQuota":-1,"timeFrameDays":-1,"quantityOrdered":0}}]},"currency":"CHF"},{"lines":{"items":[{"item":{"href":"https://hydraqa.unicity.net/v5a-test/items/04516be30bd9bf93e01536e7fc8f8716","id":{"unicity":"31779"},"weightEach":{"value":0},"servingsPerContainer":0,"servingSize":0},"quantity":1,"terms":{"priceEach":11.14,"taxEach":{"amount":0.86},"discountEach":{"amount":0},"pvEach":5},"quantityLimit":{"quantityQuota":-1,"timeFrameDays":-1,"quantityOrdered":0}}]},"currency":"CHF"},{"lines":{"items":[{"item":{"href":"https://hydraqa.unicity.net/v5a-test/items/d7e1dd4b19a8672aed99e591356c0d48","id":{"unicity":"31932"},"weightEach":{"value":0},"servingsPerContainer":0,"servingSize":0},"quantity":1,"terms":{"priceEach":6.96,"taxEach":{"amount":0.54},"discountEach":{"amount":0},"pvEach":3},"quantityLimit":{"quantityQuota":-1,"timeFrameDays":-1,"quantityOrdered":0}}]},"currency":"CHF"},{"lines":{"items":[{"item":{"href":"https://hydraqa.unicity.net/v5a-test/items/1aa00306dc0006d365acd7436548f2e6","id":{"unicity":"31778"},"weightEach":{"value":0},"servingsPerContainer":0,"servingSize":0},"quantity":1,"terms":{"priceEach":13.93,"taxEach":{"amount":1.07},"discountEach":{"amount":0},"pvEach":6},"quantityLimit":{"quantityQuota":-1,"timeFrameDays":-1,"quantityOrdered":0}}]},"currency":"CHF"},{"lines":{"items":[{"item":{"href":"https://hydraqa.unicity.net/v5a-test/items/4fc6de0cb7817f39a836ff08609b8539","id":{"unicity":"32556"},"weightEach":{"value":0},"servingsPerContainer":0,"servingSize":0},"quantity":1,"terms":{"priceEach":2.79,"taxEach":{"amount":0.21},"discountEach":{"amount":0},"pvEach":0},"quantityLimit":{"quantityQuota":-1,"timeFrameDays":-1,"quantityOrdered":0}}]},"currency":"CHF"},{"lines":{"items":[{"item":{"href":"https://hydraqa.unicity.net/v5a-test/items/a85cc4a606716ce7b10b8bd76dca368f","id":{"unicity":"22605"},"weightEach":{"value":0},"servingsPerContainer":0,"servingSize":0},"quantity":1,"terms":{"priceEach":37.14,"taxEach":{"amount":2.86},"discountEach":{"amount":0},"pvEach":0},"quantityLimit":{"quantityQuota":-1,"timeFrameDays":-1,"quantityOrdered":0}}]},"currency":"CHF"},{"lines":{"items":[{"item":{"href":"https://hydraqa.unicity.net/v5a-test/items/2262fdd5af916c31df08089c191735c1","id":{"unicity":"29317"},"weightEach":{"value":0},"servingsPerContainer":0,"servingSize":0},"quantity":1,"terms":{"priceEach":37.14,"taxEach":{"amount":2.86},"discountEach":{"amount":0},"pvEach":0},"quantityLimit":{"quantityQuota":-1,"timeFrameDays":-1,"quantityOrdered":0}}]},"currency":"CHF"},{"lines":{"items":[{"item":{"href":"https://hydraqa.unicity.net/v5a-test/items/34c53e6d4cce0f8a72327d86c3ef04cb","id":{"unicity":"30103"},"weightEach":{"value":0},"servingsPerContainer":0,"servingSize":0},"quantity":1,"terms":{"priceEach":37.14,"taxEach":{"amount":2.86},"discountEach":{"amount":0},"pvEach":0},"quantityLimit":{"quantityQuota":-1,"timeFrameDays":-1,"quantityOrdered":0}}]},"currency":"CHF"},{"lines":{"items":[{"item":{"href":"https://hydraqa.unicity.net/v5a-test/items/2f1d0aa90494ae2e08035922c701f968","id":{"unicity":"29832"},"weightEach":{"value":0},"servingsPerContainer":0,"servingSize":0},"quantity":1,"terms":{"priceEach":54,"taxEach":{"amount":1.35},"discountEach":{"amount":0},"pvEach":42},"quantityLimit":{"quantityQuota":-1,"timeFrameDays":-1,"quantityOrdered":0}}]},"currency":"CHF"},{"lines":{"items":[{"item":{"href":"https://hydraqa.unicity.net/v5a-test/items/10df0fc3509b53cbeaeb9476ca92d520","id":{"unicity":"29833"},"weightEach":{"value":0},"servingsPerContainer":0,"servingSize":0},"quantity":1,"terms":{"priceEach":108.29,"taxEach":{"amount":2.71},"discountEach":{"amount":0},"pvEach":82},"quantityLimit":{"quantityQuota":-1,"timeFrameDays":-1,"quantityOrdered":0}}]},"currency":"CHF"},{"lines":{"items":[{"item":{"href":"https://hydraqa.unicity.net/v5a-test/items/a8dde31141ab8a13c032a00e7baa99cb","id":{"unicity":"30286"},"weightEach":{"value":0},"servingsPerContainer":0,"servingSize":0},"quantity":1,"terms":{"priceEach":153.17,"taxEach":{"amount":3.83},"discountEach":{"amount":0},"pvEach":107},"quantityLimit":{"quantityQuota":-1,"timeFrameDays":-1,"quantityOrdered":0}}]},"currency":"CHF"},{"lines":{"items":[{"item":{"href":"https://hydraqa.unicity.net/v5a-test/items/a92d4960492e2073278fc0e8bc2af366","id":{"unicity":"31740"},"weightEach":{"value":0},"servingsPerContainer":0,"servingSize":0},"quantity":1,"terms":{"priceEach":319.95,"taxEach":{"amount":8},"discountEach":{"amount":0},"pvEach":246},"quantityLimit":{"quantityQuota":-1,"timeFrameDays":-1,"quantityOrdered":0}}]},"currency":"CHF"},{"lines":{"items":[{"item":{"href":"https://hydraqa.unicity.net/v5a-test/items/22bcf973992a4b675adc842abb433e1a","id":{"unicity":"32140"},"weightEach":{"value":0},"servingsPerContainer":0,"servingSize":0},"quantity":1,"terms":{"priceEach":341.46,"taxEach":{"amount":8.54},"discountEach":{"amount":0},"pvEach":252},"quantityLimit":{"quantityQuota":-1,"timeFrameDays":-1,"quantityOrdered":0}}]},"currency":"CHF"},{"lines":{"items":[{"item":{"href":"https://hydraqa.unicity.net/v5a-test/items/fc5edcf55b7c5c1a614dba71c684da38","id":{"unicity":"32141"},"weightEach":{"value":0},"servingsPerContainer":0,"servingSize":0},"quantity":1,"terms":{"priceEach":386.34,"taxEach":{"amount":9.66},"discountEach":{"amount":0},"pvEach":300},"quantityLimit":{"quantityQuota":-1,"timeFrameDays":-1,"quantityOrdered":0}}]},"currency":"CHF"},{"lines":{"items":[{"item":{"href":"https://hydraqa.unicity.net/v5a-test/items/2482022792c4e0620583120981373ca1","id":{"unicity":"32148"},"weightEach":{"value":0},"servingsPerContainer":0,"servingSize":0},"quantity":1,"terms":{"priceEach":380.49,"taxEach":{"amount":9.51},"discountEach":{"amount":0},"pvEach":269},"quantityLimit":{"quantityQuota":-1,"timeFrameDays":-1,"quantityOrdered":0}}]},"currency":"CHF"},{"lines":{"items":[{"item":{"href":"https://hydraqa.unicity.net/v5a-test/items/148f1e203cf006e83ed482843cbd3a5c","id":{"unicity":"32149"},"weightEach":{"value":0},"servingsPerContainer":0,"servingSize":0},"quantity":1,"terms":{"priceEach":373.66,"taxEach":{"amount":9.34},"discountEach":{"amount":0},"pvEach":266},"quantityLimit":{"quantityQuota":-1,"timeFrameDays":-1,"quantityOrdered":0}}]},"currency":"CHF"},{"lines":{"items":[{"item":{"href":"https://hydraqa.unicity.net/v5a-test/items/c43d0c38e09dbbf94408a662cd23dfa0","id":{"unicity":"32144"},"weightEach":{"value":0},"servingsPerContainer":0,"servingSize":0},"quantity":1,"terms":{"priceEach":663.41,"taxEach":{"amount":16.59},"discountEach":{"amount":0},"pvEach":500},"quantityLimit":{"quantityQuota":-1,"timeFrameDays":-1,"quantityOrdered":0}}]},"currency":"CHF"},{"lines":{"items":[{"item":{"href":"https://hydraqa.unicity.net/v5a-test/items/36c1237572a0cc563fad27fcfd6abcf1","id":{"unicity":"32967"},"weightEach":{"value":0},"servingsPerContainer":0,"servingSize":0},"quantity":1,"terms":{"priceEach":1444,"taxEach":{"amount":36.1},"discountEach":{"amount":0},"pvEach":1004},"quantityLimit":{"quantityQuota":-1,"timeFrameDays":-1,"quantityOrdered":0}}]},"currency":"CHF"},{"lines":{"items":[{"item":{"href":"https://hydraqa.unicity.net/v5a-test/items/817e062d5600cad31f527fbfa764a0fa","id":{"unicity":"32968"},"weightEach":{"value":0},"servingsPerContainer":0,"servingSize":0},"quantity":1,"terms":{"priceEach":2888,"taxEach":{"amount":72.2},"discountEach":{"amount":0},"pvEach":2008},"quantityLimit":{"quantityQuota":-1,"timeFrameDays":-1,"quantityOrdered":0}}]},"currency":"CHF"},{"lines":{"items":[{"item":{"href":"https://hydraqa.unicity.net/v5a-test/items/81b61d497458d50a6893cf18a065539c","id":{"unicity":"32965"},"weightEach":{"value":0},"servingsPerContainer":0,"servingSize":0},"quantity":1,"terms":{"priceEach":878,"taxEach":{"amount":21.95},"discountEach":{"amount":0},"pvEach":592},"quantityLimit":{"quantityQuota":-1,"timeFrameDays":-1,"quantityOrdered":0}}]},"currency":"CHF"},{"lines":{"items":[{"item":{"href":"https://hydraqa.unicity.net/v5a-test/items/ab1f0744e0ce56260af7928f7bf04478","id":{"unicity":"32966"},"weightEach":{"value":0},"servingsPerContainer":0,"servingSize":0},"quantity":1,"terms":{"priceEach":1756,"taxEach":{"amount":43.9},"discountEach":{"amount":0},"pvEach":1184},"quantityLimit":{"quantityQuota":-1,"timeFrameDays":-1,"quantityOrdered":0}}]},"currency":"CHF"},{"lines":{"items":[{"item":{"href":"https://hydraqa.unicity.net/v5a-test/items/e931a471e0a518f071b09ab5479f0ba6","id":{"unicity":"32146"},"weightEach":{"value":0},"servingsPerContainer":0,"servingSize":0},"quantity":1,"terms":{"priceEach":710.24,"taxEach":{"amount":17.76},"discountEach":{"amount":0},"pvEach":508},"quantityLimit":{"quantityQuota":-1,"timeFrameDays":-1,"quantityOrdered":0}}]},"currency":"CHF"},{"lines":{"items":[{"item":{"href":"https://hydraqa.unicity.net/v5a-test/items/337651da22c0ffaf01f33af882636ea6","id":{"unicity":"32142"},"weightEach":{"value":0},"servingsPerContainer":0,"servingSize":0},"quantity":1,"terms":{"priceEach":714.15,"taxEach":{"amount":17.85},"discountEach":{"amount":0},"pvEach":502},"quantityLimit":{"quantityQuota":-1,"timeFrameDays":-1,"quantityOrdered":0}}]},"currency":"CHF"},{"lines":{"items":[{"item":{"href":"https://hydraqa.unicity.net/v5a-test/items/fd906afd8b19d76e7cbef9a8aec7484a","id":{"unicity":"32145"},"weightEach":{"value":0},"servingsPerContainer":0,"servingSize":0},"quantity":1,"terms":{"priceEach":1381.46,"taxEach":{"amount":34.54},"discountEach":{"amount":0},"pvEach":1038},"quantityLimit":{"quantityQuota":-1,"timeFrameDays":-1,"quantityOrdered":0}}]},"currency":"CHF"},{"lines":{"items":[{"item":{"href":"https://hydraqa.unicity.net/v5a-test/items/feb92dd34cb5c38490043c2c9808e546","id":{"unicity":"32147"},"weightEach":{"value":0},"servingsPerContainer":0,"servingSize":0},"quantity":1,"terms":{"priceEach":1420.49,"taxEach":{"amount":35.51},"discountEach":{"amount":0},"pvEach":1016},"quantityLimit":{"quantityQuota":-1,"timeFrameDays":-1,"quantityOrdered":0}}]},"currency":"CHF"},{"lines":{"items":[{"item":{"href":"https://hydraqa.unicity.net/v5a-test/items/03a49a6a2def2af96f0da8ba279b0f4f","id":{"unicity":"32143"},"weightEach":{"value":0},"servingsPerContainer":0,"servingSize":0},"quantity":1,"terms":{"priceEach":1428.29,"taxEach":{"amount":35.71},"discountEach":{"amount":0},"pvEach":1004},"quantityLimit":{"quantityQuota":-1,"timeFrameDays":-1,"quantityOrdered":0}}]},"currency":"CHF"},{"lines":{"items":[{"item":{"href":"https://hydraqa.unicity.net/v5a-test/items/332daeac6796ed016ea8b7d0bc42c2d4","id":{"unicity":"24274"},"weightEach":{"value":0},"servingsPerContainer":0,"servingSize":0},"quantity":1,"terms":{"priceEach":9.29,"taxEach":{"amount":0.72},"discountEach":{"amount":0},"pvEach":0},"quantityLimit":{"quantityQuota":-1,"timeFrameDays":-1,"quantityOrdered":0}}]},"currency":"CHF"},{"lines":{"items":[{"item":{"href":"https://hydraqa.unicity.net/v5a-test/items/1945faa1776541d53120ecfe3c1d8a2b","id":{"unicity":"24418"},"weightEach":{"value":0},"servingsPerContainer":0,"servingSize":0},"quantity":1,"terms":{"priceEach":5.57,"taxEach":{"amount":0.43},"discountEach":{"amount":0},"pvEach":0},"quantityLimit":{"quantityQuota":-1,"timeFrameDays":-1,"quantityOrdered":0}}]},"currency":"CHF"},{"lines":{"items":[{"item":{"href":"https://hydraqa.unicity.net/v5a-test/items/10da226fab00279b4f89df10af2a10b7","id":{"unicity":"26442"},"weightEach":{"value":0},"servingsPerContainer":0,"servingSize":0},"quantity":1,"terms":{"priceEach":7.43,"taxEach":{"amount":0.57},"discountEach":{"amount":0},"pvEach":0},"quantityLimit":{"quantityQuota":-1,"timeFrameDays":-1,"quantityOrdered":0}}]},"currency":"CHF"},{"lines":{"items":[{"item":{"href":"https://hydraqa.unicity.net/v5a-test/items/5147f8cfe32548e02fc158d4da9c4d6f","id":{"unicity":"27150"},"weightEach":{"value":0},"servingsPerContainer":0,"servingSize":0},"quantity":1,"terms":{"priceEach":111.22,"taxEach":{"amount":2.78},"discountEach":{"amount":0},"pvEach":80},"quantityLimit":{"quantityQuota":-1,"timeFrameDays":-1,"quantityOrdered":0}}]},"currency":"CHF"},{"lines":{"items":[{"item":{"href":"https://hydraqa.unicity.net/v5a-test/items/03eba2365025ccd85818846a83a16f47","id":{"unicity":"27163"},"weightEach":{"value":0},"servingsPerContainer":0,"servingSize":0},"quantity":1,"terms":{"priceEach":96.59,"taxEach":{"amount":2.41},"discountEach":{"amount":0},"pvEach":75},"quantityLimit":{"quantityQuota":-1,"timeFrameDays":-1,"quantityOrdered":0}}]},"currency":"CHF"},{"lines":{"items":[{"item":{"href":"https://hydraqa.unicity.net/v5a-test/items/112b8c39286598b3730f630f371a45f4","id":{"unicity":"27587"},"weightEach":{"value":0},"servingsPerContainer":0,"servingSize":0},"quantity":1,"terms":{"priceEach":74.15,"taxEach":{"amount":1.85},"discountEach":{"amount":0},"pvEach":45},"quantityLimit":{"quantityQuota":-1,"timeFrameDays":-1,"quantityOrdered":0}}]},"currency":"CHF"},{"lines":{"items":[{"item":{"href":"https://hydraqa.unicity.net/v5a-test/items/024e696f8b44a1d315006e676604cd31","id":{"unicity":"27395"},"weightEach":{"value":0},"servingsPerContainer":0,"servingSize":0},"quantity":1,"terms":{"priceEach":37.07,"taxEach":{"amount":0.93},"discountEach":{"amount":0},"pvEach":23},"quantityLimit":{"quantityQuota":-1,"timeFrameDays":-1,"quantityOrdered":0}}]},"currency":"CHF"},{"lines":{"items":[{"item":{"href":"https://hydraqa.unicity.net/v5a-test/items/4b2034f47fce90b87bba28c5c2d7c25d","id":{"unicity":"15880"},"weightEach":{"value":0},"servingsPerContainer":0,"servingSize":0},"quantity":1,"terms":{"priceEach":62.44,"taxEach":{"amount":1.56},"discountEach":{"amount":0},"pvEach":40},"quantityLimit":{"quantityQuota":-1,"timeFrameDays":-1,"quantityOrdered":0}}]},"currency":"CHF"},{"lines":{"items":[{"item":{"href":"https://hydraqa.unicity.net/v5a-test/items/398d06b858b960f6f38086d40608aef2","id":{"unicity":"26560"},"weightEach":{"value":0},"servingsPerContainer":0,"servingSize":0},"quantity":1,"terms":{"priceEach":24.39,"taxEach":{"amount":0.61},"discountEach":{"amount":0},"pvEach":15},"quantityLimit":{"quantityQuota":-1,"timeFrameDays":-1,"quantityOrdered":0}}]},"currency":"CHF"},{"lines":{"items":[{"item":{"href":"https://hydraqa.unicity.net/v5a-test/items/e218d1cac5f31e7ae4f5876c29c57377","id":{"unicity":"29017"},"weightEach":{"value":0},"servingsPerContainer":0,"servingSize":0},"quantity":1,"terms":{"priceEach":34.15,"taxEach":{"amount":0.85},"discountEach":{"amount":0},"pvEach":21},"quantityLimit":{"quantityQuota":-1,"timeFrameDays":-1,"quantityOrdered":0}}]},"currency":"CHF"},{"lines":{"items":[{"item":{"href":"https://hydraqa.unicity.net/v5a-test/items/3f2d12d7a0e8551fc99fad3bbe1ba633","id":{"unicity":"26567"},"weightEach":{"value":0},"servingsPerContainer":0,"servingSize":0},"quantity":1,"terms":{"priceEach":73.17,"taxEach":{"amount":1.83},"discountEach":{"amount":0},"pvEach":38},"quantityLimit":{"quantityQuota":-1,"timeFrameDays":-1,"quantityOrdered":0}}]},"currency":"CHF"},{"lines":{"items":[{"item":{"href":"https://hydraqa.unicity.net/v5a-test/items/191637167cb3144bd2e8c4615e9ab67e","id":{"unicity":"26568"},"weightEach":{"value":0},"servingsPerContainer":0,"servingSize":0},"quantity":1,"terms":{"priceEach":73.17,"taxEach":{"amount":1.83},"discountEach":{"amount":0},"pvEach":38},"quantityLimit":{"quantityQuota":-1,"timeFrameDays":-1,"quantityOrdered":0}}]},"currency":"CHF"},{"lines":{"items":[{"item":{"href":"https://hydraqa.unicity.net/v5a-test/items/606f7be753c74dfbfe4b107276775140","id":{"unicity":"29821"},"weightEach":{"value":0},"servingsPerContainer":0,"servingSize":0},"quantity":1,"terms":{"priceEach":103.41,"taxEach":{"amount":2.59},"discountEach":{"amount":0},"pvEach":78},"quantityLimit":{"quantityQuota":-1,"timeFrameDays":-1,"quantityOrdered":0}}]},"currency":"CHF"},{"lines":{"items":[{"item":{"href":"https://hydraqa.unicity.net/v5a-test/items/94939f9be900906d2b47260ccba22a7b","id":{"unicity":"32012"},"weightEach":{"value":0},"servingsPerContainer":0,"servingSize":0},"quantity":1,"terms":{"priceEach":18.54,"taxEach":{"amount":0.46},"discountEach":{"amount":0},"pvEach":8},"quantityLimit":{"quantityQuota":-1,"timeFrameDays":-1,"quantityOrdered":0}}]},"currency":"CHF"},{"lines":{"items":[{"item":{"href":"https://hydraqa.unicity.net/v5a-test/items/2c4c1abe00983e85aaa918d2ce341491","id":{"unicity":"17174"},"weightEach":{"value":0},"servingsPerContainer":0,"servingSize":0},"quantity":1,"terms":{"priceEach":47.8,"taxEach":{"amount":1.2},"discountEach":{"amount":0},"pvEach":30},"quantityLimit":{"quantityQuota":-1,"timeFrameDays":-1,"quantityOrdered":0}}]},"currency":"CHF"},{"lines":{"items":[{"item":{"href":"https://hydraqa.unicity.net/v5a-test/items/991cdbb84a495779eb209fb3956a77e4","id":{"unicity":"29183"},"weightEach":{"value":0},"servingsPerContainer":0,"servingSize":0},"quantity":1,"terms":{"priceEach":39,"taxEach":{"amount":3},"discountEach":{"amount":0},"pvEach":22},"quantityLimit":{"quantityQuota":-1,"timeFrameDays":-1,"quantityOrdered":0}}]},"currency":"CHF"},{"lines":{"items":[{"item":{"href":"https://hydraqa.unicity.net/v5a-test/items/0e78fbdfebef11cd62f8d2120064ee58","id":{"unicity":"30280"},"weightEach":{"value":0},"servingsPerContainer":0,"servingSize":0},"quantity":1,"terms":{"priceEach":45.5,"taxEach":{"amount":3.5},"discountEach":{"amount":0},"pvEach":25},"quantityLimit":{"quantityQuota":-1,"timeFrameDays":-1,"quantityOrdered":0}}]},"currency":"CHF"},{"lines":{"items":[{"item":{"href":"https://hydraqa.unicity.net/v5a-test/items/beb900429fbb160dbfc3001c14d96df4","id":{"unicity":"29187"},"weightEach":{"value":0},"servingsPerContainer":0,"servingSize":0},"quantity":1,"terms":{"priceEach":52,"taxEach":{"amount":4},"discountEach":{"amount":0},"pvEach":30},"quantityLimit":{"quantityQuota":-1,"timeFrameDays":-1,"quantityOrdered":0}}]},"currency":"CHF"},{"lines":{"items":[{"item":{"href":"https://hydraqa.unicity.net/v5a-test/items/1b0412bea8c0b841c66f65a36aa14108","id":{"unicity":"29191"},"weightEach":{"value":0},"servingsPerContainer":0,"servingSize":0},"quantity":1,"terms":{"priceEach":52,"taxEach":{"amount":4},"discountEach":{"amount":0},"pvEach":30},"quantityLimit":{"quantityQuota":-1,"timeFrameDays":-1,"quantityOrdered":0}}]},"currency":"CHF"},{"lines":{"items":[{"item":{"href":"https://hydraqa.unicity.net/v5a-test/items/52c87f74d3b41ed49b0f897b66c2a99b","id":{"unicity":"30684"},"weightEach":{"value":0},"servingsPerContainer":0,"servingSize":0},"quantity":1,"terms":{"priceEach":47.8,"taxEach":{"amount":1.2},"discountEach":{"amount":0},"pvEach":30},"quantityLimit":{"quantityQuota":-1,"timeFrameDays":-1,"quantityOrdered":0}}]},"currency":"CHF"},{"lines":{"items":[{"item":{"href":"https://hydraqa.unicity.net/v5a-test/items/7e5e7df32701fd44947c8146f2129f7a","id":{"unicity":"31672"},"weightEach":{"value":0},"servingsPerContainer":0,"servingSize":0},"quantity":1,"terms":{"priceEach":96.59,"taxEach":{"amount":2.41},"discountEach":{"amount":0},"pvEach":75},"quantityLimit":{"quantityQuota":-1,"timeFrameDays":-1,"quantityOrdered":0}}]},"currency":"CHF"},{"lines":{"items":[{"item":{"href":"https://hydraqa.unicity.net/v5a-test/items/493c2ba720f847422eccc5da35024f33","id":{"unicity":"31534"},"weightEach":{"value":0},"servingsPerContainer":0,"servingSize":0},"quantity":1,"terms":{"priceEach":29.27,"taxEach":{"amount":0.73},"discountEach":{"amount":0},"pvEach":18},"quantityLimit":{"quantityQuota":-1,"timeFrameDays":-1,"quantityOrdered":0}}]},"currency":"CHF"},{"lines":{"items":[{"item":{"href":"https://hydraqa.unicity.net/v5a-test/items/bfddb53fe0d5ed5432c531dc9850cbe4","id":{"unicity":"29449"},"weightEach":{"value":0},"servingsPerContainer":0,"servingSize":0},"quantity":1,"terms":{"priceEach":29.27,"taxEach":{"amount":0.73},"discountEach":{"amount":0},"pvEach":18},"quantityLimit":{"quantityQuota":-1,"timeFrameDays":-1,"quantityOrdered":0}}]},"currency":"CHF"},{"lines":{"items":[{"item":{"href":"https://hydraqa.unicity.net/v5a-test/items/217ca02fbd24e21ca5281412756238ab","id":{"unicity":"32126"},"weightEach":{"value":0},"servingsPerContainer":0,"servingSize":0},"quantity":1,"terms":{"priceEach":184.39,"taxEach":{"amount":4.61},"discountEach":{"amount":0},"pvEach":121},"quantityLimit":{"quantityQuota":-1,"timeFrameDays":-1,"quantityOrdered":0}}]},"currency":"CHF"},{"lines":{"items":[{"item":{"href":"https://hydraqa.unicity.net/v5a-test/items/808008a0657d2033ad471c39bbce9891","id":{"unicity":"32127"},"weightEach":{"value":0},"servingsPerContainer":0,"servingSize":0},"quantity":1,"terms":{"priceEach":212.68,"taxEach":{"amount":5.32},"discountEach":{"amount":0},"pvEach":153},"quantityLimit":{"quantityQuota":-1,"timeFrameDays":-1,"quantityOrdered":0}}]},"currency":"CHF"},{"lines":{"items":[{"item":{"href":"https://hydraqa.unicity.net/v5a-test/items/fbb6dbd577adb73abaec364076fb288f","id":{"unicity":"32087"},"weightEach":{"value":0},"servingsPerContainer":0,"servingSize":0},"quantity":1,"terms":{"priceEach":25.37,"taxEach":{"amount":0.63},"discountEach":{"amount":0},"pvEach":11},"quantityLimit":{"quantityQuota":-1,"timeFrameDays":-1,"quantityOrdered":0}}]},"currency":"CHF"},{"lines":{"items":[{"item":{"href":"https://hydraqa.unicity.net/v5a-test/items/1f59b10f0bef99fa20e4b9b0b4efea88","id":{"unicity":"32333"},"weightEach":{"value":0},"servingsPerContainer":0,"servingSize":0},"quantity":1,"terms":{"priceEach":13,"taxEach":{"amount":1},"discountEach":{"amount":0},"pvEach":0},"quantityLimit":{"quantityQuota":-1,"timeFrameDays":-1,"quantityOrdered":0}}]},"currency":"CHF"},{"lines":{"items":[{"item":{"href":"https://hydraqa.unicity.net/v5a-test/items/592aef9ec417f4553dc0b62a91a1f5e0","id":{"unicity":"32330"},"weightEach":{"value":0},"servingsPerContainer":0,"servingSize":0},"quantity":1,"terms":{"priceEach":116.1,"taxEach":{"amount":2.9},"discountEach":{"amount":0},"pvEach":70},"quantityLimit":{"quantityQuota":-1,"timeFrameDays":-1,"quantityOrdered":0}}]},"currency":"CHF"},{"lines":{"items":[{"item":{"href":"https://hydraqa.unicity.net/v5a-test/items/87dd58dff9eb54a10b652443e7279a1e","id":{"unicity":"32693"},"weightEach":{"value":0},"servingsPerContainer":0,"servingSize":0},"quantity":1,"terms":{"priceEach":103.41,"taxEach":{"amount":2.59},"discountEach":{"amount":0},"pvEach":78},"quantityLimit":{"quantityQuota":-1,"timeFrameDays":-1,"quantityOrdered":0}}]},"currency":"CHF"},{"lines":{"items":[{"item":{"href":"https://hydraqa.unicity.net/v5a-test/items/1bd53de7fe880ba71f46c9976ca2c137","id":{"unicity":"27739"},"weightEach":{"value":0},"servingsPerContainer":0,"servingSize":0},"quantity":1,"terms":{"priceEach":47.8,"taxEach":{"amount":1.2},"discountEach":{"amount":0},"pvEach":30},"quantityLimit":{"quantityQuota":-1,"timeFrameDays":-1,"quantityOrdered":0}}]},"currency":"CHF"}]}
Entry request : {"order":{"customer":{"href":"https://hydraqa.unicity.net/v5a-test/customers?type=Associate"},"shipToAddress":{"country":"CH"}},"vary":{"lines":{"items":[{"item":{"href":"https://hydraqa.unicity.net/v5a-test/items?id.unicity=26306|27617|31763|31400|31951|31952|32128|32129|32130|32132|32133|32134|32135|32137|32138|32125|18511|26422|27156|27158|27166|27660|27436|27585|28601|28604|24758|29838|31402|31772|31777|31780|31781|31782|31779|31932|31778|32556|22605|29317|30103|29832|29833|30286|31740|32140|32141|32148|32149|32144|32756|32967|32968|32965|32966|32146|32142|32145|32147|32143|23989|24274|24418|26442|27150|27163|27587|27395|15880|26560|29017|26567|26568|29821|32012|17174|29183|30280|29187|29191|30684|31672|31534|29449|32126|32127|32087|32333|32755|32330|32693|27739"}}]}}}
Total Pv Greater then 500 - 655
[https://hydraqa.unicity.net/v5a-test/items?id.unicity=32127, https://hydraqa.unicity.net/v5a-test/items?id.unicity=32142, https://hydraqa.unicity.net/v5a-test/items?id.unicity=32943]
]]></system-out>
    <system-err><![CDATA[Starting ChromeDriver 2.36.540470 (e522d04694c7ebea4ba8821272dbef4f9b818c91) on port 34279
Only local connections are allowed.
Oct 18, 2020 12:13:21 PM org.openqa.selenium.remote.ProtocolHandshake createSession
INFO: Detected dialect: OSS
]]></system-err>
  </testcase>
  <testcase name="Enroll" classname="Tests.FranchisePartner" time="223.907">
    <failure message="no such element: Unable to locate element: {&quot;method&quot;:&quot;xpath&quot;,&quot;selector&quot;:&quot;//li[contains(@ng-if, &apos;enrollerProfile&apos;)]//p[@class=&apos;ng-binding&apos;]&quot;}&#10;  (Session info: chrome=86.0.4240.75)&#10;  (Driver info: chromedriver=2.36.540470 (e522d04694c7ebea4ba8821272dbef4f9b818c91),platform=Windows NT 6.3.9600 x86_64) (WARNING: The server did not provide any stacktrace information)&#10;Command duration or timeout: 0 milliseconds&#10;For documentation on this error, please visit: http://seleniumhq.org/exceptions/no_such_element.html&#10;Build info: version: &apos;3.8.1&apos;, revision: &apos;6e95a6684b&apos;, time: &apos;2017-12-01T18:33:54.468Z&apos;&#10;System info: host: &apos;QASERVER01&apos;, ip: &apos;10.2.0.23&apos;, os.name: &apos;Windows Server 2012 R2&apos;, os.arch: &apos;amd64&apos;, os.version: &apos;6.3&apos;, java.version: &apos;1.8.0_111&apos;&#10;Driver info: org.openqa.selenium.chrome.ChromeDriver&#10;Capabilities {acceptInsecureCerts: false, acceptSslCerts: false, applicationCacheEnabled: false, browserConnectionEnabled: false, browserName: chrome, chrome: {chromedriverVersion: 2.36.540470 (e522d04694c7eb..., userDataDir: C:\Users\sumancb\AppData\Lo...}, cssSelectorsEnabled: true, databaseEnabled: false, handlesAlerts: true, hasTouchScreen: false, javascriptEnabled: true, locationContextEnabled: true, mobileEmulationEnabled: false, nativeEvents: true, networkConnectionEnabled: false, pageLoadStrategy: normal, platform: XP, platformName: XP, rotatable: false, setWindowRect: true, takesHeapSnapshot: true, takesScreenshot: true, unexpectedAlertBehaviour: , unhandledPromptBehavior: , version: 86.0.4240.75, webStorageEnabled: true}&#10;Session ID: 7ca38c361a88f1e500d09a4bb2cfbfaf&#10;*** Element info: {Using=xpath, value=//li[contains(@ng-if, &apos;enrollerProfile&apos;)]//p[@class=&apos;ng-binding&apos;]}" type="org.openqa.selenium.NoSuchElementException">org.openqa.selenium.NoSuchElementException: 
no such element: Unable to locate element: {"method":"xpath","selector":"//li[contains(@ng-if, 'enrollerProfile')]//p[@class='ng-binding']"}
  (Session info: chrome=86.0.4240.75)
  (Driver info: chromedriver=2.36.540470 (e522d04694c7ebea4ba8821272dbef4f9b818c91),platform=Windows NT 6.3.9600 x86_64) (WARNING: The server did not provide any stacktrace information)
Command duration or timeout: 0 milliseconds
For documentation on this error, please visit: http://seleniumhq.org/exceptions/no_such_element.html
Build info: version: '3.8.1', revision: '6e95a6684b', time: '2017-12-01T18:33:54.468Z'
System info: host: 'QASERVER01', ip: '10.2.0.23', os.name: 'Windows Server 2012 R2', os.arch: 'amd64', os.version: '6.3', java.version: '1.8.0_111'
Driver info: org.openqa.selenium.chrome.ChromeDriver
Capabilities {acceptInsecureCerts: false, acceptSslCerts: false, applicationCacheEnabled: false, browserConnectionEnabled: false, browserName: chrome, chrome: {chromedriverVersion: 2.36.540470 (e522d04694c7eb..., userDataDir: C:\Users\sumancb\AppData\Lo...}, cssSelectorsEnabled: true, databaseEnabled: false, handlesAlerts: true, hasTouchScreen: false, javascriptEnabled: true, locationContextEnabled: true, mobileEmulationEnabled: false, nativeEvents: true, networkConnectionEnabled: false, pageLoadStrategy: normal, platform: XP, platformName: XP, rotatable: false, setWindowRect: true, takesHeapSnapshot: true, takesScreenshot: true, unexpectedAlertBehaviour: , unhandledPromptBehavior: , version: 86.0.4240.75, webStorageEnabled: true}
Session ID: 7ca38c361a88f1e500d09a4bb2cfbfaf
*** Element info: {Using=xpath, value=//li[contains(@ng-if, 'enrollerProfile')]//p[@class='ng-binding']}
	at Tests.FranchisePartner.Enroll(FranchisePartner.java:251)
</failure>
    <system-out><![CDATA[Request URL: https://hydraqa.unicity.net/v5a-test/quotes?&expand=item
Entry Quotes response : {"items":[{"lines":{"items":[{"item":{"href":"https://hydraqa.unicity.net/v5a-test/items/ce9cbecebbd583d0df582da5e1c57ce2","id":{"unicity":"26306"},"weightEach":{"value":0},"servingsPerContainer":0,"servingSize":0},"quantity":1,"terms":{"priceEach":209.76,"taxEach":{"amount":5.24},"discountEach":{"amount":0},"pvEach":143},"quantityLimit":{"quantityQuota":-1,"timeFrameDays":-1,"quantityOrdered":0}}]},"currency":"CHF"},{"lines":{"items":[{"item":{"href":"https://hydraqa.unicity.net/v5a-test/items/a7bda1cb4a35343e52791aba56debc4a","id":{"unicity":"27617"},"weightEach":{"value":0},"servingsPerContainer":0,"servingSize":0},"quantity":1,"terms":{"priceEach":37.07,"taxEach":{"amount":0.93},"discountEach":{"amount":0},"pvEach":23},"quantityLimit":{"quantityQuota":-1,"timeFrameDays":-1,"quantityOrdered":0}}]},"currency":"CHF"},{"lines":{"items":[{"item":{"href":"https://hydraqa.unicity.net/v5a-test/items/04614fabe9e2c10ec4968feb09a6cf7e","id":{"unicity":"31400"},"weightEach":{"value":0},"servingsPerContainer":0,"servingSize":0},"quantity":1,"terms":{"priceEach":74.15,"taxEach":{"amount":1.85},"discountEach":{"amount":0},"pvEach":45},"quantityLimit":{"quantityQuota":-1,"timeFrameDays":-1,"quantityOrdered":0}}]},"currency":"CHF"},{"lines":{"items":[{"item":{"href":"https://hydraqa.unicity.net/v5a-test/items/e9991b48ac639367d526d2b9b22fac8c","id":{"unicity":"32128"},"weightEach":{"value":0},"servingsPerContainer":0,"servingSize":0},"quantity":1,"terms":{"priceEach":472.22,"taxEach":{"amount":11.81},"discountEach":{"amount":0},"pvEach":321},"quantityLimit":{"quantityQuota":-1,"timeFrameDays":-1,"quantityOrdered":0}}]},"currency":"CHF"},{"lines":{"items":[{"item":{"href":"https://hydraqa.unicity.net/v5a-test/items/40b3312de189221d96d838d33a8ec49d","id":{"unicity":"32129"},"weightEach":{"value":0},"servingsPerContainer":0,"servingSize":0},"quantity":1,"terms":{"priceEach":472.22,"taxEach":{"amount":11.81},"discountEach":{"amount":0},"pvEach":326},"quantityLimit":{"quantityQuota":-1,"timeFrameDays":-1,"quantityOrdered":0}}]},"currency":"CHF"},{"lines":{"items":[{"item":{"href":"https://hydraqa.unicity.net/v5a-test/items/6bd168a66ce41003a8f30917deff5808","id":{"unicity":"32130"},"weightEach":{"value":0},"servingsPerContainer":0,"servingSize":0},"quantity":1,"terms":{"priceEach":447.82,"taxEach":{"amount":11.2},"discountEach":{"amount":0},"pvEach":304},"quantityLimit":{"quantityQuota":-1,"timeFrameDays":-1,"quantityOrdered":0}}]},"currency":"CHF"},{"lines":{"items":[{"item":{"href":"https://hydraqa.unicity.net/v5a-test/items/806f99b793edd7cd0b1c158ba0eb3142","id":{"unicity":"32132"},"weightEach":{"value":0},"servingsPerContainer":0,"servingSize":0},"quantity":1,"terms":{"priceEach":451.72,"taxEach":{"amount":11.29},"discountEach":{"amount":0},"pvEach":325},"quantityLimit":{"quantityQuota":-1,"timeFrameDays":-1,"quantityOrdered":0}}]},"currency":"CHF"},{"lines":{"items":[{"item":{"href":"https://hydraqa.unicity.net/v5a-test/items/e3d382d99fde8659cb146b54116e7654","id":{"unicity":"32133"},"weightEach":{"value":0},"servingsPerContainer":0,"servingSize":0},"quantity":1,"terms":{"priceEach":467.34,"taxEach":{"amount":11.68},"discountEach":{"amount":0},"pvEach":330},"quantityLimit":{"quantityQuota":-1,"timeFrameDays":-1,"quantityOrdered":0}}]},"currency":"CHF"},{"lines":{"items":[{"item":{"href":"https://hydraqa.unicity.net/v5a-test/items/022f109fe6e5eae3e521295a5cb94c60","id":{"unicity":"32134"},"weightEach":{"value":0},"servingsPerContainer":0,"servingSize":0},"quantity":1,"terms":{"priceEach":177.57,"taxEach":{"amount":4.44},"discountEach":{"amount":0},"pvEach":121},"quantityLimit":{"quantityQuota":-1,"timeFrameDays":-1,"quantityOrdered":0}}]},"currency":"CHF"},{"lines":{"items":[{"item":{"href":"https://hydraqa.unicity.net/v5a-test/items/ded00960d5e948dd8e511a9c752e1ff9","id":{"unicity":"32135"},"weightEach":{"value":0},"servingsPerContainer":0,"servingSize":0},"quantity":1,"terms":{"priceEach":200,"taxEach":{"amount":5},"discountEach":{"amount":0},"pvEach":153},"quantityLimit":{"quantityQuota":-1,"timeFrameDays":-1,"quantityOrdered":0}}]},"currency":"CHF"},{"lines":{"items":[{"item":{"href":"https://hydraqa.unicity.net/v5a-test/items/166a69d45c4ae40278554e24d5f40443","id":{"unicity":"32137"},"weightEach":{"value":0},"servingsPerContainer":0,"servingSize":0},"quantity":1,"terms":{"priceEach":207.82,"taxEach":{"amount":5.2},"discountEach":{"amount":0},"pvEach":147},"quantityLimit":{"quantityQuota":-1,"timeFrameDays":-1,"quantityOrdered":0}}]},"currency":"CHF"},{"lines":{"items":[{"item":{"href":"https://hydraqa.unicity.net/v5a-test/items/d04a0b8762b20202b6273114fb7302d1","id":{"unicity":"32138"},"weightEach":{"value":0},"servingsPerContainer":0,"servingSize":0},"quantity":1,"terms":{"priceEach":281.97,"taxEach":{"amount":7.05},"discountEach":{"amount":0},"pvEach":192},"quantityLimit":{"quantityQuota":-1,"timeFrameDays":-1,"quantityOrdered":0}}]},"currency":"CHF"},{"lines":{"items":[{"item":{"href":"https://hydraqa.unicity.net/v5a-test/items/e13d0b5c40704ad5dd186959367c97f1","id":{"unicity":"32125"},"weightEach":{"value":0},"servingsPerContainer":0,"servingSize":0},"quantity":1,"terms":{"priceEach":467.35,"taxEach":{"amount":11.68},"discountEach":{"amount":0},"pvEach":309},"quantityLimit":{"quantityQuota":-1,"timeFrameDays":-1,"quantityOrdered":0}}]},"currency":"CHF"},{"lines":{"items":[{"item":{"href":"https://hydraqa.unicity.net/v5a-test/items/c451532f63a06f0e9a054e946a1a1c3b","id":{"unicity":"18511"},"weightEach":{"value":0},"servingsPerContainer":0,"servingSize":0},"quantity":1,"terms":{"priceEach":47.8,"taxEach":{"amount":1.2},"discountEach":{"amount":0},"pvEach":30},"quantityLimit":{"quantityQuota":-1,"timeFrameDays":-1,"quantityOrdered":0}}]},"currency":"CHF"},{"lines":{"items":[{"item":{"href":"https://hydraqa.unicity.net/v5a-test/items/4e49c95f12ae7be78e5ffab68b8b3ca6","id":{"unicity":"26422"},"weightEach":{"value":0},"servingsPerContainer":0,"servingSize":0},"quantity":1,"terms":{"priceEach":24.39,"taxEach":{"amount":0.61},"discountEach":{"amount":0},"pvEach":18},"quantityLimit":{"quantityQuota":-1,"timeFrameDays":-1,"quantityOrdered":0}}]},"currency":"CHF"},{"lines":{"items":[{"item":{"href":"https://hydraqa.unicity.net/v5a-test/items/50e73ecfa509ac20c4a250f9cb32fdfc","id":{"unicity":"27156"},"weightEach":{"value":0},"servingsPerContainer":0,"servingSize":0},"quantity":1,"terms":{"priceEach":24.39,"taxEach":{"amount":0.61},"discountEach":{"amount":0},"pvEach":15},"quantityLimit":{"quantityQuota":-1,"timeFrameDays":-1,"quantityOrdered":0}}]},"currency":"CHF"},{"lines":{"items":[{"item":{"href":"https://hydraqa.unicity.net/v5a-test/items/d92292ba2f23c030e4a1f63eb3ebe1ce","id":{"unicity":"27158"},"weightEach":{"value":0},"servingsPerContainer":0,"servingSize":0},"quantity":1,"terms":{"priceEach":32.2,"taxEach":{"amount":0.81},"discountEach":{"amount":0},"pvEach":25},"quantityLimit":{"quantityQuota":-1,"timeFrameDays":-1,"quantityOrdered":0}}]},"currency":"CHF"},{"lines":{"items":[{"item":{"href":"https://hydraqa.unicity.net/v5a-test/items/ac37bf51ff7e4fe860da8457f6ce0425","id":{"unicity":"27166"},"weightEach":{"value":0},"servingsPerContainer":0,"servingSize":0},"quantity":1,"terms":{"priceEach":96.59,"taxEach":{"amount":2.41},"discountEach":{"amount":0},"pvEach":75},"quantityLimit":{"quantityQuota":-1,"timeFrameDays":-1,"quantityOrdered":0}}]},"currency":"CHF"},{"lines":{"items":[{"item":{"href":"https://hydraqa.unicity.net/v5a-test/items/a36d9fdd0fd7561e6180fb5b2ff27164","id":{"unicity":"27660"},"weightEach":{"value":0},"servingsPerContainer":0,"servingSize":0},"quantity":1,"terms":{"priceEach":51.71,"taxEach":{"amount":1.29},"discountEach":{"amount":0},"pvEach":37},"quantityLimit":{"quantityQuota":-1,"timeFrameDays":-1,"quantityOrdered":0}}]},"currency":"CHF"},{"lines":{"items":[{"item":{"href":"https://hydraqa.unicity.net/v5a-test/items/fc6a55f19d99547a667b22a83c35ca13","id":{"unicity":"27436"},"weightEach":{"value":0},"servingsPerContainer":0,"servingSize":0},"quantity":1,"terms":{"priceEach":96.59,"taxEach":{"amount":2.41},"discountEach":{"amount":0},"pvEach":70},"quantityLimit":{"quantityQuota":-1,"timeFrameDays":-1,"quantityOrdered":0}}]},"currency":"CHF"},{"lines":{"items":[{"item":{"href":"https://hydraqa.unicity.net/v5a-test/items/9a6e1d094182389c3da8e0a320ff0e00","id":{"unicity":"27585"},"weightEach":{"value":0},"servingsPerContainer":0,"servingSize":0},"quantity":1,"terms":{"priceEach":82.93,"taxEach":{"amount":2.07},"discountEach":{"amount":0},"pvEach":50},"quantityLimit":{"quantityQuota":-1,"timeFrameDays":-1,"quantityOrdered":0}}]},"currency":"CHF"},{"lines":{"items":[{"item":{"href":"https://hydraqa.unicity.net/v5a-test/items/0c0717a26fcfe40310e906487e8a12f7","id":{"unicity":"28601"},"weightEach":{"value":0},"servingsPerContainer":0,"servingSize":0},"quantity":1,"terms":{"priceEach":96.59,"taxEach":{"amount":2.41},"discountEach":{"amount":0},"pvEach":75},"quantityLimit":{"quantityQuota":-1,"timeFrameDays":-1,"quantityOrdered":0}}]},"currency":"CHF"},{"lines":{"items":[{"item":{"href":"https://hydraqa.unicity.net/v5a-test/items/4790a55c442b5dc75a13b155e78c1842","id":{"unicity":"28604"},"weightEach":{"value":270},"servingsPerContainer":30,"servingSize":0},"quantity":1,"terms":{"priceEach":96.59,"taxEach":{"amount":2.41},"discountEach":{"amount":0},"pvEach":75},"quantityLimit":{"quantityQuota":-1,"timeFrameDays":-1,"quantityOrdered":0}}]},"currency":"CHF"},{"lines":{"items":[{"item":{"href":"https://hydraqa.unicity.net/v5a-test/items/64ec7ad932acafab052a4e8800ad1238","id":{"unicity":"24758"},"weightEach":{"value":0},"servingsPerContainer":0,"servingSize":0},"quantity":1,"terms":{"priceEach":47.8,"taxEach":{"amount":1.2},"discountEach":{"amount":0},"pvEach":30},"quantityLimit":{"quantityQuota":-1,"timeFrameDays":-1,"quantityOrdered":0}}]},"currency":"CHF"},{"lines":{"items":[{"item":{"href":"https://hydraqa.unicity.net/v5a-test/items/11fac1643721516cbf646365d88b73cd","id":{"unicity":"29838"},"weightEach":{"value":0},"servingsPerContainer":0,"servingSize":0},"quantity":1,"terms":{"priceEach":135.61,"taxEach":{"amount":3.39},"discountEach":{"amount":0},"pvEach":98},"quantityLimit":{"quantityQuota":-1,"timeFrameDays":-1,"quantityOrdered":0}}]},"currency":"CHF"},{"lines":{"items":[{"item":{"href":"https://hydraqa.unicity.net/v5a-test/items/ab2a2b07b17718843a66bee04ff40624","id":{"unicity":"31402"},"weightEach":{"value":0},"servingsPerContainer":0,"servingSize":0},"quantity":1,"terms":{"priceEach":117.07,"taxEach":{"amount":2.93},"discountEach":{"amount":0},"pvEach":85},"quantityLimit":{"quantityQuota":-1,"timeFrameDays":-1,"quantityOrdered":0}}]},"currency":"CHF"},{"lines":{"items":[{"item":{"href":"https://hydraqa.unicity.net/v5a-test/items/db0a2b02eaabc5ad45fe91ba5c7bcf5a","id":{"unicity":"31772"},"weightEach":{"value":0},"servingsPerContainer":0,"servingSize":0},"quantity":1,"terms":{"priceEach":12.07,"taxEach":{"amount":0.93},"discountEach":{"amount":0},"pvEach":0},"quantityLimit":{"quantityQuota":-1,"timeFrameDays":-1,"quantityOrdered":0}}]},"currency":"CHF"},{"lines":{"items":[{"item":{"href":"https://hydraqa.unicity.net/v5a-test/items/34c8c6b0f454da738e64265f08c57a72","id":{"unicity":"31777"},"weightEach":{"value":0},"servingsPerContainer":0,"servingSize":0},"quantity":1,"terms":{"priceEach":6.96,"taxEach":{"amount":0.54},"discountEach":{"amount":0},"pvEach":3},"quantityLimit":{"quantityQuota":-1,"timeFrameDays":-1,"quantityOrdered":0}}]},"currency":"CHF"},{"lines":{"items":[{"item":{"href":"https://hydraqa.unicity.net/v5a-test/items/fc8583e3bf463b599fdcce05234bc137","id":{"unicity":"31780"},"weightEach":{"value":0},"servingsPerContainer":0,"servingSize":0},"quantity":1,"terms":{"priceEach":9.28,"taxEach":{"amount":0.71},"discountEach":{"amount":0},"pvEach":4},"quantityLimit":{"quantityQuota":-1,"timeFrameDays":-1,"quantityOrdered":0}}]},"currency":"CHF"},{"lines":{"items":[{"item":{"href":"https://hydraqa.unicity.net/v5a-test/items/7e80331c8c25f515174d3f894283a27c","id":{"unicity":"31781"},"weightEach":{"value":0},"servingsPerContainer":0,"servingSize":0},"quantity":1,"terms":{"priceEach":9.28,"taxEach":{"amount":0.71},"discountEach":{"amount":0},"pvEach":4},"quantityLimit":{"quantityQuota":-1,"timeFrameDays":-1,"quantityOrdered":0}}]},"currency":"CHF"},{"lines":{"items":[{"item":{"href":"https://hydraqa.unicity.net/v5a-test/items/8d3854b47de8e45d6fcdc194dffff601","id":{"unicity":"31782"},"weightEach":{"value":0},"servingsPerContainer":0,"servingSize":0},"quantity":1,"terms":{"priceEach":13.93,"taxEach":{"amount":1.07},"discountEach":{"amount":0},"pvEach":6},"quantityLimit":{"quantityQuota":-1,"timeFrameDays":-1,"quantityOrdered":0}}]},"currency":"CHF"},{"lines":{"items":[{"item":{"href":"https://hydraqa.unicity.net/v5a-test/items/04516be30bd9bf93e01536e7fc8f8716","id":{"unicity":"31779"},"weightEach":{"value":0},"servingsPerContainer":0,"servingSize":0},"quantity":1,"terms":{"priceEach":11.14,"taxEach":{"amount":0.86},"discountEach":{"amount":0},"pvEach":5},"quantityLimit":{"quantityQuota":-1,"timeFrameDays":-1,"quantityOrdered":0}}]},"currency":"CHF"},{"lines":{"items":[{"item":{"href":"https://hydraqa.unicity.net/v5a-test/items/d7e1dd4b19a8672aed99e591356c0d48","id":{"unicity":"31932"},"weightEach":{"value":0},"servingsPerContainer":0,"servingSize":0},"quantity":1,"terms":{"priceEach":6.96,"taxEach":{"amount":0.54},"discountEach":{"amount":0},"pvEach":3},"quantityLimit":{"quantityQuota":-1,"timeFrameDays":-1,"quantityOrdered":0}}]},"currency":"CHF"},{"lines":{"items":[{"item":{"href":"https://hydraqa.unicity.net/v5a-test/items/1aa00306dc0006d365acd7436548f2e6","id":{"unicity":"31778"},"weightEach":{"value":0},"servingsPerContainer":0,"servingSize":0},"quantity":1,"terms":{"priceEach":13.93,"taxEach":{"amount":1.07},"discountEach":{"amount":0},"pvEach":6},"quantityLimit":{"quantityQuota":-1,"timeFrameDays":-1,"quantityOrdered":0}}]},"currency":"CHF"},{"lines":{"items":[{"item":{"href":"https://hydraqa.unicity.net/v5a-test/items/4fc6de0cb7817f39a836ff08609b8539","id":{"unicity":"32556"},"weightEach":{"value":0},"servingsPerContainer":0,"servingSize":0},"quantity":1,"terms":{"priceEach":2.79,"taxEach":{"amount":0.21},"discountEach":{"amount":0},"pvEach":0},"quantityLimit":{"quantityQuota":-1,"timeFrameDays":-1,"quantityOrdered":0}}]},"currency":"CHF"},{"lines":{"items":[{"item":{"href":"https://hydraqa.unicity.net/v5a-test/items/a85cc4a606716ce7b10b8bd76dca368f","id":{"unicity":"22605"},"weightEach":{"value":0},"servingsPerContainer":0,"servingSize":0},"quantity":1,"terms":{"priceEach":37.14,"taxEach":{"amount":2.86},"discountEach":{"amount":0},"pvEach":0},"quantityLimit":{"quantityQuota":-1,"timeFrameDays":-1,"quantityOrdered":0}}]},"currency":"CHF"},{"lines":{"items":[{"item":{"href":"https://hydraqa.unicity.net/v5a-test/items/2262fdd5af916c31df08089c191735c1","id":{"unicity":"29317"},"weightEach":{"value":0},"servingsPerContainer":0,"servingSize":0},"quantity":1,"terms":{"priceEach":37.14,"taxEach":{"amount":2.86},"discountEach":{"amount":0},"pvEach":0},"quantityLimit":{"quantityQuota":-1,"timeFrameDays":-1,"quantityOrdered":0}}]},"currency":"CHF"},{"lines":{"items":[{"item":{"href":"https://hydraqa.unicity.net/v5a-test/items/34c53e6d4cce0f8a72327d86c3ef04cb","id":{"unicity":"30103"},"weightEach":{"value":0},"servingsPerContainer":0,"servingSize":0},"quantity":1,"terms":{"priceEach":37.14,"taxEach":{"amount":2.86},"discountEach":{"amount":0},"pvEach":0},"quantityLimit":{"quantityQuota":-1,"timeFrameDays":-1,"quantityOrdered":0}}]},"currency":"CHF"},{"lines":{"items":[{"item":{"href":"https://hydraqa.unicity.net/v5a-test/items/2f1d0aa90494ae2e08035922c701f968","id":{"unicity":"29832"},"weightEach":{"value":0},"servingsPerContainer":0,"servingSize":0},"quantity":1,"terms":{"priceEach":54,"taxEach":{"amount":1.35},"discountEach":{"amount":0},"pvEach":42},"quantityLimit":{"quantityQuota":-1,"timeFrameDays":-1,"quantityOrdered":0}}]},"currency":"CHF"},{"lines":{"items":[{"item":{"href":"https://hydraqa.unicity.net/v5a-test/items/10df0fc3509b53cbeaeb9476ca92d520","id":{"unicity":"29833"},"weightEach":{"value":0},"servingsPerContainer":0,"servingSize":0},"quantity":1,"terms":{"priceEach":108.29,"taxEach":{"amount":2.71},"discountEach":{"amount":0},"pvEach":82},"quantityLimit":{"quantityQuota":-1,"timeFrameDays":-1,"quantityOrdered":0}}]},"currency":"CHF"},{"lines":{"items":[{"item":{"href":"https://hydraqa.unicity.net/v5a-test/items/a8dde31141ab8a13c032a00e7baa99cb","id":{"unicity":"30286"},"weightEach":{"value":0},"servingsPerContainer":0,"servingSize":0},"quantity":1,"terms":{"priceEach":153.17,"taxEach":{"amount":3.83},"discountEach":{"amount":0},"pvEach":107},"quantityLimit":{"quantityQuota":-1,"timeFrameDays":-1,"quantityOrdered":0}}]},"currency":"CHF"},{"lines":{"items":[{"item":{"href":"https://hydraqa.unicity.net/v5a-test/items/a92d4960492e2073278fc0e8bc2af366","id":{"unicity":"31740"},"weightEach":{"value":0},"servingsPerContainer":0,"servingSize":0},"quantity":1,"terms":{"priceEach":319.95,"taxEach":{"amount":8},"discountEach":{"amount":0},"pvEach":246},"quantityLimit":{"quantityQuota":-1,"timeFrameDays":-1,"quantityOrdered":0}}]},"currency":"CHF"},{"lines":{"items":[{"item":{"href":"https://hydraqa.unicity.net/v5a-test/items/22bcf973992a4b675adc842abb433e1a","id":{"unicity":"32140"},"weightEach":{"value":0},"servingsPerContainer":0,"servingSize":0},"quantity":1,"terms":{"priceEach":341.46,"taxEach":{"amount":8.54},"discountEach":{"amount":0},"pvEach":252},"quantityLimit":{"quantityQuota":-1,"timeFrameDays":-1,"quantityOrdered":0}}]},"currency":"CHF"},{"lines":{"items":[{"item":{"href":"https://hydraqa.unicity.net/v5a-test/items/fc5edcf55b7c5c1a614dba71c684da38","id":{"unicity":"32141"},"weightEach":{"value":0},"servingsPerContainer":0,"servingSize":0},"quantity":1,"terms":{"priceEach":386.34,"taxEach":{"amount":9.66},"discountEach":{"amount":0},"pvEach":300},"quantityLimit":{"quantityQuota":-1,"timeFrameDays":-1,"quantityOrdered":0}}]},"currency":"CHF"},{"lines":{"items":[{"item":{"href":"https://hydraqa.unicity.net/v5a-test/items/2482022792c4e0620583120981373ca1","id":{"unicity":"32148"},"weightEach":{"value":0},"servingsPerContainer":0,"servingSize":0},"quantity":1,"terms":{"priceEach":380.49,"taxEach":{"amount":9.51},"discountEach":{"amount":0},"pvEach":269},"quantityLimit":{"quantityQuota":-1,"timeFrameDays":-1,"quantityOrdered":0}}]},"currency":"CHF"},{"lines":{"items":[{"item":{"href":"https://hydraqa.unicity.net/v5a-test/items/148f1e203cf006e83ed482843cbd3a5c","id":{"unicity":"32149"},"weightEach":{"value":0},"servingsPerContainer":0,"servingSize":0},"quantity":1,"terms":{"priceEach":373.66,"taxEach":{"amount":9.34},"discountEach":{"amount":0},"pvEach":266},"quantityLimit":{"quantityQuota":-1,"timeFrameDays":-1,"quantityOrdered":0}}]},"currency":"CHF"},{"lines":{"items":[{"item":{"href":"https://hydraqa.unicity.net/v5a-test/items/c43d0c38e09dbbf94408a662cd23dfa0","id":{"unicity":"32144"},"weightEach":{"value":0},"servingsPerContainer":0,"servingSize":0},"quantity":1,"terms":{"priceEach":663.41,"taxEach":{"amount":16.59},"discountEach":{"amount":0},"pvEach":500},"quantityLimit":{"quantityQuota":-1,"timeFrameDays":-1,"quantityOrdered":0}}]},"currency":"CHF"},{"lines":{"items":[{"item":{"href":"https://hydraqa.unicity.net/v5a-test/items/36c1237572a0cc563fad27fcfd6abcf1","id":{"unicity":"32967"},"weightEach":{"value":0},"servingsPerContainer":0,"servingSize":0},"quantity":1,"terms":{"priceEach":1444,"taxEach":{"amount":36.1},"discountEach":{"amount":0},"pvEach":1004},"quantityLimit":{"quantityQuota":-1,"timeFrameDays":-1,"quantityOrdered":0}}]},"currency":"CHF"},{"lines":{"items":[{"item":{"href":"https://hydraqa.unicity.net/v5a-test/items/817e062d5600cad31f527fbfa764a0fa","id":{"unicity":"32968"},"weightEach":{"value":0},"servingsPerContainer":0,"servingSize":0},"quantity":1,"terms":{"priceEach":2888,"taxEach":{"amount":72.2},"discountEach":{"amount":0},"pvEach":2008},"quantityLimit":{"quantityQuota":-1,"timeFrameDays":-1,"quantityOrdered":0}}]},"currency":"CHF"},{"lines":{"items":[{"item":{"href":"https://hydraqa.unicity.net/v5a-test/items/81b61d497458d50a6893cf18a065539c","id":{"unicity":"32965"},"weightEach":{"value":0},"servingsPerContainer":0,"servingSize":0},"quantity":1,"terms":{"priceEach":878,"taxEach":{"amount":21.95},"discountEach":{"amount":0},"pvEach":592},"quantityLimit":{"quantityQuota":-1,"timeFrameDays":-1,"quantityOrdered":0}}]},"currency":"CHF"},{"lines":{"items":[{"item":{"href":"https://hydraqa.unicity.net/v5a-test/items/ab1f0744e0ce56260af7928f7bf04478","id":{"unicity":"32966"},"weightEach":{"value":0},"servingsPerContainer":0,"servingSize":0},"quantity":1,"terms":{"priceEach":1756,"taxEach":{"amount":43.9},"discountEach":{"amount":0},"pvEach":1184},"quantityLimit":{"quantityQuota":-1,"timeFrameDays":-1,"quantityOrdered":0}}]},"currency":"CHF"},{"lines":{"items":[{"item":{"href":"https://hydraqa.unicity.net/v5a-test/items/e931a471e0a518f071b09ab5479f0ba6","id":{"unicity":"32146"},"weightEach":{"value":0},"servingsPerContainer":0,"servingSize":0},"quantity":1,"terms":{"priceEach":710.24,"taxEach":{"amount":17.76},"discountEach":{"amount":0},"pvEach":508},"quantityLimit":{"quantityQuota":-1,"timeFrameDays":-1,"quantityOrdered":0}}]},"currency":"CHF"},{"lines":{"items":[{"item":{"href":"https://hydraqa.unicity.net/v5a-test/items/337651da22c0ffaf01f33af882636ea6","id":{"unicity":"32142"},"weightEach":{"value":0},"servingsPerContainer":0,"servingSize":0},"quantity":1,"terms":{"priceEach":714.15,"taxEach":{"amount":17.85},"discountEach":{"amount":0},"pvEach":502},"quantityLimit":{"quantityQuota":-1,"timeFrameDays":-1,"quantityOrdered":0}}]},"currency":"CHF"},{"lines":{"items":[{"item":{"href":"https://hydraqa.unicity.net/v5a-test/items/fd906afd8b19d76e7cbef9a8aec7484a","id":{"unicity":"32145"},"weightEach":{"value":0},"servingsPerContainer":0,"servingSize":0},"quantity":1,"terms":{"priceEach":1381.46,"taxEach":{"amount":34.54},"discountEach":{"amount":0},"pvEach":1038},"quantityLimit":{"quantityQuota":-1,"timeFrameDays":-1,"quantityOrdered":0}}]},"currency":"CHF"},{"lines":{"items":[{"item":{"href":"https://hydraqa.unicity.net/v5a-test/items/feb92dd34cb5c38490043c2c9808e546","id":{"unicity":"32147"},"weightEach":{"value":0},"servingsPerContainer":0,"servingSize":0},"quantity":1,"terms":{"priceEach":1420.49,"taxEach":{"amount":35.51},"discountEach":{"amount":0},"pvEach":1016},"quantityLimit":{"quantityQuota":-1,"timeFrameDays":-1,"quantityOrdered":0}}]},"currency":"CHF"},{"lines":{"items":[{"item":{"href":"https://hydraqa.unicity.net/v5a-test/items/03a49a6a2def2af96f0da8ba279b0f4f","id":{"unicity":"32143"},"weightEach":{"value":0},"servingsPerContainer":0,"servingSize":0},"quantity":1,"terms":{"priceEach":1428.29,"taxEach":{"amount":35.71},"discountEach":{"amount":0},"pvEach":1004},"quantityLimit":{"quantityQuota":-1,"timeFrameDays":-1,"quantityOrdered":0}}]},"currency":"CHF"},{"lines":{"items":[{"item":{"href":"https://hydraqa.unicity.net/v5a-test/items/332daeac6796ed016ea8b7d0bc42c2d4","id":{"unicity":"24274"},"weightEach":{"value":0},"servingsPerContainer":0,"servingSize":0},"quantity":1,"terms":{"priceEach":9.29,"taxEach":{"amount":0.72},"discountEach":{"amount":0},"pvEach":0},"quantityLimit":{"quantityQuota":-1,"timeFrameDays":-1,"quantityOrdered":0}}]},"currency":"CHF"},{"lines":{"items":[{"item":{"href":"https://hydraqa.unicity.net/v5a-test/items/1945faa1776541d53120ecfe3c1d8a2b","id":{"unicity":"24418"},"weightEach":{"value":0},"servingsPerContainer":0,"servingSize":0},"quantity":1,"terms":{"priceEach":5.57,"taxEach":{"amount":0.43},"discountEach":{"amount":0},"pvEach":0},"quantityLimit":{"quantityQuota":-1,"timeFrameDays":-1,"quantityOrdered":0}}]},"currency":"CHF"},{"lines":{"items":[{"item":{"href":"https://hydraqa.unicity.net/v5a-test/items/10da226fab00279b4f89df10af2a10b7","id":{"unicity":"26442"},"weightEach":{"value":0},"servingsPerContainer":0,"servingSize":0},"quantity":1,"terms":{"priceEach":7.43,"taxEach":{"amount":0.57},"discountEach":{"amount":0},"pvEach":0},"quantityLimit":{"quantityQuota":-1,"timeFrameDays":-1,"quantityOrdered":0}}]},"currency":"CHF"},{"lines":{"items":[{"item":{"href":"https://hydraqa.unicity.net/v5a-test/items/5147f8cfe32548e02fc158d4da9c4d6f","id":{"unicity":"27150"},"weightEach":{"value":0},"servingsPerContainer":0,"servingSize":0},"quantity":1,"terms":{"priceEach":111.22,"taxEach":{"amount":2.78},"discountEach":{"amount":0},"pvEach":80},"quantityLimit":{"quantityQuota":-1,"timeFrameDays":-1,"quantityOrdered":0}}]},"currency":"CHF"},{"lines":{"items":[{"item":{"href":"https://hydraqa.unicity.net/v5a-test/items/03eba2365025ccd85818846a83a16f47","id":{"unicity":"27163"},"weightEach":{"value":0},"servingsPerContainer":0,"servingSize":0},"quantity":1,"terms":{"priceEach":96.59,"taxEach":{"amount":2.41},"discountEach":{"amount":0},"pvEach":75},"quantityLimit":{"quantityQuota":-1,"timeFrameDays":-1,"quantityOrdered":0}}]},"currency":"CHF"},{"lines":{"items":[{"item":{"href":"https://hydraqa.unicity.net/v5a-test/items/112b8c39286598b3730f630f371a45f4","id":{"unicity":"27587"},"weightEach":{"value":0},"servingsPerContainer":0,"servingSize":0},"quantity":1,"terms":{"priceEach":74.15,"taxEach":{"amount":1.85},"discountEach":{"amount":0},"pvEach":45},"quantityLimit":{"quantityQuota":-1,"timeFrameDays":-1,"quantityOrdered":0}}]},"currency":"CHF"},{"lines":{"items":[{"item":{"href":"https://hydraqa.unicity.net/v5a-test/items/024e696f8b44a1d315006e676604cd31","id":{"unicity":"27395"},"weightEach":{"value":0},"servingsPerContainer":0,"servingSize":0},"quantity":1,"terms":{"priceEach":37.07,"taxEach":{"amount":0.93},"discountEach":{"amount":0},"pvEach":23},"quantityLimit":{"quantityQuota":-1,"timeFrameDays":-1,"quantityOrdered":0}}]},"currency":"CHF"},{"lines":{"items":[{"item":{"href":"https://hydraqa.unicity.net/v5a-test/items/4b2034f47fce90b87bba28c5c2d7c25d","id":{"unicity":"15880"},"weightEach":{"value":0},"servingsPerContainer":0,"servingSize":0},"quantity":1,"terms":{"priceEach":62.44,"taxEach":{"amount":1.56},"discountEach":{"amount":0},"pvEach":40},"quantityLimit":{"quantityQuota":-1,"timeFrameDays":-1,"quantityOrdered":0}}]},"currency":"CHF"},{"lines":{"items":[{"item":{"href":"https://hydraqa.unicity.net/v5a-test/items/398d06b858b960f6f38086d40608aef2","id":{"unicity":"26560"},"weightEach":{"value":0},"servingsPerContainer":0,"servingSize":0},"quantity":1,"terms":{"priceEach":24.39,"taxEach":{"amount":0.61},"discountEach":{"amount":0},"pvEach":15},"quantityLimit":{"quantityQuota":-1,"timeFrameDays":-1,"quantityOrdered":0}}]},"currency":"CHF"},{"lines":{"items":[{"item":{"href":"https://hydraqa.unicity.net/v5a-test/items/e218d1cac5f31e7ae4f5876c29c57377","id":{"unicity":"29017"},"weightEach":{"value":0},"servingsPerContainer":0,"servingSize":0},"quantity":1,"terms":{"priceEach":34.15,"taxEach":{"amount":0.85},"discountEach":{"amount":0},"pvEach":21},"quantityLimit":{"quantityQuota":-1,"timeFrameDays":-1,"quantityOrdered":0}}]},"currency":"CHF"},{"lines":{"items":[{"item":{"href":"https://hydraqa.unicity.net/v5a-test/items/3f2d12d7a0e8551fc99fad3bbe1ba633","id":{"unicity":"26567"},"weightEach":{"value":0},"servingsPerContainer":0,"servingSize":0},"quantity":1,"terms":{"priceEach":73.17,"taxEach":{"amount":1.83},"discountEach":{"amount":0},"pvEach":38},"quantityLimit":{"quantityQuota":-1,"timeFrameDays":-1,"quantityOrdered":0}}]},"currency":"CHF"},{"lines":{"items":[{"item":{"href":"https://hydraqa.unicity.net/v5a-test/items/191637167cb3144bd2e8c4615e9ab67e","id":{"unicity":"26568"},"weightEach":{"value":0},"servingsPerContainer":0,"servingSize":0},"quantity":1,"terms":{"priceEach":73.17,"taxEach":{"amount":1.83},"discountEach":{"amount":0},"pvEach":38},"quantityLimit":{"quantityQuota":-1,"timeFrameDays":-1,"quantityOrdered":0}}]},"currency":"CHF"},{"lines":{"items":[{"item":{"href":"https://hydraqa.unicity.net/v5a-test/items/606f7be753c74dfbfe4b107276775140","id":{"unicity":"29821"},"weightEach":{"value":0},"servingsPerContainer":0,"servingSize":0},"quantity":1,"terms":{"priceEach":103.41,"taxEach":{"amount":2.59},"discountEach":{"amount":0},"pvEach":78},"quantityLimit":{"quantityQuota":-1,"timeFrameDays":-1,"quantityOrdered":0}}]},"currency":"CHF"},{"lines":{"items":[{"item":{"href":"https://hydraqa.unicity.net/v5a-test/items/94939f9be900906d2b47260ccba22a7b","id":{"unicity":"32012"},"weightEach":{"value":0},"servingsPerContainer":0,"servingSize":0},"quantity":1,"terms":{"priceEach":18.54,"taxEach":{"amount":0.46},"discountEach":{"amount":0},"pvEach":8},"quantityLimit":{"quantityQuota":-1,"timeFrameDays":-1,"quantityOrdered":0}}]},"currency":"CHF"},{"lines":{"items":[{"item":{"href":"https://hydraqa.unicity.net/v5a-test/items/2c4c1abe00983e85aaa918d2ce341491","id":{"unicity":"17174"},"weightEach":{"value":0},"servingsPerContainer":0,"servingSize":0},"quantity":1,"terms":{"priceEach":47.8,"taxEach":{"amount":1.2},"discountEach":{"amount":0},"pvEach":30},"quantityLimit":{"quantityQuota":-1,"timeFrameDays":-1,"quantityOrdered":0}}]},"currency":"CHF"},{"lines":{"items":[{"item":{"href":"https://hydraqa.unicity.net/v5a-test/items/991cdbb84a495779eb209fb3956a77e4","id":{"unicity":"29183"},"weightEach":{"value":0},"servingsPerContainer":0,"servingSize":0},"quantity":1,"terms":{"priceEach":39,"taxEach":{"amount":3},"discountEach":{"amount":0},"pvEach":22},"quantityLimit":{"quantityQuota":-1,"timeFrameDays":-1,"quantityOrdered":0}}]},"currency":"CHF"},{"lines":{"items":[{"item":{"href":"https://hydraqa.unicity.net/v5a-test/items/0e78fbdfebef11cd62f8d2120064ee58","id":{"unicity":"30280"},"weightEach":{"value":0},"servingsPerContainer":0,"servingSize":0},"quantity":1,"terms":{"priceEach":45.5,"taxEach":{"amount":3.5},"discountEach":{"amount":0},"pvEach":25},"quantityLimit":{"quantityQuota":-1,"timeFrameDays":-1,"quantityOrdered":0}}]},"currency":"CHF"},{"lines":{"items":[{"item":{"href":"https://hydraqa.unicity.net/v5a-test/items/beb900429fbb160dbfc3001c14d96df4","id":{"unicity":"29187"},"weightEach":{"value":0},"servingsPerContainer":0,"servingSize":0},"quantity":1,"terms":{"priceEach":52,"taxEach":{"amount":4},"discountEach":{"amount":0},"pvEach":30},"quantityLimit":{"quantityQuota":-1,"timeFrameDays":-1,"quantityOrdered":0}}]},"currency":"CHF"},{"lines":{"items":[{"item":{"href":"https://hydraqa.unicity.net/v5a-test/items/1b0412bea8c0b841c66f65a36aa14108","id":{"unicity":"29191"},"weightEach":{"value":0},"servingsPerContainer":0,"servingSize":0},"quantity":1,"terms":{"priceEach":52,"taxEach":{"amount":4},"discountEach":{"amount":0},"pvEach":30},"quantityLimit":{"quantityQuota":-1,"timeFrameDays":-1,"quantityOrdered":0}}]},"currency":"CHF"},{"lines":{"items":[{"item":{"href":"https://hydraqa.unicity.net/v5a-test/items/52c87f74d3b41ed49b0f897b66c2a99b","id":{"unicity":"30684"},"weightEach":{"value":0},"servingsPerContainer":0,"servingSize":0},"quantity":1,"terms":{"priceEach":47.8,"taxEach":{"amount":1.2},"discountEach":{"amount":0},"pvEach":30},"quantityLimit":{"quantityQuota":-1,"timeFrameDays":-1,"quantityOrdered":0}}]},"currency":"CHF"},{"lines":{"items":[{"item":{"href":"https://hydraqa.unicity.net/v5a-test/items/7e5e7df32701fd44947c8146f2129f7a","id":{"unicity":"31672"},"weightEach":{"value":0},"servingsPerContainer":0,"servingSize":0},"quantity":1,"terms":{"priceEach":96.59,"taxEach":{"amount":2.41},"discountEach":{"amount":0},"pvEach":75},"quantityLimit":{"quantityQuota":-1,"timeFrameDays":-1,"quantityOrdered":0}}]},"currency":"CHF"},{"lines":{"items":[{"item":{"href":"https://hydraqa.unicity.net/v5a-test/items/493c2ba720f847422eccc5da35024f33","id":{"unicity":"31534"},"weightEach":{"value":0},"servingsPerContainer":0,"servingSize":0},"quantity":1,"terms":{"priceEach":29.27,"taxEach":{"amount":0.73},"discountEach":{"amount":0},"pvEach":18},"quantityLimit":{"quantityQuota":-1,"timeFrameDays":-1,"quantityOrdered":0}}]},"currency":"CHF"},{"lines":{"items":[{"item":{"href":"https://hydraqa.unicity.net/v5a-test/items/bfddb53fe0d5ed5432c531dc9850cbe4","id":{"unicity":"29449"},"weightEach":{"value":0},"servingsPerContainer":0,"servingSize":0},"quantity":1,"terms":{"priceEach":29.27,"taxEach":{"amount":0.73},"discountEach":{"amount":0},"pvEach":18},"quantityLimit":{"quantityQuota":-1,"timeFrameDays":-1,"quantityOrdered":0}}]},"currency":"CHF"},{"lines":{"items":[{"item":{"href":"https://hydraqa.unicity.net/v5a-test/items/217ca02fbd24e21ca5281412756238ab","id":{"unicity":"32126"},"weightEach":{"value":0},"servingsPerContainer":0,"servingSize":0},"quantity":1,"terms":{"priceEach":184.39,"taxEach":{"amount":4.61},"discountEach":{"amount":0},"pvEach":121},"quantityLimit":{"quantityQuota":-1,"timeFrameDays":-1,"quantityOrdered":0}}]},"currency":"CHF"},{"lines":{"items":[{"item":{"href":"https://hydraqa.unicity.net/v5a-test/items/808008a0657d2033ad471c39bbce9891","id":{"unicity":"32127"},"weightEach":{"value":0},"servingsPerContainer":0,"servingSize":0},"quantity":1,"terms":{"priceEach":212.68,"taxEach":{"amount":5.32},"discountEach":{"amount":0},"pvEach":153},"quantityLimit":{"quantityQuota":-1,"timeFrameDays":-1,"quantityOrdered":0}}]},"currency":"CHF"},{"lines":{"items":[{"item":{"href":"https://hydraqa.unicity.net/v5a-test/items/fbb6dbd577adb73abaec364076fb288f","id":{"unicity":"32087"},"weightEach":{"value":0},"servingsPerContainer":0,"servingSize":0},"quantity":1,"terms":{"priceEach":25.37,"taxEach":{"amount":0.63},"discountEach":{"amount":0},"pvEach":11},"quantityLimit":{"quantityQuota":-1,"timeFrameDays":-1,"quantityOrdered":0}}]},"currency":"CHF"},{"lines":{"items":[{"item":{"href":"https://hydraqa.unicity.net/v5a-test/items/1f59b10f0bef99fa20e4b9b0b4efea88","id":{"unicity":"32333"},"weightEach":{"value":0},"servingsPerContainer":0,"servingSize":0},"quantity":1,"terms":{"priceEach":13,"taxEach":{"amount":1},"discountEach":{"amount":0},"pvEach":0},"quantityLimit":{"quantityQuota":-1,"timeFrameDays":-1,"quantityOrdered":0}}]},"currency":"CHF"},{"lines":{"items":[{"item":{"href":"https://hydraqa.unicity.net/v5a-test/items/592aef9ec417f4553dc0b62a91a1f5e0","id":{"unicity":"32330"},"weightEach":{"value":0},"servingsPerContainer":0,"servingSize":0},"quantity":1,"terms":{"priceEach":116.1,"taxEach":{"amount":2.9},"discountEach":{"amount":0},"pvEach":70},"quantityLimit":{"quantityQuota":-1,"timeFrameDays":-1,"quantityOrdered":0}}]},"currency":"CHF"},{"lines":{"items":[{"item":{"href":"https://hydraqa.unicity.net/v5a-test/items/87dd58dff9eb54a10b652443e7279a1e","id":{"unicity":"32693"},"weightEach":{"value":0},"servingsPerContainer":0,"servingSize":0},"quantity":1,"terms":{"priceEach":103.41,"taxEach":{"amount":2.59},"discountEach":{"amount":0},"pvEach":78},"quantityLimit":{"quantityQuota":-1,"timeFrameDays":-1,"quantityOrdered":0}}]},"currency":"CHF"},{"lines":{"items":[{"item":{"href":"https://hydraqa.unicity.net/v5a-test/items/1bd53de7fe880ba71f46c9976ca2c137","id":{"unicity":"27739"},"weightEach":{"value":0},"servingsPerContainer":0,"servingSize":0},"quantity":1,"terms":{"priceEach":47.8,"taxEach":{"amount":1.2},"discountEach":{"amount":0},"pvEach":30},"quantityLimit":{"quantityQuota":-1,"timeFrameDays":-1,"quantityOrdered":0}}]},"currency":"CHF"}]}
Entry request : {"order":{"customer":{"href":"https://hydraqa.unicity.net/v5a-test/customers?type=Associate"},"shipToAddress":{"country":"CH"}},"vary":{"lines":{"items":[{"item":{"href":"https://hydraqa.unicity.net/v5a-test/items?id.unicity=26306|27617|31763|31400|31951|31952|32128|32129|32130|32132|32133|32134|32135|32137|32138|32125|18511|26422|27156|27158|27166|27660|27436|27585|28601|28604|24758|29838|31402|31772|31777|31780|31781|31782|31779|31932|31778|32556|22605|29317|30103|29832|29833|30286|31740|32140|32141|32148|32149|32144|32756|32967|32968|32965|32966|32146|32142|32145|32147|32143|23989|24274|24418|26442|27150|27163|27587|27395|15880|26560|29017|26567|26568|29821|32012|17174|29183|30280|29187|29191|30684|31672|31534|29449|32126|32127|32087|32333|32755|32330|32693|27739"}}]}}}
Total Pv Greater then 1000 - 1157
[https://hydraqa.unicity.net/v5a-test/items?id.unicity=32127, https://hydraqa.unicity.net/v5a-test/items?id.unicity=32143]
]]></system-out>
    <system-err><![CDATA[Starting ChromeDriver 2.36.540470 (e522d04694c7ebea4ba8821272dbef4f9b818c91) on port 22531
Only local connections are allowed.
Oct 18, 2020 12:16:31 PM org.openqa.selenium.remote.ProtocolHandshake createSession
INFO: Detected dialect: OSS
]]></system-err>
  </testcase>
  <testcase name="Enroll" classname="Tests.FranchisePartner" time="168.639">
    <failure message="no such element: Unable to locate element: {&quot;method&quot;:&quot;xpath&quot;,&quot;selector&quot;:&quot;//li[contains(@ng-if, &apos;enrollerProfile&apos;)]//p[@class=&apos;ng-binding&apos;]&quot;}&#10;  (Session info: chrome=86.0.4240.75)&#10;  (Driver info: chromedriver=2.36.540470 (e522d04694c7ebea4ba8821272dbef4f9b818c91),platform=Windows NT 6.3.9600 x86_64) (WARNING: The server did not provide any stacktrace information)&#10;Command duration or timeout: 0 milliseconds&#10;For documentation on this error, please visit: http://seleniumhq.org/exceptions/no_such_element.html&#10;Build info: version: &apos;3.8.1&apos;, revision: &apos;6e95a6684b&apos;, time: &apos;2017-12-01T18:33:54.468Z&apos;&#10;System info: host: &apos;QASERVER01&apos;, ip: &apos;10.2.0.23&apos;, os.name: &apos;Windows Server 2012 R2&apos;, os.arch: &apos;amd64&apos;, os.version: &apos;6.3&apos;, java.version: &apos;1.8.0_111&apos;&#10;Driver info: org.openqa.selenium.chrome.ChromeDriver&#10;Capabilities {acceptInsecureCerts: false, acceptSslCerts: false, applicationCacheEnabled: false, browserConnectionEnabled: false, browserName: chrome, chrome: {chromedriverVersion: 2.36.540470 (e522d04694c7eb..., userDataDir: C:\Users\sumancb\AppData\Lo...}, cssSelectorsEnabled: true, databaseEnabled: false, handlesAlerts: true, hasTouchScreen: false, javascriptEnabled: true, locationContextEnabled: true, mobileEmulationEnabled: false, nativeEvents: true, networkConnectionEnabled: false, pageLoadStrategy: normal, platform: XP, platformName: XP, rotatable: false, setWindowRect: true, takesHeapSnapshot: true, takesScreenshot: true, unexpectedAlertBehaviour: , unhandledPromptBehavior: , version: 86.0.4240.75, webStorageEnabled: true}&#10;Session ID: 570854eaeb33f468a39e88c9e733475c&#10;*** Element info: {Using=xpath, value=//li[contains(@ng-if, &apos;enrollerProfile&apos;)]//p[@class=&apos;ng-binding&apos;]}" type="org.openqa.selenium.NoSuchElementException">org.openqa.selenium.NoSuchElementException: 
no such element: Unable to locate element: {"method":"xpath","selector":"//li[contains(@ng-if, 'enrollerProfile')]//p[@class='ng-binding']"}
  (Session info: chrome=86.0.4240.75)
  (Driver info: chromedriver=2.36.540470 (e522d04694c7ebea4ba8821272dbef4f9b818c91),platform=Windows NT 6.3.9600 x86_64) (WARNING: The server did not provide any stacktrace information)
Command duration or timeout: 0 milliseconds
For documentation on this error, please visit: http://seleniumhq.org/exceptions/no_such_element.html
Build info: version: '3.8.1', revision: '6e95a6684b', time: '2017-12-01T18:33:54.468Z'
System info: host: 'QASERVER01', ip: '10.2.0.23', os.name: 'Windows Server 2012 R2', os.arch: 'amd64', os.version: '6.3', java.version: '1.8.0_111'
Driver info: org.openqa.selenium.chrome.ChromeDriver
Capabilities {acceptInsecureCerts: false, acceptSslCerts: false, applicationCacheEnabled: false, browserConnectionEnabled: false, browserName: chrome, chrome: {chromedriverVersion: 2.36.540470 (e522d04694c7eb..., userDataDir: C:\Users\sumancb\AppData\Lo...}, cssSelectorsEnabled: true, databaseEnabled: false, handlesAlerts: true, hasTouchScreen: false, javascriptEnabled: true, locationContextEnabled: true, mobileEmulationEnabled: false, nativeEvents: true, networkConnectionEnabled: false, pageLoadStrategy: normal, platform: XP, platformName: XP, rotatable: false, setWindowRect: true, takesHeapSnapshot: true, takesScreenshot: true, unexpectedAlertBehaviour: , unhandledPromptBehavior: , version: 86.0.4240.75, webStorageEnabled: true}
Session ID: 570854eaeb33f468a39e88c9e733475c
*** Element info: {Using=xpath, value=//li[contains(@ng-if, 'enrollerProfile')]//p[@class='ng-binding']}
	at Tests.FranchisePartner.Enroll(FranchisePartner.java:251)
</failure>
    <system-out><![CDATA[Request URL: https://hydraqa.unicity.net/v5a-test/quotes?&expand=item
Entry Quotes response : {"items":[{"lines":{"items":[{"item":{"href":"https://hydraqa.unicity.net/v5a-test/items/ce9cbecebbd583d0df582da5e1c57ce2","id":{"unicity":"26306"},"weightEach":{"value":0},"servingsPerContainer":0,"servingSize":0},"quantity":1,"terms":{"priceEach":209.76,"taxEach":{"amount":5.24},"discountEach":{"amount":0},"pvEach":143},"quantityLimit":{"quantityQuota":-1,"timeFrameDays":-1,"quantityOrdered":0}}]},"currency":"CHF"},{"lines":{"items":[{"item":{"href":"https://hydraqa.unicity.net/v5a-test/items/a7bda1cb4a35343e52791aba56debc4a","id":{"unicity":"27617"},"weightEach":{"value":0},"servingsPerContainer":0,"servingSize":0},"quantity":1,"terms":{"priceEach":37.07,"taxEach":{"amount":0.93},"discountEach":{"amount":0},"pvEach":23},"quantityLimit":{"quantityQuota":-1,"timeFrameDays":-1,"quantityOrdered":0}}]},"currency":"CHF"},{"lines":{"items":[{"item":{"href":"https://hydraqa.unicity.net/v5a-test/items/04614fabe9e2c10ec4968feb09a6cf7e","id":{"unicity":"31400"},"weightEach":{"value":0},"servingsPerContainer":0,"servingSize":0},"quantity":1,"terms":{"priceEach":74.15,"taxEach":{"amount":1.85},"discountEach":{"amount":0},"pvEach":45},"quantityLimit":{"quantityQuota":-1,"timeFrameDays":-1,"quantityOrdered":0}}]},"currency":"CHF"},{"lines":{"items":[{"item":{"href":"https://hydraqa.unicity.net/v5a-test/items/e9991b48ac639367d526d2b9b22fac8c","id":{"unicity":"32128"},"weightEach":{"value":0},"servingsPerContainer":0,"servingSize":0},"quantity":1,"terms":{"priceEach":472.22,"taxEach":{"amount":11.81},"discountEach":{"amount":0},"pvEach":321},"quantityLimit":{"quantityQuota":-1,"timeFrameDays":-1,"quantityOrdered":0}}]},"currency":"CHF"},{"lines":{"items":[{"item":{"href":"https://hydraqa.unicity.net/v5a-test/items/40b3312de189221d96d838d33a8ec49d","id":{"unicity":"32129"},"weightEach":{"value":0},"servingsPerContainer":0,"servingSize":0},"quantity":1,"terms":{"priceEach":472.22,"taxEach":{"amount":11.81},"discountEach":{"amount":0},"pvEach":326},"quantityLimit":{"quantityQuota":-1,"timeFrameDays":-1,"quantityOrdered":0}}]},"currency":"CHF"},{"lines":{"items":[{"item":{"href":"https://hydraqa.unicity.net/v5a-test/items/6bd168a66ce41003a8f30917deff5808","id":{"unicity":"32130"},"weightEach":{"value":0},"servingsPerContainer":0,"servingSize":0},"quantity":1,"terms":{"priceEach":447.82,"taxEach":{"amount":11.2},"discountEach":{"amount":0},"pvEach":304},"quantityLimit":{"quantityQuota":-1,"timeFrameDays":-1,"quantityOrdered":0}}]},"currency":"CHF"},{"lines":{"items":[{"item":{"href":"https://hydraqa.unicity.net/v5a-test/items/806f99b793edd7cd0b1c158ba0eb3142","id":{"unicity":"32132"},"weightEach":{"value":0},"servingsPerContainer":0,"servingSize":0},"quantity":1,"terms":{"priceEach":451.72,"taxEach":{"amount":11.29},"discountEach":{"amount":0},"pvEach":325},"quantityLimit":{"quantityQuota":-1,"timeFrameDays":-1,"quantityOrdered":0}}]},"currency":"CHF"},{"lines":{"items":[{"item":{"href":"https://hydraqa.unicity.net/v5a-test/items/e3d382d99fde8659cb146b54116e7654","id":{"unicity":"32133"},"weightEach":{"value":0},"servingsPerContainer":0,"servingSize":0},"quantity":1,"terms":{"priceEach":467.34,"taxEach":{"amount":11.68},"discountEach":{"amount":0},"pvEach":330},"quantityLimit":{"quantityQuota":-1,"timeFrameDays":-1,"quantityOrdered":0}}]},"currency":"CHF"},{"lines":{"items":[{"item":{"href":"https://hydraqa.unicity.net/v5a-test/items/022f109fe6e5eae3e521295a5cb94c60","id":{"unicity":"32134"},"weightEach":{"value":0},"servingsPerContainer":0,"servingSize":0},"quantity":1,"terms":{"priceEach":177.57,"taxEach":{"amount":4.44},"discountEach":{"amount":0},"pvEach":121},"quantityLimit":{"quantityQuota":-1,"timeFrameDays":-1,"quantityOrdered":0}}]},"currency":"CHF"},{"lines":{"items":[{"item":{"href":"https://hydraqa.unicity.net/v5a-test/items/ded00960d5e948dd8e511a9c752e1ff9","id":{"unicity":"32135"},"weightEach":{"value":0},"servingsPerContainer":0,"servingSize":0},"quantity":1,"terms":{"priceEach":200,"taxEach":{"amount":5},"discountEach":{"amount":0},"pvEach":153},"quantityLimit":{"quantityQuota":-1,"timeFrameDays":-1,"quantityOrdered":0}}]},"currency":"CHF"},{"lines":{"items":[{"item":{"href":"https://hydraqa.unicity.net/v5a-test/items/166a69d45c4ae40278554e24d5f40443","id":{"unicity":"32137"},"weightEach":{"value":0},"servingsPerContainer":0,"servingSize":0},"quantity":1,"terms":{"priceEach":207.82,"taxEach":{"amount":5.2},"discountEach":{"amount":0},"pvEach":147},"quantityLimit":{"quantityQuota":-1,"timeFrameDays":-1,"quantityOrdered":0}}]},"currency":"CHF"},{"lines":{"items":[{"item":{"href":"https://hydraqa.unicity.net/v5a-test/items/d04a0b8762b20202b6273114fb7302d1","id":{"unicity":"32138"},"weightEach":{"value":0},"servingsPerContainer":0,"servingSize":0},"quantity":1,"terms":{"priceEach":281.97,"taxEach":{"amount":7.05},"discountEach":{"amount":0},"pvEach":192},"quantityLimit":{"quantityQuota":-1,"timeFrameDays":-1,"quantityOrdered":0}}]},"currency":"CHF"},{"lines":{"items":[{"item":{"href":"https://hydraqa.unicity.net/v5a-test/items/e13d0b5c40704ad5dd186959367c97f1","id":{"unicity":"32125"},"weightEach":{"value":0},"servingsPerContainer":0,"servingSize":0},"quantity":1,"terms":{"priceEach":467.35,"taxEach":{"amount":11.68},"discountEach":{"amount":0},"pvEach":309},"quantityLimit":{"quantityQuota":-1,"timeFrameDays":-1,"quantityOrdered":0}}]},"currency":"CHF"},{"lines":{"items":[{"item":{"href":"https://hydraqa.unicity.net/v5a-test/items/c451532f63a06f0e9a054e946a1a1c3b","id":{"unicity":"18511"},"weightEach":{"value":0},"servingsPerContainer":0,"servingSize":0},"quantity":1,"terms":{"priceEach":47.8,"taxEach":{"amount":1.2},"discountEach":{"amount":0},"pvEach":30},"quantityLimit":{"quantityQuota":-1,"timeFrameDays":-1,"quantityOrdered":0}}]},"currency":"CHF"},{"lines":{"items":[{"item":{"href":"https://hydraqa.unicity.net/v5a-test/items/4e49c95f12ae7be78e5ffab68b8b3ca6","id":{"unicity":"26422"},"weightEach":{"value":0},"servingsPerContainer":0,"servingSize":0},"quantity":1,"terms":{"priceEach":24.39,"taxEach":{"amount":0.61},"discountEach":{"amount":0},"pvEach":18},"quantityLimit":{"quantityQuota":-1,"timeFrameDays":-1,"quantityOrdered":0}}]},"currency":"CHF"},{"lines":{"items":[{"item":{"href":"https://hydraqa.unicity.net/v5a-test/items/50e73ecfa509ac20c4a250f9cb32fdfc","id":{"unicity":"27156"},"weightEach":{"value":0},"servingsPerContainer":0,"servingSize":0},"quantity":1,"terms":{"priceEach":24.39,"taxEach":{"amount":0.61},"discountEach":{"amount":0},"pvEach":15},"quantityLimit":{"quantityQuota":-1,"timeFrameDays":-1,"quantityOrdered":0}}]},"currency":"CHF"},{"lines":{"items":[{"item":{"href":"https://hydraqa.unicity.net/v5a-test/items/d92292ba2f23c030e4a1f63eb3ebe1ce","id":{"unicity":"27158"},"weightEach":{"value":0},"servingsPerContainer":0,"servingSize":0},"quantity":1,"terms":{"priceEach":32.2,"taxEach":{"amount":0.81},"discountEach":{"amount":0},"pvEach":25},"quantityLimit":{"quantityQuota":-1,"timeFrameDays":-1,"quantityOrdered":0}}]},"currency":"CHF"},{"lines":{"items":[{"item":{"href":"https://hydraqa.unicity.net/v5a-test/items/ac37bf51ff7e4fe860da8457f6ce0425","id":{"unicity":"27166"},"weightEach":{"value":0},"servingsPerContainer":0,"servingSize":0},"quantity":1,"terms":{"priceEach":96.59,"taxEach":{"amount":2.41},"discountEach":{"amount":0},"pvEach":75},"quantityLimit":{"quantityQuota":-1,"timeFrameDays":-1,"quantityOrdered":0}}]},"currency":"CHF"},{"lines":{"items":[{"item":{"href":"https://hydraqa.unicity.net/v5a-test/items/a36d9fdd0fd7561e6180fb5b2ff27164","id":{"unicity":"27660"},"weightEach":{"value":0},"servingsPerContainer":0,"servingSize":0},"quantity":1,"terms":{"priceEach":51.71,"taxEach":{"amount":1.29},"discountEach":{"amount":0},"pvEach":37},"quantityLimit":{"quantityQuota":-1,"timeFrameDays":-1,"quantityOrdered":0}}]},"currency":"CHF"},{"lines":{"items":[{"item":{"href":"https://hydraqa.unicity.net/v5a-test/items/fc6a55f19d99547a667b22a83c35ca13","id":{"unicity":"27436"},"weightEach":{"value":0},"servingsPerContainer":0,"servingSize":0},"quantity":1,"terms":{"priceEach":96.59,"taxEach":{"amount":2.41},"discountEach":{"amount":0},"pvEach":70},"quantityLimit":{"quantityQuota":-1,"timeFrameDays":-1,"quantityOrdered":0}}]},"currency":"CHF"},{"lines":{"items":[{"item":{"href":"https://hydraqa.unicity.net/v5a-test/items/9a6e1d094182389c3da8e0a320ff0e00","id":{"unicity":"27585"},"weightEach":{"value":0},"servingsPerContainer":0,"servingSize":0},"quantity":1,"terms":{"priceEach":82.93,"taxEach":{"amount":2.07},"discountEach":{"amount":0},"pvEach":50},"quantityLimit":{"quantityQuota":-1,"timeFrameDays":-1,"quantityOrdered":0}}]},"currency":"CHF"},{"lines":{"items":[{"item":{"href":"https://hydraqa.unicity.net/v5a-test/items/0c0717a26fcfe40310e906487e8a12f7","id":{"unicity":"28601"},"weightEach":{"value":0},"servingsPerContainer":0,"servingSize":0},"quantity":1,"terms":{"priceEach":96.59,"taxEach":{"amount":2.41},"discountEach":{"amount":0},"pvEach":75},"quantityLimit":{"quantityQuota":-1,"timeFrameDays":-1,"quantityOrdered":0}}]},"currency":"CHF"},{"lines":{"items":[{"item":{"href":"https://hydraqa.unicity.net/v5a-test/items/4790a55c442b5dc75a13b155e78c1842","id":{"unicity":"28604"},"weightEach":{"value":270},"servingsPerContainer":30,"servingSize":0},"quantity":1,"terms":{"priceEach":96.59,"taxEach":{"amount":2.41},"discountEach":{"amount":0},"pvEach":75},"quantityLimit":{"quantityQuota":-1,"timeFrameDays":-1,"quantityOrdered":0}}]},"currency":"CHF"},{"lines":{"items":[{"item":{"href":"https://hydraqa.unicity.net/v5a-test/items/64ec7ad932acafab052a4e8800ad1238","id":{"unicity":"24758"},"weightEach":{"value":0},"servingsPerContainer":0,"servingSize":0},"quantity":1,"terms":{"priceEach":47.8,"taxEach":{"amount":1.2},"discountEach":{"amount":0},"pvEach":30},"quantityLimit":{"quantityQuota":-1,"timeFrameDays":-1,"quantityOrdered":0}}]},"currency":"CHF"},{"lines":{"items":[{"item":{"href":"https://hydraqa.unicity.net/v5a-test/items/11fac1643721516cbf646365d88b73cd","id":{"unicity":"29838"},"weightEach":{"value":0},"servingsPerContainer":0,"servingSize":0},"quantity":1,"terms":{"priceEach":135.61,"taxEach":{"amount":3.39},"discountEach":{"amount":0},"pvEach":98},"quantityLimit":{"quantityQuota":-1,"timeFrameDays":-1,"quantityOrdered":0}}]},"currency":"CHF"},{"lines":{"items":[{"item":{"href":"https://hydraqa.unicity.net/v5a-test/items/ab2a2b07b17718843a66bee04ff40624","id":{"unicity":"31402"},"weightEach":{"value":0},"servingsPerContainer":0,"servingSize":0},"quantity":1,"terms":{"priceEach":117.07,"taxEach":{"amount":2.93},"discountEach":{"amount":0},"pvEach":85},"quantityLimit":{"quantityQuota":-1,"timeFrameDays":-1,"quantityOrdered":0}}]},"currency":"CHF"},{"lines":{"items":[{"item":{"href":"https://hydraqa.unicity.net/v5a-test/items/db0a2b02eaabc5ad45fe91ba5c7bcf5a","id":{"unicity":"31772"},"weightEach":{"value":0},"servingsPerContainer":0,"servingSize":0},"quantity":1,"terms":{"priceEach":12.07,"taxEach":{"amount":0.93},"discountEach":{"amount":0},"pvEach":0},"quantityLimit":{"quantityQuota":-1,"timeFrameDays":-1,"quantityOrdered":0}}]},"currency":"CHF"},{"lines":{"items":[{"item":{"href":"https://hydraqa.unicity.net/v5a-test/items/34c8c6b0f454da738e64265f08c57a72","id":{"unicity":"31777"},"weightEach":{"value":0},"servingsPerContainer":0,"servingSize":0},"quantity":1,"terms":{"priceEach":6.96,"taxEach":{"amount":0.54},"discountEach":{"amount":0},"pvEach":3},"quantityLimit":{"quantityQuota":-1,"timeFrameDays":-1,"quantityOrdered":0}}]},"currency":"CHF"},{"lines":{"items":[{"item":{"href":"https://hydraqa.unicity.net/v5a-test/items/fc8583e3bf463b599fdcce05234bc137","id":{"unicity":"31780"},"weightEach":{"value":0},"servingsPerContainer":0,"servingSize":0},"quantity":1,"terms":{"priceEach":9.28,"taxEach":{"amount":0.71},"discountEach":{"amount":0},"pvEach":4},"quantityLimit":{"quantityQuota":-1,"timeFrameDays":-1,"quantityOrdered":0}}]},"currency":"CHF"},{"lines":{"items":[{"item":{"href":"https://hydraqa.unicity.net/v5a-test/items/7e80331c8c25f515174d3f894283a27c","id":{"unicity":"31781"},"weightEach":{"value":0},"servingsPerContainer":0,"servingSize":0},"quantity":1,"terms":{"priceEach":9.28,"taxEach":{"amount":0.71},"discountEach":{"amount":0},"pvEach":4},"quantityLimit":{"quantityQuota":-1,"timeFrameDays":-1,"quantityOrdered":0}}]},"currency":"CHF"},{"lines":{"items":[{"item":{"href":"https://hydraqa.unicity.net/v5a-test/items/8d3854b47de8e45d6fcdc194dffff601","id":{"unicity":"31782"},"weightEach":{"value":0},"servingsPerContainer":0,"servingSize":0},"quantity":1,"terms":{"priceEach":13.93,"taxEach":{"amount":1.07},"discountEach":{"amount":0},"pvEach":6},"quantityLimit":{"quantityQuota":-1,"timeFrameDays":-1,"quantityOrdered":0}}]},"currency":"CHF"},{"lines":{"items":[{"item":{"href":"https://hydraqa.unicity.net/v5a-test/items/04516be30bd9bf93e01536e7fc8f8716","id":{"unicity":"31779"},"weightEach":{"value":0},"servingsPerContainer":0,"servingSize":0},"quantity":1,"terms":{"priceEach":11.14,"taxEach":{"amount":0.86},"discountEach":{"amount":0},"pvEach":5},"quantityLimit":{"quantityQuota":-1,"timeFrameDays":-1,"quantityOrdered":0}}]},"currency":"CHF"},{"lines":{"items":[{"item":{"href":"https://hydraqa.unicity.net/v5a-test/items/d7e1dd4b19a8672aed99e591356c0d48","id":{"unicity":"31932"},"weightEach":{"value":0},"servingsPerContainer":0,"servingSize":0},"quantity":1,"terms":{"priceEach":6.96,"taxEach":{"amount":0.54},"discountEach":{"amount":0},"pvEach":3},"quantityLimit":{"quantityQuota":-1,"timeFrameDays":-1,"quantityOrdered":0}}]},"currency":"CHF"},{"lines":{"items":[{"item":{"href":"https://hydraqa.unicity.net/v5a-test/items/1aa00306dc0006d365acd7436548f2e6","id":{"unicity":"31778"},"weightEach":{"value":0},"servingsPerContainer":0,"servingSize":0},"quantity":1,"terms":{"priceEach":13.93,"taxEach":{"amount":1.07},"discountEach":{"amount":0},"pvEach":6},"quantityLimit":{"quantityQuota":-1,"timeFrameDays":-1,"quantityOrdered":0}}]},"currency":"CHF"},{"lines":{"items":[{"item":{"href":"https://hydraqa.unicity.net/v5a-test/items/4fc6de0cb7817f39a836ff08609b8539","id":{"unicity":"32556"},"weightEach":{"value":0},"servingsPerContainer":0,"servingSize":0},"quantity":1,"terms":{"priceEach":2.79,"taxEach":{"amount":0.21},"discountEach":{"amount":0},"pvEach":0},"quantityLimit":{"quantityQuota":-1,"timeFrameDays":-1,"quantityOrdered":0}}]},"currency":"CHF"},{"lines":{"items":[{"item":{"href":"https://hydraqa.unicity.net/v5a-test/items/a85cc4a606716ce7b10b8bd76dca368f","id":{"unicity":"22605"},"weightEach":{"value":0},"servingsPerContainer":0,"servingSize":0},"quantity":1,"terms":{"priceEach":37.14,"taxEach":{"amount":2.86},"discountEach":{"amount":0},"pvEach":0},"quantityLimit":{"quantityQuota":-1,"timeFrameDays":-1,"quantityOrdered":0}}]},"currency":"CHF"},{"lines":{"items":[{"item":{"href":"https://hydraqa.unicity.net/v5a-test/items/2262fdd5af916c31df08089c191735c1","id":{"unicity":"29317"},"weightEach":{"value":0},"servingsPerContainer":0,"servingSize":0},"quantity":1,"terms":{"priceEach":37.14,"taxEach":{"amount":2.86},"discountEach":{"amount":0},"pvEach":0},"quantityLimit":{"quantityQuota":-1,"timeFrameDays":-1,"quantityOrdered":0}}]},"currency":"CHF"},{"lines":{"items":[{"item":{"href":"https://hydraqa.unicity.net/v5a-test/items/34c53e6d4cce0f8a72327d86c3ef04cb","id":{"unicity":"30103"},"weightEach":{"value":0},"servingsPerContainer":0,"servingSize":0},"quantity":1,"terms":{"priceEach":37.14,"taxEach":{"amount":2.86},"discountEach":{"amount":0},"pvEach":0},"quantityLimit":{"quantityQuota":-1,"timeFrameDays":-1,"quantityOrdered":0}}]},"currency":"CHF"},{"lines":{"items":[{"item":{"href":"https://hydraqa.unicity.net/v5a-test/items/2f1d0aa90494ae2e08035922c701f968","id":{"unicity":"29832"},"weightEach":{"value":0},"servingsPerContainer":0,"servingSize":0},"quantity":1,"terms":{"priceEach":54,"taxEach":{"amount":1.35},"discountEach":{"amount":0},"pvEach":42},"quantityLimit":{"quantityQuota":-1,"timeFrameDays":-1,"quantityOrdered":0}}]},"currency":"CHF"},{"lines":{"items":[{"item":{"href":"https://hydraqa.unicity.net/v5a-test/items/10df0fc3509b53cbeaeb9476ca92d520","id":{"unicity":"29833"},"weightEach":{"value":0},"servingsPerContainer":0,"servingSize":0},"quantity":1,"terms":{"priceEach":108.29,"taxEach":{"amount":2.71},"discountEach":{"amount":0},"pvEach":82},"quantityLimit":{"quantityQuota":-1,"timeFrameDays":-1,"quantityOrdered":0}}]},"currency":"CHF"},{"lines":{"items":[{"item":{"href":"https://hydraqa.unicity.net/v5a-test/items/a8dde31141ab8a13c032a00e7baa99cb","id":{"unicity":"30286"},"weightEach":{"value":0},"servingsPerContainer":0,"servingSize":0},"quantity":1,"terms":{"priceEach":153.17,"taxEach":{"amount":3.83},"discountEach":{"amount":0},"pvEach":107},"quantityLimit":{"quantityQuota":-1,"timeFrameDays":-1,"quantityOrdered":0}}]},"currency":"CHF"},{"lines":{"items":[{"item":{"href":"https://hydraqa.unicity.net/v5a-test/items/a92d4960492e2073278fc0e8bc2af366","id":{"unicity":"31740"},"weightEach":{"value":0},"servingsPerContainer":0,"servingSize":0},"quantity":1,"terms":{"priceEach":319.95,"taxEach":{"amount":8},"discountEach":{"amount":0},"pvEach":246},"quantityLimit":{"quantityQuota":-1,"timeFrameDays":-1,"quantityOrdered":0}}]},"currency":"CHF"},{"lines":{"items":[{"item":{"href":"https://hydraqa.unicity.net/v5a-test/items/22bcf973992a4b675adc842abb433e1a","id":{"unicity":"32140"},"weightEach":{"value":0},"servingsPerContainer":0,"servingSize":0},"quantity":1,"terms":{"priceEach":341.46,"taxEach":{"amount":8.54},"discountEach":{"amount":0},"pvEach":252},"quantityLimit":{"quantityQuota":-1,"timeFrameDays":-1,"quantityOrdered":0}}]},"currency":"CHF"},{"lines":{"items":[{"item":{"href":"https://hydraqa.unicity.net/v5a-test/items/fc5edcf55b7c5c1a614dba71c684da38","id":{"unicity":"32141"},"weightEach":{"value":0},"servingsPerContainer":0,"servingSize":0},"quantity":1,"terms":{"priceEach":386.34,"taxEach":{"amount":9.66},"discountEach":{"amount":0},"pvEach":300},"quantityLimit":{"quantityQuota":-1,"timeFrameDays":-1,"quantityOrdered":0}}]},"currency":"CHF"},{"lines":{"items":[{"item":{"href":"https://hydraqa.unicity.net/v5a-test/items/2482022792c4e0620583120981373ca1","id":{"unicity":"32148"},"weightEach":{"value":0},"servingsPerContainer":0,"servingSize":0},"quantity":1,"terms":{"priceEach":380.49,"taxEach":{"amount":9.51},"discountEach":{"amount":0},"pvEach":269},"quantityLimit":{"quantityQuota":-1,"timeFrameDays":-1,"quantityOrdered":0}}]},"currency":"CHF"},{"lines":{"items":[{"item":{"href":"https://hydraqa.unicity.net/v5a-test/items/148f1e203cf006e83ed482843cbd3a5c","id":{"unicity":"32149"},"weightEach":{"value":0},"servingsPerContainer":0,"servingSize":0},"quantity":1,"terms":{"priceEach":373.66,"taxEach":{"amount":9.34},"discountEach":{"amount":0},"pvEach":266},"quantityLimit":{"quantityQuota":-1,"timeFrameDays":-1,"quantityOrdered":0}}]},"currency":"CHF"},{"lines":{"items":[{"item":{"href":"https://hydraqa.unicity.net/v5a-test/items/c43d0c38e09dbbf94408a662cd23dfa0","id":{"unicity":"32144"},"weightEach":{"value":0},"servingsPerContainer":0,"servingSize":0},"quantity":1,"terms":{"priceEach":663.41,"taxEach":{"amount":16.59},"discountEach":{"amount":0},"pvEach":500},"quantityLimit":{"quantityQuota":-1,"timeFrameDays":-1,"quantityOrdered":0}}]},"currency":"CHF"},{"lines":{"items":[{"item":{"href":"https://hydraqa.unicity.net/v5a-test/items/36c1237572a0cc563fad27fcfd6abcf1","id":{"unicity":"32967"},"weightEach":{"value":0},"servingsPerContainer":0,"servingSize":0},"quantity":1,"terms":{"priceEach":1444,"taxEach":{"amount":36.1},"discountEach":{"amount":0},"pvEach":1004},"quantityLimit":{"quantityQuota":-1,"timeFrameDays":-1,"quantityOrdered":0}}]},"currency":"CHF"},{"lines":{"items":[{"item":{"href":"https://hydraqa.unicity.net/v5a-test/items/817e062d5600cad31f527fbfa764a0fa","id":{"unicity":"32968"},"weightEach":{"value":0},"servingsPerContainer":0,"servingSize":0},"quantity":1,"terms":{"priceEach":2888,"taxEach":{"amount":72.2},"discountEach":{"amount":0},"pvEach":2008},"quantityLimit":{"quantityQuota":-1,"timeFrameDays":-1,"quantityOrdered":0}}]},"currency":"CHF"},{"lines":{"items":[{"item":{"href":"https://hydraqa.unicity.net/v5a-test/items/81b61d497458d50a6893cf18a065539c","id":{"unicity":"32965"},"weightEach":{"value":0},"servingsPerContainer":0,"servingSize":0},"quantity":1,"terms":{"priceEach":878,"taxEach":{"amount":21.95},"discountEach":{"amount":0},"pvEach":592},"quantityLimit":{"quantityQuota":-1,"timeFrameDays":-1,"quantityOrdered":0}}]},"currency":"CHF"},{"lines":{"items":[{"item":{"href":"https://hydraqa.unicity.net/v5a-test/items/ab1f0744e0ce56260af7928f7bf04478","id":{"unicity":"32966"},"weightEach":{"value":0},"servingsPerContainer":0,"servingSize":0},"quantity":1,"terms":{"priceEach":1756,"taxEach":{"amount":43.9},"discountEach":{"amount":0},"pvEach":1184},"quantityLimit":{"quantityQuota":-1,"timeFrameDays":-1,"quantityOrdered":0}}]},"currency":"CHF"},{"lines":{"items":[{"item":{"href":"https://hydraqa.unicity.net/v5a-test/items/e931a471e0a518f071b09ab5479f0ba6","id":{"unicity":"32146"},"weightEach":{"value":0},"servingsPerContainer":0,"servingSize":0},"quantity":1,"terms":{"priceEach":710.24,"taxEach":{"amount":17.76},"discountEach":{"amount":0},"pvEach":508},"quantityLimit":{"quantityQuota":-1,"timeFrameDays":-1,"quantityOrdered":0}}]},"currency":"CHF"},{"lines":{"items":[{"item":{"href":"https://hydraqa.unicity.net/v5a-test/items/337651da22c0ffaf01f33af882636ea6","id":{"unicity":"32142"},"weightEach":{"value":0},"servingsPerContainer":0,"servingSize":0},"quantity":1,"terms":{"priceEach":714.15,"taxEach":{"amount":17.85},"discountEach":{"amount":0},"pvEach":502},"quantityLimit":{"quantityQuota":-1,"timeFrameDays":-1,"quantityOrdered":0}}]},"currency":"CHF"},{"lines":{"items":[{"item":{"href":"https://hydraqa.unicity.net/v5a-test/items/fd906afd8b19d76e7cbef9a8aec7484a","id":{"unicity":"32145"},"weightEach":{"value":0},"servingsPerContainer":0,"servingSize":0},"quantity":1,"terms":{"priceEach":1381.46,"taxEach":{"amount":34.54},"discountEach":{"amount":0},"pvEach":1038},"quantityLimit":{"quantityQuota":-1,"timeFrameDays":-1,"quantityOrdered":0}}]},"currency":"CHF"},{"lines":{"items":[{"item":{"href":"https://hydraqa.unicity.net/v5a-test/items/feb92dd34cb5c38490043c2c9808e546","id":{"unicity":"32147"},"weightEach":{"value":0},"servingsPerContainer":0,"servingSize":0},"quantity":1,"terms":{"priceEach":1420.49,"taxEach":{"amount":35.51},"discountEach":{"amount":0},"pvEach":1016},"quantityLimit":{"quantityQuota":-1,"timeFrameDays":-1,"quantityOrdered":0}}]},"currency":"CHF"},{"lines":{"items":[{"item":{"href":"https://hydraqa.unicity.net/v5a-test/items/03a49a6a2def2af96f0da8ba279b0f4f","id":{"unicity":"32143"},"weightEach":{"value":0},"servingsPerContainer":0,"servingSize":0},"quantity":1,"terms":{"priceEach":1428.29,"taxEach":{"amount":35.71},"discountEach":{"amount":0},"pvEach":1004},"quantityLimit":{"quantityQuota":-1,"timeFrameDays":-1,"quantityOrdered":0}}]},"currency":"CHF"},{"lines":{"items":[{"item":{"href":"https://hydraqa.unicity.net/v5a-test/items/332daeac6796ed016ea8b7d0bc42c2d4","id":{"unicity":"24274"},"weightEach":{"value":0},"servingsPerContainer":0,"servingSize":0},"quantity":1,"terms":{"priceEach":9.29,"taxEach":{"amount":0.72},"discountEach":{"amount":0},"pvEach":0},"quantityLimit":{"quantityQuota":-1,"timeFrameDays":-1,"quantityOrdered":0}}]},"currency":"CHF"},{"lines":{"items":[{"item":{"href":"https://hydraqa.unicity.net/v5a-test/items/1945faa1776541d53120ecfe3c1d8a2b","id":{"unicity":"24418"},"weightEach":{"value":0},"servingsPerContainer":0,"servingSize":0},"quantity":1,"terms":{"priceEach":5.57,"taxEach":{"amount":0.43},"discountEach":{"amount":0},"pvEach":0},"quantityLimit":{"quantityQuota":-1,"timeFrameDays":-1,"quantityOrdered":0}}]},"currency":"CHF"},{"lines":{"items":[{"item":{"href":"https://hydraqa.unicity.net/v5a-test/items/10da226fab00279b4f89df10af2a10b7","id":{"unicity":"26442"},"weightEach":{"value":0},"servingsPerContainer":0,"servingSize":0},"quantity":1,"terms":{"priceEach":7.43,"taxEach":{"amount":0.57},"discountEach":{"amount":0},"pvEach":0},"quantityLimit":{"quantityQuota":-1,"timeFrameDays":-1,"quantityOrdered":0}}]},"currency":"CHF"},{"lines":{"items":[{"item":{"href":"https://hydraqa.unicity.net/v5a-test/items/5147f8cfe32548e02fc158d4da9c4d6f","id":{"unicity":"27150"},"weightEach":{"value":0},"servingsPerContainer":0,"servingSize":0},"quantity":1,"terms":{"priceEach":111.22,"taxEach":{"amount":2.78},"discountEach":{"amount":0},"pvEach":80},"quantityLimit":{"quantityQuota":-1,"timeFrameDays":-1,"quantityOrdered":0}}]},"currency":"CHF"},{"lines":{"items":[{"item":{"href":"https://hydraqa.unicity.net/v5a-test/items/03eba2365025ccd85818846a83a16f47","id":{"unicity":"27163"},"weightEach":{"value":0},"servingsPerContainer":0,"servingSize":0},"quantity":1,"terms":{"priceEach":96.59,"taxEach":{"amount":2.41},"discountEach":{"amount":0},"pvEach":75},"quantityLimit":{"quantityQuota":-1,"timeFrameDays":-1,"quantityOrdered":0}}]},"currency":"CHF"},{"lines":{"items":[{"item":{"href":"https://hydraqa.unicity.net/v5a-test/items/112b8c39286598b3730f630f371a45f4","id":{"unicity":"27587"},"weightEach":{"value":0},"servingsPerContainer":0,"servingSize":0},"quantity":1,"terms":{"priceEach":74.15,"taxEach":{"amount":1.85},"discountEach":{"amount":0},"pvEach":45},"quantityLimit":{"quantityQuota":-1,"timeFrameDays":-1,"quantityOrdered":0}}]},"currency":"CHF"},{"lines":{"items":[{"item":{"href":"https://hydraqa.unicity.net/v5a-test/items/024e696f8b44a1d315006e676604cd31","id":{"unicity":"27395"},"weightEach":{"value":0},"servingsPerContainer":0,"servingSize":0},"quantity":1,"terms":{"priceEach":37.07,"taxEach":{"amount":0.93},"discountEach":{"amount":0},"pvEach":23},"quantityLimit":{"quantityQuota":-1,"timeFrameDays":-1,"quantityOrdered":0}}]},"currency":"CHF"},{"lines":{"items":[{"item":{"href":"https://hydraqa.unicity.net/v5a-test/items/4b2034f47fce90b87bba28c5c2d7c25d","id":{"unicity":"15880"},"weightEach":{"value":0},"servingsPerContainer":0,"servingSize":0},"quantity":1,"terms":{"priceEach":62.44,"taxEach":{"amount":1.56},"discountEach":{"amount":0},"pvEach":40},"quantityLimit":{"quantityQuota":-1,"timeFrameDays":-1,"quantityOrdered":0}}]},"currency":"CHF"},{"lines":{"items":[{"item":{"href":"https://hydraqa.unicity.net/v5a-test/items/398d06b858b960f6f38086d40608aef2","id":{"unicity":"26560"},"weightEach":{"value":0},"servingsPerContainer":0,"servingSize":0},"quantity":1,"terms":{"priceEach":24.39,"taxEach":{"amount":0.61},"discountEach":{"amount":0},"pvEach":15},"quantityLimit":{"quantityQuota":-1,"timeFrameDays":-1,"quantityOrdered":0}}]},"currency":"CHF"},{"lines":{"items":[{"item":{"href":"https://hydraqa.unicity.net/v5a-test/items/e218d1cac5f31e7ae4f5876c29c57377","id":{"unicity":"29017"},"weightEach":{"value":0},"servingsPerContainer":0,"servingSize":0},"quantity":1,"terms":{"priceEach":34.15,"taxEach":{"amount":0.85},"discountEach":{"amount":0},"pvEach":21},"quantityLimit":{"quantityQuota":-1,"timeFrameDays":-1,"quantityOrdered":0}}]},"currency":"CHF"},{"lines":{"items":[{"item":{"href":"https://hydraqa.unicity.net/v5a-test/items/3f2d12d7a0e8551fc99fad3bbe1ba633","id":{"unicity":"26567"},"weightEach":{"value":0},"servingsPerContainer":0,"servingSize":0},"quantity":1,"terms":{"priceEach":73.17,"taxEach":{"amount":1.83},"discountEach":{"amount":0},"pvEach":38},"quantityLimit":{"quantityQuota":-1,"timeFrameDays":-1,"quantityOrdered":0}}]},"currency":"CHF"},{"lines":{"items":[{"item":{"href":"https://hydraqa.unicity.net/v5a-test/items/191637167cb3144bd2e8c4615e9ab67e","id":{"unicity":"26568"},"weightEach":{"value":0},"servingsPerContainer":0,"servingSize":0},"quantity":1,"terms":{"priceEach":73.17,"taxEach":{"amount":1.83},"discountEach":{"amount":0},"pvEach":38},"quantityLimit":{"quantityQuota":-1,"timeFrameDays":-1,"quantityOrdered":0}}]},"currency":"CHF"},{"lines":{"items":[{"item":{"href":"https://hydraqa.unicity.net/v5a-test/items/606f7be753c74dfbfe4b107276775140","id":{"unicity":"29821"},"weightEach":{"value":0},"servingsPerContainer":0,"servingSize":0},"quantity":1,"terms":{"priceEach":103.41,"taxEach":{"amount":2.59},"discountEach":{"amount":0},"pvEach":78},"quantityLimit":{"quantityQuota":-1,"timeFrameDays":-1,"quantityOrdered":0}}]},"currency":"CHF"},{"lines":{"items":[{"item":{"href":"https://hydraqa.unicity.net/v5a-test/items/94939f9be900906d2b47260ccba22a7b","id":{"unicity":"32012"},"weightEach":{"value":0},"servingsPerContainer":0,"servingSize":0},"quantity":1,"terms":{"priceEach":18.54,"taxEach":{"amount":0.46},"discountEach":{"amount":0},"pvEach":8},"quantityLimit":{"quantityQuota":-1,"timeFrameDays":-1,"quantityOrdered":0}}]},"currency":"CHF"},{"lines":{"items":[{"item":{"href":"https://hydraqa.unicity.net/v5a-test/items/2c4c1abe00983e85aaa918d2ce341491","id":{"unicity":"17174"},"weightEach":{"value":0},"servingsPerContainer":0,"servingSize":0},"quantity":1,"terms":{"priceEach":47.8,"taxEach":{"amount":1.2},"discountEach":{"amount":0},"pvEach":30},"quantityLimit":{"quantityQuota":-1,"timeFrameDays":-1,"quantityOrdered":0}}]},"currency":"CHF"},{"lines":{"items":[{"item":{"href":"https://hydraqa.unicity.net/v5a-test/items/991cdbb84a495779eb209fb3956a77e4","id":{"unicity":"29183"},"weightEach":{"value":0},"servingsPerContainer":0,"servingSize":0},"quantity":1,"terms":{"priceEach":39,"taxEach":{"amount":3},"discountEach":{"amount":0},"pvEach":22},"quantityLimit":{"quantityQuota":-1,"timeFrameDays":-1,"quantityOrdered":0}}]},"currency":"CHF"},{"lines":{"items":[{"item":{"href":"https://hydraqa.unicity.net/v5a-test/items/0e78fbdfebef11cd62f8d2120064ee58","id":{"unicity":"30280"},"weightEach":{"value":0},"servingsPerContainer":0,"servingSize":0},"quantity":1,"terms":{"priceEach":45.5,"taxEach":{"amount":3.5},"discountEach":{"amount":0},"pvEach":25},"quantityLimit":{"quantityQuota":-1,"timeFrameDays":-1,"quantityOrdered":0}}]},"currency":"CHF"},{"lines":{"items":[{"item":{"href":"https://hydraqa.unicity.net/v5a-test/items/beb900429fbb160dbfc3001c14d96df4","id":{"unicity":"29187"},"weightEach":{"value":0},"servingsPerContainer":0,"servingSize":0},"quantity":1,"terms":{"priceEach":52,"taxEach":{"amount":4},"discountEach":{"amount":0},"pvEach":30},"quantityLimit":{"quantityQuota":-1,"timeFrameDays":-1,"quantityOrdered":0}}]},"currency":"CHF"},{"lines":{"items":[{"item":{"href":"https://hydraqa.unicity.net/v5a-test/items/1b0412bea8c0b841c66f65a36aa14108","id":{"unicity":"29191"},"weightEach":{"value":0},"servingsPerContainer":0,"servingSize":0},"quantity":1,"terms":{"priceEach":52,"taxEach":{"amount":4},"discountEach":{"amount":0},"pvEach":30},"quantityLimit":{"quantityQuota":-1,"timeFrameDays":-1,"quantityOrdered":0}}]},"currency":"CHF"},{"lines":{"items":[{"item":{"href":"https://hydraqa.unicity.net/v5a-test/items/52c87f74d3b41ed49b0f897b66c2a99b","id":{"unicity":"30684"},"weightEach":{"value":0},"servingsPerContainer":0,"servingSize":0},"quantity":1,"terms":{"priceEach":47.8,"taxEach":{"amount":1.2},"discountEach":{"amount":0},"pvEach":30},"quantityLimit":{"quantityQuota":-1,"timeFrameDays":-1,"quantityOrdered":0}}]},"currency":"CHF"},{"lines":{"items":[{"item":{"href":"https://hydraqa.unicity.net/v5a-test/items/7e5e7df32701fd44947c8146f2129f7a","id":{"unicity":"31672"},"weightEach":{"value":0},"servingsPerContainer":0,"servingSize":0},"quantity":1,"terms":{"priceEach":96.59,"taxEach":{"amount":2.41},"discountEach":{"amount":0},"pvEach":75},"quantityLimit":{"quantityQuota":-1,"timeFrameDays":-1,"quantityOrdered":0}}]},"currency":"CHF"},{"lines":{"items":[{"item":{"href":"https://hydraqa.unicity.net/v5a-test/items/493c2ba720f847422eccc5da35024f33","id":{"unicity":"31534"},"weightEach":{"value":0},"servingsPerContainer":0,"servingSize":0},"quantity":1,"terms":{"priceEach":29.27,"taxEach":{"amount":0.73},"discountEach":{"amount":0},"pvEach":18},"quantityLimit":{"quantityQuota":-1,"timeFrameDays":-1,"quantityOrdered":0}}]},"currency":"CHF"},{"lines":{"items":[{"item":{"href":"https://hydraqa.unicity.net/v5a-test/items/bfddb53fe0d5ed5432c531dc9850cbe4","id":{"unicity":"29449"},"weightEach":{"value":0},"servingsPerContainer":0,"servingSize":0},"quantity":1,"terms":{"priceEach":29.27,"taxEach":{"amount":0.73},"discountEach":{"amount":0},"pvEach":18},"quantityLimit":{"quantityQuota":-1,"timeFrameDays":-1,"quantityOrdered":0}}]},"currency":"CHF"},{"lines":{"items":[{"item":{"href":"https://hydraqa.unicity.net/v5a-test/items/217ca02fbd24e21ca5281412756238ab","id":{"unicity":"32126"},"weightEach":{"value":0},"servingsPerContainer":0,"servingSize":0},"quantity":1,"terms":{"priceEach":184.39,"taxEach":{"amount":4.61},"discountEach":{"amount":0},"pvEach":121},"quantityLimit":{"quantityQuota":-1,"timeFrameDays":-1,"quantityOrdered":0}}]},"currency":"CHF"},{"lines":{"items":[{"item":{"href":"https://hydraqa.unicity.net/v5a-test/items/808008a0657d2033ad471c39bbce9891","id":{"unicity":"32127"},"weightEach":{"value":0},"servingsPerContainer":0,"servingSize":0},"quantity":1,"terms":{"priceEach":212.68,"taxEach":{"amount":5.32},"discountEach":{"amount":0},"pvEach":153},"quantityLimit":{"quantityQuota":-1,"timeFrameDays":-1,"quantityOrdered":0}}]},"currency":"CHF"},{"lines":{"items":[{"item":{"href":"https://hydraqa.unicity.net/v5a-test/items/fbb6dbd577adb73abaec364076fb288f","id":{"unicity":"32087"},"weightEach":{"value":0},"servingsPerContainer":0,"servingSize":0},"quantity":1,"terms":{"priceEach":25.37,"taxEach":{"amount":0.63},"discountEach":{"amount":0},"pvEach":11},"quantityLimit":{"quantityQuota":-1,"timeFrameDays":-1,"quantityOrdered":0}}]},"currency":"CHF"},{"lines":{"items":[{"item":{"href":"https://hydraqa.unicity.net/v5a-test/items/1f59b10f0bef99fa20e4b9b0b4efea88","id":{"unicity":"32333"},"weightEach":{"value":0},"servingsPerContainer":0,"servingSize":0},"quantity":1,"terms":{"priceEach":13,"taxEach":{"amount":1},"discountEach":{"amount":0},"pvEach":0},"quantityLimit":{"quantityQuota":-1,"timeFrameDays":-1,"quantityOrdered":0}}]},"currency":"CHF"},{"lines":{"items":[{"item":{"href":"https://hydraqa.unicity.net/v5a-test/items/592aef9ec417f4553dc0b62a91a1f5e0","id":{"unicity":"32330"},"weightEach":{"value":0},"servingsPerContainer":0,"servingSize":0},"quantity":1,"terms":{"priceEach":116.1,"taxEach":{"amount":2.9},"discountEach":{"amount":0},"pvEach":70},"quantityLimit":{"quantityQuota":-1,"timeFrameDays":-1,"quantityOrdered":0}}]},"currency":"CHF"},{"lines":{"items":[{"item":{"href":"https://hydraqa.unicity.net/v5a-test/items/87dd58dff9eb54a10b652443e7279a1e","id":{"unicity":"32693"},"weightEach":{"value":0},"servingsPerContainer":0,"servingSize":0},"quantity":1,"terms":{"priceEach":103.41,"taxEach":{"amount":2.59},"discountEach":{"amount":0},"pvEach":78},"quantityLimit":{"quantityQuota":-1,"timeFrameDays":-1,"quantityOrdered":0}}]},"currency":"CHF"},{"lines":{"items":[{"item":{"href":"https://hydraqa.unicity.net/v5a-test/items/1bd53de7fe880ba71f46c9976ca2c137","id":{"unicity":"27739"},"weightEach":{"value":0},"servingsPerContainer":0,"servingSize":0},"quantity":1,"terms":{"priceEach":47.8,"taxEach":{"amount":1.2},"discountEach":{"amount":0},"pvEach":30},"quantityLimit":{"quantityQuota":-1,"timeFrameDays":-1,"quantityOrdered":0}}]},"currency":"CHF"}]}
Entry request : {"order":{"customer":{"href":"https://hydraqa.unicity.net/v5a-test/customers?type=Associate"},"shipToAddress":{"country":"CH"}},"vary":{"lines":{"items":[{"item":{"href":"https://hydraqa.unicity.net/v5a-test/items?id.unicity=26306|27617|31763|31400|31951|31952|32128|32129|32130|32132|32133|32134|32135|32137|32138|32125|18511|26422|27156|27158|27166|27660|27436|27585|28601|28604|24758|29838|31402|31772|31777|31780|31781|31782|31779|31932|31778|32556|22605|29317|30103|29832|29833|30286|31740|32140|32141|32148|32149|32144|32756|32967|32968|32965|32966|32146|32142|32145|32147|32143|23989|24274|24418|26442|27150|27163|27587|27395|15880|26560|29017|26567|26568|29821|32012|17174|29183|30280|29187|29191|30684|31672|31534|29449|32126|32127|32087|32333|32755|32330|32693|27739"}}]}}}
Total Pv Greater then 500 - 655
[https://hydraqa.unicity.net/v5a-test/items?id.unicity=32127, https://hydraqa.unicity.net/v5a-test/items?id.unicity=32142, https://hydraqa.unicity.net/v5a-test/items?id.unicity=32944]
]]></system-out>
    <system-err><![CDATA[Starting ChromeDriver 2.36.540470 (e522d04694c7ebea4ba8821272dbef4f9b818c91) on port 33508
Only local connections are allowed.
Oct 18, 2020 12:20:22 PM org.openqa.selenium.remote.ProtocolHandshake createSession
INFO: Detected dialect: OSS
]]></system-err>
  </testcase>
  <testcase name="Enroll" classname="Tests.FranchisePartner" time="213.648">
    <failure message="no such element: Unable to locate element: {&quot;method&quot;:&quot;xpath&quot;,&quot;selector&quot;:&quot;//li[contains(@ng-if, &apos;enrollerProfile&apos;)]//p[@class=&apos;ng-binding&apos;]&quot;}&#10;  (Session info: chrome=86.0.4240.75)&#10;  (Driver info: chromedriver=2.36.540470 (e522d04694c7ebea4ba8821272dbef4f9b818c91),platform=Windows NT 6.3.9600 x86_64) (WARNING: The server did not provide any stacktrace information)&#10;Command duration or timeout: 0 milliseconds&#10;For documentation on this error, please visit: http://seleniumhq.org/exceptions/no_such_element.html&#10;Build info: version: &apos;3.8.1&apos;, revision: &apos;6e95a6684b&apos;, time: &apos;2017-12-01T18:33:54.468Z&apos;&#10;System info: host: &apos;QASERVER01&apos;, ip: &apos;10.2.0.23&apos;, os.name: &apos;Windows Server 2012 R2&apos;, os.arch: &apos;amd64&apos;, os.version: &apos;6.3&apos;, java.version: &apos;1.8.0_111&apos;&#10;Driver info: org.openqa.selenium.chrome.ChromeDriver&#10;Capabilities {acceptInsecureCerts: false, acceptSslCerts: false, applicationCacheEnabled: false, browserConnectionEnabled: false, browserName: chrome, chrome: {chromedriverVersion: 2.36.540470 (e522d04694c7eb..., userDataDir: C:\Users\sumancb\AppData\Lo...}, cssSelectorsEnabled: true, databaseEnabled: false, handlesAlerts: true, hasTouchScreen: false, javascriptEnabled: true, locationContextEnabled: true, mobileEmulationEnabled: false, nativeEvents: true, networkConnectionEnabled: false, pageLoadStrategy: normal, platform: XP, platformName: XP, rotatable: false, setWindowRect: true, takesHeapSnapshot: true, takesScreenshot: true, unexpectedAlertBehaviour: , unhandledPromptBehavior: , version: 86.0.4240.75, webStorageEnabled: true}&#10;Session ID: 1749215eb701d8059e6c101082fc4d30&#10;*** Element info: {Using=xpath, value=//li[contains(@ng-if, &apos;enrollerProfile&apos;)]//p[@class=&apos;ng-binding&apos;]}" type="org.openqa.selenium.NoSuchElementException">org.openqa.selenium.NoSuchElementException: 
no such element: Unable to locate element: {"method":"xpath","selector":"//li[contains(@ng-if, 'enrollerProfile')]//p[@class='ng-binding']"}
  (Session info: chrome=86.0.4240.75)
  (Driver info: chromedriver=2.36.540470 (e522d04694c7ebea4ba8821272dbef4f9b818c91),platform=Windows NT 6.3.9600 x86_64) (WARNING: The server did not provide any stacktrace information)
Command duration or timeout: 0 milliseconds
For documentation on this error, please visit: http://seleniumhq.org/exceptions/no_such_element.html
Build info: version: '3.8.1', revision: '6e95a6684b', time: '2017-12-01T18:33:54.468Z'
System info: host: 'QASERVER01', ip: '10.2.0.23', os.name: 'Windows Server 2012 R2', os.arch: 'amd64', os.version: '6.3', java.version: '1.8.0_111'
Driver info: org.openqa.selenium.chrome.ChromeDriver
Capabilities {acceptInsecureCerts: false, acceptSslCerts: false, applicationCacheEnabled: false, browserConnectionEnabled: false, browserName: chrome, chrome: {chromedriverVersion: 2.36.540470 (e522d04694c7eb..., userDataDir: C:\Users\sumancb\AppData\Lo...}, cssSelectorsEnabled: true, databaseEnabled: false, handlesAlerts: true, hasTouchScreen: false, javascriptEnabled: true, locationContextEnabled: true, mobileEmulationEnabled: false, nativeEvents: true, networkConnectionEnabled: false, pageLoadStrategy: normal, platform: XP, platformName: XP, rotatable: false, setWindowRect: true, takesHeapSnapshot: true, takesScreenshot: true, unexpectedAlertBehaviour: , unhandledPromptBehavior: , version: 86.0.4240.75, webStorageEnabled: true}
Session ID: 1749215eb701d8059e6c101082fc4d30
*** Element info: {Using=xpath, value=//li[contains(@ng-if, 'enrollerProfile')]//p[@class='ng-binding']}
	at Tests.FranchisePartner.Enroll(FranchisePartner.java:251)
</failure>
    <system-out><![CDATA[Request URL: https://hydraqa.unicity.net/v5a-test/quotes?&expand=item
Entry Quotes response : {"items":[{"lines":{"items":[{"item":{"href":"https://hydraqa.unicity.net/v5a-test/items/ce9cbecebbd583d0df582da5e1c57ce2","id":{"unicity":"26306"},"weightEach":{"value":0},"servingsPerContainer":0,"servingSize":0},"quantity":1,"terms":{"priceEach":209.76,"taxEach":{"amount":5.24},"discountEach":{"amount":0},"pvEach":143},"quantityLimit":{"quantityQuota":-1,"timeFrameDays":-1,"quantityOrdered":0}}]},"currency":"CHF"},{"lines":{"items":[{"item":{"href":"https://hydraqa.unicity.net/v5a-test/items/a7bda1cb4a35343e52791aba56debc4a","id":{"unicity":"27617"},"weightEach":{"value":0},"servingsPerContainer":0,"servingSize":0},"quantity":1,"terms":{"priceEach":37.07,"taxEach":{"amount":0.93},"discountEach":{"amount":0},"pvEach":23},"quantityLimit":{"quantityQuota":-1,"timeFrameDays":-1,"quantityOrdered":0}}]},"currency":"CHF"},{"lines":{"items":[{"item":{"href":"https://hydraqa.unicity.net/v5a-test/items/04614fabe9e2c10ec4968feb09a6cf7e","id":{"unicity":"31400"},"weightEach":{"value":0},"servingsPerContainer":0,"servingSize":0},"quantity":1,"terms":{"priceEach":74.15,"taxEach":{"amount":1.85},"discountEach":{"amount":0},"pvEach":45},"quantityLimit":{"quantityQuota":-1,"timeFrameDays":-1,"quantityOrdered":0}}]},"currency":"CHF"},{"lines":{"items":[{"item":{"href":"https://hydraqa.unicity.net/v5a-test/items/e9991b48ac639367d526d2b9b22fac8c","id":{"unicity":"32128"},"weightEach":{"value":0},"servingsPerContainer":0,"servingSize":0},"quantity":1,"terms":{"priceEach":472.22,"taxEach":{"amount":11.81},"discountEach":{"amount":0},"pvEach":321},"quantityLimit":{"quantityQuota":-1,"timeFrameDays":-1,"quantityOrdered":0}}]},"currency":"CHF"},{"lines":{"items":[{"item":{"href":"https://hydraqa.unicity.net/v5a-test/items/40b3312de189221d96d838d33a8ec49d","id":{"unicity":"32129"},"weightEach":{"value":0},"servingsPerContainer":0,"servingSize":0},"quantity":1,"terms":{"priceEach":472.22,"taxEach":{"amount":11.81},"discountEach":{"amount":0},"pvEach":326},"quantityLimit":{"quantityQuota":-1,"timeFrameDays":-1,"quantityOrdered":0}}]},"currency":"CHF"},{"lines":{"items":[{"item":{"href":"https://hydraqa.unicity.net/v5a-test/items/6bd168a66ce41003a8f30917deff5808","id":{"unicity":"32130"},"weightEach":{"value":0},"servingsPerContainer":0,"servingSize":0},"quantity":1,"terms":{"priceEach":447.82,"taxEach":{"amount":11.2},"discountEach":{"amount":0},"pvEach":304},"quantityLimit":{"quantityQuota":-1,"timeFrameDays":-1,"quantityOrdered":0}}]},"currency":"CHF"},{"lines":{"items":[{"item":{"href":"https://hydraqa.unicity.net/v5a-test/items/806f99b793edd7cd0b1c158ba0eb3142","id":{"unicity":"32132"},"weightEach":{"value":0},"servingsPerContainer":0,"servingSize":0},"quantity":1,"terms":{"priceEach":451.72,"taxEach":{"amount":11.29},"discountEach":{"amount":0},"pvEach":325},"quantityLimit":{"quantityQuota":-1,"timeFrameDays":-1,"quantityOrdered":0}}]},"currency":"CHF"},{"lines":{"items":[{"item":{"href":"https://hydraqa.unicity.net/v5a-test/items/e3d382d99fde8659cb146b54116e7654","id":{"unicity":"32133"},"weightEach":{"value":0},"servingsPerContainer":0,"servingSize":0},"quantity":1,"terms":{"priceEach":467.34,"taxEach":{"amount":11.68},"discountEach":{"amount":0},"pvEach":330},"quantityLimit":{"quantityQuota":-1,"timeFrameDays":-1,"quantityOrdered":0}}]},"currency":"CHF"},{"lines":{"items":[{"item":{"href":"https://hydraqa.unicity.net/v5a-test/items/022f109fe6e5eae3e521295a5cb94c60","id":{"unicity":"32134"},"weightEach":{"value":0},"servingsPerContainer":0,"servingSize":0},"quantity":1,"terms":{"priceEach":177.57,"taxEach":{"amount":4.44},"discountEach":{"amount":0},"pvEach":121},"quantityLimit":{"quantityQuota":-1,"timeFrameDays":-1,"quantityOrdered":0}}]},"currency":"CHF"},{"lines":{"items":[{"item":{"href":"https://hydraqa.unicity.net/v5a-test/items/ded00960d5e948dd8e511a9c752e1ff9","id":{"unicity":"32135"},"weightEach":{"value":0},"servingsPerContainer":0,"servingSize":0},"quantity":1,"terms":{"priceEach":200,"taxEach":{"amount":5},"discountEach":{"amount":0},"pvEach":153},"quantityLimit":{"quantityQuota":-1,"timeFrameDays":-1,"quantityOrdered":0}}]},"currency":"CHF"},{"lines":{"items":[{"item":{"href":"https://hydraqa.unicity.net/v5a-test/items/166a69d45c4ae40278554e24d5f40443","id":{"unicity":"32137"},"weightEach":{"value":0},"servingsPerContainer":0,"servingSize":0},"quantity":1,"terms":{"priceEach":207.82,"taxEach":{"amount":5.2},"discountEach":{"amount":0},"pvEach":147},"quantityLimit":{"quantityQuota":-1,"timeFrameDays":-1,"quantityOrdered":0}}]},"currency":"CHF"},{"lines":{"items":[{"item":{"href":"https://hydraqa.unicity.net/v5a-test/items/d04a0b8762b20202b6273114fb7302d1","id":{"unicity":"32138"},"weightEach":{"value":0},"servingsPerContainer":0,"servingSize":0},"quantity":1,"terms":{"priceEach":281.97,"taxEach":{"amount":7.05},"discountEach":{"amount":0},"pvEach":192},"quantityLimit":{"quantityQuota":-1,"timeFrameDays":-1,"quantityOrdered":0}}]},"currency":"CHF"},{"lines":{"items":[{"item":{"href":"https://hydraqa.unicity.net/v5a-test/items/e13d0b5c40704ad5dd186959367c97f1","id":{"unicity":"32125"},"weightEach":{"value":0},"servingsPerContainer":0,"servingSize":0},"quantity":1,"terms":{"priceEach":467.35,"taxEach":{"amount":11.68},"discountEach":{"amount":0},"pvEach":309},"quantityLimit":{"quantityQuota":-1,"timeFrameDays":-1,"quantityOrdered":0}}]},"currency":"CHF"},{"lines":{"items":[{"item":{"href":"https://hydraqa.unicity.net/v5a-test/items/c451532f63a06f0e9a054e946a1a1c3b","id":{"unicity":"18511"},"weightEach":{"value":0},"servingsPerContainer":0,"servingSize":0},"quantity":1,"terms":{"priceEach":47.8,"taxEach":{"amount":1.2},"discountEach":{"amount":0},"pvEach":30},"quantityLimit":{"quantityQuota":-1,"timeFrameDays":-1,"quantityOrdered":0}}]},"currency":"CHF"},{"lines":{"items":[{"item":{"href":"https://hydraqa.unicity.net/v5a-test/items/4e49c95f12ae7be78e5ffab68b8b3ca6","id":{"unicity":"26422"},"weightEach":{"value":0},"servingsPerContainer":0,"servingSize":0},"quantity":1,"terms":{"priceEach":24.39,"taxEach":{"amount":0.61},"discountEach":{"amount":0},"pvEach":18},"quantityLimit":{"quantityQuota":-1,"timeFrameDays":-1,"quantityOrdered":0}}]},"currency":"CHF"},{"lines":{"items":[{"item":{"href":"https://hydraqa.unicity.net/v5a-test/items/50e73ecfa509ac20c4a250f9cb32fdfc","id":{"unicity":"27156"},"weightEach":{"value":0},"servingsPerContainer":0,"servingSize":0},"quantity":1,"terms":{"priceEach":24.39,"taxEach":{"amount":0.61},"discountEach":{"amount":0},"pvEach":15},"quantityLimit":{"quantityQuota":-1,"timeFrameDays":-1,"quantityOrdered":0}}]},"currency":"CHF"},{"lines":{"items":[{"item":{"href":"https://hydraqa.unicity.net/v5a-test/items/d92292ba2f23c030e4a1f63eb3ebe1ce","id":{"unicity":"27158"},"weightEach":{"value":0},"servingsPerContainer":0,"servingSize":0},"quantity":1,"terms":{"priceEach":32.2,"taxEach":{"amount":0.81},"discountEach":{"amount":0},"pvEach":25},"quantityLimit":{"quantityQuota":-1,"timeFrameDays":-1,"quantityOrdered":0}}]},"currency":"CHF"},{"lines":{"items":[{"item":{"href":"https://hydraqa.unicity.net/v5a-test/items/ac37bf51ff7e4fe860da8457f6ce0425","id":{"unicity":"27166"},"weightEach":{"value":0},"servingsPerContainer":0,"servingSize":0},"quantity":1,"terms":{"priceEach":96.59,"taxEach":{"amount":2.41},"discountEach":{"amount":0},"pvEach":75},"quantityLimit":{"quantityQuota":-1,"timeFrameDays":-1,"quantityOrdered":0}}]},"currency":"CHF"},{"lines":{"items":[{"item":{"href":"https://hydraqa.unicity.net/v5a-test/items/a36d9fdd0fd7561e6180fb5b2ff27164","id":{"unicity":"27660"},"weightEach":{"value":0},"servingsPerContainer":0,"servingSize":0},"quantity":1,"terms":{"priceEach":51.71,"taxEach":{"amount":1.29},"discountEach":{"amount":0},"pvEach":37},"quantityLimit":{"quantityQuota":-1,"timeFrameDays":-1,"quantityOrdered":0}}]},"currency":"CHF"},{"lines":{"items":[{"item":{"href":"https://hydraqa.unicity.net/v5a-test/items/fc6a55f19d99547a667b22a83c35ca13","id":{"unicity":"27436"},"weightEach":{"value":0},"servingsPerContainer":0,"servingSize":0},"quantity":1,"terms":{"priceEach":96.59,"taxEach":{"amount":2.41},"discountEach":{"amount":0},"pvEach":70},"quantityLimit":{"quantityQuota":-1,"timeFrameDays":-1,"quantityOrdered":0}}]},"currency":"CHF"},{"lines":{"items":[{"item":{"href":"https://hydraqa.unicity.net/v5a-test/items/9a6e1d094182389c3da8e0a320ff0e00","id":{"unicity":"27585"},"weightEach":{"value":0},"servingsPerContainer":0,"servingSize":0},"quantity":1,"terms":{"priceEach":82.93,"taxEach":{"amount":2.07},"discountEach":{"amount":0},"pvEach":50},"quantityLimit":{"quantityQuota":-1,"timeFrameDays":-1,"quantityOrdered":0}}]},"currency":"CHF"},{"lines":{"items":[{"item":{"href":"https://hydraqa.unicity.net/v5a-test/items/0c0717a26fcfe40310e906487e8a12f7","id":{"unicity":"28601"},"weightEach":{"value":0},"servingsPerContainer":0,"servingSize":0},"quantity":1,"terms":{"priceEach":96.59,"taxEach":{"amount":2.41},"discountEach":{"amount":0},"pvEach":75},"quantityLimit":{"quantityQuota":-1,"timeFrameDays":-1,"quantityOrdered":0}}]},"currency":"CHF"},{"lines":{"items":[{"item":{"href":"https://hydraqa.unicity.net/v5a-test/items/4790a55c442b5dc75a13b155e78c1842","id":{"unicity":"28604"},"weightEach":{"value":270},"servingsPerContainer":30,"servingSize":0},"quantity":1,"terms":{"priceEach":96.59,"taxEach":{"amount":2.41},"discountEach":{"amount":0},"pvEach":75},"quantityLimit":{"quantityQuota":-1,"timeFrameDays":-1,"quantityOrdered":0}}]},"currency":"CHF"},{"lines":{"items":[{"item":{"href":"https://hydraqa.unicity.net/v5a-test/items/64ec7ad932acafab052a4e8800ad1238","id":{"unicity":"24758"},"weightEach":{"value":0},"servingsPerContainer":0,"servingSize":0},"quantity":1,"terms":{"priceEach":47.8,"taxEach":{"amount":1.2},"discountEach":{"amount":0},"pvEach":30},"quantityLimit":{"quantityQuota":-1,"timeFrameDays":-1,"quantityOrdered":0}}]},"currency":"CHF"},{"lines":{"items":[{"item":{"href":"https://hydraqa.unicity.net/v5a-test/items/11fac1643721516cbf646365d88b73cd","id":{"unicity":"29838"},"weightEach":{"value":0},"servingsPerContainer":0,"servingSize":0},"quantity":1,"terms":{"priceEach":135.61,"taxEach":{"amount":3.39},"discountEach":{"amount":0},"pvEach":98},"quantityLimit":{"quantityQuota":-1,"timeFrameDays":-1,"quantityOrdered":0}}]},"currency":"CHF"},{"lines":{"items":[{"item":{"href":"https://hydraqa.unicity.net/v5a-test/items/ab2a2b07b17718843a66bee04ff40624","id":{"unicity":"31402"},"weightEach":{"value":0},"servingsPerContainer":0,"servingSize":0},"quantity":1,"terms":{"priceEach":117.07,"taxEach":{"amount":2.93},"discountEach":{"amount":0},"pvEach":85},"quantityLimit":{"quantityQuota":-1,"timeFrameDays":-1,"quantityOrdered":0}}]},"currency":"CHF"},{"lines":{"items":[{"item":{"href":"https://hydraqa.unicity.net/v5a-test/items/db0a2b02eaabc5ad45fe91ba5c7bcf5a","id":{"unicity":"31772"},"weightEach":{"value":0},"servingsPerContainer":0,"servingSize":0},"quantity":1,"terms":{"priceEach":12.07,"taxEach":{"amount":0.93},"discountEach":{"amount":0},"pvEach":0},"quantityLimit":{"quantityQuota":-1,"timeFrameDays":-1,"quantityOrdered":0}}]},"currency":"CHF"},{"lines":{"items":[{"item":{"href":"https://hydraqa.unicity.net/v5a-test/items/34c8c6b0f454da738e64265f08c57a72","id":{"unicity":"31777"},"weightEach":{"value":0},"servingsPerContainer":0,"servingSize":0},"quantity":1,"terms":{"priceEach":6.96,"taxEach":{"amount":0.54},"discountEach":{"amount":0},"pvEach":3},"quantityLimit":{"quantityQuota":-1,"timeFrameDays":-1,"quantityOrdered":0}}]},"currency":"CHF"},{"lines":{"items":[{"item":{"href":"https://hydraqa.unicity.net/v5a-test/items/fc8583e3bf463b599fdcce05234bc137","id":{"unicity":"31780"},"weightEach":{"value":0},"servingsPerContainer":0,"servingSize":0},"quantity":1,"terms":{"priceEach":9.28,"taxEach":{"amount":0.71},"discountEach":{"amount":0},"pvEach":4},"quantityLimit":{"quantityQuota":-1,"timeFrameDays":-1,"quantityOrdered":0}}]},"currency":"CHF"},{"lines":{"items":[{"item":{"href":"https://hydraqa.unicity.net/v5a-test/items/7e80331c8c25f515174d3f894283a27c","id":{"unicity":"31781"},"weightEach":{"value":0},"servingsPerContainer":0,"servingSize":0},"quantity":1,"terms":{"priceEach":9.28,"taxEach":{"amount":0.71},"discountEach":{"amount":0},"pvEach":4},"quantityLimit":{"quantityQuota":-1,"timeFrameDays":-1,"quantityOrdered":0}}]},"currency":"CHF"},{"lines":{"items":[{"item":{"href":"https://hydraqa.unicity.net/v5a-test/items/8d3854b47de8e45d6fcdc194dffff601","id":{"unicity":"31782"},"weightEach":{"value":0},"servingsPerContainer":0,"servingSize":0},"quantity":1,"terms":{"priceEach":13.93,"taxEach":{"amount":1.07},"discountEach":{"amount":0},"pvEach":6},"quantityLimit":{"quantityQuota":-1,"timeFrameDays":-1,"quantityOrdered":0}}]},"currency":"CHF"},{"lines":{"items":[{"item":{"href":"https://hydraqa.unicity.net/v5a-test/items/04516be30bd9bf93e01536e7fc8f8716","id":{"unicity":"31779"},"weightEach":{"value":0},"servingsPerContainer":0,"servingSize":0},"quantity":1,"terms":{"priceEach":11.14,"taxEach":{"amount":0.86},"discountEach":{"amount":0},"pvEach":5},"quantityLimit":{"quantityQuota":-1,"timeFrameDays":-1,"quantityOrdered":0}}]},"currency":"CHF"},{"lines":{"items":[{"item":{"href":"https://hydraqa.unicity.net/v5a-test/items/d7e1dd4b19a8672aed99e591356c0d48","id":{"unicity":"31932"},"weightEach":{"value":0},"servingsPerContainer":0,"servingSize":0},"quantity":1,"terms":{"priceEach":6.96,"taxEach":{"amount":0.54},"discountEach":{"amount":0},"pvEach":3},"quantityLimit":{"quantityQuota":-1,"timeFrameDays":-1,"quantityOrdered":0}}]},"currency":"CHF"},{"lines":{"items":[{"item":{"href":"https://hydraqa.unicity.net/v5a-test/items/1aa00306dc0006d365acd7436548f2e6","id":{"unicity":"31778"},"weightEach":{"value":0},"servingsPerContainer":0,"servingSize":0},"quantity":1,"terms":{"priceEach":13.93,"taxEach":{"amount":1.07},"discountEach":{"amount":0},"pvEach":6},"quantityLimit":{"quantityQuota":-1,"timeFrameDays":-1,"quantityOrdered":0}}]},"currency":"CHF"},{"lines":{"items":[{"item":{"href":"https://hydraqa.unicity.net/v5a-test/items/4fc6de0cb7817f39a836ff08609b8539","id":{"unicity":"32556"},"weightEach":{"value":0},"servingsPerContainer":0,"servingSize":0},"quantity":1,"terms":{"priceEach":2.79,"taxEach":{"amount":0.21},"discountEach":{"amount":0},"pvEach":0},"quantityLimit":{"quantityQuota":-1,"timeFrameDays":-1,"quantityOrdered":0}}]},"currency":"CHF"},{"lines":{"items":[{"item":{"href":"https://hydraqa.unicity.net/v5a-test/items/a85cc4a606716ce7b10b8bd76dca368f","id":{"unicity":"22605"},"weightEach":{"value":0},"servingsPerContainer":0,"servingSize":0},"quantity":1,"terms":{"priceEach":37.14,"taxEach":{"amount":2.86},"discountEach":{"amount":0},"pvEach":0},"quantityLimit":{"quantityQuota":-1,"timeFrameDays":-1,"quantityOrdered":0}}]},"currency":"CHF"},{"lines":{"items":[{"item":{"href":"https://hydraqa.unicity.net/v5a-test/items/2262fdd5af916c31df08089c191735c1","id":{"unicity":"29317"},"weightEach":{"value":0},"servingsPerContainer":0,"servingSize":0},"quantity":1,"terms":{"priceEach":37.14,"taxEach":{"amount":2.86},"discountEach":{"amount":0},"pvEach":0},"quantityLimit":{"quantityQuota":-1,"timeFrameDays":-1,"quantityOrdered":0}}]},"currency":"CHF"},{"lines":{"items":[{"item":{"href":"https://hydraqa.unicity.net/v5a-test/items/34c53e6d4cce0f8a72327d86c3ef04cb","id":{"unicity":"30103"},"weightEach":{"value":0},"servingsPerContainer":0,"servingSize":0},"quantity":1,"terms":{"priceEach":37.14,"taxEach":{"amount":2.86},"discountEach":{"amount":0},"pvEach":0},"quantityLimit":{"quantityQuota":-1,"timeFrameDays":-1,"quantityOrdered":0}}]},"currency":"CHF"},{"lines":{"items":[{"item":{"href":"https://hydraqa.unicity.net/v5a-test/items/2f1d0aa90494ae2e08035922c701f968","id":{"unicity":"29832"},"weightEach":{"value":0},"servingsPerContainer":0,"servingSize":0},"quantity":1,"terms":{"priceEach":54,"taxEach":{"amount":1.35},"discountEach":{"amount":0},"pvEach":42},"quantityLimit":{"quantityQuota":-1,"timeFrameDays":-1,"quantityOrdered":0}}]},"currency":"CHF"},{"lines":{"items":[{"item":{"href":"https://hydraqa.unicity.net/v5a-test/items/10df0fc3509b53cbeaeb9476ca92d520","id":{"unicity":"29833"},"weightEach":{"value":0},"servingsPerContainer":0,"servingSize":0},"quantity":1,"terms":{"priceEach":108.29,"taxEach":{"amount":2.71},"discountEach":{"amount":0},"pvEach":82},"quantityLimit":{"quantityQuota":-1,"timeFrameDays":-1,"quantityOrdered":0}}]},"currency":"CHF"},{"lines":{"items":[{"item":{"href":"https://hydraqa.unicity.net/v5a-test/items/a8dde31141ab8a13c032a00e7baa99cb","id":{"unicity":"30286"},"weightEach":{"value":0},"servingsPerContainer":0,"servingSize":0},"quantity":1,"terms":{"priceEach":153.17,"taxEach":{"amount":3.83},"discountEach":{"amount":0},"pvEach":107},"quantityLimit":{"quantityQuota":-1,"timeFrameDays":-1,"quantityOrdered":0}}]},"currency":"CHF"},{"lines":{"items":[{"item":{"href":"https://hydraqa.unicity.net/v5a-test/items/a92d4960492e2073278fc0e8bc2af366","id":{"unicity":"31740"},"weightEach":{"value":0},"servingsPerContainer":0,"servingSize":0},"quantity":1,"terms":{"priceEach":319.95,"taxEach":{"amount":8},"discountEach":{"amount":0},"pvEach":246},"quantityLimit":{"quantityQuota":-1,"timeFrameDays":-1,"quantityOrdered":0}}]},"currency":"CHF"},{"lines":{"items":[{"item":{"href":"https://hydraqa.unicity.net/v5a-test/items/22bcf973992a4b675adc842abb433e1a","id":{"unicity":"32140"},"weightEach":{"value":0},"servingsPerContainer":0,"servingSize":0},"quantity":1,"terms":{"priceEach":341.46,"taxEach":{"amount":8.54},"discountEach":{"amount":0},"pvEach":252},"quantityLimit":{"quantityQuota":-1,"timeFrameDays":-1,"quantityOrdered":0}}]},"currency":"CHF"},{"lines":{"items":[{"item":{"href":"https://hydraqa.unicity.net/v5a-test/items/fc5edcf55b7c5c1a614dba71c684da38","id":{"unicity":"32141"},"weightEach":{"value":0},"servingsPerContainer":0,"servingSize":0},"quantity":1,"terms":{"priceEach":386.34,"taxEach":{"amount":9.66},"discountEach":{"amount":0},"pvEach":300},"quantityLimit":{"quantityQuota":-1,"timeFrameDays":-1,"quantityOrdered":0}}]},"currency":"CHF"},{"lines":{"items":[{"item":{"href":"https://hydraqa.unicity.net/v5a-test/items/2482022792c4e0620583120981373ca1","id":{"unicity":"32148"},"weightEach":{"value":0},"servingsPerContainer":0,"servingSize":0},"quantity":1,"terms":{"priceEach":380.49,"taxEach":{"amount":9.51},"discountEach":{"amount":0},"pvEach":269},"quantityLimit":{"quantityQuota":-1,"timeFrameDays":-1,"quantityOrdered":0}}]},"currency":"CHF"},{"lines":{"items":[{"item":{"href":"https://hydraqa.unicity.net/v5a-test/items/148f1e203cf006e83ed482843cbd3a5c","id":{"unicity":"32149"},"weightEach":{"value":0},"servingsPerContainer":0,"servingSize":0},"quantity":1,"terms":{"priceEach":373.66,"taxEach":{"amount":9.34},"discountEach":{"amount":0},"pvEach":266},"quantityLimit":{"quantityQuota":-1,"timeFrameDays":-1,"quantityOrdered":0}}]},"currency":"CHF"},{"lines":{"items":[{"item":{"href":"https://hydraqa.unicity.net/v5a-test/items/c43d0c38e09dbbf94408a662cd23dfa0","id":{"unicity":"32144"},"weightEach":{"value":0},"servingsPerContainer":0,"servingSize":0},"quantity":1,"terms":{"priceEach":663.41,"taxEach":{"amount":16.59},"discountEach":{"amount":0},"pvEach":500},"quantityLimit":{"quantityQuota":-1,"timeFrameDays":-1,"quantityOrdered":0}}]},"currency":"CHF"},{"lines":{"items":[{"item":{"href":"https://hydraqa.unicity.net/v5a-test/items/36c1237572a0cc563fad27fcfd6abcf1","id":{"unicity":"32967"},"weightEach":{"value":0},"servingsPerContainer":0,"servingSize":0},"quantity":1,"terms":{"priceEach":1444,"taxEach":{"amount":36.1},"discountEach":{"amount":0},"pvEach":1004},"quantityLimit":{"quantityQuota":-1,"timeFrameDays":-1,"quantityOrdered":0}}]},"currency":"CHF"},{"lines":{"items":[{"item":{"href":"https://hydraqa.unicity.net/v5a-test/items/817e062d5600cad31f527fbfa764a0fa","id":{"unicity":"32968"},"weightEach":{"value":0},"servingsPerContainer":0,"servingSize":0},"quantity":1,"terms":{"priceEach":2888,"taxEach":{"amount":72.2},"discountEach":{"amount":0},"pvEach":2008},"quantityLimit":{"quantityQuota":-1,"timeFrameDays":-1,"quantityOrdered":0}}]},"currency":"CHF"},{"lines":{"items":[{"item":{"href":"https://hydraqa.unicity.net/v5a-test/items/81b61d497458d50a6893cf18a065539c","id":{"unicity":"32965"},"weightEach":{"value":0},"servingsPerContainer":0,"servingSize":0},"quantity":1,"terms":{"priceEach":878,"taxEach":{"amount":21.95},"discountEach":{"amount":0},"pvEach":592},"quantityLimit":{"quantityQuota":-1,"timeFrameDays":-1,"quantityOrdered":0}}]},"currency":"CHF"},{"lines":{"items":[{"item":{"href":"https://hydraqa.unicity.net/v5a-test/items/ab1f0744e0ce56260af7928f7bf04478","id":{"unicity":"32966"},"weightEach":{"value":0},"servingsPerContainer":0,"servingSize":0},"quantity":1,"terms":{"priceEach":1756,"taxEach":{"amount":43.9},"discountEach":{"amount":0},"pvEach":1184},"quantityLimit":{"quantityQuota":-1,"timeFrameDays":-1,"quantityOrdered":0}}]},"currency":"CHF"},{"lines":{"items":[{"item":{"href":"https://hydraqa.unicity.net/v5a-test/items/e931a471e0a518f071b09ab5479f0ba6","id":{"unicity":"32146"},"weightEach":{"value":0},"servingsPerContainer":0,"servingSize":0},"quantity":1,"terms":{"priceEach":710.24,"taxEach":{"amount":17.76},"discountEach":{"amount":0},"pvEach":508},"quantityLimit":{"quantityQuota":-1,"timeFrameDays":-1,"quantityOrdered":0}}]},"currency":"CHF"},{"lines":{"items":[{"item":{"href":"https://hydraqa.unicity.net/v5a-test/items/337651da22c0ffaf01f33af882636ea6","id":{"unicity":"32142"},"weightEach":{"value":0},"servingsPerContainer":0,"servingSize":0},"quantity":1,"terms":{"priceEach":714.15,"taxEach":{"amount":17.85},"discountEach":{"amount":0},"pvEach":502},"quantityLimit":{"quantityQuota":-1,"timeFrameDays":-1,"quantityOrdered":0}}]},"currency":"CHF"},{"lines":{"items":[{"item":{"href":"https://hydraqa.unicity.net/v5a-test/items/fd906afd8b19d76e7cbef9a8aec7484a","id":{"unicity":"32145"},"weightEach":{"value":0},"servingsPerContainer":0,"servingSize":0},"quantity":1,"terms":{"priceEach":1381.46,"taxEach":{"amount":34.54},"discountEach":{"amount":0},"pvEach":1038},"quantityLimit":{"quantityQuota":-1,"timeFrameDays":-1,"quantityOrdered":0}}]},"currency":"CHF"},{"lines":{"items":[{"item":{"href":"https://hydraqa.unicity.net/v5a-test/items/feb92dd34cb5c38490043c2c9808e546","id":{"unicity":"32147"},"weightEach":{"value":0},"servingsPerContainer":0,"servingSize":0},"quantity":1,"terms":{"priceEach":1420.49,"taxEach":{"amount":35.51},"discountEach":{"amount":0},"pvEach":1016},"quantityLimit":{"quantityQuota":-1,"timeFrameDays":-1,"quantityOrdered":0}}]},"currency":"CHF"},{"lines":{"items":[{"item":{"href":"https://hydraqa.unicity.net/v5a-test/items/03a49a6a2def2af96f0da8ba279b0f4f","id":{"unicity":"32143"},"weightEach":{"value":0},"servingsPerContainer":0,"servingSize":0},"quantity":1,"terms":{"priceEach":1428.29,"taxEach":{"amount":35.71},"discountEach":{"amount":0},"pvEach":1004},"quantityLimit":{"quantityQuota":-1,"timeFrameDays":-1,"quantityOrdered":0}}]},"currency":"CHF"},{"lines":{"items":[{"item":{"href":"https://hydraqa.unicity.net/v5a-test/items/332daeac6796ed016ea8b7d0bc42c2d4","id":{"unicity":"24274"},"weightEach":{"value":0},"servingsPerContainer":0,"servingSize":0},"quantity":1,"terms":{"priceEach":9.29,"taxEach":{"amount":0.72},"discountEach":{"amount":0},"pvEach":0},"quantityLimit":{"quantityQuota":-1,"timeFrameDays":-1,"quantityOrdered":0}}]},"currency":"CHF"},{"lines":{"items":[{"item":{"href":"https://hydraqa.unicity.net/v5a-test/items/1945faa1776541d53120ecfe3c1d8a2b","id":{"unicity":"24418"},"weightEach":{"value":0},"servingsPerContainer":0,"servingSize":0},"quantity":1,"terms":{"priceEach":5.57,"taxEach":{"amount":0.43},"discountEach":{"amount":0},"pvEach":0},"quantityLimit":{"quantityQuota":-1,"timeFrameDays":-1,"quantityOrdered":0}}]},"currency":"CHF"},{"lines":{"items":[{"item":{"href":"https://hydraqa.unicity.net/v5a-test/items/10da226fab00279b4f89df10af2a10b7","id":{"unicity":"26442"},"weightEach":{"value":0},"servingsPerContainer":0,"servingSize":0},"quantity":1,"terms":{"priceEach":7.43,"taxEach":{"amount":0.57},"discountEach":{"amount":0},"pvEach":0},"quantityLimit":{"quantityQuota":-1,"timeFrameDays":-1,"quantityOrdered":0}}]},"currency":"CHF"},{"lines":{"items":[{"item":{"href":"https://hydraqa.unicity.net/v5a-test/items/5147f8cfe32548e02fc158d4da9c4d6f","id":{"unicity":"27150"},"weightEach":{"value":0},"servingsPerContainer":0,"servingSize":0},"quantity":1,"terms":{"priceEach":111.22,"taxEach":{"amount":2.78},"discountEach":{"amount":0},"pvEach":80},"quantityLimit":{"quantityQuota":-1,"timeFrameDays":-1,"quantityOrdered":0}}]},"currency":"CHF"},{"lines":{"items":[{"item":{"href":"https://hydraqa.unicity.net/v5a-test/items/03eba2365025ccd85818846a83a16f47","id":{"unicity":"27163"},"weightEach":{"value":0},"servingsPerContainer":0,"servingSize":0},"quantity":1,"terms":{"priceEach":96.59,"taxEach":{"amount":2.41},"discountEach":{"amount":0},"pvEach":75},"quantityLimit":{"quantityQuota":-1,"timeFrameDays":-1,"quantityOrdered":0}}]},"currency":"CHF"},{"lines":{"items":[{"item":{"href":"https://hydraqa.unicity.net/v5a-test/items/112b8c39286598b3730f630f371a45f4","id":{"unicity":"27587"},"weightEach":{"value":0},"servingsPerContainer":0,"servingSize":0},"quantity":1,"terms":{"priceEach":74.15,"taxEach":{"amount":1.85},"discountEach":{"amount":0},"pvEach":45},"quantityLimit":{"quantityQuota":-1,"timeFrameDays":-1,"quantityOrdered":0}}]},"currency":"CHF"},{"lines":{"items":[{"item":{"href":"https://hydraqa.unicity.net/v5a-test/items/024e696f8b44a1d315006e676604cd31","id":{"unicity":"27395"},"weightEach":{"value":0},"servingsPerContainer":0,"servingSize":0},"quantity":1,"terms":{"priceEach":37.07,"taxEach":{"amount":0.93},"discountEach":{"amount":0},"pvEach":23},"quantityLimit":{"quantityQuota":-1,"timeFrameDays":-1,"quantityOrdered":0}}]},"currency":"CHF"},{"lines":{"items":[{"item":{"href":"https://hydraqa.unicity.net/v5a-test/items/4b2034f47fce90b87bba28c5c2d7c25d","id":{"unicity":"15880"},"weightEach":{"value":0},"servingsPerContainer":0,"servingSize":0},"quantity":1,"terms":{"priceEach":62.44,"taxEach":{"amount":1.56},"discountEach":{"amount":0},"pvEach":40},"quantityLimit":{"quantityQuota":-1,"timeFrameDays":-1,"quantityOrdered":0}}]},"currency":"CHF"},{"lines":{"items":[{"item":{"href":"https://hydraqa.unicity.net/v5a-test/items/398d06b858b960f6f38086d40608aef2","id":{"unicity":"26560"},"weightEach":{"value":0},"servingsPerContainer":0,"servingSize":0},"quantity":1,"terms":{"priceEach":24.39,"taxEach":{"amount":0.61},"discountEach":{"amount":0},"pvEach":15},"quantityLimit":{"quantityQuota":-1,"timeFrameDays":-1,"quantityOrdered":0}}]},"currency":"CHF"},{"lines":{"items":[{"item":{"href":"https://hydraqa.unicity.net/v5a-test/items/e218d1cac5f31e7ae4f5876c29c57377","id":{"unicity":"29017"},"weightEach":{"value":0},"servingsPerContainer":0,"servingSize":0},"quantity":1,"terms":{"priceEach":34.15,"taxEach":{"amount":0.85},"discountEach":{"amount":0},"pvEach":21},"quantityLimit":{"quantityQuota":-1,"timeFrameDays":-1,"quantityOrdered":0}}]},"currency":"CHF"},{"lines":{"items":[{"item":{"href":"https://hydraqa.unicity.net/v5a-test/items/3f2d12d7a0e8551fc99fad3bbe1ba633","id":{"unicity":"26567"},"weightEach":{"value":0},"servingsPerContainer":0,"servingSize":0},"quantity":1,"terms":{"priceEach":73.17,"taxEach":{"amount":1.83},"discountEach":{"amount":0},"pvEach":38},"quantityLimit":{"quantityQuota":-1,"timeFrameDays":-1,"quantityOrdered":0}}]},"currency":"CHF"},{"lines":{"items":[{"item":{"href":"https://hydraqa.unicity.net/v5a-test/items/191637167cb3144bd2e8c4615e9ab67e","id":{"unicity":"26568"},"weightEach":{"value":0},"servingsPerContainer":0,"servingSize":0},"quantity":1,"terms":{"priceEach":73.17,"taxEach":{"amount":1.83},"discountEach":{"amount":0},"pvEach":38},"quantityLimit":{"quantityQuota":-1,"timeFrameDays":-1,"quantityOrdered":0}}]},"currency":"CHF"},{"lines":{"items":[{"item":{"href":"https://hydraqa.unicity.net/v5a-test/items/606f7be753c74dfbfe4b107276775140","id":{"unicity":"29821"},"weightEach":{"value":0},"servingsPerContainer":0,"servingSize":0},"quantity":1,"terms":{"priceEach":103.41,"taxEach":{"amount":2.59},"discountEach":{"amount":0},"pvEach":78},"quantityLimit":{"quantityQuota":-1,"timeFrameDays":-1,"quantityOrdered":0}}]},"currency":"CHF"},{"lines":{"items":[{"item":{"href":"https://hydraqa.unicity.net/v5a-test/items/94939f9be900906d2b47260ccba22a7b","id":{"unicity":"32012"},"weightEach":{"value":0},"servingsPerContainer":0,"servingSize":0},"quantity":1,"terms":{"priceEach":18.54,"taxEach":{"amount":0.46},"discountEach":{"amount":0},"pvEach":8},"quantityLimit":{"quantityQuota":-1,"timeFrameDays":-1,"quantityOrdered":0}}]},"currency":"CHF"},{"lines":{"items":[{"item":{"href":"https://hydraqa.unicity.net/v5a-test/items/2c4c1abe00983e85aaa918d2ce341491","id":{"unicity":"17174"},"weightEach":{"value":0},"servingsPerContainer":0,"servingSize":0},"quantity":1,"terms":{"priceEach":47.8,"taxEach":{"amount":1.2},"discountEach":{"amount":0},"pvEach":30},"quantityLimit":{"quantityQuota":-1,"timeFrameDays":-1,"quantityOrdered":0}}]},"currency":"CHF"},{"lines":{"items":[{"item":{"href":"https://hydraqa.unicity.net/v5a-test/items/991cdbb84a495779eb209fb3956a77e4","id":{"unicity":"29183"},"weightEach":{"value":0},"servingsPerContainer":0,"servingSize":0},"quantity":1,"terms":{"priceEach":39,"taxEach":{"amount":3},"discountEach":{"amount":0},"pvEach":22},"quantityLimit":{"quantityQuota":-1,"timeFrameDays":-1,"quantityOrdered":0}}]},"currency":"CHF"},{"lines":{"items":[{"item":{"href":"https://hydraqa.unicity.net/v5a-test/items/0e78fbdfebef11cd62f8d2120064ee58","id":{"unicity":"30280"},"weightEach":{"value":0},"servingsPerContainer":0,"servingSize":0},"quantity":1,"terms":{"priceEach":45.5,"taxEach":{"amount":3.5},"discountEach":{"amount":0},"pvEach":25},"quantityLimit":{"quantityQuota":-1,"timeFrameDays":-1,"quantityOrdered":0}}]},"currency":"CHF"},{"lines":{"items":[{"item":{"href":"https://hydraqa.unicity.net/v5a-test/items/beb900429fbb160dbfc3001c14d96df4","id":{"unicity":"29187"},"weightEach":{"value":0},"servingsPerContainer":0,"servingSize":0},"quantity":1,"terms":{"priceEach":52,"taxEach":{"amount":4},"discountEach":{"amount":0},"pvEach":30},"quantityLimit":{"quantityQuota":-1,"timeFrameDays":-1,"quantityOrdered":0}}]},"currency":"CHF"},{"lines":{"items":[{"item":{"href":"https://hydraqa.unicity.net/v5a-test/items/1b0412bea8c0b841c66f65a36aa14108","id":{"unicity":"29191"},"weightEach":{"value":0},"servingsPerContainer":0,"servingSize":0},"quantity":1,"terms":{"priceEach":52,"taxEach":{"amount":4},"discountEach":{"amount":0},"pvEach":30},"quantityLimit":{"quantityQuota":-1,"timeFrameDays":-1,"quantityOrdered":0}}]},"currency":"CHF"},{"lines":{"items":[{"item":{"href":"https://hydraqa.unicity.net/v5a-test/items/52c87f74d3b41ed49b0f897b66c2a99b","id":{"unicity":"30684"},"weightEach":{"value":0},"servingsPerContainer":0,"servingSize":0},"quantity":1,"terms":{"priceEach":47.8,"taxEach":{"amount":1.2},"discountEach":{"amount":0},"pvEach":30},"quantityLimit":{"quantityQuota":-1,"timeFrameDays":-1,"quantityOrdered":0}}]},"currency":"CHF"},{"lines":{"items":[{"item":{"href":"https://hydraqa.unicity.net/v5a-test/items/7e5e7df32701fd44947c8146f2129f7a","id":{"unicity":"31672"},"weightEach":{"value":0},"servingsPerContainer":0,"servingSize":0},"quantity":1,"terms":{"priceEach":96.59,"taxEach":{"amount":2.41},"discountEach":{"amount":0},"pvEach":75},"quantityLimit":{"quantityQuota":-1,"timeFrameDays":-1,"quantityOrdered":0}}]},"currency":"CHF"},{"lines":{"items":[{"item":{"href":"https://hydraqa.unicity.net/v5a-test/items/493c2ba720f847422eccc5da35024f33","id":{"unicity":"31534"},"weightEach":{"value":0},"servingsPerContainer":0,"servingSize":0},"quantity":1,"terms":{"priceEach":29.27,"taxEach":{"amount":0.73},"discountEach":{"amount":0},"pvEach":18},"quantityLimit":{"quantityQuota":-1,"timeFrameDays":-1,"quantityOrdered":0}}]},"currency":"CHF"},{"lines":{"items":[{"item":{"href":"https://hydraqa.unicity.net/v5a-test/items/bfddb53fe0d5ed5432c531dc9850cbe4","id":{"unicity":"29449"},"weightEach":{"value":0},"servingsPerContainer":0,"servingSize":0},"quantity":1,"terms":{"priceEach":29.27,"taxEach":{"amount":0.73},"discountEach":{"amount":0},"pvEach":18},"quantityLimit":{"quantityQuota":-1,"timeFrameDays":-1,"quantityOrdered":0}}]},"currency":"CHF"},{"lines":{"items":[{"item":{"href":"https://hydraqa.unicity.net/v5a-test/items/217ca02fbd24e21ca5281412756238ab","id":{"unicity":"32126"},"weightEach":{"value":0},"servingsPerContainer":0,"servingSize":0},"quantity":1,"terms":{"priceEach":184.39,"taxEach":{"amount":4.61},"discountEach":{"amount":0},"pvEach":121},"quantityLimit":{"quantityQuota":-1,"timeFrameDays":-1,"quantityOrdered":0}}]},"currency":"CHF"},{"lines":{"items":[{"item":{"href":"https://hydraqa.unicity.net/v5a-test/items/808008a0657d2033ad471c39bbce9891","id":{"unicity":"32127"},"weightEach":{"value":0},"servingsPerContainer":0,"servingSize":0},"quantity":1,"terms":{"priceEach":212.68,"taxEach":{"amount":5.32},"discountEach":{"amount":0},"pvEach":153},"quantityLimit":{"quantityQuota":-1,"timeFrameDays":-1,"quantityOrdered":0}}]},"currency":"CHF"},{"lines":{"items":[{"item":{"href":"https://hydraqa.unicity.net/v5a-test/items/fbb6dbd577adb73abaec364076fb288f","id":{"unicity":"32087"},"weightEach":{"value":0},"servingsPerContainer":0,"servingSize":0},"quantity":1,"terms":{"priceEach":25.37,"taxEach":{"amount":0.63},"discountEach":{"amount":0},"pvEach":11},"quantityLimit":{"quantityQuota":-1,"timeFrameDays":-1,"quantityOrdered":0}}]},"currency":"CHF"},{"lines":{"items":[{"item":{"href":"https://hydraqa.unicity.net/v5a-test/items/1f59b10f0bef99fa20e4b9b0b4efea88","id":{"unicity":"32333"},"weightEach":{"value":0},"servingsPerContainer":0,"servingSize":0},"quantity":1,"terms":{"priceEach":13,"taxEach":{"amount":1},"discountEach":{"amount":0},"pvEach":0},"quantityLimit":{"quantityQuota":-1,"timeFrameDays":-1,"quantityOrdered":0}}]},"currency":"CHF"},{"lines":{"items":[{"item":{"href":"https://hydraqa.unicity.net/v5a-test/items/592aef9ec417f4553dc0b62a91a1f5e0","id":{"unicity":"32330"},"weightEach":{"value":0},"servingsPerContainer":0,"servingSize":0},"quantity":1,"terms":{"priceEach":116.1,"taxEach":{"amount":2.9},"discountEach":{"amount":0},"pvEach":70},"quantityLimit":{"quantityQuota":-1,"timeFrameDays":-1,"quantityOrdered":0}}]},"currency":"CHF"},{"lines":{"items":[{"item":{"href":"https://hydraqa.unicity.net/v5a-test/items/87dd58dff9eb54a10b652443e7279a1e","id":{"unicity":"32693"},"weightEach":{"value":0},"servingsPerContainer":0,"servingSize":0},"quantity":1,"terms":{"priceEach":103.41,"taxEach":{"amount":2.59},"discountEach":{"amount":0},"pvEach":78},"quantityLimit":{"quantityQuota":-1,"timeFrameDays":-1,"quantityOrdered":0}}]},"currency":"CHF"},{"lines":{"items":[{"item":{"href":"https://hydraqa.unicity.net/v5a-test/items/1bd53de7fe880ba71f46c9976ca2c137","id":{"unicity":"27739"},"weightEach":{"value":0},"servingsPerContainer":0,"servingSize":0},"quantity":1,"terms":{"priceEach":47.8,"taxEach":{"amount":1.2},"discountEach":{"amount":0},"pvEach":30},"quantityLimit":{"quantityQuota":-1,"timeFrameDays":-1,"quantityOrdered":0}}]},"currency":"CHF"}]}
Entry request : {"order":{"customer":{"href":"https://hydraqa.unicity.net/v5a-test/customers?type=Associate"},"shipToAddress":{"country":"CH"}},"vary":{"lines":{"items":[{"item":{"href":"https://hydraqa.unicity.net/v5a-test/items?id.unicity=26306|27617|31763|31400|31951|31952|32128|32129|32130|32132|32133|32134|32135|32137|32138|32125|18511|26422|27156|27158|27166|27660|27436|27585|28601|28604|24758|29838|31402|31772|31777|31780|31781|31782|31779|31932|31778|32556|22605|29317|30103|29832|29833|30286|31740|32140|32141|32148|32149|32144|32756|32967|32968|32965|32966|32146|32142|32145|32147|32143|23989|24274|24418|26442|27150|27163|27587|27395|15880|26560|29017|26567|26568|29821|32012|17174|29183|30280|29187|29191|30684|31672|31534|29449|32126|32127|32087|32333|32755|32330|32693|27739"}}]}}}
Total Pv Greater then 500 - 655
[https://hydraqa.unicity.net/v5a-test/items?id.unicity=32127, https://hydraqa.unicity.net/v5a-test/items?id.unicity=32142]
]]></system-out>
    <system-err><![CDATA[Starting ChromeDriver 2.36.540470 (e522d04694c7ebea4ba8821272dbef4f9b818c91) on port 23483
Only local connections are allowed.
Oct 18, 2020 12:23:17 PM org.openqa.selenium.remote.ProtocolHandshake createSession
INFO: Detected dialect: OSS
]]></system-err>
  </testcase>
  <testcase name="Enroll" classname="Tests.FranchisePartner" time="171.894">
    <failure type="java.lang.NullPointerException">java.lang.NullPointerException
	at Tests.FranchisePartner.Enroll(FranchisePartner.java:251)
</failure>
    <system-out><![CDATA[Request URL: https://hydraqa.unicity.net/v5a-test/quotes?&expand=item
Entry Quotes response : {"items":[{"lines":{"items":[{"item":{"href":"https://hydraqa.unicity.net/v5a-test/items/1a2c3b4500d826d2ffdd3b684b179511","id":{"unicity":"27700"},"weightEach":{"value":0},"servingsPerContainer":0,"servingSize":0},"quantity":1,"terms":{"priceEach":340,"taxEach":{"amount":34},"discountEach":{"amount":0},"pvEach":250},"quantityLimit":{"quantityQuota":-1,"timeFrameDays":-1,"quantityOrdered":0}}]},"currency":"EUR"},{"lines":{"items":[{"item":{"href":"https://hydraqa.unicity.net/v5a-test/items/31cb0679f65df8fa9a4fc3d7e38b72b3","id":{"unicity":"31763"},"weightEach":{"value":0},"servingsPerContainer":0,"servingSize":0},"quantity":1,"terms":{"priceEach":243.3,"taxEach":{"amount":24.33},"discountEach":{"amount":0},"pvEach":181},"quantityLimit":{"quantityQuota":-1,"timeFrameDays":-1,"quantityOrdered":0}}]},"currency":"EUR"},{"lines":{"items":[{"item":{"href":"https://hydraqa.unicity.net/v5a-test/items/e9991b48ac639367d526d2b9b22fac8c","id":{"unicity":"32128"},"weightEach":{"value":0},"servingsPerContainer":0,"servingSize":0},"quantity":1,"terms":{"priceEach":371.87,"taxEach":{"amount":37.19},"discountEach":{"amount":0},"pvEach":253},"quantityLimit":{"quantityQuota":-1,"timeFrameDays":-1,"quantityOrdered":0}}]},"currency":"EUR"},{"lines":{"items":[{"item":{"href":"https://hydraqa.unicity.net/v5a-test/items/40b3312de189221d96d838d33a8ec49d","id":{"unicity":"32129"},"weightEach":{"value":0},"servingsPerContainer":0,"servingSize":0},"quantity":1,"terms":{"priceEach":371.87,"taxEach":{"amount":37.19},"discountEach":{"amount":0},"pvEach":254},"quantityLimit":{"quantityQuota":-1,"timeFrameDays":-1,"quantityOrdered":0}}]},"currency":"EUR"},{"lines":{"items":[{"item":{"href":"https://hydraqa.unicity.net/v5a-test/items/6bd168a66ce41003a8f30917deff5808","id":{"unicity":"32130"},"weightEach":{"value":0},"servingsPerContainer":0,"servingSize":0},"quantity":1,"terms":{"priceEach":363.46,"taxEach":{"amount":36.35},"discountEach":{"amount":0},"pvEach":252},"quantityLimit":{"quantityQuota":-1,"timeFrameDays":-1,"quantityOrdered":0}}]},"currency":"EUR"},{"lines":{"items":[{"item":{"href":"https://hydraqa.unicity.net/v5a-test/items/806f99b793edd7cd0b1c158ba0eb3142","id":{"unicity":"32132"},"weightEach":{"value":0},"servingsPerContainer":0,"servingSize":0},"quantity":1,"terms":{"priceEach":355.98,"taxEach":{"amount":35.6},"discountEach":{"amount":0},"pvEach":253},"quantityLimit":{"quantityQuota":-1,"timeFrameDays":-1,"quantityOrdered":0}}]},"currency":"EUR"},{"lines":{"items":[{"item":{"href":"https://hydraqa.unicity.net/v5a-test/items/e3d382d99fde8659cb146b54116e7654","id":{"unicity":"32133"},"weightEach":{"value":0},"servingsPerContainer":0,"servingSize":0},"quantity":1,"terms":{"priceEach":364.39,"taxEach":{"amount":36.44},"discountEach":{"amount":0},"pvEach":252},"quantityLimit":{"quantityQuota":-1,"timeFrameDays":-1,"quantityOrdered":0}}]},"currency":"EUR"},{"lines":{"items":[{"item":{"href":"https://hydraqa.unicity.net/v5a-test/items/022f109fe6e5eae3e521295a5cb94c60","id":{"unicity":"32134"},"weightEach":{"value":0},"servingsPerContainer":0,"servingSize":0},"quantity":1,"terms":{"priceEach":144.77,"taxEach":{"amount":14.48},"discountEach":{"amount":0},"pvEach":101},"quantityLimit":{"quantityQuota":-1,"timeFrameDays":-1,"quantityOrdered":0}}]},"currency":"EUR"},{"lines":{"items":[{"item":{"href":"https://hydraqa.unicity.net/v5a-test/items/ded00960d5e948dd8e511a9c752e1ff9","id":{"unicity":"32135"},"weightEach":{"value":0},"servingsPerContainer":0,"servingSize":0},"quantity":1,"terms":{"priceEach":154.11,"taxEach":{"amount":15.41},"discountEach":{"amount":0},"pvEach":113},"quantityLimit":{"quantityQuota":-1,"timeFrameDays":-1,"quantityOrdered":0}}]},"currency":"EUR"},{"lines":{"items":[{"item":{"href":"https://hydraqa.unicity.net/v5a-test/items/d8736cc35cf9f4734fd76da71c53dc05","id":{"unicity":"32136"},"weightEach":{"value":0},"servingsPerContainer":0,"servingSize":0},"quantity":1,"terms":{"priceEach":142.08,"taxEach":{"amount":14.21},"discountEach":{"amount":0},"pvEach":102},"quantityLimit":{"quantityQuota":-1,"timeFrameDays":-1,"quantityOrdered":0}}]},"currency":"EUR"},{"lines":{"items":[{"item":{"href":"https://hydraqa.unicity.net/v5a-test/items/166a69d45c4ae40278554e24d5f40443","id":{"unicity":"32137"},"weightEach":{"value":0},"servingsPerContainer":0,"servingSize":0},"quantity":1,"terms":{"priceEach":168.13,"taxEach":{"amount":16.81},"discountEach":{"amount":0},"pvEach":118},"quantityLimit":{"quantityQuota":-1,"timeFrameDays":-1,"quantityOrdered":0}}]},"currency":"EUR"},{"lines":{"items":[{"item":{"href":"https://hydraqa.unicity.net/v5a-test/items/d04a0b8762b20202b6273114fb7302d1","id":{"unicity":"32138"},"weightEach":{"value":0},"servingsPerContainer":0,"servingSize":0},"quantity":1,"terms":{"priceEach":224.21,"taxEach":{"amount":22.42},"discountEach":{"amount":0},"pvEach":152},"quantityLimit":{"quantityQuota":-1,"timeFrameDays":-1,"quantityOrdered":0}}]},"currency":"EUR"},{"lines":{"items":[{"item":{"href":"https://hydraqa.unicity.net/v5a-test/items/e13d0b5c40704ad5dd186959367c97f1","id":{"unicity":"32125"},"weightEach":{"value":0},"servingsPerContainer":0,"servingSize":0},"quantity":1,"terms":{"priceEach":373.74,"taxEach":{"amount":37.37},"discountEach":{"amount":0},"pvEach":250},"quantityLimit":{"quantityQuota":-1,"timeFrameDays":-1,"quantityOrdered":0}}]},"currency":"EUR"},{"lines":{"items":[{"item":{"href":"https://hydraqa.unicity.net/v5a-test/items/def68d31fb89b7c22a71f384e32f03d7","id":{"unicity":"32699"},"weightEach":{"value":0},"servingsPerContainer":0,"servingSize":0},"quantity":1,"terms":{"priceEach":284.14,"taxEach":{"amount":28.41},"discountEach":{"amount":0},"pvEach":200},"quantityLimit":{"quantityQuota":-1,"timeFrameDays":-1,"quantityOrdered":0}}]},"currency":"EUR"},{"lines":{"items":[{"item":{"href":"https://hydraqa.unicity.net/v5a-test/items/b23be76d5816f93f8e9b7ab0665d5021","id":{"unicity":"33092"},"weightEach":{"value":0},"servingsPerContainer":0,"servingSize":0},"quantity":1,"terms":{"priceEach":149.34,"taxEach":{"amount":14.93},"discountEach":{"amount":0},"pvEach":108},"quantityLimit":{"quantityQuota":-1,"timeFrameDays":-1,"quantityOrdered":0}}]},"currency":"EUR"},{"lines":{"items":[{"item":{"href":"https://hydraqa.unicity.net/v5a-test/items/287b72c2933e3afabdea942bd11bfab9","id":{"unicity":"33093"},"weightEach":{"value":0},"servingsPerContainer":0,"servingSize":0},"quantity":1,"terms":{"priceEach":162.54,"taxEach":{"amount":16.25},"discountEach":{"amount":0},"pvEach":105},"quantityLimit":{"quantityQuota":-1,"timeFrameDays":-1,"quantityOrdered":0}}]},"currency":"EUR"},{"lines":{"items":[{"item":{"href":"https://hydraqa.unicity.net/v5a-test/items/c451532f63a06f0e9a054e946a1a1c3b","id":{"unicity":"18511"},"weightEach":{"value":50},"servingsPerContainer":30,"servingSize":0},"quantity":1,"terms":{"priceEach":37.29,"taxEach":{"amount":3.73},"discountEach":{"amount":0},"pvEach":23},"quantityLimit":{"quantityQuota":-1,"timeFrameDays":-1,"quantityOrdered":0}}]},"currency":"EUR"},{"lines":{"items":[{"item":{"href":"https://hydraqa.unicity.net/v5a-test/items/50e73ecfa509ac20c4a250f9cb32fdfc","id":{"unicity":"27156"},"weightEach":{"value":31},"servingsPerContainer":50,"servingSize":0},"quantity":1,"terms":{"priceEach":20.47,"taxEach":{"amount":2.05},"discountEach":{"amount":0},"pvEach":13},"quantityLimit":{"quantityQuota":-1,"timeFrameDays":-1,"quantityOrdered":0}}]},"currency":"EUR"},{"lines":{"items":[{"item":{"href":"https://hydraqa.unicity.net/v5a-test/items/d92292ba2f23c030e4a1f63eb3ebe1ce","id":{"unicity":"27158"},"weightEach":{"value":454},"servingsPerContainer":45,"servingSize":0},"quantity":1,"terms":{"priceEach":27.94,"taxEach":{"amount":2.79},"discountEach":{"amount":0},"pvEach":23},"quantityLimit":{"quantityQuota":-1,"timeFrameDays":-1,"quantityOrdered":0}}]},"currency":"EUR"},{"lines":{"items":[{"item":{"href":"https://hydraqa.unicity.net/v5a-test/items/0d3b8d4f7c4d4082db1b4ecffb6693fb","id":{"unicity":"27160"},"weightEach":{"value":435},"servingsPerContainer":60,"servingSize":0},"quantity":1,"terms":{"priceEach":74.67,"taxEach":{"amount":7.47},"discountEach":{"amount":0},"pvEach":53},"quantityLimit":{"quantityQuota":-1,"timeFrameDays":-1,"quantityOrdered":0}}]},"currency":"EUR"},{"lines":{"items":[{"item":{"href":"https://hydraqa.unicity.net/v5a-test/items/ac37bf51ff7e4fe860da8457f6ce0425","id":{"unicity":"27166"},"weightEach":{"value":270},"servingsPerContainer":30,"servingSize":0},"quantity":1,"terms":{"priceEach":74.67,"taxEach":{"amount":7.47},"discountEach":{"amount":0},"pvEach":54},"quantityLimit":{"quantityQuota":-1,"timeFrameDays":-1,"quantityOrdered":0}}]},"currency":"EUR"},{"lines":{"items":[{"item":{"href":"https://hydraqa.unicity.net/v5a-test/items/a7bda1cb4a35343e52791aba56debc4a","id":{"unicity":"27617"},"weightEach":{"value":22.62},"servingsPerContainer":30,"servingSize":0},"quantity":1,"terms":{"priceEach":29.81,"taxEach":{"amount":2.98},"discountEach":{"amount":0},"pvEach":18},"quantityLimit":{"quantityQuota":-1,"timeFrameDays":-1,"quantityOrdered":0}}]},"currency":"EUR"},{"lines":{"items":[{"item":{"href":"https://hydraqa.unicity.net/v5a-test/items/a36d9fdd0fd7561e6180fb5b2ff27164","id":{"unicity":"27660"},"weightEach":{"value":129},"servingsPerContainer":15,"servingSize":0},"quantity":1,"terms":{"priceEach":40.09,"taxEach":{"amount":4.01},"discountEach":{"amount":0},"pvEach":25},"quantityLimit":{"quantityQuota":-1,"timeFrameDays":-1,"quantityOrdered":0}}]},"currency":"EUR"},{"lines":{"items":[{"item":{"href":"https://hydraqa.unicity.net/v5a-test/items/9a6e1d094182389c3da8e0a320ff0e00","id":{"unicity":"27585"},"weightEach":{"value":0},"servingsPerContainer":0,"servingSize":0},"quantity":1,"terms":{"priceEach":61.81,"taxEach":{"amount":6.18},"discountEach":{"amount":0},"pvEach":36},"quantityLimit":{"quantityQuota":-1,"timeFrameDays":-1,"quantityOrdered":0}}]},"currency":"EUR"},{"lines":{"items":[{"item":{"href":"https://hydraqa.unicity.net/v5a-test/items/112b8c39286598b3730f630f371a45f4","id":{"unicity":"27587"},"weightEach":{"value":690},"servingsPerContainer":30,"servingSize":0},"quantity":1,"terms":{"priceEach":55.98,"taxEach":{"amount":5.6},"discountEach":{"amount":0},"pvEach":34},"quantityLimit":{"quantityQuota":-1,"timeFrameDays":-1,"quantityOrdered":0}}]},"currency":"EUR"},{"lines":{"items":[{"item":{"href":"https://hydraqa.unicity.net/v5a-test/items/0c0717a26fcfe40310e906487e8a12f7","id":{"unicity":"28601"},"weightEach":{"value":270},"servingsPerContainer":30,"servingSize":0},"quantity":1,"terms":{"priceEach":74.67,"taxEach":{"amount":7.47},"discountEach":{"amount":0},"pvEach":54},"quantityLimit":{"quantityQuota":-1,"timeFrameDays":-1,"quantityOrdered":0}}]},"currency":"EUR"},{"lines":{"items":[{"item":{"href":"https://hydraqa.unicity.net/v5a-test/items/4790a55c442b5dc75a13b155e78c1842","id":{"unicity":"28604"},"weightEach":{"value":0},"servingsPerContainer":0,"servingSize":0},"quantity":1,"terms":{"priceEach":74.67,"taxEach":{"amount":7.47},"discountEach":{"amount":0},"pvEach":54},"quantityLimit":{"quantityQuota":-1,"timeFrameDays":-1,"quantityOrdered":0}}]},"currency":"EUR"},{"lines":{"items":[{"item":{"href":"https://hydraqa.unicity.net/v5a-test/items/4b2034f47fce90b87bba28c5c2d7c25d","id":{"unicity":"15880"},"weightEach":{"value":51.5},"servingsPerContainer":90,"servingSize":0},"quantity":1,"terms":{"priceEach":51.31,"taxEach":{"amount":5.13},"discountEach":{"amount":0},"pvEach":33},"quantityLimit":{"quantityQuota":-1,"timeFrameDays":-1,"quantityOrdered":0}}]},"currency":"EUR"},{"lines":{"items":[{"item":{"href":"https://hydraqa.unicity.net/v5a-test/items/e218d1cac5f31e7ae4f5876c29c57377","id":{"unicity":"29017"},"weightEach":{"value":52.8},"servingsPerContainer":60,"servingSize":0},"quantity":1,"terms":{"priceEach":37.29,"taxEach":{"amount":3.73},"discountEach":{"amount":0},"pvEach":23},"quantityLimit":{"quantityQuota":-1,"timeFrameDays":-1,"quantityOrdered":0}}]},"currency":"EUR"},{"lines":{"items":[{"item":{"href":"https://hydraqa.unicity.net/v5a-test/items/3f2d12d7a0e8551fc99fad3bbe1ba633","id":{"unicity":"26567"},"weightEach":{"value":173.46},"servingsPerContainer":60,"servingSize":0},"quantity":1,"terms":{"priceEach":55.98,"taxEach":{"amount":5.6},"discountEach":{"amount":0},"pvEach":26},"quantityLimit":{"quantityQuota":-1,"timeFrameDays":-1,"quantityOrdered":0}}]},"currency":"EUR"},{"lines":{"items":[{"item":{"href":"https://hydraqa.unicity.net/v5a-test/items/191637167cb3144bd2e8c4615e9ab67e","id":{"unicity":"26568"},"weightEach":{"value":198.24},"servingsPerContainer":60,"servingSize":0},"quantity":1,"terms":{"priceEach":55.98,"taxEach":{"amount":5.6},"discountEach":{"amount":0},"pvEach":26},"quantityLimit":{"quantityQuota":-1,"timeFrameDays":-1,"quantityOrdered":0}}]},"currency":"EUR"},{"lines":{"items":[{"item":{"href":"https://hydraqa.unicity.net/v5a-test/items/64ec7ad932acafab052a4e8800ad1238","id":{"unicity":"24758"},"weightEach":{"value":26.89},"servingsPerContainer":30,"servingSize":0},"quantity":1,"terms":{"priceEach":37.29,"taxEach":{"amount":3.73},"discountEach":{"amount":0},"pvEach":23},"quantityLimit":{"quantityQuota":-1,"timeFrameDays":-1,"quantityOrdered":0}}]},"currency":"EUR"},{"lines":{"items":[{"item":{"href":"https://hydraqa.unicity.net/v5a-test/items/11fac1643721516cbf646365d88b73cd","id":{"unicity":"29838"},"weightEach":{"value":0},"servingsPerContainer":0,"servingSize":0},"quantity":1,"terms":{"priceEach":112.36,"taxEach":{"amount":11.24},"discountEach":{"amount":0},"pvEach":86},"quantityLimit":{"quantityQuota":-1,"timeFrameDays":-1,"quantityOrdered":0}}]},"currency":"EUR"},{"lines":{"items":[{"item":{"href":"https://hydraqa.unicity.net/v5a-test/items/ab2a2b07b17718843a66bee04ff40624","id":{"unicity":"31402"},"weightEach":{"value":477},"servingsPerContainer":30,"servingSize":0},"quantity":1,"terms":{"priceEach":92.43,"taxEach":{"amount":9.24},"discountEach":{"amount":0},"pvEach":70},"quantityLimit":{"quantityQuota":-1,"timeFrameDays":-1,"quantityOrdered":0}}]},"currency":"EUR"},{"lines":{"items":[{"item":{"href":"https://hydraqa.unicity.net/v5a-test/items/db0a2b02eaabc5ad45fe91ba5c7bcf5a","id":{"unicity":"31772"},"weightEach":{"value":0},"servingsPerContainer":0,"servingSize":0},"quantity":1,"terms":{"priceEach":8.32,"taxEach":{"amount":1.75},"discountEach":{"amount":0},"pvEach":0},"quantityLimit":{"quantityQuota":-1,"timeFrameDays":-1,"quantityOrdered":0}}]},"currency":"EUR"},{"lines":{"items":[{"item":{"href":"https://hydraqa.unicity.net/v5a-test/items/f6cadec0959c1b566dede330ab29fc57","id":{"unicity":"31738"},"weightEach":{"value":0},"servingsPerContainer":0,"servingSize":0},"quantity":1,"terms":{"priceEach":19,"taxEach":{"amount":1.9},"discountEach":{"amount":0},"pvEach":16},"quantityLimit":{"quantityQuota":-1,"timeFrameDays":-1,"quantityOrdered":0}}]},"currency":"EUR"},{"lines":{"items":[{"item":{"href":"https://hydraqa.unicity.net/v5a-test/items/34c8c6b0f454da738e64265f08c57a72","id":{"unicity":"31777"},"weightEach":{"value":100},"servingsPerContainer":0,"servingSize":0},"quantity":1,"terms":{"priceEach":6.22,"taxEach":{"amount":1.31},"discountEach":{"amount":0},"pvEach":3},"quantityLimit":{"quantityQuota":-1,"timeFrameDays":-1,"quantityOrdered":0}}]},"currency":"EUR"},{"lines":{"items":[{"item":{"href":"https://hydraqa.unicity.net/v5a-test/items/fc8583e3bf463b599fdcce05234bc137","id":{"unicity":"31780"},"weightEach":{"value":275},"servingsPerContainer":0,"servingSize":0},"quantity":1,"terms":{"priceEach":8.32,"taxEach":{"amount":1.75},"discountEach":{"amount":0},"pvEach":4},"quantityLimit":{"quantityQuota":-1,"timeFrameDays":-1,"quantityOrdered":0}}]},"currency":"EUR"},{"lines":{"items":[{"item":{"href":"https://hydraqa.unicity.net/v5a-test/items/7e80331c8c25f515174d3f894283a27c","id":{"unicity":"31781"},"weightEach":{"value":275},"servingsPerContainer":0,"servingSize":0},"quantity":1,"terms":{"priceEach":8.32,"taxEach":{"amount":1.75},"discountEach":{"amount":0},"pvEach":4},"quantityLimit":{"quantityQuota":-1,"timeFrameDays":-1,"quantityOrdered":0}}]},"currency":"EUR"},{"lines":{"items":[{"item":{"href":"https://hydraqa.unicity.net/v5a-test/items/8d3854b47de8e45d6fcdc194dffff601","id":{"unicity":"31782"},"weightEach":{"value":50},"servingsPerContainer":0,"servingSize":0},"quantity":1,"terms":{"priceEach":12.52,"taxEach":{"amount":2.63},"discountEach":{"amount":0},"pvEach":6},"quantityLimit":{"quantityQuota":-1,"timeFrameDays":-1,"quantityOrdered":0}}]},"currency":"EUR"},{"lines":{"items":[{"item":{"href":"https://hydraqa.unicity.net/v5a-test/items/04516be30bd9bf93e01536e7fc8f8716","id":{"unicity":"31779"},"weightEach":{"value":350},"servingsPerContainer":0,"servingSize":0},"quantity":1,"terms":{"priceEach":10,"taxEach":{"amount":2.1},"discountEach":{"amount":0},"pvEach":5},"quantityLimit":{"quantityQuota":-1,"timeFrameDays":-1,"quantityOrdered":0}}]},"currency":"EUR"},{"lines":{"items":[{"item":{"href":"https://hydraqa.unicity.net/v5a-test/items/d7e1dd4b19a8672aed99e591356c0d48","id":{"unicity":"31932"},"weightEach":{"value":180},"servingsPerContainer":0,"servingSize":0},"quantity":1,"terms":{"priceEach":6.22,"taxEach":{"amount":1.31},"discountEach":{"amount":0},"pvEach":3},"quantityLimit":{"quantityQuota":-1,"timeFrameDays":-1,"quantityOrdered":0}}]},"currency":"EUR"},{"lines":{"items":[{"item":{"href":"https://hydraqa.unicity.net/v5a-test/items/1aa00306dc0006d365acd7436548f2e6","id":{"unicity":"31778"},"weightEach":{"value":350},"servingsPerContainer":0,"servingSize":0},"quantity":1,"terms":{"priceEach":12.52,"taxEach":{"amount":2.63},"discountEach":{"amount":0},"pvEach":6},"quantityLimit":{"quantityQuota":-1,"timeFrameDays":-1,"quantityOrdered":0}}]},"currency":"EUR"},{"lines":{"items":[{"item":{"href":"https://hydraqa.unicity.net/v5a-test/items/4fc6de0cb7817f39a836ff08609b8539","id":{"unicity":"32556"},"weightEach":{"value":0},"servingsPerContainer":0,"servingSize":0},"quantity":1,"terms":{"priceEach":2.44,"taxEach":{"amount":0.51},"discountEach":{"amount":0},"pvEach":0},"quantityLimit":{"quantityQuota":-1,"timeFrameDays":-1,"quantityOrdered":0}}]},"currency":"EUR"},{"lines":{"items":[{"item":{"href":"https://hydraqa.unicity.net/v5a-test/items/2262fdd5af916c31df08089c191735c1","id":{"unicity":"29317"},"weightEach":{"value":0},"servingsPerContainer":0,"servingSize":0},"quantity":1,"terms":{"priceEach":25.21,"taxEach":{"amount":5.29},"discountEach":{"amount":0},"pvEach":0},"quantityLimit":{"quantityQuota":-1,"timeFrameDays":-1,"quantityOrdered":0}}]},"currency":"EUR"},{"lines":{"items":[{"item":{"href":"https://hydraqa.unicity.net/v5a-test/items/10df0fc3509b53cbeaeb9476ca92d520","id":{"unicity":"29833"},"weightEach":{"value":0},"servingsPerContainer":0,"servingSize":0},"quantity":1,"terms":{"priceEach":90.56,"taxEach":{"amount":9.06},"discountEach":{"amount":0},"pvEach":69},"quantityLimit":{"quantityQuota":-1,"timeFrameDays":-1,"quantityOrdered":0}}]},"currency":"EUR"},{"lines":{"items":[{"item":{"href":"https://hydraqa.unicity.net/v5a-test/items/36c1237572a0cc563fad27fcfd6abcf1","id":{"unicity":"32967"},"weightEach":{"value":0},"servingsPerContainer":0,"servingSize":0},"quantity":1,"terms":{"priceEach":1136.56,"taxEach":{"amount":113.66},"discountEach":{"amount":0},"pvEach":800},"quantityLimit":{"quantityQuota":-1,"timeFrameDays":-1,"quantityOrdered":0}}]},"currency":"EUR"},{"lines":{"items":[{"item":{"href":"https://hydraqa.unicity.net/v5a-test/items/817e062d5600cad31f527fbfa764a0fa","id":{"unicity":"32968"},"weightEach":{"value":0},"servingsPerContainer":0,"servingSize":0},"quantity":1,"terms":{"priceEach":2273.12,"taxEach":{"amount":227.31},"discountEach":{"amount":0},"pvEach":1600},"quantityLimit":{"quantityQuota":-1,"timeFrameDays":-1,"quantityOrdered":0}}]},"currency":"EUR"},{"lines":{"items":[{"item":{"href":"https://hydraqa.unicity.net/v5a-test/items/81b61d497458d50a6893cf18a065539c","id":{"unicity":"32965"},"weightEach":{"value":0},"servingsPerContainer":0,"servingSize":0},"quantity":1,"terms":{"priceEach":690.84,"taxEach":{"amount":69.08},"discountEach":{"amount":0},"pvEach":456},"quantityLimit":{"quantityQuota":-1,"timeFrameDays":-1,"quantityOrdered":0}}]},"currency":"EUR"},{"lines":{"items":[{"item":{"href":"https://hydraqa.unicity.net/v5a-test/items/ab1f0744e0ce56260af7928f7bf04478","id":{"unicity":"32966"},"weightEach":{"value":0},"servingsPerContainer":0,"servingSize":0},"quantity":1,"terms":{"priceEach":1381.68,"taxEach":{"amount":138.17},"discountEach":{"amount":0},"pvEach":912},"quantityLimit":{"quantityQuota":-1,"timeFrameDays":-1,"quantityOrdered":0}}]},"currency":"EUR"},{"lines":{"items":[{"item":{"href":"https://hydraqa.unicity.net/v5a-test/items/b90fda77fbdf07131e0e60b87941cf76","id":{"unicity":"32755"},"weightEach":{"value":0},"servingsPerContainer":0,"servingSize":0},"quantity":1,"terms":{"priceEach":758.54,"taxEach":{"amount":75.85},"discountEach":{"amount":0},"pvEach":503},"quantityLimit":{"quantityQuota":-1,"timeFrameDays":-1,"quantityOrdered":0}}]},"currency":"EUR"},{"lines":{"items":[{"item":{"href":"https://hydraqa.unicity.net/v5a-test/items/3ab3ce55100f6593f04ec4a0d328a0b5","id":{"unicity":"32756"},"weightEach":{"value":0},"servingsPerContainer":0,"servingSize":0},"quantity":1,"terms":{"priceEach":1517.09,"taxEach":{"amount":151.71},"discountEach":{"amount":0},"pvEach":1006},"quantityLimit":{"quantityQuota":-1,"timeFrameDays":-1,"quantityOrdered":0}}]},"currency":"EUR"},{"lines":{"items":[{"item":{"href":"https://hydraqa.unicity.net/v5a-test/items/2faa0a2bcdeed39b7569e085fe880a23","id":{"unicity":"33097"},"weightEach":{"value":0},"servingsPerContainer":0,"servingSize":0},"quantity":1,"terms":{"priceEach":703.21,"taxEach":{"amount":70.32},"discountEach":{"amount":0},"pvEach":500},"quantityLimit":{"quantityQuota":-1,"timeFrameDays":-1,"quantityOrdered":0}}]},"currency":"EUR"},{"lines":{"items":[{"item":{"href":"https://hydraqa.unicity.net/v5a-test/items/3196d0b751f9119076e364a1cb03fa18","id":{"unicity":"33095"},"weightEach":{"value":0},"servingsPerContainer":0,"servingSize":0},"quantity":1,"terms":{"priceEach":740.99,"taxEach":{"amount":74.1},"discountEach":{"amount":0},"pvEach":514},"quantityLimit":{"quantityQuota":-1,"timeFrameDays":-1,"quantityOrdered":0}}]},"currency":"EUR"},{"lines":{"items":[{"item":{"href":"https://hydraqa.unicity.net/v5a-test/items/9c43de3dc98337bf964013caa56e3e98","id":{"unicity":"33098"},"weightEach":{"value":0},"servingsPerContainer":0,"servingSize":0},"quantity":1,"terms":{"priceEach":1406.42,"taxEach":{"amount":140.64},"discountEach":{"amount":0},"pvEach":1000},"quantityLimit":{"quantityQuota":-1,"timeFrameDays":-1,"quantityOrdered":0}}]},"currency":"EUR"},{"lines":{"items":[{"item":{"href":"https://hydraqa.unicity.net/v5a-test/items/bdcb8e96238e2243278e5627f9a5f893","id":{"unicity":"33096"},"weightEach":{"value":0},"servingsPerContainer":0,"servingSize":0},"quantity":1,"terms":{"priceEach":1481.98,"taxEach":{"amount":148.2},"discountEach":{"amount":0},"pvEach":1028},"quantityLimit":{"quantityQuota":-1,"timeFrameDays":-1,"quantityOrdered":0}}]},"currency":"EUR"},{"lines":{"items":[{"item":{"href":"https://hydraqa.unicity.net/v5a-test/items/332daeac6796ed016ea8b7d0bc42c2d4","id":{"unicity":"24274"},"weightEach":{"value":0},"servingsPerContainer":0,"servingSize":0},"quantity":1,"terms":{"priceEach":7.48,"taxEach":{"amount":1.57},"discountEach":{"amount":0},"pvEach":0},"quantityLimit":{"quantityQuota":-1,"timeFrameDays":-1,"quantityOrdered":0}}]},"currency":"EUR"},{"lines":{"items":[{"item":{"href":"https://hydraqa.unicity.net/v5a-test/items/1945faa1776541d53120ecfe3c1d8a2b","id":{"unicity":"24418"},"weightEach":{"value":0},"servingsPerContainer":0,"servingSize":0},"quantity":1,"terms":{"priceEach":4.96,"taxEach":{"amount":1.04},"discountEach":{"amount":0},"pvEach":0},"quantityLimit":{"quantityQuota":-1,"timeFrameDays":-1,"quantityOrdered":0}}]},"currency":"EUR"},{"lines":{"items":[{"item":{"href":"https://hydraqa.unicity.net/v5a-test/items/5147f8cfe32548e02fc158d4da9c4d6f","id":{"unicity":"27150"},"weightEach":{"value":0},"servingsPerContainer":0,"servingSize":0},"quantity":1,"terms":{"priceEach":93.36,"taxEach":{"amount":9.34},"discountEach":{"amount":0},"pvEach":70},"quantityLimit":{"quantityQuota":-1,"timeFrameDays":-1,"quantityOrdered":0}}]},"currency":"EUR"},{"lines":{"items":[{"item":{"href":"https://hydraqa.unicity.net/v5a-test/items/03eba2365025ccd85818846a83a16f47","id":{"unicity":"27163"},"weightEach":{"value":258},"servingsPerContainer":30,"servingSize":0},"quantity":1,"terms":{"priceEach":74.67,"taxEach":{"amount":7.47},"discountEach":{"amount":0},"pvEach":54},"quantityLimit":{"quantityQuota":-1,"timeFrameDays":-1,"quantityOrdered":0}}]},"currency":"EUR"},{"lines":{"items":[{"item":{"href":"https://hydraqa.unicity.net/v5a-test/items/7d4ad2792f7056e5f81eb24f118ef737","id":{"unicity":"27575"},"weightEach":{"value":1104},"servingsPerContainer":30,"servingSize":0},"quantity":1,"terms":{"priceEach":55.98,"taxEach":{"amount":5.6},"discountEach":{"amount":0},"pvEach":34},"quantityLimit":{"quantityQuota":-1,"timeFrameDays":-1,"quantityOrdered":0}}]},"currency":"EUR"},{"lines":{"items":[{"item":{"href":"https://hydraqa.unicity.net/v5a-test/items/398d06b858b960f6f38086d40608aef2","id":{"unicity":"26560"},"weightEach":{"value":60},"servingsPerContainer":30,"servingSize":0},"quantity":1,"terms":{"priceEach":20.47,"taxEach":{"amount":2.05},"discountEach":{"amount":0},"pvEach":13},"quantityLimit":{"quantityQuota":-1,"timeFrameDays":-1,"quantityOrdered":0}}]},"currency":"EUR"},{"lines":{"items":[{"item":{"href":"https://hydraqa.unicity.net/v5a-test/items/606f7be753c74dfbfe4b107276775140","id":{"unicity":"29821"},"weightEach":{"value":133.5},"servingsPerContainer":30,"servingSize":0},"quantity":1,"terms":{"priceEach":79.35,"taxEach":{"amount":7.94},"discountEach":{"amount":0},"pvEach":59},"quantityLimit":{"quantityQuota":-1,"timeFrameDays":-1,"quantityOrdered":0}}]},"currency":"EUR"},{"lines":{"items":[{"item":{"href":"https://hydraqa.unicity.net/v5a-test/items/94939f9be900906d2b47260ccba22a7b","id":{"unicity":"32012"},"weightEach":{"value":420},"servingsPerContainer":20,"servingSize":0},"quantity":1,"terms":{"priceEach":13.93,"taxEach":{"amount":1.39},"discountEach":{"amount":0},"pvEach":6},"quantityLimit":{"quantityQuota":-1,"timeFrameDays":-1,"quantityOrdered":0}}]},"currency":"EUR"},{"lines":{"items":[{"item":{"href":"https://hydraqa.unicity.net/v5a-test/items/2c4c1abe00983e85aaa918d2ce341491","id":{"unicity":"17174"},"weightEach":{"value":49.72},"servingsPerContainer":100,"servingSize":0},"quantity":1,"terms":{"priceEach":37.29,"taxEach":{"amount":3.73},"discountEach":{"amount":0},"pvEach":23},"quantityLimit":{"quantityQuota":-1,"timeFrameDays":-1,"quantityOrdered":0}}]},"currency":"EUR"},{"lines":{"items":[{"item":{"href":"https://hydraqa.unicity.net/v5a-test/items/991cdbb84a495779eb209fb3956a77e4","id":{"unicity":"29183"},"weightEach":{"value":50},"servingsPerContainer":0,"servingSize":0},"quantity":1,"terms":{"priceEach":31.01,"taxEach":{"amount":6.51},"discountEach":{"amount":0},"pvEach":18},"quantityLimit":{"quantityQuota":-1,"timeFrameDays":-1,"quantityOrdered":0}}]},"currency":"EUR"},{"lines":{"items":[{"item":{"href":"https://hydraqa.unicity.net/v5a-test/items/0e78fbdfebef11cd62f8d2120064ee58","id":{"unicity":"30280"},"weightEach":{"value":30},"servingsPerContainer":0,"servingSize":0},"quantity":1,"terms":{"priceEach":33.53,"taxEach":{"amount":7.04},"discountEach":{"amount":0},"pvEach":20},"quantityLimit":{"quantityQuota":-1,"timeFrameDays":-1,"quantityOrdered":0}}]},"currency":"EUR"},{"lines":{"items":[{"item":{"href":"https://hydraqa.unicity.net/v5a-test/items/beb900429fbb160dbfc3001c14d96df4","id":{"unicity":"29187"},"weightEach":{"value":30},"servingsPerContainer":0,"servingSize":0},"quantity":1,"terms":{"priceEach":37.73,"taxEach":{"amount":7.92},"discountEach":{"amount":0},"pvEach":24},"quantityLimit":{"quantityQuota":-1,"timeFrameDays":-1,"quantityOrdered":0}}]},"currency":"EUR"},{"lines":{"items":[{"item":{"href":"https://hydraqa.unicity.net/v5a-test/items/1b0412bea8c0b841c66f65a36aa14108","id":{"unicity":"29191"},"weightEach":{"value":30},"servingsPerContainer":0,"servingSize":0},"quantity":1,"terms":{"priceEach":37.73,"taxEach":{"amount":7.92},"discountEach":{"amount":0},"pvEach":24},"quantityLimit":{"quantityQuota":-1,"timeFrameDays":-1,"quantityOrdered":0}}]},"currency":"EUR"},{"lines":{"items":[{"item":{"href":"https://hydraqa.unicity.net/v5a-test/items/52c87f74d3b41ed49b0f897b66c2a99b","id":{"unicity":"30684"},"weightEach":{"value":450},"servingsPerContainer":30,"servingSize":0},"quantity":1,"terms":{"priceEach":37.29,"taxEach":{"amount":3.73},"discountEach":{"amount":0},"pvEach":23},"quantityLimit":{"quantityQuota":-1,"timeFrameDays":-1,"quantityOrdered":0}}]},"currency":"EUR"},{"lines":{"items":[{"item":{"href":"https://hydraqa.unicity.net/v5a-test/items/90f38f77c9e6ea5a71aa7377df83760b","id":{"unicity":"30198"},"weightEach":{"value":0},"servingsPerContainer":0,"servingSize":0},"quantity":1,"terms":{"priceEach":19,"taxEach":{"amount":1.9},"discountEach":{"amount":0},"pvEach":16},"quantityLimit":{"quantityQuota":-1,"timeFrameDays":-1,"quantityOrdered":0}}]},"currency":"EUR"},{"lines":{"items":[{"item":{"href":"https://hydraqa.unicity.net/v5a-test/items/7e5e7df32701fd44947c8146f2129f7a","id":{"unicity":"31672"},"weightEach":{"value":270},"servingsPerContainer":15,"servingSize":0},"quantity":1,"terms":{"priceEach":74.67,"taxEach":{"amount":7.47},"discountEach":{"amount":0},"pvEach":54},"quantityLimit":{"quantityQuota":-1,"timeFrameDays":-1,"quantityOrdered":0}}]},"currency":"EUR"},{"lines":{"items":[{"item":{"href":"https://hydraqa.unicity.net/v5a-test/items/493c2ba720f847422eccc5da35024f33","id":{"unicity":"31534"},"weightEach":{"value":95},"servingsPerContainer":60,"servingSize":0},"quantity":1,"terms":{"priceEach":26.07,"taxEach":{"amount":2.61},"discountEach":{"amount":0},"pvEach":16},"quantityLimit":{"quantityQuota":-1,"timeFrameDays":-1,"quantityOrdered":0}}]},"currency":"EUR"},{"lines":{"items":[{"item":{"href":"https://hydraqa.unicity.net/v5a-test/items/bfddb53fe0d5ed5432c531dc9850cbe4","id":{"unicity":"29449"},"weightEach":{"value":60},"servingsPerContainer":30,"servingSize":0},"quantity":1,"terms":{"priceEach":26.07,"taxEach":{"amount":2.61},"discountEach":{"amount":0},"pvEach":16},"quantityLimit":{"quantityQuota":-1,"timeFrameDays":-1,"quantityOrdered":0}}]},"currency":"EUR"},{"lines":{"items":[{"item":{"href":"https://hydraqa.unicity.net/v5a-test/items/217ca02fbd24e21ca5281412756238ab","id":{"unicity":"32126"},"weightEach":{"value":0},"servingsPerContainer":0,"servingSize":0},"quantity":1,"terms":{"priceEach":152.24,"taxEach":{"amount":16.14},"discountEach":{"amount":0},"pvEach":101},"quantityLimit":{"quantityQuota":-1,"timeFrameDays":-1,"quantityOrdered":0}}]},"currency":"EUR"},{"lines":{"items":[{"item":{"href":"https://hydraqa.unicity.net/v5a-test/items/808008a0657d2033ad471c39bbce9891","id":{"unicity":"32127"},"weightEach":{"value":0},"servingsPerContainer":0,"servingSize":0},"quantity":1,"terms":{"priceEach":162.34,"taxEach":{"amount":17.15},"discountEach":{"amount":0},"pvEach":113},"quantityLimit":{"quantityQuota":-1,"timeFrameDays":-1,"quantityOrdered":0}}]},"currency":"EUR"},{"lines":{"items":[{"item":{"href":"https://hydraqa.unicity.net/v5a-test/items/fbb6dbd577adb73abaec364076fb288f","id":{"unicity":"32087"},"weightEach":{"value":600},"servingsPerContainer":10,"servingSize":0},"quantity":1,"terms":{"priceEach":20.47,"taxEach":{"amount":2.05},"discountEach":{"amount":0},"pvEach":9},"quantityLimit":{"quantityQuota":-1,"timeFrameDays":-1,"quantityOrdered":0}}]},"currency":"EUR"},{"lines":{"items":[{"item":{"href":"https://hydraqa.unicity.net/v5a-test/items/1f59b10f0bef99fa20e4b9b0b4efea88","id":{"unicity":"32333"},"weightEach":{"value":0},"servingsPerContainer":0,"servingSize":0},"quantity":1,"terms":{"priceEach":9.16,"taxEach":{"amount":1.92},"discountEach":{"amount":0},"pvEach":0},"quantityLimit":{"quantityQuota":-1,"timeFrameDays":-1,"quantityOrdered":0}}]},"currency":"EUR"},{"lines":{"items":[{"item":{"href":"https://hydraqa.unicity.net/v5a-test/items/592aef9ec417f4553dc0b62a91a1f5e0","id":{"unicity":"32330"},"weightEach":{"value":0},"servingsPerContainer":0,"servingSize":0},"quantity":1,"terms":{"priceEach":93.36,"taxEach":{"amount":9.34},"discountEach":{"amount":0},"pvEach":55},"quantityLimit":{"quantityQuota":-1,"timeFrameDays":-1,"quantityOrdered":0}}]},"currency":"EUR"},{"lines":{"items":[{"item":{"href":"https://hydraqa.unicity.net/v5a-test/items/87dd58dff9eb54a10b652443e7279a1e","id":{"unicity":"32693"},"weightEach":{"value":0},"servingsPerContainer":0,"servingSize":0},"quantity":1,"terms":{"priceEach":79.35,"taxEach":{"amount":7.94},"discountEach":{"amount":0},"pvEach":59},"quantityLimit":{"quantityQuota":-1,"timeFrameDays":-1,"quantityOrdered":0}}]},"currency":"EUR"},{"lines":{"items":[{"item":{"href":"https://hydraqa.unicity.net/v5a-test/items/1bd53de7fe880ba71f46c9976ca2c137","id":{"unicity":"27739"},"weightEach":{"value":0},"servingsPerContainer":0,"servingSize":0},"quantity":1,"terms":{"priceEach":37.29,"taxEach":{"amount":3.73},"discountEach":{"amount":0},"pvEach":23},"quantityLimit":{"quantityQuota":-1,"timeFrameDays":-1,"quantityOrdered":0}}]},"currency":"EUR"}]}
Entry request : {"order":{"customer":{"href":"https://hydraqa.unicity.net/v5a-test/customers?type=Associate"},"shipToAddress":{"country":"ES"}},"vary":{"lines":{"items":[{"item":{"href":"https://hydraqa.unicity.net/v5a-test/items?id.unicity=27700|31763|31951|31952|32128|32129|32130|32132|32133|32134|32135|32136|32137|32138|32125|32699|33092|33094|33093|18511|27156|27158|27160|27166|27617|27660|27585|27587|28601|28604|27395|15880|29017|26567|26568|24758|29838|31402|31772|31738|31777|31780|31781|31782|31779|31932|31778|32556|29317|29833|32967|32968|32965|32966|32755|32756|33097|33095|33098|33096|24274|24418|27150|27163|27575|26560|29821|32012|17174|29183|30280|29187|29191|30684|30198|31672|31534|29449|32126|32127|32087|32333|32330|32693|27739"}}]}}}
Request URL: https://hydraqa.unicity.net/v5a-test/customers.js?callback=angular.callbacks._1&expand=customer,profilePicture&id.unicity=2
]]></system-out>
    <system-err><![CDATA[Starting ChromeDriver 2.36.540470 (e522d04694c7ebea4ba8821272dbef4f9b818c91) on port 20351
Only local connections are allowed.
Oct 18, 2020 12:26:57 PM org.openqa.selenium.remote.ProtocolHandshake createSession
INFO: Detected dialect: OSS
]]></system-err>
  </testcase>
  <testcase name="Enroll" classname="Tests.FranchisePartner" time="0">
    <skipped/>
  </testcase>
  <testcase name="Enroll" classname="Tests.FranchisePartner" time="0">
    <skipped/>
  </testcase>
  <testcase name="Enroll" classname="Tests.FranchisePartner" time="0">
    <skipped/>
  </testcase>
  <testcase name="Enroll" classname="Tests.FranchisePartner" time="0">
    <skipped/>
  </testcase>
  <testcase name="Enroll" classname="Tests.FranchisePartner" time="0">
    <skipped/>
  </testcase>
  <testcase name="Enroll" classname="Tests.FranchisePartner" time="0">
    <skipped/>
  </testcase>
  <testcase name="PostCondition" classname="Tests.FranchisePartner" time="172.205">
    <failure type="java.lang.NullPointerException">java.lang.NullPointerException
</failure>
  </testcase>
  <testcase name="PostCondition" classname="Tests.FranchisePartner" time="0">
    <skipped/>
  </testcase>
  <testcase name="PostCondition" classname="Tests.FranchisePartner" time="0">
    <skipped/>
  </testcase>
  <testcase name="PostCondition" classname="Tests.FranchisePartner" time="0">
    <skipped/>
  </testcase>
  <testcase name="PostCondition" classname="Tests.FranchisePartner" time="0">
    <skipped/>
  </testcase>
  <testcase name="PostCondition" classname="Tests.FranchisePartner" time="0">
    <skipped/>
  </testcase>
  <testcase name="PostCondition" classname="Tests.FranchisePartner" time="0">
    <skipped/>
  </testcase>
  <testcase name="PreConditon" classname="Tests.FranchisePartner" time="0">
    <skipped/>
  </testcase>
  <testcase name="PreConditon" classname="Tests.FranchisePartner" time="0">
    <skipped/>
  </testcase>
  <testcase name="PreConditon" classname="Tests.FranchisePartner" time="0">
    <skipped/>
  </testcase>
  <testcase name="PreConditon" classname="Tests.FranchisePartner" time="0">
    <skipped/>
  </testcase>
  <testcase name="PreConditon" classname="Tests.FranchisePartner" time="0">
    <skipped/>
  </testcase>
  <testcase name="PreConditon" classname="Tests.FranchisePartner" time="0">
    <skipped/>
  </testcase>
  <testcase name="PassReferralID" classname="Tests.ReferralIDPassing" time="214.187">
    <failure message="Critical Back end error" type="java.lang.AssertionError">java.lang.AssertionError: Critical Back end error
	at Tests.ReferralIDPassing.PassReferralID(ReferralIDPassing.java:59)
</failure>
    <system-out><![CDATA[************************ sssreferalid
Request URL: https://hydraqa.unicity.net/v5a-test/quotes?&expand=item
Entry Quotes response : {"items":[{"lines":{"items":[{"item":{"href":"https://hydraqa.unicity.net/v5a-test/items/051e765a5a71835a859c2757edd359f0","id":{"unicity":"26580"}},"quantity":1,"terms":{"priceEach":195,"taxEach":{"amount":0},"discountEach":{"amount":0},"pvEach":130},"quantityLimit":{"quantityQuota":-1,"timeFrameDays":-1,"quantityOrdered":0}}]},"currency":"USD"},{"lines":{"items":[{"item":{"href":"https://hydraqa.unicity.net/v5a-test/items/3ddd31ddbe0e5807756d2488e7cc3602","id":{"unicity":"31440"}},"quantity":1,"terms":{"priceEach":40,"taxEach":{"amount":0},"discountEach":{"amount":0},"pvEach":0},"quantityLimit":{"quantityQuota":-1,"timeFrameDays":-1,"quantityOrdered":0}}]},"currency":"USD"},{"lines":{"items":[{"item":{"href":"https://hydraqa.unicity.net/v5a-test/items/90d5ee3af77bdc64ecf28a45b604bf3d","id":{"unicity":"31441"}},"quantity":1,"terms":{"priceEach":40,"taxEach":{"amount":0},"discountEach":{"amount":0},"pvEach":0},"quantityLimit":{"quantityQuota":-1,"timeFrameDays":-1,"quantityOrdered":0}}]},"currency":"USD"},{"lines":{"items":[{"item":{"href":"https://hydraqa.unicity.net/v5a-test/items/38da42f991a40a00153b2e5055b82dbf","id":{"unicity":"27801"}},"quantity":1,"terms":{"priceEach":195,"taxEach":{"amount":0},"discountEach":{"amount":0},"pvEach":130},"quantityLimit":{"quantityQuota":-1,"timeFrameDays":-1,"quantityOrdered":0}}]},"currency":"USD"},{"lines":{"items":[{"item":{"href":"https://hydraqa.unicity.net/v5a-test/items/cf8460040a1860bcabf250b6c1171675","id":{"unicity":"31858"}},"quantity":1,"terms":{"priceEach":269,"taxEach":{"amount":0},"discountEach":{"amount":0},"pvEach":195},"quantityLimit":{"quantityQuota":-1,"timeFrameDays":-1,"quantityOrdered":0}}]},"currency":"USD"},{"lines":{"items":[{"item":{"href":"https://hydraqa.unicity.net/v5a-test/items/2de8516a24af8232add0bb392e750a71","id":{"unicity":"31859"}},"quantity":1,"terms":{"priceEach":179,"taxEach":{"amount":0},"discountEach":{"amount":0},"pvEach":130},"quantityLimit":{"quantityQuota":-1,"timeFrameDays":-1,"quantityOrdered":0}}]},"currency":"USD"},{"lines":{"items":[{"item":{"href":"https://hydraqa.unicity.net/v5a-test/items/fd464cd7972cc1317e850b9196d886b8","id":{"unicity":"31863"}},"quantity":1,"terms":{"priceEach":210,"taxEach":{"amount":0},"discountEach":{"amount":0},"pvEach":148},"quantityLimit":{"quantityQuota":-1,"timeFrameDays":-1,"quantityOrdered":0}}]},"currency":"USD"},{"lines":{"items":[{"item":{"href":"https://hydraqa.unicity.net/v5a-test/items/4ab49eca1731e69206ccafb5112ad5a4","id":{"unicity":"31861"}},"quantity":1,"terms":{"priceEach":196,"taxEach":{"amount":0},"discountEach":{"amount":0},"pvEach":135},"quantityLimit":{"quantityQuota":-1,"timeFrameDays":-1,"quantityOrdered":0}}]},"currency":"USD"},{"lines":{"items":[{"item":{"href":"https://hydraqa.unicity.net/v5a-test/items/50747027a065cb8361c1f0d6eb880466","id":{"unicity":"32030"}},"quantity":1,"terms":{"priceEach":143,"taxEach":{"amount":0},"discountEach":{"amount":0},"pvEach":102},"quantityLimit":{"quantityQuota":-1,"timeFrameDays":-1,"quantityOrdered":0}}]},"currency":"USD"},{"lines":{"items":[{"item":{"href":"https://hydraqa.unicity.net/v5a-test/items/292b6aee9c1193e9488e9ae6e3a845e4","id":{"unicity":"29684"}},"quantity":1,"terms":{"priceEach":242,"taxEach":{"amount":0},"discountEach":{"amount":0},"pvEach":144},"quantityLimit":{"quantityQuota":-1,"timeFrameDays":-1,"quantityOrdered":0}}]},"currency":"USD"},{"lines":{"items":[{"item":{"href":"https://hydraqa.unicity.net/v5a-test/items/00c2eb70c985722ce208490aece00945","id":{"unicity":"31729"}},"quantity":1,"terms":{"priceEach":143,"taxEach":{"amount":0},"discountEach":{"amount":0},"pvEach":100},"quantityLimit":{"quantityQuota":-1,"timeFrameDays":-1,"quantityOrdered":0}}]},"currency":"USD"},{"lines":{"items":[{"item":{"href":"https://hydraqa.unicity.net/v5a-test/items/693a7c4a70b06a00471afe8d6cae5023","id":{"unicity":"31730"}},"quantity":1,"terms":{"priceEach":120,"taxEach":{"amount":0},"discountEach":{"amount":0},"pvEach":80},"quantityLimit":{"quantityQuota":-1,"timeFrameDays":-1,"quantityOrdered":0}}]},"currency":"USD"},{"lines":{"items":[{"item":{"href":"https://hydraqa.unicity.net/v5a-test/items/ccb242d74dcb1fe621cc7bfe1b1de315","id":{"unicity":"31731"}},"quantity":1,"terms":{"priceEach":89,"taxEach":{"amount":0},"discountEach":{"amount":0},"pvEach":60},"quantityLimit":{"quantityQuota":-1,"timeFrameDays":-1,"quantityOrdered":0}}]},"currency":"USD"},{"lines":{"items":[{"item":{"href":"https://hydraqa.unicity.net/v5a-test/items/9ff4257741d464b686d15be955b8afb6","id":{"unicity":"0963"}},"quantity":1,"terms":{"priceEach":42,"taxEach":{"amount":0},"discountEach":{"amount":0},"pvEach":25},"quantityLimit":{"quantityQuota":-1,"timeFrameDays":-1,"quantityOrdered":0}}]},"currency":"USD"},{"lines":{"items":[{"item":{"href":"https://hydraqa.unicity.net/v5a-test/items/716b7a0bca7fa73e42e000d668e7ee65","id":{"unicity":"15129"}},"quantity":1,"terms":{"priceEach":22,"taxEach":{"amount":0},"discountEach":{"amount":0},"pvEach":10},"quantityLimit":{"quantityQuota":-1,"timeFrameDays":-1,"quantityOrdered":0}}]},"currency":"USD"},{"lines":{"items":[{"item":{"href":"https://hydraqa.unicity.net/v5a-test/items/390a7ae70d5669561ecdf7d5cff2671b","id":{"unicity":"15271"}},"quantity":1,"terms":{"priceEach":69,"taxEach":{"amount":0},"discountEach":{"amount":0},"pvEach":27},"quantityLimit":{"quantityQuota":-1,"timeFrameDays":-1,"quantityOrdered":0}}]},"currency":"USD"},{"lines":{"items":[{"item":{"href":"https://hydraqa.unicity.net/v5a-test/items/4b2034f47fce90b87bba28c5c2d7c25d","id":{"unicity":"15880"}},"quantity":1,"terms":{"priceEach":59,"taxEach":{"amount":0},"discountEach":{"amount":0},"pvEach":41},"quantityLimit":{"quantityQuota":-1,"timeFrameDays":-1,"quantityOrdered":0}}]},"currency":"USD"},{"lines":{"items":[{"item":{"href":"https://hydraqa.unicity.net/v5a-test/items/2c4c1abe00983e85aaa918d2ce341491","id":{"unicity":"17174"}},"quantity":1,"terms":{"priceEach":17,"taxEach":{"amount":0},"discountEach":{"amount":0},"pvEach":10},"quantityLimit":{"quantityQuota":-1,"timeFrameDays":-1,"quantityOrdered":0}}]},"currency":"USD"},{"lines":{"items":[{"item":{"href":"https://hydraqa.unicity.net/v5a-test/items/cea826eab72d44641c070aab6c97c1ac","id":{"unicity":"22747"}},"quantity":1,"terms":{"priceEach":27,"taxEach":{"amount":0},"discountEach":{"amount":0},"pvEach":16},"quantityLimit":{"quantityQuota":-1,"timeFrameDays":-1,"quantityOrdered":0}}]},"currency":"USD"},{"lines":{"items":[{"item":{"href":"https://hydraqa.unicity.net/v5a-test/items/5c2f1613082782e691d32fe9ce034026","id":{"unicity":"23728"}},"quantity":1,"terms":{"priceEach":26,"taxEach":{"amount":0},"discountEach":{"amount":0},"pvEach":13},"quantityLimit":{"quantityQuota":-1,"timeFrameDays":-1,"quantityOrdered":0}}]},"currency":"USD"},{"lines":{"items":[{"item":{"href":"https://hydraqa.unicity.net/v5a-test/items/64ec7ad932acafab052a4e8800ad1238","id":{"unicity":"24758"}},"quantity":1,"terms":{"priceEach":31,"taxEach":{"amount":0},"discountEach":{"amount":0},"pvEach":21},"quantityLimit":{"quantityQuota":-1,"timeFrameDays":-1,"quantityOrdered":0}}]},"currency":"USD"},{"lines":{"items":[{"item":{"href":"https://hydraqa.unicity.net/v5a-test/items/9a7715e888c94989d898fe4653645721","id":{"unicity":"26550"}},"quantity":1,"terms":{"priceEach":80,"taxEach":{"amount":0},"discountEach":{"amount":0},"pvEach":52},"quantityLimit":{"quantityQuota":-1,"timeFrameDays":-1,"quantityOrdered":0}}]},"currency":"USD"},{"lines":{"items":[{"item":{"href":"https://hydraqa.unicity.net/v5a-test/items/3af97c67f653253825a9189a27da57d6","id":{"unicity":"26556"}},"quantity":1,"terms":{"priceEach":79,"taxEach":{"amount":0},"discountEach":{"amount":0},"pvEach":61},"quantityLimit":{"quantityQuota":-1,"timeFrameDays":-1,"quantityOrdered":0}}]},"currency":"USD"},{"lines":{"items":[{"item":{"href":"https://hydraqa.unicity.net/v5a-test/items/0cf62d38e91953b43dcfe88b06f813cb","id":{"unicity":"26557"}},"quantity":1,"terms":{"priceEach":79,"taxEach":{"amount":0},"discountEach":{"amount":0},"pvEach":61},"quantityLimit":{"quantityQuota":-1,"timeFrameDays":-1,"quantityOrdered":0}}]},"currency":"USD"},{"lines":{"items":[{"item":{"href":"https://hydraqa.unicity.net/v5a-test/items/398d06b858b960f6f38086d40608aef2","id":{"unicity":"26560"}},"quantity":1,"terms":{"priceEach":16,"taxEach":{"amount":0},"discountEach":{"amount":0},"pvEach":12},"quantityLimit":{"quantityQuota":-1,"timeFrameDays":-1,"quantityOrdered":0}}]},"currency":"USD"},{"lines":{"items":[{"item":{"href":"https://hydraqa.unicity.net/v5a-test/items/cda534d686af5d627c94c4bb2c4b57d8","id":{"unicity":"26561"}},"quantity":1,"terms":{"priceEach":16,"taxEach":{"amount":0},"discountEach":{"amount":0},"pvEach":11},"quantityLimit":{"quantityQuota":-1,"timeFrameDays":-1,"quantityOrdered":0}}]},"currency":"USD"},{"lines":{"items":[{"item":{"href":"https://hydraqa.unicity.net/v5a-test/items/0a3ede185ddf034630afd891c5106d33","id":{"unicity":"26562"}},"quantity":1,"terms":{"priceEach":33,"taxEach":{"amount":0},"discountEach":{"amount":0},"pvEach":25},"quantityLimit":{"quantityQuota":-1,"timeFrameDays":-1,"quantityOrdered":0}}]},"currency":"USD"},{"lines":{"items":[{"item":{"href":"https://hydraqa.unicity.net/v5a-test/items/16ca68abaaa92505c257be022a154769","id":{"unicity":"27615"}},"quantity":1,"terms":{"priceEach":29,"taxEach":{"amount":0},"discountEach":{"amount":0},"pvEach":21},"quantityLimit":{"quantityQuota":-1,"timeFrameDays":-1,"quantityOrdered":0}}]},"currency":"USD"},{"lines":{"items":[{"item":{"href":"https://hydraqa.unicity.net/v5a-test/items/1bd53de7fe880ba71f46c9976ca2c137","id":{"unicity":"27739"}},"quantity":1,"terms":{"priceEach":33,"taxEach":{"amount":0},"discountEach":{"amount":0},"pvEach":13},"quantityLimit":{"quantityQuota":-1,"timeFrameDays":-1,"quantityOrdered":0}}]},"currency":"USD"},{"lines":{"items":[{"item":{"href":"https://hydraqa.unicity.net/v5a-test/items/1945faa1776541d53120ecfe3c1d8a2b","id":{"unicity":"24418"}},"quantity":1,"terms":{"priceEach":5,"taxEach":{"amount":0},"discountEach":{"amount":0},"pvEach":0},"quantityLimit":{"quantityQuota":-1,"timeFrameDays":-1,"quantityOrdered":0}}]},"currency":"USD"},{"lines":{"items":[{"item":{"href":"https://hydraqa.unicity.net/v5a-test/items/9a6e1d094182389c3da8e0a320ff0e00","id":{"unicity":"27585"}},"quantity":1,"terms":{"priceEach":56,"taxEach":{"amount":0},"discountEach":{"amount":0},"pvEach":33},"quantityLimit":{"quantityQuota":-1,"timeFrameDays":-1,"quantityOrdered":0}}]},"currency":"USD"},{"lines":{"items":[{"item":{"href":"https://hydraqa.unicity.net/v5a-test/items/b127a2d34d3d73e2f53e4c2002a7a4a2","id":{"unicity":"25008"}},"quantity":1,"terms":{"priceEach":19,"taxEach":{"amount":0},"discountEach":{"amount":0},"pvEach":15},"quantityLimit":{"quantityQuota":-1,"timeFrameDays":-1,"quantityOrdered":0}}]},"currency":"USD"},{"lines":{"items":[{"item":{"href":"https://hydraqa.unicity.net/v5a-test/items/10da226fab00279b4f89df10af2a10b7","id":{"unicity":"26442"}},"quantity":1,"terms":{"priceEach":6,"taxEach":{"amount":0},"discountEach":{"amount":0},"pvEach":0},"quantityLimit":{"quantityQuota":-1,"timeFrameDays":-1,"quantityOrdered":0}}]},"currency":"USD"},{"lines":{"items":[{"item":{"href":"https://hydraqa.unicity.net/v5a-test/items/933f0856fd8ec1df83c5283dabf4ec3c","id":{"unicity":"6200"}},"quantity":1,"terms":{"priceEach":68,"taxEach":{"amount":0},"discountEach":{"amount":0},"pvEach":47},"quantityLimit":{"quantityQuota":-1,"timeFrameDays":-1,"quantityOrdered":0}}]},"currency":"USD"},{"lines":{"items":[{"item":{"href":"https://hydraqa.unicity.net/v5a-test/items/8d994059c399f5551ab112574e4476fc","id":{"unicity":"24785"}},"quantity":1,"terms":{"priceEach":14,"taxEach":{"amount":0},"discountEach":{"amount":0},"pvEach":9},"quantityLimit":{"quantityQuota":-1,"timeFrameDays":-1,"quantityOrdered":0}}]},"currency":"USD"},{"lines":{"items":[{"item":{"href":"https://hydraqa.unicity.net/v5a-test/items/aa0d72ac13b1ce88cf8c4a52ede75a37","id":{"unicity":"26552"}},"quantity":1,"terms":{"priceEach":70,"taxEach":{"amount":0},"discountEach":{"amount":0},"pvEach":50},"quantityLimit":{"quantityQuota":-1,"timeFrameDays":-1,"quantityOrdered":0}}]},"currency":"USD"},{"lines":{"items":[{"item":{"href":"https://hydraqa.unicity.net/v5a-test/items/8b5ed9aa6c6132e1be5e446f69a3465e","id":{"unicity":"0954"}},"quantity":1,"terms":{"priceEach":21,"taxEach":{"amount":0},"discountEach":{"amount":0},"pvEach":15},"quantityLimit":{"quantityQuota":-1,"timeFrameDays":-1,"quantityOrdered":0}}]},"currency":"USD"},{"lines":{"items":[{"item":{"href":"https://hydraqa.unicity.net/v5a-test/items/b2fc4b9ba4aa5cae54389161be2f841f","id":{"unicity":"18401"}},"quantity":1,"terms":{"priceEach":31,"taxEach":{"amount":0},"discountEach":{"amount":0},"pvEach":19},"quantityLimit":{"quantityQuota":-1,"timeFrameDays":-1,"quantityOrdered":0}}]},"currency":"USD"},{"lines":{"items":[{"item":{"href":"https://hydraqa.unicity.net/v5a-test/items/48433ffc76597c823adc2b8627e033e4","id":{"unicity":"26559"}},"quantity":1,"terms":{"priceEach":30,"taxEach":{"amount":0},"discountEach":{"amount":0},"pvEach":20},"quantityLimit":{"quantityQuota":-1,"timeFrameDays":-1,"quantityOrdered":0}}]},"currency":"USD"},{"lines":{"items":[{"item":{"href":"https://hydraqa.unicity.net/v5a-test/items/5a38f009bec6c23b1b3a70432f9722e5","id":{"unicity":"19596"}},"quantity":1,"terms":{"priceEach":49,"taxEach":{"amount":0},"discountEach":{"amount":0},"pvEach":30},"quantityLimit":{"quantityQuota":-1,"timeFrameDays":-1,"quantityOrdered":0}}]},"currency":"USD"},{"lines":{"items":[{"item":{"href":"https://hydraqa.unicity.net/v5a-test/items/9ce45d695c87f93b29794041362b5192","id":{"unicity":"26945"}},"quantity":1,"terms":{"priceEach":35,"taxEach":{"amount":0},"discountEach":{"amount":0},"pvEach":0},"quantityLimit":{"quantityQuota":-1,"timeFrameDays":-1,"quantityOrdered":0}}]},"currency":"USD"},{"lines":{"items":[{"item":{"href":"https://hydraqa.unicity.net/v5a-test/items/ddef5f478ff91aa2263b646a3bd03dea","id":{"unicity":"21420"}},"quantity":1,"terms":{"priceEach":24,"taxEach":{"amount":0},"discountEach":{"amount":0},"pvEach":10},"quantityLimit":{"quantityQuota":-1,"timeFrameDays":-1,"quantityOrdered":0}}]},"currency":"USD"},{"lines":{"items":[{"item":{"href":"https://hydraqa.unicity.net/v5a-test/items/55d3b550a17b78175cc5ac565e4266e8","id":{"unicity":"24621"}},"quantity":1,"terms":{"priceEach":20,"taxEach":{"amount":0},"discountEach":{"amount":0},"pvEach":12},"quantityLimit":{"quantityQuota":-1,"timeFrameDays":-1,"quantityOrdered":0}}]},"currency":"USD"},{"lines":{"items":[{"item":{"href":"https://hydraqa.unicity.net/v5a-test/items/9d9d002b0e21b9bd58ad0154a4f781c5","id":{"unicity":"28836"}},"quantity":1,"terms":{"priceEach":58,"taxEach":{"amount":0},"discountEach":{"amount":0},"pvEach":36},"quantityLimit":{"quantityQuota":-1,"timeFrameDays":-1,"quantityOrdered":0}}]},"currency":"USD"},{"lines":{"items":[{"item":{"href":"https://hydraqa.unicity.net/v5a-test/items/399be8efa903b362515c48315ab2afb9","id":{"unicity":"15712"}},"quantity":1,"terms":{"priceEach":24,"taxEach":{"amount":0},"discountEach":{"amount":0},"pvEach":11},"quantityLimit":{"quantityQuota":-1,"timeFrameDays":-1,"quantityOrdered":0}}]},"currency":"USD"},{"lines":{"items":[{"item":{"href":"https://hydraqa.unicity.net/v5a-test/items/d489ec0d50f6e28d5743afc65439631b","id":{"unicity":"0960"}},"quantity":1,"terms":{"priceEach":37,"taxEach":{"amount":0},"discountEach":{"amount":0},"pvEach":23},"quantityLimit":{"quantityQuota":-1,"timeFrameDays":-1,"quantityOrdered":0}}]},"currency":"USD"},{"lines":{"items":[{"item":{"href":"https://hydraqa.unicity.net/v5a-test/items/66839181d7531692a8d886a9da6fb4d6","id":{"unicity":"25369"}},"quantity":1,"terms":{"priceEach":48,"taxEach":{"amount":0},"discountEach":{"amount":0},"pvEach":25},"quantityLimit":{"quantityQuota":-1,"timeFrameDays":-1,"quantityOrdered":0}}]},"currency":"USD"},{"lines":{"items":[{"item":{"href":"https://hydraqa.unicity.net/v5a-test/items/8ed7a8910d5c5335774fa9cfae0e511d","id":{"unicity":"18386"}},"quantity":1,"terms":{"priceEach":27,"taxEach":{"amount":0},"discountEach":{"amount":0},"pvEach":21},"quantityLimit":{"quantityQuota":-1,"timeFrameDays":-1,"quantityOrdered":0}}]},"currency":"USD"},{"lines":{"items":[{"item":{"href":"https://hydraqa.unicity.net/v5a-test/items/3f2d12d7a0e8551fc99fad3bbe1ba633","id":{"unicity":"26567"}},"quantity":1,"terms":{"priceEach":56,"taxEach":{"amount":0},"discountEach":{"amount":0},"pvEach":35},"quantityLimit":{"quantityQuota":-1,"timeFrameDays":-1,"quantityOrdered":0}}]},"currency":"USD"},{"lines":{"items":[{"item":{"href":"https://hydraqa.unicity.net/v5a-test/items/191637167cb3144bd2e8c4615e9ab67e","id":{"unicity":"26568"}},"quantity":1,"terms":{"priceEach":56,"taxEach":{"amount":0},"discountEach":{"amount":0},"pvEach":35},"quantityLimit":{"quantityQuota":-1,"timeFrameDays":-1,"quantityOrdered":0}}]},"currency":"USD"},{"lines":{"items":[{"item":{"href":"https://hydraqa.unicity.net/v5a-test/items/2cefc6a61faaae3455a5adcb0d8fc74f","id":{"unicity":"15907"}},"quantity":1,"terms":{"priceEach":15,"taxEach":{"amount":0},"discountEach":{"amount":0},"pvEach":5},"quantityLimit":{"quantityQuota":-1,"timeFrameDays":-1,"quantityOrdered":0}}]},"currency":"USD"},{"lines":{"items":[{"item":{"href":"https://hydraqa.unicity.net/v5a-test/items/e870d73cd94149d9f6b55de9736c9daa","id":{"unicity":"3107"}},"quantity":1,"terms":{"priceEach":24,"taxEach":{"amount":0},"discountEach":{"amount":0},"pvEach":16},"quantityLimit":{"quantityQuota":-1,"timeFrameDays":-1,"quantityOrdered":0}}]},"currency":"USD"},{"lines":{"items":[{"item":{"href":"https://hydraqa.unicity.net/v5a-test/items/fa2407c91e64e66a72ab45172eb978df","id":{"unicity":"0988"}},"quantity":1,"terms":{"priceEach":36,"taxEach":{"amount":0},"discountEach":{"amount":0},"pvEach":23},"quantityLimit":{"quantityQuota":-1,"timeFrameDays":-1,"quantityOrdered":0}}]},"currency":"USD"},{"lines":{"items":[{"item":{"href":"https://hydraqa.unicity.net/v5a-test/items/40a1044968ea62276f4ba87fd2ef0d8f","id":{"unicity":"12230"}},"quantity":1,"terms":{"priceEach":45,"taxEach":{"amount":0},"discountEach":{"amount":0},"pvEach":18},"quantityLimit":{"quantityQuota":-1,"timeFrameDays":-1,"quantityOrdered":0}}]},"currency":"USD"},{"lines":{"items":[{"item":{"href":"https://hydraqa.unicity.net/v5a-test/items/112b8c39286598b3730f630f371a45f4","id":{"unicity":"27587"}},"quantity":1,"terms":{"priceEach":58,"taxEach":{"amount":0},"discountEach":{"amount":0},"pvEach":33},"quantityLimit":{"quantityQuota":-1,"timeFrameDays":-1,"quantityOrdered":0}}]},"currency":"USD"},{"lines":{"items":[{"item":{"href":"https://hydraqa.unicity.net/v5a-test/items/e218d1cac5f31e7ae4f5876c29c57377","id":{"unicity":"29017"}},"quantity":1,"terms":{"priceEach":38,"taxEach":{"amount":0},"discountEach":{"amount":0},"pvEach":26},"quantityLimit":{"quantityQuota":-1,"timeFrameDays":-1,"quantityOrdered":0}}]},"currency":"USD"},{"lines":{"items":[{"item":{"href":"https://hydraqa.unicity.net/v5a-test/items/25eaf64b36ce31368f17ae789fd9ac5b","id":{"unicity":"29694"}},"quantity":1,"terms":{"priceEach":56,"taxEach":{"amount":0},"discountEach":{"amount":0},"pvEach":33},"quantityLimit":{"quantityQuota":-1,"timeFrameDays":-1,"quantityOrdered":0}}]},"currency":"USD"},{"lines":{"items":[{"item":{"href":"https://hydraqa.unicity.net/v5a-test/items/634f7efb30392b2a919de1355902d975","id":{"unicity":"29408"}},"quantity":1,"terms":{"priceEach":80,"taxEach":{"amount":0},"discountEach":{"amount":0},"pvEach":52},"quantityLimit":{"quantityQuota":-1,"timeFrameDays":-1,"quantityOrdered":0}}]},"currency":"USD"},{"lines":{"items":[{"item":{"href":"https://hydraqa.unicity.net/v5a-test/items/bb5c627f16547cb4f706cef521bca356","id":{"unicity":"29437"}},"quantity":1,"terms":{"priceEach":62,"taxEach":{"amount":0},"discountEach":{"amount":0},"pvEach":36},"quantityLimit":{"quantityQuota":-1,"timeFrameDays":-1,"quantityOrdered":0}}]},"currency":"USD"},{"lines":{"items":[{"item":{"href":"https://hydraqa.unicity.net/v5a-test/items/991cdbb84a495779eb209fb3956a77e4","id":{"unicity":"29183"}},"quantity":1,"terms":{"priceEach":42,"taxEach":{"amount":0},"discountEach":{"amount":0},"pvEach":24},"quantityLimit":{"quantityQuota":-1,"timeFrameDays":-1,"quantityOrdered":0}}]},"currency":"USD"},{"lines":{"items":[{"item":{"href":"https://hydraqa.unicity.net/v5a-test/items/1b0412bea8c0b841c66f65a36aa14108","id":{"unicity":"29191"}},"quantity":1,"terms":{"priceEach":64,"taxEach":{"amount":0},"discountEach":{"amount":0},"pvEach":36},"quantityLimit":{"quantityQuota":-1,"timeFrameDays":-1,"quantityOrdered":0}}]},"currency":"USD"},{"lines":{"items":[{"item":{"href":"https://hydraqa.unicity.net/v5a-test/items/362999101a321b721c87110710ae77b0","id":{"unicity":"29352"}},"quantity":1,"terms":{"priceEach":119,"taxEach":{"amount":0},"discountEach":{"amount":0},"pvEach":80},"quantityLimit":{"quantityQuota":-1,"timeFrameDays":-1,"quantityOrdered":0}}]},"currency":"USD"},{"lines":{"items":[{"item":{"href":"https://hydraqa.unicity.net/v5a-test/items/24ff5bda40c0d0e7eaa511866d052915","id":{"unicity":"29612"}},"quantity":1,"terms":{"priceEach":49,"taxEach":{"amount":0},"discountEach":{"amount":0},"pvEach":30},"quantityLimit":{"quantityQuota":-1,"timeFrameDays":-1,"quantityOrdered":0}}]},"currency":"USD"},{"lines":{"items":[{"item":{"href":"https://hydraqa.unicity.net/v5a-test/items/e0a19d3d676bccfdba0ab3d9f2766359","id":{"unicity":"30350"}},"quantity":1,"terms":{"priceEach":50,"taxEach":{"amount":0},"discountEach":{"amount":0},"pvEach":30},"quantityLimit":{"quantityQuota":-1,"timeFrameDays":-1,"quantityOrdered":0}}]},"currency":"USD"},{"lines":{"items":[{"item":{"href":"https://hydraqa.unicity.net/v5a-test/items/024e696f8b44a1d315006e676604cd31","id":{"unicity":"27395"}},"quantity":1,"terms":{"priceEach":25,"taxEach":{"amount":0},"discountEach":{"amount":0},"pvEach":16},"quantityLimit":{"quantityQuota":-1,"timeFrameDays":-1,"quantityOrdered":0}}]},"currency":"USD"},{"lines":{"items":[{"item":{"href":"https://hydraqa.unicity.net/v5a-test/items/05ca08f3808f126c0cc42154c50fc75c","id":{"unicity":"29440"}},"quantity":1,"terms":{"priceEach":120,"taxEach":{"amount":0},"discountEach":{"amount":0},"pvEach":90},"quantityLimit":{"quantityQuota":-1,"timeFrameDays":-1,"quantityOrdered":0}}]},"currency":"USD"},{"lines":{"items":[{"item":{"href":"https://hydraqa.unicity.net/v5a-test/items/764e2db430d361da99e8f6b70c4d0244","id":{"unicity":"29830"}},"quantity":1,"terms":{"priceEach":17,"taxEach":{"amount":0},"discountEach":{"amount":0},"pvEach":7},"quantityLimit":{"quantityQuota":-1,"timeFrameDays":-1,"quantityOrdered":0}}]},"currency":"USD"},{"lines":{"items":[{"item":{"href":"https://hydraqa.unicity.net/v5a-test/items/035189015384166df518a68ede0299a9","id":{"unicity":"30408"}},"quantity":1,"terms":{"priceEach":84,"taxEach":{"amount":0},"discountEach":{"amount":0},"pvEach":50},"quantityLimit":{"quantityQuota":-1,"timeFrameDays":-1,"quantityOrdered":0}}]},"currency":"USD"},{"lines":{"items":[{"item":{"href":"https://hydraqa.unicity.net/v5a-test/items/b91affa753dd5ee8a9acef4fa7e2c9a7","id":{"unicity":"30414"}},"quantity":1,"terms":{"priceEach":94,"taxEach":{"amount":0},"discountEach":{"amount":0},"pvEach":65},"quantityLimit":{"quantityQuota":-1,"timeFrameDays":-1,"quantityOrdered":0}}]},"currency":"USD"},{"lines":{"items":[{"item":{"href":"https://hydraqa.unicity.net/v5a-test/items/2835b1a78e379486f0ffbfd5fb9f6b0a","id":{"unicity":"30400"}},"quantity":1,"terms":{"priceEach":38,"taxEach":{"amount":0},"discountEach":{"amount":0},"pvEach":28},"quantityLimit":{"quantityQuota":-1,"timeFrameDays":-1,"quantityOrdered":0}}]},"currency":"USD"},{"lines":{"items":[{"item":{"href":"https://hydraqa.unicity.net/v5a-test/items/0e78fbdfebef11cd62f8d2120064ee58","id":{"unicity":"30280"}},"quantity":1,"terms":{"priceEach":42,"taxEach":{"amount":0},"discountEach":{"amount":0},"pvEach":24},"quantityLimit":{"quantityQuota":-1,"timeFrameDays":-1,"quantityOrdered":0}}]},"currency":"USD"},{"lines":{"items":[{"item":{"href":"https://hydraqa.unicity.net/v5a-test/items/d306a0b65f27f19b4968e5c05906a9f4","id":{"unicity":"31314"}},"quantity":1,"terms":{"priceEach":388,"taxEach":{"amount":0},"discountEach":{"amount":0},"pvEach":268},"quantityLimit":{"quantityQuota":-1,"timeFrameDays":-1,"quantityOrdered":0}}]},"currency":"USD"},{"lines":{"items":[{"item":{"href":"https://hydraqa.unicity.net/v5a-test/items/5bda067b70c43971650a6ef983f612e4","id":{"unicity":"31728"}},"quantity":1,"terms":{"priceEach":126,"taxEach":{"amount":0},"discountEach":{"amount":0},"pvEach":94},"quantityLimit":{"quantityQuota":-1,"timeFrameDays":-1,"quantityOrdered":0}}]},"currency":"USD"},{"lines":{"items":[{"item":{"href":"https://hydraqa.unicity.net/v5a-test/items/3875e24e6b6ebdf36c79d205614ed51e","id":{"unicity":"31846"}},"quantity":1,"terms":{"priceEach":126,"taxEach":{"amount":0},"discountEach":{"amount":0},"pvEach":94},"quantityLimit":{"quantityQuota":-1,"timeFrameDays":-1,"quantityOrdered":0}}]},"currency":"USD"},{"lines":{"items":[{"item":{"href":"https://hydraqa.unicity.net/v5a-test/items/89b6d29a85a88d44d65bc8cca3fefc65","id":{"unicity":"31845"}},"quantity":1,"terms":{"priceEach":143,"taxEach":{"amount":0},"discountEach":{"amount":0},"pvEach":100},"quantityLimit":{"quantityQuota":-1,"timeFrameDays":-1,"quantityOrdered":0}}]},"currency":"USD"},{"lines":{"items":[{"item":{"href":"https://hydraqa.unicity.net/v5a-test/items/fbb319232b7eed110794d46a68302acb","id":{"unicity":"31847"}},"quantity":1,"terms":{"priceEach":120,"taxEach":{"amount":0},"discountEach":{"amount":0},"pvEach":80},"quantityLimit":{"quantityQuota":-1,"timeFrameDays":-1,"quantityOrdered":0}}]},"currency":"USD"},{"lines":{"items":[{"item":{"href":"https://hydraqa.unicity.net/v5a-test/items/077823d29445b9020de9931f10c63efd","id":{"unicity":"31958"}},"quantity":1,"terms":{"priceEach":129,"taxEach":{"amount":0},"discountEach":{"amount":0},"pvEach":85},"quantityLimit":{"quantityQuota":-1,"timeFrameDays":-1,"quantityOrdered":0}}]},"currency":"USD"},{"lines":{"items":[{"item":{"href":"https://hydraqa.unicity.net/v5a-test/items/bfddb53fe0d5ed5432c531dc9850cbe4","id":{"unicity":"29449"}},"quantity":1,"terms":{"priceEach":37,"taxEach":{"amount":0},"discountEach":{"amount":0},"pvEach":25},"quantityLimit":{"quantityQuota":-1,"timeFrameDays":-1,"quantityOrdered":0}}]},"currency":"USD"},{"lines":{"items":[{"item":{"href":"https://hydraqa.unicity.net/v5a-test/items/7fc100f8d20814757efe2d79e41b315c","id":{"unicity":"32021"}},"quantity":1,"terms":{"priceEach":89,"taxEach":{"amount":0},"discountEach":{"amount":0},"pvEach":60},"quantityLimit":{"quantityQuota":-1,"timeFrameDays":-1,"quantityOrdered":0}}]},"currency":"USD"},{"lines":{"items":[{"item":{"href":"https://hydraqa.unicity.net/v5a-test/items/c201dcd36f4bb7e17e7a8481ef08d6f2","id":{"unicity":"31518"}},"quantity":1,"terms":{"priceEach":29,"taxEach":{"amount":0},"discountEach":{"amount":0},"pvEach":14},"quantityLimit":{"quantityQuota":-1,"timeFrameDays":-1,"quantityOrdered":0}}]},"currency":"USD"},{"lines":{"items":[{"item":{"href":"https://hydraqa.unicity.net/v5a-test/items/bed533c634e887357ff031d8e4c776b0","id":{"unicity":"31751"}},"quantity":1,"terms":{"priceEach":99,"taxEach":{"amount":0},"discountEach":{"amount":0},"pvEach":50},"quantityLimit":{"quantityQuota":-1,"timeFrameDays":-1,"quantityOrdered":0}}]},"currency":"USD"},{"lines":{"items":[{"item":{"href":"https://hydraqa.unicity.net/v5a-test/items/69461244686345ba75765978ef53c749","id":{"unicity":"32015"}},"quantity":1,"terms":{"priceEach":8,"taxEach":{"amount":0},"discountEach":{"amount":0},"pvEach":0},"quantityLimit":{"quantityQuota":-1,"timeFrameDays":-1,"quantityOrdered":0}}]},"currency":"USD"},{"lines":{"items":[{"item":{"href":"https://hydraqa.unicity.net/v5a-test/items/c674cdded8a54983aae3c5dcb32c9e38","id":{"unicity":"32628"}},"quantity":1,"terms":{"priceEach":80,"taxEach":{"amount":0},"discountEach":{"amount":0},"pvEach":50},"quantityLimit":{"quantityQuota":-1,"timeFrameDays":-1,"quantityOrdered":0}}]},"currency":"USD"},{"lines":{"items":[{"item":{"href":"https://hydraqa.unicity.net/v5a-test/items/69d8547e9e264505ce055e09920659fd","id":{"unicity":"33019"}},"quantity":1,"terms":{"priceEach":202,"taxEach":{"amount":0},"discountEach":{"amount":0},"pvEach":151},"quantityLimit":{"quantityQuota":-1,"timeFrameDays":-1,"quantityOrdered":0}}]},"currency":"USD"},{"lines":{"items":[{"item":{"href":"https://hydraqa.unicity.net/v5a-test/items/30b5c0f54df52286b3d87a6a1dfd314a","id":{"unicity":"33018"}},"quantity":1,"terms":{"priceEach":205,"taxEach":{"amount":0},"discountEach":{"amount":0},"pvEach":133},"quantityLimit":{"quantityQuota":-1,"timeFrameDays":-1,"quantityOrdered":0}}]},"currency":"USD"},{"lines":{"items":[{"item":{"href":"https://hydraqa.unicity.net/v5a-test/items/16a422e03f6e3a79ba7bcd7fd50e31c0","id":{"unicity":"33017"}},"quantity":1,"terms":{"priceEach":150,"taxEach":{"amount":0},"discountEach":{"amount":0},"pvEach":110},"quantityLimit":{"quantityQuota":-1,"timeFrameDays":-1,"quantityOrdered":0}}]},"currency":"USD"},{"lines":{"items":[{"item":{"href":"https://hydraqa.unicity.net/v5a-test/items/30f2eb8ab275ef57ae8082b3435a3d69","id":{"unicity":"33016"}},"quantity":1,"terms":{"priceEach":199,"taxEach":{"amount":0},"discountEach":{"amount":0},"pvEach":142},"quantityLimit":{"quantityQuota":-1,"timeFrameDays":-1,"quantityOrdered":0}}]},"currency":"USD"},{"lines":{"items":[{"item":{"href":"https://hydraqa.unicity.net/v5a-test/items/e30d5100db17be47578745dce83039e6","id":{"unicity":"32838"}},"quantity":1,"terms":{"priceEach":12.95,"taxEach":{"amount":0},"discountEach":{"amount":0},"pvEach":0},"quantityLimit":{"quantityQuota":-1,"timeFrameDays":-1,"quantityOrdered":0}}]},"currency":"USD"},{"lines":{"items":[{"item":{"href":"https://hydraqa.unicity.net/v5a-test/items/fe5a19bac5623c055f1bebbc7fce8f1d","id":{"unicity":"33476"}},"quantity":1,"terms":{"priceEach":152,"taxEach":{"amount":0},"discountEach":{"amount":0},"pvEach":100},"quantityLimit":{"quantityQuota":-1,"timeFrameDays":-1,"quantityOrdered":0}}]},"currency":"USD"}]}
Entry request : {"order":{"customer":{"href":"https://hydraqa.unicity.net/v5a-test/customers?type=Associate"},"shipToAddress":{"country":"US"}},"vary":{"lines":{"items":[{"item":{"href":"https://hydraqa.unicity.net/v5a-test/items?id.unicity=26580|31440|31441|27801|31858|31859|31863|31861|32030|29684|31729|31730|31731|0963|15129|15271|15880|17174|22745|22747|23728|24758|25022|26550|26556|26557|26560|26561|26562|27615|27739|24418|27585|25008|26442|6200|15916|18908|24785|26552|27028|0954|18401|27029|26559|19596|26945|21420|24621|28836|15712|0960|25369|18386|26567|26568|15907|28513|3107|0988|12230|26950|26786|27587|29017|29694|29408|29437|29183|29191|29352|29612|30350|27395|29440|29830|30408|30414|30400|30280|31314|31728|31846|31845|31847|31958|29449|32021|31518|31751|32015|32628|33019|33018|33017|33016|32838|33476|26555"}}]}}}
Request URL: https://hydraqa.unicity.net/v5a-test/customers.js?callback=angular.callbacks._1&expand=customer,profilePicture&id.unicity=2
Request URL: https://hydraqa.unicity.net/v5a-test/customers.js?_httpMethod=HEAD&callback=angular.callbacks._3&email=ZBZNGO@gmail.com
Unicity [Date=Sun, 18 Oct 2020 18:33:02 GMT, Content-Type=text/javascript; charset=utf-8, Content-Length=339, Connection=keep-alive, Set-Cookie=__cfduid=de3aab2cb8f8a5c3965e2129be2a2558b1603045978; expires=Tue, 17-Nov-20 18:32:58 GMT; path=/; domain=.unicity.net; HttpOnly; SameSite=Lax, x-powered-by=Express, x-request-id=791f1d76-ab9a-9e9c-8f9a-2b5e6b1a5556,791f1d76-ab9a-9e9c-8f9a-2b5e6b1a5556, x-request-uuid=791f1d76-ab9a-9e9c-8f9a-2b5e6b1a5556, x-request-release=5-2020101602/master, access-control-allow-origin=http://enroll.ng.unicityqa.com, vary=Accept-Encoding, link=<http://unicity.github.io/Hydra.php/docs/v5/>; rel="help", cache-control=no-cache, must-revalidate, expires=0, content-language=en-US, x-status-code=500, content-encoding=gzip, x-envoy-upstream-service-time=3464, etag=W/"153-ZhPbmvJwQJ3TGNokwsi3r60F5YU", access-control-expose-headers=x-b3-traceid, x-request-id, x-b3-traceid=d8d327811f47e935, CF-Cache-Status=DYNAMIC, cf-request-id=05de95887700001eba272c7000000001, Expect-CT=max-age=604800, report-uri="https://report-uri.cloudflare.com/cdn-cgi/beacon/expect-ct", Server=cloudflare, CF-RAY=5e445853fcc71eba-SJC, alt-svc=h3-27=":443"; ma=86400, h3-28=":443"; ma=86400, h3-29=":443"; ma=86400]
Unicity [Date=Sun, 18 Oct 2020 18:33:06 GMT, Content-Type=text/javascript; charset=utf-8, Content-Length=341, Connection=keep-alive, Set-Cookie=__cfduid=def1d0d6c448544d24bf30ed7384cd70c1603045983; expires=Tue, 17-Nov-20 18:33:03 GMT; path=/; domain=.unicity.net; HttpOnly; SameSite=Lax, x-powered-by=Express, x-request-id=e1b5678a-7cce-9125-ae8f-2e085359d4e1,e1b5678a-7cce-9125-ae8f-2e085359d4e1, x-request-uuid=e1b5678a-7cce-9125-ae8f-2e085359d4e1, x-request-release=5-2020101602/master, access-control-allow-origin=http://enroll.ng.unicityqa.com, vary=Accept-Encoding, link=<http://unicity.github.io/Hydra.php/docs/v5/>; rel="help", cache-control=no-cache, must-revalidate, expires=0, content-language=en-US, x-status-code=500, content-encoding=gzip, x-envoy-upstream-service-time=2668, etag=W/"155-pLF3IghALaDVRqsbIIrh86jdNEs", access-control-expose-headers=x-b3-traceid, x-request-id, x-b3-traceid=e90c30bdcc1bbf17, CF-Cache-Status=DYNAMIC, cf-request-id=05de959bd40000023ff4251000000001, Expect-CT=max-age=604800, report-uri="https://report-uri.cloudflare.com/cdn-cgi/beacon/expect-ct", Server=cloudflare, CF-RAY=5e445872ef49023f-SJC, alt-svc=h3-27=":443"; ma=86400, h3-28=":443"; ma=86400, h3-29=":443"; ma=86400]
Unicity [Date=Sun, 18 Oct 2020 18:33:07 GMT, Content-Type=text/javascript; charset=utf-8, Content-Length=341, Connection=keep-alive, Set-Cookie=__cfduid=d5a4ddd82e367815b603a0a5be6cf402b1603045984; expires=Tue, 17-Nov-20 18:33:04 GMT; path=/; domain=.unicity.net; HttpOnly; SameSite=Lax, x-powered-by=Express, x-request-id=a8196dbe-83a8-9cd3-bed4-77e591d34a6d,a8196dbe-83a8-9cd3-bed4-77e591d34a6d, x-request-uuid=a8196dbe-83a8-9cd3-bed4-77e591d34a6d, x-request-release=5-2020101602/master, access-control-allow-origin=http://enroll.ng.unicityqa.com, vary=Accept-Encoding, link=<http://unicity.github.io/Hydra.php/docs/v5/>; rel="help", cache-control=no-cache, must-revalidate, expires=0, content-language=en-US, x-status-code=500, content-encoding=gzip, x-envoy-upstream-service-time=2564, etag=W/"155-mvpE8ze8Tg/1plCgxBJt8T6cAJU", access-control-expose-headers=x-b3-traceid, x-request-id, x-b3-traceid=a047e44cc444320b, CF-Cache-Status=DYNAMIC, cf-request-id=05de959fe80000ed2bac232000000001, Expect-CT=max-age=604800, report-uri="https://report-uri.cloudflare.com/cdn-cgi/beacon/expect-ct", Server=cloudflare, CF-RAY=5e4458797d38ed2b-SJC, alt-svc=h3-27=":443"; ma=86400, h3-28=":443"; ma=86400, h3-29=":443"; ma=86400]
Unicity [Date=Sun, 18 Oct 2020 18:33:10 GMT, Content-Type=text/javascript; charset=utf-8, Content-Length=342, Connection=keep-alive, Set-Cookie=__cfduid=d1e7d69954eb4bb774c497a40a11811c31603045987; expires=Tue, 17-Nov-20 18:33:07 GMT; path=/; domain=.unicity.net; HttpOnly; SameSite=Lax, x-powered-by=Express, x-request-id=9b0b4514-b6d9-9931-baeb-02abfd1e482d,9b0b4514-b6d9-9931-baeb-02abfd1e482d, x-request-uuid=9b0b4514-b6d9-9931-baeb-02abfd1e482d, x-request-release=5-2020101602/master, access-control-allow-origin=http://enroll.ng.unicityqa.com, vary=Accept-Encoding, link=<http://unicity.github.io/Hydra.php/docs/v5/>; rel="help", cache-control=no-cache, must-revalidate, expires=0, content-language=en-US, x-status-code=500, content-encoding=gzip, x-envoy-upstream-service-time=2738, etag=W/"156-Z+LqjhIGwqOcOj+G2ETxzQq7uik", access-control-expose-headers=x-b3-traceid, x-request-id, x-b3-traceid=0e9434b114df6351, CF-Cache-Status=DYNAMIC, cf-request-id=05de95aca40000ed2bba9ac000000001, Expect-CT=max-age=604800, report-uri="https://report-uri.cloudflare.com/cdn-cgi/beacon/expect-ct", Server=cloudflare, CF-RAY=5e44588ddaaaed2b-SJC, alt-svc=h3-27=":443"; ma=86400, h3-28=":443"; ma=86400, h3-29=":443"; ma=86400]
Unicity [Date=Sun, 18 Oct 2020 18:33:11 GMT, Content-Type=text/javascript; charset=utf-8, Content-Length=341, Connection=keep-alive, Set-Cookie=__cfduid=d1b3af13f23f69a07091c12a3fa5fee4a1603045989; expires=Tue, 17-Nov-20 18:33:09 GMT; path=/; domain=.unicity.net; HttpOnly; SameSite=Lax, x-powered-by=Express, x-request-id=a97da284-6837-9dbf-882f-fd1db57090c4,a97da284-6837-9dbf-882f-fd1db57090c4, x-request-uuid=a97da284-6837-9dbf-882f-fd1db57090c4, x-request-release=5-2020101602/master, access-control-allow-origin=http://enroll.ng.unicityqa.com, vary=Accept-Encoding, link=<http://unicity.github.io/Hydra.php/docs/v5/>; rel="help", cache-control=no-cache, must-revalidate, expires=0, content-language=en-US, x-status-code=500, content-encoding=gzip, x-envoy-upstream-service-time=2432, etag=W/"155-dGeVh9lgbgoLELvHCLoM4gc1HBM", access-control-expose-headers=x-b3-traceid, x-request-id, x-b3-traceid=193d8be0c26422f3, CF-Cache-Status=DYNAMIC, cf-request-id=05de95b33100001fbf460a8000000001, Expect-CT=max-age=604800, report-uri="https://report-uri.cloudflare.com/cdn-cgi/beacon/expect-ct", Server=cloudflare, CF-RAY=5e4458984f171fbf-SJC, alt-svc=h3-27=":443"; ma=86400, h3-28=":443"; ma=86400, h3-29=":443"; ma=86400]
Unicity [Date=Sun, 18 Oct 2020 18:33:12 GMT, Content-Type=text/javascript; charset=utf-8, Content-Length=342, Connection=keep-alive, Set-Cookie=__cfduid=d465932b9508e6538d5a7083cb4d72eaf1603045990; expires=Tue, 17-Nov-20 18:33:10 GMT; path=/; domain=.unicity.net; HttpOnly; SameSite=Lax, x-powered-by=Express, x-request-id=59211fd7-d5b3-9180-91aa-78f887e87a7e,59211fd7-d5b3-9180-91aa-78f887e87a7e, x-request-uuid=59211fd7-d5b3-9180-91aa-78f887e87a7e, x-request-release=5-2020101602/master, access-control-allow-origin=http://enroll.ng.unicityqa.com, vary=Accept-Encoding, link=<http://unicity.github.io/Hydra.php/docs/v5/>; rel="help", cache-control=no-cache, must-revalidate, expires=0, content-language=en-US, x-status-code=500, content-encoding=gzip, x-envoy-upstream-service-time=2292, etag=W/"156-sYjYg446/KbjSPKNFFApuCLWM3s", access-control-expose-headers=x-b3-traceid, x-request-id, x-b3-traceid=cc57c576ac763f85, CF-Cache-Status=DYNAMIC, cf-request-id=05de95b86600001eba48266000000001, Expect-CT=max-age=604800, report-uri="https://report-uri.cloudflare.com/cdn-cgi/beacon/expect-ct", Server=cloudflare, CF-RAY=5e4458a0aecf1eba-SJC, alt-svc=h3-27=":443"; ma=86400, h3-28=":443"; ma=86400, h3-29=":443"; ma=86400]
Unicity [Date=Sun, 18 Oct 2020 18:33:14 GMT, Content-Type=text/javascript; charset=utf-8, Content-Length=341, Connection=keep-alive, Set-Cookie=__cfduid=d48c50ea907079caa59fc1ec5a9d01f9a1603045991; expires=Tue, 17-Nov-20 18:33:11 GMT; path=/; domain=.unicity.net; HttpOnly; SameSite=Lax, x-powered-by=Express, x-request-id=7923f960-252d-95d8-a1e7-0c014ae6110c,7923f960-252d-95d8-a1e7-0c014ae6110c, x-request-uuid=7923f960-252d-95d8-a1e7-0c014ae6110c, x-request-release=5-2020101602/master, access-control-allow-origin=http://enroll.ng.unicityqa.com, vary=Accept-Encoding, link=<http://unicity.github.io/Hydra.php/docs/v5/>; rel="help", cache-control=no-cache, must-revalidate, expires=0, content-language=en-US, x-status-code=500, content-encoding=gzip, x-envoy-upstream-service-time=2283, etag=W/"155-ahyw4B646L3Qo1BVS0OKqjIRLyQ", access-control-expose-headers=x-b3-traceid, x-request-id, x-b3-traceid=f2305ad1e46b931a, CF-Cache-Status=DYNAMIC, cf-request-id=05de95bd2400001fbf4c0a5000000001, Expect-CT=max-age=604800, report-uri="https://report-uri.cloudflare.com/cdn-cgi/beacon/expect-ct", Server=cloudflare, CF-RAY=5e4458a83a1c1fbf-SJC, alt-svc=h3-27=":443"; ma=86400, h3-28=":443"; ma=86400, h3-29=":443"; ma=86400]
Unicity [Date=Sun, 18 Oct 2020 18:33:14 GMT, Content-Type=text/javascript; charset=utf-8, Content-Length=342, Connection=keep-alive, Set-Cookie=__cfduid=d30f8ccd5070a25e13528bfb8702f35261603045993; expires=Tue, 17-Nov-20 18:33:13 GMT; path=/; domain=.unicity.net; HttpOnly; SameSite=Lax, x-powered-by=Express, x-request-id=1e89f4e5-6d0b-981c-b5ee-bf5de397a761,1e89f4e5-6d0b-981c-b5ee-bf5de397a761, x-request-uuid=1e89f4e5-6d0b-981c-b5ee-bf5de397a761, x-request-release=5-2020101602/master, access-control-allow-origin=http://enroll.ng.unicityqa.com, vary=Accept-Encoding, link=<http://unicity.github.io/Hydra.php/docs/v5/>; rel="help", cache-control=no-cache, must-revalidate, expires=0, content-language=en-US, x-status-code=500, content-encoding=gzip, x-envoy-upstream-service-time=1296, etag=W/"156-sgwlWnqZ9uLPWgTEzu61vzyVtEA", access-control-expose-headers=x-b3-traceid, x-request-id, x-b3-traceid=6fea7c81d40cf6f4, CF-Cache-Status=DYNAMIC, cf-request-id=05de95c3b80000ed2bdf37e000000001, Expect-CT=max-age=604800, report-uri="https://report-uri.cloudflare.com/cdn-cgi/beacon/expect-ct", Server=cloudflare, CF-RAY=5e4458b2bc0ced2b-SJC, alt-svc=h3-27=":443"; ma=86400, h3-28=":443"; ma=86400, h3-29=":443"; ma=86400]
Request URL: https://hydraqa.unicity.net/v5a-test/addresses?country=US&zip=33024
Entry response : {"items":[{"city":"Pembroke Pines","state":"FL"}]}
]]></system-out>
    <system-err><![CDATA[Starting ChromeDriver 2.36.540470 (e522d04694c7ebea4ba8821272dbef4f9b818c91) on port 22144
Only local connections are allowed.
Oct 18, 2020 12:29:55 PM org.openqa.selenium.remote.ProtocolHandshake createSession
INFO: Detected dialect: OSS
]]></system-err>
  </testcase>
  <testcase name="PassReferralID" classname="Tests.ReferralIDPassing" time="60.337">
    <failure message="no such element: Unable to locate element: {&quot;method&quot;:&quot;xpath&quot;,&quot;selector&quot;:&quot;(//h3[@class=&apos;summary-subhead head-summary ng-scope&apos;])[1]&quot;}&#10;  (Session info: chrome=86.0.4240.75)&#10;  (Driver info: chromedriver=2.36.540470 (e522d04694c7ebea4ba8821272dbef4f9b818c91),platform=Windows NT 6.3.9600 x86_64) (WARNING: The server did not provide any stacktrace information)&#10;Command duration or timeout: 0 milliseconds&#10;For documentation on this error, please visit: http://seleniumhq.org/exceptions/no_such_element.html&#10;Build info: version: &apos;3.8.1&apos;, revision: &apos;6e95a6684b&apos;, time: &apos;2017-12-01T18:33:54.468Z&apos;&#10;System info: host: &apos;QASERVER01&apos;, ip: &apos;10.2.0.23&apos;, os.name: &apos;Windows Server 2012 R2&apos;, os.arch: &apos;amd64&apos;, os.version: &apos;6.3&apos;, java.version: &apos;1.8.0_111&apos;&#10;Driver info: org.openqa.selenium.chrome.ChromeDriver&#10;Capabilities {acceptInsecureCerts: false, acceptSslCerts: false, applicationCacheEnabled: false, browserConnectionEnabled: false, browserName: chrome, chrome: {chromedriverVersion: 2.36.540470 (e522d04694c7eb..., userDataDir: C:\Users\sumancb\AppData\Lo...}, cssSelectorsEnabled: true, databaseEnabled: false, handlesAlerts: true, hasTouchScreen: false, javascriptEnabled: true, locationContextEnabled: true, mobileEmulationEnabled: false, nativeEvents: true, networkConnectionEnabled: false, pageLoadStrategy: normal, platform: XP, platformName: XP, rotatable: false, setWindowRect: true, takesHeapSnapshot: true, takesScreenshot: true, unexpectedAlertBehaviour: , unhandledPromptBehavior: , version: 86.0.4240.75, webStorageEnabled: true}&#10;Session ID: 6b09203351b0248967f2134a0552e8e2&#10;*** Element info: {Using=xpath, value=(//h3[@class=&apos;summary-subhead head-summary ng-scope&apos;])[1]}" type="org.openqa.selenium.NoSuchElementException">org.openqa.selenium.NoSuchElementException: 
no such element: Unable to locate element: {"method":"xpath","selector":"(//h3[@class='summary-subhead head-summary ng-scope'])[1]"}
  (Session info: chrome=86.0.4240.75)
  (Driver info: chromedriver=2.36.540470 (e522d04694c7ebea4ba8821272dbef4f9b818c91),platform=Windows NT 6.3.9600 x86_64) (WARNING: The server did not provide any stacktrace information)
Command duration or timeout: 0 milliseconds
For documentation on this error, please visit: http://seleniumhq.org/exceptions/no_such_element.html
Build info: version: '3.8.1', revision: '6e95a6684b', time: '2017-12-01T18:33:54.468Z'
System info: host: 'QASERVER01', ip: '10.2.0.23', os.name: 'Windows Server 2012 R2', os.arch: 'amd64', os.version: '6.3', java.version: '1.8.0_111'
Driver info: org.openqa.selenium.chrome.ChromeDriver
Capabilities {acceptInsecureCerts: false, acceptSslCerts: false, applicationCacheEnabled: false, browserConnectionEnabled: false, browserName: chrome, chrome: {chromedriverVersion: 2.36.540470 (e522d04694c7eb..., userDataDir: C:\Users\sumancb\AppData\Lo...}, cssSelectorsEnabled: true, databaseEnabled: false, handlesAlerts: true, hasTouchScreen: false, javascriptEnabled: true, locationContextEnabled: true, mobileEmulationEnabled: false, nativeEvents: true, networkConnectionEnabled: false, pageLoadStrategy: normal, platform: XP, platformName: XP, rotatable: false, setWindowRect: true, takesHeapSnapshot: true, takesScreenshot: true, unexpectedAlertBehaviour: , unhandledPromptBehavior: , version: 86.0.4240.75, webStorageEnabled: true}
Session ID: 6b09203351b0248967f2134a0552e8e2
*** Element info: {Using=xpath, value=(//h3[@class='summary-subhead head-summary ng-scope'])[1]}
	at Tests.ReferralIDPassing.PassReferralID(ReferralIDPassing.java:56)
</failure>
    <system-out><![CDATA[************************ sssreferalid
]]></system-out>
    <system-err><![CDATA[Starting ChromeDriver 2.36.540470 (e522d04694c7ebea4ba8821272dbef4f9b818c91) on port 47403
Only local connections are allowed.
Oct 18, 2020 12:33:37 PM org.openqa.selenium.remote.ProtocolHandshake createSession
INFO: Detected dialect: OSS
]]></system-err>
  </testcase>
  <testcase name="INDPassReferralID" classname="Tests.INDReferralIDPassing" time="65.611">
    <failure message="no such element: Unable to locate element: {&quot;method&quot;:&quot;xpath&quot;,&quot;selector&quot;:&quot;//li[contains(@ng-if, &apos;enrollerProfile&apos;)]//p[@class=&apos;ng-binding&apos;]&quot;}&#10;  (Session info: chrome=86.0.4240.75)&#10;  (Driver info: chromedriver=2.36.540470 (e522d04694c7ebea4ba8821272dbef4f9b818c91),platform=Windows NT 6.3.9600 x86_64) (WARNING: The server did not provide any stacktrace information)&#10;Command duration or timeout: 0 milliseconds&#10;For documentation on this error, please visit: http://seleniumhq.org/exceptions/no_such_element.html&#10;Build info: version: &apos;3.8.1&apos;, revision: &apos;6e95a6684b&apos;, time: &apos;2017-12-01T18:33:54.468Z&apos;&#10;System info: host: &apos;QASERVER01&apos;, ip: &apos;10.2.0.23&apos;, os.name: &apos;Windows Server 2012 R2&apos;, os.arch: &apos;amd64&apos;, os.version: &apos;6.3&apos;, java.version: &apos;1.8.0_111&apos;&#10;Driver info: org.openqa.selenium.chrome.ChromeDriver&#10;Capabilities {acceptInsecureCerts: false, acceptSslCerts: false, applicationCacheEnabled: false, browserConnectionEnabled: false, browserName: chrome, chrome: {chromedriverVersion: 2.36.540470 (e522d04694c7eb..., userDataDir: C:\Users\sumancb\AppData\Lo...}, cssSelectorsEnabled: true, databaseEnabled: false, handlesAlerts: true, hasTouchScreen: false, javascriptEnabled: true, locationContextEnabled: true, mobileEmulationEnabled: false, nativeEvents: true, networkConnectionEnabled: false, pageLoadStrategy: normal, platform: XP, platformName: XP, rotatable: false, setWindowRect: true, takesHeapSnapshot: true, takesScreenshot: true, unexpectedAlertBehaviour: , unhandledPromptBehavior: , version: 86.0.4240.75, webStorageEnabled: true}&#10;Session ID: 1a82fe4eec8fdc4896db08ca0f61b0f7&#10;*** Element info: {Using=xpath, value=//li[contains(@ng-if, &apos;enrollerProfile&apos;)]//p[@class=&apos;ng-binding&apos;]}" type="org.openqa.selenium.NoSuchElementException">org.openqa.selenium.NoSuchElementException: 
no such element: Unable to locate element: {"method":"xpath","selector":"//li[contains(@ng-if, 'enrollerProfile')]//p[@class='ng-binding']"}
  (Session info: chrome=86.0.4240.75)
  (Driver info: chromedriver=2.36.540470 (e522d04694c7ebea4ba8821272dbef4f9b818c91),platform=Windows NT 6.3.9600 x86_64) (WARNING: The server did not provide any stacktrace information)
Command duration or timeout: 0 milliseconds
For documentation on this error, please visit: http://seleniumhq.org/exceptions/no_such_element.html
Build info: version: '3.8.1', revision: '6e95a6684b', time: '2017-12-01T18:33:54.468Z'
System info: host: 'QASERVER01', ip: '10.2.0.23', os.name: 'Windows Server 2012 R2', os.arch: 'amd64', os.version: '6.3', java.version: '1.8.0_111'
Driver info: org.openqa.selenium.chrome.ChromeDriver
Capabilities {acceptInsecureCerts: false, acceptSslCerts: false, applicationCacheEnabled: false, browserConnectionEnabled: false, browserName: chrome, chrome: {chromedriverVersion: 2.36.540470 (e522d04694c7eb..., userDataDir: C:\Users\sumancb\AppData\Lo...}, cssSelectorsEnabled: true, databaseEnabled: false, handlesAlerts: true, hasTouchScreen: false, javascriptEnabled: true, locationContextEnabled: true, mobileEmulationEnabled: false, nativeEvents: true, networkConnectionEnabled: false, pageLoadStrategy: normal, platform: XP, platformName: XP, rotatable: false, setWindowRect: true, takesHeapSnapshot: true, takesScreenshot: true, unexpectedAlertBehaviour: , unhandledPromptBehavior: , version: 86.0.4240.75, webStorageEnabled: true}
Session ID: 1a82fe4eec8fdc4896db08ca0f61b0f7
*** Element info: {Using=xpath, value=//li[contains(@ng-if, 'enrollerProfile')]//p[@class='ng-binding']}
	at Tests.INDReferralIDPassing.INDPassReferralID(INDReferralIDPassing.java:50)
</failure>
    <system-out><![CDATA[************************ dddindreferalid
]]></system-out>
    <system-err><![CDATA[Starting ChromeDriver 2.36.540470 (e522d04694c7ebea4ba8821272dbef4f9b818c91) on port 45552
Only local connections are allowed.
Oct 18, 2020 12:34:46 PM org.openqa.selenium.remote.ProtocolHandshake createSession
INFO: Detected dialect: OSS
]]></system-err>
  </testcase>
  <testcase name="Enroll" classname="Tests.PrefferedCustomer" time="167.077">
    <failure message="Critical Back end error" type="java.lang.AssertionError">java.lang.AssertionError: Critical Back end error
	at Tests.PrefferedCustomer.Enroll(PrefferedCustomer.java:103)
</failure>
    <system-out><![CDATA[Request URL: https://hydraqa.unicity.net/v5a-test/quotes?&expand=item
Entry Quotes response : {"items":[{"lines":{"items":[{"item":{"href":"https://hydraqa.unicity.net/v5a-test/items/051e765a5a71835a859c2757edd359f0","id":{"unicity":"26580"}},"quantity":1,"terms":{"priceEach":225,"taxEach":{"amount":0},"discountEach":{"amount":0},"pvEach":130},"quantityLimit":{"quantityQuota":-1,"timeFrameDays":-1,"quantityOrdered":0}}]},"currency":"USD"},{"lines":{"items":[{"item":{"href":"https://hydraqa.unicity.net/v5a-test/items/38da42f991a40a00153b2e5055b82dbf","id":{"unicity":"27801"}},"quantity":1,"terms":{"priceEach":225,"taxEach":{"amount":0},"discountEach":{"amount":0},"pvEach":130},"quantityLimit":{"quantityQuota":-1,"timeFrameDays":-1,"quantityOrdered":0}}]},"currency":"USD"},{"lines":{"items":[{"item":{"href":"https://hydraqa.unicity.net/v5a-test/items/9ff4257741d464b686d15be955b8afb6","id":{"unicity":"0963"}},"quantity":1,"terms":{"priceEach":54,"taxEach":{"amount":0},"discountEach":{"amount":0},"pvEach":25},"quantityLimit":{"quantityQuota":-1,"timeFrameDays":-1,"quantityOrdered":0}}]},"currency":"USD"},{"lines":{"items":[{"item":{"href":"https://hydraqa.unicity.net/v5a-test/items/716b7a0bca7fa73e42e000d668e7ee65","id":{"unicity":"15129"}},"quantity":1,"terms":{"priceEach":29,"taxEach":{"amount":0},"discountEach":{"amount":0},"pvEach":10},"quantityLimit":{"quantityQuota":-1,"timeFrameDays":-1,"quantityOrdered":0}}]},"currency":"USD"},{"lines":{"items":[{"item":{"href":"https://hydraqa.unicity.net/v5a-test/items/390a7ae70d5669561ecdf7d5cff2671b","id":{"unicity":"15271"}},"quantity":1,"terms":{"priceEach":89,"taxEach":{"amount":0},"discountEach":{"amount":0},"pvEach":27},"quantityLimit":{"quantityQuota":-1,"timeFrameDays":-1,"quantityOrdered":0}}]},"currency":"USD"},{"lines":{"items":[{"item":{"href":"https://hydraqa.unicity.net/v5a-test/items/4b2034f47fce90b87bba28c5c2d7c25d","id":{"unicity":"15880"}},"quantity":1,"terms":{"priceEach":76,"taxEach":{"amount":0},"discountEach":{"amount":0},"pvEach":41},"quantityLimit":{"quantityQuota":-1,"timeFrameDays":-1,"quantityOrdered":0}}]},"currency":"USD"},{"lines":{"items":[{"item":{"href":"https://hydraqa.unicity.net/v5a-test/items/2c4c1abe00983e85aaa918d2ce341491","id":{"unicity":"17174"}},"quantity":1,"terms":{"priceEach":22,"taxEach":{"amount":0},"discountEach":{"amount":0},"pvEach":10},"quantityLimit":{"quantityQuota":-1,"timeFrameDays":-1,"quantityOrdered":0}}]},"currency":"USD"},{"lines":{"items":[{"item":{"href":"https://hydraqa.unicity.net/v5a-test/items/cea826eab72d44641c070aab6c97c1ac","id":{"unicity":"22747"}},"quantity":1,"terms":{"priceEach":35,"taxEach":{"amount":0},"discountEach":{"amount":0},"pvEach":16},"quantityLimit":{"quantityQuota":-1,"timeFrameDays":-1,"quantityOrdered":0}}]},"currency":"USD"},{"lines":{"items":[{"item":{"href":"https://hydraqa.unicity.net/v5a-test/items/5c2f1613082782e691d32fe9ce034026","id":{"unicity":"23728"}},"quantity":1,"terms":{"priceEach":34,"taxEach":{"amount":0},"discountEach":{"amount":0},"pvEach":13},"quantityLimit":{"quantityQuota":-1,"timeFrameDays":-1,"quantityOrdered":0}}]},"currency":"USD"},{"lines":{"items":[{"item":{"href":"https://hydraqa.unicity.net/v5a-test/items/64ec7ad932acafab052a4e8800ad1238","id":{"unicity":"24758"}},"quantity":1,"terms":{"priceEach":40,"taxEach":{"amount":0},"discountEach":{"amount":0},"pvEach":21},"quantityLimit":{"quantityQuota":-1,"timeFrameDays":-1,"quantityOrdered":0}}]},"currency":"USD"},{"lines":{"items":[{"item":{"href":"https://hydraqa.unicity.net/v5a-test/items/9a7715e888c94989d898fe4653645721","id":{"unicity":"26550"}},"quantity":1,"terms":{"priceEach":99,"taxEach":{"amount":0},"discountEach":{"amount":0},"pvEach":52},"quantityLimit":{"quantityQuota":-1,"timeFrameDays":-1,"quantityOrdered":0}}]},"currency":"USD"},{"lines":{"items":[{"item":{"href":"https://hydraqa.unicity.net/v5a-test/items/3af97c67f653253825a9189a27da57d6","id":{"unicity":"26556"}},"quantity":1,"terms":{"priceEach":101,"taxEach":{"amount":0},"discountEach":{"amount":0},"pvEach":61},"quantityLimit":{"quantityQuota":-1,"timeFrameDays":-1,"quantityOrdered":0}}]},"currency":"USD"},{"lines":{"items":[{"item":{"href":"https://hydraqa.unicity.net/v5a-test/items/0cf62d38e91953b43dcfe88b06f813cb","id":{"unicity":"26557"}},"quantity":1,"terms":{"priceEach":101,"taxEach":{"amount":0},"discountEach":{"amount":0},"pvEach":61},"quantityLimit":{"quantityQuota":-1,"timeFrameDays":-1,"quantityOrdered":0}}]},"currency":"USD"},{"lines":{"items":[{"item":{"href":"https://hydraqa.unicity.net/v5a-test/items/398d06b858b960f6f38086d40608aef2","id":{"unicity":"26560"}},"quantity":1,"terms":{"priceEach":21,"taxEach":{"amount":0},"discountEach":{"amount":0},"pvEach":12},"quantityLimit":{"quantityQuota":-1,"timeFrameDays":-1,"quantityOrdered":0}}]},"currency":"USD"},{"lines":{"items":[{"item":{"href":"https://hydraqa.unicity.net/v5a-test/items/cda534d686af5d627c94c4bb2c4b57d8","id":{"unicity":"26561"}},"quantity":1,"terms":{"priceEach":21,"taxEach":{"amount":0},"discountEach":{"amount":0},"pvEach":11},"quantityLimit":{"quantityQuota":-1,"timeFrameDays":-1,"quantityOrdered":0}}]},"currency":"USD"},{"lines":{"items":[{"item":{"href":"https://hydraqa.unicity.net/v5a-test/items/0a3ede185ddf034630afd891c5106d33","id":{"unicity":"26562"}},"quantity":1,"terms":{"priceEach":43,"taxEach":{"amount":0},"discountEach":{"amount":0},"pvEach":25},"quantityLimit":{"quantityQuota":-1,"timeFrameDays":-1,"quantityOrdered":0}}]},"currency":"USD"},{"lines":{"items":[{"item":{"href":"https://hydraqa.unicity.net/v5a-test/items/16ca68abaaa92505c257be022a154769","id":{"unicity":"27615"}},"quantity":1,"terms":{"priceEach":37,"taxEach":{"amount":0},"discountEach":{"amount":0},"pvEach":21},"quantityLimit":{"quantityQuota":-1,"timeFrameDays":-1,"quantityOrdered":0}}]},"currency":"USD"},{"lines":{"items":[{"item":{"href":"https://hydraqa.unicity.net/v5a-test/items/1bd53de7fe880ba71f46c9976ca2c137","id":{"unicity":"27739"}},"quantity":1,"terms":{"priceEach":43,"taxEach":{"amount":0},"discountEach":{"amount":0},"pvEach":13},"quantityLimit":{"quantityQuota":-1,"timeFrameDays":-1,"quantityOrdered":0}}]},"currency":"USD"},{"lines":{"items":[{"item":{"href":"https://hydraqa.unicity.net/v5a-test/items/1945faa1776541d53120ecfe3c1d8a2b","id":{"unicity":"24418"}},"quantity":1,"terms":{"priceEach":7,"taxEach":{"amount":0},"discountEach":{"amount":0},"pvEach":0},"quantityLimit":{"quantityQuota":-1,"timeFrameDays":-1,"quantityOrdered":0}}]},"currency":"USD"},{"lines":{"items":[{"item":{"href":"https://hydraqa.unicity.net/v5a-test/items/9a6e1d094182389c3da8e0a320ff0e00","id":{"unicity":"27585"}},"quantity":1,"terms":{"priceEach":69,"taxEach":{"amount":0},"discountEach":{"amount":0},"pvEach":33},"quantityLimit":{"quantityQuota":-1,"timeFrameDays":-1,"quantityOrdered":0}}]},"currency":"USD"},{"lines":{"items":[{"item":{"href":"https://hydraqa.unicity.net/v5a-test/items/b127a2d34d3d73e2f53e4c2002a7a4a2","id":{"unicity":"25008"}},"quantity":1,"terms":{"priceEach":24,"taxEach":{"amount":0},"discountEach":{"amount":0},"pvEach":15},"quantityLimit":{"quantityQuota":-1,"timeFrameDays":-1,"quantityOrdered":0}}]},"currency":"USD"},{"lines":{"items":[{"item":{"href":"https://hydraqa.unicity.net/v5a-test/items/10da226fab00279b4f89df10af2a10b7","id":{"unicity":"26442"}},"quantity":1,"terms":{"priceEach":8,"taxEach":{"amount":0},"discountEach":{"amount":0},"pvEach":0},"quantityLimit":{"quantityQuota":-1,"timeFrameDays":-1,"quantityOrdered":0}}]},"currency":"USD"},{"lines":{"items":[{"item":{"href":"https://hydraqa.unicity.net/v5a-test/items/933f0856fd8ec1df83c5283dabf4ec3c","id":{"unicity":"6200"}},"quantity":1,"terms":{"priceEach":88,"taxEach":{"amount":0},"discountEach":{"amount":0},"pvEach":47},"quantityLimit":{"quantityQuota":-1,"timeFrameDays":-1,"quantityOrdered":0}}]},"currency":"USD"},{"lines":{"items":[{"item":{"href":"https://hydraqa.unicity.net/v5a-test/items/8d994059c399f5551ab112574e4476fc","id":{"unicity":"24785"}},"quantity":1,"terms":{"priceEach":18,"taxEach":{"amount":0},"discountEach":{"amount":0},"pvEach":9},"quantityLimit":{"quantityQuota":-1,"timeFrameDays":-1,"quantityOrdered":0}}]},"currency":"USD"},{"lines":{"items":[{"item":{"href":"https://hydraqa.unicity.net/v5a-test/items/aa0d72ac13b1ce88cf8c4a52ede75a37","id":{"unicity":"26552"}},"quantity":1,"terms":{"priceEach":89,"taxEach":{"amount":0},"discountEach":{"amount":0},"pvEach":50},"quantityLimit":{"quantityQuota":-1,"timeFrameDays":-1,"quantityOrdered":0}}]},"currency":"USD"},{"lines":{"items":[{"item":{"href":"https://hydraqa.unicity.net/v5a-test/items/8b5ed9aa6c6132e1be5e446f69a3465e","id":{"unicity":"0954"}},"quantity":1,"terms":{"priceEach":27,"taxEach":{"amount":0},"discountEach":{"amount":0},"pvEach":15},"quantityLimit":{"quantityQuota":-1,"timeFrameDays":-1,"quantityOrdered":0}}]},"currency":"USD"},{"lines":{"items":[{"item":{"href":"https://hydraqa.unicity.net/v5a-test/items/b2fc4b9ba4aa5cae54389161be2f841f","id":{"unicity":"18401"}},"quantity":1,"terms":{"priceEach":40,"taxEach":{"amount":0},"discountEach":{"amount":0},"pvEach":19},"quantityLimit":{"quantityQuota":-1,"timeFrameDays":-1,"quantityOrdered":0}}]},"currency":"USD"},{"lines":{"items":[{"item":{"href":"https://hydraqa.unicity.net/v5a-test/items/48433ffc76597c823adc2b8627e033e4","id":{"unicity":"26559"}},"quantity":1,"terms":{"priceEach":39,"taxEach":{"amount":0},"discountEach":{"amount":0},"pvEach":20},"quantityLimit":{"quantityQuota":-1,"timeFrameDays":-1,"quantityOrdered":0}}]},"currency":"USD"},{"lines":{"items":[{"item":{"href":"https://hydraqa.unicity.net/v5a-test/items/5a38f009bec6c23b1b3a70432f9722e5","id":{"unicity":"19596"}},"quantity":1,"terms":{"priceEach":63,"taxEach":{"amount":0},"discountEach":{"amount":0},"pvEach":30},"quantityLimit":{"quantityQuota":-1,"timeFrameDays":-1,"quantityOrdered":0}}]},"currency":"USD"},{"lines":{"items":[{"item":{"href":"https://hydraqa.unicity.net/v5a-test/items/ddef5f478ff91aa2263b646a3bd03dea","id":{"unicity":"21420"}},"quantity":1,"terms":{"priceEach":31,"taxEach":{"amount":0},"discountEach":{"amount":0},"pvEach":10},"quantityLimit":{"quantityQuota":-1,"timeFrameDays":-1,"quantityOrdered":0}}]},"currency":"USD"},{"lines":{"items":[{"item":{"href":"https://hydraqa.unicity.net/v5a-test/items/55d3b550a17b78175cc5ac565e4266e8","id":{"unicity":"24621"}},"quantity":1,"terms":{"priceEach":26,"taxEach":{"amount":0},"discountEach":{"amount":0},"pvEach":12},"quantityLimit":{"quantityQuota":-1,"timeFrameDays":-1,"quantityOrdered":0}}]},"currency":"USD"},{"lines":{"items":[{"item":{"href":"https://hydraqa.unicity.net/v5a-test/items/9d9d002b0e21b9bd58ad0154a4f781c5","id":{"unicity":"28836"}},"quantity":1,"terms":{"priceEach":75,"taxEach":{"amount":0},"discountEach":{"amount":0},"pvEach":36},"quantityLimit":{"quantityQuota":-1,"timeFrameDays":-1,"quantityOrdered":0}}]},"currency":"USD"},{"lines":{"items":[{"item":{"href":"https://hydraqa.unicity.net/v5a-test/items/399be8efa903b362515c48315ab2afb9","id":{"unicity":"15712"}},"quantity":1,"terms":{"priceEach":28,"taxEach":{"amount":0},"discountEach":{"amount":0},"pvEach":11},"quantityLimit":{"quantityQuota":-1,"timeFrameDays":-1,"quantityOrdered":0}}]},"currency":"USD"},{"lines":{"items":[{"item":{"href":"https://hydraqa.unicity.net/v5a-test/items/d489ec0d50f6e28d5743afc65439631b","id":{"unicity":"0960"}},"quantity":1,"terms":{"priceEach":48,"taxEach":{"amount":0},"discountEach":{"amount":0},"pvEach":23},"quantityLimit":{"quantityQuota":-1,"timeFrameDays":-1,"quantityOrdered":0}}]},"currency":"USD"},{"lines":{"items":[{"item":{"href":"https://hydraqa.unicity.net/v5a-test/items/66839181d7531692a8d886a9da6fb4d6","id":{"unicity":"25369"}},"quantity":1,"terms":{"priceEach":63,"taxEach":{"amount":0},"discountEach":{"amount":0},"pvEach":25},"quantityLimit":{"quantityQuota":-1,"timeFrameDays":-1,"quantityOrdered":0}}]},"currency":"USD"},{"lines":{"items":[{"item":{"href":"https://hydraqa.unicity.net/v5a-test/items/8ed7a8910d5c5335774fa9cfae0e511d","id":{"unicity":"18386"}},"quantity":1,"terms":{"priceEach":35,"taxEach":{"amount":0},"discountEach":{"amount":0},"pvEach":21},"quantityLimit":{"quantityQuota":-1,"timeFrameDays":-1,"quantityOrdered":0}}]},"currency":"USD"},{"lines":{"items":[{"item":{"href":"https://hydraqa.unicity.net/v5a-test/items/3f2d12d7a0e8551fc99fad3bbe1ba633","id":{"unicity":"26567"}},"quantity":1,"terms":{"priceEach":70,"taxEach":{"amount":0},"discountEach":{"amount":0},"pvEach":35},"quantityLimit":{"quantityQuota":-1,"timeFrameDays":-1,"quantityOrdered":0}}]},"currency":"USD"},{"lines":{"items":[{"item":{"href":"https://hydraqa.unicity.net/v5a-test/items/191637167cb3144bd2e8c4615e9ab67e","id":{"unicity":"26568"}},"quantity":1,"terms":{"priceEach":70,"taxEach":{"amount":0},"discountEach":{"amount":0},"pvEach":35},"quantityLimit":{"quantityQuota":-1,"timeFrameDays":-1,"quantityOrdered":0}}]},"currency":"USD"},{"lines":{"items":[{"item":{"href":"https://hydraqa.unicity.net/v5a-test/items/2cefc6a61faaae3455a5adcb0d8fc74f","id":{"unicity":"15907"}},"quantity":1,"terms":{"priceEach":19,"taxEach":{"amount":0},"discountEach":{"amount":0},"pvEach":5},"quantityLimit":{"quantityQuota":-1,"timeFrameDays":-1,"quantityOrdered":0}}]},"currency":"USD"},{"lines":{"items":[{"item":{"href":"https://hydraqa.unicity.net/v5a-test/items/e870d73cd94149d9f6b55de9736c9daa","id":{"unicity":"3107"}},"quantity":1,"terms":{"priceEach":31,"taxEach":{"amount":0},"discountEach":{"amount":0},"pvEach":16},"quantityLimit":{"quantityQuota":-1,"timeFrameDays":-1,"quantityOrdered":0}}]},"currency":"USD"},{"lines":{"items":[{"item":{"href":"https://hydraqa.unicity.net/v5a-test/items/fa2407c91e64e66a72ab45172eb978df","id":{"unicity":"0988"}},"quantity":1,"terms":{"priceEach":47,"taxEach":{"amount":0},"discountEach":{"amount":0},"pvEach":23},"quantityLimit":{"quantityQuota":-1,"timeFrameDays":-1,"quantityOrdered":0}}]},"currency":"USD"},{"lines":{"items":[{"item":{"href":"https://hydraqa.unicity.net/v5a-test/items/40a1044968ea62276f4ba87fd2ef0d8f","id":{"unicity":"12230"}},"quantity":1,"terms":{"priceEach":52,"taxEach":{"amount":0},"discountEach":{"amount":0},"pvEach":18},"quantityLimit":{"quantityQuota":-1,"timeFrameDays":-1,"quantityOrdered":0}}]},"currency":"USD"},{"lines":{"items":[{"item":{"href":"https://hydraqa.unicity.net/v5a-test/items/112b8c39286598b3730f630f371a45f4","id":{"unicity":"27587"}},"quantity":1,"terms":{"priceEach":71,"taxEach":{"amount":0},"discountEach":{"amount":0},"pvEach":33},"quantityLimit":{"quantityQuota":-1,"timeFrameDays":-1,"quantityOrdered":0}}]},"currency":"USD"},{"lines":{"items":[{"item":{"href":"https://hydraqa.unicity.net/v5a-test/items/e218d1cac5f31e7ae4f5876c29c57377","id":{"unicity":"29017"}},"quantity":1,"terms":{"priceEach":49,"taxEach":{"amount":0},"discountEach":{"amount":0},"pvEach":26},"quantityLimit":{"quantityQuota":-1,"timeFrameDays":-1,"quantityOrdered":0}}]},"currency":"USD"},{"lines":{"items":[{"item":{"href":"https://hydraqa.unicity.net/v5a-test/items/25eaf64b36ce31368f17ae789fd9ac5b","id":{"unicity":"29694"}},"quantity":1,"terms":{"priceEach":69,"taxEach":{"amount":0},"discountEach":{"amount":0},"pvEach":33},"quantityLimit":{"quantityQuota":-1,"timeFrameDays":-1,"quantityOrdered":0}}]},"currency":"USD"},{"lines":{"items":[{"item":{"href":"https://hydraqa.unicity.net/v5a-test/items/634f7efb30392b2a919de1355902d975","id":{"unicity":"29408"}},"quantity":1,"terms":{"priceEach":99,"taxEach":{"amount":0},"discountEach":{"amount":0},"pvEach":52},"quantityLimit":{"quantityQuota":-1,"timeFrameDays":-1,"quantityOrdered":0}}]},"currency":"USD"},{"lines":{"items":[{"item":{"href":"https://hydraqa.unicity.net/v5a-test/items/bb5c627f16547cb4f706cef521bca356","id":{"unicity":"29437"}},"quantity":1,"terms":{"priceEach":78,"taxEach":{"amount":0},"discountEach":{"amount":0},"pvEach":36},"quantityLimit":{"quantityQuota":-1,"timeFrameDays":-1,"quantityOrdered":0}}]},"currency":"USD"},{"lines":{"items":[{"item":{"href":"https://hydraqa.unicity.net/v5a-test/items/991cdbb84a495779eb209fb3956a77e4","id":{"unicity":"29183"}},"quantity":1,"terms":{"priceEach":52,"taxEach":{"amount":0},"discountEach":{"amount":0},"pvEach":24},"quantityLimit":{"quantityQuota":-1,"timeFrameDays":-1,"quantityOrdered":0}}]},"currency":"USD"},{"lines":{"items":[{"item":{"href":"https://hydraqa.unicity.net/v5a-test/items/1b0412bea8c0b841c66f65a36aa14108","id":{"unicity":"29191"}},"quantity":1,"terms":{"priceEach":80,"taxEach":{"amount":0},"discountEach":{"amount":0},"pvEach":36},"quantityLimit":{"quantityQuota":-1,"timeFrameDays":-1,"quantityOrdered":0}}]},"currency":"USD"},{"lines":{"items":[{"item":{"href":"https://hydraqa.unicity.net/v5a-test/items/362999101a321b721c87110710ae77b0","id":{"unicity":"29352"}},"quantity":1,"terms":{"priceEach":149,"taxEach":{"amount":0},"discountEach":{"amount":0},"pvEach":80},"quantityLimit":{"quantityQuota":-1,"timeFrameDays":-1,"quantityOrdered":0}}]},"currency":"USD"},{"lines":{"items":[{"item":{"href":"https://hydraqa.unicity.net/v5a-test/items/24ff5bda40c0d0e7eaa511866d052915","id":{"unicity":"29612"}},"quantity":1,"terms":{"priceEach":61,"taxEach":{"amount":0},"discountEach":{"amount":0},"pvEach":30},"quantityLimit":{"quantityQuota":-1,"timeFrameDays":-1,"quantityOrdered":0}}]},"currency":"USD"},{"lines":{"items":[{"item":{"href":"https://hydraqa.unicity.net/v5a-test/items/e0a19d3d676bccfdba0ab3d9f2766359","id":{"unicity":"30350"}},"quantity":1,"terms":{"priceEach":60,"taxEach":{"amount":0},"discountEach":{"amount":0},"pvEach":30},"quantityLimit":{"quantityQuota":-1,"timeFrameDays":-1,"quantityOrdered":0}}]},"currency":"USD"},{"lines":{"items":[{"item":{"href":"https://hydraqa.unicity.net/v5a-test/items/024e696f8b44a1d315006e676604cd31","id":{"unicity":"27395"}},"quantity":1,"terms":{"priceEach":32,"taxEach":{"amount":0},"discountEach":{"amount":0},"pvEach":16},"quantityLimit":{"quantityQuota":-1,"timeFrameDays":-1,"quantityOrdered":0}}]},"currency":"USD"},{"lines":{"items":[{"item":{"href":"https://hydraqa.unicity.net/v5a-test/items/05ca08f3808f126c0cc42154c50fc75c","id":{"unicity":"29440"}},"quantity":1,"terms":{"priceEach":138,"taxEach":{"amount":0},"discountEach":{"amount":0},"pvEach":90},"quantityLimit":{"quantityQuota":-1,"timeFrameDays":-1,"quantityOrdered":0}}]},"currency":"USD"},{"lines":{"items":[{"item":{"href":"https://hydraqa.unicity.net/v5a-test/items/764e2db430d361da99e8f6b70c4d0244","id":{"unicity":"29830"}},"quantity":1,"terms":{"priceEach":20,"taxEach":{"amount":0},"discountEach":{"amount":0},"pvEach":7},"quantityLimit":{"quantityQuota":-1,"timeFrameDays":-1,"quantityOrdered":0}}]},"currency":"USD"},{"lines":{"items":[{"item":{"href":"https://hydraqa.unicity.net/v5a-test/items/035189015384166df518a68ede0299a9","id":{"unicity":"30408"}},"quantity":1,"terms":{"priceEach":101,"taxEach":{"amount":0},"discountEach":{"amount":0},"pvEach":50},"quantityLimit":{"quantityQuota":-1,"timeFrameDays":-1,"quantityOrdered":0}}]},"currency":"USD"},{"lines":{"items":[{"item":{"href":"https://hydraqa.unicity.net/v5a-test/items/b91affa753dd5ee8a9acef4fa7e2c9a7","id":{"unicity":"30414"}},"quantity":1,"terms":{"priceEach":110,"taxEach":{"amount":0},"discountEach":{"amount":0},"pvEach":65},"quantityLimit":{"quantityQuota":-1,"timeFrameDays":-1,"quantityOrdered":0}}]},"currency":"USD"},{"lines":{"items":[{"item":{"href":"https://hydraqa.unicity.net/v5a-test/items/2835b1a78e379486f0ffbfd5fb9f6b0a","id":{"unicity":"30400"}},"quantity":1,"terms":{"priceEach":49,"taxEach":{"amount":0},"discountEach":{"amount":0},"pvEach":28},"quantityLimit":{"quantityQuota":-1,"timeFrameDays":-1,"quantityOrdered":0}}]},"currency":"USD"},{"lines":{"items":[{"item":{"href":"https://hydraqa.unicity.net/v5a-test/items/0e78fbdfebef11cd62f8d2120064ee58","id":{"unicity":"30280"}},"quantity":1,"terms":{"priceEach":52,"taxEach":{"amount":0},"discountEach":{"amount":0},"pvEach":24},"quantityLimit":{"quantityQuota":-1,"timeFrameDays":-1,"quantityOrdered":0}}]},"currency":"USD"},{"lines":{"items":[{"item":{"href":"https://hydraqa.unicity.net/v5a-test/items/5bda067b70c43971650a6ef983f612e4","id":{"unicity":"31728"}},"quantity":1,"terms":{"priceEach":160,"taxEach":{"amount":0},"discountEach":{"amount":0},"pvEach":94},"quantityLimit":{"quantityQuota":-1,"timeFrameDays":-1,"quantityOrdered":0}}]},"currency":"USD"},{"lines":{"items":[{"item":{"href":"https://hydraqa.unicity.net/v5a-test/items/00c2eb70c985722ce208490aece00945","id":{"unicity":"31729"}},"quantity":1,"terms":{"priceEach":170,"taxEach":{"amount":0},"discountEach":{"amount":0},"pvEach":100},"quantityLimit":{"quantityQuota":-1,"timeFrameDays":-1,"quantityOrdered":0}}]},"currency":"USD"},{"lines":{"items":[{"item":{"href":"https://hydraqa.unicity.net/v5a-test/items/693a7c4a70b06a00471afe8d6cae5023","id":{"unicity":"31730"}},"quantity":1,"terms":{"priceEach":150,"taxEach":{"amount":0},"discountEach":{"amount":0},"pvEach":80},"quantityLimit":{"quantityQuota":-1,"timeFrameDays":-1,"quantityOrdered":0}}]},"currency":"USD"},{"lines":{"items":[{"item":{"href":"https://hydraqa.unicity.net/v5a-test/items/ccb242d74dcb1fe621cc7bfe1b1de315","id":{"unicity":"31731"}},"quantity":1,"terms":{"priceEach":112,"taxEach":{"amount":0},"discountEach":{"amount":0},"pvEach":60},"quantityLimit":{"quantityQuota":-1,"timeFrameDays":-1,"quantityOrdered":0}}]},"currency":"USD"},{"lines":{"items":[{"item":{"href":"https://hydraqa.unicity.net/v5a-test/items/3875e24e6b6ebdf36c79d205614ed51e","id":{"unicity":"31846"}},"quantity":1,"terms":{"priceEach":160,"taxEach":{"amount":0},"discountEach":{"amount":0},"pvEach":94},"quantityLimit":{"quantityQuota":-1,"timeFrameDays":-1,"quantityOrdered":0}}]},"currency":"USD"},{"lines":{"items":[{"item":{"href":"https://hydraqa.unicity.net/v5a-test/items/89b6d29a85a88d44d65bc8cca3fefc65","id":{"unicity":"31845"}},"quantity":1,"terms":{"priceEach":170,"taxEach":{"amount":0},"discountEach":{"amount":0},"pvEach":100},"quantityLimit":{"quantityQuota":-1,"timeFrameDays":-1,"quantityOrdered":0}}]},"currency":"USD"},{"lines":{"items":[{"item":{"href":"https://hydraqa.unicity.net/v5a-test/items/fbb319232b7eed110794d46a68302acb","id":{"unicity":"31847"}},"quantity":1,"terms":{"priceEach":150,"taxEach":{"amount":0},"discountEach":{"amount":0},"pvEach":80},"quantityLimit":{"quantityQuota":-1,"timeFrameDays":-1,"quantityOrdered":0}}]},"currency":"USD"},{"lines":{"items":[{"item":{"href":"https://hydraqa.unicity.net/v5a-test/items/cf8460040a1860bcabf250b6c1171675","id":{"unicity":"31858"}},"quantity":1,"terms":{"priceEach":330,"taxEach":{"amount":0},"discountEach":{"amount":0},"pvEach":195},"quantityLimit":{"quantityQuota":-1,"timeFrameDays":-1,"quantityOrdered":0}}]},"currency":"USD"},{"lines":{"items":[{"item":{"href":"https://hydraqa.unicity.net/v5a-test/items/2de8516a24af8232add0bb392e750a71","id":{"unicity":"31859"}},"quantity":1,"terms":{"priceEach":225,"taxEach":{"amount":0},"discountEach":{"amount":0},"pvEach":130},"quantityLimit":{"quantityQuota":-1,"timeFrameDays":-1,"quantityOrdered":0}}]},"currency":"USD"},{"lines":{"items":[{"item":{"href":"https://hydraqa.unicity.net/v5a-test/items/077823d29445b9020de9931f10c63efd","id":{"unicity":"31958"}},"quantity":1,"terms":{"priceEach":160,"taxEach":{"amount":0},"discountEach":{"amount":0},"pvEach":85},"quantityLimit":{"quantityQuota":-1,"timeFrameDays":-1,"quantityOrdered":0}}]},"currency":"USD"},{"lines":{"items":[{"item":{"href":"https://hydraqa.unicity.net/v5a-test/items/bfddb53fe0d5ed5432c531dc9850cbe4","id":{"unicity":"29449"}},"quantity":1,"terms":{"priceEach":43,"taxEach":{"amount":0},"discountEach":{"amount":0},"pvEach":25},"quantityLimit":{"quantityQuota":-1,"timeFrameDays":-1,"quantityOrdered":0}}]},"currency":"USD"},{"lines":{"items":[{"item":{"href":"https://hydraqa.unicity.net/v5a-test/items/7fc100f8d20814757efe2d79e41b315c","id":{"unicity":"32021"}},"quantity":1,"terms":{"priceEach":104,"taxEach":{"amount":0},"discountEach":{"amount":0},"pvEach":60},"quantityLimit":{"quantityQuota":-1,"timeFrameDays":-1,"quantityOrdered":0}}]},"currency":"USD"},{"lines":{"items":[{"item":{"href":"https://hydraqa.unicity.net/v5a-test/items/50747027a065cb8361c1f0d6eb880466","id":{"unicity":"32030"}},"quantity":1,"terms":{"priceEach":179,"taxEach":{"amount":0},"discountEach":{"amount":0},"pvEach":102},"quantityLimit":{"quantityQuota":-1,"timeFrameDays":-1,"quantityOrdered":0}}]},"currency":"USD"},{"lines":{"items":[{"item":{"href":"https://hydraqa.unicity.net/v5a-test/items/c201dcd36f4bb7e17e7a8481ef08d6f2","id":{"unicity":"31518"}},"quantity":1,"terms":{"priceEach":38,"taxEach":{"amount":0},"discountEach":{"amount":0},"pvEach":14},"quantityLimit":{"quantityQuota":-1,"timeFrameDays":-1,"quantityOrdered":0}}]},"currency":"USD"},{"lines":{"items":[{"item":{"href":"https://hydraqa.unicity.net/v5a-test/items/bed533c634e887357ff031d8e4c776b0","id":{"unicity":"31751"}},"quantity":1,"terms":{"priceEach":115,"taxEach":{"amount":0},"discountEach":{"amount":0},"pvEach":50},"quantityLimit":{"quantityQuota":-1,"timeFrameDays":-1,"quantityOrdered":0}}]},"currency":"USD"},{"lines":{"items":[{"item":{"href":"https://hydraqa.unicity.net/v5a-test/items/69461244686345ba75765978ef53c749","id":{"unicity":"32015"}},"quantity":1,"terms":{"priceEach":6.95,"taxEach":{"amount":0},"discountEach":{"amount":0},"pvEach":0},"quantityLimit":{"quantityQuota":-1,"timeFrameDays":-1,"quantityOrdered":0}}]},"currency":"USD"},{"lines":{"items":[{"item":{"href":"https://hydraqa.unicity.net/v5a-test/items/c674cdded8a54983aae3c5dcb32c9e38","id":{"unicity":"32628"}},"quantity":1,"terms":{"priceEach":89,"taxEach":{"amount":0},"discountEach":{"amount":0},"pvEach":50},"quantityLimit":{"quantityQuota":-1,"timeFrameDays":-1,"quantityOrdered":0}}]},"currency":"USD"},{"lines":{"items":[{"item":{"href":"https://hydraqa.unicity.net/v5a-test/items/69d8547e9e264505ce055e09920659fd","id":{"unicity":"33019"}},"quantity":1,"terms":{"priceEach":210,"taxEach":{"amount":0},"discountEach":{"amount":0},"pvEach":151},"quantityLimit":{"quantityQuota":-1,"timeFrameDays":-1,"quantityOrdered":0}}]},"currency":"USD"},{"lines":{"items":[{"item":{"href":"https://hydraqa.unicity.net/v5a-test/items/30b5c0f54df52286b3d87a6a1dfd314a","id":{"unicity":"33018"}},"quantity":1,"terms":{"priceEach":227,"taxEach":{"amount":0},"discountEach":{"amount":0},"pvEach":133},"quantityLimit":{"quantityQuota":-1,"timeFrameDays":-1,"quantityOrdered":0}}]},"currency":"USD"},{"lines":{"items":[{"item":{"href":"https://hydraqa.unicity.net/v5a-test/items/16a422e03f6e3a79ba7bcd7fd50e31c0","id":{"unicity":"33017"}},"quantity":1,"terms":{"priceEach":166,"taxEach":{"amount":0},"discountEach":{"amount":0},"pvEach":110},"quantityLimit":{"quantityQuota":-1,"timeFrameDays":-1,"quantityOrdered":0}}]},"currency":"USD"},{"lines":{"items":[{"item":{"href":"https://hydraqa.unicity.net/v5a-test/items/30f2eb8ab275ef57ae8082b3435a3d69","id":{"unicity":"33016"}},"quantity":1,"terms":{"priceEach":220,"taxEach":{"amount":0},"discountEach":{"amount":0},"pvEach":142},"quantityLimit":{"quantityQuota":-1,"timeFrameDays":-1,"quantityOrdered":0}}]},"currency":"USD"},{"lines":{"items":[{"item":{"href":"https://hydraqa.unicity.net/v5a-test/items/e30d5100db17be47578745dce83039e6","id":{"unicity":"32838"}},"quantity":1,"terms":{"priceEach":14.95,"taxEach":{"amount":0},"discountEach":{"amount":0},"pvEach":0},"quantityLimit":{"quantityQuota":-1,"timeFrameDays":-1,"quantityOrdered":0}}]},"currency":"USD"},{"lines":{"items":[{"item":{"href":"https://hydraqa.unicity.net/v5a-test/items/fe5a19bac5623c055f1bebbc7fce8f1d","id":{"unicity":"33476"}},"quantity":1,"terms":{"priceEach":174,"taxEach":{"amount":0},"discountEach":{"amount":0},"pvEach":100},"quantityLimit":{"quantityQuota":-1,"timeFrameDays":-1,"quantityOrdered":0}}]},"currency":"USD"}]}
Entry request : {"order":{"customer":{"href":"https://hydraqa.unicity.net/v5a-test/customers?type=PreferredCustomer"},"shipToAddress":{"country":"US"}},"vary":{"lines":{"items":[{"item":{"href":"https://hydraqa.unicity.net/v5a-test/items?id.unicity=26580|31440|31441|27801|0963|15129|15271|15880|17174|22745|22747|23728|24758|25022|26550|26556|26557|26560|26561|26562|27615|27739|24418|27585|25008|26442|6200|15916|18908|24785|26552|27028|0954|18401|27029|26559|19596|26945|21420|24621|28836|15712|0960|25369|18386|26567|26568|15907|28513|3107|0988|12230|26950|26786|27587|29017|29694|29408|29437|29183|29191|29352|29612|30350|27395|29440|29830|30408|30414|30400|30280|31314|31728|31729|31730|31731|31846|31845|31847|31858|31859|31958|29449|32021|32030|31518|31751|32015|32628|33019|33018|33017|33016|32838|33476|26555"}}]}}}
Request URL: https://hydraqa.unicity.net/v5a-test/customers.js?_httpMethod=HEAD&callback=angular.callbacks._1&email=BYELQN@gmail.com
Unicity [Date=Sun, 18 Oct 2020 18:38:17 GMT, Content-Type=text/javascript; charset=utf-8, Content-Length=341, Connection=keep-alive, Set-Cookie=__cfduid=d2da602937019acd93b0f2a8a7091c2291603046295; expires=Tue, 17-Nov-20 18:38:15 GMT; path=/; domain=.unicity.net; HttpOnly; SameSite=Lax, x-powered-by=Express, x-request-id=9fbe1e81-c48a-9d73-952a-a783a3ee7e8b,9fbe1e81-c48a-9d73-952a-a783a3ee7e8b, x-request-uuid=9fbe1e81-c48a-9d73-952a-a783a3ee7e8b, x-request-release=5-2020101602/master, access-control-allow-origin=http://enroll.ng.unicityqa.com, vary=Accept-Encoding, link=<http://unicity.github.io/Hydra.php/docs/v5/>; rel="help", cache-control=no-cache, must-revalidate, expires=0, content-language=en-US, x-status-code=500, content-encoding=gzip, x-envoy-upstream-service-time=1323, etag=W/"155-B1RQn6Kp5CHWXN2zsJll3XtG6lU", access-control-expose-headers=x-b3-traceid, x-request-id, x-b3-traceid=5b4490c230a43894, CF-Cache-Status=DYNAMIC, cf-request-id=05de9a618a0000ed8b721d1000000001, Expect-CT=max-age=604800, report-uri="https://report-uri.cloudflare.com/cdn-cgi/beacon/expect-ct", Server=cloudflare, CF-RAY=5e446015a8e7ed8b-SJC, alt-svc=h3-27=":443"; ma=86400, h3-28=":443"; ma=86400, h3-29=":443"; ma=86400]
Unicity [Date=Sun, 18 Oct 2020 18:38:18 GMT, Content-Type=text/javascript; charset=utf-8, Content-Length=343, Connection=keep-alive, Set-Cookie=__cfduid=d441ea5a2db1caeb270dab5be36d10e271603046296; expires=Tue, 17-Nov-20 18:38:16 GMT; path=/; domain=.unicity.net; HttpOnly; SameSite=Lax, x-powered-by=Express, x-request-id=e45794c2-e11b-90a5-bc7a-d9d76462f76d,e45794c2-e11b-90a5-bc7a-d9d76462f76d, x-request-uuid=e45794c2-e11b-90a5-bc7a-d9d76462f76d, x-request-release=5-2020101602/master, access-control-allow-origin=http://enroll.ng.unicityqa.com, vary=Accept-Encoding, link=<http://unicity.github.io/Hydra.php/docs/v5/>; rel="help", cache-control=no-cache, must-revalidate, expires=0, content-language=en-US, x-status-code=500, content-encoding=gzip, x-envoy-upstream-service-time=1265, etag=W/"157-+/EL4694HZsgNQocOz/ZOuw6IqA", access-control-expose-headers=x-b3-traceid, x-request-id, x-b3-traceid=3578f29faa8f9392, CF-Cache-Status=DYNAMIC, cf-request-id=05de9a65300000025283886000000001, Expect-CT=max-age=604800, report-uri="https://report-uri.cloudflare.com/cdn-cgi/beacon/expect-ct", Server=cloudflare, CF-RAY=5e44601b8db40252-SJC, alt-svc=h3-27=":443"; ma=86400, h3-28=":443"; ma=86400, h3-29=":443"; ma=86400]
Unicity [Date=Sun, 18 Oct 2020 18:38:19 GMT, Content-Type=text/javascript; charset=utf-8, Content-Length=343, Connection=keep-alive, Set-Cookie=__cfduid=dcfe51b1a78cc1cfcce032ffd44558c531603046297; expires=Tue, 17-Nov-20 18:38:17 GMT; path=/; domain=.unicity.net; HttpOnly; SameSite=Lax, x-powered-by=Express, x-request-id=20e6b544-8293-9f1b-b891-c0bc8a96bbf0,20e6b544-8293-9f1b-b891-c0bc8a96bbf0, x-request-uuid=20e6b544-8293-9f1b-b891-c0bc8a96bbf0, x-request-release=5-2020101602/master, access-control-allow-origin=http://enroll.ng.unicityqa.com, vary=Accept-Encoding, link=<http://unicity.github.io/Hydra.php/docs/v5/>; rel="help", cache-control=no-cache, must-revalidate, expires=0, content-language=en-US, x-status-code=500, content-encoding=gzip, x-envoy-upstream-service-time=1273, etag=W/"157-c+T3/fRGTFlBQPWYsXk5T99hEdI", access-control-expose-headers=x-b3-traceid, x-request-id, x-b3-traceid=844e98a2a7c5d9db, CF-Cache-Status=DYNAMIC, cf-request-id=05de9a68460000ed8b6fbb3000000001, Expect-CT=max-age=604800, report-uri="https://report-uri.cloudflare.com/cdn-cgi/beacon/expect-ct", Server=cloudflare, CF-RAY=5e4460207f9aed8b-SJC, alt-svc=h3-27=":443"; ma=86400, h3-28=":443"; ma=86400, h3-29=":443"; ma=86400]
Unicity [Date=Sun, 18 Oct 2020 18:38:19 GMT, Content-Type=text/javascript; charset=utf-8, Content-Length=344, Connection=keep-alive, Set-Cookie=__cfduid=d7d1e0efc8a0b64fb0c35bb2c6bb1dcb21603046298; expires=Tue, 17-Nov-20 18:38:18 GMT; path=/; domain=.unicity.net; HttpOnly; SameSite=Lax, x-powered-by=Express, x-request-id=429a25b6-00d6-93a3-9f09-7481f49d341b,429a25b6-00d6-93a3-9f09-7481f49d341b, x-request-uuid=429a25b6-00d6-93a3-9f09-7481f49d341b, x-request-release=5-2020101602/master, access-control-allow-origin=http://enroll.ng.unicityqa.com, vary=Accept-Encoding, link=<http://unicity.github.io/Hydra.php/docs/v5/>; rel="help", cache-control=no-cache, must-revalidate, expires=0, content-language=en-US, x-status-code=500, content-encoding=gzip, x-envoy-upstream-service-time=1377, etag=W/"158-44prJNxU4Qh1N5gXy7bQa9wczgo", access-control-expose-headers=x-b3-traceid, x-request-id, x-b3-traceid=a9cae5d0d79919ed, CF-Cache-Status=DYNAMIC, cf-request-id=05de9a6a97000002528a015000000001, Expect-CT=max-age=604800, report-uri="https://report-uri.cloudflare.com/cdn-cgi/beacon/expect-ct", Server=cloudflare, CF-RAY=5e4460242a930252-SJC, alt-svc=h3-27=":443"; ma=86400, h3-28=":443"; ma=86400, h3-29=":443"; ma=86400]
Unicity [Date=Sun, 18 Oct 2020 18:38:20 GMT, Content-Type=text/javascript; charset=utf-8, Content-Length=342, Connection=keep-alive, Set-Cookie=__cfduid=de9e66b6a3535369afdca030879e61fc71603046299; expires=Tue, 17-Nov-20 18:38:19 GMT; path=/; domain=.unicity.net; HttpOnly; SameSite=Lax, x-powered-by=Express, x-request-id=302f27bd-7de5-9eb7-9537-f37cd68fd6c5,302f27bd-7de5-9eb7-9537-f37cd68fd6c5, x-request-uuid=302f27bd-7de5-9eb7-9537-f37cd68fd6c5, x-request-release=5-2020101602/master, access-control-allow-origin=http://enroll.ng.unicityqa.com, vary=Accept-Encoding, link=<http://unicity.github.io/Hydra.php/docs/v5/>; rel="help", cache-control=no-cache, must-revalidate, expires=0, content-language=en-US, x-status-code=500, content-encoding=gzip, x-envoy-upstream-service-time=1363, etag=W/"156-7pyzUzLAaPdER+W1qnHcWEIsIjk", access-control-expose-headers=x-b3-traceid, x-request-id, x-b3-traceid=ff3c4b6e1a6613fe, CF-Cache-Status=DYNAMIC, cf-request-id=05de9a6db60000ed8b4a848000000001, Expect-CT=max-age=604800, report-uri="https://report-uri.cloudflare.com/cdn-cgi/beacon/expect-ct", Server=cloudflare, CF-RAY=5e4460292beced8b-SJC, alt-svc=h3-27=":443"; ma=86400, h3-28=":443"; ma=86400, h3-29=":443"; ma=86400]
Unicity [Date=Sun, 18 Oct 2020 18:38:21 GMT, Content-Type=text/javascript; charset=utf-8, Content-Length=342, Connection=keep-alive, Set-Cookie=__cfduid=dd9608d103ce1e2ee01ef3ba896e9f1f31603046299; expires=Tue, 17-Nov-20 18:38:19 GMT; path=/; domain=.unicity.net; HttpOnly; SameSite=Lax, x-powered-by=Express, x-request-id=0d65fa85-789d-946c-8afc-9d4db0ee1c9a,0d65fa85-789d-946c-8afc-9d4db0ee1c9a, x-request-uuid=0d65fa85-789d-946c-8afc-9d4db0ee1c9a, x-request-release=5-2020101602/master, access-control-allow-origin=http://enroll.ng.unicityqa.com, vary=Accept-Encoding, link=<http://unicity.github.io/Hydra.php/docs/v5/>; rel="help", cache-control=no-cache, must-revalidate, expires=0, content-language=en-US, x-status-code=500, content-encoding=gzip, x-envoy-upstream-service-time=1290, etag=W/"156-Njarci5KGffzqwHMPQWwEflTRiM", access-control-expose-headers=x-b3-traceid, x-request-id, x-b3-traceid=b83b3209582492b3, CF-Cache-Status=DYNAMIC, cf-request-id=05de9a706a000002521f39e000000001, Expect-CT=max-age=604800, report-uri="https://report-uri.cloudflare.com/cdn-cgi/beacon/expect-ct", Server=cloudflare, CF-RAY=5e44602d7b100252-SJC, alt-svc=h3-27=":443"; ma=86400, h3-28=":443"; ma=86400, h3-29=":443"; ma=86400]
Unicity [Date=Sun, 18 Oct 2020 18:38:22 GMT, Content-Type=text/javascript; charset=utf-8, Content-Length=342, Connection=keep-alive, Set-Cookie=__cfduid=d451ebd6e0d53be41b8b2c9a1ea0180f11603046301; expires=Tue, 17-Nov-20 18:38:21 GMT; path=/; domain=.unicity.net; HttpOnly; SameSite=Lax, x-powered-by=Express, x-request-id=1e01fddb-1bf6-941c-ab2d-496ec45097e6,1e01fddb-1bf6-941c-ab2d-496ec45097e6, x-request-uuid=1e01fddb-1bf6-941c-ab2d-496ec45097e6, x-request-release=5-2020101602/master, access-control-allow-origin=http://enroll.ng.unicityqa.com, vary=Accept-Encoding, link=<http://unicity.github.io/Hydra.php/docs/v5/>; rel="help", cache-control=no-cache, must-revalidate, expires=0, content-language=en-US, x-status-code=500, content-encoding=gzip, x-envoy-upstream-service-time=1015, etag=W/"156-hD1MItnnPNoiMVZFMOBn4Ppv8b4", access-control-expose-headers=x-b3-traceid, x-request-id, x-b3-traceid=3c981ef13935e211, CF-Cache-Status=DYNAMIC, cf-request-id=05de9a77c200001fcbeb1b3000000001, Expect-CT=max-age=604800, report-uri="https://report-uri.cloudflare.com/cdn-cgi/beacon/expect-ct", Server=cloudflare, CF-RAY=5e446039391a1fcb-SJC, alt-svc=h3-27=":443"; ma=86400, h3-28=":443"; ma=86400, h3-29=":443"; ma=86400]
Request URL: https://hydraqa.unicity.net/v5a-test/addresses?country=US&zip=84097
Entry response : {"items":[{"city":"Orem","state":"UT"}]}
]]></system-out>
    <system-err><![CDATA[Starting ChromeDriver 2.36.540470 (e522d04694c7ebea4ba8821272dbef4f9b818c91) on port 4143
Only local connections are allowed.
[1603046160.238][SEVERE]: bind() returned an error: Only one usage of each socket address (protocol/network address/port) is normally permitted. (0x2740)
Oct 18, 2020 12:36:01 PM org.openqa.selenium.remote.ProtocolHandshake createSession
INFO: Detected dialect: OSS
]]></system-err>
  </testcase>
  <testcase name="Enroll" classname="Tests.PrefferedCustomer" time="111.49">
    <failure type="java.lang.NullPointerException">java.lang.NullPointerException
	at Tests.PrefferedCustomer.Enroll(PrefferedCustomer.java:102)
</failure>
    <system-out><![CDATA[Request URL: https://hydraqa.unicity.net/v5a-test/quotes?&expand=item
Entry Quotes response : {"items":[{"lines":{"items":[{"item":{"href":"https://hydraqa.unicity.net/v5a-test/items/bb1a7c3a2902e2cbc4cb2a22fdf1f499","id":{"unicity":"26993"}},"quantity":1,"terms":{"priceEach":284,"taxEach":{"amount":0},"discountEach":{"amount":0},"pvEach":150},"quantityLimit":{"quantityQuota":-1,"timeFrameDays":-1,"quantityOrdered":0}}]},"currency":"CAD"},{"lines":{"items":[{"item":{"href":"https://hydraqa.unicity.net/v5a-test/items/4b1b6b6007d154296fd6c4044c789f67","id":{"unicity":"28329"}},"quantity":1,"terms":{"priceEach":284,"taxEach":{"amount":0},"discountEach":{"amount":0},"pvEach":150},"quantityLimit":{"quantityQuota":-1,"timeFrameDays":-1,"quantityOrdered":0}}]},"currency":"CAD"},{"lines":{"items":[{"item":{"href":"https://hydraqa.unicity.net/v5a-test/items/576e0ebc8d1f5b26fc89bf3cd47a26c6","id":{"unicity":"26572"}},"quantity":1,"terms":{"priceEach":110,"taxEach":{"amount":0},"discountEach":{"amount":0},"pvEach":56},"quantityLimit":{"quantityQuota":-1,"timeFrameDays":-1,"quantityOrdered":0}}]},"currency":"CAD"},{"lines":{"items":[{"item":{"href":"https://hydraqa.unicity.net/v5a-test/items/46ea1edabdcf18f49817c437346958eb","id":{"unicity":"29147"}},"quantity":1,"terms":{"priceEach":85,"taxEach":{"amount":0},"discountEach":{"amount":0},"pvEach":33},"quantityLimit":{"quantityQuota":-1,"timeFrameDays":-1,"quantityOrdered":0}}]},"currency":"CAD"},{"lines":{"items":[{"item":{"href":"https://hydraqa.unicity.net/v5a-test/items/e77144fa2fcf6a4dc73c15b4d615c1aa","id":{"unicity":"28437"}},"quantity":1,"terms":{"priceEach":85,"taxEach":{"amount":0},"discountEach":{"amount":0},"pvEach":33},"quantityLimit":{"quantityQuota":-1,"timeFrameDays":-1,"quantityOrdered":0}}]},"currency":"CAD"},{"lines":{"items":[{"item":{"href":"https://hydraqa.unicity.net/v5a-test/items/8407b62b9c4120aa3dfe25c9feb76e4a","id":{"unicity":"28591"}},"quantity":1,"terms":{"priceEach":24,"taxEach":{"amount":0},"discountEach":{"amount":0},"pvEach":15},"quantityLimit":{"quantityQuota":-1,"timeFrameDays":-1,"quantityOrdered":0}}]},"currency":"CAD"},{"lines":{"items":[{"item":{"href":"https://hydraqa.unicity.net/v5a-test/items/10da226fab00279b4f89df10af2a10b7","id":{"unicity":"26442"}},"quantity":1,"terms":{"priceEach":10,"taxEach":{"amount":0},"discountEach":{"amount":0},"pvEach":0},"quantityLimit":{"quantityQuota":-1,"timeFrameDays":-1,"quantityOrdered":0}}]},"currency":"CAD"},{"lines":{"items":[{"item":{"href":"https://hydraqa.unicity.net/v5a-test/items/60b5ca15c481444657970edde11b04ce","id":{"unicity":"26571"}},"quantity":1,"terms":{"priceEach":110,"taxEach":{"amount":0},"discountEach":{"amount":0},"pvEach":56},"quantityLimit":{"quantityQuota":-1,"timeFrameDays":-1,"quantityOrdered":0}}]},"currency":"CAD"},{"lines":{"items":[{"item":{"href":"https://hydraqa.unicity.net/v5a-test/items/2ffc1563d3d0fd7121ca5b1c2184988e","id":{"unicity":"28428"}},"quantity":1,"terms":{"priceEach":111,"taxEach":{"amount":0},"discountEach":{"amount":0},"pvEach":62},"quantityLimit":{"quantityQuota":-1,"timeFrameDays":-1,"quantityOrdered":0}}]},"currency":"CAD"},{"lines":{"items":[{"item":{"href":"https://hydraqa.unicity.net/v5a-test/items/637af131553f5822bef2bb0f0577b2e9","id":{"unicity":"28160"}},"quantity":1,"terms":{"priceEach":118,"taxEach":{"amount":0},"discountEach":{"amount":0},"pvEach":62},"quantityLimit":{"quantityQuota":-1,"timeFrameDays":-1,"quantityOrdered":0}}]},"currency":"CAD"},{"lines":{"items":[{"item":{"href":"https://hydraqa.unicity.net/v5a-test/items/c4744f6ba328b983bfffc7e1e4416ff3","id":{"unicity":"26565"}},"quantity":1,"terms":{"priceEach":117,"taxEach":{"amount":0},"discountEach":{"amount":0},"pvEach":64},"quantityLimit":{"quantityQuota":-1,"timeFrameDays":-1,"quantityOrdered":0}}]},"currency":"CAD"},{"lines":{"items":[{"item":{"href":"https://hydraqa.unicity.net/v5a-test/items/fe97499574f54ccd16daec7361208411","id":{"unicity":"26570"}},"quantity":1,"terms":{"priceEach":26,"taxEach":{"amount":0},"discountEach":{"amount":0},"pvEach":13},"quantityLimit":{"quantityQuota":-1,"timeFrameDays":-1,"quantityOrdered":0}}]},"currency":"CAD"},{"lines":{"items":[{"item":{"href":"https://hydraqa.unicity.net/v5a-test/items/ae14f4659032c9e8591a7ac76abd1ad5","id":{"unicity":"26569"}},"quantity":1,"terms":{"priceEach":50,"taxEach":{"amount":0},"discountEach":{"amount":0},"pvEach":30},"quantityLimit":{"quantityQuota":-1,"timeFrameDays":-1,"quantityOrdered":0}}]},"currency":"CAD"},{"lines":{"items":[{"item":{"href":"https://hydraqa.unicity.net/v5a-test/items/351c19047c5c800d2db6963b3af5df78","id":{"unicity":"27080"}},"quantity":1,"terms":{"priceEach":67,"taxEach":{"amount":0},"discountEach":{"amount":0},"pvEach":35},"quantityLimit":{"quantityQuota":-1,"timeFrameDays":-1,"quantityOrdered":0}}]},"currency":"CAD"},{"lines":{"items":[{"item":{"href":"https://hydraqa.unicity.net/v5a-test/items/f847ce37f5942a226f74e671c86709f8","id":{"unicity":"28787"}},"quantity":1,"terms":{"priceEach":39,"taxEach":{"amount":0},"discountEach":{"amount":0},"pvEach":17},"quantityLimit":{"quantityQuota":-1,"timeFrameDays":-1,"quantityOrdered":0}}]},"currency":"CAD"},{"lines":{"items":[{"item":{"href":"https://hydraqa.unicity.net/v5a-test/items/b24413d1812bb9c95ba6ff7e26bad8ff","id":{"unicity":"26566"}},"quantity":1,"terms":{"priceEach":54,"taxEach":{"amount":0},"discountEach":{"amount":0},"pvEach":32},"quantityLimit":{"quantityQuota":-1,"timeFrameDays":-1,"quantityOrdered":0}}]},"currency":"CAD"},{"lines":{"items":[{"item":{"href":"https://hydraqa.unicity.net/v5a-test/items/6e0e7450f45cb9412e5b4642dd1469cb","id":{"unicity":"26579"}},"quantity":1,"terms":{"priceEach":24,"taxEach":{"amount":0},"discountEach":{"amount":0},"pvEach":13},"quantityLimit":{"quantityQuota":-1,"timeFrameDays":-1,"quantityOrdered":0}}]},"currency":"CAD"},{"lines":{"items":[{"item":{"href":"https://hydraqa.unicity.net/v5a-test/items/828f9b5bdbceaa7cd3ca6a4532632635","id":{"unicity":"19356"}},"quantity":1,"terms":{"priceEach":41,"taxEach":{"amount":0},"discountEach":{"amount":0},"pvEach":21},"quantityLimit":{"quantityQuota":-1,"timeFrameDays":-1,"quantityOrdered":0}}]},"currency":"CAD"},{"lines":{"items":[{"item":{"href":"https://hydraqa.unicity.net/v5a-test/items/cb1cb2d293cc48affee9b2026c31313a","id":{"unicity":"28928"}},"quantity":1,"terms":{"priceEach":47,"taxEach":{"amount":0},"discountEach":{"amount":0},"pvEach":13},"quantityLimit":{"quantityQuota":-1,"timeFrameDays":-1,"quantityOrdered":0}}]},"currency":"CAD"},{"lines":{"items":[{"item":{"href":"https://hydraqa.unicity.net/v5a-test/items/a40ede5f6847ec094ad8a38616ced7d0","id":{"unicity":"28100"}},"quantity":1,"terms":{"priceEach":46,"taxEach":{"amount":0},"discountEach":{"amount":0},"pvEach":25},"quantityLimit":{"quantityQuota":-1,"timeFrameDays":-1,"quantityOrdered":0}}]},"currency":"CAD"},{"lines":{"items":[{"item":{"href":"https://hydraqa.unicity.net/v5a-test/items/1b0412bea8c0b841c66f65a36aa14108","id":{"unicity":"29191"}},"quantity":1,"terms":{"priceEach":104,"taxEach":{"amount":0},"discountEach":{"amount":0},"pvEach":36},"quantityLimit":{"quantityQuota":-1,"timeFrameDays":-1,"quantityOrdered":0}}]},"currency":"CAD"},{"lines":{"items":[{"item":{"href":"https://hydraqa.unicity.net/v5a-test/items/e84750c27b2b9f10e6b4d2ab5a1954ba","id":{"unicity":"30115"}},"quantity":1,"terms":{"priceEach":137,"taxEach":{"amount":0},"discountEach":{"amount":0},"pvEach":56},"quantityLimit":{"quantityQuota":-1,"timeFrameDays":-1,"quantityOrdered":0}}]},"currency":"CAD"},{"lines":{"items":[{"item":{"href":"https://hydraqa.unicity.net/v5a-test/items/42d7ab6b9834716f6ebdd66f1a86d7b1","id":{"unicity":"30980"}},"quantity":1,"terms":{"priceEach":25,"taxEach":{"amount":0},"discountEach":{"amount":0},"pvEach":8},"quantityLimit":{"quantityQuota":-1,"timeFrameDays":-1,"quantityOrdered":0}}]},"currency":"CAD"},{"lines":{"items":[{"item":{"href":"https://hydraqa.unicity.net/v5a-test/items/0e78fbdfebef11cd62f8d2120064ee58","id":{"unicity":"30280"}},"quantity":1,"terms":{"priceEach":69,"taxEach":{"amount":0},"discountEach":{"amount":0},"pvEach":24},"quantityLimit":{"quantityQuota":-1,"timeFrameDays":-1,"quantityOrdered":0}}]},"currency":"CAD"},{"lines":{"items":[{"item":{"href":"https://hydraqa.unicity.net/v5a-test/items/5c430db0256426c4b730bc6994a94a02","id":{"unicity":"31773"}},"quantity":1,"terms":{"priceEach":34,"taxEach":{"amount":0},"discountEach":{"amount":0},"pvEach":13},"quantityLimit":{"quantityQuota":-1,"timeFrameDays":-1,"quantityOrdered":0}}]},"currency":"CAD"},{"lines":{"items":[{"item":{"href":"https://hydraqa.unicity.net/v5a-test/items/cfc721c9fb00317ed614492f65f21460","id":{"unicity":"31288"}},"quantity":1,"terms":{"priceEach":59,"taxEach":{"amount":0},"discountEach":{"amount":0},"pvEach":30},"quantityLimit":{"quantityQuota":-1,"timeFrameDays":-1,"quantityOrdered":0}}]},"currency":"CAD"},{"lines":{"items":[{"item":{"href":"https://hydraqa.unicity.net/v5a-test/items/4916b998c4d0c83c68449a17ea6c1e4c","id":{"unicity":"33457"}},"quantity":1,"terms":{"priceEach":221,"taxEach":{"amount":0},"discountEach":{"amount":0},"pvEach":116},"quantityLimit":{"quantityQuota":-1,"timeFrameDays":-1,"quantityOrdered":0}}]},"currency":"CAD"}]}
Entry request : {"order":{"customer":{"href":"https://hydraqa.unicity.net/v5a-test/customers?type=PreferredCustomer"},"shipToAddress":{"country":"CA"}},"vary":{"lines":{"items":[{"item":{"href":"https://hydraqa.unicity.net/v5a-test/items?id.unicity=26993|31440|31442|27184|28325|28327|28329|26572|29449|29147|28437|28591|26580|26442|28370|26571|28326|28328|26994|26995|28330|28331|28428|28160|26565|26570|26569|27589|27080|28787|26566|26579|19356|28928|20436|28100|28845|29183|29185|29191|30115|30980|31110|30280|31773|31288|33457|30136|31849"}}]}}}
Request URL: https://hydraqa.unicity.net/v5a-test/customers.js?callback=angular.callbacks._1&expand=customer,profilePicture&id.unicity=2
]]></system-out>
    <system-err><![CDATA[Starting ChromeDriver 2.36.540470 (e522d04694c7ebea4ba8821272dbef4f9b818c91) on port 2985
Only local connections are allowed.
Oct 18, 2020 12:38:56 PM org.openqa.selenium.remote.ProtocolHandshake createSession
INFO: Detected dialect: OSS
]]></system-err>
  </testcase>
  <testcase name="Enroll" classname="Tests.PrefferedCustomer" time="0">
    <skipped/>
  </testcase>
  <testcase name="Enroll" classname="Tests.PrefferedCustomer" time="0">
    <skipped/>
  </testcase>
  <testcase name="Enroll" classname="Tests.PrefferedCustomer" time="0">
    <skipped/>
  </testcase>
  <testcase name="Enroll" classname="Tests.PrefferedCustomer" time="0">
    <skipped/>
  </testcase>
  <testcase name="Enroll" classname="Tests.PrefferedCustomer" time="0">
    <skipped/>
  </testcase>
  <testcase name="Enroll" classname="Tests.PrefferedCustomer" time="0">
    <skipped/>
  </testcase>
  <testcase name="Enroll" classname="Tests.PrefferedCustomer" time="0">
    <skipped/>
  </testcase>
  <testcase name="Enroll" classname="Tests.PrefferedCustomer" time="0">
    <skipped/>
  </testcase>
  <testcase name="PostCondition" classname="Tests.PrefferedCustomer" time="111.805">
    <failure type="java.lang.NullPointerException">java.lang.NullPointerException
</failure>
  </testcase>
  <testcase name="PostCondition" classname="Tests.PrefferedCustomer" time="0">
    <skipped/>
  </testcase>
  <testcase name="PostCondition" classname="Tests.PrefferedCustomer" time="0">
    <skipped/>
  </testcase>
  <testcase name="PostCondition" classname="Tests.PrefferedCustomer" time="0">
    <skipped/>
  </testcase>
  <testcase name="PostCondition" classname="Tests.PrefferedCustomer" time="0">
    <skipped/>
  </testcase>
  <testcase name="PostCondition" classname="Tests.PrefferedCustomer" time="0">
    <skipped/>
  </testcase>
  <testcase name="PostCondition" classname="Tests.PrefferedCustomer" time="0">
    <skipped/>
  </testcase>
  <testcase name="PostCondition" classname="Tests.PrefferedCustomer" time="0">
    <skipped/>
  </testcase>
  <testcase name="PostCondition" classname="Tests.PrefferedCustomer" time="0">
    <skipped/>
  </testcase>
  <testcase name="PreConditon" classname="Tests.PrefferedCustomer" time="0">
    <skipped/>
  </testcase>
  <testcase name="PreConditon" classname="Tests.PrefferedCustomer" time="0">
    <skipped/>
  </testcase>
  <testcase name="PreConditon" classname="Tests.PrefferedCustomer" time="0">
    <skipped/>
  </testcase>
  <testcase name="PreConditon" classname="Tests.PrefferedCustomer" time="0">
    <skipped/>
  </testcase>
  <testcase name="PreConditon" classname="Tests.PrefferedCustomer" time="0">
    <skipped/>
  </testcase>
  <testcase name="PreConditon" classname="Tests.PrefferedCustomer" time="0">
    <skipped/>
  </testcase>
  <testcase name="PreConditon" classname="Tests.PrefferedCustomer" time="0">
    <skipped/>
  </testcase>
  <testcase name="PreConditon" classname="Tests.PrefferedCustomer" time="0">
    <skipped/>
  </testcase>
  <testcase name="GetFit" classname="Tests.Fit" time="43.43">
    <failure type="java.lang.NullPointerException">java.lang.NullPointerException
	at Tests.Fit.GetFit(Fit.java:67)
</failure>
    <system-out><![CDATA[Start----GB-en
Request URL: https://hydraqa.unicity.net/v5a-test/customers.js?callback=angular.callbacks._1&expand=customer,profilePicture&id.unicity=2
]]></system-out>
    <system-err><![CDATA[Starting ChromeDriver 2.36.540470 (e522d04694c7ebea4ba8821272dbef4f9b818c91) on port 22109
Only local connections are allowed.
Oct 18, 2020 12:40:52 PM org.openqa.selenium.remote.ProtocolHandshake createSession
INFO: Detected dialect: OSS
]]></system-err>
  </testcase>
  <testcase name="GetFit" classname="Tests.Fit" time="0">
    <skipped/>
  </testcase>
  <testcase name="GetFit" classname="Tests.Fit" time="0">
    <skipped/>
  </testcase>
  <testcase name="GetFit" classname="Tests.Fit" time="0">
    <skipped/>
  </testcase>
  <testcase name="GetFit" classname="Tests.Fit" time="0">
    <skipped/>
  </testcase>
  <testcase name="PostCondition" classname="Tests.Fit" time="43.744">
    <failure type="java.lang.NullPointerException">java.lang.NullPointerException
</failure>
  </testcase>
  <testcase name="PostCondition" classname="Tests.Fit" time="0">
    <skipped/>
  </testcase>
  <testcase name="PostCondition" classname="Tests.Fit" time="0">
    <skipped/>
  </testcase>
  <testcase name="PostCondition" classname="Tests.Fit" time="0">
    <skipped/>
  </testcase>
  <testcase name="PostCondition" classname="Tests.Fit" time="0">
    <skipped/>
  </testcase>
  <testcase name="PreConditon" classname="Tests.Fit" time="0">
    <skipped/>
  </testcase>
  <testcase name="PreConditon" classname="Tests.Fit" time="0">
    <skipped/>
  </testcase>
  <testcase name="PreConditon" classname="Tests.Fit" time="0">
    <skipped/>
  </testcase>
  <testcase name="PreConditon" classname="Tests.Fit" time="0">
    <skipped/>
  </testcase>
  <testcase name="Patient" classname="Tests.PatientPortal" time="110.491">
    <failure type="java.lang.NullPointerException">java.lang.NullPointerException
	at Tests.PatientPortal.Patient(PatientPortal.java:64)
</failure>
    <system-out><![CDATA[Request URL: https://hydraqa.unicity.net/v5a-test/quotes?&expand=item
Entry Quotes response : {"items":[{"lines":{"items":[{"item":{"href":"https://hydraqa.unicity.net/v5a-test/items/051e765a5a71835a859c2757edd359f0","id":{"unicity":"26580"}},"quantity":1,"terms":{"priceEach":225,"taxEach":{"amount":0},"discountEach":{"amount":0},"pvEach":130},"quantityLimit":{"quantityQuota":-1,"timeFrameDays":-1,"quantityOrdered":0}}]},"currency":"USD"},{"lines":{"items":[{"item":{"href":"https://hydraqa.unicity.net/v5a-test/items/38da42f991a40a00153b2e5055b82dbf","id":{"unicity":"27801"}},"quantity":1,"terms":{"priceEach":225,"taxEach":{"amount":0},"discountEach":{"amount":0},"pvEach":130},"quantityLimit":{"quantityQuota":-1,"timeFrameDays":-1,"quantityOrdered":0}}]},"currency":"USD"},{"lines":{"items":[{"item":{"href":"https://hydraqa.unicity.net/v5a-test/items/390a7ae70d5669561ecdf7d5cff2671b","id":{"unicity":"15271"}},"quantity":1,"terms":{"priceEach":89,"taxEach":{"amount":0},"discountEach":{"amount":0},"pvEach":27},"quantityLimit":{"quantityQuota":-1,"timeFrameDays":-1,"quantityOrdered":0}}]},"currency":"USD"},{"lines":{"items":[{"item":{"href":"https://hydraqa.unicity.net/v5a-test/items/9a7715e888c94989d898fe4653645721","id":{"unicity":"26550"}},"quantity":1,"terms":{"priceEach":99,"taxEach":{"amount":0},"discountEach":{"amount":0},"pvEach":52},"quantityLimit":{"quantityQuota":-1,"timeFrameDays":-1,"quantityOrdered":0}}]},"currency":"USD"},{"lines":{"items":[{"item":{"href":"https://hydraqa.unicity.net/v5a-test/items/3af97c67f653253825a9189a27da57d6","id":{"unicity":"26556"}},"quantity":1,"terms":{"priceEach":101,"taxEach":{"amount":0},"discountEach":{"amount":0},"pvEach":61},"quantityLimit":{"quantityQuota":-1,"timeFrameDays":-1,"quantityOrdered":0}}]},"currency":"USD"},{"lines":{"items":[{"item":{"href":"https://hydraqa.unicity.net/v5a-test/items/0cf62d38e91953b43dcfe88b06f813cb","id":{"unicity":"26557"}},"quantity":1,"terms":{"priceEach":101,"taxEach":{"amount":0},"discountEach":{"amount":0},"pvEach":61},"quantityLimit":{"quantityQuota":-1,"timeFrameDays":-1,"quantityOrdered":0}}]},"currency":"USD"},{"lines":{"items":[{"item":{"href":"https://hydraqa.unicity.net/v5a-test/items/cda534d686af5d627c94c4bb2c4b57d8","id":{"unicity":"26561"}},"quantity":1,"terms":{"priceEach":21,"taxEach":{"amount":0},"discountEach":{"amount":0},"pvEach":11},"quantityLimit":{"quantityQuota":-1,"timeFrameDays":-1,"quantityOrdered":0}}]},"currency":"USD"},{"lines":{"items":[{"item":{"href":"https://hydraqa.unicity.net/v5a-test/items/0a3ede185ddf034630afd891c5106d33","id":{"unicity":"26562"}},"quantity":1,"terms":{"priceEach":43,"taxEach":{"amount":0},"discountEach":{"amount":0},"pvEach":25},"quantityLimit":{"quantityQuota":-1,"timeFrameDays":-1,"quantityOrdered":0}}]},"currency":"USD"},{"lines":{"items":[{"item":{"href":"https://hydraqa.unicity.net/v5a-test/items/1945faa1776541d53120ecfe3c1d8a2b","id":{"unicity":"24418"}},"quantity":1,"terms":{"priceEach":7,"taxEach":{"amount":0},"discountEach":{"amount":0},"pvEach":0},"quantityLimit":{"quantityQuota":-1,"timeFrameDays":-1,"quantityOrdered":0}}]},"currency":"USD"},{"lines":{"items":[{"item":{"href":"https://hydraqa.unicity.net/v5a-test/items/b127a2d34d3d73e2f53e4c2002a7a4a2","id":{"unicity":"25008"}},"quantity":1,"terms":{"priceEach":24,"taxEach":{"amount":0},"discountEach":{"amount":0},"pvEach":15},"quantityLimit":{"quantityQuota":-1,"timeFrameDays":-1,"quantityOrdered":0}}]},"currency":"USD"},{"lines":{"items":[{"item":{"href":"https://hydraqa.unicity.net/v5a-test/items/10da226fab00279b4f89df10af2a10b7","id":{"unicity":"26442"}},"quantity":1,"terms":{"priceEach":8,"taxEach":{"amount":0},"discountEach":{"amount":0},"pvEach":0},"quantityLimit":{"quantityQuota":-1,"timeFrameDays":-1,"quantityOrdered":0}}]},"currency":"USD"},{"lines":{"items":[{"item":{"href":"https://hydraqa.unicity.net/v5a-test/items/933f0856fd8ec1df83c5283dabf4ec3c","id":{"unicity":"6200"}},"quantity":1,"terms":{"priceEach":88,"taxEach":{"amount":0},"discountEach":{"amount":0},"pvEach":47},"quantityLimit":{"quantityQuota":-1,"timeFrameDays":-1,"quantityOrdered":0}}]},"currency":"USD"},{"lines":{"items":[{"item":{"href":"https://hydraqa.unicity.net/v5a-test/items/8d994059c399f5551ab112574e4476fc","id":{"unicity":"24785"}},"quantity":1,"terms":{"priceEach":18,"taxEach":{"amount":0},"discountEach":{"amount":0},"pvEach":9},"quantityLimit":{"quantityQuota":-1,"timeFrameDays":-1,"quantityOrdered":0}}]},"currency":"USD"},{"lines":{"items":[{"item":{"href":"https://hydraqa.unicity.net/v5a-test/items/aa0d72ac13b1ce88cf8c4a52ede75a37","id":{"unicity":"26552"}},"quantity":1,"terms":{"priceEach":89,"taxEach":{"amount":0},"discountEach":{"amount":0},"pvEach":50},"quantityLimit":{"quantityQuota":-1,"timeFrameDays":-1,"quantityOrdered":0}}]},"currency":"USD"},{"lines":{"items":[{"item":{"href":"https://hydraqa.unicity.net/v5a-test/items/e218d1cac5f31e7ae4f5876c29c57377","id":{"unicity":"29017"}},"quantity":1,"terms":{"priceEach":49,"taxEach":{"amount":0},"discountEach":{"amount":0},"pvEach":26},"quantityLimit":{"quantityQuota":-1,"timeFrameDays":-1,"quantityOrdered":0}}]},"currency":"USD"},{"lines":{"items":[{"item":{"href":"https://hydraqa.unicity.net/v5a-test/items/c674cdded8a54983aae3c5dcb32c9e38","id":{"unicity":"32628"}},"quantity":1,"terms":{"priceEach":89,"taxEach":{"amount":0},"discountEach":{"amount":0},"pvEach":50},"quantityLimit":{"quantityQuota":-1,"timeFrameDays":-1,"quantityOrdered":0}}]},"currency":"USD"}]}
Entry request : {"order":{"customer":{"href":"https://hydraqa.unicity.net/v5a-test/customers?type=PreferredCustomer"},"shipToAddress":{"country":"US"}},"vary":{"lines":{"items":[{"item":{"href":"https://hydraqa.unicity.net/v5a-test/items?id.unicity=26580|27801|15271|26550|26556|26557|26561|26562|24418|25008|26442|6200|15916|18908|24785|26552|29017|32628"}}]}}}
Request URL: https://hydraqa.unicity.net/v5a-test/customers.js?callback=angular.callbacks._1&expand=customer,profilePicture&id.unicity=2
]]></system-out>
    <system-err><![CDATA[Starting ChromeDriver 2.36.540470 (e522d04694c7ebea4ba8821272dbef4f9b818c91) on port 41741
Only local connections are allowed.
Oct 18, 2020 12:41:43 PM org.openqa.selenium.remote.ProtocolHandshake createSession
INFO: Detected dialect: OSS
]]></system-err>
  </testcase>
  <testcase name="Patient" classname="Tests.PatientPortal" time="0">
    <skipped/>
  </testcase>
  <testcase name="Patient" classname="Tests.PatientPortal" time="0">
    <skipped/>
  </testcase>
  <testcase name="Patient" classname="Tests.PatientPortal" time="0">
    <skipped/>
  </testcase>
  <testcase name="PostCondition" classname="Tests.PatientPortal" time="110.803">
    <failure type="java.lang.NullPointerException">java.lang.NullPointerException
</failure>
  </testcase>
  <testcase name="PostCondition" classname="Tests.PatientPortal" time="0">
    <skipped/>
  </testcase>
  <testcase name="PostCondition" classname="Tests.PatientPortal" time="0">
    <skipped/>
  </testcase>
  <testcase name="PostCondition" classname="Tests.PatientPortal" time="0">
    <skipped/>
  </testcase>
  <testcase name="PreConditon" classname="Tests.PatientPortal" time="0">
    <skipped/>
  </testcase>
  <testcase name="PreConditon" classname="Tests.PatientPortal" time="0">
    <skipped/>
  </testcase>
  <testcase name="PreConditon" classname="Tests.PatientPortal" time="0">
    <skipped/>
  </testcase>
  <testcase name="PassReferralID" classname="Tests.HealthCareProducts" time="119.857">
    <failure message="Critical A-Z section not displaying" type="java.lang.AssertionError">java.lang.AssertionError: Critical A-Z section not displaying
	at Tests.HealthCareProducts.PassReferralID(HealthCareProducts.java:64)
</failure>
    <system-out><![CDATA[Request URL: https://hydraqa.unicity.net/v5a-test/quotes?&expand=item
Entry Quotes response : {"items":[{"lines":{"items":[{"item":{"href":"https://hydraqa.unicity.net/v5a-test/items/1945faa1776541d53120ecfe3c1d8a2b","id":{"unicity":"24418"}},"quantity":1,"terms":{"priceEach":5,"taxEach":{"amount":0},"discountEach":{"amount":0},"pvEach":0},"quantityLimit":{"quantityQuota":-1,"timeFrameDays":-1,"quantityOrdered":0}}]},"currency":"USD"},{"lines":{"items":[{"item":{"href":"https://hydraqa.unicity.net/v5a-test/items/b127a2d34d3d73e2f53e4c2002a7a4a2","id":{"unicity":"25008"}},"quantity":1,"terms":{"priceEach":19,"taxEach":{"amount":0},"discountEach":{"amount":0},"pvEach":15},"quantityLimit":{"quantityQuota":-1,"timeFrameDays":-1,"quantityOrdered":0}}]},"currency":"USD"},{"lines":{"items":[{"item":{"href":"https://hydraqa.unicity.net/v5a-test/items/e218d1cac5f31e7ae4f5876c29c57377","id":{"unicity":"29017"}},"quantity":1,"terms":{"priceEach":38,"taxEach":{"amount":0},"discountEach":{"amount":0},"pvEach":26},"quantityLimit":{"quantityQuota":-1,"timeFrameDays":-1,"quantityOrdered":0}}]},"currency":"USD"}]}
Entry request : {"order":{"customer":{"href":"https://hydraqa.unicity.net/v5a-test/customers?type=Associate"},"shipToAddress":{"country":"US"}},"vary":{"lines":{"items":[{"item":{"href":"https://hydraqa.unicity.net/v5a-test/items?id.unicity=27228|27227|27226|24418|25008|29017"}}]}}}
]]></system-out>
    <system-err><![CDATA[Starting ChromeDriver 2.36.540470 (e522d04694c7ebea4ba8821272dbef4f9b818c91) on port 41305
Only local connections are allowed.
[1603046618.694][SEVERE]: bind() returned an error: Only one usage of each socket address (protocol/network address/port) is normally permitted. (0x2740)
Oct 18, 2020 12:43:40 PM org.openqa.selenium.remote.ProtocolHandshake createSession
INFO: Detected dialect: OSS
]]></system-err>
  </testcase>
  <testcase name="PassReferralID" classname="Tests.HealthCareProducts" time="119.832">
    <failure message="Critical A-Z section not displaying" type="java.lang.AssertionError">java.lang.AssertionError: Critical A-Z section not displaying
	at Tests.HealthCareProducts.PassReferralID(HealthCareProducts.java:64)
</failure>
    <system-out><![CDATA[Request URL: https://hydraqa.unicity.net/v5a-test/quotes?&expand=item
Entry Quotes response : {"items":[{"lines":{"items":[{"item":{"href":"https://hydraqa.unicity.net/v5a-test/items/1945faa1776541d53120ecfe3c1d8a2b","id":{"unicity":"24418"}},"quantity":1,"terms":{"priceEach":5,"taxEach":{"amount":0},"discountEach":{"amount":0},"pvEach":0},"quantityLimit":{"quantityQuota":-1,"timeFrameDays":-1,"quantityOrdered":0}}]},"currency":"USD"},{"lines":{"items":[{"item":{"href":"https://hydraqa.unicity.net/v5a-test/items/b127a2d34d3d73e2f53e4c2002a7a4a2","id":{"unicity":"25008"}},"quantity":1,"terms":{"priceEach":19,"taxEach":{"amount":0},"discountEach":{"amount":0},"pvEach":15},"quantityLimit":{"quantityQuota":-1,"timeFrameDays":-1,"quantityOrdered":0}}]},"currency":"USD"},{"lines":{"items":[{"item":{"href":"https://hydraqa.unicity.net/v5a-test/items/e218d1cac5f31e7ae4f5876c29c57377","id":{"unicity":"29017"}},"quantity":1,"terms":{"priceEach":38,"taxEach":{"amount":0},"discountEach":{"amount":0},"pvEach":26},"quantityLimit":{"quantityQuota":-1,"timeFrameDays":-1,"quantityOrdered":0}}]},"currency":"USD"}]}
Entry request : {"order":{"customer":{"href":"https://hydraqa.unicity.net/v5a-test/customers?type=Associate"},"shipToAddress":{"country":"US"}},"vary":{"lines":{"items":[{"item":{"href":"https://hydraqa.unicity.net/v5a-test/items?id.unicity=27228|27227|27226|24418|25008|29017"}}]}}}
]]></system-out>
    <system-err><![CDATA[Starting ChromeDriver 2.36.540470 (e522d04694c7ebea4ba8821272dbef4f9b818c91) on port 39495
Only local connections are allowed.
Oct 18, 2020 12:45:45 PM org.openqa.selenium.remote.ProtocolHandshake createSession
INFO: Detected dialect: OSS
]]></system-err>
  </testcase>
  <testcase name="PassReferralID" classname="Tests.HealthCareProducts" time="119.92">
    <failure message="Critical A-Z section not displaying" type="java.lang.AssertionError">java.lang.AssertionError: Critical A-Z section not displaying
	at Tests.HealthCareProducts.PassReferralID(HealthCareProducts.java:64)
</failure>
    <system-out><![CDATA[Request URL: https://hydraqa.unicity.net/v5a-test/quotes?&expand=item
Entry Quotes response : {"items":[{"lines":{"items":[{"item":{"href":"https://hydraqa.unicity.net/v5a-test/items/46ea1edabdcf18f49817c437346958eb","id":{"unicity":"29147"}},"quantity":1,"terms":{"priceEach":74,"taxEach":{"amount":0},"discountEach":{"amount":0},"pvEach":33},"quantityLimit":{"quantityQuota":-1,"timeFrameDays":-1,"quantityOrdered":0}}]},"currency":"CAD"},{"lines":{"items":[{"item":{"href":"https://hydraqa.unicity.net/v5a-test/items/e77144fa2fcf6a4dc73c15b4d615c1aa","id":{"unicity":"28437"}},"quantity":1,"terms":{"priceEach":74,"taxEach":{"amount":0},"discountEach":{"amount":0},"pvEach":33},"quantityLimit":{"quantityQuota":-1,"timeFrameDays":-1,"quantityOrdered":0}}]},"currency":"CAD"},{"lines":{"items":[{"item":{"href":"https://hydraqa.unicity.net/v5a-test/items/8407b62b9c4120aa3dfe25c9feb76e4a","id":{"unicity":"28591"}},"quantity":1,"terms":{"priceEach":21,"taxEach":{"amount":0},"discountEach":{"amount":0},"pvEach":15},"quantityLimit":{"quantityQuota":-1,"timeFrameDays":-1,"quantityOrdered":0}}]},"currency":"CAD"}]}
Entry request : {"order":{"customer":{"href":"https://hydraqa.unicity.net/v5a-test/customers?type=Associate"},"shipToAddress":{"country":"CA"}},"vary":{"lines":{"items":[{"item":{"href":"https://hydraqa.unicity.net/v5a-test/items?id.unicity=27302|27305|27301|27304|27300|27303|24418|29147|28437|28591"}}]}}}
]]></system-out>
    <system-err><![CDATA[Starting ChromeDriver 2.36.540470 (e522d04694c7ebea4ba8821272dbef4f9b818c91) on port 16235
Only local connections are allowed.
Oct 18, 2020 12:47:51 PM org.openqa.selenium.remote.ProtocolHandshake createSession
INFO: Detected dialect: OSS
]]></system-err>
  </testcase>
  <testcase name="PassReferralID" classname="Tests.HealthCareProducts" time="119.972">
    <failure message="Critical A-Z section not displaying" type="java.lang.AssertionError">java.lang.AssertionError: Critical A-Z section not displaying
	at Tests.HealthCareProducts.PassReferralID(HealthCareProducts.java:64)
</failure>
    <system-out><![CDATA[Request URL: https://hydraqa.unicity.net/v5a-test/quotes?&expand=item
Entry Quotes response : {"items":[{"lines":{"items":[{"item":{"href":"https://hydraqa.unicity.net/v5a-test/items/46ea1edabdcf18f49817c437346958eb","id":{"unicity":"29147"}},"quantity":1,"terms":{"priceEach":74,"taxEach":{"amount":0},"discountEach":{"amount":0},"pvEach":33},"quantityLimit":{"quantityQuota":-1,"timeFrameDays":-1,"quantityOrdered":0}}]},"currency":"CAD"},{"lines":{"items":[{"item":{"href":"https://hydraqa.unicity.net/v5a-test/items/e77144fa2fcf6a4dc73c15b4d615c1aa","id":{"unicity":"28437"}},"quantity":1,"terms":{"priceEach":74,"taxEach":{"amount":0},"discountEach":{"amount":0},"pvEach":33},"quantityLimit":{"quantityQuota":-1,"timeFrameDays":-1,"quantityOrdered":0}}]},"currency":"CAD"},{"lines":{"items":[{"item":{"href":"https://hydraqa.unicity.net/v5a-test/items/8407b62b9c4120aa3dfe25c9feb76e4a","id":{"unicity":"28591"}},"quantity":1,"terms":{"priceEach":21,"taxEach":{"amount":0},"discountEach":{"amount":0},"pvEach":15},"quantityLimit":{"quantityQuota":-1,"timeFrameDays":-1,"quantityOrdered":0}}]},"currency":"CAD"}]}
Entry request : {"order":{"customer":{"href":"https://hydraqa.unicity.net/v5a-test/customers?type=Associate"},"shipToAddress":{"country":"CA"}},"vary":{"lines":{"items":[{"item":{"href":"https://hydraqa.unicity.net/v5a-test/items?id.unicity=27302|27305|27301|27304|27300|27303|24418|29147|28437|28591"}}]}}}
]]></system-out>
    <system-err><![CDATA[Starting ChromeDriver 2.36.540470 (e522d04694c7ebea4ba8821272dbef4f9b818c91) on port 33036
Only local connections are allowed.
Oct 18, 2020 12:49:58 PM org.openqa.selenium.remote.ProtocolHandshake createSession
INFO: Detected dialect: OSS
]]></system-err>
  </testcase>
</testsuite>