<?xml version="1.0" encoding="UTF-8"?>
<testsuite xmlns:xsi="http://www.w3.org/2001/XMLSchema-instance" xsi:noNamespaceSchemaLocation="https://maven.apache.org/surefire/maven-surefire-plugin/xsd/surefire-test-report-3.0.xsd" version="3.0" name="TestSuite" time="15,341.83" tests="77" errors="0" skipped="0" failures="69">
  <properties>
    <property name="sun.desktop" value="windows"/>
    <property name="awt.toolkit" value="sun.awt.windows.WToolkit"/>
    <property name="file.encoding.pkg" value="sun.io"/>
    <property name="java.specification.version" value="1.8"/>
    <property name="sun.cpu.isalist" value="amd64"/>
    <property name="sun.jnu.encoding" value="Cp1252"/>
    <property name="java.class.path" value="C:\Users\sumancb\git\Enrollment\Enrollment\target\test-classes;C:\Users\sumancb\git\Enrollment\Enrollment\target\classes;C:\Users\sumancb\.m2\repository\junit\junit\3.8.1\junit-3.8.1.jar;C:\Users\sumancb\.m2\repository\org\seleniumhq\selenium\selenium-java\3.8.1\selenium-java-3.8.1.jar;C:\Users\sumancb\.m2\repository\org\seleniumhq\selenium\selenium-api\3.8.1\selenium-api-3.8.1.jar;C:\Users\sumancb\.m2\repository\org\seleniumhq\selenium\selenium-chrome-driver\3.8.1\selenium-chrome-driver-3.8.1.jar;C:\Users\sumancb\.m2\repository\org\seleniumhq\selenium\selenium-edge-driver\3.8.1\selenium-edge-driver-3.8.1.jar;C:\Users\sumancb\.m2\repository\org\seleniumhq\selenium\selenium-firefox-driver\3.8.1\selenium-firefox-driver-3.8.1.jar;C:\Users\sumancb\.m2\repository\org\seleniumhq\selenium\selenium-ie-driver\3.8.1\selenium-ie-driver-3.8.1.jar;C:\Users\sumancb\.m2\repository\org\seleniumhq\selenium\selenium-opera-driver\3.8.1\selenium-opera-driver-3.8.1.jar;C:\Users\sumancb\.m2\repository\org\seleniumhq\selenium\selenium-remote-driver\3.8.1\selenium-remote-driver-3.8.1.jar;C:\Users\sumancb\.m2\repository\org\seleniumhq\selenium\selenium-safari-driver\3.8.1\selenium-safari-driver-3.8.1.jar;C:\Users\sumancb\.m2\repository\org\seleniumhq\selenium\selenium-support\3.8.1\selenium-support-3.8.1.jar;C:\Users\sumancb\.m2\repository\net\bytebuddy\byte-buddy\1.7.5\byte-buddy-1.7.5.jar;C:\Users\sumancb\.m2\repository\org\apache\commons\commons-exec\1.3\commons-exec-1.3.jar;C:\Users\sumancb\.m2\repository\commons-codec\commons-codec\1.10\commons-codec-1.10.jar;C:\Users\sumancb\.m2\repository\commons-logging\commons-logging\1.2\commons-logging-1.2.jar;C:\Users\sumancb\.m2\repository\com\google\code\gson\gson\2.8.2\gson-2.8.2.jar;C:\Users\sumancb\.m2\repository\com\google\guava\guava\23.0\guava-23.0.jar;C:\Users\sumancb\.m2\repository\com\google\code\findbugs\jsr305\1.3.9\jsr305-1.3.9.jar;C:\Users\sumancb\.m2\repository\com\google\errorprone\error_prone_annotations\2.0.18\error_prone_annotations-2.0.18.jar;C:\Users\sumancb\.m2\repository\com\google\j2objc\j2objc-annotations\1.1\j2objc-annotations-1.1.jar;C:\Users\sumancb\.m2\repository\org\codehaus\mojo\animal-sniffer-annotations\1.14\animal-sniffer-annotations-1.14.jar;C:\Users\sumancb\.m2\repository\org\apache\httpcomponents\httpclient\4.5.3\httpclient-4.5.3.jar;C:\Users\sumancb\.m2\repository\org\apache\httpcomponents\httpcore\4.4.6\httpcore-4.4.6.jar;C:\Users\sumancb\.m2\repository\org\testng\testng\6.14.3\testng-6.14.3.jar;C:\Users\sumancb\.m2\repository\com\beust\jcommander\1.72\jcommander-1.72.jar;C:\Users\sumancb\.m2\repository\org\apache-extras\beanshell\bsh\2.0b6\bsh-2.0b6.jar;C:\Users\sumancb\.m2\repository\com\relevantcodes\extentreports\2.41.2\extentreports-2.41.2.jar;C:\Users\sumancb\.m2\repository\org\jsoup\jsoup\1.8.3\jsoup-1.8.3.jar;C:\Users\sumancb\.m2\repository\org\xerial\sqlite-jdbc\3.8.11.1\sqlite-jdbc-3.8.11.1.jar;C:\Users\sumancb\.m2\repository\org\freemarker\freemarker\2.3.23\freemarker-2.3.23.jar;C:\Users\sumancb\.m2\repository\org\mongodb\mongodb-driver\3.0.4\mongodb-driver-3.0.4.jar;C:\Users\sumancb\.m2\repository\org\mongodb\bson\3.0.4\bson-3.0.4.jar;C:\Users\sumancb\.m2\repository\org\mongodb\mongodb-driver-core\3.0.4\mongodb-driver-core-3.0.4.jar;C:\Users\sumancb\.m2\repository\org\apache\commons\commons-lang3\3.8.1\commons-lang3-3.8.1.jar;C:\Users\sumancb\.m2\repository\io\rest-assured\rest-assured\3.1.0\rest-assured-3.1.0.jar;C:\Users\sumancb\.m2\repository\org\codehaus\groovy\groovy\2.4.12\groovy-2.4.12.jar;C:\Users\sumancb\.m2\repository\org\codehaus\groovy\groovy-xml\2.4.12\groovy-xml-2.4.12.jar;C:\Users\sumancb\.m2\repository\org\apache\httpcomponents\httpmime\4.5.1\httpmime-4.5.1.jar;C:\Users\sumancb\.m2\repository\org\hamcrest\hamcrest-core\1.3\hamcrest-core-1.3.jar;C:\Users\sumancb\.m2\repository\org\hamcrest\hamcrest-library\1.3\hamcrest-library-1.3.jar;C:\Users\sumancb\.m2\repository\org\ccil\cowan\tagsoup\tagsoup\1.2.1\tagsoup-1.2.1.jar;C:\Users\sumancb\.m2\repository\io\rest-assured\json-path\3.1.0\json-path-3.1.0.jar;C:\Users\sumancb\.m2\repository\org\codehaus\groovy\groovy-json\2.4.12\groovy-json-2.4.12.jar;C:\Users\sumancb\.m2\repository\io\rest-assured\rest-assured-common\3.1.0\rest-assured-common-3.1.0.jar;C:\Users\sumancb\.m2\repository\io\rest-assured\xml-path\3.1.0\xml-path-3.1.0.jar;C:\Users\sumancb\.m2\repository\javax\xml\bind\jaxb-api\2.2.12\jaxb-api-2.2.12.jar;C:\Users\sumancb\.m2\repository\org\skyscreamer\jsonassert\1.5.0\jsonassert-1.5.0.jar;C:\Users\sumancb\.m2\repository\com\vaadin\external\google\android-json\0.0.20131108.vaadin1\android-json-0.0.20131108.vaadin1.jar;C:\Users\sumancb\.m2\repository\org\codehaus\groovy\groovy-all\2.3.5\groovy-all-2.3.5.jar;C:\Users\sumancb\.m2\repository\org\codehaus\jackson\jackson-mapper-asl\1.5.0\jackson-mapper-asl-1.5.0.jar;C:\Users\sumancb\.m2\repository\org\codehaus\jackson\jackson-core-asl\1.5.0\jackson-core-asl-1.5.0.jar;C:\Users\sumancb\.m2\repository\net\lightbody\bmp\browsermob-core\2.1.5\browsermob-core-2.1.5.jar;C:\Users\sumancb\.m2\repository\net\lightbody\bmp\littleproxy\1.1.0-beta-bmp-17\littleproxy-1.1.0-beta-bmp-17.jar;C:\Users\sumancb\.m2\repository\com\fasterxml\jackson\core\jackson-core\2.8.9\jackson-core-2.8.9.jar;C:\Users\sumancb\.m2\repository\com\fasterxml\jackson\core\jackson-databind\2.8.9\jackson-databind-2.8.9.jar;C:\Users\sumancb\.m2\repository\dnsjava\dnsjava\2.1.8\dnsjava-2.1.8.jar;C:\Users\sumancb\.m2\repository\org\slf4j\slf4j-api\1.7.25\slf4j-api-1.7.25.jar;C:\Users\sumancb\.m2\repository\org\slf4j\jcl-over-slf4j\1.7.25\jcl-over-slf4j-1.7.25.jar;C:\Users\sumancb\.m2\repository\com\jcraft\jzlib\1.1.3\jzlib-1.1.3.jar;C:\Users\sumancb\.m2\repository\io\netty\netty-all\4.0.51.Final\netty-all-4.0.51.Final.jar;C:\Users\sumancb\.m2\repository\org\bouncycastle\bcprov-jdk15on\1.58\bcprov-jdk15on-1.58.jar;C:\Users\sumancb\.m2\repository\org\bouncycastle\bcpkix-jdk15on\1.58\bcpkix-jdk15on-1.58.jar;C:\Users\sumancb\.m2\repository\net\lightbody\bmp\mitm\2.1.5\mitm-2.1.5.jar;C:\Users\sumancb\.m2\repository\com\fasterxml\jackson\core\jackson-annotations\2.9.8\jackson-annotations-2.9.8.jar;C:\Users\sumancb\.m2\repository\commons-lang\commons-lang\2.2\commons-lang-2.2.jar;C:\Users\sumancb\.m2\repository\javax\mail\javax.mail-api\1.5.5\javax.mail-api-1.5.5.jar;C:\Users\sumancb\.m2\repository\com\sun\mail\javax.mail\1.6.1\javax.mail-1.6.1.jar;C:\Users\sumancb\.m2\repository\javax\activation\activation\1.1\activation-1.1.jar;C:\Users\sumancb\.m2\repository\org\springframework\data\spring-data-jpa\1.11.23.RELEASE\spring-data-jpa-1.11.23.RELEASE.jar;C:\Users\sumancb\.m2\repository\org\springframework\data\spring-data-commons\1.13.23.RELEASE\spring-data-commons-1.13.23.RELEASE.jar;C:\Users\sumancb\.m2\repository\org\springframework\spring-orm\4.3.25.RELEASE\spring-orm-4.3.25.RELEASE.jar;C:\Users\sumancb\.m2\repository\org\springframework\spring-jdbc\4.3.25.RELEASE\spring-jdbc-4.3.25.RELEASE.jar;C:\Users\sumancb\.m2\repository\org\springframework\spring-context\4.3.25.RELEASE\spring-context-4.3.25.RELEASE.jar;C:\Users\sumancb\.m2\repository\org\springframework\spring-expression\4.3.25.RELEASE\spring-expression-4.3.25.RELEASE.jar;C:\Users\sumancb\.m2\repository\org\springframework\spring-aop\4.3.25.RELEASE\spring-aop-4.3.25.RELEASE.jar;C:\Users\sumancb\.m2\repository\org\springframework\spring-tx\4.3.25.RELEASE\spring-tx-4.3.25.RELEASE.jar;C:\Users\sumancb\.m2\repository\org\springframework\spring-beans\4.3.25.RELEASE\spring-beans-4.3.25.RELEASE.jar;C:\Users\sumancb\.m2\repository\org\springframework\spring-core\4.3.25.RELEASE\spring-core-4.3.25.RELEASE.jar;C:\Users\sumancb\.m2\repository\org\aspectj\aspectjrt\1.8.13\aspectjrt-1.8.13.jar;C:\Users\sumancb\.m2\repository\org\apache\derby\derbyclient\10.11.1.1\derbyclient-10.11.1.1.jar;C:\Users\sumancb\.m2\repository\org\eclipse\persistence\org.eclipse.persistence.jpa\2.5.2\org.eclipse.persistence.jpa-2.5.2.jar;C:\Users\sumancb\.m2\repository\org\eclipse\persistence\javax.persistence\2.1.0\javax.persistence-2.1.0.jar;C:\Users\sumancb\.m2\repository\org\eclipse\persistence\org.eclipse.persistence.asm\2.5.2\org.eclipse.persistence.asm-2.5.2.jar;C:\Users\sumancb\.m2\repository\org\eclipse\persistence\org.eclipse.persistence.antlr\2.5.2\org.eclipse.persistence.antlr-2.5.2.jar;C:\Users\sumancb\.m2\repository\org\eclipse\persistence\org.eclipse.persistence.jpa.jpql\2.5.2\org.eclipse.persistence.jpa.jpql-2.5.2.jar;C:\Users\sumancb\.m2\repository\org\eclipse\persistence\org.eclipse.persistence.core\2.5.2\org.eclipse.persistence.core-2.5.2.jar;"/>
    <property name="java.vm.vendor" value="Oracle Corporation"/>
    <property name="sun.arch.data.model" value="64"/>
    <property name="user.variant" value=""/>
    <property name="java.vendor.url" value="http://java.oracle.com/"/>
    <property name="user.timezone" value="America/Denver"/>
    <property name="java.vm.specification.version" value="1.8"/>
    <property name="os.name" value="Windows Server 2012 R2"/>
    <property name="user.country" value="US"/>
    <property name="sun.java.launcher" value="SUN_STANDARD"/>
    <property name="sun.boot.library.path" value="C:\Program Files\Java\jdk1.8.0_111\jre\bin"/>
    <property name="sun.java.command" value="C:\Users\sumancb\AppData\Local\Temp\4\surefire3741277001870789539\surefirebooter345831685461623939.jar C:\Users\sumancb\AppData\Local\Temp\4\surefire3741277001870789539 2020-12-10T09-40-24_870-jvmRun1 surefire4677817944798405184tmp surefire_01522541890893645600tmp"/>
    <property name="surefire.test.class.path" value="C:\Users\sumancb\git\Enrollment\Enrollment\target\test-classes;C:\Users\sumancb\git\Enrollment\Enrollment\target\classes;C:\Users\sumancb\.m2\repository\junit\junit\3.8.1\junit-3.8.1.jar;C:\Users\sumancb\.m2\repository\org\seleniumhq\selenium\selenium-java\3.8.1\selenium-java-3.8.1.jar;C:\Users\sumancb\.m2\repository\org\seleniumhq\selenium\selenium-api\3.8.1\selenium-api-3.8.1.jar;C:\Users\sumancb\.m2\repository\org\seleniumhq\selenium\selenium-chrome-driver\3.8.1\selenium-chrome-driver-3.8.1.jar;C:\Users\sumancb\.m2\repository\org\seleniumhq\selenium\selenium-edge-driver\3.8.1\selenium-edge-driver-3.8.1.jar;C:\Users\sumancb\.m2\repository\org\seleniumhq\selenium\selenium-firefox-driver\3.8.1\selenium-firefox-driver-3.8.1.jar;C:\Users\sumancb\.m2\repository\org\seleniumhq\selenium\selenium-ie-driver\3.8.1\selenium-ie-driver-3.8.1.jar;C:\Users\sumancb\.m2\repository\org\seleniumhq\selenium\selenium-opera-driver\3.8.1\selenium-opera-driver-3.8.1.jar;C:\Users\sumancb\.m2\repository\org\seleniumhq\selenium\selenium-remote-driver\3.8.1\selenium-remote-driver-3.8.1.jar;C:\Users\sumancb\.m2\repository\org\seleniumhq\selenium\selenium-safari-driver\3.8.1\selenium-safari-driver-3.8.1.jar;C:\Users\sumancb\.m2\repository\org\seleniumhq\selenium\selenium-support\3.8.1\selenium-support-3.8.1.jar;C:\Users\sumancb\.m2\repository\net\bytebuddy\byte-buddy\1.7.5\byte-buddy-1.7.5.jar;C:\Users\sumancb\.m2\repository\org\apache\commons\commons-exec\1.3\commons-exec-1.3.jar;C:\Users\sumancb\.m2\repository\commons-codec\commons-codec\1.10\commons-codec-1.10.jar;C:\Users\sumancb\.m2\repository\commons-logging\commons-logging\1.2\commons-logging-1.2.jar;C:\Users\sumancb\.m2\repository\com\google\code\gson\gson\2.8.2\gson-2.8.2.jar;C:\Users\sumancb\.m2\repository\com\google\guava\guava\23.0\guava-23.0.jar;C:\Users\sumancb\.m2\repository\com\google\code\findbugs\jsr305\1.3.9\jsr305-1.3.9.jar;C:\Users\sumancb\.m2\repository\com\google\errorprone\error_prone_annotations\2.0.18\error_prone_annotations-2.0.18.jar;C:\Users\sumancb\.m2\repository\com\google\j2objc\j2objc-annotations\1.1\j2objc-annotations-1.1.jar;C:\Users\sumancb\.m2\repository\org\codehaus\mojo\animal-sniffer-annotations\1.14\animal-sniffer-annotations-1.14.jar;C:\Users\sumancb\.m2\repository\org\apache\httpcomponents\httpclient\4.5.3\httpclient-4.5.3.jar;C:\Users\sumancb\.m2\repository\org\apache\httpcomponents\httpcore\4.4.6\httpcore-4.4.6.jar;C:\Users\sumancb\.m2\repository\org\testng\testng\6.14.3\testng-6.14.3.jar;C:\Users\sumancb\.m2\repository\com\beust\jcommander\1.72\jcommander-1.72.jar;C:\Users\sumancb\.m2\repository\org\apache-extras\beanshell\bsh\2.0b6\bsh-2.0b6.jar;C:\Users\sumancb\.m2\repository\com\relevantcodes\extentreports\2.41.2\extentreports-2.41.2.jar;C:\Users\sumancb\.m2\repository\org\jsoup\jsoup\1.8.3\jsoup-1.8.3.jar;C:\Users\sumancb\.m2\repository\org\xerial\sqlite-jdbc\3.8.11.1\sqlite-jdbc-3.8.11.1.jar;C:\Users\sumancb\.m2\repository\org\freemarker\freemarker\2.3.23\freemarker-2.3.23.jar;C:\Users\sumancb\.m2\repository\org\mongodb\mongodb-driver\3.0.4\mongodb-driver-3.0.4.jar;C:\Users\sumancb\.m2\repository\org\mongodb\bson\3.0.4\bson-3.0.4.jar;C:\Users\sumancb\.m2\repository\org\mongodb\mongodb-driver-core\3.0.4\mongodb-driver-core-3.0.4.jar;C:\Users\sumancb\.m2\repository\org\apache\commons\commons-lang3\3.8.1\commons-lang3-3.8.1.jar;C:\Users\sumancb\.m2\repository\io\rest-assured\rest-assured\3.1.0\rest-assured-3.1.0.jar;C:\Users\sumancb\.m2\repository\org\codehaus\groovy\groovy\2.4.12\groovy-2.4.12.jar;C:\Users\sumancb\.m2\repository\org\codehaus\groovy\groovy-xml\2.4.12\groovy-xml-2.4.12.jar;C:\Users\sumancb\.m2\repository\org\apache\httpcomponents\httpmime\4.5.1\httpmime-4.5.1.jar;C:\Users\sumancb\.m2\repository\org\hamcrest\hamcrest-core\1.3\hamcrest-core-1.3.jar;C:\Users\sumancb\.m2\repository\org\hamcrest\hamcrest-library\1.3\hamcrest-library-1.3.jar;C:\Users\sumancb\.m2\repository\org\ccil\cowan\tagsoup\tagsoup\1.2.1\tagsoup-1.2.1.jar;C:\Users\sumancb\.m2\repository\io\rest-assured\json-path\3.1.0\json-path-3.1.0.jar;C:\Users\sumancb\.m2\repository\org\codehaus\groovy\groovy-json\2.4.12\groovy-json-2.4.12.jar;C:\Users\sumancb\.m2\repository\io\rest-assured\rest-assured-common\3.1.0\rest-assured-common-3.1.0.jar;C:\Users\sumancb\.m2\repository\io\rest-assured\xml-path\3.1.0\xml-path-3.1.0.jar;C:\Users\sumancb\.m2\repository\javax\xml\bind\jaxb-api\2.2.12\jaxb-api-2.2.12.jar;C:\Users\sumancb\.m2\repository\org\skyscreamer\jsonassert\1.5.0\jsonassert-1.5.0.jar;C:\Users\sumancb\.m2\repository\com\vaadin\external\google\android-json\0.0.20131108.vaadin1\android-json-0.0.20131108.vaadin1.jar;C:\Users\sumancb\.m2\repository\org\codehaus\groovy\groovy-all\2.3.5\groovy-all-2.3.5.jar;C:\Users\sumancb\.m2\repository\org\codehaus\jackson\jackson-mapper-asl\1.5.0\jackson-mapper-asl-1.5.0.jar;C:\Users\sumancb\.m2\repository\org\codehaus\jackson\jackson-core-asl\1.5.0\jackson-core-asl-1.5.0.jar;C:\Users\sumancb\.m2\repository\net\lightbody\bmp\browsermob-core\2.1.5\browsermob-core-2.1.5.jar;C:\Users\sumancb\.m2\repository\net\lightbody\bmp\littleproxy\1.1.0-beta-bmp-17\littleproxy-1.1.0-beta-bmp-17.jar;C:\Users\sumancb\.m2\repository\com\fasterxml\jackson\core\jackson-core\2.8.9\jackson-core-2.8.9.jar;C:\Users\sumancb\.m2\repository\com\fasterxml\jackson\core\jackson-databind\2.8.9\jackson-databind-2.8.9.jar;C:\Users\sumancb\.m2\repository\dnsjava\dnsjava\2.1.8\dnsjava-2.1.8.jar;C:\Users\sumancb\.m2\repository\org\slf4j\slf4j-api\1.7.25\slf4j-api-1.7.25.jar;C:\Users\sumancb\.m2\repository\org\slf4j\jcl-over-slf4j\1.7.25\jcl-over-slf4j-1.7.25.jar;C:\Users\sumancb\.m2\repository\com\jcraft\jzlib\1.1.3\jzlib-1.1.3.jar;C:\Users\sumancb\.m2\repository\io\netty\netty-all\4.0.51.Final\netty-all-4.0.51.Final.jar;C:\Users\sumancb\.m2\repository\org\bouncycastle\bcprov-jdk15on\1.58\bcprov-jdk15on-1.58.jar;C:\Users\sumancb\.m2\repository\org\bouncycastle\bcpkix-jdk15on\1.58\bcpkix-jdk15on-1.58.jar;C:\Users\sumancb\.m2\repository\net\lightbody\bmp\mitm\2.1.5\mitm-2.1.5.jar;C:\Users\sumancb\.m2\repository\com\fasterxml\jackson\core\jackson-annotations\2.9.8\jackson-annotations-2.9.8.jar;C:\Users\sumancb\.m2\repository\commons-lang\commons-lang\2.2\commons-lang-2.2.jar;C:\Users\sumancb\.m2\repository\javax\mail\javax.mail-api\1.5.5\javax.mail-api-1.5.5.jar;C:\Users\sumancb\.m2\repository\com\sun\mail\javax.mail\1.6.1\javax.mail-1.6.1.jar;C:\Users\sumancb\.m2\repository\javax\activation\activation\1.1\activation-1.1.jar;C:\Users\sumancb\.m2\repository\org\springframework\data\spring-data-jpa\1.11.23.RELEASE\spring-data-jpa-1.11.23.RELEASE.jar;C:\Users\sumancb\.m2\repository\org\springframework\data\spring-data-commons\1.13.23.RELEASE\spring-data-commons-1.13.23.RELEASE.jar;C:\Users\sumancb\.m2\repository\org\springframework\spring-orm\4.3.25.RELEASE\spring-orm-4.3.25.RELEASE.jar;C:\Users\sumancb\.m2\repository\org\springframework\spring-jdbc\4.3.25.RELEASE\spring-jdbc-4.3.25.RELEASE.jar;C:\Users\sumancb\.m2\repository\org\springframework\spring-context\4.3.25.RELEASE\spring-context-4.3.25.RELEASE.jar;C:\Users\sumancb\.m2\repository\org\springframework\spring-expression\4.3.25.RELEASE\spring-expression-4.3.25.RELEASE.jar;C:\Users\sumancb\.m2\repository\org\springframework\spring-aop\4.3.25.RELEASE\spring-aop-4.3.25.RELEASE.jar;C:\Users\sumancb\.m2\repository\org\springframework\spring-tx\4.3.25.RELEASE\spring-tx-4.3.25.RELEASE.jar;C:\Users\sumancb\.m2\repository\org\springframework\spring-beans\4.3.25.RELEASE\spring-beans-4.3.25.RELEASE.jar;C:\Users\sumancb\.m2\repository\org\springframework\spring-core\4.3.25.RELEASE\spring-core-4.3.25.RELEASE.jar;C:\Users\sumancb\.m2\repository\org\aspectj\aspectjrt\1.8.13\aspectjrt-1.8.13.jar;C:\Users\sumancb\.m2\repository\org\apache\derby\derbyclient\10.11.1.1\derbyclient-10.11.1.1.jar;C:\Users\sumancb\.m2\repository\org\eclipse\persistence\org.eclipse.persistence.jpa\2.5.2\org.eclipse.persistence.jpa-2.5.2.jar;C:\Users\sumancb\.m2\repository\org\eclipse\persistence\javax.persistence\2.1.0\javax.persistence-2.1.0.jar;C:\Users\sumancb\.m2\repository\org\eclipse\persistence\org.eclipse.persistence.asm\2.5.2\org.eclipse.persistence.asm-2.5.2.jar;C:\Users\sumancb\.m2\repository\org\eclipse\persistence\org.eclipse.persistence.antlr\2.5.2\org.eclipse.persistence.antlr-2.5.2.jar;C:\Users\sumancb\.m2\repository\org\eclipse\persistence\org.eclipse.persistence.jpa.jpql\2.5.2\org.eclipse.persistence.jpa.jpql-2.5.2.jar;C:\Users\sumancb\.m2\repository\org\eclipse\persistence\org.eclipse.persistence.core\2.5.2\org.eclipse.persistence.core-2.5.2.jar;"/>
    <property name="sun.cpu.endian" value="little"/>
    <property name="user.home" value="C:\Users\sumancb"/>
    <property name="user.language" value="en"/>
    <property name="java.specification.vendor" value="Oracle Corporation"/>
    <property name="java.home" value="C:\Program Files\Java\jdk1.8.0_111\jre"/>
    <property name="basedir" value="C:\Users\sumancb\git\Enrollment\Enrollment"/>
    <property name="file.separator" value="\"/>
    <property name="line.separator" value="&#10;"/>
    <property name="java.vm.specification.vendor" value="Oracle Corporation"/>
    <property name="java.specification.name" value="Java Platform API Specification"/>
    <property name="java.awt.graphicsenv" value="sun.awt.Win32GraphicsEnvironment"/>
    <property name="surefire.real.class.path" value="C:\Users\sumancb\AppData\Local\Temp\4\surefire3741277001870789539\surefirebooter345831685461623939.jar"/>
    <property name="sun.boot.class.path" value="C:\Program Files\Java\jdk1.8.0_111\jre\lib\resources.jar;C:\Program Files\Java\jdk1.8.0_111\jre\lib\rt.jar;C:\Program Files\Java\jdk1.8.0_111\jre\lib\sunrsasign.jar;C:\Program Files\Java\jdk1.8.0_111\jre\lib\jsse.jar;C:\Program Files\Java\jdk1.8.0_111\jre\lib\jce.jar;C:\Program Files\Java\jdk1.8.0_111\jre\lib\charsets.jar;C:\Program Files\Java\jdk1.8.0_111\jre\lib\jfr.jar;C:\Program Files\Java\jdk1.8.0_111\jre\classes"/>
    <property name="user.script" value=""/>
    <property name="sun.management.compiler" value="HotSpot 64-Bit Tiered Compilers"/>
    <property name="java.runtime.version" value="1.8.0_111-b14"/>
    <property name="user.name" value="sumancb"/>
    <property name="path.separator" value=";"/>
    <property name="os.version" value="6.3"/>
    <property name="java.endorsed.dirs" value="C:\Program Files\Java\jdk1.8.0_111\jre\lib\endorsed"/>
    <property name="java.runtime.name" value="Java(TM) SE Runtime Environment"/>
    <property name="file.encoding" value="Cp1252"/>
    <property name="java.vm.name" value="Java HotSpot(TM) 64-Bit Server VM"/>
    <property name="localRepository" value="C:\Users\sumancb\.m2\repository"/>
    <property name="java.vendor.url.bug" value="http://bugreport.sun.com/bugreport/"/>
    <property name="java.io.tmpdir" value="C:\Users\sumancb\AppData\Local\Temp\4\"/>
    <property name="java.version" value="1.8.0_111"/>
    <property name="user.dir" value="C:\Users\sumancb\git\Enrollment\Enrollment"/>
    <property name="os.arch" value="amd64"/>
    <property name="java.vm.specification.name" value="Java Virtual Machine Specification"/>
    <property name="java.awt.printerjob" value="sun.awt.windows.WPrinterJob"/>
    <property name="sun.os.patch.level" value=""/>
    <property name="java.library.path" value="C:\Program Files\Java\jdk1.8.0_111\jre\bin;C:\Windows\Sun\Java\bin;C:\Windows\system32;C:\Windows;C:\Users\sumancb\.jenkins\tools\hudson.tasks.Maven_MavenInstallation\Maven_Home/bin;C:\Program Files\Java\jdk1.8.0_111/bin;C:\Program Files\Java\jdk1.8.0_111/bin;C:\Program Files (x86)\Common Files\Oracle\Java\javapath;C:\ProgramData\Oracle\Java\javapath;C:\Users\sumancb\Downloads\Gecko;C:\Windows\system32;C:\Windows;C:\Windows\System32\Wbem;C:\Windows\System32\WindowsPowerShell\v1.0\;C:\Program Files\Microsoft SQL Server\Client SDK\ODBC\110\Tools\Binn\;C:\Program Files (x86)\Microsoft SQL Server\120\Tools\Binn\ManagementStudio\;C:\Program Files (x86)\Microsoft SQL Server\120\Tools\Binn\;C:\Program Files\Microsoft SQL Server\120\Tools\Binn\;C:\Program Files (x86)\Microsoft SQL Server\120\DTS\Binn\;C:\Program Files\Microsoft SQL Server\120\DTS\Binn\;C:\xampp\php\;C:\Windows\SysinternalsSuite;C:\Program Files\apache-maven-3.6.2\apache-maven-3.6.2\bin;C:\Program Files\Java\jdk1.8.0_111\bin;C:\Program Files\Git\bin;C:\Program Files\Git\cmd;C:\Program Files\nodejs\;C:\Windows\Scripts;C:\Users\sumancb\AppData\Roaming;C:\Program Files\Java\jdk1.8.0_111\bin;C:\Users\sumancb\AppData\Roaming\npm;."/>
    <property name="java.vm.info" value="mixed mode"/>
    <property name="java.vendor" value="Oracle Corporation"/>
    <property name="java.vm.version" value="25.111-b14"/>
    <property name="java.ext.dirs" value="C:\Program Files\Java\jdk1.8.0_111\jre\lib\ext;C:\Windows\Sun\Java\lib\ext"/>
    <property name="sun.io.unicode.encoding" value="UnicodeLittle"/>
    <property name="java.class.version" value="52.0"/>
  </properties>
  <testcase name="Enroll" classname="Tests.FranchisePartner" time="263.977">
    <failure message="Critical A-Z section not displaying" type="java.lang.AssertionError">java.lang.AssertionError: Critical A-Z section not displaying
	at Tests.FranchisePartner.Enroll(FranchisePartner.java:257)
</failure>
    <system-out><![CDATA[Request URL: https://hydraqa.unicity.net/v5a-test/quotes?&expand=item
Entry Quotes response : {"items":[{"lines":{"items":[{"item":{"href":"https://hydraqa.unicity.net/v5a-test/items/332daeac6796ed016ea8b7d0bc42c2d4","id":{"unicity":"24274"},"weightEach":{"value":0},"servingsPerContainer":0,"servingSize":0},"quantity":1,"terms":{"priceEach":800,"taxEach":{"amount":1.5},"discountEach":{"amount":0},"pvEach":0},"quantityLimit":{"quantityQuota":-1,"timeFrameDays":-1,"quantityOrdered":0}}]},"currency":"EUR"}]}
Entry request : {"order":{"customer":{"href":"https://hydraqa.unicity.net/v5a-test/customers?type=Associate"},"shipToAddress":{"country":"AT"}},"vary":{"lines":{"items":[{"item":{"href":"https://hydraqa.unicity.net/v5a-test/items?id.unicity=27700|31951|31952|32128|32129|32130|32132|32133|32134|32135|32136|32137|32138|32125|32699|33092|33094|33093|18511|26422|27156|27158|27160|27166|27617|27660|27585|27587|28601|28604|27395|15880|26560|29017|29838|17174|31402|31772|31777|31780|31781|31782|31779|31932|31778|32556|22605|29317|29832|29833|30198|32755|32756|32968|32965|32966|33097|33095|33098|33096|24274|24418|27150|27163|27575|26567|26568|24758|29821|32012|29183|30280|29187|29191|30684|31672|31534|29449|32126|32127|32087|32333|32330|32693|27739"}}]}}}
]]></system-out>
    <system-err><![CDATA[SLF4J: Failed to load class "org.slf4j.impl.StaticLoggerBinder".
SLF4J: Defaulting to no-operation (NOP) logger implementation
SLF4J: See http://www.slf4j.org/codes.html#StaticLoggerBinder for further details.
Starting ChromeDriver 2.36.540470 (e522d04694c7ebea4ba8821272dbef4f9b818c91) on port 9017
Only local connections are allowed.
Dec 10, 2020 9:40:29 AM org.openqa.selenium.remote.ProtocolHandshake createSession
INFO: Detected dialect: OSS
]]></system-err>
  </testcase>
  <testcase name="Enroll" classname="Tests.FranchisePartner" time="252.897">
    <failure message="Critical A-Z section not displaying" type="java.lang.AssertionError">java.lang.AssertionError: Critical A-Z section not displaying
	at Tests.FranchisePartner.Enroll(FranchisePartner.java:257)
</failure>
    <system-out><![CDATA[Request URL: https://hydraqa.unicity.net/v5a-test/quotes?&expand=item
Entry Quotes response : {"items":[{"lines":{"items":[{"item":{"href":"https://hydraqa.unicity.net/v5a-test/items/332daeac6796ed016ea8b7d0bc42c2d4","id":{"unicity":"24274"},"weightEach":{"value":0},"servingsPerContainer":0,"servingSize":0},"quantity":1,"terms":{"priceEach":800,"taxEach":{"amount":1.5},"discountEach":{"amount":0},"pvEach":0},"quantityLimit":{"quantityQuota":-1,"timeFrameDays":-1,"quantityOrdered":0}}]},"currency":"EUR"}]}
Entry request : {"order":{"customer":{"href":"https://hydraqa.unicity.net/v5a-test/customers?type=Associate"},"shipToAddress":{"country":"AT"}},"vary":{"lines":{"items":[{"item":{"href":"https://hydraqa.unicity.net/v5a-test/items?id.unicity=27700|31951|31952|32128|32129|32130|32132|32133|32134|32135|32136|32137|32138|32125|32699|33092|33094|33093|18511|26422|27156|27158|27160|27166|27617|27660|27585|27587|28601|28604|27395|15880|26560|29017|29838|17174|31402|31772|31777|31780|31781|31782|31779|31932|31778|32556|22605|29317|29832|29833|30198|32755|32756|32968|32965|32966|33097|33095|33098|33096|24274|24418|27150|27163|27575|26567|26568|24758|29821|32012|29183|30280|29187|29191|30684|31672|31534|29449|32126|32127|32087|32333|32330|32693|27739"}}]}}}
]]></system-out>
    <system-err><![CDATA[Starting ChromeDriver 2.36.540470 (e522d04694c7ebea4ba8821272dbef4f9b818c91) on port 26215
Only local connections are allowed.
Dec 10, 2020 9:45:01 AM org.openqa.selenium.remote.ProtocolHandshake createSession
INFO: Detected dialect: OSS
]]></system-err>
  </testcase>
  <testcase name="Enroll" classname="Tests.FranchisePartner" time="243.012">
    <failure message="Critical Back end error" type="java.lang.AssertionError">java.lang.AssertionError: Critical Back end error
	at Tests.FranchisePartner.Enroll(FranchisePartner.java:260)
</failure>
    <system-out><![CDATA[Request URL: https://hydraqa.unicity.net/v5a-test/quotes?&expand=item
Entry Quotes response : {"items":[{"lines":{"items":[{"item":{"href":"https://hydraqa.unicity.net/v5a-test/items/051e765a5a71835a859c2757edd359f0","id":{"unicity":"26580"}},"quantity":1,"terms":{"priceEach":195,"taxEach":{"amount":0},"discountEach":{"amount":0},"pvEach":130},"quantityLimit":{"quantityQuota":-1,"timeFrameDays":-1,"quantityOrdered":0}}]},"currency":"USD"},{"lines":{"items":[{"item":{"href":"https://hydraqa.unicity.net/v5a-test/items/3ddd31ddbe0e5807756d2488e7cc3602","id":{"unicity":"31440"}},"quantity":1,"terms":{"priceEach":40,"taxEach":{"amount":0},"discountEach":{"amount":0},"pvEach":0},"quantityLimit":{"quantityQuota":-1,"timeFrameDays":-1,"quantityOrdered":0}}]},"currency":"USD"},{"lines":{"items":[{"item":{"href":"https://hydraqa.unicity.net/v5a-test/items/90d5ee3af77bdc64ecf28a45b604bf3d","id":{"unicity":"31441"}},"quantity":1,"terms":{"priceEach":40,"taxEach":{"amount":0},"discountEach":{"amount":0},"pvEach":0},"quantityLimit":{"quantityQuota":-1,"timeFrameDays":-1,"quantityOrdered":0}}]},"currency":"USD"},{"lines":{"items":[{"item":{"href":"https://hydraqa.unicity.net/v5a-test/items/38da42f991a40a00153b2e5055b82dbf","id":{"unicity":"27801"}},"quantity":1,"terms":{"priceEach":195,"taxEach":{"amount":0},"discountEach":{"amount":0},"pvEach":130},"quantityLimit":{"quantityQuota":-1,"timeFrameDays":-1,"quantityOrdered":0}}]},"currency":"USD"},{"lines":{"items":[{"item":{"href":"https://hydraqa.unicity.net/v5a-test/items/cf8460040a1860bcabf250b6c1171675","id":{"unicity":"31858"}},"quantity":1,"terms":{"priceEach":269,"taxEach":{"amount":0},"discountEach":{"amount":0},"pvEach":195},"quantityLimit":{"quantityQuota":-1,"timeFrameDays":-1,"quantityOrdered":0}}]},"currency":"USD"},{"lines":{"items":[{"item":{"href":"https://hydraqa.unicity.net/v5a-test/items/2de8516a24af8232add0bb392e750a71","id":{"unicity":"31859"}},"quantity":1,"terms":{"priceEach":179,"taxEach":{"amount":0},"discountEach":{"amount":0},"pvEach":130},"quantityLimit":{"quantityQuota":-1,"timeFrameDays":-1,"quantityOrdered":0}}]},"currency":"USD"},{"lines":{"items":[{"item":{"href":"https://hydraqa.unicity.net/v5a-test/items/fd464cd7972cc1317e850b9196d886b8","id":{"unicity":"31863"}},"quantity":1,"terms":{"priceEach":210,"taxEach":{"amount":0},"discountEach":{"amount":0},"pvEach":148},"quantityLimit":{"quantityQuota":-1,"timeFrameDays":-1,"quantityOrdered":0}}]},"currency":"USD"},{"lines":{"items":[{"item":{"href":"https://hydraqa.unicity.net/v5a-test/items/4ab49eca1731e69206ccafb5112ad5a4","id":{"unicity":"31861"}},"quantity":1,"terms":{"priceEach":196,"taxEach":{"amount":0},"discountEach":{"amount":0},"pvEach":135},"quantityLimit":{"quantityQuota":-1,"timeFrameDays":-1,"quantityOrdered":0}}]},"currency":"USD"},{"lines":{"items":[{"item":{"href":"https://hydraqa.unicity.net/v5a-test/items/50747027a065cb8361c1f0d6eb880466","id":{"unicity":"32030"}},"quantity":1,"terms":{"priceEach":143,"taxEach":{"amount":0},"discountEach":{"amount":0},"pvEach":102},"quantityLimit":{"quantityQuota":-1,"timeFrameDays":-1,"quantityOrdered":0}}]},"currency":"USD"},{"lines":{"items":[{"item":{"href":"https://hydraqa.unicity.net/v5a-test/items/00c2eb70c985722ce208490aece00945","id":{"unicity":"31729"}},"quantity":1,"terms":{"priceEach":143,"taxEach":{"amount":0},"discountEach":{"amount":0},"pvEach":100},"quantityLimit":{"quantityQuota":-1,"timeFrameDays":-1,"quantityOrdered":0}}]},"currency":"USD"},{"lines":{"items":[{"item":{"href":"https://hydraqa.unicity.net/v5a-test/items/693a7c4a70b06a00471afe8d6cae5023","id":{"unicity":"31730"}},"quantity":1,"terms":{"priceEach":120,"taxEach":{"amount":0},"discountEach":{"amount":0},"pvEach":80},"quantityLimit":{"quantityQuota":-1,"timeFrameDays":-1,"quantityOrdered":0}}]},"currency":"USD"},{"lines":{"items":[{"item":{"href":"https://hydraqa.unicity.net/v5a-test/items/ccb242d74dcb1fe621cc7bfe1b1de315","id":{"unicity":"31731"}},"quantity":1,"terms":{"priceEach":89,"taxEach":{"amount":0},"discountEach":{"amount":0},"pvEach":60},"quantityLimit":{"quantityQuota":-1,"timeFrameDays":-1,"quantityOrdered":0}}]},"currency":"USD"},{"lines":{"items":[{"item":{"href":"https://hydraqa.unicity.net/v5a-test/items/9ff4257741d464b686d15be955b8afb6","id":{"unicity":"0963"}},"quantity":1,"terms":{"priceEach":42,"taxEach":{"amount":0},"discountEach":{"amount":0},"pvEach":25},"quantityLimit":{"quantityQuota":-1,"timeFrameDays":-1,"quantityOrdered":0}}]},"currency":"USD"},{"lines":{"items":[{"item":{"href":"https://hydraqa.unicity.net/v5a-test/items/716b7a0bca7fa73e42e000d668e7ee65","id":{"unicity":"15129"}},"quantity":1,"terms":{"priceEach":22,"taxEach":{"amount":0},"discountEach":{"amount":0},"pvEach":10},"quantityLimit":{"quantityQuota":-1,"timeFrameDays":-1,"quantityOrdered":0}}]},"currency":"USD"},{"lines":{"items":[{"item":{"href":"https://hydraqa.unicity.net/v5a-test/items/390a7ae70d5669561ecdf7d5cff2671b","id":{"unicity":"15271"}},"quantity":1,"terms":{"priceEach":69,"taxEach":{"amount":0},"discountEach":{"amount":0},"pvEach":27},"quantityLimit":{"quantityQuota":-1,"timeFrameDays":-1,"quantityOrdered":0}}]},"currency":"USD"},{"lines":{"items":[{"item":{"href":"https://hydraqa.unicity.net/v5a-test/items/4b2034f47fce90b87bba28c5c2d7c25d","id":{"unicity":"15880"}},"quantity":1,"terms":{"priceEach":59,"taxEach":{"amount":0},"discountEach":{"amount":0},"pvEach":41},"quantityLimit":{"quantityQuota":-1,"timeFrameDays":-1,"quantityOrdered":0}}]},"currency":"USD"},{"lines":{"items":[{"item":{"href":"https://hydraqa.unicity.net/v5a-test/items/2c4c1abe00983e85aaa918d2ce341491","id":{"unicity":"17174"}},"quantity":1,"terms":{"priceEach":17,"taxEach":{"amount":0},"discountEach":{"amount":0},"pvEach":10},"quantityLimit":{"quantityQuota":-1,"timeFrameDays":-1,"quantityOrdered":0}}]},"currency":"USD"},{"lines":{"items":[{"item":{"href":"https://hydraqa.unicity.net/v5a-test/items/cea826eab72d44641c070aab6c97c1ac","id":{"unicity":"22747"}},"quantity":1,"terms":{"priceEach":27,"taxEach":{"amount":0},"discountEach":{"amount":0},"pvEach":16},"quantityLimit":{"quantityQuota":-1,"timeFrameDays":-1,"quantityOrdered":0}}]},"currency":"USD"},{"lines":{"items":[{"item":{"href":"https://hydraqa.unicity.net/v5a-test/items/5c2f1613082782e691d32fe9ce034026","id":{"unicity":"23728"}},"quantity":1,"terms":{"priceEach":26,"taxEach":{"amount":0},"discountEach":{"amount":0},"pvEach":13},"quantityLimit":{"quantityQuota":-1,"timeFrameDays":-1,"quantityOrdered":0}}]},"currency":"USD"},{"lines":{"items":[{"item":{"href":"https://hydraqa.unicity.net/v5a-test/items/64ec7ad932acafab052a4e8800ad1238","id":{"unicity":"24758"}},"quantity":1,"terms":{"priceEach":31,"taxEach":{"amount":0},"discountEach":{"amount":0},"pvEach":21},"quantityLimit":{"quantityQuota":-1,"timeFrameDays":-1,"quantityOrdered":0}}]},"currency":"USD"},{"lines":{"items":[{"item":{"href":"https://hydraqa.unicity.net/v5a-test/items/9a7715e888c94989d898fe4653645721","id":{"unicity":"26550"}},"quantity":1,"terms":{"priceEach":80,"taxEach":{"amount":0},"discountEach":{"amount":0},"pvEach":52},"quantityLimit":{"quantityQuota":-1,"timeFrameDays":-1,"quantityOrdered":0}}]},"currency":"USD"},{"lines":{"items":[{"item":{"href":"https://hydraqa.unicity.net/v5a-test/items/3af97c67f653253825a9189a27da57d6","id":{"unicity":"26556"}},"quantity":1,"terms":{"priceEach":79,"taxEach":{"amount":0},"discountEach":{"amount":0},"pvEach":61},"quantityLimit":{"quantityQuota":-1,"timeFrameDays":-1,"quantityOrdered":0}}]},"currency":"USD"},{"lines":{"items":[{"item":{"href":"https://hydraqa.unicity.net/v5a-test/items/0cf62d38e91953b43dcfe88b06f813cb","id":{"unicity":"26557"}},"quantity":1,"terms":{"priceEach":79,"taxEach":{"amount":0},"discountEach":{"amount":0},"pvEach":61},"quantityLimit":{"quantityQuota":-1,"timeFrameDays":-1,"quantityOrdered":0}}]},"currency":"USD"},{"lines":{"items":[{"item":{"href":"https://hydraqa.unicity.net/v5a-test/items/398d06b858b960f6f38086d40608aef2","id":{"unicity":"26560"}},"quantity":1,"terms":{"priceEach":16,"taxEach":{"amount":0},"discountEach":{"amount":0},"pvEach":12},"quantityLimit":{"quantityQuota":-1,"timeFrameDays":-1,"quantityOrdered":0}}]},"currency":"USD"},{"lines":{"items":[{"item":{"href":"https://hydraqa.unicity.net/v5a-test/items/cda534d686af5d627c94c4bb2c4b57d8","id":{"unicity":"26561"}},"quantity":1,"terms":{"priceEach":16,"taxEach":{"amount":0},"discountEach":{"amount":0},"pvEach":11},"quantityLimit":{"quantityQuota":-1,"timeFrameDays":-1,"quantityOrdered":0}}]},"currency":"USD"},{"lines":{"items":[{"item":{"href":"https://hydraqa.unicity.net/v5a-test/items/0a3ede185ddf034630afd891c5106d33","id":{"unicity":"26562"}},"quantity":1,"terms":{"priceEach":33,"taxEach":{"amount":0},"discountEach":{"amount":0},"pvEach":25},"quantityLimit":{"quantityQuota":-1,"timeFrameDays":-1,"quantityOrdered":0}}]},"currency":"USD"},{"lines":{"items":[{"item":{"href":"https://hydraqa.unicity.net/v5a-test/items/16ca68abaaa92505c257be022a154769","id":{"unicity":"27615"}},"quantity":1,"terms":{"priceEach":29,"taxEach":{"amount":0},"discountEach":{"amount":0},"pvEach":21},"quantityLimit":{"quantityQuota":-1,"timeFrameDays":-1,"quantityOrdered":0}}]},"currency":"USD"},{"lines":{"items":[{"item":{"href":"https://hydraqa.unicity.net/v5a-test/items/1bd53de7fe880ba71f46c9976ca2c137","id":{"unicity":"27739"}},"quantity":1,"terms":{"priceEach":33,"taxEach":{"amount":0},"discountEach":{"amount":0},"pvEach":13},"quantityLimit":{"quantityQuota":-1,"timeFrameDays":-1,"quantityOrdered":0}}]},"currency":"USD"},{"lines":{"items":[{"item":{"href":"https://hydraqa.unicity.net/v5a-test/items/1945faa1776541d53120ecfe3c1d8a2b","id":{"unicity":"24418"}},"quantity":1,"terms":{"priceEach":5,"taxEach":{"amount":0},"discountEach":{"amount":0},"pvEach":0},"quantityLimit":{"quantityQuota":-1,"timeFrameDays":-1,"quantityOrdered":0}}]},"currency":"USD"},{"lines":{"items":[{"item":{"href":"https://hydraqa.unicity.net/v5a-test/items/9a6e1d094182389c3da8e0a320ff0e00","id":{"unicity":"27585"}},"quantity":1,"terms":{"priceEach":56,"taxEach":{"amount":0},"discountEach":{"amount":0},"pvEach":33},"quantityLimit":{"quantityQuota":-1,"timeFrameDays":-1,"quantityOrdered":0}}]},"currency":"USD"},{"lines":{"items":[{"item":{"href":"https://hydraqa.unicity.net/v5a-test/items/b127a2d34d3d73e2f53e4c2002a7a4a2","id":{"unicity":"25008"}},"quantity":1,"terms":{"priceEach":19,"taxEach":{"amount":0},"discountEach":{"amount":0},"pvEach":15},"quantityLimit":{"quantityQuota":-1,"timeFrameDays":-1,"quantityOrdered":0}}]},"currency":"USD"},{"lines":{"items":[{"item":{"href":"https://hydraqa.unicity.net/v5a-test/items/10da226fab00279b4f89df10af2a10b7","id":{"unicity":"26442"}},"quantity":1,"terms":{"priceEach":6,"taxEach":{"amount":0},"discountEach":{"amount":0},"pvEach":0},"quantityLimit":{"quantityQuota":-1,"timeFrameDays":-1,"quantityOrdered":0}}]},"currency":"USD"},{"lines":{"items":[{"item":{"href":"https://hydraqa.unicity.net/v5a-test/items/933f0856fd8ec1df83c5283dabf4ec3c","id":{"unicity":"6200"}},"quantity":1,"terms":{"priceEach":68,"taxEach":{"amount":0},"discountEach":{"amount":0},"pvEach":47},"quantityLimit":{"quantityQuota":-1,"timeFrameDays":-1,"quantityOrdered":0}}]},"currency":"USD"},{"lines":{"items":[{"item":{"href":"https://hydraqa.unicity.net/v5a-test/items/8d994059c399f5551ab112574e4476fc","id":{"unicity":"24785"}},"quantity":1,"terms":{"priceEach":14,"taxEach":{"amount":0},"discountEach":{"amount":0},"pvEach":9},"quantityLimit":{"quantityQuota":-1,"timeFrameDays":-1,"quantityOrdered":0}}]},"currency":"USD"},{"lines":{"items":[{"item":{"href":"https://hydraqa.unicity.net/v5a-test/items/aa0d72ac13b1ce88cf8c4a52ede75a37","id":{"unicity":"26552"}},"quantity":1,"terms":{"priceEach":70,"taxEach":{"amount":0},"discountEach":{"amount":0},"pvEach":50},"quantityLimit":{"quantityQuota":-1,"timeFrameDays":-1,"quantityOrdered":0}}]},"currency":"USD"},{"lines":{"items":[{"item":{"href":"https://hydraqa.unicity.net/v5a-test/items/8b5ed9aa6c6132e1be5e446f69a3465e","id":{"unicity":"0954"}},"quantity":1,"terms":{"priceEach":21,"taxEach":{"amount":0},"discountEach":{"amount":0},"pvEach":15},"quantityLimit":{"quantityQuota":-1,"timeFrameDays":-1,"quantityOrdered":0}}]},"currency":"USD"},{"lines":{"items":[{"item":{"href":"https://hydraqa.unicity.net/v5a-test/items/b2fc4b9ba4aa5cae54389161be2f841f","id":{"unicity":"18401"}},"quantity":1,"terms":{"priceEach":31,"taxEach":{"amount":0},"discountEach":{"amount":0},"pvEach":19},"quantityLimit":{"quantityQuota":-1,"timeFrameDays":-1,"quantityOrdered":0}}]},"currency":"USD"},{"lines":{"items":[{"item":{"href":"https://hydraqa.unicity.net/v5a-test/items/48433ffc76597c823adc2b8627e033e4","id":{"unicity":"26559"}},"quantity":1,"terms":{"priceEach":30,"taxEach":{"amount":0},"discountEach":{"amount":0},"pvEach":20},"quantityLimit":{"quantityQuota":-1,"timeFrameDays":-1,"quantityOrdered":0}}]},"currency":"USD"},{"lines":{"items":[{"item":{"href":"https://hydraqa.unicity.net/v5a-test/items/5a38f009bec6c23b1b3a70432f9722e5","id":{"unicity":"19596"}},"quantity":1,"terms":{"priceEach":49,"taxEach":{"amount":0},"discountEach":{"amount":0},"pvEach":30},"quantityLimit":{"quantityQuota":-1,"timeFrameDays":-1,"quantityOrdered":0}}]},"currency":"USD"},{"lines":{"items":[{"item":{"href":"https://hydraqa.unicity.net/v5a-test/items/9ce45d695c87f93b29794041362b5192","id":{"unicity":"26945"}},"quantity":1,"terms":{"priceEach":35,"taxEach":{"amount":0},"discountEach":{"amount":0},"pvEach":0},"quantityLimit":{"quantityQuota":-1,"timeFrameDays":-1,"quantityOrdered":0}}]},"currency":"USD"},{"lines":{"items":[{"item":{"href":"https://hydraqa.unicity.net/v5a-test/items/ddef5f478ff91aa2263b646a3bd03dea","id":{"unicity":"21420"}},"quantity":1,"terms":{"priceEach":24,"taxEach":{"amount":0},"discountEach":{"amount":0},"pvEach":10},"quantityLimit":{"quantityQuota":-1,"timeFrameDays":-1,"quantityOrdered":0}}]},"currency":"USD"},{"lines":{"items":[{"item":{"href":"https://hydraqa.unicity.net/v5a-test/items/55d3b550a17b78175cc5ac565e4266e8","id":{"unicity":"24621"}},"quantity":1,"terms":{"priceEach":20,"taxEach":{"amount":0},"discountEach":{"amount":0},"pvEach":12},"quantityLimit":{"quantityQuota":-1,"timeFrameDays":-1,"quantityOrdered":0}}]},"currency":"USD"},{"lines":{"items":[{"item":{"href":"https://hydraqa.unicity.net/v5a-test/items/9d9d002b0e21b9bd58ad0154a4f781c5","id":{"unicity":"28836"}},"quantity":1,"terms":{"priceEach":58,"taxEach":{"amount":0},"discountEach":{"amount":0},"pvEach":36},"quantityLimit":{"quantityQuota":-1,"timeFrameDays":-1,"quantityOrdered":0}}]},"currency":"USD"},{"lines":{"items":[{"item":{"href":"https://hydraqa.unicity.net/v5a-test/items/399be8efa903b362515c48315ab2afb9","id":{"unicity":"15712"}},"quantity":1,"terms":{"priceEach":24,"taxEach":{"amount":0},"discountEach":{"amount":0},"pvEach":11},"quantityLimit":{"quantityQuota":-1,"timeFrameDays":-1,"quantityOrdered":0}}]},"currency":"USD"},{"lines":{"items":[{"item":{"href":"https://hydraqa.unicity.net/v5a-test/items/d489ec0d50f6e28d5743afc65439631b","id":{"unicity":"0960"}},"quantity":1,"terms":{"priceEach":37,"taxEach":{"amount":0},"discountEach":{"amount":0},"pvEach":23},"quantityLimit":{"quantityQuota":-1,"timeFrameDays":-1,"quantityOrdered":0}}]},"currency":"USD"},{"lines":{"items":[{"item":{"href":"https://hydraqa.unicity.net/v5a-test/items/66839181d7531692a8d886a9da6fb4d6","id":{"unicity":"25369"}},"quantity":1,"terms":{"priceEach":48,"taxEach":{"amount":0},"discountEach":{"amount":0},"pvEach":25},"quantityLimit":{"quantityQuota":-1,"timeFrameDays":-1,"quantityOrdered":0}}]},"currency":"USD"},{"lines":{"items":[{"item":{"href":"https://hydraqa.unicity.net/v5a-test/items/8ed7a8910d5c5335774fa9cfae0e511d","id":{"unicity":"18386"}},"quantity":1,"terms":{"priceEach":27,"taxEach":{"amount":0},"discountEach":{"amount":0},"pvEach":21},"quantityLimit":{"quantityQuota":-1,"timeFrameDays":-1,"quantityOrdered":0}}]},"currency":"USD"},{"lines":{"items":[{"item":{"href":"https://hydraqa.unicity.net/v5a-test/items/3f2d12d7a0e8551fc99fad3bbe1ba633","id":{"unicity":"26567"}},"quantity":1,"terms":{"priceEach":56,"taxEach":{"amount":0},"discountEach":{"amount":0},"pvEach":35},"quantityLimit":{"quantityQuota":-1,"timeFrameDays":-1,"quantityOrdered":0}}]},"currency":"USD"},{"lines":{"items":[{"item":{"href":"https://hydraqa.unicity.net/v5a-test/items/191637167cb3144bd2e8c4615e9ab67e","id":{"unicity":"26568"}},"quantity":1,"terms":{"priceEach":56,"taxEach":{"amount":0},"discountEach":{"amount":0},"pvEach":35},"quantityLimit":{"quantityQuota":-1,"timeFrameDays":-1,"quantityOrdered":0}}]},"currency":"USD"},{"lines":{"items":[{"item":{"href":"https://hydraqa.unicity.net/v5a-test/items/2cefc6a61faaae3455a5adcb0d8fc74f","id":{"unicity":"15907"}},"quantity":1,"terms":{"priceEach":15,"taxEach":{"amount":0},"discountEach":{"amount":0},"pvEach":5},"quantityLimit":{"quantityQuota":-1,"timeFrameDays":-1,"quantityOrdered":0}}]},"currency":"USD"},{"lines":{"items":[{"item":{"href":"https://hydraqa.unicity.net/v5a-test/items/e870d73cd94149d9f6b55de9736c9daa","id":{"unicity":"3107"}},"quantity":1,"terms":{"priceEach":24,"taxEach":{"amount":0},"discountEach":{"amount":0},"pvEach":16},"quantityLimit":{"quantityQuota":-1,"timeFrameDays":-1,"quantityOrdered":0}}]},"currency":"USD"},{"lines":{"items":[{"item":{"href":"https://hydraqa.unicity.net/v5a-test/items/fa2407c91e64e66a72ab45172eb978df","id":{"unicity":"0988"}},"quantity":1,"terms":{"priceEach":36,"taxEach":{"amount":0},"discountEach":{"amount":0},"pvEach":23},"quantityLimit":{"quantityQuota":-1,"timeFrameDays":-1,"quantityOrdered":0}}]},"currency":"USD"},{"lines":{"items":[{"item":{"href":"https://hydraqa.unicity.net/v5a-test/items/40a1044968ea62276f4ba87fd2ef0d8f","id":{"unicity":"12230"}},"quantity":1,"terms":{"priceEach":45,"taxEach":{"amount":0},"discountEach":{"amount":0},"pvEach":18},"quantityLimit":{"quantityQuota":-1,"timeFrameDays":-1,"quantityOrdered":0}}]},"currency":"USD"},{"lines":{"items":[{"item":{"href":"https://hydraqa.unicity.net/v5a-test/items/112b8c39286598b3730f630f371a45f4","id":{"unicity":"27587"}},"quantity":1,"terms":{"priceEach":58,"taxEach":{"amount":0},"discountEach":{"amount":0},"pvEach":33},"quantityLimit":{"quantityQuota":-1,"timeFrameDays":-1,"quantityOrdered":0}}]},"currency":"USD"},{"lines":{"items":[{"item":{"href":"https://hydraqa.unicity.net/v5a-test/items/e218d1cac5f31e7ae4f5876c29c57377","id":{"unicity":"29017"}},"quantity":1,"terms":{"priceEach":38,"taxEach":{"amount":0},"discountEach":{"amount":0},"pvEach":26},"quantityLimit":{"quantityQuota":-1,"timeFrameDays":-1,"quantityOrdered":0}}]},"currency":"USD"},{"lines":{"items":[{"item":{"href":"https://hydraqa.unicity.net/v5a-test/items/25eaf64b36ce31368f17ae789fd9ac5b","id":{"unicity":"29694"}},"quantity":1,"terms":{"priceEach":56,"taxEach":{"amount":0},"discountEach":{"amount":0},"pvEach":33},"quantityLimit":{"quantityQuota":-1,"timeFrameDays":-1,"quantityOrdered":0}}]},"currency":"USD"},{"lines":{"items":[{"item":{"href":"https://hydraqa.unicity.net/v5a-test/items/634f7efb30392b2a919de1355902d975","id":{"unicity":"29408"}},"quantity":1,"terms":{"priceEach":80,"taxEach":{"amount":0},"discountEach":{"amount":0},"pvEach":52},"quantityLimit":{"quantityQuota":-1,"timeFrameDays":-1,"quantityOrdered":0}}]},"currency":"USD"},{"lines":{"items":[{"item":{"href":"https://hydraqa.unicity.net/v5a-test/items/bb5c627f16547cb4f706cef521bca356","id":{"unicity":"29437"}},"quantity":1,"terms":{"priceEach":62,"taxEach":{"amount":0},"discountEach":{"amount":0},"pvEach":36},"quantityLimit":{"quantityQuota":-1,"timeFrameDays":-1,"quantityOrdered":0}}]},"currency":"USD"},{"lines":{"items":[{"item":{"href":"https://hydraqa.unicity.net/v5a-test/items/991cdbb84a495779eb209fb3956a77e4","id":{"unicity":"29183"}},"quantity":1,"terms":{"priceEach":42,"taxEach":{"amount":0},"discountEach":{"amount":0},"pvEach":24},"quantityLimit":{"quantityQuota":-1,"timeFrameDays":-1,"quantityOrdered":0}}]},"currency":"USD"},{"lines":{"items":[{"item":{"href":"https://hydraqa.unicity.net/v5a-test/items/1b0412bea8c0b841c66f65a36aa14108","id":{"unicity":"29191"}},"quantity":1,"terms":{"priceEach":64,"taxEach":{"amount":0},"discountEach":{"amount":0},"pvEach":36},"quantityLimit":{"quantityQuota":-1,"timeFrameDays":-1,"quantityOrdered":0}}]},"currency":"USD"},{"lines":{"items":[{"item":{"href":"https://hydraqa.unicity.net/v5a-test/items/362999101a321b721c87110710ae77b0","id":{"unicity":"29352"}},"quantity":1,"terms":{"priceEach":119,"taxEach":{"amount":0},"discountEach":{"amount":0},"pvEach":80},"quantityLimit":{"quantityQuota":-1,"timeFrameDays":-1,"quantityOrdered":0}}]},"currency":"USD"},{"lines":{"items":[{"item":{"href":"https://hydraqa.unicity.net/v5a-test/items/24ff5bda40c0d0e7eaa511866d052915","id":{"unicity":"29612"}},"quantity":1,"terms":{"priceEach":49,"taxEach":{"amount":0},"discountEach":{"amount":0},"pvEach":30},"quantityLimit":{"quantityQuota":-1,"timeFrameDays":-1,"quantityOrdered":0}}]},"currency":"USD"},{"lines":{"items":[{"item":{"href":"https://hydraqa.unicity.net/v5a-test/items/e0a19d3d676bccfdba0ab3d9f2766359","id":{"unicity":"30350"}},"quantity":1,"terms":{"priceEach":50,"taxEach":{"amount":0},"discountEach":{"amount":0},"pvEach":30},"quantityLimit":{"quantityQuota":-1,"timeFrameDays":-1,"quantityOrdered":0}}]},"currency":"USD"},{"lines":{"items":[{"item":{"href":"https://hydraqa.unicity.net/v5a-test/items/024e696f8b44a1d315006e676604cd31","id":{"unicity":"27395"}},"quantity":1,"terms":{"priceEach":25,"taxEach":{"amount":0},"discountEach":{"amount":0},"pvEach":16},"quantityLimit":{"quantityQuota":-1,"timeFrameDays":-1,"quantityOrdered":0}}]},"currency":"USD"},{"lines":{"items":[{"item":{"href":"https://hydraqa.unicity.net/v5a-test/items/05ca08f3808f126c0cc42154c50fc75c","id":{"unicity":"29440"}},"quantity":1,"terms":{"priceEach":120,"taxEach":{"amount":0},"discountEach":{"amount":0},"pvEach":90},"quantityLimit":{"quantityQuota":-1,"timeFrameDays":-1,"quantityOrdered":0}}]},"currency":"USD"},{"lines":{"items":[{"item":{"href":"https://hydraqa.unicity.net/v5a-test/items/764e2db430d361da99e8f6b70c4d0244","id":{"unicity":"29830"}},"quantity":1,"terms":{"priceEach":17,"taxEach":{"amount":0},"discountEach":{"amount":0},"pvEach":7},"quantityLimit":{"quantityQuota":-1,"timeFrameDays":-1,"quantityOrdered":0}}]},"currency":"USD"},{"lines":{"items":[{"item":{"href":"https://hydraqa.unicity.net/v5a-test/items/035189015384166df518a68ede0299a9","id":{"unicity":"30408"}},"quantity":1,"terms":{"priceEach":84,"taxEach":{"amount":0},"discountEach":{"amount":0},"pvEach":50},"quantityLimit":{"quantityQuota":-1,"timeFrameDays":-1,"quantityOrdered":0}}]},"currency":"USD"},{"lines":{"items":[{"item":{"href":"https://hydraqa.unicity.net/v5a-test/items/b91affa753dd5ee8a9acef4fa7e2c9a7","id":{"unicity":"30414"}},"quantity":1,"terms":{"priceEach":94,"taxEach":{"amount":0},"discountEach":{"amount":0},"pvEach":65},"quantityLimit":{"quantityQuota":-1,"timeFrameDays":-1,"quantityOrdered":0}}]},"currency":"USD"},{"lines":{"items":[{"item":{"href":"https://hydraqa.unicity.net/v5a-test/items/2835b1a78e379486f0ffbfd5fb9f6b0a","id":{"unicity":"30400"}},"quantity":1,"terms":{"priceEach":38,"taxEach":{"amount":0},"discountEach":{"amount":0},"pvEach":28},"quantityLimit":{"quantityQuota":-1,"timeFrameDays":-1,"quantityOrdered":0}}]},"currency":"USD"},{"lines":{"items":[{"item":{"href":"https://hydraqa.unicity.net/v5a-test/items/0e78fbdfebef11cd62f8d2120064ee58","id":{"unicity":"30280"}},"quantity":1,"terms":{"priceEach":42,"taxEach":{"amount":0},"discountEach":{"amount":0},"pvEach":24},"quantityLimit":{"quantityQuota":-1,"timeFrameDays":-1,"quantityOrdered":0}}]},"currency":"USD"},{"lines":{"items":[{"item":{"href":"https://hydraqa.unicity.net/v5a-test/items/d306a0b65f27f19b4968e5c05906a9f4","id":{"unicity":"31314"}},"quantity":1,"terms":{"priceEach":388,"taxEach":{"amount":0},"discountEach":{"amount":0},"pvEach":268},"quantityLimit":{"quantityQuota":-1,"timeFrameDays":-1,"quantityOrdered":0}}]},"currency":"USD"},{"lines":{"items":[{"item":{"href":"https://hydraqa.unicity.net/v5a-test/items/5bda067b70c43971650a6ef983f612e4","id":{"unicity":"31728"}},"quantity":1,"terms":{"priceEach":126,"taxEach":{"amount":0},"discountEach":{"amount":0},"pvEach":94},"quantityLimit":{"quantityQuota":-1,"timeFrameDays":-1,"quantityOrdered":0}}]},"currency":"USD"},{"lines":{"items":[{"item":{"href":"https://hydraqa.unicity.net/v5a-test/items/3875e24e6b6ebdf36c79d205614ed51e","id":{"unicity":"31846"}},"quantity":1,"terms":{"priceEach":126,"taxEach":{"amount":0},"discountEach":{"amount":0},"pvEach":94},"quantityLimit":{"quantityQuota":-1,"timeFrameDays":-1,"quantityOrdered":0}}]},"currency":"USD"},{"lines":{"items":[{"item":{"href":"https://hydraqa.unicity.net/v5a-test/items/89b6d29a85a88d44d65bc8cca3fefc65","id":{"unicity":"31845"}},"quantity":1,"terms":{"priceEach":143,"taxEach":{"amount":0},"discountEach":{"amount":0},"pvEach":100},"quantityLimit":{"quantityQuota":-1,"timeFrameDays":-1,"quantityOrdered":0}}]},"currency":"USD"},{"lines":{"items":[{"item":{"href":"https://hydraqa.unicity.net/v5a-test/items/fbb319232b7eed110794d46a68302acb","id":{"unicity":"31847"}},"quantity":1,"terms":{"priceEach":120,"taxEach":{"amount":0},"discountEach":{"amount":0},"pvEach":80},"quantityLimit":{"quantityQuota":-1,"timeFrameDays":-1,"quantityOrdered":0}}]},"currency":"USD"},{"lines":{"items":[{"item":{"href":"https://hydraqa.unicity.net/v5a-test/items/077823d29445b9020de9931f10c63efd","id":{"unicity":"31958"}},"quantity":1,"terms":{"priceEach":129,"taxEach":{"amount":0},"discountEach":{"amount":0},"pvEach":85},"quantityLimit":{"quantityQuota":-1,"timeFrameDays":-1,"quantityOrdered":0}}]},"currency":"USD"},{"lines":{"items":[{"item":{"href":"https://hydraqa.unicity.net/v5a-test/items/bfddb53fe0d5ed5432c531dc9850cbe4","id":{"unicity":"29449"}},"quantity":1,"terms":{"priceEach":37,"taxEach":{"amount":0},"discountEach":{"amount":0},"pvEach":25},"quantityLimit":{"quantityQuota":-1,"timeFrameDays":-1,"quantityOrdered":0}}]},"currency":"USD"},{"lines":{"items":[{"item":{"href":"https://hydraqa.unicity.net/v5a-test/items/7fc100f8d20814757efe2d79e41b315c","id":{"unicity":"32021"}},"quantity":1,"terms":{"priceEach":89,"taxEach":{"amount":0},"discountEach":{"amount":0},"pvEach":60},"quantityLimit":{"quantityQuota":-1,"timeFrameDays":-1,"quantityOrdered":0}}]},"currency":"USD"},{"lines":{"items":[{"item":{"href":"https://hydraqa.unicity.net/v5a-test/items/c201dcd36f4bb7e17e7a8481ef08d6f2","id":{"unicity":"31518"}},"quantity":1,"terms":{"priceEach":29,"taxEach":{"amount":0},"discountEach":{"amount":0},"pvEach":14},"quantityLimit":{"quantityQuota":-1,"timeFrameDays":-1,"quantityOrdered":0}}]},"currency":"USD"},{"lines":{"items":[{"item":{"href":"https://hydraqa.unicity.net/v5a-test/items/bed533c634e887357ff031d8e4c776b0","id":{"unicity":"31751"}},"quantity":1,"terms":{"priceEach":99,"taxEach":{"amount":0},"discountEach":{"amount":0},"pvEach":50},"quantityLimit":{"quantityQuota":-1,"timeFrameDays":-1,"quantityOrdered":0}}]},"currency":"USD"},{"lines":{"items":[{"item":{"href":"https://hydraqa.unicity.net/v5a-test/items/69461244686345ba75765978ef53c749","id":{"unicity":"32015"}},"quantity":1,"terms":{"priceEach":8,"taxEach":{"amount":0},"discountEach":{"amount":0},"pvEach":0},"quantityLimit":{"quantityQuota":-1,"timeFrameDays":-1,"quantityOrdered":0}}]},"currency":"USD"},{"lines":{"items":[{"item":{"href":"https://hydraqa.unicity.net/v5a-test/items/c674cdded8a54983aae3c5dcb32c9e38","id":{"unicity":"32628"}},"quantity":1,"terms":{"priceEach":80,"taxEach":{"amount":0},"discountEach":{"amount":0},"pvEach":50},"quantityLimit":{"quantityQuota":-1,"timeFrameDays":-1,"quantityOrdered":0}}]},"currency":"USD"},{"lines":{"items":[{"item":{"href":"https://hydraqa.unicity.net/v5a-test/items/69d8547e9e264505ce055e09920659fd","id":{"unicity":"33019"}},"quantity":1,"terms":{"priceEach":202,"taxEach":{"amount":0},"discountEach":{"amount":0},"pvEach":151},"quantityLimit":{"quantityQuota":-1,"timeFrameDays":-1,"quantityOrdered":0}}]},"currency":"USD"},{"lines":{"items":[{"item":{"href":"https://hydraqa.unicity.net/v5a-test/items/30b5c0f54df52286b3d87a6a1dfd314a","id":{"unicity":"33018"}},"quantity":1,"terms":{"priceEach":205,"taxEach":{"amount":0},"discountEach":{"amount":0},"pvEach":133},"quantityLimit":{"quantityQuota":-1,"timeFrameDays":-1,"quantityOrdered":0}}]},"currency":"USD"},{"lines":{"items":[{"item":{"href":"https://hydraqa.unicity.net/v5a-test/items/16a422e03f6e3a79ba7bcd7fd50e31c0","id":{"unicity":"33017"}},"quantity":1,"terms":{"priceEach":150,"taxEach":{"amount":0},"discountEach":{"amount":0},"pvEach":110},"quantityLimit":{"quantityQuota":-1,"timeFrameDays":-1,"quantityOrdered":0}}]},"currency":"USD"},{"lines":{"items":[{"item":{"href":"https://hydraqa.unicity.net/v5a-test/items/30f2eb8ab275ef57ae8082b3435a3d69","id":{"unicity":"33016"}},"quantity":1,"terms":{"priceEach":199,"taxEach":{"amount":0},"discountEach":{"amount":0},"pvEach":142},"quantityLimit":{"quantityQuota":-1,"timeFrameDays":-1,"quantityOrdered":0}}]},"currency":"USD"},{"lines":{"items":[{"item":{"href":"https://hydraqa.unicity.net/v5a-test/items/e30d5100db17be47578745dce83039e6","id":{"unicity":"32838"}},"quantity":1,"terms":{"priceEach":12.95,"taxEach":{"amount":0},"discountEach":{"amount":0},"pvEach":0},"quantityLimit":{"quantityQuota":-1,"timeFrameDays":-1,"quantityOrdered":0}}]},"currency":"USD"}]}
Entry request : {"order":{"customer":{"href":"https://hydraqa.unicity.net/v5a-test/customers?type=Associate"},"shipToAddress":{"country":"US"}},"vary":{"lines":{"items":[{"item":{"href":"https://hydraqa.unicity.net/v5a-test/items?id.unicity=26580|31440|31441|27801|31858|31859|31863|31861|32030|29684|31729|31730|31731|0963|15129|15271|15880|17174|22745|22747|23728|24758|25022|26550|26556|26557|26560|26561|26562|27615|27739|24418|27585|25008|26442|6200|15916|18908|24785|26552|27028|0954|18401|27029|26559|19596|26945|21420|24621|28836|15712|0960|25369|18386|26567|26568|15907|28513|3107|0988|12230|26950|26786|27587|29017|29694|29408|29437|29183|29191|29352|29612|30350|27395|29440|29830|30408|30414|30400|30280|31314|31728|31846|31845|31847|31958|29449|32021|31518|31751|32015|32628|33019|33018|33017|33016|32838|33476|26555"}}]}}}
Request URL: https://hydraqa.unicity.net/v5a-test/customers.js?callback=angular.callbacks._1&expand=customer,profilePicture&id.unicity=2
Request URL: https://hydraqa.unicity.net/v5a-test/customers.js?_httpMethod=HEAD&callback=angular.callbacks._7&email=DJHFCC@gmail.com
Request URL: https://hydraqa.unicity.net/v5a-test/shippingmethods.js?callback=angular.callbacks._a&destination=US&market=US
Unicity [Date=Thu, 10 Dec 2020 16:52:51 GMT, Content-Type=text/javascript; charset=utf-8, Content-Length=383, Connection=keep-alive, Set-Cookie=__cfduid=db237fa6da8717ec8f33ba8f66bdb32851607619169; expires=Sat, 09-Jan-21 16:52:49 GMT; path=/; domain=.unicity.net; HttpOnly; SameSite=Lax, x-powered-by=Express, x-request-id=9df75ba7-d84c-907a-a3b5-e079cd590942,9df75ba7-d84c-907a-a3b5-e079cd590942, x-request-uuid=9df75ba7-d84c-907a-a3b5-e079cd590942, x-request-release=5-2020120801/master, access-control-allow-origin=http://enroll.ng.unicityqa.com, vary=Accept-Encoding, link=<http://unicity.github.io/Hydra.php/docs/v5/>; rel="help", cache-control=no-cache, must-revalidate, expires=0, content-language=en-US, x-status-code=400, content-encoding=gzip, x-envoy-upstream-service-time=979, etag=W/"17f-54JhnPGM5W+80PTU/sm1erZRXLw", access-control-expose-headers=x-b3-traceid, x-request-id, x-b3-traceid=05b3a5571e111815, CF-Cache-Status=DYNAMIC, cf-request-id=06ef2ae62a00003b2773366000000001, Expect-CT=max-age=604800, report-uri="https://report-uri.cloudflare.com/cdn-cgi/beacon/expect-ct", Server=cloudflare, CF-RAY=5ff87a837e853b27-SJC]
Unicity [Date=Thu, 10 Dec 2020 16:52:50 GMT, Content-Type=text/javascript; charset=utf-8, Content-Length=380, Connection=keep-alive, Set-Cookie=__cfduid=def2f7eb1c85868a370c87dd25b3b87b51607619169; expires=Sat, 09-Jan-21 16:52:49 GMT; path=/; domain=.unicity.net; HttpOnly; SameSite=Lax, x-powered-by=Express, x-request-id=a5773095-ca11-96ed-a506-ee2b6cf60e06,a5773095-ca11-96ed-a506-ee2b6cf60e06, x-request-uuid=a5773095-ca11-96ed-a506-ee2b6cf60e06, x-request-release=5-2020120801/master, access-control-allow-origin=http://enroll.ng.unicityqa.com, vary=Accept-Encoding, link=<http://unicity.github.io/Hydra.php/docs/v5/>; rel="help", cache-control=no-cache, must-revalidate, expires=0, content-language=en-US, x-status-code=400, content-encoding=gzip, x-envoy-upstream-service-time=802, etag=W/"17c-etwkQhkngfHFkdUBWPboIuueQ84", access-control-expose-headers=x-b3-traceid, x-request-id, x-b3-traceid=52316331c295b47e, CF-Cache-Status=DYNAMIC, cf-request-id=06ef2ae6c800006d82f891b000000001, Expect-CT=max-age=604800, report-uri="https://report-uri.cloudflare.com/cdn-cgi/beacon/expect-ct", Server=cloudflare, CF-RAY=5ff87a847ca16d82-SJC]
Unicity [Date=Thu, 10 Dec 2020 16:52:51 GMT, Content-Type=text/javascript; charset=utf-8, Content-Length=383, Connection=keep-alive, Set-Cookie=__cfduid=d04092aba85ddd64f2c03795e253fafbc1607619170; expires=Sat, 09-Jan-21 16:52:50 GMT; path=/; domain=.unicity.net; HttpOnly; SameSite=Lax, x-powered-by=Express, x-request-id=8d02446a-5f01-9fa5-be41-24745cbbbb60,8d02446a-5f01-9fa5-be41-24745cbbbb60, x-request-uuid=8d02446a-5f01-9fa5-be41-24745cbbbb60, x-request-release=5-2020120801/master, access-control-allow-origin=http://enroll.ng.unicityqa.com, vary=Accept-Encoding, link=<http://unicity.github.io/Hydra.php/docs/v5/>; rel="help", cache-control=no-cache, must-revalidate, expires=0, content-language=en-US, x-status-code=400, content-encoding=gzip, x-envoy-upstream-service-time=772, etag=W/"17f-AEMbkDBz3urmBpV0R7nN9hXNsQQ", access-control-expose-headers=x-b3-traceid, x-request-id, x-b3-traceid=bcb94b3d73b1dc19, CF-Cache-Status=DYNAMIC, cf-request-id=06ef2aea8600003b0aebb7d000000001, Expect-CT=max-age=604800, report-uri="https://report-uri.cloudflare.com/cdn-cgi/beacon/expect-ct", Server=cloudflare, CF-RAY=5ff87a8a782e3b0a-SJC]
Unicity [Date=Thu, 10 Dec 2020 16:52:52 GMT, Content-Type=text/javascript; charset=utf-8, Content-Length=382, Connection=keep-alive, Set-Cookie=__cfduid=dabe72b56ea7c19c1e740c4c44b1f0e2c1607619171; expires=Sat, 09-Jan-21 16:52:51 GMT; path=/; domain=.unicity.net; HttpOnly; SameSite=Lax, x-powered-by=Express, x-request-id=a74d3a2a-d648-94fd-b4f1-c32129e3a9d0,a74d3a2a-d648-94fd-b4f1-c32129e3a9d0, x-request-uuid=a74d3a2a-d648-94fd-b4f1-c32129e3a9d0, x-request-release=5-2020120801/master, access-control-allow-origin=http://enroll.ng.unicityqa.com, vary=Accept-Encoding, link=<http://unicity.github.io/Hydra.php/docs/v5/>; rel="help", cache-control=no-cache, must-revalidate, expires=0, content-language=en-US, x-status-code=400, content-encoding=gzip, x-envoy-upstream-service-time=779, etag=W/"17e-5ZMsEEwDt5enzVjXEOAaJiw+r50", access-control-expose-headers=x-b3-traceid, x-request-id, x-b3-traceid=e93a45ca70a2e496, CF-Cache-Status=DYNAMIC, cf-request-id=06ef2aeb7900003b27210de000000001, Expect-CT=max-age=604800, report-uri="https://report-uri.cloudflare.com/cdn-cgi/beacon/expect-ct", Server=cloudflare, CF-RAY=5ff87a8bf8953b27-SJC]
Unicity [Date=Thu, 10 Dec 2020 16:52:52 GMT, Content-Type=text/javascript; charset=utf-8, Content-Length=382, Connection=keep-alive, Set-Cookie=__cfduid=de2a81836e638a063073c1301db8ec1821607619171; expires=Sat, 09-Jan-21 16:52:51 GMT; path=/; domain=.unicity.net; HttpOnly; SameSite=Lax, x-powered-by=Express, x-request-id=c06e4332-1944-9d11-af8d-d6fb15e86593,c06e4332-1944-9d11-af8d-d6fb15e86593, x-request-uuid=c06e4332-1944-9d11-af8d-d6fb15e86593, x-request-release=5-2020120801/master, access-control-allow-origin=http://enroll.ng.unicityqa.com, vary=Accept-Encoding, link=<http://unicity.github.io/Hydra.php/docs/v5/>; rel="help", cache-control=no-cache, must-revalidate, expires=0, content-language=en-US, x-status-code=400, content-encoding=gzip, x-envoy-upstream-service-time=593, etag=W/"17e-dzJUVj+TIvHWhS15NJr0sxPrIPY", access-control-expose-headers=x-b3-traceid, x-request-id, x-b3-traceid=bc0a13b221a89833, CF-Cache-Status=DYNAMIC, cf-request-id=06ef2aedfd00003b0afa835000000001, Expect-CT=max-age=604800, report-uri="https://report-uri.cloudflare.com/cdn-cgi/beacon/expect-ct", Server=cloudflare, CF-RAY=5ff87a8ffb223b0a-SJC]
Unicity [Date=Thu, 10 Dec 2020 16:52:53 GMT, Content-Type=text/javascript; charset=utf-8, Content-Length=377, Connection=keep-alive, Set-Cookie=__cfduid=da69b98c2552e44d9eb323c2ceac9d2f01607619172; expires=Sat, 09-Jan-21 16:52:52 GMT; path=/; domain=.unicity.net; HttpOnly; SameSite=Lax, x-powered-by=Express, x-request-id=0799cc6e-489c-9b5e-96b8-3e3e64457a1e,0799cc6e-489c-9b5e-96b8-3e3e64457a1e, x-request-uuid=0799cc6e-489c-9b5e-96b8-3e3e64457a1e, x-request-release=5-2020120801/master, access-control-allow-origin=http://enroll.ng.unicityqa.com, vary=Accept-Encoding, link=<http://unicity.github.io/Hydra.php/docs/v5/>; rel="help", cache-control=no-cache, must-revalidate, expires=0, content-language=en-US, x-status-code=400, content-encoding=gzip, x-envoy-upstream-service-time=885, etag=W/"179-+jjnkX8gBoEYEisIn/0pRA05jkc", access-control-expose-headers=x-b3-traceid, x-request-id, x-b3-traceid=320a6ebb69220591, CF-Cache-Status=DYNAMIC, cf-request-id=06ef2aef9a0000ed238d1a9000000001, Expect-CT=max-age=604800, report-uri="https://report-uri.cloudflare.com/cdn-cgi/beacon/expect-ct", Server=cloudflare, CF-RAY=5ff87a929d05ed23-SJC]
Unicity [Date=Thu, 10 Dec 2020 16:52:53 GMT, Content-Type=text/javascript; charset=utf-8, Content-Length=379, Connection=keep-alive, Set-Cookie=__cfduid=d8b0bbcbcfc41bfed763884d3f80286d21607619172; expires=Sat, 09-Jan-21 16:52:52 GMT; path=/; domain=.unicity.net; HttpOnly; SameSite=Lax, x-powered-by=Express, x-request-id=a41bee0e-f83c-9e45-a2f9-facab4384661,a41bee0e-f83c-9e45-a2f9-facab4384661, x-request-uuid=a41bee0e-f83c-9e45-a2f9-facab4384661, x-request-release=5-2020120801/master, access-control-allow-origin=http://enroll.ng.unicityqa.com, vary=Accept-Encoding, link=<http://unicity.github.io/Hydra.php/docs/v5/>; rel="help", cache-control=no-cache, must-revalidate, expires=0, content-language=en-US, x-status-code=400, content-encoding=gzip, x-envoy-upstream-service-time=835, etag=W/"17b-nMO3fI2gsGAUxdDL7RDtRiF1p/8", access-control-expose-headers=x-b3-traceid, x-request-id, x-b3-traceid=d07309e5c42eef8e, CF-Cache-Status=DYNAMIC, cf-request-id=06ef2aeff900006d82f1127000000001, Expect-CT=max-age=604800, report-uri="https://report-uri.cloudflare.com/cdn-cgi/beacon/expect-ct", Server=cloudflare, CF-RAY=5ff87a9328776d82-SJC]
Unicity [Date=Thu, 10 Dec 2020 16:52:55 GMT, Content-Type=text/javascript; charset=utf-8, Content-Length=378, Connection=keep-alive, Set-Cookie=__cfduid=d70be8e91619a7f5ac9d4cc8f8d5417141607619174; expires=Sat, 09-Jan-21 16:52:54 GMT; path=/; domain=.unicity.net; HttpOnly; SameSite=Lax, x-powered-by=Express, x-request-id=d1abe21a-7e10-99ab-8c5a-6a063dae0aba,d1abe21a-7e10-99ab-8c5a-6a063dae0aba, x-request-uuid=d1abe21a-7e10-99ab-8c5a-6a063dae0aba, x-request-release=5-2020120801/master, access-control-allow-origin=http://enroll.ng.unicityqa.com, vary=Accept-Encoding, link=<http://unicity.github.io/Hydra.php/docs/v5/>; rel="help", cache-control=no-cache, must-revalidate, expires=0, content-language=en-US, x-status-code=400, content-encoding=gzip, x-envoy-upstream-service-time=843, etag=W/"17a-RgvD5jPH7qiWBqm05OUCjO+JNS8", access-control-expose-headers=x-b3-traceid, x-request-id, x-b3-traceid=04c1e94cc7149590, CF-Cache-Status=DYNAMIC, cf-request-id=06ef2af70600003b270d0bc000000001, Expect-CT=max-age=604800, report-uri="https://report-uri.cloudflare.com/cdn-cgi/beacon/expect-ct", Server=cloudflare, CF-RAY=5ff87a9e69d63b27-SJC]
Request URL: https://hydraqa.unicity.net/v5a-test/addresses?country=US&zip=84097
Entry response : {"items":[{"city":"Orem","state":"UT"}]}
]]></system-out>
    <system-err><![CDATA[Starting ChromeDriver 2.36.540470 (e522d04694c7ebea4ba8821272dbef4f9b818c91) on port 8761
Only local connections are allowed.
Dec 10, 2020 9:49:21 AM org.openqa.selenium.remote.ProtocolHandshake createSession
INFO: Detected dialect: OSS
]]></system-err>
  </testcase>
  <testcase name="Enroll" classname="Tests.FranchisePartner" time="263.589">
    <failure message="Critical A-Z section not displaying" type="java.lang.AssertionError">java.lang.AssertionError: Critical A-Z section not displaying
	at Tests.FranchisePartner.Enroll(FranchisePartner.java:257)
</failure>
    <system-out><![CDATA[Request URL: https://hydraqa.unicity.net/v5a-test/quotes?&expand=item
Entry Quotes response : {"items":[{"lines":{"items":[{"item":{"href":"https://hydraqa.unicity.net/v5a-test/items/332daeac6796ed016ea8b7d0bc42c2d4","id":{"unicity":"24274"},"weightEach":{"value":0},"servingsPerContainer":0,"servingSize":0},"quantity":1,"terms":{"priceEach":800,"taxEach":{"amount":1.57},"discountEach":{"amount":0},"pvEach":0},"quantityLimit":{"quantityQuota":-1,"timeFrameDays":-1,"quantityOrdered":0}}]},"currency":"EUR"}]}
Entry request : {"order":{"customer":{"href":"https://hydraqa.unicity.net/v5a-test/customers?type=Associate"},"shipToAddress":{"country":"BE"}},"vary":{"lines":{"items":[{"item":{"href":"https://hydraqa.unicity.net/v5a-test/items?id.unicity=26422|27158|27160|27166|31763|31951|31952|32128|32129|32130|32132|32133|32134|32135|32136|32137|32138|32125|33006|32699|33092|33094|33093|18511|27156|27617|27660|27585|27587|28601|27395|15880|26560|29017|26567|26568|24758|29838|17174|31402|31772|31777|31780|31781|31782|31779|31932|31778|32556|29317|30103|29832|29833|30198|31628|32197|32196|32755|32756|32968|32965|32966|33089|33090|33091|33097|33095|33098|33096|24274|24418|26442|27150|27163|27575|28604|29821|32012|29183|30280|29187|29191|30684|31672|31534|29449|32126|32127|32087|32333|32330|32693|27739"}}]}}}
]]></system-out>
    <system-err><![CDATA[Starting ChromeDriver 2.36.540470 (e522d04694c7ebea4ba8821272dbef4f9b818c91) on port 15611
Only local connections are allowed.
Dec 10, 2020 9:53:30 AM org.openqa.selenium.remote.ProtocolHandshake createSession
INFO: Detected dialect: OSS
]]></system-err>
  </testcase>
  <testcase name="Enroll" classname="Tests.FranchisePartner" time="252.356">
    <failure message="Critical A-Z section not displaying" type="java.lang.AssertionError">java.lang.AssertionError: Critical A-Z section not displaying
	at Tests.FranchisePartner.Enroll(FranchisePartner.java:257)
</failure>
    <system-out><![CDATA[Request URL: https://hydraqa.unicity.net/v5a-test/quotes?&expand=item
Entry Quotes response : {"items":[{"lines":{"items":[{"item":{"href":"https://hydraqa.unicity.net/v5a-test/items/332daeac6796ed016ea8b7d0bc42c2d4","id":{"unicity":"24274"},"weightEach":{"value":0},"servingsPerContainer":0,"servingSize":0},"quantity":1,"terms":{"priceEach":800,"taxEach":{"amount":1.57},"discountEach":{"amount":0},"pvEach":0},"quantityLimit":{"quantityQuota":-1,"timeFrameDays":-1,"quantityOrdered":0}}]},"currency":"EUR"}]}
Entry request : {"order":{"customer":{"href":"https://hydraqa.unicity.net/v5a-test/customers?type=Associate"},"shipToAddress":{"country":"BE"}},"vary":{"lines":{"items":[{"item":{"href":"https://hydraqa.unicity.net/v5a-test/items?id.unicity=26422|27158|27160|27166|31763|31951|31952|32128|32129|32130|32132|32133|32134|32135|32136|32137|32138|32125|33006|32699|33092|33094|33093|18511|27156|27617|27660|27585|27587|28601|27395|15880|26560|29017|26567|26568|24758|29838|17174|31402|31772|31777|31780|31781|31782|31779|31932|31778|32556|29317|30103|29832|29833|30198|31628|32197|32196|32755|32756|32968|32965|32966|33089|33090|33091|33097|33095|33098|33096|24274|24418|26442|27150|27163|27575|28604|29821|32012|29183|30280|29187|29191|30684|31672|31534|29449|32126|32127|32087|32333|32330|32693|27739"}}]}}}
]]></system-out>
    <system-err><![CDATA[Starting ChromeDriver 2.36.540470 (e522d04694c7ebea4ba8821272dbef4f9b818c91) on port 1335
Only local connections are allowed.
Dec 10, 2020 9:58:00 AM org.openqa.selenium.remote.ProtocolHandshake createSession
INFO: Detected dialect: OSS
]]></system-err>
  </testcase>
  <testcase name="Enroll" classname="Tests.FranchisePartner" time="252.359">
    <failure message="Critical A-Z section not displaying" type="java.lang.AssertionError">java.lang.AssertionError: Critical A-Z section not displaying
	at Tests.FranchisePartner.Enroll(FranchisePartner.java:257)
</failure>
    <system-out><![CDATA[Request URL: https://hydraqa.unicity.net/v5a-test/quotes?&expand=item
Entry Quotes response : {"items":[{"lines":{"items":[{"item":{"href":"https://hydraqa.unicity.net/v5a-test/items/332daeac6796ed016ea8b7d0bc42c2d4","id":{"unicity":"24274"},"weightEach":{"value":0},"servingsPerContainer":0,"servingSize":0},"quantity":1,"terms":{"priceEach":800,"taxEach":{"amount":1.57},"discountEach":{"amount":0},"pvEach":0},"quantityLimit":{"quantityQuota":-1,"timeFrameDays":-1,"quantityOrdered":0}}]},"currency":"EUR"}]}
Entry request : {"order":{"customer":{"href":"https://hydraqa.unicity.net/v5a-test/customers?type=Associate"},"shipToAddress":{"country":"BE"}},"vary":{"lines":{"items":[{"item":{"href":"https://hydraqa.unicity.net/v5a-test/items?id.unicity=26422|27158|27160|27166|31763|31951|31952|32128|32129|32130|32132|32133|32134|32135|32136|32137|32138|32125|33006|32699|33092|33094|33093|18511|27156|27617|27660|27585|27587|28601|27395|15880|26560|29017|26567|26568|24758|29838|17174|31402|31772|31777|31780|31781|31782|31779|31932|31778|32556|29317|30103|29832|29833|30198|31628|32197|32196|32755|32756|32968|32965|32966|33089|33090|33091|33097|33095|33098|33096|24274|24418|26442|27150|27163|27575|28604|29821|32012|29183|30280|29187|29191|30684|31672|31534|29449|32126|32127|32087|32333|32330|32693|27739"}}]}}}
]]></system-out>
    <system-err><![CDATA[Starting ChromeDriver 2.36.540470 (e522d04694c7ebea4ba8821272dbef4f9b818c91) on port 25987
Only local connections are allowed.
Dec 10, 2020 10:02:20 AM org.openqa.selenium.remote.ProtocolHandshake createSession
INFO: Detected dialect: OSS
]]></system-err>
  </testcase>
  <testcase name="Enroll" classname="Tests.FranchisePartner" time="82.375">
    <failure message="Major Customization error" type="java.lang.AssertionError">java.lang.AssertionError: Major Customization error
	at Tests.FranchisePartner.Enroll(FranchisePartner.java:257)
</failure>
    <system-out><![CDATA[Request URL: https://hydraqa.unicity.net/v5a-test/quotes?&expand=item
Entry Quotes response : {"items":[{"lines":{"items":[{"item":{"href":"https://hydraqa.unicity.net/v5a-test/items/bb1a7c3a2902e2cbc4cb2a22fdf1f499","id":{"unicity":"26993"}},"quantity":1,"terms":{"priceEach":250,"taxEach":{"amount":0},"discountEach":{"amount":0},"pvEach":150},"quantityLimit":{"quantityQuota":-1,"timeFrameDays":-1,"quantityOrdered":0}}]},"currency":"CAD"},{"lines":{"items":[{"item":{"href":"https://hydraqa.unicity.net/v5a-test/items/3ddd31ddbe0e5807756d2488e7cc3602","id":{"unicity":"31440"}},"quantity":1,"terms":{"priceEach":40,"taxEach":{"amount":0},"discountEach":{"amount":0},"pvEach":0},"quantityLimit":{"quantityQuota":-1,"timeFrameDays":-1,"quantityOrdered":0}}]},"currency":"CAD"},{"lines":{"items":[{"item":{"href":"https://hydraqa.unicity.net/v5a-test/items/5990c3ea5f48eb212ab30fd557f75397","id":{"unicity":"31442"}},"quantity":1,"terms":{"priceEach":40,"taxEach":{"amount":0},"discountEach":{"amount":0},"pvEach":0},"quantityLimit":{"quantityQuota":-1,"timeFrameDays":-1,"quantityOrdered":0}}]},"currency":"CAD"},{"lines":{"items":[{"item":{"href":"https://hydraqa.unicity.net/v5a-test/items/576e0ebc8d1f5b26fc89bf3cd47a26c6","id":{"unicity":"26572"}},"quantity":1,"terms":{"priceEach":96,"taxEach":{"amount":0},"discountEach":{"amount":0},"pvEach":56},"quantityLimit":{"quantityQuota":-1,"timeFrameDays":-1,"quantityOrdered":0}}]},"currency":"CAD"},{"lines":{"items":[{"item":{"href":"https://hydraqa.unicity.net/v5a-test/items/46ea1edabdcf18f49817c437346958eb","id":{"unicity":"29147"}},"quantity":1,"terms":{"priceEach":74,"taxEach":{"amount":0},"discountEach":{"amount":0},"pvEach":33},"quantityLimit":{"quantityQuota":-1,"timeFrameDays":-1,"quantityOrdered":0}}]},"currency":"CAD"},{"lines":{"items":[{"item":{"href":"https://hydraqa.unicity.net/v5a-test/items/e77144fa2fcf6a4dc73c15b4d615c1aa","id":{"unicity":"28437"}},"quantity":1,"terms":{"priceEach":74,"taxEach":{"amount":0},"discountEach":{"amount":0},"pvEach":33},"quantityLimit":{"quantityQuota":-1,"timeFrameDays":-1,"quantityOrdered":0}}]},"currency":"CAD"},{"lines":{"items":[{"item":{"href":"https://hydraqa.unicity.net/v5a-test/items/8407b62b9c4120aa3dfe25c9feb76e4a","id":{"unicity":"28591"}},"quantity":1,"terms":{"priceEach":21,"taxEach":{"amount":0},"discountEach":{"amount":0},"pvEach":15},"quantityLimit":{"quantityQuota":-1,"timeFrameDays":-1,"quantityOrdered":0}}]},"currency":"CAD"},{"lines":{"items":[{"item":{"href":"https://hydraqa.unicity.net/v5a-test/items/10da226fab00279b4f89df10af2a10b7","id":{"unicity":"26442"}},"quantity":1,"terms":{"priceEach":9,"taxEach":{"amount":0},"discountEach":{"amount":0},"pvEach":0},"quantityLimit":{"quantityQuota":-1,"timeFrameDays":-1,"quantityOrdered":0}}]},"currency":"CAD"},{"lines":{"items":[{"item":{"href":"https://hydraqa.unicity.net/v5a-test/items/60b5ca15c481444657970edde11b04ce","id":{"unicity":"26571"}},"quantity":1,"terms":{"priceEach":96,"taxEach":{"amount":0},"discountEach":{"amount":0},"pvEach":56},"quantityLimit":{"quantityQuota":-1,"timeFrameDays":-1,"quantityOrdered":0}}]},"currency":"CAD"},{"lines":{"items":[{"item":{"href":"https://hydraqa.unicity.net/v5a-test/items/1785a19a6bf5472c7c1ded08cb7fd083","id":{"unicity":"28326"}},"quantity":1,"terms":{"priceEach":1755,"taxEach":{"amount":0},"discountEach":{"amount":0},"pvEach":1000},"quantityLimit":{"quantityQuota":-1,"timeFrameDays":-1,"quantityOrdered":0}}]},"currency":"CAD"},{"lines":{"items":[{"item":{"href":"https://hydraqa.unicity.net/v5a-test/items/4b1b6b6007d154296fd6c4044c789f67","id":{"unicity":"28329"}},"quantity":1,"terms":{"priceEach":250,"taxEach":{"amount":0},"discountEach":{"amount":0},"pvEach":150},"quantityLimit":{"quantityQuota":-1,"timeFrameDays":-1,"quantityOrdered":0}}]},"currency":"CAD"},{"lines":{"items":[{"item":{"href":"https://hydraqa.unicity.net/v5a-test/items/2ffc1563d3d0fd7121ca5b1c2184988e","id":{"unicity":"28428"}},"quantity":1,"terms":{"priceEach":97,"taxEach":{"amount":0},"discountEach":{"amount":0},"pvEach":62},"quantityLimit":{"quantityQuota":-1,"timeFrameDays":-1,"quantityOrdered":0}}]},"currency":"CAD"},{"lines":{"items":[{"item":{"href":"https://hydraqa.unicity.net/v5a-test/items/637af131553f5822bef2bb0f0577b2e9","id":{"unicity":"28160"}},"quantity":1,"terms":{"priceEach":103,"taxEach":{"amount":0},"discountEach":{"amount":0},"pvEach":62},"quantityLimit":{"quantityQuota":-1,"timeFrameDays":-1,"quantityOrdered":0}}]},"currency":"CAD"},{"lines":{"items":[{"item":{"href":"https://hydraqa.unicity.net/v5a-test/items/c4744f6ba328b983bfffc7e1e4416ff3","id":{"unicity":"26565"}},"quantity":1,"terms":{"priceEach":102,"taxEach":{"amount":0},"discountEach":{"amount":0},"pvEach":64},"quantityLimit":{"quantityQuota":-1,"timeFrameDays":-1,"quantityOrdered":0}}]},"currency":"CAD"},{"lines":{"items":[{"item":{"href":"https://hydraqa.unicity.net/v5a-test/items/fe97499574f54ccd16daec7361208411","id":{"unicity":"26570"}},"quantity":1,"terms":{"priceEach":23,"taxEach":{"amount":0},"discountEach":{"amount":0},"pvEach":13},"quantityLimit":{"quantityQuota":-1,"timeFrameDays":-1,"quantityOrdered":0}}]},"currency":"CAD"},{"lines":{"items":[{"item":{"href":"https://hydraqa.unicity.net/v5a-test/items/ae14f4659032c9e8591a7ac76abd1ad5","id":{"unicity":"26569"}},"quantity":1,"terms":{"priceEach":44,"taxEach":{"amount":0},"discountEach":{"amount":0},"pvEach":30},"quantityLimit":{"quantityQuota":-1,"timeFrameDays":-1,"quantityOrdered":0}}]},"currency":"CAD"},{"lines":{"items":[{"item":{"href":"https://hydraqa.unicity.net/v5a-test/items/351c19047c5c800d2db6963b3af5df78","id":{"unicity":"27080"}},"quantity":1,"terms":{"priceEach":58,"taxEach":{"amount":0},"discountEach":{"amount":0},"pvEach":35},"quantityLimit":{"quantityQuota":-1,"timeFrameDays":-1,"quantityOrdered":0}}]},"currency":"CAD"},{"lines":{"items":[{"item":{"href":"https://hydraqa.unicity.net/v5a-test/items/f847ce37f5942a226f74e671c86709f8","id":{"unicity":"28787"}},"quantity":1,"terms":{"priceEach":33,"taxEach":{"amount":0},"discountEach":{"amount":0},"pvEach":17},"quantityLimit":{"quantityQuota":-1,"timeFrameDays":-1,"quantityOrdered":0}}]},"currency":"CAD"},{"lines":{"items":[{"item":{"href":"https://hydraqa.unicity.net/v5a-test/items/b24413d1812bb9c95ba6ff7e26bad8ff","id":{"unicity":"26566"}},"quantity":1,"terms":{"priceEach":47,"taxEach":{"amount":0},"discountEach":{"amount":0},"pvEach":32},"quantityLimit":{"quantityQuota":-1,"timeFrameDays":-1,"quantityOrdered":0}}]},"currency":"CAD"},{"lines":{"items":[{"item":{"href":"https://hydraqa.unicity.net/v5a-test/items/6e0e7450f45cb9412e5b4642dd1469cb","id":{"unicity":"26579"}},"quantity":1,"terms":{"priceEach":21,"taxEach":{"amount":0},"discountEach":{"amount":0},"pvEach":13},"quantityLimit":{"quantityQuota":-1,"timeFrameDays":-1,"quantityOrdered":0}}]},"currency":"CAD"},{"lines":{"items":[{"item":{"href":"https://hydraqa.unicity.net/v5a-test/items/828f9b5bdbceaa7cd3ca6a4532632635","id":{"unicity":"19356"}},"quantity":1,"terms":{"priceEach":36,"taxEach":{"amount":0},"discountEach":{"amount":0},"pvEach":21},"quantityLimit":{"quantityQuota":-1,"timeFrameDays":-1,"quantityOrdered":0}}]},"currency":"CAD"},{"lines":{"items":[{"item":{"href":"https://hydraqa.unicity.net/v5a-test/items/cb1cb2d293cc48affee9b2026c31313a","id":{"unicity":"28928"}},"quantity":1,"terms":{"priceEach":41,"taxEach":{"amount":0},"discountEach":{"amount":0},"pvEach":13},"quantityLimit":{"quantityQuota":-1,"timeFrameDays":-1,"quantityOrdered":0}}]},"currency":"CAD"},{"lines":{"items":[{"item":{"href":"https://hydraqa.unicity.net/v5a-test/items/a40ede5f6847ec094ad8a38616ced7d0","id":{"unicity":"28100"}},"quantity":1,"terms":{"priceEach":40,"taxEach":{"amount":0},"discountEach":{"amount":0},"pvEach":25},"quantityLimit":{"quantityQuota":-1,"timeFrameDays":-1,"quantityOrdered":0}}]},"currency":"CAD"},{"lines":{"items":[{"item":{"href":"https://hydraqa.unicity.net/v5a-test/items/1b0412bea8c0b841c66f65a36aa14108","id":{"unicity":"29191"}},"quantity":1,"terms":{"priceEach":83,"taxEach":{"amount":0},"discountEach":{"amount":0},"pvEach":36},"quantityLimit":{"quantityQuota":-1,"timeFrameDays":-1,"quantityOrdered":0}}]},"currency":"CAD"},{"lines":{"items":[{"item":{"href":"https://hydraqa.unicity.net/v5a-test/items/e84750c27b2b9f10e6b4d2ab5a1954ba","id":{"unicity":"30115"}},"quantity":1,"terms":{"priceEach":110,"taxEach":{"amount":0},"discountEach":{"amount":0},"pvEach":56},"quantityLimit":{"quantityQuota":-1,"timeFrameDays":-1,"quantityOrdered":0}}]},"currency":"CAD"},{"lines":{"items":[{"item":{"href":"https://hydraqa.unicity.net/v5a-test/items/42d7ab6b9834716f6ebdd66f1a86d7b1","id":{"unicity":"30980"}},"quantity":1,"terms":{"priceEach":20,"taxEach":{"amount":0},"discountEach":{"amount":0},"pvEach":8},"quantityLimit":{"quantityQuota":-1,"timeFrameDays":-1,"quantityOrdered":0}}]},"currency":"CAD"},{"lines":{"items":[{"item":{"href":"https://hydraqa.unicity.net/v5a-test/items/0e78fbdfebef11cd62f8d2120064ee58","id":{"unicity":"30280"}},"quantity":1,"terms":{"priceEach":55,"taxEach":{"amount":0},"discountEach":{"amount":0},"pvEach":24},"quantityLimit":{"quantityQuota":-1,"timeFrameDays":-1,"quantityOrdered":0}}]},"currency":"CAD"},{"lines":{"items":[{"item":{"href":"https://hydraqa.unicity.net/v5a-test/items/5c430db0256426c4b730bc6994a94a02","id":{"unicity":"31773"}},"quantity":1,"terms":{"priceEach":30,"taxEach":{"amount":0},"discountEach":{"amount":0},"pvEach":13},"quantityLimit":{"quantityQuota":-1,"timeFrameDays":-1,"quantityOrdered":0}}]},"currency":"CAD"},{"lines":{"items":[{"item":{"href":"https://hydraqa.unicity.net/v5a-test/items/cfc721c9fb00317ed614492f65f21460","id":{"unicity":"31288"}},"quantity":1,"terms":{"priceEach":51,"taxEach":{"amount":0},"discountEach":{"amount":0},"pvEach":30},"quantityLimit":{"quantityQuota":-1,"timeFrameDays":-1,"quantityOrdered":0}}]},"currency":"CAD"},{"lines":{"items":[{"item":{"href":"https://hydraqa.unicity.net/v5a-test/items/4916b998c4d0c83c68449a17ea6c1e4c","id":{"unicity":"33457"}},"quantity":1,"terms":{"priceEach":199,"taxEach":{"amount":0},"discountEach":{"amount":0},"pvEach":116},"quantityLimit":{"quantityQuota":-1,"timeFrameDays":-1,"quantityOrdered":0}}]},"currency":"CAD"}]}
Entry request : {"order":{"customer":{"href":"https://hydraqa.unicity.net/v5a-test/customers?type=Associate"},"shipToAddress":{"country":"CA"}},"vary":{"lines":{"items":[{"item":{"href":"https://hydraqa.unicity.net/v5a-test/items?id.unicity=26993|31440|31442|27184|28325|28327|26994|26995|28330|28331|26572|29449|29147|28437|28591|26580|26442|28370|26571|28326|28328|28329|28428|28160|26565|26570|26569|27589|27080|28787|26566|26579|19356|28928|20436|28100|28845|29183|29185|29191|30115|30980|31110|30280|31773|31288|33457|30136|31849"}}]}}}
]]></system-out>
    <system-err><![CDATA[Starting ChromeDriver 2.36.540470 (e522d04694c7ebea4ba8821272dbef4f9b818c91) on port 11640
Only local connections are allowed.
Dec 10, 2020 10:06:38 AM org.openqa.selenium.remote.ProtocolHandshake createSession
INFO: Detected dialect: OSS
]]></system-err>
  </testcase>
  <testcase name="Enroll" classname="Tests.FranchisePartner" time="91.791">
    <failure message="Major Customization error" type="java.lang.AssertionError">java.lang.AssertionError: Major Customization error
	at Tests.FranchisePartner.Enroll(FranchisePartner.java:257)
</failure>
    <system-out><![CDATA[Request URL: https://hydraqa.unicity.net/v5a-test/quotes?&expand=item
Entry Quotes response : {"items":[{"lines":{"items":[{"item":{"href":"https://hydraqa.unicity.net/v5a-test/items/bb1a7c3a2902e2cbc4cb2a22fdf1f499","id":{"unicity":"26993"}},"quantity":1,"terms":{"priceEach":250,"taxEach":{"amount":0},"discountEach":{"amount":0},"pvEach":150},"quantityLimit":{"quantityQuota":-1,"timeFrameDays":-1,"quantityOrdered":0}}]},"currency":"CAD"},{"lines":{"items":[{"item":{"href":"https://hydraqa.unicity.net/v5a-test/items/3ddd31ddbe0e5807756d2488e7cc3602","id":{"unicity":"31440"}},"quantity":1,"terms":{"priceEach":40,"taxEach":{"amount":0},"discountEach":{"amount":0},"pvEach":0},"quantityLimit":{"quantityQuota":-1,"timeFrameDays":-1,"quantityOrdered":0}}]},"currency":"CAD"},{"lines":{"items":[{"item":{"href":"https://hydraqa.unicity.net/v5a-test/items/5990c3ea5f48eb212ab30fd557f75397","id":{"unicity":"31442"}},"quantity":1,"terms":{"priceEach":40,"taxEach":{"amount":0},"discountEach":{"amount":0},"pvEach":0},"quantityLimit":{"quantityQuota":-1,"timeFrameDays":-1,"quantityOrdered":0}}]},"currency":"CAD"},{"lines":{"items":[{"item":{"href":"https://hydraqa.unicity.net/v5a-test/items/576e0ebc8d1f5b26fc89bf3cd47a26c6","id":{"unicity":"26572"}},"quantity":1,"terms":{"priceEach":96,"taxEach":{"amount":0},"discountEach":{"amount":0},"pvEach":56},"quantityLimit":{"quantityQuota":-1,"timeFrameDays":-1,"quantityOrdered":0}}]},"currency":"CAD"},{"lines":{"items":[{"item":{"href":"https://hydraqa.unicity.net/v5a-test/items/46ea1edabdcf18f49817c437346958eb","id":{"unicity":"29147"}},"quantity":1,"terms":{"priceEach":74,"taxEach":{"amount":0},"discountEach":{"amount":0},"pvEach":33},"quantityLimit":{"quantityQuota":-1,"timeFrameDays":-1,"quantityOrdered":0}}]},"currency":"CAD"},{"lines":{"items":[{"item":{"href":"https://hydraqa.unicity.net/v5a-test/items/e77144fa2fcf6a4dc73c15b4d615c1aa","id":{"unicity":"28437"}},"quantity":1,"terms":{"priceEach":74,"taxEach":{"amount":0},"discountEach":{"amount":0},"pvEach":33},"quantityLimit":{"quantityQuota":-1,"timeFrameDays":-1,"quantityOrdered":0}}]},"currency":"CAD"},{"lines":{"items":[{"item":{"href":"https://hydraqa.unicity.net/v5a-test/items/8407b62b9c4120aa3dfe25c9feb76e4a","id":{"unicity":"28591"}},"quantity":1,"terms":{"priceEach":21,"taxEach":{"amount":0},"discountEach":{"amount":0},"pvEach":15},"quantityLimit":{"quantityQuota":-1,"timeFrameDays":-1,"quantityOrdered":0}}]},"currency":"CAD"},{"lines":{"items":[{"item":{"href":"https://hydraqa.unicity.net/v5a-test/items/10da226fab00279b4f89df10af2a10b7","id":{"unicity":"26442"}},"quantity":1,"terms":{"priceEach":9,"taxEach":{"amount":0},"discountEach":{"amount":0},"pvEach":0},"quantityLimit":{"quantityQuota":-1,"timeFrameDays":-1,"quantityOrdered":0}}]},"currency":"CAD"},{"lines":{"items":[{"item":{"href":"https://hydraqa.unicity.net/v5a-test/items/60b5ca15c481444657970edde11b04ce","id":{"unicity":"26571"}},"quantity":1,"terms":{"priceEach":96,"taxEach":{"amount":0},"discountEach":{"amount":0},"pvEach":56},"quantityLimit":{"quantityQuota":-1,"timeFrameDays":-1,"quantityOrdered":0}}]},"currency":"CAD"},{"lines":{"items":[{"item":{"href":"https://hydraqa.unicity.net/v5a-test/items/1785a19a6bf5472c7c1ded08cb7fd083","id":{"unicity":"28326"}},"quantity":1,"terms":{"priceEach":1755,"taxEach":{"amount":0},"discountEach":{"amount":0},"pvEach":1000},"quantityLimit":{"quantityQuota":-1,"timeFrameDays":-1,"quantityOrdered":0}}]},"currency":"CAD"},{"lines":{"items":[{"item":{"href":"https://hydraqa.unicity.net/v5a-test/items/4b1b6b6007d154296fd6c4044c789f67","id":{"unicity":"28329"}},"quantity":1,"terms":{"priceEach":250,"taxEach":{"amount":0},"discountEach":{"amount":0},"pvEach":150},"quantityLimit":{"quantityQuota":-1,"timeFrameDays":-1,"quantityOrdered":0}}]},"currency":"CAD"},{"lines":{"items":[{"item":{"href":"https://hydraqa.unicity.net/v5a-test/items/2ffc1563d3d0fd7121ca5b1c2184988e","id":{"unicity":"28428"}},"quantity":1,"terms":{"priceEach":97,"taxEach":{"amount":0},"discountEach":{"amount":0},"pvEach":62},"quantityLimit":{"quantityQuota":-1,"timeFrameDays":-1,"quantityOrdered":0}}]},"currency":"CAD"},{"lines":{"items":[{"item":{"href":"https://hydraqa.unicity.net/v5a-test/items/637af131553f5822bef2bb0f0577b2e9","id":{"unicity":"28160"}},"quantity":1,"terms":{"priceEach":103,"taxEach":{"amount":0},"discountEach":{"amount":0},"pvEach":62},"quantityLimit":{"quantityQuota":-1,"timeFrameDays":-1,"quantityOrdered":0}}]},"currency":"CAD"},{"lines":{"items":[{"item":{"href":"https://hydraqa.unicity.net/v5a-test/items/c4744f6ba328b983bfffc7e1e4416ff3","id":{"unicity":"26565"}},"quantity":1,"terms":{"priceEach":102,"taxEach":{"amount":0},"discountEach":{"amount":0},"pvEach":64},"quantityLimit":{"quantityQuota":-1,"timeFrameDays":-1,"quantityOrdered":0}}]},"currency":"CAD"},{"lines":{"items":[{"item":{"href":"https://hydraqa.unicity.net/v5a-test/items/fe97499574f54ccd16daec7361208411","id":{"unicity":"26570"}},"quantity":1,"terms":{"priceEach":23,"taxEach":{"amount":0},"discountEach":{"amount":0},"pvEach":13},"quantityLimit":{"quantityQuota":-1,"timeFrameDays":-1,"quantityOrdered":0}}]},"currency":"CAD"},{"lines":{"items":[{"item":{"href":"https://hydraqa.unicity.net/v5a-test/items/ae14f4659032c9e8591a7ac76abd1ad5","id":{"unicity":"26569"}},"quantity":1,"terms":{"priceEach":44,"taxEach":{"amount":0},"discountEach":{"amount":0},"pvEach":30},"quantityLimit":{"quantityQuota":-1,"timeFrameDays":-1,"quantityOrdered":0}}]},"currency":"CAD"},{"lines":{"items":[{"item":{"href":"https://hydraqa.unicity.net/v5a-test/items/351c19047c5c800d2db6963b3af5df78","id":{"unicity":"27080"}},"quantity":1,"terms":{"priceEach":58,"taxEach":{"amount":0},"discountEach":{"amount":0},"pvEach":35},"quantityLimit":{"quantityQuota":-1,"timeFrameDays":-1,"quantityOrdered":0}}]},"currency":"CAD"},{"lines":{"items":[{"item":{"href":"https://hydraqa.unicity.net/v5a-test/items/f847ce37f5942a226f74e671c86709f8","id":{"unicity":"28787"}},"quantity":1,"terms":{"priceEach":33,"taxEach":{"amount":0},"discountEach":{"amount":0},"pvEach":17},"quantityLimit":{"quantityQuota":-1,"timeFrameDays":-1,"quantityOrdered":0}}]},"currency":"CAD"},{"lines":{"items":[{"item":{"href":"https://hydraqa.unicity.net/v5a-test/items/b24413d1812bb9c95ba6ff7e26bad8ff","id":{"unicity":"26566"}},"quantity":1,"terms":{"priceEach":47,"taxEach":{"amount":0},"discountEach":{"amount":0},"pvEach":32},"quantityLimit":{"quantityQuota":-1,"timeFrameDays":-1,"quantityOrdered":0}}]},"currency":"CAD"},{"lines":{"items":[{"item":{"href":"https://hydraqa.unicity.net/v5a-test/items/6e0e7450f45cb9412e5b4642dd1469cb","id":{"unicity":"26579"}},"quantity":1,"terms":{"priceEach":21,"taxEach":{"amount":0},"discountEach":{"amount":0},"pvEach":13},"quantityLimit":{"quantityQuota":-1,"timeFrameDays":-1,"quantityOrdered":0}}]},"currency":"CAD"},{"lines":{"items":[{"item":{"href":"https://hydraqa.unicity.net/v5a-test/items/828f9b5bdbceaa7cd3ca6a4532632635","id":{"unicity":"19356"}},"quantity":1,"terms":{"priceEach":36,"taxEach":{"amount":0},"discountEach":{"amount":0},"pvEach":21},"quantityLimit":{"quantityQuota":-1,"timeFrameDays":-1,"quantityOrdered":0}}]},"currency":"CAD"},{"lines":{"items":[{"item":{"href":"https://hydraqa.unicity.net/v5a-test/items/cb1cb2d293cc48affee9b2026c31313a","id":{"unicity":"28928"}},"quantity":1,"terms":{"priceEach":41,"taxEach":{"amount":0},"discountEach":{"amount":0},"pvEach":13},"quantityLimit":{"quantityQuota":-1,"timeFrameDays":-1,"quantityOrdered":0}}]},"currency":"CAD"},{"lines":{"items":[{"item":{"href":"https://hydraqa.unicity.net/v5a-test/items/a40ede5f6847ec094ad8a38616ced7d0","id":{"unicity":"28100"}},"quantity":1,"terms":{"priceEach":40,"taxEach":{"amount":0},"discountEach":{"amount":0},"pvEach":25},"quantityLimit":{"quantityQuota":-1,"timeFrameDays":-1,"quantityOrdered":0}}]},"currency":"CAD"},{"lines":{"items":[{"item":{"href":"https://hydraqa.unicity.net/v5a-test/items/1b0412bea8c0b841c66f65a36aa14108","id":{"unicity":"29191"}},"quantity":1,"terms":{"priceEach":83,"taxEach":{"amount":0},"discountEach":{"amount":0},"pvEach":36},"quantityLimit":{"quantityQuota":-1,"timeFrameDays":-1,"quantityOrdered":0}}]},"currency":"CAD"},{"lines":{"items":[{"item":{"href":"https://hydraqa.unicity.net/v5a-test/items/e84750c27b2b9f10e6b4d2ab5a1954ba","id":{"unicity":"30115"}},"quantity":1,"terms":{"priceEach":110,"taxEach":{"amount":0},"discountEach":{"amount":0},"pvEach":56},"quantityLimit":{"quantityQuota":-1,"timeFrameDays":-1,"quantityOrdered":0}}]},"currency":"CAD"},{"lines":{"items":[{"item":{"href":"https://hydraqa.unicity.net/v5a-test/items/42d7ab6b9834716f6ebdd66f1a86d7b1","id":{"unicity":"30980"}},"quantity":1,"terms":{"priceEach":20,"taxEach":{"amount":0},"discountEach":{"amount":0},"pvEach":8},"quantityLimit":{"quantityQuota":-1,"timeFrameDays":-1,"quantityOrdered":0}}]},"currency":"CAD"},{"lines":{"items":[{"item":{"href":"https://hydraqa.unicity.net/v5a-test/items/0e78fbdfebef11cd62f8d2120064ee58","id":{"unicity":"30280"}},"quantity":1,"terms":{"priceEach":55,"taxEach":{"amount":0},"discountEach":{"amount":0},"pvEach":24},"quantityLimit":{"quantityQuota":-1,"timeFrameDays":-1,"quantityOrdered":0}}]},"currency":"CAD"},{"lines":{"items":[{"item":{"href":"https://hydraqa.unicity.net/v5a-test/items/5c430db0256426c4b730bc6994a94a02","id":{"unicity":"31773"}},"quantity":1,"terms":{"priceEach":30,"taxEach":{"amount":0},"discountEach":{"amount":0},"pvEach":13},"quantityLimit":{"quantityQuota":-1,"timeFrameDays":-1,"quantityOrdered":0}}]},"currency":"CAD"},{"lines":{"items":[{"item":{"href":"https://hydraqa.unicity.net/v5a-test/items/cfc721c9fb00317ed614492f65f21460","id":{"unicity":"31288"}},"quantity":1,"terms":{"priceEach":51,"taxEach":{"amount":0},"discountEach":{"amount":0},"pvEach":30},"quantityLimit":{"quantityQuota":-1,"timeFrameDays":-1,"quantityOrdered":0}}]},"currency":"CAD"},{"lines":{"items":[{"item":{"href":"https://hydraqa.unicity.net/v5a-test/items/4916b998c4d0c83c68449a17ea6c1e4c","id":{"unicity":"33457"}},"quantity":1,"terms":{"priceEach":199,"taxEach":{"amount":0},"discountEach":{"amount":0},"pvEach":116},"quantityLimit":{"quantityQuota":-1,"timeFrameDays":-1,"quantityOrdered":0}}]},"currency":"CAD"}]}
Entry request : {"order":{"customer":{"href":"https://hydraqa.unicity.net/v5a-test/customers?type=Associate"},"shipToAddress":{"country":"CA"}},"vary":{"lines":{"items":[{"item":{"href":"https://hydraqa.unicity.net/v5a-test/items?id.unicity=26993|31440|31442|27184|28325|28327|26994|26995|28330|28331|26572|29449|29147|28437|28591|26580|26442|28370|26571|28326|28328|28329|28428|28160|26565|26570|26569|27589|27080|28787|26566|26579|19356|28928|20436|28100|28845|29183|29185|29191|30115|30980|31110|30280|31773|31288|33457|30136|31849"}}]}}}
]]></system-out>
    <system-err><![CDATA[Starting ChromeDriver 2.36.540470 (e522d04694c7ebea4ba8821272dbef4f9b818c91) on port 18820
Only local connections are allowed.
Dec 10, 2020 10:08:07 AM org.openqa.selenium.remote.ProtocolHandshake createSession
INFO: Detected dialect: OSS
]]></system-err>
  </testcase>
  <testcase name="Enroll" classname="Tests.FranchisePartner" time="271.331">
    <failure message="Major Response Ship Method expected [WillCall&amp;location] but found [WillCall]" type="java.lang.AssertionError"><![CDATA[java.lang.AssertionError: Major Response Ship Method expected [WillCall&location] but found [WillCall]
	at Tests.FranchisePartner.Enroll(FranchisePartner.java:261)
]]></failure>
    <system-out><![CDATA[Request URL: https://hydraqa.unicity.net/v5a-test/customers.js?_httpMethod=HEAD&callback=angular.callbacks._8&email=IWNGKT@gmail.com
{sponsor=2, gender=female, city=TestCity, signature=TestSignature, cartprice=81.0, enroller=2, responsedob=1999-02-08, language=Español, locale=es, type=Associate, coapplicanttype=Spouse, platform=QA, lname=IndAutomationLastName, password=Unicity, genderoption=Femenino, Currency=USD, api=8, email=IWNGKT@gmail.com, coapplicant=TestSpouseName, fname=IndAutomationFirstName, prefferd=Colombia, address2=Address 2, address1=Address 1, shippingmethod=type=WillCall&location=Bogota, Recoger, version=v5a-test/, testcase=normal, market=Colombia, referral=yes, martial=Married, phone=9823746323, dob=08/02/1999, govid=938514814, proto=https://hydraqa.unicity.net/, marketcode=CO, maritaloption=Casado, ccname=CCNameTest}
Request URL: https://hydraqa.unicity.net/v5a-test/orders.js
Entry request : {"customer":{"mainAddress":{"city":"TestCity","country":"CO","state":"PUT","zip":"","address1":"Address 1","address2":"Address 2"},"humanName":{"firstName":"IndAutomationFirstName","lastName":"IndAutomationLastName"},"email":"IWNGKT@gmail.com","preferredLocale":"es-CO","password":{"value":"Unicity"},"gender":"female","maritalStatus":"Married","type":"Associate","sponsor":{"href":"https://hydraqa.unicity.net/v5a-test/customers?id.unicity=2"},"enroller":{"href":"https://hydraqa.unicity.net/v5a-test/customers?id.unicity=2"},"homePhone":"9823746323","birthDate":"1999-02-08","coapplicant":{"type":"Spouse","details":{"humanName":{"firstName":"TestSpouseName","lastName":""}}},"rights":[],"signature":{"value":"TestSignature"},"taxTerms":{"taxId":"938514814","taxIdExpires":"2025-12-30"}},"lines":{"items":[{"item":{"href":"https://hydraqa.unicity.net/v5a-test/items?id.unicity=29566"},"quantity":1}]},"shipToName":{"firstName":"IndAutomationFirstName","lastName":"IndAutomationLastName"},"shipToPhone":"9823746323","shipToEmail":"IWNGKT@gmail.com","shipToAddress":{"city":"TestCity","country":"CO","state":"PUT","address1":"Address 1","address2":"Address 2","zip":""},"shippingMethod":{"href":"https://hydraqa.unicity.net/v5a-test/shippingmethods?type=WillCall&location=Bogota, Recoger"},"notes":"","transactions":{"items":[{"amount":"this.terms.total","type":"AuthorizeAndCapture","method":"CreditCard","methodDetails":{"creditCardNumber":"4111111111111111","payer":"CCNameTest","creditCardExpires":"2021-10","creditCardSecurityCode":"123"}}]}}
Entry response : {"meta":{"Link":"<http:\/\/unicity.github.io\/Hydra.php\/docs\/v5\/>; rel=\"help\"","X-Request-UUID":"3c0bc1dd-7400-9568-a91d-3f1056bce1d4","X-Request-Release":"5-2020120801\/master","Cache-Control":"no-cache, must-revalidate","Expires":"0","X-Powered-By":"Luracast Restler v3.0.0rc5","Content-Type":"text\/javascript; charset=utf-8","Content-Language":"en","X-Status-Code":"201"},"data":{"market":"CO","notes":"","shippingMethod":{"type":"WillCall","location":"Bogota, Recoger","href":"https:\/\/hydraqa.unicity.net\/v5a-test\/shippingmethods?type=WillCall&location=Bogota, Recoger"},"shipToAddress":{"country":"CO","state":"PUT","city":"TestCity","zip":"","address1":"Address 1","address2":"Address 2"},"shipToEmail":"IWNGKT@gmail.com","shipToName":{"firstName":"IndAutomationFirstName","lastName":"IndAutomationLastName"},"shipToPhone":"9823746323","shipToTime":null,"source":null,"type":null,"lines":{"items":[{"quantity":1,"item":{"href":"https:\/\/hydraqa.unicity.net\/v5a-test\/items?id.unicity=29566","id":{"unicity":"29566"}}}]},"transactions":{"items":null},"terms":{"discount":{"amount":0},"freight":{"amount":0},"period":"2020-10","pv":20,"subtotal":81000,"tax":{"amount":12933},"taxableTotal":68067,"total":81000},"dateCreated":"2020-12-10T10:13:55-07:00","currency":"COP","giftReceipt":false,"customer":{"humanName":{"firstName":"IndAutomationFirstName","lastName":"IndAutomationLastName"},"mainAddress":{"city":"TestCity","country":"CO","state":"PUT","zip":"","address1":"Address 1","address2":"Address 2"},"type":"Associate","email":"IWNGKT@gmail.com","taxTerms":{"exemption":null,"taxId":"938514814","taxIdExpires":"2025-12-30"},"signature":{"value":"TestSignature"},"gender":"female","password":{"value":"Unicity"},"enroller":{"href":"https:\/\/hydraqa.unicity.net\/v5a-test\/customers\/f0cbfab7062ed827a4e700264e473f1d","id":{"unicity":2},"email":"danw@infotraxsys.com","humanName":{"fullName":"Referral Program"}},"sponsor":{"href":"https:\/\/hydraqa.unicity.net\/v5a-test\/customers\/f0cbfab7062ed827a4e700264e473f1d","id":{"unicity":2},"email":"danw@infotraxsys.com"},"birthDate":"1999-02-08","homePhone":"9823746323","preferredLocale":"es-CO","maritalStatus":"Married","coapplicant":{"details":{"humanName":{"firstName":"TestSpouseName","lastName":""}},"type":"Spouse"},"rights":[],"status":"Pending","id":{"unicity":"201122458"},"href":"https:\/\/hydraqa.unicity.net\/v5a-test\/customers\/11da3aed8c8b9dbe5f1151f92e15de4b49813d1e9d49fc524bf269bb4a9fc69f","token":"6b5f5950-43e0-4254-9767-a852e5e06dd3"},"id":{"unicity":"58-8772823"},"href":"https:\/\/hydraqa.unicity.net\/v5a-test\/orders\/706ccec81bedfdbffff9d4b7af0208ec06c7b7194766a349c976168e2fec533b"}}
Headers-->keep-alive
Headers-->1547
Headers-->application/json, text/plain, */*
Headers-->es-CO
Headers-->Mozilla/5.0 (Windows NT 6.3; Win64; x64) AppleWebKit/537.36 (KHTML, like Gecko) Chrome/87.0.4280.88 Safari/537.36
Headers-->application/json;charset=UTF-8
]]></system-out>
    <system-err><![CDATA[Starting ChromeDriver 2.36.540470 (e522d04694c7ebea4ba8821272dbef4f9b818c91) on port 12867
Only local connections are allowed.
Dec 10, 2020 10:09:44 AM org.openqa.selenium.remote.ProtocolHandshake createSession
INFO: Detected dialect: OSS
]]></system-err>
  </testcase>
  <testcase name="Enroll" classname="Tests.FranchisePartner" time="260.439">
    <failure message="Critical A-Z section not displaying" type="java.lang.AssertionError">java.lang.AssertionError: Critical A-Z section not displaying
	at Tests.FranchisePartner.Enroll(FranchisePartner.java:257)
</failure>
    <system-out><![CDATA[Request URL: https://hydraqa.unicity.net/v5a-test/quotes?&expand=item
Entry Quotes response : {"items":[{"lines":{"items":[{"item":{"href":"https://hydraqa.unicity.net/v5a-test/items/332daeac6796ed016ea8b7d0bc42c2d4","id":{"unicity":"24274"},"weightEach":{"value":0},"servingsPerContainer":0,"servingSize":0},"quantity":1,"terms":{"priceEach":800,"taxEach":{"amount":1.57},"discountEach":{"amount":0},"pvEach":0},"quantityLimit":{"quantityQuota":-1,"timeFrameDays":-1,"quantityOrdered":0}}]},"currency":"EUR"}]}
Entry request : {"order":{"customer":{"href":"https://hydraqa.unicity.net/v5a-test/customers?type=Associate"},"shipToAddress":{"country":"DK"}},"vary":{"lines":{"items":[{"item":{"href":"https://hydraqa.unicity.net/v5a-test/items?id.unicity=27158|31763|31951|31952|32128|32129|32130|32132|32133|32134|32135|32136|32137|32138|32125|32699|33092|33094|33093|18511|26422|27156|27160|27166|27617|27660|27585|27587|28601|28604|27395|15880|26560|29017|24758|29838|17174|29522|31772|31777|31780|31781|31782|31779|31932|31778|32556|29317|29832|29833|30198|32755|32756|32968|32965|32966|33097|33095|33098|33096|24274|24418|27150|27163|27575|26567|26568|29821|32012|29183|30280|29187|29191|30684|31402|31672|31534|29449|32126|32127|32087|32333|32330|32693|27739"}}]}}}
]]></system-out>
    <system-err><![CDATA[Starting ChromeDriver 2.36.540470 (e522d04694c7ebea4ba8821272dbef4f9b818c91) on port 12777
Only local connections are allowed.
Dec 10, 2020 10:14:23 AM org.openqa.selenium.remote.ProtocolHandshake createSession
INFO: Detected dialect: OSS
]]></system-err>
  </testcase>
  <testcase name="Enroll" classname="Tests.FranchisePartner" time="248.844">
    <failure message="Critical A-Z section not displaying" type="java.lang.AssertionError">java.lang.AssertionError: Critical A-Z section not displaying
	at Tests.FranchisePartner.Enroll(FranchisePartner.java:257)
</failure>
    <system-out><![CDATA[Request URL: https://hydraqa.unicity.net/v5a-test/quotes?&expand=item
Entry Quotes response : {"items":[{"lines":{"items":[{"item":{"href":"https://hydraqa.unicity.net/v5a-test/items/332daeac6796ed016ea8b7d0bc42c2d4","id":{"unicity":"24274"},"weightEach":{"value":0},"servingsPerContainer":0,"servingSize":0},"quantity":1,"terms":{"priceEach":800,"taxEach":{"amount":1.57},"discountEach":{"amount":0},"pvEach":0},"quantityLimit":{"quantityQuota":-1,"timeFrameDays":-1,"quantityOrdered":0}}]},"currency":"EUR"}]}
Entry request : {"order":{"customer":{"href":"https://hydraqa.unicity.net/v5a-test/customers?type=Associate"},"shipToAddress":{"country":"DK"}},"vary":{"lines":{"items":[{"item":{"href":"https://hydraqa.unicity.net/v5a-test/items?id.unicity=27158|31763|31951|31952|32128|32129|32130|32132|32133|32134|32135|32136|32137|32138|32125|32699|33092|33094|33093|18511|26422|27156|27160|27166|27617|27660|27585|27587|28601|28604|27395|15880|26560|29017|24758|29838|17174|29522|31772|31777|31780|31781|31782|31779|31932|31778|32556|29317|29832|29833|30198|32755|32756|32968|32965|32966|33097|33095|33098|33096|24274|24418|27150|27163|27575|26567|26568|29821|32012|29183|30280|29187|29191|30684|31402|31672|31534|29449|32126|32127|32087|32333|32330|32693|27739"}}]}}}
]]></system-out>
    <system-err><![CDATA[Starting ChromeDriver 2.36.540470 (e522d04694c7ebea4ba8821272dbef4f9b818c91) on port 48384
Only local connections are allowed.
Dec 10, 2020 10:18:50 AM org.openqa.selenium.remote.ProtocolHandshake createSession
INFO: Detected dialect: OSS
]]></system-err>
  </testcase>
  <testcase name="Enroll" classname="Tests.FranchisePartner" time="227.77">
    <failure message="Critical Back end error" type="java.lang.AssertionError">java.lang.AssertionError: Critical Back end error
	at Tests.FranchisePartner.Enroll(FranchisePartner.java:260)
</failure>
    <system-out><![CDATA[Request URL: https://hydraqa.unicity.net/v5a-test/quotes?&expand=item
Entry Quotes response : {"items":[{"lines":{"items":[{"item":{"href":"https://hydraqa.unicity.net/v5a-test/items/051e765a5a71835a859c2757edd359f0","id":{"unicity":"26580"}},"quantity":1,"terms":{"priceEach":195,"taxEach":{"amount":0},"discountEach":{"amount":0},"pvEach":130},"quantityLimit":{"quantityQuota":-1,"timeFrameDays":-1,"quantityOrdered":0}}]},"currency":"USD"},{"lines":{"items":[{"item":{"href":"https://hydraqa.unicity.net/v5a-test/items/3ddd31ddbe0e5807756d2488e7cc3602","id":{"unicity":"31440"}},"quantity":1,"terms":{"priceEach":40,"taxEach":{"amount":0},"discountEach":{"amount":0},"pvEach":0},"quantityLimit":{"quantityQuota":-1,"timeFrameDays":-1,"quantityOrdered":0}}]},"currency":"USD"},{"lines":{"items":[{"item":{"href":"https://hydraqa.unicity.net/v5a-test/items/90d5ee3af77bdc64ecf28a45b604bf3d","id":{"unicity":"31441"}},"quantity":1,"terms":{"priceEach":40,"taxEach":{"amount":0},"discountEach":{"amount":0},"pvEach":0},"quantityLimit":{"quantityQuota":-1,"timeFrameDays":-1,"quantityOrdered":0}}]},"currency":"USD"},{"lines":{"items":[{"item":{"href":"https://hydraqa.unicity.net/v5a-test/items/38da42f991a40a00153b2e5055b82dbf","id":{"unicity":"27801"}},"quantity":1,"terms":{"priceEach":195,"taxEach":{"amount":0},"discountEach":{"amount":0},"pvEach":130},"quantityLimit":{"quantityQuota":-1,"timeFrameDays":-1,"quantityOrdered":0}}]},"currency":"USD"},{"lines":{"items":[{"item":{"href":"https://hydraqa.unicity.net/v5a-test/items/cf8460040a1860bcabf250b6c1171675","id":{"unicity":"31858"}},"quantity":1,"terms":{"priceEach":269,"taxEach":{"amount":0},"discountEach":{"amount":0},"pvEach":195},"quantityLimit":{"quantityQuota":-1,"timeFrameDays":-1,"quantityOrdered":0}}]},"currency":"USD"},{"lines":{"items":[{"item":{"href":"https://hydraqa.unicity.net/v5a-test/items/2de8516a24af8232add0bb392e750a71","id":{"unicity":"31859"}},"quantity":1,"terms":{"priceEach":179,"taxEach":{"amount":0},"discountEach":{"amount":0},"pvEach":130},"quantityLimit":{"quantityQuota":-1,"timeFrameDays":-1,"quantityOrdered":0}}]},"currency":"USD"},{"lines":{"items":[{"item":{"href":"https://hydraqa.unicity.net/v5a-test/items/fd464cd7972cc1317e850b9196d886b8","id":{"unicity":"31863"}},"quantity":1,"terms":{"priceEach":210,"taxEach":{"amount":0},"discountEach":{"amount":0},"pvEach":148},"quantityLimit":{"quantityQuota":-1,"timeFrameDays":-1,"quantityOrdered":0}}]},"currency":"USD"},{"lines":{"items":[{"item":{"href":"https://hydraqa.unicity.net/v5a-test/items/4ab49eca1731e69206ccafb5112ad5a4","id":{"unicity":"31861"}},"quantity":1,"terms":{"priceEach":196,"taxEach":{"amount":0},"discountEach":{"amount":0},"pvEach":135},"quantityLimit":{"quantityQuota":-1,"timeFrameDays":-1,"quantityOrdered":0}}]},"currency":"USD"},{"lines":{"items":[{"item":{"href":"https://hydraqa.unicity.net/v5a-test/items/50747027a065cb8361c1f0d6eb880466","id":{"unicity":"32030"}},"quantity":1,"terms":{"priceEach":143,"taxEach":{"amount":0},"discountEach":{"amount":0},"pvEach":102},"quantityLimit":{"quantityQuota":-1,"timeFrameDays":-1,"quantityOrdered":0}}]},"currency":"USD"},{"lines":{"items":[{"item":{"href":"https://hydraqa.unicity.net/v5a-test/items/00c2eb70c985722ce208490aece00945","id":{"unicity":"31729"}},"quantity":1,"terms":{"priceEach":143,"taxEach":{"amount":0},"discountEach":{"amount":0},"pvEach":100},"quantityLimit":{"quantityQuota":-1,"timeFrameDays":-1,"quantityOrdered":0}}]},"currency":"USD"},{"lines":{"items":[{"item":{"href":"https://hydraqa.unicity.net/v5a-test/items/693a7c4a70b06a00471afe8d6cae5023","id":{"unicity":"31730"}},"quantity":1,"terms":{"priceEach":120,"taxEach":{"amount":0},"discountEach":{"amount":0},"pvEach":80},"quantityLimit":{"quantityQuota":-1,"timeFrameDays":-1,"quantityOrdered":0}}]},"currency":"USD"},{"lines":{"items":[{"item":{"href":"https://hydraqa.unicity.net/v5a-test/items/ccb242d74dcb1fe621cc7bfe1b1de315","id":{"unicity":"31731"}},"quantity":1,"terms":{"priceEach":89,"taxEach":{"amount":0},"discountEach":{"amount":0},"pvEach":60},"quantityLimit":{"quantityQuota":-1,"timeFrameDays":-1,"quantityOrdered":0}}]},"currency":"USD"},{"lines":{"items":[{"item":{"href":"https://hydraqa.unicity.net/v5a-test/items/9ff4257741d464b686d15be955b8afb6","id":{"unicity":"0963"}},"quantity":1,"terms":{"priceEach":42,"taxEach":{"amount":0},"discountEach":{"amount":0},"pvEach":25},"quantityLimit":{"quantityQuota":-1,"timeFrameDays":-1,"quantityOrdered":0}}]},"currency":"USD"},{"lines":{"items":[{"item":{"href":"https://hydraqa.unicity.net/v5a-test/items/716b7a0bca7fa73e42e000d668e7ee65","id":{"unicity":"15129"}},"quantity":1,"terms":{"priceEach":22,"taxEach":{"amount":0},"discountEach":{"amount":0},"pvEach":10},"quantityLimit":{"quantityQuota":-1,"timeFrameDays":-1,"quantityOrdered":0}}]},"currency":"USD"},{"lines":{"items":[{"item":{"href":"https://hydraqa.unicity.net/v5a-test/items/390a7ae70d5669561ecdf7d5cff2671b","id":{"unicity":"15271"}},"quantity":1,"terms":{"priceEach":69,"taxEach":{"amount":0},"discountEach":{"amount":0},"pvEach":27},"quantityLimit":{"quantityQuota":-1,"timeFrameDays":-1,"quantityOrdered":0}}]},"currency":"USD"},{"lines":{"items":[{"item":{"href":"https://hydraqa.unicity.net/v5a-test/items/4b2034f47fce90b87bba28c5c2d7c25d","id":{"unicity":"15880"}},"quantity":1,"terms":{"priceEach":59,"taxEach":{"amount":0},"discountEach":{"amount":0},"pvEach":41},"quantityLimit":{"quantityQuota":-1,"timeFrameDays":-1,"quantityOrdered":0}}]},"currency":"USD"},{"lines":{"items":[{"item":{"href":"https://hydraqa.unicity.net/v5a-test/items/2c4c1abe00983e85aaa918d2ce341491","id":{"unicity":"17174"}},"quantity":1,"terms":{"priceEach":17,"taxEach":{"amount":0},"discountEach":{"amount":0},"pvEach":10},"quantityLimit":{"quantityQuota":-1,"timeFrameDays":-1,"quantityOrdered":0}}]},"currency":"USD"},{"lines":{"items":[{"item":{"href":"https://hydraqa.unicity.net/v5a-test/items/cea826eab72d44641c070aab6c97c1ac","id":{"unicity":"22747"}},"quantity":1,"terms":{"priceEach":27,"taxEach":{"amount":0},"discountEach":{"amount":0},"pvEach":16},"quantityLimit":{"quantityQuota":-1,"timeFrameDays":-1,"quantityOrdered":0}}]},"currency":"USD"},{"lines":{"items":[{"item":{"href":"https://hydraqa.unicity.net/v5a-test/items/5c2f1613082782e691d32fe9ce034026","id":{"unicity":"23728"}},"quantity":1,"terms":{"priceEach":26,"taxEach":{"amount":0},"discountEach":{"amount":0},"pvEach":13},"quantityLimit":{"quantityQuota":-1,"timeFrameDays":-1,"quantityOrdered":0}}]},"currency":"USD"},{"lines":{"items":[{"item":{"href":"https://hydraqa.unicity.net/v5a-test/items/64ec7ad932acafab052a4e8800ad1238","id":{"unicity":"24758"}},"quantity":1,"terms":{"priceEach":31,"taxEach":{"amount":0},"discountEach":{"amount":0},"pvEach":21},"quantityLimit":{"quantityQuota":-1,"timeFrameDays":-1,"quantityOrdered":0}}]},"currency":"USD"},{"lines":{"items":[{"item":{"href":"https://hydraqa.unicity.net/v5a-test/items/9a7715e888c94989d898fe4653645721","id":{"unicity":"26550"}},"quantity":1,"terms":{"priceEach":80,"taxEach":{"amount":0},"discountEach":{"amount":0},"pvEach":52},"quantityLimit":{"quantityQuota":-1,"timeFrameDays":-1,"quantityOrdered":0}}]},"currency":"USD"},{"lines":{"items":[{"item":{"href":"https://hydraqa.unicity.net/v5a-test/items/3af97c67f653253825a9189a27da57d6","id":{"unicity":"26556"}},"quantity":1,"terms":{"priceEach":79,"taxEach":{"amount":0},"discountEach":{"amount":0},"pvEach":61},"quantityLimit":{"quantityQuota":-1,"timeFrameDays":-1,"quantityOrdered":0}}]},"currency":"USD"},{"lines":{"items":[{"item":{"href":"https://hydraqa.unicity.net/v5a-test/items/0cf62d38e91953b43dcfe88b06f813cb","id":{"unicity":"26557"}},"quantity":1,"terms":{"priceEach":79,"taxEach":{"amount":0},"discountEach":{"amount":0},"pvEach":61},"quantityLimit":{"quantityQuota":-1,"timeFrameDays":-1,"quantityOrdered":0}}]},"currency":"USD"},{"lines":{"items":[{"item":{"href":"https://hydraqa.unicity.net/v5a-test/items/398d06b858b960f6f38086d40608aef2","id":{"unicity":"26560"}},"quantity":1,"terms":{"priceEach":16,"taxEach":{"amount":0},"discountEach":{"amount":0},"pvEach":12},"quantityLimit":{"quantityQuota":-1,"timeFrameDays":-1,"quantityOrdered":0}}]},"currency":"USD"},{"lines":{"items":[{"item":{"href":"https://hydraqa.unicity.net/v5a-test/items/cda534d686af5d627c94c4bb2c4b57d8","id":{"unicity":"26561"}},"quantity":1,"terms":{"priceEach":16,"taxEach":{"amount":0},"discountEach":{"amount":0},"pvEach":11},"quantityLimit":{"quantityQuota":-1,"timeFrameDays":-1,"quantityOrdered":0}}]},"currency":"USD"},{"lines":{"items":[{"item":{"href":"https://hydraqa.unicity.net/v5a-test/items/0a3ede185ddf034630afd891c5106d33","id":{"unicity":"26562"}},"quantity":1,"terms":{"priceEach":33,"taxEach":{"amount":0},"discountEach":{"amount":0},"pvEach":25},"quantityLimit":{"quantityQuota":-1,"timeFrameDays":-1,"quantityOrdered":0}}]},"currency":"USD"},{"lines":{"items":[{"item":{"href":"https://hydraqa.unicity.net/v5a-test/items/16ca68abaaa92505c257be022a154769","id":{"unicity":"27615"}},"quantity":1,"terms":{"priceEach":29,"taxEach":{"amount":0},"discountEach":{"amount":0},"pvEach":21},"quantityLimit":{"quantityQuota":-1,"timeFrameDays":-1,"quantityOrdered":0}}]},"currency":"USD"},{"lines":{"items":[{"item":{"href":"https://hydraqa.unicity.net/v5a-test/items/1bd53de7fe880ba71f46c9976ca2c137","id":{"unicity":"27739"}},"quantity":1,"terms":{"priceEach":33,"taxEach":{"amount":0},"discountEach":{"amount":0},"pvEach":13},"quantityLimit":{"quantityQuota":-1,"timeFrameDays":-1,"quantityOrdered":0}}]},"currency":"USD"},{"lines":{"items":[{"item":{"href":"https://hydraqa.unicity.net/v5a-test/items/1945faa1776541d53120ecfe3c1d8a2b","id":{"unicity":"24418"}},"quantity":1,"terms":{"priceEach":5,"taxEach":{"amount":0},"discountEach":{"amount":0},"pvEach":0},"quantityLimit":{"quantityQuota":-1,"timeFrameDays":-1,"quantityOrdered":0}}]},"currency":"USD"},{"lines":{"items":[{"item":{"href":"https://hydraqa.unicity.net/v5a-test/items/9a6e1d094182389c3da8e0a320ff0e00","id":{"unicity":"27585"}},"quantity":1,"terms":{"priceEach":56,"taxEach":{"amount":0},"discountEach":{"amount":0},"pvEach":33},"quantityLimit":{"quantityQuota":-1,"timeFrameDays":-1,"quantityOrdered":0}}]},"currency":"USD"},{"lines":{"items":[{"item":{"href":"https://hydraqa.unicity.net/v5a-test/items/b127a2d34d3d73e2f53e4c2002a7a4a2","id":{"unicity":"25008"}},"quantity":1,"terms":{"priceEach":19,"taxEach":{"amount":0},"discountEach":{"amount":0},"pvEach":15},"quantityLimit":{"quantityQuota":-1,"timeFrameDays":-1,"quantityOrdered":0}}]},"currency":"USD"},{"lines":{"items":[{"item":{"href":"https://hydraqa.unicity.net/v5a-test/items/10da226fab00279b4f89df10af2a10b7","id":{"unicity":"26442"}},"quantity":1,"terms":{"priceEach":6,"taxEach":{"amount":0},"discountEach":{"amount":0},"pvEach":0},"quantityLimit":{"quantityQuota":-1,"timeFrameDays":-1,"quantityOrdered":0}}]},"currency":"USD"},{"lines":{"items":[{"item":{"href":"https://hydraqa.unicity.net/v5a-test/items/933f0856fd8ec1df83c5283dabf4ec3c","id":{"unicity":"6200"}},"quantity":1,"terms":{"priceEach":68,"taxEach":{"amount":0},"discountEach":{"amount":0},"pvEach":47},"quantityLimit":{"quantityQuota":-1,"timeFrameDays":-1,"quantityOrdered":0}}]},"currency":"USD"},{"lines":{"items":[{"item":{"href":"https://hydraqa.unicity.net/v5a-test/items/8d994059c399f5551ab112574e4476fc","id":{"unicity":"24785"}},"quantity":1,"terms":{"priceEach":14,"taxEach":{"amount":0},"discountEach":{"amount":0},"pvEach":9},"quantityLimit":{"quantityQuota":-1,"timeFrameDays":-1,"quantityOrdered":0}}]},"currency":"USD"},{"lines":{"items":[{"item":{"href":"https://hydraqa.unicity.net/v5a-test/items/aa0d72ac13b1ce88cf8c4a52ede75a37","id":{"unicity":"26552"}},"quantity":1,"terms":{"priceEach":70,"taxEach":{"amount":0},"discountEach":{"amount":0},"pvEach":50},"quantityLimit":{"quantityQuota":-1,"timeFrameDays":-1,"quantityOrdered":0}}]},"currency":"USD"},{"lines":{"items":[{"item":{"href":"https://hydraqa.unicity.net/v5a-test/items/8b5ed9aa6c6132e1be5e446f69a3465e","id":{"unicity":"0954"}},"quantity":1,"terms":{"priceEach":21,"taxEach":{"amount":0},"discountEach":{"amount":0},"pvEach":15},"quantityLimit":{"quantityQuota":-1,"timeFrameDays":-1,"quantityOrdered":0}}]},"currency":"USD"},{"lines":{"items":[{"item":{"href":"https://hydraqa.unicity.net/v5a-test/items/b2fc4b9ba4aa5cae54389161be2f841f","id":{"unicity":"18401"}},"quantity":1,"terms":{"priceEach":31,"taxEach":{"amount":0},"discountEach":{"amount":0},"pvEach":19},"quantityLimit":{"quantityQuota":-1,"timeFrameDays":-1,"quantityOrdered":0}}]},"currency":"USD"},{"lines":{"items":[{"item":{"href":"https://hydraqa.unicity.net/v5a-test/items/48433ffc76597c823adc2b8627e033e4","id":{"unicity":"26559"}},"quantity":1,"terms":{"priceEach":30,"taxEach":{"amount":0},"discountEach":{"amount":0},"pvEach":20},"quantityLimit":{"quantityQuota":-1,"timeFrameDays":-1,"quantityOrdered":0}}]},"currency":"USD"},{"lines":{"items":[{"item":{"href":"https://hydraqa.unicity.net/v5a-test/items/5a38f009bec6c23b1b3a70432f9722e5","id":{"unicity":"19596"}},"quantity":1,"terms":{"priceEach":49,"taxEach":{"amount":0},"discountEach":{"amount":0},"pvEach":30},"quantityLimit":{"quantityQuota":-1,"timeFrameDays":-1,"quantityOrdered":0}}]},"currency":"USD"},{"lines":{"items":[{"item":{"href":"https://hydraqa.unicity.net/v5a-test/items/9ce45d695c87f93b29794041362b5192","id":{"unicity":"26945"}},"quantity":1,"terms":{"priceEach":35,"taxEach":{"amount":0},"discountEach":{"amount":0},"pvEach":0},"quantityLimit":{"quantityQuota":-1,"timeFrameDays":-1,"quantityOrdered":0}}]},"currency":"USD"},{"lines":{"items":[{"item":{"href":"https://hydraqa.unicity.net/v5a-test/items/ddef5f478ff91aa2263b646a3bd03dea","id":{"unicity":"21420"}},"quantity":1,"terms":{"priceEach":24,"taxEach":{"amount":0},"discountEach":{"amount":0},"pvEach":10},"quantityLimit":{"quantityQuota":-1,"timeFrameDays":-1,"quantityOrdered":0}}]},"currency":"USD"},{"lines":{"items":[{"item":{"href":"https://hydraqa.unicity.net/v5a-test/items/55d3b550a17b78175cc5ac565e4266e8","id":{"unicity":"24621"}},"quantity":1,"terms":{"priceEach":20,"taxEach":{"amount":0},"discountEach":{"amount":0},"pvEach":12},"quantityLimit":{"quantityQuota":-1,"timeFrameDays":-1,"quantityOrdered":0}}]},"currency":"USD"},{"lines":{"items":[{"item":{"href":"https://hydraqa.unicity.net/v5a-test/items/9d9d002b0e21b9bd58ad0154a4f781c5","id":{"unicity":"28836"}},"quantity":1,"terms":{"priceEach":58,"taxEach":{"amount":0},"discountEach":{"amount":0},"pvEach":36},"quantityLimit":{"quantityQuota":-1,"timeFrameDays":-1,"quantityOrdered":0}}]},"currency":"USD"},{"lines":{"items":[{"item":{"href":"https://hydraqa.unicity.net/v5a-test/items/399be8efa903b362515c48315ab2afb9","id":{"unicity":"15712"}},"quantity":1,"terms":{"priceEach":24,"taxEach":{"amount":0},"discountEach":{"amount":0},"pvEach":11},"quantityLimit":{"quantityQuota":-1,"timeFrameDays":-1,"quantityOrdered":0}}]},"currency":"USD"},{"lines":{"items":[{"item":{"href":"https://hydraqa.unicity.net/v5a-test/items/d489ec0d50f6e28d5743afc65439631b","id":{"unicity":"0960"}},"quantity":1,"terms":{"priceEach":37,"taxEach":{"amount":0},"discountEach":{"amount":0},"pvEach":23},"quantityLimit":{"quantityQuota":-1,"timeFrameDays":-1,"quantityOrdered":0}}]},"currency":"USD"},{"lines":{"items":[{"item":{"href":"https://hydraqa.unicity.net/v5a-test/items/66839181d7531692a8d886a9da6fb4d6","id":{"unicity":"25369"}},"quantity":1,"terms":{"priceEach":48,"taxEach":{"amount":0},"discountEach":{"amount":0},"pvEach":25},"quantityLimit":{"quantityQuota":-1,"timeFrameDays":-1,"quantityOrdered":0}}]},"currency":"USD"},{"lines":{"items":[{"item":{"href":"https://hydraqa.unicity.net/v5a-test/items/8ed7a8910d5c5335774fa9cfae0e511d","id":{"unicity":"18386"}},"quantity":1,"terms":{"priceEach":27,"taxEach":{"amount":0},"discountEach":{"amount":0},"pvEach":21},"quantityLimit":{"quantityQuota":-1,"timeFrameDays":-1,"quantityOrdered":0}}]},"currency":"USD"},{"lines":{"items":[{"item":{"href":"https://hydraqa.unicity.net/v5a-test/items/3f2d12d7a0e8551fc99fad3bbe1ba633","id":{"unicity":"26567"}},"quantity":1,"terms":{"priceEach":56,"taxEach":{"amount":0},"discountEach":{"amount":0},"pvEach":35},"quantityLimit":{"quantityQuota":-1,"timeFrameDays":-1,"quantityOrdered":0}}]},"currency":"USD"},{"lines":{"items":[{"item":{"href":"https://hydraqa.unicity.net/v5a-test/items/191637167cb3144bd2e8c4615e9ab67e","id":{"unicity":"26568"}},"quantity":1,"terms":{"priceEach":56,"taxEach":{"amount":0},"discountEach":{"amount":0},"pvEach":35},"quantityLimit":{"quantityQuota":-1,"timeFrameDays":-1,"quantityOrdered":0}}]},"currency":"USD"},{"lines":{"items":[{"item":{"href":"https://hydraqa.unicity.net/v5a-test/items/2cefc6a61faaae3455a5adcb0d8fc74f","id":{"unicity":"15907"}},"quantity":1,"terms":{"priceEach":15,"taxEach":{"amount":0},"discountEach":{"amount":0},"pvEach":5},"quantityLimit":{"quantityQuota":-1,"timeFrameDays":-1,"quantityOrdered":0}}]},"currency":"USD"},{"lines":{"items":[{"item":{"href":"https://hydraqa.unicity.net/v5a-test/items/e870d73cd94149d9f6b55de9736c9daa","id":{"unicity":"3107"}},"quantity":1,"terms":{"priceEach":24,"taxEach":{"amount":0},"discountEach":{"amount":0},"pvEach":16},"quantityLimit":{"quantityQuota":-1,"timeFrameDays":-1,"quantityOrdered":0}}]},"currency":"USD"},{"lines":{"items":[{"item":{"href":"https://hydraqa.unicity.net/v5a-test/items/fa2407c91e64e66a72ab45172eb978df","id":{"unicity":"0988"}},"quantity":1,"terms":{"priceEach":36,"taxEach":{"amount":0},"discountEach":{"amount":0},"pvEach":23},"quantityLimit":{"quantityQuota":-1,"timeFrameDays":-1,"quantityOrdered":0}}]},"currency":"USD"},{"lines":{"items":[{"item":{"href":"https://hydraqa.unicity.net/v5a-test/items/40a1044968ea62276f4ba87fd2ef0d8f","id":{"unicity":"12230"}},"quantity":1,"terms":{"priceEach":45,"taxEach":{"amount":0},"discountEach":{"amount":0},"pvEach":18},"quantityLimit":{"quantityQuota":-1,"timeFrameDays":-1,"quantityOrdered":0}}]},"currency":"USD"},{"lines":{"items":[{"item":{"href":"https://hydraqa.unicity.net/v5a-test/items/112b8c39286598b3730f630f371a45f4","id":{"unicity":"27587"}},"quantity":1,"terms":{"priceEach":58,"taxEach":{"amount":0},"discountEach":{"amount":0},"pvEach":33},"quantityLimit":{"quantityQuota":-1,"timeFrameDays":-1,"quantityOrdered":0}}]},"currency":"USD"},{"lines":{"items":[{"item":{"href":"https://hydraqa.unicity.net/v5a-test/items/e218d1cac5f31e7ae4f5876c29c57377","id":{"unicity":"29017"}},"quantity":1,"terms":{"priceEach":38,"taxEach":{"amount":0},"discountEach":{"amount":0},"pvEach":26},"quantityLimit":{"quantityQuota":-1,"timeFrameDays":-1,"quantityOrdered":0}}]},"currency":"USD"},{"lines":{"items":[{"item":{"href":"https://hydraqa.unicity.net/v5a-test/items/25eaf64b36ce31368f17ae789fd9ac5b","id":{"unicity":"29694"}},"quantity":1,"terms":{"priceEach":56,"taxEach":{"amount":0},"discountEach":{"amount":0},"pvEach":33},"quantityLimit":{"quantityQuota":-1,"timeFrameDays":-1,"quantityOrdered":0}}]},"currency":"USD"},{"lines":{"items":[{"item":{"href":"https://hydraqa.unicity.net/v5a-test/items/634f7efb30392b2a919de1355902d975","id":{"unicity":"29408"}},"quantity":1,"terms":{"priceEach":80,"taxEach":{"amount":0},"discountEach":{"amount":0},"pvEach":52},"quantityLimit":{"quantityQuota":-1,"timeFrameDays":-1,"quantityOrdered":0}}]},"currency":"USD"},{"lines":{"items":[{"item":{"href":"https://hydraqa.unicity.net/v5a-test/items/bb5c627f16547cb4f706cef521bca356","id":{"unicity":"29437"}},"quantity":1,"terms":{"priceEach":62,"taxEach":{"amount":0},"discountEach":{"amount":0},"pvEach":36},"quantityLimit":{"quantityQuota":-1,"timeFrameDays":-1,"quantityOrdered":0}}]},"currency":"USD"},{"lines":{"items":[{"item":{"href":"https://hydraqa.unicity.net/v5a-test/items/991cdbb84a495779eb209fb3956a77e4","id":{"unicity":"29183"}},"quantity":1,"terms":{"priceEach":42,"taxEach":{"amount":0},"discountEach":{"amount":0},"pvEach":24},"quantityLimit":{"quantityQuota":-1,"timeFrameDays":-1,"quantityOrdered":0}}]},"currency":"USD"},{"lines":{"items":[{"item":{"href":"https://hydraqa.unicity.net/v5a-test/items/1b0412bea8c0b841c66f65a36aa14108","id":{"unicity":"29191"}},"quantity":1,"terms":{"priceEach":64,"taxEach":{"amount":0},"discountEach":{"amount":0},"pvEach":36},"quantityLimit":{"quantityQuota":-1,"timeFrameDays":-1,"quantityOrdered":0}}]},"currency":"USD"},{"lines":{"items":[{"item":{"href":"https://hydraqa.unicity.net/v5a-test/items/362999101a321b721c87110710ae77b0","id":{"unicity":"29352"}},"quantity":1,"terms":{"priceEach":119,"taxEach":{"amount":0},"discountEach":{"amount":0},"pvEach":80},"quantityLimit":{"quantityQuota":-1,"timeFrameDays":-1,"quantityOrdered":0}}]},"currency":"USD"},{"lines":{"items":[{"item":{"href":"https://hydraqa.unicity.net/v5a-test/items/24ff5bda40c0d0e7eaa511866d052915","id":{"unicity":"29612"}},"quantity":1,"terms":{"priceEach":49,"taxEach":{"amount":0},"discountEach":{"amount":0},"pvEach":30},"quantityLimit":{"quantityQuota":-1,"timeFrameDays":-1,"quantityOrdered":0}}]},"currency":"USD"},{"lines":{"items":[{"item":{"href":"https://hydraqa.unicity.net/v5a-test/items/e0a19d3d676bccfdba0ab3d9f2766359","id":{"unicity":"30350"}},"quantity":1,"terms":{"priceEach":50,"taxEach":{"amount":0},"discountEach":{"amount":0},"pvEach":30},"quantityLimit":{"quantityQuota":-1,"timeFrameDays":-1,"quantityOrdered":0}}]},"currency":"USD"},{"lines":{"items":[{"item":{"href":"https://hydraqa.unicity.net/v5a-test/items/024e696f8b44a1d315006e676604cd31","id":{"unicity":"27395"}},"quantity":1,"terms":{"priceEach":25,"taxEach":{"amount":0},"discountEach":{"amount":0},"pvEach":16},"quantityLimit":{"quantityQuota":-1,"timeFrameDays":-1,"quantityOrdered":0}}]},"currency":"USD"},{"lines":{"items":[{"item":{"href":"https://hydraqa.unicity.net/v5a-test/items/05ca08f3808f126c0cc42154c50fc75c","id":{"unicity":"29440"}},"quantity":1,"terms":{"priceEach":120,"taxEach":{"amount":0},"discountEach":{"amount":0},"pvEach":90},"quantityLimit":{"quantityQuota":-1,"timeFrameDays":-1,"quantityOrdered":0}}]},"currency":"USD"},{"lines":{"items":[{"item":{"href":"https://hydraqa.unicity.net/v5a-test/items/764e2db430d361da99e8f6b70c4d0244","id":{"unicity":"29830"}},"quantity":1,"terms":{"priceEach":17,"taxEach":{"amount":0},"discountEach":{"amount":0},"pvEach":7},"quantityLimit":{"quantityQuota":-1,"timeFrameDays":-1,"quantityOrdered":0}}]},"currency":"USD"},{"lines":{"items":[{"item":{"href":"https://hydraqa.unicity.net/v5a-test/items/035189015384166df518a68ede0299a9","id":{"unicity":"30408"}},"quantity":1,"terms":{"priceEach":84,"taxEach":{"amount":0},"discountEach":{"amount":0},"pvEach":50},"quantityLimit":{"quantityQuota":-1,"timeFrameDays":-1,"quantityOrdered":0}}]},"currency":"USD"},{"lines":{"items":[{"item":{"href":"https://hydraqa.unicity.net/v5a-test/items/b91affa753dd5ee8a9acef4fa7e2c9a7","id":{"unicity":"30414"}},"quantity":1,"terms":{"priceEach":94,"taxEach":{"amount":0},"discountEach":{"amount":0},"pvEach":65},"quantityLimit":{"quantityQuota":-1,"timeFrameDays":-1,"quantityOrdered":0}}]},"currency":"USD"},{"lines":{"items":[{"item":{"href":"https://hydraqa.unicity.net/v5a-test/items/2835b1a78e379486f0ffbfd5fb9f6b0a","id":{"unicity":"30400"}},"quantity":1,"terms":{"priceEach":38,"taxEach":{"amount":0},"discountEach":{"amount":0},"pvEach":28},"quantityLimit":{"quantityQuota":-1,"timeFrameDays":-1,"quantityOrdered":0}}]},"currency":"USD"},{"lines":{"items":[{"item":{"href":"https://hydraqa.unicity.net/v5a-test/items/0e78fbdfebef11cd62f8d2120064ee58","id":{"unicity":"30280"}},"quantity":1,"terms":{"priceEach":42,"taxEach":{"amount":0},"discountEach":{"amount":0},"pvEach":24},"quantityLimit":{"quantityQuota":-1,"timeFrameDays":-1,"quantityOrdered":0}}]},"currency":"USD"},{"lines":{"items":[{"item":{"href":"https://hydraqa.unicity.net/v5a-test/items/d306a0b65f27f19b4968e5c05906a9f4","id":{"unicity":"31314"}},"quantity":1,"terms":{"priceEach":388,"taxEach":{"amount":0},"discountEach":{"amount":0},"pvEach":268},"quantityLimit":{"quantityQuota":-1,"timeFrameDays":-1,"quantityOrdered":0}}]},"currency":"USD"},{"lines":{"items":[{"item":{"href":"https://hydraqa.unicity.net/v5a-test/items/5bda067b70c43971650a6ef983f612e4","id":{"unicity":"31728"}},"quantity":1,"terms":{"priceEach":126,"taxEach":{"amount":0},"discountEach":{"amount":0},"pvEach":94},"quantityLimit":{"quantityQuota":-1,"timeFrameDays":-1,"quantityOrdered":0}}]},"currency":"USD"},{"lines":{"items":[{"item":{"href":"https://hydraqa.unicity.net/v5a-test/items/3875e24e6b6ebdf36c79d205614ed51e","id":{"unicity":"31846"}},"quantity":1,"terms":{"priceEach":126,"taxEach":{"amount":0},"discountEach":{"amount":0},"pvEach":94},"quantityLimit":{"quantityQuota":-1,"timeFrameDays":-1,"quantityOrdered":0}}]},"currency":"USD"},{"lines":{"items":[{"item":{"href":"https://hydraqa.unicity.net/v5a-test/items/89b6d29a85a88d44d65bc8cca3fefc65","id":{"unicity":"31845"}},"quantity":1,"terms":{"priceEach":143,"taxEach":{"amount":0},"discountEach":{"amount":0},"pvEach":100},"quantityLimit":{"quantityQuota":-1,"timeFrameDays":-1,"quantityOrdered":0}}]},"currency":"USD"},{"lines":{"items":[{"item":{"href":"https://hydraqa.unicity.net/v5a-test/items/fbb319232b7eed110794d46a68302acb","id":{"unicity":"31847"}},"quantity":1,"terms":{"priceEach":120,"taxEach":{"amount":0},"discountEach":{"amount":0},"pvEach":80},"quantityLimit":{"quantityQuota":-1,"timeFrameDays":-1,"quantityOrdered":0}}]},"currency":"USD"},{"lines":{"items":[{"item":{"href":"https://hydraqa.unicity.net/v5a-test/items/077823d29445b9020de9931f10c63efd","id":{"unicity":"31958"}},"quantity":1,"terms":{"priceEach":129,"taxEach":{"amount":0},"discountEach":{"amount":0},"pvEach":85},"quantityLimit":{"quantityQuota":-1,"timeFrameDays":-1,"quantityOrdered":0}}]},"currency":"USD"},{"lines":{"items":[{"item":{"href":"https://hydraqa.unicity.net/v5a-test/items/bfddb53fe0d5ed5432c531dc9850cbe4","id":{"unicity":"29449"}},"quantity":1,"terms":{"priceEach":37,"taxEach":{"amount":0},"discountEach":{"amount":0},"pvEach":25},"quantityLimit":{"quantityQuota":-1,"timeFrameDays":-1,"quantityOrdered":0}}]},"currency":"USD"},{"lines":{"items":[{"item":{"href":"https://hydraqa.unicity.net/v5a-test/items/7fc100f8d20814757efe2d79e41b315c","id":{"unicity":"32021"}},"quantity":1,"terms":{"priceEach":89,"taxEach":{"amount":0},"discountEach":{"amount":0},"pvEach":60},"quantityLimit":{"quantityQuota":-1,"timeFrameDays":-1,"quantityOrdered":0}}]},"currency":"USD"},{"lines":{"items":[{"item":{"href":"https://hydraqa.unicity.net/v5a-test/items/c201dcd36f4bb7e17e7a8481ef08d6f2","id":{"unicity":"31518"}},"quantity":1,"terms":{"priceEach":29,"taxEach":{"amount":0},"discountEach":{"amount":0},"pvEach":14},"quantityLimit":{"quantityQuota":-1,"timeFrameDays":-1,"quantityOrdered":0}}]},"currency":"USD"},{"lines":{"items":[{"item":{"href":"https://hydraqa.unicity.net/v5a-test/items/bed533c634e887357ff031d8e4c776b0","id":{"unicity":"31751"}},"quantity":1,"terms":{"priceEach":99,"taxEach":{"amount":0},"discountEach":{"amount":0},"pvEach":50},"quantityLimit":{"quantityQuota":-1,"timeFrameDays":-1,"quantityOrdered":0}}]},"currency":"USD"},{"lines":{"items":[{"item":{"href":"https://hydraqa.unicity.net/v5a-test/items/69461244686345ba75765978ef53c749","id":{"unicity":"32015"}},"quantity":1,"terms":{"priceEach":8,"taxEach":{"amount":0},"discountEach":{"amount":0},"pvEach":0},"quantityLimit":{"quantityQuota":-1,"timeFrameDays":-1,"quantityOrdered":0}}]},"currency":"USD"},{"lines":{"items":[{"item":{"href":"https://hydraqa.unicity.net/v5a-test/items/c674cdded8a54983aae3c5dcb32c9e38","id":{"unicity":"32628"}},"quantity":1,"terms":{"priceEach":80,"taxEach":{"amount":0},"discountEach":{"amount":0},"pvEach":50},"quantityLimit":{"quantityQuota":-1,"timeFrameDays":-1,"quantityOrdered":0}}]},"currency":"USD"},{"lines":{"items":[{"item":{"href":"https://hydraqa.unicity.net/v5a-test/items/69d8547e9e264505ce055e09920659fd","id":{"unicity":"33019"}},"quantity":1,"terms":{"priceEach":202,"taxEach":{"amount":0},"discountEach":{"amount":0},"pvEach":151},"quantityLimit":{"quantityQuota":-1,"timeFrameDays":-1,"quantityOrdered":0}}]},"currency":"USD"},{"lines":{"items":[{"item":{"href":"https://hydraqa.unicity.net/v5a-test/items/30b5c0f54df52286b3d87a6a1dfd314a","id":{"unicity":"33018"}},"quantity":1,"terms":{"priceEach":205,"taxEach":{"amount":0},"discountEach":{"amount":0},"pvEach":133},"quantityLimit":{"quantityQuota":-1,"timeFrameDays":-1,"quantityOrdered":0}}]},"currency":"USD"},{"lines":{"items":[{"item":{"href":"https://hydraqa.unicity.net/v5a-test/items/16a422e03f6e3a79ba7bcd7fd50e31c0","id":{"unicity":"33017"}},"quantity":1,"terms":{"priceEach":150,"taxEach":{"amount":0},"discountEach":{"amount":0},"pvEach":110},"quantityLimit":{"quantityQuota":-1,"timeFrameDays":-1,"quantityOrdered":0}}]},"currency":"USD"},{"lines":{"items":[{"item":{"href":"https://hydraqa.unicity.net/v5a-test/items/30f2eb8ab275ef57ae8082b3435a3d69","id":{"unicity":"33016"}},"quantity":1,"terms":{"priceEach":199,"taxEach":{"amount":0},"discountEach":{"amount":0},"pvEach":142},"quantityLimit":{"quantityQuota":-1,"timeFrameDays":-1,"quantityOrdered":0}}]},"currency":"USD"},{"lines":{"items":[{"item":{"href":"https://hydraqa.unicity.net/v5a-test/items/e30d5100db17be47578745dce83039e6","id":{"unicity":"32838"}},"quantity":1,"terms":{"priceEach":12.95,"taxEach":{"amount":0},"discountEach":{"amount":0},"pvEach":0},"quantityLimit":{"quantityQuota":-1,"timeFrameDays":-1,"quantityOrdered":0}}]},"currency":"USD"}]}
Entry request : {"order":{"customer":{"href":"https://hydraqa.unicity.net/v5a-test/customers?type=Associate"},"shipToAddress":{"country":"US"}},"vary":{"lines":{"items":[{"item":{"href":"https://hydraqa.unicity.net/v5a-test/items?id.unicity=26580|31440|31441|27801|31858|31859|31863|31861|32030|29684|31729|31730|31731|0963|15129|15271|15880|17174|22745|22747|23728|24758|25022|26550|26556|26557|26560|26561|26562|27615|27739|24418|27585|25008|26442|6200|15916|18908|24785|26552|27028|0954|18401|27029|26559|19596|26945|21420|24621|28836|15712|0960|25369|18386|26567|26568|15907|28513|3107|0988|12230|26950|26786|27587|29017|29694|29408|29437|29183|29191|29352|29612|30350|27395|29440|29830|30408|30414|30400|30280|31314|31728|31846|31845|31847|31958|29449|32021|31518|31751|32015|32628|33019|33018|33017|33016|32838|33476|26555"}}]}}}
Request URL: https://hydraqa.unicity.net/v5a-test/customers.js?callback=angular.callbacks._1&expand=customer,profilePicture&id.unicity=2
Request URL: https://hydraqa.unicity.net/v5a-test/customers.js?_httpMethod=HEAD&callback=angular.callbacks._7&email=XOQSWP@gmail.com
Request URL: https://hydraqa.unicity.net/v5a-test/shippingmethods.js?callback=angular.callbacks._a&destination=US&market=US
Unicity [Date=Thu, 10 Dec 2020 17:26:21 GMT, Content-Type=text/javascript; charset=utf-8, Content-Length=385, Connection=keep-alive, Set-Cookie=__cfduid=ddfa3216d9f8fe6432bbb7a005673dbb01607621179; expires=Sat, 09-Jan-21 17:26:19 GMT; path=/; domain=.unicity.net; HttpOnly; SameSite=Lax, x-powered-by=Express, x-request-id=65b8b3a7-f7cf-983f-8589-f520f6bd9681,65b8b3a7-f7cf-983f-8589-f520f6bd9681, x-request-uuid=65b8b3a7-f7cf-983f-8589-f520f6bd9681, x-request-release=5-2020120801/master, access-control-allow-origin=http://enroll.ng.unicityqa.com, vary=Accept-Encoding, link=<http://unicity.github.io/Hydra.php/docs/v5/>; rel="help", cache-control=no-cache, must-revalidate, expires=0, content-language=en-US, x-status-code=400, content-encoding=gzip, x-envoy-upstream-service-time=1260, etag=W/"181-iS0feP7m8lKJB3QNqhAHXwiERDY", access-control-expose-headers=x-b3-traceid, x-request-id, x-b3-traceid=84253e637e682a6e, CF-Cache-Status=DYNAMIC, cf-request-id=06ef4990ef0000ed2be1136000000001, Expect-CT=max-age=604800, report-uri="https://report-uri.cloudflare.com/cdn-cgi/beacon/expect-ct", Server=cloudflare, CF-RAY=5ff8ab94bd63ed2b-SJC]
Unicity [Date=Thu, 10 Dec 2020 17:26:21 GMT, Content-Type=text/javascript; charset=utf-8, Content-Length=382, Connection=keep-alive, Set-Cookie=__cfduid=dfba58e4d1f6dcd1e2c882034893ac9e31607621179; expires=Sat, 09-Jan-21 17:26:19 GMT; path=/; domain=.unicity.net; HttpOnly; SameSite=Lax, x-powered-by=Express, x-request-id=995ed4a5-85af-9ead-ba9f-bf801cf0e317,995ed4a5-85af-9ead-ba9f-bf801cf0e317, x-request-uuid=995ed4a5-85af-9ead-ba9f-bf801cf0e317, x-request-release=5-2020120801/master, access-control-allow-origin=http://enroll.ng.unicityqa.com, vary=Accept-Encoding, link=<http://unicity.github.io/Hydra.php/docs/v5/>; rel="help", cache-control=no-cache, must-revalidate, expires=0, content-language=en-US, x-status-code=400, content-encoding=gzip, x-envoy-upstream-service-time=952, etag=W/"17e-OrnXFaQm7G7V5TQZAP8osi6SeK8", access-control-expose-headers=x-b3-traceid, x-request-id, x-b3-traceid=15e0ed4f8be38750, CF-Cache-Status=DYNAMIC, cf-request-id=06ef49918c0000ed2348292000000001, Expect-CT=max-age=604800, report-uri="https://report-uri.cloudflare.com/cdn-cgi/beacon/expect-ct", Server=cloudflare, CF-RAY=5ff8ab95ae5bed23-SJC]
Unicity [Date=Thu, 10 Dec 2020 17:26:22 GMT, Content-Type=text/javascript; charset=utf-8, Content-Length=380, Connection=keep-alive, Set-Cookie=__cfduid=dac8cc1fc05c72aff035627187b6a39b01607621181; expires=Sat, 09-Jan-21 17:26:21 GMT; path=/; domain=.unicity.net; HttpOnly; SameSite=Lax, x-powered-by=Express, x-request-id=d994349b-4c98-9082-b2f7-3de2cdf4fe9a,d994349b-4c98-9082-b2f7-3de2cdf4fe9a, x-request-uuid=d994349b-4c98-9082-b2f7-3de2cdf4fe9a, x-request-release=5-2020120801/master, access-control-allow-origin=http://enroll.ng.unicityqa.com, vary=Accept-Encoding, link=<http://unicity.github.io/Hydra.php/docs/v5/>; rel="help", cache-control=no-cache, must-revalidate, expires=0, content-language=en-US, x-status-code=400, content-encoding=gzip, x-envoy-upstream-service-time=962, etag=W/"17c-mZAxin10J4Yjt1oPpWA661ROkxs", access-control-expose-headers=x-b3-traceid, x-request-id, x-b3-traceid=9aea16aa28599f2b, CF-Cache-Status=DYNAMIC, cf-request-id=06ef4996f40000ed8b9195f000000001, Expect-CT=max-age=604800, report-uri="https://report-uri.cloudflare.com/cdn-cgi/beacon/expect-ct", Server=cloudflare, CF-RAY=5ff8ab9e4890ed8b-SJC]
Unicity [Date=Thu, 10 Dec 2020 17:26:22 GMT, Content-Type=text/javascript; charset=utf-8, Content-Length=384, Connection=keep-alive, Set-Cookie=__cfduid=d0dcc735294b5f8ba3444dff6d07718b01607621181; expires=Sat, 09-Jan-21 17:26:21 GMT; path=/; domain=.unicity.net; HttpOnly; SameSite=Lax, x-powered-by=Express, x-request-id=b6051129-6cb5-930c-8075-30202e2bf73f,b6051129-6cb5-930c-8075-30202e2bf73f, x-request-uuid=b6051129-6cb5-930c-8075-30202e2bf73f, x-request-release=5-2020120801/master, access-control-allow-origin=http://enroll.ng.unicityqa.com, vary=Accept-Encoding, link=<http://unicity.github.io/Hydra.php/docs/v5/>; rel="help", cache-control=no-cache, must-revalidate, expires=0, content-language=en-US, x-status-code=400, content-encoding=gzip, x-envoy-upstream-service-time=689, etag=W/"180-naQRHA84gk4+JE3R9oCtwe6EdpA", access-control-expose-headers=x-b3-traceid, x-request-id, x-b3-traceid=b8a7214ad8267371, CF-Cache-Status=DYNAMIC, cf-request-id=06ef499a0000003b21b52a6000000001, Expect-CT=max-age=604800, report-uri="https://report-uri.cloudflare.com/cdn-cgi/beacon/expect-ct", Server=cloudflare, CF-RAY=5ff8aba33b123b21-SJC]
Unicity [Date=Thu, 10 Dec 2020 17:26:23 GMT, Content-Type=text/javascript; charset=utf-8, Content-Length=383, Connection=keep-alive, Set-Cookie=__cfduid=d1451784456beded270408f824e438c971607621182; expires=Sat, 09-Jan-21 17:26:22 GMT; path=/; domain=.unicity.net; HttpOnly; SameSite=Lax, x-powered-by=Express, x-request-id=a023d4e0-9bb2-9429-aff5-563ed9f70d4f,a023d4e0-9bb2-9429-aff5-563ed9f70d4f, x-request-uuid=a023d4e0-9bb2-9429-aff5-563ed9f70d4f, x-request-release=5-2020120801/master, access-control-allow-origin=http://enroll.ng.unicityqa.com, vary=Accept-Encoding, link=<http://unicity.github.io/Hydra.php/docs/v5/>; rel="help", cache-control=no-cache, must-revalidate, expires=0, content-language=en-US, x-status-code=400, content-encoding=gzip, x-envoy-upstream-service-time=863, etag=W/"17f-uv7/npTkJtr7xnJa9+IrDDG0y0o", access-control-expose-headers=x-b3-traceid, x-request-id, x-b3-traceid=61f70597953b11c5, CF-Cache-Status=DYNAMIC, cf-request-id=06ef499be400003ae589b85000000001, Expect-CT=max-age=604800, report-uri="https://report-uri.cloudflare.com/cdn-cgi/beacon/expect-ct", Server=cloudflare, CF-RAY=5ff8aba63b693ae5-SJC]
Unicity [Date=Thu, 10 Dec 2020 17:26:24 GMT, Content-Type=text/javascript; charset=utf-8, Content-Length=383, Connection=keep-alive, Set-Cookie=__cfduid=d5a079a524a417d7e686a224a0066a1831607621183; expires=Sat, 09-Jan-21 17:26:23 GMT; path=/; domain=.unicity.net; HttpOnly; SameSite=Lax, x-powered-by=Express, x-request-id=79a7a7ee-a2b2-9768-a0a7-3a5c0684ff92,79a7a7ee-a2b2-9768-a0a7-3a5c0684ff92, x-request-uuid=79a7a7ee-a2b2-9768-a0a7-3a5c0684ff92, x-request-release=5-2020120801/master, access-control-allow-origin=http://enroll.ng.unicityqa.com, vary=Accept-Encoding, link=<http://unicity.github.io/Hydra.php/docs/v5/>; rel="help", cache-control=no-cache, must-revalidate, expires=0, content-language=en-US, x-status-code=400, content-encoding=gzip, x-envoy-upstream-service-time=797, etag=W/"17f-kcHGGu0xoQieTWVNrMWJh/vrTQU", access-control-expose-headers=x-b3-traceid, x-request-id, x-b3-traceid=ff462a0ed945bf35, CF-Cache-Status=DYNAMIC, cf-request-id=06ef499f670000ed2347a21000000001, Expect-CT=max-age=604800, report-uri="https://report-uri.cloudflare.com/cdn-cgi/beacon/expect-ct", Server=cloudflare, CF-RAY=5ff8ababd99eed23-SJC]
Unicity [Date=Thu, 10 Dec 2020 17:26:26 GMT, Content-Type=text/javascript; charset=utf-8, Content-Length=383, Connection=keep-alive, Set-Cookie=__cfduid=d276adc17301691a251bd20376352661d1607621185; expires=Sat, 09-Jan-21 17:26:25 GMT; path=/; domain=.unicity.net; HttpOnly; SameSite=Lax, x-powered-by=Express, x-request-id=82623818-d3f2-9850-82d8-04051c228937,82623818-d3f2-9850-82d8-04051c228937, x-request-uuid=82623818-d3f2-9850-82d8-04051c228937, x-request-release=5-2020120801/master, access-control-allow-origin=http://enroll.ng.unicityqa.com, vary=Accept-Encoding, link=<http://unicity.github.io/Hydra.php/docs/v5/>; rel="help", cache-control=no-cache, must-revalidate, expires=0, content-language=en-US, x-status-code=400, content-encoding=gzip, x-envoy-upstream-service-time=690, etag=W/"17f-/oT1o2wFw4gQsh9yIoDeFHuRyLY", access-control-expose-headers=x-b3-traceid, x-request-id, x-b3-traceid=1f486dd7f1f2bc42, CF-Cache-Status=DYNAMIC, cf-request-id=06ef49a6f600001c6dd71e6000000001, Expect-CT=max-age=604800, report-uri="https://report-uri.cloudflare.com/cdn-cgi/beacon/expect-ct", Server=cloudflare, CF-RAY=5ff8abb7ef5a1c6d-SJC]
Request URL: https://hydraqa.unicity.net/v5a-test/addresses?country=US&zip=84097
Entry response : {"items":[{"city":"Orem","state":"UT"}]}
]]></system-out>
    <system-err><![CDATA[Starting ChromeDriver 2.36.540470 (e522d04694c7ebea4ba8821272dbef4f9b818c91) on port 16247
Only local connections are allowed.
Dec 10, 2020 10:23:06 AM org.openqa.selenium.remote.ProtocolHandshake createSession
INFO: Detected dialect: OSS
]]></system-err>
  </testcase>
  <testcase name="Enroll" classname="Tests.FranchisePartner" time="230.66">
    <failure message="Expected condition failed: waiting for element to no longer be visible: By.xpath: (//img[@src=&apos;assets/img/ajax-loader.gif&apos;])[1] (tried for 200 second(s) with 500 MILLISECONDS interval)&#10;Build info: version: &apos;3.8.1&apos;, revision: &apos;6e95a6684b&apos;, time: &apos;2017-12-01T18:33:54.468Z&apos;&#10;System info: host: &apos;QASERVER01&apos;, ip: &apos;10.2.0.23&apos;, os.name: &apos;Windows Server 2012 R2&apos;, os.arch: &apos;amd64&apos;, os.version: &apos;6.3&apos;, java.version: &apos;1.8.0_111&apos;&#10;Driver info: org.openqa.selenium.chrome.ChromeDriver&#10;Capabilities {acceptInsecureCerts: false, acceptSslCerts: false, applicationCacheEnabled: false, browserConnectionEnabled: false, browserName: chrome, chrome: {chromedriverVersion: 2.36.540470 (e522d04694c7eb..., userDataDir: C:\Users\sumancb\AppData\Lo...}, cssSelectorsEnabled: true, databaseEnabled: false, handlesAlerts: true, hasTouchScreen: false, javascriptEnabled: true, locationContextEnabled: true, mobileEmulationEnabled: false, nativeEvents: true, networkConnectionEnabled: false, pageLoadStrategy: normal, platform: XP, platformName: XP, rotatable: false, setWindowRect: true, takesHeapSnapshot: true, takesScreenshot: true, unexpectedAlertBehaviour: , unhandledPromptBehavior: , version: 87.0.4280.88, webStorageEnabled: true}&#10;Session ID: b4c4c427ee1a135be55aa4a19251e1c6" type="org.openqa.selenium.TimeoutException">org.openqa.selenium.TimeoutException: 
Expected condition failed: waiting for element to no longer be visible: By.xpath: (//img[@src='assets/img/ajax-loader.gif'])[1] (tried for 200 second(s) with 500 MILLISECONDS interval)
Build info: version: '3.8.1', revision: '6e95a6684b', time: '2017-12-01T18:33:54.468Z'
System info: host: 'QASERVER01', ip: '10.2.0.23', os.name: 'Windows Server 2012 R2', os.arch: 'amd64', os.version: '6.3', java.version: '1.8.0_111'
Driver info: org.openqa.selenium.chrome.ChromeDriver
Capabilities {acceptInsecureCerts: false, acceptSslCerts: false, applicationCacheEnabled: false, browserConnectionEnabled: false, browserName: chrome, chrome: {chromedriverVersion: 2.36.540470 (e522d04694c7eb..., userDataDir: C:\Users\sumancb\AppData\Lo...}, cssSelectorsEnabled: true, databaseEnabled: false, handlesAlerts: true, hasTouchScreen: false, javascriptEnabled: true, locationContextEnabled: true, mobileEmulationEnabled: false, nativeEvents: true, networkConnectionEnabled: false, pageLoadStrategy: normal, platform: XP, platformName: XP, rotatable: false, setWindowRect: true, takesHeapSnapshot: true, takesScreenshot: true, unexpectedAlertBehaviour: , unhandledPromptBehavior: , version: 87.0.4280.88, webStorageEnabled: true}
Session ID: b4c4c427ee1a135be55aa4a19251e1c6
	at Tests.FranchisePartner.Enroll(FranchisePartner.java:257)
</failure>
    <system-err><![CDATA[Starting ChromeDriver 2.36.540470 (e522d04694c7ebea4ba8821272dbef4f9b818c91) on port 39376
Only local connections are allowed.
Dec 10, 2020 10:27:00 AM org.openqa.selenium.remote.ProtocolHandshake createSession
INFO: Detected dialect: OSS
]]></system-err>
  </testcase>
  <testcase name="Enroll" classname="Tests.FranchisePartner" time="263.576">
    <failure message="Critical A-Z section not displaying" type="java.lang.AssertionError">java.lang.AssertionError: Critical A-Z section not displaying
	at Tests.FranchisePartner.Enroll(FranchisePartner.java:257)
</failure>
    <system-out><![CDATA[Request URL: https://hydraqa.unicity.net/v5a-test/quotes?&expand=item
Entry Quotes response : {"items":[{"lines":{"items":[{"item":{"href":"https://hydraqa.unicity.net/v5a-test/items/332daeac6796ed016ea8b7d0bc42c2d4","id":{"unicity":"24274"},"weightEach":{"value":0},"servingsPerContainer":0,"servingSize":0},"quantity":1,"terms":{"priceEach":800,"taxEach":{"amount":1.5},"discountEach":{"amount":0},"pvEach":0},"quantityLimit":{"quantityQuota":-1,"timeFrameDays":-1,"quantityOrdered":0}}]},"currency":"EUR"}]}
Entry request : {"order":{"customer":{"href":"https://hydraqa.unicity.net/v5a-test/customers?type=Associate"},"shipToAddress":{"country":"FR"}},"vary":{"lines":{"items":[{"item":{"href":"https://hydraqa.unicity.net/v5a-test/items?id.unicity=29904|31763|31951|31952|32128|32129|32130|32132|32133|32134|32135|32136|32137|32138|32125|32699|33092|33094|33093|18511|26422|27156|27158|27160|27166|27660|27585|27587|28601|28604|27395|15880|26560|29017|26567|26568|24758|29838|31402|31772|31777|31780|31781|31782|31779|31932|31778|32556|30103|29832|29833|30198|32197|32196|32755|32756|32968|32965|32966|33089|33090|33091|29905|33097|33095|33098|33096|24274|24418|27150|27163|27575|27617|29317|29821|32012|17174|29183|30280|29187|29191|30684|31672|31534|29449|32126|32127|32087|32333|32330|32693|27739"}}]}}}
]]></system-out>
    <system-err><![CDATA[Starting ChromeDriver 2.36.540470 (e522d04694c7ebea4ba8821272dbef4f9b818c91) on port 37763
Only local connections are allowed.
Dec 10, 2020 10:30:57 AM org.openqa.selenium.remote.ProtocolHandshake createSession
INFO: Detected dialect: OSS
]]></system-err>
  </testcase>
  <testcase name="Enroll" classname="Tests.FranchisePartner" time="258.709">
    <failure message="Critical A-Z section not displaying" type="java.lang.AssertionError">java.lang.AssertionError: Critical A-Z section not displaying
	at Tests.FranchisePartner.Enroll(FranchisePartner.java:257)
</failure>
    <system-out><![CDATA[Request URL: https://hydraqa.unicity.net/v5a-test/quotes?&expand=item
Entry Quotes response : {"items":[{"lines":{"items":[{"item":{"href":"https://hydraqa.unicity.net/v5a-test/items/575aaea25d47c468067933d592cc36ef","id":{"unicity":"23990"},"weightEach":{"value":0},"servingsPerContainer":0,"servingSize":0},"quantity":1,"terms":{"priceEach":720,"taxEach":{"amount":0.56},"discountEach":{"amount":0},"pvEach":0},"quantityLimit":{"quantityQuota":-1,"timeFrameDays":-1,"quantityOrdered":0}}]},"currency":"EUR"},{"lines":{"items":[{"item":{"href":"https://hydraqa.unicity.net/v5a-test/items/332daeac6796ed016ea8b7d0bc42c2d4","id":{"unicity":"24274"},"weightEach":{"value":0},"servingsPerContainer":0,"servingSize":0},"quantity":1,"terms":{"priceEach":800,"taxEach":{"amount":1.2},"discountEach":{"amount":0},"pvEach":0},"quantityLimit":{"quantityQuota":-1,"timeFrameDays":-1,"quantityOrdered":0}}]},"currency":"EUR"}]}
Entry request : {"order":{"customer":{"href":"https://hydraqa.unicity.net/v5a-test/customers?type=Associate"},"shipToAddress":{"country":"DE"}},"vary":{"lines":{"items":[{"item":{"href":"https://hydraqa.unicity.net/v5a-test/items?id.unicity=31951|31952|32136|32699|33092|33094|33093|18511|26422|27156|27158|27160|27166|27617|27660|27585|27587|28601|28604|29838|31402|31772|31777|31780|31781|31782|31779|31932|31778|32556|22605|29317|27700|29832|29833|30198|33097|33095|33098|33096|20750|23990|24274|24418|26442|27150|27163|27575|27395|15880|26560|29017|26567|26568|24758|29821|32012|17174|29183|30280|29187|29191|30684|31450|31672|31534|29449|32126|32087|32333|32330|32693|27739"}}]}}}
]]></system-out>
    <system-err><![CDATA[Starting ChromeDriver 2.36.540470 (e522d04694c7ebea4ba8821272dbef4f9b818c91) on port 7457
Only local connections are allowed.
Dec 10, 2020 10:35:27 AM org.openqa.selenium.remote.ProtocolHandshake createSession
INFO: Detected dialect: OSS
]]></system-err>
  </testcase>
  <testcase name="Enroll" classname="Tests.FranchisePartner" time="248.005">
    <failure message="Critical A-Z section not displaying" type="java.lang.AssertionError">java.lang.AssertionError: Critical A-Z section not displaying
	at Tests.FranchisePartner.Enroll(FranchisePartner.java:257)
</failure>
    <system-out><![CDATA[Request URL: https://hydraqa.unicity.net/v5a-test/quotes?&expand=item
Entry Quotes response : {"items":[{"lines":{"items":[{"item":{"href":"https://hydraqa.unicity.net/v5a-test/items/575aaea25d47c468067933d592cc36ef","id":{"unicity":"23990"},"weightEach":{"value":0},"servingsPerContainer":0,"servingSize":0},"quantity":1,"terms":{"priceEach":720,"taxEach":{"amount":0.56},"discountEach":{"amount":0},"pvEach":0},"quantityLimit":{"quantityQuota":-1,"timeFrameDays":-1,"quantityOrdered":0}}]},"currency":"EUR"},{"lines":{"items":[{"item":{"href":"https://hydraqa.unicity.net/v5a-test/items/332daeac6796ed016ea8b7d0bc42c2d4","id":{"unicity":"24274"},"weightEach":{"value":0},"servingsPerContainer":0,"servingSize":0},"quantity":1,"terms":{"priceEach":800,"taxEach":{"amount":1.2},"discountEach":{"amount":0},"pvEach":0},"quantityLimit":{"quantityQuota":-1,"timeFrameDays":-1,"quantityOrdered":0}}]},"currency":"EUR"}]}
Entry request : {"order":{"customer":{"href":"https://hydraqa.unicity.net/v5a-test/customers?type=Associate"},"shipToAddress":{"country":"DE"}},"vary":{"lines":{"items":[{"item":{"href":"https://hydraqa.unicity.net/v5a-test/items?id.unicity=31951|31952|32136|32699|33092|33094|33093|18511|26422|27156|27158|27160|27166|27617|27660|27585|27587|28601|28604|29838|31402|31772|31777|31780|31781|31782|31779|31932|31778|32556|22605|29317|27700|29832|29833|30198|33097|33095|33098|33096|20750|23990|24274|24418|26442|27150|27163|27575|27395|15880|26560|29017|26567|26568|24758|29821|32012|17174|29183|30280|29187|29191|30684|31450|31672|31534|29449|32126|32087|32333|32330|32693|27739"}}]}}}
]]></system-out>
    <system-err><![CDATA[Starting ChromeDriver 2.36.540470 (e522d04694c7ebea4ba8821272dbef4f9b818c91) on port 34747
Only local connections are allowed.
Dec 10, 2020 10:39:52 AM org.openqa.selenium.remote.ProtocolHandshake createSession
INFO: Detected dialect: OSS
]]></system-err>
  </testcase>
  <testcase name="Enroll" classname="Tests.FranchisePartner" time="260.374">
    <failure message="Critical A-Z section not displaying" type="java.lang.AssertionError">java.lang.AssertionError: Critical A-Z section not displaying
	at Tests.FranchisePartner.Enroll(FranchisePartner.java:257)
</failure>
    <system-out><![CDATA[Request URL: https://hydraqa.unicity.net/v5a-test/quotes?&expand=item
Entry Quotes response : {"items":[{"lines":{"items":[{"item":{"href":"https://hydraqa.unicity.net/v5a-test/items/332daeac6796ed016ea8b7d0bc42c2d4","id":{"unicity":"24274"},"weightEach":{"value":0},"servingsPerContainer":0,"servingSize":0},"quantity":1,"terms":{"priceEach":800,"taxEach":{"amount":1.57},"discountEach":{"amount":0},"pvEach":0},"quantityLimit":{"quantityQuota":-1,"timeFrameDays":-1,"quantityOrdered":0}}]},"currency":"EUR"}]}
Entry request : {"order":{"customer":{"href":"https://hydraqa.unicity.net/v5a-test/customers?type=Associate"},"shipToAddress":{"country":"HU"}},"vary":{"lines":{"items":[{"item":{"href":"https://hydraqa.unicity.net/v5a-test/items?id.unicity=27160|27166|28601|28604|31763|31951|31952|32128|32129|32130|32132|32133|32134|32135|32136|32137|32138|32125|32699|33092|33094|33093|18511|26422|27156|27158|27617|27660|27585|27587|29838|31772|31777|31780|31781|31782|31779|31932|31778|32556|29317|29833|30198|32755|32756|32968|32965|32966|33097|33095|33098|33096|24274|24418|26442|27150|27163|27575|27395|15880|26560|29017|26567|26568|24758|29821|32012|17174|29183|30280|29187|29191|30684|29522|31402|31672|31534|29449|32126|32127|32087|32330|32693|27739|32333"}}]}}}
]]></system-out>
    <system-err><![CDATA[Starting ChromeDriver 2.36.540470 (e522d04694c7ebea4ba8821272dbef4f9b818c91) on port 40370
Only local connections are allowed.
Dec 10, 2020 10:44:07 AM org.openqa.selenium.remote.ProtocolHandshake createSession
INFO: Detected dialect: OSS
]]></system-err>
  </testcase>
  <testcase name="Enroll" classname="Tests.FranchisePartner" time="250.255">
    <failure message="Critical A-Z section not displaying" type="java.lang.AssertionError">java.lang.AssertionError: Critical A-Z section not displaying
	at Tests.FranchisePartner.Enroll(FranchisePartner.java:257)
</failure>
    <system-out><![CDATA[Request URL: https://hydraqa.unicity.net/v5a-test/quotes?&expand=item
Entry Quotes response : {"items":[{"lines":{"items":[{"item":{"href":"https://hydraqa.unicity.net/v5a-test/items/332daeac6796ed016ea8b7d0bc42c2d4","id":{"unicity":"24274"},"weightEach":{"value":0},"servingsPerContainer":0,"servingSize":0},"quantity":1,"terms":{"priceEach":800,"taxEach":{"amount":1.57},"discountEach":{"amount":0},"pvEach":0},"quantityLimit":{"quantityQuota":-1,"timeFrameDays":-1,"quantityOrdered":0}}]},"currency":"EUR"}]}
Entry request : {"order":{"customer":{"href":"https://hydraqa.unicity.net/v5a-test/customers?type=Associate"},"shipToAddress":{"country":"HU"}},"vary":{"lines":{"items":[{"item":{"href":"https://hydraqa.unicity.net/v5a-test/items?id.unicity=27160|27166|28601|28604|31763|31951|31952|32128|32129|32130|32132|32133|32134|32135|32136|32137|32138|32125|32699|33092|33094|33093|18511|26422|27156|27158|27617|27660|27585|27587|29838|31772|31777|31780|31781|31782|31779|31932|31778|32556|29317|29833|30198|32755|32756|32968|32965|32966|33097|33095|33098|33096|24274|24418|26442|27150|27163|27575|27395|15880|26560|29017|26567|26568|24758|29821|32012|17174|29183|30280|29187|29191|30684|29522|31402|31672|31534|29449|32126|32127|32087|32330|32693|27739|32333"}}]}}}
]]></system-out>
    <system-err><![CDATA[Starting ChromeDriver 2.36.540470 (e522d04694c7ebea4ba8821272dbef4f9b818c91) on port 33146
Only local connections are allowed.
Dec 10, 2020 10:48:34 AM org.openqa.selenium.remote.ProtocolHandshake createSession
INFO: Detected dialect: OSS
]]></system-err>
  </testcase>
  <testcase name="Enroll" classname="Tests.FranchisePartner" time="80.567">
    <failure message="Minor Summary Labels is Displaying expected [[Enrollment Summary, Enrollment Settings, Co-Applicant/Nominee, About You (For all future correspondence please make sure the Email ID and Contact number is valid. Your login credentials will be sent to the specified E-mail ID), Mailing Address, Direct Deposit for Commissions, The Distributor Agreement - Terms &amp; Conditions, Summary]] but found [[Enrollment Settings, About You (For all future correspondence please make sure the Email ID and Contact number is valid. Your login credentials will be sent to the specified E-mail ID), Co-Applicant/Nominee, Mailing Address, Direct Deposit for Commissions, Password, Summary]]" type="java.lang.AssertionError"><![CDATA[java.lang.AssertionError: Minor Summary Labels is Displaying expected [[Enrollment Summary, Enrollment Settings, Co-Applicant/Nominee, About You (For all future correspondence please make sure the Email ID and Contact number is valid. Your login credentials will be sent to the specified E-mail ID), Mailing Address, Direct Deposit for Commissions, The Distributor Agreement - Terms & Conditions, Summary]] but found [[Enrollment Settings, About You (For all future correspondence please make sure the Email ID and Contact number is valid. Your login credentials will be sent to the specified E-mail ID), Co-Applicant/Nominee, Mailing Address, Direct Deposit for Commissions, Password, Summary]]
	at Tests.FranchisePartner.Enroll(FranchisePartner.java:261)
]]></failure>
    <system-out><![CDATA[Request URL: https://hydraqa.unicity.net/v5a-test/customers.js?callback=angular.callbacks._1&expand=customer,profilePicture&id.unicity=2
Request URL: https://hydraqa.unicity.net/v5a-test/customers.js?_httpMethod=HEAD&callback=angular.callbacks._8&email=QPYUEU@gmail.com
]]></system-out>
    <system-err><![CDATA[Starting ChromeDriver 2.36.540470 (e522d04694c7ebea4ba8821272dbef4f9b818c91) on port 38751
Only local connections are allowed.
Dec 10, 2020 10:52:50 AM org.openqa.selenium.remote.ProtocolHandshake createSession
INFO: Detected dialect: OSS
]]></system-err>
  </testcase>
  <testcase name="Enroll" classname="Tests.FranchisePartner" time="261.599">
    <failure message="Critical A-Z section not displaying" type="java.lang.AssertionError">java.lang.AssertionError: Critical A-Z section not displaying
	at Tests.FranchisePartner.Enroll(FranchisePartner.java:257)
</failure>
    <system-out><![CDATA[Request URL: https://hydraqa.unicity.net/v5a-test/quotes?&expand=item
Entry Quotes response : {"items":[{"lines":{"items":[{"item":{"href":"https://hydraqa.unicity.net/v5a-test/items/332daeac6796ed016ea8b7d0bc42c2d4","id":{"unicity":"24274"},"weightEach":{"value":0},"servingsPerContainer":0,"servingSize":0},"quantity":1,"terms":{"priceEach":800,"taxEach":{"amount":1.65},"discountEach":{"amount":0},"pvEach":0},"quantityLimit":{"quantityQuota":-1,"timeFrameDays":-1,"quantityOrdered":0}}]},"currency":"EUR"}]}
Entry request : {"order":{"customer":{"href":"https://hydraqa.unicity.net/v5a-test/customers?type=Associate"},"shipToAddress":{"country":"IT"}},"vary":{"lines":{"items":[{"item":{"href":"https://hydraqa.unicity.net/v5a-test/items?id.unicity=25738|31763|31951|31952|32128|32129|32130|32132|32133|32134|32135|32136|32137|32138|32125|32699|33092|33094|33093|18511|26422|27156|27160|27617|27660|27585|28601|28604|27395|26560|26567|26568|24758|29838|27610|31402|31772|31777|31780|31781|31782|31779|31932|31778|32556|29317|27158|27163|27575|27587|15880|29017|29821|32012|17174|29183|30280|29187|29191|30684|30198|31672|31534|32087|27739|29832|29833|32755|32756|32968|32965|32966|33097|33095|33098|33096|20750|24274|24418|26442|27150|27166|27436|32126|32127|32333|32330|32693"}}]}}}
]]></system-out>
    <system-err><![CDATA[Starting ChromeDriver 2.36.540470 (e522d04694c7ebea4ba8821272dbef4f9b818c91) on port 11925
Only local connections are allowed.
Dec 10, 2020 10:54:16 AM org.openqa.selenium.remote.ProtocolHandshake createSession
INFO: Detected dialect: OSS
]]></system-err>
  </testcase>
  <testcase name="Enroll" classname="Tests.FranchisePartner" time="249.192">
    <failure message="Critical A-Z section not displaying" type="java.lang.AssertionError">java.lang.AssertionError: Critical A-Z section not displaying
	at Tests.FranchisePartner.Enroll(FranchisePartner.java:257)
</failure>
    <system-out><![CDATA[Request URL: https://hydraqa.unicity.net/v5a-test/quotes?&expand=item
Entry Quotes response : {"items":[{"lines":{"items":[{"item":{"href":"https://hydraqa.unicity.net/v5a-test/items/332daeac6796ed016ea8b7d0bc42c2d4","id":{"unicity":"24274"},"weightEach":{"value":0},"servingsPerContainer":0,"servingSize":0},"quantity":1,"terms":{"priceEach":800,"taxEach":{"amount":1.65},"discountEach":{"amount":0},"pvEach":0},"quantityLimit":{"quantityQuota":-1,"timeFrameDays":-1,"quantityOrdered":0}}]},"currency":"EUR"}]}
Entry request : {"order":{"customer":{"href":"https://hydraqa.unicity.net/v5a-test/customers?type=Associate"},"shipToAddress":{"country":"IT"}},"vary":{"lines":{"items":[{"item":{"href":"https://hydraqa.unicity.net/v5a-test/items?id.unicity=25738|31763|31951|31952|32128|32129|32130|32132|32133|32134|32135|32136|32137|32138|32125|32699|33092|33094|33093|18511|26422|27156|27160|27617|27660|27585|28601|28604|27395|26560|26567|26568|24758|29838|27610|31402|31772|31777|31780|31781|31782|31779|31932|31778|32556|29317|27158|27163|27575|27587|15880|29017|29821|32012|17174|29183|30280|29187|29191|30684|30198|31672|31534|32087|27739|29832|29833|32755|32756|32968|32965|32966|33097|33095|33098|33096|20750|24274|24418|26442|27150|27166|27436|32126|32127|32333|32330|32693"}}]}}}
]]></system-out>
    <system-err><![CDATA[Starting ChromeDriver 2.36.540470 (e522d04694c7ebea4ba8821272dbef4f9b818c91) on port 6207
Only local connections are allowed.
Dec 10, 2020 10:58:44 AM org.openqa.selenium.remote.ProtocolHandshake createSession
INFO: Detected dialect: OSS
]]></system-err>
  </testcase>
  <testcase name="Enroll" classname="Tests.FranchisePartner" time="77.716">
    <failure message="no such element: Unable to locate element: {&quot;method&quot;:&quot;xpath&quot;,&quot;selector&quot;:&quot;(//li[contains(@class, &apos;businesspack&apos;)]//p//span)[1]&quot;}&#10;  (Session info: chrome=87.0.4280.88)&#10;  (Driver info: chromedriver=2.36.540470 (e522d04694c7ebea4ba8821272dbef4f9b818c91),platform=Windows NT 6.3.9600 x86_64) (WARNING: The server did not provide any stacktrace information)&#10;Command duration or timeout: 0 milliseconds&#10;For documentation on this error, please visit: http://seleniumhq.org/exceptions/no_such_element.html&#10;Build info: version: &apos;3.8.1&apos;, revision: &apos;6e95a6684b&apos;, time: &apos;2017-12-01T18:33:54.468Z&apos;&#10;System info: host: &apos;QASERVER01&apos;, ip: &apos;10.2.0.23&apos;, os.name: &apos;Windows Server 2012 R2&apos;, os.arch: &apos;amd64&apos;, os.version: &apos;6.3&apos;, java.version: &apos;1.8.0_111&apos;&#10;Driver info: org.openqa.selenium.chrome.ChromeDriver&#10;Capabilities {acceptInsecureCerts: false, acceptSslCerts: false, applicationCacheEnabled: false, browserConnectionEnabled: false, browserName: chrome, chrome: {chromedriverVersion: 2.36.540470 (e522d04694c7eb..., userDataDir: C:\Users\sumancb\AppData\Lo...}, cssSelectorsEnabled: true, databaseEnabled: false, handlesAlerts: true, hasTouchScreen: false, javascriptEnabled: true, locationContextEnabled: true, mobileEmulationEnabled: false, nativeEvents: true, networkConnectionEnabled: false, pageLoadStrategy: normal, platform: XP, platformName: XP, rotatable: false, setWindowRect: true, takesHeapSnapshot: true, takesScreenshot: true, unexpectedAlertBehaviour: , unhandledPromptBehavior: , version: 87.0.4280.88, webStorageEnabled: true}&#10;Session ID: d7430637972fab1e16b24f7e3e8cf8ea&#10;*** Element info: {Using=xpath, value=(//li[contains(@class, &apos;businesspack&apos;)]//p//span)[1]}" type="org.openqa.selenium.NoSuchElementException">org.openqa.selenium.NoSuchElementException: 
no such element: Unable to locate element: {"method":"xpath","selector":"(//li[contains(@class, 'businesspack')]//p//span)[1]"}
  (Session info: chrome=87.0.4280.88)
  (Driver info: chromedriver=2.36.540470 (e522d04694c7ebea4ba8821272dbef4f9b818c91),platform=Windows NT 6.3.9600 x86_64) (WARNING: The server did not provide any stacktrace information)
Command duration or timeout: 0 milliseconds
For documentation on this error, please visit: http://seleniumhq.org/exceptions/no_such_element.html
Build info: version: '3.8.1', revision: '6e95a6684b', time: '2017-12-01T18:33:54.468Z'
System info: host: 'QASERVER01', ip: '10.2.0.23', os.name: 'Windows Server 2012 R2', os.arch: 'amd64', os.version: '6.3', java.version: '1.8.0_111'
Driver info: org.openqa.selenium.chrome.ChromeDriver
Capabilities {acceptInsecureCerts: false, acceptSslCerts: false, applicationCacheEnabled: false, browserConnectionEnabled: false, browserName: chrome, chrome: {chromedriverVersion: 2.36.540470 (e522d04694c7eb..., userDataDir: C:\Users\sumancb\AppData\Lo...}, cssSelectorsEnabled: true, databaseEnabled: false, handlesAlerts: true, hasTouchScreen: false, javascriptEnabled: true, locationContextEnabled: true, mobileEmulationEnabled: false, nativeEvents: true, networkConnectionEnabled: false, pageLoadStrategy: normal, platform: XP, platformName: XP, rotatable: false, setWindowRect: true, takesHeapSnapshot: true, takesScreenshot: true, unexpectedAlertBehaviour: , unhandledPromptBehavior: , version: 87.0.4280.88, webStorageEnabled: true}
Session ID: d7430637972fab1e16b24f7e3e8cf8ea
*** Element info: {Using=xpath, value=(//li[contains(@class, 'businesspack')]//p//span)[1]}
	at Tests.FranchisePartner.Enroll(FranchisePartner.java:257)
</failure>
    <system-out><![CDATA[Request URL: https://hydraqa.unicity.net/v5a-test/quotes?&expand=item
Entry Quotes response : {"items":[{"lines":{"items":[{"item":{"href":"https://hydraqa.unicity.net/v5a-test/items/332daeac6796ed016ea8b7d0bc42c2d4","id":{"unicity":"24274"},"weightEach":{"value":0},"servingsPerContainer":0,"servingSize":0},"quantity":1,"terms":{"priceEach":800,"taxEach":{"amount":1.57},"discountEach":{"amount":0},"pvEach":0},"quantityLimit":{"quantityQuota":-1,"timeFrameDays":-1,"quantityOrdered":0}}]},"currency":"EUR"}]}
Entry request : {"order":{"customer":{"href":"https://hydraqa.unicity.net/v5a-test/customers?type=Associate"},"shipToAddress":{"country":"IE"}},"vary":{"lines":{"items":[{"item":{"href":"https://hydraqa.unicity.net/v5a-test/items?id.unicity=27156|31763|31951|31952|32128|32129|32130|32132|32133|32134|32135|32136|32137|32138|32125|32699|33092|33094|33093|18511|26422|27158|27160|27166|27617|27660|27585|27587|28601|28604|27395|15880|26560|29017|26567|26568|24758|29838|17174|29183|30280|29187|29191|31772|31777|31780|31781|31782|31779|31932|31778|32556|29317|30198|33097|33095|33098|33096|24274|24418|27150|27163|27575|29821|32012|30684|31402|31672|31534|29449|32126|32127|32087|32333|32756|32968|32965|32966|32330|32693|27739"}}]}}}
]]></system-out>
    <system-err><![CDATA[Starting ChromeDriver 2.36.540470 (e522d04694c7ebea4ba8821272dbef4f9b818c91) on port 2588
Only local connections are allowed.
Dec 10, 2020 11:03:00 AM org.openqa.selenium.remote.ProtocolHandshake createSession
INFO: Detected dialect: OSS
]]></system-err>
  </testcase>
  <testcase name="Enroll" classname="Tests.FranchisePartner" time="225.641">
    <failure message="Critical Back end error" type="java.lang.AssertionError">java.lang.AssertionError: Critical Back end error
	at Tests.FranchisePartner.Enroll(FranchisePartner.java:260)
</failure>
    <system-out><![CDATA[Request URL: https://hydraqa.unicity.net/v5a-test/quotes?&expand=item
Entry Quotes response : {"items":[{"lines":{"items":[{"item":{"href":"https://hydraqa.unicity.net/v5a-test/items/051e765a5a71835a859c2757edd359f0","id":{"unicity":"26580"}},"quantity":1,"terms":{"priceEach":195,"taxEach":{"amount":0},"discountEach":{"amount":0},"pvEach":130},"quantityLimit":{"quantityQuota":-1,"timeFrameDays":-1,"quantityOrdered":0}}]},"currency":"USD"},{"lines":{"items":[{"item":{"href":"https://hydraqa.unicity.net/v5a-test/items/3ddd31ddbe0e5807756d2488e7cc3602","id":{"unicity":"31440"}},"quantity":1,"terms":{"priceEach":40,"taxEach":{"amount":0},"discountEach":{"amount":0},"pvEach":0},"quantityLimit":{"quantityQuota":-1,"timeFrameDays":-1,"quantityOrdered":0}}]},"currency":"USD"},{"lines":{"items":[{"item":{"href":"https://hydraqa.unicity.net/v5a-test/items/90d5ee3af77bdc64ecf28a45b604bf3d","id":{"unicity":"31441"}},"quantity":1,"terms":{"priceEach":40,"taxEach":{"amount":0},"discountEach":{"amount":0},"pvEach":0},"quantityLimit":{"quantityQuota":-1,"timeFrameDays":-1,"quantityOrdered":0}}]},"currency":"USD"},{"lines":{"items":[{"item":{"href":"https://hydraqa.unicity.net/v5a-test/items/38da42f991a40a00153b2e5055b82dbf","id":{"unicity":"27801"}},"quantity":1,"terms":{"priceEach":195,"taxEach":{"amount":0},"discountEach":{"amount":0},"pvEach":130},"quantityLimit":{"quantityQuota":-1,"timeFrameDays":-1,"quantityOrdered":0}}]},"currency":"USD"},{"lines":{"items":[{"item":{"href":"https://hydraqa.unicity.net/v5a-test/items/cf8460040a1860bcabf250b6c1171675","id":{"unicity":"31858"}},"quantity":1,"terms":{"priceEach":269,"taxEach":{"amount":0},"discountEach":{"amount":0},"pvEach":195},"quantityLimit":{"quantityQuota":-1,"timeFrameDays":-1,"quantityOrdered":0}}]},"currency":"USD"},{"lines":{"items":[{"item":{"href":"https://hydraqa.unicity.net/v5a-test/items/2de8516a24af8232add0bb392e750a71","id":{"unicity":"31859"}},"quantity":1,"terms":{"priceEach":179,"taxEach":{"amount":0},"discountEach":{"amount":0},"pvEach":130},"quantityLimit":{"quantityQuota":-1,"timeFrameDays":-1,"quantityOrdered":0}}]},"currency":"USD"},{"lines":{"items":[{"item":{"href":"https://hydraqa.unicity.net/v5a-test/items/fd464cd7972cc1317e850b9196d886b8","id":{"unicity":"31863"}},"quantity":1,"terms":{"priceEach":210,"taxEach":{"amount":0},"discountEach":{"amount":0},"pvEach":148},"quantityLimit":{"quantityQuota":-1,"timeFrameDays":-1,"quantityOrdered":0}}]},"currency":"USD"},{"lines":{"items":[{"item":{"href":"https://hydraqa.unicity.net/v5a-test/items/4ab49eca1731e69206ccafb5112ad5a4","id":{"unicity":"31861"}},"quantity":1,"terms":{"priceEach":196,"taxEach":{"amount":0},"discountEach":{"amount":0},"pvEach":135},"quantityLimit":{"quantityQuota":-1,"timeFrameDays":-1,"quantityOrdered":0}}]},"currency":"USD"},{"lines":{"items":[{"item":{"href":"https://hydraqa.unicity.net/v5a-test/items/50747027a065cb8361c1f0d6eb880466","id":{"unicity":"32030"}},"quantity":1,"terms":{"priceEach":143,"taxEach":{"amount":0},"discountEach":{"amount":0},"pvEach":102},"quantityLimit":{"quantityQuota":-1,"timeFrameDays":-1,"quantityOrdered":0}}]},"currency":"USD"},{"lines":{"items":[{"item":{"href":"https://hydraqa.unicity.net/v5a-test/items/00c2eb70c985722ce208490aece00945","id":{"unicity":"31729"}},"quantity":1,"terms":{"priceEach":143,"taxEach":{"amount":0},"discountEach":{"amount":0},"pvEach":100},"quantityLimit":{"quantityQuota":-1,"timeFrameDays":-1,"quantityOrdered":0}}]},"currency":"USD"},{"lines":{"items":[{"item":{"href":"https://hydraqa.unicity.net/v5a-test/items/693a7c4a70b06a00471afe8d6cae5023","id":{"unicity":"31730"}},"quantity":1,"terms":{"priceEach":120,"taxEach":{"amount":0},"discountEach":{"amount":0},"pvEach":80},"quantityLimit":{"quantityQuota":-1,"timeFrameDays":-1,"quantityOrdered":0}}]},"currency":"USD"},{"lines":{"items":[{"item":{"href":"https://hydraqa.unicity.net/v5a-test/items/ccb242d74dcb1fe621cc7bfe1b1de315","id":{"unicity":"31731"}},"quantity":1,"terms":{"priceEach":89,"taxEach":{"amount":0},"discountEach":{"amount":0},"pvEach":60},"quantityLimit":{"quantityQuota":-1,"timeFrameDays":-1,"quantityOrdered":0}}]},"currency":"USD"},{"lines":{"items":[{"item":{"href":"https://hydraqa.unicity.net/v5a-test/items/9ff4257741d464b686d15be955b8afb6","id":{"unicity":"0963"}},"quantity":1,"terms":{"priceEach":42,"taxEach":{"amount":0},"discountEach":{"amount":0},"pvEach":25},"quantityLimit":{"quantityQuota":-1,"timeFrameDays":-1,"quantityOrdered":0}}]},"currency":"USD"},{"lines":{"items":[{"item":{"href":"https://hydraqa.unicity.net/v5a-test/items/716b7a0bca7fa73e42e000d668e7ee65","id":{"unicity":"15129"}},"quantity":1,"terms":{"priceEach":22,"taxEach":{"amount":0},"discountEach":{"amount":0},"pvEach":10},"quantityLimit":{"quantityQuota":-1,"timeFrameDays":-1,"quantityOrdered":0}}]},"currency":"USD"},{"lines":{"items":[{"item":{"href":"https://hydraqa.unicity.net/v5a-test/items/390a7ae70d5669561ecdf7d5cff2671b","id":{"unicity":"15271"}},"quantity":1,"terms":{"priceEach":69,"taxEach":{"amount":0},"discountEach":{"amount":0},"pvEach":27},"quantityLimit":{"quantityQuota":-1,"timeFrameDays":-1,"quantityOrdered":0}}]},"currency":"USD"},{"lines":{"items":[{"item":{"href":"https://hydraqa.unicity.net/v5a-test/items/4b2034f47fce90b87bba28c5c2d7c25d","id":{"unicity":"15880"}},"quantity":1,"terms":{"priceEach":59,"taxEach":{"amount":0},"discountEach":{"amount":0},"pvEach":41},"quantityLimit":{"quantityQuota":-1,"timeFrameDays":-1,"quantityOrdered":0}}]},"currency":"USD"},{"lines":{"items":[{"item":{"href":"https://hydraqa.unicity.net/v5a-test/items/2c4c1abe00983e85aaa918d2ce341491","id":{"unicity":"17174"}},"quantity":1,"terms":{"priceEach":17,"taxEach":{"amount":0},"discountEach":{"amount":0},"pvEach":10},"quantityLimit":{"quantityQuota":-1,"timeFrameDays":-1,"quantityOrdered":0}}]},"currency":"USD"},{"lines":{"items":[{"item":{"href":"https://hydraqa.unicity.net/v5a-test/items/cea826eab72d44641c070aab6c97c1ac","id":{"unicity":"22747"}},"quantity":1,"terms":{"priceEach":27,"taxEach":{"amount":0},"discountEach":{"amount":0},"pvEach":16},"quantityLimit":{"quantityQuota":-1,"timeFrameDays":-1,"quantityOrdered":0}}]},"currency":"USD"},{"lines":{"items":[{"item":{"href":"https://hydraqa.unicity.net/v5a-test/items/5c2f1613082782e691d32fe9ce034026","id":{"unicity":"23728"}},"quantity":1,"terms":{"priceEach":26,"taxEach":{"amount":0},"discountEach":{"amount":0},"pvEach":13},"quantityLimit":{"quantityQuota":-1,"timeFrameDays":-1,"quantityOrdered":0}}]},"currency":"USD"},{"lines":{"items":[{"item":{"href":"https://hydraqa.unicity.net/v5a-test/items/64ec7ad932acafab052a4e8800ad1238","id":{"unicity":"24758"}},"quantity":1,"terms":{"priceEach":31,"taxEach":{"amount":0},"discountEach":{"amount":0},"pvEach":21},"quantityLimit":{"quantityQuota":-1,"timeFrameDays":-1,"quantityOrdered":0}}]},"currency":"USD"},{"lines":{"items":[{"item":{"href":"https://hydraqa.unicity.net/v5a-test/items/9a7715e888c94989d898fe4653645721","id":{"unicity":"26550"}},"quantity":1,"terms":{"priceEach":80,"taxEach":{"amount":0},"discountEach":{"amount":0},"pvEach":52},"quantityLimit":{"quantityQuota":-1,"timeFrameDays":-1,"quantityOrdered":0}}]},"currency":"USD"},{"lines":{"items":[{"item":{"href":"https://hydraqa.unicity.net/v5a-test/items/3af97c67f653253825a9189a27da57d6","id":{"unicity":"26556"}},"quantity":1,"terms":{"priceEach":79,"taxEach":{"amount":0},"discountEach":{"amount":0},"pvEach":61},"quantityLimit":{"quantityQuota":-1,"timeFrameDays":-1,"quantityOrdered":0}}]},"currency":"USD"},{"lines":{"items":[{"item":{"href":"https://hydraqa.unicity.net/v5a-test/items/0cf62d38e91953b43dcfe88b06f813cb","id":{"unicity":"26557"}},"quantity":1,"terms":{"priceEach":79,"taxEach":{"amount":0},"discountEach":{"amount":0},"pvEach":61},"quantityLimit":{"quantityQuota":-1,"timeFrameDays":-1,"quantityOrdered":0}}]},"currency":"USD"},{"lines":{"items":[{"item":{"href":"https://hydraqa.unicity.net/v5a-test/items/398d06b858b960f6f38086d40608aef2","id":{"unicity":"26560"}},"quantity":1,"terms":{"priceEach":16,"taxEach":{"amount":0},"discountEach":{"amount":0},"pvEach":12},"quantityLimit":{"quantityQuota":-1,"timeFrameDays":-1,"quantityOrdered":0}}]},"currency":"USD"},{"lines":{"items":[{"item":{"href":"https://hydraqa.unicity.net/v5a-test/items/cda534d686af5d627c94c4bb2c4b57d8","id":{"unicity":"26561"}},"quantity":1,"terms":{"priceEach":16,"taxEach":{"amount":0},"discountEach":{"amount":0},"pvEach":11},"quantityLimit":{"quantityQuota":-1,"timeFrameDays":-1,"quantityOrdered":0}}]},"currency":"USD"},{"lines":{"items":[{"item":{"href":"https://hydraqa.unicity.net/v5a-test/items/0a3ede185ddf034630afd891c5106d33","id":{"unicity":"26562"}},"quantity":1,"terms":{"priceEach":33,"taxEach":{"amount":0},"discountEach":{"amount":0},"pvEach":25},"quantityLimit":{"quantityQuota":-1,"timeFrameDays":-1,"quantityOrdered":0}}]},"currency":"USD"},{"lines":{"items":[{"item":{"href":"https://hydraqa.unicity.net/v5a-test/items/16ca68abaaa92505c257be022a154769","id":{"unicity":"27615"}},"quantity":1,"terms":{"priceEach":29,"taxEach":{"amount":0},"discountEach":{"amount":0},"pvEach":21},"quantityLimit":{"quantityQuota":-1,"timeFrameDays":-1,"quantityOrdered":0}}]},"currency":"USD"},{"lines":{"items":[{"item":{"href":"https://hydraqa.unicity.net/v5a-test/items/1bd53de7fe880ba71f46c9976ca2c137","id":{"unicity":"27739"}},"quantity":1,"terms":{"priceEach":33,"taxEach":{"amount":0},"discountEach":{"amount":0},"pvEach":13},"quantityLimit":{"quantityQuota":-1,"timeFrameDays":-1,"quantityOrdered":0}}]},"currency":"USD"},{"lines":{"items":[{"item":{"href":"https://hydraqa.unicity.net/v5a-test/items/1945faa1776541d53120ecfe3c1d8a2b","id":{"unicity":"24418"}},"quantity":1,"terms":{"priceEach":5,"taxEach":{"amount":0},"discountEach":{"amount":0},"pvEach":0},"quantityLimit":{"quantityQuota":-1,"timeFrameDays":-1,"quantityOrdered":0}}]},"currency":"USD"},{"lines":{"items":[{"item":{"href":"https://hydraqa.unicity.net/v5a-test/items/9a6e1d094182389c3da8e0a320ff0e00","id":{"unicity":"27585"}},"quantity":1,"terms":{"priceEach":56,"taxEach":{"amount":0},"discountEach":{"amount":0},"pvEach":33},"quantityLimit":{"quantityQuota":-1,"timeFrameDays":-1,"quantityOrdered":0}}]},"currency":"USD"},{"lines":{"items":[{"item":{"href":"https://hydraqa.unicity.net/v5a-test/items/b127a2d34d3d73e2f53e4c2002a7a4a2","id":{"unicity":"25008"}},"quantity":1,"terms":{"priceEach":19,"taxEach":{"amount":0},"discountEach":{"amount":0},"pvEach":15},"quantityLimit":{"quantityQuota":-1,"timeFrameDays":-1,"quantityOrdered":0}}]},"currency":"USD"},{"lines":{"items":[{"item":{"href":"https://hydraqa.unicity.net/v5a-test/items/10da226fab00279b4f89df10af2a10b7","id":{"unicity":"26442"}},"quantity":1,"terms":{"priceEach":6,"taxEach":{"amount":0},"discountEach":{"amount":0},"pvEach":0},"quantityLimit":{"quantityQuota":-1,"timeFrameDays":-1,"quantityOrdered":0}}]},"currency":"USD"},{"lines":{"items":[{"item":{"href":"https://hydraqa.unicity.net/v5a-test/items/933f0856fd8ec1df83c5283dabf4ec3c","id":{"unicity":"6200"}},"quantity":1,"terms":{"priceEach":68,"taxEach":{"amount":0},"discountEach":{"amount":0},"pvEach":47},"quantityLimit":{"quantityQuota":-1,"timeFrameDays":-1,"quantityOrdered":0}}]},"currency":"USD"},{"lines":{"items":[{"item":{"href":"https://hydraqa.unicity.net/v5a-test/items/8d994059c399f5551ab112574e4476fc","id":{"unicity":"24785"}},"quantity":1,"terms":{"priceEach":14,"taxEach":{"amount":0},"discountEach":{"amount":0},"pvEach":9},"quantityLimit":{"quantityQuota":-1,"timeFrameDays":-1,"quantityOrdered":0}}]},"currency":"USD"},{"lines":{"items":[{"item":{"href":"https://hydraqa.unicity.net/v5a-test/items/aa0d72ac13b1ce88cf8c4a52ede75a37","id":{"unicity":"26552"}},"quantity":1,"terms":{"priceEach":70,"taxEach":{"amount":0},"discountEach":{"amount":0},"pvEach":50},"quantityLimit":{"quantityQuota":-1,"timeFrameDays":-1,"quantityOrdered":0}}]},"currency":"USD"},{"lines":{"items":[{"item":{"href":"https://hydraqa.unicity.net/v5a-test/items/8b5ed9aa6c6132e1be5e446f69a3465e","id":{"unicity":"0954"}},"quantity":1,"terms":{"priceEach":21,"taxEach":{"amount":0},"discountEach":{"amount":0},"pvEach":15},"quantityLimit":{"quantityQuota":-1,"timeFrameDays":-1,"quantityOrdered":0}}]},"currency":"USD"},{"lines":{"items":[{"item":{"href":"https://hydraqa.unicity.net/v5a-test/items/b2fc4b9ba4aa5cae54389161be2f841f","id":{"unicity":"18401"}},"quantity":1,"terms":{"priceEach":31,"taxEach":{"amount":0},"discountEach":{"amount":0},"pvEach":19},"quantityLimit":{"quantityQuota":-1,"timeFrameDays":-1,"quantityOrdered":0}}]},"currency":"USD"},{"lines":{"items":[{"item":{"href":"https://hydraqa.unicity.net/v5a-test/items/48433ffc76597c823adc2b8627e033e4","id":{"unicity":"26559"}},"quantity":1,"terms":{"priceEach":30,"taxEach":{"amount":0},"discountEach":{"amount":0},"pvEach":20},"quantityLimit":{"quantityQuota":-1,"timeFrameDays":-1,"quantityOrdered":0}}]},"currency":"USD"},{"lines":{"items":[{"item":{"href":"https://hydraqa.unicity.net/v5a-test/items/5a38f009bec6c23b1b3a70432f9722e5","id":{"unicity":"19596"}},"quantity":1,"terms":{"priceEach":49,"taxEach":{"amount":0},"discountEach":{"amount":0},"pvEach":30},"quantityLimit":{"quantityQuota":-1,"timeFrameDays":-1,"quantityOrdered":0}}]},"currency":"USD"},{"lines":{"items":[{"item":{"href":"https://hydraqa.unicity.net/v5a-test/items/9ce45d695c87f93b29794041362b5192","id":{"unicity":"26945"}},"quantity":1,"terms":{"priceEach":35,"taxEach":{"amount":0},"discountEach":{"amount":0},"pvEach":0},"quantityLimit":{"quantityQuota":-1,"timeFrameDays":-1,"quantityOrdered":0}}]},"currency":"USD"},{"lines":{"items":[{"item":{"href":"https://hydraqa.unicity.net/v5a-test/items/ddef5f478ff91aa2263b646a3bd03dea","id":{"unicity":"21420"}},"quantity":1,"terms":{"priceEach":24,"taxEach":{"amount":0},"discountEach":{"amount":0},"pvEach":10},"quantityLimit":{"quantityQuota":-1,"timeFrameDays":-1,"quantityOrdered":0}}]},"currency":"USD"},{"lines":{"items":[{"item":{"href":"https://hydraqa.unicity.net/v5a-test/items/55d3b550a17b78175cc5ac565e4266e8","id":{"unicity":"24621"}},"quantity":1,"terms":{"priceEach":20,"taxEach":{"amount":0},"discountEach":{"amount":0},"pvEach":12},"quantityLimit":{"quantityQuota":-1,"timeFrameDays":-1,"quantityOrdered":0}}]},"currency":"USD"},{"lines":{"items":[{"item":{"href":"https://hydraqa.unicity.net/v5a-test/items/9d9d002b0e21b9bd58ad0154a4f781c5","id":{"unicity":"28836"}},"quantity":1,"terms":{"priceEach":58,"taxEach":{"amount":0},"discountEach":{"amount":0},"pvEach":36},"quantityLimit":{"quantityQuota":-1,"timeFrameDays":-1,"quantityOrdered":0}}]},"currency":"USD"},{"lines":{"items":[{"item":{"href":"https://hydraqa.unicity.net/v5a-test/items/399be8efa903b362515c48315ab2afb9","id":{"unicity":"15712"}},"quantity":1,"terms":{"priceEach":24,"taxEach":{"amount":0},"discountEach":{"amount":0},"pvEach":11},"quantityLimit":{"quantityQuota":-1,"timeFrameDays":-1,"quantityOrdered":0}}]},"currency":"USD"},{"lines":{"items":[{"item":{"href":"https://hydraqa.unicity.net/v5a-test/items/d489ec0d50f6e28d5743afc65439631b","id":{"unicity":"0960"}},"quantity":1,"terms":{"priceEach":37,"taxEach":{"amount":0},"discountEach":{"amount":0},"pvEach":23},"quantityLimit":{"quantityQuota":-1,"timeFrameDays":-1,"quantityOrdered":0}}]},"currency":"USD"},{"lines":{"items":[{"item":{"href":"https://hydraqa.unicity.net/v5a-test/items/66839181d7531692a8d886a9da6fb4d6","id":{"unicity":"25369"}},"quantity":1,"terms":{"priceEach":48,"taxEach":{"amount":0},"discountEach":{"amount":0},"pvEach":25},"quantityLimit":{"quantityQuota":-1,"timeFrameDays":-1,"quantityOrdered":0}}]},"currency":"USD"},{"lines":{"items":[{"item":{"href":"https://hydraqa.unicity.net/v5a-test/items/8ed7a8910d5c5335774fa9cfae0e511d","id":{"unicity":"18386"}},"quantity":1,"terms":{"priceEach":27,"taxEach":{"amount":0},"discountEach":{"amount":0},"pvEach":21},"quantityLimit":{"quantityQuota":-1,"timeFrameDays":-1,"quantityOrdered":0}}]},"currency":"USD"},{"lines":{"items":[{"item":{"href":"https://hydraqa.unicity.net/v5a-test/items/3f2d12d7a0e8551fc99fad3bbe1ba633","id":{"unicity":"26567"}},"quantity":1,"terms":{"priceEach":56,"taxEach":{"amount":0},"discountEach":{"amount":0},"pvEach":35},"quantityLimit":{"quantityQuota":-1,"timeFrameDays":-1,"quantityOrdered":0}}]},"currency":"USD"},{"lines":{"items":[{"item":{"href":"https://hydraqa.unicity.net/v5a-test/items/191637167cb3144bd2e8c4615e9ab67e","id":{"unicity":"26568"}},"quantity":1,"terms":{"priceEach":56,"taxEach":{"amount":0},"discountEach":{"amount":0},"pvEach":35},"quantityLimit":{"quantityQuota":-1,"timeFrameDays":-1,"quantityOrdered":0}}]},"currency":"USD"},{"lines":{"items":[{"item":{"href":"https://hydraqa.unicity.net/v5a-test/items/2cefc6a61faaae3455a5adcb0d8fc74f","id":{"unicity":"15907"}},"quantity":1,"terms":{"priceEach":15,"taxEach":{"amount":0},"discountEach":{"amount":0},"pvEach":5},"quantityLimit":{"quantityQuota":-1,"timeFrameDays":-1,"quantityOrdered":0}}]},"currency":"USD"},{"lines":{"items":[{"item":{"href":"https://hydraqa.unicity.net/v5a-test/items/e870d73cd94149d9f6b55de9736c9daa","id":{"unicity":"3107"}},"quantity":1,"terms":{"priceEach":24,"taxEach":{"amount":0},"discountEach":{"amount":0},"pvEach":16},"quantityLimit":{"quantityQuota":-1,"timeFrameDays":-1,"quantityOrdered":0}}]},"currency":"USD"},{"lines":{"items":[{"item":{"href":"https://hydraqa.unicity.net/v5a-test/items/fa2407c91e64e66a72ab45172eb978df","id":{"unicity":"0988"}},"quantity":1,"terms":{"priceEach":36,"taxEach":{"amount":0},"discountEach":{"amount":0},"pvEach":23},"quantityLimit":{"quantityQuota":-1,"timeFrameDays":-1,"quantityOrdered":0}}]},"currency":"USD"},{"lines":{"items":[{"item":{"href":"https://hydraqa.unicity.net/v5a-test/items/40a1044968ea62276f4ba87fd2ef0d8f","id":{"unicity":"12230"}},"quantity":1,"terms":{"priceEach":45,"taxEach":{"amount":0},"discountEach":{"amount":0},"pvEach":18},"quantityLimit":{"quantityQuota":-1,"timeFrameDays":-1,"quantityOrdered":0}}]},"currency":"USD"},{"lines":{"items":[{"item":{"href":"https://hydraqa.unicity.net/v5a-test/items/112b8c39286598b3730f630f371a45f4","id":{"unicity":"27587"}},"quantity":1,"terms":{"priceEach":58,"taxEach":{"amount":0},"discountEach":{"amount":0},"pvEach":33},"quantityLimit":{"quantityQuota":-1,"timeFrameDays":-1,"quantityOrdered":0}}]},"currency":"USD"},{"lines":{"items":[{"item":{"href":"https://hydraqa.unicity.net/v5a-test/items/e218d1cac5f31e7ae4f5876c29c57377","id":{"unicity":"29017"}},"quantity":1,"terms":{"priceEach":38,"taxEach":{"amount":0},"discountEach":{"amount":0},"pvEach":26},"quantityLimit":{"quantityQuota":-1,"timeFrameDays":-1,"quantityOrdered":0}}]},"currency":"USD"},{"lines":{"items":[{"item":{"href":"https://hydraqa.unicity.net/v5a-test/items/25eaf64b36ce31368f17ae789fd9ac5b","id":{"unicity":"29694"}},"quantity":1,"terms":{"priceEach":56,"taxEach":{"amount":0},"discountEach":{"amount":0},"pvEach":33},"quantityLimit":{"quantityQuota":-1,"timeFrameDays":-1,"quantityOrdered":0}}]},"currency":"USD"},{"lines":{"items":[{"item":{"href":"https://hydraqa.unicity.net/v5a-test/items/634f7efb30392b2a919de1355902d975","id":{"unicity":"29408"}},"quantity":1,"terms":{"priceEach":80,"taxEach":{"amount":0},"discountEach":{"amount":0},"pvEach":52},"quantityLimit":{"quantityQuota":-1,"timeFrameDays":-1,"quantityOrdered":0}}]},"currency":"USD"},{"lines":{"items":[{"item":{"href":"https://hydraqa.unicity.net/v5a-test/items/bb5c627f16547cb4f706cef521bca356","id":{"unicity":"29437"}},"quantity":1,"terms":{"priceEach":62,"taxEach":{"amount":0},"discountEach":{"amount":0},"pvEach":36},"quantityLimit":{"quantityQuota":-1,"timeFrameDays":-1,"quantityOrdered":0}}]},"currency":"USD"},{"lines":{"items":[{"item":{"href":"https://hydraqa.unicity.net/v5a-test/items/991cdbb84a495779eb209fb3956a77e4","id":{"unicity":"29183"}},"quantity":1,"terms":{"priceEach":42,"taxEach":{"amount":0},"discountEach":{"amount":0},"pvEach":24},"quantityLimit":{"quantityQuota":-1,"timeFrameDays":-1,"quantityOrdered":0}}]},"currency":"USD"},{"lines":{"items":[{"item":{"href":"https://hydraqa.unicity.net/v5a-test/items/1b0412bea8c0b841c66f65a36aa14108","id":{"unicity":"29191"}},"quantity":1,"terms":{"priceEach":64,"taxEach":{"amount":0},"discountEach":{"amount":0},"pvEach":36},"quantityLimit":{"quantityQuota":-1,"timeFrameDays":-1,"quantityOrdered":0}}]},"currency":"USD"},{"lines":{"items":[{"item":{"href":"https://hydraqa.unicity.net/v5a-test/items/362999101a321b721c87110710ae77b0","id":{"unicity":"29352"}},"quantity":1,"terms":{"priceEach":119,"taxEach":{"amount":0},"discountEach":{"amount":0},"pvEach":80},"quantityLimit":{"quantityQuota":-1,"timeFrameDays":-1,"quantityOrdered":0}}]},"currency":"USD"},{"lines":{"items":[{"item":{"href":"https://hydraqa.unicity.net/v5a-test/items/24ff5bda40c0d0e7eaa511866d052915","id":{"unicity":"29612"}},"quantity":1,"terms":{"priceEach":49,"taxEach":{"amount":0},"discountEach":{"amount":0},"pvEach":30},"quantityLimit":{"quantityQuota":-1,"timeFrameDays":-1,"quantityOrdered":0}}]},"currency":"USD"},{"lines":{"items":[{"item":{"href":"https://hydraqa.unicity.net/v5a-test/items/e0a19d3d676bccfdba0ab3d9f2766359","id":{"unicity":"30350"}},"quantity":1,"terms":{"priceEach":50,"taxEach":{"amount":0},"discountEach":{"amount":0},"pvEach":30},"quantityLimit":{"quantityQuota":-1,"timeFrameDays":-1,"quantityOrdered":0}}]},"currency":"USD"},{"lines":{"items":[{"item":{"href":"https://hydraqa.unicity.net/v5a-test/items/024e696f8b44a1d315006e676604cd31","id":{"unicity":"27395"}},"quantity":1,"terms":{"priceEach":25,"taxEach":{"amount":0},"discountEach":{"amount":0},"pvEach":16},"quantityLimit":{"quantityQuota":-1,"timeFrameDays":-1,"quantityOrdered":0}}]},"currency":"USD"},{"lines":{"items":[{"item":{"href":"https://hydraqa.unicity.net/v5a-test/items/05ca08f3808f126c0cc42154c50fc75c","id":{"unicity":"29440"}},"quantity":1,"terms":{"priceEach":120,"taxEach":{"amount":0},"discountEach":{"amount":0},"pvEach":90},"quantityLimit":{"quantityQuota":-1,"timeFrameDays":-1,"quantityOrdered":0}}]},"currency":"USD"},{"lines":{"items":[{"item":{"href":"https://hydraqa.unicity.net/v5a-test/items/764e2db430d361da99e8f6b70c4d0244","id":{"unicity":"29830"}},"quantity":1,"terms":{"priceEach":17,"taxEach":{"amount":0},"discountEach":{"amount":0},"pvEach":7},"quantityLimit":{"quantityQuota":-1,"timeFrameDays":-1,"quantityOrdered":0}}]},"currency":"USD"},{"lines":{"items":[{"item":{"href":"https://hydraqa.unicity.net/v5a-test/items/035189015384166df518a68ede0299a9","id":{"unicity":"30408"}},"quantity":1,"terms":{"priceEach":84,"taxEach":{"amount":0},"discountEach":{"amount":0},"pvEach":50},"quantityLimit":{"quantityQuota":-1,"timeFrameDays":-1,"quantityOrdered":0}}]},"currency":"USD"},{"lines":{"items":[{"item":{"href":"https://hydraqa.unicity.net/v5a-test/items/b91affa753dd5ee8a9acef4fa7e2c9a7","id":{"unicity":"30414"}},"quantity":1,"terms":{"priceEach":94,"taxEach":{"amount":0},"discountEach":{"amount":0},"pvEach":65},"quantityLimit":{"quantityQuota":-1,"timeFrameDays":-1,"quantityOrdered":0}}]},"currency":"USD"},{"lines":{"items":[{"item":{"href":"https://hydraqa.unicity.net/v5a-test/items/2835b1a78e379486f0ffbfd5fb9f6b0a","id":{"unicity":"30400"}},"quantity":1,"terms":{"priceEach":38,"taxEach":{"amount":0},"discountEach":{"amount":0},"pvEach":28},"quantityLimit":{"quantityQuota":-1,"timeFrameDays":-1,"quantityOrdered":0}}]},"currency":"USD"},{"lines":{"items":[{"item":{"href":"https://hydraqa.unicity.net/v5a-test/items/0e78fbdfebef11cd62f8d2120064ee58","id":{"unicity":"30280"}},"quantity":1,"terms":{"priceEach":42,"taxEach":{"amount":0},"discountEach":{"amount":0},"pvEach":24},"quantityLimit":{"quantityQuota":-1,"timeFrameDays":-1,"quantityOrdered":0}}]},"currency":"USD"},{"lines":{"items":[{"item":{"href":"https://hydraqa.unicity.net/v5a-test/items/d306a0b65f27f19b4968e5c05906a9f4","id":{"unicity":"31314"}},"quantity":1,"terms":{"priceEach":388,"taxEach":{"amount":0},"discountEach":{"amount":0},"pvEach":268},"quantityLimit":{"quantityQuota":-1,"timeFrameDays":-1,"quantityOrdered":0}}]},"currency":"USD"},{"lines":{"items":[{"item":{"href":"https://hydraqa.unicity.net/v5a-test/items/5bda067b70c43971650a6ef983f612e4","id":{"unicity":"31728"}},"quantity":1,"terms":{"priceEach":126,"taxEach":{"amount":0},"discountEach":{"amount":0},"pvEach":94},"quantityLimit":{"quantityQuota":-1,"timeFrameDays":-1,"quantityOrdered":0}}]},"currency":"USD"},{"lines":{"items":[{"item":{"href":"https://hydraqa.unicity.net/v5a-test/items/3875e24e6b6ebdf36c79d205614ed51e","id":{"unicity":"31846"}},"quantity":1,"terms":{"priceEach":126,"taxEach":{"amount":0},"discountEach":{"amount":0},"pvEach":94},"quantityLimit":{"quantityQuota":-1,"timeFrameDays":-1,"quantityOrdered":0}}]},"currency":"USD"},{"lines":{"items":[{"item":{"href":"https://hydraqa.unicity.net/v5a-test/items/89b6d29a85a88d44d65bc8cca3fefc65","id":{"unicity":"31845"}},"quantity":1,"terms":{"priceEach":143,"taxEach":{"amount":0},"discountEach":{"amount":0},"pvEach":100},"quantityLimit":{"quantityQuota":-1,"timeFrameDays":-1,"quantityOrdered":0}}]},"currency":"USD"},{"lines":{"items":[{"item":{"href":"https://hydraqa.unicity.net/v5a-test/items/fbb319232b7eed110794d46a68302acb","id":{"unicity":"31847"}},"quantity":1,"terms":{"priceEach":120,"taxEach":{"amount":0},"discountEach":{"amount":0},"pvEach":80},"quantityLimit":{"quantityQuota":-1,"timeFrameDays":-1,"quantityOrdered":0}}]},"currency":"USD"},{"lines":{"items":[{"item":{"href":"https://hydraqa.unicity.net/v5a-test/items/077823d29445b9020de9931f10c63efd","id":{"unicity":"31958"}},"quantity":1,"terms":{"priceEach":129,"taxEach":{"amount":0},"discountEach":{"amount":0},"pvEach":85},"quantityLimit":{"quantityQuota":-1,"timeFrameDays":-1,"quantityOrdered":0}}]},"currency":"USD"},{"lines":{"items":[{"item":{"href":"https://hydraqa.unicity.net/v5a-test/items/bfddb53fe0d5ed5432c531dc9850cbe4","id":{"unicity":"29449"}},"quantity":1,"terms":{"priceEach":37,"taxEach":{"amount":0},"discountEach":{"amount":0},"pvEach":25},"quantityLimit":{"quantityQuota":-1,"timeFrameDays":-1,"quantityOrdered":0}}]},"currency":"USD"},{"lines":{"items":[{"item":{"href":"https://hydraqa.unicity.net/v5a-test/items/7fc100f8d20814757efe2d79e41b315c","id":{"unicity":"32021"}},"quantity":1,"terms":{"priceEach":89,"taxEach":{"amount":0},"discountEach":{"amount":0},"pvEach":60},"quantityLimit":{"quantityQuota":-1,"timeFrameDays":-1,"quantityOrdered":0}}]},"currency":"USD"},{"lines":{"items":[{"item":{"href":"https://hydraqa.unicity.net/v5a-test/items/c201dcd36f4bb7e17e7a8481ef08d6f2","id":{"unicity":"31518"}},"quantity":1,"terms":{"priceEach":29,"taxEach":{"amount":0},"discountEach":{"amount":0},"pvEach":14},"quantityLimit":{"quantityQuota":-1,"timeFrameDays":-1,"quantityOrdered":0}}]},"currency":"USD"},{"lines":{"items":[{"item":{"href":"https://hydraqa.unicity.net/v5a-test/items/bed533c634e887357ff031d8e4c776b0","id":{"unicity":"31751"}},"quantity":1,"terms":{"priceEach":99,"taxEach":{"amount":0},"discountEach":{"amount":0},"pvEach":50},"quantityLimit":{"quantityQuota":-1,"timeFrameDays":-1,"quantityOrdered":0}}]},"currency":"USD"},{"lines":{"items":[{"item":{"href":"https://hydraqa.unicity.net/v5a-test/items/69461244686345ba75765978ef53c749","id":{"unicity":"32015"}},"quantity":1,"terms":{"priceEach":8,"taxEach":{"amount":0},"discountEach":{"amount":0},"pvEach":0},"quantityLimit":{"quantityQuota":-1,"timeFrameDays":-1,"quantityOrdered":0}}]},"currency":"USD"},{"lines":{"items":[{"item":{"href":"https://hydraqa.unicity.net/v5a-test/items/c674cdded8a54983aae3c5dcb32c9e38","id":{"unicity":"32628"}},"quantity":1,"terms":{"priceEach":80,"taxEach":{"amount":0},"discountEach":{"amount":0},"pvEach":50},"quantityLimit":{"quantityQuota":-1,"timeFrameDays":-1,"quantityOrdered":0}}]},"currency":"USD"},{"lines":{"items":[{"item":{"href":"https://hydraqa.unicity.net/v5a-test/items/69d8547e9e264505ce055e09920659fd","id":{"unicity":"33019"}},"quantity":1,"terms":{"priceEach":202,"taxEach":{"amount":0},"discountEach":{"amount":0},"pvEach":151},"quantityLimit":{"quantityQuota":-1,"timeFrameDays":-1,"quantityOrdered":0}}]},"currency":"USD"},{"lines":{"items":[{"item":{"href":"https://hydraqa.unicity.net/v5a-test/items/30b5c0f54df52286b3d87a6a1dfd314a","id":{"unicity":"33018"}},"quantity":1,"terms":{"priceEach":205,"taxEach":{"amount":0},"discountEach":{"amount":0},"pvEach":133},"quantityLimit":{"quantityQuota":-1,"timeFrameDays":-1,"quantityOrdered":0}}]},"currency":"USD"},{"lines":{"items":[{"item":{"href":"https://hydraqa.unicity.net/v5a-test/items/16a422e03f6e3a79ba7bcd7fd50e31c0","id":{"unicity":"33017"}},"quantity":1,"terms":{"priceEach":150,"taxEach":{"amount":0},"discountEach":{"amount":0},"pvEach":110},"quantityLimit":{"quantityQuota":-1,"timeFrameDays":-1,"quantityOrdered":0}}]},"currency":"USD"},{"lines":{"items":[{"item":{"href":"https://hydraqa.unicity.net/v5a-test/items/30f2eb8ab275ef57ae8082b3435a3d69","id":{"unicity":"33016"}},"quantity":1,"terms":{"priceEach":199,"taxEach":{"amount":0},"discountEach":{"amount":0},"pvEach":142},"quantityLimit":{"quantityQuota":-1,"timeFrameDays":-1,"quantityOrdered":0}}]},"currency":"USD"},{"lines":{"items":[{"item":{"href":"https://hydraqa.unicity.net/v5a-test/items/e30d5100db17be47578745dce83039e6","id":{"unicity":"32838"}},"quantity":1,"terms":{"priceEach":12.95,"taxEach":{"amount":0},"discountEach":{"amount":0},"pvEach":0},"quantityLimit":{"quantityQuota":-1,"timeFrameDays":-1,"quantityOrdered":0}}]},"currency":"USD"}]}
Entry request : {"order":{"customer":{"href":"https://hydraqa.unicity.net/v5a-test/customers?type=Associate"},"shipToAddress":{"country":"US"}},"vary":{"lines":{"items":[{"item":{"href":"https://hydraqa.unicity.net/v5a-test/items?id.unicity=26580|31440|31441|27801|31858|31859|31863|31861|32030|29684|31729|31730|31731|0963|15129|15271|15880|17174|22745|22747|23728|24758|25022|26550|26556|26557|26560|26561|26562|27615|27739|24418|27585|25008|26442|6200|15916|18908|24785|26552|27028|0954|18401|27029|26559|19596|26945|21420|24621|28836|15712|0960|25369|18386|26567|26568|15907|28513|3107|0988|12230|26950|26786|27587|29017|29694|29408|29437|29183|29191|29352|29612|30350|27395|29440|29830|30408|30414|30400|30280|31314|31728|31846|31845|31847|31958|29449|32021|31518|31751|32015|32628|33019|33018|33017|33016|32838|33476|26555"}}]}}}
Request URL: https://hydraqa.unicity.net/v5a-test/customers.js?_httpMethod=HEAD&callback=angular.callbacks._1&email=KNTZZY@gmail.com
Unicity [Date=Thu, 10 Dec 2020 18:07:36 GMT, Content-Type=text/javascript; charset=utf-8, Content-Length=385, Connection=keep-alive, Set-Cookie=__cfduid=d0a94828e147708dbb0e7fad16831e2251607623655; expires=Sat, 09-Jan-21 18:07:35 GMT; path=/; domain=.unicity.net; HttpOnly; SameSite=Lax, x-powered-by=Express, x-request-id=b5385b22-b2b8-92a5-8986-97944c51f6da,b5385b22-b2b8-92a5-8986-97944c51f6da, x-request-uuid=b5385b22-b2b8-92a5-8986-97944c51f6da, x-request-release=5-2020120801/master, access-control-allow-origin=http://enroll.ng.unicityqa.com, vary=Accept-Encoding, link=<http://unicity.github.io/Hydra.php/docs/v5/>; rel="help", cache-control=no-cache, must-revalidate, expires=0, content-language=en-US, x-status-code=400, content-encoding=gzip, x-envoy-upstream-service-time=874, etag=W/"181-HUyxjJ1tpIOIkgymUsHROyEFhTs", access-control-expose-headers=x-b3-traceid, x-request-id, x-b3-traceid=b624b9b7ec4abec4, CF-Cache-Status=DYNAMIC, cf-request-id=06ef6f568f0000ed13238bf000000001, Expect-CT=max-age=604800, report-uri="https://report-uri.cloudflare.com/cdn-cgi/beacon/expect-ct", Server=cloudflare, CF-RAY=5ff8e8041f0fed13-SJC]
Unicity [Date=Thu, 10 Dec 2020 18:07:36 GMT, Content-Type=text/javascript; charset=utf-8, Content-Length=382, Connection=keep-alive, Set-Cookie=__cfduid=ddaec49b49aa27877303ddb28f9b118041607623655; expires=Sat, 09-Jan-21 18:07:35 GMT; path=/; domain=.unicity.net; HttpOnly; SameSite=Lax, x-powered-by=Express, x-request-id=ed17ec5a-27cc-9523-831d-63ad54f85367,ed17ec5a-27cc-9523-831d-63ad54f85367, x-request-uuid=ed17ec5a-27cc-9523-831d-63ad54f85367, x-request-release=5-2020120801/master, access-control-allow-origin=http://enroll.ng.unicityqa.com, vary=Accept-Encoding, link=<http://unicity.github.io/Hydra.php/docs/v5/>; rel="help", cache-control=no-cache, must-revalidate, expires=0, content-language=en-US, x-status-code=400, content-encoding=gzip, x-envoy-upstream-service-time=717, etag=W/"17e-SzHNwMMNoh/l1k8nbwtWaUSxnYM", access-control-expose-headers=x-b3-traceid, x-request-id, x-b3-traceid=75f7bdeb21352601, CF-Cache-Status=DYNAMIC, cf-request-id=06ef6f573000003b271aaef000000001, Expect-CT=max-age=604800, report-uri="https://report-uri.cloudflare.com/cdn-cgi/beacon/expect-ct", Server=cloudflare, CF-RAY=5ff8e8051f853b27-SJC]
Unicity [Date=Thu, 10 Dec 2020 18:07:37 GMT, Content-Type=text/javascript; charset=utf-8, Content-Length=382, Connection=keep-alive, Set-Cookie=__cfduid=d9ac7753a6e784a38be89272cb7d6ab691607623656; expires=Sat, 09-Jan-21 18:07:36 GMT; path=/; domain=.unicity.net; HttpOnly; SameSite=Lax, x-powered-by=Express, x-request-id=19bc4ac7-c2af-9127-ad96-510979402195,19bc4ac7-c2af-9127-ad96-510979402195, x-request-uuid=19bc4ac7-c2af-9127-ad96-510979402195, x-request-release=5-2020120801/master, access-control-allow-origin=http://enroll.ng.unicityqa.com, vary=Accept-Encoding, link=<http://unicity.github.io/Hydra.php/docs/v5/>; rel="help", cache-control=no-cache, must-revalidate, expires=0, content-language=en-US, x-status-code=400, content-encoding=gzip, x-envoy-upstream-service-time=1002, etag=W/"17e-V4HIG/puTLMXKdto8m6BmMfwTf8", access-control-expose-headers=x-b3-traceid, x-request-id, x-b3-traceid=ac6b997f31c48983, CF-Cache-Status=DYNAMIC, cf-request-id=06ef6f5b550000ed1397bb9000000001, Expect-CT=max-age=604800, report-uri="https://report-uri.cloudflare.com/cdn-cgi/beacon/expect-ct", Server=cloudflare, CF-RAY=5ff8e80bbcdded13-SJC]
Unicity [Date=Thu, 10 Dec 2020 18:07:37 GMT, Content-Type=text/javascript; charset=utf-8, Content-Length=382, Connection=keep-alive, Set-Cookie=__cfduid=d16323f9ce6dd292d514c42a1ff210ed61607623656; expires=Sat, 09-Jan-21 18:07:36 GMT; path=/; domain=.unicity.net; HttpOnly; SameSite=Lax, x-powered-by=Express, x-request-id=814b3e35-6c1b-9ddc-8169-46fc290bb4fa,814b3e35-6c1b-9ddc-8169-46fc290bb4fa, x-request-uuid=814b3e35-6c1b-9ddc-8169-46fc290bb4fa, x-request-release=5-2020120801/master, access-control-allow-origin=http://enroll.ng.unicityqa.com, vary=Accept-Encoding, link=<http://unicity.github.io/Hydra.php/docs/v5/>; rel="help", cache-control=no-cache, must-revalidate, expires=0, content-language=en-US, x-status-code=400, content-encoding=gzip, x-envoy-upstream-service-time=1123, etag=W/"17e-lEQBYGWG8IOZd7Ds/TTSd29uqVE", access-control-expose-headers=x-b3-traceid, x-request-id, x-b3-traceid=d000e6c1aa941670, CF-Cache-Status=DYNAMIC, cf-request-id=06ef6f5c3200003b274a3e7000000001, Expect-CT=max-age=604800, report-uri="https://report-uri.cloudflare.com/cdn-cgi/beacon/expect-ct", Server=cloudflare, CF-RAY=5ff8e80d19123b27-SJC]
Unicity [Date=Thu, 10 Dec 2020 18:07:38 GMT, Content-Type=text/javascript; charset=utf-8, Content-Length=383, Connection=keep-alive, Set-Cookie=__cfduid=df1d90348bc95943a112bcbddbd327c121607623657; expires=Sat, 09-Jan-21 18:07:37 GMT; path=/; domain=.unicity.net; HttpOnly; SameSite=Lax, x-powered-by=Express, x-request-id=1ac8eab4-73db-942f-b785-7780f8d7cbc2,1ac8eab4-73db-942f-b785-7780f8d7cbc2, x-request-uuid=1ac8eab4-73db-942f-b785-7780f8d7cbc2, x-request-release=5-2020120801/master, access-control-allow-origin=http://enroll.ng.unicityqa.com, vary=Accept-Encoding, link=<http://unicity.github.io/Hydra.php/docs/v5/>; rel="help", cache-control=no-cache, must-revalidate, expires=0, content-language=en-US, x-status-code=400, content-encoding=gzip, x-envoy-upstream-service-time=710, etag=W/"17f-IXNssd50Iam3tKlI0DAU2mt3yzU", access-control-expose-headers=x-b3-traceid, x-request-id, x-b3-traceid=5efd9767e156c2b6, CF-Cache-Status=DYNAMIC, cf-request-id=06ef6f60720000ed5f040b6000000001, Expect-CT=max-age=604800, report-uri="https://report-uri.cloudflare.com/cdn-cgi/beacon/expect-ct", Server=cloudflare, CF-RAY=5ff8e813e896ed5f-SJC]
Unicity [Date=Thu, 10 Dec 2020 18:07:38 GMT, Content-Type=text/javascript; charset=utf-8, Content-Length=382, Connection=keep-alive, Set-Cookie=__cfduid=d6f30714bef6dc432a885aad6b7900ce21607623657; expires=Sat, 09-Jan-21 18:07:37 GMT; path=/; domain=.unicity.net; HttpOnly; SameSite=Lax, x-powered-by=Express, x-request-id=76750290-49f9-9b3d-8053-1271f62c5d86,76750290-49f9-9b3d-8053-1271f62c5d86, x-request-uuid=76750290-49f9-9b3d-8053-1271f62c5d86, x-request-release=5-2020120801/master, access-control-allow-origin=http://enroll.ng.unicityqa.com, vary=Accept-Encoding, link=<http://unicity.github.io/Hydra.php/docs/v5/>; rel="help", cache-control=no-cache, must-revalidate, expires=0, content-language=en-US, x-status-code=400, content-encoding=gzip, x-envoy-upstream-service-time=874, etag=W/"17e-XhYfHr14+Gf8EwZo57B1D2sOZiU", access-control-expose-headers=x-b3-traceid, x-request-id, x-b3-traceid=b333d932847b2e8e, CF-Cache-Status=DYNAMIC, cf-request-id=06ef6f619100003b4b6dbd6000000001, Expect-CT=max-age=604800, report-uri="https://report-uri.cloudflare.com/cdn-cgi/beacon/expect-ct", Server=cloudflare, CF-RAY=5ff8e815b8f53b4b-SJC]
Unicity [Date=Thu, 10 Dec 2020 18:07:39 GMT, Content-Type=text/javascript; charset=utf-8, Content-Length=383, Connection=keep-alive, Set-Cookie=__cfduid=d2b93547713091ff1f98fd107f4f08b6c1607623658; expires=Sat, 09-Jan-21 18:07:38 GMT; path=/; domain=.unicity.net; HttpOnly; SameSite=Lax, x-powered-by=Express, x-request-id=a5ce6b41-23bc-9410-bed6-283f27bcfea4,a5ce6b41-23bc-9410-bed6-283f27bcfea4, x-request-uuid=a5ce6b41-23bc-9410-bed6-283f27bcfea4, x-request-release=5-2020120801/master, access-control-allow-origin=http://enroll.ng.unicityqa.com, vary=Accept-Encoding, link=<http://unicity.github.io/Hydra.php/docs/v5/>; rel="help", cache-control=no-cache, must-revalidate, expires=0, content-language=en-US, x-status-code=400, content-encoding=gzip, x-envoy-upstream-service-time=550, etag=W/"17f-2xBqb6Kv9IcDSe1iKpEL79RF+1A", access-control-expose-headers=x-b3-traceid, x-request-id, x-b3-traceid=c71e0dac60fec12d, CF-Cache-Status=DYNAMIC, cf-request-id=06ef6f63bc0000ed5faca1e000000001, Expect-CT=max-age=604800, report-uri="https://report-uri.cloudflare.com/cdn-cgi/beacon/expect-ct", Server=cloudflare, CF-RAY=5ff8e8192b42ed5f-SJC]
Unicity [Date=Thu, 10 Dec 2020 18:07:40 GMT, Content-Type=text/javascript; charset=utf-8, Content-Length=380, Connection=keep-alive, Set-Cookie=__cfduid=db2ecea2d5e64e7dd2b6a8d08afb576521607623659; expires=Sat, 09-Jan-21 18:07:39 GMT; path=/; domain=.unicity.net; HttpOnly; SameSite=Lax, x-powered-by=Express, x-request-id=227e9e2f-dd42-9604-8009-21ae99305cf2,227e9e2f-dd42-9604-8009-21ae99305cf2, x-request-uuid=227e9e2f-dd42-9604-8009-21ae99305cf2, x-request-release=5-2020120801/master, access-control-allow-origin=http://enroll.ng.unicityqa.com, vary=Accept-Encoding, link=<http://unicity.github.io/Hydra.php/docs/v5/>; rel="help", cache-control=no-cache, must-revalidate, expires=0, content-language=en-US, x-status-code=400, content-encoding=gzip, x-envoy-upstream-service-time=721, etag=W/"17c-35nVymjuSTQD/BW71hyIjKdKD+o", access-control-expose-headers=x-b3-traceid, x-request-id, x-b3-traceid=6d02c001b9cca0fb, CF-Cache-Status=DYNAMIC, cf-request-id=06ef6f679a00003b2805807000000001, Expect-CT=max-age=604800, report-uri="https://report-uri.cloudflare.com/cdn-cgi/beacon/expect-ct", Server=cloudflare, CF-RAY=5ff8e81f5f253b28-SJC]
Request URL: https://hydraqa.unicity.net/v5a-test/addresses?country=US&zip=84097
Entry response : {"items":[{"city":"Orem","state":"UT"}]}
]]></system-out>
    <system-err><![CDATA[Starting ChromeDriver 2.36.540470 (e522d04694c7ebea4ba8821272dbef4f9b818c91) on port 34616
Only local connections are allowed.
Dec 10, 2020 11:04:23 AM org.openqa.selenium.remote.ProtocolHandshake createSession
INFO: Detected dialect: OSS
]]></system-err>
  </testcase>
  <testcase name="Enroll" classname="Tests.FranchisePartner" time="260.739">
    <failure message="Critical A-Z section not displaying" type="java.lang.AssertionError">java.lang.AssertionError: Critical A-Z section not displaying
	at Tests.FranchisePartner.Enroll(FranchisePartner.java:257)
</failure>
    <system-out><![CDATA[Request URL: https://hydraqa.unicity.net/v5a-test/quotes?&expand=item
Entry Quotes response : {"items":[{"lines":{"items":[{"item":{"href":"https://hydraqa.unicity.net/v5a-test/items/332daeac6796ed016ea8b7d0bc42c2d4","id":{"unicity":"24274"},"weightEach":{"value":0},"servingsPerContainer":0,"servingSize":0},"quantity":1,"terms":{"priceEach":800,"taxEach":{"amount":1.57},"discountEach":{"amount":0},"pvEach":0},"quantityLimit":{"quantityQuota":-1,"timeFrameDays":-1,"quantityOrdered":0}}]},"currency":"EUR"}]}
Entry request : {"order":{"customer":{"href":"https://hydraqa.unicity.net/v5a-test/customers?type=Associate"},"shipToAddress":{"country":"LU"}},"vary":{"lines":{"items":[{"item":{"href":"https://hydraqa.unicity.net/v5a-test/items?id.unicity=27166|31951|31952|32128|32129|32130|32132|32133|32134|32135|32136|32137|32138|32125|32699|33092|33094|33093|18511|24418|26422|26442|27156|27158|27160|27617|27660|27585|27587|28601|28604|27395|15880|26560|29017|26567|26568|24758|29838|17174|29183|30280|29187|29191|29522|31402|31772|31777|31780|31781|31782|31779|31932|31778|32556|29317|29832|29833|30198|32755|32756|32968|32965|32966|33097|33095|33098|33096|24274|27150|27163|27575|29821|32012|30684|31672|31534|29449|32126|32127|32087|32333|32330|32693|27739"}}]}}}
]]></system-out>
    <system-err><![CDATA[Starting ChromeDriver 2.36.540470 (e522d04694c7ebea4ba8821272dbef4f9b818c91) on port 45018
Only local connections are allowed.
Dec 10, 2020 11:08:15 AM org.openqa.selenium.remote.ProtocolHandshake createSession
INFO: Detected dialect: OSS
]]></system-err>
  </testcase>
  <testcase name="Enroll" classname="Tests.FranchisePartner" time="258.585">
    <failure message="Critical A-Z section not displaying" type="java.lang.AssertionError">java.lang.AssertionError: Critical A-Z section not displaying
	at Tests.FranchisePartner.Enroll(FranchisePartner.java:257)
</failure>
    <system-out><![CDATA[Request URL: https://hydraqa.unicity.net/v5a-test/quotes?&expand=item
Entry Quotes response : {"items":[{"lines":{"items":[{"item":{"href":"https://hydraqa.unicity.net/v5a-test/items/332daeac6796ed016ea8b7d0bc42c2d4","id":{"unicity":"24274"},"weightEach":{"value":0},"servingsPerContainer":0,"servingSize":0},"quantity":1,"terms":{"priceEach":800,"taxEach":{"amount":1.57},"discountEach":{"amount":0},"pvEach":0},"quantityLimit":{"quantityQuota":-1,"timeFrameDays":-1,"quantityOrdered":0}}]},"currency":"EUR"}]}
Entry request : {"order":{"customer":{"href":"https://hydraqa.unicity.net/v5a-test/customers?type=Associate"},"shipToAddress":{"country":"LU"}},"vary":{"lines":{"items":[{"item":{"href":"https://hydraqa.unicity.net/v5a-test/items?id.unicity=27166|31951|31952|32128|32129|32130|32132|32133|32134|32135|32136|32137|32138|32125|32699|33092|33094|33093|18511|24418|26422|26442|27156|27158|27160|27617|27660|27585|27587|28601|28604|27395|15880|26560|29017|26567|26568|24758|29838|17174|29183|30280|29187|29191|29522|31402|31772|31777|31780|31781|31782|31779|31932|31778|32556|29317|29832|29833|30198|32755|32756|32968|32965|32966|33097|33095|33098|33096|24274|27150|27163|27575|29821|32012|30684|31672|31534|29449|32126|32127|32087|32333|32330|32693|27739"}}]}}}
]]></system-out>
    <system-err><![CDATA[Starting ChromeDriver 2.36.540470 (e522d04694c7ebea4ba8821272dbef4f9b818c91) on port 19430
Only local connections are allowed.
Dec 10, 2020 11:12:42 AM org.openqa.selenium.remote.ProtocolHandshake createSession
INFO: Detected dialect: OSS
]]></system-err>
  </testcase>
  <testcase name="Enroll" classname="Tests.FranchisePartner" time="250.348">
    <failure message="Critical A-Z section not displaying" type="java.lang.AssertionError">java.lang.AssertionError: Critical A-Z section not displaying
	at Tests.FranchisePartner.Enroll(FranchisePartner.java:257)
</failure>
    <system-out><![CDATA[Request URL: https://hydraqa.unicity.net/v5a-test/quotes?&expand=item
Entry Quotes response : {"items":[{"lines":{"items":[{"item":{"href":"https://hydraqa.unicity.net/v5a-test/items/332daeac6796ed016ea8b7d0bc42c2d4","id":{"unicity":"24274"},"weightEach":{"value":0},"servingsPerContainer":0,"servingSize":0},"quantity":1,"terms":{"priceEach":800,"taxEach":{"amount":1.57},"discountEach":{"amount":0},"pvEach":0},"quantityLimit":{"quantityQuota":-1,"timeFrameDays":-1,"quantityOrdered":0}}]},"currency":"EUR"}]}
Entry request : {"order":{"customer":{"href":"https://hydraqa.unicity.net/v5a-test/customers?type=Associate"},"shipToAddress":{"country":"LU"}},"vary":{"lines":{"items":[{"item":{"href":"https://hydraqa.unicity.net/v5a-test/items?id.unicity=27166|31951|31952|32128|32129|32130|32132|32133|32134|32135|32136|32137|32138|32125|32699|33092|33094|33093|18511|24418|26422|26442|27156|27158|27160|27617|27660|27585|27587|28601|28604|27395|15880|26560|29017|26567|26568|24758|29838|17174|29183|30280|29187|29191|29522|31402|31772|31777|31780|31781|31782|31779|31932|31778|32556|29317|29832|29833|30198|32755|32756|32968|32965|32966|33097|33095|33098|33096|24274|27150|27163|27575|29821|32012|30684|31672|31534|29449|32126|32127|32087|32333|32330|32693|27739"}}]}}}
]]></system-out>
    <system-err><![CDATA[Starting ChromeDriver 2.36.540470 (e522d04694c7ebea4ba8821272dbef4f9b818c91) on port 34441
Only local connections are allowed.
Dec 10, 2020 11:17:07 AM org.openqa.selenium.remote.ProtocolHandshake createSession
INFO: Detected dialect: OSS
]]></system-err>
  </testcase>
  <testcase name="Enroll" classname="Tests.FranchisePartner" time="182.849">
    <failure message="Critical A-Z section not displaying" type="java.lang.AssertionError">java.lang.AssertionError: Critical A-Z section not displaying
	at Tests.FranchisePartner.Enroll(FranchisePartner.java:257)
</failure>
    <system-out><![CDATA[Request URL: https://hydraqa.unicity.net/v5a-test/quotes?&expand=item
Entry Quotes response : {"items":[{"lines":{"items":[{"item":{"href":"https://hydraqa.unicity.net/v5a-test/items/90d5ee3af77bdc64ecf28a45b604bf3d","id":{"unicity":"31441"}},"quantity":1,"terms":{"priceEach":257.76,"taxEach":{"amount":41.24},"discountEach":{"amount":0},"pvEach":0},"quantityLimit":{"quantityQuota":-1,"timeFrameDays":-1,"quantityOrdered":0}}]},"currency":"MXN"},{"lines":{"items":[{"item":{"href":"https://hydraqa.unicity.net/v5a-test/items/e5b2f33a1c07a84507d394462dca1d73","id":{"unicity":"32183"}},"quantity":1,"terms":{"priceEach":3038.79,"taxEach":{"amount":0},"discountEach":{"amount":0},"pvEach":127},"quantityLimit":{"quantityQuota":-1,"timeFrameDays":-1,"quantityOrdered":0}}]},"currency":"MXN"},{"lines":{"items":[{"item":{"href":"https://hydraqa.unicity.net/v5a-test/items/10da226fab00279b4f89df10af2a10b7","id":{"unicity":"26442"}},"quantity":1,"terms":{"priceEach":109.48,"taxEach":{"amount":17.52},"discountEach":{"amount":0},"pvEach":0},"quantityLimit":{"quantityQuota":-1,"timeFrameDays":-1,"quantityOrdered":0}}]},"currency":"MXN"},{"lines":{"items":[{"item":{"href":"https://hydraqa.unicity.net/v5a-test/items/c522889845fe5b5a6bd790ca481a05b6","id":{"unicity":"26443"}},"quantity":1,"terms":{"priceEach":90.52,"taxEach":{"amount":14.48},"discountEach":{"amount":0},"pvEach":0},"quantityLimit":{"quantityQuota":-1,"timeFrameDays":-1,"quantityOrdered":0}}]},"currency":"MXN"},{"lines":{"items":[{"item":{"href":"https://hydraqa.unicity.net/v5a-test/items/91a6016282310b83203d0bb7bea14a0f","id":{"unicity":"29050"}},"quantity":1,"terms":{"priceEach":215.52,"taxEach":{"amount":34.48},"discountEach":{"amount":0},"pvEach":0},"quantityLimit":{"quantityQuota":-1,"timeFrameDays":-1,"quantityOrdered":0}}]},"currency":"MXN"},{"lines":{"items":[{"item":{"href":"https://hydraqa.unicity.net/v5a-test/items/bc85ca504dddbd891f34ba100c1fa765","id":{"unicity":"29249"}},"quantity":1,"terms":{"priceEach":293.97,"taxEach":{"amount":47.04},"discountEach":{"amount":0},"pvEach":10},"quantityLimit":{"quantityQuota":-1,"timeFrameDays":-1,"quantityOrdered":0}}]},"currency":"MXN"},{"lines":{"items":[{"item":{"href":"https://hydraqa.unicity.net/v5a-test/items/b332dd66200c8f1e7605c15cf649a419","id":{"unicity":"29265"}},"quantity":1,"terms":{"priceEach":568.97,"taxEach":{"amount":91.04},"discountEach":{"amount":0},"pvEach":22},"quantityLimit":{"quantityQuota":-1,"timeFrameDays":-1,"quantityOrdered":0}}]},"currency":"MXN"},{"lines":{"items":[{"item":{"href":"https://hydraqa.unicity.net/v5a-test/items/61976f41edc883754b09b33f9216edce","id":{"unicity":"31674"}},"quantity":1,"terms":{"priceEach":1098.29,"taxEach":{"amount":175.73},"discountEach":{"amount":0},"pvEach":50},"quantityLimit":{"quantityQuota":-1,"timeFrameDays":-1,"quantityOrdered":0}}]},"currency":"MXN"},{"lines":{"items":[{"item":{"href":"https://hydraqa.unicity.net/v5a-test/items/c71cdd78b407072f4c3400e17672e53d","id":{"unicity":"31668"}},"quantity":1,"terms":{"priceEach":480.17,"taxEach":{"amount":76.83},"discountEach":{"amount":0},"pvEach":19},"quantityLimit":{"quantityQuota":-1,"timeFrameDays":-1,"quantityOrdered":0}}]},"currency":"MXN"},{"lines":{"items":[{"item":{"href":"https://hydraqa.unicity.net/v5a-test/items/f990ee5864cd5f6a5268d34dfdce3eee","id":{"unicity":"31418"}},"quantity":1,"terms":{"priceEach":735.34,"taxEach":{"amount":117.65},"discountEach":{"amount":0},"pvEach":25},"quantityLimit":{"quantityQuota":-1,"timeFrameDays":-1,"quantityOrdered":0}}]},"currency":"MXN"},{"lines":{"items":[{"item":{"href":"https://hydraqa.unicity.net/v5a-test/items/900d1386dcf5c120334ec76dd7ac40f6","id":{"unicity":"32501"}},"quantity":1,"terms":{"priceEach":285.34,"taxEach":{"amount":45.65},"discountEach":{"amount":0},"pvEach":14},"quantityLimit":{"quantityQuota":-1,"timeFrameDays":-1,"quantityOrdered":0}}]},"currency":"MXN"}]}
Entry request : {"order":{"customer":{"href":"https://hydraqa.unicity.net/v5a-test/customers?type=Associate"},"shipToAddress":{"country":"MX"}},"vary":{"lines":{"items":[{"item":{"href":"https://hydraqa.unicity.net/v5a-test/items?id.unicity=31441|32183|26442|26443|29050|29239|29253|27721|29249|29241|29265|31674|31668|31418|32501"}}]}}}
]]></system-out>
    <system-err><![CDATA[Starting ChromeDriver 2.36.540470 (e522d04694c7ebea4ba8821272dbef4f9b818c91) on port 27790
Only local connections are allowed.
Dec 10, 2020 11:21:24 AM org.openqa.selenium.remote.ProtocolHandshake createSession
INFO: Detected dialect: OSS
]]></system-err>
  </testcase>
  <testcase name="Enroll" classname="Tests.FranchisePartner" time="261.757">
    <failure message="Critical A-Z section not displaying" type="java.lang.AssertionError">java.lang.AssertionError: Critical A-Z section not displaying
	at Tests.FranchisePartner.Enroll(FranchisePartner.java:257)
</failure>
    <system-out><![CDATA[Request URL: https://hydraqa.unicity.net/v5a-test/quotes?&expand=item
Entry Quotes response : {"items":[{"lines":{"items":[{"item":{"href":"https://hydraqa.unicity.net/v5a-test/items/332daeac6796ed016ea8b7d0bc42c2d4","id":{"unicity":"24274"},"weightEach":{"value":0},"servingsPerContainer":0,"servingSize":0},"quantity":1,"terms":{"priceEach":800,"taxEach":{"amount":1.57},"discountEach":{"amount":0},"pvEach":0},"quantityLimit":{"quantityQuota":-1,"timeFrameDays":-1,"quantityOrdered":0}}]},"currency":"EUR"}]}
Entry request : {"order":{"customer":{"href":"https://hydraqa.unicity.net/v5a-test/customers?type=Associate"},"shipToAddress":{"country":"NL"}},"vary":{"lines":{"items":[{"item":{"href":"https://hydraqa.unicity.net/v5a-test/items?id.unicity=27160|31344|31343|31763|31951|31952|32128|32129|32130|32132|32133|32134|32135|32136|32137|32138|32125|32699|33092|33094|33093|18511|26422|27156|27158|27166|27617|27660|27585|27587|28601|28604|29838|31402|31772|31777|31780|31781|31782|31779|31932|31778|32556|29317|29832|29833|30198|32755|32756|32968|32965|32966|33089|33090|33091|33097|33095|33098|33096|24274|24418|27150|27163|27575|27395|15880|26560|29017|26567|26568|24758|29821|32012|17174|29183|30280|29187|29191|30684|31672|31534|29449|32126|32127|32087|32333|32330|32693|27739|26371"}}]}}}
]]></system-out>
    <system-err><![CDATA[Starting ChromeDriver 2.36.540470 (e522d04694c7ebea4ba8821272dbef4f9b818c91) on port 44796
Only local connections are allowed.
Dec 10, 2020 11:24:34 AM org.openqa.selenium.remote.ProtocolHandshake createSession
INFO: Detected dialect: OSS
]]></system-err>
  </testcase>
  <testcase name="Enroll" classname="Tests.FranchisePartner" time="250.432">
    <failure message="Critical A-Z section not displaying" type="java.lang.AssertionError">java.lang.AssertionError: Critical A-Z section not displaying
	at Tests.FranchisePartner.Enroll(FranchisePartner.java:257)
</failure>
    <system-out><![CDATA[Request URL: https://hydraqa.unicity.net/v5a-test/quotes?&expand=item
Entry Quotes response : {"items":[{"lines":{"items":[{"item":{"href":"https://hydraqa.unicity.net/v5a-test/items/332daeac6796ed016ea8b7d0bc42c2d4","id":{"unicity":"24274"},"weightEach":{"value":0},"servingsPerContainer":0,"servingSize":0},"quantity":1,"terms":{"priceEach":800,"taxEach":{"amount":1.57},"discountEach":{"amount":0},"pvEach":0},"quantityLimit":{"quantityQuota":-1,"timeFrameDays":-1,"quantityOrdered":0}}]},"currency":"EUR"}]}
Entry request : {"order":{"customer":{"href":"https://hydraqa.unicity.net/v5a-test/customers?type=Associate"},"shipToAddress":{"country":"NL"}},"vary":{"lines":{"items":[{"item":{"href":"https://hydraqa.unicity.net/v5a-test/items?id.unicity=27160|31344|31343|31763|31951|31952|32128|32129|32130|32132|32133|32134|32135|32136|32137|32138|32125|32699|33092|33094|33093|18511|26422|27156|27158|27166|27617|27660|27585|27587|28601|28604|29838|31402|31772|31777|31780|31781|31782|31779|31932|31778|32556|29317|29832|29833|30198|32755|32756|32968|32965|32966|33089|33090|33091|33097|33095|33098|33096|24274|24418|27150|27163|27575|27395|15880|26560|29017|26567|26568|24758|29821|32012|17174|29183|30280|29187|29191|30684|31672|31534|29449|32126|32127|32087|32333|32330|32693|27739|26371"}}]}}}
]]></system-out>
    <system-err><![CDATA[Starting ChromeDriver 2.36.540470 (e522d04694c7ebea4ba8821272dbef4f9b818c91) on port 22207
Only local connections are allowed.
Dec 10, 2020 11:29:03 AM org.openqa.selenium.remote.ProtocolHandshake createSession
INFO: Detected dialect: OSS
]]></system-err>
  </testcase>
  <testcase name="Enroll" classname="Tests.FranchisePartner" time="75.84">
    <failure message="no such element: Unable to locate element: {&quot;method&quot;:&quot;xpath&quot;,&quot;selector&quot;:&quot;(//li[contains(@class, &apos;businesspack&apos;)]//p//span)[1]&quot;}&#10;  (Session info: chrome=87.0.4280.88)&#10;  (Driver info: chromedriver=2.36.540470 (e522d04694c7ebea4ba8821272dbef4f9b818c91),platform=Windows NT 6.3.9600 x86_64) (WARNING: The server did not provide any stacktrace information)&#10;Command duration or timeout: 0 milliseconds&#10;For documentation on this error, please visit: http://seleniumhq.org/exceptions/no_such_element.html&#10;Build info: version: &apos;3.8.1&apos;, revision: &apos;6e95a6684b&apos;, time: &apos;2017-12-01T18:33:54.468Z&apos;&#10;System info: host: &apos;QASERVER01&apos;, ip: &apos;10.2.0.23&apos;, os.name: &apos;Windows Server 2012 R2&apos;, os.arch: &apos;amd64&apos;, os.version: &apos;6.3&apos;, java.version: &apos;1.8.0_111&apos;&#10;Driver info: org.openqa.selenium.chrome.ChromeDriver&#10;Capabilities {acceptInsecureCerts: false, acceptSslCerts: false, applicationCacheEnabled: false, browserConnectionEnabled: false, browserName: chrome, chrome: {chromedriverVersion: 2.36.540470 (e522d04694c7eb..., userDataDir: C:\Users\sumancb\AppData\Lo...}, cssSelectorsEnabled: true, databaseEnabled: false, handlesAlerts: true, hasTouchScreen: false, javascriptEnabled: true, locationContextEnabled: true, mobileEmulationEnabled: false, nativeEvents: true, networkConnectionEnabled: false, pageLoadStrategy: normal, platform: XP, platformName: XP, rotatable: false, setWindowRect: true, takesHeapSnapshot: true, takesScreenshot: true, unexpectedAlertBehaviour: , unhandledPromptBehavior: , version: 87.0.4280.88, webStorageEnabled: true}&#10;Session ID: a783c774206b9656a0c9710eeca8a1fc&#10;*** Element info: {Using=xpath, value=(//li[contains(@class, &apos;businesspack&apos;)]//p//span)[1]}" type="org.openqa.selenium.NoSuchElementException">org.openqa.selenium.NoSuchElementException: 
no such element: Unable to locate element: {"method":"xpath","selector":"(//li[contains(@class, 'businesspack')]//p//span)[1]"}
  (Session info: chrome=87.0.4280.88)
  (Driver info: chromedriver=2.36.540470 (e522d04694c7ebea4ba8821272dbef4f9b818c91),platform=Windows NT 6.3.9600 x86_64) (WARNING: The server did not provide any stacktrace information)
Command duration or timeout: 0 milliseconds
For documentation on this error, please visit: http://seleniumhq.org/exceptions/no_such_element.html
Build info: version: '3.8.1', revision: '6e95a6684b', time: '2017-12-01T18:33:54.468Z'
System info: host: 'QASERVER01', ip: '10.2.0.23', os.name: 'Windows Server 2012 R2', os.arch: 'amd64', os.version: '6.3', java.version: '1.8.0_111'
Driver info: org.openqa.selenium.chrome.ChromeDriver
Capabilities {acceptInsecureCerts: false, acceptSslCerts: false, applicationCacheEnabled: false, browserConnectionEnabled: false, browserName: chrome, chrome: {chromedriverVersion: 2.36.540470 (e522d04694c7eb..., userDataDir: C:\Users\sumancb\AppData\Lo...}, cssSelectorsEnabled: true, databaseEnabled: false, handlesAlerts: true, hasTouchScreen: false, javascriptEnabled: true, locationContextEnabled: true, mobileEmulationEnabled: false, nativeEvents: true, networkConnectionEnabled: false, pageLoadStrategy: normal, platform: XP, platformName: XP, rotatable: false, setWindowRect: true, takesHeapSnapshot: true, takesScreenshot: true, unexpectedAlertBehaviour: , unhandledPromptBehavior: , version: 87.0.4280.88, webStorageEnabled: true}
Session ID: a783c774206b9656a0c9710eeca8a1fc
*** Element info: {Using=xpath, value=(//li[contains(@class, 'businesspack')]//p//span)[1]}
	at Tests.FranchisePartner.Enroll(FranchisePartner.java:257)
</failure>
    <system-out><![CDATA[Request URL: https://hydraqa.unicity.net/v5a-test/quotes?&expand=item
Entry Quotes response : {"items":[{"lines":{"items":[{"item":{"href":"https://hydraqa.unicity.net/v5a-test/items/332daeac6796ed016ea8b7d0bc42c2d4","id":{"unicity":"24274"},"weightEach":{"value":0},"servingsPerContainer":0,"servingSize":0},"quantity":1,"terms":{"priceEach":800,"taxEach":{"amount":0},"discountEach":{"amount":0},"pvEach":0},"quantityLimit":{"quantityQuota":-1,"timeFrameDays":-1,"quantityOrdered":0}}]},"currency":"EUR"}]}
Entry request : {"order":{"customer":{"href":"https://hydraqa.unicity.net/v5a-test/customers?type=Associate"},"shipToAddress":{"country":"NO"}},"vary":{"lines":{"items":[{"item":{"href":"https://hydraqa.unicity.net/v5a-test/items?id.unicity=27156|27158|27160|31763|31951|31952|32128|32129|32130|32132|32133|32134|32135|32136|32137|32138|32125|32699|33092|33094|33093|18511|26422|27166|27617|27660|27585|27587|28601|28604|29838|31772|31777|31780|31781|31782|31779|31932|31778|32556|29317|30198|33097|33095|33096|24274|24418|27150|27163|27575|27395|15880|26560|29017|26567|24758|29821|32012|17174|29183|30280|29187|29191|30684|31402|31672|31534|29449|32126|32127|32087|32333|32755|32968|32965|32966|32330|32693|27739"}}]}}}
]]></system-out>
    <system-err><![CDATA[Starting ChromeDriver 2.36.540470 (e522d04694c7ebea4ba8821272dbef4f9b818c91) on port 45221
Only local connections are allowed.
Dec 10, 2020 11:33:21 AM org.openqa.selenium.remote.ProtocolHandshake createSession
INFO: Detected dialect: OSS
]]></system-err>
  </testcase>
  <testcase name="Enroll" classname="Tests.FranchisePartner" time="67.076">
    <failure message="Major NOPack Click Here" type="java.lang.AssertionError">java.lang.AssertionError: Major NOPack Click Here
	at Tests.FranchisePartner.Enroll(FranchisePartner.java:257)
</failure>
    <system-err><![CDATA[Starting ChromeDriver 2.36.540470 (e522d04694c7ebea4ba8821272dbef4f9b818c91) on port 2161
Only local connections are allowed.
Dec 10, 2020 11:34:43 AM org.openqa.selenium.remote.ProtocolHandshake createSession
INFO: Detected dialect: OSS
]]></system-err>
  </testcase>
  <testcase name="Enroll" classname="Tests.FranchisePartner" time="66.135">
    <failure message="no such element: Unable to locate element: {&quot;method&quot;:&quot;xpath&quot;,&quot;selector&quot;:&quot;(//li[contains(@class, &apos;businesspack&apos;)]//p//span)[1]&quot;}&#10;  (Session info: chrome=87.0.4280.88)&#10;  (Driver info: chromedriver=2.36.540470 (e522d04694c7ebea4ba8821272dbef4f9b818c91),platform=Windows NT 6.3.9600 x86_64) (WARNING: The server did not provide any stacktrace information)&#10;Command duration or timeout: 0 milliseconds&#10;For documentation on this error, please visit: http://seleniumhq.org/exceptions/no_such_element.html&#10;Build info: version: &apos;3.8.1&apos;, revision: &apos;6e95a6684b&apos;, time: &apos;2017-12-01T18:33:54.468Z&apos;&#10;System info: host: &apos;QASERVER01&apos;, ip: &apos;10.2.0.23&apos;, os.name: &apos;Windows Server 2012 R2&apos;, os.arch: &apos;amd64&apos;, os.version: &apos;6.3&apos;, java.version: &apos;1.8.0_111&apos;&#10;Driver info: org.openqa.selenium.chrome.ChromeDriver&#10;Capabilities {acceptInsecureCerts: false, acceptSslCerts: false, applicationCacheEnabled: false, browserConnectionEnabled: false, browserName: chrome, chrome: {chromedriverVersion: 2.36.540470 (e522d04694c7eb..., userDataDir: C:\Users\sumancb\AppData\Lo...}, cssSelectorsEnabled: true, databaseEnabled: false, handlesAlerts: true, hasTouchScreen: false, javascriptEnabled: true, locationContextEnabled: true, mobileEmulationEnabled: false, nativeEvents: true, networkConnectionEnabled: false, pageLoadStrategy: normal, platform: XP, platformName: XP, rotatable: false, setWindowRect: true, takesHeapSnapshot: true, takesScreenshot: true, unexpectedAlertBehaviour: , unhandledPromptBehavior: , version: 87.0.4280.88, webStorageEnabled: true}&#10;Session ID: 2ea51c7103ba73a47b71b85a98e4e210&#10;*** Element info: {Using=xpath, value=(//li[contains(@class, &apos;businesspack&apos;)]//p//span)[1]}" type="org.openqa.selenium.NoSuchElementException">org.openqa.selenium.NoSuchElementException: 
no such element: Unable to locate element: {"method":"xpath","selector":"(//li[contains(@class, 'businesspack')]//p//span)[1]"}
  (Session info: chrome=87.0.4280.88)
  (Driver info: chromedriver=2.36.540470 (e522d04694c7ebea4ba8821272dbef4f9b818c91),platform=Windows NT 6.3.9600 x86_64) (WARNING: The server did not provide any stacktrace information)
Command duration or timeout: 0 milliseconds
For documentation on this error, please visit: http://seleniumhq.org/exceptions/no_such_element.html
Build info: version: '3.8.1', revision: '6e95a6684b', time: '2017-12-01T18:33:54.468Z'
System info: host: 'QASERVER01', ip: '10.2.0.23', os.name: 'Windows Server 2012 R2', os.arch: 'amd64', os.version: '6.3', java.version: '1.8.0_111'
Driver info: org.openqa.selenium.chrome.ChromeDriver
Capabilities {acceptInsecureCerts: false, acceptSslCerts: false, applicationCacheEnabled: false, browserConnectionEnabled: false, browserName: chrome, chrome: {chromedriverVersion: 2.36.540470 (e522d04694c7eb..., userDataDir: C:\Users\sumancb\AppData\Lo...}, cssSelectorsEnabled: true, databaseEnabled: false, handlesAlerts: true, hasTouchScreen: false, javascriptEnabled: true, locationContextEnabled: true, mobileEmulationEnabled: false, nativeEvents: true, networkConnectionEnabled: false, pageLoadStrategy: normal, platform: XP, platformName: XP, rotatable: false, setWindowRect: true, takesHeapSnapshot: true, takesScreenshot: true, unexpectedAlertBehaviour: , unhandledPromptBehavior: , version: 87.0.4280.88, webStorageEnabled: true}
Session ID: 2ea51c7103ba73a47b71b85a98e4e210
*** Element info: {Using=xpath, value=(//li[contains(@class, 'businesspack')]//p//span)[1]}
	at Tests.FranchisePartner.Enroll(FranchisePartner.java:257)
</failure>
    <system-out><![CDATA[Request URL: https://hydraqa.unicity.net/v5a-test/quotes?&expand=item
Entry Quotes response : {"items":[{"lines":{"items":[{"item":{"href":"https://hydraqa.unicity.net/v5a-test/items/332daeac6796ed016ea8b7d0bc42c2d4","id":{"unicity":"24274"},"weightEach":{"value":0},"servingsPerContainer":0,"servingSize":0},"quantity":1,"terms":{"priceEach":800,"taxEach":{"amount":0},"discountEach":{"amount":0},"pvEach":0},"quantityLimit":{"quantityQuota":-1,"timeFrameDays":-1,"quantityOrdered":0}}]},"currency":"EUR"}]}
Entry request : {"order":{"customer":{"href":"https://hydraqa.unicity.net/v5a-test/customers?type=Associate"},"shipToAddress":{"country":"NO"}},"vary":{"lines":{"items":[{"item":{"href":"https://hydraqa.unicity.net/v5a-test/items?id.unicity=27156|27158|27160|31763|31951|31952|32128|32129|32130|32132|32133|32134|32135|32136|32137|32138|32125|32699|33092|33094|33093|18511|26422|27166|27617|27660|27585|27587|28601|28604|29838|31772|31777|31780|31781|31782|31779|31932|31778|32556|29317|30198|33097|33095|33096|24274|24418|27150|27163|27575|27395|15880|26560|29017|26567|24758|29821|32012|17174|29183|30280|29187|29191|30684|31402|31672|31534|29449|32126|32127|32087|32333|32755|32968|32965|32966|32330|32693|27739"}}]}}}
]]></system-out>
    <system-err><![CDATA[Starting ChromeDriver 2.36.540470 (e522d04694c7ebea4ba8821272dbef4f9b818c91) on port 38945
Only local connections are allowed.
Dec 10, 2020 11:35:57 AM org.openqa.selenium.remote.ProtocolHandshake createSession
INFO: Detected dialect: OSS
]]></system-err>
  </testcase>
  <testcase name="Enroll" classname="Tests.FranchisePartner" time="109.217">
    <failure message="Critical A-Z section not displaying" type="java.lang.AssertionError">java.lang.AssertionError: Critical A-Z section not displaying
	at Tests.FranchisePartner.Enroll(FranchisePartner.java:257)
</failure>
    <system-out><![CDATA[Request URL: https://hydraqa.unicity.net/v5a-test/quotes?&expand=item
Entry Quotes response : {"items":[{"lines":{"items":[{"item":{"href":"https://hydraqa.unicity.net/v5a-test/items/332daeac6796ed016ea8b7d0bc42c2d4","id":{"unicity":"24274"},"weightEach":{"value":0},"servingsPerContainer":0,"servingSize":0},"quantity":1,"terms":{"priceEach":800,"taxEach":{"amount":1.57},"discountEach":{"amount":0},"pvEach":0},"quantityLimit":{"quantityQuota":-1,"timeFrameDays":-1,"quantityOrdered":0}}]},"currency":"EUR"}]}
Entry request : {"order":{"customer":{"href":"https://hydraqa.unicity.net/v5a-test/customers?type=Associate"},"shipToAddress":{"country":"PL"}},"vary":{"lines":{"items":[{"item":{"href":"https://hydraqa.unicity.net/v5a-test/items?id.unicity=27156|27158|27160|27166|31763|31951|31952|32128|32129|32130|32132|32133|32134|32135|32136|32137|32138|32125|32699|33092|33094|33093|18511|26422|27660|27585|28601|28604|29838|31772|31777|31780|31781|31782|31779|31932|31778|32556|29317|30198|32126|32127|32755|32756|32965|32966|33097|33095|33098|33096|24274|24418|27150|27163|27575|27617|27587|27395|15880|26560|29017|26567|26568|24758|29821|32012|17174|29183|30280|29187|29191|30684|31402|31672|31534|29449|32087|32333|32968|32330|32693|27739"}}]}}}
]]></system-out>
    <system-err><![CDATA[Starting ChromeDriver 2.36.540470 (e522d04694c7ebea4ba8821272dbef4f9b818c91) on port 5701
Only local connections are allowed.
Dec 10, 2020 11:37:11 AM org.openqa.selenium.remote.ProtocolHandshake createSession
INFO: Detected dialect: OSS
]]></system-err>
  </testcase>
  <testcase name="Enroll" classname="Tests.FranchisePartner" time="98.897">
    <failure message="Critical A-Z section not displaying" type="java.lang.AssertionError">java.lang.AssertionError: Critical A-Z section not displaying
	at Tests.FranchisePartner.Enroll(FranchisePartner.java:257)
</failure>
    <system-out><![CDATA[Request URL: https://hydraqa.unicity.net/v5a-test/quotes?&expand=item
Entry Quotes response : {"items":[{"lines":{"items":[{"item":{"href":"https://hydraqa.unicity.net/v5a-test/items/332daeac6796ed016ea8b7d0bc42c2d4","id":{"unicity":"24274"},"weightEach":{"value":0},"servingsPerContainer":0,"servingSize":0},"quantity":1,"terms":{"priceEach":800,"taxEach":{"amount":1.57},"discountEach":{"amount":0},"pvEach":0},"quantityLimit":{"quantityQuota":-1,"timeFrameDays":-1,"quantityOrdered":0}}]},"currency":"EUR"}]}
Entry request : {"order":{"customer":{"href":"https://hydraqa.unicity.net/v5a-test/customers?type=Associate"},"shipToAddress":{"country":"PL"}},"vary":{"lines":{"items":[{"item":{"href":"https://hydraqa.unicity.net/v5a-test/items?id.unicity=27156|27158|27160|27166|31763|31951|31952|32128|32129|32130|32132|32133|32134|32135|32136|32137|32138|32125|32699|33092|33094|33093|18511|26422|27660|27585|28601|28604|29838|31772|31777|31780|31781|31782|31779|31932|31778|32556|29317|30198|32126|32127|32755|32756|32965|32966|33097|33095|33098|33096|24274|24418|27150|27163|27575|27617|27587|27395|15880|26560|29017|26567|26568|24758|29821|32012|17174|29183|30280|29187|29191|30684|31402|31672|31534|29449|32087|32333|32968|32330|32693|27739"}}]}}}
]]></system-out>
    <system-err><![CDATA[Starting ChromeDriver 2.36.540470 (e522d04694c7ebea4ba8821272dbef4f9b818c91) on port 38923
Only local connections are allowed.
Dec 10, 2020 11:39:07 AM org.openqa.selenium.remote.ProtocolHandshake createSession
INFO: Detected dialect: OSS
]]></system-err>
  </testcase>
  <testcase name="Enroll" classname="Tests.FranchisePartner" time="226.188">
    <failure message="no such element: Unable to locate element: {&quot;method&quot;:&quot;xpath&quot;,&quot;selector&quot;:&quot;(//div[contains(@class,&apos;col-xs-5 text-right&apos;)])[5]&quot;}&#10;  (Session info: chrome=87.0.4280.88)&#10;  (Driver info: chromedriver=2.36.540470 (e522d04694c7ebea4ba8821272dbef4f9b818c91),platform=Windows NT 6.3.9600 x86_64) (WARNING: The server did not provide any stacktrace information)&#10;Command duration or timeout: 0 milliseconds&#10;For documentation on this error, please visit: http://seleniumhq.org/exceptions/no_such_element.html&#10;Build info: version: &apos;3.8.1&apos;, revision: &apos;6e95a6684b&apos;, time: &apos;2017-12-01T18:33:54.468Z&apos;&#10;System info: host: &apos;QASERVER01&apos;, ip: &apos;10.2.0.23&apos;, os.name: &apos;Windows Server 2012 R2&apos;, os.arch: &apos;amd64&apos;, os.version: &apos;6.3&apos;, java.version: &apos;1.8.0_111&apos;&#10;Driver info: org.openqa.selenium.chrome.ChromeDriver&#10;Capabilities {acceptInsecureCerts: false, acceptSslCerts: false, applicationCacheEnabled: false, browserConnectionEnabled: false, browserName: chrome, chrome: {chromedriverVersion: 2.36.540470 (e522d04694c7eb..., userDataDir: C:\Users\sumancb\AppData\Lo...}, cssSelectorsEnabled: true, databaseEnabled: false, handlesAlerts: true, hasTouchScreen: false, javascriptEnabled: true, locationContextEnabled: true, mobileEmulationEnabled: false, nativeEvents: true, networkConnectionEnabled: false, pageLoadStrategy: normal, platform: XP, platformName: XP, rotatable: false, setWindowRect: true, takesHeapSnapshot: true, takesScreenshot: true, unexpectedAlertBehaviour: , unhandledPromptBehavior: , version: 87.0.4280.88, webStorageEnabled: true}&#10;Session ID: b7577139c1efeacc1973505ed6cdc5ff&#10;*** Element info: {Using=xpath, value=(//div[contains(@class,&apos;col-xs-5 text-right&apos;)])[5]}" type="org.openqa.selenium.NoSuchElementException">org.openqa.selenium.NoSuchElementException: 
no such element: Unable to locate element: {"method":"xpath","selector":"(//div[contains(@class,'col-xs-5 text-right')])[5]"}
  (Session info: chrome=87.0.4280.88)
  (Driver info: chromedriver=2.36.540470 (e522d04694c7ebea4ba8821272dbef4f9b818c91),platform=Windows NT 6.3.9600 x86_64) (WARNING: The server did not provide any stacktrace information)
Command duration or timeout: 0 milliseconds
For documentation on this error, please visit: http://seleniumhq.org/exceptions/no_such_element.html
Build info: version: '3.8.1', revision: '6e95a6684b', time: '2017-12-01T18:33:54.468Z'
System info: host: 'QASERVER01', ip: '10.2.0.23', os.name: 'Windows Server 2012 R2', os.arch: 'amd64', os.version: '6.3', java.version: '1.8.0_111'
Driver info: org.openqa.selenium.chrome.ChromeDriver
Capabilities {acceptInsecureCerts: false, acceptSslCerts: false, applicationCacheEnabled: false, browserConnectionEnabled: false, browserName: chrome, chrome: {chromedriverVersion: 2.36.540470 (e522d04694c7eb..., userDataDir: C:\Users\sumancb\AppData\Lo...}, cssSelectorsEnabled: true, databaseEnabled: false, handlesAlerts: true, hasTouchScreen: false, javascriptEnabled: true, locationContextEnabled: true, mobileEmulationEnabled: false, nativeEvents: true, networkConnectionEnabled: false, pageLoadStrategy: normal, platform: XP, platformName: XP, rotatable: false, setWindowRect: true, takesHeapSnapshot: true, takesScreenshot: true, unexpectedAlertBehaviour: , unhandledPromptBehavior: , version: 87.0.4280.88, webStorageEnabled: true}
Session ID: b7577139c1efeacc1973505ed6cdc5ff
*** Element info: {Using=xpath, value=(//div[contains(@class,'col-xs-5 text-right')])[5]}
	at Tests.FranchisePartner.Enroll(FranchisePartner.java:261)
</failure>
    <system-out><![CDATA[Request URL: https://hydraqa.unicity.net/v5a-test/quotes?&expand=item
Entry Quotes response : {"items":[{"lines":{"items":[{"item":{"href":"https://hydraqa.unicity.net/v5a-test/items/051e765a5a71835a859c2757edd359f0","id":{"unicity":"26580"}},"quantity":1,"terms":{"priceEach":195,"taxEach":{"amount":0},"discountEach":{"amount":0},"pvEach":130},"quantityLimit":{"quantityQuota":-1,"timeFrameDays":-1,"quantityOrdered":0}}]},"currency":"USD"},{"lines":{"items":[{"item":{"href":"https://hydraqa.unicity.net/v5a-test/items/90d5ee3af77bdc64ecf28a45b604bf3d","id":{"unicity":"31441"}},"quantity":1,"terms":{"priceEach":40,"taxEach":{"amount":0},"discountEach":{"amount":0},"pvEach":0},"quantityLimit":{"quantityQuota":-1,"timeFrameDays":-1,"quantityOrdered":0}}]},"currency":"USD"},{"lines":{"items":[{"item":{"href":"https://hydraqa.unicity.net/v5a-test/items/cf8460040a1860bcabf250b6c1171675","id":{"unicity":"31858"}},"quantity":1,"terms":{"priceEach":269,"taxEach":{"amount":0},"discountEach":{"amount":0},"pvEach":195},"quantityLimit":{"quantityQuota":-1,"timeFrameDays":-1,"quantityOrdered":0}}]},"currency":"USD"},{"lines":{"items":[{"item":{"href":"https://hydraqa.unicity.net/v5a-test/items/2de8516a24af8232add0bb392e750a71","id":{"unicity":"31859"}},"quantity":1,"terms":{"priceEach":179,"taxEach":{"amount":0},"discountEach":{"amount":0},"pvEach":130},"quantityLimit":{"quantityQuota":-1,"timeFrameDays":-1,"quantityOrdered":0}}]},"currency":"USD"},{"lines":{"items":[{"item":{"href":"https://hydraqa.unicity.net/v5a-test/items/fd464cd7972cc1317e850b9196d886b8","id":{"unicity":"31863"}},"quantity":1,"terms":{"priceEach":210,"taxEach":{"amount":0},"discountEach":{"amount":0},"pvEach":148},"quantityLimit":{"quantityQuota":-1,"timeFrameDays":-1,"quantityOrdered":0}}]},"currency":"USD"},{"lines":{"items":[{"item":{"href":"https://hydraqa.unicity.net/v5a-test/items/d4c8fce238d6fc34d17a4b36d1e4e59a","id":{"unicity":"31860"}},"quantity":1,"terms":{"priceEach":196,"taxEach":{"amount":0},"discountEach":{"amount":0},"pvEach":135},"quantityLimit":{"quantityQuota":-1,"timeFrameDays":-1,"quantityOrdered":0}}]},"currency":"USD"},{"lines":{"items":[{"item":{"href":"https://hydraqa.unicity.net/v5a-test/items/4ab49eca1731e69206ccafb5112ad5a4","id":{"unicity":"31861"}},"quantity":1,"terms":{"priceEach":196,"taxEach":{"amount":0},"discountEach":{"amount":0},"pvEach":135},"quantityLimit":{"quantityQuota":-1,"timeFrameDays":-1,"quantityOrdered":0}}]},"currency":"USD"},{"lines":{"items":[{"item":{"href":"https://hydraqa.unicity.net/v5a-test/items/50747027a065cb8361c1f0d6eb880466","id":{"unicity":"32030"}},"quantity":1,"terms":{"priceEach":143,"taxEach":{"amount":0},"discountEach":{"amount":0},"pvEach":102},"quantityLimit":{"quantityQuota":-1,"timeFrameDays":-1,"quantityOrdered":0}}]},"currency":"USD"},{"lines":{"items":[{"item":{"href":"https://hydraqa.unicity.net/v5a-test/items/4a3d248668cd56e31c6eb403d87f15b2","id":{"unicity":"29682"}},"quantity":1,"terms":{"priceEach":203,"taxEach":{"amount":0},"discountEach":{"amount":0},"pvEach":144},"quantityLimit":{"quantityQuota":-1,"timeFrameDays":-1,"quantityOrdered":0}}]},"currency":"USD"},{"lines":{"items":[{"item":{"href":"https://hydraqa.unicity.net/v5a-test/items/d306a0b65f27f19b4968e5c05906a9f4","id":{"unicity":"31314"}},"quantity":1,"terms":{"priceEach":388,"taxEach":{"amount":0},"discountEach":{"amount":0},"pvEach":268},"quantityLimit":{"quantityQuota":-1,"timeFrameDays":-1,"quantityOrdered":0}}]},"currency":"USD"},{"lines":{"items":[{"item":{"href":"https://hydraqa.unicity.net/v5a-test/items/00c2eb70c985722ce208490aece00945","id":{"unicity":"31729"}},"quantity":1,"terms":{"priceEach":143,"taxEach":{"amount":0},"discountEach":{"amount":0},"pvEach":100},"quantityLimit":{"quantityQuota":-1,"timeFrameDays":-1,"quantityOrdered":0}}]},"currency":"USD"},{"lines":{"items":[{"item":{"href":"https://hydraqa.unicity.net/v5a-test/items/693a7c4a70b06a00471afe8d6cae5023","id":{"unicity":"31730"}},"quantity":1,"terms":{"priceEach":120,"taxEach":{"amount":0},"discountEach":{"amount":0},"pvEach":80},"quantityLimit":{"quantityQuota":-1,"timeFrameDays":-1,"quantityOrdered":0}}]},"currency":"USD"},{"lines":{"items":[{"item":{"href":"https://hydraqa.unicity.net/v5a-test/items/ccb242d74dcb1fe621cc7bfe1b1de315","id":{"unicity":"31731"}},"quantity":1,"terms":{"priceEach":89,"taxEach":{"amount":0},"discountEach":{"amount":0},"pvEach":60},"quantityLimit":{"quantityQuota":-1,"timeFrameDays":-1,"quantityOrdered":0}}]},"currency":"USD"},{"lines":{"items":[{"item":{"href":"https://hydraqa.unicity.net/v5a-test/items/cea826eab72d44641c070aab6c97c1ac","id":{"unicity":"22747"}},"quantity":1,"terms":{"priceEach":27,"taxEach":{"amount":0},"discountEach":{"amount":0},"pvEach":16},"quantityLimit":{"quantityQuota":-1,"timeFrameDays":-1,"quantityOrdered":0}}]},"currency":"USD"},{"lines":{"items":[{"item":{"href":"https://hydraqa.unicity.net/v5a-test/items/9a7715e888c94989d898fe4653645721","id":{"unicity":"26550"}},"quantity":1,"terms":{"priceEach":80,"taxEach":{"amount":0},"discountEach":{"amount":0},"pvEach":52},"quantityLimit":{"quantityQuota":-1,"timeFrameDays":-1,"quantityOrdered":0}}]},"currency":"USD"},{"lines":{"items":[{"item":{"href":"https://hydraqa.unicity.net/v5a-test/items/0cf62d38e91953b43dcfe88b06f813cb","id":{"unicity":"26557"}},"quantity":1,"terms":{"priceEach":79,"taxEach":{"amount":0},"discountEach":{"amount":0},"pvEach":61},"quantityLimit":{"quantityQuota":-1,"timeFrameDays":-1,"quantityOrdered":0}}]},"currency":"USD"},{"lines":{"items":[{"item":{"href":"https://hydraqa.unicity.net/v5a-test/items/cda534d686af5d627c94c4bb2c4b57d8","id":{"unicity":"26561"}},"quantity":1,"terms":{"priceEach":16,"taxEach":{"amount":0},"discountEach":{"amount":0},"pvEach":11},"quantityLimit":{"quantityQuota":-1,"timeFrameDays":-1,"quantityOrdered":0}}]},"currency":"USD"},{"lines":{"items":[{"item":{"href":"https://hydraqa.unicity.net/v5a-test/items/0a3ede185ddf034630afd891c5106d33","id":{"unicity":"26562"}},"quantity":1,"terms":{"priceEach":33,"taxEach":{"amount":0},"discountEach":{"amount":0},"pvEach":25},"quantityLimit":{"quantityQuota":-1,"timeFrameDays":-1,"quantityOrdered":0}}]},"currency":"USD"},{"lines":{"items":[{"item":{"href":"https://hydraqa.unicity.net/v5a-test/items/1bd53de7fe880ba71f46c9976ca2c137","id":{"unicity":"27739"}},"quantity":1,"terms":{"priceEach":33,"taxEach":{"amount":0},"discountEach":{"amount":0},"pvEach":13},"quantityLimit":{"quantityQuota":-1,"timeFrameDays":-1,"quantityOrdered":0}}]},"currency":"USD"},{"lines":{"items":[{"item":{"href":"https://hydraqa.unicity.net/v5a-test/items/1945faa1776541d53120ecfe3c1d8a2b","id":{"unicity":"24418"}},"quantity":1,"terms":{"priceEach":5,"taxEach":{"amount":0},"discountEach":{"amount":0},"pvEach":0},"quantityLimit":{"quantityQuota":-1,"timeFrameDays":-1,"quantityOrdered":0}}]},"currency":"USD"},{"lines":{"items":[{"item":{"href":"https://hydraqa.unicity.net/v5a-test/items/9a6e1d094182389c3da8e0a320ff0e00","id":{"unicity":"27585"}},"quantity":1,"terms":{"priceEach":56,"taxEach":{"amount":0},"discountEach":{"amount":0},"pvEach":33},"quantityLimit":{"quantityQuota":-1,"timeFrameDays":-1,"quantityOrdered":0}}]},"currency":"USD"},{"lines":{"items":[{"item":{"href":"https://hydraqa.unicity.net/v5a-test/items/b127a2d34d3d73e2f53e4c2002a7a4a2","id":{"unicity":"25008"}},"quantity":1,"terms":{"priceEach":19,"taxEach":{"amount":0},"discountEach":{"amount":0},"pvEach":15},"quantityLimit":{"quantityQuota":-1,"timeFrameDays":-1,"quantityOrdered":0}}]},"currency":"USD"},{"lines":{"items":[{"item":{"href":"https://hydraqa.unicity.net/v5a-test/items/10da226fab00279b4f89df10af2a10b7","id":{"unicity":"26442"}},"quantity":1,"terms":{"priceEach":6,"taxEach":{"amount":0},"discountEach":{"amount":0},"pvEach":0},"quantityLimit":{"quantityQuota":-1,"timeFrameDays":-1,"quantityOrdered":0}}]},"currency":"USD"},{"lines":{"items":[{"item":{"href":"https://hydraqa.unicity.net/v5a-test/items/aa0d72ac13b1ce88cf8c4a52ede75a37","id":{"unicity":"26552"}},"quantity":1,"terms":{"priceEach":70,"taxEach":{"amount":0},"discountEach":{"amount":0},"pvEach":50},"quantityLimit":{"quantityQuota":-1,"timeFrameDays":-1,"quantityOrdered":0}}]},"currency":"USD"},{"lines":{"items":[{"item":{"href":"https://hydraqa.unicity.net/v5a-test/items/a391ad8c3c129526dc42793f5fee30f7","id":{"unicity":"27653"}},"quantity":1,"terms":{"priceEach":5,"taxEach":{"amount":0},"discountEach":{"amount":0},"pvEach":0},"quantityLimit":{"quantityQuota":-1,"timeFrameDays":-1,"quantityOrdered":0}}]},"currency":"USD"},{"lines":{"items":[{"item":{"href":"https://hydraqa.unicity.net/v5a-test/items/c83534b0b0693d9f78eaaae2030ed4c1","id":{"unicity":"27212"}},"quantity":1,"terms":{"priceEach":10,"taxEach":{"amount":0},"discountEach":{"amount":0},"pvEach":0},"quantityLimit":{"quantityQuota":-1,"timeFrameDays":-1,"quantityOrdered":0}}]},"currency":"USD"},{"lines":{"items":[{"item":{"href":"https://hydraqa.unicity.net/v5a-test/items/025d45e8cee8a1a4029f1cfd3bf70786","id":{"unicity":"26983"}},"quantity":1,"terms":{"priceEach":10,"taxEach":{"amount":0},"discountEach":{"amount":0},"pvEach":0},"quantityLimit":{"quantityQuota":-1,"timeFrameDays":-1,"quantityOrdered":0}}]},"currency":"USD"},{"lines":{"items":[{"item":{"href":"https://hydraqa.unicity.net/v5a-test/items/b2fc4b9ba4aa5cae54389161be2f841f","id":{"unicity":"18401"}},"quantity":1,"terms":{"priceEach":31,"taxEach":{"amount":0},"discountEach":{"amount":0},"pvEach":19},"quantityLimit":{"quantityQuota":-1,"timeFrameDays":-1,"quantityOrdered":0}}]},"currency":"USD"},{"lines":{"items":[{"item":{"href":"https://hydraqa.unicity.net/v5a-test/items/19f8db4bcf7263831586f726e748f73c","id":{"unicity":"27208"}},"quantity":1,"terms":{"priceEach":30,"taxEach":{"amount":0},"discountEach":{"amount":0},"pvEach":0},"quantityLimit":{"quantityQuota":-1,"timeFrameDays":-1,"quantityOrdered":0}}]},"currency":"USD"},{"lines":{"items":[{"item":{"href":"https://hydraqa.unicity.net/v5a-test/items/5a38f009bec6c23b1b3a70432f9722e5","id":{"unicity":"19596"}},"quantity":1,"terms":{"priceEach":49,"taxEach":{"amount":0},"discountEach":{"amount":0},"pvEach":30},"quantityLimit":{"quantityQuota":-1,"timeFrameDays":-1,"quantityOrdered":0}}]},"currency":"USD"},{"lines":{"items":[{"item":{"href":"https://hydraqa.unicity.net/v5a-test/items/38da42f991a40a00153b2e5055b82dbf","id":{"unicity":"27801"}},"quantity":1,"terms":{"priceEach":195,"taxEach":{"amount":0},"discountEach":{"amount":0},"pvEach":130},"quantityLimit":{"quantityQuota":-1,"timeFrameDays":-1,"quantityOrdered":0}}]},"currency":"USD"},{"lines":{"items":[{"item":{"href":"https://hydraqa.unicity.net/v5a-test/items/398d06b858b960f6f38086d40608aef2","id":{"unicity":"26560"}},"quantity":1,"terms":{"priceEach":16,"taxEach":{"amount":0},"discountEach":{"amount":0},"pvEach":12},"quantityLimit":{"quantityQuota":-1,"timeFrameDays":-1,"quantityOrdered":0}}]},"currency":"USD"},{"lines":{"items":[{"item":{"href":"https://hydraqa.unicity.net/v5a-test/items/3f2d12d7a0e8551fc99fad3bbe1ba633","id":{"unicity":"26567"}},"quantity":1,"terms":{"priceEach":56,"taxEach":{"amount":0},"discountEach":{"amount":0},"pvEach":35},"quantityLimit":{"quantityQuota":-1,"timeFrameDays":-1,"quantityOrdered":0}}]},"currency":"USD"},{"lines":{"items":[{"item":{"href":"https://hydraqa.unicity.net/v5a-test/items/191637167cb3144bd2e8c4615e9ab67e","id":{"unicity":"26568"}},"quantity":1,"terms":{"priceEach":56,"taxEach":{"amount":0},"discountEach":{"amount":0},"pvEach":35},"quantityLimit":{"quantityQuota":-1,"timeFrameDays":-1,"quantityOrdered":0}}]},"currency":"USD"},{"lines":{"items":[{"item":{"href":"https://hydraqa.unicity.net/v5a-test/items/112b8c39286598b3730f630f371a45f4","id":{"unicity":"27587"}},"quantity":1,"terms":{"priceEach":58,"taxEach":{"amount":0},"discountEach":{"amount":0},"pvEach":33},"quantityLimit":{"quantityQuota":-1,"timeFrameDays":-1,"quantityOrdered":0}}]},"currency":"USD"},{"lines":{"items":[{"item":{"href":"https://hydraqa.unicity.net/v5a-test/items/25eaf64b36ce31368f17ae789fd9ac5b","id":{"unicity":"29694"}},"quantity":1,"terms":{"priceEach":56,"taxEach":{"amount":0},"discountEach":{"amount":0},"pvEach":33},"quantityLimit":{"quantityQuota":-1,"timeFrameDays":-1,"quantityOrdered":0}}]},"currency":"USD"},{"lines":{"items":[{"item":{"href":"https://hydraqa.unicity.net/v5a-test/items/634f7efb30392b2a919de1355902d975","id":{"unicity":"29408"}},"quantity":1,"terms":{"priceEach":80,"taxEach":{"amount":0},"discountEach":{"amount":0},"pvEach":52},"quantityLimit":{"quantityQuota":-1,"timeFrameDays":-1,"quantityOrdered":0}}]},"currency":"USD"},{"lines":{"items":[{"item":{"href":"https://hydraqa.unicity.net/v5a-test/items/bb5c627f16547cb4f706cef521bca356","id":{"unicity":"29437"}},"quantity":1,"terms":{"priceEach":62,"taxEach":{"amount":0},"discountEach":{"amount":0},"pvEach":36},"quantityLimit":{"quantityQuota":-1,"timeFrameDays":-1,"quantityOrdered":0}}]},"currency":"USD"},{"lines":{"items":[{"item":{"href":"https://hydraqa.unicity.net/v5a-test/items/24ff5bda40c0d0e7eaa511866d052915","id":{"unicity":"29612"}},"quantity":1,"terms":{"priceEach":49,"taxEach":{"amount":0},"discountEach":{"amount":0},"pvEach":30},"quantityLimit":{"quantityQuota":-1,"timeFrameDays":-1,"quantityOrdered":0}}]},"currency":"USD"},{"lines":{"items":[{"item":{"href":"https://hydraqa.unicity.net/v5a-test/items/024e696f8b44a1d315006e676604cd31","id":{"unicity":"27395"}},"quantity":1,"terms":{"priceEach":25,"taxEach":{"amount":0},"discountEach":{"amount":0},"pvEach":16},"quantityLimit":{"quantityQuota":-1,"timeFrameDays":-1,"quantityOrdered":0}}]},"currency":"USD"},{"lines":{"items":[{"item":{"href":"https://hydraqa.unicity.net/v5a-test/items/05ca08f3808f126c0cc42154c50fc75c","id":{"unicity":"29440"}},"quantity":1,"terms":{"priceEach":120,"taxEach":{"amount":0},"discountEach":{"amount":0},"pvEach":90},"quantityLimit":{"quantityQuota":-1,"timeFrameDays":-1,"quantityOrdered":0}}]},"currency":"USD"},{"lines":{"items":[{"item":{"href":"https://hydraqa.unicity.net/v5a-test/items/764e2db430d361da99e8f6b70c4d0244","id":{"unicity":"29830"}},"quantity":1,"terms":{"priceEach":17,"taxEach":{"amount":0},"discountEach":{"amount":0},"pvEach":7},"quantityLimit":{"quantityQuota":-1,"timeFrameDays":-1,"quantityOrdered":0}}]},"currency":"USD"},{"lines":{"items":[{"item":{"href":"https://hydraqa.unicity.net/v5a-test/items/b91affa753dd5ee8a9acef4fa7e2c9a7","id":{"unicity":"30414"}},"quantity":1,"terms":{"priceEach":94,"taxEach":{"amount":0},"discountEach":{"amount":0},"pvEach":65},"quantityLimit":{"quantityQuota":-1,"timeFrameDays":-1,"quantityOrdered":0}}]},"currency":"USD"},{"lines":{"items":[{"item":{"href":"https://hydraqa.unicity.net/v5a-test/items/2835b1a78e379486f0ffbfd5fb9f6b0a","id":{"unicity":"30400"}},"quantity":1,"terms":{"priceEach":38,"taxEach":{"amount":0},"discountEach":{"amount":0},"pvEach":28},"quantityLimit":{"quantityQuota":-1,"timeFrameDays":-1,"quantityOrdered":0}}]},"currency":"USD"},{"lines":{"items":[{"item":{"href":"https://hydraqa.unicity.net/v5a-test/items/3875e24e6b6ebdf36c79d205614ed51e","id":{"unicity":"31846"}},"quantity":1,"terms":{"priceEach":126,"taxEach":{"amount":0},"discountEach":{"amount":0},"pvEach":94},"quantityLimit":{"quantityQuota":-1,"timeFrameDays":-1,"quantityOrdered":0}}]},"currency":"USD"},{"lines":{"items":[{"item":{"href":"https://hydraqa.unicity.net/v5a-test/items/89b6d29a85a88d44d65bc8cca3fefc65","id":{"unicity":"31845"}},"quantity":1,"terms":{"priceEach":143,"taxEach":{"amount":0},"discountEach":{"amount":0},"pvEach":100},"quantityLimit":{"quantityQuota":-1,"timeFrameDays":-1,"quantityOrdered":0}}]},"currency":"USD"},{"lines":{"items":[{"item":{"href":"https://hydraqa.unicity.net/v5a-test/items/65f231539924a2fa376afdb39f1f06d6","id":{"unicity":"31848"}},"quantity":1,"terms":{"priceEach":89,"taxEach":{"amount":0},"discountEach":{"amount":0},"pvEach":60},"quantityLimit":{"quantityQuota":-1,"timeFrameDays":-1,"quantityOrdered":0}}]},"currency":"USD"},{"lines":{"items":[{"item":{"href":"https://hydraqa.unicity.net/v5a-test/items/fbb319232b7eed110794d46a68302acb","id":{"unicity":"31847"}},"quantity":1,"terms":{"priceEach":120,"taxEach":{"amount":0},"discountEach":{"amount":0},"pvEach":80},"quantityLimit":{"quantityQuota":-1,"timeFrameDays":-1,"quantityOrdered":0}}]},"currency":"USD"},{"lines":{"items":[{"item":{"href":"https://hydraqa.unicity.net/v5a-test/items/077823d29445b9020de9931f10c63efd","id":{"unicity":"31958"}},"quantity":1,"terms":{"priceEach":129,"taxEach":{"amount":0},"discountEach":{"amount":0},"pvEach":85},"quantityLimit":{"quantityQuota":-1,"timeFrameDays":-1,"quantityOrdered":0}}]},"currency":"USD"},{"lines":{"items":[{"item":{"href":"https://hydraqa.unicity.net/v5a-test/items/bfddb53fe0d5ed5432c531dc9850cbe4","id":{"unicity":"29449"}},"quantity":1,"terms":{"priceEach":37,"taxEach":{"amount":0},"discountEach":{"amount":0},"pvEach":25},"quantityLimit":{"quantityQuota":-1,"timeFrameDays":-1,"quantityOrdered":0}}]},"currency":"USD"},{"lines":{"items":[{"item":{"href":"https://hydraqa.unicity.net/v5a-test/items/c201dcd36f4bb7e17e7a8481ef08d6f2","id":{"unicity":"31518"}},"quantity":1,"terms":{"priceEach":29,"taxEach":{"amount":0},"discountEach":{"amount":0},"pvEach":14},"quantityLimit":{"quantityQuota":-1,"timeFrameDays":-1,"quantityOrdered":0}}]},"currency":"USD"},{"lines":{"items":[{"item":{"href":"https://hydraqa.unicity.net/v5a-test/items/c674cdded8a54983aae3c5dcb32c9e38","id":{"unicity":"32628"}},"quantity":1,"terms":{"priceEach":80,"taxEach":{"amount":0},"discountEach":{"amount":0},"pvEach":50},"quantityLimit":{"quantityQuota":-1,"timeFrameDays":-1,"quantityOrdered":0}}]},"currency":"USD"},{"lines":{"items":[{"item":{"href":"https://hydraqa.unicity.net/v5a-test/items/e30d5100db17be47578745dce83039e6","id":{"unicity":"32838"}},"quantity":1,"terms":{"priceEach":12.95,"taxEach":{"amount":0},"discountEach":{"amount":0},"pvEach":0},"quantityLimit":{"quantityQuota":-1,"timeFrameDays":-1,"quantityOrdered":0}}]},"currency":"USD"}]}
Entry request : {"order":{"customer":{"href":"https://hydraqa.unicity.net/v5a-test/customers?type=Associate"},"shipToAddress":{"country":"US","state":"PR"}},"vary":{"lines":{"items":[{"item":{"href":"https://hydraqa.unicity.net/v5a-test/items?id.unicity=26580|31441|31858|31859|31863|31860|31861|32030|29682|31314|31729|31730|31731|22747|26550|26554|26557|26561|26562|27739|24418|27585|25008|26442|26555|18908|26552|27653|27212|27218|26983|27210|18401|25803|27029|27208|19596|27801|26945|26560|26567|26568|27587|29694|29408|29437|29612|27395|29440|29830|30414|30400|31846|31845|31848|31847|31958|29449|31518|32015|32628|32838"}}]}}}
Request URL: https://hydraqa.unicity.net/v5a-test/customers.js?callback=angular.callbacks._1&expand=customer,profilePicture&id.unicity=2
Request URL: https://hydraqa.unicity.net/v5a-test/customers.js?_httpMethod=HEAD&callback=angular.callbacks._7&email=WIMHZT@gmail.com
Request URL: https://hydraqa.unicity.net/v5a-test/shippingmethods.js?callback=angular.callbacks._a&destination=US&market=US&state=PR
Request URL: https://hydraqa.unicity.net/v5a-test/addresses?country=PR&zip=00907
Entry response : {"items":[{"city":"San Juan","state":"San Juan"}]}
]]></system-out>
    <system-err><![CDATA[Starting ChromeDriver 2.36.540470 (e522d04694c7ebea4ba8821272dbef4f9b818c91) on port 9282
Only local connections are allowed.
Dec 10, 2020 11:40:53 AM org.openqa.selenium.remote.ProtocolHandshake createSession
INFO: Detected dialect: OSS
]]></system-err>
  </testcase>
  <testcase name="Enroll" classname="Tests.FranchisePartner" time="224.917">
    <failure message="no such element: Unable to locate element: {&quot;method&quot;:&quot;xpath&quot;,&quot;selector&quot;:&quot;(//div[contains(@class,&apos;col-xs-5 text-right&apos;)])[5]&quot;}&#10;  (Session info: chrome=87.0.4280.88)&#10;  (Driver info: chromedriver=2.36.540470 (e522d04694c7ebea4ba8821272dbef4f9b818c91),platform=Windows NT 6.3.9600 x86_64) (WARNING: The server did not provide any stacktrace information)&#10;Command duration or timeout: 0 milliseconds&#10;For documentation on this error, please visit: http://seleniumhq.org/exceptions/no_such_element.html&#10;Build info: version: &apos;3.8.1&apos;, revision: &apos;6e95a6684b&apos;, time: &apos;2017-12-01T18:33:54.468Z&apos;&#10;System info: host: &apos;QASERVER01&apos;, ip: &apos;10.2.0.23&apos;, os.name: &apos;Windows Server 2012 R2&apos;, os.arch: &apos;amd64&apos;, os.version: &apos;6.3&apos;, java.version: &apos;1.8.0_111&apos;&#10;Driver info: org.openqa.selenium.chrome.ChromeDriver&#10;Capabilities {acceptInsecureCerts: false, acceptSslCerts: false, applicationCacheEnabled: false, browserConnectionEnabled: false, browserName: chrome, chrome: {chromedriverVersion: 2.36.540470 (e522d04694c7eb..., userDataDir: C:\Users\sumancb\AppData\Lo...}, cssSelectorsEnabled: true, databaseEnabled: false, handlesAlerts: true, hasTouchScreen: false, javascriptEnabled: true, locationContextEnabled: true, mobileEmulationEnabled: false, nativeEvents: true, networkConnectionEnabled: false, pageLoadStrategy: normal, platform: XP, platformName: XP, rotatable: false, setWindowRect: true, takesHeapSnapshot: true, takesScreenshot: true, unexpectedAlertBehaviour: , unhandledPromptBehavior: , version: 87.0.4280.88, webStorageEnabled: true}&#10;Session ID: 5dba6e28d8416644ba2751f1bdfdc328&#10;*** Element info: {Using=xpath, value=(//div[contains(@class,&apos;col-xs-5 text-right&apos;)])[5]}" type="org.openqa.selenium.NoSuchElementException">org.openqa.selenium.NoSuchElementException: 
no such element: Unable to locate element: {"method":"xpath","selector":"(//div[contains(@class,'col-xs-5 text-right')])[5]"}
  (Session info: chrome=87.0.4280.88)
  (Driver info: chromedriver=2.36.540470 (e522d04694c7ebea4ba8821272dbef4f9b818c91),platform=Windows NT 6.3.9600 x86_64) (WARNING: The server did not provide any stacktrace information)
Command duration or timeout: 0 milliseconds
For documentation on this error, please visit: http://seleniumhq.org/exceptions/no_such_element.html
Build info: version: '3.8.1', revision: '6e95a6684b', time: '2017-12-01T18:33:54.468Z'
System info: host: 'QASERVER01', ip: '10.2.0.23', os.name: 'Windows Server 2012 R2', os.arch: 'amd64', os.version: '6.3', java.version: '1.8.0_111'
Driver info: org.openqa.selenium.chrome.ChromeDriver
Capabilities {acceptInsecureCerts: false, acceptSslCerts: false, applicationCacheEnabled: false, browserConnectionEnabled: false, browserName: chrome, chrome: {chromedriverVersion: 2.36.540470 (e522d04694c7eb..., userDataDir: C:\Users\sumancb\AppData\Lo...}, cssSelectorsEnabled: true, databaseEnabled: false, handlesAlerts: true, hasTouchScreen: false, javascriptEnabled: true, locationContextEnabled: true, mobileEmulationEnabled: false, nativeEvents: true, networkConnectionEnabled: false, pageLoadStrategy: normal, platform: XP, platformName: XP, rotatable: false, setWindowRect: true, takesHeapSnapshot: true, takesScreenshot: true, unexpectedAlertBehaviour: , unhandledPromptBehavior: , version: 87.0.4280.88, webStorageEnabled: true}
Session ID: 5dba6e28d8416644ba2751f1bdfdc328
*** Element info: {Using=xpath, value=(//div[contains(@class,'col-xs-5 text-right')])[5]}
	at Tests.FranchisePartner.Enroll(FranchisePartner.java:261)
</failure>
    <system-out><![CDATA[Request URL: https://hydraqa.unicity.net/v5a-test/quotes?&expand=item
Entry Quotes response : {"items":[{"lines":{"items":[{"item":{"href":"https://hydraqa.unicity.net/v5a-test/items/051e765a5a71835a859c2757edd359f0","id":{"unicity":"26580"}},"quantity":1,"terms":{"priceEach":195,"taxEach":{"amount":0},"discountEach":{"amount":0},"pvEach":130},"quantityLimit":{"quantityQuota":-1,"timeFrameDays":-1,"quantityOrdered":0}}]},"currency":"USD"},{"lines":{"items":[{"item":{"href":"https://hydraqa.unicity.net/v5a-test/items/90d5ee3af77bdc64ecf28a45b604bf3d","id":{"unicity":"31441"}},"quantity":1,"terms":{"priceEach":40,"taxEach":{"amount":0},"discountEach":{"amount":0},"pvEach":0},"quantityLimit":{"quantityQuota":-1,"timeFrameDays":-1,"quantityOrdered":0}}]},"currency":"USD"},{"lines":{"items":[{"item":{"href":"https://hydraqa.unicity.net/v5a-test/items/cf8460040a1860bcabf250b6c1171675","id":{"unicity":"31858"}},"quantity":1,"terms":{"priceEach":269,"taxEach":{"amount":0},"discountEach":{"amount":0},"pvEach":195},"quantityLimit":{"quantityQuota":-1,"timeFrameDays":-1,"quantityOrdered":0}}]},"currency":"USD"},{"lines":{"items":[{"item":{"href":"https://hydraqa.unicity.net/v5a-test/items/2de8516a24af8232add0bb392e750a71","id":{"unicity":"31859"}},"quantity":1,"terms":{"priceEach":179,"taxEach":{"amount":0},"discountEach":{"amount":0},"pvEach":130},"quantityLimit":{"quantityQuota":-1,"timeFrameDays":-1,"quantityOrdered":0}}]},"currency":"USD"},{"lines":{"items":[{"item":{"href":"https://hydraqa.unicity.net/v5a-test/items/fd464cd7972cc1317e850b9196d886b8","id":{"unicity":"31863"}},"quantity":1,"terms":{"priceEach":210,"taxEach":{"amount":0},"discountEach":{"amount":0},"pvEach":148},"quantityLimit":{"quantityQuota":-1,"timeFrameDays":-1,"quantityOrdered":0}}]},"currency":"USD"},{"lines":{"items":[{"item":{"href":"https://hydraqa.unicity.net/v5a-test/items/d4c8fce238d6fc34d17a4b36d1e4e59a","id":{"unicity":"31860"}},"quantity":1,"terms":{"priceEach":196,"taxEach":{"amount":0},"discountEach":{"amount":0},"pvEach":135},"quantityLimit":{"quantityQuota":-1,"timeFrameDays":-1,"quantityOrdered":0}}]},"currency":"USD"},{"lines":{"items":[{"item":{"href":"https://hydraqa.unicity.net/v5a-test/items/4ab49eca1731e69206ccafb5112ad5a4","id":{"unicity":"31861"}},"quantity":1,"terms":{"priceEach":196,"taxEach":{"amount":0},"discountEach":{"amount":0},"pvEach":135},"quantityLimit":{"quantityQuota":-1,"timeFrameDays":-1,"quantityOrdered":0}}]},"currency":"USD"},{"lines":{"items":[{"item":{"href":"https://hydraqa.unicity.net/v5a-test/items/50747027a065cb8361c1f0d6eb880466","id":{"unicity":"32030"}},"quantity":1,"terms":{"priceEach":143,"taxEach":{"amount":0},"discountEach":{"amount":0},"pvEach":102},"quantityLimit":{"quantityQuota":-1,"timeFrameDays":-1,"quantityOrdered":0}}]},"currency":"USD"},{"lines":{"items":[{"item":{"href":"https://hydraqa.unicity.net/v5a-test/items/4a3d248668cd56e31c6eb403d87f15b2","id":{"unicity":"29682"}},"quantity":1,"terms":{"priceEach":203,"taxEach":{"amount":0},"discountEach":{"amount":0},"pvEach":144},"quantityLimit":{"quantityQuota":-1,"timeFrameDays":-1,"quantityOrdered":0}}]},"currency":"USD"},{"lines":{"items":[{"item":{"href":"https://hydraqa.unicity.net/v5a-test/items/d306a0b65f27f19b4968e5c05906a9f4","id":{"unicity":"31314"}},"quantity":1,"terms":{"priceEach":388,"taxEach":{"amount":0},"discountEach":{"amount":0},"pvEach":268},"quantityLimit":{"quantityQuota":-1,"timeFrameDays":-1,"quantityOrdered":0}}]},"currency":"USD"},{"lines":{"items":[{"item":{"href":"https://hydraqa.unicity.net/v5a-test/items/00c2eb70c985722ce208490aece00945","id":{"unicity":"31729"}},"quantity":1,"terms":{"priceEach":143,"taxEach":{"amount":0},"discountEach":{"amount":0},"pvEach":100},"quantityLimit":{"quantityQuota":-1,"timeFrameDays":-1,"quantityOrdered":0}}]},"currency":"USD"},{"lines":{"items":[{"item":{"href":"https://hydraqa.unicity.net/v5a-test/items/693a7c4a70b06a00471afe8d6cae5023","id":{"unicity":"31730"}},"quantity":1,"terms":{"priceEach":120,"taxEach":{"amount":0},"discountEach":{"amount":0},"pvEach":80},"quantityLimit":{"quantityQuota":-1,"timeFrameDays":-1,"quantityOrdered":0}}]},"currency":"USD"},{"lines":{"items":[{"item":{"href":"https://hydraqa.unicity.net/v5a-test/items/ccb242d74dcb1fe621cc7bfe1b1de315","id":{"unicity":"31731"}},"quantity":1,"terms":{"priceEach":89,"taxEach":{"amount":0},"discountEach":{"amount":0},"pvEach":60},"quantityLimit":{"quantityQuota":-1,"timeFrameDays":-1,"quantityOrdered":0}}]},"currency":"USD"},{"lines":{"items":[{"item":{"href":"https://hydraqa.unicity.net/v5a-test/items/cea826eab72d44641c070aab6c97c1ac","id":{"unicity":"22747"}},"quantity":1,"terms":{"priceEach":27,"taxEach":{"amount":0},"discountEach":{"amount":0},"pvEach":16},"quantityLimit":{"quantityQuota":-1,"timeFrameDays":-1,"quantityOrdered":0}}]},"currency":"USD"},{"lines":{"items":[{"item":{"href":"https://hydraqa.unicity.net/v5a-test/items/9a7715e888c94989d898fe4653645721","id":{"unicity":"26550"}},"quantity":1,"terms":{"priceEach":80,"taxEach":{"amount":0},"discountEach":{"amount":0},"pvEach":52},"quantityLimit":{"quantityQuota":-1,"timeFrameDays":-1,"quantityOrdered":0}}]},"currency":"USD"},{"lines":{"items":[{"item":{"href":"https://hydraqa.unicity.net/v5a-test/items/0cf62d38e91953b43dcfe88b06f813cb","id":{"unicity":"26557"}},"quantity":1,"terms":{"priceEach":79,"taxEach":{"amount":0},"discountEach":{"amount":0},"pvEach":61},"quantityLimit":{"quantityQuota":-1,"timeFrameDays":-1,"quantityOrdered":0}}]},"currency":"USD"},{"lines":{"items":[{"item":{"href":"https://hydraqa.unicity.net/v5a-test/items/cda534d686af5d627c94c4bb2c4b57d8","id":{"unicity":"26561"}},"quantity":1,"terms":{"priceEach":16,"taxEach":{"amount":0},"discountEach":{"amount":0},"pvEach":11},"quantityLimit":{"quantityQuota":-1,"timeFrameDays":-1,"quantityOrdered":0}}]},"currency":"USD"},{"lines":{"items":[{"item":{"href":"https://hydraqa.unicity.net/v5a-test/items/0a3ede185ddf034630afd891c5106d33","id":{"unicity":"26562"}},"quantity":1,"terms":{"priceEach":33,"taxEach":{"amount":0},"discountEach":{"amount":0},"pvEach":25},"quantityLimit":{"quantityQuota":-1,"timeFrameDays":-1,"quantityOrdered":0}}]},"currency":"USD"},{"lines":{"items":[{"item":{"href":"https://hydraqa.unicity.net/v5a-test/items/1bd53de7fe880ba71f46c9976ca2c137","id":{"unicity":"27739"}},"quantity":1,"terms":{"priceEach":33,"taxEach":{"amount":0},"discountEach":{"amount":0},"pvEach":13},"quantityLimit":{"quantityQuota":-1,"timeFrameDays":-1,"quantityOrdered":0}}]},"currency":"USD"},{"lines":{"items":[{"item":{"href":"https://hydraqa.unicity.net/v5a-test/items/1945faa1776541d53120ecfe3c1d8a2b","id":{"unicity":"24418"}},"quantity":1,"terms":{"priceEach":5,"taxEach":{"amount":0},"discountEach":{"amount":0},"pvEach":0},"quantityLimit":{"quantityQuota":-1,"timeFrameDays":-1,"quantityOrdered":0}}]},"currency":"USD"},{"lines":{"items":[{"item":{"href":"https://hydraqa.unicity.net/v5a-test/items/9a6e1d094182389c3da8e0a320ff0e00","id":{"unicity":"27585"}},"quantity":1,"terms":{"priceEach":56,"taxEach":{"amount":0},"discountEach":{"amount":0},"pvEach":33},"quantityLimit":{"quantityQuota":-1,"timeFrameDays":-1,"quantityOrdered":0}}]},"currency":"USD"},{"lines":{"items":[{"item":{"href":"https://hydraqa.unicity.net/v5a-test/items/b127a2d34d3d73e2f53e4c2002a7a4a2","id":{"unicity":"25008"}},"quantity":1,"terms":{"priceEach":19,"taxEach":{"amount":0},"discountEach":{"amount":0},"pvEach":15},"quantityLimit":{"quantityQuota":-1,"timeFrameDays":-1,"quantityOrdered":0}}]},"currency":"USD"},{"lines":{"items":[{"item":{"href":"https://hydraqa.unicity.net/v5a-test/items/10da226fab00279b4f89df10af2a10b7","id":{"unicity":"26442"}},"quantity":1,"terms":{"priceEach":6,"taxEach":{"amount":0},"discountEach":{"amount":0},"pvEach":0},"quantityLimit":{"quantityQuota":-1,"timeFrameDays":-1,"quantityOrdered":0}}]},"currency":"USD"},{"lines":{"items":[{"item":{"href":"https://hydraqa.unicity.net/v5a-test/items/aa0d72ac13b1ce88cf8c4a52ede75a37","id":{"unicity":"26552"}},"quantity":1,"terms":{"priceEach":70,"taxEach":{"amount":0},"discountEach":{"amount":0},"pvEach":50},"quantityLimit":{"quantityQuota":-1,"timeFrameDays":-1,"quantityOrdered":0}}]},"currency":"USD"},{"lines":{"items":[{"item":{"href":"https://hydraqa.unicity.net/v5a-test/items/a391ad8c3c129526dc42793f5fee30f7","id":{"unicity":"27653"}},"quantity":1,"terms":{"priceEach":5,"taxEach":{"amount":0},"discountEach":{"amount":0},"pvEach":0},"quantityLimit":{"quantityQuota":-1,"timeFrameDays":-1,"quantityOrdered":0}}]},"currency":"USD"},{"lines":{"items":[{"item":{"href":"https://hydraqa.unicity.net/v5a-test/items/c83534b0b0693d9f78eaaae2030ed4c1","id":{"unicity":"27212"}},"quantity":1,"terms":{"priceEach":10,"taxEach":{"amount":0},"discountEach":{"amount":0},"pvEach":0},"quantityLimit":{"quantityQuota":-1,"timeFrameDays":-1,"quantityOrdered":0}}]},"currency":"USD"},{"lines":{"items":[{"item":{"href":"https://hydraqa.unicity.net/v5a-test/items/025d45e8cee8a1a4029f1cfd3bf70786","id":{"unicity":"26983"}},"quantity":1,"terms":{"priceEach":10,"taxEach":{"amount":0},"discountEach":{"amount":0},"pvEach":0},"quantityLimit":{"quantityQuota":-1,"timeFrameDays":-1,"quantityOrdered":0}}]},"currency":"USD"},{"lines":{"items":[{"item":{"href":"https://hydraqa.unicity.net/v5a-test/items/b2fc4b9ba4aa5cae54389161be2f841f","id":{"unicity":"18401"}},"quantity":1,"terms":{"priceEach":31,"taxEach":{"amount":0},"discountEach":{"amount":0},"pvEach":19},"quantityLimit":{"quantityQuota":-1,"timeFrameDays":-1,"quantityOrdered":0}}]},"currency":"USD"},{"lines":{"items":[{"item":{"href":"https://hydraqa.unicity.net/v5a-test/items/19f8db4bcf7263831586f726e748f73c","id":{"unicity":"27208"}},"quantity":1,"terms":{"priceEach":30,"taxEach":{"amount":0},"discountEach":{"amount":0},"pvEach":0},"quantityLimit":{"quantityQuota":-1,"timeFrameDays":-1,"quantityOrdered":0}}]},"currency":"USD"},{"lines":{"items":[{"item":{"href":"https://hydraqa.unicity.net/v5a-test/items/5a38f009bec6c23b1b3a70432f9722e5","id":{"unicity":"19596"}},"quantity":1,"terms":{"priceEach":49,"taxEach":{"amount":0},"discountEach":{"amount":0},"pvEach":30},"quantityLimit":{"quantityQuota":-1,"timeFrameDays":-1,"quantityOrdered":0}}]},"currency":"USD"},{"lines":{"items":[{"item":{"href":"https://hydraqa.unicity.net/v5a-test/items/38da42f991a40a00153b2e5055b82dbf","id":{"unicity":"27801"}},"quantity":1,"terms":{"priceEach":195,"taxEach":{"amount":0},"discountEach":{"amount":0},"pvEach":130},"quantityLimit":{"quantityQuota":-1,"timeFrameDays":-1,"quantityOrdered":0}}]},"currency":"USD"},{"lines":{"items":[{"item":{"href":"https://hydraqa.unicity.net/v5a-test/items/398d06b858b960f6f38086d40608aef2","id":{"unicity":"26560"}},"quantity":1,"terms":{"priceEach":16,"taxEach":{"amount":0},"discountEach":{"amount":0},"pvEach":12},"quantityLimit":{"quantityQuota":-1,"timeFrameDays":-1,"quantityOrdered":0}}]},"currency":"USD"},{"lines":{"items":[{"item":{"href":"https://hydraqa.unicity.net/v5a-test/items/3f2d12d7a0e8551fc99fad3bbe1ba633","id":{"unicity":"26567"}},"quantity":1,"terms":{"priceEach":56,"taxEach":{"amount":0},"discountEach":{"amount":0},"pvEach":35},"quantityLimit":{"quantityQuota":-1,"timeFrameDays":-1,"quantityOrdered":0}}]},"currency":"USD"},{"lines":{"items":[{"item":{"href":"https://hydraqa.unicity.net/v5a-test/items/191637167cb3144bd2e8c4615e9ab67e","id":{"unicity":"26568"}},"quantity":1,"terms":{"priceEach":56,"taxEach":{"amount":0},"discountEach":{"amount":0},"pvEach":35},"quantityLimit":{"quantityQuota":-1,"timeFrameDays":-1,"quantityOrdered":0}}]},"currency":"USD"},{"lines":{"items":[{"item":{"href":"https://hydraqa.unicity.net/v5a-test/items/112b8c39286598b3730f630f371a45f4","id":{"unicity":"27587"}},"quantity":1,"terms":{"priceEach":58,"taxEach":{"amount":0},"discountEach":{"amount":0},"pvEach":33},"quantityLimit":{"quantityQuota":-1,"timeFrameDays":-1,"quantityOrdered":0}}]},"currency":"USD"},{"lines":{"items":[{"item":{"href":"https://hydraqa.unicity.net/v5a-test/items/25eaf64b36ce31368f17ae789fd9ac5b","id":{"unicity":"29694"}},"quantity":1,"terms":{"priceEach":56,"taxEach":{"amount":0},"discountEach":{"amount":0},"pvEach":33},"quantityLimit":{"quantityQuota":-1,"timeFrameDays":-1,"quantityOrdered":0}}]},"currency":"USD"},{"lines":{"items":[{"item":{"href":"https://hydraqa.unicity.net/v5a-test/items/634f7efb30392b2a919de1355902d975","id":{"unicity":"29408"}},"quantity":1,"terms":{"priceEach":80,"taxEach":{"amount":0},"discountEach":{"amount":0},"pvEach":52},"quantityLimit":{"quantityQuota":-1,"timeFrameDays":-1,"quantityOrdered":0}}]},"currency":"USD"},{"lines":{"items":[{"item":{"href":"https://hydraqa.unicity.net/v5a-test/items/bb5c627f16547cb4f706cef521bca356","id":{"unicity":"29437"}},"quantity":1,"terms":{"priceEach":62,"taxEach":{"amount":0},"discountEach":{"amount":0},"pvEach":36},"quantityLimit":{"quantityQuota":-1,"timeFrameDays":-1,"quantityOrdered":0}}]},"currency":"USD"},{"lines":{"items":[{"item":{"href":"https://hydraqa.unicity.net/v5a-test/items/24ff5bda40c0d0e7eaa511866d052915","id":{"unicity":"29612"}},"quantity":1,"terms":{"priceEach":49,"taxEach":{"amount":0},"discountEach":{"amount":0},"pvEach":30},"quantityLimit":{"quantityQuota":-1,"timeFrameDays":-1,"quantityOrdered":0}}]},"currency":"USD"},{"lines":{"items":[{"item":{"href":"https://hydraqa.unicity.net/v5a-test/items/024e696f8b44a1d315006e676604cd31","id":{"unicity":"27395"}},"quantity":1,"terms":{"priceEach":25,"taxEach":{"amount":0},"discountEach":{"amount":0},"pvEach":16},"quantityLimit":{"quantityQuota":-1,"timeFrameDays":-1,"quantityOrdered":0}}]},"currency":"USD"},{"lines":{"items":[{"item":{"href":"https://hydraqa.unicity.net/v5a-test/items/05ca08f3808f126c0cc42154c50fc75c","id":{"unicity":"29440"}},"quantity":1,"terms":{"priceEach":120,"taxEach":{"amount":0},"discountEach":{"amount":0},"pvEach":90},"quantityLimit":{"quantityQuota":-1,"timeFrameDays":-1,"quantityOrdered":0}}]},"currency":"USD"},{"lines":{"items":[{"item":{"href":"https://hydraqa.unicity.net/v5a-test/items/764e2db430d361da99e8f6b70c4d0244","id":{"unicity":"29830"}},"quantity":1,"terms":{"priceEach":17,"taxEach":{"amount":0},"discountEach":{"amount":0},"pvEach":7},"quantityLimit":{"quantityQuota":-1,"timeFrameDays":-1,"quantityOrdered":0}}]},"currency":"USD"},{"lines":{"items":[{"item":{"href":"https://hydraqa.unicity.net/v5a-test/items/b91affa753dd5ee8a9acef4fa7e2c9a7","id":{"unicity":"30414"}},"quantity":1,"terms":{"priceEach":94,"taxEach":{"amount":0},"discountEach":{"amount":0},"pvEach":65},"quantityLimit":{"quantityQuota":-1,"timeFrameDays":-1,"quantityOrdered":0}}]},"currency":"USD"},{"lines":{"items":[{"item":{"href":"https://hydraqa.unicity.net/v5a-test/items/2835b1a78e379486f0ffbfd5fb9f6b0a","id":{"unicity":"30400"}},"quantity":1,"terms":{"priceEach":38,"taxEach":{"amount":0},"discountEach":{"amount":0},"pvEach":28},"quantityLimit":{"quantityQuota":-1,"timeFrameDays":-1,"quantityOrdered":0}}]},"currency":"USD"},{"lines":{"items":[{"item":{"href":"https://hydraqa.unicity.net/v5a-test/items/3875e24e6b6ebdf36c79d205614ed51e","id":{"unicity":"31846"}},"quantity":1,"terms":{"priceEach":126,"taxEach":{"amount":0},"discountEach":{"amount":0},"pvEach":94},"quantityLimit":{"quantityQuota":-1,"timeFrameDays":-1,"quantityOrdered":0}}]},"currency":"USD"},{"lines":{"items":[{"item":{"href":"https://hydraqa.unicity.net/v5a-test/items/89b6d29a85a88d44d65bc8cca3fefc65","id":{"unicity":"31845"}},"quantity":1,"terms":{"priceEach":143,"taxEach":{"amount":0},"discountEach":{"amount":0},"pvEach":100},"quantityLimit":{"quantityQuota":-1,"timeFrameDays":-1,"quantityOrdered":0}}]},"currency":"USD"},{"lines":{"items":[{"item":{"href":"https://hydraqa.unicity.net/v5a-test/items/65f231539924a2fa376afdb39f1f06d6","id":{"unicity":"31848"}},"quantity":1,"terms":{"priceEach":89,"taxEach":{"amount":0},"discountEach":{"amount":0},"pvEach":60},"quantityLimit":{"quantityQuota":-1,"timeFrameDays":-1,"quantityOrdered":0}}]},"currency":"USD"},{"lines":{"items":[{"item":{"href":"https://hydraqa.unicity.net/v5a-test/items/fbb319232b7eed110794d46a68302acb","id":{"unicity":"31847"}},"quantity":1,"terms":{"priceEach":120,"taxEach":{"amount":0},"discountEach":{"amount":0},"pvEach":80},"quantityLimit":{"quantityQuota":-1,"timeFrameDays":-1,"quantityOrdered":0}}]},"currency":"USD"},{"lines":{"items":[{"item":{"href":"https://hydraqa.unicity.net/v5a-test/items/077823d29445b9020de9931f10c63efd","id":{"unicity":"31958"}},"quantity":1,"terms":{"priceEach":129,"taxEach":{"amount":0},"discountEach":{"amount":0},"pvEach":85},"quantityLimit":{"quantityQuota":-1,"timeFrameDays":-1,"quantityOrdered":0}}]},"currency":"USD"},{"lines":{"items":[{"item":{"href":"https://hydraqa.unicity.net/v5a-test/items/bfddb53fe0d5ed5432c531dc9850cbe4","id":{"unicity":"29449"}},"quantity":1,"terms":{"priceEach":37,"taxEach":{"amount":0},"discountEach":{"amount":0},"pvEach":25},"quantityLimit":{"quantityQuota":-1,"timeFrameDays":-1,"quantityOrdered":0}}]},"currency":"USD"},{"lines":{"items":[{"item":{"href":"https://hydraqa.unicity.net/v5a-test/items/c201dcd36f4bb7e17e7a8481ef08d6f2","id":{"unicity":"31518"}},"quantity":1,"terms":{"priceEach":29,"taxEach":{"amount":0},"discountEach":{"amount":0},"pvEach":14},"quantityLimit":{"quantityQuota":-1,"timeFrameDays":-1,"quantityOrdered":0}}]},"currency":"USD"},{"lines":{"items":[{"item":{"href":"https://hydraqa.unicity.net/v5a-test/items/c674cdded8a54983aae3c5dcb32c9e38","id":{"unicity":"32628"}},"quantity":1,"terms":{"priceEach":80,"taxEach":{"amount":0},"discountEach":{"amount":0},"pvEach":50},"quantityLimit":{"quantityQuota":-1,"timeFrameDays":-1,"quantityOrdered":0}}]},"currency":"USD"},{"lines":{"items":[{"item":{"href":"https://hydraqa.unicity.net/v5a-test/items/e30d5100db17be47578745dce83039e6","id":{"unicity":"32838"}},"quantity":1,"terms":{"priceEach":12.95,"taxEach":{"amount":0},"discountEach":{"amount":0},"pvEach":0},"quantityLimit":{"quantityQuota":-1,"timeFrameDays":-1,"quantityOrdered":0}}]},"currency":"USD"}]}
Entry request : {"order":{"customer":{"href":"https://hydraqa.unicity.net/v5a-test/customers?type=Associate"},"shipToAddress":{"country":"US","state":"PR"}},"vary":{"lines":{"items":[{"item":{"href":"https://hydraqa.unicity.net/v5a-test/items?id.unicity=26580|31441|31858|31859|31863|31860|31861|32030|29682|31314|31729|31730|31731|22747|26550|26554|26557|26561|26562|27739|24418|27585|25008|26442|26555|18908|26552|27653|27212|27218|26983|27210|18401|25803|27029|27208|19596|27801|26945|26560|26567|26568|27587|29694|29408|29437|29612|27395|29440|29830|30414|30400|31846|31845|31848|31847|31958|29449|31518|32015|32628|32838"}}]}}}
Request URL: https://hydraqa.unicity.net/v5a-test/customers.js?callback=angular.callbacks._1&expand=customer,profilePicture&id.unicity=2
Request URL: https://hydraqa.unicity.net/v5a-test/customers.js?_httpMethod=HEAD&callback=angular.callbacks._7&email=BMZVGV@gmail.com
Request URL: https://hydraqa.unicity.net/v5a-test/shippingmethods.js?callback=angular.callbacks._a&destination=US&market=US&state=PR
Request URL: https://hydraqa.unicity.net/v5a-test/addresses?country=PR&zip=00907
Entry response : {"items":[{"city":"San Juan","state":"San Juan"}]}
]]></system-out>
    <system-err><![CDATA[Starting ChromeDriver 2.36.540470 (e522d04694c7ebea4ba8821272dbef4f9b818c91) on port 30052
Only local connections are allowed.
Dec 10, 2020 11:44:48 AM org.openqa.selenium.remote.ProtocolHandshake createSession
INFO: Detected dialect: OSS
]]></system-err>
  </testcase>
  <testcase name="Enroll" classname="Tests.FranchisePartner" time="263.219">
    <failure message="Critical A-Z section not displaying" type="java.lang.AssertionError">java.lang.AssertionError: Critical A-Z section not displaying
	at Tests.FranchisePartner.Enroll(FranchisePartner.java:257)
</failure>
    <system-out><![CDATA[Request URL: https://hydraqa.unicity.net/v5a-test/quotes?&expand=item
Entry Quotes response : {"items":[{"lines":{"items":[{"item":{"href":"https://hydraqa.unicity.net/v5a-test/items/332daeac6796ed016ea8b7d0bc42c2d4","id":{"unicity":"24274"},"weightEach":{"value":0},"servingsPerContainer":0,"servingSize":0},"quantity":1,"terms":{"priceEach":800,"taxEach":{"amount":1.87},"discountEach":{"amount":0},"pvEach":0},"quantityLimit":{"quantityQuota":-1,"timeFrameDays":-1,"quantityOrdered":0}}]},"currency":"EUR"}]}
Entry request : {"order":{"customer":{"href":"https://hydraqa.unicity.net/v5a-test/customers?type=Associate"},"shipToAddress":{"country":"SE"}},"vary":{"lines":{"items":[{"item":{"href":"https://hydraqa.unicity.net/v5a-test/items?id.unicity=26297|26372|26373|28939|31162|31163|31164|31242|31243|31244|31763|31951|31952|32128|32129|32130|32132|32133|32134|32135|32136|32137|32138|32125|32699|33092|33094|33093|18511|26422|27156|27158|27160|27166|27222|27224|27617|27660|27585|28601|28604|28805|29838|31402|31772|31777|31780|31781|31782|31779|31932|31778|32556|29317|29833|32755|32756|32968|32965|32966|33097|33095|33098|33096|20750|24274|24418|26442|27150|27163|27575|27587|27395|15880|26560|29017|26567|26568|24758|29821|32012|17174|29183|30280|29187|29191|30684|30198|31672|31534|29449|32126|32127|32087|32333|32330|32693|27739"}}]}}}
]]></system-out>
    <system-err><![CDATA[Starting ChromeDriver 2.36.540470 (e522d04694c7ebea4ba8821272dbef4f9b818c91) on port 26243
Only local connections are allowed.
Dec 10, 2020 11:48:39 AM org.openqa.selenium.remote.ProtocolHandshake createSession
INFO: Detected dialect: OSS
]]></system-err>
  </testcase>
  <testcase name="Enroll" classname="Tests.FranchisePartner" time="251.381">
    <failure message="Critical A-Z section not displaying" type="java.lang.AssertionError">java.lang.AssertionError: Critical A-Z section not displaying
	at Tests.FranchisePartner.Enroll(FranchisePartner.java:257)
</failure>
    <system-out><![CDATA[Request URL: https://hydraqa.unicity.net/v5a-test/quotes?&expand=item
Entry Quotes response : {"items":[{"lines":{"items":[{"item":{"href":"https://hydraqa.unicity.net/v5a-test/items/332daeac6796ed016ea8b7d0bc42c2d4","id":{"unicity":"24274"},"weightEach":{"value":0},"servingsPerContainer":0,"servingSize":0},"quantity":1,"terms":{"priceEach":800,"taxEach":{"amount":1.87},"discountEach":{"amount":0},"pvEach":0},"quantityLimit":{"quantityQuota":-1,"timeFrameDays":-1,"quantityOrdered":0}}]},"currency":"EUR"}]}
Entry request : {"order":{"customer":{"href":"https://hydraqa.unicity.net/v5a-test/customers?type=Associate"},"shipToAddress":{"country":"SE"}},"vary":{"lines":{"items":[{"item":{"href":"https://hydraqa.unicity.net/v5a-test/items?id.unicity=26297|26372|26373|28939|31162|31163|31164|31242|31243|31244|31763|31951|31952|32128|32129|32130|32132|32133|32134|32135|32136|32137|32138|32125|32699|33092|33094|33093|18511|26422|27156|27158|27160|27166|27222|27224|27617|27660|27585|28601|28604|28805|29838|31402|31772|31777|31780|31781|31782|31779|31932|31778|32556|29317|29833|32755|32756|32968|32965|32966|33097|33095|33098|33096|20750|24274|24418|26442|27150|27163|27575|27587|27395|15880|26560|29017|26567|26568|24758|29821|32012|17174|29183|30280|29187|29191|30684|30198|31672|31534|29449|32126|32127|32087|32333|32330|32693|27739"}}]}}}
]]></system-out>
    <system-err><![CDATA[Starting ChromeDriver 2.36.540470 (e522d04694c7ebea4ba8821272dbef4f9b818c91) on port 14421
Only local connections are allowed.
Dec 10, 2020 11:53:10 AM org.openqa.selenium.remote.ProtocolHandshake createSession
INFO: Detected dialect: OSS
]]></system-err>
  </testcase>
  <testcase name="Enroll" classname="Tests.FranchisePartner" time="263.082">
    <failure message="Critical A-Z section not displaying" type="java.lang.AssertionError">java.lang.AssertionError: Critical A-Z section not displaying
	at Tests.FranchisePartner.Enroll(FranchisePartner.java:257)
</failure>
    <system-out><![CDATA[Request URL: https://hydraqa.unicity.net/v5a-test/quotes?&expand=item
Entry Quotes response : {"items":[{"lines":{"items":[{"item":{"href":"https://hydraqa.unicity.net/v5a-test/items/332daeac6796ed016ea8b7d0bc42c2d4","id":{"unicity":"24274"},"weightEach":{"value":0},"servingsPerContainer":0,"servingSize":0},"quantity":1,"terms":{"priceEach":800,"taxEach":{"amount":0.72},"discountEach":{"amount":0},"pvEach":0},"quantityLimit":{"quantityQuota":-1,"timeFrameDays":-1,"quantityOrdered":0}}]},"currency":"CHF"}]}
Entry request : {"order":{"customer":{"href":"https://hydraqa.unicity.net/v5a-test/customers?type=Associate"},"shipToAddress":{"country":"CH"}},"vary":{"lines":{"items":[{"item":{"href":"https://hydraqa.unicity.net/v5a-test/items?id.unicity=26306|27617|31763|31400|31951|31952|32128|32129|32130|32132|32133|32134|32135|32136|32137|32138|32125|33094|33093|18511|26422|27156|27158|27166|27660|27436|27585|28601|28604|24758|29838|31402|31772|31777|31780|31781|31782|31779|31932|31778|32556|22605|29317|30103|29832|29833|30286|31740|32140|32141|32148|32149|32756|32968|32965|32966|32146|32142|32144|32145|32147|32143|32967|23989|24274|24418|26442|27150|27163|27587|27395|15880|26560|29017|26567|26568|29821|32012|17174|29183|30280|29187|29191|30684|31672|31534|29449|32126|32127|32087|32333|32755|32330|32693|27739"}}]}}}
]]></system-out>
    <system-err><![CDATA[Starting ChromeDriver 2.36.540470 (e522d04694c7ebea4ba8821272dbef4f9b818c91) on port 4223
Only local connections are allowed.
Dec 10, 2020 11:57:28 AM org.openqa.selenium.remote.ProtocolHandshake createSession
INFO: Detected dialect: OSS
]]></system-err>
  </testcase>
  <testcase name="Enroll" classname="Tests.FranchisePartner" time="251.358">
    <failure message="Critical A-Z section not displaying" type="java.lang.AssertionError">java.lang.AssertionError: Critical A-Z section not displaying
	at Tests.FranchisePartner.Enroll(FranchisePartner.java:257)
</failure>
    <system-out><![CDATA[Request URL: https://hydraqa.unicity.net/v5a-test/quotes?&expand=item
Entry Quotes response : {"items":[{"lines":{"items":[{"item":{"href":"https://hydraqa.unicity.net/v5a-test/items/332daeac6796ed016ea8b7d0bc42c2d4","id":{"unicity":"24274"},"weightEach":{"value":0},"servingsPerContainer":0,"servingSize":0},"quantity":1,"terms":{"priceEach":800,"taxEach":{"amount":0.72},"discountEach":{"amount":0},"pvEach":0},"quantityLimit":{"quantityQuota":-1,"timeFrameDays":-1,"quantityOrdered":0}}]},"currency":"CHF"}]}
Entry request : {"order":{"customer":{"href":"https://hydraqa.unicity.net/v5a-test/customers?type=Associate"},"shipToAddress":{"country":"CH"}},"vary":{"lines":{"items":[{"item":{"href":"https://hydraqa.unicity.net/v5a-test/items?id.unicity=26306|27617|31763|31400|31951|31952|32128|32129|32130|32132|32133|32134|32135|32136|32137|32138|32125|33094|33093|18511|26422|27156|27158|27166|27660|27436|27585|28601|28604|24758|29838|31402|31772|31777|31780|31781|31782|31779|31932|31778|32556|22605|29317|30103|29832|29833|30286|31740|32140|32141|32148|32149|32756|32968|32965|32966|32146|32142|32144|32145|32147|32143|32967|23989|24274|24418|26442|27150|27163|27587|27395|15880|26560|29017|26567|26568|29821|32012|17174|29183|30280|29187|29191|30684|31672|31534|29449|32126|32127|32087|32333|32755|32330|32693|27739"}}]}}}
]]></system-out>
    <system-err><![CDATA[Starting ChromeDriver 2.36.540470 (e522d04694c7ebea4ba8821272dbef4f9b818c91) on port 33326
Only local connections are allowed.
Dec 10, 2020 12:01:58 PM org.openqa.selenium.remote.ProtocolHandshake createSession
INFO: Detected dialect: OSS
]]></system-err>
  </testcase>
  <testcase name="Enroll" classname="Tests.FranchisePartner" time="251.911">
    <failure message="Critical A-Z section not displaying" type="java.lang.AssertionError">java.lang.AssertionError: Critical A-Z section not displaying
	at Tests.FranchisePartner.Enroll(FranchisePartner.java:257)
</failure>
    <system-out><![CDATA[Request URL: https://hydraqa.unicity.net/v5a-test/quotes?&expand=item
Entry Quotes response : {"items":[{"lines":{"items":[{"item":{"href":"https://hydraqa.unicity.net/v5a-test/items/332daeac6796ed016ea8b7d0bc42c2d4","id":{"unicity":"24274"},"weightEach":{"value":0},"servingsPerContainer":0,"servingSize":0},"quantity":1,"terms":{"priceEach":800,"taxEach":{"amount":0.72},"discountEach":{"amount":0},"pvEach":0},"quantityLimit":{"quantityQuota":-1,"timeFrameDays":-1,"quantityOrdered":0}}]},"currency":"CHF"}]}
Entry request : {"order":{"customer":{"href":"https://hydraqa.unicity.net/v5a-test/customers?type=Associate"},"shipToAddress":{"country":"CH"}},"vary":{"lines":{"items":[{"item":{"href":"https://hydraqa.unicity.net/v5a-test/items?id.unicity=26306|27617|31763|31400|31951|31952|32128|32129|32130|32132|32133|32134|32135|32136|32137|32138|32125|33094|33093|18511|26422|27156|27158|27166|27660|27436|27585|28601|28604|24758|29838|31402|31772|31777|31780|31781|31782|31779|31932|31778|32556|22605|29317|30103|29832|29833|30286|31740|32140|32141|32148|32149|32756|32968|32965|32966|32146|32142|32144|32145|32147|32143|32967|23989|24274|24418|26442|27150|27163|27587|27395|15880|26560|29017|26567|26568|29821|32012|17174|29183|30280|29187|29191|30684|31672|31534|29449|32126|32127|32087|32333|32755|32330|32693|27739"}}]}}}
]]></system-out>
    <system-err><![CDATA[Starting ChromeDriver 2.36.540470 (e522d04694c7ebea4ba8821272dbef4f9b818c91) on port 48582
Only local connections are allowed.
Dec 10, 2020 12:06:16 PM org.openqa.selenium.remote.ProtocolHandshake createSession
INFO: Detected dialect: OSS
]]></system-err>
  </testcase>
  <testcase name="Enroll" classname="Tests.FranchisePartner" time="253.301">
    <failure message="Critical A-Z section not displaying" type="java.lang.AssertionError">java.lang.AssertionError: Critical A-Z section not displaying
	at Tests.FranchisePartner.Enroll(FranchisePartner.java:257)
</failure>
    <system-out><![CDATA[Request URL: https://hydraqa.unicity.net/v5a-test/quotes?&expand=item
Entry Quotes response : {"items":[{"lines":{"items":[{"item":{"href":"https://hydraqa.unicity.net/v5a-test/items/332daeac6796ed016ea8b7d0bc42c2d4","id":{"unicity":"24274"},"weightEach":{"value":0},"servingsPerContainer":0,"servingSize":0},"quantity":1,"terms":{"priceEach":800,"taxEach":{"amount":0.72},"discountEach":{"amount":0},"pvEach":0},"quantityLimit":{"quantityQuota":-1,"timeFrameDays":-1,"quantityOrdered":0}}]},"currency":"CHF"}]}
Entry request : {"order":{"customer":{"href":"https://hydraqa.unicity.net/v5a-test/customers?type=Associate"},"shipToAddress":{"country":"CH"}},"vary":{"lines":{"items":[{"item":{"href":"https://hydraqa.unicity.net/v5a-test/items?id.unicity=26306|27617|31763|31400|31951|31952|32128|32129|32130|32132|32133|32134|32135|32136|32137|32138|32125|33094|33093|18511|26422|27156|27158|27166|27660|27436|27585|28601|28604|24758|29838|31402|31772|31777|31780|31781|31782|31779|31932|31778|32556|22605|29317|30103|29832|29833|30286|31740|32140|32141|32148|32149|32756|32968|32965|32966|32146|32142|32144|32145|32147|32143|32967|23989|24274|24418|26442|27150|27163|27587|27395|15880|26560|29017|26567|26568|29821|32012|17174|29183|30280|29187|29191|30684|31672|31534|29449|32126|32127|32087|32333|32755|32330|32693|27739"}}]}}}
]]></system-out>
    <system-err><![CDATA[Starting ChromeDriver 2.36.540470 (e522d04694c7ebea4ba8821272dbef4f9b818c91) on port 14671
Only local connections are allowed.
Dec 10, 2020 12:10:35 PM org.openqa.selenium.remote.ProtocolHandshake createSession
INFO: Detected dialect: OSS
]]></system-err>
  </testcase>
  <testcase name="Enroll" classname="Tests.FranchisePartner" time="260.382">
    <failure message="Critical A-Z section not displaying" type="java.lang.AssertionError">java.lang.AssertionError: Critical A-Z section not displaying
	at Tests.FranchisePartner.Enroll(FranchisePartner.java:257)
</failure>
    <system-out><![CDATA[Request URL: https://hydraqa.unicity.net/v5a-test/quotes?&expand=item
Entry Quotes response : {"items":[{"lines":{"items":[{"item":{"href":"https://hydraqa.unicity.net/v5a-test/items/332daeac6796ed016ea8b7d0bc42c2d4","id":{"unicity":"24274"},"weightEach":{"value":0},"servingsPerContainer":0,"servingSize":0},"quantity":1,"terms":{"priceEach":800,"taxEach":{"amount":1.57},"discountEach":{"amount":0},"pvEach":0},"quantityLimit":{"quantityQuota":-1,"timeFrameDays":-1,"quantityOrdered":0}}]},"currency":"EUR"}]}
Entry request : {"order":{"customer":{"href":"https://hydraqa.unicity.net/v5a-test/customers?type=Associate"},"shipToAddress":{"country":"ES"}},"vary":{"lines":{"items":[{"item":{"href":"https://hydraqa.unicity.net/v5a-test/items?id.unicity=27700|31763|31951|31952|32128|32129|32130|32132|32133|32134|32135|32136|32137|32138|32125|32699|33092|33094|33093|18511|27156|27158|27160|27166|27617|27660|27585|27587|28601|28604|27395|15880|29017|26567|26568|24758|29838|31402|31772|31738|31777|31780|31781|31782|31779|31932|31778|32556|29317|29833|30198|32968|32965|32966|32755|32756|33097|33095|33098|33096|24274|24418|27150|27163|27575|26560|29821|32012|17174|29183|30280|29187|29191|30684|31672|31534|29449|32126|32127|32087|32333|32330|32693|27739"}}]}}}
]]></system-out>
    <system-err><![CDATA[Starting ChromeDriver 2.36.540470 (e522d04694c7ebea4ba8821272dbef4f9b818c91) on port 19863
Only local connections are allowed.
Dec 10, 2020 12:14:54 PM org.openqa.selenium.remote.ProtocolHandshake createSession
INFO: Detected dialect: OSS
]]></system-err>
  </testcase>
  <testcase name="Enroll" classname="Tests.FranchisePartner" time="250.239">
    <failure message="Critical A-Z section not displaying" type="java.lang.AssertionError">java.lang.AssertionError: Critical A-Z section not displaying
	at Tests.FranchisePartner.Enroll(FranchisePartner.java:257)
</failure>
    <system-out><![CDATA[Request URL: https://hydraqa.unicity.net/v5a-test/quotes?&expand=item
Entry Quotes response : {"items":[{"lines":{"items":[{"item":{"href":"https://hydraqa.unicity.net/v5a-test/items/332daeac6796ed016ea8b7d0bc42c2d4","id":{"unicity":"24274"},"weightEach":{"value":0},"servingsPerContainer":0,"servingSize":0},"quantity":1,"terms":{"priceEach":800,"taxEach":{"amount":1.57},"discountEach":{"amount":0},"pvEach":0},"quantityLimit":{"quantityQuota":-1,"timeFrameDays":-1,"quantityOrdered":0}}]},"currency":"EUR"}]}
Entry request : {"order":{"customer":{"href":"https://hydraqa.unicity.net/v5a-test/customers?type=Associate"},"shipToAddress":{"country":"ES"}},"vary":{"lines":{"items":[{"item":{"href":"https://hydraqa.unicity.net/v5a-test/items?id.unicity=27700|31763|31951|31952|32128|32129|32130|32132|32133|32134|32135|32136|32137|32138|32125|32699|33092|33094|33093|18511|27156|27158|27160|27166|27617|27660|27585|27587|28601|28604|27395|15880|29017|26567|26568|24758|29838|31402|31772|31738|31777|31780|31781|31782|31779|31932|31778|32556|29317|29833|30198|32968|32965|32966|32755|32756|33097|33095|33098|33096|24274|24418|27150|27163|27575|26560|29821|32012|17174|29183|30280|29187|29191|30684|31672|31534|29449|32126|32127|32087|32333|32330|32693|27739"}}]}}}
]]></system-out>
    <system-err><![CDATA[Starting ChromeDriver 2.36.540470 (e522d04694c7ebea4ba8821272dbef4f9b818c91) on port 25816
Only local connections are allowed.
Dec 10, 2020 12:19:21 PM org.openqa.selenium.remote.ProtocolHandshake createSession
INFO: Detected dialect: OSS
]]></system-err>
  </testcase>
  <testcase name="Enroll" classname="Tests.FranchisePartner" time="222.569">
    <failure message="Critical Back end error" type="java.lang.AssertionError">java.lang.AssertionError: Critical Back end error
	at Tests.FranchisePartner.Enroll(FranchisePartner.java:260)
</failure>
    <system-out><![CDATA[Request URL: https://hydraqa.unicity.net/v5a-test/quotes?&expand=item
Entry Quotes response : {"items":[{"lines":{"items":[{"item":{"href":"https://hydraqa.unicity.net/v5a-test/items/051e765a5a71835a859c2757edd359f0","id":{"unicity":"26580"}},"quantity":1,"terms":{"priceEach":195,"taxEach":{"amount":0},"discountEach":{"amount":0},"pvEach":130},"quantityLimit":{"quantityQuota":-1,"timeFrameDays":-1,"quantityOrdered":0}}]},"currency":"USD"},{"lines":{"items":[{"item":{"href":"https://hydraqa.unicity.net/v5a-test/items/3ddd31ddbe0e5807756d2488e7cc3602","id":{"unicity":"31440"}},"quantity":1,"terms":{"priceEach":40,"taxEach":{"amount":0},"discountEach":{"amount":0},"pvEach":0},"quantityLimit":{"quantityQuota":-1,"timeFrameDays":-1,"quantityOrdered":0}}]},"currency":"USD"},{"lines":{"items":[{"item":{"href":"https://hydraqa.unicity.net/v5a-test/items/90d5ee3af77bdc64ecf28a45b604bf3d","id":{"unicity":"31441"}},"quantity":1,"terms":{"priceEach":40,"taxEach":{"amount":0},"discountEach":{"amount":0},"pvEach":0},"quantityLimit":{"quantityQuota":-1,"timeFrameDays":-1,"quantityOrdered":0}}]},"currency":"USD"},{"lines":{"items":[{"item":{"href":"https://hydraqa.unicity.net/v5a-test/items/38da42f991a40a00153b2e5055b82dbf","id":{"unicity":"27801"}},"quantity":1,"terms":{"priceEach":195,"taxEach":{"amount":0},"discountEach":{"amount":0},"pvEach":130},"quantityLimit":{"quantityQuota":-1,"timeFrameDays":-1,"quantityOrdered":0}}]},"currency":"USD"},{"lines":{"items":[{"item":{"href":"https://hydraqa.unicity.net/v5a-test/items/cf8460040a1860bcabf250b6c1171675","id":{"unicity":"31858"}},"quantity":1,"terms":{"priceEach":269,"taxEach":{"amount":0},"discountEach":{"amount":0},"pvEach":195},"quantityLimit":{"quantityQuota":-1,"timeFrameDays":-1,"quantityOrdered":0}}]},"currency":"USD"},{"lines":{"items":[{"item":{"href":"https://hydraqa.unicity.net/v5a-test/items/2de8516a24af8232add0bb392e750a71","id":{"unicity":"31859"}},"quantity":1,"terms":{"priceEach":179,"taxEach":{"amount":0},"discountEach":{"amount":0},"pvEach":130},"quantityLimit":{"quantityQuota":-1,"timeFrameDays":-1,"quantityOrdered":0}}]},"currency":"USD"},{"lines":{"items":[{"item":{"href":"https://hydraqa.unicity.net/v5a-test/items/fd464cd7972cc1317e850b9196d886b8","id":{"unicity":"31863"}},"quantity":1,"terms":{"priceEach":210,"taxEach":{"amount":0},"discountEach":{"amount":0},"pvEach":148},"quantityLimit":{"quantityQuota":-1,"timeFrameDays":-1,"quantityOrdered":0}}]},"currency":"USD"},{"lines":{"items":[{"item":{"href":"https://hydraqa.unicity.net/v5a-test/items/4ab49eca1731e69206ccafb5112ad5a4","id":{"unicity":"31861"}},"quantity":1,"terms":{"priceEach":196,"taxEach":{"amount":0},"discountEach":{"amount":0},"pvEach":135},"quantityLimit":{"quantityQuota":-1,"timeFrameDays":-1,"quantityOrdered":0}}]},"currency":"USD"},{"lines":{"items":[{"item":{"href":"https://hydraqa.unicity.net/v5a-test/items/50747027a065cb8361c1f0d6eb880466","id":{"unicity":"32030"}},"quantity":1,"terms":{"priceEach":143,"taxEach":{"amount":0},"discountEach":{"amount":0},"pvEach":102},"quantityLimit":{"quantityQuota":-1,"timeFrameDays":-1,"quantityOrdered":0}}]},"currency":"USD"},{"lines":{"items":[{"item":{"href":"https://hydraqa.unicity.net/v5a-test/items/00c2eb70c985722ce208490aece00945","id":{"unicity":"31729"}},"quantity":1,"terms":{"priceEach":143,"taxEach":{"amount":0},"discountEach":{"amount":0},"pvEach":100},"quantityLimit":{"quantityQuota":-1,"timeFrameDays":-1,"quantityOrdered":0}}]},"currency":"USD"},{"lines":{"items":[{"item":{"href":"https://hydraqa.unicity.net/v5a-test/items/693a7c4a70b06a00471afe8d6cae5023","id":{"unicity":"31730"}},"quantity":1,"terms":{"priceEach":120,"taxEach":{"amount":0},"discountEach":{"amount":0},"pvEach":80},"quantityLimit":{"quantityQuota":-1,"timeFrameDays":-1,"quantityOrdered":0}}]},"currency":"USD"},{"lines":{"items":[{"item":{"href":"https://hydraqa.unicity.net/v5a-test/items/ccb242d74dcb1fe621cc7bfe1b1de315","id":{"unicity":"31731"}},"quantity":1,"terms":{"priceEach":89,"taxEach":{"amount":0},"discountEach":{"amount":0},"pvEach":60},"quantityLimit":{"quantityQuota":-1,"timeFrameDays":-1,"quantityOrdered":0}}]},"currency":"USD"},{"lines":{"items":[{"item":{"href":"https://hydraqa.unicity.net/v5a-test/items/9ff4257741d464b686d15be955b8afb6","id":{"unicity":"0963"}},"quantity":1,"terms":{"priceEach":42,"taxEach":{"amount":0},"discountEach":{"amount":0},"pvEach":25},"quantityLimit":{"quantityQuota":-1,"timeFrameDays":-1,"quantityOrdered":0}}]},"currency":"USD"},{"lines":{"items":[{"item":{"href":"https://hydraqa.unicity.net/v5a-test/items/716b7a0bca7fa73e42e000d668e7ee65","id":{"unicity":"15129"}},"quantity":1,"terms":{"priceEach":22,"taxEach":{"amount":0},"discountEach":{"amount":0},"pvEach":10},"quantityLimit":{"quantityQuota":-1,"timeFrameDays":-1,"quantityOrdered":0}}]},"currency":"USD"},{"lines":{"items":[{"item":{"href":"https://hydraqa.unicity.net/v5a-test/items/390a7ae70d5669561ecdf7d5cff2671b","id":{"unicity":"15271"}},"quantity":1,"terms":{"priceEach":69,"taxEach":{"amount":0},"discountEach":{"amount":0},"pvEach":27},"quantityLimit":{"quantityQuota":-1,"timeFrameDays":-1,"quantityOrdered":0}}]},"currency":"USD"},{"lines":{"items":[{"item":{"href":"https://hydraqa.unicity.net/v5a-test/items/4b2034f47fce90b87bba28c5c2d7c25d","id":{"unicity":"15880"}},"quantity":1,"terms":{"priceEach":59,"taxEach":{"amount":0},"discountEach":{"amount":0},"pvEach":41},"quantityLimit":{"quantityQuota":-1,"timeFrameDays":-1,"quantityOrdered":0}}]},"currency":"USD"},{"lines":{"items":[{"item":{"href":"https://hydraqa.unicity.net/v5a-test/items/2c4c1abe00983e85aaa918d2ce341491","id":{"unicity":"17174"}},"quantity":1,"terms":{"priceEach":17,"taxEach":{"amount":0},"discountEach":{"amount":0},"pvEach":10},"quantityLimit":{"quantityQuota":-1,"timeFrameDays":-1,"quantityOrdered":0}}]},"currency":"USD"},{"lines":{"items":[{"item":{"href":"https://hydraqa.unicity.net/v5a-test/items/cea826eab72d44641c070aab6c97c1ac","id":{"unicity":"22747"}},"quantity":1,"terms":{"priceEach":27,"taxEach":{"amount":0},"discountEach":{"amount":0},"pvEach":16},"quantityLimit":{"quantityQuota":-1,"timeFrameDays":-1,"quantityOrdered":0}}]},"currency":"USD"},{"lines":{"items":[{"item":{"href":"https://hydraqa.unicity.net/v5a-test/items/5c2f1613082782e691d32fe9ce034026","id":{"unicity":"23728"}},"quantity":1,"terms":{"priceEach":26,"taxEach":{"amount":0},"discountEach":{"amount":0},"pvEach":13},"quantityLimit":{"quantityQuota":-1,"timeFrameDays":-1,"quantityOrdered":0}}]},"currency":"USD"},{"lines":{"items":[{"item":{"href":"https://hydraqa.unicity.net/v5a-test/items/64ec7ad932acafab052a4e8800ad1238","id":{"unicity":"24758"}},"quantity":1,"terms":{"priceEach":31,"taxEach":{"amount":0},"discountEach":{"amount":0},"pvEach":21},"quantityLimit":{"quantityQuota":-1,"timeFrameDays":-1,"quantityOrdered":0}}]},"currency":"USD"},{"lines":{"items":[{"item":{"href":"https://hydraqa.unicity.net/v5a-test/items/9a7715e888c94989d898fe4653645721","id":{"unicity":"26550"}},"quantity":1,"terms":{"priceEach":80,"taxEach":{"amount":0},"discountEach":{"amount":0},"pvEach":52},"quantityLimit":{"quantityQuota":-1,"timeFrameDays":-1,"quantityOrdered":0}}]},"currency":"USD"},{"lines":{"items":[{"item":{"href":"https://hydraqa.unicity.net/v5a-test/items/3af97c67f653253825a9189a27da57d6","id":{"unicity":"26556"}},"quantity":1,"terms":{"priceEach":79,"taxEach":{"amount":0},"discountEach":{"amount":0},"pvEach":61},"quantityLimit":{"quantityQuota":-1,"timeFrameDays":-1,"quantityOrdered":0}}]},"currency":"USD"},{"lines":{"items":[{"item":{"href":"https://hydraqa.unicity.net/v5a-test/items/0cf62d38e91953b43dcfe88b06f813cb","id":{"unicity":"26557"}},"quantity":1,"terms":{"priceEach":79,"taxEach":{"amount":0},"discountEach":{"amount":0},"pvEach":61},"quantityLimit":{"quantityQuota":-1,"timeFrameDays":-1,"quantityOrdered":0}}]},"currency":"USD"},{"lines":{"items":[{"item":{"href":"https://hydraqa.unicity.net/v5a-test/items/398d06b858b960f6f38086d40608aef2","id":{"unicity":"26560"}},"quantity":1,"terms":{"priceEach":16,"taxEach":{"amount":0},"discountEach":{"amount":0},"pvEach":12},"quantityLimit":{"quantityQuota":-1,"timeFrameDays":-1,"quantityOrdered":0}}]},"currency":"USD"},{"lines":{"items":[{"item":{"href":"https://hydraqa.unicity.net/v5a-test/items/cda534d686af5d627c94c4bb2c4b57d8","id":{"unicity":"26561"}},"quantity":1,"terms":{"priceEach":16,"taxEach":{"amount":0},"discountEach":{"amount":0},"pvEach":11},"quantityLimit":{"quantityQuota":-1,"timeFrameDays":-1,"quantityOrdered":0}}]},"currency":"USD"},{"lines":{"items":[{"item":{"href":"https://hydraqa.unicity.net/v5a-test/items/0a3ede185ddf034630afd891c5106d33","id":{"unicity":"26562"}},"quantity":1,"terms":{"priceEach":33,"taxEach":{"amount":0},"discountEach":{"amount":0},"pvEach":25},"quantityLimit":{"quantityQuota":-1,"timeFrameDays":-1,"quantityOrdered":0}}]},"currency":"USD"},{"lines":{"items":[{"item":{"href":"https://hydraqa.unicity.net/v5a-test/items/16ca68abaaa92505c257be022a154769","id":{"unicity":"27615"}},"quantity":1,"terms":{"priceEach":29,"taxEach":{"amount":0},"discountEach":{"amount":0},"pvEach":21},"quantityLimit":{"quantityQuota":-1,"timeFrameDays":-1,"quantityOrdered":0}}]},"currency":"USD"},{"lines":{"items":[{"item":{"href":"https://hydraqa.unicity.net/v5a-test/items/1bd53de7fe880ba71f46c9976ca2c137","id":{"unicity":"27739"}},"quantity":1,"terms":{"priceEach":33,"taxEach":{"amount":0},"discountEach":{"amount":0},"pvEach":13},"quantityLimit":{"quantityQuota":-1,"timeFrameDays":-1,"quantityOrdered":0}}]},"currency":"USD"},{"lines":{"items":[{"item":{"href":"https://hydraqa.unicity.net/v5a-test/items/1945faa1776541d53120ecfe3c1d8a2b","id":{"unicity":"24418"}},"quantity":1,"terms":{"priceEach":5,"taxEach":{"amount":0},"discountEach":{"amount":0},"pvEach":0},"quantityLimit":{"quantityQuota":-1,"timeFrameDays":-1,"quantityOrdered":0}}]},"currency":"USD"},{"lines":{"items":[{"item":{"href":"https://hydraqa.unicity.net/v5a-test/items/9a6e1d094182389c3da8e0a320ff0e00","id":{"unicity":"27585"}},"quantity":1,"terms":{"priceEach":56,"taxEach":{"amount":0},"discountEach":{"amount":0},"pvEach":33},"quantityLimit":{"quantityQuota":-1,"timeFrameDays":-1,"quantityOrdered":0}}]},"currency":"USD"},{"lines":{"items":[{"item":{"href":"https://hydraqa.unicity.net/v5a-test/items/b127a2d34d3d73e2f53e4c2002a7a4a2","id":{"unicity":"25008"}},"quantity":1,"terms":{"priceEach":19,"taxEach":{"amount":0},"discountEach":{"amount":0},"pvEach":15},"quantityLimit":{"quantityQuota":-1,"timeFrameDays":-1,"quantityOrdered":0}}]},"currency":"USD"},{"lines":{"items":[{"item":{"href":"https://hydraqa.unicity.net/v5a-test/items/10da226fab00279b4f89df10af2a10b7","id":{"unicity":"26442"}},"quantity":1,"terms":{"priceEach":6,"taxEach":{"amount":0},"discountEach":{"amount":0},"pvEach":0},"quantityLimit":{"quantityQuota":-1,"timeFrameDays":-1,"quantityOrdered":0}}]},"currency":"USD"},{"lines":{"items":[{"item":{"href":"https://hydraqa.unicity.net/v5a-test/items/933f0856fd8ec1df83c5283dabf4ec3c","id":{"unicity":"6200"}},"quantity":1,"terms":{"priceEach":68,"taxEach":{"amount":0},"discountEach":{"amount":0},"pvEach":47},"quantityLimit":{"quantityQuota":-1,"timeFrameDays":-1,"quantityOrdered":0}}]},"currency":"USD"},{"lines":{"items":[{"item":{"href":"https://hydraqa.unicity.net/v5a-test/items/8d994059c399f5551ab112574e4476fc","id":{"unicity":"24785"}},"quantity":1,"terms":{"priceEach":14,"taxEach":{"amount":0},"discountEach":{"amount":0},"pvEach":9},"quantityLimit":{"quantityQuota":-1,"timeFrameDays":-1,"quantityOrdered":0}}]},"currency":"USD"},{"lines":{"items":[{"item":{"href":"https://hydraqa.unicity.net/v5a-test/items/aa0d72ac13b1ce88cf8c4a52ede75a37","id":{"unicity":"26552"}},"quantity":1,"terms":{"priceEach":70,"taxEach":{"amount":0},"discountEach":{"amount":0},"pvEach":50},"quantityLimit":{"quantityQuota":-1,"timeFrameDays":-1,"quantityOrdered":0}}]},"currency":"USD"},{"lines":{"items":[{"item":{"href":"https://hydraqa.unicity.net/v5a-test/items/8b5ed9aa6c6132e1be5e446f69a3465e","id":{"unicity":"0954"}},"quantity":1,"terms":{"priceEach":21,"taxEach":{"amount":0},"discountEach":{"amount":0},"pvEach":15},"quantityLimit":{"quantityQuota":-1,"timeFrameDays":-1,"quantityOrdered":0}}]},"currency":"USD"},{"lines":{"items":[{"item":{"href":"https://hydraqa.unicity.net/v5a-test/items/b2fc4b9ba4aa5cae54389161be2f841f","id":{"unicity":"18401"}},"quantity":1,"terms":{"priceEach":31,"taxEach":{"amount":0},"discountEach":{"amount":0},"pvEach":19},"quantityLimit":{"quantityQuota":-1,"timeFrameDays":-1,"quantityOrdered":0}}]},"currency":"USD"},{"lines":{"items":[{"item":{"href":"https://hydraqa.unicity.net/v5a-test/items/48433ffc76597c823adc2b8627e033e4","id":{"unicity":"26559"}},"quantity":1,"terms":{"priceEach":30,"taxEach":{"amount":0},"discountEach":{"amount":0},"pvEach":20},"quantityLimit":{"quantityQuota":-1,"timeFrameDays":-1,"quantityOrdered":0}}]},"currency":"USD"},{"lines":{"items":[{"item":{"href":"https://hydraqa.unicity.net/v5a-test/items/5a38f009bec6c23b1b3a70432f9722e5","id":{"unicity":"19596"}},"quantity":1,"terms":{"priceEach":49,"taxEach":{"amount":0},"discountEach":{"amount":0},"pvEach":30},"quantityLimit":{"quantityQuota":-1,"timeFrameDays":-1,"quantityOrdered":0}}]},"currency":"USD"},{"lines":{"items":[{"item":{"href":"https://hydraqa.unicity.net/v5a-test/items/9ce45d695c87f93b29794041362b5192","id":{"unicity":"26945"}},"quantity":1,"terms":{"priceEach":35,"taxEach":{"amount":0},"discountEach":{"amount":0},"pvEach":0},"quantityLimit":{"quantityQuota":-1,"timeFrameDays":-1,"quantityOrdered":0}}]},"currency":"USD"},{"lines":{"items":[{"item":{"href":"https://hydraqa.unicity.net/v5a-test/items/ddef5f478ff91aa2263b646a3bd03dea","id":{"unicity":"21420"}},"quantity":1,"terms":{"priceEach":24,"taxEach":{"amount":0},"discountEach":{"amount":0},"pvEach":10},"quantityLimit":{"quantityQuota":-1,"timeFrameDays":-1,"quantityOrdered":0}}]},"currency":"USD"},{"lines":{"items":[{"item":{"href":"https://hydraqa.unicity.net/v5a-test/items/55d3b550a17b78175cc5ac565e4266e8","id":{"unicity":"24621"}},"quantity":1,"terms":{"priceEach":20,"taxEach":{"amount":0},"discountEach":{"amount":0},"pvEach":12},"quantityLimit":{"quantityQuota":-1,"timeFrameDays":-1,"quantityOrdered":0}}]},"currency":"USD"},{"lines":{"items":[{"item":{"href":"https://hydraqa.unicity.net/v5a-test/items/9d9d002b0e21b9bd58ad0154a4f781c5","id":{"unicity":"28836"}},"quantity":1,"terms":{"priceEach":58,"taxEach":{"amount":0},"discountEach":{"amount":0},"pvEach":36},"quantityLimit":{"quantityQuota":-1,"timeFrameDays":-1,"quantityOrdered":0}}]},"currency":"USD"},{"lines":{"items":[{"item":{"href":"https://hydraqa.unicity.net/v5a-test/items/399be8efa903b362515c48315ab2afb9","id":{"unicity":"15712"}},"quantity":1,"terms":{"priceEach":24,"taxEach":{"amount":0},"discountEach":{"amount":0},"pvEach":11},"quantityLimit":{"quantityQuota":-1,"timeFrameDays":-1,"quantityOrdered":0}}]},"currency":"USD"},{"lines":{"items":[{"item":{"href":"https://hydraqa.unicity.net/v5a-test/items/d489ec0d50f6e28d5743afc65439631b","id":{"unicity":"0960"}},"quantity":1,"terms":{"priceEach":37,"taxEach":{"amount":0},"discountEach":{"amount":0},"pvEach":23},"quantityLimit":{"quantityQuota":-1,"timeFrameDays":-1,"quantityOrdered":0}}]},"currency":"USD"},{"lines":{"items":[{"item":{"href":"https://hydraqa.unicity.net/v5a-test/items/66839181d7531692a8d886a9da6fb4d6","id":{"unicity":"25369"}},"quantity":1,"terms":{"priceEach":48,"taxEach":{"amount":0},"discountEach":{"amount":0},"pvEach":25},"quantityLimit":{"quantityQuota":-1,"timeFrameDays":-1,"quantityOrdered":0}}]},"currency":"USD"},{"lines":{"items":[{"item":{"href":"https://hydraqa.unicity.net/v5a-test/items/8ed7a8910d5c5335774fa9cfae0e511d","id":{"unicity":"18386"}},"quantity":1,"terms":{"priceEach":27,"taxEach":{"amount":0},"discountEach":{"amount":0},"pvEach":21},"quantityLimit":{"quantityQuota":-1,"timeFrameDays":-1,"quantityOrdered":0}}]},"currency":"USD"},{"lines":{"items":[{"item":{"href":"https://hydraqa.unicity.net/v5a-test/items/3f2d12d7a0e8551fc99fad3bbe1ba633","id":{"unicity":"26567"}},"quantity":1,"terms":{"priceEach":56,"taxEach":{"amount":0},"discountEach":{"amount":0},"pvEach":35},"quantityLimit":{"quantityQuota":-1,"timeFrameDays":-1,"quantityOrdered":0}}]},"currency":"USD"},{"lines":{"items":[{"item":{"href":"https://hydraqa.unicity.net/v5a-test/items/191637167cb3144bd2e8c4615e9ab67e","id":{"unicity":"26568"}},"quantity":1,"terms":{"priceEach":56,"taxEach":{"amount":0},"discountEach":{"amount":0},"pvEach":35},"quantityLimit":{"quantityQuota":-1,"timeFrameDays":-1,"quantityOrdered":0}}]},"currency":"USD"},{"lines":{"items":[{"item":{"href":"https://hydraqa.unicity.net/v5a-test/items/2cefc6a61faaae3455a5adcb0d8fc74f","id":{"unicity":"15907"}},"quantity":1,"terms":{"priceEach":15,"taxEach":{"amount":0},"discountEach":{"amount":0},"pvEach":5},"quantityLimit":{"quantityQuota":-1,"timeFrameDays":-1,"quantityOrdered":0}}]},"currency":"USD"},{"lines":{"items":[{"item":{"href":"https://hydraqa.unicity.net/v5a-test/items/e870d73cd94149d9f6b55de9736c9daa","id":{"unicity":"3107"}},"quantity":1,"terms":{"priceEach":24,"taxEach":{"amount":0},"discountEach":{"amount":0},"pvEach":16},"quantityLimit":{"quantityQuota":-1,"timeFrameDays":-1,"quantityOrdered":0}}]},"currency":"USD"},{"lines":{"items":[{"item":{"href":"https://hydraqa.unicity.net/v5a-test/items/fa2407c91e64e66a72ab45172eb978df","id":{"unicity":"0988"}},"quantity":1,"terms":{"priceEach":36,"taxEach":{"amount":0},"discountEach":{"amount":0},"pvEach":23},"quantityLimit":{"quantityQuota":-1,"timeFrameDays":-1,"quantityOrdered":0}}]},"currency":"USD"},{"lines":{"items":[{"item":{"href":"https://hydraqa.unicity.net/v5a-test/items/40a1044968ea62276f4ba87fd2ef0d8f","id":{"unicity":"12230"}},"quantity":1,"terms":{"priceEach":45,"taxEach":{"amount":0},"discountEach":{"amount":0},"pvEach":18},"quantityLimit":{"quantityQuota":-1,"timeFrameDays":-1,"quantityOrdered":0}}]},"currency":"USD"},{"lines":{"items":[{"item":{"href":"https://hydraqa.unicity.net/v5a-test/items/112b8c39286598b3730f630f371a45f4","id":{"unicity":"27587"}},"quantity":1,"terms":{"priceEach":58,"taxEach":{"amount":0},"discountEach":{"amount":0},"pvEach":33},"quantityLimit":{"quantityQuota":-1,"timeFrameDays":-1,"quantityOrdered":0}}]},"currency":"USD"},{"lines":{"items":[{"item":{"href":"https://hydraqa.unicity.net/v5a-test/items/e218d1cac5f31e7ae4f5876c29c57377","id":{"unicity":"29017"}},"quantity":1,"terms":{"priceEach":38,"taxEach":{"amount":0},"discountEach":{"amount":0},"pvEach":26},"quantityLimit":{"quantityQuota":-1,"timeFrameDays":-1,"quantityOrdered":0}}]},"currency":"USD"},{"lines":{"items":[{"item":{"href":"https://hydraqa.unicity.net/v5a-test/items/25eaf64b36ce31368f17ae789fd9ac5b","id":{"unicity":"29694"}},"quantity":1,"terms":{"priceEach":56,"taxEach":{"amount":0},"discountEach":{"amount":0},"pvEach":33},"quantityLimit":{"quantityQuota":-1,"timeFrameDays":-1,"quantityOrdered":0}}]},"currency":"USD"},{"lines":{"items":[{"item":{"href":"https://hydraqa.unicity.net/v5a-test/items/634f7efb30392b2a919de1355902d975","id":{"unicity":"29408"}},"quantity":1,"terms":{"priceEach":80,"taxEach":{"amount":0},"discountEach":{"amount":0},"pvEach":52},"quantityLimit":{"quantityQuota":-1,"timeFrameDays":-1,"quantityOrdered":0}}]},"currency":"USD"},{"lines":{"items":[{"item":{"href":"https://hydraqa.unicity.net/v5a-test/items/bb5c627f16547cb4f706cef521bca356","id":{"unicity":"29437"}},"quantity":1,"terms":{"priceEach":62,"taxEach":{"amount":0},"discountEach":{"amount":0},"pvEach":36},"quantityLimit":{"quantityQuota":-1,"timeFrameDays":-1,"quantityOrdered":0}}]},"currency":"USD"},{"lines":{"items":[{"item":{"href":"https://hydraqa.unicity.net/v5a-test/items/991cdbb84a495779eb209fb3956a77e4","id":{"unicity":"29183"}},"quantity":1,"terms":{"priceEach":42,"taxEach":{"amount":0},"discountEach":{"amount":0},"pvEach":24},"quantityLimit":{"quantityQuota":-1,"timeFrameDays":-1,"quantityOrdered":0}}]},"currency":"USD"},{"lines":{"items":[{"item":{"href":"https://hydraqa.unicity.net/v5a-test/items/1b0412bea8c0b841c66f65a36aa14108","id":{"unicity":"29191"}},"quantity":1,"terms":{"priceEach":64,"taxEach":{"amount":0},"discountEach":{"amount":0},"pvEach":36},"quantityLimit":{"quantityQuota":-1,"timeFrameDays":-1,"quantityOrdered":0}}]},"currency":"USD"},{"lines":{"items":[{"item":{"href":"https://hydraqa.unicity.net/v5a-test/items/362999101a321b721c87110710ae77b0","id":{"unicity":"29352"}},"quantity":1,"terms":{"priceEach":119,"taxEach":{"amount":0},"discountEach":{"amount":0},"pvEach":80},"quantityLimit":{"quantityQuota":-1,"timeFrameDays":-1,"quantityOrdered":0}}]},"currency":"USD"},{"lines":{"items":[{"item":{"href":"https://hydraqa.unicity.net/v5a-test/items/24ff5bda40c0d0e7eaa511866d052915","id":{"unicity":"29612"}},"quantity":1,"terms":{"priceEach":49,"taxEach":{"amount":0},"discountEach":{"amount":0},"pvEach":30},"quantityLimit":{"quantityQuota":-1,"timeFrameDays":-1,"quantityOrdered":0}}]},"currency":"USD"},{"lines":{"items":[{"item":{"href":"https://hydraqa.unicity.net/v5a-test/items/e0a19d3d676bccfdba0ab3d9f2766359","id":{"unicity":"30350"}},"quantity":1,"terms":{"priceEach":50,"taxEach":{"amount":0},"discountEach":{"amount":0},"pvEach":30},"quantityLimit":{"quantityQuota":-1,"timeFrameDays":-1,"quantityOrdered":0}}]},"currency":"USD"},{"lines":{"items":[{"item":{"href":"https://hydraqa.unicity.net/v5a-test/items/024e696f8b44a1d315006e676604cd31","id":{"unicity":"27395"}},"quantity":1,"terms":{"priceEach":25,"taxEach":{"amount":0},"discountEach":{"amount":0},"pvEach":16},"quantityLimit":{"quantityQuota":-1,"timeFrameDays":-1,"quantityOrdered":0}}]},"currency":"USD"},{"lines":{"items":[{"item":{"href":"https://hydraqa.unicity.net/v5a-test/items/05ca08f3808f126c0cc42154c50fc75c","id":{"unicity":"29440"}},"quantity":1,"terms":{"priceEach":120,"taxEach":{"amount":0},"discountEach":{"amount":0},"pvEach":90},"quantityLimit":{"quantityQuota":-1,"timeFrameDays":-1,"quantityOrdered":0}}]},"currency":"USD"},{"lines":{"items":[{"item":{"href":"https://hydraqa.unicity.net/v5a-test/items/764e2db430d361da99e8f6b70c4d0244","id":{"unicity":"29830"}},"quantity":1,"terms":{"priceEach":17,"taxEach":{"amount":0},"discountEach":{"amount":0},"pvEach":7},"quantityLimit":{"quantityQuota":-1,"timeFrameDays":-1,"quantityOrdered":0}}]},"currency":"USD"},{"lines":{"items":[{"item":{"href":"https://hydraqa.unicity.net/v5a-test/items/035189015384166df518a68ede0299a9","id":{"unicity":"30408"}},"quantity":1,"terms":{"priceEach":84,"taxEach":{"amount":0},"discountEach":{"amount":0},"pvEach":50},"quantityLimit":{"quantityQuota":-1,"timeFrameDays":-1,"quantityOrdered":0}}]},"currency":"USD"},{"lines":{"items":[{"item":{"href":"https://hydraqa.unicity.net/v5a-test/items/b91affa753dd5ee8a9acef4fa7e2c9a7","id":{"unicity":"30414"}},"quantity":1,"terms":{"priceEach":94,"taxEach":{"amount":0},"discountEach":{"amount":0},"pvEach":65},"quantityLimit":{"quantityQuota":-1,"timeFrameDays":-1,"quantityOrdered":0}}]},"currency":"USD"},{"lines":{"items":[{"item":{"href":"https://hydraqa.unicity.net/v5a-test/items/2835b1a78e379486f0ffbfd5fb9f6b0a","id":{"unicity":"30400"}},"quantity":1,"terms":{"priceEach":38,"taxEach":{"amount":0},"discountEach":{"amount":0},"pvEach":28},"quantityLimit":{"quantityQuota":-1,"timeFrameDays":-1,"quantityOrdered":0}}]},"currency":"USD"},{"lines":{"items":[{"item":{"href":"https://hydraqa.unicity.net/v5a-test/items/0e78fbdfebef11cd62f8d2120064ee58","id":{"unicity":"30280"}},"quantity":1,"terms":{"priceEach":42,"taxEach":{"amount":0},"discountEach":{"amount":0},"pvEach":24},"quantityLimit":{"quantityQuota":-1,"timeFrameDays":-1,"quantityOrdered":0}}]},"currency":"USD"},{"lines":{"items":[{"item":{"href":"https://hydraqa.unicity.net/v5a-test/items/d306a0b65f27f19b4968e5c05906a9f4","id":{"unicity":"31314"}},"quantity":1,"terms":{"priceEach":388,"taxEach":{"amount":0},"discountEach":{"amount":0},"pvEach":268},"quantityLimit":{"quantityQuota":-1,"timeFrameDays":-1,"quantityOrdered":0}}]},"currency":"USD"},{"lines":{"items":[{"item":{"href":"https://hydraqa.unicity.net/v5a-test/items/5bda067b70c43971650a6ef983f612e4","id":{"unicity":"31728"}},"quantity":1,"terms":{"priceEach":126,"taxEach":{"amount":0},"discountEach":{"amount":0},"pvEach":94},"quantityLimit":{"quantityQuota":-1,"timeFrameDays":-1,"quantityOrdered":0}}]},"currency":"USD"},{"lines":{"items":[{"item":{"href":"https://hydraqa.unicity.net/v5a-test/items/3875e24e6b6ebdf36c79d205614ed51e","id":{"unicity":"31846"}},"quantity":1,"terms":{"priceEach":126,"taxEach":{"amount":0},"discountEach":{"amount":0},"pvEach":94},"quantityLimit":{"quantityQuota":-1,"timeFrameDays":-1,"quantityOrdered":0}}]},"currency":"USD"},{"lines":{"items":[{"item":{"href":"https://hydraqa.unicity.net/v5a-test/items/89b6d29a85a88d44d65bc8cca3fefc65","id":{"unicity":"31845"}},"quantity":1,"terms":{"priceEach":143,"taxEach":{"amount":0},"discountEach":{"amount":0},"pvEach":100},"quantityLimit":{"quantityQuota":-1,"timeFrameDays":-1,"quantityOrdered":0}}]},"currency":"USD"},{"lines":{"items":[{"item":{"href":"https://hydraqa.unicity.net/v5a-test/items/fbb319232b7eed110794d46a68302acb","id":{"unicity":"31847"}},"quantity":1,"terms":{"priceEach":120,"taxEach":{"amount":0},"discountEach":{"amount":0},"pvEach":80},"quantityLimit":{"quantityQuota":-1,"timeFrameDays":-1,"quantityOrdered":0}}]},"currency":"USD"},{"lines":{"items":[{"item":{"href":"https://hydraqa.unicity.net/v5a-test/items/077823d29445b9020de9931f10c63efd","id":{"unicity":"31958"}},"quantity":1,"terms":{"priceEach":129,"taxEach":{"amount":0},"discountEach":{"amount":0},"pvEach":85},"quantityLimit":{"quantityQuota":-1,"timeFrameDays":-1,"quantityOrdered":0}}]},"currency":"USD"},{"lines":{"items":[{"item":{"href":"https://hydraqa.unicity.net/v5a-test/items/bfddb53fe0d5ed5432c531dc9850cbe4","id":{"unicity":"29449"}},"quantity":1,"terms":{"priceEach":37,"taxEach":{"amount":0},"discountEach":{"amount":0},"pvEach":25},"quantityLimit":{"quantityQuota":-1,"timeFrameDays":-1,"quantityOrdered":0}}]},"currency":"USD"},{"lines":{"items":[{"item":{"href":"https://hydraqa.unicity.net/v5a-test/items/7fc100f8d20814757efe2d79e41b315c","id":{"unicity":"32021"}},"quantity":1,"terms":{"priceEach":89,"taxEach":{"amount":0},"discountEach":{"amount":0},"pvEach":60},"quantityLimit":{"quantityQuota":-1,"timeFrameDays":-1,"quantityOrdered":0}}]},"currency":"USD"},{"lines":{"items":[{"item":{"href":"https://hydraqa.unicity.net/v5a-test/items/c201dcd36f4bb7e17e7a8481ef08d6f2","id":{"unicity":"31518"}},"quantity":1,"terms":{"priceEach":29,"taxEach":{"amount":0},"discountEach":{"amount":0},"pvEach":14},"quantityLimit":{"quantityQuota":-1,"timeFrameDays":-1,"quantityOrdered":0}}]},"currency":"USD"},{"lines":{"items":[{"item":{"href":"https://hydraqa.unicity.net/v5a-test/items/bed533c634e887357ff031d8e4c776b0","id":{"unicity":"31751"}},"quantity":1,"terms":{"priceEach":99,"taxEach":{"amount":0},"discountEach":{"amount":0},"pvEach":50},"quantityLimit":{"quantityQuota":-1,"timeFrameDays":-1,"quantityOrdered":0}}]},"currency":"USD"},{"lines":{"items":[{"item":{"href":"https://hydraqa.unicity.net/v5a-test/items/69461244686345ba75765978ef53c749","id":{"unicity":"32015"}},"quantity":1,"terms":{"priceEach":8,"taxEach":{"amount":0},"discountEach":{"amount":0},"pvEach":0},"quantityLimit":{"quantityQuota":-1,"timeFrameDays":-1,"quantityOrdered":0}}]},"currency":"USD"},{"lines":{"items":[{"item":{"href":"https://hydraqa.unicity.net/v5a-test/items/c674cdded8a54983aae3c5dcb32c9e38","id":{"unicity":"32628"}},"quantity":1,"terms":{"priceEach":80,"taxEach":{"amount":0},"discountEach":{"amount":0},"pvEach":50},"quantityLimit":{"quantityQuota":-1,"timeFrameDays":-1,"quantityOrdered":0}}]},"currency":"USD"},{"lines":{"items":[{"item":{"href":"https://hydraqa.unicity.net/v5a-test/items/69d8547e9e264505ce055e09920659fd","id":{"unicity":"33019"}},"quantity":1,"terms":{"priceEach":202,"taxEach":{"amount":0},"discountEach":{"amount":0},"pvEach":151},"quantityLimit":{"quantityQuota":-1,"timeFrameDays":-1,"quantityOrdered":0}}]},"currency":"USD"},{"lines":{"items":[{"item":{"href":"https://hydraqa.unicity.net/v5a-test/items/30b5c0f54df52286b3d87a6a1dfd314a","id":{"unicity":"33018"}},"quantity":1,"terms":{"priceEach":205,"taxEach":{"amount":0},"discountEach":{"amount":0},"pvEach":133},"quantityLimit":{"quantityQuota":-1,"timeFrameDays":-1,"quantityOrdered":0}}]},"currency":"USD"},{"lines":{"items":[{"item":{"href":"https://hydraqa.unicity.net/v5a-test/items/16a422e03f6e3a79ba7bcd7fd50e31c0","id":{"unicity":"33017"}},"quantity":1,"terms":{"priceEach":150,"taxEach":{"amount":0},"discountEach":{"amount":0},"pvEach":110},"quantityLimit":{"quantityQuota":-1,"timeFrameDays":-1,"quantityOrdered":0}}]},"currency":"USD"},{"lines":{"items":[{"item":{"href":"https://hydraqa.unicity.net/v5a-test/items/30f2eb8ab275ef57ae8082b3435a3d69","id":{"unicity":"33016"}},"quantity":1,"terms":{"priceEach":199,"taxEach":{"amount":0},"discountEach":{"amount":0},"pvEach":142},"quantityLimit":{"quantityQuota":-1,"timeFrameDays":-1,"quantityOrdered":0}}]},"currency":"USD"},{"lines":{"items":[{"item":{"href":"https://hydraqa.unicity.net/v5a-test/items/e30d5100db17be47578745dce83039e6","id":{"unicity":"32838"}},"quantity":1,"terms":{"priceEach":12.95,"taxEach":{"amount":0},"discountEach":{"amount":0},"pvEach":0},"quantityLimit":{"quantityQuota":-1,"timeFrameDays":-1,"quantityOrdered":0}}]},"currency":"USD"}]}
Entry request : {"order":{"customer":{"href":"https://hydraqa.unicity.net/v5a-test/customers?type=Associate"},"shipToAddress":{"country":"US"}},"vary":{"lines":{"items":[{"item":{"href":"https://hydraqa.unicity.net/v5a-test/items?id.unicity=26580|31440|31441|27801|31858|31859|31863|31861|32030|29684|31729|31730|31731|0963|15129|15271|15880|17174|22745|22747|23728|24758|25022|26550|26556|26557|26560|26561|26562|27615|27739|24418|27585|25008|26442|6200|15916|18908|24785|26552|27028|0954|18401|27029|26559|19596|26945|21420|24621|28836|15712|0960|25369|18386|26567|26568|15907|28513|3107|0988|12230|26950|26786|27587|29017|29694|29408|29437|29183|29191|29352|29612|30350|27395|29440|29830|30408|30414|30400|30280|31314|31728|31846|31845|31847|31958|29449|32021|31518|31751|32015|32628|33019|33018|33017|33016|32838|33476|26555"}}]}}}
Request URL: https://hydraqa.unicity.net/v5a-test/customers.js?_httpMethod=HEAD&callback=angular.callbacks._1&email=NFYDXZ@gmail.com
Unicity [Date=Thu, 10 Dec 2020 19:26:50 GMT, Content-Type=text/javascript; charset=utf-8, Content-Length=381, Connection=keep-alive, Set-Cookie=__cfduid=d1c3ea8d0ae69f54244343f18173f499a1607628409; expires=Sat, 09-Jan-21 19:26:49 GMT; path=/; domain=.unicity.net; HttpOnly; SameSite=Lax, x-powered-by=Express, x-request-id=624d1bef-e77f-9ee4-8730-4216afe38711,624d1bef-e77f-9ee4-8730-4216afe38711, x-request-uuid=624d1bef-e77f-9ee4-8730-4216afe38711, x-request-release=5-2020120801/master, access-control-allow-origin=http://enroll.ng.unicityqa.com, vary=Accept-Encoding, link=<http://unicity.github.io/Hydra.php/docs/v5/>; rel="help", cache-control=no-cache, must-revalidate, expires=0, content-language=en-US, x-status-code=400, content-encoding=gzip, x-envoy-upstream-service-time=1528, etag=W/"17d-nVh+F42ZzTHVTfHnsyMMQNIjaz0", access-control-expose-headers=x-b3-traceid, x-request-id, x-b3-traceid=b35e801b7221676d, CF-Cache-Status=DYNAMIC, cf-request-id=06efb7e1970000212786ab0000000001, Expect-CT=max-age=604800, report-uri="https://report-uri.cloudflare.com/cdn-cgi/beacon/expect-ct", Server=cloudflare, CF-RAY=5ff95c15bb622127-SJC]
Unicity [Date=Thu, 10 Dec 2020 19:26:52 GMT, Content-Type=text/javascript; charset=utf-8, Content-Length=383, Connection=keep-alive, Set-Cookie=__cfduid=d1cbfc5aff667f225c951f8b6ab04706d1607628411; expires=Sat, 09-Jan-21 19:26:51 GMT; path=/; domain=.unicity.net; HttpOnly; SameSite=Lax, x-powered-by=Express, x-request-id=72aa3e14-4b7c-9390-a05b-35157c3f039d,72aa3e14-4b7c-9390-a05b-35157c3f039d, x-request-uuid=72aa3e14-4b7c-9390-a05b-35157c3f039d, x-request-release=5-2020120801/master, access-control-allow-origin=http://enroll.ng.unicityqa.com, vary=Accept-Encoding, link=<http://unicity.github.io/Hydra.php/docs/v5/>; rel="help", cache-control=no-cache, must-revalidate, expires=0, content-language=en-US, x-status-code=400, content-encoding=gzip, x-envoy-upstream-service-time=697, etag=W/"17f-rL0ym+jyOI/b+JwRiSuKxqraBGY", access-control-expose-headers=x-b3-traceid, x-request-id, x-b3-traceid=4d60b4ff96d2426b, CF-Cache-Status=DYNAMIC, cf-request-id=06efb7eb410000024e38097000000001, Expect-CT=max-age=604800, report-uri="https://report-uri.cloudflare.com/cdn-cgi/beacon/expect-ct", Server=cloudflare, CF-RAY=5ff95c253866024e-SJC]
Unicity [Date=Thu, 10 Dec 2020 19:26:55 GMT, Content-Type=text/javascript; charset=utf-8, Content-Length=384, Connection=keep-alive, Set-Cookie=__cfduid=dbcb11a2e8844ceda69665678b7165f301607628414; expires=Sat, 09-Jan-21 19:26:54 GMT; path=/; domain=.unicity.net; HttpOnly; SameSite=Lax, x-powered-by=Express, x-request-id=62fda1ac-5734-9ce3-9e8b-48efaf4d55d9,62fda1ac-5734-9ce3-9e8b-48efaf4d55d9, x-request-uuid=62fda1ac-5734-9ce3-9e8b-48efaf4d55d9, x-request-release=5-2020120801/master, access-control-allow-origin=http://enroll.ng.unicityqa.com, vary=Accept-Encoding, link=<http://unicity.github.io/Hydra.php/docs/v5/>; rel="help", cache-control=no-cache, must-revalidate, expires=0, content-language=en-US, x-status-code=400, content-encoding=gzip, x-envoy-upstream-service-time=750, etag=W/"180-dtxLcujJiQhvnDeJ6cuDHu/85bY", access-control-expose-headers=x-b3-traceid, x-request-id, x-b3-traceid=aa1eec81c2e8c600, CF-Cache-Status=DYNAMIC, cf-request-id=06efb7f44f00002127abae2000000001, Expect-CT=max-age=604800, report-uri="https://report-uri.cloudflare.com/cdn-cgi/beacon/expect-ct", Server=cloudflare, CF-RAY=5ff95c33bac02127-SJC]
Unicity [Date=Thu, 10 Dec 2020 19:26:54 GMT, Content-Type=text/javascript; charset=utf-8, Content-Length=381, Connection=keep-alive, Set-Cookie=__cfduid=d0f32bdd2d4f8338b0e200298bec26f2d1607628414; expires=Sat, 09-Jan-21 19:26:54 GMT; path=/; domain=.unicity.net; HttpOnly; SameSite=Lax, x-powered-by=Express, x-request-id=d3ee8b6d-9509-9c64-bf6f-1ec3f1b60fa5,d3ee8b6d-9509-9c64-bf6f-1ec3f1b60fa5, x-request-uuid=d3ee8b6d-9509-9c64-bf6f-1ec3f1b60fa5, x-request-release=5-2020120801/master, access-control-allow-origin=http://enroll.ng.unicityqa.com, vary=Accept-Encoding, link=<http://unicity.github.io/Hydra.php/docs/v5/>; rel="help", cache-control=no-cache, must-revalidate, expires=0, content-language=en-US, x-status-code=400, content-encoding=gzip, x-envoy-upstream-service-time=763, etag=W/"17d-28DXKSmiDZikg0NxoA8q7ACUfiM", access-control-expose-headers=x-b3-traceid, x-request-id, x-b3-traceid=977817eb716acaac, CF-Cache-Status=DYNAMIC, cf-request-id=06efb7f4a0000021455924b000000001, Expect-CT=max-age=604800, report-uri="https://report-uri.cloudflare.com/cdn-cgi/beacon/expect-ct", Server=cloudflare, CF-RAY=5ff95c343c522145-SJC]
Unicity [Date=Thu, 10 Dec 2020 19:26:56 GMT, Content-Type=text/javascript; charset=utf-8, Content-Length=379, Connection=keep-alive, Set-Cookie=__cfduid=d38ef74b288fee65af0cc180f12dac5bb1607628415; expires=Sat, 09-Jan-21 19:26:55 GMT; path=/; domain=.unicity.net; HttpOnly; SameSite=Lax, x-powered-by=Express, x-request-id=ede37e0e-96e2-9886-8112-e8d676dc966c,ede37e0e-96e2-9886-8112-e8d676dc966c, x-request-uuid=ede37e0e-96e2-9886-8112-e8d676dc966c, x-request-release=5-2020120801/master, access-control-allow-origin=http://enroll.ng.unicityqa.com, vary=Accept-Encoding, link=<http://unicity.github.io/Hydra.php/docs/v5/>; rel="help", cache-control=no-cache, must-revalidate, expires=0, content-language=en-US, x-status-code=400, content-encoding=gzip, x-envoy-upstream-service-time=694, etag=W/"17b-HVO1COykg25yJoS7R9mijSAdaU0", access-control-expose-headers=x-b3-traceid, x-request-id, x-b3-traceid=fcffa134a0d5e2df, CF-Cache-Status=DYNAMIC, cf-request-id=06efb7fae40000024e7620f000000001, Expect-CT=max-age=604800, report-uri="https://report-uri.cloudflare.com/cdn-cgi/beacon/expect-ct", Server=cloudflare, CF-RAY=5ff95c3e3b71024e-SJC]
Unicity [Date=Thu, 10 Dec 2020 19:26:56 GMT, Content-Type=text/javascript; charset=utf-8, Content-Length=382, Connection=keep-alive, Set-Cookie=__cfduid=dc560e5cab23c631f399c7eb907ac88e01607628416; expires=Sat, 09-Jan-21 19:26:56 GMT; path=/; domain=.unicity.net; HttpOnly; SameSite=Lax, x-powered-by=Express, x-request-id=564202ce-b259-926a-a6db-68c69b0015ee,564202ce-b259-926a-a6db-68c69b0015ee, x-request-uuid=564202ce-b259-926a-a6db-68c69b0015ee, x-request-release=5-2020120801/master, access-control-allow-origin=http://enroll.ng.unicityqa.com, vary=Accept-Encoding, link=<http://unicity.github.io/Hydra.php/docs/v5/>; rel="help", cache-control=no-cache, must-revalidate, expires=0, content-language=en-US, x-status-code=400, content-encoding=gzip, x-envoy-upstream-service-time=853, etag=W/"17e-2nmFdyI1X9cRT9ZvPHRL6bO1mZY", access-control-expose-headers=x-b3-traceid, x-request-id, x-b3-traceid=8b31c5d6ed727f40, CF-Cache-Status=DYNAMIC, cf-request-id=06efb7fc2800002145b5973000000001, Expect-CT=max-age=604800, report-uri="https://report-uri.cloudflare.com/cdn-cgi/beacon/expect-ct", Server=cloudflare, CF-RAY=5ff95c4028582145-SJC]
Unicity [Date=Thu, 10 Dec 2020 19:26:57 GMT, Content-Type=text/javascript; charset=utf-8, Content-Length=380, Connection=keep-alive, Set-Cookie=__cfduid=d97c043d382e72c50fd444d7050561fe21607628416; expires=Sat, 09-Jan-21 19:26:56 GMT; path=/; domain=.unicity.net; HttpOnly; SameSite=Lax, x-powered-by=Express, x-request-id=07fdb23e-b05c-9762-a421-86a1ddd65532,07fdb23e-b05c-9762-a421-86a1ddd65532, x-request-uuid=07fdb23e-b05c-9762-a421-86a1ddd65532, x-request-release=5-2020120801/master, access-control-allow-origin=http://enroll.ng.unicityqa.com, vary=Accept-Encoding, link=<http://unicity.github.io/Hydra.php/docs/v5/>; rel="help", cache-control=no-cache, must-revalidate, expires=0, content-language=en-US, x-status-code=400, content-encoding=gzip, x-envoy-upstream-service-time=779, etag=W/"17c-AVwipvRa6k7rbA3iQCESyA7S+/E", access-control-expose-headers=x-b3-traceid, x-request-id, x-b3-traceid=4bd478c2f23bea8a, CF-Cache-Status=DYNAMIC, cf-request-id=06efb7fe140000024e460c5000000001, Expect-CT=max-age=604800, report-uri="https://report-uri.cloudflare.com/cdn-cgi/beacon/expect-ct", Server=cloudflare, CF-RAY=5ff95c435c43024e-SJC]
Unicity [Date=Thu, 10 Dec 2020 19:26:58 GMT, Content-Type=text/javascript; charset=utf-8, Content-Length=381, Connection=keep-alive, Set-Cookie=__cfduid=d83de41507bd0782657322dfd9c22f2551607628416; expires=Sat, 09-Jan-21 19:26:56 GMT; path=/; domain=.unicity.net; HttpOnly; SameSite=Lax, x-powered-by=Express, x-request-id=0b9436ea-1fff-930f-a389-ed01d53bb05b,0b9436ea-1fff-930f-a389-ed01d53bb05b, x-request-uuid=0b9436ea-1fff-930f-a389-ed01d53bb05b, x-request-release=5-2020120801/master, access-control-allow-origin=http://enroll.ng.unicityqa.com, vary=Accept-Encoding, link=<http://unicity.github.io/Hydra.php/docs/v5/>; rel="help", cache-control=no-cache, must-revalidate, expires=0, content-language=en-US, x-status-code=400, content-encoding=gzip, x-envoy-upstream-service-time=919, etag=W/"17d-PRpFfDJNKaE5sEXpRqXrVXtKe8U", access-control-expose-headers=x-b3-traceid, x-request-id, x-b3-traceid=cf6a6cc1272bdb4f, CF-Cache-Status=DYNAMIC, cf-request-id=06efb7ff6700003b45fe316000000001, Expect-CT=max-age=604800, report-uri="https://report-uri.cloudflare.com/cdn-cgi/beacon/expect-ct", Server=cloudflare, CF-RAY=5ff95c456cc03b45-SJC]
Unicity [Date=Thu, 10 Dec 2020 19:26:58 GMT, Content-Type=text/javascript; charset=utf-8, Content-Length=380, Connection=keep-alive, Set-Cookie=__cfduid=dbb1f077aa1442baf62baae0a5b331cde1607628417; expires=Sat, 09-Jan-21 19:26:57 GMT; path=/; domain=.unicity.net; HttpOnly; SameSite=Lax, x-powered-by=Express, x-request-id=c25e6396-47d9-913b-983c-1b45cd553d95,c25e6396-47d9-913b-983c-1b45cd553d95, x-request-uuid=c25e6396-47d9-913b-983c-1b45cd553d95, x-request-release=5-2020120801/master, access-control-allow-origin=http://enroll.ng.unicityqa.com, vary=Accept-Encoding, link=<http://unicity.github.io/Hydra.php/docs/v5/>; rel="help", cache-control=no-cache, must-revalidate, expires=0, content-language=en-US, x-status-code=400, content-encoding=gzip, x-envoy-upstream-service-time=673, etag=W/"17c-9bhaCfXy45SBYEqFizzrWm+wSUo", access-control-expose-headers=x-b3-traceid, x-request-id, x-b3-traceid=8972847ba3b7acde, CF-Cache-Status=DYNAMIC, cf-request-id=06efb803700000ed83053dd000000001, Expect-CT=max-age=604800, report-uri="https://report-uri.cloudflare.com/cdn-cgi/beacon/expect-ct", Server=cloudflare, CF-RAY=5ff95c4bea99ed83-SJC]
Unicity [Date=Thu, 10 Dec 2020 19:26:58 GMT, Content-Type=text/javascript; charset=utf-8, Content-Length=382, Connection=keep-alive, Set-Cookie=__cfduid=dff78bb2b02ef0dfaa8cfe1e0c58c90651607628418; expires=Sat, 09-Jan-21 19:26:58 GMT; path=/; domain=.unicity.net; HttpOnly; SameSite=Lax, x-powered-by=Express, x-request-id=573f412b-5bf7-9aa5-b8d7-e2221e8f0a8f,573f412b-5bf7-9aa5-b8d7-e2221e8f0a8f, x-request-uuid=573f412b-5bf7-9aa5-b8d7-e2221e8f0a8f, x-request-release=5-2020120801/master, access-control-allow-origin=http://enroll.ng.unicityqa.com, vary=Accept-Encoding, link=<http://unicity.github.io/Hydra.php/docs/v5/>; rel="help", cache-control=no-cache, must-revalidate, expires=0, content-language=en-US, x-status-code=400, content-encoding=gzip, x-envoy-upstream-service-time=748, etag=W/"17e-6TPJE0RnAUm9kLGYKIgclZL0bjs", access-control-expose-headers=x-b3-traceid, x-request-id, x-b3-traceid=e464f79f0d111756, CF-Cache-Status=DYNAMIC, cf-request-id=06efb8043300002145bba15000000001, Expect-CT=max-age=604800, report-uri="https://report-uri.cloudflare.com/cdn-cgi/beacon/expect-ct", Server=cloudflare, CF-RAY=5ff95c4d1fa72145-SJC]
Request URL: https://hydraqa.unicity.net/v5a-test/addresses?country=US&zip=33024
Entry response : {"items":[{"city":"Pembroke Pines","state":"FL"}]}
]]></system-out>
    <system-err><![CDATA[Starting ChromeDriver 2.36.540470 (e522d04694c7ebea4ba8821272dbef4f9b818c91) on port 4539
Only local connections are allowed.
Dec 10, 2020 12:23:38 PM org.openqa.selenium.remote.ProtocolHandshake createSession
INFO: Detected dialect: OSS
]]></system-err>
  </testcase>
  <testcase name="Enroll" classname="Tests.FranchisePartner" time="215.197">
    <failure message="Critical Back end error" type="java.lang.AssertionError">java.lang.AssertionError: Critical Back end error
	at Tests.FranchisePartner.Enroll(FranchisePartner.java:260)
</failure>
    <system-out><![CDATA[Request URL: https://hydraqa.unicity.net/v5a-test/quotes?&expand=item
Entry Quotes response : {"items":[{"lines":{"items":[{"item":{"href":"https://hydraqa.unicity.net/v5a-test/items/051e765a5a71835a859c2757edd359f0","id":{"unicity":"26580"}},"quantity":1,"terms":{"priceEach":195,"taxEach":{"amount":0},"discountEach":{"amount":0},"pvEach":130},"quantityLimit":{"quantityQuota":-1,"timeFrameDays":-1,"quantityOrdered":0}}]},"currency":"USD"},{"lines":{"items":[{"item":{"href":"https://hydraqa.unicity.net/v5a-test/items/3ddd31ddbe0e5807756d2488e7cc3602","id":{"unicity":"31440"}},"quantity":1,"terms":{"priceEach":40,"taxEach":{"amount":0},"discountEach":{"amount":0},"pvEach":0},"quantityLimit":{"quantityQuota":-1,"timeFrameDays":-1,"quantityOrdered":0}}]},"currency":"USD"},{"lines":{"items":[{"item":{"href":"https://hydraqa.unicity.net/v5a-test/items/90d5ee3af77bdc64ecf28a45b604bf3d","id":{"unicity":"31441"}},"quantity":1,"terms":{"priceEach":40,"taxEach":{"amount":0},"discountEach":{"amount":0},"pvEach":0},"quantityLimit":{"quantityQuota":-1,"timeFrameDays":-1,"quantityOrdered":0}}]},"currency":"USD"},{"lines":{"items":[{"item":{"href":"https://hydraqa.unicity.net/v5a-test/items/38da42f991a40a00153b2e5055b82dbf","id":{"unicity":"27801"}},"quantity":1,"terms":{"priceEach":195,"taxEach":{"amount":0},"discountEach":{"amount":0},"pvEach":130},"quantityLimit":{"quantityQuota":-1,"timeFrameDays":-1,"quantityOrdered":0}}]},"currency":"USD"},{"lines":{"items":[{"item":{"href":"https://hydraqa.unicity.net/v5a-test/items/cf8460040a1860bcabf250b6c1171675","id":{"unicity":"31858"}},"quantity":1,"terms":{"priceEach":269,"taxEach":{"amount":0},"discountEach":{"amount":0},"pvEach":195},"quantityLimit":{"quantityQuota":-1,"timeFrameDays":-1,"quantityOrdered":0}}]},"currency":"USD"},{"lines":{"items":[{"item":{"href":"https://hydraqa.unicity.net/v5a-test/items/2de8516a24af8232add0bb392e750a71","id":{"unicity":"31859"}},"quantity":1,"terms":{"priceEach":179,"taxEach":{"amount":0},"discountEach":{"amount":0},"pvEach":130},"quantityLimit":{"quantityQuota":-1,"timeFrameDays":-1,"quantityOrdered":0}}]},"currency":"USD"},{"lines":{"items":[{"item":{"href":"https://hydraqa.unicity.net/v5a-test/items/fd464cd7972cc1317e850b9196d886b8","id":{"unicity":"31863"}},"quantity":1,"terms":{"priceEach":210,"taxEach":{"amount":0},"discountEach":{"amount":0},"pvEach":148},"quantityLimit":{"quantityQuota":-1,"timeFrameDays":-1,"quantityOrdered":0}}]},"currency":"USD"},{"lines":{"items":[{"item":{"href":"https://hydraqa.unicity.net/v5a-test/items/4ab49eca1731e69206ccafb5112ad5a4","id":{"unicity":"31861"}},"quantity":1,"terms":{"priceEach":196,"taxEach":{"amount":0},"discountEach":{"amount":0},"pvEach":135},"quantityLimit":{"quantityQuota":-1,"timeFrameDays":-1,"quantityOrdered":0}}]},"currency":"USD"},{"lines":{"items":[{"item":{"href":"https://hydraqa.unicity.net/v5a-test/items/50747027a065cb8361c1f0d6eb880466","id":{"unicity":"32030"}},"quantity":1,"terms":{"priceEach":143,"taxEach":{"amount":0},"discountEach":{"amount":0},"pvEach":102},"quantityLimit":{"quantityQuota":-1,"timeFrameDays":-1,"quantityOrdered":0}}]},"currency":"USD"},{"lines":{"items":[{"item":{"href":"https://hydraqa.unicity.net/v5a-test/items/00c2eb70c985722ce208490aece00945","id":{"unicity":"31729"}},"quantity":1,"terms":{"priceEach":143,"taxEach":{"amount":0},"discountEach":{"amount":0},"pvEach":100},"quantityLimit":{"quantityQuota":-1,"timeFrameDays":-1,"quantityOrdered":0}}]},"currency":"USD"},{"lines":{"items":[{"item":{"href":"https://hydraqa.unicity.net/v5a-test/items/693a7c4a70b06a00471afe8d6cae5023","id":{"unicity":"31730"}},"quantity":1,"terms":{"priceEach":120,"taxEach":{"amount":0},"discountEach":{"amount":0},"pvEach":80},"quantityLimit":{"quantityQuota":-1,"timeFrameDays":-1,"quantityOrdered":0}}]},"currency":"USD"},{"lines":{"items":[{"item":{"href":"https://hydraqa.unicity.net/v5a-test/items/ccb242d74dcb1fe621cc7bfe1b1de315","id":{"unicity":"31731"}},"quantity":1,"terms":{"priceEach":89,"taxEach":{"amount":0},"discountEach":{"amount":0},"pvEach":60},"quantityLimit":{"quantityQuota":-1,"timeFrameDays":-1,"quantityOrdered":0}}]},"currency":"USD"},{"lines":{"items":[{"item":{"href":"https://hydraqa.unicity.net/v5a-test/items/9ff4257741d464b686d15be955b8afb6","id":{"unicity":"0963"}},"quantity":1,"terms":{"priceEach":42,"taxEach":{"amount":0},"discountEach":{"amount":0},"pvEach":25},"quantityLimit":{"quantityQuota":-1,"timeFrameDays":-1,"quantityOrdered":0}}]},"currency":"USD"},{"lines":{"items":[{"item":{"href":"https://hydraqa.unicity.net/v5a-test/items/716b7a0bca7fa73e42e000d668e7ee65","id":{"unicity":"15129"}},"quantity":1,"terms":{"priceEach":22,"taxEach":{"amount":0},"discountEach":{"amount":0},"pvEach":10},"quantityLimit":{"quantityQuota":-1,"timeFrameDays":-1,"quantityOrdered":0}}]},"currency":"USD"},{"lines":{"items":[{"item":{"href":"https://hydraqa.unicity.net/v5a-test/items/390a7ae70d5669561ecdf7d5cff2671b","id":{"unicity":"15271"}},"quantity":1,"terms":{"priceEach":69,"taxEach":{"amount":0},"discountEach":{"amount":0},"pvEach":27},"quantityLimit":{"quantityQuota":-1,"timeFrameDays":-1,"quantityOrdered":0}}]},"currency":"USD"},{"lines":{"items":[{"item":{"href":"https://hydraqa.unicity.net/v5a-test/items/4b2034f47fce90b87bba28c5c2d7c25d","id":{"unicity":"15880"}},"quantity":1,"terms":{"priceEach":59,"taxEach":{"amount":0},"discountEach":{"amount":0},"pvEach":41},"quantityLimit":{"quantityQuota":-1,"timeFrameDays":-1,"quantityOrdered":0}}]},"currency":"USD"},{"lines":{"items":[{"item":{"href":"https://hydraqa.unicity.net/v5a-test/items/2c4c1abe00983e85aaa918d2ce341491","id":{"unicity":"17174"}},"quantity":1,"terms":{"priceEach":17,"taxEach":{"amount":0},"discountEach":{"amount":0},"pvEach":10},"quantityLimit":{"quantityQuota":-1,"timeFrameDays":-1,"quantityOrdered":0}}]},"currency":"USD"},{"lines":{"items":[{"item":{"href":"https://hydraqa.unicity.net/v5a-test/items/cea826eab72d44641c070aab6c97c1ac","id":{"unicity":"22747"}},"quantity":1,"terms":{"priceEach":27,"taxEach":{"amount":0},"discountEach":{"amount":0},"pvEach":16},"quantityLimit":{"quantityQuota":-1,"timeFrameDays":-1,"quantityOrdered":0}}]},"currency":"USD"},{"lines":{"items":[{"item":{"href":"https://hydraqa.unicity.net/v5a-test/items/5c2f1613082782e691d32fe9ce034026","id":{"unicity":"23728"}},"quantity":1,"terms":{"priceEach":26,"taxEach":{"amount":0},"discountEach":{"amount":0},"pvEach":13},"quantityLimit":{"quantityQuota":-1,"timeFrameDays":-1,"quantityOrdered":0}}]},"currency":"USD"},{"lines":{"items":[{"item":{"href":"https://hydraqa.unicity.net/v5a-test/items/64ec7ad932acafab052a4e8800ad1238","id":{"unicity":"24758"}},"quantity":1,"terms":{"priceEach":31,"taxEach":{"amount":0},"discountEach":{"amount":0},"pvEach":21},"quantityLimit":{"quantityQuota":-1,"timeFrameDays":-1,"quantityOrdered":0}}]},"currency":"USD"},{"lines":{"items":[{"item":{"href":"https://hydraqa.unicity.net/v5a-test/items/9a7715e888c94989d898fe4653645721","id":{"unicity":"26550"}},"quantity":1,"terms":{"priceEach":80,"taxEach":{"amount":0},"discountEach":{"amount":0},"pvEach":52},"quantityLimit":{"quantityQuota":-1,"timeFrameDays":-1,"quantityOrdered":0}}]},"currency":"USD"},{"lines":{"items":[{"item":{"href":"https://hydraqa.unicity.net/v5a-test/items/3af97c67f653253825a9189a27da57d6","id":{"unicity":"26556"}},"quantity":1,"terms":{"priceEach":79,"taxEach":{"amount":0},"discountEach":{"amount":0},"pvEach":61},"quantityLimit":{"quantityQuota":-1,"timeFrameDays":-1,"quantityOrdered":0}}]},"currency":"USD"},{"lines":{"items":[{"item":{"href":"https://hydraqa.unicity.net/v5a-test/items/0cf62d38e91953b43dcfe88b06f813cb","id":{"unicity":"26557"}},"quantity":1,"terms":{"priceEach":79,"taxEach":{"amount":0},"discountEach":{"amount":0},"pvEach":61},"quantityLimit":{"quantityQuota":-1,"timeFrameDays":-1,"quantityOrdered":0}}]},"currency":"USD"},{"lines":{"items":[{"item":{"href":"https://hydraqa.unicity.net/v5a-test/items/398d06b858b960f6f38086d40608aef2","id":{"unicity":"26560"}},"quantity":1,"terms":{"priceEach":16,"taxEach":{"amount":0},"discountEach":{"amount":0},"pvEach":12},"quantityLimit":{"quantityQuota":-1,"timeFrameDays":-1,"quantityOrdered":0}}]},"currency":"USD"},{"lines":{"items":[{"item":{"href":"https://hydraqa.unicity.net/v5a-test/items/cda534d686af5d627c94c4bb2c4b57d8","id":{"unicity":"26561"}},"quantity":1,"terms":{"priceEach":16,"taxEach":{"amount":0},"discountEach":{"amount":0},"pvEach":11},"quantityLimit":{"quantityQuota":-1,"timeFrameDays":-1,"quantityOrdered":0}}]},"currency":"USD"},{"lines":{"items":[{"item":{"href":"https://hydraqa.unicity.net/v5a-test/items/0a3ede185ddf034630afd891c5106d33","id":{"unicity":"26562"}},"quantity":1,"terms":{"priceEach":33,"taxEach":{"amount":0},"discountEach":{"amount":0},"pvEach":25},"quantityLimit":{"quantityQuota":-1,"timeFrameDays":-1,"quantityOrdered":0}}]},"currency":"USD"},{"lines":{"items":[{"item":{"href":"https://hydraqa.unicity.net/v5a-test/items/16ca68abaaa92505c257be022a154769","id":{"unicity":"27615"}},"quantity":1,"terms":{"priceEach":29,"taxEach":{"amount":0},"discountEach":{"amount":0},"pvEach":21},"quantityLimit":{"quantityQuota":-1,"timeFrameDays":-1,"quantityOrdered":0}}]},"currency":"USD"},{"lines":{"items":[{"item":{"href":"https://hydraqa.unicity.net/v5a-test/items/1bd53de7fe880ba71f46c9976ca2c137","id":{"unicity":"27739"}},"quantity":1,"terms":{"priceEach":33,"taxEach":{"amount":0},"discountEach":{"amount":0},"pvEach":13},"quantityLimit":{"quantityQuota":-1,"timeFrameDays":-1,"quantityOrdered":0}}]},"currency":"USD"},{"lines":{"items":[{"item":{"href":"https://hydraqa.unicity.net/v5a-test/items/1945faa1776541d53120ecfe3c1d8a2b","id":{"unicity":"24418"}},"quantity":1,"terms":{"priceEach":5,"taxEach":{"amount":0},"discountEach":{"amount":0},"pvEach":0},"quantityLimit":{"quantityQuota":-1,"timeFrameDays":-1,"quantityOrdered":0}}]},"currency":"USD"},{"lines":{"items":[{"item":{"href":"https://hydraqa.unicity.net/v5a-test/items/9a6e1d094182389c3da8e0a320ff0e00","id":{"unicity":"27585"}},"quantity":1,"terms":{"priceEach":56,"taxEach":{"amount":0},"discountEach":{"amount":0},"pvEach":33},"quantityLimit":{"quantityQuota":-1,"timeFrameDays":-1,"quantityOrdered":0}}]},"currency":"USD"},{"lines":{"items":[{"item":{"href":"https://hydraqa.unicity.net/v5a-test/items/b127a2d34d3d73e2f53e4c2002a7a4a2","id":{"unicity":"25008"}},"quantity":1,"terms":{"priceEach":19,"taxEach":{"amount":0},"discountEach":{"amount":0},"pvEach":15},"quantityLimit":{"quantityQuota":-1,"timeFrameDays":-1,"quantityOrdered":0}}]},"currency":"USD"},{"lines":{"items":[{"item":{"href":"https://hydraqa.unicity.net/v5a-test/items/10da226fab00279b4f89df10af2a10b7","id":{"unicity":"26442"}},"quantity":1,"terms":{"priceEach":6,"taxEach":{"amount":0},"discountEach":{"amount":0},"pvEach":0},"quantityLimit":{"quantityQuota":-1,"timeFrameDays":-1,"quantityOrdered":0}}]},"currency":"USD"},{"lines":{"items":[{"item":{"href":"https://hydraqa.unicity.net/v5a-test/items/933f0856fd8ec1df83c5283dabf4ec3c","id":{"unicity":"6200"}},"quantity":1,"terms":{"priceEach":68,"taxEach":{"amount":0},"discountEach":{"amount":0},"pvEach":47},"quantityLimit":{"quantityQuota":-1,"timeFrameDays":-1,"quantityOrdered":0}}]},"currency":"USD"},{"lines":{"items":[{"item":{"href":"https://hydraqa.unicity.net/v5a-test/items/8d994059c399f5551ab112574e4476fc","id":{"unicity":"24785"}},"quantity":1,"terms":{"priceEach":14,"taxEach":{"amount":0},"discountEach":{"amount":0},"pvEach":9},"quantityLimit":{"quantityQuota":-1,"timeFrameDays":-1,"quantityOrdered":0}}]},"currency":"USD"},{"lines":{"items":[{"item":{"href":"https://hydraqa.unicity.net/v5a-test/items/aa0d72ac13b1ce88cf8c4a52ede75a37","id":{"unicity":"26552"}},"quantity":1,"terms":{"priceEach":70,"taxEach":{"amount":0},"discountEach":{"amount":0},"pvEach":50},"quantityLimit":{"quantityQuota":-1,"timeFrameDays":-1,"quantityOrdered":0}}]},"currency":"USD"},{"lines":{"items":[{"item":{"href":"https://hydraqa.unicity.net/v5a-test/items/8b5ed9aa6c6132e1be5e446f69a3465e","id":{"unicity":"0954"}},"quantity":1,"terms":{"priceEach":21,"taxEach":{"amount":0},"discountEach":{"amount":0},"pvEach":15},"quantityLimit":{"quantityQuota":-1,"timeFrameDays":-1,"quantityOrdered":0}}]},"currency":"USD"},{"lines":{"items":[{"item":{"href":"https://hydraqa.unicity.net/v5a-test/items/b2fc4b9ba4aa5cae54389161be2f841f","id":{"unicity":"18401"}},"quantity":1,"terms":{"priceEach":31,"taxEach":{"amount":0},"discountEach":{"amount":0},"pvEach":19},"quantityLimit":{"quantityQuota":-1,"timeFrameDays":-1,"quantityOrdered":0}}]},"currency":"USD"},{"lines":{"items":[{"item":{"href":"https://hydraqa.unicity.net/v5a-test/items/48433ffc76597c823adc2b8627e033e4","id":{"unicity":"26559"}},"quantity":1,"terms":{"priceEach":30,"taxEach":{"amount":0},"discountEach":{"amount":0},"pvEach":20},"quantityLimit":{"quantityQuota":-1,"timeFrameDays":-1,"quantityOrdered":0}}]},"currency":"USD"},{"lines":{"items":[{"item":{"href":"https://hydraqa.unicity.net/v5a-test/items/5a38f009bec6c23b1b3a70432f9722e5","id":{"unicity":"19596"}},"quantity":1,"terms":{"priceEach":49,"taxEach":{"amount":0},"discountEach":{"amount":0},"pvEach":30},"quantityLimit":{"quantityQuota":-1,"timeFrameDays":-1,"quantityOrdered":0}}]},"currency":"USD"},{"lines":{"items":[{"item":{"href":"https://hydraqa.unicity.net/v5a-test/items/9ce45d695c87f93b29794041362b5192","id":{"unicity":"26945"}},"quantity":1,"terms":{"priceEach":35,"taxEach":{"amount":0},"discountEach":{"amount":0},"pvEach":0},"quantityLimit":{"quantityQuota":-1,"timeFrameDays":-1,"quantityOrdered":0}}]},"currency":"USD"},{"lines":{"items":[{"item":{"href":"https://hydraqa.unicity.net/v5a-test/items/ddef5f478ff91aa2263b646a3bd03dea","id":{"unicity":"21420"}},"quantity":1,"terms":{"priceEach":24,"taxEach":{"amount":0},"discountEach":{"amount":0},"pvEach":10},"quantityLimit":{"quantityQuota":-1,"timeFrameDays":-1,"quantityOrdered":0}}]},"currency":"USD"},{"lines":{"items":[{"item":{"href":"https://hydraqa.unicity.net/v5a-test/items/55d3b550a17b78175cc5ac565e4266e8","id":{"unicity":"24621"}},"quantity":1,"terms":{"priceEach":20,"taxEach":{"amount":0},"discountEach":{"amount":0},"pvEach":12},"quantityLimit":{"quantityQuota":-1,"timeFrameDays":-1,"quantityOrdered":0}}]},"currency":"USD"},{"lines":{"items":[{"item":{"href":"https://hydraqa.unicity.net/v5a-test/items/9d9d002b0e21b9bd58ad0154a4f781c5","id":{"unicity":"28836"}},"quantity":1,"terms":{"priceEach":58,"taxEach":{"amount":0},"discountEach":{"amount":0},"pvEach":36},"quantityLimit":{"quantityQuota":-1,"timeFrameDays":-1,"quantityOrdered":0}}]},"currency":"USD"},{"lines":{"items":[{"item":{"href":"https://hydraqa.unicity.net/v5a-test/items/399be8efa903b362515c48315ab2afb9","id":{"unicity":"15712"}},"quantity":1,"terms":{"priceEach":24,"taxEach":{"amount":0},"discountEach":{"amount":0},"pvEach":11},"quantityLimit":{"quantityQuota":-1,"timeFrameDays":-1,"quantityOrdered":0}}]},"currency":"USD"},{"lines":{"items":[{"item":{"href":"https://hydraqa.unicity.net/v5a-test/items/d489ec0d50f6e28d5743afc65439631b","id":{"unicity":"0960"}},"quantity":1,"terms":{"priceEach":37,"taxEach":{"amount":0},"discountEach":{"amount":0},"pvEach":23},"quantityLimit":{"quantityQuota":-1,"timeFrameDays":-1,"quantityOrdered":0}}]},"currency":"USD"},{"lines":{"items":[{"item":{"href":"https://hydraqa.unicity.net/v5a-test/items/66839181d7531692a8d886a9da6fb4d6","id":{"unicity":"25369"}},"quantity":1,"terms":{"priceEach":48,"taxEach":{"amount":0},"discountEach":{"amount":0},"pvEach":25},"quantityLimit":{"quantityQuota":-1,"timeFrameDays":-1,"quantityOrdered":0}}]},"currency":"USD"},{"lines":{"items":[{"item":{"href":"https://hydraqa.unicity.net/v5a-test/items/8ed7a8910d5c5335774fa9cfae0e511d","id":{"unicity":"18386"}},"quantity":1,"terms":{"priceEach":27,"taxEach":{"amount":0},"discountEach":{"amount":0},"pvEach":21},"quantityLimit":{"quantityQuota":-1,"timeFrameDays":-1,"quantityOrdered":0}}]},"currency":"USD"},{"lines":{"items":[{"item":{"href":"https://hydraqa.unicity.net/v5a-test/items/3f2d12d7a0e8551fc99fad3bbe1ba633","id":{"unicity":"26567"}},"quantity":1,"terms":{"priceEach":56,"taxEach":{"amount":0},"discountEach":{"amount":0},"pvEach":35},"quantityLimit":{"quantityQuota":-1,"timeFrameDays":-1,"quantityOrdered":0}}]},"currency":"USD"},{"lines":{"items":[{"item":{"href":"https://hydraqa.unicity.net/v5a-test/items/191637167cb3144bd2e8c4615e9ab67e","id":{"unicity":"26568"}},"quantity":1,"terms":{"priceEach":56,"taxEach":{"amount":0},"discountEach":{"amount":0},"pvEach":35},"quantityLimit":{"quantityQuota":-1,"timeFrameDays":-1,"quantityOrdered":0}}]},"currency":"USD"},{"lines":{"items":[{"item":{"href":"https://hydraqa.unicity.net/v5a-test/items/2cefc6a61faaae3455a5adcb0d8fc74f","id":{"unicity":"15907"}},"quantity":1,"terms":{"priceEach":15,"taxEach":{"amount":0},"discountEach":{"amount":0},"pvEach":5},"quantityLimit":{"quantityQuota":-1,"timeFrameDays":-1,"quantityOrdered":0}}]},"currency":"USD"},{"lines":{"items":[{"item":{"href":"https://hydraqa.unicity.net/v5a-test/items/e870d73cd94149d9f6b55de9736c9daa","id":{"unicity":"3107"}},"quantity":1,"terms":{"priceEach":24,"taxEach":{"amount":0},"discountEach":{"amount":0},"pvEach":16},"quantityLimit":{"quantityQuota":-1,"timeFrameDays":-1,"quantityOrdered":0}}]},"currency":"USD"},{"lines":{"items":[{"item":{"href":"https://hydraqa.unicity.net/v5a-test/items/fa2407c91e64e66a72ab45172eb978df","id":{"unicity":"0988"}},"quantity":1,"terms":{"priceEach":36,"taxEach":{"amount":0},"discountEach":{"amount":0},"pvEach":23},"quantityLimit":{"quantityQuota":-1,"timeFrameDays":-1,"quantityOrdered":0}}]},"currency":"USD"},{"lines":{"items":[{"item":{"href":"https://hydraqa.unicity.net/v5a-test/items/40a1044968ea62276f4ba87fd2ef0d8f","id":{"unicity":"12230"}},"quantity":1,"terms":{"priceEach":45,"taxEach":{"amount":0},"discountEach":{"amount":0},"pvEach":18},"quantityLimit":{"quantityQuota":-1,"timeFrameDays":-1,"quantityOrdered":0}}]},"currency":"USD"},{"lines":{"items":[{"item":{"href":"https://hydraqa.unicity.net/v5a-test/items/112b8c39286598b3730f630f371a45f4","id":{"unicity":"27587"}},"quantity":1,"terms":{"priceEach":58,"taxEach":{"amount":0},"discountEach":{"amount":0},"pvEach":33},"quantityLimit":{"quantityQuota":-1,"timeFrameDays":-1,"quantityOrdered":0}}]},"currency":"USD"},{"lines":{"items":[{"item":{"href":"https://hydraqa.unicity.net/v5a-test/items/e218d1cac5f31e7ae4f5876c29c57377","id":{"unicity":"29017"}},"quantity":1,"terms":{"priceEach":38,"taxEach":{"amount":0},"discountEach":{"amount":0},"pvEach":26},"quantityLimit":{"quantityQuota":-1,"timeFrameDays":-1,"quantityOrdered":0}}]},"currency":"USD"},{"lines":{"items":[{"item":{"href":"https://hydraqa.unicity.net/v5a-test/items/25eaf64b36ce31368f17ae789fd9ac5b","id":{"unicity":"29694"}},"quantity":1,"terms":{"priceEach":56,"taxEach":{"amount":0},"discountEach":{"amount":0},"pvEach":33},"quantityLimit":{"quantityQuota":-1,"timeFrameDays":-1,"quantityOrdered":0}}]},"currency":"USD"},{"lines":{"items":[{"item":{"href":"https://hydraqa.unicity.net/v5a-test/items/634f7efb30392b2a919de1355902d975","id":{"unicity":"29408"}},"quantity":1,"terms":{"priceEach":80,"taxEach":{"amount":0},"discountEach":{"amount":0},"pvEach":52},"quantityLimit":{"quantityQuota":-1,"timeFrameDays":-1,"quantityOrdered":0}}]},"currency":"USD"},{"lines":{"items":[{"item":{"href":"https://hydraqa.unicity.net/v5a-test/items/bb5c627f16547cb4f706cef521bca356","id":{"unicity":"29437"}},"quantity":1,"terms":{"priceEach":62,"taxEach":{"amount":0},"discountEach":{"amount":0},"pvEach":36},"quantityLimit":{"quantityQuota":-1,"timeFrameDays":-1,"quantityOrdered":0}}]},"currency":"USD"},{"lines":{"items":[{"item":{"href":"https://hydraqa.unicity.net/v5a-test/items/991cdbb84a495779eb209fb3956a77e4","id":{"unicity":"29183"}},"quantity":1,"terms":{"priceEach":42,"taxEach":{"amount":0},"discountEach":{"amount":0},"pvEach":24},"quantityLimit":{"quantityQuota":-1,"timeFrameDays":-1,"quantityOrdered":0}}]},"currency":"USD"},{"lines":{"items":[{"item":{"href":"https://hydraqa.unicity.net/v5a-test/items/1b0412bea8c0b841c66f65a36aa14108","id":{"unicity":"29191"}},"quantity":1,"terms":{"priceEach":64,"taxEach":{"amount":0},"discountEach":{"amount":0},"pvEach":36},"quantityLimit":{"quantityQuota":-1,"timeFrameDays":-1,"quantityOrdered":0}}]},"currency":"USD"},{"lines":{"items":[{"item":{"href":"https://hydraqa.unicity.net/v5a-test/items/362999101a321b721c87110710ae77b0","id":{"unicity":"29352"}},"quantity":1,"terms":{"priceEach":119,"taxEach":{"amount":0},"discountEach":{"amount":0},"pvEach":80},"quantityLimit":{"quantityQuota":-1,"timeFrameDays":-1,"quantityOrdered":0}}]},"currency":"USD"},{"lines":{"items":[{"item":{"href":"https://hydraqa.unicity.net/v5a-test/items/24ff5bda40c0d0e7eaa511866d052915","id":{"unicity":"29612"}},"quantity":1,"terms":{"priceEach":49,"taxEach":{"amount":0},"discountEach":{"amount":0},"pvEach":30},"quantityLimit":{"quantityQuota":-1,"timeFrameDays":-1,"quantityOrdered":0}}]},"currency":"USD"},{"lines":{"items":[{"item":{"href":"https://hydraqa.unicity.net/v5a-test/items/e0a19d3d676bccfdba0ab3d9f2766359","id":{"unicity":"30350"}},"quantity":1,"terms":{"priceEach":50,"taxEach":{"amount":0},"discountEach":{"amount":0},"pvEach":30},"quantityLimit":{"quantityQuota":-1,"timeFrameDays":-1,"quantityOrdered":0}}]},"currency":"USD"},{"lines":{"items":[{"item":{"href":"https://hydraqa.unicity.net/v5a-test/items/024e696f8b44a1d315006e676604cd31","id":{"unicity":"27395"}},"quantity":1,"terms":{"priceEach":25,"taxEach":{"amount":0},"discountEach":{"amount":0},"pvEach":16},"quantityLimit":{"quantityQuota":-1,"timeFrameDays":-1,"quantityOrdered":0}}]},"currency":"USD"},{"lines":{"items":[{"item":{"href":"https://hydraqa.unicity.net/v5a-test/items/05ca08f3808f126c0cc42154c50fc75c","id":{"unicity":"29440"}},"quantity":1,"terms":{"priceEach":120,"taxEach":{"amount":0},"discountEach":{"amount":0},"pvEach":90},"quantityLimit":{"quantityQuota":-1,"timeFrameDays":-1,"quantityOrdered":0}}]},"currency":"USD"},{"lines":{"items":[{"item":{"href":"https://hydraqa.unicity.net/v5a-test/items/764e2db430d361da99e8f6b70c4d0244","id":{"unicity":"29830"}},"quantity":1,"terms":{"priceEach":17,"taxEach":{"amount":0},"discountEach":{"amount":0},"pvEach":7},"quantityLimit":{"quantityQuota":-1,"timeFrameDays":-1,"quantityOrdered":0}}]},"currency":"USD"},{"lines":{"items":[{"item":{"href":"https://hydraqa.unicity.net/v5a-test/items/035189015384166df518a68ede0299a9","id":{"unicity":"30408"}},"quantity":1,"terms":{"priceEach":84,"taxEach":{"amount":0},"discountEach":{"amount":0},"pvEach":50},"quantityLimit":{"quantityQuota":-1,"timeFrameDays":-1,"quantityOrdered":0}}]},"currency":"USD"},{"lines":{"items":[{"item":{"href":"https://hydraqa.unicity.net/v5a-test/items/b91affa753dd5ee8a9acef4fa7e2c9a7","id":{"unicity":"30414"}},"quantity":1,"terms":{"priceEach":94,"taxEach":{"amount":0},"discountEach":{"amount":0},"pvEach":65},"quantityLimit":{"quantityQuota":-1,"timeFrameDays":-1,"quantityOrdered":0}}]},"currency":"USD"},{"lines":{"items":[{"item":{"href":"https://hydraqa.unicity.net/v5a-test/items/2835b1a78e379486f0ffbfd5fb9f6b0a","id":{"unicity":"30400"}},"quantity":1,"terms":{"priceEach":38,"taxEach":{"amount":0},"discountEach":{"amount":0},"pvEach":28},"quantityLimit":{"quantityQuota":-1,"timeFrameDays":-1,"quantityOrdered":0}}]},"currency":"USD"},{"lines":{"items":[{"item":{"href":"https://hydraqa.unicity.net/v5a-test/items/0e78fbdfebef11cd62f8d2120064ee58","id":{"unicity":"30280"}},"quantity":1,"terms":{"priceEach":42,"taxEach":{"amount":0},"discountEach":{"amount":0},"pvEach":24},"quantityLimit":{"quantityQuota":-1,"timeFrameDays":-1,"quantityOrdered":0}}]},"currency":"USD"},{"lines":{"items":[{"item":{"href":"https://hydraqa.unicity.net/v5a-test/items/d306a0b65f27f19b4968e5c05906a9f4","id":{"unicity":"31314"}},"quantity":1,"terms":{"priceEach":388,"taxEach":{"amount":0},"discountEach":{"amount":0},"pvEach":268},"quantityLimit":{"quantityQuota":-1,"timeFrameDays":-1,"quantityOrdered":0}}]},"currency":"USD"},{"lines":{"items":[{"item":{"href":"https://hydraqa.unicity.net/v5a-test/items/5bda067b70c43971650a6ef983f612e4","id":{"unicity":"31728"}},"quantity":1,"terms":{"priceEach":126,"taxEach":{"amount":0},"discountEach":{"amount":0},"pvEach":94},"quantityLimit":{"quantityQuota":-1,"timeFrameDays":-1,"quantityOrdered":0}}]},"currency":"USD"},{"lines":{"items":[{"item":{"href":"https://hydraqa.unicity.net/v5a-test/items/3875e24e6b6ebdf36c79d205614ed51e","id":{"unicity":"31846"}},"quantity":1,"terms":{"priceEach":126,"taxEach":{"amount":0},"discountEach":{"amount":0},"pvEach":94},"quantityLimit":{"quantityQuota":-1,"timeFrameDays":-1,"quantityOrdered":0}}]},"currency":"USD"},{"lines":{"items":[{"item":{"href":"https://hydraqa.unicity.net/v5a-test/items/89b6d29a85a88d44d65bc8cca3fefc65","id":{"unicity":"31845"}},"quantity":1,"terms":{"priceEach":143,"taxEach":{"amount":0},"discountEach":{"amount":0},"pvEach":100},"quantityLimit":{"quantityQuota":-1,"timeFrameDays":-1,"quantityOrdered":0}}]},"currency":"USD"},{"lines":{"items":[{"item":{"href":"https://hydraqa.unicity.net/v5a-test/items/fbb319232b7eed110794d46a68302acb","id":{"unicity":"31847"}},"quantity":1,"terms":{"priceEach":120,"taxEach":{"amount":0},"discountEach":{"amount":0},"pvEach":80},"quantityLimit":{"quantityQuota":-1,"timeFrameDays":-1,"quantityOrdered":0}}]},"currency":"USD"},{"lines":{"items":[{"item":{"href":"https://hydraqa.unicity.net/v5a-test/items/077823d29445b9020de9931f10c63efd","id":{"unicity":"31958"}},"quantity":1,"terms":{"priceEach":129,"taxEach":{"amount":0},"discountEach":{"amount":0},"pvEach":85},"quantityLimit":{"quantityQuota":-1,"timeFrameDays":-1,"quantityOrdered":0}}]},"currency":"USD"},{"lines":{"items":[{"item":{"href":"https://hydraqa.unicity.net/v5a-test/items/bfddb53fe0d5ed5432c531dc9850cbe4","id":{"unicity":"29449"}},"quantity":1,"terms":{"priceEach":37,"taxEach":{"amount":0},"discountEach":{"amount":0},"pvEach":25},"quantityLimit":{"quantityQuota":-1,"timeFrameDays":-1,"quantityOrdered":0}}]},"currency":"USD"},{"lines":{"items":[{"item":{"href":"https://hydraqa.unicity.net/v5a-test/items/7fc100f8d20814757efe2d79e41b315c","id":{"unicity":"32021"}},"quantity":1,"terms":{"priceEach":89,"taxEach":{"amount":0},"discountEach":{"amount":0},"pvEach":60},"quantityLimit":{"quantityQuota":-1,"timeFrameDays":-1,"quantityOrdered":0}}]},"currency":"USD"},{"lines":{"items":[{"item":{"href":"https://hydraqa.unicity.net/v5a-test/items/c201dcd36f4bb7e17e7a8481ef08d6f2","id":{"unicity":"31518"}},"quantity":1,"terms":{"priceEach":29,"taxEach":{"amount":0},"discountEach":{"amount":0},"pvEach":14},"quantityLimit":{"quantityQuota":-1,"timeFrameDays":-1,"quantityOrdered":0}}]},"currency":"USD"},{"lines":{"items":[{"item":{"href":"https://hydraqa.unicity.net/v5a-test/items/bed533c634e887357ff031d8e4c776b0","id":{"unicity":"31751"}},"quantity":1,"terms":{"priceEach":99,"taxEach":{"amount":0},"discountEach":{"amount":0},"pvEach":50},"quantityLimit":{"quantityQuota":-1,"timeFrameDays":-1,"quantityOrdered":0}}]},"currency":"USD"},{"lines":{"items":[{"item":{"href":"https://hydraqa.unicity.net/v5a-test/items/69461244686345ba75765978ef53c749","id":{"unicity":"32015"}},"quantity":1,"terms":{"priceEach":8,"taxEach":{"amount":0},"discountEach":{"amount":0},"pvEach":0},"quantityLimit":{"quantityQuota":-1,"timeFrameDays":-1,"quantityOrdered":0}}]},"currency":"USD"},{"lines":{"items":[{"item":{"href":"https://hydraqa.unicity.net/v5a-test/items/c674cdded8a54983aae3c5dcb32c9e38","id":{"unicity":"32628"}},"quantity":1,"terms":{"priceEach":80,"taxEach":{"amount":0},"discountEach":{"amount":0},"pvEach":50},"quantityLimit":{"quantityQuota":-1,"timeFrameDays":-1,"quantityOrdered":0}}]},"currency":"USD"},{"lines":{"items":[{"item":{"href":"https://hydraqa.unicity.net/v5a-test/items/69d8547e9e264505ce055e09920659fd","id":{"unicity":"33019"}},"quantity":1,"terms":{"priceEach":202,"taxEach":{"amount":0},"discountEach":{"amount":0},"pvEach":151},"quantityLimit":{"quantityQuota":-1,"timeFrameDays":-1,"quantityOrdered":0}}]},"currency":"USD"},{"lines":{"items":[{"item":{"href":"https://hydraqa.unicity.net/v5a-test/items/30b5c0f54df52286b3d87a6a1dfd314a","id":{"unicity":"33018"}},"quantity":1,"terms":{"priceEach":205,"taxEach":{"amount":0},"discountEach":{"amount":0},"pvEach":133},"quantityLimit":{"quantityQuota":-1,"timeFrameDays":-1,"quantityOrdered":0}}]},"currency":"USD"},{"lines":{"items":[{"item":{"href":"https://hydraqa.unicity.net/v5a-test/items/16a422e03f6e3a79ba7bcd7fd50e31c0","id":{"unicity":"33017"}},"quantity":1,"terms":{"priceEach":150,"taxEach":{"amount":0},"discountEach":{"amount":0},"pvEach":110},"quantityLimit":{"quantityQuota":-1,"timeFrameDays":-1,"quantityOrdered":0}}]},"currency":"USD"},{"lines":{"items":[{"item":{"href":"https://hydraqa.unicity.net/v5a-test/items/30f2eb8ab275ef57ae8082b3435a3d69","id":{"unicity":"33016"}},"quantity":1,"terms":{"priceEach":199,"taxEach":{"amount":0},"discountEach":{"amount":0},"pvEach":142},"quantityLimit":{"quantityQuota":-1,"timeFrameDays":-1,"quantityOrdered":0}}]},"currency":"USD"},{"lines":{"items":[{"item":{"href":"https://hydraqa.unicity.net/v5a-test/items/e30d5100db17be47578745dce83039e6","id":{"unicity":"32838"}},"quantity":1,"terms":{"priceEach":12.95,"taxEach":{"amount":0},"discountEach":{"amount":0},"pvEach":0},"quantityLimit":{"quantityQuota":-1,"timeFrameDays":-1,"quantityOrdered":0}}]},"currency":"USD"}]}
Entry request : {"order":{"customer":{"href":"https://hydraqa.unicity.net/v5a-test/customers?type=Associate"},"shipToAddress":{"country":"US"}},"vary":{"lines":{"items":[{"item":{"href":"https://hydraqa.unicity.net/v5a-test/items?id.unicity=26580|31440|31441|27801|31858|31859|31863|31861|32030|29684|31729|31730|31731|0963|15129|15271|15880|17174|22745|22747|23728|24758|25022|26550|26556|26557|26560|26561|26562|27615|27739|24418|27585|25008|26442|6200|15916|18908|24785|26552|27028|0954|18401|27029|26559|19596|26945|21420|24621|28836|15712|0960|25369|18386|26567|26568|15907|28513|3107|0988|12230|26950|26786|27587|29017|29694|29408|29437|29183|29191|29352|29612|30350|27395|29440|29830|30408|30414|30400|30280|31314|31728|31846|31845|31847|31958|29449|32021|31518|31751|32015|32628|33019|33018|33017|33016|32838|33476|26555"}}]}}}
Request URL: https://hydraqa.unicity.net/v5a-test/customers.js?_httpMethod=HEAD&callback=angular.callbacks._1&email=KOUMHE@gmail.com
Unicity [Date=Thu, 10 Dec 2020 19:30:40 GMT, Content-Type=text/javascript; charset=utf-8, Content-Length=382, Connection=keep-alive, Set-Cookie=__cfduid=d80c107850df3a5c1277cc47ac8c78dc41607628639; expires=Sat, 09-Jan-21 19:30:39 GMT; path=/; domain=.unicity.net; HttpOnly; SameSite=Lax, x-powered-by=Express, x-request-id=d73242d2-8aed-9112-8c56-f61c555679a5,d73242d2-8aed-9112-8c56-f61c555679a5, x-request-uuid=d73242d2-8aed-9112-8c56-f61c555679a5, x-request-release=5-2020120801/master, access-control-allow-origin=http://enroll.ng.unicityqa.com, vary=Accept-Encoding, link=<http://unicity.github.io/Hydra.php/docs/v5/>; rel="help", cache-control=no-cache, must-revalidate, expires=0, content-language=en-US, x-status-code=400, content-encoding=gzip, x-envoy-upstream-service-time=738, etag=W/"17e-ofRmq3aeZ/e8uaVAsOCEiDQpjgU", access-control-expose-headers=x-b3-traceid, x-request-id, x-b3-traceid=67c2dd097337790e, CF-Cache-Status=DYNAMIC, cf-request-id=06efbb647300001f9b268ea000000001, Expect-CT=max-age=604800, report-uri="https://report-uri.cloudflare.com/cdn-cgi/beacon/expect-ct", Server=cloudflare, CF-RAY=5ff961b3e8041f9b-SJC]
Request URL: https://hydraqa.unicity.net/v5a-test/addresses?country=US&zip=84097
Entry response : {"items":[{"city":"Orem","state":"UT"}]}
]]></system-out>
    <system-err><![CDATA[Starting ChromeDriver 2.36.540470 (e522d04694c7ebea4ba8821272dbef4f9b818c91) on port 29348
Only local connections are allowed.
Dec 10, 2020 12:27:28 PM org.openqa.selenium.remote.ProtocolHandshake createSession
INFO: Detected dialect: OSS
]]></system-err>
  </testcase>
  <testcase name="Enroll" classname="Tests.FranchisePartner" time="114.669"/>
  <testcase name="Enroll" classname="Tests.FranchisePartner" time="115.341"/>
  <testcase name="Enroll" classname="Tests.FranchisePartner" time="78.859">
    <failure message="Critical A-Z section not displaying" type="java.lang.AssertionError">java.lang.AssertionError: Critical A-Z section not displaying
	at Tests.FranchisePartner.Enroll(FranchisePartner.java:257)
</failure>
    <system-out><![CDATA[Request URL: https://hydraqa.unicity.net/v5a-test/quotes?&expand=item
Entry Quotes response : {"items":[{"lines":{"items":[{"item":{"href":"https://hydraqa.unicity.net/v5a-test/items/1a2c3b4500d826d2ffdd3b684b179511","id":{"unicity":"27700"}},"quantity":1,"terms":{"priceEach":177.89,"taxEach":{"amount":0},"discountEach":{"amount":0},"pvEach":100},"quantityLimit":{"quantityQuota":-1,"timeFrameDays":-1,"quantityOrdered":0}}]},"currency":"USD"},{"lines":{"items":[{"item":{"href":"https://hydraqa.unicity.net/v5a-test/items/217ca02fbd24e21ca5281412756238ab","id":{"unicity":"32126"}},"quantity":1,"terms":{"priceEach":184.39,"taxEach":{"amount":0},"discountEach":{"amount":0},"pvEach":121},"quantityLimit":{"quantityQuota":-1,"timeFrameDays":-1,"quantityOrdered":0}}]},"currency":"USD"},{"lines":{"items":[{"item":{"href":"https://hydraqa.unicity.net/v5a-test/items/808008a0657d2033ad471c39bbce9891","id":{"unicity":"32127"}},"quantity":1,"terms":{"priceEach":212.68,"taxEach":{"amount":0},"discountEach":{"amount":0},"pvEach":153},"quantityLimit":{"quantityQuota":-1,"timeFrameDays":-1,"quantityOrdered":0}}]},"currency":"USD"},{"lines":{"items":[{"item":{"href":"https://hydraqa.unicity.net/v5a-test/items/4b2034f47fce90b87bba28c5c2d7c25d","id":{"unicity":"15880"}},"quantity":1,"terms":{"priceEach":57,"taxEach":{"amount":0},"discountEach":{"amount":0},"pvEach":41},"quantityLimit":{"quantityQuota":-1,"timeFrameDays":-1,"quantityOrdered":0}}]},"currency":"USD"}]}
Entry request : {"order":{"customer":{"href":"https://hydraqa.unicity.net/v5a-test/customers?type=Associate"},"shipToAddress":{"country":"UA"}},"vary":{"lines":{"items":[{"item":{"href":"https://hydraqa.unicity.net/v5a-test/items?id.unicity=31763|27700|32126|32127|15880"}}]}}}
]]></system-out>
    <system-err><![CDATA[Starting ChromeDriver 2.36.540470 (e522d04694c7ebea4ba8821272dbef4f9b818c91) on port 42586
Only local connections are allowed.
Dec 10, 2020 12:35:14 PM org.openqa.selenium.remote.ProtocolHandshake createSession
INFO: Detected dialect: OSS
]]></system-err>
  </testcase>
  <testcase name="Enroll" classname="Tests.FranchisePartner" time="79.013">
    <failure message="Critical A-Z section not displaying" type="java.lang.AssertionError">java.lang.AssertionError: Critical A-Z section not displaying
	at Tests.FranchisePartner.Enroll(FranchisePartner.java:257)
</failure>
    <system-out><![CDATA[Request URL: https://hydraqa.unicity.net/v5a-test/quotes?&expand=item
Entry Quotes response : {"items":[{"lines":{"items":[{"item":{"href":"https://hydraqa.unicity.net/v5a-test/items/1a2c3b4500d826d2ffdd3b684b179511","id":{"unicity":"27700"}},"quantity":1,"terms":{"priceEach":177.89,"taxEach":{"amount":0},"discountEach":{"amount":0},"pvEach":100},"quantityLimit":{"quantityQuota":-1,"timeFrameDays":-1,"quantityOrdered":0}}]},"currency":"USD"},{"lines":{"items":[{"item":{"href":"https://hydraqa.unicity.net/v5a-test/items/217ca02fbd24e21ca5281412756238ab","id":{"unicity":"32126"}},"quantity":1,"terms":{"priceEach":184.39,"taxEach":{"amount":0},"discountEach":{"amount":0},"pvEach":121},"quantityLimit":{"quantityQuota":-1,"timeFrameDays":-1,"quantityOrdered":0}}]},"currency":"USD"},{"lines":{"items":[{"item":{"href":"https://hydraqa.unicity.net/v5a-test/items/808008a0657d2033ad471c39bbce9891","id":{"unicity":"32127"}},"quantity":1,"terms":{"priceEach":212.68,"taxEach":{"amount":0},"discountEach":{"amount":0},"pvEach":153},"quantityLimit":{"quantityQuota":-1,"timeFrameDays":-1,"quantityOrdered":0}}]},"currency":"USD"},{"lines":{"items":[{"item":{"href":"https://hydraqa.unicity.net/v5a-test/items/4b2034f47fce90b87bba28c5c2d7c25d","id":{"unicity":"15880"}},"quantity":1,"terms":{"priceEach":57,"taxEach":{"amount":0},"discountEach":{"amount":0},"pvEach":41},"quantityLimit":{"quantityQuota":-1,"timeFrameDays":-1,"quantityOrdered":0}}]},"currency":"USD"}]}
Entry request : {"order":{"customer":{"href":"https://hydraqa.unicity.net/v5a-test/customers?type=Associate"},"shipToAddress":{"country":"UA"}},"vary":{"lines":{"items":[{"item":{"href":"https://hydraqa.unicity.net/v5a-test/items?id.unicity=31763|27700|32126|32127|15880"}}]}}}
]]></system-out>
    <system-err><![CDATA[Starting ChromeDriver 2.36.540470 (e522d04694c7ebea4ba8821272dbef4f9b818c91) on port 33651
Only local connections are allowed.
Dec 10, 2020 12:36:40 PM org.openqa.selenium.remote.ProtocolHandshake createSession
INFO: Detected dialect: OSS
]]></system-err>
  </testcase>
  <testcase name="Enroll" classname="Tests.FranchisePartner" time="259.973">
    <failure message="Critical A-Z section not displaying" type="java.lang.AssertionError">java.lang.AssertionError: Critical A-Z section not displaying
	at Tests.FranchisePartner.Enroll(FranchisePartner.java:257)
</failure>
    <system-out><![CDATA[Request URL: https://hydraqa.unicity.net/v5a-test/quotes?&expand=item
Entry Quotes response : {"items":[{"lines":{"items":[{"item":{"href":"https://hydraqa.unicity.net/v5a-test/items/332daeac6796ed016ea8b7d0bc42c2d4","id":{"unicity":"24274"},"weightEach":{"value":0},"servingsPerContainer":0,"servingSize":0},"quantity":1,"terms":{"priceEach":800,"taxEach":{"amount":1.33},"discountEach":{"amount":0},"pvEach":0},"quantityLimit":{"quantityQuota":-1,"timeFrameDays":-1,"quantityOrdered":0}}]},"currency":"GBP"}]}
Entry request : {"order":{"customer":{"href":"https://hydraqa.unicity.net/v5a-test/customers?type=Associate"},"shipToAddress":{"country":"GB"}},"vary":{"lines":{"items":[{"item":{"href":"https://hydraqa.unicity.net/v5a-test/items?id.unicity=31763|31951|31952|32128|32129|32130|32132|32133|32134|32135|32136|32137|32138|32125|32699|33092|33094|33093|18511|26422|27156|27158|27160|27166|27617|27585|28601|28604|27395|29838|31402|31772|31777|31780|31781|31782|31779|31932|31778|32556|29317|29832|29833|30198|31344|32755|32756|32968|32965|32966|33089|33090|33091|33097|33095|33098|33096|24274|24418|26442|27150|27163|27575|27660|27587|15880|26560|29017|26568|24758|29821|32012|17174|29183|30280|29187|29191|30684|31672|31534|29449|32126|32127|32087|32333|32330|32693|27739|26567"}}]}}}
]]></system-out>
    <system-err><![CDATA[Starting ChromeDriver 2.36.540470 (e522d04694c7ebea4ba8821272dbef4f9b818c91) on port 35724
Only local connections are allowed.
Dec 10, 2020 12:38:06 PM org.openqa.selenium.remote.ProtocolHandshake createSession
INFO: Detected dialect: OSS
]]></system-err>
  </testcase>
  <testcase name="PassReferralID" classname="Tests.ReferralIDPassing" time="225.647">
    <failure message="Critical Back end error" type="java.lang.AssertionError">java.lang.AssertionError: Critical Back end error
	at Tests.ReferralIDPassing.PassReferralID(ReferralIDPassing.java:59)
</failure>
    <system-out><![CDATA[************************ sssreferalid
Request URL: https://hydraqa.unicity.net/v5a-test/quotes?&expand=item
Entry Quotes response : {"items":[{"lines":{"items":[{"item":{"href":"https://hydraqa.unicity.net/v5a-test/items/051e765a5a71835a859c2757edd359f0","id":{"unicity":"26580"}},"quantity":1,"terms":{"priceEach":195,"taxEach":{"amount":0},"discountEach":{"amount":0},"pvEach":130},"quantityLimit":{"quantityQuota":-1,"timeFrameDays":-1,"quantityOrdered":0}}]},"currency":"USD"},{"lines":{"items":[{"item":{"href":"https://hydraqa.unicity.net/v5a-test/items/3ddd31ddbe0e5807756d2488e7cc3602","id":{"unicity":"31440"}},"quantity":1,"terms":{"priceEach":40,"taxEach":{"amount":0},"discountEach":{"amount":0},"pvEach":0},"quantityLimit":{"quantityQuota":-1,"timeFrameDays":-1,"quantityOrdered":0}}]},"currency":"USD"},{"lines":{"items":[{"item":{"href":"https://hydraqa.unicity.net/v5a-test/items/90d5ee3af77bdc64ecf28a45b604bf3d","id":{"unicity":"31441"}},"quantity":1,"terms":{"priceEach":40,"taxEach":{"amount":0},"discountEach":{"amount":0},"pvEach":0},"quantityLimit":{"quantityQuota":-1,"timeFrameDays":-1,"quantityOrdered":0}}]},"currency":"USD"},{"lines":{"items":[{"item":{"href":"https://hydraqa.unicity.net/v5a-test/items/38da42f991a40a00153b2e5055b82dbf","id":{"unicity":"27801"}},"quantity":1,"terms":{"priceEach":195,"taxEach":{"amount":0},"discountEach":{"amount":0},"pvEach":130},"quantityLimit":{"quantityQuota":-1,"timeFrameDays":-1,"quantityOrdered":0}}]},"currency":"USD"},{"lines":{"items":[{"item":{"href":"https://hydraqa.unicity.net/v5a-test/items/cf8460040a1860bcabf250b6c1171675","id":{"unicity":"31858"}},"quantity":1,"terms":{"priceEach":269,"taxEach":{"amount":0},"discountEach":{"amount":0},"pvEach":195},"quantityLimit":{"quantityQuota":-1,"timeFrameDays":-1,"quantityOrdered":0}}]},"currency":"USD"},{"lines":{"items":[{"item":{"href":"https://hydraqa.unicity.net/v5a-test/items/2de8516a24af8232add0bb392e750a71","id":{"unicity":"31859"}},"quantity":1,"terms":{"priceEach":179,"taxEach":{"amount":0},"discountEach":{"amount":0},"pvEach":130},"quantityLimit":{"quantityQuota":-1,"timeFrameDays":-1,"quantityOrdered":0}}]},"currency":"USD"},{"lines":{"items":[{"item":{"href":"https://hydraqa.unicity.net/v5a-test/items/fd464cd7972cc1317e850b9196d886b8","id":{"unicity":"31863"}},"quantity":1,"terms":{"priceEach":210,"taxEach":{"amount":0},"discountEach":{"amount":0},"pvEach":148},"quantityLimit":{"quantityQuota":-1,"timeFrameDays":-1,"quantityOrdered":0}}]},"currency":"USD"},{"lines":{"items":[{"item":{"href":"https://hydraqa.unicity.net/v5a-test/items/4ab49eca1731e69206ccafb5112ad5a4","id":{"unicity":"31861"}},"quantity":1,"terms":{"priceEach":196,"taxEach":{"amount":0},"discountEach":{"amount":0},"pvEach":135},"quantityLimit":{"quantityQuota":-1,"timeFrameDays":-1,"quantityOrdered":0}}]},"currency":"USD"},{"lines":{"items":[{"item":{"href":"https://hydraqa.unicity.net/v5a-test/items/50747027a065cb8361c1f0d6eb880466","id":{"unicity":"32030"}},"quantity":1,"terms":{"priceEach":143,"taxEach":{"amount":0},"discountEach":{"amount":0},"pvEach":102},"quantityLimit":{"quantityQuota":-1,"timeFrameDays":-1,"quantityOrdered":0}}]},"currency":"USD"},{"lines":{"items":[{"item":{"href":"https://hydraqa.unicity.net/v5a-test/items/00c2eb70c985722ce208490aece00945","id":{"unicity":"31729"}},"quantity":1,"terms":{"priceEach":143,"taxEach":{"amount":0},"discountEach":{"amount":0},"pvEach":100},"quantityLimit":{"quantityQuota":-1,"timeFrameDays":-1,"quantityOrdered":0}}]},"currency":"USD"},{"lines":{"items":[{"item":{"href":"https://hydraqa.unicity.net/v5a-test/items/693a7c4a70b06a00471afe8d6cae5023","id":{"unicity":"31730"}},"quantity":1,"terms":{"priceEach":120,"taxEach":{"amount":0},"discountEach":{"amount":0},"pvEach":80},"quantityLimit":{"quantityQuota":-1,"timeFrameDays":-1,"quantityOrdered":0}}]},"currency":"USD"},{"lines":{"items":[{"item":{"href":"https://hydraqa.unicity.net/v5a-test/items/ccb242d74dcb1fe621cc7bfe1b1de315","id":{"unicity":"31731"}},"quantity":1,"terms":{"priceEach":89,"taxEach":{"amount":0},"discountEach":{"amount":0},"pvEach":60},"quantityLimit":{"quantityQuota":-1,"timeFrameDays":-1,"quantityOrdered":0}}]},"currency":"USD"},{"lines":{"items":[{"item":{"href":"https://hydraqa.unicity.net/v5a-test/items/9ff4257741d464b686d15be955b8afb6","id":{"unicity":"0963"}},"quantity":1,"terms":{"priceEach":42,"taxEach":{"amount":0},"discountEach":{"amount":0},"pvEach":25},"quantityLimit":{"quantityQuota":-1,"timeFrameDays":-1,"quantityOrdered":0}}]},"currency":"USD"},{"lines":{"items":[{"item":{"href":"https://hydraqa.unicity.net/v5a-test/items/716b7a0bca7fa73e42e000d668e7ee65","id":{"unicity":"15129"}},"quantity":1,"terms":{"priceEach":22,"taxEach":{"amount":0},"discountEach":{"amount":0},"pvEach":10},"quantityLimit":{"quantityQuota":-1,"timeFrameDays":-1,"quantityOrdered":0}}]},"currency":"USD"},{"lines":{"items":[{"item":{"href":"https://hydraqa.unicity.net/v5a-test/items/390a7ae70d5669561ecdf7d5cff2671b","id":{"unicity":"15271"}},"quantity":1,"terms":{"priceEach":69,"taxEach":{"amount":0},"discountEach":{"amount":0},"pvEach":27},"quantityLimit":{"quantityQuota":-1,"timeFrameDays":-1,"quantityOrdered":0}}]},"currency":"USD"},{"lines":{"items":[{"item":{"href":"https://hydraqa.unicity.net/v5a-test/items/4b2034f47fce90b87bba28c5c2d7c25d","id":{"unicity":"15880"}},"quantity":1,"terms":{"priceEach":59,"taxEach":{"amount":0},"discountEach":{"amount":0},"pvEach":41},"quantityLimit":{"quantityQuota":-1,"timeFrameDays":-1,"quantityOrdered":0}}]},"currency":"USD"},{"lines":{"items":[{"item":{"href":"https://hydraqa.unicity.net/v5a-test/items/2c4c1abe00983e85aaa918d2ce341491","id":{"unicity":"17174"}},"quantity":1,"terms":{"priceEach":17,"taxEach":{"amount":0},"discountEach":{"amount":0},"pvEach":10},"quantityLimit":{"quantityQuota":-1,"timeFrameDays":-1,"quantityOrdered":0}}]},"currency":"USD"},{"lines":{"items":[{"item":{"href":"https://hydraqa.unicity.net/v5a-test/items/cea826eab72d44641c070aab6c97c1ac","id":{"unicity":"22747"}},"quantity":1,"terms":{"priceEach":27,"taxEach":{"amount":0},"discountEach":{"amount":0},"pvEach":16},"quantityLimit":{"quantityQuota":-1,"timeFrameDays":-1,"quantityOrdered":0}}]},"currency":"USD"},{"lines":{"items":[{"item":{"href":"https://hydraqa.unicity.net/v5a-test/items/5c2f1613082782e691d32fe9ce034026","id":{"unicity":"23728"}},"quantity":1,"terms":{"priceEach":26,"taxEach":{"amount":0},"discountEach":{"amount":0},"pvEach":13},"quantityLimit":{"quantityQuota":-1,"timeFrameDays":-1,"quantityOrdered":0}}]},"currency":"USD"},{"lines":{"items":[{"item":{"href":"https://hydraqa.unicity.net/v5a-test/items/64ec7ad932acafab052a4e8800ad1238","id":{"unicity":"24758"}},"quantity":1,"terms":{"priceEach":31,"taxEach":{"amount":0},"discountEach":{"amount":0},"pvEach":21},"quantityLimit":{"quantityQuota":-1,"timeFrameDays":-1,"quantityOrdered":0}}]},"currency":"USD"},{"lines":{"items":[{"item":{"href":"https://hydraqa.unicity.net/v5a-test/items/9a7715e888c94989d898fe4653645721","id":{"unicity":"26550"}},"quantity":1,"terms":{"priceEach":80,"taxEach":{"amount":0},"discountEach":{"amount":0},"pvEach":52},"quantityLimit":{"quantityQuota":-1,"timeFrameDays":-1,"quantityOrdered":0}}]},"currency":"USD"},{"lines":{"items":[{"item":{"href":"https://hydraqa.unicity.net/v5a-test/items/3af97c67f653253825a9189a27da57d6","id":{"unicity":"26556"}},"quantity":1,"terms":{"priceEach":79,"taxEach":{"amount":0},"discountEach":{"amount":0},"pvEach":61},"quantityLimit":{"quantityQuota":-1,"timeFrameDays":-1,"quantityOrdered":0}}]},"currency":"USD"},{"lines":{"items":[{"item":{"href":"https://hydraqa.unicity.net/v5a-test/items/0cf62d38e91953b43dcfe88b06f813cb","id":{"unicity":"26557"}},"quantity":1,"terms":{"priceEach":79,"taxEach":{"amount":0},"discountEach":{"amount":0},"pvEach":61},"quantityLimit":{"quantityQuota":-1,"timeFrameDays":-1,"quantityOrdered":0}}]},"currency":"USD"},{"lines":{"items":[{"item":{"href":"https://hydraqa.unicity.net/v5a-test/items/398d06b858b960f6f38086d40608aef2","id":{"unicity":"26560"}},"quantity":1,"terms":{"priceEach":16,"taxEach":{"amount":0},"discountEach":{"amount":0},"pvEach":12},"quantityLimit":{"quantityQuota":-1,"timeFrameDays":-1,"quantityOrdered":0}}]},"currency":"USD"},{"lines":{"items":[{"item":{"href":"https://hydraqa.unicity.net/v5a-test/items/cda534d686af5d627c94c4bb2c4b57d8","id":{"unicity":"26561"}},"quantity":1,"terms":{"priceEach":16,"taxEach":{"amount":0},"discountEach":{"amount":0},"pvEach":11},"quantityLimit":{"quantityQuota":-1,"timeFrameDays":-1,"quantityOrdered":0}}]},"currency":"USD"},{"lines":{"items":[{"item":{"href":"https://hydraqa.unicity.net/v5a-test/items/0a3ede185ddf034630afd891c5106d33","id":{"unicity":"26562"}},"quantity":1,"terms":{"priceEach":33,"taxEach":{"amount":0},"discountEach":{"amount":0},"pvEach":25},"quantityLimit":{"quantityQuota":-1,"timeFrameDays":-1,"quantityOrdered":0}}]},"currency":"USD"},{"lines":{"items":[{"item":{"href":"https://hydraqa.unicity.net/v5a-test/items/16ca68abaaa92505c257be022a154769","id":{"unicity":"27615"}},"quantity":1,"terms":{"priceEach":29,"taxEach":{"amount":0},"discountEach":{"amount":0},"pvEach":21},"quantityLimit":{"quantityQuota":-1,"timeFrameDays":-1,"quantityOrdered":0}}]},"currency":"USD"},{"lines":{"items":[{"item":{"href":"https://hydraqa.unicity.net/v5a-test/items/1bd53de7fe880ba71f46c9976ca2c137","id":{"unicity":"27739"}},"quantity":1,"terms":{"priceEach":33,"taxEach":{"amount":0},"discountEach":{"amount":0},"pvEach":13},"quantityLimit":{"quantityQuota":-1,"timeFrameDays":-1,"quantityOrdered":0}}]},"currency":"USD"},{"lines":{"items":[{"item":{"href":"https://hydraqa.unicity.net/v5a-test/items/1945faa1776541d53120ecfe3c1d8a2b","id":{"unicity":"24418"}},"quantity":1,"terms":{"priceEach":5,"taxEach":{"amount":0},"discountEach":{"amount":0},"pvEach":0},"quantityLimit":{"quantityQuota":-1,"timeFrameDays":-1,"quantityOrdered":0}}]},"currency":"USD"},{"lines":{"items":[{"item":{"href":"https://hydraqa.unicity.net/v5a-test/items/9a6e1d094182389c3da8e0a320ff0e00","id":{"unicity":"27585"}},"quantity":1,"terms":{"priceEach":56,"taxEach":{"amount":0},"discountEach":{"amount":0},"pvEach":33},"quantityLimit":{"quantityQuota":-1,"timeFrameDays":-1,"quantityOrdered":0}}]},"currency":"USD"},{"lines":{"items":[{"item":{"href":"https://hydraqa.unicity.net/v5a-test/items/b127a2d34d3d73e2f53e4c2002a7a4a2","id":{"unicity":"25008"}},"quantity":1,"terms":{"priceEach":19,"taxEach":{"amount":0},"discountEach":{"amount":0},"pvEach":15},"quantityLimit":{"quantityQuota":-1,"timeFrameDays":-1,"quantityOrdered":0}}]},"currency":"USD"},{"lines":{"items":[{"item":{"href":"https://hydraqa.unicity.net/v5a-test/items/10da226fab00279b4f89df10af2a10b7","id":{"unicity":"26442"}},"quantity":1,"terms":{"priceEach":6,"taxEach":{"amount":0},"discountEach":{"amount":0},"pvEach":0},"quantityLimit":{"quantityQuota":-1,"timeFrameDays":-1,"quantityOrdered":0}}]},"currency":"USD"},{"lines":{"items":[{"item":{"href":"https://hydraqa.unicity.net/v5a-test/items/933f0856fd8ec1df83c5283dabf4ec3c","id":{"unicity":"6200"}},"quantity":1,"terms":{"priceEach":68,"taxEach":{"amount":0},"discountEach":{"amount":0},"pvEach":47},"quantityLimit":{"quantityQuota":-1,"timeFrameDays":-1,"quantityOrdered":0}}]},"currency":"USD"},{"lines":{"items":[{"item":{"href":"https://hydraqa.unicity.net/v5a-test/items/8d994059c399f5551ab112574e4476fc","id":{"unicity":"24785"}},"quantity":1,"terms":{"priceEach":14,"taxEach":{"amount":0},"discountEach":{"amount":0},"pvEach":9},"quantityLimit":{"quantityQuota":-1,"timeFrameDays":-1,"quantityOrdered":0}}]},"currency":"USD"},{"lines":{"items":[{"item":{"href":"https://hydraqa.unicity.net/v5a-test/items/aa0d72ac13b1ce88cf8c4a52ede75a37","id":{"unicity":"26552"}},"quantity":1,"terms":{"priceEach":70,"taxEach":{"amount":0},"discountEach":{"amount":0},"pvEach":50},"quantityLimit":{"quantityQuota":-1,"timeFrameDays":-1,"quantityOrdered":0}}]},"currency":"USD"},{"lines":{"items":[{"item":{"href":"https://hydraqa.unicity.net/v5a-test/items/8b5ed9aa6c6132e1be5e446f69a3465e","id":{"unicity":"0954"}},"quantity":1,"terms":{"priceEach":21,"taxEach":{"amount":0},"discountEach":{"amount":0},"pvEach":15},"quantityLimit":{"quantityQuota":-1,"timeFrameDays":-1,"quantityOrdered":0}}]},"currency":"USD"},{"lines":{"items":[{"item":{"href":"https://hydraqa.unicity.net/v5a-test/items/b2fc4b9ba4aa5cae54389161be2f841f","id":{"unicity":"18401"}},"quantity":1,"terms":{"priceEach":31,"taxEach":{"amount":0},"discountEach":{"amount":0},"pvEach":19},"quantityLimit":{"quantityQuota":-1,"timeFrameDays":-1,"quantityOrdered":0}}]},"currency":"USD"},{"lines":{"items":[{"item":{"href":"https://hydraqa.unicity.net/v5a-test/items/48433ffc76597c823adc2b8627e033e4","id":{"unicity":"26559"}},"quantity":1,"terms":{"priceEach":30,"taxEach":{"amount":0},"discountEach":{"amount":0},"pvEach":20},"quantityLimit":{"quantityQuota":-1,"timeFrameDays":-1,"quantityOrdered":0}}]},"currency":"USD"},{"lines":{"items":[{"item":{"href":"https://hydraqa.unicity.net/v5a-test/items/5a38f009bec6c23b1b3a70432f9722e5","id":{"unicity":"19596"}},"quantity":1,"terms":{"priceEach":49,"taxEach":{"amount":0},"discountEach":{"amount":0},"pvEach":30},"quantityLimit":{"quantityQuota":-1,"timeFrameDays":-1,"quantityOrdered":0}}]},"currency":"USD"},{"lines":{"items":[{"item":{"href":"https://hydraqa.unicity.net/v5a-test/items/9ce45d695c87f93b29794041362b5192","id":{"unicity":"26945"}},"quantity":1,"terms":{"priceEach":35,"taxEach":{"amount":0},"discountEach":{"amount":0},"pvEach":0},"quantityLimit":{"quantityQuota":-1,"timeFrameDays":-1,"quantityOrdered":0}}]},"currency":"USD"},{"lines":{"items":[{"item":{"href":"https://hydraqa.unicity.net/v5a-test/items/ddef5f478ff91aa2263b646a3bd03dea","id":{"unicity":"21420"}},"quantity":1,"terms":{"priceEach":24,"taxEach":{"amount":0},"discountEach":{"amount":0},"pvEach":10},"quantityLimit":{"quantityQuota":-1,"timeFrameDays":-1,"quantityOrdered":0}}]},"currency":"USD"},{"lines":{"items":[{"item":{"href":"https://hydraqa.unicity.net/v5a-test/items/55d3b550a17b78175cc5ac565e4266e8","id":{"unicity":"24621"}},"quantity":1,"terms":{"priceEach":20,"taxEach":{"amount":0},"discountEach":{"amount":0},"pvEach":12},"quantityLimit":{"quantityQuota":-1,"timeFrameDays":-1,"quantityOrdered":0}}]},"currency":"USD"},{"lines":{"items":[{"item":{"href":"https://hydraqa.unicity.net/v5a-test/items/9d9d002b0e21b9bd58ad0154a4f781c5","id":{"unicity":"28836"}},"quantity":1,"terms":{"priceEach":58,"taxEach":{"amount":0},"discountEach":{"amount":0},"pvEach":36},"quantityLimit":{"quantityQuota":-1,"timeFrameDays":-1,"quantityOrdered":0}}]},"currency":"USD"},{"lines":{"items":[{"item":{"href":"https://hydraqa.unicity.net/v5a-test/items/399be8efa903b362515c48315ab2afb9","id":{"unicity":"15712"}},"quantity":1,"terms":{"priceEach":24,"taxEach":{"amount":0},"discountEach":{"amount":0},"pvEach":11},"quantityLimit":{"quantityQuota":-1,"timeFrameDays":-1,"quantityOrdered":0}}]},"currency":"USD"},{"lines":{"items":[{"item":{"href":"https://hydraqa.unicity.net/v5a-test/items/d489ec0d50f6e28d5743afc65439631b","id":{"unicity":"0960"}},"quantity":1,"terms":{"priceEach":37,"taxEach":{"amount":0},"discountEach":{"amount":0},"pvEach":23},"quantityLimit":{"quantityQuota":-1,"timeFrameDays":-1,"quantityOrdered":0}}]},"currency":"USD"},{"lines":{"items":[{"item":{"href":"https://hydraqa.unicity.net/v5a-test/items/66839181d7531692a8d886a9da6fb4d6","id":{"unicity":"25369"}},"quantity":1,"terms":{"priceEach":48,"taxEach":{"amount":0},"discountEach":{"amount":0},"pvEach":25},"quantityLimit":{"quantityQuota":-1,"timeFrameDays":-1,"quantityOrdered":0}}]},"currency":"USD"},{"lines":{"items":[{"item":{"href":"https://hydraqa.unicity.net/v5a-test/items/8ed7a8910d5c5335774fa9cfae0e511d","id":{"unicity":"18386"}},"quantity":1,"terms":{"priceEach":27,"taxEach":{"amount":0},"discountEach":{"amount":0},"pvEach":21},"quantityLimit":{"quantityQuota":-1,"timeFrameDays":-1,"quantityOrdered":0}}]},"currency":"USD"},{"lines":{"items":[{"item":{"href":"https://hydraqa.unicity.net/v5a-test/items/3f2d12d7a0e8551fc99fad3bbe1ba633","id":{"unicity":"26567"}},"quantity":1,"terms":{"priceEach":56,"taxEach":{"amount":0},"discountEach":{"amount":0},"pvEach":35},"quantityLimit":{"quantityQuota":-1,"timeFrameDays":-1,"quantityOrdered":0}}]},"currency":"USD"},{"lines":{"items":[{"item":{"href":"https://hydraqa.unicity.net/v5a-test/items/191637167cb3144bd2e8c4615e9ab67e","id":{"unicity":"26568"}},"quantity":1,"terms":{"priceEach":56,"taxEach":{"amount":0},"discountEach":{"amount":0},"pvEach":35},"quantityLimit":{"quantityQuota":-1,"timeFrameDays":-1,"quantityOrdered":0}}]},"currency":"USD"},{"lines":{"items":[{"item":{"href":"https://hydraqa.unicity.net/v5a-test/items/2cefc6a61faaae3455a5adcb0d8fc74f","id":{"unicity":"15907"}},"quantity":1,"terms":{"priceEach":15,"taxEach":{"amount":0},"discountEach":{"amount":0},"pvEach":5},"quantityLimit":{"quantityQuota":-1,"timeFrameDays":-1,"quantityOrdered":0}}]},"currency":"USD"},{"lines":{"items":[{"item":{"href":"https://hydraqa.unicity.net/v5a-test/items/e870d73cd94149d9f6b55de9736c9daa","id":{"unicity":"3107"}},"quantity":1,"terms":{"priceEach":24,"taxEach":{"amount":0},"discountEach":{"amount":0},"pvEach":16},"quantityLimit":{"quantityQuota":-1,"timeFrameDays":-1,"quantityOrdered":0}}]},"currency":"USD"},{"lines":{"items":[{"item":{"href":"https://hydraqa.unicity.net/v5a-test/items/fa2407c91e64e66a72ab45172eb978df","id":{"unicity":"0988"}},"quantity":1,"terms":{"priceEach":36,"taxEach":{"amount":0},"discountEach":{"amount":0},"pvEach":23},"quantityLimit":{"quantityQuota":-1,"timeFrameDays":-1,"quantityOrdered":0}}]},"currency":"USD"},{"lines":{"items":[{"item":{"href":"https://hydraqa.unicity.net/v5a-test/items/40a1044968ea62276f4ba87fd2ef0d8f","id":{"unicity":"12230"}},"quantity":1,"terms":{"priceEach":45,"taxEach":{"amount":0},"discountEach":{"amount":0},"pvEach":18},"quantityLimit":{"quantityQuota":-1,"timeFrameDays":-1,"quantityOrdered":0}}]},"currency":"USD"},{"lines":{"items":[{"item":{"href":"https://hydraqa.unicity.net/v5a-test/items/112b8c39286598b3730f630f371a45f4","id":{"unicity":"27587"}},"quantity":1,"terms":{"priceEach":58,"taxEach":{"amount":0},"discountEach":{"amount":0},"pvEach":33},"quantityLimit":{"quantityQuota":-1,"timeFrameDays":-1,"quantityOrdered":0}}]},"currency":"USD"},{"lines":{"items":[{"item":{"href":"https://hydraqa.unicity.net/v5a-test/items/e218d1cac5f31e7ae4f5876c29c57377","id":{"unicity":"29017"}},"quantity":1,"terms":{"priceEach":38,"taxEach":{"amount":0},"discountEach":{"amount":0},"pvEach":26},"quantityLimit":{"quantityQuota":-1,"timeFrameDays":-1,"quantityOrdered":0}}]},"currency":"USD"},{"lines":{"items":[{"item":{"href":"https://hydraqa.unicity.net/v5a-test/items/25eaf64b36ce31368f17ae789fd9ac5b","id":{"unicity":"29694"}},"quantity":1,"terms":{"priceEach":56,"taxEach":{"amount":0},"discountEach":{"amount":0},"pvEach":33},"quantityLimit":{"quantityQuota":-1,"timeFrameDays":-1,"quantityOrdered":0}}]},"currency":"USD"},{"lines":{"items":[{"item":{"href":"https://hydraqa.unicity.net/v5a-test/items/634f7efb30392b2a919de1355902d975","id":{"unicity":"29408"}},"quantity":1,"terms":{"priceEach":80,"taxEach":{"amount":0},"discountEach":{"amount":0},"pvEach":52},"quantityLimit":{"quantityQuota":-1,"timeFrameDays":-1,"quantityOrdered":0}}]},"currency":"USD"},{"lines":{"items":[{"item":{"href":"https://hydraqa.unicity.net/v5a-test/items/bb5c627f16547cb4f706cef521bca356","id":{"unicity":"29437"}},"quantity":1,"terms":{"priceEach":62,"taxEach":{"amount":0},"discountEach":{"amount":0},"pvEach":36},"quantityLimit":{"quantityQuota":-1,"timeFrameDays":-1,"quantityOrdered":0}}]},"currency":"USD"},{"lines":{"items":[{"item":{"href":"https://hydraqa.unicity.net/v5a-test/items/991cdbb84a495779eb209fb3956a77e4","id":{"unicity":"29183"}},"quantity":1,"terms":{"priceEach":42,"taxEach":{"amount":0},"discountEach":{"amount":0},"pvEach":24},"quantityLimit":{"quantityQuota":-1,"timeFrameDays":-1,"quantityOrdered":0}}]},"currency":"USD"},{"lines":{"items":[{"item":{"href":"https://hydraqa.unicity.net/v5a-test/items/1b0412bea8c0b841c66f65a36aa14108","id":{"unicity":"29191"}},"quantity":1,"terms":{"priceEach":64,"taxEach":{"amount":0},"discountEach":{"amount":0},"pvEach":36},"quantityLimit":{"quantityQuota":-1,"timeFrameDays":-1,"quantityOrdered":0}}]},"currency":"USD"},{"lines":{"items":[{"item":{"href":"https://hydraqa.unicity.net/v5a-test/items/362999101a321b721c87110710ae77b0","id":{"unicity":"29352"}},"quantity":1,"terms":{"priceEach":119,"taxEach":{"amount":0},"discountEach":{"amount":0},"pvEach":80},"quantityLimit":{"quantityQuota":-1,"timeFrameDays":-1,"quantityOrdered":0}}]},"currency":"USD"},{"lines":{"items":[{"item":{"href":"https://hydraqa.unicity.net/v5a-test/items/24ff5bda40c0d0e7eaa511866d052915","id":{"unicity":"29612"}},"quantity":1,"terms":{"priceEach":49,"taxEach":{"amount":0},"discountEach":{"amount":0},"pvEach":30},"quantityLimit":{"quantityQuota":-1,"timeFrameDays":-1,"quantityOrdered":0}}]},"currency":"USD"},{"lines":{"items":[{"item":{"href":"https://hydraqa.unicity.net/v5a-test/items/e0a19d3d676bccfdba0ab3d9f2766359","id":{"unicity":"30350"}},"quantity":1,"terms":{"priceEach":50,"taxEach":{"amount":0},"discountEach":{"amount":0},"pvEach":30},"quantityLimit":{"quantityQuota":-1,"timeFrameDays":-1,"quantityOrdered":0}}]},"currency":"USD"},{"lines":{"items":[{"item":{"href":"https://hydraqa.unicity.net/v5a-test/items/024e696f8b44a1d315006e676604cd31","id":{"unicity":"27395"}},"quantity":1,"terms":{"priceEach":25,"taxEach":{"amount":0},"discountEach":{"amount":0},"pvEach":16},"quantityLimit":{"quantityQuota":-1,"timeFrameDays":-1,"quantityOrdered":0}}]},"currency":"USD"},{"lines":{"items":[{"item":{"href":"https://hydraqa.unicity.net/v5a-test/items/05ca08f3808f126c0cc42154c50fc75c","id":{"unicity":"29440"}},"quantity":1,"terms":{"priceEach":120,"taxEach":{"amount":0},"discountEach":{"amount":0},"pvEach":90},"quantityLimit":{"quantityQuota":-1,"timeFrameDays":-1,"quantityOrdered":0}}]},"currency":"USD"},{"lines":{"items":[{"item":{"href":"https://hydraqa.unicity.net/v5a-test/items/764e2db430d361da99e8f6b70c4d0244","id":{"unicity":"29830"}},"quantity":1,"terms":{"priceEach":17,"taxEach":{"amount":0},"discountEach":{"amount":0},"pvEach":7},"quantityLimit":{"quantityQuota":-1,"timeFrameDays":-1,"quantityOrdered":0}}]},"currency":"USD"},{"lines":{"items":[{"item":{"href":"https://hydraqa.unicity.net/v5a-test/items/035189015384166df518a68ede0299a9","id":{"unicity":"30408"}},"quantity":1,"terms":{"priceEach":84,"taxEach":{"amount":0},"discountEach":{"amount":0},"pvEach":50},"quantityLimit":{"quantityQuota":-1,"timeFrameDays":-1,"quantityOrdered":0}}]},"currency":"USD"},{"lines":{"items":[{"item":{"href":"https://hydraqa.unicity.net/v5a-test/items/b91affa753dd5ee8a9acef4fa7e2c9a7","id":{"unicity":"30414"}},"quantity":1,"terms":{"priceEach":94,"taxEach":{"amount":0},"discountEach":{"amount":0},"pvEach":65},"quantityLimit":{"quantityQuota":-1,"timeFrameDays":-1,"quantityOrdered":0}}]},"currency":"USD"},{"lines":{"items":[{"item":{"href":"https://hydraqa.unicity.net/v5a-test/items/2835b1a78e379486f0ffbfd5fb9f6b0a","id":{"unicity":"30400"}},"quantity":1,"terms":{"priceEach":38,"taxEach":{"amount":0},"discountEach":{"amount":0},"pvEach":28},"quantityLimit":{"quantityQuota":-1,"timeFrameDays":-1,"quantityOrdered":0}}]},"currency":"USD"},{"lines":{"items":[{"item":{"href":"https://hydraqa.unicity.net/v5a-test/items/0e78fbdfebef11cd62f8d2120064ee58","id":{"unicity":"30280"}},"quantity":1,"terms":{"priceEach":42,"taxEach":{"amount":0},"discountEach":{"amount":0},"pvEach":24},"quantityLimit":{"quantityQuota":-1,"timeFrameDays":-1,"quantityOrdered":0}}]},"currency":"USD"},{"lines":{"items":[{"item":{"href":"https://hydraqa.unicity.net/v5a-test/items/d306a0b65f27f19b4968e5c05906a9f4","id":{"unicity":"31314"}},"quantity":1,"terms":{"priceEach":388,"taxEach":{"amount":0},"discountEach":{"amount":0},"pvEach":268},"quantityLimit":{"quantityQuota":-1,"timeFrameDays":-1,"quantityOrdered":0}}]},"currency":"USD"},{"lines":{"items":[{"item":{"href":"https://hydraqa.unicity.net/v5a-test/items/5bda067b70c43971650a6ef983f612e4","id":{"unicity":"31728"}},"quantity":1,"terms":{"priceEach":126,"taxEach":{"amount":0},"discountEach":{"amount":0},"pvEach":94},"quantityLimit":{"quantityQuota":-1,"timeFrameDays":-1,"quantityOrdered":0}}]},"currency":"USD"},{"lines":{"items":[{"item":{"href":"https://hydraqa.unicity.net/v5a-test/items/3875e24e6b6ebdf36c79d205614ed51e","id":{"unicity":"31846"}},"quantity":1,"terms":{"priceEach":126,"taxEach":{"amount":0},"discountEach":{"amount":0},"pvEach":94},"quantityLimit":{"quantityQuota":-1,"timeFrameDays":-1,"quantityOrdered":0}}]},"currency":"USD"},{"lines":{"items":[{"item":{"href":"https://hydraqa.unicity.net/v5a-test/items/89b6d29a85a88d44d65bc8cca3fefc65","id":{"unicity":"31845"}},"quantity":1,"terms":{"priceEach":143,"taxEach":{"amount":0},"discountEach":{"amount":0},"pvEach":100},"quantityLimit":{"quantityQuota":-1,"timeFrameDays":-1,"quantityOrdered":0}}]},"currency":"USD"},{"lines":{"items":[{"item":{"href":"https://hydraqa.unicity.net/v5a-test/items/fbb319232b7eed110794d46a68302acb","id":{"unicity":"31847"}},"quantity":1,"terms":{"priceEach":120,"taxEach":{"amount":0},"discountEach":{"amount":0},"pvEach":80},"quantityLimit":{"quantityQuota":-1,"timeFrameDays":-1,"quantityOrdered":0}}]},"currency":"USD"},{"lines":{"items":[{"item":{"href":"https://hydraqa.unicity.net/v5a-test/items/077823d29445b9020de9931f10c63efd","id":{"unicity":"31958"}},"quantity":1,"terms":{"priceEach":129,"taxEach":{"amount":0},"discountEach":{"amount":0},"pvEach":85},"quantityLimit":{"quantityQuota":-1,"timeFrameDays":-1,"quantityOrdered":0}}]},"currency":"USD"},{"lines":{"items":[{"item":{"href":"https://hydraqa.unicity.net/v5a-test/items/bfddb53fe0d5ed5432c531dc9850cbe4","id":{"unicity":"29449"}},"quantity":1,"terms":{"priceEach":37,"taxEach":{"amount":0},"discountEach":{"amount":0},"pvEach":25},"quantityLimit":{"quantityQuota":-1,"timeFrameDays":-1,"quantityOrdered":0}}]},"currency":"USD"},{"lines":{"items":[{"item":{"href":"https://hydraqa.unicity.net/v5a-test/items/7fc100f8d20814757efe2d79e41b315c","id":{"unicity":"32021"}},"quantity":1,"terms":{"priceEach":89,"taxEach":{"amount":0},"discountEach":{"amount":0},"pvEach":60},"quantityLimit":{"quantityQuota":-1,"timeFrameDays":-1,"quantityOrdered":0}}]},"currency":"USD"},{"lines":{"items":[{"item":{"href":"https://hydraqa.unicity.net/v5a-test/items/c201dcd36f4bb7e17e7a8481ef08d6f2","id":{"unicity":"31518"}},"quantity":1,"terms":{"priceEach":29,"taxEach":{"amount":0},"discountEach":{"amount":0},"pvEach":14},"quantityLimit":{"quantityQuota":-1,"timeFrameDays":-1,"quantityOrdered":0}}]},"currency":"USD"},{"lines":{"items":[{"item":{"href":"https://hydraqa.unicity.net/v5a-test/items/bed533c634e887357ff031d8e4c776b0","id":{"unicity":"31751"}},"quantity":1,"terms":{"priceEach":99,"taxEach":{"amount":0},"discountEach":{"amount":0},"pvEach":50},"quantityLimit":{"quantityQuota":-1,"timeFrameDays":-1,"quantityOrdered":0}}]},"currency":"USD"},{"lines":{"items":[{"item":{"href":"https://hydraqa.unicity.net/v5a-test/items/69461244686345ba75765978ef53c749","id":{"unicity":"32015"}},"quantity":1,"terms":{"priceEach":8,"taxEach":{"amount":0},"discountEach":{"amount":0},"pvEach":0},"quantityLimit":{"quantityQuota":-1,"timeFrameDays":-1,"quantityOrdered":0}}]},"currency":"USD"},{"lines":{"items":[{"item":{"href":"https://hydraqa.unicity.net/v5a-test/items/c674cdded8a54983aae3c5dcb32c9e38","id":{"unicity":"32628"}},"quantity":1,"terms":{"priceEach":80,"taxEach":{"amount":0},"discountEach":{"amount":0},"pvEach":50},"quantityLimit":{"quantityQuota":-1,"timeFrameDays":-1,"quantityOrdered":0}}]},"currency":"USD"},{"lines":{"items":[{"item":{"href":"https://hydraqa.unicity.net/v5a-test/items/69d8547e9e264505ce055e09920659fd","id":{"unicity":"33019"}},"quantity":1,"terms":{"priceEach":202,"taxEach":{"amount":0},"discountEach":{"amount":0},"pvEach":151},"quantityLimit":{"quantityQuota":-1,"timeFrameDays":-1,"quantityOrdered":0}}]},"currency":"USD"},{"lines":{"items":[{"item":{"href":"https://hydraqa.unicity.net/v5a-test/items/30b5c0f54df52286b3d87a6a1dfd314a","id":{"unicity":"33018"}},"quantity":1,"terms":{"priceEach":205,"taxEach":{"amount":0},"discountEach":{"amount":0},"pvEach":133},"quantityLimit":{"quantityQuota":-1,"timeFrameDays":-1,"quantityOrdered":0}}]},"currency":"USD"},{"lines":{"items":[{"item":{"href":"https://hydraqa.unicity.net/v5a-test/items/16a422e03f6e3a79ba7bcd7fd50e31c0","id":{"unicity":"33017"}},"quantity":1,"terms":{"priceEach":150,"taxEach":{"amount":0},"discountEach":{"amount":0},"pvEach":110},"quantityLimit":{"quantityQuota":-1,"timeFrameDays":-1,"quantityOrdered":0}}]},"currency":"USD"},{"lines":{"items":[{"item":{"href":"https://hydraqa.unicity.net/v5a-test/items/30f2eb8ab275ef57ae8082b3435a3d69","id":{"unicity":"33016"}},"quantity":1,"terms":{"priceEach":199,"taxEach":{"amount":0},"discountEach":{"amount":0},"pvEach":142},"quantityLimit":{"quantityQuota":-1,"timeFrameDays":-1,"quantityOrdered":0}}]},"currency":"USD"},{"lines":{"items":[{"item":{"href":"https://hydraqa.unicity.net/v5a-test/items/e30d5100db17be47578745dce83039e6","id":{"unicity":"32838"}},"quantity":1,"terms":{"priceEach":12.95,"taxEach":{"amount":0},"discountEach":{"amount":0},"pvEach":0},"quantityLimit":{"quantityQuota":-1,"timeFrameDays":-1,"quantityOrdered":0}}]},"currency":"USD"}]}
Entry request : {"order":{"customer":{"href":"https://hydraqa.unicity.net/v5a-test/customers?type=Associate"},"shipToAddress":{"country":"US"}},"vary":{"lines":{"items":[{"item":{"href":"https://hydraqa.unicity.net/v5a-test/items?id.unicity=26580|31440|31441|27801|31858|31859|31863|31861|32030|29684|31729|31730|31731|0963|15129|15271|15880|17174|22745|22747|23728|24758|25022|26550|26556|26557|26560|26561|26562|27615|27739|24418|27585|25008|26442|6200|15916|18908|24785|26552|27028|0954|18401|27029|26559|19596|26945|21420|24621|28836|15712|0960|25369|18386|26567|26568|15907|28513|3107|0988|12230|26950|26786|27587|29017|29694|29408|29437|29183|29191|29352|29612|30350|27395|29440|29830|30408|30414|30400|30280|31314|31728|31846|31845|31847|31958|29449|32021|31518|31751|32015|32628|33019|33018|33017|33016|32838|33476|26555"}}]}}}
Request URL: https://hydraqa.unicity.net/v5a-test/customers.js?callback=angular.callbacks._1&expand=customer,profilePicture&id.unicity=2
Request URL: https://hydraqa.unicity.net/v5a-test/customers.js?_httpMethod=HEAD&callback=angular.callbacks._3&email=DOHTVA@gmail.com
Unicity [Date=Thu, 10 Dec 2020 19:45:52 GMT, Content-Type=text/javascript; charset=utf-8, Content-Length=386, Connection=keep-alive, Set-Cookie=__cfduid=dc3ed4ab73bb4046101d6ad2d056969b71607629551; expires=Sat, 09-Jan-21 19:45:51 GMT; path=/; domain=.unicity.net; HttpOnly; SameSite=Lax, x-powered-by=Express, x-request-id=ed40b0d1-3ec7-9ca9-bcf3-e8d92f5aacb9,ed40b0d1-3ec7-9ca9-bcf3-e8d92f5aacb9, x-request-uuid=ed40b0d1-3ec7-9ca9-bcf3-e8d92f5aacb9, x-request-release=5-2020120801/master, access-control-allow-origin=http://enroll.ng.unicityqa.com, vary=Accept-Encoding, link=<http://unicity.github.io/Hydra.php/docs/v5/>; rel="help", cache-control=no-cache, must-revalidate, expires=0, content-language=en-US, x-status-code=400, content-encoding=gzip, x-envoy-upstream-service-time=697, etag=W/"182-/NbTH4CmVrbgf1gNUtZ6IzT3FK0", access-control-expose-headers=x-b3-traceid, x-request-id, x-b3-traceid=0007b503cb104690, CF-Cache-Status=DYNAMIC, cf-request-id=06efc9512000001fc572864000000001, Expect-CT=max-age=604800, report-uri="https://report-uri.cloudflare.com/cdn-cgi/beacon/expect-ct", Server=cloudflare, CF-RAY=5ff977fb6e911fc5-SJC]
Unicity [Date=Thu, 10 Dec 2020 19:45:54 GMT, Content-Type=text/javascript; charset=utf-8, Content-Length=381, Connection=keep-alive, Set-Cookie=__cfduid=dd07ff61df666ed3f8bf0fdaa11fab4301607629553; expires=Sat, 09-Jan-21 19:45:53 GMT; path=/; domain=.unicity.net; HttpOnly; SameSite=Lax, x-powered-by=Express, x-request-id=6be04c09-be0c-972e-b116-d6027f25fb65,6be04c09-be0c-972e-b116-d6027f25fb65, x-request-uuid=6be04c09-be0c-972e-b116-d6027f25fb65, x-request-release=5-2020120801/master, access-control-allow-origin=http://enroll.ng.unicityqa.com, vary=Accept-Encoding, link=<http://unicity.github.io/Hydra.php/docs/v5/>; rel="help", cache-control=no-cache, must-revalidate, expires=0, content-language=en-US, x-status-code=400, content-encoding=gzip, x-envoy-upstream-service-time=695, etag=W/"17d-VObATOLU+aaennSJck/l5y0nPpg", access-control-expose-headers=x-b3-traceid, x-request-id, x-b3-traceid=cc1e5e19a9c45f0e, CF-Cache-Status=DYNAMIC, cf-request-id=06efc9590000001fd1d8b5d000000001, Expect-CT=max-age=604800, report-uri="https://report-uri.cloudflare.com/cdn-cgi/beacon/expect-ct", Server=cloudflare, CF-RAY=5ff978080ccc1fd1-SJC]
Unicity [Date=Thu, 10 Dec 2020 19:45:55 GMT, Content-Type=text/javascript; charset=utf-8, Content-Length=386, Connection=keep-alive, Set-Cookie=__cfduid=d2dcdece23696709892eb306ded2fafae1607629554; expires=Sat, 09-Jan-21 19:45:54 GMT; path=/; domain=.unicity.net; HttpOnly; SameSite=Lax, x-powered-by=Express, x-request-id=111f3798-ef0d-9aa1-9da4-abe758bac674,111f3798-ef0d-9aa1-9da4-abe758bac674, x-request-uuid=111f3798-ef0d-9aa1-9da4-abe758bac674, x-request-release=5-2020120801/master, access-control-allow-origin=http://enroll.ng.unicityqa.com, vary=Accept-Encoding, link=<http://unicity.github.io/Hydra.php/docs/v5/>; rel="help", cache-control=no-cache, must-revalidate, expires=0, content-language=en-US, x-status-code=400, content-encoding=gzip, x-envoy-upstream-service-time=935, etag=W/"182-m3mFyF7rLh86dj5q79q39ItOcvU", access-control-expose-headers=x-b3-traceid, x-request-id, x-b3-traceid=a273f6d26bce23e1, CF-Cache-Status=DYNAMIC, cf-request-id=06efc95c2f00001fc5ccbe8000000001, Expect-CT=max-age=604800, report-uri="https://report-uri.cloudflare.com/cdn-cgi/beacon/expect-ct", Server=cloudflare, CF-RAY=5ff9780d18b31fc5-SJC]
Unicity [Date=Thu, 10 Dec 2020 19:45:56 GMT, Content-Type=text/javascript; charset=utf-8, Content-Length=386, Connection=keep-alive, Set-Cookie=__cfduid=d848a64c4046bcf01320bce420748155a1607629555; expires=Sat, 09-Jan-21 19:45:55 GMT; path=/; domain=.unicity.net; HttpOnly; SameSite=Lax, x-powered-by=Express, x-request-id=d262a46e-8adc-9df5-bf22-b0bece71a82a,d262a46e-8adc-9df5-bf22-b0bece71a82a, x-request-uuid=d262a46e-8adc-9df5-bf22-b0bece71a82a, x-request-release=5-2020120801/master, access-control-allow-origin=http://enroll.ng.unicityqa.com, vary=Accept-Encoding, link=<http://unicity.github.io/Hydra.php/docs/v5/>; rel="help", cache-control=no-cache, must-revalidate, expires=0, content-language=en-US, x-status-code=400, content-encoding=gzip, x-envoy-upstream-service-time=804, etag=W/"182-BOSnEb3agYZ9nrahu2DMSPbQIGQ", access-control-expose-headers=x-b3-traceid, x-request-id, x-b3-traceid=41ba70ffd91e85cd, CF-Cache-Status=DYNAMIC, cf-request-id=06efc95e1000000231439ce000000001, Expect-CT=max-age=604800, report-uri="https://report-uri.cloudflare.com/cdn-cgi/beacon/expect-ct", Server=cloudflare, CF-RAY=5ff978101aa10231-SJC]
Unicity [Date=Thu, 10 Dec 2020 19:45:56 GMT, Content-Type=text/javascript; charset=utf-8, Content-Length=384, Connection=keep-alive, Set-Cookie=__cfduid=d53cf636c87561630885205a2f6a9af021607629555; expires=Sat, 09-Jan-21 19:45:55 GMT; path=/; domain=.unicity.net; HttpOnly; SameSite=Lax, x-powered-by=Express, x-request-id=10e4dde0-d282-957a-8157-d43e24fd9f07,10e4dde0-d282-957a-8157-d43e24fd9f07, x-request-uuid=10e4dde0-d282-957a-8157-d43e24fd9f07, x-request-release=5-2020120801/master, access-control-allow-origin=http://enroll.ng.unicityqa.com, vary=Accept-Encoding, link=<http://unicity.github.io/Hydra.php/docs/v5/>; rel="help", cache-control=no-cache, must-revalidate, expires=0, content-language=en-US, x-status-code=400, content-encoding=gzip, x-envoy-upstream-service-time=756, etag=W/"180-Jk08fqpmrv2d8uoEdEbdI/mnGRs", access-control-expose-headers=x-b3-traceid, x-request-id, x-b3-traceid=a8011e3c555c06c8, CF-Cache-Status=DYNAMIC, cf-request-id=06efc95f9b00001fa75a851000000001, Expect-CT=max-age=604800, report-uri="https://report-uri.cloudflare.com/cdn-cgi/beacon/expect-ct", Server=cloudflare, CF-RAY=5ff97812987c1fa7-SJC]
Unicity [Date=Thu, 10 Dec 2020 19:45:57 GMT, Content-Type=text/javascript; charset=utf-8, Content-Length=388, Connection=keep-alive, Set-Cookie=__cfduid=df80ded97e665d276465e9187b30450601607629556; expires=Sat, 09-Jan-21 19:45:56 GMT; path=/; domain=.unicity.net; HttpOnly; SameSite=Lax, x-powered-by=Express, x-request-id=72c79602-49a1-98a5-9ec6-478c81bb226b,72c79602-49a1-98a5-9ec6-478c81bb226b, x-request-uuid=72c79602-49a1-98a5-9ec6-478c81bb226b, x-request-release=5-2020120801/master, access-control-allow-origin=http://enroll.ng.unicityqa.com, vary=Accept-Encoding, link=<http://unicity.github.io/Hydra.php/docs/v5/>; rel="help", cache-control=no-cache, must-revalidate, expires=0, content-language=en-US, x-status-code=400, content-encoding=gzip, x-envoy-upstream-service-time=905, etag=W/"184-YxHdn2e0NjIEaYGsXRaATSbX0T8", access-control-expose-headers=x-b3-traceid, x-request-id, x-b3-traceid=fae2d0dbb05535f1, CF-Cache-Status=DYNAMIC, cf-request-id=06efc9615800001fd1853a7000000001, Expect-CT=max-age=604800, report-uri="https://report-uri.cloudflare.com/cdn-cgi/beacon/expect-ct", Server=cloudflare, CF-RAY=5ff978155dbe1fd1-SJC]
Unicity [Date=Thu, 10 Dec 2020 19:45:57 GMT, Content-Type=text/javascript; charset=utf-8, Content-Length=387, Connection=keep-alive, Set-Cookie=__cfduid=d57893e0920cf8473cf4e133da87bd2be1607629556; expires=Sat, 09-Jan-21 19:45:56 GMT; path=/; domain=.unicity.net; HttpOnly; SameSite=Lax, x-powered-by=Express, x-request-id=17481ee3-cf50-9fc1-b734-ad3dd0cbac46,17481ee3-cf50-9fc1-b734-ad3dd0cbac46, x-request-uuid=17481ee3-cf50-9fc1-b734-ad3dd0cbac46, x-request-release=5-2020120801/master, access-control-allow-origin=http://enroll.ng.unicityqa.com, vary=Accept-Encoding, link=<http://unicity.github.io/Hydra.php/docs/v5/>; rel="help", cache-control=no-cache, must-revalidate, expires=0, content-language=en-US, x-status-code=400, content-encoding=gzip, x-envoy-upstream-service-time=843, etag=W/"183-TgKyJ43pUstc2NDygj6noTkH7U4", access-control-expose-headers=x-b3-traceid, x-request-id, x-b3-traceid=cddcb2b30b399375, CF-Cache-Status=DYNAMIC, cf-request-id=06efc963f10000939aaf30e000000001, Expect-CT=max-age=604800, report-uri="https://report-uri.cloudflare.com/cdn-cgi/beacon/expect-ct", Server=cloudflare, CF-RAY=5ff978198ace939a-SJC]
Unicity [Date=Thu, 10 Dec 2020 19:45:58 GMT, Content-Type=text/javascript; charset=utf-8, Content-Length=386, Connection=keep-alive, Set-Cookie=__cfduid=d17ce0b2526fc154d056e49892bace99c1607629557; expires=Sat, 09-Jan-21 19:45:57 GMT; path=/; domain=.unicity.net; HttpOnly; SameSite=Lax, x-powered-by=Express, x-request-id=12cf759c-dd87-943e-992b-31db3237d2a4,12cf759c-dd87-943e-992b-31db3237d2a4, x-request-uuid=12cf759c-dd87-943e-992b-31db3237d2a4, x-request-release=5-2020120801/master, access-control-allow-origin=http://enroll.ng.unicityqa.com, vary=Accept-Encoding, link=<http://unicity.github.io/Hydra.php/docs/v5/>; rel="help", cache-control=no-cache, must-revalidate, expires=0, content-language=en-US, x-status-code=400, content-encoding=gzip, x-envoy-upstream-service-time=649, etag=W/"182-0Vw1HE4mukbyC1PqFoxuH43elVs", access-control-expose-headers=x-b3-traceid, x-request-id, x-b3-traceid=2162a4c4a5ad380b, CF-Cache-Status=DYNAMIC, cf-request-id=06efc9663800001fc5a639e000000001, Expect-CT=max-age=604800, report-uri="https://report-uri.cloudflare.com/cdn-cgi/beacon/expect-ct", Server=cloudflare, CF-RAY=5ff9781d2e031fc5-SJC]
Unicity [Date=Thu, 10 Dec 2020 19:45:58 GMT, Content-Type=text/javascript; charset=utf-8, Content-Length=379, Connection=keep-alive, Set-Cookie=__cfduid=d7e4bdfe68cd007e204570c763a659a471607629557; expires=Sat, 09-Jan-21 19:45:57 GMT; path=/; domain=.unicity.net; HttpOnly; SameSite=Lax, x-powered-by=Express, x-request-id=559a9d14-798e-953e-992d-011e22e46ee4,559a9d14-798e-953e-992d-011e22e46ee4, x-request-uuid=559a9d14-798e-953e-992d-011e22e46ee4, x-request-release=5-2020120801/master, access-control-allow-origin=http://enroll.ng.unicityqa.com, vary=Accept-Encoding, link=<http://unicity.github.io/Hydra.php/docs/v5/>; rel="help", cache-control=no-cache, must-revalidate, expires=0, content-language=en-US, x-status-code=400, content-encoding=gzip, x-envoy-upstream-service-time=689, etag=W/"17b-vmtkL6ERTgjy+uANj2VwBK+GoXY", access-control-expose-headers=x-b3-traceid, x-request-id, x-b3-traceid=f24880546e4054b7, CF-Cache-Status=DYNAMIC, cf-request-id=06efc9687900001fa75519c000000001, Expect-CT=max-age=604800, report-uri="https://report-uri.cloudflare.com/cdn-cgi/beacon/expect-ct", Server=cloudflare, CF-RAY=5ff97820cb3a1fa7-SJC]
Unicity [Date=Thu, 10 Dec 2020 19:45:59 GMT, Content-Type=text/javascript; charset=utf-8, Content-Length=387, Connection=keep-alive, Set-Cookie=__cfduid=db813937eb0dce84b39e897c6f7a96fa81607629558; expires=Sat, 09-Jan-21 19:45:58 GMT; path=/; domain=.unicity.net; HttpOnly; SameSite=Lax, x-powered-by=Express, x-request-id=66461c3d-ac90-9c52-b91c-3a6ce7f8a6a7,66461c3d-ac90-9c52-b91c-3a6ce7f8a6a7, x-request-uuid=66461c3d-ac90-9c52-b91c-3a6ce7f8a6a7, x-request-release=5-2020120801/master, access-control-allow-origin=http://enroll.ng.unicityqa.com, vary=Accept-Encoding, link=<http://unicity.github.io/Hydra.php/docs/v5/>; rel="help", cache-control=no-cache, must-revalidate, expires=0, content-language=en-US, x-status-code=400, content-encoding=gzip, x-envoy-upstream-service-time=650, etag=W/"183-stnIjBNSnc/acdxCFHgbo+B7pQ0", access-control-expose-headers=x-b3-traceid, x-request-id, x-b3-traceid=9f6427245444a851, CF-Cache-Status=DYNAMIC, cf-request-id=06efc9693200001fc57d804000000001, Expect-CT=max-age=604800, report-uri="https://report-uri.cloudflare.com/cdn-cgi/beacon/expect-ct", Server=cloudflare, CF-RAY=5ff97821eeef1fc5-SJC]
Unicity [Date=Thu, 10 Dec 2020 19:45:59 GMT, Content-Type=text/javascript; charset=utf-8, Content-Length=389, Connection=keep-alive, Set-Cookie=__cfduid=d1b1d433deccf832043a7bfed5d6164df1607629558; expires=Sat, 09-Jan-21 19:45:58 GMT; path=/; domain=.unicity.net; HttpOnly; SameSite=Lax, x-powered-by=Express, x-request-id=b3ac169c-645b-9f3f-b64d-883eeb9a7121,b3ac169c-645b-9f3f-b64d-883eeb9a7121, x-request-uuid=b3ac169c-645b-9f3f-b64d-883eeb9a7121, x-request-release=5-2020120801/master, access-control-allow-origin=http://enroll.ng.unicityqa.com, vary=Accept-Encoding, link=<http://unicity.github.io/Hydra.php/docs/v5/>; rel="help", cache-control=no-cache, must-revalidate, expires=0, content-language=en-US, x-status-code=400, content-encoding=gzip, x-envoy-upstream-service-time=573, etag=W/"185-oXR+P4fQN1uF1NFza64ZRUTrbD8", access-control-expose-headers=x-b3-traceid, x-request-id, x-b3-traceid=e933bd6ffc54f49e, CF-Cache-Status=DYNAMIC, cf-request-id=06efc96b9a00001fa79e172000000001, Expect-CT=max-age=604800, report-uri="https://report-uri.cloudflare.com/cdn-cgi/beacon/expect-ct", Server=cloudflare, CF-RAY=5ff97825cd601fa7-SJC]
Request URL: https://hydraqa.unicity.net/v5a-test/addresses?country=US&zip=33024
Entry response : {"items":[{"city":"Pembroke Pines","state":"FL"}]}
]]></system-out>
    <system-err><![CDATA[Starting ChromeDriver 2.36.540470 (e522d04694c7ebea4ba8821272dbef4f9b818c91) on port 16410
Only local connections are allowed.
Dec 10, 2020 12:42:34 PM org.openqa.selenium.remote.ProtocolHandshake createSession
INFO: Detected dialect: OSS
]]></system-err>
  </testcase>
  <testcase name="PassReferralID" classname="Tests.ReferralIDPassing" time="297.751"/>
  <testcase name="INDPassReferralID" classname="Tests.INDReferralIDPassing" time="104.396"/>
  <testcase name="Enroll" classname="Tests.PrefferedCustomer" time="177.592">
    <failure message="Critical Back end error" type="java.lang.AssertionError">java.lang.AssertionError: Critical Back end error
	at Tests.PrefferedCustomer.Enroll(PrefferedCustomer.java:103)
</failure>
    <system-out><![CDATA[Request URL: https://hydraqa.unicity.net/v5a-test/quotes?&expand=item
Entry Quotes response : {"items":[{"lines":{"items":[{"item":{"href":"https://hydraqa.unicity.net/v5a-test/items/051e765a5a71835a859c2757edd359f0","id":{"unicity":"26580"}},"quantity":1,"terms":{"priceEach":225,"taxEach":{"amount":0},"discountEach":{"amount":0},"pvEach":130},"quantityLimit":{"quantityQuota":-1,"timeFrameDays":-1,"quantityOrdered":0}}]},"currency":"USD"},{"lines":{"items":[{"item":{"href":"https://hydraqa.unicity.net/v5a-test/items/38da42f991a40a00153b2e5055b82dbf","id":{"unicity":"27801"}},"quantity":1,"terms":{"priceEach":225,"taxEach":{"amount":0},"discountEach":{"amount":0},"pvEach":130},"quantityLimit":{"quantityQuota":-1,"timeFrameDays":-1,"quantityOrdered":0}}]},"currency":"USD"},{"lines":{"items":[{"item":{"href":"https://hydraqa.unicity.net/v5a-test/items/9ff4257741d464b686d15be955b8afb6","id":{"unicity":"0963"}},"quantity":1,"terms":{"priceEach":54,"taxEach":{"amount":0},"discountEach":{"amount":0},"pvEach":25},"quantityLimit":{"quantityQuota":-1,"timeFrameDays":-1,"quantityOrdered":0}}]},"currency":"USD"},{"lines":{"items":[{"item":{"href":"https://hydraqa.unicity.net/v5a-test/items/716b7a0bca7fa73e42e000d668e7ee65","id":{"unicity":"15129"}},"quantity":1,"terms":{"priceEach":29,"taxEach":{"amount":0},"discountEach":{"amount":0},"pvEach":10},"quantityLimit":{"quantityQuota":-1,"timeFrameDays":-1,"quantityOrdered":0}}]},"currency":"USD"},{"lines":{"items":[{"item":{"href":"https://hydraqa.unicity.net/v5a-test/items/390a7ae70d5669561ecdf7d5cff2671b","id":{"unicity":"15271"}},"quantity":1,"terms":{"priceEach":89,"taxEach":{"amount":0},"discountEach":{"amount":0},"pvEach":27},"quantityLimit":{"quantityQuota":-1,"timeFrameDays":-1,"quantityOrdered":0}}]},"currency":"USD"},{"lines":{"items":[{"item":{"href":"https://hydraqa.unicity.net/v5a-test/items/4b2034f47fce90b87bba28c5c2d7c25d","id":{"unicity":"15880"}},"quantity":1,"terms":{"priceEach":76,"taxEach":{"amount":0},"discountEach":{"amount":0},"pvEach":41},"quantityLimit":{"quantityQuota":-1,"timeFrameDays":-1,"quantityOrdered":0}}]},"currency":"USD"},{"lines":{"items":[{"item":{"href":"https://hydraqa.unicity.net/v5a-test/items/2c4c1abe00983e85aaa918d2ce341491","id":{"unicity":"17174"}},"quantity":1,"terms":{"priceEach":22,"taxEach":{"amount":0},"discountEach":{"amount":0},"pvEach":10},"quantityLimit":{"quantityQuota":-1,"timeFrameDays":-1,"quantityOrdered":0}}]},"currency":"USD"},{"lines":{"items":[{"item":{"href":"https://hydraqa.unicity.net/v5a-test/items/cea826eab72d44641c070aab6c97c1ac","id":{"unicity":"22747"}},"quantity":1,"terms":{"priceEach":35,"taxEach":{"amount":0},"discountEach":{"amount":0},"pvEach":16},"quantityLimit":{"quantityQuota":-1,"timeFrameDays":-1,"quantityOrdered":0}}]},"currency":"USD"},{"lines":{"items":[{"item":{"href":"https://hydraqa.unicity.net/v5a-test/items/5c2f1613082782e691d32fe9ce034026","id":{"unicity":"23728"}},"quantity":1,"terms":{"priceEach":34,"taxEach":{"amount":0},"discountEach":{"amount":0},"pvEach":13},"quantityLimit":{"quantityQuota":-1,"timeFrameDays":-1,"quantityOrdered":0}}]},"currency":"USD"},{"lines":{"items":[{"item":{"href":"https://hydraqa.unicity.net/v5a-test/items/64ec7ad932acafab052a4e8800ad1238","id":{"unicity":"24758"}},"quantity":1,"terms":{"priceEach":40,"taxEach":{"amount":0},"discountEach":{"amount":0},"pvEach":21},"quantityLimit":{"quantityQuota":-1,"timeFrameDays":-1,"quantityOrdered":0}}]},"currency":"USD"},{"lines":{"items":[{"item":{"href":"https://hydraqa.unicity.net/v5a-test/items/9a7715e888c94989d898fe4653645721","id":{"unicity":"26550"}},"quantity":1,"terms":{"priceEach":99,"taxEach":{"amount":0},"discountEach":{"amount":0},"pvEach":52},"quantityLimit":{"quantityQuota":-1,"timeFrameDays":-1,"quantityOrdered":0}}]},"currency":"USD"},{"lines":{"items":[{"item":{"href":"https://hydraqa.unicity.net/v5a-test/items/3af97c67f653253825a9189a27da57d6","id":{"unicity":"26556"}},"quantity":1,"terms":{"priceEach":101,"taxEach":{"amount":0},"discountEach":{"amount":0},"pvEach":61},"quantityLimit":{"quantityQuota":-1,"timeFrameDays":-1,"quantityOrdered":0}}]},"currency":"USD"},{"lines":{"items":[{"item":{"href":"https://hydraqa.unicity.net/v5a-test/items/0cf62d38e91953b43dcfe88b06f813cb","id":{"unicity":"26557"}},"quantity":1,"terms":{"priceEach":101,"taxEach":{"amount":0},"discountEach":{"amount":0},"pvEach":61},"quantityLimit":{"quantityQuota":-1,"timeFrameDays":-1,"quantityOrdered":0}}]},"currency":"USD"},{"lines":{"items":[{"item":{"href":"https://hydraqa.unicity.net/v5a-test/items/398d06b858b960f6f38086d40608aef2","id":{"unicity":"26560"}},"quantity":1,"terms":{"priceEach":21,"taxEach":{"amount":0},"discountEach":{"amount":0},"pvEach":12},"quantityLimit":{"quantityQuota":-1,"timeFrameDays":-1,"quantityOrdered":0}}]},"currency":"USD"},{"lines":{"items":[{"item":{"href":"https://hydraqa.unicity.net/v5a-test/items/cda534d686af5d627c94c4bb2c4b57d8","id":{"unicity":"26561"}},"quantity":1,"terms":{"priceEach":21,"taxEach":{"amount":0},"discountEach":{"amount":0},"pvEach":11},"quantityLimit":{"quantityQuota":-1,"timeFrameDays":-1,"quantityOrdered":0}}]},"currency":"USD"},{"lines":{"items":[{"item":{"href":"https://hydraqa.unicity.net/v5a-test/items/0a3ede185ddf034630afd891c5106d33","id":{"unicity":"26562"}},"quantity":1,"terms":{"priceEach":43,"taxEach":{"amount":0},"discountEach":{"amount":0},"pvEach":25},"quantityLimit":{"quantityQuota":-1,"timeFrameDays":-1,"quantityOrdered":0}}]},"currency":"USD"},{"lines":{"items":[{"item":{"href":"https://hydraqa.unicity.net/v5a-test/items/16ca68abaaa92505c257be022a154769","id":{"unicity":"27615"}},"quantity":1,"terms":{"priceEach":37,"taxEach":{"amount":0},"discountEach":{"amount":0},"pvEach":21},"quantityLimit":{"quantityQuota":-1,"timeFrameDays":-1,"quantityOrdered":0}}]},"currency":"USD"},{"lines":{"items":[{"item":{"href":"https://hydraqa.unicity.net/v5a-test/items/1bd53de7fe880ba71f46c9976ca2c137","id":{"unicity":"27739"}},"quantity":1,"terms":{"priceEach":43,"taxEach":{"amount":0},"discountEach":{"amount":0},"pvEach":13},"quantityLimit":{"quantityQuota":-1,"timeFrameDays":-1,"quantityOrdered":0}}]},"currency":"USD"},{"lines":{"items":[{"item":{"href":"https://hydraqa.unicity.net/v5a-test/items/1945faa1776541d53120ecfe3c1d8a2b","id":{"unicity":"24418"}},"quantity":1,"terms":{"priceEach":7,"taxEach":{"amount":0},"discountEach":{"amount":0},"pvEach":0},"quantityLimit":{"quantityQuota":-1,"timeFrameDays":-1,"quantityOrdered":0}}]},"currency":"USD"},{"lines":{"items":[{"item":{"href":"https://hydraqa.unicity.net/v5a-test/items/9a6e1d094182389c3da8e0a320ff0e00","id":{"unicity":"27585"}},"quantity":1,"terms":{"priceEach":69,"taxEach":{"amount":0},"discountEach":{"amount":0},"pvEach":33},"quantityLimit":{"quantityQuota":-1,"timeFrameDays":-1,"quantityOrdered":0}}]},"currency":"USD"},{"lines":{"items":[{"item":{"href":"https://hydraqa.unicity.net/v5a-test/items/b127a2d34d3d73e2f53e4c2002a7a4a2","id":{"unicity":"25008"}},"quantity":1,"terms":{"priceEach":24,"taxEach":{"amount":0},"discountEach":{"amount":0},"pvEach":15},"quantityLimit":{"quantityQuota":-1,"timeFrameDays":-1,"quantityOrdered":0}}]},"currency":"USD"},{"lines":{"items":[{"item":{"href":"https://hydraqa.unicity.net/v5a-test/items/10da226fab00279b4f89df10af2a10b7","id":{"unicity":"26442"}},"quantity":1,"terms":{"priceEach":8,"taxEach":{"amount":0},"discountEach":{"amount":0},"pvEach":0},"quantityLimit":{"quantityQuota":-1,"timeFrameDays":-1,"quantityOrdered":0}}]},"currency":"USD"},{"lines":{"items":[{"item":{"href":"https://hydraqa.unicity.net/v5a-test/items/933f0856fd8ec1df83c5283dabf4ec3c","id":{"unicity":"6200"}},"quantity":1,"terms":{"priceEach":88,"taxEach":{"amount":0},"discountEach":{"amount":0},"pvEach":47},"quantityLimit":{"quantityQuota":-1,"timeFrameDays":-1,"quantityOrdered":0}}]},"currency":"USD"},{"lines":{"items":[{"item":{"href":"https://hydraqa.unicity.net/v5a-test/items/8d994059c399f5551ab112574e4476fc","id":{"unicity":"24785"}},"quantity":1,"terms":{"priceEach":18,"taxEach":{"amount":0},"discountEach":{"amount":0},"pvEach":9},"quantityLimit":{"quantityQuota":-1,"timeFrameDays":-1,"quantityOrdered":0}}]},"currency":"USD"},{"lines":{"items":[{"item":{"href":"https://hydraqa.unicity.net/v5a-test/items/aa0d72ac13b1ce88cf8c4a52ede75a37","id":{"unicity":"26552"}},"quantity":1,"terms":{"priceEach":89,"taxEach":{"amount":0},"discountEach":{"amount":0},"pvEach":50},"quantityLimit":{"quantityQuota":-1,"timeFrameDays":-1,"quantityOrdered":0}}]},"currency":"USD"},{"lines":{"items":[{"item":{"href":"https://hydraqa.unicity.net/v5a-test/items/8b5ed9aa6c6132e1be5e446f69a3465e","id":{"unicity":"0954"}},"quantity":1,"terms":{"priceEach":27,"taxEach":{"amount":0},"discountEach":{"amount":0},"pvEach":15},"quantityLimit":{"quantityQuota":-1,"timeFrameDays":-1,"quantityOrdered":0}}]},"currency":"USD"},{"lines":{"items":[{"item":{"href":"https://hydraqa.unicity.net/v5a-test/items/b2fc4b9ba4aa5cae54389161be2f841f","id":{"unicity":"18401"}},"quantity":1,"terms":{"priceEach":40,"taxEach":{"amount":0},"discountEach":{"amount":0},"pvEach":19},"quantityLimit":{"quantityQuota":-1,"timeFrameDays":-1,"quantityOrdered":0}}]},"currency":"USD"},{"lines":{"items":[{"item":{"href":"https://hydraqa.unicity.net/v5a-test/items/48433ffc76597c823adc2b8627e033e4","id":{"unicity":"26559"}},"quantity":1,"terms":{"priceEach":39,"taxEach":{"amount":0},"discountEach":{"amount":0},"pvEach":20},"quantityLimit":{"quantityQuota":-1,"timeFrameDays":-1,"quantityOrdered":0}}]},"currency":"USD"},{"lines":{"items":[{"item":{"href":"https://hydraqa.unicity.net/v5a-test/items/5a38f009bec6c23b1b3a70432f9722e5","id":{"unicity":"19596"}},"quantity":1,"terms":{"priceEach":63,"taxEach":{"amount":0},"discountEach":{"amount":0},"pvEach":30},"quantityLimit":{"quantityQuota":-1,"timeFrameDays":-1,"quantityOrdered":0}}]},"currency":"USD"},{"lines":{"items":[{"item":{"href":"https://hydraqa.unicity.net/v5a-test/items/ddef5f478ff91aa2263b646a3bd03dea","id":{"unicity":"21420"}},"quantity":1,"terms":{"priceEach":31,"taxEach":{"amount":0},"discountEach":{"amount":0},"pvEach":10},"quantityLimit":{"quantityQuota":-1,"timeFrameDays":-1,"quantityOrdered":0}}]},"currency":"USD"},{"lines":{"items":[{"item":{"href":"https://hydraqa.unicity.net/v5a-test/items/55d3b550a17b78175cc5ac565e4266e8","id":{"unicity":"24621"}},"quantity":1,"terms":{"priceEach":26,"taxEach":{"amount":0},"discountEach":{"amount":0},"pvEach":12},"quantityLimit":{"quantityQuota":-1,"timeFrameDays":-1,"quantityOrdered":0}}]},"currency":"USD"},{"lines":{"items":[{"item":{"href":"https://hydraqa.unicity.net/v5a-test/items/9d9d002b0e21b9bd58ad0154a4f781c5","id":{"unicity":"28836"}},"quantity":1,"terms":{"priceEach":75,"taxEach":{"amount":0},"discountEach":{"amount":0},"pvEach":36},"quantityLimit":{"quantityQuota":-1,"timeFrameDays":-1,"quantityOrdered":0}}]},"currency":"USD"},{"lines":{"items":[{"item":{"href":"https://hydraqa.unicity.net/v5a-test/items/399be8efa903b362515c48315ab2afb9","id":{"unicity":"15712"}},"quantity":1,"terms":{"priceEach":28,"taxEach":{"amount":0},"discountEach":{"amount":0},"pvEach":11},"quantityLimit":{"quantityQuota":-1,"timeFrameDays":-1,"quantityOrdered":0}}]},"currency":"USD"},{"lines":{"items":[{"item":{"href":"https://hydraqa.unicity.net/v5a-test/items/d489ec0d50f6e28d5743afc65439631b","id":{"unicity":"0960"}},"quantity":1,"terms":{"priceEach":48,"taxEach":{"amount":0},"discountEach":{"amount":0},"pvEach":23},"quantityLimit":{"quantityQuota":-1,"timeFrameDays":-1,"quantityOrdered":0}}]},"currency":"USD"},{"lines":{"items":[{"item":{"href":"https://hydraqa.unicity.net/v5a-test/items/66839181d7531692a8d886a9da6fb4d6","id":{"unicity":"25369"}},"quantity":1,"terms":{"priceEach":63,"taxEach":{"amount":0},"discountEach":{"amount":0},"pvEach":25},"quantityLimit":{"quantityQuota":-1,"timeFrameDays":-1,"quantityOrdered":0}}]},"currency":"USD"},{"lines":{"items":[{"item":{"href":"https://hydraqa.unicity.net/v5a-test/items/8ed7a8910d5c5335774fa9cfae0e511d","id":{"unicity":"18386"}},"quantity":1,"terms":{"priceEach":35,"taxEach":{"amount":0},"discountEach":{"amount":0},"pvEach":21},"quantityLimit":{"quantityQuota":-1,"timeFrameDays":-1,"quantityOrdered":0}}]},"currency":"USD"},{"lines":{"items":[{"item":{"href":"https://hydraqa.unicity.net/v5a-test/items/3f2d12d7a0e8551fc99fad3bbe1ba633","id":{"unicity":"26567"}},"quantity":1,"terms":{"priceEach":70,"taxEach":{"amount":0},"discountEach":{"amount":0},"pvEach":35},"quantityLimit":{"quantityQuota":-1,"timeFrameDays":-1,"quantityOrdered":0}}]},"currency":"USD"},{"lines":{"items":[{"item":{"href":"https://hydraqa.unicity.net/v5a-test/items/191637167cb3144bd2e8c4615e9ab67e","id":{"unicity":"26568"}},"quantity":1,"terms":{"priceEach":70,"taxEach":{"amount":0},"discountEach":{"amount":0},"pvEach":35},"quantityLimit":{"quantityQuota":-1,"timeFrameDays":-1,"quantityOrdered":0}}]},"currency":"USD"},{"lines":{"items":[{"item":{"href":"https://hydraqa.unicity.net/v5a-test/items/2cefc6a61faaae3455a5adcb0d8fc74f","id":{"unicity":"15907"}},"quantity":1,"terms":{"priceEach":19,"taxEach":{"amount":0},"discountEach":{"amount":0},"pvEach":5},"quantityLimit":{"quantityQuota":-1,"timeFrameDays":-1,"quantityOrdered":0}}]},"currency":"USD"},{"lines":{"items":[{"item":{"href":"https://hydraqa.unicity.net/v5a-test/items/e870d73cd94149d9f6b55de9736c9daa","id":{"unicity":"3107"}},"quantity":1,"terms":{"priceEach":31,"taxEach":{"amount":0},"discountEach":{"amount":0},"pvEach":16},"quantityLimit":{"quantityQuota":-1,"timeFrameDays":-1,"quantityOrdered":0}}]},"currency":"USD"},{"lines":{"items":[{"item":{"href":"https://hydraqa.unicity.net/v5a-test/items/fa2407c91e64e66a72ab45172eb978df","id":{"unicity":"0988"}},"quantity":1,"terms":{"priceEach":47,"taxEach":{"amount":0},"discountEach":{"amount":0},"pvEach":23},"quantityLimit":{"quantityQuota":-1,"timeFrameDays":-1,"quantityOrdered":0}}]},"currency":"USD"},{"lines":{"items":[{"item":{"href":"https://hydraqa.unicity.net/v5a-test/items/40a1044968ea62276f4ba87fd2ef0d8f","id":{"unicity":"12230"}},"quantity":1,"terms":{"priceEach":52,"taxEach":{"amount":0},"discountEach":{"amount":0},"pvEach":18},"quantityLimit":{"quantityQuota":-1,"timeFrameDays":-1,"quantityOrdered":0}}]},"currency":"USD"},{"lines":{"items":[{"item":{"href":"https://hydraqa.unicity.net/v5a-test/items/112b8c39286598b3730f630f371a45f4","id":{"unicity":"27587"}},"quantity":1,"terms":{"priceEach":71,"taxEach":{"amount":0},"discountEach":{"amount":0},"pvEach":33},"quantityLimit":{"quantityQuota":-1,"timeFrameDays":-1,"quantityOrdered":0}}]},"currency":"USD"},{"lines":{"items":[{"item":{"href":"https://hydraqa.unicity.net/v5a-test/items/e218d1cac5f31e7ae4f5876c29c57377","id":{"unicity":"29017"}},"quantity":1,"terms":{"priceEach":49,"taxEach":{"amount":0},"discountEach":{"amount":0},"pvEach":26},"quantityLimit":{"quantityQuota":-1,"timeFrameDays":-1,"quantityOrdered":0}}]},"currency":"USD"},{"lines":{"items":[{"item":{"href":"https://hydraqa.unicity.net/v5a-test/items/25eaf64b36ce31368f17ae789fd9ac5b","id":{"unicity":"29694"}},"quantity":1,"terms":{"priceEach":69,"taxEach":{"amount":0},"discountEach":{"amount":0},"pvEach":33},"quantityLimit":{"quantityQuota":-1,"timeFrameDays":-1,"quantityOrdered":0}}]},"currency":"USD"},{"lines":{"items":[{"item":{"href":"https://hydraqa.unicity.net/v5a-test/items/634f7efb30392b2a919de1355902d975","id":{"unicity":"29408"}},"quantity":1,"terms":{"priceEach":99,"taxEach":{"amount":0},"discountEach":{"amount":0},"pvEach":52},"quantityLimit":{"quantityQuota":-1,"timeFrameDays":-1,"quantityOrdered":0}}]},"currency":"USD"},{"lines":{"items":[{"item":{"href":"https://hydraqa.unicity.net/v5a-test/items/bb5c627f16547cb4f706cef521bca356","id":{"unicity":"29437"}},"quantity":1,"terms":{"priceEach":78,"taxEach":{"amount":0},"discountEach":{"amount":0},"pvEach":36},"quantityLimit":{"quantityQuota":-1,"timeFrameDays":-1,"quantityOrdered":0}}]},"currency":"USD"},{"lines":{"items":[{"item":{"href":"https://hydraqa.unicity.net/v5a-test/items/991cdbb84a495779eb209fb3956a77e4","id":{"unicity":"29183"}},"quantity":1,"terms":{"priceEach":52,"taxEach":{"amount":0},"discountEach":{"amount":0},"pvEach":24},"quantityLimit":{"quantityQuota":-1,"timeFrameDays":-1,"quantityOrdered":0}}]},"currency":"USD"},{"lines":{"items":[{"item":{"href":"https://hydraqa.unicity.net/v5a-test/items/1b0412bea8c0b841c66f65a36aa14108","id":{"unicity":"29191"}},"quantity":1,"terms":{"priceEach":80,"taxEach":{"amount":0},"discountEach":{"amount":0},"pvEach":36},"quantityLimit":{"quantityQuota":-1,"timeFrameDays":-1,"quantityOrdered":0}}]},"currency":"USD"},{"lines":{"items":[{"item":{"href":"https://hydraqa.unicity.net/v5a-test/items/362999101a321b721c87110710ae77b0","id":{"unicity":"29352"}},"quantity":1,"terms":{"priceEach":149,"taxEach":{"amount":0},"discountEach":{"amount":0},"pvEach":80},"quantityLimit":{"quantityQuota":-1,"timeFrameDays":-1,"quantityOrdered":0}}]},"currency":"USD"},{"lines":{"items":[{"item":{"href":"https://hydraqa.unicity.net/v5a-test/items/24ff5bda40c0d0e7eaa511866d052915","id":{"unicity":"29612"}},"quantity":1,"terms":{"priceEach":61,"taxEach":{"amount":0},"discountEach":{"amount":0},"pvEach":30},"quantityLimit":{"quantityQuota":-1,"timeFrameDays":-1,"quantityOrdered":0}}]},"currency":"USD"},{"lines":{"items":[{"item":{"href":"https://hydraqa.unicity.net/v5a-test/items/e0a19d3d676bccfdba0ab3d9f2766359","id":{"unicity":"30350"}},"quantity":1,"terms":{"priceEach":60,"taxEach":{"amount":0},"discountEach":{"amount":0},"pvEach":30},"quantityLimit":{"quantityQuota":-1,"timeFrameDays":-1,"quantityOrdered":0}}]},"currency":"USD"},{"lines":{"items":[{"item":{"href":"https://hydraqa.unicity.net/v5a-test/items/024e696f8b44a1d315006e676604cd31","id":{"unicity":"27395"}},"quantity":1,"terms":{"priceEach":32,"taxEach":{"amount":0},"discountEach":{"amount":0},"pvEach":16},"quantityLimit":{"quantityQuota":-1,"timeFrameDays":-1,"quantityOrdered":0}}]},"currency":"USD"},{"lines":{"items":[{"item":{"href":"https://hydraqa.unicity.net/v5a-test/items/05ca08f3808f126c0cc42154c50fc75c","id":{"unicity":"29440"}},"quantity":1,"terms":{"priceEach":138,"taxEach":{"amount":0},"discountEach":{"amount":0},"pvEach":90},"quantityLimit":{"quantityQuota":-1,"timeFrameDays":-1,"quantityOrdered":0}}]},"currency":"USD"},{"lines":{"items":[{"item":{"href":"https://hydraqa.unicity.net/v5a-test/items/764e2db430d361da99e8f6b70c4d0244","id":{"unicity":"29830"}},"quantity":1,"terms":{"priceEach":20,"taxEach":{"amount":0},"discountEach":{"amount":0},"pvEach":7},"quantityLimit":{"quantityQuota":-1,"timeFrameDays":-1,"quantityOrdered":0}}]},"currency":"USD"},{"lines":{"items":[{"item":{"href":"https://hydraqa.unicity.net/v5a-test/items/035189015384166df518a68ede0299a9","id":{"unicity":"30408"}},"quantity":1,"terms":{"priceEach":101,"taxEach":{"amount":0},"discountEach":{"amount":0},"pvEach":50},"quantityLimit":{"quantityQuota":-1,"timeFrameDays":-1,"quantityOrdered":0}}]},"currency":"USD"},{"lines":{"items":[{"item":{"href":"https://hydraqa.unicity.net/v5a-test/items/b91affa753dd5ee8a9acef4fa7e2c9a7","id":{"unicity":"30414"}},"quantity":1,"terms":{"priceEach":110,"taxEach":{"amount":0},"discountEach":{"amount":0},"pvEach":65},"quantityLimit":{"quantityQuota":-1,"timeFrameDays":-1,"quantityOrdered":0}}]},"currency":"USD"},{"lines":{"items":[{"item":{"href":"https://hydraqa.unicity.net/v5a-test/items/2835b1a78e379486f0ffbfd5fb9f6b0a","id":{"unicity":"30400"}},"quantity":1,"terms":{"priceEach":49,"taxEach":{"amount":0},"discountEach":{"amount":0},"pvEach":28},"quantityLimit":{"quantityQuota":-1,"timeFrameDays":-1,"quantityOrdered":0}}]},"currency":"USD"},{"lines":{"items":[{"item":{"href":"https://hydraqa.unicity.net/v5a-test/items/0e78fbdfebef11cd62f8d2120064ee58","id":{"unicity":"30280"}},"quantity":1,"terms":{"priceEach":52,"taxEach":{"amount":0},"discountEach":{"amount":0},"pvEach":24},"quantityLimit":{"quantityQuota":-1,"timeFrameDays":-1,"quantityOrdered":0}}]},"currency":"USD"},{"lines":{"items":[{"item":{"href":"https://hydraqa.unicity.net/v5a-test/items/5bda067b70c43971650a6ef983f612e4","id":{"unicity":"31728"}},"quantity":1,"terms":{"priceEach":160,"taxEach":{"amount":0},"discountEach":{"amount":0},"pvEach":94},"quantityLimit":{"quantityQuota":-1,"timeFrameDays":-1,"quantityOrdered":0}}]},"currency":"USD"},{"lines":{"items":[{"item":{"href":"https://hydraqa.unicity.net/v5a-test/items/00c2eb70c985722ce208490aece00945","id":{"unicity":"31729"}},"quantity":1,"terms":{"priceEach":170,"taxEach":{"amount":0},"discountEach":{"amount":0},"pvEach":100},"quantityLimit":{"quantityQuota":-1,"timeFrameDays":-1,"quantityOrdered":0}}]},"currency":"USD"},{"lines":{"items":[{"item":{"href":"https://hydraqa.unicity.net/v5a-test/items/693a7c4a70b06a00471afe8d6cae5023","id":{"unicity":"31730"}},"quantity":1,"terms":{"priceEach":150,"taxEach":{"amount":0},"discountEach":{"amount":0},"pvEach":80},"quantityLimit":{"quantityQuota":-1,"timeFrameDays":-1,"quantityOrdered":0}}]},"currency":"USD"},{"lines":{"items":[{"item":{"href":"https://hydraqa.unicity.net/v5a-test/items/ccb242d74dcb1fe621cc7bfe1b1de315","id":{"unicity":"31731"}},"quantity":1,"terms":{"priceEach":112,"taxEach":{"amount":0},"discountEach":{"amount":0},"pvEach":60},"quantityLimit":{"quantityQuota":-1,"timeFrameDays":-1,"quantityOrdered":0}}]},"currency":"USD"},{"lines":{"items":[{"item":{"href":"https://hydraqa.unicity.net/v5a-test/items/3875e24e6b6ebdf36c79d205614ed51e","id":{"unicity":"31846"}},"quantity":1,"terms":{"priceEach":160,"taxEach":{"amount":0},"discountEach":{"amount":0},"pvEach":94},"quantityLimit":{"quantityQuota":-1,"timeFrameDays":-1,"quantityOrdered":0}}]},"currency":"USD"},{"lines":{"items":[{"item":{"href":"https://hydraqa.unicity.net/v5a-test/items/89b6d29a85a88d44d65bc8cca3fefc65","id":{"unicity":"31845"}},"quantity":1,"terms":{"priceEach":170,"taxEach":{"amount":0},"discountEach":{"amount":0},"pvEach":100},"quantityLimit":{"quantityQuota":-1,"timeFrameDays":-1,"quantityOrdered":0}}]},"currency":"USD"},{"lines":{"items":[{"item":{"href":"https://hydraqa.unicity.net/v5a-test/items/fbb319232b7eed110794d46a68302acb","id":{"unicity":"31847"}},"quantity":1,"terms":{"priceEach":150,"taxEach":{"amount":0},"discountEach":{"amount":0},"pvEach":80},"quantityLimit":{"quantityQuota":-1,"timeFrameDays":-1,"quantityOrdered":0}}]},"currency":"USD"},{"lines":{"items":[{"item":{"href":"https://hydraqa.unicity.net/v5a-test/items/cf8460040a1860bcabf250b6c1171675","id":{"unicity":"31858"}},"quantity":1,"terms":{"priceEach":330,"taxEach":{"amount":0},"discountEach":{"amount":0},"pvEach":195},"quantityLimit":{"quantityQuota":-1,"timeFrameDays":-1,"quantityOrdered":0}}]},"currency":"USD"},{"lines":{"items":[{"item":{"href":"https://hydraqa.unicity.net/v5a-test/items/2de8516a24af8232add0bb392e750a71","id":{"unicity":"31859"}},"quantity":1,"terms":{"priceEach":225,"taxEach":{"amount":0},"discountEach":{"amount":0},"pvEach":130},"quantityLimit":{"quantityQuota":-1,"timeFrameDays":-1,"quantityOrdered":0}}]},"currency":"USD"},{"lines":{"items":[{"item":{"href":"https://hydraqa.unicity.net/v5a-test/items/077823d29445b9020de9931f10c63efd","id":{"unicity":"31958"}},"quantity":1,"terms":{"priceEach":160,"taxEach":{"amount":0},"discountEach":{"amount":0},"pvEach":85},"quantityLimit":{"quantityQuota":-1,"timeFrameDays":-1,"quantityOrdered":0}}]},"currency":"USD"},{"lines":{"items":[{"item":{"href":"https://hydraqa.unicity.net/v5a-test/items/bfddb53fe0d5ed5432c531dc9850cbe4","id":{"unicity":"29449"}},"quantity":1,"terms":{"priceEach":43,"taxEach":{"amount":0},"discountEach":{"amount":0},"pvEach":25},"quantityLimit":{"quantityQuota":-1,"timeFrameDays":-1,"quantityOrdered":0}}]},"currency":"USD"},{"lines":{"items":[{"item":{"href":"https://hydraqa.unicity.net/v5a-test/items/7fc100f8d20814757efe2d79e41b315c","id":{"unicity":"32021"}},"quantity":1,"terms":{"priceEach":104,"taxEach":{"amount":0},"discountEach":{"amount":0},"pvEach":60},"quantityLimit":{"quantityQuota":-1,"timeFrameDays":-1,"quantityOrdered":0}}]},"currency":"USD"},{"lines":{"items":[{"item":{"href":"https://hydraqa.unicity.net/v5a-test/items/50747027a065cb8361c1f0d6eb880466","id":{"unicity":"32030"}},"quantity":1,"terms":{"priceEach":179,"taxEach":{"amount":0},"discountEach":{"amount":0},"pvEach":102},"quantityLimit":{"quantityQuota":-1,"timeFrameDays":-1,"quantityOrdered":0}}]},"currency":"USD"},{"lines":{"items":[{"item":{"href":"https://hydraqa.unicity.net/v5a-test/items/c201dcd36f4bb7e17e7a8481ef08d6f2","id":{"unicity":"31518"}},"quantity":1,"terms":{"priceEach":38,"taxEach":{"amount":0},"discountEach":{"amount":0},"pvEach":14},"quantityLimit":{"quantityQuota":-1,"timeFrameDays":-1,"quantityOrdered":0}}]},"currency":"USD"},{"lines":{"items":[{"item":{"href":"https://hydraqa.unicity.net/v5a-test/items/bed533c634e887357ff031d8e4c776b0","id":{"unicity":"31751"}},"quantity":1,"terms":{"priceEach":115,"taxEach":{"amount":0},"discountEach":{"amount":0},"pvEach":50},"quantityLimit":{"quantityQuota":-1,"timeFrameDays":-1,"quantityOrdered":0}}]},"currency":"USD"},{"lines":{"items":[{"item":{"href":"https://hydraqa.unicity.net/v5a-test/items/69461244686345ba75765978ef53c749","id":{"unicity":"32015"}},"quantity":1,"terms":{"priceEach":6.95,"taxEach":{"amount":0},"discountEach":{"amount":0},"pvEach":0},"quantityLimit":{"quantityQuota":-1,"timeFrameDays":-1,"quantityOrdered":0}}]},"currency":"USD"},{"lines":{"items":[{"item":{"href":"https://hydraqa.unicity.net/v5a-test/items/c674cdded8a54983aae3c5dcb32c9e38","id":{"unicity":"32628"}},"quantity":1,"terms":{"priceEach":89,"taxEach":{"amount":0},"discountEach":{"amount":0},"pvEach":50},"quantityLimit":{"quantityQuota":-1,"timeFrameDays":-1,"quantityOrdered":0}}]},"currency":"USD"},{"lines":{"items":[{"item":{"href":"https://hydraqa.unicity.net/v5a-test/items/69d8547e9e264505ce055e09920659fd","id":{"unicity":"33019"}},"quantity":1,"terms":{"priceEach":210,"taxEach":{"amount":0},"discountEach":{"amount":0},"pvEach":151},"quantityLimit":{"quantityQuota":-1,"timeFrameDays":-1,"quantityOrdered":0}}]},"currency":"USD"},{"lines":{"items":[{"item":{"href":"https://hydraqa.unicity.net/v5a-test/items/30b5c0f54df52286b3d87a6a1dfd314a","id":{"unicity":"33018"}},"quantity":1,"terms":{"priceEach":227,"taxEach":{"amount":0},"discountEach":{"amount":0},"pvEach":133},"quantityLimit":{"quantityQuota":-1,"timeFrameDays":-1,"quantityOrdered":0}}]},"currency":"USD"},{"lines":{"items":[{"item":{"href":"https://hydraqa.unicity.net/v5a-test/items/16a422e03f6e3a79ba7bcd7fd50e31c0","id":{"unicity":"33017"}},"quantity":1,"terms":{"priceEach":166,"taxEach":{"amount":0},"discountEach":{"amount":0},"pvEach":110},"quantityLimit":{"quantityQuota":-1,"timeFrameDays":-1,"quantityOrdered":0}}]},"currency":"USD"},{"lines":{"items":[{"item":{"href":"https://hydraqa.unicity.net/v5a-test/items/30f2eb8ab275ef57ae8082b3435a3d69","id":{"unicity":"33016"}},"quantity":1,"terms":{"priceEach":220,"taxEach":{"amount":0},"discountEach":{"amount":0},"pvEach":142},"quantityLimit":{"quantityQuota":-1,"timeFrameDays":-1,"quantityOrdered":0}}]},"currency":"USD"},{"lines":{"items":[{"item":{"href":"https://hydraqa.unicity.net/v5a-test/items/e30d5100db17be47578745dce83039e6","id":{"unicity":"32838"}},"quantity":1,"terms":{"priceEach":14.95,"taxEach":{"amount":0},"discountEach":{"amount":0},"pvEach":0},"quantityLimit":{"quantityQuota":-1,"timeFrameDays":-1,"quantityOrdered":0}}]},"currency":"USD"}]}
Entry request : {"order":{"customer":{"href":"https://hydraqa.unicity.net/v5a-test/customers?type=PreferredCustomer"},"shipToAddress":{"country":"US"}},"vary":{"lines":{"items":[{"item":{"href":"https://hydraqa.unicity.net/v5a-test/items?id.unicity=26580|31440|31441|27801|0963|15129|15271|15880|17174|22745|22747|23728|24758|25022|26550|26556|26557|26560|26561|26562|27615|27739|24418|27585|25008|26442|6200|15916|18908|24785|26552|27028|0954|18401|27029|26559|19596|26945|21420|24621|28836|15712|0960|25369|18386|26567|26568|15907|28513|3107|0988|12230|26950|26786|27587|29017|29694|29408|29437|29183|29191|29352|29612|30350|27395|29440|29830|30408|30414|30400|30280|31314|31728|31729|31730|31731|31846|31845|31847|31858|31859|31958|29449|32021|32030|31518|31751|32015|32628|33019|33018|33017|33016|32838|33476|26555"}}]}}}
Request URL: https://hydraqa.unicity.net/v5a-test/customers.js?_httpMethod=HEAD&callback=angular.callbacks._1&email=ZKQPUM@gmail.com
Unicity [Date=Thu, 10 Dec 2020 19:55:51 GMT, Content-Type=text/javascript; charset=utf-8, Content-Length=383, Connection=keep-alive, Set-Cookie=__cfduid=de26163381bae404a6a8e3100ec146de41607630149; expires=Sat, 09-Jan-21 19:55:49 GMT; path=/; domain=.unicity.net; HttpOnly; SameSite=Lax, x-powered-by=Express, x-request-id=3c3fea68-7671-989f-afa3-23715e988a84,3c3fea68-7671-989f-afa3-23715e988a84, x-request-uuid=3c3fea68-7671-989f-afa3-23715e988a84, x-request-release=5-2020120801/master, access-control-allow-origin=http://enroll.ng.unicityqa.com, vary=Accept-Encoding, link=<http://unicity.github.io/Hydra.php/docs/v5/>; rel="help", cache-control=no-cache, must-revalidate, expires=0, content-language=en-US, x-status-code=400, content-encoding=gzip, x-envoy-upstream-service-time=1099, etag=W/"17f-QPmXWWSzPvxC/S6R45Q0KdB+evI", access-control-expose-headers=x-b3-traceid, x-request-id, x-b3-traceid=e774ceada1b77e13, CF-Cache-Status=DYNAMIC, cf-request-id=06efd2702e0000ed7b2101e000000001, Expect-CT=max-age=604800, report-uri="https://report-uri.cloudflare.com/cdn-cgi/beacon/expect-ct", Server=cloudflare, CF-RAY=5ff986937bebed7b-SJC]
Unicity [Date=Thu, 10 Dec 2020 19:55:51 GMT, Content-Type=text/javascript; charset=utf-8, Content-Length=381, Connection=keep-alive, Set-Cookie=__cfduid=d2536513710ee10fa544fbc458f46d8fe1607630149; expires=Sat, 09-Jan-21 19:55:49 GMT; path=/; domain=.unicity.net; HttpOnly; SameSite=Lax, x-powered-by=Express, x-request-id=952becc8-3167-99b0-9b6c-5cb32dafb487,952becc8-3167-99b0-9b6c-5cb32dafb487, x-request-uuid=952becc8-3167-99b0-9b6c-5cb32dafb487, x-request-release=5-2020120801/master, access-control-allow-origin=http://enroll.ng.unicityqa.com, vary=Accept-Encoding, link=<http://unicity.github.io/Hydra.php/docs/v5/>; rel="help", cache-control=no-cache, must-revalidate, expires=0, content-language=en-US, x-status-code=400, content-encoding=gzip, x-envoy-upstream-service-time=756, etag=W/"17d-WfAElnHfw//wfdjnqfAMNIXioAI", access-control-expose-headers=x-b3-traceid, x-request-id, x-b3-traceid=db19091aff6f6ffb, CF-Cache-Status=DYNAMIC, cf-request-id=06efd27127000002dfb8b0b000000001, Expect-CT=max-age=604800, report-uri="https://report-uri.cloudflare.com/cdn-cgi/beacon/expect-ct", Server=cloudflare, CF-RAY=5ff986950fb502df-SJC]
Unicity [Date=Thu, 10 Dec 2020 19:55:51 GMT, Content-Type=text/javascript; charset=utf-8, Content-Length=384, Connection=keep-alive, Set-Cookie=__cfduid=d7a282a8ef68fac1dcb9753b8600556eb1607630150; expires=Sat, 09-Jan-21 19:55:50 GMT; path=/; domain=.unicity.net; HttpOnly; SameSite=Lax, x-powered-by=Express, x-request-id=a527fb99-db61-9903-bd5d-3ec3b1f2b9e3,a527fb99-db61-9903-bd5d-3ec3b1f2b9e3, x-request-uuid=a527fb99-db61-9903-bd5d-3ec3b1f2b9e3, x-request-release=5-2020120801/master, access-control-allow-origin=http://enroll.ng.unicityqa.com, vary=Accept-Encoding, link=<http://unicity.github.io/Hydra.php/docs/v5/>; rel="help", cache-control=no-cache, must-revalidate, expires=0, content-language=en-US, x-status-code=400, content-encoding=gzip, x-envoy-upstream-service-time=700, etag=W/"180-6JJkZPEeimCbMDZ8hNU0QeY5ouM", access-control-expose-headers=x-b3-traceid, x-request-id, x-b3-traceid=6c56da5ae220ba95, CF-Cache-Status=DYNAMIC, cf-request-id=06efd2748f0000212df33ab000000001, Expect-CT=max-age=604800, report-uri="https://report-uri.cloudflare.com/cdn-cgi/beacon/expect-ct", Server=cloudflare, CF-RAY=5ff9869a7b3a212d-SJC]
Unicity [Date=Thu, 10 Dec 2020 19:55:52 GMT, Content-Type=text/javascript; charset=utf-8, Content-Length=382, Connection=keep-alive, Set-Cookie=__cfduid=da8135ab4ae32fecc82b10804c19db6701607630151; expires=Sat, 09-Jan-21 19:55:51 GMT; path=/; domain=.unicity.net; HttpOnly; SameSite=Lax, x-powered-by=Express, x-request-id=66ce619e-cadf-97c1-8410-a25649b80ecb,66ce619e-cadf-97c1-8410-a25649b80ecb, x-request-uuid=66ce619e-cadf-97c1-8410-a25649b80ecb, x-request-release=5-2020120801/master, access-control-allow-origin=http://enroll.ng.unicityqa.com, vary=Accept-Encoding, link=<http://unicity.github.io/Hydra.php/docs/v5/>; rel="help", cache-control=no-cache, must-revalidate, expires=0, content-language=en-US, x-status-code=400, content-encoding=gzip, x-envoy-upstream-service-time=652, etag=W/"17e-zB0KLymfv4zNzZEhcTaol9fhcpc", access-control-expose-headers=x-b3-traceid, x-request-id, x-b3-traceid=baed8d6ce81e1f22, CF-Cache-Status=DYNAMIC, cf-request-id=06efd275e70000ed7bda8f3000000001, Expect-CT=max-age=604800, report-uri="https://report-uri.cloudflare.com/cdn-cgi/beacon/expect-ct", Server=cloudflare, CF-RAY=5ff9869ca956ed7b-SJC]
Unicity [Date=Thu, 10 Dec 2020 19:55:52 GMT, Content-Type=text/javascript; charset=utf-8, Content-Length=381, Connection=keep-alive, Set-Cookie=__cfduid=debfed25b305e07f817b066ddb23070e31607630152; expires=Sat, 09-Jan-21 19:55:52 GMT; path=/; domain=.unicity.net; HttpOnly; SameSite=Lax, x-powered-by=Express, x-request-id=921e283e-47f1-97f6-854b-d80d78032a37,921e283e-47f1-97f6-854b-d80d78032a37, x-request-uuid=921e283e-47f1-97f6-854b-d80d78032a37, x-request-release=5-2020120801/master, access-control-allow-origin=http://enroll.ng.unicityqa.com, vary=Accept-Encoding, link=<http://unicity.github.io/Hydra.php/docs/v5/>; rel="help", cache-control=no-cache, must-revalidate, expires=0, content-language=en-US, x-status-code=400, content-encoding=gzip, x-envoy-upstream-service-time=670, etag=W/"17d-NzqjEsfj5naVyOkVUz2AgVH4dzc", access-control-expose-headers=x-b3-traceid, x-request-id, x-b3-traceid=d237c11f60b280e0, CF-Cache-Status=DYNAMIC, cf-request-id=06efd2798c000002df62352000000001, Expect-CT=max-age=604800, report-uri="https://report-uri.cloudflare.com/cdn-cgi/beacon/expect-ct", Server=cloudflare, CF-RAY=5ff986a27e3e02df-SJC]
Unicity [Date=Thu, 10 Dec 2020 19:55:53 GMT, Content-Type=text/javascript; charset=utf-8, Content-Length=381, Connection=keep-alive, Set-Cookie=__cfduid=d4abb6172785725ae450cea38711a81761607630152; expires=Sat, 09-Jan-21 19:55:52 GMT; path=/; domain=.unicity.net; HttpOnly; SameSite=Lax, x-powered-by=Express, x-request-id=c3fae63f-b736-9212-bbbb-7b3f45311ed7,c3fae63f-b736-9212-bbbb-7b3f45311ed7, x-request-uuid=c3fae63f-b736-9212-bbbb-7b3f45311ed7, x-request-release=5-2020120801/master, access-control-allow-origin=http://enroll.ng.unicityqa.com, vary=Accept-Encoding, link=<http://unicity.github.io/Hydra.php/docs/v5/>; rel="help", cache-control=no-cache, must-revalidate, expires=0, content-language=en-US, x-status-code=400, content-encoding=gzip, x-envoy-upstream-service-time=686, etag=W/"17d-CXiidIC6YC1eHfyKov1L2E2IPbs", access-control-expose-headers=x-b3-traceid, x-request-id, x-b3-traceid=13589e5c41552412, CF-Cache-Status=DYNAMIC, cf-request-id=06efd27b9b0000212df53d9000000001, Expect-CT=max-age=604800, report-uri="https://report-uri.cloudflare.com/cdn-cgi/beacon/expect-ct", Server=cloudflare, CF-RAY=5ff986a5c963212d-SJC]
Unicity [Date=Thu, 10 Dec 2020 19:55:55 GMT, Content-Type=text/javascript; charset=utf-8, Content-Length=382, Connection=keep-alive, Set-Cookie=__cfduid=d834e79a583a8d2eeff5c75f83a54df2c1607630154; expires=Sat, 09-Jan-21 19:55:54 GMT; path=/; domain=.unicity.net; HttpOnly; SameSite=Lax, x-powered-by=Express, x-request-id=b4bc13aa-0e19-940c-b14d-907d316ef111,b4bc13aa-0e19-940c-b14d-907d316ef111, x-request-uuid=b4bc13aa-0e19-940c-b14d-907d316ef111, x-request-release=5-2020120801/master, access-control-allow-origin=http://enroll.ng.unicityqa.com, vary=Accept-Encoding, link=<http://unicity.github.io/Hydra.php/docs/v5/>; rel="help", cache-control=no-cache, must-revalidate, expires=0, content-language=en-US, x-status-code=400, content-encoding=gzip, x-envoy-upstream-service-time=758, etag=W/"17e-kJoJ1jsODzdhtK2b9JcIe/8To5w", access-control-expose-headers=x-b3-traceid, x-request-id, x-b3-traceid=3b14cd30aca4848b, CF-Cache-Status=DYNAMIC, cf-request-id=06efd2838300009605f7b5e000000001, Expect-CT=max-age=604800, report-uri="https://report-uri.cloudflare.com/cdn-cgi/beacon/expect-ct", Server=cloudflare, CF-RAY=5ff986b26d919605-SJC]
Request URL: https://hydraqa.unicity.net/v5a-test/addresses?country=US&zip=84097
Entry response : {"items":[{"city":"Orem","state":"UT"}]}
]]></system-out>
    <system-err><![CDATA[Starting ChromeDriver 2.36.540470 (e522d04694c7ebea4ba8821272dbef4f9b818c91) on port 9740
Only local connections are allowed.
Dec 10, 2020 12:53:26 PM org.openqa.selenium.remote.ProtocolHandshake createSession
INFO: Detected dialect: OSS
]]></system-err>
  </testcase>
  <testcase name="Enroll" classname="Tests.PrefferedCustomer" time="196.56">
    <failure message="Major Market expected [CA] but found [null]" type="java.lang.AssertionError">java.lang.AssertionError: Major Market expected [CA] but found [null]
	at Tests.PrefferedCustomer.Enroll(PrefferedCustomer.java:104)
</failure>
    <system-out><![CDATA[Request URL: https://hydraqa.unicity.net/v5a-test/quotes?&expand=item
Entry Quotes response : {"items":[{"lines":{"items":[{"item":{"href":"https://hydraqa.unicity.net/v5a-test/items/bb1a7c3a2902e2cbc4cb2a22fdf1f499","id":{"unicity":"26993"}},"quantity":1,"terms":{"priceEach":284,"taxEach":{"amount":0},"discountEach":{"amount":0},"pvEach":150},"quantityLimit":{"quantityQuota":-1,"timeFrameDays":-1,"quantityOrdered":0}}]},"currency":"CAD"},{"lines":{"items":[{"item":{"href":"https://hydraqa.unicity.net/v5a-test/items/4b1b6b6007d154296fd6c4044c789f67","id":{"unicity":"28329"}},"quantity":1,"terms":{"priceEach":284,"taxEach":{"amount":0},"discountEach":{"amount":0},"pvEach":150},"quantityLimit":{"quantityQuota":-1,"timeFrameDays":-1,"quantityOrdered":0}}]},"currency":"CAD"},{"lines":{"items":[{"item":{"href":"https://hydraqa.unicity.net/v5a-test/items/576e0ebc8d1f5b26fc89bf3cd47a26c6","id":{"unicity":"26572"}},"quantity":1,"terms":{"priceEach":110,"taxEach":{"amount":0},"discountEach":{"amount":0},"pvEach":56},"quantityLimit":{"quantityQuota":-1,"timeFrameDays":-1,"quantityOrdered":0}}]},"currency":"CAD"},{"lines":{"items":[{"item":{"href":"https://hydraqa.unicity.net/v5a-test/items/46ea1edabdcf18f49817c437346958eb","id":{"unicity":"29147"}},"quantity":1,"terms":{"priceEach":85,"taxEach":{"amount":0},"discountEach":{"amount":0},"pvEach":33},"quantityLimit":{"quantityQuota":-1,"timeFrameDays":-1,"quantityOrdered":0}}]},"currency":"CAD"},{"lines":{"items":[{"item":{"href":"https://hydraqa.unicity.net/v5a-test/items/e77144fa2fcf6a4dc73c15b4d615c1aa","id":{"unicity":"28437"}},"quantity":1,"terms":{"priceEach":85,"taxEach":{"amount":0},"discountEach":{"amount":0},"pvEach":33},"quantityLimit":{"quantityQuota":-1,"timeFrameDays":-1,"quantityOrdered":0}}]},"currency":"CAD"},{"lines":{"items":[{"item":{"href":"https://hydraqa.unicity.net/v5a-test/items/8407b62b9c4120aa3dfe25c9feb76e4a","id":{"unicity":"28591"}},"quantity":1,"terms":{"priceEach":24,"taxEach":{"amount":0},"discountEach":{"amount":0},"pvEach":15},"quantityLimit":{"quantityQuota":-1,"timeFrameDays":-1,"quantityOrdered":0}}]},"currency":"CAD"},{"lines":{"items":[{"item":{"href":"https://hydraqa.unicity.net/v5a-test/items/10da226fab00279b4f89df10af2a10b7","id":{"unicity":"26442"}},"quantity":1,"terms":{"priceEach":10,"taxEach":{"amount":0},"discountEach":{"amount":0},"pvEach":0},"quantityLimit":{"quantityQuota":-1,"timeFrameDays":-1,"quantityOrdered":0}}]},"currency":"CAD"},{"lines":{"items":[{"item":{"href":"https://hydraqa.unicity.net/v5a-test/items/60b5ca15c481444657970edde11b04ce","id":{"unicity":"26571"}},"quantity":1,"terms":{"priceEach":110,"taxEach":{"amount":0},"discountEach":{"amount":0},"pvEach":56},"quantityLimit":{"quantityQuota":-1,"timeFrameDays":-1,"quantityOrdered":0}}]},"currency":"CAD"},{"lines":{"items":[{"item":{"href":"https://hydraqa.unicity.net/v5a-test/items/2ffc1563d3d0fd7121ca5b1c2184988e","id":{"unicity":"28428"}},"quantity":1,"terms":{"priceEach":111,"taxEach":{"amount":0},"discountEach":{"amount":0},"pvEach":62},"quantityLimit":{"quantityQuota":-1,"timeFrameDays":-1,"quantityOrdered":0}}]},"currency":"CAD"},{"lines":{"items":[{"item":{"href":"https://hydraqa.unicity.net/v5a-test/items/637af131553f5822bef2bb0f0577b2e9","id":{"unicity":"28160"}},"quantity":1,"terms":{"priceEach":118,"taxEach":{"amount":0},"discountEach":{"amount":0},"pvEach":62},"quantityLimit":{"quantityQuota":-1,"timeFrameDays":-1,"quantityOrdered":0}}]},"currency":"CAD"},{"lines":{"items":[{"item":{"href":"https://hydraqa.unicity.net/v5a-test/items/c4744f6ba328b983bfffc7e1e4416ff3","id":{"unicity":"26565"}},"quantity":1,"terms":{"priceEach":117,"taxEach":{"amount":0},"discountEach":{"amount":0},"pvEach":64},"quantityLimit":{"quantityQuota":-1,"timeFrameDays":-1,"quantityOrdered":0}}]},"currency":"CAD"},{"lines":{"items":[{"item":{"href":"https://hydraqa.unicity.net/v5a-test/items/fe97499574f54ccd16daec7361208411","id":{"unicity":"26570"}},"quantity":1,"terms":{"priceEach":26,"taxEach":{"amount":0},"discountEach":{"amount":0},"pvEach":13},"quantityLimit":{"quantityQuota":-1,"timeFrameDays":-1,"quantityOrdered":0}}]},"currency":"CAD"},{"lines":{"items":[{"item":{"href":"https://hydraqa.unicity.net/v5a-test/items/ae14f4659032c9e8591a7ac76abd1ad5","id":{"unicity":"26569"}},"quantity":1,"terms":{"priceEach":50,"taxEach":{"amount":0},"discountEach":{"amount":0},"pvEach":30},"quantityLimit":{"quantityQuota":-1,"timeFrameDays":-1,"quantityOrdered":0}}]},"currency":"CAD"},{"lines":{"items":[{"item":{"href":"https://hydraqa.unicity.net/v5a-test/items/351c19047c5c800d2db6963b3af5df78","id":{"unicity":"27080"}},"quantity":1,"terms":{"priceEach":67,"taxEach":{"amount":0},"discountEach":{"amount":0},"pvEach":35},"quantityLimit":{"quantityQuota":-1,"timeFrameDays":-1,"quantityOrdered":0}}]},"currency":"CAD"},{"lines":{"items":[{"item":{"href":"https://hydraqa.unicity.net/v5a-test/items/f847ce37f5942a226f74e671c86709f8","id":{"unicity":"28787"}},"quantity":1,"terms":{"priceEach":39,"taxEach":{"amount":0},"discountEach":{"amount":0},"pvEach":17},"quantityLimit":{"quantityQuota":-1,"timeFrameDays":-1,"quantityOrdered":0}}]},"currency":"CAD"},{"lines":{"items":[{"item":{"href":"https://hydraqa.unicity.net/v5a-test/items/b24413d1812bb9c95ba6ff7e26bad8ff","id":{"unicity":"26566"}},"quantity":1,"terms":{"priceEach":54,"taxEach":{"amount":0},"discountEach":{"amount":0},"pvEach":32},"quantityLimit":{"quantityQuota":-1,"timeFrameDays":-1,"quantityOrdered":0}}]},"currency":"CAD"},{"lines":{"items":[{"item":{"href":"https://hydraqa.unicity.net/v5a-test/items/6e0e7450f45cb9412e5b4642dd1469cb","id":{"unicity":"26579"}},"quantity":1,"terms":{"priceEach":24,"taxEach":{"amount":0},"discountEach":{"amount":0},"pvEach":13},"quantityLimit":{"quantityQuota":-1,"timeFrameDays":-1,"quantityOrdered":0}}]},"currency":"CAD"},{"lines":{"items":[{"item":{"href":"https://hydraqa.unicity.net/v5a-test/items/828f9b5bdbceaa7cd3ca6a4532632635","id":{"unicity":"19356"}},"quantity":1,"terms":{"priceEach":41,"taxEach":{"amount":0},"discountEach":{"amount":0},"pvEach":21},"quantityLimit":{"quantityQuota":-1,"timeFrameDays":-1,"quantityOrdered":0}}]},"currency":"CAD"},{"lines":{"items":[{"item":{"href":"https://hydraqa.unicity.net/v5a-test/items/cb1cb2d293cc48affee9b2026c31313a","id":{"unicity":"28928"}},"quantity":1,"terms":{"priceEach":47,"taxEach":{"amount":0},"discountEach":{"amount":0},"pvEach":13},"quantityLimit":{"quantityQuota":-1,"timeFrameDays":-1,"quantityOrdered":0}}]},"currency":"CAD"},{"lines":{"items":[{"item":{"href":"https://hydraqa.unicity.net/v5a-test/items/a40ede5f6847ec094ad8a38616ced7d0","id":{"unicity":"28100"}},"quantity":1,"terms":{"priceEach":46,"taxEach":{"amount":0},"discountEach":{"amount":0},"pvEach":25},"quantityLimit":{"quantityQuota":-1,"timeFrameDays":-1,"quantityOrdered":0}}]},"currency":"CAD"},{"lines":{"items":[{"item":{"href":"https://hydraqa.unicity.net/v5a-test/items/1b0412bea8c0b841c66f65a36aa14108","id":{"unicity":"29191"}},"quantity":1,"terms":{"priceEach":104,"taxEach":{"amount":0},"discountEach":{"amount":0},"pvEach":36},"quantityLimit":{"quantityQuota":-1,"timeFrameDays":-1,"quantityOrdered":0}}]},"currency":"CAD"},{"lines":{"items":[{"item":{"href":"https://hydraqa.unicity.net/v5a-test/items/e84750c27b2b9f10e6b4d2ab5a1954ba","id":{"unicity":"30115"}},"quantity":1,"terms":{"priceEach":137,"taxEach":{"amount":0},"discountEach":{"amount":0},"pvEach":56},"quantityLimit":{"quantityQuota":-1,"timeFrameDays":-1,"quantityOrdered":0}}]},"currency":"CAD"},{"lines":{"items":[{"item":{"href":"https://hydraqa.unicity.net/v5a-test/items/42d7ab6b9834716f6ebdd66f1a86d7b1","id":{"unicity":"30980"}},"quantity":1,"terms":{"priceEach":25,"taxEach":{"amount":0},"discountEach":{"amount":0},"pvEach":8},"quantityLimit":{"quantityQuota":-1,"timeFrameDays":-1,"quantityOrdered":0}}]},"currency":"CAD"},{"lines":{"items":[{"item":{"href":"https://hydraqa.unicity.net/v5a-test/items/0e78fbdfebef11cd62f8d2120064ee58","id":{"unicity":"30280"}},"quantity":1,"terms":{"priceEach":69,"taxEach":{"amount":0},"discountEach":{"amount":0},"pvEach":24},"quantityLimit":{"quantityQuota":-1,"timeFrameDays":-1,"quantityOrdered":0}}]},"currency":"CAD"},{"lines":{"items":[{"item":{"href":"https://hydraqa.unicity.net/v5a-test/items/5c430db0256426c4b730bc6994a94a02","id":{"unicity":"31773"}},"quantity":1,"terms":{"priceEach":34,"taxEach":{"amount":0},"discountEach":{"amount":0},"pvEach":13},"quantityLimit":{"quantityQuota":-1,"timeFrameDays":-1,"quantityOrdered":0}}]},"currency":"CAD"},{"lines":{"items":[{"item":{"href":"https://hydraqa.unicity.net/v5a-test/items/cfc721c9fb00317ed614492f65f21460","id":{"unicity":"31288"}},"quantity":1,"terms":{"priceEach":59,"taxEach":{"amount":0},"discountEach":{"amount":0},"pvEach":30},"quantityLimit":{"quantityQuota":-1,"timeFrameDays":-1,"quantityOrdered":0}}]},"currency":"CAD"},{"lines":{"items":[{"item":{"href":"https://hydraqa.unicity.net/v5a-test/items/4916b998c4d0c83c68449a17ea6c1e4c","id":{"unicity":"33457"}},"quantity":1,"terms":{"priceEach":221,"taxEach":{"amount":0},"discountEach":{"amount":0},"pvEach":116},"quantityLimit":{"quantityQuota":-1,"timeFrameDays":-1,"quantityOrdered":0}}]},"currency":"CAD"}]}
Entry request : {"order":{"customer":{"href":"https://hydraqa.unicity.net/v5a-test/customers?type=PreferredCustomer"},"shipToAddress":{"country":"CA"}},"vary":{"lines":{"items":[{"item":{"href":"https://hydraqa.unicity.net/v5a-test/items?id.unicity=26993|31440|31442|27184|28325|28327|28329|26572|29449|29147|28437|28591|26580|26442|28370|26571|28326|28328|26994|26995|28330|28331|28428|28160|26565|26570|26569|27589|27080|28787|26566|26579|19356|28928|20436|28100|28845|29183|29185|29191|30115|30980|31110|30280|31773|31288|33457|30136|31849"}}]}}}
Request URL: https://hydraqa.unicity.net/v5a-test/customers.js?callback=angular.callbacks._1&expand=customer,profilePicture&id.unicity=2
Request URL: https://hydraqa.unicity.net/v5a-test/customers.js?_httpMethod=HEAD&callback=angular.callbacks._4&email=INXHKO@gmail.com
Unicity [Date=Thu, 10 Dec 2020 19:58:59 GMT, Content-Type=text/javascript; charset=utf-8, Content-Length=1159, Connection=keep-alive, Set-Cookie=__cfduid=dac8bcc3e746c17d9d51e6b8f12ae73051607630336; expires=Sat, 09-Jan-21 19:58:56 GMT; path=/; domain=.unicity.net; HttpOnly; SameSite=Lax, x-powered-by=Express, x-request-id=e096cba8-d162-900e-910a-fd9111af6b83,e096cba8-d162-900e-910a-fd9111af6b83, x-request-uuid=e096cba8-d162-900e-910a-fd9111af6b83, x-request-release=5-2020120801/master, access-control-allow-origin=http://enroll.ng.unicityqa.com, vary=Accept-Encoding, link=<http://unicity.github.io/Hydra.php/docs/v5/>; rel="help", cache-control=no-cache, must-revalidate, expires=0, content-language=en-US, x-status-code=200, content-encoding=gzip, x-envoy-upstream-service-time=3519, etag=W/"487-T9ACCYUYqF7kcZm5o0TIC2AOQZs", access-control-expose-headers=x-b3-traceid, x-request-id, x-b3-traceid=3bb69491e777f5ae, CF-Cache-Status=DYNAMIC, cf-request-id=06efd5496500002121e796b000000001, Expect-CT=max-age=604800, report-uri="https://report-uri.cloudflare.com/cdn-cgi/beacon/expect-ct", Server=cloudflare, CF-RAY=5ff98b223bb22121-SJC]
sumanB4V2K4
{shipToAddress={zip=B4V2K4, country=CA, city=BRIDGEWATER, address1=Address 1, state=NS}, shippingMethod={href=https://hydraqa.unicity.net/v5a-test/shippingmethods?type=Canada Post}, lines={items=[{item={href=https://hydraqa.unicity.net/v5a-test/items?id.unicity=26565}, quantity=1}]}, transactions={items=[{method=Coupon, methodDetails={code=Fre3Aut0Sh!p}, type=AuthorizeAndCapture}]}, customer={href=https://hydraqa.unicity.net/v5a-test/customers?type=PreferredCustomer}}
kalyanB4V2K4
Request URL: https://hydraqa.unicity.net/v5a-test/addresses?country=CA&zip=B4V2K4
Entry response : {"items":[{"address1":"","address2":"","city":"Bridgewater","state":"NS","zip":"B4V2K4","country":"CA"}]}
{sponsor=2, gender=male, city=BRIDGEWATER, cartprice=117.0, enroller=2, arpack=Prime Health Pack - Cholesterol/Energy/Vanilla, language=English, locale=en, type=PreferredCustomer, platform=QA, lname=TestLastName, password=Unicity, genderoption=Male, Currency=USD, api=4, state=[NS], email=INXHKO@gmail.com, zip=B4V2K4, fname=TestFirstName, prefferd=Canada, address2=Address 2, address1=Address 1, shippingmethod=type=Canada Post, version=v5a-test/, testcase=normal, market=Canada, aritemcode=26993, referral=yes, martial=Single, phone=9823746323, proto=https://hydraqa.unicity.net/, marketcode=CA, maritaloption=Single, ccname=CCNameTest}
Request URL: https://hydraqa.unicity.net/v5a-test/orders.js
Entry request : {"customer":{"mainAddress":{"city":"BRIDGEWATER","country":"CA","state":"NS","zip":"B4V2K4","address1":"Address 1","address2":"Address 2"},"humanName":{"firstName":"TestFirstName","lastName":"TestLastName"},"email":"INXHKO@gmail.com","preferredLocale":"en-CA","password":{"value":"Unicity"},"gender":"male","maritalStatus":"Single","type":"PreferredCustomer","creditcardaliases":[{"methodDetails":{"creditCardNumber":"4111111111111111","payer":"TestFirstName TestLastName","creditCardExpires":"2021-10"},"billToName":{"firstName":"TestFirstName","lastName":"TestLastName"},"billToAddress":{"address1":"Address 1","address2":"Address 2","city":"BRIDGEWATER","state":"NS","zip":"B4V2K4","country":"CA"}}],"sponsor":{"href":"https://hydraqa.unicity.net/v5a-test/customers?id.unicity=2"},"enroller":{"href":"https://hydraqa.unicity.net/v5a-test/customers?id.unicity=2"},"homePhone":"9823746323","autoorders":{"items":[{"recurrence":{"schedule":{"month":"*","dayOfMonth":"5","skipRepetitions":"2"},"status":"Enabled"},"lines":{"items":[{"item":{"href":"https://hydraqa.unicity.net/v5a-test/items?id.unicity=26993"},"quantity":1}]},"shipToName":{"firstName":"TestFirstName","lastName":"TestLastName"},"shipToPhone":"9823746323","shipToEmail":"INXHKO@gmail.com","shipToAddress":{"city":"BRIDGEWATER","country":"CA","state":"NS","address1":"Address 1","address2":"Address 2","zip":"B4V2K4"},"shippingMethod":{"href":"https://hydraqa.unicity.net/v5a-test/shippingmethods?type=Canada Post"},"transactions":{"items":[{"amount":"this.terms.total","type":"AuthorizeAndCapture","method":"CreditCardAlias","methodDetails":{"alias":"this.customer.creditcardaliases[0].alias"}}]}}]},"rights":[]},"lines":{"items":[{"item":{"href":"https://hydraqa.unicity.net/v5a-test/items?id.unicity=26565"},"quantity":1}]},"shipToName":{"firstName":"TestFirstName","lastName":"TestLastName"},"shipToPhone":"9823746323","shipToEmail":"INXHKO@gmail.com","shipToAddress":{"city":"BRIDGEWATER","country":"CA","state":"NS","address1":"Address 1","address2":"Address 2","zip":"B4V2K4"},"shippingMethod":{"href":"https://hydraqa.unicity.net/v5a-test/shippingmethods?type=Canada Post"},"notes":"","transactions":{"items":[{"amount":"this.terms.total","type":"AuthorizeAndCapture","method":"CreditCard","methodDetails":{"creditCardNumber":"4111111111111111","payer":"CCNameTest","creditCardExpires":"2021-10","creditCardSecurityCode":"123"},"billToAddress":{"address1":"Address 1","address2":"Address 2","city":"BRIDGEWATER","state":"NS","zip":"B4V2K4","country":"CA"}},{"type":"AuthorizeAndCapture","method":"Coupon","methodDetails":{"code":"Fre3Aut0Sh!p"}}]}}
Entry response : {"meta":{"Link":"<http:\/\/unicity.github.io\/Hydra.php\/docs\/v5\/>; rel=\"help\"","X-Request-UUID":"5f733561-c072-92ed-9baa-ea65af3eb5a0","X-Request-Release":"5-2020120801\/master","Cache-Control":"no-cache, must-revalidate","Expires":"0","X-Powered-By":"Luracast Restler v3.0.0rc5","Content-Type":"text\/javascript; charset=utf-8","Content-Language":"en","X-Status-Code":"402"},"data":{"error":{"code":402,"message":"Payment Required","error_code":"3009","error_message":"We failed to accept the credit card payment for the following reason: 'Valid security code required.' Error #P9E7K","upstream_error_message":"Valid security code required."}}}
Headers-->keep-alive
Headers-->2621
Headers-->application/json, text/plain, */*
Headers-->en-CA
Headers-->application/json;charset=UTF-8
]]></system-out>
    <system-err><![CDATA[Starting ChromeDriver 2.36.540470 (e522d04694c7ebea4ba8821272dbef4f9b818c91) on port 48309
Only local connections are allowed.
Dec 10, 2020 12:56:31 PM org.openqa.selenium.remote.ProtocolHandshake createSession
INFO: Detected dialect: OSS
]]></system-err>
  </testcase>
  <testcase name="Enroll" classname="Tests.PrefferedCustomer" time="189.367">
    <failure message="Major Market expected [CA] but found [null]" type="java.lang.AssertionError">java.lang.AssertionError: Major Market expected [CA] but found [null]
	at Tests.PrefferedCustomer.Enroll(PrefferedCustomer.java:104)
</failure>
    <system-out><![CDATA[Request URL: https://hydraqa.unicity.net/v5a-test/quotes?&expand=item
Entry Quotes response : {"items":[{"lines":{"items":[{"item":{"href":"https://hydraqa.unicity.net/v5a-test/items/bb1a7c3a2902e2cbc4cb2a22fdf1f499","id":{"unicity":"26993"}},"quantity":1,"terms":{"priceEach":284,"taxEach":{"amount":0},"discountEach":{"amount":0},"pvEach":150},"quantityLimit":{"quantityQuota":-1,"timeFrameDays":-1,"quantityOrdered":0}}]},"currency":"CAD"},{"lines":{"items":[{"item":{"href":"https://hydraqa.unicity.net/v5a-test/items/4b1b6b6007d154296fd6c4044c789f67","id":{"unicity":"28329"}},"quantity":1,"terms":{"priceEach":284,"taxEach":{"amount":0},"discountEach":{"amount":0},"pvEach":150},"quantityLimit":{"quantityQuota":-1,"timeFrameDays":-1,"quantityOrdered":0}}]},"currency":"CAD"},{"lines":{"items":[{"item":{"href":"https://hydraqa.unicity.net/v5a-test/items/576e0ebc8d1f5b26fc89bf3cd47a26c6","id":{"unicity":"26572"}},"quantity":1,"terms":{"priceEach":110,"taxEach":{"amount":0},"discountEach":{"amount":0},"pvEach":56},"quantityLimit":{"quantityQuota":-1,"timeFrameDays":-1,"quantityOrdered":0}}]},"currency":"CAD"},{"lines":{"items":[{"item":{"href":"https://hydraqa.unicity.net/v5a-test/items/46ea1edabdcf18f49817c437346958eb","id":{"unicity":"29147"}},"quantity":1,"terms":{"priceEach":85,"taxEach":{"amount":0},"discountEach":{"amount":0},"pvEach":33},"quantityLimit":{"quantityQuota":-1,"timeFrameDays":-1,"quantityOrdered":0}}]},"currency":"CAD"},{"lines":{"items":[{"item":{"href":"https://hydraqa.unicity.net/v5a-test/items/e77144fa2fcf6a4dc73c15b4d615c1aa","id":{"unicity":"28437"}},"quantity":1,"terms":{"priceEach":85,"taxEach":{"amount":0},"discountEach":{"amount":0},"pvEach":33},"quantityLimit":{"quantityQuota":-1,"timeFrameDays":-1,"quantityOrdered":0}}]},"currency":"CAD"},{"lines":{"items":[{"item":{"href":"https://hydraqa.unicity.net/v5a-test/items/8407b62b9c4120aa3dfe25c9feb76e4a","id":{"unicity":"28591"}},"quantity":1,"terms":{"priceEach":24,"taxEach":{"amount":0},"discountEach":{"amount":0},"pvEach":15},"quantityLimit":{"quantityQuota":-1,"timeFrameDays":-1,"quantityOrdered":0}}]},"currency":"CAD"},{"lines":{"items":[{"item":{"href":"https://hydraqa.unicity.net/v5a-test/items/10da226fab00279b4f89df10af2a10b7","id":{"unicity":"26442"}},"quantity":1,"terms":{"priceEach":10,"taxEach":{"amount":0},"discountEach":{"amount":0},"pvEach":0},"quantityLimit":{"quantityQuota":-1,"timeFrameDays":-1,"quantityOrdered":0}}]},"currency":"CAD"},{"lines":{"items":[{"item":{"href":"https://hydraqa.unicity.net/v5a-test/items/60b5ca15c481444657970edde11b04ce","id":{"unicity":"26571"}},"quantity":1,"terms":{"priceEach":110,"taxEach":{"amount":0},"discountEach":{"amount":0},"pvEach":56},"quantityLimit":{"quantityQuota":-1,"timeFrameDays":-1,"quantityOrdered":0}}]},"currency":"CAD"},{"lines":{"items":[{"item":{"href":"https://hydraqa.unicity.net/v5a-test/items/2ffc1563d3d0fd7121ca5b1c2184988e","id":{"unicity":"28428"}},"quantity":1,"terms":{"priceEach":111,"taxEach":{"amount":0},"discountEach":{"amount":0},"pvEach":62},"quantityLimit":{"quantityQuota":-1,"timeFrameDays":-1,"quantityOrdered":0}}]},"currency":"CAD"},{"lines":{"items":[{"item":{"href":"https://hydraqa.unicity.net/v5a-test/items/637af131553f5822bef2bb0f0577b2e9","id":{"unicity":"28160"}},"quantity":1,"terms":{"priceEach":118,"taxEach":{"amount":0},"discountEach":{"amount":0},"pvEach":62},"quantityLimit":{"quantityQuota":-1,"timeFrameDays":-1,"quantityOrdered":0}}]},"currency":"CAD"},{"lines":{"items":[{"item":{"href":"https://hydraqa.unicity.net/v5a-test/items/c4744f6ba328b983bfffc7e1e4416ff3","id":{"unicity":"26565"}},"quantity":1,"terms":{"priceEach":117,"taxEach":{"amount":0},"discountEach":{"amount":0},"pvEach":64},"quantityLimit":{"quantityQuota":-1,"timeFrameDays":-1,"quantityOrdered":0}}]},"currency":"CAD"},{"lines":{"items":[{"item":{"href":"https://hydraqa.unicity.net/v5a-test/items/fe97499574f54ccd16daec7361208411","id":{"unicity":"26570"}},"quantity":1,"terms":{"priceEach":26,"taxEach":{"amount":0},"discountEach":{"amount":0},"pvEach":13},"quantityLimit":{"quantityQuota":-1,"timeFrameDays":-1,"quantityOrdered":0}}]},"currency":"CAD"},{"lines":{"items":[{"item":{"href":"https://hydraqa.unicity.net/v5a-test/items/ae14f4659032c9e8591a7ac76abd1ad5","id":{"unicity":"26569"}},"quantity":1,"terms":{"priceEach":50,"taxEach":{"amount":0},"discountEach":{"amount":0},"pvEach":30},"quantityLimit":{"quantityQuota":-1,"timeFrameDays":-1,"quantityOrdered":0}}]},"currency":"CAD"},{"lines":{"items":[{"item":{"href":"https://hydraqa.unicity.net/v5a-test/items/351c19047c5c800d2db6963b3af5df78","id":{"unicity":"27080"}},"quantity":1,"terms":{"priceEach":67,"taxEach":{"amount":0},"discountEach":{"amount":0},"pvEach":35},"quantityLimit":{"quantityQuota":-1,"timeFrameDays":-1,"quantityOrdered":0}}]},"currency":"CAD"},{"lines":{"items":[{"item":{"href":"https://hydraqa.unicity.net/v5a-test/items/f847ce37f5942a226f74e671c86709f8","id":{"unicity":"28787"}},"quantity":1,"terms":{"priceEach":39,"taxEach":{"amount":0},"discountEach":{"amount":0},"pvEach":17},"quantityLimit":{"quantityQuota":-1,"timeFrameDays":-1,"quantityOrdered":0}}]},"currency":"CAD"},{"lines":{"items":[{"item":{"href":"https://hydraqa.unicity.net/v5a-test/items/b24413d1812bb9c95ba6ff7e26bad8ff","id":{"unicity":"26566"}},"quantity":1,"terms":{"priceEach":54,"taxEach":{"amount":0},"discountEach":{"amount":0},"pvEach":32},"quantityLimit":{"quantityQuota":-1,"timeFrameDays":-1,"quantityOrdered":0}}]},"currency":"CAD"},{"lines":{"items":[{"item":{"href":"https://hydraqa.unicity.net/v5a-test/items/6e0e7450f45cb9412e5b4642dd1469cb","id":{"unicity":"26579"}},"quantity":1,"terms":{"priceEach":24,"taxEach":{"amount":0},"discountEach":{"amount":0},"pvEach":13},"quantityLimit":{"quantityQuota":-1,"timeFrameDays":-1,"quantityOrdered":0}}]},"currency":"CAD"},{"lines":{"items":[{"item":{"href":"https://hydraqa.unicity.net/v5a-test/items/828f9b5bdbceaa7cd3ca6a4532632635","id":{"unicity":"19356"}},"quantity":1,"terms":{"priceEach":41,"taxEach":{"amount":0},"discountEach":{"amount":0},"pvEach":21},"quantityLimit":{"quantityQuota":-1,"timeFrameDays":-1,"quantityOrdered":0}}]},"currency":"CAD"},{"lines":{"items":[{"item":{"href":"https://hydraqa.unicity.net/v5a-test/items/cb1cb2d293cc48affee9b2026c31313a","id":{"unicity":"28928"}},"quantity":1,"terms":{"priceEach":47,"taxEach":{"amount":0},"discountEach":{"amount":0},"pvEach":13},"quantityLimit":{"quantityQuota":-1,"timeFrameDays":-1,"quantityOrdered":0}}]},"currency":"CAD"},{"lines":{"items":[{"item":{"href":"https://hydraqa.unicity.net/v5a-test/items/a40ede5f6847ec094ad8a38616ced7d0","id":{"unicity":"28100"}},"quantity":1,"terms":{"priceEach":46,"taxEach":{"amount":0},"discountEach":{"amount":0},"pvEach":25},"quantityLimit":{"quantityQuota":-1,"timeFrameDays":-1,"quantityOrdered":0}}]},"currency":"CAD"},{"lines":{"items":[{"item":{"href":"https://hydraqa.unicity.net/v5a-test/items/1b0412bea8c0b841c66f65a36aa14108","id":{"unicity":"29191"}},"quantity":1,"terms":{"priceEach":104,"taxEach":{"amount":0},"discountEach":{"amount":0},"pvEach":36},"quantityLimit":{"quantityQuota":-1,"timeFrameDays":-1,"quantityOrdered":0}}]},"currency":"CAD"},{"lines":{"items":[{"item":{"href":"https://hydraqa.unicity.net/v5a-test/items/e84750c27b2b9f10e6b4d2ab5a1954ba","id":{"unicity":"30115"}},"quantity":1,"terms":{"priceEach":137,"taxEach":{"amount":0},"discountEach":{"amount":0},"pvEach":56},"quantityLimit":{"quantityQuota":-1,"timeFrameDays":-1,"quantityOrdered":0}}]},"currency":"CAD"},{"lines":{"items":[{"item":{"href":"https://hydraqa.unicity.net/v5a-test/items/42d7ab6b9834716f6ebdd66f1a86d7b1","id":{"unicity":"30980"}},"quantity":1,"terms":{"priceEach":25,"taxEach":{"amount":0},"discountEach":{"amount":0},"pvEach":8},"quantityLimit":{"quantityQuota":-1,"timeFrameDays":-1,"quantityOrdered":0}}]},"currency":"CAD"},{"lines":{"items":[{"item":{"href":"https://hydraqa.unicity.net/v5a-test/items/0e78fbdfebef11cd62f8d2120064ee58","id":{"unicity":"30280"}},"quantity":1,"terms":{"priceEach":69,"taxEach":{"amount":0},"discountEach":{"amount":0},"pvEach":24},"quantityLimit":{"quantityQuota":-1,"timeFrameDays":-1,"quantityOrdered":0}}]},"currency":"CAD"},{"lines":{"items":[{"item":{"href":"https://hydraqa.unicity.net/v5a-test/items/5c430db0256426c4b730bc6994a94a02","id":{"unicity":"31773"}},"quantity":1,"terms":{"priceEach":34,"taxEach":{"amount":0},"discountEach":{"amount":0},"pvEach":13},"quantityLimit":{"quantityQuota":-1,"timeFrameDays":-1,"quantityOrdered":0}}]},"currency":"CAD"},{"lines":{"items":[{"item":{"href":"https://hydraqa.unicity.net/v5a-test/items/cfc721c9fb00317ed614492f65f21460","id":{"unicity":"31288"}},"quantity":1,"terms":{"priceEach":59,"taxEach":{"amount":0},"discountEach":{"amount":0},"pvEach":30},"quantityLimit":{"quantityQuota":-1,"timeFrameDays":-1,"quantityOrdered":0}}]},"currency":"CAD"},{"lines":{"items":[{"item":{"href":"https://hydraqa.unicity.net/v5a-test/items/4916b998c4d0c83c68449a17ea6c1e4c","id":{"unicity":"33457"}},"quantity":1,"terms":{"priceEach":221,"taxEach":{"amount":0},"discountEach":{"amount":0},"pvEach":116},"quantityLimit":{"quantityQuota":-1,"timeFrameDays":-1,"quantityOrdered":0}}]},"currency":"CAD"}]}
Entry request : {"order":{"customer":{"href":"https://hydraqa.unicity.net/v5a-test/customers?type=PreferredCustomer"},"shipToAddress":{"country":"CA"}},"vary":{"lines":{"items":[{"item":{"href":"https://hydraqa.unicity.net/v5a-test/items?id.unicity=26993|31440|31442|27184|28325|28327|28329|26572|29449|29147|28437|28591|26580|26442|28370|26571|28326|28328|26994|26995|28330|28331|28428|28160|26565|26570|26569|27589|27080|28787|26566|26579|19356|28928|20436|28100|28845|29183|29185|29191|30115|30980|31110|30280|31773|31288|33457|30136|31849"}}]}}}
Request URL: https://hydraqa.unicity.net/v5a-test/customers.js?callback=angular.callbacks._1&expand=customer,profilePicture&id.unicity=2
Request URL: https://hydraqa.unicity.net/v5a-test/customers.js?_httpMethod=HEAD&callback=angular.callbacks._4&email=LOXAZK@gmail.com
Unicity [Date=Thu, 10 Dec 2020 20:02:18 GMT, Content-Type=text/javascript; charset=utf-8, Content-Length=1159, Connection=keep-alive, Set-Cookie=__cfduid=ddd5b3b410d47d10b3d0cfbdaf902449d1607630534; expires=Sat, 09-Jan-21 20:02:14 GMT; path=/; domain=.unicity.net; HttpOnly; SameSite=Lax, x-powered-by=Express, x-request-id=b931a11d-9002-9587-9fdf-3df814cb28d5,b931a11d-9002-9587-9fdf-3df814cb28d5, x-request-uuid=b931a11d-9002-9587-9fdf-3df814cb28d5, x-request-release=5-2020120801/master, access-control-allow-origin=http://enroll.ng.unicityqa.com, vary=Accept-Encoding, link=<http://unicity.github.io/Hydra.php/docs/v5/>; rel="help", cache-control=no-cache, must-revalidate, expires=0, content-language=en-US, x-status-code=200, content-encoding=gzip, x-envoy-upstream-service-time=3372, etag=W/"487-nHZP/2TUUuJ99TQB2B0aItmIgr8", access-control-expose-headers=x-b3-traceid, x-request-id, x-b3-traceid=e6f5c769295171c8, CF-Cache-Status=DYNAMIC, cf-request-id=06efd84fb6000021279cbf2000000001, Expect-CT=max-age=604800, report-uri="https://report-uri.cloudflare.com/cdn-cgi/beacon/expect-ct", Server=cloudflare, CF-RAY=5ff98ff92fc12127-SJC]
sumanB4V2K4
{shipToAddress={zip=B4V2K4, country=CA, city=BRIDGEWATER, address1=Address 1, state=NS}, shippingMethod={href=https://hydraqa.unicity.net/v5a-test/shippingmethods?type=Canada Post}, lines={items=[{item={href=https://hydraqa.unicity.net/v5a-test/items?id.unicity=26565}, quantity=1}]}, transactions={items=[{method=Coupon, methodDetails={code=Fre3Aut0Sh!p}, type=AuthorizeAndCapture}]}, customer={href=https://hydraqa.unicity.net/v5a-test/customers?type=PreferredCustomer}}
kalyanB4V2K4
Request URL: https://hydraqa.unicity.net/v5a-test/addresses?country=CA&zip=B4V2K4
Entry response : {"items":[{"address1":"","address2":"","city":"Bridgewater","state":"NS","zip":"B4V2K4","country":"CA"}]}
{sponsor=2, gender=male, city=BRIDGEWATER, cartprice=117.0, enroller=2, arpack=Prime Health Pack - Cholesterol/Energy/Vanilla, language=Français, locale=fr, type=PreferredCustomer, platform=QA, lname=TestLastName, password=Unicity, genderoption=Homme, Currency=USD, api=4, state=[NS], email=LOXAZK@gmail.com, zip=B4V2K4, fname=TestFirstName, prefferd=Canada, address2=Address 2, address1=Address 1, shippingmethod=type=Canada Post, version=v5a-test/, testcase=normal, market=Canada, aritemcode=26993, referral=yes, martial=Single, phone=9823746323, proto=https://hydraqa.unicity.net/, marketcode=CA, maritaloption=Célibataire, ccname=CCNameTest}
Request URL: https://hydraqa.unicity.net/v5a-test/orders.js
Entry request : {"customer":{"mainAddress":{"city":"BRIDGEWATER","country":"CA","state":"NS","zip":"B4V2K4","address1":"Address 1","address2":"Address 2"},"humanName":{"firstName":"TestFirstName","lastName":"TestLastName"},"email":"LOXAZK@gmail.com","preferredLocale":"fr-CA","password":{"value":"Unicity"},"gender":"male","maritalStatus":"Single","type":"PreferredCustomer","creditcardaliases":[{"methodDetails":{"creditCardNumber":"4111111111111111","payer":"TestFirstName TestLastName","creditCardExpires":"2021-10"},"billToName":{"firstName":"TestFirstName","lastName":"TestLastName"},"billToAddress":{"address1":"Address 1","address2":"Address 2","city":"BRIDGEWATER","state":"NS","zip":"B4V2K4","country":"CA"}}],"sponsor":{"href":"https://hydraqa.unicity.net/v5a-test/customers?id.unicity=2"},"enroller":{"href":"https://hydraqa.unicity.net/v5a-test/customers?id.unicity=2"},"homePhone":"9823746323","autoorders":{"items":[{"recurrence":{"schedule":{"month":"*","dayOfMonth":"5","skipRepetitions":"2"},"status":"Enabled"},"lines":{"items":[{"item":{"href":"https://hydraqa.unicity.net/v5a-test/items?id.unicity=26993"},"quantity":1}]},"shipToName":{"firstName":"TestFirstName","lastName":"TestLastName"},"shipToPhone":"9823746323","shipToEmail":"LOXAZK@gmail.com","shipToAddress":{"city":"BRIDGEWATER","country":"CA","state":"NS","address1":"Address 1","address2":"Address 2","zip":"B4V2K4"},"shippingMethod":{"href":"https://hydraqa.unicity.net/v5a-test/shippingmethods?type=Canada Post"},"transactions":{"items":[{"amount":"this.terms.total","type":"AuthorizeAndCapture","method":"CreditCardAlias","methodDetails":{"alias":"this.customer.creditcardaliases[0].alias"}}]}}]},"rights":[]},"lines":{"items":[{"item":{"href":"https://hydraqa.unicity.net/v5a-test/items?id.unicity=26565"},"quantity":1}]},"shipToName":{"firstName":"TestFirstName","lastName":"TestLastName"},"shipToPhone":"9823746323","shipToEmail":"LOXAZK@gmail.com","shipToAddress":{"city":"BRIDGEWATER","country":"CA","state":"NS","address1":"Address 1","address2":"Address 2","zip":"B4V2K4"},"shippingMethod":{"href":"https://hydraqa.unicity.net/v5a-test/shippingmethods?type=Canada Post"},"notes":"","transactions":{"items":[{"amount":"this.terms.total","type":"AuthorizeAndCapture","method":"CreditCard","methodDetails":{"creditCardNumber":"4111111111111111","payer":"CCNameTest","creditCardExpires":"2021-10","creditCardSecurityCode":"123"},"billToAddress":{"address1":"Address 1","address2":"Address 2","city":"BRIDGEWATER","state":"NS","zip":"B4V2K4","country":"CA"}},{"type":"AuthorizeAndCapture","method":"Coupon","methodDetails":{"code":"Fre3Aut0Sh!p"}}]}}
Entry response : {"meta":{"Link":"<http:\/\/unicity.github.io\/Hydra.php\/docs\/v5\/>; rel=\"help\"","X-Request-UUID":"032c25cb-4a0f-9d9c-9fc7-68fe5349b4c3","X-Request-Release":"5-2020120801\/master","Cache-Control":"no-cache, must-revalidate","Expires":"0","X-Powered-By":"Luracast Restler v3.0.0rc5","Content-Type":"text\/javascript; charset=utf-8","Content-Language":"en","X-Status-Code":"402"},"data":{"error":{"code":402,"message":"Payment Required","error_code":"3009","error_message":"We failed to accept the credit card payment for the following reason: 'Valid security code required.' Error #Y7C6G","upstream_error_message":"Valid security code required."}}}
Headers-->keep-alive
Headers-->2621
Headers-->application/json, text/plain, */*
Headers-->fr-CA
Headers-->application/json;charset=UTF-8
]]></system-out>
    <system-err><![CDATA[Starting ChromeDriver 2.36.540470 (e522d04694c7ebea4ba8821272dbef4f9b818c91) on port 19448
Only local connections are allowed.
Dec 10, 2020 12:59:54 PM org.openqa.selenium.remote.ProtocolHandshake createSession
INFO: Detected dialect: OSS
]]></system-err>
  </testcase>
  <testcase name="Enroll" classname="Tests.PrefferedCustomer" time="46.391">
    <failure message="Critical A-Z section not displaying" type="java.lang.AssertionError">java.lang.AssertionError: Critical A-Z section not displaying
	at Tests.PrefferedCustomer.Enroll(PrefferedCustomer.java:100)
</failure>
    <system-err><![CDATA[Starting ChromeDriver 2.36.540470 (e522d04694c7ebea4ba8821272dbef4f9b818c91) on port 11366
Only local connections are allowed.
Dec 10, 2020 1:03:10 PM org.openqa.selenium.remote.ProtocolHandshake createSession
INFO: Detected dialect: OSS
]]></system-err>
  </testcase>
  <testcase name="Enroll" classname="Tests.PrefferedCustomer" time="178.757">
    <failure message="Critical Back end error" type="java.lang.AssertionError">java.lang.AssertionError: Critical Back end error
	at Tests.PrefferedCustomer.Enroll(PrefferedCustomer.java:103)
</failure>
    <system-out><![CDATA[Request URL: https://hydraqa.unicity.net/v5a-test/quotes?&expand=item
Entry Quotes response : {"items":[{"lines":{"items":[{"item":{"href":"https://hydraqa.unicity.net/v5a-test/items/051e765a5a71835a859c2757edd359f0","id":{"unicity":"26580"}},"quantity":1,"terms":{"priceEach":225,"taxEach":{"amount":0},"discountEach":{"amount":0},"pvEach":130},"quantityLimit":{"quantityQuota":-1,"timeFrameDays":-1,"quantityOrdered":0}}]},"currency":"USD"},{"lines":{"items":[{"item":{"href":"https://hydraqa.unicity.net/v5a-test/items/38da42f991a40a00153b2e5055b82dbf","id":{"unicity":"27801"}},"quantity":1,"terms":{"priceEach":225,"taxEach":{"amount":0},"discountEach":{"amount":0},"pvEach":130},"quantityLimit":{"quantityQuota":-1,"timeFrameDays":-1,"quantityOrdered":0}}]},"currency":"USD"},{"lines":{"items":[{"item":{"href":"https://hydraqa.unicity.net/v5a-test/items/9ff4257741d464b686d15be955b8afb6","id":{"unicity":"0963"}},"quantity":1,"terms":{"priceEach":54,"taxEach":{"amount":0},"discountEach":{"amount":0},"pvEach":25},"quantityLimit":{"quantityQuota":-1,"timeFrameDays":-1,"quantityOrdered":0}}]},"currency":"USD"},{"lines":{"items":[{"item":{"href":"https://hydraqa.unicity.net/v5a-test/items/716b7a0bca7fa73e42e000d668e7ee65","id":{"unicity":"15129"}},"quantity":1,"terms":{"priceEach":29,"taxEach":{"amount":0},"discountEach":{"amount":0},"pvEach":10},"quantityLimit":{"quantityQuota":-1,"timeFrameDays":-1,"quantityOrdered":0}}]},"currency":"USD"},{"lines":{"items":[{"item":{"href":"https://hydraqa.unicity.net/v5a-test/items/390a7ae70d5669561ecdf7d5cff2671b","id":{"unicity":"15271"}},"quantity":1,"terms":{"priceEach":89,"taxEach":{"amount":0},"discountEach":{"amount":0},"pvEach":27},"quantityLimit":{"quantityQuota":-1,"timeFrameDays":-1,"quantityOrdered":0}}]},"currency":"USD"},{"lines":{"items":[{"item":{"href":"https://hydraqa.unicity.net/v5a-test/items/4b2034f47fce90b87bba28c5c2d7c25d","id":{"unicity":"15880"}},"quantity":1,"terms":{"priceEach":76,"taxEach":{"amount":0},"discountEach":{"amount":0},"pvEach":41},"quantityLimit":{"quantityQuota":-1,"timeFrameDays":-1,"quantityOrdered":0}}]},"currency":"USD"},{"lines":{"items":[{"item":{"href":"https://hydraqa.unicity.net/v5a-test/items/2c4c1abe00983e85aaa918d2ce341491","id":{"unicity":"17174"}},"quantity":1,"terms":{"priceEach":22,"taxEach":{"amount":0},"discountEach":{"amount":0},"pvEach":10},"quantityLimit":{"quantityQuota":-1,"timeFrameDays":-1,"quantityOrdered":0}}]},"currency":"USD"},{"lines":{"items":[{"item":{"href":"https://hydraqa.unicity.net/v5a-test/items/cea826eab72d44641c070aab6c97c1ac","id":{"unicity":"22747"}},"quantity":1,"terms":{"priceEach":35,"taxEach":{"amount":0},"discountEach":{"amount":0},"pvEach":16},"quantityLimit":{"quantityQuota":-1,"timeFrameDays":-1,"quantityOrdered":0}}]},"currency":"USD"},{"lines":{"items":[{"item":{"href":"https://hydraqa.unicity.net/v5a-test/items/5c2f1613082782e691d32fe9ce034026","id":{"unicity":"23728"}},"quantity":1,"terms":{"priceEach":34,"taxEach":{"amount":0},"discountEach":{"amount":0},"pvEach":13},"quantityLimit":{"quantityQuota":-1,"timeFrameDays":-1,"quantityOrdered":0}}]},"currency":"USD"},{"lines":{"items":[{"item":{"href":"https://hydraqa.unicity.net/v5a-test/items/64ec7ad932acafab052a4e8800ad1238","id":{"unicity":"24758"}},"quantity":1,"terms":{"priceEach":40,"taxEach":{"amount":0},"discountEach":{"amount":0},"pvEach":21},"quantityLimit":{"quantityQuota":-1,"timeFrameDays":-1,"quantityOrdered":0}}]},"currency":"USD"},{"lines":{"items":[{"item":{"href":"https://hydraqa.unicity.net/v5a-test/items/9a7715e888c94989d898fe4653645721","id":{"unicity":"26550"}},"quantity":1,"terms":{"priceEach":99,"taxEach":{"amount":0},"discountEach":{"amount":0},"pvEach":52},"quantityLimit":{"quantityQuota":-1,"timeFrameDays":-1,"quantityOrdered":0}}]},"currency":"USD"},{"lines":{"items":[{"item":{"href":"https://hydraqa.unicity.net/v5a-test/items/3af97c67f653253825a9189a27da57d6","id":{"unicity":"26556"}},"quantity":1,"terms":{"priceEach":101,"taxEach":{"amount":0},"discountEach":{"amount":0},"pvEach":61},"quantityLimit":{"quantityQuota":-1,"timeFrameDays":-1,"quantityOrdered":0}}]},"currency":"USD"},{"lines":{"items":[{"item":{"href":"https://hydraqa.unicity.net/v5a-test/items/0cf62d38e91953b43dcfe88b06f813cb","id":{"unicity":"26557"}},"quantity":1,"terms":{"priceEach":101,"taxEach":{"amount":0},"discountEach":{"amount":0},"pvEach":61},"quantityLimit":{"quantityQuota":-1,"timeFrameDays":-1,"quantityOrdered":0}}]},"currency":"USD"},{"lines":{"items":[{"item":{"href":"https://hydraqa.unicity.net/v5a-test/items/398d06b858b960f6f38086d40608aef2","id":{"unicity":"26560"}},"quantity":1,"terms":{"priceEach":21,"taxEach":{"amount":0},"discountEach":{"amount":0},"pvEach":12},"quantityLimit":{"quantityQuota":-1,"timeFrameDays":-1,"quantityOrdered":0}}]},"currency":"USD"},{"lines":{"items":[{"item":{"href":"https://hydraqa.unicity.net/v5a-test/items/cda534d686af5d627c94c4bb2c4b57d8","id":{"unicity":"26561"}},"quantity":1,"terms":{"priceEach":21,"taxEach":{"amount":0},"discountEach":{"amount":0},"pvEach":11},"quantityLimit":{"quantityQuota":-1,"timeFrameDays":-1,"quantityOrdered":0}}]},"currency":"USD"},{"lines":{"items":[{"item":{"href":"https://hydraqa.unicity.net/v5a-test/items/0a3ede185ddf034630afd891c5106d33","id":{"unicity":"26562"}},"quantity":1,"terms":{"priceEach":43,"taxEach":{"amount":0},"discountEach":{"amount":0},"pvEach":25},"quantityLimit":{"quantityQuota":-1,"timeFrameDays":-1,"quantityOrdered":0}}]},"currency":"USD"},{"lines":{"items":[{"item":{"href":"https://hydraqa.unicity.net/v5a-test/items/16ca68abaaa92505c257be022a154769","id":{"unicity":"27615"}},"quantity":1,"terms":{"priceEach":37,"taxEach":{"amount":0},"discountEach":{"amount":0},"pvEach":21},"quantityLimit":{"quantityQuota":-1,"timeFrameDays":-1,"quantityOrdered":0}}]},"currency":"USD"},{"lines":{"items":[{"item":{"href":"https://hydraqa.unicity.net/v5a-test/items/1bd53de7fe880ba71f46c9976ca2c137","id":{"unicity":"27739"}},"quantity":1,"terms":{"priceEach":43,"taxEach":{"amount":0},"discountEach":{"amount":0},"pvEach":13},"quantityLimit":{"quantityQuota":-1,"timeFrameDays":-1,"quantityOrdered":0}}]},"currency":"USD"},{"lines":{"items":[{"item":{"href":"https://hydraqa.unicity.net/v5a-test/items/1945faa1776541d53120ecfe3c1d8a2b","id":{"unicity":"24418"}},"quantity":1,"terms":{"priceEach":7,"taxEach":{"amount":0},"discountEach":{"amount":0},"pvEach":0},"quantityLimit":{"quantityQuota":-1,"timeFrameDays":-1,"quantityOrdered":0}}]},"currency":"USD"},{"lines":{"items":[{"item":{"href":"https://hydraqa.unicity.net/v5a-test/items/9a6e1d094182389c3da8e0a320ff0e00","id":{"unicity":"27585"}},"quantity":1,"terms":{"priceEach":69,"taxEach":{"amount":0},"discountEach":{"amount":0},"pvEach":33},"quantityLimit":{"quantityQuota":-1,"timeFrameDays":-1,"quantityOrdered":0}}]},"currency":"USD"},{"lines":{"items":[{"item":{"href":"https://hydraqa.unicity.net/v5a-test/items/b127a2d34d3d73e2f53e4c2002a7a4a2","id":{"unicity":"25008"}},"quantity":1,"terms":{"priceEach":24,"taxEach":{"amount":0},"discountEach":{"amount":0},"pvEach":15},"quantityLimit":{"quantityQuota":-1,"timeFrameDays":-1,"quantityOrdered":0}}]},"currency":"USD"},{"lines":{"items":[{"item":{"href":"https://hydraqa.unicity.net/v5a-test/items/10da226fab00279b4f89df10af2a10b7","id":{"unicity":"26442"}},"quantity":1,"terms":{"priceEach":8,"taxEach":{"amount":0},"discountEach":{"amount":0},"pvEach":0},"quantityLimit":{"quantityQuota":-1,"timeFrameDays":-1,"quantityOrdered":0}}]},"currency":"USD"},{"lines":{"items":[{"item":{"href":"https://hydraqa.unicity.net/v5a-test/items/933f0856fd8ec1df83c5283dabf4ec3c","id":{"unicity":"6200"}},"quantity":1,"terms":{"priceEach":88,"taxEach":{"amount":0},"discountEach":{"amount":0},"pvEach":47},"quantityLimit":{"quantityQuota":-1,"timeFrameDays":-1,"quantityOrdered":0}}]},"currency":"USD"},{"lines":{"items":[{"item":{"href":"https://hydraqa.unicity.net/v5a-test/items/8d994059c399f5551ab112574e4476fc","id":{"unicity":"24785"}},"quantity":1,"terms":{"priceEach":18,"taxEach":{"amount":0},"discountEach":{"amount":0},"pvEach":9},"quantityLimit":{"quantityQuota":-1,"timeFrameDays":-1,"quantityOrdered":0}}]},"currency":"USD"},{"lines":{"items":[{"item":{"href":"https://hydraqa.unicity.net/v5a-test/items/aa0d72ac13b1ce88cf8c4a52ede75a37","id":{"unicity":"26552"}},"quantity":1,"terms":{"priceEach":89,"taxEach":{"amount":0},"discountEach":{"amount":0},"pvEach":50},"quantityLimit":{"quantityQuota":-1,"timeFrameDays":-1,"quantityOrdered":0}}]},"currency":"USD"},{"lines":{"items":[{"item":{"href":"https://hydraqa.unicity.net/v5a-test/items/8b5ed9aa6c6132e1be5e446f69a3465e","id":{"unicity":"0954"}},"quantity":1,"terms":{"priceEach":27,"taxEach":{"amount":0},"discountEach":{"amount":0},"pvEach":15},"quantityLimit":{"quantityQuota":-1,"timeFrameDays":-1,"quantityOrdered":0}}]},"currency":"USD"},{"lines":{"items":[{"item":{"href":"https://hydraqa.unicity.net/v5a-test/items/b2fc4b9ba4aa5cae54389161be2f841f","id":{"unicity":"18401"}},"quantity":1,"terms":{"priceEach":40,"taxEach":{"amount":0},"discountEach":{"amount":0},"pvEach":19},"quantityLimit":{"quantityQuota":-1,"timeFrameDays":-1,"quantityOrdered":0}}]},"currency":"USD"},{"lines":{"items":[{"item":{"href":"https://hydraqa.unicity.net/v5a-test/items/48433ffc76597c823adc2b8627e033e4","id":{"unicity":"26559"}},"quantity":1,"terms":{"priceEach":39,"taxEach":{"amount":0},"discountEach":{"amount":0},"pvEach":20},"quantityLimit":{"quantityQuota":-1,"timeFrameDays":-1,"quantityOrdered":0}}]},"currency":"USD"},{"lines":{"items":[{"item":{"href":"https://hydraqa.unicity.net/v5a-test/items/5a38f009bec6c23b1b3a70432f9722e5","id":{"unicity":"19596"}},"quantity":1,"terms":{"priceEach":63,"taxEach":{"amount":0},"discountEach":{"amount":0},"pvEach":30},"quantityLimit":{"quantityQuota":-1,"timeFrameDays":-1,"quantityOrdered":0}}]},"currency":"USD"},{"lines":{"items":[{"item":{"href":"https://hydraqa.unicity.net/v5a-test/items/ddef5f478ff91aa2263b646a3bd03dea","id":{"unicity":"21420"}},"quantity":1,"terms":{"priceEach":31,"taxEach":{"amount":0},"discountEach":{"amount":0},"pvEach":10},"quantityLimit":{"quantityQuota":-1,"timeFrameDays":-1,"quantityOrdered":0}}]},"currency":"USD"},{"lines":{"items":[{"item":{"href":"https://hydraqa.unicity.net/v5a-test/items/55d3b550a17b78175cc5ac565e4266e8","id":{"unicity":"24621"}},"quantity":1,"terms":{"priceEach":26,"taxEach":{"amount":0},"discountEach":{"amount":0},"pvEach":12},"quantityLimit":{"quantityQuota":-1,"timeFrameDays":-1,"quantityOrdered":0}}]},"currency":"USD"},{"lines":{"items":[{"item":{"href":"https://hydraqa.unicity.net/v5a-test/items/9d9d002b0e21b9bd58ad0154a4f781c5","id":{"unicity":"28836"}},"quantity":1,"terms":{"priceEach":75,"taxEach":{"amount":0},"discountEach":{"amount":0},"pvEach":36},"quantityLimit":{"quantityQuota":-1,"timeFrameDays":-1,"quantityOrdered":0}}]},"currency":"USD"},{"lines":{"items":[{"item":{"href":"https://hydraqa.unicity.net/v5a-test/items/399be8efa903b362515c48315ab2afb9","id":{"unicity":"15712"}},"quantity":1,"terms":{"priceEach":28,"taxEach":{"amount":0},"discountEach":{"amount":0},"pvEach":11},"quantityLimit":{"quantityQuota":-1,"timeFrameDays":-1,"quantityOrdered":0}}]},"currency":"USD"},{"lines":{"items":[{"item":{"href":"https://hydraqa.unicity.net/v5a-test/items/d489ec0d50f6e28d5743afc65439631b","id":{"unicity":"0960"}},"quantity":1,"terms":{"priceEach":48,"taxEach":{"amount":0},"discountEach":{"amount":0},"pvEach":23},"quantityLimit":{"quantityQuota":-1,"timeFrameDays":-1,"quantityOrdered":0}}]},"currency":"USD"},{"lines":{"items":[{"item":{"href":"https://hydraqa.unicity.net/v5a-test/items/66839181d7531692a8d886a9da6fb4d6","id":{"unicity":"25369"}},"quantity":1,"terms":{"priceEach":63,"taxEach":{"amount":0},"discountEach":{"amount":0},"pvEach":25},"quantityLimit":{"quantityQuota":-1,"timeFrameDays":-1,"quantityOrdered":0}}]},"currency":"USD"},{"lines":{"items":[{"item":{"href":"https://hydraqa.unicity.net/v5a-test/items/8ed7a8910d5c5335774fa9cfae0e511d","id":{"unicity":"18386"}},"quantity":1,"terms":{"priceEach":35,"taxEach":{"amount":0},"discountEach":{"amount":0},"pvEach":21},"quantityLimit":{"quantityQuota":-1,"timeFrameDays":-1,"quantityOrdered":0}}]},"currency":"USD"},{"lines":{"items":[{"item":{"href":"https://hydraqa.unicity.net/v5a-test/items/3f2d12d7a0e8551fc99fad3bbe1ba633","id":{"unicity":"26567"}},"quantity":1,"terms":{"priceEach":70,"taxEach":{"amount":0},"discountEach":{"amount":0},"pvEach":35},"quantityLimit":{"quantityQuota":-1,"timeFrameDays":-1,"quantityOrdered":0}}]},"currency":"USD"},{"lines":{"items":[{"item":{"href":"https://hydraqa.unicity.net/v5a-test/items/191637167cb3144bd2e8c4615e9ab67e","id":{"unicity":"26568"}},"quantity":1,"terms":{"priceEach":70,"taxEach":{"amount":0},"discountEach":{"amount":0},"pvEach":35},"quantityLimit":{"quantityQuota":-1,"timeFrameDays":-1,"quantityOrdered":0}}]},"currency":"USD"},{"lines":{"items":[{"item":{"href":"https://hydraqa.unicity.net/v5a-test/items/2cefc6a61faaae3455a5adcb0d8fc74f","id":{"unicity":"15907"}},"quantity":1,"terms":{"priceEach":19,"taxEach":{"amount":0},"discountEach":{"amount":0},"pvEach":5},"quantityLimit":{"quantityQuota":-1,"timeFrameDays":-1,"quantityOrdered":0}}]},"currency":"USD"},{"lines":{"items":[{"item":{"href":"https://hydraqa.unicity.net/v5a-test/items/e870d73cd94149d9f6b55de9736c9daa","id":{"unicity":"3107"}},"quantity":1,"terms":{"priceEach":31,"taxEach":{"amount":0},"discountEach":{"amount":0},"pvEach":16},"quantityLimit":{"quantityQuota":-1,"timeFrameDays":-1,"quantityOrdered":0}}]},"currency":"USD"},{"lines":{"items":[{"item":{"href":"https://hydraqa.unicity.net/v5a-test/items/fa2407c91e64e66a72ab45172eb978df","id":{"unicity":"0988"}},"quantity":1,"terms":{"priceEach":47,"taxEach":{"amount":0},"discountEach":{"amount":0},"pvEach":23},"quantityLimit":{"quantityQuota":-1,"timeFrameDays":-1,"quantityOrdered":0}}]},"currency":"USD"},{"lines":{"items":[{"item":{"href":"https://hydraqa.unicity.net/v5a-test/items/40a1044968ea62276f4ba87fd2ef0d8f","id":{"unicity":"12230"}},"quantity":1,"terms":{"priceEach":52,"taxEach":{"amount":0},"discountEach":{"amount":0},"pvEach":18},"quantityLimit":{"quantityQuota":-1,"timeFrameDays":-1,"quantityOrdered":0}}]},"currency":"USD"},{"lines":{"items":[{"item":{"href":"https://hydraqa.unicity.net/v5a-test/items/112b8c39286598b3730f630f371a45f4","id":{"unicity":"27587"}},"quantity":1,"terms":{"priceEach":71,"taxEach":{"amount":0},"discountEach":{"amount":0},"pvEach":33},"quantityLimit":{"quantityQuota":-1,"timeFrameDays":-1,"quantityOrdered":0}}]},"currency":"USD"},{"lines":{"items":[{"item":{"href":"https://hydraqa.unicity.net/v5a-test/items/e218d1cac5f31e7ae4f5876c29c57377","id":{"unicity":"29017"}},"quantity":1,"terms":{"priceEach":49,"taxEach":{"amount":0},"discountEach":{"amount":0},"pvEach":26},"quantityLimit":{"quantityQuota":-1,"timeFrameDays":-1,"quantityOrdered":0}}]},"currency":"USD"},{"lines":{"items":[{"item":{"href":"https://hydraqa.unicity.net/v5a-test/items/25eaf64b36ce31368f17ae789fd9ac5b","id":{"unicity":"29694"}},"quantity":1,"terms":{"priceEach":69,"taxEach":{"amount":0},"discountEach":{"amount":0},"pvEach":33},"quantityLimit":{"quantityQuota":-1,"timeFrameDays":-1,"quantityOrdered":0}}]},"currency":"USD"},{"lines":{"items":[{"item":{"href":"https://hydraqa.unicity.net/v5a-test/items/634f7efb30392b2a919de1355902d975","id":{"unicity":"29408"}},"quantity":1,"terms":{"priceEach":99,"taxEach":{"amount":0},"discountEach":{"amount":0},"pvEach":52},"quantityLimit":{"quantityQuota":-1,"timeFrameDays":-1,"quantityOrdered":0}}]},"currency":"USD"},{"lines":{"items":[{"item":{"href":"https://hydraqa.unicity.net/v5a-test/items/bb5c627f16547cb4f706cef521bca356","id":{"unicity":"29437"}},"quantity":1,"terms":{"priceEach":78,"taxEach":{"amount":0},"discountEach":{"amount":0},"pvEach":36},"quantityLimit":{"quantityQuota":-1,"timeFrameDays":-1,"quantityOrdered":0}}]},"currency":"USD"},{"lines":{"items":[{"item":{"href":"https://hydraqa.unicity.net/v5a-test/items/991cdbb84a495779eb209fb3956a77e4","id":{"unicity":"29183"}},"quantity":1,"terms":{"priceEach":52,"taxEach":{"amount":0},"discountEach":{"amount":0},"pvEach":24},"quantityLimit":{"quantityQuota":-1,"timeFrameDays":-1,"quantityOrdered":0}}]},"currency":"USD"},{"lines":{"items":[{"item":{"href":"https://hydraqa.unicity.net/v5a-test/items/1b0412bea8c0b841c66f65a36aa14108","id":{"unicity":"29191"}},"quantity":1,"terms":{"priceEach":80,"taxEach":{"amount":0},"discountEach":{"amount":0},"pvEach":36},"quantityLimit":{"quantityQuota":-1,"timeFrameDays":-1,"quantityOrdered":0}}]},"currency":"USD"},{"lines":{"items":[{"item":{"href":"https://hydraqa.unicity.net/v5a-test/items/362999101a321b721c87110710ae77b0","id":{"unicity":"29352"}},"quantity":1,"terms":{"priceEach":149,"taxEach":{"amount":0},"discountEach":{"amount":0},"pvEach":80},"quantityLimit":{"quantityQuota":-1,"timeFrameDays":-1,"quantityOrdered":0}}]},"currency":"USD"},{"lines":{"items":[{"item":{"href":"https://hydraqa.unicity.net/v5a-test/items/24ff5bda40c0d0e7eaa511866d052915","id":{"unicity":"29612"}},"quantity":1,"terms":{"priceEach":61,"taxEach":{"amount":0},"discountEach":{"amount":0},"pvEach":30},"quantityLimit":{"quantityQuota":-1,"timeFrameDays":-1,"quantityOrdered":0}}]},"currency":"USD"},{"lines":{"items":[{"item":{"href":"https://hydraqa.unicity.net/v5a-test/items/e0a19d3d676bccfdba0ab3d9f2766359","id":{"unicity":"30350"}},"quantity":1,"terms":{"priceEach":60,"taxEach":{"amount":0},"discountEach":{"amount":0},"pvEach":30},"quantityLimit":{"quantityQuota":-1,"timeFrameDays":-1,"quantityOrdered":0}}]},"currency":"USD"},{"lines":{"items":[{"item":{"href":"https://hydraqa.unicity.net/v5a-test/items/024e696f8b44a1d315006e676604cd31","id":{"unicity":"27395"}},"quantity":1,"terms":{"priceEach":32,"taxEach":{"amount":0},"discountEach":{"amount":0},"pvEach":16},"quantityLimit":{"quantityQuota":-1,"timeFrameDays":-1,"quantityOrdered":0}}]},"currency":"USD"},{"lines":{"items":[{"item":{"href":"https://hydraqa.unicity.net/v5a-test/items/05ca08f3808f126c0cc42154c50fc75c","id":{"unicity":"29440"}},"quantity":1,"terms":{"priceEach":138,"taxEach":{"amount":0},"discountEach":{"amount":0},"pvEach":90},"quantityLimit":{"quantityQuota":-1,"timeFrameDays":-1,"quantityOrdered":0}}]},"currency":"USD"},{"lines":{"items":[{"item":{"href":"https://hydraqa.unicity.net/v5a-test/items/764e2db430d361da99e8f6b70c4d0244","id":{"unicity":"29830"}},"quantity":1,"terms":{"priceEach":20,"taxEach":{"amount":0},"discountEach":{"amount":0},"pvEach":7},"quantityLimit":{"quantityQuota":-1,"timeFrameDays":-1,"quantityOrdered":0}}]},"currency":"USD"},{"lines":{"items":[{"item":{"href":"https://hydraqa.unicity.net/v5a-test/items/035189015384166df518a68ede0299a9","id":{"unicity":"30408"}},"quantity":1,"terms":{"priceEach":101,"taxEach":{"amount":0},"discountEach":{"amount":0},"pvEach":50},"quantityLimit":{"quantityQuota":-1,"timeFrameDays":-1,"quantityOrdered":0}}]},"currency":"USD"},{"lines":{"items":[{"item":{"href":"https://hydraqa.unicity.net/v5a-test/items/b91affa753dd5ee8a9acef4fa7e2c9a7","id":{"unicity":"30414"}},"quantity":1,"terms":{"priceEach":110,"taxEach":{"amount":0},"discountEach":{"amount":0},"pvEach":65},"quantityLimit":{"quantityQuota":-1,"timeFrameDays":-1,"quantityOrdered":0}}]},"currency":"USD"},{"lines":{"items":[{"item":{"href":"https://hydraqa.unicity.net/v5a-test/items/2835b1a78e379486f0ffbfd5fb9f6b0a","id":{"unicity":"30400"}},"quantity":1,"terms":{"priceEach":49,"taxEach":{"amount":0},"discountEach":{"amount":0},"pvEach":28},"quantityLimit":{"quantityQuota":-1,"timeFrameDays":-1,"quantityOrdered":0}}]},"currency":"USD"},{"lines":{"items":[{"item":{"href":"https://hydraqa.unicity.net/v5a-test/items/0e78fbdfebef11cd62f8d2120064ee58","id":{"unicity":"30280"}},"quantity":1,"terms":{"priceEach":52,"taxEach":{"amount":0},"discountEach":{"amount":0},"pvEach":24},"quantityLimit":{"quantityQuota":-1,"timeFrameDays":-1,"quantityOrdered":0}}]},"currency":"USD"},{"lines":{"items":[{"item":{"href":"https://hydraqa.unicity.net/v5a-test/items/5bda067b70c43971650a6ef983f612e4","id":{"unicity":"31728"}},"quantity":1,"terms":{"priceEach":160,"taxEach":{"amount":0},"discountEach":{"amount":0},"pvEach":94},"quantityLimit":{"quantityQuota":-1,"timeFrameDays":-1,"quantityOrdered":0}}]},"currency":"USD"},{"lines":{"items":[{"item":{"href":"https://hydraqa.unicity.net/v5a-test/items/00c2eb70c985722ce208490aece00945","id":{"unicity":"31729"}},"quantity":1,"terms":{"priceEach":170,"taxEach":{"amount":0},"discountEach":{"amount":0},"pvEach":100},"quantityLimit":{"quantityQuota":-1,"timeFrameDays":-1,"quantityOrdered":0}}]},"currency":"USD"},{"lines":{"items":[{"item":{"href":"https://hydraqa.unicity.net/v5a-test/items/693a7c4a70b06a00471afe8d6cae5023","id":{"unicity":"31730"}},"quantity":1,"terms":{"priceEach":150,"taxEach":{"amount":0},"discountEach":{"amount":0},"pvEach":80},"quantityLimit":{"quantityQuota":-1,"timeFrameDays":-1,"quantityOrdered":0}}]},"currency":"USD"},{"lines":{"items":[{"item":{"href":"https://hydraqa.unicity.net/v5a-test/items/ccb242d74dcb1fe621cc7bfe1b1de315","id":{"unicity":"31731"}},"quantity":1,"terms":{"priceEach":112,"taxEach":{"amount":0},"discountEach":{"amount":0},"pvEach":60},"quantityLimit":{"quantityQuota":-1,"timeFrameDays":-1,"quantityOrdered":0}}]},"currency":"USD"},{"lines":{"items":[{"item":{"href":"https://hydraqa.unicity.net/v5a-test/items/3875e24e6b6ebdf36c79d205614ed51e","id":{"unicity":"31846"}},"quantity":1,"terms":{"priceEach":160,"taxEach":{"amount":0},"discountEach":{"amount":0},"pvEach":94},"quantityLimit":{"quantityQuota":-1,"timeFrameDays":-1,"quantityOrdered":0}}]},"currency":"USD"},{"lines":{"items":[{"item":{"href":"https://hydraqa.unicity.net/v5a-test/items/89b6d29a85a88d44d65bc8cca3fefc65","id":{"unicity":"31845"}},"quantity":1,"terms":{"priceEach":170,"taxEach":{"amount":0},"discountEach":{"amount":0},"pvEach":100},"quantityLimit":{"quantityQuota":-1,"timeFrameDays":-1,"quantityOrdered":0}}]},"currency":"USD"},{"lines":{"items":[{"item":{"href":"https://hydraqa.unicity.net/v5a-test/items/fbb319232b7eed110794d46a68302acb","id":{"unicity":"31847"}},"quantity":1,"terms":{"priceEach":150,"taxEach":{"amount":0},"discountEach":{"amount":0},"pvEach":80},"quantityLimit":{"quantityQuota":-1,"timeFrameDays":-1,"quantityOrdered":0}}]},"currency":"USD"},{"lines":{"items":[{"item":{"href":"https://hydraqa.unicity.net/v5a-test/items/cf8460040a1860bcabf250b6c1171675","id":{"unicity":"31858"}},"quantity":1,"terms":{"priceEach":330,"taxEach":{"amount":0},"discountEach":{"amount":0},"pvEach":195},"quantityLimit":{"quantityQuota":-1,"timeFrameDays":-1,"quantityOrdered":0}}]},"currency":"USD"},{"lines":{"items":[{"item":{"href":"https://hydraqa.unicity.net/v5a-test/items/2de8516a24af8232add0bb392e750a71","id":{"unicity":"31859"}},"quantity":1,"terms":{"priceEach":225,"taxEach":{"amount":0},"discountEach":{"amount":0},"pvEach":130},"quantityLimit":{"quantityQuota":-1,"timeFrameDays":-1,"quantityOrdered":0}}]},"currency":"USD"},{"lines":{"items":[{"item":{"href":"https://hydraqa.unicity.net/v5a-test/items/077823d29445b9020de9931f10c63efd","id":{"unicity":"31958"}},"quantity":1,"terms":{"priceEach":160,"taxEach":{"amount":0},"discountEach":{"amount":0},"pvEach":85},"quantityLimit":{"quantityQuota":-1,"timeFrameDays":-1,"quantityOrdered":0}}]},"currency":"USD"},{"lines":{"items":[{"item":{"href":"https://hydraqa.unicity.net/v5a-test/items/bfddb53fe0d5ed5432c531dc9850cbe4","id":{"unicity":"29449"}},"quantity":1,"terms":{"priceEach":43,"taxEach":{"amount":0},"discountEach":{"amount":0},"pvEach":25},"quantityLimit":{"quantityQuota":-1,"timeFrameDays":-1,"quantityOrdered":0}}]},"currency":"USD"},{"lines":{"items":[{"item":{"href":"https://hydraqa.unicity.net/v5a-test/items/7fc100f8d20814757efe2d79e41b315c","id":{"unicity":"32021"}},"quantity":1,"terms":{"priceEach":104,"taxEach":{"amount":0},"discountEach":{"amount":0},"pvEach":60},"quantityLimit":{"quantityQuota":-1,"timeFrameDays":-1,"quantityOrdered":0}}]},"currency":"USD"},{"lines":{"items":[{"item":{"href":"https://hydraqa.unicity.net/v5a-test/items/50747027a065cb8361c1f0d6eb880466","id":{"unicity":"32030"}},"quantity":1,"terms":{"priceEach":179,"taxEach":{"amount":0},"discountEach":{"amount":0},"pvEach":102},"quantityLimit":{"quantityQuota":-1,"timeFrameDays":-1,"quantityOrdered":0}}]},"currency":"USD"},{"lines":{"items":[{"item":{"href":"https://hydraqa.unicity.net/v5a-test/items/c201dcd36f4bb7e17e7a8481ef08d6f2","id":{"unicity":"31518"}},"quantity":1,"terms":{"priceEach":38,"taxEach":{"amount":0},"discountEach":{"amount":0},"pvEach":14},"quantityLimit":{"quantityQuota":-1,"timeFrameDays":-1,"quantityOrdered":0}}]},"currency":"USD"},{"lines":{"items":[{"item":{"href":"https://hydraqa.unicity.net/v5a-test/items/bed533c634e887357ff031d8e4c776b0","id":{"unicity":"31751"}},"quantity":1,"terms":{"priceEach":115,"taxEach":{"amount":0},"discountEach":{"amount":0},"pvEach":50},"quantityLimit":{"quantityQuota":-1,"timeFrameDays":-1,"quantityOrdered":0}}]},"currency":"USD"},{"lines":{"items":[{"item":{"href":"https://hydraqa.unicity.net/v5a-test/items/69461244686345ba75765978ef53c749","id":{"unicity":"32015"}},"quantity":1,"terms":{"priceEach":6.95,"taxEach":{"amount":0},"discountEach":{"amount":0},"pvEach":0},"quantityLimit":{"quantityQuota":-1,"timeFrameDays":-1,"quantityOrdered":0}}]},"currency":"USD"},{"lines":{"items":[{"item":{"href":"https://hydraqa.unicity.net/v5a-test/items/c674cdded8a54983aae3c5dcb32c9e38","id":{"unicity":"32628"}},"quantity":1,"terms":{"priceEach":89,"taxEach":{"amount":0},"discountEach":{"amount":0},"pvEach":50},"quantityLimit":{"quantityQuota":-1,"timeFrameDays":-1,"quantityOrdered":0}}]},"currency":"USD"},{"lines":{"items":[{"item":{"href":"https://hydraqa.unicity.net/v5a-test/items/69d8547e9e264505ce055e09920659fd","id":{"unicity":"33019"}},"quantity":1,"terms":{"priceEach":210,"taxEach":{"amount":0},"discountEach":{"amount":0},"pvEach":151},"quantityLimit":{"quantityQuota":-1,"timeFrameDays":-1,"quantityOrdered":0}}]},"currency":"USD"},{"lines":{"items":[{"item":{"href":"https://hydraqa.unicity.net/v5a-test/items/30b5c0f54df52286b3d87a6a1dfd314a","id":{"unicity":"33018"}},"quantity":1,"terms":{"priceEach":227,"taxEach":{"amount":0},"discountEach":{"amount":0},"pvEach":133},"quantityLimit":{"quantityQuota":-1,"timeFrameDays":-1,"quantityOrdered":0}}]},"currency":"USD"},{"lines":{"items":[{"item":{"href":"https://hydraqa.unicity.net/v5a-test/items/16a422e03f6e3a79ba7bcd7fd50e31c0","id":{"unicity":"33017"}},"quantity":1,"terms":{"priceEach":166,"taxEach":{"amount":0},"discountEach":{"amount":0},"pvEach":110},"quantityLimit":{"quantityQuota":-1,"timeFrameDays":-1,"quantityOrdered":0}}]},"currency":"USD"},{"lines":{"items":[{"item":{"href":"https://hydraqa.unicity.net/v5a-test/items/30f2eb8ab275ef57ae8082b3435a3d69","id":{"unicity":"33016"}},"quantity":1,"terms":{"priceEach":220,"taxEach":{"amount":0},"discountEach":{"amount":0},"pvEach":142},"quantityLimit":{"quantityQuota":-1,"timeFrameDays":-1,"quantityOrdered":0}}]},"currency":"USD"},{"lines":{"items":[{"item":{"href":"https://hydraqa.unicity.net/v5a-test/items/e30d5100db17be47578745dce83039e6","id":{"unicity":"32838"}},"quantity":1,"terms":{"priceEach":14.95,"taxEach":{"amount":0},"discountEach":{"amount":0},"pvEach":0},"quantityLimit":{"quantityQuota":-1,"timeFrameDays":-1,"quantityOrdered":0}}]},"currency":"USD"}]}
Entry request : {"order":{"customer":{"href":"https://hydraqa.unicity.net/v5a-test/customers?type=PreferredCustomer"},"shipToAddress":{"country":"US"}},"vary":{"lines":{"items":[{"item":{"href":"https://hydraqa.unicity.net/v5a-test/items?id.unicity=26580|31440|31441|27801|0963|15129|15271|15880|17174|22745|22747|23728|24758|25022|26550|26556|26557|26560|26561|26562|27615|27739|24418|27585|25008|26442|6200|15916|18908|24785|26552|27028|0954|18401|27029|26559|19596|26945|21420|24621|28836|15712|0960|25369|18386|26567|26568|15907|28513|3107|0988|12230|26950|26786|27587|29017|29694|29408|29437|29183|29191|29352|29612|30350|27395|29440|29830|30408|30414|30400|30280|31314|31728|31729|31730|31731|31846|31845|31847|31858|31859|31958|29449|32021|32030|31518|31751|32015|32628|33019|33018|33017|33016|32838|33476|26555"}}]}}}
Request URL: https://hydraqa.unicity.net/v5a-test/customers.js?_httpMethod=HEAD&callback=angular.callbacks._1&email=HFAEJJ@gmail.com
Unicity [Date=Thu, 10 Dec 2020 20:06:30 GMT, Content-Type=text/javascript; charset=utf-8, Content-Length=382, Connection=keep-alive, Set-Cookie=__cfduid=d410f4e9f7ff28274a32abd6e3baff0bc1607630789; expires=Sat, 09-Jan-21 20:06:29 GMT; path=/; domain=.unicity.net; HttpOnly; SameSite=Lax, x-powered-by=Express, x-request-id=43b20cc3-78f9-974d-843f-48844b6b2678,43b20cc3-78f9-974d-843f-48844b6b2678, x-request-uuid=43b20cc3-78f9-974d-843f-48844b6b2678, x-request-release=5-2020120801/master, access-control-allow-origin=http://enroll.ng.unicityqa.com, vary=Accept-Encoding, link=<http://unicity.github.io/Hydra.php/docs/v5/>; rel="help", cache-control=no-cache, must-revalidate, expires=0, content-language=en-US, x-status-code=400, content-encoding=gzip, x-envoy-upstream-service-time=1023, etag=W/"17e-Y6UCDqlrBtTtRVfFymSUgygQZlU", access-control-expose-headers=x-b3-traceid, x-request-id, x-b3-traceid=e377537177d818ee, CF-Cache-Status=DYNAMIC, cf-request-id=06efdc333f0000939ae796a000000001, Expect-CT=max-age=604800, report-uri="https://report-uri.cloudflare.com/cdn-cgi/beacon/expect-ct", Server=cloudflare, CF-RAY=5ff99631ffef939a-SJC]
Unicity [Date=Thu, 10 Dec 2020 20:06:31 GMT, Content-Type=text/javascript; charset=utf-8, Content-Length=380, Connection=keep-alive, Set-Cookie=__cfduid=d2de307d3c9ee4808bf7ccebf7954d8ec1607630790; expires=Sat, 09-Jan-21 20:06:30 GMT; path=/; domain=.unicity.net; HttpOnly; SameSite=Lax, x-powered-by=Express, x-request-id=7cede8b8-1cb2-9f82-a4cc-7773d297eb9c,7cede8b8-1cb2-9f82-a4cc-7773d297eb9c, x-request-uuid=7cede8b8-1cb2-9f82-a4cc-7773d297eb9c, x-request-release=5-2020120801/master, access-control-allow-origin=http://enroll.ng.unicityqa.com, vary=Accept-Encoding, link=<http://unicity.github.io/Hydra.php/docs/v5/>; rel="help", cache-control=no-cache, must-revalidate, expires=0, content-language=en-US, x-status-code=400, content-encoding=gzip, x-envoy-upstream-service-time=801, etag=W/"17c-YjtF5gK3qANsw+F+UeHOiT1zUdg", access-control-expose-headers=x-b3-traceid, x-request-id, x-b3-traceid=9486fe692d761830, CF-Cache-Status=DYNAMIC, cf-request-id=06efdc376900003b34e38c4000000001, Expect-CT=max-age=604800, report-uri="https://report-uri.cloudflare.com/cdn-cgi/beacon/expect-ct", Server=cloudflare, CF-RAY=5ff99638a8303b34-SJC]
Unicity [Date=Thu, 10 Dec 2020 20:06:31 GMT, Content-Type=text/javascript; charset=utf-8, Content-Length=378, Connection=keep-alive, Set-Cookie=__cfduid=d1a8bc6d75af85a4e4679c8d9ec81737a1607630790; expires=Sat, 09-Jan-21 20:06:30 GMT; path=/; domain=.unicity.net; HttpOnly; SameSite=Lax, x-powered-by=Express, x-request-id=0407965d-615c-92c7-a129-11bed0cf065c,0407965d-615c-92c7-a129-11bed0cf065c, x-request-uuid=0407965d-615c-92c7-a129-11bed0cf065c, x-request-release=5-2020120801/master, access-control-allow-origin=http://enroll.ng.unicityqa.com, vary=Accept-Encoding, link=<http://unicity.github.io/Hydra.php/docs/v5/>; rel="help", cache-control=no-cache, must-revalidate, expires=0, content-language=en-US, x-status-code=400, content-encoding=gzip, x-envoy-upstream-service-time=925, etag=W/"17a-HJFaBlBVyBmWX5KyVHpj46AWWLQ", access-control-expose-headers=x-b3-traceid, x-request-id, x-b3-traceid=fa7fc4c781914b3e, CF-Cache-Status=DYNAMIC, cf-request-id=06efdc37f800003aeb0f2f3000000001, Expect-CT=max-age=604800, report-uri="https://report-uri.cloudflare.com/cdn-cgi/beacon/expect-ct", Server=cloudflare, CF-RAY=5ff99639886c3aeb-SJC]
Unicity [Date=Thu, 10 Dec 2020 20:06:32 GMT, Content-Type=text/javascript; charset=utf-8, Content-Length=382, Connection=keep-alive, Set-Cookie=__cfduid=dc7279fc74a9e5765f73b8d1954cd28681607630791; expires=Sat, 09-Jan-21 20:06:31 GMT; path=/; domain=.unicity.net; HttpOnly; SameSite=Lax, x-powered-by=Express, x-request-id=f9103a17-32ea-9805-bc5b-9a283c76011a,f9103a17-32ea-9805-bc5b-9a283c76011a, x-request-uuid=f9103a17-32ea-9805-bc5b-9a283c76011a, x-request-release=5-2020120801/master, access-control-allow-origin=http://enroll.ng.unicityqa.com, vary=Accept-Encoding, link=<http://unicity.github.io/Hydra.php/docs/v5/>; rel="help", cache-control=no-cache, must-revalidate, expires=0, content-language=en-US, x-status-code=400, content-encoding=gzip, x-envoy-upstream-service-time=662, etag=W/"17e-UhF0QbQ0ZRCXvOjJAn0X/Q8a0L0", access-control-expose-headers=x-b3-traceid, x-request-id, x-b3-traceid=41c9a350aaf4aa42, CF-Cache-Status=DYNAMIC, cf-request-id=06efdc3cdb00003aeb0f357000000001, Expect-CT=max-age=604800, report-uri="https://report-uri.cloudflare.com/cdn-cgi/beacon/expect-ct", Server=cloudflare, CF-RAY=5ff996415ee33aeb-SJC]
Unicity [Date=Thu, 10 Dec 2020 20:06:33 GMT, Content-Type=text/javascript; charset=utf-8, Content-Length=384, Connection=keep-alive, Set-Cookie=__cfduid=dce82866f3d652907441470ef135af21a1607630792; expires=Sat, 09-Jan-21 20:06:32 GMT; path=/; domain=.unicity.net; HttpOnly; SameSite=Lax, x-powered-by=Express, x-request-id=641e5ca4-a833-9d74-b555-a7bcb69abde1,641e5ca4-a833-9d74-b555-a7bcb69abde1, x-request-uuid=641e5ca4-a833-9d74-b555-a7bcb69abde1, x-request-release=5-2020120801/master, access-control-allow-origin=http://enroll.ng.unicityqa.com, vary=Accept-Encoding, link=<http://unicity.github.io/Hydra.php/docs/v5/>; rel="help", cache-control=no-cache, must-revalidate, expires=0, content-language=en-US, x-status-code=400, content-encoding=gzip, x-envoy-upstream-service-time=531, etag=W/"180-txhCVYsAY4Db1nIvIq+kX9/lN3o", access-control-expose-headers=x-b3-traceid, x-request-id, x-b3-traceid=c6b4b892e2ded8fa, CF-Cache-Status=DYNAMIC, cf-request-id=06efdc3fd900003aeb0427a000000001, Expect-CT=max-age=604800, report-uri="https://report-uri.cloudflare.com/cdn-cgi/beacon/expect-ct", Server=cloudflare, CF-RAY=5ff996462fb93aeb-SJC]
Unicity [Date=Thu, 10 Dec 2020 20:06:33 GMT, Content-Type=text/javascript; charset=utf-8, Content-Length=383, Connection=keep-alive, Set-Cookie=__cfduid=d1d8aa1cf9c36cb816a9beab1ce9c1b441607630792; expires=Sat, 09-Jan-21 20:06:32 GMT; path=/; domain=.unicity.net; HttpOnly; SameSite=Lax, x-powered-by=Express, x-request-id=136b203d-068a-92d5-af54-253c41492869,136b203d-068a-92d5-af54-253c41492869, x-request-uuid=136b203d-068a-92d5-af54-253c41492869, x-request-release=5-2020120801/master, access-control-allow-origin=http://enroll.ng.unicityqa.com, vary=Accept-Encoding, link=<http://unicity.github.io/Hydra.php/docs/v5/>; rel="help", cache-control=no-cache, must-revalidate, expires=0, content-language=en-US, x-status-code=400, content-encoding=gzip, x-envoy-upstream-service-time=634, etag=W/"17f-fdMOhK7/j6+uMnz6taB1Dkp3zYI", access-control-expose-headers=x-b3-traceid, x-request-id, x-b3-traceid=9abf0030c2e8bcf6, CF-Cache-Status=DYNAMIC, cf-request-id=06efdc3ff70000939ac93a7000000001, Expect-CT=max-age=604800, report-uri="https://report-uri.cloudflare.com/cdn-cgi/beacon/expect-ct", Server=cloudflare, CF-RAY=5ff996465f1b939a-SJC]
Unicity [Date=Thu, 10 Dec 2020 20:06:35 GMT, Content-Type=text/javascript; charset=utf-8, Content-Length=384, Connection=keep-alive, Set-Cookie=__cfduid=df56612627e255c2eaa08124ba0c597941607630794; expires=Sat, 09-Jan-21 20:06:34 GMT; path=/; domain=.unicity.net; HttpOnly; SameSite=Lax, x-powered-by=Express, x-request-id=6424a736-0c8d-9f49-ad5f-b9212ca6d322,6424a736-0c8d-9f49-ad5f-b9212ca6d322, x-request-uuid=6424a736-0c8d-9f49-ad5f-b9212ca6d322, x-request-release=5-2020120801/master, access-control-allow-origin=http://enroll.ng.unicityqa.com, vary=Accept-Encoding, link=<http://unicity.github.io/Hydra.php/docs/v5/>; rel="help", cache-control=no-cache, must-revalidate, expires=0, content-language=en-US, x-status-code=400, content-encoding=gzip, x-envoy-upstream-service-time=762, etag=W/"180-9/qAwSyfkvtvspsJALmwXvl0jr4", access-control-expose-headers=x-b3-traceid, x-request-id, x-b3-traceid=74b399229d74c6c5, CF-Cache-Status=DYNAMIC, cf-request-id=06efdc45d500003aeb30033000000001, Expect-CT=max-age=604800, report-uri="https://report-uri.cloudflare.com/cdn-cgi/beacon/expect-ct", Server=cloudflare, CF-RAY=5ff9964fba4e3aeb-SJC]
Request URL: https://hydraqa.unicity.net/v5a-test/addresses?country=US&zip=84097
Entry response : {"items":[{"city":"Orem","state":"UT"}]}
]]></system-out>
    <system-err><![CDATA[Starting ChromeDriver 2.36.540470 (e522d04694c7ebea4ba8821272dbef4f9b818c91) on port 42204
Only local connections are allowed.
Dec 10, 2020 1:04:03 PM org.openqa.selenium.remote.ProtocolHandshake createSession
INFO: Detected dialect: OSS
]]></system-err>
  </testcase>
  <testcase name="Enroll" classname="Tests.PrefferedCustomer" time="166.732">
    <failure message="Major Market expected [MX] but found [null]" type="java.lang.AssertionError">java.lang.AssertionError: Major Market expected [MX] but found [null]
	at Tests.PrefferedCustomer.Enroll(PrefferedCustomer.java:104)
</failure>
    <system-out><![CDATA[Request URL: https://hydraqa.unicity.net/v5a-test/quotes?&expand=item
Entry Quotes response : {"items":[{"lines":{"items":[{"item":{"href":"https://hydraqa.unicity.net/v5a-test/items/10da226fab00279b4f89df10af2a10b7","id":{"unicity":"26442"}},"quantity":1,"terms":{"priceEach":125,"taxEach":{"amount":20},"discountEach":{"amount":0},"pvEach":0},"quantityLimit":{"quantityQuota":-1,"timeFrameDays":-1,"quantityOrdered":0}}]},"currency":"MXN"},{"lines":{"items":[{"item":{"href":"https://hydraqa.unicity.net/v5a-test/items/c522889845fe5b5a6bd790ca481a05b6","id":{"unicity":"26443"}},"quantity":1,"terms":{"priceEach":104.31,"taxEach":{"amount":16.69},"discountEach":{"amount":0},"pvEach":0},"quantityLimit":{"quantityQuota":-1,"timeFrameDays":-1,"quantityOrdered":0}}]},"currency":"MXN"},{"lines":{"items":[{"item":{"href":"https://hydraqa.unicity.net/v5a-test/items/91a6016282310b83203d0bb7bea14a0f","id":{"unicity":"29050"}},"quantity":1,"terms":{"priceEach":245.69,"taxEach":{"amount":39.31},"discountEach":{"amount":0},"pvEach":0},"quantityLimit":{"quantityQuota":-1,"timeFrameDays":-1,"quantityOrdered":0}}]},"currency":"MXN"},{"lines":{"items":[{"item":{"href":"https://hydraqa.unicity.net/v5a-test/items/bc85ca504dddbd891f34ba100c1fa765","id":{"unicity":"29249"}},"quantity":1,"terms":{"priceEach":337.93,"taxEach":{"amount":54.07},"discountEach":{"amount":0},"pvEach":10},"quantityLimit":{"quantityQuota":-1,"timeFrameDays":-1,"quantityOrdered":0}}]},"currency":"MXN"},{"lines":{"items":[{"item":{"href":"https://hydraqa.unicity.net/v5a-test/items/b332dd66200c8f1e7605c15cf649a419","id":{"unicity":"29265"}},"quantity":1,"terms":{"priceEach":655.17,"taxEach":{"amount":104.83},"discountEach":{"amount":0},"pvEach":22},"quantityLimit":{"quantityQuota":-1,"timeFrameDays":-1,"quantityOrdered":0}}]},"currency":"MXN"},{"lines":{"items":[{"item":{"href":"https://hydraqa.unicity.net/v5a-test/items/900d1386dcf5c120334ec76dd7ac40f6","id":{"unicity":"32501"}},"quantity":1,"terms":{"priceEach":328.45,"taxEach":{"amount":52.55},"discountEach":{"amount":0},"pvEach":14},"quantityLimit":{"quantityQuota":-1,"timeFrameDays":-1,"quantityOrdered":0}}]},"currency":"MXN"},{"lines":{"items":[{"item":{"href":"https://hydraqa.unicity.net/v5a-test/items/61976f41edc883754b09b33f9216edce","id":{"unicity":"31674"}},"quantity":1,"terms":{"priceEach":1264.65,"taxEach":{"amount":202.34},"discountEach":{"amount":0},"pvEach":50},"quantityLimit":{"quantityQuota":-1,"timeFrameDays":-1,"quantityOrdered":0}}]},"currency":"MXN"},{"lines":{"items":[{"item":{"href":"https://hydraqa.unicity.net/v5a-test/items/c71cdd78b407072f4c3400e17672e53d","id":{"unicity":"31668"}},"quantity":1,"terms":{"priceEach":552.59,"taxEach":{"amount":88.41},"discountEach":{"amount":0},"pvEach":19},"quantityLimit":{"quantityQuota":-1,"timeFrameDays":-1,"quantityOrdered":0}}]},"currency":"MXN"},{"lines":{"items":[{"item":{"href":"https://hydraqa.unicity.net/v5a-test/items/f990ee5864cd5f6a5268d34dfdce3eee","id":{"unicity":"31418"}},"quantity":1,"terms":{"priceEach":844.83,"taxEach":{"amount":135.17},"discountEach":{"amount":0},"pvEach":25},"quantityLimit":{"quantityQuota":-1,"timeFrameDays":-1,"quantityOrdered":0}}]},"currency":"MXN"}]}
Entry request : {"order":{"customer":{"href":"https://hydraqa.unicity.net/v5a-test/customers?type=PreferredCustomer"},"shipToAddress":{"country":"MX"}},"vary":{"lines":{"items":[{"item":{"href":"https://hydraqa.unicity.net/v5a-test/items?id.unicity=31441|26442|26443|29050|29239|29253|27721|29249|29241|29265|32501|31674|31668|32183|31418"}}]}}}
Request URL: https://hydraqa.unicity.net/v5a-test/customers.js?_httpMethod=HEAD&callback=angular.callbacks._5&email=GVUSPE@gmail.com
{sponsor=2, gender=male, city=TestCity, cartprice=125.0, enroller=2, language=Español, locale=es, type=PreferredCustomer, platform=QA, lname=TestLastName, password=Unicity, genderoption=Masculino, Currency=USD, api=5, email=GVUSPE@gmail.com, zip=84097, fname=TestFirstName, prefferd=Mexico, address2=Address 2, address1=Address 1, shippingmethod=type=Economy, version=v5a-test/, testcase=normal, mxbank=SANTANDER, market=Mexico, referral=yes, martial=Single, phone=9823746323, proto=https://hydraqa.unicity.net/, marketcode=MX, maritaloption=Soltero, ccname=CCNameTest, paymenttype=bank}
Request URL: https://hydraqa.unicity.net/v5a-test/orders.js
Entry request : {"customer":{"mainAddress":{"city":"TestCity","country":"MX","state":"QE","zip":"84097","address1":"Address 1","address2":"Address 2"},"humanName":{"firstName":"TestFirstName","lastName":"TestLastName"},"email":"GVUSPE@gmail.com","preferredLocale":"es-MX","password":{"value":"Unicity"},"gender":"male","maritalStatus":"Single","type":"PreferredCustomer","sponsor":{"href":"https://hydraqa.unicity.net/v5a-test/customers?id.unicity=2"},"enroller":{"href":"https://hydraqa.unicity.net/v5a-test/customers?id.unicity=2"},"homePhone":"9823746323","rights":[]},"lines":{"items":[{"item":{"href":"https://hydraqa.unicity.net/v5a-test/items?id.unicity=26442"},"quantity":1}]},"shipToName":{"firstName":"TestFirstName","lastName":"TestLastName"},"shipToPhone":"9823746323","shipToEmail":"GVUSPE@gmail.com","shipToAddress":{"city":"TestCity","country":"MX","state":"QE","address1":"Address 1","address2":"Address 2","zip":"84097"},"shippingMethod":{"href":"https://hydraqa.unicity.net/v5a-test/shippingmethods?type=Economy"},"notes":"","transactions":{"items":[{"amount":"this.terms.total","type":"IOU","method":"Cash","methodDetails":{"bankName":"SANTANDER"}}]}}
Entry response : {"meta":{"Link":"<http:\/\/unicity.github.io\/Hydra.php\/docs\/v5\/>; rel=\"help\"","X-Request-UUID":"e94e3507-0621-9334-ac56-b9a61554315f","X-Request-Release":"5-2020120801\/master","Cache-Control":"no-cache, must-revalidate","Expires":"0","X-Powered-By":"Luracast Restler v3.0.0rc5","Content-Type":"text\/javascript; charset=utf-8","Content-Language":"en","X-Status-Code":"400"},"data":{"error":{"code":400,"message":"Bad Request","error_code":"14007","error_message":"Invalid transaction method details. Error #Y4A4X"}}}
Headers-->keep-alive
Headers-->1154
Headers-->application/json, text/plain, */*
Headers-->es-MX
Headers-->application/json;charset=UTF-8
]]></system-out>
    <system-err><![CDATA[Starting ChromeDriver 2.36.540470 (e522d04694c7ebea4ba8821272dbef4f9b818c91) on port 17034
Only local connections are allowed.
Dec 10, 2020 1:07:09 PM org.openqa.selenium.remote.ProtocolHandshake createSession
INFO: Detected dialect: OSS
]]></system-err>
  </testcase>
  <testcase name="Enroll" classname="Tests.PrefferedCustomer" time="161.81">
    <failure message="Minor Summary Labels is Displaying expected [[Enrollment Summary, Enrollment Settings, About You, Your Shipping Address, Your Billing Address, Your Payment Information, Summary]] but found [[Credit Card Information, Billing/Mailing Address, Shipping Address, Shipping Method, Summary]]" type="java.lang.AssertionError">java.lang.AssertionError: Minor Summary Labels is Displaying expected [[Enrollment Summary, Enrollment Settings, About You, Your Shipping Address, Your Billing Address, Your Payment Information, Summary]] but found [[Credit Card Information, Billing/Mailing Address, Shipping Address, Shipping Method, Summary]]
	at Tests.PrefferedCustomer.Enroll(PrefferedCustomer.java:104)
</failure>
    <system-out><![CDATA[Request URL: https://hydraqa.unicity.net/v5a-test/quotes?&expand=item
Entry Quotes response : {"items":[{"lines":{"items":[{"item":{"href":"https://hydraqa.unicity.net/v5a-test/items/051e765a5a71835a859c2757edd359f0","id":{"unicity":"26580"}},"quantity":1,"terms":{"priceEach":225,"taxEach":{"amount":0},"discountEach":{"amount":0},"pvEach":130},"quantityLimit":{"quantityQuota":-1,"timeFrameDays":-1,"quantityOrdered":0}}]},"currency":"USD"},{"lines":{"items":[{"item":{"href":"https://hydraqa.unicity.net/v5a-test/items/38da42f991a40a00153b2e5055b82dbf","id":{"unicity":"27801"}},"quantity":1,"terms":{"priceEach":225,"taxEach":{"amount":0},"discountEach":{"amount":0},"pvEach":130},"quantityLimit":{"quantityQuota":-1,"timeFrameDays":-1,"quantityOrdered":0}}]},"currency":"USD"},{"lines":{"items":[{"item":{"href":"https://hydraqa.unicity.net/v5a-test/items/cea826eab72d44641c070aab6c97c1ac","id":{"unicity":"22747"}},"quantity":1,"terms":{"priceEach":35,"taxEach":{"amount":0},"discountEach":{"amount":0},"pvEach":16},"quantityLimit":{"quantityQuota":-1,"timeFrameDays":-1,"quantityOrdered":0}}]},"currency":"USD"},{"lines":{"items":[{"item":{"href":"https://hydraqa.unicity.net/v5a-test/items/9a7715e888c94989d898fe4653645721","id":{"unicity":"26550"}},"quantity":1,"terms":{"priceEach":99,"taxEach":{"amount":0},"discountEach":{"amount":0},"pvEach":52},"quantityLimit":{"quantityQuota":-1,"timeFrameDays":-1,"quantityOrdered":0}}]},"currency":"USD"},{"lines":{"items":[{"item":{"href":"https://hydraqa.unicity.net/v5a-test/items/0cf62d38e91953b43dcfe88b06f813cb","id":{"unicity":"26557"}},"quantity":1,"terms":{"priceEach":101,"taxEach":{"amount":0},"discountEach":{"amount":0},"pvEach":61},"quantityLimit":{"quantityQuota":-1,"timeFrameDays":-1,"quantityOrdered":0}}]},"currency":"USD"},{"lines":{"items":[{"item":{"href":"https://hydraqa.unicity.net/v5a-test/items/cda534d686af5d627c94c4bb2c4b57d8","id":{"unicity":"26561"}},"quantity":1,"terms":{"priceEach":21,"taxEach":{"amount":0},"discountEach":{"amount":0},"pvEach":11},"quantityLimit":{"quantityQuota":-1,"timeFrameDays":-1,"quantityOrdered":0}}]},"currency":"USD"},{"lines":{"items":[{"item":{"href":"https://hydraqa.unicity.net/v5a-test/items/0a3ede185ddf034630afd891c5106d33","id":{"unicity":"26562"}},"quantity":1,"terms":{"priceEach":43,"taxEach":{"amount":0},"discountEach":{"amount":0},"pvEach":25},"quantityLimit":{"quantityQuota":-1,"timeFrameDays":-1,"quantityOrdered":0}}]},"currency":"USD"},{"lines":{"items":[{"item":{"href":"https://hydraqa.unicity.net/v5a-test/items/1bd53de7fe880ba71f46c9976ca2c137","id":{"unicity":"27739"}},"quantity":1,"terms":{"priceEach":43,"taxEach":{"amount":0},"discountEach":{"amount":0},"pvEach":13},"quantityLimit":{"quantityQuota":-1,"timeFrameDays":-1,"quantityOrdered":0}}]},"currency":"USD"},{"lines":{"items":[{"item":{"href":"https://hydraqa.unicity.net/v5a-test/items/1945faa1776541d53120ecfe3c1d8a2b","id":{"unicity":"24418"}},"quantity":1,"terms":{"priceEach":7,"taxEach":{"amount":0},"discountEach":{"amount":0},"pvEach":0},"quantityLimit":{"quantityQuota":-1,"timeFrameDays":-1,"quantityOrdered":0}}]},"currency":"USD"},{"lines":{"items":[{"item":{"href":"https://hydraqa.unicity.net/v5a-test/items/9a6e1d094182389c3da8e0a320ff0e00","id":{"unicity":"27585"}},"quantity":1,"terms":{"priceEach":69,"taxEach":{"amount":0},"discountEach":{"amount":0},"pvEach":33},"quantityLimit":{"quantityQuota":-1,"timeFrameDays":-1,"quantityOrdered":0}}]},"currency":"USD"},{"lines":{"items":[{"item":{"href":"https://hydraqa.unicity.net/v5a-test/items/b127a2d34d3d73e2f53e4c2002a7a4a2","id":{"unicity":"25008"}},"quantity":1,"terms":{"priceEach":24,"taxEach":{"amount":0},"discountEach":{"amount":0},"pvEach":15},"quantityLimit":{"quantityQuota":-1,"timeFrameDays":-1,"quantityOrdered":0}}]},"currency":"USD"},{"lines":{"items":[{"item":{"href":"https://hydraqa.unicity.net/v5a-test/items/10da226fab00279b4f89df10af2a10b7","id":{"unicity":"26442"}},"quantity":1,"terms":{"priceEach":8,"taxEach":{"amount":0},"discountEach":{"amount":0},"pvEach":0},"quantityLimit":{"quantityQuota":-1,"timeFrameDays":-1,"quantityOrdered":0}}]},"currency":"USD"},{"lines":{"items":[{"item":{"href":"https://hydraqa.unicity.net/v5a-test/items/aa0d72ac13b1ce88cf8c4a52ede75a37","id":{"unicity":"26552"}},"quantity":1,"terms":{"priceEach":89,"taxEach":{"amount":0},"discountEach":{"amount":0},"pvEach":50},"quantityLimit":{"quantityQuota":-1,"timeFrameDays":-1,"quantityOrdered":0}}]},"currency":"USD"},{"lines":{"items":[{"item":{"href":"https://hydraqa.unicity.net/v5a-test/items/b2fc4b9ba4aa5cae54389161be2f841f","id":{"unicity":"18401"}},"quantity":1,"terms":{"priceEach":40,"taxEach":{"amount":0},"discountEach":{"amount":0},"pvEach":19},"quantityLimit":{"quantityQuota":-1,"timeFrameDays":-1,"quantityOrdered":0}}]},"currency":"USD"},{"lines":{"items":[{"item":{"href":"https://hydraqa.unicity.net/v5a-test/items/5a38f009bec6c23b1b3a70432f9722e5","id":{"unicity":"19596"}},"quantity":1,"terms":{"priceEach":63,"taxEach":{"amount":0},"discountEach":{"amount":0},"pvEach":30},"quantityLimit":{"quantityQuota":-1,"timeFrameDays":-1,"quantityOrdered":0}}]},"currency":"USD"},{"lines":{"items":[{"item":{"href":"https://hydraqa.unicity.net/v5a-test/items/398d06b858b960f6f38086d40608aef2","id":{"unicity":"26560"}},"quantity":1,"terms":{"priceEach":21,"taxEach":{"amount":0},"discountEach":{"amount":0},"pvEach":12},"quantityLimit":{"quantityQuota":-1,"timeFrameDays":-1,"quantityOrdered":0}}]},"currency":"USD"},{"lines":{"items":[{"item":{"href":"https://hydraqa.unicity.net/v5a-test/items/3f2d12d7a0e8551fc99fad3bbe1ba633","id":{"unicity":"26567"}},"quantity":1,"terms":{"priceEach":70,"taxEach":{"amount":0},"discountEach":{"amount":0},"pvEach":35},"quantityLimit":{"quantityQuota":-1,"timeFrameDays":-1,"quantityOrdered":0}}]},"currency":"USD"},{"lines":{"items":[{"item":{"href":"https://hydraqa.unicity.net/v5a-test/items/191637167cb3144bd2e8c4615e9ab67e","id":{"unicity":"26568"}},"quantity":1,"terms":{"priceEach":70,"taxEach":{"amount":0},"discountEach":{"amount":0},"pvEach":35},"quantityLimit":{"quantityQuota":-1,"timeFrameDays":-1,"quantityOrdered":0}}]},"currency":"USD"},{"lines":{"items":[{"item":{"href":"https://hydraqa.unicity.net/v5a-test/items/112b8c39286598b3730f630f371a45f4","id":{"unicity":"27587"}},"quantity":1,"terms":{"priceEach":71,"taxEach":{"amount":0},"discountEach":{"amount":0},"pvEach":33},"quantityLimit":{"quantityQuota":-1,"timeFrameDays":-1,"quantityOrdered":0}}]},"currency":"USD"},{"lines":{"items":[{"item":{"href":"https://hydraqa.unicity.net/v5a-test/items/25eaf64b36ce31368f17ae789fd9ac5b","id":{"unicity":"29694"}},"quantity":1,"terms":{"priceEach":69,"taxEach":{"amount":0},"discountEach":{"amount":0},"pvEach":33},"quantityLimit":{"quantityQuota":-1,"timeFrameDays":-1,"quantityOrdered":0}}]},"currency":"USD"},{"lines":{"items":[{"item":{"href":"https://hydraqa.unicity.net/v5a-test/items/634f7efb30392b2a919de1355902d975","id":{"unicity":"29408"}},"quantity":1,"terms":{"priceEach":99,"taxEach":{"amount":0},"discountEach":{"amount":0},"pvEach":52},"quantityLimit":{"quantityQuota":-1,"timeFrameDays":-1,"quantityOrdered":0}}]},"currency":"USD"},{"lines":{"items":[{"item":{"href":"https://hydraqa.unicity.net/v5a-test/items/bb5c627f16547cb4f706cef521bca356","id":{"unicity":"29437"}},"quantity":1,"terms":{"priceEach":78,"taxEach":{"amount":0},"discountEach":{"amount":0},"pvEach":36},"quantityLimit":{"quantityQuota":-1,"timeFrameDays":-1,"quantityOrdered":0}}]},"currency":"USD"},{"lines":{"items":[{"item":{"href":"https://hydraqa.unicity.net/v5a-test/items/24ff5bda40c0d0e7eaa511866d052915","id":{"unicity":"29612"}},"quantity":1,"terms":{"priceEach":61,"taxEach":{"amount":0},"discountEach":{"amount":0},"pvEach":30},"quantityLimit":{"quantityQuota":-1,"timeFrameDays":-1,"quantityOrdered":0}}]},"currency":"USD"},{"lines":{"items":[{"item":{"href":"https://hydraqa.unicity.net/v5a-test/items/024e696f8b44a1d315006e676604cd31","id":{"unicity":"27395"}},"quantity":1,"terms":{"priceEach":32,"taxEach":{"amount":0},"discountEach":{"amount":0},"pvEach":16},"quantityLimit":{"quantityQuota":-1,"timeFrameDays":-1,"quantityOrdered":0}}]},"currency":"USD"},{"lines":{"items":[{"item":{"href":"https://hydraqa.unicity.net/v5a-test/items/05ca08f3808f126c0cc42154c50fc75c","id":{"unicity":"29440"}},"quantity":1,"terms":{"priceEach":138,"taxEach":{"amount":0},"discountEach":{"amount":0},"pvEach":90},"quantityLimit":{"quantityQuota":-1,"timeFrameDays":-1,"quantityOrdered":0}}]},"currency":"USD"},{"lines":{"items":[{"item":{"href":"https://hydraqa.unicity.net/v5a-test/items/764e2db430d361da99e8f6b70c4d0244","id":{"unicity":"29830"}},"quantity":1,"terms":{"priceEach":20,"taxEach":{"amount":0},"discountEach":{"amount":0},"pvEach":7},"quantityLimit":{"quantityQuota":-1,"timeFrameDays":-1,"quantityOrdered":0}}]},"currency":"USD"},{"lines":{"items":[{"item":{"href":"https://hydraqa.unicity.net/v5a-test/items/b91affa753dd5ee8a9acef4fa7e2c9a7","id":{"unicity":"30414"}},"quantity":1,"terms":{"priceEach":110,"taxEach":{"amount":0},"discountEach":{"amount":0},"pvEach":65},"quantityLimit":{"quantityQuota":-1,"timeFrameDays":-1,"quantityOrdered":0}}]},"currency":"USD"},{"lines":{"items":[{"item":{"href":"https://hydraqa.unicity.net/v5a-test/items/2835b1a78e379486f0ffbfd5fb9f6b0a","id":{"unicity":"30400"}},"quantity":1,"terms":{"priceEach":49,"taxEach":{"amount":0},"discountEach":{"amount":0},"pvEach":28},"quantityLimit":{"quantityQuota":-1,"timeFrameDays":-1,"quantityOrdered":0}}]},"currency":"USD"},{"lines":{"items":[{"item":{"href":"https://hydraqa.unicity.net/v5a-test/items/00c2eb70c985722ce208490aece00945","id":{"unicity":"31729"}},"quantity":1,"terms":{"priceEach":170,"taxEach":{"amount":0},"discountEach":{"amount":0},"pvEach":100},"quantityLimit":{"quantityQuota":-1,"timeFrameDays":-1,"quantityOrdered":0}}]},"currency":"USD"},{"lines":{"items":[{"item":{"href":"https://hydraqa.unicity.net/v5a-test/items/693a7c4a70b06a00471afe8d6cae5023","id":{"unicity":"31730"}},"quantity":1,"terms":{"priceEach":150,"taxEach":{"amount":0},"discountEach":{"amount":0},"pvEach":80},"quantityLimit":{"quantityQuota":-1,"timeFrameDays":-1,"quantityOrdered":0}}]},"currency":"USD"},{"lines":{"items":[{"item":{"href":"https://hydraqa.unicity.net/v5a-test/items/ccb242d74dcb1fe621cc7bfe1b1de315","id":{"unicity":"31731"}},"quantity":1,"terms":{"priceEach":112,"taxEach":{"amount":0},"discountEach":{"amount":0},"pvEach":60},"quantityLimit":{"quantityQuota":-1,"timeFrameDays":-1,"quantityOrdered":0}}]},"currency":"USD"},{"lines":{"items":[{"item":{"href":"https://hydraqa.unicity.net/v5a-test/items/3875e24e6b6ebdf36c79d205614ed51e","id":{"unicity":"31846"}},"quantity":1,"terms":{"priceEach":160,"taxEach":{"amount":0},"discountEach":{"amount":0},"pvEach":94},"quantityLimit":{"quantityQuota":-1,"timeFrameDays":-1,"quantityOrdered":0}}]},"currency":"USD"},{"lines":{"items":[{"item":{"href":"https://hydraqa.unicity.net/v5a-test/items/89b6d29a85a88d44d65bc8cca3fefc65","id":{"unicity":"31845"}},"quantity":1,"terms":{"priceEach":170,"taxEach":{"amount":0},"discountEach":{"amount":0},"pvEach":100},"quantityLimit":{"quantityQuota":-1,"timeFrameDays":-1,"quantityOrdered":0}}]},"currency":"USD"},{"lines":{"items":[{"item":{"href":"https://hydraqa.unicity.net/v5a-test/items/65f231539924a2fa376afdb39f1f06d6","id":{"unicity":"31848"}},"quantity":1,"terms":{"priceEach":112,"taxEach":{"amount":0},"discountEach":{"amount":0},"pvEach":60},"quantityLimit":{"quantityQuota":-1,"timeFrameDays":-1,"quantityOrdered":0}}]},"currency":"USD"},{"lines":{"items":[{"item":{"href":"https://hydraqa.unicity.net/v5a-test/items/fbb319232b7eed110794d46a68302acb","id":{"unicity":"31847"}},"quantity":1,"terms":{"priceEach":150,"taxEach":{"amount":0},"discountEach":{"amount":0},"pvEach":80},"quantityLimit":{"quantityQuota":-1,"timeFrameDays":-1,"quantityOrdered":0}}]},"currency":"USD"},{"lines":{"items":[{"item":{"href":"https://hydraqa.unicity.net/v5a-test/items/cf8460040a1860bcabf250b6c1171675","id":{"unicity":"31858"}},"quantity":1,"terms":{"priceEach":330,"taxEach":{"amount":0},"discountEach":{"amount":0},"pvEach":195},"quantityLimit":{"quantityQuota":-1,"timeFrameDays":-1,"quantityOrdered":0}}]},"currency":"USD"},{"lines":{"items":[{"item":{"href":"https://hydraqa.unicity.net/v5a-test/items/2de8516a24af8232add0bb392e750a71","id":{"unicity":"31859"}},"quantity":1,"terms":{"priceEach":225,"taxEach":{"amount":0},"discountEach":{"amount":0},"pvEach":130},"quantityLimit":{"quantityQuota":-1,"timeFrameDays":-1,"quantityOrdered":0}}]},"currency":"USD"},{"lines":{"items":[{"item":{"href":"https://hydraqa.unicity.net/v5a-test/items/fd464cd7972cc1317e850b9196d886b8","id":{"unicity":"31863"}},"quantity":1,"terms":{"priceEach":255,"taxEach":{"amount":0},"discountEach":{"amount":0},"pvEach":148},"quantityLimit":{"quantityQuota":-1,"timeFrameDays":-1,"quantityOrdered":0}}]},"currency":"USD"},{"lines":{"items":[{"item":{"href":"https://hydraqa.unicity.net/v5a-test/items/d4c8fce238d6fc34d17a4b36d1e4e59a","id":{"unicity":"31860"}},"quantity":1,"terms":{"priceEach":245,"taxEach":{"amount":0},"discountEach":{"amount":0},"pvEach":135},"quantityLimit":{"quantityQuota":-1,"timeFrameDays":-1,"quantityOrdered":0}}]},"currency":"USD"},{"lines":{"items":[{"item":{"href":"https://hydraqa.unicity.net/v5a-test/items/4ab49eca1731e69206ccafb5112ad5a4","id":{"unicity":"31861"}},"quantity":1,"terms":{"priceEach":245,"taxEach":{"amount":0},"discountEach":{"amount":0},"pvEach":135},"quantityLimit":{"quantityQuota":-1,"timeFrameDays":-1,"quantityOrdered":0}}]},"currency":"USD"},{"lines":{"items":[{"item":{"href":"https://hydraqa.unicity.net/v5a-test/items/077823d29445b9020de9931f10c63efd","id":{"unicity":"31958"}},"quantity":1,"terms":{"priceEach":160,"taxEach":{"amount":0},"discountEach":{"amount":0},"pvEach":85},"quantityLimit":{"quantityQuota":-1,"timeFrameDays":-1,"quantityOrdered":0}}]},"currency":"USD"},{"lines":{"items":[{"item":{"href":"https://hydraqa.unicity.net/v5a-test/items/bfddb53fe0d5ed5432c531dc9850cbe4","id":{"unicity":"29449"}},"quantity":1,"terms":{"priceEach":43,"taxEach":{"amount":0},"discountEach":{"amount":0},"pvEach":25},"quantityLimit":{"quantityQuota":-1,"timeFrameDays":-1,"quantityOrdered":0}}]},"currency":"USD"},{"lines":{"items":[{"item":{"href":"https://hydraqa.unicity.net/v5a-test/items/50747027a065cb8361c1f0d6eb880466","id":{"unicity":"32030"}},"quantity":1,"terms":{"priceEach":179,"taxEach":{"amount":0},"discountEach":{"amount":0},"pvEach":102},"quantityLimit":{"quantityQuota":-1,"timeFrameDays":-1,"quantityOrdered":0}}]},"currency":"USD"},{"lines":{"items":[{"item":{"href":"https://hydraqa.unicity.net/v5a-test/items/c201dcd36f4bb7e17e7a8481ef08d6f2","id":{"unicity":"31518"}},"quantity":1,"terms":{"priceEach":38,"taxEach":{"amount":0},"discountEach":{"amount":0},"pvEach":14},"quantityLimit":{"quantityQuota":-1,"timeFrameDays":-1,"quantityOrdered":0}}]},"currency":"USD"},{"lines":{"items":[{"item":{"href":"https://hydraqa.unicity.net/v5a-test/items/c674cdded8a54983aae3c5dcb32c9e38","id":{"unicity":"32628"}},"quantity":1,"terms":{"priceEach":89,"taxEach":{"amount":0},"discountEach":{"amount":0},"pvEach":50},"quantityLimit":{"quantityQuota":-1,"timeFrameDays":-1,"quantityOrdered":0}}]},"currency":"USD"},{"lines":{"items":[{"item":{"href":"https://hydraqa.unicity.net/v5a-test/items/e30d5100db17be47578745dce83039e6","id":{"unicity":"32838"}},"quantity":1,"terms":{"priceEach":14.95,"taxEach":{"amount":0},"discountEach":{"amount":0},"pvEach":0},"quantityLimit":{"quantityQuota":-1,"timeFrameDays":-1,"quantityOrdered":0}}]},"currency":"USD"}]}
Entry request : {"order":{"customer":{"href":"https://hydraqa.unicity.net/v5a-test/customers?type=PreferredCustomer"},"shipToAddress":{"country":"US","state":"PR"}},"vary":{"lines":{"items":[{"item":{"href":"https://hydraqa.unicity.net/v5a-test/items?id.unicity=26580|31441|27801|22747|26550|26554|26557|26561|26562|27739|24418|27585|25008|26442|26555|18908|26552|27653|27212|27218|26983|27210|18401|25803|27029|27208|19596|26945|26560|26567|26568|27587|29694|29408|29437|29612|27395|29440|29830|30414|30400|31729|31730|31731|31846|31845|31848|31847|31858|31859|31863|31860|31861|31958|29449|32030|31518|32015|32628|32838"}}]}}}
Request URL: https://hydraqa.unicity.net/v5a-test/customers.js?callback=angular.callbacks._1&expand=customer,profilePicture&id.unicity=2
Request URL: https://hydraqa.unicity.net/v5a-test/customers.js?_httpMethod=HEAD&callback=angular.callbacks._4&email=SZYXUJ@gmail.com
Request URL: https://hydraqa.unicity.net/v5a-test/addresses?country=PR&zip=00907
Entry response : {"items":[{"city":"San Juan","state":"San Juan"}]}
]]></system-out>
    <system-err><![CDATA[Starting ChromeDriver 2.36.540470 (e522d04694c7ebea4ba8821272dbef4f9b818c91) on port 43056
Only local connections are allowed.
Dec 10, 2020 1:10:03 PM org.openqa.selenium.remote.ProtocolHandshake createSession
INFO: Detected dialect: OSS
]]></system-err>
  </testcase>
  <testcase name="Enroll" classname="Tests.PrefferedCustomer" time="217.659"/>
  <testcase name="Enroll" classname="Tests.PrefferedCustomer" time="180.942">
    <failure message="Critical Back end error" type="java.lang.AssertionError">java.lang.AssertionError: Critical Back end error
	at Tests.PrefferedCustomer.Enroll(PrefferedCustomer.java:103)
</failure>
    <system-out><![CDATA[Request URL: https://hydraqa.unicity.net/v5a-test/quotes?&expand=item
Entry Quotes response : {"items":[{"lines":{"items":[{"item":{"href":"https://hydraqa.unicity.net/v5a-test/items/051e765a5a71835a859c2757edd359f0","id":{"unicity":"26580"}},"quantity":1,"terms":{"priceEach":225,"taxEach":{"amount":0},"discountEach":{"amount":0},"pvEach":130},"quantityLimit":{"quantityQuota":-1,"timeFrameDays":-1,"quantityOrdered":0}}]},"currency":"USD"},{"lines":{"items":[{"item":{"href":"https://hydraqa.unicity.net/v5a-test/items/38da42f991a40a00153b2e5055b82dbf","id":{"unicity":"27801"}},"quantity":1,"terms":{"priceEach":225,"taxEach":{"amount":0},"discountEach":{"amount":0},"pvEach":130},"quantityLimit":{"quantityQuota":-1,"timeFrameDays":-1,"quantityOrdered":0}}]},"currency":"USD"},{"lines":{"items":[{"item":{"href":"https://hydraqa.unicity.net/v5a-test/items/9ff4257741d464b686d15be955b8afb6","id":{"unicity":"0963"}},"quantity":1,"terms":{"priceEach":54,"taxEach":{"amount":0},"discountEach":{"amount":0},"pvEach":25},"quantityLimit":{"quantityQuota":-1,"timeFrameDays":-1,"quantityOrdered":0}}]},"currency":"USD"},{"lines":{"items":[{"item":{"href":"https://hydraqa.unicity.net/v5a-test/items/716b7a0bca7fa73e42e000d668e7ee65","id":{"unicity":"15129"}},"quantity":1,"terms":{"priceEach":29,"taxEach":{"amount":0},"discountEach":{"amount":0},"pvEach":10},"quantityLimit":{"quantityQuota":-1,"timeFrameDays":-1,"quantityOrdered":0}}]},"currency":"USD"},{"lines":{"items":[{"item":{"href":"https://hydraqa.unicity.net/v5a-test/items/390a7ae70d5669561ecdf7d5cff2671b","id":{"unicity":"15271"}},"quantity":1,"terms":{"priceEach":89,"taxEach":{"amount":0},"discountEach":{"amount":0},"pvEach":27},"quantityLimit":{"quantityQuota":-1,"timeFrameDays":-1,"quantityOrdered":0}}]},"currency":"USD"},{"lines":{"items":[{"item":{"href":"https://hydraqa.unicity.net/v5a-test/items/4b2034f47fce90b87bba28c5c2d7c25d","id":{"unicity":"15880"}},"quantity":1,"terms":{"priceEach":76,"taxEach":{"amount":0},"discountEach":{"amount":0},"pvEach":41},"quantityLimit":{"quantityQuota":-1,"timeFrameDays":-1,"quantityOrdered":0}}]},"currency":"USD"},{"lines":{"items":[{"item":{"href":"https://hydraqa.unicity.net/v5a-test/items/2c4c1abe00983e85aaa918d2ce341491","id":{"unicity":"17174"}},"quantity":1,"terms":{"priceEach":22,"taxEach":{"amount":0},"discountEach":{"amount":0},"pvEach":10},"quantityLimit":{"quantityQuota":-1,"timeFrameDays":-1,"quantityOrdered":0}}]},"currency":"USD"},{"lines":{"items":[{"item":{"href":"https://hydraqa.unicity.net/v5a-test/items/cea826eab72d44641c070aab6c97c1ac","id":{"unicity":"22747"}},"quantity":1,"terms":{"priceEach":35,"taxEach":{"amount":0},"discountEach":{"amount":0},"pvEach":16},"quantityLimit":{"quantityQuota":-1,"timeFrameDays":-1,"quantityOrdered":0}}]},"currency":"USD"},{"lines":{"items":[{"item":{"href":"https://hydraqa.unicity.net/v5a-test/items/5c2f1613082782e691d32fe9ce034026","id":{"unicity":"23728"}},"quantity":1,"terms":{"priceEach":34,"taxEach":{"amount":0},"discountEach":{"amount":0},"pvEach":13},"quantityLimit":{"quantityQuota":-1,"timeFrameDays":-1,"quantityOrdered":0}}]},"currency":"USD"},{"lines":{"items":[{"item":{"href":"https://hydraqa.unicity.net/v5a-test/items/64ec7ad932acafab052a4e8800ad1238","id":{"unicity":"24758"}},"quantity":1,"terms":{"priceEach":40,"taxEach":{"amount":0},"discountEach":{"amount":0},"pvEach":21},"quantityLimit":{"quantityQuota":-1,"timeFrameDays":-1,"quantityOrdered":0}}]},"currency":"USD"},{"lines":{"items":[{"item":{"href":"https://hydraqa.unicity.net/v5a-test/items/9a7715e888c94989d898fe4653645721","id":{"unicity":"26550"}},"quantity":1,"terms":{"priceEach":99,"taxEach":{"amount":0},"discountEach":{"amount":0},"pvEach":52},"quantityLimit":{"quantityQuota":-1,"timeFrameDays":-1,"quantityOrdered":0}}]},"currency":"USD"},{"lines":{"items":[{"item":{"href":"https://hydraqa.unicity.net/v5a-test/items/3af97c67f653253825a9189a27da57d6","id":{"unicity":"26556"}},"quantity":1,"terms":{"priceEach":101,"taxEach":{"amount":0},"discountEach":{"amount":0},"pvEach":61},"quantityLimit":{"quantityQuota":-1,"timeFrameDays":-1,"quantityOrdered":0}}]},"currency":"USD"},{"lines":{"items":[{"item":{"href":"https://hydraqa.unicity.net/v5a-test/items/0cf62d38e91953b43dcfe88b06f813cb","id":{"unicity":"26557"}},"quantity":1,"terms":{"priceEach":101,"taxEach":{"amount":0},"discountEach":{"amount":0},"pvEach":61},"quantityLimit":{"quantityQuota":-1,"timeFrameDays":-1,"quantityOrdered":0}}]},"currency":"USD"},{"lines":{"items":[{"item":{"href":"https://hydraqa.unicity.net/v5a-test/items/398d06b858b960f6f38086d40608aef2","id":{"unicity":"26560"}},"quantity":1,"terms":{"priceEach":21,"taxEach":{"amount":0},"discountEach":{"amount":0},"pvEach":12},"quantityLimit":{"quantityQuota":-1,"timeFrameDays":-1,"quantityOrdered":0}}]},"currency":"USD"},{"lines":{"items":[{"item":{"href":"https://hydraqa.unicity.net/v5a-test/items/cda534d686af5d627c94c4bb2c4b57d8","id":{"unicity":"26561"}},"quantity":1,"terms":{"priceEach":21,"taxEach":{"amount":0},"discountEach":{"amount":0},"pvEach":11},"quantityLimit":{"quantityQuota":-1,"timeFrameDays":-1,"quantityOrdered":0}}]},"currency":"USD"},{"lines":{"items":[{"item":{"href":"https://hydraqa.unicity.net/v5a-test/items/0a3ede185ddf034630afd891c5106d33","id":{"unicity":"26562"}},"quantity":1,"terms":{"priceEach":43,"taxEach":{"amount":0},"discountEach":{"amount":0},"pvEach":25},"quantityLimit":{"quantityQuota":-1,"timeFrameDays":-1,"quantityOrdered":0}}]},"currency":"USD"},{"lines":{"items":[{"item":{"href":"https://hydraqa.unicity.net/v5a-test/items/16ca68abaaa92505c257be022a154769","id":{"unicity":"27615"}},"quantity":1,"terms":{"priceEach":37,"taxEach":{"amount":0},"discountEach":{"amount":0},"pvEach":21},"quantityLimit":{"quantityQuota":-1,"timeFrameDays":-1,"quantityOrdered":0}}]},"currency":"USD"},{"lines":{"items":[{"item":{"href":"https://hydraqa.unicity.net/v5a-test/items/1bd53de7fe880ba71f46c9976ca2c137","id":{"unicity":"27739"}},"quantity":1,"terms":{"priceEach":43,"taxEach":{"amount":0},"discountEach":{"amount":0},"pvEach":13},"quantityLimit":{"quantityQuota":-1,"timeFrameDays":-1,"quantityOrdered":0}}]},"currency":"USD"},{"lines":{"items":[{"item":{"href":"https://hydraqa.unicity.net/v5a-test/items/1945faa1776541d53120ecfe3c1d8a2b","id":{"unicity":"24418"}},"quantity":1,"terms":{"priceEach":7,"taxEach":{"amount":0},"discountEach":{"amount":0},"pvEach":0},"quantityLimit":{"quantityQuota":-1,"timeFrameDays":-1,"quantityOrdered":0}}]},"currency":"USD"},{"lines":{"items":[{"item":{"href":"https://hydraqa.unicity.net/v5a-test/items/9a6e1d094182389c3da8e0a320ff0e00","id":{"unicity":"27585"}},"quantity":1,"terms":{"priceEach":69,"taxEach":{"amount":0},"discountEach":{"amount":0},"pvEach":33},"quantityLimit":{"quantityQuota":-1,"timeFrameDays":-1,"quantityOrdered":0}}]},"currency":"USD"},{"lines":{"items":[{"item":{"href":"https://hydraqa.unicity.net/v5a-test/items/b127a2d34d3d73e2f53e4c2002a7a4a2","id":{"unicity":"25008"}},"quantity":1,"terms":{"priceEach":24,"taxEach":{"amount":0},"discountEach":{"amount":0},"pvEach":15},"quantityLimit":{"quantityQuota":-1,"timeFrameDays":-1,"quantityOrdered":0}}]},"currency":"USD"},{"lines":{"items":[{"item":{"href":"https://hydraqa.unicity.net/v5a-test/items/10da226fab00279b4f89df10af2a10b7","id":{"unicity":"26442"}},"quantity":1,"terms":{"priceEach":8,"taxEach":{"amount":0},"discountEach":{"amount":0},"pvEach":0},"quantityLimit":{"quantityQuota":-1,"timeFrameDays":-1,"quantityOrdered":0}}]},"currency":"USD"},{"lines":{"items":[{"item":{"href":"https://hydraqa.unicity.net/v5a-test/items/933f0856fd8ec1df83c5283dabf4ec3c","id":{"unicity":"6200"}},"quantity":1,"terms":{"priceEach":88,"taxEach":{"amount":0},"discountEach":{"amount":0},"pvEach":47},"quantityLimit":{"quantityQuota":-1,"timeFrameDays":-1,"quantityOrdered":0}}]},"currency":"USD"},{"lines":{"items":[{"item":{"href":"https://hydraqa.unicity.net/v5a-test/items/8d994059c399f5551ab112574e4476fc","id":{"unicity":"24785"}},"quantity":1,"terms":{"priceEach":18,"taxEach":{"amount":0},"discountEach":{"amount":0},"pvEach":9},"quantityLimit":{"quantityQuota":-1,"timeFrameDays":-1,"quantityOrdered":0}}]},"currency":"USD"},{"lines":{"items":[{"item":{"href":"https://hydraqa.unicity.net/v5a-test/items/aa0d72ac13b1ce88cf8c4a52ede75a37","id":{"unicity":"26552"}},"quantity":1,"terms":{"priceEach":89,"taxEach":{"amount":0},"discountEach":{"amount":0},"pvEach":50},"quantityLimit":{"quantityQuota":-1,"timeFrameDays":-1,"quantityOrdered":0}}]},"currency":"USD"},{"lines":{"items":[{"item":{"href":"https://hydraqa.unicity.net/v5a-test/items/8b5ed9aa6c6132e1be5e446f69a3465e","id":{"unicity":"0954"}},"quantity":1,"terms":{"priceEach":27,"taxEach":{"amount":0},"discountEach":{"amount":0},"pvEach":15},"quantityLimit":{"quantityQuota":-1,"timeFrameDays":-1,"quantityOrdered":0}}]},"currency":"USD"},{"lines":{"items":[{"item":{"href":"https://hydraqa.unicity.net/v5a-test/items/b2fc4b9ba4aa5cae54389161be2f841f","id":{"unicity":"18401"}},"quantity":1,"terms":{"priceEach":40,"taxEach":{"amount":0},"discountEach":{"amount":0},"pvEach":19},"quantityLimit":{"quantityQuota":-1,"timeFrameDays":-1,"quantityOrdered":0}}]},"currency":"USD"},{"lines":{"items":[{"item":{"href":"https://hydraqa.unicity.net/v5a-test/items/48433ffc76597c823adc2b8627e033e4","id":{"unicity":"26559"}},"quantity":1,"terms":{"priceEach":39,"taxEach":{"amount":0},"discountEach":{"amount":0},"pvEach":20},"quantityLimit":{"quantityQuota":-1,"timeFrameDays":-1,"quantityOrdered":0}}]},"currency":"USD"},{"lines":{"items":[{"item":{"href":"https://hydraqa.unicity.net/v5a-test/items/5a38f009bec6c23b1b3a70432f9722e5","id":{"unicity":"19596"}},"quantity":1,"terms":{"priceEach":63,"taxEach":{"amount":0},"discountEach":{"amount":0},"pvEach":30},"quantityLimit":{"quantityQuota":-1,"timeFrameDays":-1,"quantityOrdered":0}}]},"currency":"USD"},{"lines":{"items":[{"item":{"href":"https://hydraqa.unicity.net/v5a-test/items/ddef5f478ff91aa2263b646a3bd03dea","id":{"unicity":"21420"}},"quantity":1,"terms":{"priceEach":31,"taxEach":{"amount":0},"discountEach":{"amount":0},"pvEach":10},"quantityLimit":{"quantityQuota":-1,"timeFrameDays":-1,"quantityOrdered":0}}]},"currency":"USD"},{"lines":{"items":[{"item":{"href":"https://hydraqa.unicity.net/v5a-test/items/55d3b550a17b78175cc5ac565e4266e8","id":{"unicity":"24621"}},"quantity":1,"terms":{"priceEach":26,"taxEach":{"amount":0},"discountEach":{"amount":0},"pvEach":12},"quantityLimit":{"quantityQuota":-1,"timeFrameDays":-1,"quantityOrdered":0}}]},"currency":"USD"},{"lines":{"items":[{"item":{"href":"https://hydraqa.unicity.net/v5a-test/items/9d9d002b0e21b9bd58ad0154a4f781c5","id":{"unicity":"28836"}},"quantity":1,"terms":{"priceEach":75,"taxEach":{"amount":0},"discountEach":{"amount":0},"pvEach":36},"quantityLimit":{"quantityQuota":-1,"timeFrameDays":-1,"quantityOrdered":0}}]},"currency":"USD"},{"lines":{"items":[{"item":{"href":"https://hydraqa.unicity.net/v5a-test/items/399be8efa903b362515c48315ab2afb9","id":{"unicity":"15712"}},"quantity":1,"terms":{"priceEach":28,"taxEach":{"amount":0},"discountEach":{"amount":0},"pvEach":11},"quantityLimit":{"quantityQuota":-1,"timeFrameDays":-1,"quantityOrdered":0}}]},"currency":"USD"},{"lines":{"items":[{"item":{"href":"https://hydraqa.unicity.net/v5a-test/items/d489ec0d50f6e28d5743afc65439631b","id":{"unicity":"0960"}},"quantity":1,"terms":{"priceEach":48,"taxEach":{"amount":0},"discountEach":{"amount":0},"pvEach":23},"quantityLimit":{"quantityQuota":-1,"timeFrameDays":-1,"quantityOrdered":0}}]},"currency":"USD"},{"lines":{"items":[{"item":{"href":"https://hydraqa.unicity.net/v5a-test/items/66839181d7531692a8d886a9da6fb4d6","id":{"unicity":"25369"}},"quantity":1,"terms":{"priceEach":63,"taxEach":{"amount":0},"discountEach":{"amount":0},"pvEach":25},"quantityLimit":{"quantityQuota":-1,"timeFrameDays":-1,"quantityOrdered":0}}]},"currency":"USD"},{"lines":{"items":[{"item":{"href":"https://hydraqa.unicity.net/v5a-test/items/8ed7a8910d5c5335774fa9cfae0e511d","id":{"unicity":"18386"}},"quantity":1,"terms":{"priceEach":35,"taxEach":{"amount":0},"discountEach":{"amount":0},"pvEach":21},"quantityLimit":{"quantityQuota":-1,"timeFrameDays":-1,"quantityOrdered":0}}]},"currency":"USD"},{"lines":{"items":[{"item":{"href":"https://hydraqa.unicity.net/v5a-test/items/3f2d12d7a0e8551fc99fad3bbe1ba633","id":{"unicity":"26567"}},"quantity":1,"terms":{"priceEach":70,"taxEach":{"amount":0},"discountEach":{"amount":0},"pvEach":35},"quantityLimit":{"quantityQuota":-1,"timeFrameDays":-1,"quantityOrdered":0}}]},"currency":"USD"},{"lines":{"items":[{"item":{"href":"https://hydraqa.unicity.net/v5a-test/items/191637167cb3144bd2e8c4615e9ab67e","id":{"unicity":"26568"}},"quantity":1,"terms":{"priceEach":70,"taxEach":{"amount":0},"discountEach":{"amount":0},"pvEach":35},"quantityLimit":{"quantityQuota":-1,"timeFrameDays":-1,"quantityOrdered":0}}]},"currency":"USD"},{"lines":{"items":[{"item":{"href":"https://hydraqa.unicity.net/v5a-test/items/2cefc6a61faaae3455a5adcb0d8fc74f","id":{"unicity":"15907"}},"quantity":1,"terms":{"priceEach":19,"taxEach":{"amount":0},"discountEach":{"amount":0},"pvEach":5},"quantityLimit":{"quantityQuota":-1,"timeFrameDays":-1,"quantityOrdered":0}}]},"currency":"USD"},{"lines":{"items":[{"item":{"href":"https://hydraqa.unicity.net/v5a-test/items/e870d73cd94149d9f6b55de9736c9daa","id":{"unicity":"3107"}},"quantity":1,"terms":{"priceEach":31,"taxEach":{"amount":0},"discountEach":{"amount":0},"pvEach":16},"quantityLimit":{"quantityQuota":-1,"timeFrameDays":-1,"quantityOrdered":0}}]},"currency":"USD"},{"lines":{"items":[{"item":{"href":"https://hydraqa.unicity.net/v5a-test/items/fa2407c91e64e66a72ab45172eb978df","id":{"unicity":"0988"}},"quantity":1,"terms":{"priceEach":47,"taxEach":{"amount":0},"discountEach":{"amount":0},"pvEach":23},"quantityLimit":{"quantityQuota":-1,"timeFrameDays":-1,"quantityOrdered":0}}]},"currency":"USD"},{"lines":{"items":[{"item":{"href":"https://hydraqa.unicity.net/v5a-test/items/40a1044968ea62276f4ba87fd2ef0d8f","id":{"unicity":"12230"}},"quantity":1,"terms":{"priceEach":52,"taxEach":{"amount":0},"discountEach":{"amount":0},"pvEach":18},"quantityLimit":{"quantityQuota":-1,"timeFrameDays":-1,"quantityOrdered":0}}]},"currency":"USD"},{"lines":{"items":[{"item":{"href":"https://hydraqa.unicity.net/v5a-test/items/112b8c39286598b3730f630f371a45f4","id":{"unicity":"27587"}},"quantity":1,"terms":{"priceEach":71,"taxEach":{"amount":0},"discountEach":{"amount":0},"pvEach":33},"quantityLimit":{"quantityQuota":-1,"timeFrameDays":-1,"quantityOrdered":0}}]},"currency":"USD"},{"lines":{"items":[{"item":{"href":"https://hydraqa.unicity.net/v5a-test/items/e218d1cac5f31e7ae4f5876c29c57377","id":{"unicity":"29017"}},"quantity":1,"terms":{"priceEach":49,"taxEach":{"amount":0},"discountEach":{"amount":0},"pvEach":26},"quantityLimit":{"quantityQuota":-1,"timeFrameDays":-1,"quantityOrdered":0}}]},"currency":"USD"},{"lines":{"items":[{"item":{"href":"https://hydraqa.unicity.net/v5a-test/items/25eaf64b36ce31368f17ae789fd9ac5b","id":{"unicity":"29694"}},"quantity":1,"terms":{"priceEach":69,"taxEach":{"amount":0},"discountEach":{"amount":0},"pvEach":33},"quantityLimit":{"quantityQuota":-1,"timeFrameDays":-1,"quantityOrdered":0}}]},"currency":"USD"},{"lines":{"items":[{"item":{"href":"https://hydraqa.unicity.net/v5a-test/items/634f7efb30392b2a919de1355902d975","id":{"unicity":"29408"}},"quantity":1,"terms":{"priceEach":99,"taxEach":{"amount":0},"discountEach":{"amount":0},"pvEach":52},"quantityLimit":{"quantityQuota":-1,"timeFrameDays":-1,"quantityOrdered":0}}]},"currency":"USD"},{"lines":{"items":[{"item":{"href":"https://hydraqa.unicity.net/v5a-test/items/bb5c627f16547cb4f706cef521bca356","id":{"unicity":"29437"}},"quantity":1,"terms":{"priceEach":78,"taxEach":{"amount":0},"discountEach":{"amount":0},"pvEach":36},"quantityLimit":{"quantityQuota":-1,"timeFrameDays":-1,"quantityOrdered":0}}]},"currency":"USD"},{"lines":{"items":[{"item":{"href":"https://hydraqa.unicity.net/v5a-test/items/991cdbb84a495779eb209fb3956a77e4","id":{"unicity":"29183"}},"quantity":1,"terms":{"priceEach":52,"taxEach":{"amount":0},"discountEach":{"amount":0},"pvEach":24},"quantityLimit":{"quantityQuota":-1,"timeFrameDays":-1,"quantityOrdered":0}}]},"currency":"USD"},{"lines":{"items":[{"item":{"href":"https://hydraqa.unicity.net/v5a-test/items/1b0412bea8c0b841c66f65a36aa14108","id":{"unicity":"29191"}},"quantity":1,"terms":{"priceEach":80,"taxEach":{"amount":0},"discountEach":{"amount":0},"pvEach":36},"quantityLimit":{"quantityQuota":-1,"timeFrameDays":-1,"quantityOrdered":0}}]},"currency":"USD"},{"lines":{"items":[{"item":{"href":"https://hydraqa.unicity.net/v5a-test/items/362999101a321b721c87110710ae77b0","id":{"unicity":"29352"}},"quantity":1,"terms":{"priceEach":149,"taxEach":{"amount":0},"discountEach":{"amount":0},"pvEach":80},"quantityLimit":{"quantityQuota":-1,"timeFrameDays":-1,"quantityOrdered":0}}]},"currency":"USD"},{"lines":{"items":[{"item":{"href":"https://hydraqa.unicity.net/v5a-test/items/24ff5bda40c0d0e7eaa511866d052915","id":{"unicity":"29612"}},"quantity":1,"terms":{"priceEach":61,"taxEach":{"amount":0},"discountEach":{"amount":0},"pvEach":30},"quantityLimit":{"quantityQuota":-1,"timeFrameDays":-1,"quantityOrdered":0}}]},"currency":"USD"},{"lines":{"items":[{"item":{"href":"https://hydraqa.unicity.net/v5a-test/items/e0a19d3d676bccfdba0ab3d9f2766359","id":{"unicity":"30350"}},"quantity":1,"terms":{"priceEach":60,"taxEach":{"amount":0},"discountEach":{"amount":0},"pvEach":30},"quantityLimit":{"quantityQuota":-1,"timeFrameDays":-1,"quantityOrdered":0}}]},"currency":"USD"},{"lines":{"items":[{"item":{"href":"https://hydraqa.unicity.net/v5a-test/items/024e696f8b44a1d315006e676604cd31","id":{"unicity":"27395"}},"quantity":1,"terms":{"priceEach":32,"taxEach":{"amount":0},"discountEach":{"amount":0},"pvEach":16},"quantityLimit":{"quantityQuota":-1,"timeFrameDays":-1,"quantityOrdered":0}}]},"currency":"USD"},{"lines":{"items":[{"item":{"href":"https://hydraqa.unicity.net/v5a-test/items/05ca08f3808f126c0cc42154c50fc75c","id":{"unicity":"29440"}},"quantity":1,"terms":{"priceEach":138,"taxEach":{"amount":0},"discountEach":{"amount":0},"pvEach":90},"quantityLimit":{"quantityQuota":-1,"timeFrameDays":-1,"quantityOrdered":0}}]},"currency":"USD"},{"lines":{"items":[{"item":{"href":"https://hydraqa.unicity.net/v5a-test/items/764e2db430d361da99e8f6b70c4d0244","id":{"unicity":"29830"}},"quantity":1,"terms":{"priceEach":20,"taxEach":{"amount":0},"discountEach":{"amount":0},"pvEach":7},"quantityLimit":{"quantityQuota":-1,"timeFrameDays":-1,"quantityOrdered":0}}]},"currency":"USD"},{"lines":{"items":[{"item":{"href":"https://hydraqa.unicity.net/v5a-test/items/035189015384166df518a68ede0299a9","id":{"unicity":"30408"}},"quantity":1,"terms":{"priceEach":101,"taxEach":{"amount":0},"discountEach":{"amount":0},"pvEach":50},"quantityLimit":{"quantityQuota":-1,"timeFrameDays":-1,"quantityOrdered":0}}]},"currency":"USD"},{"lines":{"items":[{"item":{"href":"https://hydraqa.unicity.net/v5a-test/items/b91affa753dd5ee8a9acef4fa7e2c9a7","id":{"unicity":"30414"}},"quantity":1,"terms":{"priceEach":110,"taxEach":{"amount":0},"discountEach":{"amount":0},"pvEach":65},"quantityLimit":{"quantityQuota":-1,"timeFrameDays":-1,"quantityOrdered":0}}]},"currency":"USD"},{"lines":{"items":[{"item":{"href":"https://hydraqa.unicity.net/v5a-test/items/2835b1a78e379486f0ffbfd5fb9f6b0a","id":{"unicity":"30400"}},"quantity":1,"terms":{"priceEach":49,"taxEach":{"amount":0},"discountEach":{"amount":0},"pvEach":28},"quantityLimit":{"quantityQuota":-1,"timeFrameDays":-1,"quantityOrdered":0}}]},"currency":"USD"},{"lines":{"items":[{"item":{"href":"https://hydraqa.unicity.net/v5a-test/items/0e78fbdfebef11cd62f8d2120064ee58","id":{"unicity":"30280"}},"quantity":1,"terms":{"priceEach":52,"taxEach":{"amount":0},"discountEach":{"amount":0},"pvEach":24},"quantityLimit":{"quantityQuota":-1,"timeFrameDays":-1,"quantityOrdered":0}}]},"currency":"USD"},{"lines":{"items":[{"item":{"href":"https://hydraqa.unicity.net/v5a-test/items/5bda067b70c43971650a6ef983f612e4","id":{"unicity":"31728"}},"quantity":1,"terms":{"priceEach":160,"taxEach":{"amount":0},"discountEach":{"amount":0},"pvEach":94},"quantityLimit":{"quantityQuota":-1,"timeFrameDays":-1,"quantityOrdered":0}}]},"currency":"USD"},{"lines":{"items":[{"item":{"href":"https://hydraqa.unicity.net/v5a-test/items/00c2eb70c985722ce208490aece00945","id":{"unicity":"31729"}},"quantity":1,"terms":{"priceEach":170,"taxEach":{"amount":0},"discountEach":{"amount":0},"pvEach":100},"quantityLimit":{"quantityQuota":-1,"timeFrameDays":-1,"quantityOrdered":0}}]},"currency":"USD"},{"lines":{"items":[{"item":{"href":"https://hydraqa.unicity.net/v5a-test/items/693a7c4a70b06a00471afe8d6cae5023","id":{"unicity":"31730"}},"quantity":1,"terms":{"priceEach":150,"taxEach":{"amount":0},"discountEach":{"amount":0},"pvEach":80},"quantityLimit":{"quantityQuota":-1,"timeFrameDays":-1,"quantityOrdered":0}}]},"currency":"USD"},{"lines":{"items":[{"item":{"href":"https://hydraqa.unicity.net/v5a-test/items/ccb242d74dcb1fe621cc7bfe1b1de315","id":{"unicity":"31731"}},"quantity":1,"terms":{"priceEach":112,"taxEach":{"amount":0},"discountEach":{"amount":0},"pvEach":60},"quantityLimit":{"quantityQuota":-1,"timeFrameDays":-1,"quantityOrdered":0}}]},"currency":"USD"},{"lines":{"items":[{"item":{"href":"https://hydraqa.unicity.net/v5a-test/items/3875e24e6b6ebdf36c79d205614ed51e","id":{"unicity":"31846"}},"quantity":1,"terms":{"priceEach":160,"taxEach":{"amount":0},"discountEach":{"amount":0},"pvEach":94},"quantityLimit":{"quantityQuota":-1,"timeFrameDays":-1,"quantityOrdered":0}}]},"currency":"USD"},{"lines":{"items":[{"item":{"href":"https://hydraqa.unicity.net/v5a-test/items/89b6d29a85a88d44d65bc8cca3fefc65","id":{"unicity":"31845"}},"quantity":1,"terms":{"priceEach":170,"taxEach":{"amount":0},"discountEach":{"amount":0},"pvEach":100},"quantityLimit":{"quantityQuota":-1,"timeFrameDays":-1,"quantityOrdered":0}}]},"currency":"USD"},{"lines":{"items":[{"item":{"href":"https://hydraqa.unicity.net/v5a-test/items/fbb319232b7eed110794d46a68302acb","id":{"unicity":"31847"}},"quantity":1,"terms":{"priceEach":150,"taxEach":{"amount":0},"discountEach":{"amount":0},"pvEach":80},"quantityLimit":{"quantityQuota":-1,"timeFrameDays":-1,"quantityOrdered":0}}]},"currency":"USD"},{"lines":{"items":[{"item":{"href":"https://hydraqa.unicity.net/v5a-test/items/cf8460040a1860bcabf250b6c1171675","id":{"unicity":"31858"}},"quantity":1,"terms":{"priceEach":330,"taxEach":{"amount":0},"discountEach":{"amount":0},"pvEach":195},"quantityLimit":{"quantityQuota":-1,"timeFrameDays":-1,"quantityOrdered":0}}]},"currency":"USD"},{"lines":{"items":[{"item":{"href":"https://hydraqa.unicity.net/v5a-test/items/2de8516a24af8232add0bb392e750a71","id":{"unicity":"31859"}},"quantity":1,"terms":{"priceEach":225,"taxEach":{"amount":0},"discountEach":{"amount":0},"pvEach":130},"quantityLimit":{"quantityQuota":-1,"timeFrameDays":-1,"quantityOrdered":0}}]},"currency":"USD"},{"lines":{"items":[{"item":{"href":"https://hydraqa.unicity.net/v5a-test/items/077823d29445b9020de9931f10c63efd","id":{"unicity":"31958"}},"quantity":1,"terms":{"priceEach":160,"taxEach":{"amount":0},"discountEach":{"amount":0},"pvEach":85},"quantityLimit":{"quantityQuota":-1,"timeFrameDays":-1,"quantityOrdered":0}}]},"currency":"USD"},{"lines":{"items":[{"item":{"href":"https://hydraqa.unicity.net/v5a-test/items/bfddb53fe0d5ed5432c531dc9850cbe4","id":{"unicity":"29449"}},"quantity":1,"terms":{"priceEach":43,"taxEach":{"amount":0},"discountEach":{"amount":0},"pvEach":25},"quantityLimit":{"quantityQuota":-1,"timeFrameDays":-1,"quantityOrdered":0}}]},"currency":"USD"},{"lines":{"items":[{"item":{"href":"https://hydraqa.unicity.net/v5a-test/items/7fc100f8d20814757efe2d79e41b315c","id":{"unicity":"32021"}},"quantity":1,"terms":{"priceEach":104,"taxEach":{"amount":0},"discountEach":{"amount":0},"pvEach":60},"quantityLimit":{"quantityQuota":-1,"timeFrameDays":-1,"quantityOrdered":0}}]},"currency":"USD"},{"lines":{"items":[{"item":{"href":"https://hydraqa.unicity.net/v5a-test/items/50747027a065cb8361c1f0d6eb880466","id":{"unicity":"32030"}},"quantity":1,"terms":{"priceEach":179,"taxEach":{"amount":0},"discountEach":{"amount":0},"pvEach":102},"quantityLimit":{"quantityQuota":-1,"timeFrameDays":-1,"quantityOrdered":0}}]},"currency":"USD"},{"lines":{"items":[{"item":{"href":"https://hydraqa.unicity.net/v5a-test/items/c201dcd36f4bb7e17e7a8481ef08d6f2","id":{"unicity":"31518"}},"quantity":1,"terms":{"priceEach":38,"taxEach":{"amount":0},"discountEach":{"amount":0},"pvEach":14},"quantityLimit":{"quantityQuota":-1,"timeFrameDays":-1,"quantityOrdered":0}}]},"currency":"USD"},{"lines":{"items":[{"item":{"href":"https://hydraqa.unicity.net/v5a-test/items/bed533c634e887357ff031d8e4c776b0","id":{"unicity":"31751"}},"quantity":1,"terms":{"priceEach":115,"taxEach":{"amount":0},"discountEach":{"amount":0},"pvEach":50},"quantityLimit":{"quantityQuota":-1,"timeFrameDays":-1,"quantityOrdered":0}}]},"currency":"USD"},{"lines":{"items":[{"item":{"href":"https://hydraqa.unicity.net/v5a-test/items/69461244686345ba75765978ef53c749","id":{"unicity":"32015"}},"quantity":1,"terms":{"priceEach":6.95,"taxEach":{"amount":0},"discountEach":{"amount":0},"pvEach":0},"quantityLimit":{"quantityQuota":-1,"timeFrameDays":-1,"quantityOrdered":0}}]},"currency":"USD"},{"lines":{"items":[{"item":{"href":"https://hydraqa.unicity.net/v5a-test/items/c674cdded8a54983aae3c5dcb32c9e38","id":{"unicity":"32628"}},"quantity":1,"terms":{"priceEach":89,"taxEach":{"amount":0},"discountEach":{"amount":0},"pvEach":50},"quantityLimit":{"quantityQuota":-1,"timeFrameDays":-1,"quantityOrdered":0}}]},"currency":"USD"},{"lines":{"items":[{"item":{"href":"https://hydraqa.unicity.net/v5a-test/items/69d8547e9e264505ce055e09920659fd","id":{"unicity":"33019"}},"quantity":1,"terms":{"priceEach":210,"taxEach":{"amount":0},"discountEach":{"amount":0},"pvEach":151},"quantityLimit":{"quantityQuota":-1,"timeFrameDays":-1,"quantityOrdered":0}}]},"currency":"USD"},{"lines":{"items":[{"item":{"href":"https://hydraqa.unicity.net/v5a-test/items/30b5c0f54df52286b3d87a6a1dfd314a","id":{"unicity":"33018"}},"quantity":1,"terms":{"priceEach":227,"taxEach":{"amount":0},"discountEach":{"amount":0},"pvEach":133},"quantityLimit":{"quantityQuota":-1,"timeFrameDays":-1,"quantityOrdered":0}}]},"currency":"USD"},{"lines":{"items":[{"item":{"href":"https://hydraqa.unicity.net/v5a-test/items/16a422e03f6e3a79ba7bcd7fd50e31c0","id":{"unicity":"33017"}},"quantity":1,"terms":{"priceEach":166,"taxEach":{"amount":0},"discountEach":{"amount":0},"pvEach":110},"quantityLimit":{"quantityQuota":-1,"timeFrameDays":-1,"quantityOrdered":0}}]},"currency":"USD"},{"lines":{"items":[{"item":{"href":"https://hydraqa.unicity.net/v5a-test/items/30f2eb8ab275ef57ae8082b3435a3d69","id":{"unicity":"33016"}},"quantity":1,"terms":{"priceEach":220,"taxEach":{"amount":0},"discountEach":{"amount":0},"pvEach":142},"quantityLimit":{"quantityQuota":-1,"timeFrameDays":-1,"quantityOrdered":0}}]},"currency":"USD"},{"lines":{"items":[{"item":{"href":"https://hydraqa.unicity.net/v5a-test/items/e30d5100db17be47578745dce83039e6","id":{"unicity":"32838"}},"quantity":1,"terms":{"priceEach":14.95,"taxEach":{"amount":0},"discountEach":{"amount":0},"pvEach":0},"quantityLimit":{"quantityQuota":-1,"timeFrameDays":-1,"quantityOrdered":0}}]},"currency":"USD"}]}
Entry request : {"order":{"customer":{"href":"https://hydraqa.unicity.net/v5a-test/customers?type=PreferredCustomer"},"shipToAddress":{"country":"US"}},"vary":{"lines":{"items":[{"item":{"href":"https://hydraqa.unicity.net/v5a-test/items?id.unicity=26580|31440|31441|27801|0963|15129|15271|15880|17174|22745|22747|23728|24758|25022|26550|26556|26557|26560|26561|26562|27615|27739|24418|27585|25008|26442|6200|15916|18908|24785|26552|27028|0954|18401|27029|26559|19596|26945|21420|24621|28836|15712|0960|25369|18386|26567|26568|15907|28513|3107|0988|12230|26950|26786|27587|29017|29694|29408|29437|29183|29191|29352|29612|30350|27395|29440|29830|30408|30414|30400|30280|31314|31728|31729|31730|31731|31846|31845|31847|31858|31859|31958|29449|32021|32030|31518|31751|32015|32628|33019|33018|33017|33016|32838|33476|26555"}}]}}}
Request URL: https://hydraqa.unicity.net/v5a-test/customers.js?callback=angular.callbacks._1&expand=customer,profilePicture&id.unicity=2
Request URL: https://hydraqa.unicity.net/v5a-test/customers.js?_httpMethod=HEAD&callback=angular.callbacks._4&email=VOVWFM@gmail.com
Unicity [Date=Thu, 10 Dec 2020 20:19:07 GMT, Content-Type=text/javascript; charset=utf-8, Content-Length=379, Connection=keep-alive, Set-Cookie=__cfduid=d33967b2e800e4b8e33f2f18c7039f7751607631546; expires=Sat, 09-Jan-21 20:19:06 GMT; path=/; domain=.unicity.net; HttpOnly; SameSite=Lax, x-powered-by=Express, x-request-id=3e67e406-e85e-9a0a-b3eb-fba018abb28d,3e67e406-e85e-9a0a-b3eb-fba018abb28d, x-request-uuid=3e67e406-e85e-9a0a-b3eb-fba018abb28d, x-request-release=5-2020120801/master, access-control-allow-origin=http://enroll.ng.unicityqa.com, vary=Accept-Encoding, link=<http://unicity.github.io/Hydra.php/docs/v5/>; rel="help", cache-control=no-cache, must-revalidate, expires=0, content-language=en-US, x-status-code=400, content-encoding=gzip, x-envoy-upstream-service-time=711, etag=W/"17b-9ceP2FVmh4duBfzLvZUiFV6FBPE", access-control-expose-headers=x-b3-traceid, x-request-id, x-b3-traceid=fb2dc6032bb5bc8e, CF-Cache-Status=DYNAMIC, cf-request-id=06efe7c2520000025235270000000001, Expect-CT=max-age=604800, report-uri="https://report-uri.cloudflare.com/cdn-cgi/beacon/expect-ct", Server=cloudflare, CF-RAY=5ff9a8b08ed60252-SJC]
Unicity [Date=Thu, 10 Dec 2020 20:19:10 GMT, Content-Type=text/javascript; charset=utf-8, Content-Length=379, Connection=keep-alive, Set-Cookie=__cfduid=da145b6c9fe1631b5d5164c040f24e79a1607631549; expires=Sat, 09-Jan-21 20:19:09 GMT; path=/; domain=.unicity.net; HttpOnly; SameSite=Lax, x-powered-by=Express, x-request-id=ca18e8ad-dbad-9cc2-9aa5-c48a9e8a77ce,ca18e8ad-dbad-9cc2-9aa5-c48a9e8a77ce, x-request-uuid=ca18e8ad-dbad-9cc2-9aa5-c48a9e8a77ce, x-request-release=5-2020120801/master, access-control-allow-origin=http://enroll.ng.unicityqa.com, vary=Accept-Encoding, link=<http://unicity.github.io/Hydra.php/docs/v5/>; rel="help", cache-control=no-cache, must-revalidate, expires=0, content-language=en-US, x-status-code=400, content-encoding=gzip, x-envoy-upstream-service-time=752, etag=W/"17b-HsGFxzmL/yOWF0rJOjS+e6hSXyM", access-control-expose-headers=x-b3-traceid, x-request-id, x-b3-traceid=7231616fd1c54991, CF-Cache-Status=DYNAMIC, cf-request-id=06efe7cbf30000025233b3e000000001, Expect-CT=max-age=604800, report-uri="https://report-uri.cloudflare.com/cdn-cgi/beacon/expect-ct", Server=cloudflare, CF-RAY=5ff9a8bfefd60252-SJC]
Unicity [Date=Thu, 10 Dec 2020 20:19:11 GMT, Content-Type=text/javascript; charset=utf-8, Content-Length=379, Connection=keep-alive, Set-Cookie=__cfduid=d7b9b74ed97b8d801d1ee3c19faa93c7d1607631550; expires=Sat, 09-Jan-21 20:19:10 GMT; path=/; domain=.unicity.net; HttpOnly; SameSite=Lax, x-powered-by=Express, x-request-id=2c48e83d-aba6-92ae-aed0-e6e0576c77e2,2c48e83d-aba6-92ae-aed0-e6e0576c77e2, x-request-uuid=2c48e83d-aba6-92ae-aed0-e6e0576c77e2, x-request-release=5-2020120801/master, access-control-allow-origin=http://enroll.ng.unicityqa.com, vary=Accept-Encoding, link=<http://unicity.github.io/Hydra.php/docs/v5/>; rel="help", cache-control=no-cache, must-revalidate, expires=0, content-language=en-US, x-status-code=400, content-encoding=gzip, x-envoy-upstream-service-time=944, etag=W/"17b-IOFRBkGPQMSlAT+yIGYfc9xsa9A", access-control-expose-headers=x-b3-traceid, x-request-id, x-b3-traceid=460f2889df1c1835, CF-Cache-Status=DYNAMIC, cf-request-id=06efe7cede0000027b818b5000000001, Expect-CT=max-age=604800, report-uri="https://report-uri.cloudflare.com/cdn-cgi/beacon/expect-ct", Server=cloudflare, CF-RAY=5ff9a8c49f83027b-SJC]
Unicity [Date=Thu, 10 Dec 2020 20:19:11 GMT, Content-Type=text/javascript; charset=utf-8, Content-Length=383, Connection=keep-alive, Set-Cookie=__cfduid=d23b47358747c5fc2dbda10241351a8b91607631550; expires=Sat, 09-Jan-21 20:19:10 GMT; path=/; domain=.unicity.net; HttpOnly; SameSite=Lax, x-powered-by=Express, x-request-id=c2993979-bc98-9a8d-9eef-df5ef90ab03f,c2993979-bc98-9a8d-9eef-df5ef90ab03f, x-request-uuid=c2993979-bc98-9a8d-9eef-df5ef90ab03f, x-request-release=5-2020120801/master, access-control-allow-origin=http://enroll.ng.unicityqa.com, vary=Accept-Encoding, link=<http://unicity.github.io/Hydra.php/docs/v5/>; rel="help", cache-control=no-cache, must-revalidate, expires=0, content-language=en-US, x-status-code=400, content-encoding=gzip, x-envoy-upstream-service-time=998, etag=W/"17f-50D/z5lpEKNhSGemTd850RX8xdM", access-control-expose-headers=x-b3-traceid, x-request-id, x-b3-traceid=e3097202b44a9e0c, CF-Cache-Status=DYNAMIC, cf-request-id=06efe7d02b00003b2748ba8000000001, Expect-CT=max-age=604800, report-uri="https://report-uri.cloudflare.com/cdn-cgi/beacon/expect-ct", Server=cloudflare, CF-RAY=5ff9a8c6a8b33b27-SJC]
Unicity [Date=Thu, 10 Dec 2020 20:19:12 GMT, Content-Type=text/javascript; charset=utf-8, Content-Length=381, Connection=keep-alive, Set-Cookie=__cfduid=d54cd53e71b3bb65041cd0750097cac411607631551; expires=Sat, 09-Jan-21 20:19:11 GMT; path=/; domain=.unicity.net; HttpOnly; SameSite=Lax, x-powered-by=Express, x-request-id=7bed1540-afb0-97f8-b5ef-a72f5132ed3e,7bed1540-afb0-97f8-b5ef-a72f5132ed3e, x-request-uuid=7bed1540-afb0-97f8-b5ef-a72f5132ed3e, x-request-release=5-2020120801/master, access-control-allow-origin=http://enroll.ng.unicityqa.com, vary=Accept-Encoding, link=<http://unicity.github.io/Hydra.php/docs/v5/>; rel="help", cache-control=no-cache, must-revalidate, expires=0, content-language=en-US, x-status-code=400, content-encoding=gzip, x-envoy-upstream-service-time=889, etag=W/"17d-dg6PmEbBNVcyMSt90P0G9cHaZFw", access-control-expose-headers=x-b3-traceid, x-request-id, x-b3-traceid=283d701881096afd, CF-Cache-Status=DYNAMIC, cf-request-id=06efe7d31500002827471ed000000001, Expect-CT=max-age=604800, report-uri="https://report-uri.cloudflare.com/cdn-cgi/beacon/expect-ct", Server=cloudflare, CF-RAY=5ff9a8cb596e2827-SJC]
Unicity [Date=Thu, 10 Dec 2020 20:19:12 GMT, Content-Type=text/javascript; charset=utf-8, Content-Length=381, Connection=keep-alive, Set-Cookie=__cfduid=d91663ec986ba732ea809b8fd3d4f97c51607631551; expires=Sat, 09-Jan-21 20:19:11 GMT; path=/; domain=.unicity.net; HttpOnly; SameSite=Lax, x-powered-by=Express, x-request-id=9d31280d-58e6-9262-bc7a-735b160b7b77,9d31280d-58e6-9262-bc7a-735b160b7b77, x-request-uuid=9d31280d-58e6-9262-bc7a-735b160b7b77, x-request-release=5-2020120801/master, access-control-allow-origin=http://enroll.ng.unicityqa.com, vary=Accept-Encoding, link=<http://unicity.github.io/Hydra.php/docs/v5/>; rel="help", cache-control=no-cache, must-revalidate, expires=0, content-language=en-US, x-status-code=400, content-encoding=gzip, x-envoy-upstream-service-time=670, etag=W/"17d-eQ09AZj1dfxBXirm9OaJyVw6BX8", access-control-expose-headers=x-b3-traceid, x-request-id, x-b3-traceid=f80b09e044bdca4c, CF-Cache-Status=DYNAMIC, cf-request-id=06efe7d47e00003b2745037000000001, Expect-CT=max-age=604800, report-uri="https://report-uri.cloudflare.com/cdn-cgi/beacon/expect-ct", Server=cloudflare, CF-RAY=5ff9a8cd9c883b27-SJC]
Unicity [Date=Thu, 10 Dec 2020 20:19:13 GMT, Content-Type=text/javascript; charset=utf-8, Content-Length=381, Connection=keep-alive, Set-Cookie=__cfduid=d4cd568649c3753c4c3201c1e9497c5741607631552; expires=Sat, 09-Jan-21 20:19:12 GMT; path=/; domain=.unicity.net; HttpOnly; SameSite=Lax, x-powered-by=Express, x-request-id=30af8d58-52f4-9931-8a4f-d7e9d4d9323b,30af8d58-52f4-9931-8a4f-d7e9d4d9323b, x-request-uuid=30af8d58-52f4-9931-8a4f-d7e9d4d9323b, x-request-release=5-2020120801/master, access-control-allow-origin=http://enroll.ng.unicityqa.com, vary=Accept-Encoding, link=<http://unicity.github.io/Hydra.php/docs/v5/>; rel="help", cache-control=no-cache, must-revalidate, expires=0, content-language=en-US, x-status-code=400, content-encoding=gzip, x-envoy-upstream-service-time=772, etag=W/"17d-8aAwqmfY5iIZi2et8TafXwyFtuo", access-control-expose-headers=x-b3-traceid, x-request-id, x-b3-traceid=254e8c4ec3ef92ef, CF-Cache-Status=DYNAMIC, cf-request-id=06efe7d7060000282748154000000001, Expect-CT=max-age=604800, report-uri="https://report-uri.cloudflare.com/cdn-cgi/beacon/expect-ct", Server=cloudflare, CF-RAY=5ff9a8d1addb2827-SJC]
Request URL: https://hydraqa.unicity.net/v5a-test/addresses?country=US&zip=33024
Entry response : {"items":[{"city":"Pembroke Pines","state":"FL"}]}
]]></system-out>
    <system-err><![CDATA[Starting ChromeDriver 2.36.540470 (e522d04694c7ebea4ba8821272dbef4f9b818c91) on port 17143
Only local connections are allowed.
Dec 10, 2020 1:16:36 PM org.openqa.selenium.remote.ProtocolHandshake createSession
INFO: Detected dialect: OSS
]]></system-err>
  </testcase>
  <testcase name="Enroll" classname="Tests.PrefferedCustomer" time="254.923"/>
  <testcase name="GetFit" classname="Tests.Fit" time="71.398">
    <failure message="Major Coach Promo fee is Displaying" type="java.lang.AssertionError">java.lang.AssertionError: Major Coach Promo fee is Displaying
	at Tests.Fit.GetFit(Fit.java:68)
</failure>
    <system-out><![CDATA[Start----GB-en
Request URL: https://hydraqa.unicity.net/v5a-test/customers.js?callback=angular.callbacks._1&expand=customer,profilePicture&id.unicity=2
]]></system-out>
    <system-err><![CDATA[Starting ChromeDriver 2.36.540470 (e522d04694c7ebea4ba8821272dbef4f9b818c91) on port 21426
Only local connections are allowed.
Dec 10, 2020 1:24:06 PM org.openqa.selenium.remote.ProtocolHandshake createSession
INFO: Detected dialect: OSS
]]></system-err>
  </testcase>
  <testcase name="GetFit" classname="Tests.Fit" time="172.078"/>
  <testcase name="GetFit" classname="Tests.Fit" time="124.772">
    <failure message="Major Market expected [CA] but found [null]" type="java.lang.AssertionError">java.lang.AssertionError: Major Market expected [CA] but found [null]
	at Tests.Fit.GetFit(Fit.java:70)
</failure>
    <system-out><![CDATA[Start----CA-en
Request URL: https://hydraqa.unicity.net/v5a-test/customers.js?callback=angular.callbacks._1&expand=customer,profilePicture&id.unicity=2
Unicity [Date=Thu, 10 Dec 2020 20:29:43 GMT, Content-Type=text/javascript; charset=utf-8, Content-Length=1218, Connection=keep-alive, Set-Cookie=__cfduid=deeeff31a7e7801f468788b400c8b6c5f1607632179; expires=Sat, 09-Jan-21 20:29:39 GMT; path=/; domain=.unicity.net; HttpOnly; SameSite=Lax, x-powered-by=Express, x-request-id=3ca86e26-5e03-9677-8b89-2b30890c54dc,3ca86e26-5e03-9677-8b89-2b30890c54dc, x-request-uuid=3ca86e26-5e03-9677-8b89-2b30890c54dc, x-request-release=5-2020120801/master, access-control-allow-origin=http://enroll.ng.unicityqa.com, vary=Accept-Encoding, link=<http://unicity.github.io/Hydra.php/docs/v5/>; rel="help", cache-control=no-cache, must-revalidate, expires=0, content-language=en-US, x-status-code=200, content-encoding=gzip, x-envoy-upstream-service-time=3483, etag=W/"4c2-kQl/YIZuHz3UMLg0ujnNOiKAUqk", access-control-expose-headers=x-b3-traceid, x-request-id, x-b3-traceid=3885f81b5e4cbfce, CF-Cache-Status=DYNAMIC, cf-request-id=06eff169ff00001eba0c096000000001, Expect-CT=max-age=604800, report-uri="https://report-uri.cloudflare.com/cdn-cgi/beacon/expect-ct", Server=cloudflare, CF-RAY=5ff9b82339fb1eba-SJC]
sumanB4V2K4
{shipToAddress={zip=B4V2K4, country=CA, city=BRIDGEWATER, address1=Address 1, state=NS}, shippingMethod={href=https://hydraqa.unicity.net/v5a-test/shippingmethods?type=UPS Ground}, lines={items=[{item={href=https://hydraqa.unicity.net/v5a-test/items?id.unicity=29147}, quantity=1}, {item={href=https://hydraqa.unicity.net/v5a-test/items?id.unicity=30738}, quantity=1}]}, transactions={items=[{method=Coupon, methodDetails={code=Fre3Aut0Sh!p}, type=AuthorizeAndCapture}]}, customer={href=https://hydraqa.unicity.net/v5a-test/customers?type=Associate}}
kalyanB4V2K4
Request URL: https://hydraqa.unicity.net/v5a-test/addresses?country=CA&zip=B4V2K4
Entry response : {"items":[{"address1":"","address2":"","city":"Bridgewater","state":"NS","zip":"B4V2K4","country":"CA"}]}
{sponsor=2, gender=female, city=BRIDGEWATER, signature=TestSignature, enroller=2, responsedob=1995-06-05, language=English, locale=en, type=GetFit, platform=QA, lname=TestLastName, password=Unicity, genderoption=Female, Currency=USD, api=4, state=[NS], email=BCATPC@gmail.com, zip=B4V2K4, fname=TestFirstName, prefferd=Canada, address2=Address 2, address1=Address 1, shippingmethod=type=UPS Ground, version=v5a-test/, testcase=getfit, market=Canada, aritemcode=29147, referral=yes, phone=9823746323, dob=06/05/1995, proto=https://hydraqa.unicity.net/, marketcode=CA, ccname=CCNameTest}
Request URL: https://hydraqa.unicity.net/v5a-test/orders.js
Entry request : {"customer":{"mainAddress":{"city":"BRIDGEWATER","country":"CA","state":"NS","zip":"B4V2K4","address1":"Address 1","address2":"Address 2"},"humanName":{"firstName":"TestFirstName","lastName":"TestLastName"},"email":"BCATPC@gmail.com","preferredLocale":"en-CA","password":{"value":"Unicity"},"gender":"female","maritalStatus":null,"type":"Associate","creditcardaliases":[{"methodDetails":{"creditCardNumber":"4111111111111111","payer":"TestFirstName TestLastName","creditCardExpires":"2021-10"},"billToName":{"firstName":"TestFirstName","lastName":"TestLastName"},"billToAddress":{"address1":"Address 1","address2":"Address 2","city":"BRIDGEWATER","state":"NS","zip":"B4V2K4","country":"CA"}}],"events":["customer-coach-request"],"sponsor":{"href":"https://hydraqa.unicity.net/v5a-test/customers?id.unicity=2"},"enroller":{"href":"https://hydraqa.unicity.net/v5a-test/customers?id.unicity=2"},"homePhone":"9823746323","birthDate":"1995-06-05","autoorders":{"items":[{"recurrence":{"schedule":{"month":"*","dayOfMonth":"5"},"status":"Enabled"},"lines":{"items":[{"item":{"href":"https://hydraqa.unicity.net/v5a-test/items?id.unicity=29147"},"quantity":1}]},"shipToName":{"firstName":"TestFirstName","lastName":"TestLastName"},"shipToPhone":"9823746323","shipToEmail":"BCATPC@gmail.com","shipToAddress":{"city":"BRIDGEWATER","country":"CA","state":"NS","address1":"Address 1","address2":"Address 2","zip":"B4V2K4"},"shippingMethod":{"href":"https://hydraqa.unicity.net/v5a-test/shippingmethods?type=UPS Ground"},"transactions":{"items":[{"amount":"this.terms.total","type":"AuthorizeAndCapture","method":"CreditCardAlias","methodDetails":{"alias":"this.customer.creditcardaliases[0].alias"}}]}}]},"rights":[{"holder":"Unicity","type":"SendEmails"}],"signature":{"value":"TestSignature"}},"lines":{"items":[{"item":{"href":"https://hydraqa.unicity.net/v5a-test/items?id.unicity=29147"},"quantity":1},{"item":{"href":"https://hydraqa.unicity.net/v5a-test/items?id.unicity=30738"},"quantity":1}]},"shipToName":{"firstName":"TestFirstName","lastName":"TestLastName"},"shipToPhone":"9823746323","shipToEmail":"BCATPC@gmail.com","shipToAddress":{"city":"BRIDGEWATER","country":"CA","state":"NS","address1":"Address 1","address2":"Address 2","zip":"B4V2K4"},"shippingMethod":{"href":"https://hydraqa.unicity.net/v5a-test/shippingmethods?type=UPS Ground"},"notes":"","transactions":{"items":[{"amount":"this.terms.total","type":"AuthorizeAndCapture","method":"CreditCard","methodDetails":{"creditCardNumber":"4111111111111111","payer":"CCNameTest","creditCardExpires":"2021-10","creditCardSecurityCode":"123"},"billToAddress":{"address1":"Address 1","address2":"Address 2","city":"BRIDGEWATER","state":"NS","zip":"B4V2K4","country":"CA"}},{"type":"AuthorizeAndCapture","method":"Coupon","methodDetails":{"code":"Fre3Aut0Sh!p"}}]}}
Entry response : {"meta":{"Link":"<http:\/\/unicity.github.io\/Hydra.php\/docs\/v5\/>; rel=\"help\"","X-Request-UUID":"43a82c42-7186-9f80-b06b-1001b9369def","X-Request-Release":"5-2020120801\/master","Cache-Control":"no-cache, must-revalidate","Expires":"0","X-Powered-By":"Luracast Restler v3.0.0rc5","Content-Type":"text\/javascript; charset=utf-8","Content-Language":"en-US","X-Status-Code":"402"},"data":{"error":{"code":402,"message":"Payment Required","error_code":"3009","error_message":"We failed to accept the credit card payment for the following reason: 'Valid security code required.' Error #A3Y9Y","upstream_error_message":"Valid security code required."}}}
]]></system-out>
    <system-err><![CDATA[Starting ChromeDriver 2.36.540470 (e522d04694c7ebea4ba8821272dbef4f9b818c91) on port 14136
Only local connections are allowed.
Dec 10, 2020 1:28:23 PM org.openqa.selenium.remote.ProtocolHandshake createSession
INFO: Detected dialect: OSS
]]></system-err>
  </testcase>
  <testcase name="GetFit" classname="Tests.Fit" time="124.331">
    <failure message="Major Market expected [CA] but found [null]" type="java.lang.AssertionError">java.lang.AssertionError: Major Market expected [CA] but found [null]
	at Tests.Fit.GetFit(Fit.java:70)
</failure>
    <system-out><![CDATA[Start----CA-fr
Request URL: https://hydraqa.unicity.net/v5a-test/customers.js?callback=angular.callbacks._1&expand=customer,profilePicture&id.unicity=2
Unicity [Date=Thu, 10 Dec 2020 20:31:54 GMT, Content-Type=text/javascript; charset=utf-8, Content-Length=1217, Connection=keep-alive, Set-Cookie=__cfduid=dab163090658d56cfdd0d85ed1e453fc41607632310; expires=Sat, 09-Jan-21 20:31:50 GMT; path=/; domain=.unicity.net; HttpOnly; SameSite=Lax, x-powered-by=Express, x-request-id=b7cea0a2-ebd3-9bf8-b149-12d0d612ae1d,b7cea0a2-ebd3-9bf8-b149-12d0d612ae1d, x-request-uuid=b7cea0a2-ebd3-9bf8-b149-12d0d612ae1d, x-request-release=5-2020120801/master, access-control-allow-origin=http://enroll.ng.unicityqa.com, vary=Accept-Encoding, link=<http://unicity.github.io/Hydra.php/docs/v5/>; rel="help", cache-control=no-cache, must-revalidate, expires=0, content-language=en-US, x-status-code=200, content-encoding=gzip, x-envoy-upstream-service-time=3393, etag=W/"4c1-6HURtMGBw0TmWlxNPlT7l3ze/rU", access-control-expose-headers=x-b3-traceid, x-request-id, x-b3-traceid=e8241f955472edb5, CF-Cache-Status=DYNAMIC, cf-request-id=06eff36a3100003b0a34324000000001, Expect-CT=max-age=604800, report-uri="https://report-uri.cloudflare.com/cdn-cgi/beacon/expect-ct", Server=cloudflare, CF-RAY=5ff9bb56bc813b0a-SJC]
sumanB4V2K4
{shipToAddress={zip=B4V2K4, country=CA, city=BRIDGEWATER, address1=Address 1, state=NS}, shippingMethod={href=https://hydraqa.unicity.net/v5a-test/shippingmethods?type=UPS Ground}, lines={items=[{item={href=https://hydraqa.unicity.net/v5a-test/items?id.unicity=29147}, quantity=1}, {item={href=https://hydraqa.unicity.net/v5a-test/items?id.unicity=30738}, quantity=1}]}, transactions={items=[{method=Coupon, methodDetails={code=Fre3Aut0Sh!p}, type=AuthorizeAndCapture}]}, customer={href=https://hydraqa.unicity.net/v5a-test/customers?type=Associate}}
kalyanB4V2K4
Request URL: https://hydraqa.unicity.net/v5a-test/addresses?country=CA&zip=B4V2K4
Entry response : {"items":[{"address1":"","address2":"","city":"Bridgewater","state":"NS","zip":"B4V2K4","country":"CA"}]}
{sponsor=2, gender=male, city=BRIDGEWATER, signature=TestSignature, enroller=2, responsedob=1994-06-06, language=Français, locale=fr, type=GetFit, platform=QA, lname=TestLastName, password=Unicity, genderoption=Homme, Currency=USD, api=4, state=[NS], email=QKLHFL@gmail.com, zip=B4V2K4, fname=TestFirstName, prefferd=Canada, address2=Address 2, address1=Address 1, shippingmethod=type=UPS Ground, version=v5a-test/, testcase=getfit, market=Canada, aritemcode=29147, referral=yes, phone=9823746323, dob=06/06/1994, proto=https://hydraqa.unicity.net/, marketcode=CA, ccname=CCNameTest}
Request URL: https://hydraqa.unicity.net/v5a-test/orders.js
Entry request : {"customer":{"mainAddress":{"city":"BRIDGEWATER","country":"CA","state":"NS","zip":"B4V2K4","address1":"Address 1","address2":"Address 2"},"humanName":{"firstName":"TestFirstName","lastName":"TestLastName"},"email":"QKLHFL@gmail.com","preferredLocale":"fr-CA","password":{"value":"Unicity"},"gender":"male","maritalStatus":null,"type":"Associate","creditcardaliases":[{"methodDetails":{"creditCardNumber":"4111111111111111","payer":"TestFirstName TestLastName","creditCardExpires":"2021-10"},"billToName":{"firstName":"TestFirstName","lastName":"TestLastName"},"billToAddress":{"address1":"Address 1","address2":"Address 2","city":"BRIDGEWATER","state":"NS","zip":"B4V2K4","country":"CA"}}],"events":["customer-coach-request"],"sponsor":{"href":"https://hydraqa.unicity.net/v5a-test/customers?id.unicity=2"},"enroller":{"href":"https://hydraqa.unicity.net/v5a-test/customers?id.unicity=2"},"homePhone":"9823746323","birthDate":"1994-06-06","autoorders":{"items":[{"recurrence":{"schedule":{"month":"*","dayOfMonth":"5"},"status":"Enabled"},"lines":{"items":[{"item":{"href":"https://hydraqa.unicity.net/v5a-test/items?id.unicity=29147"},"quantity":1}]},"shipToName":{"firstName":"TestFirstName","lastName":"TestLastName"},"shipToPhone":"9823746323","shipToEmail":"QKLHFL@gmail.com","shipToAddress":{"city":"BRIDGEWATER","country":"CA","state":"NS","address1":"Address 1","address2":"Address 2","zip":"B4V2K4"},"shippingMethod":{"href":"https://hydraqa.unicity.net/v5a-test/shippingmethods?type=UPS Ground"},"transactions":{"items":[{"amount":"this.terms.total","type":"AuthorizeAndCapture","method":"CreditCardAlias","methodDetails":{"alias":"this.customer.creditcardaliases[0].alias"}}]}}]},"rights":[{"holder":"Unicity","type":"SendEmails"}],"signature":{"value":"TestSignature"}},"lines":{"items":[{"item":{"href":"https://hydraqa.unicity.net/v5a-test/items?id.unicity=29147"},"quantity":1},{"item":{"href":"https://hydraqa.unicity.net/v5a-test/items?id.unicity=30738"},"quantity":1}]},"shipToName":{"firstName":"TestFirstName","lastName":"TestLastName"},"shipToPhone":"9823746323","shipToEmail":"QKLHFL@gmail.com","shipToAddress":{"city":"BRIDGEWATER","country":"CA","state":"NS","address1":"Address 1","address2":"Address 2","zip":"B4V2K4"},"shippingMethod":{"href":"https://hydraqa.unicity.net/v5a-test/shippingmethods?type=UPS Ground"},"notes":"","transactions":{"items":[{"amount":"this.terms.total","type":"AuthorizeAndCapture","method":"CreditCard","methodDetails":{"creditCardNumber":"4111111111111111","payer":"CCNameTest","creditCardExpires":"2021-10","creditCardSecurityCode":"123"},"billToAddress":{"address1":"Address 1","address2":"Address 2","city":"BRIDGEWATER","state":"NS","zip":"B4V2K4","country":"CA"}},{"type":"AuthorizeAndCapture","method":"Coupon","methodDetails":{"code":"Fre3Aut0Sh!p"}}]}}
Entry response : {"meta":{"Link":"<http:\/\/unicity.github.io\/Hydra.php\/docs\/v5\/>; rel=\"help\"","X-Request-UUID":"27eb59bc-a569-9cf9-88aa-dda61a7cd464","X-Request-Release":"5-2020120801\/master","Cache-Control":"no-cache, must-revalidate","Expires":"0","X-Powered-By":"Luracast Restler v3.0.0rc5","Content-Type":"text\/javascript; charset=utf-8","Content-Language":"en-US","X-Status-Code":"402"},"data":{"error":{"code":402,"message":"Payment Required","error_code":"3009","error_message":"We failed to accept the credit card payment for the following reason: 'Valid security code required.' Error #R4C6G","upstream_error_message":"Valid security code required."}}}
]]></system-out>
    <system-err><![CDATA[Starting ChromeDriver 2.36.540470 (e522d04694c7ebea4ba8821272dbef4f9b818c91) on port 2448
Only local connections are allowed.
Dec 10, 2020 1:30:36 PM org.openqa.selenium.remote.ProtocolHandshake createSession
INFO: Detected dialect: OSS
]]></system-err>
  </testcase>
  <testcase name="GetFit" classname="Tests.Fit" time="179.314"/>
  <testcase name="Patient" classname="Tests.PatientPortal" time="166.655">
    <failure message="Critical Back end error" type="java.lang.AssertionError">java.lang.AssertionError: Critical Back end error
	at Tests.PatientPortal.Patient(PatientPortal.java:65)
</failure>
    <system-out><![CDATA[Request URL: https://hydraqa.unicity.net/v5a-test/quotes?&expand=item
Entry Quotes response : {"items":[{"lines":{"items":[{"item":{"href":"https://hydraqa.unicity.net/v5a-test/items/051e765a5a71835a859c2757edd359f0","id":{"unicity":"26580"}},"quantity":1,"terms":{"priceEach":225,"taxEach":{"amount":0},"discountEach":{"amount":0},"pvEach":130},"quantityLimit":{"quantityQuota":-1,"timeFrameDays":-1,"quantityOrdered":0}}]},"currency":"USD"},{"lines":{"items":[{"item":{"href":"https://hydraqa.unicity.net/v5a-test/items/38da42f991a40a00153b2e5055b82dbf","id":{"unicity":"27801"}},"quantity":1,"terms":{"priceEach":225,"taxEach":{"amount":0},"discountEach":{"amount":0},"pvEach":130},"quantityLimit":{"quantityQuota":-1,"timeFrameDays":-1,"quantityOrdered":0}}]},"currency":"USD"},{"lines":{"items":[{"item":{"href":"https://hydraqa.unicity.net/v5a-test/items/390a7ae70d5669561ecdf7d5cff2671b","id":{"unicity":"15271"}},"quantity":1,"terms":{"priceEach":89,"taxEach":{"amount":0},"discountEach":{"amount":0},"pvEach":27},"quantityLimit":{"quantityQuota":-1,"timeFrameDays":-1,"quantityOrdered":0}}]},"currency":"USD"},{"lines":{"items":[{"item":{"href":"https://hydraqa.unicity.net/v5a-test/items/9a7715e888c94989d898fe4653645721","id":{"unicity":"26550"}},"quantity":1,"terms":{"priceEach":99,"taxEach":{"amount":0},"discountEach":{"amount":0},"pvEach":52},"quantityLimit":{"quantityQuota":-1,"timeFrameDays":-1,"quantityOrdered":0}}]},"currency":"USD"},{"lines":{"items":[{"item":{"href":"https://hydraqa.unicity.net/v5a-test/items/3af97c67f653253825a9189a27da57d6","id":{"unicity":"26556"}},"quantity":1,"terms":{"priceEach":101,"taxEach":{"amount":0},"discountEach":{"amount":0},"pvEach":61},"quantityLimit":{"quantityQuota":-1,"timeFrameDays":-1,"quantityOrdered":0}}]},"currency":"USD"},{"lines":{"items":[{"item":{"href":"https://hydraqa.unicity.net/v5a-test/items/0cf62d38e91953b43dcfe88b06f813cb","id":{"unicity":"26557"}},"quantity":1,"terms":{"priceEach":101,"taxEach":{"amount":0},"discountEach":{"amount":0},"pvEach":61},"quantityLimit":{"quantityQuota":-1,"timeFrameDays":-1,"quantityOrdered":0}}]},"currency":"USD"},{"lines":{"items":[{"item":{"href":"https://hydraqa.unicity.net/v5a-test/items/cda534d686af5d627c94c4bb2c4b57d8","id":{"unicity":"26561"}},"quantity":1,"terms":{"priceEach":21,"taxEach":{"amount":0},"discountEach":{"amount":0},"pvEach":11},"quantityLimit":{"quantityQuota":-1,"timeFrameDays":-1,"quantityOrdered":0}}]},"currency":"USD"},{"lines":{"items":[{"item":{"href":"https://hydraqa.unicity.net/v5a-test/items/0a3ede185ddf034630afd891c5106d33","id":{"unicity":"26562"}},"quantity":1,"terms":{"priceEach":43,"taxEach":{"amount":0},"discountEach":{"amount":0},"pvEach":25},"quantityLimit":{"quantityQuota":-1,"timeFrameDays":-1,"quantityOrdered":0}}]},"currency":"USD"},{"lines":{"items":[{"item":{"href":"https://hydraqa.unicity.net/v5a-test/items/1945faa1776541d53120ecfe3c1d8a2b","id":{"unicity":"24418"}},"quantity":1,"terms":{"priceEach":7,"taxEach":{"amount":0},"discountEach":{"amount":0},"pvEach":0},"quantityLimit":{"quantityQuota":-1,"timeFrameDays":-1,"quantityOrdered":0}}]},"currency":"USD"},{"lines":{"items":[{"item":{"href":"https://hydraqa.unicity.net/v5a-test/items/b127a2d34d3d73e2f53e4c2002a7a4a2","id":{"unicity":"25008"}},"quantity":1,"terms":{"priceEach":24,"taxEach":{"amount":0},"discountEach":{"amount":0},"pvEach":15},"quantityLimit":{"quantityQuota":-1,"timeFrameDays":-1,"quantityOrdered":0}}]},"currency":"USD"},{"lines":{"items":[{"item":{"href":"https://hydraqa.unicity.net/v5a-test/items/10da226fab00279b4f89df10af2a10b7","id":{"unicity":"26442"}},"quantity":1,"terms":{"priceEach":8,"taxEach":{"amount":0},"discountEach":{"amount":0},"pvEach":0},"quantityLimit":{"quantityQuota":-1,"timeFrameDays":-1,"quantityOrdered":0}}]},"currency":"USD"},{"lines":{"items":[{"item":{"href":"https://hydraqa.unicity.net/v5a-test/items/933f0856fd8ec1df83c5283dabf4ec3c","id":{"unicity":"6200"}},"quantity":1,"terms":{"priceEach":88,"taxEach":{"amount":0},"discountEach":{"amount":0},"pvEach":47},"quantityLimit":{"quantityQuota":-1,"timeFrameDays":-1,"quantityOrdered":0}}]},"currency":"USD"},{"lines":{"items":[{"item":{"href":"https://hydraqa.unicity.net/v5a-test/items/8d994059c399f5551ab112574e4476fc","id":{"unicity":"24785"}},"quantity":1,"terms":{"priceEach":18,"taxEach":{"amount":0},"discountEach":{"amount":0},"pvEach":9},"quantityLimit":{"quantityQuota":-1,"timeFrameDays":-1,"quantityOrdered":0}}]},"currency":"USD"},{"lines":{"items":[{"item":{"href":"https://hydraqa.unicity.net/v5a-test/items/aa0d72ac13b1ce88cf8c4a52ede75a37","id":{"unicity":"26552"}},"quantity":1,"terms":{"priceEach":89,"taxEach":{"amount":0},"discountEach":{"amount":0},"pvEach":50},"quantityLimit":{"quantityQuota":-1,"timeFrameDays":-1,"quantityOrdered":0}}]},"currency":"USD"},{"lines":{"items":[{"item":{"href":"https://hydraqa.unicity.net/v5a-test/items/e218d1cac5f31e7ae4f5876c29c57377","id":{"unicity":"29017"}},"quantity":1,"terms":{"priceEach":49,"taxEach":{"amount":0},"discountEach":{"amount":0},"pvEach":26},"quantityLimit":{"quantityQuota":-1,"timeFrameDays":-1,"quantityOrdered":0}}]},"currency":"USD"},{"lines":{"items":[{"item":{"href":"https://hydraqa.unicity.net/v5a-test/items/c674cdded8a54983aae3c5dcb32c9e38","id":{"unicity":"32628"}},"quantity":1,"terms":{"priceEach":89,"taxEach":{"amount":0},"discountEach":{"amount":0},"pvEach":50},"quantityLimit":{"quantityQuota":-1,"timeFrameDays":-1,"quantityOrdered":0}}]},"currency":"USD"}]}
Entry request : {"order":{"customer":{"href":"https://hydraqa.unicity.net/v5a-test/customers?type=PreferredCustomer"},"shipToAddress":{"country":"US"}},"vary":{"lines":{"items":[{"item":{"href":"https://hydraqa.unicity.net/v5a-test/items?id.unicity=26580|27801|15271|26550|26556|26557|26561|26562|24418|25008|26442|6200|15916|18908|24785|26552|29017|32628"}}]}}}
Request URL: https://hydraqa.unicity.net/v5a-test/customers.js?callback=angular.callbacks._1&expand=customer,profilePicture&id.unicity=2
Request URL: https://hydraqa.unicity.net/v5a-test/customers.js?_httpMethod=HEAD&callback=angular.callbacks._4&email=ITBQEG@gmail.com
Unicity [Date=Thu, 10 Dec 2020 20:38:10 GMT, Content-Type=text/javascript; charset=utf-8, Content-Length=377, Connection=keep-alive, Set-Cookie=__cfduid=df0d5eaba09969e8fbb412e86b5723d391607632689; expires=Sat, 09-Jan-21 20:38:09 GMT; path=/; domain=.unicity.net; HttpOnly; SameSite=Lax, x-powered-by=Express, x-request-id=5afa2cce-4c69-935f-b558-3cb35877f75e,5afa2cce-4c69-935f-b558-3cb35877f75e, x-request-uuid=5afa2cce-4c69-935f-b558-3cb35877f75e, x-request-release=5-2020120801/master, access-control-allow-origin=http://enroll.ng.unicityqa.com, vary=Accept-Encoding, link=<http://unicity.github.io/Hydra.php/docs/v5/>; rel="help", cache-control=no-cache, must-revalidate, expires=0, content-language=en-US, x-status-code=400, content-encoding=gzip, x-envoy-upstream-service-time=967, etag=W/"179-S1p70JawVh953GHYEp/5ZYu2tC0", access-control-expose-headers=x-b3-traceid, x-request-id, x-b3-traceid=f00566b4210b1443, CF-Cache-Status=DYNAMIC, cf-request-id=06eff9317f0000ed1ff8085000000001, Expect-CT=max-age=604800, report-uri="https://report-uri.cloudflare.com/cdn-cgi/beacon/expect-ct", Server=cloudflare, CF-RAY=5ff9c49598f7ed1f-SJC]
Unicity [Date=Thu, 10 Dec 2020 20:38:12 GMT, Content-Type=text/javascript; charset=utf-8, Content-Length=376, Connection=keep-alive, Set-Cookie=__cfduid=d7c252ca9dba6d21a7463e2a03ac044761607632691; expires=Sat, 09-Jan-21 20:38:11 GMT; path=/; domain=.unicity.net; HttpOnly; SameSite=Lax, x-powered-by=Express, x-request-id=5d7001ce-71fc-9cbe-93da-b711e6c2cb32,5d7001ce-71fc-9cbe-93da-b711e6c2cb32, x-request-uuid=5d7001ce-71fc-9cbe-93da-b711e6c2cb32, x-request-release=5-2020120801/master, access-control-allow-origin=http://enroll.ng.unicityqa.com, vary=Accept-Encoding, link=<http://unicity.github.io/Hydra.php/docs/v5/>; rel="help", cache-control=no-cache, must-revalidate, expires=0, content-language=en-US, x-status-code=400, content-encoding=gzip, x-envoy-upstream-service-time=817, etag=W/"178-RiEqN85/lgu3ye4KqDvDV+IALUA", access-control-expose-headers=x-b3-traceid, x-request-id, x-b3-traceid=ca7fcb2c1c9ac067, CF-Cache-Status=DYNAMIC, cf-request-id=06eff938bd0000ed1f2317e000000001, Expect-CT=max-age=604800, report-uri="https://report-uri.cloudflare.com/cdn-cgi/beacon/expect-ct", Server=cloudflare, CF-RAY=5ff9c4a1289ded1f-SJC]
Unicity [Date=Thu, 10 Dec 2020 20:38:15 GMT, Content-Type=text/javascript; charset=utf-8, Content-Length=377, Connection=keep-alive, Set-Cookie=__cfduid=d6fcef450b477eb2cf19ebdcba16f08141607632694; expires=Sat, 09-Jan-21 20:38:14 GMT; path=/; domain=.unicity.net; HttpOnly; SameSite=Lax, x-powered-by=Express, x-request-id=0a7c16ea-6b62-99ca-8cc7-149197e58c74,0a7c16ea-6b62-99ca-8cc7-149197e58c74, x-request-uuid=0a7c16ea-6b62-99ca-8cc7-149197e58c74, x-request-release=5-2020120801/master, access-control-allow-origin=http://enroll.ng.unicityqa.com, vary=Accept-Encoding, link=<http://unicity.github.io/Hydra.php/docs/v5/>; rel="help", cache-control=no-cache, must-revalidate, expires=0, content-language=en-US, x-status-code=400, content-encoding=gzip, x-envoy-upstream-service-time=921, etag=W/"179-EWXvNhH7QRBKUoRlZjTC7C7E9W4", access-control-expose-headers=x-b3-traceid, x-request-id, x-b3-traceid=9257f5fa9858ad16, CF-Cache-Status=DYNAMIC, cf-request-id=06eff9441f00003b28622c4000000001, Expect-CT=max-age=604800, report-uri="https://report-uri.cloudflare.com/cdn-cgi/beacon/expect-ct", Server=cloudflare, CF-RAY=5ff9c4b36a373b28-SJC]
Unicity [Date=Thu, 10 Dec 2020 20:38:16 GMT, Content-Type=text/javascript; charset=utf-8, Content-Length=378, Connection=keep-alive, Set-Cookie=__cfduid=dcfc43919d555c16a78e95345b56fb2c51607632695; expires=Sat, 09-Jan-21 20:38:15 GMT; path=/; domain=.unicity.net; HttpOnly; SameSite=Lax, x-powered-by=Express, x-request-id=f032ccae-233d-978a-a070-a9ce025ff3f6,f032ccae-233d-978a-a070-a9ce025ff3f6, x-request-uuid=f032ccae-233d-978a-a070-a9ce025ff3f6, x-request-release=5-2020120801/master, access-control-allow-origin=http://enroll.ng.unicityqa.com, vary=Accept-Encoding, link=<http://unicity.github.io/Hydra.php/docs/v5/>; rel="help", cache-control=no-cache, must-revalidate, expires=0, content-language=en-US, x-status-code=400, content-encoding=gzip, x-envoy-upstream-service-time=827, etag=W/"17a-SAa4zkMRJkfKqOsVzCXL7W8vpw8", access-control-expose-headers=x-b3-traceid, x-request-id, x-b3-traceid=f883e51a2b455c5a, CF-Cache-Status=DYNAMIC, cf-request-id=06eff9473d00006c4425117000000001, Expect-CT=max-age=604800, report-uri="https://report-uri.cloudflare.com/cdn-cgi/beacon/expect-ct", Server=cloudflare, CF-RAY=5ff9c4b86b156c44-SJC]
Unicity [Date=Thu, 10 Dec 2020 20:38:16 GMT, Content-Type=text/javascript; charset=utf-8, Content-Length=380, Connection=keep-alive, Set-Cookie=__cfduid=de57d1d7e32ecb01e3c9fcabb8418f6f11607632695; expires=Sat, 09-Jan-21 20:38:15 GMT; path=/; domain=.unicity.net; HttpOnly; SameSite=Lax, x-powered-by=Express, x-request-id=a6728a6e-ea14-9c6b-a2cd-b025ac99250a,a6728a6e-ea14-9c6b-a2cd-b025ac99250a, x-request-uuid=a6728a6e-ea14-9c6b-a2cd-b025ac99250a, x-request-release=5-2020120801/master, access-control-allow-origin=http://enroll.ng.unicityqa.com, vary=Accept-Encoding, link=<http://unicity.github.io/Hydra.php/docs/v5/>; rel="help", cache-control=no-cache, must-revalidate, expires=0, content-language=en-US, x-status-code=400, content-encoding=gzip, x-envoy-upstream-service-time=1011, etag=W/"17c-iacTnb+gjXExs0rvGZhndPmessE", access-control-expose-headers=x-b3-traceid, x-request-id, x-b3-traceid=d9dd1baafb0ea0a1, CF-Cache-Status=DYNAMIC, cf-request-id=06eff9491b00003b285b2b2000000001, Expect-CT=max-age=604800, report-uri="https://report-uri.cloudflare.com/cdn-cgi/beacon/expect-ct", Server=cloudflare, CF-RAY=5ff9c4bb58913b28-SJC]
Unicity [Date=Thu, 10 Dec 2020 20:38:17 GMT, Content-Type=text/javascript; charset=utf-8, Content-Length=378, Connection=keep-alive, Set-Cookie=__cfduid=d12fb9320f4a30e62a551ca9df0f76d0c1607632696; expires=Sat, 09-Jan-21 20:38:16 GMT; path=/; domain=.unicity.net; HttpOnly; SameSite=Lax, x-powered-by=Express, x-request-id=095b92d6-f43e-91c4-84f8-f3ba8ee1bac4,095b92d6-f43e-91c4-84f8-f3ba8ee1bac4, x-request-uuid=095b92d6-f43e-91c4-84f8-f3ba8ee1bac4, x-request-release=5-2020120801/master, access-control-allow-origin=http://enroll.ng.unicityqa.com, vary=Accept-Encoding, link=<http://unicity.github.io/Hydra.php/docs/v5/>; rel="help", cache-control=no-cache, must-revalidate, expires=0, content-language=en-US, x-status-code=400, content-encoding=gzip, x-envoy-upstream-service-time=838, etag=W/"17a-nobzaYcvs2dltt2nJsdX7x+skIs", access-control-expose-headers=x-b3-traceid, x-request-id, x-b3-traceid=c7b5b51adaaf4b62, CF-Cache-Status=DYNAMIC, cf-request-id=06eff94c9a00003adfc290f000000001, Expect-CT=max-age=604800, report-uri="https://report-uri.cloudflare.com/cdn-cgi/beacon/expect-ct", Server=cloudflare, CF-RAY=5ff9c4c0f9663adf-SJC]
Unicity [Date=Thu, 10 Dec 2020 20:38:18 GMT, Content-Type=text/javascript; charset=utf-8, Content-Length=379, Connection=keep-alive, Set-Cookie=__cfduid=d919f23b60dd67392e2e4f16e5cf9fce01607632696; expires=Sat, 09-Jan-21 20:38:16 GMT; path=/; domain=.unicity.net; HttpOnly; SameSite=Lax, x-powered-by=Express, x-request-id=b230a1b0-99f5-9ac3-ae57-1a204cc602ca,b230a1b0-99f5-9ac3-ae57-1a204cc602ca, x-request-uuid=b230a1b0-99f5-9ac3-ae57-1a204cc602ca, x-request-release=5-2020120801/master, access-control-allow-origin=http://enroll.ng.unicityqa.com, vary=Accept-Encoding, link=<http://unicity.github.io/Hydra.php/docs/v5/>; rel="help", cache-control=no-cache, must-revalidate, expires=0, content-language=en-US, x-status-code=400, content-encoding=gzip, x-envoy-upstream-service-time=823, etag=W/"17b-GwRZL8GMWCyt69Y2DYKxC897g0s", access-control-expose-headers=x-b3-traceid, x-request-id, x-b3-traceid=8b2ef45ca338817e, CF-Cache-Status=DYNAMIC, cf-request-id=06eff94e6b00003b2804b62000000001, Expect-CT=max-age=604800, report-uri="https://report-uri.cloudflare.com/cdn-cgi/beacon/expect-ct", Server=cloudflare, CF-RAY=5ff9c4c3df453b28-SJC]
Unicity [Date=Thu, 10 Dec 2020 20:38:18 GMT, Content-Type=text/javascript; charset=utf-8, Content-Length=382, Connection=keep-alive, Set-Cookie=__cfduid=dc98b5d391a754690fdc98e05fe0fc5b61607632697; expires=Sat, 09-Jan-21 20:38:17 GMT; path=/; domain=.unicity.net; HttpOnly; SameSite=Lax, x-powered-by=Express, x-request-id=40083afe-e326-9ce2-89e8-2148776b1a43,40083afe-e326-9ce2-89e8-2148776b1a43, x-request-uuid=40083afe-e326-9ce2-89e8-2148776b1a43, x-request-release=5-2020120801/master, access-control-allow-origin=http://enroll.ng.unicityqa.com, vary=Accept-Encoding, link=<http://unicity.github.io/Hydra.php/docs/v5/>; rel="help", cache-control=no-cache, must-revalidate, expires=0, content-language=en-US, x-status-code=400, content-encoding=gzip, x-envoy-upstream-service-time=664, etag=W/"17e-00lP7XYJ6QYiQQs2uffDmMvUrsk", access-control-expose-headers=x-b3-traceid, x-request-id, x-b3-traceid=fd6164066380ce45, CF-Cache-Status=DYNAMIC, cf-request-id=06eff9514500003adf913a4000000001, Expect-CT=max-age=604800, report-uri="https://report-uri.cloudflare.com/cdn-cgi/beacon/expect-ct", Server=cloudflare, CF-RAY=5ff9c4c86d4f3adf-SJC]
Unicity [Date=Thu, 10 Dec 2020 20:38:19 GMT, Content-Type=text/javascript; charset=utf-8, Content-Length=375, Connection=keep-alive, Set-Cookie=__cfduid=daed5bbb0db073cb9594b260d0e87d7661607632698; expires=Sat, 09-Jan-21 20:38:18 GMT; path=/; domain=.unicity.net; HttpOnly; SameSite=Lax, x-powered-by=Express, x-request-id=ae8c55de-5bc7-90b3-9cd0-0d93423ce308,ae8c55de-5bc7-90b3-9cd0-0d93423ce308, x-request-uuid=ae8c55de-5bc7-90b3-9cd0-0d93423ce308, x-request-release=5-2020120801/master, access-control-allow-origin=http://enroll.ng.unicityqa.com, vary=Accept-Encoding, link=<http://unicity.github.io/Hydra.php/docs/v5/>; rel="help", cache-control=no-cache, must-revalidate, expires=0, content-language=en-US, x-status-code=400, content-encoding=gzip, x-envoy-upstream-service-time=636, etag=W/"177-mUazhl9qhmKTnvkJUneKblivlFA", access-control-expose-headers=x-b3-traceid, x-request-id, x-b3-traceid=b1247c9985e1550c, CF-Cache-Status=DYNAMIC, cf-request-id=06eff952f400001c7f61b4c000000001, Expect-CT=max-age=604800, report-uri="https://report-uri.cloudflare.com/cdn-cgi/beacon/expect-ct", Server=cloudflare, CF-RAY=5ff9c4cb1f901c7f-SJC]
Unicity [Date=Thu, 10 Dec 2020 20:38:19 GMT, Content-Type=text/javascript; charset=utf-8, Content-Length=380, Connection=keep-alive, Set-Cookie=__cfduid=d5dd1c7cba661b2b354c9e4933aaa482f1607632698; expires=Sat, 09-Jan-21 20:38:18 GMT; path=/; domain=.unicity.net; HttpOnly; SameSite=Lax, x-powered-by=Express, x-request-id=918a7bc4-c042-9083-8339-9e1840a7ece9,918a7bc4-c042-9083-8339-9e1840a7ece9, x-request-uuid=918a7bc4-c042-9083-8339-9e1840a7ece9, x-request-release=5-2020120801/master, access-control-allow-origin=http://enroll.ng.unicityqa.com, vary=Accept-Encoding, link=<http://unicity.github.io/Hydra.php/docs/v5/>; rel="help", cache-control=no-cache, must-revalidate, expires=0, content-language=en-US, x-status-code=400, content-encoding=gzip, x-envoy-upstream-service-time=542, etag=W/"17c-oYPoD/UmsQEeaacoA4uR2Db7LJY", access-control-expose-headers=x-b3-traceid, x-request-id, x-b3-traceid=dadfb91e646d9a09, CF-Cache-Status=DYNAMIC, cf-request-id=06eff9548d00001ee4feb0b000000001, Expect-CT=max-age=604800, report-uri="https://report-uri.cloudflare.com/cdn-cgi/beacon/expect-ct", Server=cloudflare, CF-RAY=5ff9c4cdaed21ee4-SJC]
Unicity [Date=Thu, 10 Dec 2020 20:38:19 GMT, Content-Type=text/javascript; charset=utf-8, Content-Length=382, Connection=keep-alive, Set-Cookie=__cfduid=dd4d99153411633b6d088b9cd1eb4b5c21607632699; expires=Sat, 09-Jan-21 20:38:19 GMT; path=/; domain=.unicity.net; HttpOnly; SameSite=Lax, x-powered-by=Express, x-request-id=8e28639f-576a-92cd-b067-29b6b7bf6b07,8e28639f-576a-92cd-b067-29b6b7bf6b07, x-request-uuid=8e28639f-576a-92cd-b067-29b6b7bf6b07, x-request-release=5-2020120801/master, access-control-allow-origin=http://enroll.ng.unicityqa.com, vary=Accept-Encoding, link=<http://unicity.github.io/Hydra.php/docs/v5/>; rel="help", cache-control=no-cache, must-revalidate, expires=0, content-language=en-US, x-status-code=400, content-encoding=gzip, x-envoy-upstream-service-time=852, etag=W/"17e-mY0hnDbfqd6KCPiQPiaerYadCZI", access-control-expose-headers=x-b3-traceid, x-request-id, x-b3-traceid=5707f19eeb562a0b, CF-Cache-Status=DYNAMIC, cf-request-id=06eff9569800003b2806112000000001, Expect-CT=max-age=604800, report-uri="https://report-uri.cloudflare.com/cdn-cgi/beacon/expect-ct", Server=cloudflare, CF-RAY=5ff9c4d0fcac3b28-SJC]
Unicity [Date=Thu, 10 Dec 2020 20:38:19 GMT, Content-Type=text/javascript; charset=utf-8, Content-Length=378, Connection=keep-alive, Set-Cookie=__cfduid=d9432bb0fb1ca4928e3ad6bb06aa1f3de1607632699; expires=Sat, 09-Jan-21 20:38:19 GMT; path=/; domain=.unicity.net; HttpOnly; SameSite=Lax, x-powered-by=Express, x-request-id=0f5823cd-d8aa-9bcb-9061-bfe747e70182,0f5823cd-d8aa-9bcb-9061-bfe747e70182, x-request-uuid=0f5823cd-d8aa-9bcb-9061-bfe747e70182, x-request-release=5-2020120801/master, access-control-allow-origin=http://enroll.ng.unicityqa.com, vary=Accept-Encoding, link=<http://unicity.github.io/Hydra.php/docs/v5/>; rel="help", cache-control=no-cache, must-revalidate, expires=0, content-language=en-US, x-status-code=400, content-encoding=gzip, x-envoy-upstream-service-time=807, etag=W/"17a-0EIBCs4m3YKIFbSqxGf9Iq7AvfQ", access-control-expose-headers=x-b3-traceid, x-request-id, x-b3-traceid=9f1ee9f33ada9517, CF-Cache-Status=DYNAMIC, cf-request-id=06eff956c200001c7fd7154000000001, Expect-CT=max-age=604800, report-uri="https://report-uri.cloudflare.com/cdn-cgi/beacon/expect-ct", Server=cloudflare, CF-RAY=5ff9c4d13b6e1c7f-SJC]
Request URL: https://hydraqa.unicity.net/v5a-test/addresses?country=US&zip=33024
Entry response : {"items":[{"city":"Pembroke Pines","state":"FL"}]}
]]></system-out>
    <system-err><![CDATA[Starting ChromeDriver 2.36.540470 (e522d04694c7ebea4ba8821272dbef4f9b818c91) on port 46821
Only local connections are allowed.
Dec 10, 2020 1:35:54 PM org.openqa.selenium.remote.ProtocolHandshake createSession
INFO: Detected dialect: OSS
]]></system-err>
  </testcase>
  <testcase name="Patient" classname="Tests.PatientPortal" time="156.495">
    <failure message="Critical Back end error" type="java.lang.AssertionError">java.lang.AssertionError: Critical Back end error
	at Tests.PatientPortal.Patient(PatientPortal.java:65)
</failure>
    <system-out><![CDATA[Request URL: https://hydraqa.unicity.net/v5a-test/quotes?&expand=item
Entry Quotes response : {"items":[{"lines":{"items":[{"item":{"href":"https://hydraqa.unicity.net/v5a-test/items/051e765a5a71835a859c2757edd359f0","id":{"unicity":"26580"}},"quantity":1,"terms":{"priceEach":225,"taxEach":{"amount":0},"discountEach":{"amount":0},"pvEach":130},"quantityLimit":{"quantityQuota":-1,"timeFrameDays":-1,"quantityOrdered":0}}]},"currency":"USD"},{"lines":{"items":[{"item":{"href":"https://hydraqa.unicity.net/v5a-test/items/38da42f991a40a00153b2e5055b82dbf","id":{"unicity":"27801"}},"quantity":1,"terms":{"priceEach":225,"taxEach":{"amount":0},"discountEach":{"amount":0},"pvEach":130},"quantityLimit":{"quantityQuota":-1,"timeFrameDays":-1,"quantityOrdered":0}}]},"currency":"USD"},{"lines":{"items":[{"item":{"href":"https://hydraqa.unicity.net/v5a-test/items/390a7ae70d5669561ecdf7d5cff2671b","id":{"unicity":"15271"}},"quantity":1,"terms":{"priceEach":89,"taxEach":{"amount":0},"discountEach":{"amount":0},"pvEach":27},"quantityLimit":{"quantityQuota":-1,"timeFrameDays":-1,"quantityOrdered":0}}]},"currency":"USD"},{"lines":{"items":[{"item":{"href":"https://hydraqa.unicity.net/v5a-test/items/9a7715e888c94989d898fe4653645721","id":{"unicity":"26550"}},"quantity":1,"terms":{"priceEach":99,"taxEach":{"amount":0},"discountEach":{"amount":0},"pvEach":52},"quantityLimit":{"quantityQuota":-1,"timeFrameDays":-1,"quantityOrdered":0}}]},"currency":"USD"},{"lines":{"items":[{"item":{"href":"https://hydraqa.unicity.net/v5a-test/items/3af97c67f653253825a9189a27da57d6","id":{"unicity":"26556"}},"quantity":1,"terms":{"priceEach":101,"taxEach":{"amount":0},"discountEach":{"amount":0},"pvEach":61},"quantityLimit":{"quantityQuota":-1,"timeFrameDays":-1,"quantityOrdered":0}}]},"currency":"USD"},{"lines":{"items":[{"item":{"href":"https://hydraqa.unicity.net/v5a-test/items/0cf62d38e91953b43dcfe88b06f813cb","id":{"unicity":"26557"}},"quantity":1,"terms":{"priceEach":101,"taxEach":{"amount":0},"discountEach":{"amount":0},"pvEach":61},"quantityLimit":{"quantityQuota":-1,"timeFrameDays":-1,"quantityOrdered":0}}]},"currency":"USD"},{"lines":{"items":[{"item":{"href":"https://hydraqa.unicity.net/v5a-test/items/cda534d686af5d627c94c4bb2c4b57d8","id":{"unicity":"26561"}},"quantity":1,"terms":{"priceEach":21,"taxEach":{"amount":0},"discountEach":{"amount":0},"pvEach":11},"quantityLimit":{"quantityQuota":-1,"timeFrameDays":-1,"quantityOrdered":0}}]},"currency":"USD"},{"lines":{"items":[{"item":{"href":"https://hydraqa.unicity.net/v5a-test/items/0a3ede185ddf034630afd891c5106d33","id":{"unicity":"26562"}},"quantity":1,"terms":{"priceEach":43,"taxEach":{"amount":0},"discountEach":{"amount":0},"pvEach":25},"quantityLimit":{"quantityQuota":-1,"timeFrameDays":-1,"quantityOrdered":0}}]},"currency":"USD"},{"lines":{"items":[{"item":{"href":"https://hydraqa.unicity.net/v5a-test/items/1945faa1776541d53120ecfe3c1d8a2b","id":{"unicity":"24418"}},"quantity":1,"terms":{"priceEach":7,"taxEach":{"amount":0},"discountEach":{"amount":0},"pvEach":0},"quantityLimit":{"quantityQuota":-1,"timeFrameDays":-1,"quantityOrdered":0}}]},"currency":"USD"},{"lines":{"items":[{"item":{"href":"https://hydraqa.unicity.net/v5a-test/items/b127a2d34d3d73e2f53e4c2002a7a4a2","id":{"unicity":"25008"}},"quantity":1,"terms":{"priceEach":24,"taxEach":{"amount":0},"discountEach":{"amount":0},"pvEach":15},"quantityLimit":{"quantityQuota":-1,"timeFrameDays":-1,"quantityOrdered":0}}]},"currency":"USD"},{"lines":{"items":[{"item":{"href":"https://hydraqa.unicity.net/v5a-test/items/10da226fab00279b4f89df10af2a10b7","id":{"unicity":"26442"}},"quantity":1,"terms":{"priceEach":8,"taxEach":{"amount":0},"discountEach":{"amount":0},"pvEach":0},"quantityLimit":{"quantityQuota":-1,"timeFrameDays":-1,"quantityOrdered":0}}]},"currency":"USD"},{"lines":{"items":[{"item":{"href":"https://hydraqa.unicity.net/v5a-test/items/933f0856fd8ec1df83c5283dabf4ec3c","id":{"unicity":"6200"}},"quantity":1,"terms":{"priceEach":88,"taxEach":{"amount":0},"discountEach":{"amount":0},"pvEach":47},"quantityLimit":{"quantityQuota":-1,"timeFrameDays":-1,"quantityOrdered":0}}]},"currency":"USD"},{"lines":{"items":[{"item":{"href":"https://hydraqa.unicity.net/v5a-test/items/8d994059c399f5551ab112574e4476fc","id":{"unicity":"24785"}},"quantity":1,"terms":{"priceEach":18,"taxEach":{"amount":0},"discountEach":{"amount":0},"pvEach":9},"quantityLimit":{"quantityQuota":-1,"timeFrameDays":-1,"quantityOrdered":0}}]},"currency":"USD"},{"lines":{"items":[{"item":{"href":"https://hydraqa.unicity.net/v5a-test/items/aa0d72ac13b1ce88cf8c4a52ede75a37","id":{"unicity":"26552"}},"quantity":1,"terms":{"priceEach":89,"taxEach":{"amount":0},"discountEach":{"amount":0},"pvEach":50},"quantityLimit":{"quantityQuota":-1,"timeFrameDays":-1,"quantityOrdered":0}}]},"currency":"USD"},{"lines":{"items":[{"item":{"href":"https://hydraqa.unicity.net/v5a-test/items/e218d1cac5f31e7ae4f5876c29c57377","id":{"unicity":"29017"}},"quantity":1,"terms":{"priceEach":49,"taxEach":{"amount":0},"discountEach":{"amount":0},"pvEach":26},"quantityLimit":{"quantityQuota":-1,"timeFrameDays":-1,"quantityOrdered":0}}]},"currency":"USD"},{"lines":{"items":[{"item":{"href":"https://hydraqa.unicity.net/v5a-test/items/c674cdded8a54983aae3c5dcb32c9e38","id":{"unicity":"32628"}},"quantity":1,"terms":{"priceEach":89,"taxEach":{"amount":0},"discountEach":{"amount":0},"pvEach":50},"quantityLimit":{"quantityQuota":-1,"timeFrameDays":-1,"quantityOrdered":0}}]},"currency":"USD"}]}
Entry request : {"order":{"customer":{"href":"https://hydraqa.unicity.net/v5a-test/customers?type=PreferredCustomer"},"shipToAddress":{"country":"US"}},"vary":{"lines":{"items":[{"item":{"href":"https://hydraqa.unicity.net/v5a-test/items?id.unicity=26580|27801|15271|26550|26556|26557|26561|26562|24418|25008|26442|6200|15916|18908|24785|26552|29017|32628"}}]}}}
Request URL: https://hydraqa.unicity.net/v5a-test/customers.js?_httpMethod=HEAD&callback=angular.callbacks._1&email=CCYOQR@gmail.com
Unicity [Date=Thu, 10 Dec 2020 20:41:00 GMT, Content-Type=text/javascript; charset=utf-8, Content-Length=381, Connection=keep-alive, Set-Cookie=__cfduid=ddc9ca297bcc6420c6ac145c2288c563d1607632859; expires=Sat, 09-Jan-21 20:40:59 GMT; path=/; domain=.unicity.net; HttpOnly; SameSite=Lax, x-powered-by=Express, x-request-id=feb8e34e-d799-996e-b3e7-97cb9aa7e142,feb8e34e-d799-996e-b3e7-97cb9aa7e142, x-request-uuid=feb8e34e-d799-996e-b3e7-97cb9aa7e142, x-request-release=5-2020120801/master, access-control-allow-origin=http://enroll.ng.unicityqa.com, vary=Accept-Encoding, link=<http://unicity.github.io/Hydra.php/docs/v5/>; rel="help", cache-control=no-cache, must-revalidate, expires=0, content-language=en-US, x-status-code=400, content-encoding=gzip, x-envoy-upstream-service-time=663, etag=W/"17d-+hdBf1/pVAr278qGbAOf4b0A2LE", access-control-expose-headers=x-b3-traceid, x-request-id, x-b3-traceid=261f1de0a8bed78e, CF-Cache-Status=DYNAMIC, cf-request-id=06effbca5100001c73a8880000000001, Expect-CT=max-age=604800, report-uri="https://report-uri.cloudflare.com/cdn-cgi/beacon/expect-ct", Server=cloudflare, CF-RAY=5ff9c8bd49ff1c73-SJC]
Unicity [Date=Thu, 10 Dec 2020 20:41:02 GMT, Content-Type=text/javascript; charset=utf-8, Content-Length=382, Connection=keep-alive, Set-Cookie=__cfduid=d700129be819d2fa4d5755fc4052e358b1607632861; expires=Sat, 09-Jan-21 20:41:01 GMT; path=/; domain=.unicity.net; HttpOnly; SameSite=Lax, x-powered-by=Express, x-request-id=36a049d7-3a92-9695-ab3b-a805524fe079,36a049d7-3a92-9695-ab3b-a805524fe079, x-request-uuid=36a049d7-3a92-9695-ab3b-a805524fe079, x-request-release=5-2020120801/master, access-control-allow-origin=http://enroll.ng.unicityqa.com, vary=Accept-Encoding, link=<http://unicity.github.io/Hydra.php/docs/v5/>; rel="help", cache-control=no-cache, must-revalidate, expires=0, content-language=en-US, x-status-code=400, content-encoding=gzip, x-envoy-upstream-service-time=653, etag=W/"17e-0t/ZfGnfMqj3gellTNeGeFhfHxg", access-control-expose-headers=x-b3-traceid, x-request-id, x-b3-traceid=9e2dc01e62844cf7, CF-Cache-Status=DYNAMIC, cf-request-id=06effbcf8e00001c731e9a1000000001, Expect-CT=max-age=604800, report-uri="https://report-uri.cloudflare.com/cdn-cgi/beacon/expect-ct", Server=cloudflare, CF-RAY=5ff9c8c5bb8c1c73-SJC]
Request URL: https://hydraqa.unicity.net/v5a-test/addresses?country=US&zip=84097
Entry response : {"items":[{"city":"Orem","state":"UT"}]}
]]></system-out>
    <system-err><![CDATA[Starting ChromeDriver 2.36.540470 (e522d04694c7ebea4ba8821272dbef4f9b818c91) on port 11156
Only local connections are allowed.
Dec 10, 2020 1:38:49 PM org.openqa.selenium.remote.ProtocolHandshake createSession
INFO: Detected dialect: OSS
]]></system-err>
  </testcase>
  <testcase name="Patient" classname="Tests.PatientPortal" time="174.305">
    <failure message="Major Market expected [CA] but found [null]" type="java.lang.AssertionError">java.lang.AssertionError: Major Market expected [CA] but found [null]
	at Tests.PatientPortal.Patient(PatientPortal.java:66)
</failure>
    <system-out><![CDATA[Request URL: https://hydraqa.unicity.net/v5a-test/quotes?&expand=item
Entry Quotes response : {"items":[{"lines":{"items":[{"item":{"href":"https://hydraqa.unicity.net/v5a-test/items/dad64fe505c34e906dad58cc9d6b0213","id":{"unicity":"27183"}},"quantity":1,"terms":{"priceEach":1995,"taxEach":{"amount":0},"discountEach":{"amount":0},"pvEach":1000},"quantityLimit":{"quantityQuota":-1,"timeFrameDays":-1,"quantityOrdered":0}}]},"currency":"CAD"},{"lines":{"items":[{"item":{"href":"https://hydraqa.unicity.net/v5a-test/items/bb1a7c3a2902e2cbc4cb2a22fdf1f499","id":{"unicity":"26993"}},"quantity":1,"terms":{"priceEach":284,"taxEach":{"amount":0},"discountEach":{"amount":0},"pvEach":150},"quantityLimit":{"quantityQuota":-1,"timeFrameDays":-1,"quantityOrdered":0}}]},"currency":"CAD"},{"lines":{"items":[{"item":{"href":"https://hydraqa.unicity.net/v5a-test/items/4b1b6b6007d154296fd6c4044c789f67","id":{"unicity":"28329"}},"quantity":1,"terms":{"priceEach":284,"taxEach":{"amount":0},"discountEach":{"amount":0},"pvEach":150},"quantityLimit":{"quantityQuota":-1,"timeFrameDays":-1,"quantityOrdered":0}}]},"currency":"CAD"},{"lines":{"items":[{"item":{"href":"https://hydraqa.unicity.net/v5a-test/items/46ea1edabdcf18f49817c437346958eb","id":{"unicity":"29147"}},"quantity":1,"terms":{"priceEach":85,"taxEach":{"amount":0},"discountEach":{"amount":0},"pvEach":33},"quantityLimit":{"quantityQuota":-1,"timeFrameDays":-1,"quantityOrdered":0}}]},"currency":"CAD"},{"lines":{"items":[{"item":{"href":"https://hydraqa.unicity.net/v5a-test/items/e77144fa2fcf6a4dc73c15b4d615c1aa","id":{"unicity":"28437"}},"quantity":1,"terms":{"priceEach":85,"taxEach":{"amount":0},"discountEach":{"amount":0},"pvEach":33},"quantityLimit":{"quantityQuota":-1,"timeFrameDays":-1,"quantityOrdered":0}}]},"currency":"CAD"},{"lines":{"items":[{"item":{"href":"https://hydraqa.unicity.net/v5a-test/items/8407b62b9c4120aa3dfe25c9feb76e4a","id":{"unicity":"28591"}},"quantity":1,"terms":{"priceEach":24,"taxEach":{"amount":0},"discountEach":{"amount":0},"pvEach":15},"quantityLimit":{"quantityQuota":-1,"timeFrameDays":-1,"quantityOrdered":0}}]},"currency":"CAD"},{"lines":{"items":[{"item":{"href":"https://hydraqa.unicity.net/v5a-test/items/10da226fab00279b4f89df10af2a10b7","id":{"unicity":"26442"}},"quantity":1,"terms":{"priceEach":10,"taxEach":{"amount":0},"discountEach":{"amount":0},"pvEach":0},"quantityLimit":{"quantityQuota":-1,"timeFrameDays":-1,"quantityOrdered":0}}]},"currency":"CAD"},{"lines":{"items":[{"item":{"href":"https://hydraqa.unicity.net/v5a-test/items/576e0ebc8d1f5b26fc89bf3cd47a26c6","id":{"unicity":"26572"}},"quantity":1,"terms":{"priceEach":110,"taxEach":{"amount":0},"discountEach":{"amount":0},"pvEach":56},"quantityLimit":{"quantityQuota":-1,"timeFrameDays":-1,"quantityOrdered":0}}]},"currency":"CAD"},{"lines":{"items":[{"item":{"href":"https://hydraqa.unicity.net/v5a-test/items/60b5ca15c481444657970edde11b04ce","id":{"unicity":"26571"}},"quantity":1,"terms":{"priceEach":110,"taxEach":{"amount":0},"discountEach":{"amount":0},"pvEach":56},"quantityLimit":{"quantityQuota":-1,"timeFrameDays":-1,"quantityOrdered":0}}]},"currency":"CAD"},{"lines":{"items":[{"item":{"href":"https://hydraqa.unicity.net/v5a-test/items/2ffc1563d3d0fd7121ca5b1c2184988e","id":{"unicity":"28428"}},"quantity":1,"terms":{"priceEach":111,"taxEach":{"amount":0},"discountEach":{"amount":0},"pvEach":62},"quantityLimit":{"quantityQuota":-1,"timeFrameDays":-1,"quantityOrdered":0}}]},"currency":"CAD"},{"lines":{"items":[{"item":{"href":"https://hydraqa.unicity.net/v5a-test/items/637af131553f5822bef2bb0f0577b2e9","id":{"unicity":"28160"}},"quantity":1,"terms":{"priceEach":118,"taxEach":{"amount":0},"discountEach":{"amount":0},"pvEach":62},"quantityLimit":{"quantityQuota":-1,"timeFrameDays":-1,"quantityOrdered":0}}]},"currency":"CAD"},{"lines":{"items":[{"item":{"href":"https://hydraqa.unicity.net/v5a-test/items/c4744f6ba328b983bfffc7e1e4416ff3","id":{"unicity":"26565"}},"quantity":1,"terms":{"priceEach":117,"taxEach":{"amount":0},"discountEach":{"amount":0},"pvEach":64},"quantityLimit":{"quantityQuota":-1,"timeFrameDays":-1,"quantityOrdered":0}}]},"currency":"CAD"}]}
Entry request : {"order":{"customer":{"href":"https://hydraqa.unicity.net/v5a-test/customers?type=PreferredCustomer"},"shipToAddress":{"country":"CA"}},"vary":{"lines":{"items":[{"item":{"href":"https://hydraqa.unicity.net/v5a-test/items?id.unicity=27183|27184|27185|28325|28326|28327|28328|26993|26995|28329|28331|24418|29147|28437|28591|26442|28370|26572|26571|28428|28160|26565"}}]}}}
Request URL: https://hydraqa.unicity.net/v5a-test/customers.js?callback=angular.callbacks._1&expand=customer,profilePicture&id.unicity=2
Request URL: https://hydraqa.unicity.net/v5a-test/customers.js?_httpMethod=HEAD&callback=angular.callbacks._4&email=BKOIYT@gmail.com
Unicity [Date=Thu, 10 Dec 2020 20:43:42 GMT, Content-Type=text/javascript; charset=utf-8, Content-Length=1143, Connection=keep-alive, Set-Cookie=__cfduid=d66ab925bea75fd03c14d6092585d45c61607633018; expires=Sat, 09-Jan-21 20:43:38 GMT; path=/; domain=.unicity.net; HttpOnly; SameSite=Lax, x-powered-by=Express, x-request-id=0c72b599-7a3a-9644-b02d-0fdcc85eeb39,0c72b599-7a3a-9644-b02d-0fdcc85eeb39, x-request-uuid=0c72b599-7a3a-9644-b02d-0fdcc85eeb39, x-request-release=5-2020120801/master, access-control-allow-origin=http://enroll.ng.unicityqa.com, vary=Accept-Encoding, link=<http://unicity.github.io/Hydra.php/docs/v5/>; rel="help", cache-control=no-cache, must-revalidate, expires=0, content-language=en-US, x-status-code=200, content-encoding=gzip, x-envoy-upstream-service-time=3594, etag=W/"477-MA3mZpjTlP8yyUDlZw5t+TX6NEs", access-control-expose-headers=x-b3-traceid, x-request-id, x-b3-traceid=39c39125dd266f3d, CF-Cache-Status=DYNAMIC, cf-request-id=06effe37ef00006be45bbf0000000001, Expect-CT=max-age=604800, report-uri="https://report-uri.cloudflare.com/cdn-cgi/beacon/expect-ct", Server=cloudflare, CF-RAY=5ff9cc9fe97c6be4-SJC]
sumanB4V2K4
{shipToAddress={zip=B4V2K4, country=CA, city=BRIDGEWATER, address1=Address 1, state=NS}, shippingMethod={href=https://hydraqa.unicity.net/v5a-test/shippingmethods?type=UPS Ground}, lines={items=[{item={href=https://hydraqa.unicity.net/v5a-test/items?id.unicity=26442}, quantity=1}]}, transactions={items=[{method=Coupon, methodDetails={code=Fre3Aut0Sh!p}, type=AuthorizeAndCapture}]}, customer={href=https://hydraqa.unicity.net/v5a-test/customers?type=PreferredCustomer}}
kalyanB4V2K4
Request URL: https://hydraqa.unicity.net/v5a-test/addresses?country=CA&zip=B4V2K4
Entry response : {"items":[{"address1":"","address2":"","city":"Bridgewater","state":"NS","zip":"B4V2K4","country":"CA"}]}
{sponsor=2, gender=female, city=BRIDGEWATER, cartprice=10.0, enroller=2, arpack=Balance Cholesterol, language=English, locale=en, type=PreferredCustomer, platform=QA, lname=TestLastName, password=Unicity, genderoption=Female, Currency=USD, api=4, state=[NS], email=BKOIYT@gmail.com, zip=B4V2K4, fname=TestFirstName, prefferd=Canada, address2=Address 2, address1=Address 1, shippingmethod=type=UPS Ground, version=v5a-test/, testcase=PatientPortal, market=Canada, aritemcode=26565, referral=yes, martial=Married, phone=9823746323, proto=https://hydraqa.unicity.net/, marketcode=CA, maritaloption=Married, ccname=CCNameTest}
Request URL: https://hydraqa.unicity.net/v5a-test/orders.js
Entry request : {"customer":{"mainAddress":{"city":"BRIDGEWATER","country":"CA","state":"NS","zip":"B4V2K4","address1":"Address 1","address2":"Address 2"},"humanName":{"firstName":"TestFirstName","lastName":"TestLastName"},"email":"BKOIYT@gmail.com","preferredLocale":"en-CA","password":{"value":"Unicity"},"gender":"female","maritalStatus":"Married","type":"PreferredCustomer","creditcardaliases":[{"methodDetails":{"creditCardNumber":"4111111111111111","payer":"TestFirstName TestLastName","creditCardExpires":"2021-10"},"billToName":{"firstName":"TestFirstName","lastName":"TestLastName"},"billToAddress":{"address1":"Address 1","address2":"Address 2","city":"BRIDGEWATER","state":"NS","zip":"B4V2K4","country":"CA"}}],"sponsor":{"href":"https://hydraqa.unicity.net/v5a-test/customers?id.unicity=2"},"enroller":{"href":"https://hydraqa.unicity.net/v5a-test/customers?id.unicity=2"},"homePhone":"9823746323","autoorders":{"items":[{"recurrence":{"schedule":{"month":"*","dayOfMonth":"5"},"status":"Enabled"},"lines":{"items":[{"item":{"href":"https://hydraqa.unicity.net/v5a-test/items?id.unicity=26565"},"quantity":1}]},"shipToName":{"firstName":"TestFirstName","lastName":"TestLastName"},"shipToPhone":"9823746323","shipToEmail":"BKOIYT@gmail.com","shipToAddress":{"city":"BRIDGEWATER","country":"CA","state":"NS","address1":"Address 1","address2":"Address 2","zip":"B4V2K4"},"shippingMethod":{"href":"https://hydraqa.unicity.net/v5a-test/shippingmethods?type=UPS Ground"},"transactions":{"items":[{"amount":"this.terms.total","type":"AuthorizeAndCapture","method":"CreditCardAlias","methodDetails":{"alias":"this.customer.creditcardaliases[0].alias"}}]}}]},"rights":[]},"lines":{"items":[{"item":{"href":"https://hydraqa.unicity.net/v5a-test/items?id.unicity=26442"},"quantity":1}]},"shipToName":{"firstName":"TestFirstName","lastName":"TestLastName"},"shipToPhone":"9823746323","shipToEmail":"BKOIYT@gmail.com","shipToAddress":{"city":"BRIDGEWATER","country":"CA","state":"NS","address1":"Address 1","address2":"Address 2","zip":"B4V2K4"},"shippingMethod":{"href":"https://hydraqa.unicity.net/v5a-test/shippingmethods?type=UPS Ground"},"notes":"","transactions":{"items":[{"amount":"this.terms.total","type":"AuthorizeAndCapture","method":"CreditCard","methodDetails":{"creditCardNumber":"4111111111111111","payer":"CCNameTest","creditCardExpires":"2021-10","creditCardSecurityCode":"123"},"billToAddress":{"address1":"Address 1","address2":"Address 2","city":"BRIDGEWATER","state":"NS","zip":"B4V2K4","country":"CA"}},{"type":"AuthorizeAndCapture","method":"Coupon","methodDetails":{"code":"Fre3Aut0Sh!p"}}]}}
Entry response : {"meta":{"Link":"<http:\/\/unicity.github.io\/Hydra.php\/docs\/v5\/>; rel=\"help\"","X-Request-UUID":"fe60374e-b3f6-9d6f-b9ae-4e8656daa605","X-Request-Release":"5-2020120801\/master","Cache-Control":"no-cache, must-revalidate","Expires":"0","X-Powered-By":"Luracast Restler v3.0.0rc5","Content-Type":"text\/javascript; charset=utf-8","Content-Language":"en","X-Status-Code":"402"},"data":{"error":{"code":402,"message":"Payment Required","error_code":"3009","error_message":"We failed to accept the credit card payment for the following reason: 'Valid security code required.' Error #J9W7P","upstream_error_message":"Valid security code required."}}}
Headers-->keep-alive
Headers-->2600
Headers-->application/json, text/plain, */*
Headers-->en-CA
Headers-->application/json;charset=UTF-8
]]></system-out>
    <system-err><![CDATA[Starting ChromeDriver 2.36.540470 (e522d04694c7ebea4ba8821272dbef4f9b818c91) on port 9271
Only local connections are allowed.
Dec 10, 2020 1:41:34 PM org.openqa.selenium.remote.ProtocolHandshake createSession
INFO: Detected dialect: OSS
]]></system-err>
  </testcase>
  <testcase name="Patient" classname="Tests.PatientPortal" time="174.454">
    <failure message="Major Market expected [CA] but found [null]" type="java.lang.AssertionError">java.lang.AssertionError: Major Market expected [CA] but found [null]
	at Tests.PatientPortal.Patient(PatientPortal.java:66)
</failure>
    <system-out><![CDATA[Request URL: https://hydraqa.unicity.net/v5a-test/quotes?&expand=item
Entry Quotes response : {"items":[{"lines":{"items":[{"item":{"href":"https://hydraqa.unicity.net/v5a-test/items/dad64fe505c34e906dad58cc9d6b0213","id":{"unicity":"27183"}},"quantity":1,"terms":{"priceEach":1995,"taxEach":{"amount":0},"discountEach":{"amount":0},"pvEach":1000},"quantityLimit":{"quantityQuota":-1,"timeFrameDays":-1,"quantityOrdered":0}}]},"currency":"CAD"},{"lines":{"items":[{"item":{"href":"https://hydraqa.unicity.net/v5a-test/items/bb1a7c3a2902e2cbc4cb2a22fdf1f499","id":{"unicity":"26993"}},"quantity":1,"terms":{"priceEach":284,"taxEach":{"amount":0},"discountEach":{"amount":0},"pvEach":150},"quantityLimit":{"quantityQuota":-1,"timeFrameDays":-1,"quantityOrdered":0}}]},"currency":"CAD"},{"lines":{"items":[{"item":{"href":"https://hydraqa.unicity.net/v5a-test/items/4b1b6b6007d154296fd6c4044c789f67","id":{"unicity":"28329"}},"quantity":1,"terms":{"priceEach":284,"taxEach":{"amount":0},"discountEach":{"amount":0},"pvEach":150},"quantityLimit":{"quantityQuota":-1,"timeFrameDays":-1,"quantityOrdered":0}}]},"currency":"CAD"},{"lines":{"items":[{"item":{"href":"https://hydraqa.unicity.net/v5a-test/items/46ea1edabdcf18f49817c437346958eb","id":{"unicity":"29147"}},"quantity":1,"terms":{"priceEach":85,"taxEach":{"amount":0},"discountEach":{"amount":0},"pvEach":33},"quantityLimit":{"quantityQuota":-1,"timeFrameDays":-1,"quantityOrdered":0}}]},"currency":"CAD"},{"lines":{"items":[{"item":{"href":"https://hydraqa.unicity.net/v5a-test/items/e77144fa2fcf6a4dc73c15b4d615c1aa","id":{"unicity":"28437"}},"quantity":1,"terms":{"priceEach":85,"taxEach":{"amount":0},"discountEach":{"amount":0},"pvEach":33},"quantityLimit":{"quantityQuota":-1,"timeFrameDays":-1,"quantityOrdered":0}}]},"currency":"CAD"},{"lines":{"items":[{"item":{"href":"https://hydraqa.unicity.net/v5a-test/items/8407b62b9c4120aa3dfe25c9feb76e4a","id":{"unicity":"28591"}},"quantity":1,"terms":{"priceEach":24,"taxEach":{"amount":0},"discountEach":{"amount":0},"pvEach":15},"quantityLimit":{"quantityQuota":-1,"timeFrameDays":-1,"quantityOrdered":0}}]},"currency":"CAD"},{"lines":{"items":[{"item":{"href":"https://hydraqa.unicity.net/v5a-test/items/10da226fab00279b4f89df10af2a10b7","id":{"unicity":"26442"}},"quantity":1,"terms":{"priceEach":10,"taxEach":{"amount":0},"discountEach":{"amount":0},"pvEach":0},"quantityLimit":{"quantityQuota":-1,"timeFrameDays":-1,"quantityOrdered":0}}]},"currency":"CAD"},{"lines":{"items":[{"item":{"href":"https://hydraqa.unicity.net/v5a-test/items/576e0ebc8d1f5b26fc89bf3cd47a26c6","id":{"unicity":"26572"}},"quantity":1,"terms":{"priceEach":110,"taxEach":{"amount":0},"discountEach":{"amount":0},"pvEach":56},"quantityLimit":{"quantityQuota":-1,"timeFrameDays":-1,"quantityOrdered":0}}]},"currency":"CAD"},{"lines":{"items":[{"item":{"href":"https://hydraqa.unicity.net/v5a-test/items/60b5ca15c481444657970edde11b04ce","id":{"unicity":"26571"}},"quantity":1,"terms":{"priceEach":110,"taxEach":{"amount":0},"discountEach":{"amount":0},"pvEach":56},"quantityLimit":{"quantityQuota":-1,"timeFrameDays":-1,"quantityOrdered":0}}]},"currency":"CAD"},{"lines":{"items":[{"item":{"href":"https://hydraqa.unicity.net/v5a-test/items/2ffc1563d3d0fd7121ca5b1c2184988e","id":{"unicity":"28428"}},"quantity":1,"terms":{"priceEach":111,"taxEach":{"amount":0},"discountEach":{"amount":0},"pvEach":62},"quantityLimit":{"quantityQuota":-1,"timeFrameDays":-1,"quantityOrdered":0}}]},"currency":"CAD"},{"lines":{"items":[{"item":{"href":"https://hydraqa.unicity.net/v5a-test/items/637af131553f5822bef2bb0f0577b2e9","id":{"unicity":"28160"}},"quantity":1,"terms":{"priceEach":118,"taxEach":{"amount":0},"discountEach":{"amount":0},"pvEach":62},"quantityLimit":{"quantityQuota":-1,"timeFrameDays":-1,"quantityOrdered":0}}]},"currency":"CAD"},{"lines":{"items":[{"item":{"href":"https://hydraqa.unicity.net/v5a-test/items/c4744f6ba328b983bfffc7e1e4416ff3","id":{"unicity":"26565"}},"quantity":1,"terms":{"priceEach":117,"taxEach":{"amount":0},"discountEach":{"amount":0},"pvEach":64},"quantityLimit":{"quantityQuota":-1,"timeFrameDays":-1,"quantityOrdered":0}}]},"currency":"CAD"}]}
Entry request : {"order":{"customer":{"href":"https://hydraqa.unicity.net/v5a-test/customers?type=PreferredCustomer"},"shipToAddress":{"country":"CA"}},"vary":{"lines":{"items":[{"item":{"href":"https://hydraqa.unicity.net/v5a-test/items?id.unicity=27183|27184|27185|28325|28326|28327|28328|26993|26995|28329|28331|24418|29147|28437|28591|26442|28370|26572|26571|28428|28160|26565"}}]}}}
Request URL: https://hydraqa.unicity.net/v5a-test/customers.js?callback=angular.callbacks._1&expand=customer,profilePicture&id.unicity=2
Request URL: https://hydraqa.unicity.net/v5a-test/customers.js?_httpMethod=HEAD&callback=angular.callbacks._4&email=DGYDYW@gmail.com
Unicity [Date=Thu, 10 Dec 2020 20:46:46 GMT, Content-Type=text/javascript; charset=utf-8, Content-Length=1611, Connection=keep-alive, Set-Cookie=__cfduid=d5b707432f6b430154d0455894e13e13f1607633202; expires=Sat, 09-Jan-21 20:46:42 GMT; path=/; domain=.unicity.net; HttpOnly; SameSite=Lax, x-powered-by=Express, x-request-id=4fcf22d4-ca32-91db-b39d-864d3a96e730,4fcf22d4-ca32-91db-b39d-864d3a96e730, x-request-uuid=4fcf22d4-ca32-91db-b39d-864d3a96e730, x-request-release=5-2020120801/master, access-control-allow-origin=http://enroll.ng.unicityqa.com, vary=Accept-Encoding, link=<http://unicity.github.io/Hydra.php/docs/v5/>; rel="help", cache-control=no-cache, must-revalidate, expires=0, content-language=en-US, x-status-code=200, content-encoding=gzip, x-envoy-upstream-service-time=3892, etag=W/"64b-mDpuNG07vrV9W+86zZAGaakESs0", access-control-expose-headers=x-b3-traceid, x-request-id, x-b3-traceid=9977679c62159e51, CF-Cache-Status=DYNAMIC, cf-request-id=06f0010410000002760400f000000001, Expect-CT=max-age=604800, report-uri="https://report-uri.cloudflare.com/cdn-cgi/beacon/expect-ct", Server=cloudflare, CF-RAY=5ff9d119be440276-SJC]
sumanB4V2K4
{shipToAddress={zip=B4V2K4, country=CA, city=BRIDGEWATER, address1=Address 1, state=NS}, shippingMethod={href=https://hydraqa.unicity.net/v5a-test/shippingmethods?type=UPS Ground}, lines={items=[{item={href=https://hydraqa.unicity.net/v5a-test/items?id.unicity=26442}, quantity=1}, {item={href=https://hydraqa.unicity.net/v5a-test/items?id.unicity=27183}, quantity=1}]}, transactions={items=[{method=Coupon, methodDetails={code=Fre3Aut0Sh!p}, type=AuthorizeAndCapture}]}, customer={href=https://hydraqa.unicity.net/v5a-test/customers?type=PreferredCustomer}}
kalyanB4V2K4
Request URL: https://hydraqa.unicity.net/v5a-test/addresses?country=CA&zip=B4V2K4
Entry response : {"items":[{"address1":"","address2":"","city":"Bridgewater","state":"NS","zip":"B4V2K4","country":"CA"}]}
{sponsor=2, gender=male, city=BRIDGEWATER, cartprice=2005.0, enroller=2, arpack=Balance Cholesterol, language=Français, locale=fr, type=PreferredCustomer, platform=QA, lname=TestLastName, password=Unicity, genderoption=Homme, Currency=USD, api=4, state=[NS], email=DGYDYW@gmail.com, zip=B4V2K4, fname=TestFirstName, prefferd=Canada, address2=Address 2, address1=Address 1, shippingmethod=type=UPS Ground, version=v5a-test/, testcase=PatientPortal, market=Canada, aritemcode=26565, referral=yes, martial=Married, phone=9823746323, proto=https://hydraqa.unicity.net/, marketcode=CA, maritaloption=Marié, ccname=CCNameTest}
Request URL: https://hydraqa.unicity.net/v5a-test/orders.js
Entry request : {"customer":{"mainAddress":{"city":"BRIDGEWATER","country":"CA","state":"NS","zip":"B4V2K4","address1":"Address 1","address2":"Address 2"},"humanName":{"firstName":"TestFirstName","lastName":"TestLastName"},"email":"DGYDYW@gmail.com","preferredLocale":"fr-CA","password":{"value":"Unicity"},"gender":"male","maritalStatus":"Married","type":"PreferredCustomer","creditcardaliases":[{"methodDetails":{"creditCardNumber":"4111111111111111","payer":"TestFirstName TestLastName","creditCardExpires":"2021-10"},"billToName":{"firstName":"TestFirstName","lastName":"TestLastName"},"billToAddress":{"address1":"Address 1","address2":"Address 2","city":"BRIDGEWATER","state":"NS","zip":"B4V2K4","country":"CA"}}],"sponsor":{"href":"https://hydraqa.unicity.net/v5a-test/customers?id.unicity=2"},"enroller":{"href":"https://hydraqa.unicity.net/v5a-test/customers?id.unicity=2"},"homePhone":"9823746323","autoorders":{"items":[{"recurrence":{"schedule":{"month":"*","dayOfMonth":"5"},"status":"Enabled"},"lines":{"items":[{"item":{"href":"https://hydraqa.unicity.net/v5a-test/items?id.unicity=26565"},"quantity":1}]},"shipToName":{"firstName":"TestFirstName","lastName":"TestLastName"},"shipToPhone":"9823746323","shipToEmail":"DGYDYW@gmail.com","shipToAddress":{"city":"BRIDGEWATER","country":"CA","state":"NS","address1":"Address 1","address2":"Address 2","zip":"B4V2K4"},"shippingMethod":{"href":"https://hydraqa.unicity.net/v5a-test/shippingmethods?type=UPS Ground"},"transactions":{"items":[{"amount":"this.terms.total","type":"AuthorizeAndCapture","method":"CreditCardAlias","methodDetails":{"alias":"this.customer.creditcardaliases[0].alias"}}]}}]},"rights":[]},"lines":{"items":[{"item":{"href":"https://hydraqa.unicity.net/v5a-test/items?id.unicity=26442"},"quantity":1},{"item":{"href":"https://hydraqa.unicity.net/v5a-test/items?id.unicity=27183"},"quantity":1}]},"shipToName":{"firstName":"TestFirstName","lastName":"TestLastName"},"shipToPhone":"9823746323","shipToEmail":"DGYDYW@gmail.com","shipToAddress":{"city":"BRIDGEWATER","country":"CA","state":"NS","address1":"Address 1","address2":"Address 2","zip":"B4V2K4"},"shippingMethod":{"href":"https://hydraqa.unicity.net/v5a-test/shippingmethods?type=UPS Ground"},"notes":"","transactions":{"items":[{"amount":"this.terms.total","type":"AuthorizeAndCapture","method":"CreditCard","methodDetails":{"creditCardNumber":"4111111111111111","payer":"CCNameTest","creditCardExpires":"2021-10","creditCardSecurityCode":"123"},"billToAddress":{"address1":"Address 1","address2":"Address 2","city":"BRIDGEWATER","state":"NS","zip":"B4V2K4","country":"CA"}},{"type":"AuthorizeAndCapture","method":"Coupon","methodDetails":{"code":"Fre3Aut0Sh!p"}}]}}
Entry response : {"meta":{"Link":"<http:\/\/unicity.github.io\/Hydra.php\/docs\/v5\/>; rel=\"help\"","X-Request-UUID":"e7ad3781-2b31-9a02-be51-78c4ba5c6583","X-Request-Release":"5-2020120801\/master","Cache-Control":"no-cache, must-revalidate","Expires":"0","X-Powered-By":"Luracast Restler v3.0.0rc5","Content-Type":"text\/javascript; charset=utf-8","Content-Language":"en","X-Status-Code":"402"},"data":{"error":{"code":402,"message":"Payment Required","error_code":"3009","error_message":"We failed to accept the credit card payment for the following reason: 'Valid security code required.' Error #E7E4Y","upstream_error_message":"Valid security code required."}}}
Headers-->keep-alive
Headers-->2691
Headers-->application/json, text/plain, */*
Headers-->fr-CA
Headers-->application/json;charset=UTF-8
]]></system-out>
    <system-err><![CDATA[Starting ChromeDriver 2.36.540470 (e522d04694c7ebea4ba8821272dbef4f9b818c91) on port 48270
Only local connections are allowed.
Dec 10, 2020 1:44:35 PM org.openqa.selenium.remote.ProtocolHandshake createSession
INFO: Detected dialect: OSS
]]></system-err>
  </testcase>
  <testcase name="PassReferralID" classname="Tests.HealthCareProducts" time="120.259">
    <failure message="Critical A-Z section not displaying" type="java.lang.AssertionError">java.lang.AssertionError: Critical A-Z section not displaying
	at Tests.HealthCareProducts.PassReferralID(HealthCareProducts.java:64)
</failure>
    <system-out><![CDATA[Request URL: https://hydraqa.unicity.net/v5a-test/quotes?&expand=item
Entry Quotes response : {"items":[{"lines":{"items":[{"item":{"href":"https://hydraqa.unicity.net/v5a-test/items/1945faa1776541d53120ecfe3c1d8a2b","id":{"unicity":"24418"}},"quantity":1,"terms":{"priceEach":5,"taxEach":{"amount":0},"discountEach":{"amount":0},"pvEach":0},"quantityLimit":{"quantityQuota":-1,"timeFrameDays":-1,"quantityOrdered":0}}]},"currency":"USD"},{"lines":{"items":[{"item":{"href":"https://hydraqa.unicity.net/v5a-test/items/b127a2d34d3d73e2f53e4c2002a7a4a2","id":{"unicity":"25008"}},"quantity":1,"terms":{"priceEach":19,"taxEach":{"amount":0},"discountEach":{"amount":0},"pvEach":15},"quantityLimit":{"quantityQuota":-1,"timeFrameDays":-1,"quantityOrdered":0}}]},"currency":"USD"},{"lines":{"items":[{"item":{"href":"https://hydraqa.unicity.net/v5a-test/items/e218d1cac5f31e7ae4f5876c29c57377","id":{"unicity":"29017"}},"quantity":1,"terms":{"priceEach":38,"taxEach":{"amount":0},"discountEach":{"amount":0},"pvEach":26},"quantityLimit":{"quantityQuota":-1,"timeFrameDays":-1,"quantityOrdered":0}}]},"currency":"USD"}]}
Entry request : {"order":{"customer":{"href":"https://hydraqa.unicity.net/v5a-test/customers?type=Associate"},"shipToAddress":{"country":"US"}},"vary":{"lines":{"items":[{"item":{"href":"https://hydraqa.unicity.net/v5a-test/items?id.unicity=27228|27227|27226|24418|25008|29017"}}]}}}
]]></system-out>
    <system-err><![CDATA[Starting ChromeDriver 2.36.540470 (e522d04694c7ebea4ba8821272dbef4f9b818c91) on port 44505
Only local connections are allowed.
Dec 10, 2020 1:47:36 PM org.openqa.selenium.remote.ProtocolHandshake createSession
INFO: Detected dialect: OSS
]]></system-err>
  </testcase>
  <testcase name="PassReferralID" classname="Tests.HealthCareProducts" time="120.404">
    <failure message="Critical A-Z section not displaying" type="java.lang.AssertionError">java.lang.AssertionError: Critical A-Z section not displaying
	at Tests.HealthCareProducts.PassReferralID(HealthCareProducts.java:64)
</failure>
    <system-out><![CDATA[Request URL: https://hydraqa.unicity.net/v5a-test/quotes?&expand=item
Entry Quotes response : {"items":[{"lines":{"items":[{"item":{"href":"https://hydraqa.unicity.net/v5a-test/items/1945faa1776541d53120ecfe3c1d8a2b","id":{"unicity":"24418"}},"quantity":1,"terms":{"priceEach":5,"taxEach":{"amount":0},"discountEach":{"amount":0},"pvEach":0},"quantityLimit":{"quantityQuota":-1,"timeFrameDays":-1,"quantityOrdered":0}}]},"currency":"USD"},{"lines":{"items":[{"item":{"href":"https://hydraqa.unicity.net/v5a-test/items/b127a2d34d3d73e2f53e4c2002a7a4a2","id":{"unicity":"25008"}},"quantity":1,"terms":{"priceEach":19,"taxEach":{"amount":0},"discountEach":{"amount":0},"pvEach":15},"quantityLimit":{"quantityQuota":-1,"timeFrameDays":-1,"quantityOrdered":0}}]},"currency":"USD"},{"lines":{"items":[{"item":{"href":"https://hydraqa.unicity.net/v5a-test/items/e218d1cac5f31e7ae4f5876c29c57377","id":{"unicity":"29017"}},"quantity":1,"terms":{"priceEach":38,"taxEach":{"amount":0},"discountEach":{"amount":0},"pvEach":26},"quantityLimit":{"quantityQuota":-1,"timeFrameDays":-1,"quantityOrdered":0}}]},"currency":"USD"}]}
Entry request : {"order":{"customer":{"href":"https://hydraqa.unicity.net/v5a-test/customers?type=Associate"},"shipToAddress":{"country":"US"}},"vary":{"lines":{"items":[{"item":{"href":"https://hydraqa.unicity.net/v5a-test/items?id.unicity=27228|27227|27226|24418|25008|29017"}}]}}}
]]></system-out>
    <system-err><![CDATA[Starting ChromeDriver 2.36.540470 (e522d04694c7ebea4ba8821272dbef4f9b818c91) on port 10706
Only local connections are allowed.
[1607633382.504][SEVERE]: bind() returned an error: Only one usage of each socket address (protocol/network address/port) is normally permitted. (0x2740)
Dec 10, 2020 1:49:44 PM org.openqa.selenium.remote.ProtocolHandshake createSession
INFO: Detected dialect: OSS
]]></system-err>
  </testcase>
  <testcase name="PassReferralID" classname="Tests.HealthCareProducts" time="120.364">
    <failure message="Critical A-Z section not displaying" type="java.lang.AssertionError">java.lang.AssertionError: Critical A-Z section not displaying
	at Tests.HealthCareProducts.PassReferralID(HealthCareProducts.java:64)
</failure>
    <system-out><![CDATA[Request URL: https://hydraqa.unicity.net/v5a-test/quotes?&expand=item
Entry Quotes response : {"items":[{"lines":{"items":[{"item":{"href":"https://hydraqa.unicity.net/v5a-test/items/46ea1edabdcf18f49817c437346958eb","id":{"unicity":"29147"}},"quantity":1,"terms":{"priceEach":74,"taxEach":{"amount":0},"discountEach":{"amount":0},"pvEach":33},"quantityLimit":{"quantityQuota":-1,"timeFrameDays":-1,"quantityOrdered":0}}]},"currency":"CAD"},{"lines":{"items":[{"item":{"href":"https://hydraqa.unicity.net/v5a-test/items/e77144fa2fcf6a4dc73c15b4d615c1aa","id":{"unicity":"28437"}},"quantity":1,"terms":{"priceEach":74,"taxEach":{"amount":0},"discountEach":{"amount":0},"pvEach":33},"quantityLimit":{"quantityQuota":-1,"timeFrameDays":-1,"quantityOrdered":0}}]},"currency":"CAD"},{"lines":{"items":[{"item":{"href":"https://hydraqa.unicity.net/v5a-test/items/8407b62b9c4120aa3dfe25c9feb76e4a","id":{"unicity":"28591"}},"quantity":1,"terms":{"priceEach":21,"taxEach":{"amount":0},"discountEach":{"amount":0},"pvEach":15},"quantityLimit":{"quantityQuota":-1,"timeFrameDays":-1,"quantityOrdered":0}}]},"currency":"CAD"}]}
Entry request : {"order":{"customer":{"href":"https://hydraqa.unicity.net/v5a-test/customers?type=Associate"},"shipToAddress":{"country":"CA"}},"vary":{"lines":{"items":[{"item":{"href":"https://hydraqa.unicity.net/v5a-test/items?id.unicity=27302|27305|27301|27304|27300|27303|24418|29147|28437|28591"}}]}}}
]]></system-out>
    <system-err><![CDATA[Starting ChromeDriver 2.36.540470 (e522d04694c7ebea4ba8821272dbef4f9b818c91) on port 31880
Only local connections are allowed.
Dec 10, 2020 1:51:52 PM org.openqa.selenium.remote.ProtocolHandshake createSession
INFO: Detected dialect: OSS
]]></system-err>
  </testcase>
  <testcase name="PassReferralID" classname="Tests.HealthCareProducts" time="120.354">
    <failure message="Critical A-Z section not displaying" type="java.lang.AssertionError">java.lang.AssertionError: Critical A-Z section not displaying
	at Tests.HealthCareProducts.PassReferralID(HealthCareProducts.java:64)
</failure>
    <system-out><![CDATA[Request URL: https://hydraqa.unicity.net/v5a-test/quotes?&expand=item
Entry Quotes response : {"items":[{"lines":{"items":[{"item":{"href":"https://hydraqa.unicity.net/v5a-test/items/46ea1edabdcf18f49817c437346958eb","id":{"unicity":"29147"}},"quantity":1,"terms":{"priceEach":74,"taxEach":{"amount":0},"discountEach":{"amount":0},"pvEach":33},"quantityLimit":{"quantityQuota":-1,"timeFrameDays":-1,"quantityOrdered":0}}]},"currency":"CAD"},{"lines":{"items":[{"item":{"href":"https://hydraqa.unicity.net/v5a-test/items/e77144fa2fcf6a4dc73c15b4d615c1aa","id":{"unicity":"28437"}},"quantity":1,"terms":{"priceEach":74,"taxEach":{"amount":0},"discountEach":{"amount":0},"pvEach":33},"quantityLimit":{"quantityQuota":-1,"timeFrameDays":-1,"quantityOrdered":0}}]},"currency":"CAD"},{"lines":{"items":[{"item":{"href":"https://hydraqa.unicity.net/v5a-test/items/8407b62b9c4120aa3dfe25c9feb76e4a","id":{"unicity":"28591"}},"quantity":1,"terms":{"priceEach":21,"taxEach":{"amount":0},"discountEach":{"amount":0},"pvEach":15},"quantityLimit":{"quantityQuota":-1,"timeFrameDays":-1,"quantityOrdered":0}}]},"currency":"CAD"}]}
Entry request : {"order":{"customer":{"href":"https://hydraqa.unicity.net/v5a-test/customers?type=Associate"},"shipToAddress":{"country":"CA"}},"vary":{"lines":{"items":[{"item":{"href":"https://hydraqa.unicity.net/v5a-test/items?id.unicity=27302|27305|27301|27304|27300|27303|24418|29147|28437|28591"}}]}}}
]]></system-out>
    <system-err><![CDATA[Starting ChromeDriver 2.36.540470 (e522d04694c7ebea4ba8821272dbef4f9b818c91) on port 48842
Only local connections are allowed.
[1607633638.992][SEVERE]: bind() returned an error: Only one usage of each socket address (protocol/network address/port) is normally permitted. (0x2740)
Dec 10, 2020 1:54:01 PM org.openqa.selenium.remote.ProtocolHandshake createSession
INFO: Detected dialect: OSS
]]></system-err>
  </testcase>
</testsuite>