<?xml version="1.0" encoding="UTF-8"?>
<testsuite xmlns:xsi="http://www.w3.org/2001/XMLSchema-instance" xsi:noNamespaceSchemaLocation="https://maven.apache.org/surefire/maven-surefire-plugin/xsd/surefire-test-report-3.0.xsd" version="3.0" name="TestSuite" time="17,902.706" tests="77" errors="0" skipped="0" failures="47">
  <properties>
    <property name="sun.desktop" value="windows"/>
    <property name="awt.toolkit" value="sun.awt.windows.WToolkit"/>
    <property name="file.encoding.pkg" value="sun.io"/>
    <property name="java.specification.version" value="1.8"/>
    <property name="sun.cpu.isalist" value="amd64"/>
    <property name="sun.jnu.encoding" value="Cp1252"/>
    <property name="java.class.path" value="C:\Users\sumancb\git\Enrollment\Enrollment\target\test-classes;C:\Users\sumancb\git\Enrollment\Enrollment\target\classes;C:\Users\sumancb\.m2\repository\junit\junit\3.8.1\junit-3.8.1.jar;C:\Users\sumancb\.m2\repository\org\seleniumhq\selenium\selenium-java\3.8.1\selenium-java-3.8.1.jar;C:\Users\sumancb\.m2\repository\org\seleniumhq\selenium\selenium-api\3.8.1\selenium-api-3.8.1.jar;C:\Users\sumancb\.m2\repository\org\seleniumhq\selenium\selenium-chrome-driver\3.8.1\selenium-chrome-driver-3.8.1.jar;C:\Users\sumancb\.m2\repository\org\seleniumhq\selenium\selenium-edge-driver\3.8.1\selenium-edge-driver-3.8.1.jar;C:\Users\sumancb\.m2\repository\org\seleniumhq\selenium\selenium-firefox-driver\3.8.1\selenium-firefox-driver-3.8.1.jar;C:\Users\sumancb\.m2\repository\org\seleniumhq\selenium\selenium-ie-driver\3.8.1\selenium-ie-driver-3.8.1.jar;C:\Users\sumancb\.m2\repository\org\seleniumhq\selenium\selenium-opera-driver\3.8.1\selenium-opera-driver-3.8.1.jar;C:\Users\sumancb\.m2\repository\org\seleniumhq\selenium\selenium-remote-driver\3.8.1\selenium-remote-driver-3.8.1.jar;C:\Users\sumancb\.m2\repository\org\seleniumhq\selenium\selenium-safari-driver\3.8.1\selenium-safari-driver-3.8.1.jar;C:\Users\sumancb\.m2\repository\org\seleniumhq\selenium\selenium-support\3.8.1\selenium-support-3.8.1.jar;C:\Users\sumancb\.m2\repository\net\bytebuddy\byte-buddy\1.7.5\byte-buddy-1.7.5.jar;C:\Users\sumancb\.m2\repository\org\apache\commons\commons-exec\1.3\commons-exec-1.3.jar;C:\Users\sumancb\.m2\repository\commons-codec\commons-codec\1.10\commons-codec-1.10.jar;C:\Users\sumancb\.m2\repository\commons-logging\commons-logging\1.2\commons-logging-1.2.jar;C:\Users\sumancb\.m2\repository\com\google\code\gson\gson\2.8.2\gson-2.8.2.jar;C:\Users\sumancb\.m2\repository\com\google\guava\guava\23.0\guava-23.0.jar;C:\Users\sumancb\.m2\repository\com\google\code\findbugs\jsr305\1.3.9\jsr305-1.3.9.jar;C:\Users\sumancb\.m2\repository\com\google\errorprone\error_prone_annotations\2.0.18\error_prone_annotations-2.0.18.jar;C:\Users\sumancb\.m2\repository\com\google\j2objc\j2objc-annotations\1.1\j2objc-annotations-1.1.jar;C:\Users\sumancb\.m2\repository\org\codehaus\mojo\animal-sniffer-annotations\1.14\animal-sniffer-annotations-1.14.jar;C:\Users\sumancb\.m2\repository\org\apache\httpcomponents\httpclient\4.5.3\httpclient-4.5.3.jar;C:\Users\sumancb\.m2\repository\org\apache\httpcomponents\httpcore\4.4.6\httpcore-4.4.6.jar;C:\Users\sumancb\.m2\repository\org\testng\testng\6.14.3\testng-6.14.3.jar;C:\Users\sumancb\.m2\repository\com\beust\jcommander\1.72\jcommander-1.72.jar;C:\Users\sumancb\.m2\repository\org\apache-extras\beanshell\bsh\2.0b6\bsh-2.0b6.jar;C:\Users\sumancb\.m2\repository\com\relevantcodes\extentreports\2.41.2\extentreports-2.41.2.jar;C:\Users\sumancb\.m2\repository\org\jsoup\jsoup\1.8.3\jsoup-1.8.3.jar;C:\Users\sumancb\.m2\repository\org\xerial\sqlite-jdbc\3.8.11.1\sqlite-jdbc-3.8.11.1.jar;C:\Users\sumancb\.m2\repository\org\freemarker\freemarker\2.3.23\freemarker-2.3.23.jar;C:\Users\sumancb\.m2\repository\org\mongodb\mongodb-driver\3.0.4\mongodb-driver-3.0.4.jar;C:\Users\sumancb\.m2\repository\org\mongodb\bson\3.0.4\bson-3.0.4.jar;C:\Users\sumancb\.m2\repository\org\mongodb\mongodb-driver-core\3.0.4\mongodb-driver-core-3.0.4.jar;C:\Users\sumancb\.m2\repository\org\apache\commons\commons-lang3\3.8.1\commons-lang3-3.8.1.jar;C:\Users\sumancb\.m2\repository\io\rest-assured\rest-assured\3.1.0\rest-assured-3.1.0.jar;C:\Users\sumancb\.m2\repository\org\codehaus\groovy\groovy\2.4.12\groovy-2.4.12.jar;C:\Users\sumancb\.m2\repository\org\codehaus\groovy\groovy-xml\2.4.12\groovy-xml-2.4.12.jar;C:\Users\sumancb\.m2\repository\org\apache\httpcomponents\httpmime\4.5.1\httpmime-4.5.1.jar;C:\Users\sumancb\.m2\repository\org\hamcrest\hamcrest-core\1.3\hamcrest-core-1.3.jar;C:\Users\sumancb\.m2\repository\org\hamcrest\hamcrest-library\1.3\hamcrest-library-1.3.jar;C:\Users\sumancb\.m2\repository\org\ccil\cowan\tagsoup\tagsoup\1.2.1\tagsoup-1.2.1.jar;C:\Users\sumancb\.m2\repository\io\rest-assured\json-path\3.1.0\json-path-3.1.0.jar;C:\Users\sumancb\.m2\repository\org\codehaus\groovy\groovy-json\2.4.12\groovy-json-2.4.12.jar;C:\Users\sumancb\.m2\repository\io\rest-assured\rest-assured-common\3.1.0\rest-assured-common-3.1.0.jar;C:\Users\sumancb\.m2\repository\io\rest-assured\xml-path\3.1.0\xml-path-3.1.0.jar;C:\Users\sumancb\.m2\repository\javax\xml\bind\jaxb-api\2.2.12\jaxb-api-2.2.12.jar;C:\Users\sumancb\.m2\repository\org\skyscreamer\jsonassert\1.5.0\jsonassert-1.5.0.jar;C:\Users\sumancb\.m2\repository\com\vaadin\external\google\android-json\0.0.20131108.vaadin1\android-json-0.0.20131108.vaadin1.jar;C:\Users\sumancb\.m2\repository\org\codehaus\groovy\groovy-all\2.3.5\groovy-all-2.3.5.jar;C:\Users\sumancb\.m2\repository\org\codehaus\jackson\jackson-mapper-asl\1.5.0\jackson-mapper-asl-1.5.0.jar;C:\Users\sumancb\.m2\repository\org\codehaus\jackson\jackson-core-asl\1.5.0\jackson-core-asl-1.5.0.jar;C:\Users\sumancb\.m2\repository\net\lightbody\bmp\browsermob-core\2.1.5\browsermob-core-2.1.5.jar;C:\Users\sumancb\.m2\repository\net\lightbody\bmp\littleproxy\1.1.0-beta-bmp-17\littleproxy-1.1.0-beta-bmp-17.jar;C:\Users\sumancb\.m2\repository\com\fasterxml\jackson\core\jackson-core\2.8.9\jackson-core-2.8.9.jar;C:\Users\sumancb\.m2\repository\com\fasterxml\jackson\core\jackson-databind\2.8.9\jackson-databind-2.8.9.jar;C:\Users\sumancb\.m2\repository\dnsjava\dnsjava\2.1.8\dnsjava-2.1.8.jar;C:\Users\sumancb\.m2\repository\org\slf4j\slf4j-api\1.7.25\slf4j-api-1.7.25.jar;C:\Users\sumancb\.m2\repository\org\slf4j\jcl-over-slf4j\1.7.25\jcl-over-slf4j-1.7.25.jar;C:\Users\sumancb\.m2\repository\com\jcraft\jzlib\1.1.3\jzlib-1.1.3.jar;C:\Users\sumancb\.m2\repository\io\netty\netty-all\4.0.51.Final\netty-all-4.0.51.Final.jar;C:\Users\sumancb\.m2\repository\org\bouncycastle\bcprov-jdk15on\1.58\bcprov-jdk15on-1.58.jar;C:\Users\sumancb\.m2\repository\org\bouncycastle\bcpkix-jdk15on\1.58\bcpkix-jdk15on-1.58.jar;C:\Users\sumancb\.m2\repository\net\lightbody\bmp\mitm\2.1.5\mitm-2.1.5.jar;C:\Users\sumancb\.m2\repository\com\fasterxml\jackson\core\jackson-annotations\2.9.8\jackson-annotations-2.9.8.jar;C:\Users\sumancb\.m2\repository\commons-lang\commons-lang\2.2\commons-lang-2.2.jar;C:\Users\sumancb\.m2\repository\javax\mail\javax.mail-api\1.5.5\javax.mail-api-1.5.5.jar;C:\Users\sumancb\.m2\repository\com\sun\mail\javax.mail\1.6.1\javax.mail-1.6.1.jar;C:\Users\sumancb\.m2\repository\javax\activation\activation\1.1\activation-1.1.jar;C:\Users\sumancb\.m2\repository\org\springframework\data\spring-data-jpa\1.11.23.RELEASE\spring-data-jpa-1.11.23.RELEASE.jar;C:\Users\sumancb\.m2\repository\org\springframework\data\spring-data-commons\1.13.23.RELEASE\spring-data-commons-1.13.23.RELEASE.jar;C:\Users\sumancb\.m2\repository\org\springframework\spring-orm\4.3.25.RELEASE\spring-orm-4.3.25.RELEASE.jar;C:\Users\sumancb\.m2\repository\org\springframework\spring-jdbc\4.3.25.RELEASE\spring-jdbc-4.3.25.RELEASE.jar;C:\Users\sumancb\.m2\repository\org\springframework\spring-context\4.3.25.RELEASE\spring-context-4.3.25.RELEASE.jar;C:\Users\sumancb\.m2\repository\org\springframework\spring-expression\4.3.25.RELEASE\spring-expression-4.3.25.RELEASE.jar;C:\Users\sumancb\.m2\repository\org\springframework\spring-aop\4.3.25.RELEASE\spring-aop-4.3.25.RELEASE.jar;C:\Users\sumancb\.m2\repository\org\springframework\spring-tx\4.3.25.RELEASE\spring-tx-4.3.25.RELEASE.jar;C:\Users\sumancb\.m2\repository\org\springframework\spring-beans\4.3.25.RELEASE\spring-beans-4.3.25.RELEASE.jar;C:\Users\sumancb\.m2\repository\org\springframework\spring-core\4.3.25.RELEASE\spring-core-4.3.25.RELEASE.jar;C:\Users\sumancb\.m2\repository\org\aspectj\aspectjrt\1.8.13\aspectjrt-1.8.13.jar;C:\Users\sumancb\.m2\repository\org\apache\derby\derbyclient\10.11.1.1\derbyclient-10.11.1.1.jar;C:\Users\sumancb\.m2\repository\org\eclipse\persistence\org.eclipse.persistence.jpa\2.5.2\org.eclipse.persistence.jpa-2.5.2.jar;C:\Users\sumancb\.m2\repository\org\eclipse\persistence\javax.persistence\2.1.0\javax.persistence-2.1.0.jar;C:\Users\sumancb\.m2\repository\org\eclipse\persistence\org.eclipse.persistence.asm\2.5.2\org.eclipse.persistence.asm-2.5.2.jar;C:\Users\sumancb\.m2\repository\org\eclipse\persistence\org.eclipse.persistence.antlr\2.5.2\org.eclipse.persistence.antlr-2.5.2.jar;C:\Users\sumancb\.m2\repository\org\eclipse\persistence\org.eclipse.persistence.jpa.jpql\2.5.2\org.eclipse.persistence.jpa.jpql-2.5.2.jar;C:\Users\sumancb\.m2\repository\org\eclipse\persistence\org.eclipse.persistence.core\2.5.2\org.eclipse.persistence.core-2.5.2.jar;"/>
    <property name="java.vm.vendor" value="Oracle Corporation"/>
    <property name="sun.arch.data.model" value="64"/>
    <property name="user.variant" value=""/>
    <property name="java.vendor.url" value="http://java.oracle.com/"/>
    <property name="user.timezone" value="America/Denver"/>
    <property name="java.vm.specification.version" value="1.8"/>
    <property name="os.name" value="Windows Server 2012 R2"/>
    <property name="user.country" value="US"/>
    <property name="sun.java.launcher" value="SUN_STANDARD"/>
    <property name="sun.boot.library.path" value="C:\Program Files\Java\jdk1.8.0_111\jre\bin"/>
    <property name="sun.java.command" value="C:\Users\sumancb\AppData\Local\Temp\2\surefire1941207352957735251\surefirebooter7396988961455705549.jar C:\Users\sumancb\AppData\Local\Temp\2\surefire1941207352957735251 2020-01-07T13-40-11_746-jvmRun1 surefire5845273416907086629tmp surefire_02367615999570583369tmp"/>
    <property name="surefire.test.class.path" value="C:\Users\sumancb\git\Enrollment\Enrollment\target\test-classes;C:\Users\sumancb\git\Enrollment\Enrollment\target\classes;C:\Users\sumancb\.m2\repository\junit\junit\3.8.1\junit-3.8.1.jar;C:\Users\sumancb\.m2\repository\org\seleniumhq\selenium\selenium-java\3.8.1\selenium-java-3.8.1.jar;C:\Users\sumancb\.m2\repository\org\seleniumhq\selenium\selenium-api\3.8.1\selenium-api-3.8.1.jar;C:\Users\sumancb\.m2\repository\org\seleniumhq\selenium\selenium-chrome-driver\3.8.1\selenium-chrome-driver-3.8.1.jar;C:\Users\sumancb\.m2\repository\org\seleniumhq\selenium\selenium-edge-driver\3.8.1\selenium-edge-driver-3.8.1.jar;C:\Users\sumancb\.m2\repository\org\seleniumhq\selenium\selenium-firefox-driver\3.8.1\selenium-firefox-driver-3.8.1.jar;C:\Users\sumancb\.m2\repository\org\seleniumhq\selenium\selenium-ie-driver\3.8.1\selenium-ie-driver-3.8.1.jar;C:\Users\sumancb\.m2\repository\org\seleniumhq\selenium\selenium-opera-driver\3.8.1\selenium-opera-driver-3.8.1.jar;C:\Users\sumancb\.m2\repository\org\seleniumhq\selenium\selenium-remote-driver\3.8.1\selenium-remote-driver-3.8.1.jar;C:\Users\sumancb\.m2\repository\org\seleniumhq\selenium\selenium-safari-driver\3.8.1\selenium-safari-driver-3.8.1.jar;C:\Users\sumancb\.m2\repository\org\seleniumhq\selenium\selenium-support\3.8.1\selenium-support-3.8.1.jar;C:\Users\sumancb\.m2\repository\net\bytebuddy\byte-buddy\1.7.5\byte-buddy-1.7.5.jar;C:\Users\sumancb\.m2\repository\org\apache\commons\commons-exec\1.3\commons-exec-1.3.jar;C:\Users\sumancb\.m2\repository\commons-codec\commons-codec\1.10\commons-codec-1.10.jar;C:\Users\sumancb\.m2\repository\commons-logging\commons-logging\1.2\commons-logging-1.2.jar;C:\Users\sumancb\.m2\repository\com\google\code\gson\gson\2.8.2\gson-2.8.2.jar;C:\Users\sumancb\.m2\repository\com\google\guava\guava\23.0\guava-23.0.jar;C:\Users\sumancb\.m2\repository\com\google\code\findbugs\jsr305\1.3.9\jsr305-1.3.9.jar;C:\Users\sumancb\.m2\repository\com\google\errorprone\error_prone_annotations\2.0.18\error_prone_annotations-2.0.18.jar;C:\Users\sumancb\.m2\repository\com\google\j2objc\j2objc-annotations\1.1\j2objc-annotations-1.1.jar;C:\Users\sumancb\.m2\repository\org\codehaus\mojo\animal-sniffer-annotations\1.14\animal-sniffer-annotations-1.14.jar;C:\Users\sumancb\.m2\repository\org\apache\httpcomponents\httpclient\4.5.3\httpclient-4.5.3.jar;C:\Users\sumancb\.m2\repository\org\apache\httpcomponents\httpcore\4.4.6\httpcore-4.4.6.jar;C:\Users\sumancb\.m2\repository\org\testng\testng\6.14.3\testng-6.14.3.jar;C:\Users\sumancb\.m2\repository\com\beust\jcommander\1.72\jcommander-1.72.jar;C:\Users\sumancb\.m2\repository\org\apache-extras\beanshell\bsh\2.0b6\bsh-2.0b6.jar;C:\Users\sumancb\.m2\repository\com\relevantcodes\extentreports\2.41.2\extentreports-2.41.2.jar;C:\Users\sumancb\.m2\repository\org\jsoup\jsoup\1.8.3\jsoup-1.8.3.jar;C:\Users\sumancb\.m2\repository\org\xerial\sqlite-jdbc\3.8.11.1\sqlite-jdbc-3.8.11.1.jar;C:\Users\sumancb\.m2\repository\org\freemarker\freemarker\2.3.23\freemarker-2.3.23.jar;C:\Users\sumancb\.m2\repository\org\mongodb\mongodb-driver\3.0.4\mongodb-driver-3.0.4.jar;C:\Users\sumancb\.m2\repository\org\mongodb\bson\3.0.4\bson-3.0.4.jar;C:\Users\sumancb\.m2\repository\org\mongodb\mongodb-driver-core\3.0.4\mongodb-driver-core-3.0.4.jar;C:\Users\sumancb\.m2\repository\org\apache\commons\commons-lang3\3.8.1\commons-lang3-3.8.1.jar;C:\Users\sumancb\.m2\repository\io\rest-assured\rest-assured\3.1.0\rest-assured-3.1.0.jar;C:\Users\sumancb\.m2\repository\org\codehaus\groovy\groovy\2.4.12\groovy-2.4.12.jar;C:\Users\sumancb\.m2\repository\org\codehaus\groovy\groovy-xml\2.4.12\groovy-xml-2.4.12.jar;C:\Users\sumancb\.m2\repository\org\apache\httpcomponents\httpmime\4.5.1\httpmime-4.5.1.jar;C:\Users\sumancb\.m2\repository\org\hamcrest\hamcrest-core\1.3\hamcrest-core-1.3.jar;C:\Users\sumancb\.m2\repository\org\hamcrest\hamcrest-library\1.3\hamcrest-library-1.3.jar;C:\Users\sumancb\.m2\repository\org\ccil\cowan\tagsoup\tagsoup\1.2.1\tagsoup-1.2.1.jar;C:\Users\sumancb\.m2\repository\io\rest-assured\json-path\3.1.0\json-path-3.1.0.jar;C:\Users\sumancb\.m2\repository\org\codehaus\groovy\groovy-json\2.4.12\groovy-json-2.4.12.jar;C:\Users\sumancb\.m2\repository\io\rest-assured\rest-assured-common\3.1.0\rest-assured-common-3.1.0.jar;C:\Users\sumancb\.m2\repository\io\rest-assured\xml-path\3.1.0\xml-path-3.1.0.jar;C:\Users\sumancb\.m2\repository\javax\xml\bind\jaxb-api\2.2.12\jaxb-api-2.2.12.jar;C:\Users\sumancb\.m2\repository\org\skyscreamer\jsonassert\1.5.0\jsonassert-1.5.0.jar;C:\Users\sumancb\.m2\repository\com\vaadin\external\google\android-json\0.0.20131108.vaadin1\android-json-0.0.20131108.vaadin1.jar;C:\Users\sumancb\.m2\repository\org\codehaus\groovy\groovy-all\2.3.5\groovy-all-2.3.5.jar;C:\Users\sumancb\.m2\repository\org\codehaus\jackson\jackson-mapper-asl\1.5.0\jackson-mapper-asl-1.5.0.jar;C:\Users\sumancb\.m2\repository\org\codehaus\jackson\jackson-core-asl\1.5.0\jackson-core-asl-1.5.0.jar;C:\Users\sumancb\.m2\repository\net\lightbody\bmp\browsermob-core\2.1.5\browsermob-core-2.1.5.jar;C:\Users\sumancb\.m2\repository\net\lightbody\bmp\littleproxy\1.1.0-beta-bmp-17\littleproxy-1.1.0-beta-bmp-17.jar;C:\Users\sumancb\.m2\repository\com\fasterxml\jackson\core\jackson-core\2.8.9\jackson-core-2.8.9.jar;C:\Users\sumancb\.m2\repository\com\fasterxml\jackson\core\jackson-databind\2.8.9\jackson-databind-2.8.9.jar;C:\Users\sumancb\.m2\repository\dnsjava\dnsjava\2.1.8\dnsjava-2.1.8.jar;C:\Users\sumancb\.m2\repository\org\slf4j\slf4j-api\1.7.25\slf4j-api-1.7.25.jar;C:\Users\sumancb\.m2\repository\org\slf4j\jcl-over-slf4j\1.7.25\jcl-over-slf4j-1.7.25.jar;C:\Users\sumancb\.m2\repository\com\jcraft\jzlib\1.1.3\jzlib-1.1.3.jar;C:\Users\sumancb\.m2\repository\io\netty\netty-all\4.0.51.Final\netty-all-4.0.51.Final.jar;C:\Users\sumancb\.m2\repository\org\bouncycastle\bcprov-jdk15on\1.58\bcprov-jdk15on-1.58.jar;C:\Users\sumancb\.m2\repository\org\bouncycastle\bcpkix-jdk15on\1.58\bcpkix-jdk15on-1.58.jar;C:\Users\sumancb\.m2\repository\net\lightbody\bmp\mitm\2.1.5\mitm-2.1.5.jar;C:\Users\sumancb\.m2\repository\com\fasterxml\jackson\core\jackson-annotations\2.9.8\jackson-annotations-2.9.8.jar;C:\Users\sumancb\.m2\repository\commons-lang\commons-lang\2.2\commons-lang-2.2.jar;C:\Users\sumancb\.m2\repository\javax\mail\javax.mail-api\1.5.5\javax.mail-api-1.5.5.jar;C:\Users\sumancb\.m2\repository\com\sun\mail\javax.mail\1.6.1\javax.mail-1.6.1.jar;C:\Users\sumancb\.m2\repository\javax\activation\activation\1.1\activation-1.1.jar;C:\Users\sumancb\.m2\repository\org\springframework\data\spring-data-jpa\1.11.23.RELEASE\spring-data-jpa-1.11.23.RELEASE.jar;C:\Users\sumancb\.m2\repository\org\springframework\data\spring-data-commons\1.13.23.RELEASE\spring-data-commons-1.13.23.RELEASE.jar;C:\Users\sumancb\.m2\repository\org\springframework\spring-orm\4.3.25.RELEASE\spring-orm-4.3.25.RELEASE.jar;C:\Users\sumancb\.m2\repository\org\springframework\spring-jdbc\4.3.25.RELEASE\spring-jdbc-4.3.25.RELEASE.jar;C:\Users\sumancb\.m2\repository\org\springframework\spring-context\4.3.25.RELEASE\spring-context-4.3.25.RELEASE.jar;C:\Users\sumancb\.m2\repository\org\springframework\spring-expression\4.3.25.RELEASE\spring-expression-4.3.25.RELEASE.jar;C:\Users\sumancb\.m2\repository\org\springframework\spring-aop\4.3.25.RELEASE\spring-aop-4.3.25.RELEASE.jar;C:\Users\sumancb\.m2\repository\org\springframework\spring-tx\4.3.25.RELEASE\spring-tx-4.3.25.RELEASE.jar;C:\Users\sumancb\.m2\repository\org\springframework\spring-beans\4.3.25.RELEASE\spring-beans-4.3.25.RELEASE.jar;C:\Users\sumancb\.m2\repository\org\springframework\spring-core\4.3.25.RELEASE\spring-core-4.3.25.RELEASE.jar;C:\Users\sumancb\.m2\repository\org\aspectj\aspectjrt\1.8.13\aspectjrt-1.8.13.jar;C:\Users\sumancb\.m2\repository\org\apache\derby\derbyclient\10.11.1.1\derbyclient-10.11.1.1.jar;C:\Users\sumancb\.m2\repository\org\eclipse\persistence\org.eclipse.persistence.jpa\2.5.2\org.eclipse.persistence.jpa-2.5.2.jar;C:\Users\sumancb\.m2\repository\org\eclipse\persistence\javax.persistence\2.1.0\javax.persistence-2.1.0.jar;C:\Users\sumancb\.m2\repository\org\eclipse\persistence\org.eclipse.persistence.asm\2.5.2\org.eclipse.persistence.asm-2.5.2.jar;C:\Users\sumancb\.m2\repository\org\eclipse\persistence\org.eclipse.persistence.antlr\2.5.2\org.eclipse.persistence.antlr-2.5.2.jar;C:\Users\sumancb\.m2\repository\org\eclipse\persistence\org.eclipse.persistence.jpa.jpql\2.5.2\org.eclipse.persistence.jpa.jpql-2.5.2.jar;C:\Users\sumancb\.m2\repository\org\eclipse\persistence\org.eclipse.persistence.core\2.5.2\org.eclipse.persistence.core-2.5.2.jar;"/>
    <property name="sun.cpu.endian" value="little"/>
    <property name="user.home" value="C:\Users\sumancb"/>
    <property name="user.language" value="en"/>
    <property name="java.specification.vendor" value="Oracle Corporation"/>
    <property name="java.home" value="C:\Program Files\Java\jdk1.8.0_111\jre"/>
    <property name="basedir" value="C:\Users\sumancb\git\Enrollment\Enrollment"/>
    <property name="file.separator" value="\"/>
    <property name="line.separator" value="&#10;"/>
    <property name="java.vm.specification.vendor" value="Oracle Corporation"/>
    <property name="java.specification.name" value="Java Platform API Specification"/>
    <property name="java.awt.graphicsenv" value="sun.awt.Win32GraphicsEnvironment"/>
    <property name="surefire.real.class.path" value="C:\Users\sumancb\AppData\Local\Temp\2\surefire1941207352957735251\surefirebooter7396988961455705549.jar"/>
    <property name="sun.boot.class.path" value="C:\Program Files\Java\jdk1.8.0_111\jre\lib\resources.jar;C:\Program Files\Java\jdk1.8.0_111\jre\lib\rt.jar;C:\Program Files\Java\jdk1.8.0_111\jre\lib\sunrsasign.jar;C:\Program Files\Java\jdk1.8.0_111\jre\lib\jsse.jar;C:\Program Files\Java\jdk1.8.0_111\jre\lib\jce.jar;C:\Program Files\Java\jdk1.8.0_111\jre\lib\charsets.jar;C:\Program Files\Java\jdk1.8.0_111\jre\lib\jfr.jar;C:\Program Files\Java\jdk1.8.0_111\jre\classes"/>
    <property name="user.script" value=""/>
    <property name="sun.management.compiler" value="HotSpot 64-Bit Tiered Compilers"/>
    <property name="java.runtime.version" value="1.8.0_111-b14"/>
    <property name="user.name" value="sumancb"/>
    <property name="path.separator" value=";"/>
    <property name="os.version" value="6.3"/>
    <property name="java.endorsed.dirs" value="C:\Program Files\Java\jdk1.8.0_111\jre\lib\endorsed"/>
    <property name="java.runtime.name" value="Java(TM) SE Runtime Environment"/>
    <property name="file.encoding" value="Cp1252"/>
    <property name="java.vm.name" value="Java HotSpot(TM) 64-Bit Server VM"/>
    <property name="localRepository" value="C:\Users\sumancb\.m2\repository"/>
    <property name="java.vendor.url.bug" value="http://bugreport.sun.com/bugreport/"/>
    <property name="java.io.tmpdir" value="C:\Users\sumancb\AppData\Local\Temp\2\"/>
    <property name="java.version" value="1.8.0_111"/>
    <property name="user.dir" value="C:\Users\sumancb\git\Enrollment\Enrollment"/>
    <property name="os.arch" value="amd64"/>
    <property name="java.vm.specification.name" value="Java Virtual Machine Specification"/>
    <property name="java.awt.printerjob" value="sun.awt.windows.WPrinterJob"/>
    <property name="sun.os.patch.level" value=""/>
    <property name="java.library.path" value="C:\Program Files\Java\jdk1.8.0_111\jre\bin;C:\Windows\Sun\Java\bin;C:\Windows\system32;C:\Windows;C:\Users\sumancb\.jenkins\tools\hudson.tasks.Maven_MavenInstallation\Maven_Hoem/bin;C:\Program Files\Java\jdk1.8.0_111/bin;C:\Program Files\Java\jdk1.8.0_111/bin;C:\Program Files (x86)\Common Files\Oracle\Java\javapath;C:\ProgramData\Oracle\Java\javapath;C:\Users\sumancb\Downloads\Gecko;C:\Windows\system32;C:\Windows;C:\Windows\System32\Wbem;C:\Windows\System32\WindowsPowerShell\v1.0\;C:\Program Files\nodejs\;C:\Program Files\Microsoft SQL Server\Client SDK\ODBC\110\Tools\Binn\;C:\Program Files (x86)\Microsoft SQL Server\120\Tools\Binn\ManagementStudio\;C:\Program Files (x86)\Microsoft SQL Server\120\Tools\Binn\;C:\Program Files\Microsoft SQL Server\120\Tools\Binn\;C:\Program Files (x86)\Microsoft SQL Server\120\DTS\Binn\;C:\Program Files\Microsoft SQL Server\120\DTS\Binn\;C:\xampp\php\;C:\Windows\SysinternalsSuite;C:\Program Files\apache-maven-3.6.2\apache-maven-3.6.2\bin;C:\Program Files\Java\jdk1.8.0_111\bin;C:\Users\sumancb\AppData\Roaming;C:\Program Files\Java\jdk1.8.0_111\bin;C:\Users\sumancb\AppData\Roaming\npm;."/>
    <property name="java.vm.info" value="mixed mode"/>
    <property name="java.vendor" value="Oracle Corporation"/>
    <property name="java.vm.version" value="25.111-b14"/>
    <property name="java.ext.dirs" value="C:\Program Files\Java\jdk1.8.0_111\jre\lib\ext;C:\Windows\Sun\Java\lib\ext"/>
    <property name="sun.io.unicode.encoding" value="UnicodeLittle"/>
    <property name="java.class.version" value="52.0"/>
  </properties>
  <testcase name="Enroll" classname="Tests.FranchisePartner" time="46.547">
    <failure message="Critical Packs not returning from Quotes Call" type="java.lang.AssertionError">java.lang.AssertionError: Critical Packs not returning from Quotes Call
	at Tests.FranchisePartner.Enroll(FranchisePartner.java:261)
</failure>
    <system-out><![CDATA[Request URL: https://hydraqa.unicity.net/v5a-test/quotes?&expand=item
Entry Quotes response : {"items":[]}
Entry request : {"order":{"customer":{"href":"https://hydraqa.unicity.net/v5a-test/customers?type=Associate"},"shipToAddress":{"country":"AU"}},"vary":{"lines":{"items":[{"item":{"href":"https://hydraqa.unicity.net/v5a-test/items?id.unicity=31440"}}]}}}
]]></system-out>
    <system-err><![CDATA[SLF4J: Failed to load class "org.slf4j.impl.StaticLoggerBinder".
SLF4J: Defaulting to no-operation (NOP) logger implementation
SLF4J: See http://www.slf4j.org/codes.html#StaticLoggerBinder for further details.
Starting ChromeDriver 2.36.540470 (e522d04694c7ebea4ba8821272dbef4f9b818c91) on port 4713
Only local connections are allowed.
Jan 07, 2020 1:40:16 PM org.openqa.selenium.remote.ProtocolHandshake createSession
INFO: Detected dialect: OSS
]]></system-err>
  </testcase>
  <testcase name="Enroll" classname="Tests.FranchisePartner" time="311.925"/>
  <testcase name="Enroll" classname="Tests.FranchisePartner" time="315.64"/>
  <testcase name="Enroll" classname="Tests.FranchisePartner" time="315.25">
    <failure message="Major AR Pack href expected [https://hydraqa.unicity.net/v5a-test/items?id.unicity=26580] but found []" type="java.lang.AssertionError">java.lang.AssertionError: Major AR Pack href expected [https://hydraqa.unicity.net/v5a-test/items?id.unicity=26580] but found []
	at Tests.FranchisePartner.Enroll(FranchisePartner.java:265)
</failure>
    <system-out><![CDATA[Request URL: https://hydraqa.unicity.net/v5a-test/quotes?&expand=item
Entry Quotes response : {"items":[{"currency":"USD","lines":{"items":[{"item":{"href":"https:\/\/hydraqa.unicity.net\/v5a-test\/items\/50747027a065cb8361c1f0d6eb880466","id":{"unicity":"32030"}},"terms":{"priceEach":"143.0000","pvEach":"102.0000"},"quantity":1}]}},{"currency":"USD","lines":{"items":[{"item":{"href":"https:\/\/hydraqa.unicity.net\/v5a-test\/items\/d306a0b65f27f19b4968e5c05906a9f4","id":{"unicity":"31314"}},"terms":{"priceEach":"384.0000","pvEach":"266.0000"},"quantity":1}]}},{"currency":"USD","lines":{"items":[{"item":{"href":"https:\/\/hydraqa.unicity.net\/v5a-test\/items\/716b7a0bca7fa73e42e000d668e7ee65","id":{"unicity":"15129"}},"terms":{"priceEach":"21.0000","pvEach":"10.0000"},"quantity":1}]}},{"currency":"USD","lines":{"items":[{"item":{"href":"https:\/\/hydraqa.unicity.net\/v5a-test\/items\/9a7715e888c94989d898fe4653645721","id":{"unicity":"26550"}},"terms":{"priceEach":"80.0000","pvEach":"52.0000"},"quantity":1}]}},{"currency":"USD","lines":{"items":[{"item":{"href":"https:\/\/hydraqa.unicity.net\/v5a-test\/items\/80a898d805f759925797847a176bf62f","id":{"unicity":"26551"}},"terms":{"priceEach":"80.0000","pvEach":"52.0000"},"quantity":1}]}},{"currency":"USD","lines":{"items":[{"item":{"href":"https:\/\/hydraqa.unicity.net\/v5a-test\/items\/292b6aee9c1193e9488e9ae6e3a845e4","id":{"unicity":"29684"}},"terms":{"priceEach":"242.0000","pvEach":"144.0000"},"quantity":1}]}},{"currency":"USD","lines":{"items":[{"item":{"href":"https:\/\/hydraqa.unicity.net\/v5a-test\/items\/fbb319232b7eed110794d46a68302acb","id":{"unicity":"31847"}},"terms":{"priceEach":"120.0000","pvEach":"80.0000"},"quantity":1}]}},{"currency":"USD","lines":{"items":[{"item":{"href":"https:\/\/hydraqa.unicity.net\/v5a-test\/items\/077823d29445b9020de9931f10c63efd","id":{"unicity":"31958"}},"terms":{"priceEach":"129.0000","pvEach":"85.0000"},"quantity":1}]}},{"currency":"USD","lines":{"items":[{"item":{"href":"https:\/\/hydraqa.unicity.net\/v5a-test\/items\/00c2eb70c985722ce208490aece00945","id":{"unicity":"31729"}},"terms":{"priceEach":"143.0000","pvEach":"100.0000"},"quantity":1}]}},{"currency":"USD","lines":{"items":[{"item":{"href":"https:\/\/hydraqa.unicity.net\/v5a-test\/items\/89b6d29a85a88d44d65bc8cca3fefc65","id":{"unicity":"31845"}},"terms":{"priceEach":"143.0000","pvEach":"100.0000"},"quantity":1}]}},{"currency":"USD","lines":{"items":[{"item":{"href":"https:\/\/hydraqa.unicity.net\/v5a-test\/items\/3875e24e6b6ebdf36c79d205614ed51e","id":{"unicity":"31846"}},"terms":{"priceEach":"126.0000","pvEach":"94.0000"},"quantity":1}]}},{"currency":"USD","lines":{"items":[{"item":{"href":"https:\/\/hydraqa.unicity.net\/v5a-test\/items\/b770fd1942955660a50e8fd83337641d","id":{"unicity":"31842"}},"terms":{"priceEach":"129.0000","pvEach":"85.0000"},"quantity":1}]}},{"currency":"USD","lines":{"items":[{"item":{"href":"https:\/\/hydraqa.unicity.net\/v5a-test\/items\/5bda067b70c43971650a6ef983f612e4","id":{"unicity":"31728"}},"terms":{"priceEach":"126.0000","pvEach":"94.0000"},"quantity":1}]}},{"currency":"USD","lines":{"items":[{"item":{"href":"https:\/\/hydraqa.unicity.net\/v5a-test\/items\/693a7c4a70b06a00471afe8d6cae5023","id":{"unicity":"31730"}},"terms":{"priceEach":"120.0000","pvEach":"80.0000"},"quantity":1}]}},{"currency":"USD","lines":{"items":[{"item":{"href":"https:\/\/hydraqa.unicity.net\/v5a-test\/items\/ccb242d74dcb1fe621cc7bfe1b1de315","id":{"unicity":"31731"}},"terms":{"priceEach":"89.0000","pvEach":"61.0000"},"quantity":1}]}},{"currency":"USD","lines":{"items":[{"item":{"href":"https:\/\/hydraqa.unicity.net\/v5a-test\/items\/6767ae650e0af3c34b3d4d60b5b79e99","id":{"unicity":"31727"}},"terms":{"priceEach":"129.0000","pvEach":"85.0000"},"quantity":1}]}},{"currency":"USD","lines":{"items":[{"item":{"href":"https:\/\/hydraqa.unicity.net\/v5a-test\/items\/764e2db430d361da99e8f6b70c4d0244","id":{"unicity":"29830"}},"terms":{"priceEach":"16.0000","pvEach":"7.0000"},"quantity":1}]}},{"currency":"USD","lines":{"items":[{"item":{"href":"https:\/\/hydraqa.unicity.net\/v5a-test\/items\/8b5ed9aa6c6132e1be5e446f69a3465e","id":{"unicity":"0954"}},"terms":{"priceEach":"20.0000","pvEach":"15.0000"},"quantity":1}]}},{"currency":"USD","lines":{"items":[{"item":{"href":"https:\/\/hydraqa.unicity.net\/v5a-test\/items\/b91affa753dd5ee8a9acef4fa7e2c9a7","id":{"unicity":"30414"}},"terms":{"priceEach":"94.0000","pvEach":"65.0000"},"quantity":1}]}},{"currency":"USD","lines":{"items":[{"item":{"href":"https:\/\/hydraqa.unicity.net\/v5a-test\/items\/9d9d002b0e21b9bd58ad0154a4f781c5","id":{"unicity":"28836"}},"terms":{"priceEach":"56.0000","pvEach":"36.0000"},"quantity":1}]}},{"currency":"USD","lines":{"items":[{"item":{"href":"https:\/\/hydraqa.unicity.net\/v5a-test\/items\/0d38f7ee31f3710be877245655d18e8c","id":{"unicity":"22888"}},"terms":{"priceEach":"74.0000","pvEach":"50.0000"},"quantity":1}]}},{"currency":"USD","lines":{"items":[{"item":{"href":"https:\/\/hydraqa.unicity.net\/v5a-test\/items\/399be8efa903b362515c48315ab2afb9","id":{"unicity":"15712"}},"terms":{"priceEach":"14.0000","pvEach":"5.0000"},"quantity":1}]}},{"currency":"USD","lines":{"items":[{"item":{"href":"https:\/\/hydraqa.unicity.net\/v5a-test\/items\/390a7ae70d5669561ecdf7d5cff2671b","id":{"unicity":"15271"}},"terms":{"priceEach":"69.0000","pvEach":"27.0000"},"quantity":1}]}},{"currency":"USD","lines":{"items":[{"item":{"href":"https:\/\/hydraqa.unicity.net\/v5a-test\/items\/933f0856fd8ec1df83c5283dabf4ec3c","id":{"unicity":"6200"}},"terms":{"priceEach":"66.0000","pvEach":"47.0000"},"quantity":1}]}},{"currency":"USD","lines":{"items":[{"item":{"href":"https:\/\/hydraqa.unicity.net\/v5a-test\/items\/75faf5436630ed02a683726aa0e9056f","id":{"unicity":"22165"}},"terms":{"priceEach":"86.0000","pvEach":"65.0000"},"quantity":1}]}},{"currency":"USD","lines":{"items":[{"item":{"href":"https:\/\/hydraqa.unicity.net\/v5a-test\/items\/0cf62d38e91953b43dcfe88b06f813cb","id":{"unicity":"26557"}},"terms":{"priceEach":"77.0000","pvEach":"61.0000"},"quantity":1}]}},{"currency":"USD","lines":{"items":[{"item":{"href":"https:\/\/hydraqa.unicity.net\/v5a-test\/items\/3af97c67f653253825a9189a27da57d6","id":{"unicity":"26556"}},"terms":{"priceEach":"77.0000","pvEach":"61.0000"},"quantity":1}]}},{"currency":"USD","lines":{"items":[{"item":{"href":"https:\/\/hydraqa.unicity.net\/v5a-test\/items\/d489ec0d50f6e28d5743afc65439631b","id":{"unicity":"0960"}},"terms":{"priceEach":"35.0000","pvEach":"23.0000"},"quantity":1}]}},{"currency":"USD","lines":{"items":[{"item":{"href":"https:\/\/hydraqa.unicity.net\/v5a-test\/items\/66839181d7531692a8d886a9da6fb4d6","id":{"unicity":"25369"}},"terms":{"priceEach":"48.0000","pvEach":"31.0000"},"quantity":1}]}},{"currency":"USD","lines":{"items":[{"item":{"href":"https:\/\/hydraqa.unicity.net\/v5a-test\/items\/0eebdede5bdb8bf4d71e800b6f3cead1","id":{"unicity":"30825"}},"terms":{"priceEach":"49.0000","pvEach":"31.0000"},"quantity":1}]}},{"currency":"USD","lines":{"items":[{"item":{"href":"https:\/\/hydraqa.unicity.net\/v5a-test\/items\/ec8c753ce03d3886e9b2e0d06eeb44b8","id":{"unicity":"31106"}},"terms":{"priceEach":"54.0000","pvEach":"21.0000"},"quantity":1}]}},{"currency":"USD","lines":{"items":[{"item":{"href":"https:\/\/hydraqa.unicity.net\/v5a-test\/items\/5c2f1613082782e691d32fe9ce034026","id":{"unicity":"23728"}},"terms":{"priceEach":"25.0000","pvEach":"15.0000"},"quantity":1}]}},{"currency":"USD","lines":{"items":[{"item":{"href":"https:\/\/hydraqa.unicity.net\/v5a-test\/items\/9a6e1d094182389c3da8e0a320ff0e00","id":{"unicity":"27585"}},"terms":{"priceEach":"56.0000","pvEach":"33.0000"},"quantity":1}]}},{"currency":"USD","lines":{"items":[{"item":{"href":"https:\/\/hydraqa.unicity.net\/v5a-test\/items\/25eaf64b36ce31368f17ae789fd9ac5b","id":{"unicity":"29694"}},"terms":{"priceEach":"56.0000","pvEach":"33.0000"},"quantity":1}]}},{"currency":"USD","lines":{"items":[{"item":{"href":"https:\/\/hydraqa.unicity.net\/v5a-test\/items\/112b8c39286598b3730f630f371a45f4","id":{"unicity":"27587"}},"terms":{"priceEach":"56.0000","pvEach":"33.0000"},"quantity":1}]}},{"currency":"USD","lines":{"items":[{"item":{"href":"https:\/\/hydraqa.unicity.net\/v5a-test\/items\/16ca68abaaa92505c257be022a154769","id":{"unicity":"27615"}},"terms":{"priceEach":"28.0000","pvEach":"21.0000"},"quantity":1}]}},{"currency":"USD","lines":{"items":[{"item":{"href":"https:\/\/hydraqa.unicity.net\/v5a-test\/items\/362999101a321b721c87110710ae77b0","id":{"unicity":"29352"}},"terms":{"priceEach":"119.0000","pvEach":"80.0000"},"quantity":1}]}},{"currency":"USD","lines":{"items":[{"item":{"href":"https:\/\/hydraqa.unicity.net\/v5a-test\/items\/5968ff0ba17d7a331fdc757a1623fd45","id":{"unicity":"32365"}},"terms":{"priceEach":"140.0000","pvEach":"97.0000"},"quantity":1}]}},{"currency":"USD","lines":{"items":[{"item":{"href":"https:\/\/hydraqa.unicity.net\/v5a-test\/items\/c92ce2b8ba6bb04bf8b23f0ecaccd709","id":{"unicity":"32364"}},"terms":{"priceEach":"146.0000","pvEach":"99.0000"},"quantity":1}]}},{"currency":"USD","lines":{"items":[{"item":{"href":"https:\/\/hydraqa.unicity.net\/v5a-test\/items\/2f028442193b3166b6c4f9590bd352b4","id":{"unicity":"32366"}},"terms":{"priceEach":"94.0000","pvEach":"68.0000"},"quantity":1}]}},{"currency":"USD","lines":{"items":[{"item":{"href":"https:\/\/hydraqa.unicity.net\/v5a-test\/items\/18f4c25c966306833f623287c875d6ba","id":{"unicity":"32369"}},"terms":{"priceEach":"151.0000","pvEach":"93.0000"},"quantity":1}]}},{"currency":"USD","lines":{"items":[{"item":{"href":"https:\/\/hydraqa.unicity.net\/v5a-test\/items\/972a6b8ac5c8f4014a02ea892a7dec26","id":{"unicity":"32367"}},"terms":{"priceEach":"229.0000","pvEach":"155.0000"},"quantity":1}]}},{"currency":"USD","lines":{"items":[{"item":{"href":"https:\/\/hydraqa.unicity.net\/v5a-test\/items\/8910970a414bb25f1eba52f529bdad79","id":{"unicity":"32368"}},"terms":{"priceEach":"145.0000","pvEach":"91.0000"},"quantity":1}]}},{"currency":"USD","lines":{"items":[{"item":{"href":"https:\/\/hydraqa.unicity.net\/v5a-test\/items\/779b47d856ea7e246c9e5aabc6eca794","id":{"unicity":"32370"}},"terms":{"priceEach":"136.0000","pvEach":"95.0000"},"quantity":1}]}},{"currency":"USD","lines":{"items":[{"item":{"href":"https:\/\/hydraqa.unicity.net\/v5a-test\/items\/cb7cb2fc26fed30b6ac4c1f87531e01c","id":{"unicity":"32372"}},"terms":{"priceEach":"157.0000","pvEach":"107.0000"},"quantity":1}]}},{"currency":"USD","lines":{"items":[{"item":{"href":"https:\/\/hydraqa.unicity.net\/v5a-test\/items\/fbd417602d04328198a0227de3abc533","id":{"unicity":"32371"}},"terms":{"priceEach":"130.0000","pvEach":"93.0000"},"quantity":1}]}},{"currency":"USD","lines":{"items":[{"item":{"href":"https:\/\/hydraqa.unicity.net\/v5a-test\/items\/05ca08f3808f126c0cc42154c50fc75c","id":{"unicity":"29440"}},"terms":{"priceEach":"120.0000","pvEach":"90.0000"},"quantity":1}]}},{"currency":"USD","lines":{"items":[{"item":{"href":"https:\/\/hydraqa.unicity.net\/v5a-test\/items\/cea826eab72d44641c070aab6c97c1ac","id":{"unicity":"22747"}},"terms":{"priceEach":"26.0000","pvEach":"16.0000"},"quantity":1}]}},{"currency":"USD","lines":{"items":[{"item":{"href":"https:\/\/hydraqa.unicity.net\/v5a-test\/items\/d0ef82a85e44437f960fa288e67a8f2b","id":{"unicity":"25535"}},"terms":{"priceEach":"850.0000","pvEach":"250.0000"},"quantity":1}]}},{"currency":"USD","lines":{"items":[{"item":{"href":"https:\/\/hydraqa.unicity.net\/v5a-test\/items\/1945faa1776541d53120ecfe3c1d8a2b","id":{"unicity":"24418"}},"terms":{"priceEach":"5.0000","pvEach":"0.0000"},"quantity":1}]}},{"currency":"USD","lines":{"items":[{"item":{"href":"https:\/\/hydraqa.unicity.net\/v5a-test\/items\/e0a19d3d676bccfdba0ab3d9f2766359","id":{"unicity":"30350"}},"terms":{"priceEach":"49.0000","pvEach":"30.0000"},"quantity":1}]}},{"currency":"USD","lines":{"items":[{"item":{"href":"https:\/\/hydraqa.unicity.net\/v5a-test\/items\/b2fc4b9ba4aa5cae54389161be2f841f","id":{"unicity":"18401"}},"terms":{"priceEach":"30.0000","pvEach":"19.0000"},"quantity":1}]}},{"currency":"USD","lines":{"items":[{"item":{"href":"https:\/\/hydraqa.unicity.net\/v5a-test\/items\/1b0412bea8c0b841c66f65a36aa14108","id":{"unicity":"29191"}},"terms":{"priceEach":"62.0000","pvEach":"36.0000"},"quantity":1}]}},{"currency":"USD","lines":{"items":[{"item":{"href":"https:\/\/hydraqa.unicity.net\/v5a-test\/items\/1bd53de7fe880ba71f46c9976ca2c137","id":{"unicity":"27739"}},"terms":{"priceEach":"33.0000","pvEach":"13.0000"},"quantity":1}]}},{"currency":"USD","lines":{"items":[{"item":{"href":"https:\/\/hydraqa.unicity.net\/v5a-test\/items\/035189015384166df518a68ede0299a9","id":{"unicity":"30408"}},"terms":{"priceEach":"82.0000","pvEach":"50.0000"},"quantity":1}]}},{"currency":"USD","lines":{"items":[{"item":{"href":"https:\/\/hydraqa.unicity.net\/v5a-test\/items\/bed533c634e887357ff031d8e4c776b0","id":{"unicity":"31751"}},"terms":{"priceEach":"99.0000","pvEach":"50.0000"},"quantity":1}]}},{"currency":"USD","lines":{"items":[{"item":{"href":"https:\/\/hydraqa.unicity.net\/v5a-test\/items\/e5029d0db50d6ea324b5e25f54d82636","id":{"unicity":"31651"}},"terms":{"priceEach":"28.0000","pvEach":"14.0000"},"quantity":1}]}},{"currency":"USD","lines":{"items":[{"item":{"href":"https:\/\/hydraqa.unicity.net\/v5a-test\/items\/c201dcd36f4bb7e17e7a8481ef08d6f2","id":{"unicity":"31518"}},"terms":{"priceEach":"28.0000","pvEach":"14.0000"},"quantity":1}]}},{"currency":"USD","lines":{"items":[{"item":{"href":"https:\/\/hydraqa.unicity.net\/v5a-test\/items\/f5a91f19576078a69f82c9f58805f479","id":{"unicity":"31655"}},"terms":{"priceEach":"28.0000","pvEach":"14.0000"},"quantity":1}]}},{"currency":"USD","lines":{"items":[{"item":{"href":"https:\/\/hydraqa.unicity.net\/v5a-test\/items\/0a3ede185ddf034630afd891c5106d33","id":{"unicity":"26562"}},"terms":{"priceEach":"32.0000","pvEach":"25.0000"},"quantity":1}]}},{"currency":"USD","lines":{"items":[{"item":{"href":"https:\/\/hydraqa.unicity.net\/v5a-test\/items\/1d977fb1e1c0aa5d0b71ee2cf01e7b4d","id":{"unicity":"32016"}},"terms":{"priceEach":"206.0000","pvEach":"130.0000"},"quantity":1}]}},{"currency":"USD","lines":{"items":[{"item":{"href":"https:\/\/hydraqa.unicity.net\/v5a-test\/items\/1524974f80be01c93083e794816394ab","id":{"unicity":"32017"}},"terms":{"priceEach":"206.0000","pvEach":"130.0000"},"quantity":1}]}},{"currency":"USD","lines":{"items":[{"item":{"href":"https:\/\/hydraqa.unicity.net\/v5a-test\/items\/4b2034f47fce90b87bba28c5c2d7c25d","id":{"unicity":"15880"}},"terms":{"priceEach":"57.0000","pvEach":"41.0000"},"quantity":1}]}},{"currency":"USD","lines":{"items":[{"item":{"href":"https:\/\/hydraqa.unicity.net\/v5a-test\/items\/3d89c4f7e508dfba4018dc9c732084de","id":{"unicity":"29181"}},"terms":{"priceEach":"23.0000","pvEach":"12.0000"},"quantity":1}]}},{"currency":"USD","lines":{"items":[{"item":{"href":"https:\/\/hydraqa.unicity.net\/v5a-test\/items\/9ce45d695c87f93b29794041362b5192","id":{"unicity":"26945"}},"terms":{"priceEach":"35.0000","pvEach":"0.0000"},"quantity":1}]}},{"currency":"USD","lines":{"items":[{"item":{"href":"https:\/\/hydraqa.unicity.net\/v5a-test\/items\/aa0d72ac13b1ce88cf8c4a52ede75a37","id":{"unicity":"26552"}},"terms":{"priceEach":"70.0000","pvEach":"50.0000"},"quantity":1}]}},{"currency":"USD","lines":{"items":[{"item":{"href":"https:\/\/hydraqa.unicity.net\/v5a-test\/items\/5c6f1a39257b63482d454789e4d2035c","id":{"unicity":"26553"}},"terms":{"priceEach":"80.0000","pvEach":"50.0000"},"quantity":1}]}},{"currency":"USD","lines":{"items":[{"item":{"href":"https:\/\/hydraqa.unicity.net\/v5a-test\/items\/8d994059c399f5551ab112574e4476fc","id":{"unicity":"24785"}},"terms":{"priceEach":"14.0000","pvEach":"9.0000"},"quantity":1}]}},{"currency":"USD","lines":{"items":[{"item":{"href":"https:\/\/hydraqa.unicity.net\/v5a-test\/items\/8ed7a8910d5c5335774fa9cfae0e511d","id":{"unicity":"18386"}},"terms":{"priceEach":"27.0000","pvEach":"21.0000"},"quantity":1}]}},{"currency":"USD","lines":{"items":[{"item":{"href":"https:\/\/hydraqa.unicity.net\/v5a-test\/items\/398d06b858b960f6f38086d40608aef2","id":{"unicity":"26560"}},"terms":{"priceEach":"16.0000","pvEach":"12.0000"},"quantity":1}]}},{"currency":"USD","lines":{"items":[{"item":{"href":"https:\/\/hydraqa.unicity.net\/v5a-test\/items\/55d3b550a17b78175cc5ac565e4266e8","id":{"unicity":"24621"}},"terms":{"priceEach":"19.0000","pvEach":"12.0000"},"quantity":1}]}},{"currency":"USD","lines":{"items":[{"item":{"href":"https:\/\/hydraqa.unicity.net\/v5a-test\/items\/bb5c627f16547cb4f706cef521bca356","id":{"unicity":"29437"}},"terms":{"priceEach":"62.0000","pvEach":"36.0000"},"quantity":1}]}},{"currency":"USD","lines":{"items":[{"item":{"href":"https:\/\/hydraqa.unicity.net\/v5a-test\/items\/0e78fbdfebef11cd62f8d2120064ee58","id":{"unicity":"30280"}},"terms":{"priceEach":"41.0000","pvEach":"24.0000"},"quantity":1}]}},{"currency":"USD","lines":{"items":[{"item":{"href":"https:\/\/hydraqa.unicity.net\/v5a-test\/items\/2835b1a78e379486f0ffbfd5fb9f6b0a","id":{"unicity":"30400"}},"terms":{"priceEach":"38.0000","pvEach":"28.0000"},"quantity":1}]}},{"currency":"USD","lines":{"items":[{"item":{"href":"https:\/\/hydraqa.unicity.net\/v5a-test\/items\/84bf86533ae28dc84370f3699cc13a1d","id":{"unicity":"17744"}},"terms":{"priceEach":"97.0000","pvEach":"62.0000"},"quantity":1}]}},{"currency":"USD","lines":{"items":[{"item":{"href":"https:\/\/hydraqa.unicity.net\/v5a-test\/items\/48433ffc76597c823adc2b8627e033e4","id":{"unicity":"26559"}},"terms":{"priceEach":"29.0000","pvEach":"20.0000"},"quantity":1}]}},{"currency":"USD","lines":{"items":[{"item":{"href":"https:\/\/hydraqa.unicity.net\/v5a-test\/items\/5a38f009bec6c23b1b3a70432f9722e5","id":{"unicity":"19596"}},"terms":{"priceEach":"47.0000","pvEach":"30.0000"},"quantity":1}]}},{"currency":"USD","lines":{"items":[{"item":{"href":"https:\/\/hydraqa.unicity.net\/v5a-test\/items\/38da42f991a40a00153b2e5055b82dbf","id":{"unicity":"27801"}},"terms":{"priceEach":"195.0000","pvEach":"130.0000"},"quantity":1}]}},{"currency":"USD","lines":{"items":[{"item":{"href":"https:\/\/hydraqa.unicity.net\/v5a-test\/items\/051e765a5a71835a859c2757edd359f0","id":{"unicity":"26580"}},"terms":{"priceEach":"195.0000","pvEach":"130.0000"},"quantity":1}]}},{"currency":"USD","lines":{"items":[{"item":{"href":"https:\/\/hydraqa.unicity.net\/v5a-test\/items\/8c21f026bb6a32624e0c80475bf8efb0","id":{"unicity":"25880"}},"terms":{"priceEach":"33.0000","pvEach":"23.0000"},"quantity":1}]}},{"currency":"USD","lines":{"items":[{"item":{"href":"https:\/\/hydraqa.unicity.net\/v5a-test\/items\/e218d1cac5f31e7ae4f5876c29c57377","id":{"unicity":"29017"}},"terms":{"priceEach":"37.0000","pvEach":"26.0000"},"quantity":1}]}},{"currency":"USD","lines":{"items":[{"item":{"href":"https:\/\/hydraqa.unicity.net\/v5a-test\/items\/24ff5bda40c0d0e7eaa511866d052915","id":{"unicity":"29612"}},"terms":{"priceEach":"48.0000","pvEach":"30.0000"},"quantity":1}]}},{"currency":"USD","lines":{"items":[{"item":{"href":"https:\/\/hydraqa.unicity.net\/v5a-test\/items\/2c4c1abe00983e85aaa918d2ce341491","id":{"unicity":"17174"}},"terms":{"priceEach":"16.0000","pvEach":"10.0000"},"quantity":1}]}},{"currency":"USD","lines":{"items":[{"item":{"href":"https:\/\/hydraqa.unicity.net\/v5a-test\/items\/3f2d12d7a0e8551fc99fad3bbe1ba633","id":{"unicity":"26567"}},"terms":{"priceEach":"53.0000","pvEach":"35.0000"},"quantity":1}]}},{"currency":"USD","lines":{"items":[{"item":{"href":"https:\/\/hydraqa.unicity.net\/v5a-test\/items\/191637167cb3144bd2e8c4615e9ab67e","id":{"unicity":"26568"}},"terms":{"priceEach":"53.0000","pvEach":"35.0000"},"quantity":1}]}},{"currency":"USD","lines":{"items":[{"item":{"href":"https:\/\/hydraqa.unicity.net\/v5a-test\/items\/2cefc6a61faaae3455a5adcb0d8fc74f","id":{"unicity":"15907"}},"terms":{"priceEach":"14.0000","pvEach":"5.0000"},"quantity":1}]}},{"currency":"USD","lines":{"items":[{"item":{"href":"https:\/\/hydraqa.unicity.net\/v5a-test\/items\/e870d73cd94149d9f6b55de9736c9daa","id":{"unicity":"3107"}},"terms":{"priceEach":"23.0000","pvEach":"16.0000"},"quantity":1}]}},{"currency":"USD","lines":{"items":[{"item":{"href":"https:\/\/hydraqa.unicity.net\/v5a-test\/items\/b127a2d34d3d73e2f53e4c2002a7a4a2","id":{"unicity":"25008"}},"terms":{"priceEach":"18.0000","pvEach":"15.0000"},"quantity":1}]}},{"currency":"USD","lines":{"items":[{"item":{"href":"https:\/\/hydraqa.unicity.net\/v5a-test\/items\/dcdf1b79b8b6f644100ffc20fdca4683","id":{"unicity":"27835"}},"terms":{"priceEach":"1455.0000","pvEach":"1000.0000"},"quantity":1}]}},{"currency":"USD","lines":{"items":[{"item":{"href":"https:\/\/hydraqa.unicity.net\/v5a-test\/items\/efe7d99f2b77ea614d624d371afa4244","id":{"unicity":"25543"}},"terms":{"priceEach":"1455.0000","pvEach":"1000.0000"},"quantity":1}]}},{"currency":"USD","lines":{"items":[{"item":{"href":"https:\/\/hydraqa.unicity.net\/v5a-test\/items\/19fa616d76c947f5586d58e1b5e8b4ee","id":{"unicity":"27837"}},"terms":{"priceEach":"1455.0000","pvEach":"1000.0000"},"quantity":1}]}},{"currency":"USD","lines":{"items":[{"item":{"href":"https:\/\/hydraqa.unicity.net\/v5a-test\/items\/2da06ecf761a87f5619997496b83b745","id":{"unicity":"27831"}},"terms":{"priceEach":"1455.0000","pvEach":"1000.0000"},"quantity":1}]}},{"currency":"USD","lines":{"items":[{"item":{"href":"https:\/\/hydraqa.unicity.net\/v5a-test\/items\/1ab3a5a9b55fdf3618d21bf1d528afe4","id":{"unicity":"25542"}},"terms":{"priceEach":"1455.0000","pvEach":"1000.0000"},"quantity":1}]}},{"currency":"USD","lines":{"items":[{"item":{"href":"https:\/\/hydraqa.unicity.net\/v5a-test\/items\/52f0d3751a2d8f3f3670328e8157de5e","id":{"unicity":"27833"}},"terms":{"priceEach":"1455.0000","pvEach":"1000.0000"},"quantity":1}]}},{"currency":"USD","lines":{"items":[{"item":{"href":"https:\/\/hydraqa.unicity.net\/v5a-test\/items\/1535f370eb06bf30117fa28aa9ab1179","id":{"unicity":"25544"}},"terms":{"priceEach":"1455.0000","pvEach":"1000.0000"},"quantity":1}]}},{"currency":"USD","lines":{"items":[{"item":{"href":"https:\/\/hydraqa.unicity.net\/v5a-test\/items\/87f09080f7a29929816891acef721667","id":{"unicity":"25545"}},"terms":{"priceEach":"1455.0000","pvEach":"1000.0000"},"quantity":1}]}},{"currency":"USD","lines":{"items":[{"item":{"href":"https:\/\/hydraqa.unicity.net\/v5a-test\/items\/991cdbb84a495779eb209fb3956a77e4","id":{"unicity":"29183"}},"terms":{"priceEach":"41.0000","pvEach":"24.0000"},"quantity":1}]}},{"currency":"USD","lines":{"items":[{"item":{"href":"https:\/\/hydraqa.unicity.net\/v5a-test\/items\/cda534d686af5d627c94c4bb2c4b57d8","id":{"unicity":"26561"}},"terms":{"priceEach":"16.0000","pvEach":"11.0000"},"quantity":1}]}},{"currency":"USD","lines":{"items":[{"item":{"href":"https:\/\/hydraqa.unicity.net\/v5a-test\/items\/10da226fab00279b4f89df10af2a10b7","id":{"unicity":"26442"}},"terms":{"priceEach":"6.0000","pvEach":"0.0000"},"quantity":1}]}},{"currency":"USD","lines":{"items":[{"item":{"href":"https:\/\/hydraqa.unicity.net\/v5a-test\/items\/2de8516a24af8232add0bb392e750a71","id":{"unicity":"31859"}},"terms":{"priceEach":"179.0000","pvEach":"130.0000"},"quantity":1}]}},{"currency":"USD","lines":{"items":[{"item":{"href":"https:\/\/hydraqa.unicity.net\/v5a-test\/items\/cf8460040a1860bcabf250b6c1171675","id":{"unicity":"31858"}},"terms":{"priceEach":"269.0000","pvEach":"195.0000"},"quantity":1}]}},{"currency":"USD","lines":{"items":[{"item":{"href":"https:\/\/hydraqa.unicity.net\/v5a-test\/items\/4ab49eca1731e69206ccafb5112ad5a4","id":{"unicity":"31861"}},"terms":{"priceEach":"196.0000","pvEach":"135.0000"},"quantity":1}]}},{"currency":"USD","lines":{"items":[{"item":{"href":"https:\/\/hydraqa.unicity.net\/v5a-test\/items\/d4c8fce238d6fc34d17a4b36d1e4e59a","id":{"unicity":"31860"}},"terms":{"priceEach":"196.0000","pvEach":"135.0000"},"quantity":1}]}},{"currency":"USD","lines":{"items":[{"item":{"href":"https:\/\/hydraqa.unicity.net\/v5a-test\/items\/fd464cd7972cc1317e850b9196d886b8","id":{"unicity":"31863"}},"terms":{"priceEach":"210.0000","pvEach":"148.0000"},"quantity":1}]}},{"currency":"USD","lines":{"items":[{"item":{"href":"https:\/\/hydraqa.unicity.net\/v5a-test\/items\/e47fd287212acedd1cffb2b67bf623bd","id":{"unicity":"31862"}},"terms":{"priceEach":"210.0000","pvEach":"148.0000"},"quantity":1}]}},{"currency":"USD","lines":{"items":[{"item":{"href":"https:\/\/hydraqa.unicity.net\/v5a-test\/items\/024e696f8b44a1d315006e676604cd31","id":{"unicity":"27395"}},"terms":{"priceEach":"24.0000","pvEach":"16.0000"},"quantity":1}]}},{"currency":"USD","lines":{"items":[{"item":{"href":"https:\/\/hydraqa.unicity.net\/v5a-test\/items\/3ddd31ddbe0e5807756d2488e7cc3602","id":{"unicity":"31440"}},"terms":{"priceEach":"40.0000","pvEach":"0.0000"},"quantity":1}]}},{"currency":"USD","lines":{"items":[{"item":{"href":"https:\/\/hydraqa.unicity.net\/v5a-test\/items\/90d5ee3af77bdc64ecf28a45b604bf3d","id":{"unicity":"31441"}},"terms":{"priceEach":"40.0000","pvEach":"0.0000"},"quantity":1}]}},{"currency":"USD","lines":{"items":[{"item":{"href":"https:\/\/hydraqa.unicity.net\/v5a-test\/items\/91a6016282310b83203d0bb7bea14a0f","id":{"unicity":"29050"}},"terms":{"priceEach":"12.9500","pvEach":"0.0000"},"quantity":1}]}},{"currency":"USD","lines":{"items":[{"item":{"href":"https:\/\/hydraqa.unicity.net\/v5a-test\/items\/7fc100f8d20814757efe2d79e41b315c","id":{"unicity":"32021"}},"terms":{"priceEach":"89.0000","pvEach":"60.0000"},"quantity":1}]}},{"currency":"USD","lines":{"items":[{"item":{"href":"https:\/\/hydraqa.unicity.net\/v5a-test\/items\/634f7efb30392b2a919de1355902d975","id":{"unicity":"29408"}},"terms":{"priceEach":"80.0000","pvEach":"52.0000"},"quantity":1}]}},{"currency":"USD","lines":{"items":[{"item":{"href":"https:\/\/hydraqa.unicity.net\/v5a-test\/items\/fa2407c91e64e66a72ab45172eb978df","id":{"unicity":"0988"}},"terms":{"priceEach":"35.0000","pvEach":"23.0000"},"quantity":1}]}},{"currency":"USD","lines":{"items":[{"item":{"href":"https:\/\/hydraqa.unicity.net\/v5a-test\/items\/64ec7ad932acafab052a4e8800ad1238","id":{"unicity":"24758"}},"terms":{"priceEach":"30.0000","pvEach":"21.0000"},"quantity":1}]}},{"currency":"USD","lines":{"items":[{"item":{"href":"https:\/\/hydraqa.unicity.net\/v5a-test\/items\/c61892f0a7b7e88054169a31d65d95e0","id":{"unicity":"18373"}},"terms":{"priceEach":"16.0000","pvEach":"10.0000"},"quantity":1}]}},{"currency":"USD","lines":{"items":[{"item":{"href":"https:\/\/hydraqa.unicity.net\/v5a-test\/items\/40a1044968ea62276f4ba87fd2ef0d8f","id":{"unicity":"12230"}},"terms":{"priceEach":"23.0000","pvEach":"15.0000"},"quantity":1}]}},{"currency":"USD","lines":{"items":[{"item":{"href":"https:\/\/hydraqa.unicity.net\/v5a-test\/items\/9ff4257741d464b686d15be955b8afb6","id":{"unicity":"0963"}},"terms":{"priceEach":"41.0000","pvEach":"25.0000"},"quantity":1}]}},{"currency":"USD","lines":{"items":[{"item":{"href":"https:\/\/hydraqa.unicity.net\/v5a-test\/items\/ddef5f478ff91aa2263b646a3bd03dea","id":{"unicity":"21420"}},"terms":{"priceEach":"23.0000","pvEach":"10.0000"},"quantity":1}]}}]}
Entry request : {"order":{"customer":{"href":"https://hydraqa.unicity.net/v5a-test/customers?type=Associate"},"shipToAddress":{"country":"US"}},"vary":{"lines":{"items":[{"item":{"href":"https://hydraqa.unicity.net/v5a-test/items?id.unicity=26580|31440|31441|31651|31655|31518|31751|27801|31858|31859|31862|32030|29684|32016|32017|31727|31729|31730|31731|0963|15129|15271|15880|17174|22745|22747|23728|24758|25022|26550|26556|26557|26560|26561|26562|27615|27739|24418|22888|27585|17744|25008|26442|26551|6200|15916|18908|24785|29050|26552|26553|27028|0954|18401|27029|26559|19596|25542|25544|27835|25543|25545|26945|25535|21420|24621|27831|27833|27837|28836|15712|22165|0960|25369|30825|18386|26567|26568|15907|28513|3107|0988|18373|12230|26950|26786|27587|29017|25880|29694|29408|29437|29181|29183|29191|29352|29612|30350|27395|29440|29830|30408|30414|30400|30280|31314|31728|31842|31846|31845|31847|31863|31860|31861|31958|32021|32364|32365|32366|32367|32368|32369|32370|32371|32372|31106|26555"}}]}}}
Request URL: https://hydraqa.unicity.net/v5a-test/customers.js?_httpMethod=HEAD&callback=angular.callbacks._1&email=SMRYVP@gmail.com
Request URL: https://hydraqa.unicity.net/v5a-test/addresses?country=US&zip=84097
Entry response : {"items":[{"city":"Orem","state":"UT"}]}
No Pop UP
{sponsor=2, gender=male, city=OREM, signature=TestSignature, cartprice=491.0, enroller=2, sponsorName=SponsorTest, responsedob=1998-08-15, arpack=Prime Health Pack - Cholesterol, Energy, Vanilla, language=English, locale=en, type=Associate, coapplicanttype=Spouse, platform=QA, lname=TestLastName, password=Unicity, genderoption=Male, Currency=USD, api=1, state=[UT], enrollerName=EnrollerTest, email=SMRYVP@gmail.com, coapplicant=TestSpouseName, zip=84097, fname=TestFirstName, prefferd=Bahamas, address2=Address 2, address1=1209 N 800 E, shippingmethod=type=2Days, version=v5a-test/, testcase=normal, market=Bahamas, aritemcode=26580, martial=Single, phone=9823746323, dob=08/15/1998, govid=659461635, proto=https://hydraqa.unicity.net/, marketcode=BS, maritaloption=Single, ccname=CCNameTest}
Request URL: https://hydraqa.unicity.net/v5a-test/orders.js
Entry request : {"customer":{"mainAddress":{"city":"OREM","country":"US","state":"UT","zip":"84097","address1":"1209 N 800 E","address2":""},"humanName":{"firstName":"TestFirstName","lastName":"TestLastName"},"email":"SMRYVP@gmail.com","preferredLocale":"en-BS","password":{"value":"Unicity"},"gender":"male","maritalStatus":"Single","type":"Associate","enroller":{"href":"https://hydraqa.unicity.net/v5a-test/customers?id.unicity=2"},"sponsor":{"href":"https://hydraqa.unicity.net/v5a-test/customers?id.unicity=2"},"creditcardaliases":[{"methodDetails":{"creditCardNumber":"4111111111111111","payer":"TestFirstName TestLastName","creditCardExpires":"2020-10"},"billToName":{"firstName":"TestFirstName","lastName":"TestLastName"},"billToAddress":{"address1":"Address 1","address2":"","city":"TestCity","state":"RS","zip":"","country":"BS"}}],"homePhone":"9823746323","birthDate":"1998-08-15","autoorders":{"items":[{"recurrence":{"schedule":{"month":"*","dayOfMonth":"5"},"status":"Enabled"},"lines":{"items":[{"item":{"href":"https://hydraqa.unicity.net/v5a-test/items?id.unicity=26580"},"quantity":1}]},"shipToName":{"firstName":"TestFirstName","lastName":"TestLastName"},"shipToPhone":"9823746323","shipToEmail":"SMRYVP@gmail.com","shipToAddress":{"city":"OREM","country":"US","state":"UT","address1":"1209 N 800 E","address2":"","zip":"84097"},"shippingMethod":{"href":"https://hydraqa.unicity.net/v5a-test/shippingmethods?type=2Days"},"transactions":{"items":[{"amount":"this.terms.total","type":"AuthorizeAndCapture","method":"CreditCardAlias","methodDetails":{"alias":"this.customer.creditcardaliases[0].alias"}}]}}]},"coapplicant":{"type":"Spouse","details":{"humanName":{"firstName":"TestSpouseName","lastName":""}}},"rights":[],"signature":{"value":"TestSignature"},"taxTerms":{"taxId":"659461635","taxIdExpires":"2025-12-30"}},"lines":{"items":[{"item":{"href":"https://hydraqa.unicity.net/v5a-test/items?id.unicity=31440"},"quantity":1},{"item":{"href":"https://hydraqa.unicity.net/v5a-test/items?id.unicity=31518"},"quantity":1},{"item":{"href":"https://hydraqa.unicity.net/v5a-test/items?id.unicity=31651"},"quantity":1},{"item":{"href":"https://hydraqa.unicity.net/v5a-test/items?id.unicity=31655"},"quantity":1},{"item":{"href":"https://hydraqa.unicity.net/v5a-test/items?id.unicity=31731"},"quantity":1},{"item":{"href":"https://hydraqa.unicity.net/v5a-test/items?id.unicity=31751"},"quantity":1},{"item":{"href":"https://hydraqa.unicity.net/v5a-test/items?id.unicity=31859"},"quantity":1}]},"shipToName":{"firstName":"TestFirstName","lastName":"TestLastName"},"shipToPhone":"9823746323","shipToEmail":"SMRYVP@gmail.com","shipToAddress":{"city":"OREM","country":"US","state":"UT","address1":"1209 N 800 E","address2":"","zip":"84097"},"shippingMethod":{"href":"https://hydraqa.unicity.net/v5a-test/shippingmethods?type=2Days"},"notes":"","transactions":{"items":[{"amount":"this.terms.total","type":"AuthorizeAndCapture","method":"CreditCard","methodDetails":{"creditCardNumber":"4111111111111111","payer":"CCNameTest","creditCardExpires":"2020-10","creditCardSecurityCode":"123"},"billToAddress":{"address1":"Address 1","address2":"","city":"TestCity","state":"RS","zip":"","country":"BS"}}]}}
Entry response : {"meta":{"Link":"<http:\/\/unicity.github.io\/Hydra.php\/docs\/v5\/>; rel=\"help\"","X-Request-UUID":"eb91cb43-9a2d-4bbc-80e2-7139812a8e90","X-Request-Release":"5-2020010602\/master","Cache-Control":"no-cache, must-revalidate","Expires":"0","X-Powered-By":"Luracast Restler v3.0.0rc5","Content-Type":"text\/javascript; charset=utf-8","Content-Language":"en","X-Status-Code":"201"},"data":{"market":"US","lines":{"items":[{"quantity":1,"item":{"href":"https:\/\/hydraqa.unicity.net\/v5a-test\/items?id.unicity=31440","id":{"unicity":"31440"}}},{"quantity":1,"item":{"href":"https:\/\/hydraqa.unicity.net\/v5a-test\/items?id.unicity=31518","id":{"unicity":"31518"}}},{"quantity":1,"item":{"href":"https:\/\/hydraqa.unicity.net\/v5a-test\/items?id.unicity=31651","id":{"unicity":"31651"}}},{"quantity":1,"item":{"href":"https:\/\/hydraqa.unicity.net\/v5a-test\/items?id.unicity=31655","id":{"unicity":"31655"}}},{"quantity":1,"item":{"href":"https:\/\/hydraqa.unicity.net\/v5a-test\/items?id.unicity=31731","id":{"unicity":"31731"}}},{"quantity":1,"item":{"href":"https:\/\/hydraqa.unicity.net\/v5a-test\/items?id.unicity=31751","id":{"unicity":"31751"}}},{"quantity":1,"item":{"href":"https:\/\/hydraqa.unicity.net\/v5a-test\/items?id.unicity=31859","id":{"unicity":"31859"}}}]},"shipToAddress":{"country":"US","state":"UT","city":"OREM","zip":"84097","address1":"1209 N 800 E","address2":""},"shipToName":{"firstName":"TestFirstName","lastName":"TestLastName"},"shipToEmail":"SMRYVP@gmail.com","shipToPhone":"9823746323","shipToTime":"","source":null,"type":null,"notes":"","transactions":{"items":[{"amount":505.65,"billToAddress":{"address1":"Address 1","address2":"","city":"TestCity","state":"RS","zip":"","country":"BS"},"billToEmail":null,"type":"AuthorizeAndCapture","method":"CreditCard","installments":null,"methodDetails":{"creditCardNumber":"411111xxxxxx1111","payer":"CCNameTest","payerId":null,"creditCardExpires":"2020-10","creditCardSecurityCode":"123"}}]},"terms":{"discount":{"amount":40},"pretotal":505.65,"tax":{"amount":16.31},"freight":{"amount":38.34},"subtotal":491,"taxableTotal":489.34,"total":505.65,"pv":282},"shippingMethod":{"href":"https:\/\/hydraqa.unicity.net\/v5a-test\/shippingmethods?type=2Days","location":"","type":"2Days"},"currency":"USD","dateCreated":"2020-01-07T13:56:41-07:00","customer":{"humanName":{"firstName":"TestFirstName","lastName":"TestLastName"},"mainAddress":{"city":"OREM","country":"US","state":"UT","zip":"84097","address1":"1209 N 800 E","address2":""},"type":"Associate","email":"SMRYVP@gmail.com","taxTerms":{"exemption":null,"taxId":"659461635","taxIdExpires":"2025-12-30"},"signature":{"value":"TestSignature"},"gender":"male","password":{"value":"Unicity"},"enroller":{"href":"https:\/\/hydraqa.unicity.net\/v5a-test\/customers\/f0cbfab7062ed827a4e700264e473f1d","id":{"unicity":2},"humanName":{"fullName":"Program, Referral"},"email":"danw@infotraxsys.com"},"sponsor":{"href":"https:\/\/hydraqa.unicity.net\/v5a-test\/customers\/f0cbfab7062ed827a4e700264e473f1d","id":{"unicity":2},"humanName":{"fullName":"Program, Referral"},"email":"danw@infotraxsys.com"},"birthDate":"1998-08-15","homePhone":"9823746323","preferredLocale":"en-BS","maritalStatus":"Single","coapplicant":{"details":{"humanName":{"firstName":"TestSpouseName","lastName":""}},"type":"Spouse"},"autoorders":{"items":[{"id":{"unicity":"63378"}}]},"rights":[],"status":"Active","id":{"unicity":"8104408"},"href":"https:\/\/hydraqa.unicity.net\/v5a-test\/customers\/82eda00d724bd3bf6e9e5afb4561dbcd","token":"9cee2ce0-36e8-477b-baa9-cdc24b13533e"},"added_transactions":{"items":[]},"taxedAs":"service","id":{"unicity":"1629644"},"href":"https:\/\/hydraqa.unicity.net\/v5a-test\/orders\/09bc25b5dc1ff9a21b83e19b3c7d83c6"}}
Headers-->keep-alive
Headers-->3195
Headers-->application/json, text/plain, */*
Headers-->http://enroll.ng.unicityqa.com
Headers-->en-BS
]]></system-out>
    <system-err><![CDATA[Starting ChromeDriver 2.36.540470 (e522d04694c7ebea4ba8821272dbef4f9b818c91) on port 28274
Only local connections are allowed.
Jan 07, 2020 1:51:52 PM org.openqa.selenium.remote.ProtocolHandshake createSession
INFO: Detected dialect: OSS
]]></system-err>
  </testcase>
  <testcase name="Enroll" classname="Tests.FranchisePartner" time="319.681"/>
  <testcase name="Enroll" classname="Tests.FranchisePartner" time="325.209"/>
  <testcase name="Enroll" classname="Tests.FranchisePartner" time="319.84"/>
  <testcase name="Enroll" classname="Tests.FranchisePartner" time="205.108">
    <failure message="Major Market expected [CA] but found [null]" type="java.lang.AssertionError">java.lang.AssertionError: Major Market expected [CA] but found [null]
	at Tests.FranchisePartner.Enroll(FranchisePartner.java:265)
</failure>
    <system-out><![CDATA[Request URL: https://hydraqa.unicity.net/v5a-test/quotes?&expand=item
Entry Quotes response : {"items":[{"currency":"CAD","lines":{"items":[{"item":{"href":"https:\/\/hydraqa.unicity.net\/v5a-test\/items\/fe97499574f54ccd16daec7361208411","id":{"unicity":"26570"}},"terms":{"priceEach":"22.0000","pvEach":"12.0000"},"quantity":1}]}},{"currency":"CAD","lines":{"items":[{"item":{"href":"https:\/\/hydraqa.unicity.net\/v5a-test\/items\/e0ecfe600e70e49a801d7b3227dfd3f0","id":{"unicity":"13668"}},"terms":{"priceEach":"27.0000","pvEach":"16.0000"},"quantity":1}]}},{"currency":"CAD","lines":{"items":[{"item":{"href":"https:\/\/hydraqa.unicity.net\/v5a-test\/items\/efaf2f6ae6aca83f6a3f88993fa84375","id":{"unicity":"32152"}},"terms":{"priceEach":"148.0000","pvEach":"93.0000"},"quantity":1}]}},{"currency":"CAD","lines":{"items":[{"item":{"href":"https:\/\/hydraqa.unicity.net\/v5a-test\/items\/9666510b53026f2d730c43746482be9c","id":{"unicity":"31849"}},"terms":{"priceEach":"172.0000","pvEach":"85.0000"},"quantity":1}]}},{"currency":"CAD","lines":{"items":[{"item":{"href":"https:\/\/hydraqa.unicity.net\/v5a-test\/items\/42d7ab6b9834716f6ebdd66f1a86d7b1","id":{"unicity":"30980"}},"terms":{"priceEach":"20.0000","pvEach":"8.0000"},"quantity":1}]}},{"currency":"CAD","lines":{"items":[{"item":{"href":"https:\/\/hydraqa.unicity.net\/v5a-test\/items\/f847ce37f5942a226f74e671c86709f8","id":{"unicity":"28787"}},"terms":{"priceEach":"32.0000","pvEach":"16.0000"},"quantity":1}]}},{"currency":"CAD","lines":{"items":[{"item":{"href":"https:\/\/hydraqa.unicity.net\/v5a-test\/items\/0a1fb94492eea4f737d55332ef8479d5","id":{"unicity":"27589"}},"terms":{"priceEach":"1100.0000","pvEach":"250.0000"},"quantity":1}]}},{"currency":"CAD","lines":{"items":[{"item":{"href":"https:\/\/hydraqa.unicity.net\/v5a-test\/items\/581848fdf2bd6cdafbedf9735f46eb17","id":{"unicity":"27182"}},"terms":{"priceEach":"1755.0000","pvEach":"1000.0000"},"quantity":1}]}},{"currency":"CAD","lines":{"items":[{"item":{"href":"https:\/\/hydraqa.unicity.net\/v5a-test\/items\/5e53a07a3c37f90fa4fbb21b19b06cac","id":{"unicity":"27184"}},"terms":{"priceEach":"1755.0000","pvEach":"1000.0000"},"quantity":1}]}},{"currency":"CAD","lines":{"items":[{"item":{"href":"https:\/\/hydraqa.unicity.net\/v5a-test\/items\/1945faa1776541d53120ecfe3c1d8a2b","id":{"unicity":"24418"}},"terms":{"priceEach":"5.0000","pvEach":"0.0000"},"quantity":1}]}},{"currency":"CAD","lines":{"items":[{"item":{"href":"https:\/\/hydraqa.unicity.net\/v5a-test\/items\/828f9b5bdbceaa7cd3ca6a4532632635","id":{"unicity":"19356"}},"terms":{"priceEach":"36.0000","pvEach":"21.0000"},"quantity":1}]}},{"currency":"CAD","lines":{"items":[{"item":{"href":"https:\/\/hydraqa.unicity.net\/v5a-test\/items\/1b0412bea8c0b841c66f65a36aa14108","id":{"unicity":"29191"}},"terms":{"priceEach":"83.0000","pvEach":"36.0000"},"quantity":1}]}},{"currency":"CAD","lines":{"items":[{"item":{"href":"https:\/\/hydraqa.unicity.net\/v5a-test\/items\/cb1cb2d293cc48affee9b2026c31313a","id":{"unicity":"28928"}},"terms":{"priceEach":"40.0000","pvEach":"12.0000"},"quantity":1}]}},{"currency":"CAD","lines":{"items":[{"item":{"href":"https:\/\/hydraqa.unicity.net\/v5a-test\/items\/2ffc1563d3d0fd7121ca5b1c2184988e","id":{"unicity":"28428"}},"terms":{"priceEach":"94.0000","pvEach":"58.0000"},"quantity":1}]}},{"currency":"CAD","lines":{"items":[{"item":{"href":"https:\/\/hydraqa.unicity.net\/v5a-test\/items\/637af131553f5822bef2bb0f0577b2e9","id":{"unicity":"28160"}},"terms":{"priceEach":"100.0000","pvEach":"58.0000"},"quantity":1}]}},{"currency":"CAD","lines":{"items":[{"item":{"href":"https:\/\/hydraqa.unicity.net\/v5a-test\/items\/6e0e7450f45cb9412e5b4642dd1469cb","id":{"unicity":"26579"}},"terms":{"priceEach":"21.0000","pvEach":"13.0000"},"quantity":1}]}},{"currency":"CAD","lines":{"items":[{"item":{"href":"https:\/\/hydraqa.unicity.net\/v5a-test\/items\/25903b9f5822fe7addc90c0561021374","id":{"unicity":"30136"}},"terms":{"priceEach":"293.0000","pvEach":"133.0000"},"quantity":1}]}},{"currency":"CAD","lines":{"items":[{"item":{"href":"https:\/\/hydraqa.unicity.net\/v5a-test\/items\/6b12c1e4bef067dceb5ac0ed8c54420d","id":{"unicity":"28096"}},"terms":{"priceEach":"23.0000","pvEach":"10.0000"},"quantity":1}]}},{"currency":"CAD","lines":{"items":[{"item":{"href":"https:\/\/hydraqa.unicity.net\/v5a-test\/items\/cfc721c9fb00317ed614492f65f21460","id":{"unicity":"31288"}},"terms":{"priceEach":"49.0000","pvEach":"28.0000"},"quantity":1}]}},{"currency":"CAD","lines":{"items":[{"item":{"href":"https:\/\/hydraqa.unicity.net\/v5a-test\/items\/dd619e405d660b27ccf73ce78079e1d9","id":{"unicity":"28325"}},"terms":{"priceEach":"1755.0000","pvEach":"1000.0000"},"quantity":1}]}},{"currency":"CAD","lines":{"items":[{"item":{"href":"https:\/\/hydraqa.unicity.net\/v5a-test\/items\/1785a19a6bf5472c7c1ded08cb7fd083","id":{"unicity":"28326"}},"terms":{"priceEach":"1755.0000","pvEach":"1000.0000"},"quantity":1}]}},{"currency":"CAD","lines":{"items":[{"item":{"href":"https:\/\/hydraqa.unicity.net\/v5a-test\/items\/351c19047c5c800d2db6963b3af5df78","id":{"unicity":"27080"}},"terms":{"priceEach":"58.0000","pvEach":"35.0000"},"quantity":1}]}},{"currency":"CAD","lines":{"items":[{"item":{"href":"https:\/\/hydraqa.unicity.net\/v5a-test\/items\/49ed55a5244d9db9d1c2bb3878c2bbca","id":{"unicity":"28332"}},"terms":{"priceEach":"233.0000","pvEach":"125.0000"},"quantity":1}]}},{"currency":"CAD","lines":{"items":[{"item":{"href":"https:\/\/hydraqa.unicity.net\/v5a-test\/items\/ddcf0342f92e04ba74188c2f32df425f","id":{"unicity":"26996"}},"terms":{"priceEach":"233.0000","pvEach":"125.0000"},"quantity":1}]}},{"currency":"CAD","lines":{"items":[{"item":{"href":"https:\/\/hydraqa.unicity.net\/v5a-test\/items\/4b1b6b6007d154296fd6c4044c789f67","id":{"unicity":"28329"}},"terms":{"priceEach":"233.0000","pvEach":"125.0000"},"quantity":1}]}},{"currency":"CAD","lines":{"items":[{"item":{"href":"https:\/\/hydraqa.unicity.net\/v5a-test\/items\/bb1a7c3a2902e2cbc4cb2a22fdf1f499","id":{"unicity":"26993"}},"terms":{"priceEach":"233.0000","pvEach":"125.0000"},"quantity":1}]}},{"currency":"CAD","lines":{"items":[{"item":{"href":"https:\/\/hydraqa.unicity.net\/v5a-test\/items\/ae14f4659032c9e8591a7ac76abd1ad5","id":{"unicity":"26569"}},"terms":{"priceEach":"42.0000","pvEach":"28.0000"},"quantity":1}]}},{"currency":"CAD","lines":{"items":[{"item":{"href":"https:\/\/hydraqa.unicity.net\/v5a-test\/items\/702718a42df24a0c9435af2fdc464748","id":{"unicity":"27400"}},"terms":{"priceEach":"46.0000","pvEach":"30.0000"},"quantity":1}]}},{"currency":"CAD","lines":{"items":[{"item":{"href":"https:\/\/hydraqa.unicity.net\/v5a-test\/items\/8407b62b9c4120aa3dfe25c9feb76e4a","id":{"unicity":"28591"}},"terms":{"priceEach":"21.0000","pvEach":"15.0000"},"quantity":1}]}},{"currency":"CAD","lines":{"items":[{"item":{"href":"https:\/\/hydraqa.unicity.net\/v5a-test\/items\/991cdbb84a495779eb209fb3956a77e4","id":{"unicity":"29183"}},"terms":{"priceEach":"55.0000","pvEach":"24.0000"},"quantity":1}]}},{"currency":"CAD","lines":{"items":[{"item":{"href":"https:\/\/hydraqa.unicity.net\/v5a-test\/items\/c4744f6ba328b983bfffc7e1e4416ff3","id":{"unicity":"26565"}},"terms":{"priceEach":"99.0000","pvEach":"60.0000"},"quantity":1}]}},{"currency":"CAD","lines":{"items":[{"item":{"href":"https:\/\/hydraqa.unicity.net\/v5a-test\/items\/10da226fab00279b4f89df10af2a10b7","id":{"unicity":"26442"}},"terms":{"priceEach":"8.0000","pvEach":"0.0000"},"quantity":1}]}},{"currency":"CAD","lines":{"items":[{"item":{"href":"https:\/\/hydraqa.unicity.net\/v5a-test\/items\/576e0ebc8d1f5b26fc89bf3cd47a26c6","id":{"unicity":"26572"}},"terms":{"priceEach":"96.0000","pvEach":"56.0000"},"quantity":1}]}},{"currency":"CAD","lines":{"items":[{"item":{"href":"https:\/\/hydraqa.unicity.net\/v5a-test\/items\/60b5ca15c481444657970edde11b04ce","id":{"unicity":"26571"}},"terms":{"priceEach":"96.0000","pvEach":"56.0000"},"quantity":1}]}},{"currency":"CAD","lines":{"items":[{"item":{"href":"https:\/\/hydraqa.unicity.net\/v5a-test\/items\/e77144fa2fcf6a4dc73c15b4d615c1aa","id":{"unicity":"28437"}},"terms":{"priceEach":"74.0000","pvEach":"33.0000"},"quantity":1}]}},{"currency":"CAD","lines":{"items":[{"item":{"href":"https:\/\/hydraqa.unicity.net\/v5a-test\/items\/b24413d1812bb9c95ba6ff7e26bad8ff","id":{"unicity":"26566"}},"terms":{"priceEach":"45.0000","pvEach":"30.0000"},"quantity":1}]}},{"currency":"CAD","lines":{"items":[{"item":{"href":"https:\/\/hydraqa.unicity.net\/v5a-test\/items\/46ea1edabdcf18f49817c437346958eb","id":{"unicity":"29147"}},"terms":{"priceEach":"74.0000","pvEach":"33.0000"},"quantity":1}]}},{"currency":"CAD","lines":{"items":[{"item":{"href":"https:\/\/hydraqa.unicity.net\/v5a-test\/items\/3ddd31ddbe0e5807756d2488e7cc3602","id":{"unicity":"31440"}},"terms":{"priceEach":"40.0000","pvEach":"0.0000"},"quantity":1}]}},{"currency":"CAD","lines":{"items":[{"item":{"href":"https:\/\/hydraqa.unicity.net\/v5a-test\/items\/5990c3ea5f48eb212ab30fd557f75397","id":{"unicity":"31442"}},"terms":{"priceEach":"40.0000","pvEach":"0.0000"},"quantity":1}]}},{"currency":"CAD","lines":{"items":[{"item":{"href":"https:\/\/hydraqa.unicity.net\/v5a-test\/items\/91a6016282310b83203d0bb7bea14a0f","id":{"unicity":"29050"}},"terms":{"priceEach":"15.0000","pvEach":"0.0000"},"quantity":1}]}},{"currency":"CAD","lines":{"items":[{"item":{"href":"https:\/\/hydraqa.unicity.net\/v5a-test\/items\/5c430db0256426c4b730bc6994a94a02","id":{"unicity":"31773"}},"terms":{"priceEach":"30.0000","pvEach":"13.0000"},"quantity":1}]}},{"currency":"CAD","lines":{"items":[{"item":{"href":"https:\/\/hydraqa.unicity.net\/v5a-test\/items\/e84750c27b2b9f10e6b4d2ab5a1954ba","id":{"unicity":"30115"}},"terms":{"priceEach":"107.0000","pvEach":"52.0000"},"quantity":1}]}},{"currency":"CAD","lines":{"items":[{"item":{"href":"https:\/\/hydraqa.unicity.net\/v5a-test\/items\/a40ede5f6847ec094ad8a38616ced7d0","id":{"unicity":"28100"}},"terms":{"priceEach":"38.0000","pvEach":"23.0000"},"quantity":1}]}},{"currency":"CAD","lines":{"items":[{"item":{"href":"https:\/\/hydraqa.unicity.net\/v5a-test\/items\/a63a83ed3bc6d32294984def2cf859be","id":{"unicity":"28845"}},"terms":{"priceEach":"26.0000","pvEach":"19.0000"},"quantity":1}]}}]}
Entry request : {"order":{"customer":{"href":"https://hydraqa.unicity.net/v5a-test/customers?type=Associate"},"shipToAddress":{"country":"CA"}},"vary":{"lines":{"items":[{"item":{"href":"https://hydraqa.unicity.net/v5a-test/items?id.unicity=26993|31440|31442|27182|27184|28325|28327|26994|26995|26996|28330|28331|28332|26572|27400|24418|29147|28437|28591|26580|26442|28370|28096|26571|29050|28326|28328|28329|28428|28160|26574|26565|26570|26569|27589|27080|13668|28787|26566|26579|19356|28928|20436|28100|28845|29183|29185|29191|30115|30980|31110|31773|31288|32152|30136|31849"}}]}}}
Request URL: https://hydraqa.unicity.net/v5a-test/customers.js?callback=angular.callbacks._1&expand=customer,profilePicture&id.unicity=36554001
Request URL: https://hydraqa.unicity.net/v5a-test/customers.js?_httpMethod=HEAD&callback=angular.callbacks._7&email=BDHBNU@gmail.com
Request URL: https://hydraqa.unicity.net/v5a-test/shippingmethods.js?callback=angular.callbacks._a&destination=CA&market=CA
Request URL: https://hydraqa.unicity.net/v5a-test/addresses?country=CA&zip=B4V2K4
Entry response : {"items":[{"city":"Bridgewater","state":"NS"}]}
{sponsor=36554001, gender=male, city=BRIDGEWATER, signature=TestSignature, cartprice=67.0, enroller=36554001, responsedob=1996-03-29, arpack=Prime Health Pack - Cholesterol/Energy/Vanilla, language=English, locale=en, type=Associate, coapplicanttype=Spouse, platform=QA, lname=TestLastName, password=Unicity, genderoption=Male, Currency=USD, api=7, state=[NS], email=BDHBNU@gmail.com, coapplicant=TestSpouseName, zip=B4V2K4, fname=TestFirstName, prefferd=Canada, address2=Address 2, address1=Address 1, shippingmethod=type=UPS Ground, version=v5a-test/, testcase=normal, market=Canada, aritemcode=26993, martial=Single, phone=9823746323, dob=03/29/1996, proto=https://hydraqa.unicity.net/, marketcode=CA, maritaloption=Single, ccname=CCNameTest}
Request URL: https://hydraqa.unicity.net/v5a-test/orders.js
Entry request : {"customer":{"mainAddress":{"city":"BRIDGEWATER","country":"CA","state":"NS","zip":"B4V2K4","address1":"Address 1","address2":"Address 2"},"humanName":{"firstName":"TestFirstName","lastName":"TestLastName"},"email":"BDHBNU@gmail.com","preferredLocale":"en-CA","password":{"value":"Unicity"},"gender":"male","maritalStatus":"Single","type":"Associate","creditcardaliases":[{"methodDetails":{"creditCardNumber":"4111111111111111","payer":"TestFirstName TestLastName","creditCardExpires":"2020-10"},"billToName":{"firstName":"TestFirstName","lastName":"TestLastName"},"billToAddress":{"address1":"Address 1","address2":"Address 2","city":"BRIDGEWATER","state":"NS","zip":"B4V2K4","country":"CA"}}],"sponsor":{"href":"https://hydraqa.unicity.net/v5a-test/customers?id.unicity=36554001"},"enroller":{"href":"https://hydraqa.unicity.net/v5a-test/customers?id.unicity=36554001"},"homePhone":"9823746323","birthDate":"1996-03-29","autoorders":{"items":[{"recurrence":{"schedule":{"month":"*","dayOfMonth":"5"},"status":"Enabled"},"lines":{"items":[{"item":{"href":"https://hydraqa.unicity.net/v5a-test/items?id.unicity=26993"},"quantity":1}]},"shipToName":{"firstName":"TestFirstName","lastName":"TestLastName"},"shipToPhone":"9823746323","shipToEmail":"BDHBNU@gmail.com","shipToAddress":{"city":"BRIDGEWATER","country":"CA","state":"NS","address1":"Address 1","address2":"Address 2","zip":"B4V2K4"},"shippingMethod":{"href":"https://hydraqa.unicity.net/v5a-test/shippingmethods?type=UPS Ground"},"transactions":{"items":[{"amount":"this.terms.total","type":"AuthorizeAndCapture","method":"CreditCardAlias","methodDetails":{"alias":"this.customer.creditcardaliases[0].alias"}}]}}]},"coapplicant":{"type":"Spouse","details":{"humanName":{"firstName":"TestSpouseName","lastName":""}}},"rights":[],"signature":{"value":"TestSignature"}},"lines":{"items":[{"item":{"href":"https://hydraqa.unicity.net/v5a-test/items?id.unicity=13668"},"quantity":1},{"item":{"href":"https://hydraqa.unicity.net/v5a-test/items?id.unicity=31440"},"quantity":1}]},"shipToName":{"firstName":"TestFirstName","lastName":"TestLastName"},"shipToPhone":"9823746323","shipToEmail":"BDHBNU@gmail.com","shipToAddress":{"city":"BRIDGEWATER","country":"CA","state":"NS","address1":"Address 1","address2":"Address 2","zip":"B4V2K4"},"shippingMethod":{"href":"https://hydraqa.unicity.net/v5a-test/shippingmethods?type=UPS Ground"},"notes":"","transactions":{"items":[{"amount":"this.terms.total","type":"AuthorizeAndCapture","method":"CreditCard","methodDetails":{"creditCardNumber":"4111111111111111","payer":"CCNameTest","creditCardExpires":"2020-10","creditCardSecurityCode":"123"},"billToAddress":{"address1":"Address 1","address2":"Address 2","city":"BRIDGEWATER","state":"NS","zip":"B4V2K4","country":"CA"}},{"type":"AuthorizeAndCapture","method":"Coupon","methodDetails":{"code":"Fre3Aut0Sh!p"}}]}}
Entry response : {"meta":{"Link":"<http:\/\/unicity.github.io\/Hydra.php\/docs\/v5\/>; rel=\"help\"","X-Request-UUID":"282f7891-29e6-43a9-b8fa-109a623bd7a8","X-Request-Release":"5-2020010602\/master","Cache-Control":"no-cache, must-revalidate","Expires":"0","X-Powered-By":"Luracast Restler v3.0.0rc5","Content-Type":"text\/javascript; charset=utf-8","Content-Language":"en","X-Status-Code":"402"},"data":{"error":{"code":402,"message":"Payment Required","error_code":"3009","error_message":"Could not authorize and capture credit card payment. Error#B6C9A","upstream_error_message":"ACTION 130 IS NOT ALLOWED FOR MERCHANT 8270, IPADDRESS 34.199.186.86"}}}
Headers-->keep-alive
Headers-->2860
Headers-->application/json, text/plain, */*
Headers-->http://enroll.ng.unicityqa.com
Headers-->en-CA
]]></system-out>
    <system-err><![CDATA[Starting ChromeDriver 2.36.540470 (e522d04694c7ebea4ba8821272dbef4f9b818c91) on port 18690
Only local connections are allowed.
Jan 07, 2020 2:13:41 PM org.openqa.selenium.remote.ProtocolHandshake createSession
INFO: Detected dialect: OSS
]]></system-err>
  </testcase>
  <testcase name="Enroll" classname="Tests.FranchisePartner" time="206.669">
    <failure message="Major Market expected [CA] but found [null]" type="java.lang.AssertionError">java.lang.AssertionError: Major Market expected [CA] but found [null]
	at Tests.FranchisePartner.Enroll(FranchisePartner.java:265)
</failure>
    <system-out><![CDATA[Request URL: https://hydraqa.unicity.net/v5a-test/quotes?&expand=item
Entry Quotes response : {"items":[{"currency":"CAD","lines":{"items":[{"item":{"href":"https:\/\/hydraqa.unicity.net\/v5a-test\/items\/fe97499574f54ccd16daec7361208411","id":{"unicity":"26570"}},"terms":{"priceEach":"22.0000","pvEach":"12.0000"},"quantity":1}]}},{"currency":"CAD","lines":{"items":[{"item":{"href":"https:\/\/hydraqa.unicity.net\/v5a-test\/items\/e0ecfe600e70e49a801d7b3227dfd3f0","id":{"unicity":"13668"}},"terms":{"priceEach":"27.0000","pvEach":"16.0000"},"quantity":1}]}},{"currency":"CAD","lines":{"items":[{"item":{"href":"https:\/\/hydraqa.unicity.net\/v5a-test\/items\/efaf2f6ae6aca83f6a3f88993fa84375","id":{"unicity":"32152"}},"terms":{"priceEach":"148.0000","pvEach":"93.0000"},"quantity":1}]}},{"currency":"CAD","lines":{"items":[{"item":{"href":"https:\/\/hydraqa.unicity.net\/v5a-test\/items\/9666510b53026f2d730c43746482be9c","id":{"unicity":"31849"}},"terms":{"priceEach":"172.0000","pvEach":"85.0000"},"quantity":1}]}},{"currency":"CAD","lines":{"items":[{"item":{"href":"https:\/\/hydraqa.unicity.net\/v5a-test\/items\/42d7ab6b9834716f6ebdd66f1a86d7b1","id":{"unicity":"30980"}},"terms":{"priceEach":"20.0000","pvEach":"8.0000"},"quantity":1}]}},{"currency":"CAD","lines":{"items":[{"item":{"href":"https:\/\/hydraqa.unicity.net\/v5a-test\/items\/f847ce37f5942a226f74e671c86709f8","id":{"unicity":"28787"}},"terms":{"priceEach":"32.0000","pvEach":"16.0000"},"quantity":1}]}},{"currency":"CAD","lines":{"items":[{"item":{"href":"https:\/\/hydraqa.unicity.net\/v5a-test\/items\/0a1fb94492eea4f737d55332ef8479d5","id":{"unicity":"27589"}},"terms":{"priceEach":"1100.0000","pvEach":"250.0000"},"quantity":1}]}},{"currency":"CAD","lines":{"items":[{"item":{"href":"https:\/\/hydraqa.unicity.net\/v5a-test\/items\/581848fdf2bd6cdafbedf9735f46eb17","id":{"unicity":"27182"}},"terms":{"priceEach":"1755.0000","pvEach":"1000.0000"},"quantity":1}]}},{"currency":"CAD","lines":{"items":[{"item":{"href":"https:\/\/hydraqa.unicity.net\/v5a-test\/items\/5e53a07a3c37f90fa4fbb21b19b06cac","id":{"unicity":"27184"}},"terms":{"priceEach":"1755.0000","pvEach":"1000.0000"},"quantity":1}]}},{"currency":"CAD","lines":{"items":[{"item":{"href":"https:\/\/hydraqa.unicity.net\/v5a-test\/items\/1945faa1776541d53120ecfe3c1d8a2b","id":{"unicity":"24418"}},"terms":{"priceEach":"5.0000","pvEach":"0.0000"},"quantity":1}]}},{"currency":"CAD","lines":{"items":[{"item":{"href":"https:\/\/hydraqa.unicity.net\/v5a-test\/items\/828f9b5bdbceaa7cd3ca6a4532632635","id":{"unicity":"19356"}},"terms":{"priceEach":"36.0000","pvEach":"21.0000"},"quantity":1}]}},{"currency":"CAD","lines":{"items":[{"item":{"href":"https:\/\/hydraqa.unicity.net\/v5a-test\/items\/1b0412bea8c0b841c66f65a36aa14108","id":{"unicity":"29191"}},"terms":{"priceEach":"83.0000","pvEach":"36.0000"},"quantity":1}]}},{"currency":"CAD","lines":{"items":[{"item":{"href":"https:\/\/hydraqa.unicity.net\/v5a-test\/items\/cb1cb2d293cc48affee9b2026c31313a","id":{"unicity":"28928"}},"terms":{"priceEach":"40.0000","pvEach":"12.0000"},"quantity":1}]}},{"currency":"CAD","lines":{"items":[{"item":{"href":"https:\/\/hydraqa.unicity.net\/v5a-test\/items\/2ffc1563d3d0fd7121ca5b1c2184988e","id":{"unicity":"28428"}},"terms":{"priceEach":"94.0000","pvEach":"58.0000"},"quantity":1}]}},{"currency":"CAD","lines":{"items":[{"item":{"href":"https:\/\/hydraqa.unicity.net\/v5a-test\/items\/637af131553f5822bef2bb0f0577b2e9","id":{"unicity":"28160"}},"terms":{"priceEach":"100.0000","pvEach":"58.0000"},"quantity":1}]}},{"currency":"CAD","lines":{"items":[{"item":{"href":"https:\/\/hydraqa.unicity.net\/v5a-test\/items\/6e0e7450f45cb9412e5b4642dd1469cb","id":{"unicity":"26579"}},"terms":{"priceEach":"21.0000","pvEach":"13.0000"},"quantity":1}]}},{"currency":"CAD","lines":{"items":[{"item":{"href":"https:\/\/hydraqa.unicity.net\/v5a-test\/items\/25903b9f5822fe7addc90c0561021374","id":{"unicity":"30136"}},"terms":{"priceEach":"293.0000","pvEach":"133.0000"},"quantity":1}]}},{"currency":"CAD","lines":{"items":[{"item":{"href":"https:\/\/hydraqa.unicity.net\/v5a-test\/items\/6b12c1e4bef067dceb5ac0ed8c54420d","id":{"unicity":"28096"}},"terms":{"priceEach":"23.0000","pvEach":"10.0000"},"quantity":1}]}},{"currency":"CAD","lines":{"items":[{"item":{"href":"https:\/\/hydraqa.unicity.net\/v5a-test\/items\/cfc721c9fb00317ed614492f65f21460","id":{"unicity":"31288"}},"terms":{"priceEach":"49.0000","pvEach":"28.0000"},"quantity":1}]}},{"currency":"CAD","lines":{"items":[{"item":{"href":"https:\/\/hydraqa.unicity.net\/v5a-test\/items\/dd619e405d660b27ccf73ce78079e1d9","id":{"unicity":"28325"}},"terms":{"priceEach":"1755.0000","pvEach":"1000.0000"},"quantity":1}]}},{"currency":"CAD","lines":{"items":[{"item":{"href":"https:\/\/hydraqa.unicity.net\/v5a-test\/items\/1785a19a6bf5472c7c1ded08cb7fd083","id":{"unicity":"28326"}},"terms":{"priceEach":"1755.0000","pvEach":"1000.0000"},"quantity":1}]}},{"currency":"CAD","lines":{"items":[{"item":{"href":"https:\/\/hydraqa.unicity.net\/v5a-test\/items\/351c19047c5c800d2db6963b3af5df78","id":{"unicity":"27080"}},"terms":{"priceEach":"58.0000","pvEach":"35.0000"},"quantity":1}]}},{"currency":"CAD","lines":{"items":[{"item":{"href":"https:\/\/hydraqa.unicity.net\/v5a-test\/items\/49ed55a5244d9db9d1c2bb3878c2bbca","id":{"unicity":"28332"}},"terms":{"priceEach":"233.0000","pvEach":"125.0000"},"quantity":1}]}},{"currency":"CAD","lines":{"items":[{"item":{"href":"https:\/\/hydraqa.unicity.net\/v5a-test\/items\/ddcf0342f92e04ba74188c2f32df425f","id":{"unicity":"26996"}},"terms":{"priceEach":"233.0000","pvEach":"125.0000"},"quantity":1}]}},{"currency":"CAD","lines":{"items":[{"item":{"href":"https:\/\/hydraqa.unicity.net\/v5a-test\/items\/4b1b6b6007d154296fd6c4044c789f67","id":{"unicity":"28329"}},"terms":{"priceEach":"233.0000","pvEach":"125.0000"},"quantity":1}]}},{"currency":"CAD","lines":{"items":[{"item":{"href":"https:\/\/hydraqa.unicity.net\/v5a-test\/items\/bb1a7c3a2902e2cbc4cb2a22fdf1f499","id":{"unicity":"26993"}},"terms":{"priceEach":"233.0000","pvEach":"125.0000"},"quantity":1}]}},{"currency":"CAD","lines":{"items":[{"item":{"href":"https:\/\/hydraqa.unicity.net\/v5a-test\/items\/ae14f4659032c9e8591a7ac76abd1ad5","id":{"unicity":"26569"}},"terms":{"priceEach":"42.0000","pvEach":"28.0000"},"quantity":1}]}},{"currency":"CAD","lines":{"items":[{"item":{"href":"https:\/\/hydraqa.unicity.net\/v5a-test\/items\/702718a42df24a0c9435af2fdc464748","id":{"unicity":"27400"}},"terms":{"priceEach":"46.0000","pvEach":"30.0000"},"quantity":1}]}},{"currency":"CAD","lines":{"items":[{"item":{"href":"https:\/\/hydraqa.unicity.net\/v5a-test\/items\/8407b62b9c4120aa3dfe25c9feb76e4a","id":{"unicity":"28591"}},"terms":{"priceEach":"21.0000","pvEach":"15.0000"},"quantity":1}]}},{"currency":"CAD","lines":{"items":[{"item":{"href":"https:\/\/hydraqa.unicity.net\/v5a-test\/items\/991cdbb84a495779eb209fb3956a77e4","id":{"unicity":"29183"}},"terms":{"priceEach":"55.0000","pvEach":"24.0000"},"quantity":1}]}},{"currency":"CAD","lines":{"items":[{"item":{"href":"https:\/\/hydraqa.unicity.net\/v5a-test\/items\/c4744f6ba328b983bfffc7e1e4416ff3","id":{"unicity":"26565"}},"terms":{"priceEach":"99.0000","pvEach":"60.0000"},"quantity":1}]}},{"currency":"CAD","lines":{"items":[{"item":{"href":"https:\/\/hydraqa.unicity.net\/v5a-test\/items\/10da226fab00279b4f89df10af2a10b7","id":{"unicity":"26442"}},"terms":{"priceEach":"8.0000","pvEach":"0.0000"},"quantity":1}]}},{"currency":"CAD","lines":{"items":[{"item":{"href":"https:\/\/hydraqa.unicity.net\/v5a-test\/items\/576e0ebc8d1f5b26fc89bf3cd47a26c6","id":{"unicity":"26572"}},"terms":{"priceEach":"96.0000","pvEach":"56.0000"},"quantity":1}]}},{"currency":"CAD","lines":{"items":[{"item":{"href":"https:\/\/hydraqa.unicity.net\/v5a-test\/items\/60b5ca15c481444657970edde11b04ce","id":{"unicity":"26571"}},"terms":{"priceEach":"96.0000","pvEach":"56.0000"},"quantity":1}]}},{"currency":"CAD","lines":{"items":[{"item":{"href":"https:\/\/hydraqa.unicity.net\/v5a-test\/items\/e77144fa2fcf6a4dc73c15b4d615c1aa","id":{"unicity":"28437"}},"terms":{"priceEach":"74.0000","pvEach":"33.0000"},"quantity":1}]}},{"currency":"CAD","lines":{"items":[{"item":{"href":"https:\/\/hydraqa.unicity.net\/v5a-test\/items\/b24413d1812bb9c95ba6ff7e26bad8ff","id":{"unicity":"26566"}},"terms":{"priceEach":"45.0000","pvEach":"30.0000"},"quantity":1}]}},{"currency":"CAD","lines":{"items":[{"item":{"href":"https:\/\/hydraqa.unicity.net\/v5a-test\/items\/46ea1edabdcf18f49817c437346958eb","id":{"unicity":"29147"}},"terms":{"priceEach":"74.0000","pvEach":"33.0000"},"quantity":1}]}},{"currency":"CAD","lines":{"items":[{"item":{"href":"https:\/\/hydraqa.unicity.net\/v5a-test\/items\/3ddd31ddbe0e5807756d2488e7cc3602","id":{"unicity":"31440"}},"terms":{"priceEach":"40.0000","pvEach":"0.0000"},"quantity":1}]}},{"currency":"CAD","lines":{"items":[{"item":{"href":"https:\/\/hydraqa.unicity.net\/v5a-test\/items\/5990c3ea5f48eb212ab30fd557f75397","id":{"unicity":"31442"}},"terms":{"priceEach":"40.0000","pvEach":"0.0000"},"quantity":1}]}},{"currency":"CAD","lines":{"items":[{"item":{"href":"https:\/\/hydraqa.unicity.net\/v5a-test\/items\/91a6016282310b83203d0bb7bea14a0f","id":{"unicity":"29050"}},"terms":{"priceEach":"15.0000","pvEach":"0.0000"},"quantity":1}]}},{"currency":"CAD","lines":{"items":[{"item":{"href":"https:\/\/hydraqa.unicity.net\/v5a-test\/items\/5c430db0256426c4b730bc6994a94a02","id":{"unicity":"31773"}},"terms":{"priceEach":"30.0000","pvEach":"13.0000"},"quantity":1}]}},{"currency":"CAD","lines":{"items":[{"item":{"href":"https:\/\/hydraqa.unicity.net\/v5a-test\/items\/e84750c27b2b9f10e6b4d2ab5a1954ba","id":{"unicity":"30115"}},"terms":{"priceEach":"107.0000","pvEach":"52.0000"},"quantity":1}]}},{"currency":"CAD","lines":{"items":[{"item":{"href":"https:\/\/hydraqa.unicity.net\/v5a-test\/items\/a40ede5f6847ec094ad8a38616ced7d0","id":{"unicity":"28100"}},"terms":{"priceEach":"38.0000","pvEach":"23.0000"},"quantity":1}]}},{"currency":"CAD","lines":{"items":[{"item":{"href":"https:\/\/hydraqa.unicity.net\/v5a-test\/items\/a63a83ed3bc6d32294984def2cf859be","id":{"unicity":"28845"}},"terms":{"priceEach":"26.0000","pvEach":"19.0000"},"quantity":1}]}}]}
Entry request : {"order":{"customer":{"href":"https://hydraqa.unicity.net/v5a-test/customers?type=Associate"},"shipToAddress":{"country":"CA"}},"vary":{"lines":{"items":[{"item":{"href":"https://hydraqa.unicity.net/v5a-test/items?id.unicity=26993|31440|31442|27182|27184|28325|28327|26994|26995|26996|28330|28331|28332|26572|27400|24418|29147|28437|28591|26580|26442|28370|28096|26571|29050|28326|28328|28329|28428|28160|26574|26565|26570|26569|27589|27080|13668|28787|26566|26579|19356|28928|20436|28100|28845|29183|29185|29191|30115|30980|31110|31773|31288|32152|30136|31849"}}]}}}
Request URL: https://hydraqa.unicity.net/v5a-test/customers.js?callback=angular.callbacks._1&expand=customer,profilePicture&id.unicity=36554001
Request URL: https://hydraqa.unicity.net/v5a-test/customers.js?_httpMethod=HEAD&callback=angular.callbacks._7&email=LNNSEY@gmail.com
Request URL: https://hydraqa.unicity.net/v5a-test/shippingmethods.js?callback=angular.callbacks._a&destination=CA&market=CA
Request URL: https://hydraqa.unicity.net/v5a-test/addresses?country=CA&zip=B4V2K4
Entry response : {"items":[{"city":"Bridgewater","state":"NS"}]}
{sponsor=36554001, gender=male, city=BRIDGEWATER, signature=TestSignature, cartprice=300.0, enroller=36554001, responsedob=1991-12-12, arpack=Prime Health Pack - Cholesterol/Energy/Vanilla, language=Français, locale=fr, type=Associate, coapplicanttype=Spouse, platform=QA, lname=TestLastName, password=Unicity, genderoption=Homme, Currency=USD, api=7, state=[NS], email=LNNSEY@gmail.com, coapplicant=TestSpouseName, zip=B4V2K4, fname=TestFirstName, prefferd=Canada, address2=Address 2, address1=Address 1, shippingmethod=type=UPS Ground, version=v5a-test/, testcase=normal, market=Canada, aritemcode=26993, martial=Married, phone=9823746323, dob=12/12/1991, proto=https://hydraqa.unicity.net/, marketcode=CA, maritaloption=Marié, ccname=CCNameTest}
Request URL: https://hydraqa.unicity.net/v5a-test/orders.js
Entry request : {"customer":{"mainAddress":{"city":"BRIDGEWATER","country":"CA","state":"NS","zip":"B4V2K4","address1":"Address 1","address2":"Address 2"},"humanName":{"firstName":"TestFirstName","lastName":"TestLastName"},"email":"LNNSEY@gmail.com","preferredLocale":"fr-CA","password":{"value":"Unicity"},"gender":"male","maritalStatus":"Married","type":"Associate","creditcardaliases":[{"methodDetails":{"creditCardNumber":"4111111111111111","payer":"TestFirstName TestLastName","creditCardExpires":"2020-10"},"billToName":{"firstName":"TestFirstName","lastName":"TestLastName"},"billToAddress":{"address1":"Address 1","address2":"Address 2","city":"BRIDGEWATER","state":"NS","zip":"B4V2K4","country":"CA"}}],"sponsor":{"href":"https://hydraqa.unicity.net/v5a-test/customers?id.unicity=36554001"},"enroller":{"href":"https://hydraqa.unicity.net/v5a-test/customers?id.unicity=36554001"},"homePhone":"9823746323","birthDate":"1991-12-12","autoorders":{"items":[{"recurrence":{"schedule":{"month":"*","dayOfMonth":"5"},"status":"Enabled"},"lines":{"items":[{"item":{"href":"https://hydraqa.unicity.net/v5a-test/items?id.unicity=26993"},"quantity":1}]},"shipToName":{"firstName":"TestFirstName","lastName":"TestLastName"},"shipToPhone":"9823746323","shipToEmail":"LNNSEY@gmail.com","shipToAddress":{"city":"BRIDGEWATER","country":"CA","state":"NS","address1":"Address 1","address2":"Address 2","zip":"B4V2K4"},"shippingMethod":{"href":"https://hydraqa.unicity.net/v5a-test/shippingmethods?type=UPS Ground"},"transactions":{"items":[{"amount":"this.terms.total","type":"AuthorizeAndCapture","method":"CreditCardAlias","methodDetails":{"alias":"this.customer.creditcardaliases[0].alias"}}]}}]},"coapplicant":{"type":"Spouse","details":{"humanName":{"firstName":"TestSpouseName","lastName":""}}},"rights":[],"signature":{"value":"TestSignature"}},"lines":{"items":[{"item":{"href":"https://hydraqa.unicity.net/v5a-test/items?id.unicity=13668"},"quantity":1},{"item":{"href":"https://hydraqa.unicity.net/v5a-test/items?id.unicity=28332"},"quantity":1},{"item":{"href":"https://hydraqa.unicity.net/v5a-test/items?id.unicity=31442"},"quantity":1}]},"shipToName":{"firstName":"TestFirstName","lastName":"TestLastName"},"shipToPhone":"9823746323","shipToEmail":"LNNSEY@gmail.com","shipToAddress":{"city":"BRIDGEWATER","country":"CA","state":"NS","address1":"Address 1","address2":"Address 2","zip":"B4V2K4"},"shippingMethod":{"href":"https://hydraqa.unicity.net/v5a-test/shippingmethods?type=UPS Ground"},"notes":"","transactions":{"items":[{"amount":"this.terms.total","type":"AuthorizeAndCapture","method":"CreditCard","methodDetails":{"creditCardNumber":"4111111111111111","payer":"CCNameTest","creditCardExpires":"2020-10","creditCardSecurityCode":"123"},"billToAddress":{"address1":"Address 1","address2":"Address 2","city":"BRIDGEWATER","state":"NS","zip":"B4V2K4","country":"CA"}},{"type":"AuthorizeAndCapture","method":"Coupon","methodDetails":{"code":"Fre3Aut0Sh!p"}}]}}
Entry response : {"meta":{"Link":"<http:\/\/unicity.github.io\/Hydra.php\/docs\/v5\/>; rel=\"help\"","X-Request-UUID":"41a22258-5a86-464a-af6d-91977750f37f","X-Request-Release":"5-2020010602\/master","Cache-Control":"no-cache, must-revalidate","Expires":"0","X-Powered-By":"Luracast Restler v3.0.0rc5","Content-Type":"text\/javascript; charset=utf-8","Content-Language":"en","X-Status-Code":"402"},"data":{"error":{"code":402,"message":"Payment Required","error_code":"3009","error_message":"Could not authorize and capture credit card payment. Error#R9D4T","upstream_error_message":"ACTION 130 IS NOT ALLOWED FOR MERCHANT 8270, IPADDRESS 34.199.186.86"}}}
Headers-->keep-alive
Headers-->2954
Headers-->application/json, text/plain, */*
Headers-->http://enroll.ng.unicityqa.com
Headers-->fr-CA
]]></system-out>
    <system-err><![CDATA[Starting ChromeDriver 2.36.540470 (e522d04694c7ebea4ba8821272dbef4f9b818c91) on port 7973
Only local connections are allowed.
Jan 07, 2020 2:17:12 PM org.openqa.selenium.remote.ProtocolHandshake createSession
INFO: Detected dialect: OSS
]]></system-err>
  </testcase>
  <testcase name="Enroll" classname="Tests.FranchisePartner" time="212.129">
    <failure message="Major zip code expected [null] but found []" type="java.lang.AssertionError">java.lang.AssertionError: Major zip code expected [null] but found []
	at Tests.FranchisePartner.Enroll(FranchisePartner.java:265)
</failure>
    <system-out><![CDATA[Request URL: https://hydraqa.unicity.net/v5a-test/customers.js?_httpMethod=HEAD&callback=angular.callbacks._8&email=NUCQVE@gmail.com
{sponsor=36554001, gender=male, city=TestCity, signature=TestSignature, cartprice=278.0, enroller=36554001, responsedob=1990-01-10, language=Español, locale=es, type=Associate, coapplicanttype=Spouse, platform=QA, lname=TestLastName, password=Unicity, genderoption=Masculino, Currency=USD, api=8, email=NUCQVE@gmail.com, coapplicant=TestSpouseName, fname=TestFirstName, prefferd=Colombia, address2=Address 2, address1=Address 1, shippingmethod=type=WillCall&location=Bogota, Recoger, version=v5a-test/, testcase=normal, market=Colombia, martial=Single, phone=9823746323, dob=10/01/1990, govid=835488569, proto=https://hydraqa.unicity.net/, marketcode=CO, maritaloption=Soltero, ccname=CCNameTest}
Request URL: https://hydraqa.unicity.net/v5a-test/orders.js
Entry request : {"customer":{"mainAddress":{"city":"TestCity","country":"CO","state":"AMA","zip":"","address1":"Address 1","address2":"Address 2"},"humanName":{"firstName":"TestFirstName","lastName":"TestLastName"},"email":"NUCQVE@gmail.com","preferredLocale":"es-CO","password":{"value":"Unicity"},"gender":"male","maritalStatus":"Single","type":"Associate","sponsor":{"href":"https://hydraqa.unicity.net/v5a-test/customers?id.unicity=36554001"},"enroller":{"href":"https://hydraqa.unicity.net/v5a-test/customers?id.unicity=36554001"},"homePhone":"9823746323","birthDate":"1990-01-10","coapplicant":{"type":"Spouse","details":{"humanName":{"firstName":"TestSpouseName","lastName":""}}},"rights":[],"signature":{"value":"TestSignature"},"taxTerms":{"taxId":"835488569","taxIdExpires":"2025-12-30"}},"lines":{"items":[{"item":{"href":"https://hydraqa.unicity.net/v5a-test/items?id.unicity=28228"},"quantity":1},{"item":{"href":"https://hydraqa.unicity.net/v5a-test/items?id.unicity=31441"},"quantity":1}]},"shipToName":{"firstName":"TestFirstName","lastName":"TestLastName"},"shipToPhone":"9823746323","shipToEmail":"NUCQVE@gmail.com","shipToAddress":{"city":"TestCity","country":"CO","state":"AMA","address1":"Address 1","address2":"Address 2","zip":""},"shippingMethod":{"href":"https://hydraqa.unicity.net/v5a-test/shippingmethods?type=WillCall&location=Bogota, Recoger"},"notes":"","transactions":{"items":[{"amount":"this.terms.total","type":"AuthorizeAndCapture","method":"CreditCard","methodDetails":{"creditCardNumber":"4111111111111111","payer":"CCNameTest","creditCardExpires":"2020-10","creditCardSecurityCode":"123"}}]}}
Entry response : {"meta":{"Link":"<http:\/\/unicity.github.io\/Hydra.php\/docs\/v5\/>; rel=\"help\"","X-Request-UUID":"692a981b-13c9-41f5-97e0-85811fe5d499","X-Request-Release":"5-2020010602\/master","Cache-Control":"no-cache, must-revalidate","Expires":"0","X-Powered-By":"Luracast Restler v3.0.0rc5","Content-Type":"text\/javascript; charset=utf-8","Content-Language":"en","X-Status-Code":"402"},"data":{"error":{"code":402,"message":"Payment Required","error_code":"3009","error_message":"Could not authorize and capture credit card payment. Error#X7X3X"}}}
Headers-->keep-alive
Headers-->1615
Headers-->application/json, text/plain, */*
Headers-->http://enroll.ng.unicityqa.com
Headers-->es-CO
]]></system-out>
    <system-err><![CDATA[Starting ChromeDriver 2.36.540470 (e522d04694c7ebea4ba8821272dbef4f9b818c91) on port 36164
Only local connections are allowed.
Jan 07, 2020 2:20:46 PM org.openqa.selenium.remote.ProtocolHandshake createSession
INFO: Detected dialect: OSS
]]></system-err>
  </testcase>
  <testcase name="Enroll" classname="Tests.FranchisePartner" time="309.373">
    <failure message="Major Market expected [DK] but found [null]" type="java.lang.AssertionError">java.lang.AssertionError: Major Market expected [DK] but found [null]
	at Tests.FranchisePartner.Enroll(FranchisePartner.java:265)
</failure>
    <system-out><![CDATA[Request URL: https://hydraqa.unicity.net/v5a-test/quotes?&expand=item
Entry Quotes response : {"items":[{"lines":{"items":[{"item":{"href":"https:\/\/hydraqa.unicity.net\/v5a-test\/items\/d92292ba2f23c030e4a1f63eb3ebe1ce","id":{"unicity":"27158"},"weightEach":{"value":0},"servingsPerContainer":0,"servingSize":0},"quantity":"1","terms":{"priceEach":"27.94","taxEach":{"amount":"2.51"},"discountEach":{"amount":"0"},"pvEach":"23"}}]},"currency":"EUR"},{"lines":{"items":[{"item":{"href":"https:\/\/hydraqa.unicity.net\/v5a-test\/items\/6447f84f6ef7782049a369b983428bb7","id":{"unicity":"31336"},"weightEach":{"value":0},"servingsPerContainer":0,"servingSize":0},"quantity":"1","terms":{"priceEach":"224.21","taxEach":{"amount":"20.18"},"discountEach":{"amount":"0"},"pvEach":"165"}}]},"currency":"EUR"},{"lines":{"items":[{"item":{"href":"https:\/\/hydraqa.unicity.net\/v5a-test\/items\/31cb0679f65df8fa9a4fc3d7e38b72b3","id":{"unicity":"31763"},"weightEach":{"value":0},"servingsPerContainer":0,"servingSize":0},"quantity":"1","terms":{"priceEach":"243.3","taxEach":{"amount":"21.9"},"discountEach":{"amount":"0"},"pvEach":"181"}}]},"currency":"EUR"},{"lines":{"items":[{"item":{"href":"https:\/\/hydraqa.unicity.net\/v5a-test\/items\/e9991b48ac639367d526d2b9b22fac8c","id":{"unicity":"32128"},"weightEach":{"value":0},"servingsPerContainer":0,"servingSize":0},"quantity":"1","terms":{"priceEach":"371.87","taxEach":{"amount":"33.47"},"discountEach":{"amount":"0"},"pvEach":"253"}}]},"currency":"EUR"},{"lines":{"items":[{"item":{"href":"https:\/\/hydraqa.unicity.net\/v5a-test\/items\/40b3312de189221d96d838d33a8ec49d","id":{"unicity":"32129"},"weightEach":{"value":0},"servingsPerContainer":0,"servingSize":0},"quantity":"1","terms":{"priceEach":"371.87","taxEach":{"amount":"33.47"},"discountEach":{"amount":"0"},"pvEach":"254"}}]},"currency":"EUR"},{"lines":{"items":[{"item":{"href":"https:\/\/hydraqa.unicity.net\/v5a-test\/items\/6bd168a66ce41003a8f30917deff5808","id":{"unicity":"32130"},"weightEach":{"value":0},"servingsPerContainer":0,"servingSize":0},"quantity":"1","terms":{"priceEach":"363.46","taxEach":{"amount":"32.71"},"discountEach":{"amount":"0"},"pvEach":"252"}}]},"currency":"EUR"},{"lines":{"items":[{"item":{"href":"https:\/\/hydraqa.unicity.net\/v5a-test\/items\/806f99b793edd7cd0b1c158ba0eb3142","id":{"unicity":"32132"},"weightEach":{"value":0},"servingsPerContainer":0,"servingSize":0},"quantity":"1","terms":{"priceEach":"355.98","taxEach":{"amount":"32.04"},"discountEach":{"amount":"0"},"pvEach":"253"}}]},"currency":"EUR"},{"lines":{"items":[{"item":{"href":"https:\/\/hydraqa.unicity.net\/v5a-test\/items\/e3d382d99fde8659cb146b54116e7654","id":{"unicity":"32133"},"weightEach":{"value":0},"servingsPerContainer":0,"servingSize":0},"quantity":"1","terms":{"priceEach":"364.39","taxEach":{"amount":"32.8"},"discountEach":{"amount":"0"},"pvEach":"252"}}]},"currency":"EUR"},{"lines":{"items":[{"item":{"href":"https:\/\/hydraqa.unicity.net\/v5a-test\/items\/022f109fe6e5eae3e521295a5cb94c60","id":{"unicity":"32134"},"weightEach":{"value":0},"servingsPerContainer":0,"servingSize":0},"quantity":"1","terms":{"priceEach":"144.77","taxEach":{"amount":"13.03"},"discountEach":{"amount":"0"},"pvEach":"101"}}]},"currency":"EUR"},{"lines":{"items":[{"item":{"href":"https:\/\/hydraqa.unicity.net\/v5a-test\/items\/ded00960d5e948dd8e511a9c752e1ff9","id":{"unicity":"32135"},"weightEach":{"value":0},"servingsPerContainer":0,"servingSize":0},"quantity":"1","terms":{"priceEach":"154.11","taxEach":{"amount":"13.87"},"discountEach":{"amount":"0"},"pvEach":"113"}}]},"currency":"EUR"},{"lines":{"items":[{"item":{"href":"https:\/\/hydraqa.unicity.net\/v5a-test\/items\/d8736cc35cf9f4734fd76da71c53dc05","id":{"unicity":"32136"},"weightEach":{"value":0},"servingsPerContainer":0,"servingSize":0},"quantity":"1","terms":{"priceEach":"141.96","taxEach":{"amount":"12.78"},"discountEach":{"amount":"0"},"pvEach":"102"}}]},"currency":"EUR"},{"lines":{"items":[{"item":{"href":"https:\/\/hydraqa.unicity.net\/v5a-test\/items\/166a69d45c4ae40278554e24d5f40443","id":{"unicity":"32137"},"weightEach":{"value":0},"servingsPerContainer":0,"servingSize":0},"quantity":"1","terms":{"priceEach":"168.13","taxEach":{"amount":"15.13"},"discountEach":{"amount":"0"},"pvEach":"118"}}]},"currency":"EUR"},{"lines":{"items":[{"item":{"href":"https:\/\/hydraqa.unicity.net\/v5a-test\/items\/d04a0b8762b20202b6273114fb7302d1","id":{"unicity":"32138"},"weightEach":{"value":0},"servingsPerContainer":0,"servingSize":0},"quantity":"1","terms":{"priceEach":"224.21","taxEach":{"amount":"20.18"},"discountEach":{"amount":"0"},"pvEach":"152"}}]},"currency":"EUR"},{"lines":{"items":[{"item":{"href":"https:\/\/hydraqa.unicity.net\/v5a-test\/items\/e13d0b5c40704ad5dd186959367c97f1","id":{"unicity":"32125"},"weightEach":{"value":0},"servingsPerContainer":0,"servingSize":0},"quantity":"1","terms":{"priceEach":"373.74","taxEach":{"amount":"33.64"},"discountEach":{"amount":"0"},"pvEach":"250"}}]},"currency":"EUR"},{"lines":{"items":[{"item":{"href":"https:\/\/hydraqa.unicity.net\/v5a-test\/items\/c451532f63a06f0e9a054e946a1a1c3b","id":{"unicity":"18511"},"weightEach":{"value":0},"servingsPerContainer":0,"servingSize":0},"quantity":"1","terms":{"priceEach":"37.29","taxEach":{"amount":"3.36"},"discountEach":{"amount":"0"},"pvEach":"23"}}]},"currency":"EUR"},{"lines":{"items":[{"item":{"href":"https:\/\/hydraqa.unicity.net\/v5a-test\/items\/9752a919e28f96747163918165b46f23","id":{"unicity":"19941"},"weightEach":{"value":558},"servingsPerContainer":15,"servingSize":0},"quantity":"1","terms":{"priceEach":"32.62","taxEach":{"amount":"2.94"},"discountEach":{"amount":"0"},"pvEach":"20"}}]},"currency":"EUR"},{"lines":{"items":[{"item":{"href":"https:\/\/hydraqa.unicity.net\/v5a-test\/items\/65589269f4976d30f5c80a675b83db43","id":{"unicity":"22178"},"weightEach":{"value":0},"servingsPerContainer":0,"servingSize":0},"quantity":"1","terms":{"priceEach":"37.29","taxEach":{"amount":"3.36"},"discountEach":{"amount":"0"},"pvEach":"23"}}]},"currency":"EUR"},{"lines":{"items":[{"item":{"href":"https:\/\/hydraqa.unicity.net\/v5a-test\/items\/4e49c95f12ae7be78e5ffab68b8b3ca6","id":{"unicity":"26422"},"weightEach":{"value":0},"servingsPerContainer":0,"servingSize":0},"quantity":"1","terms":{"priceEach":"19","taxEach":{"amount":"1.71"},"discountEach":{"amount":"0"},"pvEach":"16"}}]},"currency":"EUR"},{"lines":{"items":[{"item":{"href":"https:\/\/hydraqa.unicity.net\/v5a-test\/items\/50e73ecfa509ac20c4a250f9cb32fdfc","id":{"unicity":"27156"},"weightEach":{"value":0},"servingsPerContainer":0,"servingSize":0},"quantity":"1","terms":{"priceEach":"20.47","taxEach":{"amount":"1.84"},"discountEach":{"amount":"0"},"pvEach":"13"}}]},"currency":"EUR"},{"lines":{"items":[{"item":{"href":"https:\/\/hydraqa.unicity.net\/v5a-test\/items\/0d3b8d4f7c4d4082db1b4ecffb6693fb","id":{"unicity":"27160"},"weightEach":{"value":0},"servingsPerContainer":0,"servingSize":0},"quantity":"1","terms":{"priceEach":"74.67","taxEach":{"amount":"6.72"},"discountEach":{"amount":"0"},"pvEach":"53"}}]},"currency":"EUR"},{"lines":{"items":[{"item":{"href":"https:\/\/hydraqa.unicity.net\/v5a-test\/items\/ac37bf51ff7e4fe860da8457f6ce0425","id":{"unicity":"27166"},"weightEach":{"value":0},"servingsPerContainer":0,"servingSize":0},"quantity":"1","terms":{"priceEach":"74.67","taxEach":{"amount":"6.72"},"discountEach":{"amount":"0"},"pvEach":"54"}}]},"currency":"EUR"},{"lines":{"items":[{"item":{"href":"https:\/\/hydraqa.unicity.net\/v5a-test\/items\/a7bda1cb4a35343e52791aba56debc4a","id":{"unicity":"27617"},"weightEach":{"value":0},"servingsPerContainer":0,"servingSize":0},"quantity":"1","terms":{"priceEach":"29.81","taxEach":{"amount":"2.68"},"discountEach":{"amount":"0"},"pvEach":"18"}}]},"currency":"EUR"},{"lines":{"items":[{"item":{"href":"https:\/\/hydraqa.unicity.net\/v5a-test\/items\/a36d9fdd0fd7561e6180fb5b2ff27164","id":{"unicity":"27660"},"weightEach":{"value":0},"servingsPerContainer":0,"servingSize":0},"quantity":"1","terms":{"priceEach":"42.9","taxEach":{"amount":"3.86"},"discountEach":{"amount":"0"},"pvEach":"30"}}]},"currency":"EUR"},{"lines":{"items":[{"item":{"href":"https:\/\/hydraqa.unicity.net\/v5a-test\/items\/112b8c39286598b3730f630f371a45f4","id":{"unicity":"27587"},"weightEach":{"value":0},"servingsPerContainer":0,"servingSize":0},"quantity":"1","terms":{"priceEach":"55.98","taxEach":{"amount":"5.04"},"discountEach":{"amount":"0"},"pvEach":"34"}}]},"currency":"EUR"},{"lines":{"items":[{"item":{"href":"https:\/\/hydraqa.unicity.net\/v5a-test\/items\/0c0717a26fcfe40310e906487e8a12f7","id":{"unicity":"28601"},"weightEach":{"value":0},"servingsPerContainer":0,"servingSize":0},"quantity":"1","terms":{"priceEach":"74.67","taxEach":{"amount":"6.72"},"discountEach":{"amount":"0"},"pvEach":"54"}}]},"currency":"EUR"},{"lines":{"items":[{"item":{"href":"https:\/\/hydraqa.unicity.net\/v5a-test\/items\/4790a55c442b5dc75a13b155e78c1842","id":{"unicity":"28604"},"weightEach":{"value":0},"servingsPerContainer":0,"servingSize":0},"quantity":"1","terms":{"priceEach":"74.67","taxEach":{"amount":"6.72"},"discountEach":{"amount":"0"},"pvEach":"54"}}]},"currency":"EUR"},{"lines":{"items":[{"item":{"href":"https:\/\/hydraqa.unicity.net\/v5a-test\/items\/024e696f8b44a1d315006e676604cd31","id":{"unicity":"27395"},"weightEach":{"value":0},"servingsPerContainer":0,"servingSize":0},"quantity":"1","terms":{"priceEach":"29.81","taxEach":{"amount":"2.68"},"discountEach":{"amount":"0"},"pvEach":"18"}}]},"currency":"EUR"},{"lines":{"items":[{"item":{"href":"https:\/\/hydraqa.unicity.net\/v5a-test\/items\/4b2034f47fce90b87bba28c5c2d7c25d","id":{"unicity":"15880"},"weightEach":{"value":0},"servingsPerContainer":0,"servingSize":0},"quantity":"1","terms":{"priceEach":"51.31","taxEach":{"amount":"4.62"},"discountEach":{"amount":"0"},"pvEach":"33"}}]},"currency":"EUR"},{"lines":{"items":[{"item":{"href":"https:\/\/hydraqa.unicity.net\/v5a-test\/items\/398d06b858b960f6f38086d40608aef2","id":{"unicity":"26560"},"weightEach":{"value":0},"servingsPerContainer":0,"servingSize":0},"quantity":"1","terms":{"priceEach":"20.47","taxEach":{"amount":"1.84"},"discountEach":{"amount":"0"},"pvEach":"13"}}]},"currency":"EUR"},{"lines":{"items":[{"item":{"href":"https:\/\/hydraqa.unicity.net\/v5a-test\/items\/e218d1cac5f31e7ae4f5876c29c57377","id":{"unicity":"29017"},"weightEach":{"value":0},"servingsPerContainer":0,"servingSize":0},"quantity":"1","terms":{"priceEach":"37.29","taxEach":{"amount":"3.36"},"discountEach":{"amount":"0"},"pvEach":"23"}}]},"currency":"EUR"},{"lines":{"items":[{"item":{"href":"https:\/\/hydraqa.unicity.net\/v5a-test\/items\/64ec7ad932acafab052a4e8800ad1238","id":{"unicity":"24758"},"weightEach":{"value":0},"servingsPerContainer":0,"servingSize":0},"quantity":"1","terms":{"priceEach":"37.29","taxEach":{"amount":"3.36"},"discountEach":{"amount":"0"},"pvEach":"23"}}]},"currency":"EUR"},{"lines":{"items":[{"item":{"href":"https:\/\/hydraqa.unicity.net\/v5a-test\/items\/2c4c1abe00983e85aaa918d2ce341491","id":{"unicity":"17174"},"weightEach":{"value":0},"servingsPerContainer":0,"servingSize":0},"quantity":"1","terms":{"priceEach":"37.29","taxEach":{"amount":"3.36"},"discountEach":{"amount":"0"},"pvEach":"23"}}]},"currency":"EUR"},{"lines":{"items":[{"item":{"href":"https:\/\/hydraqa.unicity.net\/v5a-test\/items\/db0a2b02eaabc5ad45fe91ba5c7bcf5a","id":{"unicity":"31772"},"weightEach":{"value":0},"servingsPerContainer":0,"servingSize":0},"quantity":"1","terms":{"priceEach":"8.32","taxEach":{"amount":"1.75"},"discountEach":{"amount":"0"},"pvEach":"0"}}]},"currency":"EUR"},{"lines":{"items":[{"item":{"href":"https:\/\/hydraqa.unicity.net\/v5a-test\/items\/2262fdd5af916c31df08089c191735c1","id":{"unicity":"29317"},"weightEach":{"value":0},"servingsPerContainer":0,"servingSize":0},"quantity":"1","terms":{"priceEach":"25.21","taxEach":{"amount":"5.29"},"discountEach":{"amount":"0"},"pvEach":"0"}}]},"currency":"EUR"},{"lines":{"items":[{"item":{"href":"https:\/\/hydraqa.unicity.net\/v5a-test\/items\/217ca02fbd24e21ca5281412756238ab","id":{"unicity":"32126"},"weightEach":{"value":0},"servingsPerContainer":0,"servingSize":0},"quantity":"1","terms":{"priceEach":"152.24","taxEach":{"amount":"14.7"},"discountEach":{"amount":"0"},"pvEach":"101"}}]},"currency":"EUR"},{"lines":{"items":[{"item":{"href":"https:\/\/hydraqa.unicity.net\/v5a-test\/items\/808008a0657d2033ad471c39bbce9891","id":{"unicity":"32127"},"weightEach":{"value":0},"servingsPerContainer":0,"servingSize":0},"quantity":"1","terms":{"priceEach":"162.34","taxEach":{"amount":"15.61"},"discountEach":{"amount":"0"},"pvEach":"113"}}]},"currency":"EUR"},{"lines":{"items":[{"item":{"href":"https:\/\/hydraqa.unicity.net\/v5a-test\/items\/2f1d0aa90494ae2e08035922c701f968","id":{"unicity":"29832"},"weightEach":{"value":0},"servingsPerContainer":0,"servingSize":0},"quantity":"1","terms":{"priceEach":"47.57","taxEach":{"amount":"4.28"},"discountEach":{"amount":"0"},"pvEach":"39"}}]},"currency":"EUR"},{"lines":{"items":[{"item":{"href":"https:\/\/hydraqa.unicity.net\/v5a-test\/items\/10df0fc3509b53cbeaeb9476ca92d520","id":{"unicity":"29833"},"weightEach":{"value":0},"servingsPerContainer":0,"servingSize":0},"quantity":"1","terms":{"priceEach":"90.56","taxEach":{"amount":"8.15"},"discountEach":{"amount":"0"},"pvEach":"69"}}]},"currency":"EUR"},{"lines":{"items":[{"item":{"href":"https:\/\/hydraqa.unicity.net\/v5a-test\/items\/332daeac6796ed016ea8b7d0bc42c2d4","id":{"unicity":"24274"},"weightEach":{"value":0},"servingsPerContainer":0,"servingSize":0},"quantity":"1","terms":{"priceEach":"7.48","taxEach":{"amount":"1.57"},"discountEach":{"amount":"0"},"pvEach":"0"}}]},"currency":"EUR"},{"lines":{"items":[{"item":{"href":"https:\/\/hydraqa.unicity.net\/v5a-test\/items\/1945faa1776541d53120ecfe3c1d8a2b","id":{"unicity":"24418"},"weightEach":{"value":0},"servingsPerContainer":0,"servingSize":0},"quantity":"1","terms":{"priceEach":"4.96","taxEach":{"amount":"1.04"},"discountEach":{"amount":"0"},"pvEach":"0"}}]},"currency":"EUR"},{"lines":{"items":[{"item":{"href":"https:\/\/hydraqa.unicity.net\/v5a-test\/items\/5147f8cfe32548e02fc158d4da9c4d6f","id":{"unicity":"27150"},"weightEach":{"value":0},"servingsPerContainer":0,"servingSize":0},"quantity":"1","terms":{"priceEach":"93.36","taxEach":{"amount":"8.4"},"discountEach":{"amount":"0"},"pvEach":"70"}}]},"currency":"EUR"},{"lines":{"items":[{"item":{"href":"https:\/\/hydraqa.unicity.net\/v5a-test\/items\/03eba2365025ccd85818846a83a16f47","id":{"unicity":"27163"},"weightEach":{"value":0},"servingsPerContainer":0,"servingSize":0},"quantity":"1","terms":{"priceEach":"74.67","taxEach":{"amount":"6.72"},"discountEach":{"amount":"0"},"pvEach":"54"}}]},"currency":"EUR"},{"lines":{"items":[{"item":{"href":"https:\/\/hydraqa.unicity.net\/v5a-test\/items\/7d4ad2792f7056e5f81eb24f118ef737","id":{"unicity":"27575"},"weightEach":{"value":0},"servingsPerContainer":0,"servingSize":0},"quantity":"1","terms":{"priceEach":"55.98","taxEach":{"amount":"5.04"},"discountEach":{"amount":"0"},"pvEach":"34"}}]},"currency":"EUR"},{"lines":{"items":[{"item":{"href":"https:\/\/hydraqa.unicity.net\/v5a-test\/items\/0eebdede5bdb8bf4d71e800b6f3cead1","id":{"unicity":"30825"},"weightEach":{"value":0},"servingsPerContainer":0,"servingSize":0},"quantity":"1","terms":{"priceEach":"37.29","taxEach":{"amount":"3.36"},"discountEach":{"amount":"0"},"pvEach":"23"}}]},"currency":"EUR"},{"lines":{"items":[{"item":{"href":"https:\/\/hydraqa.unicity.net\/v5a-test\/items\/3f2d12d7a0e8551fc99fad3bbe1ba633","id":{"unicity":"26567"},"weightEach":{"value":0},"servingsPerContainer":0,"servingSize":0},"quantity":"1","terms":{"priceEach":"55.98","taxEach":{"amount":"5.04"},"discountEach":{"amount":"0"},"pvEach":"26"}}]},"currency":"EUR"},{"lines":{"items":[{"item":{"href":"https:\/\/hydraqa.unicity.net\/v5a-test\/items\/191637167cb3144bd2e8c4615e9ab67e","id":{"unicity":"26568"},"weightEach":{"value":0},"servingsPerContainer":0,"servingSize":0},"quantity":"1","terms":{"priceEach":"55.98","taxEach":{"amount":"5.04"},"discountEach":{"amount":"0"},"pvEach":"26"}}]},"currency":"EUR"},{"lines":{"items":[{"item":{"href":"https:\/\/hydraqa.unicity.net\/v5a-test\/items\/606f7be753c74dfbfe4b107276775140","id":{"unicity":"29821"},"weightEach":{"value":0},"servingsPerContainer":0,"servingSize":0},"quantity":"1","terms":{"priceEach":"79.35","taxEach":{"amount":"7.14"},"discountEach":{"amount":"0"},"pvEach":"59"}}]},"currency":"EUR"},{"lines":{"items":[{"item":{"href":"https:\/\/hydraqa.unicity.net\/v5a-test\/items\/94939f9be900906d2b47260ccba22a7b","id":{"unicity":"32012"},"weightEach":{"value":0},"servingsPerContainer":0,"servingSize":0},"quantity":"1","terms":{"priceEach":"13.93","taxEach":{"amount":"1.25"},"discountEach":{"amount":"0"},"pvEach":"6"}}]},"currency":"EUR"},{"lines":{"items":[{"item":{"href":"https:\/\/hydraqa.unicity.net\/v5a-test\/items\/991cdbb84a495779eb209fb3956a77e4","id":{"unicity":"29183"},"weightEach":{"value":0},"servingsPerContainer":0,"servingSize":0},"quantity":"1","terms":{"priceEach":"31.01","taxEach":{"amount":"6.51"},"discountEach":{"amount":"0"},"pvEach":"18"}}]},"currency":"EUR"},{"lines":{"items":[{"item":{"href":"https:\/\/hydraqa.unicity.net\/v5a-test\/items\/0e78fbdfebef11cd62f8d2120064ee58","id":{"unicity":"30280"},"weightEach":{"value":0},"servingsPerContainer":0,"servingSize":0},"quantity":"1","terms":{"priceEach":"33.53","taxEach":{"amount":"7.04"},"discountEach":{"amount":"0"},"pvEach":"20"}}]},"currency":"EUR"},{"lines":{"items":[{"item":{"href":"https:\/\/hydraqa.unicity.net\/v5a-test\/items\/beb900429fbb160dbfc3001c14d96df4","id":{"unicity":"29187"},"weightEach":{"value":0},"servingsPerContainer":0,"servingSize":0},"quantity":"1","terms":{"priceEach":"37.73","taxEach":{"amount":"7.92"},"discountEach":{"amount":"0"},"pvEach":"24"}}]},"currency":"EUR"},{"lines":{"items":[{"item":{"href":"https:\/\/hydraqa.unicity.net\/v5a-test\/items\/1b0412bea8c0b841c66f65a36aa14108","id":{"unicity":"29191"},"weightEach":{"value":0},"servingsPerContainer":0,"servingSize":0},"quantity":"1","terms":{"priceEach":"37.73","taxEach":{"amount":"7.92"},"discountEach":{"amount":"0"},"pvEach":"24"}}]},"currency":"EUR"},{"lines":{"items":[{"item":{"href":"https:\/\/hydraqa.unicity.net\/v5a-test\/items\/52c87f74d3b41ed49b0f897b66c2a99b","id":{"unicity":"30684"},"weightEach":{"value":0},"servingsPerContainer":0,"servingSize":0},"quantity":"1","terms":{"priceEach":"37.29","taxEach":{"amount":"3.36"},"discountEach":{"amount":"0"},"pvEach":"23"}}]},"currency":"EUR"},{"lines":{"items":[{"item":{"href":"https:\/\/hydraqa.unicity.net\/v5a-test\/items\/90f38f77c9e6ea5a71aa7377df83760b","id":{"unicity":"30198"},"weightEach":{"value":0},"servingsPerContainer":0,"servingSize":0},"quantity":"1","terms":{"priceEach":"19","taxEach":{"amount":"1.71"},"discountEach":{"amount":"0"},"pvEach":"16"}}]},"currency":"EUR"},{"lines":{"items":[{"item":{"href":"https:\/\/hydraqa.unicity.net\/v5a-test\/items\/ab2a2b07b17718843a66bee04ff40624","id":{"unicity":"31402"},"weightEach":{"value":0},"servingsPerContainer":0,"servingSize":0},"quantity":"1","terms":{"priceEach":"92.43","taxEach":{"amount":"8.32"},"discountEach":{"amount":"0"},"pvEach":"70"}}]},"currency":"EUR"},{"lines":{"items":[{"item":{"href":"https:\/\/hydraqa.unicity.net\/v5a-test\/items\/7e5e7df32701fd44947c8146f2129f7a","id":{"unicity":"31672"},"weightEach":{"value":0},"servingsPerContainer":0,"servingSize":0},"quantity":"1","terms":{"priceEach":"74.67","taxEach":{"amount":"6.72"},"discountEach":{"amount":"0"},"pvEach":"54"}}]},"currency":"EUR"},{"lines":{"items":[{"item":{"href":"https:\/\/hydraqa.unicity.net\/v5a-test\/items\/493c2ba720f847422eccc5da35024f33","id":{"unicity":"31534"},"weightEach":{"value":0},"servingsPerContainer":0,"servingSize":0},"quantity":"1","terms":{"priceEach":"26.07","taxEach":{"amount":"2.35"},"discountEach":{"amount":"0"},"pvEach":"16"}}]},"currency":"EUR"},{"lines":{"items":[{"item":{"href":"https:\/\/hydraqa.unicity.net\/v5a-test\/items\/bfddb53fe0d5ed5432c531dc9850cbe4","id":{"unicity":"29449"},"weightEach":{"value":0},"servingsPerContainer":0,"servingSize":0},"quantity":"1","terms":{"priceEach":"26.07","taxEach":{"amount":"2.35"},"discountEach":{"amount":"0"},"pvEach":"16"}}]},"currency":"EUR"},{"lines":{"items":[{"item":{"href":"https:\/\/hydraqa.unicity.net\/v5a-test\/items\/75b870fdff12be635674216fe88d3204","id":{"unicity":"29984"},"weightEach":{"value":0},"servingsPerContainer":0,"servingSize":0},"quantity":"1","terms":{"priceEach":"37.73","taxEach":{"amount":"7.92"},"discountEach":{"amount":"0"},"pvEach":"24"}}]},"currency":"EUR"},{"lines":{"items":[{"item":{"href":"https:\/\/hydraqa.unicity.net\/v5a-test\/items\/4d23d73a0d3d3e5fe9c383822040a9b0","id":{"unicity":"32191"},"weightEach":{"value":0},"servingsPerContainer":0,"servingSize":0},"quantity":"1","terms":{"priceEach":"1315.79","taxEach":{"amount":"118.42"},"discountEach":{"amount":"0"},"pvEach":"903"}}]},"currency":"EUR"},{"lines":{"items":[{"item":{"href":"https:\/\/hydraqa.unicity.net\/v5a-test\/items\/e9fe58342fff74ec4f4430f7c622816e","id":{"unicity":"31870"},"weightEach":{"value":0},"servingsPerContainer":0,"servingSize":0},"quantity":"1","terms":{"priceEach":"20.47","taxEach":{"amount":"1.84"},"discountEach":{"amount":"0"},"pvEach":"9"}}]},"currency":"EUR"},{"lines":{"items":[{"item":{"href":"https:\/\/hydraqa.unicity.net\/v5a-test\/items\/fbb6dbd577adb73abaec364076fb288f","id":{"unicity":"32087"},"weightEach":{"value":0},"servingsPerContainer":0,"servingSize":0},"quantity":"1","terms":{"priceEach":"20.47","taxEach":{"amount":"1.84"},"discountEach":{"amount":"0"},"pvEach":"9"}}]},"currency":"EUR"},{"lines":{"items":[{"item":{"href":"https:\/\/hydraqa.unicity.net\/v5a-test\/items\/35dcc0035e442bbe6482f178ec38522c","id":{"unicity":"31868"},"weightEach":{"value":0},"servingsPerContainer":0,"servingSize":0},"quantity":"1","terms":{"priceEach":"20.47","taxEach":{"amount":"1.84"},"discountEach":{"amount":"0"},"pvEach":"9"}}]},"currency":"EUR"},{"lines":{"items":[{"item":{"href":"https:\/\/hydraqa.unicity.net\/v5a-test\/items\/baa263a2750aa330fbd9e5b96fdb2b55","id":{"unicity":"32609"},"weightEach":{"value":0},"servingsPerContainer":0,"servingSize":0},"quantity":"1","terms":{"priceEach":"55.98","taxEach":{"amount":"0"},"discountEach":{"amount":"0"},"pvEach":"34"}}]},"currency":"EUR"}]}
Entry request : {"order":{"customer":{"href":"https://hydraqa.unicity.net/v5a-test/customers?type=Associate"},"shipToAddress":{"country":"DK"}},"vary":{"lines":{"items":[{"item":{"href":"https://hydraqa.unicity.net/v5a-test/items?id.unicity=27158|31336|31763|31951|31952|32128|32129|32130|32132|32133|32134|32135|32136|32137|32138|32125|18511|19941|22178|26422|27156|27160|27166|27617|27660|27587|28601|28604|27395|15880|26560|29017|24758|17174|29522|31772|29317|32126|32127|29832|29833|24274|24418|27150|27163|27575|30825|26567|26568|29821|32012|29181|29183|30280|29187|29191|30684|30198|31402|31672|31534|29449|29984|32191|31870|32087|31868|32609"}}]}}}
Request URL: https://hydraqa.unicity.net/v5a-test/customers.js?callback=angular.callbacks._1&expand=customer,profilePicture&id.unicity=36554001
Request URL: https://hydraqa.unicity.net/v5a-test/customers.js?_httpMethod=HEAD&callback=angular.callbacks._7&email=REGXHZ@gmail.com
Request URL: https://hydraqa.unicity.net/v5a-test/shippingmethods.js?callback=angular.callbacks._a&destination=DK&market=DK
{sponsor=36554001, gender=female, city=TestCity, signature=TestSignature, cartprice=162.34, enroller=36554001, responsedob=1994-12-07, arpack=90 Tage Challenge Pack PLUS, language=English, locale=en, type=Associate, coapplicanttype=company, platform=QA, lname=TestLastName, password=Unicity, genderoption=Female, Currency=EUR, api=7, companynametype=Corporation, fax=8217647322, email=REGXHZ@gmail.com, coapplicant=TestCompanyName, zip=1234, fname=TestFirstName, prefferd=Denmark, address2=Address 2, address1=Address 1, shippingmethod=type=Economy, version=v5a-test/, testcase=normal, market=Denmark, aritemcode=31763, phone=9823746323, dob=07/12/1994, proto=https://hydraqa.unicity.net/, marketcode=DK, ccname=CCNameTest}
Request URL: https://hydraqa.unicity.net/v5a-test/orders.js
Entry request : {"customer":{"mainAddress":{"city":"TestCity","country":"DK","zip":"1234","address1":"Address 1","address2":"Address 2"},"humanName":{"firstName":"TestFirstName","lastName":"TestLastName"},"email":"REGXHZ@gmail.com","preferredLocale":"en-DK","password":{"value":"Unicity"},"gender":"female","maritalStatus":null,"type":"Associate","sponsor":{"href":"https://hydraqa.unicity.net/v5a-test/customers?id.unicity=36554001"},"enroller":{"href":"https://hydraqa.unicity.net/v5a-test/customers?id.unicity=36554001"},"homePhone":"9823746323","birthDate":"1994-12-07","autoorders":{"items":[{"recurrence":{"schedule":{"month":"*","dayOfMonth":"5"},"status":"Enabled"},"lines":{"items":[{"item":{"href":"https://hydraqa.unicity.net/v5a-test/items?id.unicity=31763"},"quantity":1}]},"shipToName":{"firstName":"TestFirstName","lastName":"TestLastName"},"shipToPhone":"9823746323","shipToEmail":"REGXHZ@gmail.com","shipToAddress":{"city":"TestCity","country":"DK","address1":"Address 1","address2":"Address 2","zip":"1234"},"shippingMethod":{"href":"https://hydraqa.unicity.net/v5a-test/shippingmethods?type=Economy"},"transactions":{"items":[{"amount":"this.terms.total","type":"AuthorizeAndCapture","method":"CreditCard","methodDetails":{"creditCardNumber":"4111111111111111","payer":"CCNameTest","creditCardExpires":"2020-10","creditCardSecurityCode":"123"}}]}}]},"depositBankAccount":{"bankName":"Paylution","accountType":"PrepaidCard"},"businessEntity":{"companyName":"TestCompanyName","legalType":"Corporation"},"rights":[{"holder":"Upline","type":"SendEmails"}],"signature":{"value":"TestSignature"},"faxNumber":"8217647322"},"lines":{"items":[{"item":{"href":"https://hydraqa.unicity.net/v5a-test/items?id.unicity=32127"},"quantity":1}]},"shipToName":{"firstName":"TestFirstName","lastName":"TestLastName"},"shipToPhone":"9823746323","shipToEmail":"REGXHZ@gmail.com","shipToAddress":{"city":"TestCity","country":"DK","address1":"Address 1","address2":"Address 2","zip":"1234"},"shippingMethod":{"href":"https://hydraqa.unicity.net/v5a-test/shippingmethods?type=Economy"},"notes":"","transactions":{"items":[{"amount":"this.terms.total","type":"AuthorizeAndCapture","method":"CreditCard","methodDetails":{"creditCardNumber":"4111111111111111","payer":"CCNameTest","creditCardExpires":"2020-10","creditCardSecurityCode":"123"}}]}}
Entry response : {"meta":{"Link":"<http:\/\/unicity.github.io\/Hydra.php\/docs\/v5\/>; rel=\"help\"","X-Request-UUID":"a275baea-07cf-41c6-87e3-5701dee516dd","X-Request-Release":"5-2020010602\/master","Cache-Control":"no-cache, must-revalidate","Expires":"0","X-Powered-By":"Luracast Restler v3.0.0rc5","Content-Type":"text\/javascript; charset=utf-8","Content-Language":"en","X-Status-Code":"449"},"data":{"error":{"code":449,"message":"Retry With","error_code":"3449","error_message":"Order can't be immediately processed. Please retry. Error#D9Y7T","retry_in_seconds":60}}}
Headers-->keep-alive
Headers-->2322
Headers-->application/json, text/plain, */*
Headers-->http://enroll.ng.unicityqa.com
Headers-->en-DK
]]></system-out>
    <system-err><![CDATA[Starting ChromeDriver 2.36.540470 (e522d04694c7ebea4ba8821272dbef4f9b818c91) on port 7350
Only local connections are allowed.
Jan 07, 2020 2:24:25 PM org.openqa.selenium.remote.ProtocolHandshake createSession
INFO: Detected dialect: OSS
]]></system-err>
  </testcase>
  <testcase name="Enroll" classname="Tests.FranchisePartner" time="312.797"/>
  <testcase name="Enroll" classname="Tests.FranchisePartner" time="327.929"/>
  <testcase name="Enroll" classname="Tests.FranchisePartner" time="191.939">
    <failure message="Major Quotes Call Packs is not Displaying: lists don&apos;t have the same size expected [68] but found [67]" type="java.lang.AssertionError">java.lang.AssertionError: Major Quotes Call Packs is not Displaying: lists don't have the same size expected [68] but found [67]
	at Tests.FranchisePartner.Enroll(FranchisePartner.java:262)
</failure>
    <system-out><![CDATA[Request URL: https://hydraqa.unicity.net/v5a-test/quotes?&expand=item
Entry Quotes response : {"items":[{"lines":{"items":[{"item":{"href":"https:\/\/hydraqa.unicity.net\/v5a-test\/items\/ce9cbecebbd583d0df582da5e1c57ce2","id":{"unicity":"26306"},"weightEach":{"value":0},"servingsPerContainer":0,"servingSize":0},"quantity":"1","terms":{"priceEach":"191","taxEach":{"amount":"10.51"},"discountEach":{"amount":"0"},"pvEach":"137"}}]},"currency":"EUR"},{"lines":{"items":[{"item":{"href":"https:\/\/hydraqa.unicity.net\/v5a-test\/items\/6b64d005f2f920d7e836dc232495dabe","id":{"unicity":"29904"},"weightEach":{"value":0},"servingsPerContainer":0,"servingSize":0},"quantity":"1","terms":{"priceEach":"183","taxEach":{"amount":"10.5"},"discountEach":{"amount":"0"},"pvEach":"129"}}]},"currency":"EUR"},{"lines":{"items":[{"item":{"href":"https:\/\/hydraqa.unicity.net\/v5a-test\/items\/6447f84f6ef7782049a369b983428bb7","id":{"unicity":"31336"},"weightEach":{"value":0},"servingsPerContainer":0,"servingSize":0},"quantity":"1","terms":{"priceEach":"224.21","taxEach":{"amount":"12.33"},"discountEach":{"amount":"0"},"pvEach":"165"}}]},"currency":"EUR"},{"lines":{"items":[{"item":{"href":"https:\/\/hydraqa.unicity.net\/v5a-test\/items\/31cb0679f65df8fa9a4fc3d7e38b72b3","id":{"unicity":"31763"},"weightEach":{"value":0},"servingsPerContainer":0,"servingSize":0},"quantity":"1","terms":{"priceEach":"243.3","taxEach":{"amount":"13.38"},"discountEach":{"amount":"0"},"pvEach":"181"}}]},"currency":"EUR"},{"lines":{"items":[{"item":{"href":"https:\/\/hydraqa.unicity.net\/v5a-test\/items\/e9991b48ac639367d526d2b9b22fac8c","id":{"unicity":"32128"},"weightEach":{"value":0},"servingsPerContainer":0,"servingSize":0},"quantity":"1","terms":{"priceEach":"371.87","taxEach":{"amount":"20.45"},"discountEach":{"amount":"0"},"pvEach":"253"}}]},"currency":"EUR"},{"lines":{"items":[{"item":{"href":"https:\/\/hydraqa.unicity.net\/v5a-test\/items\/40b3312de189221d96d838d33a8ec49d","id":{"unicity":"32129"},"weightEach":{"value":0},"servingsPerContainer":0,"servingSize":0},"quantity":"1","terms":{"priceEach":"371.87","taxEach":{"amount":"20.45"},"discountEach":{"amount":"0"},"pvEach":"254"}}]},"currency":"EUR"},{"lines":{"items":[{"item":{"href":"https:\/\/hydraqa.unicity.net\/v5a-test\/items\/6bd168a66ce41003a8f30917deff5808","id":{"unicity":"32130"},"weightEach":{"value":0},"servingsPerContainer":0,"servingSize":0},"quantity":"1","terms":{"priceEach":"363.46","taxEach":{"amount":"19.99"},"discountEach":{"amount":"0"},"pvEach":"252"}}]},"currency":"EUR"},{"lines":{"items":[{"item":{"href":"https:\/\/hydraqa.unicity.net\/v5a-test\/items\/806f99b793edd7cd0b1c158ba0eb3142","id":{"unicity":"32132"},"weightEach":{"value":0},"servingsPerContainer":0,"servingSize":0},"quantity":"1","terms":{"priceEach":"355.98","taxEach":{"amount":"19.58"},"discountEach":{"amount":"0"},"pvEach":"253"}}]},"currency":"EUR"},{"lines":{"items":[{"item":{"href":"https:\/\/hydraqa.unicity.net\/v5a-test\/items\/e3d382d99fde8659cb146b54116e7654","id":{"unicity":"32133"},"weightEach":{"value":0},"servingsPerContainer":0,"servingSize":0},"quantity":"1","terms":{"priceEach":"364.39","taxEach":{"amount":"20.04"},"discountEach":{"amount":"0"},"pvEach":"252"}}]},"currency":"EUR"},{"lines":{"items":[{"item":{"href":"https:\/\/hydraqa.unicity.net\/v5a-test\/items\/022f109fe6e5eae3e521295a5cb94c60","id":{"unicity":"32134"},"weightEach":{"value":0},"servingsPerContainer":0,"servingSize":0},"quantity":"1","terms":{"priceEach":"144.77","taxEach":{"amount":"7.96"},"discountEach":{"amount":"0"},"pvEach":"101"}}]},"currency":"EUR"},{"lines":{"items":[{"item":{"href":"https:\/\/hydraqa.unicity.net\/v5a-test\/items\/ded00960d5e948dd8e511a9c752e1ff9","id":{"unicity":"32135"},"weightEach":{"value":0},"servingsPerContainer":0,"servingSize":0},"quantity":"1","terms":{"priceEach":"154.11","taxEach":{"amount":"8.48"},"discountEach":{"amount":"0"},"pvEach":"113"}}]},"currency":"EUR"},{"lines":{"items":[{"item":{"href":"https:\/\/hydraqa.unicity.net\/v5a-test\/items\/d8736cc35cf9f4734fd76da71c53dc05","id":{"unicity":"32136"},"weightEach":{"value":0},"servingsPerContainer":0,"servingSize":0},"quantity":"1","terms":{"priceEach":"141.96","taxEach":{"amount":"7.81"},"discountEach":{"amount":"0"},"pvEach":"102"}}]},"currency":"EUR"},{"lines":{"items":[{"item":{"href":"https:\/\/hydraqa.unicity.net\/v5a-test\/items\/166a69d45c4ae40278554e24d5f40443","id":{"unicity":"32137"},"weightEach":{"value":0},"servingsPerContainer":0,"servingSize":0},"quantity":"1","terms":{"priceEach":"168.13","taxEach":{"amount":"9.25"},"discountEach":{"amount":"0"},"pvEach":"118"}}]},"currency":"EUR"},{"lines":{"items":[{"item":{"href":"https:\/\/hydraqa.unicity.net\/v5a-test\/items\/d04a0b8762b20202b6273114fb7302d1","id":{"unicity":"32138"},"weightEach":{"value":0},"servingsPerContainer":0,"servingSize":0},"quantity":"1","terms":{"priceEach":"224.21","taxEach":{"amount":"12.33"},"discountEach":{"amount":"0"},"pvEach":"152"}}]},"currency":"EUR"},{"lines":{"items":[{"item":{"href":"https:\/\/hydraqa.unicity.net\/v5a-test\/items\/e13d0b5c40704ad5dd186959367c97f1","id":{"unicity":"32125"},"weightEach":{"value":0},"servingsPerContainer":0,"servingSize":0},"quantity":"1","terms":{"priceEach":"373.74","taxEach":{"amount":"20.56"},"discountEach":{"amount":"0"},"pvEach":"250"}}]},"currency":"EUR"},{"lines":{"items":[{"item":{"href":"https:\/\/hydraqa.unicity.net\/v5a-test\/items\/c451532f63a06f0e9a054e946a1a1c3b","id":{"unicity":"18511"},"weightEach":{"value":0},"servingsPerContainer":0,"servingSize":0},"quantity":"1","terms":{"priceEach":"37.29","taxEach":{"amount":"2.05"},"discountEach":{"amount":"0"},"pvEach":"23"}}]},"currency":"EUR"},{"lines":{"items":[{"item":{"href":"https:\/\/hydraqa.unicity.net\/v5a-test\/items\/4e49c95f12ae7be78e5ffab68b8b3ca6","id":{"unicity":"26422"},"weightEach":{"value":0},"servingsPerContainer":0,"servingSize":0},"quantity":"1","terms":{"priceEach":"19","taxEach":{"amount":"1.05"},"discountEach":{"amount":"0"},"pvEach":"16"}}]},"currency":"EUR"},{"lines":{"items":[{"item":{"href":"https:\/\/hydraqa.unicity.net\/v5a-test\/items\/50e73ecfa509ac20c4a250f9cb32fdfc","id":{"unicity":"27156"},"weightEach":{"value":0},"servingsPerContainer":0,"servingSize":0},"quantity":"1","terms":{"priceEach":"20.47","taxEach":{"amount":"1.13"},"discountEach":{"amount":"0"},"pvEach":"13"}}]},"currency":"EUR"},{"lines":{"items":[{"item":{"href":"https:\/\/hydraqa.unicity.net\/v5a-test\/items\/d92292ba2f23c030e4a1f63eb3ebe1ce","id":{"unicity":"27158"},"weightEach":{"value":0},"servingsPerContainer":0,"servingSize":0},"quantity":"1","terms":{"priceEach":"27.94","taxEach":{"amount":"1.54"},"discountEach":{"amount":"0"},"pvEach":"23"}}]},"currency":"EUR"},{"lines":{"items":[{"item":{"href":"https:\/\/hydraqa.unicity.net\/v5a-test\/items\/0d3b8d4f7c4d4082db1b4ecffb6693fb","id":{"unicity":"27160"},"weightEach":{"value":0},"servingsPerContainer":0,"servingSize":0},"quantity":"1","terms":{"priceEach":"74.67","taxEach":{"amount":"4.11"},"discountEach":{"amount":"0"},"pvEach":"53"}}]},"currency":"EUR"},{"lines":{"items":[{"item":{"href":"https:\/\/hydraqa.unicity.net\/v5a-test\/items\/ac37bf51ff7e4fe860da8457f6ce0425","id":{"unicity":"27166"},"weightEach":{"value":0},"servingsPerContainer":0,"servingSize":0},"quantity":"1","terms":{"priceEach":"74.67","taxEach":{"amount":"4.11"},"discountEach":{"amount":"0"},"pvEach":"54"}}]},"currency":"EUR"},{"lines":{"items":[{"item":{"href":"https:\/\/hydraqa.unicity.net\/v5a-test\/items\/a36d9fdd0fd7561e6180fb5b2ff27164","id":{"unicity":"27660"},"weightEach":{"value":0},"servingsPerContainer":0,"servingSize":0},"quantity":"1","terms":{"priceEach":"42.9","taxEach":{"amount":"2.36"},"discountEach":{"amount":"0"},"pvEach":"30"}}]},"currency":"EUR"},{"lines":{"items":[{"item":{"href":"https:\/\/hydraqa.unicity.net\/v5a-test\/items\/112b8c39286598b3730f630f371a45f4","id":{"unicity":"27587"},"weightEach":{"value":0},"servingsPerContainer":0,"servingSize":0},"quantity":"1","terms":{"priceEach":"55.98","taxEach":{"amount":"3.08"},"discountEach":{"amount":"0"},"pvEach":"34"}}]},"currency":"EUR"},{"lines":{"items":[{"item":{"href":"https:\/\/hydraqa.unicity.net\/v5a-test\/items\/0c0717a26fcfe40310e906487e8a12f7","id":{"unicity":"28601"},"weightEach":{"value":0},"servingsPerContainer":0,"servingSize":0},"quantity":"1","terms":{"priceEach":"74.67","taxEach":{"amount":"4.11"},"discountEach":{"amount":"0"},"pvEach":"54"}}]},"currency":"EUR"},{"lines":{"items":[{"item":{"href":"https:\/\/hydraqa.unicity.net\/v5a-test\/items\/4790a55c442b5dc75a13b155e78c1842","id":{"unicity":"28604"},"weightEach":{"value":0},"servingsPerContainer":0,"servingSize":0},"quantity":"1","terms":{"priceEach":"74.67","taxEach":{"amount":"4.11"},"discountEach":{"amount":"0"},"pvEach":"54"}}]},"currency":"EUR"},{"lines":{"items":[{"item":{"href":"https:\/\/hydraqa.unicity.net\/v5a-test\/items\/024e696f8b44a1d315006e676604cd31","id":{"unicity":"27395"},"weightEach":{"value":0},"servingsPerContainer":0,"servingSize":0},"quantity":"1","terms":{"priceEach":"29.81","taxEach":{"amount":"1.64"},"discountEach":{"amount":"0"},"pvEach":"18"}}]},"currency":"EUR"},{"lines":{"items":[{"item":{"href":"https:\/\/hydraqa.unicity.net\/v5a-test\/items\/4b2034f47fce90b87bba28c5c2d7c25d","id":{"unicity":"15880"},"weightEach":{"value":0},"servingsPerContainer":0,"servingSize":0},"quantity":"1","terms":{"priceEach":"51.31","taxEach":{"amount":"2.82"},"discountEach":{"amount":"0"},"pvEach":"33"}}]},"currency":"EUR"},{"lines":{"items":[{"item":{"href":"https:\/\/hydraqa.unicity.net\/v5a-test\/items\/398d06b858b960f6f38086d40608aef2","id":{"unicity":"26560"},"weightEach":{"value":0},"servingsPerContainer":0,"servingSize":0},"quantity":"1","terms":{"priceEach":"20.47","taxEach":{"amount":"1.13"},"discountEach":{"amount":"0"},"pvEach":"13"}}]},"currency":"EUR"},{"lines":{"items":[{"item":{"href":"https:\/\/hydraqa.unicity.net\/v5a-test\/items\/e218d1cac5f31e7ae4f5876c29c57377","id":{"unicity":"29017"},"weightEach":{"value":0},"servingsPerContainer":0,"servingSize":0},"quantity":"1","terms":{"priceEach":"37.29","taxEach":{"amount":"2.05"},"discountEach":{"amount":"0"},"pvEach":"23"}}]},"currency":"EUR"},{"lines":{"items":[{"item":{"href":"https:\/\/hydraqa.unicity.net\/v5a-test\/items\/3f2d12d7a0e8551fc99fad3bbe1ba633","id":{"unicity":"26567"},"weightEach":{"value":0},"servingsPerContainer":0,"servingSize":0},"quantity":"1","terms":{"priceEach":"55.98","taxEach":{"amount":"3.08"},"discountEach":{"amount":"0"},"pvEach":"26"}}]},"currency":"EUR"},{"lines":{"items":[{"item":{"href":"https:\/\/hydraqa.unicity.net\/v5a-test\/items\/191637167cb3144bd2e8c4615e9ab67e","id":{"unicity":"26568"},"weightEach":{"value":0},"servingsPerContainer":0,"servingSize":0},"quantity":"1","terms":{"priceEach":"55.98","taxEach":{"amount":"3.08"},"discountEach":{"amount":"0"},"pvEach":"26"}}]},"currency":"EUR"},{"lines":{"items":[{"item":{"href":"https:\/\/hydraqa.unicity.net\/v5a-test\/items\/64ec7ad932acafab052a4e8800ad1238","id":{"unicity":"24758"},"weightEach":{"value":0},"servingsPerContainer":0,"servingSize":0},"quantity":"1","terms":{"priceEach":"37.29","taxEach":{"amount":"2.05"},"discountEach":{"amount":"0"},"pvEach":"23"}}]},"currency":"EUR"},{"lines":{"items":[{"item":{"href":"https:\/\/hydraqa.unicity.net\/v5a-test\/items\/db0a2b02eaabc5ad45fe91ba5c7bcf5a","id":{"unicity":"31772"},"weightEach":{"value":0},"servingsPerContainer":0,"servingSize":0},"quantity":"1","terms":{"priceEach":"8.32","taxEach":{"amount":"1.66"},"discountEach":{"amount":"0"},"pvEach":"0"}}]},"currency":"EUR"},{"lines":{"items":[{"item":{"href":"https:\/\/hydraqa.unicity.net\/v5a-test\/items\/2262fdd5af916c31df08089c191735c1","id":{"unicity":"29317"},"weightEach":{"value":0},"servingsPerContainer":0,"servingSize":0},"quantity":"1","terms":{"priceEach":"25.21","taxEach":{"amount":"5.04"},"discountEach":{"amount":"0"},"pvEach":"0"}}]},"currency":"EUR"},{"lines":{"items":[{"item":{"href":"https:\/\/hydraqa.unicity.net\/v5a-test\/items\/34c53e6d4cce0f8a72327d86c3ef04cb","id":{"unicity":"30103"},"weightEach":{"value":0},"servingsPerContainer":0,"servingSize":0},"quantity":"1","terms":{"priceEach":"25.86","taxEach":{"amount":"5.17"},"discountEach":{"amount":"0"},"pvEach":"0"}}]},"currency":"EUR"},{"lines":{"items":[{"item":{"href":"https:\/\/hydraqa.unicity.net\/v5a-test\/items\/217ca02fbd24e21ca5281412756238ab","id":{"unicity":"32126"},"weightEach":{"value":0},"servingsPerContainer":0,"servingSize":0},"quantity":"1","terms":{"priceEach":"152.24","taxEach":{"amount":"9.58"},"discountEach":{"amount":"0"},"pvEach":"101"}}]},"currency":"EUR"},{"lines":{"items":[{"item":{"href":"https:\/\/hydraqa.unicity.net\/v5a-test\/items\/808008a0657d2033ad471c39bbce9891","id":{"unicity":"32127"},"weightEach":{"value":0},"servingsPerContainer":0,"servingSize":0},"quantity":"1","terms":{"priceEach":"162.34","taxEach":{"amount":"10.14"},"discountEach":{"amount":"0"},"pvEach":"113"}}]},"currency":"EUR"},{"lines":{"items":[{"item":{"href":"https:\/\/hydraqa.unicity.net\/v5a-test\/items\/b8b378af3db7294d17181dbec563c0fa","id":{"unicity":"32197"},"weightEach":{"value":0},"servingsPerContainer":0,"servingSize":0},"quantity":"1","terms":{"priceEach":"347.57","taxEach":{"amount":"19.12"},"discountEach":{"amount":"0"},"pvEach":"250"}}]},"currency":"EUR"},{"lines":{"items":[{"item":{"href":"https:\/\/hydraqa.unicity.net\/v5a-test\/items\/27877610c0dfffbb380736f326d57748","id":{"unicity":"32196"},"weightEach":{"value":0},"servingsPerContainer":0,"servingSize":0},"quantity":"1","terms":{"priceEach":"154.11","taxEach":{"amount":"8.48"},"discountEach":{"amount":"0"},"pvEach":"116"}}]},"currency":"EUR"},{"lines":{"items":[{"item":{"href":"https:\/\/hydraqa.unicity.net\/v5a-test\/items\/10df0fc3509b53cbeaeb9476ca92d520","id":{"unicity":"29833"},"weightEach":{"value":0},"servingsPerContainer":0,"servingSize":0},"quantity":"1","terms":{"priceEach":"90.56","taxEach":{"amount":"4.98"},"discountEach":{"amount":"0"},"pvEach":"69"}}]},"currency":"EUR"},{"lines":{"items":[{"item":{"href":"https:\/\/hydraqa.unicity.net\/v5a-test\/items\/44e9ef796bb3ac3ad7927ffeace7b5f3","id":{"unicity":"29905"},"weightEach":{"value":0},"servingsPerContainer":0,"servingSize":0},"quantity":"1","terms":{"priceEach":"915","taxEach":{"amount":"52.5"},"discountEach":{"amount":"0"},"pvEach":"645"}}]},"currency":"EUR"},{"lines":{"items":[{"item":{"href":"https:\/\/hydraqa.unicity.net\/v5a-test\/items\/9752a919e28f96747163918165b46f23","id":{"unicity":"19941"},"weightEach":{"value":558},"servingsPerContainer":15,"servingSize":0},"quantity":"1","terms":{"priceEach":"32.62","taxEach":{"amount":"1.79"},"discountEach":{"amount":"0"},"pvEach":"20"}}]},"currency":"EUR"},{"lines":{"items":[{"item":{"href":"https:\/\/hydraqa.unicity.net\/v5a-test\/items\/65589269f4976d30f5c80a675b83db43","id":{"unicity":"22178"},"weightEach":{"value":0},"servingsPerContainer":0,"servingSize":0},"quantity":"1","terms":{"priceEach":"37.29","taxEach":{"amount":"2.05"},"discountEach":{"amount":"0"},"pvEach":"23"}}]},"currency":"EUR"},{"lines":{"items":[{"item":{"href":"https:\/\/hydraqa.unicity.net\/v5a-test\/items\/332daeac6796ed016ea8b7d0bc42c2d4","id":{"unicity":"24274"},"weightEach":{"value":0},"servingsPerContainer":0,"servingSize":0},"quantity":"1","terms":{"priceEach":"7.48","taxEach":{"amount":"1.5"},"discountEach":{"amount":"0"},"pvEach":"0"}}]},"currency":"EUR"},{"lines":{"items":[{"item":{"href":"https:\/\/hydraqa.unicity.net\/v5a-test\/items\/1945faa1776541d53120ecfe3c1d8a2b","id":{"unicity":"24418"},"weightEach":{"value":0},"servingsPerContainer":0,"servingSize":0},"quantity":"1","terms":{"priceEach":"4.96","taxEach":{"amount":"0.99"},"discountEach":{"amount":"0"},"pvEach":"0"}}]},"currency":"EUR"},{"lines":{"items":[{"item":{"href":"https:\/\/hydraqa.unicity.net\/v5a-test\/items\/5147f8cfe32548e02fc158d4da9c4d6f","id":{"unicity":"27150"},"weightEach":{"value":0},"servingsPerContainer":0,"servingSize":0},"quantity":"1","terms":{"priceEach":"93.36","taxEach":{"amount":"5.13"},"discountEach":{"amount":"0"},"pvEach":"70"}}]},"currency":"EUR"},{"lines":{"items":[{"item":{"href":"https:\/\/hydraqa.unicity.net\/v5a-test\/items\/03eba2365025ccd85818846a83a16f47","id":{"unicity":"27163"},"weightEach":{"value":0},"servingsPerContainer":0,"servingSize":0},"quantity":"1","terms":{"priceEach":"74.67","taxEach":{"amount":"4.11"},"discountEach":{"amount":"0"},"pvEach":"54"}}]},"currency":"EUR"},{"lines":{"items":[{"item":{"href":"https:\/\/hydraqa.unicity.net\/v5a-test\/items\/7d4ad2792f7056e5f81eb24f118ef737","id":{"unicity":"27575"},"weightEach":{"value":0},"servingsPerContainer":0,"servingSize":0},"quantity":"1","terms":{"priceEach":"55.98","taxEach":{"amount":"3.08"},"discountEach":{"amount":"0"},"pvEach":"34"}}]},"currency":"EUR"},{"lines":{"items":[{"item":{"href":"https:\/\/hydraqa.unicity.net\/v5a-test\/items\/a7bda1cb4a35343e52791aba56debc4a","id":{"unicity":"27617"},"weightEach":{"value":0},"servingsPerContainer":0,"servingSize":0},"quantity":"1","terms":{"priceEach":"29.81","taxEach":{"amount":"1.64"},"discountEach":{"amount":"0"},"pvEach":"18"}}]},"currency":"EUR"},{"lines":{"items":[{"item":{"href":"https:\/\/hydraqa.unicity.net\/v5a-test\/items\/0eebdede5bdb8bf4d71e800b6f3cead1","id":{"unicity":"30825"},"weightEach":{"value":0},"servingsPerContainer":0,"servingSize":0},"quantity":"1","terms":{"priceEach":"37.29","taxEach":{"amount":"2.05"},"discountEach":{"amount":"0"},"pvEach":"23"}}]},"currency":"EUR"},{"lines":{"items":[{"item":{"href":"https:\/\/hydraqa.unicity.net\/v5a-test\/items\/606f7be753c74dfbfe4b107276775140","id":{"unicity":"29821"},"weightEach":{"value":0},"servingsPerContainer":0,"servingSize":0},"quantity":"1","terms":{"priceEach":"79.35","taxEach":{"amount":"4.36"},"discountEach":{"amount":"0"},"pvEach":"59"}}]},"currency":"EUR"},{"lines":{"items":[{"item":{"href":"https:\/\/hydraqa.unicity.net\/v5a-test\/items\/94939f9be900906d2b47260ccba22a7b","id":{"unicity":"32012"},"weightEach":{"value":0},"servingsPerContainer":0,"servingSize":0},"quantity":"1","terms":{"priceEach":"13.93","taxEach":{"amount":"0.77"},"discountEach":{"amount":"0"},"pvEach":"6"}}]},"currency":"EUR"},{"lines":{"items":[{"item":{"href":"https:\/\/hydraqa.unicity.net\/v5a-test\/items\/2c4c1abe00983e85aaa918d2ce341491","id":{"unicity":"17174"},"weightEach":{"value":0},"servingsPerContainer":0,"servingSize":0},"quantity":"1","terms":{"priceEach":"37.29","taxEach":{"amount":"2.05"},"discountEach":{"amount":"0"},"pvEach":"23"}}]},"currency":"EUR"},{"lines":{"items":[{"item":{"href":"https:\/\/hydraqa.unicity.net\/v5a-test\/items\/991cdbb84a495779eb209fb3956a77e4","id":{"unicity":"29183"},"weightEach":{"value":0},"servingsPerContainer":0,"servingSize":0},"quantity":"1","terms":{"priceEach":"31.01","taxEach":{"amount":"6.2"},"discountEach":{"amount":"0"},"pvEach":"18"}}]},"currency":"EUR"},{"lines":{"items":[{"item":{"href":"https:\/\/hydraqa.unicity.net\/v5a-test\/items\/0e78fbdfebef11cd62f8d2120064ee58","id":{"unicity":"30280"},"weightEach":{"value":0},"servingsPerContainer":0,"servingSize":0},"quantity":"1","terms":{"priceEach":"33.53","taxEach":{"amount":"6.71"},"discountEach":{"amount":"0"},"pvEach":"20"}}]},"currency":"EUR"},{"lines":{"items":[{"item":{"href":"https:\/\/hydraqa.unicity.net\/v5a-test\/items\/beb900429fbb160dbfc3001c14d96df4","id":{"unicity":"29187"},"weightEach":{"value":0},"servingsPerContainer":0,"servingSize":0},"quantity":"1","terms":{"priceEach":"37.73","taxEach":{"amount":"7.55"},"discountEach":{"amount":"0"},"pvEach":"24"}}]},"currency":"EUR"},{"lines":{"items":[{"item":{"href":"https:\/\/hydraqa.unicity.net\/v5a-test\/items\/1b0412bea8c0b841c66f65a36aa14108","id":{"unicity":"29191"},"weightEach":{"value":0},"servingsPerContainer":0,"servingSize":0},"quantity":"1","terms":{"priceEach":"37.73","taxEach":{"amount":"7.55"},"discountEach":{"amount":"0"},"pvEach":"24"}}]},"currency":"EUR"},{"lines":{"items":[{"item":{"href":"https:\/\/hydraqa.unicity.net\/v5a-test\/items\/52c87f74d3b41ed49b0f897b66c2a99b","id":{"unicity":"30684"},"weightEach":{"value":0},"servingsPerContainer":0,"servingSize":0},"quantity":"1","terms":{"priceEach":"37.29","taxEach":{"amount":"2.05"},"discountEach":{"amount":"0"},"pvEach":"23"}}]},"currency":"EUR"},{"lines":{"items":[{"item":{"href":"https:\/\/hydraqa.unicity.net\/v5a-test\/items\/90f38f77c9e6ea5a71aa7377df83760b","id":{"unicity":"30198"},"weightEach":{"value":0},"servingsPerContainer":0,"servingSize":0},"quantity":"1","terms":{"priceEach":"19","taxEach":{"amount":"1.05"},"discountEach":{"amount":"0"},"pvEach":"16"}}]},"currency":"EUR"},{"lines":{"items":[{"item":{"href":"https:\/\/hydraqa.unicity.net\/v5a-test\/items\/ab2a2b07b17718843a66bee04ff40624","id":{"unicity":"31402"},"weightEach":{"value":0},"servingsPerContainer":0,"servingSize":0},"quantity":"1","terms":{"priceEach":"92.43","taxEach":{"amount":"5.08"},"discountEach":{"amount":"0"},"pvEach":"70"}}]},"currency":"EUR"},{"lines":{"items":[{"item":{"href":"https:\/\/hydraqa.unicity.net\/v5a-test\/items\/7e5e7df32701fd44947c8146f2129f7a","id":{"unicity":"31672"},"weightEach":{"value":0},"servingsPerContainer":0,"servingSize":0},"quantity":"1","terms":{"priceEach":"74.67","taxEach":{"amount":"4.11"},"discountEach":{"amount":"0"},"pvEach":"54"}}]},"currency":"EUR"},{"lines":{"items":[{"item":{"href":"https:\/\/hydraqa.unicity.net\/v5a-test\/items\/bfddb53fe0d5ed5432c531dc9850cbe4","id":{"unicity":"29449"},"weightEach":{"value":0},"servingsPerContainer":0,"servingSize":0},"quantity":"1","terms":{"priceEach":"26.07","taxEach":{"amount":"1.43"},"discountEach":{"amount":"0"},"pvEach":"16"}}]},"currency":"EUR"},{"lines":{"items":[{"item":{"href":"https:\/\/hydraqa.unicity.net\/v5a-test\/items\/75b870fdff12be635674216fe88d3204","id":{"unicity":"29984"},"weightEach":{"value":0},"servingsPerContainer":0,"servingSize":0},"quantity":"1","terms":{"priceEach":"37.73","taxEach":{"amount":"7.55"},"discountEach":{"amount":"0"},"pvEach":"24"}}]},"currency":"EUR"},{"lines":{"items":[{"item":{"href":"https:\/\/hydraqa.unicity.net\/v5a-test\/items\/4d23d73a0d3d3e5fe9c383822040a9b0","id":{"unicity":"32191"},"weightEach":{"value":0},"servingsPerContainer":0,"servingSize":0},"quantity":"1","terms":{"priceEach":"1315.79","taxEach":{"amount":"72.37"},"discountEach":{"amount":"0"},"pvEach":"903"}}]},"currency":"EUR"},{"lines":{"items":[{"item":{"href":"https:\/\/hydraqa.unicity.net\/v5a-test\/items\/e9fe58342fff74ec4f4430f7c622816e","id":{"unicity":"31870"},"weightEach":{"value":0},"servingsPerContainer":0,"servingSize":0},"quantity":"1","terms":{"priceEach":"20.47","taxEach":{"amount":"1.13"},"discountEach":{"amount":"0"},"pvEach":"9"}}]},"currency":"EUR"},{"lines":{"items":[{"item":{"href":"https:\/\/hydraqa.unicity.net\/v5a-test\/items\/fbb6dbd577adb73abaec364076fb288f","id":{"unicity":"32087"},"weightEach":{"value":0},"servingsPerContainer":0,"servingSize":0},"quantity":"1","terms":{"priceEach":"20.47","taxEach":{"amount":"1.13"},"discountEach":{"amount":"0"},"pvEach":"9"}}]},"currency":"EUR"},{"lines":{"items":[{"item":{"href":"https:\/\/hydraqa.unicity.net\/v5a-test\/items\/35dcc0035e442bbe6482f178ec38522c","id":{"unicity":"31868"},"weightEach":{"value":0},"servingsPerContainer":0,"servingSize":0},"quantity":"1","terms":{"priceEach":"20.47","taxEach":{"amount":"1.13"},"discountEach":{"amount":"0"},"pvEach":"9"}}]},"currency":"EUR"},{"lines":{"items":[{"item":{"href":"https:\/\/hydraqa.unicity.net\/v5a-test\/items\/baa263a2750aa330fbd9e5b96fdb2b55","id":{"unicity":"32609"},"weightEach":{"value":0},"servingsPerContainer":0,"servingSize":0},"quantity":"1","terms":{"priceEach":"55.98","taxEach":{"amount":"0"},"discountEach":{"amount":"0"},"pvEach":"34"}}]},"currency":"EUR"}]}
Entry request : {"order":{"customer":{"href":"https://hydraqa.unicity.net/v5a-test/customers?type=Associate"},"shipToAddress":{"country":"FR"}},"vary":{"lines":{"items":[{"item":{"href":"https://hydraqa.unicity.net/v5a-test/items?id.unicity=26306|29904|31336|31763|31951|31952|32128|32129|32130|32132|32133|32134|32135|32136|32137|32138|32125|18511|26422|27156|27158|27160|27166|27660|27587|28601|28604|27395|15880|26560|29017|26567|26568|24758|31772|29317|30103|32126|32127|32197|32196|29833|29905|19941|22178|24274|24418|27150|27163|27575|27617|30825|29821|32012|17174|30139|29181|29183|30280|29187|29191|30684|30198|31402|31672|29449|29984|32191|31870|32087|31868|32609"}}]}}}
]]></system-out>
    <system-err><![CDATA[Starting ChromeDriver 2.36.540470 (e522d04694c7ebea4ba8821272dbef4f9b818c91) on port 1760
Only local connections are allowed.
Jan 07, 2020 2:40:37 PM org.openqa.selenium.remote.ProtocolHandshake createSession
INFO: Detected dialect: OSS
]]></system-err>
  </testcase>
  <testcase name="Enroll" classname="Tests.FranchisePartner" time="274.951"/>
  <testcase name="Enroll" classname="Tests.FranchisePartner" time="318.154"/>
  <testcase name="Enroll" classname="Tests.FranchisePartner" time="320.932"/>
  <testcase name="Enroll" classname="Tests.FranchisePartner" time="312.021"/>
  <testcase name="Enroll" classname="Tests.FranchisePartner" time="210.971">
    <failure message="Major Quotes Call Packs is not Displaying: lists don&apos;t have the same size expected [64] but found [63]" type="java.lang.AssertionError">java.lang.AssertionError: Major Quotes Call Packs is not Displaying: lists don't have the same size expected [64] but found [63]
	at Tests.FranchisePartner.Enroll(FranchisePartner.java:262)
</failure>
    <system-out><![CDATA[Request URL: https://hydraqa.unicity.net/v5a-test/quotes?&expand=item
Entry Quotes response : {"items":[{"lines":{"items":[{"item":{"href":"https:\/\/hydraqa.unicity.net\/v5a-test\/items\/0d3b8d4f7c4d4082db1b4ecffb6693fb","id":{"unicity":"27160"},"weightEach":{"value":0},"servingsPerContainer":0,"servingSize":0},"quantity":"1","terms":{"priceEach":"74.67","taxEach":{"amount":"6.72"},"discountEach":{"amount":"0"},"pvEach":"53"}}]},"currency":"EUR"},{"lines":{"items":[{"item":{"href":"https:\/\/hydraqa.unicity.net\/v5a-test\/items\/ac37bf51ff7e4fe860da8457f6ce0425","id":{"unicity":"27166"},"weightEach":{"value":0},"servingsPerContainer":0,"servingSize":0},"quantity":"1","terms":{"priceEach":"74.67","taxEach":{"amount":"6.72"},"discountEach":{"amount":"0"},"pvEach":"54"}}]},"currency":"EUR"},{"lines":{"items":[{"item":{"href":"https:\/\/hydraqa.unicity.net\/v5a-test\/items\/0c0717a26fcfe40310e906487e8a12f7","id":{"unicity":"28601"},"weightEach":{"value":0},"servingsPerContainer":0,"servingSize":0},"quantity":"1","terms":{"priceEach":"74.67","taxEach":{"amount":"6.72"},"discountEach":{"amount":"0"},"pvEach":"54"}}]},"currency":"EUR"},{"lines":{"items":[{"item":{"href":"https:\/\/hydraqa.unicity.net\/v5a-test\/items\/4790a55c442b5dc75a13b155e78c1842","id":{"unicity":"28604"},"weightEach":{"value":0},"servingsPerContainer":0,"servingSize":0},"quantity":"1","terms":{"priceEach":"74.67","taxEach":{"amount":"6.72"},"discountEach":{"amount":"0"},"pvEach":"54"}}]},"currency":"EUR"},{"lines":{"items":[{"item":{"href":"https:\/\/hydraqa.unicity.net\/v5a-test\/items\/6447f84f6ef7782049a369b983428bb7","id":{"unicity":"31336"},"weightEach":{"value":0},"servingsPerContainer":0,"servingSize":0},"quantity":"1","terms":{"priceEach":"224.21","taxEach":{"amount":"20.18"},"discountEach":{"amount":"0"},"pvEach":"165"}}]},"currency":"EUR"},{"lines":{"items":[{"item":{"href":"https:\/\/hydraqa.unicity.net\/v5a-test\/items\/31cb0679f65df8fa9a4fc3d7e38b72b3","id":{"unicity":"31763"},"weightEach":{"value":0},"servingsPerContainer":0,"servingSize":0},"quantity":"1","terms":{"priceEach":"243.3","taxEach":{"amount":"21.9"},"discountEach":{"amount":"0"},"pvEach":"181"}}]},"currency":"EUR"},{"lines":{"items":[{"item":{"href":"https:\/\/hydraqa.unicity.net\/v5a-test\/items\/e9991b48ac639367d526d2b9b22fac8c","id":{"unicity":"32128"},"weightEach":{"value":0},"servingsPerContainer":0,"servingSize":0},"quantity":"1","terms":{"priceEach":"371.87","taxEach":{"amount":"33.47"},"discountEach":{"amount":"0"},"pvEach":"253"}}]},"currency":"EUR"},{"lines":{"items":[{"item":{"href":"https:\/\/hydraqa.unicity.net\/v5a-test\/items\/40b3312de189221d96d838d33a8ec49d","id":{"unicity":"32129"},"weightEach":{"value":0},"servingsPerContainer":0,"servingSize":0},"quantity":"1","terms":{"priceEach":"371.87","taxEach":{"amount":"33.47"},"discountEach":{"amount":"0"},"pvEach":"254"}}]},"currency":"EUR"},{"lines":{"items":[{"item":{"href":"https:\/\/hydraqa.unicity.net\/v5a-test\/items\/6bd168a66ce41003a8f30917deff5808","id":{"unicity":"32130"},"weightEach":{"value":0},"servingsPerContainer":0,"servingSize":0},"quantity":"1","terms":{"priceEach":"363.46","taxEach":{"amount":"32.71"},"discountEach":{"amount":"0"},"pvEach":"252"}}]},"currency":"EUR"},{"lines":{"items":[{"item":{"href":"https:\/\/hydraqa.unicity.net\/v5a-test\/items\/806f99b793edd7cd0b1c158ba0eb3142","id":{"unicity":"32132"},"weightEach":{"value":0},"servingsPerContainer":0,"servingSize":0},"quantity":"1","terms":{"priceEach":"355.98","taxEach":{"amount":"32.04"},"discountEach":{"amount":"0"},"pvEach":"253"}}]},"currency":"EUR"},{"lines":{"items":[{"item":{"href":"https:\/\/hydraqa.unicity.net\/v5a-test\/items\/e3d382d99fde8659cb146b54116e7654","id":{"unicity":"32133"},"weightEach":{"value":0},"servingsPerContainer":0,"servingSize":0},"quantity":"1","terms":{"priceEach":"364.39","taxEach":{"amount":"32.8"},"discountEach":{"amount":"0"},"pvEach":"252"}}]},"currency":"EUR"},{"lines":{"items":[{"item":{"href":"https:\/\/hydraqa.unicity.net\/v5a-test\/items\/022f109fe6e5eae3e521295a5cb94c60","id":{"unicity":"32134"},"weightEach":{"value":0},"servingsPerContainer":0,"servingSize":0},"quantity":"1","terms":{"priceEach":"144.77","taxEach":{"amount":"13.03"},"discountEach":{"amount":"0"},"pvEach":"101"}}]},"currency":"EUR"},{"lines":{"items":[{"item":{"href":"https:\/\/hydraqa.unicity.net\/v5a-test\/items\/ded00960d5e948dd8e511a9c752e1ff9","id":{"unicity":"32135"},"weightEach":{"value":0},"servingsPerContainer":0,"servingSize":0},"quantity":"1","terms":{"priceEach":"154.11","taxEach":{"amount":"13.87"},"discountEach":{"amount":"0"},"pvEach":"113"}}]},"currency":"EUR"},{"lines":{"items":[{"item":{"href":"https:\/\/hydraqa.unicity.net\/v5a-test\/items\/d8736cc35cf9f4734fd76da71c53dc05","id":{"unicity":"32136"},"weightEach":{"value":0},"servingsPerContainer":0,"servingSize":0},"quantity":"1","terms":{"priceEach":"141.96","taxEach":{"amount":"12.78"},"discountEach":{"amount":"0"},"pvEach":"102"}}]},"currency":"EUR"},{"lines":{"items":[{"item":{"href":"https:\/\/hydraqa.unicity.net\/v5a-test\/items\/166a69d45c4ae40278554e24d5f40443","id":{"unicity":"32137"},"weightEach":{"value":0},"servingsPerContainer":0,"servingSize":0},"quantity":"1","terms":{"priceEach":"168.13","taxEach":{"amount":"15.13"},"discountEach":{"amount":"0"},"pvEach":"118"}}]},"currency":"EUR"},{"lines":{"items":[{"item":{"href":"https:\/\/hydraqa.unicity.net\/v5a-test\/items\/d04a0b8762b20202b6273114fb7302d1","id":{"unicity":"32138"},"weightEach":{"value":0},"servingsPerContainer":0,"servingSize":0},"quantity":"1","terms":{"priceEach":"224.21","taxEach":{"amount":"20.18"},"discountEach":{"amount":"0"},"pvEach":"152"}}]},"currency":"EUR"},{"lines":{"items":[{"item":{"href":"https:\/\/hydraqa.unicity.net\/v5a-test\/items\/e13d0b5c40704ad5dd186959367c97f1","id":{"unicity":"32125"},"weightEach":{"value":0},"servingsPerContainer":0,"servingSize":0},"quantity":"1","terms":{"priceEach":"373.74","taxEach":{"amount":"33.64"},"discountEach":{"amount":"0"},"pvEach":"250"}}]},"currency":"EUR"},{"lines":{"items":[{"item":{"href":"https:\/\/hydraqa.unicity.net\/v5a-test\/items\/c451532f63a06f0e9a054e946a1a1c3b","id":{"unicity":"18511"},"weightEach":{"value":0},"servingsPerContainer":0,"servingSize":0},"quantity":"1","terms":{"priceEach":"37.29","taxEach":{"amount":"3.36"},"discountEach":{"amount":"0"},"pvEach":"23"}}]},"currency":"EUR"},{"lines":{"items":[{"item":{"href":"https:\/\/hydraqa.unicity.net\/v5a-test\/items\/9752a919e28f96747163918165b46f23","id":{"unicity":"19941"},"weightEach":{"value":558},"servingsPerContainer":15,"servingSize":0},"quantity":"1","terms":{"priceEach":"32.62","taxEach":{"amount":"2.94"},"discountEach":{"amount":"0"},"pvEach":"20"}}]},"currency":"EUR"},{"lines":{"items":[{"item":{"href":"https:\/\/hydraqa.unicity.net\/v5a-test\/items\/65589269f4976d30f5c80a675b83db43","id":{"unicity":"22178"},"weightEach":{"value":0},"servingsPerContainer":0,"servingSize":0},"quantity":"1","terms":{"priceEach":"37.29","taxEach":{"amount":"3.36"},"discountEach":{"amount":"0"},"pvEach":"23"}}]},"currency":"EUR"},{"lines":{"items":[{"item":{"href":"https:\/\/hydraqa.unicity.net\/v5a-test\/items\/4e49c95f12ae7be78e5ffab68b8b3ca6","id":{"unicity":"26422"},"weightEach":{"value":0},"servingsPerContainer":0,"servingSize":0},"quantity":"1","terms":{"priceEach":"19","taxEach":{"amount":"1.71"},"discountEach":{"amount":"0"},"pvEach":"16"}}]},"currency":"EUR"},{"lines":{"items":[{"item":{"href":"https:\/\/hydraqa.unicity.net\/v5a-test\/items\/50e73ecfa509ac20c4a250f9cb32fdfc","id":{"unicity":"27156"},"weightEach":{"value":0},"servingsPerContainer":0,"servingSize":0},"quantity":"1","terms":{"priceEach":"20.47","taxEach":{"amount":"1.84"},"discountEach":{"amount":"0"},"pvEach":"13"}}]},"currency":"EUR"},{"lines":{"items":[{"item":{"href":"https:\/\/hydraqa.unicity.net\/v5a-test\/items\/d92292ba2f23c030e4a1f63eb3ebe1ce","id":{"unicity":"27158"},"weightEach":{"value":0},"servingsPerContainer":0,"servingSize":0},"quantity":"1","terms":{"priceEach":"27.94","taxEach":{"amount":"2.51"},"discountEach":{"amount":"0"},"pvEach":"23"}}]},"currency":"EUR"},{"lines":{"items":[{"item":{"href":"https:\/\/hydraqa.unicity.net\/v5a-test\/items\/a7bda1cb4a35343e52791aba56debc4a","id":{"unicity":"27617"},"weightEach":{"value":0},"servingsPerContainer":0,"servingSize":0},"quantity":"1","terms":{"priceEach":"29.81","taxEach":{"amount":"2.68"},"discountEach":{"amount":"0"},"pvEach":"18"}}]},"currency":"EUR"},{"lines":{"items":[{"item":{"href":"https:\/\/hydraqa.unicity.net\/v5a-test\/items\/a36d9fdd0fd7561e6180fb5b2ff27164","id":{"unicity":"27660"},"weightEach":{"value":0},"servingsPerContainer":0,"servingSize":0},"quantity":"1","terms":{"priceEach":"42.9","taxEach":{"amount":"3.86"},"discountEach":{"amount":"0"},"pvEach":"30"}}]},"currency":"EUR"},{"lines":{"items":[{"item":{"href":"https:\/\/hydraqa.unicity.net\/v5a-test\/items\/112b8c39286598b3730f630f371a45f4","id":{"unicity":"27587"},"weightEach":{"value":0},"servingsPerContainer":0,"servingSize":0},"quantity":"1","terms":{"priceEach":"55.98","taxEach":{"amount":"5.04"},"discountEach":{"amount":"0"},"pvEach":"34"}}]},"currency":"EUR"},{"lines":{"items":[{"item":{"href":"https:\/\/hydraqa.unicity.net\/v5a-test\/items\/db0a2b02eaabc5ad45fe91ba5c7bcf5a","id":{"unicity":"31772"},"weightEach":{"value":0},"servingsPerContainer":0,"servingSize":0},"quantity":"1","terms":{"priceEach":"8.32","taxEach":{"amount":"1.75"},"discountEach":{"amount":"0"},"pvEach":"0"}}]},"currency":"EUR"},{"lines":{"items":[{"item":{"href":"https:\/\/hydraqa.unicity.net\/v5a-test\/items\/2262fdd5af916c31df08089c191735c1","id":{"unicity":"29317"},"weightEach":{"value":0},"servingsPerContainer":0,"servingSize":0},"quantity":"1","terms":{"priceEach":"25.21","taxEach":{"amount":"5.29"},"discountEach":{"amount":"0"},"pvEach":"0"}}]},"currency":"EUR"},{"lines":{"items":[{"item":{"href":"https:\/\/hydraqa.unicity.net\/v5a-test\/items\/217ca02fbd24e21ca5281412756238ab","id":{"unicity":"32126"},"weightEach":{"value":0},"servingsPerContainer":0,"servingSize":0},"quantity":"1","terms":{"priceEach":"152.24","taxEach":{"amount":"14.7"},"discountEach":{"amount":"0"},"pvEach":"101"}}]},"currency":"EUR"},{"lines":{"items":[{"item":{"href":"https:\/\/hydraqa.unicity.net\/v5a-test\/items\/808008a0657d2033ad471c39bbce9891","id":{"unicity":"32127"},"weightEach":{"value":0},"servingsPerContainer":0,"servingSize":0},"quantity":"1","terms":{"priceEach":"162.34","taxEach":{"amount":"15.61"},"discountEach":{"amount":"0"},"pvEach":"113"}}]},"currency":"EUR"},{"lines":{"items":[{"item":{"href":"https:\/\/hydraqa.unicity.net\/v5a-test\/items\/10df0fc3509b53cbeaeb9476ca92d520","id":{"unicity":"29833"},"weightEach":{"value":0},"servingsPerContainer":0,"servingSize":0},"quantity":"1","terms":{"priceEach":"90.56","taxEach":{"amount":"8.15"},"discountEach":{"amount":"0"},"pvEach":"69"}}]},"currency":"EUR"},{"lines":{"items":[{"item":{"href":"https:\/\/hydraqa.unicity.net\/v5a-test\/items\/17d9b2043675ed6e748fd6a3d175610f","id":{"unicity":"29316"},"weightEach":{"value":0},"servingsPerContainer":0,"servingSize":0},"quantity":"1","terms":{"priceEach":"25.21","taxEach":{"amount":"5.29"},"discountEach":{"amount":"0"},"pvEach":"0"}}]},"currency":"EUR"},{"lines":{"items":[{"item":{"href":"https:\/\/hydraqa.unicity.net\/v5a-test\/items\/332daeac6796ed016ea8b7d0bc42c2d4","id":{"unicity":"24274"},"weightEach":{"value":0},"servingsPerContainer":0,"servingSize":0},"quantity":"1","terms":{"priceEach":"7.48","taxEach":{"amount":"1.57"},"discountEach":{"amount":"0"},"pvEach":"0"}}]},"currency":"EUR"},{"lines":{"items":[{"item":{"href":"https:\/\/hydraqa.unicity.net\/v5a-test\/items\/1945faa1776541d53120ecfe3c1d8a2b","id":{"unicity":"24418"},"weightEach":{"value":0},"servingsPerContainer":0,"servingSize":0},"quantity":"1","terms":{"priceEach":"4.96","taxEach":{"amount":"1.04"},"discountEach":{"amount":"0"},"pvEach":"0"}}]},"currency":"EUR"},{"lines":{"items":[{"item":{"href":"https:\/\/hydraqa.unicity.net\/v5a-test\/items\/10da226fab00279b4f89df10af2a10b7","id":{"unicity":"26442"},"weightEach":{"value":0},"servingsPerContainer":0,"servingSize":0},"quantity":"1","terms":{"priceEach":"5.8","taxEach":{"amount":"1.22"},"discountEach":{"amount":"0"},"pvEach":"0"}}]},"currency":"EUR"},{"lines":{"items":[{"item":{"href":"https:\/\/hydraqa.unicity.net\/v5a-test\/items\/5147f8cfe32548e02fc158d4da9c4d6f","id":{"unicity":"27150"},"weightEach":{"value":0},"servingsPerContainer":0,"servingSize":0},"quantity":"1","terms":{"priceEach":"93.36","taxEach":{"amount":"8.4"},"discountEach":{"amount":"0"},"pvEach":"70"}}]},"currency":"EUR"},{"lines":{"items":[{"item":{"href":"https:\/\/hydraqa.unicity.net\/v5a-test\/items\/03eba2365025ccd85818846a83a16f47","id":{"unicity":"27163"},"weightEach":{"value":0},"servingsPerContainer":0,"servingSize":0},"quantity":"1","terms":{"priceEach":"74.67","taxEach":{"amount":"6.72"},"discountEach":{"amount":"0"},"pvEach":"54"}}]},"currency":"EUR"},{"lines":{"items":[{"item":{"href":"https:\/\/hydraqa.unicity.net\/v5a-test\/items\/7d4ad2792f7056e5f81eb24f118ef737","id":{"unicity":"27575"},"weightEach":{"value":0},"servingsPerContainer":0,"servingSize":0},"quantity":"1","terms":{"priceEach":"55.98","taxEach":{"amount":"5.04"},"discountEach":{"amount":"0"},"pvEach":"34"}}]},"currency":"EUR"},{"lines":{"items":[{"item":{"href":"https:\/\/hydraqa.unicity.net\/v5a-test\/items\/024e696f8b44a1d315006e676604cd31","id":{"unicity":"27395"},"weightEach":{"value":0},"servingsPerContainer":0,"servingSize":0},"quantity":"1","terms":{"priceEach":"29.81","taxEach":{"amount":"2.68"},"discountEach":{"amount":"0"},"pvEach":"18"}}]},"currency":"EUR"},{"lines":{"items":[{"item":{"href":"https:\/\/hydraqa.unicity.net\/v5a-test\/items\/4b2034f47fce90b87bba28c5c2d7c25d","id":{"unicity":"15880"},"weightEach":{"value":0},"servingsPerContainer":0,"servingSize":0},"quantity":"1","terms":{"priceEach":"51.31","taxEach":{"amount":"4.62"},"discountEach":{"amount":"0"},"pvEach":"33"}}]},"currency":"EUR"},{"lines":{"items":[{"item":{"href":"https:\/\/hydraqa.unicity.net\/v5a-test\/items\/398d06b858b960f6f38086d40608aef2","id":{"unicity":"26560"},"weightEach":{"value":0},"servingsPerContainer":0,"servingSize":0},"quantity":"1","terms":{"priceEach":"20.47","taxEach":{"amount":"1.84"},"discountEach":{"amount":"0"},"pvEach":"13"}}]},"currency":"EUR"},{"lines":{"items":[{"item":{"href":"https:\/\/hydraqa.unicity.net\/v5a-test\/items\/e218d1cac5f31e7ae4f5876c29c57377","id":{"unicity":"29017"},"weightEach":{"value":0},"servingsPerContainer":0,"servingSize":0},"quantity":"1","terms":{"priceEach":"37.29","taxEach":{"amount":"3.36"},"discountEach":{"amount":"0"},"pvEach":"23"}}]},"currency":"EUR"},{"lines":{"items":[{"item":{"href":"https:\/\/hydraqa.unicity.net\/v5a-test\/items\/3f2d12d7a0e8551fc99fad3bbe1ba633","id":{"unicity":"26567"},"weightEach":{"value":0},"servingsPerContainer":0,"servingSize":0},"quantity":"1","terms":{"priceEach":"55.98","taxEach":{"amount":"5.04"},"discountEach":{"amount":"0"},"pvEach":"26"}}]},"currency":"EUR"},{"lines":{"items":[{"item":{"href":"https:\/\/hydraqa.unicity.net\/v5a-test\/items\/191637167cb3144bd2e8c4615e9ab67e","id":{"unicity":"26568"},"weightEach":{"value":0},"servingsPerContainer":0,"servingSize":0},"quantity":"1","terms":{"priceEach":"55.98","taxEach":{"amount":"5.04"},"discountEach":{"amount":"0"},"pvEach":"26"}}]},"currency":"EUR"},{"lines":{"items":[{"item":{"href":"https:\/\/hydraqa.unicity.net\/v5a-test\/items\/64ec7ad932acafab052a4e8800ad1238","id":{"unicity":"24758"},"weightEach":{"value":0},"servingsPerContainer":0,"servingSize":0},"quantity":"1","terms":{"priceEach":"37.29","taxEach":{"amount":"3.36"},"discountEach":{"amount":"0"},"pvEach":"23"}}]},"currency":"EUR"},{"lines":{"items":[{"item":{"href":"https:\/\/hydraqa.unicity.net\/v5a-test\/items\/606f7be753c74dfbfe4b107276775140","id":{"unicity":"29821"},"weightEach":{"value":0},"servingsPerContainer":0,"servingSize":0},"quantity":"1","terms":{"priceEach":"79.35","taxEach":{"amount":"7.14"},"discountEach":{"amount":"0"},"pvEach":"59"}}]},"currency":"EUR"},{"lines":{"items":[{"item":{"href":"https:\/\/hydraqa.unicity.net\/v5a-test\/items\/94939f9be900906d2b47260ccba22a7b","id":{"unicity":"32012"},"weightEach":{"value":0},"servingsPerContainer":0,"servingSize":0},"quantity":"1","terms":{"priceEach":"13.93","taxEach":{"amount":"1.25"},"discountEach":{"amount":"0"},"pvEach":"6"}}]},"currency":"EUR"},{"lines":{"items":[{"item":{"href":"https:\/\/hydraqa.unicity.net\/v5a-test\/items\/2c4c1abe00983e85aaa918d2ce341491","id":{"unicity":"17174"},"weightEach":{"value":0},"servingsPerContainer":0,"servingSize":0},"quantity":"1","terms":{"priceEach":"37.29","taxEach":{"amount":"3.36"},"discountEach":{"amount":"0"},"pvEach":"23"}}]},"currency":"EUR"},{"lines":{"items":[{"item":{"href":"https:\/\/hydraqa.unicity.net\/v5a-test\/items\/991cdbb84a495779eb209fb3956a77e4","id":{"unicity":"29183"},"weightEach":{"value":0},"servingsPerContainer":0,"servingSize":0},"quantity":"1","terms":{"priceEach":"31.01","taxEach":{"amount":"6.51"},"discountEach":{"amount":"0"},"pvEach":"18"}}]},"currency":"EUR"},{"lines":{"items":[{"item":{"href":"https:\/\/hydraqa.unicity.net\/v5a-test\/items\/0e78fbdfebef11cd62f8d2120064ee58","id":{"unicity":"30280"},"weightEach":{"value":0},"servingsPerContainer":0,"servingSize":0},"quantity":"1","terms":{"priceEach":"33.53","taxEach":{"amount":"7.04"},"discountEach":{"amount":"0"},"pvEach":"20"}}]},"currency":"EUR"},{"lines":{"items":[{"item":{"href":"https:\/\/hydraqa.unicity.net\/v5a-test\/items\/beb900429fbb160dbfc3001c14d96df4","id":{"unicity":"29187"},"weightEach":{"value":0},"servingsPerContainer":0,"servingSize":0},"quantity":"1","terms":{"priceEach":"37.73","taxEach":{"amount":"7.92"},"discountEach":{"amount":"0"},"pvEach":"24"}}]},"currency":"EUR"},{"lines":{"items":[{"item":{"href":"https:\/\/hydraqa.unicity.net\/v5a-test\/items\/1b0412bea8c0b841c66f65a36aa14108","id":{"unicity":"29191"},"weightEach":{"value":0},"servingsPerContainer":0,"servingSize":0},"quantity":"1","terms":{"priceEach":"37.73","taxEach":{"amount":"7.92"},"discountEach":{"amount":"0"},"pvEach":"24"}}]},"currency":"EUR"},{"lines":{"items":[{"item":{"href":"https:\/\/hydraqa.unicity.net\/v5a-test\/items\/52c87f74d3b41ed49b0f897b66c2a99b","id":{"unicity":"30684"},"weightEach":{"value":0},"servingsPerContainer":0,"servingSize":0},"quantity":"1","terms":{"priceEach":"37.29","taxEach":{"amount":"3.36"},"discountEach":{"amount":"0"},"pvEach":"23"}}]},"currency":"EUR"},{"lines":{"items":[{"item":{"href":"https:\/\/hydraqa.unicity.net\/v5a-test\/items\/90f38f77c9e6ea5a71aa7377df83760b","id":{"unicity":"30198"},"weightEach":{"value":0},"servingsPerContainer":0,"servingSize":0},"quantity":"1","terms":{"priceEach":"19","taxEach":{"amount":"1.71"},"discountEach":{"amount":"0"},"pvEach":"16"}}]},"currency":"EUR"},{"lines":{"items":[{"item":{"href":"https:\/\/hydraqa.unicity.net\/v5a-test\/items\/ab2a2b07b17718843a66bee04ff40624","id":{"unicity":"31402"},"weightEach":{"value":0},"servingsPerContainer":0,"servingSize":0},"quantity":"1","terms":{"priceEach":"92.43","taxEach":{"amount":"8.32"},"discountEach":{"amount":"0"},"pvEach":"70"}}]},"currency":"EUR"},{"lines":{"items":[{"item":{"href":"https:\/\/hydraqa.unicity.net\/v5a-test\/items\/7e5e7df32701fd44947c8146f2129f7a","id":{"unicity":"31672"},"weightEach":{"value":0},"servingsPerContainer":0,"servingSize":0},"quantity":"1","terms":{"priceEach":"74.67","taxEach":{"amount":"6.72"},"discountEach":{"amount":"0"},"pvEach":"54"}}]},"currency":"EUR"},{"lines":{"items":[{"item":{"href":"https:\/\/hydraqa.unicity.net\/v5a-test\/items\/493c2ba720f847422eccc5da35024f33","id":{"unicity":"31534"},"weightEach":{"value":0},"servingsPerContainer":0,"servingSize":0},"quantity":"1","terms":{"priceEach":"26.07","taxEach":{"amount":"2.35"},"discountEach":{"amount":"0"},"pvEach":"16"}}]},"currency":"EUR"},{"lines":{"items":[{"item":{"href":"https:\/\/hydraqa.unicity.net\/v5a-test\/items\/bfddb53fe0d5ed5432c531dc9850cbe4","id":{"unicity":"29449"},"weightEach":{"value":0},"servingsPerContainer":0,"servingSize":0},"quantity":"1","terms":{"priceEach":"26.07","taxEach":{"amount":"2.35"},"discountEach":{"amount":"0"},"pvEach":"16"}}]},"currency":"EUR"},{"lines":{"items":[{"item":{"href":"https:\/\/hydraqa.unicity.net\/v5a-test\/items\/75b870fdff12be635674216fe88d3204","id":{"unicity":"29984"},"weightEach":{"value":0},"servingsPerContainer":0,"servingSize":0},"quantity":"1","terms":{"priceEach":"37.73","taxEach":{"amount":"7.92"},"discountEach":{"amount":"0"},"pvEach":"24"}}]},"currency":"EUR"},{"lines":{"items":[{"item":{"href":"https:\/\/hydraqa.unicity.net\/v5a-test\/items\/4d23d73a0d3d3e5fe9c383822040a9b0","id":{"unicity":"32191"},"weightEach":{"value":0},"servingsPerContainer":0,"servingSize":0},"quantity":"1","terms":{"priceEach":"1315.79","taxEach":{"amount":"118.42"},"discountEach":{"amount":"0"},"pvEach":"903"}}]},"currency":"EUR"},{"lines":{"items":[{"item":{"href":"https:\/\/hydraqa.unicity.net\/v5a-test\/items\/e9fe58342fff74ec4f4430f7c622816e","id":{"unicity":"31870"},"weightEach":{"value":0},"servingsPerContainer":0,"servingSize":0},"quantity":"1","terms":{"priceEach":"20.47","taxEach":{"amount":"1.84"},"discountEach":{"amount":"0"},"pvEach":"9"}}]},"currency":"EUR"},{"lines":{"items":[{"item":{"href":"https:\/\/hydraqa.unicity.net\/v5a-test\/items\/fbb6dbd577adb73abaec364076fb288f","id":{"unicity":"32087"},"weightEach":{"value":0},"servingsPerContainer":0,"servingSize":0},"quantity":"1","terms":{"priceEach":"20.47","taxEach":{"amount":"1.84"},"discountEach":{"amount":"0"},"pvEach":"9"}}]},"currency":"EUR"},{"lines":{"items":[{"item":{"href":"https:\/\/hydraqa.unicity.net\/v5a-test\/items\/35dcc0035e442bbe6482f178ec38522c","id":{"unicity":"31868"},"weightEach":{"value":0},"servingsPerContainer":0,"servingSize":0},"quantity":"1","terms":{"priceEach":"20.47","taxEach":{"amount":"1.84"},"discountEach":{"amount":"0"},"pvEach":"9"}}]},"currency":"EUR"},{"lines":{"items":[{"item":{"href":"https:\/\/hydraqa.unicity.net\/v5a-test\/items\/baa263a2750aa330fbd9e5b96fdb2b55","id":{"unicity":"32609"},"weightEach":{"value":0},"servingsPerContainer":0,"servingSize":0},"quantity":"1","terms":{"priceEach":"55.98","taxEach":{"amount":"0"},"discountEach":{"amount":"0"},"pvEach":"34"}}]},"currency":"EUR"}]}
Entry request : {"order":{"customer":{"href":"https://hydraqa.unicity.net/v5a-test/customers?type=Associate"},"shipToAddress":{"country":"HU"}},"vary":{"lines":{"items":[{"item":{"href":"https://hydraqa.unicity.net/v5a-test/items?id.unicity=27160|27166|28601|28604|31336|31763|31951|31952|32128|32129|32130|32132|32133|32134|32135|32136|32137|32138|32125|18511|19941|22178|26422|27156|27158|27617|27660|27587|31772|29317|32126|32127|29833|30139|29316|24274|24418|26442|27150|27163|27575|27395|15880|26560|29017|26567|26568|24758|29821|32012|17174|29181|29183|30280|29187|29191|30684|30198|29522|31402|31672|31534|29449|29984|32191|31870|32087|31868|32609"}}]}}}
]]></system-out>
    <system-err><![CDATA[Starting ChromeDriver 2.36.540470 (e522d04694c7ebea4ba8821272dbef4f9b818c91) on port 12644
Only local connections are allowed.
Jan 07, 2020 3:04:48 PM org.openqa.selenium.remote.ProtocolHandshake createSession
INFO: Detected dialect: OSS
]]></system-err>
  </testcase>
  <testcase name="Enroll" classname="Tests.FranchisePartner" time="105.959"/>
  <testcase name="Enroll" classname="Tests.FranchisePartner" time="274.652">
    <failure message="Minor Summary Labels is Displaying expected [[Sommario Dell&apos;Iscrizione, Impostazioni di Iscrizione, A proposito di te, Opzioni per il Pagamento della Commissione, Il tuo indirizzo di consegna, Il tuo indirizzo di fatturazione/indirizzo primario, Le tue informazioni di pagamento, Termini e Condizioni, Sommario]] but found [[Informazioni Della Carta di Credito, Indirizzo di Fatturazione, Indirizzo di spedizione, Metodo di spedizione, Sommario]]" type="java.lang.AssertionError">java.lang.AssertionError: Minor Summary Labels is Displaying expected [[Sommario Dell'Iscrizione, Impostazioni di Iscrizione, A proposito di te, Opzioni per il Pagamento della Commissione, Il tuo indirizzo di consegna, Il tuo indirizzo di fatturazione/indirizzo primario, Le tue informazioni di pagamento, Termini e Condizioni, Sommario]] but found [[Informazioni Della Carta di Credito, Indirizzo di Fatturazione, Indirizzo di spedizione, Metodo di spedizione, Sommario]]
	at Tests.FranchisePartner.Enroll(FranchisePartner.java:265)
</failure>
    <system-out><![CDATA[Request URL: https://hydraqa.unicity.net/v5a-test/quotes?&expand=item
Entry Quotes response : {"items":[{"lines":{"items":[{"item":{"href":"https:\/\/hydraqa.unicity.net\/v5a-test\/items\/8ebe36e26bc7f2559920b09303d22826","id":{"unicity":"25738"},"weightEach":{"value":0},"servingsPerContainer":0,"servingSize":0},"quantity":"1","terms":{"priceEach":"233","taxEach":{"amount":"23.3"},"discountEach":{"amount":"0"},"pvEach":"172"}}]},"currency":"EUR"},{"lines":{"items":[{"item":{"href":"https:\/\/hydraqa.unicity.net\/v5a-test\/items\/6447f84f6ef7782049a369b983428bb7","id":{"unicity":"31336"},"weightEach":{"value":0},"servingsPerContainer":0,"servingSize":0},"quantity":"1","terms":{"priceEach":"224.21","taxEach":{"amount":"22.42"},"discountEach":{"amount":"0"},"pvEach":"165"}}]},"currency":"EUR"},{"lines":{"items":[{"item":{"href":"https:\/\/hydraqa.unicity.net\/v5a-test\/items\/31cb0679f65df8fa9a4fc3d7e38b72b3","id":{"unicity":"31763"},"weightEach":{"value":0},"servingsPerContainer":0,"servingSize":0},"quantity":"1","terms":{"priceEach":"243.3","taxEach":{"amount":"24.33"},"discountEach":{"amount":"0"},"pvEach":"181"}}]},"currency":"EUR"},{"lines":{"items":[{"item":{"href":"https:\/\/hydraqa.unicity.net\/v5a-test\/items\/e9991b48ac639367d526d2b9b22fac8c","id":{"unicity":"32128"},"weightEach":{"value":0},"servingsPerContainer":0,"servingSize":0},"quantity":"1","terms":{"priceEach":"371.87","taxEach":{"amount":"37.19"},"discountEach":{"amount":"0"},"pvEach":"253"}}]},"currency":"EUR"},{"lines":{"items":[{"item":{"href":"https:\/\/hydraqa.unicity.net\/v5a-test\/items\/40b3312de189221d96d838d33a8ec49d","id":{"unicity":"32129"},"weightEach":{"value":0},"servingsPerContainer":0,"servingSize":0},"quantity":"1","terms":{"priceEach":"371.87","taxEach":{"amount":"37.19"},"discountEach":{"amount":"0"},"pvEach":"254"}}]},"currency":"EUR"},{"lines":{"items":[{"item":{"href":"https:\/\/hydraqa.unicity.net\/v5a-test\/items\/6bd168a66ce41003a8f30917deff5808","id":{"unicity":"32130"},"weightEach":{"value":0},"servingsPerContainer":0,"servingSize":0},"quantity":"1","terms":{"priceEach":"363.46","taxEach":{"amount":"36.35"},"discountEach":{"amount":"0"},"pvEach":"252"}}]},"currency":"EUR"},{"lines":{"items":[{"item":{"href":"https:\/\/hydraqa.unicity.net\/v5a-test\/items\/806f99b793edd7cd0b1c158ba0eb3142","id":{"unicity":"32132"},"weightEach":{"value":0},"servingsPerContainer":0,"servingSize":0},"quantity":"1","terms":{"priceEach":"355.98","taxEach":{"amount":"35.6"},"discountEach":{"amount":"0"},"pvEach":"253"}}]},"currency":"EUR"},{"lines":{"items":[{"item":{"href":"https:\/\/hydraqa.unicity.net\/v5a-test\/items\/e3d382d99fde8659cb146b54116e7654","id":{"unicity":"32133"},"weightEach":{"value":0},"servingsPerContainer":0,"servingSize":0},"quantity":"1","terms":{"priceEach":"364.39","taxEach":{"amount":"36.44"},"discountEach":{"amount":"0"},"pvEach":"252"}}]},"currency":"EUR"},{"lines":{"items":[{"item":{"href":"https:\/\/hydraqa.unicity.net\/v5a-test\/items\/022f109fe6e5eae3e521295a5cb94c60","id":{"unicity":"32134"},"weightEach":{"value":0},"servingsPerContainer":0,"servingSize":0},"quantity":"1","terms":{"priceEach":"144.77","taxEach":{"amount":"14.48"},"discountEach":{"amount":"0"},"pvEach":"101"}}]},"currency":"EUR"},{"lines":{"items":[{"item":{"href":"https:\/\/hydraqa.unicity.net\/v5a-test\/items\/ded00960d5e948dd8e511a9c752e1ff9","id":{"unicity":"32135"},"weightEach":{"value":0},"servingsPerContainer":0,"servingSize":0},"quantity":"1","terms":{"priceEach":"154.11","taxEach":{"amount":"15.41"},"discountEach":{"amount":"0"},"pvEach":"113"}}]},"currency":"EUR"},{"lines":{"items":[{"item":{"href":"https:\/\/hydraqa.unicity.net\/v5a-test\/items\/d8736cc35cf9f4734fd76da71c53dc05","id":{"unicity":"32136"},"weightEach":{"value":0},"servingsPerContainer":0,"servingSize":0},"quantity":"1","terms":{"priceEach":"141.96","taxEach":{"amount":"0"},"discountEach":{"amount":"0"},"pvEach":"102"}}]},"currency":"EUR"},{"lines":{"items":[{"item":{"href":"https:\/\/hydraqa.unicity.net\/v5a-test\/items\/166a69d45c4ae40278554e24d5f40443","id":{"unicity":"32137"},"weightEach":{"value":0},"servingsPerContainer":0,"servingSize":0},"quantity":"1","terms":{"priceEach":"168.13","taxEach":{"amount":"16.81"},"discountEach":{"amount":"0"},"pvEach":"118"}}]},"currency":"EUR"},{"lines":{"items":[{"item":{"href":"https:\/\/hydraqa.unicity.net\/v5a-test\/items\/d04a0b8762b20202b6273114fb7302d1","id":{"unicity":"32138"},"weightEach":{"value":0},"servingsPerContainer":0,"servingSize":0},"quantity":"1","terms":{"priceEach":"224.21","taxEach":{"amount":"22.42"},"discountEach":{"amount":"0"},"pvEach":"152"}}]},"currency":"EUR"},{"lines":{"items":[{"item":{"href":"https:\/\/hydraqa.unicity.net\/v5a-test\/items\/e13d0b5c40704ad5dd186959367c97f1","id":{"unicity":"32125"},"weightEach":{"value":0},"servingsPerContainer":0,"servingSize":0},"quantity":"1","terms":{"priceEach":"373.74","taxEach":{"amount":"37.37"},"discountEach":{"amount":"0"},"pvEach":"250"}}]},"currency":"EUR"},{"lines":{"items":[{"item":{"href":"https:\/\/hydraqa.unicity.net\/v5a-test\/items\/c451532f63a06f0e9a054e946a1a1c3b","id":{"unicity":"18511"},"weightEach":{"value":0},"servingsPerContainer":0,"servingSize":0},"quantity":"1","terms":{"priceEach":"37.29","taxEach":{"amount":"3.73"},"discountEach":{"amount":"0"},"pvEach":"23"}}]},"currency":"EUR"},{"lines":{"items":[{"item":{"href":"https:\/\/hydraqa.unicity.net\/v5a-test\/items\/4e49c95f12ae7be78e5ffab68b8b3ca6","id":{"unicity":"26422"},"weightEach":{"value":0},"servingsPerContainer":0,"servingSize":0},"quantity":"1","terms":{"priceEach":"19","taxEach":{"amount":"1.9"},"discountEach":{"amount":"0"},"pvEach":"16"}}]},"currency":"EUR"},{"lines":{"items":[{"item":{"href":"https:\/\/hydraqa.unicity.net\/v5a-test\/items\/50e73ecfa509ac20c4a250f9cb32fdfc","id":{"unicity":"27156"},"weightEach":{"value":0},"servingsPerContainer":0,"servingSize":0},"quantity":"1","terms":{"priceEach":"20.47","taxEach":{"amount":"2.05"},"discountEach":{"amount":"0"},"pvEach":"13"}}]},"currency":"EUR"},{"lines":{"items":[{"item":{"href":"https:\/\/hydraqa.unicity.net\/v5a-test\/items\/0c0717a26fcfe40310e906487e8a12f7","id":{"unicity":"28601"},"weightEach":{"value":0},"servingsPerContainer":0,"servingSize":0},"quantity":"1","terms":{"priceEach":"74.67","taxEach":{"amount":"7.47"},"discountEach":{"amount":"0"},"pvEach":"54"}}]},"currency":"EUR"},{"lines":{"items":[{"item":{"href":"https:\/\/hydraqa.unicity.net\/v5a-test\/items\/4790a55c442b5dc75a13b155e78c1842","id":{"unicity":"28604"},"weightEach":{"value":0},"servingsPerContainer":0,"servingSize":0},"quantity":"1","terms":{"priceEach":"74.67","taxEach":{"amount":"7.47"},"discountEach":{"amount":"0"},"pvEach":"54"}}]},"currency":"EUR"},{"lines":{"items":[{"item":{"href":"https:\/\/hydraqa.unicity.net\/v5a-test\/items\/024e696f8b44a1d315006e676604cd31","id":{"unicity":"27395"},"weightEach":{"value":0},"servingsPerContainer":0,"servingSize":0},"quantity":"1","terms":{"priceEach":"29.81","taxEach":{"amount":"2.98"},"discountEach":{"amount":"0"},"pvEach":"18"}}]},"currency":"EUR"},{"lines":{"items":[{"item":{"href":"https:\/\/hydraqa.unicity.net\/v5a-test\/items\/398d06b858b960f6f38086d40608aef2","id":{"unicity":"26560"},"weightEach":{"value":0},"servingsPerContainer":0,"servingSize":0},"quantity":"1","terms":{"priceEach":"20.47","taxEach":{"amount":"2.05"},"discountEach":{"amount":"0"},"pvEach":"13"}}]},"currency":"EUR"},{"lines":{"items":[{"item":{"href":"https:\/\/hydraqa.unicity.net\/v5a-test\/items\/3f2d12d7a0e8551fc99fad3bbe1ba633","id":{"unicity":"26567"},"weightEach":{"value":0},"servingsPerContainer":0,"servingSize":0},"quantity":"1","terms":{"priceEach":"55.98","taxEach":{"amount":"5.6"},"discountEach":{"amount":"0"},"pvEach":"26"}}]},"currency":"EUR"},{"lines":{"items":[{"item":{"href":"https:\/\/hydraqa.unicity.net\/v5a-test\/items\/191637167cb3144bd2e8c4615e9ab67e","id":{"unicity":"26568"},"weightEach":{"value":0},"servingsPerContainer":0,"servingSize":0},"quantity":"1","terms":{"priceEach":"55.98","taxEach":{"amount":"5.6"},"discountEach":{"amount":"0"},"pvEach":"26"}}]},"currency":"EUR"},{"lines":{"items":[{"item":{"href":"https:\/\/hydraqa.unicity.net\/v5a-test\/items\/64ec7ad932acafab052a4e8800ad1238","id":{"unicity":"24758"},"weightEach":{"value":0},"servingsPerContainer":0,"servingSize":0},"quantity":"1","terms":{"priceEach":"37.29","taxEach":{"amount":"3.73"},"discountEach":{"amount":"0"},"pvEach":"23"}}]},"currency":"EUR"},{"lines":{"items":[{"item":{"href":"https:\/\/hydraqa.unicity.net\/v5a-test\/items\/e94fcfc2ccd32bdd994f472b5cce1cb4","id":{"unicity":"27610"},"weightEach":{"value":0},"servingsPerContainer":0,"servingSize":0},"quantity":"1","terms":{"priceEach":"55.98","taxEach":{"amount":"5.6"},"discountEach":{"amount":"0"},"pvEach":"34"}}]},"currency":"EUR"},{"lines":{"items":[{"item":{"href":"https:\/\/hydraqa.unicity.net\/v5a-test\/items\/db0a2b02eaabc5ad45fe91ba5c7bcf5a","id":{"unicity":"31772"},"weightEach":{"value":0},"servingsPerContainer":0,"servingSize":0},"quantity":"1","terms":{"priceEach":"8.32","taxEach":{"amount":"1.83"},"discountEach":{"amount":"0"},"pvEach":"0"}}]},"currency":"EUR"},{"lines":{"items":[{"item":{"href":"https:\/\/hydraqa.unicity.net\/v5a-test\/items\/e7a22b0190431133928cfe16c5cfe824","id":{"unicity":"26671"},"weightEach":{"value":0},"servingsPerContainer":0,"servingSize":0},"quantity":"1","terms":{"priceEach":"24.79","taxEach":{"amount":"5.45"},"discountEach":{"amount":"0"},"pvEach":"0"}}]},"currency":"EUR"},{"lines":{"items":[{"item":{"href":"https:\/\/hydraqa.unicity.net\/v5a-test\/items\/d92292ba2f23c030e4a1f63eb3ebe1ce","id":{"unicity":"27158"},"weightEach":{"value":0},"servingsPerContainer":0,"servingSize":0},"quantity":"1","terms":{"priceEach":"27.94","taxEach":{"amount":"2.79"},"discountEach":{"amount":"0"},"pvEach":"23"}}]},"currency":"EUR"},{"lines":{"items":[{"item":{"href":"https:\/\/hydraqa.unicity.net\/v5a-test\/items\/112b8c39286598b3730f630f371a45f4","id":{"unicity":"27587"},"weightEach":{"value":0},"servingsPerContainer":0,"servingSize":0},"quantity":"1","terms":{"priceEach":"55.98","taxEach":{"amount":"5.6"},"discountEach":{"amount":"0"},"pvEach":"34"}}]},"currency":"EUR"},{"lines":{"items":[{"item":{"href":"https:\/\/hydraqa.unicity.net\/v5a-test\/items\/606f7be753c74dfbfe4b107276775140","id":{"unicity":"29821"},"weightEach":{"value":0},"servingsPerContainer":0,"servingSize":0},"quantity":"1","terms":{"priceEach":"79.35","taxEach":{"amount":"7.94"},"discountEach":{"amount":"0"},"pvEach":"59"}}]},"currency":"EUR"},{"lines":{"items":[{"item":{"href":"https:\/\/hydraqa.unicity.net\/v5a-test\/items\/3d89c4f7e508dfba4018dc9c732084de","id":{"unicity":"29181"},"weightEach":{"value":0},"servingsPerContainer":0,"servingSize":0},"quantity":"1","terms":{"priceEach":"16.72","taxEach":{"amount":"3.68"},"discountEach":{"amount":"0"},"pvEach":"9"}}]},"currency":"EUR"},{"lines":{"items":[{"item":{"href":"https:\/\/hydraqa.unicity.net\/v5a-test\/items\/991cdbb84a495779eb209fb3956a77e4","id":{"unicity":"29183"},"weightEach":{"value":0},"servingsPerContainer":0,"servingSize":0},"quantity":"1","terms":{"priceEach":"31.01","taxEach":{"amount":"6.82"},"discountEach":{"amount":"0"},"pvEach":"18"}}]},"currency":"EUR"},{"lines":{"items":[{"item":{"href":"https:\/\/hydraqa.unicity.net\/v5a-test\/items\/0e78fbdfebef11cd62f8d2120064ee58","id":{"unicity":"30280"},"weightEach":{"value":0},"servingsPerContainer":0,"servingSize":0},"quantity":"1","terms":{"priceEach":"33.53","taxEach":{"amount":"7.38"},"discountEach":{"amount":"0"},"pvEach":"20"}}]},"currency":"EUR"},{"lines":{"items":[{"item":{"href":"https:\/\/hydraqa.unicity.net\/v5a-test\/items\/beb900429fbb160dbfc3001c14d96df4","id":{"unicity":"29187"},"weightEach":{"value":0},"servingsPerContainer":0,"servingSize":0},"quantity":"1","terms":{"priceEach":"37.73","taxEach":{"amount":"8.3"},"discountEach":{"amount":"0"},"pvEach":"24"}}]},"currency":"EUR"},{"lines":{"items":[{"item":{"href":"https:\/\/hydraqa.unicity.net\/v5a-test\/items\/1b0412bea8c0b841c66f65a36aa14108","id":{"unicity":"29191"},"weightEach":{"value":0},"servingsPerContainer":0,"servingSize":0},"quantity":"1","terms":{"priceEach":"37.73","taxEach":{"amount":"8.3"},"discountEach":{"amount":"0"},"pvEach":"24"}}]},"currency":"EUR"},{"lines":{"items":[{"item":{"href":"https:\/\/hydraqa.unicity.net\/v5a-test\/items\/90f38f77c9e6ea5a71aa7377df83760b","id":{"unicity":"30198"},"weightEach":{"value":0},"servingsPerContainer":0,"servingSize":0},"quantity":"1","terms":{"priceEach":"19","taxEach":{"amount":"0"},"discountEach":{"amount":"0"},"pvEach":"16"}}]},"currency":"EUR"},{"lines":{"items":[{"item":{"href":"https:\/\/hydraqa.unicity.net\/v5a-test\/items\/ab2a2b07b17718843a66bee04ff40624","id":{"unicity":"31402"},"weightEach":{"value":0},"servingsPerContainer":0,"servingSize":0},"quantity":"1","terms":{"priceEach":"92.43","taxEach":{"amount":"9.24"},"discountEach":{"amount":"0"},"pvEach":"70"}}]},"currency":"EUR"},{"lines":{"items":[{"item":{"href":"https:\/\/hydraqa.unicity.net\/v5a-test\/items\/217ca02fbd24e21ca5281412756238ab","id":{"unicity":"32126"},"weightEach":{"value":0},"servingsPerContainer":0,"servingSize":0},"quantity":"1","terms":{"priceEach":"152.24","taxEach":{"amount":"16.22"},"discountEach":{"amount":"0"},"pvEach":"101"}}]},"currency":"EUR"},{"lines":{"items":[{"item":{"href":"https:\/\/hydraqa.unicity.net\/v5a-test\/items\/808008a0657d2033ad471c39bbce9891","id":{"unicity":"32127"},"weightEach":{"value":0},"servingsPerContainer":0,"servingSize":0},"quantity":"1","terms":{"priceEach":"162.34","taxEach":{"amount":"16.23"},"discountEach":{"amount":"0"},"pvEach":"113"}}]},"currency":"EUR"},{"lines":{"items":[{"item":{"href":"https:\/\/hydraqa.unicity.net\/v5a-test\/items\/10df0fc3509b53cbeaeb9476ca92d520","id":{"unicity":"29833"},"weightEach":{"value":0},"servingsPerContainer":0,"servingSize":0},"quantity":"1","terms":{"priceEach":"90.56","taxEach":{"amount":"9.06"},"discountEach":{"amount":"0"},"pvEach":"69"}}]},"currency":"EUR"},{"lines":{"items":[{"item":{"href":"https:\/\/hydraqa.unicity.net\/v5a-test\/items\/332daeac6796ed016ea8b7d0bc42c2d4","id":{"unicity":"24274"},"weightEach":{"value":0},"servingsPerContainer":0,"servingSize":0},"quantity":"1","terms":{"priceEach":"7.48","taxEach":{"amount":"1.65"},"discountEach":{"amount":"0"},"pvEach":"0"}}]},"currency":"EUR"},{"lines":{"items":[{"item":{"href":"https:\/\/hydraqa.unicity.net\/v5a-test\/items\/1945faa1776541d53120ecfe3c1d8a2b","id":{"unicity":"24418"},"weightEach":{"value":0},"servingsPerContainer":0,"servingSize":0},"quantity":"1","terms":{"priceEach":"4.96","taxEach":{"amount":"1.09"},"discountEach":{"amount":"0"},"pvEach":"0"}}]},"currency":"EUR"},{"lines":{"items":[{"item":{"href":"https:\/\/hydraqa.unicity.net\/v5a-test\/items\/10da226fab00279b4f89df10af2a10b7","id":{"unicity":"26442"},"weightEach":{"value":0},"servingsPerContainer":0,"servingSize":0},"quantity":"1","terms":{"priceEach":"5.8","taxEach":{"amount":"1.28"},"discountEach":{"amount":"0"},"pvEach":"0"}}]},"currency":"EUR"},{"lines":{"items":[{"item":{"href":"https:\/\/hydraqa.unicity.net\/v5a-test\/items\/5147f8cfe32548e02fc158d4da9c4d6f","id":{"unicity":"27150"},"weightEach":{"value":0},"servingsPerContainer":0,"servingSize":0},"quantity":"1","terms":{"priceEach":"93.36","taxEach":{"amount":"9.34"},"discountEach":{"amount":"0"},"pvEach":"70"}}]},"currency":"EUR"},{"lines":{"items":[{"item":{"href":"https:\/\/hydraqa.unicity.net\/v5a-test\/items\/03eba2365025ccd85818846a83a16f47","id":{"unicity":"27163"},"weightEach":{"value":0},"servingsPerContainer":0,"servingSize":0},"quantity":"1","terms":{"priceEach":"74.67","taxEach":{"amount":"7.47"},"discountEach":{"amount":"0"},"pvEach":"54"}}]},"currency":"EUR"},{"lines":{"items":[{"item":{"href":"https:\/\/hydraqa.unicity.net\/v5a-test\/items\/ac37bf51ff7e4fe860da8457f6ce0425","id":{"unicity":"27166"},"weightEach":{"value":0},"servingsPerContainer":0,"servingSize":0},"quantity":"1","terms":{"priceEach":"74.67","taxEach":{"amount":"7.47"},"discountEach":{"amount":"0"},"pvEach":"54"}}]},"currency":"EUR"},{"lines":{"items":[{"item":{"href":"https:\/\/hydraqa.unicity.net\/v5a-test\/items\/fc6a55f19d99547a667b22a83c35ca13","id":{"unicity":"27436"},"weightEach":{"value":0},"servingsPerContainer":0,"servingSize":0},"quantity":"1","terms":{"priceEach":"74.67","taxEach":{"amount":"7.47"},"discountEach":{"amount":"0"},"pvEach":"53"}}]},"currency":"EUR"},{"lines":{"items":[{"item":{"href":"https:\/\/hydraqa.unicity.net\/v5a-test\/items\/0eebdede5bdb8bf4d71e800b6f3cead1","id":{"unicity":"30825"},"weightEach":{"value":0},"servingsPerContainer":0,"servingSize":0},"quantity":"1","terms":{"priceEach":"37.29","taxEach":{"amount":"3.73"},"discountEach":{"amount":"0"},"pvEach":"23"}}]},"currency":"EUR"},{"lines":{"items":[{"item":{"href":"https:\/\/hydraqa.unicity.net\/v5a-test\/items\/4b2034f47fce90b87bba28c5c2d7c25d","id":{"unicity":"15880"},"weightEach":{"value":0},"servingsPerContainer":0,"servingSize":0},"quantity":"1","terms":{"priceEach":"51.31","taxEach":{"amount":"5.13"},"discountEach":{"amount":"0"},"pvEach":"33"}}]},"currency":"EUR"},{"lines":{"items":[{"item":{"href":"https:\/\/hydraqa.unicity.net\/v5a-test\/items\/94939f9be900906d2b47260ccba22a7b","id":{"unicity":"32012"},"weightEach":{"value":0},"servingsPerContainer":0,"servingSize":0},"quantity":"1","terms":{"priceEach":"13.93","taxEach":{"amount":"1.39"},"discountEach":{"amount":"0"},"pvEach":"6"}}]},"currency":"EUR"},{"lines":{"items":[{"item":{"href":"https:\/\/hydraqa.unicity.net\/v5a-test\/items\/52c87f74d3b41ed49b0f897b66c2a99b","id":{"unicity":"30684"},"weightEach":{"value":0},"servingsPerContainer":0,"servingSize":0},"quantity":"1","terms":{"priceEach":"37.29","taxEach":{"amount":"3.73"},"discountEach":{"amount":"0"},"pvEach":"23"}}]},"currency":"EUR"},{"lines":{"items":[{"item":{"href":"https:\/\/hydraqa.unicity.net\/v5a-test\/items\/7e5e7df32701fd44947c8146f2129f7a","id":{"unicity":"31672"},"weightEach":{"value":0},"servingsPerContainer":0,"servingSize":0},"quantity":"1","terms":{"priceEach":"74.67","taxEach":{"amount":"7.47"},"discountEach":{"amount":"0"},"pvEach":"54"}}]},"currency":"EUR"},{"lines":{"items":[{"item":{"href":"https:\/\/hydraqa.unicity.net\/v5a-test\/items\/493c2ba720f847422eccc5da35024f33","id":{"unicity":"31534"},"weightEach":{"value":0},"servingsPerContainer":0,"servingSize":0},"quantity":"1","terms":{"priceEach":"26.07","taxEach":{"amount":"2.61"},"discountEach":{"amount":"0"},"pvEach":"16"}}]},"currency":"EUR"},{"lines":{"items":[{"item":{"href":"https:\/\/hydraqa.unicity.net\/v5a-test\/items\/75b870fdff12be635674216fe88d3204","id":{"unicity":"29984"},"weightEach":{"value":0},"servingsPerContainer":0,"servingSize":0},"quantity":"1","terms":{"priceEach":"37.73","taxEach":{"amount":"8.3"},"discountEach":{"amount":"0"},"pvEach":"24"}}]},"currency":"EUR"},{"lines":{"items":[{"item":{"href":"https:\/\/hydraqa.unicity.net\/v5a-test\/items\/4d23d73a0d3d3e5fe9c383822040a9b0","id":{"unicity":"32191"},"weightEach":{"value":0},"servingsPerContainer":0,"servingSize":0},"quantity":"1","terms":{"priceEach":"1315.79","taxEach":{"amount":"131.58"},"discountEach":{"amount":"0"},"pvEach":"903"}}]},"currency":"EUR"},{"lines":{"items":[{"item":{"href":"https:\/\/hydraqa.unicity.net\/v5a-test\/items\/e9fe58342fff74ec4f4430f7c622816e","id":{"unicity":"31870"},"weightEach":{"value":0},"servingsPerContainer":0,"servingSize":0},"quantity":"1","terms":{"priceEach":"20.47","taxEach":{"amount":"2.05"},"discountEach":{"amount":"0"},"pvEach":"9"}}]},"currency":"EUR"},{"lines":{"items":[{"item":{"href":"https:\/\/hydraqa.unicity.net\/v5a-test\/items\/fbb6dbd577adb73abaec364076fb288f","id":{"unicity":"32087"},"weightEach":{"value":0},"servingsPerContainer":0,"servingSize":0},"quantity":"1","terms":{"priceEach":"20.47","taxEach":{"amount":"2.05"},"discountEach":{"amount":"0"},"pvEach":"9"}}]},"currency":"EUR"},{"lines":{"items":[{"item":{"href":"https:\/\/hydraqa.unicity.net\/v5a-test\/items\/35dcc0035e442bbe6482f178ec38522c","id":{"unicity":"31868"},"weightEach":{"value":0},"servingsPerContainer":0,"servingSize":0},"quantity":"1","terms":{"priceEach":"20.47","taxEach":{"amount":"2.05"},"discountEach":{"amount":"0"},"pvEach":"9"}}]},"currency":"EUR"},{"lines":{"items":[{"item":{"href":"https:\/\/hydraqa.unicity.net\/v5a-test\/items\/baa263a2750aa330fbd9e5b96fdb2b55","id":{"unicity":"32609"},"weightEach":{"value":0},"servingsPerContainer":0,"servingSize":0},"quantity":"1","terms":{"priceEach":"55.98","taxEach":{"amount":"5.6"},"discountEach":{"amount":"0"},"pvEach":"34"}}]},"currency":"EUR"}]}
Entry request : {"order":{"customer":{"href":"https://hydraqa.unicity.net/v5a-test/customers?type=Associate"},"shipToAddress":{"country":"IT"}},"vary":{"lines":{"items":[{"item":{"href":"https://hydraqa.unicity.net/v5a-test/items?id.unicity=25738|31336|31763|31951|31952|32128|32129|32130|32132|32133|32134|32135|32136|32137|32138|32125|18511|26422|27156|27660|28601|28604|27395|26560|26567|26568|24758|27610|31772|26671|27158|27587|29821|30139|29181|29183|30280|29187|29191|30198|31402|32126|32127|29833|20750|24274|24418|26442|27150|27163|27166|27436|30825|15880|32012|30684|31672|31534|29984|32191|31870|32087|31868|32609"}}]}}}
Request URL: https://hydraqa.unicity.net/v5a-test/customers.js?callback=angular.callbacks._1&expand=customer,profilePicture&id.unicity=36554001
Request URL: https://hydraqa.unicity.net/v5a-test/customers.js?_httpMethod=HEAD&callback=angular.callbacks._7&email=XRMAWK@gmail.com
Request URL: https://hydraqa.unicity.net/v5a-test/shippingmethods.js?callback=angular.callbacks._a&destination=IT&market=IT
]]></system-out>
    <system-err><![CDATA[Starting ChromeDriver 2.36.540470 (e522d04694c7ebea4ba8821272dbef4f9b818c91) on port 12884
Only local connections are allowed.
Jan 07, 2020 3:10:20 PM org.openqa.selenium.remote.ProtocolHandshake createSession
INFO: Detected dialect: OSS
]]></system-err>
  </testcase>
  <testcase name="Enroll" classname="Tests.FranchisePartner" time="242.761">
    <failure message="Major Quotes Call Packs is not Displaying: lists don&apos;t have the same size expected [59] but found [58]" type="java.lang.AssertionError">java.lang.AssertionError: Major Quotes Call Packs is not Displaying: lists don't have the same size expected [59] but found [58]
	at Tests.FranchisePartner.Enroll(FranchisePartner.java:262)
</failure>
    <system-out><![CDATA[Request URL: https://hydraqa.unicity.net/v5a-test/quotes?&expand=item
Entry Quotes response : {"items":[{"lines":{"items":[{"item":{"href":"https:\/\/hydraqa.unicity.net\/v5a-test\/items\/8ebe36e26bc7f2559920b09303d22826","id":{"unicity":"25738"},"weightEach":{"value":0},"servingsPerContainer":0,"servingSize":0},"quantity":"1","terms":{"priceEach":"233","taxEach":{"amount":"23.3"},"discountEach":{"amount":"0"},"pvEach":"172"}}]},"currency":"EUR"},{"lines":{"items":[{"item":{"href":"https:\/\/hydraqa.unicity.net\/v5a-test\/items\/6447f84f6ef7782049a369b983428bb7","id":{"unicity":"31336"},"weightEach":{"value":0},"servingsPerContainer":0,"servingSize":0},"quantity":"1","terms":{"priceEach":"224.21","taxEach":{"amount":"22.42"},"discountEach":{"amount":"0"},"pvEach":"165"}}]},"currency":"EUR"},{"lines":{"items":[{"item":{"href":"https:\/\/hydraqa.unicity.net\/v5a-test\/items\/31cb0679f65df8fa9a4fc3d7e38b72b3","id":{"unicity":"31763"},"weightEach":{"value":0},"servingsPerContainer":0,"servingSize":0},"quantity":"1","terms":{"priceEach":"243.3","taxEach":{"amount":"24.33"},"discountEach":{"amount":"0"},"pvEach":"181"}}]},"currency":"EUR"},{"lines":{"items":[{"item":{"href":"https:\/\/hydraqa.unicity.net\/v5a-test\/items\/e9991b48ac639367d526d2b9b22fac8c","id":{"unicity":"32128"},"weightEach":{"value":0},"servingsPerContainer":0,"servingSize":0},"quantity":"1","terms":{"priceEach":"371.87","taxEach":{"amount":"37.19"},"discountEach":{"amount":"0"},"pvEach":"253"}}]},"currency":"EUR"},{"lines":{"items":[{"item":{"href":"https:\/\/hydraqa.unicity.net\/v5a-test\/items\/40b3312de189221d96d838d33a8ec49d","id":{"unicity":"32129"},"weightEach":{"value":0},"servingsPerContainer":0,"servingSize":0},"quantity":"1","terms":{"priceEach":"371.87","taxEach":{"amount":"37.19"},"discountEach":{"amount":"0"},"pvEach":"254"}}]},"currency":"EUR"},{"lines":{"items":[{"item":{"href":"https:\/\/hydraqa.unicity.net\/v5a-test\/items\/6bd168a66ce41003a8f30917deff5808","id":{"unicity":"32130"},"weightEach":{"value":0},"servingsPerContainer":0,"servingSize":0},"quantity":"1","terms":{"priceEach":"363.46","taxEach":{"amount":"36.35"},"discountEach":{"amount":"0"},"pvEach":"252"}}]},"currency":"EUR"},{"lines":{"items":[{"item":{"href":"https:\/\/hydraqa.unicity.net\/v5a-test\/items\/806f99b793edd7cd0b1c158ba0eb3142","id":{"unicity":"32132"},"weightEach":{"value":0},"servingsPerContainer":0,"servingSize":0},"quantity":"1","terms":{"priceEach":"355.98","taxEach":{"amount":"35.6"},"discountEach":{"amount":"0"},"pvEach":"253"}}]},"currency":"EUR"},{"lines":{"items":[{"item":{"href":"https:\/\/hydraqa.unicity.net\/v5a-test\/items\/e3d382d99fde8659cb146b54116e7654","id":{"unicity":"32133"},"weightEach":{"value":0},"servingsPerContainer":0,"servingSize":0},"quantity":"1","terms":{"priceEach":"364.39","taxEach":{"amount":"36.44"},"discountEach":{"amount":"0"},"pvEach":"252"}}]},"currency":"EUR"},{"lines":{"items":[{"item":{"href":"https:\/\/hydraqa.unicity.net\/v5a-test\/items\/022f109fe6e5eae3e521295a5cb94c60","id":{"unicity":"32134"},"weightEach":{"value":0},"servingsPerContainer":0,"servingSize":0},"quantity":"1","terms":{"priceEach":"144.77","taxEach":{"amount":"14.48"},"discountEach":{"amount":"0"},"pvEach":"101"}}]},"currency":"EUR"},{"lines":{"items":[{"item":{"href":"https:\/\/hydraqa.unicity.net\/v5a-test\/items\/ded00960d5e948dd8e511a9c752e1ff9","id":{"unicity":"32135"},"weightEach":{"value":0},"servingsPerContainer":0,"servingSize":0},"quantity":"1","terms":{"priceEach":"154.11","taxEach":{"amount":"15.41"},"discountEach":{"amount":"0"},"pvEach":"113"}}]},"currency":"EUR"},{"lines":{"items":[{"item":{"href":"https:\/\/hydraqa.unicity.net\/v5a-test\/items\/d8736cc35cf9f4734fd76da71c53dc05","id":{"unicity":"32136"},"weightEach":{"value":0},"servingsPerContainer":0,"servingSize":0},"quantity":"1","terms":{"priceEach":"141.96","taxEach":{"amount":"0"},"discountEach":{"amount":"0"},"pvEach":"102"}}]},"currency":"EUR"},{"lines":{"items":[{"item":{"href":"https:\/\/hydraqa.unicity.net\/v5a-test\/items\/166a69d45c4ae40278554e24d5f40443","id":{"unicity":"32137"},"weightEach":{"value":0},"servingsPerContainer":0,"servingSize":0},"quantity":"1","terms":{"priceEach":"168.13","taxEach":{"amount":"16.81"},"discountEach":{"amount":"0"},"pvEach":"118"}}]},"currency":"EUR"},{"lines":{"items":[{"item":{"href":"https:\/\/hydraqa.unicity.net\/v5a-test\/items\/d04a0b8762b20202b6273114fb7302d1","id":{"unicity":"32138"},"weightEach":{"value":0},"servingsPerContainer":0,"servingSize":0},"quantity":"1","terms":{"priceEach":"224.21","taxEach":{"amount":"22.42"},"discountEach":{"amount":"0"},"pvEach":"152"}}]},"currency":"EUR"},{"lines":{"items":[{"item":{"href":"https:\/\/hydraqa.unicity.net\/v5a-test\/items\/e13d0b5c40704ad5dd186959367c97f1","id":{"unicity":"32125"},"weightEach":{"value":0},"servingsPerContainer":0,"servingSize":0},"quantity":"1","terms":{"priceEach":"373.74","taxEach":{"amount":"37.37"},"discountEach":{"amount":"0"},"pvEach":"250"}}]},"currency":"EUR"},{"lines":{"items":[{"item":{"href":"https:\/\/hydraqa.unicity.net\/v5a-test\/items\/c451532f63a06f0e9a054e946a1a1c3b","id":{"unicity":"18511"},"weightEach":{"value":0},"servingsPerContainer":0,"servingSize":0},"quantity":"1","terms":{"priceEach":"37.29","taxEach":{"amount":"3.73"},"discountEach":{"amount":"0"},"pvEach":"23"}}]},"currency":"EUR"},{"lines":{"items":[{"item":{"href":"https:\/\/hydraqa.unicity.net\/v5a-test\/items\/4e49c95f12ae7be78e5ffab68b8b3ca6","id":{"unicity":"26422"},"weightEach":{"value":0},"servingsPerContainer":0,"servingSize":0},"quantity":"1","terms":{"priceEach":"19","taxEach":{"amount":"1.9"},"discountEach":{"amount":"0"},"pvEach":"16"}}]},"currency":"EUR"},{"lines":{"items":[{"item":{"href":"https:\/\/hydraqa.unicity.net\/v5a-test\/items\/50e73ecfa509ac20c4a250f9cb32fdfc","id":{"unicity":"27156"},"weightEach":{"value":0},"servingsPerContainer":0,"servingSize":0},"quantity":"1","terms":{"priceEach":"20.47","taxEach":{"amount":"2.05"},"discountEach":{"amount":"0"},"pvEach":"13"}}]},"currency":"EUR"},{"lines":{"items":[{"item":{"href":"https:\/\/hydraqa.unicity.net\/v5a-test\/items\/0c0717a26fcfe40310e906487e8a12f7","id":{"unicity":"28601"},"weightEach":{"value":0},"servingsPerContainer":0,"servingSize":0},"quantity":"1","terms":{"priceEach":"74.67","taxEach":{"amount":"7.47"},"discountEach":{"amount":"0"},"pvEach":"54"}}]},"currency":"EUR"},{"lines":{"items":[{"item":{"href":"https:\/\/hydraqa.unicity.net\/v5a-test\/items\/4790a55c442b5dc75a13b155e78c1842","id":{"unicity":"28604"},"weightEach":{"value":0},"servingsPerContainer":0,"servingSize":0},"quantity":"1","terms":{"priceEach":"74.67","taxEach":{"amount":"7.47"},"discountEach":{"amount":"0"},"pvEach":"54"}}]},"currency":"EUR"},{"lines":{"items":[{"item":{"href":"https:\/\/hydraqa.unicity.net\/v5a-test\/items\/024e696f8b44a1d315006e676604cd31","id":{"unicity":"27395"},"weightEach":{"value":0},"servingsPerContainer":0,"servingSize":0},"quantity":"1","terms":{"priceEach":"29.81","taxEach":{"amount":"2.98"},"discountEach":{"amount":"0"},"pvEach":"18"}}]},"currency":"EUR"},{"lines":{"items":[{"item":{"href":"https:\/\/hydraqa.unicity.net\/v5a-test\/items\/398d06b858b960f6f38086d40608aef2","id":{"unicity":"26560"},"weightEach":{"value":0},"servingsPerContainer":0,"servingSize":0},"quantity":"1","terms":{"priceEach":"20.47","taxEach":{"amount":"2.05"},"discountEach":{"amount":"0"},"pvEach":"13"}}]},"currency":"EUR"},{"lines":{"items":[{"item":{"href":"https:\/\/hydraqa.unicity.net\/v5a-test\/items\/3f2d12d7a0e8551fc99fad3bbe1ba633","id":{"unicity":"26567"},"weightEach":{"value":0},"servingsPerContainer":0,"servingSize":0},"quantity":"1","terms":{"priceEach":"55.98","taxEach":{"amount":"5.6"},"discountEach":{"amount":"0"},"pvEach":"26"}}]},"currency":"EUR"},{"lines":{"items":[{"item":{"href":"https:\/\/hydraqa.unicity.net\/v5a-test\/items\/191637167cb3144bd2e8c4615e9ab67e","id":{"unicity":"26568"},"weightEach":{"value":0},"servingsPerContainer":0,"servingSize":0},"quantity":"1","terms":{"priceEach":"55.98","taxEach":{"amount":"5.6"},"discountEach":{"amount":"0"},"pvEach":"26"}}]},"currency":"EUR"},{"lines":{"items":[{"item":{"href":"https:\/\/hydraqa.unicity.net\/v5a-test\/items\/64ec7ad932acafab052a4e8800ad1238","id":{"unicity":"24758"},"weightEach":{"value":0},"servingsPerContainer":0,"servingSize":0},"quantity":"1","terms":{"priceEach":"37.29","taxEach":{"amount":"3.73"},"discountEach":{"amount":"0"},"pvEach":"23"}}]},"currency":"EUR"},{"lines":{"items":[{"item":{"href":"https:\/\/hydraqa.unicity.net\/v5a-test\/items\/e94fcfc2ccd32bdd994f472b5cce1cb4","id":{"unicity":"27610"},"weightEach":{"value":0},"servingsPerContainer":0,"servingSize":0},"quantity":"1","terms":{"priceEach":"55.98","taxEach":{"amount":"5.6"},"discountEach":{"amount":"0"},"pvEach":"34"}}]},"currency":"EUR"},{"lines":{"items":[{"item":{"href":"https:\/\/hydraqa.unicity.net\/v5a-test\/items\/db0a2b02eaabc5ad45fe91ba5c7bcf5a","id":{"unicity":"31772"},"weightEach":{"value":0},"servingsPerContainer":0,"servingSize":0},"quantity":"1","terms":{"priceEach":"8.32","taxEach":{"amount":"1.83"},"discountEach":{"amount":"0"},"pvEach":"0"}}]},"currency":"EUR"},{"lines":{"items":[{"item":{"href":"https:\/\/hydraqa.unicity.net\/v5a-test\/items\/e7a22b0190431133928cfe16c5cfe824","id":{"unicity":"26671"},"weightEach":{"value":0},"servingsPerContainer":0,"servingSize":0},"quantity":"1","terms":{"priceEach":"24.79","taxEach":{"amount":"5.45"},"discountEach":{"amount":"0"},"pvEach":"0"}}]},"currency":"EUR"},{"lines":{"items":[{"item":{"href":"https:\/\/hydraqa.unicity.net\/v5a-test\/items\/d92292ba2f23c030e4a1f63eb3ebe1ce","id":{"unicity":"27158"},"weightEach":{"value":0},"servingsPerContainer":0,"servingSize":0},"quantity":"1","terms":{"priceEach":"27.94","taxEach":{"amount":"2.79"},"discountEach":{"amount":"0"},"pvEach":"23"}}]},"currency":"EUR"},{"lines":{"items":[{"item":{"href":"https:\/\/hydraqa.unicity.net\/v5a-test\/items\/112b8c39286598b3730f630f371a45f4","id":{"unicity":"27587"},"weightEach":{"value":0},"servingsPerContainer":0,"servingSize":0},"quantity":"1","terms":{"priceEach":"55.98","taxEach":{"amount":"5.6"},"discountEach":{"amount":"0"},"pvEach":"34"}}]},"currency":"EUR"},{"lines":{"items":[{"item":{"href":"https:\/\/hydraqa.unicity.net\/v5a-test\/items\/606f7be753c74dfbfe4b107276775140","id":{"unicity":"29821"},"weightEach":{"value":0},"servingsPerContainer":0,"servingSize":0},"quantity":"1","terms":{"priceEach":"79.35","taxEach":{"amount":"7.94"},"discountEach":{"amount":"0"},"pvEach":"59"}}]},"currency":"EUR"},{"lines":{"items":[{"item":{"href":"https:\/\/hydraqa.unicity.net\/v5a-test\/items\/3d89c4f7e508dfba4018dc9c732084de","id":{"unicity":"29181"},"weightEach":{"value":0},"servingsPerContainer":0,"servingSize":0},"quantity":"1","terms":{"priceEach":"16.72","taxEach":{"amount":"3.68"},"discountEach":{"amount":"0"},"pvEach":"9"}}]},"currency":"EUR"},{"lines":{"items":[{"item":{"href":"https:\/\/hydraqa.unicity.net\/v5a-test\/items\/991cdbb84a495779eb209fb3956a77e4","id":{"unicity":"29183"},"weightEach":{"value":0},"servingsPerContainer":0,"servingSize":0},"quantity":"1","terms":{"priceEach":"31.01","taxEach":{"amount":"6.82"},"discountEach":{"amount":"0"},"pvEach":"18"}}]},"currency":"EUR"},{"lines":{"items":[{"item":{"href":"https:\/\/hydraqa.unicity.net\/v5a-test\/items\/0e78fbdfebef11cd62f8d2120064ee58","id":{"unicity":"30280"},"weightEach":{"value":0},"servingsPerContainer":0,"servingSize":0},"quantity":"1","terms":{"priceEach":"33.53","taxEach":{"amount":"7.38"},"discountEach":{"amount":"0"},"pvEach":"20"}}]},"currency":"EUR"},{"lines":{"items":[{"item":{"href":"https:\/\/hydraqa.unicity.net\/v5a-test\/items\/beb900429fbb160dbfc3001c14d96df4","id":{"unicity":"29187"},"weightEach":{"value":0},"servingsPerContainer":0,"servingSize":0},"quantity":"1","terms":{"priceEach":"37.73","taxEach":{"amount":"8.3"},"discountEach":{"amount":"0"},"pvEach":"24"}}]},"currency":"EUR"},{"lines":{"items":[{"item":{"href":"https:\/\/hydraqa.unicity.net\/v5a-test\/items\/1b0412bea8c0b841c66f65a36aa14108","id":{"unicity":"29191"},"weightEach":{"value":0},"servingsPerContainer":0,"servingSize":0},"quantity":"1","terms":{"priceEach":"37.73","taxEach":{"amount":"8.3"},"discountEach":{"amount":"0"},"pvEach":"24"}}]},"currency":"EUR"},{"lines":{"items":[{"item":{"href":"https:\/\/hydraqa.unicity.net\/v5a-test\/items\/90f38f77c9e6ea5a71aa7377df83760b","id":{"unicity":"30198"},"weightEach":{"value":0},"servingsPerContainer":0,"servingSize":0},"quantity":"1","terms":{"priceEach":"19","taxEach":{"amount":"0"},"discountEach":{"amount":"0"},"pvEach":"16"}}]},"currency":"EUR"},{"lines":{"items":[{"item":{"href":"https:\/\/hydraqa.unicity.net\/v5a-test\/items\/ab2a2b07b17718843a66bee04ff40624","id":{"unicity":"31402"},"weightEach":{"value":0},"servingsPerContainer":0,"servingSize":0},"quantity":"1","terms":{"priceEach":"92.43","taxEach":{"amount":"9.24"},"discountEach":{"amount":"0"},"pvEach":"70"}}]},"currency":"EUR"},{"lines":{"items":[{"item":{"href":"https:\/\/hydraqa.unicity.net\/v5a-test\/items\/217ca02fbd24e21ca5281412756238ab","id":{"unicity":"32126"},"weightEach":{"value":0},"servingsPerContainer":0,"servingSize":0},"quantity":"1","terms":{"priceEach":"152.24","taxEach":{"amount":"16.22"},"discountEach":{"amount":"0"},"pvEach":"101"}}]},"currency":"EUR"},{"lines":{"items":[{"item":{"href":"https:\/\/hydraqa.unicity.net\/v5a-test\/items\/808008a0657d2033ad471c39bbce9891","id":{"unicity":"32127"},"weightEach":{"value":0},"servingsPerContainer":0,"servingSize":0},"quantity":"1","terms":{"priceEach":"162.34","taxEach":{"amount":"16.23"},"discountEach":{"amount":"0"},"pvEach":"113"}}]},"currency":"EUR"},{"lines":{"items":[{"item":{"href":"https:\/\/hydraqa.unicity.net\/v5a-test\/items\/10df0fc3509b53cbeaeb9476ca92d520","id":{"unicity":"29833"},"weightEach":{"value":0},"servingsPerContainer":0,"servingSize":0},"quantity":"1","terms":{"priceEach":"90.56","taxEach":{"amount":"9.06"},"discountEach":{"amount":"0"},"pvEach":"69"}}]},"currency":"EUR"},{"lines":{"items":[{"item":{"href":"https:\/\/hydraqa.unicity.net\/v5a-test\/items\/332daeac6796ed016ea8b7d0bc42c2d4","id":{"unicity":"24274"},"weightEach":{"value":0},"servingsPerContainer":0,"servingSize":0},"quantity":"1","terms":{"priceEach":"7.48","taxEach":{"amount":"1.65"},"discountEach":{"amount":"0"},"pvEach":"0"}}]},"currency":"EUR"},{"lines":{"items":[{"item":{"href":"https:\/\/hydraqa.unicity.net\/v5a-test\/items\/1945faa1776541d53120ecfe3c1d8a2b","id":{"unicity":"24418"},"weightEach":{"value":0},"servingsPerContainer":0,"servingSize":0},"quantity":"1","terms":{"priceEach":"4.96","taxEach":{"amount":"1.09"},"discountEach":{"amount":"0"},"pvEach":"0"}}]},"currency":"EUR"},{"lines":{"items":[{"item":{"href":"https:\/\/hydraqa.unicity.net\/v5a-test\/items\/10da226fab00279b4f89df10af2a10b7","id":{"unicity":"26442"},"weightEach":{"value":0},"servingsPerContainer":0,"servingSize":0},"quantity":"1","terms":{"priceEach":"5.8","taxEach":{"amount":"1.28"},"discountEach":{"amount":"0"},"pvEach":"0"}}]},"currency":"EUR"},{"lines":{"items":[{"item":{"href":"https:\/\/hydraqa.unicity.net\/v5a-test\/items\/5147f8cfe32548e02fc158d4da9c4d6f","id":{"unicity":"27150"},"weightEach":{"value":0},"servingsPerContainer":0,"servingSize":0},"quantity":"1","terms":{"priceEach":"93.36","taxEach":{"amount":"9.34"},"discountEach":{"amount":"0"},"pvEach":"70"}}]},"currency":"EUR"},{"lines":{"items":[{"item":{"href":"https:\/\/hydraqa.unicity.net\/v5a-test\/items\/03eba2365025ccd85818846a83a16f47","id":{"unicity":"27163"},"weightEach":{"value":0},"servingsPerContainer":0,"servingSize":0},"quantity":"1","terms":{"priceEach":"74.67","taxEach":{"amount":"7.47"},"discountEach":{"amount":"0"},"pvEach":"54"}}]},"currency":"EUR"},{"lines":{"items":[{"item":{"href":"https:\/\/hydraqa.unicity.net\/v5a-test\/items\/ac37bf51ff7e4fe860da8457f6ce0425","id":{"unicity":"27166"},"weightEach":{"value":0},"servingsPerContainer":0,"servingSize":0},"quantity":"1","terms":{"priceEach":"74.67","taxEach":{"amount":"7.47"},"discountEach":{"amount":"0"},"pvEach":"54"}}]},"currency":"EUR"},{"lines":{"items":[{"item":{"href":"https:\/\/hydraqa.unicity.net\/v5a-test\/items\/fc6a55f19d99547a667b22a83c35ca13","id":{"unicity":"27436"},"weightEach":{"value":0},"servingsPerContainer":0,"servingSize":0},"quantity":"1","terms":{"priceEach":"74.67","taxEach":{"amount":"7.47"},"discountEach":{"amount":"0"},"pvEach":"53"}}]},"currency":"EUR"},{"lines":{"items":[{"item":{"href":"https:\/\/hydraqa.unicity.net\/v5a-test\/items\/0eebdede5bdb8bf4d71e800b6f3cead1","id":{"unicity":"30825"},"weightEach":{"value":0},"servingsPerContainer":0,"servingSize":0},"quantity":"1","terms":{"priceEach":"37.29","taxEach":{"amount":"3.73"},"discountEach":{"amount":"0"},"pvEach":"23"}}]},"currency":"EUR"},{"lines":{"items":[{"item":{"href":"https:\/\/hydraqa.unicity.net\/v5a-test\/items\/4b2034f47fce90b87bba28c5c2d7c25d","id":{"unicity":"15880"},"weightEach":{"value":0},"servingsPerContainer":0,"servingSize":0},"quantity":"1","terms":{"priceEach":"51.31","taxEach":{"amount":"5.13"},"discountEach":{"amount":"0"},"pvEach":"33"}}]},"currency":"EUR"},{"lines":{"items":[{"item":{"href":"https:\/\/hydraqa.unicity.net\/v5a-test\/items\/94939f9be900906d2b47260ccba22a7b","id":{"unicity":"32012"},"weightEach":{"value":0},"servingsPerContainer":0,"servingSize":0},"quantity":"1","terms":{"priceEach":"13.93","taxEach":{"amount":"1.39"},"discountEach":{"amount":"0"},"pvEach":"6"}}]},"currency":"EUR"},{"lines":{"items":[{"item":{"href":"https:\/\/hydraqa.unicity.net\/v5a-test\/items\/52c87f74d3b41ed49b0f897b66c2a99b","id":{"unicity":"30684"},"weightEach":{"value":0},"servingsPerContainer":0,"servingSize":0},"quantity":"1","terms":{"priceEach":"37.29","taxEach":{"amount":"3.73"},"discountEach":{"amount":"0"},"pvEach":"23"}}]},"currency":"EUR"},{"lines":{"items":[{"item":{"href":"https:\/\/hydraqa.unicity.net\/v5a-test\/items\/7e5e7df32701fd44947c8146f2129f7a","id":{"unicity":"31672"},"weightEach":{"value":0},"servingsPerContainer":0,"servingSize":0},"quantity":"1","terms":{"priceEach":"74.67","taxEach":{"amount":"7.47"},"discountEach":{"amount":"0"},"pvEach":"54"}}]},"currency":"EUR"},{"lines":{"items":[{"item":{"href":"https:\/\/hydraqa.unicity.net\/v5a-test\/items\/493c2ba720f847422eccc5da35024f33","id":{"unicity":"31534"},"weightEach":{"value":0},"servingsPerContainer":0,"servingSize":0},"quantity":"1","terms":{"priceEach":"26.07","taxEach":{"amount":"2.61"},"discountEach":{"amount":"0"},"pvEach":"16"}}]},"currency":"EUR"},{"lines":{"items":[{"item":{"href":"https:\/\/hydraqa.unicity.net\/v5a-test\/items\/75b870fdff12be635674216fe88d3204","id":{"unicity":"29984"},"weightEach":{"value":0},"servingsPerContainer":0,"servingSize":0},"quantity":"1","terms":{"priceEach":"37.73","taxEach":{"amount":"8.3"},"discountEach":{"amount":"0"},"pvEach":"24"}}]},"currency":"EUR"},{"lines":{"items":[{"item":{"href":"https:\/\/hydraqa.unicity.net\/v5a-test\/items\/4d23d73a0d3d3e5fe9c383822040a9b0","id":{"unicity":"32191"},"weightEach":{"value":0},"servingsPerContainer":0,"servingSize":0},"quantity":"1","terms":{"priceEach":"1315.79","taxEach":{"amount":"131.58"},"discountEach":{"amount":"0"},"pvEach":"903"}}]},"currency":"EUR"},{"lines":{"items":[{"item":{"href":"https:\/\/hydraqa.unicity.net\/v5a-test\/items\/e9fe58342fff74ec4f4430f7c622816e","id":{"unicity":"31870"},"weightEach":{"value":0},"servingsPerContainer":0,"servingSize":0},"quantity":"1","terms":{"priceEach":"20.47","taxEach":{"amount":"2.05"},"discountEach":{"amount":"0"},"pvEach":"9"}}]},"currency":"EUR"},{"lines":{"items":[{"item":{"href":"https:\/\/hydraqa.unicity.net\/v5a-test\/items\/fbb6dbd577adb73abaec364076fb288f","id":{"unicity":"32087"},"weightEach":{"value":0},"servingsPerContainer":0,"servingSize":0},"quantity":"1","terms":{"priceEach":"20.47","taxEach":{"amount":"2.05"},"discountEach":{"amount":"0"},"pvEach":"9"}}]},"currency":"EUR"},{"lines":{"items":[{"item":{"href":"https:\/\/hydraqa.unicity.net\/v5a-test\/items\/35dcc0035e442bbe6482f178ec38522c","id":{"unicity":"31868"},"weightEach":{"value":0},"servingsPerContainer":0,"servingSize":0},"quantity":"1","terms":{"priceEach":"20.47","taxEach":{"amount":"2.05"},"discountEach":{"amount":"0"},"pvEach":"9"}}]},"currency":"EUR"},{"lines":{"items":[{"item":{"href":"https:\/\/hydraqa.unicity.net\/v5a-test\/items\/baa263a2750aa330fbd9e5b96fdb2b55","id":{"unicity":"32609"},"weightEach":{"value":0},"servingsPerContainer":0,"servingSize":0},"quantity":"1","terms":{"priceEach":"55.98","taxEach":{"amount":"5.6"},"discountEach":{"amount":"0"},"pvEach":"34"}}]},"currency":"EUR"}]}
Entry request : {"order":{"customer":{"href":"https://hydraqa.unicity.net/v5a-test/customers?type=Associate"},"shipToAddress":{"country":"IT"}},"vary":{"lines":{"items":[{"item":{"href":"https://hydraqa.unicity.net/v5a-test/items?id.unicity=25738|31336|31763|31951|31952|32128|32129|32130|32132|32133|32134|32135|32136|32137|32138|32125|18511|26422|27156|27660|28601|28604|27395|26560|26567|26568|24758|27610|31772|26671|27158|27587|29821|30139|29181|29183|30280|29187|29191|30198|31402|32126|32127|29833|20750|24274|24418|26442|27150|27163|27166|27436|30825|15880|32012|30684|31672|31534|29984|32191|31870|32087|31868|32609"}}]}}}
]]></system-out>
    <system-err><![CDATA[Starting ChromeDriver 2.36.540470 (e522d04694c7ebea4ba8821272dbef4f9b818c91) on port 45082
Only local connections are allowed.
Jan 07, 2020 3:15:02 PM org.openqa.selenium.remote.ProtocolHandshake createSession
INFO: Detected dialect: OSS
]]></system-err>
  </testcase>
  <testcase name="Enroll" classname="Tests.FranchisePartner" time="194.264"/>
  <testcase name="Enroll" classname="Tests.FranchisePartner" time="306.037">
    <failure message="String index out of range: -1" type="java.lang.StringIndexOutOfBoundsException">java.lang.StringIndexOutOfBoundsException: String index out of range: -1
	at Tests.FranchisePartner.Enroll(FranchisePartner.java:265)
</failure>
    <system-out><![CDATA[Request URL: https://hydraqa.unicity.net/v5a-test/quotes?&expand=item
Entry Quotes response : {"items":[{"currency":"USD","lines":{"items":[{"item":{"href":"https:\/\/hydraqa.unicity.net\/v5a-test\/items\/50747027a065cb8361c1f0d6eb880466","id":{"unicity":"32030"}},"terms":{"priceEach":"143.0000","pvEach":"102.0000"},"quantity":1}]}},{"currency":"USD","lines":{"items":[{"item":{"href":"https:\/\/hydraqa.unicity.net\/v5a-test\/items\/d306a0b65f27f19b4968e5c05906a9f4","id":{"unicity":"31314"}},"terms":{"priceEach":"384.0000","pvEach":"266.0000"},"quantity":1}]}},{"currency":"USD","lines":{"items":[{"item":{"href":"https:\/\/hydraqa.unicity.net\/v5a-test\/items\/716b7a0bca7fa73e42e000d668e7ee65","id":{"unicity":"15129"}},"terms":{"priceEach":"21.0000","pvEach":"10.0000"},"quantity":1}]}},{"currency":"USD","lines":{"items":[{"item":{"href":"https:\/\/hydraqa.unicity.net\/v5a-test\/items\/9a7715e888c94989d898fe4653645721","id":{"unicity":"26550"}},"terms":{"priceEach":"80.0000","pvEach":"52.0000"},"quantity":1}]}},{"currency":"USD","lines":{"items":[{"item":{"href":"https:\/\/hydraqa.unicity.net\/v5a-test\/items\/80a898d805f759925797847a176bf62f","id":{"unicity":"26551"}},"terms":{"priceEach":"80.0000","pvEach":"52.0000"},"quantity":1}]}},{"currency":"USD","lines":{"items":[{"item":{"href":"https:\/\/hydraqa.unicity.net\/v5a-test\/items\/292b6aee9c1193e9488e9ae6e3a845e4","id":{"unicity":"29684"}},"terms":{"priceEach":"242.0000","pvEach":"144.0000"},"quantity":1}]}},{"currency":"USD","lines":{"items":[{"item":{"href":"https:\/\/hydraqa.unicity.net\/v5a-test\/items\/fbb319232b7eed110794d46a68302acb","id":{"unicity":"31847"}},"terms":{"priceEach":"120.0000","pvEach":"80.0000"},"quantity":1}]}},{"currency":"USD","lines":{"items":[{"item":{"href":"https:\/\/hydraqa.unicity.net\/v5a-test\/items\/077823d29445b9020de9931f10c63efd","id":{"unicity":"31958"}},"terms":{"priceEach":"129.0000","pvEach":"85.0000"},"quantity":1}]}},{"currency":"USD","lines":{"items":[{"item":{"href":"https:\/\/hydraqa.unicity.net\/v5a-test\/items\/00c2eb70c985722ce208490aece00945","id":{"unicity":"31729"}},"terms":{"priceEach":"143.0000","pvEach":"100.0000"},"quantity":1}]}},{"currency":"USD","lines":{"items":[{"item":{"href":"https:\/\/hydraqa.unicity.net\/v5a-test\/items\/89b6d29a85a88d44d65bc8cca3fefc65","id":{"unicity":"31845"}},"terms":{"priceEach":"143.0000","pvEach":"100.0000"},"quantity":1}]}},{"currency":"USD","lines":{"items":[{"item":{"href":"https:\/\/hydraqa.unicity.net\/v5a-test\/items\/3875e24e6b6ebdf36c79d205614ed51e","id":{"unicity":"31846"}},"terms":{"priceEach":"126.0000","pvEach":"94.0000"},"quantity":1}]}},{"currency":"USD","lines":{"items":[{"item":{"href":"https:\/\/hydraqa.unicity.net\/v5a-test\/items\/b770fd1942955660a50e8fd83337641d","id":{"unicity":"31842"}},"terms":{"priceEach":"129.0000","pvEach":"85.0000"},"quantity":1}]}},{"currency":"USD","lines":{"items":[{"item":{"href":"https:\/\/hydraqa.unicity.net\/v5a-test\/items\/5bda067b70c43971650a6ef983f612e4","id":{"unicity":"31728"}},"terms":{"priceEach":"126.0000","pvEach":"94.0000"},"quantity":1}]}},{"currency":"USD","lines":{"items":[{"item":{"href":"https:\/\/hydraqa.unicity.net\/v5a-test\/items\/693a7c4a70b06a00471afe8d6cae5023","id":{"unicity":"31730"}},"terms":{"priceEach":"120.0000","pvEach":"80.0000"},"quantity":1}]}},{"currency":"USD","lines":{"items":[{"item":{"href":"https:\/\/hydraqa.unicity.net\/v5a-test\/items\/ccb242d74dcb1fe621cc7bfe1b1de315","id":{"unicity":"31731"}},"terms":{"priceEach":"89.0000","pvEach":"61.0000"},"quantity":1}]}},{"currency":"USD","lines":{"items":[{"item":{"href":"https:\/\/hydraqa.unicity.net\/v5a-test\/items\/6767ae650e0af3c34b3d4d60b5b79e99","id":{"unicity":"31727"}},"terms":{"priceEach":"129.0000","pvEach":"85.0000"},"quantity":1}]}},{"currency":"USD","lines":{"items":[{"item":{"href":"https:\/\/hydraqa.unicity.net\/v5a-test\/items\/764e2db430d361da99e8f6b70c4d0244","id":{"unicity":"29830"}},"terms":{"priceEach":"16.0000","pvEach":"7.0000"},"quantity":1}]}},{"currency":"USD","lines":{"items":[{"item":{"href":"https:\/\/hydraqa.unicity.net\/v5a-test\/items\/8b5ed9aa6c6132e1be5e446f69a3465e","id":{"unicity":"0954"}},"terms":{"priceEach":"20.0000","pvEach":"15.0000"},"quantity":1}]}},{"currency":"USD","lines":{"items":[{"item":{"href":"https:\/\/hydraqa.unicity.net\/v5a-test\/items\/b91affa753dd5ee8a9acef4fa7e2c9a7","id":{"unicity":"30414"}},"terms":{"priceEach":"94.0000","pvEach":"65.0000"},"quantity":1}]}},{"currency":"USD","lines":{"items":[{"item":{"href":"https:\/\/hydraqa.unicity.net\/v5a-test\/items\/9d9d002b0e21b9bd58ad0154a4f781c5","id":{"unicity":"28836"}},"terms":{"priceEach":"56.0000","pvEach":"36.0000"},"quantity":1}]}},{"currency":"USD","lines":{"items":[{"item":{"href":"https:\/\/hydraqa.unicity.net\/v5a-test\/items\/0d38f7ee31f3710be877245655d18e8c","id":{"unicity":"22888"}},"terms":{"priceEach":"74.0000","pvEach":"50.0000"},"quantity":1}]}},{"currency":"USD","lines":{"items":[{"item":{"href":"https:\/\/hydraqa.unicity.net\/v5a-test\/items\/399be8efa903b362515c48315ab2afb9","id":{"unicity":"15712"}},"terms":{"priceEach":"14.0000","pvEach":"5.0000"},"quantity":1}]}},{"currency":"USD","lines":{"items":[{"item":{"href":"https:\/\/hydraqa.unicity.net\/v5a-test\/items\/390a7ae70d5669561ecdf7d5cff2671b","id":{"unicity":"15271"}},"terms":{"priceEach":"69.0000","pvEach":"27.0000"},"quantity":1}]}},{"currency":"USD","lines":{"items":[{"item":{"href":"https:\/\/hydraqa.unicity.net\/v5a-test\/items\/933f0856fd8ec1df83c5283dabf4ec3c","id":{"unicity":"6200"}},"terms":{"priceEach":"66.0000","pvEach":"47.0000"},"quantity":1}]}},{"currency":"USD","lines":{"items":[{"item":{"href":"https:\/\/hydraqa.unicity.net\/v5a-test\/items\/75faf5436630ed02a683726aa0e9056f","id":{"unicity":"22165"}},"terms":{"priceEach":"86.0000","pvEach":"65.0000"},"quantity":1}]}},{"currency":"USD","lines":{"items":[{"item":{"href":"https:\/\/hydraqa.unicity.net\/v5a-test\/items\/0cf62d38e91953b43dcfe88b06f813cb","id":{"unicity":"26557"}},"terms":{"priceEach":"77.0000","pvEach":"61.0000"},"quantity":1}]}},{"currency":"USD","lines":{"items":[{"item":{"href":"https:\/\/hydraqa.unicity.net\/v5a-test\/items\/3af97c67f653253825a9189a27da57d6","id":{"unicity":"26556"}},"terms":{"priceEach":"77.0000","pvEach":"61.0000"},"quantity":1}]}},{"currency":"USD","lines":{"items":[{"item":{"href":"https:\/\/hydraqa.unicity.net\/v5a-test\/items\/d489ec0d50f6e28d5743afc65439631b","id":{"unicity":"0960"}},"terms":{"priceEach":"35.0000","pvEach":"23.0000"},"quantity":1}]}},{"currency":"USD","lines":{"items":[{"item":{"href":"https:\/\/hydraqa.unicity.net\/v5a-test\/items\/66839181d7531692a8d886a9da6fb4d6","id":{"unicity":"25369"}},"terms":{"priceEach":"48.0000","pvEach":"31.0000"},"quantity":1}]}},{"currency":"USD","lines":{"items":[{"item":{"href":"https:\/\/hydraqa.unicity.net\/v5a-test\/items\/0eebdede5bdb8bf4d71e800b6f3cead1","id":{"unicity":"30825"}},"terms":{"priceEach":"49.0000","pvEach":"31.0000"},"quantity":1}]}},{"currency":"USD","lines":{"items":[{"item":{"href":"https:\/\/hydraqa.unicity.net\/v5a-test\/items\/ec8c753ce03d3886e9b2e0d06eeb44b8","id":{"unicity":"31106"}},"terms":{"priceEach":"54.0000","pvEach":"21.0000"},"quantity":1}]}},{"currency":"USD","lines":{"items":[{"item":{"href":"https:\/\/hydraqa.unicity.net\/v5a-test\/items\/5c2f1613082782e691d32fe9ce034026","id":{"unicity":"23728"}},"terms":{"priceEach":"25.0000","pvEach":"15.0000"},"quantity":1}]}},{"currency":"USD","lines":{"items":[{"item":{"href":"https:\/\/hydraqa.unicity.net\/v5a-test\/items\/9a6e1d094182389c3da8e0a320ff0e00","id":{"unicity":"27585"}},"terms":{"priceEach":"56.0000","pvEach":"33.0000"},"quantity":1}]}},{"currency":"USD","lines":{"items":[{"item":{"href":"https:\/\/hydraqa.unicity.net\/v5a-test\/items\/25eaf64b36ce31368f17ae789fd9ac5b","id":{"unicity":"29694"}},"terms":{"priceEach":"56.0000","pvEach":"33.0000"},"quantity":1}]}},{"currency":"USD","lines":{"items":[{"item":{"href":"https:\/\/hydraqa.unicity.net\/v5a-test\/items\/112b8c39286598b3730f630f371a45f4","id":{"unicity":"27587"}},"terms":{"priceEach":"56.0000","pvEach":"33.0000"},"quantity":1}]}},{"currency":"USD","lines":{"items":[{"item":{"href":"https:\/\/hydraqa.unicity.net\/v5a-test\/items\/16ca68abaaa92505c257be022a154769","id":{"unicity":"27615"}},"terms":{"priceEach":"28.0000","pvEach":"21.0000"},"quantity":1}]}},{"currency":"USD","lines":{"items":[{"item":{"href":"https:\/\/hydraqa.unicity.net\/v5a-test\/items\/362999101a321b721c87110710ae77b0","id":{"unicity":"29352"}},"terms":{"priceEach":"119.0000","pvEach":"80.0000"},"quantity":1}]}},{"currency":"USD","lines":{"items":[{"item":{"href":"https:\/\/hydraqa.unicity.net\/v5a-test\/items\/5968ff0ba17d7a331fdc757a1623fd45","id":{"unicity":"32365"}},"terms":{"priceEach":"140.0000","pvEach":"97.0000"},"quantity":1}]}},{"currency":"USD","lines":{"items":[{"item":{"href":"https:\/\/hydraqa.unicity.net\/v5a-test\/items\/c92ce2b8ba6bb04bf8b23f0ecaccd709","id":{"unicity":"32364"}},"terms":{"priceEach":"146.0000","pvEach":"99.0000"},"quantity":1}]}},{"currency":"USD","lines":{"items":[{"item":{"href":"https:\/\/hydraqa.unicity.net\/v5a-test\/items\/2f028442193b3166b6c4f9590bd352b4","id":{"unicity":"32366"}},"terms":{"priceEach":"94.0000","pvEach":"68.0000"},"quantity":1}]}},{"currency":"USD","lines":{"items":[{"item":{"href":"https:\/\/hydraqa.unicity.net\/v5a-test\/items\/18f4c25c966306833f623287c875d6ba","id":{"unicity":"32369"}},"terms":{"priceEach":"151.0000","pvEach":"93.0000"},"quantity":1}]}},{"currency":"USD","lines":{"items":[{"item":{"href":"https:\/\/hydraqa.unicity.net\/v5a-test\/items\/972a6b8ac5c8f4014a02ea892a7dec26","id":{"unicity":"32367"}},"terms":{"priceEach":"229.0000","pvEach":"155.0000"},"quantity":1}]}},{"currency":"USD","lines":{"items":[{"item":{"href":"https:\/\/hydraqa.unicity.net\/v5a-test\/items\/8910970a414bb25f1eba52f529bdad79","id":{"unicity":"32368"}},"terms":{"priceEach":"145.0000","pvEach":"91.0000"},"quantity":1}]}},{"currency":"USD","lines":{"items":[{"item":{"href":"https:\/\/hydraqa.unicity.net\/v5a-test\/items\/779b47d856ea7e246c9e5aabc6eca794","id":{"unicity":"32370"}},"terms":{"priceEach":"136.0000","pvEach":"95.0000"},"quantity":1}]}},{"currency":"USD","lines":{"items":[{"item":{"href":"https:\/\/hydraqa.unicity.net\/v5a-test\/items\/cb7cb2fc26fed30b6ac4c1f87531e01c","id":{"unicity":"32372"}},"terms":{"priceEach":"157.0000","pvEach":"107.0000"},"quantity":1}]}},{"currency":"USD","lines":{"items":[{"item":{"href":"https:\/\/hydraqa.unicity.net\/v5a-test\/items\/fbd417602d04328198a0227de3abc533","id":{"unicity":"32371"}},"terms":{"priceEach":"130.0000","pvEach":"93.0000"},"quantity":1}]}},{"currency":"USD","lines":{"items":[{"item":{"href":"https:\/\/hydraqa.unicity.net\/v5a-test\/items\/05ca08f3808f126c0cc42154c50fc75c","id":{"unicity":"29440"}},"terms":{"priceEach":"120.0000","pvEach":"90.0000"},"quantity":1}]}},{"currency":"USD","lines":{"items":[{"item":{"href":"https:\/\/hydraqa.unicity.net\/v5a-test\/items\/cea826eab72d44641c070aab6c97c1ac","id":{"unicity":"22747"}},"terms":{"priceEach":"26.0000","pvEach":"16.0000"},"quantity":1}]}},{"currency":"USD","lines":{"items":[{"item":{"href":"https:\/\/hydraqa.unicity.net\/v5a-test\/items\/d0ef82a85e44437f960fa288e67a8f2b","id":{"unicity":"25535"}},"terms":{"priceEach":"850.0000","pvEach":"250.0000"},"quantity":1}]}},{"currency":"USD","lines":{"items":[{"item":{"href":"https:\/\/hydraqa.unicity.net\/v5a-test\/items\/1945faa1776541d53120ecfe3c1d8a2b","id":{"unicity":"24418"}},"terms":{"priceEach":"5.0000","pvEach":"0.0000"},"quantity":1}]}},{"currency":"USD","lines":{"items":[{"item":{"href":"https:\/\/hydraqa.unicity.net\/v5a-test\/items\/e0a19d3d676bccfdba0ab3d9f2766359","id":{"unicity":"30350"}},"terms":{"priceEach":"49.0000","pvEach":"30.0000"},"quantity":1}]}},{"currency":"USD","lines":{"items":[{"item":{"href":"https:\/\/hydraqa.unicity.net\/v5a-test\/items\/b2fc4b9ba4aa5cae54389161be2f841f","id":{"unicity":"18401"}},"terms":{"priceEach":"30.0000","pvEach":"19.0000"},"quantity":1}]}},{"currency":"USD","lines":{"items":[{"item":{"href":"https:\/\/hydraqa.unicity.net\/v5a-test\/items\/1b0412bea8c0b841c66f65a36aa14108","id":{"unicity":"29191"}},"terms":{"priceEach":"62.0000","pvEach":"36.0000"},"quantity":1}]}},{"currency":"USD","lines":{"items":[{"item":{"href":"https:\/\/hydraqa.unicity.net\/v5a-test\/items\/1bd53de7fe880ba71f46c9976ca2c137","id":{"unicity":"27739"}},"terms":{"priceEach":"33.0000","pvEach":"13.0000"},"quantity":1}]}},{"currency":"USD","lines":{"items":[{"item":{"href":"https:\/\/hydraqa.unicity.net\/v5a-test\/items\/035189015384166df518a68ede0299a9","id":{"unicity":"30408"}},"terms":{"priceEach":"82.0000","pvEach":"50.0000"},"quantity":1}]}},{"currency":"USD","lines":{"items":[{"item":{"href":"https:\/\/hydraqa.unicity.net\/v5a-test\/items\/bed533c634e887357ff031d8e4c776b0","id":{"unicity":"31751"}},"terms":{"priceEach":"99.0000","pvEach":"50.0000"},"quantity":1}]}},{"currency":"USD","lines":{"items":[{"item":{"href":"https:\/\/hydraqa.unicity.net\/v5a-test\/items\/e5029d0db50d6ea324b5e25f54d82636","id":{"unicity":"31651"}},"terms":{"priceEach":"28.0000","pvEach":"14.0000"},"quantity":1}]}},{"currency":"USD","lines":{"items":[{"item":{"href":"https:\/\/hydraqa.unicity.net\/v5a-test\/items\/c201dcd36f4bb7e17e7a8481ef08d6f2","id":{"unicity":"31518"}},"terms":{"priceEach":"28.0000","pvEach":"14.0000"},"quantity":1}]}},{"currency":"USD","lines":{"items":[{"item":{"href":"https:\/\/hydraqa.unicity.net\/v5a-test\/items\/f5a91f19576078a69f82c9f58805f479","id":{"unicity":"31655"}},"terms":{"priceEach":"28.0000","pvEach":"14.0000"},"quantity":1}]}},{"currency":"USD","lines":{"items":[{"item":{"href":"https:\/\/hydraqa.unicity.net\/v5a-test\/items\/0a3ede185ddf034630afd891c5106d33","id":{"unicity":"26562"}},"terms":{"priceEach":"32.0000","pvEach":"25.0000"},"quantity":1}]}},{"currency":"USD","lines":{"items":[{"item":{"href":"https:\/\/hydraqa.unicity.net\/v5a-test\/items\/1d977fb1e1c0aa5d0b71ee2cf01e7b4d","id":{"unicity":"32016"}},"terms":{"priceEach":"206.0000","pvEach":"130.0000"},"quantity":1}]}},{"currency":"USD","lines":{"items":[{"item":{"href":"https:\/\/hydraqa.unicity.net\/v5a-test\/items\/1524974f80be01c93083e794816394ab","id":{"unicity":"32017"}},"terms":{"priceEach":"206.0000","pvEach":"130.0000"},"quantity":1}]}},{"currency":"USD","lines":{"items":[{"item":{"href":"https:\/\/hydraqa.unicity.net\/v5a-test\/items\/4b2034f47fce90b87bba28c5c2d7c25d","id":{"unicity":"15880"}},"terms":{"priceEach":"57.0000","pvEach":"41.0000"},"quantity":1}]}},{"currency":"USD","lines":{"items":[{"item":{"href":"https:\/\/hydraqa.unicity.net\/v5a-test\/items\/3d89c4f7e508dfba4018dc9c732084de","id":{"unicity":"29181"}},"terms":{"priceEach":"23.0000","pvEach":"12.0000"},"quantity":1}]}},{"currency":"USD","lines":{"items":[{"item":{"href":"https:\/\/hydraqa.unicity.net\/v5a-test\/items\/9ce45d695c87f93b29794041362b5192","id":{"unicity":"26945"}},"terms":{"priceEach":"35.0000","pvEach":"0.0000"},"quantity":1}]}},{"currency":"USD","lines":{"items":[{"item":{"href":"https:\/\/hydraqa.unicity.net\/v5a-test\/items\/aa0d72ac13b1ce88cf8c4a52ede75a37","id":{"unicity":"26552"}},"terms":{"priceEach":"70.0000","pvEach":"50.0000"},"quantity":1}]}},{"currency":"USD","lines":{"items":[{"item":{"href":"https:\/\/hydraqa.unicity.net\/v5a-test\/items\/5c6f1a39257b63482d454789e4d2035c","id":{"unicity":"26553"}},"terms":{"priceEach":"80.0000","pvEach":"50.0000"},"quantity":1}]}},{"currency":"USD","lines":{"items":[{"item":{"href":"https:\/\/hydraqa.unicity.net\/v5a-test\/items\/8d994059c399f5551ab112574e4476fc","id":{"unicity":"24785"}},"terms":{"priceEach":"14.0000","pvEach":"9.0000"},"quantity":1}]}},{"currency":"USD","lines":{"items":[{"item":{"href":"https:\/\/hydraqa.unicity.net\/v5a-test\/items\/8ed7a8910d5c5335774fa9cfae0e511d","id":{"unicity":"18386"}},"terms":{"priceEach":"27.0000","pvEach":"21.0000"},"quantity":1}]}},{"currency":"USD","lines":{"items":[{"item":{"href":"https:\/\/hydraqa.unicity.net\/v5a-test\/items\/398d06b858b960f6f38086d40608aef2","id":{"unicity":"26560"}},"terms":{"priceEach":"16.0000","pvEach":"12.0000"},"quantity":1}]}},{"currency":"USD","lines":{"items":[{"item":{"href":"https:\/\/hydraqa.unicity.net\/v5a-test\/items\/55d3b550a17b78175cc5ac565e4266e8","id":{"unicity":"24621"}},"terms":{"priceEach":"19.0000","pvEach":"12.0000"},"quantity":1}]}},{"currency":"USD","lines":{"items":[{"item":{"href":"https:\/\/hydraqa.unicity.net\/v5a-test\/items\/bb5c627f16547cb4f706cef521bca356","id":{"unicity":"29437"}},"terms":{"priceEach":"62.0000","pvEach":"36.0000"},"quantity":1}]}},{"currency":"USD","lines":{"items":[{"item":{"href":"https:\/\/hydraqa.unicity.net\/v5a-test\/items\/0e78fbdfebef11cd62f8d2120064ee58","id":{"unicity":"30280"}},"terms":{"priceEach":"41.0000","pvEach":"24.0000"},"quantity":1}]}},{"currency":"USD","lines":{"items":[{"item":{"href":"https:\/\/hydraqa.unicity.net\/v5a-test\/items\/2835b1a78e379486f0ffbfd5fb9f6b0a","id":{"unicity":"30400"}},"terms":{"priceEach":"38.0000","pvEach":"28.0000"},"quantity":1}]}},{"currency":"USD","lines":{"items":[{"item":{"href":"https:\/\/hydraqa.unicity.net\/v5a-test\/items\/84bf86533ae28dc84370f3699cc13a1d","id":{"unicity":"17744"}},"terms":{"priceEach":"97.0000","pvEach":"62.0000"},"quantity":1}]}},{"currency":"USD","lines":{"items":[{"item":{"href":"https:\/\/hydraqa.unicity.net\/v5a-test\/items\/48433ffc76597c823adc2b8627e033e4","id":{"unicity":"26559"}},"terms":{"priceEach":"29.0000","pvEach":"20.0000"},"quantity":1}]}},{"currency":"USD","lines":{"items":[{"item":{"href":"https:\/\/hydraqa.unicity.net\/v5a-test\/items\/5a38f009bec6c23b1b3a70432f9722e5","id":{"unicity":"19596"}},"terms":{"priceEach":"47.0000","pvEach":"30.0000"},"quantity":1}]}},{"currency":"USD","lines":{"items":[{"item":{"href":"https:\/\/hydraqa.unicity.net\/v5a-test\/items\/38da42f991a40a00153b2e5055b82dbf","id":{"unicity":"27801"}},"terms":{"priceEach":"195.0000","pvEach":"130.0000"},"quantity":1}]}},{"currency":"USD","lines":{"items":[{"item":{"href":"https:\/\/hydraqa.unicity.net\/v5a-test\/items\/051e765a5a71835a859c2757edd359f0","id":{"unicity":"26580"}},"terms":{"priceEach":"195.0000","pvEach":"130.0000"},"quantity":1}]}},{"currency":"USD","lines":{"items":[{"item":{"href":"https:\/\/hydraqa.unicity.net\/v5a-test\/items\/8c21f026bb6a32624e0c80475bf8efb0","id":{"unicity":"25880"}},"terms":{"priceEach":"33.0000","pvEach":"23.0000"},"quantity":1}]}},{"currency":"USD","lines":{"items":[{"item":{"href":"https:\/\/hydraqa.unicity.net\/v5a-test\/items\/e218d1cac5f31e7ae4f5876c29c57377","id":{"unicity":"29017"}},"terms":{"priceEach":"37.0000","pvEach":"26.0000"},"quantity":1}]}},{"currency":"USD","lines":{"items":[{"item":{"href":"https:\/\/hydraqa.unicity.net\/v5a-test\/items\/24ff5bda40c0d0e7eaa511866d052915","id":{"unicity":"29612"}},"terms":{"priceEach":"48.0000","pvEach":"30.0000"},"quantity":1}]}},{"currency":"USD","lines":{"items":[{"item":{"href":"https:\/\/hydraqa.unicity.net\/v5a-test\/items\/2c4c1abe00983e85aaa918d2ce341491","id":{"unicity":"17174"}},"terms":{"priceEach":"16.0000","pvEach":"10.0000"},"quantity":1}]}},{"currency":"USD","lines":{"items":[{"item":{"href":"https:\/\/hydraqa.unicity.net\/v5a-test\/items\/3f2d12d7a0e8551fc99fad3bbe1ba633","id":{"unicity":"26567"}},"terms":{"priceEach":"53.0000","pvEach":"35.0000"},"quantity":1}]}},{"currency":"USD","lines":{"items":[{"item":{"href":"https:\/\/hydraqa.unicity.net\/v5a-test\/items\/191637167cb3144bd2e8c4615e9ab67e","id":{"unicity":"26568"}},"terms":{"priceEach":"53.0000","pvEach":"35.0000"},"quantity":1}]}},{"currency":"USD","lines":{"items":[{"item":{"href":"https:\/\/hydraqa.unicity.net\/v5a-test\/items\/2cefc6a61faaae3455a5adcb0d8fc74f","id":{"unicity":"15907"}},"terms":{"priceEach":"14.0000","pvEach":"5.0000"},"quantity":1}]}},{"currency":"USD","lines":{"items":[{"item":{"href":"https:\/\/hydraqa.unicity.net\/v5a-test\/items\/e870d73cd94149d9f6b55de9736c9daa","id":{"unicity":"3107"}},"terms":{"priceEach":"23.0000","pvEach":"16.0000"},"quantity":1}]}},{"currency":"USD","lines":{"items":[{"item":{"href":"https:\/\/hydraqa.unicity.net\/v5a-test\/items\/b127a2d34d3d73e2f53e4c2002a7a4a2","id":{"unicity":"25008"}},"terms":{"priceEach":"18.0000","pvEach":"15.0000"},"quantity":1}]}},{"currency":"USD","lines":{"items":[{"item":{"href":"https:\/\/hydraqa.unicity.net\/v5a-test\/items\/dcdf1b79b8b6f644100ffc20fdca4683","id":{"unicity":"27835"}},"terms":{"priceEach":"1455.0000","pvEach":"1000.0000"},"quantity":1}]}},{"currency":"USD","lines":{"items":[{"item":{"href":"https:\/\/hydraqa.unicity.net\/v5a-test\/items\/efe7d99f2b77ea614d624d371afa4244","id":{"unicity":"25543"}},"terms":{"priceEach":"1455.0000","pvEach":"1000.0000"},"quantity":1}]}},{"currency":"USD","lines":{"items":[{"item":{"href":"https:\/\/hydraqa.unicity.net\/v5a-test\/items\/19fa616d76c947f5586d58e1b5e8b4ee","id":{"unicity":"27837"}},"terms":{"priceEach":"1455.0000","pvEach":"1000.0000"},"quantity":1}]}},{"currency":"USD","lines":{"items":[{"item":{"href":"https:\/\/hydraqa.unicity.net\/v5a-test\/items\/2da06ecf761a87f5619997496b83b745","id":{"unicity":"27831"}},"terms":{"priceEach":"1455.0000","pvEach":"1000.0000"},"quantity":1}]}},{"currency":"USD","lines":{"items":[{"item":{"href":"https:\/\/hydraqa.unicity.net\/v5a-test\/items\/1ab3a5a9b55fdf3618d21bf1d528afe4","id":{"unicity":"25542"}},"terms":{"priceEach":"1455.0000","pvEach":"1000.0000"},"quantity":1}]}},{"currency":"USD","lines":{"items":[{"item":{"href":"https:\/\/hydraqa.unicity.net\/v5a-test\/items\/52f0d3751a2d8f3f3670328e8157de5e","id":{"unicity":"27833"}},"terms":{"priceEach":"1455.0000","pvEach":"1000.0000"},"quantity":1}]}},{"currency":"USD","lines":{"items":[{"item":{"href":"https:\/\/hydraqa.unicity.net\/v5a-test\/items\/1535f370eb06bf30117fa28aa9ab1179","id":{"unicity":"25544"}},"terms":{"priceEach":"1455.0000","pvEach":"1000.0000"},"quantity":1}]}},{"currency":"USD","lines":{"items":[{"item":{"href":"https:\/\/hydraqa.unicity.net\/v5a-test\/items\/87f09080f7a29929816891acef721667","id":{"unicity":"25545"}},"terms":{"priceEach":"1455.0000","pvEach":"1000.0000"},"quantity":1}]}},{"currency":"USD","lines":{"items":[{"item":{"href":"https:\/\/hydraqa.unicity.net\/v5a-test\/items\/991cdbb84a495779eb209fb3956a77e4","id":{"unicity":"29183"}},"terms":{"priceEach":"41.0000","pvEach":"24.0000"},"quantity":1}]}},{"currency":"USD","lines":{"items":[{"item":{"href":"https:\/\/hydraqa.unicity.net\/v5a-test\/items\/cda534d686af5d627c94c4bb2c4b57d8","id":{"unicity":"26561"}},"terms":{"priceEach":"16.0000","pvEach":"11.0000"},"quantity":1}]}},{"currency":"USD","lines":{"items":[{"item":{"href":"https:\/\/hydraqa.unicity.net\/v5a-test\/items\/10da226fab00279b4f89df10af2a10b7","id":{"unicity":"26442"}},"terms":{"priceEach":"6.0000","pvEach":"0.0000"},"quantity":1}]}},{"currency":"USD","lines":{"items":[{"item":{"href":"https:\/\/hydraqa.unicity.net\/v5a-test\/items\/2de8516a24af8232add0bb392e750a71","id":{"unicity":"31859"}},"terms":{"priceEach":"179.0000","pvEach":"130.0000"},"quantity":1}]}},{"currency":"USD","lines":{"items":[{"item":{"href":"https:\/\/hydraqa.unicity.net\/v5a-test\/items\/cf8460040a1860bcabf250b6c1171675","id":{"unicity":"31858"}},"terms":{"priceEach":"269.0000","pvEach":"195.0000"},"quantity":1}]}},{"currency":"USD","lines":{"items":[{"item":{"href":"https:\/\/hydraqa.unicity.net\/v5a-test\/items\/4ab49eca1731e69206ccafb5112ad5a4","id":{"unicity":"31861"}},"terms":{"priceEach":"196.0000","pvEach":"135.0000"},"quantity":1}]}},{"currency":"USD","lines":{"items":[{"item":{"href":"https:\/\/hydraqa.unicity.net\/v5a-test\/items\/d4c8fce238d6fc34d17a4b36d1e4e59a","id":{"unicity":"31860"}},"terms":{"priceEach":"196.0000","pvEach":"135.0000"},"quantity":1}]}},{"currency":"USD","lines":{"items":[{"item":{"href":"https:\/\/hydraqa.unicity.net\/v5a-test\/items\/fd464cd7972cc1317e850b9196d886b8","id":{"unicity":"31863"}},"terms":{"priceEach":"210.0000","pvEach":"148.0000"},"quantity":1}]}},{"currency":"USD","lines":{"items":[{"item":{"href":"https:\/\/hydraqa.unicity.net\/v5a-test\/items\/e47fd287212acedd1cffb2b67bf623bd","id":{"unicity":"31862"}},"terms":{"priceEach":"210.0000","pvEach":"148.0000"},"quantity":1}]}},{"currency":"USD","lines":{"items":[{"item":{"href":"https:\/\/hydraqa.unicity.net\/v5a-test\/items\/024e696f8b44a1d315006e676604cd31","id":{"unicity":"27395"}},"terms":{"priceEach":"24.0000","pvEach":"16.0000"},"quantity":1}]}},{"currency":"USD","lines":{"items":[{"item":{"href":"https:\/\/hydraqa.unicity.net\/v5a-test\/items\/3ddd31ddbe0e5807756d2488e7cc3602","id":{"unicity":"31440"}},"terms":{"priceEach":"40.0000","pvEach":"0.0000"},"quantity":1}]}},{"currency":"USD","lines":{"items":[{"item":{"href":"https:\/\/hydraqa.unicity.net\/v5a-test\/items\/90d5ee3af77bdc64ecf28a45b604bf3d","id":{"unicity":"31441"}},"terms":{"priceEach":"40.0000","pvEach":"0.0000"},"quantity":1}]}},{"currency":"USD","lines":{"items":[{"item":{"href":"https:\/\/hydraqa.unicity.net\/v5a-test\/items\/91a6016282310b83203d0bb7bea14a0f","id":{"unicity":"29050"}},"terms":{"priceEach":"12.9500","pvEach":"0.0000"},"quantity":1}]}},{"currency":"USD","lines":{"items":[{"item":{"href":"https:\/\/hydraqa.unicity.net\/v5a-test\/items\/7fc100f8d20814757efe2d79e41b315c","id":{"unicity":"32021"}},"terms":{"priceEach":"89.0000","pvEach":"60.0000"},"quantity":1}]}},{"currency":"USD","lines":{"items":[{"item":{"href":"https:\/\/hydraqa.unicity.net\/v5a-test\/items\/634f7efb30392b2a919de1355902d975","id":{"unicity":"29408"}},"terms":{"priceEach":"80.0000","pvEach":"52.0000"},"quantity":1}]}},{"currency":"USD","lines":{"items":[{"item":{"href":"https:\/\/hydraqa.unicity.net\/v5a-test\/items\/fa2407c91e64e66a72ab45172eb978df","id":{"unicity":"0988"}},"terms":{"priceEach":"35.0000","pvEach":"23.0000"},"quantity":1}]}},{"currency":"USD","lines":{"items":[{"item":{"href":"https:\/\/hydraqa.unicity.net\/v5a-test\/items\/64ec7ad932acafab052a4e8800ad1238","id":{"unicity":"24758"}},"terms":{"priceEach":"30.0000","pvEach":"21.0000"},"quantity":1}]}},{"currency":"USD","lines":{"items":[{"item":{"href":"https:\/\/hydraqa.unicity.net\/v5a-test\/items\/c61892f0a7b7e88054169a31d65d95e0","id":{"unicity":"18373"}},"terms":{"priceEach":"16.0000","pvEach":"10.0000"},"quantity":1}]}},{"currency":"USD","lines":{"items":[{"item":{"href":"https:\/\/hydraqa.unicity.net\/v5a-test\/items\/40a1044968ea62276f4ba87fd2ef0d8f","id":{"unicity":"12230"}},"terms":{"priceEach":"23.0000","pvEach":"15.0000"},"quantity":1}]}},{"currency":"USD","lines":{"items":[{"item":{"href":"https:\/\/hydraqa.unicity.net\/v5a-test\/items\/9ff4257741d464b686d15be955b8afb6","id":{"unicity":"0963"}},"terms":{"priceEach":"41.0000","pvEach":"25.0000"},"quantity":1}]}},{"currency":"USD","lines":{"items":[{"item":{"href":"https:\/\/hydraqa.unicity.net\/v5a-test\/items\/ddef5f478ff91aa2263b646a3bd03dea","id":{"unicity":"21420"}},"terms":{"priceEach":"23.0000","pvEach":"10.0000"},"quantity":1}]}}]}
Entry request : {"order":{"customer":{"href":"https://hydraqa.unicity.net/v5a-test/customers?type=Associate"},"shipToAddress":{"country":"US"}},"vary":{"lines":{"items":[{"item":{"href":"https://hydraqa.unicity.net/v5a-test/items?id.unicity=26580|31440|31441|31651|31655|31518|31751|27801|31858|31859|31862|32030|29684|32016|32017|31727|31729|31730|31731|0963|15129|15271|15880|17174|22745|22747|23728|24758|25022|26550|26556|26557|26560|26561|26562|27615|27739|24418|22888|27585|17744|25008|26442|26551|6200|15916|18908|24785|29050|26552|26553|27028|0954|18401|27029|26559|19596|25542|25544|27835|25543|25545|26945|25535|21420|24621|27831|27833|27837|28836|15712|22165|0960|25369|30825|18386|26567|26568|15907|28513|3107|0988|18373|12230|26950|26786|27587|29017|25880|29694|29408|29437|29181|29183|29191|29352|29612|30350|27395|29440|29830|30408|30414|30400|30280|31314|31728|31842|31846|31845|31847|31863|31860|31861|31958|32021|32364|32365|32366|32367|32368|32369|32370|32371|32372|31106|26555"}}]}}}
Request URL: https://hydraqa.unicity.net/v5a-test/customers.js?_httpMethod=HEAD&callback=angular.callbacks._1&email=LIALAU@gmail.com
Request URL: https://hydraqa.unicity.net/v5a-test/addresses?country=US&zip=84097
Entry response : {"items":[{"city":"Orem","state":"UT"}]}
No Pop UP
{sponsor=2, gender=female, city=OREM, signature=TestSignature, cartprice=219.0, enroller=2, sponsorName=SponsorTest, responsedob=1992-09-23, arpack=Prime Health Pack - Cholesterol, Energy, Vanilla, language=English, locale=en, type=Associate, coapplicanttype=Spouse, platform=QA, lname=TestLastName, password=Unicity, genderoption=Female, Currency=USD, api=1, state=[UT], enrollerName=EnrollerTest, email=LIALAU@gmail.com, coapplicant=TestSpouseName, zip=84097, fname=TestFirstName, prefferd=Jamaica, address2=Address 2, address1=1209 N 800 E, shippingmethod=type=Economy, version=v5a-test/, testcase=normal, market=Jamaica, aritemcode=26580, martial=Married, phone=9823746323, dob=09/23/1992, govid=819669511, proto=https://hydraqa.unicity.net/, marketcode=JM, maritaloption=Married, ccname=CCNameTest}
Request URL: https://hydraqa.unicity.net/v5a-test/orders.js
Entry request : {"customer":{"mainAddress":{"city":"OREM","country":"US","state":"UT","zip":"84097","address1":"1209 N 800 E","address2":""},"humanName":{"firstName":"TestFirstName","lastName":"TestLastName"},"email":"LIALAU@gmail.com","preferredLocale":"en-JM","password":{"value":"Unicity"},"gender":"female","maritalStatus":"Married","type":"Associate","enroller":{"href":"https://hydraqa.unicity.net/v5a-test/customers?id.unicity=2"},"sponsor":{"href":"https://hydraqa.unicity.net/v5a-test/customers?id.unicity=2"},"creditcardaliases":[{"methodDetails":{"creditCardNumber":"4111111111111111","payer":"TestFirstName TestLastName","creditCardExpires":"2020-10"},"billToName":{"firstName":"TestFirstName","lastName":"TestLastName"},"billToAddress":{"address1":"Address 1","address2":"Address 2","city":"TestCity","state":"05","zip":"","country":"JM"}}],"homePhone":"9823746323","birthDate":"1992-09-23","autoorders":{"items":[{"recurrence":{"schedule":{"month":"*","dayOfMonth":"5"},"status":"Enabled"},"lines":{"items":[{"item":{"href":"https://hydraqa.unicity.net/v5a-test/items?id.unicity=26580"},"quantity":1}]},"shipToName":{"firstName":"TestFirstName","lastName":"TestLastName"},"shipToPhone":"9823746323","shipToEmail":"LIALAU@gmail.com","shipToAddress":{"city":"OREM","country":"US","state":"UT","address1":"1209 N 800 E","address2":"","zip":"84097"},"shippingMethod":{"href":"https://hydraqa.unicity.net/v5a-test/shippingmethods?type=Economy"},"transactions":{"items":[{"amount":"this.terms.total","type":"AuthorizeAndCapture","method":"CreditCardAlias","methodDetails":{"alias":"this.customer.creditcardaliases[0].alias"}}]}}]},"coapplicant":{"type":"Spouse","details":{"humanName":{"firstName":"TestSpouseName","lastName":""}}},"rights":[],"signature":{"value":"TestSignature"},"taxTerms":{"taxId":"819669511","taxIdExpires":"2025-12-30"}},"lines":{"items":[{"item":{"href":"https://hydraqa.unicity.net/v5a-test/items?id.unicity=31440"},"quantity":1},{"item":{"href":"https://hydraqa.unicity.net/v5a-test/items?id.unicity=31859"},"quantity":1}]},"shipToName":{"firstName":"TestFirstName","lastName":"TestLastName"},"shipToPhone":"9823746323","shipToEmail":"LIALAU@gmail.com","shipToAddress":{"city":"OREM","country":"US","state":"UT","address1":"1209 N 800 E","address2":"","zip":"84097"},"shippingMethod":{"href":"https://hydraqa.unicity.net/v5a-test/shippingmethods?type=Economy"},"notes":"","transactions":{"items":[{"amount":"this.terms.total","type":"AuthorizeAndCapture","method":"CreditCard","methodDetails":{"creditCardNumber":"4111111111111111","payer":"CCNameTest","creditCardExpires":"2020-10","creditCardSecurityCode":"123"},"billToAddress":{"address1":"Address 1","address2":"Address 2","city":"TestCity","state":"05","zip":"","country":"JM"}}]}}
Entry response : <html>
<head><title>502 Bad Gateway</title></head>
<body bgcolor="white">
<center><h1>502 Bad Gateway</h1></center>
</body>
</html>
<!-- a padding to disable MSIE and Chrome friendly error page -->
<!-- a padding to disable MSIE and Chrome friendly error page -->
<!-- a padding to disable MSIE and Chrome friendly error page -->
<!-- a padding to disable MSIE and Chrome friendly error page -->
<!-- a padding to disable MSIE and Chrome friendly error page -->
<!-- a padding to disable MSIE and Chrome friendly error page -->

Headers-->keep-alive
Headers-->2755
Headers-->application/json, text/plain, */*
Headers-->http://enroll.ng.unicityqa.com
Headers-->en-JM
]]></system-out>
    <system-err><![CDATA[Starting ChromeDriver 2.36.540470 (e522d04694c7ebea4ba8821272dbef4f9b818c91) on port 30324
Only local connections are allowed.
Jan 07, 2020 3:22:33 PM org.openqa.selenium.remote.ProtocolHandshake createSession
INFO: Detected dialect: OSS
]]></system-err>
  </testcase>
  <testcase name="Enroll" classname="Tests.FranchisePartner" time="323.776"/>
  <testcase name="Enroll" classname="Tests.FranchisePartner" time="301.634"/>
  <testcase name="Enroll" classname="Tests.FranchisePartner" time="317.364"/>
  <testcase name="Enroll" classname="Tests.FranchisePartner" time="185.234">
    <failure message="Minor Summary Labels is Displaying expected [[Resumen de Inscripción, Configuración de la inscripción, Co-solicitante, Su Información, Tu dirección de envío/Dirección principal, Tu dirección de facturación, Tu información del pago, Términos y Condiciones, Resumen]] but found [[Opción de pago, Información de la tarjeta de Crédito / Débito, Dirección de facturación/correo, Dirección de envío, Método de envío, Resumen]]" type="java.lang.AssertionError">java.lang.AssertionError: Minor Summary Labels is Displaying expected [[Resumen de Inscripción, Configuración de la inscripción, Co-solicitante, Su Información, Tu dirección de envío/Dirección principal, Tu dirección de facturación, Tu información del pago, Términos y Condiciones, Resumen]] but found [[Opción de pago, Información de la tarjeta de Crédito / Débito, Dirección de facturación/correo, Dirección de envío, Método de envío, Resumen]]
	at Tests.FranchisePartner.Enroll(FranchisePartner.java:265)
</failure>
    <system-out><![CDATA[Request URL: https://hydraqa.unicity.net/v5a-test/quotes?&expand=item
Entry Quotes response : {"items":[{"lines":{"items":[{"item":{"href":"https:\/\/hydraqa.unicity.net\/v5a-test\/items\/90d5ee3af77bdc64ecf28a45b604bf3d","id":{"unicity":"31441"}},"quantity":"1","terms":{"priceEach":"257.76","taxEach":{"amount":"41.24"},"discountEach":{"amount":"0"},"pvEach":"0"}}]},"currency":"MXN"},{"lines":{"items":[{"item":{"href":"https:\/\/hydraqa.unicity.net\/v5a-test\/items\/9e41f50a3cf42ea5d0a8a600b92ac51d","id":{"unicity":"32182"}},"quantity":"1","terms":{"priceEach":"3038.79","taxEach":{"amount":"0"},"discountEach":{"amount":"0"},"pvEach":"127"}}]},"currency":"MXN"},{"lines":{"items":[{"item":{"href":"https:\/\/hydraqa.unicity.net\/v5a-test\/items\/e5b2f33a1c07a84507d394462dca1d73","id":{"unicity":"32183"}},"quantity":"1","terms":{"priceEach":"3038.79","taxEach":{"amount":"0"},"discountEach":{"amount":"0"},"pvEach":"127"}}]},"currency":"MXN"},{"lines":{"items":[{"item":{"href":"https:\/\/hydraqa.unicity.net\/v5a-test\/items\/69902deb98bc30522a0914b49f3db363","id":{"unicity":"31994"}},"quantity":"1","terms":{"priceEach":"3198.28","taxEach":{"amount":"0"},"discountEach":{"amount":"0"},"pvEach":"120"}}]},"currency":"MXN"},{"lines":{"items":[{"item":{"href":"https:\/\/hydraqa.unicity.net\/v5a-test\/items\/111f766fa7eed8cca29cda29e0ac4e5f","id":{"unicity":"31725"}},"quantity":"1","terms":{"priceEach":"1793.97","taxEach":{"amount":"0"},"discountEach":{"amount":"0"},"pvEach":"77"}}]},"currency":"MXN"},{"lines":{"items":[{"item":{"href":"https:\/\/hydraqa.unicity.net\/v5a-test\/items\/10da226fab00279b4f89df10af2a10b7","id":{"unicity":"26442"}},"quantity":"1","terms":{"priceEach":"109.48","taxEach":{"amount":"17.52"},"discountEach":{"amount":"0"},"pvEach":"0"}}]},"currency":"MXN"},{"lines":{"items":[{"item":{"href":"https:\/\/hydraqa.unicity.net\/v5a-test\/items\/c522889845fe5b5a6bd790ca481a05b6","id":{"unicity":"26443"}},"quantity":"1","terms":{"priceEach":"90.52","taxEach":{"amount":"14.48"},"discountEach":{"amount":"0"},"pvEach":"0"}}]},"currency":"MXN"},{"lines":{"items":[{"item":{"href":"https:\/\/hydraqa.unicity.net\/v5a-test\/items\/91a6016282310b83203d0bb7bea14a0f","id":{"unicity":"29050"}},"quantity":"1","terms":{"priceEach":"215.52","taxEach":{"amount":"34.48"},"discountEach":{"amount":"0"},"pvEach":"0"}}]},"currency":"MXN"},{"lines":{"items":[{"item":{"href":"https:\/\/hydraqa.unicity.net\/v5a-test\/items\/3ef5e4a8e113bbbd66ea046b24ce80d1","id":{"unicity":"27721"}},"quantity":"1","terms":{"priceEach":"1177.59","taxEach":{"amount":"188.41"},"discountEach":{"amount":"0"},"pvEach":"52"}}]},"currency":"MXN"},{"lines":{"items":[{"item":{"href":"https:\/\/hydraqa.unicity.net\/v5a-test\/items\/bc85ca504dddbd891f34ba100c1fa765","id":{"unicity":"29249"}},"quantity":"1","terms":{"priceEach":"293.97","taxEach":{"amount":"47.04"},"discountEach":{"amount":"0"},"pvEach":"10"}}]},"currency":"MXN"},{"lines":{"items":[{"item":{"href":"https:\/\/hydraqa.unicity.net\/v5a-test\/items\/752f3993addc2bd5f2d1f63be14b79ab","id":{"unicity":"29245"}},"quantity":"1","terms":{"priceEach":"1285.34","taxEach":{"amount":"205.65"},"discountEach":{"amount":"0"},"pvEach":"50"}}]},"currency":"MXN"},{"lines":{"items":[{"item":{"href":"https:\/\/hydraqa.unicity.net\/v5a-test\/items\/b332dd66200c8f1e7605c15cf649a419","id":{"unicity":"29265"}},"quantity":"1","terms":{"priceEach":"568.97","taxEach":{"amount":"91.04"},"discountEach":{"amount":"0"},"pvEach":"22"}}]},"currency":"MXN"},{"lines":{"items":[{"item":{"href":"https:\/\/hydraqa.unicity.net\/v5a-test\/items\/1b7adc3e2d9a7ad0a13fa1356531fe8d","id":{"unicity":"31851"}},"quantity":"1","terms":{"priceEach":"1906.9","taxEach":{"amount":"0"},"discountEach":{"amount":"0"},"pvEach":"75"}}]},"currency":"MXN"},{"lines":{"items":[{"item":{"href":"https:\/\/hydraqa.unicity.net\/v5a-test\/items\/61976f41edc883754b09b33f9216edce","id":{"unicity":"31674"}},"quantity":"1","terms":{"priceEach":"1098.29","taxEach":{"amount":"175.73"},"discountEach":{"amount":"0"},"pvEach":"50"}}]},"currency":"MXN"},{"lines":{"items":[{"item":{"href":"https:\/\/hydraqa.unicity.net\/v5a-test\/items\/c0e25c8295633a9982a5edaa4745e931","id":{"unicity":"31995"}},"quantity":"1","terms":{"priceEach":"3198.28","taxEach":{"amount":"0"},"discountEach":{"amount":"0"},"pvEach":"120"}}]},"currency":"MXN"},{"lines":{"items":[{"item":{"href":"https:\/\/hydraqa.unicity.net\/v5a-test\/items\/c71cdd78b407072f4c3400e17672e53d","id":{"unicity":"31668"}},"quantity":"1","terms":{"priceEach":"480.17","taxEach":{"amount":"76.83"},"discountEach":{"amount":"0"},"pvEach":"19"}}]},"currency":"MXN"},{"lines":{"items":[{"item":{"href":"https:\/\/hydraqa.unicity.net\/v5a-test\/items\/274e18b96c75319107728e2ff26dd340","id":{"unicity":"32000"}},"quantity":"1","terms":{"priceEach":"379.31","taxEach":{"amount":"60.69"},"discountEach":{"amount":"0"},"pvEach":"10"}}]},"currency":"MXN"}]}
Entry request : {"order":{"customer":{"href":"https://hydraqa.unicity.net/v5a-test/customers?type=Associate"},"shipToAddress":{"country":"MX"}},"vary":{"lines":{"items":[{"item":{"href":"https://hydraqa.unicity.net/v5a-test/items?id.unicity=31441|32182|32183|31994|31725|26442|26443|29050|29237|29239|29253|27721|29249|29241|29310|29245|29265|31851|31674|31995|31668|32000"}}]}}}
Request URL: https://hydraqa.unicity.net/v5a-test/customers.js?_httpMethod=HEAD&callback=angular.callbacks._8&email=EKYPUO@gmail.com
]]></system-out>
    <system-err><![CDATA[Starting ChromeDriver 2.36.540470 (e522d04694c7ebea4ba8821272dbef4f9b818c91) on port 11950
Only local connections are allowed.
Jan 07, 2020 3:43:49 PM org.openqa.selenium.remote.ProtocolHandshake createSession
INFO: Detected dialect: OSS
]]></system-err>
  </testcase>
  <testcase name="Enroll" classname="Tests.FranchisePartner" time="317.24">
    <failure message="Major Market expected [NL] but found [null]" type="java.lang.AssertionError">java.lang.AssertionError: Major Market expected [NL] but found [null]
	at Tests.FranchisePartner.Enroll(FranchisePartner.java:265)
</failure>
    <system-out><![CDATA[Request URL: https://hydraqa.unicity.net/v5a-test/quotes?&expand=item
Entry Quotes response : {"items":[{"lines":{"items":[{"item":{"href":"https:\/\/hydraqa.unicity.net\/v5a-test\/items\/0d3b8d4f7c4d4082db1b4ecffb6693fb","id":{"unicity":"27160"},"weightEach":{"value":0},"servingsPerContainer":0,"servingSize":0},"quantity":"1","terms":{"priceEach":"74.67","taxEach":{"amount":"6.72"},"discountEach":{"amount":"0"},"pvEach":"53"}}]},"currency":"EUR"},{"lines":{"items":[{"item":{"href":"https:\/\/hydraqa.unicity.net\/v5a-test\/items\/6447f84f6ef7782049a369b983428bb7","id":{"unicity":"31336"},"weightEach":{"value":0},"servingsPerContainer":0,"servingSize":0},"quantity":"1","terms":{"priceEach":"224.21","taxEach":{"amount":"20.18"},"discountEach":{"amount":"0"},"pvEach":"165"}}]},"currency":"EUR"},{"lines":{"items":[{"item":{"href":"https:\/\/hydraqa.unicity.net\/v5a-test\/items\/31cb0679f65df8fa9a4fc3d7e38b72b3","id":{"unicity":"31763"},"weightEach":{"value":0},"servingsPerContainer":0,"servingSize":0},"quantity":"1","terms":{"priceEach":"243.3","taxEach":{"amount":"21.9"},"discountEach":{"amount":"0"},"pvEach":"181"}}]},"currency":"EUR"},{"lines":{"items":[{"item":{"href":"https:\/\/hydraqa.unicity.net\/v5a-test\/items\/e9991b48ac639367d526d2b9b22fac8c","id":{"unicity":"32128"},"weightEach":{"value":0},"servingsPerContainer":0,"servingSize":0},"quantity":"1","terms":{"priceEach":"371.87","taxEach":{"amount":"33.47"},"discountEach":{"amount":"0"},"pvEach":"253"}}]},"currency":"EUR"},{"lines":{"items":[{"item":{"href":"https:\/\/hydraqa.unicity.net\/v5a-test\/items\/40b3312de189221d96d838d33a8ec49d","id":{"unicity":"32129"},"weightEach":{"value":0},"servingsPerContainer":0,"servingSize":0},"quantity":"1","terms":{"priceEach":"371.87","taxEach":{"amount":"33.47"},"discountEach":{"amount":"0"},"pvEach":"254"}}]},"currency":"EUR"},{"lines":{"items":[{"item":{"href":"https:\/\/hydraqa.unicity.net\/v5a-test\/items\/6bd168a66ce41003a8f30917deff5808","id":{"unicity":"32130"},"weightEach":{"value":0},"servingsPerContainer":0,"servingSize":0},"quantity":"1","terms":{"priceEach":"363.46","taxEach":{"amount":"32.71"},"discountEach":{"amount":"0"},"pvEach":"252"}}]},"currency":"EUR"},{"lines":{"items":[{"item":{"href":"https:\/\/hydraqa.unicity.net\/v5a-test\/items\/806f99b793edd7cd0b1c158ba0eb3142","id":{"unicity":"32132"},"weightEach":{"value":0},"servingsPerContainer":0,"servingSize":0},"quantity":"1","terms":{"priceEach":"355.98","taxEach":{"amount":"32.04"},"discountEach":{"amount":"0"},"pvEach":"253"}}]},"currency":"EUR"},{"lines":{"items":[{"item":{"href":"https:\/\/hydraqa.unicity.net\/v5a-test\/items\/e3d382d99fde8659cb146b54116e7654","id":{"unicity":"32133"},"weightEach":{"value":0},"servingsPerContainer":0,"servingSize":0},"quantity":"1","terms":{"priceEach":"364.39","taxEach":{"amount":"32.8"},"discountEach":{"amount":"0"},"pvEach":"252"}}]},"currency":"EUR"},{"lines":{"items":[{"item":{"href":"https:\/\/hydraqa.unicity.net\/v5a-test\/items\/022f109fe6e5eae3e521295a5cb94c60","id":{"unicity":"32134"},"weightEach":{"value":0},"servingsPerContainer":0,"servingSize":0},"quantity":"1","terms":{"priceEach":"144.77","taxEach":{"amount":"13.03"},"discountEach":{"amount":"0"},"pvEach":"101"}}]},"currency":"EUR"},{"lines":{"items":[{"item":{"href":"https:\/\/hydraqa.unicity.net\/v5a-test\/items\/ded00960d5e948dd8e511a9c752e1ff9","id":{"unicity":"32135"},"weightEach":{"value":0},"servingsPerContainer":0,"servingSize":0},"quantity":"1","terms":{"priceEach":"154.11","taxEach":{"amount":"13.87"},"discountEach":{"amount":"0"},"pvEach":"113"}}]},"currency":"EUR"},{"lines":{"items":[{"item":{"href":"https:\/\/hydraqa.unicity.net\/v5a-test\/items\/d8736cc35cf9f4734fd76da71c53dc05","id":{"unicity":"32136"},"weightEach":{"value":0},"servingsPerContainer":0,"servingSize":0},"quantity":"1","terms":{"priceEach":"141.96","taxEach":{"amount":"12.78"},"discountEach":{"amount":"0"},"pvEach":"102"}}]},"currency":"EUR"},{"lines":{"items":[{"item":{"href":"https:\/\/hydraqa.unicity.net\/v5a-test\/items\/166a69d45c4ae40278554e24d5f40443","id":{"unicity":"32137"},"weightEach":{"value":0},"servingsPerContainer":0,"servingSize":0},"quantity":"1","terms":{"priceEach":"168.13","taxEach":{"amount":"15.13"},"discountEach":{"amount":"0"},"pvEach":"118"}}]},"currency":"EUR"},{"lines":{"items":[{"item":{"href":"https:\/\/hydraqa.unicity.net\/v5a-test\/items\/d04a0b8762b20202b6273114fb7302d1","id":{"unicity":"32138"},"weightEach":{"value":0},"servingsPerContainer":0,"servingSize":0},"quantity":"1","terms":{"priceEach":"224.21","taxEach":{"amount":"20.18"},"discountEach":{"amount":"0"},"pvEach":"152"}}]},"currency":"EUR"},{"lines":{"items":[{"item":{"href":"https:\/\/hydraqa.unicity.net\/v5a-test\/items\/e13d0b5c40704ad5dd186959367c97f1","id":{"unicity":"32125"},"weightEach":{"value":0},"servingsPerContainer":0,"servingSize":0},"quantity":"1","terms":{"priceEach":"373.74","taxEach":{"amount":"33.64"},"discountEach":{"amount":"0"},"pvEach":"250"}}]},"currency":"EUR"},{"lines":{"items":[{"item":{"href":"https:\/\/hydraqa.unicity.net\/v5a-test\/items\/c451532f63a06f0e9a054e946a1a1c3b","id":{"unicity":"18511"},"weightEach":{"value":0},"servingsPerContainer":0,"servingSize":0},"quantity":"1","terms":{"priceEach":"37.29","taxEach":{"amount":"3.36"},"discountEach":{"amount":"0"},"pvEach":"23"}}]},"currency":"EUR"},{"lines":{"items":[{"item":{"href":"https:\/\/hydraqa.unicity.net\/v5a-test\/items\/9752a919e28f96747163918165b46f23","id":{"unicity":"19941"},"weightEach":{"value":558},"servingsPerContainer":15,"servingSize":0},"quantity":"1","terms":{"priceEach":"32.62","taxEach":{"amount":"2.94"},"discountEach":{"amount":"0"},"pvEach":"20"}}]},"currency":"EUR"},{"lines":{"items":[{"item":{"href":"https:\/\/hydraqa.unicity.net\/v5a-test\/items\/65589269f4976d30f5c80a675b83db43","id":{"unicity":"22178"},"weightEach":{"value":0},"servingsPerContainer":0,"servingSize":0},"quantity":"1","terms":{"priceEach":"37.29","taxEach":{"amount":"3.36"},"discountEach":{"amount":"0"},"pvEach":"23"}}]},"currency":"EUR"},{"lines":{"items":[{"item":{"href":"https:\/\/hydraqa.unicity.net\/v5a-test\/items\/4e49c95f12ae7be78e5ffab68b8b3ca6","id":{"unicity":"26422"},"weightEach":{"value":0},"servingsPerContainer":0,"servingSize":0},"quantity":"1","terms":{"priceEach":"19","taxEach":{"amount":"1.71"},"discountEach":{"amount":"0"},"pvEach":"16"}}]},"currency":"EUR"},{"lines":{"items":[{"item":{"href":"https:\/\/hydraqa.unicity.net\/v5a-test\/items\/50e73ecfa509ac20c4a250f9cb32fdfc","id":{"unicity":"27156"},"weightEach":{"value":0},"servingsPerContainer":0,"servingSize":0},"quantity":"1","terms":{"priceEach":"20.47","taxEach":{"amount":"1.84"},"discountEach":{"amount":"0"},"pvEach":"13"}}]},"currency":"EUR"},{"lines":{"items":[{"item":{"href":"https:\/\/hydraqa.unicity.net\/v5a-test\/items\/d92292ba2f23c030e4a1f63eb3ebe1ce","id":{"unicity":"27158"},"weightEach":{"value":0},"servingsPerContainer":0,"servingSize":0},"quantity":"1","terms":{"priceEach":"27.94","taxEach":{"amount":"2.51"},"discountEach":{"amount":"0"},"pvEach":"23"}}]},"currency":"EUR"},{"lines":{"items":[{"item":{"href":"https:\/\/hydraqa.unicity.net\/v5a-test\/items\/ac37bf51ff7e4fe860da8457f6ce0425","id":{"unicity":"27166"},"weightEach":{"value":0},"servingsPerContainer":0,"servingSize":0},"quantity":"1","terms":{"priceEach":"74.67","taxEach":{"amount":"6.72"},"discountEach":{"amount":"0"},"pvEach":"54"}}]},"currency":"EUR"},{"lines":{"items":[{"item":{"href":"https:\/\/hydraqa.unicity.net\/v5a-test\/items\/a7bda1cb4a35343e52791aba56debc4a","id":{"unicity":"27617"},"weightEach":{"value":0},"servingsPerContainer":0,"servingSize":0},"quantity":"1","terms":{"priceEach":"29.81","taxEach":{"amount":"2.68"},"discountEach":{"amount":"0"},"pvEach":"18"}}]},"currency":"EUR"},{"lines":{"items":[{"item":{"href":"https:\/\/hydraqa.unicity.net\/v5a-test\/items\/a36d9fdd0fd7561e6180fb5b2ff27164","id":{"unicity":"27660"},"weightEach":{"value":0},"servingsPerContainer":0,"servingSize":0},"quantity":"1","terms":{"priceEach":"42.9","taxEach":{"amount":"3.86"},"discountEach":{"amount":"0"},"pvEach":"30"}}]},"currency":"EUR"},{"lines":{"items":[{"item":{"href":"https:\/\/hydraqa.unicity.net\/v5a-test\/items\/112b8c39286598b3730f630f371a45f4","id":{"unicity":"27587"},"weightEach":{"value":0},"servingsPerContainer":0,"servingSize":0},"quantity":"1","terms":{"priceEach":"55.98","taxEach":{"amount":"5.04"},"discountEach":{"amount":"0"},"pvEach":"34"}}]},"currency":"EUR"},{"lines":{"items":[{"item":{"href":"https:\/\/hydraqa.unicity.net\/v5a-test\/items\/0c0717a26fcfe40310e906487e8a12f7","id":{"unicity":"28601"},"weightEach":{"value":0},"servingsPerContainer":0,"servingSize":0},"quantity":"1","terms":{"priceEach":"74.67","taxEach":{"amount":"6.72"},"discountEach":{"amount":"0"},"pvEach":"54"}}]},"currency":"EUR"},{"lines":{"items":[{"item":{"href":"https:\/\/hydraqa.unicity.net\/v5a-test\/items\/4790a55c442b5dc75a13b155e78c1842","id":{"unicity":"28604"},"weightEach":{"value":0},"servingsPerContainer":0,"servingSize":0},"quantity":"1","terms":{"priceEach":"74.67","taxEach":{"amount":"6.72"},"discountEach":{"amount":"0"},"pvEach":"54"}}]},"currency":"EUR"},{"lines":{"items":[{"item":{"href":"https:\/\/hydraqa.unicity.net\/v5a-test\/items\/db0a2b02eaabc5ad45fe91ba5c7bcf5a","id":{"unicity":"31772"},"weightEach":{"value":0},"servingsPerContainer":0,"servingSize":0},"quantity":"1","terms":{"priceEach":"8.32","taxEach":{"amount":"1.75"},"discountEach":{"amount":"0"},"pvEach":"0"}}]},"currency":"EUR"},{"lines":{"items":[{"item":{"href":"https:\/\/hydraqa.unicity.net\/v5a-test\/items\/2262fdd5af916c31df08089c191735c1","id":{"unicity":"29317"},"weightEach":{"value":0},"servingsPerContainer":0,"servingSize":0},"quantity":"1","terms":{"priceEach":"25.21","taxEach":{"amount":"5.29"},"discountEach":{"amount":"0"},"pvEach":"0"}}]},"currency":"EUR"},{"lines":{"items":[{"item":{"href":"https:\/\/hydraqa.unicity.net\/v5a-test\/items\/e98822672b5da0c3eaede80b7d7d4c5e","id":{"unicity":"26371"},"weightEach":{"value":0},"servingsPerContainer":0,"servingSize":0},"quantity":"1","terms":{"priceEach":"246","taxEach":{"amount":"32.7"},"discountEach":{"amount":"0"},"pvEach":"174"}}]},"currency":"EUR"},{"lines":{"items":[{"item":{"href":"https:\/\/hydraqa.unicity.net\/v5a-test\/items\/4114433211b3e74bf171f84526d7e49b","id":{"unicity":"31344"},"weightEach":{"value":0},"servingsPerContainer":0,"servingSize":0},"quantity":"1","terms":{"priceEach":"82.25","taxEach":{"amount":"7.4"},"discountEach":{"amount":"0"},"pvEach":"43"}}]},"currency":"EUR"},{"lines":{"items":[{"item":{"href":"https:\/\/hydraqa.unicity.net\/v5a-test\/items\/217ca02fbd24e21ca5281412756238ab","id":{"unicity":"32126"},"weightEach":{"value":0},"servingsPerContainer":0,"servingSize":0},"quantity":"1","terms":{"priceEach":"152.24","taxEach":{"amount":"14.7"},"discountEach":{"amount":"0"},"pvEach":"101"}}]},"currency":"EUR"},{"lines":{"items":[{"item":{"href":"https:\/\/hydraqa.unicity.net\/v5a-test\/items\/808008a0657d2033ad471c39bbce9891","id":{"unicity":"32127"},"weightEach":{"value":0},"servingsPerContainer":0,"servingSize":0},"quantity":"1","terms":{"priceEach":"162.34","taxEach":{"amount":"15.61"},"discountEach":{"amount":"0"},"pvEach":"113"}}]},"currency":"EUR"},{"lines":{"items":[{"item":{"href":"https:\/\/hydraqa.unicity.net\/v5a-test\/items\/10df0fc3509b53cbeaeb9476ca92d520","id":{"unicity":"29833"},"weightEach":{"value":0},"servingsPerContainer":0,"servingSize":0},"quantity":"1","terms":{"priceEach":"90.56","taxEach":{"amount":"8.15"},"discountEach":{"amount":"0"},"pvEach":"69"}}]},"currency":"EUR"},{"lines":{"items":[{"item":{"href":"https:\/\/hydraqa.unicity.net\/v5a-test\/items\/332daeac6796ed016ea8b7d0bc42c2d4","id":{"unicity":"24274"},"weightEach":{"value":0},"servingsPerContainer":0,"servingSize":0},"quantity":"1","terms":{"priceEach":"7.48","taxEach":{"amount":"1.57"},"discountEach":{"amount":"0"},"pvEach":"0"}}]},"currency":"EUR"},{"lines":{"items":[{"item":{"href":"https:\/\/hydraqa.unicity.net\/v5a-test\/items\/1945faa1776541d53120ecfe3c1d8a2b","id":{"unicity":"24418"},"weightEach":{"value":0},"servingsPerContainer":0,"servingSize":0},"quantity":"1","terms":{"priceEach":"4.96","taxEach":{"amount":"1.04"},"discountEach":{"amount":"0"},"pvEach":"0"}}]},"currency":"EUR"},{"lines":{"items":[{"item":{"href":"https:\/\/hydraqa.unicity.net\/v5a-test\/items\/5147f8cfe32548e02fc158d4da9c4d6f","id":{"unicity":"27150"},"weightEach":{"value":0},"servingsPerContainer":0,"servingSize":0},"quantity":"1","terms":{"priceEach":"93.36","taxEach":{"amount":"8.4"},"discountEach":{"amount":"0"},"pvEach":"70"}}]},"currency":"EUR"},{"lines":{"items":[{"item":{"href":"https:\/\/hydraqa.unicity.net\/v5a-test\/items\/03eba2365025ccd85818846a83a16f47","id":{"unicity":"27163"},"weightEach":{"value":0},"servingsPerContainer":0,"servingSize":0},"quantity":"1","terms":{"priceEach":"74.67","taxEach":{"amount":"6.72"},"discountEach":{"amount":"0"},"pvEach":"54"}}]},"currency":"EUR"},{"lines":{"items":[{"item":{"href":"https:\/\/hydraqa.unicity.net\/v5a-test\/items\/7d4ad2792f7056e5f81eb24f118ef737","id":{"unicity":"27575"},"weightEach":{"value":0},"servingsPerContainer":0,"servingSize":0},"quantity":"1","terms":{"priceEach":"55.98","taxEach":{"amount":"5.04"},"discountEach":{"amount":"0"},"pvEach":"34"}}]},"currency":"EUR"},{"lines":{"items":[{"item":{"href":"https:\/\/hydraqa.unicity.net\/v5a-test\/items\/0eebdede5bdb8bf4d71e800b6f3cead1","id":{"unicity":"30825"},"weightEach":{"value":0},"servingsPerContainer":0,"servingSize":0},"quantity":"1","terms":{"priceEach":"37.29","taxEach":{"amount":"3.36"},"discountEach":{"amount":"0"},"pvEach":"23"}}]},"currency":"EUR"},{"lines":{"items":[{"item":{"href":"https:\/\/hydraqa.unicity.net\/v5a-test\/items\/024e696f8b44a1d315006e676604cd31","id":{"unicity":"27395"},"weightEach":{"value":0},"servingsPerContainer":0,"servingSize":0},"quantity":"1","terms":{"priceEach":"29.81","taxEach":{"amount":"2.68"},"discountEach":{"amount":"0"},"pvEach":"18"}}]},"currency":"EUR"},{"lines":{"items":[{"item":{"href":"https:\/\/hydraqa.unicity.net\/v5a-test\/items\/398d06b858b960f6f38086d40608aef2","id":{"unicity":"26560"},"weightEach":{"value":0},"servingsPerContainer":0,"servingSize":0},"quantity":"1","terms":{"priceEach":"20.47","taxEach":{"amount":"1.84"},"discountEach":{"amount":"0"},"pvEach":"13"}}]},"currency":"EUR"},{"lines":{"items":[{"item":{"href":"https:\/\/hydraqa.unicity.net\/v5a-test\/items\/e218d1cac5f31e7ae4f5876c29c57377","id":{"unicity":"29017"},"weightEach":{"value":0},"servingsPerContainer":0,"servingSize":0},"quantity":"1","terms":{"priceEach":"37.29","taxEach":{"amount":"3.36"},"discountEach":{"amount":"0"},"pvEach":"23"}}]},"currency":"EUR"},{"lines":{"items":[{"item":{"href":"https:\/\/hydraqa.unicity.net\/v5a-test\/items\/3f2d12d7a0e8551fc99fad3bbe1ba633","id":{"unicity":"26567"},"weightEach":{"value":0},"servingsPerContainer":0,"servingSize":0},"quantity":"1","terms":{"priceEach":"55.98","taxEach":{"amount":"5.04"},"discountEach":{"amount":"0"},"pvEach":"26"}}]},"currency":"EUR"},{"lines":{"items":[{"item":{"href":"https:\/\/hydraqa.unicity.net\/v5a-test\/items\/191637167cb3144bd2e8c4615e9ab67e","id":{"unicity":"26568"},"weightEach":{"value":0},"servingsPerContainer":0,"servingSize":0},"quantity":"1","terms":{"priceEach":"55.98","taxEach":{"amount":"5.04"},"discountEach":{"amount":"0"},"pvEach":"26"}}]},"currency":"EUR"},{"lines":{"items":[{"item":{"href":"https:\/\/hydraqa.unicity.net\/v5a-test\/items\/606f7be753c74dfbfe4b107276775140","id":{"unicity":"29821"},"weightEach":{"value":0},"servingsPerContainer":0,"servingSize":0},"quantity":"1","terms":{"priceEach":"79.35","taxEach":{"amount":"7.14"},"discountEach":{"amount":"0"},"pvEach":"59"}}]},"currency":"EUR"},{"lines":{"items":[{"item":{"href":"https:\/\/hydraqa.unicity.net\/v5a-test\/items\/94939f9be900906d2b47260ccba22a7b","id":{"unicity":"32012"},"weightEach":{"value":0},"servingsPerContainer":0,"servingSize":0},"quantity":"1","terms":{"priceEach":"13.93","taxEach":{"amount":"1.25"},"discountEach":{"amount":"0"},"pvEach":"6"}}]},"currency":"EUR"},{"lines":{"items":[{"item":{"href":"https:\/\/hydraqa.unicity.net\/v5a-test\/items\/2c4c1abe00983e85aaa918d2ce341491","id":{"unicity":"17174"},"weightEach":{"value":0},"servingsPerContainer":0,"servingSize":0},"quantity":"1","terms":{"priceEach":"37.29","taxEach":{"amount":"3.36"},"discountEach":{"amount":"0"},"pvEach":"23"}}]},"currency":"EUR"},{"lines":{"items":[{"item":{"href":"https:\/\/hydraqa.unicity.net\/v5a-test\/items\/991cdbb84a495779eb209fb3956a77e4","id":{"unicity":"29183"},"weightEach":{"value":0},"servingsPerContainer":0,"servingSize":0},"quantity":"1","terms":{"priceEach":"31.01","taxEach":{"amount":"6.51"},"discountEach":{"amount":"0"},"pvEach":"18"}}]},"currency":"EUR"},{"lines":{"items":[{"item":{"href":"https:\/\/hydraqa.unicity.net\/v5a-test\/items\/0e78fbdfebef11cd62f8d2120064ee58","id":{"unicity":"30280"},"weightEach":{"value":0},"servingsPerContainer":0,"servingSize":0},"quantity":"1","terms":{"priceEach":"33.53","taxEach":{"amount":"7.04"},"discountEach":{"amount":"0"},"pvEach":"20"}}]},"currency":"EUR"},{"lines":{"items":[{"item":{"href":"https:\/\/hydraqa.unicity.net\/v5a-test\/items\/beb900429fbb160dbfc3001c14d96df4","id":{"unicity":"29187"},"weightEach":{"value":0},"servingsPerContainer":0,"servingSize":0},"quantity":"1","terms":{"priceEach":"37.73","taxEach":{"amount":"7.92"},"discountEach":{"amount":"0"},"pvEach":"24"}}]},"currency":"EUR"},{"lines":{"items":[{"item":{"href":"https:\/\/hydraqa.unicity.net\/v5a-test\/items\/1b0412bea8c0b841c66f65a36aa14108","id":{"unicity":"29191"},"weightEach":{"value":0},"servingsPerContainer":0,"servingSize":0},"quantity":"1","terms":{"priceEach":"37.73","taxEach":{"amount":"7.92"},"discountEach":{"amount":"0"},"pvEach":"24"}}]},"currency":"EUR"},{"lines":{"items":[{"item":{"href":"https:\/\/hydraqa.unicity.net\/v5a-test\/items\/52c87f74d3b41ed49b0f897b66c2a99b","id":{"unicity":"30684"},"weightEach":{"value":0},"servingsPerContainer":0,"servingSize":0},"quantity":"1","terms":{"priceEach":"37.29","taxEach":{"amount":"3.36"},"discountEach":{"amount":"0"},"pvEach":"23"}}]},"currency":"EUR"},{"lines":{"items":[{"item":{"href":"https:\/\/hydraqa.unicity.net\/v5a-test\/items\/90f38f77c9e6ea5a71aa7377df83760b","id":{"unicity":"30198"},"weightEach":{"value":0},"servingsPerContainer":0,"servingSize":0},"quantity":"1","terms":{"priceEach":"19","taxEach":{"amount":"1.71"},"discountEach":{"amount":"0"},"pvEach":"16"}}]},"currency":"EUR"},{"lines":{"items":[{"item":{"href":"https:\/\/hydraqa.unicity.net\/v5a-test\/items\/ab2a2b07b17718843a66bee04ff40624","id":{"unicity":"31402"},"weightEach":{"value":0},"servingsPerContainer":0,"servingSize":0},"quantity":"1","terms":{"priceEach":"92.43","taxEach":{"amount":"8.32"},"discountEach":{"amount":"0"},"pvEach":"70"}}]},"currency":"EUR"},{"lines":{"items":[{"item":{"href":"https:\/\/hydraqa.unicity.net\/v5a-test\/items\/7e5e7df32701fd44947c8146f2129f7a","id":{"unicity":"31672"},"weightEach":{"value":0},"servingsPerContainer":0,"servingSize":0},"quantity":"1","terms":{"priceEach":"74.67","taxEach":{"amount":"6.72"},"discountEach":{"amount":"0"},"pvEach":"54"}}]},"currency":"EUR"},{"lines":{"items":[{"item":{"href":"https:\/\/hydraqa.unicity.net\/v5a-test\/items\/493c2ba720f847422eccc5da35024f33","id":{"unicity":"31534"},"weightEach":{"value":0},"servingsPerContainer":0,"servingSize":0},"quantity":"1","terms":{"priceEach":"26.07","taxEach":{"amount":"2.35"},"discountEach":{"amount":"0"},"pvEach":"16"}}]},"currency":"EUR"},{"lines":{"items":[{"item":{"href":"https:\/\/hydraqa.unicity.net\/v5a-test\/items\/bfddb53fe0d5ed5432c531dc9850cbe4","id":{"unicity":"29449"},"weightEach":{"value":0},"servingsPerContainer":0,"servingSize":0},"quantity":"1","terms":{"priceEach":"26.07","taxEach":{"amount":"2.35"},"discountEach":{"amount":"0"},"pvEach":"16"}}]},"currency":"EUR"},{"lines":{"items":[{"item":{"href":"https:\/\/hydraqa.unicity.net\/v5a-test\/items\/75b870fdff12be635674216fe88d3204","id":{"unicity":"29984"},"weightEach":{"value":0},"servingsPerContainer":0,"servingSize":0},"quantity":"1","terms":{"priceEach":"37.73","taxEach":{"amount":"7.92"},"discountEach":{"amount":"0"},"pvEach":"24"}}]},"currency":"EUR"},{"lines":{"items":[{"item":{"href":"https:\/\/hydraqa.unicity.net\/v5a-test\/items\/4d23d73a0d3d3e5fe9c383822040a9b0","id":{"unicity":"32191"},"weightEach":{"value":0},"servingsPerContainer":0,"servingSize":0},"quantity":"1","terms":{"priceEach":"1315.79","taxEach":{"amount":"118.42"},"discountEach":{"amount":"0"},"pvEach":"903"}}]},"currency":"EUR"},{"lines":{"items":[{"item":{"href":"https:\/\/hydraqa.unicity.net\/v5a-test\/items\/e9fe58342fff74ec4f4430f7c622816e","id":{"unicity":"31870"},"weightEach":{"value":0},"servingsPerContainer":0,"servingSize":0},"quantity":"1","terms":{"priceEach":"20.47","taxEach":{"amount":"1.84"},"discountEach":{"amount":"0"},"pvEach":"9"}}]},"currency":"EUR"},{"lines":{"items":[{"item":{"href":"https:\/\/hydraqa.unicity.net\/v5a-test\/items\/fbb6dbd577adb73abaec364076fb288f","id":{"unicity":"32087"},"weightEach":{"value":0},"servingsPerContainer":0,"servingSize":0},"quantity":"1","terms":{"priceEach":"20.47","taxEach":{"amount":"1.84"},"discountEach":{"amount":"0"},"pvEach":"9"}}]},"currency":"EUR"},{"lines":{"items":[{"item":{"href":"https:\/\/hydraqa.unicity.net\/v5a-test\/items\/35dcc0035e442bbe6482f178ec38522c","id":{"unicity":"31868"},"weightEach":{"value":0},"servingsPerContainer":0,"servingSize":0},"quantity":"1","terms":{"priceEach":"20.47","taxEach":{"amount":"1.84"},"discountEach":{"amount":"0"},"pvEach":"9"}}]},"currency":"EUR"},{"lines":{"items":[{"item":{"href":"https:\/\/hydraqa.unicity.net\/v5a-test\/items\/baa263a2750aa330fbd9e5b96fdb2b55","id":{"unicity":"32609"},"weightEach":{"value":0},"servingsPerContainer":0,"servingSize":0},"quantity":"1","terms":{"priceEach":"55.98","taxEach":{"amount":"0"},"discountEach":{"amount":"0"},"pvEach":"34"}}]},"currency":"EUR"}]}
Entry request : {"order":{"customer":{"href":"https://hydraqa.unicity.net/v5a-test/customers?type=Associate"},"shipToAddress":{"country":"NL"}},"vary":{"lines":{"items":[{"item":{"href":"https://hydraqa.unicity.net/v5a-test/items?id.unicity=27160|31336|31763|31951|31952|32128|32129|32130|32132|32133|32134|32135|32136|32137|32138|32125|18511|19941|22178|26422|27156|27158|27166|27617|27660|27587|28601|28604|31772|29317|26371|31344|32126|32127|29833|24274|24418|27150|27163|27575|30825|27395|15880|26560|29017|26567|26568|24758|29821|32012|17174|30139|29181|29183|30280|29187|29191|30684|30198|31402|31672|31534|29449|29984|32191|31870|32087|31868|32609"}}]}}}
Request URL: https://hydraqa.unicity.net/v5a-test/customers.js?callback=angular.callbacks._1&expand=customer,profilePicture&id.unicity=36554001
Request URL: https://hydraqa.unicity.net/v5a-test/customers.js?_httpMethod=HEAD&callback=angular.callbacks._7&email=UTAQWJ@gmail.com
Request URL: https://hydraqa.unicity.net/v5a-test/shippingmethods.js?callback=angular.callbacks._a&destination=NL&market=NL
{sponsor=36554001, gender=female, city=TestCity, signature=TestSignature, cartprice=187.55, enroller=36554001, responsedob=1991-02-27, arpack=Body Essenitals, language=English, locale=en, type=Associate, coapplicanttype=Spouse, platform=QA, lname=TestLastName, password=Unicity, genderoption=Female, Currency=EUR, commission=DD, api=7, fax=8217647322, email=UTAQWJ@gmail.com, coapplicant=TestSpouseName, zip=1234, fname=TestFirstName, prefferd=Netherlands, address2=Address 2, address1=Address 1, holder=TestName, shippingmethod=type=Economy, version=v5a-test/, testcase=normal, market=Netherlands, aritemcode=32134, phone=9823746323, dob=27/02/1991, proto=https://hydraqa.unicity.net/, marketcode=NL, iban=NL91ABNA0417164300, bankname=TestBankName, bic=DEUTDEFF, ccname=CCNameTest}
Request URL: https://hydraqa.unicity.net/v5a-test/orders.js
Entry request : {"customer":{"mainAddress":{"city":"TestCity","country":"NL","zip":"1234","address1":"Address 1","address2":"Address 2"},"humanName":{"firstName":"TestFirstName","lastName":"TestLastName"},"email":"UTAQWJ@gmail.com","preferredLocale":"en-NL","password":{"value":"Unicity"},"gender":"female","maritalStatus":null,"type":"Associate","sponsor":{"href":"https://hydraqa.unicity.net/v5a-test/customers?id.unicity=36554001"},"enroller":{"href":"https://hydraqa.unicity.net/v5a-test/customers?id.unicity=36554001"},"homePhone":"9823746323","birthDate":"1991-02-27","autoorders":{"items":[{"recurrence":{"schedule":{"month":"*","dayOfMonth":"5"},"status":"Enabled"},"lines":{"items":[{"item":{"href":"https://hydraqa.unicity.net/v5a-test/items?id.unicity=32134"},"quantity":1}]},"shipToName":{"firstName":"TestFirstName","lastName":"TestLastName"},"shipToPhone":"9823746323","shipToEmail":"UTAQWJ@gmail.com","shipToAddress":{"city":"TestCity","country":"NL","address1":"Address 1","address2":"Address 2","zip":"1234"},"shippingMethod":{"href":"https://hydraqa.unicity.net/v5a-test/shippingmethods?type=Economy"},"transactions":{"items":[{"amount":"this.terms.total","type":"AuthorizeAndCapture","method":"CreditCard","methodDetails":{"creditCardNumber":"4111111111111111","payer":"CCNameTest","creditCardExpires":"2020-10","creditCardSecurityCode":"123"}}]}}]},"depositBankAccount":{"iban":"NL91ABNA0417164300","bankName":"TestBankName","bic":"DEUTDEFF","accountHolder":"TestName"},"coapplicant":{"type":"Spouse","details":{"humanName":{"firstName":"TestSpouseName","lastName":""}}},"businessEntity":{"legalType":"SoleProprietorship"},"rights":[{"holder":"Unicity","type":"SendEmails"}],"signature":{"value":"TestSignature"},"faxNumber":"8217647322"},"lines":{"items":[{"item":{"href":"https://hydraqa.unicity.net/v5a-test/items?id.unicity=29317"},"quantity":1},{"item":{"href":"https://hydraqa.unicity.net/v5a-test/items?id.unicity=32127"},"quantity":1}]},"shipToName":{"firstName":"TestFirstName","lastName":"TestLastName"},"shipToPhone":"9823746323","shipToEmail":"UTAQWJ@gmail.com","shipToAddress":{"city":"TestCity","country":"NL","address1":"Address 1","address2":"Address 2","zip":"1234"},"shippingMethod":{"href":"https://hydraqa.unicity.net/v5a-test/shippingmethods?type=Economy"},"notes":"","transactions":{"items":[{"amount":"this.terms.total","type":"AuthorizeAndCapture","method":"CreditCard","methodDetails":{"creditCardNumber":"4111111111111111","payer":"CCNameTest","creditCardExpires":"2020-10","creditCardSecurityCode":"123"}}]}}
Entry response : {"meta":{"Link":"<http:\/\/unicity.github.io\/Hydra.php\/docs\/v5\/>; rel=\"help\"","X-Request-UUID":"edded517-25ec-4102-a56f-336ef2655696","X-Request-Release":"5-2020010701\/master","Cache-Control":"no-cache, must-revalidate","Expires":"0","X-Powered-By":"Luracast Restler v3.0.0rc5","Content-Type":"text\/javascript; charset=utf-8","Content-Language":"en","X-Status-Code":"449"},"data":{"error":{"code":449,"message":"Retry With","error_code":"3449","error_message":"Order can't be immediately processed. Please retry. Error#C3G4W","retry_in_seconds":60}}}
Headers-->keep-alive
Headers-->2539
Headers-->application/json, text/plain, */*
Headers-->http://enroll.ng.unicityqa.com
Headers-->en-NL
]]></system-out>
    <system-err><![CDATA[Starting ChromeDriver 2.36.540470 (e522d04694c7ebea4ba8821272dbef4f9b818c91) on port 32649
Only local connections are allowed.
Jan 07, 2020 3:47:01 PM org.openqa.selenium.remote.ProtocolHandshake createSession
INFO: Detected dialect: OSS
]]></system-err>
  </testcase>
  <testcase name="Enroll" classname="Tests.FranchisePartner" time="348.78"/>
  <testcase name="Enroll" classname="Tests.FranchisePartner" time="46.47">
    <failure message="Critical Packs not returning from Quotes Call" type="java.lang.AssertionError">java.lang.AssertionError: Critical Packs not returning from Quotes Call
	at Tests.FranchisePartner.Enroll(FranchisePartner.java:261)
</failure>
    <system-out><![CDATA[Request URL: https://hydraqa.unicity.net/v5a-test/quotes?&expand=item
Entry Quotes response : {"items":[]}
Entry request : {"order":{"customer":{"href":"https://hydraqa.unicity.net/v5a-test/customers?type=Associate"},"shipToAddress":{"country":"NZ"}},"vary":{"lines":{"items":[{"item":{"href":"https://hydraqa.unicity.net/v5a-test/items?id.unicity=31440"}}]}}}
]]></system-out>
    <system-err><![CDATA[Starting ChromeDriver 2.36.540470 (e522d04694c7ebea4ba8821272dbef4f9b818c91) on port 49047
Only local connections are allowed.
Jan 07, 2020 3:58:21 PM org.openqa.selenium.remote.ProtocolHandshake createSession
INFO: Detected dialect: OSS
]]></system-err>
  </testcase>
  <testcase name="Enroll" classname="Tests.FranchisePartner" time="194.815"/>
  <testcase name="Enroll" classname="Tests.FranchisePartner" time="110.105"/>
  <testcase name="Enroll" classname="Tests.FranchisePartner" time="193.405"/>
  <testcase name="Enroll" classname="Tests.FranchisePartner" time="205.528"/>
  <testcase name="Enroll" classname="Tests.FranchisePartner" time="202.6"/>
  <testcase name="Enroll" classname="Tests.FranchisePartner" time="200.791">
    <failure message="String index out of range: -1" type="java.lang.StringIndexOutOfBoundsException">java.lang.StringIndexOutOfBoundsException: String index out of range: -1
	at Tests.FranchisePartner.Enroll(FranchisePartner.java:264)
</failure>
    <system-out><![CDATA[Request URL: https://hydraqa.unicity.net/v5a-test/quotes?&expand=item
Entry Quotes response : {"items":[{"currency":"USD","lines":{"items":[{"item":{"href":"https:\/\/hydraqa.unicity.net\/v5a-test\/items\/50747027a065cb8361c1f0d6eb880466","id":{"unicity":"32030"}},"terms":{"priceEach":"143.0000","pvEach":"102.0000"},"quantity":1}]}},{"currency":"USD","lines":{"items":[{"item":{"href":"https:\/\/hydraqa.unicity.net\/v5a-test\/items\/d306a0b65f27f19b4968e5c05906a9f4","id":{"unicity":"31314"}},"terms":{"priceEach":"384.0000","pvEach":"266.0000"},"quantity":1}]}},{"currency":"USD","lines":{"items":[{"item":{"href":"https:\/\/hydraqa.unicity.net\/v5a-test\/items\/9a7715e888c94989d898fe4653645721","id":{"unicity":"26550"}},"terms":{"priceEach":"80.0000","pvEach":"52.0000"},"quantity":1}]}},{"currency":"USD","lines":{"items":[{"item":{"href":"https:\/\/hydraqa.unicity.net\/v5a-test\/items\/4a3d248668cd56e31c6eb403d87f15b2","id":{"unicity":"29682"}},"terms":{"priceEach":"203.0000","pvEach":"144.0000"},"quantity":1}]}},{"currency":"USD","lines":{"items":[{"item":{"href":"https:\/\/hydraqa.unicity.net\/v5a-test\/items\/fbb319232b7eed110794d46a68302acb","id":{"unicity":"31847"}},"terms":{"priceEach":"120.0000","pvEach":"80.0000"},"quantity":1}]}},{"currency":"USD","lines":{"items":[{"item":{"href":"https:\/\/hydraqa.unicity.net\/v5a-test\/items\/077823d29445b9020de9931f10c63efd","id":{"unicity":"31958"}},"terms":{"priceEach":"129.0000","pvEach":"85.0000"},"quantity":1}]}},{"currency":"USD","lines":{"items":[{"item":{"href":"https:\/\/hydraqa.unicity.net\/v5a-test\/items\/00c2eb70c985722ce208490aece00945","id":{"unicity":"31729"}},"terms":{"priceEach":"143.0000","pvEach":"100.0000"},"quantity":1}]}},{"currency":"USD","lines":{"items":[{"item":{"href":"https:\/\/hydraqa.unicity.net\/v5a-test\/items\/89b6d29a85a88d44d65bc8cca3fefc65","id":{"unicity":"31845"}},"terms":{"priceEach":"143.0000","pvEach":"100.0000"},"quantity":1}]}},{"currency":"USD","lines":{"items":[{"item":{"href":"https:\/\/hydraqa.unicity.net\/v5a-test\/items\/3875e24e6b6ebdf36c79d205614ed51e","id":{"unicity":"31846"}},"terms":{"priceEach":"126.0000","pvEach":"94.0000"},"quantity":1}]}},{"currency":"USD","lines":{"items":[{"item":{"href":"https:\/\/hydraqa.unicity.net\/v5a-test\/items\/65f231539924a2fa376afdb39f1f06d6","id":{"unicity":"31848"}},"terms":{"priceEach":"89.0000","pvEach":"60.0000"},"quantity":1}]}},{"currency":"USD","lines":{"items":[{"item":{"href":"https:\/\/hydraqa.unicity.net\/v5a-test\/items\/b770fd1942955660a50e8fd83337641d","id":{"unicity":"31842"}},"terms":{"priceEach":"129.0000","pvEach":"85.0000"},"quantity":1}]}},{"currency":"USD","lines":{"items":[{"item":{"href":"https:\/\/hydraqa.unicity.net\/v5a-test\/items\/693a7c4a70b06a00471afe8d6cae5023","id":{"unicity":"31730"}},"terms":{"priceEach":"120.0000","pvEach":"80.0000"},"quantity":1}]}},{"currency":"USD","lines":{"items":[{"item":{"href":"https:\/\/hydraqa.unicity.net\/v5a-test\/items\/ccb242d74dcb1fe621cc7bfe1b1de315","id":{"unicity":"31731"}},"terms":{"priceEach":"89.0000","pvEach":"61.0000"},"quantity":1}]}},{"currency":"USD","lines":{"items":[{"item":{"href":"https:\/\/hydraqa.unicity.net\/v5a-test\/items\/6767ae650e0af3c34b3d4d60b5b79e99","id":{"unicity":"31727"}},"terms":{"priceEach":"129.0000","pvEach":"85.0000"},"quantity":1}]}},{"currency":"USD","lines":{"items":[{"item":{"href":"https:\/\/hydraqa.unicity.net\/v5a-test\/items\/764e2db430d361da99e8f6b70c4d0244","id":{"unicity":"29830"}},"terms":{"priceEach":"16.0000","pvEach":"7.0000"},"quantity":1}]}},{"currency":"USD","lines":{"items":[{"item":{"href":"https:\/\/hydraqa.unicity.net\/v5a-test\/items\/b91affa753dd5ee8a9acef4fa7e2c9a7","id":{"unicity":"30414"}},"terms":{"priceEach":"94.0000","pvEach":"65.0000"},"quantity":1}]}},{"currency":"USD","lines":{"items":[{"item":{"href":"https:\/\/hydraqa.unicity.net\/v5a-test\/items\/01ac2f7586214fa9ed6ef69dd79c69ae","id":{"unicity":"27210"}},"terms":{"priceEach":"10.0000","pvEach":"0.0000"},"quantity":1}]}},{"currency":"USD","lines":{"items":[{"item":{"href":"https:\/\/hydraqa.unicity.net\/v5a-test\/items\/025d45e8cee8a1a4029f1cfd3bf70786","id":{"unicity":"26983"}},"terms":{"priceEach":"10.0000","pvEach":"0.0000"},"quantity":1}]}},{"currency":"USD","lines":{"items":[{"item":{"href":"https:\/\/hydraqa.unicity.net\/v5a-test\/items\/c83534b0b0693d9f78eaaae2030ed4c1","id":{"unicity":"27212"}},"terms":{"priceEach":"10.0000","pvEach":"0.0000"},"quantity":1}]}},{"currency":"USD","lines":{"items":[{"item":{"href":"https:\/\/hydraqa.unicity.net\/v5a-test\/items\/f65c401166afb2e642c700d84e832a8c","id":{"unicity":"27218"}},"terms":{"priceEach":"10.0000","pvEach":"0.0000"},"quantity":1}]}},{"currency":"USD","lines":{"items":[{"item":{"href":"https:\/\/hydraqa.unicity.net\/v5a-test\/items\/0cf62d38e91953b43dcfe88b06f813cb","id":{"unicity":"26557"}},"terms":{"priceEach":"77.0000","pvEach":"61.0000"},"quantity":1}]}},{"currency":"USD","lines":{"items":[{"item":{"href":"https:\/\/hydraqa.unicity.net\/v5a-test\/items\/9a6e1d094182389c3da8e0a320ff0e00","id":{"unicity":"27585"}},"terms":{"priceEach":"56.0000","pvEach":"33.0000"},"quantity":1}]}},{"currency":"USD","lines":{"items":[{"item":{"href":"https:\/\/hydraqa.unicity.net\/v5a-test\/items\/db4a3a5ca30b4890dd9bc50ff9cb620f","id":{"unicity":"26554"}},"terms":{"priceEach":"50.0000","pvEach":"25.0000"},"quantity":1}]}},{"currency":"USD","lines":{"items":[{"item":{"href":"https:\/\/hydraqa.unicity.net\/v5a-test\/items\/25eaf64b36ce31368f17ae789fd9ac5b","id":{"unicity":"29694"}},"terms":{"priceEach":"56.0000","pvEach":"33.0000"},"quantity":1}]}},{"currency":"USD","lines":{"items":[{"item":{"href":"https:\/\/hydraqa.unicity.net\/v5a-test\/items\/112b8c39286598b3730f630f371a45f4","id":{"unicity":"27587"}},"terms":{"priceEach":"56.0000","pvEach":"33.0000"},"quantity":1}]}},{"currency":"USD","lines":{"items":[{"item":{"href":"https:\/\/hydraqa.unicity.net\/v5a-test\/items\/05ca08f3808f126c0cc42154c50fc75c","id":{"unicity":"29440"}},"terms":{"priceEach":"120.0000","pvEach":"90.0000"},"quantity":1}]}},{"currency":"USD","lines":{"items":[{"item":{"href":"https:\/\/hydraqa.unicity.net\/v5a-test\/items\/cea826eab72d44641c070aab6c97c1ac","id":{"unicity":"22747"}},"terms":{"priceEach":"26.0000","pvEach":"16.0000"},"quantity":1}]}},{"currency":"USD","lines":{"items":[{"item":{"href":"https:\/\/hydraqa.unicity.net\/v5a-test\/items\/b2fc4b9ba4aa5cae54389161be2f841f","id":{"unicity":"18401"}},"terms":{"priceEach":"30.0000","pvEach":"19.0000"},"quantity":1}]}},{"currency":"USD","lines":{"items":[{"item":{"href":"https:\/\/hydraqa.unicity.net\/v5a-test\/items\/1bd53de7fe880ba71f46c9976ca2c137","id":{"unicity":"27739"}},"terms":{"priceEach":"33.0000","pvEach":"13.0000"},"quantity":1}]}},{"currency":"USD","lines":{"items":[{"item":{"href":"https:\/\/hydraqa.unicity.net\/v5a-test\/items\/19f8db4bcf7263831586f726e748f73c","id":{"unicity":"27208"}},"terms":{"priceEach":"30.0000","pvEach":"0.0000"},"quantity":1}]}},{"currency":"USD","lines":{"items":[{"item":{"href":"https:\/\/hydraqa.unicity.net\/v5a-test\/items\/d33e50ec9a9ee9b12ede56d35a8cb38d","id":{"unicity":"30797"}},"terms":{"priceEach":"267.0000","pvEach":"163.0000"},"quantity":1}]}},{"currency":"USD","lines":{"items":[{"item":{"href":"https:\/\/hydraqa.unicity.net\/v5a-test\/items\/0a3ede185ddf034630afd891c5106d33","id":{"unicity":"26562"}},"terms":{"priceEach":"32.0000","pvEach":"25.0000"},"quantity":1}]}},{"currency":"USD","lines":{"items":[{"item":{"href":"https:\/\/hydraqa.unicity.net\/v5a-test\/items\/1d977fb1e1c0aa5d0b71ee2cf01e7b4d","id":{"unicity":"32016"}},"terms":{"priceEach":"206.0000","pvEach":"130.0000"},"quantity":1}]}},{"currency":"USD","lines":{"items":[{"item":{"href":"https:\/\/hydraqa.unicity.net\/v5a-test\/items\/1524974f80be01c93083e794816394ab","id":{"unicity":"32017"}},"terms":{"priceEach":"206.0000","pvEach":"130.0000"},"quantity":1}]}},{"currency":"USD","lines":{"items":[{"item":{"href":"https:\/\/hydraqa.unicity.net\/v5a-test\/items\/aa0d72ac13b1ce88cf8c4a52ede75a37","id":{"unicity":"26552"}},"terms":{"priceEach":"70.0000","pvEach":"50.0000"},"quantity":1}]}},{"currency":"USD","lines":{"items":[{"item":{"href":"https:\/\/hydraqa.unicity.net\/v5a-test\/items\/398d06b858b960f6f38086d40608aef2","id":{"unicity":"26560"}},"terms":{"priceEach":"16.0000","pvEach":"12.0000"},"quantity":1}]}},{"currency":"USD","lines":{"items":[{"item":{"href":"https:\/\/hydraqa.unicity.net\/v5a-test\/items\/bb5c627f16547cb4f706cef521bca356","id":{"unicity":"29437"}},"terms":{"priceEach":"62.0000","pvEach":"36.0000"},"quantity":1}]}},{"currency":"USD","lines":{"items":[{"item":{"href":"https:\/\/hydraqa.unicity.net\/v5a-test\/items\/2835b1a78e379486f0ffbfd5fb9f6b0a","id":{"unicity":"30400"}},"terms":{"priceEach":"38.0000","pvEach":"28.0000"},"quantity":1}]}},{"currency":"USD","lines":{"items":[{"item":{"href":"https:\/\/hydraqa.unicity.net\/v5a-test\/items\/5a38f009bec6c23b1b3a70432f9722e5","id":{"unicity":"19596"}},"terms":{"priceEach":"47.0000","pvEach":"30.0000"},"quantity":1}]}},{"currency":"USD","lines":{"items":[{"item":{"href":"https:\/\/hydraqa.unicity.net\/v5a-test\/items\/38da42f991a40a00153b2e5055b82dbf","id":{"unicity":"27801"}},"terms":{"priceEach":"195.0000","pvEach":"130.0000"},"quantity":1}]}},{"currency":"USD","lines":{"items":[{"item":{"href":"https:\/\/hydraqa.unicity.net\/v5a-test\/items\/051e765a5a71835a859c2757edd359f0","id":{"unicity":"26580"}},"terms":{"priceEach":"195.0000","pvEach":"130.0000"},"quantity":1}]}},{"currency":"USD","lines":{"items":[{"item":{"href":"https:\/\/hydraqa.unicity.net\/v5a-test\/items\/8c21f026bb6a32624e0c80475bf8efb0","id":{"unicity":"25880"}},"terms":{"priceEach":"33.0000","pvEach":"23.0000"},"quantity":1}]}},{"currency":"USD","lines":{"items":[{"item":{"href":"https:\/\/hydraqa.unicity.net\/v5a-test\/items\/24ff5bda40c0d0e7eaa511866d052915","id":{"unicity":"29612"}},"terms":{"priceEach":"48.0000","pvEach":"30.0000"},"quantity":1}]}},{"currency":"USD","lines":{"items":[{"item":{"href":"https:\/\/hydraqa.unicity.net\/v5a-test\/items\/a391ad8c3c129526dc42793f5fee30f7","id":{"unicity":"27653"}},"terms":{"priceEach":"5.0000","pvEach":"0.0000"},"quantity":1}]}},{"currency":"USD","lines":{"items":[{"item":{"href":"https:\/\/hydraqa.unicity.net\/v5a-test\/items\/b127a2d34d3d73e2f53e4c2002a7a4a2","id":{"unicity":"25008"}},"terms":{"priceEach":"18.0000","pvEach":"15.0000"},"quantity":1}]}},{"currency":"USD","lines":{"items":[{"item":{"href":"https:\/\/hydraqa.unicity.net\/v5a-test\/items\/cda534d686af5d627c94c4bb2c4b57d8","id":{"unicity":"26561"}},"terms":{"priceEach":"16.0000","pvEach":"11.0000"},"quantity":1}]}},{"currency":"USD","lines":{"items":[{"item":{"href":"https:\/\/hydraqa.unicity.net\/v5a-test\/items\/10da226fab00279b4f89df10af2a10b7","id":{"unicity":"26442"}},"terms":{"priceEach":"6.0000","pvEach":"0.0000"},"quantity":1}]}},{"currency":"USD","lines":{"items":[{"item":{"href":"https:\/\/hydraqa.unicity.net\/v5a-test\/items\/2de8516a24af8232add0bb392e750a71","id":{"unicity":"31859"}},"terms":{"priceEach":"179.0000","pvEach":"130.0000"},"quantity":1}]}},{"currency":"USD","lines":{"items":[{"item":{"href":"https:\/\/hydraqa.unicity.net\/v5a-test\/items\/cf8460040a1860bcabf250b6c1171675","id":{"unicity":"31858"}},"terms":{"priceEach":"269.0000","pvEach":"195.0000"},"quantity":1}]}},{"currency":"USD","lines":{"items":[{"item":{"href":"https:\/\/hydraqa.unicity.net\/v5a-test\/items\/4ab49eca1731e69206ccafb5112ad5a4","id":{"unicity":"31861"}},"terms":{"priceEach":"196.0000","pvEach":"135.0000"},"quantity":1}]}},{"currency":"USD","lines":{"items":[{"item":{"href":"https:\/\/hydraqa.unicity.net\/v5a-test\/items\/d4c8fce238d6fc34d17a4b36d1e4e59a","id":{"unicity":"31860"}},"terms":{"priceEach":"196.0000","pvEach":"135.0000"},"quantity":1}]}},{"currency":"USD","lines":{"items":[{"item":{"href":"https:\/\/hydraqa.unicity.net\/v5a-test\/items\/fd464cd7972cc1317e850b9196d886b8","id":{"unicity":"31863"}},"terms":{"priceEach":"210.0000","pvEach":"148.0000"},"quantity":1}]}},{"currency":"USD","lines":{"items":[{"item":{"href":"https:\/\/hydraqa.unicity.net\/v5a-test\/items\/e47fd287212acedd1cffb2b67bf623bd","id":{"unicity":"31862"}},"terms":{"priceEach":"210.0000","pvEach":"148.0000"},"quantity":1}]}},{"currency":"USD","lines":{"items":[{"item":{"href":"https:\/\/hydraqa.unicity.net\/v5a-test\/items\/024e696f8b44a1d315006e676604cd31","id":{"unicity":"27395"}},"terms":{"priceEach":"24.0000","pvEach":"16.0000"},"quantity":1}]}},{"currency":"USD","lines":{"items":[{"item":{"href":"https:\/\/hydraqa.unicity.net\/v5a-test\/items\/90d5ee3af77bdc64ecf28a45b604bf3d","id":{"unicity":"31441"}},"terms":{"priceEach":"40.0000","pvEach":"0.0000"},"quantity":1}]}},{"currency":"USD","lines":{"items":[{"item":{"href":"https:\/\/hydraqa.unicity.net\/v5a-test\/items\/634f7efb30392b2a919de1355902d975","id":{"unicity":"29408"}},"terms":{"priceEach":"80.0000","pvEach":"52.0000"},"quantity":1}]}}]}
Entry request : {"order":{"customer":{"href":"https://hydraqa.unicity.net/v5a-test/customers?type=Associate"},"shipToAddress":{"country":"US","state":"PR"}},"vary":{"lines":{"items":[{"item":{"href":"https://hydraqa.unicity.net/v5a-test/items?id.unicity=26580|31441|31858|31859|31862|32030|29682|31314|32017|32016|30797|31727|31729|31730|31731|22747|26550|26554|26557|26560|26561|26562|27739|27585|25008|26442|26555|18908|26552|27653|27212|27218|26983|27210|18401|25803|27029|27208|19596|27801|26945|25535|27587|25880|29694|29408|29437|29612|27395|29440|29830|30414|30400|31842|31846|31845|31848|31847|31863|31860|31861|31958"}}]}}}
Request URL: https://hydraqa.unicity.net/v5a-test/customers.js?callback=angular.callbacks._1&expand=customer,profilePicture&id.unicity=36554001
Request URL: https://hydraqa.unicity.net/v5a-test/customers.js?_httpMethod=HEAD&callback=angular.callbacks._7&email=WYNTGW@gmail.com
Request URL: https://hydraqa.unicity.net/v5a-test/shippingmethods.js?callback=angular.callbacks._a&destination=US&market=US&state=PR
Request URL: https://hydraqa.unicity.net/v5a-test/addresses?country=PR&zip=00907
Entry response : upstream connect error or disconnect/reset before headers. reset reason: connection failure
]]></system-out>
    <system-err><![CDATA[Starting ChromeDriver 2.36.540470 (e522d04694c7ebea4ba8821272dbef4f9b818c91) on port 37039
Only local connections are allowed.
Jan 07, 2020 4:14:57 PM org.openqa.selenium.remote.ProtocolHandshake createSession
INFO: Detected dialect: OSS
]]></system-err>
  </testcase>
  <testcase name="Enroll" classname="Tests.FranchisePartner" time="236.239">
    <failure message="Major AR Pack href expected [https://hydraqa.unicity.net/v5a-test/items?id.unicity=26580] but found []" type="java.lang.AssertionError">java.lang.AssertionError: Major AR Pack href expected [https://hydraqa.unicity.net/v5a-test/items?id.unicity=26580] but found []
	at Tests.FranchisePartner.Enroll(FranchisePartner.java:265)
</failure>
    <system-out><![CDATA[Request URL: https://hydraqa.unicity.net/v5a-test/quotes?&expand=item
Entry Quotes response : {"items":[{"currency":"USD","lines":{"items":[{"item":{"href":"https:\/\/hydraqa.unicity.net\/v5a-test\/items\/50747027a065cb8361c1f0d6eb880466","id":{"unicity":"32030"}},"terms":{"priceEach":"143.0000","pvEach":"102.0000"},"quantity":1}]}},{"currency":"USD","lines":{"items":[{"item":{"href":"https:\/\/hydraqa.unicity.net\/v5a-test\/items\/d306a0b65f27f19b4968e5c05906a9f4","id":{"unicity":"31314"}},"terms":{"priceEach":"384.0000","pvEach":"266.0000"},"quantity":1}]}},{"currency":"USD","lines":{"items":[{"item":{"href":"https:\/\/hydraqa.unicity.net\/v5a-test\/items\/9a7715e888c94989d898fe4653645721","id":{"unicity":"26550"}},"terms":{"priceEach":"80.0000","pvEach":"52.0000"},"quantity":1}]}},{"currency":"USD","lines":{"items":[{"item":{"href":"https:\/\/hydraqa.unicity.net\/v5a-test\/items\/4a3d248668cd56e31c6eb403d87f15b2","id":{"unicity":"29682"}},"terms":{"priceEach":"203.0000","pvEach":"144.0000"},"quantity":1}]}},{"currency":"USD","lines":{"items":[{"item":{"href":"https:\/\/hydraqa.unicity.net\/v5a-test\/items\/fbb319232b7eed110794d46a68302acb","id":{"unicity":"31847"}},"terms":{"priceEach":"120.0000","pvEach":"80.0000"},"quantity":1}]}},{"currency":"USD","lines":{"items":[{"item":{"href":"https:\/\/hydraqa.unicity.net\/v5a-test\/items\/077823d29445b9020de9931f10c63efd","id":{"unicity":"31958"}},"terms":{"priceEach":"129.0000","pvEach":"85.0000"},"quantity":1}]}},{"currency":"USD","lines":{"items":[{"item":{"href":"https:\/\/hydraqa.unicity.net\/v5a-test\/items\/00c2eb70c985722ce208490aece00945","id":{"unicity":"31729"}},"terms":{"priceEach":"143.0000","pvEach":"100.0000"},"quantity":1}]}},{"currency":"USD","lines":{"items":[{"item":{"href":"https:\/\/hydraqa.unicity.net\/v5a-test\/items\/89b6d29a85a88d44d65bc8cca3fefc65","id":{"unicity":"31845"}},"terms":{"priceEach":"143.0000","pvEach":"100.0000"},"quantity":1}]}},{"currency":"USD","lines":{"items":[{"item":{"href":"https:\/\/hydraqa.unicity.net\/v5a-test\/items\/3875e24e6b6ebdf36c79d205614ed51e","id":{"unicity":"31846"}},"terms":{"priceEach":"126.0000","pvEach":"94.0000"},"quantity":1}]}},{"currency":"USD","lines":{"items":[{"item":{"href":"https:\/\/hydraqa.unicity.net\/v5a-test\/items\/65f231539924a2fa376afdb39f1f06d6","id":{"unicity":"31848"}},"terms":{"priceEach":"89.0000","pvEach":"60.0000"},"quantity":1}]}},{"currency":"USD","lines":{"items":[{"item":{"href":"https:\/\/hydraqa.unicity.net\/v5a-test\/items\/b770fd1942955660a50e8fd83337641d","id":{"unicity":"31842"}},"terms":{"priceEach":"129.0000","pvEach":"85.0000"},"quantity":1}]}},{"currency":"USD","lines":{"items":[{"item":{"href":"https:\/\/hydraqa.unicity.net\/v5a-test\/items\/693a7c4a70b06a00471afe8d6cae5023","id":{"unicity":"31730"}},"terms":{"priceEach":"120.0000","pvEach":"80.0000"},"quantity":1}]}},{"currency":"USD","lines":{"items":[{"item":{"href":"https:\/\/hydraqa.unicity.net\/v5a-test\/items\/ccb242d74dcb1fe621cc7bfe1b1de315","id":{"unicity":"31731"}},"terms":{"priceEach":"89.0000","pvEach":"61.0000"},"quantity":1}]}},{"currency":"USD","lines":{"items":[{"item":{"href":"https:\/\/hydraqa.unicity.net\/v5a-test\/items\/6767ae650e0af3c34b3d4d60b5b79e99","id":{"unicity":"31727"}},"terms":{"priceEach":"129.0000","pvEach":"85.0000"},"quantity":1}]}},{"currency":"USD","lines":{"items":[{"item":{"href":"https:\/\/hydraqa.unicity.net\/v5a-test\/items\/764e2db430d361da99e8f6b70c4d0244","id":{"unicity":"29830"}},"terms":{"priceEach":"16.0000","pvEach":"7.0000"},"quantity":1}]}},{"currency":"USD","lines":{"items":[{"item":{"href":"https:\/\/hydraqa.unicity.net\/v5a-test\/items\/b91affa753dd5ee8a9acef4fa7e2c9a7","id":{"unicity":"30414"}},"terms":{"priceEach":"94.0000","pvEach":"65.0000"},"quantity":1}]}},{"currency":"USD","lines":{"items":[{"item":{"href":"https:\/\/hydraqa.unicity.net\/v5a-test\/items\/01ac2f7586214fa9ed6ef69dd79c69ae","id":{"unicity":"27210"}},"terms":{"priceEach":"10.0000","pvEach":"0.0000"},"quantity":1}]}},{"currency":"USD","lines":{"items":[{"item":{"href":"https:\/\/hydraqa.unicity.net\/v5a-test\/items\/025d45e8cee8a1a4029f1cfd3bf70786","id":{"unicity":"26983"}},"terms":{"priceEach":"10.0000","pvEach":"0.0000"},"quantity":1}]}},{"currency":"USD","lines":{"items":[{"item":{"href":"https:\/\/hydraqa.unicity.net\/v5a-test\/items\/c83534b0b0693d9f78eaaae2030ed4c1","id":{"unicity":"27212"}},"terms":{"priceEach":"10.0000","pvEach":"0.0000"},"quantity":1}]}},{"currency":"USD","lines":{"items":[{"item":{"href":"https:\/\/hydraqa.unicity.net\/v5a-test\/items\/f65c401166afb2e642c700d84e832a8c","id":{"unicity":"27218"}},"terms":{"priceEach":"10.0000","pvEach":"0.0000"},"quantity":1}]}},{"currency":"USD","lines":{"items":[{"item":{"href":"https:\/\/hydraqa.unicity.net\/v5a-test\/items\/0cf62d38e91953b43dcfe88b06f813cb","id":{"unicity":"26557"}},"terms":{"priceEach":"77.0000","pvEach":"61.0000"},"quantity":1}]}},{"currency":"USD","lines":{"items":[{"item":{"href":"https:\/\/hydraqa.unicity.net\/v5a-test\/items\/9a6e1d094182389c3da8e0a320ff0e00","id":{"unicity":"27585"}},"terms":{"priceEach":"56.0000","pvEach":"33.0000"},"quantity":1}]}},{"currency":"USD","lines":{"items":[{"item":{"href":"https:\/\/hydraqa.unicity.net\/v5a-test\/items\/db4a3a5ca30b4890dd9bc50ff9cb620f","id":{"unicity":"26554"}},"terms":{"priceEach":"50.0000","pvEach":"25.0000"},"quantity":1}]}},{"currency":"USD","lines":{"items":[{"item":{"href":"https:\/\/hydraqa.unicity.net\/v5a-test\/items\/25eaf64b36ce31368f17ae789fd9ac5b","id":{"unicity":"29694"}},"terms":{"priceEach":"56.0000","pvEach":"33.0000"},"quantity":1}]}},{"currency":"USD","lines":{"items":[{"item":{"href":"https:\/\/hydraqa.unicity.net\/v5a-test\/items\/112b8c39286598b3730f630f371a45f4","id":{"unicity":"27587"}},"terms":{"priceEach":"56.0000","pvEach":"33.0000"},"quantity":1}]}},{"currency":"USD","lines":{"items":[{"item":{"href":"https:\/\/hydraqa.unicity.net\/v5a-test\/items\/05ca08f3808f126c0cc42154c50fc75c","id":{"unicity":"29440"}},"terms":{"priceEach":"120.0000","pvEach":"90.0000"},"quantity":1}]}},{"currency":"USD","lines":{"items":[{"item":{"href":"https:\/\/hydraqa.unicity.net\/v5a-test\/items\/cea826eab72d44641c070aab6c97c1ac","id":{"unicity":"22747"}},"terms":{"priceEach":"26.0000","pvEach":"16.0000"},"quantity":1}]}},{"currency":"USD","lines":{"items":[{"item":{"href":"https:\/\/hydraqa.unicity.net\/v5a-test\/items\/b2fc4b9ba4aa5cae54389161be2f841f","id":{"unicity":"18401"}},"terms":{"priceEach":"30.0000","pvEach":"19.0000"},"quantity":1}]}},{"currency":"USD","lines":{"items":[{"item":{"href":"https:\/\/hydraqa.unicity.net\/v5a-test\/items\/1bd53de7fe880ba71f46c9976ca2c137","id":{"unicity":"27739"}},"terms":{"priceEach":"33.0000","pvEach":"13.0000"},"quantity":1}]}},{"currency":"USD","lines":{"items":[{"item":{"href":"https:\/\/hydraqa.unicity.net\/v5a-test\/items\/19f8db4bcf7263831586f726e748f73c","id":{"unicity":"27208"}},"terms":{"priceEach":"30.0000","pvEach":"0.0000"},"quantity":1}]}},{"currency":"USD","lines":{"items":[{"item":{"href":"https:\/\/hydraqa.unicity.net\/v5a-test\/items\/d33e50ec9a9ee9b12ede56d35a8cb38d","id":{"unicity":"30797"}},"terms":{"priceEach":"267.0000","pvEach":"163.0000"},"quantity":1}]}},{"currency":"USD","lines":{"items":[{"item":{"href":"https:\/\/hydraqa.unicity.net\/v5a-test\/items\/0a3ede185ddf034630afd891c5106d33","id":{"unicity":"26562"}},"terms":{"priceEach":"32.0000","pvEach":"25.0000"},"quantity":1}]}},{"currency":"USD","lines":{"items":[{"item":{"href":"https:\/\/hydraqa.unicity.net\/v5a-test\/items\/1d977fb1e1c0aa5d0b71ee2cf01e7b4d","id":{"unicity":"32016"}},"terms":{"priceEach":"206.0000","pvEach":"130.0000"},"quantity":1}]}},{"currency":"USD","lines":{"items":[{"item":{"href":"https:\/\/hydraqa.unicity.net\/v5a-test\/items\/1524974f80be01c93083e794816394ab","id":{"unicity":"32017"}},"terms":{"priceEach":"206.0000","pvEach":"130.0000"},"quantity":1}]}},{"currency":"USD","lines":{"items":[{"item":{"href":"https:\/\/hydraqa.unicity.net\/v5a-test\/items\/aa0d72ac13b1ce88cf8c4a52ede75a37","id":{"unicity":"26552"}},"terms":{"priceEach":"70.0000","pvEach":"50.0000"},"quantity":1}]}},{"currency":"USD","lines":{"items":[{"item":{"href":"https:\/\/hydraqa.unicity.net\/v5a-test\/items\/398d06b858b960f6f38086d40608aef2","id":{"unicity":"26560"}},"terms":{"priceEach":"16.0000","pvEach":"12.0000"},"quantity":1}]}},{"currency":"USD","lines":{"items":[{"item":{"href":"https:\/\/hydraqa.unicity.net\/v5a-test\/items\/bb5c627f16547cb4f706cef521bca356","id":{"unicity":"29437"}},"terms":{"priceEach":"62.0000","pvEach":"36.0000"},"quantity":1}]}},{"currency":"USD","lines":{"items":[{"item":{"href":"https:\/\/hydraqa.unicity.net\/v5a-test\/items\/2835b1a78e379486f0ffbfd5fb9f6b0a","id":{"unicity":"30400"}},"terms":{"priceEach":"38.0000","pvEach":"28.0000"},"quantity":1}]}},{"currency":"USD","lines":{"items":[{"item":{"href":"https:\/\/hydraqa.unicity.net\/v5a-test\/items\/5a38f009bec6c23b1b3a70432f9722e5","id":{"unicity":"19596"}},"terms":{"priceEach":"47.0000","pvEach":"30.0000"},"quantity":1}]}},{"currency":"USD","lines":{"items":[{"item":{"href":"https:\/\/hydraqa.unicity.net\/v5a-test\/items\/38da42f991a40a00153b2e5055b82dbf","id":{"unicity":"27801"}},"terms":{"priceEach":"195.0000","pvEach":"130.0000"},"quantity":1}]}},{"currency":"USD","lines":{"items":[{"item":{"href":"https:\/\/hydraqa.unicity.net\/v5a-test\/items\/051e765a5a71835a859c2757edd359f0","id":{"unicity":"26580"}},"terms":{"priceEach":"195.0000","pvEach":"130.0000"},"quantity":1}]}},{"currency":"USD","lines":{"items":[{"item":{"href":"https:\/\/hydraqa.unicity.net\/v5a-test\/items\/8c21f026bb6a32624e0c80475bf8efb0","id":{"unicity":"25880"}},"terms":{"priceEach":"33.0000","pvEach":"23.0000"},"quantity":1}]}},{"currency":"USD","lines":{"items":[{"item":{"href":"https:\/\/hydraqa.unicity.net\/v5a-test\/items\/24ff5bda40c0d0e7eaa511866d052915","id":{"unicity":"29612"}},"terms":{"priceEach":"48.0000","pvEach":"30.0000"},"quantity":1}]}},{"currency":"USD","lines":{"items":[{"item":{"href":"https:\/\/hydraqa.unicity.net\/v5a-test\/items\/a391ad8c3c129526dc42793f5fee30f7","id":{"unicity":"27653"}},"terms":{"priceEach":"5.0000","pvEach":"0.0000"},"quantity":1}]}},{"currency":"USD","lines":{"items":[{"item":{"href":"https:\/\/hydraqa.unicity.net\/v5a-test\/items\/b127a2d34d3d73e2f53e4c2002a7a4a2","id":{"unicity":"25008"}},"terms":{"priceEach":"18.0000","pvEach":"15.0000"},"quantity":1}]}},{"currency":"USD","lines":{"items":[{"item":{"href":"https:\/\/hydraqa.unicity.net\/v5a-test\/items\/cda534d686af5d627c94c4bb2c4b57d8","id":{"unicity":"26561"}},"terms":{"priceEach":"16.0000","pvEach":"11.0000"},"quantity":1}]}},{"currency":"USD","lines":{"items":[{"item":{"href":"https:\/\/hydraqa.unicity.net\/v5a-test\/items\/10da226fab00279b4f89df10af2a10b7","id":{"unicity":"26442"}},"terms":{"priceEach":"6.0000","pvEach":"0.0000"},"quantity":1}]}},{"currency":"USD","lines":{"items":[{"item":{"href":"https:\/\/hydraqa.unicity.net\/v5a-test\/items\/2de8516a24af8232add0bb392e750a71","id":{"unicity":"31859"}},"terms":{"priceEach":"179.0000","pvEach":"130.0000"},"quantity":1}]}},{"currency":"USD","lines":{"items":[{"item":{"href":"https:\/\/hydraqa.unicity.net\/v5a-test\/items\/cf8460040a1860bcabf250b6c1171675","id":{"unicity":"31858"}},"terms":{"priceEach":"269.0000","pvEach":"195.0000"},"quantity":1}]}},{"currency":"USD","lines":{"items":[{"item":{"href":"https:\/\/hydraqa.unicity.net\/v5a-test\/items\/4ab49eca1731e69206ccafb5112ad5a4","id":{"unicity":"31861"}},"terms":{"priceEach":"196.0000","pvEach":"135.0000"},"quantity":1}]}},{"currency":"USD","lines":{"items":[{"item":{"href":"https:\/\/hydraqa.unicity.net\/v5a-test\/items\/d4c8fce238d6fc34d17a4b36d1e4e59a","id":{"unicity":"31860"}},"terms":{"priceEach":"196.0000","pvEach":"135.0000"},"quantity":1}]}},{"currency":"USD","lines":{"items":[{"item":{"href":"https:\/\/hydraqa.unicity.net\/v5a-test\/items\/fd464cd7972cc1317e850b9196d886b8","id":{"unicity":"31863"}},"terms":{"priceEach":"210.0000","pvEach":"148.0000"},"quantity":1}]}},{"currency":"USD","lines":{"items":[{"item":{"href":"https:\/\/hydraqa.unicity.net\/v5a-test\/items\/e47fd287212acedd1cffb2b67bf623bd","id":{"unicity":"31862"}},"terms":{"priceEach":"210.0000","pvEach":"148.0000"},"quantity":1}]}},{"currency":"USD","lines":{"items":[{"item":{"href":"https:\/\/hydraqa.unicity.net\/v5a-test\/items\/024e696f8b44a1d315006e676604cd31","id":{"unicity":"27395"}},"terms":{"priceEach":"24.0000","pvEach":"16.0000"},"quantity":1}]}},{"currency":"USD","lines":{"items":[{"item":{"href":"https:\/\/hydraqa.unicity.net\/v5a-test\/items\/90d5ee3af77bdc64ecf28a45b604bf3d","id":{"unicity":"31441"}},"terms":{"priceEach":"40.0000","pvEach":"0.0000"},"quantity":1}]}},{"currency":"USD","lines":{"items":[{"item":{"href":"https:\/\/hydraqa.unicity.net\/v5a-test\/items\/634f7efb30392b2a919de1355902d975","id":{"unicity":"29408"}},"terms":{"priceEach":"80.0000","pvEach":"52.0000"},"quantity":1}]}}]}
Entry request : {"order":{"customer":{"href":"https://hydraqa.unicity.net/v5a-test/customers?type=Associate"},"shipToAddress":{"country":"US","state":"PR"}},"vary":{"lines":{"items":[{"item":{"href":"https://hydraqa.unicity.net/v5a-test/items?id.unicity=26580|31441|31858|31859|31862|32030|29682|31314|32017|32016|30797|31727|31729|31730|31731|22747|26550|26554|26557|26560|26561|26562|27739|27585|25008|26442|26555|18908|26552|27653|27212|27218|26983|27210|18401|25803|27029|27208|19596|27801|26945|25535|27587|25880|29694|29408|29437|29612|27395|29440|29830|30414|30400|31842|31846|31845|31848|31847|31863|31860|31861|31958"}}]}}}
Request URL: https://hydraqa.unicity.net/v5a-test/customers.js?callback=angular.callbacks._1&expand=customer,profilePicture&id.unicity=36554001
Request URL: https://hydraqa.unicity.net/v5a-test/customers.js?_httpMethod=HEAD&callback=angular.callbacks._7&email=QVYNUW@gmail.com
Request URL: https://hydraqa.unicity.net/v5a-test/shippingmethods.js?callback=angular.callbacks._a&destination=US&market=US&state=PR
Request URL: https://hydraqa.unicity.net/v5a-test/addresses?country=PR&zip=00907
Entry response : {"items":[{"city":"San Juan","state":"San Juan"}]}
{sponsor=36554001, gender=male, city=SAN JUAN, signature=TestSignature, cartprice=219.0, enroller=36554001, responsedob=1997-07-21, arpack=Prime Health Pack - Cholesterol, Energy, Vanilla, language=English, locale=en, type=Associate, coapplicanttype=Spouse, platform=QA, lname=TestLastName, password=Unicity, genderoption=Male, Currency=USD, api=7, state=[San Juan], email=QVYNUW@gmail.com, coapplicant=TestSpouseName, zip=00907, fname=TestFirstName, prefferd=Puerto Rico, address2=Address 2, address1=Address 1, shippingmethod=type=Economy, version=v5a-test/, testcase=normal, market=Puerto Rico, aritemcode=26580, martial=Single, phone=9823746323, dob=07/21/1997, govid=273447921, proto=https://hydraqa.unicity.net/, marketcode=PR, maritaloption=Single, ccname=CCNameTest}
Request URL: https://hydraqa.unicity.net/v5a-test/orders.js
Entry request : {"customer":{"mainAddress":{"city":"SAN JUAN","country":"US","state":"PR","zip":"00907","address1":"Address 1","address2":"Address 2"},"humanName":{"firstName":"TestFirstName","lastName":"TestLastName"},"email":"QVYNUW@gmail.com","preferredLocale":"en-PR","password":{"value":"Unicity"},"gender":"male","maritalStatus":"Single","type":"Associate","creditcardaliases":[{"methodDetails":{"creditCardNumber":"4111111111111111","payer":"TestFirstName TestLastName","creditCardExpires":"2020-10"},"billToName":{"firstName":"TestFirstName","lastName":"TestLastName"},"billToAddress":{"address1":"Address 1","address2":"Address 2","city":"SAN JUAN","state":"PR","zip":"00907","country":"US"}}],"sponsor":{"href":"https://hydraqa.unicity.net/v5a-test/customers?id.unicity=36554001"},"enroller":{"href":"https://hydraqa.unicity.net/v5a-test/customers?id.unicity=36554001"},"homePhone":"9823746323","birthDate":"1997-07-21","autoorders":{"items":[{"recurrence":{"schedule":{"month":"*","dayOfMonth":"15"},"status":"Enabled"},"lines":{"items":[{"item":{"href":"https://hydraqa.unicity.net/v5a-test/items?id.unicity=26580"},"quantity":1}]},"shipToName":{"firstName":"TestFirstName","lastName":"TestLastName"},"shipToPhone":"9823746323","shipToEmail":"QVYNUW@gmail.com","shipToAddress":{"city":"SAN JUAN","country":"US","state":"PR","address1":"Address 1","address2":"Address 2","zip":"00907"},"shippingMethod":{"href":"https://hydraqa.unicity.net/v5a-test/shippingmethods?type=Economy"},"transactions":{"items":[{"amount":"this.terms.total","type":"AuthorizeAndCapture","method":"CreditCardAlias","methodDetails":{"alias":"this.customer.creditcardaliases[0].alias"}}]}}]},"coapplicant":{"type":"Spouse","details":{"humanName":{"firstName":"TestSpouseName","lastName":""}}},"rights":[],"signature":{"value":"TestSignature"},"taxTerms":{"taxId":"273447921","taxIdExpires":"2025-12-30"}},"lines":{"items":[{"item":{"href":"https://hydraqa.unicity.net/v5a-test/items?id.unicity=31441"},"quantity":1},{"item":{"href":"https://hydraqa.unicity.net/v5a-test/items?id.unicity=31859"},"quantity":1}]},"shipToName":{"firstName":"TestFirstName","lastName":"TestLastName"},"shipToPhone":"9823746323","shipToEmail":"QVYNUW@gmail.com","shipToAddress":{"city":"SAN JUAN","country":"US","state":"PR","address1":"Address 1","address2":"Address 2","zip":"00907"},"shippingMethod":{"href":"https://hydraqa.unicity.net/v5a-test/shippingmethods?type=Economy"},"notes":"","transactions":{"items":[{"amount":"this.terms.total","type":"AuthorizeAndCapture","method":"CreditCard","methodDetails":{"creditCardNumber":"4111111111111111","payer":"CCNameTest","creditCardExpires":"2020-10","creditCardSecurityCode":"123"},"billToAddress":{"address1":"Address 1","address2":"Address 2","city":"SAN JUAN","state":"PR","zip":"00907","country":"US"}},{"type":"AuthorizeAndCapture","method":"Coupon","methodDetails":{"code":"Fre3Aut0Sh!p"}}]}}
Entry response : {"meta":{"Link":"<http:\/\/unicity.github.io\/Hydra.php\/docs\/v5\/>; rel=\"help\"","X-Request-UUID":"7788e3e7-3e0d-4a14-b875-b878659e8ae5","X-Request-Release":"5-2020010701\/master","Cache-Control":"no-cache, must-revalidate","Expires":"0","X-Powered-By":"Luracast Restler v3.0.0rc5","Content-Type":"text\/javascript; charset=utf-8","Content-Language":"en","X-Status-Code":"201"},"data":{"market":"US","lines":{"items":[{"quantity":1,"item":{"href":"https:\/\/hydraqa.unicity.net\/v5a-test\/items?id.unicity=31441","id":{"unicity":"31441"}}},{"quantity":1,"item":{"href":"https:\/\/hydraqa.unicity.net\/v5a-test\/items?id.unicity=31859","id":{"unicity":"31859"}}}]},"shipToAddress":{"country":"US","state":"PR","city":"SAN JUAN","zip":"00907","address1":"Address 1","address2":"Address 2"},"shipToName":{"firstName":"TestFirstName","lastName":"TestLastName"},"shipToEmail":"QVYNUW@gmail.com","shipToPhone":"9823746323","shipToTime":"","source":null,"type":null,"notes":"","transactions":{"items":[{"amount":244.19,"billToAddress":{"address1":"Address 1","address2":"Address 2","city":"SAN JUAN","state":"PR","zip":"00907","country":"US"},"billToEmail":null,"type":"AuthorizeAndCapture","method":"CreditCard","installments":null,"methodDetails":{"creditCardNumber":"411111xxxxxx1111","payer":"CCNameTest","payerId":null,"creditCardExpires":"2020-10","creditCardSecurityCode":"123"}}]},"terms":{"discount":{"amount":0},"pretotal":244.19,"tax":{"amount":25.19},"freight":{"amount":0},"subtotal":219,"taxableTotal":219,"total":244.19,"pv":130},"shippingMethod":{"href":"https:\/\/hydraqa.unicity.net\/v5a-test\/shippingmethods?type=Economy","location":"","type":"Economy"},"currency":"USD","dateCreated":"2020-01-07T16:21:57-07:00","customer":{"humanName":{"firstName":"TestFirstName","lastName":"TestLastName"},"mainAddress":{"city":"SAN JUAN","country":"US","state":"PR","zip":"00907","address1":"Address 1","address2":"Address 2"},"type":"Associate","email":"QVYNUW@gmail.com","taxTerms":{"exemption":null,"taxId":"273447921","taxIdExpires":"2025-12-30"},"signature":{"value":"TestSignature"},"gender":"male","password":{"value":"Unicity"},"enroller":{"href":"https:\/\/hydraqa.unicity.net\/v5a-test\/customers\/c8a0f511723643dd5ba719e2e99a32ba82ff3eda31cc639783863e5baba2dbdb","id":{"unicity":36554001},"humanName":{"fullName":"Kent, Clark"},"email":"peter.jacobsen@unicity.com"},"sponsor":{"href":"https:\/\/hydraqa.unicity.net\/v5a-test\/customers\/c8a0f511723643dd5ba719e2e99a32ba82ff3eda31cc639783863e5baba2dbdb","id":{"unicity":36554001},"humanName":{"fullName":"Kent, Clark"},"email":"peter.jacobsen@unicity.com"},"birthDate":"1997-07-21","homePhone":"9823746323","preferredLocale":"en-PR","maritalStatus":"Single","coapplicant":{"details":{"humanName":{"firstName":"TestSpouseName","lastName":""}},"type":"Spouse"},"autoorders":{"items":[{"id":{"unicity":"63382"}}]},"rights":[],"status":"Active","id":{"unicity":"8104908"},"href":"https:\/\/hydraqa.unicity.net\/v5a-test\/customers\/827171282fe5a7ce6daf01c420974706","token":"ce7aac29-fb61-4ef0-80c0-026f14b5d974"},"added_transactions":{"items":[]},"taxedAs":"service","id":{"unicity":"1629652"},"href":"https:\/\/hydraqa.unicity.net\/v5a-test\/orders\/96f9730bf0b79c06512a76c4475bcb06"}}
Headers-->keep-alive
Headers-->2896
Headers-->application/json, text/plain, */*
Headers-->http://enroll.ng.unicityqa.com
Headers-->en-PR
]]></system-out>
    <system-err><![CDATA[Starting ChromeDriver 2.36.540470 (e522d04694c7ebea4ba8821272dbef4f9b818c91) on port 32468
Only local connections are allowed.
Jan 07, 2020 4:18:26 PM org.openqa.selenium.remote.ProtocolHandshake createSession
INFO: Detected dialect: OSS
]]></system-err>
  </testcase>
  <testcase name="Enroll" classname="Tests.FranchisePartner" time="272.414"/>
  <testcase name="Enroll" classname="Tests.FranchisePartner" time="268.142"/>
  <testcase name="Enroll" classname="Tests.FranchisePartner" time="264.181"/>
  <testcase name="Enroll" classname="Tests.FranchisePartner" time="214.241">
    <failure message="Minor Labels expected [[Credit Card Information, Billing Address, Shipping Address, Shipping Method]] but found [[Enrollment Settings, About You, Co-Applicant - Spouse/Company (optional), Commission Payment Options, Your Unicity Office, ]]" type="java.lang.AssertionError">java.lang.AssertionError: Minor Labels expected [[Credit Card Information, Billing Address, Shipping Address, Shipping Method]] but found [[Enrollment Settings, About You, Co-Applicant - Spouse/Company (optional), Commission Payment Options, Your Unicity Office, ]]
	at Tests.FranchisePartner.Enroll(FranchisePartner.java:264)
</failure>
    <system-out><![CDATA[Request URL: https://hydraqa.unicity.net/v5a-test/quotes?&expand=item
Entry Quotes response : {"items":[{"lines":{"items":[{"item":{"href":"https:\/\/hydraqa.unicity.net\/v5a-test\/items\/ce9cbecebbd583d0df582da5e1c57ce2","id":{"unicity":"26306"},"weightEach":{"value":0},"servingsPerContainer":0,"servingSize":0},"quantity":"1","terms":{"priceEach":"209.76","taxEach":{"amount":"5.24"},"discountEach":{"amount":"0"},"pvEach":"143"}}]},"currency":"CHF"},{"lines":{"items":[{"item":{"href":"https:\/\/hydraqa.unicity.net\/v5a-test\/items\/a7bda1cb4a35343e52791aba56debc4a","id":{"unicity":"27617"},"weightEach":{"value":0},"servingsPerContainer":0,"servingSize":0},"quantity":"1","terms":{"priceEach":"37.07","taxEach":{"amount":"0.93"},"discountEach":{"amount":"0"},"pvEach":"23"}}]},"currency":"CHF"},{"lines":{"items":[{"item":{"href":"https:\/\/hydraqa.unicity.net\/v5a-test\/items\/6447f84f6ef7782049a369b983428bb7","id":{"unicity":"31336"},"weightEach":{"value":0},"servingsPerContainer":0,"servingSize":0},"quantity":"1","terms":{"priceEach":"351.22","taxEach":{"amount":"8.78"},"discountEach":{"amount":"0"},"pvEach":"255"}}]},"currency":"CHF"},{"lines":{"items":[{"item":{"href":"https:\/\/hydraqa.unicity.net\/v5a-test\/items\/04614fabe9e2c10ec4968feb09a6cf7e","id":{"unicity":"31400"},"weightEach":{"value":0},"servingsPerContainer":0,"servingSize":0},"quantity":"1","terms":{"priceEach":"74.15","taxEach":{"amount":"1.85"},"discountEach":{"amount":"0"},"pvEach":"45"}}]},"currency":"CHF"},{"lines":{"items":[{"item":{"href":"https:\/\/hydraqa.unicity.net\/v5a-test\/items\/e9991b48ac639367d526d2b9b22fac8c","id":{"unicity":"32128"},"weightEach":{"value":0},"servingsPerContainer":0,"servingSize":0},"quantity":"1","terms":{"priceEach":"472.22","taxEach":{"amount":"11.81"},"discountEach":{"amount":"0"},"pvEach":"321"}}]},"currency":"CHF"},{"lines":{"items":[{"item":{"href":"https:\/\/hydraqa.unicity.net\/v5a-test\/items\/40b3312de189221d96d838d33a8ec49d","id":{"unicity":"32129"},"weightEach":{"value":0},"servingsPerContainer":0,"servingSize":0},"quantity":"1","terms":{"priceEach":"472.22","taxEach":{"amount":"11.81"},"discountEach":{"amount":"0"},"pvEach":"326"}}]},"currency":"CHF"},{"lines":{"items":[{"item":{"href":"https:\/\/hydraqa.unicity.net\/v5a-test\/items\/6bd168a66ce41003a8f30917deff5808","id":{"unicity":"32130"},"weightEach":{"value":0},"servingsPerContainer":0,"servingSize":0},"quantity":"1","terms":{"priceEach":"447.82","taxEach":{"amount":"11.2"},"discountEach":{"amount":"0"},"pvEach":"304"}}]},"currency":"CHF"},{"lines":{"items":[{"item":{"href":"https:\/\/hydraqa.unicity.net\/v5a-test\/items\/806f99b793edd7cd0b1c158ba0eb3142","id":{"unicity":"32132"},"weightEach":{"value":0},"servingsPerContainer":0,"servingSize":0},"quantity":"1","terms":{"priceEach":"451.72","taxEach":{"amount":"11.29"},"discountEach":{"amount":"0"},"pvEach":"325"}}]},"currency":"CHF"},{"lines":{"items":[{"item":{"href":"https:\/\/hydraqa.unicity.net\/v5a-test\/items\/e3d382d99fde8659cb146b54116e7654","id":{"unicity":"32133"},"weightEach":{"value":0},"servingsPerContainer":0,"servingSize":0},"quantity":"1","terms":{"priceEach":"467.34","taxEach":{"amount":"11.68"},"discountEach":{"amount":"0"},"pvEach":"330"}}]},"currency":"CHF"},{"lines":{"items":[{"item":{"href":"https:\/\/hydraqa.unicity.net\/v5a-test\/items\/022f109fe6e5eae3e521295a5cb94c60","id":{"unicity":"32134"},"weightEach":{"value":0},"servingsPerContainer":0,"servingSize":0},"quantity":"1","terms":{"priceEach":"177.57","taxEach":{"amount":"4.44"},"discountEach":{"amount":"0"},"pvEach":"121"}}]},"currency":"CHF"},{"lines":{"items":[{"item":{"href":"https:\/\/hydraqa.unicity.net\/v5a-test\/items\/ded00960d5e948dd8e511a9c752e1ff9","id":{"unicity":"32135"},"weightEach":{"value":0},"servingsPerContainer":0,"servingSize":0},"quantity":"1","terms":{"priceEach":"200","taxEach":{"amount":"5"},"discountEach":{"amount":"0"},"pvEach":"153"}}]},"currency":"CHF"},{"lines":{"items":[{"item":{"href":"https:\/\/hydraqa.unicity.net\/v5a-test\/items\/d8736cc35cf9f4734fd76da71c53dc05","id":{"unicity":"32136"},"weightEach":{"value":0},"servingsPerContainer":0,"servingSize":0},"quantity":"1","terms":{"priceEach":"178.55","taxEach":{"amount":"4.46"},"discountEach":{"amount":"0"},"pvEach":"129"}}]},"currency":"CHF"},{"lines":{"items":[{"item":{"href":"https:\/\/hydraqa.unicity.net\/v5a-test\/items\/166a69d45c4ae40278554e24d5f40443","id":{"unicity":"32137"},"weightEach":{"value":0},"servingsPerContainer":0,"servingSize":0},"quantity":"1","terms":{"priceEach":"207.82","taxEach":{"amount":"5.2"},"discountEach":{"amount":"0"},"pvEach":"147"}}]},"currency":"CHF"},{"lines":{"items":[{"item":{"href":"https:\/\/hydraqa.unicity.net\/v5a-test\/items\/d04a0b8762b20202b6273114fb7302d1","id":{"unicity":"32138"},"weightEach":{"value":0},"servingsPerContainer":0,"servingSize":0},"quantity":"1","terms":{"priceEach":"281.97","taxEach":{"amount":"7.05"},"discountEach":{"amount":"0"},"pvEach":"192"}}]},"currency":"CHF"},{"lines":{"items":[{"item":{"href":"https:\/\/hydraqa.unicity.net\/v5a-test\/items\/e13d0b5c40704ad5dd186959367c97f1","id":{"unicity":"32125"},"weightEach":{"value":0},"servingsPerContainer":0,"servingSize":0},"quantity":"1","terms":{"priceEach":"467.35","taxEach":{"amount":"11.68"},"discountEach":{"amount":"0"},"pvEach":"309"}}]},"currency":"CHF"},{"lines":{"items":[{"item":{"href":"https:\/\/hydraqa.unicity.net\/v5a-test\/items\/c451532f63a06f0e9a054e946a1a1c3b","id":{"unicity":"18511"},"weightEach":{"value":0},"servingsPerContainer":0,"servingSize":0},"quantity":"1","terms":{"priceEach":"47.8","taxEach":{"amount":"1.2"},"discountEach":{"amount":"0"},"pvEach":"30"}}]},"currency":"CHF"},{"lines":{"items":[{"item":{"href":"https:\/\/hydraqa.unicity.net\/v5a-test\/items\/65589269f4976d30f5c80a675b83db43","id":{"unicity":"22178"},"weightEach":{"value":0},"servingsPerContainer":0,"servingSize":0},"quantity":"1","terms":{"priceEach":"47.8","taxEach":{"amount":"1.2"},"discountEach":{"amount":"0"},"pvEach":"30"}}]},"currency":"CHF"},{"lines":{"items":[{"item":{"href":"https:\/\/hydraqa.unicity.net\/v5a-test\/items\/4e49c95f12ae7be78e5ffab68b8b3ca6","id":{"unicity":"26422"},"weightEach":{"value":0},"servingsPerContainer":0,"servingSize":0},"quantity":"1","terms":{"priceEach":"24.39","taxEach":{"amount":"0.61"},"discountEach":{"amount":"0"},"pvEach":"18"}}]},"currency":"CHF"},{"lines":{"items":[{"item":{"href":"https:\/\/hydraqa.unicity.net\/v5a-test\/items\/50e73ecfa509ac20c4a250f9cb32fdfc","id":{"unicity":"27156"},"weightEach":{"value":0},"servingsPerContainer":0,"servingSize":0},"quantity":"1","terms":{"priceEach":"24.39","taxEach":{"amount":"0.61"},"discountEach":{"amount":"0"},"pvEach":"15"}}]},"currency":"CHF"},{"lines":{"items":[{"item":{"href":"https:\/\/hydraqa.unicity.net\/v5a-test\/items\/d92292ba2f23c030e4a1f63eb3ebe1ce","id":{"unicity":"27158"},"weightEach":{"value":0},"servingsPerContainer":0,"servingSize":0},"quantity":"1","terms":{"priceEach":"32.2","taxEach":{"amount":"0.81"},"discountEach":{"amount":"0"},"pvEach":"25"}}]},"currency":"CHF"},{"lines":{"items":[{"item":{"href":"https:\/\/hydraqa.unicity.net\/v5a-test\/items\/ac37bf51ff7e4fe860da8457f6ce0425","id":{"unicity":"27166"},"weightEach":{"value":0},"servingsPerContainer":0,"servingSize":0},"quantity":"1","terms":{"priceEach":"96.59","taxEach":{"amount":"2.41"},"discountEach":{"amount":"0"},"pvEach":"75"}}]},"currency":"CHF"},{"lines":{"items":[{"item":{"href":"https:\/\/hydraqa.unicity.net\/v5a-test\/items\/a36d9fdd0fd7561e6180fb5b2ff27164","id":{"unicity":"27660"},"weightEach":{"value":0},"servingsPerContainer":0,"servingSize":0},"quantity":"1","terms":{"priceEach":"51.71","taxEach":{"amount":"1.29"},"discountEach":{"amount":"0"},"pvEach":"37"}}]},"currency":"CHF"},{"lines":{"items":[{"item":{"href":"https:\/\/hydraqa.unicity.net\/v5a-test\/items\/fc6a55f19d99547a667b22a83c35ca13","id":{"unicity":"27436"},"weightEach":{"value":0},"servingsPerContainer":0,"servingSize":0},"quantity":"1","terms":{"priceEach":"96.59","taxEach":{"amount":"2.41"},"discountEach":{"amount":"0"},"pvEach":"70"}}]},"currency":"CHF"},{"lines":{"items":[{"item":{"href":"https:\/\/hydraqa.unicity.net\/v5a-test\/items\/0c0717a26fcfe40310e906487e8a12f7","id":{"unicity":"28601"},"weightEach":{"value":0},"servingsPerContainer":0,"servingSize":0},"quantity":"1","terms":{"priceEach":"96.59","taxEach":{"amount":"2.41"},"discountEach":{"amount":"0"},"pvEach":"75"}}]},"currency":"CHF"},{"lines":{"items":[{"item":{"href":"https:\/\/hydraqa.unicity.net\/v5a-test\/items\/4790a55c442b5dc75a13b155e78c1842","id":{"unicity":"28604"},"weightEach":{"value":0},"servingsPerContainer":0,"servingSize":0},"quantity":"1","terms":{"priceEach":"96.59","taxEach":{"amount":"2.41"},"discountEach":{"amount":"0"},"pvEach":"75"}}]},"currency":"CHF"},{"lines":{"items":[{"item":{"href":"https:\/\/hydraqa.unicity.net\/v5a-test\/items\/64ec7ad932acafab052a4e8800ad1238","id":{"unicity":"24758"},"weightEach":{"value":0},"servingsPerContainer":0,"servingSize":0},"quantity":"1","terms":{"priceEach":"47.8","taxEach":{"amount":"1.2"},"discountEach":{"amount":"0"},"pvEach":"30"}}]},"currency":"CHF"},{"lines":{"items":[{"item":{"href":"https:\/\/hydraqa.unicity.net\/v5a-test\/items\/db0a2b02eaabc5ad45fe91ba5c7bcf5a","id":{"unicity":"31772"},"weightEach":{"value":0},"servingsPerContainer":0,"servingSize":0},"quantity":"1","terms":{"priceEach":"12.07","taxEach":{"amount":"0.93"},"discountEach":{"amount":"0"},"pvEach":"0"}}]},"currency":"CHF"},{"lines":{"items":[{"item":{"href":"https:\/\/hydraqa.unicity.net\/v5a-test\/items\/4d23d73a0d3d3e5fe9c383822040a9b0","id":{"unicity":"32191"},"weightEach":{"value":0},"servingsPerContainer":0,"servingSize":0},"quantity":"1","terms":{"priceEach":"1764.12","taxEach":{"amount":"44.1"},"discountEach":{"amount":"0"},"pvEach":"1204"}}]},"currency":"CHF"},{"lines":{"items":[{"item":{"href":"https:\/\/hydraqa.unicity.net\/v5a-test\/items\/ae151d812f5aceb6fecd752f77330f12","id":{"unicity":"32192"},"weightEach":{"value":0},"servingsPerContainer":0,"servingSize":0},"quantity":"1","terms":{"priceEach":"782.67","taxEach":{"amount":"19.57"},"discountEach":{"amount":"0"},"pvEach":"524"}}]},"currency":"CHF"},{"lines":{"items":[{"item":{"href":"https:\/\/hydraqa.unicity.net\/v5a-test\/items\/a85cc4a606716ce7b10b8bd76dca368f","id":{"unicity":"22605"},"weightEach":{"value":0},"servingsPerContainer":0,"servingSize":0},"quantity":"1","terms":{"priceEach":"37.14","taxEach":{"amount":"2.86"},"discountEach":{"amount":"0"},"pvEach":"0"}}]},"currency":"CHF"},{"lines":{"items":[{"item":{"href":"https:\/\/hydraqa.unicity.net\/v5a-test\/items\/34c53e6d4cce0f8a72327d86c3ef04cb","id":{"unicity":"30103"},"weightEach":{"value":0},"servingsPerContainer":0,"servingSize":0},"quantity":"1","terms":{"priceEach":"37.14","taxEach":{"amount":"2.86"},"discountEach":{"amount":"0"},"pvEach":"0"}}]},"currency":"CHF"},{"lines":{"items":[{"item":{"href":"https:\/\/hydraqa.unicity.net\/v5a-test\/items\/217ca02fbd24e21ca5281412756238ab","id":{"unicity":"32126"},"weightEach":{"value":0},"servingsPerContainer":0,"servingSize":0},"quantity":"1","terms":{"priceEach":"184.39","taxEach":{"amount":"4.61"},"discountEach":{"amount":"0"},"pvEach":"121"}}]},"currency":"CHF"},{"lines":{"items":[{"item":{"href":"https:\/\/hydraqa.unicity.net\/v5a-test\/items\/808008a0657d2033ad471c39bbce9891","id":{"unicity":"32127"},"weightEach":{"value":0},"servingsPerContainer":0,"servingSize":0},"quantity":"1","terms":{"priceEach":"212.68","taxEach":{"amount":"5.32"},"discountEach":{"amount":"0"},"pvEach":"153"}}]},"currency":"CHF"},{"lines":{"items":[{"item":{"href":"https:\/\/hydraqa.unicity.net\/v5a-test\/items\/2f1d0aa90494ae2e08035922c701f968","id":{"unicity":"29832"},"weightEach":{"value":0},"servingsPerContainer":0,"servingSize":0},"quantity":"1","terms":{"priceEach":"54","taxEach":{"amount":"1.35"},"discountEach":{"amount":"0"},"pvEach":"42"}}]},"currency":"CHF"},{"lines":{"items":[{"item":{"href":"https:\/\/hydraqa.unicity.net\/v5a-test\/items\/10df0fc3509b53cbeaeb9476ca92d520","id":{"unicity":"29833"},"weightEach":{"value":0},"servingsPerContainer":0,"servingSize":0},"quantity":"1","terms":{"priceEach":"108.29","taxEach":{"amount":"2.71"},"discountEach":{"amount":"0"},"pvEach":"82"}}]},"currency":"CHF"},{"lines":{"items":[{"item":{"href":"https:\/\/hydraqa.unicity.net\/v5a-test\/items\/a8dde31141ab8a13c032a00e7baa99cb","id":{"unicity":"30286"},"weightEach":{"value":0},"servingsPerContainer":0,"servingSize":0},"quantity":"1","terms":{"priceEach":"153.17","taxEach":{"amount":"3.83"},"discountEach":{"amount":"0"},"pvEach":"107"}}]},"currency":"CHF"},{"lines":{"items":[{"item":{"href":"https:\/\/hydraqa.unicity.net\/v5a-test\/items\/a92d4960492e2073278fc0e8bc2af366","id":{"unicity":"31740"},"weightEach":{"value":0},"servingsPerContainer":0,"servingSize":0},"quantity":"1","terms":{"priceEach":"319.95","taxEach":{"amount":"8"},"discountEach":{"amount":"0"},"pvEach":"246"}}]},"currency":"CHF"},{"lines":{"items":[{"item":{"href":"https:\/\/hydraqa.unicity.net\/v5a-test\/items\/22bcf973992a4b675adc842abb433e1a","id":{"unicity":"32140"},"weightEach":{"value":0},"servingsPerContainer":0,"servingSize":0},"quantity":"1","terms":{"priceEach":"341.46","taxEach":{"amount":"8.54"},"discountEach":{"amount":"0"},"pvEach":"252"}}]},"currency":"CHF"},{"lines":{"items":[{"item":{"href":"https:\/\/hydraqa.unicity.net\/v5a-test\/items\/fc5edcf55b7c5c1a614dba71c684da38","id":{"unicity":"32141"},"weightEach":{"value":0},"servingsPerContainer":0,"servingSize":0},"quantity":"1","terms":{"priceEach":"386.34","taxEach":{"amount":"9.66"},"discountEach":{"amount":"0"},"pvEach":"300"}}]},"currency":"CHF"},{"lines":{"items":[{"item":{"href":"https:\/\/hydraqa.unicity.net\/v5a-test\/items\/2482022792c4e0620583120981373ca1","id":{"unicity":"32148"},"weightEach":{"value":0},"servingsPerContainer":0,"servingSize":0},"quantity":"1","terms":{"priceEach":"380.49","taxEach":{"amount":"9.51"},"discountEach":{"amount":"0"},"pvEach":"269"}}]},"currency":"CHF"},{"lines":{"items":[{"item":{"href":"https:\/\/hydraqa.unicity.net\/v5a-test\/items\/148f1e203cf006e83ed482843cbd3a5c","id":{"unicity":"32149"},"weightEach":{"value":0},"servingsPerContainer":0,"servingSize":0},"quantity":"1","terms":{"priceEach":"373.66","taxEach":{"amount":"9.34"},"discountEach":{"amount":"0"},"pvEach":"266"}}]},"currency":"CHF"},{"lines":{"items":[{"item":{"href":"https:\/\/hydraqa.unicity.net\/v5a-test\/items\/c43d0c38e09dbbf94408a662cd23dfa0","id":{"unicity":"32144"},"weightEach":{"value":0},"servingsPerContainer":0,"servingSize":0},"quantity":"1","terms":{"priceEach":"663.41","taxEach":{"amount":"16.59"},"discountEach":{"amount":"0"},"pvEach":"500"}}]},"currency":"CHF"},{"lines":{"items":[{"item":{"href":"https:\/\/hydraqa.unicity.net\/v5a-test\/items\/e931a471e0a518f071b09ab5479f0ba6","id":{"unicity":"32146"},"weightEach":{"value":0},"servingsPerContainer":0,"servingSize":0},"quantity":"1","terms":{"priceEach":"710.24","taxEach":{"amount":"17.76"},"discountEach":{"amount":"0"},"pvEach":"508"}}]},"currency":"CHF"},{"lines":{"items":[{"item":{"href":"https:\/\/hydraqa.unicity.net\/v5a-test\/items\/337651da22c0ffaf01f33af882636ea6","id":{"unicity":"32142"},"weightEach":{"value":0},"servingsPerContainer":0,"servingSize":0},"quantity":"1","terms":{"priceEach":"714.15","taxEach":{"amount":"17.85"},"discountEach":{"amount":"0"},"pvEach":"502"}}]},"currency":"CHF"},{"lines":{"items":[{"item":{"href":"https:\/\/hydraqa.unicity.net\/v5a-test\/items\/fd906afd8b19d76e7cbef9a8aec7484a","id":{"unicity":"32145"},"weightEach":{"value":0},"servingsPerContainer":0,"servingSize":0},"quantity":"1","terms":{"priceEach":"1381.46","taxEach":{"amount":"34.54"},"discountEach":{"amount":"0"},"pvEach":"1038"}}]},"currency":"CHF"},{"lines":{"items":[{"item":{"href":"https:\/\/hydraqa.unicity.net\/v5a-test\/items\/feb92dd34cb5c38490043c2c9808e546","id":{"unicity":"32147"},"weightEach":{"value":0},"servingsPerContainer":0,"servingSize":0},"quantity":"1","terms":{"priceEach":"1420.49","taxEach":{"amount":"35.51"},"discountEach":{"amount":"0"},"pvEach":"1016"}}]},"currency":"CHF"},{"lines":{"items":[{"item":{"href":"https:\/\/hydraqa.unicity.net\/v5a-test\/items\/03a49a6a2def2af96f0da8ba279b0f4f","id":{"unicity":"32143"},"weightEach":{"value":0},"servingsPerContainer":0,"servingSize":0},"quantity":"1","terms":{"priceEach":"1428.29","taxEach":{"amount":"35.71"},"discountEach":{"amount":"0"},"pvEach":"1004"}}]},"currency":"CHF"},{"lines":{"items":[{"item":{"href":"https:\/\/hydraqa.unicity.net\/v5a-test\/items\/332daeac6796ed016ea8b7d0bc42c2d4","id":{"unicity":"24274"},"weightEach":{"value":0},"servingsPerContainer":0,"servingSize":0},"quantity":"1","terms":{"priceEach":"9.29","taxEach":{"amount":"0.72"},"discountEach":{"amount":"0"},"pvEach":"0"}}]},"currency":"CHF"},{"lines":{"items":[{"item":{"href":"https:\/\/hydraqa.unicity.net\/v5a-test\/items\/1945faa1776541d53120ecfe3c1d8a2b","id":{"unicity":"24418"},"weightEach":{"value":0},"servingsPerContainer":0,"servingSize":0},"quantity":"1","terms":{"priceEach":"5.57","taxEach":{"amount":"0.43"},"discountEach":{"amount":"0"},"pvEach":"0"}}]},"currency":"CHF"},{"lines":{"items":[{"item":{"href":"https:\/\/hydraqa.unicity.net\/v5a-test\/items\/10da226fab00279b4f89df10af2a10b7","id":{"unicity":"26442"},"weightEach":{"value":0},"servingsPerContainer":0,"servingSize":0},"quantity":"1","terms":{"priceEach":"7.43","taxEach":{"amount":"0.57"},"discountEach":{"amount":"0"},"pvEach":"0"}}]},"currency":"CHF"},{"lines":{"items":[{"item":{"href":"https:\/\/hydraqa.unicity.net\/v5a-test\/items\/5147f8cfe32548e02fc158d4da9c4d6f","id":{"unicity":"27150"},"weightEach":{"value":0},"servingsPerContainer":0,"servingSize":0},"quantity":"1","terms":{"priceEach":"111.22","taxEach":{"amount":"2.78"},"discountEach":{"amount":"0"},"pvEach":"80"}}]},"currency":"CHF"},{"lines":{"items":[{"item":{"href":"https:\/\/hydraqa.unicity.net\/v5a-test\/items\/03eba2365025ccd85818846a83a16f47","id":{"unicity":"27163"},"weightEach":{"value":0},"servingsPerContainer":0,"servingSize":0},"quantity":"1","terms":{"priceEach":"96.59","taxEach":{"amount":"2.41"},"discountEach":{"amount":"0"},"pvEach":"75"}}]},"currency":"CHF"},{"lines":{"items":[{"item":{"href":"https:\/\/hydraqa.unicity.net\/v5a-test\/items\/112b8c39286598b3730f630f371a45f4","id":{"unicity":"27587"},"weightEach":{"value":0},"servingsPerContainer":0,"servingSize":0},"quantity":"1","terms":{"priceEach":"74.15","taxEach":{"amount":"1.85"},"discountEach":{"amount":"0"},"pvEach":"45"}}]},"currency":"CHF"},{"lines":{"items":[{"item":{"href":"https:\/\/hydraqa.unicity.net\/v5a-test\/items\/0eebdede5bdb8bf4d71e800b6f3cead1","id":{"unicity":"30825"},"weightEach":{"value":0},"servingsPerContainer":0,"servingSize":0},"quantity":"1","terms":{"priceEach":"47.8","taxEach":{"amount":"1.2"},"discountEach":{"amount":"0"},"pvEach":"30"}}]},"currency":"CHF"},{"lines":{"items":[{"item":{"href":"https:\/\/hydraqa.unicity.net\/v5a-test\/items\/024e696f8b44a1d315006e676604cd31","id":{"unicity":"27395"},"weightEach":{"value":0},"servingsPerContainer":0,"servingSize":0},"quantity":"1","terms":{"priceEach":"37.07","taxEach":{"amount":"0.93"},"discountEach":{"amount":"0"},"pvEach":"23"}}]},"currency":"CHF"},{"lines":{"items":[{"item":{"href":"https:\/\/hydraqa.unicity.net\/v5a-test\/items\/4b2034f47fce90b87bba28c5c2d7c25d","id":{"unicity":"15880"},"weightEach":{"value":0},"servingsPerContainer":0,"servingSize":0},"quantity":"1","terms":{"priceEach":"62.44","taxEach":{"amount":"1.56"},"discountEach":{"amount":"0"},"pvEach":"40"}}]},"currency":"CHF"},{"lines":{"items":[{"item":{"href":"https:\/\/hydraqa.unicity.net\/v5a-test\/items\/398d06b858b960f6f38086d40608aef2","id":{"unicity":"26560"},"weightEach":{"value":0},"servingsPerContainer":0,"servingSize":0},"quantity":"1","terms":{"priceEach":"24.39","taxEach":{"amount":"0.61"},"discountEach":{"amount":"0"},"pvEach":"15"}}]},"currency":"CHF"},{"lines":{"items":[{"item":{"href":"https:\/\/hydraqa.unicity.net\/v5a-test\/items\/e218d1cac5f31e7ae4f5876c29c57377","id":{"unicity":"29017"},"weightEach":{"value":0},"servingsPerContainer":0,"servingSize":0},"quantity":"1","terms":{"priceEach":"34.15","taxEach":{"amount":"0.85"},"discountEach":{"amount":"0"},"pvEach":"21"}}]},"currency":"CHF"},{"lines":{"items":[{"item":{"href":"https:\/\/hydraqa.unicity.net\/v5a-test\/items\/3f2d12d7a0e8551fc99fad3bbe1ba633","id":{"unicity":"26567"},"weightEach":{"value":0},"servingsPerContainer":0,"servingSize":0},"quantity":"1","terms":{"priceEach":"73.17","taxEach":{"amount":"1.83"},"discountEach":{"amount":"0"},"pvEach":"38"}}]},"currency":"CHF"},{"lines":{"items":[{"item":{"href":"https:\/\/hydraqa.unicity.net\/v5a-test\/items\/191637167cb3144bd2e8c4615e9ab67e","id":{"unicity":"26568"},"weightEach":{"value":0},"servingsPerContainer":0,"servingSize":0},"quantity":"1","terms":{"priceEach":"73.17","taxEach":{"amount":"1.83"},"discountEach":{"amount":"0"},"pvEach":"38"}}]},"currency":"CHF"},{"lines":{"items":[{"item":{"href":"https:\/\/hydraqa.unicity.net\/v5a-test\/items\/2262fdd5af916c31df08089c191735c1","id":{"unicity":"29317"},"weightEach":{"value":0},"servingsPerContainer":0,"servingSize":0},"quantity":"1","terms":{"priceEach":"26.93","taxEach":{"amount":"2.07"},"discountEach":{"amount":"0"},"pvEach":"0"}}]},"currency":"CHF"},{"lines":{"items":[{"item":{"href":"https:\/\/hydraqa.unicity.net\/v5a-test\/items\/606f7be753c74dfbfe4b107276775140","id":{"unicity":"29821"},"weightEach":{"value":0},"servingsPerContainer":0,"servingSize":0},"quantity":"1","terms":{"priceEach":"103.41","taxEach":{"amount":"2.59"},"discountEach":{"amount":"0"},"pvEach":"78"}}]},"currency":"CHF"},{"lines":{"items":[{"item":{"href":"https:\/\/hydraqa.unicity.net\/v5a-test\/items\/94939f9be900906d2b47260ccba22a7b","id":{"unicity":"32012"},"weightEach":{"value":0},"servingsPerContainer":0,"servingSize":0},"quantity":"1","terms":{"priceEach":"18.54","taxEach":{"amount":"0.46"},"discountEach":{"amount":"0"},"pvEach":"8"}}]},"currency":"CHF"},{"lines":{"items":[{"item":{"href":"https:\/\/hydraqa.unicity.net\/v5a-test\/items\/2c4c1abe00983e85aaa918d2ce341491","id":{"unicity":"17174"},"weightEach":{"value":0},"servingsPerContainer":0,"servingSize":0},"quantity":"1","terms":{"priceEach":"47.8","taxEach":{"amount":"1.2"},"discountEach":{"amount":"0"},"pvEach":"30"}}]},"currency":"CHF"},{"lines":{"items":[{"item":{"href":"https:\/\/hydraqa.unicity.net\/v5a-test\/items\/ec4c2e40db621ea329b86538cc59281f","id":{"unicity":"30139"},"weightEach":{"value":0},"servingsPerContainer":0,"servingSize":0},"quantity":"1","terms":{"priceEach":"176.42","taxEach":{"amount":"13.58"},"discountEach":{"amount":"0"},"pvEach":"100"}}]},"currency":"CHF"},{"lines":{"items":[{"item":{"href":"https:\/\/hydraqa.unicity.net\/v5a-test\/items\/991cdbb84a495779eb209fb3956a77e4","id":{"unicity":"29183"},"weightEach":{"value":0},"servingsPerContainer":0,"servingSize":0},"quantity":"1","terms":{"priceEach":"39","taxEach":{"amount":"3"},"discountEach":{"amount":"0"},"pvEach":"22"}}]},"currency":"CHF"},{"lines":{"items":[{"item":{"href":"https:\/\/hydraqa.unicity.net\/v5a-test\/items\/0e78fbdfebef11cd62f8d2120064ee58","id":{"unicity":"30280"},"weightEach":{"value":0},"servingsPerContainer":0,"servingSize":0},"quantity":"1","terms":{"priceEach":"45.5","taxEach":{"amount":"3.5"},"discountEach":{"amount":"0"},"pvEach":"25"}}]},"currency":"CHF"},{"lines":{"items":[{"item":{"href":"https:\/\/hydraqa.unicity.net\/v5a-test\/items\/beb900429fbb160dbfc3001c14d96df4","id":{"unicity":"29187"},"weightEach":{"value":0},"servingsPerContainer":0,"servingSize":0},"quantity":"1","terms":{"priceEach":"52","taxEach":{"amount":"4"},"discountEach":{"amount":"0"},"pvEach":"30"}}]},"currency":"CHF"},{"lines":{"items":[{"item":{"href":"https:\/\/hydraqa.unicity.net\/v5a-test\/items\/1b0412bea8c0b841c66f65a36aa14108","id":{"unicity":"29191"},"weightEach":{"value":0},"servingsPerContainer":0,"servingSize":0},"quantity":"1","terms":{"priceEach":"52","taxEach":{"amount":"4"},"discountEach":{"amount":"0"},"pvEach":"30"}}]},"currency":"CHF"},{"lines":{"items":[{"item":{"href":"https:\/\/hydraqa.unicity.net\/v5a-test\/items\/52c87f74d3b41ed49b0f897b66c2a99b","id":{"unicity":"30684"},"weightEach":{"value":0},"servingsPerContainer":0,"servingSize":0},"quantity":"1","terms":{"priceEach":"47.8","taxEach":{"amount":"1.2"},"discountEach":{"amount":"0"},"pvEach":"30"}}]},"currency":"CHF"},{"lines":{"items":[{"item":{"href":"https:\/\/hydraqa.unicity.net\/v5a-test\/items\/ab2a2b07b17718843a66bee04ff40624","id":{"unicity":"31402"},"weightEach":{"value":0},"servingsPerContainer":0,"servingSize":0},"quantity":"1","terms":{"priceEach":"117.07","taxEach":{"amount":"2.93"},"discountEach":{"amount":"0"},"pvEach":"85"}}]},"currency":"CHF"},{"lines":{"items":[{"item":{"href":"https:\/\/hydraqa.unicity.net\/v5a-test\/items\/7e5e7df32701fd44947c8146f2129f7a","id":{"unicity":"31672"},"weightEach":{"value":0},"servingsPerContainer":0,"servingSize":0},"quantity":"1","terms":{"priceEach":"96.59","taxEach":{"amount":"2.41"},"discountEach":{"amount":"0"},"pvEach":"75"}}]},"currency":"CHF"},{"lines":{"items":[{"item":{"href":"https:\/\/hydraqa.unicity.net\/v5a-test\/items\/493c2ba720f847422eccc5da35024f33","id":{"unicity":"31534"},"weightEach":{"value":0},"servingsPerContainer":0,"servingSize":0},"quantity":"1","terms":{"priceEach":"29.27","taxEach":{"amount":"0.73"},"discountEach":{"amount":"0"},"pvEach":"18"}}]},"currency":"CHF"},{"lines":{"items":[{"item":{"href":"https:\/\/hydraqa.unicity.net\/v5a-test\/items\/bfddb53fe0d5ed5432c531dc9850cbe4","id":{"unicity":"29449"},"weightEach":{"value":0},"servingsPerContainer":0,"servingSize":0},"quantity":"1","terms":{"priceEach":"29.27","taxEach":{"amount":"0.73"},"discountEach":{"amount":"0"},"pvEach":"18"}}]},"currency":"CHF"},{"lines":{"items":[{"item":{"href":"https:\/\/hydraqa.unicity.net\/v5a-test\/items\/75b870fdff12be635674216fe88d3204","id":{"unicity":"29984"},"weightEach":{"value":0},"servingsPerContainer":0,"servingSize":0},"quantity":"1","terms":{"priceEach":"52","taxEach":{"amount":"4"},"discountEach":{"amount":"0"},"pvEach":"30"}}]},"currency":"CHF"},{"lines":{"items":[{"item":{"href":"https:\/\/hydraqa.unicity.net\/v5a-test\/items\/e9fe58342fff74ec4f4430f7c622816e","id":{"unicity":"31870"},"weightEach":{"value":0},"servingsPerContainer":0,"servingSize":0},"quantity":"1","terms":{"priceEach":"25.37","taxEach":{"amount":"0.63"},"discountEach":{"amount":"0"},"pvEach":"11"}}]},"currency":"CHF"},{"lines":{"items":[{"item":{"href":"https:\/\/hydraqa.unicity.net\/v5a-test\/items\/fbb6dbd577adb73abaec364076fb288f","id":{"unicity":"32087"},"weightEach":{"value":0},"servingsPerContainer":0,"servingSize":0},"quantity":"1","terms":{"priceEach":"25.37","taxEach":{"amount":"0.63"},"discountEach":{"amount":"0"},"pvEach":"11"}}]},"currency":"CHF"},{"lines":{"items":[{"item":{"href":"https:\/\/hydraqa.unicity.net\/v5a-test\/items\/35dcc0035e442bbe6482f178ec38522c","id":{"unicity":"31868"},"weightEach":{"value":0},"servingsPerContainer":0,"servingSize":0},"quantity":"1","terms":{"priceEach":"25.37","taxEach":{"amount":"0.63"},"discountEach":{"amount":"0"},"pvEach":"11"}}]},"currency":"CHF"},{"lines":{"items":[{"item":{"href":"https:\/\/hydraqa.unicity.net\/v5a-test\/items\/baa263a2750aa330fbd9e5b96fdb2b55","id":{"unicity":"32609"},"weightEach":{"value":0},"servingsPerContainer":0,"servingSize":0},"quantity":"1","terms":{"priceEach":"74.15","taxEach":{"amount":"1.85"},"discountEach":{"amount":"0"},"pvEach":"45"}}]},"currency":"CHF"}]}
Entry request : {"order":{"customer":{"href":"https://hydraqa.unicity.net/v5a-test/customers?type=Associate"},"shipToAddress":{"country":"CH"}},"vary":{"lines":{"items":[{"item":{"href":"https://hydraqa.unicity.net/v5a-test/items?id.unicity=26306|27617|31336|31763|31400|31951|31952|32128|32129|32130|32132|32133|32134|32135|32136|32137|32138|32125|18511|22178|26422|27156|27158|27166|27660|27436|28601|28604|24758|31772|32191|32192|22605|30103|32126|32127|29832|29833|30286|31740|32140|32141|32148|32149|32144|32146|32142|32145|32147|32143|23989|24274|24418|26442|27150|27163|27587|30825|27395|15880|26560|29017|26567|26568|29317|29821|32012|17174|30139|29181|29183|30280|29187|29191|30684|31402|31672|31534|29449|29984|31870|32087|31868|32609"}}]}}}
Request URL: https://hydraqa.unicity.net/v5a-test/customers.js?callback=angular.callbacks._1&expand=customer,profilePicture&id.unicity=36554001
Request URL: https://hydraqa.unicity.net/v5a-test/customers.js?_httpMethod=HEAD&callback=angular.callbacks._7&email=IYKSCS@gmail.com
]]></system-out>
    <system-err><![CDATA[Starting ChromeDriver 2.36.540470 (e522d04694c7ebea4ba8821272dbef4f9b818c91) on port 23485
Only local connections are allowed.
Jan 07, 2020 4:36:14 PM org.openqa.selenium.remote.ProtocolHandshake createSession
INFO: Detected dialect: OSS
]]></system-err>
  </testcase>
  <testcase name="Enroll" classname="Tests.FranchisePartner" time="240.43">
    <failure message="Minor Summary Labels is Displaying expected [[Résumé de l&apos;inscription, Enrollment Settings, A propos de vous, Co-demandeur conjoint / Société, Mode de paiement des commissions, Votre adresse de livraison, Votre adresse de facturation/Adresse principale, Vos informations de paiement, Conditions générales, Résumé]] but found [[Informations carte de crédit, Adresse de facturation, Adresse de livraison, Méthode de livraison, Résumé]]" type="java.lang.AssertionError">java.lang.AssertionError: Minor Summary Labels is Displaying expected [[Résumé de l'inscription, Enrollment Settings, A propos de vous, Co-demandeur conjoint / Société, Mode de paiement des commissions, Votre adresse de livraison, Votre adresse de facturation/Adresse principale, Vos informations de paiement, Conditions générales, Résumé]] but found [[Informations carte de crédit, Adresse de facturation, Adresse de livraison, Méthode de livraison, Résumé]]
	at Tests.FranchisePartner.Enroll(FranchisePartner.java:265)
</failure>
    <system-out><![CDATA[Request URL: https://hydraqa.unicity.net/v5a-test/quotes?&expand=item
Entry Quotes response : {"items":[{"lines":{"items":[{"item":{"href":"https:\/\/hydraqa.unicity.net\/v5a-test\/items\/ce9cbecebbd583d0df582da5e1c57ce2","id":{"unicity":"26306"},"weightEach":{"value":0},"servingsPerContainer":0,"servingSize":0},"quantity":"1","terms":{"priceEach":"209.76","taxEach":{"amount":"5.24"},"discountEach":{"amount":"0"},"pvEach":"143"}}]},"currency":"CHF"},{"lines":{"items":[{"item":{"href":"https:\/\/hydraqa.unicity.net\/v5a-test\/items\/a7bda1cb4a35343e52791aba56debc4a","id":{"unicity":"27617"},"weightEach":{"value":0},"servingsPerContainer":0,"servingSize":0},"quantity":"1","terms":{"priceEach":"37.07","taxEach":{"amount":"0.93"},"discountEach":{"amount":"0"},"pvEach":"23"}}]},"currency":"CHF"},{"lines":{"items":[{"item":{"href":"https:\/\/hydraqa.unicity.net\/v5a-test\/items\/6447f84f6ef7782049a369b983428bb7","id":{"unicity":"31336"},"weightEach":{"value":0},"servingsPerContainer":0,"servingSize":0},"quantity":"1","terms":{"priceEach":"351.22","taxEach":{"amount":"8.78"},"discountEach":{"amount":"0"},"pvEach":"255"}}]},"currency":"CHF"},{"lines":{"items":[{"item":{"href":"https:\/\/hydraqa.unicity.net\/v5a-test\/items\/04614fabe9e2c10ec4968feb09a6cf7e","id":{"unicity":"31400"},"weightEach":{"value":0},"servingsPerContainer":0,"servingSize":0},"quantity":"1","terms":{"priceEach":"74.15","taxEach":{"amount":"1.85"},"discountEach":{"amount":"0"},"pvEach":"45"}}]},"currency":"CHF"},{"lines":{"items":[{"item":{"href":"https:\/\/hydraqa.unicity.net\/v5a-test\/items\/e9991b48ac639367d526d2b9b22fac8c","id":{"unicity":"32128"},"weightEach":{"value":0},"servingsPerContainer":0,"servingSize":0},"quantity":"1","terms":{"priceEach":"472.22","taxEach":{"amount":"11.81"},"discountEach":{"amount":"0"},"pvEach":"321"}}]},"currency":"CHF"},{"lines":{"items":[{"item":{"href":"https:\/\/hydraqa.unicity.net\/v5a-test\/items\/40b3312de189221d96d838d33a8ec49d","id":{"unicity":"32129"},"weightEach":{"value":0},"servingsPerContainer":0,"servingSize":0},"quantity":"1","terms":{"priceEach":"472.22","taxEach":{"amount":"11.81"},"discountEach":{"amount":"0"},"pvEach":"326"}}]},"currency":"CHF"},{"lines":{"items":[{"item":{"href":"https:\/\/hydraqa.unicity.net\/v5a-test\/items\/6bd168a66ce41003a8f30917deff5808","id":{"unicity":"32130"},"weightEach":{"value":0},"servingsPerContainer":0,"servingSize":0},"quantity":"1","terms":{"priceEach":"447.82","taxEach":{"amount":"11.2"},"discountEach":{"amount":"0"},"pvEach":"304"}}]},"currency":"CHF"},{"lines":{"items":[{"item":{"href":"https:\/\/hydraqa.unicity.net\/v5a-test\/items\/806f99b793edd7cd0b1c158ba0eb3142","id":{"unicity":"32132"},"weightEach":{"value":0},"servingsPerContainer":0,"servingSize":0},"quantity":"1","terms":{"priceEach":"451.72","taxEach":{"amount":"11.29"},"discountEach":{"amount":"0"},"pvEach":"325"}}]},"currency":"CHF"},{"lines":{"items":[{"item":{"href":"https:\/\/hydraqa.unicity.net\/v5a-test\/items\/e3d382d99fde8659cb146b54116e7654","id":{"unicity":"32133"},"weightEach":{"value":0},"servingsPerContainer":0,"servingSize":0},"quantity":"1","terms":{"priceEach":"467.34","taxEach":{"amount":"11.68"},"discountEach":{"amount":"0"},"pvEach":"330"}}]},"currency":"CHF"},{"lines":{"items":[{"item":{"href":"https:\/\/hydraqa.unicity.net\/v5a-test\/items\/022f109fe6e5eae3e521295a5cb94c60","id":{"unicity":"32134"},"weightEach":{"value":0},"servingsPerContainer":0,"servingSize":0},"quantity":"1","terms":{"priceEach":"177.57","taxEach":{"amount":"4.44"},"discountEach":{"amount":"0"},"pvEach":"121"}}]},"currency":"CHF"},{"lines":{"items":[{"item":{"href":"https:\/\/hydraqa.unicity.net\/v5a-test\/items\/ded00960d5e948dd8e511a9c752e1ff9","id":{"unicity":"32135"},"weightEach":{"value":0},"servingsPerContainer":0,"servingSize":0},"quantity":"1","terms":{"priceEach":"200","taxEach":{"amount":"5"},"discountEach":{"amount":"0"},"pvEach":"153"}}]},"currency":"CHF"},{"lines":{"items":[{"item":{"href":"https:\/\/hydraqa.unicity.net\/v5a-test\/items\/d8736cc35cf9f4734fd76da71c53dc05","id":{"unicity":"32136"},"weightEach":{"value":0},"servingsPerContainer":0,"servingSize":0},"quantity":"1","terms":{"priceEach":"178.55","taxEach":{"amount":"4.46"},"discountEach":{"amount":"0"},"pvEach":"129"}}]},"currency":"CHF"},{"lines":{"items":[{"item":{"href":"https:\/\/hydraqa.unicity.net\/v5a-test\/items\/166a69d45c4ae40278554e24d5f40443","id":{"unicity":"32137"},"weightEach":{"value":0},"servingsPerContainer":0,"servingSize":0},"quantity":"1","terms":{"priceEach":"207.82","taxEach":{"amount":"5.2"},"discountEach":{"amount":"0"},"pvEach":"147"}}]},"currency":"CHF"},{"lines":{"items":[{"item":{"href":"https:\/\/hydraqa.unicity.net\/v5a-test\/items\/d04a0b8762b20202b6273114fb7302d1","id":{"unicity":"32138"},"weightEach":{"value":0},"servingsPerContainer":0,"servingSize":0},"quantity":"1","terms":{"priceEach":"281.97","taxEach":{"amount":"7.05"},"discountEach":{"amount":"0"},"pvEach":"192"}}]},"currency":"CHF"},{"lines":{"items":[{"item":{"href":"https:\/\/hydraqa.unicity.net\/v5a-test\/items\/e13d0b5c40704ad5dd186959367c97f1","id":{"unicity":"32125"},"weightEach":{"value":0},"servingsPerContainer":0,"servingSize":0},"quantity":"1","terms":{"priceEach":"467.35","taxEach":{"amount":"11.68"},"discountEach":{"amount":"0"},"pvEach":"309"}}]},"currency":"CHF"},{"lines":{"items":[{"item":{"href":"https:\/\/hydraqa.unicity.net\/v5a-test\/items\/c451532f63a06f0e9a054e946a1a1c3b","id":{"unicity":"18511"},"weightEach":{"value":0},"servingsPerContainer":0,"servingSize":0},"quantity":"1","terms":{"priceEach":"47.8","taxEach":{"amount":"1.2"},"discountEach":{"amount":"0"},"pvEach":"30"}}]},"currency":"CHF"},{"lines":{"items":[{"item":{"href":"https:\/\/hydraqa.unicity.net\/v5a-test\/items\/65589269f4976d30f5c80a675b83db43","id":{"unicity":"22178"},"weightEach":{"value":0},"servingsPerContainer":0,"servingSize":0},"quantity":"1","terms":{"priceEach":"47.8","taxEach":{"amount":"1.2"},"discountEach":{"amount":"0"},"pvEach":"30"}}]},"currency":"CHF"},{"lines":{"items":[{"item":{"href":"https:\/\/hydraqa.unicity.net\/v5a-test\/items\/4e49c95f12ae7be78e5ffab68b8b3ca6","id":{"unicity":"26422"},"weightEach":{"value":0},"servingsPerContainer":0,"servingSize":0},"quantity":"1","terms":{"priceEach":"24.39","taxEach":{"amount":"0.61"},"discountEach":{"amount":"0"},"pvEach":"18"}}]},"currency":"CHF"},{"lines":{"items":[{"item":{"href":"https:\/\/hydraqa.unicity.net\/v5a-test\/items\/50e73ecfa509ac20c4a250f9cb32fdfc","id":{"unicity":"27156"},"weightEach":{"value":0},"servingsPerContainer":0,"servingSize":0},"quantity":"1","terms":{"priceEach":"24.39","taxEach":{"amount":"0.61"},"discountEach":{"amount":"0"},"pvEach":"15"}}]},"currency":"CHF"},{"lines":{"items":[{"item":{"href":"https:\/\/hydraqa.unicity.net\/v5a-test\/items\/d92292ba2f23c030e4a1f63eb3ebe1ce","id":{"unicity":"27158"},"weightEach":{"value":0},"servingsPerContainer":0,"servingSize":0},"quantity":"1","terms":{"priceEach":"32.2","taxEach":{"amount":"0.81"},"discountEach":{"amount":"0"},"pvEach":"25"}}]},"currency":"CHF"},{"lines":{"items":[{"item":{"href":"https:\/\/hydraqa.unicity.net\/v5a-test\/items\/ac37bf51ff7e4fe860da8457f6ce0425","id":{"unicity":"27166"},"weightEach":{"value":0},"servingsPerContainer":0,"servingSize":0},"quantity":"1","terms":{"priceEach":"96.59","taxEach":{"amount":"2.41"},"discountEach":{"amount":"0"},"pvEach":"75"}}]},"currency":"CHF"},{"lines":{"items":[{"item":{"href":"https:\/\/hydraqa.unicity.net\/v5a-test\/items\/a36d9fdd0fd7561e6180fb5b2ff27164","id":{"unicity":"27660"},"weightEach":{"value":0},"servingsPerContainer":0,"servingSize":0},"quantity":"1","terms":{"priceEach":"39.02","taxEach":{"amount":"1.29"},"discountEach":{"amount":"0"},"pvEach":"23"}}]},"currency":"CHF"},{"lines":{"items":[{"item":{"href":"https:\/\/hydraqa.unicity.net\/v5a-test\/items\/fc6a55f19d99547a667b22a83c35ca13","id":{"unicity":"27436"},"weightEach":{"value":0},"servingsPerContainer":0,"servingSize":0},"quantity":"1","terms":{"priceEach":"96.59","taxEach":{"amount":"2.41"},"discountEach":{"amount":"0"},"pvEach":"70"}}]},"currency":"CHF"},{"lines":{"items":[{"item":{"href":"https:\/\/hydraqa.unicity.net\/v5a-test\/items\/0c0717a26fcfe40310e906487e8a12f7","id":{"unicity":"28601"},"weightEach":{"value":0},"servingsPerContainer":0,"servingSize":0},"quantity":"1","terms":{"priceEach":"96.59","taxEach":{"amount":"2.41"},"discountEach":{"amount":"0"},"pvEach":"75"}}]},"currency":"CHF"},{"lines":{"items":[{"item":{"href":"https:\/\/hydraqa.unicity.net\/v5a-test\/items\/4790a55c442b5dc75a13b155e78c1842","id":{"unicity":"28604"},"weightEach":{"value":0},"servingsPerContainer":0,"servingSize":0},"quantity":"1","terms":{"priceEach":"96.59","taxEach":{"amount":"2.41"},"discountEach":{"amount":"0"},"pvEach":"75"}}]},"currency":"CHF"},{"lines":{"items":[{"item":{"href":"https:\/\/hydraqa.unicity.net\/v5a-test\/items\/64ec7ad932acafab052a4e8800ad1238","id":{"unicity":"24758"},"weightEach":{"value":0},"servingsPerContainer":0,"servingSize":0},"quantity":"1","terms":{"priceEach":"47.8","taxEach":{"amount":"1.2"},"discountEach":{"amount":"0"},"pvEach":"30"}}]},"currency":"CHF"},{"lines":{"items":[{"item":{"href":"https:\/\/hydraqa.unicity.net\/v5a-test\/items\/db0a2b02eaabc5ad45fe91ba5c7bcf5a","id":{"unicity":"31772"},"weightEach":{"value":0},"servingsPerContainer":0,"servingSize":0},"quantity":"1","terms":{"priceEach":"12.07","taxEach":{"amount":"0.93"},"discountEach":{"amount":"0"},"pvEach":"0"}}]},"currency":"CHF"},{"lines":{"items":[{"item":{"href":"https:\/\/hydraqa.unicity.net\/v5a-test\/items\/4d23d73a0d3d3e5fe9c383822040a9b0","id":{"unicity":"32191"},"weightEach":{"value":0},"servingsPerContainer":0,"servingSize":0},"quantity":"1","terms":{"priceEach":"1764.12","taxEach":{"amount":"44.1"},"discountEach":{"amount":"0"},"pvEach":"1204"}}]},"currency":"CHF"},{"lines":{"items":[{"item":{"href":"https:\/\/hydraqa.unicity.net\/v5a-test\/items\/ae151d812f5aceb6fecd752f77330f12","id":{"unicity":"32192"},"weightEach":{"value":0},"servingsPerContainer":0,"servingSize":0},"quantity":"1","terms":{"priceEach":"782.67","taxEach":{"amount":"19.57"},"discountEach":{"amount":"0"},"pvEach":"524"}}]},"currency":"CHF"},{"lines":{"items":[{"item":{"href":"https:\/\/hydraqa.unicity.net\/v5a-test\/items\/a85cc4a606716ce7b10b8bd76dca368f","id":{"unicity":"22605"},"weightEach":{"value":0},"servingsPerContainer":0,"servingSize":0},"quantity":"1","terms":{"priceEach":"37.14","taxEach":{"amount":"2.86"},"discountEach":{"amount":"0"},"pvEach":"0"}}]},"currency":"CHF"},{"lines":{"items":[{"item":{"href":"https:\/\/hydraqa.unicity.net\/v5a-test\/items\/34c53e6d4cce0f8a72327d86c3ef04cb","id":{"unicity":"30103"},"weightEach":{"value":0},"servingsPerContainer":0,"servingSize":0},"quantity":"1","terms":{"priceEach":"37.14","taxEach":{"amount":"2.86"},"discountEach":{"amount":"0"},"pvEach":"0"}}]},"currency":"CHF"},{"lines":{"items":[{"item":{"href":"https:\/\/hydraqa.unicity.net\/v5a-test\/items\/217ca02fbd24e21ca5281412756238ab","id":{"unicity":"32126"},"weightEach":{"value":0},"servingsPerContainer":0,"servingSize":0},"quantity":"1","terms":{"priceEach":"184.39","taxEach":{"amount":"4.61"},"discountEach":{"amount":"0"},"pvEach":"121"}}]},"currency":"CHF"},{"lines":{"items":[{"item":{"href":"https:\/\/hydraqa.unicity.net\/v5a-test\/items\/808008a0657d2033ad471c39bbce9891","id":{"unicity":"32127"},"weightEach":{"value":0},"servingsPerContainer":0,"servingSize":0},"quantity":"1","terms":{"priceEach":"212.68","taxEach":{"amount":"5.32"},"discountEach":{"amount":"0"},"pvEach":"153"}}]},"currency":"CHF"},{"lines":{"items":[{"item":{"href":"https:\/\/hydraqa.unicity.net\/v5a-test\/items\/2f1d0aa90494ae2e08035922c701f968","id":{"unicity":"29832"},"weightEach":{"value":0},"servingsPerContainer":0,"servingSize":0},"quantity":"1","terms":{"priceEach":"54","taxEach":{"amount":"1.35"},"discountEach":{"amount":"0"},"pvEach":"42"}}]},"currency":"CHF"},{"lines":{"items":[{"item":{"href":"https:\/\/hydraqa.unicity.net\/v5a-test\/items\/10df0fc3509b53cbeaeb9476ca92d520","id":{"unicity":"29833"},"weightEach":{"value":0},"servingsPerContainer":0,"servingSize":0},"quantity":"1","terms":{"priceEach":"108.29","taxEach":{"amount":"2.71"},"discountEach":{"amount":"0"},"pvEach":"82"}}]},"currency":"CHF"},{"lines":{"items":[{"item":{"href":"https:\/\/hydraqa.unicity.net\/v5a-test\/items\/a8dde31141ab8a13c032a00e7baa99cb","id":{"unicity":"30286"},"weightEach":{"value":0},"servingsPerContainer":0,"servingSize":0},"quantity":"1","terms":{"priceEach":"153.17","taxEach":{"amount":"3.83"},"discountEach":{"amount":"0"},"pvEach":"107"}}]},"currency":"CHF"},{"lines":{"items":[{"item":{"href":"https:\/\/hydraqa.unicity.net\/v5a-test\/items\/a92d4960492e2073278fc0e8bc2af366","id":{"unicity":"31740"},"weightEach":{"value":0},"servingsPerContainer":0,"servingSize":0},"quantity":"1","terms":{"priceEach":"319.95","taxEach":{"amount":"8"},"discountEach":{"amount":"0"},"pvEach":"246"}}]},"currency":"CHF"},{"lines":{"items":[{"item":{"href":"https:\/\/hydraqa.unicity.net\/v5a-test\/items\/22bcf973992a4b675adc842abb433e1a","id":{"unicity":"32140"},"weightEach":{"value":0},"servingsPerContainer":0,"servingSize":0},"quantity":"1","terms":{"priceEach":"341.46","taxEach":{"amount":"8.54"},"discountEach":{"amount":"0"},"pvEach":"252"}}]},"currency":"CHF"},{"lines":{"items":[{"item":{"href":"https:\/\/hydraqa.unicity.net\/v5a-test\/items\/fc5edcf55b7c5c1a614dba71c684da38","id":{"unicity":"32141"},"weightEach":{"value":0},"servingsPerContainer":0,"servingSize":0},"quantity":"1","terms":{"priceEach":"386.34","taxEach":{"amount":"9.66"},"discountEach":{"amount":"0"},"pvEach":"300"}}]},"currency":"CHF"},{"lines":{"items":[{"item":{"href":"https:\/\/hydraqa.unicity.net\/v5a-test\/items\/2482022792c4e0620583120981373ca1","id":{"unicity":"32148"},"weightEach":{"value":0},"servingsPerContainer":0,"servingSize":0},"quantity":"1","terms":{"priceEach":"380.49","taxEach":{"amount":"9.51"},"discountEach":{"amount":"0"},"pvEach":"269"}}]},"currency":"CHF"},{"lines":{"items":[{"item":{"href":"https:\/\/hydraqa.unicity.net\/v5a-test\/items\/148f1e203cf006e83ed482843cbd3a5c","id":{"unicity":"32149"},"weightEach":{"value":0},"servingsPerContainer":0,"servingSize":0},"quantity":"1","terms":{"priceEach":"373.66","taxEach":{"amount":"9.34"},"discountEach":{"amount":"0"},"pvEach":"266"}}]},"currency":"CHF"},{"lines":{"items":[{"item":{"href":"https:\/\/hydraqa.unicity.net\/v5a-test\/items\/c43d0c38e09dbbf94408a662cd23dfa0","id":{"unicity":"32144"},"weightEach":{"value":0},"servingsPerContainer":0,"servingSize":0},"quantity":"1","terms":{"priceEach":"663.41","taxEach":{"amount":"16.59"},"discountEach":{"amount":"0"},"pvEach":"500"}}]},"currency":"CHF"},{"lines":{"items":[{"item":{"href":"https:\/\/hydraqa.unicity.net\/v5a-test\/items\/e931a471e0a518f071b09ab5479f0ba6","id":{"unicity":"32146"},"weightEach":{"value":0},"servingsPerContainer":0,"servingSize":0},"quantity":"1","terms":{"priceEach":"710.24","taxEach":{"amount":"17.76"},"discountEach":{"amount":"0"},"pvEach":"508"}}]},"currency":"CHF"},{"lines":{"items":[{"item":{"href":"https:\/\/hydraqa.unicity.net\/v5a-test\/items\/337651da22c0ffaf01f33af882636ea6","id":{"unicity":"32142"},"weightEach":{"value":0},"servingsPerContainer":0,"servingSize":0},"quantity":"1","terms":{"priceEach":"714.15","taxEach":{"amount":"17.85"},"discountEach":{"amount":"0"},"pvEach":"502"}}]},"currency":"CHF"},{"lines":{"items":[{"item":{"href":"https:\/\/hydraqa.unicity.net\/v5a-test\/items\/fd906afd8b19d76e7cbef9a8aec7484a","id":{"unicity":"32145"},"weightEach":{"value":0},"servingsPerContainer":0,"servingSize":0},"quantity":"1","terms":{"priceEach":"1381.46","taxEach":{"amount":"34.54"},"discountEach":{"amount":"0"},"pvEach":"1038"}}]},"currency":"CHF"},{"lines":{"items":[{"item":{"href":"https:\/\/hydraqa.unicity.net\/v5a-test\/items\/feb92dd34cb5c38490043c2c9808e546","id":{"unicity":"32147"},"weightEach":{"value":0},"servingsPerContainer":0,"servingSize":0},"quantity":"1","terms":{"priceEach":"1420.49","taxEach":{"amount":"35.51"},"discountEach":{"amount":"0"},"pvEach":"1016"}}]},"currency":"CHF"},{"lines":{"items":[{"item":{"href":"https:\/\/hydraqa.unicity.net\/v5a-test\/items\/03a49a6a2def2af96f0da8ba279b0f4f","id":{"unicity":"32143"},"weightEach":{"value":0},"servingsPerContainer":0,"servingSize":0},"quantity":"1","terms":{"priceEach":"1428.29","taxEach":{"amount":"35.71"},"discountEach":{"amount":"0"},"pvEach":"1004"}}]},"currency":"CHF"},{"lines":{"items":[{"item":{"href":"https:\/\/hydraqa.unicity.net\/v5a-test\/items\/332daeac6796ed016ea8b7d0bc42c2d4","id":{"unicity":"24274"},"weightEach":{"value":0},"servingsPerContainer":0,"servingSize":0},"quantity":"1","terms":{"priceEach":"9.29","taxEach":{"amount":"0.72"},"discountEach":{"amount":"0"},"pvEach":"0"}}]},"currency":"CHF"},{"lines":{"items":[{"item":{"href":"https:\/\/hydraqa.unicity.net\/v5a-test\/items\/1945faa1776541d53120ecfe3c1d8a2b","id":{"unicity":"24418"},"weightEach":{"value":0},"servingsPerContainer":0,"servingSize":0},"quantity":"1","terms":{"priceEach":"5.57","taxEach":{"amount":"0.43"},"discountEach":{"amount":"0"},"pvEach":"0"}}]},"currency":"CHF"},{"lines":{"items":[{"item":{"href":"https:\/\/hydraqa.unicity.net\/v5a-test\/items\/10da226fab00279b4f89df10af2a10b7","id":{"unicity":"26442"},"weightEach":{"value":0},"servingsPerContainer":0,"servingSize":0},"quantity":"1","terms":{"priceEach":"7.43","taxEach":{"amount":"0.57"},"discountEach":{"amount":"0"},"pvEach":"0"}}]},"currency":"CHF"},{"lines":{"items":[{"item":{"href":"https:\/\/hydraqa.unicity.net\/v5a-test\/items\/5147f8cfe32548e02fc158d4da9c4d6f","id":{"unicity":"27150"},"weightEach":{"value":0},"servingsPerContainer":0,"servingSize":0},"quantity":"1","terms":{"priceEach":"111.22","taxEach":{"amount":"2.78"},"discountEach":{"amount":"0"},"pvEach":"80"}}]},"currency":"CHF"},{"lines":{"items":[{"item":{"href":"https:\/\/hydraqa.unicity.net\/v5a-test\/items\/03eba2365025ccd85818846a83a16f47","id":{"unicity":"27163"},"weightEach":{"value":0},"servingsPerContainer":0,"servingSize":0},"quantity":"1","terms":{"priceEach":"96.59","taxEach":{"amount":"2.41"},"discountEach":{"amount":"0"},"pvEach":"75"}}]},"currency":"CHF"},{"lines":{"items":[{"item":{"href":"https:\/\/hydraqa.unicity.net\/v5a-test\/items\/112b8c39286598b3730f630f371a45f4","id":{"unicity":"27587"},"weightEach":{"value":0},"servingsPerContainer":0,"servingSize":0},"quantity":"1","terms":{"priceEach":"74.15","taxEach":{"amount":"1.85"},"discountEach":{"amount":"0"},"pvEach":"45"}}]},"currency":"CHF"},{"lines":{"items":[{"item":{"href":"https:\/\/hydraqa.unicity.net\/v5a-test\/items\/0eebdede5bdb8bf4d71e800b6f3cead1","id":{"unicity":"30825"},"weightEach":{"value":0},"servingsPerContainer":0,"servingSize":0},"quantity":"1","terms":{"priceEach":"47.8","taxEach":{"amount":"1.2"},"discountEach":{"amount":"0"},"pvEach":"30"}}]},"currency":"CHF"},{"lines":{"items":[{"item":{"href":"https:\/\/hydraqa.unicity.net\/v5a-test\/items\/024e696f8b44a1d315006e676604cd31","id":{"unicity":"27395"},"weightEach":{"value":0},"servingsPerContainer":0,"servingSize":0},"quantity":"1","terms":{"priceEach":"37.07","taxEach":{"amount":"0.93"},"discountEach":{"amount":"0"},"pvEach":"23"}}]},"currency":"CHF"},{"lines":{"items":[{"item":{"href":"https:\/\/hydraqa.unicity.net\/v5a-test\/items\/4b2034f47fce90b87bba28c5c2d7c25d","id":{"unicity":"15880"},"weightEach":{"value":0},"servingsPerContainer":0,"servingSize":0},"quantity":"1","terms":{"priceEach":"62.44","taxEach":{"amount":"1.56"},"discountEach":{"amount":"0"},"pvEach":"40"}}]},"currency":"CHF"},{"lines":{"items":[{"item":{"href":"https:\/\/hydraqa.unicity.net\/v5a-test\/items\/398d06b858b960f6f38086d40608aef2","id":{"unicity":"26560"},"weightEach":{"value":0},"servingsPerContainer":0,"servingSize":0},"quantity":"1","terms":{"priceEach":"24.39","taxEach":{"amount":"0.61"},"discountEach":{"amount":"0"},"pvEach":"15"}}]},"currency":"CHF"},{"lines":{"items":[{"item":{"href":"https:\/\/hydraqa.unicity.net\/v5a-test\/items\/e218d1cac5f31e7ae4f5876c29c57377","id":{"unicity":"29017"},"weightEach":{"value":0},"servingsPerContainer":0,"servingSize":0},"quantity":"1","terms":{"priceEach":"34.15","taxEach":{"amount":"0.85"},"discountEach":{"amount":"0"},"pvEach":"21"}}]},"currency":"CHF"},{"lines":{"items":[{"item":{"href":"https:\/\/hydraqa.unicity.net\/v5a-test\/items\/3f2d12d7a0e8551fc99fad3bbe1ba633","id":{"unicity":"26567"},"weightEach":{"value":0},"servingsPerContainer":0,"servingSize":0},"quantity":"1","terms":{"priceEach":"73.17","taxEach":{"amount":"1.83"},"discountEach":{"amount":"0"},"pvEach":"38"}}]},"currency":"CHF"},{"lines":{"items":[{"item":{"href":"https:\/\/hydraqa.unicity.net\/v5a-test\/items\/191637167cb3144bd2e8c4615e9ab67e","id":{"unicity":"26568"},"weightEach":{"value":0},"servingsPerContainer":0,"servingSize":0},"quantity":"1","terms":{"priceEach":"73.17","taxEach":{"amount":"1.83"},"discountEach":{"amount":"0"},"pvEach":"38"}}]},"currency":"CHF"},{"lines":{"items":[{"item":{"href":"https:\/\/hydraqa.unicity.net\/v5a-test\/items\/2262fdd5af916c31df08089c191735c1","id":{"unicity":"29317"},"weightEach":{"value":0},"servingsPerContainer":0,"servingSize":0},"quantity":"1","terms":{"priceEach":"26.93","taxEach":{"amount":"2.07"},"discountEach":{"amount":"0"},"pvEach":"0"}}]},"currency":"CHF"},{"lines":{"items":[{"item":{"href":"https:\/\/hydraqa.unicity.net\/v5a-test\/items\/606f7be753c74dfbfe4b107276775140","id":{"unicity":"29821"},"weightEach":{"value":0},"servingsPerContainer":0,"servingSize":0},"quantity":"1","terms":{"priceEach":"103.41","taxEach":{"amount":"2.59"},"discountEach":{"amount":"0"},"pvEach":"78"}}]},"currency":"CHF"},{"lines":{"items":[{"item":{"href":"https:\/\/hydraqa.unicity.net\/v5a-test\/items\/94939f9be900906d2b47260ccba22a7b","id":{"unicity":"32012"},"weightEach":{"value":0},"servingsPerContainer":0,"servingSize":0},"quantity":"1","terms":{"priceEach":"18.54","taxEach":{"amount":"0.46"},"discountEach":{"amount":"0"},"pvEach":"8"}}]},"currency":"CHF"},{"lines":{"items":[{"item":{"href":"https:\/\/hydraqa.unicity.net\/v5a-test\/items\/2c4c1abe00983e85aaa918d2ce341491","id":{"unicity":"17174"},"weightEach":{"value":0},"servingsPerContainer":0,"servingSize":0},"quantity":"1","terms":{"priceEach":"47.8","taxEach":{"amount":"1.2"},"discountEach":{"amount":"0"},"pvEach":"30"}}]},"currency":"CHF"},{"lines":{"items":[{"item":{"href":"https:\/\/hydraqa.unicity.net\/v5a-test\/items\/ec4c2e40db621ea329b86538cc59281f","id":{"unicity":"30139"},"weightEach":{"value":0},"servingsPerContainer":0,"servingSize":0},"quantity":"1","terms":{"priceEach":"176.42","taxEach":{"amount":"13.58"},"discountEach":{"amount":"0"},"pvEach":"100"}}]},"currency":"CHF"},{"lines":{"items":[{"item":{"href":"https:\/\/hydraqa.unicity.net\/v5a-test\/items\/991cdbb84a495779eb209fb3956a77e4","id":{"unicity":"29183"},"weightEach":{"value":0},"servingsPerContainer":0,"servingSize":0},"quantity":"1","terms":{"priceEach":"39","taxEach":{"amount":"3"},"discountEach":{"amount":"0"},"pvEach":"22"}}]},"currency":"CHF"},{"lines":{"items":[{"item":{"href":"https:\/\/hydraqa.unicity.net\/v5a-test\/items\/0e78fbdfebef11cd62f8d2120064ee58","id":{"unicity":"30280"},"weightEach":{"value":0},"servingsPerContainer":0,"servingSize":0},"quantity":"1","terms":{"priceEach":"45.5","taxEach":{"amount":"3.5"},"discountEach":{"amount":"0"},"pvEach":"25"}}]},"currency":"CHF"},{"lines":{"items":[{"item":{"href":"https:\/\/hydraqa.unicity.net\/v5a-test\/items\/beb900429fbb160dbfc3001c14d96df4","id":{"unicity":"29187"},"weightEach":{"value":0},"servingsPerContainer":0,"servingSize":0},"quantity":"1","terms":{"priceEach":"52","taxEach":{"amount":"4"},"discountEach":{"amount":"0"},"pvEach":"30"}}]},"currency":"CHF"},{"lines":{"items":[{"item":{"href":"https:\/\/hydraqa.unicity.net\/v5a-test\/items\/1b0412bea8c0b841c66f65a36aa14108","id":{"unicity":"29191"},"weightEach":{"value":0},"servingsPerContainer":0,"servingSize":0},"quantity":"1","terms":{"priceEach":"52","taxEach":{"amount":"4"},"discountEach":{"amount":"0"},"pvEach":"30"}}]},"currency":"CHF"},{"lines":{"items":[{"item":{"href":"https:\/\/hydraqa.unicity.net\/v5a-test\/items\/52c87f74d3b41ed49b0f897b66c2a99b","id":{"unicity":"30684"},"weightEach":{"value":0},"servingsPerContainer":0,"servingSize":0},"quantity":"1","terms":{"priceEach":"47.8","taxEach":{"amount":"1.2"},"discountEach":{"amount":"0"},"pvEach":"30"}}]},"currency":"CHF"},{"lines":{"items":[{"item":{"href":"https:\/\/hydraqa.unicity.net\/v5a-test\/items\/ab2a2b07b17718843a66bee04ff40624","id":{"unicity":"31402"},"weightEach":{"value":0},"servingsPerContainer":0,"servingSize":0},"quantity":"1","terms":{"priceEach":"117.07","taxEach":{"amount":"2.93"},"discountEach":{"amount":"0"},"pvEach":"85"}}]},"currency":"CHF"},{"lines":{"items":[{"item":{"href":"https:\/\/hydraqa.unicity.net\/v5a-test\/items\/7e5e7df32701fd44947c8146f2129f7a","id":{"unicity":"31672"},"weightEach":{"value":0},"servingsPerContainer":0,"servingSize":0},"quantity":"1","terms":{"priceEach":"96.59","taxEach":{"amount":"2.41"},"discountEach":{"amount":"0"},"pvEach":"75"}}]},"currency":"CHF"},{"lines":{"items":[{"item":{"href":"https:\/\/hydraqa.unicity.net\/v5a-test\/items\/493c2ba720f847422eccc5da35024f33","id":{"unicity":"31534"},"weightEach":{"value":0},"servingsPerContainer":0,"servingSize":0},"quantity":"1","terms":{"priceEach":"29.27","taxEach":{"amount":"0.73"},"discountEach":{"amount":"0"},"pvEach":"18"}}]},"currency":"CHF"},{"lines":{"items":[{"item":{"href":"https:\/\/hydraqa.unicity.net\/v5a-test\/items\/bfddb53fe0d5ed5432c531dc9850cbe4","id":{"unicity":"29449"},"weightEach":{"value":0},"servingsPerContainer":0,"servingSize":0},"quantity":"1","terms":{"priceEach":"29.27","taxEach":{"amount":"0.73"},"discountEach":{"amount":"0"},"pvEach":"18"}}]},"currency":"CHF"},{"lines":{"items":[{"item":{"href":"https:\/\/hydraqa.unicity.net\/v5a-test\/items\/75b870fdff12be635674216fe88d3204","id":{"unicity":"29984"},"weightEach":{"value":0},"servingsPerContainer":0,"servingSize":0},"quantity":"1","terms":{"priceEach":"52","taxEach":{"amount":"4"},"discountEach":{"amount":"0"},"pvEach":"30"}}]},"currency":"CHF"},{"lines":{"items":[{"item":{"href":"https:\/\/hydraqa.unicity.net\/v5a-test\/items\/e9fe58342fff74ec4f4430f7c622816e","id":{"unicity":"31870"},"weightEach":{"value":0},"servingsPerContainer":0,"servingSize":0},"quantity":"1","terms":{"priceEach":"25.37","taxEach":{"amount":"0.63"},"discountEach":{"amount":"0"},"pvEach":"11"}}]},"currency":"CHF"},{"lines":{"items":[{"item":{"href":"https:\/\/hydraqa.unicity.net\/v5a-test\/items\/fbb6dbd577adb73abaec364076fb288f","id":{"unicity":"32087"},"weightEach":{"value":0},"servingsPerContainer":0,"servingSize":0},"quantity":"1","terms":{"priceEach":"25.37","taxEach":{"amount":"0.63"},"discountEach":{"amount":"0"},"pvEach":"11"}}]},"currency":"CHF"},{"lines":{"items":[{"item":{"href":"https:\/\/hydraqa.unicity.net\/v5a-test\/items\/35dcc0035e442bbe6482f178ec38522c","id":{"unicity":"31868"},"weightEach":{"value":0},"servingsPerContainer":0,"servingSize":0},"quantity":"1","terms":{"priceEach":"25.37","taxEach":{"amount":"0.63"},"discountEach":{"amount":"0"},"pvEach":"11"}}]},"currency":"CHF"},{"lines":{"items":[{"item":{"href":"https:\/\/hydraqa.unicity.net\/v5a-test\/items\/baa263a2750aa330fbd9e5b96fdb2b55","id":{"unicity":"32609"},"weightEach":{"value":0},"servingsPerContainer":0,"servingSize":0},"quantity":"1","terms":{"priceEach":"74.15","taxEach":{"amount":"1.85"},"discountEach":{"amount":"0"},"pvEach":"45"}}]},"currency":"CHF"}]}
Entry request : {"order":{"customer":{"href":"https://hydraqa.unicity.net/v5a-test/customers?type=Associate"},"shipToAddress":{"country":"CH"}},"vary":{"lines":{"items":[{"item":{"href":"https://hydraqa.unicity.net/v5a-test/items?id.unicity=26306|27617|31336|31763|31400|31951|31952|32128|32129|32130|32132|32133|32134|32135|32136|32137|32138|32125|18511|22178|26422|27156|27158|27166|27660|27436|28601|28604|24758|31772|32191|32192|22605|30103|32126|32127|29832|29833|30286|31740|32140|32141|32148|32149|32144|32146|32142|32145|32147|32143|23989|24274|24418|26442|27150|27163|27587|30825|27395|15880|26560|29017|26567|26568|29317|29821|32012|17174|30139|29181|29183|30280|29187|29191|30684|31402|31672|31534|29449|29984|31870|32087|31868|32609"}}]}}}
Request URL: https://hydraqa.unicity.net/v5a-test/customers.js?callback=angular.callbacks._1&expand=customer,profilePicture&id.unicity=36554001
Request URL: https://hydraqa.unicity.net/v5a-test/customers.js?_httpMethod=HEAD&callback=angular.callbacks._7&email=VRAAFU@gmail.com
Request URL: https://hydraqa.unicity.net/v5a-test/shippingmethods.js?callback=angular.callbacks._a&destination=CH&market=CH
]]></system-out>
    <system-err><![CDATA[Starting ChromeDriver 2.36.540470 (e522d04694c7ebea4ba8821272dbef4f9b818c91) on port 19155
Only local connections are allowed.
Jan 07, 2020 4:39:55 PM org.openqa.selenium.remote.ProtocolHandshake createSession
INFO: Detected dialect: OSS
]]></system-err>
  </testcase>
  <testcase name="Enroll" classname="Tests.FranchisePartner" time="230.762">
    <failure message="Expected condition failed: waiting for element to no longer be visible: By.xpath: (//img[@src=&apos;assets/img/ajax-loader.gif&apos;])[1] (tried for 200 second(s) with 500 MILLISECONDS interval)&#10;Build info: version: &apos;3.8.1&apos;, revision: &apos;6e95a6684b&apos;, time: &apos;2017-12-01T18:33:54.468Z&apos;&#10;System info: host: &apos;QASERVER01&apos;, ip: &apos;10.2.0.23&apos;, os.name: &apos;Windows Server 2012 R2&apos;, os.arch: &apos;amd64&apos;, os.version: &apos;6.3&apos;, java.version: &apos;1.8.0_111&apos;&#10;Driver info: org.openqa.selenium.chrome.ChromeDriver&#10;Capabilities {acceptInsecureCerts: false, acceptSslCerts: false, applicationCacheEnabled: false, browserConnectionEnabled: false, browserName: chrome, chrome: {chromedriverVersion: 2.36.540470 (e522d04694c7eb..., userDataDir: C:\Users\sumancb\AppData\Lo...}, cssSelectorsEnabled: true, databaseEnabled: false, handlesAlerts: true, hasTouchScreen: false, javascriptEnabled: true, locationContextEnabled: true, mobileEmulationEnabled: false, nativeEvents: true, networkConnectionEnabled: false, pageLoadStrategy: normal, platform: XP, platformName: XP, rotatable: false, setWindowRect: true, takesHeapSnapshot: true, takesScreenshot: true, unexpectedAlertBehaviour: , unhandledPromptBehavior: , version: 79.0.3945.88, webStorageEnabled: true}&#10;Session ID: 19ce5660132ed459a8b09d756a3c593f" type="org.openqa.selenium.TimeoutException">org.openqa.selenium.TimeoutException: 
Expected condition failed: waiting for element to no longer be visible: By.xpath: (//img[@src='assets/img/ajax-loader.gif'])[1] (tried for 200 second(s) with 500 MILLISECONDS interval)
Build info: version: '3.8.1', revision: '6e95a6684b', time: '2017-12-01T18:33:54.468Z'
System info: host: 'QASERVER01', ip: '10.2.0.23', os.name: 'Windows Server 2012 R2', os.arch: 'amd64', os.version: '6.3', java.version: '1.8.0_111'
Driver info: org.openqa.selenium.chrome.ChromeDriver
Capabilities {acceptInsecureCerts: false, acceptSslCerts: false, applicationCacheEnabled: false, browserConnectionEnabled: false, browserName: chrome, chrome: {chromedriverVersion: 2.36.540470 (e522d04694c7eb..., userDataDir: C:\Users\sumancb\AppData\Lo...}, cssSelectorsEnabled: true, databaseEnabled: false, handlesAlerts: true, hasTouchScreen: false, javascriptEnabled: true, locationContextEnabled: true, mobileEmulationEnabled: false, nativeEvents: true, networkConnectionEnabled: false, pageLoadStrategy: normal, platform: XP, platformName: XP, rotatable: false, setWindowRect: true, takesHeapSnapshot: true, takesScreenshot: true, unexpectedAlertBehaviour: , unhandledPromptBehavior: , version: 79.0.3945.88, webStorageEnabled: true}
Session ID: 19ce5660132ed459a8b09d756a3c593f
	at Tests.FranchisePartner.Enroll(FranchisePartner.java:261)
</failure>
    <system-err><![CDATA[Starting ChromeDriver 2.36.540470 (e522d04694c7ebea4ba8821272dbef4f9b818c91) on port 10452
Only local connections are allowed.
Jan 07, 2020 4:44:03 PM org.openqa.selenium.remote.ProtocolHandshake createSession
INFO: Detected dialect: OSS
]]></system-err>
  </testcase>
  <testcase name="Enroll" classname="Tests.FranchisePartner" time="230.443">
    <failure message="Expected condition failed: waiting for element to no longer be visible: By.xpath: (//img[@src=&apos;assets/img/ajax-loader.gif&apos;])[1] (tried for 200 second(s) with 500 MILLISECONDS interval)&#10;Build info: version: &apos;3.8.1&apos;, revision: &apos;6e95a6684b&apos;, time: &apos;2017-12-01T18:33:54.468Z&apos;&#10;System info: host: &apos;QASERVER01&apos;, ip: &apos;10.2.0.23&apos;, os.name: &apos;Windows Server 2012 R2&apos;, os.arch: &apos;amd64&apos;, os.version: &apos;6.3&apos;, java.version: &apos;1.8.0_111&apos;&#10;Driver info: org.openqa.selenium.chrome.ChromeDriver&#10;Capabilities {acceptInsecureCerts: false, acceptSslCerts: false, applicationCacheEnabled: false, browserConnectionEnabled: false, browserName: chrome, chrome: {chromedriverVersion: 2.36.540470 (e522d04694c7eb..., userDataDir: C:\Users\sumancb\AppData\Lo...}, cssSelectorsEnabled: true, databaseEnabled: false, handlesAlerts: true, hasTouchScreen: false, javascriptEnabled: true, locationContextEnabled: true, mobileEmulationEnabled: false, nativeEvents: true, networkConnectionEnabled: false, pageLoadStrategy: normal, platform: XP, platformName: XP, rotatable: false, setWindowRect: true, takesHeapSnapshot: true, takesScreenshot: true, unexpectedAlertBehaviour: , unhandledPromptBehavior: , version: 79.0.3945.88, webStorageEnabled: true}&#10;Session ID: eb0127390e3f3ba3e225fbe8c4fc7a46" type="org.openqa.selenium.TimeoutException">org.openqa.selenium.TimeoutException: 
Expected condition failed: waiting for element to no longer be visible: By.xpath: (//img[@src='assets/img/ajax-loader.gif'])[1] (tried for 200 second(s) with 500 MILLISECONDS interval)
Build info: version: '3.8.1', revision: '6e95a6684b', time: '2017-12-01T18:33:54.468Z'
System info: host: 'QASERVER01', ip: '10.2.0.23', os.name: 'Windows Server 2012 R2', os.arch: 'amd64', os.version: '6.3', java.version: '1.8.0_111'
Driver info: org.openqa.selenium.chrome.ChromeDriver
Capabilities {acceptInsecureCerts: false, acceptSslCerts: false, applicationCacheEnabled: false, browserConnectionEnabled: false, browserName: chrome, chrome: {chromedriverVersion: 2.36.540470 (e522d04694c7eb..., userDataDir: C:\Users\sumancb\AppData\Lo...}, cssSelectorsEnabled: true, databaseEnabled: false, handlesAlerts: true, hasTouchScreen: false, javascriptEnabled: true, locationContextEnabled: true, mobileEmulationEnabled: false, nativeEvents: true, networkConnectionEnabled: false, pageLoadStrategy: normal, platform: XP, platformName: XP, rotatable: false, setWindowRect: true, takesHeapSnapshot: true, takesScreenshot: true, unexpectedAlertBehaviour: , unhandledPromptBehavior: , version: 79.0.3945.88, webStorageEnabled: true}
Session ID: eb0127390e3f3ba3e225fbe8c4fc7a46
	at Tests.FranchisePartner.Enroll(FranchisePartner.java:261)
</failure>
    <system-err><![CDATA[Starting ChromeDriver 2.36.540470 (e522d04694c7ebea4ba8821272dbef4f9b818c91) on port 13429
Only local connections are allowed.
Jan 07, 2020 4:48:01 PM org.openqa.selenium.remote.ProtocolHandshake createSession
INFO: Detected dialect: OSS
]]></system-err>
  </testcase>
  <testcase name="Enroll" classname="Tests.FranchisePartner" time="322.295"/>
  <testcase name="Enroll" classname="Tests.FranchisePartner" time="310.975">
    <failure message="Major AR Pack href expected [https://hydraqa.unicity.net/v5a-test/items?id.unicity=26580] but found []" type="java.lang.AssertionError">java.lang.AssertionError: Major AR Pack href expected [https://hydraqa.unicity.net/v5a-test/items?id.unicity=26580] but found []
	at Tests.FranchisePartner.Enroll(FranchisePartner.java:265)
</failure>
    <system-out><![CDATA[Request URL: https://hydraqa.unicity.net/v5a-test/quotes?&expand=item
Entry Quotes response : {"items":[{"currency":"USD","lines":{"items":[{"item":{"href":"https:\/\/hydraqa.unicity.net\/v5a-test\/items\/50747027a065cb8361c1f0d6eb880466","id":{"unicity":"32030"}},"terms":{"priceEach":"143.0000","pvEach":"102.0000"},"quantity":1}]}},{"currency":"USD","lines":{"items":[{"item":{"href":"https:\/\/hydraqa.unicity.net\/v5a-test\/items\/d306a0b65f27f19b4968e5c05906a9f4","id":{"unicity":"31314"}},"terms":{"priceEach":"384.0000","pvEach":"266.0000"},"quantity":1}]}},{"currency":"USD","lines":{"items":[{"item":{"href":"https:\/\/hydraqa.unicity.net\/v5a-test\/items\/716b7a0bca7fa73e42e000d668e7ee65","id":{"unicity":"15129"}},"terms":{"priceEach":"21.0000","pvEach":"10.0000"},"quantity":1}]}},{"currency":"USD","lines":{"items":[{"item":{"href":"https:\/\/hydraqa.unicity.net\/v5a-test\/items\/9a7715e888c94989d898fe4653645721","id":{"unicity":"26550"}},"terms":{"priceEach":"80.0000","pvEach":"52.0000"},"quantity":1}]}},{"currency":"USD","lines":{"items":[{"item":{"href":"https:\/\/hydraqa.unicity.net\/v5a-test\/items\/80a898d805f759925797847a176bf62f","id":{"unicity":"26551"}},"terms":{"priceEach":"80.0000","pvEach":"52.0000"},"quantity":1}]}},{"currency":"USD","lines":{"items":[{"item":{"href":"https:\/\/hydraqa.unicity.net\/v5a-test\/items\/292b6aee9c1193e9488e9ae6e3a845e4","id":{"unicity":"29684"}},"terms":{"priceEach":"242.0000","pvEach":"144.0000"},"quantity":1}]}},{"currency":"USD","lines":{"items":[{"item":{"href":"https:\/\/hydraqa.unicity.net\/v5a-test\/items\/fbb319232b7eed110794d46a68302acb","id":{"unicity":"31847"}},"terms":{"priceEach":"120.0000","pvEach":"80.0000"},"quantity":1}]}},{"currency":"USD","lines":{"items":[{"item":{"href":"https:\/\/hydraqa.unicity.net\/v5a-test\/items\/077823d29445b9020de9931f10c63efd","id":{"unicity":"31958"}},"terms":{"priceEach":"129.0000","pvEach":"85.0000"},"quantity":1}]}},{"currency":"USD","lines":{"items":[{"item":{"href":"https:\/\/hydraqa.unicity.net\/v5a-test\/items\/00c2eb70c985722ce208490aece00945","id":{"unicity":"31729"}},"terms":{"priceEach":"143.0000","pvEach":"100.0000"},"quantity":1}]}},{"currency":"USD","lines":{"items":[{"item":{"href":"https:\/\/hydraqa.unicity.net\/v5a-test\/items\/89b6d29a85a88d44d65bc8cca3fefc65","id":{"unicity":"31845"}},"terms":{"priceEach":"143.0000","pvEach":"100.0000"},"quantity":1}]}},{"currency":"USD","lines":{"items":[{"item":{"href":"https:\/\/hydraqa.unicity.net\/v5a-test\/items\/3875e24e6b6ebdf36c79d205614ed51e","id":{"unicity":"31846"}},"terms":{"priceEach":"126.0000","pvEach":"94.0000"},"quantity":1}]}},{"currency":"USD","lines":{"items":[{"item":{"href":"https:\/\/hydraqa.unicity.net\/v5a-test\/items\/b770fd1942955660a50e8fd83337641d","id":{"unicity":"31842"}},"terms":{"priceEach":"129.0000","pvEach":"85.0000"},"quantity":1}]}},{"currency":"USD","lines":{"items":[{"item":{"href":"https:\/\/hydraqa.unicity.net\/v5a-test\/items\/5bda067b70c43971650a6ef983f612e4","id":{"unicity":"31728"}},"terms":{"priceEach":"126.0000","pvEach":"94.0000"},"quantity":1}]}},{"currency":"USD","lines":{"items":[{"item":{"href":"https:\/\/hydraqa.unicity.net\/v5a-test\/items\/693a7c4a70b06a00471afe8d6cae5023","id":{"unicity":"31730"}},"terms":{"priceEach":"120.0000","pvEach":"80.0000"},"quantity":1}]}},{"currency":"USD","lines":{"items":[{"item":{"href":"https:\/\/hydraqa.unicity.net\/v5a-test\/items\/ccb242d74dcb1fe621cc7bfe1b1de315","id":{"unicity":"31731"}},"terms":{"priceEach":"89.0000","pvEach":"61.0000"},"quantity":1}]}},{"currency":"USD","lines":{"items":[{"item":{"href":"https:\/\/hydraqa.unicity.net\/v5a-test\/items\/6767ae650e0af3c34b3d4d60b5b79e99","id":{"unicity":"31727"}},"terms":{"priceEach":"129.0000","pvEach":"85.0000"},"quantity":1}]}},{"currency":"USD","lines":{"items":[{"item":{"href":"https:\/\/hydraqa.unicity.net\/v5a-test\/items\/764e2db430d361da99e8f6b70c4d0244","id":{"unicity":"29830"}},"terms":{"priceEach":"16.0000","pvEach":"7.0000"},"quantity":1}]}},{"currency":"USD","lines":{"items":[{"item":{"href":"https:\/\/hydraqa.unicity.net\/v5a-test\/items\/8b5ed9aa6c6132e1be5e446f69a3465e","id":{"unicity":"0954"}},"terms":{"priceEach":"20.0000","pvEach":"15.0000"},"quantity":1}]}},{"currency":"USD","lines":{"items":[{"item":{"href":"https:\/\/hydraqa.unicity.net\/v5a-test\/items\/b91affa753dd5ee8a9acef4fa7e2c9a7","id":{"unicity":"30414"}},"terms":{"priceEach":"94.0000","pvEach":"65.0000"},"quantity":1}]}},{"currency":"USD","lines":{"items":[{"item":{"href":"https:\/\/hydraqa.unicity.net\/v5a-test\/items\/9d9d002b0e21b9bd58ad0154a4f781c5","id":{"unicity":"28836"}},"terms":{"priceEach":"56.0000","pvEach":"36.0000"},"quantity":1}]}},{"currency":"USD","lines":{"items":[{"item":{"href":"https:\/\/hydraqa.unicity.net\/v5a-test\/items\/0d38f7ee31f3710be877245655d18e8c","id":{"unicity":"22888"}},"terms":{"priceEach":"74.0000","pvEach":"50.0000"},"quantity":1}]}},{"currency":"USD","lines":{"items":[{"item":{"href":"https:\/\/hydraqa.unicity.net\/v5a-test\/items\/399be8efa903b362515c48315ab2afb9","id":{"unicity":"15712"}},"terms":{"priceEach":"14.0000","pvEach":"5.0000"},"quantity":1}]}},{"currency":"USD","lines":{"items":[{"item":{"href":"https:\/\/hydraqa.unicity.net\/v5a-test\/items\/390a7ae70d5669561ecdf7d5cff2671b","id":{"unicity":"15271"}},"terms":{"priceEach":"69.0000","pvEach":"27.0000"},"quantity":1}]}},{"currency":"USD","lines":{"items":[{"item":{"href":"https:\/\/hydraqa.unicity.net\/v5a-test\/items\/933f0856fd8ec1df83c5283dabf4ec3c","id":{"unicity":"6200"}},"terms":{"priceEach":"66.0000","pvEach":"47.0000"},"quantity":1}]}},{"currency":"USD","lines":{"items":[{"item":{"href":"https:\/\/hydraqa.unicity.net\/v5a-test\/items\/75faf5436630ed02a683726aa0e9056f","id":{"unicity":"22165"}},"terms":{"priceEach":"86.0000","pvEach":"65.0000"},"quantity":1}]}},{"currency":"USD","lines":{"items":[{"item":{"href":"https:\/\/hydraqa.unicity.net\/v5a-test\/items\/0cf62d38e91953b43dcfe88b06f813cb","id":{"unicity":"26557"}},"terms":{"priceEach":"77.0000","pvEach":"61.0000"},"quantity":1}]}},{"currency":"USD","lines":{"items":[{"item":{"href":"https:\/\/hydraqa.unicity.net\/v5a-test\/items\/3af97c67f653253825a9189a27da57d6","id":{"unicity":"26556"}},"terms":{"priceEach":"77.0000","pvEach":"61.0000"},"quantity":1}]}},{"currency":"USD","lines":{"items":[{"item":{"href":"https:\/\/hydraqa.unicity.net\/v5a-test\/items\/d489ec0d50f6e28d5743afc65439631b","id":{"unicity":"0960"}},"terms":{"priceEach":"35.0000","pvEach":"23.0000"},"quantity":1}]}},{"currency":"USD","lines":{"items":[{"item":{"href":"https:\/\/hydraqa.unicity.net\/v5a-test\/items\/66839181d7531692a8d886a9da6fb4d6","id":{"unicity":"25369"}},"terms":{"priceEach":"48.0000","pvEach":"31.0000"},"quantity":1}]}},{"currency":"USD","lines":{"items":[{"item":{"href":"https:\/\/hydraqa.unicity.net\/v5a-test\/items\/0eebdede5bdb8bf4d71e800b6f3cead1","id":{"unicity":"30825"}},"terms":{"priceEach":"49.0000","pvEach":"31.0000"},"quantity":1}]}},{"currency":"USD","lines":{"items":[{"item":{"href":"https:\/\/hydraqa.unicity.net\/v5a-test\/items\/ec8c753ce03d3886e9b2e0d06eeb44b8","id":{"unicity":"31106"}},"terms":{"priceEach":"54.0000","pvEach":"21.0000"},"quantity":1}]}},{"currency":"USD","lines":{"items":[{"item":{"href":"https:\/\/hydraqa.unicity.net\/v5a-test\/items\/5c2f1613082782e691d32fe9ce034026","id":{"unicity":"23728"}},"terms":{"priceEach":"25.0000","pvEach":"15.0000"},"quantity":1}]}},{"currency":"USD","lines":{"items":[{"item":{"href":"https:\/\/hydraqa.unicity.net\/v5a-test\/items\/9a6e1d094182389c3da8e0a320ff0e00","id":{"unicity":"27585"}},"terms":{"priceEach":"56.0000","pvEach":"33.0000"},"quantity":1}]}},{"currency":"USD","lines":{"items":[{"item":{"href":"https:\/\/hydraqa.unicity.net\/v5a-test\/items\/25eaf64b36ce31368f17ae789fd9ac5b","id":{"unicity":"29694"}},"terms":{"priceEach":"56.0000","pvEach":"33.0000"},"quantity":1}]}},{"currency":"USD","lines":{"items":[{"item":{"href":"https:\/\/hydraqa.unicity.net\/v5a-test\/items\/112b8c39286598b3730f630f371a45f4","id":{"unicity":"27587"}},"terms":{"priceEach":"56.0000","pvEach":"33.0000"},"quantity":1}]}},{"currency":"USD","lines":{"items":[{"item":{"href":"https:\/\/hydraqa.unicity.net\/v5a-test\/items\/16ca68abaaa92505c257be022a154769","id":{"unicity":"27615"}},"terms":{"priceEach":"28.0000","pvEach":"21.0000"},"quantity":1}]}},{"currency":"USD","lines":{"items":[{"item":{"href":"https:\/\/hydraqa.unicity.net\/v5a-test\/items\/362999101a321b721c87110710ae77b0","id":{"unicity":"29352"}},"terms":{"priceEach":"119.0000","pvEach":"80.0000"},"quantity":1}]}},{"currency":"USD","lines":{"items":[{"item":{"href":"https:\/\/hydraqa.unicity.net\/v5a-test\/items\/5968ff0ba17d7a331fdc757a1623fd45","id":{"unicity":"32365"}},"terms":{"priceEach":"140.0000","pvEach":"97.0000"},"quantity":1}]}},{"currency":"USD","lines":{"items":[{"item":{"href":"https:\/\/hydraqa.unicity.net\/v5a-test\/items\/c92ce2b8ba6bb04bf8b23f0ecaccd709","id":{"unicity":"32364"}},"terms":{"priceEach":"146.0000","pvEach":"99.0000"},"quantity":1}]}},{"currency":"USD","lines":{"items":[{"item":{"href":"https:\/\/hydraqa.unicity.net\/v5a-test\/items\/2f028442193b3166b6c4f9590bd352b4","id":{"unicity":"32366"}},"terms":{"priceEach":"94.0000","pvEach":"68.0000"},"quantity":1}]}},{"currency":"USD","lines":{"items":[{"item":{"href":"https:\/\/hydraqa.unicity.net\/v5a-test\/items\/18f4c25c966306833f623287c875d6ba","id":{"unicity":"32369"}},"terms":{"priceEach":"151.0000","pvEach":"93.0000"},"quantity":1}]}},{"currency":"USD","lines":{"items":[{"item":{"href":"https:\/\/hydraqa.unicity.net\/v5a-test\/items\/972a6b8ac5c8f4014a02ea892a7dec26","id":{"unicity":"32367"}},"terms":{"priceEach":"229.0000","pvEach":"155.0000"},"quantity":1}]}},{"currency":"USD","lines":{"items":[{"item":{"href":"https:\/\/hydraqa.unicity.net\/v5a-test\/items\/8910970a414bb25f1eba52f529bdad79","id":{"unicity":"32368"}},"terms":{"priceEach":"145.0000","pvEach":"91.0000"},"quantity":1}]}},{"currency":"USD","lines":{"items":[{"item":{"href":"https:\/\/hydraqa.unicity.net\/v5a-test\/items\/779b47d856ea7e246c9e5aabc6eca794","id":{"unicity":"32370"}},"terms":{"priceEach":"136.0000","pvEach":"95.0000"},"quantity":1}]}},{"currency":"USD","lines":{"items":[{"item":{"href":"https:\/\/hydraqa.unicity.net\/v5a-test\/items\/cb7cb2fc26fed30b6ac4c1f87531e01c","id":{"unicity":"32372"}},"terms":{"priceEach":"157.0000","pvEach":"107.0000"},"quantity":1}]}},{"currency":"USD","lines":{"items":[{"item":{"href":"https:\/\/hydraqa.unicity.net\/v5a-test\/items\/fbd417602d04328198a0227de3abc533","id":{"unicity":"32371"}},"terms":{"priceEach":"130.0000","pvEach":"93.0000"},"quantity":1}]}},{"currency":"USD","lines":{"items":[{"item":{"href":"https:\/\/hydraqa.unicity.net\/v5a-test\/items\/05ca08f3808f126c0cc42154c50fc75c","id":{"unicity":"29440"}},"terms":{"priceEach":"120.0000","pvEach":"90.0000"},"quantity":1}]}},{"currency":"USD","lines":{"items":[{"item":{"href":"https:\/\/hydraqa.unicity.net\/v5a-test\/items\/cea826eab72d44641c070aab6c97c1ac","id":{"unicity":"22747"}},"terms":{"priceEach":"26.0000","pvEach":"16.0000"},"quantity":1}]}},{"currency":"USD","lines":{"items":[{"item":{"href":"https:\/\/hydraqa.unicity.net\/v5a-test\/items\/d0ef82a85e44437f960fa288e67a8f2b","id":{"unicity":"25535"}},"terms":{"priceEach":"850.0000","pvEach":"250.0000"},"quantity":1}]}},{"currency":"USD","lines":{"items":[{"item":{"href":"https:\/\/hydraqa.unicity.net\/v5a-test\/items\/1945faa1776541d53120ecfe3c1d8a2b","id":{"unicity":"24418"}},"terms":{"priceEach":"5.0000","pvEach":"0.0000"},"quantity":1}]}},{"currency":"USD","lines":{"items":[{"item":{"href":"https:\/\/hydraqa.unicity.net\/v5a-test\/items\/e0a19d3d676bccfdba0ab3d9f2766359","id":{"unicity":"30350"}},"terms":{"priceEach":"49.0000","pvEach":"30.0000"},"quantity":1}]}},{"currency":"USD","lines":{"items":[{"item":{"href":"https:\/\/hydraqa.unicity.net\/v5a-test\/items\/b2fc4b9ba4aa5cae54389161be2f841f","id":{"unicity":"18401"}},"terms":{"priceEach":"30.0000","pvEach":"19.0000"},"quantity":1}]}},{"currency":"USD","lines":{"items":[{"item":{"href":"https:\/\/hydraqa.unicity.net\/v5a-test\/items\/1b0412bea8c0b841c66f65a36aa14108","id":{"unicity":"29191"}},"terms":{"priceEach":"62.0000","pvEach":"36.0000"},"quantity":1}]}},{"currency":"USD","lines":{"items":[{"item":{"href":"https:\/\/hydraqa.unicity.net\/v5a-test\/items\/1bd53de7fe880ba71f46c9976ca2c137","id":{"unicity":"27739"}},"terms":{"priceEach":"33.0000","pvEach":"13.0000"},"quantity":1}]}},{"currency":"USD","lines":{"items":[{"item":{"href":"https:\/\/hydraqa.unicity.net\/v5a-test\/items\/035189015384166df518a68ede0299a9","id":{"unicity":"30408"}},"terms":{"priceEach":"82.0000","pvEach":"50.0000"},"quantity":1}]}},{"currency":"USD","lines":{"items":[{"item":{"href":"https:\/\/hydraqa.unicity.net\/v5a-test\/items\/bed533c634e887357ff031d8e4c776b0","id":{"unicity":"31751"}},"terms":{"priceEach":"99.0000","pvEach":"50.0000"},"quantity":1}]}},{"currency":"USD","lines":{"items":[{"item":{"href":"https:\/\/hydraqa.unicity.net\/v5a-test\/items\/e5029d0db50d6ea324b5e25f54d82636","id":{"unicity":"31651"}},"terms":{"priceEach":"28.0000","pvEach":"14.0000"},"quantity":1}]}},{"currency":"USD","lines":{"items":[{"item":{"href":"https:\/\/hydraqa.unicity.net\/v5a-test\/items\/c201dcd36f4bb7e17e7a8481ef08d6f2","id":{"unicity":"31518"}},"terms":{"priceEach":"28.0000","pvEach":"14.0000"},"quantity":1}]}},{"currency":"USD","lines":{"items":[{"item":{"href":"https:\/\/hydraqa.unicity.net\/v5a-test\/items\/f5a91f19576078a69f82c9f58805f479","id":{"unicity":"31655"}},"terms":{"priceEach":"28.0000","pvEach":"14.0000"},"quantity":1}]}},{"currency":"USD","lines":{"items":[{"item":{"href":"https:\/\/hydraqa.unicity.net\/v5a-test\/items\/0a3ede185ddf034630afd891c5106d33","id":{"unicity":"26562"}},"terms":{"priceEach":"32.0000","pvEach":"25.0000"},"quantity":1}]}},{"currency":"USD","lines":{"items":[{"item":{"href":"https:\/\/hydraqa.unicity.net\/v5a-test\/items\/1d977fb1e1c0aa5d0b71ee2cf01e7b4d","id":{"unicity":"32016"}},"terms":{"priceEach":"206.0000","pvEach":"130.0000"},"quantity":1}]}},{"currency":"USD","lines":{"items":[{"item":{"href":"https:\/\/hydraqa.unicity.net\/v5a-test\/items\/1524974f80be01c93083e794816394ab","id":{"unicity":"32017"}},"terms":{"priceEach":"206.0000","pvEach":"130.0000"},"quantity":1}]}},{"currency":"USD","lines":{"items":[{"item":{"href":"https:\/\/hydraqa.unicity.net\/v5a-test\/items\/4b2034f47fce90b87bba28c5c2d7c25d","id":{"unicity":"15880"}},"terms":{"priceEach":"57.0000","pvEach":"41.0000"},"quantity":1}]}},{"currency":"USD","lines":{"items":[{"item":{"href":"https:\/\/hydraqa.unicity.net\/v5a-test\/items\/3d89c4f7e508dfba4018dc9c732084de","id":{"unicity":"29181"}},"terms":{"priceEach":"23.0000","pvEach":"12.0000"},"quantity":1}]}},{"currency":"USD","lines":{"items":[{"item":{"href":"https:\/\/hydraqa.unicity.net\/v5a-test\/items\/9ce45d695c87f93b29794041362b5192","id":{"unicity":"26945"}},"terms":{"priceEach":"35.0000","pvEach":"0.0000"},"quantity":1}]}},{"currency":"USD","lines":{"items":[{"item":{"href":"https:\/\/hydraqa.unicity.net\/v5a-test\/items\/aa0d72ac13b1ce88cf8c4a52ede75a37","id":{"unicity":"26552"}},"terms":{"priceEach":"70.0000","pvEach":"50.0000"},"quantity":1}]}},{"currency":"USD","lines":{"items":[{"item":{"href":"https:\/\/hydraqa.unicity.net\/v5a-test\/items\/5c6f1a39257b63482d454789e4d2035c","id":{"unicity":"26553"}},"terms":{"priceEach":"80.0000","pvEach":"50.0000"},"quantity":1}]}},{"currency":"USD","lines":{"items":[{"item":{"href":"https:\/\/hydraqa.unicity.net\/v5a-test\/items\/8d994059c399f5551ab112574e4476fc","id":{"unicity":"24785"}},"terms":{"priceEach":"14.0000","pvEach":"9.0000"},"quantity":1}]}},{"currency":"USD","lines":{"items":[{"item":{"href":"https:\/\/hydraqa.unicity.net\/v5a-test\/items\/8ed7a8910d5c5335774fa9cfae0e511d","id":{"unicity":"18386"}},"terms":{"priceEach":"27.0000","pvEach":"21.0000"},"quantity":1}]}},{"currency":"USD","lines":{"items":[{"item":{"href":"https:\/\/hydraqa.unicity.net\/v5a-test\/items\/398d06b858b960f6f38086d40608aef2","id":{"unicity":"26560"}},"terms":{"priceEach":"16.0000","pvEach":"12.0000"},"quantity":1}]}},{"currency":"USD","lines":{"items":[{"item":{"href":"https:\/\/hydraqa.unicity.net\/v5a-test\/items\/55d3b550a17b78175cc5ac565e4266e8","id":{"unicity":"24621"}},"terms":{"priceEach":"19.0000","pvEach":"12.0000"},"quantity":1}]}},{"currency":"USD","lines":{"items":[{"item":{"href":"https:\/\/hydraqa.unicity.net\/v5a-test\/items\/bb5c627f16547cb4f706cef521bca356","id":{"unicity":"29437"}},"terms":{"priceEach":"62.0000","pvEach":"36.0000"},"quantity":1}]}},{"currency":"USD","lines":{"items":[{"item":{"href":"https:\/\/hydraqa.unicity.net\/v5a-test\/items\/0e78fbdfebef11cd62f8d2120064ee58","id":{"unicity":"30280"}},"terms":{"priceEach":"41.0000","pvEach":"24.0000"},"quantity":1}]}},{"currency":"USD","lines":{"items":[{"item":{"href":"https:\/\/hydraqa.unicity.net\/v5a-test\/items\/2835b1a78e379486f0ffbfd5fb9f6b0a","id":{"unicity":"30400"}},"terms":{"priceEach":"38.0000","pvEach":"28.0000"},"quantity":1}]}},{"currency":"USD","lines":{"items":[{"item":{"href":"https:\/\/hydraqa.unicity.net\/v5a-test\/items\/84bf86533ae28dc84370f3699cc13a1d","id":{"unicity":"17744"}},"terms":{"priceEach":"97.0000","pvEach":"62.0000"},"quantity":1}]}},{"currency":"USD","lines":{"items":[{"item":{"href":"https:\/\/hydraqa.unicity.net\/v5a-test\/items\/48433ffc76597c823adc2b8627e033e4","id":{"unicity":"26559"}},"terms":{"priceEach":"29.0000","pvEach":"20.0000"},"quantity":1}]}},{"currency":"USD","lines":{"items":[{"item":{"href":"https:\/\/hydraqa.unicity.net\/v5a-test\/items\/5a38f009bec6c23b1b3a70432f9722e5","id":{"unicity":"19596"}},"terms":{"priceEach":"47.0000","pvEach":"30.0000"},"quantity":1}]}},{"currency":"USD","lines":{"items":[{"item":{"href":"https:\/\/hydraqa.unicity.net\/v5a-test\/items\/38da42f991a40a00153b2e5055b82dbf","id":{"unicity":"27801"}},"terms":{"priceEach":"195.0000","pvEach":"130.0000"},"quantity":1}]}},{"currency":"USD","lines":{"items":[{"item":{"href":"https:\/\/hydraqa.unicity.net\/v5a-test\/items\/051e765a5a71835a859c2757edd359f0","id":{"unicity":"26580"}},"terms":{"priceEach":"195.0000","pvEach":"130.0000"},"quantity":1}]}},{"currency":"USD","lines":{"items":[{"item":{"href":"https:\/\/hydraqa.unicity.net\/v5a-test\/items\/8c21f026bb6a32624e0c80475bf8efb0","id":{"unicity":"25880"}},"terms":{"priceEach":"33.0000","pvEach":"23.0000"},"quantity":1}]}},{"currency":"USD","lines":{"items":[{"item":{"href":"https:\/\/hydraqa.unicity.net\/v5a-test\/items\/e218d1cac5f31e7ae4f5876c29c57377","id":{"unicity":"29017"}},"terms":{"priceEach":"37.0000","pvEach":"26.0000"},"quantity":1}]}},{"currency":"USD","lines":{"items":[{"item":{"href":"https:\/\/hydraqa.unicity.net\/v5a-test\/items\/24ff5bda40c0d0e7eaa511866d052915","id":{"unicity":"29612"}},"terms":{"priceEach":"48.0000","pvEach":"30.0000"},"quantity":1}]}},{"currency":"USD","lines":{"items":[{"item":{"href":"https:\/\/hydraqa.unicity.net\/v5a-test\/items\/2c4c1abe00983e85aaa918d2ce341491","id":{"unicity":"17174"}},"terms":{"priceEach":"16.0000","pvEach":"10.0000"},"quantity":1}]}},{"currency":"USD","lines":{"items":[{"item":{"href":"https:\/\/hydraqa.unicity.net\/v5a-test\/items\/3f2d12d7a0e8551fc99fad3bbe1ba633","id":{"unicity":"26567"}},"terms":{"priceEach":"53.0000","pvEach":"35.0000"},"quantity":1}]}},{"currency":"USD","lines":{"items":[{"item":{"href":"https:\/\/hydraqa.unicity.net\/v5a-test\/items\/191637167cb3144bd2e8c4615e9ab67e","id":{"unicity":"26568"}},"terms":{"priceEach":"53.0000","pvEach":"35.0000"},"quantity":1}]}},{"currency":"USD","lines":{"items":[{"item":{"href":"https:\/\/hydraqa.unicity.net\/v5a-test\/items\/2cefc6a61faaae3455a5adcb0d8fc74f","id":{"unicity":"15907"}},"terms":{"priceEach":"14.0000","pvEach":"5.0000"},"quantity":1}]}},{"currency":"USD","lines":{"items":[{"item":{"href":"https:\/\/hydraqa.unicity.net\/v5a-test\/items\/e870d73cd94149d9f6b55de9736c9daa","id":{"unicity":"3107"}},"terms":{"priceEach":"23.0000","pvEach":"16.0000"},"quantity":1}]}},{"currency":"USD","lines":{"items":[{"item":{"href":"https:\/\/hydraqa.unicity.net\/v5a-test\/items\/b127a2d34d3d73e2f53e4c2002a7a4a2","id":{"unicity":"25008"}},"terms":{"priceEach":"18.0000","pvEach":"15.0000"},"quantity":1}]}},{"currency":"USD","lines":{"items":[{"item":{"href":"https:\/\/hydraqa.unicity.net\/v5a-test\/items\/dcdf1b79b8b6f644100ffc20fdca4683","id":{"unicity":"27835"}},"terms":{"priceEach":"1455.0000","pvEach":"1000.0000"},"quantity":1}]}},{"currency":"USD","lines":{"items":[{"item":{"href":"https:\/\/hydraqa.unicity.net\/v5a-test\/items\/efe7d99f2b77ea614d624d371afa4244","id":{"unicity":"25543"}},"terms":{"priceEach":"1455.0000","pvEach":"1000.0000"},"quantity":1}]}},{"currency":"USD","lines":{"items":[{"item":{"href":"https:\/\/hydraqa.unicity.net\/v5a-test\/items\/19fa616d76c947f5586d58e1b5e8b4ee","id":{"unicity":"27837"}},"terms":{"priceEach":"1455.0000","pvEach":"1000.0000"},"quantity":1}]}},{"currency":"USD","lines":{"items":[{"item":{"href":"https:\/\/hydraqa.unicity.net\/v5a-test\/items\/2da06ecf761a87f5619997496b83b745","id":{"unicity":"27831"}},"terms":{"priceEach":"1455.0000","pvEach":"1000.0000"},"quantity":1}]}},{"currency":"USD","lines":{"items":[{"item":{"href":"https:\/\/hydraqa.unicity.net\/v5a-test\/items\/1ab3a5a9b55fdf3618d21bf1d528afe4","id":{"unicity":"25542"}},"terms":{"priceEach":"1455.0000","pvEach":"1000.0000"},"quantity":1}]}},{"currency":"USD","lines":{"items":[{"item":{"href":"https:\/\/hydraqa.unicity.net\/v5a-test\/items\/52f0d3751a2d8f3f3670328e8157de5e","id":{"unicity":"27833"}},"terms":{"priceEach":"1455.0000","pvEach":"1000.0000"},"quantity":1}]}},{"currency":"USD","lines":{"items":[{"item":{"href":"https:\/\/hydraqa.unicity.net\/v5a-test\/items\/1535f370eb06bf30117fa28aa9ab1179","id":{"unicity":"25544"}},"terms":{"priceEach":"1455.0000","pvEach":"1000.0000"},"quantity":1}]}},{"currency":"USD","lines":{"items":[{"item":{"href":"https:\/\/hydraqa.unicity.net\/v5a-test\/items\/87f09080f7a29929816891acef721667","id":{"unicity":"25545"}},"terms":{"priceEach":"1455.0000","pvEach":"1000.0000"},"quantity":1}]}},{"currency":"USD","lines":{"items":[{"item":{"href":"https:\/\/hydraqa.unicity.net\/v5a-test\/items\/991cdbb84a495779eb209fb3956a77e4","id":{"unicity":"29183"}},"terms":{"priceEach":"41.0000","pvEach":"24.0000"},"quantity":1}]}},{"currency":"USD","lines":{"items":[{"item":{"href":"https:\/\/hydraqa.unicity.net\/v5a-test\/items\/cda534d686af5d627c94c4bb2c4b57d8","id":{"unicity":"26561"}},"terms":{"priceEach":"16.0000","pvEach":"11.0000"},"quantity":1}]}},{"currency":"USD","lines":{"items":[{"item":{"href":"https:\/\/hydraqa.unicity.net\/v5a-test\/items\/10da226fab00279b4f89df10af2a10b7","id":{"unicity":"26442"}},"terms":{"priceEach":"6.0000","pvEach":"0.0000"},"quantity":1}]}},{"currency":"USD","lines":{"items":[{"item":{"href":"https:\/\/hydraqa.unicity.net\/v5a-test\/items\/2de8516a24af8232add0bb392e750a71","id":{"unicity":"31859"}},"terms":{"priceEach":"179.0000","pvEach":"130.0000"},"quantity":1}]}},{"currency":"USD","lines":{"items":[{"item":{"href":"https:\/\/hydraqa.unicity.net\/v5a-test\/items\/cf8460040a1860bcabf250b6c1171675","id":{"unicity":"31858"}},"terms":{"priceEach":"269.0000","pvEach":"195.0000"},"quantity":1}]}},{"currency":"USD","lines":{"items":[{"item":{"href":"https:\/\/hydraqa.unicity.net\/v5a-test\/items\/4ab49eca1731e69206ccafb5112ad5a4","id":{"unicity":"31861"}},"terms":{"priceEach":"196.0000","pvEach":"135.0000"},"quantity":1}]}},{"currency":"USD","lines":{"items":[{"item":{"href":"https:\/\/hydraqa.unicity.net\/v5a-test\/items\/d4c8fce238d6fc34d17a4b36d1e4e59a","id":{"unicity":"31860"}},"terms":{"priceEach":"196.0000","pvEach":"135.0000"},"quantity":1}]}},{"currency":"USD","lines":{"items":[{"item":{"href":"https:\/\/hydraqa.unicity.net\/v5a-test\/items\/fd464cd7972cc1317e850b9196d886b8","id":{"unicity":"31863"}},"terms":{"priceEach":"210.0000","pvEach":"148.0000"},"quantity":1}]}},{"currency":"USD","lines":{"items":[{"item":{"href":"https:\/\/hydraqa.unicity.net\/v5a-test\/items\/e47fd287212acedd1cffb2b67bf623bd","id":{"unicity":"31862"}},"terms":{"priceEach":"210.0000","pvEach":"148.0000"},"quantity":1}]}},{"currency":"USD","lines":{"items":[{"item":{"href":"https:\/\/hydraqa.unicity.net\/v5a-test\/items\/024e696f8b44a1d315006e676604cd31","id":{"unicity":"27395"}},"terms":{"priceEach":"24.0000","pvEach":"16.0000"},"quantity":1}]}},{"currency":"USD","lines":{"items":[{"item":{"href":"https:\/\/hydraqa.unicity.net\/v5a-test\/items\/3ddd31ddbe0e5807756d2488e7cc3602","id":{"unicity":"31440"}},"terms":{"priceEach":"40.0000","pvEach":"0.0000"},"quantity":1}]}},{"currency":"USD","lines":{"items":[{"item":{"href":"https:\/\/hydraqa.unicity.net\/v5a-test\/items\/90d5ee3af77bdc64ecf28a45b604bf3d","id":{"unicity":"31441"}},"terms":{"priceEach":"40.0000","pvEach":"0.0000"},"quantity":1}]}},{"currency":"USD","lines":{"items":[{"item":{"href":"https:\/\/hydraqa.unicity.net\/v5a-test\/items\/91a6016282310b83203d0bb7bea14a0f","id":{"unicity":"29050"}},"terms":{"priceEach":"12.9500","pvEach":"0.0000"},"quantity":1}]}},{"currency":"USD","lines":{"items":[{"item":{"href":"https:\/\/hydraqa.unicity.net\/v5a-test\/items\/7fc100f8d20814757efe2d79e41b315c","id":{"unicity":"32021"}},"terms":{"priceEach":"89.0000","pvEach":"60.0000"},"quantity":1}]}},{"currency":"USD","lines":{"items":[{"item":{"href":"https:\/\/hydraqa.unicity.net\/v5a-test\/items\/634f7efb30392b2a919de1355902d975","id":{"unicity":"29408"}},"terms":{"priceEach":"80.0000","pvEach":"52.0000"},"quantity":1}]}},{"currency":"USD","lines":{"items":[{"item":{"href":"https:\/\/hydraqa.unicity.net\/v5a-test\/items\/fa2407c91e64e66a72ab45172eb978df","id":{"unicity":"0988"}},"terms":{"priceEach":"35.0000","pvEach":"23.0000"},"quantity":1}]}},{"currency":"USD","lines":{"items":[{"item":{"href":"https:\/\/hydraqa.unicity.net\/v5a-test\/items\/64ec7ad932acafab052a4e8800ad1238","id":{"unicity":"24758"}},"terms":{"priceEach":"30.0000","pvEach":"21.0000"},"quantity":1}]}},{"currency":"USD","lines":{"items":[{"item":{"href":"https:\/\/hydraqa.unicity.net\/v5a-test\/items\/c61892f0a7b7e88054169a31d65d95e0","id":{"unicity":"18373"}},"terms":{"priceEach":"16.0000","pvEach":"10.0000"},"quantity":1}]}},{"currency":"USD","lines":{"items":[{"item":{"href":"https:\/\/hydraqa.unicity.net\/v5a-test\/items\/40a1044968ea62276f4ba87fd2ef0d8f","id":{"unicity":"12230"}},"terms":{"priceEach":"23.0000","pvEach":"15.0000"},"quantity":1}]}},{"currency":"USD","lines":{"items":[{"item":{"href":"https:\/\/hydraqa.unicity.net\/v5a-test\/items\/9ff4257741d464b686d15be955b8afb6","id":{"unicity":"0963"}},"terms":{"priceEach":"41.0000","pvEach":"25.0000"},"quantity":1}]}},{"currency":"USD","lines":{"items":[{"item":{"href":"https:\/\/hydraqa.unicity.net\/v5a-test\/items\/ddef5f478ff91aa2263b646a3bd03dea","id":{"unicity":"21420"}},"terms":{"priceEach":"23.0000","pvEach":"10.0000"},"quantity":1}]}}]}
Entry request : {"order":{"customer":{"href":"https://hydraqa.unicity.net/v5a-test/customers?type=Associate"},"shipToAddress":{"country":"US"}},"vary":{"lines":{"items":[{"item":{"href":"https://hydraqa.unicity.net/v5a-test/items?id.unicity=26580|31440|31441|31651|31655|31518|31751|27801|31858|31859|31862|32030|29684|32016|32017|31727|31729|31730|31731|0963|15129|15271|15880|17174|22745|22747|23728|24758|25022|26550|26556|26557|26560|26561|26562|27615|27739|24418|22888|27585|17744|25008|26442|26551|6200|15916|18908|24785|29050|26552|26553|27028|0954|18401|27029|26559|19596|25542|25544|27835|25543|25545|26945|25535|21420|24621|27831|27833|27837|28836|15712|22165|0960|25369|30825|18386|26567|26568|15907|28513|3107|0988|18373|12230|26950|26786|27587|29017|25880|29694|29408|29437|29181|29183|29191|29352|29612|30350|27395|29440|29830|30408|30414|30400|30280|31314|31728|31842|31846|31845|31847|31863|31860|31861|31958|32021|32364|32365|32366|32367|32368|32369|32370|32371|32372|31106|26555"}}]}}}
Request URL: https://hydraqa.unicity.net/v5a-test/customers.js?_httpMethod=HEAD&callback=angular.callbacks._1&email=SMAWZZ@gmail.com
Request URL: https://hydraqa.unicity.net/v5a-test/addresses?country=US&zip=33024
Entry response : {"items":[{"city":"Pembroke Pines","state":"FL"}]}
No Pop UP
{sponsor=2, gender=male, city=HOLLYWOOD, signature=TestSignature, cartprice=491.0, enroller=2, sponsorName=SponsorTest, responsedob=1998-08-04, arpack=Prime Health Pack - Cholesterol, Energy, Vanilla, language=English, locale=en, type=Associate, coapplicanttype=Spouse, platform=QA, lname=TestLastName, password=Unicity, genderoption=Male, Currency=USD, api=1, state=[FL], enrollerName=EnrollerTest, email=SMAWZZ@gmail.com, coapplicant=TestSpouseName, zip=33024, fname=TestFirstName, prefferd=United States, address1=4209 E STONECREEK CIR, shippingmethod=type=2Days, version=v5a-test/, testcase=normal, market=United States, aritemcode=26580, martial=Married, phone=9823746323, dob=08/04/1998, govid=493242535, proto=https://hydraqa.unicity.net/, marketcode=US, maritaloption=Married, ccname=CCNameTest}
Request URL: https://hydraqa.unicity.net/v5a-test/orders.js
Entry request : {"customer":{"mainAddress":{"city":"HOLLYWOOD","country":"US","state":"FL","zip":"33024","address1":"4209 E STONECREEK CIR","address2":""},"humanName":{"firstName":"TestFirstName","lastName":"TestLastName"},"email":"SMAWZZ@gmail.com","preferredLocale":"en-US","password":{"value":"Unicity"},"gender":"male","maritalStatus":"Married","type":"Associate","enroller":{"href":"https://hydraqa.unicity.net/v5a-test/customers?id.unicity=2"},"sponsor":{"href":"https://hydraqa.unicity.net/v5a-test/customers?id.unicity=2"},"creditcardaliases":[{"methodDetails":{"creditCardNumber":"4111111111111111","payer":"TestFirstName TestLastName","creditCardExpires":"2020-10"},"billToName":{"firstName":"TestFirstName","lastName":"TestLastName"},"billToAddress":{"address1":"4209 E STONECREEK CIR","address2":"","city":"HOLLYWOOD","state":"FL","zip":"33024","country":"US"}}],"homePhone":"9823746323","birthDate":"1998-08-04","autoorders":{"items":[{"recurrence":{"schedule":{"month":"*","dayOfMonth":"5"},"status":"Enabled"},"lines":{"items":[{"item":{"href":"https://hydraqa.unicity.net/v5a-test/items?id.unicity=26580"},"quantity":1}]},"shipToName":{"firstName":"TestFirstName","lastName":"TestLastName"},"shipToPhone":"9823746323","shipToEmail":"SMAWZZ@gmail.com","shipToAddress":{"city":"HOLLYWOOD","country":"US","state":"FL","address1":"4209 E STONECREEK CIR","address2":"","zip":"33024"},"shippingMethod":{"href":"https://hydraqa.unicity.net/v5a-test/shippingmethods?type=2Days"},"transactions":{"items":[{"amount":"this.terms.total","type":"AuthorizeAndCapture","method":"CreditCardAlias","methodDetails":{"alias":"this.customer.creditcardaliases[0].alias"}}]}}]},"coapplicant":{"type":"Spouse","details":{"humanName":{"firstName":"TestSpouseName","lastName":""}}},"rights":[],"signature":{"value":"TestSignature"},"taxTerms":{"taxId":"493242535","taxIdExpires":"2025-12-30"}},"lines":{"items":[{"item":{"href":"https://hydraqa.unicity.net/v5a-test/items?id.unicity=31440"},"quantity":1},{"item":{"href":"https://hydraqa.unicity.net/v5a-test/items?id.unicity=31518"},"quantity":1},{"item":{"href":"https://hydraqa.unicity.net/v5a-test/items?id.unicity=31651"},"quantity":1},{"item":{"href":"https://hydraqa.unicity.net/v5a-test/items?id.unicity=31655"},"quantity":1},{"item":{"href":"https://hydraqa.unicity.net/v5a-test/items?id.unicity=31731"},"quantity":1},{"item":{"href":"https://hydraqa.unicity.net/v5a-test/items?id.unicity=31751"},"quantity":1},{"item":{"href":"https://hydraqa.unicity.net/v5a-test/items?id.unicity=31859"},"quantity":1}]},"shipToName":{"firstName":"TestFirstName","lastName":"TestLastName"},"shipToPhone":"9823746323","shipToEmail":"SMAWZZ@gmail.com","shipToAddress":{"city":"HOLLYWOOD","country":"US","state":"FL","address1":"4209 E STONECREEK CIR","address2":"","zip":"33024"},"shippingMethod":{"href":"https://hydraqa.unicity.net/v5a-test/shippingmethods?type=2Days"},"notes":"","transactions":{"items":[{"amount":"this.terms.total","type":"AuthorizeAndCapture","method":"CreditCard","methodDetails":{"creditCardNumber":"4111111111111111","payer":"CCNameTest","creditCardExpires":"2020-10","creditCardSecurityCode":"123"},"billToAddress":{"address1":"4209 E STONECREEK CIR","address2":"","city":"HOLLYWOOD","state":"FL","zip":"33024","country":"US"}},{"type":"AuthorizeAndCapture","method":"Coupon","methodDetails":{"code":"Fre3Aut0Sh!p"}}]}}
Entry response : {"meta":{"Link":"<http:\/\/unicity.github.io\/Hydra.php\/docs\/v5\/>; rel=\"help\"","X-Request-UUID":"4968b7b8-db19-418f-af5a-49f7d70736df","X-Request-Release":"5-2020010701\/master","Cache-Control":"no-cache, must-revalidate","Expires":"0","X-Powered-By":"Luracast Restler v3.0.0rc5","Content-Type":"text\/javascript; charset=utf-8","Content-Language":"en-US","X-Status-Code":"201"},"data":{"market":"US","lines":{"items":[{"quantity":1,"item":{"href":"https:\/\/hydraqa.unicity.net\/v5a-test\/items?id.unicity=31440","id":{"unicity":"31440"}}},{"quantity":1,"item":{"href":"https:\/\/hydraqa.unicity.net\/v5a-test\/items?id.unicity=31518","id":{"unicity":"31518"}}},{"quantity":1,"item":{"href":"https:\/\/hydraqa.unicity.net\/v5a-test\/items?id.unicity=31651","id":{"unicity":"31651"}}},{"quantity":1,"item":{"href":"https:\/\/hydraqa.unicity.net\/v5a-test\/items?id.unicity=31655","id":{"unicity":"31655"}}},{"quantity":1,"item":{"href":"https:\/\/hydraqa.unicity.net\/v5a-test\/items?id.unicity=31731","id":{"unicity":"31731"}}},{"quantity":1,"item":{"href":"https:\/\/hydraqa.unicity.net\/v5a-test\/items?id.unicity=31751","id":{"unicity":"31751"}}},{"quantity":1,"item":{"href":"https:\/\/hydraqa.unicity.net\/v5a-test\/items?id.unicity=31859","id":{"unicity":"31859"}}}]},"shipToAddress":{"country":"US","state":"FL","city":"HOLLYWOOD","zip":"33024","address1":"4209 E STONECREEK CIR","address2":""},"shipToName":{"firstName":"TestFirstName","lastName":"TestLastName"},"shipToEmail":"SMAWZZ@gmail.com","shipToPhone":"9823746323","shipToTime":"","source":null,"type":null,"notes":"","transactions":{"items":[{"amount":502.11,"billToAddress":{"address1":"4209 E STONECREEK CIR","address2":"","city":"HOLLYWOOD","state":"FL","zip":"33024","country":"US"},"billToEmail":null,"type":"AuthorizeAndCapture","method":"CreditCard","installments":null,"methodDetails":{"creditCardNumber":"411111xxxxxx1111","payer":"CCNameTest","payerId":null,"creditCardExpires":"2020-10","creditCardSecurityCode":"123"}}]},"terms":{"discount":{"amount":40},"pretotal":502.11,"tax":{"amount":12.77},"freight":{"amount":38.34},"subtotal":491,"taxableTotal":489.34,"total":502.11,"pv":282},"shippingMethod":{"href":"https:\/\/hydraqa.unicity.net\/v5a-test\/shippingmethods?type=2Days","location":"","type":"2Days"},"currency":"USD","dateCreated":"2020-01-07T17:02:10-07:00","customer":{"humanName":{"firstName":"TestFirstName","lastName":"TestLastName"},"mainAddress":{"city":"HOLLYWOOD","country":"US","state":"FL","zip":"33024","address1":"4209 E STONECREEK CIR","address2":""},"type":"Associate","email":"SMAWZZ@gmail.com","taxTerms":{"exemption":null,"taxId":"493242535","taxIdExpires":"2025-12-30"},"signature":{"value":"TestSignature"},"gender":"male","password":{"value":"Unicity"},"enroller":{"href":"https:\/\/hydraqa.unicity.net\/v5a-test\/customers\/f0cbfab7062ed827a4e700264e473f1d","id":{"unicity":2},"humanName":{"fullName":"Program, Referral"},"email":"danw@infotraxsys.com"},"sponsor":{"href":"https:\/\/hydraqa.unicity.net\/v5a-test\/customers\/f0cbfab7062ed827a4e700264e473f1d","id":{"unicity":2},"humanName":{"fullName":"Program, Referral"},"email":"danw@infotraxsys.com"},"birthDate":"1998-08-04","homePhone":"9823746323","preferredLocale":"en-US","maritalStatus":"Married","coapplicant":{"details":{"humanName":{"firstName":"TestSpouseName","lastName":""}},"type":"Spouse"},"autoorders":{"items":[{"id":{"unicity":"63383"}}]},"rights":[],"status":"Active","id":{"unicity":"8105008"},"href":"https:\/\/hydraqa.unicity.net\/v5a-test\/customers\/ea752fb2cc7453886d60c7b488af856e","token":"4c433af0-fde1-449a-b23a-22a65d73e909"},"added_transactions":{"items":[]},"taxedAs":"service","id":{"unicity":"1629653"},"href":"https:\/\/hydraqa.unicity.net\/v5a-test\/orders\/d6ae1d9fa32008b4e4cabb0793db0814"}}
Headers-->keep-alive
Headers-->3363
Headers-->application/json, text/plain, */*
Headers-->http://enroll.ng.unicityqa.com
Headers-->en-US
]]></system-out>
    <system-err><![CDATA[Starting ChromeDriver 2.36.540470 (e522d04694c7ebea4ba8821272dbef4f9b818c91) on port 8288
Only local connections are allowed.
Jan 07, 2020 4:57:27 PM org.openqa.selenium.remote.ProtocolHandshake createSession
INFO: Detected dialect: OSS
]]></system-err>
  </testcase>
  <testcase name="Enroll" classname="Tests.FranchisePartner" time="296.053">
    <failure message="Major AR Pack href expected [https://hydraqa.unicity.net/v5a-test/items?id.unicity=26580] but found []" type="java.lang.AssertionError">java.lang.AssertionError: Major AR Pack href expected [https://hydraqa.unicity.net/v5a-test/items?id.unicity=26580] but found []
	at Tests.FranchisePartner.Enroll(FranchisePartner.java:265)
</failure>
    <system-out><![CDATA[Request URL: https://hydraqa.unicity.net/v5a-test/quotes?&expand=item
Entry Quotes response : {"items":[{"currency":"USD","lines":{"items":[{"item":{"href":"https:\/\/hydraqa.unicity.net\/v5a-test\/items\/50747027a065cb8361c1f0d6eb880466","id":{"unicity":"32030"}},"terms":{"priceEach":"143.0000","pvEach":"102.0000"},"quantity":1}]}},{"currency":"USD","lines":{"items":[{"item":{"href":"https:\/\/hydraqa.unicity.net\/v5a-test\/items\/d306a0b65f27f19b4968e5c05906a9f4","id":{"unicity":"31314"}},"terms":{"priceEach":"384.0000","pvEach":"266.0000"},"quantity":1}]}},{"currency":"USD","lines":{"items":[{"item":{"href":"https:\/\/hydraqa.unicity.net\/v5a-test\/items\/716b7a0bca7fa73e42e000d668e7ee65","id":{"unicity":"15129"}},"terms":{"priceEach":"21.0000","pvEach":"10.0000"},"quantity":1}]}},{"currency":"USD","lines":{"items":[{"item":{"href":"https:\/\/hydraqa.unicity.net\/v5a-test\/items\/9a7715e888c94989d898fe4653645721","id":{"unicity":"26550"}},"terms":{"priceEach":"80.0000","pvEach":"52.0000"},"quantity":1}]}},{"currency":"USD","lines":{"items":[{"item":{"href":"https:\/\/hydraqa.unicity.net\/v5a-test\/items\/80a898d805f759925797847a176bf62f","id":{"unicity":"26551"}},"terms":{"priceEach":"80.0000","pvEach":"52.0000"},"quantity":1}]}},{"currency":"USD","lines":{"items":[{"item":{"href":"https:\/\/hydraqa.unicity.net\/v5a-test\/items\/292b6aee9c1193e9488e9ae6e3a845e4","id":{"unicity":"29684"}},"terms":{"priceEach":"242.0000","pvEach":"144.0000"},"quantity":1}]}},{"currency":"USD","lines":{"items":[{"item":{"href":"https:\/\/hydraqa.unicity.net\/v5a-test\/items\/fbb319232b7eed110794d46a68302acb","id":{"unicity":"31847"}},"terms":{"priceEach":"120.0000","pvEach":"80.0000"},"quantity":1}]}},{"currency":"USD","lines":{"items":[{"item":{"href":"https:\/\/hydraqa.unicity.net\/v5a-test\/items\/077823d29445b9020de9931f10c63efd","id":{"unicity":"31958"}},"terms":{"priceEach":"129.0000","pvEach":"85.0000"},"quantity":1}]}},{"currency":"USD","lines":{"items":[{"item":{"href":"https:\/\/hydraqa.unicity.net\/v5a-test\/items\/00c2eb70c985722ce208490aece00945","id":{"unicity":"31729"}},"terms":{"priceEach":"143.0000","pvEach":"100.0000"},"quantity":1}]}},{"currency":"USD","lines":{"items":[{"item":{"href":"https:\/\/hydraqa.unicity.net\/v5a-test\/items\/89b6d29a85a88d44d65bc8cca3fefc65","id":{"unicity":"31845"}},"terms":{"priceEach":"143.0000","pvEach":"100.0000"},"quantity":1}]}},{"currency":"USD","lines":{"items":[{"item":{"href":"https:\/\/hydraqa.unicity.net\/v5a-test\/items\/3875e24e6b6ebdf36c79d205614ed51e","id":{"unicity":"31846"}},"terms":{"priceEach":"126.0000","pvEach":"94.0000"},"quantity":1}]}},{"currency":"USD","lines":{"items":[{"item":{"href":"https:\/\/hydraqa.unicity.net\/v5a-test\/items\/b770fd1942955660a50e8fd83337641d","id":{"unicity":"31842"}},"terms":{"priceEach":"129.0000","pvEach":"85.0000"},"quantity":1}]}},{"currency":"USD","lines":{"items":[{"item":{"href":"https:\/\/hydraqa.unicity.net\/v5a-test\/items\/5bda067b70c43971650a6ef983f612e4","id":{"unicity":"31728"}},"terms":{"priceEach":"126.0000","pvEach":"94.0000"},"quantity":1}]}},{"currency":"USD","lines":{"items":[{"item":{"href":"https:\/\/hydraqa.unicity.net\/v5a-test\/items\/693a7c4a70b06a00471afe8d6cae5023","id":{"unicity":"31730"}},"terms":{"priceEach":"120.0000","pvEach":"80.0000"},"quantity":1}]}},{"currency":"USD","lines":{"items":[{"item":{"href":"https:\/\/hydraqa.unicity.net\/v5a-test\/items\/ccb242d74dcb1fe621cc7bfe1b1de315","id":{"unicity":"31731"}},"terms":{"priceEach":"89.0000","pvEach":"61.0000"},"quantity":1}]}},{"currency":"USD","lines":{"items":[{"item":{"href":"https:\/\/hydraqa.unicity.net\/v5a-test\/items\/6767ae650e0af3c34b3d4d60b5b79e99","id":{"unicity":"31727"}},"terms":{"priceEach":"129.0000","pvEach":"85.0000"},"quantity":1}]}},{"currency":"USD","lines":{"items":[{"item":{"href":"https:\/\/hydraqa.unicity.net\/v5a-test\/items\/764e2db430d361da99e8f6b70c4d0244","id":{"unicity":"29830"}},"terms":{"priceEach":"16.0000","pvEach":"7.0000"},"quantity":1}]}},{"currency":"USD","lines":{"items":[{"item":{"href":"https:\/\/hydraqa.unicity.net\/v5a-test\/items\/8b5ed9aa6c6132e1be5e446f69a3465e","id":{"unicity":"0954"}},"terms":{"priceEach":"20.0000","pvEach":"15.0000"},"quantity":1}]}},{"currency":"USD","lines":{"items":[{"item":{"href":"https:\/\/hydraqa.unicity.net\/v5a-test\/items\/b91affa753dd5ee8a9acef4fa7e2c9a7","id":{"unicity":"30414"}},"terms":{"priceEach":"94.0000","pvEach":"65.0000"},"quantity":1}]}},{"currency":"USD","lines":{"items":[{"item":{"href":"https:\/\/hydraqa.unicity.net\/v5a-test\/items\/9d9d002b0e21b9bd58ad0154a4f781c5","id":{"unicity":"28836"}},"terms":{"priceEach":"56.0000","pvEach":"36.0000"},"quantity":1}]}},{"currency":"USD","lines":{"items":[{"item":{"href":"https:\/\/hydraqa.unicity.net\/v5a-test\/items\/0d38f7ee31f3710be877245655d18e8c","id":{"unicity":"22888"}},"terms":{"priceEach":"74.0000","pvEach":"50.0000"},"quantity":1}]}},{"currency":"USD","lines":{"items":[{"item":{"href":"https:\/\/hydraqa.unicity.net\/v5a-test\/items\/399be8efa903b362515c48315ab2afb9","id":{"unicity":"15712"}},"terms":{"priceEach":"14.0000","pvEach":"5.0000"},"quantity":1}]}},{"currency":"USD","lines":{"items":[{"item":{"href":"https:\/\/hydraqa.unicity.net\/v5a-test\/items\/390a7ae70d5669561ecdf7d5cff2671b","id":{"unicity":"15271"}},"terms":{"priceEach":"69.0000","pvEach":"27.0000"},"quantity":1}]}},{"currency":"USD","lines":{"items":[{"item":{"href":"https:\/\/hydraqa.unicity.net\/v5a-test\/items\/933f0856fd8ec1df83c5283dabf4ec3c","id":{"unicity":"6200"}},"terms":{"priceEach":"66.0000","pvEach":"47.0000"},"quantity":1}]}},{"currency":"USD","lines":{"items":[{"item":{"href":"https:\/\/hydraqa.unicity.net\/v5a-test\/items\/75faf5436630ed02a683726aa0e9056f","id":{"unicity":"22165"}},"terms":{"priceEach":"86.0000","pvEach":"65.0000"},"quantity":1}]}},{"currency":"USD","lines":{"items":[{"item":{"href":"https:\/\/hydraqa.unicity.net\/v5a-test\/items\/0cf62d38e91953b43dcfe88b06f813cb","id":{"unicity":"26557"}},"terms":{"priceEach":"77.0000","pvEach":"61.0000"},"quantity":1}]}},{"currency":"USD","lines":{"items":[{"item":{"href":"https:\/\/hydraqa.unicity.net\/v5a-test\/items\/3af97c67f653253825a9189a27da57d6","id":{"unicity":"26556"}},"terms":{"priceEach":"77.0000","pvEach":"61.0000"},"quantity":1}]}},{"currency":"USD","lines":{"items":[{"item":{"href":"https:\/\/hydraqa.unicity.net\/v5a-test\/items\/d489ec0d50f6e28d5743afc65439631b","id":{"unicity":"0960"}},"terms":{"priceEach":"35.0000","pvEach":"23.0000"},"quantity":1}]}},{"currency":"USD","lines":{"items":[{"item":{"href":"https:\/\/hydraqa.unicity.net\/v5a-test\/items\/66839181d7531692a8d886a9da6fb4d6","id":{"unicity":"25369"}},"terms":{"priceEach":"48.0000","pvEach":"31.0000"},"quantity":1}]}},{"currency":"USD","lines":{"items":[{"item":{"href":"https:\/\/hydraqa.unicity.net\/v5a-test\/items\/0eebdede5bdb8bf4d71e800b6f3cead1","id":{"unicity":"30825"}},"terms":{"priceEach":"49.0000","pvEach":"31.0000"},"quantity":1}]}},{"currency":"USD","lines":{"items":[{"item":{"href":"https:\/\/hydraqa.unicity.net\/v5a-test\/items\/ec8c753ce03d3886e9b2e0d06eeb44b8","id":{"unicity":"31106"}},"terms":{"priceEach":"54.0000","pvEach":"21.0000"},"quantity":1}]}},{"currency":"USD","lines":{"items":[{"item":{"href":"https:\/\/hydraqa.unicity.net\/v5a-test\/items\/5c2f1613082782e691d32fe9ce034026","id":{"unicity":"23728"}},"terms":{"priceEach":"25.0000","pvEach":"15.0000"},"quantity":1}]}},{"currency":"USD","lines":{"items":[{"item":{"href":"https:\/\/hydraqa.unicity.net\/v5a-test\/items\/9a6e1d094182389c3da8e0a320ff0e00","id":{"unicity":"27585"}},"terms":{"priceEach":"56.0000","pvEach":"33.0000"},"quantity":1}]}},{"currency":"USD","lines":{"items":[{"item":{"href":"https:\/\/hydraqa.unicity.net\/v5a-test\/items\/25eaf64b36ce31368f17ae789fd9ac5b","id":{"unicity":"29694"}},"terms":{"priceEach":"56.0000","pvEach":"33.0000"},"quantity":1}]}},{"currency":"USD","lines":{"items":[{"item":{"href":"https:\/\/hydraqa.unicity.net\/v5a-test\/items\/112b8c39286598b3730f630f371a45f4","id":{"unicity":"27587"}},"terms":{"priceEach":"56.0000","pvEach":"33.0000"},"quantity":1}]}},{"currency":"USD","lines":{"items":[{"item":{"href":"https:\/\/hydraqa.unicity.net\/v5a-test\/items\/16ca68abaaa92505c257be022a154769","id":{"unicity":"27615"}},"terms":{"priceEach":"28.0000","pvEach":"21.0000"},"quantity":1}]}},{"currency":"USD","lines":{"items":[{"item":{"href":"https:\/\/hydraqa.unicity.net\/v5a-test\/items\/362999101a321b721c87110710ae77b0","id":{"unicity":"29352"}},"terms":{"priceEach":"119.0000","pvEach":"80.0000"},"quantity":1}]}},{"currency":"USD","lines":{"items":[{"item":{"href":"https:\/\/hydraqa.unicity.net\/v5a-test\/items\/5968ff0ba17d7a331fdc757a1623fd45","id":{"unicity":"32365"}},"terms":{"priceEach":"140.0000","pvEach":"97.0000"},"quantity":1}]}},{"currency":"USD","lines":{"items":[{"item":{"href":"https:\/\/hydraqa.unicity.net\/v5a-test\/items\/c92ce2b8ba6bb04bf8b23f0ecaccd709","id":{"unicity":"32364"}},"terms":{"priceEach":"146.0000","pvEach":"99.0000"},"quantity":1}]}},{"currency":"USD","lines":{"items":[{"item":{"href":"https:\/\/hydraqa.unicity.net\/v5a-test\/items\/2f028442193b3166b6c4f9590bd352b4","id":{"unicity":"32366"}},"terms":{"priceEach":"94.0000","pvEach":"68.0000"},"quantity":1}]}},{"currency":"USD","lines":{"items":[{"item":{"href":"https:\/\/hydraqa.unicity.net\/v5a-test\/items\/18f4c25c966306833f623287c875d6ba","id":{"unicity":"32369"}},"terms":{"priceEach":"151.0000","pvEach":"93.0000"},"quantity":1}]}},{"currency":"USD","lines":{"items":[{"item":{"href":"https:\/\/hydraqa.unicity.net\/v5a-test\/items\/972a6b8ac5c8f4014a02ea892a7dec26","id":{"unicity":"32367"}},"terms":{"priceEach":"229.0000","pvEach":"155.0000"},"quantity":1}]}},{"currency":"USD","lines":{"items":[{"item":{"href":"https:\/\/hydraqa.unicity.net\/v5a-test\/items\/8910970a414bb25f1eba52f529bdad79","id":{"unicity":"32368"}},"terms":{"priceEach":"145.0000","pvEach":"91.0000"},"quantity":1}]}},{"currency":"USD","lines":{"items":[{"item":{"href":"https:\/\/hydraqa.unicity.net\/v5a-test\/items\/779b47d856ea7e246c9e5aabc6eca794","id":{"unicity":"32370"}},"terms":{"priceEach":"136.0000","pvEach":"95.0000"},"quantity":1}]}},{"currency":"USD","lines":{"items":[{"item":{"href":"https:\/\/hydraqa.unicity.net\/v5a-test\/items\/cb7cb2fc26fed30b6ac4c1f87531e01c","id":{"unicity":"32372"}},"terms":{"priceEach":"157.0000","pvEach":"107.0000"},"quantity":1}]}},{"currency":"USD","lines":{"items":[{"item":{"href":"https:\/\/hydraqa.unicity.net\/v5a-test\/items\/fbd417602d04328198a0227de3abc533","id":{"unicity":"32371"}},"terms":{"priceEach":"130.0000","pvEach":"93.0000"},"quantity":1}]}},{"currency":"USD","lines":{"items":[{"item":{"href":"https:\/\/hydraqa.unicity.net\/v5a-test\/items\/05ca08f3808f126c0cc42154c50fc75c","id":{"unicity":"29440"}},"terms":{"priceEach":"120.0000","pvEach":"90.0000"},"quantity":1}]}},{"currency":"USD","lines":{"items":[{"item":{"href":"https:\/\/hydraqa.unicity.net\/v5a-test\/items\/cea826eab72d44641c070aab6c97c1ac","id":{"unicity":"22747"}},"terms":{"priceEach":"26.0000","pvEach":"16.0000"},"quantity":1}]}},{"currency":"USD","lines":{"items":[{"item":{"href":"https:\/\/hydraqa.unicity.net\/v5a-test\/items\/d0ef82a85e44437f960fa288e67a8f2b","id":{"unicity":"25535"}},"terms":{"priceEach":"850.0000","pvEach":"250.0000"},"quantity":1}]}},{"currency":"USD","lines":{"items":[{"item":{"href":"https:\/\/hydraqa.unicity.net\/v5a-test\/items\/1945faa1776541d53120ecfe3c1d8a2b","id":{"unicity":"24418"}},"terms":{"priceEach":"5.0000","pvEach":"0.0000"},"quantity":1}]}},{"currency":"USD","lines":{"items":[{"item":{"href":"https:\/\/hydraqa.unicity.net\/v5a-test\/items\/e0a19d3d676bccfdba0ab3d9f2766359","id":{"unicity":"30350"}},"terms":{"priceEach":"49.0000","pvEach":"30.0000"},"quantity":1}]}},{"currency":"USD","lines":{"items":[{"item":{"href":"https:\/\/hydraqa.unicity.net\/v5a-test\/items\/b2fc4b9ba4aa5cae54389161be2f841f","id":{"unicity":"18401"}},"terms":{"priceEach":"30.0000","pvEach":"19.0000"},"quantity":1}]}},{"currency":"USD","lines":{"items":[{"item":{"href":"https:\/\/hydraqa.unicity.net\/v5a-test\/items\/1b0412bea8c0b841c66f65a36aa14108","id":{"unicity":"29191"}},"terms":{"priceEach":"62.0000","pvEach":"36.0000"},"quantity":1}]}},{"currency":"USD","lines":{"items":[{"item":{"href":"https:\/\/hydraqa.unicity.net\/v5a-test\/items\/1bd53de7fe880ba71f46c9976ca2c137","id":{"unicity":"27739"}},"terms":{"priceEach":"33.0000","pvEach":"13.0000"},"quantity":1}]}},{"currency":"USD","lines":{"items":[{"item":{"href":"https:\/\/hydraqa.unicity.net\/v5a-test\/items\/035189015384166df518a68ede0299a9","id":{"unicity":"30408"}},"terms":{"priceEach":"82.0000","pvEach":"50.0000"},"quantity":1}]}},{"currency":"USD","lines":{"items":[{"item":{"href":"https:\/\/hydraqa.unicity.net\/v5a-test\/items\/bed533c634e887357ff031d8e4c776b0","id":{"unicity":"31751"}},"terms":{"priceEach":"99.0000","pvEach":"50.0000"},"quantity":1}]}},{"currency":"USD","lines":{"items":[{"item":{"href":"https:\/\/hydraqa.unicity.net\/v5a-test\/items\/e5029d0db50d6ea324b5e25f54d82636","id":{"unicity":"31651"}},"terms":{"priceEach":"28.0000","pvEach":"14.0000"},"quantity":1}]}},{"currency":"USD","lines":{"items":[{"item":{"href":"https:\/\/hydraqa.unicity.net\/v5a-test\/items\/c201dcd36f4bb7e17e7a8481ef08d6f2","id":{"unicity":"31518"}},"terms":{"priceEach":"28.0000","pvEach":"14.0000"},"quantity":1}]}},{"currency":"USD","lines":{"items":[{"item":{"href":"https:\/\/hydraqa.unicity.net\/v5a-test\/items\/f5a91f19576078a69f82c9f58805f479","id":{"unicity":"31655"}},"terms":{"priceEach":"28.0000","pvEach":"14.0000"},"quantity":1}]}},{"currency":"USD","lines":{"items":[{"item":{"href":"https:\/\/hydraqa.unicity.net\/v5a-test\/items\/0a3ede185ddf034630afd891c5106d33","id":{"unicity":"26562"}},"terms":{"priceEach":"32.0000","pvEach":"25.0000"},"quantity":1}]}},{"currency":"USD","lines":{"items":[{"item":{"href":"https:\/\/hydraqa.unicity.net\/v5a-test\/items\/1d977fb1e1c0aa5d0b71ee2cf01e7b4d","id":{"unicity":"32016"}},"terms":{"priceEach":"206.0000","pvEach":"130.0000"},"quantity":1}]}},{"currency":"USD","lines":{"items":[{"item":{"href":"https:\/\/hydraqa.unicity.net\/v5a-test\/items\/1524974f80be01c93083e794816394ab","id":{"unicity":"32017"}},"terms":{"priceEach":"206.0000","pvEach":"130.0000"},"quantity":1}]}},{"currency":"USD","lines":{"items":[{"item":{"href":"https:\/\/hydraqa.unicity.net\/v5a-test\/items\/4b2034f47fce90b87bba28c5c2d7c25d","id":{"unicity":"15880"}},"terms":{"priceEach":"57.0000","pvEach":"41.0000"},"quantity":1}]}},{"currency":"USD","lines":{"items":[{"item":{"href":"https:\/\/hydraqa.unicity.net\/v5a-test\/items\/3d89c4f7e508dfba4018dc9c732084de","id":{"unicity":"29181"}},"terms":{"priceEach":"23.0000","pvEach":"12.0000"},"quantity":1}]}},{"currency":"USD","lines":{"items":[{"item":{"href":"https:\/\/hydraqa.unicity.net\/v5a-test\/items\/9ce45d695c87f93b29794041362b5192","id":{"unicity":"26945"}},"terms":{"priceEach":"35.0000","pvEach":"0.0000"},"quantity":1}]}},{"currency":"USD","lines":{"items":[{"item":{"href":"https:\/\/hydraqa.unicity.net\/v5a-test\/items\/aa0d72ac13b1ce88cf8c4a52ede75a37","id":{"unicity":"26552"}},"terms":{"priceEach":"70.0000","pvEach":"50.0000"},"quantity":1}]}},{"currency":"USD","lines":{"items":[{"item":{"href":"https:\/\/hydraqa.unicity.net\/v5a-test\/items\/5c6f1a39257b63482d454789e4d2035c","id":{"unicity":"26553"}},"terms":{"priceEach":"80.0000","pvEach":"50.0000"},"quantity":1}]}},{"currency":"USD","lines":{"items":[{"item":{"href":"https:\/\/hydraqa.unicity.net\/v5a-test\/items\/8d994059c399f5551ab112574e4476fc","id":{"unicity":"24785"}},"terms":{"priceEach":"14.0000","pvEach":"9.0000"},"quantity":1}]}},{"currency":"USD","lines":{"items":[{"item":{"href":"https:\/\/hydraqa.unicity.net\/v5a-test\/items\/8ed7a8910d5c5335774fa9cfae0e511d","id":{"unicity":"18386"}},"terms":{"priceEach":"27.0000","pvEach":"21.0000"},"quantity":1}]}},{"currency":"USD","lines":{"items":[{"item":{"href":"https:\/\/hydraqa.unicity.net\/v5a-test\/items\/398d06b858b960f6f38086d40608aef2","id":{"unicity":"26560"}},"terms":{"priceEach":"16.0000","pvEach":"12.0000"},"quantity":1}]}},{"currency":"USD","lines":{"items":[{"item":{"href":"https:\/\/hydraqa.unicity.net\/v5a-test\/items\/55d3b550a17b78175cc5ac565e4266e8","id":{"unicity":"24621"}},"terms":{"priceEach":"19.0000","pvEach":"12.0000"},"quantity":1}]}},{"currency":"USD","lines":{"items":[{"item":{"href":"https:\/\/hydraqa.unicity.net\/v5a-test\/items\/bb5c627f16547cb4f706cef521bca356","id":{"unicity":"29437"}},"terms":{"priceEach":"62.0000","pvEach":"36.0000"},"quantity":1}]}},{"currency":"USD","lines":{"items":[{"item":{"href":"https:\/\/hydraqa.unicity.net\/v5a-test\/items\/0e78fbdfebef11cd62f8d2120064ee58","id":{"unicity":"30280"}},"terms":{"priceEach":"41.0000","pvEach":"24.0000"},"quantity":1}]}},{"currency":"USD","lines":{"items":[{"item":{"href":"https:\/\/hydraqa.unicity.net\/v5a-test\/items\/2835b1a78e379486f0ffbfd5fb9f6b0a","id":{"unicity":"30400"}},"terms":{"priceEach":"38.0000","pvEach":"28.0000"},"quantity":1}]}},{"currency":"USD","lines":{"items":[{"item":{"href":"https:\/\/hydraqa.unicity.net\/v5a-test\/items\/84bf86533ae28dc84370f3699cc13a1d","id":{"unicity":"17744"}},"terms":{"priceEach":"97.0000","pvEach":"62.0000"},"quantity":1}]}},{"currency":"USD","lines":{"items":[{"item":{"href":"https:\/\/hydraqa.unicity.net\/v5a-test\/items\/48433ffc76597c823adc2b8627e033e4","id":{"unicity":"26559"}},"terms":{"priceEach":"29.0000","pvEach":"20.0000"},"quantity":1}]}},{"currency":"USD","lines":{"items":[{"item":{"href":"https:\/\/hydraqa.unicity.net\/v5a-test\/items\/5a38f009bec6c23b1b3a70432f9722e5","id":{"unicity":"19596"}},"terms":{"priceEach":"47.0000","pvEach":"30.0000"},"quantity":1}]}},{"currency":"USD","lines":{"items":[{"item":{"href":"https:\/\/hydraqa.unicity.net\/v5a-test\/items\/38da42f991a40a00153b2e5055b82dbf","id":{"unicity":"27801"}},"terms":{"priceEach":"195.0000","pvEach":"130.0000"},"quantity":1}]}},{"currency":"USD","lines":{"items":[{"item":{"href":"https:\/\/hydraqa.unicity.net\/v5a-test\/items\/051e765a5a71835a859c2757edd359f0","id":{"unicity":"26580"}},"terms":{"priceEach":"195.0000","pvEach":"130.0000"},"quantity":1}]}},{"currency":"USD","lines":{"items":[{"item":{"href":"https:\/\/hydraqa.unicity.net\/v5a-test\/items\/8c21f026bb6a32624e0c80475bf8efb0","id":{"unicity":"25880"}},"terms":{"priceEach":"33.0000","pvEach":"23.0000"},"quantity":1}]}},{"currency":"USD","lines":{"items":[{"item":{"href":"https:\/\/hydraqa.unicity.net\/v5a-test\/items\/e218d1cac5f31e7ae4f5876c29c57377","id":{"unicity":"29017"}},"terms":{"priceEach":"37.0000","pvEach":"26.0000"},"quantity":1}]}},{"currency":"USD","lines":{"items":[{"item":{"href":"https:\/\/hydraqa.unicity.net\/v5a-test\/items\/24ff5bda40c0d0e7eaa511866d052915","id":{"unicity":"29612"}},"terms":{"priceEach":"48.0000","pvEach":"30.0000"},"quantity":1}]}},{"currency":"USD","lines":{"items":[{"item":{"href":"https:\/\/hydraqa.unicity.net\/v5a-test\/items\/2c4c1abe00983e85aaa918d2ce341491","id":{"unicity":"17174"}},"terms":{"priceEach":"16.0000","pvEach":"10.0000"},"quantity":1}]}},{"currency":"USD","lines":{"items":[{"item":{"href":"https:\/\/hydraqa.unicity.net\/v5a-test\/items\/3f2d12d7a0e8551fc99fad3bbe1ba633","id":{"unicity":"26567"}},"terms":{"priceEach":"53.0000","pvEach":"35.0000"},"quantity":1}]}},{"currency":"USD","lines":{"items":[{"item":{"href":"https:\/\/hydraqa.unicity.net\/v5a-test\/items\/191637167cb3144bd2e8c4615e9ab67e","id":{"unicity":"26568"}},"terms":{"priceEach":"53.0000","pvEach":"35.0000"},"quantity":1}]}},{"currency":"USD","lines":{"items":[{"item":{"href":"https:\/\/hydraqa.unicity.net\/v5a-test\/items\/2cefc6a61faaae3455a5adcb0d8fc74f","id":{"unicity":"15907"}},"terms":{"priceEach":"14.0000","pvEach":"5.0000"},"quantity":1}]}},{"currency":"USD","lines":{"items":[{"item":{"href":"https:\/\/hydraqa.unicity.net\/v5a-test\/items\/e870d73cd94149d9f6b55de9736c9daa","id":{"unicity":"3107"}},"terms":{"priceEach":"23.0000","pvEach":"16.0000"},"quantity":1}]}},{"currency":"USD","lines":{"items":[{"item":{"href":"https:\/\/hydraqa.unicity.net\/v5a-test\/items\/b127a2d34d3d73e2f53e4c2002a7a4a2","id":{"unicity":"25008"}},"terms":{"priceEach":"18.0000","pvEach":"15.0000"},"quantity":1}]}},{"currency":"USD","lines":{"items":[{"item":{"href":"https:\/\/hydraqa.unicity.net\/v5a-test\/items\/dcdf1b79b8b6f644100ffc20fdca4683","id":{"unicity":"27835"}},"terms":{"priceEach":"1455.0000","pvEach":"1000.0000"},"quantity":1}]}},{"currency":"USD","lines":{"items":[{"item":{"href":"https:\/\/hydraqa.unicity.net\/v5a-test\/items\/efe7d99f2b77ea614d624d371afa4244","id":{"unicity":"25543"}},"terms":{"priceEach":"1455.0000","pvEach":"1000.0000"},"quantity":1}]}},{"currency":"USD","lines":{"items":[{"item":{"href":"https:\/\/hydraqa.unicity.net\/v5a-test\/items\/19fa616d76c947f5586d58e1b5e8b4ee","id":{"unicity":"27837"}},"terms":{"priceEach":"1455.0000","pvEach":"1000.0000"},"quantity":1}]}},{"currency":"USD","lines":{"items":[{"item":{"href":"https:\/\/hydraqa.unicity.net\/v5a-test\/items\/2da06ecf761a87f5619997496b83b745","id":{"unicity":"27831"}},"terms":{"priceEach":"1455.0000","pvEach":"1000.0000"},"quantity":1}]}},{"currency":"USD","lines":{"items":[{"item":{"href":"https:\/\/hydraqa.unicity.net\/v5a-test\/items\/1ab3a5a9b55fdf3618d21bf1d528afe4","id":{"unicity":"25542"}},"terms":{"priceEach":"1455.0000","pvEach":"1000.0000"},"quantity":1}]}},{"currency":"USD","lines":{"items":[{"item":{"href":"https:\/\/hydraqa.unicity.net\/v5a-test\/items\/52f0d3751a2d8f3f3670328e8157de5e","id":{"unicity":"27833"}},"terms":{"priceEach":"1455.0000","pvEach":"1000.0000"},"quantity":1}]}},{"currency":"USD","lines":{"items":[{"item":{"href":"https:\/\/hydraqa.unicity.net\/v5a-test\/items\/1535f370eb06bf30117fa28aa9ab1179","id":{"unicity":"25544"}},"terms":{"priceEach":"1455.0000","pvEach":"1000.0000"},"quantity":1}]}},{"currency":"USD","lines":{"items":[{"item":{"href":"https:\/\/hydraqa.unicity.net\/v5a-test\/items\/87f09080f7a29929816891acef721667","id":{"unicity":"25545"}},"terms":{"priceEach":"1455.0000","pvEach":"1000.0000"},"quantity":1}]}},{"currency":"USD","lines":{"items":[{"item":{"href":"https:\/\/hydraqa.unicity.net\/v5a-test\/items\/991cdbb84a495779eb209fb3956a77e4","id":{"unicity":"29183"}},"terms":{"priceEach":"41.0000","pvEach":"24.0000"},"quantity":1}]}},{"currency":"USD","lines":{"items":[{"item":{"href":"https:\/\/hydraqa.unicity.net\/v5a-test\/items\/cda534d686af5d627c94c4bb2c4b57d8","id":{"unicity":"26561"}},"terms":{"priceEach":"16.0000","pvEach":"11.0000"},"quantity":1}]}},{"currency":"USD","lines":{"items":[{"item":{"href":"https:\/\/hydraqa.unicity.net\/v5a-test\/items\/10da226fab00279b4f89df10af2a10b7","id":{"unicity":"26442"}},"terms":{"priceEach":"6.0000","pvEach":"0.0000"},"quantity":1}]}},{"currency":"USD","lines":{"items":[{"item":{"href":"https:\/\/hydraqa.unicity.net\/v5a-test\/items\/2de8516a24af8232add0bb392e750a71","id":{"unicity":"31859"}},"terms":{"priceEach":"179.0000","pvEach":"130.0000"},"quantity":1}]}},{"currency":"USD","lines":{"items":[{"item":{"href":"https:\/\/hydraqa.unicity.net\/v5a-test\/items\/cf8460040a1860bcabf250b6c1171675","id":{"unicity":"31858"}},"terms":{"priceEach":"269.0000","pvEach":"195.0000"},"quantity":1}]}},{"currency":"USD","lines":{"items":[{"item":{"href":"https:\/\/hydraqa.unicity.net\/v5a-test\/items\/4ab49eca1731e69206ccafb5112ad5a4","id":{"unicity":"31861"}},"terms":{"priceEach":"196.0000","pvEach":"135.0000"},"quantity":1}]}},{"currency":"USD","lines":{"items":[{"item":{"href":"https:\/\/hydraqa.unicity.net\/v5a-test\/items\/d4c8fce238d6fc34d17a4b36d1e4e59a","id":{"unicity":"31860"}},"terms":{"priceEach":"196.0000","pvEach":"135.0000"},"quantity":1}]}},{"currency":"USD","lines":{"items":[{"item":{"href":"https:\/\/hydraqa.unicity.net\/v5a-test\/items\/fd464cd7972cc1317e850b9196d886b8","id":{"unicity":"31863"}},"terms":{"priceEach":"210.0000","pvEach":"148.0000"},"quantity":1}]}},{"currency":"USD","lines":{"items":[{"item":{"href":"https:\/\/hydraqa.unicity.net\/v5a-test\/items\/e47fd287212acedd1cffb2b67bf623bd","id":{"unicity":"31862"}},"terms":{"priceEach":"210.0000","pvEach":"148.0000"},"quantity":1}]}},{"currency":"USD","lines":{"items":[{"item":{"href":"https:\/\/hydraqa.unicity.net\/v5a-test\/items\/024e696f8b44a1d315006e676604cd31","id":{"unicity":"27395"}},"terms":{"priceEach":"24.0000","pvEach":"16.0000"},"quantity":1}]}},{"currency":"USD","lines":{"items":[{"item":{"href":"https:\/\/hydraqa.unicity.net\/v5a-test\/items\/3ddd31ddbe0e5807756d2488e7cc3602","id":{"unicity":"31440"}},"terms":{"priceEach":"40.0000","pvEach":"0.0000"},"quantity":1}]}},{"currency":"USD","lines":{"items":[{"item":{"href":"https:\/\/hydraqa.unicity.net\/v5a-test\/items\/90d5ee3af77bdc64ecf28a45b604bf3d","id":{"unicity":"31441"}},"terms":{"priceEach":"40.0000","pvEach":"0.0000"},"quantity":1}]}},{"currency":"USD","lines":{"items":[{"item":{"href":"https:\/\/hydraqa.unicity.net\/v5a-test\/items\/91a6016282310b83203d0bb7bea14a0f","id":{"unicity":"29050"}},"terms":{"priceEach":"12.9500","pvEach":"0.0000"},"quantity":1}]}},{"currency":"USD","lines":{"items":[{"item":{"href":"https:\/\/hydraqa.unicity.net\/v5a-test\/items\/7fc100f8d20814757efe2d79e41b315c","id":{"unicity":"32021"}},"terms":{"priceEach":"89.0000","pvEach":"60.0000"},"quantity":1}]}},{"currency":"USD","lines":{"items":[{"item":{"href":"https:\/\/hydraqa.unicity.net\/v5a-test\/items\/634f7efb30392b2a919de1355902d975","id":{"unicity":"29408"}},"terms":{"priceEach":"80.0000","pvEach":"52.0000"},"quantity":1}]}},{"currency":"USD","lines":{"items":[{"item":{"href":"https:\/\/hydraqa.unicity.net\/v5a-test\/items\/fa2407c91e64e66a72ab45172eb978df","id":{"unicity":"0988"}},"terms":{"priceEach":"35.0000","pvEach":"23.0000"},"quantity":1}]}},{"currency":"USD","lines":{"items":[{"item":{"href":"https:\/\/hydraqa.unicity.net\/v5a-test\/items\/64ec7ad932acafab052a4e8800ad1238","id":{"unicity":"24758"}},"terms":{"priceEach":"30.0000","pvEach":"21.0000"},"quantity":1}]}},{"currency":"USD","lines":{"items":[{"item":{"href":"https:\/\/hydraqa.unicity.net\/v5a-test\/items\/c61892f0a7b7e88054169a31d65d95e0","id":{"unicity":"18373"}},"terms":{"priceEach":"16.0000","pvEach":"10.0000"},"quantity":1}]}},{"currency":"USD","lines":{"items":[{"item":{"href":"https:\/\/hydraqa.unicity.net\/v5a-test\/items\/40a1044968ea62276f4ba87fd2ef0d8f","id":{"unicity":"12230"}},"terms":{"priceEach":"23.0000","pvEach":"15.0000"},"quantity":1}]}},{"currency":"USD","lines":{"items":[{"item":{"href":"https:\/\/hydraqa.unicity.net\/v5a-test\/items\/9ff4257741d464b686d15be955b8afb6","id":{"unicity":"0963"}},"terms":{"priceEach":"41.0000","pvEach":"25.0000"},"quantity":1}]}},{"currency":"USD","lines":{"items":[{"item":{"href":"https:\/\/hydraqa.unicity.net\/v5a-test\/items\/ddef5f478ff91aa2263b646a3bd03dea","id":{"unicity":"21420"}},"terms":{"priceEach":"23.0000","pvEach":"10.0000"},"quantity":1}]}}]}
Entry request : {"order":{"customer":{"href":"https://hydraqa.unicity.net/v5a-test/customers?type=Associate"},"shipToAddress":{"country":"US"}},"vary":{"lines":{"items":[{"item":{"href":"https://hydraqa.unicity.net/v5a-test/items?id.unicity=26580|31440|31441|31651|31655|31518|31751|27801|31858|31859|31862|32030|29684|32016|32017|31727|31729|31730|31731|0963|15129|15271|15880|17174|22745|22747|23728|24758|25022|26550|26556|26557|26560|26561|26562|27615|27739|24418|22888|27585|17744|25008|26442|26551|6200|15916|18908|24785|29050|26552|26553|27028|0954|18401|27029|26559|19596|25542|25544|27835|25543|25545|26945|25535|21420|24621|27831|27833|27837|28836|15712|22165|0960|25369|30825|18386|26567|26568|15907|28513|3107|0988|18373|12230|26950|26786|27587|29017|25880|29694|29408|29437|29181|29183|29191|29352|29612|30350|27395|29440|29830|30408|30414|30400|30280|31314|31728|31842|31846|31845|31847|31863|31860|31861|31958|32021|32364|32365|32366|32367|32368|32369|32370|32371|32372|31106|26555"}}]}}}
Request URL: https://hydraqa.unicity.net/v5a-test/customers.js?_httpMethod=HEAD&callback=angular.callbacks._1&email=IWKMZO@gmail.com
Request URL: https://hydraqa.unicity.net/v5a-test/addresses?country=US&zip=84097
Entry response : {"items":[{"city":"Orem","state":"UT"}]}
No Pop UP
{sponsor=2, gender=female, city=OREM, signature=TestSignature, cartprice=183.0, enroller=2, sponsorName=SponsorTest, responsedob=1997-02-03, arpack=Prime Health Pack - Cholesterol, Energy, Vanilla, language=Español, locale=es, type=Associate, coapplicanttype=Spouse, platform=QA, lname=TestLastName, password=Unicity, genderoption=Femenino, Currency=USD, api=1, state=[UT], enrollerName=EnrollerTest, email=IWKMZO@gmail.com, coapplicant=TestSpouseName, zip=84097, fname=TestFirstName, prefferd=United States, address1=1209 N 800 E, shippingmethod=type=3Days, version=v5a-test/, testcase=normal, market=United States, aritemcode=26580, martial=Married, phone=9823746323, dob=02/03/1997, govid=453901067, proto=https://hydraqa.unicity.net/, marketcode=US, maritaloption=Casado, ccname=CCNameTest}
Request URL: https://hydraqa.unicity.net/v5a-test/orders.js
Entry request : {"customer":{"mainAddress":{"city":"OREM","country":"US","state":"UT","zip":"84097","address1":"1209 N 800 E","address2":""},"humanName":{"firstName":"TestFirstName","lastName":"TestLastName"},"email":"IWKMZO@gmail.com","preferredLocale":"es-US","password":{"value":"Unicity"},"gender":"female","maritalStatus":"Married","type":"Associate","enroller":{"href":"https://hydraqa.unicity.net/v5a-test/customers?id.unicity=2"},"sponsor":{"href":"https://hydraqa.unicity.net/v5a-test/customers?id.unicity=2"},"creditcardaliases":[{"methodDetails":{"creditCardNumber":"4111111111111111","payer":"TestFirstName TestLastName","creditCardExpires":"2020-10"},"billToName":{"firstName":"TestFirstName","lastName":"TestLastName"},"billToAddress":{"address1":"1209 N 800 E","address2":"","city":"OREM","state":"UT","zip":"84097","country":"US"}}],"homePhone":"9823746323","birthDate":"1997-02-03","autoorders":{"items":[{"recurrence":{"schedule":{"month":"*","dayOfMonth":"5"},"status":"Enabled"},"lines":{"items":[{"item":{"href":"https://hydraqa.unicity.net/v5a-test/items?id.unicity=26580"},"quantity":1}]},"shipToName":{"firstName":"TestFirstName","lastName":"TestLastName"},"shipToPhone":"9823746323","shipToEmail":"IWKMZO@gmail.com","shipToAddress":{"city":"OREM","country":"US","state":"UT","address1":"1209 N 800 E","address2":"","zip":"84097"},"shippingMethod":{"href":"https://hydraqa.unicity.net/v5a-test/shippingmethods?type=3Days"},"transactions":{"items":[{"amount":"this.terms.total","type":"AuthorizeAndCapture","method":"CreditCardAlias","methodDetails":{"alias":"this.customer.creditcardaliases[0].alias"}}]}}]},"coapplicant":{"type":"Spouse","details":{"humanName":{"firstName":"TestSpouseName","lastName":""}}},"rights":[],"signature":{"value":"TestSignature"},"taxTerms":{"taxId":"453901067","taxIdExpires":"2025-12-30"}},"lines":{"items":[{"item":{"href":"https://hydraqa.unicity.net/v5a-test/items?id.unicity=31441"},"quantity":1},{"item":{"href":"https://hydraqa.unicity.net/v5a-test/items?id.unicity=32030"},"quantity":1}]},"shipToName":{"firstName":"TestFirstName","lastName":"TestLastName"},"shipToPhone":"9823746323","shipToEmail":"IWKMZO@gmail.com","shipToAddress":{"city":"OREM","country":"US","state":"UT","address1":"1209 N 800 E","address2":"","zip":"84097"},"shippingMethod":{"href":"https://hydraqa.unicity.net/v5a-test/shippingmethods?type=3Days"},"notes":"","transactions":{"items":[{"amount":"this.terms.total","type":"AuthorizeAndCapture","method":"CreditCard","methodDetails":{"creditCardNumber":"4111111111111111","payer":"CCNameTest","creditCardExpires":"2020-10","creditCardSecurityCode":"123"},"billToAddress":{"address1":"1209 N 800 E","address2":"","city":"OREM","state":"UT","zip":"84097","country":"US"}},{"type":"AuthorizeAndCapture","method":"Coupon","methodDetails":{"code":"Fre3Aut0Sh!p"}}]}}
Entry response : {"meta":{"Link":"<http:\/\/unicity.github.io\/Hydra.php\/docs\/v5\/>; rel=\"help\"","X-Request-UUID":"0bc66c89-80e3-4182-9a04-684fb43c36e3","X-Request-Release":"5-2020010701\/master","Cache-Control":"no-cache, must-revalidate","Expires":"0","X-Powered-By":"Luracast Restler v3.0.0rc5","Content-Type":"text\/javascript; charset=utf-8","Content-Language":"en","X-Status-Code":"201"},"data":{"market":"US","lines":{"items":[{"quantity":1,"item":{"href":"https:\/\/hydraqa.unicity.net\/v5a-test\/items?id.unicity=31441","id":{"unicity":"31441"}}},{"quantity":1,"item":{"href":"https:\/\/hydraqa.unicity.net\/v5a-test\/items?id.unicity=32030","id":{"unicity":"32030"}}}]},"shipToAddress":{"country":"US","state":"UT","city":"OREM","zip":"84097","address1":"1209 N 800 E","address2":""},"shipToName":{"firstName":"TestFirstName","lastName":"TestLastName"},"shipToEmail":"IWKMZO@gmail.com","shipToPhone":"9823746323","shipToTime":"","source":null,"type":null,"notes":"","transactions":{"items":[{"amount":204.08,"billToAddress":{"address1":"1209 N 800 E","address2":"","city":"OREM","state":"UT","zip":"84097","country":"US"},"billToEmail":null,"type":"AuthorizeAndCapture","method":"CreditCard","installments":null,"methodDetails":{"creditCardNumber":"411111xxxxxx1111","payer":"CCNameTest","payerId":null,"creditCardExpires":"2020-10","creditCardSecurityCode":"123"}}]},"terms":{"discount":{"amount":0},"pretotal":204.08,"tax":{"amount":8.13},"freight":{"amount":12.95},"subtotal":183,"taxableTotal":195.95,"total":204.08,"pv":102},"shippingMethod":{"href":"https:\/\/hydraqa.unicity.net\/v5a-test\/shippingmethods?type=3Days","location":"","type":"3Days"},"currency":"USD","dateCreated":"2020-01-07T17:07:16-07:00","customer":{"humanName":{"firstName":"TestFirstName","lastName":"TestLastName"},"mainAddress":{"city":"OREM","country":"US","state":"UT","zip":"84097","address1":"1209 N 800 E","address2":""},"type":"Associate","email":"IWKMZO@gmail.com","taxTerms":{"exemption":null,"taxId":"453901067","taxIdExpires":"2025-12-30"},"signature":{"value":"TestSignature"},"gender":"female","password":{"value":"Unicity"},"enroller":{"href":"https:\/\/hydraqa.unicity.net\/v5a-test\/customers\/f0cbfab7062ed827a4e700264e473f1d","id":{"unicity":2},"humanName":{"fullName":"Program, Referral"},"email":"danw@infotraxsys.com"},"sponsor":{"href":"https:\/\/hydraqa.unicity.net\/v5a-test\/customers\/f0cbfab7062ed827a4e700264e473f1d","id":{"unicity":2},"humanName":{"fullName":"Program, Referral"},"email":"danw@infotraxsys.com"},"birthDate":"1997-02-03","homePhone":"9823746323","preferredLocale":"es-US","maritalStatus":"Married","coapplicant":{"details":{"humanName":{"firstName":"TestSpouseName","lastName":""}},"type":"Spouse"},"autoorders":{"items":[{"id":{"unicity":"63384"}}]},"rights":[],"status":"Active","id":{"unicity":"8105108"},"href":"https:\/\/hydraqa.unicity.net\/v5a-test\/customers\/6ca3ba3135740b083bd82244a0b92bce","token":"2e61c73a-0160-4248-8e5b-c9ad7eff5cf1"},"added_transactions":{"items":[]},"taxedAs":"service","id":{"unicity":"1629654"},"href":"https:\/\/hydraqa.unicity.net\/v5a-test\/orders\/a9395235ddc799d3716fe66f346ada9b"}}
Headers-->keep-alive
Headers-->2830
Headers-->application/json, text/plain, */*
Headers-->http://enroll.ng.unicityqa.com
Headers-->es-US
]]></system-out>
    <system-err><![CDATA[Starting ChromeDriver 2.36.540470 (e522d04694c7ebea4ba8821272dbef4f9b818c91) on port 39672
Only local connections are allowed.
Jan 07, 2020 5:02:45 PM org.openqa.selenium.remote.ProtocolHandshake createSession
INFO: Detected dialect: OSS
]]></system-err>
  </testcase>
  <testcase name="Enroll" classname="Tests.FranchisePartner" time="183.931">
    <failure message="Major Market expected [UA] but found [null]" type="java.lang.AssertionError">java.lang.AssertionError: Major Market expected [UA] but found [null]
	at Tests.FranchisePartner.Enroll(FranchisePartner.java:265)
</failure>
    <system-out><![CDATA[Request URL: https://hydraqa.unicity.net/v5a-test/quotes?&expand=item
Entry Quotes response : {"items":[{"lines":{"items":[{"item":{"href":"https:\/\/hydraqa.unicity.net\/v5a-test\/items\/4783bc4f67fc0973db246432c9a1806e","id":{"unicity":"26335"}},"quantity":"1","terms":{"priceEach":"154.8","taxEach":{"amount":"0"},"discountEach":{"amount":"0"},"pvEach":"100"}}]},"currency":"USD"},{"lines":{"items":[{"item":{"href":"https:\/\/hydraqa.unicity.net\/v5a-test\/items\/907836184d54d70ecd2a376eb6599651","id":{"unicity":"26820"}},"quantity":"1","terms":{"priceEach":"154.8","taxEach":{"amount":"0"},"discountEach":{"amount":"0"},"pvEach":"100"}}]},"currency":"USD"},{"lines":{"items":[{"item":{"href":"https:\/\/hydraqa.unicity.net\/v5a-test\/items\/63084c75bacb4ed1286d9375b47d8202","id":{"unicity":"27318"}},"quantity":"1","terms":{"priceEach":"154.8","taxEach":{"amount":"0"},"discountEach":{"amount":"0"},"pvEach":"100"}}]},"currency":"USD"},{"lines":{"items":[{"item":{"href":"https:\/\/hydraqa.unicity.net\/v5a-test\/items\/7dddf3a21ab7135d0a17906d8ca94351","id":{"unicity":"26416"}},"quantity":"1","terms":{"priceEach":"384.6","taxEach":{"amount":"0"},"discountEach":{"amount":"0"},"pvEach":"250"}}]},"currency":"USD"},{"lines":{"items":[{"item":{"href":"https:\/\/hydraqa.unicity.net\/v5a-test\/items\/8f4e682a90d84b101ce71633232cdcd5","id":{"unicity":"26738"}},"quantity":"1","terms":{"priceEach":"769.2","taxEach":{"amount":"0"},"discountEach":{"amount":"0"},"pvEach":"500"}}]},"currency":"USD"},{"lines":{"items":[{"item":{"href":"https:\/\/hydraqa.unicity.net\/v5a-test\/items\/88b2b19d9c94d9e5ebb0b8e49bd128bd","id":{"unicity":"28523"}},"quantity":"1","terms":{"priceEach":"769.2","taxEach":{"amount":"0"},"discountEach":{"amount":"0"},"pvEach":"500"}}]},"currency":"USD"},{"lines":{"items":[{"item":{"href":"https:\/\/hydraqa.unicity.net\/v5a-test\/items\/cb203269523dec0225d83276d40b53a6","id":{"unicity":"28524"}},"quantity":"1","terms":{"priceEach":"1538.4","taxEach":{"amount":"0"},"discountEach":{"amount":"0"},"pvEach":"1000"}}]},"currency":"USD"},{"lines":{"items":[{"item":{"href":"https:\/\/hydraqa.unicity.net\/v5a-test\/items\/1a2c3b4500d826d2ffdd3b684b179511","id":{"unicity":"27700"}},"quantity":"1","terms":{"priceEach":"177.89","taxEach":{"amount":"0"},"discountEach":{"amount":"0"},"pvEach":"100"}}]},"currency":"USD"},{"lines":{"items":[{"item":{"href":"https:\/\/hydraqa.unicity.net\/v5a-test\/items\/6447f84f6ef7782049a369b983428bb7","id":{"unicity":"31336"}},"quantity":"1","terms":{"priceEach":"351.22","taxEach":{"amount":"0"},"discountEach":{"amount":"0"},"pvEach":"255"}}]},"currency":"USD"},{"lines":{"items":[{"item":{"href":"https:\/\/hydraqa.unicity.net\/v5a-test\/items\/e9991b48ac639367d526d2b9b22fac8c","id":{"unicity":"32128"}},"quantity":"1","terms":{"priceEach":"472.22","taxEach":{"amount":"0"},"discountEach":{"amount":"0"},"pvEach":"321"}}]},"currency":"USD"},{"lines":{"items":[{"item":{"href":"https:\/\/hydraqa.unicity.net\/v5a-test\/items\/40b3312de189221d96d838d33a8ec49d","id":{"unicity":"32129"}},"quantity":"1","terms":{"priceEach":"472.22","taxEach":{"amount":"0"},"discountEach":{"amount":"0"},"pvEach":"326"}}]},"currency":"USD"},{"lines":{"items":[{"item":{"href":"https:\/\/hydraqa.unicity.net\/v5a-test\/items\/6bd168a66ce41003a8f30917deff5808","id":{"unicity":"32130"}},"quantity":"1","terms":{"priceEach":"447.82","taxEach":{"amount":"0"},"discountEach":{"amount":"0"},"pvEach":"304"}}]},"currency":"USD"},{"lines":{"items":[{"item":{"href":"https:\/\/hydraqa.unicity.net\/v5a-test\/items\/806f99b793edd7cd0b1c158ba0eb3142","id":{"unicity":"32132"}},"quantity":"1","terms":{"priceEach":"451.72","taxEach":{"amount":"0"},"discountEach":{"amount":"0"},"pvEach":"325"}}]},"currency":"USD"},{"lines":{"items":[{"item":{"href":"https:\/\/hydraqa.unicity.net\/v5a-test\/items\/e3d382d99fde8659cb146b54116e7654","id":{"unicity":"32133"}},"quantity":"1","terms":{"priceEach":"467.34","taxEach":{"amount":"0"},"discountEach":{"amount":"0"},"pvEach":"330"}}]},"currency":"USD"},{"lines":{"items":[{"item":{"href":"https:\/\/hydraqa.unicity.net\/v5a-test\/items\/022f109fe6e5eae3e521295a5cb94c60","id":{"unicity":"32134"}},"quantity":"1","terms":{"priceEach":"177.57","taxEach":{"amount":"0"},"discountEach":{"amount":"0"},"pvEach":"121"}}]},"currency":"USD"},{"lines":{"items":[{"item":{"href":"https:\/\/hydraqa.unicity.net\/v5a-test\/items\/ded00960d5e948dd8e511a9c752e1ff9","id":{"unicity":"32135"}},"quantity":"1","terms":{"priceEach":"200","taxEach":{"amount":"0"},"discountEach":{"amount":"0"},"pvEach":"153"}}]},"currency":"USD"},{"lines":{"items":[{"item":{"href":"https:\/\/hydraqa.unicity.net\/v5a-test\/items\/d8736cc35cf9f4734fd76da71c53dc05","id":{"unicity":"32136"}},"quantity":"1","terms":{"priceEach":"178.55","taxEach":{"amount":"0"},"discountEach":{"amount":"0"},"pvEach":"129"}}]},"currency":"USD"},{"lines":{"items":[{"item":{"href":"https:\/\/hydraqa.unicity.net\/v5a-test\/items\/166a69d45c4ae40278554e24d5f40443","id":{"unicity":"32137"}},"quantity":"1","terms":{"priceEach":"207.82","taxEach":{"amount":"0"},"discountEach":{"amount":"0"},"pvEach":"147"}}]},"currency":"USD"},{"lines":{"items":[{"item":{"href":"https:\/\/hydraqa.unicity.net\/v5a-test\/items\/d04a0b8762b20202b6273114fb7302d1","id":{"unicity":"32138"}},"quantity":"1","terms":{"priceEach":"281.97","taxEach":{"amount":"0"},"discountEach":{"amount":"0"},"pvEach":"192"}}]},"currency":"USD"},{"lines":{"items":[{"item":{"href":"https:\/\/hydraqa.unicity.net\/v5a-test\/items\/e13d0b5c40704ad5dd186959367c97f1","id":{"unicity":"32125"}},"quantity":"1","terms":{"priceEach":"467.35","taxEach":{"amount":"0"},"discountEach":{"amount":"0"},"pvEach":"309"}}]},"currency":"USD"},{"lines":{"items":[{"item":{"href":"https:\/\/hydraqa.unicity.net\/v5a-test\/items\/4e49c95f12ae7be78e5ffab68b8b3ca6","id":{"unicity":"26422"}},"quantity":"1","terms":{"priceEach":"24.39","taxEach":{"amount":"0"},"discountEach":{"amount":"0"},"pvEach":"18"}}]},"currency":"USD"},{"lines":{"items":[{"item":{"href":"https:\/\/hydraqa.unicity.net\/v5a-test\/items\/64ec7ad932acafab052a4e8800ad1238","id":{"unicity":"24758"}},"quantity":"1","terms":{"priceEach":"30","taxEach":{"amount":"0"},"discountEach":{"amount":"0"},"pvEach":"21"}}]},"currency":"USD"},{"lines":{"items":[{"item":{"href":"https:\/\/hydraqa.unicity.net\/v5a-test\/items\/f2cc736b6281ff58a9653802d7bf1499","id":{"unicity":"27383"}},"quantity":"1","terms":{"priceEach":"163.65","taxEach":{"amount":"0"},"discountEach":{"amount":"0"},"pvEach":"87"}}]},"currency":"USD"},{"lines":{"items":[{"item":{"href":"https:\/\/hydraqa.unicity.net\/v5a-test\/items\/2ed65f6d5d581854453959192a2b80e2","id":{"unicity":"27387"}},"quantity":"1","terms":{"priceEach":"818.25","taxEach":{"amount":"0"},"discountEach":{"amount":"0"},"pvEach":"435"}}]},"currency":"USD"},{"lines":{"items":[{"item":{"href":"https:\/\/hydraqa.unicity.net\/v5a-test\/items\/d3f8faeec753832d1ed49666ed2ee558","id":{"unicity":"27391"}},"quantity":"1","terms":{"priceEach":"1636.5","taxEach":{"amount":"0"},"discountEach":{"amount":"0"},"pvEach":"870"}}]},"currency":"USD"},{"lines":{"items":[{"item":{"href":"https:\/\/hydraqa.unicity.net\/v5a-test\/items\/978dadf1a2f8bfef8c5fef0654b57854","id":{"unicity":"29392"}},"quantity":"1","terms":{"priceEach":"417.14","taxEach":{"amount":"0"},"discountEach":{"amount":"0"},"pvEach":"250"}}]},"currency":"USD"},{"lines":{"items":[{"item":{"href":"https:\/\/hydraqa.unicity.net\/v5a-test\/items\/9e4c0893099d6d9478f237b7185d984a","id":{"unicity":"29394"}},"quantity":"1","terms":{"priceEach":"1668.56","taxEach":{"amount":"0"},"discountEach":{"amount":"0"},"pvEach":"1000"}}]},"currency":"USD"},{"lines":{"items":[{"item":{"href":"https:\/\/hydraqa.unicity.net\/v5a-test\/items\/93c9e59af645b5be5ccc6ceb76c5a8ba","id":{"unicity":"29393"}},"quantity":"1","terms":{"priceEach":"834.28","taxEach":{"amount":"0"},"discountEach":{"amount":"0"},"pvEach":"500"}}]},"currency":"USD"},{"lines":{"items":[{"item":{"href":"https:\/\/hydraqa.unicity.net\/v5a-test\/items\/a8a50dcc28c0df0867d1467e62ecebc0","id":{"unicity":"27382"}},"quantity":"1","terms":{"priceEach":"154.75","taxEach":{"amount":"0"},"discountEach":{"amount":"0"},"pvEach":"87"}}]},"currency":"USD"},{"lines":{"items":[{"item":{"href":"https:\/\/hydraqa.unicity.net\/v5a-test\/items\/045eca4c2854df4576f4627ffcdf7240","id":{"unicity":"27386"}},"quantity":"1","terms":{"priceEach":"773.75","taxEach":{"amount":"0"},"discountEach":{"amount":"0"},"pvEach":"435"}}]},"currency":"USD"},{"lines":{"items":[{"item":{"href":"https:\/\/hydraqa.unicity.net\/v5a-test\/items\/538fabae7ffee9db3b818505ca097af4","id":{"unicity":"27390"}},"quantity":"1","terms":{"priceEach":"1547.5","taxEach":{"amount":"0"},"discountEach":{"amount":"0"},"pvEach":"870"}}]},"currency":"USD"},{"lines":{"items":[{"item":{"href":"https:\/\/hydraqa.unicity.net\/v5a-test\/items\/66969761e98979a6fb4dd3b5c126b207","id":{"unicity":"27381"}},"quantity":"1","terms":{"priceEach":"173.14","taxEach":{"amount":"0"},"discountEach":{"amount":"0"},"pvEach":"87"}}]},"currency":"USD"},{"lines":{"items":[{"item":{"href":"https:\/\/hydraqa.unicity.net\/v5a-test\/items\/6bbd8e63de56e7e95448c9835f2547a7","id":{"unicity":"27385"}},"quantity":"1","terms":{"priceEach":"865.7","taxEach":{"amount":"0"},"discountEach":{"amount":"0"},"pvEach":"435"}}]},"currency":"USD"},{"lines":{"items":[{"item":{"href":"https:\/\/hydraqa.unicity.net\/v5a-test\/items\/11c78584cd934d06ef1d542038479e56","id":{"unicity":"27389"}},"quantity":"1","terms":{"priceEach":"1731.4","taxEach":{"amount":"0"},"discountEach":{"amount":"0"},"pvEach":"870"}}]},"currency":"USD"},{"lines":{"items":[{"item":{"href":"https:\/\/hydraqa.unicity.net\/v5a-test\/items\/ec4c2e40db621ea329b86538cc59281f","id":{"unicity":"30139"}},"quantity":"1","terms":{"priceEach":"176.42","taxEach":{"amount":"0"},"discountEach":{"amount":"0"},"pvEach":"100"}}]},"currency":"USD"},{"lines":{"items":[{"item":{"href":"https:\/\/hydraqa.unicity.net\/v5a-test\/items\/217ca02fbd24e21ca5281412756238ab","id":{"unicity":"32126"}},"quantity":"1","terms":{"priceEach":"184.39","taxEach":{"amount":"0"},"discountEach":{"amount":"0"},"pvEach":"121"}}]},"currency":"USD"},{"lines":{"items":[{"item":{"href":"https:\/\/hydraqa.unicity.net\/v5a-test\/items\/808008a0657d2033ad471c39bbce9891","id":{"unicity":"32127"}},"quantity":"1","terms":{"priceEach":"212.68","taxEach":{"amount":"0"},"discountEach":{"amount":"0"},"pvEach":"153"}}]},"currency":"USD"},{"lines":{"items":[{"item":{"href":"https:\/\/hydraqa.unicity.net\/v5a-test\/items\/1945faa1776541d53120ecfe3c1d8a2b","id":{"unicity":"24418"}},"quantity":"1","terms":{"priceEach":"2.95","taxEach":{"amount":"0"},"discountEach":{"amount":"0"},"pvEach":"0"}}]},"currency":"USD"},{"lines":{"items":[{"item":{"href":"https:\/\/hydraqa.unicity.net\/v5a-test\/items\/10da226fab00279b4f89df10af2a10b7","id":{"unicity":"26442"}},"quantity":"1","terms":{"priceEach":"10","taxEach":{"amount":"0"},"discountEach":{"amount":"0"},"pvEach":"0"}}]},"currency":"USD"},{"lines":{"items":[{"item":{"href":"https:\/\/hydraqa.unicity.net\/v5a-test\/items\/4b2034f47fce90b87bba28c5c2d7c25d","id":{"unicity":"15880"}},"quantity":"1","terms":{"priceEach":"57","taxEach":{"amount":"0"},"discountEach":{"amount":"0"},"pvEach":"41"}}]},"currency":"USD"},{"lines":{"items":[{"item":{"href":"https:\/\/hydraqa.unicity.net\/v5a-test\/items\/07a18bf285ba929cc0cef13173e4fee7","id":{"unicity":"29561"}},"quantity":"1","terms":{"priceEach":"95.7","taxEach":{"amount":"0"},"discountEach":{"amount":"0"},"pvEach":"50"}}]},"currency":"USD"},{"lines":{"items":[{"item":{"href":"https:\/\/hydraqa.unicity.net\/v5a-test\/items\/cf8afe623b2cb9e6d7704bbf344b5647","id":{"unicity":"26412"}},"quantity":"1","terms":{"priceEach":"98.14","taxEach":{"amount":"0"},"discountEach":{"amount":"0"},"pvEach":"50"}}]},"currency":"USD"},{"lines":{"items":[{"item":{"href":"https:\/\/hydraqa.unicity.net\/v5a-test\/items\/b2ce221111fa2c1fbd2fbffa7a05dcf1","id":{"unicity":"26736"}},"quantity":"1","terms":{"priceEach":"50","taxEach":{"amount":"0"},"discountEach":{"amount":"0"},"pvEach":"25"}}]},"currency":"USD"},{"lines":{"items":[{"item":{"href":"https:\/\/hydraqa.unicity.net\/v5a-test\/items\/187edbdbcf7a3f0ab8b6a359db53ed61","id":{"unicity":"26735"}},"quantity":"1","terms":{"priceEach":"79.75","taxEach":{"amount":"0"},"discountEach":{"amount":"0"},"pvEach":"50"}}]},"currency":"USD"},{"lines":{"items":[{"item":{"href":"https:\/\/hydraqa.unicity.net\/v5a-test\/items\/0158edb9832ad4983c259876efb9dadd","id":{"unicity":"29907"}},"quantity":"1","terms":{"priceEach":"14","taxEach":{"amount":"0"},"discountEach":{"amount":"0"},"pvEach":"11"}}]},"currency":"USD"},{"lines":{"items":[{"item":{"href":"https:\/\/hydraqa.unicity.net\/v5a-test\/items\/52c87f74d3b41ed49b0f897b66c2a99b","id":{"unicity":"30684"}},"quantity":"1","terms":{"priceEach":"47.8","taxEach":{"amount":"0"},"discountEach":{"amount":"0"},"pvEach":"30"}}]},"currency":"USD"},{"lines":{"items":[{"item":{"href":"https:\/\/hydraqa.unicity.net\/v5a-test\/items\/90f38f77c9e6ea5a71aa7377df83760b","id":{"unicity":"30198"}},"quantity":"1","terms":{"priceEach":"23","taxEach":{"amount":"0"},"discountEach":{"amount":"0"},"pvEach":"17"}}]},"currency":"USD"},{"lines":{"items":[{"item":{"href":"https:\/\/hydraqa.unicity.net\/v5a-test\/items\/7e5e7df32701fd44947c8146f2129f7a","id":{"unicity":"31672"}},"quantity":"1","terms":{"priceEach":"96.59","taxEach":{"amount":"0"},"discountEach":{"amount":"0"},"pvEach":"75"}}]},"currency":"USD"},{"lines":{"items":[{"item":{"href":"https:\/\/hydraqa.unicity.net\/v5a-test\/items\/75b870fdff12be635674216fe88d3204","id":{"unicity":"29984"}},"quantity":"1","terms":{"priceEach":"52","taxEach":{"amount":"0"},"discountEach":{"amount":"0"},"pvEach":"30"}}]},"currency":"USD"},{"lines":{"items":[{"item":{"href":"https:\/\/hydraqa.unicity.net\/v5a-test\/items\/4d23d73a0d3d3e5fe9c383822040a9b0","id":{"unicity":"32191"}},"quantity":"1","terms":{"priceEach":"1764.12","taxEach":{"amount":"0"},"discountEach":{"amount":"0"},"pvEach":"1204"}}]},"currency":"USD"},{"lines":{"items":[{"item":{"href":"https:\/\/hydraqa.unicity.net\/v5a-test\/items\/e9fe58342fff74ec4f4430f7c622816e","id":{"unicity":"31870"}},"quantity":"1","terms":{"priceEach":"25.37","taxEach":{"amount":"0"},"discountEach":{"amount":"0"},"pvEach":"11"}}]},"currency":"USD"},{"lines":{"items":[{"item":{"href":"https:\/\/hydraqa.unicity.net\/v5a-test\/items\/fbb6dbd577adb73abaec364076fb288f","id":{"unicity":"32087"}},"quantity":"1","terms":{"priceEach":"25.37","taxEach":{"amount":"0"},"discountEach":{"amount":"0"},"pvEach":"11"}}]},"currency":"USD"},{"lines":{"items":[{"item":{"href":"https:\/\/hydraqa.unicity.net\/v5a-test\/items\/35dcc0035e442bbe6482f178ec38522c","id":{"unicity":"31868"}},"quantity":"1","terms":{"priceEach":"25.37","taxEach":{"amount":"0"},"discountEach":{"amount":"0"},"pvEach":"11"}}]},"currency":"USD"}]}
Entry request : {"order":{"customer":{"href":"https://hydraqa.unicity.net/v5a-test/customers?type=Associate"},"shipToAddress":{"country":"UA"}},"vary":{"lines":{"items":[{"item":{"href":"https://hydraqa.unicity.net/v5a-test/items?id.unicity=26335|26820|27318|26416|26738|28523|28524|27700|31336|31763|32128|32129|32130|32132|32133|32134|32135|32136|32137|32138|32125|26422|24758|27383|27387|27391|29392|29394|29393|27382|27386|27390|27381|27385|27389|30139|32126|32127|24418|26442|15880|29561|26412|26736|26735|29907|30684|30198|31672|29984|32191|31870|32087|31868"}}]}}}
Request URL: https://hydraqa.unicity.net/v5a-test/customers.js?callback=angular.callbacks._1&expand=customer,profilePicture&id.unicity=36554001
Request URL: https://hydraqa.unicity.net/v5a-test/customers.js?_httpMethod=HEAD&callback=angular.callbacks._7&email=JJPFPL@gmail.com
Request URL: https://hydraqa.unicity.net/v5a-test/shippingmethods.js?callback=angular.callbacks._a&destination=UA&market=UA
{sponsor=36554001, gender=female, city=TestCity, signature=TestSignature, cartprice=397.07, enroller=36554001, responsedob=1995-12-18, language=English, locale=en, type=Associate, coapplicanttype=company, platform=QA, lname=TestLastName, password=Unicity, genderoption=Female, Currency=USD, commission=DD, api=7, companynametype=Partnership, fax=8217647322, email=JJPFPL@gmail.com, coapplicant=TestCompanyName, zip=84097, fname=TestFirstName, prefferd=Ukraine, address2=Address 2, address1=Address 1, holder=TestName, shippingmethod=type=Economy, version=v5a-test/, testcase=normal, market=Ukraine, phone=9823746323, dob=18/12/1995, proto=https://hydraqa.unicity.net/, marketcode=UA, iban=UA213996220000026007233566001, bankname=TestBankName, bic=DEUTDEFF, ccname=CCNameTest}
Request URL: https://hydraqa.unicity.net/v5a-test/orders.js
Entry request : {"customer":{"mainAddress":{"city":"TestCity","country":"UA","zip":"84097","address1":"Address 1","address2":"Address 2"},"humanName":{"firstName":"TestFirstName","lastName":"TestLastName"},"email":"JJPFPL@gmail.com","preferredLocale":"en-UA","password":{"value":"Unicity"},"gender":"female","maritalStatus":null,"type":"Associate","sponsor":{"href":"https://hydraqa.unicity.net/v5a-test/customers?id.unicity=36554001"},"enroller":{"href":"https://hydraqa.unicity.net/v5a-test/customers?id.unicity=36554001"},"homePhone":"9823746323","birthDate":"1995-12-18","depositBankAccount":{"iban":"UA213996220000026007233566001","bankName":"TestBankName","bic":"DEUTDEFF","accountHolder":"TestName"},"businessEntity":{"companyName":"TestCompanyName","legalType":"Corporation"},"rights":[{"holder":"Unicity","type":"SendEmails"}],"signature":{"value":"TestSignature"},"faxNumber":"8217647322"},"lines":{"items":[{"item":{"href":"https://hydraqa.unicity.net/v5a-test/items?id.unicity=32126"},"quantity":1},{"item":{"href":"https://hydraqa.unicity.net/v5a-test/items?id.unicity=32127"},"quantity":1}]},"shipToName":{"firstName":"TestFirstName","lastName":"TestLastName"},"shipToPhone":"9823746323","shipToEmail":"JJPFPL@gmail.com","shipToAddress":{"city":"TestCity","country":"UA","address1":"Address 1","address2":"Address 2","zip":"84097"},"shippingMethod":{"href":"https://hydraqa.unicity.net/v5a-test/shippingmethods?type=Economy"},"notes":"","transactions":{"items":[{"amount":"this.terms.total","type":"AuthorizeAndCapture","method":"CreditCard","methodDetails":{"creditCardNumber":"4111111111111111","payer":"CCNameTest","creditCardExpires":"2020-10","creditCardSecurityCode":"123"}}]}}
Entry response : {"meta":{"Link":"<http:\/\/unicity.github.io\/Hydra.php\/docs\/v5\/>; rel=\"help\"","X-Request-UUID":"05ed37c4-301b-4280-b936-b80978ab7084","X-Request-Release":"5-2020010701\/master","Cache-Control":"no-cache, must-revalidate","Expires":"0","X-Powered-By":"Luracast Restler v3.0.0rc5","Content-Type":"text\/javascript; charset=utf-8","Content-Language":"en","X-Status-Code":"400"},"data":{"error":{"code":400,"message":"Bad Request","error_code":"3014","error_message":"Incomplete bank-account details. Error#Q4K7R"}}}
Headers-->keep-alive
Headers-->1681
Headers-->application/json, text/plain, */*
Headers-->http://enroll.ng.unicityqa.com
Headers-->en-UA
]]></system-out>
    <system-err><![CDATA[Starting ChromeDriver 2.36.540470 (e522d04694c7ebea4ba8821272dbef4f9b818c91) on port 24768
Only local connections are allowed.
Jan 07, 2020 5:07:49 PM org.openqa.selenium.remote.ProtocolHandshake createSession
INFO: Detected dialect: OSS
]]></system-err>
  </testcase>
  <testcase name="Enroll" classname="Tests.FranchisePartner" time="182.745">
    <failure message="Major Market expected [UA] but found [null]" type="java.lang.AssertionError">java.lang.AssertionError: Major Market expected [UA] but found [null]
	at Tests.FranchisePartner.Enroll(FranchisePartner.java:265)
</failure>
    <system-out><![CDATA[Request URL: https://hydraqa.unicity.net/v5a-test/quotes?&expand=item
Entry Quotes response : {"items":[{"lines":{"items":[{"item":{"href":"https:\/\/hydraqa.unicity.net\/v5a-test\/items\/4783bc4f67fc0973db246432c9a1806e","id":{"unicity":"26335"}},"quantity":"1","terms":{"priceEach":"154.8","taxEach":{"amount":"0"},"discountEach":{"amount":"0"},"pvEach":"100"}}]},"currency":"USD"},{"lines":{"items":[{"item":{"href":"https:\/\/hydraqa.unicity.net\/v5a-test\/items\/907836184d54d70ecd2a376eb6599651","id":{"unicity":"26820"}},"quantity":"1","terms":{"priceEach":"154.8","taxEach":{"amount":"0"},"discountEach":{"amount":"0"},"pvEach":"100"}}]},"currency":"USD"},{"lines":{"items":[{"item":{"href":"https:\/\/hydraqa.unicity.net\/v5a-test\/items\/63084c75bacb4ed1286d9375b47d8202","id":{"unicity":"27318"}},"quantity":"1","terms":{"priceEach":"154.8","taxEach":{"amount":"0"},"discountEach":{"amount":"0"},"pvEach":"100"}}]},"currency":"USD"},{"lines":{"items":[{"item":{"href":"https:\/\/hydraqa.unicity.net\/v5a-test\/items\/7dddf3a21ab7135d0a17906d8ca94351","id":{"unicity":"26416"}},"quantity":"1","terms":{"priceEach":"384.6","taxEach":{"amount":"0"},"discountEach":{"amount":"0"},"pvEach":"250"}}]},"currency":"USD"},{"lines":{"items":[{"item":{"href":"https:\/\/hydraqa.unicity.net\/v5a-test\/items\/8f4e682a90d84b101ce71633232cdcd5","id":{"unicity":"26738"}},"quantity":"1","terms":{"priceEach":"769.2","taxEach":{"amount":"0"},"discountEach":{"amount":"0"},"pvEach":"500"}}]},"currency":"USD"},{"lines":{"items":[{"item":{"href":"https:\/\/hydraqa.unicity.net\/v5a-test\/items\/88b2b19d9c94d9e5ebb0b8e49bd128bd","id":{"unicity":"28523"}},"quantity":"1","terms":{"priceEach":"769.2","taxEach":{"amount":"0"},"discountEach":{"amount":"0"},"pvEach":"500"}}]},"currency":"USD"},{"lines":{"items":[{"item":{"href":"https:\/\/hydraqa.unicity.net\/v5a-test\/items\/cb203269523dec0225d83276d40b53a6","id":{"unicity":"28524"}},"quantity":"1","terms":{"priceEach":"1538.4","taxEach":{"amount":"0"},"discountEach":{"amount":"0"},"pvEach":"1000"}}]},"currency":"USD"},{"lines":{"items":[{"item":{"href":"https:\/\/hydraqa.unicity.net\/v5a-test\/items\/1a2c3b4500d826d2ffdd3b684b179511","id":{"unicity":"27700"}},"quantity":"1","terms":{"priceEach":"177.89","taxEach":{"amount":"0"},"discountEach":{"amount":"0"},"pvEach":"100"}}]},"currency":"USD"},{"lines":{"items":[{"item":{"href":"https:\/\/hydraqa.unicity.net\/v5a-test\/items\/6447f84f6ef7782049a369b983428bb7","id":{"unicity":"31336"}},"quantity":"1","terms":{"priceEach":"351.22","taxEach":{"amount":"0"},"discountEach":{"amount":"0"},"pvEach":"255"}}]},"currency":"USD"},{"lines":{"items":[{"item":{"href":"https:\/\/hydraqa.unicity.net\/v5a-test\/items\/e9991b48ac639367d526d2b9b22fac8c","id":{"unicity":"32128"}},"quantity":"1","terms":{"priceEach":"472.22","taxEach":{"amount":"0"},"discountEach":{"amount":"0"},"pvEach":"321"}}]},"currency":"USD"},{"lines":{"items":[{"item":{"href":"https:\/\/hydraqa.unicity.net\/v5a-test\/items\/40b3312de189221d96d838d33a8ec49d","id":{"unicity":"32129"}},"quantity":"1","terms":{"priceEach":"472.22","taxEach":{"amount":"0"},"discountEach":{"amount":"0"},"pvEach":"326"}}]},"currency":"USD"},{"lines":{"items":[{"item":{"href":"https:\/\/hydraqa.unicity.net\/v5a-test\/items\/6bd168a66ce41003a8f30917deff5808","id":{"unicity":"32130"}},"quantity":"1","terms":{"priceEach":"447.82","taxEach":{"amount":"0"},"discountEach":{"amount":"0"},"pvEach":"304"}}]},"currency":"USD"},{"lines":{"items":[{"item":{"href":"https:\/\/hydraqa.unicity.net\/v5a-test\/items\/806f99b793edd7cd0b1c158ba0eb3142","id":{"unicity":"32132"}},"quantity":"1","terms":{"priceEach":"451.72","taxEach":{"amount":"0"},"discountEach":{"amount":"0"},"pvEach":"325"}}]},"currency":"USD"},{"lines":{"items":[{"item":{"href":"https:\/\/hydraqa.unicity.net\/v5a-test\/items\/e3d382d99fde8659cb146b54116e7654","id":{"unicity":"32133"}},"quantity":"1","terms":{"priceEach":"467.34","taxEach":{"amount":"0"},"discountEach":{"amount":"0"},"pvEach":"330"}}]},"currency":"USD"},{"lines":{"items":[{"item":{"href":"https:\/\/hydraqa.unicity.net\/v5a-test\/items\/022f109fe6e5eae3e521295a5cb94c60","id":{"unicity":"32134"}},"quantity":"1","terms":{"priceEach":"177.57","taxEach":{"amount":"0"},"discountEach":{"amount":"0"},"pvEach":"121"}}]},"currency":"USD"},{"lines":{"items":[{"item":{"href":"https:\/\/hydraqa.unicity.net\/v5a-test\/items\/ded00960d5e948dd8e511a9c752e1ff9","id":{"unicity":"32135"}},"quantity":"1","terms":{"priceEach":"200","taxEach":{"amount":"0"},"discountEach":{"amount":"0"},"pvEach":"153"}}]},"currency":"USD"},{"lines":{"items":[{"item":{"href":"https:\/\/hydraqa.unicity.net\/v5a-test\/items\/d8736cc35cf9f4734fd76da71c53dc05","id":{"unicity":"32136"}},"quantity":"1","terms":{"priceEach":"178.55","taxEach":{"amount":"0"},"discountEach":{"amount":"0"},"pvEach":"129"}}]},"currency":"USD"},{"lines":{"items":[{"item":{"href":"https:\/\/hydraqa.unicity.net\/v5a-test\/items\/166a69d45c4ae40278554e24d5f40443","id":{"unicity":"32137"}},"quantity":"1","terms":{"priceEach":"207.82","taxEach":{"amount":"0"},"discountEach":{"amount":"0"},"pvEach":"147"}}]},"currency":"USD"},{"lines":{"items":[{"item":{"href":"https:\/\/hydraqa.unicity.net\/v5a-test\/items\/d04a0b8762b20202b6273114fb7302d1","id":{"unicity":"32138"}},"quantity":"1","terms":{"priceEach":"281.97","taxEach":{"amount":"0"},"discountEach":{"amount":"0"},"pvEach":"192"}}]},"currency":"USD"},{"lines":{"items":[{"item":{"href":"https:\/\/hydraqa.unicity.net\/v5a-test\/items\/e13d0b5c40704ad5dd186959367c97f1","id":{"unicity":"32125"}},"quantity":"1","terms":{"priceEach":"467.35","taxEach":{"amount":"0"},"discountEach":{"amount":"0"},"pvEach":"309"}}]},"currency":"USD"},{"lines":{"items":[{"item":{"href":"https:\/\/hydraqa.unicity.net\/v5a-test\/items\/4e49c95f12ae7be78e5ffab68b8b3ca6","id":{"unicity":"26422"}},"quantity":"1","terms":{"priceEach":"24.39","taxEach":{"amount":"0"},"discountEach":{"amount":"0"},"pvEach":"18"}}]},"currency":"USD"},{"lines":{"items":[{"item":{"href":"https:\/\/hydraqa.unicity.net\/v5a-test\/items\/64ec7ad932acafab052a4e8800ad1238","id":{"unicity":"24758"}},"quantity":"1","terms":{"priceEach":"30","taxEach":{"amount":"0"},"discountEach":{"amount":"0"},"pvEach":"21"}}]},"currency":"USD"},{"lines":{"items":[{"item":{"href":"https:\/\/hydraqa.unicity.net\/v5a-test\/items\/f2cc736b6281ff58a9653802d7bf1499","id":{"unicity":"27383"}},"quantity":"1","terms":{"priceEach":"163.65","taxEach":{"amount":"0"},"discountEach":{"amount":"0"},"pvEach":"87"}}]},"currency":"USD"},{"lines":{"items":[{"item":{"href":"https:\/\/hydraqa.unicity.net\/v5a-test\/items\/2ed65f6d5d581854453959192a2b80e2","id":{"unicity":"27387"}},"quantity":"1","terms":{"priceEach":"818.25","taxEach":{"amount":"0"},"discountEach":{"amount":"0"},"pvEach":"435"}}]},"currency":"USD"},{"lines":{"items":[{"item":{"href":"https:\/\/hydraqa.unicity.net\/v5a-test\/items\/d3f8faeec753832d1ed49666ed2ee558","id":{"unicity":"27391"}},"quantity":"1","terms":{"priceEach":"1636.5","taxEach":{"amount":"0"},"discountEach":{"amount":"0"},"pvEach":"870"}}]},"currency":"USD"},{"lines":{"items":[{"item":{"href":"https:\/\/hydraqa.unicity.net\/v5a-test\/items\/978dadf1a2f8bfef8c5fef0654b57854","id":{"unicity":"29392"}},"quantity":"1","terms":{"priceEach":"417.14","taxEach":{"amount":"0"},"discountEach":{"amount":"0"},"pvEach":"250"}}]},"currency":"USD"},{"lines":{"items":[{"item":{"href":"https:\/\/hydraqa.unicity.net\/v5a-test\/items\/9e4c0893099d6d9478f237b7185d984a","id":{"unicity":"29394"}},"quantity":"1","terms":{"priceEach":"1668.56","taxEach":{"amount":"0"},"discountEach":{"amount":"0"},"pvEach":"1000"}}]},"currency":"USD"},{"lines":{"items":[{"item":{"href":"https:\/\/hydraqa.unicity.net\/v5a-test\/items\/93c9e59af645b5be5ccc6ceb76c5a8ba","id":{"unicity":"29393"}},"quantity":"1","terms":{"priceEach":"834.28","taxEach":{"amount":"0"},"discountEach":{"amount":"0"},"pvEach":"500"}}]},"currency":"USD"},{"lines":{"items":[{"item":{"href":"https:\/\/hydraqa.unicity.net\/v5a-test\/items\/a8a50dcc28c0df0867d1467e62ecebc0","id":{"unicity":"27382"}},"quantity":"1","terms":{"priceEach":"154.75","taxEach":{"amount":"0"},"discountEach":{"amount":"0"},"pvEach":"87"}}]},"currency":"USD"},{"lines":{"items":[{"item":{"href":"https:\/\/hydraqa.unicity.net\/v5a-test\/items\/045eca4c2854df4576f4627ffcdf7240","id":{"unicity":"27386"}},"quantity":"1","terms":{"priceEach":"773.75","taxEach":{"amount":"0"},"discountEach":{"amount":"0"},"pvEach":"435"}}]},"currency":"USD"},{"lines":{"items":[{"item":{"href":"https:\/\/hydraqa.unicity.net\/v5a-test\/items\/538fabae7ffee9db3b818505ca097af4","id":{"unicity":"27390"}},"quantity":"1","terms":{"priceEach":"1547.5","taxEach":{"amount":"0"},"discountEach":{"amount":"0"},"pvEach":"870"}}]},"currency":"USD"},{"lines":{"items":[{"item":{"href":"https:\/\/hydraqa.unicity.net\/v5a-test\/items\/66969761e98979a6fb4dd3b5c126b207","id":{"unicity":"27381"}},"quantity":"1","terms":{"priceEach":"173.14","taxEach":{"amount":"0"},"discountEach":{"amount":"0"},"pvEach":"87"}}]},"currency":"USD"},{"lines":{"items":[{"item":{"href":"https:\/\/hydraqa.unicity.net\/v5a-test\/items\/6bbd8e63de56e7e95448c9835f2547a7","id":{"unicity":"27385"}},"quantity":"1","terms":{"priceEach":"865.7","taxEach":{"amount":"0"},"discountEach":{"amount":"0"},"pvEach":"435"}}]},"currency":"USD"},{"lines":{"items":[{"item":{"href":"https:\/\/hydraqa.unicity.net\/v5a-test\/items\/11c78584cd934d06ef1d542038479e56","id":{"unicity":"27389"}},"quantity":"1","terms":{"priceEach":"1731.4","taxEach":{"amount":"0"},"discountEach":{"amount":"0"},"pvEach":"870"}}]},"currency":"USD"},{"lines":{"items":[{"item":{"href":"https:\/\/hydraqa.unicity.net\/v5a-test\/items\/ec4c2e40db621ea329b86538cc59281f","id":{"unicity":"30139"}},"quantity":"1","terms":{"priceEach":"176.42","taxEach":{"amount":"0"},"discountEach":{"amount":"0"},"pvEach":"100"}}]},"currency":"USD"},{"lines":{"items":[{"item":{"href":"https:\/\/hydraqa.unicity.net\/v5a-test\/items\/217ca02fbd24e21ca5281412756238ab","id":{"unicity":"32126"}},"quantity":"1","terms":{"priceEach":"184.39","taxEach":{"amount":"0"},"discountEach":{"amount":"0"},"pvEach":"121"}}]},"currency":"USD"},{"lines":{"items":[{"item":{"href":"https:\/\/hydraqa.unicity.net\/v5a-test\/items\/808008a0657d2033ad471c39bbce9891","id":{"unicity":"32127"}},"quantity":"1","terms":{"priceEach":"212.68","taxEach":{"amount":"0"},"discountEach":{"amount":"0"},"pvEach":"153"}}]},"currency":"USD"},{"lines":{"items":[{"item":{"href":"https:\/\/hydraqa.unicity.net\/v5a-test\/items\/1945faa1776541d53120ecfe3c1d8a2b","id":{"unicity":"24418"}},"quantity":"1","terms":{"priceEach":"2.95","taxEach":{"amount":"0"},"discountEach":{"amount":"0"},"pvEach":"0"}}]},"currency":"USD"},{"lines":{"items":[{"item":{"href":"https:\/\/hydraqa.unicity.net\/v5a-test\/items\/10da226fab00279b4f89df10af2a10b7","id":{"unicity":"26442"}},"quantity":"1","terms":{"priceEach":"10","taxEach":{"amount":"0"},"discountEach":{"amount":"0"},"pvEach":"0"}}]},"currency":"USD"},{"lines":{"items":[{"item":{"href":"https:\/\/hydraqa.unicity.net\/v5a-test\/items\/4b2034f47fce90b87bba28c5c2d7c25d","id":{"unicity":"15880"}},"quantity":"1","terms":{"priceEach":"57","taxEach":{"amount":"0"},"discountEach":{"amount":"0"},"pvEach":"41"}}]},"currency":"USD"},{"lines":{"items":[{"item":{"href":"https:\/\/hydraqa.unicity.net\/v5a-test\/items\/07a18bf285ba929cc0cef13173e4fee7","id":{"unicity":"29561"}},"quantity":"1","terms":{"priceEach":"95.7","taxEach":{"amount":"0"},"discountEach":{"amount":"0"},"pvEach":"50"}}]},"currency":"USD"},{"lines":{"items":[{"item":{"href":"https:\/\/hydraqa.unicity.net\/v5a-test\/items\/cf8afe623b2cb9e6d7704bbf344b5647","id":{"unicity":"26412"}},"quantity":"1","terms":{"priceEach":"98.14","taxEach":{"amount":"0"},"discountEach":{"amount":"0"},"pvEach":"50"}}]},"currency":"USD"},{"lines":{"items":[{"item":{"href":"https:\/\/hydraqa.unicity.net\/v5a-test\/items\/b2ce221111fa2c1fbd2fbffa7a05dcf1","id":{"unicity":"26736"}},"quantity":"1","terms":{"priceEach":"50","taxEach":{"amount":"0"},"discountEach":{"amount":"0"},"pvEach":"25"}}]},"currency":"USD"},{"lines":{"items":[{"item":{"href":"https:\/\/hydraqa.unicity.net\/v5a-test\/items\/187edbdbcf7a3f0ab8b6a359db53ed61","id":{"unicity":"26735"}},"quantity":"1","terms":{"priceEach":"79.75","taxEach":{"amount":"0"},"discountEach":{"amount":"0"},"pvEach":"50"}}]},"currency":"USD"},{"lines":{"items":[{"item":{"href":"https:\/\/hydraqa.unicity.net\/v5a-test\/items\/0158edb9832ad4983c259876efb9dadd","id":{"unicity":"29907"}},"quantity":"1","terms":{"priceEach":"14","taxEach":{"amount":"0"},"discountEach":{"amount":"0"},"pvEach":"11"}}]},"currency":"USD"},{"lines":{"items":[{"item":{"href":"https:\/\/hydraqa.unicity.net\/v5a-test\/items\/52c87f74d3b41ed49b0f897b66c2a99b","id":{"unicity":"30684"}},"quantity":"1","terms":{"priceEach":"47.8","taxEach":{"amount":"0"},"discountEach":{"amount":"0"},"pvEach":"30"}}]},"currency":"USD"},{"lines":{"items":[{"item":{"href":"https:\/\/hydraqa.unicity.net\/v5a-test\/items\/90f38f77c9e6ea5a71aa7377df83760b","id":{"unicity":"30198"}},"quantity":"1","terms":{"priceEach":"23","taxEach":{"amount":"0"},"discountEach":{"amount":"0"},"pvEach":"17"}}]},"currency":"USD"},{"lines":{"items":[{"item":{"href":"https:\/\/hydraqa.unicity.net\/v5a-test\/items\/7e5e7df32701fd44947c8146f2129f7a","id":{"unicity":"31672"}},"quantity":"1","terms":{"priceEach":"96.59","taxEach":{"amount":"0"},"discountEach":{"amount":"0"},"pvEach":"75"}}]},"currency":"USD"},{"lines":{"items":[{"item":{"href":"https:\/\/hydraqa.unicity.net\/v5a-test\/items\/75b870fdff12be635674216fe88d3204","id":{"unicity":"29984"}},"quantity":"1","terms":{"priceEach":"52","taxEach":{"amount":"0"},"discountEach":{"amount":"0"},"pvEach":"30"}}]},"currency":"USD"},{"lines":{"items":[{"item":{"href":"https:\/\/hydraqa.unicity.net\/v5a-test\/items\/4d23d73a0d3d3e5fe9c383822040a9b0","id":{"unicity":"32191"}},"quantity":"1","terms":{"priceEach":"1764.12","taxEach":{"amount":"0"},"discountEach":{"amount":"0"},"pvEach":"1204"}}]},"currency":"USD"},{"lines":{"items":[{"item":{"href":"https:\/\/hydraqa.unicity.net\/v5a-test\/items\/e9fe58342fff74ec4f4430f7c622816e","id":{"unicity":"31870"}},"quantity":"1","terms":{"priceEach":"25.37","taxEach":{"amount":"0"},"discountEach":{"amount":"0"},"pvEach":"11"}}]},"currency":"USD"},{"lines":{"items":[{"item":{"href":"https:\/\/hydraqa.unicity.net\/v5a-test\/items\/fbb6dbd577adb73abaec364076fb288f","id":{"unicity":"32087"}},"quantity":"1","terms":{"priceEach":"25.37","taxEach":{"amount":"0"},"discountEach":{"amount":"0"},"pvEach":"11"}}]},"currency":"USD"},{"lines":{"items":[{"item":{"href":"https:\/\/hydraqa.unicity.net\/v5a-test\/items\/35dcc0035e442bbe6482f178ec38522c","id":{"unicity":"31868"}},"quantity":"1","terms":{"priceEach":"25.37","taxEach":{"amount":"0"},"discountEach":{"amount":"0"},"pvEach":"11"}}]},"currency":"USD"}]}
Entry request : {"order":{"customer":{"href":"https://hydraqa.unicity.net/v5a-test/customers?type=Associate"},"shipToAddress":{"country":"UA"}},"vary":{"lines":{"items":[{"item":{"href":"https://hydraqa.unicity.net/v5a-test/items?id.unicity=26335|26820|27318|26416|26738|28523|28524|27700|31336|31763|32128|32129|32130|32132|32133|32134|32135|32136|32137|32138|32125|26422|24758|27383|27387|27391|29392|29394|29393|27382|27386|27390|27381|27385|27389|30139|32126|32127|24418|26442|15880|29561|26412|26736|26735|29907|30684|30198|31672|29984|32191|31870|32087|31868"}}]}}}
Request URL: https://hydraqa.unicity.net/v5a-test/customers.js?callback=angular.callbacks._1&expand=customer,profilePicture&id.unicity=36554001
Request URL: https://hydraqa.unicity.net/v5a-test/customers.js?_httpMethod=HEAD&callback=angular.callbacks._7&email=ALBGDL@gmail.com
Request URL: https://hydraqa.unicity.net/v5a-test/shippingmethods.js?callback=angular.callbacks._a&destination=UA&market=UA
{sponsor=36554001, gender=female, city=TestCity, signature=TestSignature, cartprice=1944.08, enroller=36554001, responsedob=1992-05-20, language=???????, locale=ru, type=Associate, coapplicanttype=company, platform=QA, lname=TestLastName, password=Unicity, genderoption=???????, Currency=USD, commission=DD, api=7, companynametype=???????????, fax=8217647322, email=ALBGDL@gmail.com, coapplicant=TestCompanyName, zip=84097, fname=TestFirstName, prefferd=Ukraine, address2=Address 2, address1=Address 1, holder=TestName, shippingmethod=type=Economy, version=v5a-test/, testcase=normal, market=Ukraine, phone=9823746323, dob=20/05/1992, proto=https://hydraqa.unicity.net/, marketcode=UA, iban=UA213996220000026007233566001, bankname=TestBankName, bic=DEUTDEFF, ccname=CCNameTest}
Request URL: https://hydraqa.unicity.net/v5a-test/orders.js
Entry request : {"customer":{"mainAddress":{"city":"TestCity","country":"UA","zip":"84097","address1":"Address 1","address2":"Address 2"},"humanName":{"firstName":"TestFirstName","lastName":"TestLastName"},"email":"ALBGDL@gmail.com","preferredLocale":"ru-UA","password":{"value":"Unicity"},"gender":"female","maritalStatus":null,"type":"Associate","sponsor":{"href":"https://hydraqa.unicity.net/v5a-test/customers?id.unicity=36554001"},"enroller":{"href":"https://hydraqa.unicity.net/v5a-test/customers?id.unicity=36554001"},"homePhone":"9823746323","birthDate":"1992-05-20","depositBankAccount":{"iban":"UA213996220000026007233566001","bankName":"TestBankName","bic":"DEUTDEFF","accountHolder":"TestName"},"businessEntity":{"companyName":"TestCompanyName","legalType":"Corporation"},"rights":[{"holder":"Upline","type":"SendEmails"}],"signature":{"value":"TestSignature"},"faxNumber":"8217647322"},"lines":{"items":[{"item":{"href":"https://hydraqa.unicity.net/v5a-test/items?id.unicity=27389"},"quantity":1},{"item":{"href":"https://hydraqa.unicity.net/v5a-test/items?id.unicity=32127"},"quantity":1}]},"shipToName":{"firstName":"TestFirstName","lastName":"TestLastName"},"shipToPhone":"9823746323","shipToEmail":"ALBGDL@gmail.com","shipToAddress":{"city":"TestCity","country":"UA","address1":"Address 1","address2":"Address 2","zip":"84097"},"shippingMethod":{"href":"https://hydraqa.unicity.net/v5a-test/shippingmethods?type=Economy"},"notes":"","transactions":{"items":[{"amount":"this.terms.total","type":"AuthorizeAndCapture","method":"CreditCard","methodDetails":{"creditCardNumber":"4111111111111111","payer":"CCNameTest","creditCardExpires":"2020-10","creditCardSecurityCode":"123"}}]}}
Entry response : {"meta":{"Link":"<http:\/\/unicity.github.io\/Hydra.php\/docs\/v5\/>; rel=\"help\"","X-Request-UUID":"eb03c012-3530-41dc-8d50-674eed897659","X-Request-Release":"5-2020010701\/master","Cache-Control":"no-cache, must-revalidate","Expires":"0","X-Powered-By":"Luracast Restler v3.0.0rc5","Content-Type":"text\/javascript; charset=utf-8","Content-Language":"en","X-Status-Code":"400"},"data":{"error":{"code":400,"message":"Bad Request","error_code":"3014","error_message":"Incomplete bank-account details. Error#B3W3R"}}}
Headers-->keep-alive
Headers-->1680
Headers-->application/json, text/plain, */*
Headers-->http://enroll.ng.unicityqa.com
Headers-->ru-UA
]]></system-out>
    <system-err><![CDATA[Starting ChromeDriver 2.36.540470 (e522d04694c7ebea4ba8821272dbef4f9b818c91) on port 44230
Only local connections are allowed.
Jan 07, 2020 5:11:00 PM org.openqa.selenium.remote.ProtocolHandshake createSession
INFO: Detected dialect: OSS
]]></system-err>
  </testcase>
  <testcase name="Enroll" classname="Tests.FranchisePartner" time="318.345"/>
  <testcase name="PassReferralID" classname="Tests.ReferralIDPassing" time="292.627">
    <failure message="Major AR Pack href expected [https://hydraqa.unicity.net/v5a-test/items?id.unicity=26580] but found []" type="java.lang.AssertionError">java.lang.AssertionError: Major AR Pack href expected [https://hydraqa.unicity.net/v5a-test/items?id.unicity=26580] but found []
	at Tests.ReferralIDPassing.PassReferralID(ReferralIDPassing.java:60)
</failure>
    <system-out><![CDATA[Request URL: https://hydraqa.unicity.net/v5a-test/quotes?&expand=item
Entry Quotes response : {"items":[{"currency":"USD","lines":{"items":[{"item":{"href":"https:\/\/hydraqa.unicity.net\/v5a-test\/items\/50747027a065cb8361c1f0d6eb880466","id":{"unicity":"32030"}},"terms":{"priceEach":"143.0000","pvEach":"102.0000"},"quantity":1}]}},{"currency":"USD","lines":{"items":[{"item":{"href":"https:\/\/hydraqa.unicity.net\/v5a-test\/items\/d306a0b65f27f19b4968e5c05906a9f4","id":{"unicity":"31314"}},"terms":{"priceEach":"384.0000","pvEach":"266.0000"},"quantity":1}]}},{"currency":"USD","lines":{"items":[{"item":{"href":"https:\/\/hydraqa.unicity.net\/v5a-test\/items\/716b7a0bca7fa73e42e000d668e7ee65","id":{"unicity":"15129"}},"terms":{"priceEach":"21.0000","pvEach":"10.0000"},"quantity":1}]}},{"currency":"USD","lines":{"items":[{"item":{"href":"https:\/\/hydraqa.unicity.net\/v5a-test\/items\/9a7715e888c94989d898fe4653645721","id":{"unicity":"26550"}},"terms":{"priceEach":"80.0000","pvEach":"52.0000"},"quantity":1}]}},{"currency":"USD","lines":{"items":[{"item":{"href":"https:\/\/hydraqa.unicity.net\/v5a-test\/items\/80a898d805f759925797847a176bf62f","id":{"unicity":"26551"}},"terms":{"priceEach":"80.0000","pvEach":"52.0000"},"quantity":1}]}},{"currency":"USD","lines":{"items":[{"item":{"href":"https:\/\/hydraqa.unicity.net\/v5a-test\/items\/292b6aee9c1193e9488e9ae6e3a845e4","id":{"unicity":"29684"}},"terms":{"priceEach":"242.0000","pvEach":"144.0000"},"quantity":1}]}},{"currency":"USD","lines":{"items":[{"item":{"href":"https:\/\/hydraqa.unicity.net\/v5a-test\/items\/fbb319232b7eed110794d46a68302acb","id":{"unicity":"31847"}},"terms":{"priceEach":"120.0000","pvEach":"80.0000"},"quantity":1}]}},{"currency":"USD","lines":{"items":[{"item":{"href":"https:\/\/hydraqa.unicity.net\/v5a-test\/items\/077823d29445b9020de9931f10c63efd","id":{"unicity":"31958"}},"terms":{"priceEach":"129.0000","pvEach":"85.0000"},"quantity":1}]}},{"currency":"USD","lines":{"items":[{"item":{"href":"https:\/\/hydraqa.unicity.net\/v5a-test\/items\/00c2eb70c985722ce208490aece00945","id":{"unicity":"31729"}},"terms":{"priceEach":"143.0000","pvEach":"100.0000"},"quantity":1}]}},{"currency":"USD","lines":{"items":[{"item":{"href":"https:\/\/hydraqa.unicity.net\/v5a-test\/items\/89b6d29a85a88d44d65bc8cca3fefc65","id":{"unicity":"31845"}},"terms":{"priceEach":"143.0000","pvEach":"100.0000"},"quantity":1}]}},{"currency":"USD","lines":{"items":[{"item":{"href":"https:\/\/hydraqa.unicity.net\/v5a-test\/items\/3875e24e6b6ebdf36c79d205614ed51e","id":{"unicity":"31846"}},"terms":{"priceEach":"126.0000","pvEach":"94.0000"},"quantity":1}]}},{"currency":"USD","lines":{"items":[{"item":{"href":"https:\/\/hydraqa.unicity.net\/v5a-test\/items\/b770fd1942955660a50e8fd83337641d","id":{"unicity":"31842"}},"terms":{"priceEach":"129.0000","pvEach":"85.0000"},"quantity":1}]}},{"currency":"USD","lines":{"items":[{"item":{"href":"https:\/\/hydraqa.unicity.net\/v5a-test\/items\/5bda067b70c43971650a6ef983f612e4","id":{"unicity":"31728"}},"terms":{"priceEach":"126.0000","pvEach":"94.0000"},"quantity":1}]}},{"currency":"USD","lines":{"items":[{"item":{"href":"https:\/\/hydraqa.unicity.net\/v5a-test\/items\/693a7c4a70b06a00471afe8d6cae5023","id":{"unicity":"31730"}},"terms":{"priceEach":"120.0000","pvEach":"80.0000"},"quantity":1}]}},{"currency":"USD","lines":{"items":[{"item":{"href":"https:\/\/hydraqa.unicity.net\/v5a-test\/items\/ccb242d74dcb1fe621cc7bfe1b1de315","id":{"unicity":"31731"}},"terms":{"priceEach":"89.0000","pvEach":"61.0000"},"quantity":1}]}},{"currency":"USD","lines":{"items":[{"item":{"href":"https:\/\/hydraqa.unicity.net\/v5a-test\/items\/6767ae650e0af3c34b3d4d60b5b79e99","id":{"unicity":"31727"}},"terms":{"priceEach":"129.0000","pvEach":"85.0000"},"quantity":1}]}},{"currency":"USD","lines":{"items":[{"item":{"href":"https:\/\/hydraqa.unicity.net\/v5a-test\/items\/764e2db430d361da99e8f6b70c4d0244","id":{"unicity":"29830"}},"terms":{"priceEach":"16.0000","pvEach":"7.0000"},"quantity":1}]}},{"currency":"USD","lines":{"items":[{"item":{"href":"https:\/\/hydraqa.unicity.net\/v5a-test\/items\/8b5ed9aa6c6132e1be5e446f69a3465e","id":{"unicity":"0954"}},"terms":{"priceEach":"20.0000","pvEach":"15.0000"},"quantity":1}]}},{"currency":"USD","lines":{"items":[{"item":{"href":"https:\/\/hydraqa.unicity.net\/v5a-test\/items\/b91affa753dd5ee8a9acef4fa7e2c9a7","id":{"unicity":"30414"}},"terms":{"priceEach":"94.0000","pvEach":"65.0000"},"quantity":1}]}},{"currency":"USD","lines":{"items":[{"item":{"href":"https:\/\/hydraqa.unicity.net\/v5a-test\/items\/9d9d002b0e21b9bd58ad0154a4f781c5","id":{"unicity":"28836"}},"terms":{"priceEach":"56.0000","pvEach":"36.0000"},"quantity":1}]}},{"currency":"USD","lines":{"items":[{"item":{"href":"https:\/\/hydraqa.unicity.net\/v5a-test\/items\/0d38f7ee31f3710be877245655d18e8c","id":{"unicity":"22888"}},"terms":{"priceEach":"74.0000","pvEach":"50.0000"},"quantity":1}]}},{"currency":"USD","lines":{"items":[{"item":{"href":"https:\/\/hydraqa.unicity.net\/v5a-test\/items\/399be8efa903b362515c48315ab2afb9","id":{"unicity":"15712"}},"terms":{"priceEach":"14.0000","pvEach":"5.0000"},"quantity":1}]}},{"currency":"USD","lines":{"items":[{"item":{"href":"https:\/\/hydraqa.unicity.net\/v5a-test\/items\/390a7ae70d5669561ecdf7d5cff2671b","id":{"unicity":"15271"}},"terms":{"priceEach":"69.0000","pvEach":"27.0000"},"quantity":1}]}},{"currency":"USD","lines":{"items":[{"item":{"href":"https:\/\/hydraqa.unicity.net\/v5a-test\/items\/933f0856fd8ec1df83c5283dabf4ec3c","id":{"unicity":"6200"}},"terms":{"priceEach":"66.0000","pvEach":"47.0000"},"quantity":1}]}},{"currency":"USD","lines":{"items":[{"item":{"href":"https:\/\/hydraqa.unicity.net\/v5a-test\/items\/75faf5436630ed02a683726aa0e9056f","id":{"unicity":"22165"}},"terms":{"priceEach":"86.0000","pvEach":"65.0000"},"quantity":1}]}},{"currency":"USD","lines":{"items":[{"item":{"href":"https:\/\/hydraqa.unicity.net\/v5a-test\/items\/0cf62d38e91953b43dcfe88b06f813cb","id":{"unicity":"26557"}},"terms":{"priceEach":"77.0000","pvEach":"61.0000"},"quantity":1}]}},{"currency":"USD","lines":{"items":[{"item":{"href":"https:\/\/hydraqa.unicity.net\/v5a-test\/items\/3af97c67f653253825a9189a27da57d6","id":{"unicity":"26556"}},"terms":{"priceEach":"77.0000","pvEach":"61.0000"},"quantity":1}]}},{"currency":"USD","lines":{"items":[{"item":{"href":"https:\/\/hydraqa.unicity.net\/v5a-test\/items\/d489ec0d50f6e28d5743afc65439631b","id":{"unicity":"0960"}},"terms":{"priceEach":"35.0000","pvEach":"23.0000"},"quantity":1}]}},{"currency":"USD","lines":{"items":[{"item":{"href":"https:\/\/hydraqa.unicity.net\/v5a-test\/items\/66839181d7531692a8d886a9da6fb4d6","id":{"unicity":"25369"}},"terms":{"priceEach":"48.0000","pvEach":"31.0000"},"quantity":1}]}},{"currency":"USD","lines":{"items":[{"item":{"href":"https:\/\/hydraqa.unicity.net\/v5a-test\/items\/0eebdede5bdb8bf4d71e800b6f3cead1","id":{"unicity":"30825"}},"terms":{"priceEach":"49.0000","pvEach":"31.0000"},"quantity":1}]}},{"currency":"USD","lines":{"items":[{"item":{"href":"https:\/\/hydraqa.unicity.net\/v5a-test\/items\/ec8c753ce03d3886e9b2e0d06eeb44b8","id":{"unicity":"31106"}},"terms":{"priceEach":"54.0000","pvEach":"21.0000"},"quantity":1}]}},{"currency":"USD","lines":{"items":[{"item":{"href":"https:\/\/hydraqa.unicity.net\/v5a-test\/items\/5c2f1613082782e691d32fe9ce034026","id":{"unicity":"23728"}},"terms":{"priceEach":"25.0000","pvEach":"15.0000"},"quantity":1}]}},{"currency":"USD","lines":{"items":[{"item":{"href":"https:\/\/hydraqa.unicity.net\/v5a-test\/items\/9a6e1d094182389c3da8e0a320ff0e00","id":{"unicity":"27585"}},"terms":{"priceEach":"56.0000","pvEach":"33.0000"},"quantity":1}]}},{"currency":"USD","lines":{"items":[{"item":{"href":"https:\/\/hydraqa.unicity.net\/v5a-test\/items\/25eaf64b36ce31368f17ae789fd9ac5b","id":{"unicity":"29694"}},"terms":{"priceEach":"56.0000","pvEach":"33.0000"},"quantity":1}]}},{"currency":"USD","lines":{"items":[{"item":{"href":"https:\/\/hydraqa.unicity.net\/v5a-test\/items\/112b8c39286598b3730f630f371a45f4","id":{"unicity":"27587"}},"terms":{"priceEach":"56.0000","pvEach":"33.0000"},"quantity":1}]}},{"currency":"USD","lines":{"items":[{"item":{"href":"https:\/\/hydraqa.unicity.net\/v5a-test\/items\/16ca68abaaa92505c257be022a154769","id":{"unicity":"27615"}},"terms":{"priceEach":"28.0000","pvEach":"21.0000"},"quantity":1}]}},{"currency":"USD","lines":{"items":[{"item":{"href":"https:\/\/hydraqa.unicity.net\/v5a-test\/items\/362999101a321b721c87110710ae77b0","id":{"unicity":"29352"}},"terms":{"priceEach":"119.0000","pvEach":"80.0000"},"quantity":1}]}},{"currency":"USD","lines":{"items":[{"item":{"href":"https:\/\/hydraqa.unicity.net\/v5a-test\/items\/5968ff0ba17d7a331fdc757a1623fd45","id":{"unicity":"32365"}},"terms":{"priceEach":"140.0000","pvEach":"97.0000"},"quantity":1}]}},{"currency":"USD","lines":{"items":[{"item":{"href":"https:\/\/hydraqa.unicity.net\/v5a-test\/items\/c92ce2b8ba6bb04bf8b23f0ecaccd709","id":{"unicity":"32364"}},"terms":{"priceEach":"146.0000","pvEach":"99.0000"},"quantity":1}]}},{"currency":"USD","lines":{"items":[{"item":{"href":"https:\/\/hydraqa.unicity.net\/v5a-test\/items\/2f028442193b3166b6c4f9590bd352b4","id":{"unicity":"32366"}},"terms":{"priceEach":"94.0000","pvEach":"68.0000"},"quantity":1}]}},{"currency":"USD","lines":{"items":[{"item":{"href":"https:\/\/hydraqa.unicity.net\/v5a-test\/items\/18f4c25c966306833f623287c875d6ba","id":{"unicity":"32369"}},"terms":{"priceEach":"151.0000","pvEach":"93.0000"},"quantity":1}]}},{"currency":"USD","lines":{"items":[{"item":{"href":"https:\/\/hydraqa.unicity.net\/v5a-test\/items\/972a6b8ac5c8f4014a02ea892a7dec26","id":{"unicity":"32367"}},"terms":{"priceEach":"229.0000","pvEach":"155.0000"},"quantity":1}]}},{"currency":"USD","lines":{"items":[{"item":{"href":"https:\/\/hydraqa.unicity.net\/v5a-test\/items\/8910970a414bb25f1eba52f529bdad79","id":{"unicity":"32368"}},"terms":{"priceEach":"145.0000","pvEach":"91.0000"},"quantity":1}]}},{"currency":"USD","lines":{"items":[{"item":{"href":"https:\/\/hydraqa.unicity.net\/v5a-test\/items\/779b47d856ea7e246c9e5aabc6eca794","id":{"unicity":"32370"}},"terms":{"priceEach":"136.0000","pvEach":"95.0000"},"quantity":1}]}},{"currency":"USD","lines":{"items":[{"item":{"href":"https:\/\/hydraqa.unicity.net\/v5a-test\/items\/cb7cb2fc26fed30b6ac4c1f87531e01c","id":{"unicity":"32372"}},"terms":{"priceEach":"157.0000","pvEach":"107.0000"},"quantity":1}]}},{"currency":"USD","lines":{"items":[{"item":{"href":"https:\/\/hydraqa.unicity.net\/v5a-test\/items\/fbd417602d04328198a0227de3abc533","id":{"unicity":"32371"}},"terms":{"priceEach":"130.0000","pvEach":"93.0000"},"quantity":1}]}},{"currency":"USD","lines":{"items":[{"item":{"href":"https:\/\/hydraqa.unicity.net\/v5a-test\/items\/05ca08f3808f126c0cc42154c50fc75c","id":{"unicity":"29440"}},"terms":{"priceEach":"120.0000","pvEach":"90.0000"},"quantity":1}]}},{"currency":"USD","lines":{"items":[{"item":{"href":"https:\/\/hydraqa.unicity.net\/v5a-test\/items\/cea826eab72d44641c070aab6c97c1ac","id":{"unicity":"22747"}},"terms":{"priceEach":"26.0000","pvEach":"16.0000"},"quantity":1}]}},{"currency":"USD","lines":{"items":[{"item":{"href":"https:\/\/hydraqa.unicity.net\/v5a-test\/items\/d0ef82a85e44437f960fa288e67a8f2b","id":{"unicity":"25535"}},"terms":{"priceEach":"850.0000","pvEach":"250.0000"},"quantity":1}]}},{"currency":"USD","lines":{"items":[{"item":{"href":"https:\/\/hydraqa.unicity.net\/v5a-test\/items\/1945faa1776541d53120ecfe3c1d8a2b","id":{"unicity":"24418"}},"terms":{"priceEach":"5.0000","pvEach":"0.0000"},"quantity":1}]}},{"currency":"USD","lines":{"items":[{"item":{"href":"https:\/\/hydraqa.unicity.net\/v5a-test\/items\/e0a19d3d676bccfdba0ab3d9f2766359","id":{"unicity":"30350"}},"terms":{"priceEach":"49.0000","pvEach":"30.0000"},"quantity":1}]}},{"currency":"USD","lines":{"items":[{"item":{"href":"https:\/\/hydraqa.unicity.net\/v5a-test\/items\/b2fc4b9ba4aa5cae54389161be2f841f","id":{"unicity":"18401"}},"terms":{"priceEach":"30.0000","pvEach":"19.0000"},"quantity":1}]}},{"currency":"USD","lines":{"items":[{"item":{"href":"https:\/\/hydraqa.unicity.net\/v5a-test\/items\/1b0412bea8c0b841c66f65a36aa14108","id":{"unicity":"29191"}},"terms":{"priceEach":"62.0000","pvEach":"36.0000"},"quantity":1}]}},{"currency":"USD","lines":{"items":[{"item":{"href":"https:\/\/hydraqa.unicity.net\/v5a-test\/items\/1bd53de7fe880ba71f46c9976ca2c137","id":{"unicity":"27739"}},"terms":{"priceEach":"33.0000","pvEach":"13.0000"},"quantity":1}]}},{"currency":"USD","lines":{"items":[{"item":{"href":"https:\/\/hydraqa.unicity.net\/v5a-test\/items\/035189015384166df518a68ede0299a9","id":{"unicity":"30408"}},"terms":{"priceEach":"82.0000","pvEach":"50.0000"},"quantity":1}]}},{"currency":"USD","lines":{"items":[{"item":{"href":"https:\/\/hydraqa.unicity.net\/v5a-test\/items\/bed533c634e887357ff031d8e4c776b0","id":{"unicity":"31751"}},"terms":{"priceEach":"99.0000","pvEach":"50.0000"},"quantity":1}]}},{"currency":"USD","lines":{"items":[{"item":{"href":"https:\/\/hydraqa.unicity.net\/v5a-test\/items\/e5029d0db50d6ea324b5e25f54d82636","id":{"unicity":"31651"}},"terms":{"priceEach":"28.0000","pvEach":"14.0000"},"quantity":1}]}},{"currency":"USD","lines":{"items":[{"item":{"href":"https:\/\/hydraqa.unicity.net\/v5a-test\/items\/c201dcd36f4bb7e17e7a8481ef08d6f2","id":{"unicity":"31518"}},"terms":{"priceEach":"28.0000","pvEach":"14.0000"},"quantity":1}]}},{"currency":"USD","lines":{"items":[{"item":{"href":"https:\/\/hydraqa.unicity.net\/v5a-test\/items\/f5a91f19576078a69f82c9f58805f479","id":{"unicity":"31655"}},"terms":{"priceEach":"28.0000","pvEach":"14.0000"},"quantity":1}]}},{"currency":"USD","lines":{"items":[{"item":{"href":"https:\/\/hydraqa.unicity.net\/v5a-test\/items\/0a3ede185ddf034630afd891c5106d33","id":{"unicity":"26562"}},"terms":{"priceEach":"32.0000","pvEach":"25.0000"},"quantity":1}]}},{"currency":"USD","lines":{"items":[{"item":{"href":"https:\/\/hydraqa.unicity.net\/v5a-test\/items\/1d977fb1e1c0aa5d0b71ee2cf01e7b4d","id":{"unicity":"32016"}},"terms":{"priceEach":"206.0000","pvEach":"130.0000"},"quantity":1}]}},{"currency":"USD","lines":{"items":[{"item":{"href":"https:\/\/hydraqa.unicity.net\/v5a-test\/items\/1524974f80be01c93083e794816394ab","id":{"unicity":"32017"}},"terms":{"priceEach":"206.0000","pvEach":"130.0000"},"quantity":1}]}},{"currency":"USD","lines":{"items":[{"item":{"href":"https:\/\/hydraqa.unicity.net\/v5a-test\/items\/4b2034f47fce90b87bba28c5c2d7c25d","id":{"unicity":"15880"}},"terms":{"priceEach":"57.0000","pvEach":"41.0000"},"quantity":1}]}},{"currency":"USD","lines":{"items":[{"item":{"href":"https:\/\/hydraqa.unicity.net\/v5a-test\/items\/3d89c4f7e508dfba4018dc9c732084de","id":{"unicity":"29181"}},"terms":{"priceEach":"23.0000","pvEach":"12.0000"},"quantity":1}]}},{"currency":"USD","lines":{"items":[{"item":{"href":"https:\/\/hydraqa.unicity.net\/v5a-test\/items\/9ce45d695c87f93b29794041362b5192","id":{"unicity":"26945"}},"terms":{"priceEach":"35.0000","pvEach":"0.0000"},"quantity":1}]}},{"currency":"USD","lines":{"items":[{"item":{"href":"https:\/\/hydraqa.unicity.net\/v5a-test\/items\/aa0d72ac13b1ce88cf8c4a52ede75a37","id":{"unicity":"26552"}},"terms":{"priceEach":"70.0000","pvEach":"50.0000"},"quantity":1}]}},{"currency":"USD","lines":{"items":[{"item":{"href":"https:\/\/hydraqa.unicity.net\/v5a-test\/items\/5c6f1a39257b63482d454789e4d2035c","id":{"unicity":"26553"}},"terms":{"priceEach":"80.0000","pvEach":"50.0000"},"quantity":1}]}},{"currency":"USD","lines":{"items":[{"item":{"href":"https:\/\/hydraqa.unicity.net\/v5a-test\/items\/8d994059c399f5551ab112574e4476fc","id":{"unicity":"24785"}},"terms":{"priceEach":"14.0000","pvEach":"9.0000"},"quantity":1}]}},{"currency":"USD","lines":{"items":[{"item":{"href":"https:\/\/hydraqa.unicity.net\/v5a-test\/items\/8ed7a8910d5c5335774fa9cfae0e511d","id":{"unicity":"18386"}},"terms":{"priceEach":"27.0000","pvEach":"21.0000"},"quantity":1}]}},{"currency":"USD","lines":{"items":[{"item":{"href":"https:\/\/hydraqa.unicity.net\/v5a-test\/items\/398d06b858b960f6f38086d40608aef2","id":{"unicity":"26560"}},"terms":{"priceEach":"16.0000","pvEach":"12.0000"},"quantity":1}]}},{"currency":"USD","lines":{"items":[{"item":{"href":"https:\/\/hydraqa.unicity.net\/v5a-test\/items\/55d3b550a17b78175cc5ac565e4266e8","id":{"unicity":"24621"}},"terms":{"priceEach":"19.0000","pvEach":"12.0000"},"quantity":1}]}},{"currency":"USD","lines":{"items":[{"item":{"href":"https:\/\/hydraqa.unicity.net\/v5a-test\/items\/bb5c627f16547cb4f706cef521bca356","id":{"unicity":"29437"}},"terms":{"priceEach":"62.0000","pvEach":"36.0000"},"quantity":1}]}},{"currency":"USD","lines":{"items":[{"item":{"href":"https:\/\/hydraqa.unicity.net\/v5a-test\/items\/0e78fbdfebef11cd62f8d2120064ee58","id":{"unicity":"30280"}},"terms":{"priceEach":"41.0000","pvEach":"24.0000"},"quantity":1}]}},{"currency":"USD","lines":{"items":[{"item":{"href":"https:\/\/hydraqa.unicity.net\/v5a-test\/items\/2835b1a78e379486f0ffbfd5fb9f6b0a","id":{"unicity":"30400"}},"terms":{"priceEach":"38.0000","pvEach":"28.0000"},"quantity":1}]}},{"currency":"USD","lines":{"items":[{"item":{"href":"https:\/\/hydraqa.unicity.net\/v5a-test\/items\/84bf86533ae28dc84370f3699cc13a1d","id":{"unicity":"17744"}},"terms":{"priceEach":"97.0000","pvEach":"62.0000"},"quantity":1}]}},{"currency":"USD","lines":{"items":[{"item":{"href":"https:\/\/hydraqa.unicity.net\/v5a-test\/items\/48433ffc76597c823adc2b8627e033e4","id":{"unicity":"26559"}},"terms":{"priceEach":"29.0000","pvEach":"20.0000"},"quantity":1}]}},{"currency":"USD","lines":{"items":[{"item":{"href":"https:\/\/hydraqa.unicity.net\/v5a-test\/items\/5a38f009bec6c23b1b3a70432f9722e5","id":{"unicity":"19596"}},"terms":{"priceEach":"47.0000","pvEach":"30.0000"},"quantity":1}]}},{"currency":"USD","lines":{"items":[{"item":{"href":"https:\/\/hydraqa.unicity.net\/v5a-test\/items\/38da42f991a40a00153b2e5055b82dbf","id":{"unicity":"27801"}},"terms":{"priceEach":"195.0000","pvEach":"130.0000"},"quantity":1}]}},{"currency":"USD","lines":{"items":[{"item":{"href":"https:\/\/hydraqa.unicity.net\/v5a-test\/items\/051e765a5a71835a859c2757edd359f0","id":{"unicity":"26580"}},"terms":{"priceEach":"195.0000","pvEach":"130.0000"},"quantity":1}]}},{"currency":"USD","lines":{"items":[{"item":{"href":"https:\/\/hydraqa.unicity.net\/v5a-test\/items\/8c21f026bb6a32624e0c80475bf8efb0","id":{"unicity":"25880"}},"terms":{"priceEach":"33.0000","pvEach":"23.0000"},"quantity":1}]}},{"currency":"USD","lines":{"items":[{"item":{"href":"https:\/\/hydraqa.unicity.net\/v5a-test\/items\/e218d1cac5f31e7ae4f5876c29c57377","id":{"unicity":"29017"}},"terms":{"priceEach":"37.0000","pvEach":"26.0000"},"quantity":1}]}},{"currency":"USD","lines":{"items":[{"item":{"href":"https:\/\/hydraqa.unicity.net\/v5a-test\/items\/24ff5bda40c0d0e7eaa511866d052915","id":{"unicity":"29612"}},"terms":{"priceEach":"48.0000","pvEach":"30.0000"},"quantity":1}]}},{"currency":"USD","lines":{"items":[{"item":{"href":"https:\/\/hydraqa.unicity.net\/v5a-test\/items\/2c4c1abe00983e85aaa918d2ce341491","id":{"unicity":"17174"}},"terms":{"priceEach":"16.0000","pvEach":"10.0000"},"quantity":1}]}},{"currency":"USD","lines":{"items":[{"item":{"href":"https:\/\/hydraqa.unicity.net\/v5a-test\/items\/3f2d12d7a0e8551fc99fad3bbe1ba633","id":{"unicity":"26567"}},"terms":{"priceEach":"53.0000","pvEach":"35.0000"},"quantity":1}]}},{"currency":"USD","lines":{"items":[{"item":{"href":"https:\/\/hydraqa.unicity.net\/v5a-test\/items\/191637167cb3144bd2e8c4615e9ab67e","id":{"unicity":"26568"}},"terms":{"priceEach":"53.0000","pvEach":"35.0000"},"quantity":1}]}},{"currency":"USD","lines":{"items":[{"item":{"href":"https:\/\/hydraqa.unicity.net\/v5a-test\/items\/2cefc6a61faaae3455a5adcb0d8fc74f","id":{"unicity":"15907"}},"terms":{"priceEach":"14.0000","pvEach":"5.0000"},"quantity":1}]}},{"currency":"USD","lines":{"items":[{"item":{"href":"https:\/\/hydraqa.unicity.net\/v5a-test\/items\/e870d73cd94149d9f6b55de9736c9daa","id":{"unicity":"3107"}},"terms":{"priceEach":"23.0000","pvEach":"16.0000"},"quantity":1}]}},{"currency":"USD","lines":{"items":[{"item":{"href":"https:\/\/hydraqa.unicity.net\/v5a-test\/items\/b127a2d34d3d73e2f53e4c2002a7a4a2","id":{"unicity":"25008"}},"terms":{"priceEach":"18.0000","pvEach":"15.0000"},"quantity":1}]}},{"currency":"USD","lines":{"items":[{"item":{"href":"https:\/\/hydraqa.unicity.net\/v5a-test\/items\/dcdf1b79b8b6f644100ffc20fdca4683","id":{"unicity":"27835"}},"terms":{"priceEach":"1455.0000","pvEach":"1000.0000"},"quantity":1}]}},{"currency":"USD","lines":{"items":[{"item":{"href":"https:\/\/hydraqa.unicity.net\/v5a-test\/items\/efe7d99f2b77ea614d624d371afa4244","id":{"unicity":"25543"}},"terms":{"priceEach":"1455.0000","pvEach":"1000.0000"},"quantity":1}]}},{"currency":"USD","lines":{"items":[{"item":{"href":"https:\/\/hydraqa.unicity.net\/v5a-test\/items\/19fa616d76c947f5586d58e1b5e8b4ee","id":{"unicity":"27837"}},"terms":{"priceEach":"1455.0000","pvEach":"1000.0000"},"quantity":1}]}},{"currency":"USD","lines":{"items":[{"item":{"href":"https:\/\/hydraqa.unicity.net\/v5a-test\/items\/2da06ecf761a87f5619997496b83b745","id":{"unicity":"27831"}},"terms":{"priceEach":"1455.0000","pvEach":"1000.0000"},"quantity":1}]}},{"currency":"USD","lines":{"items":[{"item":{"href":"https:\/\/hydraqa.unicity.net\/v5a-test\/items\/1ab3a5a9b55fdf3618d21bf1d528afe4","id":{"unicity":"25542"}},"terms":{"priceEach":"1455.0000","pvEach":"1000.0000"},"quantity":1}]}},{"currency":"USD","lines":{"items":[{"item":{"href":"https:\/\/hydraqa.unicity.net\/v5a-test\/items\/52f0d3751a2d8f3f3670328e8157de5e","id":{"unicity":"27833"}},"terms":{"priceEach":"1455.0000","pvEach":"1000.0000"},"quantity":1}]}},{"currency":"USD","lines":{"items":[{"item":{"href":"https:\/\/hydraqa.unicity.net\/v5a-test\/items\/1535f370eb06bf30117fa28aa9ab1179","id":{"unicity":"25544"}},"terms":{"priceEach":"1455.0000","pvEach":"1000.0000"},"quantity":1}]}},{"currency":"USD","lines":{"items":[{"item":{"href":"https:\/\/hydraqa.unicity.net\/v5a-test\/items\/87f09080f7a29929816891acef721667","id":{"unicity":"25545"}},"terms":{"priceEach":"1455.0000","pvEach":"1000.0000"},"quantity":1}]}},{"currency":"USD","lines":{"items":[{"item":{"href":"https:\/\/hydraqa.unicity.net\/v5a-test\/items\/991cdbb84a495779eb209fb3956a77e4","id":{"unicity":"29183"}},"terms":{"priceEach":"41.0000","pvEach":"24.0000"},"quantity":1}]}},{"currency":"USD","lines":{"items":[{"item":{"href":"https:\/\/hydraqa.unicity.net\/v5a-test\/items\/cda534d686af5d627c94c4bb2c4b57d8","id":{"unicity":"26561"}},"terms":{"priceEach":"16.0000","pvEach":"11.0000"},"quantity":1}]}},{"currency":"USD","lines":{"items":[{"item":{"href":"https:\/\/hydraqa.unicity.net\/v5a-test\/items\/10da226fab00279b4f89df10af2a10b7","id":{"unicity":"26442"}},"terms":{"priceEach":"6.0000","pvEach":"0.0000"},"quantity":1}]}},{"currency":"USD","lines":{"items":[{"item":{"href":"https:\/\/hydraqa.unicity.net\/v5a-test\/items\/2de8516a24af8232add0bb392e750a71","id":{"unicity":"31859"}},"terms":{"priceEach":"179.0000","pvEach":"130.0000"},"quantity":1}]}},{"currency":"USD","lines":{"items":[{"item":{"href":"https:\/\/hydraqa.unicity.net\/v5a-test\/items\/cf8460040a1860bcabf250b6c1171675","id":{"unicity":"31858"}},"terms":{"priceEach":"269.0000","pvEach":"195.0000"},"quantity":1}]}},{"currency":"USD","lines":{"items":[{"item":{"href":"https:\/\/hydraqa.unicity.net\/v5a-test\/items\/4ab49eca1731e69206ccafb5112ad5a4","id":{"unicity":"31861"}},"terms":{"priceEach":"196.0000","pvEach":"135.0000"},"quantity":1}]}},{"currency":"USD","lines":{"items":[{"item":{"href":"https:\/\/hydraqa.unicity.net\/v5a-test\/items\/d4c8fce238d6fc34d17a4b36d1e4e59a","id":{"unicity":"31860"}},"terms":{"priceEach":"196.0000","pvEach":"135.0000"},"quantity":1}]}},{"currency":"USD","lines":{"items":[{"item":{"href":"https:\/\/hydraqa.unicity.net\/v5a-test\/items\/fd464cd7972cc1317e850b9196d886b8","id":{"unicity":"31863"}},"terms":{"priceEach":"210.0000","pvEach":"148.0000"},"quantity":1}]}},{"currency":"USD","lines":{"items":[{"item":{"href":"https:\/\/hydraqa.unicity.net\/v5a-test\/items\/e47fd287212acedd1cffb2b67bf623bd","id":{"unicity":"31862"}},"terms":{"priceEach":"210.0000","pvEach":"148.0000"},"quantity":1}]}},{"currency":"USD","lines":{"items":[{"item":{"href":"https:\/\/hydraqa.unicity.net\/v5a-test\/items\/024e696f8b44a1d315006e676604cd31","id":{"unicity":"27395"}},"terms":{"priceEach":"24.0000","pvEach":"16.0000"},"quantity":1}]}},{"currency":"USD","lines":{"items":[{"item":{"href":"https:\/\/hydraqa.unicity.net\/v5a-test\/items\/3ddd31ddbe0e5807756d2488e7cc3602","id":{"unicity":"31440"}},"terms":{"priceEach":"40.0000","pvEach":"0.0000"},"quantity":1}]}},{"currency":"USD","lines":{"items":[{"item":{"href":"https:\/\/hydraqa.unicity.net\/v5a-test\/items\/90d5ee3af77bdc64ecf28a45b604bf3d","id":{"unicity":"31441"}},"terms":{"priceEach":"40.0000","pvEach":"0.0000"},"quantity":1}]}},{"currency":"USD","lines":{"items":[{"item":{"href":"https:\/\/hydraqa.unicity.net\/v5a-test\/items\/91a6016282310b83203d0bb7bea14a0f","id":{"unicity":"29050"}},"terms":{"priceEach":"12.9500","pvEach":"0.0000"},"quantity":1}]}},{"currency":"USD","lines":{"items":[{"item":{"href":"https:\/\/hydraqa.unicity.net\/v5a-test\/items\/7fc100f8d20814757efe2d79e41b315c","id":{"unicity":"32021"}},"terms":{"priceEach":"89.0000","pvEach":"60.0000"},"quantity":1}]}},{"currency":"USD","lines":{"items":[{"item":{"href":"https:\/\/hydraqa.unicity.net\/v5a-test\/items\/634f7efb30392b2a919de1355902d975","id":{"unicity":"29408"}},"terms":{"priceEach":"80.0000","pvEach":"52.0000"},"quantity":1}]}},{"currency":"USD","lines":{"items":[{"item":{"href":"https:\/\/hydraqa.unicity.net\/v5a-test\/items\/fa2407c91e64e66a72ab45172eb978df","id":{"unicity":"0988"}},"terms":{"priceEach":"35.0000","pvEach":"23.0000"},"quantity":1}]}},{"currency":"USD","lines":{"items":[{"item":{"href":"https:\/\/hydraqa.unicity.net\/v5a-test\/items\/64ec7ad932acafab052a4e8800ad1238","id":{"unicity":"24758"}},"terms":{"priceEach":"30.0000","pvEach":"21.0000"},"quantity":1}]}},{"currency":"USD","lines":{"items":[{"item":{"href":"https:\/\/hydraqa.unicity.net\/v5a-test\/items\/c61892f0a7b7e88054169a31d65d95e0","id":{"unicity":"18373"}},"terms":{"priceEach":"16.0000","pvEach":"10.0000"},"quantity":1}]}},{"currency":"USD","lines":{"items":[{"item":{"href":"https:\/\/hydraqa.unicity.net\/v5a-test\/items\/40a1044968ea62276f4ba87fd2ef0d8f","id":{"unicity":"12230"}},"terms":{"priceEach":"23.0000","pvEach":"15.0000"},"quantity":1}]}},{"currency":"USD","lines":{"items":[{"item":{"href":"https:\/\/hydraqa.unicity.net\/v5a-test\/items\/9ff4257741d464b686d15be955b8afb6","id":{"unicity":"0963"}},"terms":{"priceEach":"41.0000","pvEach":"25.0000"},"quantity":1}]}},{"currency":"USD","lines":{"items":[{"item":{"href":"https:\/\/hydraqa.unicity.net\/v5a-test\/items\/ddef5f478ff91aa2263b646a3bd03dea","id":{"unicity":"21420"}},"terms":{"priceEach":"23.0000","pvEach":"10.0000"},"quantity":1}]}}]}
Entry request : {"order":{"customer":{"href":"https://hydraqa.unicity.net/v5a-test/customers?type=Associate"},"shipToAddress":{"country":"US"}},"vary":{"lines":{"items":[{"item":{"href":"https://hydraqa.unicity.net/v5a-test/items?id.unicity=26580|31440|31441|31651|31655|31518|31751|27801|31858|31859|31862|32030|29684|32016|32017|31727|31729|31730|31731|0963|15129|15271|15880|17174|22745|22747|23728|24758|25022|26550|26556|26557|26560|26561|26562|27615|27739|24418|22888|27585|17744|25008|26442|26551|6200|15916|18908|24785|29050|26552|26553|27028|0954|18401|27029|26559|19596|25542|25544|27835|25543|25545|26945|25535|21420|24621|27831|27833|27837|28836|15712|22165|0960|25369|30825|18386|26567|26568|15907|28513|3107|0988|18373|12230|26950|26786|27587|29017|25880|29694|29408|29437|29181|29183|29191|29352|29612|30350|27395|29440|29830|30408|30414|30400|30280|31314|31728|31842|31846|31845|31847|31863|31860|31861|31958|32021|32364|32365|32366|32367|32368|32369|32370|32371|32372|31106|26555"}}]}}}
Request URL: https://hydraqa.unicity.net/v5a-test/customers.js?callback=angular.callbacks._1&expand=customer,profilePicture&id.unicity=36554001
Request URL: https://hydraqa.unicity.net/v5a-test/customers.js?_httpMethod=HEAD&callback=angular.callbacks._3&email=GDLSTF@gmail.com
Request URL: https://hydraqa.unicity.net/v5a-test/addresses?country=US&zip=33024
Entry response : {"items":[{"city":"Pembroke Pines","state":"FL"}]}
No Pop UP
{sponsor=36554001, gender=female, city=HOLLYWOOD, signature=TestSignature, cartprice=491.0, enroller=36554001, responsedob=1993-10-11, arpack=Prime Health Pack - Cholesterol, Energy, Vanilla, language=English, locale=en, type=Associate, coapplicanttype=Spouse, platform=QA, lname=TestLastName, password=Unicity, genderoption=Female, Currency=USD, api=3, state=[FL], email=GDLSTF@gmail.com, coapplicant=TestSpouseName, zip=33024, fname=TestFirstName, prefferd=United States, address1=4209 E STONECREEK CIR, shippingmethod=type=3Days, version=v5a-test/, testcase=referalid, market=United States, aritemcode=26580, martial=Single, phone=9823746323, dob=10/11/1993, govid=249483167, proto=https://hydraqa.unicity.net/, marketcode=US, maritaloption=Single, ccname=CCNameTest}
Request URL: https://hydraqa.unicity.net/v5a-test/orders.js
Entry request : {"customer":{"mainAddress":{"city":"HOLLYWOOD","country":"US","state":"FL","zip":"33024","address1":"4209 E STONECREEK CIR","address2":""},"humanName":{"firstName":"TestFirstName","lastName":"TestLastName"},"email":"GDLSTF@gmail.com","preferredLocale":"en-US","password":{"value":"Unicity"},"gender":"female","maritalStatus":"Single","type":"Associate","creditcardaliases":[{"methodDetails":{"creditCardNumber":"4111111111111111","payer":"TestFirstName TestLastName","creditCardExpires":"2020-10"},"billToName":{"firstName":"TestFirstName","lastName":"TestLastName"},"billToAddress":{"address1":"4209 E STONECREEK CIR","address2":"","city":"HOLLYWOOD","state":"FL","zip":"33024","country":"US"}}],"sponsor":{"href":"https://hydraqa.unicity.net/v5a-test/customers?id.unicity=36554001"},"enroller":{"href":"https://hydraqa.unicity.net/v5a-test/customers?id.unicity=36554001"},"homePhone":"9823746323","birthDate":"1993-10-11","autoorders":{"items":[{"recurrence":{"schedule":{"month":"*","dayOfMonth":"5"},"status":"Enabled"},"lines":{"items":[{"item":{"href":"https://hydraqa.unicity.net/v5a-test/items?id.unicity=26580"},"quantity":1}]},"shipToName":{"firstName":"TestFirstName","lastName":"TestLastName"},"shipToPhone":"9823746323","shipToEmail":"GDLSTF@gmail.com","shipToAddress":{"city":"HOLLYWOOD","country":"US","state":"FL","address1":"4209 E STONECREEK CIR","address2":"","zip":"33024"},"shippingMethod":{"href":"https://hydraqa.unicity.net/v5a-test/shippingmethods?type=3Days"},"transactions":{"items":[{"amount":"this.terms.total","type":"AuthorizeAndCapture","method":"CreditCardAlias","methodDetails":{"alias":"this.customer.creditcardaliases[0].alias"}}]}}]},"coapplicant":{"type":"Spouse","details":{"humanName":{"firstName":"TestSpouseName","lastName":""}}},"rights":[],"signature":{"value":"TestSignature"},"taxTerms":{"taxId":"249483167","taxIdExpires":"2025-12-30"}},"lines":{"items":[{"item":{"href":"https://hydraqa.unicity.net/v5a-test/items?id.unicity=31440"},"quantity":1},{"item":{"href":"https://hydraqa.unicity.net/v5a-test/items?id.unicity=31518"},"quantity":1},{"item":{"href":"https://hydraqa.unicity.net/v5a-test/items?id.unicity=31651"},"quantity":1},{"item":{"href":"https://hydraqa.unicity.net/v5a-test/items?id.unicity=31655"},"quantity":1},{"item":{"href":"https://hydraqa.unicity.net/v5a-test/items?id.unicity=31731"},"quantity":1},{"item":{"href":"https://hydraqa.unicity.net/v5a-test/items?id.unicity=31751"},"quantity":1},{"item":{"href":"https://hydraqa.unicity.net/v5a-test/items?id.unicity=31859"},"quantity":1}]},"shipToName":{"firstName":"TestFirstName","lastName":"TestLastName"},"shipToPhone":"9823746323","shipToEmail":"GDLSTF@gmail.com","shipToAddress":{"city":"HOLLYWOOD","country":"US","state":"FL","address1":"4209 E STONECREEK CIR","address2":"","zip":"33024"},"shippingMethod":{"href":"https://hydraqa.unicity.net/v5a-test/shippingmethods?type=3Days"},"notes":"","transactions":{"items":[{"amount":"this.terms.total","type":"AuthorizeAndCapture","method":"CreditCard","methodDetails":{"creditCardNumber":"4111111111111111","payer":"CCNameTest","creditCardExpires":"2020-10","creditCardSecurityCode":"123"},"billToAddress":{"address1":"4209 E STONECREEK CIR","address2":"","city":"HOLLYWOOD","state":"FL","zip":"33024","country":"US"}},{"type":"AuthorizeAndCapture","method":"Coupon","methodDetails":{"code":"Fre3Aut0Sh!p"}}]}}
Entry response : {"meta":{"Link":"<http:\/\/unicity.github.io\/Hydra.php\/docs\/v5\/>; rel=\"help\"","X-Request-UUID":"6ba6173d-c485-4d9d-b9e6-04da4cd5777b","X-Request-Release":"5-2020010701\/master","Cache-Control":"no-cache, must-revalidate","Expires":"0","X-Powered-By":"Luracast Restler v3.0.0rc5","Content-Type":"text\/javascript; charset=utf-8","Content-Language":"en-US","X-Status-Code":"201"},"data":{"market":"US","lines":{"items":[{"quantity":1,"item":{"href":"https:\/\/hydraqa.unicity.net\/v5a-test\/items?id.unicity=31440","id":{"unicity":"31440"}}},{"quantity":1,"item":{"href":"https:\/\/hydraqa.unicity.net\/v5a-test\/items?id.unicity=31518","id":{"unicity":"31518"}}},{"quantity":1,"item":{"href":"https:\/\/hydraqa.unicity.net\/v5a-test\/items?id.unicity=31651","id":{"unicity":"31651"}}},{"quantity":1,"item":{"href":"https:\/\/hydraqa.unicity.net\/v5a-test\/items?id.unicity=31655","id":{"unicity":"31655"}}},{"quantity":1,"item":{"href":"https:\/\/hydraqa.unicity.net\/v5a-test\/items?id.unicity=31731","id":{"unicity":"31731"}}},{"quantity":1,"item":{"href":"https:\/\/hydraqa.unicity.net\/v5a-test\/items?id.unicity=31751","id":{"unicity":"31751"}}},{"quantity":1,"item":{"href":"https:\/\/hydraqa.unicity.net\/v5a-test\/items?id.unicity=31859","id":{"unicity":"31859"}}}]},"shipToAddress":{"country":"US","state":"FL","city":"HOLLYWOOD","zip":"33024","address1":"4209 E STONECREEK CIR","address2":""},"shipToName":{"firstName":"TestFirstName","lastName":"TestLastName"},"shipToEmail":"GDLSTF@gmail.com","shipToPhone":"9823746323","shipToTime":"","source":null,"type":null,"notes":"","transactions":{"items":[{"amount":502.11,"billToAddress":{"address1":"4209 E STONECREEK CIR","address2":"","city":"HOLLYWOOD","state":"FL","zip":"33024","country":"US"},"billToEmail":null,"type":"AuthorizeAndCapture","method":"CreditCard","installments":null,"methodDetails":{"creditCardNumber":"411111xxxxxx1111","payer":"CCNameTest","payerId":null,"creditCardExpires":"2020-10","creditCardSecurityCode":"123"}}]},"terms":{"discount":{"amount":40},"pretotal":502.11,"tax":{"amount":12.77},"freight":{"amount":38.34},"subtotal":491,"taxableTotal":489.34,"total":502.11,"pv":282},"shippingMethod":{"href":"https:\/\/hydraqa.unicity.net\/v5a-test\/shippingmethods?type=3Days","location":"","type":"3Days"},"currency":"USD","dateCreated":"2020-01-07T17:24:01-07:00","customer":{"humanName":{"firstName":"TestFirstName","lastName":"TestLastName"},"mainAddress":{"city":"HOLLYWOOD","country":"US","state":"FL","zip":"33024","address1":"4209 E STONECREEK CIR","address2":""},"type":"Associate","email":"GDLSTF@gmail.com","taxTerms":{"exemption":null,"taxId":"249483167","taxIdExpires":"2025-12-30"},"signature":{"value":"TestSignature"},"gender":"female","password":{"value":"Unicity"},"enroller":{"href":"https:\/\/hydraqa.unicity.net\/v5a-test\/customers\/c8a0f511723643dd5ba719e2e99a32ba82ff3eda31cc639783863e5baba2dbdb","id":{"unicity":36554001},"humanName":{"fullName":"Kent, Clark"},"email":"peter.jacobsen@unicity.com"},"sponsor":{"href":"https:\/\/hydraqa.unicity.net\/v5a-test\/customers\/c8a0f511723643dd5ba719e2e99a32ba82ff3eda31cc639783863e5baba2dbdb","id":{"unicity":36554001},"humanName":{"fullName":"Kent, Clark"},"email":"peter.jacobsen@unicity.com"},"birthDate":"1993-10-11","homePhone":"9823746323","preferredLocale":"en-US","maritalStatus":"Single","coapplicant":{"details":{"humanName":{"firstName":"TestSpouseName","lastName":""}},"type":"Spouse"},"autoorders":{"items":[{"id":{"unicity":"63385"}}]},"rights":[],"status":"Active","id":{"unicity":"8105208"},"href":"https:\/\/hydraqa.unicity.net\/v5a-test\/customers\/ab0b24d648b133182a6b6603a4f70656","token":"8654d4ef-d5f2-46ab-a991-48e4fab996be"},"added_transactions":{"items":[]},"taxedAs":"service","id":{"unicity":"1629655"},"href":"https:\/\/hydraqa.unicity.net\/v5a-test\/orders\/5cf459b66d9cf762be45cff7c1e13072"}}
Headers-->keep-alive
Headers-->3378
Headers-->application/json, text/plain, */*
Headers-->http://enroll.ng.unicityqa.com
Headers-->en-US
]]></system-out>
    <system-err><![CDATA[Starting ChromeDriver 2.36.540470 (e522d04694c7ebea4ba8821272dbef4f9b818c91) on port 39155
Only local connections are allowed.
Jan 07, 2020 5:19:34 PM org.openqa.selenium.remote.ProtocolHandshake createSession
INFO: Detected dialect: OSS
]]></system-err>
  </testcase>
  <testcase name="PassReferralID" classname="Tests.ReferralIDPassing" time="272.875">
    <failure message="Major AR Pack href expected [https://hydraqa.unicity.net/v5a-test/items?id.unicity=26580] but found []" type="java.lang.AssertionError">java.lang.AssertionError: Major AR Pack href expected [https://hydraqa.unicity.net/v5a-test/items?id.unicity=26580] but found []
	at Tests.ReferralIDPassing.PassReferralID(ReferralIDPassing.java:60)
</failure>
    <system-out><![CDATA[Request URL: https://hydraqa.unicity.net/v5a-test/quotes?&expand=item
Entry Quotes response : {"items":[{"currency":"USD","lines":{"items":[{"item":{"href":"https:\/\/hydraqa.unicity.net\/v5a-test\/items\/50747027a065cb8361c1f0d6eb880466","id":{"unicity":"32030"}},"terms":{"priceEach":"143.0000","pvEach":"102.0000"},"quantity":1}]}},{"currency":"USD","lines":{"items":[{"item":{"href":"https:\/\/hydraqa.unicity.net\/v5a-test\/items\/d306a0b65f27f19b4968e5c05906a9f4","id":{"unicity":"31314"}},"terms":{"priceEach":"384.0000","pvEach":"266.0000"},"quantity":1}]}},{"currency":"USD","lines":{"items":[{"item":{"href":"https:\/\/hydraqa.unicity.net\/v5a-test\/items\/716b7a0bca7fa73e42e000d668e7ee65","id":{"unicity":"15129"}},"terms":{"priceEach":"21.0000","pvEach":"10.0000"},"quantity":1}]}},{"currency":"USD","lines":{"items":[{"item":{"href":"https:\/\/hydraqa.unicity.net\/v5a-test\/items\/9a7715e888c94989d898fe4653645721","id":{"unicity":"26550"}},"terms":{"priceEach":"80.0000","pvEach":"52.0000"},"quantity":1}]}},{"currency":"USD","lines":{"items":[{"item":{"href":"https:\/\/hydraqa.unicity.net\/v5a-test\/items\/80a898d805f759925797847a176bf62f","id":{"unicity":"26551"}},"terms":{"priceEach":"80.0000","pvEach":"52.0000"},"quantity":1}]}},{"currency":"USD","lines":{"items":[{"item":{"href":"https:\/\/hydraqa.unicity.net\/v5a-test\/items\/292b6aee9c1193e9488e9ae6e3a845e4","id":{"unicity":"29684"}},"terms":{"priceEach":"242.0000","pvEach":"144.0000"},"quantity":1}]}},{"currency":"USD","lines":{"items":[{"item":{"href":"https:\/\/hydraqa.unicity.net\/v5a-test\/items\/fbb319232b7eed110794d46a68302acb","id":{"unicity":"31847"}},"terms":{"priceEach":"120.0000","pvEach":"80.0000"},"quantity":1}]}},{"currency":"USD","lines":{"items":[{"item":{"href":"https:\/\/hydraqa.unicity.net\/v5a-test\/items\/077823d29445b9020de9931f10c63efd","id":{"unicity":"31958"}},"terms":{"priceEach":"129.0000","pvEach":"85.0000"},"quantity":1}]}},{"currency":"USD","lines":{"items":[{"item":{"href":"https:\/\/hydraqa.unicity.net\/v5a-test\/items\/00c2eb70c985722ce208490aece00945","id":{"unicity":"31729"}},"terms":{"priceEach":"143.0000","pvEach":"100.0000"},"quantity":1}]}},{"currency":"USD","lines":{"items":[{"item":{"href":"https:\/\/hydraqa.unicity.net\/v5a-test\/items\/89b6d29a85a88d44d65bc8cca3fefc65","id":{"unicity":"31845"}},"terms":{"priceEach":"143.0000","pvEach":"100.0000"},"quantity":1}]}},{"currency":"USD","lines":{"items":[{"item":{"href":"https:\/\/hydraqa.unicity.net\/v5a-test\/items\/3875e24e6b6ebdf36c79d205614ed51e","id":{"unicity":"31846"}},"terms":{"priceEach":"126.0000","pvEach":"94.0000"},"quantity":1}]}},{"currency":"USD","lines":{"items":[{"item":{"href":"https:\/\/hydraqa.unicity.net\/v5a-test\/items\/b770fd1942955660a50e8fd83337641d","id":{"unicity":"31842"}},"terms":{"priceEach":"129.0000","pvEach":"85.0000"},"quantity":1}]}},{"currency":"USD","lines":{"items":[{"item":{"href":"https:\/\/hydraqa.unicity.net\/v5a-test\/items\/5bda067b70c43971650a6ef983f612e4","id":{"unicity":"31728"}},"terms":{"priceEach":"126.0000","pvEach":"94.0000"},"quantity":1}]}},{"currency":"USD","lines":{"items":[{"item":{"href":"https:\/\/hydraqa.unicity.net\/v5a-test\/items\/693a7c4a70b06a00471afe8d6cae5023","id":{"unicity":"31730"}},"terms":{"priceEach":"120.0000","pvEach":"80.0000"},"quantity":1}]}},{"currency":"USD","lines":{"items":[{"item":{"href":"https:\/\/hydraqa.unicity.net\/v5a-test\/items\/ccb242d74dcb1fe621cc7bfe1b1de315","id":{"unicity":"31731"}},"terms":{"priceEach":"89.0000","pvEach":"61.0000"},"quantity":1}]}},{"currency":"USD","lines":{"items":[{"item":{"href":"https:\/\/hydraqa.unicity.net\/v5a-test\/items\/6767ae650e0af3c34b3d4d60b5b79e99","id":{"unicity":"31727"}},"terms":{"priceEach":"129.0000","pvEach":"85.0000"},"quantity":1}]}},{"currency":"USD","lines":{"items":[{"item":{"href":"https:\/\/hydraqa.unicity.net\/v5a-test\/items\/764e2db430d361da99e8f6b70c4d0244","id":{"unicity":"29830"}},"terms":{"priceEach":"16.0000","pvEach":"7.0000"},"quantity":1}]}},{"currency":"USD","lines":{"items":[{"item":{"href":"https:\/\/hydraqa.unicity.net\/v5a-test\/items\/8b5ed9aa6c6132e1be5e446f69a3465e","id":{"unicity":"0954"}},"terms":{"priceEach":"20.0000","pvEach":"15.0000"},"quantity":1}]}},{"currency":"USD","lines":{"items":[{"item":{"href":"https:\/\/hydraqa.unicity.net\/v5a-test\/items\/b91affa753dd5ee8a9acef4fa7e2c9a7","id":{"unicity":"30414"}},"terms":{"priceEach":"94.0000","pvEach":"65.0000"},"quantity":1}]}},{"currency":"USD","lines":{"items":[{"item":{"href":"https:\/\/hydraqa.unicity.net\/v5a-test\/items\/9d9d002b0e21b9bd58ad0154a4f781c5","id":{"unicity":"28836"}},"terms":{"priceEach":"56.0000","pvEach":"36.0000"},"quantity":1}]}},{"currency":"USD","lines":{"items":[{"item":{"href":"https:\/\/hydraqa.unicity.net\/v5a-test\/items\/0d38f7ee31f3710be877245655d18e8c","id":{"unicity":"22888"}},"terms":{"priceEach":"74.0000","pvEach":"50.0000"},"quantity":1}]}},{"currency":"USD","lines":{"items":[{"item":{"href":"https:\/\/hydraqa.unicity.net\/v5a-test\/items\/399be8efa903b362515c48315ab2afb9","id":{"unicity":"15712"}},"terms":{"priceEach":"14.0000","pvEach":"5.0000"},"quantity":1}]}},{"currency":"USD","lines":{"items":[{"item":{"href":"https:\/\/hydraqa.unicity.net\/v5a-test\/items\/390a7ae70d5669561ecdf7d5cff2671b","id":{"unicity":"15271"}},"terms":{"priceEach":"69.0000","pvEach":"27.0000"},"quantity":1}]}},{"currency":"USD","lines":{"items":[{"item":{"href":"https:\/\/hydraqa.unicity.net\/v5a-test\/items\/933f0856fd8ec1df83c5283dabf4ec3c","id":{"unicity":"6200"}},"terms":{"priceEach":"66.0000","pvEach":"47.0000"},"quantity":1}]}},{"currency":"USD","lines":{"items":[{"item":{"href":"https:\/\/hydraqa.unicity.net\/v5a-test\/items\/75faf5436630ed02a683726aa0e9056f","id":{"unicity":"22165"}},"terms":{"priceEach":"86.0000","pvEach":"65.0000"},"quantity":1}]}},{"currency":"USD","lines":{"items":[{"item":{"href":"https:\/\/hydraqa.unicity.net\/v5a-test\/items\/0cf62d38e91953b43dcfe88b06f813cb","id":{"unicity":"26557"}},"terms":{"priceEach":"77.0000","pvEach":"61.0000"},"quantity":1}]}},{"currency":"USD","lines":{"items":[{"item":{"href":"https:\/\/hydraqa.unicity.net\/v5a-test\/items\/3af97c67f653253825a9189a27da57d6","id":{"unicity":"26556"}},"terms":{"priceEach":"77.0000","pvEach":"61.0000"},"quantity":1}]}},{"currency":"USD","lines":{"items":[{"item":{"href":"https:\/\/hydraqa.unicity.net\/v5a-test\/items\/d489ec0d50f6e28d5743afc65439631b","id":{"unicity":"0960"}},"terms":{"priceEach":"35.0000","pvEach":"23.0000"},"quantity":1}]}},{"currency":"USD","lines":{"items":[{"item":{"href":"https:\/\/hydraqa.unicity.net\/v5a-test\/items\/66839181d7531692a8d886a9da6fb4d6","id":{"unicity":"25369"}},"terms":{"priceEach":"48.0000","pvEach":"31.0000"},"quantity":1}]}},{"currency":"USD","lines":{"items":[{"item":{"href":"https:\/\/hydraqa.unicity.net\/v5a-test\/items\/0eebdede5bdb8bf4d71e800b6f3cead1","id":{"unicity":"30825"}},"terms":{"priceEach":"49.0000","pvEach":"31.0000"},"quantity":1}]}},{"currency":"USD","lines":{"items":[{"item":{"href":"https:\/\/hydraqa.unicity.net\/v5a-test\/items\/ec8c753ce03d3886e9b2e0d06eeb44b8","id":{"unicity":"31106"}},"terms":{"priceEach":"54.0000","pvEach":"21.0000"},"quantity":1}]}},{"currency":"USD","lines":{"items":[{"item":{"href":"https:\/\/hydraqa.unicity.net\/v5a-test\/items\/5c2f1613082782e691d32fe9ce034026","id":{"unicity":"23728"}},"terms":{"priceEach":"25.0000","pvEach":"15.0000"},"quantity":1}]}},{"currency":"USD","lines":{"items":[{"item":{"href":"https:\/\/hydraqa.unicity.net\/v5a-test\/items\/9a6e1d094182389c3da8e0a320ff0e00","id":{"unicity":"27585"}},"terms":{"priceEach":"56.0000","pvEach":"33.0000"},"quantity":1}]}},{"currency":"USD","lines":{"items":[{"item":{"href":"https:\/\/hydraqa.unicity.net\/v5a-test\/items\/25eaf64b36ce31368f17ae789fd9ac5b","id":{"unicity":"29694"}},"terms":{"priceEach":"56.0000","pvEach":"33.0000"},"quantity":1}]}},{"currency":"USD","lines":{"items":[{"item":{"href":"https:\/\/hydraqa.unicity.net\/v5a-test\/items\/112b8c39286598b3730f630f371a45f4","id":{"unicity":"27587"}},"terms":{"priceEach":"56.0000","pvEach":"33.0000"},"quantity":1}]}},{"currency":"USD","lines":{"items":[{"item":{"href":"https:\/\/hydraqa.unicity.net\/v5a-test\/items\/16ca68abaaa92505c257be022a154769","id":{"unicity":"27615"}},"terms":{"priceEach":"28.0000","pvEach":"21.0000"},"quantity":1}]}},{"currency":"USD","lines":{"items":[{"item":{"href":"https:\/\/hydraqa.unicity.net\/v5a-test\/items\/362999101a321b721c87110710ae77b0","id":{"unicity":"29352"}},"terms":{"priceEach":"119.0000","pvEach":"80.0000"},"quantity":1}]}},{"currency":"USD","lines":{"items":[{"item":{"href":"https:\/\/hydraqa.unicity.net\/v5a-test\/items\/5968ff0ba17d7a331fdc757a1623fd45","id":{"unicity":"32365"}},"terms":{"priceEach":"140.0000","pvEach":"97.0000"},"quantity":1}]}},{"currency":"USD","lines":{"items":[{"item":{"href":"https:\/\/hydraqa.unicity.net\/v5a-test\/items\/c92ce2b8ba6bb04bf8b23f0ecaccd709","id":{"unicity":"32364"}},"terms":{"priceEach":"146.0000","pvEach":"99.0000"},"quantity":1}]}},{"currency":"USD","lines":{"items":[{"item":{"href":"https:\/\/hydraqa.unicity.net\/v5a-test\/items\/2f028442193b3166b6c4f9590bd352b4","id":{"unicity":"32366"}},"terms":{"priceEach":"94.0000","pvEach":"68.0000"},"quantity":1}]}},{"currency":"USD","lines":{"items":[{"item":{"href":"https:\/\/hydraqa.unicity.net\/v5a-test\/items\/18f4c25c966306833f623287c875d6ba","id":{"unicity":"32369"}},"terms":{"priceEach":"151.0000","pvEach":"93.0000"},"quantity":1}]}},{"currency":"USD","lines":{"items":[{"item":{"href":"https:\/\/hydraqa.unicity.net\/v5a-test\/items\/972a6b8ac5c8f4014a02ea892a7dec26","id":{"unicity":"32367"}},"terms":{"priceEach":"229.0000","pvEach":"155.0000"},"quantity":1}]}},{"currency":"USD","lines":{"items":[{"item":{"href":"https:\/\/hydraqa.unicity.net\/v5a-test\/items\/8910970a414bb25f1eba52f529bdad79","id":{"unicity":"32368"}},"terms":{"priceEach":"145.0000","pvEach":"91.0000"},"quantity":1}]}},{"currency":"USD","lines":{"items":[{"item":{"href":"https:\/\/hydraqa.unicity.net\/v5a-test\/items\/779b47d856ea7e246c9e5aabc6eca794","id":{"unicity":"32370"}},"terms":{"priceEach":"136.0000","pvEach":"95.0000"},"quantity":1}]}},{"currency":"USD","lines":{"items":[{"item":{"href":"https:\/\/hydraqa.unicity.net\/v5a-test\/items\/cb7cb2fc26fed30b6ac4c1f87531e01c","id":{"unicity":"32372"}},"terms":{"priceEach":"157.0000","pvEach":"107.0000"},"quantity":1}]}},{"currency":"USD","lines":{"items":[{"item":{"href":"https:\/\/hydraqa.unicity.net\/v5a-test\/items\/fbd417602d04328198a0227de3abc533","id":{"unicity":"32371"}},"terms":{"priceEach":"130.0000","pvEach":"93.0000"},"quantity":1}]}},{"currency":"USD","lines":{"items":[{"item":{"href":"https:\/\/hydraqa.unicity.net\/v5a-test\/items\/05ca08f3808f126c0cc42154c50fc75c","id":{"unicity":"29440"}},"terms":{"priceEach":"120.0000","pvEach":"90.0000"},"quantity":1}]}},{"currency":"USD","lines":{"items":[{"item":{"href":"https:\/\/hydraqa.unicity.net\/v5a-test\/items\/cea826eab72d44641c070aab6c97c1ac","id":{"unicity":"22747"}},"terms":{"priceEach":"26.0000","pvEach":"16.0000"},"quantity":1}]}},{"currency":"USD","lines":{"items":[{"item":{"href":"https:\/\/hydraqa.unicity.net\/v5a-test\/items\/d0ef82a85e44437f960fa288e67a8f2b","id":{"unicity":"25535"}},"terms":{"priceEach":"850.0000","pvEach":"250.0000"},"quantity":1}]}},{"currency":"USD","lines":{"items":[{"item":{"href":"https:\/\/hydraqa.unicity.net\/v5a-test\/items\/1945faa1776541d53120ecfe3c1d8a2b","id":{"unicity":"24418"}},"terms":{"priceEach":"5.0000","pvEach":"0.0000"},"quantity":1}]}},{"currency":"USD","lines":{"items":[{"item":{"href":"https:\/\/hydraqa.unicity.net\/v5a-test\/items\/e0a19d3d676bccfdba0ab3d9f2766359","id":{"unicity":"30350"}},"terms":{"priceEach":"49.0000","pvEach":"30.0000"},"quantity":1}]}},{"currency":"USD","lines":{"items":[{"item":{"href":"https:\/\/hydraqa.unicity.net\/v5a-test\/items\/b2fc4b9ba4aa5cae54389161be2f841f","id":{"unicity":"18401"}},"terms":{"priceEach":"30.0000","pvEach":"19.0000"},"quantity":1}]}},{"currency":"USD","lines":{"items":[{"item":{"href":"https:\/\/hydraqa.unicity.net\/v5a-test\/items\/1b0412bea8c0b841c66f65a36aa14108","id":{"unicity":"29191"}},"terms":{"priceEach":"62.0000","pvEach":"36.0000"},"quantity":1}]}},{"currency":"USD","lines":{"items":[{"item":{"href":"https:\/\/hydraqa.unicity.net\/v5a-test\/items\/1bd53de7fe880ba71f46c9976ca2c137","id":{"unicity":"27739"}},"terms":{"priceEach":"33.0000","pvEach":"13.0000"},"quantity":1}]}},{"currency":"USD","lines":{"items":[{"item":{"href":"https:\/\/hydraqa.unicity.net\/v5a-test\/items\/035189015384166df518a68ede0299a9","id":{"unicity":"30408"}},"terms":{"priceEach":"82.0000","pvEach":"50.0000"},"quantity":1}]}},{"currency":"USD","lines":{"items":[{"item":{"href":"https:\/\/hydraqa.unicity.net\/v5a-test\/items\/bed533c634e887357ff031d8e4c776b0","id":{"unicity":"31751"}},"terms":{"priceEach":"99.0000","pvEach":"50.0000"},"quantity":1}]}},{"currency":"USD","lines":{"items":[{"item":{"href":"https:\/\/hydraqa.unicity.net\/v5a-test\/items\/e5029d0db50d6ea324b5e25f54d82636","id":{"unicity":"31651"}},"terms":{"priceEach":"28.0000","pvEach":"14.0000"},"quantity":1}]}},{"currency":"USD","lines":{"items":[{"item":{"href":"https:\/\/hydraqa.unicity.net\/v5a-test\/items\/c201dcd36f4bb7e17e7a8481ef08d6f2","id":{"unicity":"31518"}},"terms":{"priceEach":"28.0000","pvEach":"14.0000"},"quantity":1}]}},{"currency":"USD","lines":{"items":[{"item":{"href":"https:\/\/hydraqa.unicity.net\/v5a-test\/items\/f5a91f19576078a69f82c9f58805f479","id":{"unicity":"31655"}},"terms":{"priceEach":"28.0000","pvEach":"14.0000"},"quantity":1}]}},{"currency":"USD","lines":{"items":[{"item":{"href":"https:\/\/hydraqa.unicity.net\/v5a-test\/items\/0a3ede185ddf034630afd891c5106d33","id":{"unicity":"26562"}},"terms":{"priceEach":"32.0000","pvEach":"25.0000"},"quantity":1}]}},{"currency":"USD","lines":{"items":[{"item":{"href":"https:\/\/hydraqa.unicity.net\/v5a-test\/items\/1d977fb1e1c0aa5d0b71ee2cf01e7b4d","id":{"unicity":"32016"}},"terms":{"priceEach":"206.0000","pvEach":"130.0000"},"quantity":1}]}},{"currency":"USD","lines":{"items":[{"item":{"href":"https:\/\/hydraqa.unicity.net\/v5a-test\/items\/1524974f80be01c93083e794816394ab","id":{"unicity":"32017"}},"terms":{"priceEach":"206.0000","pvEach":"130.0000"},"quantity":1}]}},{"currency":"USD","lines":{"items":[{"item":{"href":"https:\/\/hydraqa.unicity.net\/v5a-test\/items\/4b2034f47fce90b87bba28c5c2d7c25d","id":{"unicity":"15880"}},"terms":{"priceEach":"57.0000","pvEach":"41.0000"},"quantity":1}]}},{"currency":"USD","lines":{"items":[{"item":{"href":"https:\/\/hydraqa.unicity.net\/v5a-test\/items\/3d89c4f7e508dfba4018dc9c732084de","id":{"unicity":"29181"}},"terms":{"priceEach":"23.0000","pvEach":"12.0000"},"quantity":1}]}},{"currency":"USD","lines":{"items":[{"item":{"href":"https:\/\/hydraqa.unicity.net\/v5a-test\/items\/9ce45d695c87f93b29794041362b5192","id":{"unicity":"26945"}},"terms":{"priceEach":"35.0000","pvEach":"0.0000"},"quantity":1}]}},{"currency":"USD","lines":{"items":[{"item":{"href":"https:\/\/hydraqa.unicity.net\/v5a-test\/items\/aa0d72ac13b1ce88cf8c4a52ede75a37","id":{"unicity":"26552"}},"terms":{"priceEach":"70.0000","pvEach":"50.0000"},"quantity":1}]}},{"currency":"USD","lines":{"items":[{"item":{"href":"https:\/\/hydraqa.unicity.net\/v5a-test\/items\/5c6f1a39257b63482d454789e4d2035c","id":{"unicity":"26553"}},"terms":{"priceEach":"80.0000","pvEach":"50.0000"},"quantity":1}]}},{"currency":"USD","lines":{"items":[{"item":{"href":"https:\/\/hydraqa.unicity.net\/v5a-test\/items\/8d994059c399f5551ab112574e4476fc","id":{"unicity":"24785"}},"terms":{"priceEach":"14.0000","pvEach":"9.0000"},"quantity":1}]}},{"currency":"USD","lines":{"items":[{"item":{"href":"https:\/\/hydraqa.unicity.net\/v5a-test\/items\/8ed7a8910d5c5335774fa9cfae0e511d","id":{"unicity":"18386"}},"terms":{"priceEach":"27.0000","pvEach":"21.0000"},"quantity":1}]}},{"currency":"USD","lines":{"items":[{"item":{"href":"https:\/\/hydraqa.unicity.net\/v5a-test\/items\/398d06b858b960f6f38086d40608aef2","id":{"unicity":"26560"}},"terms":{"priceEach":"16.0000","pvEach":"12.0000"},"quantity":1}]}},{"currency":"USD","lines":{"items":[{"item":{"href":"https:\/\/hydraqa.unicity.net\/v5a-test\/items\/55d3b550a17b78175cc5ac565e4266e8","id":{"unicity":"24621"}},"terms":{"priceEach":"19.0000","pvEach":"12.0000"},"quantity":1}]}},{"currency":"USD","lines":{"items":[{"item":{"href":"https:\/\/hydraqa.unicity.net\/v5a-test\/items\/bb5c627f16547cb4f706cef521bca356","id":{"unicity":"29437"}},"terms":{"priceEach":"62.0000","pvEach":"36.0000"},"quantity":1}]}},{"currency":"USD","lines":{"items":[{"item":{"href":"https:\/\/hydraqa.unicity.net\/v5a-test\/items\/0e78fbdfebef11cd62f8d2120064ee58","id":{"unicity":"30280"}},"terms":{"priceEach":"41.0000","pvEach":"24.0000"},"quantity":1}]}},{"currency":"USD","lines":{"items":[{"item":{"href":"https:\/\/hydraqa.unicity.net\/v5a-test\/items\/2835b1a78e379486f0ffbfd5fb9f6b0a","id":{"unicity":"30400"}},"terms":{"priceEach":"38.0000","pvEach":"28.0000"},"quantity":1}]}},{"currency":"USD","lines":{"items":[{"item":{"href":"https:\/\/hydraqa.unicity.net\/v5a-test\/items\/84bf86533ae28dc84370f3699cc13a1d","id":{"unicity":"17744"}},"terms":{"priceEach":"97.0000","pvEach":"62.0000"},"quantity":1}]}},{"currency":"USD","lines":{"items":[{"item":{"href":"https:\/\/hydraqa.unicity.net\/v5a-test\/items\/48433ffc76597c823adc2b8627e033e4","id":{"unicity":"26559"}},"terms":{"priceEach":"29.0000","pvEach":"20.0000"},"quantity":1}]}},{"currency":"USD","lines":{"items":[{"item":{"href":"https:\/\/hydraqa.unicity.net\/v5a-test\/items\/5a38f009bec6c23b1b3a70432f9722e5","id":{"unicity":"19596"}},"terms":{"priceEach":"47.0000","pvEach":"30.0000"},"quantity":1}]}},{"currency":"USD","lines":{"items":[{"item":{"href":"https:\/\/hydraqa.unicity.net\/v5a-test\/items\/38da42f991a40a00153b2e5055b82dbf","id":{"unicity":"27801"}},"terms":{"priceEach":"195.0000","pvEach":"130.0000"},"quantity":1}]}},{"currency":"USD","lines":{"items":[{"item":{"href":"https:\/\/hydraqa.unicity.net\/v5a-test\/items\/051e765a5a71835a859c2757edd359f0","id":{"unicity":"26580"}},"terms":{"priceEach":"195.0000","pvEach":"130.0000"},"quantity":1}]}},{"currency":"USD","lines":{"items":[{"item":{"href":"https:\/\/hydraqa.unicity.net\/v5a-test\/items\/8c21f026bb6a32624e0c80475bf8efb0","id":{"unicity":"25880"}},"terms":{"priceEach":"33.0000","pvEach":"23.0000"},"quantity":1}]}},{"currency":"USD","lines":{"items":[{"item":{"href":"https:\/\/hydraqa.unicity.net\/v5a-test\/items\/e218d1cac5f31e7ae4f5876c29c57377","id":{"unicity":"29017"}},"terms":{"priceEach":"37.0000","pvEach":"26.0000"},"quantity":1}]}},{"currency":"USD","lines":{"items":[{"item":{"href":"https:\/\/hydraqa.unicity.net\/v5a-test\/items\/24ff5bda40c0d0e7eaa511866d052915","id":{"unicity":"29612"}},"terms":{"priceEach":"48.0000","pvEach":"30.0000"},"quantity":1}]}},{"currency":"USD","lines":{"items":[{"item":{"href":"https:\/\/hydraqa.unicity.net\/v5a-test\/items\/2c4c1abe00983e85aaa918d2ce341491","id":{"unicity":"17174"}},"terms":{"priceEach":"16.0000","pvEach":"10.0000"},"quantity":1}]}},{"currency":"USD","lines":{"items":[{"item":{"href":"https:\/\/hydraqa.unicity.net\/v5a-test\/items\/3f2d12d7a0e8551fc99fad3bbe1ba633","id":{"unicity":"26567"}},"terms":{"priceEach":"53.0000","pvEach":"35.0000"},"quantity":1}]}},{"currency":"USD","lines":{"items":[{"item":{"href":"https:\/\/hydraqa.unicity.net\/v5a-test\/items\/191637167cb3144bd2e8c4615e9ab67e","id":{"unicity":"26568"}},"terms":{"priceEach":"53.0000","pvEach":"35.0000"},"quantity":1}]}},{"currency":"USD","lines":{"items":[{"item":{"href":"https:\/\/hydraqa.unicity.net\/v5a-test\/items\/2cefc6a61faaae3455a5adcb0d8fc74f","id":{"unicity":"15907"}},"terms":{"priceEach":"14.0000","pvEach":"5.0000"},"quantity":1}]}},{"currency":"USD","lines":{"items":[{"item":{"href":"https:\/\/hydraqa.unicity.net\/v5a-test\/items\/e870d73cd94149d9f6b55de9736c9daa","id":{"unicity":"3107"}},"terms":{"priceEach":"23.0000","pvEach":"16.0000"},"quantity":1}]}},{"currency":"USD","lines":{"items":[{"item":{"href":"https:\/\/hydraqa.unicity.net\/v5a-test\/items\/b127a2d34d3d73e2f53e4c2002a7a4a2","id":{"unicity":"25008"}},"terms":{"priceEach":"18.0000","pvEach":"15.0000"},"quantity":1}]}},{"currency":"USD","lines":{"items":[{"item":{"href":"https:\/\/hydraqa.unicity.net\/v5a-test\/items\/dcdf1b79b8b6f644100ffc20fdca4683","id":{"unicity":"27835"}},"terms":{"priceEach":"1455.0000","pvEach":"1000.0000"},"quantity":1}]}},{"currency":"USD","lines":{"items":[{"item":{"href":"https:\/\/hydraqa.unicity.net\/v5a-test\/items\/efe7d99f2b77ea614d624d371afa4244","id":{"unicity":"25543"}},"terms":{"priceEach":"1455.0000","pvEach":"1000.0000"},"quantity":1}]}},{"currency":"USD","lines":{"items":[{"item":{"href":"https:\/\/hydraqa.unicity.net\/v5a-test\/items\/19fa616d76c947f5586d58e1b5e8b4ee","id":{"unicity":"27837"}},"terms":{"priceEach":"1455.0000","pvEach":"1000.0000"},"quantity":1}]}},{"currency":"USD","lines":{"items":[{"item":{"href":"https:\/\/hydraqa.unicity.net\/v5a-test\/items\/2da06ecf761a87f5619997496b83b745","id":{"unicity":"27831"}},"terms":{"priceEach":"1455.0000","pvEach":"1000.0000"},"quantity":1}]}},{"currency":"USD","lines":{"items":[{"item":{"href":"https:\/\/hydraqa.unicity.net\/v5a-test\/items\/1ab3a5a9b55fdf3618d21bf1d528afe4","id":{"unicity":"25542"}},"terms":{"priceEach":"1455.0000","pvEach":"1000.0000"},"quantity":1}]}},{"currency":"USD","lines":{"items":[{"item":{"href":"https:\/\/hydraqa.unicity.net\/v5a-test\/items\/52f0d3751a2d8f3f3670328e8157de5e","id":{"unicity":"27833"}},"terms":{"priceEach":"1455.0000","pvEach":"1000.0000"},"quantity":1}]}},{"currency":"USD","lines":{"items":[{"item":{"href":"https:\/\/hydraqa.unicity.net\/v5a-test\/items\/1535f370eb06bf30117fa28aa9ab1179","id":{"unicity":"25544"}},"terms":{"priceEach":"1455.0000","pvEach":"1000.0000"},"quantity":1}]}},{"currency":"USD","lines":{"items":[{"item":{"href":"https:\/\/hydraqa.unicity.net\/v5a-test\/items\/87f09080f7a29929816891acef721667","id":{"unicity":"25545"}},"terms":{"priceEach":"1455.0000","pvEach":"1000.0000"},"quantity":1}]}},{"currency":"USD","lines":{"items":[{"item":{"href":"https:\/\/hydraqa.unicity.net\/v5a-test\/items\/991cdbb84a495779eb209fb3956a77e4","id":{"unicity":"29183"}},"terms":{"priceEach":"41.0000","pvEach":"24.0000"},"quantity":1}]}},{"currency":"USD","lines":{"items":[{"item":{"href":"https:\/\/hydraqa.unicity.net\/v5a-test\/items\/cda534d686af5d627c94c4bb2c4b57d8","id":{"unicity":"26561"}},"terms":{"priceEach":"16.0000","pvEach":"11.0000"},"quantity":1}]}},{"currency":"USD","lines":{"items":[{"item":{"href":"https:\/\/hydraqa.unicity.net\/v5a-test\/items\/10da226fab00279b4f89df10af2a10b7","id":{"unicity":"26442"}},"terms":{"priceEach":"6.0000","pvEach":"0.0000"},"quantity":1}]}},{"currency":"USD","lines":{"items":[{"item":{"href":"https:\/\/hydraqa.unicity.net\/v5a-test\/items\/2de8516a24af8232add0bb392e750a71","id":{"unicity":"31859"}},"terms":{"priceEach":"179.0000","pvEach":"130.0000"},"quantity":1}]}},{"currency":"USD","lines":{"items":[{"item":{"href":"https:\/\/hydraqa.unicity.net\/v5a-test\/items\/cf8460040a1860bcabf250b6c1171675","id":{"unicity":"31858"}},"terms":{"priceEach":"269.0000","pvEach":"195.0000"},"quantity":1}]}},{"currency":"USD","lines":{"items":[{"item":{"href":"https:\/\/hydraqa.unicity.net\/v5a-test\/items\/4ab49eca1731e69206ccafb5112ad5a4","id":{"unicity":"31861"}},"terms":{"priceEach":"196.0000","pvEach":"135.0000"},"quantity":1}]}},{"currency":"USD","lines":{"items":[{"item":{"href":"https:\/\/hydraqa.unicity.net\/v5a-test\/items\/d4c8fce238d6fc34d17a4b36d1e4e59a","id":{"unicity":"31860"}},"terms":{"priceEach":"196.0000","pvEach":"135.0000"},"quantity":1}]}},{"currency":"USD","lines":{"items":[{"item":{"href":"https:\/\/hydraqa.unicity.net\/v5a-test\/items\/fd464cd7972cc1317e850b9196d886b8","id":{"unicity":"31863"}},"terms":{"priceEach":"210.0000","pvEach":"148.0000"},"quantity":1}]}},{"currency":"USD","lines":{"items":[{"item":{"href":"https:\/\/hydraqa.unicity.net\/v5a-test\/items\/e47fd287212acedd1cffb2b67bf623bd","id":{"unicity":"31862"}},"terms":{"priceEach":"210.0000","pvEach":"148.0000"},"quantity":1}]}},{"currency":"USD","lines":{"items":[{"item":{"href":"https:\/\/hydraqa.unicity.net\/v5a-test\/items\/024e696f8b44a1d315006e676604cd31","id":{"unicity":"27395"}},"terms":{"priceEach":"24.0000","pvEach":"16.0000"},"quantity":1}]}},{"currency":"USD","lines":{"items":[{"item":{"href":"https:\/\/hydraqa.unicity.net\/v5a-test\/items\/3ddd31ddbe0e5807756d2488e7cc3602","id":{"unicity":"31440"}},"terms":{"priceEach":"40.0000","pvEach":"0.0000"},"quantity":1}]}},{"currency":"USD","lines":{"items":[{"item":{"href":"https:\/\/hydraqa.unicity.net\/v5a-test\/items\/90d5ee3af77bdc64ecf28a45b604bf3d","id":{"unicity":"31441"}},"terms":{"priceEach":"40.0000","pvEach":"0.0000"},"quantity":1}]}},{"currency":"USD","lines":{"items":[{"item":{"href":"https:\/\/hydraqa.unicity.net\/v5a-test\/items\/91a6016282310b83203d0bb7bea14a0f","id":{"unicity":"29050"}},"terms":{"priceEach":"12.9500","pvEach":"0.0000"},"quantity":1}]}},{"currency":"USD","lines":{"items":[{"item":{"href":"https:\/\/hydraqa.unicity.net\/v5a-test\/items\/7fc100f8d20814757efe2d79e41b315c","id":{"unicity":"32021"}},"terms":{"priceEach":"89.0000","pvEach":"60.0000"},"quantity":1}]}},{"currency":"USD","lines":{"items":[{"item":{"href":"https:\/\/hydraqa.unicity.net\/v5a-test\/items\/634f7efb30392b2a919de1355902d975","id":{"unicity":"29408"}},"terms":{"priceEach":"80.0000","pvEach":"52.0000"},"quantity":1}]}},{"currency":"USD","lines":{"items":[{"item":{"href":"https:\/\/hydraqa.unicity.net\/v5a-test\/items\/fa2407c91e64e66a72ab45172eb978df","id":{"unicity":"0988"}},"terms":{"priceEach":"35.0000","pvEach":"23.0000"},"quantity":1}]}},{"currency":"USD","lines":{"items":[{"item":{"href":"https:\/\/hydraqa.unicity.net\/v5a-test\/items\/64ec7ad932acafab052a4e8800ad1238","id":{"unicity":"24758"}},"terms":{"priceEach":"30.0000","pvEach":"21.0000"},"quantity":1}]}},{"currency":"USD","lines":{"items":[{"item":{"href":"https:\/\/hydraqa.unicity.net\/v5a-test\/items\/c61892f0a7b7e88054169a31d65d95e0","id":{"unicity":"18373"}},"terms":{"priceEach":"16.0000","pvEach":"10.0000"},"quantity":1}]}},{"currency":"USD","lines":{"items":[{"item":{"href":"https:\/\/hydraqa.unicity.net\/v5a-test\/items\/40a1044968ea62276f4ba87fd2ef0d8f","id":{"unicity":"12230"}},"terms":{"priceEach":"23.0000","pvEach":"15.0000"},"quantity":1}]}},{"currency":"USD","lines":{"items":[{"item":{"href":"https:\/\/hydraqa.unicity.net\/v5a-test\/items\/9ff4257741d464b686d15be955b8afb6","id":{"unicity":"0963"}},"terms":{"priceEach":"41.0000","pvEach":"25.0000"},"quantity":1}]}},{"currency":"USD","lines":{"items":[{"item":{"href":"https:\/\/hydraqa.unicity.net\/v5a-test\/items\/ddef5f478ff91aa2263b646a3bd03dea","id":{"unicity":"21420"}},"terms":{"priceEach":"23.0000","pvEach":"10.0000"},"quantity":1}]}}]}
Entry request : {"order":{"customer":{"href":"https://hydraqa.unicity.net/v5a-test/customers?type=Associate"},"shipToAddress":{"country":"US"}},"vary":{"lines":{"items":[{"item":{"href":"https://hydraqa.unicity.net/v5a-test/items?id.unicity=26580|31440|31441|31651|31655|31518|31751|27801|31858|31859|31862|32030|29684|32016|32017|31727|31729|31730|31731|0963|15129|15271|15880|17174|22745|22747|23728|24758|25022|26550|26556|26557|26560|26561|26562|27615|27739|24418|22888|27585|17744|25008|26442|26551|6200|15916|18908|24785|29050|26552|26553|27028|0954|18401|27029|26559|19596|25542|25544|27835|25543|25545|26945|25535|21420|24621|27831|27833|27837|28836|15712|22165|0960|25369|30825|18386|26567|26568|15907|28513|3107|0988|18373|12230|26950|26786|27587|29017|25880|29694|29408|29437|29181|29183|29191|29352|29612|30350|27395|29440|29830|30408|30414|30400|30280|31314|31728|31842|31846|31845|31847|31863|31860|31861|31958|32021|32364|32365|32366|32367|32368|32369|32370|32371|32372|31106|26555"}}]}}}
Request URL: https://hydraqa.unicity.net/v5a-test/customers.js?callback=angular.callbacks._1&expand=customer,profilePicture&id.unicity=36554001
Request URL: https://hydraqa.unicity.net/v5a-test/customers.js?_httpMethod=HEAD&callback=angular.callbacks._3&email=QFHIKN@gmail.com
Request URL: https://hydraqa.unicity.net/v5a-test/addresses?country=US&zip=84097
Entry response : {"items":[{"city":"Orem","state":"UT"}]}
No Pop UP
{sponsor=36554001, gender=male, city=OREM, signature=TestSignature, cartprice=561.0, enroller=36554001, responsedob=1998-01-19, arpack=Prime Health Pack - Cholesterol, Energy, Vanilla, language=Español, locale=es, type=Associate, coapplicanttype=Spouse, platform=QA, lname=TestLastName, password=Unicity, genderoption=Masculino, Currency=USD, api=3, state=[UT], email=QFHIKN@gmail.com, coapplicant=TestSpouseName, zip=84097, fname=TestFirstName, prefferd=United States, address1=1209 N 800 E, shippingmethod=type=Economy, version=v5a-test/, testcase=referalid, market=United States, aritemcode=26580, martial=Married, phone=9823746323, dob=01/19/1998, govid=184391386, proto=https://hydraqa.unicity.net/, marketcode=US, maritaloption=Casado, ccname=CCNameTest}
Request URL: https://hydraqa.unicity.net/v5a-test/orders.js
Entry request : {"customer":{"mainAddress":{"city":"OREM","country":"US","state":"UT","zip":"84097","address1":"1209 N 800 E","address2":""},"humanName":{"firstName":"TestFirstName","lastName":"TestLastName"},"email":"QFHIKN@gmail.com","preferredLocale":"es-US","password":{"value":"Unicity"},"gender":"male","maritalStatus":"Married","type":"Associate","creditcardaliases":[{"methodDetails":{"creditCardNumber":"4111111111111111","payer":"TestFirstName TestLastName","creditCardExpires":"2020-10"},"billToName":{"firstName":"TestFirstName","lastName":"TestLastName"},"billToAddress":{"address1":"1209 N 800 E","address2":"","city":"OREM","state":"UT","zip":"84097","country":"US"}}],"sponsor":{"href":"https://hydraqa.unicity.net/v5a-test/customers?id.unicity=36554001"},"enroller":{"href":"https://hydraqa.unicity.net/v5a-test/customers?id.unicity=36554001"},"homePhone":"9823746323","birthDate":"1998-01-19","autoorders":{"items":[{"recurrence":{"schedule":{"month":"*","dayOfMonth":"5"},"status":"Enabled"},"lines":{"items":[{"item":{"href":"https://hydraqa.unicity.net/v5a-test/items?id.unicity=26580"},"quantity":1}]},"shipToName":{"firstName":"TestFirstName","lastName":"TestLastName"},"shipToPhone":"9823746323","shipToEmail":"QFHIKN@gmail.com","shipToAddress":{"city":"OREM","country":"US","state":"UT","address1":"1209 N 800 E","address2":"","zip":"84097"},"shippingMethod":{"href":"https://hydraqa.unicity.net/v5a-test/shippingmethods?type=Economy"},"transactions":{"items":[{"amount":"this.terms.total","type":"AuthorizeAndCapture","method":"CreditCardAlias","methodDetails":{"alias":"this.customer.creditcardaliases[0].alias"}}]}}]},"coapplicant":{"type":"Spouse","details":{"humanName":{"firstName":"TestSpouseName","lastName":""}}},"rights":[],"signature":{"value":"TestSignature"},"taxTerms":{"taxId":"184391386","taxIdExpires":"2025-12-30"}},"lines":{"items":[{"item":{"href":"https://hydraqa.unicity.net/v5a-test/items?id.unicity=26580"},"quantity":1},{"item":{"href":"https://hydraqa.unicity.net/v5a-test/items?id.unicity=31441"},"quantity":1},{"item":{"href":"https://hydraqa.unicity.net/v5a-test/items?id.unicity=31518"},"quantity":1},{"item":{"href":"https://hydraqa.unicity.net/v5a-test/items?id.unicity=31651"},"quantity":1},{"item":{"href":"https://hydraqa.unicity.net/v5a-test/items?id.unicity=31655"},"quantity":1},{"item":{"href":"https://hydraqa.unicity.net/v5a-test/items?id.unicity=31751"},"quantity":1},{"item":{"href":"https://hydraqa.unicity.net/v5a-test/items?id.unicity=32030"},"quantity":1}]},"shipToName":{"firstName":"TestFirstName","lastName":"TestLastName"},"shipToPhone":"9823746323","shipToEmail":"QFHIKN@gmail.com","shipToAddress":{"city":"OREM","country":"US","state":"UT","address1":"1209 N 800 E","address2":"","zip":"84097"},"shippingMethod":{"href":"https://hydraqa.unicity.net/v5a-test/shippingmethods?type=Economy"},"notes":"","transactions":{"items":[{"amount":"this.terms.total","type":"AuthorizeAndCapture","method":"CreditCard","methodDetails":{"creditCardNumber":"4111111111111111","payer":"CCNameTest","creditCardExpires":"2020-10","creditCardSecurityCode":"123"},"billToAddress":{"address1":"1209 N 800 E","address2":"","city":"OREM","state":"UT","zip":"84097","country":"US"}},{"type":"AuthorizeAndCapture","method":"Coupon","methodDetails":{"code":"Fre3Aut0Sh!p"}}]}}
Entry response : {"meta":{"Link":"<http:\/\/unicity.github.io\/Hydra.php\/docs\/v5\/>; rel=\"help\"","X-Request-UUID":"70dfd545-8e35-432d-bc10-cb0c8b86f660","X-Request-Release":"5-2020010701\/master","Cache-Control":"no-cache, must-revalidate","Expires":"0","X-Powered-By":"Luracast Restler v3.0.0rc5","Content-Type":"text\/javascript; charset=utf-8","Content-Language":"en","X-Status-Code":"201"},"data":{"market":"US","lines":{"items":[{"quantity":1,"item":{"href":"https:\/\/hydraqa.unicity.net\/v5a-test\/items?id.unicity=26580","id":{"unicity":"26580"}}},{"quantity":1,"item":{"href":"https:\/\/hydraqa.unicity.net\/v5a-test\/items?id.unicity=31441","id":{"unicity":"31441"}}},{"quantity":1,"item":{"href":"https:\/\/hydraqa.unicity.net\/v5a-test\/items?id.unicity=31518","id":{"unicity":"31518"}}},{"quantity":1,"item":{"href":"https:\/\/hydraqa.unicity.net\/v5a-test\/items?id.unicity=31651","id":{"unicity":"31651"}}},{"quantity":1,"item":{"href":"https:\/\/hydraqa.unicity.net\/v5a-test\/items?id.unicity=31655","id":{"unicity":"31655"}}},{"quantity":1,"item":{"href":"https:\/\/hydraqa.unicity.net\/v5a-test\/items?id.unicity=31751","id":{"unicity":"31751"}}},{"quantity":1,"item":{"href":"https:\/\/hydraqa.unicity.net\/v5a-test\/items?id.unicity=32030","id":{"unicity":"32030"}}}]},"shipToAddress":{"country":"US","state":"UT","city":"OREM","zip":"84097","address1":"1209 N 800 E","address2":""},"shipToName":{"firstName":"TestFirstName","lastName":"TestLastName"},"shipToEmail":"QFHIKN@gmail.com","shipToPhone":"9823746323","shipToTime":"","source":null,"type":null,"notes":"","transactions":{"items":[{"amount":536.63,"billToAddress":{"address1":"1209 N 800 E","address2":"","city":"OREM","state":"UT","zip":"84097","country":"US"},"billToEmail":null,"type":"AuthorizeAndCapture","method":"CreditCard","installments":null,"methodDetails":{"creditCardNumber":"411111xxxxxx1111","payer":"CCNameTest","payerId":null,"creditCardExpires":"2020-10","creditCardSecurityCode":"123"}}]},"terms":{"discount":{"amount":40},"pretotal":536.63,"tax":{"amount":15.63},"freight":{"amount":0},"subtotal":561,"taxableTotal":521,"total":536.63,"pv":324},"shippingMethod":{"href":"https:\/\/hydraqa.unicity.net\/v5a-test\/shippingmethods?type=Economy","location":"","type":"Economy"},"currency":"USD","dateCreated":"2020-01-07T17:28:42-07:00","customer":{"humanName":{"firstName":"TestFirstName","lastName":"TestLastName"},"mainAddress":{"city":"OREM","country":"US","state":"UT","zip":"84097","address1":"1209 N 800 E","address2":""},"type":"Associate","email":"QFHIKN@gmail.com","taxTerms":{"exemption":null,"taxId":"184391386","taxIdExpires":"2025-12-30"},"signature":{"value":"TestSignature"},"gender":"male","password":{"value":"Unicity"},"enroller":{"href":"https:\/\/hydraqa.unicity.net\/v5a-test\/customers\/c8a0f511723643dd5ba719e2e99a32ba82ff3eda31cc639783863e5baba2dbdb","id":{"unicity":36554001},"humanName":{"fullName":"Kent, Clark"},"email":"peter.jacobsen@unicity.com"},"sponsor":{"href":"https:\/\/hydraqa.unicity.net\/v5a-test\/customers\/c8a0f511723643dd5ba719e2e99a32ba82ff3eda31cc639783863e5baba2dbdb","id":{"unicity":36554001},"humanName":{"fullName":"Kent, Clark"},"email":"peter.jacobsen@unicity.com"},"birthDate":"1998-01-19","homePhone":"9823746323","preferredLocale":"es-US","maritalStatus":"Married","coapplicant":{"details":{"humanName":{"firstName":"TestSpouseName","lastName":""}},"type":"Spouse"},"autoorders":{"items":[{"id":{"unicity":"63386"}}]},"rights":[],"status":"Active","id":{"unicity":"8105308"},"href":"https:\/\/hydraqa.unicity.net\/v5a-test\/customers\/a9802afb5df27372fd4a235b78f753db","token":"1665e48a-9a4c-48eb-9470-93f4f3319687"},"added_transactions":{"items":[]},"taxedAs":"service","id":{"unicity":"1629656"},"href":"https:\/\/hydraqa.unicity.net\/v5a-test\/orders\/eab9752d3dce9290a4ee81977b6b9b59"}}
Headers-->keep-alive
Headers-->3311
Headers-->application/json, text/plain, */*
Headers-->http://enroll.ng.unicityqa.com
Headers-->es-US
]]></system-out>
    <system-err><![CDATA[Starting ChromeDriver 2.36.540470 (e522d04694c7ebea4ba8821272dbef4f9b818c91) on port 26369
Only local connections are allowed.
Jan 07, 2020 5:24:35 PM org.openqa.selenium.remote.ProtocolHandshake createSession
INFO: Detected dialect: OSS
]]></system-err>
  </testcase>
  <testcase name="Enroll" classname="Tests.PrefferedCustomer" time="238.118">
    <failure message="Major AR Pack href expected [https://hydraqa.unicity.net/v5a-test/items?id.unicity=26580] but found []" type="java.lang.AssertionError">java.lang.AssertionError: Major AR Pack href expected [https://hydraqa.unicity.net/v5a-test/items?id.unicity=26580] but found []
	at Tests.PrefferedCustomer.Enroll(PrefferedCustomer.java:104)
</failure>
    <system-out><![CDATA[Request URL: https://hydraqa.unicity.net/v5a-test/quotes?&expand=item
Entry Quotes response : {"items":[{"currency":"USD","lines":{"items":[{"item":{"href":"https:\/\/hydraqa.unicity.net\/v5a-test\/items\/50747027a065cb8361c1f0d6eb880466","id":{"unicity":"32030"}},"terms":{"priceEach":"179.0000","pvEach":"102.0000"},"quantity":1}]}},{"currency":"USD","lines":{"items":[{"item":{"href":"https:\/\/hydraqa.unicity.net\/v5a-test\/items\/716b7a0bca7fa73e42e000d668e7ee65","id":{"unicity":"15129"}},"terms":{"priceEach":"28.0000","pvEach":"10.0000"},"quantity":1}]}},{"currency":"USD","lines":{"items":[{"item":{"href":"https:\/\/hydraqa.unicity.net\/v5a-test\/items\/9a7715e888c94989d898fe4653645721","id":{"unicity":"26550"}},"terms":{"priceEach":"99.0000","pvEach":"52.0000"},"quantity":1}]}},{"currency":"USD","lines":{"items":[{"item":{"href":"https:\/\/hydraqa.unicity.net\/v5a-test\/items\/80a898d805f759925797847a176bf62f","id":{"unicity":"26551"}},"terms":{"priceEach":"99.0000","pvEach":"52.0000"},"quantity":1}]}},{"currency":"USD","lines":{"items":[{"item":{"href":"https:\/\/hydraqa.unicity.net\/v5a-test\/items\/fbb319232b7eed110794d46a68302acb","id":{"unicity":"31847"}},"terms":{"priceEach":"150.0000","pvEach":"80.0000"},"quantity":1}]}},{"currency":"USD","lines":{"items":[{"item":{"href":"https:\/\/hydraqa.unicity.net\/v5a-test\/items\/077823d29445b9020de9931f10c63efd","id":{"unicity":"31958"}},"terms":{"priceEach":"160.0000","pvEach":"85.0000"},"quantity":1}]}},{"currency":"USD","lines":{"items":[{"item":{"href":"https:\/\/hydraqa.unicity.net\/v5a-test\/items\/00c2eb70c985722ce208490aece00945","id":{"unicity":"31729"}},"terms":{"priceEach":"170.0000","pvEach":"100.0000"},"quantity":1}]}},{"currency":"USD","lines":{"items":[{"item":{"href":"https:\/\/hydraqa.unicity.net\/v5a-test\/items\/89b6d29a85a88d44d65bc8cca3fefc65","id":{"unicity":"31845"}},"terms":{"priceEach":"170.0000","pvEach":"100.0000"},"quantity":1}]}},{"currency":"USD","lines":{"items":[{"item":{"href":"https:\/\/hydraqa.unicity.net\/v5a-test\/items\/3875e24e6b6ebdf36c79d205614ed51e","id":{"unicity":"31846"}},"terms":{"priceEach":"160.0000","pvEach":"94.0000"},"quantity":1}]}},{"currency":"USD","lines":{"items":[{"item":{"href":"https:\/\/hydraqa.unicity.net\/v5a-test\/items\/b770fd1942955660a50e8fd83337641d","id":{"unicity":"31842"}},"terms":{"priceEach":"160.0000","pvEach":"85.0000"},"quantity":1}]}},{"currency":"USD","lines":{"items":[{"item":{"href":"https:\/\/hydraqa.unicity.net\/v5a-test\/items\/5bda067b70c43971650a6ef983f612e4","id":{"unicity":"31728"}},"terms":{"priceEach":"160.0000","pvEach":"94.0000"},"quantity":1}]}},{"currency":"USD","lines":{"items":[{"item":{"href":"https:\/\/hydraqa.unicity.net\/v5a-test\/items\/693a7c4a70b06a00471afe8d6cae5023","id":{"unicity":"31730"}},"terms":{"priceEach":"150.0000","pvEach":"80.0000"},"quantity":1}]}},{"currency":"USD","lines":{"items":[{"item":{"href":"https:\/\/hydraqa.unicity.net\/v5a-test\/items\/ccb242d74dcb1fe621cc7bfe1b1de315","id":{"unicity":"31731"}},"terms":{"priceEach":"112.0000","pvEach":"61.0000"},"quantity":1}]}},{"currency":"USD","lines":{"items":[{"item":{"href":"https:\/\/hydraqa.unicity.net\/v5a-test\/items\/6767ae650e0af3c34b3d4d60b5b79e99","id":{"unicity":"31727"}},"terms":{"priceEach":"160.0000","pvEach":"85.0000"},"quantity":1}]}},{"currency":"USD","lines":{"items":[{"item":{"href":"https:\/\/hydraqa.unicity.net\/v5a-test\/items\/764e2db430d361da99e8f6b70c4d0244","id":{"unicity":"29830"}},"terms":{"priceEach":"19.0000","pvEach":"7.0000"},"quantity":1}]}},{"currency":"USD","lines":{"items":[{"item":{"href":"https:\/\/hydraqa.unicity.net\/v5a-test\/items\/8b5ed9aa6c6132e1be5e446f69a3465e","id":{"unicity":"0954"}},"terms":{"priceEach":"26.0000","pvEach":"15.0000"},"quantity":1}]}},{"currency":"USD","lines":{"items":[{"item":{"href":"https:\/\/hydraqa.unicity.net\/v5a-test\/items\/b91affa753dd5ee8a9acef4fa7e2c9a7","id":{"unicity":"30414"}},"terms":{"priceEach":"110.0000","pvEach":"65.0000"},"quantity":1}]}},{"currency":"USD","lines":{"items":[{"item":{"href":"https:\/\/hydraqa.unicity.net\/v5a-test\/items\/9d9d002b0e21b9bd58ad0154a4f781c5","id":{"unicity":"28836"}},"terms":{"priceEach":"73.0000","pvEach":"36.0000"},"quantity":1}]}},{"currency":"USD","lines":{"items":[{"item":{"href":"https:\/\/hydraqa.unicity.net\/v5a-test\/items\/0d38f7ee31f3710be877245655d18e8c","id":{"unicity":"22888"}},"terms":{"priceEach":"91.0000","pvEach":"50.0000"},"quantity":1}]}},{"currency":"USD","lines":{"items":[{"item":{"href":"https:\/\/hydraqa.unicity.net\/v5a-test\/items\/399be8efa903b362515c48315ab2afb9","id":{"unicity":"15712"}},"terms":{"priceEach":"18.0000","pvEach":"5.0000"},"quantity":1}]}},{"currency":"USD","lines":{"items":[{"item":{"href":"https:\/\/hydraqa.unicity.net\/v5a-test\/items\/390a7ae70d5669561ecdf7d5cff2671b","id":{"unicity":"15271"}},"terms":{"priceEach":"89.0000","pvEach":"27.0000"},"quantity":1}]}},{"currency":"USD","lines":{"items":[{"item":{"href":"https:\/\/hydraqa.unicity.net\/v5a-test\/items\/933f0856fd8ec1df83c5283dabf4ec3c","id":{"unicity":"6200"}},"terms":{"priceEach":"86.0000","pvEach":"47.0000"},"quantity":1}]}},{"currency":"USD","lines":{"items":[{"item":{"href":"https:\/\/hydraqa.unicity.net\/v5a-test\/items\/75faf5436630ed02a683726aa0e9056f","id":{"unicity":"22165"}},"terms":{"priceEach":"112.0000","pvEach":"65.0000"},"quantity":1}]}},{"currency":"USD","lines":{"items":[{"item":{"href":"https:\/\/hydraqa.unicity.net\/v5a-test\/items\/0cf62d38e91953b43dcfe88b06f813cb","id":{"unicity":"26557"}},"terms":{"priceEach":"99.0000","pvEach":"61.0000"},"quantity":1}]}},{"currency":"USD","lines":{"items":[{"item":{"href":"https:\/\/hydraqa.unicity.net\/v5a-test\/items\/3af97c67f653253825a9189a27da57d6","id":{"unicity":"26556"}},"terms":{"priceEach":"99.0000","pvEach":"61.0000"},"quantity":1}]}},{"currency":"USD","lines":{"items":[{"item":{"href":"https:\/\/hydraqa.unicity.net\/v5a-test\/items\/d489ec0d50f6e28d5743afc65439631b","id":{"unicity":"0960"}},"terms":{"priceEach":"46.0000","pvEach":"23.0000"},"quantity":1}]}},{"currency":"USD","lines":{"items":[{"item":{"href":"https:\/\/hydraqa.unicity.net\/v5a-test\/items\/66839181d7531692a8d886a9da6fb4d6","id":{"unicity":"25369"}},"terms":{"priceEach":"63.0000","pvEach":"31.0000"},"quantity":1}]}},{"currency":"USD","lines":{"items":[{"item":{"href":"https:\/\/hydraqa.unicity.net\/v5a-test\/items\/0eebdede5bdb8bf4d71e800b6f3cead1","id":{"unicity":"30825"}},"terms":{"priceEach":"64.0000","pvEach":"31.0000"},"quantity":1}]}},{"currency":"USD","lines":{"items":[{"item":{"href":"https:\/\/hydraqa.unicity.net\/v5a-test\/items\/ec8c753ce03d3886e9b2e0d06eeb44b8","id":{"unicity":"31106"}},"terms":{"priceEach":"63.5000","pvEach":"21.0000"},"quantity":1}]}},{"currency":"USD","lines":{"items":[{"item":{"href":"https:\/\/hydraqa.unicity.net\/v5a-test\/items\/5c2f1613082782e691d32fe9ce034026","id":{"unicity":"23728"}},"terms":{"priceEach":"33.0000","pvEach":"15.0000"},"quantity":1}]}},{"currency":"USD","lines":{"items":[{"item":{"href":"https:\/\/hydraqa.unicity.net\/v5a-test\/items\/9a6e1d094182389c3da8e0a320ff0e00","id":{"unicity":"27585"}},"terms":{"priceEach":"69.0000","pvEach":"33.0000"},"quantity":1}]}},{"currency":"USD","lines":{"items":[{"item":{"href":"https:\/\/hydraqa.unicity.net\/v5a-test\/items\/25eaf64b36ce31368f17ae789fd9ac5b","id":{"unicity":"29694"}},"terms":{"priceEach":"69.0000","pvEach":"33.0000"},"quantity":1}]}},{"currency":"USD","lines":{"items":[{"item":{"href":"https:\/\/hydraqa.unicity.net\/v5a-test\/items\/112b8c39286598b3730f630f371a45f4","id":{"unicity":"27587"}},"terms":{"priceEach":"69.0000","pvEach":"33.0000"},"quantity":1}]}},{"currency":"USD","lines":{"items":[{"item":{"href":"https:\/\/hydraqa.unicity.net\/v5a-test\/items\/16ca68abaaa92505c257be022a154769","id":{"unicity":"27615"}},"terms":{"priceEach":"36.0000","pvEach":"21.0000"},"quantity":1}]}},{"currency":"USD","lines":{"items":[{"item":{"href":"https:\/\/hydraqa.unicity.net\/v5a-test\/items\/362999101a321b721c87110710ae77b0","id":{"unicity":"29352"}},"terms":{"priceEach":"149.0000","pvEach":"80.0000"},"quantity":1}]}},{"currency":"USD","lines":{"items":[{"item":{"href":"https:\/\/hydraqa.unicity.net\/v5a-test\/items\/5968ff0ba17d7a331fdc757a1623fd45","id":{"unicity":"32365"}},"terms":{"priceEach":"177.0000","pvEach":"97.0000"},"quantity":1}]}},{"currency":"USD","lines":{"items":[{"item":{"href":"https:\/\/hydraqa.unicity.net\/v5a-test\/items\/c92ce2b8ba6bb04bf8b23f0ecaccd709","id":{"unicity":"32364"}},"terms":{"priceEach":"185.0000","pvEach":"99.0000"},"quantity":1}]}},{"currency":"USD","lines":{"items":[{"item":{"href":"https:\/\/hydraqa.unicity.net\/v5a-test\/items\/2f028442193b3166b6c4f9590bd352b4","id":{"unicity":"32366"}},"terms":{"priceEach":"122.0000","pvEach":"68.0000"},"quantity":1}]}},{"currency":"USD","lines":{"items":[{"item":{"href":"https:\/\/hydraqa.unicity.net\/v5a-test\/items\/18f4c25c966306833f623287c875d6ba","id":{"unicity":"32369"}},"terms":{"priceEach":"191.0000","pvEach":"93.0000"},"quantity":1}]}},{"currency":"USD","lines":{"items":[{"item":{"href":"https:\/\/hydraqa.unicity.net\/v5a-test\/items\/972a6b8ac5c8f4014a02ea892a7dec26","id":{"unicity":"32367"}},"terms":{"priceEach":"286.0000","pvEach":"155.0000"},"quantity":1}]}},{"currency":"USD","lines":{"items":[{"item":{"href":"https:\/\/hydraqa.unicity.net\/v5a-test\/items\/8910970a414bb25f1eba52f529bdad79","id":{"unicity":"32368"}},"terms":{"priceEach":"183.0000","pvEach":"91.0000"},"quantity":1}]}},{"currency":"USD","lines":{"items":[{"item":{"href":"https:\/\/hydraqa.unicity.net\/v5a-test\/items\/779b47d856ea7e246c9e5aabc6eca794","id":{"unicity":"32370"}},"terms":{"priceEach":"171.0000","pvEach":"95.0000"},"quantity":1}]}},{"currency":"USD","lines":{"items":[{"item":{"href":"https:\/\/hydraqa.unicity.net\/v5a-test\/items\/cb7cb2fc26fed30b6ac4c1f87531e01c","id":{"unicity":"32372"}},"terms":{"priceEach":"192.0000","pvEach":"107.0000"},"quantity":1}]}},{"currency":"USD","lines":{"items":[{"item":{"href":"https:\/\/hydraqa.unicity.net\/v5a-test\/items\/fbd417602d04328198a0227de3abc533","id":{"unicity":"32371"}},"terms":{"priceEach":"163.0000","pvEach":"93.0000"},"quantity":1}]}},{"currency":"USD","lines":{"items":[{"item":{"href":"https:\/\/hydraqa.unicity.net\/v5a-test\/items\/05ca08f3808f126c0cc42154c50fc75c","id":{"unicity":"29440"}},"terms":{"priceEach":"138.0000","pvEach":"90.0000"},"quantity":1}]}},{"currency":"USD","lines":{"items":[{"item":{"href":"https:\/\/hydraqa.unicity.net\/v5a-test\/items\/cea826eab72d44641c070aab6c97c1ac","id":{"unicity":"22747"}},"terms":{"priceEach":"34.0000","pvEach":"16.0000"},"quantity":1}]}},{"currency":"USD","lines":{"items":[{"item":{"href":"https:\/\/hydraqa.unicity.net\/v5a-test\/items\/1945faa1776541d53120ecfe3c1d8a2b","id":{"unicity":"24418"}},"terms":{"priceEach":"7.0000","pvEach":"0.0000"},"quantity":1}]}},{"currency":"USD","lines":{"items":[{"item":{"href":"https:\/\/hydraqa.unicity.net\/v5a-test\/items\/e0a19d3d676bccfdba0ab3d9f2766359","id":{"unicity":"30350"}},"terms":{"priceEach":"59.0000","pvEach":"30.0000"},"quantity":1}]}},{"currency":"USD","lines":{"items":[{"item":{"href":"https:\/\/hydraqa.unicity.net\/v5a-test\/items\/b2fc4b9ba4aa5cae54389161be2f841f","id":{"unicity":"18401"}},"terms":{"priceEach":"39.0000","pvEach":"19.0000"},"quantity":1}]}},{"currency":"USD","lines":{"items":[{"item":{"href":"https:\/\/hydraqa.unicity.net\/v5a-test\/items\/1b0412bea8c0b841c66f65a36aa14108","id":{"unicity":"29191"}},"terms":{"priceEach":"78.0000","pvEach":"36.0000"},"quantity":1}]}},{"currency":"USD","lines":{"items":[{"item":{"href":"https:\/\/hydraqa.unicity.net\/v5a-test\/items\/1bd53de7fe880ba71f46c9976ca2c137","id":{"unicity":"27739"}},"terms":{"priceEach":"43.0000","pvEach":"13.0000"},"quantity":1}]}},{"currency":"USD","lines":{"items":[{"item":{"href":"https:\/\/hydraqa.unicity.net\/v5a-test\/items\/035189015384166df518a68ede0299a9","id":{"unicity":"30408"}},"terms":{"priceEach":"99.0000","pvEach":"50.0000"},"quantity":1}]}},{"currency":"USD","lines":{"items":[{"item":{"href":"https:\/\/hydraqa.unicity.net\/v5a-test\/items\/bed533c634e887357ff031d8e4c776b0","id":{"unicity":"31751"}},"terms":{"priceEach":"115.0000","pvEach":"50.0000"},"quantity":1}]}},{"currency":"USD","lines":{"items":[{"item":{"href":"https:\/\/hydraqa.unicity.net\/v5a-test\/items\/e5029d0db50d6ea324b5e25f54d82636","id":{"unicity":"31651"}},"terms":{"priceEach":"37.0000","pvEach":"14.0000"},"quantity":1}]}},{"currency":"USD","lines":{"items":[{"item":{"href":"https:\/\/hydraqa.unicity.net\/v5a-test\/items\/c201dcd36f4bb7e17e7a8481ef08d6f2","id":{"unicity":"31518"}},"terms":{"priceEach":"37.0000","pvEach":"14.0000"},"quantity":1}]}},{"currency":"USD","lines":{"items":[{"item":{"href":"https:\/\/hydraqa.unicity.net\/v5a-test\/items\/f5a91f19576078a69f82c9f58805f479","id":{"unicity":"31655"}},"terms":{"priceEach":"37.0000","pvEach":"14.0000"},"quantity":1}]}},{"currency":"USD","lines":{"items":[{"item":{"href":"https:\/\/hydraqa.unicity.net\/v5a-test\/items\/0a3ede185ddf034630afd891c5106d33","id":{"unicity":"26562"}},"terms":{"priceEach":"42.0000","pvEach":"25.0000"},"quantity":1}]}},{"currency":"USD","lines":{"items":[{"item":{"href":"https:\/\/hydraqa.unicity.net\/v5a-test\/items\/4b2034f47fce90b87bba28c5c2d7c25d","id":{"unicity":"15880"}},"terms":{"priceEach":"74.0000","pvEach":"41.0000"},"quantity":1}]}},{"currency":"USD","lines":{"items":[{"item":{"href":"https:\/\/hydraqa.unicity.net\/v5a-test\/items\/3d89c4f7e508dfba4018dc9c732084de","id":{"unicity":"29181"}},"terms":{"priceEach":"29.0000","pvEach":"12.0000"},"quantity":1}]}},{"currency":"USD","lines":{"items":[{"item":{"href":"https:\/\/hydraqa.unicity.net\/v5a-test\/items\/aa0d72ac13b1ce88cf8c4a52ede75a37","id":{"unicity":"26552"}},"terms":{"priceEach":"89.0000","pvEach":"50.0000"},"quantity":1}]}},{"currency":"USD","lines":{"items":[{"item":{"href":"https:\/\/hydraqa.unicity.net\/v5a-test\/items\/5c6f1a39257b63482d454789e4d2035c","id":{"unicity":"26553"}},"terms":{"priceEach":"89.0000","pvEach":"50.0000"},"quantity":1}]}},{"currency":"USD","lines":{"items":[{"item":{"href":"https:\/\/hydraqa.unicity.net\/v5a-test\/items\/8d994059c399f5551ab112574e4476fc","id":{"unicity":"24785"}},"terms":{"priceEach":"18.0000","pvEach":"9.0000"},"quantity":1}]}},{"currency":"USD","lines":{"items":[{"item":{"href":"https:\/\/hydraqa.unicity.net\/v5a-test\/items\/8ed7a8910d5c5335774fa9cfae0e511d","id":{"unicity":"18386"}},"terms":{"priceEach":"35.0000","pvEach":"21.0000"},"quantity":1}]}},{"currency":"USD","lines":{"items":[{"item":{"href":"https:\/\/hydraqa.unicity.net\/v5a-test\/items\/398d06b858b960f6f38086d40608aef2","id":{"unicity":"26560"}},"terms":{"priceEach":"21.0000","pvEach":"12.0000"},"quantity":1}]}},{"currency":"USD","lines":{"items":[{"item":{"href":"https:\/\/hydraqa.unicity.net\/v5a-test\/items\/55d3b550a17b78175cc5ac565e4266e8","id":{"unicity":"24621"}},"terms":{"priceEach":"25.0000","pvEach":"12.0000"},"quantity":1}]}},{"currency":"USD","lines":{"items":[{"item":{"href":"https:\/\/hydraqa.unicity.net\/v5a-test\/items\/bb5c627f16547cb4f706cef521bca356","id":{"unicity":"29437"}},"terms":{"priceEach":"78.0000","pvEach":"36.0000"},"quantity":1}]}},{"currency":"USD","lines":{"items":[{"item":{"href":"https:\/\/hydraqa.unicity.net\/v5a-test\/items\/0e78fbdfebef11cd62f8d2120064ee58","id":{"unicity":"30280"}},"terms":{"priceEach":"51.0000","pvEach":"24.0000"},"quantity":1}]}},{"currency":"USD","lines":{"items":[{"item":{"href":"https:\/\/hydraqa.unicity.net\/v5a-test\/items\/2835b1a78e379486f0ffbfd5fb9f6b0a","id":{"unicity":"30400"}},"terms":{"priceEach":"49.0000","pvEach":"28.0000"},"quantity":1}]}},{"currency":"USD","lines":{"items":[{"item":{"href":"https:\/\/hydraqa.unicity.net\/v5a-test\/items\/84bf86533ae28dc84370f3699cc13a1d","id":{"unicity":"17744"}},"terms":{"priceEach":"127.0000","pvEach":"62.0000"},"quantity":1}]}},{"currency":"USD","lines":{"items":[{"item":{"href":"https:\/\/hydraqa.unicity.net\/v5a-test\/items\/48433ffc76597c823adc2b8627e033e4","id":{"unicity":"26559"}},"terms":{"priceEach":"38.0000","pvEach":"20.0000"},"quantity":1}]}},{"currency":"USD","lines":{"items":[{"item":{"href":"https:\/\/hydraqa.unicity.net\/v5a-test\/items\/5a38f009bec6c23b1b3a70432f9722e5","id":{"unicity":"19596"}},"terms":{"priceEach":"61.0000","pvEach":"30.0000"},"quantity":1}]}},{"currency":"USD","lines":{"items":[{"item":{"href":"https:\/\/hydraqa.unicity.net\/v5a-test\/items\/38da42f991a40a00153b2e5055b82dbf","id":{"unicity":"27801"}},"terms":{"priceEach":"225.0000","pvEach":"130.0000"},"quantity":1}]}},{"currency":"USD","lines":{"items":[{"item":{"href":"https:\/\/hydraqa.unicity.net\/v5a-test\/items\/051e765a5a71835a859c2757edd359f0","id":{"unicity":"26580"}},"terms":{"priceEach":"225.0000","pvEach":"130.0000"},"quantity":1}]}},{"currency":"USD","lines":{"items":[{"item":{"href":"https:\/\/hydraqa.unicity.net\/v5a-test\/items\/11aed902b772de90f113ca8a6379a37c","id":{"unicity":"27951"}},"terms":{"priceEach":"225.0000","pvEach":"130.0000"},"quantity":1}]}},{"currency":"USD","lines":{"items":[{"item":{"href":"https:\/\/hydraqa.unicity.net\/v5a-test\/items\/8c21f026bb6a32624e0c80475bf8efb0","id":{"unicity":"25880"}},"terms":{"priceEach":"43.0000","pvEach":"23.0000"},"quantity":1}]}},{"currency":"USD","lines":{"items":[{"item":{"href":"https:\/\/hydraqa.unicity.net\/v5a-test\/items\/e218d1cac5f31e7ae4f5876c29c57377","id":{"unicity":"29017"}},"terms":{"priceEach":"48.0000","pvEach":"26.0000"},"quantity":1}]}},{"currency":"USD","lines":{"items":[{"item":{"href":"https:\/\/hydraqa.unicity.net\/v5a-test\/items\/24ff5bda40c0d0e7eaa511866d052915","id":{"unicity":"29612"}},"terms":{"priceEach":"60.0000","pvEach":"30.0000"},"quantity":1}]}},{"currency":"USD","lines":{"items":[{"item":{"href":"https:\/\/hydraqa.unicity.net\/v5a-test\/items\/2c4c1abe00983e85aaa918d2ce341491","id":{"unicity":"17174"}},"terms":{"priceEach":"21.0000","pvEach":"10.0000"},"quantity":1}]}},{"currency":"USD","lines":{"items":[{"item":{"href":"https:\/\/hydraqa.unicity.net\/v5a-test\/items\/3f2d12d7a0e8551fc99fad3bbe1ba633","id":{"unicity":"26567"}},"terms":{"priceEach":"69.0000","pvEach":"35.0000"},"quantity":1}]}},{"currency":"USD","lines":{"items":[{"item":{"href":"https:\/\/hydraqa.unicity.net\/v5a-test\/items\/191637167cb3144bd2e8c4615e9ab67e","id":{"unicity":"26568"}},"terms":{"priceEach":"69.0000","pvEach":"35.0000"},"quantity":1}]}},{"currency":"USD","lines":{"items":[{"item":{"href":"https:\/\/hydraqa.unicity.net\/v5a-test\/items\/2cefc6a61faaae3455a5adcb0d8fc74f","id":{"unicity":"15907"}},"terms":{"priceEach":"18.0000","pvEach":"5.0000"},"quantity":1}]}},{"currency":"USD","lines":{"items":[{"item":{"href":"https:\/\/hydraqa.unicity.net\/v5a-test\/items\/e870d73cd94149d9f6b55de9736c9daa","id":{"unicity":"3107"}},"terms":{"priceEach":"30.0000","pvEach":"16.0000"},"quantity":1}]}},{"currency":"USD","lines":{"items":[{"item":{"href":"https:\/\/hydraqa.unicity.net\/v5a-test\/items\/b127a2d34d3d73e2f53e4c2002a7a4a2","id":{"unicity":"25008"}},"terms":{"priceEach":"23.0000","pvEach":"15.0000"},"quantity":1}]}},{"currency":"USD","lines":{"items":[{"item":{"href":"https:\/\/hydraqa.unicity.net\/v5a-test\/items\/dcdf1b79b8b6f644100ffc20fdca4683","id":{"unicity":"27835"}},"terms":{"priceEach":"1891.5000","pvEach":"1000.0000"},"quantity":1}]}},{"currency":"USD","lines":{"items":[{"item":{"href":"https:\/\/hydraqa.unicity.net\/v5a-test\/items\/efe7d99f2b77ea614d624d371afa4244","id":{"unicity":"25543"}},"terms":{"priceEach":"1891.5000","pvEach":"1000.0000"},"quantity":1}]}},{"currency":"USD","lines":{"items":[{"item":{"href":"https:\/\/hydraqa.unicity.net\/v5a-test\/items\/19fa616d76c947f5586d58e1b5e8b4ee","id":{"unicity":"27837"}},"terms":{"priceEach":"1891.5000","pvEach":"1000.0000"},"quantity":1}]}},{"currency":"USD","lines":{"items":[{"item":{"href":"https:\/\/hydraqa.unicity.net\/v5a-test\/items\/2da06ecf761a87f5619997496b83b745","id":{"unicity":"27831"}},"terms":{"priceEach":"1891.5000","pvEach":"1000.0000"},"quantity":1}]}},{"currency":"USD","lines":{"items":[{"item":{"href":"https:\/\/hydraqa.unicity.net\/v5a-test\/items\/1ab3a5a9b55fdf3618d21bf1d528afe4","id":{"unicity":"25542"}},"terms":{"priceEach":"1891.5000","pvEach":"1000.0000"},"quantity":1}]}},{"currency":"USD","lines":{"items":[{"item":{"href":"https:\/\/hydraqa.unicity.net\/v5a-test\/items\/52f0d3751a2d8f3f3670328e8157de5e","id":{"unicity":"27833"}},"terms":{"priceEach":"1891.5000","pvEach":"1000.0000"},"quantity":1}]}},{"currency":"USD","lines":{"items":[{"item":{"href":"https:\/\/hydraqa.unicity.net\/v5a-test\/items\/1535f370eb06bf30117fa28aa9ab1179","id":{"unicity":"25544"}},"terms":{"priceEach":"1891.5000","pvEach":"1000.0000"},"quantity":1}]}},{"currency":"USD","lines":{"items":[{"item":{"href":"https:\/\/hydraqa.unicity.net\/v5a-test\/items\/87f09080f7a29929816891acef721667","id":{"unicity":"25545"}},"terms":{"priceEach":"1891.5000","pvEach":"1000.0000"},"quantity":1}]}},{"currency":"USD","lines":{"items":[{"item":{"href":"https:\/\/hydraqa.unicity.net\/v5a-test\/items\/991cdbb84a495779eb209fb3956a77e4","id":{"unicity":"29183"}},"terms":{"priceEach":"51.0000","pvEach":"24.0000"},"quantity":1}]}},{"currency":"USD","lines":{"items":[{"item":{"href":"https:\/\/hydraqa.unicity.net\/v5a-test\/items\/cda534d686af5d627c94c4bb2c4b57d8","id":{"unicity":"26561"}},"terms":{"priceEach":"21.0000","pvEach":"11.0000"},"quantity":1}]}},{"currency":"USD","lines":{"items":[{"item":{"href":"https:\/\/hydraqa.unicity.net\/v5a-test\/items\/10da226fab00279b4f89df10af2a10b7","id":{"unicity":"26442"}},"terms":{"priceEach":"8.0000","pvEach":"0.0000"},"quantity":1}]}},{"currency":"USD","lines":{"items":[{"item":{"href":"https:\/\/hydraqa.unicity.net\/v5a-test\/items\/2de8516a24af8232add0bb392e750a71","id":{"unicity":"31859"}},"terms":{"priceEach":"225.0000","pvEach":"130.0000"},"quantity":1}]}},{"currency":"USD","lines":{"items":[{"item":{"href":"https:\/\/hydraqa.unicity.net\/v5a-test\/items\/cf8460040a1860bcabf250b6c1171675","id":{"unicity":"31858"}},"terms":{"priceEach":"330.0000","pvEach":"195.0000"},"quantity":1}]}},{"currency":"USD","lines":{"items":[{"item":{"href":"https:\/\/hydraqa.unicity.net\/v5a-test\/items\/4ab49eca1731e69206ccafb5112ad5a4","id":{"unicity":"31861"}},"terms":{"priceEach":"245.0000","pvEach":"135.0000"},"quantity":1}]}},{"currency":"USD","lines":{"items":[{"item":{"href":"https:\/\/hydraqa.unicity.net\/v5a-test\/items\/d4c8fce238d6fc34d17a4b36d1e4e59a","id":{"unicity":"31860"}},"terms":{"priceEach":"245.0000","pvEach":"135.0000"},"quantity":1}]}},{"currency":"USD","lines":{"items":[{"item":{"href":"https:\/\/hydraqa.unicity.net\/v5a-test\/items\/fd464cd7972cc1317e850b9196d886b8","id":{"unicity":"31863"}},"terms":{"priceEach":"255.0000","pvEach":"148.0000"},"quantity":1}]}},{"currency":"USD","lines":{"items":[{"item":{"href":"https:\/\/hydraqa.unicity.net\/v5a-test\/items\/e47fd287212acedd1cffb2b67bf623bd","id":{"unicity":"31862"}},"terms":{"priceEach":"255.0000","pvEach":"148.0000"},"quantity":1}]}},{"currency":"USD","lines":{"items":[{"item":{"href":"https:\/\/hydraqa.unicity.net\/v5a-test\/items\/024e696f8b44a1d315006e676604cd31","id":{"unicity":"27395"}},"terms":{"priceEach":"31.0000","pvEach":"16.0000"},"quantity":1}]}},{"currency":"USD","lines":{"items":[{"item":{"href":"https:\/\/hydraqa.unicity.net\/v5a-test\/items\/91a6016282310b83203d0bb7bea14a0f","id":{"unicity":"29050"}},"terms":{"priceEach":"14.9500","pvEach":"0.0000"},"quantity":1}]}},{"currency":"USD","lines":{"items":[{"item":{"href":"https:\/\/hydraqa.unicity.net\/v5a-test\/items\/7fc100f8d20814757efe2d79e41b315c","id":{"unicity":"32021"}},"terms":{"priceEach":"104.0000","pvEach":"60.0000"},"quantity":1}]}},{"currency":"USD","lines":{"items":[{"item":{"href":"https:\/\/hydraqa.unicity.net\/v5a-test\/items\/634f7efb30392b2a919de1355902d975","id":{"unicity":"29408"}},"terms":{"priceEach":"99.0000","pvEach":"52.0000"},"quantity":1}]}},{"currency":"USD","lines":{"items":[{"item":{"href":"https:\/\/hydraqa.unicity.net\/v5a-test\/items\/fa2407c91e64e66a72ab45172eb978df","id":{"unicity":"0988"}},"terms":{"priceEach":"46.0000","pvEach":"23.0000"},"quantity":1}]}},{"currency":"USD","lines":{"items":[{"item":{"href":"https:\/\/hydraqa.unicity.net\/v5a-test\/items\/64ec7ad932acafab052a4e8800ad1238","id":{"unicity":"24758"}},"terms":{"priceEach":"39.0000","pvEach":"21.0000"},"quantity":1}]}},{"currency":"USD","lines":{"items":[{"item":{"href":"https:\/\/hydraqa.unicity.net\/v5a-test\/items\/c61892f0a7b7e88054169a31d65d95e0","id":{"unicity":"18373"}},"terms":{"priceEach":"21.0000","pvEach":"10.0000"},"quantity":1}]}},{"currency":"USD","lines":{"items":[{"item":{"href":"https:\/\/hydraqa.unicity.net\/v5a-test\/items\/40a1044968ea62276f4ba87fd2ef0d8f","id":{"unicity":"12230"}},"terms":{"priceEach":"30.0000","pvEach":"15.0000"},"quantity":1}]}},{"currency":"USD","lines":{"items":[{"item":{"href":"https:\/\/hydraqa.unicity.net\/v5a-test\/items\/9ff4257741d464b686d15be955b8afb6","id":{"unicity":"0963"}},"terms":{"priceEach":"53.0000","pvEach":"25.0000"},"quantity":1}]}},{"currency":"USD","lines":{"items":[{"item":{"href":"https:\/\/hydraqa.unicity.net\/v5a-test\/items\/ddef5f478ff91aa2263b646a3bd03dea","id":{"unicity":"21420"}},"terms":{"priceEach":"30.0000","pvEach":"10.0000"},"quantity":1}]}}]}
Entry request : {"order":{"customer":{"href":"https://hydraqa.unicity.net/v5a-test/customers?type=PreferredCustomer"},"shipToAddress":{"country":"US"}},"vary":{"lines":{"items":[{"item":{"href":"https://hydraqa.unicity.net/v5a-test/items?id.unicity=26580|31440|31441|31651|31655|31518|31751|27801|27951|25542|27835|25543|27831|0963|15129|15271|15880|17174|22745|22747|23728|24758|25022|26550|26556|26557|26560|26561|26562|27615|27739|24418|22888|27585|17744|25008|26442|26551|6200|15916|18908|24785|29050|26552|26553|27028|0954|18401|27029|26559|19596|25544|25545|26945|25535|21420|24621|27833|27837|28836|15712|22165|0960|25369|30825|18386|26567|26568|15907|28513|3107|0988|18373|12230|26950|26786|27587|29017|25880|29694|29408|29437|29181|29183|29191|29352|29612|30350|27395|29440|29830|30408|30414|30400|30280|31314|31727|31728|31729|31730|31731|31842|31846|31845|31847|31858|31859|31863|31862|31860|31861|31958|32021|32030|32364|32365|32366|32367|32368|32369|32370|32371|32372|31106|26555"}}]}}}
Request URL: https://hydraqa.unicity.net/v5a-test/customers.js?_httpMethod=HEAD&callback=angular.callbacks._1&email=FCVMFP@gmail.com
Request URL: https://hydraqa.unicity.net/v5a-test/addresses?country=US&zip=84097
Entry response : {"items":[{"city":"Orem","state":"UT"}]}
No Pop UP
{sponsor=2, gender=female, city=OREM, cartprice=225.0, enroller=2, arpack=Prime Health Pack - Cholesterol, Energy, Vanilla, language=English, locale=en, type=PreferredCustomer, platform=QA, lname=TestLastName, password=Unicity, genderoption=Female, Currency=USD, api=1, state=[UT], enrollerName=EnrollerTest, email=FCVMFP@gmail.com, zip=84097, fname=TestFirstName, prefferd=Bahamas, address2=Address 2, address1=1209 N 800 E, shippingmethod=type=NextDay, version=v5a-test/, testcase=normal, market=Bahamas, aritemcode=26580, martial=Married, phone=9823746323, proto=https://hydraqa.unicity.net/, marketcode=BS, maritaloption=Married, ccname=CCNameTest}
Request URL: https://hydraqa.unicity.net/v5a-test/orders.js
Entry request : {"customer":{"mainAddress":{"city":"OREM","country":"US","state":"UT","zip":"84097","address1":"1209 N 800 E","address2":""},"humanName":{"firstName":"TestFirstName","lastName":"TestLastName"},"email":"FCVMFP@gmail.com","preferredLocale":"en-BS","password":{"value":"Unicity"},"gender":"female","maritalStatus":"Married","type":"PreferredCustomer","enroller":{"href":"https://hydraqa.unicity.net/v5a-test/customers?id.unicity=2"},"creditcardaliases":[{"methodDetails":{"creditCardNumber":"4111111111111111","payer":"TestFirstName TestLastName","creditCardExpires":"2020-10"},"billToName":{"firstName":"TestFirstName","lastName":"TestLastName"},"billToAddress":{"address1":"Address 1","address2":"Address 2","city":"TestCity","state":"MG","zip":"","country":"BS"}}],"sponsor":{"href":"https://hydraqa.unicity.net/v5a-test/customers?id.unicity=2"},"homePhone":"9823746323","autoorders":{"items":[{"recurrence":{"schedule":{"month":"*","dayOfMonth":"5"},"status":"Enabled"},"lines":{"items":[{"item":{"href":"https://hydraqa.unicity.net/v5a-test/items?id.unicity=26580"},"quantity":1}]},"shipToName":{"firstName":"TestFirstName","lastName":"TestLastName"},"shipToPhone":"9823746323","shipToEmail":"FCVMFP@gmail.com","shipToAddress":{"city":"OREM","country":"US","state":"UT","address1":"1209 N 800 E","address2":"","zip":"84097"},"shippingMethod":{"href":"https://hydraqa.unicity.net/v5a-test/shippingmethods?type=NextDay"},"transactions":{"items":[{"amount":"this.terms.total","type":"AuthorizeAndCapture","method":"CreditCardAlias","methodDetails":{"alias":"this.customer.creditcardaliases[0].alias"}}]}}]},"rights":[]},"lines":{"items":[{"item":{"href":"https://hydraqa.unicity.net/v5a-test/items?id.unicity=31859"},"quantity":1}]},"shipToName":{"firstName":"TestFirstName","lastName":"TestLastName"},"shipToPhone":"9823746323","shipToEmail":"FCVMFP@gmail.com","shipToAddress":{"city":"OREM","country":"US","state":"UT","address1":"1209 N 800 E","address2":"","zip":"84097"},"shippingMethod":{"href":"https://hydraqa.unicity.net/v5a-test/shippingmethods?type=NextDay"},"notes":"","transactions":{"items":[{"amount":"this.terms.total","type":"AuthorizeAndCapture","method":"CreditCard","methodDetails":{"creditCardNumber":"4111111111111111","payer":"CCNameTest","creditCardExpires":"2020-10","creditCardSecurityCode":"123"},"billToAddress":{"address1":"Address 1","address2":"Address 2","city":"TestCity","state":"MG","zip":"","country":"BS"}}]}}
Entry response : {"meta":{"Link":"<http:\/\/unicity.github.io\/Hydra.php\/docs\/v5\/>; rel=\"help\"","X-Request-UUID":"b6d103a0-55b7-47df-b089-4eea51b21299","X-Request-Release":"5-2020010701\/master","Cache-Control":"no-cache, must-revalidate","Expires":"0","X-Powered-By":"Luracast Restler v3.0.0rc5","Content-Type":"text\/javascript; charset=utf-8","Content-Language":"en","X-Status-Code":"201"},"data":{"market":"US","lines":{"items":[{"quantity":1,"item":{"href":"https:\/\/hydraqa.unicity.net\/v5a-test\/items?id.unicity=31859","id":{"unicity":"31859"}}}]},"shipToAddress":{"country":"US","state":"UT","city":"OREM","zip":"84097","address1":"1209 N 800 E","address2":""},"shipToName":{"firstName":"TestFirstName","lastName":"TestLastName"},"shipToEmail":"FCVMFP@gmail.com","shipToPhone":"9823746323","shipToTime":"","source":null,"type":null,"notes":"","transactions":{"items":[{"amount":261.77,"billToAddress":{"address1":"Address 1","address2":"Address 2","city":"TestCity","state":"MG","zip":"","country":"BS"},"billToEmail":null,"type":"AuthorizeAndCapture","method":"CreditCard","installments":null,"methodDetails":{"creditCardNumber":"411111xxxxxx1111","payer":"CCNameTest","payerId":null,"creditCardExpires":"2020-10","creditCardSecurityCode":"123"}}]},"terms":{"discount":{"amount":0},"pretotal":261.77,"tax":{"amount":8.78},"freight":{"amount":27.99},"subtotal":225,"taxableTotal":252.99,"total":261.77,"pv":130},"shippingMethod":{"href":"https:\/\/hydraqa.unicity.net\/v5a-test\/shippingmethods?type=NextDay","location":"","type":"NextDay"},"currency":"USD","dateCreated":"2020-01-07T17:32:49-07:00","customer":{"humanName":{"firstName":"TestFirstName","lastName":"TestLastName"},"mainAddress":{"city":"OREM","country":"US","state":"UT","zip":"84097","address1":"1209 N 800 E","address2":""},"type":"PreferredCustomer","email":"FCVMFP@gmail.com","gender":"female","password":{"value":"Unicity"},"enroller":{"href":"https:\/\/hydraqa.unicity.net\/v5a-test\/customers\/f0cbfab7062ed827a4e700264e473f1d","id":{"unicity":2},"humanName":{"fullName":"Program, Referral"},"email":"danw@infotraxsys.com"},"sponsor":{"href":"https:\/\/hydraqa.unicity.net\/v5a-test\/customers\/f0cbfab7062ed827a4e700264e473f1d","id":{"unicity":2},"humanName":{"fullName":"Program, Referral"},"email":"danw@infotraxsys.com"},"homePhone":"9823746323","preferredLocale":"en-BS","maritalStatus":"Married","autoorders":{"items":[{"id":{"unicity":"63387"}}]},"rights":[],"status":"Active","id":{"unicity":"8105408"},"href":"https:\/\/hydraqa.unicity.net\/v5a-test\/customers\/d2a4b738f200dfc366886a3a75dd88d4","token":"709371c0-33eb-4c86-8a8a-192ad9762177"},"added_transactions":{"items":[]},"taxedAs":"goods","id":{"unicity":"1629657"},"href":"https:\/\/hydraqa.unicity.net\/v5a-test\/orders\/085f5d7e4bea2ffb2f7b43ada37045ac"}}
Headers-->keep-alive
Headers-->2445
Headers-->application/json, text/plain, */*
Headers-->http://enroll.ng.unicityqa.com
Headers-->en-BS
]]></system-out>
    <system-err><![CDATA[Starting ChromeDriver 2.36.540470 (e522d04694c7ebea4ba8821272dbef4f9b818c91) on port 13110
Only local connections are allowed.
Jan 07, 2020 5:29:16 PM org.openqa.selenium.remote.ProtocolHandshake createSession
INFO: Detected dialect: OSS
]]></system-err>
  </testcase>
  <testcase name="Enroll" classname="Tests.PrefferedCustomer" time="143.173">
    <failure message="Minor Summary Labels is Displaying expected [[Enrollment Summary, Enrollment Settings, About You, Your Shipping/Primary Address, Your Billing Address, Your Payment Information, Summary]] but found [[Credit Card Information, Billing Address, Shipping/Primary Address, Shipping Method, Summary]]" type="java.lang.AssertionError">java.lang.AssertionError: Minor Summary Labels is Displaying expected [[Enrollment Summary, Enrollment Settings, About You, Your Shipping/Primary Address, Your Billing Address, Your Payment Information, Summary]] but found [[Credit Card Information, Billing Address, Shipping/Primary Address, Shipping Method, Summary]]
	at Tests.PrefferedCustomer.Enroll(PrefferedCustomer.java:104)
</failure>
    <system-out><![CDATA[Request URL: https://hydraqa.unicity.net/v5a-test/quotes?&expand=item
Entry Quotes response : {"items":[{"currency":"CAD","lines":{"items":[{"item":{"href":"https:\/\/hydraqa.unicity.net\/v5a-test\/items\/fe97499574f54ccd16daec7361208411","id":{"unicity":"26570"}},"terms":{"priceEach":"25.0000","pvEach":"12.0000"},"quantity":1}]}},{"currency":"CAD","lines":{"items":[{"item":{"href":"https:\/\/hydraqa.unicity.net\/v5a-test\/items\/e0ecfe600e70e49a801d7b3227dfd3f0","id":{"unicity":"13668"}},"terms":{"priceEach":"31.0000","pvEach":"16.0000"},"quantity":1}]}},{"currency":"CAD","lines":{"items":[{"item":{"href":"https:\/\/hydraqa.unicity.net\/v5a-test\/items\/efaf2f6ae6aca83f6a3f88993fa84375","id":{"unicity":"32152"}},"terms":{"priceEach":"174.0000","pvEach":"93.0000"},"quantity":1}]}},{"currency":"CAD","lines":{"items":[{"item":{"href":"https:\/\/hydraqa.unicity.net\/v5a-test\/items\/9666510b53026f2d730c43746482be9c","id":{"unicity":"31849"}},"terms":{"priceEach":"209.0000","pvEach":"85.0000"},"quantity":1}]}},{"currency":"CAD","lines":{"items":[{"item":{"href":"https:\/\/hydraqa.unicity.net\/v5a-test\/items\/42d7ab6b9834716f6ebdd66f1a86d7b1","id":{"unicity":"30980"}},"terms":{"priceEach":"25.0000","pvEach":"8.0000"},"quantity":1}]}},{"currency":"CAD","lines":{"items":[{"item":{"href":"https:\/\/hydraqa.unicity.net\/v5a-test\/items\/f847ce37f5942a226f74e671c86709f8","id":{"unicity":"28787"}},"terms":{"priceEach":"38.0000","pvEach":"16.0000"},"quantity":1}]}},{"currency":"CAD","lines":{"items":[{"item":{"href":"https:\/\/hydraqa.unicity.net\/v5a-test\/items\/581848fdf2bd6cdafbedf9735f46eb17","id":{"unicity":"27182"}},"terms":{"priceEach":"1995.0000","pvEach":"1000.0000"},"quantity":1}]}},{"currency":"CAD","lines":{"items":[{"item":{"href":"https:\/\/hydraqa.unicity.net\/v5a-test\/items\/5e53a07a3c37f90fa4fbb21b19b06cac","id":{"unicity":"27184"}},"terms":{"priceEach":"1995.0000","pvEach":"1000.0000"},"quantity":1}]}},{"currency":"CAD","lines":{"items":[{"item":{"href":"https:\/\/hydraqa.unicity.net\/v5a-test\/items\/1945faa1776541d53120ecfe3c1d8a2b","id":{"unicity":"24418"}},"terms":{"priceEach":"6.0000","pvEach":"0.0000"},"quantity":1}]}},{"currency":"CAD","lines":{"items":[{"item":{"href":"https:\/\/hydraqa.unicity.net\/v5a-test\/items\/828f9b5bdbceaa7cd3ca6a4532632635","id":{"unicity":"19356"}},"terms":{"priceEach":"41.0000","pvEach":"21.0000"},"quantity":1}]}},{"currency":"CAD","lines":{"items":[{"item":{"href":"https:\/\/hydraqa.unicity.net\/v5a-test\/items\/1b0412bea8c0b841c66f65a36aa14108","id":{"unicity":"29191"}},"terms":{"priceEach":"104.0000","pvEach":"36.0000"},"quantity":1}]}},{"currency":"CAD","lines":{"items":[{"item":{"href":"https:\/\/hydraqa.unicity.net\/v5a-test\/items\/cb1cb2d293cc48affee9b2026c31313a","id":{"unicity":"28928"}},"terms":{"priceEach":"46.0000","pvEach":"12.0000"},"quantity":1}]}},{"currency":"CAD","lines":{"items":[{"item":{"href":"https:\/\/hydraqa.unicity.net\/v5a-test\/items\/2ffc1563d3d0fd7121ca5b1c2184988e","id":{"unicity":"28428"}},"terms":{"priceEach":"108.0000","pvEach":"58.0000"},"quantity":1}]}},{"currency":"CAD","lines":{"items":[{"item":{"href":"https:\/\/hydraqa.unicity.net\/v5a-test\/items\/637af131553f5822bef2bb0f0577b2e9","id":{"unicity":"28160"}},"terms":{"priceEach":"115.0000","pvEach":"58.0000"},"quantity":1}]}},{"currency":"CAD","lines":{"items":[{"item":{"href":"https:\/\/hydraqa.unicity.net\/v5a-test\/items\/6e0e7450f45cb9412e5b4642dd1469cb","id":{"unicity":"26579"}},"terms":{"priceEach":"24.0000","pvEach":"13.0000"},"quantity":1}]}},{"currency":"CAD","lines":{"items":[{"item":{"href":"https:\/\/hydraqa.unicity.net\/v5a-test\/items\/25903b9f5822fe7addc90c0561021374","id":{"unicity":"30136"}},"terms":{"priceEach":"365.0000","pvEach":"133.0000"},"quantity":1}]}},{"currency":"CAD","lines":{"items":[{"item":{"href":"https:\/\/hydraqa.unicity.net\/v5a-test\/items\/6b12c1e4bef067dceb5ac0ed8c54420d","id":{"unicity":"28096"}},"terms":{"priceEach":"26.0000","pvEach":"10.0000"},"quantity":1}]}},{"currency":"CAD","lines":{"items":[{"item":{"href":"https:\/\/hydraqa.unicity.net\/v5a-test\/items\/cfc721c9fb00317ed614492f65f21460","id":{"unicity":"31288"}},"terms":{"priceEach":"57.0000","pvEach":"28.0000"},"quantity":1}]}},{"currency":"CAD","lines":{"items":[{"item":{"href":"https:\/\/hydraqa.unicity.net\/v5a-test\/items\/dd619e405d660b27ccf73ce78079e1d9","id":{"unicity":"28325"}},"terms":{"priceEach":"1995.0000","pvEach":"1000.0000"},"quantity":1}]}},{"currency":"CAD","lines":{"items":[{"item":{"href":"https:\/\/hydraqa.unicity.net\/v5a-test\/items\/1785a19a6bf5472c7c1ded08cb7fd083","id":{"unicity":"28326"}},"terms":{"priceEach":"1995.0000","pvEach":"1000.0000"},"quantity":1}]}},{"currency":"CAD","lines":{"items":[{"item":{"href":"https:\/\/hydraqa.unicity.net\/v5a-test\/items\/351c19047c5c800d2db6963b3af5df78","id":{"unicity":"27080"}},"terms":{"priceEach":"67.0000","pvEach":"35.0000"},"quantity":1}]}},{"currency":"CAD","lines":{"items":[{"item":{"href":"https:\/\/hydraqa.unicity.net\/v5a-test\/items\/49ed55a5244d9db9d1c2bb3878c2bbca","id":{"unicity":"28332"}},"terms":{"priceEach":"267.0000","pvEach":"125.0000"},"quantity":1}]}},{"currency":"CAD","lines":{"items":[{"item":{"href":"https:\/\/hydraqa.unicity.net\/v5a-test\/items\/ddcf0342f92e04ba74188c2f32df425f","id":{"unicity":"26996"}},"terms":{"priceEach":"267.0000","pvEach":"125.0000"},"quantity":1}]}},{"currency":"CAD","lines":{"items":[{"item":{"href":"https:\/\/hydraqa.unicity.net\/v5a-test\/items\/4b1b6b6007d154296fd6c4044c789f67","id":{"unicity":"28329"}},"terms":{"priceEach":"267.0000","pvEach":"125.0000"},"quantity":1}]}},{"currency":"CAD","lines":{"items":[{"item":{"href":"https:\/\/hydraqa.unicity.net\/v5a-test\/items\/bb1a7c3a2902e2cbc4cb2a22fdf1f499","id":{"unicity":"26993"}},"terms":{"priceEach":"267.0000","pvEach":"125.0000"},"quantity":1}]}},{"currency":"CAD","lines":{"items":[{"item":{"href":"https:\/\/hydraqa.unicity.net\/v5a-test\/items\/ae14f4659032c9e8591a7ac76abd1ad5","id":{"unicity":"26569"}},"terms":{"priceEach":"48.0000","pvEach":"28.0000"},"quantity":1}]}},{"currency":"CAD","lines":{"items":[{"item":{"href":"https:\/\/hydraqa.unicity.net\/v5a-test\/items\/702718a42df24a0c9435af2fdc464748","id":{"unicity":"27400"}},"terms":{"priceEach":"53.0000","pvEach":"30.0000"},"quantity":1}]}},{"currency":"CAD","lines":{"items":[{"item":{"href":"https:\/\/hydraqa.unicity.net\/v5a-test\/items\/8407b62b9c4120aa3dfe25c9feb76e4a","id":{"unicity":"28591"}},"terms":{"priceEach":"24.0000","pvEach":"15.0000"},"quantity":1}]}},{"currency":"CAD","lines":{"items":[{"item":{"href":"https:\/\/hydraqa.unicity.net\/v5a-test\/items\/991cdbb84a495779eb209fb3956a77e4","id":{"unicity":"29183"}},"terms":{"priceEach":"69.0000","pvEach":"24.0000"},"quantity":1}]}},{"currency":"CAD","lines":{"items":[{"item":{"href":"https:\/\/hydraqa.unicity.net\/v5a-test\/items\/c4744f6ba328b983bfffc7e1e4416ff3","id":{"unicity":"26565"}},"terms":{"priceEach":"114.0000","pvEach":"60.0000"},"quantity":1}]}},{"currency":"CAD","lines":{"items":[{"item":{"href":"https:\/\/hydraqa.unicity.net\/v5a-test\/items\/10da226fab00279b4f89df10af2a10b7","id":{"unicity":"26442"}},"terms":{"priceEach":"9.0000","pvEach":"0.0000"},"quantity":1}]}},{"currency":"CAD","lines":{"items":[{"item":{"href":"https:\/\/hydraqa.unicity.net\/v5a-test\/items\/576e0ebc8d1f5b26fc89bf3cd47a26c6","id":{"unicity":"26572"}},"terms":{"priceEach":"110.0000","pvEach":"56.0000"},"quantity":1}]}},{"currency":"CAD","lines":{"items":[{"item":{"href":"https:\/\/hydraqa.unicity.net\/v5a-test\/items\/60b5ca15c481444657970edde11b04ce","id":{"unicity":"26571"}},"terms":{"priceEach":"110.0000","pvEach":"56.0000"},"quantity":1}]}},{"currency":"CAD","lines":{"items":[{"item":{"href":"https:\/\/hydraqa.unicity.net\/v5a-test\/items\/e77144fa2fcf6a4dc73c15b4d615c1aa","id":{"unicity":"28437"}},"terms":{"priceEach":"85.0000","pvEach":"33.0000"},"quantity":1}]}},{"currency":"CAD","lines":{"items":[{"item":{"href":"https:\/\/hydraqa.unicity.net\/v5a-test\/items\/b24413d1812bb9c95ba6ff7e26bad8ff","id":{"unicity":"26566"}},"terms":{"priceEach":"52.0000","pvEach":"30.0000"},"quantity":1}]}},{"currency":"CAD","lines":{"items":[{"item":{"href":"https:\/\/hydraqa.unicity.net\/v5a-test\/items\/46ea1edabdcf18f49817c437346958eb","id":{"unicity":"29147"}},"terms":{"priceEach":"85.0000","pvEach":"33.0000"},"quantity":1}]}},{"currency":"CAD","lines":{"items":[{"item":{"href":"https:\/\/hydraqa.unicity.net\/v5a-test\/items\/91a6016282310b83203d0bb7bea14a0f","id":{"unicity":"29050"}},"terms":{"priceEach":"17.0000","pvEach":"0.0000"},"quantity":1}]}},{"currency":"CAD","lines":{"items":[{"item":{"href":"https:\/\/hydraqa.unicity.net\/v5a-test\/items\/5c430db0256426c4b730bc6994a94a02","id":{"unicity":"31773"}},"terms":{"priceEach":"34.0000","pvEach":"13.0000"},"quantity":1}]}},{"currency":"CAD","lines":{"items":[{"item":{"href":"https:\/\/hydraqa.unicity.net\/v5a-test\/items\/e84750c27b2b9f10e6b4d2ab5a1954ba","id":{"unicity":"30115"}},"terms":{"priceEach":"134.0000","pvEach":"52.0000"},"quantity":1}]}},{"currency":"CAD","lines":{"items":[{"item":{"href":"https:\/\/hydraqa.unicity.net\/v5a-test\/items\/a40ede5f6847ec094ad8a38616ced7d0","id":{"unicity":"28100"}},"terms":{"priceEach":"44.0000","pvEach":"23.0000"},"quantity":1}]}},{"currency":"CAD","lines":{"items":[{"item":{"href":"https:\/\/hydraqa.unicity.net\/v5a-test\/items\/a63a83ed3bc6d32294984def2cf859be","id":{"unicity":"28845"}},"terms":{"priceEach":"30.0000","pvEach":"19.0000"},"quantity":1}]}}]}
Entry request : {"order":{"customer":{"href":"https://hydraqa.unicity.net/v5a-test/customers?type=PreferredCustomer"},"shipToAddress":{"country":"CA"}},"vary":{"lines":{"items":[{"item":{"href":"https://hydraqa.unicity.net/v5a-test/items?id.unicity=26993|31440|31442|27182|27184|28325|28327|26996|28329|28332|26572|27400|24418|29147|28437|28591|26580|26442|28370|28096|26571|29050|28326|28328|26994|26995|28330|28331|28428|28160|26574|26565|26570|26569|27589|27080|13668|28787|26566|26579|19356|28928|20436|28100|28845|29183|29185|29191|30115|30980|31110|31773|31288|32152|30136|31849"}}]}}}
Request URL: https://hydraqa.unicity.net/v5a-test/customers.js?callback=angular.callbacks._1&expand=customer,profilePicture&id.unicity=36554001
Request URL: https://hydraqa.unicity.net/v5a-test/customers.js?_httpMethod=HEAD&callback=angular.callbacks._4&email=KLHQBC@gmail.com
Request URL: https://hydraqa.unicity.net/v5a-test/addresses?country=CA&zip=B4V2K4
Entry response : {"items":[{"city":"Bridgewater","state":"NS"}]}
]]></system-out>
    <system-err><![CDATA[Starting ChromeDriver 2.36.540470 (e522d04694c7ebea4ba8821272dbef4f9b818c91) on port 27825
Only local connections are allowed.
Jan 07, 2020 5:33:21 PM org.openqa.selenium.remote.ProtocolHandshake createSession
INFO: Detected dialect: OSS
]]></system-err>
  </testcase>
  <testcase name="Enroll" classname="Tests.PrefferedCustomer" time="171.244">
    <failure message="Major Market expected [CA] but found [null]" type="java.lang.AssertionError">java.lang.AssertionError: Major Market expected [CA] but found [null]
	at Tests.PrefferedCustomer.Enroll(PrefferedCustomer.java:104)
</failure>
    <system-out><![CDATA[Request URL: https://hydraqa.unicity.net/v5a-test/quotes?&expand=item
Entry Quotes response : {"items":[{"currency":"CAD","lines":{"items":[{"item":{"href":"https:\/\/hydraqa.unicity.net\/v5a-test\/items\/fe97499574f54ccd16daec7361208411","id":{"unicity":"26570"}},"terms":{"priceEach":"25.0000","pvEach":"12.0000"},"quantity":1}]}},{"currency":"CAD","lines":{"items":[{"item":{"href":"https:\/\/hydraqa.unicity.net\/v5a-test\/items\/e0ecfe600e70e49a801d7b3227dfd3f0","id":{"unicity":"13668"}},"terms":{"priceEach":"31.0000","pvEach":"16.0000"},"quantity":1}]}},{"currency":"CAD","lines":{"items":[{"item":{"href":"https:\/\/hydraqa.unicity.net\/v5a-test\/items\/efaf2f6ae6aca83f6a3f88993fa84375","id":{"unicity":"32152"}},"terms":{"priceEach":"174.0000","pvEach":"93.0000"},"quantity":1}]}},{"currency":"CAD","lines":{"items":[{"item":{"href":"https:\/\/hydraqa.unicity.net\/v5a-test\/items\/9666510b53026f2d730c43746482be9c","id":{"unicity":"31849"}},"terms":{"priceEach":"209.0000","pvEach":"85.0000"},"quantity":1}]}},{"currency":"CAD","lines":{"items":[{"item":{"href":"https:\/\/hydraqa.unicity.net\/v5a-test\/items\/42d7ab6b9834716f6ebdd66f1a86d7b1","id":{"unicity":"30980"}},"terms":{"priceEach":"25.0000","pvEach":"8.0000"},"quantity":1}]}},{"currency":"CAD","lines":{"items":[{"item":{"href":"https:\/\/hydraqa.unicity.net\/v5a-test\/items\/f847ce37f5942a226f74e671c86709f8","id":{"unicity":"28787"}},"terms":{"priceEach":"38.0000","pvEach":"16.0000"},"quantity":1}]}},{"currency":"CAD","lines":{"items":[{"item":{"href":"https:\/\/hydraqa.unicity.net\/v5a-test\/items\/581848fdf2bd6cdafbedf9735f46eb17","id":{"unicity":"27182"}},"terms":{"priceEach":"1995.0000","pvEach":"1000.0000"},"quantity":1}]}},{"currency":"CAD","lines":{"items":[{"item":{"href":"https:\/\/hydraqa.unicity.net\/v5a-test\/items\/5e53a07a3c37f90fa4fbb21b19b06cac","id":{"unicity":"27184"}},"terms":{"priceEach":"1995.0000","pvEach":"1000.0000"},"quantity":1}]}},{"currency":"CAD","lines":{"items":[{"item":{"href":"https:\/\/hydraqa.unicity.net\/v5a-test\/items\/1945faa1776541d53120ecfe3c1d8a2b","id":{"unicity":"24418"}},"terms":{"priceEach":"6.0000","pvEach":"0.0000"},"quantity":1}]}},{"currency":"CAD","lines":{"items":[{"item":{"href":"https:\/\/hydraqa.unicity.net\/v5a-test\/items\/828f9b5bdbceaa7cd3ca6a4532632635","id":{"unicity":"19356"}},"terms":{"priceEach":"41.0000","pvEach":"21.0000"},"quantity":1}]}},{"currency":"CAD","lines":{"items":[{"item":{"href":"https:\/\/hydraqa.unicity.net\/v5a-test\/items\/1b0412bea8c0b841c66f65a36aa14108","id":{"unicity":"29191"}},"terms":{"priceEach":"104.0000","pvEach":"36.0000"},"quantity":1}]}},{"currency":"CAD","lines":{"items":[{"item":{"href":"https:\/\/hydraqa.unicity.net\/v5a-test\/items\/cb1cb2d293cc48affee9b2026c31313a","id":{"unicity":"28928"}},"terms":{"priceEach":"46.0000","pvEach":"12.0000"},"quantity":1}]}},{"currency":"CAD","lines":{"items":[{"item":{"href":"https:\/\/hydraqa.unicity.net\/v5a-test\/items\/2ffc1563d3d0fd7121ca5b1c2184988e","id":{"unicity":"28428"}},"terms":{"priceEach":"108.0000","pvEach":"58.0000"},"quantity":1}]}},{"currency":"CAD","lines":{"items":[{"item":{"href":"https:\/\/hydraqa.unicity.net\/v5a-test\/items\/637af131553f5822bef2bb0f0577b2e9","id":{"unicity":"28160"}},"terms":{"priceEach":"115.0000","pvEach":"58.0000"},"quantity":1}]}},{"currency":"CAD","lines":{"items":[{"item":{"href":"https:\/\/hydraqa.unicity.net\/v5a-test\/items\/6e0e7450f45cb9412e5b4642dd1469cb","id":{"unicity":"26579"}},"terms":{"priceEach":"24.0000","pvEach":"13.0000"},"quantity":1}]}},{"currency":"CAD","lines":{"items":[{"item":{"href":"https:\/\/hydraqa.unicity.net\/v5a-test\/items\/25903b9f5822fe7addc90c0561021374","id":{"unicity":"30136"}},"terms":{"priceEach":"365.0000","pvEach":"133.0000"},"quantity":1}]}},{"currency":"CAD","lines":{"items":[{"item":{"href":"https:\/\/hydraqa.unicity.net\/v5a-test\/items\/6b12c1e4bef067dceb5ac0ed8c54420d","id":{"unicity":"28096"}},"terms":{"priceEach":"26.0000","pvEach":"10.0000"},"quantity":1}]}},{"currency":"CAD","lines":{"items":[{"item":{"href":"https:\/\/hydraqa.unicity.net\/v5a-test\/items\/cfc721c9fb00317ed614492f65f21460","id":{"unicity":"31288"}},"terms":{"priceEach":"57.0000","pvEach":"28.0000"},"quantity":1}]}},{"currency":"CAD","lines":{"items":[{"item":{"href":"https:\/\/hydraqa.unicity.net\/v5a-test\/items\/dd619e405d660b27ccf73ce78079e1d9","id":{"unicity":"28325"}},"terms":{"priceEach":"1995.0000","pvEach":"1000.0000"},"quantity":1}]}},{"currency":"CAD","lines":{"items":[{"item":{"href":"https:\/\/hydraqa.unicity.net\/v5a-test\/items\/1785a19a6bf5472c7c1ded08cb7fd083","id":{"unicity":"28326"}},"terms":{"priceEach":"1995.0000","pvEach":"1000.0000"},"quantity":1}]}},{"currency":"CAD","lines":{"items":[{"item":{"href":"https:\/\/hydraqa.unicity.net\/v5a-test\/items\/351c19047c5c800d2db6963b3af5df78","id":{"unicity":"27080"}},"terms":{"priceEach":"67.0000","pvEach":"35.0000"},"quantity":1}]}},{"currency":"CAD","lines":{"items":[{"item":{"href":"https:\/\/hydraqa.unicity.net\/v5a-test\/items\/49ed55a5244d9db9d1c2bb3878c2bbca","id":{"unicity":"28332"}},"terms":{"priceEach":"267.0000","pvEach":"125.0000"},"quantity":1}]}},{"currency":"CAD","lines":{"items":[{"item":{"href":"https:\/\/hydraqa.unicity.net\/v5a-test\/items\/ddcf0342f92e04ba74188c2f32df425f","id":{"unicity":"26996"}},"terms":{"priceEach":"267.0000","pvEach":"125.0000"},"quantity":1}]}},{"currency":"CAD","lines":{"items":[{"item":{"href":"https:\/\/hydraqa.unicity.net\/v5a-test\/items\/4b1b6b6007d154296fd6c4044c789f67","id":{"unicity":"28329"}},"terms":{"priceEach":"267.0000","pvEach":"125.0000"},"quantity":1}]}},{"currency":"CAD","lines":{"items":[{"item":{"href":"https:\/\/hydraqa.unicity.net\/v5a-test\/items\/bb1a7c3a2902e2cbc4cb2a22fdf1f499","id":{"unicity":"26993"}},"terms":{"priceEach":"267.0000","pvEach":"125.0000"},"quantity":1}]}},{"currency":"CAD","lines":{"items":[{"item":{"href":"https:\/\/hydraqa.unicity.net\/v5a-test\/items\/ae14f4659032c9e8591a7ac76abd1ad5","id":{"unicity":"26569"}},"terms":{"priceEach":"48.0000","pvEach":"28.0000"},"quantity":1}]}},{"currency":"CAD","lines":{"items":[{"item":{"href":"https:\/\/hydraqa.unicity.net\/v5a-test\/items\/702718a42df24a0c9435af2fdc464748","id":{"unicity":"27400"}},"terms":{"priceEach":"53.0000","pvEach":"30.0000"},"quantity":1}]}},{"currency":"CAD","lines":{"items":[{"item":{"href":"https:\/\/hydraqa.unicity.net\/v5a-test\/items\/8407b62b9c4120aa3dfe25c9feb76e4a","id":{"unicity":"28591"}},"terms":{"priceEach":"24.0000","pvEach":"15.0000"},"quantity":1}]}},{"currency":"CAD","lines":{"items":[{"item":{"href":"https:\/\/hydraqa.unicity.net\/v5a-test\/items\/991cdbb84a495779eb209fb3956a77e4","id":{"unicity":"29183"}},"terms":{"priceEach":"69.0000","pvEach":"24.0000"},"quantity":1}]}},{"currency":"CAD","lines":{"items":[{"item":{"href":"https:\/\/hydraqa.unicity.net\/v5a-test\/items\/c4744f6ba328b983bfffc7e1e4416ff3","id":{"unicity":"26565"}},"terms":{"priceEach":"114.0000","pvEach":"60.0000"},"quantity":1}]}},{"currency":"CAD","lines":{"items":[{"item":{"href":"https:\/\/hydraqa.unicity.net\/v5a-test\/items\/10da226fab00279b4f89df10af2a10b7","id":{"unicity":"26442"}},"terms":{"priceEach":"9.0000","pvEach":"0.0000"},"quantity":1}]}},{"currency":"CAD","lines":{"items":[{"item":{"href":"https:\/\/hydraqa.unicity.net\/v5a-test\/items\/576e0ebc8d1f5b26fc89bf3cd47a26c6","id":{"unicity":"26572"}},"terms":{"priceEach":"110.0000","pvEach":"56.0000"},"quantity":1}]}},{"currency":"CAD","lines":{"items":[{"item":{"href":"https:\/\/hydraqa.unicity.net\/v5a-test\/items\/60b5ca15c481444657970edde11b04ce","id":{"unicity":"26571"}},"terms":{"priceEach":"110.0000","pvEach":"56.0000"},"quantity":1}]}},{"currency":"CAD","lines":{"items":[{"item":{"href":"https:\/\/hydraqa.unicity.net\/v5a-test\/items\/e77144fa2fcf6a4dc73c15b4d615c1aa","id":{"unicity":"28437"}},"terms":{"priceEach":"85.0000","pvEach":"33.0000"},"quantity":1}]}},{"currency":"CAD","lines":{"items":[{"item":{"href":"https:\/\/hydraqa.unicity.net\/v5a-test\/items\/b24413d1812bb9c95ba6ff7e26bad8ff","id":{"unicity":"26566"}},"terms":{"priceEach":"52.0000","pvEach":"30.0000"},"quantity":1}]}},{"currency":"CAD","lines":{"items":[{"item":{"href":"https:\/\/hydraqa.unicity.net\/v5a-test\/items\/46ea1edabdcf18f49817c437346958eb","id":{"unicity":"29147"}},"terms":{"priceEach":"85.0000","pvEach":"33.0000"},"quantity":1}]}},{"currency":"CAD","lines":{"items":[{"item":{"href":"https:\/\/hydraqa.unicity.net\/v5a-test\/items\/91a6016282310b83203d0bb7bea14a0f","id":{"unicity":"29050"}},"terms":{"priceEach":"17.0000","pvEach":"0.0000"},"quantity":1}]}},{"currency":"CAD","lines":{"items":[{"item":{"href":"https:\/\/hydraqa.unicity.net\/v5a-test\/items\/5c430db0256426c4b730bc6994a94a02","id":{"unicity":"31773"}},"terms":{"priceEach":"34.0000","pvEach":"13.0000"},"quantity":1}]}},{"currency":"CAD","lines":{"items":[{"item":{"href":"https:\/\/hydraqa.unicity.net\/v5a-test\/items\/e84750c27b2b9f10e6b4d2ab5a1954ba","id":{"unicity":"30115"}},"terms":{"priceEach":"134.0000","pvEach":"52.0000"},"quantity":1}]}},{"currency":"CAD","lines":{"items":[{"item":{"href":"https:\/\/hydraqa.unicity.net\/v5a-test\/items\/a40ede5f6847ec094ad8a38616ced7d0","id":{"unicity":"28100"}},"terms":{"priceEach":"44.0000","pvEach":"23.0000"},"quantity":1}]}},{"currency":"CAD","lines":{"items":[{"item":{"href":"https:\/\/hydraqa.unicity.net\/v5a-test\/items\/a63a83ed3bc6d32294984def2cf859be","id":{"unicity":"28845"}},"terms":{"priceEach":"30.0000","pvEach":"19.0000"},"quantity":1}]}}]}
Entry request : {"order":{"customer":{"href":"https://hydraqa.unicity.net/v5a-test/customers?type=PreferredCustomer"},"shipToAddress":{"country":"CA"}},"vary":{"lines":{"items":[{"item":{"href":"https://hydraqa.unicity.net/v5a-test/items?id.unicity=26993|31440|31442|27182|27184|28325|28327|26996|28329|28332|26572|27400|24418|29147|28437|28591|26580|26442|28370|28096|26571|29050|28326|28328|26994|26995|28330|28331|28428|28160|26574|26565|26570|26569|27589|27080|13668|28787|26566|26579|19356|28928|20436|28100|28845|29183|29185|29191|30115|30980|31110|31773|31288|32152|30136|31849"}}]}}}
Request URL: https://hydraqa.unicity.net/v5a-test/customers.js?callback=angular.callbacks._1&expand=customer,profilePicture&id.unicity=36554001
Request URL: https://hydraqa.unicity.net/v5a-test/customers.js?_httpMethod=HEAD&callback=angular.callbacks._4&email=CJRHJH@gmail.com
Request URL: https://hydraqa.unicity.net/v5a-test/addresses?country=CA&zip=B4V2K4
Entry response : {"items":[{"city":"Bridgewater","state":"NS"}]}
{sponsor=36554001, gender=male, city=BRIDGEWATER, cartprice=298.0, enroller=36554001, arpack=Prime Health Pack - Cholesterol/Energy/Vanilla, language=Français, locale=fr, type=PreferredCustomer, platform=QA, lname=TestLastName, password=Unicity, genderoption=Homme, Currency=USD, api=4, state=[NS], email=CJRHJH@gmail.com, zip=B4V2K4, fname=TestFirstName, prefferd=Canada, address2=Address 2, address1=Address 1, shippingmethod=type=Canada Post, version=v5a-test/, testcase=normal, market=Canada, aritemcode=26993, martial=Married, phone=9823746323, proto=https://hydraqa.unicity.net/, marketcode=CA, maritaloption=Marié, ccname=CCNameTest}
Request URL: https://hydraqa.unicity.net/v5a-test/orders.js
Entry request : {"customer":{"mainAddress":{"city":"BRIDGEWATER","country":"CA","state":"NS","zip":"B4V2K4","address1":"Address 1","address2":"Address 2"},"humanName":{"firstName":"TestFirstName","lastName":"TestLastName"},"email":"CJRHJH@gmail.com","preferredLocale":"fr-CA","password":{"value":"Unicity"},"gender":"male","maritalStatus":"Married","type":"PreferredCustomer","creditcardaliases":[{"methodDetails":{"creditCardNumber":"4111111111111111","payer":"TestFirstName TestLastName","creditCardExpires":"2020-10"},"billToName":{"firstName":"TestFirstName","lastName":"TestLastName"},"billToAddress":{"address1":"Address 1","address2":"Address 2","city":"BRIDGEWATER","state":"NS","zip":"B4V2K4","country":"CA"}}],"sponsor":{"href":"https://hydraqa.unicity.net/v5a-test/customers?id.unicity=36554001"},"enroller":{"href":"https://hydraqa.unicity.net/v5a-test/customers?id.unicity=36554001"},"homePhone":"9823746323","autoorders":{"items":[{"recurrence":{"schedule":{"month":"*","dayOfMonth":"5"},"status":"Enabled"},"lines":{"items":[{"item":{"href":"https://hydraqa.unicity.net/v5a-test/items?id.unicity=26993"},"quantity":1}]},"shipToName":{"firstName":"TestFirstName","lastName":"TestLastName"},"shipToPhone":"9823746323","shipToEmail":"CJRHJH@gmail.com","shipToAddress":{"city":"BRIDGEWATER","country":"CA","state":"NS","address1":"Address 1","address2":"Address 2","zip":"B4V2K4"},"shippingMethod":{"href":"https://hydraqa.unicity.net/v5a-test/shippingmethods?type=Canada Post"},"transactions":{"items":[{"amount":"this.terms.total","type":"AuthorizeAndCapture","method":"CreditCardAlias","methodDetails":{"alias":"this.customer.creditcardaliases[0].alias"}}]}}]},"rights":[]},"lines":{"items":[{"item":{"href":"https://hydraqa.unicity.net/v5a-test/items?id.unicity=13668"},"quantity":1},{"item":{"href":"https://hydraqa.unicity.net/v5a-test/items?id.unicity=28332"},"quantity":1}]},"shipToName":{"firstName":"TestFirstName","lastName":"TestLastName"},"shipToPhone":"9823746323","shipToEmail":"CJRHJH@gmail.com","shipToAddress":{"city":"BRIDGEWATER","country":"CA","state":"NS","address1":"Address 1","address2":"Address 2","zip":"B4V2K4"},"shippingMethod":{"href":"https://hydraqa.unicity.net/v5a-test/shippingmethods?type=Canada Post"},"notes":"","transactions":{"items":[{"amount":"this.terms.total","type":"AuthorizeAndCapture","method":"CreditCard","methodDetails":{"creditCardNumber":"4111111111111111","payer":"CCNameTest","creditCardExpires":"2020-10","creditCardSecurityCode":"123"},"billToAddress":{"address1":"Address 1","address2":"Address 2","city":"BRIDGEWATER","state":"NS","zip":"B4V2K4","country":"CA"}},{"type":"AuthorizeAndCapture","method":"Coupon","methodDetails":{"code":"Fre3Aut0Sh!p"}}]}}
Entry response : {"meta":{"Link":"<http:\/\/unicity.github.io\/Hydra.php\/docs\/v5\/>; rel=\"help\"","X-Request-UUID":"0796e977-c107-4525-ba67-ff0c1e29cbb9","X-Request-Release":"5-2020010701\/master","Cache-Control":"no-cache, must-revalidate","Expires":"0","X-Powered-By":"Luracast Restler v3.0.0rc5","Content-Type":"text\/javascript; charset=utf-8","Content-Language":"en","X-Status-Code":"402"},"data":{"error":{"code":402,"message":"Payment Required","error_code":"3009","error_message":"Could not authorize and capture credit card payment. Error#H9D4R","upstream_error_message":"ACTION 130 IS NOT ALLOWED FOR MERCHANT 8270, IPADDRESS 34.199.186.86"}}}
Headers-->keep-alive
Headers-->2707
Headers-->application/json, text/plain, */*
Headers-->http://enroll.ng.unicityqa.com
Headers-->fr-CA
]]></system-out>
    <system-err><![CDATA[Starting ChromeDriver 2.36.540470 (e522d04694c7ebea4ba8821272dbef4f9b818c91) on port 43080
Only local connections are allowed.
Jan 07, 2020 5:35:51 PM org.openqa.selenium.remote.ProtocolHandshake createSession
INFO: Detected dialect: OSS
]]></system-err>
  </testcase>
  <testcase name="Enroll" classname="Tests.PrefferedCustomer" time="140.446">
    <failure message="Major zip code expected [null] but found []" type="java.lang.AssertionError">java.lang.AssertionError: Major zip code expected [null] but found []
	at Tests.PrefferedCustomer.Enroll(PrefferedCustomer.java:104)
</failure>
    <system-out><![CDATA[Request URL: https://hydraqa.unicity.net/v5a-test/customers.js?_httpMethod=HEAD&callback=angular.callbacks._5&email=JUAOFP@gmail.com
{sponsor=36554001, gender=female, city=TestCity, cartprice=256.0, enroller=36554001, language=Español, locale=es, type=PreferredCustomer, platform=QA, lname=TestLastName, password=Unicity, genderoption=Femenino, Currency=USD, api=5, email=JUAOFP@gmail.com, fname=TestFirstName, prefferd=Colombia, address2=Address 2, address1=Address 1, shippingmethod=type=WillCall&location=Bogota, Recoger, version=v5a-test/, testcase=normal, market=Colombia, martial=Married, phone=9823746323, proto=https://hydraqa.unicity.net/, marketcode=CO, maritaloption=Casado, ccname=CCNameTest}
Request URL: https://hydraqa.unicity.net/v5a-test/orders.js
Entry request : {"customer":{"mainAddress":{"city":"TestCity","country":"CO","state":"VID","zip":"","address1":"Address 1","address2":"Address 2"},"humanName":{"firstName":"TestFirstName","lastName":"TestLastName"},"email":"JUAOFP@gmail.com","preferredLocale":"es-CO","password":{"value":"Unicity"},"gender":"female","maritalStatus":"Married","type":"PreferredCustomer","sponsor":{"href":"https://hydraqa.unicity.net/v5a-test/customers?id.unicity=36554001"},"enroller":{"href":"https://hydraqa.unicity.net/v5a-test/customers?id.unicity=36554001"},"homePhone":"9823746323","rights":[]},"lines":{"items":[{"item":{"href":"https://hydraqa.unicity.net/v5a-test/items?id.unicity=28228"},"quantity":1}]},"shipToName":{"firstName":"TestFirstName","lastName":"TestLastName"},"shipToPhone":"9823746323","shipToEmail":"JUAOFP@gmail.com","shipToAddress":{"city":"TestCity","country":"CO","state":"VID","address1":"Address 1","address2":"Address 2","zip":""},"shippingMethod":{"href":"https://hydraqa.unicity.net/v5a-test/shippingmethods?type=WillCall&location=Bogota, Recoger"},"notes":"","transactions":{"items":[{"amount":"this.terms.total","type":"AuthorizeAndCapture","method":"CreditCard","methodDetails":{"creditCardNumber":"4111111111111111","payer":"CCNameTest","creditCardExpires":"2020-10","creditCardSecurityCode":"123"}}]}}
Entry response : {"meta":{"Link":"<http:\/\/unicity.github.io\/Hydra.php\/docs\/v5\/>; rel=\"help\"","X-Request-UUID":"11512b96-ba19-4202-a3e1-c391cab1a74c","X-Request-Release":"5-2020010701\/master","Cache-Control":"no-cache, must-revalidate","Expires":"0","X-Powered-By":"Luracast Restler v3.0.0rc5","Content-Type":"text\/javascript; charset=utf-8","Content-Language":"en","X-Status-Code":"402"},"data":{"error":{"code":402,"message":"Payment Required","error_code":"3009","error_message":"Could not authorize and capture credit card payment. Error#Q3T3T"}}}
Headers-->keep-alive
Headers-->1308
Headers-->application/json, text/plain, */*
Headers-->http://enroll.ng.unicityqa.com
Headers-->es-CO
]]></system-out>
    <system-err><![CDATA[Starting ChromeDriver 2.36.540470 (e522d04694c7ebea4ba8821272dbef4f9b818c91) on port 30582
Only local connections are allowed.
Jan 07, 2020 5:38:49 PM org.openqa.selenium.remote.ProtocolHandshake createSession
INFO: Detected dialect: OSS
]]></system-err>
  </testcase>
  <testcase name="Enroll" classname="Tests.PrefferedCustomer" time="284.908"/>
  <testcase name="Enroll" classname="Tests.PrefferedCustomer" time="193.983"/>
  <testcase name="Enroll" classname="Tests.PrefferedCustomer" time="178.924">
    <failure message="Major AR Pack href expected [https://hydraqa.unicity.net/v5a-test/items?id.unicity=26580] but found []" type="java.lang.AssertionError">java.lang.AssertionError: Major AR Pack href expected [https://hydraqa.unicity.net/v5a-test/items?id.unicity=26580] but found []
	at Tests.PrefferedCustomer.Enroll(PrefferedCustomer.java:104)
</failure>
    <system-out><![CDATA[Request URL: https://hydraqa.unicity.net/v5a-test/quotes?&expand=item
Entry Quotes response : {"items":[{"currency":"USD","lines":{"items":[{"item":{"href":"https:\/\/hydraqa.unicity.net\/v5a-test\/items\/50747027a065cb8361c1f0d6eb880466","id":{"unicity":"32030"}},"terms":{"priceEach":"179.0000","pvEach":"102.0000"},"quantity":1}]}},{"currency":"USD","lines":{"items":[{"item":{"href":"https:\/\/hydraqa.unicity.net\/v5a-test\/items\/9a7715e888c94989d898fe4653645721","id":{"unicity":"26550"}},"terms":{"priceEach":"99.0000","pvEach":"52.0000"},"quantity":1}]}},{"currency":"USD","lines":{"items":[{"item":{"href":"https:\/\/hydraqa.unicity.net\/v5a-test\/items\/fbb319232b7eed110794d46a68302acb","id":{"unicity":"31847"}},"terms":{"priceEach":"150.0000","pvEach":"80.0000"},"quantity":1}]}},{"currency":"USD","lines":{"items":[{"item":{"href":"https:\/\/hydraqa.unicity.net\/v5a-test\/items\/077823d29445b9020de9931f10c63efd","id":{"unicity":"31958"}},"terms":{"priceEach":"160.0000","pvEach":"85.0000"},"quantity":1}]}},{"currency":"USD","lines":{"items":[{"item":{"href":"https:\/\/hydraqa.unicity.net\/v5a-test\/items\/00c2eb70c985722ce208490aece00945","id":{"unicity":"31729"}},"terms":{"priceEach":"170.0000","pvEach":"100.0000"},"quantity":1}]}},{"currency":"USD","lines":{"items":[{"item":{"href":"https:\/\/hydraqa.unicity.net\/v5a-test\/items\/89b6d29a85a88d44d65bc8cca3fefc65","id":{"unicity":"31845"}},"terms":{"priceEach":"170.0000","pvEach":"100.0000"},"quantity":1}]}},{"currency":"USD","lines":{"items":[{"item":{"href":"https:\/\/hydraqa.unicity.net\/v5a-test\/items\/3875e24e6b6ebdf36c79d205614ed51e","id":{"unicity":"31846"}},"terms":{"priceEach":"160.0000","pvEach":"94.0000"},"quantity":1}]}},{"currency":"USD","lines":{"items":[{"item":{"href":"https:\/\/hydraqa.unicity.net\/v5a-test\/items\/65f231539924a2fa376afdb39f1f06d6","id":{"unicity":"31848"}},"terms":{"priceEach":"112.0000","pvEach":"60.0000"},"quantity":1}]}},{"currency":"USD","lines":{"items":[{"item":{"href":"https:\/\/hydraqa.unicity.net\/v5a-test\/items\/b770fd1942955660a50e8fd83337641d","id":{"unicity":"31842"}},"terms":{"priceEach":"160.0000","pvEach":"85.0000"},"quantity":1}]}},{"currency":"USD","lines":{"items":[{"item":{"href":"https:\/\/hydraqa.unicity.net\/v5a-test\/items\/693a7c4a70b06a00471afe8d6cae5023","id":{"unicity":"31730"}},"terms":{"priceEach":"150.0000","pvEach":"80.0000"},"quantity":1}]}},{"currency":"USD","lines":{"items":[{"item":{"href":"https:\/\/hydraqa.unicity.net\/v5a-test\/items\/ccb242d74dcb1fe621cc7bfe1b1de315","id":{"unicity":"31731"}},"terms":{"priceEach":"112.0000","pvEach":"61.0000"},"quantity":1}]}},{"currency":"USD","lines":{"items":[{"item":{"href":"https:\/\/hydraqa.unicity.net\/v5a-test\/items\/6767ae650e0af3c34b3d4d60b5b79e99","id":{"unicity":"31727"}},"terms":{"priceEach":"160.0000","pvEach":"85.0000"},"quantity":1}]}},{"currency":"USD","lines":{"items":[{"item":{"href":"https:\/\/hydraqa.unicity.net\/v5a-test\/items\/764e2db430d361da99e8f6b70c4d0244","id":{"unicity":"29830"}},"terms":{"priceEach":"19.0000","pvEach":"7.0000"},"quantity":1}]}},{"currency":"USD","lines":{"items":[{"item":{"href":"https:\/\/hydraqa.unicity.net\/v5a-test\/items\/b91affa753dd5ee8a9acef4fa7e2c9a7","id":{"unicity":"30414"}},"terms":{"priceEach":"110.0000","pvEach":"65.0000"},"quantity":1}]}},{"currency":"USD","lines":{"items":[{"item":{"href":"https:\/\/hydraqa.unicity.net\/v5a-test\/items\/0cf62d38e91953b43dcfe88b06f813cb","id":{"unicity":"26557"}},"terms":{"priceEach":"99.0000","pvEach":"61.0000"},"quantity":1}]}},{"currency":"USD","lines":{"items":[{"item":{"href":"https:\/\/hydraqa.unicity.net\/v5a-test\/items\/9a6e1d094182389c3da8e0a320ff0e00","id":{"unicity":"27585"}},"terms":{"priceEach":"69.0000","pvEach":"33.0000"},"quantity":1}]}},{"currency":"USD","lines":{"items":[{"item":{"href":"https:\/\/hydraqa.unicity.net\/v5a-test\/items\/db4a3a5ca30b4890dd9bc50ff9cb620f","id":{"unicity":"26554"}},"terms":{"priceEach":"60.0000","pvEach":"25.0000"},"quantity":1}]}},{"currency":"USD","lines":{"items":[{"item":{"href":"https:\/\/hydraqa.unicity.net\/v5a-test\/items\/25eaf64b36ce31368f17ae789fd9ac5b","id":{"unicity":"29694"}},"terms":{"priceEach":"69.0000","pvEach":"33.0000"},"quantity":1}]}},{"currency":"USD","lines":{"items":[{"item":{"href":"https:\/\/hydraqa.unicity.net\/v5a-test\/items\/112b8c39286598b3730f630f371a45f4","id":{"unicity":"27587"}},"terms":{"priceEach":"69.0000","pvEach":"33.0000"},"quantity":1}]}},{"currency":"USD","lines":{"items":[{"item":{"href":"https:\/\/hydraqa.unicity.net\/v5a-test\/items\/05ca08f3808f126c0cc42154c50fc75c","id":{"unicity":"29440"}},"terms":{"priceEach":"138.0000","pvEach":"90.0000"},"quantity":1}]}},{"currency":"USD","lines":{"items":[{"item":{"href":"https:\/\/hydraqa.unicity.net\/v5a-test\/items\/cea826eab72d44641c070aab6c97c1ac","id":{"unicity":"22747"}},"terms":{"priceEach":"34.0000","pvEach":"16.0000"},"quantity":1}]}},{"currency":"USD","lines":{"items":[{"item":{"href":"https:\/\/hydraqa.unicity.net\/v5a-test\/items\/b2fc4b9ba4aa5cae54389161be2f841f","id":{"unicity":"18401"}},"terms":{"priceEach":"39.0000","pvEach":"19.0000"},"quantity":1}]}},{"currency":"USD","lines":{"items":[{"item":{"href":"https:\/\/hydraqa.unicity.net\/v5a-test\/items\/1bd53de7fe880ba71f46c9976ca2c137","id":{"unicity":"27739"}},"terms":{"priceEach":"43.0000","pvEach":"13.0000"},"quantity":1}]}},{"currency":"USD","lines":{"items":[{"item":{"href":"https:\/\/hydraqa.unicity.net\/v5a-test\/items\/0a3ede185ddf034630afd891c5106d33","id":{"unicity":"26562"}},"terms":{"priceEach":"42.0000","pvEach":"25.0000"},"quantity":1}]}},{"currency":"USD","lines":{"items":[{"item":{"href":"https:\/\/hydraqa.unicity.net\/v5a-test\/items\/aa0d72ac13b1ce88cf8c4a52ede75a37","id":{"unicity":"26552"}},"terms":{"priceEach":"89.0000","pvEach":"50.0000"},"quantity":1}]}},{"currency":"USD","lines":{"items":[{"item":{"href":"https:\/\/hydraqa.unicity.net\/v5a-test\/items\/398d06b858b960f6f38086d40608aef2","id":{"unicity":"26560"}},"terms":{"priceEach":"21.0000","pvEach":"12.0000"},"quantity":1}]}},{"currency":"USD","lines":{"items":[{"item":{"href":"https:\/\/hydraqa.unicity.net\/v5a-test\/items\/bb5c627f16547cb4f706cef521bca356","id":{"unicity":"29437"}},"terms":{"priceEach":"78.0000","pvEach":"36.0000"},"quantity":1}]}},{"currency":"USD","lines":{"items":[{"item":{"href":"https:\/\/hydraqa.unicity.net\/v5a-test\/items\/2835b1a78e379486f0ffbfd5fb9f6b0a","id":{"unicity":"30400"}},"terms":{"priceEach":"49.0000","pvEach":"28.0000"},"quantity":1}]}},{"currency":"USD","lines":{"items":[{"item":{"href":"https:\/\/hydraqa.unicity.net\/v5a-test\/items\/5a38f009bec6c23b1b3a70432f9722e5","id":{"unicity":"19596"}},"terms":{"priceEach":"61.0000","pvEach":"30.0000"},"quantity":1}]}},{"currency":"USD","lines":{"items":[{"item":{"href":"https:\/\/hydraqa.unicity.net\/v5a-test\/items\/38da42f991a40a00153b2e5055b82dbf","id":{"unicity":"27801"}},"terms":{"priceEach":"225.0000","pvEach":"130.0000"},"quantity":1}]}},{"currency":"USD","lines":{"items":[{"item":{"href":"https:\/\/hydraqa.unicity.net\/v5a-test\/items\/051e765a5a71835a859c2757edd359f0","id":{"unicity":"26580"}},"terms":{"priceEach":"225.0000","pvEach":"130.0000"},"quantity":1}]}},{"currency":"USD","lines":{"items":[{"item":{"href":"https:\/\/hydraqa.unicity.net\/v5a-test\/items\/11aed902b772de90f113ca8a6379a37c","id":{"unicity":"27951"}},"terms":{"priceEach":"225.0000","pvEach":"130.0000"},"quantity":1}]}},{"currency":"USD","lines":{"items":[{"item":{"href":"https:\/\/hydraqa.unicity.net\/v5a-test\/items\/8c21f026bb6a32624e0c80475bf8efb0","id":{"unicity":"25880"}},"terms":{"priceEach":"43.0000","pvEach":"23.0000"},"quantity":1}]}},{"currency":"USD","lines":{"items":[{"item":{"href":"https:\/\/hydraqa.unicity.net\/v5a-test\/items\/24ff5bda40c0d0e7eaa511866d052915","id":{"unicity":"29612"}},"terms":{"priceEach":"60.0000","pvEach":"30.0000"},"quantity":1}]}},{"currency":"USD","lines":{"items":[{"item":{"href":"https:\/\/hydraqa.unicity.net\/v5a-test\/items\/b127a2d34d3d73e2f53e4c2002a7a4a2","id":{"unicity":"25008"}},"terms":{"priceEach":"23.0000","pvEach":"15.0000"},"quantity":1}]}},{"currency":"USD","lines":{"items":[{"item":{"href":"https:\/\/hydraqa.unicity.net\/v5a-test\/items\/cda534d686af5d627c94c4bb2c4b57d8","id":{"unicity":"26561"}},"terms":{"priceEach":"21.0000","pvEach":"11.0000"},"quantity":1}]}},{"currency":"USD","lines":{"items":[{"item":{"href":"https:\/\/hydraqa.unicity.net\/v5a-test\/items\/10da226fab00279b4f89df10af2a10b7","id":{"unicity":"26442"}},"terms":{"priceEach":"8.0000","pvEach":"0.0000"},"quantity":1}]}},{"currency":"USD","lines":{"items":[{"item":{"href":"https:\/\/hydraqa.unicity.net\/v5a-test\/items\/2de8516a24af8232add0bb392e750a71","id":{"unicity":"31859"}},"terms":{"priceEach":"225.0000","pvEach":"130.0000"},"quantity":1}]}},{"currency":"USD","lines":{"items":[{"item":{"href":"https:\/\/hydraqa.unicity.net\/v5a-test\/items\/cf8460040a1860bcabf250b6c1171675","id":{"unicity":"31858"}},"terms":{"priceEach":"330.0000","pvEach":"195.0000"},"quantity":1}]}},{"currency":"USD","lines":{"items":[{"item":{"href":"https:\/\/hydraqa.unicity.net\/v5a-test\/items\/4ab49eca1731e69206ccafb5112ad5a4","id":{"unicity":"31861"}},"terms":{"priceEach":"245.0000","pvEach":"135.0000"},"quantity":1}]}},{"currency":"USD","lines":{"items":[{"item":{"href":"https:\/\/hydraqa.unicity.net\/v5a-test\/items\/d4c8fce238d6fc34d17a4b36d1e4e59a","id":{"unicity":"31860"}},"terms":{"priceEach":"245.0000","pvEach":"135.0000"},"quantity":1}]}},{"currency":"USD","lines":{"items":[{"item":{"href":"https:\/\/hydraqa.unicity.net\/v5a-test\/items\/fd464cd7972cc1317e850b9196d886b8","id":{"unicity":"31863"}},"terms":{"priceEach":"255.0000","pvEach":"148.0000"},"quantity":1}]}},{"currency":"USD","lines":{"items":[{"item":{"href":"https:\/\/hydraqa.unicity.net\/v5a-test\/items\/e47fd287212acedd1cffb2b67bf623bd","id":{"unicity":"31862"}},"terms":{"priceEach":"255.0000","pvEach":"148.0000"},"quantity":1}]}},{"currency":"USD","lines":{"items":[{"item":{"href":"https:\/\/hydraqa.unicity.net\/v5a-test\/items\/024e696f8b44a1d315006e676604cd31","id":{"unicity":"27395"}},"terms":{"priceEach":"31.0000","pvEach":"16.0000"},"quantity":1}]}},{"currency":"USD","lines":{"items":[{"item":{"href":"https:\/\/hydraqa.unicity.net\/v5a-test\/items\/634f7efb30392b2a919de1355902d975","id":{"unicity":"29408"}},"terms":{"priceEach":"99.0000","pvEach":"52.0000"},"quantity":1}]}}]}
Entry request : {"order":{"customer":{"href":"https://hydraqa.unicity.net/v5a-test/customers?type=PreferredCustomer"},"shipToAddress":{"country":"US","state":"PR"}},"vary":{"lines":{"items":[{"item":{"href":"https://hydraqa.unicity.net/v5a-test/items?id.unicity=26580|31441|27801|27951|22747|26550|26554|26557|26560|26561|26562|27739|27585|25008|26442|26555|18908|26552|27653|27212|27218|26983|27210|18401|25803|27029|27208|19596|26945|25535|27587|25880|29694|29408|29437|29612|27395|29440|29830|30414|30400|31727|31729|31730|31731|31842|31846|31845|31848|31847|31858|31859|31863|31862|31860|31861|31958|32030"}}]}}}
Request URL: https://hydraqa.unicity.net/v5a-test/customers.js?callback=angular.callbacks._1&expand=customer,profilePicture&id.unicity=36554001
Request URL: https://hydraqa.unicity.net/v5a-test/customers.js?_httpMethod=HEAD&callback=angular.callbacks._4&email=PBYWZC@gmail.com
Request URL: https://hydraqa.unicity.net/v5a-test/addresses?country=PR&zip=00907
Entry response : {"items":[{"city":"San Juan","state":"San Juan"}]}
{sponsor=36554001, gender=male, city=SAN JUAN, cartprice=450.0, enroller=36554001, arpack=Prime Health Pack - Cholesterol, Energy, Vanilla, language=English, locale=en, type=PreferredCustomer, platform=QA, lname=TestLastName, password=Unicity, genderoption=Male, Currency=USD, api=4, state=[San Juan], email=PBYWZC@gmail.com, zip=00907, fname=TestFirstName, prefferd=Puerto Rico, address2=Address 2, address1=Address 1, shippingmethod=type=Economy, version=v5a-test/, testcase=normal, market=Puerto Rico, aritemcode=26580, martial=Married, phone=9823746323, proto=https://hydraqa.unicity.net/, marketcode=PR, maritaloption=Married, ccname=CCNameTest}
Request URL: https://hydraqa.unicity.net/v5a-test/orders.js
Entry request : {"customer":{"mainAddress":{"city":"SAN JUAN","country":"US","state":"PR","zip":"00907","address1":"Address 1","address2":"Address 2"},"humanName":{"firstName":"TestFirstName","lastName":"TestLastName"},"email":"PBYWZC@gmail.com","preferredLocale":"en-PR","password":{"value":"Unicity"},"gender":"male","maritalStatus":"Married","type":"PreferredCustomer","creditcardaliases":[{"methodDetails":{"creditCardNumber":"4111111111111111","payer":"TestFirstName TestLastName","creditCardExpires":"2020-10"},"billToName":{"firstName":"TestFirstName","lastName":"TestLastName"},"billToAddress":{"address1":"Address 1","address2":"Address 2","city":"SAN JUAN","state":"PR","zip":"00907","country":"US"}}],"sponsor":{"href":"https://hydraqa.unicity.net/v5a-test/customers?id.unicity=36554001"},"enroller":{"href":"https://hydraqa.unicity.net/v5a-test/customers?id.unicity=36554001"},"homePhone":"9823746323","autoorders":{"items":[{"recurrence":{"schedule":{"month":"*","dayOfMonth":"15"},"status":"Enabled"},"lines":{"items":[{"item":{"href":"https://hydraqa.unicity.net/v5a-test/items?id.unicity=26580"},"quantity":1}]},"shipToName":{"firstName":"TestFirstName","lastName":"TestLastName"},"shipToPhone":"9823746323","shipToEmail":"PBYWZC@gmail.com","shipToAddress":{"city":"SAN JUAN","country":"US","state":"PR","address1":"Address 1","address2":"Address 2","zip":"00907"},"shippingMethod":{"href":"https://hydraqa.unicity.net/v5a-test/shippingmethods?type=Economy"},"transactions":{"items":[{"amount":"this.terms.total","type":"AuthorizeAndCapture","method":"CreditCardAlias","methodDetails":{"alias":"this.customer.creditcardaliases[0].alias"}}]}}]},"rights":[]},"lines":{"items":[{"item":{"href":"https://hydraqa.unicity.net/v5a-test/items?id.unicity=27951"},"quantity":1},{"item":{"href":"https://hydraqa.unicity.net/v5a-test/items?id.unicity=31859"},"quantity":1}]},"shipToName":{"firstName":"TestFirstName","lastName":"TestLastName"},"shipToPhone":"9823746323","shipToEmail":"PBYWZC@gmail.com","shipToAddress":{"city":"SAN JUAN","country":"US","state":"PR","address1":"Address 1","address2":"Address 2","zip":"00907"},"shippingMethod":{"href":"https://hydraqa.unicity.net/v5a-test/shippingmethods?type=Economy"},"notes":"","transactions":{"items":[{"amount":"this.terms.total","type":"AuthorizeAndCapture","method":"CreditCard","methodDetails":{"creditCardNumber":"4111111111111111","payer":"CCNameTest","creditCardExpires":"2020-10","creditCardSecurityCode":"123"},"billToAddress":{"address1":"Address 1","address2":"Address 2","city":"SAN JUAN","state":"PR","zip":"00907","country":"US"}},{"type":"AuthorizeAndCapture","method":"Coupon","methodDetails":{"code":"Fre3Aut0Sh!p"}}]}}
Entry response : {"meta":{"Link":"<http:\/\/unicity.github.io\/Hydra.php\/docs\/v5\/>; rel=\"help\"","X-Request-UUID":"70825474-bb65-4f25-8769-f17e59e1736c","X-Request-Release":"5-2020010701\/master","Cache-Control":"no-cache, must-revalidate","Expires":"0","X-Powered-By":"Luracast Restler v3.0.0rc5","Content-Type":"text\/javascript; charset=utf-8","Content-Language":"en","X-Status-Code":"201"},"data":{"market":"US","lines":{"items":[{"quantity":1,"item":{"href":"https:\/\/hydraqa.unicity.net\/v5a-test\/items?id.unicity=27951","id":{"unicity":"27951"}}},{"quantity":1,"item":{"href":"https:\/\/hydraqa.unicity.net\/v5a-test\/items?id.unicity=31859","id":{"unicity":"31859"}}}]},"shipToAddress":{"country":"US","state":"PR","city":"SAN JUAN","zip":"00907","address1":"Address 1","address2":"Address 2"},"shipToName":{"firstName":"TestFirstName","lastName":"TestLastName"},"shipToEmail":"PBYWZC@gmail.com","shipToPhone":"9823746323","shipToTime":"","source":null,"type":null,"notes":"","transactions":{"items":[{"amount":501.75,"billToAddress":{"address1":"Address 1","address2":"Address 2","city":"SAN JUAN","state":"PR","zip":"00907","country":"US"},"billToEmail":null,"type":"AuthorizeAndCapture","method":"CreditCard","installments":null,"methodDetails":{"creditCardNumber":"411111xxxxxx1111","payer":"CCNameTest","payerId":null,"creditCardExpires":"2020-10","creditCardSecurityCode":"123"}}]},"terms":{"discount":{"amount":0},"pretotal":501.75,"tax":{"amount":51.75},"freight":{"amount":0},"subtotal":450,"taxableTotal":450,"total":501.75,"pv":260},"shippingMethod":{"href":"https:\/\/hydraqa.unicity.net\/v5a-test\/shippingmethods?type=Economy","location":"","type":"Economy"},"currency":"USD","dateCreated":"2020-01-07T17:52:00-07:00","customer":{"humanName":{"firstName":"TestFirstName","lastName":"TestLastName"},"mainAddress":{"city":"SAN JUAN","country":"US","state":"PR","zip":"00907","address1":"Address 1","address2":"Address 2"},"type":"PreferredCustomer","email":"PBYWZC@gmail.com","gender":"male","password":{"value":"Unicity"},"enroller":{"href":"https:\/\/hydraqa.unicity.net\/v5a-test\/customers\/c8a0f511723643dd5ba719e2e99a32ba82ff3eda31cc639783863e5baba2dbdb","id":{"unicity":36554001},"humanName":{"fullName":"Kent, Clark"},"email":"peter.jacobsen@unicity.com"},"sponsor":{"href":"https:\/\/hydraqa.unicity.net\/v5a-test\/customers\/c8a0f511723643dd5ba719e2e99a32ba82ff3eda31cc639783863e5baba2dbdb","id":{"unicity":36554001},"humanName":{"fullName":"Kent, Clark"},"email":"peter.jacobsen@unicity.com"},"homePhone":"9823746323","preferredLocale":"en-PR","maritalStatus":"Married","autoorders":{"items":[{"id":{"unicity":"63389"}}]},"rights":[],"status":"Active","id":{"unicity":"8105708"},"href":"https:\/\/hydraqa.unicity.net\/v5a-test\/customers\/7d70bbe40d175516e8bcfe3d776097d8","token":"f0d3809a-20f1-4253-8659-f63d8f4ba7fe"},"added_transactions":{"items":[]},"taxedAs":"goods","id":{"unicity":"1629660"},"href":"https:\/\/hydraqa.unicity.net\/v5a-test\/orders\/0ca7cf334304bc251cc4b3b639d11ccf"}}
Headers-->keep-alive
Headers-->2680
Headers-->application/json, text/plain, */*
Headers-->http://enroll.ng.unicityqa.com
Headers-->en-PR
]]></system-out>
    <system-err><![CDATA[Starting ChromeDriver 2.36.540470 (e522d04694c7ebea4ba8821272dbef4f9b818c91) on port 28323
Only local connections are allowed.
Jan 07, 2020 5:49:28 PM org.openqa.selenium.remote.ProtocolHandshake createSession
INFO: Detected dialect: OSS
]]></system-err>
  </testcase>
  <testcase name="Enroll" classname="Tests.PrefferedCustomer" time="180.523">
    <failure message="Major AR Pack href expected [https://hydraqa.unicity.net/v5a-test/items?id.unicity=26580] but found []" type="java.lang.AssertionError">java.lang.AssertionError: Major AR Pack href expected [https://hydraqa.unicity.net/v5a-test/items?id.unicity=26580] but found []
	at Tests.PrefferedCustomer.Enroll(PrefferedCustomer.java:104)
</failure>
    <system-out><![CDATA[Request URL: https://hydraqa.unicity.net/v5a-test/quotes?&expand=item
Entry Quotes response : {"items":[{"currency":"USD","lines":{"items":[{"item":{"href":"https:\/\/hydraqa.unicity.net\/v5a-test\/items\/50747027a065cb8361c1f0d6eb880466","id":{"unicity":"32030"}},"terms":{"priceEach":"179.0000","pvEach":"102.0000"},"quantity":1}]}},{"currency":"USD","lines":{"items":[{"item":{"href":"https:\/\/hydraqa.unicity.net\/v5a-test\/items\/9a7715e888c94989d898fe4653645721","id":{"unicity":"26550"}},"terms":{"priceEach":"99.0000","pvEach":"52.0000"},"quantity":1}]}},{"currency":"USD","lines":{"items":[{"item":{"href":"https:\/\/hydraqa.unicity.net\/v5a-test\/items\/fbb319232b7eed110794d46a68302acb","id":{"unicity":"31847"}},"terms":{"priceEach":"150.0000","pvEach":"80.0000"},"quantity":1}]}},{"currency":"USD","lines":{"items":[{"item":{"href":"https:\/\/hydraqa.unicity.net\/v5a-test\/items\/077823d29445b9020de9931f10c63efd","id":{"unicity":"31958"}},"terms":{"priceEach":"160.0000","pvEach":"85.0000"},"quantity":1}]}},{"currency":"USD","lines":{"items":[{"item":{"href":"https:\/\/hydraqa.unicity.net\/v5a-test\/items\/00c2eb70c985722ce208490aece00945","id":{"unicity":"31729"}},"terms":{"priceEach":"170.0000","pvEach":"100.0000"},"quantity":1}]}},{"currency":"USD","lines":{"items":[{"item":{"href":"https:\/\/hydraqa.unicity.net\/v5a-test\/items\/89b6d29a85a88d44d65bc8cca3fefc65","id":{"unicity":"31845"}},"terms":{"priceEach":"170.0000","pvEach":"100.0000"},"quantity":1}]}},{"currency":"USD","lines":{"items":[{"item":{"href":"https:\/\/hydraqa.unicity.net\/v5a-test\/items\/3875e24e6b6ebdf36c79d205614ed51e","id":{"unicity":"31846"}},"terms":{"priceEach":"160.0000","pvEach":"94.0000"},"quantity":1}]}},{"currency":"USD","lines":{"items":[{"item":{"href":"https:\/\/hydraqa.unicity.net\/v5a-test\/items\/65f231539924a2fa376afdb39f1f06d6","id":{"unicity":"31848"}},"terms":{"priceEach":"112.0000","pvEach":"60.0000"},"quantity":1}]}},{"currency":"USD","lines":{"items":[{"item":{"href":"https:\/\/hydraqa.unicity.net\/v5a-test\/items\/b770fd1942955660a50e8fd83337641d","id":{"unicity":"31842"}},"terms":{"priceEach":"160.0000","pvEach":"85.0000"},"quantity":1}]}},{"currency":"USD","lines":{"items":[{"item":{"href":"https:\/\/hydraqa.unicity.net\/v5a-test\/items\/693a7c4a70b06a00471afe8d6cae5023","id":{"unicity":"31730"}},"terms":{"priceEach":"150.0000","pvEach":"80.0000"},"quantity":1}]}},{"currency":"USD","lines":{"items":[{"item":{"href":"https:\/\/hydraqa.unicity.net\/v5a-test\/items\/ccb242d74dcb1fe621cc7bfe1b1de315","id":{"unicity":"31731"}},"terms":{"priceEach":"112.0000","pvEach":"61.0000"},"quantity":1}]}},{"currency":"USD","lines":{"items":[{"item":{"href":"https:\/\/hydraqa.unicity.net\/v5a-test\/items\/6767ae650e0af3c34b3d4d60b5b79e99","id":{"unicity":"31727"}},"terms":{"priceEach":"160.0000","pvEach":"85.0000"},"quantity":1}]}},{"currency":"USD","lines":{"items":[{"item":{"href":"https:\/\/hydraqa.unicity.net\/v5a-test\/items\/764e2db430d361da99e8f6b70c4d0244","id":{"unicity":"29830"}},"terms":{"priceEach":"19.0000","pvEach":"7.0000"},"quantity":1}]}},{"currency":"USD","lines":{"items":[{"item":{"href":"https:\/\/hydraqa.unicity.net\/v5a-test\/items\/b91affa753dd5ee8a9acef4fa7e2c9a7","id":{"unicity":"30414"}},"terms":{"priceEach":"110.0000","pvEach":"65.0000"},"quantity":1}]}},{"currency":"USD","lines":{"items":[{"item":{"href":"https:\/\/hydraqa.unicity.net\/v5a-test\/items\/0cf62d38e91953b43dcfe88b06f813cb","id":{"unicity":"26557"}},"terms":{"priceEach":"99.0000","pvEach":"61.0000"},"quantity":1}]}},{"currency":"USD","lines":{"items":[{"item":{"href":"https:\/\/hydraqa.unicity.net\/v5a-test\/items\/9a6e1d094182389c3da8e0a320ff0e00","id":{"unicity":"27585"}},"terms":{"priceEach":"69.0000","pvEach":"33.0000"},"quantity":1}]}},{"currency":"USD","lines":{"items":[{"item":{"href":"https:\/\/hydraqa.unicity.net\/v5a-test\/items\/db4a3a5ca30b4890dd9bc50ff9cb620f","id":{"unicity":"26554"}},"terms":{"priceEach":"60.0000","pvEach":"25.0000"},"quantity":1}]}},{"currency":"USD","lines":{"items":[{"item":{"href":"https:\/\/hydraqa.unicity.net\/v5a-test\/items\/25eaf64b36ce31368f17ae789fd9ac5b","id":{"unicity":"29694"}},"terms":{"priceEach":"69.0000","pvEach":"33.0000"},"quantity":1}]}},{"currency":"USD","lines":{"items":[{"item":{"href":"https:\/\/hydraqa.unicity.net\/v5a-test\/items\/112b8c39286598b3730f630f371a45f4","id":{"unicity":"27587"}},"terms":{"priceEach":"69.0000","pvEach":"33.0000"},"quantity":1}]}},{"currency":"USD","lines":{"items":[{"item":{"href":"https:\/\/hydraqa.unicity.net\/v5a-test\/items\/05ca08f3808f126c0cc42154c50fc75c","id":{"unicity":"29440"}},"terms":{"priceEach":"138.0000","pvEach":"90.0000"},"quantity":1}]}},{"currency":"USD","lines":{"items":[{"item":{"href":"https:\/\/hydraqa.unicity.net\/v5a-test\/items\/cea826eab72d44641c070aab6c97c1ac","id":{"unicity":"22747"}},"terms":{"priceEach":"34.0000","pvEach":"16.0000"},"quantity":1}]}},{"currency":"USD","lines":{"items":[{"item":{"href":"https:\/\/hydraqa.unicity.net\/v5a-test\/items\/b2fc4b9ba4aa5cae54389161be2f841f","id":{"unicity":"18401"}},"terms":{"priceEach":"39.0000","pvEach":"19.0000"},"quantity":1}]}},{"currency":"USD","lines":{"items":[{"item":{"href":"https:\/\/hydraqa.unicity.net\/v5a-test\/items\/1bd53de7fe880ba71f46c9976ca2c137","id":{"unicity":"27739"}},"terms":{"priceEach":"43.0000","pvEach":"13.0000"},"quantity":1}]}},{"currency":"USD","lines":{"items":[{"item":{"href":"https:\/\/hydraqa.unicity.net\/v5a-test\/items\/0a3ede185ddf034630afd891c5106d33","id":{"unicity":"26562"}},"terms":{"priceEach":"42.0000","pvEach":"25.0000"},"quantity":1}]}},{"currency":"USD","lines":{"items":[{"item":{"href":"https:\/\/hydraqa.unicity.net\/v5a-test\/items\/aa0d72ac13b1ce88cf8c4a52ede75a37","id":{"unicity":"26552"}},"terms":{"priceEach":"89.0000","pvEach":"50.0000"},"quantity":1}]}},{"currency":"USD","lines":{"items":[{"item":{"href":"https:\/\/hydraqa.unicity.net\/v5a-test\/items\/398d06b858b960f6f38086d40608aef2","id":{"unicity":"26560"}},"terms":{"priceEach":"21.0000","pvEach":"12.0000"},"quantity":1}]}},{"currency":"USD","lines":{"items":[{"item":{"href":"https:\/\/hydraqa.unicity.net\/v5a-test\/items\/bb5c627f16547cb4f706cef521bca356","id":{"unicity":"29437"}},"terms":{"priceEach":"78.0000","pvEach":"36.0000"},"quantity":1}]}},{"currency":"USD","lines":{"items":[{"item":{"href":"https:\/\/hydraqa.unicity.net\/v5a-test\/items\/2835b1a78e379486f0ffbfd5fb9f6b0a","id":{"unicity":"30400"}},"terms":{"priceEach":"49.0000","pvEach":"28.0000"},"quantity":1}]}},{"currency":"USD","lines":{"items":[{"item":{"href":"https:\/\/hydraqa.unicity.net\/v5a-test\/items\/5a38f009bec6c23b1b3a70432f9722e5","id":{"unicity":"19596"}},"terms":{"priceEach":"61.0000","pvEach":"30.0000"},"quantity":1}]}},{"currency":"USD","lines":{"items":[{"item":{"href":"https:\/\/hydraqa.unicity.net\/v5a-test\/items\/38da42f991a40a00153b2e5055b82dbf","id":{"unicity":"27801"}},"terms":{"priceEach":"225.0000","pvEach":"130.0000"},"quantity":1}]}},{"currency":"USD","lines":{"items":[{"item":{"href":"https:\/\/hydraqa.unicity.net\/v5a-test\/items\/051e765a5a71835a859c2757edd359f0","id":{"unicity":"26580"}},"terms":{"priceEach":"225.0000","pvEach":"130.0000"},"quantity":1}]}},{"currency":"USD","lines":{"items":[{"item":{"href":"https:\/\/hydraqa.unicity.net\/v5a-test\/items\/11aed902b772de90f113ca8a6379a37c","id":{"unicity":"27951"}},"terms":{"priceEach":"225.0000","pvEach":"130.0000"},"quantity":1}]}},{"currency":"USD","lines":{"items":[{"item":{"href":"https:\/\/hydraqa.unicity.net\/v5a-test\/items\/8c21f026bb6a32624e0c80475bf8efb0","id":{"unicity":"25880"}},"terms":{"priceEach":"43.0000","pvEach":"23.0000"},"quantity":1}]}},{"currency":"USD","lines":{"items":[{"item":{"href":"https:\/\/hydraqa.unicity.net\/v5a-test\/items\/24ff5bda40c0d0e7eaa511866d052915","id":{"unicity":"29612"}},"terms":{"priceEach":"60.0000","pvEach":"30.0000"},"quantity":1}]}},{"currency":"USD","lines":{"items":[{"item":{"href":"https:\/\/hydraqa.unicity.net\/v5a-test\/items\/b127a2d34d3d73e2f53e4c2002a7a4a2","id":{"unicity":"25008"}},"terms":{"priceEach":"23.0000","pvEach":"15.0000"},"quantity":1}]}},{"currency":"USD","lines":{"items":[{"item":{"href":"https:\/\/hydraqa.unicity.net\/v5a-test\/items\/cda534d686af5d627c94c4bb2c4b57d8","id":{"unicity":"26561"}},"terms":{"priceEach":"21.0000","pvEach":"11.0000"},"quantity":1}]}},{"currency":"USD","lines":{"items":[{"item":{"href":"https:\/\/hydraqa.unicity.net\/v5a-test\/items\/10da226fab00279b4f89df10af2a10b7","id":{"unicity":"26442"}},"terms":{"priceEach":"8.0000","pvEach":"0.0000"},"quantity":1}]}},{"currency":"USD","lines":{"items":[{"item":{"href":"https:\/\/hydraqa.unicity.net\/v5a-test\/items\/2de8516a24af8232add0bb392e750a71","id":{"unicity":"31859"}},"terms":{"priceEach":"225.0000","pvEach":"130.0000"},"quantity":1}]}},{"currency":"USD","lines":{"items":[{"item":{"href":"https:\/\/hydraqa.unicity.net\/v5a-test\/items\/cf8460040a1860bcabf250b6c1171675","id":{"unicity":"31858"}},"terms":{"priceEach":"330.0000","pvEach":"195.0000"},"quantity":1}]}},{"currency":"USD","lines":{"items":[{"item":{"href":"https:\/\/hydraqa.unicity.net\/v5a-test\/items\/4ab49eca1731e69206ccafb5112ad5a4","id":{"unicity":"31861"}},"terms":{"priceEach":"245.0000","pvEach":"135.0000"},"quantity":1}]}},{"currency":"USD","lines":{"items":[{"item":{"href":"https:\/\/hydraqa.unicity.net\/v5a-test\/items\/d4c8fce238d6fc34d17a4b36d1e4e59a","id":{"unicity":"31860"}},"terms":{"priceEach":"245.0000","pvEach":"135.0000"},"quantity":1}]}},{"currency":"USD","lines":{"items":[{"item":{"href":"https:\/\/hydraqa.unicity.net\/v5a-test\/items\/fd464cd7972cc1317e850b9196d886b8","id":{"unicity":"31863"}},"terms":{"priceEach":"255.0000","pvEach":"148.0000"},"quantity":1}]}},{"currency":"USD","lines":{"items":[{"item":{"href":"https:\/\/hydraqa.unicity.net\/v5a-test\/items\/e47fd287212acedd1cffb2b67bf623bd","id":{"unicity":"31862"}},"terms":{"priceEach":"255.0000","pvEach":"148.0000"},"quantity":1}]}},{"currency":"USD","lines":{"items":[{"item":{"href":"https:\/\/hydraqa.unicity.net\/v5a-test\/items\/024e696f8b44a1d315006e676604cd31","id":{"unicity":"27395"}},"terms":{"priceEach":"31.0000","pvEach":"16.0000"},"quantity":1}]}},{"currency":"USD","lines":{"items":[{"item":{"href":"https:\/\/hydraqa.unicity.net\/v5a-test\/items\/634f7efb30392b2a919de1355902d975","id":{"unicity":"29408"}},"terms":{"priceEach":"99.0000","pvEach":"52.0000"},"quantity":1}]}}]}
Entry request : {"order":{"customer":{"href":"https://hydraqa.unicity.net/v5a-test/customers?type=PreferredCustomer"},"shipToAddress":{"country":"US","state":"PR"}},"vary":{"lines":{"items":[{"item":{"href":"https://hydraqa.unicity.net/v5a-test/items?id.unicity=26580|31441|27801|27951|22747|26550|26554|26557|26560|26561|26562|27739|27585|25008|26442|26555|18908|26552|27653|27212|27218|26983|27210|18401|25803|27029|27208|19596|26945|25535|27587|25880|29694|29408|29437|29612|27395|29440|29830|30414|30400|31727|31729|31730|31731|31842|31846|31845|31848|31847|31858|31859|31863|31862|31860|31861|31958|32030"}}]}}}
Request URL: https://hydraqa.unicity.net/v5a-test/customers.js?callback=angular.callbacks._1&expand=customer,profilePicture&id.unicity=36554001
Request URL: https://hydraqa.unicity.net/v5a-test/customers.js?_httpMethod=HEAD&callback=angular.callbacks._4&email=ADYFXK@gmail.com
Request URL: https://hydraqa.unicity.net/v5a-test/addresses?country=PR&zip=00907
Entry response : {"items":[{"city":"San Juan","state":"San Juan"}]}
{sponsor=36554001, gender=male, city=SAN JUAN, cartprice=404.0, enroller=36554001, arpack=Prime Health Pack - Cholesterol, Energy, Vanilla, language=Español, locale=es, type=PreferredCustomer, platform=QA, lname=TestLastName, password=Unicity, genderoption=Masculino, Currency=USD, api=4, state=[San Juan], email=ADYFXK@gmail.com, zip=00907, fname=TestFirstName, prefferd=Puerto Rico, address2=Address 2, address1=Address 1, shippingmethod=type=WillCall&location=Oficina de Puerto Rico, version=v5a-test/, testcase=normal, market=Puerto Rico, aritemcode=26580, martial=Married, phone=9823746323, proto=https://hydraqa.unicity.net/, marketcode=PR, maritaloption=Casado, ccname=CCNameTest}
Request URL: https://hydraqa.unicity.net/v5a-test/orders.js
Entry request : {"customer":{"mainAddress":{"city":"SAN JUAN","country":"US","state":"PR","zip":"00907","address1":"Address 1","address2":"Address 2"},"humanName":{"firstName":"TestFirstName","lastName":"TestLastName"},"email":"ADYFXK@gmail.com","preferredLocale":"es-PR","password":{"value":"Unicity"},"gender":"male","maritalStatus":"Married","type":"PreferredCustomer","creditcardaliases":[{"methodDetails":{"creditCardNumber":"4111111111111111","payer":"TestFirstName TestLastName","creditCardExpires":"2020-10"},"billToName":{"firstName":"TestFirstName","lastName":"TestLastName"},"billToAddress":{"address1":"Address 1","address2":"Address 2","city":"SAN JUAN","state":"PR","zip":"00907","country":"US"}}],"sponsor":{"href":"https://hydraqa.unicity.net/v5a-test/customers?id.unicity=36554001"},"enroller":{"href":"https://hydraqa.unicity.net/v5a-test/customers?id.unicity=36554001"},"homePhone":"9823746323","autoorders":{"items":[{"recurrence":{"schedule":{"month":"*","dayOfMonth":"15"},"status":"Enabled"},"lines":{"items":[{"item":{"href":"https://hydraqa.unicity.net/v5a-test/items?id.unicity=26580"},"quantity":1}]},"shipToName":{"firstName":"TestFirstName","lastName":"TestLastName"},"shipToPhone":"9823746323","shipToEmail":"ADYFXK@gmail.com","shipToAddress":{"city":"SAN JUAN","country":"US","state":"PR","address1":"Address 1","address2":"Address 2","zip":"00907"},"shippingMethod":{"href":"https://hydraqa.unicity.net/v5a-test/shippingmethods?type=WillCall&location=Oficina de Puerto Rico"},"transactions":{"items":[{"amount":"this.terms.total","type":"AuthorizeAndCapture","method":"CreditCardAlias","methodDetails":{"alias":"this.customer.creditcardaliases[0].alias"}}]}}]},"rights":[]},"lines":{"items":[{"item":{"href":"https://hydraqa.unicity.net/v5a-test/items?id.unicity=27951"},"quantity":1},{"item":{"href":"https://hydraqa.unicity.net/v5a-test/items?id.unicity=32030"},"quantity":1}]},"shipToName":{"firstName":"TestFirstName","lastName":"TestLastName"},"shipToPhone":"9823746323","shipToEmail":"ADYFXK@gmail.com","shipToAddress":{"city":"SAN JUAN","country":"US","state":"PR","address1":"Address 1","address2":"Address 2","zip":"00907"},"shippingMethod":{"href":"https://hydraqa.unicity.net/v5a-test/shippingmethods?type=WillCall&location=Oficina de Puerto Rico"},"notes":"","transactions":{"items":[{"amount":"this.terms.total","type":"AuthorizeAndCapture","method":"CreditCard","methodDetails":{"creditCardNumber":"4111111111111111","payer":"CCNameTest","creditCardExpires":"2020-10","creditCardSecurityCode":"123"},"billToAddress":{"address1":"Address 1","address2":"Address 2","city":"SAN JUAN","state":"PR","zip":"00907","country":"US"}},{"type":"AuthorizeAndCapture","method":"Coupon","methodDetails":{"code":"Fre3Aut0Sh!p"}}]}}
Entry response : {"meta":{"Link":"<http:\/\/unicity.github.io\/Hydra.php\/docs\/v5\/>; rel=\"help\"","X-Request-UUID":"c8a0b283-23d8-40f4-b260-18857b2a4b44","X-Request-Release":"5-2020010701\/master","Cache-Control":"no-cache, must-revalidate","Expires":"0","X-Powered-By":"Luracast Restler v3.0.0rc5","Content-Type":"text\/javascript; charset=utf-8","Content-Language":"en","X-Status-Code":"201"},"data":{"market":"US","lines":{"items":[{"quantity":1,"item":{"href":"https:\/\/hydraqa.unicity.net\/v5a-test\/items?id.unicity=27951","id":{"unicity":"27951"}}},{"quantity":1,"item":{"href":"https:\/\/hydraqa.unicity.net\/v5a-test\/items?id.unicity=32030","id":{"unicity":"32030"}}}]},"shipToAddress":{"country":"US","state":"PR","city":"SAN JUAN","zip":"00907","address1":"Address 1","address2":"Address 2"},"shipToName":{"firstName":"TestFirstName","lastName":"TestLastName"},"shipToEmail":"ADYFXK@gmail.com","shipToPhone":"9823746323","shipToTime":"","source":null,"type":null,"notes":"","transactions":{"items":[{"amount":450.46,"billToAddress":{"address1":"Address 1","address2":"Address 2","city":"SAN JUAN","state":"PR","zip":"00907","country":"US"},"billToEmail":null,"type":"AuthorizeAndCapture","method":"CreditCard","installments":null,"methodDetails":{"creditCardNumber":"411111xxxxxx1111","payer":"CCNameTest","payerId":null,"creditCardExpires":"2020-10","creditCardSecurityCode":"123"}}]},"terms":{"discount":{"amount":0},"pretotal":450.46,"tax":{"amount":46.46},"freight":{"amount":0},"subtotal":404,"taxableTotal":404,"total":450.46,"pv":232},"shippingMethod":{"href":"https:\/\/hydraqa.unicity.net\/v5a-test\/shippingmethods?type=WillCall&location=Oficina de Puerto Rico","location":"Oficina de Puerto Rico","type":"WillCall"},"currency":"USD","dateCreated":"2020-01-07T17:55:06-07:00","customer":{"humanName":{"firstName":"TestFirstName","lastName":"TestLastName"},"mainAddress":{"city":"SAN JUAN","country":"US","state":"PR","zip":"00907","address1":"Address 1","address2":"Address 2"},"type":"PreferredCustomer","email":"ADYFXK@gmail.com","gender":"male","password":{"value":"Unicity"},"enroller":{"href":"https:\/\/hydraqa.unicity.net\/v5a-test\/customers\/c8a0f511723643dd5ba719e2e99a32ba82ff3eda31cc639783863e5baba2dbdb","id":{"unicity":36554001},"humanName":{"fullName":"Kent, Clark"},"email":"peter.jacobsen@unicity.com"},"sponsor":{"href":"https:\/\/hydraqa.unicity.net\/v5a-test\/customers\/c8a0f511723643dd5ba719e2e99a32ba82ff3eda31cc639783863e5baba2dbdb","id":{"unicity":36554001},"humanName":{"fullName":"Kent, Clark"},"email":"peter.jacobsen@unicity.com"},"homePhone":"9823746323","preferredLocale":"es-PR","maritalStatus":"Married","autoorders":{"items":[{"id":{"unicity":"63390"}}]},"rights":[],"status":"Active","id":{"unicity":"8105808"},"href":"https:\/\/hydraqa.unicity.net\/v5a-test\/customers\/5bbb7efd99d3dfe090795d5cbc4e70ed","token":"9a0bdde2-5ace-42a5-87eb-1153368c4962"},"added_transactions":{"items":[]},"taxedAs":"goods","id":{"unicity":"1629661"},"href":"https:\/\/hydraqa.unicity.net\/v5a-test\/orders\/57e0aa9cf18aae66ffb8dfa5a03c3c76"}}
Headers-->keep-alive
Headers-->2746
Headers-->application/json, text/plain, */*
Headers-->http://enroll.ng.unicityqa.com
Headers-->es-PR
]]></system-out>
    <system-err><![CDATA[Starting ChromeDriver 2.36.540470 (e522d04694c7ebea4ba8821272dbef4f9b818c91) on port 45788
Only local connections are allowed.
Jan 07, 2020 5:52:34 PM org.openqa.selenium.remote.ProtocolHandshake createSession
INFO: Detected dialect: OSS
]]></system-err>
  </testcase>
  <testcase name="Enroll" classname="Tests.PrefferedCustomer" time="220.336">
    <failure message="Major AR Pack href expected [https://hydraqa.unicity.net/v5a-test/items?id.unicity=26580] but found []" type="java.lang.AssertionError">java.lang.AssertionError: Major AR Pack href expected [https://hydraqa.unicity.net/v5a-test/items?id.unicity=26580] but found []
	at Tests.PrefferedCustomer.Enroll(PrefferedCustomer.java:104)
</failure>
    <system-out><![CDATA[Request URL: https://hydraqa.unicity.net/v5a-test/quotes?&expand=item
Entry Quotes response : {"items":[{"currency":"USD","lines":{"items":[{"item":{"href":"https:\/\/hydraqa.unicity.net\/v5a-test\/items\/50747027a065cb8361c1f0d6eb880466","id":{"unicity":"32030"}},"terms":{"priceEach":"179.0000","pvEach":"102.0000"},"quantity":1}]}},{"currency":"USD","lines":{"items":[{"item":{"href":"https:\/\/hydraqa.unicity.net\/v5a-test\/items\/716b7a0bca7fa73e42e000d668e7ee65","id":{"unicity":"15129"}},"terms":{"priceEach":"28.0000","pvEach":"10.0000"},"quantity":1}]}},{"currency":"USD","lines":{"items":[{"item":{"href":"https:\/\/hydraqa.unicity.net\/v5a-test\/items\/9a7715e888c94989d898fe4653645721","id":{"unicity":"26550"}},"terms":{"priceEach":"99.0000","pvEach":"52.0000"},"quantity":1}]}},{"currency":"USD","lines":{"items":[{"item":{"href":"https:\/\/hydraqa.unicity.net\/v5a-test\/items\/80a898d805f759925797847a176bf62f","id":{"unicity":"26551"}},"terms":{"priceEach":"99.0000","pvEach":"52.0000"},"quantity":1}]}},{"currency":"USD","lines":{"items":[{"item":{"href":"https:\/\/hydraqa.unicity.net\/v5a-test\/items\/fbb319232b7eed110794d46a68302acb","id":{"unicity":"31847"}},"terms":{"priceEach":"150.0000","pvEach":"80.0000"},"quantity":1}]}},{"currency":"USD","lines":{"items":[{"item":{"href":"https:\/\/hydraqa.unicity.net\/v5a-test\/items\/077823d29445b9020de9931f10c63efd","id":{"unicity":"31958"}},"terms":{"priceEach":"160.0000","pvEach":"85.0000"},"quantity":1}]}},{"currency":"USD","lines":{"items":[{"item":{"href":"https:\/\/hydraqa.unicity.net\/v5a-test\/items\/00c2eb70c985722ce208490aece00945","id":{"unicity":"31729"}},"terms":{"priceEach":"170.0000","pvEach":"100.0000"},"quantity":1}]}},{"currency":"USD","lines":{"items":[{"item":{"href":"https:\/\/hydraqa.unicity.net\/v5a-test\/items\/89b6d29a85a88d44d65bc8cca3fefc65","id":{"unicity":"31845"}},"terms":{"priceEach":"170.0000","pvEach":"100.0000"},"quantity":1}]}},{"currency":"USD","lines":{"items":[{"item":{"href":"https:\/\/hydraqa.unicity.net\/v5a-test\/items\/3875e24e6b6ebdf36c79d205614ed51e","id":{"unicity":"31846"}},"terms":{"priceEach":"160.0000","pvEach":"94.0000"},"quantity":1}]}},{"currency":"USD","lines":{"items":[{"item":{"href":"https:\/\/hydraqa.unicity.net\/v5a-test\/items\/b770fd1942955660a50e8fd83337641d","id":{"unicity":"31842"}},"terms":{"priceEach":"160.0000","pvEach":"85.0000"},"quantity":1}]}},{"currency":"USD","lines":{"items":[{"item":{"href":"https:\/\/hydraqa.unicity.net\/v5a-test\/items\/5bda067b70c43971650a6ef983f612e4","id":{"unicity":"31728"}},"terms":{"priceEach":"160.0000","pvEach":"94.0000"},"quantity":1}]}},{"currency":"USD","lines":{"items":[{"item":{"href":"https:\/\/hydraqa.unicity.net\/v5a-test\/items\/693a7c4a70b06a00471afe8d6cae5023","id":{"unicity":"31730"}},"terms":{"priceEach":"150.0000","pvEach":"80.0000"},"quantity":1}]}},{"currency":"USD","lines":{"items":[{"item":{"href":"https:\/\/hydraqa.unicity.net\/v5a-test\/items\/ccb242d74dcb1fe621cc7bfe1b1de315","id":{"unicity":"31731"}},"terms":{"priceEach":"112.0000","pvEach":"61.0000"},"quantity":1}]}},{"currency":"USD","lines":{"items":[{"item":{"href":"https:\/\/hydraqa.unicity.net\/v5a-test\/items\/6767ae650e0af3c34b3d4d60b5b79e99","id":{"unicity":"31727"}},"terms":{"priceEach":"160.0000","pvEach":"85.0000"},"quantity":1}]}},{"currency":"USD","lines":{"items":[{"item":{"href":"https:\/\/hydraqa.unicity.net\/v5a-test\/items\/764e2db430d361da99e8f6b70c4d0244","id":{"unicity":"29830"}},"terms":{"priceEach":"19.0000","pvEach":"7.0000"},"quantity":1}]}},{"currency":"USD","lines":{"items":[{"item":{"href":"https:\/\/hydraqa.unicity.net\/v5a-test\/items\/8b5ed9aa6c6132e1be5e446f69a3465e","id":{"unicity":"0954"}},"terms":{"priceEach":"26.0000","pvEach":"15.0000"},"quantity":1}]}},{"currency":"USD","lines":{"items":[{"item":{"href":"https:\/\/hydraqa.unicity.net\/v5a-test\/items\/b91affa753dd5ee8a9acef4fa7e2c9a7","id":{"unicity":"30414"}},"terms":{"priceEach":"110.0000","pvEach":"65.0000"},"quantity":1}]}},{"currency":"USD","lines":{"items":[{"item":{"href":"https:\/\/hydraqa.unicity.net\/v5a-test\/items\/9d9d002b0e21b9bd58ad0154a4f781c5","id":{"unicity":"28836"}},"terms":{"priceEach":"73.0000","pvEach":"36.0000"},"quantity":1}]}},{"currency":"USD","lines":{"items":[{"item":{"href":"https:\/\/hydraqa.unicity.net\/v5a-test\/items\/0d38f7ee31f3710be877245655d18e8c","id":{"unicity":"22888"}},"terms":{"priceEach":"91.0000","pvEach":"50.0000"},"quantity":1}]}},{"currency":"USD","lines":{"items":[{"item":{"href":"https:\/\/hydraqa.unicity.net\/v5a-test\/items\/399be8efa903b362515c48315ab2afb9","id":{"unicity":"15712"}},"terms":{"priceEach":"18.0000","pvEach":"5.0000"},"quantity":1}]}},{"currency":"USD","lines":{"items":[{"item":{"href":"https:\/\/hydraqa.unicity.net\/v5a-test\/items\/390a7ae70d5669561ecdf7d5cff2671b","id":{"unicity":"15271"}},"terms":{"priceEach":"89.0000","pvEach":"27.0000"},"quantity":1}]}},{"currency":"USD","lines":{"items":[{"item":{"href":"https:\/\/hydraqa.unicity.net\/v5a-test\/items\/933f0856fd8ec1df83c5283dabf4ec3c","id":{"unicity":"6200"}},"terms":{"priceEach":"86.0000","pvEach":"47.0000"},"quantity":1}]}},{"currency":"USD","lines":{"items":[{"item":{"href":"https:\/\/hydraqa.unicity.net\/v5a-test\/items\/75faf5436630ed02a683726aa0e9056f","id":{"unicity":"22165"}},"terms":{"priceEach":"112.0000","pvEach":"65.0000"},"quantity":1}]}},{"currency":"USD","lines":{"items":[{"item":{"href":"https:\/\/hydraqa.unicity.net\/v5a-test\/items\/0cf62d38e91953b43dcfe88b06f813cb","id":{"unicity":"26557"}},"terms":{"priceEach":"99.0000","pvEach":"61.0000"},"quantity":1}]}},{"currency":"USD","lines":{"items":[{"item":{"href":"https:\/\/hydraqa.unicity.net\/v5a-test\/items\/3af97c67f653253825a9189a27da57d6","id":{"unicity":"26556"}},"terms":{"priceEach":"99.0000","pvEach":"61.0000"},"quantity":1}]}},{"currency":"USD","lines":{"items":[{"item":{"href":"https:\/\/hydraqa.unicity.net\/v5a-test\/items\/d489ec0d50f6e28d5743afc65439631b","id":{"unicity":"0960"}},"terms":{"priceEach":"46.0000","pvEach":"23.0000"},"quantity":1}]}},{"currency":"USD","lines":{"items":[{"item":{"href":"https:\/\/hydraqa.unicity.net\/v5a-test\/items\/66839181d7531692a8d886a9da6fb4d6","id":{"unicity":"25369"}},"terms":{"priceEach":"63.0000","pvEach":"31.0000"},"quantity":1}]}},{"currency":"USD","lines":{"items":[{"item":{"href":"https:\/\/hydraqa.unicity.net\/v5a-test\/items\/0eebdede5bdb8bf4d71e800b6f3cead1","id":{"unicity":"30825"}},"terms":{"priceEach":"64.0000","pvEach":"31.0000"},"quantity":1}]}},{"currency":"USD","lines":{"items":[{"item":{"href":"https:\/\/hydraqa.unicity.net\/v5a-test\/items\/ec8c753ce03d3886e9b2e0d06eeb44b8","id":{"unicity":"31106"}},"terms":{"priceEach":"63.5000","pvEach":"21.0000"},"quantity":1}]}},{"currency":"USD","lines":{"items":[{"item":{"href":"https:\/\/hydraqa.unicity.net\/v5a-test\/items\/5c2f1613082782e691d32fe9ce034026","id":{"unicity":"23728"}},"terms":{"priceEach":"33.0000","pvEach":"15.0000"},"quantity":1}]}},{"currency":"USD","lines":{"items":[{"item":{"href":"https:\/\/hydraqa.unicity.net\/v5a-test\/items\/9a6e1d094182389c3da8e0a320ff0e00","id":{"unicity":"27585"}},"terms":{"priceEach":"69.0000","pvEach":"33.0000"},"quantity":1}]}},{"currency":"USD","lines":{"items":[{"item":{"href":"https:\/\/hydraqa.unicity.net\/v5a-test\/items\/25eaf64b36ce31368f17ae789fd9ac5b","id":{"unicity":"29694"}},"terms":{"priceEach":"69.0000","pvEach":"33.0000"},"quantity":1}]}},{"currency":"USD","lines":{"items":[{"item":{"href":"https:\/\/hydraqa.unicity.net\/v5a-test\/items\/112b8c39286598b3730f630f371a45f4","id":{"unicity":"27587"}},"terms":{"priceEach":"69.0000","pvEach":"33.0000"},"quantity":1}]}},{"currency":"USD","lines":{"items":[{"item":{"href":"https:\/\/hydraqa.unicity.net\/v5a-test\/items\/16ca68abaaa92505c257be022a154769","id":{"unicity":"27615"}},"terms":{"priceEach":"36.0000","pvEach":"21.0000"},"quantity":1}]}},{"currency":"USD","lines":{"items":[{"item":{"href":"https:\/\/hydraqa.unicity.net\/v5a-test\/items\/362999101a321b721c87110710ae77b0","id":{"unicity":"29352"}},"terms":{"priceEach":"149.0000","pvEach":"80.0000"},"quantity":1}]}},{"currency":"USD","lines":{"items":[{"item":{"href":"https:\/\/hydraqa.unicity.net\/v5a-test\/items\/5968ff0ba17d7a331fdc757a1623fd45","id":{"unicity":"32365"}},"terms":{"priceEach":"177.0000","pvEach":"97.0000"},"quantity":1}]}},{"currency":"USD","lines":{"items":[{"item":{"href":"https:\/\/hydraqa.unicity.net\/v5a-test\/items\/c92ce2b8ba6bb04bf8b23f0ecaccd709","id":{"unicity":"32364"}},"terms":{"priceEach":"185.0000","pvEach":"99.0000"},"quantity":1}]}},{"currency":"USD","lines":{"items":[{"item":{"href":"https:\/\/hydraqa.unicity.net\/v5a-test\/items\/2f028442193b3166b6c4f9590bd352b4","id":{"unicity":"32366"}},"terms":{"priceEach":"122.0000","pvEach":"68.0000"},"quantity":1}]}},{"currency":"USD","lines":{"items":[{"item":{"href":"https:\/\/hydraqa.unicity.net\/v5a-test\/items\/18f4c25c966306833f623287c875d6ba","id":{"unicity":"32369"}},"terms":{"priceEach":"191.0000","pvEach":"93.0000"},"quantity":1}]}},{"currency":"USD","lines":{"items":[{"item":{"href":"https:\/\/hydraqa.unicity.net\/v5a-test\/items\/972a6b8ac5c8f4014a02ea892a7dec26","id":{"unicity":"32367"}},"terms":{"priceEach":"286.0000","pvEach":"155.0000"},"quantity":1}]}},{"currency":"USD","lines":{"items":[{"item":{"href":"https:\/\/hydraqa.unicity.net\/v5a-test\/items\/8910970a414bb25f1eba52f529bdad79","id":{"unicity":"32368"}},"terms":{"priceEach":"183.0000","pvEach":"91.0000"},"quantity":1}]}},{"currency":"USD","lines":{"items":[{"item":{"href":"https:\/\/hydraqa.unicity.net\/v5a-test\/items\/779b47d856ea7e246c9e5aabc6eca794","id":{"unicity":"32370"}},"terms":{"priceEach":"171.0000","pvEach":"95.0000"},"quantity":1}]}},{"currency":"USD","lines":{"items":[{"item":{"href":"https:\/\/hydraqa.unicity.net\/v5a-test\/items\/cb7cb2fc26fed30b6ac4c1f87531e01c","id":{"unicity":"32372"}},"terms":{"priceEach":"192.0000","pvEach":"107.0000"},"quantity":1}]}},{"currency":"USD","lines":{"items":[{"item":{"href":"https:\/\/hydraqa.unicity.net\/v5a-test\/items\/fbd417602d04328198a0227de3abc533","id":{"unicity":"32371"}},"terms":{"priceEach":"163.0000","pvEach":"93.0000"},"quantity":1}]}},{"currency":"USD","lines":{"items":[{"item":{"href":"https:\/\/hydraqa.unicity.net\/v5a-test\/items\/05ca08f3808f126c0cc42154c50fc75c","id":{"unicity":"29440"}},"terms":{"priceEach":"138.0000","pvEach":"90.0000"},"quantity":1}]}},{"currency":"USD","lines":{"items":[{"item":{"href":"https:\/\/hydraqa.unicity.net\/v5a-test\/items\/cea826eab72d44641c070aab6c97c1ac","id":{"unicity":"22747"}},"terms":{"priceEach":"34.0000","pvEach":"16.0000"},"quantity":1}]}},{"currency":"USD","lines":{"items":[{"item":{"href":"https:\/\/hydraqa.unicity.net\/v5a-test\/items\/1945faa1776541d53120ecfe3c1d8a2b","id":{"unicity":"24418"}},"terms":{"priceEach":"7.0000","pvEach":"0.0000"},"quantity":1}]}},{"currency":"USD","lines":{"items":[{"item":{"href":"https:\/\/hydraqa.unicity.net\/v5a-test\/items\/e0a19d3d676bccfdba0ab3d9f2766359","id":{"unicity":"30350"}},"terms":{"priceEach":"59.0000","pvEach":"30.0000"},"quantity":1}]}},{"currency":"USD","lines":{"items":[{"item":{"href":"https:\/\/hydraqa.unicity.net\/v5a-test\/items\/b2fc4b9ba4aa5cae54389161be2f841f","id":{"unicity":"18401"}},"terms":{"priceEach":"39.0000","pvEach":"19.0000"},"quantity":1}]}},{"currency":"USD","lines":{"items":[{"item":{"href":"https:\/\/hydraqa.unicity.net\/v5a-test\/items\/1b0412bea8c0b841c66f65a36aa14108","id":{"unicity":"29191"}},"terms":{"priceEach":"78.0000","pvEach":"36.0000"},"quantity":1}]}},{"currency":"USD","lines":{"items":[{"item":{"href":"https:\/\/hydraqa.unicity.net\/v5a-test\/items\/1bd53de7fe880ba71f46c9976ca2c137","id":{"unicity":"27739"}},"terms":{"priceEach":"43.0000","pvEach":"13.0000"},"quantity":1}]}},{"currency":"USD","lines":{"items":[{"item":{"href":"https:\/\/hydraqa.unicity.net\/v5a-test\/items\/035189015384166df518a68ede0299a9","id":{"unicity":"30408"}},"terms":{"priceEach":"99.0000","pvEach":"50.0000"},"quantity":1}]}},{"currency":"USD","lines":{"items":[{"item":{"href":"https:\/\/hydraqa.unicity.net\/v5a-test\/items\/bed533c634e887357ff031d8e4c776b0","id":{"unicity":"31751"}},"terms":{"priceEach":"115.0000","pvEach":"50.0000"},"quantity":1}]}},{"currency":"USD","lines":{"items":[{"item":{"href":"https:\/\/hydraqa.unicity.net\/v5a-test\/items\/e5029d0db50d6ea324b5e25f54d82636","id":{"unicity":"31651"}},"terms":{"priceEach":"37.0000","pvEach":"14.0000"},"quantity":1}]}},{"currency":"USD","lines":{"items":[{"item":{"href":"https:\/\/hydraqa.unicity.net\/v5a-test\/items\/c201dcd36f4bb7e17e7a8481ef08d6f2","id":{"unicity":"31518"}},"terms":{"priceEach":"37.0000","pvEach":"14.0000"},"quantity":1}]}},{"currency":"USD","lines":{"items":[{"item":{"href":"https:\/\/hydraqa.unicity.net\/v5a-test\/items\/f5a91f19576078a69f82c9f58805f479","id":{"unicity":"31655"}},"terms":{"priceEach":"37.0000","pvEach":"14.0000"},"quantity":1}]}},{"currency":"USD","lines":{"items":[{"item":{"href":"https:\/\/hydraqa.unicity.net\/v5a-test\/items\/0a3ede185ddf034630afd891c5106d33","id":{"unicity":"26562"}},"terms":{"priceEach":"42.0000","pvEach":"25.0000"},"quantity":1}]}},{"currency":"USD","lines":{"items":[{"item":{"href":"https:\/\/hydraqa.unicity.net\/v5a-test\/items\/4b2034f47fce90b87bba28c5c2d7c25d","id":{"unicity":"15880"}},"terms":{"priceEach":"74.0000","pvEach":"41.0000"},"quantity":1}]}},{"currency":"USD","lines":{"items":[{"item":{"href":"https:\/\/hydraqa.unicity.net\/v5a-test\/items\/3d89c4f7e508dfba4018dc9c732084de","id":{"unicity":"29181"}},"terms":{"priceEach":"29.0000","pvEach":"12.0000"},"quantity":1}]}},{"currency":"USD","lines":{"items":[{"item":{"href":"https:\/\/hydraqa.unicity.net\/v5a-test\/items\/aa0d72ac13b1ce88cf8c4a52ede75a37","id":{"unicity":"26552"}},"terms":{"priceEach":"89.0000","pvEach":"50.0000"},"quantity":1}]}},{"currency":"USD","lines":{"items":[{"item":{"href":"https:\/\/hydraqa.unicity.net\/v5a-test\/items\/5c6f1a39257b63482d454789e4d2035c","id":{"unicity":"26553"}},"terms":{"priceEach":"89.0000","pvEach":"50.0000"},"quantity":1}]}},{"currency":"USD","lines":{"items":[{"item":{"href":"https:\/\/hydraqa.unicity.net\/v5a-test\/items\/8d994059c399f5551ab112574e4476fc","id":{"unicity":"24785"}},"terms":{"priceEach":"18.0000","pvEach":"9.0000"},"quantity":1}]}},{"currency":"USD","lines":{"items":[{"item":{"href":"https:\/\/hydraqa.unicity.net\/v5a-test\/items\/8ed7a8910d5c5335774fa9cfae0e511d","id":{"unicity":"18386"}},"terms":{"priceEach":"35.0000","pvEach":"21.0000"},"quantity":1}]}},{"currency":"USD","lines":{"items":[{"item":{"href":"https:\/\/hydraqa.unicity.net\/v5a-test\/items\/398d06b858b960f6f38086d40608aef2","id":{"unicity":"26560"}},"terms":{"priceEach":"21.0000","pvEach":"12.0000"},"quantity":1}]}},{"currency":"USD","lines":{"items":[{"item":{"href":"https:\/\/hydraqa.unicity.net\/v5a-test\/items\/55d3b550a17b78175cc5ac565e4266e8","id":{"unicity":"24621"}},"terms":{"priceEach":"25.0000","pvEach":"12.0000"},"quantity":1}]}},{"currency":"USD","lines":{"items":[{"item":{"href":"https:\/\/hydraqa.unicity.net\/v5a-test\/items\/bb5c627f16547cb4f706cef521bca356","id":{"unicity":"29437"}},"terms":{"priceEach":"78.0000","pvEach":"36.0000"},"quantity":1}]}},{"currency":"USD","lines":{"items":[{"item":{"href":"https:\/\/hydraqa.unicity.net\/v5a-test\/items\/0e78fbdfebef11cd62f8d2120064ee58","id":{"unicity":"30280"}},"terms":{"priceEach":"51.0000","pvEach":"24.0000"},"quantity":1}]}},{"currency":"USD","lines":{"items":[{"item":{"href":"https:\/\/hydraqa.unicity.net\/v5a-test\/items\/2835b1a78e379486f0ffbfd5fb9f6b0a","id":{"unicity":"30400"}},"terms":{"priceEach":"49.0000","pvEach":"28.0000"},"quantity":1}]}},{"currency":"USD","lines":{"items":[{"item":{"href":"https:\/\/hydraqa.unicity.net\/v5a-test\/items\/84bf86533ae28dc84370f3699cc13a1d","id":{"unicity":"17744"}},"terms":{"priceEach":"127.0000","pvEach":"62.0000"},"quantity":1}]}},{"currency":"USD","lines":{"items":[{"item":{"href":"https:\/\/hydraqa.unicity.net\/v5a-test\/items\/48433ffc76597c823adc2b8627e033e4","id":{"unicity":"26559"}},"terms":{"priceEach":"38.0000","pvEach":"20.0000"},"quantity":1}]}},{"currency":"USD","lines":{"items":[{"item":{"href":"https:\/\/hydraqa.unicity.net\/v5a-test\/items\/5a38f009bec6c23b1b3a70432f9722e5","id":{"unicity":"19596"}},"terms":{"priceEach":"61.0000","pvEach":"30.0000"},"quantity":1}]}},{"currency":"USD","lines":{"items":[{"item":{"href":"https:\/\/hydraqa.unicity.net\/v5a-test\/items\/38da42f991a40a00153b2e5055b82dbf","id":{"unicity":"27801"}},"terms":{"priceEach":"225.0000","pvEach":"130.0000"},"quantity":1}]}},{"currency":"USD","lines":{"items":[{"item":{"href":"https:\/\/hydraqa.unicity.net\/v5a-test\/items\/051e765a5a71835a859c2757edd359f0","id":{"unicity":"26580"}},"terms":{"priceEach":"225.0000","pvEach":"130.0000"},"quantity":1}]}},{"currency":"USD","lines":{"items":[{"item":{"href":"https:\/\/hydraqa.unicity.net\/v5a-test\/items\/11aed902b772de90f113ca8a6379a37c","id":{"unicity":"27951"}},"terms":{"priceEach":"225.0000","pvEach":"130.0000"},"quantity":1}]}},{"currency":"USD","lines":{"items":[{"item":{"href":"https:\/\/hydraqa.unicity.net\/v5a-test\/items\/8c21f026bb6a32624e0c80475bf8efb0","id":{"unicity":"25880"}},"terms":{"priceEach":"43.0000","pvEach":"23.0000"},"quantity":1}]}},{"currency":"USD","lines":{"items":[{"item":{"href":"https:\/\/hydraqa.unicity.net\/v5a-test\/items\/e218d1cac5f31e7ae4f5876c29c57377","id":{"unicity":"29017"}},"terms":{"priceEach":"48.0000","pvEach":"26.0000"},"quantity":1}]}},{"currency":"USD","lines":{"items":[{"item":{"href":"https:\/\/hydraqa.unicity.net\/v5a-test\/items\/24ff5bda40c0d0e7eaa511866d052915","id":{"unicity":"29612"}},"terms":{"priceEach":"60.0000","pvEach":"30.0000"},"quantity":1}]}},{"currency":"USD","lines":{"items":[{"item":{"href":"https:\/\/hydraqa.unicity.net\/v5a-test\/items\/2c4c1abe00983e85aaa918d2ce341491","id":{"unicity":"17174"}},"terms":{"priceEach":"21.0000","pvEach":"10.0000"},"quantity":1}]}},{"currency":"USD","lines":{"items":[{"item":{"href":"https:\/\/hydraqa.unicity.net\/v5a-test\/items\/3f2d12d7a0e8551fc99fad3bbe1ba633","id":{"unicity":"26567"}},"terms":{"priceEach":"69.0000","pvEach":"35.0000"},"quantity":1}]}},{"currency":"USD","lines":{"items":[{"item":{"href":"https:\/\/hydraqa.unicity.net\/v5a-test\/items\/191637167cb3144bd2e8c4615e9ab67e","id":{"unicity":"26568"}},"terms":{"priceEach":"69.0000","pvEach":"35.0000"},"quantity":1}]}},{"currency":"USD","lines":{"items":[{"item":{"href":"https:\/\/hydraqa.unicity.net\/v5a-test\/items\/2cefc6a61faaae3455a5adcb0d8fc74f","id":{"unicity":"15907"}},"terms":{"priceEach":"18.0000","pvEach":"5.0000"},"quantity":1}]}},{"currency":"USD","lines":{"items":[{"item":{"href":"https:\/\/hydraqa.unicity.net\/v5a-test\/items\/e870d73cd94149d9f6b55de9736c9daa","id":{"unicity":"3107"}},"terms":{"priceEach":"30.0000","pvEach":"16.0000"},"quantity":1}]}},{"currency":"USD","lines":{"items":[{"item":{"href":"https:\/\/hydraqa.unicity.net\/v5a-test\/items\/b127a2d34d3d73e2f53e4c2002a7a4a2","id":{"unicity":"25008"}},"terms":{"priceEach":"23.0000","pvEach":"15.0000"},"quantity":1}]}},{"currency":"USD","lines":{"items":[{"item":{"href":"https:\/\/hydraqa.unicity.net\/v5a-test\/items\/dcdf1b79b8b6f644100ffc20fdca4683","id":{"unicity":"27835"}},"terms":{"priceEach":"1891.5000","pvEach":"1000.0000"},"quantity":1}]}},{"currency":"USD","lines":{"items":[{"item":{"href":"https:\/\/hydraqa.unicity.net\/v5a-test\/items\/efe7d99f2b77ea614d624d371afa4244","id":{"unicity":"25543"}},"terms":{"priceEach":"1891.5000","pvEach":"1000.0000"},"quantity":1}]}},{"currency":"USD","lines":{"items":[{"item":{"href":"https:\/\/hydraqa.unicity.net\/v5a-test\/items\/19fa616d76c947f5586d58e1b5e8b4ee","id":{"unicity":"27837"}},"terms":{"priceEach":"1891.5000","pvEach":"1000.0000"},"quantity":1}]}},{"currency":"USD","lines":{"items":[{"item":{"href":"https:\/\/hydraqa.unicity.net\/v5a-test\/items\/2da06ecf761a87f5619997496b83b745","id":{"unicity":"27831"}},"terms":{"priceEach":"1891.5000","pvEach":"1000.0000"},"quantity":1}]}},{"currency":"USD","lines":{"items":[{"item":{"href":"https:\/\/hydraqa.unicity.net\/v5a-test\/items\/1ab3a5a9b55fdf3618d21bf1d528afe4","id":{"unicity":"25542"}},"terms":{"priceEach":"1891.5000","pvEach":"1000.0000"},"quantity":1}]}},{"currency":"USD","lines":{"items":[{"item":{"href":"https:\/\/hydraqa.unicity.net\/v5a-test\/items\/52f0d3751a2d8f3f3670328e8157de5e","id":{"unicity":"27833"}},"terms":{"priceEach":"1891.5000","pvEach":"1000.0000"},"quantity":1}]}},{"currency":"USD","lines":{"items":[{"item":{"href":"https:\/\/hydraqa.unicity.net\/v5a-test\/items\/1535f370eb06bf30117fa28aa9ab1179","id":{"unicity":"25544"}},"terms":{"priceEach":"1891.5000","pvEach":"1000.0000"},"quantity":1}]}},{"currency":"USD","lines":{"items":[{"item":{"href":"https:\/\/hydraqa.unicity.net\/v5a-test\/items\/87f09080f7a29929816891acef721667","id":{"unicity":"25545"}},"terms":{"priceEach":"1891.5000","pvEach":"1000.0000"},"quantity":1}]}},{"currency":"USD","lines":{"items":[{"item":{"href":"https:\/\/hydraqa.unicity.net\/v5a-test\/items\/991cdbb84a495779eb209fb3956a77e4","id":{"unicity":"29183"}},"terms":{"priceEach":"51.0000","pvEach":"24.0000"},"quantity":1}]}},{"currency":"USD","lines":{"items":[{"item":{"href":"https:\/\/hydraqa.unicity.net\/v5a-test\/items\/cda534d686af5d627c94c4bb2c4b57d8","id":{"unicity":"26561"}},"terms":{"priceEach":"21.0000","pvEach":"11.0000"},"quantity":1}]}},{"currency":"USD","lines":{"items":[{"item":{"href":"https:\/\/hydraqa.unicity.net\/v5a-test\/items\/10da226fab00279b4f89df10af2a10b7","id":{"unicity":"26442"}},"terms":{"priceEach":"8.0000","pvEach":"0.0000"},"quantity":1}]}},{"currency":"USD","lines":{"items":[{"item":{"href":"https:\/\/hydraqa.unicity.net\/v5a-test\/items\/2de8516a24af8232add0bb392e750a71","id":{"unicity":"31859"}},"terms":{"priceEach":"225.0000","pvEach":"130.0000"},"quantity":1}]}},{"currency":"USD","lines":{"items":[{"item":{"href":"https:\/\/hydraqa.unicity.net\/v5a-test\/items\/cf8460040a1860bcabf250b6c1171675","id":{"unicity":"31858"}},"terms":{"priceEach":"330.0000","pvEach":"195.0000"},"quantity":1}]}},{"currency":"USD","lines":{"items":[{"item":{"href":"https:\/\/hydraqa.unicity.net\/v5a-test\/items\/4ab49eca1731e69206ccafb5112ad5a4","id":{"unicity":"31861"}},"terms":{"priceEach":"245.0000","pvEach":"135.0000"},"quantity":1}]}},{"currency":"USD","lines":{"items":[{"item":{"href":"https:\/\/hydraqa.unicity.net\/v5a-test\/items\/d4c8fce238d6fc34d17a4b36d1e4e59a","id":{"unicity":"31860"}},"terms":{"priceEach":"245.0000","pvEach":"135.0000"},"quantity":1}]}},{"currency":"USD","lines":{"items":[{"item":{"href":"https:\/\/hydraqa.unicity.net\/v5a-test\/items\/fd464cd7972cc1317e850b9196d886b8","id":{"unicity":"31863"}},"terms":{"priceEach":"255.0000","pvEach":"148.0000"},"quantity":1}]}},{"currency":"USD","lines":{"items":[{"item":{"href":"https:\/\/hydraqa.unicity.net\/v5a-test\/items\/e47fd287212acedd1cffb2b67bf623bd","id":{"unicity":"31862"}},"terms":{"priceEach":"255.0000","pvEach":"148.0000"},"quantity":1}]}},{"currency":"USD","lines":{"items":[{"item":{"href":"https:\/\/hydraqa.unicity.net\/v5a-test\/items\/024e696f8b44a1d315006e676604cd31","id":{"unicity":"27395"}},"terms":{"priceEach":"31.0000","pvEach":"16.0000"},"quantity":1}]}},{"currency":"USD","lines":{"items":[{"item":{"href":"https:\/\/hydraqa.unicity.net\/v5a-test\/items\/91a6016282310b83203d0bb7bea14a0f","id":{"unicity":"29050"}},"terms":{"priceEach":"14.9500","pvEach":"0.0000"},"quantity":1}]}},{"currency":"USD","lines":{"items":[{"item":{"href":"https:\/\/hydraqa.unicity.net\/v5a-test\/items\/7fc100f8d20814757efe2d79e41b315c","id":{"unicity":"32021"}},"terms":{"priceEach":"104.0000","pvEach":"60.0000"},"quantity":1}]}},{"currency":"USD","lines":{"items":[{"item":{"href":"https:\/\/hydraqa.unicity.net\/v5a-test\/items\/634f7efb30392b2a919de1355902d975","id":{"unicity":"29408"}},"terms":{"priceEach":"99.0000","pvEach":"52.0000"},"quantity":1}]}},{"currency":"USD","lines":{"items":[{"item":{"href":"https:\/\/hydraqa.unicity.net\/v5a-test\/items\/fa2407c91e64e66a72ab45172eb978df","id":{"unicity":"0988"}},"terms":{"priceEach":"46.0000","pvEach":"23.0000"},"quantity":1}]}},{"currency":"USD","lines":{"items":[{"item":{"href":"https:\/\/hydraqa.unicity.net\/v5a-test\/items\/64ec7ad932acafab052a4e8800ad1238","id":{"unicity":"24758"}},"terms":{"priceEach":"39.0000","pvEach":"21.0000"},"quantity":1}]}},{"currency":"USD","lines":{"items":[{"item":{"href":"https:\/\/hydraqa.unicity.net\/v5a-test\/items\/c61892f0a7b7e88054169a31d65d95e0","id":{"unicity":"18373"}},"terms":{"priceEach":"21.0000","pvEach":"10.0000"},"quantity":1}]}},{"currency":"USD","lines":{"items":[{"item":{"href":"https:\/\/hydraqa.unicity.net\/v5a-test\/items\/40a1044968ea62276f4ba87fd2ef0d8f","id":{"unicity":"12230"}},"terms":{"priceEach":"30.0000","pvEach":"15.0000"},"quantity":1}]}},{"currency":"USD","lines":{"items":[{"item":{"href":"https:\/\/hydraqa.unicity.net\/v5a-test\/items\/9ff4257741d464b686d15be955b8afb6","id":{"unicity":"0963"}},"terms":{"priceEach":"53.0000","pvEach":"25.0000"},"quantity":1}]}},{"currency":"USD","lines":{"items":[{"item":{"href":"https:\/\/hydraqa.unicity.net\/v5a-test\/items\/ddef5f478ff91aa2263b646a3bd03dea","id":{"unicity":"21420"}},"terms":{"priceEach":"30.0000","pvEach":"10.0000"},"quantity":1}]}}]}
Entry request : {"order":{"customer":{"href":"https://hydraqa.unicity.net/v5a-test/customers?type=PreferredCustomer"},"shipToAddress":{"country":"US"}},"vary":{"lines":{"items":[{"item":{"href":"https://hydraqa.unicity.net/v5a-test/items?id.unicity=26580|31440|31441|31651|31655|31518|31751|27801|27951|25542|27835|25543|27831|0963|15129|15271|15880|17174|22745|22747|23728|24758|25022|26550|26556|26557|26560|26561|26562|27615|27739|24418|22888|27585|17744|25008|26442|26551|6200|15916|18908|24785|29050|26552|26553|27028|0954|18401|27029|26559|19596|25544|25545|26945|25535|21420|24621|27833|27837|28836|15712|22165|0960|25369|30825|18386|26567|26568|15907|28513|3107|0988|18373|12230|26950|26786|27587|29017|25880|29694|29408|29437|29181|29183|29191|29352|29612|30350|27395|29440|29830|30408|30414|30400|30280|31314|31727|31728|31729|31730|31731|31842|31846|31845|31847|31858|31859|31863|31862|31860|31861|31958|32021|32030|32364|32365|32366|32367|32368|32369|32370|32371|32372|31106|26555"}}]}}}
Request URL: https://hydraqa.unicity.net/v5a-test/customers.js?callback=angular.callbacks._1&expand=customer,profilePicture&id.unicity=36554001
Request URL: https://hydraqa.unicity.net/v5a-test/customers.js?_httpMethod=HEAD&callback=angular.callbacks._4&email=ENVISY@gmail.com
Request URL: https://hydraqa.unicity.net/v5a-test/addresses?country=US&zip=33024
Entry response : {"items":[{"city":"Pembroke Pines","state":"FL"}]}
No Pop UP
{sponsor=36554001, gender=female, city=HOLLYWOOD, cartprice=2116.5, enroller=36554001, arpack=Prime Health Pack - Cholesterol, Energy, Vanilla, language=English, locale=en, type=PreferredCustomer, platform=QA, lname=TestLastName, password=Unicity, genderoption=Female, Currency=USD, api=4, state=[FL], email=ENVISY@gmail.com, zip=33024, fname=TestFirstName, prefferd=United States, address1=4209 E STONECREEK, shippingmethod=type=3Days, version=v5a-test/, testcase=normal, market=United States, aritemcode=26580, martial=Single, phone=9823746323, proto=https://hydraqa.unicity.net/, marketcode=US, maritaloption=Single, ccname=CCNameTest}
Request URL: https://hydraqa.unicity.net/v5a-test/orders.js
Entry request : {"customer":{"mainAddress":{"city":"HOLLYWOOD","country":"US","state":"FL","zip":"33024","address1":"4209 E STONECREEK","address2":""},"humanName":{"firstName":"TestFirstName","lastName":"TestLastName"},"email":"ENVISY@gmail.com","preferredLocale":"en-US","password":{"value":"Unicity"},"gender":"female","maritalStatus":"Single","type":"PreferredCustomer","creditcardaliases":[{"methodDetails":{"creditCardNumber":"4111111111111111","payer":"TestFirstName TestLastName","creditCardExpires":"2020-10"},"billToName":{"firstName":"TestFirstName","lastName":"TestLastName"},"billToAddress":{"address1":"4209 E STONECREEK","address2":"","city":"HOLLYWOOD","state":"FL","zip":"33024","country":"US"}}],"sponsor":{"href":"https://hydraqa.unicity.net/v5a-test/customers?id.unicity=36554001"},"enroller":{"href":"https://hydraqa.unicity.net/v5a-test/customers?id.unicity=36554001"},"homePhone":"9823746323","autoorders":{"items":[{"recurrence":{"schedule":{"month":"*","dayOfMonth":"5","skipRepetitions":"2"},"status":"Enabled"},"lines":{"items":[{"item":{"href":"https://hydraqa.unicity.net/v5a-test/items?id.unicity=26580"},"quantity":1}]},"shipToName":{"firstName":"TestFirstName","lastName":"TestLastName"},"shipToPhone":"9823746323","shipToEmail":"ENVISY@gmail.com","shipToAddress":{"city":"HOLLYWOOD","country":"US","state":"FL","address1":"4209 E STONECREEK","address2":"","zip":"33024"},"shippingMethod":{"href":"https://hydraqa.unicity.net/v5a-test/shippingmethods?type=3Days"},"transactions":{"items":[{"amount":"this.terms.total","type":"AuthorizeAndCapture","method":"CreditCardAlias","methodDetails":{"alias":"this.customer.creditcardaliases[0].alias"}}]}}]},"rights":[]},"lines":{"items":[{"item":{"href":"https://hydraqa.unicity.net/v5a-test/items?id.unicity=27835"},"quantity":1},{"item":{"href":"https://hydraqa.unicity.net/v5a-test/items?id.unicity=31859"},"quantity":1}]},"shipToName":{"firstName":"TestFirstName","lastName":"TestLastName"},"shipToPhone":"9823746323","shipToEmail":"ENVISY@gmail.com","shipToAddress":{"city":"HOLLYWOOD","country":"US","state":"FL","address1":"4209 E STONECREEK","address2":"","zip":"33024"},"shippingMethod":{"href":"https://hydraqa.unicity.net/v5a-test/shippingmethods?type=3Days"},"notes":"","transactions":{"items":[{"amount":"this.terms.total","type":"AuthorizeAndCapture","method":"CreditCard","methodDetails":{"creditCardNumber":"4111111111111111","payer":"CCNameTest","creditCardExpires":"2020-10","creditCardSecurityCode":"123"},"billToAddress":{"address1":"4209 E STONECREEK","address2":"","city":"HOLLYWOOD","state":"FL","zip":"33024","country":"US"}},{"type":"AuthorizeAndCapture","method":"Coupon","methodDetails":{"code":"Fre3Aut0Sh!p"}}]}}
Entry response : {"meta":{"Link":"<http:\/\/unicity.github.io\/Hydra.php\/docs\/v5\/>; rel=\"help\"","X-Request-UUID":"3edc51c7-b8c3-422c-a45f-09bc6eed83a5","X-Request-Release":"5-2020010701\/master","Cache-Control":"no-cache, must-revalidate","Expires":"0","X-Powered-By":"Luracast Restler v3.0.0rc5","Content-Type":"text\/javascript; charset=utf-8","Content-Language":"en-US","X-Status-Code":"201"},"data":{"market":"US","lines":{"items":[{"quantity":1,"item":{"href":"https:\/\/hydraqa.unicity.net\/v5a-test\/items?id.unicity=27835","id":{"unicity":"27835"}}},{"quantity":1,"item":{"href":"https:\/\/hydraqa.unicity.net\/v5a-test\/items?id.unicity=31859","id":{"unicity":"31859"}}}]},"shipToAddress":{"country":"US","state":"FL","city":"HOLLYWOOD","zip":"33024","address1":"4209 E STONECREEK","address2":""},"shipToName":{"firstName":"TestFirstName","lastName":"TestLastName"},"shipToEmail":"ENVISY@gmail.com","shipToPhone":"9823746323","shipToTime":"","source":null,"type":null,"notes":"","transactions":{"items":[{"amount":2340.85,"billToAddress":{"address1":"4209 E STONECREEK","address2":"","city":"HOLLYWOOD","state":"FL","zip":"33024","country":"US"},"billToEmail":null,"type":"AuthorizeAndCapture","method":"CreditCard","installments":null,"methodDetails":{"creditCardNumber":"411111xxxxxx1111","payer":"CCNameTest","payerId":null,"creditCardExpires":"2020-10","creditCardSecurityCode":"123"}}]},"terms":{"discount":{"amount":0},"pretotal":2340.85,"tax":{"amount":44.45},"freight":{"amount":179.9},"subtotal":2116.5,"taxableTotal":2296.4,"total":2340.85,"pv":1130},"shippingMethod":{"href":"https:\/\/hydraqa.unicity.net\/v5a-test\/shippingmethods?type=3Days","location":"","type":"3Days"},"currency":"USD","dateCreated":"2020-01-07T17:58:52-07:00","customer":{"humanName":{"firstName":"TestFirstName","lastName":"TestLastName"},"mainAddress":{"city":"HOLLYWOOD","country":"US","state":"FL","zip":"33024","address1":"4209 E STONECREEK","address2":""},"type":"PreferredCustomer","email":"ENVISY@gmail.com","gender":"female","password":{"value":"Unicity"},"enroller":{"href":"https:\/\/hydraqa.unicity.net\/v5a-test\/customers\/c8a0f511723643dd5ba719e2e99a32ba82ff3eda31cc639783863e5baba2dbdb","id":{"unicity":36554001},"humanName":{"fullName":"Kent, Clark"},"email":"peter.jacobsen@unicity.com"},"sponsor":{"href":"https:\/\/hydraqa.unicity.net\/v5a-test\/customers\/c8a0f511723643dd5ba719e2e99a32ba82ff3eda31cc639783863e5baba2dbdb","id":{"unicity":36554001},"humanName":{"fullName":"Kent, Clark"},"email":"peter.jacobsen@unicity.com"},"homePhone":"9823746323","preferredLocale":"en-US","maritalStatus":"Single","autoorders":{"items":[{"id":{"unicity":"63391"}}]},"rights":[],"status":"Active","id":{"unicity":"8105908"},"href":"https:\/\/hydraqa.unicity.net\/v5a-test\/customers\/af9c7d16beaae280a00ed9e05aad8600","token":"ca9d38ab-7772-41cc-b798-0df5936cd078"},"added_transactions":{"items":[]},"taxedAs":"service","id":{"unicity":"1629662"},"href":"https:\/\/hydraqa.unicity.net\/v5a-test\/orders\/56bf055f1cb42009dc4de657ba29bcf8"}}
Headers-->keep-alive
Headers-->2698
Headers-->application/json, text/plain, */*
Headers-->http://enroll.ng.unicityqa.com
Headers-->en-US
]]></system-out>
    <system-err><![CDATA[Starting ChromeDriver 2.36.540470 (e522d04694c7ebea4ba8821272dbef4f9b818c91) on port 22265
Only local connections are allowed.
Jan 07, 2020 5:55:42 PM org.openqa.selenium.remote.ProtocolHandshake createSession
INFO: Detected dialect: OSS
]]></system-err>
  </testcase>
  <testcase name="Enroll" classname="Tests.PrefferedCustomer" time="235.86">
    <failure message="Major AR Pack href expected [https://hydraqa.unicity.net/v5a-test/items?id.unicity=26580] but found []" type="java.lang.AssertionError">java.lang.AssertionError: Major AR Pack href expected [https://hydraqa.unicity.net/v5a-test/items?id.unicity=26580] but found []
	at Tests.PrefferedCustomer.Enroll(PrefferedCustomer.java:104)
</failure>
    <system-out><![CDATA[Request URL: https://hydraqa.unicity.net/v5a-test/quotes?&expand=item
Entry Quotes response : {"items":[{"currency":"USD","lines":{"items":[{"item":{"href":"https:\/\/hydraqa.unicity.net\/v5a-test\/items\/50747027a065cb8361c1f0d6eb880466","id":{"unicity":"32030"}},"terms":{"priceEach":"179.0000","pvEach":"102.0000"},"quantity":1}]}},{"currency":"USD","lines":{"items":[{"item":{"href":"https:\/\/hydraqa.unicity.net\/v5a-test\/items\/716b7a0bca7fa73e42e000d668e7ee65","id":{"unicity":"15129"}},"terms":{"priceEach":"28.0000","pvEach":"10.0000"},"quantity":1}]}},{"currency":"USD","lines":{"items":[{"item":{"href":"https:\/\/hydraqa.unicity.net\/v5a-test\/items\/9a7715e888c94989d898fe4653645721","id":{"unicity":"26550"}},"terms":{"priceEach":"99.0000","pvEach":"52.0000"},"quantity":1}]}},{"currency":"USD","lines":{"items":[{"item":{"href":"https:\/\/hydraqa.unicity.net\/v5a-test\/items\/80a898d805f759925797847a176bf62f","id":{"unicity":"26551"}},"terms":{"priceEach":"99.0000","pvEach":"52.0000"},"quantity":1}]}},{"currency":"USD","lines":{"items":[{"item":{"href":"https:\/\/hydraqa.unicity.net\/v5a-test\/items\/fbb319232b7eed110794d46a68302acb","id":{"unicity":"31847"}},"terms":{"priceEach":"150.0000","pvEach":"80.0000"},"quantity":1}]}},{"currency":"USD","lines":{"items":[{"item":{"href":"https:\/\/hydraqa.unicity.net\/v5a-test\/items\/077823d29445b9020de9931f10c63efd","id":{"unicity":"31958"}},"terms":{"priceEach":"160.0000","pvEach":"85.0000"},"quantity":1}]}},{"currency":"USD","lines":{"items":[{"item":{"href":"https:\/\/hydraqa.unicity.net\/v5a-test\/items\/00c2eb70c985722ce208490aece00945","id":{"unicity":"31729"}},"terms":{"priceEach":"170.0000","pvEach":"100.0000"},"quantity":1}]}},{"currency":"USD","lines":{"items":[{"item":{"href":"https:\/\/hydraqa.unicity.net\/v5a-test\/items\/89b6d29a85a88d44d65bc8cca3fefc65","id":{"unicity":"31845"}},"terms":{"priceEach":"170.0000","pvEach":"100.0000"},"quantity":1}]}},{"currency":"USD","lines":{"items":[{"item":{"href":"https:\/\/hydraqa.unicity.net\/v5a-test\/items\/3875e24e6b6ebdf36c79d205614ed51e","id":{"unicity":"31846"}},"terms":{"priceEach":"160.0000","pvEach":"94.0000"},"quantity":1}]}},{"currency":"USD","lines":{"items":[{"item":{"href":"https:\/\/hydraqa.unicity.net\/v5a-test\/items\/b770fd1942955660a50e8fd83337641d","id":{"unicity":"31842"}},"terms":{"priceEach":"160.0000","pvEach":"85.0000"},"quantity":1}]}},{"currency":"USD","lines":{"items":[{"item":{"href":"https:\/\/hydraqa.unicity.net\/v5a-test\/items\/5bda067b70c43971650a6ef983f612e4","id":{"unicity":"31728"}},"terms":{"priceEach":"160.0000","pvEach":"94.0000"},"quantity":1}]}},{"currency":"USD","lines":{"items":[{"item":{"href":"https:\/\/hydraqa.unicity.net\/v5a-test\/items\/693a7c4a70b06a00471afe8d6cae5023","id":{"unicity":"31730"}},"terms":{"priceEach":"150.0000","pvEach":"80.0000"},"quantity":1}]}},{"currency":"USD","lines":{"items":[{"item":{"href":"https:\/\/hydraqa.unicity.net\/v5a-test\/items\/ccb242d74dcb1fe621cc7bfe1b1de315","id":{"unicity":"31731"}},"terms":{"priceEach":"112.0000","pvEach":"61.0000"},"quantity":1}]}},{"currency":"USD","lines":{"items":[{"item":{"href":"https:\/\/hydraqa.unicity.net\/v5a-test\/items\/6767ae650e0af3c34b3d4d60b5b79e99","id":{"unicity":"31727"}},"terms":{"priceEach":"160.0000","pvEach":"85.0000"},"quantity":1}]}},{"currency":"USD","lines":{"items":[{"item":{"href":"https:\/\/hydraqa.unicity.net\/v5a-test\/items\/764e2db430d361da99e8f6b70c4d0244","id":{"unicity":"29830"}},"terms":{"priceEach":"19.0000","pvEach":"7.0000"},"quantity":1}]}},{"currency":"USD","lines":{"items":[{"item":{"href":"https:\/\/hydraqa.unicity.net\/v5a-test\/items\/8b5ed9aa6c6132e1be5e446f69a3465e","id":{"unicity":"0954"}},"terms":{"priceEach":"26.0000","pvEach":"15.0000"},"quantity":1}]}},{"currency":"USD","lines":{"items":[{"item":{"href":"https:\/\/hydraqa.unicity.net\/v5a-test\/items\/b91affa753dd5ee8a9acef4fa7e2c9a7","id":{"unicity":"30414"}},"terms":{"priceEach":"110.0000","pvEach":"65.0000"},"quantity":1}]}},{"currency":"USD","lines":{"items":[{"item":{"href":"https:\/\/hydraqa.unicity.net\/v5a-test\/items\/9d9d002b0e21b9bd58ad0154a4f781c5","id":{"unicity":"28836"}},"terms":{"priceEach":"73.0000","pvEach":"36.0000"},"quantity":1}]}},{"currency":"USD","lines":{"items":[{"item":{"href":"https:\/\/hydraqa.unicity.net\/v5a-test\/items\/0d38f7ee31f3710be877245655d18e8c","id":{"unicity":"22888"}},"terms":{"priceEach":"91.0000","pvEach":"50.0000"},"quantity":1}]}},{"currency":"USD","lines":{"items":[{"item":{"href":"https:\/\/hydraqa.unicity.net\/v5a-test\/items\/399be8efa903b362515c48315ab2afb9","id":{"unicity":"15712"}},"terms":{"priceEach":"18.0000","pvEach":"5.0000"},"quantity":1}]}},{"currency":"USD","lines":{"items":[{"item":{"href":"https:\/\/hydraqa.unicity.net\/v5a-test\/items\/390a7ae70d5669561ecdf7d5cff2671b","id":{"unicity":"15271"}},"terms":{"priceEach":"89.0000","pvEach":"27.0000"},"quantity":1}]}},{"currency":"USD","lines":{"items":[{"item":{"href":"https:\/\/hydraqa.unicity.net\/v5a-test\/items\/933f0856fd8ec1df83c5283dabf4ec3c","id":{"unicity":"6200"}},"terms":{"priceEach":"86.0000","pvEach":"47.0000"},"quantity":1}]}},{"currency":"USD","lines":{"items":[{"item":{"href":"https:\/\/hydraqa.unicity.net\/v5a-test\/items\/75faf5436630ed02a683726aa0e9056f","id":{"unicity":"22165"}},"terms":{"priceEach":"112.0000","pvEach":"65.0000"},"quantity":1}]}},{"currency":"USD","lines":{"items":[{"item":{"href":"https:\/\/hydraqa.unicity.net\/v5a-test\/items\/0cf62d38e91953b43dcfe88b06f813cb","id":{"unicity":"26557"}},"terms":{"priceEach":"99.0000","pvEach":"61.0000"},"quantity":1}]}},{"currency":"USD","lines":{"items":[{"item":{"href":"https:\/\/hydraqa.unicity.net\/v5a-test\/items\/3af97c67f653253825a9189a27da57d6","id":{"unicity":"26556"}},"terms":{"priceEach":"99.0000","pvEach":"61.0000"},"quantity":1}]}},{"currency":"USD","lines":{"items":[{"item":{"href":"https:\/\/hydraqa.unicity.net\/v5a-test\/items\/d489ec0d50f6e28d5743afc65439631b","id":{"unicity":"0960"}},"terms":{"priceEach":"46.0000","pvEach":"23.0000"},"quantity":1}]}},{"currency":"USD","lines":{"items":[{"item":{"href":"https:\/\/hydraqa.unicity.net\/v5a-test\/items\/66839181d7531692a8d886a9da6fb4d6","id":{"unicity":"25369"}},"terms":{"priceEach":"63.0000","pvEach":"31.0000"},"quantity":1}]}},{"currency":"USD","lines":{"items":[{"item":{"href":"https:\/\/hydraqa.unicity.net\/v5a-test\/items\/0eebdede5bdb8bf4d71e800b6f3cead1","id":{"unicity":"30825"}},"terms":{"priceEach":"64.0000","pvEach":"31.0000"},"quantity":1}]}},{"currency":"USD","lines":{"items":[{"item":{"href":"https:\/\/hydraqa.unicity.net\/v5a-test\/items\/ec8c753ce03d3886e9b2e0d06eeb44b8","id":{"unicity":"31106"}},"terms":{"priceEach":"63.5000","pvEach":"21.0000"},"quantity":1}]}},{"currency":"USD","lines":{"items":[{"item":{"href":"https:\/\/hydraqa.unicity.net\/v5a-test\/items\/5c2f1613082782e691d32fe9ce034026","id":{"unicity":"23728"}},"terms":{"priceEach":"33.0000","pvEach":"15.0000"},"quantity":1}]}},{"currency":"USD","lines":{"items":[{"item":{"href":"https:\/\/hydraqa.unicity.net\/v5a-test\/items\/9a6e1d094182389c3da8e0a320ff0e00","id":{"unicity":"27585"}},"terms":{"priceEach":"69.0000","pvEach":"33.0000"},"quantity":1}]}},{"currency":"USD","lines":{"items":[{"item":{"href":"https:\/\/hydraqa.unicity.net\/v5a-test\/items\/25eaf64b36ce31368f17ae789fd9ac5b","id":{"unicity":"29694"}},"terms":{"priceEach":"69.0000","pvEach":"33.0000"},"quantity":1}]}},{"currency":"USD","lines":{"items":[{"item":{"href":"https:\/\/hydraqa.unicity.net\/v5a-test\/items\/112b8c39286598b3730f630f371a45f4","id":{"unicity":"27587"}},"terms":{"priceEach":"69.0000","pvEach":"33.0000"},"quantity":1}]}},{"currency":"USD","lines":{"items":[{"item":{"href":"https:\/\/hydraqa.unicity.net\/v5a-test\/items\/16ca68abaaa92505c257be022a154769","id":{"unicity":"27615"}},"terms":{"priceEach":"36.0000","pvEach":"21.0000"},"quantity":1}]}},{"currency":"USD","lines":{"items":[{"item":{"href":"https:\/\/hydraqa.unicity.net\/v5a-test\/items\/362999101a321b721c87110710ae77b0","id":{"unicity":"29352"}},"terms":{"priceEach":"149.0000","pvEach":"80.0000"},"quantity":1}]}},{"currency":"USD","lines":{"items":[{"item":{"href":"https:\/\/hydraqa.unicity.net\/v5a-test\/items\/5968ff0ba17d7a331fdc757a1623fd45","id":{"unicity":"32365"}},"terms":{"priceEach":"177.0000","pvEach":"97.0000"},"quantity":1}]}},{"currency":"USD","lines":{"items":[{"item":{"href":"https:\/\/hydraqa.unicity.net\/v5a-test\/items\/c92ce2b8ba6bb04bf8b23f0ecaccd709","id":{"unicity":"32364"}},"terms":{"priceEach":"185.0000","pvEach":"99.0000"},"quantity":1}]}},{"currency":"USD","lines":{"items":[{"item":{"href":"https:\/\/hydraqa.unicity.net\/v5a-test\/items\/2f028442193b3166b6c4f9590bd352b4","id":{"unicity":"32366"}},"terms":{"priceEach":"122.0000","pvEach":"68.0000"},"quantity":1}]}},{"currency":"USD","lines":{"items":[{"item":{"href":"https:\/\/hydraqa.unicity.net\/v5a-test\/items\/18f4c25c966306833f623287c875d6ba","id":{"unicity":"32369"}},"terms":{"priceEach":"191.0000","pvEach":"93.0000"},"quantity":1}]}},{"currency":"USD","lines":{"items":[{"item":{"href":"https:\/\/hydraqa.unicity.net\/v5a-test\/items\/972a6b8ac5c8f4014a02ea892a7dec26","id":{"unicity":"32367"}},"terms":{"priceEach":"286.0000","pvEach":"155.0000"},"quantity":1}]}},{"currency":"USD","lines":{"items":[{"item":{"href":"https:\/\/hydraqa.unicity.net\/v5a-test\/items\/8910970a414bb25f1eba52f529bdad79","id":{"unicity":"32368"}},"terms":{"priceEach":"183.0000","pvEach":"91.0000"},"quantity":1}]}},{"currency":"USD","lines":{"items":[{"item":{"href":"https:\/\/hydraqa.unicity.net\/v5a-test\/items\/779b47d856ea7e246c9e5aabc6eca794","id":{"unicity":"32370"}},"terms":{"priceEach":"171.0000","pvEach":"95.0000"},"quantity":1}]}},{"currency":"USD","lines":{"items":[{"item":{"href":"https:\/\/hydraqa.unicity.net\/v5a-test\/items\/cb7cb2fc26fed30b6ac4c1f87531e01c","id":{"unicity":"32372"}},"terms":{"priceEach":"192.0000","pvEach":"107.0000"},"quantity":1}]}},{"currency":"USD","lines":{"items":[{"item":{"href":"https:\/\/hydraqa.unicity.net\/v5a-test\/items\/fbd417602d04328198a0227de3abc533","id":{"unicity":"32371"}},"terms":{"priceEach":"163.0000","pvEach":"93.0000"},"quantity":1}]}},{"currency":"USD","lines":{"items":[{"item":{"href":"https:\/\/hydraqa.unicity.net\/v5a-test\/items\/05ca08f3808f126c0cc42154c50fc75c","id":{"unicity":"29440"}},"terms":{"priceEach":"138.0000","pvEach":"90.0000"},"quantity":1}]}},{"currency":"USD","lines":{"items":[{"item":{"href":"https:\/\/hydraqa.unicity.net\/v5a-test\/items\/cea826eab72d44641c070aab6c97c1ac","id":{"unicity":"22747"}},"terms":{"priceEach":"34.0000","pvEach":"16.0000"},"quantity":1}]}},{"currency":"USD","lines":{"items":[{"item":{"href":"https:\/\/hydraqa.unicity.net\/v5a-test\/items\/1945faa1776541d53120ecfe3c1d8a2b","id":{"unicity":"24418"}},"terms":{"priceEach":"7.0000","pvEach":"0.0000"},"quantity":1}]}},{"currency":"USD","lines":{"items":[{"item":{"href":"https:\/\/hydraqa.unicity.net\/v5a-test\/items\/e0a19d3d676bccfdba0ab3d9f2766359","id":{"unicity":"30350"}},"terms":{"priceEach":"59.0000","pvEach":"30.0000"},"quantity":1}]}},{"currency":"USD","lines":{"items":[{"item":{"href":"https:\/\/hydraqa.unicity.net\/v5a-test\/items\/b2fc4b9ba4aa5cae54389161be2f841f","id":{"unicity":"18401"}},"terms":{"priceEach":"39.0000","pvEach":"19.0000"},"quantity":1}]}},{"currency":"USD","lines":{"items":[{"item":{"href":"https:\/\/hydraqa.unicity.net\/v5a-test\/items\/1b0412bea8c0b841c66f65a36aa14108","id":{"unicity":"29191"}},"terms":{"priceEach":"78.0000","pvEach":"36.0000"},"quantity":1}]}},{"currency":"USD","lines":{"items":[{"item":{"href":"https:\/\/hydraqa.unicity.net\/v5a-test\/items\/1bd53de7fe880ba71f46c9976ca2c137","id":{"unicity":"27739"}},"terms":{"priceEach":"43.0000","pvEach":"13.0000"},"quantity":1}]}},{"currency":"USD","lines":{"items":[{"item":{"href":"https:\/\/hydraqa.unicity.net\/v5a-test\/items\/035189015384166df518a68ede0299a9","id":{"unicity":"30408"}},"terms":{"priceEach":"99.0000","pvEach":"50.0000"},"quantity":1}]}},{"currency":"USD","lines":{"items":[{"item":{"href":"https:\/\/hydraqa.unicity.net\/v5a-test\/items\/bed533c634e887357ff031d8e4c776b0","id":{"unicity":"31751"}},"terms":{"priceEach":"115.0000","pvEach":"50.0000"},"quantity":1}]}},{"currency":"USD","lines":{"items":[{"item":{"href":"https:\/\/hydraqa.unicity.net\/v5a-test\/items\/e5029d0db50d6ea324b5e25f54d82636","id":{"unicity":"31651"}},"terms":{"priceEach":"37.0000","pvEach":"14.0000"},"quantity":1}]}},{"currency":"USD","lines":{"items":[{"item":{"href":"https:\/\/hydraqa.unicity.net\/v5a-test\/items\/c201dcd36f4bb7e17e7a8481ef08d6f2","id":{"unicity":"31518"}},"terms":{"priceEach":"37.0000","pvEach":"14.0000"},"quantity":1}]}},{"currency":"USD","lines":{"items":[{"item":{"href":"https:\/\/hydraqa.unicity.net\/v5a-test\/items\/f5a91f19576078a69f82c9f58805f479","id":{"unicity":"31655"}},"terms":{"priceEach":"37.0000","pvEach":"14.0000"},"quantity":1}]}},{"currency":"USD","lines":{"items":[{"item":{"href":"https:\/\/hydraqa.unicity.net\/v5a-test\/items\/0a3ede185ddf034630afd891c5106d33","id":{"unicity":"26562"}},"terms":{"priceEach":"42.0000","pvEach":"25.0000"},"quantity":1}]}},{"currency":"USD","lines":{"items":[{"item":{"href":"https:\/\/hydraqa.unicity.net\/v5a-test\/items\/4b2034f47fce90b87bba28c5c2d7c25d","id":{"unicity":"15880"}},"terms":{"priceEach":"74.0000","pvEach":"41.0000"},"quantity":1}]}},{"currency":"USD","lines":{"items":[{"item":{"href":"https:\/\/hydraqa.unicity.net\/v5a-test\/items\/3d89c4f7e508dfba4018dc9c732084de","id":{"unicity":"29181"}},"terms":{"priceEach":"29.0000","pvEach":"12.0000"},"quantity":1}]}},{"currency":"USD","lines":{"items":[{"item":{"href":"https:\/\/hydraqa.unicity.net\/v5a-test\/items\/aa0d72ac13b1ce88cf8c4a52ede75a37","id":{"unicity":"26552"}},"terms":{"priceEach":"89.0000","pvEach":"50.0000"},"quantity":1}]}},{"currency":"USD","lines":{"items":[{"item":{"href":"https:\/\/hydraqa.unicity.net\/v5a-test\/items\/5c6f1a39257b63482d454789e4d2035c","id":{"unicity":"26553"}},"terms":{"priceEach":"89.0000","pvEach":"50.0000"},"quantity":1}]}},{"currency":"USD","lines":{"items":[{"item":{"href":"https:\/\/hydraqa.unicity.net\/v5a-test\/items\/8d994059c399f5551ab112574e4476fc","id":{"unicity":"24785"}},"terms":{"priceEach":"18.0000","pvEach":"9.0000"},"quantity":1}]}},{"currency":"USD","lines":{"items":[{"item":{"href":"https:\/\/hydraqa.unicity.net\/v5a-test\/items\/8ed7a8910d5c5335774fa9cfae0e511d","id":{"unicity":"18386"}},"terms":{"priceEach":"35.0000","pvEach":"21.0000"},"quantity":1}]}},{"currency":"USD","lines":{"items":[{"item":{"href":"https:\/\/hydraqa.unicity.net\/v5a-test\/items\/398d06b858b960f6f38086d40608aef2","id":{"unicity":"26560"}},"terms":{"priceEach":"21.0000","pvEach":"12.0000"},"quantity":1}]}},{"currency":"USD","lines":{"items":[{"item":{"href":"https:\/\/hydraqa.unicity.net\/v5a-test\/items\/55d3b550a17b78175cc5ac565e4266e8","id":{"unicity":"24621"}},"terms":{"priceEach":"25.0000","pvEach":"12.0000"},"quantity":1}]}},{"currency":"USD","lines":{"items":[{"item":{"href":"https:\/\/hydraqa.unicity.net\/v5a-test\/items\/bb5c627f16547cb4f706cef521bca356","id":{"unicity":"29437"}},"terms":{"priceEach":"78.0000","pvEach":"36.0000"},"quantity":1}]}},{"currency":"USD","lines":{"items":[{"item":{"href":"https:\/\/hydraqa.unicity.net\/v5a-test\/items\/0e78fbdfebef11cd62f8d2120064ee58","id":{"unicity":"30280"}},"terms":{"priceEach":"51.0000","pvEach":"24.0000"},"quantity":1}]}},{"currency":"USD","lines":{"items":[{"item":{"href":"https:\/\/hydraqa.unicity.net\/v5a-test\/items\/2835b1a78e379486f0ffbfd5fb9f6b0a","id":{"unicity":"30400"}},"terms":{"priceEach":"49.0000","pvEach":"28.0000"},"quantity":1}]}},{"currency":"USD","lines":{"items":[{"item":{"href":"https:\/\/hydraqa.unicity.net\/v5a-test\/items\/84bf86533ae28dc84370f3699cc13a1d","id":{"unicity":"17744"}},"terms":{"priceEach":"127.0000","pvEach":"62.0000"},"quantity":1}]}},{"currency":"USD","lines":{"items":[{"item":{"href":"https:\/\/hydraqa.unicity.net\/v5a-test\/items\/48433ffc76597c823adc2b8627e033e4","id":{"unicity":"26559"}},"terms":{"priceEach":"38.0000","pvEach":"20.0000"},"quantity":1}]}},{"currency":"USD","lines":{"items":[{"item":{"href":"https:\/\/hydraqa.unicity.net\/v5a-test\/items\/5a38f009bec6c23b1b3a70432f9722e5","id":{"unicity":"19596"}},"terms":{"priceEach":"61.0000","pvEach":"30.0000"},"quantity":1}]}},{"currency":"USD","lines":{"items":[{"item":{"href":"https:\/\/hydraqa.unicity.net\/v5a-test\/items\/38da42f991a40a00153b2e5055b82dbf","id":{"unicity":"27801"}},"terms":{"priceEach":"225.0000","pvEach":"130.0000"},"quantity":1}]}},{"currency":"USD","lines":{"items":[{"item":{"href":"https:\/\/hydraqa.unicity.net\/v5a-test\/items\/051e765a5a71835a859c2757edd359f0","id":{"unicity":"26580"}},"terms":{"priceEach":"225.0000","pvEach":"130.0000"},"quantity":1}]}},{"currency":"USD","lines":{"items":[{"item":{"href":"https:\/\/hydraqa.unicity.net\/v5a-test\/items\/11aed902b772de90f113ca8a6379a37c","id":{"unicity":"27951"}},"terms":{"priceEach":"225.0000","pvEach":"130.0000"},"quantity":1}]}},{"currency":"USD","lines":{"items":[{"item":{"href":"https:\/\/hydraqa.unicity.net\/v5a-test\/items\/8c21f026bb6a32624e0c80475bf8efb0","id":{"unicity":"25880"}},"terms":{"priceEach":"43.0000","pvEach":"23.0000"},"quantity":1}]}},{"currency":"USD","lines":{"items":[{"item":{"href":"https:\/\/hydraqa.unicity.net\/v5a-test\/items\/e218d1cac5f31e7ae4f5876c29c57377","id":{"unicity":"29017"}},"terms":{"priceEach":"48.0000","pvEach":"26.0000"},"quantity":1}]}},{"currency":"USD","lines":{"items":[{"item":{"href":"https:\/\/hydraqa.unicity.net\/v5a-test\/items\/24ff5bda40c0d0e7eaa511866d052915","id":{"unicity":"29612"}},"terms":{"priceEach":"60.0000","pvEach":"30.0000"},"quantity":1}]}},{"currency":"USD","lines":{"items":[{"item":{"href":"https:\/\/hydraqa.unicity.net\/v5a-test\/items\/2c4c1abe00983e85aaa918d2ce341491","id":{"unicity":"17174"}},"terms":{"priceEach":"21.0000","pvEach":"10.0000"},"quantity":1}]}},{"currency":"USD","lines":{"items":[{"item":{"href":"https:\/\/hydraqa.unicity.net\/v5a-test\/items\/3f2d12d7a0e8551fc99fad3bbe1ba633","id":{"unicity":"26567"}},"terms":{"priceEach":"69.0000","pvEach":"35.0000"},"quantity":1}]}},{"currency":"USD","lines":{"items":[{"item":{"href":"https:\/\/hydraqa.unicity.net\/v5a-test\/items\/191637167cb3144bd2e8c4615e9ab67e","id":{"unicity":"26568"}},"terms":{"priceEach":"69.0000","pvEach":"35.0000"},"quantity":1}]}},{"currency":"USD","lines":{"items":[{"item":{"href":"https:\/\/hydraqa.unicity.net\/v5a-test\/items\/2cefc6a61faaae3455a5adcb0d8fc74f","id":{"unicity":"15907"}},"terms":{"priceEach":"18.0000","pvEach":"5.0000"},"quantity":1}]}},{"currency":"USD","lines":{"items":[{"item":{"href":"https:\/\/hydraqa.unicity.net\/v5a-test\/items\/e870d73cd94149d9f6b55de9736c9daa","id":{"unicity":"3107"}},"terms":{"priceEach":"30.0000","pvEach":"16.0000"},"quantity":1}]}},{"currency":"USD","lines":{"items":[{"item":{"href":"https:\/\/hydraqa.unicity.net\/v5a-test\/items\/b127a2d34d3d73e2f53e4c2002a7a4a2","id":{"unicity":"25008"}},"terms":{"priceEach":"23.0000","pvEach":"15.0000"},"quantity":1}]}},{"currency":"USD","lines":{"items":[{"item":{"href":"https:\/\/hydraqa.unicity.net\/v5a-test\/items\/dcdf1b79b8b6f644100ffc20fdca4683","id":{"unicity":"27835"}},"terms":{"priceEach":"1891.5000","pvEach":"1000.0000"},"quantity":1}]}},{"currency":"USD","lines":{"items":[{"item":{"href":"https:\/\/hydraqa.unicity.net\/v5a-test\/items\/efe7d99f2b77ea614d624d371afa4244","id":{"unicity":"25543"}},"terms":{"priceEach":"1891.5000","pvEach":"1000.0000"},"quantity":1}]}},{"currency":"USD","lines":{"items":[{"item":{"href":"https:\/\/hydraqa.unicity.net\/v5a-test\/items\/19fa616d76c947f5586d58e1b5e8b4ee","id":{"unicity":"27837"}},"terms":{"priceEach":"1891.5000","pvEach":"1000.0000"},"quantity":1}]}},{"currency":"USD","lines":{"items":[{"item":{"href":"https:\/\/hydraqa.unicity.net\/v5a-test\/items\/2da06ecf761a87f5619997496b83b745","id":{"unicity":"27831"}},"terms":{"priceEach":"1891.5000","pvEach":"1000.0000"},"quantity":1}]}},{"currency":"USD","lines":{"items":[{"item":{"href":"https:\/\/hydraqa.unicity.net\/v5a-test\/items\/1ab3a5a9b55fdf3618d21bf1d528afe4","id":{"unicity":"25542"}},"terms":{"priceEach":"1891.5000","pvEach":"1000.0000"},"quantity":1}]}},{"currency":"USD","lines":{"items":[{"item":{"href":"https:\/\/hydraqa.unicity.net\/v5a-test\/items\/52f0d3751a2d8f3f3670328e8157de5e","id":{"unicity":"27833"}},"terms":{"priceEach":"1891.5000","pvEach":"1000.0000"},"quantity":1}]}},{"currency":"USD","lines":{"items":[{"item":{"href":"https:\/\/hydraqa.unicity.net\/v5a-test\/items\/1535f370eb06bf30117fa28aa9ab1179","id":{"unicity":"25544"}},"terms":{"priceEach":"1891.5000","pvEach":"1000.0000"},"quantity":1}]}},{"currency":"USD","lines":{"items":[{"item":{"href":"https:\/\/hydraqa.unicity.net\/v5a-test\/items\/87f09080f7a29929816891acef721667","id":{"unicity":"25545"}},"terms":{"priceEach":"1891.5000","pvEach":"1000.0000"},"quantity":1}]}},{"currency":"USD","lines":{"items":[{"item":{"href":"https:\/\/hydraqa.unicity.net\/v5a-test\/items\/991cdbb84a495779eb209fb3956a77e4","id":{"unicity":"29183"}},"terms":{"priceEach":"51.0000","pvEach":"24.0000"},"quantity":1}]}},{"currency":"USD","lines":{"items":[{"item":{"href":"https:\/\/hydraqa.unicity.net\/v5a-test\/items\/cda534d686af5d627c94c4bb2c4b57d8","id":{"unicity":"26561"}},"terms":{"priceEach":"21.0000","pvEach":"11.0000"},"quantity":1}]}},{"currency":"USD","lines":{"items":[{"item":{"href":"https:\/\/hydraqa.unicity.net\/v5a-test\/items\/10da226fab00279b4f89df10af2a10b7","id":{"unicity":"26442"}},"terms":{"priceEach":"8.0000","pvEach":"0.0000"},"quantity":1}]}},{"currency":"USD","lines":{"items":[{"item":{"href":"https:\/\/hydraqa.unicity.net\/v5a-test\/items\/2de8516a24af8232add0bb392e750a71","id":{"unicity":"31859"}},"terms":{"priceEach":"225.0000","pvEach":"130.0000"},"quantity":1}]}},{"currency":"USD","lines":{"items":[{"item":{"href":"https:\/\/hydraqa.unicity.net\/v5a-test\/items\/cf8460040a1860bcabf250b6c1171675","id":{"unicity":"31858"}},"terms":{"priceEach":"330.0000","pvEach":"195.0000"},"quantity":1}]}},{"currency":"USD","lines":{"items":[{"item":{"href":"https:\/\/hydraqa.unicity.net\/v5a-test\/items\/4ab49eca1731e69206ccafb5112ad5a4","id":{"unicity":"31861"}},"terms":{"priceEach":"245.0000","pvEach":"135.0000"},"quantity":1}]}},{"currency":"USD","lines":{"items":[{"item":{"href":"https:\/\/hydraqa.unicity.net\/v5a-test\/items\/d4c8fce238d6fc34d17a4b36d1e4e59a","id":{"unicity":"31860"}},"terms":{"priceEach":"245.0000","pvEach":"135.0000"},"quantity":1}]}},{"currency":"USD","lines":{"items":[{"item":{"href":"https:\/\/hydraqa.unicity.net\/v5a-test\/items\/fd464cd7972cc1317e850b9196d886b8","id":{"unicity":"31863"}},"terms":{"priceEach":"255.0000","pvEach":"148.0000"},"quantity":1}]}},{"currency":"USD","lines":{"items":[{"item":{"href":"https:\/\/hydraqa.unicity.net\/v5a-test\/items\/e47fd287212acedd1cffb2b67bf623bd","id":{"unicity":"31862"}},"terms":{"priceEach":"255.0000","pvEach":"148.0000"},"quantity":1}]}},{"currency":"USD","lines":{"items":[{"item":{"href":"https:\/\/hydraqa.unicity.net\/v5a-test\/items\/024e696f8b44a1d315006e676604cd31","id":{"unicity":"27395"}},"terms":{"priceEach":"31.0000","pvEach":"16.0000"},"quantity":1}]}},{"currency":"USD","lines":{"items":[{"item":{"href":"https:\/\/hydraqa.unicity.net\/v5a-test\/items\/91a6016282310b83203d0bb7bea14a0f","id":{"unicity":"29050"}},"terms":{"priceEach":"14.9500","pvEach":"0.0000"},"quantity":1}]}},{"currency":"USD","lines":{"items":[{"item":{"href":"https:\/\/hydraqa.unicity.net\/v5a-test\/items\/7fc100f8d20814757efe2d79e41b315c","id":{"unicity":"32021"}},"terms":{"priceEach":"104.0000","pvEach":"60.0000"},"quantity":1}]}},{"currency":"USD","lines":{"items":[{"item":{"href":"https:\/\/hydraqa.unicity.net\/v5a-test\/items\/634f7efb30392b2a919de1355902d975","id":{"unicity":"29408"}},"terms":{"priceEach":"99.0000","pvEach":"52.0000"},"quantity":1}]}},{"currency":"USD","lines":{"items":[{"item":{"href":"https:\/\/hydraqa.unicity.net\/v5a-test\/items\/fa2407c91e64e66a72ab45172eb978df","id":{"unicity":"0988"}},"terms":{"priceEach":"46.0000","pvEach":"23.0000"},"quantity":1}]}},{"currency":"USD","lines":{"items":[{"item":{"href":"https:\/\/hydraqa.unicity.net\/v5a-test\/items\/64ec7ad932acafab052a4e8800ad1238","id":{"unicity":"24758"}},"terms":{"priceEach":"39.0000","pvEach":"21.0000"},"quantity":1}]}},{"currency":"USD","lines":{"items":[{"item":{"href":"https:\/\/hydraqa.unicity.net\/v5a-test\/items\/c61892f0a7b7e88054169a31d65d95e0","id":{"unicity":"18373"}},"terms":{"priceEach":"21.0000","pvEach":"10.0000"},"quantity":1}]}},{"currency":"USD","lines":{"items":[{"item":{"href":"https:\/\/hydraqa.unicity.net\/v5a-test\/items\/40a1044968ea62276f4ba87fd2ef0d8f","id":{"unicity":"12230"}},"terms":{"priceEach":"30.0000","pvEach":"15.0000"},"quantity":1}]}},{"currency":"USD","lines":{"items":[{"item":{"href":"https:\/\/hydraqa.unicity.net\/v5a-test\/items\/9ff4257741d464b686d15be955b8afb6","id":{"unicity":"0963"}},"terms":{"priceEach":"53.0000","pvEach":"25.0000"},"quantity":1}]}},{"currency":"USD","lines":{"items":[{"item":{"href":"https:\/\/hydraqa.unicity.net\/v5a-test\/items\/ddef5f478ff91aa2263b646a3bd03dea","id":{"unicity":"21420"}},"terms":{"priceEach":"30.0000","pvEach":"10.0000"},"quantity":1}]}}]}
Entry request : {"order":{"customer":{"href":"https://hydraqa.unicity.net/v5a-test/customers?type=PreferredCustomer"},"shipToAddress":{"country":"US"}},"vary":{"lines":{"items":[{"item":{"href":"https://hydraqa.unicity.net/v5a-test/items?id.unicity=26580|31440|31441|31651|31655|31518|31751|27801|27951|25542|27835|25543|27831|0963|15129|15271|15880|17174|22745|22747|23728|24758|25022|26550|26556|26557|26560|26561|26562|27615|27739|24418|22888|27585|17744|25008|26442|26551|6200|15916|18908|24785|29050|26552|26553|27028|0954|18401|27029|26559|19596|25544|25545|26945|25535|21420|24621|27833|27837|28836|15712|22165|0960|25369|30825|18386|26567|26568|15907|28513|3107|0988|18373|12230|26950|26786|27587|29017|25880|29694|29408|29437|29181|29183|29191|29352|29612|30350|27395|29440|29830|30408|30414|30400|30280|31314|31727|31728|31729|31730|31731|31842|31846|31845|31847|31858|31859|31863|31862|31860|31861|31958|32021|32030|32364|32365|32366|32367|32368|32369|32370|32371|32372|31106|26555"}}]}}}
Request URL: https://hydraqa.unicity.net/v5a-test/customers.js?_httpMethod=HEAD&callback=angular.callbacks._1&email=TRDOBQ@gmail.com
Request URL: https://hydraqa.unicity.net/v5a-test/addresses?country=US&zip=84097
Entry response : {"items":[{"city":"Orem","state":"UT"}]}
No Pop UP
{sponsor=2, gender=female, city=OREM, cartprice=179.0, enroller=2, arpack=Prime Health Pack - Cholesterol, Energy, Vanilla, language=Español, locale=es, type=PreferredCustomer, platform=QA, lname=TestLastName, password=Unicity, genderoption=Femenino, Currency=USD, api=1, state=[UT], enrollerName=EnrollerTest, email=TRDOBQ@gmail.com, zip=84097, fname=TestFirstName, prefferd=United States, address1=1209 N 800 E, shippingmethod=type=2Days, version=v5a-test/, testcase=normal, market=United States, aritemcode=26580, martial=Married, phone=9823746323, proto=https://hydraqa.unicity.net/, marketcode=US, maritaloption=Casado, ccname=CCNameTest}
Request URL: https://hydraqa.unicity.net/v5a-test/orders.js
Entry request : {"customer":{"mainAddress":{"city":"OREM","country":"US","state":"UT","zip":"84097","address1":"1209 N 800 E","address2":""},"humanName":{"firstName":"TestFirstName","lastName":"TestLastName"},"email":"TRDOBQ@gmail.com","preferredLocale":"es-US","password":{"value":"Unicity"},"gender":"female","maritalStatus":"Married","type":"PreferredCustomer","enroller":{"href":"https://hydraqa.unicity.net/v5a-test/customers?id.unicity=2"},"creditcardaliases":[{"methodDetails":{"creditCardNumber":"4111111111111111","payer":"TestFirstName TestLastName","creditCardExpires":"2020-10"},"billToName":{"firstName":"TestFirstName","lastName":"TestLastName"},"billToAddress":{"address1":"1209 N 800 E","address2":"","city":"OREM","state":"UT","zip":"84097","country":"US"}}],"sponsor":{"href":"https://hydraqa.unicity.net/v5a-test/customers?id.unicity=2"},"homePhone":"9823746323","autoorders":{"items":[{"recurrence":{"schedule":{"month":"*","dayOfMonth":"5"},"status":"Enabled"},"lines":{"items":[{"item":{"href":"https://hydraqa.unicity.net/v5a-test/items?id.unicity=26580"},"quantity":1}]},"shipToName":{"firstName":"TestFirstName","lastName":"TestLastName"},"shipToPhone":"9823746323","shipToEmail":"TRDOBQ@gmail.com","shipToAddress":{"city":"OREM","country":"US","state":"UT","address1":"1209 N 800 E","address2":"","zip":"84097"},"shippingMethod":{"href":"https://hydraqa.unicity.net/v5a-test/shippingmethods?type=2Days"},"transactions":{"items":[{"amount":"this.terms.total","type":"AuthorizeAndCapture","method":"CreditCardAlias","methodDetails":{"alias":"this.customer.creditcardaliases[0].alias"}}]}}]},"rights":[]},"lines":{"items":[{"item":{"href":"https://hydraqa.unicity.net/v5a-test/items?id.unicity=32030"},"quantity":1}]},"shipToName":{"firstName":"TestFirstName","lastName":"TestLastName"},"shipToPhone":"9823746323","shipToEmail":"TRDOBQ@gmail.com","shipToAddress":{"city":"OREM","country":"US","state":"UT","address1":"1209 N 800 E","address2":"","zip":"84097"},"shippingMethod":{"href":"https://hydraqa.unicity.net/v5a-test/shippingmethods?type=2Days"},"notes":"","transactions":{"items":[{"amount":"this.terms.total","type":"AuthorizeAndCapture","method":"CreditCard","methodDetails":{"creditCardNumber":"4111111111111111","payer":"CCNameTest","creditCardExpires":"2020-10","creditCardSecurityCode":"123"},"billToAddress":{"address1":"1209 N 800 E","address2":"","city":"OREM","state":"UT","zip":"84097","country":"US"}},{"type":"AuthorizeAndCapture","method":"Coupon","methodDetails":{"code":"Fre3Aut0Sh!p"}}]}}
Entry response : {"meta":{"Link":"<http:\/\/unicity.github.io\/Hydra.php\/docs\/v5\/>; rel=\"help\"","X-Request-UUID":"0ada625b-1fe6-42b4-85a0-c61fca40616e","X-Request-Release":"5-2020010701\/master","Cache-Control":"no-cache, must-revalidate","Expires":"0","X-Powered-By":"Luracast Restler v3.0.0rc5","Content-Type":"text\/javascript; charset=utf-8","Content-Language":"en","X-Status-Code":"201"},"data":{"market":"US","lines":{"items":[{"quantity":1,"item":{"href":"https:\/\/hydraqa.unicity.net\/v5a-test\/items?id.unicity=32030","id":{"unicity":"32030"}}}]},"shipToAddress":{"country":"US","state":"UT","city":"OREM","zip":"84097","address1":"1209 N 800 E","address2":""},"shipToName":{"firstName":"TestFirstName","lastName":"TestLastName"},"shipToEmail":"TRDOBQ@gmail.com","shipToPhone":"9823746323","shipToTime":"","source":null,"type":null,"notes":"","transactions":{"items":[{"amount":200.69,"billToAddress":{"address1":"1209 N 800 E","address2":"","city":"OREM","state":"UT","zip":"84097","country":"US"},"billToEmail":null,"type":"AuthorizeAndCapture","method":"CreditCard","installments":null,"methodDetails":{"creditCardNumber":"411111xxxxxx1111","payer":"CCNameTest","payerId":null,"creditCardExpires":"2020-10","creditCardSecurityCode":"123"}}]},"terms":{"discount":{"amount":0},"pretotal":200.69,"tax":{"amount":6.47},"freight":{"amount":15.22},"subtotal":179,"taxableTotal":194.22,"total":200.69,"pv":102},"shippingMethod":{"href":"https:\/\/hydraqa.unicity.net\/v5a-test\/shippingmethods?type=2Days","location":"","type":"2Days"},"currency":"USD","dateCreated":"2020-01-07T18:02:54-07:00","customer":{"humanName":{"firstName":"TestFirstName","lastName":"TestLastName"},"mainAddress":{"city":"OREM","country":"US","state":"UT","zip":"84097","address1":"1209 N 800 E","address2":""},"type":"PreferredCustomer","email":"TRDOBQ@gmail.com","gender":"female","password":{"value":"Unicity"},"enroller":{"href":"https:\/\/hydraqa.unicity.net\/v5a-test\/customers\/f0cbfab7062ed827a4e700264e473f1d","id":{"unicity":2},"humanName":{"fullName":"Program, Referral"},"email":"danw@infotraxsys.com"},"sponsor":{"href":"https:\/\/hydraqa.unicity.net\/v5a-test\/customers\/f0cbfab7062ed827a4e700264e473f1d","id":{"unicity":2},"humanName":{"fullName":"Program, Referral"},"email":"danw@infotraxsys.com"},"homePhone":"9823746323","preferredLocale":"es-US","maritalStatus":"Married","autoorders":{"items":[{"id":{"unicity":"63392"}}]},"rights":[],"status":"Active","id":{"unicity":"8106008"},"href":"https:\/\/hydraqa.unicity.net\/v5a-test\/customers\/5f46626bbc71b3a757ae9eeab788df93","token":"9420d4cf-ed7c-4a1d-a0ae-55b1f55c83d1"},"added_transactions":{"items":[]},"taxedAs":"goods","id":{"unicity":"1629663"},"href":"https:\/\/hydraqa.unicity.net\/v5a-test\/orders\/92ff307ea296a15ad274e3714ee9544c"}}
Headers-->keep-alive
Headers-->2520
Headers-->application/json, text/plain, */*
Headers-->http://enroll.ng.unicityqa.com
Headers-->es-US
]]></system-out>
    <system-err><![CDATA[Starting ChromeDriver 2.36.540470 (e522d04694c7ebea4ba8821272dbef4f9b818c91) on port 36477
Only local connections are allowed.
Jan 07, 2020 5:59:30 PM org.openqa.selenium.remote.ProtocolHandshake createSession
INFO: Detected dialect: OSS
]]></system-err>
  </testcase>
  <testcase name="GetFit" classname="Tests.Fit" time="120.751"/>
  <testcase name="GetFit" classname="Tests.Fit" time="116.007">
    <failure message="Account Type is Displaying expected [GetFit21 Coach] but found [GF21 Entrenador]" type="java.lang.AssertionError">java.lang.AssertionError: Account Type is Displaying expected [GetFit21 Coach] but found [GF21 Entrenador]
	at Tests.Fit.GetFit(Fit.java:70)
</failure>
    <system-out><![CDATA[Start----US-es
Request URL: https://hydraqa.unicity.net/v5a-test/customers.js?callback=angular.callbacks._1&expand=customer,profilePicture&id.unicity=36554001
Request URL: https://hydraqa.unicity.net/v5a-test/addresses?country=US&zip=84097
Entry response : {"items":[{"city":"Orem","state":"UT"}]}
No Pop UP
]]></system-out>
    <system-err><![CDATA[Starting ChromeDriver 2.36.540470 (e522d04694c7ebea4ba8821272dbef4f9b818c91) on port 48029
Only local connections are allowed.
Jan 07, 2020 6:05:42 PM org.openqa.selenium.remote.ProtocolHandshake createSession
INFO: Detected dialect: OSS
]]></system-err>
  </testcase>
  <testcase name="GetFit" classname="Tests.Fit" time="103.936">
    <failure message="no such element: Unable to locate element: {&quot;method&quot;:&quot;xpath&quot;,&quot;selector&quot;:&quot;//span[contains(@ng-model, &apos;fax&apos;)]&quot;}&#10;  (Session info: chrome=79.0.3945.88)&#10;  (Driver info: chromedriver=2.36.540470 (e522d04694c7ebea4ba8821272dbef4f9b818c91),platform=Windows NT 6.3.9600 x86_64) (WARNING: The server did not provide any stacktrace information)&#10;Command duration or timeout: 0 milliseconds&#10;For documentation on this error, please visit: http://seleniumhq.org/exceptions/no_such_element.html&#10;Build info: version: &apos;3.8.1&apos;, revision: &apos;6e95a6684b&apos;, time: &apos;2017-12-01T18:33:54.468Z&apos;&#10;System info: host: &apos;QASERVER01&apos;, ip: &apos;10.2.0.23&apos;, os.name: &apos;Windows Server 2012 R2&apos;, os.arch: &apos;amd64&apos;, os.version: &apos;6.3&apos;, java.version: &apos;1.8.0_111&apos;&#10;Driver info: org.openqa.selenium.chrome.ChromeDriver&#10;Capabilities {acceptInsecureCerts: false, acceptSslCerts: false, applicationCacheEnabled: false, browserConnectionEnabled: false, browserName: chrome, chrome: {chromedriverVersion: 2.36.540470 (e522d04694c7eb..., userDataDir: C:\Users\sumancb\AppData\Lo...}, cssSelectorsEnabled: true, databaseEnabled: false, handlesAlerts: true, hasTouchScreen: false, javascriptEnabled: true, locationContextEnabled: true, mobileEmulationEnabled: false, nativeEvents: true, networkConnectionEnabled: false, pageLoadStrategy: normal, platform: XP, platformName: XP, rotatable: false, setWindowRect: true, takesHeapSnapshot: true, takesScreenshot: true, unexpectedAlertBehaviour: , unhandledPromptBehavior: , version: 79.0.3945.88, webStorageEnabled: true}&#10;Session ID: b4304f415086b698987d21987de06fbb&#10;*** Element info: {Using=xpath, value=//span[contains(@ng-model, &apos;fax&apos;)]}" type="org.openqa.selenium.NoSuchElementException">org.openqa.selenium.NoSuchElementException: 
no such element: Unable to locate element: {"method":"xpath","selector":"//span[contains(@ng-model, 'fax')]"}
  (Session info: chrome=79.0.3945.88)
  (Driver info: chromedriver=2.36.540470 (e522d04694c7ebea4ba8821272dbef4f9b818c91),platform=Windows NT 6.3.9600 x86_64) (WARNING: The server did not provide any stacktrace information)
Command duration or timeout: 0 milliseconds
For documentation on this error, please visit: http://seleniumhq.org/exceptions/no_such_element.html
Build info: version: '3.8.1', revision: '6e95a6684b', time: '2017-12-01T18:33:54.468Z'
System info: host: 'QASERVER01', ip: '10.2.0.23', os.name: 'Windows Server 2012 R2', os.arch: 'amd64', os.version: '6.3', java.version: '1.8.0_111'
Driver info: org.openqa.selenium.chrome.ChromeDriver
Capabilities {acceptInsecureCerts: false, acceptSslCerts: false, applicationCacheEnabled: false, browserConnectionEnabled: false, browserName: chrome, chrome: {chromedriverVersion: 2.36.540470 (e522d04694c7eb..., userDataDir: C:\Users\sumancb\AppData\Lo...}, cssSelectorsEnabled: true, databaseEnabled: false, handlesAlerts: true, hasTouchScreen: false, javascriptEnabled: true, locationContextEnabled: true, mobileEmulationEnabled: false, nativeEvents: true, networkConnectionEnabled: false, pageLoadStrategy: normal, platform: XP, platformName: XP, rotatable: false, setWindowRect: true, takesHeapSnapshot: true, takesScreenshot: true, unexpectedAlertBehaviour: , unhandledPromptBehavior: , version: 79.0.3945.88, webStorageEnabled: true}
Session ID: b4304f415086b698987d21987de06fbb
*** Element info: {Using=xpath, value=//span[contains(@ng-model, 'fax')]}
	at Tests.Fit.GetFit(Fit.java:70)
</failure>
    <system-out><![CDATA[Start----CA-en
Request URL: https://hydraqa.unicity.net/v5a-test/customers.js?callback=angular.callbacks._1&expand=customer,profilePicture&id.unicity=36554001
Request URL: https://hydraqa.unicity.net/v5a-test/addresses?country=CA&zip=B4V2K4
Entry response : {"items":[{"city":"Bridgewater","state":"NS"}]}
]]></system-out>
    <system-err><![CDATA[Starting ChromeDriver 2.36.540470 (e522d04694c7ebea4ba8821272dbef4f9b818c91) on port 43140
Only local connections are allowed.
Jan 07, 2020 6:07:45 PM org.openqa.selenium.remote.ProtocolHandshake createSession
INFO: Detected dialect: OSS
]]></system-err>
  </testcase>
  <testcase name="GetFit" classname="Tests.Fit" time="104.438">
    <failure message="no such element: Unable to locate element: {&quot;method&quot;:&quot;xpath&quot;,&quot;selector&quot;:&quot;//span[contains(@ng-model, &apos;fax&apos;)]&quot;}&#10;  (Session info: chrome=79.0.3945.88)&#10;  (Driver info: chromedriver=2.36.540470 (e522d04694c7ebea4ba8821272dbef4f9b818c91),platform=Windows NT 6.3.9600 x86_64) (WARNING: The server did not provide any stacktrace information)&#10;Command duration or timeout: 0 milliseconds&#10;For documentation on this error, please visit: http://seleniumhq.org/exceptions/no_such_element.html&#10;Build info: version: &apos;3.8.1&apos;, revision: &apos;6e95a6684b&apos;, time: &apos;2017-12-01T18:33:54.468Z&apos;&#10;System info: host: &apos;QASERVER01&apos;, ip: &apos;10.2.0.23&apos;, os.name: &apos;Windows Server 2012 R2&apos;, os.arch: &apos;amd64&apos;, os.version: &apos;6.3&apos;, java.version: &apos;1.8.0_111&apos;&#10;Driver info: org.openqa.selenium.chrome.ChromeDriver&#10;Capabilities {acceptInsecureCerts: false, acceptSslCerts: false, applicationCacheEnabled: false, browserConnectionEnabled: false, browserName: chrome, chrome: {chromedriverVersion: 2.36.540470 (e522d04694c7eb..., userDataDir: C:\Users\sumancb\AppData\Lo...}, cssSelectorsEnabled: true, databaseEnabled: false, handlesAlerts: true, hasTouchScreen: false, javascriptEnabled: true, locationContextEnabled: true, mobileEmulationEnabled: false, nativeEvents: true, networkConnectionEnabled: false, pageLoadStrategy: normal, platform: XP, platformName: XP, rotatable: false, setWindowRect: true, takesHeapSnapshot: true, takesScreenshot: true, unexpectedAlertBehaviour: , unhandledPromptBehavior: , version: 79.0.3945.88, webStorageEnabled: true}&#10;Session ID: a14d682c833f559a105c58e6af1224a6&#10;*** Element info: {Using=xpath, value=//span[contains(@ng-model, &apos;fax&apos;)]}" type="org.openqa.selenium.NoSuchElementException">org.openqa.selenium.NoSuchElementException: 
no such element: Unable to locate element: {"method":"xpath","selector":"//span[contains(@ng-model, 'fax')]"}
  (Session info: chrome=79.0.3945.88)
  (Driver info: chromedriver=2.36.540470 (e522d04694c7ebea4ba8821272dbef4f9b818c91),platform=Windows NT 6.3.9600 x86_64) (WARNING: The server did not provide any stacktrace information)
Command duration or timeout: 0 milliseconds
For documentation on this error, please visit: http://seleniumhq.org/exceptions/no_such_element.html
Build info: version: '3.8.1', revision: '6e95a6684b', time: '2017-12-01T18:33:54.468Z'
System info: host: 'QASERVER01', ip: '10.2.0.23', os.name: 'Windows Server 2012 R2', os.arch: 'amd64', os.version: '6.3', java.version: '1.8.0_111'
Driver info: org.openqa.selenium.chrome.ChromeDriver
Capabilities {acceptInsecureCerts: false, acceptSslCerts: false, applicationCacheEnabled: false, browserConnectionEnabled: false, browserName: chrome, chrome: {chromedriverVersion: 2.36.540470 (e522d04694c7eb..., userDataDir: C:\Users\sumancb\AppData\Lo...}, cssSelectorsEnabled: true, databaseEnabled: false, handlesAlerts: true, hasTouchScreen: false, javascriptEnabled: true, locationContextEnabled: true, mobileEmulationEnabled: false, nativeEvents: true, networkConnectionEnabled: false, pageLoadStrategy: normal, platform: XP, platformName: XP, rotatable: false, setWindowRect: true, takesHeapSnapshot: true, takesScreenshot: true, unexpectedAlertBehaviour: , unhandledPromptBehavior: , version: 79.0.3945.88, webStorageEnabled: true}
Session ID: a14d682c833f559a105c58e6af1224a6
*** Element info: {Using=xpath, value=//span[contains(@ng-model, 'fax')]}
	at Tests.Fit.GetFit(Fit.java:70)
</failure>
    <system-out><![CDATA[Start----CA-fr
Request URL: https://hydraqa.unicity.net/v5a-test/customers.js?callback=angular.callbacks._1&expand=customer,profilePicture&id.unicity=36554001
Request URL: https://hydraqa.unicity.net/v5a-test/addresses?country=CA&zip=B4V2K4
Entry response : {"items":[{"city":"Bridgewater","state":"NS"}]}
]]></system-out>
    <system-err><![CDATA[Starting ChromeDriver 2.36.540470 (e522d04694c7ebea4ba8821272dbef4f9b818c91) on port 18995
Only local connections are allowed.
Jan 07, 2020 6:09:35 PM org.openqa.selenium.remote.ProtocolHandshake createSession
INFO: Detected dialect: OSS
]]></system-err>
  </testcase>
  <testcase name="GetFit" classname="Tests.Fit" time="138.743">
    <failure message="no such element: Unable to locate element: {&quot;method&quot;:&quot;xpath&quot;,&quot;selector&quot;:&quot;//span[contains(@ng-model, &apos;fax&apos;)]&quot;}&#10;  (Session info: chrome=79.0.3945.88)&#10;  (Driver info: chromedriver=2.36.540470 (e522d04694c7ebea4ba8821272dbef4f9b818c91),platform=Windows NT 6.3.9600 x86_64) (WARNING: The server did not provide any stacktrace information)&#10;Command duration or timeout: 0 milliseconds&#10;For documentation on this error, please visit: http://seleniumhq.org/exceptions/no_such_element.html&#10;Build info: version: &apos;3.8.1&apos;, revision: &apos;6e95a6684b&apos;, time: &apos;2017-12-01T18:33:54.468Z&apos;&#10;System info: host: &apos;QASERVER01&apos;, ip: &apos;10.2.0.23&apos;, os.name: &apos;Windows Server 2012 R2&apos;, os.arch: &apos;amd64&apos;, os.version: &apos;6.3&apos;, java.version: &apos;1.8.0_111&apos;&#10;Driver info: org.openqa.selenium.chrome.ChromeDriver&#10;Capabilities {acceptInsecureCerts: false, acceptSslCerts: false, applicationCacheEnabled: false, browserConnectionEnabled: false, browserName: chrome, chrome: {chromedriverVersion: 2.36.540470 (e522d04694c7eb..., userDataDir: C:\Users\sumancb\AppData\Lo...}, cssSelectorsEnabled: true, databaseEnabled: false, handlesAlerts: true, hasTouchScreen: false, javascriptEnabled: true, locationContextEnabled: true, mobileEmulationEnabled: false, nativeEvents: true, networkConnectionEnabled: false, pageLoadStrategy: normal, platform: XP, platformName: XP, rotatable: false, setWindowRect: true, takesHeapSnapshot: true, takesScreenshot: true, unexpectedAlertBehaviour: , unhandledPromptBehavior: , version: 79.0.3945.88, webStorageEnabled: true}&#10;Session ID: 398af6a683fc40633b34a1ffaa54f622&#10;*** Element info: {Using=xpath, value=//span[contains(@ng-model, &apos;fax&apos;)]}" type="org.openqa.selenium.NoSuchElementException">org.openqa.selenium.NoSuchElementException: 
no such element: Unable to locate element: {"method":"xpath","selector":"//span[contains(@ng-model, 'fax')]"}
  (Session info: chrome=79.0.3945.88)
  (Driver info: chromedriver=2.36.540470 (e522d04694c7ebea4ba8821272dbef4f9b818c91),platform=Windows NT 6.3.9600 x86_64) (WARNING: The server did not provide any stacktrace information)
Command duration or timeout: 0 milliseconds
For documentation on this error, please visit: http://seleniumhq.org/exceptions/no_such_element.html
Build info: version: '3.8.1', revision: '6e95a6684b', time: '2017-12-01T18:33:54.468Z'
System info: host: 'QASERVER01', ip: '10.2.0.23', os.name: 'Windows Server 2012 R2', os.arch: 'amd64', os.version: '6.3', java.version: '1.8.0_111'
Driver info: org.openqa.selenium.chrome.ChromeDriver
Capabilities {acceptInsecureCerts: false, acceptSslCerts: false, applicationCacheEnabled: false, browserConnectionEnabled: false, browserName: chrome, chrome: {chromedriverVersion: 2.36.540470 (e522d04694c7eb..., userDataDir: C:\Users\sumancb\AppData\Lo...}, cssSelectorsEnabled: true, databaseEnabled: false, handlesAlerts: true, hasTouchScreen: false, javascriptEnabled: true, locationContextEnabled: true, mobileEmulationEnabled: false, nativeEvents: true, networkConnectionEnabled: false, pageLoadStrategy: normal, platform: XP, platformName: XP, rotatable: false, setWindowRect: true, takesHeapSnapshot: true, takesScreenshot: true, unexpectedAlertBehaviour: , unhandledPromptBehavior: , version: 79.0.3945.88, webStorageEnabled: true}
Session ID: 398af6a683fc40633b34a1ffaa54f622
*** Element info: {Using=xpath, value=//span[contains(@ng-model, 'fax')]}
	at Tests.Fit.GetFit(Fit.java:70)
</failure>
    <system-out><![CDATA[Start----US-en
Request URL: https://hydraqa.unicity.net/v5a-test/customers.js?callback=angular.callbacks._1&expand=customer,profilePicture&id.unicity=36554001
Request URL: https://hydraqa.unicity.net/v5a-test/addresses?country=US&zip=33024
Entry response : {"items":[{"city":"Pembroke Pines","state":"FL"}]}
No Pop UP
]]></system-out>
    <system-err><![CDATA[Starting ChromeDriver 2.36.540470 (e522d04694c7ebea4ba8821272dbef4f9b818c91) on port 35549
Only local connections are allowed.
Jan 07, 2020 6:11:27 PM org.openqa.selenium.remote.ProtocolHandshake createSession
INFO: Detected dialect: OSS
]]></system-err>
  </testcase>
  <testcase name="Patient" classname="Tests.PatientPortal" time="234.622">
    <failure message="Major AR Pack href expected [https://hydraqa.unicity.net/v5a-test/items?id.unicity=26561] but found []" type="java.lang.AssertionError">java.lang.AssertionError: Major AR Pack href expected [https://hydraqa.unicity.net/v5a-test/items?id.unicity=26561] but found []
	at Tests.PatientPortal.Patient(PatientPortal.java:66)
</failure>
    <system-out><![CDATA[Request URL: https://hydraqa.unicity.net/v5a-test/quotes?&expand=item
Entry Quotes response : {"items":[{"currency":"USD","lines":{"items":[{"item":{"href":"https:\/\/hydraqa.unicity.net\/v5a-test\/items\/9a7715e888c94989d898fe4653645721","id":{"unicity":"26550"}},"terms":{"priceEach":"99.0000","pvEach":"52.0000"},"quantity":1}]}},{"currency":"USD","lines":{"items":[{"item":{"href":"https:\/\/hydraqa.unicity.net\/v5a-test\/items\/80a898d805f759925797847a176bf62f","id":{"unicity":"26551"}},"terms":{"priceEach":"99.0000","pvEach":"52.0000"},"quantity":1}]}},{"currency":"USD","lines":{"items":[{"item":{"href":"https:\/\/hydraqa.unicity.net\/v5a-test\/items\/0d38f7ee31f3710be877245655d18e8c","id":{"unicity":"22888"}},"terms":{"priceEach":"91.0000","pvEach":"50.0000"},"quantity":1}]}},{"currency":"USD","lines":{"items":[{"item":{"href":"https:\/\/hydraqa.unicity.net\/v5a-test\/items\/390a7ae70d5669561ecdf7d5cff2671b","id":{"unicity":"15271"}},"terms":{"priceEach":"89.0000","pvEach":"27.0000"},"quantity":1}]}},{"currency":"USD","lines":{"items":[{"item":{"href":"https:\/\/hydraqa.unicity.net\/v5a-test\/items\/933f0856fd8ec1df83c5283dabf4ec3c","id":{"unicity":"6200"}},"terms":{"priceEach":"86.0000","pvEach":"47.0000"},"quantity":1}]}},{"currency":"USD","lines":{"items":[{"item":{"href":"https:\/\/hydraqa.unicity.net\/v5a-test\/items\/0cf62d38e91953b43dcfe88b06f813cb","id":{"unicity":"26557"}},"terms":{"priceEach":"99.0000","pvEach":"61.0000"},"quantity":1}]}},{"currency":"USD","lines":{"items":[{"item":{"href":"https:\/\/hydraqa.unicity.net\/v5a-test\/items\/3af97c67f653253825a9189a27da57d6","id":{"unicity":"26556"}},"terms":{"priceEach":"99.0000","pvEach":"61.0000"},"quantity":1}]}},{"currency":"USD","lines":{"items":[{"item":{"href":"https:\/\/hydraqa.unicity.net\/v5a-test\/items\/9a6e1d094182389c3da8e0a320ff0e00","id":{"unicity":"27585"}},"terms":{"priceEach":"69.0000","pvEach":"33.0000"},"quantity":1}]}},{"currency":"USD","lines":{"items":[{"item":{"href":"https:\/\/hydraqa.unicity.net\/v5a-test\/items\/25eaf64b36ce31368f17ae789fd9ac5b","id":{"unicity":"29694"}},"terms":{"priceEach":"69.0000","pvEach":"33.0000"},"quantity":1}]}},{"currency":"USD","lines":{"items":[{"item":{"href":"https:\/\/hydraqa.unicity.net\/v5a-test\/items\/112b8c39286598b3730f630f371a45f4","id":{"unicity":"27587"}},"terms":{"priceEach":"69.0000","pvEach":"33.0000"},"quantity":1}]}},{"currency":"USD","lines":{"items":[{"item":{"href":"https:\/\/hydraqa.unicity.net\/v5a-test\/items\/1945faa1776541d53120ecfe3c1d8a2b","id":{"unicity":"24418"}},"terms":{"priceEach":"7.0000","pvEach":"0.0000"},"quantity":1}]}},{"currency":"USD","lines":{"items":[{"item":{"href":"https:\/\/hydraqa.unicity.net\/v5a-test\/items\/0a3ede185ddf034630afd891c5106d33","id":{"unicity":"26562"}},"terms":{"priceEach":"42.0000","pvEach":"25.0000"},"quantity":1}]}},{"currency":"USD","lines":{"items":[{"item":{"href":"https:\/\/hydraqa.unicity.net\/v5a-test\/items\/aa0d72ac13b1ce88cf8c4a52ede75a37","id":{"unicity":"26552"}},"terms":{"priceEach":"89.0000","pvEach":"50.0000"},"quantity":1}]}},{"currency":"USD","lines":{"items":[{"item":{"href":"https:\/\/hydraqa.unicity.net\/v5a-test\/items\/5c6f1a39257b63482d454789e4d2035c","id":{"unicity":"26553"}},"terms":{"priceEach":"89.0000","pvEach":"50.0000"},"quantity":1}]}},{"currency":"USD","lines":{"items":[{"item":{"href":"https:\/\/hydraqa.unicity.net\/v5a-test\/items\/8d994059c399f5551ab112574e4476fc","id":{"unicity":"24785"}},"terms":{"priceEach":"18.0000","pvEach":"9.0000"},"quantity":1}]}},{"currency":"USD","lines":{"items":[{"item":{"href":"https:\/\/hydraqa.unicity.net\/v5a-test\/items\/38da42f991a40a00153b2e5055b82dbf","id":{"unicity":"27801"}},"terms":{"priceEach":"225.0000","pvEach":"130.0000"},"quantity":1}]}},{"currency":"USD","lines":{"items":[{"item":{"href":"https:\/\/hydraqa.unicity.net\/v5a-test\/items\/051e765a5a71835a859c2757edd359f0","id":{"unicity":"26580"}},"terms":{"priceEach":"225.0000","pvEach":"130.0000"},"quantity":1}]}},{"currency":"USD","lines":{"items":[{"item":{"href":"https:\/\/hydraqa.unicity.net\/v5a-test\/items\/8c21f026bb6a32624e0c80475bf8efb0","id":{"unicity":"25880"}},"terms":{"priceEach":"43.0000","pvEach":"23.0000"},"quantity":1}]}},{"currency":"USD","lines":{"items":[{"item":{"href":"https:\/\/hydraqa.unicity.net\/v5a-test\/items\/e218d1cac5f31e7ae4f5876c29c57377","id":{"unicity":"29017"}},"terms":{"priceEach":"48.0000","pvEach":"26.0000"},"quantity":1}]}},{"currency":"USD","lines":{"items":[{"item":{"href":"https:\/\/hydraqa.unicity.net\/v5a-test\/items\/b127a2d34d3d73e2f53e4c2002a7a4a2","id":{"unicity":"25008"}},"terms":{"priceEach":"23.0000","pvEach":"15.0000"},"quantity":1}]}},{"currency":"USD","lines":{"items":[{"item":{"href":"https:\/\/hydraqa.unicity.net\/v5a-test\/items\/dcdf1b79b8b6f644100ffc20fdca4683","id":{"unicity":"27835"}},"terms":{"priceEach":"1891.5000","pvEach":"1000.0000"},"quantity":1}]}},{"currency":"USD","lines":{"items":[{"item":{"href":"https:\/\/hydraqa.unicity.net\/v5a-test\/items\/efe7d99f2b77ea614d624d371afa4244","id":{"unicity":"25543"}},"terms":{"priceEach":"1891.5000","pvEach":"1000.0000"},"quantity":1}]}},{"currency":"USD","lines":{"items":[{"item":{"href":"https:\/\/hydraqa.unicity.net\/v5a-test\/items\/19fa616d76c947f5586d58e1b5e8b4ee","id":{"unicity":"27837"}},"terms":{"priceEach":"1891.5000","pvEach":"1000.0000"},"quantity":1}]}},{"currency":"USD","lines":{"items":[{"item":{"href":"https:\/\/hydraqa.unicity.net\/v5a-test\/items\/2da06ecf761a87f5619997496b83b745","id":{"unicity":"27831"}},"terms":{"priceEach":"1891.5000","pvEach":"1000.0000"},"quantity":1}]}},{"currency":"USD","lines":{"items":[{"item":{"href":"https:\/\/hydraqa.unicity.net\/v5a-test\/items\/1ab3a5a9b55fdf3618d21bf1d528afe4","id":{"unicity":"25542"}},"terms":{"priceEach":"1891.5000","pvEach":"1000.0000"},"quantity":1}]}},{"currency":"USD","lines":{"items":[{"item":{"href":"https:\/\/hydraqa.unicity.net\/v5a-test\/items\/52f0d3751a2d8f3f3670328e8157de5e","id":{"unicity":"27833"}},"terms":{"priceEach":"1891.5000","pvEach":"1000.0000"},"quantity":1}]}},{"currency":"USD","lines":{"items":[{"item":{"href":"https:\/\/hydraqa.unicity.net\/v5a-test\/items\/1535f370eb06bf30117fa28aa9ab1179","id":{"unicity":"25544"}},"terms":{"priceEach":"1891.5000","pvEach":"1000.0000"},"quantity":1}]}},{"currency":"USD","lines":{"items":[{"item":{"href":"https:\/\/hydraqa.unicity.net\/v5a-test\/items\/87f09080f7a29929816891acef721667","id":{"unicity":"25545"}},"terms":{"priceEach":"1891.5000","pvEach":"1000.0000"},"quantity":1}]}},{"currency":"USD","lines":{"items":[{"item":{"href":"https:\/\/hydraqa.unicity.net\/v5a-test\/items\/cda534d686af5d627c94c4bb2c4b57d8","id":{"unicity":"26561"}},"terms":{"priceEach":"21.0000","pvEach":"11.0000"},"quantity":1}]}},{"currency":"USD","lines":{"items":[{"item":{"href":"https:\/\/hydraqa.unicity.net\/v5a-test\/items\/10da226fab00279b4f89df10af2a10b7","id":{"unicity":"26442"}},"terms":{"priceEach":"8.0000","pvEach":"0.0000"},"quantity":1}]}}]}
Entry request : {"order":{"customer":{"href":"https://hydraqa.unicity.net/v5a-test/customers?type=PreferredCustomer"},"shipToAddress":{"country":"US"}},"vary":{"lines":{"items":[{"item":{"href":"https://hydraqa.unicity.net/v5a-test/items?id.unicity=25542|25544|27835|25543|25545|27831|27833|27837|26580|27801|15271|26550|26556|26557|26561|26562|24418|22888|27585|25008|26442|26551|6200|15916|18908|24785|26552|26553|27587|29017|25880|29694"}}]}}}
Request URL: https://hydraqa.unicity.net/v5a-test/customers.js?_httpMethod=HEAD&callback=angular.callbacks._1&email=QSALYG@gmail.com
Request URL: https://hydraqa.unicity.net/v5a-test/addresses?country=US&zip=33024
Entry response : {"items":[{"city":"Pembroke Pines","state":"FL"}]}
No Pop UP
{sponsor=2, gender=female, city=HOLLYWOOD, cartprice=99.0, enroller=2, arpack=Aloe Vera, language=English, locale=en, type=PreferredCustomer, platform=QA, lname=TestLastName, password=Unicity, genderoption=Female, Currency=USD, api=1, state=[FL], enrollerName=EnrollerTest, email=QSALYG@gmail.com, zip=33024, fname=TestFirstName, prefferd=United States, address1=4209 E STONECREEK CIR, shippingmethod=type=3Days, version=v5a-test/, testcase=PatientPortal, market=United States, aritemcode=26561, martial=Married, phone=9823746323, proto=https://hydraqa.unicity.net/, marketcode=US, maritaloption=Married, ccname=CCNameTest}
Request URL: https://hydraqa.unicity.net/v5a-test/orders.js
Entry request : {"customer":{"mainAddress":{"city":"HOLLYWOOD","country":"US","state":"FL","zip":"33024","address1":"4209 E STONECREEK CIR","address2":""},"humanName":{"firstName":"TestFirstName","lastName":"TestLastName"},"email":"QSALYG@gmail.com","preferredLocale":"en-US","password":{"value":"Unicity"},"gender":"female","maritalStatus":"Married","type":"PreferredCustomer","enroller":{"href":"https://hydraqa.unicity.net/v5a-test/customers?id.unicity=2"},"creditcardaliases":[{"methodDetails":{"creditCardNumber":"4111111111111111","payer":"TestFirstName TestLastName","creditCardExpires":"2020-10"},"billToName":{"firstName":"TestFirstName","lastName":"TestLastName"},"billToAddress":{"address1":"4209 E STONECREEK CIR","address2":"","city":"HOLLYWOOD","state":"FL","zip":"33024","country":"US"}}],"sponsor":{"href":"https://hydraqa.unicity.net/v5a-test/customers?id.unicity=2"},"homePhone":"9823746323","autoorders":{"items":[{"recurrence":{"schedule":{"month":"*","dayOfMonth":"5"},"status":"Enabled"},"lines":{"items":[{"item":{"href":"https://hydraqa.unicity.net/v5a-test/items?id.unicity=26561"},"quantity":1}]},"shipToName":{"firstName":"TestFirstName","lastName":"TestLastName"},"shipToPhone":"9823746323","shipToEmail":"QSALYG@gmail.com","shipToAddress":{"city":"HOLLYWOOD","country":"US","state":"FL","address1":"4209 E STONECREEK CIR","address2":"","zip":"33024"},"shippingMethod":{"href":"https://hydraqa.unicity.net/v5a-test/shippingmethods?type=3Days"},"transactions":{"items":[{"amount":"this.terms.total","type":"AuthorizeAndCapture","method":"CreditCardAlias","methodDetails":{"alias":"this.customer.creditcardaliases[0].alias"}}]}}]},"rights":[]},"lines":{"items":[{"item":{"href":"https://hydraqa.unicity.net/v5a-test/items?id.unicity=26550"},"quantity":1}]},"shipToName":{"firstName":"TestFirstName","lastName":"TestLastName"},"shipToPhone":"9823746323","shipToEmail":"QSALYG@gmail.com","shipToAddress":{"city":"HOLLYWOOD","country":"US","state":"FL","address1":"4209 E STONECREEK CIR","address2":"","zip":"33024"},"shippingMethod":{"href":"https://hydraqa.unicity.net/v5a-test/shippingmethods?type=3Days"},"notes":"","transactions":{"items":[{"amount":"this.terms.total","type":"AuthorizeAndCapture","method":"CreditCard","methodDetails":{"creditCardNumber":"4111111111111111","payer":"CCNameTest","creditCardExpires":"2020-10","creditCardSecurityCode":"123"},"billToAddress":{"address1":"4209 E STONECREEK CIR","address2":"","city":"HOLLYWOOD","state":"FL","zip":"33024","country":"US"}},{"type":"AuthorizeAndCapture","method":"Coupon","methodDetails":{"code":"Fre3Aut0Sh!p"}}]}}
Entry response : {"meta":{"Link":"<http:\/\/unicity.github.io\/Hydra.php\/docs\/v5\/>; rel=\"help\"","X-Request-UUID":"405cc39d-db0b-440f-b32f-ee1bd76f391d","X-Request-Release":"5-2020010702\/master","Cache-Control":"no-cache, must-revalidate","Expires":"0","X-Powered-By":"Luracast Restler v3.0.0rc5","Content-Type":"text\/javascript; charset=utf-8","Content-Language":"en-US","X-Status-Code":"201"},"data":{"market":"US","lines":{"items":[{"quantity":1,"item":{"href":"https:\/\/hydraqa.unicity.net\/v5a-test\/items?id.unicity=26550","id":{"unicity":"26550"}}}]},"shipToAddress":{"country":"US","state":"FL","city":"HOLLYWOOD","zip":"33024","address1":"4209 E STONECREEK CIR","address2":""},"shipToName":{"firstName":"TestFirstName","lastName":"TestLastName"},"shipToEmail":"QSALYG@gmail.com","shipToPhone":"9823746323","shipToTime":"","source":null,"type":null,"notes":"","transactions":{"items":[{"amount":112.86,"billToAddress":{"address1":"4209 E STONECREEK CIR","address2":"","city":"HOLLYWOOD","state":"FL","zip":"33024","country":"US"},"billToEmail":null,"type":"AuthorizeAndCapture","method":"CreditCard","installments":null,"methodDetails":{"creditCardNumber":"411111xxxxxx1111","payer":"CCNameTest","payerId":null,"creditCardExpires":"2020-10","creditCardSecurityCode":"123"}}]},"terms":{"discount":{"amount":0},"pretotal":112.86,"tax":{"amount":0.91},"freight":{"amount":12.95},"subtotal":99,"taxableTotal":111.95,"total":112.86,"pv":52},"shippingMethod":{"href":"https:\/\/hydraqa.unicity.net\/v5a-test\/shippingmethods?type=3Days","location":"","type":"3Days"},"currency":"USD","dateCreated":"2020-01-07T18:17:21-07:00","customer":{"humanName":{"firstName":"TestFirstName","lastName":"TestLastName"},"mainAddress":{"city":"HOLLYWOOD","country":"US","state":"FL","zip":"33024","address1":"4209 E STONECREEK CIR","address2":""},"type":"PreferredCustomer","email":"QSALYG@gmail.com","gender":"female","password":{"value":"Unicity"},"enroller":{"href":"https:\/\/hydraqa.unicity.net\/v5a-test\/customers\/f0cbfab7062ed827a4e700264e473f1d","id":{"unicity":2},"humanName":{"fullName":"Program, Referral"},"email":"danw@infotraxsys.com"},"sponsor":{"href":"https:\/\/hydraqa.unicity.net\/v5a-test\/customers\/f0cbfab7062ed827a4e700264e473f1d","id":{"unicity":2},"humanName":{"fullName":"Program, Referral"},"email":"danw@infotraxsys.com"},"homePhone":"9823746323","preferredLocale":"en-US","maritalStatus":"Married","autoorders":{"items":[{"id":{"unicity":"63393"}}]},"rights":[],"status":"Active","id":{"unicity":"8106108"},"href":"https:\/\/hydraqa.unicity.net\/v5a-test\/customers\/ab16bf794e9e409b3e52cac50fb05ae5","token":"38ecc840-ef9a-4424-ab45-6ae21ce045b8"},"added_transactions":{"items":[]},"taxedAs":"goods","id":{"unicity":"1629664"},"href":"https:\/\/hydraqa.unicity.net\/v5a-test\/orders\/46f2be37af38cd24ac7edb55f7ea7c65"}}
Headers-->keep-alive
Headers-->2590
Headers-->application/json, text/plain, */*
Headers-->http://enroll.ng.unicityqa.com
Headers-->en-US
]]></system-out>
    <system-err><![CDATA[Starting ChromeDriver 2.36.540470 (e522d04694c7ebea4ba8821272dbef4f9b818c91) on port 33836
Only local connections are allowed.
Jan 07, 2020 6:13:54 PM org.openqa.selenium.remote.ProtocolHandshake createSession
INFO: Detected dialect: OSS
]]></system-err>
  </testcase>
  <testcase name="Patient" classname="Tests.PatientPortal" time="188.64">
    <failure message="Major AR Pack href expected [https://hydraqa.unicity.net/v5a-test/items?id.unicity=26561] but found []" type="java.lang.AssertionError">java.lang.AssertionError: Major AR Pack href expected [https://hydraqa.unicity.net/v5a-test/items?id.unicity=26561] but found []
	at Tests.PatientPortal.Patient(PatientPortal.java:66)
</failure>
    <system-out><![CDATA[Request URL: https://hydraqa.unicity.net/v5a-test/quotes?&expand=item
Entry Quotes response : {"items":[{"currency":"USD","lines":{"items":[{"item":{"href":"https:\/\/hydraqa.unicity.net\/v5a-test\/items\/9a7715e888c94989d898fe4653645721","id":{"unicity":"26550"}},"terms":{"priceEach":"99.0000","pvEach":"52.0000"},"quantity":1}]}},{"currency":"USD","lines":{"items":[{"item":{"href":"https:\/\/hydraqa.unicity.net\/v5a-test\/items\/80a898d805f759925797847a176bf62f","id":{"unicity":"26551"}},"terms":{"priceEach":"99.0000","pvEach":"52.0000"},"quantity":1}]}},{"currency":"USD","lines":{"items":[{"item":{"href":"https:\/\/hydraqa.unicity.net\/v5a-test\/items\/0d38f7ee31f3710be877245655d18e8c","id":{"unicity":"22888"}},"terms":{"priceEach":"91.0000","pvEach":"50.0000"},"quantity":1}]}},{"currency":"USD","lines":{"items":[{"item":{"href":"https:\/\/hydraqa.unicity.net\/v5a-test\/items\/390a7ae70d5669561ecdf7d5cff2671b","id":{"unicity":"15271"}},"terms":{"priceEach":"89.0000","pvEach":"27.0000"},"quantity":1}]}},{"currency":"USD","lines":{"items":[{"item":{"href":"https:\/\/hydraqa.unicity.net\/v5a-test\/items\/933f0856fd8ec1df83c5283dabf4ec3c","id":{"unicity":"6200"}},"terms":{"priceEach":"86.0000","pvEach":"47.0000"},"quantity":1}]}},{"currency":"USD","lines":{"items":[{"item":{"href":"https:\/\/hydraqa.unicity.net\/v5a-test\/items\/0cf62d38e91953b43dcfe88b06f813cb","id":{"unicity":"26557"}},"terms":{"priceEach":"99.0000","pvEach":"61.0000"},"quantity":1}]}},{"currency":"USD","lines":{"items":[{"item":{"href":"https:\/\/hydraqa.unicity.net\/v5a-test\/items\/3af97c67f653253825a9189a27da57d6","id":{"unicity":"26556"}},"terms":{"priceEach":"99.0000","pvEach":"61.0000"},"quantity":1}]}},{"currency":"USD","lines":{"items":[{"item":{"href":"https:\/\/hydraqa.unicity.net\/v5a-test\/items\/9a6e1d094182389c3da8e0a320ff0e00","id":{"unicity":"27585"}},"terms":{"priceEach":"69.0000","pvEach":"33.0000"},"quantity":1}]}},{"currency":"USD","lines":{"items":[{"item":{"href":"https:\/\/hydraqa.unicity.net\/v5a-test\/items\/25eaf64b36ce31368f17ae789fd9ac5b","id":{"unicity":"29694"}},"terms":{"priceEach":"69.0000","pvEach":"33.0000"},"quantity":1}]}},{"currency":"USD","lines":{"items":[{"item":{"href":"https:\/\/hydraqa.unicity.net\/v5a-test\/items\/112b8c39286598b3730f630f371a45f4","id":{"unicity":"27587"}},"terms":{"priceEach":"69.0000","pvEach":"33.0000"},"quantity":1}]}},{"currency":"USD","lines":{"items":[{"item":{"href":"https:\/\/hydraqa.unicity.net\/v5a-test\/items\/1945faa1776541d53120ecfe3c1d8a2b","id":{"unicity":"24418"}},"terms":{"priceEach":"7.0000","pvEach":"0.0000"},"quantity":1}]}},{"currency":"USD","lines":{"items":[{"item":{"href":"https:\/\/hydraqa.unicity.net\/v5a-test\/items\/0a3ede185ddf034630afd891c5106d33","id":{"unicity":"26562"}},"terms":{"priceEach":"42.0000","pvEach":"25.0000"},"quantity":1}]}},{"currency":"USD","lines":{"items":[{"item":{"href":"https:\/\/hydraqa.unicity.net\/v5a-test\/items\/aa0d72ac13b1ce88cf8c4a52ede75a37","id":{"unicity":"26552"}},"terms":{"priceEach":"89.0000","pvEach":"50.0000"},"quantity":1}]}},{"currency":"USD","lines":{"items":[{"item":{"href":"https:\/\/hydraqa.unicity.net\/v5a-test\/items\/5c6f1a39257b63482d454789e4d2035c","id":{"unicity":"26553"}},"terms":{"priceEach":"89.0000","pvEach":"50.0000"},"quantity":1}]}},{"currency":"USD","lines":{"items":[{"item":{"href":"https:\/\/hydraqa.unicity.net\/v5a-test\/items\/8d994059c399f5551ab112574e4476fc","id":{"unicity":"24785"}},"terms":{"priceEach":"18.0000","pvEach":"9.0000"},"quantity":1}]}},{"currency":"USD","lines":{"items":[{"item":{"href":"https:\/\/hydraqa.unicity.net\/v5a-test\/items\/38da42f991a40a00153b2e5055b82dbf","id":{"unicity":"27801"}},"terms":{"priceEach":"225.0000","pvEach":"130.0000"},"quantity":1}]}},{"currency":"USD","lines":{"items":[{"item":{"href":"https:\/\/hydraqa.unicity.net\/v5a-test\/items\/051e765a5a71835a859c2757edd359f0","id":{"unicity":"26580"}},"terms":{"priceEach":"225.0000","pvEach":"130.0000"},"quantity":1}]}},{"currency":"USD","lines":{"items":[{"item":{"href":"https:\/\/hydraqa.unicity.net\/v5a-test\/items\/8c21f026bb6a32624e0c80475bf8efb0","id":{"unicity":"25880"}},"terms":{"priceEach":"43.0000","pvEach":"23.0000"},"quantity":1}]}},{"currency":"USD","lines":{"items":[{"item":{"href":"https:\/\/hydraqa.unicity.net\/v5a-test\/items\/e218d1cac5f31e7ae4f5876c29c57377","id":{"unicity":"29017"}},"terms":{"priceEach":"48.0000","pvEach":"26.0000"},"quantity":1}]}},{"currency":"USD","lines":{"items":[{"item":{"href":"https:\/\/hydraqa.unicity.net\/v5a-test\/items\/b127a2d34d3d73e2f53e4c2002a7a4a2","id":{"unicity":"25008"}},"terms":{"priceEach":"23.0000","pvEach":"15.0000"},"quantity":1}]}},{"currency":"USD","lines":{"items":[{"item":{"href":"https:\/\/hydraqa.unicity.net\/v5a-test\/items\/dcdf1b79b8b6f644100ffc20fdca4683","id":{"unicity":"27835"}},"terms":{"priceEach":"1891.5000","pvEach":"1000.0000"},"quantity":1}]}},{"currency":"USD","lines":{"items":[{"item":{"href":"https:\/\/hydraqa.unicity.net\/v5a-test\/items\/efe7d99f2b77ea614d624d371afa4244","id":{"unicity":"25543"}},"terms":{"priceEach":"1891.5000","pvEach":"1000.0000"},"quantity":1}]}},{"currency":"USD","lines":{"items":[{"item":{"href":"https:\/\/hydraqa.unicity.net\/v5a-test\/items\/19fa616d76c947f5586d58e1b5e8b4ee","id":{"unicity":"27837"}},"terms":{"priceEach":"1891.5000","pvEach":"1000.0000"},"quantity":1}]}},{"currency":"USD","lines":{"items":[{"item":{"href":"https:\/\/hydraqa.unicity.net\/v5a-test\/items\/2da06ecf761a87f5619997496b83b745","id":{"unicity":"27831"}},"terms":{"priceEach":"1891.5000","pvEach":"1000.0000"},"quantity":1}]}},{"currency":"USD","lines":{"items":[{"item":{"href":"https:\/\/hydraqa.unicity.net\/v5a-test\/items\/1ab3a5a9b55fdf3618d21bf1d528afe4","id":{"unicity":"25542"}},"terms":{"priceEach":"1891.5000","pvEach":"1000.0000"},"quantity":1}]}},{"currency":"USD","lines":{"items":[{"item":{"href":"https:\/\/hydraqa.unicity.net\/v5a-test\/items\/52f0d3751a2d8f3f3670328e8157de5e","id":{"unicity":"27833"}},"terms":{"priceEach":"1891.5000","pvEach":"1000.0000"},"quantity":1}]}},{"currency":"USD","lines":{"items":[{"item":{"href":"https:\/\/hydraqa.unicity.net\/v5a-test\/items\/1535f370eb06bf30117fa28aa9ab1179","id":{"unicity":"25544"}},"terms":{"priceEach":"1891.5000","pvEach":"1000.0000"},"quantity":1}]}},{"currency":"USD","lines":{"items":[{"item":{"href":"https:\/\/hydraqa.unicity.net\/v5a-test\/items\/87f09080f7a29929816891acef721667","id":{"unicity":"25545"}},"terms":{"priceEach":"1891.5000","pvEach":"1000.0000"},"quantity":1}]}},{"currency":"USD","lines":{"items":[{"item":{"href":"https:\/\/hydraqa.unicity.net\/v5a-test\/items\/cda534d686af5d627c94c4bb2c4b57d8","id":{"unicity":"26561"}},"terms":{"priceEach":"21.0000","pvEach":"11.0000"},"quantity":1}]}},{"currency":"USD","lines":{"items":[{"item":{"href":"https:\/\/hydraqa.unicity.net\/v5a-test\/items\/10da226fab00279b4f89df10af2a10b7","id":{"unicity":"26442"}},"terms":{"priceEach":"8.0000","pvEach":"0.0000"},"quantity":1}]}}]}
Entry request : {"order":{"customer":{"href":"https://hydraqa.unicity.net/v5a-test/customers?type=PreferredCustomer"},"shipToAddress":{"country":"US"}},"vary":{"lines":{"items":[{"item":{"href":"https://hydraqa.unicity.net/v5a-test/items?id.unicity=25542|25544|27835|25543|25545|27831|27833|27837|26580|27801|15271|26550|26556|26557|26561|26562|24418|22888|27585|25008|26442|26551|6200|15916|18908|24785|26552|26553|27587|29017|25880|29694"}}]}}}
Request URL: https://hydraqa.unicity.net/v5a-test/customers.js?callback=angular.callbacks._1&expand=customer,profilePicture&id.unicity=36554001
Request URL: https://hydraqa.unicity.net/v5a-test/customers.js?_httpMethod=HEAD&callback=angular.callbacks._4&email=HICJYR@gmail.com
Request URL: https://hydraqa.unicity.net/v5a-test/addresses?country=US&zip=84097
Entry response : {"items":[{"city":"Orem","state":"UT"}]}
No Pop UP
{sponsor=36554001, gender=female, city=OREM, cartprice=1990.5, enroller=36554001, arpack=Aloe Vera, language=Español, locale=es, type=PreferredCustomer, platform=QA, lname=TestLastName, password=Unicity, genderoption=Femenino, Currency=USD, api=4, state=[UT], email=HICJYR@gmail.com, zip=84097, fname=TestFirstName, prefferd=United States, address1=1209 N 800 E, shippingmethod=type=Economy, version=v5a-test/, testcase=PatientPortal, market=United States, aritemcode=26561, martial=Married, phone=9823746323, proto=https://hydraqa.unicity.net/, marketcode=US, maritaloption=Casado, ccname=CCNameTest}
Request URL: https://hydraqa.unicity.net/v5a-test/orders.js
Entry request : {"customer":{"mainAddress":{"city":"OREM","country":"US","state":"UT","zip":"84097","address1":"1209 N 800 E","address2":""},"humanName":{"firstName":"TestFirstName","lastName":"TestLastName"},"email":"HICJYR@gmail.com","preferredLocale":"es-US","password":{"value":"Unicity"},"gender":"female","maritalStatus":"Married","type":"PreferredCustomer","creditcardaliases":[{"methodDetails":{"creditCardNumber":"4111111111111111","payer":"TestFirstName TestLastName","creditCardExpires":"2020-10"},"billToName":{"firstName":"TestFirstName","lastName":"TestLastName"},"billToAddress":{"address1":"1209 N 800 E","address2":"","city":"OREM","state":"UT","zip":"84097","country":"US"}}],"sponsor":{"href":"https://hydraqa.unicity.net/v5a-test/customers?id.unicity=36554001"},"enroller":{"href":"https://hydraqa.unicity.net/v5a-test/customers?id.unicity=36554001"},"homePhone":"9823746323","autoorders":{"items":[{"recurrence":{"schedule":{"month":"*","dayOfMonth":"5"},"status":"Enabled"},"lines":{"items":[{"item":{"href":"https://hydraqa.unicity.net/v5a-test/items?id.unicity=26561"},"quantity":1}]},"shipToName":{"firstName":"TestFirstName","lastName":"TestLastName"},"shipToPhone":"9823746323","shipToEmail":"HICJYR@gmail.com","shipToAddress":{"city":"OREM","country":"US","state":"UT","address1":"1209 N 800 E","address2":"","zip":"84097"},"shippingMethod":{"href":"https://hydraqa.unicity.net/v5a-test/shippingmethods?type=Economy"},"transactions":{"items":[{"amount":"this.terms.total","type":"AuthorizeAndCapture","method":"CreditCardAlias","methodDetails":{"alias":"this.customer.creditcardaliases[0].alias"}}]}}]},"rights":[]},"lines":{"items":[{"item":{"href":"https://hydraqa.unicity.net/v5a-test/items?id.unicity=25542"},"quantity":1},{"item":{"href":"https://hydraqa.unicity.net/v5a-test/items?id.unicity=26550"},"quantity":1}]},"shipToName":{"firstName":"TestFirstName","lastName":"TestLastName"},"shipToPhone":"9823746323","shipToEmail":"HICJYR@gmail.com","shipToAddress":{"city":"OREM","country":"US","state":"UT","address1":"1209 N 800 E","address2":"","zip":"84097"},"shippingMethod":{"href":"https://hydraqa.unicity.net/v5a-test/shippingmethods?type=Economy"},"notes":"","transactions":{"items":[{"amount":"this.terms.total","type":"AuthorizeAndCapture","method":"CreditCard","methodDetails":{"creditCardNumber":"4111111111111111","payer":"CCNameTest","creditCardExpires":"2020-10","creditCardSecurityCode":"123"},"billToAddress":{"address1":"1209 N 800 E","address2":"","city":"OREM","state":"UT","zip":"84097","country":"US"}},{"type":"AuthorizeAndCapture","method":"Coupon","methodDetails":{"code":"Fre3Aut0Sh!p"}}]}}
Entry response : {"meta":{"Link":"<http:\/\/unicity.github.io\/Hydra.php\/docs\/v5\/>; rel=\"help\"","X-Request-UUID":"87879ca3-1587-4fad-95ab-c03dbd92b2b0","X-Request-Release":"5-2020010702\/master","Cache-Control":"no-cache, must-revalidate","Expires":"0","X-Powered-By":"Luracast Restler v3.0.0rc5","Content-Type":"text\/javascript; charset=utf-8","Content-Language":"en","X-Status-Code":"201"},"data":{"market":"US","lines":{"items":[{"quantity":1,"item":{"href":"https:\/\/hydraqa.unicity.net\/v5a-test\/items?id.unicity=25542","id":{"unicity":"25542"}}},{"quantity":1,"item":{"href":"https:\/\/hydraqa.unicity.net\/v5a-test\/items?id.unicity=26550","id":{"unicity":"26550"}}}]},"shipToAddress":{"country":"US","state":"UT","city":"OREM","zip":"84097","address1":"1209 N 800 E","address2":""},"shipToName":{"firstName":"TestFirstName","lastName":"TestLastName"},"shipToEmail":"HICJYR@gmail.com","shipToPhone":"9823746323","shipToTime":"","source":null,"type":null,"notes":"","transactions":{"items":[{"amount":2021.77,"billToAddress":{"address1":"1209 N 800 E","address2":"","city":"OREM","state":"UT","zip":"84097","country":"US"},"billToEmail":null,"type":"AuthorizeAndCapture","method":"CreditCard","installments":null,"methodDetails":{"creditCardNumber":"411111xxxxxx1111","payer":"CCNameTest","payerId":null,"creditCardExpires":"2020-10","creditCardSecurityCode":"123"}}]},"terms":{"discount":{"amount":0},"pretotal":2021.77,"tax":{"amount":31.27},"freight":{"amount":0},"subtotal":1990.5,"taxableTotal":1990.5,"total":2021.77,"pv":1052},"shippingMethod":{"href":"https:\/\/hydraqa.unicity.net\/v5a-test\/shippingmethods?type=Economy","location":"","type":"Economy"},"currency":"USD","dateCreated":"2020-01-07T18:20:50-07:00","customer":{"humanName":{"firstName":"TestFirstName","lastName":"TestLastName"},"mainAddress":{"city":"OREM","country":"US","state":"UT","zip":"84097","address1":"1209 N 800 E","address2":""},"type":"PreferredCustomer","email":"HICJYR@gmail.com","gender":"female","password":{"value":"Unicity"},"enroller":{"href":"https:\/\/hydraqa.unicity.net\/v5a-test\/customers\/c8a0f511723643dd5ba719e2e99a32ba82ff3eda31cc639783863e5baba2dbdb","id":{"unicity":36554001},"humanName":{"fullName":"Kent, Clark"},"email":"peter.jacobsen@unicity.com"},"sponsor":{"href":"https:\/\/hydraqa.unicity.net\/v5a-test\/customers\/c8a0f511723643dd5ba719e2e99a32ba82ff3eda31cc639783863e5baba2dbdb","id":{"unicity":36554001},"humanName":{"fullName":"Kent, Clark"},"email":"peter.jacobsen@unicity.com"},"homePhone":"9823746323","preferredLocale":"es-US","maritalStatus":"Married","autoorders":{"items":[{"id":{"unicity":"63394"}}]},"rights":[],"status":"Active","id":{"unicity":"8106208"},"href":"https:\/\/hydraqa.unicity.net\/v5a-test\/customers\/f10f143286fa71ac0164fbda0d4e7196","token":"17e8169a-e150-4e98-bdaf-58e88d0ce453"},"added_transactions":{"items":[]},"taxedAs":"service","id":{"unicity":"1629665"},"href":"https:\/\/hydraqa.unicity.net\/v5a-test\/orders\/420016e148d6b820a056e6fa47e17a49"}}
Headers-->keep-alive
Headers-->2631
Headers-->application/json, text/plain, */*
Headers-->http://enroll.ng.unicityqa.com
Headers-->es-US
]]></system-out>
    <system-err><![CDATA[Starting ChromeDriver 2.36.540470 (e522d04694c7ebea4ba8821272dbef4f9b818c91) on port 40691
Only local connections are allowed.
Jan 07, 2020 6:17:55 PM org.openqa.selenium.remote.ProtocolHandshake createSession
INFO: Detected dialect: OSS
]]></system-err>
  </testcase>
  <testcase name="Patient" classname="Tests.PatientPortal" time="143.573">
    <failure message="Minor Summary Labels is Displaying expected [[Enrollment Summary, Enrollment Settings, About You, Your Shipping/Primary Address, Your Billing Address, Your Payment Information, Summary]] but found [[Credit Card Information, Billing Address, Shipping/Primary Address, Shipping Method, Summary]]" type="java.lang.AssertionError">java.lang.AssertionError: Minor Summary Labels is Displaying expected [[Enrollment Summary, Enrollment Settings, About You, Your Shipping/Primary Address, Your Billing Address, Your Payment Information, Summary]] but found [[Credit Card Information, Billing Address, Shipping/Primary Address, Shipping Method, Summary]]
	at Tests.PatientPortal.Patient(PatientPortal.java:66)
</failure>
    <system-out><![CDATA[Request URL: https://hydraqa.unicity.net/v5a-test/quotes?&expand=item
Entry Quotes response : {"items":[{"currency":"CAD","lines":{"items":[{"item":{"href":"https:\/\/hydraqa.unicity.net\/v5a-test\/items\/7dcb8a849a987dc38e872146cc3ee537","id":{"unicity":"27185"}},"terms":{"priceEach":"1995.0000","pvEach":"1000.0000"},"quantity":1}]}},{"currency":"CAD","lines":{"items":[{"item":{"href":"https:\/\/hydraqa.unicity.net\/v5a-test\/items\/dad64fe505c34e906dad58cc9d6b0213","id":{"unicity":"27183"}},"terms":{"priceEach":"1995.0000","pvEach":"1000.0000"},"quantity":1}]}},{"currency":"CAD","lines":{"items":[{"item":{"href":"https:\/\/hydraqa.unicity.net\/v5a-test\/items\/581848fdf2bd6cdafbedf9735f46eb17","id":{"unicity":"27182"}},"terms":{"priceEach":"1995.0000","pvEach":"1000.0000"},"quantity":1}]}},{"currency":"CAD","lines":{"items":[{"item":{"href":"https:\/\/hydraqa.unicity.net\/v5a-test\/items\/5e53a07a3c37f90fa4fbb21b19b06cac","id":{"unicity":"27184"}},"terms":{"priceEach":"1995.0000","pvEach":"1000.0000"},"quantity":1}]}},{"currency":"CAD","lines":{"items":[{"item":{"href":"https:\/\/hydraqa.unicity.net\/v5a-test\/items\/1945faa1776541d53120ecfe3c1d8a2b","id":{"unicity":"24418"}},"terms":{"priceEach":"6.0000","pvEach":"0.0000"},"quantity":1}]}},{"currency":"CAD","lines":{"items":[{"item":{"href":"https:\/\/hydraqa.unicity.net\/v5a-test\/items\/2ffc1563d3d0fd7121ca5b1c2184988e","id":{"unicity":"28428"}},"terms":{"priceEach":"108.0000","pvEach":"58.0000"},"quantity":1}]}},{"currency":"CAD","lines":{"items":[{"item":{"href":"https:\/\/hydraqa.unicity.net\/v5a-test\/items\/637af131553f5822bef2bb0f0577b2e9","id":{"unicity":"28160"}},"terms":{"priceEach":"115.0000","pvEach":"58.0000"},"quantity":1}]}},{"currency":"CAD","lines":{"items":[{"item":{"href":"https:\/\/hydraqa.unicity.net\/v5a-test\/items\/dd619e405d660b27ccf73ce78079e1d9","id":{"unicity":"28325"}},"terms":{"priceEach":"1995.0000","pvEach":"1000.0000"},"quantity":1}]}},{"currency":"CAD","lines":{"items":[{"item":{"href":"https:\/\/hydraqa.unicity.net\/v5a-test\/items\/1785a19a6bf5472c7c1ded08cb7fd083","id":{"unicity":"28326"}},"terms":{"priceEach":"1995.0000","pvEach":"1000.0000"},"quantity":1}]}},{"currency":"CAD","lines":{"items":[{"item":{"href":"https:\/\/hydraqa.unicity.net\/v5a-test\/items\/49ed55a5244d9db9d1c2bb3878c2bbca","id":{"unicity":"28332"}},"terms":{"priceEach":"267.0000","pvEach":"125.0000"},"quantity":1}]}},{"currency":"CAD","lines":{"items":[{"item":{"href":"https:\/\/hydraqa.unicity.net\/v5a-test\/items\/ddcf0342f92e04ba74188c2f32df425f","id":{"unicity":"26996"}},"terms":{"priceEach":"267.0000","pvEach":"125.0000"},"quantity":1}]}},{"currency":"CAD","lines":{"items":[{"item":{"href":"https:\/\/hydraqa.unicity.net\/v5a-test\/items\/4b1b6b6007d154296fd6c4044c789f67","id":{"unicity":"28329"}},"terms":{"priceEach":"267.0000","pvEach":"125.0000"},"quantity":1}]}},{"currency":"CAD","lines":{"items":[{"item":{"href":"https:\/\/hydraqa.unicity.net\/v5a-test\/items\/bb1a7c3a2902e2cbc4cb2a22fdf1f499","id":{"unicity":"26993"}},"terms":{"priceEach":"267.0000","pvEach":"125.0000"},"quantity":1}]}},{"currency":"CAD","lines":{"items":[{"item":{"href":"https:\/\/hydraqa.unicity.net\/v5a-test\/items\/8407b62b9c4120aa3dfe25c9feb76e4a","id":{"unicity":"28591"}},"terms":{"priceEach":"24.0000","pvEach":"15.0000"},"quantity":1}]}},{"currency":"CAD","lines":{"items":[{"item":{"href":"https:\/\/hydraqa.unicity.net\/v5a-test\/items\/c4744f6ba328b983bfffc7e1e4416ff3","id":{"unicity":"26565"}},"terms":{"priceEach":"114.0000","pvEach":"60.0000"},"quantity":1}]}},{"currency":"CAD","lines":{"items":[{"item":{"href":"https:\/\/hydraqa.unicity.net\/v5a-test\/items\/10da226fab00279b4f89df10af2a10b7","id":{"unicity":"26442"}},"terms":{"priceEach":"9.0000","pvEach":"0.0000"},"quantity":1}]}},{"currency":"CAD","lines":{"items":[{"item":{"href":"https:\/\/hydraqa.unicity.net\/v5a-test\/items\/576e0ebc8d1f5b26fc89bf3cd47a26c6","id":{"unicity":"26572"}},"terms":{"priceEach":"110.0000","pvEach":"56.0000"},"quantity":1}]}},{"currency":"CAD","lines":{"items":[{"item":{"href":"https:\/\/hydraqa.unicity.net\/v5a-test\/items\/60b5ca15c481444657970edde11b04ce","id":{"unicity":"26571"}},"terms":{"priceEach":"110.0000","pvEach":"56.0000"},"quantity":1}]}},{"currency":"CAD","lines":{"items":[{"item":{"href":"https:\/\/hydraqa.unicity.net\/v5a-test\/items\/e77144fa2fcf6a4dc73c15b4d615c1aa","id":{"unicity":"28437"}},"terms":{"priceEach":"85.0000","pvEach":"33.0000"},"quantity":1}]}},{"currency":"CAD","lines":{"items":[{"item":{"href":"https:\/\/hydraqa.unicity.net\/v5a-test\/items\/46ea1edabdcf18f49817c437346958eb","id":{"unicity":"29147"}},"terms":{"priceEach":"85.0000","pvEach":"33.0000"},"quantity":1}]}}]}
Entry request : {"order":{"customer":{"href":"https://hydraqa.unicity.net/v5a-test/customers?type=PreferredCustomer"},"shipToAddress":{"country":"CA"}},"vary":{"lines":{"items":[{"item":{"href":"https://hydraqa.unicity.net/v5a-test/items?id.unicity=27182|27183|27184|27185|28325|28326|28327|28328|26993|26995|26996|28329|28331|28332|24418|29147|28437|28591|26442|28370|26572|26571|28428|28160|26565"}}]}}}
Request URL: https://hydraqa.unicity.net/v5a-test/customers.js?callback=angular.callbacks._1&expand=customer,profilePicture&id.unicity=36554001
Request URL: https://hydraqa.unicity.net/v5a-test/customers.js?_httpMethod=HEAD&callback=angular.callbacks._4&email=BTNEVS@gmail.com
Request URL: https://hydraqa.unicity.net/v5a-test/addresses?country=CA&zip=B4V2K4
Entry response : {"items":[{"city":"Bridgewater","state":"NS"}]}
]]></system-out>
    <system-err><![CDATA[Starting ChromeDriver 2.36.540470 (e522d04694c7ebea4ba8821272dbef4f9b818c91) on port 22625
Only local connections are allowed.
Jan 07, 2020 6:21:11 PM org.openqa.selenium.remote.ProtocolHandshake createSession
INFO: Detected dialect: OSS
]]></system-err>
  </testcase>
  <testcase name="Patient" classname="Tests.PatientPortal" time="143.382">
    <failure message="Minor Summary Labels is Displaying expected [[Résumé d&apos;inscription, Paramètres d&apos;inscription, À Propos de Vous, Votre Adresse de livraison/Adresse principale, Votre Adresse de Facturation, Votre conditions de vente, Résumé]] but found [[des informations de carte de crédit, Votre Adresse de Facturation, Adresse de livraison/Adresse principale, méthode d&apos;expédition, Résumé]]" type="java.lang.AssertionError">java.lang.AssertionError: Minor Summary Labels is Displaying expected [[Résumé d'inscription, Paramètres d'inscription, À Propos de Vous, Votre Adresse de livraison/Adresse principale, Votre Adresse de Facturation, Votre conditions de vente, Résumé]] but found [[des informations de carte de crédit, Votre Adresse de Facturation, Adresse de livraison/Adresse principale, méthode d'expédition, Résumé]]
	at Tests.PatientPortal.Patient(PatientPortal.java:66)
</failure>
    <system-out><![CDATA[Request URL: https://hydraqa.unicity.net/v5a-test/quotes?&expand=item
Entry Quotes response : {"items":[{"currency":"CAD","lines":{"items":[{"item":{"href":"https:\/\/hydraqa.unicity.net\/v5a-test\/items\/7dcb8a849a987dc38e872146cc3ee537","id":{"unicity":"27185"}},"terms":{"priceEach":"1995.0000","pvEach":"1000.0000"},"quantity":1}]}},{"currency":"CAD","lines":{"items":[{"item":{"href":"https:\/\/hydraqa.unicity.net\/v5a-test\/items\/dad64fe505c34e906dad58cc9d6b0213","id":{"unicity":"27183"}},"terms":{"priceEach":"1995.0000","pvEach":"1000.0000"},"quantity":1}]}},{"currency":"CAD","lines":{"items":[{"item":{"href":"https:\/\/hydraqa.unicity.net\/v5a-test\/items\/581848fdf2bd6cdafbedf9735f46eb17","id":{"unicity":"27182"}},"terms":{"priceEach":"1995.0000","pvEach":"1000.0000"},"quantity":1}]}},{"currency":"CAD","lines":{"items":[{"item":{"href":"https:\/\/hydraqa.unicity.net\/v5a-test\/items\/5e53a07a3c37f90fa4fbb21b19b06cac","id":{"unicity":"27184"}},"terms":{"priceEach":"1995.0000","pvEach":"1000.0000"},"quantity":1}]}},{"currency":"CAD","lines":{"items":[{"item":{"href":"https:\/\/hydraqa.unicity.net\/v5a-test\/items\/1945faa1776541d53120ecfe3c1d8a2b","id":{"unicity":"24418"}},"terms":{"priceEach":"6.0000","pvEach":"0.0000"},"quantity":1}]}},{"currency":"CAD","lines":{"items":[{"item":{"href":"https:\/\/hydraqa.unicity.net\/v5a-test\/items\/2ffc1563d3d0fd7121ca5b1c2184988e","id":{"unicity":"28428"}},"terms":{"priceEach":"108.0000","pvEach":"58.0000"},"quantity":1}]}},{"currency":"CAD","lines":{"items":[{"item":{"href":"https:\/\/hydraqa.unicity.net\/v5a-test\/items\/637af131553f5822bef2bb0f0577b2e9","id":{"unicity":"28160"}},"terms":{"priceEach":"115.0000","pvEach":"58.0000"},"quantity":1}]}},{"currency":"CAD","lines":{"items":[{"item":{"href":"https:\/\/hydraqa.unicity.net\/v5a-test\/items\/dd619e405d660b27ccf73ce78079e1d9","id":{"unicity":"28325"}},"terms":{"priceEach":"1995.0000","pvEach":"1000.0000"},"quantity":1}]}},{"currency":"CAD","lines":{"items":[{"item":{"href":"https:\/\/hydraqa.unicity.net\/v5a-test\/items\/1785a19a6bf5472c7c1ded08cb7fd083","id":{"unicity":"28326"}},"terms":{"priceEach":"1995.0000","pvEach":"1000.0000"},"quantity":1}]}},{"currency":"CAD","lines":{"items":[{"item":{"href":"https:\/\/hydraqa.unicity.net\/v5a-test\/items\/49ed55a5244d9db9d1c2bb3878c2bbca","id":{"unicity":"28332"}},"terms":{"priceEach":"267.0000","pvEach":"125.0000"},"quantity":1}]}},{"currency":"CAD","lines":{"items":[{"item":{"href":"https:\/\/hydraqa.unicity.net\/v5a-test\/items\/ddcf0342f92e04ba74188c2f32df425f","id":{"unicity":"26996"}},"terms":{"priceEach":"267.0000","pvEach":"125.0000"},"quantity":1}]}},{"currency":"CAD","lines":{"items":[{"item":{"href":"https:\/\/hydraqa.unicity.net\/v5a-test\/items\/4b1b6b6007d154296fd6c4044c789f67","id":{"unicity":"28329"}},"terms":{"priceEach":"267.0000","pvEach":"125.0000"},"quantity":1}]}},{"currency":"CAD","lines":{"items":[{"item":{"href":"https:\/\/hydraqa.unicity.net\/v5a-test\/items\/bb1a7c3a2902e2cbc4cb2a22fdf1f499","id":{"unicity":"26993"}},"terms":{"priceEach":"267.0000","pvEach":"125.0000"},"quantity":1}]}},{"currency":"CAD","lines":{"items":[{"item":{"href":"https:\/\/hydraqa.unicity.net\/v5a-test\/items\/8407b62b9c4120aa3dfe25c9feb76e4a","id":{"unicity":"28591"}},"terms":{"priceEach":"24.0000","pvEach":"15.0000"},"quantity":1}]}},{"currency":"CAD","lines":{"items":[{"item":{"href":"https:\/\/hydraqa.unicity.net\/v5a-test\/items\/c4744f6ba328b983bfffc7e1e4416ff3","id":{"unicity":"26565"}},"terms":{"priceEach":"114.0000","pvEach":"60.0000"},"quantity":1}]}},{"currency":"CAD","lines":{"items":[{"item":{"href":"https:\/\/hydraqa.unicity.net\/v5a-test\/items\/10da226fab00279b4f89df10af2a10b7","id":{"unicity":"26442"}},"terms":{"priceEach":"9.0000","pvEach":"0.0000"},"quantity":1}]}},{"currency":"CAD","lines":{"items":[{"item":{"href":"https:\/\/hydraqa.unicity.net\/v5a-test\/items\/576e0ebc8d1f5b26fc89bf3cd47a26c6","id":{"unicity":"26572"}},"terms":{"priceEach":"110.0000","pvEach":"56.0000"},"quantity":1}]}},{"currency":"CAD","lines":{"items":[{"item":{"href":"https:\/\/hydraqa.unicity.net\/v5a-test\/items\/60b5ca15c481444657970edde11b04ce","id":{"unicity":"26571"}},"terms":{"priceEach":"110.0000","pvEach":"56.0000"},"quantity":1}]}},{"currency":"CAD","lines":{"items":[{"item":{"href":"https:\/\/hydraqa.unicity.net\/v5a-test\/items\/e77144fa2fcf6a4dc73c15b4d615c1aa","id":{"unicity":"28437"}},"terms":{"priceEach":"85.0000","pvEach":"33.0000"},"quantity":1}]}},{"currency":"CAD","lines":{"items":[{"item":{"href":"https:\/\/hydraqa.unicity.net\/v5a-test\/items\/46ea1edabdcf18f49817c437346958eb","id":{"unicity":"29147"}},"terms":{"priceEach":"85.0000","pvEach":"33.0000"},"quantity":1}]}}]}
Entry request : {"order":{"customer":{"href":"https://hydraqa.unicity.net/v5a-test/customers?type=PreferredCustomer"},"shipToAddress":{"country":"CA"}},"vary":{"lines":{"items":[{"item":{"href":"https://hydraqa.unicity.net/v5a-test/items?id.unicity=27182|27183|27184|27185|28325|28326|28327|28328|26993|26995|26996|28329|28331|28332|24418|29147|28437|28591|26442|28370|26572|26571|28428|28160|26565"}}]}}}
Request URL: https://hydraqa.unicity.net/v5a-test/customers.js?callback=angular.callbacks._1&expand=customer,profilePicture&id.unicity=36554001
Request URL: https://hydraqa.unicity.net/v5a-test/customers.js?_httpMethod=HEAD&callback=angular.callbacks._4&email=MZDPSM@gmail.com
Request URL: https://hydraqa.unicity.net/v5a-test/addresses?country=CA&zip=B4V2K4
Entry response : {"items":[{"city":"Bridgewater","state":"NS"}]}
]]></system-out>
    <system-err><![CDATA[Starting ChromeDriver 2.36.540470 (e522d04694c7ebea4ba8821272dbef4f9b818c91) on port 39347
Only local connections are allowed.
Jan 07, 2020 6:23:42 PM org.openqa.selenium.remote.ProtocolHandshake createSession
INFO: Detected dialect: OSS
]]></system-err>
  </testcase>
  <testcase name="PassReferralID" classname="Tests.HealthCareProducts" time="226.202">
    <failure message="Major AR Pack href expected [https://hydraqa.unicity.net/v5a-test/items?id.unicity=22888] but found []" type="java.lang.AssertionError">java.lang.AssertionError: Major AR Pack href expected [https://hydraqa.unicity.net/v5a-test/items?id.unicity=22888] but found []
	at Tests.HealthCareProducts.PassReferralID(HealthCareProducts.java:68)
</failure>
    <system-out><![CDATA[Request URL: https://hydraqa.unicity.net/v5a-test/quotes?&expand=item
Entry Quotes response : {"items":[{"currency":"USD","lines":{"items":[{"item":{"href":"https:\/\/hydraqa.unicity.net\/v5a-test\/items\/0d38f7ee31f3710be877245655d18e8c","id":{"unicity":"22888"}},"terms":{"priceEach":"74.0000","pvEach":"50.0000"},"quantity":1}]}},{"currency":"USD","lines":{"items":[{"item":{"href":"https:\/\/hydraqa.unicity.net\/v5a-test\/items\/9a6e1d094182389c3da8e0a320ff0e00","id":{"unicity":"27585"}},"terms":{"priceEach":"56.0000","pvEach":"33.0000"},"quantity":1}]}},{"currency":"USD","lines":{"items":[{"item":{"href":"https:\/\/hydraqa.unicity.net\/v5a-test\/items\/25eaf64b36ce31368f17ae789fd9ac5b","id":{"unicity":"29694"}},"terms":{"priceEach":"56.0000","pvEach":"33.0000"},"quantity":1}]}},{"currency":"USD","lines":{"items":[{"item":{"href":"https:\/\/hydraqa.unicity.net\/v5a-test\/items\/1945faa1776541d53120ecfe3c1d8a2b","id":{"unicity":"24418"}},"terms":{"priceEach":"5.0000","pvEach":"0.0000"},"quantity":1}]}},{"currency":"USD","lines":{"items":[{"item":{"href":"https:\/\/hydraqa.unicity.net\/v5a-test\/items\/e218d1cac5f31e7ae4f5876c29c57377","id":{"unicity":"29017"}},"terms":{"priceEach":"37.0000","pvEach":"26.0000"},"quantity":1}]}},{"currency":"USD","lines":{"items":[{"item":{"href":"https:\/\/hydraqa.unicity.net\/v5a-test\/items\/b127a2d34d3d73e2f53e4c2002a7a4a2","id":{"unicity":"25008"}},"terms":{"priceEach":"18.0000","pvEach":"15.0000"},"quantity":1}]}}]}
Entry request : {"order":{"customer":{"href":"https://hydraqa.unicity.net/v5a-test/customers?type=Associate"},"shipToAddress":{"country":"US"}},"vary":{"lines":{"items":[{"item":{"href":"https://hydraqa.unicity.net/v5a-test/items?id.unicity=27228|27227|27226|24418|22888|27585|25008|29017|29694"}}]}}}
Request URL: https://hydraqa.unicity.net/v5a-test/customers.js?_httpMethod=HEAD&callback=angular.callbacks._1&email=KIZOGP@gmail.com
Request URL: https://hydraqa.unicity.net/v5a-test/addresses?country=US&zip=33024
Entry response : {"items":[{"city":"Pembroke Pines","state":"FL"}]}
No Pop UP
{sponsor=2, gender=male, city=HOLLYWOOD, signature=TestSignature, cartprice=56.0, enroller=2, sponsorName=SponsorTest, responsedob=1990-11-14, arpack=Bios Life C™ (Packets), language=English, locale=en, type=Associate, coapplicanttype=Spouse, platform=QA, lname=TestLastName, password=Unicity, genderoption=Male, Currency=USD, api=1, state=[FL], enrollerName=EnrollerTest, email=KIZOGP@gmail.com, coapplicant=TestSpouseName, zip=33024, fname=TestFirstName, prefferd=United States, address1=4209 E STONECREEK, shippingmethod=type=2Days, version=v5a-test/, testcase=hcp, market=United States, aritemcode=22888, martial=Single, phone=9823746323, dob=11/14/1990, govid=321593509, proto=https://hydraqa.unicity.net/, marketcode=US, maritaloption=Single, ccname=CCNameTest}
Request URL: https://hydraqa.unicity.net/v5a-test/orders.js
Entry request : {"customer":{"mainAddress":{"city":"HOLLYWOOD","country":"US","state":"FL","zip":"33024","address1":"4209 E STONECREEK","address2":""},"humanName":{"firstName":"TestFirstName","lastName":"TestLastName"},"email":"KIZOGP@gmail.com","preferredLocale":"en-US","password":{"value":"Unicity"},"gender":"male","maritalStatus":"Single","type":"Associate","enroller":{"href":"https://hydraqa.unicity.net/v5a-test/customers?id.unicity=2"},"sponsor":{"href":"https://hydraqa.unicity.net/v5a-test/customers?id.unicity=2"},"creditcardaliases":[{"methodDetails":{"creditCardNumber":"4111111111111111","payer":"TestFirstName TestLastName","creditCardExpires":"2020-10"},"billToName":{"firstName":"TestFirstName","lastName":"TestLastName"},"billToAddress":{"address1":"4209 E STONECREEK","address2":"","city":"HOLLYWOOD","state":"FL","zip":"33024","country":"US"}}],"homePhone":"9823746323","birthDate":"1990-11-14","autoorders":{"items":[{"recurrence":{"schedule":{"month":"*","dayOfMonth":"5"},"status":"Enabled"},"lines":{"items":[{"item":{"href":"https://hydraqa.unicity.net/v5a-test/items?id.unicity=22888"},"quantity":1}]},"shipToName":{"firstName":"TestFirstName","lastName":"TestLastName"},"shipToPhone":"9823746323","shipToEmail":"KIZOGP@gmail.com","shipToAddress":{"city":"HOLLYWOOD","country":"US","state":"FL","address1":"4209 E STONECREEK","address2":"","zip":"33024"},"shippingMethod":{"href":"https://hydraqa.unicity.net/v5a-test/shippingmethods?type=2Days"},"transactions":{"items":[{"amount":"this.terms.total","type":"AuthorizeAndCapture","method":"CreditCardAlias","methodDetails":{"alias":"this.customer.creditcardaliases[0].alias"}}]}}]},"coapplicant":{"type":"Spouse","details":{"humanName":{"firstName":"TestSpouseName","lastName":""}}},"rights":[],"signature":{"value":"TestSignature"},"taxTerms":{"taxId":"321593509","taxIdExpires":"2025-12-30"}},"lines":{"items":[{"item":{"href":"https://hydraqa.unicity.net/v5a-test/items?id.unicity=27585"},"quantity":1}]},"shipToName":{"firstName":"TestFirstName","lastName":"TestLastName"},"shipToPhone":"9823746323","shipToEmail":"KIZOGP@gmail.com","shipToAddress":{"city":"HOLLYWOOD","country":"US","state":"FL","address1":"4209 E STONECREEK","address2":"","zip":"33024"},"shippingMethod":{"href":"https://hydraqa.unicity.net/v5a-test/shippingmethods?type=2Days"},"notes":"","transactions":{"items":[{"amount":"this.terms.total","type":"AuthorizeAndCapture","method":"CreditCard","methodDetails":{"creditCardNumber":"4111111111111111","payer":"CCNameTest","creditCardExpires":"2020-10","creditCardSecurityCode":"123"},"billToAddress":{"address1":"4209 E STONECREEK","address2":"","city":"HOLLYWOOD","state":"FL","zip":"33024","country":"US"}},{"type":"AuthorizeAndCapture","method":"Coupon","methodDetails":{"code":"Fre3Aut0Sh!p"}}]}}
Entry response : {"meta":{"Link":"<http:\/\/unicity.github.io\/Hydra.php\/docs\/v5\/>; rel=\"help\"","X-Request-UUID":"cf000aca-c782-4b9e-94d8-10fc4802ee93","X-Request-Release":"5-2020010702\/master","Cache-Control":"no-cache, must-revalidate","Expires":"0","X-Powered-By":"Luracast Restler v3.0.0rc5","Content-Type":"text\/javascript; charset=utf-8","Content-Language":"en-US","X-Status-Code":"201"},"data":{"market":"US","lines":{"items":[{"quantity":1,"item":{"href":"https:\/\/hydraqa.unicity.net\/v5a-test\/items?id.unicity=27585","id":{"unicity":"27585"}}}]},"shipToAddress":{"country":"US","state":"FL","city":"HOLLYWOOD","zip":"33024","address1":"4209 E STONECREEK","address2":""},"shipToName":{"firstName":"TestFirstName","lastName":"TestLastName"},"shipToEmail":"KIZOGP@gmail.com","shipToPhone":"9823746323","shipToTime":"","source":null,"type":null,"notes":"","transactions":{"items":[{"amount":72,"billToAddress":{"address1":"4209 E STONECREEK","address2":"","city":"HOLLYWOOD","state":"FL","zip":"33024","country":"US"},"billToEmail":null,"type":"AuthorizeAndCapture","method":"CreditCard","installments":null,"methodDetails":{"creditCardNumber":"411111xxxxxx1111","payer":"CCNameTest","payerId":null,"creditCardExpires":"2020-10","creditCardSecurityCode":"123"}}]},"terms":{"discount":{"amount":0},"pretotal":72,"tax":{"amount":1.05},"freight":{"amount":14.95},"subtotal":56,"taxableTotal":70.95,"total":72,"pv":33},"shippingMethod":{"href":"https:\/\/hydraqa.unicity.net\/v5a-test\/shippingmethods?type=2Days","location":"","type":"2Days"},"currency":"USD","dateCreated":"2020-01-07T18:29:34-07:00","customer":{"humanName":{"firstName":"TestFirstName","lastName":"TestLastName"},"mainAddress":{"city":"HOLLYWOOD","country":"US","state":"FL","zip":"33024","address1":"4209 E STONECREEK","address2":""},"type":"Associate","email":"KIZOGP@gmail.com","taxTerms":{"exemption":null,"taxId":"321593509","taxIdExpires":"2025-12-30"},"signature":{"value":"TestSignature"},"gender":"male","password":{"value":"Unicity"},"enroller":{"href":"https:\/\/hydraqa.unicity.net\/v5a-test\/customers\/f0cbfab7062ed827a4e700264e473f1d","id":{"unicity":2},"humanName":{"fullName":"Program, Referral"},"email":"danw@infotraxsys.com"},"sponsor":{"href":"https:\/\/hydraqa.unicity.net\/v5a-test\/customers\/f0cbfab7062ed827a4e700264e473f1d","id":{"unicity":2},"humanName":{"fullName":"Program, Referral"},"email":"danw@infotraxsys.com"},"birthDate":"1990-11-14","homePhone":"9823746323","preferredLocale":"en-US","maritalStatus":"Single","coapplicant":{"details":{"humanName":{"firstName":"TestSpouseName","lastName":""}},"type":"Spouse"},"autoorders":{"items":[{"id":{"unicity":"63395"}}]},"rights":[],"status":"Active","id":{"unicity":"8106308"},"href":"https:\/\/hydraqa.unicity.net\/v5a-test\/customers\/2e596a5cc1f9e645aaf13e30d9fe5dc8","token":"21f5df67-f50d-4ba9-9e76-6b2f5be5c35d"},"added_transactions":{"items":[]},"taxedAs":"goods","id":{"unicity":"1629666"},"href":"https:\/\/hydraqa.unicity.net\/v5a-test\/orders\/9323dbe14d4b1976ebda116a197fe780"}}
Headers-->keep-alive
Headers-->2784
Headers-->application/json, text/plain, */*
Headers-->http://enroll.ng.unicityqa.com
Headers-->en-US
]]></system-out>
    <system-err><![CDATA[Starting ChromeDriver 2.36.540470 (e522d04694c7ebea4ba8821272dbef4f9b818c91) on port 46169
Only local connections are allowed.
Jan 07, 2020 6:26:14 PM org.openqa.selenium.remote.ProtocolHandshake createSession
INFO: Detected dialect: OSS
]]></system-err>
  </testcase>
  <testcase name="PassReferralID" classname="Tests.HealthCareProducts" time="193.993">
    <failure message="Major AR Pack href expected [https://hydraqa.unicity.net/v5a-test/items?id.unicity=22888] but found []" type="java.lang.AssertionError">java.lang.AssertionError: Major AR Pack href expected [https://hydraqa.unicity.net/v5a-test/items?id.unicity=22888] but found []
	at Tests.HealthCareProducts.PassReferralID(HealthCareProducts.java:68)
</failure>
    <system-out><![CDATA[Request URL: https://hydraqa.unicity.net/v5a-test/quotes?&expand=item
Entry Quotes response : {"items":[{"currency":"USD","lines":{"items":[{"item":{"href":"https:\/\/hydraqa.unicity.net\/v5a-test\/items\/0d38f7ee31f3710be877245655d18e8c","id":{"unicity":"22888"}},"terms":{"priceEach":"74.0000","pvEach":"50.0000"},"quantity":1}]}},{"currency":"USD","lines":{"items":[{"item":{"href":"https:\/\/hydraqa.unicity.net\/v5a-test\/items\/9a6e1d094182389c3da8e0a320ff0e00","id":{"unicity":"27585"}},"terms":{"priceEach":"56.0000","pvEach":"33.0000"},"quantity":1}]}},{"currency":"USD","lines":{"items":[{"item":{"href":"https:\/\/hydraqa.unicity.net\/v5a-test\/items\/25eaf64b36ce31368f17ae789fd9ac5b","id":{"unicity":"29694"}},"terms":{"priceEach":"56.0000","pvEach":"33.0000"},"quantity":1}]}},{"currency":"USD","lines":{"items":[{"item":{"href":"https:\/\/hydraqa.unicity.net\/v5a-test\/items\/1945faa1776541d53120ecfe3c1d8a2b","id":{"unicity":"24418"}},"terms":{"priceEach":"5.0000","pvEach":"0.0000"},"quantity":1}]}},{"currency":"USD","lines":{"items":[{"item":{"href":"https:\/\/hydraqa.unicity.net\/v5a-test\/items\/e218d1cac5f31e7ae4f5876c29c57377","id":{"unicity":"29017"}},"terms":{"priceEach":"37.0000","pvEach":"26.0000"},"quantity":1}]}},{"currency":"USD","lines":{"items":[{"item":{"href":"https:\/\/hydraqa.unicity.net\/v5a-test\/items\/b127a2d34d3d73e2f53e4c2002a7a4a2","id":{"unicity":"25008"}},"terms":{"priceEach":"18.0000","pvEach":"15.0000"},"quantity":1}]}}]}
Entry request : {"order":{"customer":{"href":"https://hydraqa.unicity.net/v5a-test/customers?type=Associate"},"shipToAddress":{"country":"US"}},"vary":{"lines":{"items":[{"item":{"href":"https://hydraqa.unicity.net/v5a-test/items?id.unicity=27228|27227|27226|24418|22888|27585|25008|29017|29694"}}]}}}
Request URL: https://hydraqa.unicity.net/v5a-test/customers.js?callback=angular.callbacks._1&expand=customer,profilePicture&id.unicity=36554001
Request URL: https://hydraqa.unicity.net/v5a-test/customers.js?_httpMethod=HEAD&callback=angular.callbacks._7&email=MVLYDV@gmail.com
Request URL: https://hydraqa.unicity.net/v5a-test/shippingmethods.js?callback=angular.callbacks._a&destination=US&market=US
Request URL: https://hydraqa.unicity.net/v5a-test/addresses?country=US&zip=84097
Entry response : {"items":[{"city":"Orem","state":"UT"}]}
No Pop UP
{sponsor=36554001, gender=female, city=OREM, signature=TestSignature, cartprice=56.0, enroller=36554001, responsedob=1997-11-20, arpack=Bios Life C™ (Packets), language=Español, locale=es, type=Associate, coapplicanttype=Spouse, platform=QA, lname=TestLastName, password=Unicity, genderoption=Femenino, Currency=USD, api=7, state=[UT], email=MVLYDV@gmail.com, coapplicant=TestSpouseName, zip=84097, fname=TestFirstName, prefferd=United States, address1=1209 N 800 E, shippingmethod=type=Economy, version=v5a-test/, testcase=hcp, market=United States, aritemcode=22888, martial=Single, phone=9823746323, dob=11/20/1997, govid=986116458, proto=https://hydraqa.unicity.net/, marketcode=US, maritaloption=Soltero, ccname=CCNameTest}
Request URL: https://hydraqa.unicity.net/v5a-test/orders.js
Entry request : {"customer":{"mainAddress":{"city":"OREM","country":"US","state":"UT","zip":"84097","address1":"1209 N 800 E","address2":""},"humanName":{"firstName":"TestFirstName","lastName":"TestLastName"},"email":"MVLYDV@gmail.com","preferredLocale":"es-US","password":{"value":"Unicity"},"gender":"female","maritalStatus":"Single","type":"Associate","creditcardaliases":[{"methodDetails":{"creditCardNumber":"4111111111111111","payer":"TestFirstName TestLastName","creditCardExpires":"2020-10"},"billToName":{"firstName":"TestFirstName","lastName":"TestLastName"},"billToAddress":{"address1":"1209 N 800 E","address2":"","city":"OREM","state":"UT","zip":"84097","country":"US"}}],"sponsor":{"href":"https://hydraqa.unicity.net/v5a-test/customers?id.unicity=36554001"},"enroller":{"href":"https://hydraqa.unicity.net/v5a-test/customers?id.unicity=36554001"},"homePhone":"9823746323","birthDate":"1997-11-20","autoorders":{"items":[{"recurrence":{"schedule":{"month":"*","dayOfMonth":"5"},"status":"Enabled"},"lines":{"items":[{"item":{"href":"https://hydraqa.unicity.net/v5a-test/items?id.unicity=22888"},"quantity":1}]},"shipToName":{"firstName":"TestFirstName","lastName":"TestLastName"},"shipToPhone":"9823746323","shipToEmail":"MVLYDV@gmail.com","shipToAddress":{"city":"OREM","country":"US","state":"UT","address1":"1209 N 800 E","address2":"","zip":"84097"},"shippingMethod":{"href":"https://hydraqa.unicity.net/v5a-test/shippingmethods?type=Economy"},"transactions":{"items":[{"amount":"this.terms.total","type":"AuthorizeAndCapture","method":"CreditCardAlias","methodDetails":{"alias":"this.customer.creditcardaliases[0].alias"}}]}}]},"coapplicant":{"type":"Spouse","details":{"humanName":{"firstName":"TestSpouseName","lastName":""}}},"rights":[],"signature":{"value":"TestSignature"},"taxTerms":{"taxId":"986116458","taxIdExpires":"2025-12-30"}},"lines":{"items":[{"item":{"href":"https://hydraqa.unicity.net/v5a-test/items?id.unicity=27585"},"quantity":1}]},"shipToName":{"firstName":"TestFirstName","lastName":"TestLastName"},"shipToPhone":"9823746323","shipToEmail":"MVLYDV@gmail.com","shipToAddress":{"city":"OREM","country":"US","state":"UT","address1":"1209 N 800 E","address2":"","zip":"84097"},"shippingMethod":{"href":"https://hydraqa.unicity.net/v5a-test/shippingmethods?type=Economy"},"notes":"","transactions":{"items":[{"amount":"this.terms.total","type":"AuthorizeAndCapture","method":"CreditCard","methodDetails":{"creditCardNumber":"4111111111111111","payer":"CCNameTest","creditCardExpires":"2020-10","creditCardSecurityCode":"123"},"billToAddress":{"address1":"1209 N 800 E","address2":"","city":"OREM","state":"UT","zip":"84097","country":"US"}},{"type":"AuthorizeAndCapture","method":"Coupon","methodDetails":{"code":"Fre3Aut0Sh!p"}}]}}
Entry response : {"meta":{"Link":"<http:\/\/unicity.github.io\/Hydra.php\/docs\/v5\/>; rel=\"help\"","X-Request-UUID":"af765e65-d0c3-4874-a272-ca540ab39a4e","X-Request-Release":"5-2020010702\/master","Cache-Control":"no-cache, must-revalidate","Expires":"0","X-Powered-By":"Luracast Restler v3.0.0rc5","Content-Type":"text\/javascript; charset=utf-8","Content-Language":"en","X-Status-Code":"201"},"data":{"market":"US","lines":{"items":[{"quantity":1,"item":{"href":"https:\/\/hydraqa.unicity.net\/v5a-test\/items?id.unicity=27585","id":{"unicity":"27585"}}}]},"shipToAddress":{"country":"US","state":"UT","city":"OREM","zip":"84097","address1":"1209 N 800 E","address2":""},"shipToName":{"firstName":"TestFirstName","lastName":"TestLastName"},"shipToEmail":"MVLYDV@gmail.com","shipToPhone":"9823746323","shipToTime":"","source":null,"type":null,"notes":"","transactions":{"items":[{"amount":57.68,"billToAddress":{"address1":"1209 N 800 E","address2":"","city":"OREM","state":"UT","zip":"84097","country":"US"},"billToEmail":null,"type":"AuthorizeAndCapture","method":"CreditCard","installments":null,"methodDetails":{"creditCardNumber":"411111xxxxxx1111","payer":"CCNameTest","payerId":null,"creditCardExpires":"2020-10","creditCardSecurityCode":"123"}}]},"terms":{"discount":{"amount":0},"pretotal":57.68,"tax":{"amount":1.68},"freight":{"amount":0},"subtotal":56,"taxableTotal":56,"total":57.68,"pv":33},"shippingMethod":{"href":"https:\/\/hydraqa.unicity.net\/v5a-test\/shippingmethods?type=Economy","location":"","type":"Economy"},"currency":"USD","dateCreated":"2020-01-07T18:32:57-07:00","customer":{"humanName":{"firstName":"TestFirstName","lastName":"TestLastName"},"mainAddress":{"city":"OREM","country":"US","state":"UT","zip":"84097","address1":"1209 N 800 E","address2":""},"type":"Associate","email":"MVLYDV@gmail.com","taxTerms":{"exemption":null,"taxId":"986116458","taxIdExpires":"2025-12-30"},"signature":{"value":"TestSignature"},"gender":"female","password":{"value":"Unicity"},"enroller":{"href":"https:\/\/hydraqa.unicity.net\/v5a-test\/customers\/c8a0f511723643dd5ba719e2e99a32ba82ff3eda31cc639783863e5baba2dbdb","id":{"unicity":36554001},"humanName":{"fullName":"Kent, Clark"},"email":"peter.jacobsen@unicity.com"},"sponsor":{"href":"https:\/\/hydraqa.unicity.net\/v5a-test\/customers\/c8a0f511723643dd5ba719e2e99a32ba82ff3eda31cc639783863e5baba2dbdb","id":{"unicity":36554001},"humanName":{"fullName":"Kent, Clark"},"email":"peter.jacobsen@unicity.com"},"birthDate":"1997-11-20","homePhone":"9823746323","preferredLocale":"es-US","maritalStatus":"Single","coapplicant":{"details":{"humanName":{"firstName":"TestSpouseName","lastName":""}},"type":"Spouse"},"autoorders":{"items":[{"id":{"unicity":"63396"}}]},"rights":[],"status":"Active","id":{"unicity":"8106408"},"href":"https:\/\/hydraqa.unicity.net\/v5a-test\/customers\/c43c2d4dba2fe21c7d4c98b776f67ec7","token":"a644257e-08c1-4bf7-99c3-d29fcf864671"},"added_transactions":{"items":[]},"taxedAs":"goods","id":{"unicity":"1629667"},"href":"https:\/\/hydraqa.unicity.net\/v5a-test\/orders\/90729189ed83098b30cddd3ae9641ebb"}}
Headers-->keep-alive
Headers-->2754
Headers-->application/json, text/plain, */*
Headers-->http://enroll.ng.unicityqa.com
Headers-->es-US
]]></system-out>
    <system-err><![CDATA[Starting ChromeDriver 2.36.540470 (e522d04694c7ebea4ba8821272dbef4f9b818c91) on port 24209
Only local connections are allowed.
Jan 07, 2020 6:30:07 PM org.openqa.selenium.remote.ProtocolHandshake createSession
INFO: Detected dialect: OSS
]]></system-err>
  </testcase>
  <testcase name="PassReferralID" classname="Tests.HealthCareProducts" time="153.163">
    <failure message="Major Market expected [CA] but found [null]" type="java.lang.AssertionError">java.lang.AssertionError: Major Market expected [CA] but found [null]
	at Tests.HealthCareProducts.PassReferralID(HealthCareProducts.java:68)
</failure>
    <system-out><![CDATA[Request URL: https://hydraqa.unicity.net/v5a-test/quotes?&expand=item
Entry Quotes response : {"items":[{"currency":"CAD","lines":{"items":[{"item":{"href":"https:\/\/hydraqa.unicity.net\/v5a-test\/items\/1945faa1776541d53120ecfe3c1d8a2b","id":{"unicity":"24418"}},"terms":{"priceEach":"5.0000","pvEach":"0.0000"},"quantity":1}]}},{"currency":"CAD","lines":{"items":[{"item":{"href":"https:\/\/hydraqa.unicity.net\/v5a-test\/items\/8407b62b9c4120aa3dfe25c9feb76e4a","id":{"unicity":"28591"}},"terms":{"priceEach":"21.0000","pvEach":"15.0000"},"quantity":1}]}},{"currency":"CAD","lines":{"items":[{"item":{"href":"https:\/\/hydraqa.unicity.net\/v5a-test\/items\/e77144fa2fcf6a4dc73c15b4d615c1aa","id":{"unicity":"28437"}},"terms":{"priceEach":"74.0000","pvEach":"33.0000"},"quantity":1}]}},{"currency":"CAD","lines":{"items":[{"item":{"href":"https:\/\/hydraqa.unicity.net\/v5a-test\/items\/46ea1edabdcf18f49817c437346958eb","id":{"unicity":"29147"}},"terms":{"priceEach":"74.0000","pvEach":"33.0000"},"quantity":1}]}}]}
Entry request : {"order":{"customer":{"href":"https://hydraqa.unicity.net/v5a-test/customers?type=Associate"},"shipToAddress":{"country":"CA"}},"vary":{"lines":{"items":[{"item":{"href":"https://hydraqa.unicity.net/v5a-test/items?id.unicity=27302|27305|27301|27304|27300|27303|24418|29147|28437|28591"}}]}}}
Request URL: https://hydraqa.unicity.net/v5a-test/customers.js?callback=angular.callbacks._1&expand=customer,profilePicture&id.unicity=36554001
Request URL: https://hydraqa.unicity.net/v5a-test/customers.js?_httpMethod=HEAD&callback=angular.callbacks._7&email=VLHHCV@gmail.com
Request URL: https://hydraqa.unicity.net/v5a-test/shippingmethods.js?callback=angular.callbacks._a&destination=CA&market=CA
Request URL: https://hydraqa.unicity.net/v5a-test/addresses?country=CA&zip=B4V2K4
Entry response : {"items":[{"city":"Bridgewater","state":"NS"}]}
{sponsor=36554001, gender=male, city=BRIDGEWATER, signature=TestSignature, cartprice=74.0, enroller=36554001, responsedob=1991-11-29, arpack=Complete Chocolate, language=English, locale=en, type=Associate, coapplicanttype=Spouse, platform=QA, lname=TestLastName, password=Unicity, genderoption=Male, Currency=USD, api=7, state=[NS], email=VLHHCV@gmail.com, coapplicant=TestSpouseName, zip=B4V2K4, fname=TestFirstName, prefferd=Canada, address2=Address 2, address1=Address 1, shippingmethod=type=UPS Ground, version=v5a-test/, testcase=hcp, market=Canada, aritemcode=29147, martial=Single, phone=9823746323, dob=11/29/1991, proto=https://hydraqa.unicity.net/, marketcode=CA, maritaloption=Single, ccname=CCNameTest}
Request URL: https://hydraqa.unicity.net/v5a-test/orders.js
Entry request : {"customer":{"mainAddress":{"city":"BRIDGEWATER","country":"CA","state":"NS","zip":"B4V2K4","address1":"Address 1","address2":"Address 2"},"humanName":{"firstName":"TestFirstName","lastName":"TestLastName"},"email":"VLHHCV@gmail.com","preferredLocale":"en-CA","password":{"value":"Unicity"},"gender":"male","maritalStatus":"Single","type":"Associate","creditcardaliases":[{"methodDetails":{"creditCardNumber":"4111111111111111","payer":"TestFirstName TestLastName","creditCardExpires":"2020-10"},"billToName":{"firstName":"TestFirstName","lastName":"TestLastName"},"billToAddress":{"address1":"Address 1","address2":"Address 2","city":"BRIDGEWATER","state":"NS","zip":"B4V2K4","country":"CA"}}],"sponsor":{"href":"https://hydraqa.unicity.net/v5a-test/customers?id.unicity=36554001"},"enroller":{"href":"https://hydraqa.unicity.net/v5a-test/customers?id.unicity=36554001"},"homePhone":"9823746323","birthDate":"1991-11-29","autoorders":{"items":[{"recurrence":{"schedule":{"month":"*","dayOfMonth":"5"},"status":"Enabled"},"lines":{"items":[{"item":{"href":"https://hydraqa.unicity.net/v5a-test/items?id.unicity=29147"},"quantity":1}]},"shipToName":{"firstName":"TestFirstName","lastName":"TestLastName"},"shipToPhone":"9823746323","shipToEmail":"VLHHCV@gmail.com","shipToAddress":{"city":"BRIDGEWATER","country":"CA","state":"NS","address1":"Address 1","address2":"Address 2","zip":"B4V2K4"},"shippingMethod":{"href":"https://hydraqa.unicity.net/v5a-test/shippingmethods?type=UPS Ground"},"transactions":{"items":[{"amount":"this.terms.total","type":"AuthorizeAndCapture","method":"CreditCardAlias","methodDetails":{"alias":"this.customer.creditcardaliases[0].alias"}}]}}]},"coapplicant":{"type":"Spouse","details":{"humanName":{"firstName":"TestSpouseName","lastName":""}}},"rights":[],"signature":{"value":"TestSignature"}},"lines":{"items":[{"item":{"href":"https://hydraqa.unicity.net/v5a-test/items?id.unicity=28437"},"quantity":1}]},"shipToName":{"firstName":"TestFirstName","lastName":"TestLastName"},"shipToPhone":"9823746323","shipToEmail":"VLHHCV@gmail.com","shipToAddress":{"city":"BRIDGEWATER","country":"CA","state":"NS","address1":"Address 1","address2":"Address 2","zip":"B4V2K4"},"shippingMethod":{"href":"https://hydraqa.unicity.net/v5a-test/shippingmethods?type=UPS Ground"},"notes":"","transactions":{"items":[{"amount":"this.terms.total","type":"AuthorizeAndCapture","method":"CreditCard","methodDetails":{"creditCardNumber":"4111111111111111","payer":"CCNameTest","creditCardExpires":"2020-10","creditCardSecurityCode":"123"},"billToAddress":{"address1":"Address 1","address2":"Address 2","city":"BRIDGEWATER","state":"NS","zip":"B4V2K4","country":"CA"}},{"type":"AuthorizeAndCapture","method":"Coupon","methodDetails":{"code":"Fre3Aut0Sh!p"}}]}}
Entry response : {"meta":{"Link":"<http:\/\/unicity.github.io\/Hydra.php\/docs\/v5\/>; rel=\"help\"","X-Request-UUID":"fe22ff58-17f5-41e2-adf0-095d18670282","X-Request-Release":"5-2020010702\/master","Cache-Control":"no-cache, must-revalidate","Expires":"0","X-Powered-By":"Luracast Restler v3.0.0rc5","Content-Type":"text\/javascript; charset=utf-8","Content-Language":"en","X-Status-Code":"403"},"data":{"error":{"code":403,"message":"Forbidden","error_code":"1203","error_message":"This action violates business rules. Starter kit is missing."}}}
Headers-->keep-alive
Headers-->2767
Headers-->application/json, text/plain, */*
Headers-->http://enroll.ng.unicityqa.com
Headers-->en-CA
]]></system-out>
    <system-err><![CDATA[Starting ChromeDriver 2.36.540470 (e522d04694c7ebea4ba8821272dbef4f9b818c91) on port 46938
Only local connections are allowed.
Jan 07, 2020 6:33:29 PM org.openqa.selenium.remote.ProtocolHandshake createSession
INFO: Detected dialect: OSS
]]></system-err>
  </testcase>
  <testcase name="PassReferralID" classname="Tests.HealthCareProducts" time="136.225">
    <failure message="Minor Summary Labels is Displaying expected [[Résumé d&apos;inscription, Paramètres d&apos;inscription, conjoint, À Propos de Vous, Votre Adresse de livraison/Adresse principale, Votre Adresse de Facturation, Votre conditions de vente, Termes et Conditions, Résumé]] but found [[des informations de carte de crédit, Votre Adresse de Facturation, Adresse de livraison/Adresse principale, méthode d&apos;expédition, Résumé]]" type="java.lang.AssertionError">java.lang.AssertionError: Minor Summary Labels is Displaying expected [[Résumé d'inscription, Paramètres d'inscription, conjoint, À Propos de Vous, Votre Adresse de livraison/Adresse principale, Votre Adresse de Facturation, Votre conditions de vente, Termes et Conditions, Résumé]] but found [[des informations de carte de crédit, Votre Adresse de Facturation, Adresse de livraison/Adresse principale, méthode d'expédition, Résumé]]
	at Tests.HealthCareProducts.PassReferralID(HealthCareProducts.java:68)
</failure>
    <system-out><![CDATA[Request URL: https://hydraqa.unicity.net/v5a-test/quotes?&expand=item
Entry Quotes response : {"items":[{"currency":"CAD","lines":{"items":[{"item":{"href":"https:\/\/hydraqa.unicity.net\/v5a-test\/items\/1945faa1776541d53120ecfe3c1d8a2b","id":{"unicity":"24418"}},"terms":{"priceEach":"5.0000","pvEach":"0.0000"},"quantity":1}]}},{"currency":"CAD","lines":{"items":[{"item":{"href":"https:\/\/hydraqa.unicity.net\/v5a-test\/items\/8407b62b9c4120aa3dfe25c9feb76e4a","id":{"unicity":"28591"}},"terms":{"priceEach":"21.0000","pvEach":"15.0000"},"quantity":1}]}},{"currency":"CAD","lines":{"items":[{"item":{"href":"https:\/\/hydraqa.unicity.net\/v5a-test\/items\/e77144fa2fcf6a4dc73c15b4d615c1aa","id":{"unicity":"28437"}},"terms":{"priceEach":"74.0000","pvEach":"33.0000"},"quantity":1}]}},{"currency":"CAD","lines":{"items":[{"item":{"href":"https:\/\/hydraqa.unicity.net\/v5a-test\/items\/46ea1edabdcf18f49817c437346958eb","id":{"unicity":"29147"}},"terms":{"priceEach":"74.0000","pvEach":"33.0000"},"quantity":1}]}}]}
Entry request : {"order":{"customer":{"href":"https://hydraqa.unicity.net/v5a-test/customers?type=Associate"},"shipToAddress":{"country":"CA"}},"vary":{"lines":{"items":[{"item":{"href":"https://hydraqa.unicity.net/v5a-test/items?id.unicity=27302|27305|27301|27304|27300|27303|24418|29147|28437|28591"}}]}}}
Request URL: https://hydraqa.unicity.net/v5a-test/customers.js?callback=angular.callbacks._1&expand=customer,profilePicture&id.unicity=36554001
Request URL: https://hydraqa.unicity.net/v5a-test/customers.js?_httpMethod=HEAD&callback=angular.callbacks._7&email=XKEDDZ@gmail.com
Request URL: https://hydraqa.unicity.net/v5a-test/shippingmethods.js?callback=angular.callbacks._a&destination=CA&market=CA
Request URL: https://hydraqa.unicity.net/v5a-test/addresses?country=CA&zip=B4V2K4
Entry response : {"items":[{"city":"Bridgewater","state":"NS"}]}
]]></system-out>
    <system-err><![CDATA[Starting ChromeDriver 2.36.540470 (e522d04694c7ebea4ba8821272dbef4f9b818c91) on port 11146
Only local connections are allowed.
Jan 07, 2020 6:36:09 PM org.openqa.selenium.remote.ProtocolHandshake createSession
INFO: Detected dialect: OSS
]]></system-err>
  </testcase>
  <testcase name="afterSuite" classname="Tests.FranchisePartner" time="139.863">
    <failure message="535 Authentication Credentials Invalid&#10;" type="javax.mail.AuthenticationFailedException">javax.mail.AuthenticationFailedException: 
535 Authentication Credentials Invalid

</failure>
  </testcase>
</testsuite>