<?xml version="1.0" encoding="UTF-8"?>
<testsuite xmlns:xsi="http://www.w3.org/2001/XMLSchema-instance" xsi:noNamespaceSchemaLocation="https://maven.apache.org/surefire/maven-surefire-plugin/xsd/surefire-test-report-3.0.xsd" version="3.0" name="TestSuite" time="18,612.098" tests="77" errors="0" skipped="0" failures="22">
  <properties>
    <property name="sun.desktop" value="windows"/>
    <property name="awt.toolkit" value="sun.awt.windows.WToolkit"/>
    <property name="file.encoding.pkg" value="sun.io"/>
    <property name="java.specification.version" value="1.8"/>
    <property name="sun.cpu.isalist" value="amd64"/>
    <property name="sun.jnu.encoding" value="Cp1252"/>
    <property name="java.class.path" value="C:\Users\sumancb\git\Enrollment\Enrollment\target\test-classes;C:\Users\sumancb\git\Enrollment\Enrollment\target\classes;C:\Users\sumancb\.m2\repository\junit\junit\3.8.1\junit-3.8.1.jar;C:\Users\sumancb\.m2\repository\org\seleniumhq\selenium\selenium-java\3.8.1\selenium-java-3.8.1.jar;C:\Users\sumancb\.m2\repository\org\seleniumhq\selenium\selenium-api\3.8.1\selenium-api-3.8.1.jar;C:\Users\sumancb\.m2\repository\org\seleniumhq\selenium\selenium-chrome-driver\3.8.1\selenium-chrome-driver-3.8.1.jar;C:\Users\sumancb\.m2\repository\org\seleniumhq\selenium\selenium-edge-driver\3.8.1\selenium-edge-driver-3.8.1.jar;C:\Users\sumancb\.m2\repository\org\seleniumhq\selenium\selenium-firefox-driver\3.8.1\selenium-firefox-driver-3.8.1.jar;C:\Users\sumancb\.m2\repository\org\seleniumhq\selenium\selenium-ie-driver\3.8.1\selenium-ie-driver-3.8.1.jar;C:\Users\sumancb\.m2\repository\org\seleniumhq\selenium\selenium-opera-driver\3.8.1\selenium-opera-driver-3.8.1.jar;C:\Users\sumancb\.m2\repository\org\seleniumhq\selenium\selenium-remote-driver\3.8.1\selenium-remote-driver-3.8.1.jar;C:\Users\sumancb\.m2\repository\org\seleniumhq\selenium\selenium-safari-driver\3.8.1\selenium-safari-driver-3.8.1.jar;C:\Users\sumancb\.m2\repository\org\seleniumhq\selenium\selenium-support\3.8.1\selenium-support-3.8.1.jar;C:\Users\sumancb\.m2\repository\net\bytebuddy\byte-buddy\1.7.5\byte-buddy-1.7.5.jar;C:\Users\sumancb\.m2\repository\org\apache\commons\commons-exec\1.3\commons-exec-1.3.jar;C:\Users\sumancb\.m2\repository\commons-codec\commons-codec\1.10\commons-codec-1.10.jar;C:\Users\sumancb\.m2\repository\commons-logging\commons-logging\1.2\commons-logging-1.2.jar;C:\Users\sumancb\.m2\repository\com\google\code\gson\gson\2.8.2\gson-2.8.2.jar;C:\Users\sumancb\.m2\repository\com\google\guava\guava\23.0\guava-23.0.jar;C:\Users\sumancb\.m2\repository\com\google\code\findbugs\jsr305\1.3.9\jsr305-1.3.9.jar;C:\Users\sumancb\.m2\repository\com\google\errorprone\error_prone_annotations\2.0.18\error_prone_annotations-2.0.18.jar;C:\Users\sumancb\.m2\repository\com\google\j2objc\j2objc-annotations\1.1\j2objc-annotations-1.1.jar;C:\Users\sumancb\.m2\repository\org\codehaus\mojo\animal-sniffer-annotations\1.14\animal-sniffer-annotations-1.14.jar;C:\Users\sumancb\.m2\repository\org\apache\httpcomponents\httpclient\4.5.3\httpclient-4.5.3.jar;C:\Users\sumancb\.m2\repository\org\apache\httpcomponents\httpcore\4.4.6\httpcore-4.4.6.jar;C:\Users\sumancb\.m2\repository\org\testng\testng\6.14.3\testng-6.14.3.jar;C:\Users\sumancb\.m2\repository\com\beust\jcommander\1.72\jcommander-1.72.jar;C:\Users\sumancb\.m2\repository\org\apache-extras\beanshell\bsh\2.0b6\bsh-2.0b6.jar;C:\Users\sumancb\.m2\repository\com\relevantcodes\extentreports\2.41.2\extentreports-2.41.2.jar;C:\Users\sumancb\.m2\repository\org\jsoup\jsoup\1.8.3\jsoup-1.8.3.jar;C:\Users\sumancb\.m2\repository\org\xerial\sqlite-jdbc\3.8.11.1\sqlite-jdbc-3.8.11.1.jar;C:\Users\sumancb\.m2\repository\org\freemarker\freemarker\2.3.23\freemarker-2.3.23.jar;C:\Users\sumancb\.m2\repository\org\mongodb\mongodb-driver\3.0.4\mongodb-driver-3.0.4.jar;C:\Users\sumancb\.m2\repository\org\mongodb\bson\3.0.4\bson-3.0.4.jar;C:\Users\sumancb\.m2\repository\org\mongodb\mongodb-driver-core\3.0.4\mongodb-driver-core-3.0.4.jar;C:\Users\sumancb\.m2\repository\org\apache\commons\commons-lang3\3.8.1\commons-lang3-3.8.1.jar;C:\Users\sumancb\.m2\repository\io\rest-assured\rest-assured\3.1.0\rest-assured-3.1.0.jar;C:\Users\sumancb\.m2\repository\org\codehaus\groovy\groovy\2.4.12\groovy-2.4.12.jar;C:\Users\sumancb\.m2\repository\org\codehaus\groovy\groovy-xml\2.4.12\groovy-xml-2.4.12.jar;C:\Users\sumancb\.m2\repository\org\apache\httpcomponents\httpmime\4.5.1\httpmime-4.5.1.jar;C:\Users\sumancb\.m2\repository\org\hamcrest\hamcrest-core\1.3\hamcrest-core-1.3.jar;C:\Users\sumancb\.m2\repository\org\hamcrest\hamcrest-library\1.3\hamcrest-library-1.3.jar;C:\Users\sumancb\.m2\repository\org\ccil\cowan\tagsoup\tagsoup\1.2.1\tagsoup-1.2.1.jar;C:\Users\sumancb\.m2\repository\io\rest-assured\json-path\3.1.0\json-path-3.1.0.jar;C:\Users\sumancb\.m2\repository\org\codehaus\groovy\groovy-json\2.4.12\groovy-json-2.4.12.jar;C:\Users\sumancb\.m2\repository\io\rest-assured\rest-assured-common\3.1.0\rest-assured-common-3.1.0.jar;C:\Users\sumancb\.m2\repository\io\rest-assured\xml-path\3.1.0\xml-path-3.1.0.jar;C:\Users\sumancb\.m2\repository\javax\xml\bind\jaxb-api\2.2.12\jaxb-api-2.2.12.jar;C:\Users\sumancb\.m2\repository\org\skyscreamer\jsonassert\1.5.0\jsonassert-1.5.0.jar;C:\Users\sumancb\.m2\repository\com\vaadin\external\google\android-json\0.0.20131108.vaadin1\android-json-0.0.20131108.vaadin1.jar;C:\Users\sumancb\.m2\repository\org\codehaus\groovy\groovy-all\2.3.5\groovy-all-2.3.5.jar;C:\Users\sumancb\.m2\repository\org\codehaus\jackson\jackson-mapper-asl\1.5.0\jackson-mapper-asl-1.5.0.jar;C:\Users\sumancb\.m2\repository\org\codehaus\jackson\jackson-core-asl\1.5.0\jackson-core-asl-1.5.0.jar;C:\Users\sumancb\.m2\repository\net\lightbody\bmp\browsermob-core\2.1.5\browsermob-core-2.1.5.jar;C:\Users\sumancb\.m2\repository\net\lightbody\bmp\littleproxy\1.1.0-beta-bmp-17\littleproxy-1.1.0-beta-bmp-17.jar;C:\Users\sumancb\.m2\repository\com\fasterxml\jackson\core\jackson-core\2.8.9\jackson-core-2.8.9.jar;C:\Users\sumancb\.m2\repository\com\fasterxml\jackson\core\jackson-databind\2.8.9\jackson-databind-2.8.9.jar;C:\Users\sumancb\.m2\repository\dnsjava\dnsjava\2.1.8\dnsjava-2.1.8.jar;C:\Users\sumancb\.m2\repository\org\slf4j\slf4j-api\1.7.25\slf4j-api-1.7.25.jar;C:\Users\sumancb\.m2\repository\org\slf4j\jcl-over-slf4j\1.7.25\jcl-over-slf4j-1.7.25.jar;C:\Users\sumancb\.m2\repository\com\jcraft\jzlib\1.1.3\jzlib-1.1.3.jar;C:\Users\sumancb\.m2\repository\io\netty\netty-all\4.0.51.Final\netty-all-4.0.51.Final.jar;C:\Users\sumancb\.m2\repository\org\bouncycastle\bcprov-jdk15on\1.58\bcprov-jdk15on-1.58.jar;C:\Users\sumancb\.m2\repository\org\bouncycastle\bcpkix-jdk15on\1.58\bcpkix-jdk15on-1.58.jar;C:\Users\sumancb\.m2\repository\net\lightbody\bmp\mitm\2.1.5\mitm-2.1.5.jar;C:\Users\sumancb\.m2\repository\com\fasterxml\jackson\core\jackson-annotations\2.9.8\jackson-annotations-2.9.8.jar;C:\Users\sumancb\.m2\repository\commons-lang\commons-lang\2.2\commons-lang-2.2.jar;C:\Users\sumancb\.m2\repository\javax\mail\javax.mail-api\1.5.5\javax.mail-api-1.5.5.jar;C:\Users\sumancb\.m2\repository\com\sun\mail\javax.mail\1.6.1\javax.mail-1.6.1.jar;C:\Users\sumancb\.m2\repository\javax\activation\activation\1.1\activation-1.1.jar;C:\Users\sumancb\.m2\repository\org\springframework\data\spring-data-jpa\1.11.23.RELEASE\spring-data-jpa-1.11.23.RELEASE.jar;C:\Users\sumancb\.m2\repository\org\springframework\data\spring-data-commons\1.13.23.RELEASE\spring-data-commons-1.13.23.RELEASE.jar;C:\Users\sumancb\.m2\repository\org\springframework\spring-orm\4.3.25.RELEASE\spring-orm-4.3.25.RELEASE.jar;C:\Users\sumancb\.m2\repository\org\springframework\spring-jdbc\4.3.25.RELEASE\spring-jdbc-4.3.25.RELEASE.jar;C:\Users\sumancb\.m2\repository\org\springframework\spring-context\4.3.25.RELEASE\spring-context-4.3.25.RELEASE.jar;C:\Users\sumancb\.m2\repository\org\springframework\spring-expression\4.3.25.RELEASE\spring-expression-4.3.25.RELEASE.jar;C:\Users\sumancb\.m2\repository\org\springframework\spring-aop\4.3.25.RELEASE\spring-aop-4.3.25.RELEASE.jar;C:\Users\sumancb\.m2\repository\org\springframework\spring-tx\4.3.25.RELEASE\spring-tx-4.3.25.RELEASE.jar;C:\Users\sumancb\.m2\repository\org\springframework\spring-beans\4.3.25.RELEASE\spring-beans-4.3.25.RELEASE.jar;C:\Users\sumancb\.m2\repository\org\springframework\spring-core\4.3.25.RELEASE\spring-core-4.3.25.RELEASE.jar;C:\Users\sumancb\.m2\repository\org\aspectj\aspectjrt\1.8.13\aspectjrt-1.8.13.jar;C:\Users\sumancb\.m2\repository\org\apache\derby\derbyclient\10.11.1.1\derbyclient-10.11.1.1.jar;C:\Users\sumancb\.m2\repository\org\eclipse\persistence\org.eclipse.persistence.jpa\2.5.2\org.eclipse.persistence.jpa-2.5.2.jar;C:\Users\sumancb\.m2\repository\org\eclipse\persistence\javax.persistence\2.1.0\javax.persistence-2.1.0.jar;C:\Users\sumancb\.m2\repository\org\eclipse\persistence\org.eclipse.persistence.asm\2.5.2\org.eclipse.persistence.asm-2.5.2.jar;C:\Users\sumancb\.m2\repository\org\eclipse\persistence\org.eclipse.persistence.antlr\2.5.2\org.eclipse.persistence.antlr-2.5.2.jar;C:\Users\sumancb\.m2\repository\org\eclipse\persistence\org.eclipse.persistence.jpa.jpql\2.5.2\org.eclipse.persistence.jpa.jpql-2.5.2.jar;C:\Users\sumancb\.m2\repository\org\eclipse\persistence\org.eclipse.persistence.core\2.5.2\org.eclipse.persistence.core-2.5.2.jar;"/>
    <property name="java.vm.vendor" value="Oracle Corporation"/>
    <property name="sun.arch.data.model" value="64"/>
    <property name="user.variant" value=""/>
    <property name="java.vendor.url" value="http://java.oracle.com/"/>
    <property name="user.timezone" value="America/Denver"/>
    <property name="java.vm.specification.version" value="1.8"/>
    <property name="os.name" value="Windows Server 2012 R2"/>
    <property name="user.country" value="US"/>
    <property name="sun.java.launcher" value="SUN_STANDARD"/>
    <property name="sun.boot.library.path" value="C:\Program Files\Java\jdk1.8.0_111\jre\bin"/>
    <property name="sun.java.command" value="C:\Users\sumancb\AppData\Local\Temp\2\surefire720458714043254799\surefirebooter6107197628340325844.jar C:\Users\sumancb\AppData\Local\Temp\2\surefire720458714043254799 2021-01-21T09-40-08_109-jvmRun1 surefire9126367826411986043tmp surefire_0351943616791347447tmp"/>
    <property name="surefire.test.class.path" value="C:\Users\sumancb\git\Enrollment\Enrollment\target\test-classes;C:\Users\sumancb\git\Enrollment\Enrollment\target\classes;C:\Users\sumancb\.m2\repository\junit\junit\3.8.1\junit-3.8.1.jar;C:\Users\sumancb\.m2\repository\org\seleniumhq\selenium\selenium-java\3.8.1\selenium-java-3.8.1.jar;C:\Users\sumancb\.m2\repository\org\seleniumhq\selenium\selenium-api\3.8.1\selenium-api-3.8.1.jar;C:\Users\sumancb\.m2\repository\org\seleniumhq\selenium\selenium-chrome-driver\3.8.1\selenium-chrome-driver-3.8.1.jar;C:\Users\sumancb\.m2\repository\org\seleniumhq\selenium\selenium-edge-driver\3.8.1\selenium-edge-driver-3.8.1.jar;C:\Users\sumancb\.m2\repository\org\seleniumhq\selenium\selenium-firefox-driver\3.8.1\selenium-firefox-driver-3.8.1.jar;C:\Users\sumancb\.m2\repository\org\seleniumhq\selenium\selenium-ie-driver\3.8.1\selenium-ie-driver-3.8.1.jar;C:\Users\sumancb\.m2\repository\org\seleniumhq\selenium\selenium-opera-driver\3.8.1\selenium-opera-driver-3.8.1.jar;C:\Users\sumancb\.m2\repository\org\seleniumhq\selenium\selenium-remote-driver\3.8.1\selenium-remote-driver-3.8.1.jar;C:\Users\sumancb\.m2\repository\org\seleniumhq\selenium\selenium-safari-driver\3.8.1\selenium-safari-driver-3.8.1.jar;C:\Users\sumancb\.m2\repository\org\seleniumhq\selenium\selenium-support\3.8.1\selenium-support-3.8.1.jar;C:\Users\sumancb\.m2\repository\net\bytebuddy\byte-buddy\1.7.5\byte-buddy-1.7.5.jar;C:\Users\sumancb\.m2\repository\org\apache\commons\commons-exec\1.3\commons-exec-1.3.jar;C:\Users\sumancb\.m2\repository\commons-codec\commons-codec\1.10\commons-codec-1.10.jar;C:\Users\sumancb\.m2\repository\commons-logging\commons-logging\1.2\commons-logging-1.2.jar;C:\Users\sumancb\.m2\repository\com\google\code\gson\gson\2.8.2\gson-2.8.2.jar;C:\Users\sumancb\.m2\repository\com\google\guava\guava\23.0\guava-23.0.jar;C:\Users\sumancb\.m2\repository\com\google\code\findbugs\jsr305\1.3.9\jsr305-1.3.9.jar;C:\Users\sumancb\.m2\repository\com\google\errorprone\error_prone_annotations\2.0.18\error_prone_annotations-2.0.18.jar;C:\Users\sumancb\.m2\repository\com\google\j2objc\j2objc-annotations\1.1\j2objc-annotations-1.1.jar;C:\Users\sumancb\.m2\repository\org\codehaus\mojo\animal-sniffer-annotations\1.14\animal-sniffer-annotations-1.14.jar;C:\Users\sumancb\.m2\repository\org\apache\httpcomponents\httpclient\4.5.3\httpclient-4.5.3.jar;C:\Users\sumancb\.m2\repository\org\apache\httpcomponents\httpcore\4.4.6\httpcore-4.4.6.jar;C:\Users\sumancb\.m2\repository\org\testng\testng\6.14.3\testng-6.14.3.jar;C:\Users\sumancb\.m2\repository\com\beust\jcommander\1.72\jcommander-1.72.jar;C:\Users\sumancb\.m2\repository\org\apache-extras\beanshell\bsh\2.0b6\bsh-2.0b6.jar;C:\Users\sumancb\.m2\repository\com\relevantcodes\extentreports\2.41.2\extentreports-2.41.2.jar;C:\Users\sumancb\.m2\repository\org\jsoup\jsoup\1.8.3\jsoup-1.8.3.jar;C:\Users\sumancb\.m2\repository\org\xerial\sqlite-jdbc\3.8.11.1\sqlite-jdbc-3.8.11.1.jar;C:\Users\sumancb\.m2\repository\org\freemarker\freemarker\2.3.23\freemarker-2.3.23.jar;C:\Users\sumancb\.m2\repository\org\mongodb\mongodb-driver\3.0.4\mongodb-driver-3.0.4.jar;C:\Users\sumancb\.m2\repository\org\mongodb\bson\3.0.4\bson-3.0.4.jar;C:\Users\sumancb\.m2\repository\org\mongodb\mongodb-driver-core\3.0.4\mongodb-driver-core-3.0.4.jar;C:\Users\sumancb\.m2\repository\org\apache\commons\commons-lang3\3.8.1\commons-lang3-3.8.1.jar;C:\Users\sumancb\.m2\repository\io\rest-assured\rest-assured\3.1.0\rest-assured-3.1.0.jar;C:\Users\sumancb\.m2\repository\org\codehaus\groovy\groovy\2.4.12\groovy-2.4.12.jar;C:\Users\sumancb\.m2\repository\org\codehaus\groovy\groovy-xml\2.4.12\groovy-xml-2.4.12.jar;C:\Users\sumancb\.m2\repository\org\apache\httpcomponents\httpmime\4.5.1\httpmime-4.5.1.jar;C:\Users\sumancb\.m2\repository\org\hamcrest\hamcrest-core\1.3\hamcrest-core-1.3.jar;C:\Users\sumancb\.m2\repository\org\hamcrest\hamcrest-library\1.3\hamcrest-library-1.3.jar;C:\Users\sumancb\.m2\repository\org\ccil\cowan\tagsoup\tagsoup\1.2.1\tagsoup-1.2.1.jar;C:\Users\sumancb\.m2\repository\io\rest-assured\json-path\3.1.0\json-path-3.1.0.jar;C:\Users\sumancb\.m2\repository\org\codehaus\groovy\groovy-json\2.4.12\groovy-json-2.4.12.jar;C:\Users\sumancb\.m2\repository\io\rest-assured\rest-assured-common\3.1.0\rest-assured-common-3.1.0.jar;C:\Users\sumancb\.m2\repository\io\rest-assured\xml-path\3.1.0\xml-path-3.1.0.jar;C:\Users\sumancb\.m2\repository\javax\xml\bind\jaxb-api\2.2.12\jaxb-api-2.2.12.jar;C:\Users\sumancb\.m2\repository\org\skyscreamer\jsonassert\1.5.0\jsonassert-1.5.0.jar;C:\Users\sumancb\.m2\repository\com\vaadin\external\google\android-json\0.0.20131108.vaadin1\android-json-0.0.20131108.vaadin1.jar;C:\Users\sumancb\.m2\repository\org\codehaus\groovy\groovy-all\2.3.5\groovy-all-2.3.5.jar;C:\Users\sumancb\.m2\repository\org\codehaus\jackson\jackson-mapper-asl\1.5.0\jackson-mapper-asl-1.5.0.jar;C:\Users\sumancb\.m2\repository\org\codehaus\jackson\jackson-core-asl\1.5.0\jackson-core-asl-1.5.0.jar;C:\Users\sumancb\.m2\repository\net\lightbody\bmp\browsermob-core\2.1.5\browsermob-core-2.1.5.jar;C:\Users\sumancb\.m2\repository\net\lightbody\bmp\littleproxy\1.1.0-beta-bmp-17\littleproxy-1.1.0-beta-bmp-17.jar;C:\Users\sumancb\.m2\repository\com\fasterxml\jackson\core\jackson-core\2.8.9\jackson-core-2.8.9.jar;C:\Users\sumancb\.m2\repository\com\fasterxml\jackson\core\jackson-databind\2.8.9\jackson-databind-2.8.9.jar;C:\Users\sumancb\.m2\repository\dnsjava\dnsjava\2.1.8\dnsjava-2.1.8.jar;C:\Users\sumancb\.m2\repository\org\slf4j\slf4j-api\1.7.25\slf4j-api-1.7.25.jar;C:\Users\sumancb\.m2\repository\org\slf4j\jcl-over-slf4j\1.7.25\jcl-over-slf4j-1.7.25.jar;C:\Users\sumancb\.m2\repository\com\jcraft\jzlib\1.1.3\jzlib-1.1.3.jar;C:\Users\sumancb\.m2\repository\io\netty\netty-all\4.0.51.Final\netty-all-4.0.51.Final.jar;C:\Users\sumancb\.m2\repository\org\bouncycastle\bcprov-jdk15on\1.58\bcprov-jdk15on-1.58.jar;C:\Users\sumancb\.m2\repository\org\bouncycastle\bcpkix-jdk15on\1.58\bcpkix-jdk15on-1.58.jar;C:\Users\sumancb\.m2\repository\net\lightbody\bmp\mitm\2.1.5\mitm-2.1.5.jar;C:\Users\sumancb\.m2\repository\com\fasterxml\jackson\core\jackson-annotations\2.9.8\jackson-annotations-2.9.8.jar;C:\Users\sumancb\.m2\repository\commons-lang\commons-lang\2.2\commons-lang-2.2.jar;C:\Users\sumancb\.m2\repository\javax\mail\javax.mail-api\1.5.5\javax.mail-api-1.5.5.jar;C:\Users\sumancb\.m2\repository\com\sun\mail\javax.mail\1.6.1\javax.mail-1.6.1.jar;C:\Users\sumancb\.m2\repository\javax\activation\activation\1.1\activation-1.1.jar;C:\Users\sumancb\.m2\repository\org\springframework\data\spring-data-jpa\1.11.23.RELEASE\spring-data-jpa-1.11.23.RELEASE.jar;C:\Users\sumancb\.m2\repository\org\springframework\data\spring-data-commons\1.13.23.RELEASE\spring-data-commons-1.13.23.RELEASE.jar;C:\Users\sumancb\.m2\repository\org\springframework\spring-orm\4.3.25.RELEASE\spring-orm-4.3.25.RELEASE.jar;C:\Users\sumancb\.m2\repository\org\springframework\spring-jdbc\4.3.25.RELEASE\spring-jdbc-4.3.25.RELEASE.jar;C:\Users\sumancb\.m2\repository\org\springframework\spring-context\4.3.25.RELEASE\spring-context-4.3.25.RELEASE.jar;C:\Users\sumancb\.m2\repository\org\springframework\spring-expression\4.3.25.RELEASE\spring-expression-4.3.25.RELEASE.jar;C:\Users\sumancb\.m2\repository\org\springframework\spring-aop\4.3.25.RELEASE\spring-aop-4.3.25.RELEASE.jar;C:\Users\sumancb\.m2\repository\org\springframework\spring-tx\4.3.25.RELEASE\spring-tx-4.3.25.RELEASE.jar;C:\Users\sumancb\.m2\repository\org\springframework\spring-beans\4.3.25.RELEASE\spring-beans-4.3.25.RELEASE.jar;C:\Users\sumancb\.m2\repository\org\springframework\spring-core\4.3.25.RELEASE\spring-core-4.3.25.RELEASE.jar;C:\Users\sumancb\.m2\repository\org\aspectj\aspectjrt\1.8.13\aspectjrt-1.8.13.jar;C:\Users\sumancb\.m2\repository\org\apache\derby\derbyclient\10.11.1.1\derbyclient-10.11.1.1.jar;C:\Users\sumancb\.m2\repository\org\eclipse\persistence\org.eclipse.persistence.jpa\2.5.2\org.eclipse.persistence.jpa-2.5.2.jar;C:\Users\sumancb\.m2\repository\org\eclipse\persistence\javax.persistence\2.1.0\javax.persistence-2.1.0.jar;C:\Users\sumancb\.m2\repository\org\eclipse\persistence\org.eclipse.persistence.asm\2.5.2\org.eclipse.persistence.asm-2.5.2.jar;C:\Users\sumancb\.m2\repository\org\eclipse\persistence\org.eclipse.persistence.antlr\2.5.2\org.eclipse.persistence.antlr-2.5.2.jar;C:\Users\sumancb\.m2\repository\org\eclipse\persistence\org.eclipse.persistence.jpa.jpql\2.5.2\org.eclipse.persistence.jpa.jpql-2.5.2.jar;C:\Users\sumancb\.m2\repository\org\eclipse\persistence\org.eclipse.persistence.core\2.5.2\org.eclipse.persistence.core-2.5.2.jar;"/>
    <property name="sun.cpu.endian" value="little"/>
    <property name="user.home" value="C:\Users\sumancb"/>
    <property name="user.language" value="en"/>
    <property name="java.specification.vendor" value="Oracle Corporation"/>
    <property name="java.home" value="C:\Program Files\Java\jdk1.8.0_111\jre"/>
    <property name="basedir" value="C:\Users\sumancb\git\Enrollment\Enrollment"/>
    <property name="file.separator" value="\"/>
    <property name="line.separator" value="&#10;"/>
    <property name="java.vm.specification.vendor" value="Oracle Corporation"/>
    <property name="java.specification.name" value="Java Platform API Specification"/>
    <property name="java.awt.graphicsenv" value="sun.awt.Win32GraphicsEnvironment"/>
    <property name="surefire.real.class.path" value="C:\Users\sumancb\AppData\Local\Temp\2\surefire720458714043254799\surefirebooter6107197628340325844.jar"/>
    <property name="sun.boot.class.path" value="C:\Program Files\Java\jdk1.8.0_111\jre\lib\resources.jar;C:\Program Files\Java\jdk1.8.0_111\jre\lib\rt.jar;C:\Program Files\Java\jdk1.8.0_111\jre\lib\sunrsasign.jar;C:\Program Files\Java\jdk1.8.0_111\jre\lib\jsse.jar;C:\Program Files\Java\jdk1.8.0_111\jre\lib\jce.jar;C:\Program Files\Java\jdk1.8.0_111\jre\lib\charsets.jar;C:\Program Files\Java\jdk1.8.0_111\jre\lib\jfr.jar;C:\Program Files\Java\jdk1.8.0_111\jre\classes"/>
    <property name="user.script" value=""/>
    <property name="sun.management.compiler" value="HotSpot 64-Bit Tiered Compilers"/>
    <property name="java.runtime.version" value="1.8.0_111-b14"/>
    <property name="user.name" value="sumancb"/>
    <property name="path.separator" value=";"/>
    <property name="os.version" value="6.3"/>
    <property name="java.endorsed.dirs" value="C:\Program Files\Java\jdk1.8.0_111\jre\lib\endorsed"/>
    <property name="java.runtime.name" value="Java(TM) SE Runtime Environment"/>
    <property name="file.encoding" value="Cp1252"/>
    <property name="java.vm.name" value="Java HotSpot(TM) 64-Bit Server VM"/>
    <property name="localRepository" value="C:\Users\sumancb\.m2\repository"/>
    <property name="java.vendor.url.bug" value="http://bugreport.sun.com/bugreport/"/>
    <property name="java.io.tmpdir" value="C:\Users\sumancb\AppData\Local\Temp\2\"/>
    <property name="java.version" value="1.8.0_111"/>
    <property name="user.dir" value="C:\Users\sumancb\git\Enrollment\Enrollment"/>
    <property name="os.arch" value="amd64"/>
    <property name="java.vm.specification.name" value="Java Virtual Machine Specification"/>
    <property name="java.awt.printerjob" value="sun.awt.windows.WPrinterJob"/>
    <property name="sun.os.patch.level" value=""/>
    <property name="java.library.path" value="C:\Program Files\Java\jdk1.8.0_111\jre\bin;C:\Windows\Sun\Java\bin;C:\Windows\system32;C:\Windows;C:\Users\sumancb\.jenkins\tools\hudson.tasks.Maven_MavenInstallation\Maven_Home/bin;C:\Program Files\Java\jdk1.8.0_111/bin;C:\Program Files\Java\jdk1.8.0_111/bin;C:\Program Files (x86)\Common Files\Oracle\Java\javapath;C:\ProgramData\Oracle\Java\javapath;C:\Users\sumancb\Downloads\Gecko;C:\Windows\system32;C:\Windows;C:\Windows\System32\Wbem;C:\Windows\System32\WindowsPowerShell\v1.0\;C:\Program Files\Microsoft SQL Server\Client SDK\ODBC\110\Tools\Binn\;C:\Program Files (x86)\Microsoft SQL Server\120\Tools\Binn\ManagementStudio\;C:\Program Files (x86)\Microsoft SQL Server\120\Tools\Binn\;C:\Program Files\Microsoft SQL Server\120\Tools\Binn\;C:\Program Files (x86)\Microsoft SQL Server\120\DTS\Binn\;C:\Program Files\Microsoft SQL Server\120\DTS\Binn\;C:\xampp\php\;C:\Windows\SysinternalsSuite;C:\Program Files\apache-maven-3.6.2\apache-maven-3.6.2\bin;C:\Program Files\Java\jdk1.8.0_111\bin;C:\Program Files\Git\bin;C:\Program Files\Git\cmd;C:\Program Files\nodejs\;C:\Windows\Scripts;C:\Users\sumancb\AppData\Roaming;C:\Program Files\Java\jdk1.8.0_111\bin;C:\Users\sumancb\AppData\Roaming\npm;."/>
    <property name="java.vm.info" value="mixed mode"/>
    <property name="java.vendor" value="Oracle Corporation"/>
    <property name="java.vm.version" value="25.111-b14"/>
    <property name="java.ext.dirs" value="C:\Program Files\Java\jdk1.8.0_111\jre\lib\ext;C:\Windows\Sun\Java\lib\ext"/>
    <property name="sun.io.unicode.encoding" value="UnicodeLittle"/>
    <property name="java.class.version" value="52.0"/>
  </properties>
  <testcase name="Enroll" classname="Tests.FranchisePartner" time="285.084"/>
  <testcase name="Enroll" classname="Tests.FranchisePartner" time="283.56"/>
  <testcase name="Enroll" classname="Tests.FranchisePartner" time="329.357"/>
  <testcase name="Enroll" classname="Tests.FranchisePartner" time="230.909">
    <failure message="Expected condition failed: waiting for element to no longer be visible: By.xpath: (//img[@src=&apos;assets/img/ajax-loader.gif&apos;])[1] (tried for 200 second(s) with 500 MILLISECONDS interval)&#10;Build info: version: &apos;3.8.1&apos;, revision: &apos;6e95a6684b&apos;, time: &apos;2017-12-01T18:33:54.468Z&apos;&#10;System info: host: &apos;QASERVER01&apos;, ip: &apos;10.2.0.23&apos;, os.name: &apos;Windows Server 2012 R2&apos;, os.arch: &apos;amd64&apos;, os.version: &apos;6.3&apos;, java.version: &apos;1.8.0_111&apos;&#10;Driver info: org.openqa.selenium.chrome.ChromeDriver&#10;Capabilities {acceptInsecureCerts: false, acceptSslCerts: false, applicationCacheEnabled: false, browserConnectionEnabled: false, browserName: chrome, chrome: {chromedriverVersion: 2.36.540470 (e522d04694c7eb..., userDataDir: C:\Users\sumancb\AppData\Lo...}, cssSelectorsEnabled: true, databaseEnabled: false, handlesAlerts: true, hasTouchScreen: false, javascriptEnabled: true, locationContextEnabled: true, mobileEmulationEnabled: false, nativeEvents: true, networkConnectionEnabled: false, pageLoadStrategy: normal, platform: XP, platformName: XP, rotatable: false, setWindowRect: true, takesHeapSnapshot: true, takesScreenshot: true, unexpectedAlertBehaviour: , unhandledPromptBehavior: , version: 87.0.4280.141, webStorageEnabled: true}&#10;Session ID: ef194d20a8d533ce8abec77f38d0077b" type="org.openqa.selenium.TimeoutException">org.openqa.selenium.TimeoutException: 
Expected condition failed: waiting for element to no longer be visible: By.xpath: (//img[@src='assets/img/ajax-loader.gif'])[1] (tried for 200 second(s) with 500 MILLISECONDS interval)
Build info: version: '3.8.1', revision: '6e95a6684b', time: '2017-12-01T18:33:54.468Z'
System info: host: 'QASERVER01', ip: '10.2.0.23', os.name: 'Windows Server 2012 R2', os.arch: 'amd64', os.version: '6.3', java.version: '1.8.0_111'
Driver info: org.openqa.selenium.chrome.ChromeDriver
Capabilities {acceptInsecureCerts: false, acceptSslCerts: false, applicationCacheEnabled: false, browserConnectionEnabled: false, browserName: chrome, chrome: {chromedriverVersion: 2.36.540470 (e522d04694c7eb..., userDataDir: C:\Users\sumancb\AppData\Lo...}, cssSelectorsEnabled: true, databaseEnabled: false, handlesAlerts: true, hasTouchScreen: false, javascriptEnabled: true, locationContextEnabled: true, mobileEmulationEnabled: false, nativeEvents: true, networkConnectionEnabled: false, pageLoadStrategy: normal, platform: XP, platformName: XP, rotatable: false, setWindowRect: true, takesHeapSnapshot: true, takesScreenshot: true, unexpectedAlertBehaviour: , unhandledPromptBehavior: , version: 87.0.4280.141, webStorageEnabled: true}
Session ID: ef194d20a8d533ce8abec77f38d0077b
	at Tests.FranchisePartner.Enroll(FranchisePartner.java:257)
</failure>
    <system-err><![CDATA[Starting ChromeDriver 2.36.540470 (e522d04694c7ebea4ba8821272dbef4f9b818c91) on port 9940
Only local connections are allowed.
Jan 21, 2021 9:55:33 AM org.openqa.selenium.remote.ProtocolHandshake createSession
INFO: Detected dialect: OSS
]]></system-err>
  </testcase>
  <testcase name="Enroll" classname="Tests.FranchisePartner" time="319.745"/>
  <testcase name="Enroll" classname="Tests.FranchisePartner" time="316.614"/>
  <testcase name="Enroll" classname="Tests.FranchisePartner" time="91.653">
    <failure message="Major Customization error" type="java.lang.AssertionError">java.lang.AssertionError: Major Customization error
	at Tests.FranchisePartner.Enroll(FranchisePartner.java:257)
</failure>
    <system-out><![CDATA[Request URL: https://hydraqa.unicity.net/v5a-test/quotes?&expand=item
Entry Quotes response : {"items":[{"lines":{"items":[{"item":{"href":"https://hydraqa.unicity.net/v5a-test/items/bb1a7c3a2902e2cbc4cb2a22fdf1f499","id":{"unicity":"26993"}},"quantity":1,"terms":{"priceEach":250,"taxEach":{"amount":0},"discountEach":{"amount":0},"pvEach":150},"quantityLimit":{"quantityQuota":-1,"timeFrameDays":-1,"quantityOrdered":0}}]},"currency":"CAD"},{"lines":{"items":[{"item":{"href":"https://hydraqa.unicity.net/v5a-test/items/3ddd31ddbe0e5807756d2488e7cc3602","id":{"unicity":"31440"}},"quantity":1,"terms":{"priceEach":40,"taxEach":{"amount":0},"discountEach":{"amount":0},"pvEach":0},"quantityLimit":{"quantityQuota":-1,"timeFrameDays":-1,"quantityOrdered":0}}]},"currency":"CAD"},{"lines":{"items":[{"item":{"href":"https://hydraqa.unicity.net/v5a-test/items/5990c3ea5f48eb212ab30fd557f75397","id":{"unicity":"31442"}},"quantity":1,"terms":{"priceEach":40,"taxEach":{"amount":0},"discountEach":{"amount":0},"pvEach":0},"quantityLimit":{"quantityQuota":-1,"timeFrameDays":-1,"quantityOrdered":0}}]},"currency":"CAD"},{"lines":{"items":[{"item":{"href":"https://hydraqa.unicity.net/v5a-test/items/576e0ebc8d1f5b26fc89bf3cd47a26c6","id":{"unicity":"26572"}},"quantity":1,"terms":{"priceEach":96,"taxEach":{"amount":0},"discountEach":{"amount":0},"pvEach":56},"quantityLimit":{"quantityQuota":-1,"timeFrameDays":-1,"quantityOrdered":0}}]},"currency":"CAD"},{"lines":{"items":[{"item":{"href":"https://hydraqa.unicity.net/v5a-test/items/46ea1edabdcf18f49817c437346958eb","id":{"unicity":"29147"}},"quantity":1,"terms":{"priceEach":74,"taxEach":{"amount":0},"discountEach":{"amount":0},"pvEach":33},"quantityLimit":{"quantityQuota":-1,"timeFrameDays":-1,"quantityOrdered":0}}]},"currency":"CAD"},{"lines":{"items":[{"item":{"href":"https://hydraqa.unicity.net/v5a-test/items/e77144fa2fcf6a4dc73c15b4d615c1aa","id":{"unicity":"28437"}},"quantity":1,"terms":{"priceEach":74,"taxEach":{"amount":0},"discountEach":{"amount":0},"pvEach":33},"quantityLimit":{"quantityQuota":-1,"timeFrameDays":-1,"quantityOrdered":0}}]},"currency":"CAD"},{"lines":{"items":[{"item":{"href":"https://hydraqa.unicity.net/v5a-test/items/8407b62b9c4120aa3dfe25c9feb76e4a","id":{"unicity":"28591"}},"quantity":1,"terms":{"priceEach":21,"taxEach":{"amount":0},"discountEach":{"amount":0},"pvEach":15},"quantityLimit":{"quantityQuota":-1,"timeFrameDays":-1,"quantityOrdered":0}}]},"currency":"CAD"},{"lines":{"items":[{"item":{"href":"https://hydraqa.unicity.net/v5a-test/items/10da226fab00279b4f89df10af2a10b7","id":{"unicity":"26442"}},"quantity":1,"terms":{"priceEach":9,"taxEach":{"amount":0},"discountEach":{"amount":0},"pvEach":0},"quantityLimit":{"quantityQuota":-1,"timeFrameDays":-1,"quantityOrdered":0}}]},"currency":"CAD"},{"lines":{"items":[{"item":{"href":"https://hydraqa.unicity.net/v5a-test/items/60b5ca15c481444657970edde11b04ce","id":{"unicity":"26571"}},"quantity":1,"terms":{"priceEach":96,"taxEach":{"amount":0},"discountEach":{"amount":0},"pvEach":56},"quantityLimit":{"quantityQuota":-1,"timeFrameDays":-1,"quantityOrdered":0}}]},"currency":"CAD"},{"lines":{"items":[{"item":{"href":"https://hydraqa.unicity.net/v5a-test/items/1785a19a6bf5472c7c1ded08cb7fd083","id":{"unicity":"28326"}},"quantity":1,"terms":{"priceEach":1755,"taxEach":{"amount":0},"discountEach":{"amount":0},"pvEach":1000},"quantityLimit":{"quantityQuota":-1,"timeFrameDays":-1,"quantityOrdered":0}}]},"currency":"CAD"},{"lines":{"items":[{"item":{"href":"https://hydraqa.unicity.net/v5a-test/items/4b1b6b6007d154296fd6c4044c789f67","id":{"unicity":"28329"}},"quantity":1,"terms":{"priceEach":250,"taxEach":{"amount":0},"discountEach":{"amount":0},"pvEach":150},"quantityLimit":{"quantityQuota":-1,"timeFrameDays":-1,"quantityOrdered":0}}]},"currency":"CAD"},{"lines":{"items":[{"item":{"href":"https://hydraqa.unicity.net/v5a-test/items/2ffc1563d3d0fd7121ca5b1c2184988e","id":{"unicity":"28428"}},"quantity":1,"terms":{"priceEach":97,"taxEach":{"amount":0},"discountEach":{"amount":0},"pvEach":62},"quantityLimit":{"quantityQuota":-1,"timeFrameDays":-1,"quantityOrdered":0}}]},"currency":"CAD"},{"lines":{"items":[{"item":{"href":"https://hydraqa.unicity.net/v5a-test/items/637af131553f5822bef2bb0f0577b2e9","id":{"unicity":"28160"}},"quantity":1,"terms":{"priceEach":103,"taxEach":{"amount":0},"discountEach":{"amount":0},"pvEach":62},"quantityLimit":{"quantityQuota":-1,"timeFrameDays":-1,"quantityOrdered":0}}]},"currency":"CAD"},{"lines":{"items":[{"item":{"href":"https://hydraqa.unicity.net/v5a-test/items/c4744f6ba328b983bfffc7e1e4416ff3","id":{"unicity":"26565"}},"quantity":1,"terms":{"priceEach":102,"taxEach":{"amount":0},"discountEach":{"amount":0},"pvEach":64},"quantityLimit":{"quantityQuota":-1,"timeFrameDays":-1,"quantityOrdered":0}}]},"currency":"CAD"},{"lines":{"items":[{"item":{"href":"https://hydraqa.unicity.net/v5a-test/items/fe97499574f54ccd16daec7361208411","id":{"unicity":"26570"}},"quantity":1,"terms":{"priceEach":23,"taxEach":{"amount":0},"discountEach":{"amount":0},"pvEach":13},"quantityLimit":{"quantityQuota":-1,"timeFrameDays":-1,"quantityOrdered":0}}]},"currency":"CAD"},{"lines":{"items":[{"item":{"href":"https://hydraqa.unicity.net/v5a-test/items/ae14f4659032c9e8591a7ac76abd1ad5","id":{"unicity":"26569"}},"quantity":1,"terms":{"priceEach":44,"taxEach":{"amount":0},"discountEach":{"amount":0},"pvEach":30},"quantityLimit":{"quantityQuota":-1,"timeFrameDays":-1,"quantityOrdered":0}}]},"currency":"CAD"},{"lines":{"items":[{"item":{"href":"https://hydraqa.unicity.net/v5a-test/items/351c19047c5c800d2db6963b3af5df78","id":{"unicity":"27080"}},"quantity":1,"terms":{"priceEach":58,"taxEach":{"amount":0},"discountEach":{"amount":0},"pvEach":35},"quantityLimit":{"quantityQuota":-1,"timeFrameDays":-1,"quantityOrdered":0}}]},"currency":"CAD"},{"lines":{"items":[{"item":{"href":"https://hydraqa.unicity.net/v5a-test/items/f847ce37f5942a226f74e671c86709f8","id":{"unicity":"28787"}},"quantity":1,"terms":{"priceEach":33,"taxEach":{"amount":0},"discountEach":{"amount":0},"pvEach":17},"quantityLimit":{"quantityQuota":-1,"timeFrameDays":-1,"quantityOrdered":0}}]},"currency":"CAD"},{"lines":{"items":[{"item":{"href":"https://hydraqa.unicity.net/v5a-test/items/b24413d1812bb9c95ba6ff7e26bad8ff","id":{"unicity":"26566"}},"quantity":1,"terms":{"priceEach":47,"taxEach":{"amount":0},"discountEach":{"amount":0},"pvEach":32},"quantityLimit":{"quantityQuota":-1,"timeFrameDays":-1,"quantityOrdered":0}}]},"currency":"CAD"},{"lines":{"items":[{"item":{"href":"https://hydraqa.unicity.net/v5a-test/items/6e0e7450f45cb9412e5b4642dd1469cb","id":{"unicity":"26579"}},"quantity":1,"terms":{"priceEach":21,"taxEach":{"amount":0},"discountEach":{"amount":0},"pvEach":13},"quantityLimit":{"quantityQuota":-1,"timeFrameDays":-1,"quantityOrdered":0}}]},"currency":"CAD"},{"lines":{"items":[{"item":{"href":"https://hydraqa.unicity.net/v5a-test/items/828f9b5bdbceaa7cd3ca6a4532632635","id":{"unicity":"19356"}},"quantity":1,"terms":{"priceEach":36,"taxEach":{"amount":0},"discountEach":{"amount":0},"pvEach":21},"quantityLimit":{"quantityQuota":-1,"timeFrameDays":-1,"quantityOrdered":0}}]},"currency":"CAD"},{"lines":{"items":[{"item":{"href":"https://hydraqa.unicity.net/v5a-test/items/cb1cb2d293cc48affee9b2026c31313a","id":{"unicity":"28928"}},"quantity":1,"terms":{"priceEach":41,"taxEach":{"amount":0},"discountEach":{"amount":0},"pvEach":13},"quantityLimit":{"quantityQuota":-1,"timeFrameDays":-1,"quantityOrdered":0}}]},"currency":"CAD"},{"lines":{"items":[{"item":{"href":"https://hydraqa.unicity.net/v5a-test/items/a40ede5f6847ec094ad8a38616ced7d0","id":{"unicity":"28100"}},"quantity":1,"terms":{"priceEach":40,"taxEach":{"amount":0},"discountEach":{"amount":0},"pvEach":25},"quantityLimit":{"quantityQuota":-1,"timeFrameDays":-1,"quantityOrdered":0}}]},"currency":"CAD"},{"lines":{"items":[{"item":{"href":"https://hydraqa.unicity.net/v5a-test/items/1b0412bea8c0b841c66f65a36aa14108","id":{"unicity":"29191"}},"quantity":1,"terms":{"priceEach":83,"taxEach":{"amount":0},"discountEach":{"amount":0},"pvEach":36},"quantityLimit":{"quantityQuota":-1,"timeFrameDays":-1,"quantityOrdered":0}}]},"currency":"CAD"},{"lines":{"items":[{"item":{"href":"https://hydraqa.unicity.net/v5a-test/items/e84750c27b2b9f10e6b4d2ab5a1954ba","id":{"unicity":"30115"}},"quantity":1,"terms":{"priceEach":110,"taxEach":{"amount":0},"discountEach":{"amount":0},"pvEach":56},"quantityLimit":{"quantityQuota":-1,"timeFrameDays":-1,"quantityOrdered":0}}]},"currency":"CAD"},{"lines":{"items":[{"item":{"href":"https://hydraqa.unicity.net/v5a-test/items/42d7ab6b9834716f6ebdd66f1a86d7b1","id":{"unicity":"30980"}},"quantity":1,"terms":{"priceEach":20,"taxEach":{"amount":0},"discountEach":{"amount":0},"pvEach":8},"quantityLimit":{"quantityQuota":-1,"timeFrameDays":-1,"quantityOrdered":0}}]},"currency":"CAD"},{"lines":{"items":[{"item":{"href":"https://hydraqa.unicity.net/v5a-test/items/0e78fbdfebef11cd62f8d2120064ee58","id":{"unicity":"30280"}},"quantity":1,"terms":{"priceEach":55,"taxEach":{"amount":0},"discountEach":{"amount":0},"pvEach":24},"quantityLimit":{"quantityQuota":-1,"timeFrameDays":-1,"quantityOrdered":0}}]},"currency":"CAD"},{"lines":{"items":[{"item":{"href":"https://hydraqa.unicity.net/v5a-test/items/5c430db0256426c4b730bc6994a94a02","id":{"unicity":"31773"}},"quantity":1,"terms":{"priceEach":30,"taxEach":{"amount":0},"discountEach":{"amount":0},"pvEach":13},"quantityLimit":{"quantityQuota":-1,"timeFrameDays":-1,"quantityOrdered":0}}]},"currency":"CAD"},{"lines":{"items":[{"item":{"href":"https://hydraqa.unicity.net/v5a-test/items/cfc721c9fb00317ed614492f65f21460","id":{"unicity":"31288"}},"quantity":1,"terms":{"priceEach":51,"taxEach":{"amount":0},"discountEach":{"amount":0},"pvEach":30},"quantityLimit":{"quantityQuota":-1,"timeFrameDays":-1,"quantityOrdered":0}}]},"currency":"CAD"},{"lines":{"items":[{"item":{"href":"https://hydraqa.unicity.net/v5a-test/items/4916b998c4d0c83c68449a17ea6c1e4c","id":{"unicity":"33457"}},"quantity":1,"terms":{"priceEach":199,"taxEach":{"amount":0},"discountEach":{"amount":0},"pvEach":116},"quantityLimit":{"quantityQuota":-1,"timeFrameDays":-1,"quantityOrdered":0}}]},"currency":"CAD"}]}
Entry request : {"order":{"customer":{"href":"https://hydraqa.unicity.net/v5a-test/customers?type=Associate"},"shipToAddress":{"country":"CA"}},"vary":{"lines":{"items":[{"item":{"href":"https://hydraqa.unicity.net/v5a-test/items?id.unicity=26993|31440|31442|27184|28327|26994|26995|28330|28331|26572|29449|29147|28437|28591|26580|26442|28370|26571|28326|28328|28329|28428|28160|26565|26570|26569|27589|27080|28787|26566|26579|19356|28928|20436|28100|28845|29183|29185|29191|30115|30980|31110|30280|31773|31288|33457"}}]}}}
]]></system-out>
    <system-err><![CDATA[Starting ChromeDriver 2.36.540470 (e522d04694c7ebea4ba8821272dbef4f9b818c91) on port 4029
Only local connections are allowed.
Jan 21, 2021 10:10:21 AM org.openqa.selenium.remote.ProtocolHandshake createSession
INFO: Detected dialect: OSS
]]></system-err>
  </testcase>
  <testcase name="Enroll" classname="Tests.FranchisePartner" time="91.631">
    <failure message="Major Customization error" type="java.lang.AssertionError">java.lang.AssertionError: Major Customization error
	at Tests.FranchisePartner.Enroll(FranchisePartner.java:257)
</failure>
    <system-out><![CDATA[Request URL: https://hydraqa.unicity.net/v5a-test/quotes?&expand=item
Entry Quotes response : {"items":[{"lines":{"items":[{"item":{"href":"https://hydraqa.unicity.net/v5a-test/items/bb1a7c3a2902e2cbc4cb2a22fdf1f499","id":{"unicity":"26993"}},"quantity":1,"terms":{"priceEach":250,"taxEach":{"amount":0},"discountEach":{"amount":0},"pvEach":150},"quantityLimit":{"quantityQuota":-1,"timeFrameDays":-1,"quantityOrdered":0}}]},"currency":"CAD"},{"lines":{"items":[{"item":{"href":"https://hydraqa.unicity.net/v5a-test/items/3ddd31ddbe0e5807756d2488e7cc3602","id":{"unicity":"31440"}},"quantity":1,"terms":{"priceEach":40,"taxEach":{"amount":0},"discountEach":{"amount":0},"pvEach":0},"quantityLimit":{"quantityQuota":-1,"timeFrameDays":-1,"quantityOrdered":0}}]},"currency":"CAD"},{"lines":{"items":[{"item":{"href":"https://hydraqa.unicity.net/v5a-test/items/5990c3ea5f48eb212ab30fd557f75397","id":{"unicity":"31442"}},"quantity":1,"terms":{"priceEach":40,"taxEach":{"amount":0},"discountEach":{"amount":0},"pvEach":0},"quantityLimit":{"quantityQuota":-1,"timeFrameDays":-1,"quantityOrdered":0}}]},"currency":"CAD"},{"lines":{"items":[{"item":{"href":"https://hydraqa.unicity.net/v5a-test/items/576e0ebc8d1f5b26fc89bf3cd47a26c6","id":{"unicity":"26572"}},"quantity":1,"terms":{"priceEach":96,"taxEach":{"amount":0},"discountEach":{"amount":0},"pvEach":56},"quantityLimit":{"quantityQuota":-1,"timeFrameDays":-1,"quantityOrdered":0}}]},"currency":"CAD"},{"lines":{"items":[{"item":{"href":"https://hydraqa.unicity.net/v5a-test/items/46ea1edabdcf18f49817c437346958eb","id":{"unicity":"29147"}},"quantity":1,"terms":{"priceEach":74,"taxEach":{"amount":0},"discountEach":{"amount":0},"pvEach":33},"quantityLimit":{"quantityQuota":-1,"timeFrameDays":-1,"quantityOrdered":0}}]},"currency":"CAD"},{"lines":{"items":[{"item":{"href":"https://hydraqa.unicity.net/v5a-test/items/e77144fa2fcf6a4dc73c15b4d615c1aa","id":{"unicity":"28437"}},"quantity":1,"terms":{"priceEach":74,"taxEach":{"amount":0},"discountEach":{"amount":0},"pvEach":33},"quantityLimit":{"quantityQuota":-1,"timeFrameDays":-1,"quantityOrdered":0}}]},"currency":"CAD"},{"lines":{"items":[{"item":{"href":"https://hydraqa.unicity.net/v5a-test/items/8407b62b9c4120aa3dfe25c9feb76e4a","id":{"unicity":"28591"}},"quantity":1,"terms":{"priceEach":21,"taxEach":{"amount":0},"discountEach":{"amount":0},"pvEach":15},"quantityLimit":{"quantityQuota":-1,"timeFrameDays":-1,"quantityOrdered":0}}]},"currency":"CAD"},{"lines":{"items":[{"item":{"href":"https://hydraqa.unicity.net/v5a-test/items/10da226fab00279b4f89df10af2a10b7","id":{"unicity":"26442"}},"quantity":1,"terms":{"priceEach":9,"taxEach":{"amount":0},"discountEach":{"amount":0},"pvEach":0},"quantityLimit":{"quantityQuota":-1,"timeFrameDays":-1,"quantityOrdered":0}}]},"currency":"CAD"},{"lines":{"items":[{"item":{"href":"https://hydraqa.unicity.net/v5a-test/items/60b5ca15c481444657970edde11b04ce","id":{"unicity":"26571"}},"quantity":1,"terms":{"priceEach":96,"taxEach":{"amount":0},"discountEach":{"amount":0},"pvEach":56},"quantityLimit":{"quantityQuota":-1,"timeFrameDays":-1,"quantityOrdered":0}}]},"currency":"CAD"},{"lines":{"items":[{"item":{"href":"https://hydraqa.unicity.net/v5a-test/items/1785a19a6bf5472c7c1ded08cb7fd083","id":{"unicity":"28326"}},"quantity":1,"terms":{"priceEach":1755,"taxEach":{"amount":0},"discountEach":{"amount":0},"pvEach":1000},"quantityLimit":{"quantityQuota":-1,"timeFrameDays":-1,"quantityOrdered":0}}]},"currency":"CAD"},{"lines":{"items":[{"item":{"href":"https://hydraqa.unicity.net/v5a-test/items/4b1b6b6007d154296fd6c4044c789f67","id":{"unicity":"28329"}},"quantity":1,"terms":{"priceEach":250,"taxEach":{"amount":0},"discountEach":{"amount":0},"pvEach":150},"quantityLimit":{"quantityQuota":-1,"timeFrameDays":-1,"quantityOrdered":0}}]},"currency":"CAD"},{"lines":{"items":[{"item":{"href":"https://hydraqa.unicity.net/v5a-test/items/2ffc1563d3d0fd7121ca5b1c2184988e","id":{"unicity":"28428"}},"quantity":1,"terms":{"priceEach":97,"taxEach":{"amount":0},"discountEach":{"amount":0},"pvEach":62},"quantityLimit":{"quantityQuota":-1,"timeFrameDays":-1,"quantityOrdered":0}}]},"currency":"CAD"},{"lines":{"items":[{"item":{"href":"https://hydraqa.unicity.net/v5a-test/items/637af131553f5822bef2bb0f0577b2e9","id":{"unicity":"28160"}},"quantity":1,"terms":{"priceEach":103,"taxEach":{"amount":0},"discountEach":{"amount":0},"pvEach":62},"quantityLimit":{"quantityQuota":-1,"timeFrameDays":-1,"quantityOrdered":0}}]},"currency":"CAD"},{"lines":{"items":[{"item":{"href":"https://hydraqa.unicity.net/v5a-test/items/c4744f6ba328b983bfffc7e1e4416ff3","id":{"unicity":"26565"}},"quantity":1,"terms":{"priceEach":102,"taxEach":{"amount":0},"discountEach":{"amount":0},"pvEach":64},"quantityLimit":{"quantityQuota":-1,"timeFrameDays":-1,"quantityOrdered":0}}]},"currency":"CAD"},{"lines":{"items":[{"item":{"href":"https://hydraqa.unicity.net/v5a-test/items/fe97499574f54ccd16daec7361208411","id":{"unicity":"26570"}},"quantity":1,"terms":{"priceEach":23,"taxEach":{"amount":0},"discountEach":{"amount":0},"pvEach":13},"quantityLimit":{"quantityQuota":-1,"timeFrameDays":-1,"quantityOrdered":0}}]},"currency":"CAD"},{"lines":{"items":[{"item":{"href":"https://hydraqa.unicity.net/v5a-test/items/ae14f4659032c9e8591a7ac76abd1ad5","id":{"unicity":"26569"}},"quantity":1,"terms":{"priceEach":44,"taxEach":{"amount":0},"discountEach":{"amount":0},"pvEach":30},"quantityLimit":{"quantityQuota":-1,"timeFrameDays":-1,"quantityOrdered":0}}]},"currency":"CAD"},{"lines":{"items":[{"item":{"href":"https://hydraqa.unicity.net/v5a-test/items/351c19047c5c800d2db6963b3af5df78","id":{"unicity":"27080"}},"quantity":1,"terms":{"priceEach":58,"taxEach":{"amount":0},"discountEach":{"amount":0},"pvEach":35},"quantityLimit":{"quantityQuota":-1,"timeFrameDays":-1,"quantityOrdered":0}}]},"currency":"CAD"},{"lines":{"items":[{"item":{"href":"https://hydraqa.unicity.net/v5a-test/items/f847ce37f5942a226f74e671c86709f8","id":{"unicity":"28787"}},"quantity":1,"terms":{"priceEach":33,"taxEach":{"amount":0},"discountEach":{"amount":0},"pvEach":17},"quantityLimit":{"quantityQuota":-1,"timeFrameDays":-1,"quantityOrdered":0}}]},"currency":"CAD"},{"lines":{"items":[{"item":{"href":"https://hydraqa.unicity.net/v5a-test/items/b24413d1812bb9c95ba6ff7e26bad8ff","id":{"unicity":"26566"}},"quantity":1,"terms":{"priceEach":47,"taxEach":{"amount":0},"discountEach":{"amount":0},"pvEach":32},"quantityLimit":{"quantityQuota":-1,"timeFrameDays":-1,"quantityOrdered":0}}]},"currency":"CAD"},{"lines":{"items":[{"item":{"href":"https://hydraqa.unicity.net/v5a-test/items/6e0e7450f45cb9412e5b4642dd1469cb","id":{"unicity":"26579"}},"quantity":1,"terms":{"priceEach":21,"taxEach":{"amount":0},"discountEach":{"amount":0},"pvEach":13},"quantityLimit":{"quantityQuota":-1,"timeFrameDays":-1,"quantityOrdered":0}}]},"currency":"CAD"},{"lines":{"items":[{"item":{"href":"https://hydraqa.unicity.net/v5a-test/items/828f9b5bdbceaa7cd3ca6a4532632635","id":{"unicity":"19356"}},"quantity":1,"terms":{"priceEach":36,"taxEach":{"amount":0},"discountEach":{"amount":0},"pvEach":21},"quantityLimit":{"quantityQuota":-1,"timeFrameDays":-1,"quantityOrdered":0}}]},"currency":"CAD"},{"lines":{"items":[{"item":{"href":"https://hydraqa.unicity.net/v5a-test/items/cb1cb2d293cc48affee9b2026c31313a","id":{"unicity":"28928"}},"quantity":1,"terms":{"priceEach":41,"taxEach":{"amount":0},"discountEach":{"amount":0},"pvEach":13},"quantityLimit":{"quantityQuota":-1,"timeFrameDays":-1,"quantityOrdered":0}}]},"currency":"CAD"},{"lines":{"items":[{"item":{"href":"https://hydraqa.unicity.net/v5a-test/items/a40ede5f6847ec094ad8a38616ced7d0","id":{"unicity":"28100"}},"quantity":1,"terms":{"priceEach":40,"taxEach":{"amount":0},"discountEach":{"amount":0},"pvEach":25},"quantityLimit":{"quantityQuota":-1,"timeFrameDays":-1,"quantityOrdered":0}}]},"currency":"CAD"},{"lines":{"items":[{"item":{"href":"https://hydraqa.unicity.net/v5a-test/items/1b0412bea8c0b841c66f65a36aa14108","id":{"unicity":"29191"}},"quantity":1,"terms":{"priceEach":83,"taxEach":{"amount":0},"discountEach":{"amount":0},"pvEach":36},"quantityLimit":{"quantityQuota":-1,"timeFrameDays":-1,"quantityOrdered":0}}]},"currency":"CAD"},{"lines":{"items":[{"item":{"href":"https://hydraqa.unicity.net/v5a-test/items/e84750c27b2b9f10e6b4d2ab5a1954ba","id":{"unicity":"30115"}},"quantity":1,"terms":{"priceEach":110,"taxEach":{"amount":0},"discountEach":{"amount":0},"pvEach":56},"quantityLimit":{"quantityQuota":-1,"timeFrameDays":-1,"quantityOrdered":0}}]},"currency":"CAD"},{"lines":{"items":[{"item":{"href":"https://hydraqa.unicity.net/v5a-test/items/42d7ab6b9834716f6ebdd66f1a86d7b1","id":{"unicity":"30980"}},"quantity":1,"terms":{"priceEach":20,"taxEach":{"amount":0},"discountEach":{"amount":0},"pvEach":8},"quantityLimit":{"quantityQuota":-1,"timeFrameDays":-1,"quantityOrdered":0}}]},"currency":"CAD"},{"lines":{"items":[{"item":{"href":"https://hydraqa.unicity.net/v5a-test/items/0e78fbdfebef11cd62f8d2120064ee58","id":{"unicity":"30280"}},"quantity":1,"terms":{"priceEach":55,"taxEach":{"amount":0},"discountEach":{"amount":0},"pvEach":24},"quantityLimit":{"quantityQuota":-1,"timeFrameDays":-1,"quantityOrdered":0}}]},"currency":"CAD"},{"lines":{"items":[{"item":{"href":"https://hydraqa.unicity.net/v5a-test/items/5c430db0256426c4b730bc6994a94a02","id":{"unicity":"31773"}},"quantity":1,"terms":{"priceEach":30,"taxEach":{"amount":0},"discountEach":{"amount":0},"pvEach":13},"quantityLimit":{"quantityQuota":-1,"timeFrameDays":-1,"quantityOrdered":0}}]},"currency":"CAD"},{"lines":{"items":[{"item":{"href":"https://hydraqa.unicity.net/v5a-test/items/cfc721c9fb00317ed614492f65f21460","id":{"unicity":"31288"}},"quantity":1,"terms":{"priceEach":51,"taxEach":{"amount":0},"discountEach":{"amount":0},"pvEach":30},"quantityLimit":{"quantityQuota":-1,"timeFrameDays":-1,"quantityOrdered":0}}]},"currency":"CAD"},{"lines":{"items":[{"item":{"href":"https://hydraqa.unicity.net/v5a-test/items/4916b998c4d0c83c68449a17ea6c1e4c","id":{"unicity":"33457"}},"quantity":1,"terms":{"priceEach":199,"taxEach":{"amount":0},"discountEach":{"amount":0},"pvEach":116},"quantityLimit":{"quantityQuota":-1,"timeFrameDays":-1,"quantityOrdered":0}}]},"currency":"CAD"}]}
Entry request : {"order":{"customer":{"href":"https://hydraqa.unicity.net/v5a-test/customers?type=Associate"},"shipToAddress":{"country":"CA"}},"vary":{"lines":{"items":[{"item":{"href":"https://hydraqa.unicity.net/v5a-test/items?id.unicity=26993|31440|31442|27184|28327|26994|26995|28330|28331|26572|29449|29147|28437|28591|26580|26442|28370|26571|28326|28328|28329|28428|28160|26565|26570|26569|27589|27080|28787|26566|26579|19356|28928|20436|28100|28845|29183|29185|29191|30115|30980|31110|30280|31773|31288|33457"}}]}}}
]]></system-out>
    <system-err><![CDATA[Starting ChromeDriver 2.36.540470 (e522d04694c7ebea4ba8821272dbef4f9b818c91) on port 7311
Only local connections are allowed.
Jan 21, 2021 10:12:00 AM org.openqa.selenium.remote.ProtocolHandshake createSession
INFO: Detected dialect: OSS
]]></system-err>
  </testcase>
  <testcase name="Enroll" classname="Tests.FranchisePartner" time="251.046">
    <failure message="no such element: Unable to locate element: {&quot;method&quot;:&quot;xpath&quot;,&quot;selector&quot;:&quot;(//div[contains(@class,&apos;col-xs-5 text-right&apos;)])[5]&quot;}&#10;  (Session info: chrome=87.0.4280.141)&#10;  (Driver info: chromedriver=2.36.540470 (e522d04694c7ebea4ba8821272dbef4f9b818c91),platform=Windows NT 6.3.9600 x86_64) (WARNING: The server did not provide any stacktrace information)&#10;Command duration or timeout: 0 milliseconds&#10;For documentation on this error, please visit: http://seleniumhq.org/exceptions/no_such_element.html&#10;Build info: version: &apos;3.8.1&apos;, revision: &apos;6e95a6684b&apos;, time: &apos;2017-12-01T18:33:54.468Z&apos;&#10;System info: host: &apos;QASERVER01&apos;, ip: &apos;10.2.0.23&apos;, os.name: &apos;Windows Server 2012 R2&apos;, os.arch: &apos;amd64&apos;, os.version: &apos;6.3&apos;, java.version: &apos;1.8.0_111&apos;&#10;Driver info: org.openqa.selenium.chrome.ChromeDriver&#10;Capabilities {acceptInsecureCerts: false, acceptSslCerts: false, applicationCacheEnabled: false, browserConnectionEnabled: false, browserName: chrome, chrome: {chromedriverVersion: 2.36.540470 (e522d04694c7eb..., userDataDir: C:\Users\sumancb\AppData\Lo...}, cssSelectorsEnabled: true, databaseEnabled: false, handlesAlerts: true, hasTouchScreen: false, javascriptEnabled: true, locationContextEnabled: true, mobileEmulationEnabled: false, nativeEvents: true, networkConnectionEnabled: false, pageLoadStrategy: normal, platform: XP, platformName: XP, rotatable: false, setWindowRect: true, takesHeapSnapshot: true, takesScreenshot: true, unexpectedAlertBehaviour: , unhandledPromptBehavior: , version: 87.0.4280.141, webStorageEnabled: true}&#10;Session ID: 18e8adf804321b0cff4786aeff9291de&#10;*** Element info: {Using=xpath, value=(//div[contains(@class,&apos;col-xs-5 text-right&apos;)])[5]}" type="org.openqa.selenium.NoSuchElementException">org.openqa.selenium.NoSuchElementException: 
no such element: Unable to locate element: {"method":"xpath","selector":"(//div[contains(@class,'col-xs-5 text-right')])[5]"}
  (Session info: chrome=87.0.4280.141)
  (Driver info: chromedriver=2.36.540470 (e522d04694c7ebea4ba8821272dbef4f9b818c91),platform=Windows NT 6.3.9600 x86_64) (WARNING: The server did not provide any stacktrace information)
Command duration or timeout: 0 milliseconds
For documentation on this error, please visit: http://seleniumhq.org/exceptions/no_such_element.html
Build info: version: '3.8.1', revision: '6e95a6684b', time: '2017-12-01T18:33:54.468Z'
System info: host: 'QASERVER01', ip: '10.2.0.23', os.name: 'Windows Server 2012 R2', os.arch: 'amd64', os.version: '6.3', java.version: '1.8.0_111'
Driver info: org.openqa.selenium.chrome.ChromeDriver
Capabilities {acceptInsecureCerts: false, acceptSslCerts: false, applicationCacheEnabled: false, browserConnectionEnabled: false, browserName: chrome, chrome: {chromedriverVersion: 2.36.540470 (e522d04694c7eb..., userDataDir: C:\Users\sumancb\AppData\Lo...}, cssSelectorsEnabled: true, databaseEnabled: false, handlesAlerts: true, hasTouchScreen: false, javascriptEnabled: true, locationContextEnabled: true, mobileEmulationEnabled: false, nativeEvents: true, networkConnectionEnabled: false, pageLoadStrategy: normal, platform: XP, platformName: XP, rotatable: false, setWindowRect: true, takesHeapSnapshot: true, takesScreenshot: true, unexpectedAlertBehaviour: , unhandledPromptBehavior: , version: 87.0.4280.141, webStorageEnabled: true}
Session ID: 18e8adf804321b0cff4786aeff9291de
*** Element info: {Using=xpath, value=(//div[contains(@class,'col-xs-5 text-right')])[5]}
	at Tests.FranchisePartner.Enroll(FranchisePartner.java:261)
</failure>
    <system-out><![CDATA[Request URL: https://hydraqa.unicity.net/v5a-test/customers.js?_httpMethod=HEAD&callback=angular.callbacks._8&email=CHMGJC@gmail.com
]]></system-out>
    <system-err><![CDATA[Starting ChromeDriver 2.36.540470 (e522d04694c7ebea4ba8821272dbef4f9b818c91) on port 19171
Only local connections are allowed.
Jan 21, 2021 10:13:39 AM org.openqa.selenium.remote.ProtocolHandshake createSession
INFO: Detected dialect: OSS
]]></system-err>
  </testcase>
  <testcase name="Enroll" classname="Tests.FranchisePartner" time="289.456"/>
  <testcase name="Enroll" classname="Tests.FranchisePartner" time="285.302"/>
  <testcase name="Enroll" classname="Tests.FranchisePartner" time="342.714"/>
  <testcase name="Enroll" classname="Tests.FranchisePartner" time="292.813"/>
  <testcase name="Enroll" classname="Tests.FranchisePartner" time="309.696"/>
  <testcase name="Enroll" classname="Tests.FranchisePartner" time="273.394"/>
  <testcase name="Enroll" classname="Tests.FranchisePartner" time="302.542"/>
  <testcase name="Enroll" classname="Tests.FranchisePartner" time="305.046"/>
  <testcase name="Enroll" classname="Tests.FranchisePartner" time="313.853"/>
  <testcase name="Enroll" classname="Tests.FranchisePartner" time="109.631"/>
  <testcase name="Enroll" classname="Tests.FranchisePartner" time="270.331"/>
  <testcase name="Enroll" classname="Tests.FranchisePartner" time="279.583"/>
  <testcase name="Enroll" classname="Tests.FranchisePartner" time="80.219">
    <failure message="no such element: Unable to locate element: {&quot;method&quot;:&quot;xpath&quot;,&quot;selector&quot;:&quot;(//li[contains(@class, &apos;businesspack&apos;)]//p//span)[1]&quot;}&#10;  (Session info: chrome=87.0.4280.141)&#10;  (Driver info: chromedriver=2.36.540470 (e522d04694c7ebea4ba8821272dbef4f9b818c91),platform=Windows NT 6.3.9600 x86_64) (WARNING: The server did not provide any stacktrace information)&#10;Command duration or timeout: 0 milliseconds&#10;For documentation on this error, please visit: http://seleniumhq.org/exceptions/no_such_element.html&#10;Build info: version: &apos;3.8.1&apos;, revision: &apos;6e95a6684b&apos;, time: &apos;2017-12-01T18:33:54.468Z&apos;&#10;System info: host: &apos;QASERVER01&apos;, ip: &apos;10.2.0.23&apos;, os.name: &apos;Windows Server 2012 R2&apos;, os.arch: &apos;amd64&apos;, os.version: &apos;6.3&apos;, java.version: &apos;1.8.0_111&apos;&#10;Driver info: org.openqa.selenium.chrome.ChromeDriver&#10;Capabilities {acceptInsecureCerts: false, acceptSslCerts: false, applicationCacheEnabled: false, browserConnectionEnabled: false, browserName: chrome, chrome: {chromedriverVersion: 2.36.540470 (e522d04694c7eb..., userDataDir: C:\Users\sumancb\AppData\Lo...}, cssSelectorsEnabled: true, databaseEnabled: false, handlesAlerts: true, hasTouchScreen: false, javascriptEnabled: true, locationContextEnabled: true, mobileEmulationEnabled: false, nativeEvents: true, networkConnectionEnabled: false, pageLoadStrategy: normal, platform: XP, platformName: XP, rotatable: false, setWindowRect: true, takesHeapSnapshot: true, takesScreenshot: true, unexpectedAlertBehaviour: , unhandledPromptBehavior: , version: 87.0.4280.141, webStorageEnabled: true}&#10;Session ID: e888df1a4857af735adb3995060f1468&#10;*** Element info: {Using=xpath, value=(//li[contains(@class, &apos;businesspack&apos;)]//p//span)[1]}" type="org.openqa.selenium.NoSuchElementException">org.openqa.selenium.NoSuchElementException: 
no such element: Unable to locate element: {"method":"xpath","selector":"(//li[contains(@class, 'businesspack')]//p//span)[1]"}
  (Session info: chrome=87.0.4280.141)
  (Driver info: chromedriver=2.36.540470 (e522d04694c7ebea4ba8821272dbef4f9b818c91),platform=Windows NT 6.3.9600 x86_64) (WARNING: The server did not provide any stacktrace information)
Command duration or timeout: 0 milliseconds
For documentation on this error, please visit: http://seleniumhq.org/exceptions/no_such_element.html
Build info: version: '3.8.1', revision: '6e95a6684b', time: '2017-12-01T18:33:54.468Z'
System info: host: 'QASERVER01', ip: '10.2.0.23', os.name: 'Windows Server 2012 R2', os.arch: 'amd64', os.version: '6.3', java.version: '1.8.0_111'
Driver info: org.openqa.selenium.chrome.ChromeDriver
Capabilities {acceptInsecureCerts: false, acceptSslCerts: false, applicationCacheEnabled: false, browserConnectionEnabled: false, browserName: chrome, chrome: {chromedriverVersion: 2.36.540470 (e522d04694c7eb..., userDataDir: C:\Users\sumancb\AppData\Lo...}, cssSelectorsEnabled: true, databaseEnabled: false, handlesAlerts: true, hasTouchScreen: false, javascriptEnabled: true, locationContextEnabled: true, mobileEmulationEnabled: false, nativeEvents: true, networkConnectionEnabled: false, pageLoadStrategy: normal, platform: XP, platformName: XP, rotatable: false, setWindowRect: true, takesHeapSnapshot: true, takesScreenshot: true, unexpectedAlertBehaviour: , unhandledPromptBehavior: , version: 87.0.4280.141, webStorageEnabled: true}
Session ID: e888df1a4857af735adb3995060f1468
*** Element info: {Using=xpath, value=(//li[contains(@class, 'businesspack')]//p//span)[1]}
	at Tests.FranchisePartner.Enroll(FranchisePartner.java:257)
</failure>
    <system-out><![CDATA[Request URL: https://hydraqa.unicity.net/v5a-test/quotes?&expand=item
Entry Quotes response : {"items":[{"lines":{"items":[{"item":{"href":"https://hydraqa.unicity.net/v5a-test/items/50e73ecfa509ac20c4a250f9cb32fdfc","id":{"unicity":"27156"},"weightEach":{"value":31},"servingsPerContainer":50,"servingSize":0},"quantity":1,"terms":{"priceEach":20.47,"taxEach":{"amount":1.84},"discountEach":{"amount":0},"pvEach":13},"quantityLimit":{"quantityQuota":-1,"timeFrameDays":-1,"quantityOrdered":0}}]},"currency":"EUR"},{"lines":{"items":[{"item":{"href":"https://hydraqa.unicity.net/v5a-test/items/31cb0679f65df8fa9a4fc3d7e38b72b3","id":{"unicity":"31763"},"weightEach":{"value":0},"servingsPerContainer":0,"servingSize":0},"quantity":1,"terms":{"priceEach":243.3,"taxEach":{"amount":21.9},"discountEach":{"amount":0},"pvEach":181},"quantityLimit":{"quantityQuota":-1,"timeFrameDays":-1,"quantityOrdered":0}}]},"currency":"EUR"},{"lines":{"items":[{"item":{"href":"https://hydraqa.unicity.net/v5a-test/items/e9991b48ac639367d526d2b9b22fac8c","id":{"unicity":"32128"},"weightEach":{"value":0},"servingsPerContainer":0,"servingSize":0},"quantity":1,"terms":{"priceEach":371.87,"taxEach":{"amount":33.47},"discountEach":{"amount":0},"pvEach":253},"quantityLimit":{"quantityQuota":-1,"timeFrameDays":-1,"quantityOrdered":0}}]},"currency":"EUR"},{"lines":{"items":[{"item":{"href":"https://hydraqa.unicity.net/v5a-test/items/40b3312de189221d96d838d33a8ec49d","id":{"unicity":"32129"},"weightEach":{"value":0},"servingsPerContainer":0,"servingSize":0},"quantity":1,"terms":{"priceEach":371.87,"taxEach":{"amount":33.47},"discountEach":{"amount":0},"pvEach":254},"quantityLimit":{"quantityQuota":-1,"timeFrameDays":-1,"quantityOrdered":0}}]},"currency":"EUR"},{"lines":{"items":[{"item":{"href":"https://hydraqa.unicity.net/v5a-test/items/6bd168a66ce41003a8f30917deff5808","id":{"unicity":"32130"},"weightEach":{"value":0},"servingsPerContainer":0,"servingSize":0},"quantity":1,"terms":{"priceEach":363.46,"taxEach":{"amount":32.71},"discountEach":{"amount":0},"pvEach":252},"quantityLimit":{"quantityQuota":-1,"timeFrameDays":-1,"quantityOrdered":0}}]},"currency":"EUR"},{"lines":{"items":[{"item":{"href":"https://hydraqa.unicity.net/v5a-test/items/806f99b793edd7cd0b1c158ba0eb3142","id":{"unicity":"32132"},"weightEach":{"value":0},"servingsPerContainer":0,"servingSize":0},"quantity":1,"terms":{"priceEach":355.98,"taxEach":{"amount":32.04},"discountEach":{"amount":0},"pvEach":253},"quantityLimit":{"quantityQuota":-1,"timeFrameDays":-1,"quantityOrdered":0}}]},"currency":"EUR"},{"lines":{"items":[{"item":{"href":"https://hydraqa.unicity.net/v5a-test/items/e3d382d99fde8659cb146b54116e7654","id":{"unicity":"32133"},"weightEach":{"value":0},"servingsPerContainer":0,"servingSize":0},"quantity":1,"terms":{"priceEach":364.39,"taxEach":{"amount":32.8},"discountEach":{"amount":0},"pvEach":252},"quantityLimit":{"quantityQuota":-1,"timeFrameDays":-1,"quantityOrdered":0}}]},"currency":"EUR"},{"lines":{"items":[{"item":{"href":"https://hydraqa.unicity.net/v5a-test/items/022f109fe6e5eae3e521295a5cb94c60","id":{"unicity":"32134"},"weightEach":{"value":0},"servingsPerContainer":0,"servingSize":0},"quantity":1,"terms":{"priceEach":144.77,"taxEach":{"amount":13.03},"discountEach":{"amount":0},"pvEach":101},"quantityLimit":{"quantityQuota":-1,"timeFrameDays":-1,"quantityOrdered":0}}]},"currency":"EUR"},{"lines":{"items":[{"item":{"href":"https://hydraqa.unicity.net/v5a-test/items/ded00960d5e948dd8e511a9c752e1ff9","id":{"unicity":"32135"},"weightEach":{"value":0},"servingsPerContainer":0,"servingSize":0},"quantity":1,"terms":{"priceEach":154.11,"taxEach":{"amount":13.87},"discountEach":{"amount":0},"pvEach":113},"quantityLimit":{"quantityQuota":-1,"timeFrameDays":-1,"quantityOrdered":0}}]},"currency":"EUR"},{"lines":{"items":[{"item":{"href":"https://hydraqa.unicity.net/v5a-test/items/166a69d45c4ae40278554e24d5f40443","id":{"unicity":"32137"},"weightEach":{"value":0},"servingsPerContainer":0,"servingSize":0},"quantity":1,"terms":{"priceEach":168.13,"taxEach":{"amount":15.13},"discountEach":{"amount":0},"pvEach":118},"quantityLimit":{"quantityQuota":-1,"timeFrameDays":-1,"quantityOrdered":0}}]},"currency":"EUR"},{"lines":{"items":[{"item":{"href":"https://hydraqa.unicity.net/v5a-test/items/d04a0b8762b20202b6273114fb7302d1","id":{"unicity":"32138"},"weightEach":{"value":0},"servingsPerContainer":0,"servingSize":0},"quantity":1,"terms":{"priceEach":224.21,"taxEach":{"amount":20.18},"discountEach":{"amount":0},"pvEach":152},"quantityLimit":{"quantityQuota":-1,"timeFrameDays":-1,"quantityOrdered":0}}]},"currency":"EUR"},{"lines":{"items":[{"item":{"href":"https://hydraqa.unicity.net/v5a-test/items/e13d0b5c40704ad5dd186959367c97f1","id":{"unicity":"32125"},"weightEach":{"value":0},"servingsPerContainer":0,"servingSize":0},"quantity":1,"terms":{"priceEach":373.74,"taxEach":{"amount":33.64},"discountEach":{"amount":0},"pvEach":250},"quantityLimit":{"quantityQuota":-1,"timeFrameDays":-1,"quantityOrdered":0}}]},"currency":"EUR"},{"lines":{"items":[{"item":{"href":"https://hydraqa.unicity.net/v5a-test/items/b23be76d5816f93f8e9b7ab0665d5021","id":{"unicity":"33092"},"weightEach":{"value":0},"servingsPerContainer":0,"servingSize":0},"quantity":1,"terms":{"priceEach":149.34,"taxEach":{"amount":13.44},"discountEach":{"amount":0},"pvEach":108},"quantityLimit":{"quantityQuota":-1,"timeFrameDays":-1,"quantityOrdered":0}}]},"currency":"EUR"},{"lines":{"items":[{"item":{"href":"https://hydraqa.unicity.net/v5a-test/items/287b72c2933e3afabdea942bd11bfab9","id":{"unicity":"33093"},"weightEach":{"value":0},"servingsPerContainer":0,"servingSize":0},"quantity":1,"terms":{"priceEach":162.54,"taxEach":{"amount":14.63},"discountEach":{"amount":0},"pvEach":105},"quantityLimit":{"quantityQuota":-1,"timeFrameDays":-1,"quantityOrdered":0}}]},"currency":"EUR"},{"lines":{"items":[{"item":{"href":"https://hydraqa.unicity.net/v5a-test/items/c451532f63a06f0e9a054e946a1a1c3b","id":{"unicity":"18511"},"weightEach":{"value":50},"servingsPerContainer":30,"servingSize":0},"quantity":1,"terms":{"priceEach":37.29,"taxEach":{"amount":3.36},"discountEach":{"amount":0},"pvEach":23},"quantityLimit":{"quantityQuota":-1,"timeFrameDays":-1,"quantityOrdered":0}}]},"currency":"EUR"},{"lines":{"items":[{"item":{"href":"https://hydraqa.unicity.net/v5a-test/items/4e49c95f12ae7be78e5ffab68b8b3ca6","id":{"unicity":"26422"},"weightEach":{"value":92},"servingsPerContainer":30,"servingSize":0},"quantity":1,"terms":{"priceEach":19,"taxEach":{"amount":1.71},"discountEach":{"amount":0},"pvEach":16},"quantityLimit":{"quantityQuota":-1,"timeFrameDays":-1,"quantityOrdered":0}}]},"currency":"EUR"},{"lines":{"items":[{"item":{"href":"https://hydraqa.unicity.net/v5a-test/items/d92292ba2f23c030e4a1f63eb3ebe1ce","id":{"unicity":"27158"},"weightEach":{"value":454},"servingsPerContainer":45,"servingSize":0},"quantity":1,"terms":{"priceEach":27.94,"taxEach":{"amount":2.51},"discountEach":{"amount":0},"pvEach":23},"quantityLimit":{"quantityQuota":-1,"timeFrameDays":-1,"quantityOrdered":0}}]},"currency":"EUR"},{"lines":{"items":[{"item":{"href":"https://hydraqa.unicity.net/v5a-test/items/0d3b8d4f7c4d4082db1b4ecffb6693fb","id":{"unicity":"27160"},"weightEach":{"value":435},"servingsPerContainer":60,"servingSize":0},"quantity":1,"terms":{"priceEach":74.67,"taxEach":{"amount":6.72},"discountEach":{"amount":0},"pvEach":53},"quantityLimit":{"quantityQuota":-1,"timeFrameDays":-1,"quantityOrdered":0}}]},"currency":"EUR"},{"lines":{"items":[{"item":{"href":"https://hydraqa.unicity.net/v5a-test/items/ac37bf51ff7e4fe860da8457f6ce0425","id":{"unicity":"27166"},"weightEach":{"value":270},"servingsPerContainer":30,"servingSize":0},"quantity":1,"terms":{"priceEach":74.67,"taxEach":{"amount":6.72},"discountEach":{"amount":0},"pvEach":54},"quantityLimit":{"quantityQuota":-1,"timeFrameDays":-1,"quantityOrdered":0}}]},"currency":"EUR"},{"lines":{"items":[{"item":{"href":"https://hydraqa.unicity.net/v5a-test/items/a7bda1cb4a35343e52791aba56debc4a","id":{"unicity":"27617"},"weightEach":{"value":22.62},"servingsPerContainer":30,"servingSize":0},"quantity":1,"terms":{"priceEach":29.81,"taxEach":{"amount":2.68},"discountEach":{"amount":0},"pvEach":18},"quantityLimit":{"quantityQuota":-1,"timeFrameDays":-1,"quantityOrdered":0}}]},"currency":"EUR"},{"lines":{"items":[{"item":{"href":"https://hydraqa.unicity.net/v5a-test/items/a36d9fdd0fd7561e6180fb5b2ff27164","id":{"unicity":"27660"},"weightEach":{"value":129},"servingsPerContainer":15,"servingSize":0},"quantity":1,"terms":{"priceEach":40.09,"taxEach":{"amount":3.61},"discountEach":{"amount":0},"pvEach":25},"quantityLimit":{"quantityQuota":-1,"timeFrameDays":-1,"quantityOrdered":0}}]},"currency":"EUR"},{"lines":{"items":[{"item":{"href":"https://hydraqa.unicity.net/v5a-test/items/9a6e1d094182389c3da8e0a320ff0e00","id":{"unicity":"27585"},"weightEach":{"value":0},"servingsPerContainer":0,"servingSize":0},"quantity":1,"terms":{"priceEach":61.81,"taxEach":{"amount":5.56},"discountEach":{"amount":0},"pvEach":36},"quantityLimit":{"quantityQuota":-1,"timeFrameDays":-1,"quantityOrdered":0}}]},"currency":"EUR"},{"lines":{"items":[{"item":{"href":"https://hydraqa.unicity.net/v5a-test/items/112b8c39286598b3730f630f371a45f4","id":{"unicity":"27587"},"weightEach":{"value":690},"servingsPerContainer":30,"servingSize":0},"quantity":1,"terms":{"priceEach":55.98,"taxEach":{"amount":5.04},"discountEach":{"amount":0},"pvEach":34},"quantityLimit":{"quantityQuota":-1,"timeFrameDays":-1,"quantityOrdered":0}}]},"currency":"EUR"},{"lines":{"items":[{"item":{"href":"https://hydraqa.unicity.net/v5a-test/items/0c0717a26fcfe40310e906487e8a12f7","id":{"unicity":"28601"},"weightEach":{"value":270},"servingsPerContainer":30,"servingSize":0},"quantity":1,"terms":{"priceEach":74.67,"taxEach":{"amount":6.72},"discountEach":{"amount":0},"pvEach":54},"quantityLimit":{"quantityQuota":-1,"timeFrameDays":-1,"quantityOrdered":0}}]},"currency":"EUR"},{"lines":{"items":[{"item":{"href":"https://hydraqa.unicity.net/v5a-test/items/4790a55c442b5dc75a13b155e78c1842","id":{"unicity":"28604"},"weightEach":{"value":0},"servingsPerContainer":0,"servingSize":0},"quantity":1,"terms":{"priceEach":74.67,"taxEach":{"amount":6.72},"discountEach":{"amount":0},"pvEach":54},"quantityLimit":{"quantityQuota":-1,"timeFrameDays":-1,"quantityOrdered":0}}]},"currency":"EUR"},{"lines":{"items":[{"item":{"href":"https://hydraqa.unicity.net/v5a-test/items/024e696f8b44a1d315006e676604cd31","id":{"unicity":"27395"},"weightEach":{"value":210},"servingsPerContainer":30,"servingSize":0},"quantity":1,"terms":{"priceEach":29.81,"taxEach":{"amount":2.68},"discountEach":{"amount":0},"pvEach":18},"quantityLimit":{"quantityQuota":-1,"timeFrameDays":-1,"quantityOrdered":0}}]},"currency":"EUR"},{"lines":{"items":[{"item":{"href":"https://hydraqa.unicity.net/v5a-test/items/4b2034f47fce90b87bba28c5c2d7c25d","id":{"unicity":"15880"},"weightEach":{"value":51.5},"servingsPerContainer":90,"servingSize":0},"quantity":1,"terms":{"priceEach":51.31,"taxEach":{"amount":4.62},"discountEach":{"amount":0},"pvEach":33},"quantityLimit":{"quantityQuota":-1,"timeFrameDays":-1,"quantityOrdered":0}}]},"currency":"EUR"},{"lines":{"items":[{"item":{"href":"https://hydraqa.unicity.net/v5a-test/items/398d06b858b960f6f38086d40608aef2","id":{"unicity":"26560"},"weightEach":{"value":60},"servingsPerContainer":30,"servingSize":0},"quantity":1,"terms":{"priceEach":20.47,"taxEach":{"amount":1.84},"discountEach":{"amount":0},"pvEach":13},"quantityLimit":{"quantityQuota":-1,"timeFrameDays":-1,"quantityOrdered":0}}]},"currency":"EUR"},{"lines":{"items":[{"item":{"href":"https://hydraqa.unicity.net/v5a-test/items/e218d1cac5f31e7ae4f5876c29c57377","id":{"unicity":"29017"},"weightEach":{"value":52.8},"servingsPerContainer":60,"servingSize":0},"quantity":1,"terms":{"priceEach":37.29,"taxEach":{"amount":3.36},"discountEach":{"amount":0},"pvEach":23},"quantityLimit":{"quantityQuota":-1,"timeFrameDays":-1,"quantityOrdered":0}}]},"currency":"EUR"},{"lines":{"items":[{"item":{"href":"https://hydraqa.unicity.net/v5a-test/items/3f2d12d7a0e8551fc99fad3bbe1ba633","id":{"unicity":"26567"},"weightEach":{"value":173.46},"servingsPerContainer":60,"servingSize":0},"quantity":1,"terms":{"priceEach":55.98,"taxEach":{"amount":5.04},"discountEach":{"amount":0},"pvEach":26},"quantityLimit":{"quantityQuota":-1,"timeFrameDays":-1,"quantityOrdered":0}}]},"currency":"EUR"},{"lines":{"items":[{"item":{"href":"https://hydraqa.unicity.net/v5a-test/items/191637167cb3144bd2e8c4615e9ab67e","id":{"unicity":"26568"},"weightEach":{"value":198.24},"servingsPerContainer":60,"servingSize":0},"quantity":1,"terms":{"priceEach":55.98,"taxEach":{"amount":5.04},"discountEach":{"amount":0},"pvEach":26},"quantityLimit":{"quantityQuota":-1,"timeFrameDays":-1,"quantityOrdered":0}}]},"currency":"EUR"},{"lines":{"items":[{"item":{"href":"https://hydraqa.unicity.net/v5a-test/items/64ec7ad932acafab052a4e8800ad1238","id":{"unicity":"24758"},"weightEach":{"value":26.89},"servingsPerContainer":30,"servingSize":0},"quantity":1,"terms":{"priceEach":37.29,"taxEach":{"amount":3.36},"discountEach":{"amount":0},"pvEach":23},"quantityLimit":{"quantityQuota":-1,"timeFrameDays":-1,"quantityOrdered":0}}]},"currency":"EUR"},{"lines":{"items":[{"item":{"href":"https://hydraqa.unicity.net/v5a-test/items/11fac1643721516cbf646365d88b73cd","id":{"unicity":"29838"},"weightEach":{"value":0},"servingsPerContainer":0,"servingSize":0},"quantity":1,"terms":{"priceEach":112.36,"taxEach":{"amount":10.11},"discountEach":{"amount":0},"pvEach":86},"quantityLimit":{"quantityQuota":-1,"timeFrameDays":-1,"quantityOrdered":0}}]},"currency":"EUR"},{"lines":{"items":[{"item":{"href":"https://hydraqa.unicity.net/v5a-test/items/2c4c1abe00983e85aaa918d2ce341491","id":{"unicity":"17174"},"weightEach":{"value":49.72},"servingsPerContainer":100,"servingSize":0},"quantity":1,"terms":{"priceEach":37.29,"taxEach":{"amount":3.36},"discountEach":{"amount":0},"pvEach":23},"quantityLimit":{"quantityQuota":-1,"timeFrameDays":-1,"quantityOrdered":0}}]},"currency":"EUR"},{"lines":{"items":[{"item":{"href":"https://hydraqa.unicity.net/v5a-test/items/991cdbb84a495779eb209fb3956a77e4","id":{"unicity":"29183"},"weightEach":{"value":50},"servingsPerContainer":0,"servingSize":0},"quantity":1,"terms":{"priceEach":31.01,"taxEach":{"amount":6.51},"discountEach":{"amount":0},"pvEach":18},"quantityLimit":{"quantityQuota":-1,"timeFrameDays":-1,"quantityOrdered":0}}]},"currency":"EUR"},{"lines":{"items":[{"item":{"href":"https://hydraqa.unicity.net/v5a-test/items/0e78fbdfebef11cd62f8d2120064ee58","id":{"unicity":"30280"},"weightEach":{"value":30},"servingsPerContainer":0,"servingSize":0},"quantity":1,"terms":{"priceEach":33.53,"taxEach":{"amount":7.04},"discountEach":{"amount":0},"pvEach":20},"quantityLimit":{"quantityQuota":-1,"timeFrameDays":-1,"quantityOrdered":0}}]},"currency":"EUR"},{"lines":{"items":[{"item":{"href":"https://hydraqa.unicity.net/v5a-test/items/beb900429fbb160dbfc3001c14d96df4","id":{"unicity":"29187"},"weightEach":{"value":30},"servingsPerContainer":0,"servingSize":0},"quantity":1,"terms":{"priceEach":37.73,"taxEach":{"amount":7.92},"discountEach":{"amount":0},"pvEach":24},"quantityLimit":{"quantityQuota":-1,"timeFrameDays":-1,"quantityOrdered":0}}]},"currency":"EUR"},{"lines":{"items":[{"item":{"href":"https://hydraqa.unicity.net/v5a-test/items/1b0412bea8c0b841c66f65a36aa14108","id":{"unicity":"29191"},"weightEach":{"value":30},"servingsPerContainer":0,"servingSize":0},"quantity":1,"terms":{"priceEach":37.73,"taxEach":{"amount":7.92},"discountEach":{"amount":0},"pvEach":24},"quantityLimit":{"quantityQuota":-1,"timeFrameDays":-1,"quantityOrdered":0}}]},"currency":"EUR"},{"lines":{"items":[{"item":{"href":"https://hydraqa.unicity.net/v5a-test/items/db0a2b02eaabc5ad45fe91ba5c7bcf5a","id":{"unicity":"31772"},"weightEach":{"value":0},"servingsPerContainer":0,"servingSize":0},"quantity":1,"terms":{"priceEach":8.32,"taxEach":{"amount":1.75},"discountEach":{"amount":0},"pvEach":0},"quantityLimit":{"quantityQuota":-1,"timeFrameDays":-1,"quantityOrdered":0}}]},"currency":"EUR"},{"lines":{"items":[{"item":{"href":"https://hydraqa.unicity.net/v5a-test/items/34c8c6b0f454da738e64265f08c57a72","id":{"unicity":"31777"},"weightEach":{"value":100},"servingsPerContainer":0,"servingSize":0},"quantity":1,"terms":{"priceEach":6.22,"taxEach":{"amount":1.31},"discountEach":{"amount":0},"pvEach":3},"quantityLimit":{"quantityQuota":-1,"timeFrameDays":-1,"quantityOrdered":0}}]},"currency":"EUR"},{"lines":{"items":[{"item":{"href":"https://hydraqa.unicity.net/v5a-test/items/fc8583e3bf463b599fdcce05234bc137","id":{"unicity":"31780"},"weightEach":{"value":275},"servingsPerContainer":0,"servingSize":0},"quantity":1,"terms":{"priceEach":8.32,"taxEach":{"amount":1.75},"discountEach":{"amount":0},"pvEach":4},"quantityLimit":{"quantityQuota":-1,"timeFrameDays":-1,"quantityOrdered":0}}]},"currency":"EUR"},{"lines":{"items":[{"item":{"href":"https://hydraqa.unicity.net/v5a-test/items/7e80331c8c25f515174d3f894283a27c","id":{"unicity":"31781"},"weightEach":{"value":275},"servingsPerContainer":0,"servingSize":0},"quantity":1,"terms":{"priceEach":8.32,"taxEach":{"amount":1.75},"discountEach":{"amount":0},"pvEach":4},"quantityLimit":{"quantityQuota":-1,"timeFrameDays":-1,"quantityOrdered":0}}]},"currency":"EUR"},{"lines":{"items":[{"item":{"href":"https://hydraqa.unicity.net/v5a-test/items/8d3854b47de8e45d6fcdc194dffff601","id":{"unicity":"31782"},"weightEach":{"value":50},"servingsPerContainer":0,"servingSize":0},"quantity":1,"terms":{"priceEach":12.52,"taxEach":{"amount":2.63},"discountEach":{"amount":0},"pvEach":6},"quantityLimit":{"quantityQuota":-1,"timeFrameDays":-1,"quantityOrdered":0}}]},"currency":"EUR"},{"lines":{"items":[{"item":{"href":"https://hydraqa.unicity.net/v5a-test/items/04516be30bd9bf93e01536e7fc8f8716","id":{"unicity":"31779"},"weightEach":{"value":350},"servingsPerContainer":0,"servingSize":0},"quantity":1,"terms":{"priceEach":10,"taxEach":{"amount":2.1},"discountEach":{"amount":0},"pvEach":5},"quantityLimit":{"quantityQuota":-1,"timeFrameDays":-1,"quantityOrdered":0}}]},"currency":"EUR"},{"lines":{"items":[{"item":{"href":"https://hydraqa.unicity.net/v5a-test/items/d7e1dd4b19a8672aed99e591356c0d48","id":{"unicity":"31932"},"weightEach":{"value":180},"servingsPerContainer":0,"servingSize":0},"quantity":1,"terms":{"priceEach":6.22,"taxEach":{"amount":1.31},"discountEach":{"amount":0},"pvEach":3},"quantityLimit":{"quantityQuota":-1,"timeFrameDays":-1,"quantityOrdered":0}}]},"currency":"EUR"},{"lines":{"items":[{"item":{"href":"https://hydraqa.unicity.net/v5a-test/items/1aa00306dc0006d365acd7436548f2e6","id":{"unicity":"31778"},"weightEach":{"value":350},"servingsPerContainer":0,"servingSize":0},"quantity":1,"terms":{"priceEach":12.52,"taxEach":{"amount":2.63},"discountEach":{"amount":0},"pvEach":6},"quantityLimit":{"quantityQuota":-1,"timeFrameDays":-1,"quantityOrdered":0}}]},"currency":"EUR"},{"lines":{"items":[{"item":{"href":"https://hydraqa.unicity.net/v5a-test/items/4fc6de0cb7817f39a836ff08609b8539","id":{"unicity":"32556"},"weightEach":{"value":0},"servingsPerContainer":0,"servingSize":0},"quantity":1,"terms":{"priceEach":2.44,"taxEach":{"amount":0.51},"discountEach":{"amount":0},"pvEach":0},"quantityLimit":{"quantityQuota":-1,"timeFrameDays":-1,"quantityOrdered":0}}]},"currency":"EUR"},{"lines":{"items":[{"item":{"href":"https://hydraqa.unicity.net/v5a-test/items/2262fdd5af916c31df08089c191735c1","id":{"unicity":"29317"},"weightEach":{"value":0},"servingsPerContainer":0,"servingSize":0},"quantity":1,"terms":{"priceEach":25.21,"taxEach":{"amount":5.29},"discountEach":{"amount":0},"pvEach":0},"quantityLimit":{"quantityQuota":-1,"timeFrameDays":-1,"quantityOrdered":0}}]},"currency":"EUR"},{"lines":{"items":[{"item":{"href":"https://hydraqa.unicity.net/v5a-test/items/90f38f77c9e6ea5a71aa7377df83760b","id":{"unicity":"30198"},"weightEach":{"value":0},"servingsPerContainer":0,"servingSize":0},"quantity":1,"terms":{"priceEach":19,"taxEach":{"amount":1.71},"discountEach":{"amount":0},"pvEach":16},"quantityLimit":{"quantityQuota":-1,"timeFrameDays":-1,"quantityOrdered":0}}]},"currency":"EUR"},{"lines":{"items":[{"item":{"href":"https://hydraqa.unicity.net/v5a-test/items/81b61d497458d50a6893cf18a065539c","id":{"unicity":"32965"},"weightEach":{"value":0},"servingsPerContainer":0,"servingSize":0},"quantity":1,"terms":{"priceEach":690.84,"taxEach":{"amount":62.18},"discountEach":{"amount":0},"pvEach":456},"quantityLimit":{"quantityQuota":-1,"timeFrameDays":-1,"quantityOrdered":0}}]},"currency":"EUR"},{"lines":{"items":[{"item":{"href":"https://hydraqa.unicity.net/v5a-test/items/2faa0a2bcdeed39b7569e085fe880a23","id":{"unicity":"33097"},"weightEach":{"value":0},"servingsPerContainer":0,"servingSize":0},"quantity":1,"terms":{"priceEach":703.21,"taxEach":{"amount":63.29},"discountEach":{"amount":0},"pvEach":500},"quantityLimit":{"quantityQuota":-1,"timeFrameDays":-1,"quantityOrdered":0}}]},"currency":"EUR"},{"lines":{"items":[{"item":{"href":"https://hydraqa.unicity.net/v5a-test/items/3196d0b751f9119076e364a1cb03fa18","id":{"unicity":"33095"},"weightEach":{"value":0},"servingsPerContainer":0,"servingSize":0},"quantity":1,"terms":{"priceEach":740.99,"taxEach":{"amount":66.69},"discountEach":{"amount":0},"pvEach":514},"quantityLimit":{"quantityQuota":-1,"timeFrameDays":-1,"quantityOrdered":0}}]},"currency":"EUR"},{"lines":{"items":[{"item":{"href":"https://hydraqa.unicity.net/v5a-test/items/817e062d5600cad31f527fbfa764a0fa","id":{"unicity":"32968"},"weightEach":{"value":0},"servingsPerContainer":0,"servingSize":0},"quantity":1,"terms":{"priceEach":2273.12,"taxEach":{"amount":204.58},"discountEach":{"amount":0},"pvEach":1600},"quantityLimit":{"quantityQuota":-1,"timeFrameDays":-1,"quantityOrdered":0}}]},"currency":"EUR"},{"lines":{"items":[{"item":{"href":"https://hydraqa.unicity.net/v5a-test/items/ab1f0744e0ce56260af7928f7bf04478","id":{"unicity":"32966"},"weightEach":{"value":0},"servingsPerContainer":0,"servingSize":0},"quantity":1,"terms":{"priceEach":1381.68,"taxEach":{"amount":124.35},"discountEach":{"amount":0},"pvEach":912},"quantityLimit":{"quantityQuota":-1,"timeFrameDays":-1,"quantityOrdered":0}}]},"currency":"EUR"},{"lines":{"items":[{"item":{"href":"https://hydraqa.unicity.net/v5a-test/items/9c43de3dc98337bf964013caa56e3e98","id":{"unicity":"33098"},"weightEach":{"value":0},"servingsPerContainer":0,"servingSize":0},"quantity":1,"terms":{"priceEach":1406.42,"taxEach":{"amount":126.58},"discountEach":{"amount":0},"pvEach":1000},"quantityLimit":{"quantityQuota":-1,"timeFrameDays":-1,"quantityOrdered":0}}]},"currency":"EUR"},{"lines":{"items":[{"item":{"href":"https://hydraqa.unicity.net/v5a-test/items/bdcb8e96238e2243278e5627f9a5f893","id":{"unicity":"33096"},"weightEach":{"value":0},"servingsPerContainer":0,"servingSize":0},"quantity":1,"terms":{"priceEach":1481.98,"taxEach":{"amount":133.38},"discountEach":{"amount":0},"pvEach":1028},"quantityLimit":{"quantityQuota":-1,"timeFrameDays":-1,"quantityOrdered":0}}]},"currency":"EUR"},{"lines":{"items":[{"item":{"href":"https://hydraqa.unicity.net/v5a-test/items/332daeac6796ed016ea8b7d0bc42c2d4","id":{"unicity":"24274"},"weightEach":{"value":0},"servingsPerContainer":0,"servingSize":0},"quantity":1,"terms":{"priceEach":7.48,"taxEach":{"amount":1.57},"discountEach":{"amount":0},"pvEach":0},"quantityLimit":{"quantityQuota":-1,"timeFrameDays":-1,"quantityOrdered":0}}]},"currency":"EUR"},{"lines":{"items":[{"item":{"href":"https://hydraqa.unicity.net/v5a-test/items/1945faa1776541d53120ecfe3c1d8a2b","id":{"unicity":"24418"},"weightEach":{"value":0},"servingsPerContainer":0,"servingSize":0},"quantity":1,"terms":{"priceEach":4.96,"taxEach":{"amount":1.04},"discountEach":{"amount":0},"pvEach":0},"quantityLimit":{"quantityQuota":-1,"timeFrameDays":-1,"quantityOrdered":0}}]},"currency":"EUR"},{"lines":{"items":[{"item":{"href":"https://hydraqa.unicity.net/v5a-test/items/5147f8cfe32548e02fc158d4da9c4d6f","id":{"unicity":"27150"},"weightEach":{"value":0},"servingsPerContainer":0,"servingSize":0},"quantity":1,"terms":{"priceEach":93.36,"taxEach":{"amount":8.4},"discountEach":{"amount":0},"pvEach":70},"quantityLimit":{"quantityQuota":-1,"timeFrameDays":-1,"quantityOrdered":0}}]},"currency":"EUR"},{"lines":{"items":[{"item":{"href":"https://hydraqa.unicity.net/v5a-test/items/03eba2365025ccd85818846a83a16f47","id":{"unicity":"27163"},"weightEach":{"value":258},"servingsPerContainer":30,"servingSize":0},"quantity":1,"terms":{"priceEach":74.67,"taxEach":{"amount":6.72},"discountEach":{"amount":0},"pvEach":54},"quantityLimit":{"quantityQuota":-1,"timeFrameDays":-1,"quantityOrdered":0}}]},"currency":"EUR"},{"lines":{"items":[{"item":{"href":"https://hydraqa.unicity.net/v5a-test/items/7d4ad2792f7056e5f81eb24f118ef737","id":{"unicity":"27575"},"weightEach":{"value":1104},"servingsPerContainer":30,"servingSize":0},"quantity":1,"terms":{"priceEach":55.98,"taxEach":{"amount":5.04},"discountEach":{"amount":0},"pvEach":34},"quantityLimit":{"quantityQuota":-1,"timeFrameDays":-1,"quantityOrdered":0}}]},"currency":"EUR"},{"lines":{"items":[{"item":{"href":"https://hydraqa.unicity.net/v5a-test/items/606f7be753c74dfbfe4b107276775140","id":{"unicity":"29821"},"weightEach":{"value":133.5},"servingsPerContainer":30,"servingSize":0},"quantity":1,"terms":{"priceEach":79.35,"taxEach":{"amount":7.14},"discountEach":{"amount":0},"pvEach":59},"quantityLimit":{"quantityQuota":-1,"timeFrameDays":-1,"quantityOrdered":0}}]},"currency":"EUR"},{"lines":{"items":[{"item":{"href":"https://hydraqa.unicity.net/v5a-test/items/94939f9be900906d2b47260ccba22a7b","id":{"unicity":"32012"},"weightEach":{"value":420},"servingsPerContainer":20,"servingSize":0},"quantity":1,"terms":{"priceEach":13.93,"taxEach":{"amount":1.25},"discountEach":{"amount":0},"pvEach":6},"quantityLimit":{"quantityQuota":-1,"timeFrameDays":-1,"quantityOrdered":0}}]},"currency":"EUR"},{"lines":{"items":[{"item":{"href":"https://hydraqa.unicity.net/v5a-test/items/52c87f74d3b41ed49b0f897b66c2a99b","id":{"unicity":"30684"},"weightEach":{"value":450},"servingsPerContainer":30,"servingSize":0},"quantity":1,"terms":{"priceEach":37.29,"taxEach":{"amount":3.36},"discountEach":{"amount":0},"pvEach":23},"quantityLimit":{"quantityQuota":-1,"timeFrameDays":-1,"quantityOrdered":0}}]},"currency":"EUR"},{"lines":{"items":[{"item":{"href":"https://hydraqa.unicity.net/v5a-test/items/ab2a2b07b17718843a66bee04ff40624","id":{"unicity":"31402"},"weightEach":{"value":477},"servingsPerContainer":30,"servingSize":0},"quantity":1,"terms":{"priceEach":92.43,"taxEach":{"amount":8.32},"discountEach":{"amount":0},"pvEach":70},"quantityLimit":{"quantityQuota":-1,"timeFrameDays":-1,"quantityOrdered":0}}]},"currency":"EUR"},{"lines":{"items":[{"item":{"href":"https://hydraqa.unicity.net/v5a-test/items/7e5e7df32701fd44947c8146f2129f7a","id":{"unicity":"31672"},"weightEach":{"value":270},"servingsPerContainer":15,"servingSize":0},"quantity":1,"terms":{"priceEach":74.67,"taxEach":{"amount":6.72},"discountEach":{"amount":0},"pvEach":54},"quantityLimit":{"quantityQuota":-1,"timeFrameDays":-1,"quantityOrdered":0}}]},"currency":"EUR"},{"lines":{"items":[{"item":{"href":"https://hydraqa.unicity.net/v5a-test/items/493c2ba720f847422eccc5da35024f33","id":{"unicity":"31534"},"weightEach":{"value":95},"servingsPerContainer":60,"servingSize":0},"quantity":1,"terms":{"priceEach":26.07,"taxEach":{"amount":2.35},"discountEach":{"amount":0},"pvEach":16},"quantityLimit":{"quantityQuota":-1,"timeFrameDays":-1,"quantityOrdered":0}}]},"currency":"EUR"},{"lines":{"items":[{"item":{"href":"https://hydraqa.unicity.net/v5a-test/items/bfddb53fe0d5ed5432c531dc9850cbe4","id":{"unicity":"29449"},"weightEach":{"value":60},"servingsPerContainer":30,"servingSize":0},"quantity":1,"terms":{"priceEach":26.07,"taxEach":{"amount":2.35},"discountEach":{"amount":0},"pvEach":16},"quantityLimit":{"quantityQuota":-1,"timeFrameDays":-1,"quantityOrdered":0}}]},"currency":"EUR"},{"lines":{"items":[{"item":{"href":"https://hydraqa.unicity.net/v5a-test/items/217ca02fbd24e21ca5281412756238ab","id":{"unicity":"32126"},"weightEach":{"value":0},"servingsPerContainer":0,"servingSize":0},"quantity":1,"terms":{"priceEach":152.24,"taxEach":{"amount":14.7},"discountEach":{"amount":0},"pvEach":101},"quantityLimit":{"quantityQuota":-1,"timeFrameDays":-1,"quantityOrdered":0}}]},"currency":"EUR"},{"lines":{"items":[{"item":{"href":"https://hydraqa.unicity.net/v5a-test/items/808008a0657d2033ad471c39bbce9891","id":{"unicity":"32127"},"weightEach":{"value":0},"servingsPerContainer":0,"servingSize":0},"quantity":1,"terms":{"priceEach":162.34,"taxEach":{"amount":15.61},"discountEach":{"amount":0},"pvEach":113},"quantityLimit":{"quantityQuota":-1,"timeFrameDays":-1,"quantityOrdered":0}}]},"currency":"EUR"},{"lines":{"items":[{"item":{"href":"https://hydraqa.unicity.net/v5a-test/items/fbb6dbd577adb73abaec364076fb288f","id":{"unicity":"32087"},"weightEach":{"value":600},"servingsPerContainer":10,"servingSize":0},"quantity":1,"terms":{"priceEach":20.47,"taxEach":{"amount":1.84},"discountEach":{"amount":0},"pvEach":9},"quantityLimit":{"quantityQuota":-1,"timeFrameDays":-1,"quantityOrdered":0}}]},"currency":"EUR"},{"lines":{"items":[{"item":{"href":"https://hydraqa.unicity.net/v5a-test/items/1f59b10f0bef99fa20e4b9b0b4efea88","id":{"unicity":"32333"},"weightEach":{"value":0},"servingsPerContainer":0,"servingSize":0},"quantity":1,"terms":{"priceEach":9.16,"taxEach":{"amount":1.92},"discountEach":{"amount":0},"pvEach":0},"quantityLimit":{"quantityQuota":-1,"timeFrameDays":-1,"quantityOrdered":0}}]},"currency":"EUR"},{"lines":{"items":[{"item":{"href":"https://hydraqa.unicity.net/v5a-test/items/3ab3ce55100f6593f04ec4a0d328a0b5","id":{"unicity":"32756"},"weightEach":{"value":0},"servingsPerContainer":0,"servingSize":0},"quantity":1,"terms":{"priceEach":1517.09,"taxEach":{"amount":136.54},"discountEach":{"amount":0},"pvEach":1006},"quantityLimit":{"quantityQuota":-1,"timeFrameDays":-1,"quantityOrdered":0}}]},"currency":"EUR"},{"lines":{"items":[{"item":{"href":"https://hydraqa.unicity.net/v5a-test/items/592aef9ec417f4553dc0b62a91a1f5e0","id":{"unicity":"32330"},"weightEach":{"value":0},"servingsPerContainer":0,"servingSize":0},"quantity":1,"terms":{"priceEach":93.36,"taxEach":{"amount":8.4},"discountEach":{"amount":0},"pvEach":55},"quantityLimit":{"quantityQuota":-1,"timeFrameDays":-1,"quantityOrdered":0}}]},"currency":"EUR"},{"lines":{"items":[{"item":{"href":"https://hydraqa.unicity.net/v5a-test/items/87dd58dff9eb54a10b652443e7279a1e","id":{"unicity":"32693"},"weightEach":{"value":0},"servingsPerContainer":0,"servingSize":0},"quantity":1,"terms":{"priceEach":79.35,"taxEach":{"amount":7.14},"discountEach":{"amount":0},"pvEach":59},"quantityLimit":{"quantityQuota":-1,"timeFrameDays":-1,"quantityOrdered":0}}]},"currency":"EUR"},{"lines":{"items":[{"item":{"href":"https://hydraqa.unicity.net/v5a-test/items/1bd53de7fe880ba71f46c9976ca2c137","id":{"unicity":"27739"},"weightEach":{"value":0},"servingsPerContainer":0,"servingSize":0},"quantity":1,"terms":{"priceEach":37.29,"taxEach":{"amount":3.36},"discountEach":{"amount":0},"pvEach":23},"quantityLimit":{"quantityQuota":-1,"timeFrameDays":-1,"quantityOrdered":0}}]},"currency":"EUR"}]}
Entry request : {"order":{"customer":{"href":"https://hydraqa.unicity.net/v5a-test/customers?type=Associate"},"shipToAddress":{"country":"IE"}},"vary":{"lines":{"items":[{"item":{"href":"https://hydraqa.unicity.net/v5a-test/items?id.unicity=27156|31763|31951|31952|32128|32129|32130|32132|32133|32134|32135|32136|32137|32138|32125|32699|33092|33094|33093|18511|26422|27158|27160|27166|27617|27660|27585|27587|28601|28604|27395|15880|26560|29017|26567|26568|24758|29838|17174|29183|30280|29187|29191|31772|31777|31780|31781|31782|31779|31932|31778|32556|29317|30198|32965|33097|33095|32968|32966|33098|33096|24274|24418|27150|27163|27575|29821|32012|30684|31402|31672|31534|29449|32126|32127|32087|32333|32756|32330|32693|27739"}}]}}}
]]></system-out>
    <system-err><![CDATA[Starting ChromeDriver 2.36.540470 (e522d04694c7ebea4ba8821272dbef4f9b818c91) on port 46214
Only local connections are allowed.
Jan 21, 2021 11:15:40 AM org.openqa.selenium.remote.ProtocolHandshake createSession
INFO: Detected dialect: OSS
]]></system-err>
  </testcase>
  <testcase name="Enroll" classname="Tests.FranchisePartner" time="331.931"/>
  <testcase name="Enroll" classname="Tests.FranchisePartner" time="323.915"/>
  <testcase name="Enroll" classname="Tests.FranchisePartner" time="308.368"/>
  <testcase name="Enroll" classname="Tests.FranchisePartner" time="310.772"/>
  <testcase name="Enroll" classname="Tests.FranchisePartner" time="288.385"/>
  <testcase name="Enroll" classname="Tests.FranchisePartner" time="322.472"/>
  <testcase name="Enroll" classname="Tests.FranchisePartner" time="337.418"/>
  <testcase name="Enroll" classname="Tests.FranchisePartner" time="88.099">
    <failure message="no such element: Unable to locate element: {&quot;method&quot;:&quot;xpath&quot;,&quot;selector&quot;:&quot;(//li[contains(@class, &apos;businesspack&apos;)]//p//span)[1]&quot;}&#10;  (Session info: chrome=87.0.4280.141)&#10;  (Driver info: chromedriver=2.36.540470 (e522d04694c7ebea4ba8821272dbef4f9b818c91),platform=Windows NT 6.3.9600 x86_64) (WARNING: The server did not provide any stacktrace information)&#10;Command duration or timeout: 0 milliseconds&#10;For documentation on this error, please visit: http://seleniumhq.org/exceptions/no_such_element.html&#10;Build info: version: &apos;3.8.1&apos;, revision: &apos;6e95a6684b&apos;, time: &apos;2017-12-01T18:33:54.468Z&apos;&#10;System info: host: &apos;QASERVER01&apos;, ip: &apos;10.2.0.23&apos;, os.name: &apos;Windows Server 2012 R2&apos;, os.arch: &apos;amd64&apos;, os.version: &apos;6.3&apos;, java.version: &apos;1.8.0_111&apos;&#10;Driver info: org.openqa.selenium.chrome.ChromeDriver&#10;Capabilities {acceptInsecureCerts: false, acceptSslCerts: false, applicationCacheEnabled: false, browserConnectionEnabled: false, browserName: chrome, chrome: {chromedriverVersion: 2.36.540470 (e522d04694c7eb..., userDataDir: C:\Users\sumancb\AppData\Lo...}, cssSelectorsEnabled: true, databaseEnabled: false, handlesAlerts: true, hasTouchScreen: false, javascriptEnabled: true, locationContextEnabled: true, mobileEmulationEnabled: false, nativeEvents: true, networkConnectionEnabled: false, pageLoadStrategy: normal, platform: XP, platformName: XP, rotatable: false, setWindowRect: true, takesHeapSnapshot: true, takesScreenshot: true, unexpectedAlertBehaviour: , unhandledPromptBehavior: , version: 87.0.4280.141, webStorageEnabled: true}&#10;Session ID: e1cd692d227271c99b7b7e395d0ea08d&#10;*** Element info: {Using=xpath, value=(//li[contains(@class, &apos;businesspack&apos;)]//p//span)[1]}" type="org.openqa.selenium.NoSuchElementException">org.openqa.selenium.NoSuchElementException: 
no such element: Unable to locate element: {"method":"xpath","selector":"(//li[contains(@class, 'businesspack')]//p//span)[1]"}
  (Session info: chrome=87.0.4280.141)
  (Driver info: chromedriver=2.36.540470 (e522d04694c7ebea4ba8821272dbef4f9b818c91),platform=Windows NT 6.3.9600 x86_64) (WARNING: The server did not provide any stacktrace information)
Command duration or timeout: 0 milliseconds
For documentation on this error, please visit: http://seleniumhq.org/exceptions/no_such_element.html
Build info: version: '3.8.1', revision: '6e95a6684b', time: '2017-12-01T18:33:54.468Z'
System info: host: 'QASERVER01', ip: '10.2.0.23', os.name: 'Windows Server 2012 R2', os.arch: 'amd64', os.version: '6.3', java.version: '1.8.0_111'
Driver info: org.openqa.selenium.chrome.ChromeDriver
Capabilities {acceptInsecureCerts: false, acceptSslCerts: false, applicationCacheEnabled: false, browserConnectionEnabled: false, browserName: chrome, chrome: {chromedriverVersion: 2.36.540470 (e522d04694c7eb..., userDataDir: C:\Users\sumancb\AppData\Lo...}, cssSelectorsEnabled: true, databaseEnabled: false, handlesAlerts: true, hasTouchScreen: false, javascriptEnabled: true, locationContextEnabled: true, mobileEmulationEnabled: false, nativeEvents: true, networkConnectionEnabled: false, pageLoadStrategy: normal, platform: XP, platformName: XP, rotatable: false, setWindowRect: true, takesHeapSnapshot: true, takesScreenshot: true, unexpectedAlertBehaviour: , unhandledPromptBehavior: , version: 87.0.4280.141, webStorageEnabled: true}
Session ID: e1cd692d227271c99b7b7e395d0ea08d
*** Element info: {Using=xpath, value=(//li[contains(@class, 'businesspack')]//p//span)[1]}
	at Tests.FranchisePartner.Enroll(FranchisePartner.java:257)
</failure>
    <system-out><![CDATA[Request URL: https://hydraqa.unicity.net/v5a-test/quotes?&expand=item
Entry Quotes response : {"items":[{"lines":{"items":[{"item":{"href":"https://hydraqa.unicity.net/v5a-test/items/50e73ecfa509ac20c4a250f9cb32fdfc","id":{"unicity":"27156"},"weightEach":{"value":31},"servingsPerContainer":50,"servingSize":0},"quantity":1,"terms":{"priceEach":20.47,"taxEach":{"amount":0},"discountEach":{"amount":0},"pvEach":13},"quantityLimit":{"quantityQuota":-1,"timeFrameDays":-1,"quantityOrdered":0}}]},"currency":"EUR"},{"lines":{"items":[{"item":{"href":"https://hydraqa.unicity.net/v5a-test/items/d92292ba2f23c030e4a1f63eb3ebe1ce","id":{"unicity":"27158"},"weightEach":{"value":454},"servingsPerContainer":45,"servingSize":0},"quantity":1,"terms":{"priceEach":27.94,"taxEach":{"amount":0},"discountEach":{"amount":0},"pvEach":23},"quantityLimit":{"quantityQuota":-1,"timeFrameDays":-1,"quantityOrdered":0}}]},"currency":"EUR"},{"lines":{"items":[{"item":{"href":"https://hydraqa.unicity.net/v5a-test/items/0d3b8d4f7c4d4082db1b4ecffb6693fb","id":{"unicity":"27160"},"weightEach":{"value":435},"servingsPerContainer":60,"servingSize":0},"quantity":1,"terms":{"priceEach":74.67,"taxEach":{"amount":0},"discountEach":{"amount":0},"pvEach":53},"quantityLimit":{"quantityQuota":-1,"timeFrameDays":-1,"quantityOrdered":0}}]},"currency":"EUR"},{"lines":{"items":[{"item":{"href":"https://hydraqa.unicity.net/v5a-test/items/31cb0679f65df8fa9a4fc3d7e38b72b3","id":{"unicity":"31763"},"weightEach":{"value":0},"servingsPerContainer":0,"servingSize":0},"quantity":1,"terms":{"priceEach":243.3,"taxEach":{"amount":0},"discountEach":{"amount":0},"pvEach":181},"quantityLimit":{"quantityQuota":-1,"timeFrameDays":-1,"quantityOrdered":0}}]},"currency":"EUR"},{"lines":{"items":[{"item":{"href":"https://hydraqa.unicity.net/v5a-test/items/e9991b48ac639367d526d2b9b22fac8c","id":{"unicity":"32128"},"weightEach":{"value":0},"servingsPerContainer":0,"servingSize":0},"quantity":1,"terms":{"priceEach":371.87,"taxEach":{"amount":0},"discountEach":{"amount":0},"pvEach":253},"quantityLimit":{"quantityQuota":-1,"timeFrameDays":-1,"quantityOrdered":0}}]},"currency":"EUR"},{"lines":{"items":[{"item":{"href":"https://hydraqa.unicity.net/v5a-test/items/40b3312de189221d96d838d33a8ec49d","id":{"unicity":"32129"},"weightEach":{"value":0},"servingsPerContainer":0,"servingSize":0},"quantity":1,"terms":{"priceEach":371.87,"taxEach":{"amount":0},"discountEach":{"amount":0},"pvEach":254},"quantityLimit":{"quantityQuota":-1,"timeFrameDays":-1,"quantityOrdered":0}}]},"currency":"EUR"},{"lines":{"items":[{"item":{"href":"https://hydraqa.unicity.net/v5a-test/items/6bd168a66ce41003a8f30917deff5808","id":{"unicity":"32130"},"weightEach":{"value":0},"servingsPerContainer":0,"servingSize":0},"quantity":1,"terms":{"priceEach":363.46,"taxEach":{"amount":0},"discountEach":{"amount":0},"pvEach":252},"quantityLimit":{"quantityQuota":-1,"timeFrameDays":-1,"quantityOrdered":0}}]},"currency":"EUR"},{"lines":{"items":[{"item":{"href":"https://hydraqa.unicity.net/v5a-test/items/806f99b793edd7cd0b1c158ba0eb3142","id":{"unicity":"32132"},"weightEach":{"value":0},"servingsPerContainer":0,"servingSize":0},"quantity":1,"terms":{"priceEach":355.98,"taxEach":{"amount":0},"discountEach":{"amount":0},"pvEach":253},"quantityLimit":{"quantityQuota":-1,"timeFrameDays":-1,"quantityOrdered":0}}]},"currency":"EUR"},{"lines":{"items":[{"item":{"href":"https://hydraqa.unicity.net/v5a-test/items/e3d382d99fde8659cb146b54116e7654","id":{"unicity":"32133"},"weightEach":{"value":0},"servingsPerContainer":0,"servingSize":0},"quantity":1,"terms":{"priceEach":364.39,"taxEach":{"amount":0},"discountEach":{"amount":0},"pvEach":252},"quantityLimit":{"quantityQuota":-1,"timeFrameDays":-1,"quantityOrdered":0}}]},"currency":"EUR"},{"lines":{"items":[{"item":{"href":"https://hydraqa.unicity.net/v5a-test/items/022f109fe6e5eae3e521295a5cb94c60","id":{"unicity":"32134"},"weightEach":{"value":0},"servingsPerContainer":0,"servingSize":0},"quantity":1,"terms":{"priceEach":144.77,"taxEach":{"amount":0},"discountEach":{"amount":0},"pvEach":101},"quantityLimit":{"quantityQuota":-1,"timeFrameDays":-1,"quantityOrdered":0}}]},"currency":"EUR"},{"lines":{"items":[{"item":{"href":"https://hydraqa.unicity.net/v5a-test/items/ded00960d5e948dd8e511a9c752e1ff9","id":{"unicity":"32135"},"weightEach":{"value":0},"servingsPerContainer":0,"servingSize":0},"quantity":1,"terms":{"priceEach":154.11,"taxEach":{"amount":0},"discountEach":{"amount":0},"pvEach":113},"quantityLimit":{"quantityQuota":-1,"timeFrameDays":-1,"quantityOrdered":0}}]},"currency":"EUR"},{"lines":{"items":[{"item":{"href":"https://hydraqa.unicity.net/v5a-test/items/166a69d45c4ae40278554e24d5f40443","id":{"unicity":"32137"},"weightEach":{"value":0},"servingsPerContainer":0,"servingSize":0},"quantity":1,"terms":{"priceEach":168.13,"taxEach":{"amount":0},"discountEach":{"amount":0},"pvEach":118},"quantityLimit":{"quantityQuota":-1,"timeFrameDays":-1,"quantityOrdered":0}}]},"currency":"EUR"},{"lines":{"items":[{"item":{"href":"https://hydraqa.unicity.net/v5a-test/items/d04a0b8762b20202b6273114fb7302d1","id":{"unicity":"32138"},"weightEach":{"value":0},"servingsPerContainer":0,"servingSize":0},"quantity":1,"terms":{"priceEach":224.21,"taxEach":{"amount":0},"discountEach":{"amount":0},"pvEach":152},"quantityLimit":{"quantityQuota":-1,"timeFrameDays":-1,"quantityOrdered":0}}]},"currency":"EUR"},{"lines":{"items":[{"item":{"href":"https://hydraqa.unicity.net/v5a-test/items/e13d0b5c40704ad5dd186959367c97f1","id":{"unicity":"32125"},"weightEach":{"value":0},"servingsPerContainer":0,"servingSize":0},"quantity":1,"terms":{"priceEach":373.74,"taxEach":{"amount":0},"discountEach":{"amount":0},"pvEach":250},"quantityLimit":{"quantityQuota":-1,"timeFrameDays":-1,"quantityOrdered":0}}]},"currency":"EUR"},{"lines":{"items":[{"item":{"href":"https://hydraqa.unicity.net/v5a-test/items/b23be76d5816f93f8e9b7ab0665d5021","id":{"unicity":"33092"},"weightEach":{"value":0},"servingsPerContainer":0,"servingSize":0},"quantity":1,"terms":{"priceEach":149.34,"taxEach":{"amount":0},"discountEach":{"amount":0},"pvEach":108},"quantityLimit":{"quantityQuota":-1,"timeFrameDays":-1,"quantityOrdered":0}}]},"currency":"EUR"},{"lines":{"items":[{"item":{"href":"https://hydraqa.unicity.net/v5a-test/items/287b72c2933e3afabdea942bd11bfab9","id":{"unicity":"33093"},"weightEach":{"value":0},"servingsPerContainer":0,"servingSize":0},"quantity":1,"terms":{"priceEach":162.54,"taxEach":{"amount":0},"discountEach":{"amount":0},"pvEach":105},"quantityLimit":{"quantityQuota":-1,"timeFrameDays":-1,"quantityOrdered":0}}]},"currency":"EUR"},{"lines":{"items":[{"item":{"href":"https://hydraqa.unicity.net/v5a-test/items/c451532f63a06f0e9a054e946a1a1c3b","id":{"unicity":"18511"},"weightEach":{"value":50},"servingsPerContainer":30,"servingSize":0},"quantity":1,"terms":{"priceEach":37.29,"taxEach":{"amount":0},"discountEach":{"amount":0},"pvEach":23},"quantityLimit":{"quantityQuota":-1,"timeFrameDays":-1,"quantityOrdered":0}}]},"currency":"EUR"},{"lines":{"items":[{"item":{"href":"https://hydraqa.unicity.net/v5a-test/items/4e49c95f12ae7be78e5ffab68b8b3ca6","id":{"unicity":"26422"},"weightEach":{"value":92},"servingsPerContainer":30,"servingSize":0},"quantity":1,"terms":{"priceEach":19,"taxEach":{"amount":0},"discountEach":{"amount":0},"pvEach":16},"quantityLimit":{"quantityQuota":-1,"timeFrameDays":-1,"quantityOrdered":0}}]},"currency":"EUR"},{"lines":{"items":[{"item":{"href":"https://hydraqa.unicity.net/v5a-test/items/ac37bf51ff7e4fe860da8457f6ce0425","id":{"unicity":"27166"},"weightEach":{"value":270},"servingsPerContainer":30,"servingSize":0},"quantity":1,"terms":{"priceEach":74.67,"taxEach":{"amount":0},"discountEach":{"amount":0},"pvEach":54},"quantityLimit":{"quantityQuota":-1,"timeFrameDays":-1,"quantityOrdered":0}}]},"currency":"EUR"},{"lines":{"items":[{"item":{"href":"https://hydraqa.unicity.net/v5a-test/items/a7bda1cb4a35343e52791aba56debc4a","id":{"unicity":"27617"},"weightEach":{"value":22.62},"servingsPerContainer":30,"servingSize":0},"quantity":1,"terms":{"priceEach":29.81,"taxEach":{"amount":0},"discountEach":{"amount":0},"pvEach":18},"quantityLimit":{"quantityQuota":-1,"timeFrameDays":-1,"quantityOrdered":0}}]},"currency":"EUR"},{"lines":{"items":[{"item":{"href":"https://hydraqa.unicity.net/v5a-test/items/a36d9fdd0fd7561e6180fb5b2ff27164","id":{"unicity":"27660"},"weightEach":{"value":129},"servingsPerContainer":15,"servingSize":0},"quantity":1,"terms":{"priceEach":40.09,"taxEach":{"amount":0},"discountEach":{"amount":0},"pvEach":25},"quantityLimit":{"quantityQuota":-1,"timeFrameDays":-1,"quantityOrdered":0}}]},"currency":"EUR"},{"lines":{"items":[{"item":{"href":"https://hydraqa.unicity.net/v5a-test/items/9a6e1d094182389c3da8e0a320ff0e00","id":{"unicity":"27585"},"weightEach":{"value":0},"servingsPerContainer":0,"servingSize":0},"quantity":1,"terms":{"priceEach":61.81,"taxEach":{"amount":0},"discountEach":{"amount":0},"pvEach":36},"quantityLimit":{"quantityQuota":-1,"timeFrameDays":-1,"quantityOrdered":0}}]},"currency":"EUR"},{"lines":{"items":[{"item":{"href":"https://hydraqa.unicity.net/v5a-test/items/112b8c39286598b3730f630f371a45f4","id":{"unicity":"27587"},"weightEach":{"value":690},"servingsPerContainer":30,"servingSize":0},"quantity":1,"terms":{"priceEach":55.98,"taxEach":{"amount":0},"discountEach":{"amount":0},"pvEach":34},"quantityLimit":{"quantityQuota":-1,"timeFrameDays":-1,"quantityOrdered":0}}]},"currency":"EUR"},{"lines":{"items":[{"item":{"href":"https://hydraqa.unicity.net/v5a-test/items/0c0717a26fcfe40310e906487e8a12f7","id":{"unicity":"28601"},"weightEach":{"value":270},"servingsPerContainer":30,"servingSize":0},"quantity":1,"terms":{"priceEach":74.67,"taxEach":{"amount":0},"discountEach":{"amount":0},"pvEach":54},"quantityLimit":{"quantityQuota":-1,"timeFrameDays":-1,"quantityOrdered":0}}]},"currency":"EUR"},{"lines":{"items":[{"item":{"href":"https://hydraqa.unicity.net/v5a-test/items/4790a55c442b5dc75a13b155e78c1842","id":{"unicity":"28604"},"weightEach":{"value":0},"servingsPerContainer":0,"servingSize":0},"quantity":1,"terms":{"priceEach":74.67,"taxEach":{"amount":0},"discountEach":{"amount":0},"pvEach":54},"quantityLimit":{"quantityQuota":-1,"timeFrameDays":-1,"quantityOrdered":0}}]},"currency":"EUR"},{"lines":{"items":[{"item":{"href":"https://hydraqa.unicity.net/v5a-test/items/11fac1643721516cbf646365d88b73cd","id":{"unicity":"29838"},"weightEach":{"value":0},"servingsPerContainer":0,"servingSize":0},"quantity":1,"terms":{"priceEach":112.36,"taxEach":{"amount":0},"discountEach":{"amount":0},"pvEach":86},"quantityLimit":{"quantityQuota":-1,"timeFrameDays":-1,"quantityOrdered":0}}]},"currency":"EUR"},{"lines":{"items":[{"item":{"href":"https://hydraqa.unicity.net/v5a-test/items/db0a2b02eaabc5ad45fe91ba5c7bcf5a","id":{"unicity":"31772"},"weightEach":{"value":0},"servingsPerContainer":0,"servingSize":0},"quantity":1,"terms":{"priceEach":8.32,"taxEach":{"amount":0},"discountEach":{"amount":0},"pvEach":0},"quantityLimit":{"quantityQuota":-1,"timeFrameDays":-1,"quantityOrdered":0}}]},"currency":"EUR"},{"lines":{"items":[{"item":{"href":"https://hydraqa.unicity.net/v5a-test/items/34c8c6b0f454da738e64265f08c57a72","id":{"unicity":"31777"},"weightEach":{"value":100},"servingsPerContainer":0,"servingSize":0},"quantity":1,"terms":{"priceEach":6.22,"taxEach":{"amount":0},"discountEach":{"amount":0},"pvEach":3},"quantityLimit":{"quantityQuota":-1,"timeFrameDays":-1,"quantityOrdered":0}}]},"currency":"EUR"},{"lines":{"items":[{"item":{"href":"https://hydraqa.unicity.net/v5a-test/items/fc8583e3bf463b599fdcce05234bc137","id":{"unicity":"31780"},"weightEach":{"value":275},"servingsPerContainer":0,"servingSize":0},"quantity":1,"terms":{"priceEach":8.32,"taxEach":{"amount":0},"discountEach":{"amount":0},"pvEach":4},"quantityLimit":{"quantityQuota":-1,"timeFrameDays":-1,"quantityOrdered":0}}]},"currency":"EUR"},{"lines":{"items":[{"item":{"href":"https://hydraqa.unicity.net/v5a-test/items/7e80331c8c25f515174d3f894283a27c","id":{"unicity":"31781"},"weightEach":{"value":275},"servingsPerContainer":0,"servingSize":0},"quantity":1,"terms":{"priceEach":8.32,"taxEach":{"amount":0},"discountEach":{"amount":0},"pvEach":4},"quantityLimit":{"quantityQuota":-1,"timeFrameDays":-1,"quantityOrdered":0}}]},"currency":"EUR"},{"lines":{"items":[{"item":{"href":"https://hydraqa.unicity.net/v5a-test/items/8d3854b47de8e45d6fcdc194dffff601","id":{"unicity":"31782"},"weightEach":{"value":50},"servingsPerContainer":0,"servingSize":0},"quantity":1,"terms":{"priceEach":12.52,"taxEach":{"amount":0},"discountEach":{"amount":0},"pvEach":6},"quantityLimit":{"quantityQuota":-1,"timeFrameDays":-1,"quantityOrdered":0}}]},"currency":"EUR"},{"lines":{"items":[{"item":{"href":"https://hydraqa.unicity.net/v5a-test/items/04516be30bd9bf93e01536e7fc8f8716","id":{"unicity":"31779"},"weightEach":{"value":350},"servingsPerContainer":0,"servingSize":0},"quantity":1,"terms":{"priceEach":10,"taxEach":{"amount":0},"discountEach":{"amount":0},"pvEach":5},"quantityLimit":{"quantityQuota":-1,"timeFrameDays":-1,"quantityOrdered":0}}]},"currency":"EUR"},{"lines":{"items":[{"item":{"href":"https://hydraqa.unicity.net/v5a-test/items/d7e1dd4b19a8672aed99e591356c0d48","id":{"unicity":"31932"},"weightEach":{"value":180},"servingsPerContainer":0,"servingSize":0},"quantity":1,"terms":{"priceEach":6.22,"taxEach":{"amount":0},"discountEach":{"amount":0},"pvEach":3},"quantityLimit":{"quantityQuota":-1,"timeFrameDays":-1,"quantityOrdered":0}}]},"currency":"EUR"},{"lines":{"items":[{"item":{"href":"https://hydraqa.unicity.net/v5a-test/items/1aa00306dc0006d365acd7436548f2e6","id":{"unicity":"31778"},"weightEach":{"value":350},"servingsPerContainer":0,"servingSize":0},"quantity":1,"terms":{"priceEach":12.52,"taxEach":{"amount":0},"discountEach":{"amount":0},"pvEach":6},"quantityLimit":{"quantityQuota":-1,"timeFrameDays":-1,"quantityOrdered":0}}]},"currency":"EUR"},{"lines":{"items":[{"item":{"href":"https://hydraqa.unicity.net/v5a-test/items/4fc6de0cb7817f39a836ff08609b8539","id":{"unicity":"32556"},"weightEach":{"value":0},"servingsPerContainer":0,"servingSize":0},"quantity":1,"terms":{"priceEach":2.44,"taxEach":{"amount":0},"discountEach":{"amount":0},"pvEach":0},"quantityLimit":{"quantityQuota":-1,"timeFrameDays":-1,"quantityOrdered":0}}]},"currency":"EUR"},{"lines":{"items":[{"item":{"href":"https://hydraqa.unicity.net/v5a-test/items/2262fdd5af916c31df08089c191735c1","id":{"unicity":"29317"},"weightEach":{"value":0},"servingsPerContainer":0,"servingSize":0},"quantity":1,"terms":{"priceEach":25.21,"taxEach":{"amount":0},"discountEach":{"amount":0},"pvEach":0},"quantityLimit":{"quantityQuota":-1,"timeFrameDays":-1,"quantityOrdered":0}}]},"currency":"EUR"},{"lines":{"items":[{"item":{"href":"https://hydraqa.unicity.net/v5a-test/items/90f38f77c9e6ea5a71aa7377df83760b","id":{"unicity":"30198"},"weightEach":{"value":0},"servingsPerContainer":0,"servingSize":0},"quantity":1,"terms":{"priceEach":19,"taxEach":{"amount":0},"discountEach":{"amount":0},"pvEach":16},"quantityLimit":{"quantityQuota":-1,"timeFrameDays":-1,"quantityOrdered":0}}]},"currency":"EUR"},{"lines":{"items":[{"item":{"href":"https://hydraqa.unicity.net/v5a-test/items/2faa0a2bcdeed39b7569e085fe880a23","id":{"unicity":"33097"},"weightEach":{"value":0},"servingsPerContainer":0,"servingSize":0},"quantity":1,"terms":{"priceEach":703.21,"taxEach":{"amount":0},"discountEach":{"amount":0},"pvEach":500},"quantityLimit":{"quantityQuota":-1,"timeFrameDays":-1,"quantityOrdered":0}}]},"currency":"EUR"},{"lines":{"items":[{"item":{"href":"https://hydraqa.unicity.net/v5a-test/items/3196d0b751f9119076e364a1cb03fa18","id":{"unicity":"33095"},"weightEach":{"value":0},"servingsPerContainer":0,"servingSize":0},"quantity":1,"terms":{"priceEach":740.99,"taxEach":{"amount":0},"discountEach":{"amount":0},"pvEach":514},"quantityLimit":{"quantityQuota":-1,"timeFrameDays":-1,"quantityOrdered":0}}]},"currency":"EUR"},{"lines":{"items":[{"item":{"href":"https://hydraqa.unicity.net/v5a-test/items/bdcb8e96238e2243278e5627f9a5f893","id":{"unicity":"33096"},"weightEach":{"value":0},"servingsPerContainer":0,"servingSize":0},"quantity":1,"terms":{"priceEach":1481.98,"taxEach":{"amount":0},"discountEach":{"amount":0},"pvEach":1028},"quantityLimit":{"quantityQuota":-1,"timeFrameDays":-1,"quantityOrdered":0}}]},"currency":"EUR"},{"lines":{"items":[{"item":{"href":"https://hydraqa.unicity.net/v5a-test/items/332daeac6796ed016ea8b7d0bc42c2d4","id":{"unicity":"24274"},"weightEach":{"value":0},"servingsPerContainer":0,"servingSize":0},"quantity":1,"terms":{"priceEach":7.48,"taxEach":{"amount":0},"discountEach":{"amount":0},"pvEach":0},"quantityLimit":{"quantityQuota":-1,"timeFrameDays":-1,"quantityOrdered":0}}]},"currency":"EUR"},{"lines":{"items":[{"item":{"href":"https://hydraqa.unicity.net/v5a-test/items/1945faa1776541d53120ecfe3c1d8a2b","id":{"unicity":"24418"},"weightEach":{"value":0},"servingsPerContainer":0,"servingSize":0},"quantity":1,"terms":{"priceEach":4.96,"taxEach":{"amount":0},"discountEach":{"amount":0},"pvEach":0},"quantityLimit":{"quantityQuota":-1,"timeFrameDays":-1,"quantityOrdered":0}}]},"currency":"EUR"},{"lines":{"items":[{"item":{"href":"https://hydraqa.unicity.net/v5a-test/items/5147f8cfe32548e02fc158d4da9c4d6f","id":{"unicity":"27150"},"weightEach":{"value":0},"servingsPerContainer":0,"servingSize":0},"quantity":1,"terms":{"priceEach":93.36,"taxEach":{"amount":0},"discountEach":{"amount":0},"pvEach":70},"quantityLimit":{"quantityQuota":-1,"timeFrameDays":-1,"quantityOrdered":0}}]},"currency":"EUR"},{"lines":{"items":[{"item":{"href":"https://hydraqa.unicity.net/v5a-test/items/03eba2365025ccd85818846a83a16f47","id":{"unicity":"27163"},"weightEach":{"value":258},"servingsPerContainer":30,"servingSize":0},"quantity":1,"terms":{"priceEach":74.67,"taxEach":{"amount":0},"discountEach":{"amount":0},"pvEach":54},"quantityLimit":{"quantityQuota":-1,"timeFrameDays":-1,"quantityOrdered":0}}]},"currency":"EUR"},{"lines":{"items":[{"item":{"href":"https://hydraqa.unicity.net/v5a-test/items/7d4ad2792f7056e5f81eb24f118ef737","id":{"unicity":"27575"},"weightEach":{"value":1104},"servingsPerContainer":30,"servingSize":0},"quantity":1,"terms":{"priceEach":55.98,"taxEach":{"amount":0},"discountEach":{"amount":0},"pvEach":34},"quantityLimit":{"quantityQuota":-1,"timeFrameDays":-1,"quantityOrdered":0}}]},"currency":"EUR"},{"lines":{"items":[{"item":{"href":"https://hydraqa.unicity.net/v5a-test/items/024e696f8b44a1d315006e676604cd31","id":{"unicity":"27395"},"weightEach":{"value":210},"servingsPerContainer":30,"servingSize":0},"quantity":1,"terms":{"priceEach":29.81,"taxEach":{"amount":0},"discountEach":{"amount":0},"pvEach":18},"quantityLimit":{"quantityQuota":-1,"timeFrameDays":-1,"quantityOrdered":0}}]},"currency":"EUR"},{"lines":{"items":[{"item":{"href":"https://hydraqa.unicity.net/v5a-test/items/4b2034f47fce90b87bba28c5c2d7c25d","id":{"unicity":"15880"},"weightEach":{"value":51.5},"servingsPerContainer":90,"servingSize":0},"quantity":1,"terms":{"priceEach":51.31,"taxEach":{"amount":0},"discountEach":{"amount":0},"pvEach":33},"quantityLimit":{"quantityQuota":-1,"timeFrameDays":-1,"quantityOrdered":0}}]},"currency":"EUR"},{"lines":{"items":[{"item":{"href":"https://hydraqa.unicity.net/v5a-test/items/398d06b858b960f6f38086d40608aef2","id":{"unicity":"26560"},"weightEach":{"value":60},"servingsPerContainer":30,"servingSize":0},"quantity":1,"terms":{"priceEach":20.47,"taxEach":{"amount":0},"discountEach":{"amount":0},"pvEach":13},"quantityLimit":{"quantityQuota":-1,"timeFrameDays":-1,"quantityOrdered":0}}]},"currency":"EUR"},{"lines":{"items":[{"item":{"href":"https://hydraqa.unicity.net/v5a-test/items/e218d1cac5f31e7ae4f5876c29c57377","id":{"unicity":"29017"},"weightEach":{"value":52.8},"servingsPerContainer":60,"servingSize":0},"quantity":1,"terms":{"priceEach":37.29,"taxEach":{"amount":0},"discountEach":{"amount":0},"pvEach":23},"quantityLimit":{"quantityQuota":-1,"timeFrameDays":-1,"quantityOrdered":0}}]},"currency":"EUR"},{"lines":{"items":[{"item":{"href":"https://hydraqa.unicity.net/v5a-test/items/3f2d12d7a0e8551fc99fad3bbe1ba633","id":{"unicity":"26567"},"weightEach":{"value":173.46},"servingsPerContainer":60,"servingSize":0},"quantity":1,"terms":{"priceEach":55.98,"taxEach":{"amount":0},"discountEach":{"amount":0},"pvEach":26},"quantityLimit":{"quantityQuota":-1,"timeFrameDays":-1,"quantityOrdered":0}}]},"currency":"EUR"},{"lines":{"items":[{"item":{"href":"https://hydraqa.unicity.net/v5a-test/items/64ec7ad932acafab052a4e8800ad1238","id":{"unicity":"24758"},"weightEach":{"value":26.89},"servingsPerContainer":30,"servingSize":0},"quantity":1,"terms":{"priceEach":37.29,"taxEach":{"amount":0},"discountEach":{"amount":0},"pvEach":23},"quantityLimit":{"quantityQuota":-1,"timeFrameDays":-1,"quantityOrdered":0}}]},"currency":"EUR"},{"lines":{"items":[{"item":{"href":"https://hydraqa.unicity.net/v5a-test/items/606f7be753c74dfbfe4b107276775140","id":{"unicity":"29821"},"weightEach":{"value":133.5},"servingsPerContainer":30,"servingSize":0},"quantity":1,"terms":{"priceEach":79.35,"taxEach":{"amount":0},"discountEach":{"amount":0},"pvEach":59},"quantityLimit":{"quantityQuota":-1,"timeFrameDays":-1,"quantityOrdered":0}}]},"currency":"EUR"},{"lines":{"items":[{"item":{"href":"https://hydraqa.unicity.net/v5a-test/items/94939f9be900906d2b47260ccba22a7b","id":{"unicity":"32012"},"weightEach":{"value":420},"servingsPerContainer":20,"servingSize":0},"quantity":1,"terms":{"priceEach":13.93,"taxEach":{"amount":0},"discountEach":{"amount":0},"pvEach":6},"quantityLimit":{"quantityQuota":-1,"timeFrameDays":-1,"quantityOrdered":0}}]},"currency":"EUR"},{"lines":{"items":[{"item":{"href":"https://hydraqa.unicity.net/v5a-test/items/2c4c1abe00983e85aaa918d2ce341491","id":{"unicity":"17174"},"weightEach":{"value":49.72},"servingsPerContainer":100,"servingSize":0},"quantity":1,"terms":{"priceEach":37.29,"taxEach":{"amount":0},"discountEach":{"amount":0},"pvEach":23},"quantityLimit":{"quantityQuota":-1,"timeFrameDays":-1,"quantityOrdered":0}}]},"currency":"EUR"},{"lines":{"items":[{"item":{"href":"https://hydraqa.unicity.net/v5a-test/items/991cdbb84a495779eb209fb3956a77e4","id":{"unicity":"29183"},"weightEach":{"value":50},"servingsPerContainer":0,"servingSize":0},"quantity":1,"terms":{"priceEach":31.01,"taxEach":{"amount":0},"discountEach":{"amount":0},"pvEach":18},"quantityLimit":{"quantityQuota":-1,"timeFrameDays":-1,"quantityOrdered":0}}]},"currency":"EUR"},{"lines":{"items":[{"item":{"href":"https://hydraqa.unicity.net/v5a-test/items/0e78fbdfebef11cd62f8d2120064ee58","id":{"unicity":"30280"},"weightEach":{"value":30},"servingsPerContainer":0,"servingSize":0},"quantity":1,"terms":{"priceEach":33.53,"taxEach":{"amount":0},"discountEach":{"amount":0},"pvEach":20},"quantityLimit":{"quantityQuota":-1,"timeFrameDays":-1,"quantityOrdered":0}}]},"currency":"EUR"},{"lines":{"items":[{"item":{"href":"https://hydraqa.unicity.net/v5a-test/items/beb900429fbb160dbfc3001c14d96df4","id":{"unicity":"29187"},"weightEach":{"value":30},"servingsPerContainer":0,"servingSize":0},"quantity":1,"terms":{"priceEach":37.73,"taxEach":{"amount":0},"discountEach":{"amount":0},"pvEach":24},"quantityLimit":{"quantityQuota":-1,"timeFrameDays":-1,"quantityOrdered":0}}]},"currency":"EUR"},{"lines":{"items":[{"item":{"href":"https://hydraqa.unicity.net/v5a-test/items/1b0412bea8c0b841c66f65a36aa14108","id":{"unicity":"29191"},"weightEach":{"value":30},"servingsPerContainer":0,"servingSize":0},"quantity":1,"terms":{"priceEach":37.73,"taxEach":{"amount":0},"discountEach":{"amount":0},"pvEach":24},"quantityLimit":{"quantityQuota":-1,"timeFrameDays":-1,"quantityOrdered":0}}]},"currency":"EUR"},{"lines":{"items":[{"item":{"href":"https://hydraqa.unicity.net/v5a-test/items/52c87f74d3b41ed49b0f897b66c2a99b","id":{"unicity":"30684"},"weightEach":{"value":450},"servingsPerContainer":30,"servingSize":0},"quantity":1,"terms":{"priceEach":37.29,"taxEach":{"amount":0},"discountEach":{"amount":0},"pvEach":23},"quantityLimit":{"quantityQuota":-1,"timeFrameDays":-1,"quantityOrdered":0}}]},"currency":"EUR"},{"lines":{"items":[{"item":{"href":"https://hydraqa.unicity.net/v5a-test/items/ab2a2b07b17718843a66bee04ff40624","id":{"unicity":"31402"},"weightEach":{"value":477},"servingsPerContainer":30,"servingSize":0},"quantity":1,"terms":{"priceEach":92.43,"taxEach":{"amount":0},"discountEach":{"amount":0},"pvEach":70},"quantityLimit":{"quantityQuota":-1,"timeFrameDays":-1,"quantityOrdered":0}}]},"currency":"EUR"},{"lines":{"items":[{"item":{"href":"https://hydraqa.unicity.net/v5a-test/items/7e5e7df32701fd44947c8146f2129f7a","id":{"unicity":"31672"},"weightEach":{"value":270},"servingsPerContainer":15,"servingSize":0},"quantity":1,"terms":{"priceEach":74.67,"taxEach":{"amount":0},"discountEach":{"amount":0},"pvEach":54},"quantityLimit":{"quantityQuota":-1,"timeFrameDays":-1,"quantityOrdered":0}}]},"currency":"EUR"},{"lines":{"items":[{"item":{"href":"https://hydraqa.unicity.net/v5a-test/items/493c2ba720f847422eccc5da35024f33","id":{"unicity":"31534"},"weightEach":{"value":95},"servingsPerContainer":60,"servingSize":0},"quantity":1,"terms":{"priceEach":26.07,"taxEach":{"amount":0},"discountEach":{"amount":0},"pvEach":16},"quantityLimit":{"quantityQuota":-1,"timeFrameDays":-1,"quantityOrdered":0}}]},"currency":"EUR"},{"lines":{"items":[{"item":{"href":"https://hydraqa.unicity.net/v5a-test/items/bfddb53fe0d5ed5432c531dc9850cbe4","id":{"unicity":"29449"},"weightEach":{"value":60},"servingsPerContainer":30,"servingSize":0},"quantity":1,"terms":{"priceEach":26.07,"taxEach":{"amount":0},"discountEach":{"amount":0},"pvEach":16},"quantityLimit":{"quantityQuota":-1,"timeFrameDays":-1,"quantityOrdered":0}}]},"currency":"EUR"},{"lines":{"items":[{"item":{"href":"https://hydraqa.unicity.net/v5a-test/items/217ca02fbd24e21ca5281412756238ab","id":{"unicity":"32126"},"weightEach":{"value":0},"servingsPerContainer":0,"servingSize":0},"quantity":1,"terms":{"priceEach":152.24,"taxEach":{"amount":0},"discountEach":{"amount":0},"pvEach":101},"quantityLimit":{"quantityQuota":-1,"timeFrameDays":-1,"quantityOrdered":0}}]},"currency":"EUR"},{"lines":{"items":[{"item":{"href":"https://hydraqa.unicity.net/v5a-test/items/808008a0657d2033ad471c39bbce9891","id":{"unicity":"32127"},"weightEach":{"value":0},"servingsPerContainer":0,"servingSize":0},"quantity":1,"terms":{"priceEach":162.34,"taxEach":{"amount":0},"discountEach":{"amount":0},"pvEach":113},"quantityLimit":{"quantityQuota":-1,"timeFrameDays":-1,"quantityOrdered":0}}]},"currency":"EUR"},{"lines":{"items":[{"item":{"href":"https://hydraqa.unicity.net/v5a-test/items/fbb6dbd577adb73abaec364076fb288f","id":{"unicity":"32087"},"weightEach":{"value":600},"servingsPerContainer":10,"servingSize":0},"quantity":1,"terms":{"priceEach":20.47,"taxEach":{"amount":0},"discountEach":{"amount":0},"pvEach":9},"quantityLimit":{"quantityQuota":-1,"timeFrameDays":-1,"quantityOrdered":0}}]},"currency":"EUR"},{"lines":{"items":[{"item":{"href":"https://hydraqa.unicity.net/v5a-test/items/1f59b10f0bef99fa20e4b9b0b4efea88","id":{"unicity":"32333"},"weightEach":{"value":0},"servingsPerContainer":0,"servingSize":0},"quantity":1,"terms":{"priceEach":9.16,"taxEach":{"amount":0},"discountEach":{"amount":0},"pvEach":0},"quantityLimit":{"quantityQuota":-1,"timeFrameDays":-1,"quantityOrdered":0}}]},"currency":"EUR"},{"lines":{"items":[{"item":{"href":"https://hydraqa.unicity.net/v5a-test/items/b90fda77fbdf07131e0e60b87941cf76","id":{"unicity":"32755"},"weightEach":{"value":0},"servingsPerContainer":0,"servingSize":0},"quantity":1,"terms":{"priceEach":758.54,"taxEach":{"amount":0},"discountEach":{"amount":0},"pvEach":503},"quantityLimit":{"quantityQuota":-1,"timeFrameDays":-1,"quantityOrdered":0}}]},"currency":"EUR"},{"lines":{"items":[{"item":{"href":"https://hydraqa.unicity.net/v5a-test/items/592aef9ec417f4553dc0b62a91a1f5e0","id":{"unicity":"32330"},"weightEach":{"value":0},"servingsPerContainer":0,"servingSize":0},"quantity":1,"terms":{"priceEach":93.36,"taxEach":{"amount":0},"discountEach":{"amount":0},"pvEach":55},"quantityLimit":{"quantityQuota":-1,"timeFrameDays":-1,"quantityOrdered":0}}]},"currency":"EUR"},{"lines":{"items":[{"item":{"href":"https://hydraqa.unicity.net/v5a-test/items/87dd58dff9eb54a10b652443e7279a1e","id":{"unicity":"32693"},"weightEach":{"value":0},"servingsPerContainer":0,"servingSize":0},"quantity":1,"terms":{"priceEach":79.35,"taxEach":{"amount":0},"discountEach":{"amount":0},"pvEach":59},"quantityLimit":{"quantityQuota":-1,"timeFrameDays":-1,"quantityOrdered":0}}]},"currency":"EUR"},{"lines":{"items":[{"item":{"href":"https://hydraqa.unicity.net/v5a-test/items/1bd53de7fe880ba71f46c9976ca2c137","id":{"unicity":"27739"},"weightEach":{"value":0},"servingsPerContainer":0,"servingSize":0},"quantity":1,"terms":{"priceEach":37.29,"taxEach":{"amount":0},"discountEach":{"amount":0},"pvEach":23},"quantityLimit":{"quantityQuota":-1,"timeFrameDays":-1,"quantityOrdered":0}}]},"currency":"EUR"}]}
Entry request : {"order":{"customer":{"href":"https://hydraqa.unicity.net/v5a-test/customers?type=Associate"},"shipToAddress":{"country":"NO"}},"vary":{"lines":{"items":[{"item":{"href":"https://hydraqa.unicity.net/v5a-test/items?id.unicity=27156|27158|27160|31763|31951|31952|32128|32129|32130|32132|32133|32134|32135|32136|32137|32138|32125|32699|33092|33094|33093|18511|26422|27166|27617|27660|27585|27587|28601|28604|29838|31772|31777|31780|31781|31782|31779|31932|31778|32556|29317|30198|32965|33097|33095|32968|32966|33096|24274|24418|27150|27163|27575|27395|15880|26560|29017|26567|24758|29821|32012|17174|29183|30280|29187|29191|30684|31402|31672|31534|29449|32126|32127|32087|32333|32755|32330|32693|27739"}}]}}}
]]></system-out>
    <system-err><![CDATA[Starting ChromeDriver 2.36.540470 (e522d04694c7ebea4ba8821272dbef4f9b818c91) on port 21790
Only local connections are allowed.
Jan 21, 2021 11:55:01 AM org.openqa.selenium.remote.ProtocolHandshake createSession
INFO: Detected dialect: OSS
]]></system-err>
  </testcase>
  <testcase name="Enroll" classname="Tests.FranchisePartner" time="79.373">
    <failure message="Major NOPack Click Here" type="java.lang.AssertionError">java.lang.AssertionError: Major NOPack Click Here
	at Tests.FranchisePartner.Enroll(FranchisePartner.java:257)
</failure>
    <system-err><![CDATA[Starting ChromeDriver 2.36.540470 (e522d04694c7ebea4ba8821272dbef4f9b818c91) on port 38588
Only local connections are allowed.
Jan 21, 2021 11:56:37 AM org.openqa.selenium.remote.ProtocolHandshake createSession
INFO: Detected dialect: OSS
]]></system-err>
  </testcase>
  <testcase name="Enroll" classname="Tests.FranchisePartner" time="77.865">
    <failure message="no such element: Unable to locate element: {&quot;method&quot;:&quot;xpath&quot;,&quot;selector&quot;:&quot;(//li[contains(@class, &apos;businesspack&apos;)]//p//span)[1]&quot;}&#10;  (Session info: chrome=87.0.4280.141)&#10;  (Driver info: chromedriver=2.36.540470 (e522d04694c7ebea4ba8821272dbef4f9b818c91),platform=Windows NT 6.3.9600 x86_64) (WARNING: The server did not provide any stacktrace information)&#10;Command duration or timeout: 0 milliseconds&#10;For documentation on this error, please visit: http://seleniumhq.org/exceptions/no_such_element.html&#10;Build info: version: &apos;3.8.1&apos;, revision: &apos;6e95a6684b&apos;, time: &apos;2017-12-01T18:33:54.468Z&apos;&#10;System info: host: &apos;QASERVER01&apos;, ip: &apos;10.2.0.23&apos;, os.name: &apos;Windows Server 2012 R2&apos;, os.arch: &apos;amd64&apos;, os.version: &apos;6.3&apos;, java.version: &apos;1.8.0_111&apos;&#10;Driver info: org.openqa.selenium.chrome.ChromeDriver&#10;Capabilities {acceptInsecureCerts: false, acceptSslCerts: false, applicationCacheEnabled: false, browserConnectionEnabled: false, browserName: chrome, chrome: {chromedriverVersion: 2.36.540470 (e522d04694c7eb..., userDataDir: C:\Users\sumancb\AppData\Lo...}, cssSelectorsEnabled: true, databaseEnabled: false, handlesAlerts: true, hasTouchScreen: false, javascriptEnabled: true, locationContextEnabled: true, mobileEmulationEnabled: false, nativeEvents: true, networkConnectionEnabled: false, pageLoadStrategy: normal, platform: XP, platformName: XP, rotatable: false, setWindowRect: true, takesHeapSnapshot: true, takesScreenshot: true, unexpectedAlertBehaviour: , unhandledPromptBehavior: , version: 87.0.4280.141, webStorageEnabled: true}&#10;Session ID: 5caca37aa2b40f4e98a09d6fec18c434&#10;*** Element info: {Using=xpath, value=(//li[contains(@class, &apos;businesspack&apos;)]//p//span)[1]}" type="org.openqa.selenium.NoSuchElementException">org.openqa.selenium.NoSuchElementException: 
no such element: Unable to locate element: {"method":"xpath","selector":"(//li[contains(@class, 'businesspack')]//p//span)[1]"}
  (Session info: chrome=87.0.4280.141)
  (Driver info: chromedriver=2.36.540470 (e522d04694c7ebea4ba8821272dbef4f9b818c91),platform=Windows NT 6.3.9600 x86_64) (WARNING: The server did not provide any stacktrace information)
Command duration or timeout: 0 milliseconds
For documentation on this error, please visit: http://seleniumhq.org/exceptions/no_such_element.html
Build info: version: '3.8.1', revision: '6e95a6684b', time: '2017-12-01T18:33:54.468Z'
System info: host: 'QASERVER01', ip: '10.2.0.23', os.name: 'Windows Server 2012 R2', os.arch: 'amd64', os.version: '6.3', java.version: '1.8.0_111'
Driver info: org.openqa.selenium.chrome.ChromeDriver
Capabilities {acceptInsecureCerts: false, acceptSslCerts: false, applicationCacheEnabled: false, browserConnectionEnabled: false, browserName: chrome, chrome: {chromedriverVersion: 2.36.540470 (e522d04694c7eb..., userDataDir: C:\Users\sumancb\AppData\Lo...}, cssSelectorsEnabled: true, databaseEnabled: false, handlesAlerts: true, hasTouchScreen: false, javascriptEnabled: true, locationContextEnabled: true, mobileEmulationEnabled: false, nativeEvents: true, networkConnectionEnabled: false, pageLoadStrategy: normal, platform: XP, platformName: XP, rotatable: false, setWindowRect: true, takesHeapSnapshot: true, takesScreenshot: true, unexpectedAlertBehaviour: , unhandledPromptBehavior: , version: 87.0.4280.141, webStorageEnabled: true}
Session ID: 5caca37aa2b40f4e98a09d6fec18c434
*** Element info: {Using=xpath, value=(//li[contains(@class, 'businesspack')]//p//span)[1]}
	at Tests.FranchisePartner.Enroll(FranchisePartner.java:257)
</failure>
    <system-out><![CDATA[Request URL: https://hydraqa.unicity.net/v5a-test/quotes?&expand=item
Entry Quotes response : {"items":[{"lines":{"items":[{"item":{"href":"https://hydraqa.unicity.net/v5a-test/items/50e73ecfa509ac20c4a250f9cb32fdfc","id":{"unicity":"27156"},"weightEach":{"value":31},"servingsPerContainer":50,"servingSize":0},"quantity":1,"terms":{"priceEach":20.47,"taxEach":{"amount":0},"discountEach":{"amount":0},"pvEach":13},"quantityLimit":{"quantityQuota":-1,"timeFrameDays":-1,"quantityOrdered":0}}]},"currency":"EUR"},{"lines":{"items":[{"item":{"href":"https://hydraqa.unicity.net/v5a-test/items/d92292ba2f23c030e4a1f63eb3ebe1ce","id":{"unicity":"27158"},"weightEach":{"value":454},"servingsPerContainer":45,"servingSize":0},"quantity":1,"terms":{"priceEach":27.94,"taxEach":{"amount":0},"discountEach":{"amount":0},"pvEach":23},"quantityLimit":{"quantityQuota":-1,"timeFrameDays":-1,"quantityOrdered":0}}]},"currency":"EUR"},{"lines":{"items":[{"item":{"href":"https://hydraqa.unicity.net/v5a-test/items/0d3b8d4f7c4d4082db1b4ecffb6693fb","id":{"unicity":"27160"},"weightEach":{"value":435},"servingsPerContainer":60,"servingSize":0},"quantity":1,"terms":{"priceEach":74.67,"taxEach":{"amount":0},"discountEach":{"amount":0},"pvEach":53},"quantityLimit":{"quantityQuota":-1,"timeFrameDays":-1,"quantityOrdered":0}}]},"currency":"EUR"},{"lines":{"items":[{"item":{"href":"https://hydraqa.unicity.net/v5a-test/items/31cb0679f65df8fa9a4fc3d7e38b72b3","id":{"unicity":"31763"},"weightEach":{"value":0},"servingsPerContainer":0,"servingSize":0},"quantity":1,"terms":{"priceEach":243.3,"taxEach":{"amount":0},"discountEach":{"amount":0},"pvEach":181},"quantityLimit":{"quantityQuota":-1,"timeFrameDays":-1,"quantityOrdered":0}}]},"currency":"EUR"},{"lines":{"items":[{"item":{"href":"https://hydraqa.unicity.net/v5a-test/items/e9991b48ac639367d526d2b9b22fac8c","id":{"unicity":"32128"},"weightEach":{"value":0},"servingsPerContainer":0,"servingSize":0},"quantity":1,"terms":{"priceEach":371.87,"taxEach":{"amount":0},"discountEach":{"amount":0},"pvEach":253},"quantityLimit":{"quantityQuota":-1,"timeFrameDays":-1,"quantityOrdered":0}}]},"currency":"EUR"},{"lines":{"items":[{"item":{"href":"https://hydraqa.unicity.net/v5a-test/items/40b3312de189221d96d838d33a8ec49d","id":{"unicity":"32129"},"weightEach":{"value":0},"servingsPerContainer":0,"servingSize":0},"quantity":1,"terms":{"priceEach":371.87,"taxEach":{"amount":0},"discountEach":{"amount":0},"pvEach":254},"quantityLimit":{"quantityQuota":-1,"timeFrameDays":-1,"quantityOrdered":0}}]},"currency":"EUR"},{"lines":{"items":[{"item":{"href":"https://hydraqa.unicity.net/v5a-test/items/6bd168a66ce41003a8f30917deff5808","id":{"unicity":"32130"},"weightEach":{"value":0},"servingsPerContainer":0,"servingSize":0},"quantity":1,"terms":{"priceEach":363.46,"taxEach":{"amount":0},"discountEach":{"amount":0},"pvEach":252},"quantityLimit":{"quantityQuota":-1,"timeFrameDays":-1,"quantityOrdered":0}}]},"currency":"EUR"},{"lines":{"items":[{"item":{"href":"https://hydraqa.unicity.net/v5a-test/items/806f99b793edd7cd0b1c158ba0eb3142","id":{"unicity":"32132"},"weightEach":{"value":0},"servingsPerContainer":0,"servingSize":0},"quantity":1,"terms":{"priceEach":355.98,"taxEach":{"amount":0},"discountEach":{"amount":0},"pvEach":253},"quantityLimit":{"quantityQuota":-1,"timeFrameDays":-1,"quantityOrdered":0}}]},"currency":"EUR"},{"lines":{"items":[{"item":{"href":"https://hydraqa.unicity.net/v5a-test/items/e3d382d99fde8659cb146b54116e7654","id":{"unicity":"32133"},"weightEach":{"value":0},"servingsPerContainer":0,"servingSize":0},"quantity":1,"terms":{"priceEach":364.39,"taxEach":{"amount":0},"discountEach":{"amount":0},"pvEach":252},"quantityLimit":{"quantityQuota":-1,"timeFrameDays":-1,"quantityOrdered":0}}]},"currency":"EUR"},{"lines":{"items":[{"item":{"href":"https://hydraqa.unicity.net/v5a-test/items/022f109fe6e5eae3e521295a5cb94c60","id":{"unicity":"32134"},"weightEach":{"value":0},"servingsPerContainer":0,"servingSize":0},"quantity":1,"terms":{"priceEach":144.77,"taxEach":{"amount":0},"discountEach":{"amount":0},"pvEach":101},"quantityLimit":{"quantityQuota":-1,"timeFrameDays":-1,"quantityOrdered":0}}]},"currency":"EUR"},{"lines":{"items":[{"item":{"href":"https://hydraqa.unicity.net/v5a-test/items/ded00960d5e948dd8e511a9c752e1ff9","id":{"unicity":"32135"},"weightEach":{"value":0},"servingsPerContainer":0,"servingSize":0},"quantity":1,"terms":{"priceEach":154.11,"taxEach":{"amount":0},"discountEach":{"amount":0},"pvEach":113},"quantityLimit":{"quantityQuota":-1,"timeFrameDays":-1,"quantityOrdered":0}}]},"currency":"EUR"},{"lines":{"items":[{"item":{"href":"https://hydraqa.unicity.net/v5a-test/items/166a69d45c4ae40278554e24d5f40443","id":{"unicity":"32137"},"weightEach":{"value":0},"servingsPerContainer":0,"servingSize":0},"quantity":1,"terms":{"priceEach":168.13,"taxEach":{"amount":0},"discountEach":{"amount":0},"pvEach":118},"quantityLimit":{"quantityQuota":-1,"timeFrameDays":-1,"quantityOrdered":0}}]},"currency":"EUR"},{"lines":{"items":[{"item":{"href":"https://hydraqa.unicity.net/v5a-test/items/d04a0b8762b20202b6273114fb7302d1","id":{"unicity":"32138"},"weightEach":{"value":0},"servingsPerContainer":0,"servingSize":0},"quantity":1,"terms":{"priceEach":224.21,"taxEach":{"amount":0},"discountEach":{"amount":0},"pvEach":152},"quantityLimit":{"quantityQuota":-1,"timeFrameDays":-1,"quantityOrdered":0}}]},"currency":"EUR"},{"lines":{"items":[{"item":{"href":"https://hydraqa.unicity.net/v5a-test/items/e13d0b5c40704ad5dd186959367c97f1","id":{"unicity":"32125"},"weightEach":{"value":0},"servingsPerContainer":0,"servingSize":0},"quantity":1,"terms":{"priceEach":373.74,"taxEach":{"amount":0},"discountEach":{"amount":0},"pvEach":250},"quantityLimit":{"quantityQuota":-1,"timeFrameDays":-1,"quantityOrdered":0}}]},"currency":"EUR"},{"lines":{"items":[{"item":{"href":"https://hydraqa.unicity.net/v5a-test/items/b23be76d5816f93f8e9b7ab0665d5021","id":{"unicity":"33092"},"weightEach":{"value":0},"servingsPerContainer":0,"servingSize":0},"quantity":1,"terms":{"priceEach":149.34,"taxEach":{"amount":0},"discountEach":{"amount":0},"pvEach":108},"quantityLimit":{"quantityQuota":-1,"timeFrameDays":-1,"quantityOrdered":0}}]},"currency":"EUR"},{"lines":{"items":[{"item":{"href":"https://hydraqa.unicity.net/v5a-test/items/287b72c2933e3afabdea942bd11bfab9","id":{"unicity":"33093"},"weightEach":{"value":0},"servingsPerContainer":0,"servingSize":0},"quantity":1,"terms":{"priceEach":162.54,"taxEach":{"amount":0},"discountEach":{"amount":0},"pvEach":105},"quantityLimit":{"quantityQuota":-1,"timeFrameDays":-1,"quantityOrdered":0}}]},"currency":"EUR"},{"lines":{"items":[{"item":{"href":"https://hydraqa.unicity.net/v5a-test/items/c451532f63a06f0e9a054e946a1a1c3b","id":{"unicity":"18511"},"weightEach":{"value":50},"servingsPerContainer":30,"servingSize":0},"quantity":1,"terms":{"priceEach":37.29,"taxEach":{"amount":0},"discountEach":{"amount":0},"pvEach":23},"quantityLimit":{"quantityQuota":-1,"timeFrameDays":-1,"quantityOrdered":0}}]},"currency":"EUR"},{"lines":{"items":[{"item":{"href":"https://hydraqa.unicity.net/v5a-test/items/4e49c95f12ae7be78e5ffab68b8b3ca6","id":{"unicity":"26422"},"weightEach":{"value":92},"servingsPerContainer":30,"servingSize":0},"quantity":1,"terms":{"priceEach":19,"taxEach":{"amount":0},"discountEach":{"amount":0},"pvEach":16},"quantityLimit":{"quantityQuota":-1,"timeFrameDays":-1,"quantityOrdered":0}}]},"currency":"EUR"},{"lines":{"items":[{"item":{"href":"https://hydraqa.unicity.net/v5a-test/items/ac37bf51ff7e4fe860da8457f6ce0425","id":{"unicity":"27166"},"weightEach":{"value":270},"servingsPerContainer":30,"servingSize":0},"quantity":1,"terms":{"priceEach":74.67,"taxEach":{"amount":0},"discountEach":{"amount":0},"pvEach":54},"quantityLimit":{"quantityQuota":-1,"timeFrameDays":-1,"quantityOrdered":0}}]},"currency":"EUR"},{"lines":{"items":[{"item":{"href":"https://hydraqa.unicity.net/v5a-test/items/a7bda1cb4a35343e52791aba56debc4a","id":{"unicity":"27617"},"weightEach":{"value":22.62},"servingsPerContainer":30,"servingSize":0},"quantity":1,"terms":{"priceEach":29.81,"taxEach":{"amount":0},"discountEach":{"amount":0},"pvEach":18},"quantityLimit":{"quantityQuota":-1,"timeFrameDays":-1,"quantityOrdered":0}}]},"currency":"EUR"},{"lines":{"items":[{"item":{"href":"https://hydraqa.unicity.net/v5a-test/items/a36d9fdd0fd7561e6180fb5b2ff27164","id":{"unicity":"27660"},"weightEach":{"value":129},"servingsPerContainer":15,"servingSize":0},"quantity":1,"terms":{"priceEach":40.09,"taxEach":{"amount":0},"discountEach":{"amount":0},"pvEach":25},"quantityLimit":{"quantityQuota":-1,"timeFrameDays":-1,"quantityOrdered":0}}]},"currency":"EUR"},{"lines":{"items":[{"item":{"href":"https://hydraqa.unicity.net/v5a-test/items/9a6e1d094182389c3da8e0a320ff0e00","id":{"unicity":"27585"},"weightEach":{"value":0},"servingsPerContainer":0,"servingSize":0},"quantity":1,"terms":{"priceEach":61.81,"taxEach":{"amount":0},"discountEach":{"amount":0},"pvEach":36},"quantityLimit":{"quantityQuota":-1,"timeFrameDays":-1,"quantityOrdered":0}}]},"currency":"EUR"},{"lines":{"items":[{"item":{"href":"https://hydraqa.unicity.net/v5a-test/items/112b8c39286598b3730f630f371a45f4","id":{"unicity":"27587"},"weightEach":{"value":690},"servingsPerContainer":30,"servingSize":0},"quantity":1,"terms":{"priceEach":55.98,"taxEach":{"amount":0},"discountEach":{"amount":0},"pvEach":34},"quantityLimit":{"quantityQuota":-1,"timeFrameDays":-1,"quantityOrdered":0}}]},"currency":"EUR"},{"lines":{"items":[{"item":{"href":"https://hydraqa.unicity.net/v5a-test/items/0c0717a26fcfe40310e906487e8a12f7","id":{"unicity":"28601"},"weightEach":{"value":270},"servingsPerContainer":30,"servingSize":0},"quantity":1,"terms":{"priceEach":74.67,"taxEach":{"amount":0},"discountEach":{"amount":0},"pvEach":54},"quantityLimit":{"quantityQuota":-1,"timeFrameDays":-1,"quantityOrdered":0}}]},"currency":"EUR"},{"lines":{"items":[{"item":{"href":"https://hydraqa.unicity.net/v5a-test/items/4790a55c442b5dc75a13b155e78c1842","id":{"unicity":"28604"},"weightEach":{"value":0},"servingsPerContainer":0,"servingSize":0},"quantity":1,"terms":{"priceEach":74.67,"taxEach":{"amount":0},"discountEach":{"amount":0},"pvEach":54},"quantityLimit":{"quantityQuota":-1,"timeFrameDays":-1,"quantityOrdered":0}}]},"currency":"EUR"},{"lines":{"items":[{"item":{"href":"https://hydraqa.unicity.net/v5a-test/items/11fac1643721516cbf646365d88b73cd","id":{"unicity":"29838"},"weightEach":{"value":0},"servingsPerContainer":0,"servingSize":0},"quantity":1,"terms":{"priceEach":112.36,"taxEach":{"amount":0},"discountEach":{"amount":0},"pvEach":86},"quantityLimit":{"quantityQuota":-1,"timeFrameDays":-1,"quantityOrdered":0}}]},"currency":"EUR"},{"lines":{"items":[{"item":{"href":"https://hydraqa.unicity.net/v5a-test/items/db0a2b02eaabc5ad45fe91ba5c7bcf5a","id":{"unicity":"31772"},"weightEach":{"value":0},"servingsPerContainer":0,"servingSize":0},"quantity":1,"terms":{"priceEach":8.32,"taxEach":{"amount":0},"discountEach":{"amount":0},"pvEach":0},"quantityLimit":{"quantityQuota":-1,"timeFrameDays":-1,"quantityOrdered":0}}]},"currency":"EUR"},{"lines":{"items":[{"item":{"href":"https://hydraqa.unicity.net/v5a-test/items/34c8c6b0f454da738e64265f08c57a72","id":{"unicity":"31777"},"weightEach":{"value":100},"servingsPerContainer":0,"servingSize":0},"quantity":1,"terms":{"priceEach":6.22,"taxEach":{"amount":0},"discountEach":{"amount":0},"pvEach":3},"quantityLimit":{"quantityQuota":-1,"timeFrameDays":-1,"quantityOrdered":0}}]},"currency":"EUR"},{"lines":{"items":[{"item":{"href":"https://hydraqa.unicity.net/v5a-test/items/fc8583e3bf463b599fdcce05234bc137","id":{"unicity":"31780"},"weightEach":{"value":275},"servingsPerContainer":0,"servingSize":0},"quantity":1,"terms":{"priceEach":8.32,"taxEach":{"amount":0},"discountEach":{"amount":0},"pvEach":4},"quantityLimit":{"quantityQuota":-1,"timeFrameDays":-1,"quantityOrdered":0}}]},"currency":"EUR"},{"lines":{"items":[{"item":{"href":"https://hydraqa.unicity.net/v5a-test/items/7e80331c8c25f515174d3f894283a27c","id":{"unicity":"31781"},"weightEach":{"value":275},"servingsPerContainer":0,"servingSize":0},"quantity":1,"terms":{"priceEach":8.32,"taxEach":{"amount":0},"discountEach":{"amount":0},"pvEach":4},"quantityLimit":{"quantityQuota":-1,"timeFrameDays":-1,"quantityOrdered":0}}]},"currency":"EUR"},{"lines":{"items":[{"item":{"href":"https://hydraqa.unicity.net/v5a-test/items/8d3854b47de8e45d6fcdc194dffff601","id":{"unicity":"31782"},"weightEach":{"value":50},"servingsPerContainer":0,"servingSize":0},"quantity":1,"terms":{"priceEach":12.52,"taxEach":{"amount":0},"discountEach":{"amount":0},"pvEach":6},"quantityLimit":{"quantityQuota":-1,"timeFrameDays":-1,"quantityOrdered":0}}]},"currency":"EUR"},{"lines":{"items":[{"item":{"href":"https://hydraqa.unicity.net/v5a-test/items/04516be30bd9bf93e01536e7fc8f8716","id":{"unicity":"31779"},"weightEach":{"value":350},"servingsPerContainer":0,"servingSize":0},"quantity":1,"terms":{"priceEach":10,"taxEach":{"amount":0},"discountEach":{"amount":0},"pvEach":5},"quantityLimit":{"quantityQuota":-1,"timeFrameDays":-1,"quantityOrdered":0}}]},"currency":"EUR"},{"lines":{"items":[{"item":{"href":"https://hydraqa.unicity.net/v5a-test/items/d7e1dd4b19a8672aed99e591356c0d48","id":{"unicity":"31932"},"weightEach":{"value":180},"servingsPerContainer":0,"servingSize":0},"quantity":1,"terms":{"priceEach":6.22,"taxEach":{"amount":0},"discountEach":{"amount":0},"pvEach":3},"quantityLimit":{"quantityQuota":-1,"timeFrameDays":-1,"quantityOrdered":0}}]},"currency":"EUR"},{"lines":{"items":[{"item":{"href":"https://hydraqa.unicity.net/v5a-test/items/1aa00306dc0006d365acd7436548f2e6","id":{"unicity":"31778"},"weightEach":{"value":350},"servingsPerContainer":0,"servingSize":0},"quantity":1,"terms":{"priceEach":12.52,"taxEach":{"amount":0},"discountEach":{"amount":0},"pvEach":6},"quantityLimit":{"quantityQuota":-1,"timeFrameDays":-1,"quantityOrdered":0}}]},"currency":"EUR"},{"lines":{"items":[{"item":{"href":"https://hydraqa.unicity.net/v5a-test/items/4fc6de0cb7817f39a836ff08609b8539","id":{"unicity":"32556"},"weightEach":{"value":0},"servingsPerContainer":0,"servingSize":0},"quantity":1,"terms":{"priceEach":2.44,"taxEach":{"amount":0},"discountEach":{"amount":0},"pvEach":0},"quantityLimit":{"quantityQuota":-1,"timeFrameDays":-1,"quantityOrdered":0}}]},"currency":"EUR"},{"lines":{"items":[{"item":{"href":"https://hydraqa.unicity.net/v5a-test/items/2262fdd5af916c31df08089c191735c1","id":{"unicity":"29317"},"weightEach":{"value":0},"servingsPerContainer":0,"servingSize":0},"quantity":1,"terms":{"priceEach":25.21,"taxEach":{"amount":0},"discountEach":{"amount":0},"pvEach":0},"quantityLimit":{"quantityQuota":-1,"timeFrameDays":-1,"quantityOrdered":0}}]},"currency":"EUR"},{"lines":{"items":[{"item":{"href":"https://hydraqa.unicity.net/v5a-test/items/90f38f77c9e6ea5a71aa7377df83760b","id":{"unicity":"30198"},"weightEach":{"value":0},"servingsPerContainer":0,"servingSize":0},"quantity":1,"terms":{"priceEach":19,"taxEach":{"amount":0},"discountEach":{"amount":0},"pvEach":16},"quantityLimit":{"quantityQuota":-1,"timeFrameDays":-1,"quantityOrdered":0}}]},"currency":"EUR"},{"lines":{"items":[{"item":{"href":"https://hydraqa.unicity.net/v5a-test/items/2faa0a2bcdeed39b7569e085fe880a23","id":{"unicity":"33097"},"weightEach":{"value":0},"servingsPerContainer":0,"servingSize":0},"quantity":1,"terms":{"priceEach":703.21,"taxEach":{"amount":0},"discountEach":{"amount":0},"pvEach":500},"quantityLimit":{"quantityQuota":-1,"timeFrameDays":-1,"quantityOrdered":0}}]},"currency":"EUR"},{"lines":{"items":[{"item":{"href":"https://hydraqa.unicity.net/v5a-test/items/3196d0b751f9119076e364a1cb03fa18","id":{"unicity":"33095"},"weightEach":{"value":0},"servingsPerContainer":0,"servingSize":0},"quantity":1,"terms":{"priceEach":740.99,"taxEach":{"amount":0},"discountEach":{"amount":0},"pvEach":514},"quantityLimit":{"quantityQuota":-1,"timeFrameDays":-1,"quantityOrdered":0}}]},"currency":"EUR"},{"lines":{"items":[{"item":{"href":"https://hydraqa.unicity.net/v5a-test/items/bdcb8e96238e2243278e5627f9a5f893","id":{"unicity":"33096"},"weightEach":{"value":0},"servingsPerContainer":0,"servingSize":0},"quantity":1,"terms":{"priceEach":1481.98,"taxEach":{"amount":0},"discountEach":{"amount":0},"pvEach":1028},"quantityLimit":{"quantityQuota":-1,"timeFrameDays":-1,"quantityOrdered":0}}]},"currency":"EUR"},{"lines":{"items":[{"item":{"href":"https://hydraqa.unicity.net/v5a-test/items/332daeac6796ed016ea8b7d0bc42c2d4","id":{"unicity":"24274"},"weightEach":{"value":0},"servingsPerContainer":0,"servingSize":0},"quantity":1,"terms":{"priceEach":7.48,"taxEach":{"amount":0},"discountEach":{"amount":0},"pvEach":0},"quantityLimit":{"quantityQuota":-1,"timeFrameDays":-1,"quantityOrdered":0}}]},"currency":"EUR"},{"lines":{"items":[{"item":{"href":"https://hydraqa.unicity.net/v5a-test/items/1945faa1776541d53120ecfe3c1d8a2b","id":{"unicity":"24418"},"weightEach":{"value":0},"servingsPerContainer":0,"servingSize":0},"quantity":1,"terms":{"priceEach":4.96,"taxEach":{"amount":0},"discountEach":{"amount":0},"pvEach":0},"quantityLimit":{"quantityQuota":-1,"timeFrameDays":-1,"quantityOrdered":0}}]},"currency":"EUR"},{"lines":{"items":[{"item":{"href":"https://hydraqa.unicity.net/v5a-test/items/5147f8cfe32548e02fc158d4da9c4d6f","id":{"unicity":"27150"},"weightEach":{"value":0},"servingsPerContainer":0,"servingSize":0},"quantity":1,"terms":{"priceEach":93.36,"taxEach":{"amount":0},"discountEach":{"amount":0},"pvEach":70},"quantityLimit":{"quantityQuota":-1,"timeFrameDays":-1,"quantityOrdered":0}}]},"currency":"EUR"},{"lines":{"items":[{"item":{"href":"https://hydraqa.unicity.net/v5a-test/items/03eba2365025ccd85818846a83a16f47","id":{"unicity":"27163"},"weightEach":{"value":258},"servingsPerContainer":30,"servingSize":0},"quantity":1,"terms":{"priceEach":74.67,"taxEach":{"amount":0},"discountEach":{"amount":0},"pvEach":54},"quantityLimit":{"quantityQuota":-1,"timeFrameDays":-1,"quantityOrdered":0}}]},"currency":"EUR"},{"lines":{"items":[{"item":{"href":"https://hydraqa.unicity.net/v5a-test/items/7d4ad2792f7056e5f81eb24f118ef737","id":{"unicity":"27575"},"weightEach":{"value":1104},"servingsPerContainer":30,"servingSize":0},"quantity":1,"terms":{"priceEach":55.98,"taxEach":{"amount":0},"discountEach":{"amount":0},"pvEach":34},"quantityLimit":{"quantityQuota":-1,"timeFrameDays":-1,"quantityOrdered":0}}]},"currency":"EUR"},{"lines":{"items":[{"item":{"href":"https://hydraqa.unicity.net/v5a-test/items/024e696f8b44a1d315006e676604cd31","id":{"unicity":"27395"},"weightEach":{"value":210},"servingsPerContainer":30,"servingSize":0},"quantity":1,"terms":{"priceEach":29.81,"taxEach":{"amount":0},"discountEach":{"amount":0},"pvEach":18},"quantityLimit":{"quantityQuota":-1,"timeFrameDays":-1,"quantityOrdered":0}}]},"currency":"EUR"},{"lines":{"items":[{"item":{"href":"https://hydraqa.unicity.net/v5a-test/items/4b2034f47fce90b87bba28c5c2d7c25d","id":{"unicity":"15880"},"weightEach":{"value":51.5},"servingsPerContainer":90,"servingSize":0},"quantity":1,"terms":{"priceEach":51.31,"taxEach":{"amount":0},"discountEach":{"amount":0},"pvEach":33},"quantityLimit":{"quantityQuota":-1,"timeFrameDays":-1,"quantityOrdered":0}}]},"currency":"EUR"},{"lines":{"items":[{"item":{"href":"https://hydraqa.unicity.net/v5a-test/items/398d06b858b960f6f38086d40608aef2","id":{"unicity":"26560"},"weightEach":{"value":60},"servingsPerContainer":30,"servingSize":0},"quantity":1,"terms":{"priceEach":20.47,"taxEach":{"amount":0},"discountEach":{"amount":0},"pvEach":13},"quantityLimit":{"quantityQuota":-1,"timeFrameDays":-1,"quantityOrdered":0}}]},"currency":"EUR"},{"lines":{"items":[{"item":{"href":"https://hydraqa.unicity.net/v5a-test/items/e218d1cac5f31e7ae4f5876c29c57377","id":{"unicity":"29017"},"weightEach":{"value":52.8},"servingsPerContainer":60,"servingSize":0},"quantity":1,"terms":{"priceEach":37.29,"taxEach":{"amount":0},"discountEach":{"amount":0},"pvEach":23},"quantityLimit":{"quantityQuota":-1,"timeFrameDays":-1,"quantityOrdered":0}}]},"currency":"EUR"},{"lines":{"items":[{"item":{"href":"https://hydraqa.unicity.net/v5a-test/items/3f2d12d7a0e8551fc99fad3bbe1ba633","id":{"unicity":"26567"},"weightEach":{"value":173.46},"servingsPerContainer":60,"servingSize":0},"quantity":1,"terms":{"priceEach":55.98,"taxEach":{"amount":0},"discountEach":{"amount":0},"pvEach":26},"quantityLimit":{"quantityQuota":-1,"timeFrameDays":-1,"quantityOrdered":0}}]},"currency":"EUR"},{"lines":{"items":[{"item":{"href":"https://hydraqa.unicity.net/v5a-test/items/64ec7ad932acafab052a4e8800ad1238","id":{"unicity":"24758"},"weightEach":{"value":26.89},"servingsPerContainer":30,"servingSize":0},"quantity":1,"terms":{"priceEach":37.29,"taxEach":{"amount":0},"discountEach":{"amount":0},"pvEach":23},"quantityLimit":{"quantityQuota":-1,"timeFrameDays":-1,"quantityOrdered":0}}]},"currency":"EUR"},{"lines":{"items":[{"item":{"href":"https://hydraqa.unicity.net/v5a-test/items/606f7be753c74dfbfe4b107276775140","id":{"unicity":"29821"},"weightEach":{"value":133.5},"servingsPerContainer":30,"servingSize":0},"quantity":1,"terms":{"priceEach":79.35,"taxEach":{"amount":0},"discountEach":{"amount":0},"pvEach":59},"quantityLimit":{"quantityQuota":-1,"timeFrameDays":-1,"quantityOrdered":0}}]},"currency":"EUR"},{"lines":{"items":[{"item":{"href":"https://hydraqa.unicity.net/v5a-test/items/94939f9be900906d2b47260ccba22a7b","id":{"unicity":"32012"},"weightEach":{"value":420},"servingsPerContainer":20,"servingSize":0},"quantity":1,"terms":{"priceEach":13.93,"taxEach":{"amount":0},"discountEach":{"amount":0},"pvEach":6},"quantityLimit":{"quantityQuota":-1,"timeFrameDays":-1,"quantityOrdered":0}}]},"currency":"EUR"},{"lines":{"items":[{"item":{"href":"https://hydraqa.unicity.net/v5a-test/items/2c4c1abe00983e85aaa918d2ce341491","id":{"unicity":"17174"},"weightEach":{"value":49.72},"servingsPerContainer":100,"servingSize":0},"quantity":1,"terms":{"priceEach":37.29,"taxEach":{"amount":0},"discountEach":{"amount":0},"pvEach":23},"quantityLimit":{"quantityQuota":-1,"timeFrameDays":-1,"quantityOrdered":0}}]},"currency":"EUR"},{"lines":{"items":[{"item":{"href":"https://hydraqa.unicity.net/v5a-test/items/991cdbb84a495779eb209fb3956a77e4","id":{"unicity":"29183"},"weightEach":{"value":50},"servingsPerContainer":0,"servingSize":0},"quantity":1,"terms":{"priceEach":31.01,"taxEach":{"amount":0},"discountEach":{"amount":0},"pvEach":18},"quantityLimit":{"quantityQuota":-1,"timeFrameDays":-1,"quantityOrdered":0}}]},"currency":"EUR"},{"lines":{"items":[{"item":{"href":"https://hydraqa.unicity.net/v5a-test/items/0e78fbdfebef11cd62f8d2120064ee58","id":{"unicity":"30280"},"weightEach":{"value":30},"servingsPerContainer":0,"servingSize":0},"quantity":1,"terms":{"priceEach":33.53,"taxEach":{"amount":0},"discountEach":{"amount":0},"pvEach":20},"quantityLimit":{"quantityQuota":-1,"timeFrameDays":-1,"quantityOrdered":0}}]},"currency":"EUR"},{"lines":{"items":[{"item":{"href":"https://hydraqa.unicity.net/v5a-test/items/beb900429fbb160dbfc3001c14d96df4","id":{"unicity":"29187"},"weightEach":{"value":30},"servingsPerContainer":0,"servingSize":0},"quantity":1,"terms":{"priceEach":37.73,"taxEach":{"amount":0},"discountEach":{"amount":0},"pvEach":24},"quantityLimit":{"quantityQuota":-1,"timeFrameDays":-1,"quantityOrdered":0}}]},"currency":"EUR"},{"lines":{"items":[{"item":{"href":"https://hydraqa.unicity.net/v5a-test/items/1b0412bea8c0b841c66f65a36aa14108","id":{"unicity":"29191"},"weightEach":{"value":30},"servingsPerContainer":0,"servingSize":0},"quantity":1,"terms":{"priceEach":37.73,"taxEach":{"amount":0},"discountEach":{"amount":0},"pvEach":24},"quantityLimit":{"quantityQuota":-1,"timeFrameDays":-1,"quantityOrdered":0}}]},"currency":"EUR"},{"lines":{"items":[{"item":{"href":"https://hydraqa.unicity.net/v5a-test/items/52c87f74d3b41ed49b0f897b66c2a99b","id":{"unicity":"30684"},"weightEach":{"value":450},"servingsPerContainer":30,"servingSize":0},"quantity":1,"terms":{"priceEach":37.29,"taxEach":{"amount":0},"discountEach":{"amount":0},"pvEach":23},"quantityLimit":{"quantityQuota":-1,"timeFrameDays":-1,"quantityOrdered":0}}]},"currency":"EUR"},{"lines":{"items":[{"item":{"href":"https://hydraqa.unicity.net/v5a-test/items/ab2a2b07b17718843a66bee04ff40624","id":{"unicity":"31402"},"weightEach":{"value":477},"servingsPerContainer":30,"servingSize":0},"quantity":1,"terms":{"priceEach":92.43,"taxEach":{"amount":0},"discountEach":{"amount":0},"pvEach":70},"quantityLimit":{"quantityQuota":-1,"timeFrameDays":-1,"quantityOrdered":0}}]},"currency":"EUR"},{"lines":{"items":[{"item":{"href":"https://hydraqa.unicity.net/v5a-test/items/7e5e7df32701fd44947c8146f2129f7a","id":{"unicity":"31672"},"weightEach":{"value":270},"servingsPerContainer":15,"servingSize":0},"quantity":1,"terms":{"priceEach":74.67,"taxEach":{"amount":0},"discountEach":{"amount":0},"pvEach":54},"quantityLimit":{"quantityQuota":-1,"timeFrameDays":-1,"quantityOrdered":0}}]},"currency":"EUR"},{"lines":{"items":[{"item":{"href":"https://hydraqa.unicity.net/v5a-test/items/493c2ba720f847422eccc5da35024f33","id":{"unicity":"31534"},"weightEach":{"value":95},"servingsPerContainer":60,"servingSize":0},"quantity":1,"terms":{"priceEach":26.07,"taxEach":{"amount":0},"discountEach":{"amount":0},"pvEach":16},"quantityLimit":{"quantityQuota":-1,"timeFrameDays":-1,"quantityOrdered":0}}]},"currency":"EUR"},{"lines":{"items":[{"item":{"href":"https://hydraqa.unicity.net/v5a-test/items/bfddb53fe0d5ed5432c531dc9850cbe4","id":{"unicity":"29449"},"weightEach":{"value":60},"servingsPerContainer":30,"servingSize":0},"quantity":1,"terms":{"priceEach":26.07,"taxEach":{"amount":0},"discountEach":{"amount":0},"pvEach":16},"quantityLimit":{"quantityQuota":-1,"timeFrameDays":-1,"quantityOrdered":0}}]},"currency":"EUR"},{"lines":{"items":[{"item":{"href":"https://hydraqa.unicity.net/v5a-test/items/217ca02fbd24e21ca5281412756238ab","id":{"unicity":"32126"},"weightEach":{"value":0},"servingsPerContainer":0,"servingSize":0},"quantity":1,"terms":{"priceEach":152.24,"taxEach":{"amount":0},"discountEach":{"amount":0},"pvEach":101},"quantityLimit":{"quantityQuota":-1,"timeFrameDays":-1,"quantityOrdered":0}}]},"currency":"EUR"},{"lines":{"items":[{"item":{"href":"https://hydraqa.unicity.net/v5a-test/items/808008a0657d2033ad471c39bbce9891","id":{"unicity":"32127"},"weightEach":{"value":0},"servingsPerContainer":0,"servingSize":0},"quantity":1,"terms":{"priceEach":162.34,"taxEach":{"amount":0},"discountEach":{"amount":0},"pvEach":113},"quantityLimit":{"quantityQuota":-1,"timeFrameDays":-1,"quantityOrdered":0}}]},"currency":"EUR"},{"lines":{"items":[{"item":{"href":"https://hydraqa.unicity.net/v5a-test/items/fbb6dbd577adb73abaec364076fb288f","id":{"unicity":"32087"},"weightEach":{"value":600},"servingsPerContainer":10,"servingSize":0},"quantity":1,"terms":{"priceEach":20.47,"taxEach":{"amount":0},"discountEach":{"amount":0},"pvEach":9},"quantityLimit":{"quantityQuota":-1,"timeFrameDays":-1,"quantityOrdered":0}}]},"currency":"EUR"},{"lines":{"items":[{"item":{"href":"https://hydraqa.unicity.net/v5a-test/items/1f59b10f0bef99fa20e4b9b0b4efea88","id":{"unicity":"32333"},"weightEach":{"value":0},"servingsPerContainer":0,"servingSize":0},"quantity":1,"terms":{"priceEach":9.16,"taxEach":{"amount":0},"discountEach":{"amount":0},"pvEach":0},"quantityLimit":{"quantityQuota":-1,"timeFrameDays":-1,"quantityOrdered":0}}]},"currency":"EUR"},{"lines":{"items":[{"item":{"href":"https://hydraqa.unicity.net/v5a-test/items/b90fda77fbdf07131e0e60b87941cf76","id":{"unicity":"32755"},"weightEach":{"value":0},"servingsPerContainer":0,"servingSize":0},"quantity":1,"terms":{"priceEach":758.54,"taxEach":{"amount":0},"discountEach":{"amount":0},"pvEach":503},"quantityLimit":{"quantityQuota":-1,"timeFrameDays":-1,"quantityOrdered":0}}]},"currency":"EUR"},{"lines":{"items":[{"item":{"href":"https://hydraqa.unicity.net/v5a-test/items/592aef9ec417f4553dc0b62a91a1f5e0","id":{"unicity":"32330"},"weightEach":{"value":0},"servingsPerContainer":0,"servingSize":0},"quantity":1,"terms":{"priceEach":93.36,"taxEach":{"amount":0},"discountEach":{"amount":0},"pvEach":55},"quantityLimit":{"quantityQuota":-1,"timeFrameDays":-1,"quantityOrdered":0}}]},"currency":"EUR"},{"lines":{"items":[{"item":{"href":"https://hydraqa.unicity.net/v5a-test/items/87dd58dff9eb54a10b652443e7279a1e","id":{"unicity":"32693"},"weightEach":{"value":0},"servingsPerContainer":0,"servingSize":0},"quantity":1,"terms":{"priceEach":79.35,"taxEach":{"amount":0},"discountEach":{"amount":0},"pvEach":59},"quantityLimit":{"quantityQuota":-1,"timeFrameDays":-1,"quantityOrdered":0}}]},"currency":"EUR"},{"lines":{"items":[{"item":{"href":"https://hydraqa.unicity.net/v5a-test/items/1bd53de7fe880ba71f46c9976ca2c137","id":{"unicity":"27739"},"weightEach":{"value":0},"servingsPerContainer":0,"servingSize":0},"quantity":1,"terms":{"priceEach":37.29,"taxEach":{"amount":0},"discountEach":{"amount":0},"pvEach":23},"quantityLimit":{"quantityQuota":-1,"timeFrameDays":-1,"quantityOrdered":0}}]},"currency":"EUR"}]}
Entry request : {"order":{"customer":{"href":"https://hydraqa.unicity.net/v5a-test/customers?type=Associate"},"shipToAddress":{"country":"NO"}},"vary":{"lines":{"items":[{"item":{"href":"https://hydraqa.unicity.net/v5a-test/items?id.unicity=27156|27158|27160|31763|31951|31952|32128|32129|32130|32132|32133|32134|32135|32136|32137|32138|32125|32699|33092|33094|33093|18511|26422|27166|27617|27660|27585|27587|28601|28604|29838|31772|31777|31780|31781|31782|31779|31932|31778|32556|29317|30198|32965|33097|33095|32968|32966|33096|24274|24418|27150|27163|27575|27395|15880|26560|29017|26567|24758|29821|32012|17174|29183|30280|29187|29191|30684|31402|31672|31534|29449|32126|32127|32087|32333|32755|32330|32693|27739"}}]}}}
]]></system-out>
    <system-err><![CDATA[Starting ChromeDriver 2.36.540470 (e522d04694c7ebea4ba8821272dbef4f9b818c91) on port 18180
Only local connections are allowed.
Jan 21, 2021 11:58:04 AM org.openqa.selenium.remote.ProtocolHandshake createSession
INFO: Detected dialect: OSS
]]></system-err>
  </testcase>
  <testcase name="Enroll" classname="Tests.FranchisePartner" time="257.358"/>
  <testcase name="Enroll" classname="Tests.FranchisePartner" time="251.67"/>
  <testcase name="Enroll" classname="Tests.FranchisePartner" time="228.362">
    <failure message="stale element reference: element is not attached to the page document&#10;  (Session info: chrome=87.0.4280.141)&#10;  (Driver info: chromedriver=2.36.540470 (e522d04694c7ebea4ba8821272dbef4f9b818c91),platform=Windows NT 6.3.9600 x86_64) (WARNING: The server did not provide any stacktrace information)&#10;Command duration or timeout: 0 milliseconds&#10;For documentation on this error, please visit: http://seleniumhq.org/exceptions/stale_element_reference.html&#10;Build info: version: &apos;3.8.1&apos;, revision: &apos;6e95a6684b&apos;, time: &apos;2017-12-01T18:33:54.468Z&apos;&#10;System info: host: &apos;QASERVER01&apos;, ip: &apos;10.2.0.23&apos;, os.name: &apos;Windows Server 2012 R2&apos;, os.arch: &apos;amd64&apos;, os.version: &apos;6.3&apos;, java.version: &apos;1.8.0_111&apos;&#10;Driver info: org.openqa.selenium.chrome.ChromeDriver&#10;Capabilities {acceptInsecureCerts: false, acceptSslCerts: false, applicationCacheEnabled: false, browserConnectionEnabled: false, browserName: chrome, chrome: {chromedriverVersion: 2.36.540470 (e522d04694c7eb..., userDataDir: C:\Users\sumancb\AppData\Lo...}, cssSelectorsEnabled: true, databaseEnabled: false, handlesAlerts: true, hasTouchScreen: false, javascriptEnabled: true, locationContextEnabled: true, mobileEmulationEnabled: false, nativeEvents: true, networkConnectionEnabled: false, pageLoadStrategy: normal, platform: XP, platformName: XP, rotatable: false, setWindowRect: true, takesHeapSnapshot: true, takesScreenshot: true, unexpectedAlertBehaviour: , unhandledPromptBehavior: , version: 87.0.4280.141, webStorageEnabled: true}&#10;Session ID: 4364d5f80918f273a305dc9a4e7675d7" type="org.openqa.selenium.StaleElementReferenceException">org.openqa.selenium.StaleElementReferenceException: 
stale element reference: element is not attached to the page document
  (Session info: chrome=87.0.4280.141)
  (Driver info: chromedriver=2.36.540470 (e522d04694c7ebea4ba8821272dbef4f9b818c91),platform=Windows NT 6.3.9600 x86_64) (WARNING: The server did not provide any stacktrace information)
Command duration or timeout: 0 milliseconds
For documentation on this error, please visit: http://seleniumhq.org/exceptions/stale_element_reference.html
Build info: version: '3.8.1', revision: '6e95a6684b', time: '2017-12-01T18:33:54.468Z'
System info: host: 'QASERVER01', ip: '10.2.0.23', os.name: 'Windows Server 2012 R2', os.arch: 'amd64', os.version: '6.3', java.version: '1.8.0_111'
Driver info: org.openqa.selenium.chrome.ChromeDriver
Capabilities {acceptInsecureCerts: false, acceptSslCerts: false, applicationCacheEnabled: false, browserConnectionEnabled: false, browserName: chrome, chrome: {chromedriverVersion: 2.36.540470 (e522d04694c7eb..., userDataDir: C:\Users\sumancb\AppData\Lo...}, cssSelectorsEnabled: true, databaseEnabled: false, handlesAlerts: true, hasTouchScreen: false, javascriptEnabled: true, locationContextEnabled: true, mobileEmulationEnabled: false, nativeEvents: true, networkConnectionEnabled: false, pageLoadStrategy: normal, platform: XP, platformName: XP, rotatable: false, setWindowRect: true, takesHeapSnapshot: true, takesScreenshot: true, unexpectedAlertBehaviour: , unhandledPromptBehavior: , version: 87.0.4280.141, webStorageEnabled: true}
Session ID: 4364d5f80918f273a305dc9a4e7675d7
	at Tests.FranchisePartner.Enroll(FranchisePartner.java:260)
</failure>
    <system-out><![CDATA[Request URL: https://hydraqa.unicity.net/v5a-test/quotes?&expand=item
Entry Quotes response : {"items":[{"lines":{"items":[{"item":{"href":"https://hydraqa.unicity.net/v5a-test/items/051e765a5a71835a859c2757edd359f0","id":{"unicity":"26580"}},"quantity":1,"terms":{"priceEach":195,"taxEach":{"amount":0},"discountEach":{"amount":0},"pvEach":130},"quantityLimit":{"quantityQuota":-1,"timeFrameDays":-1,"quantityOrdered":0}}]},"currency":"USD"},{"lines":{"items":[{"item":{"href":"https://hydraqa.unicity.net/v5a-test/items/90d5ee3af77bdc64ecf28a45b604bf3d","id":{"unicity":"31441"}},"quantity":1,"terms":{"priceEach":40,"taxEach":{"amount":0},"discountEach":{"amount":0},"pvEach":0},"quantityLimit":{"quantityQuota":-1,"timeFrameDays":-1,"quantityOrdered":0}}]},"currency":"USD"},{"lines":{"items":[{"item":{"href":"https://hydraqa.unicity.net/v5a-test/items/fd464cd7972cc1317e850b9196d886b8","id":{"unicity":"31863"}},"quantity":1,"terms":{"priceEach":210,"taxEach":{"amount":0},"discountEach":{"amount":0},"pvEach":148},"quantityLimit":{"quantityQuota":-1,"timeFrameDays":-1,"quantityOrdered":0}}]},"currency":"USD"},{"lines":{"items":[{"item":{"href":"https://hydraqa.unicity.net/v5a-test/items/50747027a065cb8361c1f0d6eb880466","id":{"unicity":"32030"}},"quantity":1,"terms":{"priceEach":143,"taxEach":{"amount":0},"discountEach":{"amount":0},"pvEach":102},"quantityLimit":{"quantityQuota":-1,"timeFrameDays":-1,"quantityOrdered":0}}]},"currency":"USD"},{"lines":{"items":[{"item":{"href":"https://hydraqa.unicity.net/v5a-test/items/4a3d248668cd56e31c6eb403d87f15b2","id":{"unicity":"29682"}},"quantity":1,"terms":{"priceEach":203,"taxEach":{"amount":0},"discountEach":{"amount":0},"pvEach":144},"quantityLimit":{"quantityQuota":-1,"timeFrameDays":-1,"quantityOrdered":0}}]},"currency":"USD"},{"lines":{"items":[{"item":{"href":"https://hydraqa.unicity.net/v5a-test/items/d306a0b65f27f19b4968e5c05906a9f4","id":{"unicity":"31314"}},"quantity":1,"terms":{"priceEach":388,"taxEach":{"amount":0},"discountEach":{"amount":0},"pvEach":268},"quantityLimit":{"quantityQuota":-1,"timeFrameDays":-1,"quantityOrdered":0}}]},"currency":"USD"},{"lines":{"items":[{"item":{"href":"https://hydraqa.unicity.net/v5a-test/items/693a7c4a70b06a00471afe8d6cae5023","id":{"unicity":"31730"}},"quantity":1,"terms":{"priceEach":120,"taxEach":{"amount":0},"discountEach":{"amount":0},"pvEach":80},"quantityLimit":{"quantityQuota":-1,"timeFrameDays":-1,"quantityOrdered":0}}]},"currency":"USD"},{"lines":{"items":[{"item":{"href":"https://hydraqa.unicity.net/v5a-test/items/cea826eab72d44641c070aab6c97c1ac","id":{"unicity":"22747"}},"quantity":1,"terms":{"priceEach":27,"taxEach":{"amount":0},"discountEach":{"amount":0},"pvEach":16},"quantityLimit":{"quantityQuota":-1,"timeFrameDays":-1,"quantityOrdered":0}}]},"currency":"USD"},{"lines":{"items":[{"item":{"href":"https://hydraqa.unicity.net/v5a-test/items/9a7715e888c94989d898fe4653645721","id":{"unicity":"26550"}},"quantity":1,"terms":{"priceEach":80,"taxEach":{"amount":0},"discountEach":{"amount":0},"pvEach":52},"quantityLimit":{"quantityQuota":-1,"timeFrameDays":-1,"quantityOrdered":0}}]},"currency":"USD"},{"lines":{"items":[{"item":{"href":"https://hydraqa.unicity.net/v5a-test/items/0cf62d38e91953b43dcfe88b06f813cb","id":{"unicity":"26557"}},"quantity":1,"terms":{"priceEach":79,"taxEach":{"amount":0},"discountEach":{"amount":0},"pvEach":61},"quantityLimit":{"quantityQuota":-1,"timeFrameDays":-1,"quantityOrdered":0}}]},"currency":"USD"},{"lines":{"items":[{"item":{"href":"https://hydraqa.unicity.net/v5a-test/items/cda534d686af5d627c94c4bb2c4b57d8","id":{"unicity":"26561"}},"quantity":1,"terms":{"priceEach":16,"taxEach":{"amount":0},"discountEach":{"amount":0},"pvEach":11},"quantityLimit":{"quantityQuota":-1,"timeFrameDays":-1,"quantityOrdered":0}}]},"currency":"USD"},{"lines":{"items":[{"item":{"href":"https://hydraqa.unicity.net/v5a-test/items/0a3ede185ddf034630afd891c5106d33","id":{"unicity":"26562"}},"quantity":1,"terms":{"priceEach":33,"taxEach":{"amount":0},"discountEach":{"amount":0},"pvEach":25},"quantityLimit":{"quantityQuota":-1,"timeFrameDays":-1,"quantityOrdered":0}}]},"currency":"USD"},{"lines":{"items":[{"item":{"href":"https://hydraqa.unicity.net/v5a-test/items/1bd53de7fe880ba71f46c9976ca2c137","id":{"unicity":"27739"}},"quantity":1,"terms":{"priceEach":33,"taxEach":{"amount":0},"discountEach":{"amount":0},"pvEach":13},"quantityLimit":{"quantityQuota":-1,"timeFrameDays":-1,"quantityOrdered":0}}]},"currency":"USD"},{"lines":{"items":[{"item":{"href":"https://hydraqa.unicity.net/v5a-test/items/1945faa1776541d53120ecfe3c1d8a2b","id":{"unicity":"24418"}},"quantity":1,"terms":{"priceEach":5,"taxEach":{"amount":0},"discountEach":{"amount":0},"pvEach":0},"quantityLimit":{"quantityQuota":-1,"timeFrameDays":-1,"quantityOrdered":0}}]},"currency":"USD"},{"lines":{"items":[{"item":{"href":"https://hydraqa.unicity.net/v5a-test/items/9a6e1d094182389c3da8e0a320ff0e00","id":{"unicity":"27585"}},"quantity":1,"terms":{"priceEach":56,"taxEach":{"amount":0},"discountEach":{"amount":0},"pvEach":33},"quantityLimit":{"quantityQuota":-1,"timeFrameDays":-1,"quantityOrdered":0}}]},"currency":"USD"},{"lines":{"items":[{"item":{"href":"https://hydraqa.unicity.net/v5a-test/items/b127a2d34d3d73e2f53e4c2002a7a4a2","id":{"unicity":"25008"}},"quantity":1,"terms":{"priceEach":19,"taxEach":{"amount":0},"discountEach":{"amount":0},"pvEach":15},"quantityLimit":{"quantityQuota":-1,"timeFrameDays":-1,"quantityOrdered":0}}]},"currency":"USD"},{"lines":{"items":[{"item":{"href":"https://hydraqa.unicity.net/v5a-test/items/10da226fab00279b4f89df10af2a10b7","id":{"unicity":"26442"}},"quantity":1,"terms":{"priceEach":6,"taxEach":{"amount":0},"discountEach":{"amount":0},"pvEach":0},"quantityLimit":{"quantityQuota":-1,"timeFrameDays":-1,"quantityOrdered":0}}]},"currency":"USD"},{"lines":{"items":[{"item":{"href":"https://hydraqa.unicity.net/v5a-test/items/aa0d72ac13b1ce88cf8c4a52ede75a37","id":{"unicity":"26552"}},"quantity":1,"terms":{"priceEach":70,"taxEach":{"amount":0},"discountEach":{"amount":0},"pvEach":50},"quantityLimit":{"quantityQuota":-1,"timeFrameDays":-1,"quantityOrdered":0}}]},"currency":"USD"},{"lines":{"items":[{"item":{"href":"https://hydraqa.unicity.net/v5a-test/items/a391ad8c3c129526dc42793f5fee30f7","id":{"unicity":"27653"}},"quantity":1,"terms":{"priceEach":5,"taxEach":{"amount":0},"discountEach":{"amount":0},"pvEach":0},"quantityLimit":{"quantityQuota":-1,"timeFrameDays":-1,"quantityOrdered":0}}]},"currency":"USD"},{"lines":{"items":[{"item":{"href":"https://hydraqa.unicity.net/v5a-test/items/c83534b0b0693d9f78eaaae2030ed4c1","id":{"unicity":"27212"}},"quantity":1,"terms":{"priceEach":10,"taxEach":{"amount":0},"discountEach":{"amount":0},"pvEach":0},"quantityLimit":{"quantityQuota":-1,"timeFrameDays":-1,"quantityOrdered":0}}]},"currency":"USD"},{"lines":{"items":[{"item":{"href":"https://hydraqa.unicity.net/v5a-test/items/025d45e8cee8a1a4029f1cfd3bf70786","id":{"unicity":"26983"}},"quantity":1,"terms":{"priceEach":10,"taxEach":{"amount":0},"discountEach":{"amount":0},"pvEach":0},"quantityLimit":{"quantityQuota":-1,"timeFrameDays":-1,"quantityOrdered":0}}]},"currency":"USD"},{"lines":{"items":[{"item":{"href":"https://hydraqa.unicity.net/v5a-test/items/b2fc4b9ba4aa5cae54389161be2f841f","id":{"unicity":"18401"}},"quantity":1,"terms":{"priceEach":31,"taxEach":{"amount":0},"discountEach":{"amount":0},"pvEach":19},"quantityLimit":{"quantityQuota":-1,"timeFrameDays":-1,"quantityOrdered":0}}]},"currency":"USD"},{"lines":{"items":[{"item":{"href":"https://hydraqa.unicity.net/v5a-test/items/19f8db4bcf7263831586f726e748f73c","id":{"unicity":"27208"}},"quantity":1,"terms":{"priceEach":30,"taxEach":{"amount":0},"discountEach":{"amount":0},"pvEach":0},"quantityLimit":{"quantityQuota":-1,"timeFrameDays":-1,"quantityOrdered":0}}]},"currency":"USD"},{"lines":{"items":[{"item":{"href":"https://hydraqa.unicity.net/v5a-test/items/5a38f009bec6c23b1b3a70432f9722e5","id":{"unicity":"19596"}},"quantity":1,"terms":{"priceEach":49,"taxEach":{"amount":0},"discountEach":{"amount":0},"pvEach":30},"quantityLimit":{"quantityQuota":-1,"timeFrameDays":-1,"quantityOrdered":0}}]},"currency":"USD"},{"lines":{"items":[{"item":{"href":"https://hydraqa.unicity.net/v5a-test/items/398d06b858b960f6f38086d40608aef2","id":{"unicity":"26560"}},"quantity":1,"terms":{"priceEach":16,"taxEach":{"amount":0},"discountEach":{"amount":0},"pvEach":12},"quantityLimit":{"quantityQuota":-1,"timeFrameDays":-1,"quantityOrdered":0}}]},"currency":"USD"},{"lines":{"items":[{"item":{"href":"https://hydraqa.unicity.net/v5a-test/items/3f2d12d7a0e8551fc99fad3bbe1ba633","id":{"unicity":"26567"}},"quantity":1,"terms":{"priceEach":56,"taxEach":{"amount":0},"discountEach":{"amount":0},"pvEach":35},"quantityLimit":{"quantityQuota":-1,"timeFrameDays":-1,"quantityOrdered":0}}]},"currency":"USD"},{"lines":{"items":[{"item":{"href":"https://hydraqa.unicity.net/v5a-test/items/191637167cb3144bd2e8c4615e9ab67e","id":{"unicity":"26568"}},"quantity":1,"terms":{"priceEach":56,"taxEach":{"amount":0},"discountEach":{"amount":0},"pvEach":35},"quantityLimit":{"quantityQuota":-1,"timeFrameDays":-1,"quantityOrdered":0}}]},"currency":"USD"},{"lines":{"items":[{"item":{"href":"https://hydraqa.unicity.net/v5a-test/items/112b8c39286598b3730f630f371a45f4","id":{"unicity":"27587"}},"quantity":1,"terms":{"priceEach":58,"taxEach":{"amount":0},"discountEach":{"amount":0},"pvEach":33},"quantityLimit":{"quantityQuota":-1,"timeFrameDays":-1,"quantityOrdered":0}}]},"currency":"USD"},{"lines":{"items":[{"item":{"href":"https://hydraqa.unicity.net/v5a-test/items/25eaf64b36ce31368f17ae789fd9ac5b","id":{"unicity":"29694"}},"quantity":1,"terms":{"priceEach":56,"taxEach":{"amount":0},"discountEach":{"amount":0},"pvEach":33},"quantityLimit":{"quantityQuota":-1,"timeFrameDays":-1,"quantityOrdered":0}}]},"currency":"USD"},{"lines":{"items":[{"item":{"href":"https://hydraqa.unicity.net/v5a-test/items/bb5c627f16547cb4f706cef521bca356","id":{"unicity":"29437"}},"quantity":1,"terms":{"priceEach":62,"taxEach":{"amount":0},"discountEach":{"amount":0},"pvEach":36},"quantityLimit":{"quantityQuota":-1,"timeFrameDays":-1,"quantityOrdered":0}}]},"currency":"USD"},{"lines":{"items":[{"item":{"href":"https://hydraqa.unicity.net/v5a-test/items/24ff5bda40c0d0e7eaa511866d052915","id":{"unicity":"29612"}},"quantity":1,"terms":{"priceEach":49,"taxEach":{"amount":0},"discountEach":{"amount":0},"pvEach":30},"quantityLimit":{"quantityQuota":-1,"timeFrameDays":-1,"quantityOrdered":0}}]},"currency":"USD"},{"lines":{"items":[{"item":{"href":"https://hydraqa.unicity.net/v5a-test/items/024e696f8b44a1d315006e676604cd31","id":{"unicity":"27395"}},"quantity":1,"terms":{"priceEach":25,"taxEach":{"amount":0},"discountEach":{"amount":0},"pvEach":16},"quantityLimit":{"quantityQuota":-1,"timeFrameDays":-1,"quantityOrdered":0}}]},"currency":"USD"},{"lines":{"items":[{"item":{"href":"https://hydraqa.unicity.net/v5a-test/items/05ca08f3808f126c0cc42154c50fc75c","id":{"unicity":"29440"}},"quantity":1,"terms":{"priceEach":120,"taxEach":{"amount":0},"discountEach":{"amount":0},"pvEach":90},"quantityLimit":{"quantityQuota":-1,"timeFrameDays":-1,"quantityOrdered":0}}]},"currency":"USD"},{"lines":{"items":[{"item":{"href":"https://hydraqa.unicity.net/v5a-test/items/764e2db430d361da99e8f6b70c4d0244","id":{"unicity":"29830"}},"quantity":1,"terms":{"priceEach":17,"taxEach":{"amount":0},"discountEach":{"amount":0},"pvEach":7},"quantityLimit":{"quantityQuota":-1,"timeFrameDays":-1,"quantityOrdered":0}}]},"currency":"USD"},{"lines":{"items":[{"item":{"href":"https://hydraqa.unicity.net/v5a-test/items/b91affa753dd5ee8a9acef4fa7e2c9a7","id":{"unicity":"30414"}},"quantity":1,"terms":{"priceEach":94,"taxEach":{"amount":0},"discountEach":{"amount":0},"pvEach":65},"quantityLimit":{"quantityQuota":-1,"timeFrameDays":-1,"quantityOrdered":0}}]},"currency":"USD"},{"lines":{"items":[{"item":{"href":"https://hydraqa.unicity.net/v5a-test/items/2835b1a78e379486f0ffbfd5fb9f6b0a","id":{"unicity":"30400"}},"quantity":1,"terms":{"priceEach":38,"taxEach":{"amount":0},"discountEach":{"amount":0},"pvEach":28},"quantityLimit":{"quantityQuota":-1,"timeFrameDays":-1,"quantityOrdered":0}}]},"currency":"USD"},{"lines":{"items":[{"item":{"href":"https://hydraqa.unicity.net/v5a-test/items/bfddb53fe0d5ed5432c531dc9850cbe4","id":{"unicity":"29449"}},"quantity":1,"terms":{"priceEach":37,"taxEach":{"amount":0},"discountEach":{"amount":0},"pvEach":25},"quantityLimit":{"quantityQuota":-1,"timeFrameDays":-1,"quantityOrdered":0}}]},"currency":"USD"},{"lines":{"items":[{"item":{"href":"https://hydraqa.unicity.net/v5a-test/items/c201dcd36f4bb7e17e7a8481ef08d6f2","id":{"unicity":"31518"}},"quantity":1,"terms":{"priceEach":29,"taxEach":{"amount":0},"discountEach":{"amount":0},"pvEach":14},"quantityLimit":{"quantityQuota":-1,"timeFrameDays":-1,"quantityOrdered":0}}]},"currency":"USD"},{"lines":{"items":[{"item":{"href":"https://hydraqa.unicity.net/v5a-test/items/69461244686345ba75765978ef53c749","id":{"unicity":"32015"}},"quantity":1,"terms":{"priceEach":8,"taxEach":{"amount":0},"discountEach":{"amount":0},"pvEach":0},"quantityLimit":{"quantityQuota":-1,"timeFrameDays":-1,"quantityOrdered":0}}]},"currency":"USD"},{"lines":{"items":[{"item":{"href":"https://hydraqa.unicity.net/v5a-test/items/c674cdded8a54983aae3c5dcb32c9e38","id":{"unicity":"32628"}},"quantity":1,"terms":{"priceEach":80,"taxEach":{"amount":0},"discountEach":{"amount":0},"pvEach":50},"quantityLimit":{"quantityQuota":-1,"timeFrameDays":-1,"quantityOrdered":0}}]},"currency":"USD"},{"lines":{"items":[{"item":{"href":"https://hydraqa.unicity.net/v5a-test/items/e30d5100db17be47578745dce83039e6","id":{"unicity":"32838"}},"quantity":1,"terms":{"priceEach":12.95,"taxEach":{"amount":0},"discountEach":{"amount":0},"pvEach":0},"quantityLimit":{"quantityQuota":-1,"timeFrameDays":-1,"quantityOrdered":0}}]},"currency":"USD"}]}
Entry request : {"order":{"customer":{"href":"https://hydraqa.unicity.net/v5a-test/customers?type=Associate"},"shipToAddress":{"country":"US","state":"PR"}},"vary":{"lines":{"items":[{"item":{"href":"https://hydraqa.unicity.net/v5a-test/items?id.unicity=26580|31441|31863|32030|29682|31314|31730|22747|26550|26554|26557|26561|26562|27739|24418|27585|25008|26442|26555|18908|26552|27653|27212|27218|26983|27210|18401|25803|27029|27208|19596|26945|26560|26567|26568|27587|29694|29408|29437|29612|27395|29440|29830|30414|30400|29449|31518|32015|32628|32838"}}]}}}
Request URL: https://hydraqa.unicity.net/v5a-test/customers.js?callback=angular.callbacks._1&expand=customer,profilePicture&id.unicity=2
Request URL: https://hydraqa.unicity.net/v5a-test/customers.js?_httpMethod=HEAD&callback=angular.callbacks._7&email=HYMUBZ@gmail.com
Request URL: https://hydraqa.unicity.net/v5a-test/shippingmethods.js?callback=angular.callbacks._a&destination=US&market=US&state=PR
]]></system-out>
    <system-err><![CDATA[Starting ChromeDriver 2.36.540470 (e522d04694c7ebea4ba8821272dbef4f9b818c91) on port 46329
Only local connections are allowed.
Jan 21, 2021 12:08:12 PM org.openqa.selenium.remote.ProtocolHandshake createSession
INFO: Detected dialect: OSS
]]></system-err>
  </testcase>
  <testcase name="Enroll" classname="Tests.FranchisePartner" time="298.871"/>
  <testcase name="Enroll" classname="Tests.FranchisePartner" time="328.106"/>
  <testcase name="Enroll" classname="Tests.FranchisePartner" time="315.759"/>
  <testcase name="Enroll" classname="Tests.FranchisePartner" time="332.882"/>
  <testcase name="Enroll" classname="Tests.FranchisePartner" time="333.939"/>
  <testcase name="Enroll" classname="Tests.FranchisePartner" time="324.182"/>
  <testcase name="Enroll" classname="Tests.FranchisePartner" time="327.715"/>
  <testcase name="Enroll" classname="Tests.FranchisePartner" time="298.126"/>
  <testcase name="Enroll" classname="Tests.FranchisePartner" time="276.731"/>
  <testcase name="Enroll" classname="Tests.FranchisePartner" time="352.843"/>
  <testcase name="Enroll" classname="Tests.FranchisePartner" time="341.389"/>
  <testcase name="Enroll" classname="Tests.FranchisePartner" time="99.677"/>
  <testcase name="Enroll" classname="Tests.FranchisePartner" time="115.233"/>
  <testcase name="Enroll" classname="Tests.FranchisePartner" time="253.682"/>
  <testcase name="Enroll" classname="Tests.FranchisePartner" time="179.944"/>
  <testcase name="Enroll" classname="Tests.FranchisePartner" time="281"/>
  <testcase name="PassReferralID" classname="Tests.ReferralIDPassing" time="292.824"/>
  <testcase name="PassReferralID" classname="Tests.ReferralIDPassing" time="280.223"/>
  <testcase name="INDPassReferralID" classname="Tests.INDReferralIDPassing" time="80.867">
    <failure message="Minor Summary Labels is Displaying expected [[Enrollment Summary, Enrollment Settings, Co-Applicant/Nominee, About You (For all future correspondence please make sure the Email ID and Contact number is valid. Your login credentials will be sent to the specified E-mail ID), Mailing Address, Direct Deposit for Commissions, The Distributor Agreement - Terms &amp; Conditions, Summary]] but found [[Enrollment Settings, About You (For all future correspondence please make sure the Email ID and Contact number is valid. Your login credentials will be sent to the specified E-mail ID), Co-Applicant/Nominee, Mailing Address, Direct Deposit for Commissions, Password, Summary]]" type="java.lang.AssertionError"><![CDATA[java.lang.AssertionError: Minor Summary Labels is Displaying expected [[Enrollment Summary, Enrollment Settings, Co-Applicant/Nominee, About You (For all future correspondence please make sure the Email ID and Contact number is valid. Your login credentials will be sent to the specified E-mail ID), Mailing Address, Direct Deposit for Commissions, The Distributor Agreement - Terms & Conditions, Summary]] but found [[Enrollment Settings, About You (For all future correspondence please make sure the Email ID and Contact number is valid. Your login credentials will be sent to the specified E-mail ID), Co-Applicant/Nominee, Mailing Address, Direct Deposit for Commissions, Password, Summary]]
	at Tests.INDReferralIDPassing.INDPassReferralID(INDReferralIDPassing.java:52)
]]></failure>
    <system-out><![CDATA[************************ dddindreferalid
Request URL: https://hydraqa.unicity.net/v5a-test/customers.js?callback=angular.callbacks._1&expand=customer,profilePicture&id.unicity=2
Request URL: https://hydraqa.unicity.net/v5a-test/customers.js?_httpMethod=HEAD&callback=angular.callbacks._6&email=JKNEJP@gmail.com
]]></system-out>
    <system-err><![CDATA[Starting ChromeDriver 2.36.540470 (e522d04694c7ebea4ba8821272dbef4f9b818c91) on port 22246
Only local connections are allowed.
Jan 21, 2021 1:38:17 PM org.openqa.selenium.remote.ProtocolHandshake createSession
INFO: Detected dialect: OSS
]]></system-err>
  </testcase>
  <testcase name="Enroll" classname="Tests.PrefferedCustomer" time="259.339"/>
  <testcase name="Enroll" classname="Tests.PrefferedCustomer" time="198.085">
    <failure message="Major Market expected [CA] but found [null]" type="java.lang.AssertionError">java.lang.AssertionError: Major Market expected [CA] but found [null]
	at Tests.PrefferedCustomer.Enroll(PrefferedCustomer.java:104)
</failure>
    <system-out><![CDATA[Request URL: https://hydraqa.unicity.net/v5a-test/quotes?&expand=item
Entry Quotes response : {"items":[{"lines":{"items":[{"item":{"href":"https://hydraqa.unicity.net/v5a-test/items/bb1a7c3a2902e2cbc4cb2a22fdf1f499","id":{"unicity":"26993"}},"quantity":1,"terms":{"priceEach":284,"taxEach":{"amount":0},"discountEach":{"amount":0},"pvEach":150},"quantityLimit":{"quantityQuota":-1,"timeFrameDays":-1,"quantityOrdered":0}}]},"currency":"CAD"},{"lines":{"items":[{"item":{"href":"https://hydraqa.unicity.net/v5a-test/items/4b1b6b6007d154296fd6c4044c789f67","id":{"unicity":"28329"}},"quantity":1,"terms":{"priceEach":284,"taxEach":{"amount":0},"discountEach":{"amount":0},"pvEach":150},"quantityLimit":{"quantityQuota":-1,"timeFrameDays":-1,"quantityOrdered":0}}]},"currency":"CAD"},{"lines":{"items":[{"item":{"href":"https://hydraqa.unicity.net/v5a-test/items/576e0ebc8d1f5b26fc89bf3cd47a26c6","id":{"unicity":"26572"}},"quantity":1,"terms":{"priceEach":110,"taxEach":{"amount":0},"discountEach":{"amount":0},"pvEach":56},"quantityLimit":{"quantityQuota":-1,"timeFrameDays":-1,"quantityOrdered":0}}]},"currency":"CAD"},{"lines":{"items":[{"item":{"href":"https://hydraqa.unicity.net/v5a-test/items/46ea1edabdcf18f49817c437346958eb","id":{"unicity":"29147"}},"quantity":1,"terms":{"priceEach":85,"taxEach":{"amount":0},"discountEach":{"amount":0},"pvEach":33},"quantityLimit":{"quantityQuota":-1,"timeFrameDays":-1,"quantityOrdered":0}}]},"currency":"CAD"},{"lines":{"items":[{"item":{"href":"https://hydraqa.unicity.net/v5a-test/items/e77144fa2fcf6a4dc73c15b4d615c1aa","id":{"unicity":"28437"}},"quantity":1,"terms":{"priceEach":85,"taxEach":{"amount":0},"discountEach":{"amount":0},"pvEach":33},"quantityLimit":{"quantityQuota":-1,"timeFrameDays":-1,"quantityOrdered":0}}]},"currency":"CAD"},{"lines":{"items":[{"item":{"href":"https://hydraqa.unicity.net/v5a-test/items/8407b62b9c4120aa3dfe25c9feb76e4a","id":{"unicity":"28591"}},"quantity":1,"terms":{"priceEach":24,"taxEach":{"amount":0},"discountEach":{"amount":0},"pvEach":15},"quantityLimit":{"quantityQuota":-1,"timeFrameDays":-1,"quantityOrdered":0}}]},"currency":"CAD"},{"lines":{"items":[{"item":{"href":"https://hydraqa.unicity.net/v5a-test/items/10da226fab00279b4f89df10af2a10b7","id":{"unicity":"26442"}},"quantity":1,"terms":{"priceEach":10,"taxEach":{"amount":0},"discountEach":{"amount":0},"pvEach":0},"quantityLimit":{"quantityQuota":-1,"timeFrameDays":-1,"quantityOrdered":0}}]},"currency":"CAD"},{"lines":{"items":[{"item":{"href":"https://hydraqa.unicity.net/v5a-test/items/60b5ca15c481444657970edde11b04ce","id":{"unicity":"26571"}},"quantity":1,"terms":{"priceEach":110,"taxEach":{"amount":0},"discountEach":{"amount":0},"pvEach":56},"quantityLimit":{"quantityQuota":-1,"timeFrameDays":-1,"quantityOrdered":0}}]},"currency":"CAD"},{"lines":{"items":[{"item":{"href":"https://hydraqa.unicity.net/v5a-test/items/2ffc1563d3d0fd7121ca5b1c2184988e","id":{"unicity":"28428"}},"quantity":1,"terms":{"priceEach":111,"taxEach":{"amount":0},"discountEach":{"amount":0},"pvEach":62},"quantityLimit":{"quantityQuota":-1,"timeFrameDays":-1,"quantityOrdered":0}}]},"currency":"CAD"},{"lines":{"items":[{"item":{"href":"https://hydraqa.unicity.net/v5a-test/items/637af131553f5822bef2bb0f0577b2e9","id":{"unicity":"28160"}},"quantity":1,"terms":{"priceEach":118,"taxEach":{"amount":0},"discountEach":{"amount":0},"pvEach":62},"quantityLimit":{"quantityQuota":-1,"timeFrameDays":-1,"quantityOrdered":0}}]},"currency":"CAD"},{"lines":{"items":[{"item":{"href":"https://hydraqa.unicity.net/v5a-test/items/c4744f6ba328b983bfffc7e1e4416ff3","id":{"unicity":"26565"}},"quantity":1,"terms":{"priceEach":117,"taxEach":{"amount":0},"discountEach":{"amount":0},"pvEach":64},"quantityLimit":{"quantityQuota":-1,"timeFrameDays":-1,"quantityOrdered":0}}]},"currency":"CAD"},{"lines":{"items":[{"item":{"href":"https://hydraqa.unicity.net/v5a-test/items/fe97499574f54ccd16daec7361208411","id":{"unicity":"26570"}},"quantity":1,"terms":{"priceEach":26,"taxEach":{"amount":0},"discountEach":{"amount":0},"pvEach":13},"quantityLimit":{"quantityQuota":-1,"timeFrameDays":-1,"quantityOrdered":0}}]},"currency":"CAD"},{"lines":{"items":[{"item":{"href":"https://hydraqa.unicity.net/v5a-test/items/ae14f4659032c9e8591a7ac76abd1ad5","id":{"unicity":"26569"}},"quantity":1,"terms":{"priceEach":50,"taxEach":{"amount":0},"discountEach":{"amount":0},"pvEach":30},"quantityLimit":{"quantityQuota":-1,"timeFrameDays":-1,"quantityOrdered":0}}]},"currency":"CAD"},{"lines":{"items":[{"item":{"href":"https://hydraqa.unicity.net/v5a-test/items/351c19047c5c800d2db6963b3af5df78","id":{"unicity":"27080"}},"quantity":1,"terms":{"priceEach":67,"taxEach":{"amount":0},"discountEach":{"amount":0},"pvEach":35},"quantityLimit":{"quantityQuota":-1,"timeFrameDays":-1,"quantityOrdered":0}}]},"currency":"CAD"},{"lines":{"items":[{"item":{"href":"https://hydraqa.unicity.net/v5a-test/items/f847ce37f5942a226f74e671c86709f8","id":{"unicity":"28787"}},"quantity":1,"terms":{"priceEach":39,"taxEach":{"amount":0},"discountEach":{"amount":0},"pvEach":17},"quantityLimit":{"quantityQuota":-1,"timeFrameDays":-1,"quantityOrdered":0}}]},"currency":"CAD"},{"lines":{"items":[{"item":{"href":"https://hydraqa.unicity.net/v5a-test/items/b24413d1812bb9c95ba6ff7e26bad8ff","id":{"unicity":"26566"}},"quantity":1,"terms":{"priceEach":54,"taxEach":{"amount":0},"discountEach":{"amount":0},"pvEach":32},"quantityLimit":{"quantityQuota":-1,"timeFrameDays":-1,"quantityOrdered":0}}]},"currency":"CAD"},{"lines":{"items":[{"item":{"href":"https://hydraqa.unicity.net/v5a-test/items/6e0e7450f45cb9412e5b4642dd1469cb","id":{"unicity":"26579"}},"quantity":1,"terms":{"priceEach":24,"taxEach":{"amount":0},"discountEach":{"amount":0},"pvEach":13},"quantityLimit":{"quantityQuota":-1,"timeFrameDays":-1,"quantityOrdered":0}}]},"currency":"CAD"},{"lines":{"items":[{"item":{"href":"https://hydraqa.unicity.net/v5a-test/items/828f9b5bdbceaa7cd3ca6a4532632635","id":{"unicity":"19356"}},"quantity":1,"terms":{"priceEach":41,"taxEach":{"amount":0},"discountEach":{"amount":0},"pvEach":21},"quantityLimit":{"quantityQuota":-1,"timeFrameDays":-1,"quantityOrdered":0}}]},"currency":"CAD"},{"lines":{"items":[{"item":{"href":"https://hydraqa.unicity.net/v5a-test/items/cb1cb2d293cc48affee9b2026c31313a","id":{"unicity":"28928"}},"quantity":1,"terms":{"priceEach":47,"taxEach":{"amount":0},"discountEach":{"amount":0},"pvEach":13},"quantityLimit":{"quantityQuota":-1,"timeFrameDays":-1,"quantityOrdered":0}}]},"currency":"CAD"},{"lines":{"items":[{"item":{"href":"https://hydraqa.unicity.net/v5a-test/items/a40ede5f6847ec094ad8a38616ced7d0","id":{"unicity":"28100"}},"quantity":1,"terms":{"priceEach":46,"taxEach":{"amount":0},"discountEach":{"amount":0},"pvEach":25},"quantityLimit":{"quantityQuota":-1,"timeFrameDays":-1,"quantityOrdered":0}}]},"currency":"CAD"},{"lines":{"items":[{"item":{"href":"https://hydraqa.unicity.net/v5a-test/items/1b0412bea8c0b841c66f65a36aa14108","id":{"unicity":"29191"}},"quantity":1,"terms":{"priceEach":104,"taxEach":{"amount":0},"discountEach":{"amount":0},"pvEach":36},"quantityLimit":{"quantityQuota":-1,"timeFrameDays":-1,"quantityOrdered":0}}]},"currency":"CAD"},{"lines":{"items":[{"item":{"href":"https://hydraqa.unicity.net/v5a-test/items/e84750c27b2b9f10e6b4d2ab5a1954ba","id":{"unicity":"30115"}},"quantity":1,"terms":{"priceEach":137,"taxEach":{"amount":0},"discountEach":{"amount":0},"pvEach":56},"quantityLimit":{"quantityQuota":-1,"timeFrameDays":-1,"quantityOrdered":0}}]},"currency":"CAD"},{"lines":{"items":[{"item":{"href":"https://hydraqa.unicity.net/v5a-test/items/42d7ab6b9834716f6ebdd66f1a86d7b1","id":{"unicity":"30980"}},"quantity":1,"terms":{"priceEach":25,"taxEach":{"amount":0},"discountEach":{"amount":0},"pvEach":8},"quantityLimit":{"quantityQuota":-1,"timeFrameDays":-1,"quantityOrdered":0}}]},"currency":"CAD"},{"lines":{"items":[{"item":{"href":"https://hydraqa.unicity.net/v5a-test/items/0e78fbdfebef11cd62f8d2120064ee58","id":{"unicity":"30280"}},"quantity":1,"terms":{"priceEach":69,"taxEach":{"amount":0},"discountEach":{"amount":0},"pvEach":24},"quantityLimit":{"quantityQuota":-1,"timeFrameDays":-1,"quantityOrdered":0}}]},"currency":"CAD"},{"lines":{"items":[{"item":{"href":"https://hydraqa.unicity.net/v5a-test/items/5c430db0256426c4b730bc6994a94a02","id":{"unicity":"31773"}},"quantity":1,"terms":{"priceEach":34,"taxEach":{"amount":0},"discountEach":{"amount":0},"pvEach":13},"quantityLimit":{"quantityQuota":-1,"timeFrameDays":-1,"quantityOrdered":0}}]},"currency":"CAD"},{"lines":{"items":[{"item":{"href":"https://hydraqa.unicity.net/v5a-test/items/cfc721c9fb00317ed614492f65f21460","id":{"unicity":"31288"}},"quantity":1,"terms":{"priceEach":59,"taxEach":{"amount":0},"discountEach":{"amount":0},"pvEach":30},"quantityLimit":{"quantityQuota":-1,"timeFrameDays":-1,"quantityOrdered":0}}]},"currency":"CAD"},{"lines":{"items":[{"item":{"href":"https://hydraqa.unicity.net/v5a-test/items/4916b998c4d0c83c68449a17ea6c1e4c","id":{"unicity":"33457"}},"quantity":1,"terms":{"priceEach":221,"taxEach":{"amount":0},"discountEach":{"amount":0},"pvEach":116},"quantityLimit":{"quantityQuota":-1,"timeFrameDays":-1,"quantityOrdered":0}}]},"currency":"CAD"}]}
Entry request : {"order":{"customer":{"href":"https://hydraqa.unicity.net/v5a-test/customers?type=PreferredCustomer"},"shipToAddress":{"country":"CA"}},"vary":{"lines":{"items":[{"item":{"href":"https://hydraqa.unicity.net/v5a-test/items?id.unicity=26993|31440|31442|27184|28327|28329|26572|29449|29147|28437|28591|26580|26442|28370|26571|28326|28328|26994|26995|28330|28331|28428|28160|26565|26570|26569|27589|27080|28787|26566|26579|19356|28928|20436|28100|28845|29183|29185|29191|30115|30980|31110|30280|31773|31288|33457"}}]}}}
Request URL: https://hydraqa.unicity.net/v5a-test/customers.js?callback=angular.callbacks._1&expand=customer,profilePicture&id.unicity=2
Request URL: https://hydraqa.unicity.net/v5a-test/customers.js?_httpMethod=HEAD&callback=angular.callbacks._4&email=OBOLAB@gmail.com
Unicity [Date=Thu, 21 Jan 2021 20:46:43 GMT, Content-Type=text/javascript; charset=utf-8, Content-Length=1159, Connection=keep-alive, Set-Cookie=__cfduid=d0fb632e8499b3e630e77cded8994e99a1611261999; expires=Sat, 20-Feb-21 20:46:39 GMT; path=/; domain=.unicity.net; HttpOnly; SameSite=Lax, x-powered-by=Express, x-request-id=16ec6990-d354-93dc-9b63-8c064f6ec4fb,16ec6990-d354-93dc-9b63-8c064f6ec4fb, x-request-uuid=16ec6990-d354-93dc-9b63-8c064f6ec4fb, x-request-release=5-2021012101/master, access-control-allow-origin=http://enroll.ng.unicityqa.com, vary=Accept-Encoding, link=<http://unicity.github.io/Hydra.php/docs/v5/>; rel="help", cache-control=no-cache, must-revalidate, expires=0, content-language=en-US, x-status-code=200, content-encoding=gzip, x-envoy-upstream-service-time=3687, etag=W/"487-pguDWiS/8K6xmrDBwf4VgYVtDfY", access-control-expose-headers=x-b3-traceid, x-request-id, x-b3-traceid=b6b24f94cd83f2a2, CF-Cache-Status=DYNAMIC, cf-request-id=07c84c127f0000fbb4841d9000000001, Expect-CT=max-age=604800, report-uri="https://report-uri.cloudflare.com/cdn-cgi/beacon/expect-ct", Server=cloudflare, CF-RAY=6153e2ca682ffbb4-MCI]
sumanB4V2K4
{shipToAddress={zip=B4V2K4, country=CA, city=BRIDGEWATER, address1=Address 1, state=NS}, shippingMethod={href=https://hydraqa.unicity.net/v5a-test/shippingmethods?type=UPS Ground}, lines={items=[{item={href=https://hydraqa.unicity.net/v5a-test/items?id.unicity=26565}, quantity=1}]}, transactions={items=[{method=Coupon, methodDetails={code=Fre3Aut0Sh!p}, type=AuthorizeAndCapture}]}, customer={href=https://hydraqa.unicity.net/v5a-test/customers?type=PreferredCustomer}}
kalyanB4V2K4
Request URL: https://hydraqa.unicity.net/v5a-test/addresses?country=CA&zip=B4V2K4
Entry response : {"items":[{"address1":"","address2":"","city":"Bridgewater","state":"NS","zip":"B4V2K4","country":"CA"}]}
{sponsor=2, gender=female, city=BRIDGEWATER, cartprice=117.0, enroller=2, arpack=Prime Health Pack - Cholesterol/Energy/Vanilla, language=English, locale=en, type=PreferredCustomer, platform=QA, lname=TestLastName, password=Unicity, genderoption=Female, Currency=USD, api=4, state=[NS], email=OBOLAB@gmail.com, zip=B4V2K4, fname=TestFirstName, prefferd=Canada, address2=Address 2, address1=Address 1, shippingmethod=type=UPS Ground, version=v5a-test/, testcase=normal, market=Canada, aritemcode=26993, referral=yes, martial=Single, phone=9823746323, proto=https://hydraqa.unicity.net/, marketcode=CA, maritaloption=Single, ccname=CCNameTest}
Request URL: https://hydraqa.unicity.net/v5a-test/orders.js
Entry request : {"customer":{"mainAddress":{"city":"BRIDGEWATER","country":"CA","state":"NS","zip":"B4V2K4","address1":"Address 1","address2":"Address 2"},"humanName":{"firstName":"TestFirstName","lastName":"TestLastName"},"email":"OBOLAB@gmail.com","preferredLocale":"en-CA","password":{"value":"Unicity"},"gender":"female","maritalStatus":"Single","type":"PreferredCustomer","creditcardaliases":[{"methodDetails":{"creditCardNumber":"4111111111111111","payer":"TestFirstName TestLastName","creditCardExpires":"2021-10"},"billToName":{"firstName":"TestFirstName","lastName":"TestLastName"},"billToAddress":{"address1":"Address 1","address2":"Address 2","city":"BRIDGEWATER","state":"NS","zip":"B4V2K4","country":"CA"}}],"sponsor":{"href":"https://hydraqa.unicity.net/v5a-test/customers?id.unicity=2"},"enroller":{"href":"https://hydraqa.unicity.net/v5a-test/customers?id.unicity=2"},"homePhone":"9823746323","autoorders":{"items":[{"recurrence":{"schedule":{"month":"*","dayOfMonth":"5"},"status":"Enabled"},"lines":{"items":[{"item":{"href":"https://hydraqa.unicity.net/v5a-test/items?id.unicity=26993"},"quantity":1}]},"shipToName":{"firstName":"TestFirstName","lastName":"TestLastName"},"shipToPhone":"9823746323","shipToEmail":"OBOLAB@gmail.com","shipToAddress":{"city":"BRIDGEWATER","country":"CA","state":"NS","address1":"Address 1","address2":"Address 2","zip":"B4V2K4"},"shippingMethod":{"href":"https://hydraqa.unicity.net/v5a-test/shippingmethods?type=UPS Ground"},"transactions":{"items":[{"amount":"this.terms.total","type":"AuthorizeAndCapture","method":"CreditCardAlias","methodDetails":{"alias":"this.customer.creditcardaliases[0].alias"}}]}}]},"rights":[]},"lines":{"items":[{"item":{"href":"https://hydraqa.unicity.net/v5a-test/items?id.unicity=26565"},"quantity":1}]},"shipToName":{"firstName":"TestFirstName","lastName":"TestLastName"},"shipToPhone":"9823746323","shipToEmail":"OBOLAB@gmail.com","shipToAddress":{"city":"BRIDGEWATER","country":"CA","state":"NS","address1":"Address 1","address2":"Address 2","zip":"B4V2K4"},"shippingMethod":{"href":"https://hydraqa.unicity.net/v5a-test/shippingmethods?type=UPS Ground"},"notes":"","transactions":{"items":[{"amount":"this.terms.total","type":"AuthorizeAndCapture","method":"CreditCard","methodDetails":{"creditCardNumber":"4111111111111111","payer":"CCNameTest","creditCardExpires":"2021-10","creditCardSecurityCode":"123"},"billToAddress":{"address1":"Address 1","address2":"Address 2","city":"BRIDGEWATER","state":"NS","zip":"B4V2K4","country":"CA"}},{"type":"AuthorizeAndCapture","method":"Coupon","methodDetails":{"code":"Fre3Aut0Sh!p"}}]}}
Entry response : {"meta":{"Link":"<http:\/\/unicity.github.io\/Hydra.php\/docs\/v5\/>; rel=\"help\"","X-Request-UUID":"325ccb74-6d5d-933c-b129-6ebc17245153","X-Request-Release":"5-2021012101\/master","Cache-Control":"no-cache, must-revalidate","Expires":"0","X-Powered-By":"Luracast Restler v3.0.0rc5","Content-Type":"text\/javascript; charset=utf-8","Content-Language":"en","X-Status-Code":"402"},"data":{"error":{"code":402,"message":"Payment Required","error_code":"3009","error_message":"We failed to accept the credit card payment for the following reason: 'Valid security code required.' Error #R7A7P","upstream_error_message":"Valid security code required."}}}
Headers-->keep-alive
Headers-->2599
Headers-->application/json, text/plain, */*
Headers-->en-CA
Headers-->application/json;charset=UTF-8
]]></system-out>
    <system-err><![CDATA[Starting ChromeDriver 2.36.540470 (e522d04694c7ebea4ba8821272dbef4f9b818c91) on port 41618
Only local connections are allowed.
Jan 21, 2021 1:44:12 PM org.openqa.selenium.remote.ProtocolHandshake createSession
INFO: Detected dialect: OSS
]]></system-err>
  </testcase>
  <testcase name="Enroll" classname="Tests.PrefferedCustomer" time="189.259">
    <failure message="Major Market expected [CA] but found [null]" type="java.lang.AssertionError">java.lang.AssertionError: Major Market expected [CA] but found [null]
	at Tests.PrefferedCustomer.Enroll(PrefferedCustomer.java:104)
</failure>
    <system-out><![CDATA[Request URL: https://hydraqa.unicity.net/v5a-test/quotes?&expand=item
Entry Quotes response : {"items":[{"lines":{"items":[{"item":{"href":"https://hydraqa.unicity.net/v5a-test/items/bb1a7c3a2902e2cbc4cb2a22fdf1f499","id":{"unicity":"26993"}},"quantity":1,"terms":{"priceEach":284,"taxEach":{"amount":0},"discountEach":{"amount":0},"pvEach":150},"quantityLimit":{"quantityQuota":-1,"timeFrameDays":-1,"quantityOrdered":0}}]},"currency":"CAD"},{"lines":{"items":[{"item":{"href":"https://hydraqa.unicity.net/v5a-test/items/4b1b6b6007d154296fd6c4044c789f67","id":{"unicity":"28329"}},"quantity":1,"terms":{"priceEach":284,"taxEach":{"amount":0},"discountEach":{"amount":0},"pvEach":150},"quantityLimit":{"quantityQuota":-1,"timeFrameDays":-1,"quantityOrdered":0}}]},"currency":"CAD"},{"lines":{"items":[{"item":{"href":"https://hydraqa.unicity.net/v5a-test/items/576e0ebc8d1f5b26fc89bf3cd47a26c6","id":{"unicity":"26572"}},"quantity":1,"terms":{"priceEach":110,"taxEach":{"amount":0},"discountEach":{"amount":0},"pvEach":56},"quantityLimit":{"quantityQuota":-1,"timeFrameDays":-1,"quantityOrdered":0}}]},"currency":"CAD"},{"lines":{"items":[{"item":{"href":"https://hydraqa.unicity.net/v5a-test/items/46ea1edabdcf18f49817c437346958eb","id":{"unicity":"29147"}},"quantity":1,"terms":{"priceEach":85,"taxEach":{"amount":0},"discountEach":{"amount":0},"pvEach":33},"quantityLimit":{"quantityQuota":-1,"timeFrameDays":-1,"quantityOrdered":0}}]},"currency":"CAD"},{"lines":{"items":[{"item":{"href":"https://hydraqa.unicity.net/v5a-test/items/e77144fa2fcf6a4dc73c15b4d615c1aa","id":{"unicity":"28437"}},"quantity":1,"terms":{"priceEach":85,"taxEach":{"amount":0},"discountEach":{"amount":0},"pvEach":33},"quantityLimit":{"quantityQuota":-1,"timeFrameDays":-1,"quantityOrdered":0}}]},"currency":"CAD"},{"lines":{"items":[{"item":{"href":"https://hydraqa.unicity.net/v5a-test/items/8407b62b9c4120aa3dfe25c9feb76e4a","id":{"unicity":"28591"}},"quantity":1,"terms":{"priceEach":24,"taxEach":{"amount":0},"discountEach":{"amount":0},"pvEach":15},"quantityLimit":{"quantityQuota":-1,"timeFrameDays":-1,"quantityOrdered":0}}]},"currency":"CAD"},{"lines":{"items":[{"item":{"href":"https://hydraqa.unicity.net/v5a-test/items/10da226fab00279b4f89df10af2a10b7","id":{"unicity":"26442"}},"quantity":1,"terms":{"priceEach":10,"taxEach":{"amount":0},"discountEach":{"amount":0},"pvEach":0},"quantityLimit":{"quantityQuota":-1,"timeFrameDays":-1,"quantityOrdered":0}}]},"currency":"CAD"},{"lines":{"items":[{"item":{"href":"https://hydraqa.unicity.net/v5a-test/items/60b5ca15c481444657970edde11b04ce","id":{"unicity":"26571"}},"quantity":1,"terms":{"priceEach":110,"taxEach":{"amount":0},"discountEach":{"amount":0},"pvEach":56},"quantityLimit":{"quantityQuota":-1,"timeFrameDays":-1,"quantityOrdered":0}}]},"currency":"CAD"},{"lines":{"items":[{"item":{"href":"https://hydraqa.unicity.net/v5a-test/items/2ffc1563d3d0fd7121ca5b1c2184988e","id":{"unicity":"28428"}},"quantity":1,"terms":{"priceEach":111,"taxEach":{"amount":0},"discountEach":{"amount":0},"pvEach":62},"quantityLimit":{"quantityQuota":-1,"timeFrameDays":-1,"quantityOrdered":0}}]},"currency":"CAD"},{"lines":{"items":[{"item":{"href":"https://hydraqa.unicity.net/v5a-test/items/637af131553f5822bef2bb0f0577b2e9","id":{"unicity":"28160"}},"quantity":1,"terms":{"priceEach":118,"taxEach":{"amount":0},"discountEach":{"amount":0},"pvEach":62},"quantityLimit":{"quantityQuota":-1,"timeFrameDays":-1,"quantityOrdered":0}}]},"currency":"CAD"},{"lines":{"items":[{"item":{"href":"https://hydraqa.unicity.net/v5a-test/items/c4744f6ba328b983bfffc7e1e4416ff3","id":{"unicity":"26565"}},"quantity":1,"terms":{"priceEach":117,"taxEach":{"amount":0},"discountEach":{"amount":0},"pvEach":64},"quantityLimit":{"quantityQuota":-1,"timeFrameDays":-1,"quantityOrdered":0}}]},"currency":"CAD"},{"lines":{"items":[{"item":{"href":"https://hydraqa.unicity.net/v5a-test/items/fe97499574f54ccd16daec7361208411","id":{"unicity":"26570"}},"quantity":1,"terms":{"priceEach":26,"taxEach":{"amount":0},"discountEach":{"amount":0},"pvEach":13},"quantityLimit":{"quantityQuota":-1,"timeFrameDays":-1,"quantityOrdered":0}}]},"currency":"CAD"},{"lines":{"items":[{"item":{"href":"https://hydraqa.unicity.net/v5a-test/items/ae14f4659032c9e8591a7ac76abd1ad5","id":{"unicity":"26569"}},"quantity":1,"terms":{"priceEach":50,"taxEach":{"amount":0},"discountEach":{"amount":0},"pvEach":30},"quantityLimit":{"quantityQuota":-1,"timeFrameDays":-1,"quantityOrdered":0}}]},"currency":"CAD"},{"lines":{"items":[{"item":{"href":"https://hydraqa.unicity.net/v5a-test/items/351c19047c5c800d2db6963b3af5df78","id":{"unicity":"27080"}},"quantity":1,"terms":{"priceEach":67,"taxEach":{"amount":0},"discountEach":{"amount":0},"pvEach":35},"quantityLimit":{"quantityQuota":-1,"timeFrameDays":-1,"quantityOrdered":0}}]},"currency":"CAD"},{"lines":{"items":[{"item":{"href":"https://hydraqa.unicity.net/v5a-test/items/f847ce37f5942a226f74e671c86709f8","id":{"unicity":"28787"}},"quantity":1,"terms":{"priceEach":39,"taxEach":{"amount":0},"discountEach":{"amount":0},"pvEach":17},"quantityLimit":{"quantityQuota":-1,"timeFrameDays":-1,"quantityOrdered":0}}]},"currency":"CAD"},{"lines":{"items":[{"item":{"href":"https://hydraqa.unicity.net/v5a-test/items/b24413d1812bb9c95ba6ff7e26bad8ff","id":{"unicity":"26566"}},"quantity":1,"terms":{"priceEach":54,"taxEach":{"amount":0},"discountEach":{"amount":0},"pvEach":32},"quantityLimit":{"quantityQuota":-1,"timeFrameDays":-1,"quantityOrdered":0}}]},"currency":"CAD"},{"lines":{"items":[{"item":{"href":"https://hydraqa.unicity.net/v5a-test/items/6e0e7450f45cb9412e5b4642dd1469cb","id":{"unicity":"26579"}},"quantity":1,"terms":{"priceEach":24,"taxEach":{"amount":0},"discountEach":{"amount":0},"pvEach":13},"quantityLimit":{"quantityQuota":-1,"timeFrameDays":-1,"quantityOrdered":0}}]},"currency":"CAD"},{"lines":{"items":[{"item":{"href":"https://hydraqa.unicity.net/v5a-test/items/828f9b5bdbceaa7cd3ca6a4532632635","id":{"unicity":"19356"}},"quantity":1,"terms":{"priceEach":41,"taxEach":{"amount":0},"discountEach":{"amount":0},"pvEach":21},"quantityLimit":{"quantityQuota":-1,"timeFrameDays":-1,"quantityOrdered":0}}]},"currency":"CAD"},{"lines":{"items":[{"item":{"href":"https://hydraqa.unicity.net/v5a-test/items/cb1cb2d293cc48affee9b2026c31313a","id":{"unicity":"28928"}},"quantity":1,"terms":{"priceEach":47,"taxEach":{"amount":0},"discountEach":{"amount":0},"pvEach":13},"quantityLimit":{"quantityQuota":-1,"timeFrameDays":-1,"quantityOrdered":0}}]},"currency":"CAD"},{"lines":{"items":[{"item":{"href":"https://hydraqa.unicity.net/v5a-test/items/a40ede5f6847ec094ad8a38616ced7d0","id":{"unicity":"28100"}},"quantity":1,"terms":{"priceEach":46,"taxEach":{"amount":0},"discountEach":{"amount":0},"pvEach":25},"quantityLimit":{"quantityQuota":-1,"timeFrameDays":-1,"quantityOrdered":0}}]},"currency":"CAD"},{"lines":{"items":[{"item":{"href":"https://hydraqa.unicity.net/v5a-test/items/1b0412bea8c0b841c66f65a36aa14108","id":{"unicity":"29191"}},"quantity":1,"terms":{"priceEach":104,"taxEach":{"amount":0},"discountEach":{"amount":0},"pvEach":36},"quantityLimit":{"quantityQuota":-1,"timeFrameDays":-1,"quantityOrdered":0}}]},"currency":"CAD"},{"lines":{"items":[{"item":{"href":"https://hydraqa.unicity.net/v5a-test/items/e84750c27b2b9f10e6b4d2ab5a1954ba","id":{"unicity":"30115"}},"quantity":1,"terms":{"priceEach":137,"taxEach":{"amount":0},"discountEach":{"amount":0},"pvEach":56},"quantityLimit":{"quantityQuota":-1,"timeFrameDays":-1,"quantityOrdered":0}}]},"currency":"CAD"},{"lines":{"items":[{"item":{"href":"https://hydraqa.unicity.net/v5a-test/items/42d7ab6b9834716f6ebdd66f1a86d7b1","id":{"unicity":"30980"}},"quantity":1,"terms":{"priceEach":25,"taxEach":{"amount":0},"discountEach":{"amount":0},"pvEach":8},"quantityLimit":{"quantityQuota":-1,"timeFrameDays":-1,"quantityOrdered":0}}]},"currency":"CAD"},{"lines":{"items":[{"item":{"href":"https://hydraqa.unicity.net/v5a-test/items/0e78fbdfebef11cd62f8d2120064ee58","id":{"unicity":"30280"}},"quantity":1,"terms":{"priceEach":69,"taxEach":{"amount":0},"discountEach":{"amount":0},"pvEach":24},"quantityLimit":{"quantityQuota":-1,"timeFrameDays":-1,"quantityOrdered":0}}]},"currency":"CAD"},{"lines":{"items":[{"item":{"href":"https://hydraqa.unicity.net/v5a-test/items/5c430db0256426c4b730bc6994a94a02","id":{"unicity":"31773"}},"quantity":1,"terms":{"priceEach":34,"taxEach":{"amount":0},"discountEach":{"amount":0},"pvEach":13},"quantityLimit":{"quantityQuota":-1,"timeFrameDays":-1,"quantityOrdered":0}}]},"currency":"CAD"},{"lines":{"items":[{"item":{"href":"https://hydraqa.unicity.net/v5a-test/items/cfc721c9fb00317ed614492f65f21460","id":{"unicity":"31288"}},"quantity":1,"terms":{"priceEach":59,"taxEach":{"amount":0},"discountEach":{"amount":0},"pvEach":30},"quantityLimit":{"quantityQuota":-1,"timeFrameDays":-1,"quantityOrdered":0}}]},"currency":"CAD"},{"lines":{"items":[{"item":{"href":"https://hydraqa.unicity.net/v5a-test/items/4916b998c4d0c83c68449a17ea6c1e4c","id":{"unicity":"33457"}},"quantity":1,"terms":{"priceEach":221,"taxEach":{"amount":0},"discountEach":{"amount":0},"pvEach":116},"quantityLimit":{"quantityQuota":-1,"timeFrameDays":-1,"quantityOrdered":0}}]},"currency":"CAD"}]}
Entry request : {"order":{"customer":{"href":"https://hydraqa.unicity.net/v5a-test/customers?type=PreferredCustomer"},"shipToAddress":{"country":"CA"}},"vary":{"lines":{"items":[{"item":{"href":"https://hydraqa.unicity.net/v5a-test/items?id.unicity=26993|31440|31442|27184|28327|28329|26572|29449|29147|28437|28591|26580|26442|28370|26571|28326|28328|26994|26995|28330|28331|28428|28160|26565|26570|26569|27589|27080|28787|26566|26579|19356|28928|20436|28100|28845|29183|29185|29191|30115|30980|31110|30280|31773|31288|33457"}}]}}}
Request URL: https://hydraqa.unicity.net/v5a-test/customers.js?callback=angular.callbacks._1&expand=customer,profilePicture&id.unicity=2
Request URL: https://hydraqa.unicity.net/v5a-test/customers.js?_httpMethod=HEAD&callback=angular.callbacks._4&email=PYAKVK@gmail.com
Unicity [Date=Thu, 21 Jan 2021 20:50:01 GMT, Content-Type=text/javascript; charset=utf-8, Content-Length=1159, Connection=keep-alive, Set-Cookie=__cfduid=d3e751eccf05ef95ac4517df7354aa30a1611262198; expires=Sat, 20-Feb-21 20:49:58 GMT; path=/; domain=.unicity.net; HttpOnly; SameSite=Lax, x-powered-by=Express, x-request-id=b83e52a7-58f7-977f-aeba-a5316fb1e469,b83e52a7-58f7-977f-aeba-a5316fb1e469, x-request-uuid=b83e52a7-58f7-977f-aeba-a5316fb1e469, x-request-release=5-2021012101/master, access-control-allow-origin=http://enroll.ng.unicityqa.com, vary=Accept-Encoding, link=<http://unicity.github.io/Hydra.php/docs/v5/>; rel="help", cache-control=no-cache, must-revalidate, expires=0, content-language=en-US, x-status-code=200, content-encoding=gzip, x-envoy-upstream-service-time=3686, etag=W/"487-tEiWErMHv8gCTJgVwLyEZntZ2MQ", access-control-expose-headers=x-b3-traceid, x-request-id, x-b3-traceid=495125a95516ae98, CF-Cache-Status=DYNAMIC, cf-request-id=07c84f19f30000fbb4de37f000000001, Expect-CT=max-age=604800, report-uri="https://report-uri.cloudflare.com/cdn-cgi/beacon/expect-ct", Server=cloudflare, CF-RAY=6153e7a31ba5fbb4-MCI]
sumanB4V2K4
{shipToAddress={zip=B4V2K4, country=CA, city=BRIDGEWATER, address1=Address 1, state=NS}, shippingMethod={href=https://hydraqa.unicity.net/v5a-test/shippingmethods?type=UPS Ground}, lines={items=[{item={href=https://hydraqa.unicity.net/v5a-test/items?id.unicity=26565}, quantity=1}]}, transactions={items=[{method=Coupon, methodDetails={code=Fre3Aut0Sh!p}, type=AuthorizeAndCapture}]}, customer={href=https://hydraqa.unicity.net/v5a-test/customers?type=PreferredCustomer}}
kalyanB4V2K4
Request URL: https://hydraqa.unicity.net/v5a-test/addresses?country=CA&zip=B4V2K4
Entry response : {"items":[{"address1":"","address2":"","city":"Bridgewater","state":"NS","zip":"B4V2K4","country":"CA"}]}
{sponsor=2, gender=male, city=BRIDGEWATER, cartprice=117.0, enroller=2, arpack=Prime Health Pack - Cholesterol/Energy/Vanilla, language=Français, locale=fr, type=PreferredCustomer, platform=QA, lname=TestLastName, password=Unicity, genderoption=Homme, Currency=USD, api=4, state=[NS], email=PYAKVK@gmail.com, zip=B4V2K4, fname=TestFirstName, prefferd=Canada, address2=Address 2, address1=Address 1, shippingmethod=type=UPS Ground, version=v5a-test/, testcase=normal, market=Canada, aritemcode=26993, referral=yes, martial=Married, phone=9823746323, proto=https://hydraqa.unicity.net/, marketcode=CA, maritaloption=Marié, ccname=CCNameTest}
Request URL: https://hydraqa.unicity.net/v5a-test/orders.js
Entry request : {"customer":{"mainAddress":{"city":"BRIDGEWATER","country":"CA","state":"NS","zip":"B4V2K4","address1":"Address 1","address2":"Address 2"},"humanName":{"firstName":"TestFirstName","lastName":"TestLastName"},"email":"PYAKVK@gmail.com","preferredLocale":"fr-CA","password":{"value":"Unicity"},"gender":"male","maritalStatus":"Married","type":"PreferredCustomer","creditcardaliases":[{"methodDetails":{"creditCardNumber":"4111111111111111","payer":"TestFirstName TestLastName","creditCardExpires":"2021-10"},"billToName":{"firstName":"TestFirstName","lastName":"TestLastName"},"billToAddress":{"address1":"Address 1","address2":"Address 2","city":"BRIDGEWATER","state":"NS","zip":"B4V2K4","country":"CA"}}],"sponsor":{"href":"https://hydraqa.unicity.net/v5a-test/customers?id.unicity=2"},"enroller":{"href":"https://hydraqa.unicity.net/v5a-test/customers?id.unicity=2"},"homePhone":"9823746323","autoorders":{"items":[{"recurrence":{"schedule":{"month":"*","dayOfMonth":"5"},"status":"Enabled"},"lines":{"items":[{"item":{"href":"https://hydraqa.unicity.net/v5a-test/items?id.unicity=26993"},"quantity":1}]},"shipToName":{"firstName":"TestFirstName","lastName":"TestLastName"},"shipToPhone":"9823746323","shipToEmail":"PYAKVK@gmail.com","shipToAddress":{"city":"BRIDGEWATER","country":"CA","state":"NS","address1":"Address 1","address2":"Address 2","zip":"B4V2K4"},"shippingMethod":{"href":"https://hydraqa.unicity.net/v5a-test/shippingmethods?type=UPS Ground"},"transactions":{"items":[{"amount":"this.terms.total","type":"AuthorizeAndCapture","method":"CreditCardAlias","methodDetails":{"alias":"this.customer.creditcardaliases[0].alias"}}]}}]},"rights":[]},"lines":{"items":[{"item":{"href":"https://hydraqa.unicity.net/v5a-test/items?id.unicity=26565"},"quantity":1}]},"shipToName":{"firstName":"TestFirstName","lastName":"TestLastName"},"shipToPhone":"9823746323","shipToEmail":"PYAKVK@gmail.com","shipToAddress":{"city":"BRIDGEWATER","country":"CA","state":"NS","address1":"Address 1","address2":"Address 2","zip":"B4V2K4"},"shippingMethod":{"href":"https://hydraqa.unicity.net/v5a-test/shippingmethods?type=UPS Ground"},"notes":"","transactions":{"items":[{"amount":"this.terms.total","type":"AuthorizeAndCapture","method":"CreditCard","methodDetails":{"creditCardNumber":"4111111111111111","payer":"CCNameTest","creditCardExpires":"2021-10","creditCardSecurityCode":"123"},"billToAddress":{"address1":"Address 1","address2":"Address 2","city":"BRIDGEWATER","state":"NS","zip":"B4V2K4","country":"CA"}},{"type":"AuthorizeAndCapture","method":"Coupon","methodDetails":{"code":"Fre3Aut0Sh!p"}}]}}
Entry response : {"meta":{"Link":"<http:\/\/unicity.github.io\/Hydra.php\/docs\/v5\/>; rel=\"help\"","X-Request-UUID":"1e443333-45de-9379-a3c5-2b4f39a02b11","X-Request-Release":"5-2021012101\/master","Cache-Control":"no-cache, must-revalidate","Expires":"0","X-Powered-By":"Luracast Restler v3.0.0rc5","Content-Type":"text\/javascript; charset=utf-8","Content-Language":"en","X-Status-Code":"402"},"data":{"error":{"code":402,"message":"Payment Required","error_code":"3009","error_message":"We failed to accept the credit card payment for the following reason: 'Valid security code required.' Error #B9W4A","upstream_error_message":"Valid security code required."}}}
Headers-->keep-alive
Headers-->2598
Headers-->application/json, text/plain, */*
Headers-->fr-CA
Headers-->application/json;charset=UTF-8
]]></system-out>
    <system-err><![CDATA[Starting ChromeDriver 2.36.540470 (e522d04694c7ebea4ba8821272dbef4f9b818c91) on port 34699
Only local connections are allowed.
Jan 21, 2021 1:47:37 PM org.openqa.selenium.remote.ProtocolHandshake createSession
INFO: Detected dialect: OSS
]]></system-err>
  </testcase>
  <testcase name="Enroll" classname="Tests.PrefferedCustomer" time="46.575">
    <failure message="Critical A-Z section not displaying" type="java.lang.AssertionError">java.lang.AssertionError: Critical A-Z section not displaying
	at Tests.PrefferedCustomer.Enroll(PrefferedCustomer.java:100)
</failure>
    <system-err><![CDATA[Starting ChromeDriver 2.36.540470 (e522d04694c7ebea4ba8821272dbef4f9b818c91) on port 20857
Only local connections are allowed.
Jan 21, 2021 1:50:54 PM org.openqa.selenium.remote.ProtocolHandshake createSession
INFO: Detected dialect: OSS
]]></system-err>
  </testcase>
  <testcase name="Enroll" classname="Tests.PrefferedCustomer" time="216.571">
    <failure message="Expected condition failed: waiting for element to no longer be visible: By.xpath: (//img[@src=&apos;assets/img/ajax-loader.gif&apos;])[1] (tried for 200 second(s) with 500 MILLISECONDS interval)&#10;Build info: version: &apos;3.8.1&apos;, revision: &apos;6e95a6684b&apos;, time: &apos;2017-12-01T18:33:54.468Z&apos;&#10;System info: host: &apos;QASERVER01&apos;, ip: &apos;10.2.0.23&apos;, os.name: &apos;Windows Server 2012 R2&apos;, os.arch: &apos;amd64&apos;, os.version: &apos;6.3&apos;, java.version: &apos;1.8.0_111&apos;&#10;Driver info: org.openqa.selenium.chrome.ChromeDriver&#10;Capabilities {acceptInsecureCerts: false, acceptSslCerts: false, applicationCacheEnabled: false, browserConnectionEnabled: false, browserName: chrome, chrome: {chromedriverVersion: 2.36.540470 (e522d04694c7eb..., userDataDir: C:\Users\sumancb\AppData\Lo...}, cssSelectorsEnabled: true, databaseEnabled: false, handlesAlerts: true, hasTouchScreen: false, javascriptEnabled: true, locationContextEnabled: true, mobileEmulationEnabled: false, nativeEvents: true, networkConnectionEnabled: false, pageLoadStrategy: normal, platform: XP, platformName: XP, rotatable: false, setWindowRect: true, takesHeapSnapshot: true, takesScreenshot: true, unexpectedAlertBehaviour: , unhandledPromptBehavior: , version: 87.0.4280.141, webStorageEnabled: true}&#10;Session ID: 0019869adb46388e2522d373667e0f7c" type="org.openqa.selenium.TimeoutException">org.openqa.selenium.TimeoutException: 
Expected condition failed: waiting for element to no longer be visible: By.xpath: (//img[@src='assets/img/ajax-loader.gif'])[1] (tried for 200 second(s) with 500 MILLISECONDS interval)
Build info: version: '3.8.1', revision: '6e95a6684b', time: '2017-12-01T18:33:54.468Z'
System info: host: 'QASERVER01', ip: '10.2.0.23', os.name: 'Windows Server 2012 R2', os.arch: 'amd64', os.version: '6.3', java.version: '1.8.0_111'
Driver info: org.openqa.selenium.chrome.ChromeDriver
Capabilities {acceptInsecureCerts: false, acceptSslCerts: false, applicationCacheEnabled: false, browserConnectionEnabled: false, browserName: chrome, chrome: {chromedriverVersion: 2.36.540470 (e522d04694c7eb..., userDataDir: C:\Users\sumancb\AppData\Lo...}, cssSelectorsEnabled: true, databaseEnabled: false, handlesAlerts: true, hasTouchScreen: false, javascriptEnabled: true, locationContextEnabled: true, mobileEmulationEnabled: false, nativeEvents: true, networkConnectionEnabled: false, pageLoadStrategy: normal, platform: XP, platformName: XP, rotatable: false, setWindowRect: true, takesHeapSnapshot: true, takesScreenshot: true, unexpectedAlertBehaviour: , unhandledPromptBehavior: , version: 87.0.4280.141, webStorageEnabled: true}
Session ID: 0019869adb46388e2522d373667e0f7c
	at Tests.PrefferedCustomer.Enroll(PrefferedCustomer.java:100)
</failure>
    <system-err><![CDATA[Starting ChromeDriver 2.36.540470 (e522d04694c7ebea4ba8821272dbef4f9b818c91) on port 21179
Only local connections are allowed.
Jan 21, 2021 1:51:47 PM org.openqa.selenium.remote.ProtocolHandshake createSession
INFO: Detected dialect: OSS
]]></system-err>
  </testcase>
  <testcase name="Enroll" classname="Tests.PrefferedCustomer" time="179.943"/>
  <testcase name="Enroll" classname="Tests.PrefferedCustomer" time="210.788"/>
  <testcase name="Enroll" classname="Tests.PrefferedCustomer" time="208.655"/>
  <testcase name="Enroll" classname="Tests.PrefferedCustomer" time="277.336"/>
  <testcase name="Enroll" classname="Tests.PrefferedCustomer" time="242.898"/>
  <testcase name="GetFit" classname="Tests.Fit" time="128.103"/>
  <testcase name="GetFit" classname="Tests.Fit" time="165.564"/>
  <testcase name="GetFit" classname="Tests.Fit" time="122.618">
    <failure message="Major Market expected [CA] but found [null]" type="java.lang.AssertionError">java.lang.AssertionError: Major Market expected [CA] but found [null]
	at Tests.Fit.GetFit(Fit.java:70)
</failure>
    <system-out><![CDATA[Start----CA-en
Request URL: https://hydraqa.unicity.net/v5a-test/customers.js?callback=angular.callbacks._1&expand=customer,profilePicture&id.unicity=2
Unicity [Date=Thu, 21 Jan 2021 21:21:10 GMT, Content-Type=text/javascript; charset=utf-8, Content-Length=1217, Connection=keep-alive, Set-Cookie=__cfduid=dd8ad6160cb64f1bbbb27eb0f9f0743791611264066; expires=Sat, 20-Feb-21 21:21:06 GMT; path=/; domain=.unicity.net; HttpOnly; SameSite=Lax, x-powered-by=Express, x-request-id=b3f2b50f-f71f-929c-9f3a-c0df081b4d78,b3f2b50f-f71f-929c-9f3a-c0df081b4d78, x-request-uuid=b3f2b50f-f71f-929c-9f3a-c0df081b4d78, x-request-release=5-2021012101/master, access-control-allow-origin=http://enroll.ng.unicityqa.com, vary=Accept-Encoding, link=<http://unicity.github.io/Hydra.php/docs/v5/>; rel="help", cache-control=no-cache, must-revalidate, expires=0, content-language=en-US, x-status-code=200, content-encoding=gzip, x-envoy-upstream-service-time=3810, etag=W/"4c1-Dn6bfMRiI68fcMH2SDBttweVdCc", access-control-expose-headers=x-b3-traceid, x-request-id, x-b3-traceid=fef6cf67ef41d48b, CF-Cache-Status=DYNAMIC, cf-request-id=07c86b9c3900007ad41f3c7000000001, Expect-CT=max-age=604800, report-uri="https://report-uri.cloudflare.com/cdn-cgi/beacon/expect-ct", Server=cloudflare, CF-RAY=615415405add7ad4-MCI]
sumanB4V2K4
{shipToAddress={zip=B4V2K4, country=CA, city=BRIDGEWATER, address1=Address 1, state=NS}, shippingMethod={href=https://hydraqa.unicity.net/v5a-test/shippingmethods?type=Canada Post}, lines={items=[{item={href=https://hydraqa.unicity.net/v5a-test/items?id.unicity=29147}, quantity=1}, {item={href=https://hydraqa.unicity.net/v5a-test/items?id.unicity=30738}, quantity=1}]}, transactions={items=[{method=Coupon, methodDetails={code=Fre3Aut0Sh!p}, type=AuthorizeAndCapture}]}, customer={href=https://hydraqa.unicity.net/v5a-test/customers?type=Associate}}
kalyanB4V2K4
Request URL: https://hydraqa.unicity.net/v5a-test/addresses?country=CA&zip=B4V2K4
Entry response : {"items":[{"address1":"","address2":"","city":"Bridgewater","state":"NS","zip":"B4V2K4","country":"CA"}]}
{sponsor=2, gender=male, city=BRIDGEWATER, signature=TestSignature, enroller=2, responsedob=1999-06-28, language=English, locale=en, type=GetFit, platform=QA, lname=TestLastName, password=Unicity, genderoption=Male, Currency=USD, api=4, state=[NS], email=ZICBYZ@gmail.com, zip=B4V2K4, fname=TestFirstName, prefferd=Canada, address2=Address 2, address1=Address 1, shippingmethod=type=Canada Post, version=v5a-test/, testcase=getfit, market=Canada, aritemcode=29147, referral=yes, phone=9823746323, dob=06/28/1999, proto=https://hydraqa.unicity.net/, marketcode=CA, ccname=CCNameTest}
Request URL: https://hydraqa.unicity.net/v5a-test/orders.js
Entry request : {"customer":{"mainAddress":{"city":"BRIDGEWATER","country":"CA","state":"NS","zip":"B4V2K4","address1":"Address 1","address2":"Address 2"},"humanName":{"firstName":"TestFirstName","lastName":"TestLastName"},"email":"ZICBYZ@gmail.com","preferredLocale":"en-CA","password":{"value":"Unicity"},"gender":"male","maritalStatus":null,"type":"Associate","creditcardaliases":[{"methodDetails":{"creditCardNumber":"4111111111111111","payer":"TestFirstName TestLastName","creditCardExpires":"2021-10"},"billToName":{"firstName":"TestFirstName","lastName":"TestLastName"},"billToAddress":{"address1":"Address 1","address2":"Address 2","city":"BRIDGEWATER","state":"NS","zip":"B4V2K4","country":"CA"}}],"events":["customer-coach-request"],"sponsor":{"href":"https://hydraqa.unicity.net/v5a-test/customers?id.unicity=2"},"enroller":{"href":"https://hydraqa.unicity.net/v5a-test/customers?id.unicity=2"},"homePhone":"9823746323","birthDate":"1999-06-28","autoorders":{"items":[{"recurrence":{"schedule":{"month":"*","dayOfMonth":"5"},"status":"Enabled"},"lines":{"items":[{"item":{"href":"https://hydraqa.unicity.net/v5a-test/items?id.unicity=29147"},"quantity":1}]},"shipToName":{"firstName":"TestFirstName","lastName":"TestLastName"},"shipToPhone":"9823746323","shipToEmail":"ZICBYZ@gmail.com","shipToAddress":{"city":"BRIDGEWATER","country":"CA","state":"NS","address1":"Address 1","address2":"Address 2","zip":"B4V2K4"},"shippingMethod":{"href":"https://hydraqa.unicity.net/v5a-test/shippingmethods?type=Canada Post"},"transactions":{"items":[{"amount":"this.terms.total","type":"AuthorizeAndCapture","method":"CreditCardAlias","methodDetails":{"alias":"this.customer.creditcardaliases[0].alias"}}]}}]},"rights":[{"holder":"Unicity","type":"SendEmails"}],"signature":{"value":"TestSignature"}},"lines":{"items":[{"item":{"href":"https://hydraqa.unicity.net/v5a-test/items?id.unicity=29147"},"quantity":1},{"item":{"href":"https://hydraqa.unicity.net/v5a-test/items?id.unicity=30738"},"quantity":1}]},"shipToName":{"firstName":"TestFirstName","lastName":"TestLastName"},"shipToPhone":"9823746323","shipToEmail":"ZICBYZ@gmail.com","shipToAddress":{"city":"BRIDGEWATER","country":"CA","state":"NS","address1":"Address 1","address2":"Address 2","zip":"B4V2K4"},"shippingMethod":{"href":"https://hydraqa.unicity.net/v5a-test/shippingmethods?type=Canada Post"},"notes":"","transactions":{"items":[{"amount":"this.terms.total","type":"AuthorizeAndCapture","method":"CreditCard","methodDetails":{"creditCardNumber":"4111111111111111","payer":"CCNameTest","creditCardExpires":"2021-10","creditCardSecurityCode":"123"},"billToAddress":{"address1":"Address 1","address2":"Address 2","city":"BRIDGEWATER","state":"NS","zip":"B4V2K4","country":"CA"}},{"type":"AuthorizeAndCapture","method":"Coupon","methodDetails":{"code":"Fre3Aut0Sh!p"}}]}}
Entry response : {"meta":{"Link":"<http:\/\/unicity.github.io\/Hydra.php\/docs\/v5\/>; rel=\"help\"","X-Request-UUID":"3f8ef776-26d4-932b-b6c6-753a8253c57b","X-Request-Release":"5-2021012101\/master","Cache-Control":"no-cache, must-revalidate","Expires":"0","X-Powered-By":"Luracast Restler v3.0.0rc5","Content-Type":"text\/javascript; charset=utf-8","Content-Language":"en-US","X-Status-Code":"402"},"data":{"error":{"code":402,"message":"Payment Required","error_code":"3009","error_message":"We failed to accept the credit card payment for the following reason: 'Valid security code required.' Error #D4B4C","upstream_error_message":"Valid security code required."}}}
]]></system-out>
    <system-err><![CDATA[Starting ChromeDriver 2.36.540470 (e522d04694c7ebea4ba8821272dbef4f9b818c91) on port 26588
Only local connections are allowed.
Jan 21, 2021 2:19:51 PM org.openqa.selenium.remote.ProtocolHandshake createSession
INFO: Detected dialect: OSS
]]></system-err>
  </testcase>
  <testcase name="GetFit" classname="Tests.Fit" time="123.993">
    <failure message="Major Market expected [CA] but found [null]" type="java.lang.AssertionError">java.lang.AssertionError: Major Market expected [CA] but found [null]
	at Tests.Fit.GetFit(Fit.java:70)
</failure>
    <system-out><![CDATA[Start----CA-fr
Request URL: https://hydraqa.unicity.net/v5a-test/customers.js?callback=angular.callbacks._1&expand=customer,profilePicture&id.unicity=2
Unicity [Date=Thu, 21 Jan 2021 21:23:20 GMT, Content-Type=text/javascript; charset=utf-8, Content-Length=1217, Connection=keep-alive, Set-Cookie=__cfduid=d98ae19ee6740a079d0c96ad1b11a66731611264196; expires=Sat, 20-Feb-21 21:23:16 GMT; path=/; domain=.unicity.net; HttpOnly; SameSite=Lax, x-powered-by=Express, x-request-id=13b3c643-9e3e-93b8-8ffd-05c7c954c13b,13b3c643-9e3e-93b8-8ffd-05c7c954c13b, x-request-uuid=13b3c643-9e3e-93b8-8ffd-05c7c954c13b, x-request-release=5-2021012101/master, access-control-allow-origin=http://enroll.ng.unicityqa.com, vary=Accept-Encoding, link=<http://unicity.github.io/Hydra.php/docs/v5/>; rel="help", cache-control=no-cache, must-revalidate, expires=0, content-language=en-US, x-status-code=200, content-encoding=gzip, x-envoy-upstream-service-time=3669, etag=W/"4c1-R+QOUDtzfgOEStbG9G2FpF5axSU", access-control-expose-headers=x-b3-traceid, x-request-id, x-b3-traceid=0363a4a8fcb9c692, CF-Cache-Status=DYNAMIC, cf-request-id=07c86d96ce0000fbc891bae000000001, Expect-CT=max-age=604800, report-uri="https://report-uri.cloudflare.com/cdn-cgi/beacon/expect-ct", Server=cloudflare, CF-RAY=6154186aef7cfbc8-MCI]
sumanB4V2K4
{shipToAddress={zip=B4V2K4, country=CA, city=BRIDGEWATER, address1=Address 1, state=NS}, shippingMethod={href=https://hydraqa.unicity.net/v5a-test/shippingmethods?type=Canada Post}, lines={items=[{item={href=https://hydraqa.unicity.net/v5a-test/items?id.unicity=29147}, quantity=1}, {item={href=https://hydraqa.unicity.net/v5a-test/items?id.unicity=30738}, quantity=1}]}, transactions={items=[{method=Coupon, methodDetails={code=Fre3Aut0Sh!p}, type=AuthorizeAndCapture}]}, customer={href=https://hydraqa.unicity.net/v5a-test/customers?type=Associate}}
kalyanB4V2K4
Request URL: https://hydraqa.unicity.net/v5a-test/addresses?country=CA&zip=B4V2K4
Entry response : {"items":[{"address1":"","address2":"","city":"Bridgewater","state":"NS","zip":"B4V2K4","country":"CA"}]}
{sponsor=2, gender=female, city=BRIDGEWATER, signature=TestSignature, enroller=2, responsedob=1995-03-13, language=Français, locale=fr, type=GetFit, platform=QA, lname=TestLastName, password=Unicity, genderoption=Femme, Currency=USD, api=4, state=[NS], email=FLRAIX@gmail.com, zip=B4V2K4, fname=TestFirstName, prefferd=Canada, address2=Address 2, address1=Address 1, shippingmethod=type=Canada Post, version=v5a-test/, testcase=getfit, market=Canada, aritemcode=29147, referral=yes, phone=9823746323, dob=03/13/1995, proto=https://hydraqa.unicity.net/, marketcode=CA, ccname=CCNameTest}
Request URL: https://hydraqa.unicity.net/v5a-test/orders.js
Entry request : {"customer":{"mainAddress":{"city":"BRIDGEWATER","country":"CA","state":"NS","zip":"B4V2K4","address1":"Address 1","address2":"Address 2"},"humanName":{"firstName":"TestFirstName","lastName":"TestLastName"},"email":"FLRAIX@gmail.com","preferredLocale":"fr-CA","password":{"value":"Unicity"},"gender":"female","maritalStatus":null,"type":"Associate","creditcardaliases":[{"methodDetails":{"creditCardNumber":"4111111111111111","payer":"TestFirstName TestLastName","creditCardExpires":"2021-10"},"billToName":{"firstName":"TestFirstName","lastName":"TestLastName"},"billToAddress":{"address1":"Address 1","address2":"Address 2","city":"BRIDGEWATER","state":"NS","zip":"B4V2K4","country":"CA"}}],"events":["customer-coach-request"],"sponsor":{"href":"https://hydraqa.unicity.net/v5a-test/customers?id.unicity=2"},"enroller":{"href":"https://hydraqa.unicity.net/v5a-test/customers?id.unicity=2"},"homePhone":"9823746323","birthDate":"1995-03-13","autoorders":{"items":[{"recurrence":{"schedule":{"month":"*","dayOfMonth":"5"},"status":"Enabled"},"lines":{"items":[{"item":{"href":"https://hydraqa.unicity.net/v5a-test/items?id.unicity=29147"},"quantity":1}]},"shipToName":{"firstName":"TestFirstName","lastName":"TestLastName"},"shipToPhone":"9823746323","shipToEmail":"FLRAIX@gmail.com","shipToAddress":{"city":"BRIDGEWATER","country":"CA","state":"NS","address1":"Address 1","address2":"Address 2","zip":"B4V2K4"},"shippingMethod":{"href":"https://hydraqa.unicity.net/v5a-test/shippingmethods?type=Canada Post"},"transactions":{"items":[{"amount":"this.terms.total","type":"AuthorizeAndCapture","method":"CreditCardAlias","methodDetails":{"alias":"this.customer.creditcardaliases[0].alias"}}]}}]},"rights":[{"holder":"Unicity","type":"SendEmails"}],"signature":{"value":"TestSignature"}},"lines":{"items":[{"item":{"href":"https://hydraqa.unicity.net/v5a-test/items?id.unicity=29147"},"quantity":1},{"item":{"href":"https://hydraqa.unicity.net/v5a-test/items?id.unicity=30738"},"quantity":1}]},"shipToName":{"firstName":"TestFirstName","lastName":"TestLastName"},"shipToPhone":"9823746323","shipToEmail":"FLRAIX@gmail.com","shipToAddress":{"city":"BRIDGEWATER","country":"CA","state":"NS","address1":"Address 1","address2":"Address 2","zip":"B4V2K4"},"shippingMethod":{"href":"https://hydraqa.unicity.net/v5a-test/shippingmethods?type=Canada Post"},"notes":"","transactions":{"items":[{"amount":"this.terms.total","type":"AuthorizeAndCapture","method":"CreditCard","methodDetails":{"creditCardNumber":"4111111111111111","payer":"CCNameTest","creditCardExpires":"2021-10","creditCardSecurityCode":"123"},"billToAddress":{"address1":"Address 1","address2":"Address 2","city":"BRIDGEWATER","state":"NS","zip":"B4V2K4","country":"CA"}},{"type":"AuthorizeAndCapture","method":"Coupon","methodDetails":{"code":"Fre3Aut0Sh!p"}}]}}
Entry response : {"meta":{"Link":"<http:\/\/unicity.github.io\/Hydra.php\/docs\/v5\/>; rel=\"help\"","X-Request-UUID":"d34a3151-cd34-9084-a46e-49ff5f1d45a9","X-Request-Release":"5-2021012101\/master","Cache-Control":"no-cache, must-revalidate","Expires":"0","X-Powered-By":"Luracast Restler v3.0.0rc5","Content-Type":"text\/javascript; charset=utf-8","Content-Language":"en-US","X-Status-Code":"402"},"data":{"error":{"code":402,"message":"Payment Required","error_code":"3009","error_message":"We failed to accept the credit card payment for the following reason: 'Valid security code required.' Error #A7G6R","upstream_error_message":"Valid security code required."}}}
]]></system-out>
    <system-err><![CDATA[Starting ChromeDriver 2.36.540470 (e522d04694c7ebea4ba8821272dbef4f9b818c91) on port 39270
Only local connections are allowed.
Jan 21, 2021 2:22:02 PM org.openqa.selenium.remote.ProtocolHandshake createSession
INFO: Detected dialect: OSS
]]></system-err>
  </testcase>
  <testcase name="GetFit" classname="Tests.Fit" time="174.201"/>
  <testcase name="Patient" classname="Tests.PatientPortal" time="237.851"/>
  <testcase name="Patient" classname="Tests.PatientPortal" time="256.886"/>
  <testcase name="Patient" classname="Tests.PatientPortal" time="173.756">
    <failure message="Major Market expected [CA] but found [null]" type="java.lang.AssertionError">java.lang.AssertionError: Major Market expected [CA] but found [null]
	at Tests.PatientPortal.Patient(PatientPortal.java:66)
</failure>
    <system-out><![CDATA[Request URL: https://hydraqa.unicity.net/v5a-test/quotes?&expand=item
Entry Quotes response : {"items":[{"lines":{"items":[{"item":{"href":"https://hydraqa.unicity.net/v5a-test/items/dad64fe505c34e906dad58cc9d6b0213","id":{"unicity":"27183"}},"quantity":1,"terms":{"priceEach":1995,"taxEach":{"amount":0},"discountEach":{"amount":0},"pvEach":1000},"quantityLimit":{"quantityQuota":-1,"timeFrameDays":-1,"quantityOrdered":0}}]},"currency":"CAD"},{"lines":{"items":[{"item":{"href":"https://hydraqa.unicity.net/v5a-test/items/bb1a7c3a2902e2cbc4cb2a22fdf1f499","id":{"unicity":"26993"}},"quantity":1,"terms":{"priceEach":284,"taxEach":{"amount":0},"discountEach":{"amount":0},"pvEach":150},"quantityLimit":{"quantityQuota":-1,"timeFrameDays":-1,"quantityOrdered":0}}]},"currency":"CAD"},{"lines":{"items":[{"item":{"href":"https://hydraqa.unicity.net/v5a-test/items/4b1b6b6007d154296fd6c4044c789f67","id":{"unicity":"28329"}},"quantity":1,"terms":{"priceEach":284,"taxEach":{"amount":0},"discountEach":{"amount":0},"pvEach":150},"quantityLimit":{"quantityQuota":-1,"timeFrameDays":-1,"quantityOrdered":0}}]},"currency":"CAD"},{"lines":{"items":[{"item":{"href":"https://hydraqa.unicity.net/v5a-test/items/46ea1edabdcf18f49817c437346958eb","id":{"unicity":"29147"}},"quantity":1,"terms":{"priceEach":85,"taxEach":{"amount":0},"discountEach":{"amount":0},"pvEach":33},"quantityLimit":{"quantityQuota":-1,"timeFrameDays":-1,"quantityOrdered":0}}]},"currency":"CAD"},{"lines":{"items":[{"item":{"href":"https://hydraqa.unicity.net/v5a-test/items/e77144fa2fcf6a4dc73c15b4d615c1aa","id":{"unicity":"28437"}},"quantity":1,"terms":{"priceEach":85,"taxEach":{"amount":0},"discountEach":{"amount":0},"pvEach":33},"quantityLimit":{"quantityQuota":-1,"timeFrameDays":-1,"quantityOrdered":0}}]},"currency":"CAD"},{"lines":{"items":[{"item":{"href":"https://hydraqa.unicity.net/v5a-test/items/8407b62b9c4120aa3dfe25c9feb76e4a","id":{"unicity":"28591"}},"quantity":1,"terms":{"priceEach":24,"taxEach":{"amount":0},"discountEach":{"amount":0},"pvEach":15},"quantityLimit":{"quantityQuota":-1,"timeFrameDays":-1,"quantityOrdered":0}}]},"currency":"CAD"},{"lines":{"items":[{"item":{"href":"https://hydraqa.unicity.net/v5a-test/items/10da226fab00279b4f89df10af2a10b7","id":{"unicity":"26442"}},"quantity":1,"terms":{"priceEach":10,"taxEach":{"amount":0},"discountEach":{"amount":0},"pvEach":0},"quantityLimit":{"quantityQuota":-1,"timeFrameDays":-1,"quantityOrdered":0}}]},"currency":"CAD"},{"lines":{"items":[{"item":{"href":"https://hydraqa.unicity.net/v5a-test/items/576e0ebc8d1f5b26fc89bf3cd47a26c6","id":{"unicity":"26572"}},"quantity":1,"terms":{"priceEach":110,"taxEach":{"amount":0},"discountEach":{"amount":0},"pvEach":56},"quantityLimit":{"quantityQuota":-1,"timeFrameDays":-1,"quantityOrdered":0}}]},"currency":"CAD"},{"lines":{"items":[{"item":{"href":"https://hydraqa.unicity.net/v5a-test/items/60b5ca15c481444657970edde11b04ce","id":{"unicity":"26571"}},"quantity":1,"terms":{"priceEach":110,"taxEach":{"amount":0},"discountEach":{"amount":0},"pvEach":56},"quantityLimit":{"quantityQuota":-1,"timeFrameDays":-1,"quantityOrdered":0}}]},"currency":"CAD"},{"lines":{"items":[{"item":{"href":"https://hydraqa.unicity.net/v5a-test/items/2ffc1563d3d0fd7121ca5b1c2184988e","id":{"unicity":"28428"}},"quantity":1,"terms":{"priceEach":111,"taxEach":{"amount":0},"discountEach":{"amount":0},"pvEach":62},"quantityLimit":{"quantityQuota":-1,"timeFrameDays":-1,"quantityOrdered":0}}]},"currency":"CAD"},{"lines":{"items":[{"item":{"href":"https://hydraqa.unicity.net/v5a-test/items/637af131553f5822bef2bb0f0577b2e9","id":{"unicity":"28160"}},"quantity":1,"terms":{"priceEach":118,"taxEach":{"amount":0},"discountEach":{"amount":0},"pvEach":62},"quantityLimit":{"quantityQuota":-1,"timeFrameDays":-1,"quantityOrdered":0}}]},"currency":"CAD"},{"lines":{"items":[{"item":{"href":"https://hydraqa.unicity.net/v5a-test/items/c4744f6ba328b983bfffc7e1e4416ff3","id":{"unicity":"26565"}},"quantity":1,"terms":{"priceEach":117,"taxEach":{"amount":0},"discountEach":{"amount":0},"pvEach":64},"quantityLimit":{"quantityQuota":-1,"timeFrameDays":-1,"quantityOrdered":0}}]},"currency":"CAD"}]}
Entry request : {"order":{"customer":{"href":"https://hydraqa.unicity.net/v5a-test/customers?type=PreferredCustomer"},"shipToAddress":{"country":"CA"}},"vary":{"lines":{"items":[{"item":{"href":"https://hydraqa.unicity.net/v5a-test/items?id.unicity=27183|27184|27185|28326|28327|28328|26993|26995|28329|28331|24418|29147|28437|28591|26442|28370|26572|26571|28428|28160|26565"}}]}}}
Request URL: https://hydraqa.unicity.net/v5a-test/customers.js?callback=angular.callbacks._1&expand=customer,profilePicture&id.unicity=2
Request URL: https://hydraqa.unicity.net/v5a-test/customers.js?_httpMethod=HEAD&callback=angular.callbacks._4&email=PMXHAD@gmail.com
Unicity [Date=Thu, 21 Jan 2021 21:37:53 GMT, Content-Type=text/javascript; charset=utf-8, Content-Length=1144, Connection=keep-alive, Set-Cookie=__cfduid=dc1bda52429a1c4c7b2edaa4395e7d5ef1611265069; expires=Sat, 20-Feb-21 21:37:49 GMT; path=/; domain=.unicity.net; HttpOnly; SameSite=Lax, x-powered-by=Express, x-request-id=42904d09-60bb-9e58-aa0a-35296f6734ba,42904d09-60bb-9e58-aa0a-35296f6734ba, x-request-uuid=42904d09-60bb-9e58-aa0a-35296f6734ba, x-request-release=5-2021012101/master, access-control-allow-origin=http://enroll.ng.unicityqa.com, vary=Accept-Encoding, link=<http://unicity.github.io/Hydra.php/docs/v5/>; rel="help", cache-control=no-cache, must-revalidate, expires=0, content-language=en-US, x-status-code=200, content-encoding=gzip, x-envoy-upstream-service-time=3733, etag=W/"478-F5/p+SDKZ+ucoLh1sm4nHCOQ//g", access-control-expose-headers=x-b3-traceid, x-request-id, x-b3-traceid=3da3148e7400ca45, CF-Cache-Status=DYNAMIC, cf-request-id=07c87ae8f60000fbb08a0c1000000001, Expect-CT=max-age=604800, report-uri="https://report-uri.cloudflare.com/cdn-cgi/beacon/expect-ct", Server=cloudflare, CF-RAY=61542dbb1f54fbb0-MCI]
sumanB4V2K4
{shipToAddress={zip=B4V2K4, country=CA, city=BRIDGEWATER, address1=Address 1, state=NS}, shippingMethod={href=https://hydraqa.unicity.net/v5a-test/shippingmethods?type=Canada Post}, lines={items=[{item={href=https://hydraqa.unicity.net/v5a-test/items?id.unicity=26442}, quantity=1}]}, transactions={items=[{method=Coupon, methodDetails={code=Fre3Aut0Sh!p}, type=AuthorizeAndCapture}]}, customer={href=https://hydraqa.unicity.net/v5a-test/customers?type=PreferredCustomer}}
kalyanB4V2K4
Request URL: https://hydraqa.unicity.net/v5a-test/addresses?country=CA&zip=B4V2K4
Entry response : {"items":[{"address1":"","address2":"","city":"Bridgewater","state":"NS","zip":"B4V2K4","country":"CA"}]}
{sponsor=2, gender=male, city=BRIDGEWATER, cartprice=10.0, enroller=2, arpack=Balance Cholesterol, language=English, locale=en, type=PreferredCustomer, platform=QA, lname=TestLastName, password=Unicity, genderoption=Male, Currency=USD, api=4, state=[NS], email=PMXHAD@gmail.com, zip=B4V2K4, fname=TestFirstName, prefferd=Canada, address2=Address 2, address1=Address 1, shippingmethod=type=Canada Post, version=v5a-test/, testcase=PatientPortal, market=Canada, aritemcode=26565, referral=yes, martial=Single, phone=9823746323, proto=https://hydraqa.unicity.net/, marketcode=CA, maritaloption=Single, ccname=CCNameTest}
Request URL: https://hydraqa.unicity.net/v5a-test/orders.js
Entry request : {"customer":{"mainAddress":{"city":"BRIDGEWATER","country":"CA","state":"NS","zip":"B4V2K4","address1":"Address 1","address2":"Address 2"},"humanName":{"firstName":"TestFirstName","lastName":"TestLastName"},"email":"PMXHAD@gmail.com","preferredLocale":"en-CA","password":{"value":"Unicity"},"gender":"male","maritalStatus":"Single","type":"PreferredCustomer","creditcardaliases":[{"methodDetails":{"creditCardNumber":"4111111111111111","payer":"TestFirstName TestLastName","creditCardExpires":"2021-10"},"billToName":{"firstName":"TestFirstName","lastName":"TestLastName"},"billToAddress":{"address1":"Address 1","address2":"Address 2","city":"BRIDGEWATER","state":"NS","zip":"B4V2K4","country":"CA"}}],"sponsor":{"href":"https://hydraqa.unicity.net/v5a-test/customers?id.unicity=2"},"enroller":{"href":"https://hydraqa.unicity.net/v5a-test/customers?id.unicity=2"},"homePhone":"9823746323","autoorders":{"items":[{"recurrence":{"schedule":{"month":"*","dayOfMonth":"5"},"status":"Enabled"},"lines":{"items":[{"item":{"href":"https://hydraqa.unicity.net/v5a-test/items?id.unicity=26565"},"quantity":1}]},"shipToName":{"firstName":"TestFirstName","lastName":"TestLastName"},"shipToPhone":"9823746323","shipToEmail":"PMXHAD@gmail.com","shipToAddress":{"city":"BRIDGEWATER","country":"CA","state":"NS","address1":"Address 1","address2":"Address 2","zip":"B4V2K4"},"shippingMethod":{"href":"https://hydraqa.unicity.net/v5a-test/shippingmethods?type=Canada Post"},"transactions":{"items":[{"amount":"this.terms.total","type":"AuthorizeAndCapture","method":"CreditCardAlias","methodDetails":{"alias":"this.customer.creditcardaliases[0].alias"}}]}}]},"rights":[]},"lines":{"items":[{"item":{"href":"https://hydraqa.unicity.net/v5a-test/items?id.unicity=26442"},"quantity":1}]},"shipToName":{"firstName":"TestFirstName","lastName":"TestLastName"},"shipToPhone":"9823746323","shipToEmail":"PMXHAD@gmail.com","shipToAddress":{"city":"BRIDGEWATER","country":"CA","state":"NS","address1":"Address 1","address2":"Address 2","zip":"B4V2K4"},"shippingMethod":{"href":"https://hydraqa.unicity.net/v5a-test/shippingmethods?type=Canada Post"},"notes":"","transactions":{"items":[{"amount":"this.terms.total","type":"AuthorizeAndCapture","method":"CreditCard","methodDetails":{"creditCardNumber":"4111111111111111","payer":"CCNameTest","creditCardExpires":"2021-10","creditCardSecurityCode":"123"},"billToAddress":{"address1":"Address 1","address2":"Address 2","city":"BRIDGEWATER","state":"NS","zip":"B4V2K4","country":"CA"}},{"type":"AuthorizeAndCapture","method":"Coupon","methodDetails":{"code":"Fre3Aut0Sh!p"}}]}}
Entry response : {"meta":{"Link":"<http:\/\/unicity.github.io\/Hydra.php\/docs\/v5\/>; rel=\"help\"","X-Request-UUID":"4ec87aeb-33f6-943d-8f4b-51f9f9f92396","X-Request-Release":"5-2021012101\/master","Cache-Control":"no-cache, must-revalidate","Expires":"0","X-Powered-By":"Luracast Restler v3.0.0rc5","Content-Type":"text\/javascript; charset=utf-8","Content-Language":"en","X-Status-Code":"402"},"data":{"error":{"code":402,"message":"Payment Required","error_code":"3009","error_message":"We failed to accept the credit card payment for the following reason: 'Valid security code required.' Error #Y4D9Y","upstream_error_message":"Valid security code required."}}}
Headers-->keep-alive
Headers-->2599
Headers-->application/json, text/plain, */*
Headers-->en-CA
Headers-->application/json;charset=UTF-8
]]></system-out>
    <system-err><![CDATA[Starting ChromeDriver 2.36.540470 (e522d04694c7ebea4ba8821272dbef4f9b818c91) on port 28327
Only local connections are allowed.
Jan 21, 2021 2:35:44 PM org.openqa.selenium.remote.ProtocolHandshake createSession
INFO: Detected dialect: OSS
]]></system-err>
  </testcase>
  <testcase name="Patient" classname="Tests.PatientPortal" time="175.24">
    <failure message="Major Market expected [CA] but found [null]" type="java.lang.AssertionError">java.lang.AssertionError: Major Market expected [CA] but found [null]
	at Tests.PatientPortal.Patient(PatientPortal.java:66)
</failure>
    <system-out><![CDATA[Request URL: https://hydraqa.unicity.net/v5a-test/quotes?&expand=item
Entry Quotes response : {"items":[{"lines":{"items":[{"item":{"href":"https://hydraqa.unicity.net/v5a-test/items/dad64fe505c34e906dad58cc9d6b0213","id":{"unicity":"27183"}},"quantity":1,"terms":{"priceEach":1995,"taxEach":{"amount":0},"discountEach":{"amount":0},"pvEach":1000},"quantityLimit":{"quantityQuota":-1,"timeFrameDays":-1,"quantityOrdered":0}}]},"currency":"CAD"},{"lines":{"items":[{"item":{"href":"https://hydraqa.unicity.net/v5a-test/items/bb1a7c3a2902e2cbc4cb2a22fdf1f499","id":{"unicity":"26993"}},"quantity":1,"terms":{"priceEach":284,"taxEach":{"amount":0},"discountEach":{"amount":0},"pvEach":150},"quantityLimit":{"quantityQuota":-1,"timeFrameDays":-1,"quantityOrdered":0}}]},"currency":"CAD"},{"lines":{"items":[{"item":{"href":"https://hydraqa.unicity.net/v5a-test/items/4b1b6b6007d154296fd6c4044c789f67","id":{"unicity":"28329"}},"quantity":1,"terms":{"priceEach":284,"taxEach":{"amount":0},"discountEach":{"amount":0},"pvEach":150},"quantityLimit":{"quantityQuota":-1,"timeFrameDays":-1,"quantityOrdered":0}}]},"currency":"CAD"},{"lines":{"items":[{"item":{"href":"https://hydraqa.unicity.net/v5a-test/items/46ea1edabdcf18f49817c437346958eb","id":{"unicity":"29147"}},"quantity":1,"terms":{"priceEach":85,"taxEach":{"amount":0},"discountEach":{"amount":0},"pvEach":33},"quantityLimit":{"quantityQuota":-1,"timeFrameDays":-1,"quantityOrdered":0}}]},"currency":"CAD"},{"lines":{"items":[{"item":{"href":"https://hydraqa.unicity.net/v5a-test/items/e77144fa2fcf6a4dc73c15b4d615c1aa","id":{"unicity":"28437"}},"quantity":1,"terms":{"priceEach":85,"taxEach":{"amount":0},"discountEach":{"amount":0},"pvEach":33},"quantityLimit":{"quantityQuota":-1,"timeFrameDays":-1,"quantityOrdered":0}}]},"currency":"CAD"},{"lines":{"items":[{"item":{"href":"https://hydraqa.unicity.net/v5a-test/items/8407b62b9c4120aa3dfe25c9feb76e4a","id":{"unicity":"28591"}},"quantity":1,"terms":{"priceEach":24,"taxEach":{"amount":0},"discountEach":{"amount":0},"pvEach":15},"quantityLimit":{"quantityQuota":-1,"timeFrameDays":-1,"quantityOrdered":0}}]},"currency":"CAD"},{"lines":{"items":[{"item":{"href":"https://hydraqa.unicity.net/v5a-test/items/10da226fab00279b4f89df10af2a10b7","id":{"unicity":"26442"}},"quantity":1,"terms":{"priceEach":10,"taxEach":{"amount":0},"discountEach":{"amount":0},"pvEach":0},"quantityLimit":{"quantityQuota":-1,"timeFrameDays":-1,"quantityOrdered":0}}]},"currency":"CAD"},{"lines":{"items":[{"item":{"href":"https://hydraqa.unicity.net/v5a-test/items/576e0ebc8d1f5b26fc89bf3cd47a26c6","id":{"unicity":"26572"}},"quantity":1,"terms":{"priceEach":110,"taxEach":{"amount":0},"discountEach":{"amount":0},"pvEach":56},"quantityLimit":{"quantityQuota":-1,"timeFrameDays":-1,"quantityOrdered":0}}]},"currency":"CAD"},{"lines":{"items":[{"item":{"href":"https://hydraqa.unicity.net/v5a-test/items/60b5ca15c481444657970edde11b04ce","id":{"unicity":"26571"}},"quantity":1,"terms":{"priceEach":110,"taxEach":{"amount":0},"discountEach":{"amount":0},"pvEach":56},"quantityLimit":{"quantityQuota":-1,"timeFrameDays":-1,"quantityOrdered":0}}]},"currency":"CAD"},{"lines":{"items":[{"item":{"href":"https://hydraqa.unicity.net/v5a-test/items/2ffc1563d3d0fd7121ca5b1c2184988e","id":{"unicity":"28428"}},"quantity":1,"terms":{"priceEach":111,"taxEach":{"amount":0},"discountEach":{"amount":0},"pvEach":62},"quantityLimit":{"quantityQuota":-1,"timeFrameDays":-1,"quantityOrdered":0}}]},"currency":"CAD"},{"lines":{"items":[{"item":{"href":"https://hydraqa.unicity.net/v5a-test/items/637af131553f5822bef2bb0f0577b2e9","id":{"unicity":"28160"}},"quantity":1,"terms":{"priceEach":118,"taxEach":{"amount":0},"discountEach":{"amount":0},"pvEach":62},"quantityLimit":{"quantityQuota":-1,"timeFrameDays":-1,"quantityOrdered":0}}]},"currency":"CAD"},{"lines":{"items":[{"item":{"href":"https://hydraqa.unicity.net/v5a-test/items/c4744f6ba328b983bfffc7e1e4416ff3","id":{"unicity":"26565"}},"quantity":1,"terms":{"priceEach":117,"taxEach":{"amount":0},"discountEach":{"amount":0},"pvEach":64},"quantityLimit":{"quantityQuota":-1,"timeFrameDays":-1,"quantityOrdered":0}}]},"currency":"CAD"}]}
Entry request : {"order":{"customer":{"href":"https://hydraqa.unicity.net/v5a-test/customers?type=PreferredCustomer"},"shipToAddress":{"country":"CA"}},"vary":{"lines":{"items":[{"item":{"href":"https://hydraqa.unicity.net/v5a-test/items?id.unicity=27183|27184|27185|28326|28327|28328|26993|26995|28329|28331|24418|29147|28437|28591|26442|28370|26572|26571|28428|28160|26565"}}]}}}
Request URL: https://hydraqa.unicity.net/v5a-test/customers.js?callback=angular.callbacks._1&expand=customer,profilePicture&id.unicity=2
Request URL: https://hydraqa.unicity.net/v5a-test/customers.js?_httpMethod=HEAD&callback=angular.callbacks._4&email=JBXHXF@gmail.com
Unicity [Date=Thu, 21 Jan 2021 21:40:55 GMT, Content-Type=text/javascript; charset=utf-8, Content-Length=1368, Connection=keep-alive, Set-Cookie=__cfduid=d3004d4a98e27771aacb7ccfc306bae9e1611265251; expires=Sat, 20-Feb-21 21:40:51 GMT; path=/; domain=.unicity.net; HttpOnly; SameSite=Lax, x-powered-by=Express, x-request-id=69e5b3ce-aad5-93d6-bad1-fed12db29b82,69e5b3ce-aad5-93d6-bad1-fed12db29b82, x-request-uuid=69e5b3ce-aad5-93d6-bad1-fed12db29b82, x-request-release=5-2021012101/master, access-control-allow-origin=http://enroll.ng.unicityqa.com, vary=Accept-Encoding, link=<http://unicity.github.io/Hydra.php/docs/v5/>; rel="help", cache-control=no-cache, must-revalidate, expires=0, content-language=en-US, x-status-code=200, content-encoding=gzip, x-envoy-upstream-service-time=3807, etag=W/"558-VyC4pEio03hjR7GAZ7HAQzQ3Y/M", access-control-expose-headers=x-b3-traceid, x-request-id, x-b3-traceid=bb1c66113efae284, CF-Cache-Status=DYNAMIC, cf-request-id=07c87db0f60000fbbc2294f000000001, Expect-CT=max-age=604800, report-uri="https://report-uri.cloudflare.com/cdn-cgi/beacon/expect-ct", Server=cloudflare, CF-RAY=6154322e5d6ffbbc-MCI]
sumanB4V2K4
{shipToAddress={zip=B4V2K4, country=CA, city=BRIDGEWATER, address1=Address 1, state=NS}, shippingMethod={href=https://hydraqa.unicity.net/v5a-test/shippingmethods?type=Canada Post}, lines={items=[{item={href=https://hydraqa.unicity.net/v5a-test/items?id.unicity=26442}, quantity=1}, {item={href=https://hydraqa.unicity.net/v5a-test/items?id.unicity=28329}, quantity=1}]}, transactions={items=[{method=Coupon, methodDetails={code=Fre3Aut0Sh!p}, type=AuthorizeAndCapture}]}, customer={href=https://hydraqa.unicity.net/v5a-test/customers?type=PreferredCustomer}}
kalyanB4V2K4
Request URL: https://hydraqa.unicity.net/v5a-test/addresses?country=CA&zip=B4V2K4
Entry response : {"items":[{"address1":"","address2":"","city":"Bridgewater","state":"NS","zip":"B4V2K4","country":"CA"}]}
{sponsor=2, gender=female, city=BRIDGEWATER, cartprice=294.0, enroller=2, arpack=Balance Cholesterol, language=Français, locale=fr, type=PreferredCustomer, platform=QA, lname=TestLastName, password=Unicity, genderoption=Femme, Currency=USD, api=4, state=[NS], email=JBXHXF@gmail.com, zip=B4V2K4, fname=TestFirstName, prefferd=Canada, address2=Address 2, address1=Address 1, shippingmethod=type=Canada Post, version=v5a-test/, testcase=PatientPortal, market=Canada, aritemcode=26565, referral=yes, martial=Married, phone=9823746323, proto=https://hydraqa.unicity.net/, marketcode=CA, maritaloption=Marié, ccname=CCNameTest}
Request URL: https://hydraqa.unicity.net/v5a-test/orders.js
Entry request : {"customer":{"mainAddress":{"city":"BRIDGEWATER","country":"CA","state":"NS","zip":"B4V2K4","address1":"Address 1","address2":"Address 2"},"humanName":{"firstName":"TestFirstName","lastName":"TestLastName"},"email":"JBXHXF@gmail.com","preferredLocale":"fr-CA","password":{"value":"Unicity"},"gender":"female","maritalStatus":"Married","type":"PreferredCustomer","creditcardaliases":[{"methodDetails":{"creditCardNumber":"4111111111111111","payer":"TestFirstName TestLastName","creditCardExpires":"2021-10"},"billToName":{"firstName":"TestFirstName","lastName":"TestLastName"},"billToAddress":{"address1":"Address 1","address2":"Address 2","city":"BRIDGEWATER","state":"NS","zip":"B4V2K4","country":"CA"}}],"sponsor":{"href":"https://hydraqa.unicity.net/v5a-test/customers?id.unicity=2"},"enroller":{"href":"https://hydraqa.unicity.net/v5a-test/customers?id.unicity=2"},"homePhone":"9823746323","autoorders":{"items":[{"recurrence":{"schedule":{"month":"*","dayOfMonth":"5"},"status":"Enabled"},"lines":{"items":[{"item":{"href":"https://hydraqa.unicity.net/v5a-test/items?id.unicity=26565"},"quantity":1}]},"shipToName":{"firstName":"TestFirstName","lastName":"TestLastName"},"shipToPhone":"9823746323","shipToEmail":"JBXHXF@gmail.com","shipToAddress":{"city":"BRIDGEWATER","country":"CA","state":"NS","address1":"Address 1","address2":"Address 2","zip":"B4V2K4"},"shippingMethod":{"href":"https://hydraqa.unicity.net/v5a-test/shippingmethods?type=Canada Post"},"transactions":{"items":[{"amount":"this.terms.total","type":"AuthorizeAndCapture","method":"CreditCardAlias","methodDetails":{"alias":"this.customer.creditcardaliases[0].alias"}}]}}]},"rights":[]},"lines":{"items":[{"item":{"href":"https://hydraqa.unicity.net/v5a-test/items?id.unicity=26442"},"quantity":1},{"item":{"href":"https://hydraqa.unicity.net/v5a-test/items?id.unicity=28329"},"quantity":1}]},"shipToName":{"firstName":"TestFirstName","lastName":"TestLastName"},"shipToPhone":"9823746323","shipToEmail":"JBXHXF@gmail.com","shipToAddress":{"city":"BRIDGEWATER","country":"CA","state":"NS","address1":"Address 1","address2":"Address 2","zip":"B4V2K4"},"shippingMethod":{"href":"https://hydraqa.unicity.net/v5a-test/shippingmethods?type=Canada Post"},"notes":"","transactions":{"items":[{"amount":"this.terms.total","type":"AuthorizeAndCapture","method":"CreditCard","methodDetails":{"creditCardNumber":"4111111111111111","payer":"CCNameTest","creditCardExpires":"2021-10","creditCardSecurityCode":"123"},"billToAddress":{"address1":"Address 1","address2":"Address 2","city":"BRIDGEWATER","state":"NS","zip":"B4V2K4","country":"CA"}},{"type":"AuthorizeAndCapture","method":"Coupon","methodDetails":{"code":"Fre3Aut0Sh!p"}}]}}
Entry response : {"meta":{"Link":"<http:\/\/unicity.github.io\/Hydra.php\/docs\/v5\/>; rel=\"help\"","X-Request-UUID":"4ba69ddf-e695-91b3-8dca-e3696ab48cfa","X-Request-Release":"5-2021012101\/master","Cache-Control":"no-cache, must-revalidate","Expires":"0","X-Powered-By":"Luracast Restler v3.0.0rc5","Content-Type":"text\/javascript; charset=utf-8","Content-Language":"en","X-Status-Code":"402"},"data":{"error":{"code":402,"message":"Payment Required","error_code":"3009","error_message":"We failed to accept the credit card payment for the following reason: 'Valid security code required.' Error #X4X9H","upstream_error_message":"Valid security code required."}}}
Headers-->keep-alive
Headers-->2695
Headers-->application/json, text/plain, */*
Headers-->fr-CA
Headers-->application/json;charset=UTF-8
]]></system-out>
    <system-err><![CDATA[Starting ChromeDriver 2.36.540470 (e522d04694c7ebea4ba8821272dbef4f9b818c91) on port 32051
Only local connections are allowed.
Jan 21, 2021 2:38:45 PM org.openqa.selenium.remote.ProtocolHandshake createSession
INFO: Detected dialect: OSS
]]></system-err>
  </testcase>
  <testcase name="PassReferralID" classname="Tests.HealthCareProducts" time="120.232">
    <failure message="Critical A-Z section not displaying" type="java.lang.AssertionError">java.lang.AssertionError: Critical A-Z section not displaying
	at Tests.HealthCareProducts.PassReferralID(HealthCareProducts.java:64)
</failure>
    <system-out><![CDATA[Request URL: https://hydraqa.unicity.net/v5a-test/quotes?&expand=item
Entry Quotes response : {"items":[{"lines":{"items":[{"item":{"href":"https://hydraqa.unicity.net/v5a-test/items/1945faa1776541d53120ecfe3c1d8a2b","id":{"unicity":"24418"}},"quantity":1,"terms":{"priceEach":5,"taxEach":{"amount":0},"discountEach":{"amount":0},"pvEach":0},"quantityLimit":{"quantityQuota":-1,"timeFrameDays":-1,"quantityOrdered":0}}]},"currency":"USD"},{"lines":{"items":[{"item":{"href":"https://hydraqa.unicity.net/v5a-test/items/b127a2d34d3d73e2f53e4c2002a7a4a2","id":{"unicity":"25008"}},"quantity":1,"terms":{"priceEach":19,"taxEach":{"amount":0},"discountEach":{"amount":0},"pvEach":15},"quantityLimit":{"quantityQuota":-1,"timeFrameDays":-1,"quantityOrdered":0}}]},"currency":"USD"},{"lines":{"items":[{"item":{"href":"https://hydraqa.unicity.net/v5a-test/items/e218d1cac5f31e7ae4f5876c29c57377","id":{"unicity":"29017"}},"quantity":1,"terms":{"priceEach":38,"taxEach":{"amount":0},"discountEach":{"amount":0},"pvEach":26},"quantityLimit":{"quantityQuota":-1,"timeFrameDays":-1,"quantityOrdered":0}}]},"currency":"USD"}]}
Entry request : {"order":{"customer":{"href":"https://hydraqa.unicity.net/v5a-test/customers?type=Associate"},"shipToAddress":{"country":"US"}},"vary":{"lines":{"items":[{"item":{"href":"https://hydraqa.unicity.net/v5a-test/items?id.unicity=27228|27227|27226|24418|25008|29017"}}]}}}
]]></system-out>
    <system-err><![CDATA[Starting ChromeDriver 2.36.540470 (e522d04694c7ebea4ba8821272dbef4f9b818c91) on port 31939
Only local connections are allowed.
Jan 21, 2021 2:41:48 PM org.openqa.selenium.remote.ProtocolHandshake createSession
INFO: Detected dialect: OSS
]]></system-err>
  </testcase>
  <testcase name="PassReferralID" classname="Tests.HealthCareProducts" time="120.308">
    <failure message="Critical A-Z section not displaying" type="java.lang.AssertionError">java.lang.AssertionError: Critical A-Z section not displaying
	at Tests.HealthCareProducts.PassReferralID(HealthCareProducts.java:64)
</failure>
    <system-out><![CDATA[Request URL: https://hydraqa.unicity.net/v5a-test/quotes?&expand=item
Entry Quotes response : {"items":[{"lines":{"items":[{"item":{"href":"https://hydraqa.unicity.net/v5a-test/items/1945faa1776541d53120ecfe3c1d8a2b","id":{"unicity":"24418"}},"quantity":1,"terms":{"priceEach":5,"taxEach":{"amount":0},"discountEach":{"amount":0},"pvEach":0},"quantityLimit":{"quantityQuota":-1,"timeFrameDays":-1,"quantityOrdered":0}}]},"currency":"USD"},{"lines":{"items":[{"item":{"href":"https://hydraqa.unicity.net/v5a-test/items/b127a2d34d3d73e2f53e4c2002a7a4a2","id":{"unicity":"25008"}},"quantity":1,"terms":{"priceEach":19,"taxEach":{"amount":0},"discountEach":{"amount":0},"pvEach":15},"quantityLimit":{"quantityQuota":-1,"timeFrameDays":-1,"quantityOrdered":0}}]},"currency":"USD"},{"lines":{"items":[{"item":{"href":"https://hydraqa.unicity.net/v5a-test/items/e218d1cac5f31e7ae4f5876c29c57377","id":{"unicity":"29017"}},"quantity":1,"terms":{"priceEach":38,"taxEach":{"amount":0},"discountEach":{"amount":0},"pvEach":26},"quantityLimit":{"quantityQuota":-1,"timeFrameDays":-1,"quantityOrdered":0}}]},"currency":"USD"}]}
Entry request : {"order":{"customer":{"href":"https://hydraqa.unicity.net/v5a-test/customers?type=Associate"},"shipToAddress":{"country":"US"}},"vary":{"lines":{"items":[{"item":{"href":"https://hydraqa.unicity.net/v5a-test/items?id.unicity=27228|27227|27226|24418|25008|29017"}}]}}}
]]></system-out>
    <system-err><![CDATA[Starting ChromeDriver 2.36.540470 (e522d04694c7ebea4ba8821272dbef4f9b818c91) on port 14027
Only local connections are allowed.
Jan 21, 2021 2:43:56 PM org.openqa.selenium.remote.ProtocolHandshake createSession
INFO: Detected dialect: OSS
]]></system-err>
  </testcase>
  <testcase name="PassReferralID" classname="Tests.HealthCareProducts" time="120.385">
    <failure message="Critical A-Z section not displaying" type="java.lang.AssertionError">java.lang.AssertionError: Critical A-Z section not displaying
	at Tests.HealthCareProducts.PassReferralID(HealthCareProducts.java:64)
</failure>
    <system-out><![CDATA[Request URL: https://hydraqa.unicity.net/v5a-test/quotes?&expand=item
Entry Quotes response : {"items":[{"lines":{"items":[{"item":{"href":"https://hydraqa.unicity.net/v5a-test/items/46ea1edabdcf18f49817c437346958eb","id":{"unicity":"29147"}},"quantity":1,"terms":{"priceEach":74,"taxEach":{"amount":0},"discountEach":{"amount":0},"pvEach":33},"quantityLimit":{"quantityQuota":-1,"timeFrameDays":-1,"quantityOrdered":0}}]},"currency":"CAD"},{"lines":{"items":[{"item":{"href":"https://hydraqa.unicity.net/v5a-test/items/e77144fa2fcf6a4dc73c15b4d615c1aa","id":{"unicity":"28437"}},"quantity":1,"terms":{"priceEach":74,"taxEach":{"amount":0},"discountEach":{"amount":0},"pvEach":33},"quantityLimit":{"quantityQuota":-1,"timeFrameDays":-1,"quantityOrdered":0}}]},"currency":"CAD"},{"lines":{"items":[{"item":{"href":"https://hydraqa.unicity.net/v5a-test/items/8407b62b9c4120aa3dfe25c9feb76e4a","id":{"unicity":"28591"}},"quantity":1,"terms":{"priceEach":21,"taxEach":{"amount":0},"discountEach":{"amount":0},"pvEach":15},"quantityLimit":{"quantityQuota":-1,"timeFrameDays":-1,"quantityOrdered":0}}]},"currency":"CAD"}]}
Entry request : {"order":{"customer":{"href":"https://hydraqa.unicity.net/v5a-test/customers?type=Associate"},"shipToAddress":{"country":"CA"}},"vary":{"lines":{"items":[{"item":{"href":"https://hydraqa.unicity.net/v5a-test/items?id.unicity=27302|27305|27301|27304|27300|27303|24418|29147|28437|28591"}}]}}}
]]></system-out>
    <system-err><![CDATA[Starting ChromeDriver 2.36.540470 (e522d04694c7ebea4ba8821272dbef4f9b818c91) on port 46138
Only local connections are allowed.
Jan 21, 2021 2:46:04 PM org.openqa.selenium.remote.ProtocolHandshake createSession
INFO: Detected dialect: OSS
]]></system-err>
  </testcase>
  <testcase name="PassReferralID" classname="Tests.HealthCareProducts" time="120.259">
    <failure message="Critical A-Z section not displaying" type="java.lang.AssertionError">java.lang.AssertionError: Critical A-Z section not displaying
	at Tests.HealthCareProducts.PassReferralID(HealthCareProducts.java:64)
</failure>
    <system-out><![CDATA[Request URL: https://hydraqa.unicity.net/v5a-test/quotes?&expand=item
Entry Quotes response : {"items":[{"lines":{"items":[{"item":{"href":"https://hydraqa.unicity.net/v5a-test/items/46ea1edabdcf18f49817c437346958eb","id":{"unicity":"29147"}},"quantity":1,"terms":{"priceEach":74,"taxEach":{"amount":0},"discountEach":{"amount":0},"pvEach":33},"quantityLimit":{"quantityQuota":-1,"timeFrameDays":-1,"quantityOrdered":0}}]},"currency":"CAD"},{"lines":{"items":[{"item":{"href":"https://hydraqa.unicity.net/v5a-test/items/e77144fa2fcf6a4dc73c15b4d615c1aa","id":{"unicity":"28437"}},"quantity":1,"terms":{"priceEach":74,"taxEach":{"amount":0},"discountEach":{"amount":0},"pvEach":33},"quantityLimit":{"quantityQuota":-1,"timeFrameDays":-1,"quantityOrdered":0}}]},"currency":"CAD"},{"lines":{"items":[{"item":{"href":"https://hydraqa.unicity.net/v5a-test/items/8407b62b9c4120aa3dfe25c9feb76e4a","id":{"unicity":"28591"}},"quantity":1,"terms":{"priceEach":21,"taxEach":{"amount":0},"discountEach":{"amount":0},"pvEach":15},"quantityLimit":{"quantityQuota":-1,"timeFrameDays":-1,"quantityOrdered":0}}]},"currency":"CAD"}]}
Entry request : {"order":{"customer":{"href":"https://hydraqa.unicity.net/v5a-test/customers?type=Associate"},"shipToAddress":{"country":"CA"}},"vary":{"lines":{"items":[{"item":{"href":"https://hydraqa.unicity.net/v5a-test/items?id.unicity=27302|27305|27301|27304|27300|27303|24418|29147|28437|28591"}}]}}}
]]></system-out>
    <system-err><![CDATA[Starting ChromeDriver 2.36.540470 (e522d04694c7ebea4ba8821272dbef4f9b818c91) on port 36424
Only local connections are allowed.
Jan 21, 2021 2:48:12 PM org.openqa.selenium.remote.ProtocolHandshake createSession
INFO: Detected dialect: OSS
]]></system-err>
  </testcase>
</testsuite>