<?xml version="1.0" encoding="UTF-8"?>
<testsuite xmlns:xsi="http://www.w3.org/2001/XMLSchema-instance" xsi:noNamespaceSchemaLocation="https://maven.apache.org/surefire/maven-surefire-plugin/xsd/surefire-test-report-3.0.xsd" version="3.0" name="TestSuite" time="17,101.829" tests="74" errors="0" skipped="0" failures="60">
  <properties>
    <property name="sun.desktop" value="windows"/>
    <property name="awt.toolkit" value="sun.awt.windows.WToolkit"/>
    <property name="file.encoding.pkg" value="sun.io"/>
    <property name="java.specification.version" value="1.8"/>
    <property name="sun.cpu.isalist" value="amd64"/>
    <property name="sun.jnu.encoding" value="Cp1252"/>
    <property name="java.class.path" value="C:\Users\sumancb\git\Enrollment\Enrollment\target\test-classes;C:\Users\sumancb\git\Enrollment\Enrollment\target\classes;C:\Users\sumancb\.m2\repository\junit\junit\3.8.1\junit-3.8.1.jar;C:\Users\sumancb\.m2\repository\org\seleniumhq\selenium\selenium-java\3.8.1\selenium-java-3.8.1.jar;C:\Users\sumancb\.m2\repository\org\seleniumhq\selenium\selenium-api\3.8.1\selenium-api-3.8.1.jar;C:\Users\sumancb\.m2\repository\org\seleniumhq\selenium\selenium-chrome-driver\3.8.1\selenium-chrome-driver-3.8.1.jar;C:\Users\sumancb\.m2\repository\org\seleniumhq\selenium\selenium-edge-driver\3.8.1\selenium-edge-driver-3.8.1.jar;C:\Users\sumancb\.m2\repository\org\seleniumhq\selenium\selenium-firefox-driver\3.8.1\selenium-firefox-driver-3.8.1.jar;C:\Users\sumancb\.m2\repository\org\seleniumhq\selenium\selenium-ie-driver\3.8.1\selenium-ie-driver-3.8.1.jar;C:\Users\sumancb\.m2\repository\org\seleniumhq\selenium\selenium-opera-driver\3.8.1\selenium-opera-driver-3.8.1.jar;C:\Users\sumancb\.m2\repository\org\seleniumhq\selenium\selenium-remote-driver\3.8.1\selenium-remote-driver-3.8.1.jar;C:\Users\sumancb\.m2\repository\org\seleniumhq\selenium\selenium-safari-driver\3.8.1\selenium-safari-driver-3.8.1.jar;C:\Users\sumancb\.m2\repository\org\seleniumhq\selenium\selenium-support\3.8.1\selenium-support-3.8.1.jar;C:\Users\sumancb\.m2\repository\net\bytebuddy\byte-buddy\1.7.5\byte-buddy-1.7.5.jar;C:\Users\sumancb\.m2\repository\org\apache\commons\commons-exec\1.3\commons-exec-1.3.jar;C:\Users\sumancb\.m2\repository\commons-codec\commons-codec\1.10\commons-codec-1.10.jar;C:\Users\sumancb\.m2\repository\commons-logging\commons-logging\1.2\commons-logging-1.2.jar;C:\Users\sumancb\.m2\repository\com\google\code\gson\gson\2.8.2\gson-2.8.2.jar;C:\Users\sumancb\.m2\repository\com\google\guava\guava\23.0\guava-23.0.jar;C:\Users\sumancb\.m2\repository\com\google\code\findbugs\jsr305\1.3.9\jsr305-1.3.9.jar;C:\Users\sumancb\.m2\repository\com\google\errorprone\error_prone_annotations\2.0.18\error_prone_annotations-2.0.18.jar;C:\Users\sumancb\.m2\repository\com\google\j2objc\j2objc-annotations\1.1\j2objc-annotations-1.1.jar;C:\Users\sumancb\.m2\repository\org\codehaus\mojo\animal-sniffer-annotations\1.14\animal-sniffer-annotations-1.14.jar;C:\Users\sumancb\.m2\repository\org\apache\httpcomponents\httpclient\4.5.3\httpclient-4.5.3.jar;C:\Users\sumancb\.m2\repository\org\apache\httpcomponents\httpcore\4.4.6\httpcore-4.4.6.jar;C:\Users\sumancb\.m2\repository\org\testng\testng\6.14.3\testng-6.14.3.jar;C:\Users\sumancb\.m2\repository\com\beust\jcommander\1.72\jcommander-1.72.jar;C:\Users\sumancb\.m2\repository\org\apache-extras\beanshell\bsh\2.0b6\bsh-2.0b6.jar;C:\Users\sumancb\.m2\repository\com\relevantcodes\extentreports\2.41.2\extentreports-2.41.2.jar;C:\Users\sumancb\.m2\repository\org\jsoup\jsoup\1.8.3\jsoup-1.8.3.jar;C:\Users\sumancb\.m2\repository\org\xerial\sqlite-jdbc\3.8.11.1\sqlite-jdbc-3.8.11.1.jar;C:\Users\sumancb\.m2\repository\org\freemarker\freemarker\2.3.23\freemarker-2.3.23.jar;C:\Users\sumancb\.m2\repository\org\mongodb\mongodb-driver\3.0.4\mongodb-driver-3.0.4.jar;C:\Users\sumancb\.m2\repository\org\mongodb\bson\3.0.4\bson-3.0.4.jar;C:\Users\sumancb\.m2\repository\org\mongodb\mongodb-driver-core\3.0.4\mongodb-driver-core-3.0.4.jar;C:\Users\sumancb\.m2\repository\org\apache\commons\commons-lang3\3.8.1\commons-lang3-3.8.1.jar;C:\Users\sumancb\.m2\repository\io\rest-assured\rest-assured\3.1.0\rest-assured-3.1.0.jar;C:\Users\sumancb\.m2\repository\org\codehaus\groovy\groovy\2.4.12\groovy-2.4.12.jar;C:\Users\sumancb\.m2\repository\org\codehaus\groovy\groovy-xml\2.4.12\groovy-xml-2.4.12.jar;C:\Users\sumancb\.m2\repository\org\apache\httpcomponents\httpmime\4.5.1\httpmime-4.5.1.jar;C:\Users\sumancb\.m2\repository\org\hamcrest\hamcrest-core\1.3\hamcrest-core-1.3.jar;C:\Users\sumancb\.m2\repository\org\hamcrest\hamcrest-library\1.3\hamcrest-library-1.3.jar;C:\Users\sumancb\.m2\repository\org\ccil\cowan\tagsoup\tagsoup\1.2.1\tagsoup-1.2.1.jar;C:\Users\sumancb\.m2\repository\io\rest-assured\json-path\3.1.0\json-path-3.1.0.jar;C:\Users\sumancb\.m2\repository\org\codehaus\groovy\groovy-json\2.4.12\groovy-json-2.4.12.jar;C:\Users\sumancb\.m2\repository\io\rest-assured\rest-assured-common\3.1.0\rest-assured-common-3.1.0.jar;C:\Users\sumancb\.m2\repository\io\rest-assured\xml-path\3.1.0\xml-path-3.1.0.jar;C:\Users\sumancb\.m2\repository\javax\xml\bind\jaxb-api\2.2.12\jaxb-api-2.2.12.jar;C:\Users\sumancb\.m2\repository\org\skyscreamer\jsonassert\1.5.0\jsonassert-1.5.0.jar;C:\Users\sumancb\.m2\repository\com\vaadin\external\google\android-json\0.0.20131108.vaadin1\android-json-0.0.20131108.vaadin1.jar;C:\Users\sumancb\.m2\repository\org\codehaus\groovy\groovy-all\2.3.5\groovy-all-2.3.5.jar;C:\Users\sumancb\.m2\repository\org\codehaus\jackson\jackson-mapper-asl\1.5.0\jackson-mapper-asl-1.5.0.jar;C:\Users\sumancb\.m2\repository\org\codehaus\jackson\jackson-core-asl\1.5.0\jackson-core-asl-1.5.0.jar;C:\Users\sumancb\.m2\repository\net\lightbody\bmp\browsermob-core\2.1.5\browsermob-core-2.1.5.jar;C:\Users\sumancb\.m2\repository\net\lightbody\bmp\littleproxy\1.1.0-beta-bmp-17\littleproxy-1.1.0-beta-bmp-17.jar;C:\Users\sumancb\.m2\repository\com\fasterxml\jackson\core\jackson-core\2.8.9\jackson-core-2.8.9.jar;C:\Users\sumancb\.m2\repository\com\fasterxml\jackson\core\jackson-databind\2.8.9\jackson-databind-2.8.9.jar;C:\Users\sumancb\.m2\repository\dnsjava\dnsjava\2.1.8\dnsjava-2.1.8.jar;C:\Users\sumancb\.m2\repository\org\slf4j\slf4j-api\1.7.25\slf4j-api-1.7.25.jar;C:\Users\sumancb\.m2\repository\org\slf4j\jcl-over-slf4j\1.7.25\jcl-over-slf4j-1.7.25.jar;C:\Users\sumancb\.m2\repository\com\jcraft\jzlib\1.1.3\jzlib-1.1.3.jar;C:\Users\sumancb\.m2\repository\io\netty\netty-all\4.0.51.Final\netty-all-4.0.51.Final.jar;C:\Users\sumancb\.m2\repository\org\bouncycastle\bcprov-jdk15on\1.58\bcprov-jdk15on-1.58.jar;C:\Users\sumancb\.m2\repository\org\bouncycastle\bcpkix-jdk15on\1.58\bcpkix-jdk15on-1.58.jar;C:\Users\sumancb\.m2\repository\net\lightbody\bmp\mitm\2.1.5\mitm-2.1.5.jar;C:\Users\sumancb\.m2\repository\com\fasterxml\jackson\core\jackson-annotations\2.9.8\jackson-annotations-2.9.8.jar;C:\Users\sumancb\.m2\repository\commons-lang\commons-lang\2.2\commons-lang-2.2.jar;C:\Users\sumancb\.m2\repository\javax\mail\javax.mail-api\1.5.5\javax.mail-api-1.5.5.jar;C:\Users\sumancb\.m2\repository\com\sun\mail\javax.mail\1.6.1\javax.mail-1.6.1.jar;C:\Users\sumancb\.m2\repository\javax\activation\activation\1.1\activation-1.1.jar;C:\Users\sumancb\.m2\repository\org\springframework\data\spring-data-jpa\1.11.23.RELEASE\spring-data-jpa-1.11.23.RELEASE.jar;C:\Users\sumancb\.m2\repository\org\springframework\data\spring-data-commons\1.13.23.RELEASE\spring-data-commons-1.13.23.RELEASE.jar;C:\Users\sumancb\.m2\repository\org\springframework\spring-orm\4.3.25.RELEASE\spring-orm-4.3.25.RELEASE.jar;C:\Users\sumancb\.m2\repository\org\springframework\spring-jdbc\4.3.25.RELEASE\spring-jdbc-4.3.25.RELEASE.jar;C:\Users\sumancb\.m2\repository\org\springframework\spring-context\4.3.25.RELEASE\spring-context-4.3.25.RELEASE.jar;C:\Users\sumancb\.m2\repository\org\springframework\spring-expression\4.3.25.RELEASE\spring-expression-4.3.25.RELEASE.jar;C:\Users\sumancb\.m2\repository\org\springframework\spring-aop\4.3.25.RELEASE\spring-aop-4.3.25.RELEASE.jar;C:\Users\sumancb\.m2\repository\org\springframework\spring-tx\4.3.25.RELEASE\spring-tx-4.3.25.RELEASE.jar;C:\Users\sumancb\.m2\repository\org\springframework\spring-beans\4.3.25.RELEASE\spring-beans-4.3.25.RELEASE.jar;C:\Users\sumancb\.m2\repository\org\springframework\spring-core\4.3.25.RELEASE\spring-core-4.3.25.RELEASE.jar;C:\Users\sumancb\.m2\repository\org\aspectj\aspectjrt\1.8.13\aspectjrt-1.8.13.jar;C:\Users\sumancb\.m2\repository\org\apache\derby\derbyclient\10.11.1.1\derbyclient-10.11.1.1.jar;C:\Users\sumancb\.m2\repository\org\eclipse\persistence\org.eclipse.persistence.jpa\2.5.2\org.eclipse.persistence.jpa-2.5.2.jar;C:\Users\sumancb\.m2\repository\org\eclipse\persistence\javax.persistence\2.1.0\javax.persistence-2.1.0.jar;C:\Users\sumancb\.m2\repository\org\eclipse\persistence\org.eclipse.persistence.asm\2.5.2\org.eclipse.persistence.asm-2.5.2.jar;C:\Users\sumancb\.m2\repository\org\eclipse\persistence\org.eclipse.persistence.antlr\2.5.2\org.eclipse.persistence.antlr-2.5.2.jar;C:\Users\sumancb\.m2\repository\org\eclipse\persistence\org.eclipse.persistence.jpa.jpql\2.5.2\org.eclipse.persistence.jpa.jpql-2.5.2.jar;C:\Users\sumancb\.m2\repository\org\eclipse\persistence\org.eclipse.persistence.core\2.5.2\org.eclipse.persistence.core-2.5.2.jar;"/>
    <property name="java.vm.vendor" value="Oracle Corporation"/>
    <property name="sun.arch.data.model" value="64"/>
    <property name="user.variant" value=""/>
    <property name="java.vendor.url" value="http://java.oracle.com/"/>
    <property name="user.timezone" value="America/Denver"/>
    <property name="java.vm.specification.version" value="1.8"/>
    <property name="os.name" value="Windows Server 2012 R2"/>
    <property name="user.country" value="US"/>
    <property name="sun.java.launcher" value="SUN_STANDARD"/>
    <property name="sun.boot.library.path" value="C:\Program Files\Java\jdk1.8.0_111\jre\bin"/>
    <property name="sun.java.command" value="C:\Users\sumancb\AppData\Local\Temp\2\surefire5659262708847201941\surefirebooter683908730360946289.jar C:\Users\sumancb\AppData\Local\Temp\2\surefire5659262708847201941 2020-06-30T09-40-09_118-jvmRun1 surefire7902836861605295040tmp surefire_08438592725388244203tmp"/>
    <property name="surefire.test.class.path" value="C:\Users\sumancb\git\Enrollment\Enrollment\target\test-classes;C:\Users\sumancb\git\Enrollment\Enrollment\target\classes;C:\Users\sumancb\.m2\repository\junit\junit\3.8.1\junit-3.8.1.jar;C:\Users\sumancb\.m2\repository\org\seleniumhq\selenium\selenium-java\3.8.1\selenium-java-3.8.1.jar;C:\Users\sumancb\.m2\repository\org\seleniumhq\selenium\selenium-api\3.8.1\selenium-api-3.8.1.jar;C:\Users\sumancb\.m2\repository\org\seleniumhq\selenium\selenium-chrome-driver\3.8.1\selenium-chrome-driver-3.8.1.jar;C:\Users\sumancb\.m2\repository\org\seleniumhq\selenium\selenium-edge-driver\3.8.1\selenium-edge-driver-3.8.1.jar;C:\Users\sumancb\.m2\repository\org\seleniumhq\selenium\selenium-firefox-driver\3.8.1\selenium-firefox-driver-3.8.1.jar;C:\Users\sumancb\.m2\repository\org\seleniumhq\selenium\selenium-ie-driver\3.8.1\selenium-ie-driver-3.8.1.jar;C:\Users\sumancb\.m2\repository\org\seleniumhq\selenium\selenium-opera-driver\3.8.1\selenium-opera-driver-3.8.1.jar;C:\Users\sumancb\.m2\repository\org\seleniumhq\selenium\selenium-remote-driver\3.8.1\selenium-remote-driver-3.8.1.jar;C:\Users\sumancb\.m2\repository\org\seleniumhq\selenium\selenium-safari-driver\3.8.1\selenium-safari-driver-3.8.1.jar;C:\Users\sumancb\.m2\repository\org\seleniumhq\selenium\selenium-support\3.8.1\selenium-support-3.8.1.jar;C:\Users\sumancb\.m2\repository\net\bytebuddy\byte-buddy\1.7.5\byte-buddy-1.7.5.jar;C:\Users\sumancb\.m2\repository\org\apache\commons\commons-exec\1.3\commons-exec-1.3.jar;C:\Users\sumancb\.m2\repository\commons-codec\commons-codec\1.10\commons-codec-1.10.jar;C:\Users\sumancb\.m2\repository\commons-logging\commons-logging\1.2\commons-logging-1.2.jar;C:\Users\sumancb\.m2\repository\com\google\code\gson\gson\2.8.2\gson-2.8.2.jar;C:\Users\sumancb\.m2\repository\com\google\guava\guava\23.0\guava-23.0.jar;C:\Users\sumancb\.m2\repository\com\google\code\findbugs\jsr305\1.3.9\jsr305-1.3.9.jar;C:\Users\sumancb\.m2\repository\com\google\errorprone\error_prone_annotations\2.0.18\error_prone_annotations-2.0.18.jar;C:\Users\sumancb\.m2\repository\com\google\j2objc\j2objc-annotations\1.1\j2objc-annotations-1.1.jar;C:\Users\sumancb\.m2\repository\org\codehaus\mojo\animal-sniffer-annotations\1.14\animal-sniffer-annotations-1.14.jar;C:\Users\sumancb\.m2\repository\org\apache\httpcomponents\httpclient\4.5.3\httpclient-4.5.3.jar;C:\Users\sumancb\.m2\repository\org\apache\httpcomponents\httpcore\4.4.6\httpcore-4.4.6.jar;C:\Users\sumancb\.m2\repository\org\testng\testng\6.14.3\testng-6.14.3.jar;C:\Users\sumancb\.m2\repository\com\beust\jcommander\1.72\jcommander-1.72.jar;C:\Users\sumancb\.m2\repository\org\apache-extras\beanshell\bsh\2.0b6\bsh-2.0b6.jar;C:\Users\sumancb\.m2\repository\com\relevantcodes\extentreports\2.41.2\extentreports-2.41.2.jar;C:\Users\sumancb\.m2\repository\org\jsoup\jsoup\1.8.3\jsoup-1.8.3.jar;C:\Users\sumancb\.m2\repository\org\xerial\sqlite-jdbc\3.8.11.1\sqlite-jdbc-3.8.11.1.jar;C:\Users\sumancb\.m2\repository\org\freemarker\freemarker\2.3.23\freemarker-2.3.23.jar;C:\Users\sumancb\.m2\repository\org\mongodb\mongodb-driver\3.0.4\mongodb-driver-3.0.4.jar;C:\Users\sumancb\.m2\repository\org\mongodb\bson\3.0.4\bson-3.0.4.jar;C:\Users\sumancb\.m2\repository\org\mongodb\mongodb-driver-core\3.0.4\mongodb-driver-core-3.0.4.jar;C:\Users\sumancb\.m2\repository\org\apache\commons\commons-lang3\3.8.1\commons-lang3-3.8.1.jar;C:\Users\sumancb\.m2\repository\io\rest-assured\rest-assured\3.1.0\rest-assured-3.1.0.jar;C:\Users\sumancb\.m2\repository\org\codehaus\groovy\groovy\2.4.12\groovy-2.4.12.jar;C:\Users\sumancb\.m2\repository\org\codehaus\groovy\groovy-xml\2.4.12\groovy-xml-2.4.12.jar;C:\Users\sumancb\.m2\repository\org\apache\httpcomponents\httpmime\4.5.1\httpmime-4.5.1.jar;C:\Users\sumancb\.m2\repository\org\hamcrest\hamcrest-core\1.3\hamcrest-core-1.3.jar;C:\Users\sumancb\.m2\repository\org\hamcrest\hamcrest-library\1.3\hamcrest-library-1.3.jar;C:\Users\sumancb\.m2\repository\org\ccil\cowan\tagsoup\tagsoup\1.2.1\tagsoup-1.2.1.jar;C:\Users\sumancb\.m2\repository\io\rest-assured\json-path\3.1.0\json-path-3.1.0.jar;C:\Users\sumancb\.m2\repository\org\codehaus\groovy\groovy-json\2.4.12\groovy-json-2.4.12.jar;C:\Users\sumancb\.m2\repository\io\rest-assured\rest-assured-common\3.1.0\rest-assured-common-3.1.0.jar;C:\Users\sumancb\.m2\repository\io\rest-assured\xml-path\3.1.0\xml-path-3.1.0.jar;C:\Users\sumancb\.m2\repository\javax\xml\bind\jaxb-api\2.2.12\jaxb-api-2.2.12.jar;C:\Users\sumancb\.m2\repository\org\skyscreamer\jsonassert\1.5.0\jsonassert-1.5.0.jar;C:\Users\sumancb\.m2\repository\com\vaadin\external\google\android-json\0.0.20131108.vaadin1\android-json-0.0.20131108.vaadin1.jar;C:\Users\sumancb\.m2\repository\org\codehaus\groovy\groovy-all\2.3.5\groovy-all-2.3.5.jar;C:\Users\sumancb\.m2\repository\org\codehaus\jackson\jackson-mapper-asl\1.5.0\jackson-mapper-asl-1.5.0.jar;C:\Users\sumancb\.m2\repository\org\codehaus\jackson\jackson-core-asl\1.5.0\jackson-core-asl-1.5.0.jar;C:\Users\sumancb\.m2\repository\net\lightbody\bmp\browsermob-core\2.1.5\browsermob-core-2.1.5.jar;C:\Users\sumancb\.m2\repository\net\lightbody\bmp\littleproxy\1.1.0-beta-bmp-17\littleproxy-1.1.0-beta-bmp-17.jar;C:\Users\sumancb\.m2\repository\com\fasterxml\jackson\core\jackson-core\2.8.9\jackson-core-2.8.9.jar;C:\Users\sumancb\.m2\repository\com\fasterxml\jackson\core\jackson-databind\2.8.9\jackson-databind-2.8.9.jar;C:\Users\sumancb\.m2\repository\dnsjava\dnsjava\2.1.8\dnsjava-2.1.8.jar;C:\Users\sumancb\.m2\repository\org\slf4j\slf4j-api\1.7.25\slf4j-api-1.7.25.jar;C:\Users\sumancb\.m2\repository\org\slf4j\jcl-over-slf4j\1.7.25\jcl-over-slf4j-1.7.25.jar;C:\Users\sumancb\.m2\repository\com\jcraft\jzlib\1.1.3\jzlib-1.1.3.jar;C:\Users\sumancb\.m2\repository\io\netty\netty-all\4.0.51.Final\netty-all-4.0.51.Final.jar;C:\Users\sumancb\.m2\repository\org\bouncycastle\bcprov-jdk15on\1.58\bcprov-jdk15on-1.58.jar;C:\Users\sumancb\.m2\repository\org\bouncycastle\bcpkix-jdk15on\1.58\bcpkix-jdk15on-1.58.jar;C:\Users\sumancb\.m2\repository\net\lightbody\bmp\mitm\2.1.5\mitm-2.1.5.jar;C:\Users\sumancb\.m2\repository\com\fasterxml\jackson\core\jackson-annotations\2.9.8\jackson-annotations-2.9.8.jar;C:\Users\sumancb\.m2\repository\commons-lang\commons-lang\2.2\commons-lang-2.2.jar;C:\Users\sumancb\.m2\repository\javax\mail\javax.mail-api\1.5.5\javax.mail-api-1.5.5.jar;C:\Users\sumancb\.m2\repository\com\sun\mail\javax.mail\1.6.1\javax.mail-1.6.1.jar;C:\Users\sumancb\.m2\repository\javax\activation\activation\1.1\activation-1.1.jar;C:\Users\sumancb\.m2\repository\org\springframework\data\spring-data-jpa\1.11.23.RELEASE\spring-data-jpa-1.11.23.RELEASE.jar;C:\Users\sumancb\.m2\repository\org\springframework\data\spring-data-commons\1.13.23.RELEASE\spring-data-commons-1.13.23.RELEASE.jar;C:\Users\sumancb\.m2\repository\org\springframework\spring-orm\4.3.25.RELEASE\spring-orm-4.3.25.RELEASE.jar;C:\Users\sumancb\.m2\repository\org\springframework\spring-jdbc\4.3.25.RELEASE\spring-jdbc-4.3.25.RELEASE.jar;C:\Users\sumancb\.m2\repository\org\springframework\spring-context\4.3.25.RELEASE\spring-context-4.3.25.RELEASE.jar;C:\Users\sumancb\.m2\repository\org\springframework\spring-expression\4.3.25.RELEASE\spring-expression-4.3.25.RELEASE.jar;C:\Users\sumancb\.m2\repository\org\springframework\spring-aop\4.3.25.RELEASE\spring-aop-4.3.25.RELEASE.jar;C:\Users\sumancb\.m2\repository\org\springframework\spring-tx\4.3.25.RELEASE\spring-tx-4.3.25.RELEASE.jar;C:\Users\sumancb\.m2\repository\org\springframework\spring-beans\4.3.25.RELEASE\spring-beans-4.3.25.RELEASE.jar;C:\Users\sumancb\.m2\repository\org\springframework\spring-core\4.3.25.RELEASE\spring-core-4.3.25.RELEASE.jar;C:\Users\sumancb\.m2\repository\org\aspectj\aspectjrt\1.8.13\aspectjrt-1.8.13.jar;C:\Users\sumancb\.m2\repository\org\apache\derby\derbyclient\10.11.1.1\derbyclient-10.11.1.1.jar;C:\Users\sumancb\.m2\repository\org\eclipse\persistence\org.eclipse.persistence.jpa\2.5.2\org.eclipse.persistence.jpa-2.5.2.jar;C:\Users\sumancb\.m2\repository\org\eclipse\persistence\javax.persistence\2.1.0\javax.persistence-2.1.0.jar;C:\Users\sumancb\.m2\repository\org\eclipse\persistence\org.eclipse.persistence.asm\2.5.2\org.eclipse.persistence.asm-2.5.2.jar;C:\Users\sumancb\.m2\repository\org\eclipse\persistence\org.eclipse.persistence.antlr\2.5.2\org.eclipse.persistence.antlr-2.5.2.jar;C:\Users\sumancb\.m2\repository\org\eclipse\persistence\org.eclipse.persistence.jpa.jpql\2.5.2\org.eclipse.persistence.jpa.jpql-2.5.2.jar;C:\Users\sumancb\.m2\repository\org\eclipse\persistence\org.eclipse.persistence.core\2.5.2\org.eclipse.persistence.core-2.5.2.jar;"/>
    <property name="sun.cpu.endian" value="little"/>
    <property name="user.home" value="C:\Users\sumancb"/>
    <property name="user.language" value="en"/>
    <property name="java.specification.vendor" value="Oracle Corporation"/>
    <property name="java.home" value="C:\Program Files\Java\jdk1.8.0_111\jre"/>
    <property name="basedir" value="C:\Users\sumancb\git\Enrollment\Enrollment"/>
    <property name="file.separator" value="\"/>
    <property name="line.separator" value="&#10;"/>
    <property name="java.vm.specification.vendor" value="Oracle Corporation"/>
    <property name="java.specification.name" value="Java Platform API Specification"/>
    <property name="java.awt.graphicsenv" value="sun.awt.Win32GraphicsEnvironment"/>
    <property name="surefire.real.class.path" value="C:\Users\sumancb\AppData\Local\Temp\2\surefire5659262708847201941\surefirebooter683908730360946289.jar"/>
    <property name="sun.boot.class.path" value="C:\Program Files\Java\jdk1.8.0_111\jre\lib\resources.jar;C:\Program Files\Java\jdk1.8.0_111\jre\lib\rt.jar;C:\Program Files\Java\jdk1.8.0_111\jre\lib\sunrsasign.jar;C:\Program Files\Java\jdk1.8.0_111\jre\lib\jsse.jar;C:\Program Files\Java\jdk1.8.0_111\jre\lib\jce.jar;C:\Program Files\Java\jdk1.8.0_111\jre\lib\charsets.jar;C:\Program Files\Java\jdk1.8.0_111\jre\lib\jfr.jar;C:\Program Files\Java\jdk1.8.0_111\jre\classes"/>
    <property name="user.script" value=""/>
    <property name="sun.management.compiler" value="HotSpot 64-Bit Tiered Compilers"/>
    <property name="java.runtime.version" value="1.8.0_111-b14"/>
    <property name="user.name" value="sumancb"/>
    <property name="path.separator" value=";"/>
    <property name="os.version" value="6.3"/>
    <property name="java.endorsed.dirs" value="C:\Program Files\Java\jdk1.8.0_111\jre\lib\endorsed"/>
    <property name="java.runtime.name" value="Java(TM) SE Runtime Environment"/>
    <property name="file.encoding" value="Cp1252"/>
    <property name="java.vm.name" value="Java HotSpot(TM) 64-Bit Server VM"/>
    <property name="localRepository" value="C:\Users\sumancb\.m2\repository"/>
    <property name="java.vendor.url.bug" value="http://bugreport.sun.com/bugreport/"/>
    <property name="java.io.tmpdir" value="C:\Users\sumancb\AppData\Local\Temp\2\"/>
    <property name="java.version" value="1.8.0_111"/>
    <property name="user.dir" value="C:\Users\sumancb\git\Enrollment\Enrollment"/>
    <property name="os.arch" value="amd64"/>
    <property name="java.vm.specification.name" value="Java Virtual Machine Specification"/>
    <property name="java.awt.printerjob" value="sun.awt.windows.WPrinterJob"/>
    <property name="sun.os.patch.level" value=""/>
    <property name="java.library.path" value="C:\Program Files\Java\jdk1.8.0_111\jre\bin;C:\Windows\Sun\Java\bin;C:\Windows\system32;C:\Windows;C:\Users\sumancb\.jenkins\tools\hudson.tasks.Maven_MavenInstallation\Maven_Home/bin;C:\Program Files\Java\jdk1.8.0_111/bin;C:\Program Files\Java\jdk1.8.0_111/bin;C:\Program Files (x86)\Common Files\Oracle\Java\javapath;C:\ProgramData\Oracle\Java\javapath;C:\Users\sumancb\Downloads\Gecko;C:\Windows\system32;C:\Windows;C:\Windows\System32\Wbem;C:\Windows\System32\WindowsPowerShell\v1.0\;C:\Program Files\nodejs\;C:\Program Files\Microsoft SQL Server\Client SDK\ODBC\110\Tools\Binn\;C:\Program Files (x86)\Microsoft SQL Server\120\Tools\Binn\ManagementStudio\;C:\Program Files (x86)\Microsoft SQL Server\120\Tools\Binn\;C:\Program Files\Microsoft SQL Server\120\Tools\Binn\;C:\Program Files (x86)\Microsoft SQL Server\120\DTS\Binn\;C:\Program Files\Microsoft SQL Server\120\DTS\Binn\;C:\xampp\php\;C:\Windows\SysinternalsSuite;C:\Program Files\apache-maven-3.6.2\apache-maven-3.6.2\bin;C:\Program Files\Java\jdk1.8.0_111\bin;C:\Program Files\Git\bin;C:\Program Files\Git\cmd;C:\Users\sumancb\AppData\Roaming;C:\Program Files\Java\jdk1.8.0_111\bin;C:\Users\sumancb\AppData\Roaming\npm;."/>
    <property name="java.vm.info" value="mixed mode"/>
    <property name="java.vendor" value="Oracle Corporation"/>
    <property name="java.vm.version" value="25.111-b14"/>
    <property name="java.ext.dirs" value="C:\Program Files\Java\jdk1.8.0_111\jre\lib\ext;C:\Windows\Sun\Java\lib\ext"/>
    <property name="sun.io.unicode.encoding" value="UnicodeLittle"/>
    <property name="java.class.version" value="52.0"/>
  </properties>
  <testcase name="Enroll" classname="Tests.FranchisePartner" time="287.65">
    <failure message="Critical A-Z section not displaying" type="java.lang.AssertionError">java.lang.AssertionError: Critical A-Z section not displaying
	at Tests.FranchisePartner.Enroll(FranchisePartner.java:249)
</failure>
    <system-out><![CDATA[Request URL: https://hydraqa.unicity.net/v5a-test/quotes?&expand=item
Entry Quotes response : {"items":[{"lines":{"items":[{"item":{"href":"https:\/\/hydraqa.unicity.net\/v5a-test\/items\/ab2a2b07b17718843a66bee04ff40624","id":{"unicity":"31402"},"weightEach":{"value":0},"servingsPerContainer":0,"servingSize":0},"quantity":1,"terms":{"priceEach":100,"taxEach":{"amount":9.09},"discountEach":{"amount":0},"pvEach":70}}]},"currency":"EUR"}]}
Entry request : {"order":{"customer":{"href":"https://hydraqa.unicity.net/v5a-test/customers?type=Associate"},"shipToAddress":{"country":"AT"}},"vary":{"lines":{"items":[{"item":{"href":"https://hydraqa.unicity.net/v5a-test/items?id.unicity=27700|31951|31952|32128|32129|32130|32132|32133|32134|32135|32136|32137|32138|32125|32699|33092|33094|33093|18511|19941|26422|27156|27158|27160|27166|27617|27660|27587|28601|28604|27395|15880|26560|29017|29838|17174|31772|31777|31780|31781|31782|31779|31932|31778|32553|32556|22605|32126|32127|29832|29833|32755|32756|32967|32968|32965|32966|33097|33095|33098|33096|29317|24274|24418|27150|27163|27575|30825|26567|26568|24758|29821|32012|29183|30280|29187|29191|30684|30198|31402|31672|31534|29449|29984|32087|31868|32609|32333|32330|32693"}}]}}}
]]></system-out>
    <system-err><![CDATA[SLF4J: Failed to load class "org.slf4j.impl.StaticLoggerBinder".
SLF4J: Defaulting to no-operation (NOP) logger implementation
SLF4J: See http://www.slf4j.org/codes.html#StaticLoggerBinder for further details.
Starting ChromeDriver 2.36.540470 (e522d04694c7ebea4ba8821272dbef4f9b818c91) on port 47254
Only local connections are allowed.
Jun 30, 2020 9:40:13 AM org.openqa.selenium.remote.ProtocolHandshake createSession
INFO: Detected dialect: OSS
]]></system-err>
  </testcase>
  <testcase name="Enroll" classname="Tests.FranchisePartner" time="286.953">
    <failure message="Critical A-Z section not displaying" type="java.lang.AssertionError">java.lang.AssertionError: Critical A-Z section not displaying
	at Tests.FranchisePartner.Enroll(FranchisePartner.java:249)
</failure>
    <system-out><![CDATA[Request URL: https://hydraqa.unicity.net/v5a-test/quotes?&expand=item
Entry Quotes response : {"items":[{"lines":{"items":[{"item":{"href":"https:\/\/hydraqa.unicity.net\/v5a-test\/items\/ab2a2b07b17718843a66bee04ff40624","id":{"unicity":"31402"},"weightEach":{"value":0},"servingsPerContainer":0,"servingSize":0},"quantity":1,"terms":{"priceEach":100,"taxEach":{"amount":9.09},"discountEach":{"amount":0},"pvEach":70}}]},"currency":"EUR"}]}
Entry request : {"order":{"customer":{"href":"https://hydraqa.unicity.net/v5a-test/customers?type=Associate"},"shipToAddress":{"country":"AT"}},"vary":{"lines":{"items":[{"item":{"href":"https://hydraqa.unicity.net/v5a-test/items?id.unicity=27700|31951|31952|32128|32129|32130|32132|32133|32134|32135|32136|32137|32138|32125|32699|33092|33094|33093|18511|19941|26422|27156|27158|27160|27166|27617|27660|27587|28601|28604|27395|15880|26560|29017|29838|17174|31772|31777|31780|31781|31782|31779|31932|31778|32553|32556|22605|32126|32127|29832|29833|32755|32756|32967|32968|32965|32966|33097|33095|33098|33096|29317|24274|24418|27150|27163|27575|30825|26567|26568|24758|29821|32012|29183|30280|29187|29191|30684|30198|31402|31672|31534|29449|29984|32087|31868|32609|32333|32330|32693"}}]}}}
]]></system-out>
    <system-err><![CDATA[Starting ChromeDriver 2.36.540470 (e522d04694c7ebea4ba8821272dbef4f9b818c91) on port 22058
Only local connections are allowed.
Jun 30, 2020 9:45:08 AM org.openqa.selenium.remote.ProtocolHandshake createSession
INFO: Detected dialect: OSS
]]></system-err>
  </testcase>
  <testcase name="Enroll" classname="Tests.FranchisePartner" time="270.867">
    <failure message="Major Total Price is Wrong expected [544.67] but found [562.82]" type="java.lang.AssertionError">java.lang.AssertionError: Major Total Price is Wrong expected [544.67] but found [562.82]
	at Tests.FranchisePartner.Enroll(FranchisePartner.java:253)
</failure>
    <system-out><![CDATA[Request URL: https://hydraqa.unicity.net/v5a-test/quotes?&expand=item
Entry Quotes response : {"items":[{"lines":{"items":[{"item":{"href":"https:\/\/hydraqa.unicity.net\/v5a-test\/items\/051e765a5a71835a859c2757edd359f0","id":{"unicity":"26580"}},"quantity":1,"terms":{"priceEach":195,"taxEach":{"amount":0},"discountEach":{"amount":0},"pvEach":130}}]},"currency":"USD"},{"lines":{"items":[{"item":{"href":"https:\/\/hydraqa.unicity.net\/v5a-test\/items\/3ddd31ddbe0e5807756d2488e7cc3602","id":{"unicity":"31440"}},"quantity":1,"terms":{"priceEach":40,"taxEach":{"amount":0},"discountEach":{"amount":0},"pvEach":0}}]},"currency":"USD"},{"lines":{"items":[{"item":{"href":"https:\/\/hydraqa.unicity.net\/v5a-test\/items\/90d5ee3af77bdc64ecf28a45b604bf3d","id":{"unicity":"31441"}},"quantity":1,"terms":{"priceEach":40,"taxEach":{"amount":0},"discountEach":{"amount":0},"pvEach":0}}]},"currency":"USD"},{"lines":{"items":[{"item":{"href":"https:\/\/hydraqa.unicity.net\/v5a-test\/items\/c201dcd36f4bb7e17e7a8481ef08d6f2","id":{"unicity":"31518"}},"quantity":1,"terms":{"priceEach":29,"taxEach":{"amount":0},"discountEach":{"amount":0},"pvEach":14}}]},"currency":"USD"},{"lines":{"items":[{"item":{"href":"https:\/\/hydraqa.unicity.net\/v5a-test\/items\/bed533c634e887357ff031d8e4c776b0","id":{"unicity":"31751"}},"quantity":1,"terms":{"priceEach":99,"taxEach":{"amount":0},"discountEach":{"amount":0},"pvEach":50}}]},"currency":"USD"},{"lines":{"items":[{"item":{"href":"https:\/\/hydraqa.unicity.net\/v5a-test\/items\/38da42f991a40a00153b2e5055b82dbf","id":{"unicity":"27801"}},"quantity":1,"terms":{"priceEach":195,"taxEach":{"amount":0},"discountEach":{"amount":0},"pvEach":130}}]},"currency":"USD"},{"lines":{"items":[{"item":{"href":"https:\/\/hydraqa.unicity.net\/v5a-test\/items\/cf8460040a1860bcabf250b6c1171675","id":{"unicity":"31858"}},"quantity":1,"terms":{"priceEach":269,"taxEach":{"amount":0},"discountEach":{"amount":0},"pvEach":195}}]},"currency":"USD"},{"lines":{"items":[{"item":{"href":"https:\/\/hydraqa.unicity.net\/v5a-test\/items\/2de8516a24af8232add0bb392e750a71","id":{"unicity":"31859"}},"quantity":1,"terms":{"priceEach":179,"taxEach":{"amount":0},"discountEach":{"amount":0},"pvEach":130}}]},"currency":"USD"},{"lines":{"items":[{"item":{"href":"https:\/\/hydraqa.unicity.net\/v5a-test\/items\/e47fd287212acedd1cffb2b67bf623bd","id":{"unicity":"31862"}},"quantity":1,"terms":{"priceEach":210,"taxEach":{"amount":0},"discountEach":{"amount":0},"pvEach":148}}]},"currency":"USD"},{"lines":{"items":[{"item":{"href":"https:\/\/hydraqa.unicity.net\/v5a-test\/items\/50747027a065cb8361c1f0d6eb880466","id":{"unicity":"32030"}},"quantity":1,"terms":{"priceEach":143,"taxEach":{"amount":0},"discountEach":{"amount":0},"pvEach":102}}]},"currency":"USD"},{"lines":{"items":[{"item":{"href":"https:\/\/hydraqa.unicity.net\/v5a-test\/items\/292b6aee9c1193e9488e9ae6e3a845e4","id":{"unicity":"29684"}},"quantity":1,"terms":{"priceEach":242,"taxEach":{"amount":0},"discountEach":{"amount":0},"pvEach":144}}]},"currency":"USD"},{"lines":{"items":[{"item":{"href":"https:\/\/hydraqa.unicity.net\/v5a-test\/items\/00c2eb70c985722ce208490aece00945","id":{"unicity":"31729"}},"quantity":1,"terms":{"priceEach":143,"taxEach":{"amount":0},"discountEach":{"amount":0},"pvEach":100}}]},"currency":"USD"},{"lines":{"items":[{"item":{"href":"https:\/\/hydraqa.unicity.net\/v5a-test\/items\/693a7c4a70b06a00471afe8d6cae5023","id":{"unicity":"31730"}},"quantity":1,"terms":{"priceEach":120,"taxEach":{"amount":0},"discountEach":{"amount":0},"pvEach":80}}]},"currency":"USD"},{"lines":{"items":[{"item":{"href":"https:\/\/hydraqa.unicity.net\/v5a-test\/items\/ccb242d74dcb1fe621cc7bfe1b1de315","id":{"unicity":"31731"}},"quantity":1,"terms":{"priceEach":89,"taxEach":{"amount":0},"discountEach":{"amount":0},"pvEach":60}}]},"currency":"USD"},{"lines":{"items":[{"item":{"href":"https:\/\/hydraqa.unicity.net\/v5a-test\/items\/9ff4257741d464b686d15be955b8afb6","id":{"unicity":"0963"}},"quantity":1,"terms":{"priceEach":42,"taxEach":{"amount":0},"discountEach":{"amount":0},"pvEach":25}}]},"currency":"USD"},{"lines":{"items":[{"item":{"href":"https:\/\/hydraqa.unicity.net\/v5a-test\/items\/716b7a0bca7fa73e42e000d668e7ee65","id":{"unicity":"15129"}},"quantity":1,"terms":{"priceEach":22,"taxEach":{"amount":0},"discountEach":{"amount":0},"pvEach":10}}]},"currency":"USD"},{"lines":{"items":[{"item":{"href":"https:\/\/hydraqa.unicity.net\/v5a-test\/items\/390a7ae70d5669561ecdf7d5cff2671b","id":{"unicity":"15271"}},"quantity":1,"terms":{"priceEach":69,"taxEach":{"amount":0},"discountEach":{"amount":0},"pvEach":27}}]},"currency":"USD"},{"lines":{"items":[{"item":{"href":"https:\/\/hydraqa.unicity.net\/v5a-test\/items\/4b2034f47fce90b87bba28c5c2d7c25d","id":{"unicity":"15880"}},"quantity":1,"terms":{"priceEach":59,"taxEach":{"amount":0},"discountEach":{"amount":0},"pvEach":41}}]},"currency":"USD"},{"lines":{"items":[{"item":{"href":"https:\/\/hydraqa.unicity.net\/v5a-test\/items\/2c4c1abe00983e85aaa918d2ce341491","id":{"unicity":"17174"}},"quantity":1,"terms":{"priceEach":17,"taxEach":{"amount":0},"discountEach":{"amount":0},"pvEach":10}}]},"currency":"USD"},{"lines":{"items":[{"item":{"href":"https:\/\/hydraqa.unicity.net\/v5a-test\/items\/cea826eab72d44641c070aab6c97c1ac","id":{"unicity":"22747"}},"quantity":1,"terms":{"priceEach":27,"taxEach":{"amount":0},"discountEach":{"amount":0},"pvEach":16}}]},"currency":"USD"},{"lines":{"items":[{"item":{"href":"https:\/\/hydraqa.unicity.net\/v5a-test\/items\/5c2f1613082782e691d32fe9ce034026","id":{"unicity":"23728"}},"quantity":1,"terms":{"priceEach":26,"taxEach":{"amount":0},"discountEach":{"amount":0},"pvEach":13}}]},"currency":"USD"},{"lines":{"items":[{"item":{"href":"https:\/\/hydraqa.unicity.net\/v5a-test\/items\/64ec7ad932acafab052a4e8800ad1238","id":{"unicity":"24758"}},"quantity":1,"terms":{"priceEach":31,"taxEach":{"amount":0},"discountEach":{"amount":0},"pvEach":21}}]},"currency":"USD"},{"lines":{"items":[{"item":{"href":"https:\/\/hydraqa.unicity.net\/v5a-test\/items\/9a7715e888c94989d898fe4653645721","id":{"unicity":"26550"}},"quantity":1,"terms":{"priceEach":80,"taxEach":{"amount":0},"discountEach":{"amount":0},"pvEach":52}}]},"currency":"USD"},{"lines":{"items":[{"item":{"href":"https:\/\/hydraqa.unicity.net\/v5a-test\/items\/3af97c67f653253825a9189a27da57d6","id":{"unicity":"26556"}},"quantity":1,"terms":{"priceEach":79,"taxEach":{"amount":0},"discountEach":{"amount":0},"pvEach":61}}]},"currency":"USD"},{"lines":{"items":[{"item":{"href":"https:\/\/hydraqa.unicity.net\/v5a-test\/items\/0cf62d38e91953b43dcfe88b06f813cb","id":{"unicity":"26557"}},"quantity":1,"terms":{"priceEach":79,"taxEach":{"amount":0},"discountEach":{"amount":0},"pvEach":61}}]},"currency":"USD"},{"lines":{"items":[{"item":{"href":"https:\/\/hydraqa.unicity.net\/v5a-test\/items\/398d06b858b960f6f38086d40608aef2","id":{"unicity":"26560"}},"quantity":1,"terms":{"priceEach":16,"taxEach":{"amount":0},"discountEach":{"amount":0},"pvEach":12}}]},"currency":"USD"},{"lines":{"items":[{"item":{"href":"https:\/\/hydraqa.unicity.net\/v5a-test\/items\/cda534d686af5d627c94c4bb2c4b57d8","id":{"unicity":"26561"}},"quantity":1,"terms":{"priceEach":16,"taxEach":{"amount":0},"discountEach":{"amount":0},"pvEach":11}}]},"currency":"USD"},{"lines":{"items":[{"item":{"href":"https:\/\/hydraqa.unicity.net\/v5a-test\/items\/0a3ede185ddf034630afd891c5106d33","id":{"unicity":"26562"}},"quantity":1,"terms":{"priceEach":33,"taxEach":{"amount":0},"discountEach":{"amount":0},"pvEach":25}}]},"currency":"USD"},{"lines":{"items":[{"item":{"href":"https:\/\/hydraqa.unicity.net\/v5a-test\/items\/16ca68abaaa92505c257be022a154769","id":{"unicity":"27615"}},"quantity":1,"terms":{"priceEach":29,"taxEach":{"amount":0},"discountEach":{"amount":0},"pvEach":21}}]},"currency":"USD"},{"lines":{"items":[{"item":{"href":"https:\/\/hydraqa.unicity.net\/v5a-test\/items\/1bd53de7fe880ba71f46c9976ca2c137","id":{"unicity":"27739"}},"quantity":1,"terms":{"priceEach":33,"taxEach":{"amount":0},"discountEach":{"amount":0},"pvEach":13}}]},"currency":"USD"},{"lines":{"items":[{"item":{"href":"https:\/\/hydraqa.unicity.net\/v5a-test\/items\/1945faa1776541d53120ecfe3c1d8a2b","id":{"unicity":"24418"}},"quantity":1,"terms":{"priceEach":5,"taxEach":{"amount":0},"discountEach":{"amount":0},"pvEach":0}}]},"currency":"USD"},{"lines":{"items":[{"item":{"href":"https:\/\/hydraqa.unicity.net\/v5a-test\/items\/9a6e1d094182389c3da8e0a320ff0e00","id":{"unicity":"27585"}},"quantity":1,"terms":{"priceEach":56,"taxEach":{"amount":0},"discountEach":{"amount":0},"pvEach":33}}]},"currency":"USD"},{"lines":{"items":[{"item":{"href":"https:\/\/hydraqa.unicity.net\/v5a-test\/items\/84bf86533ae28dc84370f3699cc13a1d","id":{"unicity":"17744"}},"quantity":1,"terms":{"priceEach":97,"taxEach":{"amount":0},"discountEach":{"amount":0},"pvEach":62}}]},"currency":"USD"},{"lines":{"items":[{"item":{"href":"https:\/\/hydraqa.unicity.net\/v5a-test\/items\/b127a2d34d3d73e2f53e4c2002a7a4a2","id":{"unicity":"25008"}},"quantity":1,"terms":{"priceEach":19,"taxEach":{"amount":0},"discountEach":{"amount":0},"pvEach":15}}]},"currency":"USD"},{"lines":{"items":[{"item":{"href":"https:\/\/hydraqa.unicity.net\/v5a-test\/items\/10da226fab00279b4f89df10af2a10b7","id":{"unicity":"26442"}},"quantity":1,"terms":{"priceEach":6,"taxEach":{"amount":0},"discountEach":{"amount":0},"pvEach":0}}]},"currency":"USD"},{"lines":{"items":[{"item":{"href":"https:\/\/hydraqa.unicity.net\/v5a-test\/items\/80a898d805f759925797847a176bf62f","id":{"unicity":"26551"}},"quantity":1,"terms":{"priceEach":80,"taxEach":{"amount":0},"discountEach":{"amount":0},"pvEach":52}}]},"currency":"USD"},{"lines":{"items":[{"item":{"href":"https:\/\/hydraqa.unicity.net\/v5a-test\/items\/933f0856fd8ec1df83c5283dabf4ec3c","id":{"unicity":"6200"}},"quantity":1,"terms":{"priceEach":68,"taxEach":{"amount":0},"discountEach":{"amount":0},"pvEach":47}}]},"currency":"USD"},{"lines":{"items":[{"item":{"href":"https:\/\/hydraqa.unicity.net\/v5a-test\/items\/8d994059c399f5551ab112574e4476fc","id":{"unicity":"24785"}},"quantity":1,"terms":{"priceEach":14,"taxEach":{"amount":0},"discountEach":{"amount":0},"pvEach":9}}]},"currency":"USD"},{"lines":{"items":[{"item":{"href":"https:\/\/hydraqa.unicity.net\/v5a-test\/items\/aa0d72ac13b1ce88cf8c4a52ede75a37","id":{"unicity":"26552"}},"quantity":1,"terms":{"priceEach":70,"taxEach":{"amount":0},"discountEach":{"amount":0},"pvEach":50}}]},"currency":"USD"},{"lines":{"items":[{"item":{"href":"https:\/\/hydraqa.unicity.net\/v5a-test\/items\/8b5ed9aa6c6132e1be5e446f69a3465e","id":{"unicity":"0954"}},"quantity":1,"terms":{"priceEach":21,"taxEach":{"amount":0},"discountEach":{"amount":0},"pvEach":15}}]},"currency":"USD"},{"lines":{"items":[{"item":{"href":"https:\/\/hydraqa.unicity.net\/v5a-test\/items\/b2fc4b9ba4aa5cae54389161be2f841f","id":{"unicity":"18401"}},"quantity":1,"terms":{"priceEach":31,"taxEach":{"amount":0},"discountEach":{"amount":0},"pvEach":19}}]},"currency":"USD"},{"lines":{"items":[{"item":{"href":"https:\/\/hydraqa.unicity.net\/v5a-test\/items\/48433ffc76597c823adc2b8627e033e4","id":{"unicity":"26559"}},"quantity":1,"terms":{"priceEach":30,"taxEach":{"amount":0},"discountEach":{"amount":0},"pvEach":20}}]},"currency":"USD"},{"lines":{"items":[{"item":{"href":"https:\/\/hydraqa.unicity.net\/v5a-test\/items\/5a38f009bec6c23b1b3a70432f9722e5","id":{"unicity":"19596"}},"quantity":1,"terms":{"priceEach":49,"taxEach":{"amount":0},"discountEach":{"amount":0},"pvEach":30}}]},"currency":"USD"},{"lines":{"items":[{"item":{"href":"https:\/\/hydraqa.unicity.net\/v5a-test\/items\/9ce45d695c87f93b29794041362b5192","id":{"unicity":"26945"}},"quantity":1,"terms":{"priceEach":35,"taxEach":{"amount":0},"discountEach":{"amount":0},"pvEach":0}}]},"currency":"USD"},{"lines":{"items":[{"item":{"href":"https:\/\/hydraqa.unicity.net\/v5a-test\/items\/ddef5f478ff91aa2263b646a3bd03dea","id":{"unicity":"21420"}},"quantity":1,"terms":{"priceEach":24,"taxEach":{"amount":0},"discountEach":{"amount":0},"pvEach":10}}]},"currency":"USD"},{"lines":{"items":[{"item":{"href":"https:\/\/hydraqa.unicity.net\/v5a-test\/items\/55d3b550a17b78175cc5ac565e4266e8","id":{"unicity":"24621"}},"quantity":1,"terms":{"priceEach":20,"taxEach":{"amount":0},"discountEach":{"amount":0},"pvEach":12}}]},"currency":"USD"},{"lines":{"items":[{"item":{"href":"https:\/\/hydraqa.unicity.net\/v5a-test\/items\/9d9d002b0e21b9bd58ad0154a4f781c5","id":{"unicity":"28836"}},"quantity":1,"terms":{"priceEach":58,"taxEach":{"amount":0},"discountEach":{"amount":0},"pvEach":36}}]},"currency":"USD"},{"lines":{"items":[{"item":{"href":"https:\/\/hydraqa.unicity.net\/v5a-test\/items\/399be8efa903b362515c48315ab2afb9","id":{"unicity":"15712"}},"quantity":1,"terms":{"priceEach":15,"taxEach":{"amount":0},"discountEach":{"amount":0},"pvEach":5}}]},"currency":"USD"},{"lines":{"items":[{"item":{"href":"https:\/\/hydraqa.unicity.net\/v5a-test\/items\/d489ec0d50f6e28d5743afc65439631b","id":{"unicity":"0960"}},"quantity":1,"terms":{"priceEach":37,"taxEach":{"amount":0},"discountEach":{"amount":0},"pvEach":23}}]},"currency":"USD"},{"lines":{"items":[{"item":{"href":"https:\/\/hydraqa.unicity.net\/v5a-test\/items\/66839181d7531692a8d886a9da6fb4d6","id":{"unicity":"25369"}},"quantity":1,"terms":{"priceEach":48,"taxEach":{"amount":0},"discountEach":{"amount":0},"pvEach":25}}]},"currency":"USD"},{"lines":{"items":[{"item":{"href":"https:\/\/hydraqa.unicity.net\/v5a-test\/items\/0eebdede5bdb8bf4d71e800b6f3cead1","id":{"unicity":"30825"}},"quantity":1,"terms":{"priceEach":49,"taxEach":{"amount":0},"discountEach":{"amount":0},"pvEach":25}}]},"currency":"USD"},{"lines":{"items":[{"item":{"href":"https:\/\/hydraqa.unicity.net\/v5a-test\/items\/8ed7a8910d5c5335774fa9cfae0e511d","id":{"unicity":"18386"}},"quantity":1,"terms":{"priceEach":27,"taxEach":{"amount":0},"discountEach":{"amount":0},"pvEach":21}}]},"currency":"USD"},{"lines":{"items":[{"item":{"href":"https:\/\/hydraqa.unicity.net\/v5a-test\/items\/3f2d12d7a0e8551fc99fad3bbe1ba633","id":{"unicity":"26567"}},"quantity":1,"terms":{"priceEach":56,"taxEach":{"amount":0},"discountEach":{"amount":0},"pvEach":35}}]},"currency":"USD"},{"lines":{"items":[{"item":{"href":"https:\/\/hydraqa.unicity.net\/v5a-test\/items\/191637167cb3144bd2e8c4615e9ab67e","id":{"unicity":"26568"}},"quantity":1,"terms":{"priceEach":56,"taxEach":{"amount":0},"discountEach":{"amount":0},"pvEach":35}}]},"currency":"USD"},{"lines":{"items":[{"item":{"href":"https:\/\/hydraqa.unicity.net\/v5a-test\/items\/2cefc6a61faaae3455a5adcb0d8fc74f","id":{"unicity":"15907"}},"quantity":1,"terms":{"priceEach":15,"taxEach":{"amount":0},"discountEach":{"amount":0},"pvEach":5}}]},"currency":"USD"},{"lines":{"items":[{"item":{"href":"https:\/\/hydraqa.unicity.net\/v5a-test\/items\/fa2407c91e64e66a72ab45172eb978df","id":{"unicity":"0988"}},"quantity":1,"terms":{"priceEach":36,"taxEach":{"amount":0},"discountEach":{"amount":0},"pvEach":23}}]},"currency":"USD"},{"lines":{"items":[{"item":{"href":"https:\/\/hydraqa.unicity.net\/v5a-test\/items\/40a1044968ea62276f4ba87fd2ef0d8f","id":{"unicity":"12230"}},"quantity":1,"terms":{"priceEach":45,"taxEach":{"amount":0},"discountEach":{"amount":0},"pvEach":18}}]},"currency":"USD"},{"lines":{"items":[{"item":{"href":"https:\/\/hydraqa.unicity.net\/v5a-test\/items\/112b8c39286598b3730f630f371a45f4","id":{"unicity":"27587"}},"quantity":1,"terms":{"priceEach":58,"taxEach":{"amount":0},"discountEach":{"amount":0},"pvEach":33}}]},"currency":"USD"},{"lines":{"items":[{"item":{"href":"https:\/\/hydraqa.unicity.net\/v5a-test\/items\/e218d1cac5f31e7ae4f5876c29c57377","id":{"unicity":"29017"}},"quantity":1,"terms":{"priceEach":38,"taxEach":{"amount":0},"discountEach":{"amount":0},"pvEach":26}}]},"currency":"USD"},{"lines":{"items":[{"item":{"href":"https:\/\/hydraqa.unicity.net\/v5a-test\/items\/25eaf64b36ce31368f17ae789fd9ac5b","id":{"unicity":"29694"}},"quantity":1,"terms":{"priceEach":56,"taxEach":{"amount":0},"discountEach":{"amount":0},"pvEach":33}}]},"currency":"USD"},{"lines":{"items":[{"item":{"href":"https:\/\/hydraqa.unicity.net\/v5a-test\/items\/634f7efb30392b2a919de1355902d975","id":{"unicity":"29408"}},"quantity":1,"terms":{"priceEach":80,"taxEach":{"amount":0},"discountEach":{"amount":0},"pvEach":52}}]},"currency":"USD"},{"lines":{"items":[{"item":{"href":"https:\/\/hydraqa.unicity.net\/v5a-test\/items\/bb5c627f16547cb4f706cef521bca356","id":{"unicity":"29437"}},"quantity":1,"terms":{"priceEach":62,"taxEach":{"amount":0},"discountEach":{"amount":0},"pvEach":36}}]},"currency":"USD"},{"lines":{"items":[{"item":{"href":"https:\/\/hydraqa.unicity.net\/v5a-test\/items\/991cdbb84a495779eb209fb3956a77e4","id":{"unicity":"29183"}},"quantity":1,"terms":{"priceEach":42,"taxEach":{"amount":0},"discountEach":{"amount":0},"pvEach":24}}]},"currency":"USD"},{"lines":{"items":[{"item":{"href":"https:\/\/hydraqa.unicity.net\/v5a-test\/items\/1b0412bea8c0b841c66f65a36aa14108","id":{"unicity":"29191"}},"quantity":1,"terms":{"priceEach":64,"taxEach":{"amount":0},"discountEach":{"amount":0},"pvEach":36}}]},"currency":"USD"},{"lines":{"items":[{"item":{"href":"https:\/\/hydraqa.unicity.net\/v5a-test\/items\/362999101a321b721c87110710ae77b0","id":{"unicity":"29352"}},"quantity":1,"terms":{"priceEach":119,"taxEach":{"amount":0},"discountEach":{"amount":0},"pvEach":80}}]},"currency":"USD"},{"lines":{"items":[{"item":{"href":"https:\/\/hydraqa.unicity.net\/v5a-test\/items\/24ff5bda40c0d0e7eaa511866d052915","id":{"unicity":"29612"}},"quantity":1,"terms":{"priceEach":49,"taxEach":{"amount":0},"discountEach":{"amount":0},"pvEach":30}}]},"currency":"USD"},{"lines":{"items":[{"item":{"href":"https:\/\/hydraqa.unicity.net\/v5a-test\/items\/e0a19d3d676bccfdba0ab3d9f2766359","id":{"unicity":"30350"}},"quantity":1,"terms":{"priceEach":50,"taxEach":{"amount":0},"discountEach":{"amount":0},"pvEach":30}}]},"currency":"USD"},{"lines":{"items":[{"item":{"href":"https:\/\/hydraqa.unicity.net\/v5a-test\/items\/024e696f8b44a1d315006e676604cd31","id":{"unicity":"27395"}},"quantity":1,"terms":{"priceEach":25,"taxEach":{"amount":0},"discountEach":{"amount":0},"pvEach":16}}]},"currency":"USD"},{"lines":{"items":[{"item":{"href":"https:\/\/hydraqa.unicity.net\/v5a-test\/items\/05ca08f3808f126c0cc42154c50fc75c","id":{"unicity":"29440"}},"quantity":1,"terms":{"priceEach":120,"taxEach":{"amount":0},"discountEach":{"amount":0},"pvEach":90}}]},"currency":"USD"},{"lines":{"items":[{"item":{"href":"https:\/\/hydraqa.unicity.net\/v5a-test\/items\/764e2db430d361da99e8f6b70c4d0244","id":{"unicity":"29830"}},"quantity":1,"terms":{"priceEach":17,"taxEach":{"amount":0},"discountEach":{"amount":0},"pvEach":7}}]},"currency":"USD"},{"lines":{"items":[{"item":{"href":"https:\/\/hydraqa.unicity.net\/v5a-test\/items\/035189015384166df518a68ede0299a9","id":{"unicity":"30408"}},"quantity":1,"terms":{"priceEach":84,"taxEach":{"amount":0},"discountEach":{"amount":0},"pvEach":50}}]},"currency":"USD"},{"lines":{"items":[{"item":{"href":"https:\/\/hydraqa.unicity.net\/v5a-test\/items\/b91affa753dd5ee8a9acef4fa7e2c9a7","id":{"unicity":"30414"}},"quantity":1,"terms":{"priceEach":94,"taxEach":{"amount":0},"discountEach":{"amount":0},"pvEach":65}}]},"currency":"USD"},{"lines":{"items":[{"item":{"href":"https:\/\/hydraqa.unicity.net\/v5a-test\/items\/2835b1a78e379486f0ffbfd5fb9f6b0a","id":{"unicity":"30400"}},"quantity":1,"terms":{"priceEach":38,"taxEach":{"amount":0},"discountEach":{"amount":0},"pvEach":28}}]},"currency":"USD"},{"lines":{"items":[{"item":{"href":"https:\/\/hydraqa.unicity.net\/v5a-test\/items\/0e78fbdfebef11cd62f8d2120064ee58","id":{"unicity":"30280"}},"quantity":1,"terms":{"priceEach":42,"taxEach":{"amount":0},"discountEach":{"amount":0},"pvEach":24}}]},"currency":"USD"},{"lines":{"items":[{"item":{"href":"https:\/\/hydraqa.unicity.net\/v5a-test\/items\/d306a0b65f27f19b4968e5c05906a9f4","id":{"unicity":"31314"}},"quantity":1,"terms":{"priceEach":388,"taxEach":{"amount":0},"discountEach":{"amount":0},"pvEach":268}}]},"currency":"USD"},{"lines":{"items":[{"item":{"href":"https:\/\/hydraqa.unicity.net\/v5a-test\/items\/5bda067b70c43971650a6ef983f612e4","id":{"unicity":"31728"}},"quantity":1,"terms":{"priceEach":126,"taxEach":{"amount":0},"discountEach":{"amount":0},"pvEach":94}}]},"currency":"USD"},{"lines":{"items":[{"item":{"href":"https:\/\/hydraqa.unicity.net\/v5a-test\/items\/3875e24e6b6ebdf36c79d205614ed51e","id":{"unicity":"31846"}},"quantity":1,"terms":{"priceEach":126,"taxEach":{"amount":0},"discountEach":{"amount":0},"pvEach":94}}]},"currency":"USD"},{"lines":{"items":[{"item":{"href":"https:\/\/hydraqa.unicity.net\/v5a-test\/items\/89b6d29a85a88d44d65bc8cca3fefc65","id":{"unicity":"31845"}},"quantity":1,"terms":{"priceEach":143,"taxEach":{"amount":0},"discountEach":{"amount":0},"pvEach":100}}]},"currency":"USD"},{"lines":{"items":[{"item":{"href":"https:\/\/hydraqa.unicity.net\/v5a-test\/items\/fbb319232b7eed110794d46a68302acb","id":{"unicity":"31847"}},"quantity":1,"terms":{"priceEach":120,"taxEach":{"amount":0},"discountEach":{"amount":0},"pvEach":80}}]},"currency":"USD"},{"lines":{"items":[{"item":{"href":"https:\/\/hydraqa.unicity.net\/v5a-test\/items\/fd464cd7972cc1317e850b9196d886b8","id":{"unicity":"31863"}},"quantity":1,"terms":{"priceEach":210,"taxEach":{"amount":0},"discountEach":{"amount":0},"pvEach":148}}]},"currency":"USD"},{"lines":{"items":[{"item":{"href":"https:\/\/hydraqa.unicity.net\/v5a-test\/items\/d4c8fce238d6fc34d17a4b36d1e4e59a","id":{"unicity":"31860"}},"quantity":1,"terms":{"priceEach":196,"taxEach":{"amount":0},"discountEach":{"amount":0},"pvEach":135}}]},"currency":"USD"},{"lines":{"items":[{"item":{"href":"https:\/\/hydraqa.unicity.net\/v5a-test\/items\/4ab49eca1731e69206ccafb5112ad5a4","id":{"unicity":"31861"}},"quantity":1,"terms":{"priceEach":196,"taxEach":{"amount":0},"discountEach":{"amount":0},"pvEach":135}}]},"currency":"USD"},{"lines":{"items":[{"item":{"href":"https:\/\/hydraqa.unicity.net\/v5a-test\/items\/077823d29445b9020de9931f10c63efd","id":{"unicity":"31958"}},"quantity":1,"terms":{"priceEach":129,"taxEach":{"amount":0},"discountEach":{"amount":0},"pvEach":85}}]},"currency":"USD"},{"lines":{"items":[{"item":{"href":"https:\/\/hydraqa.unicity.net\/v5a-test\/items\/bfddb53fe0d5ed5432c531dc9850cbe4","id":{"unicity":"29449"}},"quantity":1,"terms":{"priceEach":37,"taxEach":{"amount":0},"discountEach":{"amount":0},"pvEach":25}}]},"currency":"USD"},{"lines":{"items":[{"item":{"href":"https:\/\/hydraqa.unicity.net\/v5a-test\/items\/7fc100f8d20814757efe2d79e41b315c","id":{"unicity":"32021"}},"quantity":1,"terms":{"priceEach":89,"taxEach":{"amount":0},"discountEach":{"amount":0},"pvEach":60}}]},"currency":"USD"},{"lines":{"items":[{"item":{"href":"https:\/\/hydraqa.unicity.net\/v5a-test\/items\/c674cdded8a54983aae3c5dcb32c9e38","id":{"unicity":"32628"}},"quantity":1,"terms":{"priceEach":80,"taxEach":{"amount":0},"discountEach":{"amount":0},"pvEach":50}}]},"currency":"USD"},{"lines":{"items":[{"item":{"href":"https:\/\/hydraqa.unicity.net\/v5a-test\/items\/69d8547e9e264505ce055e09920659fd","id":{"unicity":"33019"}},"quantity":1,"terms":{"priceEach":202,"taxEach":{"amount":0},"discountEach":{"amount":0},"pvEach":151}}]},"currency":"USD"},{"lines":{"items":[{"item":{"href":"https:\/\/hydraqa.unicity.net\/v5a-test\/items\/30b5c0f54df52286b3d87a6a1dfd314a","id":{"unicity":"33018"}},"quantity":1,"terms":{"priceEach":205,"taxEach":{"amount":0},"discountEach":{"amount":0},"pvEach":133}}]},"currency":"USD"},{"lines":{"items":[{"item":{"href":"https:\/\/hydraqa.unicity.net\/v5a-test\/items\/16a422e03f6e3a79ba7bcd7fd50e31c0","id":{"unicity":"33017"}},"quantity":1,"terms":{"priceEach":150,"taxEach":{"amount":0},"discountEach":{"amount":0},"pvEach":110}}]},"currency":"USD"},{"lines":{"items":[{"item":{"href":"https:\/\/hydraqa.unicity.net\/v5a-test\/items\/30f2eb8ab275ef57ae8082b3435a3d69","id":{"unicity":"33016"}},"quantity":1,"terms":{"priceEach":199,"taxEach":{"amount":0},"discountEach":{"amount":0},"pvEach":142}}]},"currency":"USD"}]}
Entry request : {"order":{"customer":{"href":"https://hydraqa.unicity.net/v5a-test/customers?type=Associate"},"shipToAddress":{"country":"US"}},"vary":{"lines":{"items":[{"item":{"href":"https://hydraqa.unicity.net/v5a-test/items?id.unicity=26580|31440|31441|31518|31751|27801|31858|31859|31862|32030|29684|31729|31730|31731|0963|15129|15271|15880|17174|22745|22747|23728|24758|25022|26550|26556|26557|26560|26561|26562|27615|27739|24418|27585|17744|25008|26442|26551|6200|15916|18908|24785|26552|27028|0954|18401|27029|26559|19596|26945|21420|24621|28836|15712|0960|25369|30825|18386|26567|26568|15907|28513|3107|0988|12230|26950|26786|27587|29017|29694|29408|29437|29183|29191|29352|29612|30350|27395|29440|29830|30408|30414|30400|30280|31314|31728|31846|31845|31847|31863|31860|31861|31958|29449|32021|32628|33019|33018|33017|33016|32019|26555"}}]}}}
Request URL: https://hydraqa.unicity.net/v5a-test/customers.js?_httpMethod=HEAD&callback=angular.callbacks._1&email=KKNMNY@gmail.com
Unicity [Date=Tue, 30 Jun 2020 15:53:08 GMT, Content-Type=text/javascript; charset=utf-8, Content-Length=1886, Connection=keep-alive, Set-Cookie=__cfduid=dac94bf271621284c8d6ed74b65c47f5b1593532382; expires=Thu, 30-Jul-20 15:53:02 GMT; path=/; domain=.unicity.net; HttpOnly; SameSite=Lax, X-Powered-By=Express, x-request-id=baf7a7b8-ce88-4beb-9681-e446f13104d2, x-request-release=5-2020063001/master, x-request-uuid=baf7a7b8-ce88-4beb-9681-e446f13104d2, Access-Control-Allow-Origin=http://enroll.ng.unicityqa.com, vary=Accept-Encoding, link=<http://unicity.github.io/Hydra.php/docs/v5/>; rel="help", www-authenticate=Basic realm="Restricted API", cache-control=no-cache, must-revalidate, expires=0, content-language=en-US, x-status-code=200, content-encoding=gzip, x-envoy-upstream-service-time=5491, access-control-expose-headers=x-b3-traceid, x-request-id, ETag=W/"75e-Jck0Zwcawwzjzzf4FfR4io+XRTs", CF-Cache-Status=DYNAMIC, cf-request-id=03a78796bd00007aec36063200000001, Expect-CT=max-age=604800, report-uri="https://report-uri.cloudflare.com/cdn-cgi/beacon/expect-ct", Server=cloudflare, CF-RAY=5ab90ed12d407aec-MCI, alt-svc=h3-27=":443"; ma=86400, h3-28=":443"; ma=86400, h3-29=":443"; ma=86400]
suman84097
{shipToAddress={zip=84097, country=US, address1=1209 N 800 E, state=}, shippingMethod={href=https://hydraqa.unicity.net/v5a-test/shippingmethods?type=2Days}, lines={items=[{item={href=https://hydraqa.unicity.net/v5a-test/items?id.unicity=26580}, quantity=1}, {item={href=https://hydraqa.unicity.net/v5a-test/items?id.unicity=31440}, quantity=1}, {item={href=https://hydraqa.unicity.net/v5a-test/items?id.unicity=31518}, quantity=1}, {item={href=https://hydraqa.unicity.net/v5a-test/items?id.unicity=31751}, quantity=1}, {item={href=https://hydraqa.unicity.net/v5a-test/items?id.unicity=31859}, quantity=1}]}, customer={href=https://hydraqa.unicity.net/v5a-test/customers?type=Associate}}
kalyan84097
Unicity [Date=Tue, 30 Jun 2020 15:53:10 GMT, Content-Type=text/javascript; charset=utf-8, Content-Length=1887, Connection=keep-alive, Set-Cookie=__cfduid=d109bfac15a6ad4e379adf088ac9f27ab1593532387; expires=Thu, 30-Jul-20 15:53:07 GMT; path=/; domain=.unicity.net; HttpOnly; SameSite=Lax, X-Powered-By=Express, x-request-id=c57424d8-dbec-498c-83cf-24b2f2b7e9a9, x-request-release=5-2020063001/master, x-request-uuid=c57424d8-dbec-498c-83cf-24b2f2b7e9a9, Access-Control-Allow-Origin=http://enroll.ng.unicityqa.com, vary=Accept-Encoding, link=<http://unicity.github.io/Hydra.php/docs/v5/>; rel="help", www-authenticate=Basic realm="Restricted API", cache-control=no-cache, must-revalidate, expires=0, content-language=en-US, x-status-code=200, content-encoding=gzip, x-envoy-upstream-service-time=2769, access-control-expose-headers=x-b3-traceid, x-request-id, ETag=W/"75f-O0tI57AOu8RbxZh7Uhh7JYnsLJk", CF-Cache-Status=DYNAMIC, cf-request-id=03a787a70d0000fbacf8355200000001, Expect-CT=max-age=604800, report-uri="https://report-uri.cloudflare.com/cdn-cgi/beacon/expect-ct", Server=cloudflare, CF-RAY=5ab90eeb48cffbac-MCI, alt-svc=h3-27=":443"; ma=86400, h3-28=":443"; ma=86400, h3-29=":443"; ma=86400]
suman84097
{shipToAddress={zip=84097, country=US, address1=1209 N 800 E, state=}, shippingMethod={href=https://hydraqa.unicity.net/v5a-test/shippingmethods?type=2Days}, lines={items=[{item={href=https://hydraqa.unicity.net/v5a-test/items?id.unicity=26580}, quantity=1}, {item={href=https://hydraqa.unicity.net/v5a-test/items?id.unicity=31440}, quantity=1}, {item={href=https://hydraqa.unicity.net/v5a-test/items?id.unicity=31518}, quantity=1}, {item={href=https://hydraqa.unicity.net/v5a-test/items?id.unicity=31751}, quantity=1}, {item={href=https://hydraqa.unicity.net/v5a-test/items?id.unicity=31859}, quantity=1}]}, customer={href=https://hydraqa.unicity.net/v5a-test/customers?type=Associate}}
kalyan84097
Unicity [Date=Tue, 30 Jun 2020 15:53:14 GMT, Content-Type=text/javascript; charset=utf-8, Content-Length=1885, Connection=keep-alive, Set-Cookie=__cfduid=d2c7f31456e4790327ff50807216195571593532389; expires=Thu, 30-Jul-20 15:53:09 GMT; path=/; domain=.unicity.net; HttpOnly; SameSite=Lax, X-Powered-By=Express, x-request-id=69a33f29-ee2c-4994-ab1b-06ae087a6323, x-request-release=5-2020063001/master, x-request-uuid=69a33f29-ee2c-4994-ab1b-06ae087a6323, Access-Control-Allow-Origin=http://enroll.ng.unicityqa.com, vary=Accept-Encoding, link=<http://unicity.github.io/Hydra.php/docs/v5/>; rel="help", www-authenticate=Basic realm="Restricted API", cache-control=no-cache, must-revalidate, expires=0, content-language=en-US, x-status-code=200, content-encoding=gzip, x-envoy-upstream-service-time=3918, access-control-expose-headers=x-b3-traceid, x-request-id, ETag=W/"75d-nR+MSsxx/Ktty8zpx+kuxkuxmVY", CF-Cache-Status=DYNAMIC, cf-request-id=03a787b25f0000fbc00baea200000001, Expect-CT=max-age=604800, report-uri="https://report-uri.cloudflare.com/cdn-cgi/beacon/expect-ct", Server=cloudflare, CF-RAY=5ab90efd6b8afbc0-MCI, alt-svc=h3-27=":443"; ma=86400, h3-28=":443"; ma=86400, h3-29=":443"; ma=86400]
suman84097
{shipToAddress={zip=84097, country=US, address1=1209 N 800 E, state=}, shippingMethod={href=https://hydraqa.unicity.net/v5a-test/shippingmethods?type=2Days}, lines={items=[{item={href=https://hydraqa.unicity.net/v5a-test/items?id.unicity=26580}, quantity=1}, {item={href=https://hydraqa.unicity.net/v5a-test/items?id.unicity=31440}, quantity=1}, {item={href=https://hydraqa.unicity.net/v5a-test/items?id.unicity=31518}, quantity=1}, {item={href=https://hydraqa.unicity.net/v5a-test/items?id.unicity=31751}, quantity=1}, {item={href=https://hydraqa.unicity.net/v5a-test/items?id.unicity=31859}, quantity=1}]}, customer={href=https://hydraqa.unicity.net/v5a-test/customers?type=Associate}}
kalyan84097
Unicity [Date=Tue, 30 Jun 2020 15:53:15 GMT, Content-Type=text/javascript; charset=utf-8, Content-Length=1883, Connection=keep-alive, Set-Cookie=__cfduid=d372dd2b2a1a9053a5266a893a5fa047c1593532391; expires=Thu, 30-Jul-20 15:53:11 GMT; path=/; domain=.unicity.net; HttpOnly; SameSite=Lax, X-Powered-By=Express, x-request-id=51e9303b-3d18-4822-90c4-b24bef084273, x-request-release=5-2020063001/master, x-request-uuid=51e9303b-3d18-4822-90c4-b24bef084273, Access-Control-Allow-Origin=http://enroll.ng.unicityqa.com, vary=Accept-Encoding, link=<http://unicity.github.io/Hydra.php/docs/v5/>; rel="help", www-authenticate=Basic realm="Restricted API", cache-control=no-cache, must-revalidate, expires=0, content-language=en-US, x-status-code=200, content-encoding=gzip, x-envoy-upstream-service-time=3866, access-control-expose-headers=x-b3-traceid, x-request-id, ETag=W/"75b-Z7/gzyQBJUOZY8bpgkBhB1Aw7pg", CF-Cache-Status=DYNAMIC, cf-request-id=03a787b79f0000fbbcfd29a200000001, Expect-CT=max-age=604800, report-uri="https://report-uri.cloudflare.com/cdn-cgi/beacon/expect-ct", Server=cloudflare, CF-RAY=5ab90f05c988fbbc-MCI, alt-svc=h3-27=":443"; ma=86400, h3-28=":443"; ma=86400, h3-29=":443"; ma=86400]
suman84097
{shipToAddress={zip=84097, country=US, address1=1209 N 800 E, state=}, shippingMethod={href=https://hydraqa.unicity.net/v5a-test/shippingmethods?type=2Days}, lines={items=[{item={href=https://hydraqa.unicity.net/v5a-test/items?id.unicity=26580}, quantity=1}, {item={href=https://hydraqa.unicity.net/v5a-test/items?id.unicity=31440}, quantity=1}, {item={href=https://hydraqa.unicity.net/v5a-test/items?id.unicity=31518}, quantity=1}, {item={href=https://hydraqa.unicity.net/v5a-test/items?id.unicity=31751}, quantity=1}, {item={href=https://hydraqa.unicity.net/v5a-test/items?id.unicity=31859}, quantity=1}]}, customer={href=https://hydraqa.unicity.net/v5a-test/customers?type=Associate}}
kalyan84097
Unicity [Date=Tue, 30 Jun 2020 15:53:17 GMT, Content-Type=text/javascript; charset=utf-8, Content-Length=1885, Connection=keep-alive, Set-Cookie=__cfduid=d5820ad12b6c47330a9958aa1b38fc9601593532394; expires=Thu, 30-Jul-20 15:53:14 GMT; path=/; domain=.unicity.net; HttpOnly; SameSite=Lax, X-Powered-By=Express, x-request-id=33121d2f-9e74-4cd7-ada9-5a035528acec, x-request-release=5-2020063001/master, x-request-uuid=33121d2f-9e74-4cd7-ada9-5a035528acec, Access-Control-Allow-Origin=http://enroll.ng.unicityqa.com, vary=Accept-Encoding, link=<http://unicity.github.io/Hydra.php/docs/v5/>; rel="help", www-authenticate=Basic realm="Restricted API", cache-control=no-cache, must-revalidate, expires=0, content-language=en-US, x-status-code=200, content-encoding=gzip, x-envoy-upstream-service-time=3681, access-control-expose-headers=x-b3-traceid, x-request-id, ETag=W/"75d-Z9mZ7mX5Ub5CfWqox6hGg/JNyIg", CF-Cache-Status=DYNAMIC, cf-request-id=03a787c2830000fbc00bbd9200000001, Expect-CT=max-age=604800, report-uri="https://report-uri.cloudflare.com/cdn-cgi/beacon/expect-ct", Server=cloudflare, CF-RAY=5ab90f173d0bfbc0-MCI, alt-svc=h3-27=":443"; ma=86400, h3-28=":443"; ma=86400, h3-29=":443"; ma=86400]
suman84097
{shipToAddress={zip=84097, country=US, address1=1209 N 800 E, state=}, shippingMethod={href=https://hydraqa.unicity.net/v5a-test/shippingmethods?type=2Days}, lines={items=[{item={href=https://hydraqa.unicity.net/v5a-test/items?id.unicity=26580}, quantity=1}, {item={href=https://hydraqa.unicity.net/v5a-test/items?id.unicity=31440}, quantity=1}, {item={href=https://hydraqa.unicity.net/v5a-test/items?id.unicity=31518}, quantity=1}, {item={href=https://hydraqa.unicity.net/v5a-test/items?id.unicity=31751}, quantity=1}, {item={href=https://hydraqa.unicity.net/v5a-test/items?id.unicity=31859}, quantity=1}]}, customer={href=https://hydraqa.unicity.net/v5a-test/customers?type=Associate}}
kalyan84097
Unicity [Date=Tue, 30 Jun 2020 15:53:19 GMT, Content-Type=text/javascript; charset=utf-8, Content-Length=1885, Connection=keep-alive, Set-Cookie=__cfduid=d696ae12fc286524d859fb171c853e0c91593532395; expires=Thu, 30-Jul-20 15:53:15 GMT; path=/; domain=.unicity.net; HttpOnly; SameSite=Lax, X-Powered-By=Express, x-request-id=9ace32de-18d8-42dc-a5b8-0a572ea9d7ea, x-request-release=5-2020063001/master, x-request-uuid=9ace32de-18d8-42dc-a5b8-0a572ea9d7ea, Access-Control-Allow-Origin=http://enroll.ng.unicityqa.com, vary=Accept-Encoding, link=<http://unicity.github.io/Hydra.php/docs/v5/>; rel="help", www-authenticate=Basic realm="Restricted API", cache-control=no-cache, must-revalidate, expires=0, content-language=en-US, x-status-code=200, content-encoding=gzip, x-envoy-upstream-service-time=3715, access-control-expose-headers=x-b3-traceid, x-request-id, ETag=W/"75d-Nf848tZ+3UT0CUOcEJ8tZ/8Vslk", CF-Cache-Status=DYNAMIC, cf-request-id=03a787c7990000fbbcfd009200000001, Expect-CT=max-age=604800, report-uri="https://report-uri.cloudflare.com/cdn-cgi/beacon/expect-ct", Server=cloudflare, CF-RAY=5ab90f1f59aafbbc-MCI, alt-svc=h3-27=":443"; ma=86400, h3-28=":443"; ma=86400, h3-29=":443"; ma=86400]
suman84097
{shipToAddress={zip=84097, country=US, address1=1209 N 800 E, state=}, shippingMethod={href=https://hydraqa.unicity.net/v5a-test/shippingmethods?type=2Days}, lines={items=[{item={href=https://hydraqa.unicity.net/v5a-test/items?id.unicity=26580}, quantity=1}, {item={href=https://hydraqa.unicity.net/v5a-test/items?id.unicity=31440}, quantity=1}, {item={href=https://hydraqa.unicity.net/v5a-test/items?id.unicity=31518}, quantity=1}, {item={href=https://hydraqa.unicity.net/v5a-test/items?id.unicity=31751}, quantity=1}, {item={href=https://hydraqa.unicity.net/v5a-test/items?id.unicity=31859}, quantity=1}]}, customer={href=https://hydraqa.unicity.net/v5a-test/customers?type=Associate}}
kalyan84097
Unicity [Date=Tue, 30 Jun 2020 15:53:22 GMT, Content-Type=text/javascript; charset=utf-8, Content-Length=1885, Connection=keep-alive, Set-Cookie=__cfduid=d3dc42b1230e8e13fb858c92513ae686d1593532398; expires=Thu, 30-Jul-20 15:53:18 GMT; path=/; domain=.unicity.net; HttpOnly; SameSite=Lax, X-Powered-By=Express, x-request-id=07255e2a-b5ef-40bb-88a1-e054d752036d, x-request-release=5-2020063001/master, x-request-uuid=07255e2a-b5ef-40bb-88a1-e054d752036d, Access-Control-Allow-Origin=http://enroll.ng.unicityqa.com, vary=Accept-Encoding, link=<http://unicity.github.io/Hydra.php/docs/v5/>; rel="help", www-authenticate=Basic realm="Restricted API", cache-control=no-cache, must-revalidate, expires=0, content-language=en-US, x-status-code=200, content-encoding=gzip, x-envoy-upstream-service-time=4143, access-control-expose-headers=x-b3-traceid, x-request-id, ETag=W/"75d-WXbvyJAW6RxBKFOC2lteFYVoe4Q", CF-Cache-Status=DYNAMIC, cf-request-id=03a787d4310000fbacf8216200000001, Expect-CT=max-age=604800, report-uri="https://report-uri.cloudflare.com/cdn-cgi/beacon/expect-ct", Server=cloudflare, CF-RAY=5ab90f338e9bfbac-MCI, alt-svc=h3-27=":443"; ma=86400, h3-28=":443"; ma=86400, h3-29=":443"; ma=86400]
suman84097
{shipToAddress={zip=84097, country=US, city=OREM, address1=1209 N 800 E, state=UT}, shippingMethod={href=https://hydraqa.unicity.net/v5a-test/shippingmethods?type=2Days}, lines={items=[{item={href=https://hydraqa.unicity.net/v5a-test/items?id.unicity=26580}, quantity=1}, {item={href=https://hydraqa.unicity.net/v5a-test/items?id.unicity=31440}, quantity=1}, {item={href=https://hydraqa.unicity.net/v5a-test/items?id.unicity=31518}, quantity=1}, {item={href=https://hydraqa.unicity.net/v5a-test/items?id.unicity=31751}, quantity=1}, {item={href=https://hydraqa.unicity.net/v5a-test/items?id.unicity=31859}, quantity=1}]}, customer={href=https://hydraqa.unicity.net/v5a-test/customers?type=Associate}}
kalyan84097
Request URL: https://hydraqa.unicity.net/v5a-test/addresses?country=US&zip=84097
Entry response : {"items":[{"city":"Orem","state":"UT"}]}
No Pop UP
]]></system-out>
    <system-err><![CDATA[Starting ChromeDriver 2.36.540470 (e522d04694c7ebea4ba8821272dbef4f9b818c91) on port 44712
Only local connections are allowed.
Jun 30, 2020 9:50:02 AM org.openqa.selenium.remote.ProtocolHandshake createSession
INFO: Detected dialect: OSS
]]></system-err>
  </testcase>
  <testcase name="Enroll" classname="Tests.FranchisePartner" time="329.119"/>
  <testcase name="Enroll" classname="Tests.FranchisePartner" time="19.238">
    <failure message="Low footer expected [KIES UW MARKT] but found [CHOISISSEZ VOTRE MARCHÉ]" type="java.lang.AssertionError">java.lang.AssertionError: Low footer expected [KIES UW MARKT] but found [CHOISISSEZ VOTRE MARCHÉ]
	at Tests.FranchisePartner.Enroll(FranchisePartner.java:248)
</failure>
    <system-err><![CDATA[Starting ChromeDriver 2.36.540470 (e522d04694c7ebea4ba8821272dbef4f9b818c91) on port 31133
Only local connections are allowed.
Jun 30, 2020 10:00:17 AM org.openqa.selenium.remote.ProtocolHandshake createSession
INFO: Detected dialect: OSS
]]></system-err>
  </testcase>
  <testcase name="Enroll" classname="Tests.FranchisePartner" time="333.481"/>
  <testcase name="Enroll" classname="Tests.FranchisePartner" time="179.217">
    <failure message="Major Total Price is Wrong expected [392.0] but found [440.9]" type="java.lang.AssertionError">java.lang.AssertionError: Major Total Price is Wrong expected [392.0] but found [440.9]
	at Tests.FranchisePartner.Enroll(FranchisePartner.java:253)
</failure>
    <system-out><![CDATA[Request URL: https://hydraqa.unicity.net/v5a-test/quotes?&expand=item
Entry Quotes response : {"items":[{"lines":{"items":[{"item":{"href":"https:\/\/hydraqa.unicity.net\/v5a-test\/items\/bb1a7c3a2902e2cbc4cb2a22fdf1f499","id":{"unicity":"26993"}},"quantity":1,"terms":{"priceEach":250,"taxEach":{"amount":0},"discountEach":{"amount":0},"pvEach":150}}]},"currency":"CAD"},{"lines":{"items":[{"item":{"href":"https:\/\/hydraqa.unicity.net\/v5a-test\/items\/3ddd31ddbe0e5807756d2488e7cc3602","id":{"unicity":"31440"}},"quantity":1,"terms":{"priceEach":40,"taxEach":{"amount":0},"discountEach":{"amount":0},"pvEach":0}}]},"currency":"CAD"},{"lines":{"items":[{"item":{"href":"https:\/\/hydraqa.unicity.net\/v5a-test\/items\/5990c3ea5f48eb212ab30fd557f75397","id":{"unicity":"31442"}},"quantity":1,"terms":{"priceEach":40,"taxEach":{"amount":0},"discountEach":{"amount":0},"pvEach":0}}]},"currency":"CAD"},{"lines":{"items":[{"item":{"href":"https:\/\/hydraqa.unicity.net\/v5a-test\/items\/dd619e405d660b27ccf73ce78079e1d9","id":{"unicity":"28325"}},"quantity":1,"terms":{"priceEach":1755,"taxEach":{"amount":0},"discountEach":{"amount":0},"pvEach":1000}}]},"currency":"CAD"},{"lines":{"items":[{"item":{"href":"https:\/\/hydraqa.unicity.net\/v5a-test\/items\/576e0ebc8d1f5b26fc89bf3cd47a26c6","id":{"unicity":"26572"}},"quantity":1,"terms":{"priceEach":96,"taxEach":{"amount":0},"discountEach":{"amount":0},"pvEach":56}}]},"currency":"CAD"},{"lines":{"items":[{"item":{"href":"https:\/\/hydraqa.unicity.net\/v5a-test\/items\/702718a42df24a0c9435af2fdc464748","id":{"unicity":"27400"}},"quantity":1,"terms":{"priceEach":46,"taxEach":{"amount":0},"discountEach":{"amount":0},"pvEach":30}}]},"currency":"CAD"},{"lines":{"items":[{"item":{"href":"https:\/\/hydraqa.unicity.net\/v5a-test\/items\/46ea1edabdcf18f49817c437346958eb","id":{"unicity":"29147"}},"quantity":1,"terms":{"priceEach":74,"taxEach":{"amount":0},"discountEach":{"amount":0},"pvEach":33}}]},"currency":"CAD"},{"lines":{"items":[{"item":{"href":"https:\/\/hydraqa.unicity.net\/v5a-test\/items\/e77144fa2fcf6a4dc73c15b4d615c1aa","id":{"unicity":"28437"}},"quantity":1,"terms":{"priceEach":74,"taxEach":{"amount":0},"discountEach":{"amount":0},"pvEach":33}}]},"currency":"CAD"},{"lines":{"items":[{"item":{"href":"https:\/\/hydraqa.unicity.net\/v5a-test\/items\/8407b62b9c4120aa3dfe25c9feb76e4a","id":{"unicity":"28591"}},"quantity":1,"terms":{"priceEach":21,"taxEach":{"amount":0},"discountEach":{"amount":0},"pvEach":15}}]},"currency":"CAD"},{"lines":{"items":[{"item":{"href":"https:\/\/hydraqa.unicity.net\/v5a-test\/items\/10da226fab00279b4f89df10af2a10b7","id":{"unicity":"26442"}},"quantity":1,"terms":{"priceEach":9,"taxEach":{"amount":0},"discountEach":{"amount":0},"pvEach":0}}]},"currency":"CAD"},{"lines":{"items":[{"item":{"href":"https:\/\/hydraqa.unicity.net\/v5a-test\/items\/6b12c1e4bef067dceb5ac0ed8c54420d","id":{"unicity":"28096"}},"quantity":1,"terms":{"priceEach":23,"taxEach":{"amount":0},"discountEach":{"amount":0},"pvEach":10}}]},"currency":"CAD"},{"lines":{"items":[{"item":{"href":"https:\/\/hydraqa.unicity.net\/v5a-test\/items\/60b5ca15c481444657970edde11b04ce","id":{"unicity":"26571"}},"quantity":1,"terms":{"priceEach":96,"taxEach":{"amount":0},"discountEach":{"amount":0},"pvEach":56}}]},"currency":"CAD"},{"lines":{"items":[{"item":{"href":"https:\/\/hydraqa.unicity.net\/v5a-test\/items\/1785a19a6bf5472c7c1ded08cb7fd083","id":{"unicity":"28326"}},"quantity":1,"terms":{"priceEach":1755,"taxEach":{"amount":0},"discountEach":{"amount":0},"pvEach":1000}}]},"currency":"CAD"},{"lines":{"items":[{"item":{"href":"https:\/\/hydraqa.unicity.net\/v5a-test\/items\/4b1b6b6007d154296fd6c4044c789f67","id":{"unicity":"28329"}},"quantity":1,"terms":{"priceEach":250,"taxEach":{"amount":0},"discountEach":{"amount":0},"pvEach":150}}]},"currency":"CAD"},{"lines":{"items":[{"item":{"href":"https:\/\/hydraqa.unicity.net\/v5a-test\/items\/2ffc1563d3d0fd7121ca5b1c2184988e","id":{"unicity":"28428"}},"quantity":1,"terms":{"priceEach":97,"taxEach":{"amount":0},"discountEach":{"amount":0},"pvEach":62}}]},"currency":"CAD"},{"lines":{"items":[{"item":{"href":"https:\/\/hydraqa.unicity.net\/v5a-test\/items\/637af131553f5822bef2bb0f0577b2e9","id":{"unicity":"28160"}},"quantity":1,"terms":{"priceEach":103,"taxEach":{"amount":0},"discountEach":{"amount":0},"pvEach":62}}]},"currency":"CAD"},{"lines":{"items":[{"item":{"href":"https:\/\/hydraqa.unicity.net\/v5a-test\/items\/c4744f6ba328b983bfffc7e1e4416ff3","id":{"unicity":"26565"}},"quantity":1,"terms":{"priceEach":102,"taxEach":{"amount":0},"discountEach":{"amount":0},"pvEach":64}}]},"currency":"CAD"},{"lines":{"items":[{"item":{"href":"https:\/\/hydraqa.unicity.net\/v5a-test\/items\/fe97499574f54ccd16daec7361208411","id":{"unicity":"26570"}},"quantity":1,"terms":{"priceEach":23,"taxEach":{"amount":0},"discountEach":{"amount":0},"pvEach":13}}]},"currency":"CAD"},{"lines":{"items":[{"item":{"href":"https:\/\/hydraqa.unicity.net\/v5a-test\/items\/ae14f4659032c9e8591a7ac76abd1ad5","id":{"unicity":"26569"}},"quantity":1,"terms":{"priceEach":44,"taxEach":{"amount":0},"discountEach":{"amount":0},"pvEach":30}}]},"currency":"CAD"},{"lines":{"items":[{"item":{"href":"https:\/\/hydraqa.unicity.net\/v5a-test\/items\/351c19047c5c800d2db6963b3af5df78","id":{"unicity":"27080"}},"quantity":1,"terms":{"priceEach":58,"taxEach":{"amount":0},"discountEach":{"amount":0},"pvEach":35}}]},"currency":"CAD"},{"lines":{"items":[{"item":{"href":"https:\/\/hydraqa.unicity.net\/v5a-test\/items\/f847ce37f5942a226f74e671c86709f8","id":{"unicity":"28787"}},"quantity":1,"terms":{"priceEach":33,"taxEach":{"amount":0},"discountEach":{"amount":0},"pvEach":17}}]},"currency":"CAD"},{"lines":{"items":[{"item":{"href":"https:\/\/hydraqa.unicity.net\/v5a-test\/items\/b24413d1812bb9c95ba6ff7e26bad8ff","id":{"unicity":"26566"}},"quantity":1,"terms":{"priceEach":47,"taxEach":{"amount":0},"discountEach":{"amount":0},"pvEach":32}}]},"currency":"CAD"},{"lines":{"items":[{"item":{"href":"https:\/\/hydraqa.unicity.net\/v5a-test\/items\/6e0e7450f45cb9412e5b4642dd1469cb","id":{"unicity":"26579"}},"quantity":1,"terms":{"priceEach":21,"taxEach":{"amount":0},"discountEach":{"amount":0},"pvEach":13}}]},"currency":"CAD"},{"lines":{"items":[{"item":{"href":"https:\/\/hydraqa.unicity.net\/v5a-test\/items\/828f9b5bdbceaa7cd3ca6a4532632635","id":{"unicity":"19356"}},"quantity":1,"terms":{"priceEach":36,"taxEach":{"amount":0},"discountEach":{"amount":0},"pvEach":21}}]},"currency":"CAD"},{"lines":{"items":[{"item":{"href":"https:\/\/hydraqa.unicity.net\/v5a-test\/items\/a40ede5f6847ec094ad8a38616ced7d0","id":{"unicity":"28100"}},"quantity":1,"terms":{"priceEach":40,"taxEach":{"amount":0},"discountEach":{"amount":0},"pvEach":25}}]},"currency":"CAD"},{"lines":{"items":[{"item":{"href":"https:\/\/hydraqa.unicity.net\/v5a-test\/items\/991cdbb84a495779eb209fb3956a77e4","id":{"unicity":"29183"}},"quantity":1,"terms":{"priceEach":55,"taxEach":{"amount":0},"discountEach":{"amount":0},"pvEach":24}}]},"currency":"CAD"},{"lines":{"items":[{"item":{"href":"https:\/\/hydraqa.unicity.net\/v5a-test\/items\/1b0412bea8c0b841c66f65a36aa14108","id":{"unicity":"29191"}},"quantity":1,"terms":{"priceEach":83,"taxEach":{"amount":0},"discountEach":{"amount":0},"pvEach":36}}]},"currency":"CAD"},{"lines":{"items":[{"item":{"href":"https:\/\/hydraqa.unicity.net\/v5a-test\/items\/e84750c27b2b9f10e6b4d2ab5a1954ba","id":{"unicity":"30115"}},"quantity":1,"terms":{"priceEach":110,"taxEach":{"amount":0},"discountEach":{"amount":0},"pvEach":56}}]},"currency":"CAD"},{"lines":{"items":[{"item":{"href":"https:\/\/hydraqa.unicity.net\/v5a-test\/items\/42d7ab6b9834716f6ebdd66f1a86d7b1","id":{"unicity":"30980"}},"quantity":1,"terms":{"priceEach":20,"taxEach":{"amount":0},"discountEach":{"amount":0},"pvEach":8}}]},"currency":"CAD"},{"lines":{"items":[{"item":{"href":"https:\/\/hydraqa.unicity.net\/v5a-test\/items\/0e78fbdfebef11cd62f8d2120064ee58","id":{"unicity":"30280"}},"quantity":1,"terms":{"priceEach":55,"taxEach":{"amount":0},"discountEach":{"amount":0},"pvEach":24}}]},"currency":"CAD"},{"lines":{"items":[{"item":{"href":"https:\/\/hydraqa.unicity.net\/v5a-test\/items\/5c430db0256426c4b730bc6994a94a02","id":{"unicity":"31773"}},"quantity":1,"terms":{"priceEach":30,"taxEach":{"amount":0},"discountEach":{"amount":0},"pvEach":13}}]},"currency":"CAD"},{"lines":{"items":[{"item":{"href":"https:\/\/hydraqa.unicity.net\/v5a-test\/items\/cfc721c9fb00317ed614492f65f21460","id":{"unicity":"31288"}},"quantity":1,"terms":{"priceEach":51,"taxEach":{"amount":0},"discountEach":{"amount":0},"pvEach":30}}]},"currency":"CAD"},{"lines":{"items":[{"item":{"href":"https:\/\/hydraqa.unicity.net\/v5a-test\/items\/9666510b53026f2d730c43746482be9c","id":{"unicity":"31849"}},"quantity":1,"terms":{"priceEach":182,"taxEach":{"amount":0},"discountEach":{"amount":0},"pvEach":100}}]},"currency":"CAD"}]}
Entry request : {"order":{"customer":{"href":"https://hydraqa.unicity.net/v5a-test/customers?type=Associate"},"shipToAddress":{"country":"CA"}},"vary":{"lines":{"items":[{"item":{"href":"https://hydraqa.unicity.net/v5a-test/items?id.unicity=26993|31440|31442|27182|27184|28325|28327|26994|26995|28330|28331|26572|27400|29147|28437|28591|26580|26442|28370|28096|26571|28326|28328|28329|28428|28160|26574|26565|26570|26569|27589|27080|28787|26566|26579|19356|20436|28100|28845|29183|29185|29191|30115|30980|31110|30280|31773|31288|30136|31849"}}]}}}
Request URL: https://hydraqa.unicity.net/v5a-test/customers.js?callback=angular.callbacks._1&expand=customer,profilePicture&id.unicity=2
Request URL: https://hydraqa.unicity.net/v5a-test/customers.js?_httpMethod=HEAD&callback=angular.callbacks._7&email=BARNDV@gmail.com
Request URL: https://hydraqa.unicity.net/v5a-test/shippingmethods.js?callback=angular.callbacks._a&destination=CA&market=CA
Unicity [Date=Tue, 30 Jun 2020 16:09:05 GMT, Content-Type=text/javascript; charset=utf-8, Content-Length=1426, Connection=keep-alive, Set-Cookie=__cfduid=da73853773f484314b3a57a00acbe2b6d1593533341; expires=Thu, 30-Jul-20 16:09:01 GMT; path=/; domain=.unicity.net; HttpOnly; SameSite=Lax, X-Powered-By=Express, x-request-id=166791c1-dbd4-433d-b244-c918176f8ad0, x-request-release=5-2020063001/master, x-request-uuid=166791c1-dbd4-433d-b244-c918176f8ad0, Access-Control-Allow-Origin=http://enroll.ng.unicityqa.com, vary=Accept-Encoding, link=<http://unicity.github.io/Hydra.php/docs/v5/>; rel="help", www-authenticate=Basic realm="Restricted API", cache-control=no-cache, must-revalidate, expires=0, content-language=en-US, x-status-code=200, content-encoding=gzip, x-envoy-upstream-service-time=4132, access-control-expose-headers=x-b3-traceid, x-request-id, ETag=W/"592-VUP15HcJEdjXJWf2/xLn6+Ys0VU", CF-Cache-Status=DYNAMIC, cf-request-id=03a796361700007abc2f0c8200000001, Expect-CT=max-age=604800, report-uri="https://report-uri.cloudflare.com/cdn-cgi/beacon/expect-ct", Server=cloudflare, CF-RAY=5ab926368c4a7abc-MCI, alt-svc=h3-27=":443"; ma=86400, h3-28=":443"; ma=86400, h3-29=":443"; ma=86400]
sumanB4V2K4
{shipToAddress={zip=B4V2K4, country=CA, city=BRIDGEWATER, address1=Address 1, state=NS}, shippingMethod={href=https://hydraqa.unicity.net/v5a-test/shippingmethods?type=Canada Post}, lines={items=[{item={href=https://hydraqa.unicity.net/v5a-test/items?id.unicity=26565}, quantity=1}, {item={href=https://hydraqa.unicity.net/v5a-test/items?id.unicity=26993}, quantity=1}, {item={href=https://hydraqa.unicity.net/v5a-test/items?id.unicity=31440}, quantity=1}]}, transactions={items=[{method=Coupon, methodDetails={code=Fre3Aut0Sh!p}, type=AuthorizeAndCapture}]}, customer={href=https://hydraqa.unicity.net/v5a-test/customers?type=Associate}}
kalyanB4V2K4
Request URL: https://hydraqa.unicity.net/v5a-test/addresses?country=CA&zip=B4V2K4
Entry response : {"items":[{"city":"Bridgewater","state":"NS"}]}
]]></system-out>
    <system-err><![CDATA[Starting ChromeDriver 2.36.540470 (e522d04694c7ebea4ba8821272dbef4f9b818c91) on port 42357
Only local connections are allowed.
Jun 30, 2020 10:06:23 AM org.openqa.selenium.remote.ProtocolHandshake createSession
INFO: Detected dialect: OSS
]]></system-err>
  </testcase>
  <testcase name="Enroll" classname="Tests.FranchisePartner" time="179.245">
    <failure message="Major Total Price is Wrong expected [392.0] but found [440.9]" type="java.lang.AssertionError">java.lang.AssertionError: Major Total Price is Wrong expected [392.0] but found [440.9]
	at Tests.FranchisePartner.Enroll(FranchisePartner.java:253)
</failure>
    <system-out><![CDATA[Request URL: https://hydraqa.unicity.net/v5a-test/quotes?&expand=item
Entry Quotes response : {"items":[{"lines":{"items":[{"item":{"href":"https:\/\/hydraqa.unicity.net\/v5a-test\/items\/bb1a7c3a2902e2cbc4cb2a22fdf1f499","id":{"unicity":"26993"}},"quantity":1,"terms":{"priceEach":250,"taxEach":{"amount":0},"discountEach":{"amount":0},"pvEach":150}}]},"currency":"CAD"},{"lines":{"items":[{"item":{"href":"https:\/\/hydraqa.unicity.net\/v5a-test\/items\/3ddd31ddbe0e5807756d2488e7cc3602","id":{"unicity":"31440"}},"quantity":1,"terms":{"priceEach":40,"taxEach":{"amount":0},"discountEach":{"amount":0},"pvEach":0}}]},"currency":"CAD"},{"lines":{"items":[{"item":{"href":"https:\/\/hydraqa.unicity.net\/v5a-test\/items\/5990c3ea5f48eb212ab30fd557f75397","id":{"unicity":"31442"}},"quantity":1,"terms":{"priceEach":40,"taxEach":{"amount":0},"discountEach":{"amount":0},"pvEach":0}}]},"currency":"CAD"},{"lines":{"items":[{"item":{"href":"https:\/\/hydraqa.unicity.net\/v5a-test\/items\/dd619e405d660b27ccf73ce78079e1d9","id":{"unicity":"28325"}},"quantity":1,"terms":{"priceEach":1755,"taxEach":{"amount":0},"discountEach":{"amount":0},"pvEach":1000}}]},"currency":"CAD"},{"lines":{"items":[{"item":{"href":"https:\/\/hydraqa.unicity.net\/v5a-test\/items\/576e0ebc8d1f5b26fc89bf3cd47a26c6","id":{"unicity":"26572"}},"quantity":1,"terms":{"priceEach":96,"taxEach":{"amount":0},"discountEach":{"amount":0},"pvEach":56}}]},"currency":"CAD"},{"lines":{"items":[{"item":{"href":"https:\/\/hydraqa.unicity.net\/v5a-test\/items\/702718a42df24a0c9435af2fdc464748","id":{"unicity":"27400"}},"quantity":1,"terms":{"priceEach":46,"taxEach":{"amount":0},"discountEach":{"amount":0},"pvEach":30}}]},"currency":"CAD"},{"lines":{"items":[{"item":{"href":"https:\/\/hydraqa.unicity.net\/v5a-test\/items\/46ea1edabdcf18f49817c437346958eb","id":{"unicity":"29147"}},"quantity":1,"terms":{"priceEach":74,"taxEach":{"amount":0},"discountEach":{"amount":0},"pvEach":33}}]},"currency":"CAD"},{"lines":{"items":[{"item":{"href":"https:\/\/hydraqa.unicity.net\/v5a-test\/items\/e77144fa2fcf6a4dc73c15b4d615c1aa","id":{"unicity":"28437"}},"quantity":1,"terms":{"priceEach":74,"taxEach":{"amount":0},"discountEach":{"amount":0},"pvEach":33}}]},"currency":"CAD"},{"lines":{"items":[{"item":{"href":"https:\/\/hydraqa.unicity.net\/v5a-test\/items\/8407b62b9c4120aa3dfe25c9feb76e4a","id":{"unicity":"28591"}},"quantity":1,"terms":{"priceEach":21,"taxEach":{"amount":0},"discountEach":{"amount":0},"pvEach":15}}]},"currency":"CAD"},{"lines":{"items":[{"item":{"href":"https:\/\/hydraqa.unicity.net\/v5a-test\/items\/10da226fab00279b4f89df10af2a10b7","id":{"unicity":"26442"}},"quantity":1,"terms":{"priceEach":9,"taxEach":{"amount":0},"discountEach":{"amount":0},"pvEach":0}}]},"currency":"CAD"},{"lines":{"items":[{"item":{"href":"https:\/\/hydraqa.unicity.net\/v5a-test\/items\/6b12c1e4bef067dceb5ac0ed8c54420d","id":{"unicity":"28096"}},"quantity":1,"terms":{"priceEach":23,"taxEach":{"amount":0},"discountEach":{"amount":0},"pvEach":10}}]},"currency":"CAD"},{"lines":{"items":[{"item":{"href":"https:\/\/hydraqa.unicity.net\/v5a-test\/items\/60b5ca15c481444657970edde11b04ce","id":{"unicity":"26571"}},"quantity":1,"terms":{"priceEach":96,"taxEach":{"amount":0},"discountEach":{"amount":0},"pvEach":56}}]},"currency":"CAD"},{"lines":{"items":[{"item":{"href":"https:\/\/hydraqa.unicity.net\/v5a-test\/items\/1785a19a6bf5472c7c1ded08cb7fd083","id":{"unicity":"28326"}},"quantity":1,"terms":{"priceEach":1755,"taxEach":{"amount":0},"discountEach":{"amount":0},"pvEach":1000}}]},"currency":"CAD"},{"lines":{"items":[{"item":{"href":"https:\/\/hydraqa.unicity.net\/v5a-test\/items\/4b1b6b6007d154296fd6c4044c789f67","id":{"unicity":"28329"}},"quantity":1,"terms":{"priceEach":250,"taxEach":{"amount":0},"discountEach":{"amount":0},"pvEach":150}}]},"currency":"CAD"},{"lines":{"items":[{"item":{"href":"https:\/\/hydraqa.unicity.net\/v5a-test\/items\/2ffc1563d3d0fd7121ca5b1c2184988e","id":{"unicity":"28428"}},"quantity":1,"terms":{"priceEach":97,"taxEach":{"amount":0},"discountEach":{"amount":0},"pvEach":62}}]},"currency":"CAD"},{"lines":{"items":[{"item":{"href":"https:\/\/hydraqa.unicity.net\/v5a-test\/items\/637af131553f5822bef2bb0f0577b2e9","id":{"unicity":"28160"}},"quantity":1,"terms":{"priceEach":103,"taxEach":{"amount":0},"discountEach":{"amount":0},"pvEach":62}}]},"currency":"CAD"},{"lines":{"items":[{"item":{"href":"https:\/\/hydraqa.unicity.net\/v5a-test\/items\/c4744f6ba328b983bfffc7e1e4416ff3","id":{"unicity":"26565"}},"quantity":1,"terms":{"priceEach":102,"taxEach":{"amount":0},"discountEach":{"amount":0},"pvEach":64}}]},"currency":"CAD"},{"lines":{"items":[{"item":{"href":"https:\/\/hydraqa.unicity.net\/v5a-test\/items\/fe97499574f54ccd16daec7361208411","id":{"unicity":"26570"}},"quantity":1,"terms":{"priceEach":23,"taxEach":{"amount":0},"discountEach":{"amount":0},"pvEach":13}}]},"currency":"CAD"},{"lines":{"items":[{"item":{"href":"https:\/\/hydraqa.unicity.net\/v5a-test\/items\/ae14f4659032c9e8591a7ac76abd1ad5","id":{"unicity":"26569"}},"quantity":1,"terms":{"priceEach":44,"taxEach":{"amount":0},"discountEach":{"amount":0},"pvEach":30}}]},"currency":"CAD"},{"lines":{"items":[{"item":{"href":"https:\/\/hydraqa.unicity.net\/v5a-test\/items\/351c19047c5c800d2db6963b3af5df78","id":{"unicity":"27080"}},"quantity":1,"terms":{"priceEach":58,"taxEach":{"amount":0},"discountEach":{"amount":0},"pvEach":35}}]},"currency":"CAD"},{"lines":{"items":[{"item":{"href":"https:\/\/hydraqa.unicity.net\/v5a-test\/items\/f847ce37f5942a226f74e671c86709f8","id":{"unicity":"28787"}},"quantity":1,"terms":{"priceEach":33,"taxEach":{"amount":0},"discountEach":{"amount":0},"pvEach":17}}]},"currency":"CAD"},{"lines":{"items":[{"item":{"href":"https:\/\/hydraqa.unicity.net\/v5a-test\/items\/b24413d1812bb9c95ba6ff7e26bad8ff","id":{"unicity":"26566"}},"quantity":1,"terms":{"priceEach":47,"taxEach":{"amount":0},"discountEach":{"amount":0},"pvEach":32}}]},"currency":"CAD"},{"lines":{"items":[{"item":{"href":"https:\/\/hydraqa.unicity.net\/v5a-test\/items\/6e0e7450f45cb9412e5b4642dd1469cb","id":{"unicity":"26579"}},"quantity":1,"terms":{"priceEach":21,"taxEach":{"amount":0},"discountEach":{"amount":0},"pvEach":13}}]},"currency":"CAD"},{"lines":{"items":[{"item":{"href":"https:\/\/hydraqa.unicity.net\/v5a-test\/items\/828f9b5bdbceaa7cd3ca6a4532632635","id":{"unicity":"19356"}},"quantity":1,"terms":{"priceEach":36,"taxEach":{"amount":0},"discountEach":{"amount":0},"pvEach":21}}]},"currency":"CAD"},{"lines":{"items":[{"item":{"href":"https:\/\/hydraqa.unicity.net\/v5a-test\/items\/a40ede5f6847ec094ad8a38616ced7d0","id":{"unicity":"28100"}},"quantity":1,"terms":{"priceEach":40,"taxEach":{"amount":0},"discountEach":{"amount":0},"pvEach":25}}]},"currency":"CAD"},{"lines":{"items":[{"item":{"href":"https:\/\/hydraqa.unicity.net\/v5a-test\/items\/991cdbb84a495779eb209fb3956a77e4","id":{"unicity":"29183"}},"quantity":1,"terms":{"priceEach":55,"taxEach":{"amount":0},"discountEach":{"amount":0},"pvEach":24}}]},"currency":"CAD"},{"lines":{"items":[{"item":{"href":"https:\/\/hydraqa.unicity.net\/v5a-test\/items\/1b0412bea8c0b841c66f65a36aa14108","id":{"unicity":"29191"}},"quantity":1,"terms":{"priceEach":83,"taxEach":{"amount":0},"discountEach":{"amount":0},"pvEach":36}}]},"currency":"CAD"},{"lines":{"items":[{"item":{"href":"https:\/\/hydraqa.unicity.net\/v5a-test\/items\/e84750c27b2b9f10e6b4d2ab5a1954ba","id":{"unicity":"30115"}},"quantity":1,"terms":{"priceEach":110,"taxEach":{"amount":0},"discountEach":{"amount":0},"pvEach":56}}]},"currency":"CAD"},{"lines":{"items":[{"item":{"href":"https:\/\/hydraqa.unicity.net\/v5a-test\/items\/42d7ab6b9834716f6ebdd66f1a86d7b1","id":{"unicity":"30980"}},"quantity":1,"terms":{"priceEach":20,"taxEach":{"amount":0},"discountEach":{"amount":0},"pvEach":8}}]},"currency":"CAD"},{"lines":{"items":[{"item":{"href":"https:\/\/hydraqa.unicity.net\/v5a-test\/items\/0e78fbdfebef11cd62f8d2120064ee58","id":{"unicity":"30280"}},"quantity":1,"terms":{"priceEach":55,"taxEach":{"amount":0},"discountEach":{"amount":0},"pvEach":24}}]},"currency":"CAD"},{"lines":{"items":[{"item":{"href":"https:\/\/hydraqa.unicity.net\/v5a-test\/items\/5c430db0256426c4b730bc6994a94a02","id":{"unicity":"31773"}},"quantity":1,"terms":{"priceEach":30,"taxEach":{"amount":0},"discountEach":{"amount":0},"pvEach":13}}]},"currency":"CAD"},{"lines":{"items":[{"item":{"href":"https:\/\/hydraqa.unicity.net\/v5a-test\/items\/cfc721c9fb00317ed614492f65f21460","id":{"unicity":"31288"}},"quantity":1,"terms":{"priceEach":51,"taxEach":{"amount":0},"discountEach":{"amount":0},"pvEach":30}}]},"currency":"CAD"},{"lines":{"items":[{"item":{"href":"https:\/\/hydraqa.unicity.net\/v5a-test\/items\/9666510b53026f2d730c43746482be9c","id":{"unicity":"31849"}},"quantity":1,"terms":{"priceEach":182,"taxEach":{"amount":0},"discountEach":{"amount":0},"pvEach":100}}]},"currency":"CAD"}]}
Entry request : {"order":{"customer":{"href":"https://hydraqa.unicity.net/v5a-test/customers?type=Associate"},"shipToAddress":{"country":"CA"}},"vary":{"lines":{"items":[{"item":{"href":"https://hydraqa.unicity.net/v5a-test/items?id.unicity=26993|31440|31442|27182|27184|28325|28327|26994|26995|28330|28331|26572|27400|29147|28437|28591|26580|26442|28370|28096|26571|28326|28328|28329|28428|28160|26574|26565|26570|26569|27589|27080|28787|26566|26579|19356|20436|28100|28845|29183|29185|29191|30115|30980|31110|30280|31773|31288|30136|31849"}}]}}}
Request URL: https://hydraqa.unicity.net/v5a-test/customers.js?callback=angular.callbacks._1&expand=customer,profilePicture&id.unicity=2
Request URL: https://hydraqa.unicity.net/v5a-test/customers.js?_httpMethod=HEAD&callback=angular.callbacks._7&email=HIBWAD@gmail.com
Request URL: https://hydraqa.unicity.net/v5a-test/shippingmethods.js?callback=angular.callbacks._a&destination=CA&market=CA
Unicity [Date=Tue, 30 Jun 2020 16:12:11 GMT, Content-Type=text/javascript; charset=utf-8, Content-Length=1426, Connection=keep-alive, Set-Cookie=__cfduid=d224ad55b66ef97c1acc0eecc2333652b1593533527; expires=Thu, 30-Jul-20 16:12:07 GMT; path=/; domain=.unicity.net; HttpOnly; SameSite=Lax, X-Powered-By=Express, x-request-id=1f88df45-1c59-48e4-a493-4a3716be168b, x-request-release=5-2020063001/master, x-request-uuid=1f88df45-1c59-48e4-a493-4a3716be168b, Access-Control-Allow-Origin=http://enroll.ng.unicityqa.com, vary=Accept-Encoding, link=<http://unicity.github.io/Hydra.php/docs/v5/>; rel="help", www-authenticate=Basic realm="Restricted API", cache-control=no-cache, must-revalidate, expires=0, content-language=en-US, x-status-code=200, content-encoding=gzip, x-envoy-upstream-service-time=3574, access-control-expose-headers=x-b3-traceid, x-request-id, ETag=W/"592-hcoiyADLMaiiDOTqTSk1Io5Fdb4", CF-Cache-Status=DYNAMIC, cf-request-id=03a7990ef000007ada70b18200000001, Expect-CT=max-age=604800, report-uri="https://report-uri.cloudflare.com/cdn-cgi/beacon/expect-ct", Server=cloudflare, CF-RAY=5ab92ac4be5a7ada-MCI, alt-svc=h3-27=":443"; ma=86400, h3-28=":443"; ma=86400, h3-29=":443"; ma=86400]
sumanB4V2K4
{shipToAddress={zip=B4V2K4, country=CA, city=BRIDGEWATER, address1=Address 1, state=NS}, shippingMethod={href=https://hydraqa.unicity.net/v5a-test/shippingmethods?type=Canada Post}, lines={items=[{item={href=https://hydraqa.unicity.net/v5a-test/items?id.unicity=26565}, quantity=1}, {item={href=https://hydraqa.unicity.net/v5a-test/items?id.unicity=26993}, quantity=1}, {item={href=https://hydraqa.unicity.net/v5a-test/items?id.unicity=31442}, quantity=1}]}, transactions={items=[{method=Coupon, methodDetails={code=Fre3Aut0Sh!p}, type=AuthorizeAndCapture}]}, customer={href=https://hydraqa.unicity.net/v5a-test/customers?type=Associate}}
kalyanB4V2K4
Request URL: https://hydraqa.unicity.net/v5a-test/addresses?country=CA&zip=B4V2K4
Entry response : {"items":[{"city":"Bridgewater","state":"NS"}]}
]]></system-out>
    <system-err><![CDATA[Starting ChromeDriver 2.36.540470 (e522d04694c7ebea4ba8821272dbef4f9b818c91) on port 42637
Only local connections are allowed.
Jun 30, 2020 10:09:28 AM org.openqa.selenium.remote.ProtocolHandshake createSession
INFO: Detected dialect: OSS
]]></system-err>
  </testcase>
  <testcase name="Enroll" classname="Tests.FranchisePartner" time="216.129">
    <failure message="Minor Summary Labels is Displaying expected [[Resumen de Inscripción, Configuración de la inscripción, Co-Aplicante, Su Información, Tu dirección de facturación, STu información del pago, Términos y Condiciones, Resumen]] but found [[Payment Options, Información de la tarjeta de Crédito, Dirección de facturación/correo, Método de envío, Resumen]]" type="java.lang.AssertionError">java.lang.AssertionError: Minor Summary Labels is Displaying expected [[Resumen de Inscripción, Configuración de la inscripción, Co-Aplicante, Su Información, Tu dirección de facturación, STu información del pago, Términos y Condiciones, Resumen]] but found [[Payment Options, Información de la tarjeta de Crédito, Dirección de facturación/correo, Método de envío, Resumen]]
	at Tests.FranchisePartner.Enroll(FranchisePartner.java:253)
</failure>
    <system-out><![CDATA[Request URL: https://hydraqa.unicity.net/v5a-test/customers.js?_httpMethod=HEAD&callback=angular.callbacks._8&email=VPSTGM@gmail.com
]]></system-out>
    <system-err><![CDATA[Starting ChromeDriver 2.36.540470 (e522d04694c7ebea4ba8821272dbef4f9b818c91) on port 21261
Only local connections are allowed.
Jun 30, 2020 10:12:35 AM org.openqa.selenium.remote.ProtocolHandshake createSession
INFO: Detected dialect: OSS
]]></system-err>
  </testcase>
  <testcase name="Enroll" classname="Tests.FranchisePartner" time="301.842">
    <failure message="Major Total Price is Wrong expected [168.04] but found [184.84]" type="java.lang.AssertionError">java.lang.AssertionError: Major Total Price is Wrong expected [168.04] but found [184.84]
	at Tests.FranchisePartner.Enroll(FranchisePartner.java:253)
</failure>
    <system-out><![CDATA[Request URL: https://hydraqa.unicity.net/v5a-test/quotes?&expand=item
Entry Quotes response : {"items":[{"lines":{"items":[{"item":{"href":"https:\/\/hydraqa.unicity.net\/v5a-test\/items\/d92292ba2f23c030e4a1f63eb3ebe1ce","id":{"unicity":"27158"},"weightEach":{"value":0},"servingsPerContainer":0,"servingSize":0},"quantity":1,"terms":{"priceEach":27.94,"taxEach":{"amount":2.51},"discountEach":{"amount":0},"pvEach":23}}]},"currency":"EUR"},{"lines":{"items":[{"item":{"href":"https:\/\/hydraqa.unicity.net\/v5a-test\/items\/31cb0679f65df8fa9a4fc3d7e38b72b3","id":{"unicity":"31763"},"weightEach":{"value":0},"servingsPerContainer":0,"servingSize":0},"quantity":1,"terms":{"priceEach":243.3,"taxEach":{"amount":21.9},"discountEach":{"amount":0},"pvEach":181}}]},"currency":"EUR"},{"lines":{"items":[{"item":{"href":"https:\/\/hydraqa.unicity.net\/v5a-test\/items\/e9991b48ac639367d526d2b9b22fac8c","id":{"unicity":"32128"},"weightEach":{"value":0},"servingsPerContainer":0,"servingSize":0},"quantity":1,"terms":{"priceEach":371.87,"taxEach":{"amount":33.47},"discountEach":{"amount":0},"pvEach":253}}]},"currency":"EUR"},{"lines":{"items":[{"item":{"href":"https:\/\/hydraqa.unicity.net\/v5a-test\/items\/40b3312de189221d96d838d33a8ec49d","id":{"unicity":"32129"},"weightEach":{"value":0},"servingsPerContainer":0,"servingSize":0},"quantity":1,"terms":{"priceEach":371.87,"taxEach":{"amount":33.47},"discountEach":{"amount":0},"pvEach":254}}]},"currency":"EUR"},{"lines":{"items":[{"item":{"href":"https:\/\/hydraqa.unicity.net\/v5a-test\/items\/6bd168a66ce41003a8f30917deff5808","id":{"unicity":"32130"},"weightEach":{"value":0},"servingsPerContainer":0,"servingSize":0},"quantity":1,"terms":{"priceEach":363.46,"taxEach":{"amount":32.71},"discountEach":{"amount":0},"pvEach":252}}]},"currency":"EUR"},{"lines":{"items":[{"item":{"href":"https:\/\/hydraqa.unicity.net\/v5a-test\/items\/806f99b793edd7cd0b1c158ba0eb3142","id":{"unicity":"32132"},"weightEach":{"value":0},"servingsPerContainer":0,"servingSize":0},"quantity":1,"terms":{"priceEach":355.98,"taxEach":{"amount":32.04},"discountEach":{"amount":0},"pvEach":253}}]},"currency":"EUR"},{"lines":{"items":[{"item":{"href":"https:\/\/hydraqa.unicity.net\/v5a-test\/items\/e3d382d99fde8659cb146b54116e7654","id":{"unicity":"32133"},"weightEach":{"value":0},"servingsPerContainer":0,"servingSize":0},"quantity":1,"terms":{"priceEach":364.39,"taxEach":{"amount":32.8},"discountEach":{"amount":0},"pvEach":252}}]},"currency":"EUR"},{"lines":{"items":[{"item":{"href":"https:\/\/hydraqa.unicity.net\/v5a-test\/items\/022f109fe6e5eae3e521295a5cb94c60","id":{"unicity":"32134"},"weightEach":{"value":0},"servingsPerContainer":0,"servingSize":0},"quantity":1,"terms":{"priceEach":144.77,"taxEach":{"amount":13.03},"discountEach":{"amount":0},"pvEach":101}}]},"currency":"EUR"},{"lines":{"items":[{"item":{"href":"https:\/\/hydraqa.unicity.net\/v5a-test\/items\/ded00960d5e948dd8e511a9c752e1ff9","id":{"unicity":"32135"},"weightEach":{"value":0},"servingsPerContainer":0,"servingSize":0},"quantity":1,"terms":{"priceEach":154.11,"taxEach":{"amount":13.87},"discountEach":{"amount":0},"pvEach":113}}]},"currency":"EUR"},{"lines":{"items":[{"item":{"href":"https:\/\/hydraqa.unicity.net\/v5a-test\/items\/d8736cc35cf9f4734fd76da71c53dc05","id":{"unicity":"32136"},"weightEach":{"value":0},"servingsPerContainer":0,"servingSize":0},"quantity":1,"terms":{"priceEach":141.96,"taxEach":{"amount":12.78},"discountEach":{"amount":0},"pvEach":102}}]},"currency":"EUR"},{"lines":{"items":[{"item":{"href":"https:\/\/hydraqa.unicity.net\/v5a-test\/items\/166a69d45c4ae40278554e24d5f40443","id":{"unicity":"32137"},"weightEach":{"value":0},"servingsPerContainer":0,"servingSize":0},"quantity":1,"terms":{"priceEach":168.13,"taxEach":{"amount":15.13},"discountEach":{"amount":0},"pvEach":118}}]},"currency":"EUR"},{"lines":{"items":[{"item":{"href":"https:\/\/hydraqa.unicity.net\/v5a-test\/items\/d04a0b8762b20202b6273114fb7302d1","id":{"unicity":"32138"},"weightEach":{"value":0},"servingsPerContainer":0,"servingSize":0},"quantity":1,"terms":{"priceEach":224.21,"taxEach":{"amount":20.18},"discountEach":{"amount":0},"pvEach":152}}]},"currency":"EUR"},{"lines":{"items":[{"item":{"href":"https:\/\/hydraqa.unicity.net\/v5a-test\/items\/e13d0b5c40704ad5dd186959367c97f1","id":{"unicity":"32125"},"weightEach":{"value":0},"servingsPerContainer":0,"servingSize":0},"quantity":1,"terms":{"priceEach":373.74,"taxEach":{"amount":33.64},"discountEach":{"amount":0},"pvEach":250}}]},"currency":"EUR"},{"lines":{"items":[{"item":{"href":"https:\/\/hydraqa.unicity.net\/v5a-test\/items\/c451532f63a06f0e9a054e946a1a1c3b","id":{"unicity":"18511"},"weightEach":{"value":0},"servingsPerContainer":0,"servingSize":0},"quantity":1,"terms":{"priceEach":37.29,"taxEach":{"amount":3.36},"discountEach":{"amount":0},"pvEach":23}}]},"currency":"EUR"},{"lines":{"items":[{"item":{"href":"https:\/\/hydraqa.unicity.net\/v5a-test\/items\/9752a919e28f96747163918165b46f23","id":{"unicity":"19941"},"weightEach":{"value":558},"servingsPerContainer":15,"servingSize":0},"quantity":1,"terms":{"priceEach":32.62,"taxEach":{"amount":2.94},"discountEach":{"amount":0},"pvEach":20}}]},"currency":"EUR"},{"lines":{"items":[{"item":{"href":"https:\/\/hydraqa.unicity.net\/v5a-test\/items\/4e49c95f12ae7be78e5ffab68b8b3ca6","id":{"unicity":"26422"},"weightEach":{"value":0},"servingsPerContainer":0,"servingSize":0},"quantity":1,"terms":{"priceEach":19,"taxEach":{"amount":1.71},"discountEach":{"amount":0},"pvEach":0}}]},"currency":"EUR"},{"lines":{"items":[{"item":{"href":"https:\/\/hydraqa.unicity.net\/v5a-test\/items\/50e73ecfa509ac20c4a250f9cb32fdfc","id":{"unicity":"27156"},"weightEach":{"value":0},"servingsPerContainer":0,"servingSize":0},"quantity":1,"terms":{"priceEach":20.47,"taxEach":{"amount":1.84},"discountEach":{"amount":0},"pvEach":13}}]},"currency":"EUR"},{"lines":{"items":[{"item":{"href":"https:\/\/hydraqa.unicity.net\/v5a-test\/items\/0d3b8d4f7c4d4082db1b4ecffb6693fb","id":{"unicity":"27160"},"weightEach":{"value":0},"servingsPerContainer":0,"servingSize":0},"quantity":1,"terms":{"priceEach":74.67,"taxEach":{"amount":6.72},"discountEach":{"amount":0},"pvEach":53}}]},"currency":"EUR"},{"lines":{"items":[{"item":{"href":"https:\/\/hydraqa.unicity.net\/v5a-test\/items\/ac37bf51ff7e4fe860da8457f6ce0425","id":{"unicity":"27166"},"weightEach":{"value":0},"servingsPerContainer":0,"servingSize":0},"quantity":1,"terms":{"priceEach":74.67,"taxEach":{"amount":6.72},"discountEach":{"amount":0},"pvEach":54}}]},"currency":"EUR"},{"lines":{"items":[{"item":{"href":"https:\/\/hydraqa.unicity.net\/v5a-test\/items\/a7bda1cb4a35343e52791aba56debc4a","id":{"unicity":"27617"},"weightEach":{"value":0},"servingsPerContainer":0,"servingSize":0},"quantity":1,"terms":{"priceEach":29.81,"taxEach":{"amount":2.68},"discountEach":{"amount":0},"pvEach":18}}]},"currency":"EUR"},{"lines":{"items":[{"item":{"href":"https:\/\/hydraqa.unicity.net\/v5a-test\/items\/a36d9fdd0fd7561e6180fb5b2ff27164","id":{"unicity":"27660"},"weightEach":{"value":0},"servingsPerContainer":0,"servingSize":0},"quantity":1,"terms":{"priceEach":31.68,"taxEach":{"amount":2.85},"discountEach":{"amount":0},"pvEach":18}}]},"currency":"EUR"},{"lines":{"items":[{"item":{"href":"https:\/\/hydraqa.unicity.net\/v5a-test\/items\/112b8c39286598b3730f630f371a45f4","id":{"unicity":"27587"},"weightEach":{"value":0},"servingsPerContainer":0,"servingSize":0},"quantity":1,"terms":{"priceEach":55.98,"taxEach":{"amount":5.04},"discountEach":{"amount":0},"pvEach":34}}]},"currency":"EUR"},{"lines":{"items":[{"item":{"href":"https:\/\/hydraqa.unicity.net\/v5a-test\/items\/0c0717a26fcfe40310e906487e8a12f7","id":{"unicity":"28601"},"weightEach":{"value":0},"servingsPerContainer":0,"servingSize":0},"quantity":1,"terms":{"priceEach":74.67,"taxEach":{"amount":6.72},"discountEach":{"amount":0},"pvEach":54}}]},"currency":"EUR"},{"lines":{"items":[{"item":{"href":"https:\/\/hydraqa.unicity.net\/v5a-test\/items\/4790a55c442b5dc75a13b155e78c1842","id":{"unicity":"28604"},"weightEach":{"value":0},"servingsPerContainer":0,"servingSize":0},"quantity":1,"terms":{"priceEach":74.67,"taxEach":{"amount":6.72},"discountEach":{"amount":0},"pvEach":54}}]},"currency":"EUR"},{"lines":{"items":[{"item":{"href":"https:\/\/hydraqa.unicity.net\/v5a-test\/items\/024e696f8b44a1d315006e676604cd31","id":{"unicity":"27395"},"weightEach":{"value":0},"servingsPerContainer":0,"servingSize":0},"quantity":1,"terms":{"priceEach":29.81,"taxEach":{"amount":2.68},"discountEach":{"amount":0},"pvEach":18}}]},"currency":"EUR"},{"lines":{"items":[{"item":{"href":"https:\/\/hydraqa.unicity.net\/v5a-test\/items\/4b2034f47fce90b87bba28c5c2d7c25d","id":{"unicity":"15880"},"weightEach":{"value":0},"servingsPerContainer":0,"servingSize":0},"quantity":1,"terms":{"priceEach":51.31,"taxEach":{"amount":4.62},"discountEach":{"amount":0},"pvEach":33}}]},"currency":"EUR"},{"lines":{"items":[{"item":{"href":"https:\/\/hydraqa.unicity.net\/v5a-test\/items\/398d06b858b960f6f38086d40608aef2","id":{"unicity":"26560"},"weightEach":{"value":0},"servingsPerContainer":0,"servingSize":0},"quantity":1,"terms":{"priceEach":20.47,"taxEach":{"amount":1.84},"discountEach":{"amount":0},"pvEach":13}}]},"currency":"EUR"},{"lines":{"items":[{"item":{"href":"https:\/\/hydraqa.unicity.net\/v5a-test\/items\/e218d1cac5f31e7ae4f5876c29c57377","id":{"unicity":"29017"},"weightEach":{"value":0},"servingsPerContainer":0,"servingSize":0},"quantity":1,"terms":{"priceEach":37.29,"taxEach":{"amount":3.36},"discountEach":{"amount":0},"pvEach":23}}]},"currency":"EUR"},{"lines":{"items":[{"item":{"href":"https:\/\/hydraqa.unicity.net\/v5a-test\/items\/64ec7ad932acafab052a4e8800ad1238","id":{"unicity":"24758"},"weightEach":{"value":0},"servingsPerContainer":0,"servingSize":0},"quantity":1,"terms":{"priceEach":37.29,"taxEach":{"amount":3.36},"discountEach":{"amount":0},"pvEach":23}}]},"currency":"EUR"},{"lines":{"items":[{"item":{"href":"https:\/\/hydraqa.unicity.net\/v5a-test\/items\/2c4c1abe00983e85aaa918d2ce341491","id":{"unicity":"17174"},"weightEach":{"value":0},"servingsPerContainer":0,"servingSize":0},"quantity":1,"terms":{"priceEach":37.29,"taxEach":{"amount":3.36},"discountEach":{"amount":0},"pvEach":23}}]},"currency":"EUR"},{"lines":{"items":[{"item":{"href":"https:\/\/hydraqa.unicity.net\/v5a-test\/items\/db0a2b02eaabc5ad45fe91ba5c7bcf5a","id":{"unicity":"31772"},"weightEach":{"value":0},"servingsPerContainer":0,"servingSize":0},"quantity":1,"terms":{"priceEach":8.32,"taxEach":{"amount":1.75},"discountEach":{"amount":0},"pvEach":0}}]},"currency":"EUR"},{"lines":{"items":[{"item":{"href":"https:\/\/hydraqa.unicity.net\/v5a-test\/items\/34c8c6b0f454da738e64265f08c57a72","id":{"unicity":"31777"},"weightEach":{"value":0},"servingsPerContainer":0,"servingSize":0},"quantity":1,"terms":{"priceEach":6.22,"taxEach":{"amount":1.31},"discountEach":{"amount":0},"pvEach":3}}]},"currency":"EUR"},{"lines":{"items":[{"item":{"href":"https:\/\/hydraqa.unicity.net\/v5a-test\/items\/fc8583e3bf463b599fdcce05234bc137","id":{"unicity":"31780"},"weightEach":{"value":0},"servingsPerContainer":0,"servingSize":0},"quantity":1,"terms":{"priceEach":8.32,"taxEach":{"amount":1.75},"discountEach":{"amount":0},"pvEach":4}}]},"currency":"EUR"},{"lines":{"items":[{"item":{"href":"https:\/\/hydraqa.unicity.net\/v5a-test\/items\/7e80331c8c25f515174d3f894283a27c","id":{"unicity":"31781"},"weightEach":{"value":0},"servingsPerContainer":0,"servingSize":0},"quantity":1,"terms":{"priceEach":8.32,"taxEach":{"amount":1.75},"discountEach":{"amount":0},"pvEach":4}}]},"currency":"EUR"},{"lines":{"items":[{"item":{"href":"https:\/\/hydraqa.unicity.net\/v5a-test\/items\/8d3854b47de8e45d6fcdc194dffff601","id":{"unicity":"31782"},"weightEach":{"value":0},"servingsPerContainer":0,"servingSize":0},"quantity":1,"terms":{"priceEach":12.52,"taxEach":{"amount":2.63},"discountEach":{"amount":0},"pvEach":6}}]},"currency":"EUR"},{"lines":{"items":[{"item":{"href":"https:\/\/hydraqa.unicity.net\/v5a-test\/items\/04516be30bd9bf93e01536e7fc8f8716","id":{"unicity":"31779"},"weightEach":{"value":0},"servingsPerContainer":0,"servingSize":0},"quantity":1,"terms":{"priceEach":10,"taxEach":{"amount":2.1},"discountEach":{"amount":0},"pvEach":5}}]},"currency":"EUR"},{"lines":{"items":[{"item":{"href":"https:\/\/hydraqa.unicity.net\/v5a-test\/items\/d7e1dd4b19a8672aed99e591356c0d48","id":{"unicity":"31932"},"weightEach":{"value":0},"servingsPerContainer":0,"servingSize":0},"quantity":1,"terms":{"priceEach":6.22,"taxEach":{"amount":1.31},"discountEach":{"amount":0},"pvEach":3}}]},"currency":"EUR"},{"lines":{"items":[{"item":{"href":"https:\/\/hydraqa.unicity.net\/v5a-test\/items\/1aa00306dc0006d365acd7436548f2e6","id":{"unicity":"31778"},"weightEach":{"value":0},"servingsPerContainer":0,"servingSize":0},"quantity":1,"terms":{"priceEach":12.52,"taxEach":{"amount":2.63},"discountEach":{"amount":0},"pvEach":6}}]},"currency":"EUR"},{"lines":{"items":[{"item":{"href":"https:\/\/hydraqa.unicity.net\/v5a-test\/items\/881451fd39a6a3113e33935db22da7ae","id":{"unicity":"32553"},"weightEach":{"value":0},"servingsPerContainer":0,"servingSize":0},"quantity":1,"terms":{"priceEach":2.44,"taxEach":{"amount":0.51},"discountEach":{"amount":0},"pvEach":0}}]},"currency":"EUR"},{"lines":{"items":[{"item":{"href":"https:\/\/hydraqa.unicity.net\/v5a-test\/items\/4fc6de0cb7817f39a836ff08609b8539","id":{"unicity":"32556"},"weightEach":{"value":0},"servingsPerContainer":0,"servingSize":0},"quantity":1,"terms":{"priceEach":2.44,"taxEach":{"amount":0.51},"discountEach":{"amount":0},"pvEach":0}}]},"currency":"EUR"},{"lines":{"items":[{"item":{"href":"https:\/\/hydraqa.unicity.net\/v5a-test\/items\/2262fdd5af916c31df08089c191735c1","id":{"unicity":"29317"},"weightEach":{"value":0},"servingsPerContainer":0,"servingSize":0},"quantity":1,"terms":{"priceEach":25.21,"taxEach":{"amount":5.29},"discountEach":{"amount":0},"pvEach":0}}]},"currency":"EUR"},{"lines":{"items":[{"item":{"href":"https:\/\/hydraqa.unicity.net\/v5a-test\/items\/217ca02fbd24e21ca5281412756238ab","id":{"unicity":"32126"},"weightEach":{"value":0},"servingsPerContainer":0,"servingSize":0},"quantity":1,"terms":{"priceEach":152.24,"taxEach":{"amount":14.7},"discountEach":{"amount":0},"pvEach":101}}]},"currency":"EUR"},{"lines":{"items":[{"item":{"href":"https:\/\/hydraqa.unicity.net\/v5a-test\/items\/808008a0657d2033ad471c39bbce9891","id":{"unicity":"32127"},"weightEach":{"value":0},"servingsPerContainer":0,"servingSize":0},"quantity":1,"terms":{"priceEach":162.34,"taxEach":{"amount":15.61},"discountEach":{"amount":0},"pvEach":113}}]},"currency":"EUR"},{"lines":{"items":[{"item":{"href":"https:\/\/hydraqa.unicity.net\/v5a-test\/items\/2f1d0aa90494ae2e08035922c701f968","id":{"unicity":"29832"},"weightEach":{"value":0},"servingsPerContainer":0,"servingSize":0},"quantity":1,"terms":{"priceEach":47.57,"taxEach":{"amount":4.28},"discountEach":{"amount":0},"pvEach":39}}]},"currency":"EUR"},{"lines":{"items":[{"item":{"href":"https:\/\/hydraqa.unicity.net\/v5a-test\/items\/10df0fc3509b53cbeaeb9476ca92d520","id":{"unicity":"29833"},"weightEach":{"value":0},"servingsPerContainer":0,"servingSize":0},"quantity":1,"terms":{"priceEach":90.56,"taxEach":{"amount":8.15},"discountEach":{"amount":0},"pvEach":69}}]},"currency":"EUR"},{"lines":{"items":[{"item":{"href":"https:\/\/hydraqa.unicity.net\/v5a-test\/items\/332daeac6796ed016ea8b7d0bc42c2d4","id":{"unicity":"24274"},"weightEach":{"value":0},"servingsPerContainer":0,"servingSize":0},"quantity":1,"terms":{"priceEach":7.48,"taxEach":{"amount":1.57},"discountEach":{"amount":0},"pvEach":0}}]},"currency":"EUR"},{"lines":{"items":[{"item":{"href":"https:\/\/hydraqa.unicity.net\/v5a-test\/items\/1945faa1776541d53120ecfe3c1d8a2b","id":{"unicity":"24418"},"weightEach":{"value":0},"servingsPerContainer":0,"servingSize":0},"quantity":1,"terms":{"priceEach":4.96,"taxEach":{"amount":1.04},"discountEach":{"amount":0},"pvEach":0}}]},"currency":"EUR"},{"lines":{"items":[{"item":{"href":"https:\/\/hydraqa.unicity.net\/v5a-test\/items\/5147f8cfe32548e02fc158d4da9c4d6f","id":{"unicity":"27150"},"weightEach":{"value":0},"servingsPerContainer":0,"servingSize":0},"quantity":1,"terms":{"priceEach":93.36,"taxEach":{"amount":8.4},"discountEach":{"amount":0},"pvEach":70}}]},"currency":"EUR"},{"lines":{"items":[{"item":{"href":"https:\/\/hydraqa.unicity.net\/v5a-test\/items\/03eba2365025ccd85818846a83a16f47","id":{"unicity":"27163"},"weightEach":{"value":0},"servingsPerContainer":0,"servingSize":0},"quantity":1,"terms":{"priceEach":74.67,"taxEach":{"amount":6.72},"discountEach":{"amount":0},"pvEach":54}}]},"currency":"EUR"},{"lines":{"items":[{"item":{"href":"https:\/\/hydraqa.unicity.net\/v5a-test\/items\/7d4ad2792f7056e5f81eb24f118ef737","id":{"unicity":"27575"},"weightEach":{"value":0},"servingsPerContainer":0,"servingSize":0},"quantity":1,"terms":{"priceEach":55.98,"taxEach":{"amount":5.04},"discountEach":{"amount":0},"pvEach":34}}]},"currency":"EUR"},{"lines":{"items":[{"item":{"href":"https:\/\/hydraqa.unicity.net\/v5a-test\/items\/0eebdede5bdb8bf4d71e800b6f3cead1","id":{"unicity":"30825"},"weightEach":{"value":0},"servingsPerContainer":0,"servingSize":0},"quantity":1,"terms":{"priceEach":37.29,"taxEach":{"amount":3.36},"discountEach":{"amount":0},"pvEach":23}}]},"currency":"EUR"},{"lines":{"items":[{"item":{"href":"https:\/\/hydraqa.unicity.net\/v5a-test\/items\/3f2d12d7a0e8551fc99fad3bbe1ba633","id":{"unicity":"26567"},"weightEach":{"value":0},"servingsPerContainer":0,"servingSize":0},"quantity":1,"terms":{"priceEach":55.98,"taxEach":{"amount":5.04},"discountEach":{"amount":0},"pvEach":26}}]},"currency":"EUR"},{"lines":{"items":[{"item":{"href":"https:\/\/hydraqa.unicity.net\/v5a-test\/items\/191637167cb3144bd2e8c4615e9ab67e","id":{"unicity":"26568"},"weightEach":{"value":0},"servingsPerContainer":0,"servingSize":0},"quantity":1,"terms":{"priceEach":55.98,"taxEach":{"amount":5.04},"discountEach":{"amount":0},"pvEach":26}}]},"currency":"EUR"},{"lines":{"items":[{"item":{"href":"https:\/\/hydraqa.unicity.net\/v5a-test\/items\/606f7be753c74dfbfe4b107276775140","id":{"unicity":"29821"},"weightEach":{"value":0},"servingsPerContainer":0,"servingSize":0},"quantity":1,"terms":{"priceEach":79.35,"taxEach":{"amount":7.14},"discountEach":{"amount":0},"pvEach":59}}]},"currency":"EUR"},{"lines":{"items":[{"item":{"href":"https:\/\/hydraqa.unicity.net\/v5a-test\/items\/94939f9be900906d2b47260ccba22a7b","id":{"unicity":"32012"},"weightEach":{"value":0},"servingsPerContainer":0,"servingSize":0},"quantity":1,"terms":{"priceEach":13.93,"taxEach":{"amount":1.25},"discountEach":{"amount":0},"pvEach":6}}]},"currency":"EUR"},{"lines":{"items":[{"item":{"href":"https:\/\/hydraqa.unicity.net\/v5a-test\/items\/991cdbb84a495779eb209fb3956a77e4","id":{"unicity":"29183"},"weightEach":{"value":0},"servingsPerContainer":0,"servingSize":0},"quantity":1,"terms":{"priceEach":31.01,"taxEach":{"amount":6.51},"discountEach":{"amount":0},"pvEach":18}}]},"currency":"EUR"},{"lines":{"items":[{"item":{"href":"https:\/\/hydraqa.unicity.net\/v5a-test\/items\/0e78fbdfebef11cd62f8d2120064ee58","id":{"unicity":"30280"},"weightEach":{"value":0},"servingsPerContainer":0,"servingSize":0},"quantity":1,"terms":{"priceEach":33.53,"taxEach":{"amount":7.04},"discountEach":{"amount":0},"pvEach":20}}]},"currency":"EUR"},{"lines":{"items":[{"item":{"href":"https:\/\/hydraqa.unicity.net\/v5a-test\/items\/beb900429fbb160dbfc3001c14d96df4","id":{"unicity":"29187"},"weightEach":{"value":0},"servingsPerContainer":0,"servingSize":0},"quantity":1,"terms":{"priceEach":37.73,"taxEach":{"amount":7.92},"discountEach":{"amount":0},"pvEach":24}}]},"currency":"EUR"},{"lines":{"items":[{"item":{"href":"https:\/\/hydraqa.unicity.net\/v5a-test\/items\/1b0412bea8c0b841c66f65a36aa14108","id":{"unicity":"29191"},"weightEach":{"value":0},"servingsPerContainer":0,"servingSize":0},"quantity":1,"terms":{"priceEach":37.73,"taxEach":{"amount":7.92},"discountEach":{"amount":0},"pvEach":24}}]},"currency":"EUR"},{"lines":{"items":[{"item":{"href":"https:\/\/hydraqa.unicity.net\/v5a-test\/items\/52c87f74d3b41ed49b0f897b66c2a99b","id":{"unicity":"30684"},"weightEach":{"value":0},"servingsPerContainer":0,"servingSize":0},"quantity":1,"terms":{"priceEach":37.29,"taxEach":{"amount":3.36},"discountEach":{"amount":0},"pvEach":23}}]},"currency":"EUR"},{"lines":{"items":[{"item":{"href":"https:\/\/hydraqa.unicity.net\/v5a-test\/items\/90f38f77c9e6ea5a71aa7377df83760b","id":{"unicity":"30198"},"weightEach":{"value":0},"servingsPerContainer":0,"servingSize":0},"quantity":1,"terms":{"priceEach":19,"taxEach":{"amount":1.71},"discountEach":{"amount":0},"pvEach":16}}]},"currency":"EUR"},{"lines":{"items":[{"item":{"href":"https:\/\/hydraqa.unicity.net\/v5a-test\/items\/ab2a2b07b17718843a66bee04ff40624","id":{"unicity":"31402"},"weightEach":{"value":0},"servingsPerContainer":0,"servingSize":0},"quantity":1,"terms":{"priceEach":98.9,"taxEach":{"amount":8.9},"discountEach":{"amount":0},"pvEach":70}}]},"currency":"EUR"},{"lines":{"items":[{"item":{"href":"https:\/\/hydraqa.unicity.net\/v5a-test\/items\/7e5e7df32701fd44947c8146f2129f7a","id":{"unicity":"31672"},"weightEach":{"value":0},"servingsPerContainer":0,"servingSize":0},"quantity":1,"terms":{"priceEach":74.67,"taxEach":{"amount":6.72},"discountEach":{"amount":0},"pvEach":54}}]},"currency":"EUR"},{"lines":{"items":[{"item":{"href":"https:\/\/hydraqa.unicity.net\/v5a-test\/items\/493c2ba720f847422eccc5da35024f33","id":{"unicity":"31534"},"weightEach":{"value":0},"servingsPerContainer":0,"servingSize":0},"quantity":1,"terms":{"priceEach":26.07,"taxEach":{"amount":2.35},"discountEach":{"amount":0},"pvEach":16}}]},"currency":"EUR"},{"lines":{"items":[{"item":{"href":"https:\/\/hydraqa.unicity.net\/v5a-test\/items\/bfddb53fe0d5ed5432c531dc9850cbe4","id":{"unicity":"29449"},"weightEach":{"value":0},"servingsPerContainer":0,"servingSize":0},"quantity":1,"terms":{"priceEach":26.07,"taxEach":{"amount":2.35},"discountEach":{"amount":0},"pvEach":16}}]},"currency":"EUR"},{"lines":{"items":[{"item":{"href":"https:\/\/hydraqa.unicity.net\/v5a-test\/items\/75b870fdff12be635674216fe88d3204","id":{"unicity":"29984"},"weightEach":{"value":0},"servingsPerContainer":0,"servingSize":0},"quantity":1,"terms":{"priceEach":37.73,"taxEach":{"amount":7.92},"discountEach":{"amount":0},"pvEach":24}}]},"currency":"EUR"},{"lines":{"items":[{"item":{"href":"https:\/\/hydraqa.unicity.net\/v5a-test\/items\/fbb6dbd577adb73abaec364076fb288f","id":{"unicity":"32087"},"weightEach":{"value":0},"servingsPerContainer":0,"servingSize":0},"quantity":1,"terms":{"priceEach":20.47,"taxEach":{"amount":1.84},"discountEach":{"amount":0},"pvEach":9}}]},"currency":"EUR"},{"lines":{"items":[{"item":{"href":"https:\/\/hydraqa.unicity.net\/v5a-test\/items\/35dcc0035e442bbe6482f178ec38522c","id":{"unicity":"31868"},"weightEach":{"value":0},"servingsPerContainer":0,"servingSize":0},"quantity":1,"terms":{"priceEach":20.47,"taxEach":{"amount":1.84},"discountEach":{"amount":0},"pvEach":9}}]},"currency":"EUR"},{"lines":{"items":[{"item":{"href":"https:\/\/hydraqa.unicity.net\/v5a-test\/items\/baa263a2750aa330fbd9e5b96fdb2b55","id":{"unicity":"32609"},"weightEach":{"value":0},"servingsPerContainer":0,"servingSize":0},"quantity":1,"terms":{"priceEach":55.98,"taxEach":{"amount":0},"discountEach":{"amount":0},"pvEach":34}}]},"currency":"EUR"},{"lines":{"items":[{"item":{"href":"https:\/\/hydraqa.unicity.net\/v5a-test\/items\/1f59b10f0bef99fa20e4b9b0b4efea88","id":{"unicity":"32333"},"weightEach":{"value":0},"servingsPerContainer":0,"servingSize":0},"quantity":1,"terms":{"priceEach":9.16,"taxEach":{"amount":1.92},"discountEach":{"amount":0},"pvEach":0}}]},"currency":"EUR"},{"lines":{"items":[{"item":{"href":"https:\/\/hydraqa.unicity.net\/v5a-test\/items\/592aef9ec417f4553dc0b62a91a1f5e0","id":{"unicity":"32330"},"weightEach":{"value":0},"servingsPerContainer":0,"servingSize":0},"quantity":1,"terms":{"priceEach":93.36,"taxEach":{"amount":8.4},"discountEach":{"amount":0},"pvEach":55}}]},"currency":"EUR"}]}
Entry request : {"order":{"customer":{"href":"https://hydraqa.unicity.net/v5a-test/customers?type=Associate"},"shipToAddress":{"country":"DK"}},"vary":{"lines":{"items":[{"item":{"href":"https://hydraqa.unicity.net/v5a-test/items?id.unicity=27158|31763|31951|31952|32128|32129|32130|32132|32133|32134|32135|32136|32137|32138|32125|32699|33092|33094|33093|18511|19941|26422|27156|27160|27166|27617|27660|27587|28601|28604|27395|15880|26560|29017|24758|17174|29522|31772|31777|31780|31781|31782|31779|31932|31778|32553|32556|29317|32126|32127|29832|29833|32755|32756|32967|32968|32965|32966|33097|33095|33098|33096|24274|24418|27150|27163|27575|30825|26567|26568|29821|32012|29183|30280|29187|29191|30684|30198|31402|31672|31534|29449|29984|32087|31868|32609|32333|32330|32693"}}]}}}
Request URL: https://hydraqa.unicity.net/v5a-test/customers.js?callback=angular.callbacks._1&expand=customer,profilePicture&id.unicity=2
Request URL: https://hydraqa.unicity.net/v5a-test/customers.js?_httpMethod=HEAD&callback=angular.callbacks._7&email=FDNVRW@gmail.com
Request URL: https://hydraqa.unicity.net/v5a-test/shippingmethods.js?callback=angular.callbacks._a&destination=DK&market=DK
]]></system-out>
    <system-err><![CDATA[Starting ChromeDriver 2.36.540470 (e522d04694c7ebea4ba8821272dbef4f9b818c91) on port 18904
Only local connections are allowed.
Jun 30, 2020 10:16:21 AM org.openqa.selenium.remote.ProtocolHandshake createSession
INFO: Detected dialect: OSS
]]></system-err>
  </testcase>
  <testcase name="Enroll" classname="Tests.FranchisePartner" time="18.559">
    <failure message="Low footer expected [VÆLG DIT MARKED] but found [SELECT YOUR MARKET]" type="java.lang.AssertionError">java.lang.AssertionError: Low footer expected [VÆLG DIT MARKED] but found [SELECT YOUR MARKET]
	at Tests.FranchisePartner.Enroll(FranchisePartner.java:248)
</failure>
    <system-err><![CDATA[Starting ChromeDriver 2.36.540470 (e522d04694c7ebea4ba8821272dbef4f9b818c91) on port 10144
Only local connections are allowed.
Jun 30, 2020 10:21:30 AM org.openqa.selenium.remote.ProtocolHandshake createSession
INFO: Detected dialect: OSS
]]></system-err>
  </testcase>
  <testcase name="Enroll" classname="Tests.FranchisePartner" time="268.704">
    <failure message="Major Total Price is Wrong expected [219.0] but found [227.27]" type="java.lang.AssertionError">java.lang.AssertionError: Major Total Price is Wrong expected [219.0] but found [227.27]
	at Tests.FranchisePartner.Enroll(FranchisePartner.java:253)
</failure>
    <system-out><![CDATA[Request URL: https://hydraqa.unicity.net/v5a-test/quotes?&expand=item
Entry Quotes response : {"items":[{"lines":{"items":[{"item":{"href":"https:\/\/hydraqa.unicity.net\/v5a-test\/items\/051e765a5a71835a859c2757edd359f0","id":{"unicity":"26580"}},"quantity":1,"terms":{"priceEach":195,"taxEach":{"amount":0},"discountEach":{"amount":0},"pvEach":130}}]},"currency":"USD"},{"lines":{"items":[{"item":{"href":"https:\/\/hydraqa.unicity.net\/v5a-test\/items\/3ddd31ddbe0e5807756d2488e7cc3602","id":{"unicity":"31440"}},"quantity":1,"terms":{"priceEach":40,"taxEach":{"amount":0},"discountEach":{"amount":0},"pvEach":0}}]},"currency":"USD"},{"lines":{"items":[{"item":{"href":"https:\/\/hydraqa.unicity.net\/v5a-test\/items\/90d5ee3af77bdc64ecf28a45b604bf3d","id":{"unicity":"31441"}},"quantity":1,"terms":{"priceEach":40,"taxEach":{"amount":0},"discountEach":{"amount":0},"pvEach":0}}]},"currency":"USD"},{"lines":{"items":[{"item":{"href":"https:\/\/hydraqa.unicity.net\/v5a-test\/items\/c201dcd36f4bb7e17e7a8481ef08d6f2","id":{"unicity":"31518"}},"quantity":1,"terms":{"priceEach":29,"taxEach":{"amount":0},"discountEach":{"amount":0},"pvEach":14}}]},"currency":"USD"},{"lines":{"items":[{"item":{"href":"https:\/\/hydraqa.unicity.net\/v5a-test\/items\/bed533c634e887357ff031d8e4c776b0","id":{"unicity":"31751"}},"quantity":1,"terms":{"priceEach":99,"taxEach":{"amount":0},"discountEach":{"amount":0},"pvEach":50}}]},"currency":"USD"},{"lines":{"items":[{"item":{"href":"https:\/\/hydraqa.unicity.net\/v5a-test\/items\/38da42f991a40a00153b2e5055b82dbf","id":{"unicity":"27801"}},"quantity":1,"terms":{"priceEach":195,"taxEach":{"amount":0},"discountEach":{"amount":0},"pvEach":130}}]},"currency":"USD"},{"lines":{"items":[{"item":{"href":"https:\/\/hydraqa.unicity.net\/v5a-test\/items\/cf8460040a1860bcabf250b6c1171675","id":{"unicity":"31858"}},"quantity":1,"terms":{"priceEach":269,"taxEach":{"amount":0},"discountEach":{"amount":0},"pvEach":195}}]},"currency":"USD"},{"lines":{"items":[{"item":{"href":"https:\/\/hydraqa.unicity.net\/v5a-test\/items\/2de8516a24af8232add0bb392e750a71","id":{"unicity":"31859"}},"quantity":1,"terms":{"priceEach":179,"taxEach":{"amount":0},"discountEach":{"amount":0},"pvEach":130}}]},"currency":"USD"},{"lines":{"items":[{"item":{"href":"https:\/\/hydraqa.unicity.net\/v5a-test\/items\/e47fd287212acedd1cffb2b67bf623bd","id":{"unicity":"31862"}},"quantity":1,"terms":{"priceEach":210,"taxEach":{"amount":0},"discountEach":{"amount":0},"pvEach":148}}]},"currency":"USD"},{"lines":{"items":[{"item":{"href":"https:\/\/hydraqa.unicity.net\/v5a-test\/items\/50747027a065cb8361c1f0d6eb880466","id":{"unicity":"32030"}},"quantity":1,"terms":{"priceEach":143,"taxEach":{"amount":0},"discountEach":{"amount":0},"pvEach":102}}]},"currency":"USD"},{"lines":{"items":[{"item":{"href":"https:\/\/hydraqa.unicity.net\/v5a-test\/items\/292b6aee9c1193e9488e9ae6e3a845e4","id":{"unicity":"29684"}},"quantity":1,"terms":{"priceEach":242,"taxEach":{"amount":0},"discountEach":{"amount":0},"pvEach":144}}]},"currency":"USD"},{"lines":{"items":[{"item":{"href":"https:\/\/hydraqa.unicity.net\/v5a-test\/items\/00c2eb70c985722ce208490aece00945","id":{"unicity":"31729"}},"quantity":1,"terms":{"priceEach":143,"taxEach":{"amount":0},"discountEach":{"amount":0},"pvEach":100}}]},"currency":"USD"},{"lines":{"items":[{"item":{"href":"https:\/\/hydraqa.unicity.net\/v5a-test\/items\/693a7c4a70b06a00471afe8d6cae5023","id":{"unicity":"31730"}},"quantity":1,"terms":{"priceEach":120,"taxEach":{"amount":0},"discountEach":{"amount":0},"pvEach":80}}]},"currency":"USD"},{"lines":{"items":[{"item":{"href":"https:\/\/hydraqa.unicity.net\/v5a-test\/items\/ccb242d74dcb1fe621cc7bfe1b1de315","id":{"unicity":"31731"}},"quantity":1,"terms":{"priceEach":89,"taxEach":{"amount":0},"discountEach":{"amount":0},"pvEach":60}}]},"currency":"USD"},{"lines":{"items":[{"item":{"href":"https:\/\/hydraqa.unicity.net\/v5a-test\/items\/9ff4257741d464b686d15be955b8afb6","id":{"unicity":"0963"}},"quantity":1,"terms":{"priceEach":42,"taxEach":{"amount":0},"discountEach":{"amount":0},"pvEach":25}}]},"currency":"USD"},{"lines":{"items":[{"item":{"href":"https:\/\/hydraqa.unicity.net\/v5a-test\/items\/716b7a0bca7fa73e42e000d668e7ee65","id":{"unicity":"15129"}},"quantity":1,"terms":{"priceEach":22,"taxEach":{"amount":0},"discountEach":{"amount":0},"pvEach":10}}]},"currency":"USD"},{"lines":{"items":[{"item":{"href":"https:\/\/hydraqa.unicity.net\/v5a-test\/items\/390a7ae70d5669561ecdf7d5cff2671b","id":{"unicity":"15271"}},"quantity":1,"terms":{"priceEach":69,"taxEach":{"amount":0},"discountEach":{"amount":0},"pvEach":27}}]},"currency":"USD"},{"lines":{"items":[{"item":{"href":"https:\/\/hydraqa.unicity.net\/v5a-test\/items\/4b2034f47fce90b87bba28c5c2d7c25d","id":{"unicity":"15880"}},"quantity":1,"terms":{"priceEach":59,"taxEach":{"amount":0},"discountEach":{"amount":0},"pvEach":41}}]},"currency":"USD"},{"lines":{"items":[{"item":{"href":"https:\/\/hydraqa.unicity.net\/v5a-test\/items\/2c4c1abe00983e85aaa918d2ce341491","id":{"unicity":"17174"}},"quantity":1,"terms":{"priceEach":17,"taxEach":{"amount":0},"discountEach":{"amount":0},"pvEach":10}}]},"currency":"USD"},{"lines":{"items":[{"item":{"href":"https:\/\/hydraqa.unicity.net\/v5a-test\/items\/cea826eab72d44641c070aab6c97c1ac","id":{"unicity":"22747"}},"quantity":1,"terms":{"priceEach":27,"taxEach":{"amount":0},"discountEach":{"amount":0},"pvEach":16}}]},"currency":"USD"},{"lines":{"items":[{"item":{"href":"https:\/\/hydraqa.unicity.net\/v5a-test\/items\/5c2f1613082782e691d32fe9ce034026","id":{"unicity":"23728"}},"quantity":1,"terms":{"priceEach":26,"taxEach":{"amount":0},"discountEach":{"amount":0},"pvEach":13}}]},"currency":"USD"},{"lines":{"items":[{"item":{"href":"https:\/\/hydraqa.unicity.net\/v5a-test\/items\/64ec7ad932acafab052a4e8800ad1238","id":{"unicity":"24758"}},"quantity":1,"terms":{"priceEach":31,"taxEach":{"amount":0},"discountEach":{"amount":0},"pvEach":21}}]},"currency":"USD"},{"lines":{"items":[{"item":{"href":"https:\/\/hydraqa.unicity.net\/v5a-test\/items\/9a7715e888c94989d898fe4653645721","id":{"unicity":"26550"}},"quantity":1,"terms":{"priceEach":80,"taxEach":{"amount":0},"discountEach":{"amount":0},"pvEach":52}}]},"currency":"USD"},{"lines":{"items":[{"item":{"href":"https:\/\/hydraqa.unicity.net\/v5a-test\/items\/3af97c67f653253825a9189a27da57d6","id":{"unicity":"26556"}},"quantity":1,"terms":{"priceEach":79,"taxEach":{"amount":0},"discountEach":{"amount":0},"pvEach":61}}]},"currency":"USD"},{"lines":{"items":[{"item":{"href":"https:\/\/hydraqa.unicity.net\/v5a-test\/items\/0cf62d38e91953b43dcfe88b06f813cb","id":{"unicity":"26557"}},"quantity":1,"terms":{"priceEach":79,"taxEach":{"amount":0},"discountEach":{"amount":0},"pvEach":61}}]},"currency":"USD"},{"lines":{"items":[{"item":{"href":"https:\/\/hydraqa.unicity.net\/v5a-test\/items\/398d06b858b960f6f38086d40608aef2","id":{"unicity":"26560"}},"quantity":1,"terms":{"priceEach":16,"taxEach":{"amount":0},"discountEach":{"amount":0},"pvEach":12}}]},"currency":"USD"},{"lines":{"items":[{"item":{"href":"https:\/\/hydraqa.unicity.net\/v5a-test\/items\/cda534d686af5d627c94c4bb2c4b57d8","id":{"unicity":"26561"}},"quantity":1,"terms":{"priceEach":16,"taxEach":{"amount":0},"discountEach":{"amount":0},"pvEach":11}}]},"currency":"USD"},{"lines":{"items":[{"item":{"href":"https:\/\/hydraqa.unicity.net\/v5a-test\/items\/0a3ede185ddf034630afd891c5106d33","id":{"unicity":"26562"}},"quantity":1,"terms":{"priceEach":33,"taxEach":{"amount":0},"discountEach":{"amount":0},"pvEach":25}}]},"currency":"USD"},{"lines":{"items":[{"item":{"href":"https:\/\/hydraqa.unicity.net\/v5a-test\/items\/16ca68abaaa92505c257be022a154769","id":{"unicity":"27615"}},"quantity":1,"terms":{"priceEach":29,"taxEach":{"amount":0},"discountEach":{"amount":0},"pvEach":21}}]},"currency":"USD"},{"lines":{"items":[{"item":{"href":"https:\/\/hydraqa.unicity.net\/v5a-test\/items\/1bd53de7fe880ba71f46c9976ca2c137","id":{"unicity":"27739"}},"quantity":1,"terms":{"priceEach":33,"taxEach":{"amount":0},"discountEach":{"amount":0},"pvEach":13}}]},"currency":"USD"},{"lines":{"items":[{"item":{"href":"https:\/\/hydraqa.unicity.net\/v5a-test\/items\/1945faa1776541d53120ecfe3c1d8a2b","id":{"unicity":"24418"}},"quantity":1,"terms":{"priceEach":5,"taxEach":{"amount":0},"discountEach":{"amount":0},"pvEach":0}}]},"currency":"USD"},{"lines":{"items":[{"item":{"href":"https:\/\/hydraqa.unicity.net\/v5a-test\/items\/9a6e1d094182389c3da8e0a320ff0e00","id":{"unicity":"27585"}},"quantity":1,"terms":{"priceEach":56,"taxEach":{"amount":0},"discountEach":{"amount":0},"pvEach":33}}]},"currency":"USD"},{"lines":{"items":[{"item":{"href":"https:\/\/hydraqa.unicity.net\/v5a-test\/items\/84bf86533ae28dc84370f3699cc13a1d","id":{"unicity":"17744"}},"quantity":1,"terms":{"priceEach":97,"taxEach":{"amount":0},"discountEach":{"amount":0},"pvEach":62}}]},"currency":"USD"},{"lines":{"items":[{"item":{"href":"https:\/\/hydraqa.unicity.net\/v5a-test\/items\/b127a2d34d3d73e2f53e4c2002a7a4a2","id":{"unicity":"25008"}},"quantity":1,"terms":{"priceEach":19,"taxEach":{"amount":0},"discountEach":{"amount":0},"pvEach":15}}]},"currency":"USD"},{"lines":{"items":[{"item":{"href":"https:\/\/hydraqa.unicity.net\/v5a-test\/items\/10da226fab00279b4f89df10af2a10b7","id":{"unicity":"26442"}},"quantity":1,"terms":{"priceEach":6,"taxEach":{"amount":0},"discountEach":{"amount":0},"pvEach":0}}]},"currency":"USD"},{"lines":{"items":[{"item":{"href":"https:\/\/hydraqa.unicity.net\/v5a-test\/items\/80a898d805f759925797847a176bf62f","id":{"unicity":"26551"}},"quantity":1,"terms":{"priceEach":80,"taxEach":{"amount":0},"discountEach":{"amount":0},"pvEach":52}}]},"currency":"USD"},{"lines":{"items":[{"item":{"href":"https:\/\/hydraqa.unicity.net\/v5a-test\/items\/933f0856fd8ec1df83c5283dabf4ec3c","id":{"unicity":"6200"}},"quantity":1,"terms":{"priceEach":68,"taxEach":{"amount":0},"discountEach":{"amount":0},"pvEach":47}}]},"currency":"USD"},{"lines":{"items":[{"item":{"href":"https:\/\/hydraqa.unicity.net\/v5a-test\/items\/8d994059c399f5551ab112574e4476fc","id":{"unicity":"24785"}},"quantity":1,"terms":{"priceEach":14,"taxEach":{"amount":0},"discountEach":{"amount":0},"pvEach":9}}]},"currency":"USD"},{"lines":{"items":[{"item":{"href":"https:\/\/hydraqa.unicity.net\/v5a-test\/items\/aa0d72ac13b1ce88cf8c4a52ede75a37","id":{"unicity":"26552"}},"quantity":1,"terms":{"priceEach":70,"taxEach":{"amount":0},"discountEach":{"amount":0},"pvEach":50}}]},"currency":"USD"},{"lines":{"items":[{"item":{"href":"https:\/\/hydraqa.unicity.net\/v5a-test\/items\/8b5ed9aa6c6132e1be5e446f69a3465e","id":{"unicity":"0954"}},"quantity":1,"terms":{"priceEach":21,"taxEach":{"amount":0},"discountEach":{"amount":0},"pvEach":15}}]},"currency":"USD"},{"lines":{"items":[{"item":{"href":"https:\/\/hydraqa.unicity.net\/v5a-test\/items\/b2fc4b9ba4aa5cae54389161be2f841f","id":{"unicity":"18401"}},"quantity":1,"terms":{"priceEach":31,"taxEach":{"amount":0},"discountEach":{"amount":0},"pvEach":19}}]},"currency":"USD"},{"lines":{"items":[{"item":{"href":"https:\/\/hydraqa.unicity.net\/v5a-test\/items\/48433ffc76597c823adc2b8627e033e4","id":{"unicity":"26559"}},"quantity":1,"terms":{"priceEach":30,"taxEach":{"amount":0},"discountEach":{"amount":0},"pvEach":20}}]},"currency":"USD"},{"lines":{"items":[{"item":{"href":"https:\/\/hydraqa.unicity.net\/v5a-test\/items\/5a38f009bec6c23b1b3a70432f9722e5","id":{"unicity":"19596"}},"quantity":1,"terms":{"priceEach":49,"taxEach":{"amount":0},"discountEach":{"amount":0},"pvEach":30}}]},"currency":"USD"},{"lines":{"items":[{"item":{"href":"https:\/\/hydraqa.unicity.net\/v5a-test\/items\/9ce45d695c87f93b29794041362b5192","id":{"unicity":"26945"}},"quantity":1,"terms":{"priceEach":35,"taxEach":{"amount":0},"discountEach":{"amount":0},"pvEach":0}}]},"currency":"USD"},{"lines":{"items":[{"item":{"href":"https:\/\/hydraqa.unicity.net\/v5a-test\/items\/ddef5f478ff91aa2263b646a3bd03dea","id":{"unicity":"21420"}},"quantity":1,"terms":{"priceEach":24,"taxEach":{"amount":0},"discountEach":{"amount":0},"pvEach":10}}]},"currency":"USD"},{"lines":{"items":[{"item":{"href":"https:\/\/hydraqa.unicity.net\/v5a-test\/items\/55d3b550a17b78175cc5ac565e4266e8","id":{"unicity":"24621"}},"quantity":1,"terms":{"priceEach":20,"taxEach":{"amount":0},"discountEach":{"amount":0},"pvEach":12}}]},"currency":"USD"},{"lines":{"items":[{"item":{"href":"https:\/\/hydraqa.unicity.net\/v5a-test\/items\/9d9d002b0e21b9bd58ad0154a4f781c5","id":{"unicity":"28836"}},"quantity":1,"terms":{"priceEach":58,"taxEach":{"amount":0},"discountEach":{"amount":0},"pvEach":36}}]},"currency":"USD"},{"lines":{"items":[{"item":{"href":"https:\/\/hydraqa.unicity.net\/v5a-test\/items\/399be8efa903b362515c48315ab2afb9","id":{"unicity":"15712"}},"quantity":1,"terms":{"priceEach":15,"taxEach":{"amount":0},"discountEach":{"amount":0},"pvEach":5}}]},"currency":"USD"},{"lines":{"items":[{"item":{"href":"https:\/\/hydraqa.unicity.net\/v5a-test\/items\/d489ec0d50f6e28d5743afc65439631b","id":{"unicity":"0960"}},"quantity":1,"terms":{"priceEach":37,"taxEach":{"amount":0},"discountEach":{"amount":0},"pvEach":23}}]},"currency":"USD"},{"lines":{"items":[{"item":{"href":"https:\/\/hydraqa.unicity.net\/v5a-test\/items\/66839181d7531692a8d886a9da6fb4d6","id":{"unicity":"25369"}},"quantity":1,"terms":{"priceEach":48,"taxEach":{"amount":0},"discountEach":{"amount":0},"pvEach":25}}]},"currency":"USD"},{"lines":{"items":[{"item":{"href":"https:\/\/hydraqa.unicity.net\/v5a-test\/items\/0eebdede5bdb8bf4d71e800b6f3cead1","id":{"unicity":"30825"}},"quantity":1,"terms":{"priceEach":49,"taxEach":{"amount":0},"discountEach":{"amount":0},"pvEach":25}}]},"currency":"USD"},{"lines":{"items":[{"item":{"href":"https:\/\/hydraqa.unicity.net\/v5a-test\/items\/8ed7a8910d5c5335774fa9cfae0e511d","id":{"unicity":"18386"}},"quantity":1,"terms":{"priceEach":27,"taxEach":{"amount":0},"discountEach":{"amount":0},"pvEach":21}}]},"currency":"USD"},{"lines":{"items":[{"item":{"href":"https:\/\/hydraqa.unicity.net\/v5a-test\/items\/3f2d12d7a0e8551fc99fad3bbe1ba633","id":{"unicity":"26567"}},"quantity":1,"terms":{"priceEach":56,"taxEach":{"amount":0},"discountEach":{"amount":0},"pvEach":35}}]},"currency":"USD"},{"lines":{"items":[{"item":{"href":"https:\/\/hydraqa.unicity.net\/v5a-test\/items\/191637167cb3144bd2e8c4615e9ab67e","id":{"unicity":"26568"}},"quantity":1,"terms":{"priceEach":56,"taxEach":{"amount":0},"discountEach":{"amount":0},"pvEach":35}}]},"currency":"USD"},{"lines":{"items":[{"item":{"href":"https:\/\/hydraqa.unicity.net\/v5a-test\/items\/2cefc6a61faaae3455a5adcb0d8fc74f","id":{"unicity":"15907"}},"quantity":1,"terms":{"priceEach":15,"taxEach":{"amount":0},"discountEach":{"amount":0},"pvEach":5}}]},"currency":"USD"},{"lines":{"items":[{"item":{"href":"https:\/\/hydraqa.unicity.net\/v5a-test\/items\/fa2407c91e64e66a72ab45172eb978df","id":{"unicity":"0988"}},"quantity":1,"terms":{"priceEach":36,"taxEach":{"amount":0},"discountEach":{"amount":0},"pvEach":23}}]},"currency":"USD"},{"lines":{"items":[{"item":{"href":"https:\/\/hydraqa.unicity.net\/v5a-test\/items\/40a1044968ea62276f4ba87fd2ef0d8f","id":{"unicity":"12230"}},"quantity":1,"terms":{"priceEach":45,"taxEach":{"amount":0},"discountEach":{"amount":0},"pvEach":18}}]},"currency":"USD"},{"lines":{"items":[{"item":{"href":"https:\/\/hydraqa.unicity.net\/v5a-test\/items\/112b8c39286598b3730f630f371a45f4","id":{"unicity":"27587"}},"quantity":1,"terms":{"priceEach":58,"taxEach":{"amount":0},"discountEach":{"amount":0},"pvEach":33}}]},"currency":"USD"},{"lines":{"items":[{"item":{"href":"https:\/\/hydraqa.unicity.net\/v5a-test\/items\/e218d1cac5f31e7ae4f5876c29c57377","id":{"unicity":"29017"}},"quantity":1,"terms":{"priceEach":38,"taxEach":{"amount":0},"discountEach":{"amount":0},"pvEach":26}}]},"currency":"USD"},{"lines":{"items":[{"item":{"href":"https:\/\/hydraqa.unicity.net\/v5a-test\/items\/25eaf64b36ce31368f17ae789fd9ac5b","id":{"unicity":"29694"}},"quantity":1,"terms":{"priceEach":56,"taxEach":{"amount":0},"discountEach":{"amount":0},"pvEach":33}}]},"currency":"USD"},{"lines":{"items":[{"item":{"href":"https:\/\/hydraqa.unicity.net\/v5a-test\/items\/634f7efb30392b2a919de1355902d975","id":{"unicity":"29408"}},"quantity":1,"terms":{"priceEach":80,"taxEach":{"amount":0},"discountEach":{"amount":0},"pvEach":52}}]},"currency":"USD"},{"lines":{"items":[{"item":{"href":"https:\/\/hydraqa.unicity.net\/v5a-test\/items\/bb5c627f16547cb4f706cef521bca356","id":{"unicity":"29437"}},"quantity":1,"terms":{"priceEach":62,"taxEach":{"amount":0},"discountEach":{"amount":0},"pvEach":36}}]},"currency":"USD"},{"lines":{"items":[{"item":{"href":"https:\/\/hydraqa.unicity.net\/v5a-test\/items\/991cdbb84a495779eb209fb3956a77e4","id":{"unicity":"29183"}},"quantity":1,"terms":{"priceEach":42,"taxEach":{"amount":0},"discountEach":{"amount":0},"pvEach":24}}]},"currency":"USD"},{"lines":{"items":[{"item":{"href":"https:\/\/hydraqa.unicity.net\/v5a-test\/items\/1b0412bea8c0b841c66f65a36aa14108","id":{"unicity":"29191"}},"quantity":1,"terms":{"priceEach":64,"taxEach":{"amount":0},"discountEach":{"amount":0},"pvEach":36}}]},"currency":"USD"},{"lines":{"items":[{"item":{"href":"https:\/\/hydraqa.unicity.net\/v5a-test\/items\/362999101a321b721c87110710ae77b0","id":{"unicity":"29352"}},"quantity":1,"terms":{"priceEach":119,"taxEach":{"amount":0},"discountEach":{"amount":0},"pvEach":80}}]},"currency":"USD"},{"lines":{"items":[{"item":{"href":"https:\/\/hydraqa.unicity.net\/v5a-test\/items\/24ff5bda40c0d0e7eaa511866d052915","id":{"unicity":"29612"}},"quantity":1,"terms":{"priceEach":49,"taxEach":{"amount":0},"discountEach":{"amount":0},"pvEach":30}}]},"currency":"USD"},{"lines":{"items":[{"item":{"href":"https:\/\/hydraqa.unicity.net\/v5a-test\/items\/e0a19d3d676bccfdba0ab3d9f2766359","id":{"unicity":"30350"}},"quantity":1,"terms":{"priceEach":50,"taxEach":{"amount":0},"discountEach":{"amount":0},"pvEach":30}}]},"currency":"USD"},{"lines":{"items":[{"item":{"href":"https:\/\/hydraqa.unicity.net\/v5a-test\/items\/024e696f8b44a1d315006e676604cd31","id":{"unicity":"27395"}},"quantity":1,"terms":{"priceEach":25,"taxEach":{"amount":0},"discountEach":{"amount":0},"pvEach":16}}]},"currency":"USD"},{"lines":{"items":[{"item":{"href":"https:\/\/hydraqa.unicity.net\/v5a-test\/items\/05ca08f3808f126c0cc42154c50fc75c","id":{"unicity":"29440"}},"quantity":1,"terms":{"priceEach":120,"taxEach":{"amount":0},"discountEach":{"amount":0},"pvEach":90}}]},"currency":"USD"},{"lines":{"items":[{"item":{"href":"https:\/\/hydraqa.unicity.net\/v5a-test\/items\/764e2db430d361da99e8f6b70c4d0244","id":{"unicity":"29830"}},"quantity":1,"terms":{"priceEach":17,"taxEach":{"amount":0},"discountEach":{"amount":0},"pvEach":7}}]},"currency":"USD"},{"lines":{"items":[{"item":{"href":"https:\/\/hydraqa.unicity.net\/v5a-test\/items\/035189015384166df518a68ede0299a9","id":{"unicity":"30408"}},"quantity":1,"terms":{"priceEach":84,"taxEach":{"amount":0},"discountEach":{"amount":0},"pvEach":50}}]},"currency":"USD"},{"lines":{"items":[{"item":{"href":"https:\/\/hydraqa.unicity.net\/v5a-test\/items\/b91affa753dd5ee8a9acef4fa7e2c9a7","id":{"unicity":"30414"}},"quantity":1,"terms":{"priceEach":94,"taxEach":{"amount":0},"discountEach":{"amount":0},"pvEach":65}}]},"currency":"USD"},{"lines":{"items":[{"item":{"href":"https:\/\/hydraqa.unicity.net\/v5a-test\/items\/2835b1a78e379486f0ffbfd5fb9f6b0a","id":{"unicity":"30400"}},"quantity":1,"terms":{"priceEach":38,"taxEach":{"amount":0},"discountEach":{"amount":0},"pvEach":28}}]},"currency":"USD"},{"lines":{"items":[{"item":{"href":"https:\/\/hydraqa.unicity.net\/v5a-test\/items\/0e78fbdfebef11cd62f8d2120064ee58","id":{"unicity":"30280"}},"quantity":1,"terms":{"priceEach":42,"taxEach":{"amount":0},"discountEach":{"amount":0},"pvEach":24}}]},"currency":"USD"},{"lines":{"items":[{"item":{"href":"https:\/\/hydraqa.unicity.net\/v5a-test\/items\/d306a0b65f27f19b4968e5c05906a9f4","id":{"unicity":"31314"}},"quantity":1,"terms":{"priceEach":388,"taxEach":{"amount":0},"discountEach":{"amount":0},"pvEach":268}}]},"currency":"USD"},{"lines":{"items":[{"item":{"href":"https:\/\/hydraqa.unicity.net\/v5a-test\/items\/5bda067b70c43971650a6ef983f612e4","id":{"unicity":"31728"}},"quantity":1,"terms":{"priceEach":126,"taxEach":{"amount":0},"discountEach":{"amount":0},"pvEach":94}}]},"currency":"USD"},{"lines":{"items":[{"item":{"href":"https:\/\/hydraqa.unicity.net\/v5a-test\/items\/3875e24e6b6ebdf36c79d205614ed51e","id":{"unicity":"31846"}},"quantity":1,"terms":{"priceEach":126,"taxEach":{"amount":0},"discountEach":{"amount":0},"pvEach":94}}]},"currency":"USD"},{"lines":{"items":[{"item":{"href":"https:\/\/hydraqa.unicity.net\/v5a-test\/items\/89b6d29a85a88d44d65bc8cca3fefc65","id":{"unicity":"31845"}},"quantity":1,"terms":{"priceEach":143,"taxEach":{"amount":0},"discountEach":{"amount":0},"pvEach":100}}]},"currency":"USD"},{"lines":{"items":[{"item":{"href":"https:\/\/hydraqa.unicity.net\/v5a-test\/items\/fbb319232b7eed110794d46a68302acb","id":{"unicity":"31847"}},"quantity":1,"terms":{"priceEach":120,"taxEach":{"amount":0},"discountEach":{"amount":0},"pvEach":80}}]},"currency":"USD"},{"lines":{"items":[{"item":{"href":"https:\/\/hydraqa.unicity.net\/v5a-test\/items\/fd464cd7972cc1317e850b9196d886b8","id":{"unicity":"31863"}},"quantity":1,"terms":{"priceEach":210,"taxEach":{"amount":0},"discountEach":{"amount":0},"pvEach":148}}]},"currency":"USD"},{"lines":{"items":[{"item":{"href":"https:\/\/hydraqa.unicity.net\/v5a-test\/items\/d4c8fce238d6fc34d17a4b36d1e4e59a","id":{"unicity":"31860"}},"quantity":1,"terms":{"priceEach":196,"taxEach":{"amount":0},"discountEach":{"amount":0},"pvEach":135}}]},"currency":"USD"},{"lines":{"items":[{"item":{"href":"https:\/\/hydraqa.unicity.net\/v5a-test\/items\/4ab49eca1731e69206ccafb5112ad5a4","id":{"unicity":"31861"}},"quantity":1,"terms":{"priceEach":196,"taxEach":{"amount":0},"discountEach":{"amount":0},"pvEach":135}}]},"currency":"USD"},{"lines":{"items":[{"item":{"href":"https:\/\/hydraqa.unicity.net\/v5a-test\/items\/077823d29445b9020de9931f10c63efd","id":{"unicity":"31958"}},"quantity":1,"terms":{"priceEach":129,"taxEach":{"amount":0},"discountEach":{"amount":0},"pvEach":85}}]},"currency":"USD"},{"lines":{"items":[{"item":{"href":"https:\/\/hydraqa.unicity.net\/v5a-test\/items\/bfddb53fe0d5ed5432c531dc9850cbe4","id":{"unicity":"29449"}},"quantity":1,"terms":{"priceEach":37,"taxEach":{"amount":0},"discountEach":{"amount":0},"pvEach":25}}]},"currency":"USD"},{"lines":{"items":[{"item":{"href":"https:\/\/hydraqa.unicity.net\/v5a-test\/items\/7fc100f8d20814757efe2d79e41b315c","id":{"unicity":"32021"}},"quantity":1,"terms":{"priceEach":89,"taxEach":{"amount":0},"discountEach":{"amount":0},"pvEach":60}}]},"currency":"USD"},{"lines":{"items":[{"item":{"href":"https:\/\/hydraqa.unicity.net\/v5a-test\/items\/c674cdded8a54983aae3c5dcb32c9e38","id":{"unicity":"32628"}},"quantity":1,"terms":{"priceEach":80,"taxEach":{"amount":0},"discountEach":{"amount":0},"pvEach":50}}]},"currency":"USD"},{"lines":{"items":[{"item":{"href":"https:\/\/hydraqa.unicity.net\/v5a-test\/items\/69d8547e9e264505ce055e09920659fd","id":{"unicity":"33019"}},"quantity":1,"terms":{"priceEach":202,"taxEach":{"amount":0},"discountEach":{"amount":0},"pvEach":151}}]},"currency":"USD"},{"lines":{"items":[{"item":{"href":"https:\/\/hydraqa.unicity.net\/v5a-test\/items\/30b5c0f54df52286b3d87a6a1dfd314a","id":{"unicity":"33018"}},"quantity":1,"terms":{"priceEach":205,"taxEach":{"amount":0},"discountEach":{"amount":0},"pvEach":133}}]},"currency":"USD"},{"lines":{"items":[{"item":{"href":"https:\/\/hydraqa.unicity.net\/v5a-test\/items\/16a422e03f6e3a79ba7bcd7fd50e31c0","id":{"unicity":"33017"}},"quantity":1,"terms":{"priceEach":150,"taxEach":{"amount":0},"discountEach":{"amount":0},"pvEach":110}}]},"currency":"USD"},{"lines":{"items":[{"item":{"href":"https:\/\/hydraqa.unicity.net\/v5a-test\/items\/30f2eb8ab275ef57ae8082b3435a3d69","id":{"unicity":"33016"}},"quantity":1,"terms":{"priceEach":199,"taxEach":{"amount":0},"discountEach":{"amount":0},"pvEach":142}}]},"currency":"USD"}]}
Entry request : {"order":{"customer":{"href":"https://hydraqa.unicity.net/v5a-test/customers?type=Associate"},"shipToAddress":{"country":"US"}},"vary":{"lines":{"items":[{"item":{"href":"https://hydraqa.unicity.net/v5a-test/items?id.unicity=26580|31440|31441|31518|31751|27801|31858|31859|31862|32030|29684|31729|31730|31731|0963|15129|15271|15880|17174|22745|22747|23728|24758|25022|26550|26556|26557|26560|26561|26562|27615|27739|24418|27585|17744|25008|26442|26551|6200|15916|18908|24785|26552|27028|0954|18401|27029|26559|19596|26945|21420|24621|28836|15712|0960|25369|30825|18386|26567|26568|15907|28513|3107|0988|12230|26950|26786|27587|29017|29694|29408|29437|29183|29191|29352|29612|30350|27395|29440|29830|30408|30414|30400|30280|31314|31728|31846|31845|31847|31863|31860|31861|31958|29449|32021|32628|33019|33018|33017|33016|32019|26555"}}]}}}
Request URL: https://hydraqa.unicity.net/v5a-test/customers.js?_httpMethod=HEAD&callback=angular.callbacks._1&email=MRTYAU@gmail.com
Unicity [Date=Tue, 30 Jun 2020 16:24:58 GMT, Content-Type=text/javascript; charset=utf-8, Content-Length=1488, Connection=keep-alive, Set-Cookie=__cfduid=da3ae70000370a92b562ac1d9b2f05da91593534293; expires=Thu, 30-Jul-20 16:24:53 GMT; path=/; domain=.unicity.net; HttpOnly; SameSite=Lax, X-Powered-By=Express, x-request-id=7aec1f9b-38c2-4b4c-b243-c76f80838d1d, x-request-release=5-2020063002/master, x-request-uuid=7aec1f9b-38c2-4b4c-b243-c76f80838d1d, Access-Control-Allow-Origin=http://enroll.ng.unicityqa.com, vary=Accept-Encoding, link=<http://unicity.github.io/Hydra.php/docs/v5/>; rel="help", www-authenticate=Basic realm="Restricted API", cache-control=no-cache, must-revalidate, expires=0, content-language=en-US, x-status-code=200, content-encoding=gzip, x-envoy-upstream-service-time=4597, access-control-expose-headers=x-b3-traceid, x-request-id, ETag=W/"5d0-6L+pPgjncoOfeIntF/aa9KEaVeI", CF-Cache-Status=DYNAMIC, cf-request-id=03a7a4bf55000081164caf5200000001, Expect-CT=max-age=604800, report-uri="https://report-uri.cloudflare.com/cdn-cgi/beacon/expect-ct", Server=cloudflare, CF-RAY=5ab93d788aee8116-MCI, alt-svc=h3-27=":443"; ma=86400, h3-28=":443"; ma=86400, h3-29=":443"; ma=86400]
suman84097
{shipToAddress={zip=84097, country=US, address1=1209 N 800 E, state=}, shippingMethod={href=https://hydraqa.unicity.net/v5a-test/shippingmethods?type=Economy}, lines={items=[{item={href=https://hydraqa.unicity.net/v5a-test/items?id.unicity=31441}, quantity=1}, {item={href=https://hydraqa.unicity.net/v5a-test/items?id.unicity=31859}, quantity=1}]}, customer={href=https://hydraqa.unicity.net/v5a-test/customers?type=Associate}}
kalyan84097
Unicity [Date=Tue, 30 Jun 2020 16:24:58 GMT, Content-Type=text/javascript; charset=utf-8, Content-Length=1488, Connection=keep-alive, Set-Cookie=__cfduid=ddacb74e80fa7b7647613ce904c10570e1593534294; expires=Thu, 30-Jul-20 16:24:54 GMT; path=/; domain=.unicity.net; HttpOnly; SameSite=Lax, X-Powered-By=Express, x-request-id=324d0d13-4278-42ea-8d24-0613f879ceef, x-request-release=5-2020063002/master, x-request-uuid=324d0d13-4278-42ea-8d24-0613f879ceef, Access-Control-Allow-Origin=http://enroll.ng.unicityqa.com, vary=Accept-Encoding, link=<http://unicity.github.io/Hydra.php/docs/v5/>; rel="help", www-authenticate=Basic realm="Restricted API", cache-control=no-cache, must-revalidate, expires=0, content-language=en-US, x-status-code=200, content-encoding=gzip, x-envoy-upstream-service-time=4350, access-control-expose-headers=x-b3-traceid, x-request-id, ETag=W/"5d0-KYeQdm2iMDROVg29odZLUU+soLg", CF-Cache-Status=DYNAMIC, cf-request-id=03a7a4c16d0000fbc874075200000001, Expect-CT=max-age=604800, report-uri="https://report-uri.cloudflare.com/cdn-cgi/beacon/expect-ct", Server=cloudflare, CF-RAY=5ab93d7bec76fbc8-MCI, alt-svc=h3-27=":443"; ma=86400, h3-28=":443"; ma=86400, h3-29=":443"; ma=86400]
suman84097
{shipToAddress={zip=84097, country=US, address1=1209 N 800 E, state=}, shippingMethod={href=https://hydraqa.unicity.net/v5a-test/shippingmethods?type=Economy}, lines={items=[{item={href=https://hydraqa.unicity.net/v5a-test/items?id.unicity=31441}, quantity=1}, {item={href=https://hydraqa.unicity.net/v5a-test/items?id.unicity=31859}, quantity=1}]}, customer={href=https://hydraqa.unicity.net/v5a-test/customers?type=Associate}}
kalyan84097
Unicity [Date=Tue, 30 Jun 2020 16:25:02 GMT, Content-Type=text/javascript; charset=utf-8, Content-Length=1487, Connection=keep-alive, Set-Cookie=__cfduid=dc531a1e94efd20bf91630c32f22c033e1593534298; expires=Thu, 30-Jul-20 16:24:58 GMT; path=/; domain=.unicity.net; HttpOnly; SameSite=Lax, X-Powered-By=Express, x-request-id=069da8ac-9924-4cce-9bdb-e61bfaa916af, x-request-release=5-2020063002/master, x-request-uuid=069da8ac-9924-4cce-9bdb-e61bfaa916af, Access-Control-Allow-Origin=http://enroll.ng.unicityqa.com, vary=Accept-Encoding, link=<http://unicity.github.io/Hydra.php/docs/v5/>; rel="help", www-authenticate=Basic realm="Restricted API", cache-control=no-cache, must-revalidate, expires=0, content-language=en-US, x-status-code=200, content-encoding=gzip, x-envoy-upstream-service-time=3530, access-control-expose-headers=x-b3-traceid, x-request-id, ETag=W/"5cf-6PTM5ALEsxI2VZCIPiRDbez/qR4", CF-Cache-Status=DYNAMIC, cf-request-id=03a7a4d1a0000081164cbcd200000001, Expect-CT=max-age=604800, report-uri="https://report-uri.cloudflare.com/cdn-cgi/beacon/expect-ct", Server=cloudflare, CF-RAY=5ab93d95cdf98116-MCI, alt-svc=h3-27=":443"; ma=86400, h3-28=":443"; ma=86400, h3-29=":443"; ma=86400]
suman84097
{shipToAddress={zip=84097, country=US, address1=1209 N 800 E, state=}, shippingMethod={href=https://hydraqa.unicity.net/v5a-test/shippingmethods?type=Economy}, lines={items=[{item={href=https://hydraqa.unicity.net/v5a-test/items?id.unicity=31441}, quantity=1}, {item={href=https://hydraqa.unicity.net/v5a-test/items?id.unicity=31859}, quantity=1}]}, customer={href=https://hydraqa.unicity.net/v5a-test/customers?type=Associate}}
kalyan84097
Unicity [Date=Tue, 30 Jun 2020 16:25:05 GMT, Content-Type=text/javascript; charset=utf-8, Content-Length=1486, Connection=keep-alive, Set-Cookie=__cfduid=db5539d06a3c9a8b48bdb1183c1c492d01593534301; expires=Thu, 30-Jul-20 16:25:01 GMT; path=/; domain=.unicity.net; HttpOnly; SameSite=Lax, X-Powered-By=Express, x-request-id=8b3853ef-4091-4a90-909e-cc22c5595d9e, x-request-release=5-2020063002/master, x-request-uuid=8b3853ef-4091-4a90-909e-cc22c5595d9e, Access-Control-Allow-Origin=http://enroll.ng.unicityqa.com, vary=Accept-Encoding, link=<http://unicity.github.io/Hydra.php/docs/v5/>; rel="help", www-authenticate=Basic realm="Restricted API", cache-control=no-cache, must-revalidate, expires=0, content-language=en-US, x-status-code=200, content-encoding=gzip, x-envoy-upstream-service-time=3805, access-control-expose-headers=x-b3-traceid, x-request-id, ETag=W/"5ce-GeD6by6+mLBYUylfn+Yf6GDEgps", CF-Cache-Status=DYNAMIC, cf-request-id=03a7a4dd700000fbbc04222200000001, Expect-CT=max-age=604800, report-uri="https://report-uri.cloudflare.com/cdn-cgi/beacon/expect-ct", Server=cloudflare, CF-RAY=5ab93da8ba8cfbbc-MCI, alt-svc=h3-27=":443"; ma=86400, h3-28=":443"; ma=86400, h3-29=":443"; ma=86400]
suman84097
{shipToAddress={zip=84097, country=US, address1=1209 N 800 E, state=}, shippingMethod={href=https://hydraqa.unicity.net/v5a-test/shippingmethods?type=Economy}, lines={items=[{item={href=https://hydraqa.unicity.net/v5a-test/items?id.unicity=31441}, quantity=1}, {item={href=https://hydraqa.unicity.net/v5a-test/items?id.unicity=31859}, quantity=1}]}, customer={href=https://hydraqa.unicity.net/v5a-test/customers?type=Associate}}
kalyan84097
Unicity [Date=Tue, 30 Jun 2020 16:25:07 GMT, Content-Type=text/javascript; charset=utf-8, Content-Length=1486, Connection=keep-alive, Set-Cookie=__cfduid=d0f5bd5f95c2edee146408387555f9b7c1593534302; expires=Thu, 30-Jul-20 16:25:02 GMT; path=/; domain=.unicity.net; HttpOnly; SameSite=Lax, X-Powered-By=Express, x-request-id=1fd620ca-2c1f-4d05-84a4-3e1ddd524813, x-request-release=5-2020063002/master, x-request-uuid=1fd620ca-2c1f-4d05-84a4-3e1ddd524813, Access-Control-Allow-Origin=http://enroll.ng.unicityqa.com, vary=Accept-Encoding, link=<http://unicity.github.io/Hydra.php/docs/v5/>; rel="help", www-authenticate=Basic realm="Restricted API", cache-control=no-cache, must-revalidate, expires=0, content-language=en-US, x-status-code=200, content-encoding=gzip, x-envoy-upstream-service-time=4509, access-control-expose-headers=x-b3-traceid, x-request-id, ETag=W/"5ce-8v7X2FMdHSxBjghAjyIc9oSqUtc", CF-Cache-Status=DYNAMIC, cf-request-id=03a7a4e17c0000fbc87433d200000001, Expect-CT=max-age=604800, report-uri="https://report-uri.cloudflare.com/cdn-cgi/beacon/expect-ct", Server=cloudflare, CF-RAY=5ab93daf2abcfbc8-MCI, alt-svc=h3-27=":443"; ma=86400, h3-28=":443"; ma=86400, h3-29=":443"; ma=86400]
suman84097
{shipToAddress={zip=84097, country=US, address1=1209 N 800 E, state=}, shippingMethod={href=https://hydraqa.unicity.net/v5a-test/shippingmethods?type=Economy}, lines={items=[{item={href=https://hydraqa.unicity.net/v5a-test/items?id.unicity=31441}, quantity=1}, {item={href=https://hydraqa.unicity.net/v5a-test/items?id.unicity=31859}, quantity=1}]}, customer={href=https://hydraqa.unicity.net/v5a-test/customers?type=Associate}}
kalyan84097
Unicity [Date=Tue, 30 Jun 2020 16:25:08 GMT, Content-Type=text/javascript; charset=utf-8, Content-Length=1487, Connection=keep-alive, Set-Cookie=__cfduid=df831e8113a9780cfef715eef543d8bb31593534305; expires=Thu, 30-Jul-20 16:25:05 GMT; path=/; domain=.unicity.net; HttpOnly; SameSite=Lax, X-Powered-By=Express, x-request-id=32cf669f-0caa-496f-acfa-a8c403055cb0, x-request-release=5-2020063002/master, x-request-uuid=32cf669f-0caa-496f-acfa-a8c403055cb0, Access-Control-Allow-Origin=http://enroll.ng.unicityqa.com, vary=Accept-Encoding, link=<http://unicity.github.io/Hydra.php/docs/v5/>; rel="help", www-authenticate=Basic realm="Restricted API", cache-control=no-cache, must-revalidate, expires=0, content-language=en-US, x-status-code=200, content-encoding=gzip, x-envoy-upstream-service-time=3208, access-control-expose-headers=x-b3-traceid, x-request-id, ETag=W/"5cf-7URm342Pa3dDQgevhgbUXTLtQrA", CF-Cache-Status=DYNAMIC, cf-request-id=03a7a4ecba0000fbbc04343200000001, Expect-CT=max-age=604800, report-uri="https://report-uri.cloudflare.com/cdn-cgi/beacon/expect-ct", Server=cloudflare, CF-RAY=5ab93dc12de3fbbc-MCI, alt-svc=h3-27=":443"; ma=86400, h3-28=":443"; ma=86400, h3-29=":443"; ma=86400]
suman84097
{shipToAddress={zip=84097, country=US, address1=1209 N 800 E, state=}, shippingMethod={href=https://hydraqa.unicity.net/v5a-test/shippingmethods?type=Economy}, lines={items=[{item={href=https://hydraqa.unicity.net/v5a-test/items?id.unicity=31441}, quantity=1}, {item={href=https://hydraqa.unicity.net/v5a-test/items?id.unicity=31859}, quantity=1}]}, customer={href=https://hydraqa.unicity.net/v5a-test/customers?type=Associate}}
kalyan84097
Unicity [Date=Tue, 30 Jun 2020 16:25:11 GMT, Content-Type=text/javascript; charset=utf-8, Content-Length=1489, Connection=keep-alive, Set-Cookie=__cfduid=d17b51e28502d61146bdef98925f84f771593534308; expires=Thu, 30-Jul-20 16:25:08 GMT; path=/; domain=.unicity.net; HttpOnly; SameSite=Lax, X-Powered-By=Express, x-request-id=870ff0b5-cf79-4ab4-8e0f-d926fdbe78b5, x-request-release=5-2020063002/master, x-request-uuid=870ff0b5-cf79-4ab4-8e0f-d926fdbe78b5, Access-Control-Allow-Origin=http://enroll.ng.unicityqa.com, vary=Accept-Encoding, link=<http://unicity.github.io/Hydra.php/docs/v5/>; rel="help", www-authenticate=Basic realm="Restricted API", cache-control=no-cache, must-revalidate, expires=0, content-language=en-US, x-status-code=200, content-encoding=gzip, x-envoy-upstream-service-time=3059, access-control-expose-headers=x-b3-traceid, x-request-id, ETag=W/"5d1-iszBbdqFBO6W8m6bc/e3WeiqujM", CF-Cache-Status=DYNAMIC, cf-request-id=03a7a4f9de0000fbc874132200000001, Expect-CT=max-age=604800, report-uri="https://report-uri.cloudflare.com/cdn-cgi/beacon/expect-ct", Server=cloudflare, CF-RAY=5ab93dd638d2fbc8-MCI, alt-svc=h3-27=":443"; ma=86400, h3-28=":443"; ma=86400, h3-29=":443"; ma=86400]
suman84097
{shipToAddress={zip=84097, country=US, city=OREM, address1=1209 N 800 E, state=UT}, shippingMethod={href=https://hydraqa.unicity.net/v5a-test/shippingmethods?type=Economy}, lines={items=[{item={href=https://hydraqa.unicity.net/v5a-test/items?id.unicity=31441}, quantity=1}, {item={href=https://hydraqa.unicity.net/v5a-test/items?id.unicity=31859}, quantity=1}]}, customer={href=https://hydraqa.unicity.net/v5a-test/customers?type=Associate}}
kalyan84097
Request URL: https://hydraqa.unicity.net/v5a-test/addresses?country=US&zip=84097
Entry response : {"items":[{"city":"Orem","state":"UT"}]}
No Pop UP
]]></system-out>
    <system-err><![CDATA[Starting ChromeDriver 2.36.540470 (e522d04694c7ebea4ba8821272dbef4f9b818c91) on port 17405
Only local connections are allowed.
Jun 30, 2020 10:21:56 AM org.openqa.selenium.remote.ProtocolHandshake createSession
INFO: Detected dialect: OSS
]]></system-err>
  </testcase>
  <testcase name="Enroll" classname="Tests.FranchisePartner" time="253.283">
    <failure message="Major Packs expected [[https://hydraqa.unicity.net/v5a-test/items?id.unicity=29905, https://hydraqa.unicity.net/v5a-test/items?id.unicity=30103, https://hydraqa.unicity.net/v5a-test/items?id.unicity=32127]] but found [[https://hydraqa.unicity.net/v5a-test/items?id.unicity=29905, https://hydraqa.unicity.net/v5a-test/items?id.unicity=32127, https://hydraqa.unicity.net/v5a-test/items?id.unicity=32689, https://hydraqa.unicity.net/v5a-test/items?id.unicity=32944]]" type="java.lang.AssertionError">java.lang.AssertionError: Major Packs expected [[https://hydraqa.unicity.net/v5a-test/items?id.unicity=29905, https://hydraqa.unicity.net/v5a-test/items?id.unicity=30103, https://hydraqa.unicity.net/v5a-test/items?id.unicity=32127]] but found [[https://hydraqa.unicity.net/v5a-test/items?id.unicity=29905, https://hydraqa.unicity.net/v5a-test/items?id.unicity=32127, https://hydraqa.unicity.net/v5a-test/items?id.unicity=32689, https://hydraqa.unicity.net/v5a-test/items?id.unicity=32944]]
	at Tests.FranchisePartner.Enroll(FranchisePartner.java:252)
</failure>
    <system-out><![CDATA[Request URL: https://hydraqa.unicity.net/v5a-test/quotes?&expand=item
Entry Quotes response : {"items":[{"lines":{"items":[{"item":{"href":"https:\/\/hydraqa.unicity.net\/v5a-test\/items\/ce9cbecebbd583d0df582da5e1c57ce2","id":{"unicity":"26306"},"weightEach":{"value":0},"servingsPerContainer":0,"servingSize":0},"quantity":1,"terms":{"priceEach":191,"taxEach":{"amount":10.51},"discountEach":{"amount":0},"pvEach":137}}]},"currency":"EUR"},{"lines":{"items":[{"item":{"href":"https:\/\/hydraqa.unicity.net\/v5a-test\/items\/6b64d005f2f920d7e836dc232495dabe","id":{"unicity":"29904"},"weightEach":{"value":0},"servingsPerContainer":0,"servingSize":0},"quantity":1,"terms":{"priceEach":183,"taxEach":{"amount":10.5},"discountEach":{"amount":0},"pvEach":129}}]},"currency":"EUR"},{"lines":{"items":[{"item":{"href":"https:\/\/hydraqa.unicity.net\/v5a-test\/items\/31cb0679f65df8fa9a4fc3d7e38b72b3","id":{"unicity":"31763"},"weightEach":{"value":0},"servingsPerContainer":0,"servingSize":0},"quantity":1,"terms":{"priceEach":243.3,"taxEach":{"amount":13.38},"discountEach":{"amount":0},"pvEach":181}}]},"currency":"EUR"},{"lines":{"items":[{"item":{"href":"https:\/\/hydraqa.unicity.net\/v5a-test\/items\/e9991b48ac639367d526d2b9b22fac8c","id":{"unicity":"32128"},"weightEach":{"value":0},"servingsPerContainer":0,"servingSize":0},"quantity":1,"terms":{"priceEach":371.87,"taxEach":{"amount":20.45},"discountEach":{"amount":0},"pvEach":253}}]},"currency":"EUR"},{"lines":{"items":[{"item":{"href":"https:\/\/hydraqa.unicity.net\/v5a-test\/items\/40b3312de189221d96d838d33a8ec49d","id":{"unicity":"32129"},"weightEach":{"value":0},"servingsPerContainer":0,"servingSize":0},"quantity":1,"terms":{"priceEach":371.87,"taxEach":{"amount":20.45},"discountEach":{"amount":0},"pvEach":254}}]},"currency":"EUR"},{"lines":{"items":[{"item":{"href":"https:\/\/hydraqa.unicity.net\/v5a-test\/items\/6bd168a66ce41003a8f30917deff5808","id":{"unicity":"32130"},"weightEach":{"value":0},"servingsPerContainer":0,"servingSize":0},"quantity":1,"terms":{"priceEach":363.46,"taxEach":{"amount":19.99},"discountEach":{"amount":0},"pvEach":252}}]},"currency":"EUR"},{"lines":{"items":[{"item":{"href":"https:\/\/hydraqa.unicity.net\/v5a-test\/items\/806f99b793edd7cd0b1c158ba0eb3142","id":{"unicity":"32132"},"weightEach":{"value":0},"servingsPerContainer":0,"servingSize":0},"quantity":1,"terms":{"priceEach":355.98,"taxEach":{"amount":19.58},"discountEach":{"amount":0},"pvEach":253}}]},"currency":"EUR"},{"lines":{"items":[{"item":{"href":"https:\/\/hydraqa.unicity.net\/v5a-test\/items\/e3d382d99fde8659cb146b54116e7654","id":{"unicity":"32133"},"weightEach":{"value":0},"servingsPerContainer":0,"servingSize":0},"quantity":1,"terms":{"priceEach":364.39,"taxEach":{"amount":20.04},"discountEach":{"amount":0},"pvEach":252}}]},"currency":"EUR"},{"lines":{"items":[{"item":{"href":"https:\/\/hydraqa.unicity.net\/v5a-test\/items\/022f109fe6e5eae3e521295a5cb94c60","id":{"unicity":"32134"},"weightEach":{"value":0},"servingsPerContainer":0,"servingSize":0},"quantity":1,"terms":{"priceEach":144.77,"taxEach":{"amount":7.96},"discountEach":{"amount":0},"pvEach":101}}]},"currency":"EUR"},{"lines":{"items":[{"item":{"href":"https:\/\/hydraqa.unicity.net\/v5a-test\/items\/ded00960d5e948dd8e511a9c752e1ff9","id":{"unicity":"32135"},"weightEach":{"value":0},"servingsPerContainer":0,"servingSize":0},"quantity":1,"terms":{"priceEach":154.11,"taxEach":{"amount":8.48},"discountEach":{"amount":0},"pvEach":113}}]},"currency":"EUR"},{"lines":{"items":[{"item":{"href":"https:\/\/hydraqa.unicity.net\/v5a-test\/items\/d8736cc35cf9f4734fd76da71c53dc05","id":{"unicity":"32136"},"weightEach":{"value":0},"servingsPerContainer":0,"servingSize":0},"quantity":1,"terms":{"priceEach":141.96,"taxEach":{"amount":7.81},"discountEach":{"amount":0},"pvEach":102}}]},"currency":"EUR"},{"lines":{"items":[{"item":{"href":"https:\/\/hydraqa.unicity.net\/v5a-test\/items\/166a69d45c4ae40278554e24d5f40443","id":{"unicity":"32137"},"weightEach":{"value":0},"servingsPerContainer":0,"servingSize":0},"quantity":1,"terms":{"priceEach":168.13,"taxEach":{"amount":9.25},"discountEach":{"amount":0},"pvEach":118}}]},"currency":"EUR"},{"lines":{"items":[{"item":{"href":"https:\/\/hydraqa.unicity.net\/v5a-test\/items\/d04a0b8762b20202b6273114fb7302d1","id":{"unicity":"32138"},"weightEach":{"value":0},"servingsPerContainer":0,"servingSize":0},"quantity":1,"terms":{"priceEach":224.21,"taxEach":{"amount":12.33},"discountEach":{"amount":0},"pvEach":152}}]},"currency":"EUR"},{"lines":{"items":[{"item":{"href":"https:\/\/hydraqa.unicity.net\/v5a-test\/items\/e13d0b5c40704ad5dd186959367c97f1","id":{"unicity":"32125"},"weightEach":{"value":0},"servingsPerContainer":0,"servingSize":0},"quantity":1,"terms":{"priceEach":373.74,"taxEach":{"amount":20.56},"discountEach":{"amount":0},"pvEach":250}}]},"currency":"EUR"},{"lines":{"items":[{"item":{"href":"https:\/\/hydraqa.unicity.net\/v5a-test\/items\/c451532f63a06f0e9a054e946a1a1c3b","id":{"unicity":"18511"},"weightEach":{"value":0},"servingsPerContainer":0,"servingSize":0},"quantity":1,"terms":{"priceEach":37.29,"taxEach":{"amount":1.94},"discountEach":{"amount":0},"pvEach":23}}]},"currency":"EUR"},{"lines":{"items":[{"item":{"href":"https:\/\/hydraqa.unicity.net\/v5a-test\/items\/4e49c95f12ae7be78e5ffab68b8b3ca6","id":{"unicity":"26422"},"weightEach":{"value":0},"servingsPerContainer":0,"servingSize":0},"quantity":1,"terms":{"priceEach":19,"taxEach":{"amount":0.99},"discountEach":{"amount":0},"pvEach":0}}]},"currency":"EUR"},{"lines":{"items":[{"item":{"href":"https:\/\/hydraqa.unicity.net\/v5a-test\/items\/50e73ecfa509ac20c4a250f9cb32fdfc","id":{"unicity":"27156"},"weightEach":{"value":0},"servingsPerContainer":0,"servingSize":0},"quantity":1,"terms":{"priceEach":20.47,"taxEach":{"amount":1.06},"discountEach":{"amount":0},"pvEach":13}}]},"currency":"EUR"},{"lines":{"items":[{"item":{"href":"https:\/\/hydraqa.unicity.net\/v5a-test\/items\/d92292ba2f23c030e4a1f63eb3ebe1ce","id":{"unicity":"27158"},"weightEach":{"value":0},"servingsPerContainer":0,"servingSize":0},"quantity":1,"terms":{"priceEach":27.94,"taxEach":{"amount":1.45},"discountEach":{"amount":0},"pvEach":23}}]},"currency":"EUR"},{"lines":{"items":[{"item":{"href":"https:\/\/hydraqa.unicity.net\/v5a-test\/items\/0d3b8d4f7c4d4082db1b4ecffb6693fb","id":{"unicity":"27160"},"weightEach":{"value":0},"servingsPerContainer":0,"servingSize":0},"quantity":1,"terms":{"priceEach":74.67,"taxEach":{"amount":3.89},"discountEach":{"amount":0},"pvEach":53}}]},"currency":"EUR"},{"lines":{"items":[{"item":{"href":"https:\/\/hydraqa.unicity.net\/v5a-test\/items\/ac37bf51ff7e4fe860da8457f6ce0425","id":{"unicity":"27166"},"weightEach":{"value":0},"servingsPerContainer":0,"servingSize":0},"quantity":1,"terms":{"priceEach":74.67,"taxEach":{"amount":3.89},"discountEach":{"amount":0},"pvEach":54}}]},"currency":"EUR"},{"lines":{"items":[{"item":{"href":"https:\/\/hydraqa.unicity.net\/v5a-test\/items\/a36d9fdd0fd7561e6180fb5b2ff27164","id":{"unicity":"27660"},"weightEach":{"value":0},"servingsPerContainer":0,"servingSize":0},"quantity":1,"terms":{"priceEach":31.68,"taxEach":{"amount":1.65},"discountEach":{"amount":0},"pvEach":18}}]},"currency":"EUR"},{"lines":{"items":[{"item":{"href":"https:\/\/hydraqa.unicity.net\/v5a-test\/items\/112b8c39286598b3730f630f371a45f4","id":{"unicity":"27587"},"weightEach":{"value":0},"servingsPerContainer":0,"servingSize":0},"quantity":1,"terms":{"priceEach":55.98,"taxEach":{"amount":2.91},"discountEach":{"amount":0},"pvEach":34}}]},"currency":"EUR"},{"lines":{"items":[{"item":{"href":"https:\/\/hydraqa.unicity.net\/v5a-test\/items\/0c0717a26fcfe40310e906487e8a12f7","id":{"unicity":"28601"},"weightEach":{"value":0},"servingsPerContainer":0,"servingSize":0},"quantity":1,"terms":{"priceEach":74.67,"taxEach":{"amount":3.89},"discountEach":{"amount":0},"pvEach":54}}]},"currency":"EUR"},{"lines":{"items":[{"item":{"href":"https:\/\/hydraqa.unicity.net\/v5a-test\/items\/4790a55c442b5dc75a13b155e78c1842","id":{"unicity":"28604"},"weightEach":{"value":0},"servingsPerContainer":0,"servingSize":0},"quantity":1,"terms":{"priceEach":74.67,"taxEach":{"amount":3.89},"discountEach":{"amount":0},"pvEach":54}}]},"currency":"EUR"},{"lines":{"items":[{"item":{"href":"https:\/\/hydraqa.unicity.net\/v5a-test\/items\/024e696f8b44a1d315006e676604cd31","id":{"unicity":"27395"},"weightEach":{"value":0},"servingsPerContainer":0,"servingSize":0},"quantity":1,"terms":{"priceEach":29.81,"taxEach":{"amount":1.55},"discountEach":{"amount":0},"pvEach":18}}]},"currency":"EUR"},{"lines":{"items":[{"item":{"href":"https:\/\/hydraqa.unicity.net\/v5a-test\/items\/4b2034f47fce90b87bba28c5c2d7c25d","id":{"unicity":"15880"},"weightEach":{"value":0},"servingsPerContainer":0,"servingSize":0},"quantity":1,"terms":{"priceEach":51.31,"taxEach":{"amount":2.67},"discountEach":{"amount":0},"pvEach":33}}]},"currency":"EUR"},{"lines":{"items":[{"item":{"href":"https:\/\/hydraqa.unicity.net\/v5a-test\/items\/398d06b858b960f6f38086d40608aef2","id":{"unicity":"26560"},"weightEach":{"value":0},"servingsPerContainer":0,"servingSize":0},"quantity":1,"terms":{"priceEach":20.47,"taxEach":{"amount":1.06},"discountEach":{"amount":0},"pvEach":13}}]},"currency":"EUR"},{"lines":{"items":[{"item":{"href":"https:\/\/hydraqa.unicity.net\/v5a-test\/items\/e218d1cac5f31e7ae4f5876c29c57377","id":{"unicity":"29017"},"weightEach":{"value":0},"servingsPerContainer":0,"servingSize":0},"quantity":1,"terms":{"priceEach":37.29,"taxEach":{"amount":1.94},"discountEach":{"amount":0},"pvEach":23}}]},"currency":"EUR"},{"lines":{"items":[{"item":{"href":"https:\/\/hydraqa.unicity.net\/v5a-test\/items\/3f2d12d7a0e8551fc99fad3bbe1ba633","id":{"unicity":"26567"},"weightEach":{"value":0},"servingsPerContainer":0,"servingSize":0},"quantity":1,"terms":{"priceEach":55.98,"taxEach":{"amount":2.91},"discountEach":{"amount":0},"pvEach":26}}]},"currency":"EUR"},{"lines":{"items":[{"item":{"href":"https:\/\/hydraqa.unicity.net\/v5a-test\/items\/191637167cb3144bd2e8c4615e9ab67e","id":{"unicity":"26568"},"weightEach":{"value":0},"servingsPerContainer":0,"servingSize":0},"quantity":1,"terms":{"priceEach":55.98,"taxEach":{"amount":2.91},"discountEach":{"amount":0},"pvEach":26}}]},"currency":"EUR"},{"lines":{"items":[{"item":{"href":"https:\/\/hydraqa.unicity.net\/v5a-test\/items\/64ec7ad932acafab052a4e8800ad1238","id":{"unicity":"24758"},"weightEach":{"value":0},"servingsPerContainer":0,"servingSize":0},"quantity":1,"terms":{"priceEach":37.29,"taxEach":{"amount":1.94},"discountEach":{"amount":0},"pvEach":23}}]},"currency":"EUR"},{"lines":{"items":[{"item":{"href":"https:\/\/hydraqa.unicity.net\/v5a-test\/items\/db0a2b02eaabc5ad45fe91ba5c7bcf5a","id":{"unicity":"31772"},"weightEach":{"value":0},"servingsPerContainer":0,"servingSize":0},"quantity":1,"terms":{"priceEach":8.32,"taxEach":{"amount":1.38},"discountEach":{"amount":0},"pvEach":0}}]},"currency":"EUR"},{"lines":{"items":[{"item":{"href":"https:\/\/hydraqa.unicity.net\/v5a-test\/items\/34c8c6b0f454da738e64265f08c57a72","id":{"unicity":"31777"},"weightEach":{"value":0},"servingsPerContainer":0,"servingSize":0},"quantity":1,"terms":{"priceEach":6.22,"taxEach":{"amount":1.03},"discountEach":{"amount":0},"pvEach":3}}]},"currency":"EUR"},{"lines":{"items":[{"item":{"href":"https:\/\/hydraqa.unicity.net\/v5a-test\/items\/fc8583e3bf463b599fdcce05234bc137","id":{"unicity":"31780"},"weightEach":{"value":0},"servingsPerContainer":0,"servingSize":0},"quantity":1,"terms":{"priceEach":8.32,"taxEach":{"amount":1.38},"discountEach":{"amount":0},"pvEach":4}}]},"currency":"EUR"},{"lines":{"items":[{"item":{"href":"https:\/\/hydraqa.unicity.net\/v5a-test\/items\/7e80331c8c25f515174d3f894283a27c","id":{"unicity":"31781"},"weightEach":{"value":0},"servingsPerContainer":0,"servingSize":0},"quantity":1,"terms":{"priceEach":8.32,"taxEach":{"amount":1.38},"discountEach":{"amount":0},"pvEach":4}}]},"currency":"EUR"},{"lines":{"items":[{"item":{"href":"https:\/\/hydraqa.unicity.net\/v5a-test\/items\/8d3854b47de8e45d6fcdc194dffff601","id":{"unicity":"31782"},"weightEach":{"value":0},"servingsPerContainer":0,"servingSize":0},"quantity":1,"terms":{"priceEach":12.52,"taxEach":{"amount":2.08},"discountEach":{"amount":0},"pvEach":6}}]},"currency":"EUR"},{"lines":{"items":[{"item":{"href":"https:\/\/hydraqa.unicity.net\/v5a-test\/items\/04516be30bd9bf93e01536e7fc8f8716","id":{"unicity":"31779"},"weightEach":{"value":0},"servingsPerContainer":0,"servingSize":0},"quantity":1,"terms":{"priceEach":10,"taxEach":{"amount":1.66},"discountEach":{"amount":0},"pvEach":5}}]},"currency":"EUR"},{"lines":{"items":[{"item":{"href":"https:\/\/hydraqa.unicity.net\/v5a-test\/items\/d7e1dd4b19a8672aed99e591356c0d48","id":{"unicity":"31932"},"weightEach":{"value":0},"servingsPerContainer":0,"servingSize":0},"quantity":1,"terms":{"priceEach":6.22,"taxEach":{"amount":1.03},"discountEach":{"amount":0},"pvEach":3}}]},"currency":"EUR"},{"lines":{"items":[{"item":{"href":"https:\/\/hydraqa.unicity.net\/v5a-test\/items\/1aa00306dc0006d365acd7436548f2e6","id":{"unicity":"31778"},"weightEach":{"value":0},"servingsPerContainer":0,"servingSize":0},"quantity":1,"terms":{"priceEach":12.52,"taxEach":{"amount":2.08},"discountEach":{"amount":0},"pvEach":6}}]},"currency":"EUR"},{"lines":{"items":[{"item":{"href":"https:\/\/hydraqa.unicity.net\/v5a-test\/items\/881451fd39a6a3113e33935db22da7ae","id":{"unicity":"32553"},"weightEach":{"value":0},"servingsPerContainer":0,"servingSize":0},"quantity":1,"terms":{"priceEach":2.44,"taxEach":{"amount":0.4},"discountEach":{"amount":0},"pvEach":0}}]},"currency":"EUR"},{"lines":{"items":[{"item":{"href":"https:\/\/hydraqa.unicity.net\/v5a-test\/items\/4fc6de0cb7817f39a836ff08609b8539","id":{"unicity":"32556"},"weightEach":{"value":0},"servingsPerContainer":0,"servingSize":0},"quantity":1,"terms":{"priceEach":2.44,"taxEach":{"amount":0.4},"discountEach":{"amount":0},"pvEach":0}}]},"currency":"EUR"},{"lines":{"items":[{"item":{"href":"https:\/\/hydraqa.unicity.net\/v5a-test\/items\/34c53e6d4cce0f8a72327d86c3ef04cb","id":{"unicity":"30103"},"weightEach":{"value":0},"servingsPerContainer":0,"servingSize":0},"quantity":1,"terms":{"priceEach":25.86,"taxEach":{"amount":5.17},"discountEach":{"amount":0},"pvEach":0}}]},"currency":"EUR"},{"lines":{"items":[{"item":{"href":"https:\/\/hydraqa.unicity.net\/v5a-test\/items\/217ca02fbd24e21ca5281412756238ab","id":{"unicity":"32126"},"weightEach":{"value":0},"servingsPerContainer":0,"servingSize":0},"quantity":1,"terms":{"priceEach":152.24,"taxEach":{"amount":9.58},"discountEach":{"amount":0},"pvEach":101}}]},"currency":"EUR"},{"lines":{"items":[{"item":{"href":"https:\/\/hydraqa.unicity.net\/v5a-test\/items\/808008a0657d2033ad471c39bbce9891","id":{"unicity":"32127"},"weightEach":{"value":0},"servingsPerContainer":0,"servingSize":0},"quantity":1,"terms":{"priceEach":162.34,"taxEach":{"amount":10.14},"discountEach":{"amount":0},"pvEach":113}}]},"currency":"EUR"},{"lines":{"items":[{"item":{"href":"https:\/\/hydraqa.unicity.net\/v5a-test\/items\/b8b378af3db7294d17181dbec563c0fa","id":{"unicity":"32197"},"weightEach":{"value":0},"servingsPerContainer":0,"servingSize":0},"quantity":1,"terms":{"priceEach":347.57,"taxEach":{"amount":19.12},"discountEach":{"amount":0},"pvEach":250}}]},"currency":"EUR"},{"lines":{"items":[{"item":{"href":"https:\/\/hydraqa.unicity.net\/v5a-test\/items\/27877610c0dfffbb380736f326d57748","id":{"unicity":"32196"},"weightEach":{"value":0},"servingsPerContainer":0,"servingSize":0},"quantity":1,"terms":{"priceEach":154.11,"taxEach":{"amount":8.48},"discountEach":{"amount":0},"pvEach":116}}]},"currency":"EUR"},{"lines":{"items":[{"item":{"href":"https:\/\/hydraqa.unicity.net\/v5a-test\/items\/10df0fc3509b53cbeaeb9476ca92d520","id":{"unicity":"29833"},"weightEach":{"value":0},"servingsPerContainer":0,"servingSize":0},"quantity":1,"terms":{"priceEach":90.56,"taxEach":{"amount":4.98},"discountEach":{"amount":0},"pvEach":69}}]},"currency":"EUR"},{"lines":{"items":[{"item":{"href":"https:\/\/hydraqa.unicity.net\/v5a-test\/items\/44e9ef796bb3ac3ad7927ffeace7b5f3","id":{"unicity":"29905"},"weightEach":{"value":0},"servingsPerContainer":0,"servingSize":0},"quantity":1,"terms":{"priceEach":915,"taxEach":{"amount":52.5},"discountEach":{"amount":0},"pvEach":645}}]},"currency":"EUR"},{"lines":{"items":[{"item":{"href":"https:\/\/hydraqa.unicity.net\/v5a-test\/items\/9752a919e28f96747163918165b46f23","id":{"unicity":"19941"},"weightEach":{"value":558},"servingsPerContainer":15,"servingSize":0},"quantity":1,"terms":{"priceEach":32.62,"taxEach":{"amount":1.7},"discountEach":{"amount":0},"pvEach":20}}]},"currency":"EUR"},{"lines":{"items":[{"item":{"href":"https:\/\/hydraqa.unicity.net\/v5a-test\/items\/332daeac6796ed016ea8b7d0bc42c2d4","id":{"unicity":"24274"},"weightEach":{"value":0},"servingsPerContainer":0,"servingSize":0},"quantity":1,"terms":{"priceEach":7.48,"taxEach":{"amount":1.24},"discountEach":{"amount":0},"pvEach":0}}]},"currency":"EUR"},{"lines":{"items":[{"item":{"href":"https:\/\/hydraqa.unicity.net\/v5a-test\/items\/1945faa1776541d53120ecfe3c1d8a2b","id":{"unicity":"24418"},"weightEach":{"value":0},"servingsPerContainer":0,"servingSize":0},"quantity":1,"terms":{"priceEach":4.96,"taxEach":{"amount":0.82},"discountEach":{"amount":0},"pvEach":0}}]},"currency":"EUR"},{"lines":{"items":[{"item":{"href":"https:\/\/hydraqa.unicity.net\/v5a-test\/items\/5147f8cfe32548e02fc158d4da9c4d6f","id":{"unicity":"27150"},"weightEach":{"value":0},"servingsPerContainer":0,"servingSize":0},"quantity":1,"terms":{"priceEach":93.36,"taxEach":{"amount":4.86},"discountEach":{"amount":0},"pvEach":70}}]},"currency":"EUR"},{"lines":{"items":[{"item":{"href":"https:\/\/hydraqa.unicity.net\/v5a-test\/items\/03eba2365025ccd85818846a83a16f47","id":{"unicity":"27163"},"weightEach":{"value":0},"servingsPerContainer":0,"servingSize":0},"quantity":1,"terms":{"priceEach":74.67,"taxEach":{"amount":3.89},"discountEach":{"amount":0},"pvEach":54}}]},"currency":"EUR"},{"lines":{"items":[{"item":{"href":"https:\/\/hydraqa.unicity.net\/v5a-test\/items\/7d4ad2792f7056e5f81eb24f118ef737","id":{"unicity":"27575"},"weightEach":{"value":0},"servingsPerContainer":0,"servingSize":0},"quantity":1,"terms":{"priceEach":55.98,"taxEach":{"amount":2.91},"discountEach":{"amount":0},"pvEach":34}}]},"currency":"EUR"},{"lines":{"items":[{"item":{"href":"https:\/\/hydraqa.unicity.net\/v5a-test\/items\/a7bda1cb4a35343e52791aba56debc4a","id":{"unicity":"27617"},"weightEach":{"value":0},"servingsPerContainer":0,"servingSize":0},"quantity":1,"terms":{"priceEach":29.81,"taxEach":{"amount":1.55},"discountEach":{"amount":0},"pvEach":18}}]},"currency":"EUR"},{"lines":{"items":[{"item":{"href":"https:\/\/hydraqa.unicity.net\/v5a-test\/items\/0eebdede5bdb8bf4d71e800b6f3cead1","id":{"unicity":"30825"},"weightEach":{"value":0},"servingsPerContainer":0,"servingSize":0},"quantity":1,"terms":{"priceEach":37.29,"taxEach":{"amount":1.94},"discountEach":{"amount":0},"pvEach":23}}]},"currency":"EUR"},{"lines":{"items":[{"item":{"href":"https:\/\/hydraqa.unicity.net\/v5a-test\/items\/2262fdd5af916c31df08089c191735c1","id":{"unicity":"29317"},"weightEach":{"value":0},"servingsPerContainer":0,"servingSize":0},"quantity":1,"terms":{"priceEach":25.21,"taxEach":{"amount":4.2},"discountEach":{"amount":0},"pvEach":0}}]},"currency":"EUR"},{"lines":{"items":[{"item":{"href":"https:\/\/hydraqa.unicity.net\/v5a-test\/items\/606f7be753c74dfbfe4b107276775140","id":{"unicity":"29821"},"weightEach":{"value":0},"servingsPerContainer":0,"servingSize":0},"quantity":1,"terms":{"priceEach":79.35,"taxEach":{"amount":4.13},"discountEach":{"amount":0},"pvEach":59}}]},"currency":"EUR"},{"lines":{"items":[{"item":{"href":"https:\/\/hydraqa.unicity.net\/v5a-test\/items\/94939f9be900906d2b47260ccba22a7b","id":{"unicity":"32012"},"weightEach":{"value":0},"servingsPerContainer":0,"servingSize":0},"quantity":1,"terms":{"priceEach":13.93,"taxEach":{"amount":0.72},"discountEach":{"amount":0},"pvEach":6}}]},"currency":"EUR"},{"lines":{"items":[{"item":{"href":"https:\/\/hydraqa.unicity.net\/v5a-test\/items\/2c4c1abe00983e85aaa918d2ce341491","id":{"unicity":"17174"},"weightEach":{"value":0},"servingsPerContainer":0,"servingSize":0},"quantity":1,"terms":{"priceEach":37.29,"taxEach":{"amount":1.94},"discountEach":{"amount":0},"pvEach":23}}]},"currency":"EUR"},{"lines":{"items":[{"item":{"href":"https:\/\/hydraqa.unicity.net\/v5a-test\/items\/991cdbb84a495779eb209fb3956a77e4","id":{"unicity":"29183"},"weightEach":{"value":0},"servingsPerContainer":0,"servingSize":0},"quantity":1,"terms":{"priceEach":31.01,"taxEach":{"amount":5.16},"discountEach":{"amount":0},"pvEach":18}}]},"currency":"EUR"},{"lines":{"items":[{"item":{"href":"https:\/\/hydraqa.unicity.net\/v5a-test\/items\/0e78fbdfebef11cd62f8d2120064ee58","id":{"unicity":"30280"},"weightEach":{"value":0},"servingsPerContainer":0,"servingSize":0},"quantity":1,"terms":{"priceEach":33.53,"taxEach":{"amount":5.58},"discountEach":{"amount":0},"pvEach":20}}]},"currency":"EUR"},{"lines":{"items":[{"item":{"href":"https:\/\/hydraqa.unicity.net\/v5a-test\/items\/beb900429fbb160dbfc3001c14d96df4","id":{"unicity":"29187"},"weightEach":{"value":0},"servingsPerContainer":0,"servingSize":0},"quantity":1,"terms":{"priceEach":37.73,"taxEach":{"amount":6.28},"discountEach":{"amount":0},"pvEach":24}}]},"currency":"EUR"},{"lines":{"items":[{"item":{"href":"https:\/\/hydraqa.unicity.net\/v5a-test\/items\/1b0412bea8c0b841c66f65a36aa14108","id":{"unicity":"29191"},"weightEach":{"value":0},"servingsPerContainer":0,"servingSize":0},"quantity":1,"terms":{"priceEach":37.73,"taxEach":{"amount":6.28},"discountEach":{"amount":0},"pvEach":24}}]},"currency":"EUR"},{"lines":{"items":[{"item":{"href":"https:\/\/hydraqa.unicity.net\/v5a-test\/items\/52c87f74d3b41ed49b0f897b66c2a99b","id":{"unicity":"30684"},"weightEach":{"value":0},"servingsPerContainer":0,"servingSize":0},"quantity":1,"terms":{"priceEach":37.29,"taxEach":{"amount":1.94},"discountEach":{"amount":0},"pvEach":23}}]},"currency":"EUR"},{"lines":{"items":[{"item":{"href":"https:\/\/hydraqa.unicity.net\/v5a-test\/items\/90f38f77c9e6ea5a71aa7377df83760b","id":{"unicity":"30198"},"weightEach":{"value":0},"servingsPerContainer":0,"servingSize":0},"quantity":1,"terms":{"priceEach":19,"taxEach":{"amount":1.05},"discountEach":{"amount":0},"pvEach":16}}]},"currency":"EUR"},{"lines":{"items":[{"item":{"href":"https:\/\/hydraqa.unicity.net\/v5a-test\/items\/ab2a2b07b17718843a66bee04ff40624","id":{"unicity":"31402"},"weightEach":{"value":0},"servingsPerContainer":0,"servingSize":0},"quantity":1,"terms":{"priceEach":98.9,"taxEach":{"amount":5.15},"discountEach":{"amount":0},"pvEach":70}}]},"currency":"EUR"},{"lines":{"items":[{"item":{"href":"https:\/\/hydraqa.unicity.net\/v5a-test\/items\/7e5e7df32701fd44947c8146f2129f7a","id":{"unicity":"31672"},"weightEach":{"value":0},"servingsPerContainer":0,"servingSize":0},"quantity":1,"terms":{"priceEach":74.67,"taxEach":{"amount":3.89},"discountEach":{"amount":0},"pvEach":54}}]},"currency":"EUR"},{"lines":{"items":[{"item":{"href":"https:\/\/hydraqa.unicity.net\/v5a-test\/items\/493c2ba720f847422eccc5da35024f33","id":{"unicity":"31534"},"weightEach":{"value":0},"servingsPerContainer":0,"servingSize":0},"quantity":1,"terms":{"priceEach":26.07,"taxEach":{"amount":1.35},"discountEach":{"amount":0},"pvEach":16}}]},"currency":"EUR"},{"lines":{"items":[{"item":{"href":"https:\/\/hydraqa.unicity.net\/v5a-test\/items\/bfddb53fe0d5ed5432c531dc9850cbe4","id":{"unicity":"29449"},"weightEach":{"value":0},"servingsPerContainer":0,"servingSize":0},"quantity":1,"terms":{"priceEach":26.07,"taxEach":{"amount":1.35},"discountEach":{"amount":0},"pvEach":16}}]},"currency":"EUR"},{"lines":{"items":[{"item":{"href":"https:\/\/hydraqa.unicity.net\/v5a-test\/items\/75b870fdff12be635674216fe88d3204","id":{"unicity":"29984"},"weightEach":{"value":0},"servingsPerContainer":0,"servingSize":0},"quantity":1,"terms":{"priceEach":37.73,"taxEach":{"amount":6.28},"discountEach":{"amount":0},"pvEach":24}}]},"currency":"EUR"},{"lines":{"items":[{"item":{"href":"https:\/\/hydraqa.unicity.net\/v5a-test\/items\/fbb6dbd577adb73abaec364076fb288f","id":{"unicity":"32087"},"weightEach":{"value":0},"servingsPerContainer":0,"servingSize":0},"quantity":1,"terms":{"priceEach":20.47,"taxEach":{"amount":1.06},"discountEach":{"amount":0},"pvEach":9}}]},"currency":"EUR"},{"lines":{"items":[{"item":{"href":"https:\/\/hydraqa.unicity.net\/v5a-test\/items\/35dcc0035e442bbe6482f178ec38522c","id":{"unicity":"31868"},"weightEach":{"value":0},"servingsPerContainer":0,"servingSize":0},"quantity":1,"terms":{"priceEach":20.47,"taxEach":{"amount":1.06},"discountEach":{"amount":0},"pvEach":9}}]},"currency":"EUR"},{"lines":{"items":[{"item":{"href":"https:\/\/hydraqa.unicity.net\/v5a-test\/items\/baa263a2750aa330fbd9e5b96fdb2b55","id":{"unicity":"32609"},"weightEach":{"value":0},"servingsPerContainer":0,"servingSize":0},"quantity":1,"terms":{"priceEach":55.98,"taxEach":{"amount":0},"discountEach":{"amount":0},"pvEach":34}}]},"currency":"EUR"},{"lines":{"items":[{"item":{"href":"https:\/\/hydraqa.unicity.net\/v5a-test\/items\/1f59b10f0bef99fa20e4b9b0b4efea88","id":{"unicity":"32333"},"weightEach":{"value":0},"servingsPerContainer":0,"servingSize":0},"quantity":1,"terms":{"priceEach":9.16,"taxEach":{"amount":1.52},"discountEach":{"amount":0},"pvEach":0}}]},"currency":"EUR"},{"lines":{"items":[{"item":{"href":"https:\/\/hydraqa.unicity.net\/v5a-test\/items\/592aef9ec417f4553dc0b62a91a1f5e0","id":{"unicity":"32330"},"weightEach":{"value":0},"servingsPerContainer":0,"servingSize":0},"quantity":1,"terms":{"priceEach":93.36,"taxEach":{"amount":4.86},"discountEach":{"amount":0},"pvEach":55}}]},"currency":"EUR"}]}
Entry request : {"order":{"customer":{"href":"https://hydraqa.unicity.net/v5a-test/customers?type=Associate"},"shipToAddress":{"country":"FR"}},"vary":{"lines":{"items":[{"item":{"href":"https://hydraqa.unicity.net/v5a-test/items?id.unicity=26306|29904|31763|31951|31952|32128|32129|32130|32132|32133|32134|32135|32136|32137|32138|32125|32699|33092|33094|33093|18511|26422|27156|27158|27160|27166|27660|27587|28601|28604|27395|15880|26560|29017|26567|26568|24758|31772|31777|31780|31781|31782|31779|31932|31778|32553|32556|30103|32126|32127|32197|32196|29833|32755|32756|32967|32968|32965|32966|29905|33097|33095|33098|33096|19941|24274|24418|27150|27163|27575|27617|30825|29317|29821|32012|17174|29183|30280|29187|29191|30684|30198|31402|31672|31534|29449|29984|32087|31868|32609|32333|32330|32693"}}]}}}
Request URL: https://hydraqa.unicity.net/v5a-test/customers.js?callback=angular.callbacks._1&expand=customer,profilePicture&id.unicity=2
Request URL: https://hydraqa.unicity.net/v5a-test/customers.js?_httpMethod=HEAD&callback=angular.callbacks._7&email=EMYCUK@gmail.com
Request URL: https://hydraqa.unicity.net/v5a-test/shippingmethods.js?callback=angular.callbacks._a&destination=FR&market=FR
]]></system-out>
    <system-err><![CDATA[Starting ChromeDriver 2.36.540470 (e522d04694c7ebea4ba8821272dbef4f9b818c91) on port 5155
Only local connections are allowed.
Jun 30, 2020 10:26:31 AM org.openqa.selenium.remote.ProtocolHandshake createSession
INFO: Detected dialect: OSS
]]></system-err>
  </testcase>
  <testcase name="Enroll" classname="Tests.FranchisePartner" time="328.244"/>
  <testcase name="Enroll" classname="Tests.FranchisePartner" time="259.83">
    <failure message="Major AR Total Price is Wrong expected [5.88] but found [102.0]" type="java.lang.AssertionError">java.lang.AssertionError: Major AR Total Price is Wrong expected [5.88] but found [102.0]
	at Tests.FranchisePartner.Enroll(FranchisePartner.java:253)
</failure>
    <system-out><![CDATA[Request URL: https://hydraqa.unicity.net/v5a-test/quotes?&expand=item
Entry Quotes response : {"items":[{"lines":{"items":[{"item":{"href":"https:\/\/hydraqa.unicity.net\/v5a-test\/items\/d8736cc35cf9f4734fd76da71c53dc05","id":{"unicity":"32136"},"weightEach":{"value":0},"servingsPerContainer":0,"servingSize":0},"quantity":1,"terms":{"priceEach":141.96,"taxEach":{"amount":9.94},"discountEach":{"amount":0},"pvEach":102}}]},"currency":"EUR"},{"lines":{"items":[{"item":{"href":"https:\/\/hydraqa.unicity.net\/v5a-test\/items\/c451532f63a06f0e9a054e946a1a1c3b","id":{"unicity":"18511"},"weightEach":{"value":0},"servingsPerContainer":0,"servingSize":0},"quantity":1,"terms":{"priceEach":37.29,"taxEach":{"amount":2.43},"discountEach":{"amount":0},"pvEach":23}}]},"currency":"EUR"},{"lines":{"items":[{"item":{"href":"https:\/\/hydraqa.unicity.net\/v5a-test\/items\/9752a919e28f96747163918165b46f23","id":{"unicity":"19941"},"weightEach":{"value":558},"servingsPerContainer":15,"servingSize":0},"quantity":1,"terms":{"priceEach":32.62,"taxEach":{"amount":2.13},"discountEach":{"amount":0},"pvEach":20}}]},"currency":"EUR"},{"lines":{"items":[{"item":{"href":"https:\/\/hydraqa.unicity.net\/v5a-test\/items\/4e49c95f12ae7be78e5ffab68b8b3ca6","id":{"unicity":"26422"},"weightEach":{"value":0},"servingsPerContainer":0,"servingSize":0},"quantity":1,"terms":{"priceEach":19,"taxEach":{"amount":1.24},"discountEach":{"amount":0},"pvEach":0}}]},"currency":"EUR"},{"lines":{"items":[{"item":{"href":"https:\/\/hydraqa.unicity.net\/v5a-test\/items\/50e73ecfa509ac20c4a250f9cb32fdfc","id":{"unicity":"27156"},"weightEach":{"value":0},"servingsPerContainer":0,"servingSize":0},"quantity":1,"terms":{"priceEach":20.47,"taxEach":{"amount":1.33},"discountEach":{"amount":0},"pvEach":13}}]},"currency":"EUR"},{"lines":{"items":[{"item":{"href":"https:\/\/hydraqa.unicity.net\/v5a-test\/items\/d92292ba2f23c030e4a1f63eb3ebe1ce","id":{"unicity":"27158"},"weightEach":{"value":0},"servingsPerContainer":0,"servingSize":0},"quantity":1,"terms":{"priceEach":27.94,"taxEach":{"amount":1.82},"discountEach":{"amount":0},"pvEach":23}}]},"currency":"EUR"},{"lines":{"items":[{"item":{"href":"https:\/\/hydraqa.unicity.net\/v5a-test\/items\/0d3b8d4f7c4d4082db1b4ecffb6693fb","id":{"unicity":"27160"},"weightEach":{"value":0},"servingsPerContainer":0,"servingSize":0},"quantity":1,"terms":{"priceEach":74.67,"taxEach":{"amount":4.88},"discountEach":{"amount":0},"pvEach":53}}]},"currency":"EUR"},{"lines":{"items":[{"item":{"href":"https:\/\/hydraqa.unicity.net\/v5a-test\/items\/ac37bf51ff7e4fe860da8457f6ce0425","id":{"unicity":"27166"},"weightEach":{"value":0},"servingsPerContainer":0,"servingSize":0},"quantity":1,"terms":{"priceEach":74.67,"taxEach":{"amount":4.88},"discountEach":{"amount":0},"pvEach":54}}]},"currency":"EUR"},{"lines":{"items":[{"item":{"href":"https:\/\/hydraqa.unicity.net\/v5a-test\/items\/a7bda1cb4a35343e52791aba56debc4a","id":{"unicity":"27617"},"weightEach":{"value":0},"servingsPerContainer":0,"servingSize":0},"quantity":1,"terms":{"priceEach":29.81,"taxEach":{"amount":1.95},"discountEach":{"amount":0},"pvEach":18}}]},"currency":"EUR"},{"lines":{"items":[{"item":{"href":"https:\/\/hydraqa.unicity.net\/v5a-test\/items\/a36d9fdd0fd7561e6180fb5b2ff27164","id":{"unicity":"27660"},"weightEach":{"value":0},"servingsPerContainer":0,"servingSize":0},"quantity":1,"terms":{"priceEach":31.68,"taxEach":{"amount":2.07},"discountEach":{"amount":0},"pvEach":18}}]},"currency":"EUR"},{"lines":{"items":[{"item":{"href":"https:\/\/hydraqa.unicity.net\/v5a-test\/items\/112b8c39286598b3730f630f371a45f4","id":{"unicity":"27587"},"weightEach":{"value":0},"servingsPerContainer":0,"servingSize":0},"quantity":1,"terms":{"priceEach":55.98,"taxEach":{"amount":3.66},"discountEach":{"amount":0},"pvEach":34}}]},"currency":"EUR"},{"lines":{"items":[{"item":{"href":"https:\/\/hydraqa.unicity.net\/v5a-test\/items\/0c0717a26fcfe40310e906487e8a12f7","id":{"unicity":"28601"},"weightEach":{"value":0},"servingsPerContainer":0,"servingSize":0},"quantity":1,"terms":{"priceEach":74.67,"taxEach":{"amount":4.88},"discountEach":{"amount":0},"pvEach":54}}]},"currency":"EUR"},{"lines":{"items":[{"item":{"href":"https:\/\/hydraqa.unicity.net\/v5a-test\/items\/4790a55c442b5dc75a13b155e78c1842","id":{"unicity":"28604"},"weightEach":{"value":0},"servingsPerContainer":0,"servingSize":0},"quantity":1,"terms":{"priceEach":74.67,"taxEach":{"amount":4.88},"discountEach":{"amount":0},"pvEach":54}}]},"currency":"EUR"},{"lines":{"items":[{"item":{"href":"https:\/\/hydraqa.unicity.net\/v5a-test\/items\/db0a2b02eaabc5ad45fe91ba5c7bcf5a","id":{"unicity":"31772"},"weightEach":{"value":0},"servingsPerContainer":0,"servingSize":0},"quantity":1,"terms":{"priceEach":8.32,"taxEach":{"amount":1.32},"discountEach":{"amount":0},"pvEach":0}}]},"currency":"EUR"},{"lines":{"items":[{"item":{"href":"https:\/\/hydraqa.unicity.net\/v5a-test\/items\/34c8c6b0f454da738e64265f08c57a72","id":{"unicity":"31777"},"weightEach":{"value":0},"servingsPerContainer":0,"servingSize":0},"quantity":1,"terms":{"priceEach":6.22,"taxEach":{"amount":0.99},"discountEach":{"amount":0},"pvEach":3}}]},"currency":"EUR"},{"lines":{"items":[{"item":{"href":"https:\/\/hydraqa.unicity.net\/v5a-test\/items\/fc8583e3bf463b599fdcce05234bc137","id":{"unicity":"31780"},"weightEach":{"value":0},"servingsPerContainer":0,"servingSize":0},"quantity":1,"terms":{"priceEach":8.32,"taxEach":{"amount":1.32},"discountEach":{"amount":0},"pvEach":4}}]},"currency":"EUR"},{"lines":{"items":[{"item":{"href":"https:\/\/hydraqa.unicity.net\/v5a-test\/items\/7e80331c8c25f515174d3f894283a27c","id":{"unicity":"31781"},"weightEach":{"value":0},"servingsPerContainer":0,"servingSize":0},"quantity":1,"terms":{"priceEach":8.32,"taxEach":{"amount":1.32},"discountEach":{"amount":0},"pvEach":4}}]},"currency":"EUR"},{"lines":{"items":[{"item":{"href":"https:\/\/hydraqa.unicity.net\/v5a-test\/items\/8d3854b47de8e45d6fcdc194dffff601","id":{"unicity":"31782"},"weightEach":{"value":0},"servingsPerContainer":0,"servingSize":0},"quantity":1,"terms":{"priceEach":12.52,"taxEach":{"amount":1.99},"discountEach":{"amount":0},"pvEach":6}}]},"currency":"EUR"},{"lines":{"items":[{"item":{"href":"https:\/\/hydraqa.unicity.net\/v5a-test\/items\/04516be30bd9bf93e01536e7fc8f8716","id":{"unicity":"31779"},"weightEach":{"value":0},"servingsPerContainer":0,"servingSize":0},"quantity":1,"terms":{"priceEach":10,"taxEach":{"amount":1.59},"discountEach":{"amount":0},"pvEach":5}}]},"currency":"EUR"},{"lines":{"items":[{"item":{"href":"https:\/\/hydraqa.unicity.net\/v5a-test\/items\/d7e1dd4b19a8672aed99e591356c0d48","id":{"unicity":"31932"},"weightEach":{"value":0},"servingsPerContainer":0,"servingSize":0},"quantity":1,"terms":{"priceEach":6.22,"taxEach":{"amount":0.99},"discountEach":{"amount":0},"pvEach":3}}]},"currency":"EUR"},{"lines":{"items":[{"item":{"href":"https:\/\/hydraqa.unicity.net\/v5a-test\/items\/1aa00306dc0006d365acd7436548f2e6","id":{"unicity":"31778"},"weightEach":{"value":0},"servingsPerContainer":0,"servingSize":0},"quantity":1,"terms":{"priceEach":12.52,"taxEach":{"amount":1.99},"discountEach":{"amount":0},"pvEach":6}}]},"currency":"EUR"},{"lines":{"items":[{"item":{"href":"https:\/\/hydraqa.unicity.net\/v5a-test\/items\/881451fd39a6a3113e33935db22da7ae","id":{"unicity":"32553"},"weightEach":{"value":0},"servingsPerContainer":0,"servingSize":0},"quantity":1,"terms":{"priceEach":2.44,"taxEach":{"amount":0.38},"discountEach":{"amount":0},"pvEach":0}}]},"currency":"EUR"},{"lines":{"items":[{"item":{"href":"https:\/\/hydraqa.unicity.net\/v5a-test\/items\/4fc6de0cb7817f39a836ff08609b8539","id":{"unicity":"32556"},"weightEach":{"value":0},"servingsPerContainer":0,"servingSize":0},"quantity":1,"terms":{"priceEach":2.44,"taxEach":{"amount":0.38},"discountEach":{"amount":0},"pvEach":0}}]},"currency":"EUR"},{"lines":{"items":[{"item":{"href":"https:\/\/hydraqa.unicity.net\/v5a-test\/items\/a85cc4a606716ce7b10b8bd76dca368f","id":{"unicity":"22605"},"weightEach":{"value":0},"servingsPerContainer":0,"servingSize":0},"quantity":1,"terms":{"priceEach":25.21,"taxEach":{"amount":4.79},"discountEach":{"amount":0},"pvEach":0}}]},"currency":"EUR"},{"lines":{"items":[{"item":{"href":"https:\/\/hydraqa.unicity.net\/v5a-test\/items\/2262fdd5af916c31df08089c191735c1","id":{"unicity":"29317"},"weightEach":{"value":0},"servingsPerContainer":0,"servingSize":0},"quantity":1,"terms":{"priceEach":25.21,"taxEach":{"amount":4.02},"discountEach":{"amount":0},"pvEach":0}}]},"currency":"EUR"},{"lines":{"items":[{"item":{"href":"https:\/\/hydraqa.unicity.net\/v5a-test\/items\/575aaea25d47c468067933d592cc36ef","id":{"unicity":"23990"},"weightEach":{"value":0},"servingsPerContainer":0,"servingSize":0},"quantity":1,"terms":{"priceEach":3.5,"taxEach":{"amount":0.55},"discountEach":{"amount":0},"pvEach":0}}]},"currency":"EUR"},{"lines":{"items":[{"item":{"href":"https:\/\/hydraqa.unicity.net\/v5a-test\/items\/332daeac6796ed016ea8b7d0bc42c2d4","id":{"unicity":"24274"},"weightEach":{"value":0},"servingsPerContainer":0,"servingSize":0},"quantity":1,"terms":{"priceEach":7.48,"taxEach":{"amount":1.19},"discountEach":{"amount":0},"pvEach":0}}]},"currency":"EUR"},{"lines":{"items":[{"item":{"href":"https:\/\/hydraqa.unicity.net\/v5a-test\/items\/1945faa1776541d53120ecfe3c1d8a2b","id":{"unicity":"24418"},"weightEach":{"value":0},"servingsPerContainer":0,"servingSize":0},"quantity":1,"terms":{"priceEach":4.96,"taxEach":{"amount":0.79},"discountEach":{"amount":0},"pvEach":0}}]},"currency":"EUR"},{"lines":{"items":[{"item":{"href":"https:\/\/hydraqa.unicity.net\/v5a-test\/items\/10da226fab00279b4f89df10af2a10b7","id":{"unicity":"26442"},"weightEach":{"value":0},"servingsPerContainer":0,"servingSize":0},"quantity":1,"terms":{"priceEach":5.8,"taxEach":{"amount":0.92},"discountEach":{"amount":0},"pvEach":0}}]},"currency":"EUR"},{"lines":{"items":[{"item":{"href":"https:\/\/hydraqa.unicity.net\/v5a-test\/items\/5147f8cfe32548e02fc158d4da9c4d6f","id":{"unicity":"27150"},"weightEach":{"value":0},"servingsPerContainer":0,"servingSize":0},"quantity":1,"terms":{"priceEach":93.36,"taxEach":{"amount":6.1},"discountEach":{"amount":0},"pvEach":70}}]},"currency":"EUR"},{"lines":{"items":[{"item":{"href":"https:\/\/hydraqa.unicity.net\/v5a-test\/items\/03eba2365025ccd85818846a83a16f47","id":{"unicity":"27163"},"weightEach":{"value":0},"servingsPerContainer":0,"servingSize":0},"quantity":1,"terms":{"priceEach":74.67,"taxEach":{"amount":4.88},"discountEach":{"amount":0},"pvEach":54}}]},"currency":"EUR"},{"lines":{"items":[{"item":{"href":"https:\/\/hydraqa.unicity.net\/v5a-test\/items\/7d4ad2792f7056e5f81eb24f118ef737","id":{"unicity":"27575"},"weightEach":{"value":0},"servingsPerContainer":0,"servingSize":0},"quantity":1,"terms":{"priceEach":55.98,"taxEach":{"amount":3.66},"discountEach":{"amount":0},"pvEach":34}}]},"currency":"EUR"},{"lines":{"items":[{"item":{"href":"https:\/\/hydraqa.unicity.net\/v5a-test\/items\/0eebdede5bdb8bf4d71e800b6f3cead1","id":{"unicity":"30825"},"weightEach":{"value":0},"servingsPerContainer":0,"servingSize":0},"quantity":1,"terms":{"priceEach":37.29,"taxEach":{"amount":2.43},"discountEach":{"amount":0},"pvEach":23}}]},"currency":"EUR"},{"lines":{"items":[{"item":{"href":"https:\/\/hydraqa.unicity.net\/v5a-test\/items\/024e696f8b44a1d315006e676604cd31","id":{"unicity":"27395"},"weightEach":{"value":0},"servingsPerContainer":0,"servingSize":0},"quantity":1,"terms":{"priceEach":29.81,"taxEach":{"amount":1.95},"discountEach":{"amount":0},"pvEach":18}}]},"currency":"EUR"},{"lines":{"items":[{"item":{"href":"https:\/\/hydraqa.unicity.net\/v5a-test\/items\/4b2034f47fce90b87bba28c5c2d7c25d","id":{"unicity":"15880"},"weightEach":{"value":0},"servingsPerContainer":0,"servingSize":0},"quantity":1,"terms":{"priceEach":51.31,"taxEach":{"amount":3.35},"discountEach":{"amount":0},"pvEach":33}}]},"currency":"EUR"},{"lines":{"items":[{"item":{"href":"https:\/\/hydraqa.unicity.net\/v5a-test\/items\/398d06b858b960f6f38086d40608aef2","id":{"unicity":"26560"},"weightEach":{"value":0},"servingsPerContainer":0,"servingSize":0},"quantity":1,"terms":{"priceEach":20.47,"taxEach":{"amount":1.33},"discountEach":{"amount":0},"pvEach":13}}]},"currency":"EUR"},{"lines":{"items":[{"item":{"href":"https:\/\/hydraqa.unicity.net\/v5a-test\/items\/e218d1cac5f31e7ae4f5876c29c57377","id":{"unicity":"29017"},"weightEach":{"value":0},"servingsPerContainer":0,"servingSize":0},"quantity":1,"terms":{"priceEach":37.29,"taxEach":{"amount":2.43},"discountEach":{"amount":0},"pvEach":23}}]},"currency":"EUR"},{"lines":{"items":[{"item":{"href":"https:\/\/hydraqa.unicity.net\/v5a-test\/items\/3f2d12d7a0e8551fc99fad3bbe1ba633","id":{"unicity":"26567"},"weightEach":{"value":0},"servingsPerContainer":0,"servingSize":0},"quantity":1,"terms":{"priceEach":55.98,"taxEach":{"amount":3.66},"discountEach":{"amount":0},"pvEach":26}}]},"currency":"EUR"},{"lines":{"items":[{"item":{"href":"https:\/\/hydraqa.unicity.net\/v5a-test\/items\/191637167cb3144bd2e8c4615e9ab67e","id":{"unicity":"26568"},"weightEach":{"value":0},"servingsPerContainer":0,"servingSize":0},"quantity":1,"terms":{"priceEach":55.98,"taxEach":{"amount":3.66},"discountEach":{"amount":0},"pvEach":26}}]},"currency":"EUR"},{"lines":{"items":[{"item":{"href":"https:\/\/hydraqa.unicity.net\/v5a-test\/items\/64ec7ad932acafab052a4e8800ad1238","id":{"unicity":"24758"},"weightEach":{"value":0},"servingsPerContainer":0,"servingSize":0},"quantity":1,"terms":{"priceEach":37.29,"taxEach":{"amount":2.43},"discountEach":{"amount":0},"pvEach":23}}]},"currency":"EUR"},{"lines":{"items":[{"item":{"href":"https:\/\/hydraqa.unicity.net\/v5a-test\/items\/606f7be753c74dfbfe4b107276775140","id":{"unicity":"29821"},"weightEach":{"value":0},"servingsPerContainer":0,"servingSize":0},"quantity":1,"terms":{"priceEach":79.35,"taxEach":{"amount":5.19},"discountEach":{"amount":0},"pvEach":59}}]},"currency":"EUR"},{"lines":{"items":[{"item":{"href":"https:\/\/hydraqa.unicity.net\/v5a-test\/items\/94939f9be900906d2b47260ccba22a7b","id":{"unicity":"32012"},"weightEach":{"value":0},"servingsPerContainer":0,"servingSize":0},"quantity":1,"terms":{"priceEach":13.93,"taxEach":{"amount":0.91},"discountEach":{"amount":0},"pvEach":6}}]},"currency":"EUR"},{"lines":{"items":[{"item":{"href":"https:\/\/hydraqa.unicity.net\/v5a-test\/items\/2c4c1abe00983e85aaa918d2ce341491","id":{"unicity":"17174"},"weightEach":{"value":0},"servingsPerContainer":0,"servingSize":0},"quantity":1,"terms":{"priceEach":37.29,"taxEach":{"amount":2.43},"discountEach":{"amount":0},"pvEach":23}}]},"currency":"EUR"},{"lines":{"items":[{"item":{"href":"https:\/\/hydraqa.unicity.net\/v5a-test\/items\/991cdbb84a495779eb209fb3956a77e4","id":{"unicity":"29183"},"weightEach":{"value":0},"servingsPerContainer":0,"servingSize":0},"quantity":1,"terms":{"priceEach":31.01,"taxEach":{"amount":4.95},"discountEach":{"amount":0},"pvEach":18}}]},"currency":"EUR"},{"lines":{"items":[{"item":{"href":"https:\/\/hydraqa.unicity.net\/v5a-test\/items\/0e78fbdfebef11cd62f8d2120064ee58","id":{"unicity":"30280"},"weightEach":{"value":0},"servingsPerContainer":0,"servingSize":0},"quantity":1,"terms":{"priceEach":33.53,"taxEach":{"amount":5.35},"discountEach":{"amount":0},"pvEach":20}}]},"currency":"EUR"},{"lines":{"items":[{"item":{"href":"https:\/\/hydraqa.unicity.net\/v5a-test\/items\/beb900429fbb160dbfc3001c14d96df4","id":{"unicity":"29187"},"weightEach":{"value":0},"servingsPerContainer":0,"servingSize":0},"quantity":1,"terms":{"priceEach":37.73,"taxEach":{"amount":6.02},"discountEach":{"amount":0},"pvEach":24}}]},"currency":"EUR"},{"lines":{"items":[{"item":{"href":"https:\/\/hydraqa.unicity.net\/v5a-test\/items\/1b0412bea8c0b841c66f65a36aa14108","id":{"unicity":"29191"},"weightEach":{"value":0},"servingsPerContainer":0,"servingSize":0},"quantity":1,"terms":{"priceEach":37.73,"taxEach":{"amount":6.02},"discountEach":{"amount":0},"pvEach":24}}]},"currency":"EUR"},{"lines":{"items":[{"item":{"href":"https:\/\/hydraqa.unicity.net\/v5a-test\/items\/52c87f74d3b41ed49b0f897b66c2a99b","id":{"unicity":"30684"},"weightEach":{"value":0},"servingsPerContainer":0,"servingSize":0},"quantity":1,"terms":{"priceEach":37.29,"taxEach":{"amount":2.43},"discountEach":{"amount":0},"pvEach":23}}]},"currency":"EUR"},{"lines":{"items":[{"item":{"href":"https:\/\/hydraqa.unicity.net\/v5a-test\/items\/ab2a2b07b17718843a66bee04ff40624","id":{"unicity":"31402"},"weightEach":{"value":0},"servingsPerContainer":0,"servingSize":0},"quantity":1,"terms":{"priceEach":98.9,"taxEach":{"amount":6.47},"discountEach":{"amount":0},"pvEach":70}}]},"currency":"EUR"},{"lines":{"items":[{"item":{"href":"https:\/\/hydraqa.unicity.net\/v5a-test\/items\/7e5e7df32701fd44947c8146f2129f7a","id":{"unicity":"31672"},"weightEach":{"value":0},"servingsPerContainer":0,"servingSize":0},"quantity":1,"terms":{"priceEach":74.67,"taxEach":{"amount":4.88},"discountEach":{"amount":0},"pvEach":54}}]},"currency":"EUR"},{"lines":{"items":[{"item":{"href":"https:\/\/hydraqa.unicity.net\/v5a-test\/items\/493c2ba720f847422eccc5da35024f33","id":{"unicity":"31534"},"weightEach":{"value":0},"servingsPerContainer":0,"servingSize":0},"quantity":1,"terms":{"priceEach":26.07,"taxEach":{"amount":1.7},"discountEach":{"amount":0},"pvEach":16}}]},"currency":"EUR"},{"lines":{"items":[{"item":{"href":"https:\/\/hydraqa.unicity.net\/v5a-test\/items\/bfddb53fe0d5ed5432c531dc9850cbe4","id":{"unicity":"29449"},"weightEach":{"value":0},"servingsPerContainer":0,"servingSize":0},"quantity":1,"terms":{"priceEach":26.07,"taxEach":{"amount":1.7},"discountEach":{"amount":0},"pvEach":16}}]},"currency":"EUR"},{"lines":{"items":[{"item":{"href":"https:\/\/hydraqa.unicity.net\/v5a-test\/items\/75b870fdff12be635674216fe88d3204","id":{"unicity":"29984"},"weightEach":{"value":0},"servingsPerContainer":0,"servingSize":0},"quantity":1,"terms":{"priceEach":37.73,"taxEach":{"amount":6.02},"discountEach":{"amount":0},"pvEach":24}}]},"currency":"EUR"},{"lines":{"items":[{"item":{"href":"https:\/\/hydraqa.unicity.net\/v5a-test\/items\/217ca02fbd24e21ca5281412756238ab","id":{"unicity":"32126"},"weightEach":{"value":0},"servingsPerContainer":0,"servingSize":0},"quantity":1,"terms":{"priceEach":152.24,"taxEach":{"amount":11.65},"discountEach":{"amount":0},"pvEach":101}}]},"currency":"EUR"},{"lines":{"items":[{"item":{"href":"https:\/\/hydraqa.unicity.net\/v5a-test\/items\/fbb6dbd577adb73abaec364076fb288f","id":{"unicity":"32087"},"weightEach":{"value":0},"servingsPerContainer":0,"servingSize":0},"quantity":1,"terms":{"priceEach":20.47,"taxEach":{"amount":1.33},"discountEach":{"amount":0},"pvEach":9}}]},"currency":"EUR"},{"lines":{"items":[{"item":{"href":"https:\/\/hydraqa.unicity.net\/v5a-test\/items\/35dcc0035e442bbe6482f178ec38522c","id":{"unicity":"31868"},"weightEach":{"value":0},"servingsPerContainer":0,"servingSize":0},"quantity":1,"terms":{"priceEach":20.47,"taxEach":{"amount":1.33},"discountEach":{"amount":0},"pvEach":9}}]},"currency":"EUR"},{"lines":{"items":[{"item":{"href":"https:\/\/hydraqa.unicity.net\/v5a-test\/items\/baa263a2750aa330fbd9e5b96fdb2b55","id":{"unicity":"32609"},"weightEach":{"value":0},"servingsPerContainer":0,"servingSize":0},"quantity":1,"terms":{"priceEach":55.98,"taxEach":{"amount":0},"discountEach":{"amount":0},"pvEach":34}}]},"currency":"EUR"},{"lines":{"items":[{"item":{"href":"https:\/\/hydraqa.unicity.net\/v5a-test\/items\/1f59b10f0bef99fa20e4b9b0b4efea88","id":{"unicity":"32333"},"weightEach":{"value":0},"servingsPerContainer":0,"servingSize":0},"quantity":1,"terms":{"priceEach":9.16,"taxEach":{"amount":1.46},"discountEach":{"amount":0},"pvEach":0}}]},"currency":"EUR"},{"lines":{"items":[{"item":{"href":"https:\/\/hydraqa.unicity.net\/v5a-test\/items\/592aef9ec417f4553dc0b62a91a1f5e0","id":{"unicity":"32330"},"weightEach":{"value":0},"servingsPerContainer":0,"servingSize":0},"quantity":1,"terms":{"priceEach":93.36,"taxEach":{"amount":6.1},"discountEach":{"amount":0},"pvEach":55}}]},"currency":"EUR"}]}
Entry request : {"order":{"customer":{"href":"https://hydraqa.unicity.net/v5a-test/customers?type=Associate"},"shipToAddress":{"country":"DE"}},"vary":{"lines":{"items":[{"item":{"href":"https://hydraqa.unicity.net/v5a-test/items?id.unicity=31951|31952|32136|32699|33092|33094|33093|18511|19941|26422|27156|27158|27160|27166|27617|27660|27587|28601|28604|31772|31777|31780|31781|31782|31779|31932|31778|32553|32556|22605|29317|27700|33097|33095|33098|33096|20750|23990|24274|24418|26442|27150|27163|27575|30825|27395|15880|26560|29017|26567|26568|24758|29821|32012|17174|29183|30280|29187|29191|30684|31450|31402|31672|31534|29449|29984|32126|32087|31868|32609|32333|32330|32693"}}]}}}
Request URL: https://hydraqa.unicity.net/v5a-test/customers.js?callback=angular.callbacks._1&expand=customer,profilePicture&id.unicity=2
Request URL: https://hydraqa.unicity.net/v5a-test/customers.js?_httpMethod=HEAD&callback=angular.callbacks._7&email=TRIDZV@gmail.com
Request URL: https://hydraqa.unicity.net/v5a-test/shippingmethods.js?callback=angular.callbacks._a&destination=DE&market=DE
]]></system-out>
    <system-err><![CDATA[Starting ChromeDriver 2.36.540470 (e522d04694c7ebea4ba8821272dbef4f9b818c91) on port 5283
Only local connections are allowed.
Jun 30, 2020 10:36:29 AM org.openqa.selenium.remote.ProtocolHandshake createSession
INFO: Detected dialect: OSS
]]></system-err>
  </testcase>
  <testcase name="Enroll" classname="Tests.FranchisePartner" time="290.818">
    <failure message="Major AR Total Price is Wrong expected [5.88] but found [102.0]" type="java.lang.AssertionError">java.lang.AssertionError: Major AR Total Price is Wrong expected [5.88] but found [102.0]
	at Tests.FranchisePartner.Enroll(FranchisePartner.java:253)
</failure>
    <system-out><![CDATA[Request URL: https://hydraqa.unicity.net/v5a-test/quotes?&expand=item
Entry Quotes response : {"items":[{"lines":{"items":[{"item":{"href":"https:\/\/hydraqa.unicity.net\/v5a-test\/items\/d8736cc35cf9f4734fd76da71c53dc05","id":{"unicity":"32136"},"weightEach":{"value":0},"servingsPerContainer":0,"servingSize":0},"quantity":1,"terms":{"priceEach":141.96,"taxEach":{"amount":9.94},"discountEach":{"amount":0},"pvEach":102}}]},"currency":"EUR"},{"lines":{"items":[{"item":{"href":"https:\/\/hydraqa.unicity.net\/v5a-test\/items\/c451532f63a06f0e9a054e946a1a1c3b","id":{"unicity":"18511"},"weightEach":{"value":0},"servingsPerContainer":0,"servingSize":0},"quantity":1,"terms":{"priceEach":37.29,"taxEach":{"amount":2.43},"discountEach":{"amount":0},"pvEach":23}}]},"currency":"EUR"},{"lines":{"items":[{"item":{"href":"https:\/\/hydraqa.unicity.net\/v5a-test\/items\/9752a919e28f96747163918165b46f23","id":{"unicity":"19941"},"weightEach":{"value":558},"servingsPerContainer":15,"servingSize":0},"quantity":1,"terms":{"priceEach":32.62,"taxEach":{"amount":2.13},"discountEach":{"amount":0},"pvEach":20}}]},"currency":"EUR"},{"lines":{"items":[{"item":{"href":"https:\/\/hydraqa.unicity.net\/v5a-test\/items\/4e49c95f12ae7be78e5ffab68b8b3ca6","id":{"unicity":"26422"},"weightEach":{"value":0},"servingsPerContainer":0,"servingSize":0},"quantity":1,"terms":{"priceEach":19,"taxEach":{"amount":1.24},"discountEach":{"amount":0},"pvEach":0}}]},"currency":"EUR"},{"lines":{"items":[{"item":{"href":"https:\/\/hydraqa.unicity.net\/v5a-test\/items\/50e73ecfa509ac20c4a250f9cb32fdfc","id":{"unicity":"27156"},"weightEach":{"value":0},"servingsPerContainer":0,"servingSize":0},"quantity":1,"terms":{"priceEach":20.47,"taxEach":{"amount":1.33},"discountEach":{"amount":0},"pvEach":13}}]},"currency":"EUR"},{"lines":{"items":[{"item":{"href":"https:\/\/hydraqa.unicity.net\/v5a-test\/items\/d92292ba2f23c030e4a1f63eb3ebe1ce","id":{"unicity":"27158"},"weightEach":{"value":0},"servingsPerContainer":0,"servingSize":0},"quantity":1,"terms":{"priceEach":27.94,"taxEach":{"amount":1.82},"discountEach":{"amount":0},"pvEach":23}}]},"currency":"EUR"},{"lines":{"items":[{"item":{"href":"https:\/\/hydraqa.unicity.net\/v5a-test\/items\/0d3b8d4f7c4d4082db1b4ecffb6693fb","id":{"unicity":"27160"},"weightEach":{"value":0},"servingsPerContainer":0,"servingSize":0},"quantity":1,"terms":{"priceEach":74.67,"taxEach":{"amount":4.88},"discountEach":{"amount":0},"pvEach":53}}]},"currency":"EUR"},{"lines":{"items":[{"item":{"href":"https:\/\/hydraqa.unicity.net\/v5a-test\/items\/ac37bf51ff7e4fe860da8457f6ce0425","id":{"unicity":"27166"},"weightEach":{"value":0},"servingsPerContainer":0,"servingSize":0},"quantity":1,"terms":{"priceEach":74.67,"taxEach":{"amount":4.88},"discountEach":{"amount":0},"pvEach":54}}]},"currency":"EUR"},{"lines":{"items":[{"item":{"href":"https:\/\/hydraqa.unicity.net\/v5a-test\/items\/a7bda1cb4a35343e52791aba56debc4a","id":{"unicity":"27617"},"weightEach":{"value":0},"servingsPerContainer":0,"servingSize":0},"quantity":1,"terms":{"priceEach":29.81,"taxEach":{"amount":1.95},"discountEach":{"amount":0},"pvEach":18}}]},"currency":"EUR"},{"lines":{"items":[{"item":{"href":"https:\/\/hydraqa.unicity.net\/v5a-test\/items\/a36d9fdd0fd7561e6180fb5b2ff27164","id":{"unicity":"27660"},"weightEach":{"value":0},"servingsPerContainer":0,"servingSize":0},"quantity":1,"terms":{"priceEach":31.68,"taxEach":{"amount":2.07},"discountEach":{"amount":0},"pvEach":18}}]},"currency":"EUR"},{"lines":{"items":[{"item":{"href":"https:\/\/hydraqa.unicity.net\/v5a-test\/items\/112b8c39286598b3730f630f371a45f4","id":{"unicity":"27587"},"weightEach":{"value":0},"servingsPerContainer":0,"servingSize":0},"quantity":1,"terms":{"priceEach":55.98,"taxEach":{"amount":3.66},"discountEach":{"amount":0},"pvEach":34}}]},"currency":"EUR"},{"lines":{"items":[{"item":{"href":"https:\/\/hydraqa.unicity.net\/v5a-test\/items\/0c0717a26fcfe40310e906487e8a12f7","id":{"unicity":"28601"},"weightEach":{"value":0},"servingsPerContainer":0,"servingSize":0},"quantity":1,"terms":{"priceEach":74.67,"taxEach":{"amount":4.88},"discountEach":{"amount":0},"pvEach":54}}]},"currency":"EUR"},{"lines":{"items":[{"item":{"href":"https:\/\/hydraqa.unicity.net\/v5a-test\/items\/4790a55c442b5dc75a13b155e78c1842","id":{"unicity":"28604"},"weightEach":{"value":0},"servingsPerContainer":0,"servingSize":0},"quantity":1,"terms":{"priceEach":74.67,"taxEach":{"amount":4.88},"discountEach":{"amount":0},"pvEach":54}}]},"currency":"EUR"},{"lines":{"items":[{"item":{"href":"https:\/\/hydraqa.unicity.net\/v5a-test\/items\/db0a2b02eaabc5ad45fe91ba5c7bcf5a","id":{"unicity":"31772"},"weightEach":{"value":0},"servingsPerContainer":0,"servingSize":0},"quantity":1,"terms":{"priceEach":8.32,"taxEach":{"amount":1.32},"discountEach":{"amount":0},"pvEach":0}}]},"currency":"EUR"},{"lines":{"items":[{"item":{"href":"https:\/\/hydraqa.unicity.net\/v5a-test\/items\/34c8c6b0f454da738e64265f08c57a72","id":{"unicity":"31777"},"weightEach":{"value":0},"servingsPerContainer":0,"servingSize":0},"quantity":1,"terms":{"priceEach":6.22,"taxEach":{"amount":0.99},"discountEach":{"amount":0},"pvEach":3}}]},"currency":"EUR"},{"lines":{"items":[{"item":{"href":"https:\/\/hydraqa.unicity.net\/v5a-test\/items\/fc8583e3bf463b599fdcce05234bc137","id":{"unicity":"31780"},"weightEach":{"value":0},"servingsPerContainer":0,"servingSize":0},"quantity":1,"terms":{"priceEach":8.32,"taxEach":{"amount":1.32},"discountEach":{"amount":0},"pvEach":4}}]},"currency":"EUR"},{"lines":{"items":[{"item":{"href":"https:\/\/hydraqa.unicity.net\/v5a-test\/items\/7e80331c8c25f515174d3f894283a27c","id":{"unicity":"31781"},"weightEach":{"value":0},"servingsPerContainer":0,"servingSize":0},"quantity":1,"terms":{"priceEach":8.32,"taxEach":{"amount":1.32},"discountEach":{"amount":0},"pvEach":4}}]},"currency":"EUR"},{"lines":{"items":[{"item":{"href":"https:\/\/hydraqa.unicity.net\/v5a-test\/items\/8d3854b47de8e45d6fcdc194dffff601","id":{"unicity":"31782"},"weightEach":{"value":0},"servingsPerContainer":0,"servingSize":0},"quantity":1,"terms":{"priceEach":12.52,"taxEach":{"amount":1.99},"discountEach":{"amount":0},"pvEach":6}}]},"currency":"EUR"},{"lines":{"items":[{"item":{"href":"https:\/\/hydraqa.unicity.net\/v5a-test\/items\/04516be30bd9bf93e01536e7fc8f8716","id":{"unicity":"31779"},"weightEach":{"value":0},"servingsPerContainer":0,"servingSize":0},"quantity":1,"terms":{"priceEach":10,"taxEach":{"amount":1.59},"discountEach":{"amount":0},"pvEach":5}}]},"currency":"EUR"},{"lines":{"items":[{"item":{"href":"https:\/\/hydraqa.unicity.net\/v5a-test\/items\/d7e1dd4b19a8672aed99e591356c0d48","id":{"unicity":"31932"},"weightEach":{"value":0},"servingsPerContainer":0,"servingSize":0},"quantity":1,"terms":{"priceEach":6.22,"taxEach":{"amount":0.99},"discountEach":{"amount":0},"pvEach":3}}]},"currency":"EUR"},{"lines":{"items":[{"item":{"href":"https:\/\/hydraqa.unicity.net\/v5a-test\/items\/1aa00306dc0006d365acd7436548f2e6","id":{"unicity":"31778"},"weightEach":{"value":0},"servingsPerContainer":0,"servingSize":0},"quantity":1,"terms":{"priceEach":12.52,"taxEach":{"amount":1.99},"discountEach":{"amount":0},"pvEach":6}}]},"currency":"EUR"},{"lines":{"items":[{"item":{"href":"https:\/\/hydraqa.unicity.net\/v5a-test\/items\/881451fd39a6a3113e33935db22da7ae","id":{"unicity":"32553"},"weightEach":{"value":0},"servingsPerContainer":0,"servingSize":0},"quantity":1,"terms":{"priceEach":2.44,"taxEach":{"amount":0.38},"discountEach":{"amount":0},"pvEach":0}}]},"currency":"EUR"},{"lines":{"items":[{"item":{"href":"https:\/\/hydraqa.unicity.net\/v5a-test\/items\/4fc6de0cb7817f39a836ff08609b8539","id":{"unicity":"32556"},"weightEach":{"value":0},"servingsPerContainer":0,"servingSize":0},"quantity":1,"terms":{"priceEach":2.44,"taxEach":{"amount":0.38},"discountEach":{"amount":0},"pvEach":0}}]},"currency":"EUR"},{"lines":{"items":[{"item":{"href":"https:\/\/hydraqa.unicity.net\/v5a-test\/items\/a85cc4a606716ce7b10b8bd76dca368f","id":{"unicity":"22605"},"weightEach":{"value":0},"servingsPerContainer":0,"servingSize":0},"quantity":1,"terms":{"priceEach":25.21,"taxEach":{"amount":4.79},"discountEach":{"amount":0},"pvEach":0}}]},"currency":"EUR"},{"lines":{"items":[{"item":{"href":"https:\/\/hydraqa.unicity.net\/v5a-test\/items\/2262fdd5af916c31df08089c191735c1","id":{"unicity":"29317"},"weightEach":{"value":0},"servingsPerContainer":0,"servingSize":0},"quantity":1,"terms":{"priceEach":25.21,"taxEach":{"amount":4.02},"discountEach":{"amount":0},"pvEach":0}}]},"currency":"EUR"},{"lines":{"items":[{"item":{"href":"https:\/\/hydraqa.unicity.net\/v5a-test\/items\/575aaea25d47c468067933d592cc36ef","id":{"unicity":"23990"},"weightEach":{"value":0},"servingsPerContainer":0,"servingSize":0},"quantity":1,"terms":{"priceEach":3.5,"taxEach":{"amount":0.55},"discountEach":{"amount":0},"pvEach":0}}]},"currency":"EUR"},{"lines":{"items":[{"item":{"href":"https:\/\/hydraqa.unicity.net\/v5a-test\/items\/332daeac6796ed016ea8b7d0bc42c2d4","id":{"unicity":"24274"},"weightEach":{"value":0},"servingsPerContainer":0,"servingSize":0},"quantity":1,"terms":{"priceEach":7.48,"taxEach":{"amount":1.19},"discountEach":{"amount":0},"pvEach":0}}]},"currency":"EUR"},{"lines":{"items":[{"item":{"href":"https:\/\/hydraqa.unicity.net\/v5a-test\/items\/1945faa1776541d53120ecfe3c1d8a2b","id":{"unicity":"24418"},"weightEach":{"value":0},"servingsPerContainer":0,"servingSize":0},"quantity":1,"terms":{"priceEach":4.96,"taxEach":{"amount":0.79},"discountEach":{"amount":0},"pvEach":0}}]},"currency":"EUR"},{"lines":{"items":[{"item":{"href":"https:\/\/hydraqa.unicity.net\/v5a-test\/items\/10da226fab00279b4f89df10af2a10b7","id":{"unicity":"26442"},"weightEach":{"value":0},"servingsPerContainer":0,"servingSize":0},"quantity":1,"terms":{"priceEach":5.8,"taxEach":{"amount":0.92},"discountEach":{"amount":0},"pvEach":0}}]},"currency":"EUR"},{"lines":{"items":[{"item":{"href":"https:\/\/hydraqa.unicity.net\/v5a-test\/items\/5147f8cfe32548e02fc158d4da9c4d6f","id":{"unicity":"27150"},"weightEach":{"value":0},"servingsPerContainer":0,"servingSize":0},"quantity":1,"terms":{"priceEach":93.36,"taxEach":{"amount":6.1},"discountEach":{"amount":0},"pvEach":70}}]},"currency":"EUR"},{"lines":{"items":[{"item":{"href":"https:\/\/hydraqa.unicity.net\/v5a-test\/items\/03eba2365025ccd85818846a83a16f47","id":{"unicity":"27163"},"weightEach":{"value":0},"servingsPerContainer":0,"servingSize":0},"quantity":1,"terms":{"priceEach":74.67,"taxEach":{"amount":4.88},"discountEach":{"amount":0},"pvEach":54}}]},"currency":"EUR"},{"lines":{"items":[{"item":{"href":"https:\/\/hydraqa.unicity.net\/v5a-test\/items\/7d4ad2792f7056e5f81eb24f118ef737","id":{"unicity":"27575"},"weightEach":{"value":0},"servingsPerContainer":0,"servingSize":0},"quantity":1,"terms":{"priceEach":55.98,"taxEach":{"amount":3.66},"discountEach":{"amount":0},"pvEach":34}}]},"currency":"EUR"},{"lines":{"items":[{"item":{"href":"https:\/\/hydraqa.unicity.net\/v5a-test\/items\/0eebdede5bdb8bf4d71e800b6f3cead1","id":{"unicity":"30825"},"weightEach":{"value":0},"servingsPerContainer":0,"servingSize":0},"quantity":1,"terms":{"priceEach":37.29,"taxEach":{"amount":2.43},"discountEach":{"amount":0},"pvEach":23}}]},"currency":"EUR"},{"lines":{"items":[{"item":{"href":"https:\/\/hydraqa.unicity.net\/v5a-test\/items\/024e696f8b44a1d315006e676604cd31","id":{"unicity":"27395"},"weightEach":{"value":0},"servingsPerContainer":0,"servingSize":0},"quantity":1,"terms":{"priceEach":29.81,"taxEach":{"amount":1.95},"discountEach":{"amount":0},"pvEach":18}}]},"currency":"EUR"},{"lines":{"items":[{"item":{"href":"https:\/\/hydraqa.unicity.net\/v5a-test\/items\/4b2034f47fce90b87bba28c5c2d7c25d","id":{"unicity":"15880"},"weightEach":{"value":0},"servingsPerContainer":0,"servingSize":0},"quantity":1,"terms":{"priceEach":51.31,"taxEach":{"amount":3.35},"discountEach":{"amount":0},"pvEach":33}}]},"currency":"EUR"},{"lines":{"items":[{"item":{"href":"https:\/\/hydraqa.unicity.net\/v5a-test\/items\/398d06b858b960f6f38086d40608aef2","id":{"unicity":"26560"},"weightEach":{"value":0},"servingsPerContainer":0,"servingSize":0},"quantity":1,"terms":{"priceEach":20.47,"taxEach":{"amount":1.33},"discountEach":{"amount":0},"pvEach":13}}]},"currency":"EUR"},{"lines":{"items":[{"item":{"href":"https:\/\/hydraqa.unicity.net\/v5a-test\/items\/e218d1cac5f31e7ae4f5876c29c57377","id":{"unicity":"29017"},"weightEach":{"value":0},"servingsPerContainer":0,"servingSize":0},"quantity":1,"terms":{"priceEach":37.29,"taxEach":{"amount":2.43},"discountEach":{"amount":0},"pvEach":23}}]},"currency":"EUR"},{"lines":{"items":[{"item":{"href":"https:\/\/hydraqa.unicity.net\/v5a-test\/items\/3f2d12d7a0e8551fc99fad3bbe1ba633","id":{"unicity":"26567"},"weightEach":{"value":0},"servingsPerContainer":0,"servingSize":0},"quantity":1,"terms":{"priceEach":55.98,"taxEach":{"amount":3.66},"discountEach":{"amount":0},"pvEach":26}}]},"currency":"EUR"},{"lines":{"items":[{"item":{"href":"https:\/\/hydraqa.unicity.net\/v5a-test\/items\/191637167cb3144bd2e8c4615e9ab67e","id":{"unicity":"26568"},"weightEach":{"value":0},"servingsPerContainer":0,"servingSize":0},"quantity":1,"terms":{"priceEach":55.98,"taxEach":{"amount":3.66},"discountEach":{"amount":0},"pvEach":26}}]},"currency":"EUR"},{"lines":{"items":[{"item":{"href":"https:\/\/hydraqa.unicity.net\/v5a-test\/items\/64ec7ad932acafab052a4e8800ad1238","id":{"unicity":"24758"},"weightEach":{"value":0},"servingsPerContainer":0,"servingSize":0},"quantity":1,"terms":{"priceEach":37.29,"taxEach":{"amount":2.43},"discountEach":{"amount":0},"pvEach":23}}]},"currency":"EUR"},{"lines":{"items":[{"item":{"href":"https:\/\/hydraqa.unicity.net\/v5a-test\/items\/606f7be753c74dfbfe4b107276775140","id":{"unicity":"29821"},"weightEach":{"value":0},"servingsPerContainer":0,"servingSize":0},"quantity":1,"terms":{"priceEach":79.35,"taxEach":{"amount":5.19},"discountEach":{"amount":0},"pvEach":59}}]},"currency":"EUR"},{"lines":{"items":[{"item":{"href":"https:\/\/hydraqa.unicity.net\/v5a-test\/items\/94939f9be900906d2b47260ccba22a7b","id":{"unicity":"32012"},"weightEach":{"value":0},"servingsPerContainer":0,"servingSize":0},"quantity":1,"terms":{"priceEach":13.93,"taxEach":{"amount":0.91},"discountEach":{"amount":0},"pvEach":6}}]},"currency":"EUR"},{"lines":{"items":[{"item":{"href":"https:\/\/hydraqa.unicity.net\/v5a-test\/items\/2c4c1abe00983e85aaa918d2ce341491","id":{"unicity":"17174"},"weightEach":{"value":0},"servingsPerContainer":0,"servingSize":0},"quantity":1,"terms":{"priceEach":37.29,"taxEach":{"amount":2.43},"discountEach":{"amount":0},"pvEach":23}}]},"currency":"EUR"},{"lines":{"items":[{"item":{"href":"https:\/\/hydraqa.unicity.net\/v5a-test\/items\/991cdbb84a495779eb209fb3956a77e4","id":{"unicity":"29183"},"weightEach":{"value":0},"servingsPerContainer":0,"servingSize":0},"quantity":1,"terms":{"priceEach":31.01,"taxEach":{"amount":4.95},"discountEach":{"amount":0},"pvEach":18}}]},"currency":"EUR"},{"lines":{"items":[{"item":{"href":"https:\/\/hydraqa.unicity.net\/v5a-test\/items\/0e78fbdfebef11cd62f8d2120064ee58","id":{"unicity":"30280"},"weightEach":{"value":0},"servingsPerContainer":0,"servingSize":0},"quantity":1,"terms":{"priceEach":33.53,"taxEach":{"amount":5.35},"discountEach":{"amount":0},"pvEach":20}}]},"currency":"EUR"},{"lines":{"items":[{"item":{"href":"https:\/\/hydraqa.unicity.net\/v5a-test\/items\/beb900429fbb160dbfc3001c14d96df4","id":{"unicity":"29187"},"weightEach":{"value":0},"servingsPerContainer":0,"servingSize":0},"quantity":1,"terms":{"priceEach":37.73,"taxEach":{"amount":6.02},"discountEach":{"amount":0},"pvEach":24}}]},"currency":"EUR"},{"lines":{"items":[{"item":{"href":"https:\/\/hydraqa.unicity.net\/v5a-test\/items\/1b0412bea8c0b841c66f65a36aa14108","id":{"unicity":"29191"},"weightEach":{"value":0},"servingsPerContainer":0,"servingSize":0},"quantity":1,"terms":{"priceEach":37.73,"taxEach":{"amount":6.02},"discountEach":{"amount":0},"pvEach":24}}]},"currency":"EUR"},{"lines":{"items":[{"item":{"href":"https:\/\/hydraqa.unicity.net\/v5a-test\/items\/52c87f74d3b41ed49b0f897b66c2a99b","id":{"unicity":"30684"},"weightEach":{"value":0},"servingsPerContainer":0,"servingSize":0},"quantity":1,"terms":{"priceEach":37.29,"taxEach":{"amount":2.43},"discountEach":{"amount":0},"pvEach":23}}]},"currency":"EUR"},{"lines":{"items":[{"item":{"href":"https:\/\/hydraqa.unicity.net\/v5a-test\/items\/ab2a2b07b17718843a66bee04ff40624","id":{"unicity":"31402"},"weightEach":{"value":0},"servingsPerContainer":0,"servingSize":0},"quantity":1,"terms":{"priceEach":98.9,"taxEach":{"amount":6.47},"discountEach":{"amount":0},"pvEach":70}}]},"currency":"EUR"},{"lines":{"items":[{"item":{"href":"https:\/\/hydraqa.unicity.net\/v5a-test\/items\/7e5e7df32701fd44947c8146f2129f7a","id":{"unicity":"31672"},"weightEach":{"value":0},"servingsPerContainer":0,"servingSize":0},"quantity":1,"terms":{"priceEach":74.67,"taxEach":{"amount":4.88},"discountEach":{"amount":0},"pvEach":54}}]},"currency":"EUR"},{"lines":{"items":[{"item":{"href":"https:\/\/hydraqa.unicity.net\/v5a-test\/items\/493c2ba720f847422eccc5da35024f33","id":{"unicity":"31534"},"weightEach":{"value":0},"servingsPerContainer":0,"servingSize":0},"quantity":1,"terms":{"priceEach":26.07,"taxEach":{"amount":1.7},"discountEach":{"amount":0},"pvEach":16}}]},"currency":"EUR"},{"lines":{"items":[{"item":{"href":"https:\/\/hydraqa.unicity.net\/v5a-test\/items\/bfddb53fe0d5ed5432c531dc9850cbe4","id":{"unicity":"29449"},"weightEach":{"value":0},"servingsPerContainer":0,"servingSize":0},"quantity":1,"terms":{"priceEach":26.07,"taxEach":{"amount":1.7},"discountEach":{"amount":0},"pvEach":16}}]},"currency":"EUR"},{"lines":{"items":[{"item":{"href":"https:\/\/hydraqa.unicity.net\/v5a-test\/items\/75b870fdff12be635674216fe88d3204","id":{"unicity":"29984"},"weightEach":{"value":0},"servingsPerContainer":0,"servingSize":0},"quantity":1,"terms":{"priceEach":37.73,"taxEach":{"amount":6.02},"discountEach":{"amount":0},"pvEach":24}}]},"currency":"EUR"},{"lines":{"items":[{"item":{"href":"https:\/\/hydraqa.unicity.net\/v5a-test\/items\/217ca02fbd24e21ca5281412756238ab","id":{"unicity":"32126"},"weightEach":{"value":0},"servingsPerContainer":0,"servingSize":0},"quantity":1,"terms":{"priceEach":152.24,"taxEach":{"amount":11.65},"discountEach":{"amount":0},"pvEach":101}}]},"currency":"EUR"},{"lines":{"items":[{"item":{"href":"https:\/\/hydraqa.unicity.net\/v5a-test\/items\/fbb6dbd577adb73abaec364076fb288f","id":{"unicity":"32087"},"weightEach":{"value":0},"servingsPerContainer":0,"servingSize":0},"quantity":1,"terms":{"priceEach":20.47,"taxEach":{"amount":1.33},"discountEach":{"amount":0},"pvEach":9}}]},"currency":"EUR"},{"lines":{"items":[{"item":{"href":"https:\/\/hydraqa.unicity.net\/v5a-test\/items\/35dcc0035e442bbe6482f178ec38522c","id":{"unicity":"31868"},"weightEach":{"value":0},"servingsPerContainer":0,"servingSize":0},"quantity":1,"terms":{"priceEach":20.47,"taxEach":{"amount":1.33},"discountEach":{"amount":0},"pvEach":9}}]},"currency":"EUR"},{"lines":{"items":[{"item":{"href":"https:\/\/hydraqa.unicity.net\/v5a-test\/items\/baa263a2750aa330fbd9e5b96fdb2b55","id":{"unicity":"32609"},"weightEach":{"value":0},"servingsPerContainer":0,"servingSize":0},"quantity":1,"terms":{"priceEach":55.98,"taxEach":{"amount":0},"discountEach":{"amount":0},"pvEach":34}}]},"currency":"EUR"},{"lines":{"items":[{"item":{"href":"https:\/\/hydraqa.unicity.net\/v5a-test\/items\/1f59b10f0bef99fa20e4b9b0b4efea88","id":{"unicity":"32333"},"weightEach":{"value":0},"servingsPerContainer":0,"servingSize":0},"quantity":1,"terms":{"priceEach":9.16,"taxEach":{"amount":1.46},"discountEach":{"amount":0},"pvEach":0}}]},"currency":"EUR"},{"lines":{"items":[{"item":{"href":"https:\/\/hydraqa.unicity.net\/v5a-test\/items\/592aef9ec417f4553dc0b62a91a1f5e0","id":{"unicity":"32330"},"weightEach":{"value":0},"servingsPerContainer":0,"servingSize":0},"quantity":1,"terms":{"priceEach":93.36,"taxEach":{"amount":6.1},"discountEach":{"amount":0},"pvEach":55}}]},"currency":"EUR"}]}
Entry request : {"order":{"customer":{"href":"https://hydraqa.unicity.net/v5a-test/customers?type=Associate"},"shipToAddress":{"country":"DE"}},"vary":{"lines":{"items":[{"item":{"href":"https://hydraqa.unicity.net/v5a-test/items?id.unicity=31951|31952|32136|32699|33092|33094|33093|18511|19941|26422|27156|27158|27160|27166|27617|27660|27587|28601|28604|31772|31777|31780|31781|31782|31779|31932|31778|32553|32556|22605|29317|27700|33097|33095|33098|33096|20750|23990|24274|24418|26442|27150|27163|27575|30825|27395|15880|26560|29017|26567|26568|24758|29821|32012|17174|29183|30280|29187|29191|30684|31450|31402|31672|31534|29449|29984|32126|32087|31868|32609|32333|32330|32693"}}]}}}
Request URL: https://hydraqa.unicity.net/v5a-test/customers.js?callback=angular.callbacks._1&expand=customer,profilePicture&id.unicity=2
Request URL: https://hydraqa.unicity.net/v5a-test/customers.js?_httpMethod=HEAD&callback=angular.callbacks._7&email=HLFHLF@gmail.com
Request URL: https://hydraqa.unicity.net/v5a-test/shippingmethods.js?callback=angular.callbacks._a&destination=DE&market=DE
]]></system-out>
    <system-err><![CDATA[Starting ChromeDriver 2.36.540470 (e522d04694c7ebea4ba8821272dbef4f9b818c91) on port 36213
Only local connections are allowed.
Jun 30, 2020 10:41:07 AM org.openqa.selenium.remote.ProtocolHandshake createSession
INFO: Detected dialect: OSS
]]></system-err>
  </testcase>
  <testcase name="Enroll" classname="Tests.FranchisePartner" time="283.865">
    <failure message="Major Total Price is Wrong expected [170.27] but found [187.54]" type="java.lang.AssertionError">java.lang.AssertionError: Major Total Price is Wrong expected [170.27] but found [187.54]
	at Tests.FranchisePartner.Enroll(FranchisePartner.java:253)
</failure>
    <system-out><![CDATA[Request URL: https://hydraqa.unicity.net/v5a-test/quotes?&expand=item
Entry Quotes response : {"items":[{"lines":{"items":[{"item":{"href":"https:\/\/hydraqa.unicity.net\/v5a-test\/items\/0d3b8d4f7c4d4082db1b4ecffb6693fb","id":{"unicity":"27160"},"weightEach":{"value":0},"servingsPerContainer":0,"servingSize":0},"quantity":1,"terms":{"priceEach":74.67,"taxEach":{"amount":6.72},"discountEach":{"amount":0},"pvEach":53}}]},"currency":"EUR"},{"lines":{"items":[{"item":{"href":"https:\/\/hydraqa.unicity.net\/v5a-test\/items\/ac37bf51ff7e4fe860da8457f6ce0425","id":{"unicity":"27166"},"weightEach":{"value":0},"servingsPerContainer":0,"servingSize":0},"quantity":1,"terms":{"priceEach":74.67,"taxEach":{"amount":6.72},"discountEach":{"amount":0},"pvEach":54}}]},"currency":"EUR"},{"lines":{"items":[{"item":{"href":"https:\/\/hydraqa.unicity.net\/v5a-test\/items\/0c0717a26fcfe40310e906487e8a12f7","id":{"unicity":"28601"},"weightEach":{"value":0},"servingsPerContainer":0,"servingSize":0},"quantity":1,"terms":{"priceEach":74.67,"taxEach":{"amount":6.72},"discountEach":{"amount":0},"pvEach":54}}]},"currency":"EUR"},{"lines":{"items":[{"item":{"href":"https:\/\/hydraqa.unicity.net\/v5a-test\/items\/4790a55c442b5dc75a13b155e78c1842","id":{"unicity":"28604"},"weightEach":{"value":0},"servingsPerContainer":0,"servingSize":0},"quantity":1,"terms":{"priceEach":74.67,"taxEach":{"amount":6.72},"discountEach":{"amount":0},"pvEach":54}}]},"currency":"EUR"},{"lines":{"items":[{"item":{"href":"https:\/\/hydraqa.unicity.net\/v5a-test\/items\/31cb0679f65df8fa9a4fc3d7e38b72b3","id":{"unicity":"31763"},"weightEach":{"value":0},"servingsPerContainer":0,"servingSize":0},"quantity":1,"terms":{"priceEach":243.3,"taxEach":{"amount":21.9},"discountEach":{"amount":0},"pvEach":181}}]},"currency":"EUR"},{"lines":{"items":[{"item":{"href":"https:\/\/hydraqa.unicity.net\/v5a-test\/items\/e9991b48ac639367d526d2b9b22fac8c","id":{"unicity":"32128"},"weightEach":{"value":0},"servingsPerContainer":0,"servingSize":0},"quantity":1,"terms":{"priceEach":371.87,"taxEach":{"amount":33.47},"discountEach":{"amount":0},"pvEach":253}}]},"currency":"EUR"},{"lines":{"items":[{"item":{"href":"https:\/\/hydraqa.unicity.net\/v5a-test\/items\/40b3312de189221d96d838d33a8ec49d","id":{"unicity":"32129"},"weightEach":{"value":0},"servingsPerContainer":0,"servingSize":0},"quantity":1,"terms":{"priceEach":371.87,"taxEach":{"amount":33.47},"discountEach":{"amount":0},"pvEach":254}}]},"currency":"EUR"},{"lines":{"items":[{"item":{"href":"https:\/\/hydraqa.unicity.net\/v5a-test\/items\/6bd168a66ce41003a8f30917deff5808","id":{"unicity":"32130"},"weightEach":{"value":0},"servingsPerContainer":0,"servingSize":0},"quantity":1,"terms":{"priceEach":363.46,"taxEach":{"amount":32.71},"discountEach":{"amount":0},"pvEach":252}}]},"currency":"EUR"},{"lines":{"items":[{"item":{"href":"https:\/\/hydraqa.unicity.net\/v5a-test\/items\/806f99b793edd7cd0b1c158ba0eb3142","id":{"unicity":"32132"},"weightEach":{"value":0},"servingsPerContainer":0,"servingSize":0},"quantity":1,"terms":{"priceEach":355.98,"taxEach":{"amount":32.04},"discountEach":{"amount":0},"pvEach":253}}]},"currency":"EUR"},{"lines":{"items":[{"item":{"href":"https:\/\/hydraqa.unicity.net\/v5a-test\/items\/e3d382d99fde8659cb146b54116e7654","id":{"unicity":"32133"},"weightEach":{"value":0},"servingsPerContainer":0,"servingSize":0},"quantity":1,"terms":{"priceEach":364.39,"taxEach":{"amount":32.8},"discountEach":{"amount":0},"pvEach":252}}]},"currency":"EUR"},{"lines":{"items":[{"item":{"href":"https:\/\/hydraqa.unicity.net\/v5a-test\/items\/022f109fe6e5eae3e521295a5cb94c60","id":{"unicity":"32134"},"weightEach":{"value":0},"servingsPerContainer":0,"servingSize":0},"quantity":1,"terms":{"priceEach":144.77,"taxEach":{"amount":13.03},"discountEach":{"amount":0},"pvEach":101}}]},"currency":"EUR"},{"lines":{"items":[{"item":{"href":"https:\/\/hydraqa.unicity.net\/v5a-test\/items\/ded00960d5e948dd8e511a9c752e1ff9","id":{"unicity":"32135"},"weightEach":{"value":0},"servingsPerContainer":0,"servingSize":0},"quantity":1,"terms":{"priceEach":154.11,"taxEach":{"amount":13.87},"discountEach":{"amount":0},"pvEach":113}}]},"currency":"EUR"},{"lines":{"items":[{"item":{"href":"https:\/\/hydraqa.unicity.net\/v5a-test\/items\/d8736cc35cf9f4734fd76da71c53dc05","id":{"unicity":"32136"},"weightEach":{"value":0},"servingsPerContainer":0,"servingSize":0},"quantity":1,"terms":{"priceEach":141.96,"taxEach":{"amount":12.78},"discountEach":{"amount":0},"pvEach":102}}]},"currency":"EUR"},{"lines":{"items":[{"item":{"href":"https:\/\/hydraqa.unicity.net\/v5a-test\/items\/166a69d45c4ae40278554e24d5f40443","id":{"unicity":"32137"},"weightEach":{"value":0},"servingsPerContainer":0,"servingSize":0},"quantity":1,"terms":{"priceEach":168.13,"taxEach":{"amount":15.13},"discountEach":{"amount":0},"pvEach":118}}]},"currency":"EUR"},{"lines":{"items":[{"item":{"href":"https:\/\/hydraqa.unicity.net\/v5a-test\/items\/d04a0b8762b20202b6273114fb7302d1","id":{"unicity":"32138"},"weightEach":{"value":0},"servingsPerContainer":0,"servingSize":0},"quantity":1,"terms":{"priceEach":224.21,"taxEach":{"amount":20.18},"discountEach":{"amount":0},"pvEach":152}}]},"currency":"EUR"},{"lines":{"items":[{"item":{"href":"https:\/\/hydraqa.unicity.net\/v5a-test\/items\/e13d0b5c40704ad5dd186959367c97f1","id":{"unicity":"32125"},"weightEach":{"value":0},"servingsPerContainer":0,"servingSize":0},"quantity":1,"terms":{"priceEach":373.74,"taxEach":{"amount":33.64},"discountEach":{"amount":0},"pvEach":250}}]},"currency":"EUR"},{"lines":{"items":[{"item":{"href":"https:\/\/hydraqa.unicity.net\/v5a-test\/items\/c451532f63a06f0e9a054e946a1a1c3b","id":{"unicity":"18511"},"weightEach":{"value":0},"servingsPerContainer":0,"servingSize":0},"quantity":1,"terms":{"priceEach":37.29,"taxEach":{"amount":3.36},"discountEach":{"amount":0},"pvEach":23}}]},"currency":"EUR"},{"lines":{"items":[{"item":{"href":"https:\/\/hydraqa.unicity.net\/v5a-test\/items\/9752a919e28f96747163918165b46f23","id":{"unicity":"19941"},"weightEach":{"value":558},"servingsPerContainer":15,"servingSize":0},"quantity":1,"terms":{"priceEach":32.62,"taxEach":{"amount":2.94},"discountEach":{"amount":0},"pvEach":20}}]},"currency":"EUR"},{"lines":{"items":[{"item":{"href":"https:\/\/hydraqa.unicity.net\/v5a-test\/items\/4e49c95f12ae7be78e5ffab68b8b3ca6","id":{"unicity":"26422"},"weightEach":{"value":0},"servingsPerContainer":0,"servingSize":0},"quantity":1,"terms":{"priceEach":19,"taxEach":{"amount":1.71},"discountEach":{"amount":0},"pvEach":0}}]},"currency":"EUR"},{"lines":{"items":[{"item":{"href":"https:\/\/hydraqa.unicity.net\/v5a-test\/items\/50e73ecfa509ac20c4a250f9cb32fdfc","id":{"unicity":"27156"},"weightEach":{"value":0},"servingsPerContainer":0,"servingSize":0},"quantity":1,"terms":{"priceEach":20.47,"taxEach":{"amount":1.84},"discountEach":{"amount":0},"pvEach":13}}]},"currency":"EUR"},{"lines":{"items":[{"item":{"href":"https:\/\/hydraqa.unicity.net\/v5a-test\/items\/d92292ba2f23c030e4a1f63eb3ebe1ce","id":{"unicity":"27158"},"weightEach":{"value":0},"servingsPerContainer":0,"servingSize":0},"quantity":1,"terms":{"priceEach":27.94,"taxEach":{"amount":2.51},"discountEach":{"amount":0},"pvEach":23}}]},"currency":"EUR"},{"lines":{"items":[{"item":{"href":"https:\/\/hydraqa.unicity.net\/v5a-test\/items\/a7bda1cb4a35343e52791aba56debc4a","id":{"unicity":"27617"},"weightEach":{"value":0},"servingsPerContainer":0,"servingSize":0},"quantity":1,"terms":{"priceEach":29.81,"taxEach":{"amount":2.68},"discountEach":{"amount":0},"pvEach":18}}]},"currency":"EUR"},{"lines":{"items":[{"item":{"href":"https:\/\/hydraqa.unicity.net\/v5a-test\/items\/a36d9fdd0fd7561e6180fb5b2ff27164","id":{"unicity":"27660"},"weightEach":{"value":0},"servingsPerContainer":0,"servingSize":0},"quantity":1,"terms":{"priceEach":31.68,"taxEach":{"amount":2.85},"discountEach":{"amount":0},"pvEach":18}}]},"currency":"EUR"},{"lines":{"items":[{"item":{"href":"https:\/\/hydraqa.unicity.net\/v5a-test\/items\/112b8c39286598b3730f630f371a45f4","id":{"unicity":"27587"},"weightEach":{"value":0},"servingsPerContainer":0,"servingSize":0},"quantity":1,"terms":{"priceEach":55.98,"taxEach":{"amount":5.04},"discountEach":{"amount":0},"pvEach":34}}]},"currency":"EUR"},{"lines":{"items":[{"item":{"href":"https:\/\/hydraqa.unicity.net\/v5a-test\/items\/db0a2b02eaabc5ad45fe91ba5c7bcf5a","id":{"unicity":"31772"},"weightEach":{"value":0},"servingsPerContainer":0,"servingSize":0},"quantity":1,"terms":{"priceEach":8.32,"taxEach":{"amount":1.75},"discountEach":{"amount":0},"pvEach":0}}]},"currency":"EUR"},{"lines":{"items":[{"item":{"href":"https:\/\/hydraqa.unicity.net\/v5a-test\/items\/34c8c6b0f454da738e64265f08c57a72","id":{"unicity":"31777"},"weightEach":{"value":0},"servingsPerContainer":0,"servingSize":0},"quantity":1,"terms":{"priceEach":6.22,"taxEach":{"amount":1.31},"discountEach":{"amount":0},"pvEach":3}}]},"currency":"EUR"},{"lines":{"items":[{"item":{"href":"https:\/\/hydraqa.unicity.net\/v5a-test\/items\/fc8583e3bf463b599fdcce05234bc137","id":{"unicity":"31780"},"weightEach":{"value":0},"servingsPerContainer":0,"servingSize":0},"quantity":1,"terms":{"priceEach":8.32,"taxEach":{"amount":1.75},"discountEach":{"amount":0},"pvEach":4}}]},"currency":"EUR"},{"lines":{"items":[{"item":{"href":"https:\/\/hydraqa.unicity.net\/v5a-test\/items\/7e80331c8c25f515174d3f894283a27c","id":{"unicity":"31781"},"weightEach":{"value":0},"servingsPerContainer":0,"servingSize":0},"quantity":1,"terms":{"priceEach":8.32,"taxEach":{"amount":1.75},"discountEach":{"amount":0},"pvEach":4}}]},"currency":"EUR"},{"lines":{"items":[{"item":{"href":"https:\/\/hydraqa.unicity.net\/v5a-test\/items\/8d3854b47de8e45d6fcdc194dffff601","id":{"unicity":"31782"},"weightEach":{"value":0},"servingsPerContainer":0,"servingSize":0},"quantity":1,"terms":{"priceEach":12.52,"taxEach":{"amount":2.63},"discountEach":{"amount":0},"pvEach":6}}]},"currency":"EUR"},{"lines":{"items":[{"item":{"href":"https:\/\/hydraqa.unicity.net\/v5a-test\/items\/04516be30bd9bf93e01536e7fc8f8716","id":{"unicity":"31779"},"weightEach":{"value":0},"servingsPerContainer":0,"servingSize":0},"quantity":1,"terms":{"priceEach":10,"taxEach":{"amount":2.1},"discountEach":{"amount":0},"pvEach":5}}]},"currency":"EUR"},{"lines":{"items":[{"item":{"href":"https:\/\/hydraqa.unicity.net\/v5a-test\/items\/d7e1dd4b19a8672aed99e591356c0d48","id":{"unicity":"31932"},"weightEach":{"value":0},"servingsPerContainer":0,"servingSize":0},"quantity":1,"terms":{"priceEach":6.22,"taxEach":{"amount":1.31},"discountEach":{"amount":0},"pvEach":3}}]},"currency":"EUR"},{"lines":{"items":[{"item":{"href":"https:\/\/hydraqa.unicity.net\/v5a-test\/items\/1aa00306dc0006d365acd7436548f2e6","id":{"unicity":"31778"},"weightEach":{"value":0},"servingsPerContainer":0,"servingSize":0},"quantity":1,"terms":{"priceEach":12.52,"taxEach":{"amount":2.63},"discountEach":{"amount":0},"pvEach":6}}]},"currency":"EUR"},{"lines":{"items":[{"item":{"href":"https:\/\/hydraqa.unicity.net\/v5a-test\/items\/881451fd39a6a3113e33935db22da7ae","id":{"unicity":"32553"},"weightEach":{"value":0},"servingsPerContainer":0,"servingSize":0},"quantity":1,"terms":{"priceEach":2.44,"taxEach":{"amount":0.51},"discountEach":{"amount":0},"pvEach":0}}]},"currency":"EUR"},{"lines":{"items":[{"item":{"href":"https:\/\/hydraqa.unicity.net\/v5a-test\/items\/4fc6de0cb7817f39a836ff08609b8539","id":{"unicity":"32556"},"weightEach":{"value":0},"servingsPerContainer":0,"servingSize":0},"quantity":1,"terms":{"priceEach":2.44,"taxEach":{"amount":0.51},"discountEach":{"amount":0},"pvEach":0}}]},"currency":"EUR"},{"lines":{"items":[{"item":{"href":"https:\/\/hydraqa.unicity.net\/v5a-test\/items\/2262fdd5af916c31df08089c191735c1","id":{"unicity":"29317"},"weightEach":{"value":0},"servingsPerContainer":0,"servingSize":0},"quantity":1,"terms":{"priceEach":25.21,"taxEach":{"amount":5.29},"discountEach":{"amount":0},"pvEach":0}}]},"currency":"EUR"},{"lines":{"items":[{"item":{"href":"https:\/\/hydraqa.unicity.net\/v5a-test\/items\/217ca02fbd24e21ca5281412756238ab","id":{"unicity":"32126"},"weightEach":{"value":0},"servingsPerContainer":0,"servingSize":0},"quantity":1,"terms":{"priceEach":152.24,"taxEach":{"amount":14.7},"discountEach":{"amount":0},"pvEach":101}}]},"currency":"EUR"},{"lines":{"items":[{"item":{"href":"https:\/\/hydraqa.unicity.net\/v5a-test\/items\/808008a0657d2033ad471c39bbce9891","id":{"unicity":"32127"},"weightEach":{"value":0},"servingsPerContainer":0,"servingSize":0},"quantity":1,"terms":{"priceEach":162.34,"taxEach":{"amount":15.61},"discountEach":{"amount":0},"pvEach":113}}]},"currency":"EUR"},{"lines":{"items":[{"item":{"href":"https:\/\/hydraqa.unicity.net\/v5a-test\/items\/10df0fc3509b53cbeaeb9476ca92d520","id":{"unicity":"29833"},"weightEach":{"value":0},"servingsPerContainer":0,"servingSize":0},"quantity":1,"terms":{"priceEach":90.56,"taxEach":{"amount":8.15},"discountEach":{"amount":0},"pvEach":69}}]},"currency":"EUR"},{"lines":{"items":[{"item":{"href":"https:\/\/hydraqa.unicity.net\/v5a-test\/items\/332daeac6796ed016ea8b7d0bc42c2d4","id":{"unicity":"24274"},"weightEach":{"value":0},"servingsPerContainer":0,"servingSize":0},"quantity":1,"terms":{"priceEach":7.48,"taxEach":{"amount":1.57},"discountEach":{"amount":0},"pvEach":0}}]},"currency":"EUR"},{"lines":{"items":[{"item":{"href":"https:\/\/hydraqa.unicity.net\/v5a-test\/items\/1945faa1776541d53120ecfe3c1d8a2b","id":{"unicity":"24418"},"weightEach":{"value":0},"servingsPerContainer":0,"servingSize":0},"quantity":1,"terms":{"priceEach":4.96,"taxEach":{"amount":1.04},"discountEach":{"amount":0},"pvEach":0}}]},"currency":"EUR"},{"lines":{"items":[{"item":{"href":"https:\/\/hydraqa.unicity.net\/v5a-test\/items\/10da226fab00279b4f89df10af2a10b7","id":{"unicity":"26442"},"weightEach":{"value":0},"servingsPerContainer":0,"servingSize":0},"quantity":1,"terms":{"priceEach":5.8,"taxEach":{"amount":1.22},"discountEach":{"amount":0},"pvEach":0}}]},"currency":"EUR"},{"lines":{"items":[{"item":{"href":"https:\/\/hydraqa.unicity.net\/v5a-test\/items\/5147f8cfe32548e02fc158d4da9c4d6f","id":{"unicity":"27150"},"weightEach":{"value":0},"servingsPerContainer":0,"servingSize":0},"quantity":1,"terms":{"priceEach":93.36,"taxEach":{"amount":8.4},"discountEach":{"amount":0},"pvEach":70}}]},"currency":"EUR"},{"lines":{"items":[{"item":{"href":"https:\/\/hydraqa.unicity.net\/v5a-test\/items\/03eba2365025ccd85818846a83a16f47","id":{"unicity":"27163"},"weightEach":{"value":0},"servingsPerContainer":0,"servingSize":0},"quantity":1,"terms":{"priceEach":74.67,"taxEach":{"amount":6.72},"discountEach":{"amount":0},"pvEach":54}}]},"currency":"EUR"},{"lines":{"items":[{"item":{"href":"https:\/\/hydraqa.unicity.net\/v5a-test\/items\/7d4ad2792f7056e5f81eb24f118ef737","id":{"unicity":"27575"},"weightEach":{"value":0},"servingsPerContainer":0,"servingSize":0},"quantity":1,"terms":{"priceEach":55.98,"taxEach":{"amount":5.04},"discountEach":{"amount":0},"pvEach":34}}]},"currency":"EUR"},{"lines":{"items":[{"item":{"href":"https:\/\/hydraqa.unicity.net\/v5a-test\/items\/0eebdede5bdb8bf4d71e800b6f3cead1","id":{"unicity":"30825"},"weightEach":{"value":0},"servingsPerContainer":0,"servingSize":0},"quantity":1,"terms":{"priceEach":37.29,"taxEach":{"amount":3.36},"discountEach":{"amount":0},"pvEach":23}}]},"currency":"EUR"},{"lines":{"items":[{"item":{"href":"https:\/\/hydraqa.unicity.net\/v5a-test\/items\/024e696f8b44a1d315006e676604cd31","id":{"unicity":"27395"},"weightEach":{"value":0},"servingsPerContainer":0,"servingSize":0},"quantity":1,"terms":{"priceEach":29.81,"taxEach":{"amount":2.68},"discountEach":{"amount":0},"pvEach":18}}]},"currency":"EUR"},{"lines":{"items":[{"item":{"href":"https:\/\/hydraqa.unicity.net\/v5a-test\/items\/4b2034f47fce90b87bba28c5c2d7c25d","id":{"unicity":"15880"},"weightEach":{"value":0},"servingsPerContainer":0,"servingSize":0},"quantity":1,"terms":{"priceEach":51.31,"taxEach":{"amount":4.62},"discountEach":{"amount":0},"pvEach":33}}]},"currency":"EUR"},{"lines":{"items":[{"item":{"href":"https:\/\/hydraqa.unicity.net\/v5a-test\/items\/398d06b858b960f6f38086d40608aef2","id":{"unicity":"26560"},"weightEach":{"value":0},"servingsPerContainer":0,"servingSize":0},"quantity":1,"terms":{"priceEach":20.47,"taxEach":{"amount":1.84},"discountEach":{"amount":0},"pvEach":13}}]},"currency":"EUR"},{"lines":{"items":[{"item":{"href":"https:\/\/hydraqa.unicity.net\/v5a-test\/items\/e218d1cac5f31e7ae4f5876c29c57377","id":{"unicity":"29017"},"weightEach":{"value":0},"servingsPerContainer":0,"servingSize":0},"quantity":1,"terms":{"priceEach":37.29,"taxEach":{"amount":3.36},"discountEach":{"amount":0},"pvEach":23}}]},"currency":"EUR"},{"lines":{"items":[{"item":{"href":"https:\/\/hydraqa.unicity.net\/v5a-test\/items\/3f2d12d7a0e8551fc99fad3bbe1ba633","id":{"unicity":"26567"},"weightEach":{"value":0},"servingsPerContainer":0,"servingSize":0},"quantity":1,"terms":{"priceEach":55.98,"taxEach":{"amount":5.04},"discountEach":{"amount":0},"pvEach":26}}]},"currency":"EUR"},{"lines":{"items":[{"item":{"href":"https:\/\/hydraqa.unicity.net\/v5a-test\/items\/191637167cb3144bd2e8c4615e9ab67e","id":{"unicity":"26568"},"weightEach":{"value":0},"servingsPerContainer":0,"servingSize":0},"quantity":1,"terms":{"priceEach":55.98,"taxEach":{"amount":5.04},"discountEach":{"amount":0},"pvEach":26}}]},"currency":"EUR"},{"lines":{"items":[{"item":{"href":"https:\/\/hydraqa.unicity.net\/v5a-test\/items\/64ec7ad932acafab052a4e8800ad1238","id":{"unicity":"24758"},"weightEach":{"value":0},"servingsPerContainer":0,"servingSize":0},"quantity":1,"terms":{"priceEach":37.29,"taxEach":{"amount":3.36},"discountEach":{"amount":0},"pvEach":23}}]},"currency":"EUR"},{"lines":{"items":[{"item":{"href":"https:\/\/hydraqa.unicity.net\/v5a-test\/items\/606f7be753c74dfbfe4b107276775140","id":{"unicity":"29821"},"weightEach":{"value":0},"servingsPerContainer":0,"servingSize":0},"quantity":1,"terms":{"priceEach":79.35,"taxEach":{"amount":7.14},"discountEach":{"amount":0},"pvEach":59}}]},"currency":"EUR"},{"lines":{"items":[{"item":{"href":"https:\/\/hydraqa.unicity.net\/v5a-test\/items\/94939f9be900906d2b47260ccba22a7b","id":{"unicity":"32012"},"weightEach":{"value":0},"servingsPerContainer":0,"servingSize":0},"quantity":1,"terms":{"priceEach":13.93,"taxEach":{"amount":1.25},"discountEach":{"amount":0},"pvEach":6}}]},"currency":"EUR"},{"lines":{"items":[{"item":{"href":"https:\/\/hydraqa.unicity.net\/v5a-test\/items\/2c4c1abe00983e85aaa918d2ce341491","id":{"unicity":"17174"},"weightEach":{"value":0},"servingsPerContainer":0,"servingSize":0},"quantity":1,"terms":{"priceEach":37.29,"taxEach":{"amount":3.36},"discountEach":{"amount":0},"pvEach":23}}]},"currency":"EUR"},{"lines":{"items":[{"item":{"href":"https:\/\/hydraqa.unicity.net\/v5a-test\/items\/991cdbb84a495779eb209fb3956a77e4","id":{"unicity":"29183"},"weightEach":{"value":0},"servingsPerContainer":0,"servingSize":0},"quantity":1,"terms":{"priceEach":31.01,"taxEach":{"amount":6.51},"discountEach":{"amount":0},"pvEach":18}}]},"currency":"EUR"},{"lines":{"items":[{"item":{"href":"https:\/\/hydraqa.unicity.net\/v5a-test\/items\/0e78fbdfebef11cd62f8d2120064ee58","id":{"unicity":"30280"},"weightEach":{"value":0},"servingsPerContainer":0,"servingSize":0},"quantity":1,"terms":{"priceEach":33.53,"taxEach":{"amount":7.04},"discountEach":{"amount":0},"pvEach":20}}]},"currency":"EUR"},{"lines":{"items":[{"item":{"href":"https:\/\/hydraqa.unicity.net\/v5a-test\/items\/beb900429fbb160dbfc3001c14d96df4","id":{"unicity":"29187"},"weightEach":{"value":0},"servingsPerContainer":0,"servingSize":0},"quantity":1,"terms":{"priceEach":37.73,"taxEach":{"amount":7.92},"discountEach":{"amount":0},"pvEach":24}}]},"currency":"EUR"},{"lines":{"items":[{"item":{"href":"https:\/\/hydraqa.unicity.net\/v5a-test\/items\/1b0412bea8c0b841c66f65a36aa14108","id":{"unicity":"29191"},"weightEach":{"value":0},"servingsPerContainer":0,"servingSize":0},"quantity":1,"terms":{"priceEach":37.73,"taxEach":{"amount":7.92},"discountEach":{"amount":0},"pvEach":24}}]},"currency":"EUR"},{"lines":{"items":[{"item":{"href":"https:\/\/hydraqa.unicity.net\/v5a-test\/items\/52c87f74d3b41ed49b0f897b66c2a99b","id":{"unicity":"30684"},"weightEach":{"value":0},"servingsPerContainer":0,"servingSize":0},"quantity":1,"terms":{"priceEach":37.29,"taxEach":{"amount":3.36},"discountEach":{"amount":0},"pvEach":23}}]},"currency":"EUR"},{"lines":{"items":[{"item":{"href":"https:\/\/hydraqa.unicity.net\/v5a-test\/items\/90f38f77c9e6ea5a71aa7377df83760b","id":{"unicity":"30198"},"weightEach":{"value":0},"servingsPerContainer":0,"servingSize":0},"quantity":1,"terms":{"priceEach":19,"taxEach":{"amount":1.71},"discountEach":{"amount":0},"pvEach":16}}]},"currency":"EUR"},{"lines":{"items":[{"item":{"href":"https:\/\/hydraqa.unicity.net\/v5a-test\/items\/ab2a2b07b17718843a66bee04ff40624","id":{"unicity":"31402"},"weightEach":{"value":0},"servingsPerContainer":0,"servingSize":0},"quantity":1,"terms":{"priceEach":98.9,"taxEach":{"amount":8.9},"discountEach":{"amount":0},"pvEach":70}}]},"currency":"EUR"},{"lines":{"items":[{"item":{"href":"https:\/\/hydraqa.unicity.net\/v5a-test\/items\/7e5e7df32701fd44947c8146f2129f7a","id":{"unicity":"31672"},"weightEach":{"value":0},"servingsPerContainer":0,"servingSize":0},"quantity":1,"terms":{"priceEach":74.67,"taxEach":{"amount":6.72},"discountEach":{"amount":0},"pvEach":54}}]},"currency":"EUR"},{"lines":{"items":[{"item":{"href":"https:\/\/hydraqa.unicity.net\/v5a-test\/items\/493c2ba720f847422eccc5da35024f33","id":{"unicity":"31534"},"weightEach":{"value":0},"servingsPerContainer":0,"servingSize":0},"quantity":1,"terms":{"priceEach":26.07,"taxEach":{"amount":2.35},"discountEach":{"amount":0},"pvEach":16}}]},"currency":"EUR"},{"lines":{"items":[{"item":{"href":"https:\/\/hydraqa.unicity.net\/v5a-test\/items\/bfddb53fe0d5ed5432c531dc9850cbe4","id":{"unicity":"29449"},"weightEach":{"value":0},"servingsPerContainer":0,"servingSize":0},"quantity":1,"terms":{"priceEach":26.07,"taxEach":{"amount":2.35},"discountEach":{"amount":0},"pvEach":16}}]},"currency":"EUR"},{"lines":{"items":[{"item":{"href":"https:\/\/hydraqa.unicity.net\/v5a-test\/items\/75b870fdff12be635674216fe88d3204","id":{"unicity":"29984"},"weightEach":{"value":0},"servingsPerContainer":0,"servingSize":0},"quantity":1,"terms":{"priceEach":37.73,"taxEach":{"amount":7.92},"discountEach":{"amount":0},"pvEach":24}}]},"currency":"EUR"},{"lines":{"items":[{"item":{"href":"https:\/\/hydraqa.unicity.net\/v5a-test\/items\/fbb6dbd577adb73abaec364076fb288f","id":{"unicity":"32087"},"weightEach":{"value":0},"servingsPerContainer":0,"servingSize":0},"quantity":1,"terms":{"priceEach":20.47,"taxEach":{"amount":1.84},"discountEach":{"amount":0},"pvEach":9}}]},"currency":"EUR"},{"lines":{"items":[{"item":{"href":"https:\/\/hydraqa.unicity.net\/v5a-test\/items\/35dcc0035e442bbe6482f178ec38522c","id":{"unicity":"31868"},"weightEach":{"value":0},"servingsPerContainer":0,"servingSize":0},"quantity":1,"terms":{"priceEach":20.47,"taxEach":{"amount":1.84},"discountEach":{"amount":0},"pvEach":9}}]},"currency":"EUR"},{"lines":{"items":[{"item":{"href":"https:\/\/hydraqa.unicity.net\/v5a-test\/items\/baa263a2750aa330fbd9e5b96fdb2b55","id":{"unicity":"32609"},"weightEach":{"value":0},"servingsPerContainer":0,"servingSize":0},"quantity":1,"terms":{"priceEach":55.98,"taxEach":{"amount":0},"discountEach":{"amount":0},"pvEach":34}}]},"currency":"EUR"},{"lines":{"items":[{"item":{"href":"https:\/\/hydraqa.unicity.net\/v5a-test\/items\/592aef9ec417f4553dc0b62a91a1f5e0","id":{"unicity":"32330"},"weightEach":{"value":0},"servingsPerContainer":0,"servingSize":0},"quantity":1,"terms":{"priceEach":93.36,"taxEach":{"amount":8.4},"discountEach":{"amount":0},"pvEach":55}}]},"currency":"EUR"},{"lines":{"items":[{"item":{"href":"https:\/\/hydraqa.unicity.net\/v5a-test\/items\/1f59b10f0bef99fa20e4b9b0b4efea88","id":{"unicity":"32333"},"weightEach":{"value":0},"servingsPerContainer":0,"servingSize":0},"quantity":1,"terms":{"priceEach":9.16,"taxEach":{"amount":1.92},"discountEach":{"amount":0},"pvEach":0}}]},"currency":"EUR"}]}
Entry request : {"order":{"customer":{"href":"https://hydraqa.unicity.net/v5a-test/customers?type=Associate"},"shipToAddress":{"country":"HU"}},"vary":{"lines":{"items":[{"item":{"href":"https://hydraqa.unicity.net/v5a-test/items?id.unicity=27160|27166|28601|28604|31763|31951|31952|32128|32129|32130|32132|32133|32134|32135|32136|32137|32138|32125|32699|33092|33094|33093|18511|19941|26422|27156|27158|27617|27660|27587|31772|31777|31780|31781|31782|31779|31932|31778|32553|32556|29317|32126|32127|29833|32755|32756|32967|32968|32965|32966|33097|33095|33098|33096|24274|24418|26442|27150|27163|27575|30825|27395|15880|26560|29017|26567|26568|24758|29821|32012|17174|29183|30280|29187|29191|30684|30198|29522|31402|31672|31534|29449|29984|32087|31868|32609|32330|32693|32333"}}]}}}
Request URL: https://hydraqa.unicity.net/v5a-test/customers.js?callback=angular.callbacks._1&expand=customer,profilePicture&id.unicity=2
Request URL: https://hydraqa.unicity.net/v5a-test/customers.js?_httpMethod=HEAD&callback=angular.callbacks._7&email=JWPYAN@gmail.com
Request URL: https://hydraqa.unicity.net/v5a-test/shippingmethods.js?callback=angular.callbacks._a&destination=HU&market=HU
]]></system-out>
    <system-err><![CDATA[Starting ChromeDriver 2.36.540470 (e522d04694c7ebea4ba8821272dbef4f9b818c91) on port 34018
Only local connections are allowed.
Jun 30, 2020 10:46:05 AM org.openqa.selenium.remote.ProtocolHandshake createSession
INFO: Detected dialect: OSS
]]></system-err>
  </testcase>
  <testcase name="Enroll" classname="Tests.FranchisePartner" time="314.382">
    <failure message="Major Total Price is Wrong expected [170.27] but found [187.54]" type="java.lang.AssertionError">java.lang.AssertionError: Major Total Price is Wrong expected [170.27] but found [187.54]
	at Tests.FranchisePartner.Enroll(FranchisePartner.java:253)
</failure>
    <system-out><![CDATA[Request URL: https://hydraqa.unicity.net/v5a-test/quotes?&expand=item
Entry Quotes response : {"items":[{"lines":{"items":[{"item":{"href":"https:\/\/hydraqa.unicity.net\/v5a-test\/items\/0d3b8d4f7c4d4082db1b4ecffb6693fb","id":{"unicity":"27160"},"weightEach":{"value":0},"servingsPerContainer":0,"servingSize":0},"quantity":1,"terms":{"priceEach":74.67,"taxEach":{"amount":6.72},"discountEach":{"amount":0},"pvEach":53}}]},"currency":"EUR"},{"lines":{"items":[{"item":{"href":"https:\/\/hydraqa.unicity.net\/v5a-test\/items\/ac37bf51ff7e4fe860da8457f6ce0425","id":{"unicity":"27166"},"weightEach":{"value":0},"servingsPerContainer":0,"servingSize":0},"quantity":1,"terms":{"priceEach":74.67,"taxEach":{"amount":6.72},"discountEach":{"amount":0},"pvEach":54}}]},"currency":"EUR"},{"lines":{"items":[{"item":{"href":"https:\/\/hydraqa.unicity.net\/v5a-test\/items\/0c0717a26fcfe40310e906487e8a12f7","id":{"unicity":"28601"},"weightEach":{"value":0},"servingsPerContainer":0,"servingSize":0},"quantity":1,"terms":{"priceEach":74.67,"taxEach":{"amount":6.72},"discountEach":{"amount":0},"pvEach":54}}]},"currency":"EUR"},{"lines":{"items":[{"item":{"href":"https:\/\/hydraqa.unicity.net\/v5a-test\/items\/4790a55c442b5dc75a13b155e78c1842","id":{"unicity":"28604"},"weightEach":{"value":0},"servingsPerContainer":0,"servingSize":0},"quantity":1,"terms":{"priceEach":74.67,"taxEach":{"amount":6.72},"discountEach":{"amount":0},"pvEach":54}}]},"currency":"EUR"},{"lines":{"items":[{"item":{"href":"https:\/\/hydraqa.unicity.net\/v5a-test\/items\/31cb0679f65df8fa9a4fc3d7e38b72b3","id":{"unicity":"31763"},"weightEach":{"value":0},"servingsPerContainer":0,"servingSize":0},"quantity":1,"terms":{"priceEach":243.3,"taxEach":{"amount":21.9},"discountEach":{"amount":0},"pvEach":181}}]},"currency":"EUR"},{"lines":{"items":[{"item":{"href":"https:\/\/hydraqa.unicity.net\/v5a-test\/items\/e9991b48ac639367d526d2b9b22fac8c","id":{"unicity":"32128"},"weightEach":{"value":0},"servingsPerContainer":0,"servingSize":0},"quantity":1,"terms":{"priceEach":371.87,"taxEach":{"amount":33.47},"discountEach":{"amount":0},"pvEach":253}}]},"currency":"EUR"},{"lines":{"items":[{"item":{"href":"https:\/\/hydraqa.unicity.net\/v5a-test\/items\/40b3312de189221d96d838d33a8ec49d","id":{"unicity":"32129"},"weightEach":{"value":0},"servingsPerContainer":0,"servingSize":0},"quantity":1,"terms":{"priceEach":371.87,"taxEach":{"amount":33.47},"discountEach":{"amount":0},"pvEach":254}}]},"currency":"EUR"},{"lines":{"items":[{"item":{"href":"https:\/\/hydraqa.unicity.net\/v5a-test\/items\/6bd168a66ce41003a8f30917deff5808","id":{"unicity":"32130"},"weightEach":{"value":0},"servingsPerContainer":0,"servingSize":0},"quantity":1,"terms":{"priceEach":363.46,"taxEach":{"amount":32.71},"discountEach":{"amount":0},"pvEach":252}}]},"currency":"EUR"},{"lines":{"items":[{"item":{"href":"https:\/\/hydraqa.unicity.net\/v5a-test\/items\/806f99b793edd7cd0b1c158ba0eb3142","id":{"unicity":"32132"},"weightEach":{"value":0},"servingsPerContainer":0,"servingSize":0},"quantity":1,"terms":{"priceEach":355.98,"taxEach":{"amount":32.04},"discountEach":{"amount":0},"pvEach":253}}]},"currency":"EUR"},{"lines":{"items":[{"item":{"href":"https:\/\/hydraqa.unicity.net\/v5a-test\/items\/e3d382d99fde8659cb146b54116e7654","id":{"unicity":"32133"},"weightEach":{"value":0},"servingsPerContainer":0,"servingSize":0},"quantity":1,"terms":{"priceEach":364.39,"taxEach":{"amount":32.8},"discountEach":{"amount":0},"pvEach":252}}]},"currency":"EUR"},{"lines":{"items":[{"item":{"href":"https:\/\/hydraqa.unicity.net\/v5a-test\/items\/022f109fe6e5eae3e521295a5cb94c60","id":{"unicity":"32134"},"weightEach":{"value":0},"servingsPerContainer":0,"servingSize":0},"quantity":1,"terms":{"priceEach":144.77,"taxEach":{"amount":13.03},"discountEach":{"amount":0},"pvEach":101}}]},"currency":"EUR"},{"lines":{"items":[{"item":{"href":"https:\/\/hydraqa.unicity.net\/v5a-test\/items\/ded00960d5e948dd8e511a9c752e1ff9","id":{"unicity":"32135"},"weightEach":{"value":0},"servingsPerContainer":0,"servingSize":0},"quantity":1,"terms":{"priceEach":154.11,"taxEach":{"amount":13.87},"discountEach":{"amount":0},"pvEach":113}}]},"currency":"EUR"},{"lines":{"items":[{"item":{"href":"https:\/\/hydraqa.unicity.net\/v5a-test\/items\/d8736cc35cf9f4734fd76da71c53dc05","id":{"unicity":"32136"},"weightEach":{"value":0},"servingsPerContainer":0,"servingSize":0},"quantity":1,"terms":{"priceEach":141.96,"taxEach":{"amount":12.78},"discountEach":{"amount":0},"pvEach":102}}]},"currency":"EUR"},{"lines":{"items":[{"item":{"href":"https:\/\/hydraqa.unicity.net\/v5a-test\/items\/166a69d45c4ae40278554e24d5f40443","id":{"unicity":"32137"},"weightEach":{"value":0},"servingsPerContainer":0,"servingSize":0},"quantity":1,"terms":{"priceEach":168.13,"taxEach":{"amount":15.13},"discountEach":{"amount":0},"pvEach":118}}]},"currency":"EUR"},{"lines":{"items":[{"item":{"href":"https:\/\/hydraqa.unicity.net\/v5a-test\/items\/d04a0b8762b20202b6273114fb7302d1","id":{"unicity":"32138"},"weightEach":{"value":0},"servingsPerContainer":0,"servingSize":0},"quantity":1,"terms":{"priceEach":224.21,"taxEach":{"amount":20.18},"discountEach":{"amount":0},"pvEach":152}}]},"currency":"EUR"},{"lines":{"items":[{"item":{"href":"https:\/\/hydraqa.unicity.net\/v5a-test\/items\/e13d0b5c40704ad5dd186959367c97f1","id":{"unicity":"32125"},"weightEach":{"value":0},"servingsPerContainer":0,"servingSize":0},"quantity":1,"terms":{"priceEach":373.74,"taxEach":{"amount":33.64},"discountEach":{"amount":0},"pvEach":250}}]},"currency":"EUR"},{"lines":{"items":[{"item":{"href":"https:\/\/hydraqa.unicity.net\/v5a-test\/items\/c451532f63a06f0e9a054e946a1a1c3b","id":{"unicity":"18511"},"weightEach":{"value":0},"servingsPerContainer":0,"servingSize":0},"quantity":1,"terms":{"priceEach":37.29,"taxEach":{"amount":3.36},"discountEach":{"amount":0},"pvEach":23}}]},"currency":"EUR"},{"lines":{"items":[{"item":{"href":"https:\/\/hydraqa.unicity.net\/v5a-test\/items\/9752a919e28f96747163918165b46f23","id":{"unicity":"19941"},"weightEach":{"value":558},"servingsPerContainer":15,"servingSize":0},"quantity":1,"terms":{"priceEach":32.62,"taxEach":{"amount":2.94},"discountEach":{"amount":0},"pvEach":20}}]},"currency":"EUR"},{"lines":{"items":[{"item":{"href":"https:\/\/hydraqa.unicity.net\/v5a-test\/items\/4e49c95f12ae7be78e5ffab68b8b3ca6","id":{"unicity":"26422"},"weightEach":{"value":0},"servingsPerContainer":0,"servingSize":0},"quantity":1,"terms":{"priceEach":19,"taxEach":{"amount":1.71},"discountEach":{"amount":0},"pvEach":0}}]},"currency":"EUR"},{"lines":{"items":[{"item":{"href":"https:\/\/hydraqa.unicity.net\/v5a-test\/items\/50e73ecfa509ac20c4a250f9cb32fdfc","id":{"unicity":"27156"},"weightEach":{"value":0},"servingsPerContainer":0,"servingSize":0},"quantity":1,"terms":{"priceEach":20.47,"taxEach":{"amount":1.84},"discountEach":{"amount":0},"pvEach":13}}]},"currency":"EUR"},{"lines":{"items":[{"item":{"href":"https:\/\/hydraqa.unicity.net\/v5a-test\/items\/d92292ba2f23c030e4a1f63eb3ebe1ce","id":{"unicity":"27158"},"weightEach":{"value":0},"servingsPerContainer":0,"servingSize":0},"quantity":1,"terms":{"priceEach":27.94,"taxEach":{"amount":2.51},"discountEach":{"amount":0},"pvEach":23}}]},"currency":"EUR"},{"lines":{"items":[{"item":{"href":"https:\/\/hydraqa.unicity.net\/v5a-test\/items\/a7bda1cb4a35343e52791aba56debc4a","id":{"unicity":"27617"},"weightEach":{"value":0},"servingsPerContainer":0,"servingSize":0},"quantity":1,"terms":{"priceEach":29.81,"taxEach":{"amount":2.68},"discountEach":{"amount":0},"pvEach":18}}]},"currency":"EUR"},{"lines":{"items":[{"item":{"href":"https:\/\/hydraqa.unicity.net\/v5a-test\/items\/a36d9fdd0fd7561e6180fb5b2ff27164","id":{"unicity":"27660"},"weightEach":{"value":0},"servingsPerContainer":0,"servingSize":0},"quantity":1,"terms":{"priceEach":31.68,"taxEach":{"amount":2.85},"discountEach":{"amount":0},"pvEach":18}}]},"currency":"EUR"},{"lines":{"items":[{"item":{"href":"https:\/\/hydraqa.unicity.net\/v5a-test\/items\/112b8c39286598b3730f630f371a45f4","id":{"unicity":"27587"},"weightEach":{"value":0},"servingsPerContainer":0,"servingSize":0},"quantity":1,"terms":{"priceEach":55.98,"taxEach":{"amount":5.04},"discountEach":{"amount":0},"pvEach":34}}]},"currency":"EUR"},{"lines":{"items":[{"item":{"href":"https:\/\/hydraqa.unicity.net\/v5a-test\/items\/db0a2b02eaabc5ad45fe91ba5c7bcf5a","id":{"unicity":"31772"},"weightEach":{"value":0},"servingsPerContainer":0,"servingSize":0},"quantity":1,"terms":{"priceEach":8.32,"taxEach":{"amount":1.75},"discountEach":{"amount":0},"pvEach":0}}]},"currency":"EUR"},{"lines":{"items":[{"item":{"href":"https:\/\/hydraqa.unicity.net\/v5a-test\/items\/34c8c6b0f454da738e64265f08c57a72","id":{"unicity":"31777"},"weightEach":{"value":0},"servingsPerContainer":0,"servingSize":0},"quantity":1,"terms":{"priceEach":6.22,"taxEach":{"amount":1.31},"discountEach":{"amount":0},"pvEach":3}}]},"currency":"EUR"},{"lines":{"items":[{"item":{"href":"https:\/\/hydraqa.unicity.net\/v5a-test\/items\/fc8583e3bf463b599fdcce05234bc137","id":{"unicity":"31780"},"weightEach":{"value":0},"servingsPerContainer":0,"servingSize":0},"quantity":1,"terms":{"priceEach":8.32,"taxEach":{"amount":1.75},"discountEach":{"amount":0},"pvEach":4}}]},"currency":"EUR"},{"lines":{"items":[{"item":{"href":"https:\/\/hydraqa.unicity.net\/v5a-test\/items\/7e80331c8c25f515174d3f894283a27c","id":{"unicity":"31781"},"weightEach":{"value":0},"servingsPerContainer":0,"servingSize":0},"quantity":1,"terms":{"priceEach":8.32,"taxEach":{"amount":1.75},"discountEach":{"amount":0},"pvEach":4}}]},"currency":"EUR"},{"lines":{"items":[{"item":{"href":"https:\/\/hydraqa.unicity.net\/v5a-test\/items\/8d3854b47de8e45d6fcdc194dffff601","id":{"unicity":"31782"},"weightEach":{"value":0},"servingsPerContainer":0,"servingSize":0},"quantity":1,"terms":{"priceEach":12.52,"taxEach":{"amount":2.63},"discountEach":{"amount":0},"pvEach":6}}]},"currency":"EUR"},{"lines":{"items":[{"item":{"href":"https:\/\/hydraqa.unicity.net\/v5a-test\/items\/04516be30bd9bf93e01536e7fc8f8716","id":{"unicity":"31779"},"weightEach":{"value":0},"servingsPerContainer":0,"servingSize":0},"quantity":1,"terms":{"priceEach":10,"taxEach":{"amount":2.1},"discountEach":{"amount":0},"pvEach":5}}]},"currency":"EUR"},{"lines":{"items":[{"item":{"href":"https:\/\/hydraqa.unicity.net\/v5a-test\/items\/d7e1dd4b19a8672aed99e591356c0d48","id":{"unicity":"31932"},"weightEach":{"value":0},"servingsPerContainer":0,"servingSize":0},"quantity":1,"terms":{"priceEach":6.22,"taxEach":{"amount":1.31},"discountEach":{"amount":0},"pvEach":3}}]},"currency":"EUR"},{"lines":{"items":[{"item":{"href":"https:\/\/hydraqa.unicity.net\/v5a-test\/items\/1aa00306dc0006d365acd7436548f2e6","id":{"unicity":"31778"},"weightEach":{"value":0},"servingsPerContainer":0,"servingSize":0},"quantity":1,"terms":{"priceEach":12.52,"taxEach":{"amount":2.63},"discountEach":{"amount":0},"pvEach":6}}]},"currency":"EUR"},{"lines":{"items":[{"item":{"href":"https:\/\/hydraqa.unicity.net\/v5a-test\/items\/881451fd39a6a3113e33935db22da7ae","id":{"unicity":"32553"},"weightEach":{"value":0},"servingsPerContainer":0,"servingSize":0},"quantity":1,"terms":{"priceEach":2.44,"taxEach":{"amount":0.51},"discountEach":{"amount":0},"pvEach":0}}]},"currency":"EUR"},{"lines":{"items":[{"item":{"href":"https:\/\/hydraqa.unicity.net\/v5a-test\/items\/4fc6de0cb7817f39a836ff08609b8539","id":{"unicity":"32556"},"weightEach":{"value":0},"servingsPerContainer":0,"servingSize":0},"quantity":1,"terms":{"priceEach":2.44,"taxEach":{"amount":0.51},"discountEach":{"amount":0},"pvEach":0}}]},"currency":"EUR"},{"lines":{"items":[{"item":{"href":"https:\/\/hydraqa.unicity.net\/v5a-test\/items\/2262fdd5af916c31df08089c191735c1","id":{"unicity":"29317"},"weightEach":{"value":0},"servingsPerContainer":0,"servingSize":0},"quantity":1,"terms":{"priceEach":25.21,"taxEach":{"amount":5.29},"discountEach":{"amount":0},"pvEach":0}}]},"currency":"EUR"},{"lines":{"items":[{"item":{"href":"https:\/\/hydraqa.unicity.net\/v5a-test\/items\/217ca02fbd24e21ca5281412756238ab","id":{"unicity":"32126"},"weightEach":{"value":0},"servingsPerContainer":0,"servingSize":0},"quantity":1,"terms":{"priceEach":152.24,"taxEach":{"amount":14.7},"discountEach":{"amount":0},"pvEach":101}}]},"currency":"EUR"},{"lines":{"items":[{"item":{"href":"https:\/\/hydraqa.unicity.net\/v5a-test\/items\/808008a0657d2033ad471c39bbce9891","id":{"unicity":"32127"},"weightEach":{"value":0},"servingsPerContainer":0,"servingSize":0},"quantity":1,"terms":{"priceEach":162.34,"taxEach":{"amount":15.61},"discountEach":{"amount":0},"pvEach":113}}]},"currency":"EUR"},{"lines":{"items":[{"item":{"href":"https:\/\/hydraqa.unicity.net\/v5a-test\/items\/10df0fc3509b53cbeaeb9476ca92d520","id":{"unicity":"29833"},"weightEach":{"value":0},"servingsPerContainer":0,"servingSize":0},"quantity":1,"terms":{"priceEach":90.56,"taxEach":{"amount":8.15},"discountEach":{"amount":0},"pvEach":69}}]},"currency":"EUR"},{"lines":{"items":[{"item":{"href":"https:\/\/hydraqa.unicity.net\/v5a-test\/items\/332daeac6796ed016ea8b7d0bc42c2d4","id":{"unicity":"24274"},"weightEach":{"value":0},"servingsPerContainer":0,"servingSize":0},"quantity":1,"terms":{"priceEach":7.48,"taxEach":{"amount":1.57},"discountEach":{"amount":0},"pvEach":0}}]},"currency":"EUR"},{"lines":{"items":[{"item":{"href":"https:\/\/hydraqa.unicity.net\/v5a-test\/items\/1945faa1776541d53120ecfe3c1d8a2b","id":{"unicity":"24418"},"weightEach":{"value":0},"servingsPerContainer":0,"servingSize":0},"quantity":1,"terms":{"priceEach":4.96,"taxEach":{"amount":1.04},"discountEach":{"amount":0},"pvEach":0}}]},"currency":"EUR"},{"lines":{"items":[{"item":{"href":"https:\/\/hydraqa.unicity.net\/v5a-test\/items\/10da226fab00279b4f89df10af2a10b7","id":{"unicity":"26442"},"weightEach":{"value":0},"servingsPerContainer":0,"servingSize":0},"quantity":1,"terms":{"priceEach":5.8,"taxEach":{"amount":1.22},"discountEach":{"amount":0},"pvEach":0}}]},"currency":"EUR"},{"lines":{"items":[{"item":{"href":"https:\/\/hydraqa.unicity.net\/v5a-test\/items\/5147f8cfe32548e02fc158d4da9c4d6f","id":{"unicity":"27150"},"weightEach":{"value":0},"servingsPerContainer":0,"servingSize":0},"quantity":1,"terms":{"priceEach":93.36,"taxEach":{"amount":8.4},"discountEach":{"amount":0},"pvEach":70}}]},"currency":"EUR"},{"lines":{"items":[{"item":{"href":"https:\/\/hydraqa.unicity.net\/v5a-test\/items\/03eba2365025ccd85818846a83a16f47","id":{"unicity":"27163"},"weightEach":{"value":0},"servingsPerContainer":0,"servingSize":0},"quantity":1,"terms":{"priceEach":74.67,"taxEach":{"amount":6.72},"discountEach":{"amount":0},"pvEach":54}}]},"currency":"EUR"},{"lines":{"items":[{"item":{"href":"https:\/\/hydraqa.unicity.net\/v5a-test\/items\/7d4ad2792f7056e5f81eb24f118ef737","id":{"unicity":"27575"},"weightEach":{"value":0},"servingsPerContainer":0,"servingSize":0},"quantity":1,"terms":{"priceEach":55.98,"taxEach":{"amount":5.04},"discountEach":{"amount":0},"pvEach":34}}]},"currency":"EUR"},{"lines":{"items":[{"item":{"href":"https:\/\/hydraqa.unicity.net\/v5a-test\/items\/0eebdede5bdb8bf4d71e800b6f3cead1","id":{"unicity":"30825"},"weightEach":{"value":0},"servingsPerContainer":0,"servingSize":0},"quantity":1,"terms":{"priceEach":37.29,"taxEach":{"amount":3.36},"discountEach":{"amount":0},"pvEach":23}}]},"currency":"EUR"},{"lines":{"items":[{"item":{"href":"https:\/\/hydraqa.unicity.net\/v5a-test\/items\/024e696f8b44a1d315006e676604cd31","id":{"unicity":"27395"},"weightEach":{"value":0},"servingsPerContainer":0,"servingSize":0},"quantity":1,"terms":{"priceEach":29.81,"taxEach":{"amount":2.68},"discountEach":{"amount":0},"pvEach":18}}]},"currency":"EUR"},{"lines":{"items":[{"item":{"href":"https:\/\/hydraqa.unicity.net\/v5a-test\/items\/4b2034f47fce90b87bba28c5c2d7c25d","id":{"unicity":"15880"},"weightEach":{"value":0},"servingsPerContainer":0,"servingSize":0},"quantity":1,"terms":{"priceEach":51.31,"taxEach":{"amount":4.62},"discountEach":{"amount":0},"pvEach":33}}]},"currency":"EUR"},{"lines":{"items":[{"item":{"href":"https:\/\/hydraqa.unicity.net\/v5a-test\/items\/398d06b858b960f6f38086d40608aef2","id":{"unicity":"26560"},"weightEach":{"value":0},"servingsPerContainer":0,"servingSize":0},"quantity":1,"terms":{"priceEach":20.47,"taxEach":{"amount":1.84},"discountEach":{"amount":0},"pvEach":13}}]},"currency":"EUR"},{"lines":{"items":[{"item":{"href":"https:\/\/hydraqa.unicity.net\/v5a-test\/items\/e218d1cac5f31e7ae4f5876c29c57377","id":{"unicity":"29017"},"weightEach":{"value":0},"servingsPerContainer":0,"servingSize":0},"quantity":1,"terms":{"priceEach":37.29,"taxEach":{"amount":3.36},"discountEach":{"amount":0},"pvEach":23}}]},"currency":"EUR"},{"lines":{"items":[{"item":{"href":"https:\/\/hydraqa.unicity.net\/v5a-test\/items\/3f2d12d7a0e8551fc99fad3bbe1ba633","id":{"unicity":"26567"},"weightEach":{"value":0},"servingsPerContainer":0,"servingSize":0},"quantity":1,"terms":{"priceEach":55.98,"taxEach":{"amount":5.04},"discountEach":{"amount":0},"pvEach":26}}]},"currency":"EUR"},{"lines":{"items":[{"item":{"href":"https:\/\/hydraqa.unicity.net\/v5a-test\/items\/191637167cb3144bd2e8c4615e9ab67e","id":{"unicity":"26568"},"weightEach":{"value":0},"servingsPerContainer":0,"servingSize":0},"quantity":1,"terms":{"priceEach":55.98,"taxEach":{"amount":5.04},"discountEach":{"amount":0},"pvEach":26}}]},"currency":"EUR"},{"lines":{"items":[{"item":{"href":"https:\/\/hydraqa.unicity.net\/v5a-test\/items\/64ec7ad932acafab052a4e8800ad1238","id":{"unicity":"24758"},"weightEach":{"value":0},"servingsPerContainer":0,"servingSize":0},"quantity":1,"terms":{"priceEach":37.29,"taxEach":{"amount":3.36},"discountEach":{"amount":0},"pvEach":23}}]},"currency":"EUR"},{"lines":{"items":[{"item":{"href":"https:\/\/hydraqa.unicity.net\/v5a-test\/items\/606f7be753c74dfbfe4b107276775140","id":{"unicity":"29821"},"weightEach":{"value":0},"servingsPerContainer":0,"servingSize":0},"quantity":1,"terms":{"priceEach":79.35,"taxEach":{"amount":7.14},"discountEach":{"amount":0},"pvEach":59}}]},"currency":"EUR"},{"lines":{"items":[{"item":{"href":"https:\/\/hydraqa.unicity.net\/v5a-test\/items\/94939f9be900906d2b47260ccba22a7b","id":{"unicity":"32012"},"weightEach":{"value":0},"servingsPerContainer":0,"servingSize":0},"quantity":1,"terms":{"priceEach":13.93,"taxEach":{"amount":1.25},"discountEach":{"amount":0},"pvEach":6}}]},"currency":"EUR"},{"lines":{"items":[{"item":{"href":"https:\/\/hydraqa.unicity.net\/v5a-test\/items\/2c4c1abe00983e85aaa918d2ce341491","id":{"unicity":"17174"},"weightEach":{"value":0},"servingsPerContainer":0,"servingSize":0},"quantity":1,"terms":{"priceEach":37.29,"taxEach":{"amount":3.36},"discountEach":{"amount":0},"pvEach":23}}]},"currency":"EUR"},{"lines":{"items":[{"item":{"href":"https:\/\/hydraqa.unicity.net\/v5a-test\/items\/991cdbb84a495779eb209fb3956a77e4","id":{"unicity":"29183"},"weightEach":{"value":0},"servingsPerContainer":0,"servingSize":0},"quantity":1,"terms":{"priceEach":31.01,"taxEach":{"amount":6.51},"discountEach":{"amount":0},"pvEach":18}}]},"currency":"EUR"},{"lines":{"items":[{"item":{"href":"https:\/\/hydraqa.unicity.net\/v5a-test\/items\/0e78fbdfebef11cd62f8d2120064ee58","id":{"unicity":"30280"},"weightEach":{"value":0},"servingsPerContainer":0,"servingSize":0},"quantity":1,"terms":{"priceEach":33.53,"taxEach":{"amount":7.04},"discountEach":{"amount":0},"pvEach":20}}]},"currency":"EUR"},{"lines":{"items":[{"item":{"href":"https:\/\/hydraqa.unicity.net\/v5a-test\/items\/beb900429fbb160dbfc3001c14d96df4","id":{"unicity":"29187"},"weightEach":{"value":0},"servingsPerContainer":0,"servingSize":0},"quantity":1,"terms":{"priceEach":37.73,"taxEach":{"amount":7.92},"discountEach":{"amount":0},"pvEach":24}}]},"currency":"EUR"},{"lines":{"items":[{"item":{"href":"https:\/\/hydraqa.unicity.net\/v5a-test\/items\/1b0412bea8c0b841c66f65a36aa14108","id":{"unicity":"29191"},"weightEach":{"value":0},"servingsPerContainer":0,"servingSize":0},"quantity":1,"terms":{"priceEach":37.73,"taxEach":{"amount":7.92},"discountEach":{"amount":0},"pvEach":24}}]},"currency":"EUR"},{"lines":{"items":[{"item":{"href":"https:\/\/hydraqa.unicity.net\/v5a-test\/items\/52c87f74d3b41ed49b0f897b66c2a99b","id":{"unicity":"30684"},"weightEach":{"value":0},"servingsPerContainer":0,"servingSize":0},"quantity":1,"terms":{"priceEach":37.29,"taxEach":{"amount":3.36},"discountEach":{"amount":0},"pvEach":23}}]},"currency":"EUR"},{"lines":{"items":[{"item":{"href":"https:\/\/hydraqa.unicity.net\/v5a-test\/items\/90f38f77c9e6ea5a71aa7377df83760b","id":{"unicity":"30198"},"weightEach":{"value":0},"servingsPerContainer":0,"servingSize":0},"quantity":1,"terms":{"priceEach":19,"taxEach":{"amount":1.71},"discountEach":{"amount":0},"pvEach":16}}]},"currency":"EUR"},{"lines":{"items":[{"item":{"href":"https:\/\/hydraqa.unicity.net\/v5a-test\/items\/ab2a2b07b17718843a66bee04ff40624","id":{"unicity":"31402"},"weightEach":{"value":0},"servingsPerContainer":0,"servingSize":0},"quantity":1,"terms":{"priceEach":98.9,"taxEach":{"amount":8.9},"discountEach":{"amount":0},"pvEach":70}}]},"currency":"EUR"},{"lines":{"items":[{"item":{"href":"https:\/\/hydraqa.unicity.net\/v5a-test\/items\/7e5e7df32701fd44947c8146f2129f7a","id":{"unicity":"31672"},"weightEach":{"value":0},"servingsPerContainer":0,"servingSize":0},"quantity":1,"terms":{"priceEach":74.67,"taxEach":{"amount":6.72},"discountEach":{"amount":0},"pvEach":54}}]},"currency":"EUR"},{"lines":{"items":[{"item":{"href":"https:\/\/hydraqa.unicity.net\/v5a-test\/items\/493c2ba720f847422eccc5da35024f33","id":{"unicity":"31534"},"weightEach":{"value":0},"servingsPerContainer":0,"servingSize":0},"quantity":1,"terms":{"priceEach":26.07,"taxEach":{"amount":2.35},"discountEach":{"amount":0},"pvEach":16}}]},"currency":"EUR"},{"lines":{"items":[{"item":{"href":"https:\/\/hydraqa.unicity.net\/v5a-test\/items\/bfddb53fe0d5ed5432c531dc9850cbe4","id":{"unicity":"29449"},"weightEach":{"value":0},"servingsPerContainer":0,"servingSize":0},"quantity":1,"terms":{"priceEach":26.07,"taxEach":{"amount":2.35},"discountEach":{"amount":0},"pvEach":16}}]},"currency":"EUR"},{"lines":{"items":[{"item":{"href":"https:\/\/hydraqa.unicity.net\/v5a-test\/items\/75b870fdff12be635674216fe88d3204","id":{"unicity":"29984"},"weightEach":{"value":0},"servingsPerContainer":0,"servingSize":0},"quantity":1,"terms":{"priceEach":37.73,"taxEach":{"amount":7.92},"discountEach":{"amount":0},"pvEach":24}}]},"currency":"EUR"},{"lines":{"items":[{"item":{"href":"https:\/\/hydraqa.unicity.net\/v5a-test\/items\/fbb6dbd577adb73abaec364076fb288f","id":{"unicity":"32087"},"weightEach":{"value":0},"servingsPerContainer":0,"servingSize":0},"quantity":1,"terms":{"priceEach":20.47,"taxEach":{"amount":1.84},"discountEach":{"amount":0},"pvEach":9}}]},"currency":"EUR"},{"lines":{"items":[{"item":{"href":"https:\/\/hydraqa.unicity.net\/v5a-test\/items\/35dcc0035e442bbe6482f178ec38522c","id":{"unicity":"31868"},"weightEach":{"value":0},"servingsPerContainer":0,"servingSize":0},"quantity":1,"terms":{"priceEach":20.47,"taxEach":{"amount":1.84},"discountEach":{"amount":0},"pvEach":9}}]},"currency":"EUR"},{"lines":{"items":[{"item":{"href":"https:\/\/hydraqa.unicity.net\/v5a-test\/items\/baa263a2750aa330fbd9e5b96fdb2b55","id":{"unicity":"32609"},"weightEach":{"value":0},"servingsPerContainer":0,"servingSize":0},"quantity":1,"terms":{"priceEach":55.98,"taxEach":{"amount":0},"discountEach":{"amount":0},"pvEach":34}}]},"currency":"EUR"},{"lines":{"items":[{"item":{"href":"https:\/\/hydraqa.unicity.net\/v5a-test\/items\/592aef9ec417f4553dc0b62a91a1f5e0","id":{"unicity":"32330"},"weightEach":{"value":0},"servingsPerContainer":0,"servingSize":0},"quantity":1,"terms":{"priceEach":93.36,"taxEach":{"amount":8.4},"discountEach":{"amount":0},"pvEach":55}}]},"currency":"EUR"},{"lines":{"items":[{"item":{"href":"https:\/\/hydraqa.unicity.net\/v5a-test\/items\/1f59b10f0bef99fa20e4b9b0b4efea88","id":{"unicity":"32333"},"weightEach":{"value":0},"servingsPerContainer":0,"servingSize":0},"quantity":1,"terms":{"priceEach":9.16,"taxEach":{"amount":1.92},"discountEach":{"amount":0},"pvEach":0}}]},"currency":"EUR"}]}
Entry request : {"order":{"customer":{"href":"https://hydraqa.unicity.net/v5a-test/customers?type=Associate"},"shipToAddress":{"country":"HU"}},"vary":{"lines":{"items":[{"item":{"href":"https://hydraqa.unicity.net/v5a-test/items?id.unicity=27160|27166|28601|28604|31763|31951|31952|32128|32129|32130|32132|32133|32134|32135|32136|32137|32138|32125|32699|33092|33094|33093|18511|19941|26422|27156|27158|27617|27660|27587|31772|31777|31780|31781|31782|31779|31932|31778|32553|32556|29317|32126|32127|29833|32755|32756|32967|32968|32965|32966|33097|33095|33098|33096|24274|24418|26442|27150|27163|27575|30825|27395|15880|26560|29017|26567|26568|24758|29821|32012|17174|29183|30280|29187|29191|30684|30198|29522|31402|31672|31534|29449|29984|32087|31868|32609|32330|32693|32333"}}]}}}
Request URL: https://hydraqa.unicity.net/v5a-test/customers.js?callback=angular.callbacks._1&expand=customer,profilePicture&id.unicity=2
Request URL: https://hydraqa.unicity.net/v5a-test/customers.js?_httpMethod=HEAD&callback=angular.callbacks._7&email=ABGUBH@gmail.com
Request URL: https://hydraqa.unicity.net/v5a-test/shippingmethods.js?callback=angular.callbacks._a&destination=HU&market=HU
]]></system-out>
    <system-err><![CDATA[Starting ChromeDriver 2.36.540470 (e522d04694c7ebea4ba8821272dbef4f9b818c91) on port 25554
Only local connections are allowed.
Jun 30, 2020 10:50:56 AM org.openqa.selenium.remote.ProtocolHandshake createSession
INFO: Detected dialect: OSS
]]></system-err>
  </testcase>
  <testcase name="Enroll" classname="Tests.FranchisePartner" time="107.128"/>
  <testcase name="Enroll" classname="Tests.FranchisePartner" time="286.729">
    <failure message="Critical A-Z section not displaying" type="java.lang.AssertionError">java.lang.AssertionError: Critical A-Z section not displaying
	at Tests.FranchisePartner.Enroll(FranchisePartner.java:249)
</failure>
    <system-out><![CDATA[Request URL: https://hydraqa.unicity.net/v5a-test/quotes?&expand=item
Entry Quotes response : {"items":[{"lines":{"items":[{"item":{"href":"https:\/\/hydraqa.unicity.net\/v5a-test\/items\/ab2a2b07b17718843a66bee04ff40624","id":{"unicity":"31402"},"weightEach":{"value":0},"servingsPerContainer":0,"servingSize":0},"quantity":1,"terms":{"priceEach":100,"taxEach":{"amount":9.09},"discountEach":{"amount":0},"pvEach":70},"quantityLimit":{"quantityQuota":-1,"timeFrameDays":-1,"quantityOrdered":0}}]},"currency":"EUR"}]}
Entry request : {"order":{"customer":{"href":"https://hydraqa.unicity.net/v5a-test/customers?type=Associate"},"shipToAddress":{"country":"IT"}},"vary":{"lines":{"items":[{"item":{"href":"https://hydraqa.unicity.net/v5a-test/items?id.unicity=25738|31763|31951|31952|32128|32129|32130|32132|32133|32134|32135|32136|32137|32138|32125|32699|33092|33094|33093|18511|26422|27156|27660|28601|28604|27395|26560|26567|26568|24758|27610|31772|31777|31780|31781|31782|31779|31932|31778|32553|32556|29317|19941|27158|27575|27587|30825|15880|29017|29821|17174|29183|30280|29187|29191|30684|30198|31402|31672|31534|31868|32126|32127|29833|32755|32756|32967|32968|32965|32966|33097|33095|33098|33096|20750|24274|24418|26442|27150|27163|27166|27436|32012|29984|32087|32609|32333|32330|32693"}}]}}}
]]></system-out>
    <system-err><![CDATA[Starting ChromeDriver 2.36.540470 (e522d04694c7ebea4ba8821272dbef4f9b818c91) on port 29288
Only local connections are allowed.
Jun 30, 2020 10:58:12 AM org.openqa.selenium.remote.ProtocolHandshake createSession
INFO: Detected dialect: OSS
]]></system-err>
  </testcase>
  <testcase name="Enroll" classname="Tests.FranchisePartner" time="286.75">
    <failure message="Critical A-Z section not displaying" type="java.lang.AssertionError">java.lang.AssertionError: Critical A-Z section not displaying
	at Tests.FranchisePartner.Enroll(FranchisePartner.java:249)
</failure>
    <system-out><![CDATA[Request URL: https://hydraqa.unicity.net/v5a-test/quotes?&expand=item
Entry Quotes response : {"items":[{"lines":{"items":[{"item":{"href":"https:\/\/hydraqa.unicity.net\/v5a-test\/items\/ab2a2b07b17718843a66bee04ff40624","id":{"unicity":"31402"},"weightEach":{"value":0},"servingsPerContainer":0,"servingSize":0},"quantity":1,"terms":{"priceEach":100,"taxEach":{"amount":9.09},"discountEach":{"amount":0},"pvEach":70},"quantityLimit":{"quantityQuota":-1,"timeFrameDays":-1,"quantityOrdered":0}}]},"currency":"EUR"}]}
Entry request : {"order":{"customer":{"href":"https://hydraqa.unicity.net/v5a-test/customers?type=Associate"},"shipToAddress":{"country":"IT"}},"vary":{"lines":{"items":[{"item":{"href":"https://hydraqa.unicity.net/v5a-test/items?id.unicity=25738|31763|31951|31952|32128|32129|32130|32132|32133|32134|32135|32136|32137|32138|32125|32699|33092|33094|33093|18511|26422|27156|27660|28601|28604|27395|26560|26567|26568|24758|27610|31772|31777|31780|31781|31782|31779|31932|31778|32553|32556|29317|19941|27158|27575|27587|30825|15880|29017|29821|17174|29183|30280|29187|29191|30684|30198|31402|31672|31534|31868|32126|32127|29833|32755|32756|32967|32968|32965|32966|33097|33095|33098|33096|20750|24274|24418|26442|27150|27163|27166|27436|32012|29984|32087|32609|32333|32330|32693"}}]}}}
]]></system-out>
    <system-err><![CDATA[Starting ChromeDriver 2.36.540470 (e522d04694c7ebea4ba8821272dbef4f9b818c91) on port 2999
Only local connections are allowed.
Jun 30, 2020 11:03:05 AM org.openqa.selenium.remote.ProtocolHandshake createSession
INFO: Detected dialect: OSS
]]></system-err>
  </testcase>
  <testcase name="Enroll" classname="Tests.FranchisePartner" time="162.7">
    <failure message="Major Total Price is Wrong expected [195.48] but found [218.05]" type="java.lang.AssertionError">java.lang.AssertionError: Major Total Price is Wrong expected [195.48] but found [218.05]
	at Tests.FranchisePartner.Enroll(FranchisePartner.java:253)
</failure>
    <system-out><![CDATA[Request URL: https://hydraqa.unicity.net/v5a-test/quotes?&expand=item
Entry Quotes response : {"items":[{"lines":{"items":[{"item":{"href":"https:\/\/hydraqa.unicity.net\/v5a-test\/items\/50e73ecfa509ac20c4a250f9cb32fdfc","id":{"unicity":"27156"},"weightEach":{"value":0},"servingsPerContainer":0,"servingSize":0},"quantity":1,"terms":{"priceEach":20.47,"taxEach":{"amount":1.84},"discountEach":{"amount":0},"pvEach":13},"quantityLimit":{"quantityQuota":-1,"timeFrameDays":-1,"quantityOrdered":0}}]},"currency":"EUR"},{"lines":{"items":[{"item":{"href":"https:\/\/hydraqa.unicity.net\/v5a-test\/items\/31cb0679f65df8fa9a4fc3d7e38b72b3","id":{"unicity":"31763"},"weightEach":{"value":0},"servingsPerContainer":0,"servingSize":0},"quantity":1,"terms":{"priceEach":243.3,"taxEach":{"amount":21.9},"discountEach":{"amount":0},"pvEach":181},"quantityLimit":{"quantityQuota":-1,"timeFrameDays":-1,"quantityOrdered":0}}]},"currency":"EUR"},{"lines":{"items":[{"item":{"href":"https:\/\/hydraqa.unicity.net\/v5a-test\/items\/e9991b48ac639367d526d2b9b22fac8c","id":{"unicity":"32128"},"weightEach":{"value":0},"servingsPerContainer":0,"servingSize":0},"quantity":1,"terms":{"priceEach":371.87,"taxEach":{"amount":33.47},"discountEach":{"amount":0},"pvEach":253},"quantityLimit":{"quantityQuota":-1,"timeFrameDays":-1,"quantityOrdered":0}}]},"currency":"EUR"},{"lines":{"items":[{"item":{"href":"https:\/\/hydraqa.unicity.net\/v5a-test\/items\/40b3312de189221d96d838d33a8ec49d","id":{"unicity":"32129"},"weightEach":{"value":0},"servingsPerContainer":0,"servingSize":0},"quantity":1,"terms":{"priceEach":371.87,"taxEach":{"amount":33.47},"discountEach":{"amount":0},"pvEach":254},"quantityLimit":{"quantityQuota":-1,"timeFrameDays":-1,"quantityOrdered":0}}]},"currency":"EUR"},{"lines":{"items":[{"item":{"href":"https:\/\/hydraqa.unicity.net\/v5a-test\/items\/6bd168a66ce41003a8f30917deff5808","id":{"unicity":"32130"},"weightEach":{"value":0},"servingsPerContainer":0,"servingSize":0},"quantity":1,"terms":{"priceEach":363.46,"taxEach":{"amount":32.71},"discountEach":{"amount":0},"pvEach":252},"quantityLimit":{"quantityQuota":-1,"timeFrameDays":-1,"quantityOrdered":0}}]},"currency":"EUR"},{"lines":{"items":[{"item":{"href":"https:\/\/hydraqa.unicity.net\/v5a-test\/items\/806f99b793edd7cd0b1c158ba0eb3142","id":{"unicity":"32132"},"weightEach":{"value":0},"servingsPerContainer":0,"servingSize":0},"quantity":1,"terms":{"priceEach":355.98,"taxEach":{"amount":32.04},"discountEach":{"amount":0},"pvEach":253},"quantityLimit":{"quantityQuota":-1,"timeFrameDays":-1,"quantityOrdered":0}}]},"currency":"EUR"},{"lines":{"items":[{"item":{"href":"https:\/\/hydraqa.unicity.net\/v5a-test\/items\/e3d382d99fde8659cb146b54116e7654","id":{"unicity":"32133"},"weightEach":{"value":0},"servingsPerContainer":0,"servingSize":0},"quantity":1,"terms":{"priceEach":364.39,"taxEach":{"amount":32.8},"discountEach":{"amount":0},"pvEach":252},"quantityLimit":{"quantityQuota":-1,"timeFrameDays":-1,"quantityOrdered":0}}]},"currency":"EUR"},{"lines":{"items":[{"item":{"href":"https:\/\/hydraqa.unicity.net\/v5a-test\/items\/022f109fe6e5eae3e521295a5cb94c60","id":{"unicity":"32134"},"weightEach":{"value":0},"servingsPerContainer":0,"servingSize":0},"quantity":1,"terms":{"priceEach":144.77,"taxEach":{"amount":13.03},"discountEach":{"amount":0},"pvEach":101},"quantityLimit":{"quantityQuota":-1,"timeFrameDays":-1,"quantityOrdered":0}}]},"currency":"EUR"},{"lines":{"items":[{"item":{"href":"https:\/\/hydraqa.unicity.net\/v5a-test\/items\/ded00960d5e948dd8e511a9c752e1ff9","id":{"unicity":"32135"},"weightEach":{"value":0},"servingsPerContainer":0,"servingSize":0},"quantity":1,"terms":{"priceEach":154.11,"taxEach":{"amount":13.87},"discountEach":{"amount":0},"pvEach":113},"quantityLimit":{"quantityQuota":-1,"timeFrameDays":-1,"quantityOrdered":0}}]},"currency":"EUR"},{"lines":{"items":[{"item":{"href":"https:\/\/hydraqa.unicity.net\/v5a-test\/items\/d8736cc35cf9f4734fd76da71c53dc05","id":{"unicity":"32136"},"weightEach":{"value":0},"servingsPerContainer":0,"servingSize":0},"quantity":1,"terms":{"priceEach":141.96,"taxEach":{"amount":12.78},"discountEach":{"amount":0},"pvEach":102},"quantityLimit":{"quantityQuota":-1,"timeFrameDays":-1,"quantityOrdered":0}}]},"currency":"EUR"},{"lines":{"items":[{"item":{"href":"https:\/\/hydraqa.unicity.net\/v5a-test\/items\/166a69d45c4ae40278554e24d5f40443","id":{"unicity":"32137"},"weightEach":{"value":0},"servingsPerContainer":0,"servingSize":0},"quantity":1,"terms":{"priceEach":168.13,"taxEach":{"amount":15.13},"discountEach":{"amount":0},"pvEach":118},"quantityLimit":{"quantityQuota":-1,"timeFrameDays":-1,"quantityOrdered":0}}]},"currency":"EUR"},{"lines":{"items":[{"item":{"href":"https:\/\/hydraqa.unicity.net\/v5a-test\/items\/d04a0b8762b20202b6273114fb7302d1","id":{"unicity":"32138"},"weightEach":{"value":0},"servingsPerContainer":0,"servingSize":0},"quantity":1,"terms":{"priceEach":224.21,"taxEach":{"amount":20.18},"discountEach":{"amount":0},"pvEach":152},"quantityLimit":{"quantityQuota":-1,"timeFrameDays":-1,"quantityOrdered":0}}]},"currency":"EUR"},{"lines":{"items":[{"item":{"href":"https:\/\/hydraqa.unicity.net\/v5a-test\/items\/e13d0b5c40704ad5dd186959367c97f1","id":{"unicity":"32125"},"weightEach":{"value":0},"servingsPerContainer":0,"servingSize":0},"quantity":1,"terms":{"priceEach":373.74,"taxEach":{"amount":33.64},"discountEach":{"amount":0},"pvEach":250},"quantityLimit":{"quantityQuota":-1,"timeFrameDays":-1,"quantityOrdered":0}}]},"currency":"EUR"},{"lines":{"items":[{"item":{"href":"https:\/\/hydraqa.unicity.net\/v5a-test\/items\/c451532f63a06f0e9a054e946a1a1c3b","id":{"unicity":"18511"},"weightEach":{"value":0},"servingsPerContainer":0,"servingSize":0},"quantity":1,"terms":{"priceEach":37.29,"taxEach":{"amount":3.36},"discountEach":{"amount":0},"pvEach":23},"quantityLimit":{"quantityQuota":-1,"timeFrameDays":-1,"quantityOrdered":0}}]},"currency":"EUR"},{"lines":{"items":[{"item":{"href":"https:\/\/hydraqa.unicity.net\/v5a-test\/items\/9752a919e28f96747163918165b46f23","id":{"unicity":"19941"},"weightEach":{"value":558},"servingsPerContainer":15,"servingSize":0},"quantity":1,"terms":{"priceEach":32.62,"taxEach":{"amount":2.94},"discountEach":{"amount":0},"pvEach":20},"quantityLimit":{"quantityQuota":-1,"timeFrameDays":-1,"quantityOrdered":0}}]},"currency":"EUR"},{"lines":{"items":[{"item":{"href":"https:\/\/hydraqa.unicity.net\/v5a-test\/items\/4e49c95f12ae7be78e5ffab68b8b3ca6","id":{"unicity":"26422"},"weightEach":{"value":0},"servingsPerContainer":0,"servingSize":0},"quantity":1,"terms":{"priceEach":19,"taxEach":{"amount":1.71},"discountEach":{"amount":0},"pvEach":0},"quantityLimit":{"quantityQuota":-1,"timeFrameDays":-1,"quantityOrdered":0}}]},"currency":"EUR"},{"lines":{"items":[{"item":{"href":"https:\/\/hydraqa.unicity.net\/v5a-test\/items\/d92292ba2f23c030e4a1f63eb3ebe1ce","id":{"unicity":"27158"},"weightEach":{"value":0},"servingsPerContainer":0,"servingSize":0},"quantity":1,"terms":{"priceEach":27.94,"taxEach":{"amount":2.51},"discountEach":{"amount":0},"pvEach":23},"quantityLimit":{"quantityQuota":-1,"timeFrameDays":-1,"quantityOrdered":0}}]},"currency":"EUR"},{"lines":{"items":[{"item":{"href":"https:\/\/hydraqa.unicity.net\/v5a-test\/items\/0d3b8d4f7c4d4082db1b4ecffb6693fb","id":{"unicity":"27160"},"weightEach":{"value":0},"servingsPerContainer":0,"servingSize":0},"quantity":1,"terms":{"priceEach":74.67,"taxEach":{"amount":6.72},"discountEach":{"amount":0},"pvEach":53},"quantityLimit":{"quantityQuota":-1,"timeFrameDays":-1,"quantityOrdered":0}}]},"currency":"EUR"},{"lines":{"items":[{"item":{"href":"https:\/\/hydraqa.unicity.net\/v5a-test\/items\/ac37bf51ff7e4fe860da8457f6ce0425","id":{"unicity":"27166"},"weightEach":{"value":0},"servingsPerContainer":0,"servingSize":0},"quantity":1,"terms":{"priceEach":74.67,"taxEach":{"amount":6.72},"discountEach":{"amount":0},"pvEach":54},"quantityLimit":{"quantityQuota":-1,"timeFrameDays":-1,"quantityOrdered":0}}]},"currency":"EUR"},{"lines":{"items":[{"item":{"href":"https:\/\/hydraqa.unicity.net\/v5a-test\/items\/a7bda1cb4a35343e52791aba56debc4a","id":{"unicity":"27617"},"weightEach":{"value":0},"servingsPerContainer":0,"servingSize":0},"quantity":1,"terms":{"priceEach":29.81,"taxEach":{"amount":2.68},"discountEach":{"amount":0},"pvEach":18},"quantityLimit":{"quantityQuota":-1,"timeFrameDays":-1,"quantityOrdered":0}}]},"currency":"EUR"},{"lines":{"items":[{"item":{"href":"https:\/\/hydraqa.unicity.net\/v5a-test\/items\/a36d9fdd0fd7561e6180fb5b2ff27164","id":{"unicity":"27660"},"weightEach":{"value":0},"servingsPerContainer":0,"servingSize":0},"quantity":1,"terms":{"priceEach":31.68,"taxEach":{"amount":2.85},"discountEach":{"amount":0},"pvEach":18},"quantityLimit":{"quantityQuota":-1,"timeFrameDays":-1,"quantityOrdered":0}}]},"currency":"EUR"},{"lines":{"items":[{"item":{"href":"https:\/\/hydraqa.unicity.net\/v5a-test\/items\/112b8c39286598b3730f630f371a45f4","id":{"unicity":"27587"},"weightEach":{"value":0},"servingsPerContainer":0,"servingSize":0},"quantity":1,"terms":{"priceEach":55.98,"taxEach":{"amount":5.04},"discountEach":{"amount":0},"pvEach":34},"quantityLimit":{"quantityQuota":-1,"timeFrameDays":-1,"quantityOrdered":0}}]},"currency":"EUR"},{"lines":{"items":[{"item":{"href":"https:\/\/hydraqa.unicity.net\/v5a-test\/items\/0c0717a26fcfe40310e906487e8a12f7","id":{"unicity":"28601"},"weightEach":{"value":0},"servingsPerContainer":0,"servingSize":0},"quantity":1,"terms":{"priceEach":74.67,"taxEach":{"amount":6.72},"discountEach":{"amount":0},"pvEach":54},"quantityLimit":{"quantityQuota":-1,"timeFrameDays":-1,"quantityOrdered":0}}]},"currency":"EUR"},{"lines":{"items":[{"item":{"href":"https:\/\/hydraqa.unicity.net\/v5a-test\/items\/4790a55c442b5dc75a13b155e78c1842","id":{"unicity":"28604"},"weightEach":{"value":0},"servingsPerContainer":0,"servingSize":0},"quantity":1,"terms":{"priceEach":74.67,"taxEach":{"amount":6.72},"discountEach":{"amount":0},"pvEach":54},"quantityLimit":{"quantityQuota":-1,"timeFrameDays":-1,"quantityOrdered":0}}]},"currency":"EUR"},{"lines":{"items":[{"item":{"href":"https:\/\/hydraqa.unicity.net\/v5a-test\/items\/024e696f8b44a1d315006e676604cd31","id":{"unicity":"27395"},"weightEach":{"value":0},"servingsPerContainer":0,"servingSize":0},"quantity":1,"terms":{"priceEach":29.81,"taxEach":{"amount":2.68},"discountEach":{"amount":0},"pvEach":18},"quantityLimit":{"quantityQuota":-1,"timeFrameDays":-1,"quantityOrdered":0}}]},"currency":"EUR"},{"lines":{"items":[{"item":{"href":"https:\/\/hydraqa.unicity.net\/v5a-test\/items\/4b2034f47fce90b87bba28c5c2d7c25d","id":{"unicity":"15880"},"weightEach":{"value":0},"servingsPerContainer":0,"servingSize":0},"quantity":1,"terms":{"priceEach":51.31,"taxEach":{"amount":4.62},"discountEach":{"amount":0},"pvEach":33},"quantityLimit":{"quantityQuota":-1,"timeFrameDays":-1,"quantityOrdered":0}}]},"currency":"EUR"},{"lines":{"items":[{"item":{"href":"https:\/\/hydraqa.unicity.net\/v5a-test\/items\/398d06b858b960f6f38086d40608aef2","id":{"unicity":"26560"},"weightEach":{"value":0},"servingsPerContainer":0,"servingSize":0},"quantity":1,"terms":{"priceEach":20.47,"taxEach":{"amount":1.84},"discountEach":{"amount":0},"pvEach":13},"quantityLimit":{"quantityQuota":-1,"timeFrameDays":-1,"quantityOrdered":0}}]},"currency":"EUR"},{"lines":{"items":[{"item":{"href":"https:\/\/hydraqa.unicity.net\/v5a-test\/items\/e218d1cac5f31e7ae4f5876c29c57377","id":{"unicity":"29017"},"weightEach":{"value":0},"servingsPerContainer":0,"servingSize":0},"quantity":1,"terms":{"priceEach":37.29,"taxEach":{"amount":3.36},"discountEach":{"amount":0},"pvEach":23},"quantityLimit":{"quantityQuota":-1,"timeFrameDays":-1,"quantityOrdered":0}}]},"currency":"EUR"},{"lines":{"items":[{"item":{"href":"https:\/\/hydraqa.unicity.net\/v5a-test\/items\/3f2d12d7a0e8551fc99fad3bbe1ba633","id":{"unicity":"26567"},"weightEach":{"value":0},"servingsPerContainer":0,"servingSize":0},"quantity":1,"terms":{"priceEach":55.98,"taxEach":{"amount":5.04},"discountEach":{"amount":0},"pvEach":26},"quantityLimit":{"quantityQuota":-1,"timeFrameDays":-1,"quantityOrdered":0}}]},"currency":"EUR"},{"lines":{"items":[{"item":{"href":"https:\/\/hydraqa.unicity.net\/v5a-test\/items\/191637167cb3144bd2e8c4615e9ab67e","id":{"unicity":"26568"},"weightEach":{"value":0},"servingsPerContainer":0,"servingSize":0},"quantity":1,"terms":{"priceEach":55.98,"taxEach":{"amount":5.04},"discountEach":{"amount":0},"pvEach":26},"quantityLimit":{"quantityQuota":-1,"timeFrameDays":-1,"quantityOrdered":0}}]},"currency":"EUR"},{"lines":{"items":[{"item":{"href":"https:\/\/hydraqa.unicity.net\/v5a-test\/items\/64ec7ad932acafab052a4e8800ad1238","id":{"unicity":"24758"},"weightEach":{"value":0},"servingsPerContainer":0,"servingSize":0},"quantity":1,"terms":{"priceEach":37.29,"taxEach":{"amount":3.36},"discountEach":{"amount":0},"pvEach":23},"quantityLimit":{"quantityQuota":-1,"timeFrameDays":-1,"quantityOrdered":0}}]},"currency":"EUR"},{"lines":{"items":[{"item":{"href":"https:\/\/hydraqa.unicity.net\/v5a-test\/items\/2c4c1abe00983e85aaa918d2ce341491","id":{"unicity":"17174"},"weightEach":{"value":0},"servingsPerContainer":0,"servingSize":0},"quantity":1,"terms":{"priceEach":37.29,"taxEach":{"amount":3.36},"discountEach":{"amount":0},"pvEach":23},"quantityLimit":{"quantityQuota":-1,"timeFrameDays":-1,"quantityOrdered":0}}]},"currency":"EUR"},{"lines":{"items":[{"item":{"href":"https:\/\/hydraqa.unicity.net\/v5a-test\/items\/991cdbb84a495779eb209fb3956a77e4","id":{"unicity":"29183"},"weightEach":{"value":0},"servingsPerContainer":0,"servingSize":0},"quantity":1,"terms":{"priceEach":31.01,"taxEach":{"amount":6.51},"discountEach":{"amount":0},"pvEach":18},"quantityLimit":{"quantityQuota":-1,"timeFrameDays":-1,"quantityOrdered":0}}]},"currency":"EUR"},{"lines":{"items":[{"item":{"href":"https:\/\/hydraqa.unicity.net\/v5a-test\/items\/0e78fbdfebef11cd62f8d2120064ee58","id":{"unicity":"30280"},"weightEach":{"value":0},"servingsPerContainer":0,"servingSize":0},"quantity":1,"terms":{"priceEach":33.53,"taxEach":{"amount":7.04},"discountEach":{"amount":0},"pvEach":20},"quantityLimit":{"quantityQuota":-1,"timeFrameDays":-1,"quantityOrdered":0}}]},"currency":"EUR"},{"lines":{"items":[{"item":{"href":"https:\/\/hydraqa.unicity.net\/v5a-test\/items\/beb900429fbb160dbfc3001c14d96df4","id":{"unicity":"29187"},"weightEach":{"value":0},"servingsPerContainer":0,"servingSize":0},"quantity":1,"terms":{"priceEach":37.73,"taxEach":{"amount":7.92},"discountEach":{"amount":0},"pvEach":24},"quantityLimit":{"quantityQuota":-1,"timeFrameDays":-1,"quantityOrdered":0}}]},"currency":"EUR"},{"lines":{"items":[{"item":{"href":"https:\/\/hydraqa.unicity.net\/v5a-test\/items\/1b0412bea8c0b841c66f65a36aa14108","id":{"unicity":"29191"},"weightEach":{"value":0},"servingsPerContainer":0,"servingSize":0},"quantity":1,"terms":{"priceEach":37.73,"taxEach":{"amount":7.92},"discountEach":{"amount":0},"pvEach":24},"quantityLimit":{"quantityQuota":-1,"timeFrameDays":-1,"quantityOrdered":0}}]},"currency":"EUR"},{"lines":{"items":[{"item":{"href":"https:\/\/hydraqa.unicity.net\/v5a-test\/items\/db0a2b02eaabc5ad45fe91ba5c7bcf5a","id":{"unicity":"31772"},"weightEach":{"value":0},"servingsPerContainer":0,"servingSize":0},"quantity":1,"terms":{"priceEach":8.32,"taxEach":{"amount":1.75},"discountEach":{"amount":0},"pvEach":0},"quantityLimit":{"quantityQuota":-1,"timeFrameDays":-1,"quantityOrdered":0}}]},"currency":"EUR"},{"lines":{"items":[{"item":{"href":"https:\/\/hydraqa.unicity.net\/v5a-test\/items\/34c8c6b0f454da738e64265f08c57a72","id":{"unicity":"31777"},"weightEach":{"value":0},"servingsPerContainer":0,"servingSize":0},"quantity":1,"terms":{"priceEach":6.22,"taxEach":{"amount":1.31},"discountEach":{"amount":0},"pvEach":3},"quantityLimit":{"quantityQuota":-1,"timeFrameDays":-1,"quantityOrdered":0}}]},"currency":"EUR"},{"lines":{"items":[{"item":{"href":"https:\/\/hydraqa.unicity.net\/v5a-test\/items\/fc8583e3bf463b599fdcce05234bc137","id":{"unicity":"31780"},"weightEach":{"value":0},"servingsPerContainer":0,"servingSize":0},"quantity":1,"terms":{"priceEach":8.32,"taxEach":{"amount":1.75},"discountEach":{"amount":0},"pvEach":4},"quantityLimit":{"quantityQuota":-1,"timeFrameDays":-1,"quantityOrdered":0}}]},"currency":"EUR"},{"lines":{"items":[{"item":{"href":"https:\/\/hydraqa.unicity.net\/v5a-test\/items\/7e80331c8c25f515174d3f894283a27c","id":{"unicity":"31781"},"weightEach":{"value":0},"servingsPerContainer":0,"servingSize":0},"quantity":1,"terms":{"priceEach":8.32,"taxEach":{"amount":1.75},"discountEach":{"amount":0},"pvEach":4},"quantityLimit":{"quantityQuota":-1,"timeFrameDays":-1,"quantityOrdered":0}}]},"currency":"EUR"},{"lines":{"items":[{"item":{"href":"https:\/\/hydraqa.unicity.net\/v5a-test\/items\/8d3854b47de8e45d6fcdc194dffff601","id":{"unicity":"31782"},"weightEach":{"value":0},"servingsPerContainer":0,"servingSize":0},"quantity":1,"terms":{"priceEach":12.52,"taxEach":{"amount":2.63},"discountEach":{"amount":0},"pvEach":6},"quantityLimit":{"quantityQuota":-1,"timeFrameDays":-1,"quantityOrdered":0}}]},"currency":"EUR"},{"lines":{"items":[{"item":{"href":"https:\/\/hydraqa.unicity.net\/v5a-test\/items\/04516be30bd9bf93e01536e7fc8f8716","id":{"unicity":"31779"},"weightEach":{"value":0},"servingsPerContainer":0,"servingSize":0},"quantity":1,"terms":{"priceEach":10,"taxEach":{"amount":2.1},"discountEach":{"amount":0},"pvEach":5},"quantityLimit":{"quantityQuota":-1,"timeFrameDays":-1,"quantityOrdered":0}}]},"currency":"EUR"},{"lines":{"items":[{"item":{"href":"https:\/\/hydraqa.unicity.net\/v5a-test\/items\/d7e1dd4b19a8672aed99e591356c0d48","id":{"unicity":"31932"},"weightEach":{"value":0},"servingsPerContainer":0,"servingSize":0},"quantity":1,"terms":{"priceEach":6.22,"taxEach":{"amount":1.31},"discountEach":{"amount":0},"pvEach":3},"quantityLimit":{"quantityQuota":-1,"timeFrameDays":-1,"quantityOrdered":0}}]},"currency":"EUR"},{"lines":{"items":[{"item":{"href":"https:\/\/hydraqa.unicity.net\/v5a-test\/items\/1aa00306dc0006d365acd7436548f2e6","id":{"unicity":"31778"},"weightEach":{"value":0},"servingsPerContainer":0,"servingSize":0},"quantity":1,"terms":{"priceEach":12.52,"taxEach":{"amount":2.63},"discountEach":{"amount":0},"pvEach":6},"quantityLimit":{"quantityQuota":-1,"timeFrameDays":-1,"quantityOrdered":0}}]},"currency":"EUR"},{"lines":{"items":[{"item":{"href":"https:\/\/hydraqa.unicity.net\/v5a-test\/items\/881451fd39a6a3113e33935db22da7ae","id":{"unicity":"32553"},"weightEach":{"value":0},"servingsPerContainer":0,"servingSize":0},"quantity":1,"terms":{"priceEach":2.44,"taxEach":{"amount":0.51},"discountEach":{"amount":0},"pvEach":0},"quantityLimit":{"quantityQuota":-1,"timeFrameDays":-1,"quantityOrdered":0}}]},"currency":"EUR"},{"lines":{"items":[{"item":{"href":"https:\/\/hydraqa.unicity.net\/v5a-test\/items\/4fc6de0cb7817f39a836ff08609b8539","id":{"unicity":"32556"},"weightEach":{"value":0},"servingsPerContainer":0,"servingSize":0},"quantity":1,"terms":{"priceEach":2.44,"taxEach":{"amount":0.51},"discountEach":{"amount":0},"pvEach":0},"quantityLimit":{"quantityQuota":-1,"timeFrameDays":-1,"quantityOrdered":0}}]},"currency":"EUR"},{"lines":{"items":[{"item":{"href":"https:\/\/hydraqa.unicity.net\/v5a-test\/items\/2262fdd5af916c31df08089c191735c1","id":{"unicity":"29317"},"weightEach":{"value":0},"servingsPerContainer":0,"servingSize":0},"quantity":1,"terms":{"priceEach":25.21,"taxEach":{"amount":5.29},"discountEach":{"amount":0},"pvEach":0},"quantityLimit":{"quantityQuota":-1,"timeFrameDays":-1,"quantityOrdered":0}}]},"currency":"EUR"},{"lines":{"items":[{"item":{"href":"https:\/\/hydraqa.unicity.net\/v5a-test\/items\/10df0fc3509b53cbeaeb9476ca92d520","id":{"unicity":"29833"},"weightEach":{"value":0},"servingsPerContainer":0,"servingSize":0},"quantity":1,"terms":{"priceEach":90.56,"taxEach":{"amount":8.15},"discountEach":{"amount":0},"pvEach":69},"quantityLimit":{"quantityQuota":-1,"timeFrameDays":-1,"quantityOrdered":0}}]},"currency":"EUR"},{"lines":{"items":[{"item":{"href":"https:\/\/hydraqa.unicity.net\/v5a-test\/items\/217ca02fbd24e21ca5281412756238ab","id":{"unicity":"32126"},"weightEach":{"value":0},"servingsPerContainer":0,"servingSize":0},"quantity":1,"terms":{"priceEach":152.24,"taxEach":{"amount":14.7},"discountEach":{"amount":0},"pvEach":101},"quantityLimit":{"quantityQuota":-1,"timeFrameDays":-1,"quantityOrdered":0}}]},"currency":"EUR"},{"lines":{"items":[{"item":{"href":"https:\/\/hydraqa.unicity.net\/v5a-test\/items\/808008a0657d2033ad471c39bbce9891","id":{"unicity":"32127"},"weightEach":{"value":0},"servingsPerContainer":0,"servingSize":0},"quantity":1,"terms":{"priceEach":162.34,"taxEach":{"amount":15.61},"discountEach":{"amount":0},"pvEach":113},"quantityLimit":{"quantityQuota":-1,"timeFrameDays":-1,"quantityOrdered":0}}]},"currency":"EUR"},{"lines":{"items":[{"item":{"href":"https:\/\/hydraqa.unicity.net\/v5a-test\/items\/332daeac6796ed016ea8b7d0bc42c2d4","id":{"unicity":"24274"},"weightEach":{"value":0},"servingsPerContainer":0,"servingSize":0},"quantity":1,"terms":{"priceEach":7.48,"taxEach":{"amount":1.57},"discountEach":{"amount":0},"pvEach":0},"quantityLimit":{"quantityQuota":-1,"timeFrameDays":-1,"quantityOrdered":0}}]},"currency":"EUR"},{"lines":{"items":[{"item":{"href":"https:\/\/hydraqa.unicity.net\/v5a-test\/items\/1945faa1776541d53120ecfe3c1d8a2b","id":{"unicity":"24418"},"weightEach":{"value":0},"servingsPerContainer":0,"servingSize":0},"quantity":1,"terms":{"priceEach":4.96,"taxEach":{"amount":1.04},"discountEach":{"amount":0},"pvEach":0},"quantityLimit":{"quantityQuota":-1,"timeFrameDays":-1,"quantityOrdered":0}}]},"currency":"EUR"},{"lines":{"items":[{"item":{"href":"https:\/\/hydraqa.unicity.net\/v5a-test\/items\/5147f8cfe32548e02fc158d4da9c4d6f","id":{"unicity":"27150"},"weightEach":{"value":0},"servingsPerContainer":0,"servingSize":0},"quantity":1,"terms":{"priceEach":93.36,"taxEach":{"amount":8.4},"discountEach":{"amount":0},"pvEach":70},"quantityLimit":{"quantityQuota":-1,"timeFrameDays":-1,"quantityOrdered":0}}]},"currency":"EUR"},{"lines":{"items":[{"item":{"href":"https:\/\/hydraqa.unicity.net\/v5a-test\/items\/03eba2365025ccd85818846a83a16f47","id":{"unicity":"27163"},"weightEach":{"value":0},"servingsPerContainer":0,"servingSize":0},"quantity":1,"terms":{"priceEach":74.67,"taxEach":{"amount":6.72},"discountEach":{"amount":0},"pvEach":54},"quantityLimit":{"quantityQuota":-1,"timeFrameDays":-1,"quantityOrdered":0}}]},"currency":"EUR"},{"lines":{"items":[{"item":{"href":"https:\/\/hydraqa.unicity.net\/v5a-test\/items\/7d4ad2792f7056e5f81eb24f118ef737","id":{"unicity":"27575"},"weightEach":{"value":0},"servingsPerContainer":0,"servingSize":0},"quantity":1,"terms":{"priceEach":55.98,"taxEach":{"amount":5.04},"discountEach":{"amount":0},"pvEach":34},"quantityLimit":{"quantityQuota":-1,"timeFrameDays":-1,"quantityOrdered":0}}]},"currency":"EUR"},{"lines":{"items":[{"item":{"href":"https:\/\/hydraqa.unicity.net\/v5a-test\/items\/0eebdede5bdb8bf4d71e800b6f3cead1","id":{"unicity":"30825"},"weightEach":{"value":0},"servingsPerContainer":0,"servingSize":0},"quantity":1,"terms":{"priceEach":37.29,"taxEach":{"amount":3.36},"discountEach":{"amount":0},"pvEach":23},"quantityLimit":{"quantityQuota":-1,"timeFrameDays":-1,"quantityOrdered":0}}]},"currency":"EUR"},{"lines":{"items":[{"item":{"href":"https:\/\/hydraqa.unicity.net\/v5a-test\/items\/606f7be753c74dfbfe4b107276775140","id":{"unicity":"29821"},"weightEach":{"value":0},"servingsPerContainer":0,"servingSize":0},"quantity":1,"terms":{"priceEach":79.35,"taxEach":{"amount":7.14},"discountEach":{"amount":0},"pvEach":59},"quantityLimit":{"quantityQuota":-1,"timeFrameDays":-1,"quantityOrdered":0}}]},"currency":"EUR"},{"lines":{"items":[{"item":{"href":"https:\/\/hydraqa.unicity.net\/v5a-test\/items\/94939f9be900906d2b47260ccba22a7b","id":{"unicity":"32012"},"weightEach":{"value":0},"servingsPerContainer":0,"servingSize":0},"quantity":1,"terms":{"priceEach":13.93,"taxEach":{"amount":1.25},"discountEach":{"amount":0},"pvEach":6},"quantityLimit":{"quantityQuota":-1,"timeFrameDays":-1,"quantityOrdered":0}}]},"currency":"EUR"},{"lines":{"items":[{"item":{"href":"https:\/\/hydraqa.unicity.net\/v5a-test\/items\/52c87f74d3b41ed49b0f897b66c2a99b","id":{"unicity":"30684"},"weightEach":{"value":0},"servingsPerContainer":0,"servingSize":0},"quantity":1,"terms":{"priceEach":37.29,"taxEach":{"amount":3.36},"discountEach":{"amount":0},"pvEach":23},"quantityLimit":{"quantityQuota":-1,"timeFrameDays":-1,"quantityOrdered":0}}]},"currency":"EUR"},{"lines":{"items":[{"item":{"href":"https:\/\/hydraqa.unicity.net\/v5a-test\/items\/90f38f77c9e6ea5a71aa7377df83760b","id":{"unicity":"30198"},"weightEach":{"value":0},"servingsPerContainer":0,"servingSize":0},"quantity":1,"terms":{"priceEach":19,"taxEach":{"amount":1.71},"discountEach":{"amount":0},"pvEach":16},"quantityLimit":{"quantityQuota":-1,"timeFrameDays":-1,"quantityOrdered":0}}]},"currency":"EUR"},{"lines":{"items":[{"item":{"href":"https:\/\/hydraqa.unicity.net\/v5a-test\/items\/ab2a2b07b17718843a66bee04ff40624","id":{"unicity":"31402"},"weightEach":{"value":0},"servingsPerContainer":0,"servingSize":0},"quantity":1,"terms":{"priceEach":98.9,"taxEach":{"amount":8.9},"discountEach":{"amount":0},"pvEach":70},"quantityLimit":{"quantityQuota":-1,"timeFrameDays":-1,"quantityOrdered":0}}]},"currency":"EUR"},{"lines":{"items":[{"item":{"href":"https:\/\/hydraqa.unicity.net\/v5a-test\/items\/7e5e7df32701fd44947c8146f2129f7a","id":{"unicity":"31672"},"weightEach":{"value":0},"servingsPerContainer":0,"servingSize":0},"quantity":1,"terms":{"priceEach":74.67,"taxEach":{"amount":6.72},"discountEach":{"amount":0},"pvEach":54},"quantityLimit":{"quantityQuota":-1,"timeFrameDays":-1,"quantityOrdered":0}}]},"currency":"EUR"},{"lines":{"items":[{"item":{"href":"https:\/\/hydraqa.unicity.net\/v5a-test\/items\/493c2ba720f847422eccc5da35024f33","id":{"unicity":"31534"},"weightEach":{"value":0},"servingsPerContainer":0,"servingSize":0},"quantity":1,"terms":{"priceEach":26.07,"taxEach":{"amount":2.35},"discountEach":{"amount":0},"pvEach":16},"quantityLimit":{"quantityQuota":-1,"timeFrameDays":-1,"quantityOrdered":0}}]},"currency":"EUR"},{"lines":{"items":[{"item":{"href":"https:\/\/hydraqa.unicity.net\/v5a-test\/items\/bfddb53fe0d5ed5432c531dc9850cbe4","id":{"unicity":"29449"},"weightEach":{"value":0},"servingsPerContainer":0,"servingSize":0},"quantity":1,"terms":{"priceEach":26.07,"taxEach":{"amount":2.35},"discountEach":{"amount":0},"pvEach":16},"quantityLimit":{"quantityQuota":-1,"timeFrameDays":-1,"quantityOrdered":0}}]},"currency":"EUR"},{"lines":{"items":[{"item":{"href":"https:\/\/hydraqa.unicity.net\/v5a-test\/items\/75b870fdff12be635674216fe88d3204","id":{"unicity":"29984"},"weightEach":{"value":0},"servingsPerContainer":0,"servingSize":0},"quantity":1,"terms":{"priceEach":37.73,"taxEach":{"amount":7.92},"discountEach":{"amount":0},"pvEach":24},"quantityLimit":{"quantityQuota":-1,"timeFrameDays":-1,"quantityOrdered":0}}]},"currency":"EUR"},{"lines":{"items":[{"item":{"href":"https:\/\/hydraqa.unicity.net\/v5a-test\/items\/fbb6dbd577adb73abaec364076fb288f","id":{"unicity":"32087"},"weightEach":{"value":0},"servingsPerContainer":0,"servingSize":0},"quantity":1,"terms":{"priceEach":20.47,"taxEach":{"amount":1.84},"discountEach":{"amount":0},"pvEach":9},"quantityLimit":{"quantityQuota":-1,"timeFrameDays":-1,"quantityOrdered":0}}]},"currency":"EUR"},{"lines":{"items":[{"item":{"href":"https:\/\/hydraqa.unicity.net\/v5a-test\/items\/35dcc0035e442bbe6482f178ec38522c","id":{"unicity":"31868"},"weightEach":{"value":0},"servingsPerContainer":0,"servingSize":0},"quantity":1,"terms":{"priceEach":20.47,"taxEach":{"amount":1.84},"discountEach":{"amount":0},"pvEach":9},"quantityLimit":{"quantityQuota":-1,"timeFrameDays":-1,"quantityOrdered":0}}]},"currency":"EUR"},{"lines":{"items":[{"item":{"href":"https:\/\/hydraqa.unicity.net\/v5a-test\/items\/baa263a2750aa330fbd9e5b96fdb2b55","id":{"unicity":"32609"},"weightEach":{"value":0},"servingsPerContainer":0,"servingSize":0},"quantity":1,"terms":{"priceEach":55.98,"taxEach":{"amount":0},"discountEach":{"amount":0},"pvEach":34},"quantityLimit":{"quantityQuota":-1,"timeFrameDays":-1,"quantityOrdered":0}}]},"currency":"EUR"},{"lines":{"items":[{"item":{"href":"https:\/\/hydraqa.unicity.net\/v5a-test\/items\/1f59b10f0bef99fa20e4b9b0b4efea88","id":{"unicity":"32333"},"weightEach":{"value":0},"servingsPerContainer":0,"servingSize":0},"quantity":1,"terms":{"priceEach":9.16,"taxEach":{"amount":1.92},"discountEach":{"amount":0},"pvEach":0},"quantityLimit":{"quantityQuota":-1,"timeFrameDays":-1,"quantityOrdered":0}}]},"currency":"EUR"},{"lines":{"items":[{"item":{"href":"https:\/\/hydraqa.unicity.net\/v5a-test\/items\/592aef9ec417f4553dc0b62a91a1f5e0","id":{"unicity":"32330"},"weightEach":{"value":0},"servingsPerContainer":0,"servingSize":0},"quantity":1,"terms":{"priceEach":93.36,"taxEach":{"amount":8.4},"discountEach":{"amount":0},"pvEach":55},"quantityLimit":{"quantityQuota":-1,"timeFrameDays":-1,"quantityOrdered":0}}]},"currency":"EUR"}]}
Entry request : {"order":{"customer":{"href":"https://hydraqa.unicity.net/v5a-test/customers?type=Associate"},"shipToAddress":{"country":"IE"}},"vary":{"lines":{"items":[{"item":{"href":"https://hydraqa.unicity.net/v5a-test/items?id.unicity=27156|31763|31951|31952|32128|32129|32130|32132|32133|32134|32135|32136|32137|32138|32125|32699|33092|33094|33093|18511|19941|26422|27158|27160|27166|27617|27660|27587|28601|28604|27395|15880|26560|29017|26567|26568|24758|17174|29183|30280|29187|29191|31772|31777|31780|31781|31782|31779|31932|31778|32553|32556|29317|29833|32126|32127|32755|32756|32967|32968|33097|33095|33098|33096|24274|24418|27150|27163|27575|30825|29821|32012|30684|30198|31402|31672|31534|29449|29984|32087|31868|32609|32333|32965|32966|32330|32693"}}]}}}
Request URL: https://hydraqa.unicity.net/v5a-test/customers.js?callback=angular.callbacks._1&expand=customer,profilePicture&id.unicity=2
Request URL: https://hydraqa.unicity.net/v5a-test/customers.js?_httpMethod=HEAD&callback=angular.callbacks._7&email=HCBWGI@gmail.com
Request URL: https://hydraqa.unicity.net/v5a-test/shippingmethods.js?callback=angular.callbacks._a&destination=IE&market=IE
]]></system-out>
    <system-err><![CDATA[Starting ChromeDriver 2.36.540470 (e522d04694c7ebea4ba8821272dbef4f9b818c91) on port 8086
Only local connections are allowed.
Jun 30, 2020 11:07:59 AM org.openqa.selenium.remote.ProtocolHandshake createSession
INFO: Detected dialect: OSS
]]></system-err>
  </testcase>
  <testcase name="Enroll" classname="Tests.FranchisePartner" time="269.696">
    <failure message="Major Total Price is Wrong expected [544.67] but found [562.82]" type="java.lang.AssertionError">java.lang.AssertionError: Major Total Price is Wrong expected [544.67] but found [562.82]
	at Tests.FranchisePartner.Enroll(FranchisePartner.java:253)
</failure>
    <system-out><![CDATA[Request URL: https://hydraqa.unicity.net/v5a-test/quotes?&expand=item
Entry Quotes response : {"items":[{"lines":{"items":[{"item":{"href":"https:\/\/hydraqa.unicity.net\/v5a-test\/items\/051e765a5a71835a859c2757edd359f0","id":{"unicity":"26580"}},"quantity":1,"terms":{"priceEach":195,"taxEach":{"amount":0},"discountEach":{"amount":0},"pvEach":130},"quantityLimit":{"quantityQuota":-1,"timeFrameDays":-1,"quantityOrdered":0}}]},"currency":"USD"},{"lines":{"items":[{"item":{"href":"https:\/\/hydraqa.unicity.net\/v5a-test\/items\/3ddd31ddbe0e5807756d2488e7cc3602","id":{"unicity":"31440"}},"quantity":1,"terms":{"priceEach":40,"taxEach":{"amount":0},"discountEach":{"amount":0},"pvEach":0},"quantityLimit":{"quantityQuota":-1,"timeFrameDays":-1,"quantityOrdered":0}}]},"currency":"USD"},{"lines":{"items":[{"item":{"href":"https:\/\/hydraqa.unicity.net\/v5a-test\/items\/90d5ee3af77bdc64ecf28a45b604bf3d","id":{"unicity":"31441"}},"quantity":1,"terms":{"priceEach":40,"taxEach":{"amount":0},"discountEach":{"amount":0},"pvEach":0},"quantityLimit":{"quantityQuota":-1,"timeFrameDays":-1,"quantityOrdered":0}}]},"currency":"USD"},{"lines":{"items":[{"item":{"href":"https:\/\/hydraqa.unicity.net\/v5a-test\/items\/c201dcd36f4bb7e17e7a8481ef08d6f2","id":{"unicity":"31518"}},"quantity":1,"terms":{"priceEach":29,"taxEach":{"amount":0},"discountEach":{"amount":0},"pvEach":14},"quantityLimit":{"quantityQuota":-1,"timeFrameDays":-1,"quantityOrdered":0}}]},"currency":"USD"},{"lines":{"items":[{"item":{"href":"https:\/\/hydraqa.unicity.net\/v5a-test\/items\/bed533c634e887357ff031d8e4c776b0","id":{"unicity":"31751"}},"quantity":1,"terms":{"priceEach":99,"taxEach":{"amount":0},"discountEach":{"amount":0},"pvEach":50},"quantityLimit":{"quantityQuota":-1,"timeFrameDays":-1,"quantityOrdered":0}}]},"currency":"USD"},{"lines":{"items":[{"item":{"href":"https:\/\/hydraqa.unicity.net\/v5a-test\/items\/38da42f991a40a00153b2e5055b82dbf","id":{"unicity":"27801"}},"quantity":1,"terms":{"priceEach":195,"taxEach":{"amount":0},"discountEach":{"amount":0},"pvEach":130},"quantityLimit":{"quantityQuota":-1,"timeFrameDays":-1,"quantityOrdered":0}}]},"currency":"USD"},{"lines":{"items":[{"item":{"href":"https:\/\/hydraqa.unicity.net\/v5a-test\/items\/cf8460040a1860bcabf250b6c1171675","id":{"unicity":"31858"}},"quantity":1,"terms":{"priceEach":269,"taxEach":{"amount":0},"discountEach":{"amount":0},"pvEach":195},"quantityLimit":{"quantityQuota":-1,"timeFrameDays":-1,"quantityOrdered":0}}]},"currency":"USD"},{"lines":{"items":[{"item":{"href":"https:\/\/hydraqa.unicity.net\/v5a-test\/items\/2de8516a24af8232add0bb392e750a71","id":{"unicity":"31859"}},"quantity":1,"terms":{"priceEach":179,"taxEach":{"amount":0},"discountEach":{"amount":0},"pvEach":130},"quantityLimit":{"quantityQuota":-1,"timeFrameDays":-1,"quantityOrdered":0}}]},"currency":"USD"},{"lines":{"items":[{"item":{"href":"https:\/\/hydraqa.unicity.net\/v5a-test\/items\/e47fd287212acedd1cffb2b67bf623bd","id":{"unicity":"31862"}},"quantity":1,"terms":{"priceEach":210,"taxEach":{"amount":0},"discountEach":{"amount":0},"pvEach":148},"quantityLimit":{"quantityQuota":-1,"timeFrameDays":-1,"quantityOrdered":0}}]},"currency":"USD"},{"lines":{"items":[{"item":{"href":"https:\/\/hydraqa.unicity.net\/v5a-test\/items\/50747027a065cb8361c1f0d6eb880466","id":{"unicity":"32030"}},"quantity":1,"terms":{"priceEach":143,"taxEach":{"amount":0},"discountEach":{"amount":0},"pvEach":102},"quantityLimit":{"quantityQuota":-1,"timeFrameDays":-1,"quantityOrdered":0}}]},"currency":"USD"},{"lines":{"items":[{"item":{"href":"https:\/\/hydraqa.unicity.net\/v5a-test\/items\/292b6aee9c1193e9488e9ae6e3a845e4","id":{"unicity":"29684"}},"quantity":1,"terms":{"priceEach":242,"taxEach":{"amount":0},"discountEach":{"amount":0},"pvEach":144},"quantityLimit":{"quantityQuota":-1,"timeFrameDays":-1,"quantityOrdered":0}}]},"currency":"USD"},{"lines":{"items":[{"item":{"href":"https:\/\/hydraqa.unicity.net\/v5a-test\/items\/00c2eb70c985722ce208490aece00945","id":{"unicity":"31729"}},"quantity":1,"terms":{"priceEach":143,"taxEach":{"amount":0},"discountEach":{"amount":0},"pvEach":100},"quantityLimit":{"quantityQuota":-1,"timeFrameDays":-1,"quantityOrdered":0}}]},"currency":"USD"},{"lines":{"items":[{"item":{"href":"https:\/\/hydraqa.unicity.net\/v5a-test\/items\/693a7c4a70b06a00471afe8d6cae5023","id":{"unicity":"31730"}},"quantity":1,"terms":{"priceEach":120,"taxEach":{"amount":0},"discountEach":{"amount":0},"pvEach":80},"quantityLimit":{"quantityQuota":-1,"timeFrameDays":-1,"quantityOrdered":0}}]},"currency":"USD"},{"lines":{"items":[{"item":{"href":"https:\/\/hydraqa.unicity.net\/v5a-test\/items\/ccb242d74dcb1fe621cc7bfe1b1de315","id":{"unicity":"31731"}},"quantity":1,"terms":{"priceEach":89,"taxEach":{"amount":0},"discountEach":{"amount":0},"pvEach":60},"quantityLimit":{"quantityQuota":-1,"timeFrameDays":-1,"quantityOrdered":0}}]},"currency":"USD"},{"lines":{"items":[{"item":{"href":"https:\/\/hydraqa.unicity.net\/v5a-test\/items\/9ff4257741d464b686d15be955b8afb6","id":{"unicity":"0963"}},"quantity":1,"terms":{"priceEach":42,"taxEach":{"amount":0},"discountEach":{"amount":0},"pvEach":25},"quantityLimit":{"quantityQuota":-1,"timeFrameDays":-1,"quantityOrdered":0}}]},"currency":"USD"},{"lines":{"items":[{"item":{"href":"https:\/\/hydraqa.unicity.net\/v5a-test\/items\/716b7a0bca7fa73e42e000d668e7ee65","id":{"unicity":"15129"}},"quantity":1,"terms":{"priceEach":22,"taxEach":{"amount":0},"discountEach":{"amount":0},"pvEach":10},"quantityLimit":{"quantityQuota":-1,"timeFrameDays":-1,"quantityOrdered":0}}]},"currency":"USD"},{"lines":{"items":[{"item":{"href":"https:\/\/hydraqa.unicity.net\/v5a-test\/items\/390a7ae70d5669561ecdf7d5cff2671b","id":{"unicity":"15271"}},"quantity":1,"terms":{"priceEach":69,"taxEach":{"amount":0},"discountEach":{"amount":0},"pvEach":27},"quantityLimit":{"quantityQuota":-1,"timeFrameDays":-1,"quantityOrdered":0}}]},"currency":"USD"},{"lines":{"items":[{"item":{"href":"https:\/\/hydraqa.unicity.net\/v5a-test\/items\/4b2034f47fce90b87bba28c5c2d7c25d","id":{"unicity":"15880"}},"quantity":1,"terms":{"priceEach":59,"taxEach":{"amount":0},"discountEach":{"amount":0},"pvEach":41},"quantityLimit":{"quantityQuota":-1,"timeFrameDays":-1,"quantityOrdered":0}}]},"currency":"USD"},{"lines":{"items":[{"item":{"href":"https:\/\/hydraqa.unicity.net\/v5a-test\/items\/2c4c1abe00983e85aaa918d2ce341491","id":{"unicity":"17174"}},"quantity":1,"terms":{"priceEach":17,"taxEach":{"amount":0},"discountEach":{"amount":0},"pvEach":10},"quantityLimit":{"quantityQuota":-1,"timeFrameDays":-1,"quantityOrdered":0}}]},"currency":"USD"},{"lines":{"items":[{"item":{"href":"https:\/\/hydraqa.unicity.net\/v5a-test\/items\/cea826eab72d44641c070aab6c97c1ac","id":{"unicity":"22747"}},"quantity":1,"terms":{"priceEach":27,"taxEach":{"amount":0},"discountEach":{"amount":0},"pvEach":16},"quantityLimit":{"quantityQuota":-1,"timeFrameDays":-1,"quantityOrdered":0}}]},"currency":"USD"},{"lines":{"items":[{"item":{"href":"https:\/\/hydraqa.unicity.net\/v5a-test\/items\/5c2f1613082782e691d32fe9ce034026","id":{"unicity":"23728"}},"quantity":1,"terms":{"priceEach":26,"taxEach":{"amount":0},"discountEach":{"amount":0},"pvEach":13},"quantityLimit":{"quantityQuota":-1,"timeFrameDays":-1,"quantityOrdered":0}}]},"currency":"USD"},{"lines":{"items":[{"item":{"href":"https:\/\/hydraqa.unicity.net\/v5a-test\/items\/64ec7ad932acafab052a4e8800ad1238","id":{"unicity":"24758"}},"quantity":1,"terms":{"priceEach":31,"taxEach":{"amount":0},"discountEach":{"amount":0},"pvEach":21},"quantityLimit":{"quantityQuota":-1,"timeFrameDays":-1,"quantityOrdered":0}}]},"currency":"USD"},{"lines":{"items":[{"item":{"href":"https:\/\/hydraqa.unicity.net\/v5a-test\/items\/9a7715e888c94989d898fe4653645721","id":{"unicity":"26550"}},"quantity":1,"terms":{"priceEach":80,"taxEach":{"amount":0},"discountEach":{"amount":0},"pvEach":52},"quantityLimit":{"quantityQuota":-1,"timeFrameDays":-1,"quantityOrdered":0}}]},"currency":"USD"},{"lines":{"items":[{"item":{"href":"https:\/\/hydraqa.unicity.net\/v5a-test\/items\/3af97c67f653253825a9189a27da57d6","id":{"unicity":"26556"}},"quantity":1,"terms":{"priceEach":79,"taxEach":{"amount":0},"discountEach":{"amount":0},"pvEach":61},"quantityLimit":{"quantityQuota":-1,"timeFrameDays":-1,"quantityOrdered":0}}]},"currency":"USD"},{"lines":{"items":[{"item":{"href":"https:\/\/hydraqa.unicity.net\/v5a-test\/items\/0cf62d38e91953b43dcfe88b06f813cb","id":{"unicity":"26557"}},"quantity":1,"terms":{"priceEach":79,"taxEach":{"amount":0},"discountEach":{"amount":0},"pvEach":61},"quantityLimit":{"quantityQuota":-1,"timeFrameDays":-1,"quantityOrdered":0}}]},"currency":"USD"},{"lines":{"items":[{"item":{"href":"https:\/\/hydraqa.unicity.net\/v5a-test\/items\/398d06b858b960f6f38086d40608aef2","id":{"unicity":"26560"}},"quantity":1,"terms":{"priceEach":16,"taxEach":{"amount":0},"discountEach":{"amount":0},"pvEach":12},"quantityLimit":{"quantityQuota":-1,"timeFrameDays":-1,"quantityOrdered":0}}]},"currency":"USD"},{"lines":{"items":[{"item":{"href":"https:\/\/hydraqa.unicity.net\/v5a-test\/items\/cda534d686af5d627c94c4bb2c4b57d8","id":{"unicity":"26561"}},"quantity":1,"terms":{"priceEach":16,"taxEach":{"amount":0},"discountEach":{"amount":0},"pvEach":11},"quantityLimit":{"quantityQuota":-1,"timeFrameDays":-1,"quantityOrdered":0}}]},"currency":"USD"},{"lines":{"items":[{"item":{"href":"https:\/\/hydraqa.unicity.net\/v5a-test\/items\/0a3ede185ddf034630afd891c5106d33","id":{"unicity":"26562"}},"quantity":1,"terms":{"priceEach":33,"taxEach":{"amount":0},"discountEach":{"amount":0},"pvEach":25},"quantityLimit":{"quantityQuota":-1,"timeFrameDays":-1,"quantityOrdered":0}}]},"currency":"USD"},{"lines":{"items":[{"item":{"href":"https:\/\/hydraqa.unicity.net\/v5a-test\/items\/16ca68abaaa92505c257be022a154769","id":{"unicity":"27615"}},"quantity":1,"terms":{"priceEach":29,"taxEach":{"amount":0},"discountEach":{"amount":0},"pvEach":21},"quantityLimit":{"quantityQuota":-1,"timeFrameDays":-1,"quantityOrdered":0}}]},"currency":"USD"},{"lines":{"items":[{"item":{"href":"https:\/\/hydraqa.unicity.net\/v5a-test\/items\/1bd53de7fe880ba71f46c9976ca2c137","id":{"unicity":"27739"}},"quantity":1,"terms":{"priceEach":33,"taxEach":{"amount":0},"discountEach":{"amount":0},"pvEach":13},"quantityLimit":{"quantityQuota":-1,"timeFrameDays":-1,"quantityOrdered":0}}]},"currency":"USD"},{"lines":{"items":[{"item":{"href":"https:\/\/hydraqa.unicity.net\/v5a-test\/items\/1945faa1776541d53120ecfe3c1d8a2b","id":{"unicity":"24418"}},"quantity":1,"terms":{"priceEach":5,"taxEach":{"amount":0},"discountEach":{"amount":0},"pvEach":0},"quantityLimit":{"quantityQuota":-1,"timeFrameDays":-1,"quantityOrdered":0}}]},"currency":"USD"},{"lines":{"items":[{"item":{"href":"https:\/\/hydraqa.unicity.net\/v5a-test\/items\/9a6e1d094182389c3da8e0a320ff0e00","id":{"unicity":"27585"}},"quantity":1,"terms":{"priceEach":56,"taxEach":{"amount":0},"discountEach":{"amount":0},"pvEach":33},"quantityLimit":{"quantityQuota":-1,"timeFrameDays":-1,"quantityOrdered":0}}]},"currency":"USD"},{"lines":{"items":[{"item":{"href":"https:\/\/hydraqa.unicity.net\/v5a-test\/items\/84bf86533ae28dc84370f3699cc13a1d","id":{"unicity":"17744"}},"quantity":1,"terms":{"priceEach":97,"taxEach":{"amount":0},"discountEach":{"amount":0},"pvEach":62},"quantityLimit":{"quantityQuota":-1,"timeFrameDays":-1,"quantityOrdered":0}}]},"currency":"USD"},{"lines":{"items":[{"item":{"href":"https:\/\/hydraqa.unicity.net\/v5a-test\/items\/b127a2d34d3d73e2f53e4c2002a7a4a2","id":{"unicity":"25008"}},"quantity":1,"terms":{"priceEach":19,"taxEach":{"amount":0},"discountEach":{"amount":0},"pvEach":15},"quantityLimit":{"quantityQuota":-1,"timeFrameDays":-1,"quantityOrdered":0}}]},"currency":"USD"},{"lines":{"items":[{"item":{"href":"https:\/\/hydraqa.unicity.net\/v5a-test\/items\/10da226fab00279b4f89df10af2a10b7","id":{"unicity":"26442"}},"quantity":1,"terms":{"priceEach":6,"taxEach":{"amount":0},"discountEach":{"amount":0},"pvEach":0},"quantityLimit":{"quantityQuota":-1,"timeFrameDays":-1,"quantityOrdered":0}}]},"currency":"USD"},{"lines":{"items":[{"item":{"href":"https:\/\/hydraqa.unicity.net\/v5a-test\/items\/80a898d805f759925797847a176bf62f","id":{"unicity":"26551"}},"quantity":1,"terms":{"priceEach":80,"taxEach":{"amount":0},"discountEach":{"amount":0},"pvEach":52},"quantityLimit":{"quantityQuota":-1,"timeFrameDays":-1,"quantityOrdered":0}}]},"currency":"USD"},{"lines":{"items":[{"item":{"href":"https:\/\/hydraqa.unicity.net\/v5a-test\/items\/933f0856fd8ec1df83c5283dabf4ec3c","id":{"unicity":"6200"}},"quantity":1,"terms":{"priceEach":68,"taxEach":{"amount":0},"discountEach":{"amount":0},"pvEach":47},"quantityLimit":{"quantityQuota":-1,"timeFrameDays":-1,"quantityOrdered":0}}]},"currency":"USD"},{"lines":{"items":[{"item":{"href":"https:\/\/hydraqa.unicity.net\/v5a-test\/items\/8d994059c399f5551ab112574e4476fc","id":{"unicity":"24785"}},"quantity":1,"terms":{"priceEach":14,"taxEach":{"amount":0},"discountEach":{"amount":0},"pvEach":9},"quantityLimit":{"quantityQuota":-1,"timeFrameDays":-1,"quantityOrdered":0}}]},"currency":"USD"},{"lines":{"items":[{"item":{"href":"https:\/\/hydraqa.unicity.net\/v5a-test\/items\/aa0d72ac13b1ce88cf8c4a52ede75a37","id":{"unicity":"26552"}},"quantity":1,"terms":{"priceEach":70,"taxEach":{"amount":0},"discountEach":{"amount":0},"pvEach":50},"quantityLimit":{"quantityQuota":5,"timeFrameDays":-1,"quantityOrdered":0}}]},"currency":"USD"},{"lines":{"items":[{"item":{"href":"https:\/\/hydraqa.unicity.net\/v5a-test\/items\/8b5ed9aa6c6132e1be5e446f69a3465e","id":{"unicity":"0954"}},"quantity":1,"terms":{"priceEach":21,"taxEach":{"amount":0},"discountEach":{"amount":0},"pvEach":15},"quantityLimit":{"quantityQuota":-1,"timeFrameDays":-1,"quantityOrdered":0}}]},"currency":"USD"},{"lines":{"items":[{"item":{"href":"https:\/\/hydraqa.unicity.net\/v5a-test\/items\/b2fc4b9ba4aa5cae54389161be2f841f","id":{"unicity":"18401"}},"quantity":1,"terms":{"priceEach":31,"taxEach":{"amount":0},"discountEach":{"amount":0},"pvEach":19},"quantityLimit":{"quantityQuota":-1,"timeFrameDays":-1,"quantityOrdered":0}}]},"currency":"USD"},{"lines":{"items":[{"item":{"href":"https:\/\/hydraqa.unicity.net\/v5a-test\/items\/48433ffc76597c823adc2b8627e033e4","id":{"unicity":"26559"}},"quantity":1,"terms":{"priceEach":30,"taxEach":{"amount":0},"discountEach":{"amount":0},"pvEach":20},"quantityLimit":{"quantityQuota":-1,"timeFrameDays":-1,"quantityOrdered":0}}]},"currency":"USD"},{"lines":{"items":[{"item":{"href":"https:\/\/hydraqa.unicity.net\/v5a-test\/items\/5a38f009bec6c23b1b3a70432f9722e5","id":{"unicity":"19596"}},"quantity":1,"terms":{"priceEach":49,"taxEach":{"amount":0},"discountEach":{"amount":0},"pvEach":30},"quantityLimit":{"quantityQuota":-1,"timeFrameDays":-1,"quantityOrdered":0}}]},"currency":"USD"},{"lines":{"items":[{"item":{"href":"https:\/\/hydraqa.unicity.net\/v5a-test\/items\/9ce45d695c87f93b29794041362b5192","id":{"unicity":"26945"}},"quantity":1,"terms":{"priceEach":35,"taxEach":{"amount":0},"discountEach":{"amount":0},"pvEach":0},"quantityLimit":{"quantityQuota":-1,"timeFrameDays":-1,"quantityOrdered":0}}]},"currency":"USD"},{"lines":{"items":[{"item":{"href":"https:\/\/hydraqa.unicity.net\/v5a-test\/items\/ddef5f478ff91aa2263b646a3bd03dea","id":{"unicity":"21420"}},"quantity":1,"terms":{"priceEach":24,"taxEach":{"amount":0},"discountEach":{"amount":0},"pvEach":10},"quantityLimit":{"quantityQuota":-1,"timeFrameDays":-1,"quantityOrdered":0}}]},"currency":"USD"},{"lines":{"items":[{"item":{"href":"https:\/\/hydraqa.unicity.net\/v5a-test\/items\/55d3b550a17b78175cc5ac565e4266e8","id":{"unicity":"24621"}},"quantity":1,"terms":{"priceEach":20,"taxEach":{"amount":0},"discountEach":{"amount":0},"pvEach":12},"quantityLimit":{"quantityQuota":-1,"timeFrameDays":-1,"quantityOrdered":0}}]},"currency":"USD"},{"lines":{"items":[{"item":{"href":"https:\/\/hydraqa.unicity.net\/v5a-test\/items\/9d9d002b0e21b9bd58ad0154a4f781c5","id":{"unicity":"28836"}},"quantity":1,"terms":{"priceEach":58,"taxEach":{"amount":0},"discountEach":{"amount":0},"pvEach":36},"quantityLimit":{"quantityQuota":-1,"timeFrameDays":-1,"quantityOrdered":0}}]},"currency":"USD"},{"lines":{"items":[{"item":{"href":"https:\/\/hydraqa.unicity.net\/v5a-test\/items\/399be8efa903b362515c48315ab2afb9","id":{"unicity":"15712"}},"quantity":1,"terms":{"priceEach":15,"taxEach":{"amount":0},"discountEach":{"amount":0},"pvEach":5},"quantityLimit":{"quantityQuota":-1,"timeFrameDays":-1,"quantityOrdered":0}}]},"currency":"USD"},{"lines":{"items":[{"item":{"href":"https:\/\/hydraqa.unicity.net\/v5a-test\/items\/d489ec0d50f6e28d5743afc65439631b","id":{"unicity":"0960"}},"quantity":1,"terms":{"priceEach":37,"taxEach":{"amount":0},"discountEach":{"amount":0},"pvEach":23},"quantityLimit":{"quantityQuota":-1,"timeFrameDays":-1,"quantityOrdered":0}}]},"currency":"USD"},{"lines":{"items":[{"item":{"href":"https:\/\/hydraqa.unicity.net\/v5a-test\/items\/66839181d7531692a8d886a9da6fb4d6","id":{"unicity":"25369"}},"quantity":1,"terms":{"priceEach":48,"taxEach":{"amount":0},"discountEach":{"amount":0},"pvEach":25},"quantityLimit":{"quantityQuota":-1,"timeFrameDays":-1,"quantityOrdered":0}}]},"currency":"USD"},{"lines":{"items":[{"item":{"href":"https:\/\/hydraqa.unicity.net\/v5a-test\/items\/0eebdede5bdb8bf4d71e800b6f3cead1","id":{"unicity":"30825"}},"quantity":1,"terms":{"priceEach":49,"taxEach":{"amount":0},"discountEach":{"amount":0},"pvEach":25},"quantityLimit":{"quantityQuota":-1,"timeFrameDays":-1,"quantityOrdered":0}}]},"currency":"USD"},{"lines":{"items":[{"item":{"href":"https:\/\/hydraqa.unicity.net\/v5a-test\/items\/8ed7a8910d5c5335774fa9cfae0e511d","id":{"unicity":"18386"}},"quantity":1,"terms":{"priceEach":27,"taxEach":{"amount":0},"discountEach":{"amount":0},"pvEach":21},"quantityLimit":{"quantityQuota":-1,"timeFrameDays":-1,"quantityOrdered":0}}]},"currency":"USD"},{"lines":{"items":[{"item":{"href":"https:\/\/hydraqa.unicity.net\/v5a-test\/items\/3f2d12d7a0e8551fc99fad3bbe1ba633","id":{"unicity":"26567"}},"quantity":1,"terms":{"priceEach":56,"taxEach":{"amount":0},"discountEach":{"amount":0},"pvEach":35},"quantityLimit":{"quantityQuota":-1,"timeFrameDays":-1,"quantityOrdered":0}}]},"currency":"USD"},{"lines":{"items":[{"item":{"href":"https:\/\/hydraqa.unicity.net\/v5a-test\/items\/191637167cb3144bd2e8c4615e9ab67e","id":{"unicity":"26568"}},"quantity":1,"terms":{"priceEach":56,"taxEach":{"amount":0},"discountEach":{"amount":0},"pvEach":35},"quantityLimit":{"quantityQuota":-1,"timeFrameDays":-1,"quantityOrdered":0}}]},"currency":"USD"},{"lines":{"items":[{"item":{"href":"https:\/\/hydraqa.unicity.net\/v5a-test\/items\/2cefc6a61faaae3455a5adcb0d8fc74f","id":{"unicity":"15907"}},"quantity":1,"terms":{"priceEach":15,"taxEach":{"amount":0},"discountEach":{"amount":0},"pvEach":5},"quantityLimit":{"quantityQuota":-1,"timeFrameDays":-1,"quantityOrdered":0}}]},"currency":"USD"},{"lines":{"items":[{"item":{"href":"https:\/\/hydraqa.unicity.net\/v5a-test\/items\/fa2407c91e64e66a72ab45172eb978df","id":{"unicity":"0988"}},"quantity":1,"terms":{"priceEach":36,"taxEach":{"amount":0},"discountEach":{"amount":0},"pvEach":23},"quantityLimit":{"quantityQuota":-1,"timeFrameDays":-1,"quantityOrdered":0}}]},"currency":"USD"},{"lines":{"items":[{"item":{"href":"https:\/\/hydraqa.unicity.net\/v5a-test\/items\/40a1044968ea62276f4ba87fd2ef0d8f","id":{"unicity":"12230"}},"quantity":1,"terms":{"priceEach":45,"taxEach":{"amount":0},"discountEach":{"amount":0},"pvEach":18},"quantityLimit":{"quantityQuota":-1,"timeFrameDays":-1,"quantityOrdered":0}}]},"currency":"USD"},{"lines":{"items":[{"item":{"href":"https:\/\/hydraqa.unicity.net\/v5a-test\/items\/112b8c39286598b3730f630f371a45f4","id":{"unicity":"27587"}},"quantity":1,"terms":{"priceEach":58,"taxEach":{"amount":0},"discountEach":{"amount":0},"pvEach":33},"quantityLimit":{"quantityQuota":-1,"timeFrameDays":-1,"quantityOrdered":0}}]},"currency":"USD"},{"lines":{"items":[{"item":{"href":"https:\/\/hydraqa.unicity.net\/v5a-test\/items\/e218d1cac5f31e7ae4f5876c29c57377","id":{"unicity":"29017"}},"quantity":1,"terms":{"priceEach":38,"taxEach":{"amount":0},"discountEach":{"amount":0},"pvEach":26},"quantityLimit":{"quantityQuota":-1,"timeFrameDays":-1,"quantityOrdered":0}}]},"currency":"USD"},{"lines":{"items":[{"item":{"href":"https:\/\/hydraqa.unicity.net\/v5a-test\/items\/25eaf64b36ce31368f17ae789fd9ac5b","id":{"unicity":"29694"}},"quantity":1,"terms":{"priceEach":56,"taxEach":{"amount":0},"discountEach":{"amount":0},"pvEach":33},"quantityLimit":{"quantityQuota":-1,"timeFrameDays":-1,"quantityOrdered":0}}]},"currency":"USD"},{"lines":{"items":[{"item":{"href":"https:\/\/hydraqa.unicity.net\/v5a-test\/items\/634f7efb30392b2a919de1355902d975","id":{"unicity":"29408"}},"quantity":1,"terms":{"priceEach":80,"taxEach":{"amount":0},"discountEach":{"amount":0},"pvEach":52},"quantityLimit":{"quantityQuota":-1,"timeFrameDays":-1,"quantityOrdered":0}}]},"currency":"USD"},{"lines":{"items":[{"item":{"href":"https:\/\/hydraqa.unicity.net\/v5a-test\/items\/bb5c627f16547cb4f706cef521bca356","id":{"unicity":"29437"}},"quantity":1,"terms":{"priceEach":62,"taxEach":{"amount":0},"discountEach":{"amount":0},"pvEach":36},"quantityLimit":{"quantityQuota":-1,"timeFrameDays":-1,"quantityOrdered":0}}]},"currency":"USD"},{"lines":{"items":[{"item":{"href":"https:\/\/hydraqa.unicity.net\/v5a-test\/items\/991cdbb84a495779eb209fb3956a77e4","id":{"unicity":"29183"}},"quantity":1,"terms":{"priceEach":42,"taxEach":{"amount":0},"discountEach":{"amount":0},"pvEach":24},"quantityLimit":{"quantityQuota":-1,"timeFrameDays":-1,"quantityOrdered":0}}]},"currency":"USD"},{"lines":{"items":[{"item":{"href":"https:\/\/hydraqa.unicity.net\/v5a-test\/items\/1b0412bea8c0b841c66f65a36aa14108","id":{"unicity":"29191"}},"quantity":1,"terms":{"priceEach":64,"taxEach":{"amount":0},"discountEach":{"amount":0},"pvEach":36},"quantityLimit":{"quantityQuota":-1,"timeFrameDays":-1,"quantityOrdered":0}}]},"currency":"USD"},{"lines":{"items":[{"item":{"href":"https:\/\/hydraqa.unicity.net\/v5a-test\/items\/362999101a321b721c87110710ae77b0","id":{"unicity":"29352"}},"quantity":1,"terms":{"priceEach":119,"taxEach":{"amount":0},"discountEach":{"amount":0},"pvEach":80},"quantityLimit":{"quantityQuota":-1,"timeFrameDays":-1,"quantityOrdered":0}}]},"currency":"USD"},{"lines":{"items":[{"item":{"href":"https:\/\/hydraqa.unicity.net\/v5a-test\/items\/24ff5bda40c0d0e7eaa511866d052915","id":{"unicity":"29612"}},"quantity":1,"terms":{"priceEach":49,"taxEach":{"amount":0},"discountEach":{"amount":0},"pvEach":30},"quantityLimit":{"quantityQuota":-1,"timeFrameDays":-1,"quantityOrdered":0}}]},"currency":"USD"},{"lines":{"items":[{"item":{"href":"https:\/\/hydraqa.unicity.net\/v5a-test\/items\/e0a19d3d676bccfdba0ab3d9f2766359","id":{"unicity":"30350"}},"quantity":1,"terms":{"priceEach":50,"taxEach":{"amount":0},"discountEach":{"amount":0},"pvEach":30},"quantityLimit":{"quantityQuota":-1,"timeFrameDays":-1,"quantityOrdered":0}}]},"currency":"USD"},{"lines":{"items":[{"item":{"href":"https:\/\/hydraqa.unicity.net\/v5a-test\/items\/024e696f8b44a1d315006e676604cd31","id":{"unicity":"27395"}},"quantity":1,"terms":{"priceEach":25,"taxEach":{"amount":0},"discountEach":{"amount":0},"pvEach":16},"quantityLimit":{"quantityQuota":-1,"timeFrameDays":-1,"quantityOrdered":0}}]},"currency":"USD"},{"lines":{"items":[{"item":{"href":"https:\/\/hydraqa.unicity.net\/v5a-test\/items\/05ca08f3808f126c0cc42154c50fc75c","id":{"unicity":"29440"}},"quantity":1,"terms":{"priceEach":120,"taxEach":{"amount":0},"discountEach":{"amount":0},"pvEach":90},"quantityLimit":{"quantityQuota":-1,"timeFrameDays":-1,"quantityOrdered":0}}]},"currency":"USD"},{"lines":{"items":[{"item":{"href":"https:\/\/hydraqa.unicity.net\/v5a-test\/items\/764e2db430d361da99e8f6b70c4d0244","id":{"unicity":"29830"}},"quantity":1,"terms":{"priceEach":17,"taxEach":{"amount":0},"discountEach":{"amount":0},"pvEach":7},"quantityLimit":{"quantityQuota":-1,"timeFrameDays":-1,"quantityOrdered":0}}]},"currency":"USD"},{"lines":{"items":[{"item":{"href":"https:\/\/hydraqa.unicity.net\/v5a-test\/items\/035189015384166df518a68ede0299a9","id":{"unicity":"30408"}},"quantity":1,"terms":{"priceEach":84,"taxEach":{"amount":0},"discountEach":{"amount":0},"pvEach":50},"quantityLimit":{"quantityQuota":-1,"timeFrameDays":-1,"quantityOrdered":0}}]},"currency":"USD"},{"lines":{"items":[{"item":{"href":"https:\/\/hydraqa.unicity.net\/v5a-test\/items\/b91affa753dd5ee8a9acef4fa7e2c9a7","id":{"unicity":"30414"}},"quantity":1,"terms":{"priceEach":94,"taxEach":{"amount":0},"discountEach":{"amount":0},"pvEach":65},"quantityLimit":{"quantityQuota":-1,"timeFrameDays":-1,"quantityOrdered":0}}]},"currency":"USD"},{"lines":{"items":[{"item":{"href":"https:\/\/hydraqa.unicity.net\/v5a-test\/items\/2835b1a78e379486f0ffbfd5fb9f6b0a","id":{"unicity":"30400"}},"quantity":1,"terms":{"priceEach":38,"taxEach":{"amount":0},"discountEach":{"amount":0},"pvEach":28},"quantityLimit":{"quantityQuota":-1,"timeFrameDays":-1,"quantityOrdered":0}}]},"currency":"USD"},{"lines":{"items":[{"item":{"href":"https:\/\/hydraqa.unicity.net\/v5a-test\/items\/0e78fbdfebef11cd62f8d2120064ee58","id":{"unicity":"30280"}},"quantity":1,"terms":{"priceEach":42,"taxEach":{"amount":0},"discountEach":{"amount":0},"pvEach":24},"quantityLimit":{"quantityQuota":-1,"timeFrameDays":-1,"quantityOrdered":0}}]},"currency":"USD"},{"lines":{"items":[{"item":{"href":"https:\/\/hydraqa.unicity.net\/v5a-test\/items\/d306a0b65f27f19b4968e5c05906a9f4","id":{"unicity":"31314"}},"quantity":1,"terms":{"priceEach":388,"taxEach":{"amount":0},"discountEach":{"amount":0},"pvEach":268},"quantityLimit":{"quantityQuota":-1,"timeFrameDays":-1,"quantityOrdered":0}}]},"currency":"USD"},{"lines":{"items":[{"item":{"href":"https:\/\/hydraqa.unicity.net\/v5a-test\/items\/5bda067b70c43971650a6ef983f612e4","id":{"unicity":"31728"}},"quantity":1,"terms":{"priceEach":126,"taxEach":{"amount":0},"discountEach":{"amount":0},"pvEach":94},"quantityLimit":{"quantityQuota":-1,"timeFrameDays":-1,"quantityOrdered":0}}]},"currency":"USD"},{"lines":{"items":[{"item":{"href":"https:\/\/hydraqa.unicity.net\/v5a-test\/items\/3875e24e6b6ebdf36c79d205614ed51e","id":{"unicity":"31846"}},"quantity":1,"terms":{"priceEach":126,"taxEach":{"amount":0},"discountEach":{"amount":0},"pvEach":94},"quantityLimit":{"quantityQuota":-1,"timeFrameDays":-1,"quantityOrdered":0}}]},"currency":"USD"},{"lines":{"items":[{"item":{"href":"https:\/\/hydraqa.unicity.net\/v5a-test\/items\/89b6d29a85a88d44d65bc8cca3fefc65","id":{"unicity":"31845"}},"quantity":1,"terms":{"priceEach":143,"taxEach":{"amount":0},"discountEach":{"amount":0},"pvEach":100},"quantityLimit":{"quantityQuota":-1,"timeFrameDays":-1,"quantityOrdered":0}}]},"currency":"USD"},{"lines":{"items":[{"item":{"href":"https:\/\/hydraqa.unicity.net\/v5a-test\/items\/fbb319232b7eed110794d46a68302acb","id":{"unicity":"31847"}},"quantity":1,"terms":{"priceEach":120,"taxEach":{"amount":0},"discountEach":{"amount":0},"pvEach":80},"quantityLimit":{"quantityQuota":-1,"timeFrameDays":-1,"quantityOrdered":0}}]},"currency":"USD"},{"lines":{"items":[{"item":{"href":"https:\/\/hydraqa.unicity.net\/v5a-test\/items\/fd464cd7972cc1317e850b9196d886b8","id":{"unicity":"31863"}},"quantity":1,"terms":{"priceEach":210,"taxEach":{"amount":0},"discountEach":{"amount":0},"pvEach":148},"quantityLimit":{"quantityQuota":-1,"timeFrameDays":-1,"quantityOrdered":0}}]},"currency":"USD"},{"lines":{"items":[{"item":{"href":"https:\/\/hydraqa.unicity.net\/v5a-test\/items\/d4c8fce238d6fc34d17a4b36d1e4e59a","id":{"unicity":"31860"}},"quantity":1,"terms":{"priceEach":196,"taxEach":{"amount":0},"discountEach":{"amount":0},"pvEach":135},"quantityLimit":{"quantityQuota":-1,"timeFrameDays":-1,"quantityOrdered":0}}]},"currency":"USD"},{"lines":{"items":[{"item":{"href":"https:\/\/hydraqa.unicity.net\/v5a-test\/items\/4ab49eca1731e69206ccafb5112ad5a4","id":{"unicity":"31861"}},"quantity":1,"terms":{"priceEach":196,"taxEach":{"amount":0},"discountEach":{"amount":0},"pvEach":135},"quantityLimit":{"quantityQuota":-1,"timeFrameDays":-1,"quantityOrdered":0}}]},"currency":"USD"},{"lines":{"items":[{"item":{"href":"https:\/\/hydraqa.unicity.net\/v5a-test\/items\/077823d29445b9020de9931f10c63efd","id":{"unicity":"31958"}},"quantity":1,"terms":{"priceEach":129,"taxEach":{"amount":0},"discountEach":{"amount":0},"pvEach":85},"quantityLimit":{"quantityQuota":-1,"timeFrameDays":-1,"quantityOrdered":0}}]},"currency":"USD"},{"lines":{"items":[{"item":{"href":"https:\/\/hydraqa.unicity.net\/v5a-test\/items\/bfddb53fe0d5ed5432c531dc9850cbe4","id":{"unicity":"29449"}},"quantity":1,"terms":{"priceEach":37,"taxEach":{"amount":0},"discountEach":{"amount":0},"pvEach":25},"quantityLimit":{"quantityQuota":-1,"timeFrameDays":-1,"quantityOrdered":0}}]},"currency":"USD"},{"lines":{"items":[{"item":{"href":"https:\/\/hydraqa.unicity.net\/v5a-test\/items\/7fc100f8d20814757efe2d79e41b315c","id":{"unicity":"32021"}},"quantity":1,"terms":{"priceEach":89,"taxEach":{"amount":0},"discountEach":{"amount":0},"pvEach":60},"quantityLimit":{"quantityQuota":-1,"timeFrameDays":-1,"quantityOrdered":0}}]},"currency":"USD"},{"lines":{"items":[{"item":{"href":"https:\/\/hydraqa.unicity.net\/v5a-test\/items\/c674cdded8a54983aae3c5dcb32c9e38","id":{"unicity":"32628"}},"quantity":1,"terms":{"priceEach":80,"taxEach":{"amount":0},"discountEach":{"amount":0},"pvEach":50},"quantityLimit":{"quantityQuota":-1,"timeFrameDays":-1,"quantityOrdered":0}}]},"currency":"USD"},{"lines":{"items":[{"item":{"href":"https:\/\/hydraqa.unicity.net\/v5a-test\/items\/69d8547e9e264505ce055e09920659fd","id":{"unicity":"33019"}},"quantity":1,"terms":{"priceEach":202,"taxEach":{"amount":0},"discountEach":{"amount":0},"pvEach":151},"quantityLimit":{"quantityQuota":-1,"timeFrameDays":-1,"quantityOrdered":0}}]},"currency":"USD"},{"lines":{"items":[{"item":{"href":"https:\/\/hydraqa.unicity.net\/v5a-test\/items\/30b5c0f54df52286b3d87a6a1dfd314a","id":{"unicity":"33018"}},"quantity":1,"terms":{"priceEach":205,"taxEach":{"amount":0},"discountEach":{"amount":0},"pvEach":133},"quantityLimit":{"quantityQuota":-1,"timeFrameDays":-1,"quantityOrdered":0}}]},"currency":"USD"},{"lines":{"items":[{"item":{"href":"https:\/\/hydraqa.unicity.net\/v5a-test\/items\/16a422e03f6e3a79ba7bcd7fd50e31c0","id":{"unicity":"33017"}},"quantity":1,"terms":{"priceEach":150,"taxEach":{"amount":0},"discountEach":{"amount":0},"pvEach":110},"quantityLimit":{"quantityQuota":-1,"timeFrameDays":-1,"quantityOrdered":0}}]},"currency":"USD"},{"lines":{"items":[{"item":{"href":"https:\/\/hydraqa.unicity.net\/v5a-test\/items\/30f2eb8ab275ef57ae8082b3435a3d69","id":{"unicity":"33016"}},"quantity":1,"terms":{"priceEach":199,"taxEach":{"amount":0},"discountEach":{"amount":0},"pvEach":142},"quantityLimit":{"quantityQuota":-1,"timeFrameDays":-1,"quantityOrdered":0}}]},"currency":"USD"}]}
Entry request : {"order":{"customer":{"href":"https://hydraqa.unicity.net/v5a-test/customers?type=Associate"},"shipToAddress":{"country":"US"}},"vary":{"lines":{"items":[{"item":{"href":"https://hydraqa.unicity.net/v5a-test/items?id.unicity=26580|31440|31441|31518|31751|27801|31858|31859|31862|32030|29684|31729|31730|31731|0963|15129|15271|15880|17174|22745|22747|23728|24758|25022|26550|26556|26557|26560|26561|26562|27615|27739|24418|27585|17744|25008|26442|26551|6200|15916|18908|24785|26552|27028|0954|18401|27029|26559|19596|26945|21420|24621|28836|15712|0960|25369|30825|18386|26567|26568|15907|28513|3107|0988|12230|26950|26786|27587|29017|29694|29408|29437|29183|29191|29352|29612|30350|27395|29440|29830|30408|30414|30400|30280|31314|31728|31846|31845|31847|31863|31860|31861|31958|29449|32021|32628|33019|33018|33017|33016|32019|26555"}}]}}}
Request URL: https://hydraqa.unicity.net/v5a-test/customers.js?_httpMethod=HEAD&callback=angular.callbacks._1&email=ROJLFR@gmail.com
Unicity [Date=Tue, 30 Jun 2020 17:13:51 GMT, Content-Type=text/javascript; charset=utf-8, Content-Length=1934, Connection=keep-alive, Set-Cookie=__cfduid=d5ec8f45a4ea721dc873e3e81bfd6bcc21593537227; expires=Thu, 30-Jul-20 17:13:47 GMT; path=/; domain=.unicity.net; HttpOnly; SameSite=Lax, X-Powered-By=Express, x-request-id=1722fa27-d178-44f9-ab29-522aee7eb3c5, x-request-release=5-2020063002/master, x-request-uuid=1722fa27-d178-44f9-ab29-522aee7eb3c5, Access-Control-Allow-Origin=http://enroll.ng.unicityqa.com, vary=Accept-Encoding, link=<http://unicity.github.io/Hydra.php/docs/v5/>; rel="help", www-authenticate=Basic realm="Restricted API", cache-control=no-cache, must-revalidate, expires=0, content-language=en-US, x-status-code=200, content-encoding=gzip, x-envoy-upstream-service-time=3783, access-control-expose-headers=x-b3-traceid, x-request-id, ETag=W/"78e-dbmjYguDBWndyTx3bCLxzVFG75U", CF-Cache-Status=DYNAMIC, cf-request-id=03a7d184d70000811649a46200000001, Expect-CT=max-age=604800, report-uri="https://report-uri.cloudflare.com/cdn-cgi/beacon/expect-ct", Server=cloudflare, CF-RAY=5ab9851afcec8116-MCI, alt-svc=h3-27=":443"; ma=86400, h3-28=":443"; ma=86400, h3-29=":443"; ma=86400]
suman84097
{shipToAddress={zip=84097, country=US, address1=1209 N 800 E, state=}, shippingMethod={href=https://hydraqa.unicity.net/v5a-test/shippingmethods?type=NextDay}, lines={items=[{item={href=https://hydraqa.unicity.net/v5a-test/items?id.unicity=26580}, quantity=1}, {item={href=https://hydraqa.unicity.net/v5a-test/items?id.unicity=31440}, quantity=1}, {item={href=https://hydraqa.unicity.net/v5a-test/items?id.unicity=31518}, quantity=1}, {item={href=https://hydraqa.unicity.net/v5a-test/items?id.unicity=31751}, quantity=1}, {item={href=https://hydraqa.unicity.net/v5a-test/items?id.unicity=31859}, quantity=1}]}, customer={href=https://hydraqa.unicity.net/v5a-test/customers?type=Associate}}
kalyan84097
Unicity [Date=Tue, 30 Jun 2020 17:13:57 GMT, Content-Type=text/javascript; charset=utf-8, Content-Length=1934, Connection=keep-alive, Set-Cookie=__cfduid=ddb32e85b3c3bd06f75571603f360b7d11593537232; expires=Thu, 30-Jul-20 17:13:52 GMT; path=/; domain=.unicity.net; HttpOnly; SameSite=Lax, X-Powered-By=Express, x-request-id=0363d985-c2aa-4cab-9bff-7cc7c7b767af, x-request-release=5-2020063002/master, x-request-uuid=0363d985-c2aa-4cab-9bff-7cc7c7b767af, Access-Control-Allow-Origin=http://enroll.ng.unicityqa.com, vary=Accept-Encoding, link=<http://unicity.github.io/Hydra.php/docs/v5/>; rel="help", www-authenticate=Basic realm="Restricted API", cache-control=no-cache, must-revalidate, expires=0, content-language=en-US, x-status-code=200, content-encoding=gzip, x-envoy-upstream-service-time=4216, access-control-expose-headers=x-b3-traceid, x-request-id, ETag=W/"78e-V4VAfwLE0jVJIWKOIE9lNe5j9bM", CF-Cache-Status=DYNAMIC, cf-request-id=03a7d197ab0000fbac07bfc200000001, Expect-CT=max-age=604800, report-uri="https://report-uri.cloudflare.com/cdn-cgi/beacon/expect-ct", Server=cloudflare, CF-RAY=5ab985391cb5fbac-MCI, alt-svc=h3-27=":443"; ma=86400, h3-28=":443"; ma=86400, h3-29=":443"; ma=86400]
suman84097
{shipToAddress={zip=84097, country=US, address1=1209 N 800 E, state=}, shippingMethod={href=https://hydraqa.unicity.net/v5a-test/shippingmethods?type=NextDay}, lines={items=[{item={href=https://hydraqa.unicity.net/v5a-test/items?id.unicity=26580}, quantity=1}, {item={href=https://hydraqa.unicity.net/v5a-test/items?id.unicity=31440}, quantity=1}, {item={href=https://hydraqa.unicity.net/v5a-test/items?id.unicity=31518}, quantity=1}, {item={href=https://hydraqa.unicity.net/v5a-test/items?id.unicity=31751}, quantity=1}, {item={href=https://hydraqa.unicity.net/v5a-test/items?id.unicity=31859}, quantity=1}]}, customer={href=https://hydraqa.unicity.net/v5a-test/customers?type=Associate}}
kalyan84097
Unicity [Date=Tue, 30 Jun 2020 17:13:58 GMT, Content-Type=text/javascript; charset=utf-8, Content-Length=1934, Connection=keep-alive, Set-Cookie=__cfduid=d95f0ab998d86607d5cbed5e6646446431593537234; expires=Thu, 30-Jul-20 17:13:54 GMT; path=/; domain=.unicity.net; HttpOnly; SameSite=Lax, X-Powered-By=Express, x-request-id=700eb99d-fbf8-42f0-b146-ba84ba30f04f, x-request-release=5-2020063002/master, x-request-uuid=700eb99d-fbf8-42f0-b146-ba84ba30f04f, Access-Control-Allow-Origin=http://enroll.ng.unicityqa.com, vary=Accept-Encoding, link=<http://unicity.github.io/Hydra.php/docs/v5/>; rel="help", www-authenticate=Basic realm="Restricted API", cache-control=no-cache, must-revalidate, expires=0, content-language=en-US, x-status-code=200, content-encoding=gzip, x-envoy-upstream-service-time=3796, access-control-expose-headers=x-b3-traceid, x-request-id, ETag=W/"78e-C6Wa2iOycjXdL8Dc2F5mfuNI3Mw", CF-Cache-Status=DYNAMIC, cf-request-id=03a7d19db00000fbbcfb04f200000001, Expect-CT=max-age=604800, report-uri="https://report-uri.cloudflare.com/cdn-cgi/beacon/expect-ct", Server=cloudflare, CF-RAY=5ab98542be52fbbc-MCI, alt-svc=h3-27=":443"; ma=86400, h3-28=":443"; ma=86400, h3-29=":443"; ma=86400]
suman84097
{shipToAddress={zip=84097, country=US, address1=1209 N 800 E, state=}, shippingMethod={href=https://hydraqa.unicity.net/v5a-test/shippingmethods?type=NextDay}, lines={items=[{item={href=https://hydraqa.unicity.net/v5a-test/items?id.unicity=26580}, quantity=1}, {item={href=https://hydraqa.unicity.net/v5a-test/items?id.unicity=31440}, quantity=1}, {item={href=https://hydraqa.unicity.net/v5a-test/items?id.unicity=31518}, quantity=1}, {item={href=https://hydraqa.unicity.net/v5a-test/items?id.unicity=31751}, quantity=1}, {item={href=https://hydraqa.unicity.net/v5a-test/items?id.unicity=31859}, quantity=1}]}, customer={href=https://hydraqa.unicity.net/v5a-test/customers?type=Associate}}
kalyan84097
Unicity [Date=Tue, 30 Jun 2020 17:14:01 GMT, Content-Type=text/javascript; charset=utf-8, Content-Length=1932, Connection=keep-alive, Set-Cookie=__cfduid=db1d921c67937480e789f161e0d576f201593537237; expires=Thu, 30-Jul-20 17:13:57 GMT; path=/; domain=.unicity.net; HttpOnly; SameSite=Lax, X-Powered-By=Express, x-request-id=ca53a7a2-7cfa-4c45-ada5-a2a662d70dda, x-request-release=5-2020063002/master, x-request-uuid=ca53a7a2-7cfa-4c45-ada5-a2a662d70dda, Access-Control-Allow-Origin=http://enroll.ng.unicityqa.com, vary=Accept-Encoding, link=<http://unicity.github.io/Hydra.php/docs/v5/>; rel="help", www-authenticate=Basic realm="Restricted API", cache-control=no-cache, must-revalidate, expires=0, content-language=en-US, x-status-code=200, content-encoding=gzip, x-envoy-upstream-service-time=3850, access-control-expose-headers=x-b3-traceid, x-request-id, ETag=W/"78c-X6NvTzyf5oKGZ+vJgubC7X6yz+Y", CF-Cache-Status=DYNAMIC, cf-request-id=03a7d1a8860000fbac07961200000001, Expect-CT=max-age=604800, report-uri="https://report-uri.cloudflare.com/cdn-cgi/beacon/expect-ct", Server=cloudflare, CF-RAY=5ab985540855fbac-MCI, alt-svc=h3-27=":443"; ma=86400, h3-28=":443"; ma=86400, h3-29=":443"; ma=86400]
suman84097
{shipToAddress={zip=84097, country=US, address1=1209 N 800 E, state=}, shippingMethod={href=https://hydraqa.unicity.net/v5a-test/shippingmethods?type=NextDay}, lines={items=[{item={href=https://hydraqa.unicity.net/v5a-test/items?id.unicity=26580}, quantity=1}, {item={href=https://hydraqa.unicity.net/v5a-test/items?id.unicity=31440}, quantity=1}, {item={href=https://hydraqa.unicity.net/v5a-test/items?id.unicity=31518}, quantity=1}, {item={href=https://hydraqa.unicity.net/v5a-test/items?id.unicity=31751}, quantity=1}, {item={href=https://hydraqa.unicity.net/v5a-test/items?id.unicity=31859}, quantity=1}]}, customer={href=https://hydraqa.unicity.net/v5a-test/customers?type=Associate}}
kalyan84097
Unicity [Date=Tue, 30 Jun 2020 17:14:02 GMT, Content-Type=text/javascript; charset=utf-8, Content-Length=1934, Connection=keep-alive, Set-Cookie=__cfduid=dc4d6044b98ecda08200fcf5968bd5c201593537238; expires=Thu, 30-Jul-20 17:13:58 GMT; path=/; domain=.unicity.net; HttpOnly; SameSite=Lax, X-Powered-By=Express, x-request-id=e4387190-6453-40ac-83ca-b7b8e3d07bca, x-request-release=5-2020063002/master, x-request-uuid=e4387190-6453-40ac-83ca-b7b8e3d07bca, Access-Control-Allow-Origin=http://enroll.ng.unicityqa.com, vary=Accept-Encoding, link=<http://unicity.github.io/Hydra.php/docs/v5/>; rel="help", www-authenticate=Basic realm="Restricted API", cache-control=no-cache, must-revalidate, expires=0, content-language=en-US, x-status-code=200, content-encoding=gzip, x-envoy-upstream-service-time=3632, access-control-expose-headers=x-b3-traceid, x-request-id, ETag=W/"78e-p0QhSAzdKfxe8wcFsK/aiuH9r7o", CF-Cache-Status=DYNAMIC, cf-request-id=03a7d1adf00000fbbc10b2b200000001, Expect-CT=max-age=604800, report-uri="https://report-uri.cloudflare.com/cdn-cgi/beacon/expect-ct", Server=cloudflare, CF-RAY=5ab9855cba7dfbbc-MCI, alt-svc=h3-27=":443"; ma=86400, h3-28=":443"; ma=86400, h3-29=":443"; ma=86400]
suman84097
{shipToAddress={zip=84097, country=US, address1=1209 N 800 E, state=}, shippingMethod={href=https://hydraqa.unicity.net/v5a-test/shippingmethods?type=NextDay}, lines={items=[{item={href=https://hydraqa.unicity.net/v5a-test/items?id.unicity=26580}, quantity=1}, {item={href=https://hydraqa.unicity.net/v5a-test/items?id.unicity=31440}, quantity=1}, {item={href=https://hydraqa.unicity.net/v5a-test/items?id.unicity=31518}, quantity=1}, {item={href=https://hydraqa.unicity.net/v5a-test/items?id.unicity=31751}, quantity=1}, {item={href=https://hydraqa.unicity.net/v5a-test/items?id.unicity=31859}, quantity=1}]}, customer={href=https://hydraqa.unicity.net/v5a-test/customers?type=Associate}}
kalyan84097
Unicity [Date=Tue, 30 Jun 2020 17:14:05 GMT, Content-Type=text/javascript; charset=utf-8, Content-Length=1933, Connection=keep-alive, Set-Cookie=__cfduid=d49efafaeabec606b9ca8113f6aba70d21593537240; expires=Thu, 30-Jul-20 17:14:00 GMT; path=/; domain=.unicity.net; HttpOnly; SameSite=Lax, X-Powered-By=Express, x-request-id=f390a144-73d7-4809-97f9-9e12be0c5d75, x-request-release=5-2020063002/master, x-request-uuid=f390a144-73d7-4809-97f9-9e12be0c5d75, Access-Control-Allow-Origin=http://enroll.ng.unicityqa.com, vary=Accept-Encoding, link=<http://unicity.github.io/Hydra.php/docs/v5/>; rel="help", www-authenticate=Basic realm="Restricted API", cache-control=no-cache, must-revalidate, expires=0, content-language=en-US, x-status-code=200, content-encoding=gzip, x-envoy-upstream-service-time=3979, access-control-expose-headers=x-b3-traceid, x-request-id, ETag=W/"78d-+yz4UkbIVwF+y5JO3FLtQm/tDtE", CF-Cache-Status=DYNAMIC, cf-request-id=03a7d1b7920000fbc87c30d200000001, Expect-CT=max-age=604800, report-uri="https://report-uri.cloudflare.com/cdn-cgi/beacon/expect-ct", Server=cloudflare, CF-RAY=5ab9856c1b46fbc8-MCI, alt-svc=h3-27=":443"; ma=86400, h3-28=":443"; ma=86400, h3-29=":443"; ma=86400]
suman84097
{shipToAddress={zip=84097, country=US, address1=1209 N 800 E, state=}, shippingMethod={href=https://hydraqa.unicity.net/v5a-test/shippingmethods?type=NextDay}, lines={items=[{item={href=https://hydraqa.unicity.net/v5a-test/items?id.unicity=26580}, quantity=1}, {item={href=https://hydraqa.unicity.net/v5a-test/items?id.unicity=31440}, quantity=1}, {item={href=https://hydraqa.unicity.net/v5a-test/items?id.unicity=31518}, quantity=1}, {item={href=https://hydraqa.unicity.net/v5a-test/items?id.unicity=31751}, quantity=1}, {item={href=https://hydraqa.unicity.net/v5a-test/items?id.unicity=31859}, quantity=1}]}, customer={href=https://hydraqa.unicity.net/v5a-test/customers?type=Associate}}
kalyan84097
Unicity [Date=Tue, 30 Jun 2020 17:14:05 GMT, Content-Type=text/javascript; charset=utf-8, Content-Length=1937, Connection=keep-alive, Set-Cookie=__cfduid=db13c80870d6b940635d82dad77fcce9e1593537242; expires=Thu, 30-Jul-20 17:14:02 GMT; path=/; domain=.unicity.net; HttpOnly; SameSite=Lax, X-Powered-By=Express, x-request-id=cec973e1-4afc-4992-87f9-5cc69274e690, x-request-release=5-2020063002/master, x-request-uuid=cec973e1-4afc-4992-87f9-5cc69274e690, Access-Control-Allow-Origin=http://enroll.ng.unicityqa.com, vary=Accept-Encoding, link=<http://unicity.github.io/Hydra.php/docs/v5/>; rel="help", www-authenticate=Basic realm="Restricted API", cache-control=no-cache, must-revalidate, expires=0, content-language=en-US, x-status-code=200, content-encoding=gzip, x-envoy-upstream-service-time=3337, access-control-expose-headers=x-b3-traceid, x-request-id, ETag=W/"791-HXM7LwdycHlDr0rSZaqMD/um9qk", CF-Cache-Status=DYNAMIC, cf-request-id=03a7d1bd9d0000fbbcfb354200000001, Expect-CT=max-age=604800, report-uri="https://report-uri.cloudflare.com/cdn-cgi/beacon/expect-ct", Server=cloudflare, CF-RAY=5ab98575cbb6fbbc-MCI, alt-svc=h3-27=":443"; ma=86400, h3-28=":443"; ma=86400, h3-29=":443"; ma=86400]
suman84097
{shipToAddress={zip=84097, country=US, city=OREM, address1=1209 N 800 E, state=UT}, shippingMethod={href=https://hydraqa.unicity.net/v5a-test/shippingmethods?type=NextDay}, lines={items=[{item={href=https://hydraqa.unicity.net/v5a-test/items?id.unicity=26580}, quantity=1}, {item={href=https://hydraqa.unicity.net/v5a-test/items?id.unicity=31440}, quantity=1}, {item={href=https://hydraqa.unicity.net/v5a-test/items?id.unicity=31518}, quantity=1}, {item={href=https://hydraqa.unicity.net/v5a-test/items?id.unicity=31751}, quantity=1}, {item={href=https://hydraqa.unicity.net/v5a-test/items?id.unicity=31859}, quantity=1}]}, customer={href=https://hydraqa.unicity.net/v5a-test/customers?type=Associate}}
kalyan84097
Request URL: https://hydraqa.unicity.net/v5a-test/addresses?country=US&zip=84097
Entry response : {"items":[{"city":"Orem","state":"UT"}]}
No Pop UP
]]></system-out>
    <system-err><![CDATA[Starting ChromeDriver 2.36.540470 (e522d04694c7ebea4ba8821272dbef4f9b818c91) on port 23642
Only local connections are allowed.
Jun 30, 2020 11:10:48 AM org.openqa.selenium.remote.ProtocolHandshake createSession
INFO: Detected dialect: OSS
]]></system-err>
  </testcase>
  <testcase name="Enroll" classname="Tests.FranchisePartner" time="312.973">
    <failure message="Major Total Price is Wrong expected [168.04] but found [184.85]" type="java.lang.AssertionError">java.lang.AssertionError: Major Total Price is Wrong expected [168.04] but found [184.85]
	at Tests.FranchisePartner.Enroll(FranchisePartner.java:253)
</failure>
    <system-out><![CDATA[Request URL: https://hydraqa.unicity.net/v5a-test/quotes?&expand=item
Entry Quotes response : {"items":[{"lines":{"items":[{"item":{"href":"https:\/\/hydraqa.unicity.net\/v5a-test\/items\/ac37bf51ff7e4fe860da8457f6ce0425","id":{"unicity":"27166"},"weightEach":{"value":0},"servingsPerContainer":0,"servingSize":0},"quantity":1,"terms":{"priceEach":74.67,"taxEach":{"amount":6.72},"discountEach":{"amount":0},"pvEach":54},"quantityLimit":{"quantityQuota":-1,"timeFrameDays":-1,"quantityOrdered":0}}]},"currency":"EUR"},{"lines":{"items":[{"item":{"href":"https:\/\/hydraqa.unicity.net\/v5a-test\/items\/e9991b48ac639367d526d2b9b22fac8c","id":{"unicity":"32128"},"weightEach":{"value":0},"servingsPerContainer":0,"servingSize":0},"quantity":1,"terms":{"priceEach":371.87,"taxEach":{"amount":33.47},"discountEach":{"amount":0},"pvEach":253},"quantityLimit":{"quantityQuota":-1,"timeFrameDays":-1,"quantityOrdered":0}}]},"currency":"EUR"},{"lines":{"items":[{"item":{"href":"https:\/\/hydraqa.unicity.net\/v5a-test\/items\/40b3312de189221d96d838d33a8ec49d","id":{"unicity":"32129"},"weightEach":{"value":0},"servingsPerContainer":0,"servingSize":0},"quantity":1,"terms":{"priceEach":371.87,"taxEach":{"amount":33.47},"discountEach":{"amount":0},"pvEach":254},"quantityLimit":{"quantityQuota":-1,"timeFrameDays":-1,"quantityOrdered":0}}]},"currency":"EUR"},{"lines":{"items":[{"item":{"href":"https:\/\/hydraqa.unicity.net\/v5a-test\/items\/6bd168a66ce41003a8f30917deff5808","id":{"unicity":"32130"},"weightEach":{"value":0},"servingsPerContainer":0,"servingSize":0},"quantity":1,"terms":{"priceEach":363.46,"taxEach":{"amount":32.71},"discountEach":{"amount":0},"pvEach":252},"quantityLimit":{"quantityQuota":-1,"timeFrameDays":-1,"quantityOrdered":0}}]},"currency":"EUR"},{"lines":{"items":[{"item":{"href":"https:\/\/hydraqa.unicity.net\/v5a-test\/items\/806f99b793edd7cd0b1c158ba0eb3142","id":{"unicity":"32132"},"weightEach":{"value":0},"servingsPerContainer":0,"servingSize":0},"quantity":1,"terms":{"priceEach":355.98,"taxEach":{"amount":32.04},"discountEach":{"amount":0},"pvEach":253},"quantityLimit":{"quantityQuota":-1,"timeFrameDays":-1,"quantityOrdered":0}}]},"currency":"EUR"},{"lines":{"items":[{"item":{"href":"https:\/\/hydraqa.unicity.net\/v5a-test\/items\/e3d382d99fde8659cb146b54116e7654","id":{"unicity":"32133"},"weightEach":{"value":0},"servingsPerContainer":0,"servingSize":0},"quantity":1,"terms":{"priceEach":364.39,"taxEach":{"amount":32.8},"discountEach":{"amount":0},"pvEach":252},"quantityLimit":{"quantityQuota":-1,"timeFrameDays":-1,"quantityOrdered":0}}]},"currency":"EUR"},{"lines":{"items":[{"item":{"href":"https:\/\/hydraqa.unicity.net\/v5a-test\/items\/022f109fe6e5eae3e521295a5cb94c60","id":{"unicity":"32134"},"weightEach":{"value":0},"servingsPerContainer":0,"servingSize":0},"quantity":1,"terms":{"priceEach":144.77,"taxEach":{"amount":13.03},"discountEach":{"amount":0},"pvEach":101},"quantityLimit":{"quantityQuota":-1,"timeFrameDays":-1,"quantityOrdered":0}}]},"currency":"EUR"},{"lines":{"items":[{"item":{"href":"https:\/\/hydraqa.unicity.net\/v5a-test\/items\/ded00960d5e948dd8e511a9c752e1ff9","id":{"unicity":"32135"},"weightEach":{"value":0},"servingsPerContainer":0,"servingSize":0},"quantity":1,"terms":{"priceEach":154.11,"taxEach":{"amount":13.87},"discountEach":{"amount":0},"pvEach":113},"quantityLimit":{"quantityQuota":-1,"timeFrameDays":-1,"quantityOrdered":0}}]},"currency":"EUR"},{"lines":{"items":[{"item":{"href":"https:\/\/hydraqa.unicity.net\/v5a-test\/items\/166a69d45c4ae40278554e24d5f40443","id":{"unicity":"32137"},"weightEach":{"value":0},"servingsPerContainer":0,"servingSize":0},"quantity":1,"terms":{"priceEach":168.13,"taxEach":{"amount":15.13},"discountEach":{"amount":0},"pvEach":118},"quantityLimit":{"quantityQuota":-1,"timeFrameDays":-1,"quantityOrdered":0}}]},"currency":"EUR"},{"lines":{"items":[{"item":{"href":"https:\/\/hydraqa.unicity.net\/v5a-test\/items\/d04a0b8762b20202b6273114fb7302d1","id":{"unicity":"32138"},"weightEach":{"value":0},"servingsPerContainer":0,"servingSize":0},"quantity":1,"terms":{"priceEach":224.21,"taxEach":{"amount":20.18},"discountEach":{"amount":0},"pvEach":152},"quantityLimit":{"quantityQuota":-1,"timeFrameDays":-1,"quantityOrdered":0}}]},"currency":"EUR"},{"lines":{"items":[{"item":{"href":"https:\/\/hydraqa.unicity.net\/v5a-test\/items\/e13d0b5c40704ad5dd186959367c97f1","id":{"unicity":"32125"},"weightEach":{"value":0},"servingsPerContainer":0,"servingSize":0},"quantity":1,"terms":{"priceEach":373.74,"taxEach":{"amount":33.64},"discountEach":{"amount":0},"pvEach":250},"quantityLimit":{"quantityQuota":-1,"timeFrameDays":-1,"quantityOrdered":0}}]},"currency":"EUR"},{"lines":{"items":[{"item":{"href":"https:\/\/hydraqa.unicity.net\/v5a-test\/items\/c451532f63a06f0e9a054e946a1a1c3b","id":{"unicity":"18511"},"weightEach":{"value":0},"servingsPerContainer":0,"servingSize":0},"quantity":1,"terms":{"priceEach":37.29,"taxEach":{"amount":3.36},"discountEach":{"amount":0},"pvEach":23},"quantityLimit":{"quantityQuota":-1,"timeFrameDays":-1,"quantityOrdered":0}}]},"currency":"EUR"},{"lines":{"items":[{"item":{"href":"https:\/\/hydraqa.unicity.net\/v5a-test\/items\/9752a919e28f96747163918165b46f23","id":{"unicity":"19941"},"weightEach":{"value":558},"servingsPerContainer":15,"servingSize":0},"quantity":1,"terms":{"priceEach":32.62,"taxEach":{"amount":2.94},"discountEach":{"amount":0},"pvEach":20},"quantityLimit":{"quantityQuota":-1,"timeFrameDays":-1,"quantityOrdered":0}}]},"currency":"EUR"},{"lines":{"items":[{"item":{"href":"https:\/\/hydraqa.unicity.net\/v5a-test\/items\/1945faa1776541d53120ecfe3c1d8a2b","id":{"unicity":"24418"},"weightEach":{"value":0},"servingsPerContainer":0,"servingSize":0},"quantity":1,"terms":{"priceEach":4.96,"taxEach":{"amount":1.04},"discountEach":{"amount":0},"pvEach":0},"quantityLimit":{"quantityQuota":-1,"timeFrameDays":-1,"quantityOrdered":0}}]},"currency":"EUR"},{"lines":{"items":[{"item":{"href":"https:\/\/hydraqa.unicity.net\/v5a-test\/items\/4e49c95f12ae7be78e5ffab68b8b3ca6","id":{"unicity":"26422"},"weightEach":{"value":0},"servingsPerContainer":0,"servingSize":0},"quantity":1,"terms":{"priceEach":19,"taxEach":{"amount":1.71},"discountEach":{"amount":0},"pvEach":0},"quantityLimit":{"quantityQuota":-1,"timeFrameDays":-1,"quantityOrdered":0}}]},"currency":"EUR"},{"lines":{"items":[{"item":{"href":"https:\/\/hydraqa.unicity.net\/v5a-test\/items\/10da226fab00279b4f89df10af2a10b7","id":{"unicity":"26442"},"weightEach":{"value":0},"servingsPerContainer":0,"servingSize":0},"quantity":1,"terms":{"priceEach":5.8,"taxEach":{"amount":1.22},"discountEach":{"amount":0},"pvEach":0},"quantityLimit":{"quantityQuota":-1,"timeFrameDays":-1,"quantityOrdered":0}}]},"currency":"EUR"},{"lines":{"items":[{"item":{"href":"https:\/\/hydraqa.unicity.net\/v5a-test\/items\/50e73ecfa509ac20c4a250f9cb32fdfc","id":{"unicity":"27156"},"weightEach":{"value":0},"servingsPerContainer":0,"servingSize":0},"quantity":1,"terms":{"priceEach":20.47,"taxEach":{"amount":1.84},"discountEach":{"amount":0},"pvEach":13},"quantityLimit":{"quantityQuota":-1,"timeFrameDays":-1,"quantityOrdered":0}}]},"currency":"EUR"},{"lines":{"items":[{"item":{"href":"https:\/\/hydraqa.unicity.net\/v5a-test\/items\/d92292ba2f23c030e4a1f63eb3ebe1ce","id":{"unicity":"27158"},"weightEach":{"value":0},"servingsPerContainer":0,"servingSize":0},"quantity":1,"terms":{"priceEach":27.94,"taxEach":{"amount":2.51},"discountEach":{"amount":0},"pvEach":23},"quantityLimit":{"quantityQuota":-1,"timeFrameDays":-1,"quantityOrdered":0}}]},"currency":"EUR"},{"lines":{"items":[{"item":{"href":"https:\/\/hydraqa.unicity.net\/v5a-test\/items\/0d3b8d4f7c4d4082db1b4ecffb6693fb","id":{"unicity":"27160"},"weightEach":{"value":0},"servingsPerContainer":0,"servingSize":0},"quantity":1,"terms":{"priceEach":74.67,"taxEach":{"amount":6.72},"discountEach":{"amount":0},"pvEach":53},"quantityLimit":{"quantityQuota":-1,"timeFrameDays":-1,"quantityOrdered":0}}]},"currency":"EUR"},{"lines":{"items":[{"item":{"href":"https:\/\/hydraqa.unicity.net\/v5a-test\/items\/a7bda1cb4a35343e52791aba56debc4a","id":{"unicity":"27617"},"weightEach":{"value":0},"servingsPerContainer":0,"servingSize":0},"quantity":1,"terms":{"priceEach":29.81,"taxEach":{"amount":2.68},"discountEach":{"amount":0},"pvEach":18},"quantityLimit":{"quantityQuota":-1,"timeFrameDays":-1,"quantityOrdered":0}}]},"currency":"EUR"},{"lines":{"items":[{"item":{"href":"https:\/\/hydraqa.unicity.net\/v5a-test\/items\/a36d9fdd0fd7561e6180fb5b2ff27164","id":{"unicity":"27660"},"weightEach":{"value":0},"servingsPerContainer":0,"servingSize":0},"quantity":1,"terms":{"priceEach":31.68,"taxEach":{"amount":2.85},"discountEach":{"amount":0},"pvEach":18},"quantityLimit":{"quantityQuota":-1,"timeFrameDays":-1,"quantityOrdered":0}}]},"currency":"EUR"},{"lines":{"items":[{"item":{"href":"https:\/\/hydraqa.unicity.net\/v5a-test\/items\/112b8c39286598b3730f630f371a45f4","id":{"unicity":"27587"},"weightEach":{"value":0},"servingsPerContainer":0,"servingSize":0},"quantity":1,"terms":{"priceEach":55.98,"taxEach":{"amount":5.04},"discountEach":{"amount":0},"pvEach":34},"quantityLimit":{"quantityQuota":-1,"timeFrameDays":-1,"quantityOrdered":0}}]},"currency":"EUR"},{"lines":{"items":[{"item":{"href":"https:\/\/hydraqa.unicity.net\/v5a-test\/items\/0c0717a26fcfe40310e906487e8a12f7","id":{"unicity":"28601"},"weightEach":{"value":0},"servingsPerContainer":0,"servingSize":0},"quantity":1,"terms":{"priceEach":74.67,"taxEach":{"amount":6.72},"discountEach":{"amount":0},"pvEach":54},"quantityLimit":{"quantityQuota":-1,"timeFrameDays":-1,"quantityOrdered":0}}]},"currency":"EUR"},{"lines":{"items":[{"item":{"href":"https:\/\/hydraqa.unicity.net\/v5a-test\/items\/4790a55c442b5dc75a13b155e78c1842","id":{"unicity":"28604"},"weightEach":{"value":0},"servingsPerContainer":0,"servingSize":0},"quantity":1,"terms":{"priceEach":74.67,"taxEach":{"amount":6.72},"discountEach":{"amount":0},"pvEach":54},"quantityLimit":{"quantityQuota":-1,"timeFrameDays":-1,"quantityOrdered":0}}]},"currency":"EUR"},{"lines":{"items":[{"item":{"href":"https:\/\/hydraqa.unicity.net\/v5a-test\/items\/4b2034f47fce90b87bba28c5c2d7c25d","id":{"unicity":"15880"},"weightEach":{"value":0},"servingsPerContainer":0,"servingSize":0},"quantity":1,"terms":{"priceEach":51.31,"taxEach":{"amount":4.62},"discountEach":{"amount":0},"pvEach":33},"quantityLimit":{"quantityQuota":-1,"timeFrameDays":-1,"quantityOrdered":0}}]},"currency":"EUR"},{"lines":{"items":[{"item":{"href":"https:\/\/hydraqa.unicity.net\/v5a-test\/items\/398d06b858b960f6f38086d40608aef2","id":{"unicity":"26560"},"weightEach":{"value":0},"servingsPerContainer":0,"servingSize":0},"quantity":1,"terms":{"priceEach":20.47,"taxEach":{"amount":1.84},"discountEach":{"amount":0},"pvEach":13},"quantityLimit":{"quantityQuota":-1,"timeFrameDays":-1,"quantityOrdered":0}}]},"currency":"EUR"},{"lines":{"items":[{"item":{"href":"https:\/\/hydraqa.unicity.net\/v5a-test\/items\/e218d1cac5f31e7ae4f5876c29c57377","id":{"unicity":"29017"},"weightEach":{"value":0},"servingsPerContainer":0,"servingSize":0},"quantity":1,"terms":{"priceEach":37.29,"taxEach":{"amount":3.36},"discountEach":{"amount":0},"pvEach":23},"quantityLimit":{"quantityQuota":-1,"timeFrameDays":-1,"quantityOrdered":0}}]},"currency":"EUR"},{"lines":{"items":[{"item":{"href":"https:\/\/hydraqa.unicity.net\/v5a-test\/items\/3f2d12d7a0e8551fc99fad3bbe1ba633","id":{"unicity":"26567"},"weightEach":{"value":0},"servingsPerContainer":0,"servingSize":0},"quantity":1,"terms":{"priceEach":55.98,"taxEach":{"amount":5.04},"discountEach":{"amount":0},"pvEach":26},"quantityLimit":{"quantityQuota":-1,"timeFrameDays":-1,"quantityOrdered":0}}]},"currency":"EUR"},{"lines":{"items":[{"item":{"href":"https:\/\/hydraqa.unicity.net\/v5a-test\/items\/191637167cb3144bd2e8c4615e9ab67e","id":{"unicity":"26568"},"weightEach":{"value":0},"servingsPerContainer":0,"servingSize":0},"quantity":1,"terms":{"priceEach":55.98,"taxEach":{"amount":5.04},"discountEach":{"amount":0},"pvEach":26},"quantityLimit":{"quantityQuota":-1,"timeFrameDays":-1,"quantityOrdered":0}}]},"currency":"EUR"},{"lines":{"items":[{"item":{"href":"https:\/\/hydraqa.unicity.net\/v5a-test\/items\/64ec7ad932acafab052a4e8800ad1238","id":{"unicity":"24758"},"weightEach":{"value":0},"servingsPerContainer":0,"servingSize":0},"quantity":1,"terms":{"priceEach":37.29,"taxEach":{"amount":3.36},"discountEach":{"amount":0},"pvEach":23},"quantityLimit":{"quantityQuota":-1,"timeFrameDays":-1,"quantityOrdered":0}}]},"currency":"EUR"},{"lines":{"items":[{"item":{"href":"https:\/\/hydraqa.unicity.net\/v5a-test\/items\/2c4c1abe00983e85aaa918d2ce341491","id":{"unicity":"17174"},"weightEach":{"value":0},"servingsPerContainer":0,"servingSize":0},"quantity":1,"terms":{"priceEach":37.29,"taxEach":{"amount":3.36},"discountEach":{"amount":0},"pvEach":23},"quantityLimit":{"quantityQuota":-1,"timeFrameDays":-1,"quantityOrdered":0}}]},"currency":"EUR"},{"lines":{"items":[{"item":{"href":"https:\/\/hydraqa.unicity.net\/v5a-test\/items\/991cdbb84a495779eb209fb3956a77e4","id":{"unicity":"29183"},"weightEach":{"value":0},"servingsPerContainer":0,"servingSize":0},"quantity":1,"terms":{"priceEach":31.01,"taxEach":{"amount":6.51},"discountEach":{"amount":0},"pvEach":18},"quantityLimit":{"quantityQuota":-1,"timeFrameDays":-1,"quantityOrdered":0}}]},"currency":"EUR"},{"lines":{"items":[{"item":{"href":"https:\/\/hydraqa.unicity.net\/v5a-test\/items\/0e78fbdfebef11cd62f8d2120064ee58","id":{"unicity":"30280"},"weightEach":{"value":0},"servingsPerContainer":0,"servingSize":0},"quantity":1,"terms":{"priceEach":33.53,"taxEach":{"amount":7.04},"discountEach":{"amount":0},"pvEach":20},"quantityLimit":{"quantityQuota":-1,"timeFrameDays":-1,"quantityOrdered":0}}]},"currency":"EUR"},{"lines":{"items":[{"item":{"href":"https:\/\/hydraqa.unicity.net\/v5a-test\/items\/beb900429fbb160dbfc3001c14d96df4","id":{"unicity":"29187"},"weightEach":{"value":0},"servingsPerContainer":0,"servingSize":0},"quantity":1,"terms":{"priceEach":37.73,"taxEach":{"amount":7.92},"discountEach":{"amount":0},"pvEach":24},"quantityLimit":{"quantityQuota":-1,"timeFrameDays":-1,"quantityOrdered":0}}]},"currency":"EUR"},{"lines":{"items":[{"item":{"href":"https:\/\/hydraqa.unicity.net\/v5a-test\/items\/1b0412bea8c0b841c66f65a36aa14108","id":{"unicity":"29191"},"weightEach":{"value":0},"servingsPerContainer":0,"servingSize":0},"quantity":1,"terms":{"priceEach":37.73,"taxEach":{"amount":7.92},"discountEach":{"amount":0},"pvEach":24},"quantityLimit":{"quantityQuota":-1,"timeFrameDays":-1,"quantityOrdered":0}}]},"currency":"EUR"},{"lines":{"items":[{"item":{"href":"https:\/\/hydraqa.unicity.net\/v5a-test\/items\/ab2a2b07b17718843a66bee04ff40624","id":{"unicity":"31402"},"weightEach":{"value":0},"servingsPerContainer":0,"servingSize":0},"quantity":1,"terms":{"priceEach":98.9,"taxEach":{"amount":8.9},"discountEach":{"amount":0},"pvEach":70},"quantityLimit":{"quantityQuota":-1,"timeFrameDays":-1,"quantityOrdered":0}}]},"currency":"EUR"},{"lines":{"items":[{"item":{"href":"https:\/\/hydraqa.unicity.net\/v5a-test\/items\/db0a2b02eaabc5ad45fe91ba5c7bcf5a","id":{"unicity":"31772"},"weightEach":{"value":0},"servingsPerContainer":0,"servingSize":0},"quantity":1,"terms":{"priceEach":8.32,"taxEach":{"amount":1.75},"discountEach":{"amount":0},"pvEach":0},"quantityLimit":{"quantityQuota":-1,"timeFrameDays":-1,"quantityOrdered":0}}]},"currency":"EUR"},{"lines":{"items":[{"item":{"href":"https:\/\/hydraqa.unicity.net\/v5a-test\/items\/34c8c6b0f454da738e64265f08c57a72","id":{"unicity":"31777"},"weightEach":{"value":0},"servingsPerContainer":0,"servingSize":0},"quantity":1,"terms":{"priceEach":6.22,"taxEach":{"amount":1.31},"discountEach":{"amount":0},"pvEach":3},"quantityLimit":{"quantityQuota":-1,"timeFrameDays":-1,"quantityOrdered":0}}]},"currency":"EUR"},{"lines":{"items":[{"item":{"href":"https:\/\/hydraqa.unicity.net\/v5a-test\/items\/fc8583e3bf463b599fdcce05234bc137","id":{"unicity":"31780"},"weightEach":{"value":0},"servingsPerContainer":0,"servingSize":0},"quantity":1,"terms":{"priceEach":8.32,"taxEach":{"amount":1.75},"discountEach":{"amount":0},"pvEach":4},"quantityLimit":{"quantityQuota":-1,"timeFrameDays":-1,"quantityOrdered":0}}]},"currency":"EUR"},{"lines":{"items":[{"item":{"href":"https:\/\/hydraqa.unicity.net\/v5a-test\/items\/7e80331c8c25f515174d3f894283a27c","id":{"unicity":"31781"},"weightEach":{"value":0},"servingsPerContainer":0,"servingSize":0},"quantity":1,"terms":{"priceEach":8.32,"taxEach":{"amount":1.75},"discountEach":{"amount":0},"pvEach":4},"quantityLimit":{"quantityQuota":-1,"timeFrameDays":-1,"quantityOrdered":0}}]},"currency":"EUR"},{"lines":{"items":[{"item":{"href":"https:\/\/hydraqa.unicity.net\/v5a-test\/items\/8d3854b47de8e45d6fcdc194dffff601","id":{"unicity":"31782"},"weightEach":{"value":0},"servingsPerContainer":0,"servingSize":0},"quantity":1,"terms":{"priceEach":12.52,"taxEach":{"amount":2.63},"discountEach":{"amount":0},"pvEach":6},"quantityLimit":{"quantityQuota":-1,"timeFrameDays":-1,"quantityOrdered":0}}]},"currency":"EUR"},{"lines":{"items":[{"item":{"href":"https:\/\/hydraqa.unicity.net\/v5a-test\/items\/04516be30bd9bf93e01536e7fc8f8716","id":{"unicity":"31779"},"weightEach":{"value":0},"servingsPerContainer":0,"servingSize":0},"quantity":1,"terms":{"priceEach":10,"taxEach":{"amount":2.1},"discountEach":{"amount":0},"pvEach":5},"quantityLimit":{"quantityQuota":-1,"timeFrameDays":-1,"quantityOrdered":0}}]},"currency":"EUR"},{"lines":{"items":[{"item":{"href":"https:\/\/hydraqa.unicity.net\/v5a-test\/items\/d7e1dd4b19a8672aed99e591356c0d48","id":{"unicity":"31932"},"weightEach":{"value":0},"servingsPerContainer":0,"servingSize":0},"quantity":1,"terms":{"priceEach":6.22,"taxEach":{"amount":1.31},"discountEach":{"amount":0},"pvEach":3},"quantityLimit":{"quantityQuota":-1,"timeFrameDays":-1,"quantityOrdered":0}}]},"currency":"EUR"},{"lines":{"items":[{"item":{"href":"https:\/\/hydraqa.unicity.net\/v5a-test\/items\/1aa00306dc0006d365acd7436548f2e6","id":{"unicity":"31778"},"weightEach":{"value":0},"servingsPerContainer":0,"servingSize":0},"quantity":1,"terms":{"priceEach":12.52,"taxEach":{"amount":2.63},"discountEach":{"amount":0},"pvEach":6},"quantityLimit":{"quantityQuota":-1,"timeFrameDays":-1,"quantityOrdered":0}}]},"currency":"EUR"},{"lines":{"items":[{"item":{"href":"https:\/\/hydraqa.unicity.net\/v5a-test\/items\/881451fd39a6a3113e33935db22da7ae","id":{"unicity":"32553"},"weightEach":{"value":0},"servingsPerContainer":0,"servingSize":0},"quantity":1,"terms":{"priceEach":2.44,"taxEach":{"amount":0.51},"discountEach":{"amount":0},"pvEach":0},"quantityLimit":{"quantityQuota":-1,"timeFrameDays":-1,"quantityOrdered":0}}]},"currency":"EUR"},{"lines":{"items":[{"item":{"href":"https:\/\/hydraqa.unicity.net\/v5a-test\/items\/4fc6de0cb7817f39a836ff08609b8539","id":{"unicity":"32556"},"weightEach":{"value":0},"servingsPerContainer":0,"servingSize":0},"quantity":1,"terms":{"priceEach":2.44,"taxEach":{"amount":0.51},"discountEach":{"amount":0},"pvEach":0},"quantityLimit":{"quantityQuota":-1,"timeFrameDays":-1,"quantityOrdered":0}}]},"currency":"EUR"},{"lines":{"items":[{"item":{"href":"https:\/\/hydraqa.unicity.net\/v5a-test\/items\/2262fdd5af916c31df08089c191735c1","id":{"unicity":"29317"},"weightEach":{"value":0},"servingsPerContainer":0,"servingSize":0},"quantity":1,"terms":{"priceEach":25.21,"taxEach":{"amount":5.29},"discountEach":{"amount":0},"pvEach":0},"quantityLimit":{"quantityQuota":-1,"timeFrameDays":-1,"quantityOrdered":0}}]},"currency":"EUR"},{"lines":{"items":[{"item":{"href":"https:\/\/hydraqa.unicity.net\/v5a-test\/items\/217ca02fbd24e21ca5281412756238ab","id":{"unicity":"32126"},"weightEach":{"value":0},"servingsPerContainer":0,"servingSize":0},"quantity":1,"terms":{"priceEach":152.24,"taxEach":{"amount":14.7},"discountEach":{"amount":0},"pvEach":101},"quantityLimit":{"quantityQuota":-1,"timeFrameDays":-1,"quantityOrdered":0}}]},"currency":"EUR"},{"lines":{"items":[{"item":{"href":"https:\/\/hydraqa.unicity.net\/v5a-test\/items\/808008a0657d2033ad471c39bbce9891","id":{"unicity":"32127"},"weightEach":{"value":0},"servingsPerContainer":0,"servingSize":0},"quantity":1,"terms":{"priceEach":162.34,"taxEach":{"amount":15.61},"discountEach":{"amount":0},"pvEach":113},"quantityLimit":{"quantityQuota":-1,"timeFrameDays":-1,"quantityOrdered":0}}]},"currency":"EUR"},{"lines":{"items":[{"item":{"href":"https:\/\/hydraqa.unicity.net\/v5a-test\/items\/2f1d0aa90494ae2e08035922c701f968","id":{"unicity":"29832"},"weightEach":{"value":0},"servingsPerContainer":0,"servingSize":0},"quantity":1,"terms":{"priceEach":47.57,"taxEach":{"amount":4.28},"discountEach":{"amount":0},"pvEach":39},"quantityLimit":{"quantityQuota":-1,"timeFrameDays":-1,"quantityOrdered":0}}]},"currency":"EUR"},{"lines":{"items":[{"item":{"href":"https:\/\/hydraqa.unicity.net\/v5a-test\/items\/10df0fc3509b53cbeaeb9476ca92d520","id":{"unicity":"29833"},"weightEach":{"value":0},"servingsPerContainer":0,"servingSize":0},"quantity":1,"terms":{"priceEach":90.56,"taxEach":{"amount":8.15},"discountEach":{"amount":0},"pvEach":69},"quantityLimit":{"quantityQuota":-1,"timeFrameDays":-1,"quantityOrdered":0}}]},"currency":"EUR"},{"lines":{"items":[{"item":{"href":"https:\/\/hydraqa.unicity.net\/v5a-test\/items\/332daeac6796ed016ea8b7d0bc42c2d4","id":{"unicity":"24274"},"weightEach":{"value":0},"servingsPerContainer":0,"servingSize":0},"quantity":1,"terms":{"priceEach":7.48,"taxEach":{"amount":1.57},"discountEach":{"amount":0},"pvEach":0},"quantityLimit":{"quantityQuota":-1,"timeFrameDays":-1,"quantityOrdered":0}}]},"currency":"EUR"},{"lines":{"items":[{"item":{"href":"https:\/\/hydraqa.unicity.net\/v5a-test\/items\/5147f8cfe32548e02fc158d4da9c4d6f","id":{"unicity":"27150"},"weightEach":{"value":0},"servingsPerContainer":0,"servingSize":0},"quantity":1,"terms":{"priceEach":93.36,"taxEach":{"amount":8.4},"discountEach":{"amount":0},"pvEach":70},"quantityLimit":{"quantityQuota":-1,"timeFrameDays":-1,"quantityOrdered":0}}]},"currency":"EUR"},{"lines":{"items":[{"item":{"href":"https:\/\/hydraqa.unicity.net\/v5a-test\/items\/03eba2365025ccd85818846a83a16f47","id":{"unicity":"27163"},"weightEach":{"value":0},"servingsPerContainer":0,"servingSize":0},"quantity":1,"terms":{"priceEach":74.67,"taxEach":{"amount":6.72},"discountEach":{"amount":0},"pvEach":54},"quantityLimit":{"quantityQuota":-1,"timeFrameDays":-1,"quantityOrdered":0}}]},"currency":"EUR"},{"lines":{"items":[{"item":{"href":"https:\/\/hydraqa.unicity.net\/v5a-test\/items\/7d4ad2792f7056e5f81eb24f118ef737","id":{"unicity":"27575"},"weightEach":{"value":0},"servingsPerContainer":0,"servingSize":0},"quantity":1,"terms":{"priceEach":55.98,"taxEach":{"amount":5.04},"discountEach":{"amount":0},"pvEach":34},"quantityLimit":{"quantityQuota":-1,"timeFrameDays":-1,"quantityOrdered":0}}]},"currency":"EUR"},{"lines":{"items":[{"item":{"href":"https:\/\/hydraqa.unicity.net\/v5a-test\/items\/0eebdede5bdb8bf4d71e800b6f3cead1","id":{"unicity":"30825"},"weightEach":{"value":0},"servingsPerContainer":0,"servingSize":0},"quantity":1,"terms":{"priceEach":37.29,"taxEach":{"amount":3.36},"discountEach":{"amount":0},"pvEach":23},"quantityLimit":{"quantityQuota":-1,"timeFrameDays":-1,"quantityOrdered":0}}]},"currency":"EUR"},{"lines":{"items":[{"item":{"href":"https:\/\/hydraqa.unicity.net\/v5a-test\/items\/606f7be753c74dfbfe4b107276775140","id":{"unicity":"29821"},"weightEach":{"value":0},"servingsPerContainer":0,"servingSize":0},"quantity":1,"terms":{"priceEach":79.35,"taxEach":{"amount":7.14},"discountEach":{"amount":0},"pvEach":59},"quantityLimit":{"quantityQuota":-1,"timeFrameDays":-1,"quantityOrdered":0}}]},"currency":"EUR"},{"lines":{"items":[{"item":{"href":"https:\/\/hydraqa.unicity.net\/v5a-test\/items\/94939f9be900906d2b47260ccba22a7b","id":{"unicity":"32012"},"weightEach":{"value":0},"servingsPerContainer":0,"servingSize":0},"quantity":1,"terms":{"priceEach":13.93,"taxEach":{"amount":1.25},"discountEach":{"amount":0},"pvEach":6},"quantityLimit":{"quantityQuota":-1,"timeFrameDays":-1,"quantityOrdered":0}}]},"currency":"EUR"},{"lines":{"items":[{"item":{"href":"https:\/\/hydraqa.unicity.net\/v5a-test\/items\/52c87f74d3b41ed49b0f897b66c2a99b","id":{"unicity":"30684"},"weightEach":{"value":0},"servingsPerContainer":0,"servingSize":0},"quantity":1,"terms":{"priceEach":37.29,"taxEach":{"amount":3.36},"discountEach":{"amount":0},"pvEach":23},"quantityLimit":{"quantityQuota":-1,"timeFrameDays":-1,"quantityOrdered":0}}]},"currency":"EUR"},{"lines":{"items":[{"item":{"href":"https:\/\/hydraqa.unicity.net\/v5a-test\/items\/90f38f77c9e6ea5a71aa7377df83760b","id":{"unicity":"30198"},"weightEach":{"value":0},"servingsPerContainer":0,"servingSize":0},"quantity":1,"terms":{"priceEach":19,"taxEach":{"amount":1.71},"discountEach":{"amount":0},"pvEach":16},"quantityLimit":{"quantityQuota":-1,"timeFrameDays":-1,"quantityOrdered":0}}]},"currency":"EUR"},{"lines":{"items":[{"item":{"href":"https:\/\/hydraqa.unicity.net\/v5a-test\/items\/7e5e7df32701fd44947c8146f2129f7a","id":{"unicity":"31672"},"weightEach":{"value":0},"servingsPerContainer":0,"servingSize":0},"quantity":1,"terms":{"priceEach":74.67,"taxEach":{"amount":6.72},"discountEach":{"amount":0},"pvEach":54},"quantityLimit":{"quantityQuota":-1,"timeFrameDays":-1,"quantityOrdered":0}}]},"currency":"EUR"},{"lines":{"items":[{"item":{"href":"https:\/\/hydraqa.unicity.net\/v5a-test\/items\/493c2ba720f847422eccc5da35024f33","id":{"unicity":"31534"},"weightEach":{"value":0},"servingsPerContainer":0,"servingSize":0},"quantity":1,"terms":{"priceEach":26.07,"taxEach":{"amount":2.35},"discountEach":{"amount":0},"pvEach":16},"quantityLimit":{"quantityQuota":-1,"timeFrameDays":-1,"quantityOrdered":0}}]},"currency":"EUR"},{"lines":{"items":[{"item":{"href":"https:\/\/hydraqa.unicity.net\/v5a-test\/items\/bfddb53fe0d5ed5432c531dc9850cbe4","id":{"unicity":"29449"},"weightEach":{"value":0},"servingsPerContainer":0,"servingSize":0},"quantity":1,"terms":{"priceEach":26.07,"taxEach":{"amount":2.35},"discountEach":{"amount":0},"pvEach":16},"quantityLimit":{"quantityQuota":-1,"timeFrameDays":-1,"quantityOrdered":0}}]},"currency":"EUR"},{"lines":{"items":[{"item":{"href":"https:\/\/hydraqa.unicity.net\/v5a-test\/items\/75b870fdff12be635674216fe88d3204","id":{"unicity":"29984"},"weightEach":{"value":0},"servingsPerContainer":0,"servingSize":0},"quantity":1,"terms":{"priceEach":37.73,"taxEach":{"amount":7.92},"discountEach":{"amount":0},"pvEach":24},"quantityLimit":{"quantityQuota":-1,"timeFrameDays":-1,"quantityOrdered":0}}]},"currency":"EUR"},{"lines":{"items":[{"item":{"href":"https:\/\/hydraqa.unicity.net\/v5a-test\/items\/fbb6dbd577adb73abaec364076fb288f","id":{"unicity":"32087"},"weightEach":{"value":0},"servingsPerContainer":0,"servingSize":0},"quantity":1,"terms":{"priceEach":20.47,"taxEach":{"amount":1.84},"discountEach":{"amount":0},"pvEach":9},"quantityLimit":{"quantityQuota":-1,"timeFrameDays":-1,"quantityOrdered":0}}]},"currency":"EUR"},{"lines":{"items":[{"item":{"href":"https:\/\/hydraqa.unicity.net\/v5a-test\/items\/35dcc0035e442bbe6482f178ec38522c","id":{"unicity":"31868"},"weightEach":{"value":0},"servingsPerContainer":0,"servingSize":0},"quantity":1,"terms":{"priceEach":20.47,"taxEach":{"amount":1.84},"discountEach":{"amount":0},"pvEach":9},"quantityLimit":{"quantityQuota":-1,"timeFrameDays":-1,"quantityOrdered":0}}]},"currency":"EUR"},{"lines":{"items":[{"item":{"href":"https:\/\/hydraqa.unicity.net\/v5a-test\/items\/baa263a2750aa330fbd9e5b96fdb2b55","id":{"unicity":"32609"},"weightEach":{"value":0},"servingsPerContainer":0,"servingSize":0},"quantity":1,"terms":{"priceEach":55.98,"taxEach":{"amount":0},"discountEach":{"amount":0},"pvEach":34},"quantityLimit":{"quantityQuota":-1,"timeFrameDays":-1,"quantityOrdered":0}}]},"currency":"EUR"},{"lines":{"items":[{"item":{"href":"https:\/\/hydraqa.unicity.net\/v5a-test\/items\/592aef9ec417f4553dc0b62a91a1f5e0","id":{"unicity":"32330"},"weightEach":{"value":0},"servingsPerContainer":0,"servingSize":0},"quantity":1,"terms":{"priceEach":93.36,"taxEach":{"amount":8.4},"discountEach":{"amount":0},"pvEach":55},"quantityLimit":{"quantityQuota":-1,"timeFrameDays":-1,"quantityOrdered":0}}]},"currency":"EUR"}]}
Entry request : {"order":{"customer":{"href":"https://hydraqa.unicity.net/v5a-test/customers?type=Associate"},"shipToAddress":{"country":"LU"}},"vary":{"lines":{"items":[{"item":{"href":"https://hydraqa.unicity.net/v5a-test/items?id.unicity=27166|31951|31952|32128|32129|32130|32132|32133|32134|32135|32136|32137|32138|32125|32699|33092|33094|33093|18511|19941|24418|26422|26442|27156|27158|27160|27617|27660|27587|28601|28604|27395|15880|26560|29017|26567|26568|24758|17174|29183|30280|29187|29191|29522|31402|31772|31777|31780|31781|31782|31779|31932|31778|32553|32556|29317|32126|32127|29832|29833|32755|32756|32967|32968|32965|32966|33097|33095|33098|33096|24274|27150|27163|27575|30825|29821|32012|30684|30198|31672|31534|29449|29984|32087|31868|32609|32333|32330|32693"}}]}}}
Request URL: https://hydraqa.unicity.net/v5a-test/customers.js?callback=angular.callbacks._1&expand=customer,profilePicture&id.unicity=2
Request URL: https://hydraqa.unicity.net/v5a-test/customers.js?_httpMethod=HEAD&callback=angular.callbacks._7&email=LCEMRG@gmail.com
Request URL: https://hydraqa.unicity.net/v5a-test/shippingmethods.js?callback=angular.callbacks._a&destination=LU&market=LU
]]></system-out>
    <system-err><![CDATA[Starting ChromeDriver 2.36.540470 (e522d04694c7ebea4ba8821272dbef4f9b818c91) on port 41800
Only local connections are allowed.
Jun 30, 2020 11:15:25 AM org.openqa.selenium.remote.ProtocolHandshake createSession
INFO: Detected dialect: OSS
]]></system-err>
  </testcase>
  <testcase name="Enroll" classname="Tests.FranchisePartner" time="314.85">
    <failure message="Major Total Price is Wrong expected [168.04] but found [184.85]" type="java.lang.AssertionError">java.lang.AssertionError: Major Total Price is Wrong expected [168.04] but found [184.85]
	at Tests.FranchisePartner.Enroll(FranchisePartner.java:253)
</failure>
    <system-out><![CDATA[Request URL: https://hydraqa.unicity.net/v5a-test/quotes?&expand=item
Entry Quotes response : {"items":[{"lines":{"items":[{"item":{"href":"https:\/\/hydraqa.unicity.net\/v5a-test\/items\/ac37bf51ff7e4fe860da8457f6ce0425","id":{"unicity":"27166"},"weightEach":{"value":0},"servingsPerContainer":0,"servingSize":0},"quantity":1,"terms":{"priceEach":74.67,"taxEach":{"amount":6.72},"discountEach":{"amount":0},"pvEach":54},"quantityLimit":{"quantityQuota":-1,"timeFrameDays":-1,"quantityOrdered":0}}]},"currency":"EUR"},{"lines":{"items":[{"item":{"href":"https:\/\/hydraqa.unicity.net\/v5a-test\/items\/e9991b48ac639367d526d2b9b22fac8c","id":{"unicity":"32128"},"weightEach":{"value":0},"servingsPerContainer":0,"servingSize":0},"quantity":1,"terms":{"priceEach":371.87,"taxEach":{"amount":33.47},"discountEach":{"amount":0},"pvEach":253},"quantityLimit":{"quantityQuota":-1,"timeFrameDays":-1,"quantityOrdered":0}}]},"currency":"EUR"},{"lines":{"items":[{"item":{"href":"https:\/\/hydraqa.unicity.net\/v5a-test\/items\/40b3312de189221d96d838d33a8ec49d","id":{"unicity":"32129"},"weightEach":{"value":0},"servingsPerContainer":0,"servingSize":0},"quantity":1,"terms":{"priceEach":371.87,"taxEach":{"amount":33.47},"discountEach":{"amount":0},"pvEach":254},"quantityLimit":{"quantityQuota":-1,"timeFrameDays":-1,"quantityOrdered":0}}]},"currency":"EUR"},{"lines":{"items":[{"item":{"href":"https:\/\/hydraqa.unicity.net\/v5a-test\/items\/6bd168a66ce41003a8f30917deff5808","id":{"unicity":"32130"},"weightEach":{"value":0},"servingsPerContainer":0,"servingSize":0},"quantity":1,"terms":{"priceEach":363.46,"taxEach":{"amount":32.71},"discountEach":{"amount":0},"pvEach":252},"quantityLimit":{"quantityQuota":-1,"timeFrameDays":-1,"quantityOrdered":0}}]},"currency":"EUR"},{"lines":{"items":[{"item":{"href":"https:\/\/hydraqa.unicity.net\/v5a-test\/items\/806f99b793edd7cd0b1c158ba0eb3142","id":{"unicity":"32132"},"weightEach":{"value":0},"servingsPerContainer":0,"servingSize":0},"quantity":1,"terms":{"priceEach":355.98,"taxEach":{"amount":32.04},"discountEach":{"amount":0},"pvEach":253},"quantityLimit":{"quantityQuota":-1,"timeFrameDays":-1,"quantityOrdered":0}}]},"currency":"EUR"},{"lines":{"items":[{"item":{"href":"https:\/\/hydraqa.unicity.net\/v5a-test\/items\/e3d382d99fde8659cb146b54116e7654","id":{"unicity":"32133"},"weightEach":{"value":0},"servingsPerContainer":0,"servingSize":0},"quantity":1,"terms":{"priceEach":364.39,"taxEach":{"amount":32.8},"discountEach":{"amount":0},"pvEach":252},"quantityLimit":{"quantityQuota":-1,"timeFrameDays":-1,"quantityOrdered":0}}]},"currency":"EUR"},{"lines":{"items":[{"item":{"href":"https:\/\/hydraqa.unicity.net\/v5a-test\/items\/022f109fe6e5eae3e521295a5cb94c60","id":{"unicity":"32134"},"weightEach":{"value":0},"servingsPerContainer":0,"servingSize":0},"quantity":1,"terms":{"priceEach":144.77,"taxEach":{"amount":13.03},"discountEach":{"amount":0},"pvEach":101},"quantityLimit":{"quantityQuota":-1,"timeFrameDays":-1,"quantityOrdered":0}}]},"currency":"EUR"},{"lines":{"items":[{"item":{"href":"https:\/\/hydraqa.unicity.net\/v5a-test\/items\/ded00960d5e948dd8e511a9c752e1ff9","id":{"unicity":"32135"},"weightEach":{"value":0},"servingsPerContainer":0,"servingSize":0},"quantity":1,"terms":{"priceEach":154.11,"taxEach":{"amount":13.87},"discountEach":{"amount":0},"pvEach":113},"quantityLimit":{"quantityQuota":-1,"timeFrameDays":-1,"quantityOrdered":0}}]},"currency":"EUR"},{"lines":{"items":[{"item":{"href":"https:\/\/hydraqa.unicity.net\/v5a-test\/items\/166a69d45c4ae40278554e24d5f40443","id":{"unicity":"32137"},"weightEach":{"value":0},"servingsPerContainer":0,"servingSize":0},"quantity":1,"terms":{"priceEach":168.13,"taxEach":{"amount":15.13},"discountEach":{"amount":0},"pvEach":118},"quantityLimit":{"quantityQuota":-1,"timeFrameDays":-1,"quantityOrdered":0}}]},"currency":"EUR"},{"lines":{"items":[{"item":{"href":"https:\/\/hydraqa.unicity.net\/v5a-test\/items\/d04a0b8762b20202b6273114fb7302d1","id":{"unicity":"32138"},"weightEach":{"value":0},"servingsPerContainer":0,"servingSize":0},"quantity":1,"terms":{"priceEach":224.21,"taxEach":{"amount":20.18},"discountEach":{"amount":0},"pvEach":152},"quantityLimit":{"quantityQuota":-1,"timeFrameDays":-1,"quantityOrdered":0}}]},"currency":"EUR"},{"lines":{"items":[{"item":{"href":"https:\/\/hydraqa.unicity.net\/v5a-test\/items\/e13d0b5c40704ad5dd186959367c97f1","id":{"unicity":"32125"},"weightEach":{"value":0},"servingsPerContainer":0,"servingSize":0},"quantity":1,"terms":{"priceEach":373.74,"taxEach":{"amount":33.64},"discountEach":{"amount":0},"pvEach":250},"quantityLimit":{"quantityQuota":-1,"timeFrameDays":-1,"quantityOrdered":0}}]},"currency":"EUR"},{"lines":{"items":[{"item":{"href":"https:\/\/hydraqa.unicity.net\/v5a-test\/items\/c451532f63a06f0e9a054e946a1a1c3b","id":{"unicity":"18511"},"weightEach":{"value":0},"servingsPerContainer":0,"servingSize":0},"quantity":1,"terms":{"priceEach":37.29,"taxEach":{"amount":3.36},"discountEach":{"amount":0},"pvEach":23},"quantityLimit":{"quantityQuota":-1,"timeFrameDays":-1,"quantityOrdered":0}}]},"currency":"EUR"},{"lines":{"items":[{"item":{"href":"https:\/\/hydraqa.unicity.net\/v5a-test\/items\/9752a919e28f96747163918165b46f23","id":{"unicity":"19941"},"weightEach":{"value":558},"servingsPerContainer":15,"servingSize":0},"quantity":1,"terms":{"priceEach":32.62,"taxEach":{"amount":2.94},"discountEach":{"amount":0},"pvEach":20},"quantityLimit":{"quantityQuota":-1,"timeFrameDays":-1,"quantityOrdered":0}}]},"currency":"EUR"},{"lines":{"items":[{"item":{"href":"https:\/\/hydraqa.unicity.net\/v5a-test\/items\/1945faa1776541d53120ecfe3c1d8a2b","id":{"unicity":"24418"},"weightEach":{"value":0},"servingsPerContainer":0,"servingSize":0},"quantity":1,"terms":{"priceEach":4.96,"taxEach":{"amount":1.04},"discountEach":{"amount":0},"pvEach":0},"quantityLimit":{"quantityQuota":-1,"timeFrameDays":-1,"quantityOrdered":0}}]},"currency":"EUR"},{"lines":{"items":[{"item":{"href":"https:\/\/hydraqa.unicity.net\/v5a-test\/items\/4e49c95f12ae7be78e5ffab68b8b3ca6","id":{"unicity":"26422"},"weightEach":{"value":0},"servingsPerContainer":0,"servingSize":0},"quantity":1,"terms":{"priceEach":19,"taxEach":{"amount":1.71},"discountEach":{"amount":0},"pvEach":0},"quantityLimit":{"quantityQuota":-1,"timeFrameDays":-1,"quantityOrdered":0}}]},"currency":"EUR"},{"lines":{"items":[{"item":{"href":"https:\/\/hydraqa.unicity.net\/v5a-test\/items\/10da226fab00279b4f89df10af2a10b7","id":{"unicity":"26442"},"weightEach":{"value":0},"servingsPerContainer":0,"servingSize":0},"quantity":1,"terms":{"priceEach":5.8,"taxEach":{"amount":1.22},"discountEach":{"amount":0},"pvEach":0},"quantityLimit":{"quantityQuota":-1,"timeFrameDays":-1,"quantityOrdered":0}}]},"currency":"EUR"},{"lines":{"items":[{"item":{"href":"https:\/\/hydraqa.unicity.net\/v5a-test\/items\/50e73ecfa509ac20c4a250f9cb32fdfc","id":{"unicity":"27156"},"weightEach":{"value":0},"servingsPerContainer":0,"servingSize":0},"quantity":1,"terms":{"priceEach":20.47,"taxEach":{"amount":1.84},"discountEach":{"amount":0},"pvEach":13},"quantityLimit":{"quantityQuota":-1,"timeFrameDays":-1,"quantityOrdered":0}}]},"currency":"EUR"},{"lines":{"items":[{"item":{"href":"https:\/\/hydraqa.unicity.net\/v5a-test\/items\/d92292ba2f23c030e4a1f63eb3ebe1ce","id":{"unicity":"27158"},"weightEach":{"value":0},"servingsPerContainer":0,"servingSize":0},"quantity":1,"terms":{"priceEach":27.94,"taxEach":{"amount":2.51},"discountEach":{"amount":0},"pvEach":23},"quantityLimit":{"quantityQuota":-1,"timeFrameDays":-1,"quantityOrdered":0}}]},"currency":"EUR"},{"lines":{"items":[{"item":{"href":"https:\/\/hydraqa.unicity.net\/v5a-test\/items\/0d3b8d4f7c4d4082db1b4ecffb6693fb","id":{"unicity":"27160"},"weightEach":{"value":0},"servingsPerContainer":0,"servingSize":0},"quantity":1,"terms":{"priceEach":74.67,"taxEach":{"amount":6.72},"discountEach":{"amount":0},"pvEach":53},"quantityLimit":{"quantityQuota":-1,"timeFrameDays":-1,"quantityOrdered":0}}]},"currency":"EUR"},{"lines":{"items":[{"item":{"href":"https:\/\/hydraqa.unicity.net\/v5a-test\/items\/a7bda1cb4a35343e52791aba56debc4a","id":{"unicity":"27617"},"weightEach":{"value":0},"servingsPerContainer":0,"servingSize":0},"quantity":1,"terms":{"priceEach":29.81,"taxEach":{"amount":2.68},"discountEach":{"amount":0},"pvEach":18},"quantityLimit":{"quantityQuota":-1,"timeFrameDays":-1,"quantityOrdered":0}}]},"currency":"EUR"},{"lines":{"items":[{"item":{"href":"https:\/\/hydraqa.unicity.net\/v5a-test\/items\/a36d9fdd0fd7561e6180fb5b2ff27164","id":{"unicity":"27660"},"weightEach":{"value":0},"servingsPerContainer":0,"servingSize":0},"quantity":1,"terms":{"priceEach":31.68,"taxEach":{"amount":2.85},"discountEach":{"amount":0},"pvEach":18},"quantityLimit":{"quantityQuota":-1,"timeFrameDays":-1,"quantityOrdered":0}}]},"currency":"EUR"},{"lines":{"items":[{"item":{"href":"https:\/\/hydraqa.unicity.net\/v5a-test\/items\/112b8c39286598b3730f630f371a45f4","id":{"unicity":"27587"},"weightEach":{"value":0},"servingsPerContainer":0,"servingSize":0},"quantity":1,"terms":{"priceEach":55.98,"taxEach":{"amount":5.04},"discountEach":{"amount":0},"pvEach":34},"quantityLimit":{"quantityQuota":-1,"timeFrameDays":-1,"quantityOrdered":0}}]},"currency":"EUR"},{"lines":{"items":[{"item":{"href":"https:\/\/hydraqa.unicity.net\/v5a-test\/items\/0c0717a26fcfe40310e906487e8a12f7","id":{"unicity":"28601"},"weightEach":{"value":0},"servingsPerContainer":0,"servingSize":0},"quantity":1,"terms":{"priceEach":74.67,"taxEach":{"amount":6.72},"discountEach":{"amount":0},"pvEach":54},"quantityLimit":{"quantityQuota":-1,"timeFrameDays":-1,"quantityOrdered":0}}]},"currency":"EUR"},{"lines":{"items":[{"item":{"href":"https:\/\/hydraqa.unicity.net\/v5a-test\/items\/4790a55c442b5dc75a13b155e78c1842","id":{"unicity":"28604"},"weightEach":{"value":0},"servingsPerContainer":0,"servingSize":0},"quantity":1,"terms":{"priceEach":74.67,"taxEach":{"amount":6.72},"discountEach":{"amount":0},"pvEach":54},"quantityLimit":{"quantityQuota":-1,"timeFrameDays":-1,"quantityOrdered":0}}]},"currency":"EUR"},{"lines":{"items":[{"item":{"href":"https:\/\/hydraqa.unicity.net\/v5a-test\/items\/4b2034f47fce90b87bba28c5c2d7c25d","id":{"unicity":"15880"},"weightEach":{"value":0},"servingsPerContainer":0,"servingSize":0},"quantity":1,"terms":{"priceEach":51.31,"taxEach":{"amount":4.62},"discountEach":{"amount":0},"pvEach":33},"quantityLimit":{"quantityQuota":-1,"timeFrameDays":-1,"quantityOrdered":0}}]},"currency":"EUR"},{"lines":{"items":[{"item":{"href":"https:\/\/hydraqa.unicity.net\/v5a-test\/items\/398d06b858b960f6f38086d40608aef2","id":{"unicity":"26560"},"weightEach":{"value":0},"servingsPerContainer":0,"servingSize":0},"quantity":1,"terms":{"priceEach":20.47,"taxEach":{"amount":1.84},"discountEach":{"amount":0},"pvEach":13},"quantityLimit":{"quantityQuota":-1,"timeFrameDays":-1,"quantityOrdered":0}}]},"currency":"EUR"},{"lines":{"items":[{"item":{"href":"https:\/\/hydraqa.unicity.net\/v5a-test\/items\/e218d1cac5f31e7ae4f5876c29c57377","id":{"unicity":"29017"},"weightEach":{"value":0},"servingsPerContainer":0,"servingSize":0},"quantity":1,"terms":{"priceEach":37.29,"taxEach":{"amount":3.36},"discountEach":{"amount":0},"pvEach":23},"quantityLimit":{"quantityQuota":-1,"timeFrameDays":-1,"quantityOrdered":0}}]},"currency":"EUR"},{"lines":{"items":[{"item":{"href":"https:\/\/hydraqa.unicity.net\/v5a-test\/items\/3f2d12d7a0e8551fc99fad3bbe1ba633","id":{"unicity":"26567"},"weightEach":{"value":0},"servingsPerContainer":0,"servingSize":0},"quantity":1,"terms":{"priceEach":55.98,"taxEach":{"amount":5.04},"discountEach":{"amount":0},"pvEach":26},"quantityLimit":{"quantityQuota":-1,"timeFrameDays":-1,"quantityOrdered":0}}]},"currency":"EUR"},{"lines":{"items":[{"item":{"href":"https:\/\/hydraqa.unicity.net\/v5a-test\/items\/191637167cb3144bd2e8c4615e9ab67e","id":{"unicity":"26568"},"weightEach":{"value":0},"servingsPerContainer":0,"servingSize":0},"quantity":1,"terms":{"priceEach":55.98,"taxEach":{"amount":5.04},"discountEach":{"amount":0},"pvEach":26},"quantityLimit":{"quantityQuota":-1,"timeFrameDays":-1,"quantityOrdered":0}}]},"currency":"EUR"},{"lines":{"items":[{"item":{"href":"https:\/\/hydraqa.unicity.net\/v5a-test\/items\/64ec7ad932acafab052a4e8800ad1238","id":{"unicity":"24758"},"weightEach":{"value":0},"servingsPerContainer":0,"servingSize":0},"quantity":1,"terms":{"priceEach":37.29,"taxEach":{"amount":3.36},"discountEach":{"amount":0},"pvEach":23},"quantityLimit":{"quantityQuota":-1,"timeFrameDays":-1,"quantityOrdered":0}}]},"currency":"EUR"},{"lines":{"items":[{"item":{"href":"https:\/\/hydraqa.unicity.net\/v5a-test\/items\/2c4c1abe00983e85aaa918d2ce341491","id":{"unicity":"17174"},"weightEach":{"value":0},"servingsPerContainer":0,"servingSize":0},"quantity":1,"terms":{"priceEach":37.29,"taxEach":{"amount":3.36},"discountEach":{"amount":0},"pvEach":23},"quantityLimit":{"quantityQuota":-1,"timeFrameDays":-1,"quantityOrdered":0}}]},"currency":"EUR"},{"lines":{"items":[{"item":{"href":"https:\/\/hydraqa.unicity.net\/v5a-test\/items\/991cdbb84a495779eb209fb3956a77e4","id":{"unicity":"29183"},"weightEach":{"value":0},"servingsPerContainer":0,"servingSize":0},"quantity":1,"terms":{"priceEach":31.01,"taxEach":{"amount":6.51},"discountEach":{"amount":0},"pvEach":18},"quantityLimit":{"quantityQuota":-1,"timeFrameDays":-1,"quantityOrdered":0}}]},"currency":"EUR"},{"lines":{"items":[{"item":{"href":"https:\/\/hydraqa.unicity.net\/v5a-test\/items\/0e78fbdfebef11cd62f8d2120064ee58","id":{"unicity":"30280"},"weightEach":{"value":0},"servingsPerContainer":0,"servingSize":0},"quantity":1,"terms":{"priceEach":33.53,"taxEach":{"amount":7.04},"discountEach":{"amount":0},"pvEach":20},"quantityLimit":{"quantityQuota":-1,"timeFrameDays":-1,"quantityOrdered":0}}]},"currency":"EUR"},{"lines":{"items":[{"item":{"href":"https:\/\/hydraqa.unicity.net\/v5a-test\/items\/beb900429fbb160dbfc3001c14d96df4","id":{"unicity":"29187"},"weightEach":{"value":0},"servingsPerContainer":0,"servingSize":0},"quantity":1,"terms":{"priceEach":37.73,"taxEach":{"amount":7.92},"discountEach":{"amount":0},"pvEach":24},"quantityLimit":{"quantityQuota":-1,"timeFrameDays":-1,"quantityOrdered":0}}]},"currency":"EUR"},{"lines":{"items":[{"item":{"href":"https:\/\/hydraqa.unicity.net\/v5a-test\/items\/1b0412bea8c0b841c66f65a36aa14108","id":{"unicity":"29191"},"weightEach":{"value":0},"servingsPerContainer":0,"servingSize":0},"quantity":1,"terms":{"priceEach":37.73,"taxEach":{"amount":7.92},"discountEach":{"amount":0},"pvEach":24},"quantityLimit":{"quantityQuota":-1,"timeFrameDays":-1,"quantityOrdered":0}}]},"currency":"EUR"},{"lines":{"items":[{"item":{"href":"https:\/\/hydraqa.unicity.net\/v5a-test\/items\/ab2a2b07b17718843a66bee04ff40624","id":{"unicity":"31402"},"weightEach":{"value":0},"servingsPerContainer":0,"servingSize":0},"quantity":1,"terms":{"priceEach":98.9,"taxEach":{"amount":8.9},"discountEach":{"amount":0},"pvEach":70},"quantityLimit":{"quantityQuota":-1,"timeFrameDays":-1,"quantityOrdered":0}}]},"currency":"EUR"},{"lines":{"items":[{"item":{"href":"https:\/\/hydraqa.unicity.net\/v5a-test\/items\/db0a2b02eaabc5ad45fe91ba5c7bcf5a","id":{"unicity":"31772"},"weightEach":{"value":0},"servingsPerContainer":0,"servingSize":0},"quantity":1,"terms":{"priceEach":8.32,"taxEach":{"amount":1.75},"discountEach":{"amount":0},"pvEach":0},"quantityLimit":{"quantityQuota":-1,"timeFrameDays":-1,"quantityOrdered":0}}]},"currency":"EUR"},{"lines":{"items":[{"item":{"href":"https:\/\/hydraqa.unicity.net\/v5a-test\/items\/34c8c6b0f454da738e64265f08c57a72","id":{"unicity":"31777"},"weightEach":{"value":0},"servingsPerContainer":0,"servingSize":0},"quantity":1,"terms":{"priceEach":6.22,"taxEach":{"amount":1.31},"discountEach":{"amount":0},"pvEach":3},"quantityLimit":{"quantityQuota":-1,"timeFrameDays":-1,"quantityOrdered":0}}]},"currency":"EUR"},{"lines":{"items":[{"item":{"href":"https:\/\/hydraqa.unicity.net\/v5a-test\/items\/fc8583e3bf463b599fdcce05234bc137","id":{"unicity":"31780"},"weightEach":{"value":0},"servingsPerContainer":0,"servingSize":0},"quantity":1,"terms":{"priceEach":8.32,"taxEach":{"amount":1.75},"discountEach":{"amount":0},"pvEach":4},"quantityLimit":{"quantityQuota":-1,"timeFrameDays":-1,"quantityOrdered":0}}]},"currency":"EUR"},{"lines":{"items":[{"item":{"href":"https:\/\/hydraqa.unicity.net\/v5a-test\/items\/7e80331c8c25f515174d3f894283a27c","id":{"unicity":"31781"},"weightEach":{"value":0},"servingsPerContainer":0,"servingSize":0},"quantity":1,"terms":{"priceEach":8.32,"taxEach":{"amount":1.75},"discountEach":{"amount":0},"pvEach":4},"quantityLimit":{"quantityQuota":-1,"timeFrameDays":-1,"quantityOrdered":0}}]},"currency":"EUR"},{"lines":{"items":[{"item":{"href":"https:\/\/hydraqa.unicity.net\/v5a-test\/items\/8d3854b47de8e45d6fcdc194dffff601","id":{"unicity":"31782"},"weightEach":{"value":0},"servingsPerContainer":0,"servingSize":0},"quantity":1,"terms":{"priceEach":12.52,"taxEach":{"amount":2.63},"discountEach":{"amount":0},"pvEach":6},"quantityLimit":{"quantityQuota":-1,"timeFrameDays":-1,"quantityOrdered":0}}]},"currency":"EUR"},{"lines":{"items":[{"item":{"href":"https:\/\/hydraqa.unicity.net\/v5a-test\/items\/04516be30bd9bf93e01536e7fc8f8716","id":{"unicity":"31779"},"weightEach":{"value":0},"servingsPerContainer":0,"servingSize":0},"quantity":1,"terms":{"priceEach":10,"taxEach":{"amount":2.1},"discountEach":{"amount":0},"pvEach":5},"quantityLimit":{"quantityQuota":-1,"timeFrameDays":-1,"quantityOrdered":0}}]},"currency":"EUR"},{"lines":{"items":[{"item":{"href":"https:\/\/hydraqa.unicity.net\/v5a-test\/items\/d7e1dd4b19a8672aed99e591356c0d48","id":{"unicity":"31932"},"weightEach":{"value":0},"servingsPerContainer":0,"servingSize":0},"quantity":1,"terms":{"priceEach":6.22,"taxEach":{"amount":1.31},"discountEach":{"amount":0},"pvEach":3},"quantityLimit":{"quantityQuota":-1,"timeFrameDays":-1,"quantityOrdered":0}}]},"currency":"EUR"},{"lines":{"items":[{"item":{"href":"https:\/\/hydraqa.unicity.net\/v5a-test\/items\/1aa00306dc0006d365acd7436548f2e6","id":{"unicity":"31778"},"weightEach":{"value":0},"servingsPerContainer":0,"servingSize":0},"quantity":1,"terms":{"priceEach":12.52,"taxEach":{"amount":2.63},"discountEach":{"amount":0},"pvEach":6},"quantityLimit":{"quantityQuota":-1,"timeFrameDays":-1,"quantityOrdered":0}}]},"currency":"EUR"},{"lines":{"items":[{"item":{"href":"https:\/\/hydraqa.unicity.net\/v5a-test\/items\/881451fd39a6a3113e33935db22da7ae","id":{"unicity":"32553"},"weightEach":{"value":0},"servingsPerContainer":0,"servingSize":0},"quantity":1,"terms":{"priceEach":2.44,"taxEach":{"amount":0.51},"discountEach":{"amount":0},"pvEach":0},"quantityLimit":{"quantityQuota":-1,"timeFrameDays":-1,"quantityOrdered":0}}]},"currency":"EUR"},{"lines":{"items":[{"item":{"href":"https:\/\/hydraqa.unicity.net\/v5a-test\/items\/4fc6de0cb7817f39a836ff08609b8539","id":{"unicity":"32556"},"weightEach":{"value":0},"servingsPerContainer":0,"servingSize":0},"quantity":1,"terms":{"priceEach":2.44,"taxEach":{"amount":0.51},"discountEach":{"amount":0},"pvEach":0},"quantityLimit":{"quantityQuota":-1,"timeFrameDays":-1,"quantityOrdered":0}}]},"currency":"EUR"},{"lines":{"items":[{"item":{"href":"https:\/\/hydraqa.unicity.net\/v5a-test\/items\/2262fdd5af916c31df08089c191735c1","id":{"unicity":"29317"},"weightEach":{"value":0},"servingsPerContainer":0,"servingSize":0},"quantity":1,"terms":{"priceEach":25.21,"taxEach":{"amount":5.29},"discountEach":{"amount":0},"pvEach":0},"quantityLimit":{"quantityQuota":-1,"timeFrameDays":-1,"quantityOrdered":0}}]},"currency":"EUR"},{"lines":{"items":[{"item":{"href":"https:\/\/hydraqa.unicity.net\/v5a-test\/items\/217ca02fbd24e21ca5281412756238ab","id":{"unicity":"32126"},"weightEach":{"value":0},"servingsPerContainer":0,"servingSize":0},"quantity":1,"terms":{"priceEach":152.24,"taxEach":{"amount":14.7},"discountEach":{"amount":0},"pvEach":101},"quantityLimit":{"quantityQuota":-1,"timeFrameDays":-1,"quantityOrdered":0}}]},"currency":"EUR"},{"lines":{"items":[{"item":{"href":"https:\/\/hydraqa.unicity.net\/v5a-test\/items\/808008a0657d2033ad471c39bbce9891","id":{"unicity":"32127"},"weightEach":{"value":0},"servingsPerContainer":0,"servingSize":0},"quantity":1,"terms":{"priceEach":162.34,"taxEach":{"amount":15.61},"discountEach":{"amount":0},"pvEach":113},"quantityLimit":{"quantityQuota":-1,"timeFrameDays":-1,"quantityOrdered":0}}]},"currency":"EUR"},{"lines":{"items":[{"item":{"href":"https:\/\/hydraqa.unicity.net\/v5a-test\/items\/2f1d0aa90494ae2e08035922c701f968","id":{"unicity":"29832"},"weightEach":{"value":0},"servingsPerContainer":0,"servingSize":0},"quantity":1,"terms":{"priceEach":47.57,"taxEach":{"amount":4.28},"discountEach":{"amount":0},"pvEach":39},"quantityLimit":{"quantityQuota":-1,"timeFrameDays":-1,"quantityOrdered":0}}]},"currency":"EUR"},{"lines":{"items":[{"item":{"href":"https:\/\/hydraqa.unicity.net\/v5a-test\/items\/10df0fc3509b53cbeaeb9476ca92d520","id":{"unicity":"29833"},"weightEach":{"value":0},"servingsPerContainer":0,"servingSize":0},"quantity":1,"terms":{"priceEach":90.56,"taxEach":{"amount":8.15},"discountEach":{"amount":0},"pvEach":69},"quantityLimit":{"quantityQuota":-1,"timeFrameDays":-1,"quantityOrdered":0}}]},"currency":"EUR"},{"lines":{"items":[{"item":{"href":"https:\/\/hydraqa.unicity.net\/v5a-test\/items\/332daeac6796ed016ea8b7d0bc42c2d4","id":{"unicity":"24274"},"weightEach":{"value":0},"servingsPerContainer":0,"servingSize":0},"quantity":1,"terms":{"priceEach":7.48,"taxEach":{"amount":1.57},"discountEach":{"amount":0},"pvEach":0},"quantityLimit":{"quantityQuota":-1,"timeFrameDays":-1,"quantityOrdered":0}}]},"currency":"EUR"},{"lines":{"items":[{"item":{"href":"https:\/\/hydraqa.unicity.net\/v5a-test\/items\/5147f8cfe32548e02fc158d4da9c4d6f","id":{"unicity":"27150"},"weightEach":{"value":0},"servingsPerContainer":0,"servingSize":0},"quantity":1,"terms":{"priceEach":93.36,"taxEach":{"amount":8.4},"discountEach":{"amount":0},"pvEach":70},"quantityLimit":{"quantityQuota":-1,"timeFrameDays":-1,"quantityOrdered":0}}]},"currency":"EUR"},{"lines":{"items":[{"item":{"href":"https:\/\/hydraqa.unicity.net\/v5a-test\/items\/03eba2365025ccd85818846a83a16f47","id":{"unicity":"27163"},"weightEach":{"value":0},"servingsPerContainer":0,"servingSize":0},"quantity":1,"terms":{"priceEach":74.67,"taxEach":{"amount":6.72},"discountEach":{"amount":0},"pvEach":54},"quantityLimit":{"quantityQuota":-1,"timeFrameDays":-1,"quantityOrdered":0}}]},"currency":"EUR"},{"lines":{"items":[{"item":{"href":"https:\/\/hydraqa.unicity.net\/v5a-test\/items\/7d4ad2792f7056e5f81eb24f118ef737","id":{"unicity":"27575"},"weightEach":{"value":0},"servingsPerContainer":0,"servingSize":0},"quantity":1,"terms":{"priceEach":55.98,"taxEach":{"amount":5.04},"discountEach":{"amount":0},"pvEach":34},"quantityLimit":{"quantityQuota":-1,"timeFrameDays":-1,"quantityOrdered":0}}]},"currency":"EUR"},{"lines":{"items":[{"item":{"href":"https:\/\/hydraqa.unicity.net\/v5a-test\/items\/0eebdede5bdb8bf4d71e800b6f3cead1","id":{"unicity":"30825"},"weightEach":{"value":0},"servingsPerContainer":0,"servingSize":0},"quantity":1,"terms":{"priceEach":37.29,"taxEach":{"amount":3.36},"discountEach":{"amount":0},"pvEach":23},"quantityLimit":{"quantityQuota":-1,"timeFrameDays":-1,"quantityOrdered":0}}]},"currency":"EUR"},{"lines":{"items":[{"item":{"href":"https:\/\/hydraqa.unicity.net\/v5a-test\/items\/606f7be753c74dfbfe4b107276775140","id":{"unicity":"29821"},"weightEach":{"value":0},"servingsPerContainer":0,"servingSize":0},"quantity":1,"terms":{"priceEach":79.35,"taxEach":{"amount":7.14},"discountEach":{"amount":0},"pvEach":59},"quantityLimit":{"quantityQuota":-1,"timeFrameDays":-1,"quantityOrdered":0}}]},"currency":"EUR"},{"lines":{"items":[{"item":{"href":"https:\/\/hydraqa.unicity.net\/v5a-test\/items\/94939f9be900906d2b47260ccba22a7b","id":{"unicity":"32012"},"weightEach":{"value":0},"servingsPerContainer":0,"servingSize":0},"quantity":1,"terms":{"priceEach":13.93,"taxEach":{"amount":1.25},"discountEach":{"amount":0},"pvEach":6},"quantityLimit":{"quantityQuota":-1,"timeFrameDays":-1,"quantityOrdered":0}}]},"currency":"EUR"},{"lines":{"items":[{"item":{"href":"https:\/\/hydraqa.unicity.net\/v5a-test\/items\/52c87f74d3b41ed49b0f897b66c2a99b","id":{"unicity":"30684"},"weightEach":{"value":0},"servingsPerContainer":0,"servingSize":0},"quantity":1,"terms":{"priceEach":37.29,"taxEach":{"amount":3.36},"discountEach":{"amount":0},"pvEach":23},"quantityLimit":{"quantityQuota":-1,"timeFrameDays":-1,"quantityOrdered":0}}]},"currency":"EUR"},{"lines":{"items":[{"item":{"href":"https:\/\/hydraqa.unicity.net\/v5a-test\/items\/90f38f77c9e6ea5a71aa7377df83760b","id":{"unicity":"30198"},"weightEach":{"value":0},"servingsPerContainer":0,"servingSize":0},"quantity":1,"terms":{"priceEach":19,"taxEach":{"amount":1.71},"discountEach":{"amount":0},"pvEach":16},"quantityLimit":{"quantityQuota":-1,"timeFrameDays":-1,"quantityOrdered":0}}]},"currency":"EUR"},{"lines":{"items":[{"item":{"href":"https:\/\/hydraqa.unicity.net\/v5a-test\/items\/7e5e7df32701fd44947c8146f2129f7a","id":{"unicity":"31672"},"weightEach":{"value":0},"servingsPerContainer":0,"servingSize":0},"quantity":1,"terms":{"priceEach":74.67,"taxEach":{"amount":6.72},"discountEach":{"amount":0},"pvEach":54},"quantityLimit":{"quantityQuota":-1,"timeFrameDays":-1,"quantityOrdered":0}}]},"currency":"EUR"},{"lines":{"items":[{"item":{"href":"https:\/\/hydraqa.unicity.net\/v5a-test\/items\/493c2ba720f847422eccc5da35024f33","id":{"unicity":"31534"},"weightEach":{"value":0},"servingsPerContainer":0,"servingSize":0},"quantity":1,"terms":{"priceEach":26.07,"taxEach":{"amount":2.35},"discountEach":{"amount":0},"pvEach":16},"quantityLimit":{"quantityQuota":-1,"timeFrameDays":-1,"quantityOrdered":0}}]},"currency":"EUR"},{"lines":{"items":[{"item":{"href":"https:\/\/hydraqa.unicity.net\/v5a-test\/items\/bfddb53fe0d5ed5432c531dc9850cbe4","id":{"unicity":"29449"},"weightEach":{"value":0},"servingsPerContainer":0,"servingSize":0},"quantity":1,"terms":{"priceEach":26.07,"taxEach":{"amount":2.35},"discountEach":{"amount":0},"pvEach":16},"quantityLimit":{"quantityQuota":-1,"timeFrameDays":-1,"quantityOrdered":0}}]},"currency":"EUR"},{"lines":{"items":[{"item":{"href":"https:\/\/hydraqa.unicity.net\/v5a-test\/items\/75b870fdff12be635674216fe88d3204","id":{"unicity":"29984"},"weightEach":{"value":0},"servingsPerContainer":0,"servingSize":0},"quantity":1,"terms":{"priceEach":37.73,"taxEach":{"amount":7.92},"discountEach":{"amount":0},"pvEach":24},"quantityLimit":{"quantityQuota":-1,"timeFrameDays":-1,"quantityOrdered":0}}]},"currency":"EUR"},{"lines":{"items":[{"item":{"href":"https:\/\/hydraqa.unicity.net\/v5a-test\/items\/fbb6dbd577adb73abaec364076fb288f","id":{"unicity":"32087"},"weightEach":{"value":0},"servingsPerContainer":0,"servingSize":0},"quantity":1,"terms":{"priceEach":20.47,"taxEach":{"amount":1.84},"discountEach":{"amount":0},"pvEach":9},"quantityLimit":{"quantityQuota":-1,"timeFrameDays":-1,"quantityOrdered":0}}]},"currency":"EUR"},{"lines":{"items":[{"item":{"href":"https:\/\/hydraqa.unicity.net\/v5a-test\/items\/35dcc0035e442bbe6482f178ec38522c","id":{"unicity":"31868"},"weightEach":{"value":0},"servingsPerContainer":0,"servingSize":0},"quantity":1,"terms":{"priceEach":20.47,"taxEach":{"amount":1.84},"discountEach":{"amount":0},"pvEach":9},"quantityLimit":{"quantityQuota":-1,"timeFrameDays":-1,"quantityOrdered":0}}]},"currency":"EUR"},{"lines":{"items":[{"item":{"href":"https:\/\/hydraqa.unicity.net\/v5a-test\/items\/baa263a2750aa330fbd9e5b96fdb2b55","id":{"unicity":"32609"},"weightEach":{"value":0},"servingsPerContainer":0,"servingSize":0},"quantity":1,"terms":{"priceEach":55.98,"taxEach":{"amount":0},"discountEach":{"amount":0},"pvEach":34},"quantityLimit":{"quantityQuota":-1,"timeFrameDays":-1,"quantityOrdered":0}}]},"currency":"EUR"},{"lines":{"items":[{"item":{"href":"https:\/\/hydraqa.unicity.net\/v5a-test\/items\/592aef9ec417f4553dc0b62a91a1f5e0","id":{"unicity":"32330"},"weightEach":{"value":0},"servingsPerContainer":0,"servingSize":0},"quantity":1,"terms":{"priceEach":93.36,"taxEach":{"amount":8.4},"discountEach":{"amount":0},"pvEach":55},"quantityLimit":{"quantityQuota":-1,"timeFrameDays":-1,"quantityOrdered":0}}]},"currency":"EUR"}]}
Entry request : {"order":{"customer":{"href":"https://hydraqa.unicity.net/v5a-test/customers?type=Associate"},"shipToAddress":{"country":"LU"}},"vary":{"lines":{"items":[{"item":{"href":"https://hydraqa.unicity.net/v5a-test/items?id.unicity=27166|31951|31952|32128|32129|32130|32132|32133|32134|32135|32136|32137|32138|32125|32699|33092|33094|33093|18511|19941|24418|26422|26442|27156|27158|27160|27617|27660|27587|28601|28604|27395|15880|26560|29017|26567|26568|24758|17174|29183|30280|29187|29191|29522|31402|31772|31777|31780|31781|31782|31779|31932|31778|32553|32556|29317|32126|32127|29832|29833|32755|32756|32967|32968|32965|32966|33097|33095|33098|33096|24274|27150|27163|27575|30825|29821|32012|30684|30198|31672|31534|29449|29984|32087|31868|32609|32333|32330|32693"}}]}}}
Request URL: https://hydraqa.unicity.net/v5a-test/customers.js?callback=angular.callbacks._1&expand=customer,profilePicture&id.unicity=2
Request URL: https://hydraqa.unicity.net/v5a-test/customers.js?_httpMethod=HEAD&callback=angular.callbacks._7&email=GUGBOP@gmail.com
Request URL: https://hydraqa.unicity.net/v5a-test/shippingmethods.js?callback=angular.callbacks._a&destination=LU&market=LU
]]></system-out>
    <system-err><![CDATA[Starting ChromeDriver 2.36.540470 (e522d04694c7ebea4ba8821272dbef4f9b818c91) on port 40643
Only local connections are allowed.
Jun 30, 2020 11:20:44 AM org.openqa.selenium.remote.ProtocolHandshake createSession
INFO: Detected dialect: OSS
]]></system-err>
  </testcase>
  <testcase name="Enroll" classname="Tests.FranchisePartner" time="313.557">
    <failure message="Major Total Price is Wrong expected [168.04] but found [184.85]" type="java.lang.AssertionError">java.lang.AssertionError: Major Total Price is Wrong expected [168.04] but found [184.85]
	at Tests.FranchisePartner.Enroll(FranchisePartner.java:253)
</failure>
    <system-out><![CDATA[Request URL: https://hydraqa.unicity.net/v5a-test/quotes?&expand=item
Entry Quotes response : {"items":[{"lines":{"items":[{"item":{"href":"https:\/\/hydraqa.unicity.net\/v5a-test\/items\/ac37bf51ff7e4fe860da8457f6ce0425","id":{"unicity":"27166"},"weightEach":{"value":0},"servingsPerContainer":0,"servingSize":0},"quantity":1,"terms":{"priceEach":74.67,"taxEach":{"amount":6.72},"discountEach":{"amount":0},"pvEach":54},"quantityLimit":{"quantityQuota":-1,"timeFrameDays":-1,"quantityOrdered":0}}]},"currency":"EUR"},{"lines":{"items":[{"item":{"href":"https:\/\/hydraqa.unicity.net\/v5a-test\/items\/e9991b48ac639367d526d2b9b22fac8c","id":{"unicity":"32128"},"weightEach":{"value":0},"servingsPerContainer":0,"servingSize":0},"quantity":1,"terms":{"priceEach":371.87,"taxEach":{"amount":33.47},"discountEach":{"amount":0},"pvEach":253},"quantityLimit":{"quantityQuota":-1,"timeFrameDays":-1,"quantityOrdered":0}}]},"currency":"EUR"},{"lines":{"items":[{"item":{"href":"https:\/\/hydraqa.unicity.net\/v5a-test\/items\/40b3312de189221d96d838d33a8ec49d","id":{"unicity":"32129"},"weightEach":{"value":0},"servingsPerContainer":0,"servingSize":0},"quantity":1,"terms":{"priceEach":371.87,"taxEach":{"amount":33.47},"discountEach":{"amount":0},"pvEach":254},"quantityLimit":{"quantityQuota":-1,"timeFrameDays":-1,"quantityOrdered":0}}]},"currency":"EUR"},{"lines":{"items":[{"item":{"href":"https:\/\/hydraqa.unicity.net\/v5a-test\/items\/6bd168a66ce41003a8f30917deff5808","id":{"unicity":"32130"},"weightEach":{"value":0},"servingsPerContainer":0,"servingSize":0},"quantity":1,"terms":{"priceEach":363.46,"taxEach":{"amount":32.71},"discountEach":{"amount":0},"pvEach":252},"quantityLimit":{"quantityQuota":-1,"timeFrameDays":-1,"quantityOrdered":0}}]},"currency":"EUR"},{"lines":{"items":[{"item":{"href":"https:\/\/hydraqa.unicity.net\/v5a-test\/items\/806f99b793edd7cd0b1c158ba0eb3142","id":{"unicity":"32132"},"weightEach":{"value":0},"servingsPerContainer":0,"servingSize":0},"quantity":1,"terms":{"priceEach":355.98,"taxEach":{"amount":32.04},"discountEach":{"amount":0},"pvEach":253},"quantityLimit":{"quantityQuota":-1,"timeFrameDays":-1,"quantityOrdered":0}}]},"currency":"EUR"},{"lines":{"items":[{"item":{"href":"https:\/\/hydraqa.unicity.net\/v5a-test\/items\/e3d382d99fde8659cb146b54116e7654","id":{"unicity":"32133"},"weightEach":{"value":0},"servingsPerContainer":0,"servingSize":0},"quantity":1,"terms":{"priceEach":364.39,"taxEach":{"amount":32.8},"discountEach":{"amount":0},"pvEach":252},"quantityLimit":{"quantityQuota":-1,"timeFrameDays":-1,"quantityOrdered":0}}]},"currency":"EUR"},{"lines":{"items":[{"item":{"href":"https:\/\/hydraqa.unicity.net\/v5a-test\/items\/022f109fe6e5eae3e521295a5cb94c60","id":{"unicity":"32134"},"weightEach":{"value":0},"servingsPerContainer":0,"servingSize":0},"quantity":1,"terms":{"priceEach":144.77,"taxEach":{"amount":13.03},"discountEach":{"amount":0},"pvEach":101},"quantityLimit":{"quantityQuota":-1,"timeFrameDays":-1,"quantityOrdered":0}}]},"currency":"EUR"},{"lines":{"items":[{"item":{"href":"https:\/\/hydraqa.unicity.net\/v5a-test\/items\/ded00960d5e948dd8e511a9c752e1ff9","id":{"unicity":"32135"},"weightEach":{"value":0},"servingsPerContainer":0,"servingSize":0},"quantity":1,"terms":{"priceEach":154.11,"taxEach":{"amount":13.87},"discountEach":{"amount":0},"pvEach":113},"quantityLimit":{"quantityQuota":-1,"timeFrameDays":-1,"quantityOrdered":0}}]},"currency":"EUR"},{"lines":{"items":[{"item":{"href":"https:\/\/hydraqa.unicity.net\/v5a-test\/items\/166a69d45c4ae40278554e24d5f40443","id":{"unicity":"32137"},"weightEach":{"value":0},"servingsPerContainer":0,"servingSize":0},"quantity":1,"terms":{"priceEach":168.13,"taxEach":{"amount":15.13},"discountEach":{"amount":0},"pvEach":118},"quantityLimit":{"quantityQuota":-1,"timeFrameDays":-1,"quantityOrdered":0}}]},"currency":"EUR"},{"lines":{"items":[{"item":{"href":"https:\/\/hydraqa.unicity.net\/v5a-test\/items\/d04a0b8762b20202b6273114fb7302d1","id":{"unicity":"32138"},"weightEach":{"value":0},"servingsPerContainer":0,"servingSize":0},"quantity":1,"terms":{"priceEach":224.21,"taxEach":{"amount":20.18},"discountEach":{"amount":0},"pvEach":152},"quantityLimit":{"quantityQuota":-1,"timeFrameDays":-1,"quantityOrdered":0}}]},"currency":"EUR"},{"lines":{"items":[{"item":{"href":"https:\/\/hydraqa.unicity.net\/v5a-test\/items\/e13d0b5c40704ad5dd186959367c97f1","id":{"unicity":"32125"},"weightEach":{"value":0},"servingsPerContainer":0,"servingSize":0},"quantity":1,"terms":{"priceEach":373.74,"taxEach":{"amount":33.64},"discountEach":{"amount":0},"pvEach":250},"quantityLimit":{"quantityQuota":-1,"timeFrameDays":-1,"quantityOrdered":0}}]},"currency":"EUR"},{"lines":{"items":[{"item":{"href":"https:\/\/hydraqa.unicity.net\/v5a-test\/items\/c451532f63a06f0e9a054e946a1a1c3b","id":{"unicity":"18511"},"weightEach":{"value":0},"servingsPerContainer":0,"servingSize":0},"quantity":1,"terms":{"priceEach":37.29,"taxEach":{"amount":3.36},"discountEach":{"amount":0},"pvEach":23},"quantityLimit":{"quantityQuota":-1,"timeFrameDays":-1,"quantityOrdered":0}}]},"currency":"EUR"},{"lines":{"items":[{"item":{"href":"https:\/\/hydraqa.unicity.net\/v5a-test\/items\/9752a919e28f96747163918165b46f23","id":{"unicity":"19941"},"weightEach":{"value":558},"servingsPerContainer":15,"servingSize":0},"quantity":1,"terms":{"priceEach":32.62,"taxEach":{"amount":2.94},"discountEach":{"amount":0},"pvEach":20},"quantityLimit":{"quantityQuota":-1,"timeFrameDays":-1,"quantityOrdered":0}}]},"currency":"EUR"},{"lines":{"items":[{"item":{"href":"https:\/\/hydraqa.unicity.net\/v5a-test\/items\/1945faa1776541d53120ecfe3c1d8a2b","id":{"unicity":"24418"},"weightEach":{"value":0},"servingsPerContainer":0,"servingSize":0},"quantity":1,"terms":{"priceEach":4.96,"taxEach":{"amount":1.04},"discountEach":{"amount":0},"pvEach":0},"quantityLimit":{"quantityQuota":-1,"timeFrameDays":-1,"quantityOrdered":0}}]},"currency":"EUR"},{"lines":{"items":[{"item":{"href":"https:\/\/hydraqa.unicity.net\/v5a-test\/items\/4e49c95f12ae7be78e5ffab68b8b3ca6","id":{"unicity":"26422"},"weightEach":{"value":0},"servingsPerContainer":0,"servingSize":0},"quantity":1,"terms":{"priceEach":19,"taxEach":{"amount":1.71},"discountEach":{"amount":0},"pvEach":0},"quantityLimit":{"quantityQuota":-1,"timeFrameDays":-1,"quantityOrdered":0}}]},"currency":"EUR"},{"lines":{"items":[{"item":{"href":"https:\/\/hydraqa.unicity.net\/v5a-test\/items\/10da226fab00279b4f89df10af2a10b7","id":{"unicity":"26442"},"weightEach":{"value":0},"servingsPerContainer":0,"servingSize":0},"quantity":1,"terms":{"priceEach":5.8,"taxEach":{"amount":1.22},"discountEach":{"amount":0},"pvEach":0},"quantityLimit":{"quantityQuota":-1,"timeFrameDays":-1,"quantityOrdered":0}}]},"currency":"EUR"},{"lines":{"items":[{"item":{"href":"https:\/\/hydraqa.unicity.net\/v5a-test\/items\/50e73ecfa509ac20c4a250f9cb32fdfc","id":{"unicity":"27156"},"weightEach":{"value":0},"servingsPerContainer":0,"servingSize":0},"quantity":1,"terms":{"priceEach":20.47,"taxEach":{"amount":1.84},"discountEach":{"amount":0},"pvEach":13},"quantityLimit":{"quantityQuota":-1,"timeFrameDays":-1,"quantityOrdered":0}}]},"currency":"EUR"},{"lines":{"items":[{"item":{"href":"https:\/\/hydraqa.unicity.net\/v5a-test\/items\/d92292ba2f23c030e4a1f63eb3ebe1ce","id":{"unicity":"27158"},"weightEach":{"value":0},"servingsPerContainer":0,"servingSize":0},"quantity":1,"terms":{"priceEach":27.94,"taxEach":{"amount":2.51},"discountEach":{"amount":0},"pvEach":23},"quantityLimit":{"quantityQuota":-1,"timeFrameDays":-1,"quantityOrdered":0}}]},"currency":"EUR"},{"lines":{"items":[{"item":{"href":"https:\/\/hydraqa.unicity.net\/v5a-test\/items\/0d3b8d4f7c4d4082db1b4ecffb6693fb","id":{"unicity":"27160"},"weightEach":{"value":0},"servingsPerContainer":0,"servingSize":0},"quantity":1,"terms":{"priceEach":74.67,"taxEach":{"amount":6.72},"discountEach":{"amount":0},"pvEach":53},"quantityLimit":{"quantityQuota":-1,"timeFrameDays":-1,"quantityOrdered":0}}]},"currency":"EUR"},{"lines":{"items":[{"item":{"href":"https:\/\/hydraqa.unicity.net\/v5a-test\/items\/a7bda1cb4a35343e52791aba56debc4a","id":{"unicity":"27617"},"weightEach":{"value":0},"servingsPerContainer":0,"servingSize":0},"quantity":1,"terms":{"priceEach":29.81,"taxEach":{"amount":2.68},"discountEach":{"amount":0},"pvEach":18},"quantityLimit":{"quantityQuota":-1,"timeFrameDays":-1,"quantityOrdered":0}}]},"currency":"EUR"},{"lines":{"items":[{"item":{"href":"https:\/\/hydraqa.unicity.net\/v5a-test\/items\/a36d9fdd0fd7561e6180fb5b2ff27164","id":{"unicity":"27660"},"weightEach":{"value":0},"servingsPerContainer":0,"servingSize":0},"quantity":1,"terms":{"priceEach":31.68,"taxEach":{"amount":2.85},"discountEach":{"amount":0},"pvEach":18},"quantityLimit":{"quantityQuota":-1,"timeFrameDays":-1,"quantityOrdered":0}}]},"currency":"EUR"},{"lines":{"items":[{"item":{"href":"https:\/\/hydraqa.unicity.net\/v5a-test\/items\/112b8c39286598b3730f630f371a45f4","id":{"unicity":"27587"},"weightEach":{"value":0},"servingsPerContainer":0,"servingSize":0},"quantity":1,"terms":{"priceEach":55.98,"taxEach":{"amount":5.04},"discountEach":{"amount":0},"pvEach":34},"quantityLimit":{"quantityQuota":-1,"timeFrameDays":-1,"quantityOrdered":0}}]},"currency":"EUR"},{"lines":{"items":[{"item":{"href":"https:\/\/hydraqa.unicity.net\/v5a-test\/items\/0c0717a26fcfe40310e906487e8a12f7","id":{"unicity":"28601"},"weightEach":{"value":0},"servingsPerContainer":0,"servingSize":0},"quantity":1,"terms":{"priceEach":74.67,"taxEach":{"amount":6.72},"discountEach":{"amount":0},"pvEach":54},"quantityLimit":{"quantityQuota":-1,"timeFrameDays":-1,"quantityOrdered":0}}]},"currency":"EUR"},{"lines":{"items":[{"item":{"href":"https:\/\/hydraqa.unicity.net\/v5a-test\/items\/4790a55c442b5dc75a13b155e78c1842","id":{"unicity":"28604"},"weightEach":{"value":0},"servingsPerContainer":0,"servingSize":0},"quantity":1,"terms":{"priceEach":74.67,"taxEach":{"amount":6.72},"discountEach":{"amount":0},"pvEach":54},"quantityLimit":{"quantityQuota":-1,"timeFrameDays":-1,"quantityOrdered":0}}]},"currency":"EUR"},{"lines":{"items":[{"item":{"href":"https:\/\/hydraqa.unicity.net\/v5a-test\/items\/4b2034f47fce90b87bba28c5c2d7c25d","id":{"unicity":"15880"},"weightEach":{"value":0},"servingsPerContainer":0,"servingSize":0},"quantity":1,"terms":{"priceEach":51.31,"taxEach":{"amount":4.62},"discountEach":{"amount":0},"pvEach":33},"quantityLimit":{"quantityQuota":-1,"timeFrameDays":-1,"quantityOrdered":0}}]},"currency":"EUR"},{"lines":{"items":[{"item":{"href":"https:\/\/hydraqa.unicity.net\/v5a-test\/items\/398d06b858b960f6f38086d40608aef2","id":{"unicity":"26560"},"weightEach":{"value":0},"servingsPerContainer":0,"servingSize":0},"quantity":1,"terms":{"priceEach":20.47,"taxEach":{"amount":1.84},"discountEach":{"amount":0},"pvEach":13},"quantityLimit":{"quantityQuota":-1,"timeFrameDays":-1,"quantityOrdered":0}}]},"currency":"EUR"},{"lines":{"items":[{"item":{"href":"https:\/\/hydraqa.unicity.net\/v5a-test\/items\/e218d1cac5f31e7ae4f5876c29c57377","id":{"unicity":"29017"},"weightEach":{"value":0},"servingsPerContainer":0,"servingSize":0},"quantity":1,"terms":{"priceEach":37.29,"taxEach":{"amount":3.36},"discountEach":{"amount":0},"pvEach":23},"quantityLimit":{"quantityQuota":-1,"timeFrameDays":-1,"quantityOrdered":0}}]},"currency":"EUR"},{"lines":{"items":[{"item":{"href":"https:\/\/hydraqa.unicity.net\/v5a-test\/items\/3f2d12d7a0e8551fc99fad3bbe1ba633","id":{"unicity":"26567"},"weightEach":{"value":0},"servingsPerContainer":0,"servingSize":0},"quantity":1,"terms":{"priceEach":55.98,"taxEach":{"amount":5.04},"discountEach":{"amount":0},"pvEach":26},"quantityLimit":{"quantityQuota":-1,"timeFrameDays":-1,"quantityOrdered":0}}]},"currency":"EUR"},{"lines":{"items":[{"item":{"href":"https:\/\/hydraqa.unicity.net\/v5a-test\/items\/191637167cb3144bd2e8c4615e9ab67e","id":{"unicity":"26568"},"weightEach":{"value":0},"servingsPerContainer":0,"servingSize":0},"quantity":1,"terms":{"priceEach":55.98,"taxEach":{"amount":5.04},"discountEach":{"amount":0},"pvEach":26},"quantityLimit":{"quantityQuota":-1,"timeFrameDays":-1,"quantityOrdered":0}}]},"currency":"EUR"},{"lines":{"items":[{"item":{"href":"https:\/\/hydraqa.unicity.net\/v5a-test\/items\/64ec7ad932acafab052a4e8800ad1238","id":{"unicity":"24758"},"weightEach":{"value":0},"servingsPerContainer":0,"servingSize":0},"quantity":1,"terms":{"priceEach":37.29,"taxEach":{"amount":3.36},"discountEach":{"amount":0},"pvEach":23},"quantityLimit":{"quantityQuota":-1,"timeFrameDays":-1,"quantityOrdered":0}}]},"currency":"EUR"},{"lines":{"items":[{"item":{"href":"https:\/\/hydraqa.unicity.net\/v5a-test\/items\/2c4c1abe00983e85aaa918d2ce341491","id":{"unicity":"17174"},"weightEach":{"value":0},"servingsPerContainer":0,"servingSize":0},"quantity":1,"terms":{"priceEach":37.29,"taxEach":{"amount":3.36},"discountEach":{"amount":0},"pvEach":23},"quantityLimit":{"quantityQuota":-1,"timeFrameDays":-1,"quantityOrdered":0}}]},"currency":"EUR"},{"lines":{"items":[{"item":{"href":"https:\/\/hydraqa.unicity.net\/v5a-test\/items\/991cdbb84a495779eb209fb3956a77e4","id":{"unicity":"29183"},"weightEach":{"value":0},"servingsPerContainer":0,"servingSize":0},"quantity":1,"terms":{"priceEach":31.01,"taxEach":{"amount":6.51},"discountEach":{"amount":0},"pvEach":18},"quantityLimit":{"quantityQuota":-1,"timeFrameDays":-1,"quantityOrdered":0}}]},"currency":"EUR"},{"lines":{"items":[{"item":{"href":"https:\/\/hydraqa.unicity.net\/v5a-test\/items\/0e78fbdfebef11cd62f8d2120064ee58","id":{"unicity":"30280"},"weightEach":{"value":0},"servingsPerContainer":0,"servingSize":0},"quantity":1,"terms":{"priceEach":33.53,"taxEach":{"amount":7.04},"discountEach":{"amount":0},"pvEach":20},"quantityLimit":{"quantityQuota":-1,"timeFrameDays":-1,"quantityOrdered":0}}]},"currency":"EUR"},{"lines":{"items":[{"item":{"href":"https:\/\/hydraqa.unicity.net\/v5a-test\/items\/beb900429fbb160dbfc3001c14d96df4","id":{"unicity":"29187"},"weightEach":{"value":0},"servingsPerContainer":0,"servingSize":0},"quantity":1,"terms":{"priceEach":37.73,"taxEach":{"amount":7.92},"discountEach":{"amount":0},"pvEach":24},"quantityLimit":{"quantityQuota":-1,"timeFrameDays":-1,"quantityOrdered":0}}]},"currency":"EUR"},{"lines":{"items":[{"item":{"href":"https:\/\/hydraqa.unicity.net\/v5a-test\/items\/1b0412bea8c0b841c66f65a36aa14108","id":{"unicity":"29191"},"weightEach":{"value":0},"servingsPerContainer":0,"servingSize":0},"quantity":1,"terms":{"priceEach":37.73,"taxEach":{"amount":7.92},"discountEach":{"amount":0},"pvEach":24},"quantityLimit":{"quantityQuota":-1,"timeFrameDays":-1,"quantityOrdered":0}}]},"currency":"EUR"},{"lines":{"items":[{"item":{"href":"https:\/\/hydraqa.unicity.net\/v5a-test\/items\/ab2a2b07b17718843a66bee04ff40624","id":{"unicity":"31402"},"weightEach":{"value":0},"servingsPerContainer":0,"servingSize":0},"quantity":1,"terms":{"priceEach":98.9,"taxEach":{"amount":8.9},"discountEach":{"amount":0},"pvEach":70},"quantityLimit":{"quantityQuota":-1,"timeFrameDays":-1,"quantityOrdered":0}}]},"currency":"EUR"},{"lines":{"items":[{"item":{"href":"https:\/\/hydraqa.unicity.net\/v5a-test\/items\/db0a2b02eaabc5ad45fe91ba5c7bcf5a","id":{"unicity":"31772"},"weightEach":{"value":0},"servingsPerContainer":0,"servingSize":0},"quantity":1,"terms":{"priceEach":8.32,"taxEach":{"amount":1.75},"discountEach":{"amount":0},"pvEach":0},"quantityLimit":{"quantityQuota":-1,"timeFrameDays":-1,"quantityOrdered":0}}]},"currency":"EUR"},{"lines":{"items":[{"item":{"href":"https:\/\/hydraqa.unicity.net\/v5a-test\/items\/34c8c6b0f454da738e64265f08c57a72","id":{"unicity":"31777"},"weightEach":{"value":0},"servingsPerContainer":0,"servingSize":0},"quantity":1,"terms":{"priceEach":6.22,"taxEach":{"amount":1.31},"discountEach":{"amount":0},"pvEach":3},"quantityLimit":{"quantityQuota":-1,"timeFrameDays":-1,"quantityOrdered":0}}]},"currency":"EUR"},{"lines":{"items":[{"item":{"href":"https:\/\/hydraqa.unicity.net\/v5a-test\/items\/fc8583e3bf463b599fdcce05234bc137","id":{"unicity":"31780"},"weightEach":{"value":0},"servingsPerContainer":0,"servingSize":0},"quantity":1,"terms":{"priceEach":8.32,"taxEach":{"amount":1.75},"discountEach":{"amount":0},"pvEach":4},"quantityLimit":{"quantityQuota":-1,"timeFrameDays":-1,"quantityOrdered":0}}]},"currency":"EUR"},{"lines":{"items":[{"item":{"href":"https:\/\/hydraqa.unicity.net\/v5a-test\/items\/7e80331c8c25f515174d3f894283a27c","id":{"unicity":"31781"},"weightEach":{"value":0},"servingsPerContainer":0,"servingSize":0},"quantity":1,"terms":{"priceEach":8.32,"taxEach":{"amount":1.75},"discountEach":{"amount":0},"pvEach":4},"quantityLimit":{"quantityQuota":-1,"timeFrameDays":-1,"quantityOrdered":0}}]},"currency":"EUR"},{"lines":{"items":[{"item":{"href":"https:\/\/hydraqa.unicity.net\/v5a-test\/items\/8d3854b47de8e45d6fcdc194dffff601","id":{"unicity":"31782"},"weightEach":{"value":0},"servingsPerContainer":0,"servingSize":0},"quantity":1,"terms":{"priceEach":12.52,"taxEach":{"amount":2.63},"discountEach":{"amount":0},"pvEach":6},"quantityLimit":{"quantityQuota":-1,"timeFrameDays":-1,"quantityOrdered":0}}]},"currency":"EUR"},{"lines":{"items":[{"item":{"href":"https:\/\/hydraqa.unicity.net\/v5a-test\/items\/04516be30bd9bf93e01536e7fc8f8716","id":{"unicity":"31779"},"weightEach":{"value":0},"servingsPerContainer":0,"servingSize":0},"quantity":1,"terms":{"priceEach":10,"taxEach":{"amount":2.1},"discountEach":{"amount":0},"pvEach":5},"quantityLimit":{"quantityQuota":-1,"timeFrameDays":-1,"quantityOrdered":0}}]},"currency":"EUR"},{"lines":{"items":[{"item":{"href":"https:\/\/hydraqa.unicity.net\/v5a-test\/items\/d7e1dd4b19a8672aed99e591356c0d48","id":{"unicity":"31932"},"weightEach":{"value":0},"servingsPerContainer":0,"servingSize":0},"quantity":1,"terms":{"priceEach":6.22,"taxEach":{"amount":1.31},"discountEach":{"amount":0},"pvEach":3},"quantityLimit":{"quantityQuota":-1,"timeFrameDays":-1,"quantityOrdered":0}}]},"currency":"EUR"},{"lines":{"items":[{"item":{"href":"https:\/\/hydraqa.unicity.net\/v5a-test\/items\/1aa00306dc0006d365acd7436548f2e6","id":{"unicity":"31778"},"weightEach":{"value":0},"servingsPerContainer":0,"servingSize":0},"quantity":1,"terms":{"priceEach":12.52,"taxEach":{"amount":2.63},"discountEach":{"amount":0},"pvEach":6},"quantityLimit":{"quantityQuota":-1,"timeFrameDays":-1,"quantityOrdered":0}}]},"currency":"EUR"},{"lines":{"items":[{"item":{"href":"https:\/\/hydraqa.unicity.net\/v5a-test\/items\/881451fd39a6a3113e33935db22da7ae","id":{"unicity":"32553"},"weightEach":{"value":0},"servingsPerContainer":0,"servingSize":0},"quantity":1,"terms":{"priceEach":2.44,"taxEach":{"amount":0.51},"discountEach":{"amount":0},"pvEach":0},"quantityLimit":{"quantityQuota":-1,"timeFrameDays":-1,"quantityOrdered":0}}]},"currency":"EUR"},{"lines":{"items":[{"item":{"href":"https:\/\/hydraqa.unicity.net\/v5a-test\/items\/4fc6de0cb7817f39a836ff08609b8539","id":{"unicity":"32556"},"weightEach":{"value":0},"servingsPerContainer":0,"servingSize":0},"quantity":1,"terms":{"priceEach":2.44,"taxEach":{"amount":0.51},"discountEach":{"amount":0},"pvEach":0},"quantityLimit":{"quantityQuota":-1,"timeFrameDays":-1,"quantityOrdered":0}}]},"currency":"EUR"},{"lines":{"items":[{"item":{"href":"https:\/\/hydraqa.unicity.net\/v5a-test\/items\/2262fdd5af916c31df08089c191735c1","id":{"unicity":"29317"},"weightEach":{"value":0},"servingsPerContainer":0,"servingSize":0},"quantity":1,"terms":{"priceEach":25.21,"taxEach":{"amount":5.29},"discountEach":{"amount":0},"pvEach":0},"quantityLimit":{"quantityQuota":-1,"timeFrameDays":-1,"quantityOrdered":0}}]},"currency":"EUR"},{"lines":{"items":[{"item":{"href":"https:\/\/hydraqa.unicity.net\/v5a-test\/items\/217ca02fbd24e21ca5281412756238ab","id":{"unicity":"32126"},"weightEach":{"value":0},"servingsPerContainer":0,"servingSize":0},"quantity":1,"terms":{"priceEach":152.24,"taxEach":{"amount":14.7},"discountEach":{"amount":0},"pvEach":101},"quantityLimit":{"quantityQuota":-1,"timeFrameDays":-1,"quantityOrdered":0}}]},"currency":"EUR"},{"lines":{"items":[{"item":{"href":"https:\/\/hydraqa.unicity.net\/v5a-test\/items\/808008a0657d2033ad471c39bbce9891","id":{"unicity":"32127"},"weightEach":{"value":0},"servingsPerContainer":0,"servingSize":0},"quantity":1,"terms":{"priceEach":162.34,"taxEach":{"amount":15.61},"discountEach":{"amount":0},"pvEach":113},"quantityLimit":{"quantityQuota":-1,"timeFrameDays":-1,"quantityOrdered":0}}]},"currency":"EUR"},{"lines":{"items":[{"item":{"href":"https:\/\/hydraqa.unicity.net\/v5a-test\/items\/2f1d0aa90494ae2e08035922c701f968","id":{"unicity":"29832"},"weightEach":{"value":0},"servingsPerContainer":0,"servingSize":0},"quantity":1,"terms":{"priceEach":47.57,"taxEach":{"amount":4.28},"discountEach":{"amount":0},"pvEach":39},"quantityLimit":{"quantityQuota":-1,"timeFrameDays":-1,"quantityOrdered":0}}]},"currency":"EUR"},{"lines":{"items":[{"item":{"href":"https:\/\/hydraqa.unicity.net\/v5a-test\/items\/10df0fc3509b53cbeaeb9476ca92d520","id":{"unicity":"29833"},"weightEach":{"value":0},"servingsPerContainer":0,"servingSize":0},"quantity":1,"terms":{"priceEach":90.56,"taxEach":{"amount":8.15},"discountEach":{"amount":0},"pvEach":69},"quantityLimit":{"quantityQuota":-1,"timeFrameDays":-1,"quantityOrdered":0}}]},"currency":"EUR"},{"lines":{"items":[{"item":{"href":"https:\/\/hydraqa.unicity.net\/v5a-test\/items\/332daeac6796ed016ea8b7d0bc42c2d4","id":{"unicity":"24274"},"weightEach":{"value":0},"servingsPerContainer":0,"servingSize":0},"quantity":1,"terms":{"priceEach":7.48,"taxEach":{"amount":1.57},"discountEach":{"amount":0},"pvEach":0},"quantityLimit":{"quantityQuota":-1,"timeFrameDays":-1,"quantityOrdered":0}}]},"currency":"EUR"},{"lines":{"items":[{"item":{"href":"https:\/\/hydraqa.unicity.net\/v5a-test\/items\/5147f8cfe32548e02fc158d4da9c4d6f","id":{"unicity":"27150"},"weightEach":{"value":0},"servingsPerContainer":0,"servingSize":0},"quantity":1,"terms":{"priceEach":93.36,"taxEach":{"amount":8.4},"discountEach":{"amount":0},"pvEach":70},"quantityLimit":{"quantityQuota":-1,"timeFrameDays":-1,"quantityOrdered":0}}]},"currency":"EUR"},{"lines":{"items":[{"item":{"href":"https:\/\/hydraqa.unicity.net\/v5a-test\/items\/03eba2365025ccd85818846a83a16f47","id":{"unicity":"27163"},"weightEach":{"value":0},"servingsPerContainer":0,"servingSize":0},"quantity":1,"terms":{"priceEach":74.67,"taxEach":{"amount":6.72},"discountEach":{"amount":0},"pvEach":54},"quantityLimit":{"quantityQuota":-1,"timeFrameDays":-1,"quantityOrdered":0}}]},"currency":"EUR"},{"lines":{"items":[{"item":{"href":"https:\/\/hydraqa.unicity.net\/v5a-test\/items\/7d4ad2792f7056e5f81eb24f118ef737","id":{"unicity":"27575"},"weightEach":{"value":0},"servingsPerContainer":0,"servingSize":0},"quantity":1,"terms":{"priceEach":55.98,"taxEach":{"amount":5.04},"discountEach":{"amount":0},"pvEach":34},"quantityLimit":{"quantityQuota":-1,"timeFrameDays":-1,"quantityOrdered":0}}]},"currency":"EUR"},{"lines":{"items":[{"item":{"href":"https:\/\/hydraqa.unicity.net\/v5a-test\/items\/0eebdede5bdb8bf4d71e800b6f3cead1","id":{"unicity":"30825"},"weightEach":{"value":0},"servingsPerContainer":0,"servingSize":0},"quantity":1,"terms":{"priceEach":37.29,"taxEach":{"amount":3.36},"discountEach":{"amount":0},"pvEach":23},"quantityLimit":{"quantityQuota":-1,"timeFrameDays":-1,"quantityOrdered":0}}]},"currency":"EUR"},{"lines":{"items":[{"item":{"href":"https:\/\/hydraqa.unicity.net\/v5a-test\/items\/606f7be753c74dfbfe4b107276775140","id":{"unicity":"29821"},"weightEach":{"value":0},"servingsPerContainer":0,"servingSize":0},"quantity":1,"terms":{"priceEach":79.35,"taxEach":{"amount":7.14},"discountEach":{"amount":0},"pvEach":59},"quantityLimit":{"quantityQuota":-1,"timeFrameDays":-1,"quantityOrdered":0}}]},"currency":"EUR"},{"lines":{"items":[{"item":{"href":"https:\/\/hydraqa.unicity.net\/v5a-test\/items\/94939f9be900906d2b47260ccba22a7b","id":{"unicity":"32012"},"weightEach":{"value":0},"servingsPerContainer":0,"servingSize":0},"quantity":1,"terms":{"priceEach":13.93,"taxEach":{"amount":1.25},"discountEach":{"amount":0},"pvEach":6},"quantityLimit":{"quantityQuota":-1,"timeFrameDays":-1,"quantityOrdered":0}}]},"currency":"EUR"},{"lines":{"items":[{"item":{"href":"https:\/\/hydraqa.unicity.net\/v5a-test\/items\/52c87f74d3b41ed49b0f897b66c2a99b","id":{"unicity":"30684"},"weightEach":{"value":0},"servingsPerContainer":0,"servingSize":0},"quantity":1,"terms":{"priceEach":37.29,"taxEach":{"amount":3.36},"discountEach":{"amount":0},"pvEach":23},"quantityLimit":{"quantityQuota":-1,"timeFrameDays":-1,"quantityOrdered":0}}]},"currency":"EUR"},{"lines":{"items":[{"item":{"href":"https:\/\/hydraqa.unicity.net\/v5a-test\/items\/90f38f77c9e6ea5a71aa7377df83760b","id":{"unicity":"30198"},"weightEach":{"value":0},"servingsPerContainer":0,"servingSize":0},"quantity":1,"terms":{"priceEach":19,"taxEach":{"amount":1.71},"discountEach":{"amount":0},"pvEach":16},"quantityLimit":{"quantityQuota":-1,"timeFrameDays":-1,"quantityOrdered":0}}]},"currency":"EUR"},{"lines":{"items":[{"item":{"href":"https:\/\/hydraqa.unicity.net\/v5a-test\/items\/7e5e7df32701fd44947c8146f2129f7a","id":{"unicity":"31672"},"weightEach":{"value":0},"servingsPerContainer":0,"servingSize":0},"quantity":1,"terms":{"priceEach":74.67,"taxEach":{"amount":6.72},"discountEach":{"amount":0},"pvEach":54},"quantityLimit":{"quantityQuota":-1,"timeFrameDays":-1,"quantityOrdered":0}}]},"currency":"EUR"},{"lines":{"items":[{"item":{"href":"https:\/\/hydraqa.unicity.net\/v5a-test\/items\/493c2ba720f847422eccc5da35024f33","id":{"unicity":"31534"},"weightEach":{"value":0},"servingsPerContainer":0,"servingSize":0},"quantity":1,"terms":{"priceEach":26.07,"taxEach":{"amount":2.35},"discountEach":{"amount":0},"pvEach":16},"quantityLimit":{"quantityQuota":-1,"timeFrameDays":-1,"quantityOrdered":0}}]},"currency":"EUR"},{"lines":{"items":[{"item":{"href":"https:\/\/hydraqa.unicity.net\/v5a-test\/items\/bfddb53fe0d5ed5432c531dc9850cbe4","id":{"unicity":"29449"},"weightEach":{"value":0},"servingsPerContainer":0,"servingSize":0},"quantity":1,"terms":{"priceEach":26.07,"taxEach":{"amount":2.35},"discountEach":{"amount":0},"pvEach":16},"quantityLimit":{"quantityQuota":-1,"timeFrameDays":-1,"quantityOrdered":0}}]},"currency":"EUR"},{"lines":{"items":[{"item":{"href":"https:\/\/hydraqa.unicity.net\/v5a-test\/items\/75b870fdff12be635674216fe88d3204","id":{"unicity":"29984"},"weightEach":{"value":0},"servingsPerContainer":0,"servingSize":0},"quantity":1,"terms":{"priceEach":37.73,"taxEach":{"amount":7.92},"discountEach":{"amount":0},"pvEach":24},"quantityLimit":{"quantityQuota":-1,"timeFrameDays":-1,"quantityOrdered":0}}]},"currency":"EUR"},{"lines":{"items":[{"item":{"href":"https:\/\/hydraqa.unicity.net\/v5a-test\/items\/fbb6dbd577adb73abaec364076fb288f","id":{"unicity":"32087"},"weightEach":{"value":0},"servingsPerContainer":0,"servingSize":0},"quantity":1,"terms":{"priceEach":20.47,"taxEach":{"amount":1.84},"discountEach":{"amount":0},"pvEach":9},"quantityLimit":{"quantityQuota":-1,"timeFrameDays":-1,"quantityOrdered":0}}]},"currency":"EUR"},{"lines":{"items":[{"item":{"href":"https:\/\/hydraqa.unicity.net\/v5a-test\/items\/35dcc0035e442bbe6482f178ec38522c","id":{"unicity":"31868"},"weightEach":{"value":0},"servingsPerContainer":0,"servingSize":0},"quantity":1,"terms":{"priceEach":20.47,"taxEach":{"amount":1.84},"discountEach":{"amount":0},"pvEach":9},"quantityLimit":{"quantityQuota":-1,"timeFrameDays":-1,"quantityOrdered":0}}]},"currency":"EUR"},{"lines":{"items":[{"item":{"href":"https:\/\/hydraqa.unicity.net\/v5a-test\/items\/baa263a2750aa330fbd9e5b96fdb2b55","id":{"unicity":"32609"},"weightEach":{"value":0},"servingsPerContainer":0,"servingSize":0},"quantity":1,"terms":{"priceEach":55.98,"taxEach":{"amount":0},"discountEach":{"amount":0},"pvEach":34},"quantityLimit":{"quantityQuota":-1,"timeFrameDays":-1,"quantityOrdered":0}}]},"currency":"EUR"},{"lines":{"items":[{"item":{"href":"https:\/\/hydraqa.unicity.net\/v5a-test\/items\/592aef9ec417f4553dc0b62a91a1f5e0","id":{"unicity":"32330"},"weightEach":{"value":0},"servingsPerContainer":0,"servingSize":0},"quantity":1,"terms":{"priceEach":93.36,"taxEach":{"amount":8.4},"discountEach":{"amount":0},"pvEach":55},"quantityLimit":{"quantityQuota":-1,"timeFrameDays":-1,"quantityOrdered":0}}]},"currency":"EUR"}]}
Entry request : {"order":{"customer":{"href":"https://hydraqa.unicity.net/v5a-test/customers?type=Associate"},"shipToAddress":{"country":"LU"}},"vary":{"lines":{"items":[{"item":{"href":"https://hydraqa.unicity.net/v5a-test/items?id.unicity=27166|31951|31952|32128|32129|32130|32132|32133|32134|32135|32136|32137|32138|32125|32699|33092|33094|33093|18511|19941|24418|26422|26442|27156|27158|27160|27617|27660|27587|28601|28604|27395|15880|26560|29017|26567|26568|24758|17174|29183|30280|29187|29191|29522|31402|31772|31777|31780|31781|31782|31779|31932|31778|32553|32556|29317|32126|32127|29832|29833|32755|32756|32967|32968|32965|32966|33097|33095|33098|33096|24274|27150|27163|27575|30825|29821|32012|30684|30198|31672|31534|29449|29984|32087|31868|32609|32333|32330|32693"}}]}}}
Request URL: https://hydraqa.unicity.net/v5a-test/customers.js?callback=angular.callbacks._1&expand=customer,profilePicture&id.unicity=2
Request URL: https://hydraqa.unicity.net/v5a-test/customers.js?_httpMethod=HEAD&callback=angular.callbacks._7&email=VNBRQA@gmail.com
Request URL: https://hydraqa.unicity.net/v5a-test/shippingmethods.js?callback=angular.callbacks._a&destination=LU&market=LU
]]></system-out>
    <system-err><![CDATA[Starting ChromeDriver 2.36.540470 (e522d04694c7ebea4ba8821272dbef4f9b818c91) on port 36274
Only local connections are allowed.
Jun 30, 2020 11:26:06 AM org.openqa.selenium.remote.ProtocolHandshake createSession
INFO: Detected dialect: OSS
]]></system-err>
  </testcase>
  <testcase name="Enroll" classname="Tests.FranchisePartner" time="223.897">
    <failure message="Major Total Price is Wrong expected [460.34] but found [533.99]" type="java.lang.AssertionError">java.lang.AssertionError: Major Total Price is Wrong expected [460.34] but found [533.99]
	at Tests.FranchisePartner.Enroll(FranchisePartner.java:253)
</failure>
    <system-out><![CDATA[Request URL: https://hydraqa.unicity.net/v5a-test/quotes?&expand=item
Entry Quotes response : {"items":[{"lines":{"items":[{"item":{"href":"https:\/\/hydraqa.unicity.net\/v5a-test\/items\/90d5ee3af77bdc64ecf28a45b604bf3d","id":{"unicity":"31441"}},"quantity":1,"terms":{"priceEach":257.76,"taxEach":{"amount":41.24},"discountEach":{"amount":0},"pvEach":0},"quantityLimit":{"quantityQuota":-1,"timeFrameDays":-1,"quantityOrdered":0}}]},"currency":"MXN"},{"lines":{"items":[{"item":{"href":"https:\/\/hydraqa.unicity.net\/v5a-test\/items\/9e41f50a3cf42ea5d0a8a600b92ac51d","id":{"unicity":"32182"}},"quantity":1,"terms":{"priceEach":3038.79,"taxEach":{"amount":0},"discountEach":{"amount":0},"pvEach":127},"quantityLimit":{"quantityQuota":-1,"timeFrameDays":-1,"quantityOrdered":0}}]},"currency":"MXN"},{"lines":{"items":[{"item":{"href":"https:\/\/hydraqa.unicity.net\/v5a-test\/items\/e5b2f33a1c07a84507d394462dca1d73","id":{"unicity":"32183"}},"quantity":1,"terms":{"priceEach":3038.79,"taxEach":{"amount":0},"discountEach":{"amount":0},"pvEach":127},"quantityLimit":{"quantityQuota":-1,"timeFrameDays":-1,"quantityOrdered":0}}]},"currency":"MXN"},{"lines":{"items":[{"item":{"href":"https:\/\/hydraqa.unicity.net\/v5a-test\/items\/69902deb98bc30522a0914b49f3db363","id":{"unicity":"31994"}},"quantity":1,"terms":{"priceEach":3198.28,"taxEach":{"amount":0},"discountEach":{"amount":0},"pvEach":120},"quantityLimit":{"quantityQuota":-1,"timeFrameDays":-1,"quantityOrdered":0}}]},"currency":"MXN"},{"lines":{"items":[{"item":{"href":"https:\/\/hydraqa.unicity.net\/v5a-test\/items\/10da226fab00279b4f89df10af2a10b7","id":{"unicity":"26442"}},"quantity":1,"terms":{"priceEach":109.48,"taxEach":{"amount":17.52},"discountEach":{"amount":0},"pvEach":0},"quantityLimit":{"quantityQuota":-1,"timeFrameDays":-1,"quantityOrdered":0}}]},"currency":"MXN"},{"lines":{"items":[{"item":{"href":"https:\/\/hydraqa.unicity.net\/v5a-test\/items\/c522889845fe5b5a6bd790ca481a05b6","id":{"unicity":"26443"}},"quantity":1,"terms":{"priceEach":90.52,"taxEach":{"amount":14.48},"discountEach":{"amount":0},"pvEach":0},"quantityLimit":{"quantityQuota":-1,"timeFrameDays":-1,"quantityOrdered":0}}]},"currency":"MXN"},{"lines":{"items":[{"item":{"href":"https:\/\/hydraqa.unicity.net\/v5a-test\/items\/3ef5e4a8e113bbbd66ea046b24ce80d1","id":{"unicity":"27721"}},"quantity":1,"terms":{"priceEach":1177.59,"taxEach":{"amount":188.41},"discountEach":{"amount":0},"pvEach":52},"quantityLimit":{"quantityQuota":-1,"timeFrameDays":-1,"quantityOrdered":0}}]},"currency":"MXN"},{"lines":{"items":[{"item":{"href":"https:\/\/hydraqa.unicity.net\/v5a-test\/items\/bc85ca504dddbd891f34ba100c1fa765","id":{"unicity":"29249"}},"quantity":1,"terms":{"priceEach":293.97,"taxEach":{"amount":47.04},"discountEach":{"amount":0},"pvEach":10},"quantityLimit":{"quantityQuota":-1,"timeFrameDays":-1,"quantityOrdered":0}}]},"currency":"MXN"},{"lines":{"items":[{"item":{"href":"https:\/\/hydraqa.unicity.net\/v5a-test\/items\/752f3993addc2bd5f2d1f63be14b79ab","id":{"unicity":"29245"}},"quantity":1,"terms":{"priceEach":1285.34,"taxEach":{"amount":205.65},"discountEach":{"amount":0},"pvEach":50},"quantityLimit":{"quantityQuota":-1,"timeFrameDays":-1,"quantityOrdered":0}}]},"currency":"MXN"},{"lines":{"items":[{"item":{"href":"https:\/\/hydraqa.unicity.net\/v5a-test\/items\/1b7adc3e2d9a7ad0a13fa1356531fe8d","id":{"unicity":"31851"}},"quantity":1,"terms":{"priceEach":1906.9,"taxEach":{"amount":0},"discountEach":{"amount":0},"pvEach":75},"quantityLimit":{"quantityQuota":-1,"timeFrameDays":-1,"quantityOrdered":0}}]},"currency":"MXN"},{"lines":{"items":[{"item":{"href":"https:\/\/hydraqa.unicity.net\/v5a-test\/items\/c0e25c8295633a9982a5edaa4745e931","id":{"unicity":"31995"}},"quantity":1,"terms":{"priceEach":3198.28,"taxEach":{"amount":0},"discountEach":{"amount":0},"pvEach":120},"quantityLimit":{"quantityQuota":-1,"timeFrameDays":-1,"quantityOrdered":0}}]},"currency":"MXN"},{"lines":{"items":[{"item":{"href":"https:\/\/hydraqa.unicity.net\/v5a-test\/items\/274e18b96c75319107728e2ff26dd340","id":{"unicity":"32000"}},"quantity":1,"terms":{"priceEach":379.31,"taxEach":{"amount":60.69},"discountEach":{"amount":0},"pvEach":10},"quantityLimit":{"quantityQuota":-1,"timeFrameDays":-1,"quantityOrdered":0}}]},"currency":"MXN"},{"lines":{"items":[{"item":{"href":"https:\/\/hydraqa.unicity.net\/v5a-test\/items\/900d1386dcf5c120334ec76dd7ac40f6","id":{"unicity":"32501"}},"quantity":1,"terms":{"priceEach":285.34,"taxEach":{"amount":45.65},"discountEach":{"amount":0},"pvEach":14},"quantityLimit":{"quantityQuota":-1,"timeFrameDays":-1,"quantityOrdered":0}}]},"currency":"MXN"}]}
Entry request : {"order":{"customer":{"href":"https://hydraqa.unicity.net/v5a-test/customers?type=Associate"},"shipToAddress":{"country":"MX"}},"vary":{"lines":{"items":[{"item":{"href":"https://hydraqa.unicity.net/v5a-test/items?id.unicity=31441|32182|32183|31994|26442|26443|29050|29239|29253|27721|29249|29241|29245|31851|31995|32000|31418|32501"}}]}}}
Request URL: https://hydraqa.unicity.net/v5a-test/customers.js?_httpMethod=HEAD&callback=angular.callbacks._8&email=PBKYXW@gmail.com
]]></system-out>
    <system-err><![CDATA[Starting ChromeDriver 2.36.540470 (e522d04694c7ebea4ba8821272dbef4f9b818c91) on port 25168
Only local connections are allowed.
Jun 30, 2020 11:31:27 AM org.openqa.selenium.remote.ProtocolHandshake createSession
INFO: Detected dialect: OSS
]]></system-err>
  </testcase>
  <testcase name="Enroll" classname="Tests.FranchisePartner" time="291.224">
    <failure message="Major Total Price is Wrong expected [439.25] but found [494.05]" type="java.lang.AssertionError">java.lang.AssertionError: Major Total Price is Wrong expected [439.25] but found [494.05]
	at Tests.FranchisePartner.Enroll(FranchisePartner.java:253)
</failure>
    <system-out><![CDATA[Request URL: https://hydraqa.unicity.net/v5a-test/quotes?&expand=item
Entry Quotes response : {"items":[{"lines":{"items":[{"item":{"href":"https:\/\/hydraqa.unicity.net\/v5a-test\/items\/0d3b8d4f7c4d4082db1b4ecffb6693fb","id":{"unicity":"27160"},"weightEach":{"value":0},"servingsPerContainer":0,"servingSize":0},"quantity":1,"terms":{"priceEach":74.67,"taxEach":{"amount":6.72},"discountEach":{"amount":0},"pvEach":53},"quantityLimit":{"quantityQuota":-1,"timeFrameDays":-1,"quantityOrdered":0}}]},"currency":"EUR"},{"lines":{"items":[{"item":{"href":"https:\/\/hydraqa.unicity.net\/v5a-test\/items\/4114433211b3e74bf171f84526d7e49b","id":{"unicity":"31344"},"weightEach":{"value":0},"servingsPerContainer":0,"servingSize":0},"quantity":1,"terms":{"priceEach":82.25,"taxEach":{"amount":7.4},"discountEach":{"amount":0},"pvEach":43},"quantityLimit":{"quantityQuota":-1,"timeFrameDays":-1,"quantityOrdered":0}}]},"currency":"EUR"},{"lines":{"items":[{"item":{"href":"https:\/\/hydraqa.unicity.net\/v5a-test\/items\/31cb0679f65df8fa9a4fc3d7e38b72b3","id":{"unicity":"31763"},"weightEach":{"value":0},"servingsPerContainer":0,"servingSize":0},"quantity":1,"terms":{"priceEach":243.3,"taxEach":{"amount":21.9},"discountEach":{"amount":0},"pvEach":181},"quantityLimit":{"quantityQuota":-1,"timeFrameDays":-1,"quantityOrdered":0}}]},"currency":"EUR"},{"lines":{"items":[{"item":{"href":"https:\/\/hydraqa.unicity.net\/v5a-test\/items\/e9991b48ac639367d526d2b9b22fac8c","id":{"unicity":"32128"},"weightEach":{"value":0},"servingsPerContainer":0,"servingSize":0},"quantity":1,"terms":{"priceEach":371.87,"taxEach":{"amount":33.47},"discountEach":{"amount":0},"pvEach":253},"quantityLimit":{"quantityQuota":-1,"timeFrameDays":-1,"quantityOrdered":0}}]},"currency":"EUR"},{"lines":{"items":[{"item":{"href":"https:\/\/hydraqa.unicity.net\/v5a-test\/items\/40b3312de189221d96d838d33a8ec49d","id":{"unicity":"32129"},"weightEach":{"value":0},"servingsPerContainer":0,"servingSize":0},"quantity":1,"terms":{"priceEach":371.87,"taxEach":{"amount":33.47},"discountEach":{"amount":0},"pvEach":254},"quantityLimit":{"quantityQuota":-1,"timeFrameDays":-1,"quantityOrdered":0}}]},"currency":"EUR"},{"lines":{"items":[{"item":{"href":"https:\/\/hydraqa.unicity.net\/v5a-test\/items\/6bd168a66ce41003a8f30917deff5808","id":{"unicity":"32130"},"weightEach":{"value":0},"servingsPerContainer":0,"servingSize":0},"quantity":1,"terms":{"priceEach":363.46,"taxEach":{"amount":32.71},"discountEach":{"amount":0},"pvEach":252},"quantityLimit":{"quantityQuota":-1,"timeFrameDays":-1,"quantityOrdered":0}}]},"currency":"EUR"},{"lines":{"items":[{"item":{"href":"https:\/\/hydraqa.unicity.net\/v5a-test\/items\/806f99b793edd7cd0b1c158ba0eb3142","id":{"unicity":"32132"},"weightEach":{"value":0},"servingsPerContainer":0,"servingSize":0},"quantity":1,"terms":{"priceEach":355.98,"taxEach":{"amount":32.04},"discountEach":{"amount":0},"pvEach":253},"quantityLimit":{"quantityQuota":-1,"timeFrameDays":-1,"quantityOrdered":0}}]},"currency":"EUR"},{"lines":{"items":[{"item":{"href":"https:\/\/hydraqa.unicity.net\/v5a-test\/items\/e3d382d99fde8659cb146b54116e7654","id":{"unicity":"32133"},"weightEach":{"value":0},"servingsPerContainer":0,"servingSize":0},"quantity":1,"terms":{"priceEach":364.39,"taxEach":{"amount":32.8},"discountEach":{"amount":0},"pvEach":252},"quantityLimit":{"quantityQuota":-1,"timeFrameDays":-1,"quantityOrdered":0}}]},"currency":"EUR"},{"lines":{"items":[{"item":{"href":"https:\/\/hydraqa.unicity.net\/v5a-test\/items\/022f109fe6e5eae3e521295a5cb94c60","id":{"unicity":"32134"},"weightEach":{"value":0},"servingsPerContainer":0,"servingSize":0},"quantity":1,"terms":{"priceEach":144.77,"taxEach":{"amount":13.03},"discountEach":{"amount":0},"pvEach":101},"quantityLimit":{"quantityQuota":-1,"timeFrameDays":-1,"quantityOrdered":0}}]},"currency":"EUR"},{"lines":{"items":[{"item":{"href":"https:\/\/hydraqa.unicity.net\/v5a-test\/items\/ded00960d5e948dd8e511a9c752e1ff9","id":{"unicity":"32135"},"weightEach":{"value":0},"servingsPerContainer":0,"servingSize":0},"quantity":1,"terms":{"priceEach":154.11,"taxEach":{"amount":13.87},"discountEach":{"amount":0},"pvEach":113},"quantityLimit":{"quantityQuota":-1,"timeFrameDays":-1,"quantityOrdered":0}}]},"currency":"EUR"},{"lines":{"items":[{"item":{"href":"https:\/\/hydraqa.unicity.net\/v5a-test\/items\/d8736cc35cf9f4734fd76da71c53dc05","id":{"unicity":"32136"},"weightEach":{"value":0},"servingsPerContainer":0,"servingSize":0},"quantity":1,"terms":{"priceEach":141.96,"taxEach":{"amount":12.78},"discountEach":{"amount":0},"pvEach":102},"quantityLimit":{"quantityQuota":-1,"timeFrameDays":-1,"quantityOrdered":0}}]},"currency":"EUR"},{"lines":{"items":[{"item":{"href":"https:\/\/hydraqa.unicity.net\/v5a-test\/items\/166a69d45c4ae40278554e24d5f40443","id":{"unicity":"32137"},"weightEach":{"value":0},"servingsPerContainer":0,"servingSize":0},"quantity":1,"terms":{"priceEach":168.13,"taxEach":{"amount":15.13},"discountEach":{"amount":0},"pvEach":118},"quantityLimit":{"quantityQuota":-1,"timeFrameDays":-1,"quantityOrdered":0}}]},"currency":"EUR"},{"lines":{"items":[{"item":{"href":"https:\/\/hydraqa.unicity.net\/v5a-test\/items\/d04a0b8762b20202b6273114fb7302d1","id":{"unicity":"32138"},"weightEach":{"value":0},"servingsPerContainer":0,"servingSize":0},"quantity":1,"terms":{"priceEach":224.21,"taxEach":{"amount":20.18},"discountEach":{"amount":0},"pvEach":152},"quantityLimit":{"quantityQuota":-1,"timeFrameDays":-1,"quantityOrdered":0}}]},"currency":"EUR"},{"lines":{"items":[{"item":{"href":"https:\/\/hydraqa.unicity.net\/v5a-test\/items\/e13d0b5c40704ad5dd186959367c97f1","id":{"unicity":"32125"},"weightEach":{"value":0},"servingsPerContainer":0,"servingSize":0},"quantity":1,"terms":{"priceEach":373.74,"taxEach":{"amount":33.64},"discountEach":{"amount":0},"pvEach":250},"quantityLimit":{"quantityQuota":-1,"timeFrameDays":-1,"quantityOrdered":0}}]},"currency":"EUR"},{"lines":{"items":[{"item":{"href":"https:\/\/hydraqa.unicity.net\/v5a-test\/items\/c451532f63a06f0e9a054e946a1a1c3b","id":{"unicity":"18511"},"weightEach":{"value":0},"servingsPerContainer":0,"servingSize":0},"quantity":1,"terms":{"priceEach":37.29,"taxEach":{"amount":3.36},"discountEach":{"amount":0},"pvEach":23},"quantityLimit":{"quantityQuota":-1,"timeFrameDays":-1,"quantityOrdered":0}}]},"currency":"EUR"},{"lines":{"items":[{"item":{"href":"https:\/\/hydraqa.unicity.net\/v5a-test\/items\/9752a919e28f96747163918165b46f23","id":{"unicity":"19941"},"weightEach":{"value":558},"servingsPerContainer":15,"servingSize":0},"quantity":1,"terms":{"priceEach":32.62,"taxEach":{"amount":2.94},"discountEach":{"amount":0},"pvEach":20},"quantityLimit":{"quantityQuota":-1,"timeFrameDays":-1,"quantityOrdered":0}}]},"currency":"EUR"},{"lines":{"items":[{"item":{"href":"https:\/\/hydraqa.unicity.net\/v5a-test\/items\/4e49c95f12ae7be78e5ffab68b8b3ca6","id":{"unicity":"26422"},"weightEach":{"value":0},"servingsPerContainer":0,"servingSize":0},"quantity":1,"terms":{"priceEach":19,"taxEach":{"amount":1.71},"discountEach":{"amount":0},"pvEach":0},"quantityLimit":{"quantityQuota":-1,"timeFrameDays":-1,"quantityOrdered":0}}]},"currency":"EUR"},{"lines":{"items":[{"item":{"href":"https:\/\/hydraqa.unicity.net\/v5a-test\/items\/50e73ecfa509ac20c4a250f9cb32fdfc","id":{"unicity":"27156"},"weightEach":{"value":0},"servingsPerContainer":0,"servingSize":0},"quantity":1,"terms":{"priceEach":20.47,"taxEach":{"amount":1.84},"discountEach":{"amount":0},"pvEach":13},"quantityLimit":{"quantityQuota":-1,"timeFrameDays":-1,"quantityOrdered":0}}]},"currency":"EUR"},{"lines":{"items":[{"item":{"href":"https:\/\/hydraqa.unicity.net\/v5a-test\/items\/d92292ba2f23c030e4a1f63eb3ebe1ce","id":{"unicity":"27158"},"weightEach":{"value":0},"servingsPerContainer":0,"servingSize":0},"quantity":1,"terms":{"priceEach":27.94,"taxEach":{"amount":2.51},"discountEach":{"amount":0},"pvEach":23},"quantityLimit":{"quantityQuota":-1,"timeFrameDays":-1,"quantityOrdered":0}}]},"currency":"EUR"},{"lines":{"items":[{"item":{"href":"https:\/\/hydraqa.unicity.net\/v5a-test\/items\/ac37bf51ff7e4fe860da8457f6ce0425","id":{"unicity":"27166"},"weightEach":{"value":0},"servingsPerContainer":0,"servingSize":0},"quantity":1,"terms":{"priceEach":74.67,"taxEach":{"amount":6.72},"discountEach":{"amount":0},"pvEach":54},"quantityLimit":{"quantityQuota":-1,"timeFrameDays":-1,"quantityOrdered":0}}]},"currency":"EUR"},{"lines":{"items":[{"item":{"href":"https:\/\/hydraqa.unicity.net\/v5a-test\/items\/a7bda1cb4a35343e52791aba56debc4a","id":{"unicity":"27617"},"weightEach":{"value":0},"servingsPerContainer":0,"servingSize":0},"quantity":1,"terms":{"priceEach":29.81,"taxEach":{"amount":2.68},"discountEach":{"amount":0},"pvEach":18},"quantityLimit":{"quantityQuota":-1,"timeFrameDays":-1,"quantityOrdered":0}}]},"currency":"EUR"},{"lines":{"items":[{"item":{"href":"https:\/\/hydraqa.unicity.net\/v5a-test\/items\/a36d9fdd0fd7561e6180fb5b2ff27164","id":{"unicity":"27660"},"weightEach":{"value":0},"servingsPerContainer":0,"servingSize":0},"quantity":1,"terms":{"priceEach":31.68,"taxEach":{"amount":2.85},"discountEach":{"amount":0},"pvEach":18},"quantityLimit":{"quantityQuota":-1,"timeFrameDays":-1,"quantityOrdered":0}}]},"currency":"EUR"},{"lines":{"items":[{"item":{"href":"https:\/\/hydraqa.unicity.net\/v5a-test\/items\/112b8c39286598b3730f630f371a45f4","id":{"unicity":"27587"},"weightEach":{"value":0},"servingsPerContainer":0,"servingSize":0},"quantity":1,"terms":{"priceEach":55.98,"taxEach":{"amount":5.04},"discountEach":{"amount":0},"pvEach":34},"quantityLimit":{"quantityQuota":-1,"timeFrameDays":-1,"quantityOrdered":0}}]},"currency":"EUR"},{"lines":{"items":[{"item":{"href":"https:\/\/hydraqa.unicity.net\/v5a-test\/items\/0c0717a26fcfe40310e906487e8a12f7","id":{"unicity":"28601"},"weightEach":{"value":0},"servingsPerContainer":0,"servingSize":0},"quantity":1,"terms":{"priceEach":74.67,"taxEach":{"amount":6.72},"discountEach":{"amount":0},"pvEach":54},"quantityLimit":{"quantityQuota":-1,"timeFrameDays":-1,"quantityOrdered":0}}]},"currency":"EUR"},{"lines":{"items":[{"item":{"href":"https:\/\/hydraqa.unicity.net\/v5a-test\/items\/4790a55c442b5dc75a13b155e78c1842","id":{"unicity":"28604"},"weightEach":{"value":0},"servingsPerContainer":0,"servingSize":0},"quantity":1,"terms":{"priceEach":74.67,"taxEach":{"amount":6.72},"discountEach":{"amount":0},"pvEach":54},"quantityLimit":{"quantityQuota":-1,"timeFrameDays":-1,"quantityOrdered":0}}]},"currency":"EUR"},{"lines":{"items":[{"item":{"href":"https:\/\/hydraqa.unicity.net\/v5a-test\/items\/db0a2b02eaabc5ad45fe91ba5c7bcf5a","id":{"unicity":"31772"},"weightEach":{"value":0},"servingsPerContainer":0,"servingSize":0},"quantity":1,"terms":{"priceEach":8.32,"taxEach":{"amount":1.75},"discountEach":{"amount":0},"pvEach":0},"quantityLimit":{"quantityQuota":-1,"timeFrameDays":-1,"quantityOrdered":0}}]},"currency":"EUR"},{"lines":{"items":[{"item":{"href":"https:\/\/hydraqa.unicity.net\/v5a-test\/items\/34c8c6b0f454da738e64265f08c57a72","id":{"unicity":"31777"},"weightEach":{"value":0},"servingsPerContainer":0,"servingSize":0},"quantity":1,"terms":{"priceEach":6.22,"taxEach":{"amount":1.31},"discountEach":{"amount":0},"pvEach":3},"quantityLimit":{"quantityQuota":-1,"timeFrameDays":-1,"quantityOrdered":0}}]},"currency":"EUR"},{"lines":{"items":[{"item":{"href":"https:\/\/hydraqa.unicity.net\/v5a-test\/items\/fc8583e3bf463b599fdcce05234bc137","id":{"unicity":"31780"},"weightEach":{"value":0},"servingsPerContainer":0,"servingSize":0},"quantity":1,"terms":{"priceEach":8.32,"taxEach":{"amount":1.75},"discountEach":{"amount":0},"pvEach":4},"quantityLimit":{"quantityQuota":-1,"timeFrameDays":-1,"quantityOrdered":0}}]},"currency":"EUR"},{"lines":{"items":[{"item":{"href":"https:\/\/hydraqa.unicity.net\/v5a-test\/items\/7e80331c8c25f515174d3f894283a27c","id":{"unicity":"31781"},"weightEach":{"value":0},"servingsPerContainer":0,"servingSize":0},"quantity":1,"terms":{"priceEach":8.32,"taxEach":{"amount":1.75},"discountEach":{"amount":0},"pvEach":4},"quantityLimit":{"quantityQuota":-1,"timeFrameDays":-1,"quantityOrdered":0}}]},"currency":"EUR"},{"lines":{"items":[{"item":{"href":"https:\/\/hydraqa.unicity.net\/v5a-test\/items\/8d3854b47de8e45d6fcdc194dffff601","id":{"unicity":"31782"},"weightEach":{"value":0},"servingsPerContainer":0,"servingSize":0},"quantity":1,"terms":{"priceEach":12.52,"taxEach":{"amount":2.63},"discountEach":{"amount":0},"pvEach":6},"quantityLimit":{"quantityQuota":-1,"timeFrameDays":-1,"quantityOrdered":0}}]},"currency":"EUR"},{"lines":{"items":[{"item":{"href":"https:\/\/hydraqa.unicity.net\/v5a-test\/items\/04516be30bd9bf93e01536e7fc8f8716","id":{"unicity":"31779"},"weightEach":{"value":0},"servingsPerContainer":0,"servingSize":0},"quantity":1,"terms":{"priceEach":10,"taxEach":{"amount":2.1},"discountEach":{"amount":0},"pvEach":5},"quantityLimit":{"quantityQuota":-1,"timeFrameDays":-1,"quantityOrdered":0}}]},"currency":"EUR"},{"lines":{"items":[{"item":{"href":"https:\/\/hydraqa.unicity.net\/v5a-test\/items\/d7e1dd4b19a8672aed99e591356c0d48","id":{"unicity":"31932"},"weightEach":{"value":0},"servingsPerContainer":0,"servingSize":0},"quantity":1,"terms":{"priceEach":6.22,"taxEach":{"amount":1.31},"discountEach":{"amount":0},"pvEach":3},"quantityLimit":{"quantityQuota":-1,"timeFrameDays":-1,"quantityOrdered":0}}]},"currency":"EUR"},{"lines":{"items":[{"item":{"href":"https:\/\/hydraqa.unicity.net\/v5a-test\/items\/1aa00306dc0006d365acd7436548f2e6","id":{"unicity":"31778"},"weightEach":{"value":0},"servingsPerContainer":0,"servingSize":0},"quantity":1,"terms":{"priceEach":12.52,"taxEach":{"amount":2.63},"discountEach":{"amount":0},"pvEach":6},"quantityLimit":{"quantityQuota":-1,"timeFrameDays":-1,"quantityOrdered":0}}]},"currency":"EUR"},{"lines":{"items":[{"item":{"href":"https:\/\/hydraqa.unicity.net\/v5a-test\/items\/881451fd39a6a3113e33935db22da7ae","id":{"unicity":"32553"},"weightEach":{"value":0},"servingsPerContainer":0,"servingSize":0},"quantity":1,"terms":{"priceEach":2.44,"taxEach":{"amount":0.51},"discountEach":{"amount":0},"pvEach":0},"quantityLimit":{"quantityQuota":-1,"timeFrameDays":-1,"quantityOrdered":0}}]},"currency":"EUR"},{"lines":{"items":[{"item":{"href":"https:\/\/hydraqa.unicity.net\/v5a-test\/items\/4fc6de0cb7817f39a836ff08609b8539","id":{"unicity":"32556"},"weightEach":{"value":0},"servingsPerContainer":0,"servingSize":0},"quantity":1,"terms":{"priceEach":2.44,"taxEach":{"amount":0.51},"discountEach":{"amount":0},"pvEach":0},"quantityLimit":{"quantityQuota":-1,"timeFrameDays":-1,"quantityOrdered":0}}]},"currency":"EUR"},{"lines":{"items":[{"item":{"href":"https:\/\/hydraqa.unicity.net\/v5a-test\/items\/2262fdd5af916c31df08089c191735c1","id":{"unicity":"29317"},"weightEach":{"value":0},"servingsPerContainer":0,"servingSize":0},"quantity":1,"terms":{"priceEach":25.21,"taxEach":{"amount":5.29},"discountEach":{"amount":0},"pvEach":0},"quantityLimit":{"quantityQuota":-1,"timeFrameDays":-1,"quantityOrdered":0}}]},"currency":"EUR"},{"lines":{"items":[{"item":{"href":"https:\/\/hydraqa.unicity.net\/v5a-test\/items\/e98822672b5da0c3eaede80b7d7d4c5e","id":{"unicity":"26371"},"weightEach":{"value":0},"servingsPerContainer":0,"servingSize":0},"quantity":1,"terms":{"priceEach":246,"taxEach":{"amount":32.7},"discountEach":{"amount":0},"pvEach":174},"quantityLimit":{"quantityQuota":-1,"timeFrameDays":-1,"quantityOrdered":0}}]},"currency":"EUR"},{"lines":{"items":[{"item":{"href":"https:\/\/hydraqa.unicity.net\/v5a-test\/items\/217ca02fbd24e21ca5281412756238ab","id":{"unicity":"32126"},"weightEach":{"value":0},"servingsPerContainer":0,"servingSize":0},"quantity":1,"terms":{"priceEach":152.24,"taxEach":{"amount":14.7},"discountEach":{"amount":0},"pvEach":101},"quantityLimit":{"quantityQuota":-1,"timeFrameDays":-1,"quantityOrdered":0}}]},"currency":"EUR"},{"lines":{"items":[{"item":{"href":"https:\/\/hydraqa.unicity.net\/v5a-test\/items\/808008a0657d2033ad471c39bbce9891","id":{"unicity":"32127"},"weightEach":{"value":0},"servingsPerContainer":0,"servingSize":0},"quantity":1,"terms":{"priceEach":162.34,"taxEach":{"amount":15.61},"discountEach":{"amount":0},"pvEach":113},"quantityLimit":{"quantityQuota":-1,"timeFrameDays":-1,"quantityOrdered":0}}]},"currency":"EUR"},{"lines":{"items":[{"item":{"href":"https:\/\/hydraqa.unicity.net\/v5a-test\/items\/10df0fc3509b53cbeaeb9476ca92d520","id":{"unicity":"29833"},"weightEach":{"value":0},"servingsPerContainer":0,"servingSize":0},"quantity":1,"terms":{"priceEach":90.56,"taxEach":{"amount":8.15},"discountEach":{"amount":0},"pvEach":69},"quantityLimit":{"quantityQuota":-1,"timeFrameDays":-1,"quantityOrdered":0}}]},"currency":"EUR"},{"lines":{"items":[{"item":{"href":"https:\/\/hydraqa.unicity.net\/v5a-test\/items\/b90fda77fbdf07131e0e60b87941cf76","id":{"unicity":"32755"},"weightEach":{"value":0},"servingsPerContainer":0,"servingSize":0},"quantity":1,"terms":{"priceEach":758.54,"taxEach":{"amount":68.27},"discountEach":{"amount":0},"pvEach":503},"quantityLimit":{"quantityQuota":-1,"timeFrameDays":-1,"quantityOrdered":0}}]},"currency":"EUR"},{"lines":{"items":[{"item":{"href":"https:\/\/hydraqa.unicity.net\/v5a-test\/items\/3ab3ce55100f6593f04ec4a0d328a0b5","id":{"unicity":"32756"},"weightEach":{"value":0},"servingsPerContainer":0,"servingSize":0},"quantity":1,"terms":{"priceEach":1517.09,"taxEach":{"amount":136.54},"discountEach":{"amount":0},"pvEach":1006},"quantityLimit":{"quantityQuota":-1,"timeFrameDays":-1,"quantityOrdered":0}}]},"currency":"EUR"},{"lines":{"items":[{"item":{"href":"https:\/\/hydraqa.unicity.net\/v5a-test\/items\/332daeac6796ed016ea8b7d0bc42c2d4","id":{"unicity":"24274"},"weightEach":{"value":0},"servingsPerContainer":0,"servingSize":0},"quantity":1,"terms":{"priceEach":7.48,"taxEach":{"amount":1.57},"discountEach":{"amount":0},"pvEach":0},"quantityLimit":{"quantityQuota":-1,"timeFrameDays":-1,"quantityOrdered":0}}]},"currency":"EUR"},{"lines":{"items":[{"item":{"href":"https:\/\/hydraqa.unicity.net\/v5a-test\/items\/1945faa1776541d53120ecfe3c1d8a2b","id":{"unicity":"24418"},"weightEach":{"value":0},"servingsPerContainer":0,"servingSize":0},"quantity":1,"terms":{"priceEach":4.96,"taxEach":{"amount":1.04},"discountEach":{"amount":0},"pvEach":0},"quantityLimit":{"quantityQuota":-1,"timeFrameDays":-1,"quantityOrdered":0}}]},"currency":"EUR"},{"lines":{"items":[{"item":{"href":"https:\/\/hydraqa.unicity.net\/v5a-test\/items\/5147f8cfe32548e02fc158d4da9c4d6f","id":{"unicity":"27150"},"weightEach":{"value":0},"servingsPerContainer":0,"servingSize":0},"quantity":1,"terms":{"priceEach":93.36,"taxEach":{"amount":8.4},"discountEach":{"amount":0},"pvEach":70},"quantityLimit":{"quantityQuota":-1,"timeFrameDays":-1,"quantityOrdered":0}}]},"currency":"EUR"},{"lines":{"items":[{"item":{"href":"https:\/\/hydraqa.unicity.net\/v5a-test\/items\/03eba2365025ccd85818846a83a16f47","id":{"unicity":"27163"},"weightEach":{"value":0},"servingsPerContainer":0,"servingSize":0},"quantity":1,"terms":{"priceEach":74.67,"taxEach":{"amount":6.72},"discountEach":{"amount":0},"pvEach":54},"quantityLimit":{"quantityQuota":-1,"timeFrameDays":-1,"quantityOrdered":0}}]},"currency":"EUR"},{"lines":{"items":[{"item":{"href":"https:\/\/hydraqa.unicity.net\/v5a-test\/items\/7d4ad2792f7056e5f81eb24f118ef737","id":{"unicity":"27575"},"weightEach":{"value":0},"servingsPerContainer":0,"servingSize":0},"quantity":1,"terms":{"priceEach":55.98,"taxEach":{"amount":5.04},"discountEach":{"amount":0},"pvEach":34},"quantityLimit":{"quantityQuota":-1,"timeFrameDays":-1,"quantityOrdered":0}}]},"currency":"EUR"},{"lines":{"items":[{"item":{"href":"https:\/\/hydraqa.unicity.net\/v5a-test\/items\/0eebdede5bdb8bf4d71e800b6f3cead1","id":{"unicity":"30825"},"weightEach":{"value":0},"servingsPerContainer":0,"servingSize":0},"quantity":1,"terms":{"priceEach":37.29,"taxEach":{"amount":3.36},"discountEach":{"amount":0},"pvEach":23},"quantityLimit":{"quantityQuota":-1,"timeFrameDays":-1,"quantityOrdered":0}}]},"currency":"EUR"},{"lines":{"items":[{"item":{"href":"https:\/\/hydraqa.unicity.net\/v5a-test\/items\/024e696f8b44a1d315006e676604cd31","id":{"unicity":"27395"},"weightEach":{"value":0},"servingsPerContainer":0,"servingSize":0},"quantity":1,"terms":{"priceEach":29.81,"taxEach":{"amount":2.68},"discountEach":{"amount":0},"pvEach":18},"quantityLimit":{"quantityQuota":-1,"timeFrameDays":-1,"quantityOrdered":0}}]},"currency":"EUR"},{"lines":{"items":[{"item":{"href":"https:\/\/hydraqa.unicity.net\/v5a-test\/items\/398d06b858b960f6f38086d40608aef2","id":{"unicity":"26560"},"weightEach":{"value":0},"servingsPerContainer":0,"servingSize":0},"quantity":1,"terms":{"priceEach":20.47,"taxEach":{"amount":1.84},"discountEach":{"amount":0},"pvEach":13},"quantityLimit":{"quantityQuota":-1,"timeFrameDays":-1,"quantityOrdered":0}}]},"currency":"EUR"},{"lines":{"items":[{"item":{"href":"https:\/\/hydraqa.unicity.net\/v5a-test\/items\/e218d1cac5f31e7ae4f5876c29c57377","id":{"unicity":"29017"},"weightEach":{"value":0},"servingsPerContainer":0,"servingSize":0},"quantity":1,"terms":{"priceEach":37.29,"taxEach":{"amount":3.36},"discountEach":{"amount":0},"pvEach":23},"quantityLimit":{"quantityQuota":-1,"timeFrameDays":-1,"quantityOrdered":0}}]},"currency":"EUR"},{"lines":{"items":[{"item":{"href":"https:\/\/hydraqa.unicity.net\/v5a-test\/items\/3f2d12d7a0e8551fc99fad3bbe1ba633","id":{"unicity":"26567"},"weightEach":{"value":0},"servingsPerContainer":0,"servingSize":0},"quantity":1,"terms":{"priceEach":55.98,"taxEach":{"amount":5.04},"discountEach":{"amount":0},"pvEach":26},"quantityLimit":{"quantityQuota":-1,"timeFrameDays":-1,"quantityOrdered":0}}]},"currency":"EUR"},{"lines":{"items":[{"item":{"href":"https:\/\/hydraqa.unicity.net\/v5a-test\/items\/191637167cb3144bd2e8c4615e9ab67e","id":{"unicity":"26568"},"weightEach":{"value":0},"servingsPerContainer":0,"servingSize":0},"quantity":1,"terms":{"priceEach":55.98,"taxEach":{"amount":5.04},"discountEach":{"amount":0},"pvEach":26},"quantityLimit":{"quantityQuota":-1,"timeFrameDays":-1,"quantityOrdered":0}}]},"currency":"EUR"},{"lines":{"items":[{"item":{"href":"https:\/\/hydraqa.unicity.net\/v5a-test\/items\/606f7be753c74dfbfe4b107276775140","id":{"unicity":"29821"},"weightEach":{"value":0},"servingsPerContainer":0,"servingSize":0},"quantity":1,"terms":{"priceEach":79.35,"taxEach":{"amount":7.14},"discountEach":{"amount":0},"pvEach":59},"quantityLimit":{"quantityQuota":-1,"timeFrameDays":-1,"quantityOrdered":0}}]},"currency":"EUR"},{"lines":{"items":[{"item":{"href":"https:\/\/hydraqa.unicity.net\/v5a-test\/items\/94939f9be900906d2b47260ccba22a7b","id":{"unicity":"32012"},"weightEach":{"value":0},"servingsPerContainer":0,"servingSize":0},"quantity":1,"terms":{"priceEach":13.93,"taxEach":{"amount":1.25},"discountEach":{"amount":0},"pvEach":6},"quantityLimit":{"quantityQuota":-1,"timeFrameDays":-1,"quantityOrdered":0}}]},"currency":"EUR"},{"lines":{"items":[{"item":{"href":"https:\/\/hydraqa.unicity.net\/v5a-test\/items\/2c4c1abe00983e85aaa918d2ce341491","id":{"unicity":"17174"},"weightEach":{"value":0},"servingsPerContainer":0,"servingSize":0},"quantity":1,"terms":{"priceEach":37.29,"taxEach":{"amount":3.36},"discountEach":{"amount":0},"pvEach":23},"quantityLimit":{"quantityQuota":-1,"timeFrameDays":-1,"quantityOrdered":0}}]},"currency":"EUR"},{"lines":{"items":[{"item":{"href":"https:\/\/hydraqa.unicity.net\/v5a-test\/items\/991cdbb84a495779eb209fb3956a77e4","id":{"unicity":"29183"},"weightEach":{"value":0},"servingsPerContainer":0,"servingSize":0},"quantity":1,"terms":{"priceEach":31.01,"taxEach":{"amount":6.51},"discountEach":{"amount":0},"pvEach":18},"quantityLimit":{"quantityQuota":-1,"timeFrameDays":-1,"quantityOrdered":0}}]},"currency":"EUR"},{"lines":{"items":[{"item":{"href":"https:\/\/hydraqa.unicity.net\/v5a-test\/items\/0e78fbdfebef11cd62f8d2120064ee58","id":{"unicity":"30280"},"weightEach":{"value":0},"servingsPerContainer":0,"servingSize":0},"quantity":1,"terms":{"priceEach":33.53,"taxEach":{"amount":7.04},"discountEach":{"amount":0},"pvEach":20},"quantityLimit":{"quantityQuota":-1,"timeFrameDays":-1,"quantityOrdered":0}}]},"currency":"EUR"},{"lines":{"items":[{"item":{"href":"https:\/\/hydraqa.unicity.net\/v5a-test\/items\/beb900429fbb160dbfc3001c14d96df4","id":{"unicity":"29187"},"weightEach":{"value":0},"servingsPerContainer":0,"servingSize":0},"quantity":1,"terms":{"priceEach":37.73,"taxEach":{"amount":7.92},"discountEach":{"amount":0},"pvEach":24},"quantityLimit":{"quantityQuota":-1,"timeFrameDays":-1,"quantityOrdered":0}}]},"currency":"EUR"},{"lines":{"items":[{"item":{"href":"https:\/\/hydraqa.unicity.net\/v5a-test\/items\/1b0412bea8c0b841c66f65a36aa14108","id":{"unicity":"29191"},"weightEach":{"value":0},"servingsPerContainer":0,"servingSize":0},"quantity":1,"terms":{"priceEach":37.73,"taxEach":{"amount":7.92},"discountEach":{"amount":0},"pvEach":24},"quantityLimit":{"quantityQuota":-1,"timeFrameDays":-1,"quantityOrdered":0}}]},"currency":"EUR"},{"lines":{"items":[{"item":{"href":"https:\/\/hydraqa.unicity.net\/v5a-test\/items\/52c87f74d3b41ed49b0f897b66c2a99b","id":{"unicity":"30684"},"weightEach":{"value":0},"servingsPerContainer":0,"servingSize":0},"quantity":1,"terms":{"priceEach":37.29,"taxEach":{"amount":3.36},"discountEach":{"amount":0},"pvEach":23},"quantityLimit":{"quantityQuota":-1,"timeFrameDays":-1,"quantityOrdered":0}}]},"currency":"EUR"},{"lines":{"items":[{"item":{"href":"https:\/\/hydraqa.unicity.net\/v5a-test\/items\/90f38f77c9e6ea5a71aa7377df83760b","id":{"unicity":"30198"},"weightEach":{"value":0},"servingsPerContainer":0,"servingSize":0},"quantity":1,"terms":{"priceEach":19,"taxEach":{"amount":1.71},"discountEach":{"amount":0},"pvEach":16},"quantityLimit":{"quantityQuota":-1,"timeFrameDays":-1,"quantityOrdered":0}}]},"currency":"EUR"},{"lines":{"items":[{"item":{"href":"https:\/\/hydraqa.unicity.net\/v5a-test\/items\/ab2a2b07b17718843a66bee04ff40624","id":{"unicity":"31402"},"weightEach":{"value":0},"servingsPerContainer":0,"servingSize":0},"quantity":1,"terms":{"priceEach":98.9,"taxEach":{"amount":8.9},"discountEach":{"amount":0},"pvEach":70},"quantityLimit":{"quantityQuota":-1,"timeFrameDays":-1,"quantityOrdered":0}}]},"currency":"EUR"},{"lines":{"items":[{"item":{"href":"https:\/\/hydraqa.unicity.net\/v5a-test\/items\/7e5e7df32701fd44947c8146f2129f7a","id":{"unicity":"31672"},"weightEach":{"value":0},"servingsPerContainer":0,"servingSize":0},"quantity":1,"terms":{"priceEach":74.67,"taxEach":{"amount":6.72},"discountEach":{"amount":0},"pvEach":54},"quantityLimit":{"quantityQuota":-1,"timeFrameDays":-1,"quantityOrdered":0}}]},"currency":"EUR"},{"lines":{"items":[{"item":{"href":"https:\/\/hydraqa.unicity.net\/v5a-test\/items\/493c2ba720f847422eccc5da35024f33","id":{"unicity":"31534"},"weightEach":{"value":0},"servingsPerContainer":0,"servingSize":0},"quantity":1,"terms":{"priceEach":26.07,"taxEach":{"amount":2.35},"discountEach":{"amount":0},"pvEach":16},"quantityLimit":{"quantityQuota":-1,"timeFrameDays":-1,"quantityOrdered":0}}]},"currency":"EUR"},{"lines":{"items":[{"item":{"href":"https:\/\/hydraqa.unicity.net\/v5a-test\/items\/bfddb53fe0d5ed5432c531dc9850cbe4","id":{"unicity":"29449"},"weightEach":{"value":0},"servingsPerContainer":0,"servingSize":0},"quantity":1,"terms":{"priceEach":26.07,"taxEach":{"amount":2.35},"discountEach":{"amount":0},"pvEach":16},"quantityLimit":{"quantityQuota":-1,"timeFrameDays":-1,"quantityOrdered":0}}]},"currency":"EUR"},{"lines":{"items":[{"item":{"href":"https:\/\/hydraqa.unicity.net\/v5a-test\/items\/75b870fdff12be635674216fe88d3204","id":{"unicity":"29984"},"weightEach":{"value":0},"servingsPerContainer":0,"servingSize":0},"quantity":1,"terms":{"priceEach":37.73,"taxEach":{"amount":7.92},"discountEach":{"amount":0},"pvEach":24},"quantityLimit":{"quantityQuota":-1,"timeFrameDays":-1,"quantityOrdered":0}}]},"currency":"EUR"},{"lines":{"items":[{"item":{"href":"https:\/\/hydraqa.unicity.net\/v5a-test\/items\/fbb6dbd577adb73abaec364076fb288f","id":{"unicity":"32087"},"weightEach":{"value":0},"servingsPerContainer":0,"servingSize":0},"quantity":1,"terms":{"priceEach":20.47,"taxEach":{"amount":1.84},"discountEach":{"amount":0},"pvEach":9},"quantityLimit":{"quantityQuota":-1,"timeFrameDays":-1,"quantityOrdered":0}}]},"currency":"EUR"},{"lines":{"items":[{"item":{"href":"https:\/\/hydraqa.unicity.net\/v5a-test\/items\/35dcc0035e442bbe6482f178ec38522c","id":{"unicity":"31868"},"weightEach":{"value":0},"servingsPerContainer":0,"servingSize":0},"quantity":1,"terms":{"priceEach":20.47,"taxEach":{"amount":1.84},"discountEach":{"amount":0},"pvEach":9},"quantityLimit":{"quantityQuota":-1,"timeFrameDays":-1,"quantityOrdered":0}}]},"currency":"EUR"},{"lines":{"items":[{"item":{"href":"https:\/\/hydraqa.unicity.net\/v5a-test\/items\/baa263a2750aa330fbd9e5b96fdb2b55","id":{"unicity":"32609"},"weightEach":{"value":0},"servingsPerContainer":0,"servingSize":0},"quantity":1,"terms":{"priceEach":55.98,"taxEach":{"amount":0},"discountEach":{"amount":0},"pvEach":34},"quantityLimit":{"quantityQuota":-1,"timeFrameDays":-1,"quantityOrdered":0}}]},"currency":"EUR"},{"lines":{"items":[{"item":{"href":"https:\/\/hydraqa.unicity.net\/v5a-test\/items\/1f59b10f0bef99fa20e4b9b0b4efea88","id":{"unicity":"32333"},"weightEach":{"value":0},"servingsPerContainer":0,"servingSize":0},"quantity":1,"terms":{"priceEach":9.16,"taxEach":{"amount":1.92},"discountEach":{"amount":0},"pvEach":0},"quantityLimit":{"quantityQuota":-1,"timeFrameDays":-1,"quantityOrdered":0}}]},"currency":"EUR"},{"lines":{"items":[{"item":{"href":"https:\/\/hydraqa.unicity.net\/v5a-test\/items\/592aef9ec417f4553dc0b62a91a1f5e0","id":{"unicity":"32330"},"weightEach":{"value":0},"servingsPerContainer":0,"servingSize":0},"quantity":1,"terms":{"priceEach":93.36,"taxEach":{"amount":8.4},"discountEach":{"amount":0},"pvEach":55},"quantityLimit":{"quantityQuota":-1,"timeFrameDays":-1,"quantityOrdered":0}}]},"currency":"EUR"}]}
Entry request : {"order":{"customer":{"href":"https://hydraqa.unicity.net/v5a-test/customers?type=Associate"},"shipToAddress":{"country":"NL"}},"vary":{"lines":{"items":[{"item":{"href":"https://hydraqa.unicity.net/v5a-test/items?id.unicity=27160|31344|31343|31763|31951|31952|32128|32129|32130|32132|32133|32134|32135|32136|32137|32138|32125|32699|33092|33094|33093|18511|19941|26422|27156|27158|27166|27617|27660|27587|28601|28604|31772|31777|31780|31781|31782|31779|31932|31778|32553|32556|29317|26371|32126|32127|29833|32755|32756|32967|32968|32965|32966|33097|33095|33098|33096|24274|24418|27150|27163|27575|30825|27395|15880|26560|29017|26567|26568|24758|29821|32012|17174|29183|30280|29187|29191|30684|30198|31402|31672|31534|29449|29984|32087|31868|32609|32333|32330|32693"}}]}}}
Request URL: https://hydraqa.unicity.net/v5a-test/customers.js?callback=angular.callbacks._1&expand=customer,profilePicture&id.unicity=2
Request URL: https://hydraqa.unicity.net/v5a-test/customers.js?_httpMethod=HEAD&callback=angular.callbacks._7&email=WSIXZW@gmail.com
Request URL: https://hydraqa.unicity.net/v5a-test/shippingmethods.js?callback=angular.callbacks._a&destination=NL&market=NL
]]></system-out>
    <system-err><![CDATA[Starting ChromeDriver 2.36.540470 (e522d04694c7ebea4ba8821272dbef4f9b818c91) on port 20495
Only local connections are allowed.
Jun 30, 2020 11:35:17 AM org.openqa.selenium.remote.ProtocolHandshake createSession
INFO: Detected dialect: OSS
]]></system-err>
  </testcase>
  <testcase name="Enroll" classname="Tests.FranchisePartner" time="320.642">
    <failure message="Major Total Price is Wrong expected [414.04] but found [463.54]" type="java.lang.AssertionError">java.lang.AssertionError: Major Total Price is Wrong expected [414.04] but found [463.54]
	at Tests.FranchisePartner.Enroll(FranchisePartner.java:253)
</failure>
    <system-out><![CDATA[Request URL: https://hydraqa.unicity.net/v5a-test/quotes?&expand=item
Entry Quotes response : {"items":[{"lines":{"items":[{"item":{"href":"https:\/\/hydraqa.unicity.net\/v5a-test\/items\/0d3b8d4f7c4d4082db1b4ecffb6693fb","id":{"unicity":"27160"},"weightEach":{"value":0},"servingsPerContainer":0,"servingSize":0},"quantity":1,"terms":{"priceEach":74.67,"taxEach":{"amount":6.72},"discountEach":{"amount":0},"pvEach":53},"quantityLimit":{"quantityQuota":-1,"timeFrameDays":-1,"quantityOrdered":0}}]},"currency":"EUR"},{"lines":{"items":[{"item":{"href":"https:\/\/hydraqa.unicity.net\/v5a-test\/items\/4114433211b3e74bf171f84526d7e49b","id":{"unicity":"31344"},"weightEach":{"value":0},"servingsPerContainer":0,"servingSize":0},"quantity":1,"terms":{"priceEach":82.25,"taxEach":{"amount":7.4},"discountEach":{"amount":0},"pvEach":43},"quantityLimit":{"quantityQuota":-1,"timeFrameDays":-1,"quantityOrdered":0}}]},"currency":"EUR"},{"lines":{"items":[{"item":{"href":"https:\/\/hydraqa.unicity.net\/v5a-test\/items\/31cb0679f65df8fa9a4fc3d7e38b72b3","id":{"unicity":"31763"},"weightEach":{"value":0},"servingsPerContainer":0,"servingSize":0},"quantity":1,"terms":{"priceEach":243.3,"taxEach":{"amount":21.9},"discountEach":{"amount":0},"pvEach":181},"quantityLimit":{"quantityQuota":-1,"timeFrameDays":-1,"quantityOrdered":0}}]},"currency":"EUR"},{"lines":{"items":[{"item":{"href":"https:\/\/hydraqa.unicity.net\/v5a-test\/items\/e9991b48ac639367d526d2b9b22fac8c","id":{"unicity":"32128"},"weightEach":{"value":0},"servingsPerContainer":0,"servingSize":0},"quantity":1,"terms":{"priceEach":371.87,"taxEach":{"amount":33.47},"discountEach":{"amount":0},"pvEach":253},"quantityLimit":{"quantityQuota":-1,"timeFrameDays":-1,"quantityOrdered":0}}]},"currency":"EUR"},{"lines":{"items":[{"item":{"href":"https:\/\/hydraqa.unicity.net\/v5a-test\/items\/40b3312de189221d96d838d33a8ec49d","id":{"unicity":"32129"},"weightEach":{"value":0},"servingsPerContainer":0,"servingSize":0},"quantity":1,"terms":{"priceEach":371.87,"taxEach":{"amount":33.47},"discountEach":{"amount":0},"pvEach":254},"quantityLimit":{"quantityQuota":-1,"timeFrameDays":-1,"quantityOrdered":0}}]},"currency":"EUR"},{"lines":{"items":[{"item":{"href":"https:\/\/hydraqa.unicity.net\/v5a-test\/items\/6bd168a66ce41003a8f30917deff5808","id":{"unicity":"32130"},"weightEach":{"value":0},"servingsPerContainer":0,"servingSize":0},"quantity":1,"terms":{"priceEach":363.46,"taxEach":{"amount":32.71},"discountEach":{"amount":0},"pvEach":252},"quantityLimit":{"quantityQuota":-1,"timeFrameDays":-1,"quantityOrdered":0}}]},"currency":"EUR"},{"lines":{"items":[{"item":{"href":"https:\/\/hydraqa.unicity.net\/v5a-test\/items\/806f99b793edd7cd0b1c158ba0eb3142","id":{"unicity":"32132"},"weightEach":{"value":0},"servingsPerContainer":0,"servingSize":0},"quantity":1,"terms":{"priceEach":355.98,"taxEach":{"amount":32.04},"discountEach":{"amount":0},"pvEach":253},"quantityLimit":{"quantityQuota":-1,"timeFrameDays":-1,"quantityOrdered":0}}]},"currency":"EUR"},{"lines":{"items":[{"item":{"href":"https:\/\/hydraqa.unicity.net\/v5a-test\/items\/e3d382d99fde8659cb146b54116e7654","id":{"unicity":"32133"},"weightEach":{"value":0},"servingsPerContainer":0,"servingSize":0},"quantity":1,"terms":{"priceEach":364.39,"taxEach":{"amount":32.8},"discountEach":{"amount":0},"pvEach":252},"quantityLimit":{"quantityQuota":-1,"timeFrameDays":-1,"quantityOrdered":0}}]},"currency":"EUR"},{"lines":{"items":[{"item":{"href":"https:\/\/hydraqa.unicity.net\/v5a-test\/items\/022f109fe6e5eae3e521295a5cb94c60","id":{"unicity":"32134"},"weightEach":{"value":0},"servingsPerContainer":0,"servingSize":0},"quantity":1,"terms":{"priceEach":144.77,"taxEach":{"amount":13.03},"discountEach":{"amount":0},"pvEach":101},"quantityLimit":{"quantityQuota":-1,"timeFrameDays":-1,"quantityOrdered":0}}]},"currency":"EUR"},{"lines":{"items":[{"item":{"href":"https:\/\/hydraqa.unicity.net\/v5a-test\/items\/ded00960d5e948dd8e511a9c752e1ff9","id":{"unicity":"32135"},"weightEach":{"value":0},"servingsPerContainer":0,"servingSize":0},"quantity":1,"terms":{"priceEach":154.11,"taxEach":{"amount":13.87},"discountEach":{"amount":0},"pvEach":113},"quantityLimit":{"quantityQuota":-1,"timeFrameDays":-1,"quantityOrdered":0}}]},"currency":"EUR"},{"lines":{"items":[{"item":{"href":"https:\/\/hydraqa.unicity.net\/v5a-test\/items\/d8736cc35cf9f4734fd76da71c53dc05","id":{"unicity":"32136"},"weightEach":{"value":0},"servingsPerContainer":0,"servingSize":0},"quantity":1,"terms":{"priceEach":141.96,"taxEach":{"amount":12.78},"discountEach":{"amount":0},"pvEach":102},"quantityLimit":{"quantityQuota":-1,"timeFrameDays":-1,"quantityOrdered":0}}]},"currency":"EUR"},{"lines":{"items":[{"item":{"href":"https:\/\/hydraqa.unicity.net\/v5a-test\/items\/166a69d45c4ae40278554e24d5f40443","id":{"unicity":"32137"},"weightEach":{"value":0},"servingsPerContainer":0,"servingSize":0},"quantity":1,"terms":{"priceEach":168.13,"taxEach":{"amount":15.13},"discountEach":{"amount":0},"pvEach":118},"quantityLimit":{"quantityQuota":-1,"timeFrameDays":-1,"quantityOrdered":0}}]},"currency":"EUR"},{"lines":{"items":[{"item":{"href":"https:\/\/hydraqa.unicity.net\/v5a-test\/items\/d04a0b8762b20202b6273114fb7302d1","id":{"unicity":"32138"},"weightEach":{"value":0},"servingsPerContainer":0,"servingSize":0},"quantity":1,"terms":{"priceEach":224.21,"taxEach":{"amount":20.18},"discountEach":{"amount":0},"pvEach":152},"quantityLimit":{"quantityQuota":-1,"timeFrameDays":-1,"quantityOrdered":0}}]},"currency":"EUR"},{"lines":{"items":[{"item":{"href":"https:\/\/hydraqa.unicity.net\/v5a-test\/items\/e13d0b5c40704ad5dd186959367c97f1","id":{"unicity":"32125"},"weightEach":{"value":0},"servingsPerContainer":0,"servingSize":0},"quantity":1,"terms":{"priceEach":373.74,"taxEach":{"amount":33.64},"discountEach":{"amount":0},"pvEach":250},"quantityLimit":{"quantityQuota":-1,"timeFrameDays":-1,"quantityOrdered":0}}]},"currency":"EUR"},{"lines":{"items":[{"item":{"href":"https:\/\/hydraqa.unicity.net\/v5a-test\/items\/c451532f63a06f0e9a054e946a1a1c3b","id":{"unicity":"18511"},"weightEach":{"value":0},"servingsPerContainer":0,"servingSize":0},"quantity":1,"terms":{"priceEach":37.29,"taxEach":{"amount":3.36},"discountEach":{"amount":0},"pvEach":23},"quantityLimit":{"quantityQuota":-1,"timeFrameDays":-1,"quantityOrdered":0}}]},"currency":"EUR"},{"lines":{"items":[{"item":{"href":"https:\/\/hydraqa.unicity.net\/v5a-test\/items\/9752a919e28f96747163918165b46f23","id":{"unicity":"19941"},"weightEach":{"value":558},"servingsPerContainer":15,"servingSize":0},"quantity":1,"terms":{"priceEach":32.62,"taxEach":{"amount":2.94},"discountEach":{"amount":0},"pvEach":20},"quantityLimit":{"quantityQuota":-1,"timeFrameDays":-1,"quantityOrdered":0}}]},"currency":"EUR"},{"lines":{"items":[{"item":{"href":"https:\/\/hydraqa.unicity.net\/v5a-test\/items\/4e49c95f12ae7be78e5ffab68b8b3ca6","id":{"unicity":"26422"},"weightEach":{"value":0},"servingsPerContainer":0,"servingSize":0},"quantity":1,"terms":{"priceEach":19,"taxEach":{"amount":1.71},"discountEach":{"amount":0},"pvEach":0},"quantityLimit":{"quantityQuota":-1,"timeFrameDays":-1,"quantityOrdered":0}}]},"currency":"EUR"},{"lines":{"items":[{"item":{"href":"https:\/\/hydraqa.unicity.net\/v5a-test\/items\/50e73ecfa509ac20c4a250f9cb32fdfc","id":{"unicity":"27156"},"weightEach":{"value":0},"servingsPerContainer":0,"servingSize":0},"quantity":1,"terms":{"priceEach":20.47,"taxEach":{"amount":1.84},"discountEach":{"amount":0},"pvEach":13},"quantityLimit":{"quantityQuota":-1,"timeFrameDays":-1,"quantityOrdered":0}}]},"currency":"EUR"},{"lines":{"items":[{"item":{"href":"https:\/\/hydraqa.unicity.net\/v5a-test\/items\/d92292ba2f23c030e4a1f63eb3ebe1ce","id":{"unicity":"27158"},"weightEach":{"value":0},"servingsPerContainer":0,"servingSize":0},"quantity":1,"terms":{"priceEach":27.94,"taxEach":{"amount":2.51},"discountEach":{"amount":0},"pvEach":23},"quantityLimit":{"quantityQuota":-1,"timeFrameDays":-1,"quantityOrdered":0}}]},"currency":"EUR"},{"lines":{"items":[{"item":{"href":"https:\/\/hydraqa.unicity.net\/v5a-test\/items\/ac37bf51ff7e4fe860da8457f6ce0425","id":{"unicity":"27166"},"weightEach":{"value":0},"servingsPerContainer":0,"servingSize":0},"quantity":1,"terms":{"priceEach":74.67,"taxEach":{"amount":6.72},"discountEach":{"amount":0},"pvEach":54},"quantityLimit":{"quantityQuota":-1,"timeFrameDays":-1,"quantityOrdered":0}}]},"currency":"EUR"},{"lines":{"items":[{"item":{"href":"https:\/\/hydraqa.unicity.net\/v5a-test\/items\/a7bda1cb4a35343e52791aba56debc4a","id":{"unicity":"27617"},"weightEach":{"value":0},"servingsPerContainer":0,"servingSize":0},"quantity":1,"terms":{"priceEach":29.81,"taxEach":{"amount":2.68},"discountEach":{"amount":0},"pvEach":18},"quantityLimit":{"quantityQuota":-1,"timeFrameDays":-1,"quantityOrdered":0}}]},"currency":"EUR"},{"lines":{"items":[{"item":{"href":"https:\/\/hydraqa.unicity.net\/v5a-test\/items\/a36d9fdd0fd7561e6180fb5b2ff27164","id":{"unicity":"27660"},"weightEach":{"value":0},"servingsPerContainer":0,"servingSize":0},"quantity":1,"terms":{"priceEach":31.68,"taxEach":{"amount":2.85},"discountEach":{"amount":0},"pvEach":18},"quantityLimit":{"quantityQuota":-1,"timeFrameDays":-1,"quantityOrdered":0}}]},"currency":"EUR"},{"lines":{"items":[{"item":{"href":"https:\/\/hydraqa.unicity.net\/v5a-test\/items\/112b8c39286598b3730f630f371a45f4","id":{"unicity":"27587"},"weightEach":{"value":0},"servingsPerContainer":0,"servingSize":0},"quantity":1,"terms":{"priceEach":55.98,"taxEach":{"amount":5.04},"discountEach":{"amount":0},"pvEach":34},"quantityLimit":{"quantityQuota":-1,"timeFrameDays":-1,"quantityOrdered":0}}]},"currency":"EUR"},{"lines":{"items":[{"item":{"href":"https:\/\/hydraqa.unicity.net\/v5a-test\/items\/0c0717a26fcfe40310e906487e8a12f7","id":{"unicity":"28601"},"weightEach":{"value":0},"servingsPerContainer":0,"servingSize":0},"quantity":1,"terms":{"priceEach":74.67,"taxEach":{"amount":6.72},"discountEach":{"amount":0},"pvEach":54},"quantityLimit":{"quantityQuota":-1,"timeFrameDays":-1,"quantityOrdered":0}}]},"currency":"EUR"},{"lines":{"items":[{"item":{"href":"https:\/\/hydraqa.unicity.net\/v5a-test\/items\/4790a55c442b5dc75a13b155e78c1842","id":{"unicity":"28604"},"weightEach":{"value":0},"servingsPerContainer":0,"servingSize":0},"quantity":1,"terms":{"priceEach":74.67,"taxEach":{"amount":6.72},"discountEach":{"amount":0},"pvEach":54},"quantityLimit":{"quantityQuota":-1,"timeFrameDays":-1,"quantityOrdered":0}}]},"currency":"EUR"},{"lines":{"items":[{"item":{"href":"https:\/\/hydraqa.unicity.net\/v5a-test\/items\/db0a2b02eaabc5ad45fe91ba5c7bcf5a","id":{"unicity":"31772"},"weightEach":{"value":0},"servingsPerContainer":0,"servingSize":0},"quantity":1,"terms":{"priceEach":8.32,"taxEach":{"amount":1.75},"discountEach":{"amount":0},"pvEach":0},"quantityLimit":{"quantityQuota":-1,"timeFrameDays":-1,"quantityOrdered":0}}]},"currency":"EUR"},{"lines":{"items":[{"item":{"href":"https:\/\/hydraqa.unicity.net\/v5a-test\/items\/34c8c6b0f454da738e64265f08c57a72","id":{"unicity":"31777"},"weightEach":{"value":0},"servingsPerContainer":0,"servingSize":0},"quantity":1,"terms":{"priceEach":6.22,"taxEach":{"amount":1.31},"discountEach":{"amount":0},"pvEach":3},"quantityLimit":{"quantityQuota":-1,"timeFrameDays":-1,"quantityOrdered":0}}]},"currency":"EUR"},{"lines":{"items":[{"item":{"href":"https:\/\/hydraqa.unicity.net\/v5a-test\/items\/fc8583e3bf463b599fdcce05234bc137","id":{"unicity":"31780"},"weightEach":{"value":0},"servingsPerContainer":0,"servingSize":0},"quantity":1,"terms":{"priceEach":8.32,"taxEach":{"amount":1.75},"discountEach":{"amount":0},"pvEach":4},"quantityLimit":{"quantityQuota":-1,"timeFrameDays":-1,"quantityOrdered":0}}]},"currency":"EUR"},{"lines":{"items":[{"item":{"href":"https:\/\/hydraqa.unicity.net\/v5a-test\/items\/7e80331c8c25f515174d3f894283a27c","id":{"unicity":"31781"},"weightEach":{"value":0},"servingsPerContainer":0,"servingSize":0},"quantity":1,"terms":{"priceEach":8.32,"taxEach":{"amount":1.75},"discountEach":{"amount":0},"pvEach":4},"quantityLimit":{"quantityQuota":-1,"timeFrameDays":-1,"quantityOrdered":0}}]},"currency":"EUR"},{"lines":{"items":[{"item":{"href":"https:\/\/hydraqa.unicity.net\/v5a-test\/items\/8d3854b47de8e45d6fcdc194dffff601","id":{"unicity":"31782"},"weightEach":{"value":0},"servingsPerContainer":0,"servingSize":0},"quantity":1,"terms":{"priceEach":12.52,"taxEach":{"amount":2.63},"discountEach":{"amount":0},"pvEach":6},"quantityLimit":{"quantityQuota":-1,"timeFrameDays":-1,"quantityOrdered":0}}]},"currency":"EUR"},{"lines":{"items":[{"item":{"href":"https:\/\/hydraqa.unicity.net\/v5a-test\/items\/04516be30bd9bf93e01536e7fc8f8716","id":{"unicity":"31779"},"weightEach":{"value":0},"servingsPerContainer":0,"servingSize":0},"quantity":1,"terms":{"priceEach":10,"taxEach":{"amount":2.1},"discountEach":{"amount":0},"pvEach":5},"quantityLimit":{"quantityQuota":-1,"timeFrameDays":-1,"quantityOrdered":0}}]},"currency":"EUR"},{"lines":{"items":[{"item":{"href":"https:\/\/hydraqa.unicity.net\/v5a-test\/items\/d7e1dd4b19a8672aed99e591356c0d48","id":{"unicity":"31932"},"weightEach":{"value":0},"servingsPerContainer":0,"servingSize":0},"quantity":1,"terms":{"priceEach":6.22,"taxEach":{"amount":1.31},"discountEach":{"amount":0},"pvEach":3},"quantityLimit":{"quantityQuota":-1,"timeFrameDays":-1,"quantityOrdered":0}}]},"currency":"EUR"},{"lines":{"items":[{"item":{"href":"https:\/\/hydraqa.unicity.net\/v5a-test\/items\/1aa00306dc0006d365acd7436548f2e6","id":{"unicity":"31778"},"weightEach":{"value":0},"servingsPerContainer":0,"servingSize":0},"quantity":1,"terms":{"priceEach":12.52,"taxEach":{"amount":2.63},"discountEach":{"amount":0},"pvEach":6},"quantityLimit":{"quantityQuota":-1,"timeFrameDays":-1,"quantityOrdered":0}}]},"currency":"EUR"},{"lines":{"items":[{"item":{"href":"https:\/\/hydraqa.unicity.net\/v5a-test\/items\/881451fd39a6a3113e33935db22da7ae","id":{"unicity":"32553"},"weightEach":{"value":0},"servingsPerContainer":0,"servingSize":0},"quantity":1,"terms":{"priceEach":2.44,"taxEach":{"amount":0.51},"discountEach":{"amount":0},"pvEach":0},"quantityLimit":{"quantityQuota":-1,"timeFrameDays":-1,"quantityOrdered":0}}]},"currency":"EUR"},{"lines":{"items":[{"item":{"href":"https:\/\/hydraqa.unicity.net\/v5a-test\/items\/4fc6de0cb7817f39a836ff08609b8539","id":{"unicity":"32556"},"weightEach":{"value":0},"servingsPerContainer":0,"servingSize":0},"quantity":1,"terms":{"priceEach":2.44,"taxEach":{"amount":0.51},"discountEach":{"amount":0},"pvEach":0},"quantityLimit":{"quantityQuota":-1,"timeFrameDays":-1,"quantityOrdered":0}}]},"currency":"EUR"},{"lines":{"items":[{"item":{"href":"https:\/\/hydraqa.unicity.net\/v5a-test\/items\/2262fdd5af916c31df08089c191735c1","id":{"unicity":"29317"},"weightEach":{"value":0},"servingsPerContainer":0,"servingSize":0},"quantity":1,"terms":{"priceEach":25.21,"taxEach":{"amount":5.29},"discountEach":{"amount":0},"pvEach":0},"quantityLimit":{"quantityQuota":-1,"timeFrameDays":-1,"quantityOrdered":0}}]},"currency":"EUR"},{"lines":{"items":[{"item":{"href":"https:\/\/hydraqa.unicity.net\/v5a-test\/items\/e98822672b5da0c3eaede80b7d7d4c5e","id":{"unicity":"26371"},"weightEach":{"value":0},"servingsPerContainer":0,"servingSize":0},"quantity":1,"terms":{"priceEach":246,"taxEach":{"amount":32.7},"discountEach":{"amount":0},"pvEach":174},"quantityLimit":{"quantityQuota":-1,"timeFrameDays":-1,"quantityOrdered":0}}]},"currency":"EUR"},{"lines":{"items":[{"item":{"href":"https:\/\/hydraqa.unicity.net\/v5a-test\/items\/217ca02fbd24e21ca5281412756238ab","id":{"unicity":"32126"},"weightEach":{"value":0},"servingsPerContainer":0,"servingSize":0},"quantity":1,"terms":{"priceEach":152.24,"taxEach":{"amount":14.7},"discountEach":{"amount":0},"pvEach":101},"quantityLimit":{"quantityQuota":-1,"timeFrameDays":-1,"quantityOrdered":0}}]},"currency":"EUR"},{"lines":{"items":[{"item":{"href":"https:\/\/hydraqa.unicity.net\/v5a-test\/items\/808008a0657d2033ad471c39bbce9891","id":{"unicity":"32127"},"weightEach":{"value":0},"servingsPerContainer":0,"servingSize":0},"quantity":1,"terms":{"priceEach":162.34,"taxEach":{"amount":15.61},"discountEach":{"amount":0},"pvEach":113},"quantityLimit":{"quantityQuota":-1,"timeFrameDays":-1,"quantityOrdered":0}}]},"currency":"EUR"},{"lines":{"items":[{"item":{"href":"https:\/\/hydraqa.unicity.net\/v5a-test\/items\/10df0fc3509b53cbeaeb9476ca92d520","id":{"unicity":"29833"},"weightEach":{"value":0},"servingsPerContainer":0,"servingSize":0},"quantity":1,"terms":{"priceEach":90.56,"taxEach":{"amount":8.15},"discountEach":{"amount":0},"pvEach":69},"quantityLimit":{"quantityQuota":-1,"timeFrameDays":-1,"quantityOrdered":0}}]},"currency":"EUR"},{"lines":{"items":[{"item":{"href":"https:\/\/hydraqa.unicity.net\/v5a-test\/items\/b90fda77fbdf07131e0e60b87941cf76","id":{"unicity":"32755"},"weightEach":{"value":0},"servingsPerContainer":0,"servingSize":0},"quantity":1,"terms":{"priceEach":758.54,"taxEach":{"amount":68.27},"discountEach":{"amount":0},"pvEach":503},"quantityLimit":{"quantityQuota":-1,"timeFrameDays":-1,"quantityOrdered":0}}]},"currency":"EUR"},{"lines":{"items":[{"item":{"href":"https:\/\/hydraqa.unicity.net\/v5a-test\/items\/3ab3ce55100f6593f04ec4a0d328a0b5","id":{"unicity":"32756"},"weightEach":{"value":0},"servingsPerContainer":0,"servingSize":0},"quantity":1,"terms":{"priceEach":1517.09,"taxEach":{"amount":136.54},"discountEach":{"amount":0},"pvEach":1006},"quantityLimit":{"quantityQuota":-1,"timeFrameDays":-1,"quantityOrdered":0}}]},"currency":"EUR"},{"lines":{"items":[{"item":{"href":"https:\/\/hydraqa.unicity.net\/v5a-test\/items\/332daeac6796ed016ea8b7d0bc42c2d4","id":{"unicity":"24274"},"weightEach":{"value":0},"servingsPerContainer":0,"servingSize":0},"quantity":1,"terms":{"priceEach":7.48,"taxEach":{"amount":1.57},"discountEach":{"amount":0},"pvEach":0},"quantityLimit":{"quantityQuota":-1,"timeFrameDays":-1,"quantityOrdered":0}}]},"currency":"EUR"},{"lines":{"items":[{"item":{"href":"https:\/\/hydraqa.unicity.net\/v5a-test\/items\/1945faa1776541d53120ecfe3c1d8a2b","id":{"unicity":"24418"},"weightEach":{"value":0},"servingsPerContainer":0,"servingSize":0},"quantity":1,"terms":{"priceEach":4.96,"taxEach":{"amount":1.04},"discountEach":{"amount":0},"pvEach":0},"quantityLimit":{"quantityQuota":-1,"timeFrameDays":-1,"quantityOrdered":0}}]},"currency":"EUR"},{"lines":{"items":[{"item":{"href":"https:\/\/hydraqa.unicity.net\/v5a-test\/items\/5147f8cfe32548e02fc158d4da9c4d6f","id":{"unicity":"27150"},"weightEach":{"value":0},"servingsPerContainer":0,"servingSize":0},"quantity":1,"terms":{"priceEach":93.36,"taxEach":{"amount":8.4},"discountEach":{"amount":0},"pvEach":70},"quantityLimit":{"quantityQuota":-1,"timeFrameDays":-1,"quantityOrdered":0}}]},"currency":"EUR"},{"lines":{"items":[{"item":{"href":"https:\/\/hydraqa.unicity.net\/v5a-test\/items\/03eba2365025ccd85818846a83a16f47","id":{"unicity":"27163"},"weightEach":{"value":0},"servingsPerContainer":0,"servingSize":0},"quantity":1,"terms":{"priceEach":74.67,"taxEach":{"amount":6.72},"discountEach":{"amount":0},"pvEach":54},"quantityLimit":{"quantityQuota":-1,"timeFrameDays":-1,"quantityOrdered":0}}]},"currency":"EUR"},{"lines":{"items":[{"item":{"href":"https:\/\/hydraqa.unicity.net\/v5a-test\/items\/7d4ad2792f7056e5f81eb24f118ef737","id":{"unicity":"27575"},"weightEach":{"value":0},"servingsPerContainer":0,"servingSize":0},"quantity":1,"terms":{"priceEach":55.98,"taxEach":{"amount":5.04},"discountEach":{"amount":0},"pvEach":34},"quantityLimit":{"quantityQuota":-1,"timeFrameDays":-1,"quantityOrdered":0}}]},"currency":"EUR"},{"lines":{"items":[{"item":{"href":"https:\/\/hydraqa.unicity.net\/v5a-test\/items\/0eebdede5bdb8bf4d71e800b6f3cead1","id":{"unicity":"30825"},"weightEach":{"value":0},"servingsPerContainer":0,"servingSize":0},"quantity":1,"terms":{"priceEach":37.29,"taxEach":{"amount":3.36},"discountEach":{"amount":0},"pvEach":23},"quantityLimit":{"quantityQuota":-1,"timeFrameDays":-1,"quantityOrdered":0}}]},"currency":"EUR"},{"lines":{"items":[{"item":{"href":"https:\/\/hydraqa.unicity.net\/v5a-test\/items\/024e696f8b44a1d315006e676604cd31","id":{"unicity":"27395"},"weightEach":{"value":0},"servingsPerContainer":0,"servingSize":0},"quantity":1,"terms":{"priceEach":29.81,"taxEach":{"amount":2.68},"discountEach":{"amount":0},"pvEach":18},"quantityLimit":{"quantityQuota":-1,"timeFrameDays":-1,"quantityOrdered":0}}]},"currency":"EUR"},{"lines":{"items":[{"item":{"href":"https:\/\/hydraqa.unicity.net\/v5a-test\/items\/398d06b858b960f6f38086d40608aef2","id":{"unicity":"26560"},"weightEach":{"value":0},"servingsPerContainer":0,"servingSize":0},"quantity":1,"terms":{"priceEach":20.47,"taxEach":{"amount":1.84},"discountEach":{"amount":0},"pvEach":13},"quantityLimit":{"quantityQuota":-1,"timeFrameDays":-1,"quantityOrdered":0}}]},"currency":"EUR"},{"lines":{"items":[{"item":{"href":"https:\/\/hydraqa.unicity.net\/v5a-test\/items\/e218d1cac5f31e7ae4f5876c29c57377","id":{"unicity":"29017"},"weightEach":{"value":0},"servingsPerContainer":0,"servingSize":0},"quantity":1,"terms":{"priceEach":37.29,"taxEach":{"amount":3.36},"discountEach":{"amount":0},"pvEach":23},"quantityLimit":{"quantityQuota":-1,"timeFrameDays":-1,"quantityOrdered":0}}]},"currency":"EUR"},{"lines":{"items":[{"item":{"href":"https:\/\/hydraqa.unicity.net\/v5a-test\/items\/3f2d12d7a0e8551fc99fad3bbe1ba633","id":{"unicity":"26567"},"weightEach":{"value":0},"servingsPerContainer":0,"servingSize":0},"quantity":1,"terms":{"priceEach":55.98,"taxEach":{"amount":5.04},"discountEach":{"amount":0},"pvEach":26},"quantityLimit":{"quantityQuota":-1,"timeFrameDays":-1,"quantityOrdered":0}}]},"currency":"EUR"},{"lines":{"items":[{"item":{"href":"https:\/\/hydraqa.unicity.net\/v5a-test\/items\/191637167cb3144bd2e8c4615e9ab67e","id":{"unicity":"26568"},"weightEach":{"value":0},"servingsPerContainer":0,"servingSize":0},"quantity":1,"terms":{"priceEach":55.98,"taxEach":{"amount":5.04},"discountEach":{"amount":0},"pvEach":26},"quantityLimit":{"quantityQuota":-1,"timeFrameDays":-1,"quantityOrdered":0}}]},"currency":"EUR"},{"lines":{"items":[{"item":{"href":"https:\/\/hydraqa.unicity.net\/v5a-test\/items\/606f7be753c74dfbfe4b107276775140","id":{"unicity":"29821"},"weightEach":{"value":0},"servingsPerContainer":0,"servingSize":0},"quantity":1,"terms":{"priceEach":79.35,"taxEach":{"amount":7.14},"discountEach":{"amount":0},"pvEach":59},"quantityLimit":{"quantityQuota":-1,"timeFrameDays":-1,"quantityOrdered":0}}]},"currency":"EUR"},{"lines":{"items":[{"item":{"href":"https:\/\/hydraqa.unicity.net\/v5a-test\/items\/94939f9be900906d2b47260ccba22a7b","id":{"unicity":"32012"},"weightEach":{"value":0},"servingsPerContainer":0,"servingSize":0},"quantity":1,"terms":{"priceEach":13.93,"taxEach":{"amount":1.25},"discountEach":{"amount":0},"pvEach":6},"quantityLimit":{"quantityQuota":-1,"timeFrameDays":-1,"quantityOrdered":0}}]},"currency":"EUR"},{"lines":{"items":[{"item":{"href":"https:\/\/hydraqa.unicity.net\/v5a-test\/items\/2c4c1abe00983e85aaa918d2ce341491","id":{"unicity":"17174"},"weightEach":{"value":0},"servingsPerContainer":0,"servingSize":0},"quantity":1,"terms":{"priceEach":37.29,"taxEach":{"amount":3.36},"discountEach":{"amount":0},"pvEach":23},"quantityLimit":{"quantityQuota":-1,"timeFrameDays":-1,"quantityOrdered":0}}]},"currency":"EUR"},{"lines":{"items":[{"item":{"href":"https:\/\/hydraqa.unicity.net\/v5a-test\/items\/991cdbb84a495779eb209fb3956a77e4","id":{"unicity":"29183"},"weightEach":{"value":0},"servingsPerContainer":0,"servingSize":0},"quantity":1,"terms":{"priceEach":31.01,"taxEach":{"amount":6.51},"discountEach":{"amount":0},"pvEach":18},"quantityLimit":{"quantityQuota":-1,"timeFrameDays":-1,"quantityOrdered":0}}]},"currency":"EUR"},{"lines":{"items":[{"item":{"href":"https:\/\/hydraqa.unicity.net\/v5a-test\/items\/0e78fbdfebef11cd62f8d2120064ee58","id":{"unicity":"30280"},"weightEach":{"value":0},"servingsPerContainer":0,"servingSize":0},"quantity":1,"terms":{"priceEach":33.53,"taxEach":{"amount":7.04},"discountEach":{"amount":0},"pvEach":20},"quantityLimit":{"quantityQuota":-1,"timeFrameDays":-1,"quantityOrdered":0}}]},"currency":"EUR"},{"lines":{"items":[{"item":{"href":"https:\/\/hydraqa.unicity.net\/v5a-test\/items\/beb900429fbb160dbfc3001c14d96df4","id":{"unicity":"29187"},"weightEach":{"value":0},"servingsPerContainer":0,"servingSize":0},"quantity":1,"terms":{"priceEach":37.73,"taxEach":{"amount":7.92},"discountEach":{"amount":0},"pvEach":24},"quantityLimit":{"quantityQuota":-1,"timeFrameDays":-1,"quantityOrdered":0}}]},"currency":"EUR"},{"lines":{"items":[{"item":{"href":"https:\/\/hydraqa.unicity.net\/v5a-test\/items\/1b0412bea8c0b841c66f65a36aa14108","id":{"unicity":"29191"},"weightEach":{"value":0},"servingsPerContainer":0,"servingSize":0},"quantity":1,"terms":{"priceEach":37.73,"taxEach":{"amount":7.92},"discountEach":{"amount":0},"pvEach":24},"quantityLimit":{"quantityQuota":-1,"timeFrameDays":-1,"quantityOrdered":0}}]},"currency":"EUR"},{"lines":{"items":[{"item":{"href":"https:\/\/hydraqa.unicity.net\/v5a-test\/items\/52c87f74d3b41ed49b0f897b66c2a99b","id":{"unicity":"30684"},"weightEach":{"value":0},"servingsPerContainer":0,"servingSize":0},"quantity":1,"terms":{"priceEach":37.29,"taxEach":{"amount":3.36},"discountEach":{"amount":0},"pvEach":23},"quantityLimit":{"quantityQuota":-1,"timeFrameDays":-1,"quantityOrdered":0}}]},"currency":"EUR"},{"lines":{"items":[{"item":{"href":"https:\/\/hydraqa.unicity.net\/v5a-test\/items\/90f38f77c9e6ea5a71aa7377df83760b","id":{"unicity":"30198"},"weightEach":{"value":0},"servingsPerContainer":0,"servingSize":0},"quantity":1,"terms":{"priceEach":19,"taxEach":{"amount":1.71},"discountEach":{"amount":0},"pvEach":16},"quantityLimit":{"quantityQuota":-1,"timeFrameDays":-1,"quantityOrdered":0}}]},"currency":"EUR"},{"lines":{"items":[{"item":{"href":"https:\/\/hydraqa.unicity.net\/v5a-test\/items\/ab2a2b07b17718843a66bee04ff40624","id":{"unicity":"31402"},"weightEach":{"value":0},"servingsPerContainer":0,"servingSize":0},"quantity":1,"terms":{"priceEach":98.9,"taxEach":{"amount":8.9},"discountEach":{"amount":0},"pvEach":70},"quantityLimit":{"quantityQuota":-1,"timeFrameDays":-1,"quantityOrdered":0}}]},"currency":"EUR"},{"lines":{"items":[{"item":{"href":"https:\/\/hydraqa.unicity.net\/v5a-test\/items\/7e5e7df32701fd44947c8146f2129f7a","id":{"unicity":"31672"},"weightEach":{"value":0},"servingsPerContainer":0,"servingSize":0},"quantity":1,"terms":{"priceEach":74.67,"taxEach":{"amount":6.72},"discountEach":{"amount":0},"pvEach":54},"quantityLimit":{"quantityQuota":-1,"timeFrameDays":-1,"quantityOrdered":0}}]},"currency":"EUR"},{"lines":{"items":[{"item":{"href":"https:\/\/hydraqa.unicity.net\/v5a-test\/items\/493c2ba720f847422eccc5da35024f33","id":{"unicity":"31534"},"weightEach":{"value":0},"servingsPerContainer":0,"servingSize":0},"quantity":1,"terms":{"priceEach":26.07,"taxEach":{"amount":2.35},"discountEach":{"amount":0},"pvEach":16},"quantityLimit":{"quantityQuota":-1,"timeFrameDays":-1,"quantityOrdered":0}}]},"currency":"EUR"},{"lines":{"items":[{"item":{"href":"https:\/\/hydraqa.unicity.net\/v5a-test\/items\/bfddb53fe0d5ed5432c531dc9850cbe4","id":{"unicity":"29449"},"weightEach":{"value":0},"servingsPerContainer":0,"servingSize":0},"quantity":1,"terms":{"priceEach":26.07,"taxEach":{"amount":2.35},"discountEach":{"amount":0},"pvEach":16},"quantityLimit":{"quantityQuota":-1,"timeFrameDays":-1,"quantityOrdered":0}}]},"currency":"EUR"},{"lines":{"items":[{"item":{"href":"https:\/\/hydraqa.unicity.net\/v5a-test\/items\/75b870fdff12be635674216fe88d3204","id":{"unicity":"29984"},"weightEach":{"value":0},"servingsPerContainer":0,"servingSize":0},"quantity":1,"terms":{"priceEach":37.73,"taxEach":{"amount":7.92},"discountEach":{"amount":0},"pvEach":24},"quantityLimit":{"quantityQuota":-1,"timeFrameDays":-1,"quantityOrdered":0}}]},"currency":"EUR"},{"lines":{"items":[{"item":{"href":"https:\/\/hydraqa.unicity.net\/v5a-test\/items\/fbb6dbd577adb73abaec364076fb288f","id":{"unicity":"32087"},"weightEach":{"value":0},"servingsPerContainer":0,"servingSize":0},"quantity":1,"terms":{"priceEach":20.47,"taxEach":{"amount":1.84},"discountEach":{"amount":0},"pvEach":9},"quantityLimit":{"quantityQuota":-1,"timeFrameDays":-1,"quantityOrdered":0}}]},"currency":"EUR"},{"lines":{"items":[{"item":{"href":"https:\/\/hydraqa.unicity.net\/v5a-test\/items\/35dcc0035e442bbe6482f178ec38522c","id":{"unicity":"31868"},"weightEach":{"value":0},"servingsPerContainer":0,"servingSize":0},"quantity":1,"terms":{"priceEach":20.47,"taxEach":{"amount":1.84},"discountEach":{"amount":0},"pvEach":9},"quantityLimit":{"quantityQuota":-1,"timeFrameDays":-1,"quantityOrdered":0}}]},"currency":"EUR"},{"lines":{"items":[{"item":{"href":"https:\/\/hydraqa.unicity.net\/v5a-test\/items\/baa263a2750aa330fbd9e5b96fdb2b55","id":{"unicity":"32609"},"weightEach":{"value":0},"servingsPerContainer":0,"servingSize":0},"quantity":1,"terms":{"priceEach":55.98,"taxEach":{"amount":0},"discountEach":{"amount":0},"pvEach":34},"quantityLimit":{"quantityQuota":-1,"timeFrameDays":-1,"quantityOrdered":0}}]},"currency":"EUR"},{"lines":{"items":[{"item":{"href":"https:\/\/hydraqa.unicity.net\/v5a-test\/items\/1f59b10f0bef99fa20e4b9b0b4efea88","id":{"unicity":"32333"},"weightEach":{"value":0},"servingsPerContainer":0,"servingSize":0},"quantity":1,"terms":{"priceEach":9.16,"taxEach":{"amount":1.92},"discountEach":{"amount":0},"pvEach":0},"quantityLimit":{"quantityQuota":-1,"timeFrameDays":-1,"quantityOrdered":0}}]},"currency":"EUR"},{"lines":{"items":[{"item":{"href":"https:\/\/hydraqa.unicity.net\/v5a-test\/items\/592aef9ec417f4553dc0b62a91a1f5e0","id":{"unicity":"32330"},"weightEach":{"value":0},"servingsPerContainer":0,"servingSize":0},"quantity":1,"terms":{"priceEach":93.36,"taxEach":{"amount":8.4},"discountEach":{"amount":0},"pvEach":55},"quantityLimit":{"quantityQuota":-1,"timeFrameDays":-1,"quantityOrdered":0}}]},"currency":"EUR"}]}
Entry request : {"order":{"customer":{"href":"https://hydraqa.unicity.net/v5a-test/customers?type=Associate"},"shipToAddress":{"country":"NL"}},"vary":{"lines":{"items":[{"item":{"href":"https://hydraqa.unicity.net/v5a-test/items?id.unicity=27160|31344|31343|31763|31951|31952|32128|32129|32130|32132|32133|32134|32135|32136|32137|32138|32125|32699|33092|33094|33093|18511|19941|26422|27156|27158|27166|27617|27660|27587|28601|28604|31772|31777|31780|31781|31782|31779|31932|31778|32553|32556|29317|26371|32126|32127|29833|32755|32756|32967|32968|32965|32966|33097|33095|33098|33096|24274|24418|27150|27163|27575|30825|27395|15880|26560|29017|26567|26568|24758|29821|32012|17174|29183|30280|29187|29191|30684|30198|31402|31672|31534|29449|29984|32087|31868|32609|32333|32330|32693"}}]}}}
Request URL: https://hydraqa.unicity.net/v5a-test/customers.js?callback=angular.callbacks._1&expand=customer,profilePicture&id.unicity=2
Request URL: https://hydraqa.unicity.net/v5a-test/customers.js?_httpMethod=HEAD&callback=angular.callbacks._7&email=NINJQB@gmail.com
Request URL: https://hydraqa.unicity.net/v5a-test/shippingmethods.js?callback=angular.callbacks._a&destination=NL&market=NL
]]></system-out>
    <system-err><![CDATA[Starting ChromeDriver 2.36.540470 (e522d04694c7ebea4ba8821272dbef4f9b818c91) on port 34181
Only local connections are allowed.
Jun 30, 2020 11:40:17 AM org.openqa.selenium.remote.ProtocolHandshake createSession
INFO: Detected dialect: OSS
]]></system-err>
  </testcase>
  <testcase name="Enroll" classname="Tests.FranchisePartner" time="203.458"/>
  <testcase name="Enroll" classname="Tests.FranchisePartner" time="108.76"/>
  <testcase name="Enroll" classname="Tests.FranchisePartner" time="191.75"/>
  <testcase name="Enroll" classname="Tests.FranchisePartner" time="171.77">
    <failure message="Major Total Price is Wrong expected [193.25] but found [215.35]" type="java.lang.AssertionError">java.lang.AssertionError: Major Total Price is Wrong expected [193.25] but found [215.35]
	at Tests.FranchisePartner.Enroll(FranchisePartner.java:253)
</failure>
    <system-out><![CDATA[Request URL: https://hydraqa.unicity.net/v5a-test/quotes?&expand=item
Entry Quotes response : {"items":[{"lines":{"items":[{"item":{"href":"https:\/\/hydraqa.unicity.net\/v5a-test\/items\/9752a919e28f96747163918165b46f23","id":{"unicity":"19941"},"weightEach":{"value":558},"servingsPerContainer":15,"servingSize":0},"quantity":1,"terms":{"priceEach":32.62,"taxEach":{"amount":2.94},"discountEach":{"amount":0},"pvEach":20},"quantityLimit":{"quantityQuota":-1,"timeFrameDays":-1,"quantityOrdered":0}}]},"currency":"EUR"},{"lines":{"items":[{"item":{"href":"https:\/\/hydraqa.unicity.net\/v5a-test\/items\/50e73ecfa509ac20c4a250f9cb32fdfc","id":{"unicity":"27156"},"weightEach":{"value":0},"servingsPerContainer":0,"servingSize":0},"quantity":1,"terms":{"priceEach":20.47,"taxEach":{"amount":1.84},"discountEach":{"amount":0},"pvEach":13},"quantityLimit":{"quantityQuota":-1,"timeFrameDays":-1,"quantityOrdered":0}}]},"currency":"EUR"},{"lines":{"items":[{"item":{"href":"https:\/\/hydraqa.unicity.net\/v5a-test\/items\/d92292ba2f23c030e4a1f63eb3ebe1ce","id":{"unicity":"27158"},"weightEach":{"value":0},"servingsPerContainer":0,"servingSize":0},"quantity":1,"terms":{"priceEach":27.94,"taxEach":{"amount":2.51},"discountEach":{"amount":0},"pvEach":23},"quantityLimit":{"quantityQuota":-1,"timeFrameDays":-1,"quantityOrdered":0}}]},"currency":"EUR"},{"lines":{"items":[{"item":{"href":"https:\/\/hydraqa.unicity.net\/v5a-test\/items\/0d3b8d4f7c4d4082db1b4ecffb6693fb","id":{"unicity":"27160"},"weightEach":{"value":0},"servingsPerContainer":0,"servingSize":0},"quantity":1,"terms":{"priceEach":74.67,"taxEach":{"amount":6.72},"discountEach":{"amount":0},"pvEach":53},"quantityLimit":{"quantityQuota":-1,"timeFrameDays":-1,"quantityOrdered":0}}]},"currency":"EUR"},{"lines":{"items":[{"item":{"href":"https:\/\/hydraqa.unicity.net\/v5a-test\/items\/ac37bf51ff7e4fe860da8457f6ce0425","id":{"unicity":"27166"},"weightEach":{"value":0},"servingsPerContainer":0,"servingSize":0},"quantity":1,"terms":{"priceEach":74.67,"taxEach":{"amount":6.72},"discountEach":{"amount":0},"pvEach":54},"quantityLimit":{"quantityQuota":-1,"timeFrameDays":-1,"quantityOrdered":0}}]},"currency":"EUR"},{"lines":{"items":[{"item":{"href":"https:\/\/hydraqa.unicity.net\/v5a-test\/items\/31cb0679f65df8fa9a4fc3d7e38b72b3","id":{"unicity":"31763"},"weightEach":{"value":0},"servingsPerContainer":0,"servingSize":0},"quantity":1,"terms":{"priceEach":243.3,"taxEach":{"amount":21.9},"discountEach":{"amount":0},"pvEach":181},"quantityLimit":{"quantityQuota":-1,"timeFrameDays":-1,"quantityOrdered":0}}]},"currency":"EUR"},{"lines":{"items":[{"item":{"href":"https:\/\/hydraqa.unicity.net\/v5a-test\/items\/e9991b48ac639367d526d2b9b22fac8c","id":{"unicity":"32128"},"weightEach":{"value":0},"servingsPerContainer":0,"servingSize":0},"quantity":1,"terms":{"priceEach":371.87,"taxEach":{"amount":33.47},"discountEach":{"amount":0},"pvEach":253},"quantityLimit":{"quantityQuota":-1,"timeFrameDays":-1,"quantityOrdered":0}}]},"currency":"EUR"},{"lines":{"items":[{"item":{"href":"https:\/\/hydraqa.unicity.net\/v5a-test\/items\/40b3312de189221d96d838d33a8ec49d","id":{"unicity":"32129"},"weightEach":{"value":0},"servingsPerContainer":0,"servingSize":0},"quantity":1,"terms":{"priceEach":371.87,"taxEach":{"amount":33.47},"discountEach":{"amount":0},"pvEach":254},"quantityLimit":{"quantityQuota":-1,"timeFrameDays":-1,"quantityOrdered":0}}]},"currency":"EUR"},{"lines":{"items":[{"item":{"href":"https:\/\/hydraqa.unicity.net\/v5a-test\/items\/6bd168a66ce41003a8f30917deff5808","id":{"unicity":"32130"},"weightEach":{"value":0},"servingsPerContainer":0,"servingSize":0},"quantity":1,"terms":{"priceEach":363.46,"taxEach":{"amount":32.71},"discountEach":{"amount":0},"pvEach":252},"quantityLimit":{"quantityQuota":-1,"timeFrameDays":-1,"quantityOrdered":0}}]},"currency":"EUR"},{"lines":{"items":[{"item":{"href":"https:\/\/hydraqa.unicity.net\/v5a-test\/items\/806f99b793edd7cd0b1c158ba0eb3142","id":{"unicity":"32132"},"weightEach":{"value":0},"servingsPerContainer":0,"servingSize":0},"quantity":1,"terms":{"priceEach":355.98,"taxEach":{"amount":32.04},"discountEach":{"amount":0},"pvEach":253},"quantityLimit":{"quantityQuota":-1,"timeFrameDays":-1,"quantityOrdered":0}}]},"currency":"EUR"},{"lines":{"items":[{"item":{"href":"https:\/\/hydraqa.unicity.net\/v5a-test\/items\/e3d382d99fde8659cb146b54116e7654","id":{"unicity":"32133"},"weightEach":{"value":0},"servingsPerContainer":0,"servingSize":0},"quantity":1,"terms":{"priceEach":364.39,"taxEach":{"amount":32.8},"discountEach":{"amount":0},"pvEach":252},"quantityLimit":{"quantityQuota":-1,"timeFrameDays":-1,"quantityOrdered":0}}]},"currency":"EUR"},{"lines":{"items":[{"item":{"href":"https:\/\/hydraqa.unicity.net\/v5a-test\/items\/022f109fe6e5eae3e521295a5cb94c60","id":{"unicity":"32134"},"weightEach":{"value":0},"servingsPerContainer":0,"servingSize":0},"quantity":1,"terms":{"priceEach":144.77,"taxEach":{"amount":13.03},"discountEach":{"amount":0},"pvEach":101},"quantityLimit":{"quantityQuota":-1,"timeFrameDays":-1,"quantityOrdered":0}}]},"currency":"EUR"},{"lines":{"items":[{"item":{"href":"https:\/\/hydraqa.unicity.net\/v5a-test\/items\/ded00960d5e948dd8e511a9c752e1ff9","id":{"unicity":"32135"},"weightEach":{"value":0},"servingsPerContainer":0,"servingSize":0},"quantity":1,"terms":{"priceEach":154.11,"taxEach":{"amount":13.87},"discountEach":{"amount":0},"pvEach":113},"quantityLimit":{"quantityQuota":-1,"timeFrameDays":-1,"quantityOrdered":0}}]},"currency":"EUR"},{"lines":{"items":[{"item":{"href":"https:\/\/hydraqa.unicity.net\/v5a-test\/items\/d8736cc35cf9f4734fd76da71c53dc05","id":{"unicity":"32136"},"weightEach":{"value":0},"servingsPerContainer":0,"servingSize":0},"quantity":1,"terms":{"priceEach":141.96,"taxEach":{"amount":12.78},"discountEach":{"amount":0},"pvEach":102},"quantityLimit":{"quantityQuota":-1,"timeFrameDays":-1,"quantityOrdered":0}}]},"currency":"EUR"},{"lines":{"items":[{"item":{"href":"https:\/\/hydraqa.unicity.net\/v5a-test\/items\/166a69d45c4ae40278554e24d5f40443","id":{"unicity":"32137"},"weightEach":{"value":0},"servingsPerContainer":0,"servingSize":0},"quantity":1,"terms":{"priceEach":168.13,"taxEach":{"amount":15.13},"discountEach":{"amount":0},"pvEach":118},"quantityLimit":{"quantityQuota":-1,"timeFrameDays":-1,"quantityOrdered":0}}]},"currency":"EUR"},{"lines":{"items":[{"item":{"href":"https:\/\/hydraqa.unicity.net\/v5a-test\/items\/d04a0b8762b20202b6273114fb7302d1","id":{"unicity":"32138"},"weightEach":{"value":0},"servingsPerContainer":0,"servingSize":0},"quantity":1,"terms":{"priceEach":224.21,"taxEach":{"amount":20.18},"discountEach":{"amount":0},"pvEach":152},"quantityLimit":{"quantityQuota":-1,"timeFrameDays":-1,"quantityOrdered":0}}]},"currency":"EUR"},{"lines":{"items":[{"item":{"href":"https:\/\/hydraqa.unicity.net\/v5a-test\/items\/e13d0b5c40704ad5dd186959367c97f1","id":{"unicity":"32125"},"weightEach":{"value":0},"servingsPerContainer":0,"servingSize":0},"quantity":1,"terms":{"priceEach":373.74,"taxEach":{"amount":33.64},"discountEach":{"amount":0},"pvEach":250},"quantityLimit":{"quantityQuota":-1,"timeFrameDays":-1,"quantityOrdered":0}}]},"currency":"EUR"},{"lines":{"items":[{"item":{"href":"https:\/\/hydraqa.unicity.net\/v5a-test\/items\/c451532f63a06f0e9a054e946a1a1c3b","id":{"unicity":"18511"},"weightEach":{"value":0},"servingsPerContainer":0,"servingSize":0},"quantity":1,"terms":{"priceEach":37.29,"taxEach":{"amount":3.36},"discountEach":{"amount":0},"pvEach":23},"quantityLimit":{"quantityQuota":-1,"timeFrameDays":-1,"quantityOrdered":0}}]},"currency":"EUR"},{"lines":{"items":[{"item":{"href":"https:\/\/hydraqa.unicity.net\/v5a-test\/items\/4e49c95f12ae7be78e5ffab68b8b3ca6","id":{"unicity":"26422"},"weightEach":{"value":0},"servingsPerContainer":0,"servingSize":0},"quantity":1,"terms":{"priceEach":19,"taxEach":{"amount":1.71},"discountEach":{"amount":0},"pvEach":0},"quantityLimit":{"quantityQuota":-1,"timeFrameDays":-1,"quantityOrdered":0}}]},"currency":"EUR"},{"lines":{"items":[{"item":{"href":"https:\/\/hydraqa.unicity.net\/v5a-test\/items\/a36d9fdd0fd7561e6180fb5b2ff27164","id":{"unicity":"27660"},"weightEach":{"value":0},"servingsPerContainer":0,"servingSize":0},"quantity":1,"terms":{"priceEach":31.68,"taxEach":{"amount":2.85},"discountEach":{"amount":0},"pvEach":18},"quantityLimit":{"quantityQuota":-1,"timeFrameDays":-1,"quantityOrdered":0}}]},"currency":"EUR"},{"lines":{"items":[{"item":{"href":"https:\/\/hydraqa.unicity.net\/v5a-test\/items\/0c0717a26fcfe40310e906487e8a12f7","id":{"unicity":"28601"},"weightEach":{"value":0},"servingsPerContainer":0,"servingSize":0},"quantity":1,"terms":{"priceEach":74.67,"taxEach":{"amount":6.72},"discountEach":{"amount":0},"pvEach":54},"quantityLimit":{"quantityQuota":-1,"timeFrameDays":-1,"quantityOrdered":0}}]},"currency":"EUR"},{"lines":{"items":[{"item":{"href":"https:\/\/hydraqa.unicity.net\/v5a-test\/items\/4790a55c442b5dc75a13b155e78c1842","id":{"unicity":"28604"},"weightEach":{"value":0},"servingsPerContainer":0,"servingSize":0},"quantity":1,"terms":{"priceEach":74.67,"taxEach":{"amount":6.72},"discountEach":{"amount":0},"pvEach":54},"quantityLimit":{"quantityQuota":-1,"timeFrameDays":-1,"quantityOrdered":0}}]},"currency":"EUR"},{"lines":{"items":[{"item":{"href":"https:\/\/hydraqa.unicity.net\/v5a-test\/items\/db0a2b02eaabc5ad45fe91ba5c7bcf5a","id":{"unicity":"31772"},"weightEach":{"value":0},"servingsPerContainer":0,"servingSize":0},"quantity":1,"terms":{"priceEach":8.32,"taxEach":{"amount":1.75},"discountEach":{"amount":0},"pvEach":0},"quantityLimit":{"quantityQuota":-1,"timeFrameDays":-1,"quantityOrdered":0}}]},"currency":"EUR"},{"lines":{"items":[{"item":{"href":"https:\/\/hydraqa.unicity.net\/v5a-test\/items\/34c8c6b0f454da738e64265f08c57a72","id":{"unicity":"31777"},"weightEach":{"value":0},"servingsPerContainer":0,"servingSize":0},"quantity":1,"terms":{"priceEach":6.22,"taxEach":{"amount":1.31},"discountEach":{"amount":0},"pvEach":3},"quantityLimit":{"quantityQuota":-1,"timeFrameDays":-1,"quantityOrdered":0}}]},"currency":"EUR"},{"lines":{"items":[{"item":{"href":"https:\/\/hydraqa.unicity.net\/v5a-test\/items\/fc8583e3bf463b599fdcce05234bc137","id":{"unicity":"31780"},"weightEach":{"value":0},"servingsPerContainer":0,"servingSize":0},"quantity":1,"terms":{"priceEach":8.32,"taxEach":{"amount":1.75},"discountEach":{"amount":0},"pvEach":4},"quantityLimit":{"quantityQuota":-1,"timeFrameDays":-1,"quantityOrdered":0}}]},"currency":"EUR"},{"lines":{"items":[{"item":{"href":"https:\/\/hydraqa.unicity.net\/v5a-test\/items\/7e80331c8c25f515174d3f894283a27c","id":{"unicity":"31781"},"weightEach":{"value":0},"servingsPerContainer":0,"servingSize":0},"quantity":1,"terms":{"priceEach":8.32,"taxEach":{"amount":1.75},"discountEach":{"amount":0},"pvEach":4},"quantityLimit":{"quantityQuota":-1,"timeFrameDays":-1,"quantityOrdered":0}}]},"currency":"EUR"},{"lines":{"items":[{"item":{"href":"https:\/\/hydraqa.unicity.net\/v5a-test\/items\/8d3854b47de8e45d6fcdc194dffff601","id":{"unicity":"31782"},"weightEach":{"value":0},"servingsPerContainer":0,"servingSize":0},"quantity":1,"terms":{"priceEach":12.52,"taxEach":{"amount":2.63},"discountEach":{"amount":0},"pvEach":6},"quantityLimit":{"quantityQuota":-1,"timeFrameDays":-1,"quantityOrdered":0}}]},"currency":"EUR"},{"lines":{"items":[{"item":{"href":"https:\/\/hydraqa.unicity.net\/v5a-test\/items\/04516be30bd9bf93e01536e7fc8f8716","id":{"unicity":"31779"},"weightEach":{"value":0},"servingsPerContainer":0,"servingSize":0},"quantity":1,"terms":{"priceEach":10,"taxEach":{"amount":2.1},"discountEach":{"amount":0},"pvEach":5},"quantityLimit":{"quantityQuota":-1,"timeFrameDays":-1,"quantityOrdered":0}}]},"currency":"EUR"},{"lines":{"items":[{"item":{"href":"https:\/\/hydraqa.unicity.net\/v5a-test\/items\/d7e1dd4b19a8672aed99e591356c0d48","id":{"unicity":"31932"},"weightEach":{"value":0},"servingsPerContainer":0,"servingSize":0},"quantity":1,"terms":{"priceEach":6.22,"taxEach":{"amount":1.31},"discountEach":{"amount":0},"pvEach":3},"quantityLimit":{"quantityQuota":-1,"timeFrameDays":-1,"quantityOrdered":0}}]},"currency":"EUR"},{"lines":{"items":[{"item":{"href":"https:\/\/hydraqa.unicity.net\/v5a-test\/items\/1aa00306dc0006d365acd7436548f2e6","id":{"unicity":"31778"},"weightEach":{"value":0},"servingsPerContainer":0,"servingSize":0},"quantity":1,"terms":{"priceEach":12.52,"taxEach":{"amount":2.63},"discountEach":{"amount":0},"pvEach":6},"quantityLimit":{"quantityQuota":-1,"timeFrameDays":-1,"quantityOrdered":0}}]},"currency":"EUR"},{"lines":{"items":[{"item":{"href":"https:\/\/hydraqa.unicity.net\/v5a-test\/items\/881451fd39a6a3113e33935db22da7ae","id":{"unicity":"32553"},"weightEach":{"value":0},"servingsPerContainer":0,"servingSize":0},"quantity":1,"terms":{"priceEach":2.44,"taxEach":{"amount":0.51},"discountEach":{"amount":0},"pvEach":0},"quantityLimit":{"quantityQuota":-1,"timeFrameDays":-1,"quantityOrdered":0}}]},"currency":"EUR"},{"lines":{"items":[{"item":{"href":"https:\/\/hydraqa.unicity.net\/v5a-test\/items\/4fc6de0cb7817f39a836ff08609b8539","id":{"unicity":"32556"},"weightEach":{"value":0},"servingsPerContainer":0,"servingSize":0},"quantity":1,"terms":{"priceEach":2.44,"taxEach":{"amount":0.51},"discountEach":{"amount":0},"pvEach":0},"quantityLimit":{"quantityQuota":-1,"timeFrameDays":-1,"quantityOrdered":0}}]},"currency":"EUR"},{"lines":{"items":[{"item":{"href":"https:\/\/hydraqa.unicity.net\/v5a-test\/items\/2262fdd5af916c31df08089c191735c1","id":{"unicity":"29317"},"weightEach":{"value":0},"servingsPerContainer":0,"servingSize":0},"quantity":1,"terms":{"priceEach":25.21,"taxEach":{"amount":5.29},"discountEach":{"amount":0},"pvEach":0},"quantityLimit":{"quantityQuota":-1,"timeFrameDays":-1,"quantityOrdered":0}}]},"currency":"EUR"},{"lines":{"items":[{"item":{"href":"https:\/\/hydraqa.unicity.net\/v5a-test\/items\/03eba2365025ccd85818846a83a16f47","id":{"unicity":"27163"},"weightEach":{"value":0},"servingsPerContainer":0,"servingSize":0},"quantity":1,"terms":{"priceEach":74.67,"taxEach":{"amount":6.72},"discountEach":{"amount":0},"pvEach":54},"quantityLimit":{"quantityQuota":-1,"timeFrameDays":-1,"quantityOrdered":0}}]},"currency":"EUR"},{"lines":{"items":[{"item":{"href":"https:\/\/hydraqa.unicity.net\/v5a-test\/items\/217ca02fbd24e21ca5281412756238ab","id":{"unicity":"32126"},"weightEach":{"value":0},"servingsPerContainer":0,"servingSize":0},"quantity":1,"terms":{"priceEach":152.24,"taxEach":{"amount":14.7},"discountEach":{"amount":0},"pvEach":101},"quantityLimit":{"quantityQuota":-1,"timeFrameDays":-1,"quantityOrdered":0}}]},"currency":"EUR"},{"lines":{"items":[{"item":{"href":"https:\/\/hydraqa.unicity.net\/v5a-test\/items\/808008a0657d2033ad471c39bbce9891","id":{"unicity":"32127"},"weightEach":{"value":0},"servingsPerContainer":0,"servingSize":0},"quantity":1,"terms":{"priceEach":162.34,"taxEach":{"amount":15.61},"discountEach":{"amount":0},"pvEach":113},"quantityLimit":{"quantityQuota":-1,"timeFrameDays":-1,"quantityOrdered":0}}]},"currency":"EUR"},{"lines":{"items":[{"item":{"href":"https:\/\/hydraqa.unicity.net\/v5a-test\/items\/332daeac6796ed016ea8b7d0bc42c2d4","id":{"unicity":"24274"},"weightEach":{"value":0},"servingsPerContainer":0,"servingSize":0},"quantity":1,"terms":{"priceEach":7.48,"taxEach":{"amount":1.57},"discountEach":{"amount":0},"pvEach":0},"quantityLimit":{"quantityQuota":-1,"timeFrameDays":-1,"quantityOrdered":0}}]},"currency":"EUR"},{"lines":{"items":[{"item":{"href":"https:\/\/hydraqa.unicity.net\/v5a-test\/items\/1945faa1776541d53120ecfe3c1d8a2b","id":{"unicity":"24418"},"weightEach":{"value":0},"servingsPerContainer":0,"servingSize":0},"quantity":1,"terms":{"priceEach":4.96,"taxEach":{"amount":1.04},"discountEach":{"amount":0},"pvEach":0},"quantityLimit":{"quantityQuota":-1,"timeFrameDays":-1,"quantityOrdered":0}}]},"currency":"EUR"},{"lines":{"items":[{"item":{"href":"https:\/\/hydraqa.unicity.net\/v5a-test\/items\/5147f8cfe32548e02fc158d4da9c4d6f","id":{"unicity":"27150"},"weightEach":{"value":0},"servingsPerContainer":0,"servingSize":0},"quantity":1,"terms":{"priceEach":93.36,"taxEach":{"amount":8.4},"discountEach":{"amount":0},"pvEach":70},"quantityLimit":{"quantityQuota":-1,"timeFrameDays":-1,"quantityOrdered":0}}]},"currency":"EUR"},{"lines":{"items":[{"item":{"href":"https:\/\/hydraqa.unicity.net\/v5a-test\/items\/7d4ad2792f7056e5f81eb24f118ef737","id":{"unicity":"27575"},"weightEach":{"value":0},"servingsPerContainer":0,"servingSize":0},"quantity":1,"terms":{"priceEach":55.98,"taxEach":{"amount":5.04},"discountEach":{"amount":0},"pvEach":34},"quantityLimit":{"quantityQuota":-1,"timeFrameDays":-1,"quantityOrdered":0}}]},"currency":"EUR"},{"lines":{"items":[{"item":{"href":"https:\/\/hydraqa.unicity.net\/v5a-test\/items\/a7bda1cb4a35343e52791aba56debc4a","id":{"unicity":"27617"},"weightEach":{"value":0},"servingsPerContainer":0,"servingSize":0},"quantity":1,"terms":{"priceEach":29.81,"taxEach":{"amount":2.68},"discountEach":{"amount":0},"pvEach":18},"quantityLimit":{"quantityQuota":-1,"timeFrameDays":-1,"quantityOrdered":0}}]},"currency":"EUR"},{"lines":{"items":[{"item":{"href":"https:\/\/hydraqa.unicity.net\/v5a-test\/items\/112b8c39286598b3730f630f371a45f4","id":{"unicity":"27587"},"weightEach":{"value":0},"servingsPerContainer":0,"servingSize":0},"quantity":1,"terms":{"priceEach":55.98,"taxEach":{"amount":5.04},"discountEach":{"amount":0},"pvEach":34},"quantityLimit":{"quantityQuota":-1,"timeFrameDays":-1,"quantityOrdered":0}}]},"currency":"EUR"},{"lines":{"items":[{"item":{"href":"https:\/\/hydraqa.unicity.net\/v5a-test\/items\/0eebdede5bdb8bf4d71e800b6f3cead1","id":{"unicity":"30825"},"weightEach":{"value":0},"servingsPerContainer":0,"servingSize":0},"quantity":1,"terms":{"priceEach":37.29,"taxEach":{"amount":3.36},"discountEach":{"amount":0},"pvEach":23},"quantityLimit":{"quantityQuota":-1,"timeFrameDays":-1,"quantityOrdered":0}}]},"currency":"EUR"},{"lines":{"items":[{"item":{"href":"https:\/\/hydraqa.unicity.net\/v5a-test\/items\/024e696f8b44a1d315006e676604cd31","id":{"unicity":"27395"},"weightEach":{"value":0},"servingsPerContainer":0,"servingSize":0},"quantity":1,"terms":{"priceEach":29.81,"taxEach":{"amount":2.68},"discountEach":{"amount":0},"pvEach":18},"quantityLimit":{"quantityQuota":-1,"timeFrameDays":-1,"quantityOrdered":0}}]},"currency":"EUR"},{"lines":{"items":[{"item":{"href":"https:\/\/hydraqa.unicity.net\/v5a-test\/items\/4b2034f47fce90b87bba28c5c2d7c25d","id":{"unicity":"15880"},"weightEach":{"value":0},"servingsPerContainer":0,"servingSize":0},"quantity":1,"terms":{"priceEach":51.31,"taxEach":{"amount":4.62},"discountEach":{"amount":0},"pvEach":33},"quantityLimit":{"quantityQuota":-1,"timeFrameDays":-1,"quantityOrdered":0}}]},"currency":"EUR"},{"lines":{"items":[{"item":{"href":"https:\/\/hydraqa.unicity.net\/v5a-test\/items\/398d06b858b960f6f38086d40608aef2","id":{"unicity":"26560"},"weightEach":{"value":0},"servingsPerContainer":0,"servingSize":0},"quantity":1,"terms":{"priceEach":20.47,"taxEach":{"amount":1.84},"discountEach":{"amount":0},"pvEach":13},"quantityLimit":{"quantityQuota":-1,"timeFrameDays":-1,"quantityOrdered":0}}]},"currency":"EUR"},{"lines":{"items":[{"item":{"href":"https:\/\/hydraqa.unicity.net\/v5a-test\/items\/e218d1cac5f31e7ae4f5876c29c57377","id":{"unicity":"29017"},"weightEach":{"value":0},"servingsPerContainer":0,"servingSize":0},"quantity":1,"terms":{"priceEach":37.29,"taxEach":{"amount":3.36},"discountEach":{"amount":0},"pvEach":23},"quantityLimit":{"quantityQuota":-1,"timeFrameDays":-1,"quantityOrdered":0}}]},"currency":"EUR"},{"lines":{"items":[{"item":{"href":"https:\/\/hydraqa.unicity.net\/v5a-test\/items\/3f2d12d7a0e8551fc99fad3bbe1ba633","id":{"unicity":"26567"},"weightEach":{"value":0},"servingsPerContainer":0,"servingSize":0},"quantity":1,"terms":{"priceEach":55.98,"taxEach":{"amount":5.04},"discountEach":{"amount":0},"pvEach":26},"quantityLimit":{"quantityQuota":-1,"timeFrameDays":-1,"quantityOrdered":0}}]},"currency":"EUR"},{"lines":{"items":[{"item":{"href":"https:\/\/hydraqa.unicity.net\/v5a-test\/items\/191637167cb3144bd2e8c4615e9ab67e","id":{"unicity":"26568"},"weightEach":{"value":0},"servingsPerContainer":0,"servingSize":0},"quantity":1,"terms":{"priceEach":55.98,"taxEach":{"amount":5.04},"discountEach":{"amount":0},"pvEach":26},"quantityLimit":{"quantityQuota":-1,"timeFrameDays":-1,"quantityOrdered":0}}]},"currency":"EUR"},{"lines":{"items":[{"item":{"href":"https:\/\/hydraqa.unicity.net\/v5a-test\/items\/64ec7ad932acafab052a4e8800ad1238","id":{"unicity":"24758"},"weightEach":{"value":0},"servingsPerContainer":0,"servingSize":0},"quantity":1,"terms":{"priceEach":37.29,"taxEach":{"amount":3.36},"discountEach":{"amount":0},"pvEach":23},"quantityLimit":{"quantityQuota":-1,"timeFrameDays":-1,"quantityOrdered":0}}]},"currency":"EUR"},{"lines":{"items":[{"item":{"href":"https:\/\/hydraqa.unicity.net\/v5a-test\/items\/606f7be753c74dfbfe4b107276775140","id":{"unicity":"29821"},"weightEach":{"value":0},"servingsPerContainer":0,"servingSize":0},"quantity":1,"terms":{"priceEach":79.35,"taxEach":{"amount":7.14},"discountEach":{"amount":0},"pvEach":59},"quantityLimit":{"quantityQuota":-1,"timeFrameDays":-1,"quantityOrdered":0}}]},"currency":"EUR"},{"lines":{"items":[{"item":{"href":"https:\/\/hydraqa.unicity.net\/v5a-test\/items\/94939f9be900906d2b47260ccba22a7b","id":{"unicity":"32012"},"weightEach":{"value":0},"servingsPerContainer":0,"servingSize":0},"quantity":1,"terms":{"priceEach":13.93,"taxEach":{"amount":1.25},"discountEach":{"amount":0},"pvEach":6},"quantityLimit":{"quantityQuota":-1,"timeFrameDays":-1,"quantityOrdered":0}}]},"currency":"EUR"},{"lines":{"items":[{"item":{"href":"https:\/\/hydraqa.unicity.net\/v5a-test\/items\/2c4c1abe00983e85aaa918d2ce341491","id":{"unicity":"17174"},"weightEach":{"value":0},"servingsPerContainer":0,"servingSize":0},"quantity":1,"terms":{"priceEach":37.29,"taxEach":{"amount":3.36},"discountEach":{"amount":0},"pvEach":23},"quantityLimit":{"quantityQuota":-1,"timeFrameDays":-1,"quantityOrdered":0}}]},"currency":"EUR"},{"lines":{"items":[{"item":{"href":"https:\/\/hydraqa.unicity.net\/v5a-test\/items\/991cdbb84a495779eb209fb3956a77e4","id":{"unicity":"29183"},"weightEach":{"value":0},"servingsPerContainer":0,"servingSize":0},"quantity":1,"terms":{"priceEach":31.01,"taxEach":{"amount":6.51},"discountEach":{"amount":0},"pvEach":18},"quantityLimit":{"quantityQuota":-1,"timeFrameDays":-1,"quantityOrdered":0}}]},"currency":"EUR"},{"lines":{"items":[{"item":{"href":"https:\/\/hydraqa.unicity.net\/v5a-test\/items\/beb900429fbb160dbfc3001c14d96df4","id":{"unicity":"29187"},"weightEach":{"value":0},"servingsPerContainer":0,"servingSize":0},"quantity":1,"terms":{"priceEach":37.73,"taxEach":{"amount":7.92},"discountEach":{"amount":0},"pvEach":24},"quantityLimit":{"quantityQuota":-1,"timeFrameDays":-1,"quantityOrdered":0}}]},"currency":"EUR"},{"lines":{"items":[{"item":{"href":"https:\/\/hydraqa.unicity.net\/v5a-test\/items\/1b0412bea8c0b841c66f65a36aa14108","id":{"unicity":"29191"},"weightEach":{"value":0},"servingsPerContainer":0,"servingSize":0},"quantity":1,"terms":{"priceEach":37.73,"taxEach":{"amount":7.92},"discountEach":{"amount":0},"pvEach":24},"quantityLimit":{"quantityQuota":-1,"timeFrameDays":-1,"quantityOrdered":0}}]},"currency":"EUR"},{"lines":{"items":[{"item":{"href":"https:\/\/hydraqa.unicity.net\/v5a-test\/items\/52c87f74d3b41ed49b0f897b66c2a99b","id":{"unicity":"30684"},"weightEach":{"value":0},"servingsPerContainer":0,"servingSize":0},"quantity":1,"terms":{"priceEach":37.29,"taxEach":{"amount":3.36},"discountEach":{"amount":0},"pvEach":23},"quantityLimit":{"quantityQuota":-1,"timeFrameDays":-1,"quantityOrdered":0}}]},"currency":"EUR"},{"lines":{"items":[{"item":{"href":"https:\/\/hydraqa.unicity.net\/v5a-test\/items\/90f38f77c9e6ea5a71aa7377df83760b","id":{"unicity":"30198"},"weightEach":{"value":0},"servingsPerContainer":0,"servingSize":0},"quantity":1,"terms":{"priceEach":19,"taxEach":{"amount":1.71},"discountEach":{"amount":0},"pvEach":16},"quantityLimit":{"quantityQuota":-1,"timeFrameDays":-1,"quantityOrdered":0}}]},"currency":"EUR"},{"lines":{"items":[{"item":{"href":"https:\/\/hydraqa.unicity.net\/v5a-test\/items\/ab2a2b07b17718843a66bee04ff40624","id":{"unicity":"31402"},"weightEach":{"value":0},"servingsPerContainer":0,"servingSize":0},"quantity":1,"terms":{"priceEach":98.9,"taxEach":{"amount":8.9},"discountEach":{"amount":0},"pvEach":70},"quantityLimit":{"quantityQuota":-1,"timeFrameDays":-1,"quantityOrdered":0}}]},"currency":"EUR"},{"lines":{"items":[{"item":{"href":"https:\/\/hydraqa.unicity.net\/v5a-test\/items\/7e5e7df32701fd44947c8146f2129f7a","id":{"unicity":"31672"},"weightEach":{"value":0},"servingsPerContainer":0,"servingSize":0},"quantity":1,"terms":{"priceEach":74.67,"taxEach":{"amount":6.72},"discountEach":{"amount":0},"pvEach":54},"quantityLimit":{"quantityQuota":-1,"timeFrameDays":-1,"quantityOrdered":0}}]},"currency":"EUR"},{"lines":{"items":[{"item":{"href":"https:\/\/hydraqa.unicity.net\/v5a-test\/items\/493c2ba720f847422eccc5da35024f33","id":{"unicity":"31534"},"weightEach":{"value":0},"servingsPerContainer":0,"servingSize":0},"quantity":1,"terms":{"priceEach":26.07,"taxEach":{"amount":2.35},"discountEach":{"amount":0},"pvEach":16},"quantityLimit":{"quantityQuota":-1,"timeFrameDays":-1,"quantityOrdered":0}}]},"currency":"EUR"},{"lines":{"items":[{"item":{"href":"https:\/\/hydraqa.unicity.net\/v5a-test\/items\/bfddb53fe0d5ed5432c531dc9850cbe4","id":{"unicity":"29449"},"weightEach":{"value":0},"servingsPerContainer":0,"servingSize":0},"quantity":1,"terms":{"priceEach":26.07,"taxEach":{"amount":2.35},"discountEach":{"amount":0},"pvEach":16},"quantityLimit":{"quantityQuota":-1,"timeFrameDays":-1,"quantityOrdered":0}}]},"currency":"EUR"},{"lines":{"items":[{"item":{"href":"https:\/\/hydraqa.unicity.net\/v5a-test\/items\/75b870fdff12be635674216fe88d3204","id":{"unicity":"29984"},"weightEach":{"value":0},"servingsPerContainer":0,"servingSize":0},"quantity":1,"terms":{"priceEach":37.73,"taxEach":{"amount":7.92},"discountEach":{"amount":0},"pvEach":24},"quantityLimit":{"quantityQuota":-1,"timeFrameDays":-1,"quantityOrdered":0}}]},"currency":"EUR"},{"lines":{"items":[{"item":{"href":"https:\/\/hydraqa.unicity.net\/v5a-test\/items\/fbb6dbd577adb73abaec364076fb288f","id":{"unicity":"32087"},"weightEach":{"value":0},"servingsPerContainer":0,"servingSize":0},"quantity":1,"terms":{"priceEach":20.47,"taxEach":{"amount":1.84},"discountEach":{"amount":0},"pvEach":9},"quantityLimit":{"quantityQuota":-1,"timeFrameDays":-1,"quantityOrdered":0}}]},"currency":"EUR"},{"lines":{"items":[{"item":{"href":"https:\/\/hydraqa.unicity.net\/v5a-test\/items\/35dcc0035e442bbe6482f178ec38522c","id":{"unicity":"31868"},"weightEach":{"value":0},"servingsPerContainer":0,"servingSize":0},"quantity":1,"terms":{"priceEach":20.47,"taxEach":{"amount":1.84},"discountEach":{"amount":0},"pvEach":9},"quantityLimit":{"quantityQuota":-1,"timeFrameDays":-1,"quantityOrdered":0}}]},"currency":"EUR"},{"lines":{"items":[{"item":{"href":"https:\/\/hydraqa.unicity.net\/v5a-test\/items\/baa263a2750aa330fbd9e5b96fdb2b55","id":{"unicity":"32609"},"weightEach":{"value":0},"servingsPerContainer":0,"servingSize":0},"quantity":1,"terms":{"priceEach":55.98,"taxEach":{"amount":0},"discountEach":{"amount":0},"pvEach":34},"quantityLimit":{"quantityQuota":-1,"timeFrameDays":-1,"quantityOrdered":0}}]},"currency":"EUR"},{"lines":{"items":[{"item":{"href":"https:\/\/hydraqa.unicity.net\/v5a-test\/items\/1f59b10f0bef99fa20e4b9b0b4efea88","id":{"unicity":"32333"},"weightEach":{"value":0},"servingsPerContainer":0,"servingSize":0},"quantity":1,"terms":{"priceEach":9.16,"taxEach":{"amount":1.92},"discountEach":{"amount":0},"pvEach":0},"quantityLimit":{"quantityQuota":-1,"timeFrameDays":-1,"quantityOrdered":0}}]},"currency":"EUR"},{"lines":{"items":[{"item":{"href":"https:\/\/hydraqa.unicity.net\/v5a-test\/items\/592aef9ec417f4553dc0b62a91a1f5e0","id":{"unicity":"32330"},"weightEach":{"value":0},"servingsPerContainer":0,"servingSize":0},"quantity":1,"terms":{"priceEach":93.36,"taxEach":{"amount":8.4},"discountEach":{"amount":0},"pvEach":55},"quantityLimit":{"quantityQuota":-1,"timeFrameDays":-1,"quantityOrdered":0}}]},"currency":"EUR"}]}
Entry request : {"order":{"customer":{"href":"https://hydraqa.unicity.net/v5a-test/customers?type=Associate"},"shipToAddress":{"country":"PL"}},"vary":{"lines":{"items":[{"item":{"href":"https://hydraqa.unicity.net/v5a-test/items?id.unicity=19941|27156|27158|27160|27166|31763|31951|31952|32128|32129|32130|32132|32133|32134|32135|32136|32137|32138|32125|32699|33092|33094|33093|18511|26422|27660|28601|28604|31772|31777|31780|31781|31782|31779|31932|31778|32553|32556|29317|27163|32126|32127|32755|32756|32967|32965|32966|33097|33095|33098|33096|24274|24418|27150|27575|27617|27587|30825|27395|15880|26560|29017|26567|26568|24758|29821|32012|17174|29183|30280|29187|29191|30684|30198|31402|31672|31534|29449|29984|32087|31868|32609|32333|32968|32330|32693"}}]}}}
Request URL: https://hydraqa.unicity.net/v5a-test/customers.js?callback=angular.callbacks._1&expand=customer,profilePicture&id.unicity=2
Request URL: https://hydraqa.unicity.net/v5a-test/customers.js?_httpMethod=HEAD&callback=angular.callbacks._7&email=DCFGXF@gmail.com
Request URL: https://hydraqa.unicity.net/v5a-test/shippingmethods.js?callback=angular.callbacks._a&destination=PL&market=PL
]]></system-out>
    <system-err><![CDATA[Starting ChromeDriver 2.36.540470 (e522d04694c7ebea4ba8821272dbef4f9b818c91) on port 48839
Only local connections are allowed.
Jun 30, 2020 11:54:32 AM org.openqa.selenium.remote.ProtocolHandshake createSession
INFO: Detected dialect: OSS
]]></system-err>
  </testcase>
  <testcase name="Enroll" classname="Tests.FranchisePartner" time="18.62">
    <failure message="Low footer expected [WYBIERZ SWÓJ RYNEK] but found [SELECT YOUR MARKET]" type="java.lang.AssertionError">java.lang.AssertionError: Low footer expected [WYBIERZ SWÓJ RYNEK] but found [SELECT YOUR MARKET]
	at Tests.FranchisePartner.Enroll(FranchisePartner.java:248)
</failure>
    <system-err><![CDATA[Starting ChromeDriver 2.36.540470 (e522d04694c7ebea4ba8821272dbef4f9b818c91) on port 13736
Only local connections are allowed.
Jun 30, 2020 11:57:30 AM org.openqa.selenium.remote.ProtocolHandshake createSession
INFO: Detected dialect: OSS
]]></system-err>
  </testcase>
  <testcase name="Enroll" classname="Tests.FranchisePartner" time="207.025">
    <failure message="Major Total Price is Wrong expected [197.3] but found [219.99]" type="java.lang.AssertionError">java.lang.AssertionError: Major Total Price is Wrong expected [197.3] but found [219.99]
	at Tests.FranchisePartner.Enroll(FranchisePartner.java:253)
</failure>
    <system-out><![CDATA[Request URL: https://hydraqa.unicity.net/v5a-test/quotes?&expand=item
Entry Quotes response : {"items":[{"lines":{"items":[{"item":{"href":"https:\/\/hydraqa.unicity.net\/v5a-test\/items\/051e765a5a71835a859c2757edd359f0","id":{"unicity":"26580"}},"quantity":1,"terms":{"priceEach":195,"taxEach":{"amount":0},"discountEach":{"amount":0},"pvEach":130},"quantityLimit":{"quantityQuota":-1,"timeFrameDays":-1,"quantityOrdered":0}}]},"currency":"USD"},{"lines":{"items":[{"item":{"href":"https:\/\/hydraqa.unicity.net\/v5a-test\/items\/90d5ee3af77bdc64ecf28a45b604bf3d","id":{"unicity":"31441"}},"quantity":1,"terms":{"priceEach":40,"taxEach":{"amount":0},"discountEach":{"amount":0},"pvEach":0},"quantityLimit":{"quantityQuota":-1,"timeFrameDays":-1,"quantityOrdered":0}}]},"currency":"USD"},{"lines":{"items":[{"item":{"href":"https:\/\/hydraqa.unicity.net\/v5a-test\/items\/cf8460040a1860bcabf250b6c1171675","id":{"unicity":"31858"}},"quantity":1,"terms":{"priceEach":269,"taxEach":{"amount":0},"discountEach":{"amount":0},"pvEach":195},"quantityLimit":{"quantityQuota":-1,"timeFrameDays":-1,"quantityOrdered":0}}]},"currency":"USD"},{"lines":{"items":[{"item":{"href":"https:\/\/hydraqa.unicity.net\/v5a-test\/items\/2de8516a24af8232add0bb392e750a71","id":{"unicity":"31859"}},"quantity":1,"terms":{"priceEach":179,"taxEach":{"amount":0},"discountEach":{"amount":0},"pvEach":130},"quantityLimit":{"quantityQuota":-1,"timeFrameDays":-1,"quantityOrdered":0}}]},"currency":"USD"},{"lines":{"items":[{"item":{"href":"https:\/\/hydraqa.unicity.net\/v5a-test\/items\/e47fd287212acedd1cffb2b67bf623bd","id":{"unicity":"31862"}},"quantity":1,"terms":{"priceEach":210,"taxEach":{"amount":0},"discountEach":{"amount":0},"pvEach":148},"quantityLimit":{"quantityQuota":-1,"timeFrameDays":-1,"quantityOrdered":0}}]},"currency":"USD"},{"lines":{"items":[{"item":{"href":"https:\/\/hydraqa.unicity.net\/v5a-test\/items\/50747027a065cb8361c1f0d6eb880466","id":{"unicity":"32030"}},"quantity":1,"terms":{"priceEach":143,"taxEach":{"amount":0},"discountEach":{"amount":0},"pvEach":102},"quantityLimit":{"quantityQuota":-1,"timeFrameDays":-1,"quantityOrdered":0}}]},"currency":"USD"},{"lines":{"items":[{"item":{"href":"https:\/\/hydraqa.unicity.net\/v5a-test\/items\/4a3d248668cd56e31c6eb403d87f15b2","id":{"unicity":"29682"}},"quantity":1,"terms":{"priceEach":203,"taxEach":{"amount":0},"discountEach":{"amount":0},"pvEach":144},"quantityLimit":{"quantityQuota":-1,"timeFrameDays":-1,"quantityOrdered":0}}]},"currency":"USD"},{"lines":{"items":[{"item":{"href":"https:\/\/hydraqa.unicity.net\/v5a-test\/items\/d306a0b65f27f19b4968e5c05906a9f4","id":{"unicity":"31314"}},"quantity":1,"terms":{"priceEach":388,"taxEach":{"amount":0},"discountEach":{"amount":0},"pvEach":268},"quantityLimit":{"quantityQuota":-1,"timeFrameDays":-1,"quantityOrdered":0}}]},"currency":"USD"},{"lines":{"items":[{"item":{"href":"https:\/\/hydraqa.unicity.net\/v5a-test\/items\/00c2eb70c985722ce208490aece00945","id":{"unicity":"31729"}},"quantity":1,"terms":{"priceEach":143,"taxEach":{"amount":0},"discountEach":{"amount":0},"pvEach":100},"quantityLimit":{"quantityQuota":-1,"timeFrameDays":-1,"quantityOrdered":0}}]},"currency":"USD"},{"lines":{"items":[{"item":{"href":"https:\/\/hydraqa.unicity.net\/v5a-test\/items\/693a7c4a70b06a00471afe8d6cae5023","id":{"unicity":"31730"}},"quantity":1,"terms":{"priceEach":120,"taxEach":{"amount":0},"discountEach":{"amount":0},"pvEach":80},"quantityLimit":{"quantityQuota":-1,"timeFrameDays":-1,"quantityOrdered":0}}]},"currency":"USD"},{"lines":{"items":[{"item":{"href":"https:\/\/hydraqa.unicity.net\/v5a-test\/items\/ccb242d74dcb1fe621cc7bfe1b1de315","id":{"unicity":"31731"}},"quantity":1,"terms":{"priceEach":89,"taxEach":{"amount":0},"discountEach":{"amount":0},"pvEach":60},"quantityLimit":{"quantityQuota":-1,"timeFrameDays":-1,"quantityOrdered":0}}]},"currency":"USD"},{"lines":{"items":[{"item":{"href":"https:\/\/hydraqa.unicity.net\/v5a-test\/items\/cea826eab72d44641c070aab6c97c1ac","id":{"unicity":"22747"}},"quantity":1,"terms":{"priceEach":27,"taxEach":{"amount":0},"discountEach":{"amount":0},"pvEach":16},"quantityLimit":{"quantityQuota":-1,"timeFrameDays":-1,"quantityOrdered":0}}]},"currency":"USD"},{"lines":{"items":[{"item":{"href":"https:\/\/hydraqa.unicity.net\/v5a-test\/items\/9a7715e888c94989d898fe4653645721","id":{"unicity":"26550"}},"quantity":1,"terms":{"priceEach":80,"taxEach":{"amount":0},"discountEach":{"amount":0},"pvEach":52},"quantityLimit":{"quantityQuota":-1,"timeFrameDays":-1,"quantityOrdered":0}}]},"currency":"USD"},{"lines":{"items":[{"item":{"href":"https:\/\/hydraqa.unicity.net\/v5a-test\/items\/0cf62d38e91953b43dcfe88b06f813cb","id":{"unicity":"26557"}},"quantity":1,"terms":{"priceEach":79,"taxEach":{"amount":0},"discountEach":{"amount":0},"pvEach":61},"quantityLimit":{"quantityQuota":-1,"timeFrameDays":-1,"quantityOrdered":0}}]},"currency":"USD"},{"lines":{"items":[{"item":{"href":"https:\/\/hydraqa.unicity.net\/v5a-test\/items\/cda534d686af5d627c94c4bb2c4b57d8","id":{"unicity":"26561"}},"quantity":1,"terms":{"priceEach":16,"taxEach":{"amount":0},"discountEach":{"amount":0},"pvEach":11},"quantityLimit":{"quantityQuota":-1,"timeFrameDays":-1,"quantityOrdered":0}}]},"currency":"USD"},{"lines":{"items":[{"item":{"href":"https:\/\/hydraqa.unicity.net\/v5a-test\/items\/0a3ede185ddf034630afd891c5106d33","id":{"unicity":"26562"}},"quantity":1,"terms":{"priceEach":33,"taxEach":{"amount":0},"discountEach":{"amount":0},"pvEach":25},"quantityLimit":{"quantityQuota":-1,"timeFrameDays":-1,"quantityOrdered":0}}]},"currency":"USD"},{"lines":{"items":[{"item":{"href":"https:\/\/hydraqa.unicity.net\/v5a-test\/items\/1bd53de7fe880ba71f46c9976ca2c137","id":{"unicity":"27739"}},"quantity":1,"terms":{"priceEach":33,"taxEach":{"amount":0},"discountEach":{"amount":0},"pvEach":13},"quantityLimit":{"quantityQuota":-1,"timeFrameDays":-1,"quantityOrdered":0}}]},"currency":"USD"},{"lines":{"items":[{"item":{"href":"https:\/\/hydraqa.unicity.net\/v5a-test\/items\/9a6e1d094182389c3da8e0a320ff0e00","id":{"unicity":"27585"}},"quantity":1,"terms":{"priceEach":56,"taxEach":{"amount":0},"discountEach":{"amount":0},"pvEach":33},"quantityLimit":{"quantityQuota":-1,"timeFrameDays":-1,"quantityOrdered":0}}]},"currency":"USD"},{"lines":{"items":[{"item":{"href":"https:\/\/hydraqa.unicity.net\/v5a-test\/items\/b127a2d34d3d73e2f53e4c2002a7a4a2","id":{"unicity":"25008"}},"quantity":1,"terms":{"priceEach":19,"taxEach":{"amount":0},"discountEach":{"amount":0},"pvEach":15},"quantityLimit":{"quantityQuota":-1,"timeFrameDays":-1,"quantityOrdered":0}}]},"currency":"USD"},{"lines":{"items":[{"item":{"href":"https:\/\/hydraqa.unicity.net\/v5a-test\/items\/10da226fab00279b4f89df10af2a10b7","id":{"unicity":"26442"}},"quantity":1,"terms":{"priceEach":6,"taxEach":{"amount":0},"discountEach":{"amount":0},"pvEach":0},"quantityLimit":{"quantityQuota":-1,"timeFrameDays":-1,"quantityOrdered":0}}]},"currency":"USD"},{"lines":{"items":[{"item":{"href":"https:\/\/hydraqa.unicity.net\/v5a-test\/items\/aa0d72ac13b1ce88cf8c4a52ede75a37","id":{"unicity":"26552"}},"quantity":1,"terms":{"priceEach":70,"taxEach":{"amount":0},"discountEach":{"amount":0},"pvEach":50},"quantityLimit":{"quantityQuota":5,"timeFrameDays":-1,"quantityOrdered":0}}]},"currency":"USD"},{"lines":{"items":[{"item":{"href":"https:\/\/hydraqa.unicity.net\/v5a-test\/items\/a391ad8c3c129526dc42793f5fee30f7","id":{"unicity":"27653"}},"quantity":1,"terms":{"priceEach":5,"taxEach":{"amount":0},"discountEach":{"amount":0},"pvEach":0},"quantityLimit":{"quantityQuota":-1,"timeFrameDays":-1,"quantityOrdered":0}}]},"currency":"USD"},{"lines":{"items":[{"item":{"href":"https:\/\/hydraqa.unicity.net\/v5a-test\/items\/c83534b0b0693d9f78eaaae2030ed4c1","id":{"unicity":"27212"}},"quantity":1,"terms":{"priceEach":10,"taxEach":{"amount":0},"discountEach":{"amount":0},"pvEach":0},"quantityLimit":{"quantityQuota":-1,"timeFrameDays":-1,"quantityOrdered":0}}]},"currency":"USD"},{"lines":{"items":[{"item":{"href":"https:\/\/hydraqa.unicity.net\/v5a-test\/items\/025d45e8cee8a1a4029f1cfd3bf70786","id":{"unicity":"26983"}},"quantity":1,"terms":{"priceEach":10,"taxEach":{"amount":0},"discountEach":{"amount":0},"pvEach":0},"quantityLimit":{"quantityQuota":-1,"timeFrameDays":-1,"quantityOrdered":0}}]},"currency":"USD"},{"lines":{"items":[{"item":{"href":"https:\/\/hydraqa.unicity.net\/v5a-test\/items\/b2fc4b9ba4aa5cae54389161be2f841f","id":{"unicity":"18401"}},"quantity":1,"terms":{"priceEach":31,"taxEach":{"amount":0},"discountEach":{"amount":0},"pvEach":19},"quantityLimit":{"quantityQuota":-1,"timeFrameDays":-1,"quantityOrdered":0}}]},"currency":"USD"},{"lines":{"items":[{"item":{"href":"https:\/\/hydraqa.unicity.net\/v5a-test\/items\/19f8db4bcf7263831586f726e748f73c","id":{"unicity":"27208"}},"quantity":1,"terms":{"priceEach":30,"taxEach":{"amount":0},"discountEach":{"amount":0},"pvEach":0},"quantityLimit":{"quantityQuota":-1,"timeFrameDays":-1,"quantityOrdered":0}}]},"currency":"USD"},{"lines":{"items":[{"item":{"href":"https:\/\/hydraqa.unicity.net\/v5a-test\/items\/5a38f009bec6c23b1b3a70432f9722e5","id":{"unicity":"19596"}},"quantity":1,"terms":{"priceEach":49,"taxEach":{"amount":0},"discountEach":{"amount":0},"pvEach":30},"quantityLimit":{"quantityQuota":-1,"timeFrameDays":-1,"quantityOrdered":0}}]},"currency":"USD"},{"lines":{"items":[{"item":{"href":"https:\/\/hydraqa.unicity.net\/v5a-test\/items\/38da42f991a40a00153b2e5055b82dbf","id":{"unicity":"27801"}},"quantity":1,"terms":{"priceEach":195,"taxEach":{"amount":0},"discountEach":{"amount":0},"pvEach":130},"quantityLimit":{"quantityQuota":-1,"timeFrameDays":-1,"quantityOrdered":0}}]},"currency":"USD"},{"lines":{"items":[{"item":{"href":"https:\/\/hydraqa.unicity.net\/v5a-test\/items\/398d06b858b960f6f38086d40608aef2","id":{"unicity":"26560"}},"quantity":1,"terms":{"priceEach":16,"taxEach":{"amount":0},"discountEach":{"amount":0},"pvEach":12},"quantityLimit":{"quantityQuota":-1,"timeFrameDays":-1,"quantityOrdered":0}}]},"currency":"USD"},{"lines":{"items":[{"item":{"href":"https:\/\/hydraqa.unicity.net\/v5a-test\/items\/112b8c39286598b3730f630f371a45f4","id":{"unicity":"27587"}},"quantity":1,"terms":{"priceEach":58,"taxEach":{"amount":0},"discountEach":{"amount":0},"pvEach":33},"quantityLimit":{"quantityQuota":-1,"timeFrameDays":-1,"quantityOrdered":0}}]},"currency":"USD"},{"lines":{"items":[{"item":{"href":"https:\/\/hydraqa.unicity.net\/v5a-test\/items\/25eaf64b36ce31368f17ae789fd9ac5b","id":{"unicity":"29694"}},"quantity":1,"terms":{"priceEach":56,"taxEach":{"amount":0},"discountEach":{"amount":0},"pvEach":33},"quantityLimit":{"quantityQuota":-1,"timeFrameDays":-1,"quantityOrdered":0}}]},"currency":"USD"},{"lines":{"items":[{"item":{"href":"https:\/\/hydraqa.unicity.net\/v5a-test\/items\/634f7efb30392b2a919de1355902d975","id":{"unicity":"29408"}},"quantity":1,"terms":{"priceEach":80,"taxEach":{"amount":0},"discountEach":{"amount":0},"pvEach":52},"quantityLimit":{"quantityQuota":-1,"timeFrameDays":-1,"quantityOrdered":0}}]},"currency":"USD"},{"lines":{"items":[{"item":{"href":"https:\/\/hydraqa.unicity.net\/v5a-test\/items\/bb5c627f16547cb4f706cef521bca356","id":{"unicity":"29437"}},"quantity":1,"terms":{"priceEach":62,"taxEach":{"amount":0},"discountEach":{"amount":0},"pvEach":36},"quantityLimit":{"quantityQuota":-1,"timeFrameDays":-1,"quantityOrdered":0}}]},"currency":"USD"},{"lines":{"items":[{"item":{"href":"https:\/\/hydraqa.unicity.net\/v5a-test\/items\/24ff5bda40c0d0e7eaa511866d052915","id":{"unicity":"29612"}},"quantity":1,"terms":{"priceEach":49,"taxEach":{"amount":0},"discountEach":{"amount":0},"pvEach":30},"quantityLimit":{"quantityQuota":-1,"timeFrameDays":-1,"quantityOrdered":0}}]},"currency":"USD"},{"lines":{"items":[{"item":{"href":"https:\/\/hydraqa.unicity.net\/v5a-test\/items\/024e696f8b44a1d315006e676604cd31","id":{"unicity":"27395"}},"quantity":1,"terms":{"priceEach":25,"taxEach":{"amount":0},"discountEach":{"amount":0},"pvEach":16},"quantityLimit":{"quantityQuota":-1,"timeFrameDays":-1,"quantityOrdered":0}}]},"currency":"USD"},{"lines":{"items":[{"item":{"href":"https:\/\/hydraqa.unicity.net\/v5a-test\/items\/05ca08f3808f126c0cc42154c50fc75c","id":{"unicity":"29440"}},"quantity":1,"terms":{"priceEach":120,"taxEach":{"amount":0},"discountEach":{"amount":0},"pvEach":90},"quantityLimit":{"quantityQuota":-1,"timeFrameDays":-1,"quantityOrdered":0}}]},"currency":"USD"},{"lines":{"items":[{"item":{"href":"https:\/\/hydraqa.unicity.net\/v5a-test\/items\/764e2db430d361da99e8f6b70c4d0244","id":{"unicity":"29830"}},"quantity":1,"terms":{"priceEach":17,"taxEach":{"amount":0},"discountEach":{"amount":0},"pvEach":7},"quantityLimit":{"quantityQuota":-1,"timeFrameDays":-1,"quantityOrdered":0}}]},"currency":"USD"},{"lines":{"items":[{"item":{"href":"https:\/\/hydraqa.unicity.net\/v5a-test\/items\/b91affa753dd5ee8a9acef4fa7e2c9a7","id":{"unicity":"30414"}},"quantity":1,"terms":{"priceEach":94,"taxEach":{"amount":0},"discountEach":{"amount":0},"pvEach":65},"quantityLimit":{"quantityQuota":-1,"timeFrameDays":-1,"quantityOrdered":0}}]},"currency":"USD"},{"lines":{"items":[{"item":{"href":"https:\/\/hydraqa.unicity.net\/v5a-test\/items\/2835b1a78e379486f0ffbfd5fb9f6b0a","id":{"unicity":"30400"}},"quantity":1,"terms":{"priceEach":38,"taxEach":{"amount":0},"discountEach":{"amount":0},"pvEach":28},"quantityLimit":{"quantityQuota":-1,"timeFrameDays":-1,"quantityOrdered":0}}]},"currency":"USD"},{"lines":{"items":[{"item":{"href":"https:\/\/hydraqa.unicity.net\/v5a-test\/items\/3875e24e6b6ebdf36c79d205614ed51e","id":{"unicity":"31846"}},"quantity":1,"terms":{"priceEach":126,"taxEach":{"amount":0},"discountEach":{"amount":0},"pvEach":94},"quantityLimit":{"quantityQuota":-1,"timeFrameDays":-1,"quantityOrdered":0}}]},"currency":"USD"},{"lines":{"items":[{"item":{"href":"https:\/\/hydraqa.unicity.net\/v5a-test\/items\/89b6d29a85a88d44d65bc8cca3fefc65","id":{"unicity":"31845"}},"quantity":1,"terms":{"priceEach":143,"taxEach":{"amount":0},"discountEach":{"amount":0},"pvEach":100},"quantityLimit":{"quantityQuota":-1,"timeFrameDays":-1,"quantityOrdered":0}}]},"currency":"USD"},{"lines":{"items":[{"item":{"href":"https:\/\/hydraqa.unicity.net\/v5a-test\/items\/65f231539924a2fa376afdb39f1f06d6","id":{"unicity":"31848"}},"quantity":1,"terms":{"priceEach":89,"taxEach":{"amount":0},"discountEach":{"amount":0},"pvEach":60},"quantityLimit":{"quantityQuota":-1,"timeFrameDays":-1,"quantityOrdered":0}}]},"currency":"USD"},{"lines":{"items":[{"item":{"href":"https:\/\/hydraqa.unicity.net\/v5a-test\/items\/fbb319232b7eed110794d46a68302acb","id":{"unicity":"31847"}},"quantity":1,"terms":{"priceEach":120,"taxEach":{"amount":0},"discountEach":{"amount":0},"pvEach":80},"quantityLimit":{"quantityQuota":-1,"timeFrameDays":-1,"quantityOrdered":0}}]},"currency":"USD"},{"lines":{"items":[{"item":{"href":"https:\/\/hydraqa.unicity.net\/v5a-test\/items\/fd464cd7972cc1317e850b9196d886b8","id":{"unicity":"31863"}},"quantity":1,"terms":{"priceEach":210,"taxEach":{"amount":0},"discountEach":{"amount":0},"pvEach":148},"quantityLimit":{"quantityQuota":-1,"timeFrameDays":-1,"quantityOrdered":0}}]},"currency":"USD"},{"lines":{"items":[{"item":{"href":"https:\/\/hydraqa.unicity.net\/v5a-test\/items\/d4c8fce238d6fc34d17a4b36d1e4e59a","id":{"unicity":"31860"}},"quantity":1,"terms":{"priceEach":196,"taxEach":{"amount":0},"discountEach":{"amount":0},"pvEach":135},"quantityLimit":{"quantityQuota":-1,"timeFrameDays":-1,"quantityOrdered":0}}]},"currency":"USD"},{"lines":{"items":[{"item":{"href":"https:\/\/hydraqa.unicity.net\/v5a-test\/items\/4ab49eca1731e69206ccafb5112ad5a4","id":{"unicity":"31861"}},"quantity":1,"terms":{"priceEach":196,"taxEach":{"amount":0},"discountEach":{"amount":0},"pvEach":135},"quantityLimit":{"quantityQuota":-1,"timeFrameDays":-1,"quantityOrdered":0}}]},"currency":"USD"},{"lines":{"items":[{"item":{"href":"https:\/\/hydraqa.unicity.net\/v5a-test\/items\/077823d29445b9020de9931f10c63efd","id":{"unicity":"31958"}},"quantity":1,"terms":{"priceEach":129,"taxEach":{"amount":0},"discountEach":{"amount":0},"pvEach":85},"quantityLimit":{"quantityQuota":-1,"timeFrameDays":-1,"quantityOrdered":0}}]},"currency":"USD"},{"lines":{"items":[{"item":{"href":"https:\/\/hydraqa.unicity.net\/v5a-test\/items\/bfddb53fe0d5ed5432c531dc9850cbe4","id":{"unicity":"29449"}},"quantity":1,"terms":{"priceEach":37,"taxEach":{"amount":0},"discountEach":{"amount":0},"pvEach":25},"quantityLimit":{"quantityQuota":-1,"timeFrameDays":-1,"quantityOrdered":0}}]},"currency":"USD"}]}
Entry request : {"order":{"customer":{"href":"https://hydraqa.unicity.net/v5a-test/customers?type=Associate"},"shipToAddress":{"country":"US","state":"PR"}},"vary":{"lines":{"items":[{"item":{"href":"https://hydraqa.unicity.net/v5a-test/items?id.unicity=26580|31441|31858|31859|31862|32030|29682|31314|31729|31730|31731|22747|26550|26554|26557|26561|26562|27739|27585|25008|26442|26555|18908|26552|27653|27212|27218|26983|27210|18401|25803|27029|27208|19596|27801|26945|26560|27587|29694|29408|29437|29612|27395|29440|29830|30414|30400|31846|31845|31848|31847|31863|31860|31861|31958|29449"}}]}}}
Request URL: https://hydraqa.unicity.net/v5a-test/customers.js?callback=angular.callbacks._1&expand=customer,profilePicture&id.unicity=2
Request URL: https://hydraqa.unicity.net/v5a-test/customers.js?_httpMethod=HEAD&callback=angular.callbacks._7&email=HPEZIM@gmail.com
Request URL: https://hydraqa.unicity.net/v5a-test/shippingmethods.js?callback=angular.callbacks._a&destination=US&market=US&state=PR
Request URL: https://hydraqa.unicity.net/v5a-test/addresses?country=PR&zip=00907
Entry response : {"items":[{"city":"San Juan","state":"San Juan"}]}
]]></system-out>
    <system-err><![CDATA[Starting ChromeDriver 2.36.540470 (e522d04694c7ebea4ba8821272dbef4f9b818c91) on port 48164
Only local connections are allowed.
Jun 30, 2020 11:57:56 AM org.openqa.selenium.remote.ProtocolHandshake createSession
INFO: Detected dialect: OSS
]]></system-err>
  </testcase>
  <testcase name="Enroll" classname="Tests.FranchisePartner" time="207.326">
    <failure message="Major Total Price is Wrong expected [492.8] but found [549.47]" type="java.lang.AssertionError">java.lang.AssertionError: Major Total Price is Wrong expected [492.8] but found [549.47]
	at Tests.FranchisePartner.Enroll(FranchisePartner.java:253)
</failure>
    <system-out><![CDATA[Request URL: https://hydraqa.unicity.net/v5a-test/quotes?&expand=item
Entry Quotes response : {"items":[{"lines":{"items":[{"item":{"href":"https:\/\/hydraqa.unicity.net\/v5a-test\/items\/051e765a5a71835a859c2757edd359f0","id":{"unicity":"26580"}},"quantity":1,"terms":{"priceEach":195,"taxEach":{"amount":0},"discountEach":{"amount":0},"pvEach":130},"quantityLimit":{"quantityQuota":-1,"timeFrameDays":-1,"quantityOrdered":0}}]},"currency":"USD"},{"lines":{"items":[{"item":{"href":"https:\/\/hydraqa.unicity.net\/v5a-test\/items\/90d5ee3af77bdc64ecf28a45b604bf3d","id":{"unicity":"31441"}},"quantity":1,"terms":{"priceEach":40,"taxEach":{"amount":0},"discountEach":{"amount":0},"pvEach":0},"quantityLimit":{"quantityQuota":-1,"timeFrameDays":-1,"quantityOrdered":0}}]},"currency":"USD"},{"lines":{"items":[{"item":{"href":"https:\/\/hydraqa.unicity.net\/v5a-test\/items\/cf8460040a1860bcabf250b6c1171675","id":{"unicity":"31858"}},"quantity":1,"terms":{"priceEach":269,"taxEach":{"amount":0},"discountEach":{"amount":0},"pvEach":195},"quantityLimit":{"quantityQuota":-1,"timeFrameDays":-1,"quantityOrdered":0}}]},"currency":"USD"},{"lines":{"items":[{"item":{"href":"https:\/\/hydraqa.unicity.net\/v5a-test\/items\/2de8516a24af8232add0bb392e750a71","id":{"unicity":"31859"}},"quantity":1,"terms":{"priceEach":179,"taxEach":{"amount":0},"discountEach":{"amount":0},"pvEach":130},"quantityLimit":{"quantityQuota":-1,"timeFrameDays":-1,"quantityOrdered":0}}]},"currency":"USD"},{"lines":{"items":[{"item":{"href":"https:\/\/hydraqa.unicity.net\/v5a-test\/items\/e47fd287212acedd1cffb2b67bf623bd","id":{"unicity":"31862"}},"quantity":1,"terms":{"priceEach":210,"taxEach":{"amount":0},"discountEach":{"amount":0},"pvEach":148},"quantityLimit":{"quantityQuota":-1,"timeFrameDays":-1,"quantityOrdered":0}}]},"currency":"USD"},{"lines":{"items":[{"item":{"href":"https:\/\/hydraqa.unicity.net\/v5a-test\/items\/50747027a065cb8361c1f0d6eb880466","id":{"unicity":"32030"}},"quantity":1,"terms":{"priceEach":143,"taxEach":{"amount":0},"discountEach":{"amount":0},"pvEach":102},"quantityLimit":{"quantityQuota":-1,"timeFrameDays":-1,"quantityOrdered":0}}]},"currency":"USD"},{"lines":{"items":[{"item":{"href":"https:\/\/hydraqa.unicity.net\/v5a-test\/items\/4a3d248668cd56e31c6eb403d87f15b2","id":{"unicity":"29682"}},"quantity":1,"terms":{"priceEach":203,"taxEach":{"amount":0},"discountEach":{"amount":0},"pvEach":144},"quantityLimit":{"quantityQuota":-1,"timeFrameDays":-1,"quantityOrdered":0}}]},"currency":"USD"},{"lines":{"items":[{"item":{"href":"https:\/\/hydraqa.unicity.net\/v5a-test\/items\/d306a0b65f27f19b4968e5c05906a9f4","id":{"unicity":"31314"}},"quantity":1,"terms":{"priceEach":388,"taxEach":{"amount":0},"discountEach":{"amount":0},"pvEach":268},"quantityLimit":{"quantityQuota":-1,"timeFrameDays":-1,"quantityOrdered":0}}]},"currency":"USD"},{"lines":{"items":[{"item":{"href":"https:\/\/hydraqa.unicity.net\/v5a-test\/items\/00c2eb70c985722ce208490aece00945","id":{"unicity":"31729"}},"quantity":1,"terms":{"priceEach":143,"taxEach":{"amount":0},"discountEach":{"amount":0},"pvEach":100},"quantityLimit":{"quantityQuota":-1,"timeFrameDays":-1,"quantityOrdered":0}}]},"currency":"USD"},{"lines":{"items":[{"item":{"href":"https:\/\/hydraqa.unicity.net\/v5a-test\/items\/693a7c4a70b06a00471afe8d6cae5023","id":{"unicity":"31730"}},"quantity":1,"terms":{"priceEach":120,"taxEach":{"amount":0},"discountEach":{"amount":0},"pvEach":80},"quantityLimit":{"quantityQuota":-1,"timeFrameDays":-1,"quantityOrdered":0}}]},"currency":"USD"},{"lines":{"items":[{"item":{"href":"https:\/\/hydraqa.unicity.net\/v5a-test\/items\/ccb242d74dcb1fe621cc7bfe1b1de315","id":{"unicity":"31731"}},"quantity":1,"terms":{"priceEach":89,"taxEach":{"amount":0},"discountEach":{"amount":0},"pvEach":60},"quantityLimit":{"quantityQuota":-1,"timeFrameDays":-1,"quantityOrdered":0}}]},"currency":"USD"},{"lines":{"items":[{"item":{"href":"https:\/\/hydraqa.unicity.net\/v5a-test\/items\/cea826eab72d44641c070aab6c97c1ac","id":{"unicity":"22747"}},"quantity":1,"terms":{"priceEach":27,"taxEach":{"amount":0},"discountEach":{"amount":0},"pvEach":16},"quantityLimit":{"quantityQuota":-1,"timeFrameDays":-1,"quantityOrdered":0}}]},"currency":"USD"},{"lines":{"items":[{"item":{"href":"https:\/\/hydraqa.unicity.net\/v5a-test\/items\/9a7715e888c94989d898fe4653645721","id":{"unicity":"26550"}},"quantity":1,"terms":{"priceEach":80,"taxEach":{"amount":0},"discountEach":{"amount":0},"pvEach":52},"quantityLimit":{"quantityQuota":-1,"timeFrameDays":-1,"quantityOrdered":0}}]},"currency":"USD"},{"lines":{"items":[{"item":{"href":"https:\/\/hydraqa.unicity.net\/v5a-test\/items\/0cf62d38e91953b43dcfe88b06f813cb","id":{"unicity":"26557"}},"quantity":1,"terms":{"priceEach":79,"taxEach":{"amount":0},"discountEach":{"amount":0},"pvEach":61},"quantityLimit":{"quantityQuota":-1,"timeFrameDays":-1,"quantityOrdered":0}}]},"currency":"USD"},{"lines":{"items":[{"item":{"href":"https:\/\/hydraqa.unicity.net\/v5a-test\/items\/cda534d686af5d627c94c4bb2c4b57d8","id":{"unicity":"26561"}},"quantity":1,"terms":{"priceEach":16,"taxEach":{"amount":0},"discountEach":{"amount":0},"pvEach":11},"quantityLimit":{"quantityQuota":-1,"timeFrameDays":-1,"quantityOrdered":0}}]},"currency":"USD"},{"lines":{"items":[{"item":{"href":"https:\/\/hydraqa.unicity.net\/v5a-test\/items\/0a3ede185ddf034630afd891c5106d33","id":{"unicity":"26562"}},"quantity":1,"terms":{"priceEach":33,"taxEach":{"amount":0},"discountEach":{"amount":0},"pvEach":25},"quantityLimit":{"quantityQuota":-1,"timeFrameDays":-1,"quantityOrdered":0}}]},"currency":"USD"},{"lines":{"items":[{"item":{"href":"https:\/\/hydraqa.unicity.net\/v5a-test\/items\/1bd53de7fe880ba71f46c9976ca2c137","id":{"unicity":"27739"}},"quantity":1,"terms":{"priceEach":33,"taxEach":{"amount":0},"discountEach":{"amount":0},"pvEach":13},"quantityLimit":{"quantityQuota":-1,"timeFrameDays":-1,"quantityOrdered":0}}]},"currency":"USD"},{"lines":{"items":[{"item":{"href":"https:\/\/hydraqa.unicity.net\/v5a-test\/items\/9a6e1d094182389c3da8e0a320ff0e00","id":{"unicity":"27585"}},"quantity":1,"terms":{"priceEach":56,"taxEach":{"amount":0},"discountEach":{"amount":0},"pvEach":33},"quantityLimit":{"quantityQuota":-1,"timeFrameDays":-1,"quantityOrdered":0}}]},"currency":"USD"},{"lines":{"items":[{"item":{"href":"https:\/\/hydraqa.unicity.net\/v5a-test\/items\/b127a2d34d3d73e2f53e4c2002a7a4a2","id":{"unicity":"25008"}},"quantity":1,"terms":{"priceEach":19,"taxEach":{"amount":0},"discountEach":{"amount":0},"pvEach":15},"quantityLimit":{"quantityQuota":-1,"timeFrameDays":-1,"quantityOrdered":0}}]},"currency":"USD"},{"lines":{"items":[{"item":{"href":"https:\/\/hydraqa.unicity.net\/v5a-test\/items\/10da226fab00279b4f89df10af2a10b7","id":{"unicity":"26442"}},"quantity":1,"terms":{"priceEach":6,"taxEach":{"amount":0},"discountEach":{"amount":0},"pvEach":0},"quantityLimit":{"quantityQuota":-1,"timeFrameDays":-1,"quantityOrdered":0}}]},"currency":"USD"},{"lines":{"items":[{"item":{"href":"https:\/\/hydraqa.unicity.net\/v5a-test\/items\/aa0d72ac13b1ce88cf8c4a52ede75a37","id":{"unicity":"26552"}},"quantity":1,"terms":{"priceEach":70,"taxEach":{"amount":0},"discountEach":{"amount":0},"pvEach":50},"quantityLimit":{"quantityQuota":5,"timeFrameDays":-1,"quantityOrdered":0}}]},"currency":"USD"},{"lines":{"items":[{"item":{"href":"https:\/\/hydraqa.unicity.net\/v5a-test\/items\/a391ad8c3c129526dc42793f5fee30f7","id":{"unicity":"27653"}},"quantity":1,"terms":{"priceEach":5,"taxEach":{"amount":0},"discountEach":{"amount":0},"pvEach":0},"quantityLimit":{"quantityQuota":-1,"timeFrameDays":-1,"quantityOrdered":0}}]},"currency":"USD"},{"lines":{"items":[{"item":{"href":"https:\/\/hydraqa.unicity.net\/v5a-test\/items\/c83534b0b0693d9f78eaaae2030ed4c1","id":{"unicity":"27212"}},"quantity":1,"terms":{"priceEach":10,"taxEach":{"amount":0},"discountEach":{"amount":0},"pvEach":0},"quantityLimit":{"quantityQuota":-1,"timeFrameDays":-1,"quantityOrdered":0}}]},"currency":"USD"},{"lines":{"items":[{"item":{"href":"https:\/\/hydraqa.unicity.net\/v5a-test\/items\/025d45e8cee8a1a4029f1cfd3bf70786","id":{"unicity":"26983"}},"quantity":1,"terms":{"priceEach":10,"taxEach":{"amount":0},"discountEach":{"amount":0},"pvEach":0},"quantityLimit":{"quantityQuota":-1,"timeFrameDays":-1,"quantityOrdered":0}}]},"currency":"USD"},{"lines":{"items":[{"item":{"href":"https:\/\/hydraqa.unicity.net\/v5a-test\/items\/b2fc4b9ba4aa5cae54389161be2f841f","id":{"unicity":"18401"}},"quantity":1,"terms":{"priceEach":31,"taxEach":{"amount":0},"discountEach":{"amount":0},"pvEach":19},"quantityLimit":{"quantityQuota":-1,"timeFrameDays":-1,"quantityOrdered":0}}]},"currency":"USD"},{"lines":{"items":[{"item":{"href":"https:\/\/hydraqa.unicity.net\/v5a-test\/items\/19f8db4bcf7263831586f726e748f73c","id":{"unicity":"27208"}},"quantity":1,"terms":{"priceEach":30,"taxEach":{"amount":0},"discountEach":{"amount":0},"pvEach":0},"quantityLimit":{"quantityQuota":-1,"timeFrameDays":-1,"quantityOrdered":0}}]},"currency":"USD"},{"lines":{"items":[{"item":{"href":"https:\/\/hydraqa.unicity.net\/v5a-test\/items\/5a38f009bec6c23b1b3a70432f9722e5","id":{"unicity":"19596"}},"quantity":1,"terms":{"priceEach":49,"taxEach":{"amount":0},"discountEach":{"amount":0},"pvEach":30},"quantityLimit":{"quantityQuota":-1,"timeFrameDays":-1,"quantityOrdered":0}}]},"currency":"USD"},{"lines":{"items":[{"item":{"href":"https:\/\/hydraqa.unicity.net\/v5a-test\/items\/38da42f991a40a00153b2e5055b82dbf","id":{"unicity":"27801"}},"quantity":1,"terms":{"priceEach":195,"taxEach":{"amount":0},"discountEach":{"amount":0},"pvEach":130},"quantityLimit":{"quantityQuota":-1,"timeFrameDays":-1,"quantityOrdered":0}}]},"currency":"USD"},{"lines":{"items":[{"item":{"href":"https:\/\/hydraqa.unicity.net\/v5a-test\/items\/398d06b858b960f6f38086d40608aef2","id":{"unicity":"26560"}},"quantity":1,"terms":{"priceEach":16,"taxEach":{"amount":0},"discountEach":{"amount":0},"pvEach":12},"quantityLimit":{"quantityQuota":-1,"timeFrameDays":-1,"quantityOrdered":0}}]},"currency":"USD"},{"lines":{"items":[{"item":{"href":"https:\/\/hydraqa.unicity.net\/v5a-test\/items\/112b8c39286598b3730f630f371a45f4","id":{"unicity":"27587"}},"quantity":1,"terms":{"priceEach":58,"taxEach":{"amount":0},"discountEach":{"amount":0},"pvEach":33},"quantityLimit":{"quantityQuota":-1,"timeFrameDays":-1,"quantityOrdered":0}}]},"currency":"USD"},{"lines":{"items":[{"item":{"href":"https:\/\/hydraqa.unicity.net\/v5a-test\/items\/25eaf64b36ce31368f17ae789fd9ac5b","id":{"unicity":"29694"}},"quantity":1,"terms":{"priceEach":56,"taxEach":{"amount":0},"discountEach":{"amount":0},"pvEach":33},"quantityLimit":{"quantityQuota":-1,"timeFrameDays":-1,"quantityOrdered":0}}]},"currency":"USD"},{"lines":{"items":[{"item":{"href":"https:\/\/hydraqa.unicity.net\/v5a-test\/items\/634f7efb30392b2a919de1355902d975","id":{"unicity":"29408"}},"quantity":1,"terms":{"priceEach":80,"taxEach":{"amount":0},"discountEach":{"amount":0},"pvEach":52},"quantityLimit":{"quantityQuota":-1,"timeFrameDays":-1,"quantityOrdered":0}}]},"currency":"USD"},{"lines":{"items":[{"item":{"href":"https:\/\/hydraqa.unicity.net\/v5a-test\/items\/bb5c627f16547cb4f706cef521bca356","id":{"unicity":"29437"}},"quantity":1,"terms":{"priceEach":62,"taxEach":{"amount":0},"discountEach":{"amount":0},"pvEach":36},"quantityLimit":{"quantityQuota":-1,"timeFrameDays":-1,"quantityOrdered":0}}]},"currency":"USD"},{"lines":{"items":[{"item":{"href":"https:\/\/hydraqa.unicity.net\/v5a-test\/items\/24ff5bda40c0d0e7eaa511866d052915","id":{"unicity":"29612"}},"quantity":1,"terms":{"priceEach":49,"taxEach":{"amount":0},"discountEach":{"amount":0},"pvEach":30},"quantityLimit":{"quantityQuota":-1,"timeFrameDays":-1,"quantityOrdered":0}}]},"currency":"USD"},{"lines":{"items":[{"item":{"href":"https:\/\/hydraqa.unicity.net\/v5a-test\/items\/024e696f8b44a1d315006e676604cd31","id":{"unicity":"27395"}},"quantity":1,"terms":{"priceEach":25,"taxEach":{"amount":0},"discountEach":{"amount":0},"pvEach":16},"quantityLimit":{"quantityQuota":-1,"timeFrameDays":-1,"quantityOrdered":0}}]},"currency":"USD"},{"lines":{"items":[{"item":{"href":"https:\/\/hydraqa.unicity.net\/v5a-test\/items\/05ca08f3808f126c0cc42154c50fc75c","id":{"unicity":"29440"}},"quantity":1,"terms":{"priceEach":120,"taxEach":{"amount":0},"discountEach":{"amount":0},"pvEach":90},"quantityLimit":{"quantityQuota":-1,"timeFrameDays":-1,"quantityOrdered":0}}]},"currency":"USD"},{"lines":{"items":[{"item":{"href":"https:\/\/hydraqa.unicity.net\/v5a-test\/items\/764e2db430d361da99e8f6b70c4d0244","id":{"unicity":"29830"}},"quantity":1,"terms":{"priceEach":17,"taxEach":{"amount":0},"discountEach":{"amount":0},"pvEach":7},"quantityLimit":{"quantityQuota":-1,"timeFrameDays":-1,"quantityOrdered":0}}]},"currency":"USD"},{"lines":{"items":[{"item":{"href":"https:\/\/hydraqa.unicity.net\/v5a-test\/items\/b91affa753dd5ee8a9acef4fa7e2c9a7","id":{"unicity":"30414"}},"quantity":1,"terms":{"priceEach":94,"taxEach":{"amount":0},"discountEach":{"amount":0},"pvEach":65},"quantityLimit":{"quantityQuota":-1,"timeFrameDays":-1,"quantityOrdered":0}}]},"currency":"USD"},{"lines":{"items":[{"item":{"href":"https:\/\/hydraqa.unicity.net\/v5a-test\/items\/2835b1a78e379486f0ffbfd5fb9f6b0a","id":{"unicity":"30400"}},"quantity":1,"terms":{"priceEach":38,"taxEach":{"amount":0},"discountEach":{"amount":0},"pvEach":28},"quantityLimit":{"quantityQuota":-1,"timeFrameDays":-1,"quantityOrdered":0}}]},"currency":"USD"},{"lines":{"items":[{"item":{"href":"https:\/\/hydraqa.unicity.net\/v5a-test\/items\/3875e24e6b6ebdf36c79d205614ed51e","id":{"unicity":"31846"}},"quantity":1,"terms":{"priceEach":126,"taxEach":{"amount":0},"discountEach":{"amount":0},"pvEach":94},"quantityLimit":{"quantityQuota":-1,"timeFrameDays":-1,"quantityOrdered":0}}]},"currency":"USD"},{"lines":{"items":[{"item":{"href":"https:\/\/hydraqa.unicity.net\/v5a-test\/items\/89b6d29a85a88d44d65bc8cca3fefc65","id":{"unicity":"31845"}},"quantity":1,"terms":{"priceEach":143,"taxEach":{"amount":0},"discountEach":{"amount":0},"pvEach":100},"quantityLimit":{"quantityQuota":-1,"timeFrameDays":-1,"quantityOrdered":0}}]},"currency":"USD"},{"lines":{"items":[{"item":{"href":"https:\/\/hydraqa.unicity.net\/v5a-test\/items\/65f231539924a2fa376afdb39f1f06d6","id":{"unicity":"31848"}},"quantity":1,"terms":{"priceEach":89,"taxEach":{"amount":0},"discountEach":{"amount":0},"pvEach":60},"quantityLimit":{"quantityQuota":-1,"timeFrameDays":-1,"quantityOrdered":0}}]},"currency":"USD"},{"lines":{"items":[{"item":{"href":"https:\/\/hydraqa.unicity.net\/v5a-test\/items\/fbb319232b7eed110794d46a68302acb","id":{"unicity":"31847"}},"quantity":1,"terms":{"priceEach":120,"taxEach":{"amount":0},"discountEach":{"amount":0},"pvEach":80},"quantityLimit":{"quantityQuota":-1,"timeFrameDays":-1,"quantityOrdered":0}}]},"currency":"USD"},{"lines":{"items":[{"item":{"href":"https:\/\/hydraqa.unicity.net\/v5a-test\/items\/fd464cd7972cc1317e850b9196d886b8","id":{"unicity":"31863"}},"quantity":1,"terms":{"priceEach":210,"taxEach":{"amount":0},"discountEach":{"amount":0},"pvEach":148},"quantityLimit":{"quantityQuota":-1,"timeFrameDays":-1,"quantityOrdered":0}}]},"currency":"USD"},{"lines":{"items":[{"item":{"href":"https:\/\/hydraqa.unicity.net\/v5a-test\/items\/d4c8fce238d6fc34d17a4b36d1e4e59a","id":{"unicity":"31860"}},"quantity":1,"terms":{"priceEach":196,"taxEach":{"amount":0},"discountEach":{"amount":0},"pvEach":135},"quantityLimit":{"quantityQuota":-1,"timeFrameDays":-1,"quantityOrdered":0}}]},"currency":"USD"},{"lines":{"items":[{"item":{"href":"https:\/\/hydraqa.unicity.net\/v5a-test\/items\/4ab49eca1731e69206ccafb5112ad5a4","id":{"unicity":"31861"}},"quantity":1,"terms":{"priceEach":196,"taxEach":{"amount":0},"discountEach":{"amount":0},"pvEach":135},"quantityLimit":{"quantityQuota":-1,"timeFrameDays":-1,"quantityOrdered":0}}]},"currency":"USD"},{"lines":{"items":[{"item":{"href":"https:\/\/hydraqa.unicity.net\/v5a-test\/items\/077823d29445b9020de9931f10c63efd","id":{"unicity":"31958"}},"quantity":1,"terms":{"priceEach":129,"taxEach":{"amount":0},"discountEach":{"amount":0},"pvEach":85},"quantityLimit":{"quantityQuota":-1,"timeFrameDays":-1,"quantityOrdered":0}}]},"currency":"USD"},{"lines":{"items":[{"item":{"href":"https:\/\/hydraqa.unicity.net\/v5a-test\/items\/bfddb53fe0d5ed5432c531dc9850cbe4","id":{"unicity":"29449"}},"quantity":1,"terms":{"priceEach":37,"taxEach":{"amount":0},"discountEach":{"amount":0},"pvEach":25},"quantityLimit":{"quantityQuota":-1,"timeFrameDays":-1,"quantityOrdered":0}}]},"currency":"USD"}]}
Entry request : {"order":{"customer":{"href":"https://hydraqa.unicity.net/v5a-test/customers?type=Associate"},"shipToAddress":{"country":"US","state":"PR"}},"vary":{"lines":{"items":[{"item":{"href":"https://hydraqa.unicity.net/v5a-test/items?id.unicity=26580|31441|31858|31859|31862|32030|29682|31314|31729|31730|31731|22747|26550|26554|26557|26561|26562|27739|27585|25008|26442|26555|18908|26552|27653|27212|27218|26983|27210|18401|25803|27029|27208|19596|27801|26945|26560|27587|29694|29408|29437|29612|27395|29440|29830|30414|30400|31846|31845|31848|31847|31863|31860|31861|31958|29449"}}]}}}
Request URL: https://hydraqa.unicity.net/v5a-test/customers.js?callback=angular.callbacks._1&expand=customer,profilePicture&id.unicity=2
Request URL: https://hydraqa.unicity.net/v5a-test/customers.js?_httpMethod=HEAD&callback=angular.callbacks._7&email=OAPEDY@gmail.com
Request URL: https://hydraqa.unicity.net/v5a-test/shippingmethods.js?callback=angular.callbacks._a&destination=US&market=US&state=PR
Request URL: https://hydraqa.unicity.net/v5a-test/addresses?country=PR&zip=00907
Entry response : {"items":[{"city":"San Juan","state":"San Juan"}]}
]]></system-out>
    <system-err><![CDATA[Starting ChromeDriver 2.36.540470 (e522d04694c7ebea4ba8821272dbef4f9b818c91) on port 46688
Only local connections are allowed.
Jun 30, 2020 12:01:30 PM org.openqa.selenium.remote.ProtocolHandshake createSession
INFO: Detected dialect: OSS
]]></system-err>
  </testcase>
  <testcase name="Enroll" classname="Tests.FranchisePartner" time="253.018">
    <failure message="Major Total Price is Wrong expected [1571.55] but found [1770.76]" type="java.lang.AssertionError">java.lang.AssertionError: Major Total Price is Wrong expected [1571.55] but found [1770.76]
	at Tests.FranchisePartner.Enroll(FranchisePartner.java:253)
</failure>
    <system-out><![CDATA[Request URL: https://hydraqa.unicity.net/v5a-test/quotes?&expand=item
Entry Quotes response : {"items":[{"lines":{"items":[{"item":{"href":"https:\/\/hydraqa.unicity.net\/v5a-test\/items\/313d106282358e7f4b675a3e7edfbf1e","id":{"unicity":"26297"},"weightEach":{"value":0},"servingsPerContainer":0,"servingSize":0},"quantity":1,"terms":{"priceEach":346,"taxEach":{"amount":42.78},"discountEach":{"amount":0},"pvEach":250},"quantityLimit":{"quantityQuota":-1,"timeFrameDays":-1,"quantityOrdered":0}}]},"currency":"EUR"},{"lines":{"items":[{"item":{"href":"https:\/\/hydraqa.unicity.net\/v5a-test\/items\/2b186806607ffc92747af3d5f573b66a","id":{"unicity":"26372"},"weightEach":{"value":0},"servingsPerContainer":0,"servingSize":0},"quantity":1,"terms":{"priceEach":692,"taxEach":{"amount":87.96},"discountEach":{"amount":0},"pvEach":500},"quantityLimit":{"quantityQuota":-1,"timeFrameDays":-1,"quantityOrdered":0}}]},"currency":"EUR"},{"lines":{"items":[{"item":{"href":"https:\/\/hydraqa.unicity.net\/v5a-test\/items\/ddd0fbe9e4ec6fad3382d6323940b5c5","id":{"unicity":"26373"},"weightEach":{"value":0},"servingsPerContainer":0,"servingSize":0},"quantity":1,"terms":{"priceEach":1384,"taxEach":{"amount":172.35},"discountEach":{"amount":0},"pvEach":1000},"quantityLimit":{"quantityQuota":-1,"timeFrameDays":-1,"quantityOrdered":0}}]},"currency":"EUR"},{"lines":{"items":[{"item":{"href":"https:\/\/hydraqa.unicity.net\/v5a-test\/items\/6d66f25b392402da7f40e97f07159275","id":{"unicity":"28939"},"weightEach":{"value":0},"servingsPerContainer":0,"servingSize":0},"quantity":1,"terms":{"priceEach":93,"taxEach":{"amount":11.81},"discountEach":{"amount":0},"pvEach":62},"quantityLimit":{"quantityQuota":-1,"timeFrameDays":-1,"quantityOrdered":0}}]},"currency":"EUR"},{"lines":{"items":[{"item":{"href":"https:\/\/hydraqa.unicity.net\/v5a-test\/items\/c0a81a3e2fdfdd1fc812d67fc03aca7a","id":{"unicity":"31162"},"weightEach":{"value":0},"servingsPerContainer":0,"servingSize":0},"quantity":1,"terms":{"priceEach":170,"taxEach":{"amount":20.4},"discountEach":{"amount":0},"pvEach":122},"quantityLimit":{"quantityQuota":-1,"timeFrameDays":-1,"quantityOrdered":0}}]},"currency":"EUR"},{"lines":{"items":[{"item":{"href":"https:\/\/hydraqa.unicity.net\/v5a-test\/items\/eba7a9cf98889f12a3616e08b8f3b959","id":{"unicity":"31163"},"weightEach":{"value":0},"servingsPerContainer":0,"servingSize":0},"quantity":1,"terms":{"priceEach":162,"taxEach":{"amount":19.44},"discountEach":{"amount":0},"pvEach":122},"quantityLimit":{"quantityQuota":-1,"timeFrameDays":-1,"quantityOrdered":0}}]},"currency":"EUR"},{"lines":{"items":[{"item":{"href":"https:\/\/hydraqa.unicity.net\/v5a-test\/items\/8b2c447a944acc5f91220ceef5b12646","id":{"unicity":"31164"},"weightEach":{"value":0},"servingsPerContainer":0,"servingSize":0},"quantity":1,"terms":{"priceEach":166,"taxEach":{"amount":19.92},"discountEach":{"amount":0},"pvEach":122},"quantityLimit":{"quantityQuota":-1,"timeFrameDays":-1,"quantityOrdered":0}}]},"currency":"EUR"},{"lines":{"items":[{"item":{"href":"https:\/\/hydraqa.unicity.net\/v5a-test\/items\/f9ca116410d022bd1e57507af859e64d","id":{"unicity":"31242"},"weightEach":{"value":0},"servingsPerContainer":0,"servingSize":0},"quantity":1,"terms":{"priceEach":1406,"taxEach":{"amount":173.68},"discountEach":{"amount":0},"pvEach":1000},"quantityLimit":{"quantityQuota":-1,"timeFrameDays":-1,"quantityOrdered":0}}]},"currency":"EUR"},{"lines":{"items":[{"item":{"href":"https:\/\/hydraqa.unicity.net\/v5a-test\/items\/221477f57a664e70f9d98d5d948e91f6","id":{"unicity":"31243"},"weightEach":{"value":0},"servingsPerContainer":0,"servingSize":0},"quantity":1,"terms":{"priceEach":722,"taxEach":{"amount":91.59},"discountEach":{"amount":0},"pvEach":500},"quantityLimit":{"quantityQuota":-1,"timeFrameDays":-1,"quantityOrdered":0}}]},"currency":"EUR"},{"lines":{"items":[{"item":{"href":"https:\/\/hydraqa.unicity.net\/v5a-test\/items\/5fa9d0f0567239dff64b83c0cd0def2c","id":{"unicity":"31244"},"weightEach":{"value":0},"servingsPerContainer":0,"servingSize":0},"quantity":1,"terms":{"priceEach":381,"taxEach":{"amount":46.36},"discountEach":{"amount":0},"pvEach":275},"quantityLimit":{"quantityQuota":-1,"timeFrameDays":-1,"quantityOrdered":0}}]},"currency":"EUR"},{"lines":{"items":[{"item":{"href":"https:\/\/hydraqa.unicity.net\/v5a-test\/items\/31cb0679f65df8fa9a4fc3d7e38b72b3","id":{"unicity":"31763"},"weightEach":{"value":0},"servingsPerContainer":0,"servingSize":0},"quantity":1,"terms":{"priceEach":243.3,"taxEach":{"amount":29.2},"discountEach":{"amount":0},"pvEach":181},"quantityLimit":{"quantityQuota":-1,"timeFrameDays":-1,"quantityOrdered":0}}]},"currency":"EUR"},{"lines":{"items":[{"item":{"href":"https:\/\/hydraqa.unicity.net\/v5a-test\/items\/e9991b48ac639367d526d2b9b22fac8c","id":{"unicity":"32128"},"weightEach":{"value":0},"servingsPerContainer":0,"servingSize":0},"quantity":1,"terms":{"priceEach":371.87,"taxEach":{"amount":44.62},"discountEach":{"amount":0},"pvEach":253},"quantityLimit":{"quantityQuota":-1,"timeFrameDays":-1,"quantityOrdered":0}}]},"currency":"EUR"},{"lines":{"items":[{"item":{"href":"https:\/\/hydraqa.unicity.net\/v5a-test\/items\/40b3312de189221d96d838d33a8ec49d","id":{"unicity":"32129"},"weightEach":{"value":0},"servingsPerContainer":0,"servingSize":0},"quantity":1,"terms":{"priceEach":371.87,"taxEach":{"amount":44.62},"discountEach":{"amount":0},"pvEach":254},"quantityLimit":{"quantityQuota":-1,"timeFrameDays":-1,"quantityOrdered":0}}]},"currency":"EUR"},{"lines":{"items":[{"item":{"href":"https:\/\/hydraqa.unicity.net\/v5a-test\/items\/6bd168a66ce41003a8f30917deff5808","id":{"unicity":"32130"},"weightEach":{"value":0},"servingsPerContainer":0,"servingSize":0},"quantity":1,"terms":{"priceEach":363.46,"taxEach":{"amount":43.62},"discountEach":{"amount":0},"pvEach":252},"quantityLimit":{"quantityQuota":-1,"timeFrameDays":-1,"quantityOrdered":0}}]},"currency":"EUR"},{"lines":{"items":[{"item":{"href":"https:\/\/hydraqa.unicity.net\/v5a-test\/items\/806f99b793edd7cd0b1c158ba0eb3142","id":{"unicity":"32132"},"weightEach":{"value":0},"servingsPerContainer":0,"servingSize":0},"quantity":1,"terms":{"priceEach":355.98,"taxEach":{"amount":42.72},"discountEach":{"amount":0},"pvEach":253},"quantityLimit":{"quantityQuota":-1,"timeFrameDays":-1,"quantityOrdered":0}}]},"currency":"EUR"},{"lines":{"items":[{"item":{"href":"https:\/\/hydraqa.unicity.net\/v5a-test\/items\/e3d382d99fde8659cb146b54116e7654","id":{"unicity":"32133"},"weightEach":{"value":0},"servingsPerContainer":0,"servingSize":0},"quantity":1,"terms":{"priceEach":364.39,"taxEach":{"amount":43.73},"discountEach":{"amount":0},"pvEach":252},"quantityLimit":{"quantityQuota":-1,"timeFrameDays":-1,"quantityOrdered":0}}]},"currency":"EUR"},{"lines":{"items":[{"item":{"href":"https:\/\/hydraqa.unicity.net\/v5a-test\/items\/022f109fe6e5eae3e521295a5cb94c60","id":{"unicity":"32134"},"weightEach":{"value":0},"servingsPerContainer":0,"servingSize":0},"quantity":1,"terms":{"priceEach":144.77,"taxEach":{"amount":17.37},"discountEach":{"amount":0},"pvEach":101},"quantityLimit":{"quantityQuota":-1,"timeFrameDays":-1,"quantityOrdered":0}}]},"currency":"EUR"},{"lines":{"items":[{"item":{"href":"https:\/\/hydraqa.unicity.net\/v5a-test\/items\/ded00960d5e948dd8e511a9c752e1ff9","id":{"unicity":"32135"},"weightEach":{"value":0},"servingsPerContainer":0,"servingSize":0},"quantity":1,"terms":{"priceEach":154.11,"taxEach":{"amount":18.49},"discountEach":{"amount":0},"pvEach":113},"quantityLimit":{"quantityQuota":-1,"timeFrameDays":-1,"quantityOrdered":0}}]},"currency":"EUR"},{"lines":{"items":[{"item":{"href":"https:\/\/hydraqa.unicity.net\/v5a-test\/items\/d8736cc35cf9f4734fd76da71c53dc05","id":{"unicity":"32136"},"weightEach":{"value":0},"servingsPerContainer":0,"servingSize":0},"quantity":1,"terms":{"priceEach":141.96,"taxEach":{"amount":17.04},"discountEach":{"amount":0},"pvEach":102},"quantityLimit":{"quantityQuota":-1,"timeFrameDays":-1,"quantityOrdered":0}}]},"currency":"EUR"},{"lines":{"items":[{"item":{"href":"https:\/\/hydraqa.unicity.net\/v5a-test\/items\/166a69d45c4ae40278554e24d5f40443","id":{"unicity":"32137"},"weightEach":{"value":0},"servingsPerContainer":0,"servingSize":0},"quantity":1,"terms":{"priceEach":168.13,"taxEach":{"amount":20.18},"discountEach":{"amount":0},"pvEach":118},"quantityLimit":{"quantityQuota":-1,"timeFrameDays":-1,"quantityOrdered":0}}]},"currency":"EUR"},{"lines":{"items":[{"item":{"href":"https:\/\/hydraqa.unicity.net\/v5a-test\/items\/d04a0b8762b20202b6273114fb7302d1","id":{"unicity":"32138"},"weightEach":{"value":0},"servingsPerContainer":0,"servingSize":0},"quantity":1,"terms":{"priceEach":224.21,"taxEach":{"amount":26.91},"discountEach":{"amount":0},"pvEach":152},"quantityLimit":{"quantityQuota":-1,"timeFrameDays":-1,"quantityOrdered":0}}]},"currency":"EUR"},{"lines":{"items":[{"item":{"href":"https:\/\/hydraqa.unicity.net\/v5a-test\/items\/e13d0b5c40704ad5dd186959367c97f1","id":{"unicity":"32125"},"weightEach":{"value":0},"servingsPerContainer":0,"servingSize":0},"quantity":1,"terms":{"priceEach":373.74,"taxEach":{"amount":44.85},"discountEach":{"amount":0},"pvEach":250},"quantityLimit":{"quantityQuota":-1,"timeFrameDays":-1,"quantityOrdered":0}}]},"currency":"EUR"},{"lines":{"items":[{"item":{"href":"https:\/\/hydraqa.unicity.net\/v5a-test\/items\/c451532f63a06f0e9a054e946a1a1c3b","id":{"unicity":"18511"},"weightEach":{"value":0},"servingsPerContainer":0,"servingSize":0},"quantity":1,"terms":{"priceEach":37.29,"taxEach":{"amount":4.47},"discountEach":{"amount":0},"pvEach":23},"quantityLimit":{"quantityQuota":-1,"timeFrameDays":-1,"quantityOrdered":0}}]},"currency":"EUR"},{"lines":{"items":[{"item":{"href":"https:\/\/hydraqa.unicity.net\/v5a-test\/items\/9752a919e28f96747163918165b46f23","id":{"unicity":"19941"},"weightEach":{"value":558},"servingsPerContainer":15,"servingSize":0},"quantity":1,"terms":{"priceEach":32.62,"taxEach":{"amount":3.91},"discountEach":{"amount":0},"pvEach":20},"quantityLimit":{"quantityQuota":-1,"timeFrameDays":-1,"quantityOrdered":0}}]},"currency":"EUR"},{"lines":{"items":[{"item":{"href":"https:\/\/hydraqa.unicity.net\/v5a-test\/items\/4e49c95f12ae7be78e5ffab68b8b3ca6","id":{"unicity":"26422"},"weightEach":{"value":0},"servingsPerContainer":0,"servingSize":0},"quantity":1,"terms":{"priceEach":19,"taxEach":{"amount":2.28},"discountEach":{"amount":0},"pvEach":0},"quantityLimit":{"quantityQuota":-1,"timeFrameDays":-1,"quantityOrdered":0}}]},"currency":"EUR"},{"lines":{"items":[{"item":{"href":"https:\/\/hydraqa.unicity.net\/v5a-test\/items\/50e73ecfa509ac20c4a250f9cb32fdfc","id":{"unicity":"27156"},"weightEach":{"value":0},"servingsPerContainer":0,"servingSize":0},"quantity":1,"terms":{"priceEach":20.47,"taxEach":{"amount":2.46},"discountEach":{"amount":0},"pvEach":13},"quantityLimit":{"quantityQuota":-1,"timeFrameDays":-1,"quantityOrdered":0}}]},"currency":"EUR"},{"lines":{"items":[{"item":{"href":"https:\/\/hydraqa.unicity.net\/v5a-test\/items\/d92292ba2f23c030e4a1f63eb3ebe1ce","id":{"unicity":"27158"},"weightEach":{"value":0},"servingsPerContainer":0,"servingSize":0},"quantity":1,"terms":{"priceEach":27.94,"taxEach":{"amount":3.35},"discountEach":{"amount":0},"pvEach":23},"quantityLimit":{"quantityQuota":-1,"timeFrameDays":-1,"quantityOrdered":0}}]},"currency":"EUR"},{"lines":{"items":[{"item":{"href":"https:\/\/hydraqa.unicity.net\/v5a-test\/items\/cc0aa5275e03cd250dc423dd19bd9a04","id":{"unicity":"27222"},"weightEach":{"value":0},"servingsPerContainer":0,"servingSize":0},"quantity":1,"terms":{"priceEach":74.67,"taxEach":{"amount":8.96},"discountEach":{"amount":0},"pvEach":54},"quantityLimit":{"quantityQuota":-1,"timeFrameDays":-1,"quantityOrdered":0}}]},"currency":"EUR"},{"lines":{"items":[{"item":{"href":"https:\/\/hydraqa.unicity.net\/v5a-test\/items\/9bdc68ccf7182127a7a885625dcc4fa8","id":{"unicity":"27224"},"weightEach":{"value":0},"servingsPerContainer":0,"servingSize":0},"quantity":1,"terms":{"priceEach":74.67,"taxEach":{"amount":8.96},"discountEach":{"amount":0},"pvEach":54},"quantityLimit":{"quantityQuota":-1,"timeFrameDays":-1,"quantityOrdered":0}}]},"currency":"EUR"},{"lines":{"items":[{"item":{"href":"https:\/\/hydraqa.unicity.net\/v5a-test\/items\/a7bda1cb4a35343e52791aba56debc4a","id":{"unicity":"27617"},"weightEach":{"value":0},"servingsPerContainer":0,"servingSize":0},"quantity":1,"terms":{"priceEach":29.81,"taxEach":{"amount":3.58},"discountEach":{"amount":0},"pvEach":18},"quantityLimit":{"quantityQuota":-1,"timeFrameDays":-1,"quantityOrdered":0}}]},"currency":"EUR"},{"lines":{"items":[{"item":{"href":"https:\/\/hydraqa.unicity.net\/v5a-test\/items\/a36d9fdd0fd7561e6180fb5b2ff27164","id":{"unicity":"27660"},"weightEach":{"value":0},"servingsPerContainer":0,"servingSize":0},"quantity":1,"terms":{"priceEach":31.68,"taxEach":{"amount":3.8},"discountEach":{"amount":0},"pvEach":18},"quantityLimit":{"quantityQuota":-1,"timeFrameDays":-1,"quantityOrdered":0}}]},"currency":"EUR"},{"lines":{"items":[{"item":{"href":"https:\/\/hydraqa.unicity.net\/v5a-test\/items\/0c0717a26fcfe40310e906487e8a12f7","id":{"unicity":"28601"},"weightEach":{"value":0},"servingsPerContainer":0,"servingSize":0},"quantity":1,"terms":{"priceEach":74.67,"taxEach":{"amount":8.96},"discountEach":{"amount":0},"pvEach":54},"quantityLimit":{"quantityQuota":-1,"timeFrameDays":-1,"quantityOrdered":0}}]},"currency":"EUR"},{"lines":{"items":[{"item":{"href":"https:\/\/hydraqa.unicity.net\/v5a-test\/items\/4790a55c442b5dc75a13b155e78c1842","id":{"unicity":"28604"},"weightEach":{"value":0},"servingsPerContainer":0,"servingSize":0},"quantity":1,"terms":{"priceEach":74.67,"taxEach":{"amount":8.96},"discountEach":{"amount":0},"pvEach":54},"quantityLimit":{"quantityQuota":-1,"timeFrameDays":-1,"quantityOrdered":0}}]},"currency":"EUR"},{"lines":{"items":[{"item":{"href":"https:\/\/hydraqa.unicity.net\/v5a-test\/items\/bd92cb1274dae7ba0d8f7ed15cda9896","id":{"unicity":"28805"},"weightEach":{"value":0},"servingsPerContainer":0,"servingSize":0},"quantity":1,"terms":{"priceEach":74.67,"taxEach":{"amount":8.96},"discountEach":{"amount":0},"pvEach":53},"quantityLimit":{"quantityQuota":-1,"timeFrameDays":-1,"quantityOrdered":0}}]},"currency":"EUR"},{"lines":{"items":[{"item":{"href":"https:\/\/hydraqa.unicity.net\/v5a-test\/items\/db0a2b02eaabc5ad45fe91ba5c7bcf5a","id":{"unicity":"31772"},"weightEach":{"value":0},"servingsPerContainer":0,"servingSize":0},"quantity":1,"terms":{"priceEach":8.32,"taxEach":{"amount":2.08},"discountEach":{"amount":0},"pvEach":0},"quantityLimit":{"quantityQuota":-1,"timeFrameDays":-1,"quantityOrdered":0}}]},"currency":"EUR"},{"lines":{"items":[{"item":{"href":"https:\/\/hydraqa.unicity.net\/v5a-test\/items\/34c8c6b0f454da738e64265f08c57a72","id":{"unicity":"31777"},"weightEach":{"value":0},"servingsPerContainer":0,"servingSize":0},"quantity":1,"terms":{"priceEach":6.22,"taxEach":{"amount":1.56},"discountEach":{"amount":0},"pvEach":3},"quantityLimit":{"quantityQuota":-1,"timeFrameDays":-1,"quantityOrdered":0}}]},"currency":"EUR"},{"lines":{"items":[{"item":{"href":"https:\/\/hydraqa.unicity.net\/v5a-test\/items\/fc8583e3bf463b599fdcce05234bc137","id":{"unicity":"31780"},"weightEach":{"value":0},"servingsPerContainer":0,"servingSize":0},"quantity":1,"terms":{"priceEach":8.32,"taxEach":{"amount":2.08},"discountEach":{"amount":0},"pvEach":4},"quantityLimit":{"quantityQuota":-1,"timeFrameDays":-1,"quantityOrdered":0}}]},"currency":"EUR"},{"lines":{"items":[{"item":{"href":"https:\/\/hydraqa.unicity.net\/v5a-test\/items\/7e80331c8c25f515174d3f894283a27c","id":{"unicity":"31781"},"weightEach":{"value":0},"servingsPerContainer":0,"servingSize":0},"quantity":1,"terms":{"priceEach":8.32,"taxEach":{"amount":2.08},"discountEach":{"amount":0},"pvEach":4},"quantityLimit":{"quantityQuota":-1,"timeFrameDays":-1,"quantityOrdered":0}}]},"currency":"EUR"},{"lines":{"items":[{"item":{"href":"https:\/\/hydraqa.unicity.net\/v5a-test\/items\/8d3854b47de8e45d6fcdc194dffff601","id":{"unicity":"31782"},"weightEach":{"value":0},"servingsPerContainer":0,"servingSize":0},"quantity":1,"terms":{"priceEach":12.52,"taxEach":{"amount":3.13},"discountEach":{"amount":0},"pvEach":6},"quantityLimit":{"quantityQuota":-1,"timeFrameDays":-1,"quantityOrdered":0}}]},"currency":"EUR"},{"lines":{"items":[{"item":{"href":"https:\/\/hydraqa.unicity.net\/v5a-test\/items\/04516be30bd9bf93e01536e7fc8f8716","id":{"unicity":"31779"},"weightEach":{"value":0},"servingsPerContainer":0,"servingSize":0},"quantity":1,"terms":{"priceEach":10,"taxEach":{"amount":2.5},"discountEach":{"amount":0},"pvEach":5},"quantityLimit":{"quantityQuota":-1,"timeFrameDays":-1,"quantityOrdered":0}}]},"currency":"EUR"},{"lines":{"items":[{"item":{"href":"https:\/\/hydraqa.unicity.net\/v5a-test\/items\/d7e1dd4b19a8672aed99e591356c0d48","id":{"unicity":"31932"},"weightEach":{"value":0},"servingsPerContainer":0,"servingSize":0},"quantity":1,"terms":{"priceEach":6.22,"taxEach":{"amount":1.56},"discountEach":{"amount":0},"pvEach":3},"quantityLimit":{"quantityQuota":-1,"timeFrameDays":-1,"quantityOrdered":0}}]},"currency":"EUR"},{"lines":{"items":[{"item":{"href":"https:\/\/hydraqa.unicity.net\/v5a-test\/items\/1aa00306dc0006d365acd7436548f2e6","id":{"unicity":"31778"},"weightEach":{"value":0},"servingsPerContainer":0,"servingSize":0},"quantity":1,"terms":{"priceEach":12.52,"taxEach":{"amount":3.13},"discountEach":{"amount":0},"pvEach":6},"quantityLimit":{"quantityQuota":-1,"timeFrameDays":-1,"quantityOrdered":0}}]},"currency":"EUR"},{"lines":{"items":[{"item":{"href":"https:\/\/hydraqa.unicity.net\/v5a-test\/items\/881451fd39a6a3113e33935db22da7ae","id":{"unicity":"32553"},"weightEach":{"value":0},"servingsPerContainer":0,"servingSize":0},"quantity":1,"terms":{"priceEach":2.44,"taxEach":{"amount":0.61},"discountEach":{"amount":0},"pvEach":0},"quantityLimit":{"quantityQuota":-1,"timeFrameDays":-1,"quantityOrdered":0}}]},"currency":"EUR"},{"lines":{"items":[{"item":{"href":"https:\/\/hydraqa.unicity.net\/v5a-test\/items\/4fc6de0cb7817f39a836ff08609b8539","id":{"unicity":"32556"},"weightEach":{"value":0},"servingsPerContainer":0,"servingSize":0},"quantity":1,"terms":{"priceEach":2.44,"taxEach":{"amount":0.61},"discountEach":{"amount":0},"pvEach":0},"quantityLimit":{"quantityQuota":-1,"timeFrameDays":-1,"quantityOrdered":0}}]},"currency":"EUR"},{"lines":{"items":[{"item":{"href":"https:\/\/hydraqa.unicity.net\/v5a-test\/items\/2262fdd5af916c31df08089c191735c1","id":{"unicity":"29317"},"weightEach":{"value":0},"servingsPerContainer":0,"servingSize":0},"quantity":1,"terms":{"priceEach":25.21,"taxEach":{"amount":6.3},"discountEach":{"amount":0},"pvEach":0},"quantityLimit":{"quantityQuota":-1,"timeFrameDays":-1,"quantityOrdered":0}}]},"currency":"EUR"},{"lines":{"items":[{"item":{"href":"https:\/\/hydraqa.unicity.net\/v5a-test\/items\/217ca02fbd24e21ca5281412756238ab","id":{"unicity":"32126"},"weightEach":{"value":0},"servingsPerContainer":0,"servingSize":0},"quantity":1,"terms":{"priceEach":152.24,"taxEach":{"amount":19.35},"discountEach":{"amount":0},"pvEach":101},"quantityLimit":{"quantityQuota":-1,"timeFrameDays":-1,"quantityOrdered":0}}]},"currency":"EUR"},{"lines":{"items":[{"item":{"href":"https:\/\/hydraqa.unicity.net\/v5a-test\/items\/808008a0657d2033ad471c39bbce9891","id":{"unicity":"32127"},"weightEach":{"value":0},"servingsPerContainer":0,"servingSize":0},"quantity":1,"terms":{"priceEach":162.34,"taxEach":{"amount":20.56},"discountEach":{"amount":0},"pvEach":113},"quantityLimit":{"quantityQuota":-1,"timeFrameDays":-1,"quantityOrdered":0}}]},"currency":"EUR"},{"lines":{"items":[{"item":{"href":"https:\/\/hydraqa.unicity.net\/v5a-test\/items\/332daeac6796ed016ea8b7d0bc42c2d4","id":{"unicity":"24274"},"weightEach":{"value":0},"servingsPerContainer":0,"servingSize":0},"quantity":1,"terms":{"priceEach":7.48,"taxEach":{"amount":1.87},"discountEach":{"amount":0},"pvEach":0},"quantityLimit":{"quantityQuota":-1,"timeFrameDays":-1,"quantityOrdered":0}}]},"currency":"EUR"},{"lines":{"items":[{"item":{"href":"https:\/\/hydraqa.unicity.net\/v5a-test\/items\/1945faa1776541d53120ecfe3c1d8a2b","id":{"unicity":"24418"},"weightEach":{"value":0},"servingsPerContainer":0,"servingSize":0},"quantity":1,"terms":{"priceEach":4.96,"taxEach":{"amount":1.24},"discountEach":{"amount":0},"pvEach":0},"quantityLimit":{"quantityQuota":-1,"timeFrameDays":-1,"quantityOrdered":0}}]},"currency":"EUR"},{"lines":{"items":[{"item":{"href":"https:\/\/hydraqa.unicity.net\/v5a-test\/items\/10da226fab00279b4f89df10af2a10b7","id":{"unicity":"26442"},"weightEach":{"value":0},"servingsPerContainer":0,"servingSize":0},"quantity":1,"terms":{"priceEach":5.8,"taxEach":{"amount":1.45},"discountEach":{"amount":0},"pvEach":0},"quantityLimit":{"quantityQuota":-1,"timeFrameDays":-1,"quantityOrdered":0}}]},"currency":"EUR"},{"lines":{"items":[{"item":{"href":"https:\/\/hydraqa.unicity.net\/v5a-test\/items\/5147f8cfe32548e02fc158d4da9c4d6f","id":{"unicity":"27150"},"weightEach":{"value":0},"servingsPerContainer":0,"servingSize":0},"quantity":1,"terms":{"priceEach":93.36,"taxEach":{"amount":11.2},"discountEach":{"amount":0},"pvEach":70},"quantityLimit":{"quantityQuota":-1,"timeFrameDays":-1,"quantityOrdered":0}}]},"currency":"EUR"},{"lines":{"items":[{"item":{"href":"https:\/\/hydraqa.unicity.net\/v5a-test\/items\/7d4ad2792f7056e5f81eb24f118ef737","id":{"unicity":"27575"},"weightEach":{"value":0},"servingsPerContainer":0,"servingSize":0},"quantity":1,"terms":{"priceEach":55.98,"taxEach":{"amount":6.72},"discountEach":{"amount":0},"pvEach":34},"quantityLimit":{"quantityQuota":-1,"timeFrameDays":-1,"quantityOrdered":0}}]},"currency":"EUR"},{"lines":{"items":[{"item":{"href":"https:\/\/hydraqa.unicity.net\/v5a-test\/items\/112b8c39286598b3730f630f371a45f4","id":{"unicity":"27587"},"weightEach":{"value":0},"servingsPerContainer":0,"servingSize":0},"quantity":1,"terms":{"priceEach":55.98,"taxEach":{"amount":6.72},"discountEach":{"amount":0},"pvEach":34},"quantityLimit":{"quantityQuota":-1,"timeFrameDays":-1,"quantityOrdered":0}}]},"currency":"EUR"},{"lines":{"items":[{"item":{"href":"https:\/\/hydraqa.unicity.net\/v5a-test\/items\/0eebdede5bdb8bf4d71e800b6f3cead1","id":{"unicity":"30825"},"weightEach":{"value":0},"servingsPerContainer":0,"servingSize":0},"quantity":1,"terms":{"priceEach":37.29,"taxEach":{"amount":4.47},"discountEach":{"amount":0},"pvEach":23},"quantityLimit":{"quantityQuota":-1,"timeFrameDays":-1,"quantityOrdered":0}}]},"currency":"EUR"},{"lines":{"items":[{"item":{"href":"https:\/\/hydraqa.unicity.net\/v5a-test\/items\/024e696f8b44a1d315006e676604cd31","id":{"unicity":"27395"},"weightEach":{"value":0},"servingsPerContainer":0,"servingSize":0},"quantity":1,"terms":{"priceEach":29.81,"taxEach":{"amount":3.58},"discountEach":{"amount":0},"pvEach":18},"quantityLimit":{"quantityQuota":-1,"timeFrameDays":-1,"quantityOrdered":0}}]},"currency":"EUR"},{"lines":{"items":[{"item":{"href":"https:\/\/hydraqa.unicity.net\/v5a-test\/items\/4b2034f47fce90b87bba28c5c2d7c25d","id":{"unicity":"15880"},"weightEach":{"value":0},"servingsPerContainer":0,"servingSize":0},"quantity":1,"terms":{"priceEach":51.31,"taxEach":{"amount":6.16},"discountEach":{"amount":0},"pvEach":33},"quantityLimit":{"quantityQuota":-1,"timeFrameDays":-1,"quantityOrdered":0}}]},"currency":"EUR"},{"lines":{"items":[{"item":{"href":"https:\/\/hydraqa.unicity.net\/v5a-test\/items\/398d06b858b960f6f38086d40608aef2","id":{"unicity":"26560"},"weightEach":{"value":0},"servingsPerContainer":0,"servingSize":0},"quantity":1,"terms":{"priceEach":20.47,"taxEach":{"amount":2.46},"discountEach":{"amount":0},"pvEach":13},"quantityLimit":{"quantityQuota":-1,"timeFrameDays":-1,"quantityOrdered":0}}]},"currency":"EUR"},{"lines":{"items":[{"item":{"href":"https:\/\/hydraqa.unicity.net\/v5a-test\/items\/e218d1cac5f31e7ae4f5876c29c57377","id":{"unicity":"29017"},"weightEach":{"value":0},"servingsPerContainer":0,"servingSize":0},"quantity":1,"terms":{"priceEach":37.29,"taxEach":{"amount":4.47},"discountEach":{"amount":0},"pvEach":23},"quantityLimit":{"quantityQuota":-1,"timeFrameDays":-1,"quantityOrdered":0}}]},"currency":"EUR"},{"lines":{"items":[{"item":{"href":"https:\/\/hydraqa.unicity.net\/v5a-test\/items\/3f2d12d7a0e8551fc99fad3bbe1ba633","id":{"unicity":"26567"},"weightEach":{"value":0},"servingsPerContainer":0,"servingSize":0},"quantity":1,"terms":{"priceEach":55.98,"taxEach":{"amount":6.72},"discountEach":{"amount":0},"pvEach":26},"quantityLimit":{"quantityQuota":-1,"timeFrameDays":-1,"quantityOrdered":0}}]},"currency":"EUR"},{"lines":{"items":[{"item":{"href":"https:\/\/hydraqa.unicity.net\/v5a-test\/items\/191637167cb3144bd2e8c4615e9ab67e","id":{"unicity":"26568"},"weightEach":{"value":0},"servingsPerContainer":0,"servingSize":0},"quantity":1,"terms":{"priceEach":55.98,"taxEach":{"amount":6.72},"discountEach":{"amount":0},"pvEach":26},"quantityLimit":{"quantityQuota":-1,"timeFrameDays":-1,"quantityOrdered":0}}]},"currency":"EUR"},{"lines":{"items":[{"item":{"href":"https:\/\/hydraqa.unicity.net\/v5a-test\/items\/64ec7ad932acafab052a4e8800ad1238","id":{"unicity":"24758"},"weightEach":{"value":0},"servingsPerContainer":0,"servingSize":0},"quantity":1,"terms":{"priceEach":37.29,"taxEach":{"amount":4.47},"discountEach":{"amount":0},"pvEach":23},"quantityLimit":{"quantityQuota":-1,"timeFrameDays":-1,"quantityOrdered":0}}]},"currency":"EUR"},{"lines":{"items":[{"item":{"href":"https:\/\/hydraqa.unicity.net\/v5a-test\/items\/606f7be753c74dfbfe4b107276775140","id":{"unicity":"29821"},"weightEach":{"value":0},"servingsPerContainer":0,"servingSize":0},"quantity":1,"terms":{"priceEach":79.35,"taxEach":{"amount":9.52},"discountEach":{"amount":0},"pvEach":59},"quantityLimit":{"quantityQuota":-1,"timeFrameDays":-1,"quantityOrdered":0}}]},"currency":"EUR"},{"lines":{"items":[{"item":{"href":"https:\/\/hydraqa.unicity.net\/v5a-test\/items\/94939f9be900906d2b47260ccba22a7b","id":{"unicity":"32012"},"weightEach":{"value":0},"servingsPerContainer":0,"servingSize":0},"quantity":1,"terms":{"priceEach":13.93,"taxEach":{"amount":1.67},"discountEach":{"amount":0},"pvEach":6},"quantityLimit":{"quantityQuota":-1,"timeFrameDays":-1,"quantityOrdered":0}}]},"currency":"EUR"},{"lines":{"items":[{"item":{"href":"https:\/\/hydraqa.unicity.net\/v5a-test\/items\/2c4c1abe00983e85aaa918d2ce341491","id":{"unicity":"17174"},"weightEach":{"value":0},"servingsPerContainer":0,"servingSize":0},"quantity":1,"terms":{"priceEach":37.29,"taxEach":{"amount":4.47},"discountEach":{"amount":0},"pvEach":23},"quantityLimit":{"quantityQuota":-1,"timeFrameDays":-1,"quantityOrdered":0}}]},"currency":"EUR"},{"lines":{"items":[{"item":{"href":"https:\/\/hydraqa.unicity.net\/v5a-test\/items\/991cdbb84a495779eb209fb3956a77e4","id":{"unicity":"29183"},"weightEach":{"value":0},"servingsPerContainer":0,"servingSize":0},"quantity":1,"terms":{"priceEach":31.01,"taxEach":{"amount":7.75},"discountEach":{"amount":0},"pvEach":18},"quantityLimit":{"quantityQuota":-1,"timeFrameDays":-1,"quantityOrdered":0}}]},"currency":"EUR"},{"lines":{"items":[{"item":{"href":"https:\/\/hydraqa.unicity.net\/v5a-test\/items\/0e78fbdfebef11cd62f8d2120064ee58","id":{"unicity":"30280"},"weightEach":{"value":0},"servingsPerContainer":0,"servingSize":0},"quantity":1,"terms":{"priceEach":33.53,"taxEach":{"amount":8.38},"discountEach":{"amount":0},"pvEach":20},"quantityLimit":{"quantityQuota":-1,"timeFrameDays":-1,"quantityOrdered":0}}]},"currency":"EUR"},{"lines":{"items":[{"item":{"href":"https:\/\/hydraqa.unicity.net\/v5a-test\/items\/beb900429fbb160dbfc3001c14d96df4","id":{"unicity":"29187"},"weightEach":{"value":0},"servingsPerContainer":0,"servingSize":0},"quantity":1,"terms":{"priceEach":37.73,"taxEach":{"amount":9.43},"discountEach":{"amount":0},"pvEach":24},"quantityLimit":{"quantityQuota":-1,"timeFrameDays":-1,"quantityOrdered":0}}]},"currency":"EUR"},{"lines":{"items":[{"item":{"href":"https:\/\/hydraqa.unicity.net\/v5a-test\/items\/1b0412bea8c0b841c66f65a36aa14108","id":{"unicity":"29191"},"weightEach":{"value":0},"servingsPerContainer":0,"servingSize":0},"quantity":1,"terms":{"priceEach":37.73,"taxEach":{"amount":9.43},"discountEach":{"amount":0},"pvEach":24},"quantityLimit":{"quantityQuota":-1,"timeFrameDays":-1,"quantityOrdered":0}}]},"currency":"EUR"},{"lines":{"items":[{"item":{"href":"https:\/\/hydraqa.unicity.net\/v5a-test\/items\/52c87f74d3b41ed49b0f897b66c2a99b","id":{"unicity":"30684"},"weightEach":{"value":0},"servingsPerContainer":0,"servingSize":0},"quantity":1,"terms":{"priceEach":37.29,"taxEach":{"amount":4.47},"discountEach":{"amount":0},"pvEach":23},"quantityLimit":{"quantityQuota":-1,"timeFrameDays":-1,"quantityOrdered":0}}]},"currency":"EUR"},{"lines":{"items":[{"item":{"href":"https:\/\/hydraqa.unicity.net\/v5a-test\/items\/90f38f77c9e6ea5a71aa7377df83760b","id":{"unicity":"30198"},"weightEach":{"value":0},"servingsPerContainer":0,"servingSize":0},"quantity":1,"terms":{"priceEach":19,"taxEach":{"amount":2.28},"discountEach":{"amount":0},"pvEach":16},"quantityLimit":{"quantityQuota":-1,"timeFrameDays":-1,"quantityOrdered":0}}]},"currency":"EUR"},{"lines":{"items":[{"item":{"href":"https:\/\/hydraqa.unicity.net\/v5a-test\/items\/ab2a2b07b17718843a66bee04ff40624","id":{"unicity":"31402"},"weightEach":{"value":0},"servingsPerContainer":0,"servingSize":0},"quantity":1,"terms":{"priceEach":98.9,"taxEach":{"amount":11.87},"discountEach":{"amount":0},"pvEach":70},"quantityLimit":{"quantityQuota":-1,"timeFrameDays":-1,"quantityOrdered":0}}]},"currency":"EUR"},{"lines":{"items":[{"item":{"href":"https:\/\/hydraqa.unicity.net\/v5a-test\/items\/7e5e7df32701fd44947c8146f2129f7a","id":{"unicity":"31672"},"weightEach":{"value":0},"servingsPerContainer":0,"servingSize":0},"quantity":1,"terms":{"priceEach":74.67,"taxEach":{"amount":8.96},"discountEach":{"amount":0},"pvEach":54},"quantityLimit":{"quantityQuota":-1,"timeFrameDays":-1,"quantityOrdered":0}}]},"currency":"EUR"},{"lines":{"items":[{"item":{"href":"https:\/\/hydraqa.unicity.net\/v5a-test\/items\/493c2ba720f847422eccc5da35024f33","id":{"unicity":"31534"},"weightEach":{"value":0},"servingsPerContainer":0,"servingSize":0},"quantity":1,"terms":{"priceEach":26.07,"taxEach":{"amount":3.13},"discountEach":{"amount":0},"pvEach":16},"quantityLimit":{"quantityQuota":-1,"timeFrameDays":-1,"quantityOrdered":0}}]},"currency":"EUR"},{"lines":{"items":[{"item":{"href":"https:\/\/hydraqa.unicity.net\/v5a-test\/items\/bfddb53fe0d5ed5432c531dc9850cbe4","id":{"unicity":"29449"},"weightEach":{"value":0},"servingsPerContainer":0,"servingSize":0},"quantity":1,"terms":{"priceEach":26.07,"taxEach":{"amount":3.13},"discountEach":{"amount":0},"pvEach":16},"quantityLimit":{"quantityQuota":-1,"timeFrameDays":-1,"quantityOrdered":0}}]},"currency":"EUR"},{"lines":{"items":[{"item":{"href":"https:\/\/hydraqa.unicity.net\/v5a-test\/items\/75b870fdff12be635674216fe88d3204","id":{"unicity":"29984"},"weightEach":{"value":0},"servingsPerContainer":0,"servingSize":0},"quantity":1,"terms":{"priceEach":37.73,"taxEach":{"amount":9.43},"discountEach":{"amount":0},"pvEach":24},"quantityLimit":{"quantityQuota":-1,"timeFrameDays":-1,"quantityOrdered":0}}]},"currency":"EUR"},{"lines":{"items":[{"item":{"href":"https:\/\/hydraqa.unicity.net\/v5a-test\/items\/fbb6dbd577adb73abaec364076fb288f","id":{"unicity":"32087"},"weightEach":{"value":0},"servingsPerContainer":0,"servingSize":0},"quantity":1,"terms":{"priceEach":20.47,"taxEach":{"amount":2.46},"discountEach":{"amount":0},"pvEach":9},"quantityLimit":{"quantityQuota":-1,"timeFrameDays":-1,"quantityOrdered":0}}]},"currency":"EUR"},{"lines":{"items":[{"item":{"href":"https:\/\/hydraqa.unicity.net\/v5a-test\/items\/35dcc0035e442bbe6482f178ec38522c","id":{"unicity":"31868"},"weightEach":{"value":0},"servingsPerContainer":0,"servingSize":0},"quantity":1,"terms":{"priceEach":20.47,"taxEach":{"amount":2.46},"discountEach":{"amount":0},"pvEach":9},"quantityLimit":{"quantityQuota":-1,"timeFrameDays":-1,"quantityOrdered":0}}]},"currency":"EUR"},{"lines":{"items":[{"item":{"href":"https:\/\/hydraqa.unicity.net\/v5a-test\/items\/baa263a2750aa330fbd9e5b96fdb2b55","id":{"unicity":"32609"},"weightEach":{"value":0},"servingsPerContainer":0,"servingSize":0},"quantity":1,"terms":{"priceEach":55.98,"taxEach":{"amount":0},"discountEach":{"amount":0},"pvEach":34},"quantityLimit":{"quantityQuota":-1,"timeFrameDays":-1,"quantityOrdered":0}}]},"currency":"EUR"},{"lines":{"items":[{"item":{"href":"https:\/\/hydraqa.unicity.net\/v5a-test\/items\/1f59b10f0bef99fa20e4b9b0b4efea88","id":{"unicity":"32333"},"weightEach":{"value":0},"servingsPerContainer":0,"servingSize":0},"quantity":1,"terms":{"priceEach":9.16,"taxEach":{"amount":2.29},"discountEach":{"amount":0},"pvEach":0},"quantityLimit":{"quantityQuota":-1,"timeFrameDays":-1,"quantityOrdered":0}}]},"currency":"EUR"},{"lines":{"items":[{"item":{"href":"https:\/\/hydraqa.unicity.net\/v5a-test\/items\/592aef9ec417f4553dc0b62a91a1f5e0","id":{"unicity":"32330"},"weightEach":{"value":0},"servingsPerContainer":0,"servingSize":0},"quantity":1,"terms":{"priceEach":93.36,"taxEach":{"amount":11.2},"discountEach":{"amount":0},"pvEach":55},"quantityLimit":{"quantityQuota":-1,"timeFrameDays":-1,"quantityOrdered":0}}]},"currency":"EUR"}]}
Entry request : {"order":{"customer":{"href":"https://hydraqa.unicity.net/v5a-test/customers?type=Associate"},"shipToAddress":{"country":"SE"}},"vary":{"lines":{"items":[{"item":{"href":"https://hydraqa.unicity.net/v5a-test/items?id.unicity=26297|26372|26373|28939|31162|31163|31164|31242|31243|31244|31763|31951|31952|32128|32129|32130|32132|32133|32134|32135|32136|32137|32138|32125|32699|33092|33094|33093|18511|19941|26422|27156|27158|27166|27222|27224|27617|27660|28601|28604|28805|31772|31777|31780|31781|31782|31779|31932|31778|32553|32556|29317|32126|32127|32755|32756|32967|32968|32965|32966|33097|33095|33098|33096|20750|24274|24418|26442|27150|27575|27587|30825|27395|15880|26560|29017|26567|26568|24758|29821|32012|17174|29183|30280|29187|29191|30684|30198|31402|31672|31534|29449|29984|32087|31868|32609|32333|32330|32693"}}]}}}
Request URL: https://hydraqa.unicity.net/v5a-test/customers.js?callback=angular.callbacks._1&expand=customer,profilePicture&id.unicity=2
Request URL: https://hydraqa.unicity.net/v5a-test/customers.js?_httpMethod=HEAD&callback=angular.callbacks._7&email=DGBVHU@gmail.com
Request URL: https://hydraqa.unicity.net/v5a-test/shippingmethods.js?callback=angular.callbacks._a&destination=SE&market=SE
]]></system-out>
    <system-err><![CDATA[Starting ChromeDriver 2.36.540470 (e522d04694c7ebea4ba8821272dbef4f9b818c91) on port 29739
Only local connections are allowed.
Jun 30, 2020 12:05:04 PM org.openqa.selenium.remote.ProtocolHandshake createSession
INFO: Detected dialect: OSS
]]></system-err>
  </testcase>
  <testcase name="Enroll" classname="Tests.FranchisePartner" time="18.579">
    <failure message="Low footer expected [SELECT YOUR MARKET] but found [VÄLJ DIN MARKNAD]" type="java.lang.AssertionError">java.lang.AssertionError: Low footer expected [SELECT YOUR MARKET] but found [VÄLJ DIN MARKNAD]
	at Tests.FranchisePartner.Enroll(FranchisePartner.java:248)
</failure>
    <system-err><![CDATA[Starting ChromeDriver 2.36.540470 (e522d04694c7ebea4ba8821272dbef4f9b818c91) on port 47484
Only local connections are allowed.
Jun 30, 2020 12:09:23 PM org.openqa.selenium.remote.ProtocolHandshake createSession
INFO: Detected dialect: OSS
]]></system-err>
  </testcase>
  <testcase name="Enroll" classname="Tests.FranchisePartner" time="247.122">
    <failure message="Major Packs expected [[https://hydraqa.unicity.net/v5a-test/items?id.unicity=22605, https://hydraqa.unicity.net/v5a-test/items?id.unicity=32127, https://hydraqa.unicity.net/v5a-test/items?id.unicity=32142]] but found [[https://hydraqa.unicity.net/v5a-test/items?id.unicity=32127, https://hydraqa.unicity.net/v5a-test/items?id.unicity=32142, https://hydraqa.unicity.net/v5a-test/items?id.unicity=32689, https://hydraqa.unicity.net/v5a-test/items?id.unicity=32943]]" type="java.lang.AssertionError">java.lang.AssertionError: Major Packs expected [[https://hydraqa.unicity.net/v5a-test/items?id.unicity=22605, https://hydraqa.unicity.net/v5a-test/items?id.unicity=32127, https://hydraqa.unicity.net/v5a-test/items?id.unicity=32142]] but found [[https://hydraqa.unicity.net/v5a-test/items?id.unicity=32127, https://hydraqa.unicity.net/v5a-test/items?id.unicity=32142, https://hydraqa.unicity.net/v5a-test/items?id.unicity=32689, https://hydraqa.unicity.net/v5a-test/items?id.unicity=32943]]
	at Tests.FranchisePartner.Enroll(FranchisePartner.java:252)
</failure>
    <system-out><![CDATA[Request URL: https://hydraqa.unicity.net/v5a-test/quotes?&expand=item
Entry Quotes response : {"items":[{"lines":{"items":[{"item":{"href":"https:\/\/hydraqa.unicity.net\/v5a-test\/items\/ce9cbecebbd583d0df582da5e1c57ce2","id":{"unicity":"26306"},"weightEach":{"value":0},"servingsPerContainer":0,"servingSize":0},"quantity":1,"terms":{"priceEach":209.76,"taxEach":{"amount":5.24},"discountEach":{"amount":0},"pvEach":143},"quantityLimit":{"quantityQuota":-1,"timeFrameDays":-1,"quantityOrdered":0}}]},"currency":"CHF"},{"lines":{"items":[{"item":{"href":"https:\/\/hydraqa.unicity.net\/v5a-test\/items\/a7bda1cb4a35343e52791aba56debc4a","id":{"unicity":"27617"},"weightEach":{"value":0},"servingsPerContainer":0,"servingSize":0},"quantity":1,"terms":{"priceEach":37.07,"taxEach":{"amount":0.93},"discountEach":{"amount":0},"pvEach":23},"quantityLimit":{"quantityQuota":-1,"timeFrameDays":-1,"quantityOrdered":0}}]},"currency":"CHF"},{"lines":{"items":[{"item":{"href":"https:\/\/hydraqa.unicity.net\/v5a-test\/items\/04614fabe9e2c10ec4968feb09a6cf7e","id":{"unicity":"31400"},"weightEach":{"value":0},"servingsPerContainer":0,"servingSize":0},"quantity":1,"terms":{"priceEach":74.15,"taxEach":{"amount":1.85},"discountEach":{"amount":0},"pvEach":45},"quantityLimit":{"quantityQuota":-1,"timeFrameDays":-1,"quantityOrdered":0}}]},"currency":"CHF"},{"lines":{"items":[{"item":{"href":"https:\/\/hydraqa.unicity.net\/v5a-test\/items\/e9991b48ac639367d526d2b9b22fac8c","id":{"unicity":"32128"},"weightEach":{"value":0},"servingsPerContainer":0,"servingSize":0},"quantity":1,"terms":{"priceEach":472.22,"taxEach":{"amount":11.81},"discountEach":{"amount":0},"pvEach":321},"quantityLimit":{"quantityQuota":-1,"timeFrameDays":-1,"quantityOrdered":0}}]},"currency":"CHF"},{"lines":{"items":[{"item":{"href":"https:\/\/hydraqa.unicity.net\/v5a-test\/items\/40b3312de189221d96d838d33a8ec49d","id":{"unicity":"32129"},"weightEach":{"value":0},"servingsPerContainer":0,"servingSize":0},"quantity":1,"terms":{"priceEach":472.22,"taxEach":{"amount":11.81},"discountEach":{"amount":0},"pvEach":326},"quantityLimit":{"quantityQuota":-1,"timeFrameDays":-1,"quantityOrdered":0}}]},"currency":"CHF"},{"lines":{"items":[{"item":{"href":"https:\/\/hydraqa.unicity.net\/v5a-test\/items\/6bd168a66ce41003a8f30917deff5808","id":{"unicity":"32130"},"weightEach":{"value":0},"servingsPerContainer":0,"servingSize":0},"quantity":1,"terms":{"priceEach":447.82,"taxEach":{"amount":11.2},"discountEach":{"amount":0},"pvEach":304},"quantityLimit":{"quantityQuota":-1,"timeFrameDays":-1,"quantityOrdered":0}}]},"currency":"CHF"},{"lines":{"items":[{"item":{"href":"https:\/\/hydraqa.unicity.net\/v5a-test\/items\/806f99b793edd7cd0b1c158ba0eb3142","id":{"unicity":"32132"},"weightEach":{"value":0},"servingsPerContainer":0,"servingSize":0},"quantity":1,"terms":{"priceEach":451.72,"taxEach":{"amount":11.29},"discountEach":{"amount":0},"pvEach":325},"quantityLimit":{"quantityQuota":-1,"timeFrameDays":-1,"quantityOrdered":0}}]},"currency":"CHF"},{"lines":{"items":[{"item":{"href":"https:\/\/hydraqa.unicity.net\/v5a-test\/items\/e3d382d99fde8659cb146b54116e7654","id":{"unicity":"32133"},"weightEach":{"value":0},"servingsPerContainer":0,"servingSize":0},"quantity":1,"terms":{"priceEach":467.34,"taxEach":{"amount":11.68},"discountEach":{"amount":0},"pvEach":330},"quantityLimit":{"quantityQuota":-1,"timeFrameDays":-1,"quantityOrdered":0}}]},"currency":"CHF"},{"lines":{"items":[{"item":{"href":"https:\/\/hydraqa.unicity.net\/v5a-test\/items\/022f109fe6e5eae3e521295a5cb94c60","id":{"unicity":"32134"},"weightEach":{"value":0},"servingsPerContainer":0,"servingSize":0},"quantity":1,"terms":{"priceEach":177.57,"taxEach":{"amount":4.44},"discountEach":{"amount":0},"pvEach":121},"quantityLimit":{"quantityQuota":-1,"timeFrameDays":-1,"quantityOrdered":0}}]},"currency":"CHF"},{"lines":{"items":[{"item":{"href":"https:\/\/hydraqa.unicity.net\/v5a-test\/items\/ded00960d5e948dd8e511a9c752e1ff9","id":{"unicity":"32135"},"weightEach":{"value":0},"servingsPerContainer":0,"servingSize":0},"quantity":1,"terms":{"priceEach":200,"taxEach":{"amount":5},"discountEach":{"amount":0},"pvEach":153},"quantityLimit":{"quantityQuota":-1,"timeFrameDays":-1,"quantityOrdered":0}}]},"currency":"CHF"},{"lines":{"items":[{"item":{"href":"https:\/\/hydraqa.unicity.net\/v5a-test\/items\/166a69d45c4ae40278554e24d5f40443","id":{"unicity":"32137"},"weightEach":{"value":0},"servingsPerContainer":0,"servingSize":0},"quantity":1,"terms":{"priceEach":207.82,"taxEach":{"amount":5.2},"discountEach":{"amount":0},"pvEach":147},"quantityLimit":{"quantityQuota":-1,"timeFrameDays":-1,"quantityOrdered":0}}]},"currency":"CHF"},{"lines":{"items":[{"item":{"href":"https:\/\/hydraqa.unicity.net\/v5a-test\/items\/d04a0b8762b20202b6273114fb7302d1","id":{"unicity":"32138"},"weightEach":{"value":0},"servingsPerContainer":0,"servingSize":0},"quantity":1,"terms":{"priceEach":281.97,"taxEach":{"amount":7.05},"discountEach":{"amount":0},"pvEach":192},"quantityLimit":{"quantityQuota":-1,"timeFrameDays":-1,"quantityOrdered":0}}]},"currency":"CHF"},{"lines":{"items":[{"item":{"href":"https:\/\/hydraqa.unicity.net\/v5a-test\/items\/e13d0b5c40704ad5dd186959367c97f1","id":{"unicity":"32125"},"weightEach":{"value":0},"servingsPerContainer":0,"servingSize":0},"quantity":1,"terms":{"priceEach":467.35,"taxEach":{"amount":11.68},"discountEach":{"amount":0},"pvEach":309},"quantityLimit":{"quantityQuota":-1,"timeFrameDays":-1,"quantityOrdered":0}}]},"currency":"CHF"},{"lines":{"items":[{"item":{"href":"https:\/\/hydraqa.unicity.net\/v5a-test\/items\/c451532f63a06f0e9a054e946a1a1c3b","id":{"unicity":"18511"},"weightEach":{"value":0},"servingsPerContainer":0,"servingSize":0},"quantity":1,"terms":{"priceEach":47.8,"taxEach":{"amount":1.2},"discountEach":{"amount":0},"pvEach":30},"quantityLimit":{"quantityQuota":-1,"timeFrameDays":-1,"quantityOrdered":0}}]},"currency":"CHF"},{"lines":{"items":[{"item":{"href":"https:\/\/hydraqa.unicity.net\/v5a-test\/items\/4e49c95f12ae7be78e5ffab68b8b3ca6","id":{"unicity":"26422"},"weightEach":{"value":0},"servingsPerContainer":0,"servingSize":0},"quantity":1,"terms":{"priceEach":24.39,"taxEach":{"amount":0.61},"discountEach":{"amount":0},"pvEach":18},"quantityLimit":{"quantityQuota":-1,"timeFrameDays":-1,"quantityOrdered":0}}]},"currency":"CHF"},{"lines":{"items":[{"item":{"href":"https:\/\/hydraqa.unicity.net\/v5a-test\/items\/50e73ecfa509ac20c4a250f9cb32fdfc","id":{"unicity":"27156"},"weightEach":{"value":0},"servingsPerContainer":0,"servingSize":0},"quantity":1,"terms":{"priceEach":24.39,"taxEach":{"amount":0.61},"discountEach":{"amount":0},"pvEach":15},"quantityLimit":{"quantityQuota":-1,"timeFrameDays":-1,"quantityOrdered":0}}]},"currency":"CHF"},{"lines":{"items":[{"item":{"href":"https:\/\/hydraqa.unicity.net\/v5a-test\/items\/d92292ba2f23c030e4a1f63eb3ebe1ce","id":{"unicity":"27158"},"weightEach":{"value":0},"servingsPerContainer":0,"servingSize":0},"quantity":1,"terms":{"priceEach":32.2,"taxEach":{"amount":0.81},"discountEach":{"amount":0},"pvEach":25},"quantityLimit":{"quantityQuota":-1,"timeFrameDays":-1,"quantityOrdered":0}}]},"currency":"CHF"},{"lines":{"items":[{"item":{"href":"https:\/\/hydraqa.unicity.net\/v5a-test\/items\/ac37bf51ff7e4fe860da8457f6ce0425","id":{"unicity":"27166"},"weightEach":{"value":0},"servingsPerContainer":0,"servingSize":0},"quantity":1,"terms":{"priceEach":96.59,"taxEach":{"amount":2.41},"discountEach":{"amount":0},"pvEach":75},"quantityLimit":{"quantityQuota":-1,"timeFrameDays":-1,"quantityOrdered":0}}]},"currency":"CHF"},{"lines":{"items":[{"item":{"href":"https:\/\/hydraqa.unicity.net\/v5a-test\/items\/a36d9fdd0fd7561e6180fb5b2ff27164","id":{"unicity":"27660"},"weightEach":{"value":0},"servingsPerContainer":0,"servingSize":0},"quantity":1,"terms":{"priceEach":39.02,"taxEach":{"amount":0.98},"discountEach":{"amount":0},"pvEach":23},"quantityLimit":{"quantityQuota":-1,"timeFrameDays":-1,"quantityOrdered":0}}]},"currency":"CHF"},{"lines":{"items":[{"item":{"href":"https:\/\/hydraqa.unicity.net\/v5a-test\/items\/fc6a55f19d99547a667b22a83c35ca13","id":{"unicity":"27436"},"weightEach":{"value":0},"servingsPerContainer":0,"servingSize":0},"quantity":1,"terms":{"priceEach":96.59,"taxEach":{"amount":2.41},"discountEach":{"amount":0},"pvEach":70},"quantityLimit":{"quantityQuota":-1,"timeFrameDays":-1,"quantityOrdered":0}}]},"currency":"CHF"},{"lines":{"items":[{"item":{"href":"https:\/\/hydraqa.unicity.net\/v5a-test\/items\/0c0717a26fcfe40310e906487e8a12f7","id":{"unicity":"28601"},"weightEach":{"value":0},"servingsPerContainer":0,"servingSize":0},"quantity":1,"terms":{"priceEach":96.59,"taxEach":{"amount":2.41},"discountEach":{"amount":0},"pvEach":75},"quantityLimit":{"quantityQuota":-1,"timeFrameDays":-1,"quantityOrdered":0}}]},"currency":"CHF"},{"lines":{"items":[{"item":{"href":"https:\/\/hydraqa.unicity.net\/v5a-test\/items\/4790a55c442b5dc75a13b155e78c1842","id":{"unicity":"28604"},"weightEach":{"value":0},"servingsPerContainer":0,"servingSize":0},"quantity":1,"terms":{"priceEach":96.59,"taxEach":{"amount":2.41},"discountEach":{"amount":0},"pvEach":75},"quantityLimit":{"quantityQuota":-1,"timeFrameDays":-1,"quantityOrdered":0}}]},"currency":"CHF"},{"lines":{"items":[{"item":{"href":"https:\/\/hydraqa.unicity.net\/v5a-test\/items\/64ec7ad932acafab052a4e8800ad1238","id":{"unicity":"24758"},"weightEach":{"value":0},"servingsPerContainer":0,"servingSize":0},"quantity":1,"terms":{"priceEach":47.8,"taxEach":{"amount":1.2},"discountEach":{"amount":0},"pvEach":30},"quantityLimit":{"quantityQuota":-1,"timeFrameDays":-1,"quantityOrdered":0}}]},"currency":"CHF"},{"lines":{"items":[{"item":{"href":"https:\/\/hydraqa.unicity.net\/v5a-test\/items\/db0a2b02eaabc5ad45fe91ba5c7bcf5a","id":{"unicity":"31772"},"weightEach":{"value":0},"servingsPerContainer":0,"servingSize":0},"quantity":1,"terms":{"priceEach":12.07,"taxEach":{"amount":0.93},"discountEach":{"amount":0},"pvEach":0},"quantityLimit":{"quantityQuota":-1,"timeFrameDays":-1,"quantityOrdered":0}}]},"currency":"CHF"},{"lines":{"items":[{"item":{"href":"https:\/\/hydraqa.unicity.net\/v5a-test\/items\/34c8c6b0f454da738e64265f08c57a72","id":{"unicity":"31777"},"weightEach":{"value":0},"servingsPerContainer":0,"servingSize":0},"quantity":1,"terms":{"priceEach":6.96,"taxEach":{"amount":0.54},"discountEach":{"amount":0},"pvEach":3},"quantityLimit":{"quantityQuota":-1,"timeFrameDays":-1,"quantityOrdered":0}}]},"currency":"CHF"},{"lines":{"items":[{"item":{"href":"https:\/\/hydraqa.unicity.net\/v5a-test\/items\/fc8583e3bf463b599fdcce05234bc137","id":{"unicity":"31780"},"weightEach":{"value":0},"servingsPerContainer":0,"servingSize":0},"quantity":1,"terms":{"priceEach":9.28,"taxEach":{"amount":0.71},"discountEach":{"amount":0},"pvEach":4},"quantityLimit":{"quantityQuota":-1,"timeFrameDays":-1,"quantityOrdered":0}}]},"currency":"CHF"},{"lines":{"items":[{"item":{"href":"https:\/\/hydraqa.unicity.net\/v5a-test\/items\/7e80331c8c25f515174d3f894283a27c","id":{"unicity":"31781"},"weightEach":{"value":0},"servingsPerContainer":0,"servingSize":0},"quantity":1,"terms":{"priceEach":9.28,"taxEach":{"amount":0.71},"discountEach":{"amount":0},"pvEach":4},"quantityLimit":{"quantityQuota":-1,"timeFrameDays":-1,"quantityOrdered":0}}]},"currency":"CHF"},{"lines":{"items":[{"item":{"href":"https:\/\/hydraqa.unicity.net\/v5a-test\/items\/8d3854b47de8e45d6fcdc194dffff601","id":{"unicity":"31782"},"weightEach":{"value":0},"servingsPerContainer":0,"servingSize":0},"quantity":1,"terms":{"priceEach":13.93,"taxEach":{"amount":1.07},"discountEach":{"amount":0},"pvEach":6},"quantityLimit":{"quantityQuota":-1,"timeFrameDays":-1,"quantityOrdered":0}}]},"currency":"CHF"},{"lines":{"items":[{"item":{"href":"https:\/\/hydraqa.unicity.net\/v5a-test\/items\/04516be30bd9bf93e01536e7fc8f8716","id":{"unicity":"31779"},"weightEach":{"value":0},"servingsPerContainer":0,"servingSize":0},"quantity":1,"terms":{"priceEach":11.14,"taxEach":{"amount":0.86},"discountEach":{"amount":0},"pvEach":5},"quantityLimit":{"quantityQuota":-1,"timeFrameDays":-1,"quantityOrdered":0}}]},"currency":"CHF"},{"lines":{"items":[{"item":{"href":"https:\/\/hydraqa.unicity.net\/v5a-test\/items\/d7e1dd4b19a8672aed99e591356c0d48","id":{"unicity":"31932"},"weightEach":{"value":0},"servingsPerContainer":0,"servingSize":0},"quantity":1,"terms":{"priceEach":6.96,"taxEach":{"amount":0.54},"discountEach":{"amount":0},"pvEach":3},"quantityLimit":{"quantityQuota":-1,"timeFrameDays":-1,"quantityOrdered":0}}]},"currency":"CHF"},{"lines":{"items":[{"item":{"href":"https:\/\/hydraqa.unicity.net\/v5a-test\/items\/1aa00306dc0006d365acd7436548f2e6","id":{"unicity":"31778"},"weightEach":{"value":0},"servingsPerContainer":0,"servingSize":0},"quantity":1,"terms":{"priceEach":13.93,"taxEach":{"amount":1.07},"discountEach":{"amount":0},"pvEach":6},"quantityLimit":{"quantityQuota":-1,"timeFrameDays":-1,"quantityOrdered":0}}]},"currency":"CHF"},{"lines":{"items":[{"item":{"href":"https:\/\/hydraqa.unicity.net\/v5a-test\/items\/881451fd39a6a3113e33935db22da7ae","id":{"unicity":"32553"},"weightEach":{"value":0},"servingsPerContainer":0,"servingSize":0},"quantity":1,"terms":{"priceEach":2.79,"taxEach":{"amount":0.21},"discountEach":{"amount":0},"pvEach":0},"quantityLimit":{"quantityQuota":-1,"timeFrameDays":-1,"quantityOrdered":0}}]},"currency":"CHF"},{"lines":{"items":[{"item":{"href":"https:\/\/hydraqa.unicity.net\/v5a-test\/items\/4fc6de0cb7817f39a836ff08609b8539","id":{"unicity":"32556"},"weightEach":{"value":0},"servingsPerContainer":0,"servingSize":0},"quantity":1,"terms":{"priceEach":2.79,"taxEach":{"amount":0.21},"discountEach":{"amount":0},"pvEach":0},"quantityLimit":{"quantityQuota":-1,"timeFrameDays":-1,"quantityOrdered":0}}]},"currency":"CHF"},{"lines":{"items":[{"item":{"href":"https:\/\/hydraqa.unicity.net\/v5a-test\/items\/a85cc4a606716ce7b10b8bd76dca368f","id":{"unicity":"22605"},"weightEach":{"value":0},"servingsPerContainer":0,"servingSize":0},"quantity":1,"terms":{"priceEach":37.14,"taxEach":{"amount":2.86},"discountEach":{"amount":0},"pvEach":0},"quantityLimit":{"quantityQuota":-1,"timeFrameDays":-1,"quantityOrdered":0}}]},"currency":"CHF"},{"lines":{"items":[{"item":{"href":"https:\/\/hydraqa.unicity.net\/v5a-test\/items\/2262fdd5af916c31df08089c191735c1","id":{"unicity":"29317"},"weightEach":{"value":0},"servingsPerContainer":0,"servingSize":0},"quantity":1,"terms":{"priceEach":26.93,"taxEach":{"amount":2.07},"discountEach":{"amount":0},"pvEach":0},"quantityLimit":{"quantityQuota":-1,"timeFrameDays":-1,"quantityOrdered":0}}]},"currency":"CHF"},{"lines":{"items":[{"item":{"href":"https:\/\/hydraqa.unicity.net\/v5a-test\/items\/34c53e6d4cce0f8a72327d86c3ef04cb","id":{"unicity":"30103"},"weightEach":{"value":0},"servingsPerContainer":0,"servingSize":0},"quantity":1,"terms":{"priceEach":37.14,"taxEach":{"amount":2.86},"discountEach":{"amount":0},"pvEach":0},"quantityLimit":{"quantityQuota":-1,"timeFrameDays":-1,"quantityOrdered":0}}]},"currency":"CHF"},{"lines":{"items":[{"item":{"href":"https:\/\/hydraqa.unicity.net\/v5a-test\/items\/217ca02fbd24e21ca5281412756238ab","id":{"unicity":"32126"},"weightEach":{"value":0},"servingsPerContainer":0,"servingSize":0},"quantity":1,"terms":{"priceEach":184.39,"taxEach":{"amount":4.61},"discountEach":{"amount":0},"pvEach":121},"quantityLimit":{"quantityQuota":-1,"timeFrameDays":-1,"quantityOrdered":0}}]},"currency":"CHF"},{"lines":{"items":[{"item":{"href":"https:\/\/hydraqa.unicity.net\/v5a-test\/items\/808008a0657d2033ad471c39bbce9891","id":{"unicity":"32127"},"weightEach":{"value":0},"servingsPerContainer":0,"servingSize":0},"quantity":1,"terms":{"priceEach":212.68,"taxEach":{"amount":5.32},"discountEach":{"amount":0},"pvEach":153},"quantityLimit":{"quantityQuota":-1,"timeFrameDays":-1,"quantityOrdered":0}}]},"currency":"CHF"},{"lines":{"items":[{"item":{"href":"https:\/\/hydraqa.unicity.net\/v5a-test\/items\/2f1d0aa90494ae2e08035922c701f968","id":{"unicity":"29832"},"weightEach":{"value":0},"servingsPerContainer":0,"servingSize":0},"quantity":1,"terms":{"priceEach":54,"taxEach":{"amount":1.35},"discountEach":{"amount":0},"pvEach":42},"quantityLimit":{"quantityQuota":-1,"timeFrameDays":-1,"quantityOrdered":0}}]},"currency":"CHF"},{"lines":{"items":[{"item":{"href":"https:\/\/hydraqa.unicity.net\/v5a-test\/items\/10df0fc3509b53cbeaeb9476ca92d520","id":{"unicity":"29833"},"weightEach":{"value":0},"servingsPerContainer":0,"servingSize":0},"quantity":1,"terms":{"priceEach":108.29,"taxEach":{"amount":2.71},"discountEach":{"amount":0},"pvEach":82},"quantityLimit":{"quantityQuota":-1,"timeFrameDays":-1,"quantityOrdered":0}}]},"currency":"CHF"},{"lines":{"items":[{"item":{"href":"https:\/\/hydraqa.unicity.net\/v5a-test\/items\/a8dde31141ab8a13c032a00e7baa99cb","id":{"unicity":"30286"},"weightEach":{"value":0},"servingsPerContainer":0,"servingSize":0},"quantity":1,"terms":{"priceEach":153.17,"taxEach":{"amount":3.83},"discountEach":{"amount":0},"pvEach":107},"quantityLimit":{"quantityQuota":-1,"timeFrameDays":-1,"quantityOrdered":0}}]},"currency":"CHF"},{"lines":{"items":[{"item":{"href":"https:\/\/hydraqa.unicity.net\/v5a-test\/items\/a92d4960492e2073278fc0e8bc2af366","id":{"unicity":"31740"},"weightEach":{"value":0},"servingsPerContainer":0,"servingSize":0},"quantity":1,"terms":{"priceEach":319.95,"taxEach":{"amount":8},"discountEach":{"amount":0},"pvEach":246},"quantityLimit":{"quantityQuota":-1,"timeFrameDays":-1,"quantityOrdered":0}}]},"currency":"CHF"},{"lines":{"items":[{"item":{"href":"https:\/\/hydraqa.unicity.net\/v5a-test\/items\/22bcf973992a4b675adc842abb433e1a","id":{"unicity":"32140"},"weightEach":{"value":0},"servingsPerContainer":0,"servingSize":0},"quantity":1,"terms":{"priceEach":341.46,"taxEach":{"amount":8.54},"discountEach":{"amount":0},"pvEach":252},"quantityLimit":{"quantityQuota":-1,"timeFrameDays":-1,"quantityOrdered":0}}]},"currency":"CHF"},{"lines":{"items":[{"item":{"href":"https:\/\/hydraqa.unicity.net\/v5a-test\/items\/fc5edcf55b7c5c1a614dba71c684da38","id":{"unicity":"32141"},"weightEach":{"value":0},"servingsPerContainer":0,"servingSize":0},"quantity":1,"terms":{"priceEach":386.34,"taxEach":{"amount":9.66},"discountEach":{"amount":0},"pvEach":300},"quantityLimit":{"quantityQuota":-1,"timeFrameDays":-1,"quantityOrdered":0}}]},"currency":"CHF"},{"lines":{"items":[{"item":{"href":"https:\/\/hydraqa.unicity.net\/v5a-test\/items\/2482022792c4e0620583120981373ca1","id":{"unicity":"32148"},"weightEach":{"value":0},"servingsPerContainer":0,"servingSize":0},"quantity":1,"terms":{"priceEach":380.49,"taxEach":{"amount":9.51},"discountEach":{"amount":0},"pvEach":269},"quantityLimit":{"quantityQuota":-1,"timeFrameDays":-1,"quantityOrdered":0}}]},"currency":"CHF"},{"lines":{"items":[{"item":{"href":"https:\/\/hydraqa.unicity.net\/v5a-test\/items\/148f1e203cf006e83ed482843cbd3a5c","id":{"unicity":"32149"},"weightEach":{"value":0},"servingsPerContainer":0,"servingSize":0},"quantity":1,"terms":{"priceEach":373.66,"taxEach":{"amount":9.34},"discountEach":{"amount":0},"pvEach":266},"quantityLimit":{"quantityQuota":-1,"timeFrameDays":-1,"quantityOrdered":0}}]},"currency":"CHF"},{"lines":{"items":[{"item":{"href":"https:\/\/hydraqa.unicity.net\/v5a-test\/items\/c43d0c38e09dbbf94408a662cd23dfa0","id":{"unicity":"32144"},"weightEach":{"value":0},"servingsPerContainer":0,"servingSize":0},"quantity":1,"terms":{"priceEach":663.41,"taxEach":{"amount":16.59},"discountEach":{"amount":0},"pvEach":500},"quantityLimit":{"quantityQuota":-1,"timeFrameDays":-1,"quantityOrdered":0}}]},"currency":"CHF"},{"lines":{"items":[{"item":{"href":"https:\/\/hydraqa.unicity.net\/v5a-test\/items\/e931a471e0a518f071b09ab5479f0ba6","id":{"unicity":"32146"},"weightEach":{"value":0},"servingsPerContainer":0,"servingSize":0},"quantity":1,"terms":{"priceEach":710.24,"taxEach":{"amount":17.76},"discountEach":{"amount":0},"pvEach":508},"quantityLimit":{"quantityQuota":-1,"timeFrameDays":-1,"quantityOrdered":0}}]},"currency":"CHF"},{"lines":{"items":[{"item":{"href":"https:\/\/hydraqa.unicity.net\/v5a-test\/items\/337651da22c0ffaf01f33af882636ea6","id":{"unicity":"32142"},"weightEach":{"value":0},"servingsPerContainer":0,"servingSize":0},"quantity":1,"terms":{"priceEach":714.15,"taxEach":{"amount":17.85},"discountEach":{"amount":0},"pvEach":502},"quantityLimit":{"quantityQuota":-1,"timeFrameDays":-1,"quantityOrdered":0}}]},"currency":"CHF"},{"lines":{"items":[{"item":{"href":"https:\/\/hydraqa.unicity.net\/v5a-test\/items\/fd906afd8b19d76e7cbef9a8aec7484a","id":{"unicity":"32145"},"weightEach":{"value":0},"servingsPerContainer":0,"servingSize":0},"quantity":1,"terms":{"priceEach":1381.46,"taxEach":{"amount":34.54},"discountEach":{"amount":0},"pvEach":1038},"quantityLimit":{"quantityQuota":-1,"timeFrameDays":-1,"quantityOrdered":0}}]},"currency":"CHF"},{"lines":{"items":[{"item":{"href":"https:\/\/hydraqa.unicity.net\/v5a-test\/items\/feb92dd34cb5c38490043c2c9808e546","id":{"unicity":"32147"},"weightEach":{"value":0},"servingsPerContainer":0,"servingSize":0},"quantity":1,"terms":{"priceEach":1420.49,"taxEach":{"amount":35.51},"discountEach":{"amount":0},"pvEach":1016},"quantityLimit":{"quantityQuota":-1,"timeFrameDays":-1,"quantityOrdered":0}}]},"currency":"CHF"},{"lines":{"items":[{"item":{"href":"https:\/\/hydraqa.unicity.net\/v5a-test\/items\/03a49a6a2def2af96f0da8ba279b0f4f","id":{"unicity":"32143"},"weightEach":{"value":0},"servingsPerContainer":0,"servingSize":0},"quantity":1,"terms":{"priceEach":1428.29,"taxEach":{"amount":35.71},"discountEach":{"amount":0},"pvEach":1004},"quantityLimit":{"quantityQuota":-1,"timeFrameDays":-1,"quantityOrdered":0}}]},"currency":"CHF"},{"lines":{"items":[{"item":{"href":"https:\/\/hydraqa.unicity.net\/v5a-test\/items\/332daeac6796ed016ea8b7d0bc42c2d4","id":{"unicity":"24274"},"weightEach":{"value":0},"servingsPerContainer":0,"servingSize":0},"quantity":1,"terms":{"priceEach":9.29,"taxEach":{"amount":0.72},"discountEach":{"amount":0},"pvEach":0},"quantityLimit":{"quantityQuota":-1,"timeFrameDays":-1,"quantityOrdered":0}}]},"currency":"CHF"},{"lines":{"items":[{"item":{"href":"https:\/\/hydraqa.unicity.net\/v5a-test\/items\/1945faa1776541d53120ecfe3c1d8a2b","id":{"unicity":"24418"},"weightEach":{"value":0},"servingsPerContainer":0,"servingSize":0},"quantity":1,"terms":{"priceEach":5.57,"taxEach":{"amount":0.43},"discountEach":{"amount":0},"pvEach":0},"quantityLimit":{"quantityQuota":-1,"timeFrameDays":-1,"quantityOrdered":0}}]},"currency":"CHF"},{"lines":{"items":[{"item":{"href":"https:\/\/hydraqa.unicity.net\/v5a-test\/items\/10da226fab00279b4f89df10af2a10b7","id":{"unicity":"26442"},"weightEach":{"value":0},"servingsPerContainer":0,"servingSize":0},"quantity":1,"terms":{"priceEach":7.43,"taxEach":{"amount":0.57},"discountEach":{"amount":0},"pvEach":0},"quantityLimit":{"quantityQuota":-1,"timeFrameDays":-1,"quantityOrdered":0}}]},"currency":"CHF"},{"lines":{"items":[{"item":{"href":"https:\/\/hydraqa.unicity.net\/v5a-test\/items\/5147f8cfe32548e02fc158d4da9c4d6f","id":{"unicity":"27150"},"weightEach":{"value":0},"servingsPerContainer":0,"servingSize":0},"quantity":1,"terms":{"priceEach":111.22,"taxEach":{"amount":2.78},"discountEach":{"amount":0},"pvEach":80},"quantityLimit":{"quantityQuota":-1,"timeFrameDays":-1,"quantityOrdered":0}}]},"currency":"CHF"},{"lines":{"items":[{"item":{"href":"https:\/\/hydraqa.unicity.net\/v5a-test\/items\/03eba2365025ccd85818846a83a16f47","id":{"unicity":"27163"},"weightEach":{"value":0},"servingsPerContainer":0,"servingSize":0},"quantity":1,"terms":{"priceEach":96.59,"taxEach":{"amount":2.41},"discountEach":{"amount":0},"pvEach":75},"quantityLimit":{"quantityQuota":-1,"timeFrameDays":-1,"quantityOrdered":0}}]},"currency":"CHF"},{"lines":{"items":[{"item":{"href":"https:\/\/hydraqa.unicity.net\/v5a-test\/items\/112b8c39286598b3730f630f371a45f4","id":{"unicity":"27587"},"weightEach":{"value":0},"servingsPerContainer":0,"servingSize":0},"quantity":1,"terms":{"priceEach":74.15,"taxEach":{"amount":1.85},"discountEach":{"amount":0},"pvEach":45},"quantityLimit":{"quantityQuota":-1,"timeFrameDays":-1,"quantityOrdered":0}}]},"currency":"CHF"},{"lines":{"items":[{"item":{"href":"https:\/\/hydraqa.unicity.net\/v5a-test\/items\/0eebdede5bdb8bf4d71e800b6f3cead1","id":{"unicity":"30825"},"weightEach":{"value":0},"servingsPerContainer":0,"servingSize":0},"quantity":1,"terms":{"priceEach":47.8,"taxEach":{"amount":1.2},"discountEach":{"amount":0},"pvEach":30},"quantityLimit":{"quantityQuota":-1,"timeFrameDays":-1,"quantityOrdered":0}}]},"currency":"CHF"},{"lines":{"items":[{"item":{"href":"https:\/\/hydraqa.unicity.net\/v5a-test\/items\/024e696f8b44a1d315006e676604cd31","id":{"unicity":"27395"},"weightEach":{"value":0},"servingsPerContainer":0,"servingSize":0},"quantity":1,"terms":{"priceEach":37.07,"taxEach":{"amount":0.93},"discountEach":{"amount":0},"pvEach":23},"quantityLimit":{"quantityQuota":-1,"timeFrameDays":-1,"quantityOrdered":0}}]},"currency":"CHF"},{"lines":{"items":[{"item":{"href":"https:\/\/hydraqa.unicity.net\/v5a-test\/items\/4b2034f47fce90b87bba28c5c2d7c25d","id":{"unicity":"15880"},"weightEach":{"value":0},"servingsPerContainer":0,"servingSize":0},"quantity":1,"terms":{"priceEach":62.44,"taxEach":{"amount":1.56},"discountEach":{"amount":0},"pvEach":40},"quantityLimit":{"quantityQuota":-1,"timeFrameDays":-1,"quantityOrdered":0}}]},"currency":"CHF"},{"lines":{"items":[{"item":{"href":"https:\/\/hydraqa.unicity.net\/v5a-test\/items\/398d06b858b960f6f38086d40608aef2","id":{"unicity":"26560"},"weightEach":{"value":0},"servingsPerContainer":0,"servingSize":0},"quantity":1,"terms":{"priceEach":24.39,"taxEach":{"amount":0.61},"discountEach":{"amount":0},"pvEach":15},"quantityLimit":{"quantityQuota":-1,"timeFrameDays":-1,"quantityOrdered":0}}]},"currency":"CHF"},{"lines":{"items":[{"item":{"href":"https:\/\/hydraqa.unicity.net\/v5a-test\/items\/e218d1cac5f31e7ae4f5876c29c57377","id":{"unicity":"29017"},"weightEach":{"value":0},"servingsPerContainer":0,"servingSize":0},"quantity":1,"terms":{"priceEach":34.15,"taxEach":{"amount":0.85},"discountEach":{"amount":0},"pvEach":21},"quantityLimit":{"quantityQuota":-1,"timeFrameDays":-1,"quantityOrdered":0}}]},"currency":"CHF"},{"lines":{"items":[{"item":{"href":"https:\/\/hydraqa.unicity.net\/v5a-test\/items\/3f2d12d7a0e8551fc99fad3bbe1ba633","id":{"unicity":"26567"},"weightEach":{"value":0},"servingsPerContainer":0,"servingSize":0},"quantity":1,"terms":{"priceEach":73.17,"taxEach":{"amount":1.83},"discountEach":{"amount":0},"pvEach":38},"quantityLimit":{"quantityQuota":-1,"timeFrameDays":-1,"quantityOrdered":0}}]},"currency":"CHF"},{"lines":{"items":[{"item":{"href":"https:\/\/hydraqa.unicity.net\/v5a-test\/items\/191637167cb3144bd2e8c4615e9ab67e","id":{"unicity":"26568"},"weightEach":{"value":0},"servingsPerContainer":0,"servingSize":0},"quantity":1,"terms":{"priceEach":73.17,"taxEach":{"amount":1.83},"discountEach":{"amount":0},"pvEach":38},"quantityLimit":{"quantityQuota":-1,"timeFrameDays":-1,"quantityOrdered":0}}]},"currency":"CHF"},{"lines":{"items":[{"item":{"href":"https:\/\/hydraqa.unicity.net\/v5a-test\/items\/606f7be753c74dfbfe4b107276775140","id":{"unicity":"29821"},"weightEach":{"value":0},"servingsPerContainer":0,"servingSize":0},"quantity":1,"terms":{"priceEach":103.41,"taxEach":{"amount":2.59},"discountEach":{"amount":0},"pvEach":78},"quantityLimit":{"quantityQuota":-1,"timeFrameDays":-1,"quantityOrdered":0}}]},"currency":"CHF"},{"lines":{"items":[{"item":{"href":"https:\/\/hydraqa.unicity.net\/v5a-test\/items\/94939f9be900906d2b47260ccba22a7b","id":{"unicity":"32012"},"weightEach":{"value":0},"servingsPerContainer":0,"servingSize":0},"quantity":1,"terms":{"priceEach":18.54,"taxEach":{"amount":0.46},"discountEach":{"amount":0},"pvEach":8},"quantityLimit":{"quantityQuota":-1,"timeFrameDays":-1,"quantityOrdered":0}}]},"currency":"CHF"},{"lines":{"items":[{"item":{"href":"https:\/\/hydraqa.unicity.net\/v5a-test\/items\/2c4c1abe00983e85aaa918d2ce341491","id":{"unicity":"17174"},"weightEach":{"value":0},"servingsPerContainer":0,"servingSize":0},"quantity":1,"terms":{"priceEach":47.8,"taxEach":{"amount":1.2},"discountEach":{"amount":0},"pvEach":30},"quantityLimit":{"quantityQuota":-1,"timeFrameDays":-1,"quantityOrdered":0}}]},"currency":"CHF"},{"lines":{"items":[{"item":{"href":"https:\/\/hydraqa.unicity.net\/v5a-test\/items\/991cdbb84a495779eb209fb3956a77e4","id":{"unicity":"29183"},"weightEach":{"value":0},"servingsPerContainer":0,"servingSize":0},"quantity":1,"terms":{"priceEach":39,"taxEach":{"amount":3},"discountEach":{"amount":0},"pvEach":22},"quantityLimit":{"quantityQuota":-1,"timeFrameDays":-1,"quantityOrdered":0}}]},"currency":"CHF"},{"lines":{"items":[{"item":{"href":"https:\/\/hydraqa.unicity.net\/v5a-test\/items\/0e78fbdfebef11cd62f8d2120064ee58","id":{"unicity":"30280"},"weightEach":{"value":0},"servingsPerContainer":0,"servingSize":0},"quantity":1,"terms":{"priceEach":45.5,"taxEach":{"amount":3.5},"discountEach":{"amount":0},"pvEach":25},"quantityLimit":{"quantityQuota":-1,"timeFrameDays":-1,"quantityOrdered":0}}]},"currency":"CHF"},{"lines":{"items":[{"item":{"href":"https:\/\/hydraqa.unicity.net\/v5a-test\/items\/beb900429fbb160dbfc3001c14d96df4","id":{"unicity":"29187"},"weightEach":{"value":0},"servingsPerContainer":0,"servingSize":0},"quantity":1,"terms":{"priceEach":52,"taxEach":{"amount":4},"discountEach":{"amount":0},"pvEach":30},"quantityLimit":{"quantityQuota":-1,"timeFrameDays":-1,"quantityOrdered":0}}]},"currency":"CHF"},{"lines":{"items":[{"item":{"href":"https:\/\/hydraqa.unicity.net\/v5a-test\/items\/1b0412bea8c0b841c66f65a36aa14108","id":{"unicity":"29191"},"weightEach":{"value":0},"servingsPerContainer":0,"servingSize":0},"quantity":1,"terms":{"priceEach":52,"taxEach":{"amount":4},"discountEach":{"amount":0},"pvEach":30},"quantityLimit":{"quantityQuota":-1,"timeFrameDays":-1,"quantityOrdered":0}}]},"currency":"CHF"},{"lines":{"items":[{"item":{"href":"https:\/\/hydraqa.unicity.net\/v5a-test\/items\/52c87f74d3b41ed49b0f897b66c2a99b","id":{"unicity":"30684"},"weightEach":{"value":0},"servingsPerContainer":0,"servingSize":0},"quantity":1,"terms":{"priceEach":47.8,"taxEach":{"amount":1.2},"discountEach":{"amount":0},"pvEach":30},"quantityLimit":{"quantityQuota":-1,"timeFrameDays":-1,"quantityOrdered":0}}]},"currency":"CHF"},{"lines":{"items":[{"item":{"href":"https:\/\/hydraqa.unicity.net\/v5a-test\/items\/ab2a2b07b17718843a66bee04ff40624","id":{"unicity":"31402"},"weightEach":{"value":0},"servingsPerContainer":0,"servingSize":0},"quantity":1,"terms":{"priceEach":117.07,"taxEach":{"amount":2.93},"discountEach":{"amount":0},"pvEach":85},"quantityLimit":{"quantityQuota":-1,"timeFrameDays":-1,"quantityOrdered":0}}]},"currency":"CHF"},{"lines":{"items":[{"item":{"href":"https:\/\/hydraqa.unicity.net\/v5a-test\/items\/7e5e7df32701fd44947c8146f2129f7a","id":{"unicity":"31672"},"weightEach":{"value":0},"servingsPerContainer":0,"servingSize":0},"quantity":1,"terms":{"priceEach":96.59,"taxEach":{"amount":2.41},"discountEach":{"amount":0},"pvEach":75},"quantityLimit":{"quantityQuota":-1,"timeFrameDays":-1,"quantityOrdered":0}}]},"currency":"CHF"},{"lines":{"items":[{"item":{"href":"https:\/\/hydraqa.unicity.net\/v5a-test\/items\/493c2ba720f847422eccc5da35024f33","id":{"unicity":"31534"},"weightEach":{"value":0},"servingsPerContainer":0,"servingSize":0},"quantity":1,"terms":{"priceEach":29.27,"taxEach":{"amount":0.73},"discountEach":{"amount":0},"pvEach":18},"quantityLimit":{"quantityQuota":-1,"timeFrameDays":-1,"quantityOrdered":0}}]},"currency":"CHF"},{"lines":{"items":[{"item":{"href":"https:\/\/hydraqa.unicity.net\/v5a-test\/items\/bfddb53fe0d5ed5432c531dc9850cbe4","id":{"unicity":"29449"},"weightEach":{"value":0},"servingsPerContainer":0,"servingSize":0},"quantity":1,"terms":{"priceEach":29.27,"taxEach":{"amount":0.73},"discountEach":{"amount":0},"pvEach":18},"quantityLimit":{"quantityQuota":-1,"timeFrameDays":-1,"quantityOrdered":0}}]},"currency":"CHF"},{"lines":{"items":[{"item":{"href":"https:\/\/hydraqa.unicity.net\/v5a-test\/items\/75b870fdff12be635674216fe88d3204","id":{"unicity":"29984"},"weightEach":{"value":0},"servingsPerContainer":0,"servingSize":0},"quantity":1,"terms":{"priceEach":52,"taxEach":{"amount":4},"discountEach":{"amount":0},"pvEach":30},"quantityLimit":{"quantityQuota":-1,"timeFrameDays":-1,"quantityOrdered":0}}]},"currency":"CHF"},{"lines":{"items":[{"item":{"href":"https:\/\/hydraqa.unicity.net\/v5a-test\/items\/fbb6dbd577adb73abaec364076fb288f","id":{"unicity":"32087"},"weightEach":{"value":0},"servingsPerContainer":0,"servingSize":0},"quantity":1,"terms":{"priceEach":25.37,"taxEach":{"amount":0.63},"discountEach":{"amount":0},"pvEach":11},"quantityLimit":{"quantityQuota":-1,"timeFrameDays":-1,"quantityOrdered":0}}]},"currency":"CHF"},{"lines":{"items":[{"item":{"href":"https:\/\/hydraqa.unicity.net\/v5a-test\/items\/35dcc0035e442bbe6482f178ec38522c","id":{"unicity":"31868"},"weightEach":{"value":0},"servingsPerContainer":0,"servingSize":0},"quantity":1,"terms":{"priceEach":25.37,"taxEach":{"amount":0.63},"discountEach":{"amount":0},"pvEach":11},"quantityLimit":{"quantityQuota":-1,"timeFrameDays":-1,"quantityOrdered":0}}]},"currency":"CHF"},{"lines":{"items":[{"item":{"href":"https:\/\/hydraqa.unicity.net\/v5a-test\/items\/baa263a2750aa330fbd9e5b96fdb2b55","id":{"unicity":"32609"},"weightEach":{"value":0},"servingsPerContainer":0,"servingSize":0},"quantity":1,"terms":{"priceEach":74.15,"taxEach":{"amount":1.85},"discountEach":{"amount":0},"pvEach":45},"quantityLimit":{"quantityQuota":-1,"timeFrameDays":-1,"quantityOrdered":0}}]},"currency":"CHF"},{"lines":{"items":[{"item":{"href":"https:\/\/hydraqa.unicity.net\/v5a-test\/items\/1f59b10f0bef99fa20e4b9b0b4efea88","id":{"unicity":"32333"},"weightEach":{"value":0},"servingsPerContainer":0,"servingSize":0},"quantity":1,"terms":{"priceEach":13,"taxEach":{"amount":1},"discountEach":{"amount":0},"pvEach":0},"quantityLimit":{"quantityQuota":-1,"timeFrameDays":-1,"quantityOrdered":0}}]},"currency":"CHF"},{"lines":{"items":[{"item":{"href":"https:\/\/hydraqa.unicity.net\/v5a-test\/items\/592aef9ec417f4553dc0b62a91a1f5e0","id":{"unicity":"32330"},"weightEach":{"value":0},"servingsPerContainer":0,"servingSize":0},"quantity":1,"terms":{"priceEach":116.1,"taxEach":{"amount":2.9},"discountEach":{"amount":0},"pvEach":70},"quantityLimit":{"quantityQuota":-1,"timeFrameDays":-1,"quantityOrdered":0}}]},"currency":"CHF"}]}
Entry request : {"order":{"customer":{"href":"https://hydraqa.unicity.net/v5a-test/customers?type=Associate"},"shipToAddress":{"country":"CH"}},"vary":{"lines":{"items":[{"item":{"href":"https://hydraqa.unicity.net/v5a-test/items?id.unicity=26306|27617|31763|31400|31951|31952|32128|32129|32130|32132|32133|32134|32135|32137|32138|32125|18511|26422|27156|27158|27166|27660|27436|28601|28604|24758|31772|31777|31780|31781|31782|31779|31932|31778|32553|32556|22605|29317|30103|32126|32127|29832|29833|30286|31740|32140|32141|32148|32149|32144|32756|32967|32968|32965|32966|32146|32142|32145|32147|32143|23989|24274|24418|26442|27150|27163|27587|30825|27395|15880|26560|29017|26567|26568|29821|32012|17174|29183|30280|29187|29191|30684|31402|31672|31534|29449|29984|32087|31868|32609|32333|32755|32330|32693"}}]}}}
Request URL: https://hydraqa.unicity.net/v5a-test/customers.js?callback=angular.callbacks._1&expand=customer,profilePicture&id.unicity=2
Request URL: https://hydraqa.unicity.net/v5a-test/customers.js?_httpMethod=HEAD&callback=angular.callbacks._7&email=ETCLFQ@gmail.com
Request URL: https://hydraqa.unicity.net/v5a-test/shippingmethods.js?callback=angular.callbacks._a&destination=CH&market=CH
]]></system-out>
    <system-err><![CDATA[Starting ChromeDriver 2.36.540470 (e522d04694c7ebea4ba8821272dbef4f9b818c91) on port 21065
Only local connections are allowed.
Jun 30, 2020 12:09:49 PM org.openqa.selenium.remote.ProtocolHandshake createSession
INFO: Detected dialect: OSS
]]></system-err>
  </testcase>
  <testcase name="Enroll" classname="Tests.FranchisePartner" time="261.375">
    <failure message="Major Packs expected [[https://hydraqa.unicity.net/v5a-test/items?id.unicity=29317, https://hydraqa.unicity.net/v5a-test/items?id.unicity=32127, https://hydraqa.unicity.net/v5a-test/items?id.unicity=32142]] but found [[https://hydraqa.unicity.net/v5a-test/items?id.unicity=32127, https://hydraqa.unicity.net/v5a-test/items?id.unicity=32142, https://hydraqa.unicity.net/v5a-test/items?id.unicity=32689, https://hydraqa.unicity.net/v5a-test/items?id.unicity=32942]]" type="java.lang.AssertionError">java.lang.AssertionError: Major Packs expected [[https://hydraqa.unicity.net/v5a-test/items?id.unicity=29317, https://hydraqa.unicity.net/v5a-test/items?id.unicity=32127, https://hydraqa.unicity.net/v5a-test/items?id.unicity=32142]] but found [[https://hydraqa.unicity.net/v5a-test/items?id.unicity=32127, https://hydraqa.unicity.net/v5a-test/items?id.unicity=32142, https://hydraqa.unicity.net/v5a-test/items?id.unicity=32689, https://hydraqa.unicity.net/v5a-test/items?id.unicity=32942]]
	at Tests.FranchisePartner.Enroll(FranchisePartner.java:252)
</failure>
    <system-out><![CDATA[Request URL: https://hydraqa.unicity.net/v5a-test/quotes?&expand=item
Entry Quotes response : {"items":[{"lines":{"items":[{"item":{"href":"https:\/\/hydraqa.unicity.net\/v5a-test\/items\/ce9cbecebbd583d0df582da5e1c57ce2","id":{"unicity":"26306"},"weightEach":{"value":0},"servingsPerContainer":0,"servingSize":0},"quantity":1,"terms":{"priceEach":209.76,"taxEach":{"amount":5.24},"discountEach":{"amount":0},"pvEach":143},"quantityLimit":{"quantityQuota":-1,"timeFrameDays":-1,"quantityOrdered":0}}]},"currency":"CHF"},{"lines":{"items":[{"item":{"href":"https:\/\/hydraqa.unicity.net\/v5a-test\/items\/a7bda1cb4a35343e52791aba56debc4a","id":{"unicity":"27617"},"weightEach":{"value":0},"servingsPerContainer":0,"servingSize":0},"quantity":1,"terms":{"priceEach":37.07,"taxEach":{"amount":0.93},"discountEach":{"amount":0},"pvEach":23},"quantityLimit":{"quantityQuota":-1,"timeFrameDays":-1,"quantityOrdered":0}}]},"currency":"CHF"},{"lines":{"items":[{"item":{"href":"https:\/\/hydraqa.unicity.net\/v5a-test\/items\/04614fabe9e2c10ec4968feb09a6cf7e","id":{"unicity":"31400"},"weightEach":{"value":0},"servingsPerContainer":0,"servingSize":0},"quantity":1,"terms":{"priceEach":74.15,"taxEach":{"amount":1.85},"discountEach":{"amount":0},"pvEach":45},"quantityLimit":{"quantityQuota":-1,"timeFrameDays":-1,"quantityOrdered":0}}]},"currency":"CHF"},{"lines":{"items":[{"item":{"href":"https:\/\/hydraqa.unicity.net\/v5a-test\/items\/e9991b48ac639367d526d2b9b22fac8c","id":{"unicity":"32128"},"weightEach":{"value":0},"servingsPerContainer":0,"servingSize":0},"quantity":1,"terms":{"priceEach":472.22,"taxEach":{"amount":11.81},"discountEach":{"amount":0},"pvEach":321},"quantityLimit":{"quantityQuota":-1,"timeFrameDays":-1,"quantityOrdered":0}}]},"currency":"CHF"},{"lines":{"items":[{"item":{"href":"https:\/\/hydraqa.unicity.net\/v5a-test\/items\/40b3312de189221d96d838d33a8ec49d","id":{"unicity":"32129"},"weightEach":{"value":0},"servingsPerContainer":0,"servingSize":0},"quantity":1,"terms":{"priceEach":472.22,"taxEach":{"amount":11.81},"discountEach":{"amount":0},"pvEach":326},"quantityLimit":{"quantityQuota":-1,"timeFrameDays":-1,"quantityOrdered":0}}]},"currency":"CHF"},{"lines":{"items":[{"item":{"href":"https:\/\/hydraqa.unicity.net\/v5a-test\/items\/6bd168a66ce41003a8f30917deff5808","id":{"unicity":"32130"},"weightEach":{"value":0},"servingsPerContainer":0,"servingSize":0},"quantity":1,"terms":{"priceEach":447.82,"taxEach":{"amount":11.2},"discountEach":{"amount":0},"pvEach":304},"quantityLimit":{"quantityQuota":-1,"timeFrameDays":-1,"quantityOrdered":0}}]},"currency":"CHF"},{"lines":{"items":[{"item":{"href":"https:\/\/hydraqa.unicity.net\/v5a-test\/items\/806f99b793edd7cd0b1c158ba0eb3142","id":{"unicity":"32132"},"weightEach":{"value":0},"servingsPerContainer":0,"servingSize":0},"quantity":1,"terms":{"priceEach":451.72,"taxEach":{"amount":11.29},"discountEach":{"amount":0},"pvEach":325},"quantityLimit":{"quantityQuota":-1,"timeFrameDays":-1,"quantityOrdered":0}}]},"currency":"CHF"},{"lines":{"items":[{"item":{"href":"https:\/\/hydraqa.unicity.net\/v5a-test\/items\/e3d382d99fde8659cb146b54116e7654","id":{"unicity":"32133"},"weightEach":{"value":0},"servingsPerContainer":0,"servingSize":0},"quantity":1,"terms":{"priceEach":467.34,"taxEach":{"amount":11.68},"discountEach":{"amount":0},"pvEach":330},"quantityLimit":{"quantityQuota":-1,"timeFrameDays":-1,"quantityOrdered":0}}]},"currency":"CHF"},{"lines":{"items":[{"item":{"href":"https:\/\/hydraqa.unicity.net\/v5a-test\/items\/022f109fe6e5eae3e521295a5cb94c60","id":{"unicity":"32134"},"weightEach":{"value":0},"servingsPerContainer":0,"servingSize":0},"quantity":1,"terms":{"priceEach":177.57,"taxEach":{"amount":4.44},"discountEach":{"amount":0},"pvEach":121},"quantityLimit":{"quantityQuota":-1,"timeFrameDays":-1,"quantityOrdered":0}}]},"currency":"CHF"},{"lines":{"items":[{"item":{"href":"https:\/\/hydraqa.unicity.net\/v5a-test\/items\/ded00960d5e948dd8e511a9c752e1ff9","id":{"unicity":"32135"},"weightEach":{"value":0},"servingsPerContainer":0,"servingSize":0},"quantity":1,"terms":{"priceEach":200,"taxEach":{"amount":5},"discountEach":{"amount":0},"pvEach":153},"quantityLimit":{"quantityQuota":-1,"timeFrameDays":-1,"quantityOrdered":0}}]},"currency":"CHF"},{"lines":{"items":[{"item":{"href":"https:\/\/hydraqa.unicity.net\/v5a-test\/items\/166a69d45c4ae40278554e24d5f40443","id":{"unicity":"32137"},"weightEach":{"value":0},"servingsPerContainer":0,"servingSize":0},"quantity":1,"terms":{"priceEach":207.82,"taxEach":{"amount":5.2},"discountEach":{"amount":0},"pvEach":147},"quantityLimit":{"quantityQuota":-1,"timeFrameDays":-1,"quantityOrdered":0}}]},"currency":"CHF"},{"lines":{"items":[{"item":{"href":"https:\/\/hydraqa.unicity.net\/v5a-test\/items\/d04a0b8762b20202b6273114fb7302d1","id":{"unicity":"32138"},"weightEach":{"value":0},"servingsPerContainer":0,"servingSize":0},"quantity":1,"terms":{"priceEach":281.97,"taxEach":{"amount":7.05},"discountEach":{"amount":0},"pvEach":192},"quantityLimit":{"quantityQuota":-1,"timeFrameDays":-1,"quantityOrdered":0}}]},"currency":"CHF"},{"lines":{"items":[{"item":{"href":"https:\/\/hydraqa.unicity.net\/v5a-test\/items\/e13d0b5c40704ad5dd186959367c97f1","id":{"unicity":"32125"},"weightEach":{"value":0},"servingsPerContainer":0,"servingSize":0},"quantity":1,"terms":{"priceEach":467.35,"taxEach":{"amount":11.68},"discountEach":{"amount":0},"pvEach":309},"quantityLimit":{"quantityQuota":-1,"timeFrameDays":-1,"quantityOrdered":0}}]},"currency":"CHF"},{"lines":{"items":[{"item":{"href":"https:\/\/hydraqa.unicity.net\/v5a-test\/items\/c451532f63a06f0e9a054e946a1a1c3b","id":{"unicity":"18511"},"weightEach":{"value":0},"servingsPerContainer":0,"servingSize":0},"quantity":1,"terms":{"priceEach":47.8,"taxEach":{"amount":1.2},"discountEach":{"amount":0},"pvEach":30},"quantityLimit":{"quantityQuota":-1,"timeFrameDays":-1,"quantityOrdered":0}}]},"currency":"CHF"},{"lines":{"items":[{"item":{"href":"https:\/\/hydraqa.unicity.net\/v5a-test\/items\/4e49c95f12ae7be78e5ffab68b8b3ca6","id":{"unicity":"26422"},"weightEach":{"value":0},"servingsPerContainer":0,"servingSize":0},"quantity":1,"terms":{"priceEach":24.39,"taxEach":{"amount":0.61},"discountEach":{"amount":0},"pvEach":18},"quantityLimit":{"quantityQuota":-1,"timeFrameDays":-1,"quantityOrdered":0}}]},"currency":"CHF"},{"lines":{"items":[{"item":{"href":"https:\/\/hydraqa.unicity.net\/v5a-test\/items\/50e73ecfa509ac20c4a250f9cb32fdfc","id":{"unicity":"27156"},"weightEach":{"value":0},"servingsPerContainer":0,"servingSize":0},"quantity":1,"terms":{"priceEach":24.39,"taxEach":{"amount":0.61},"discountEach":{"amount":0},"pvEach":15},"quantityLimit":{"quantityQuota":-1,"timeFrameDays":-1,"quantityOrdered":0}}]},"currency":"CHF"},{"lines":{"items":[{"item":{"href":"https:\/\/hydraqa.unicity.net\/v5a-test\/items\/d92292ba2f23c030e4a1f63eb3ebe1ce","id":{"unicity":"27158"},"weightEach":{"value":0},"servingsPerContainer":0,"servingSize":0},"quantity":1,"terms":{"priceEach":32.2,"taxEach":{"amount":0.81},"discountEach":{"amount":0},"pvEach":25},"quantityLimit":{"quantityQuota":-1,"timeFrameDays":-1,"quantityOrdered":0}}]},"currency":"CHF"},{"lines":{"items":[{"item":{"href":"https:\/\/hydraqa.unicity.net\/v5a-test\/items\/ac37bf51ff7e4fe860da8457f6ce0425","id":{"unicity":"27166"},"weightEach":{"value":0},"servingsPerContainer":0,"servingSize":0},"quantity":1,"terms":{"priceEach":96.59,"taxEach":{"amount":2.41},"discountEach":{"amount":0},"pvEach":75},"quantityLimit":{"quantityQuota":-1,"timeFrameDays":-1,"quantityOrdered":0}}]},"currency":"CHF"},{"lines":{"items":[{"item":{"href":"https:\/\/hydraqa.unicity.net\/v5a-test\/items\/a36d9fdd0fd7561e6180fb5b2ff27164","id":{"unicity":"27660"},"weightEach":{"value":0},"servingsPerContainer":0,"servingSize":0},"quantity":1,"terms":{"priceEach":39.02,"taxEach":{"amount":0.98},"discountEach":{"amount":0},"pvEach":23},"quantityLimit":{"quantityQuota":-1,"timeFrameDays":-1,"quantityOrdered":0}}]},"currency":"CHF"},{"lines":{"items":[{"item":{"href":"https:\/\/hydraqa.unicity.net\/v5a-test\/items\/fc6a55f19d99547a667b22a83c35ca13","id":{"unicity":"27436"},"weightEach":{"value":0},"servingsPerContainer":0,"servingSize":0},"quantity":1,"terms":{"priceEach":96.59,"taxEach":{"amount":2.41},"discountEach":{"amount":0},"pvEach":70},"quantityLimit":{"quantityQuota":-1,"timeFrameDays":-1,"quantityOrdered":0}}]},"currency":"CHF"},{"lines":{"items":[{"item":{"href":"https:\/\/hydraqa.unicity.net\/v5a-test\/items\/0c0717a26fcfe40310e906487e8a12f7","id":{"unicity":"28601"},"weightEach":{"value":0},"servingsPerContainer":0,"servingSize":0},"quantity":1,"terms":{"priceEach":96.59,"taxEach":{"amount":2.41},"discountEach":{"amount":0},"pvEach":75},"quantityLimit":{"quantityQuota":-1,"timeFrameDays":-1,"quantityOrdered":0}}]},"currency":"CHF"},{"lines":{"items":[{"item":{"href":"https:\/\/hydraqa.unicity.net\/v5a-test\/items\/4790a55c442b5dc75a13b155e78c1842","id":{"unicity":"28604"},"weightEach":{"value":0},"servingsPerContainer":0,"servingSize":0},"quantity":1,"terms":{"priceEach":96.59,"taxEach":{"amount":2.41},"discountEach":{"amount":0},"pvEach":75},"quantityLimit":{"quantityQuota":-1,"timeFrameDays":-1,"quantityOrdered":0}}]},"currency":"CHF"},{"lines":{"items":[{"item":{"href":"https:\/\/hydraqa.unicity.net\/v5a-test\/items\/64ec7ad932acafab052a4e8800ad1238","id":{"unicity":"24758"},"weightEach":{"value":0},"servingsPerContainer":0,"servingSize":0},"quantity":1,"terms":{"priceEach":47.8,"taxEach":{"amount":1.2},"discountEach":{"amount":0},"pvEach":30},"quantityLimit":{"quantityQuota":-1,"timeFrameDays":-1,"quantityOrdered":0}}]},"currency":"CHF"},{"lines":{"items":[{"item":{"href":"https:\/\/hydraqa.unicity.net\/v5a-test\/items\/db0a2b02eaabc5ad45fe91ba5c7bcf5a","id":{"unicity":"31772"},"weightEach":{"value":0},"servingsPerContainer":0,"servingSize":0},"quantity":1,"terms":{"priceEach":12.07,"taxEach":{"amount":0.93},"discountEach":{"amount":0},"pvEach":0},"quantityLimit":{"quantityQuota":-1,"timeFrameDays":-1,"quantityOrdered":0}}]},"currency":"CHF"},{"lines":{"items":[{"item":{"href":"https:\/\/hydraqa.unicity.net\/v5a-test\/items\/34c8c6b0f454da738e64265f08c57a72","id":{"unicity":"31777"},"weightEach":{"value":0},"servingsPerContainer":0,"servingSize":0},"quantity":1,"terms":{"priceEach":6.96,"taxEach":{"amount":0.54},"discountEach":{"amount":0},"pvEach":3},"quantityLimit":{"quantityQuota":-1,"timeFrameDays":-1,"quantityOrdered":0}}]},"currency":"CHF"},{"lines":{"items":[{"item":{"href":"https:\/\/hydraqa.unicity.net\/v5a-test\/items\/fc8583e3bf463b599fdcce05234bc137","id":{"unicity":"31780"},"weightEach":{"value":0},"servingsPerContainer":0,"servingSize":0},"quantity":1,"terms":{"priceEach":9.28,"taxEach":{"amount":0.71},"discountEach":{"amount":0},"pvEach":4},"quantityLimit":{"quantityQuota":-1,"timeFrameDays":-1,"quantityOrdered":0}}]},"currency":"CHF"},{"lines":{"items":[{"item":{"href":"https:\/\/hydraqa.unicity.net\/v5a-test\/items\/7e80331c8c25f515174d3f894283a27c","id":{"unicity":"31781"},"weightEach":{"value":0},"servingsPerContainer":0,"servingSize":0},"quantity":1,"terms":{"priceEach":9.28,"taxEach":{"amount":0.71},"discountEach":{"amount":0},"pvEach":4},"quantityLimit":{"quantityQuota":-1,"timeFrameDays":-1,"quantityOrdered":0}}]},"currency":"CHF"},{"lines":{"items":[{"item":{"href":"https:\/\/hydraqa.unicity.net\/v5a-test\/items\/8d3854b47de8e45d6fcdc194dffff601","id":{"unicity":"31782"},"weightEach":{"value":0},"servingsPerContainer":0,"servingSize":0},"quantity":1,"terms":{"priceEach":13.93,"taxEach":{"amount":1.07},"discountEach":{"amount":0},"pvEach":6},"quantityLimit":{"quantityQuota":-1,"timeFrameDays":-1,"quantityOrdered":0}}]},"currency":"CHF"},{"lines":{"items":[{"item":{"href":"https:\/\/hydraqa.unicity.net\/v5a-test\/items\/04516be30bd9bf93e01536e7fc8f8716","id":{"unicity":"31779"},"weightEach":{"value":0},"servingsPerContainer":0,"servingSize":0},"quantity":1,"terms":{"priceEach":11.14,"taxEach":{"amount":0.86},"discountEach":{"amount":0},"pvEach":5},"quantityLimit":{"quantityQuota":-1,"timeFrameDays":-1,"quantityOrdered":0}}]},"currency":"CHF"},{"lines":{"items":[{"item":{"href":"https:\/\/hydraqa.unicity.net\/v5a-test\/items\/d7e1dd4b19a8672aed99e591356c0d48","id":{"unicity":"31932"},"weightEach":{"value":0},"servingsPerContainer":0,"servingSize":0},"quantity":1,"terms":{"priceEach":6.96,"taxEach":{"amount":0.54},"discountEach":{"amount":0},"pvEach":3},"quantityLimit":{"quantityQuota":-1,"timeFrameDays":-1,"quantityOrdered":0}}]},"currency":"CHF"},{"lines":{"items":[{"item":{"href":"https:\/\/hydraqa.unicity.net\/v5a-test\/items\/1aa00306dc0006d365acd7436548f2e6","id":{"unicity":"31778"},"weightEach":{"value":0},"servingsPerContainer":0,"servingSize":0},"quantity":1,"terms":{"priceEach":13.93,"taxEach":{"amount":1.07},"discountEach":{"amount":0},"pvEach":6},"quantityLimit":{"quantityQuota":-1,"timeFrameDays":-1,"quantityOrdered":0}}]},"currency":"CHF"},{"lines":{"items":[{"item":{"href":"https:\/\/hydraqa.unicity.net\/v5a-test\/items\/881451fd39a6a3113e33935db22da7ae","id":{"unicity":"32553"},"weightEach":{"value":0},"servingsPerContainer":0,"servingSize":0},"quantity":1,"terms":{"priceEach":2.79,"taxEach":{"amount":0.21},"discountEach":{"amount":0},"pvEach":0},"quantityLimit":{"quantityQuota":-1,"timeFrameDays":-1,"quantityOrdered":0}}]},"currency":"CHF"},{"lines":{"items":[{"item":{"href":"https:\/\/hydraqa.unicity.net\/v5a-test\/items\/4fc6de0cb7817f39a836ff08609b8539","id":{"unicity":"32556"},"weightEach":{"value":0},"servingsPerContainer":0,"servingSize":0},"quantity":1,"terms":{"priceEach":2.79,"taxEach":{"amount":0.21},"discountEach":{"amount":0},"pvEach":0},"quantityLimit":{"quantityQuota":-1,"timeFrameDays":-1,"quantityOrdered":0}}]},"currency":"CHF"},{"lines":{"items":[{"item":{"href":"https:\/\/hydraqa.unicity.net\/v5a-test\/items\/a85cc4a606716ce7b10b8bd76dca368f","id":{"unicity":"22605"},"weightEach":{"value":0},"servingsPerContainer":0,"servingSize":0},"quantity":1,"terms":{"priceEach":37.14,"taxEach":{"amount":2.86},"discountEach":{"amount":0},"pvEach":0},"quantityLimit":{"quantityQuota":-1,"timeFrameDays":-1,"quantityOrdered":0}}]},"currency":"CHF"},{"lines":{"items":[{"item":{"href":"https:\/\/hydraqa.unicity.net\/v5a-test\/items\/2262fdd5af916c31df08089c191735c1","id":{"unicity":"29317"},"weightEach":{"value":0},"servingsPerContainer":0,"servingSize":0},"quantity":1,"terms":{"priceEach":26.93,"taxEach":{"amount":2.07},"discountEach":{"amount":0},"pvEach":0},"quantityLimit":{"quantityQuota":-1,"timeFrameDays":-1,"quantityOrdered":0}}]},"currency":"CHF"},{"lines":{"items":[{"item":{"href":"https:\/\/hydraqa.unicity.net\/v5a-test\/items\/34c53e6d4cce0f8a72327d86c3ef04cb","id":{"unicity":"30103"},"weightEach":{"value":0},"servingsPerContainer":0,"servingSize":0},"quantity":1,"terms":{"priceEach":37.14,"taxEach":{"amount":2.86},"discountEach":{"amount":0},"pvEach":0},"quantityLimit":{"quantityQuota":-1,"timeFrameDays":-1,"quantityOrdered":0}}]},"currency":"CHF"},{"lines":{"items":[{"item":{"href":"https:\/\/hydraqa.unicity.net\/v5a-test\/items\/217ca02fbd24e21ca5281412756238ab","id":{"unicity":"32126"},"weightEach":{"value":0},"servingsPerContainer":0,"servingSize":0},"quantity":1,"terms":{"priceEach":184.39,"taxEach":{"amount":4.61},"discountEach":{"amount":0},"pvEach":121},"quantityLimit":{"quantityQuota":-1,"timeFrameDays":-1,"quantityOrdered":0}}]},"currency":"CHF"},{"lines":{"items":[{"item":{"href":"https:\/\/hydraqa.unicity.net\/v5a-test\/items\/808008a0657d2033ad471c39bbce9891","id":{"unicity":"32127"},"weightEach":{"value":0},"servingsPerContainer":0,"servingSize":0},"quantity":1,"terms":{"priceEach":212.68,"taxEach":{"amount":5.32},"discountEach":{"amount":0},"pvEach":153},"quantityLimit":{"quantityQuota":-1,"timeFrameDays":-1,"quantityOrdered":0}}]},"currency":"CHF"},{"lines":{"items":[{"item":{"href":"https:\/\/hydraqa.unicity.net\/v5a-test\/items\/2f1d0aa90494ae2e08035922c701f968","id":{"unicity":"29832"},"weightEach":{"value":0},"servingsPerContainer":0,"servingSize":0},"quantity":1,"terms":{"priceEach":54,"taxEach":{"amount":1.35},"discountEach":{"amount":0},"pvEach":42},"quantityLimit":{"quantityQuota":-1,"timeFrameDays":-1,"quantityOrdered":0}}]},"currency":"CHF"},{"lines":{"items":[{"item":{"href":"https:\/\/hydraqa.unicity.net\/v5a-test\/items\/10df0fc3509b53cbeaeb9476ca92d520","id":{"unicity":"29833"},"weightEach":{"value":0},"servingsPerContainer":0,"servingSize":0},"quantity":1,"terms":{"priceEach":108.29,"taxEach":{"amount":2.71},"discountEach":{"amount":0},"pvEach":82},"quantityLimit":{"quantityQuota":-1,"timeFrameDays":-1,"quantityOrdered":0}}]},"currency":"CHF"},{"lines":{"items":[{"item":{"href":"https:\/\/hydraqa.unicity.net\/v5a-test\/items\/a8dde31141ab8a13c032a00e7baa99cb","id":{"unicity":"30286"},"weightEach":{"value":0},"servingsPerContainer":0,"servingSize":0},"quantity":1,"terms":{"priceEach":153.17,"taxEach":{"amount":3.83},"discountEach":{"amount":0},"pvEach":107},"quantityLimit":{"quantityQuota":-1,"timeFrameDays":-1,"quantityOrdered":0}}]},"currency":"CHF"},{"lines":{"items":[{"item":{"href":"https:\/\/hydraqa.unicity.net\/v5a-test\/items\/a92d4960492e2073278fc0e8bc2af366","id":{"unicity":"31740"},"weightEach":{"value":0},"servingsPerContainer":0,"servingSize":0},"quantity":1,"terms":{"priceEach":319.95,"taxEach":{"amount":8},"discountEach":{"amount":0},"pvEach":246},"quantityLimit":{"quantityQuota":-1,"timeFrameDays":-1,"quantityOrdered":0}}]},"currency":"CHF"},{"lines":{"items":[{"item":{"href":"https:\/\/hydraqa.unicity.net\/v5a-test\/items\/22bcf973992a4b675adc842abb433e1a","id":{"unicity":"32140"},"weightEach":{"value":0},"servingsPerContainer":0,"servingSize":0},"quantity":1,"terms":{"priceEach":341.46,"taxEach":{"amount":8.54},"discountEach":{"amount":0},"pvEach":252},"quantityLimit":{"quantityQuota":-1,"timeFrameDays":-1,"quantityOrdered":0}}]},"currency":"CHF"},{"lines":{"items":[{"item":{"href":"https:\/\/hydraqa.unicity.net\/v5a-test\/items\/fc5edcf55b7c5c1a614dba71c684da38","id":{"unicity":"32141"},"weightEach":{"value":0},"servingsPerContainer":0,"servingSize":0},"quantity":1,"terms":{"priceEach":386.34,"taxEach":{"amount":9.66},"discountEach":{"amount":0},"pvEach":300},"quantityLimit":{"quantityQuota":-1,"timeFrameDays":-1,"quantityOrdered":0}}]},"currency":"CHF"},{"lines":{"items":[{"item":{"href":"https:\/\/hydraqa.unicity.net\/v5a-test\/items\/2482022792c4e0620583120981373ca1","id":{"unicity":"32148"},"weightEach":{"value":0},"servingsPerContainer":0,"servingSize":0},"quantity":1,"terms":{"priceEach":380.49,"taxEach":{"amount":9.51},"discountEach":{"amount":0},"pvEach":269},"quantityLimit":{"quantityQuota":-1,"timeFrameDays":-1,"quantityOrdered":0}}]},"currency":"CHF"},{"lines":{"items":[{"item":{"href":"https:\/\/hydraqa.unicity.net\/v5a-test\/items\/148f1e203cf006e83ed482843cbd3a5c","id":{"unicity":"32149"},"weightEach":{"value":0},"servingsPerContainer":0,"servingSize":0},"quantity":1,"terms":{"priceEach":373.66,"taxEach":{"amount":9.34},"discountEach":{"amount":0},"pvEach":266},"quantityLimit":{"quantityQuota":-1,"timeFrameDays":-1,"quantityOrdered":0}}]},"currency":"CHF"},{"lines":{"items":[{"item":{"href":"https:\/\/hydraqa.unicity.net\/v5a-test\/items\/c43d0c38e09dbbf94408a662cd23dfa0","id":{"unicity":"32144"},"weightEach":{"value":0},"servingsPerContainer":0,"servingSize":0},"quantity":1,"terms":{"priceEach":663.41,"taxEach":{"amount":16.59},"discountEach":{"amount":0},"pvEach":500},"quantityLimit":{"quantityQuota":-1,"timeFrameDays":-1,"quantityOrdered":0}}]},"currency":"CHF"},{"lines":{"items":[{"item":{"href":"https:\/\/hydraqa.unicity.net\/v5a-test\/items\/e931a471e0a518f071b09ab5479f0ba6","id":{"unicity":"32146"},"weightEach":{"value":0},"servingsPerContainer":0,"servingSize":0},"quantity":1,"terms":{"priceEach":710.24,"taxEach":{"amount":17.76},"discountEach":{"amount":0},"pvEach":508},"quantityLimit":{"quantityQuota":-1,"timeFrameDays":-1,"quantityOrdered":0}}]},"currency":"CHF"},{"lines":{"items":[{"item":{"href":"https:\/\/hydraqa.unicity.net\/v5a-test\/items\/337651da22c0ffaf01f33af882636ea6","id":{"unicity":"32142"},"weightEach":{"value":0},"servingsPerContainer":0,"servingSize":0},"quantity":1,"terms":{"priceEach":714.15,"taxEach":{"amount":17.85},"discountEach":{"amount":0},"pvEach":502},"quantityLimit":{"quantityQuota":-1,"timeFrameDays":-1,"quantityOrdered":0}}]},"currency":"CHF"},{"lines":{"items":[{"item":{"href":"https:\/\/hydraqa.unicity.net\/v5a-test\/items\/fd906afd8b19d76e7cbef9a8aec7484a","id":{"unicity":"32145"},"weightEach":{"value":0},"servingsPerContainer":0,"servingSize":0},"quantity":1,"terms":{"priceEach":1381.46,"taxEach":{"amount":34.54},"discountEach":{"amount":0},"pvEach":1038},"quantityLimit":{"quantityQuota":-1,"timeFrameDays":-1,"quantityOrdered":0}}]},"currency":"CHF"},{"lines":{"items":[{"item":{"href":"https:\/\/hydraqa.unicity.net\/v5a-test\/items\/feb92dd34cb5c38490043c2c9808e546","id":{"unicity":"32147"},"weightEach":{"value":0},"servingsPerContainer":0,"servingSize":0},"quantity":1,"terms":{"priceEach":1420.49,"taxEach":{"amount":35.51},"discountEach":{"amount":0},"pvEach":1016},"quantityLimit":{"quantityQuota":-1,"timeFrameDays":-1,"quantityOrdered":0}}]},"currency":"CHF"},{"lines":{"items":[{"item":{"href":"https:\/\/hydraqa.unicity.net\/v5a-test\/items\/03a49a6a2def2af96f0da8ba279b0f4f","id":{"unicity":"32143"},"weightEach":{"value":0},"servingsPerContainer":0,"servingSize":0},"quantity":1,"terms":{"priceEach":1428.29,"taxEach":{"amount":35.71},"discountEach":{"amount":0},"pvEach":1004},"quantityLimit":{"quantityQuota":-1,"timeFrameDays":-1,"quantityOrdered":0}}]},"currency":"CHF"},{"lines":{"items":[{"item":{"href":"https:\/\/hydraqa.unicity.net\/v5a-test\/items\/332daeac6796ed016ea8b7d0bc42c2d4","id":{"unicity":"24274"},"weightEach":{"value":0},"servingsPerContainer":0,"servingSize":0},"quantity":1,"terms":{"priceEach":9.29,"taxEach":{"amount":0.72},"discountEach":{"amount":0},"pvEach":0},"quantityLimit":{"quantityQuota":-1,"timeFrameDays":-1,"quantityOrdered":0}}]},"currency":"CHF"},{"lines":{"items":[{"item":{"href":"https:\/\/hydraqa.unicity.net\/v5a-test\/items\/1945faa1776541d53120ecfe3c1d8a2b","id":{"unicity":"24418"},"weightEach":{"value":0},"servingsPerContainer":0,"servingSize":0},"quantity":1,"terms":{"priceEach":5.57,"taxEach":{"amount":0.43},"discountEach":{"amount":0},"pvEach":0},"quantityLimit":{"quantityQuota":-1,"timeFrameDays":-1,"quantityOrdered":0}}]},"currency":"CHF"},{"lines":{"items":[{"item":{"href":"https:\/\/hydraqa.unicity.net\/v5a-test\/items\/10da226fab00279b4f89df10af2a10b7","id":{"unicity":"26442"},"weightEach":{"value":0},"servingsPerContainer":0,"servingSize":0},"quantity":1,"terms":{"priceEach":7.43,"taxEach":{"amount":0.57},"discountEach":{"amount":0},"pvEach":0},"quantityLimit":{"quantityQuota":-1,"timeFrameDays":-1,"quantityOrdered":0}}]},"currency":"CHF"},{"lines":{"items":[{"item":{"href":"https:\/\/hydraqa.unicity.net\/v5a-test\/items\/5147f8cfe32548e02fc158d4da9c4d6f","id":{"unicity":"27150"},"weightEach":{"value":0},"servingsPerContainer":0,"servingSize":0},"quantity":1,"terms":{"priceEach":111.22,"taxEach":{"amount":2.78},"discountEach":{"amount":0},"pvEach":80},"quantityLimit":{"quantityQuota":-1,"timeFrameDays":-1,"quantityOrdered":0}}]},"currency":"CHF"},{"lines":{"items":[{"item":{"href":"https:\/\/hydraqa.unicity.net\/v5a-test\/items\/03eba2365025ccd85818846a83a16f47","id":{"unicity":"27163"},"weightEach":{"value":0},"servingsPerContainer":0,"servingSize":0},"quantity":1,"terms":{"priceEach":96.59,"taxEach":{"amount":2.41},"discountEach":{"amount":0},"pvEach":75},"quantityLimit":{"quantityQuota":-1,"timeFrameDays":-1,"quantityOrdered":0}}]},"currency":"CHF"},{"lines":{"items":[{"item":{"href":"https:\/\/hydraqa.unicity.net\/v5a-test\/items\/112b8c39286598b3730f630f371a45f4","id":{"unicity":"27587"},"weightEach":{"value":0},"servingsPerContainer":0,"servingSize":0},"quantity":1,"terms":{"priceEach":74.15,"taxEach":{"amount":1.85},"discountEach":{"amount":0},"pvEach":45},"quantityLimit":{"quantityQuota":-1,"timeFrameDays":-1,"quantityOrdered":0}}]},"currency":"CHF"},{"lines":{"items":[{"item":{"href":"https:\/\/hydraqa.unicity.net\/v5a-test\/items\/0eebdede5bdb8bf4d71e800b6f3cead1","id":{"unicity":"30825"},"weightEach":{"value":0},"servingsPerContainer":0,"servingSize":0},"quantity":1,"terms":{"priceEach":47.8,"taxEach":{"amount":1.2},"discountEach":{"amount":0},"pvEach":30},"quantityLimit":{"quantityQuota":-1,"timeFrameDays":-1,"quantityOrdered":0}}]},"currency":"CHF"},{"lines":{"items":[{"item":{"href":"https:\/\/hydraqa.unicity.net\/v5a-test\/items\/024e696f8b44a1d315006e676604cd31","id":{"unicity":"27395"},"weightEach":{"value":0},"servingsPerContainer":0,"servingSize":0},"quantity":1,"terms":{"priceEach":37.07,"taxEach":{"amount":0.93},"discountEach":{"amount":0},"pvEach":23},"quantityLimit":{"quantityQuota":-1,"timeFrameDays":-1,"quantityOrdered":0}}]},"currency":"CHF"},{"lines":{"items":[{"item":{"href":"https:\/\/hydraqa.unicity.net\/v5a-test\/items\/4b2034f47fce90b87bba28c5c2d7c25d","id":{"unicity":"15880"},"weightEach":{"value":0},"servingsPerContainer":0,"servingSize":0},"quantity":1,"terms":{"priceEach":62.44,"taxEach":{"amount":1.56},"discountEach":{"amount":0},"pvEach":40},"quantityLimit":{"quantityQuota":-1,"timeFrameDays":-1,"quantityOrdered":0}}]},"currency":"CHF"},{"lines":{"items":[{"item":{"href":"https:\/\/hydraqa.unicity.net\/v5a-test\/items\/398d06b858b960f6f38086d40608aef2","id":{"unicity":"26560"},"weightEach":{"value":0},"servingsPerContainer":0,"servingSize":0},"quantity":1,"terms":{"priceEach":24.39,"taxEach":{"amount":0.61},"discountEach":{"amount":0},"pvEach":15},"quantityLimit":{"quantityQuota":-1,"timeFrameDays":-1,"quantityOrdered":0}}]},"currency":"CHF"},{"lines":{"items":[{"item":{"href":"https:\/\/hydraqa.unicity.net\/v5a-test\/items\/e218d1cac5f31e7ae4f5876c29c57377","id":{"unicity":"29017"},"weightEach":{"value":0},"servingsPerContainer":0,"servingSize":0},"quantity":1,"terms":{"priceEach":34.15,"taxEach":{"amount":0.85},"discountEach":{"amount":0},"pvEach":21},"quantityLimit":{"quantityQuota":-1,"timeFrameDays":-1,"quantityOrdered":0}}]},"currency":"CHF"},{"lines":{"items":[{"item":{"href":"https:\/\/hydraqa.unicity.net\/v5a-test\/items\/3f2d12d7a0e8551fc99fad3bbe1ba633","id":{"unicity":"26567"},"weightEach":{"value":0},"servingsPerContainer":0,"servingSize":0},"quantity":1,"terms":{"priceEach":73.17,"taxEach":{"amount":1.83},"discountEach":{"amount":0},"pvEach":38},"quantityLimit":{"quantityQuota":-1,"timeFrameDays":-1,"quantityOrdered":0}}]},"currency":"CHF"},{"lines":{"items":[{"item":{"href":"https:\/\/hydraqa.unicity.net\/v5a-test\/items\/191637167cb3144bd2e8c4615e9ab67e","id":{"unicity":"26568"},"weightEach":{"value":0},"servingsPerContainer":0,"servingSize":0},"quantity":1,"terms":{"priceEach":73.17,"taxEach":{"amount":1.83},"discountEach":{"amount":0},"pvEach":38},"quantityLimit":{"quantityQuota":-1,"timeFrameDays":-1,"quantityOrdered":0}}]},"currency":"CHF"},{"lines":{"items":[{"item":{"href":"https:\/\/hydraqa.unicity.net\/v5a-test\/items\/606f7be753c74dfbfe4b107276775140","id":{"unicity":"29821"},"weightEach":{"value":0},"servingsPerContainer":0,"servingSize":0},"quantity":1,"terms":{"priceEach":103.41,"taxEach":{"amount":2.59},"discountEach":{"amount":0},"pvEach":78},"quantityLimit":{"quantityQuota":-1,"timeFrameDays":-1,"quantityOrdered":0}}]},"currency":"CHF"},{"lines":{"items":[{"item":{"href":"https:\/\/hydraqa.unicity.net\/v5a-test\/items\/94939f9be900906d2b47260ccba22a7b","id":{"unicity":"32012"},"weightEach":{"value":0},"servingsPerContainer":0,"servingSize":0},"quantity":1,"terms":{"priceEach":18.54,"taxEach":{"amount":0.46},"discountEach":{"amount":0},"pvEach":8},"quantityLimit":{"quantityQuota":-1,"timeFrameDays":-1,"quantityOrdered":0}}]},"currency":"CHF"},{"lines":{"items":[{"item":{"href":"https:\/\/hydraqa.unicity.net\/v5a-test\/items\/2c4c1abe00983e85aaa918d2ce341491","id":{"unicity":"17174"},"weightEach":{"value":0},"servingsPerContainer":0,"servingSize":0},"quantity":1,"terms":{"priceEach":47.8,"taxEach":{"amount":1.2},"discountEach":{"amount":0},"pvEach":30},"quantityLimit":{"quantityQuota":-1,"timeFrameDays":-1,"quantityOrdered":0}}]},"currency":"CHF"},{"lines":{"items":[{"item":{"href":"https:\/\/hydraqa.unicity.net\/v5a-test\/items\/991cdbb84a495779eb209fb3956a77e4","id":{"unicity":"29183"},"weightEach":{"value":0},"servingsPerContainer":0,"servingSize":0},"quantity":1,"terms":{"priceEach":39,"taxEach":{"amount":3},"discountEach":{"amount":0},"pvEach":22},"quantityLimit":{"quantityQuota":-1,"timeFrameDays":-1,"quantityOrdered":0}}]},"currency":"CHF"},{"lines":{"items":[{"item":{"href":"https:\/\/hydraqa.unicity.net\/v5a-test\/items\/0e78fbdfebef11cd62f8d2120064ee58","id":{"unicity":"30280"},"weightEach":{"value":0},"servingsPerContainer":0,"servingSize":0},"quantity":1,"terms":{"priceEach":45.5,"taxEach":{"amount":3.5},"discountEach":{"amount":0},"pvEach":25},"quantityLimit":{"quantityQuota":-1,"timeFrameDays":-1,"quantityOrdered":0}}]},"currency":"CHF"},{"lines":{"items":[{"item":{"href":"https:\/\/hydraqa.unicity.net\/v5a-test\/items\/beb900429fbb160dbfc3001c14d96df4","id":{"unicity":"29187"},"weightEach":{"value":0},"servingsPerContainer":0,"servingSize":0},"quantity":1,"terms":{"priceEach":52,"taxEach":{"amount":4},"discountEach":{"amount":0},"pvEach":30},"quantityLimit":{"quantityQuota":-1,"timeFrameDays":-1,"quantityOrdered":0}}]},"currency":"CHF"},{"lines":{"items":[{"item":{"href":"https:\/\/hydraqa.unicity.net\/v5a-test\/items\/1b0412bea8c0b841c66f65a36aa14108","id":{"unicity":"29191"},"weightEach":{"value":0},"servingsPerContainer":0,"servingSize":0},"quantity":1,"terms":{"priceEach":52,"taxEach":{"amount":4},"discountEach":{"amount":0},"pvEach":30},"quantityLimit":{"quantityQuota":-1,"timeFrameDays":-1,"quantityOrdered":0}}]},"currency":"CHF"},{"lines":{"items":[{"item":{"href":"https:\/\/hydraqa.unicity.net\/v5a-test\/items\/52c87f74d3b41ed49b0f897b66c2a99b","id":{"unicity":"30684"},"weightEach":{"value":0},"servingsPerContainer":0,"servingSize":0},"quantity":1,"terms":{"priceEach":47.8,"taxEach":{"amount":1.2},"discountEach":{"amount":0},"pvEach":30},"quantityLimit":{"quantityQuota":-1,"timeFrameDays":-1,"quantityOrdered":0}}]},"currency":"CHF"},{"lines":{"items":[{"item":{"href":"https:\/\/hydraqa.unicity.net\/v5a-test\/items\/ab2a2b07b17718843a66bee04ff40624","id":{"unicity":"31402"},"weightEach":{"value":0},"servingsPerContainer":0,"servingSize":0},"quantity":1,"terms":{"priceEach":117.07,"taxEach":{"amount":2.93},"discountEach":{"amount":0},"pvEach":85},"quantityLimit":{"quantityQuota":-1,"timeFrameDays":-1,"quantityOrdered":0}}]},"currency":"CHF"},{"lines":{"items":[{"item":{"href":"https:\/\/hydraqa.unicity.net\/v5a-test\/items\/7e5e7df32701fd44947c8146f2129f7a","id":{"unicity":"31672"},"weightEach":{"value":0},"servingsPerContainer":0,"servingSize":0},"quantity":1,"terms":{"priceEach":96.59,"taxEach":{"amount":2.41},"discountEach":{"amount":0},"pvEach":75},"quantityLimit":{"quantityQuota":-1,"timeFrameDays":-1,"quantityOrdered":0}}]},"currency":"CHF"},{"lines":{"items":[{"item":{"href":"https:\/\/hydraqa.unicity.net\/v5a-test\/items\/493c2ba720f847422eccc5da35024f33","id":{"unicity":"31534"},"weightEach":{"value":0},"servingsPerContainer":0,"servingSize":0},"quantity":1,"terms":{"priceEach":29.27,"taxEach":{"amount":0.73},"discountEach":{"amount":0},"pvEach":18},"quantityLimit":{"quantityQuota":-1,"timeFrameDays":-1,"quantityOrdered":0}}]},"currency":"CHF"},{"lines":{"items":[{"item":{"href":"https:\/\/hydraqa.unicity.net\/v5a-test\/items\/bfddb53fe0d5ed5432c531dc9850cbe4","id":{"unicity":"29449"},"weightEach":{"value":0},"servingsPerContainer":0,"servingSize":0},"quantity":1,"terms":{"priceEach":29.27,"taxEach":{"amount":0.73},"discountEach":{"amount":0},"pvEach":18},"quantityLimit":{"quantityQuota":-1,"timeFrameDays":-1,"quantityOrdered":0}}]},"currency":"CHF"},{"lines":{"items":[{"item":{"href":"https:\/\/hydraqa.unicity.net\/v5a-test\/items\/75b870fdff12be635674216fe88d3204","id":{"unicity":"29984"},"weightEach":{"value":0},"servingsPerContainer":0,"servingSize":0},"quantity":1,"terms":{"priceEach":52,"taxEach":{"amount":4},"discountEach":{"amount":0},"pvEach":30},"quantityLimit":{"quantityQuota":-1,"timeFrameDays":-1,"quantityOrdered":0}}]},"currency":"CHF"},{"lines":{"items":[{"item":{"href":"https:\/\/hydraqa.unicity.net\/v5a-test\/items\/fbb6dbd577adb73abaec364076fb288f","id":{"unicity":"32087"},"weightEach":{"value":0},"servingsPerContainer":0,"servingSize":0},"quantity":1,"terms":{"priceEach":25.37,"taxEach":{"amount":0.63},"discountEach":{"amount":0},"pvEach":11},"quantityLimit":{"quantityQuota":-1,"timeFrameDays":-1,"quantityOrdered":0}}]},"currency":"CHF"},{"lines":{"items":[{"item":{"href":"https:\/\/hydraqa.unicity.net\/v5a-test\/items\/35dcc0035e442bbe6482f178ec38522c","id":{"unicity":"31868"},"weightEach":{"value":0},"servingsPerContainer":0,"servingSize":0},"quantity":1,"terms":{"priceEach":25.37,"taxEach":{"amount":0.63},"discountEach":{"amount":0},"pvEach":11},"quantityLimit":{"quantityQuota":-1,"timeFrameDays":-1,"quantityOrdered":0}}]},"currency":"CHF"},{"lines":{"items":[{"item":{"href":"https:\/\/hydraqa.unicity.net\/v5a-test\/items\/baa263a2750aa330fbd9e5b96fdb2b55","id":{"unicity":"32609"},"weightEach":{"value":0},"servingsPerContainer":0,"servingSize":0},"quantity":1,"terms":{"priceEach":74.15,"taxEach":{"amount":1.85},"discountEach":{"amount":0},"pvEach":45},"quantityLimit":{"quantityQuota":-1,"timeFrameDays":-1,"quantityOrdered":0}}]},"currency":"CHF"},{"lines":{"items":[{"item":{"href":"https:\/\/hydraqa.unicity.net\/v5a-test\/items\/1f59b10f0bef99fa20e4b9b0b4efea88","id":{"unicity":"32333"},"weightEach":{"value":0},"servingsPerContainer":0,"servingSize":0},"quantity":1,"terms":{"priceEach":13,"taxEach":{"amount":1},"discountEach":{"amount":0},"pvEach":0},"quantityLimit":{"quantityQuota":-1,"timeFrameDays":-1,"quantityOrdered":0}}]},"currency":"CHF"},{"lines":{"items":[{"item":{"href":"https:\/\/hydraqa.unicity.net\/v5a-test\/items\/592aef9ec417f4553dc0b62a91a1f5e0","id":{"unicity":"32330"},"weightEach":{"value":0},"servingsPerContainer":0,"servingSize":0},"quantity":1,"terms":{"priceEach":116.1,"taxEach":{"amount":2.9},"discountEach":{"amount":0},"pvEach":70},"quantityLimit":{"quantityQuota":-1,"timeFrameDays":-1,"quantityOrdered":0}}]},"currency":"CHF"}]}
Entry request : {"order":{"customer":{"href":"https://hydraqa.unicity.net/v5a-test/customers?type=Associate"},"shipToAddress":{"country":"CH"}},"vary":{"lines":{"items":[{"item":{"href":"https://hydraqa.unicity.net/v5a-test/items?id.unicity=26306|27617|31763|31400|31951|31952|32128|32129|32130|32132|32133|32134|32135|32137|32138|32125|18511|26422|27156|27158|27166|27660|27436|28601|28604|24758|31772|31777|31780|31781|31782|31779|31932|31778|32553|32556|22605|29317|30103|32126|32127|29832|29833|30286|31740|32140|32141|32148|32149|32144|32756|32967|32968|32965|32966|32146|32142|32145|32147|32143|23989|24274|24418|26442|27150|27163|27587|30825|27395|15880|26560|29017|26567|26568|29821|32012|17174|29183|30280|29187|29191|30684|31402|31672|31534|29449|29984|32087|31868|32609|32333|32755|32330|32693"}}]}}}
Request URL: https://hydraqa.unicity.net/v5a-test/customers.js?callback=angular.callbacks._1&expand=customer,profilePicture&id.unicity=2
Request URL: https://hydraqa.unicity.net/v5a-test/customers.js?_httpMethod=HEAD&callback=angular.callbacks._7&email=AOLJZF@gmail.com
Request URL: https://hydraqa.unicity.net/v5a-test/shippingmethods.js?callback=angular.callbacks._a&destination=CH&market=CH
]]></system-out>
    <system-err><![CDATA[Starting ChromeDriver 2.36.540470 (e522d04694c7ebea4ba8821272dbef4f9b818c91) on port 3110
Only local connections are allowed.
Jun 30, 2020 12:14:03 PM org.openqa.selenium.remote.ProtocolHandshake createSession
INFO: Detected dialect: OSS
]]></system-err>
  </testcase>
  <testcase name="Enroll" classname="Tests.FranchisePartner" time="245.692">
    <failure message="Major Total Price is Wrong expected [258.18] but found [267.0]" type="java.lang.AssertionError">java.lang.AssertionError: Major Total Price is Wrong expected [258.18] but found [267.0]
	at Tests.FranchisePartner.Enroll(FranchisePartner.java:253)
</failure>
    <system-out><![CDATA[Request URL: https://hydraqa.unicity.net/v5a-test/quotes?&expand=item
Entry Quotes response : {"items":[{"lines":{"items":[{"item":{"href":"https:\/\/hydraqa.unicity.net\/v5a-test\/items\/ce9cbecebbd583d0df582da5e1c57ce2","id":{"unicity":"26306"},"weightEach":{"value":0},"servingsPerContainer":0,"servingSize":0},"quantity":1,"terms":{"priceEach":209.76,"taxEach":{"amount":5.24},"discountEach":{"amount":0},"pvEach":143},"quantityLimit":{"quantityQuota":-1,"timeFrameDays":-1,"quantityOrdered":0}}]},"currency":"CHF"},{"lines":{"items":[{"item":{"href":"https:\/\/hydraqa.unicity.net\/v5a-test\/items\/a7bda1cb4a35343e52791aba56debc4a","id":{"unicity":"27617"},"weightEach":{"value":0},"servingsPerContainer":0,"servingSize":0},"quantity":1,"terms":{"priceEach":37.07,"taxEach":{"amount":0.93},"discountEach":{"amount":0},"pvEach":23},"quantityLimit":{"quantityQuota":-1,"timeFrameDays":-1,"quantityOrdered":0}}]},"currency":"CHF"},{"lines":{"items":[{"item":{"href":"https:\/\/hydraqa.unicity.net\/v5a-test\/items\/04614fabe9e2c10ec4968feb09a6cf7e","id":{"unicity":"31400"},"weightEach":{"value":0},"servingsPerContainer":0,"servingSize":0},"quantity":1,"terms":{"priceEach":74.15,"taxEach":{"amount":1.85},"discountEach":{"amount":0},"pvEach":45},"quantityLimit":{"quantityQuota":-1,"timeFrameDays":-1,"quantityOrdered":0}}]},"currency":"CHF"},{"lines":{"items":[{"item":{"href":"https:\/\/hydraqa.unicity.net\/v5a-test\/items\/e9991b48ac639367d526d2b9b22fac8c","id":{"unicity":"32128"},"weightEach":{"value":0},"servingsPerContainer":0,"servingSize":0},"quantity":1,"terms":{"priceEach":472.22,"taxEach":{"amount":11.81},"discountEach":{"amount":0},"pvEach":321},"quantityLimit":{"quantityQuota":-1,"timeFrameDays":-1,"quantityOrdered":0}}]},"currency":"CHF"},{"lines":{"items":[{"item":{"href":"https:\/\/hydraqa.unicity.net\/v5a-test\/items\/40b3312de189221d96d838d33a8ec49d","id":{"unicity":"32129"},"weightEach":{"value":0},"servingsPerContainer":0,"servingSize":0},"quantity":1,"terms":{"priceEach":472.22,"taxEach":{"amount":11.81},"discountEach":{"amount":0},"pvEach":326},"quantityLimit":{"quantityQuota":-1,"timeFrameDays":-1,"quantityOrdered":0}}]},"currency":"CHF"},{"lines":{"items":[{"item":{"href":"https:\/\/hydraqa.unicity.net\/v5a-test\/items\/6bd168a66ce41003a8f30917deff5808","id":{"unicity":"32130"},"weightEach":{"value":0},"servingsPerContainer":0,"servingSize":0},"quantity":1,"terms":{"priceEach":447.82,"taxEach":{"amount":11.2},"discountEach":{"amount":0},"pvEach":304},"quantityLimit":{"quantityQuota":-1,"timeFrameDays":-1,"quantityOrdered":0}}]},"currency":"CHF"},{"lines":{"items":[{"item":{"href":"https:\/\/hydraqa.unicity.net\/v5a-test\/items\/806f99b793edd7cd0b1c158ba0eb3142","id":{"unicity":"32132"},"weightEach":{"value":0},"servingsPerContainer":0,"servingSize":0},"quantity":1,"terms":{"priceEach":451.72,"taxEach":{"amount":11.29},"discountEach":{"amount":0},"pvEach":325},"quantityLimit":{"quantityQuota":-1,"timeFrameDays":-1,"quantityOrdered":0}}]},"currency":"CHF"},{"lines":{"items":[{"item":{"href":"https:\/\/hydraqa.unicity.net\/v5a-test\/items\/e3d382d99fde8659cb146b54116e7654","id":{"unicity":"32133"},"weightEach":{"value":0},"servingsPerContainer":0,"servingSize":0},"quantity":1,"terms":{"priceEach":467.34,"taxEach":{"amount":11.68},"discountEach":{"amount":0},"pvEach":330},"quantityLimit":{"quantityQuota":-1,"timeFrameDays":-1,"quantityOrdered":0}}]},"currency":"CHF"},{"lines":{"items":[{"item":{"href":"https:\/\/hydraqa.unicity.net\/v5a-test\/items\/022f109fe6e5eae3e521295a5cb94c60","id":{"unicity":"32134"},"weightEach":{"value":0},"servingsPerContainer":0,"servingSize":0},"quantity":1,"terms":{"priceEach":177.57,"taxEach":{"amount":4.44},"discountEach":{"amount":0},"pvEach":121},"quantityLimit":{"quantityQuota":-1,"timeFrameDays":-1,"quantityOrdered":0}}]},"currency":"CHF"},{"lines":{"items":[{"item":{"href":"https:\/\/hydraqa.unicity.net\/v5a-test\/items\/ded00960d5e948dd8e511a9c752e1ff9","id":{"unicity":"32135"},"weightEach":{"value":0},"servingsPerContainer":0,"servingSize":0},"quantity":1,"terms":{"priceEach":200,"taxEach":{"amount":5},"discountEach":{"amount":0},"pvEach":153},"quantityLimit":{"quantityQuota":-1,"timeFrameDays":-1,"quantityOrdered":0}}]},"currency":"CHF"},{"lines":{"items":[{"item":{"href":"https:\/\/hydraqa.unicity.net\/v5a-test\/items\/166a69d45c4ae40278554e24d5f40443","id":{"unicity":"32137"},"weightEach":{"value":0},"servingsPerContainer":0,"servingSize":0},"quantity":1,"terms":{"priceEach":207.82,"taxEach":{"amount":5.2},"discountEach":{"amount":0},"pvEach":147},"quantityLimit":{"quantityQuota":-1,"timeFrameDays":-1,"quantityOrdered":0}}]},"currency":"CHF"},{"lines":{"items":[{"item":{"href":"https:\/\/hydraqa.unicity.net\/v5a-test\/items\/d04a0b8762b20202b6273114fb7302d1","id":{"unicity":"32138"},"weightEach":{"value":0},"servingsPerContainer":0,"servingSize":0},"quantity":1,"terms":{"priceEach":281.97,"taxEach":{"amount":7.05},"discountEach":{"amount":0},"pvEach":192},"quantityLimit":{"quantityQuota":-1,"timeFrameDays":-1,"quantityOrdered":0}}]},"currency":"CHF"},{"lines":{"items":[{"item":{"href":"https:\/\/hydraqa.unicity.net\/v5a-test\/items\/e13d0b5c40704ad5dd186959367c97f1","id":{"unicity":"32125"},"weightEach":{"value":0},"servingsPerContainer":0,"servingSize":0},"quantity":1,"terms":{"priceEach":467.35,"taxEach":{"amount":11.68},"discountEach":{"amount":0},"pvEach":309},"quantityLimit":{"quantityQuota":-1,"timeFrameDays":-1,"quantityOrdered":0}}]},"currency":"CHF"},{"lines":{"items":[{"item":{"href":"https:\/\/hydraqa.unicity.net\/v5a-test\/items\/c451532f63a06f0e9a054e946a1a1c3b","id":{"unicity":"18511"},"weightEach":{"value":0},"servingsPerContainer":0,"servingSize":0},"quantity":1,"terms":{"priceEach":47.8,"taxEach":{"amount":1.2},"discountEach":{"amount":0},"pvEach":30},"quantityLimit":{"quantityQuota":-1,"timeFrameDays":-1,"quantityOrdered":0}}]},"currency":"CHF"},{"lines":{"items":[{"item":{"href":"https:\/\/hydraqa.unicity.net\/v5a-test\/items\/4e49c95f12ae7be78e5ffab68b8b3ca6","id":{"unicity":"26422"},"weightEach":{"value":0},"servingsPerContainer":0,"servingSize":0},"quantity":1,"terms":{"priceEach":24.39,"taxEach":{"amount":0.61},"discountEach":{"amount":0},"pvEach":18},"quantityLimit":{"quantityQuota":-1,"timeFrameDays":-1,"quantityOrdered":0}}]},"currency":"CHF"},{"lines":{"items":[{"item":{"href":"https:\/\/hydraqa.unicity.net\/v5a-test\/items\/50e73ecfa509ac20c4a250f9cb32fdfc","id":{"unicity":"27156"},"weightEach":{"value":0},"servingsPerContainer":0,"servingSize":0},"quantity":1,"terms":{"priceEach":24.39,"taxEach":{"amount":0.61},"discountEach":{"amount":0},"pvEach":15},"quantityLimit":{"quantityQuota":-1,"timeFrameDays":-1,"quantityOrdered":0}}]},"currency":"CHF"},{"lines":{"items":[{"item":{"href":"https:\/\/hydraqa.unicity.net\/v5a-test\/items\/d92292ba2f23c030e4a1f63eb3ebe1ce","id":{"unicity":"27158"},"weightEach":{"value":0},"servingsPerContainer":0,"servingSize":0},"quantity":1,"terms":{"priceEach":32.2,"taxEach":{"amount":0.81},"discountEach":{"amount":0},"pvEach":25},"quantityLimit":{"quantityQuota":-1,"timeFrameDays":-1,"quantityOrdered":0}}]},"currency":"CHF"},{"lines":{"items":[{"item":{"href":"https:\/\/hydraqa.unicity.net\/v5a-test\/items\/ac37bf51ff7e4fe860da8457f6ce0425","id":{"unicity":"27166"},"weightEach":{"value":0},"servingsPerContainer":0,"servingSize":0},"quantity":1,"terms":{"priceEach":96.59,"taxEach":{"amount":2.41},"discountEach":{"amount":0},"pvEach":75},"quantityLimit":{"quantityQuota":-1,"timeFrameDays":-1,"quantityOrdered":0}}]},"currency":"CHF"},{"lines":{"items":[{"item":{"href":"https:\/\/hydraqa.unicity.net\/v5a-test\/items\/a36d9fdd0fd7561e6180fb5b2ff27164","id":{"unicity":"27660"},"weightEach":{"value":0},"servingsPerContainer":0,"servingSize":0},"quantity":1,"terms":{"priceEach":39.02,"taxEach":{"amount":0.98},"discountEach":{"amount":0},"pvEach":23},"quantityLimit":{"quantityQuota":-1,"timeFrameDays":-1,"quantityOrdered":0}}]},"currency":"CHF"},{"lines":{"items":[{"item":{"href":"https:\/\/hydraqa.unicity.net\/v5a-test\/items\/fc6a55f19d99547a667b22a83c35ca13","id":{"unicity":"27436"},"weightEach":{"value":0},"servingsPerContainer":0,"servingSize":0},"quantity":1,"terms":{"priceEach":96.59,"taxEach":{"amount":2.41},"discountEach":{"amount":0},"pvEach":70},"quantityLimit":{"quantityQuota":-1,"timeFrameDays":-1,"quantityOrdered":0}}]},"currency":"CHF"},{"lines":{"items":[{"item":{"href":"https:\/\/hydraqa.unicity.net\/v5a-test\/items\/0c0717a26fcfe40310e906487e8a12f7","id":{"unicity":"28601"},"weightEach":{"value":0},"servingsPerContainer":0,"servingSize":0},"quantity":1,"terms":{"priceEach":96.59,"taxEach":{"amount":2.41},"discountEach":{"amount":0},"pvEach":75},"quantityLimit":{"quantityQuota":-1,"timeFrameDays":-1,"quantityOrdered":0}}]},"currency":"CHF"},{"lines":{"items":[{"item":{"href":"https:\/\/hydraqa.unicity.net\/v5a-test\/items\/4790a55c442b5dc75a13b155e78c1842","id":{"unicity":"28604"},"weightEach":{"value":0},"servingsPerContainer":0,"servingSize":0},"quantity":1,"terms":{"priceEach":96.59,"taxEach":{"amount":2.41},"discountEach":{"amount":0},"pvEach":75},"quantityLimit":{"quantityQuota":-1,"timeFrameDays":-1,"quantityOrdered":0}}]},"currency":"CHF"},{"lines":{"items":[{"item":{"href":"https:\/\/hydraqa.unicity.net\/v5a-test\/items\/64ec7ad932acafab052a4e8800ad1238","id":{"unicity":"24758"},"weightEach":{"value":0},"servingsPerContainer":0,"servingSize":0},"quantity":1,"terms":{"priceEach":47.8,"taxEach":{"amount":1.2},"discountEach":{"amount":0},"pvEach":30},"quantityLimit":{"quantityQuota":-1,"timeFrameDays":-1,"quantityOrdered":0}}]},"currency":"CHF"},{"lines":{"items":[{"item":{"href":"https:\/\/hydraqa.unicity.net\/v5a-test\/items\/db0a2b02eaabc5ad45fe91ba5c7bcf5a","id":{"unicity":"31772"},"weightEach":{"value":0},"servingsPerContainer":0,"servingSize":0},"quantity":1,"terms":{"priceEach":12.07,"taxEach":{"amount":0.93},"discountEach":{"amount":0},"pvEach":0},"quantityLimit":{"quantityQuota":-1,"timeFrameDays":-1,"quantityOrdered":0}}]},"currency":"CHF"},{"lines":{"items":[{"item":{"href":"https:\/\/hydraqa.unicity.net\/v5a-test\/items\/34c8c6b0f454da738e64265f08c57a72","id":{"unicity":"31777"},"weightEach":{"value":0},"servingsPerContainer":0,"servingSize":0},"quantity":1,"terms":{"priceEach":6.96,"taxEach":{"amount":0.54},"discountEach":{"amount":0},"pvEach":3},"quantityLimit":{"quantityQuota":-1,"timeFrameDays":-1,"quantityOrdered":0}}]},"currency":"CHF"},{"lines":{"items":[{"item":{"href":"https:\/\/hydraqa.unicity.net\/v5a-test\/items\/fc8583e3bf463b599fdcce05234bc137","id":{"unicity":"31780"},"weightEach":{"value":0},"servingsPerContainer":0,"servingSize":0},"quantity":1,"terms":{"priceEach":9.28,"taxEach":{"amount":0.71},"discountEach":{"amount":0},"pvEach":4},"quantityLimit":{"quantityQuota":-1,"timeFrameDays":-1,"quantityOrdered":0}}]},"currency":"CHF"},{"lines":{"items":[{"item":{"href":"https:\/\/hydraqa.unicity.net\/v5a-test\/items\/7e80331c8c25f515174d3f894283a27c","id":{"unicity":"31781"},"weightEach":{"value":0},"servingsPerContainer":0,"servingSize":0},"quantity":1,"terms":{"priceEach":9.28,"taxEach":{"amount":0.71},"discountEach":{"amount":0},"pvEach":4},"quantityLimit":{"quantityQuota":-1,"timeFrameDays":-1,"quantityOrdered":0}}]},"currency":"CHF"},{"lines":{"items":[{"item":{"href":"https:\/\/hydraqa.unicity.net\/v5a-test\/items\/8d3854b47de8e45d6fcdc194dffff601","id":{"unicity":"31782"},"weightEach":{"value":0},"servingsPerContainer":0,"servingSize":0},"quantity":1,"terms":{"priceEach":13.93,"taxEach":{"amount":1.07},"discountEach":{"amount":0},"pvEach":6},"quantityLimit":{"quantityQuota":-1,"timeFrameDays":-1,"quantityOrdered":0}}]},"currency":"CHF"},{"lines":{"items":[{"item":{"href":"https:\/\/hydraqa.unicity.net\/v5a-test\/items\/04516be30bd9bf93e01536e7fc8f8716","id":{"unicity":"31779"},"weightEach":{"value":0},"servingsPerContainer":0,"servingSize":0},"quantity":1,"terms":{"priceEach":11.14,"taxEach":{"amount":0.86},"discountEach":{"amount":0},"pvEach":5},"quantityLimit":{"quantityQuota":-1,"timeFrameDays":-1,"quantityOrdered":0}}]},"currency":"CHF"},{"lines":{"items":[{"item":{"href":"https:\/\/hydraqa.unicity.net\/v5a-test\/items\/d7e1dd4b19a8672aed99e591356c0d48","id":{"unicity":"31932"},"weightEach":{"value":0},"servingsPerContainer":0,"servingSize":0},"quantity":1,"terms":{"priceEach":6.96,"taxEach":{"amount":0.54},"discountEach":{"amount":0},"pvEach":3},"quantityLimit":{"quantityQuota":-1,"timeFrameDays":-1,"quantityOrdered":0}}]},"currency":"CHF"},{"lines":{"items":[{"item":{"href":"https:\/\/hydraqa.unicity.net\/v5a-test\/items\/1aa00306dc0006d365acd7436548f2e6","id":{"unicity":"31778"},"weightEach":{"value":0},"servingsPerContainer":0,"servingSize":0},"quantity":1,"terms":{"priceEach":13.93,"taxEach":{"amount":1.07},"discountEach":{"amount":0},"pvEach":6},"quantityLimit":{"quantityQuota":-1,"timeFrameDays":-1,"quantityOrdered":0}}]},"currency":"CHF"},{"lines":{"items":[{"item":{"href":"https:\/\/hydraqa.unicity.net\/v5a-test\/items\/881451fd39a6a3113e33935db22da7ae","id":{"unicity":"32553"},"weightEach":{"value":0},"servingsPerContainer":0,"servingSize":0},"quantity":1,"terms":{"priceEach":2.79,"taxEach":{"amount":0.21},"discountEach":{"amount":0},"pvEach":0},"quantityLimit":{"quantityQuota":-1,"timeFrameDays":-1,"quantityOrdered":0}}]},"currency":"CHF"},{"lines":{"items":[{"item":{"href":"https:\/\/hydraqa.unicity.net\/v5a-test\/items\/4fc6de0cb7817f39a836ff08609b8539","id":{"unicity":"32556"},"weightEach":{"value":0},"servingsPerContainer":0,"servingSize":0},"quantity":1,"terms":{"priceEach":2.79,"taxEach":{"amount":0.21},"discountEach":{"amount":0},"pvEach":0},"quantityLimit":{"quantityQuota":-1,"timeFrameDays":-1,"quantityOrdered":0}}]},"currency":"CHF"},{"lines":{"items":[{"item":{"href":"https:\/\/hydraqa.unicity.net\/v5a-test\/items\/a85cc4a606716ce7b10b8bd76dca368f","id":{"unicity":"22605"},"weightEach":{"value":0},"servingsPerContainer":0,"servingSize":0},"quantity":1,"terms":{"priceEach":37.14,"taxEach":{"amount":2.86},"discountEach":{"amount":0},"pvEach":0},"quantityLimit":{"quantityQuota":-1,"timeFrameDays":-1,"quantityOrdered":0}}]},"currency":"CHF"},{"lines":{"items":[{"item":{"href":"https:\/\/hydraqa.unicity.net\/v5a-test\/items\/2262fdd5af916c31df08089c191735c1","id":{"unicity":"29317"},"weightEach":{"value":0},"servingsPerContainer":0,"servingSize":0},"quantity":1,"terms":{"priceEach":26.93,"taxEach":{"amount":2.07},"discountEach":{"amount":0},"pvEach":0},"quantityLimit":{"quantityQuota":-1,"timeFrameDays":-1,"quantityOrdered":0}}]},"currency":"CHF"},{"lines":{"items":[{"item":{"href":"https:\/\/hydraqa.unicity.net\/v5a-test\/items\/34c53e6d4cce0f8a72327d86c3ef04cb","id":{"unicity":"30103"},"weightEach":{"value":0},"servingsPerContainer":0,"servingSize":0},"quantity":1,"terms":{"priceEach":37.14,"taxEach":{"amount":2.86},"discountEach":{"amount":0},"pvEach":0},"quantityLimit":{"quantityQuota":-1,"timeFrameDays":-1,"quantityOrdered":0}}]},"currency":"CHF"},{"lines":{"items":[{"item":{"href":"https:\/\/hydraqa.unicity.net\/v5a-test\/items\/217ca02fbd24e21ca5281412756238ab","id":{"unicity":"32126"},"weightEach":{"value":0},"servingsPerContainer":0,"servingSize":0},"quantity":1,"terms":{"priceEach":184.39,"taxEach":{"amount":4.61},"discountEach":{"amount":0},"pvEach":121},"quantityLimit":{"quantityQuota":-1,"timeFrameDays":-1,"quantityOrdered":0}}]},"currency":"CHF"},{"lines":{"items":[{"item":{"href":"https:\/\/hydraqa.unicity.net\/v5a-test\/items\/808008a0657d2033ad471c39bbce9891","id":{"unicity":"32127"},"weightEach":{"value":0},"servingsPerContainer":0,"servingSize":0},"quantity":1,"terms":{"priceEach":212.68,"taxEach":{"amount":5.32},"discountEach":{"amount":0},"pvEach":153},"quantityLimit":{"quantityQuota":-1,"timeFrameDays":-1,"quantityOrdered":0}}]},"currency":"CHF"},{"lines":{"items":[{"item":{"href":"https:\/\/hydraqa.unicity.net\/v5a-test\/items\/2f1d0aa90494ae2e08035922c701f968","id":{"unicity":"29832"},"weightEach":{"value":0},"servingsPerContainer":0,"servingSize":0},"quantity":1,"terms":{"priceEach":54,"taxEach":{"amount":1.35},"discountEach":{"amount":0},"pvEach":42},"quantityLimit":{"quantityQuota":-1,"timeFrameDays":-1,"quantityOrdered":0}}]},"currency":"CHF"},{"lines":{"items":[{"item":{"href":"https:\/\/hydraqa.unicity.net\/v5a-test\/items\/10df0fc3509b53cbeaeb9476ca92d520","id":{"unicity":"29833"},"weightEach":{"value":0},"servingsPerContainer":0,"servingSize":0},"quantity":1,"terms":{"priceEach":108.29,"taxEach":{"amount":2.71},"discountEach":{"amount":0},"pvEach":82},"quantityLimit":{"quantityQuota":-1,"timeFrameDays":-1,"quantityOrdered":0}}]},"currency":"CHF"},{"lines":{"items":[{"item":{"href":"https:\/\/hydraqa.unicity.net\/v5a-test\/items\/a8dde31141ab8a13c032a00e7baa99cb","id":{"unicity":"30286"},"weightEach":{"value":0},"servingsPerContainer":0,"servingSize":0},"quantity":1,"terms":{"priceEach":153.17,"taxEach":{"amount":3.83},"discountEach":{"amount":0},"pvEach":107},"quantityLimit":{"quantityQuota":-1,"timeFrameDays":-1,"quantityOrdered":0}}]},"currency":"CHF"},{"lines":{"items":[{"item":{"href":"https:\/\/hydraqa.unicity.net\/v5a-test\/items\/a92d4960492e2073278fc0e8bc2af366","id":{"unicity":"31740"},"weightEach":{"value":0},"servingsPerContainer":0,"servingSize":0},"quantity":1,"terms":{"priceEach":319.95,"taxEach":{"amount":8},"discountEach":{"amount":0},"pvEach":246},"quantityLimit":{"quantityQuota":-1,"timeFrameDays":-1,"quantityOrdered":0}}]},"currency":"CHF"},{"lines":{"items":[{"item":{"href":"https:\/\/hydraqa.unicity.net\/v5a-test\/items\/22bcf973992a4b675adc842abb433e1a","id":{"unicity":"32140"},"weightEach":{"value":0},"servingsPerContainer":0,"servingSize":0},"quantity":1,"terms":{"priceEach":341.46,"taxEach":{"amount":8.54},"discountEach":{"amount":0},"pvEach":252},"quantityLimit":{"quantityQuota":-1,"timeFrameDays":-1,"quantityOrdered":0}}]},"currency":"CHF"},{"lines":{"items":[{"item":{"href":"https:\/\/hydraqa.unicity.net\/v5a-test\/items\/fc5edcf55b7c5c1a614dba71c684da38","id":{"unicity":"32141"},"weightEach":{"value":0},"servingsPerContainer":0,"servingSize":0},"quantity":1,"terms":{"priceEach":386.34,"taxEach":{"amount":9.66},"discountEach":{"amount":0},"pvEach":300},"quantityLimit":{"quantityQuota":-1,"timeFrameDays":-1,"quantityOrdered":0}}]},"currency":"CHF"},{"lines":{"items":[{"item":{"href":"https:\/\/hydraqa.unicity.net\/v5a-test\/items\/2482022792c4e0620583120981373ca1","id":{"unicity":"32148"},"weightEach":{"value":0},"servingsPerContainer":0,"servingSize":0},"quantity":1,"terms":{"priceEach":380.49,"taxEach":{"amount":9.51},"discountEach":{"amount":0},"pvEach":269},"quantityLimit":{"quantityQuota":-1,"timeFrameDays":-1,"quantityOrdered":0}}]},"currency":"CHF"},{"lines":{"items":[{"item":{"href":"https:\/\/hydraqa.unicity.net\/v5a-test\/items\/148f1e203cf006e83ed482843cbd3a5c","id":{"unicity":"32149"},"weightEach":{"value":0},"servingsPerContainer":0,"servingSize":0},"quantity":1,"terms":{"priceEach":373.66,"taxEach":{"amount":9.34},"discountEach":{"amount":0},"pvEach":266},"quantityLimit":{"quantityQuota":-1,"timeFrameDays":-1,"quantityOrdered":0}}]},"currency":"CHF"},{"lines":{"items":[{"item":{"href":"https:\/\/hydraqa.unicity.net\/v5a-test\/items\/c43d0c38e09dbbf94408a662cd23dfa0","id":{"unicity":"32144"},"weightEach":{"value":0},"servingsPerContainer":0,"servingSize":0},"quantity":1,"terms":{"priceEach":663.41,"taxEach":{"amount":16.59},"discountEach":{"amount":0},"pvEach":500},"quantityLimit":{"quantityQuota":-1,"timeFrameDays":-1,"quantityOrdered":0}}]},"currency":"CHF"},{"lines":{"items":[{"item":{"href":"https:\/\/hydraqa.unicity.net\/v5a-test\/items\/e931a471e0a518f071b09ab5479f0ba6","id":{"unicity":"32146"},"weightEach":{"value":0},"servingsPerContainer":0,"servingSize":0},"quantity":1,"terms":{"priceEach":710.24,"taxEach":{"amount":17.76},"discountEach":{"amount":0},"pvEach":508},"quantityLimit":{"quantityQuota":-1,"timeFrameDays":-1,"quantityOrdered":0}}]},"currency":"CHF"},{"lines":{"items":[{"item":{"href":"https:\/\/hydraqa.unicity.net\/v5a-test\/items\/337651da22c0ffaf01f33af882636ea6","id":{"unicity":"32142"},"weightEach":{"value":0},"servingsPerContainer":0,"servingSize":0},"quantity":1,"terms":{"priceEach":714.15,"taxEach":{"amount":17.85},"discountEach":{"amount":0},"pvEach":502},"quantityLimit":{"quantityQuota":-1,"timeFrameDays":-1,"quantityOrdered":0}}]},"currency":"CHF"},{"lines":{"items":[{"item":{"href":"https:\/\/hydraqa.unicity.net\/v5a-test\/items\/fd906afd8b19d76e7cbef9a8aec7484a","id":{"unicity":"32145"},"weightEach":{"value":0},"servingsPerContainer":0,"servingSize":0},"quantity":1,"terms":{"priceEach":1381.46,"taxEach":{"amount":34.54},"discountEach":{"amount":0},"pvEach":1038},"quantityLimit":{"quantityQuota":-1,"timeFrameDays":-1,"quantityOrdered":0}}]},"currency":"CHF"},{"lines":{"items":[{"item":{"href":"https:\/\/hydraqa.unicity.net\/v5a-test\/items\/feb92dd34cb5c38490043c2c9808e546","id":{"unicity":"32147"},"weightEach":{"value":0},"servingsPerContainer":0,"servingSize":0},"quantity":1,"terms":{"priceEach":1420.49,"taxEach":{"amount":35.51},"discountEach":{"amount":0},"pvEach":1016},"quantityLimit":{"quantityQuota":-1,"timeFrameDays":-1,"quantityOrdered":0}}]},"currency":"CHF"},{"lines":{"items":[{"item":{"href":"https:\/\/hydraqa.unicity.net\/v5a-test\/items\/03a49a6a2def2af96f0da8ba279b0f4f","id":{"unicity":"32143"},"weightEach":{"value":0},"servingsPerContainer":0,"servingSize":0},"quantity":1,"terms":{"priceEach":1428.29,"taxEach":{"amount":35.71},"discountEach":{"amount":0},"pvEach":1004},"quantityLimit":{"quantityQuota":-1,"timeFrameDays":-1,"quantityOrdered":0}}]},"currency":"CHF"},{"lines":{"items":[{"item":{"href":"https:\/\/hydraqa.unicity.net\/v5a-test\/items\/332daeac6796ed016ea8b7d0bc42c2d4","id":{"unicity":"24274"},"weightEach":{"value":0},"servingsPerContainer":0,"servingSize":0},"quantity":1,"terms":{"priceEach":9.29,"taxEach":{"amount":0.72},"discountEach":{"amount":0},"pvEach":0},"quantityLimit":{"quantityQuota":-1,"timeFrameDays":-1,"quantityOrdered":0}}]},"currency":"CHF"},{"lines":{"items":[{"item":{"href":"https:\/\/hydraqa.unicity.net\/v5a-test\/items\/1945faa1776541d53120ecfe3c1d8a2b","id":{"unicity":"24418"},"weightEach":{"value":0},"servingsPerContainer":0,"servingSize":0},"quantity":1,"terms":{"priceEach":5.57,"taxEach":{"amount":0.43},"discountEach":{"amount":0},"pvEach":0},"quantityLimit":{"quantityQuota":-1,"timeFrameDays":-1,"quantityOrdered":0}}]},"currency":"CHF"},{"lines":{"items":[{"item":{"href":"https:\/\/hydraqa.unicity.net\/v5a-test\/items\/10da226fab00279b4f89df10af2a10b7","id":{"unicity":"26442"},"weightEach":{"value":0},"servingsPerContainer":0,"servingSize":0},"quantity":1,"terms":{"priceEach":7.43,"taxEach":{"amount":0.57},"discountEach":{"amount":0},"pvEach":0},"quantityLimit":{"quantityQuota":-1,"timeFrameDays":-1,"quantityOrdered":0}}]},"currency":"CHF"},{"lines":{"items":[{"item":{"href":"https:\/\/hydraqa.unicity.net\/v5a-test\/items\/5147f8cfe32548e02fc158d4da9c4d6f","id":{"unicity":"27150"},"weightEach":{"value":0},"servingsPerContainer":0,"servingSize":0},"quantity":1,"terms":{"priceEach":111.22,"taxEach":{"amount":2.78},"discountEach":{"amount":0},"pvEach":80},"quantityLimit":{"quantityQuota":-1,"timeFrameDays":-1,"quantityOrdered":0}}]},"currency":"CHF"},{"lines":{"items":[{"item":{"href":"https:\/\/hydraqa.unicity.net\/v5a-test\/items\/03eba2365025ccd85818846a83a16f47","id":{"unicity":"27163"},"weightEach":{"value":0},"servingsPerContainer":0,"servingSize":0},"quantity":1,"terms":{"priceEach":96.59,"taxEach":{"amount":2.41},"discountEach":{"amount":0},"pvEach":75},"quantityLimit":{"quantityQuota":-1,"timeFrameDays":-1,"quantityOrdered":0}}]},"currency":"CHF"},{"lines":{"items":[{"item":{"href":"https:\/\/hydraqa.unicity.net\/v5a-test\/items\/112b8c39286598b3730f630f371a45f4","id":{"unicity":"27587"},"weightEach":{"value":0},"servingsPerContainer":0,"servingSize":0},"quantity":1,"terms":{"priceEach":74.15,"taxEach":{"amount":1.85},"discountEach":{"amount":0},"pvEach":45},"quantityLimit":{"quantityQuota":-1,"timeFrameDays":-1,"quantityOrdered":0}}]},"currency":"CHF"},{"lines":{"items":[{"item":{"href":"https:\/\/hydraqa.unicity.net\/v5a-test\/items\/0eebdede5bdb8bf4d71e800b6f3cead1","id":{"unicity":"30825"},"weightEach":{"value":0},"servingsPerContainer":0,"servingSize":0},"quantity":1,"terms":{"priceEach":47.8,"taxEach":{"amount":1.2},"discountEach":{"amount":0},"pvEach":30},"quantityLimit":{"quantityQuota":-1,"timeFrameDays":-1,"quantityOrdered":0}}]},"currency":"CHF"},{"lines":{"items":[{"item":{"href":"https:\/\/hydraqa.unicity.net\/v5a-test\/items\/024e696f8b44a1d315006e676604cd31","id":{"unicity":"27395"},"weightEach":{"value":0},"servingsPerContainer":0,"servingSize":0},"quantity":1,"terms":{"priceEach":37.07,"taxEach":{"amount":0.93},"discountEach":{"amount":0},"pvEach":23},"quantityLimit":{"quantityQuota":-1,"timeFrameDays":-1,"quantityOrdered":0}}]},"currency":"CHF"},{"lines":{"items":[{"item":{"href":"https:\/\/hydraqa.unicity.net\/v5a-test\/items\/4b2034f47fce90b87bba28c5c2d7c25d","id":{"unicity":"15880"},"weightEach":{"value":0},"servingsPerContainer":0,"servingSize":0},"quantity":1,"terms":{"priceEach":62.44,"taxEach":{"amount":1.56},"discountEach":{"amount":0},"pvEach":40},"quantityLimit":{"quantityQuota":-1,"timeFrameDays":-1,"quantityOrdered":0}}]},"currency":"CHF"},{"lines":{"items":[{"item":{"href":"https:\/\/hydraqa.unicity.net\/v5a-test\/items\/398d06b858b960f6f38086d40608aef2","id":{"unicity":"26560"},"weightEach":{"value":0},"servingsPerContainer":0,"servingSize":0},"quantity":1,"terms":{"priceEach":24.39,"taxEach":{"amount":0.61},"discountEach":{"amount":0},"pvEach":15},"quantityLimit":{"quantityQuota":-1,"timeFrameDays":-1,"quantityOrdered":0}}]},"currency":"CHF"},{"lines":{"items":[{"item":{"href":"https:\/\/hydraqa.unicity.net\/v5a-test\/items\/e218d1cac5f31e7ae4f5876c29c57377","id":{"unicity":"29017"},"weightEach":{"value":0},"servingsPerContainer":0,"servingSize":0},"quantity":1,"terms":{"priceEach":34.15,"taxEach":{"amount":0.85},"discountEach":{"amount":0},"pvEach":21},"quantityLimit":{"quantityQuota":-1,"timeFrameDays":-1,"quantityOrdered":0}}]},"currency":"CHF"},{"lines":{"items":[{"item":{"href":"https:\/\/hydraqa.unicity.net\/v5a-test\/items\/3f2d12d7a0e8551fc99fad3bbe1ba633","id":{"unicity":"26567"},"weightEach":{"value":0},"servingsPerContainer":0,"servingSize":0},"quantity":1,"terms":{"priceEach":73.17,"taxEach":{"amount":1.83},"discountEach":{"amount":0},"pvEach":38},"quantityLimit":{"quantityQuota":-1,"timeFrameDays":-1,"quantityOrdered":0}}]},"currency":"CHF"},{"lines":{"items":[{"item":{"href":"https:\/\/hydraqa.unicity.net\/v5a-test\/items\/191637167cb3144bd2e8c4615e9ab67e","id":{"unicity":"26568"},"weightEach":{"value":0},"servingsPerContainer":0,"servingSize":0},"quantity":1,"terms":{"priceEach":73.17,"taxEach":{"amount":1.83},"discountEach":{"amount":0},"pvEach":38},"quantityLimit":{"quantityQuota":-1,"timeFrameDays":-1,"quantityOrdered":0}}]},"currency":"CHF"},{"lines":{"items":[{"item":{"href":"https:\/\/hydraqa.unicity.net\/v5a-test\/items\/606f7be753c74dfbfe4b107276775140","id":{"unicity":"29821"},"weightEach":{"value":0},"servingsPerContainer":0,"servingSize":0},"quantity":1,"terms":{"priceEach":103.41,"taxEach":{"amount":2.59},"discountEach":{"amount":0},"pvEach":78},"quantityLimit":{"quantityQuota":-1,"timeFrameDays":-1,"quantityOrdered":0}}]},"currency":"CHF"},{"lines":{"items":[{"item":{"href":"https:\/\/hydraqa.unicity.net\/v5a-test\/items\/94939f9be900906d2b47260ccba22a7b","id":{"unicity":"32012"},"weightEach":{"value":0},"servingsPerContainer":0,"servingSize":0},"quantity":1,"terms":{"priceEach":18.54,"taxEach":{"amount":0.46},"discountEach":{"amount":0},"pvEach":8},"quantityLimit":{"quantityQuota":-1,"timeFrameDays":-1,"quantityOrdered":0}}]},"currency":"CHF"},{"lines":{"items":[{"item":{"href":"https:\/\/hydraqa.unicity.net\/v5a-test\/items\/2c4c1abe00983e85aaa918d2ce341491","id":{"unicity":"17174"},"weightEach":{"value":0},"servingsPerContainer":0,"servingSize":0},"quantity":1,"terms":{"priceEach":47.8,"taxEach":{"amount":1.2},"discountEach":{"amount":0},"pvEach":30},"quantityLimit":{"quantityQuota":-1,"timeFrameDays":-1,"quantityOrdered":0}}]},"currency":"CHF"},{"lines":{"items":[{"item":{"href":"https:\/\/hydraqa.unicity.net\/v5a-test\/items\/991cdbb84a495779eb209fb3956a77e4","id":{"unicity":"29183"},"weightEach":{"value":0},"servingsPerContainer":0,"servingSize":0},"quantity":1,"terms":{"priceEach":39,"taxEach":{"amount":3},"discountEach":{"amount":0},"pvEach":22},"quantityLimit":{"quantityQuota":-1,"timeFrameDays":-1,"quantityOrdered":0}}]},"currency":"CHF"},{"lines":{"items":[{"item":{"href":"https:\/\/hydraqa.unicity.net\/v5a-test\/items\/0e78fbdfebef11cd62f8d2120064ee58","id":{"unicity":"30280"},"weightEach":{"value":0},"servingsPerContainer":0,"servingSize":0},"quantity":1,"terms":{"priceEach":45.5,"taxEach":{"amount":3.5},"discountEach":{"amount":0},"pvEach":25},"quantityLimit":{"quantityQuota":-1,"timeFrameDays":-1,"quantityOrdered":0}}]},"currency":"CHF"},{"lines":{"items":[{"item":{"href":"https:\/\/hydraqa.unicity.net\/v5a-test\/items\/beb900429fbb160dbfc3001c14d96df4","id":{"unicity":"29187"},"weightEach":{"value":0},"servingsPerContainer":0,"servingSize":0},"quantity":1,"terms":{"priceEach":52,"taxEach":{"amount":4},"discountEach":{"amount":0},"pvEach":30},"quantityLimit":{"quantityQuota":-1,"timeFrameDays":-1,"quantityOrdered":0}}]},"currency":"CHF"},{"lines":{"items":[{"item":{"href":"https:\/\/hydraqa.unicity.net\/v5a-test\/items\/1b0412bea8c0b841c66f65a36aa14108","id":{"unicity":"29191"},"weightEach":{"value":0},"servingsPerContainer":0,"servingSize":0},"quantity":1,"terms":{"priceEach":52,"taxEach":{"amount":4},"discountEach":{"amount":0},"pvEach":30},"quantityLimit":{"quantityQuota":-1,"timeFrameDays":-1,"quantityOrdered":0}}]},"currency":"CHF"},{"lines":{"items":[{"item":{"href":"https:\/\/hydraqa.unicity.net\/v5a-test\/items\/52c87f74d3b41ed49b0f897b66c2a99b","id":{"unicity":"30684"},"weightEach":{"value":0},"servingsPerContainer":0,"servingSize":0},"quantity":1,"terms":{"priceEach":47.8,"taxEach":{"amount":1.2},"discountEach":{"amount":0},"pvEach":30},"quantityLimit":{"quantityQuota":-1,"timeFrameDays":-1,"quantityOrdered":0}}]},"currency":"CHF"},{"lines":{"items":[{"item":{"href":"https:\/\/hydraqa.unicity.net\/v5a-test\/items\/ab2a2b07b17718843a66bee04ff40624","id":{"unicity":"31402"},"weightEach":{"value":0},"servingsPerContainer":0,"servingSize":0},"quantity":1,"terms":{"priceEach":117.07,"taxEach":{"amount":2.93},"discountEach":{"amount":0},"pvEach":85},"quantityLimit":{"quantityQuota":-1,"timeFrameDays":-1,"quantityOrdered":0}}]},"currency":"CHF"},{"lines":{"items":[{"item":{"href":"https:\/\/hydraqa.unicity.net\/v5a-test\/items\/7e5e7df32701fd44947c8146f2129f7a","id":{"unicity":"31672"},"weightEach":{"value":0},"servingsPerContainer":0,"servingSize":0},"quantity":1,"terms":{"priceEach":96.59,"taxEach":{"amount":2.41},"discountEach":{"amount":0},"pvEach":75},"quantityLimit":{"quantityQuota":-1,"timeFrameDays":-1,"quantityOrdered":0}}]},"currency":"CHF"},{"lines":{"items":[{"item":{"href":"https:\/\/hydraqa.unicity.net\/v5a-test\/items\/493c2ba720f847422eccc5da35024f33","id":{"unicity":"31534"},"weightEach":{"value":0},"servingsPerContainer":0,"servingSize":0},"quantity":1,"terms":{"priceEach":29.27,"taxEach":{"amount":0.73},"discountEach":{"amount":0},"pvEach":18},"quantityLimit":{"quantityQuota":-1,"timeFrameDays":-1,"quantityOrdered":0}}]},"currency":"CHF"},{"lines":{"items":[{"item":{"href":"https:\/\/hydraqa.unicity.net\/v5a-test\/items\/bfddb53fe0d5ed5432c531dc9850cbe4","id":{"unicity":"29449"},"weightEach":{"value":0},"servingsPerContainer":0,"servingSize":0},"quantity":1,"terms":{"priceEach":29.27,"taxEach":{"amount":0.73},"discountEach":{"amount":0},"pvEach":18},"quantityLimit":{"quantityQuota":-1,"timeFrameDays":-1,"quantityOrdered":0}}]},"currency":"CHF"},{"lines":{"items":[{"item":{"href":"https:\/\/hydraqa.unicity.net\/v5a-test\/items\/75b870fdff12be635674216fe88d3204","id":{"unicity":"29984"},"weightEach":{"value":0},"servingsPerContainer":0,"servingSize":0},"quantity":1,"terms":{"priceEach":52,"taxEach":{"amount":4},"discountEach":{"amount":0},"pvEach":30},"quantityLimit":{"quantityQuota":-1,"timeFrameDays":-1,"quantityOrdered":0}}]},"currency":"CHF"},{"lines":{"items":[{"item":{"href":"https:\/\/hydraqa.unicity.net\/v5a-test\/items\/fbb6dbd577adb73abaec364076fb288f","id":{"unicity":"32087"},"weightEach":{"value":0},"servingsPerContainer":0,"servingSize":0},"quantity":1,"terms":{"priceEach":25.37,"taxEach":{"amount":0.63},"discountEach":{"amount":0},"pvEach":11},"quantityLimit":{"quantityQuota":-1,"timeFrameDays":-1,"quantityOrdered":0}}]},"currency":"CHF"},{"lines":{"items":[{"item":{"href":"https:\/\/hydraqa.unicity.net\/v5a-test\/items\/35dcc0035e442bbe6482f178ec38522c","id":{"unicity":"31868"},"weightEach":{"value":0},"servingsPerContainer":0,"servingSize":0},"quantity":1,"terms":{"priceEach":25.37,"taxEach":{"amount":0.63},"discountEach":{"amount":0},"pvEach":11},"quantityLimit":{"quantityQuota":-1,"timeFrameDays":-1,"quantityOrdered":0}}]},"currency":"CHF"},{"lines":{"items":[{"item":{"href":"https:\/\/hydraqa.unicity.net\/v5a-test\/items\/baa263a2750aa330fbd9e5b96fdb2b55","id":{"unicity":"32609"},"weightEach":{"value":0},"servingsPerContainer":0,"servingSize":0},"quantity":1,"terms":{"priceEach":74.15,"taxEach":{"amount":1.85},"discountEach":{"amount":0},"pvEach":45},"quantityLimit":{"quantityQuota":-1,"timeFrameDays":-1,"quantityOrdered":0}}]},"currency":"CHF"},{"lines":{"items":[{"item":{"href":"https:\/\/hydraqa.unicity.net\/v5a-test\/items\/1f59b10f0bef99fa20e4b9b0b4efea88","id":{"unicity":"32333"},"weightEach":{"value":0},"servingsPerContainer":0,"servingSize":0},"quantity":1,"terms":{"priceEach":13,"taxEach":{"amount":1},"discountEach":{"amount":0},"pvEach":0},"quantityLimit":{"quantityQuota":-1,"timeFrameDays":-1,"quantityOrdered":0}}]},"currency":"CHF"},{"lines":{"items":[{"item":{"href":"https:\/\/hydraqa.unicity.net\/v5a-test\/items\/592aef9ec417f4553dc0b62a91a1f5e0","id":{"unicity":"32330"},"weightEach":{"value":0},"servingsPerContainer":0,"servingSize":0},"quantity":1,"terms":{"priceEach":116.1,"taxEach":{"amount":2.9},"discountEach":{"amount":0},"pvEach":70},"quantityLimit":{"quantityQuota":-1,"timeFrameDays":-1,"quantityOrdered":0}}]},"currency":"CHF"}]}
Entry request : {"order":{"customer":{"href":"https://hydraqa.unicity.net/v5a-test/customers?type=Associate"},"shipToAddress":{"country":"CH"}},"vary":{"lines":{"items":[{"item":{"href":"https://hydraqa.unicity.net/v5a-test/items?id.unicity=26306|27617|31763|31400|31951|31952|32128|32129|32130|32132|32133|32134|32135|32137|32138|32125|18511|26422|27156|27158|27166|27660|27436|28601|28604|24758|31772|31777|31780|31781|31782|31779|31932|31778|32553|32556|22605|29317|30103|32126|32127|29832|29833|30286|31740|32140|32141|32148|32149|32144|32756|32967|32968|32965|32966|32146|32142|32145|32147|32143|23989|24274|24418|26442|27150|27163|27587|30825|27395|15880|26560|29017|26567|26568|29821|32012|17174|29183|30280|29187|29191|30684|31402|31672|31534|29449|29984|32087|31868|32609|32333|32755|32330|32693"}}]}}}
Request URL: https://hydraqa.unicity.net/v5a-test/customers.js?callback=angular.callbacks._1&expand=customer,profilePicture&id.unicity=2
Request URL: https://hydraqa.unicity.net/v5a-test/customers.js?_httpMethod=HEAD&callback=angular.callbacks._7&email=MKEARI@gmail.com
Request URL: https://hydraqa.unicity.net/v5a-test/shippingmethods.js?callback=angular.callbacks._a&destination=CH&market=CH
]]></system-out>
    <system-err><![CDATA[Starting ChromeDriver 2.36.540470 (e522d04694c7ebea4ba8821272dbef4f9b818c91) on port 23816
Only local connections are allowed.
Jun 30, 2020 12:18:32 PM org.openqa.selenium.remote.ProtocolHandshake createSession
INFO: Detected dialect: OSS
]]></system-err>
  </testcase>
  <testcase name="Enroll" classname="Tests.FranchisePartner" time="18.903">
    <failure message="Low footer expected [SELEZIONA IL TUO MERCATO] but found [WÄHLEN SIE IHREN MARKT]" type="java.lang.AssertionError">java.lang.AssertionError: Low footer expected [SELEZIONA IL TUO MERCATO] but found [WÄHLEN SIE IHREN MARKT]
	at Tests.FranchisePartner.Enroll(FranchisePartner.java:248)
</failure>
    <system-err><![CDATA[Starting ChromeDriver 2.36.540470 (e522d04694c7ebea4ba8821272dbef4f9b818c91) on port 39787
Only local connections are allowed.
Jun 30, 2020 12:22:44 PM org.openqa.selenium.remote.ProtocolHandshake createSession
INFO: Detected dialect: OSS
]]></system-err>
  </testcase>
  <testcase name="Enroll" classname="Tests.FranchisePartner" time="296.163">
    <failure message="Critical A-Z section not displaying" type="java.lang.AssertionError">java.lang.AssertionError: Critical A-Z section not displaying
	at Tests.FranchisePartner.Enroll(FranchisePartner.java:249)
</failure>
    <system-out><![CDATA[Request URL: https://hydraqa.unicity.net/v5a-test/quotes?&expand=item
Entry Quotes response : {"items":[{"lines":{"items":[{"item":{"href":"https:\/\/hydraqa.unicity.net\/v5a-test\/items\/ab2a2b07b17718843a66bee04ff40624","id":{"unicity":"31402"},"weightEach":{"value":0},"servingsPerContainer":0,"servingSize":0},"quantity":1,"terms":{"priceEach":100,"taxEach":{"amount":9.09},"discountEach":{"amount":0},"pvEach":70},"quantityLimit":{"quantityQuota":-1,"timeFrameDays":-1,"quantityOrdered":0}}]},"currency":"EUR"}]}
Entry request : {"order":{"customer":{"href":"https://hydraqa.unicity.net/v5a-test/customers?type=Associate"},"shipToAddress":{"country":"ES"}},"vary":{"lines":{"items":[{"item":{"href":"https://hydraqa.unicity.net/v5a-test/items?id.unicity=27700|31763|31951|31952|32128|32129|32130|32132|32133|32134|32135|32136|32137|32138|32125|32699|33092|33094|33093|18511|19941|27156|27158|27160|27166|27617|27660|27587|28601|28604|27395|15880|29017|26567|26568|24758|31772|31738|31777|31780|31781|31782|31779|31932|31778|32553|32556|29317|29832|32126|32127|29833|32967|32968|32965|32966|32755|32756|33097|33095|33098|33096|24274|24418|27150|27163|27575|30825|26560|29821|32012|17174|29183|30280|29187|29191|30684|30198|31402|31672|31534|29449|29984|32087|31868|32609|32333|32330|32693"}}]}}}
]]></system-out>
    <system-err><![CDATA[Starting ChromeDriver 2.36.540470 (e522d04694c7ebea4ba8821272dbef4f9b818c91) on port 37811
Only local connections are allowed.
Jun 30, 2020 12:23:13 PM org.openqa.selenium.remote.ProtocolHandshake createSession
INFO: Detected dialect: OSS
]]></system-err>
  </testcase>
  <testcase name="Enroll" classname="Tests.FranchisePartner" time="287.163">
    <failure message="Critical A-Z section not displaying" type="java.lang.AssertionError">java.lang.AssertionError: Critical A-Z section not displaying
	at Tests.FranchisePartner.Enroll(FranchisePartner.java:249)
</failure>
    <system-out><![CDATA[Request URL: https://hydraqa.unicity.net/v5a-test/quotes?&expand=item
Entry Quotes response : {"items":[{"lines":{"items":[{"item":{"href":"https:\/\/hydraqa.unicity.net\/v5a-test\/items\/ab2a2b07b17718843a66bee04ff40624","id":{"unicity":"31402"},"weightEach":{"value":0},"servingsPerContainer":0,"servingSize":0},"quantity":1,"terms":{"priceEach":100,"taxEach":{"amount":9.09},"discountEach":{"amount":0},"pvEach":70},"quantityLimit":{"quantityQuota":-1,"timeFrameDays":-1,"quantityOrdered":0}}]},"currency":"EUR"}]}
Entry request : {"order":{"customer":{"href":"https://hydraqa.unicity.net/v5a-test/customers?type=Associate"},"shipToAddress":{"country":"ES"}},"vary":{"lines":{"items":[{"item":{"href":"https://hydraqa.unicity.net/v5a-test/items?id.unicity=27700|31763|31951|31952|32128|32129|32130|32132|32133|32134|32135|32136|32137|32138|32125|32699|33092|33094|33093|18511|19941|27156|27158|27160|27166|27617|27660|27587|28601|28604|27395|15880|29017|26567|26568|24758|31772|31738|31777|31780|31781|31782|31779|31932|31778|32553|32556|29317|29832|32126|32127|29833|32967|32968|32965|32966|32755|32756|33097|33095|33098|33096|24274|24418|27150|27163|27575|30825|26560|29821|32012|17174|29183|30280|29187|29191|30684|30198|31402|31672|31534|29449|29984|32087|31868|32609|32333|32330|32693"}}]}}}
]]></system-out>
    <system-err><![CDATA[Starting ChromeDriver 2.36.540470 (e522d04694c7ebea4ba8821272dbef4f9b818c91) on port 2811
Only local connections are allowed.
Jun 30, 2020 12:28:19 PM org.openqa.selenium.remote.ProtocolHandshake createSession
INFO: Detected dialect: OSS
]]></system-err>
  </testcase>
  <testcase name="Enroll" classname="Tests.FranchisePartner" time="249.617">
    <failure message="Major Total Price is Wrong expected [396.0] but found [406.08]" type="java.lang.AssertionError">java.lang.AssertionError: Major Total Price is Wrong expected [396.0] but found [406.08]
	at Tests.FranchisePartner.Enroll(FranchisePartner.java:253)
</failure>
    <system-out><![CDATA[Request URL: https://hydraqa.unicity.net/v5a-test/quotes?&expand=item
Entry Quotes response : {"items":[{"lines":{"items":[{"item":{"href":"https:\/\/hydraqa.unicity.net\/v5a-test\/items\/051e765a5a71835a859c2757edd359f0","id":{"unicity":"26580"}},"quantity":1,"terms":{"priceEach":195,"taxEach":{"amount":0},"discountEach":{"amount":0},"pvEach":130},"quantityLimit":{"quantityQuota":-1,"timeFrameDays":-1,"quantityOrdered":0}}]},"currency":"USD"},{"lines":{"items":[{"item":{"href":"https:\/\/hydraqa.unicity.net\/v5a-test\/items\/3ddd31ddbe0e5807756d2488e7cc3602","id":{"unicity":"31440"}},"quantity":1,"terms":{"priceEach":40,"taxEach":{"amount":0},"discountEach":{"amount":0},"pvEach":0},"quantityLimit":{"quantityQuota":-1,"timeFrameDays":-1,"quantityOrdered":0}}]},"currency":"USD"},{"lines":{"items":[{"item":{"href":"https:\/\/hydraqa.unicity.net\/v5a-test\/items\/90d5ee3af77bdc64ecf28a45b604bf3d","id":{"unicity":"31441"}},"quantity":1,"terms":{"priceEach":40,"taxEach":{"amount":0},"discountEach":{"amount":0},"pvEach":0},"quantityLimit":{"quantityQuota":-1,"timeFrameDays":-1,"quantityOrdered":0}}]},"currency":"USD"},{"lines":{"items":[{"item":{"href":"https:\/\/hydraqa.unicity.net\/v5a-test\/items\/c201dcd36f4bb7e17e7a8481ef08d6f2","id":{"unicity":"31518"}},"quantity":1,"terms":{"priceEach":29,"taxEach":{"amount":0},"discountEach":{"amount":0},"pvEach":14},"quantityLimit":{"quantityQuota":-1,"timeFrameDays":-1,"quantityOrdered":0}}]},"currency":"USD"},{"lines":{"items":[{"item":{"href":"https:\/\/hydraqa.unicity.net\/v5a-test\/items\/bed533c634e887357ff031d8e4c776b0","id":{"unicity":"31751"}},"quantity":1,"terms":{"priceEach":99,"taxEach":{"amount":0},"discountEach":{"amount":0},"pvEach":50},"quantityLimit":{"quantityQuota":-1,"timeFrameDays":-1,"quantityOrdered":0}}]},"currency":"USD"},{"lines":{"items":[{"item":{"href":"https:\/\/hydraqa.unicity.net\/v5a-test\/items\/38da42f991a40a00153b2e5055b82dbf","id":{"unicity":"27801"}},"quantity":1,"terms":{"priceEach":195,"taxEach":{"amount":0},"discountEach":{"amount":0},"pvEach":130},"quantityLimit":{"quantityQuota":-1,"timeFrameDays":-1,"quantityOrdered":0}}]},"currency":"USD"},{"lines":{"items":[{"item":{"href":"https:\/\/hydraqa.unicity.net\/v5a-test\/items\/cf8460040a1860bcabf250b6c1171675","id":{"unicity":"31858"}},"quantity":1,"terms":{"priceEach":269,"taxEach":{"amount":0},"discountEach":{"amount":0},"pvEach":195},"quantityLimit":{"quantityQuota":-1,"timeFrameDays":-1,"quantityOrdered":0}}]},"currency":"USD"},{"lines":{"items":[{"item":{"href":"https:\/\/hydraqa.unicity.net\/v5a-test\/items\/2de8516a24af8232add0bb392e750a71","id":{"unicity":"31859"}},"quantity":1,"terms":{"priceEach":179,"taxEach":{"amount":0},"discountEach":{"amount":0},"pvEach":130},"quantityLimit":{"quantityQuota":-1,"timeFrameDays":-1,"quantityOrdered":0}}]},"currency":"USD"},{"lines":{"items":[{"item":{"href":"https:\/\/hydraqa.unicity.net\/v5a-test\/items\/e47fd287212acedd1cffb2b67bf623bd","id":{"unicity":"31862"}},"quantity":1,"terms":{"priceEach":210,"taxEach":{"amount":0},"discountEach":{"amount":0},"pvEach":148},"quantityLimit":{"quantityQuota":-1,"timeFrameDays":-1,"quantityOrdered":0}}]},"currency":"USD"},{"lines":{"items":[{"item":{"href":"https:\/\/hydraqa.unicity.net\/v5a-test\/items\/50747027a065cb8361c1f0d6eb880466","id":{"unicity":"32030"}},"quantity":1,"terms":{"priceEach":143,"taxEach":{"amount":0},"discountEach":{"amount":0},"pvEach":102},"quantityLimit":{"quantityQuota":-1,"timeFrameDays":-1,"quantityOrdered":0}}]},"currency":"USD"},{"lines":{"items":[{"item":{"href":"https:\/\/hydraqa.unicity.net\/v5a-test\/items\/292b6aee9c1193e9488e9ae6e3a845e4","id":{"unicity":"29684"}},"quantity":1,"terms":{"priceEach":242,"taxEach":{"amount":0},"discountEach":{"amount":0},"pvEach":144},"quantityLimit":{"quantityQuota":-1,"timeFrameDays":-1,"quantityOrdered":0}}]},"currency":"USD"},{"lines":{"items":[{"item":{"href":"https:\/\/hydraqa.unicity.net\/v5a-test\/items\/00c2eb70c985722ce208490aece00945","id":{"unicity":"31729"}},"quantity":1,"terms":{"priceEach":143,"taxEach":{"amount":0},"discountEach":{"amount":0},"pvEach":100},"quantityLimit":{"quantityQuota":-1,"timeFrameDays":-1,"quantityOrdered":0}}]},"currency":"USD"},{"lines":{"items":[{"item":{"href":"https:\/\/hydraqa.unicity.net\/v5a-test\/items\/693a7c4a70b06a00471afe8d6cae5023","id":{"unicity":"31730"}},"quantity":1,"terms":{"priceEach":120,"taxEach":{"amount":0},"discountEach":{"amount":0},"pvEach":80},"quantityLimit":{"quantityQuota":-1,"timeFrameDays":-1,"quantityOrdered":0}}]},"currency":"USD"},{"lines":{"items":[{"item":{"href":"https:\/\/hydraqa.unicity.net\/v5a-test\/items\/ccb242d74dcb1fe621cc7bfe1b1de315","id":{"unicity":"31731"}},"quantity":1,"terms":{"priceEach":89,"taxEach":{"amount":0},"discountEach":{"amount":0},"pvEach":60},"quantityLimit":{"quantityQuota":-1,"timeFrameDays":-1,"quantityOrdered":0}}]},"currency":"USD"},{"lines":{"items":[{"item":{"href":"https:\/\/hydraqa.unicity.net\/v5a-test\/items\/9ff4257741d464b686d15be955b8afb6","id":{"unicity":"0963"}},"quantity":1,"terms":{"priceEach":42,"taxEach":{"amount":0},"discountEach":{"amount":0},"pvEach":25},"quantityLimit":{"quantityQuota":-1,"timeFrameDays":-1,"quantityOrdered":0}}]},"currency":"USD"},{"lines":{"items":[{"item":{"href":"https:\/\/hydraqa.unicity.net\/v5a-test\/items\/716b7a0bca7fa73e42e000d668e7ee65","id":{"unicity":"15129"}},"quantity":1,"terms":{"priceEach":22,"taxEach":{"amount":0},"discountEach":{"amount":0},"pvEach":10},"quantityLimit":{"quantityQuota":-1,"timeFrameDays":-1,"quantityOrdered":0}}]},"currency":"USD"},{"lines":{"items":[{"item":{"href":"https:\/\/hydraqa.unicity.net\/v5a-test\/items\/390a7ae70d5669561ecdf7d5cff2671b","id":{"unicity":"15271"}},"quantity":1,"terms":{"priceEach":69,"taxEach":{"amount":0},"discountEach":{"amount":0},"pvEach":27},"quantityLimit":{"quantityQuota":-1,"timeFrameDays":-1,"quantityOrdered":0}}]},"currency":"USD"},{"lines":{"items":[{"item":{"href":"https:\/\/hydraqa.unicity.net\/v5a-test\/items\/4b2034f47fce90b87bba28c5c2d7c25d","id":{"unicity":"15880"}},"quantity":1,"terms":{"priceEach":59,"taxEach":{"amount":0},"discountEach":{"amount":0},"pvEach":41},"quantityLimit":{"quantityQuota":-1,"timeFrameDays":-1,"quantityOrdered":0}}]},"currency":"USD"},{"lines":{"items":[{"item":{"href":"https:\/\/hydraqa.unicity.net\/v5a-test\/items\/2c4c1abe00983e85aaa918d2ce341491","id":{"unicity":"17174"}},"quantity":1,"terms":{"priceEach":17,"taxEach":{"amount":0},"discountEach":{"amount":0},"pvEach":10},"quantityLimit":{"quantityQuota":-1,"timeFrameDays":-1,"quantityOrdered":0}}]},"currency":"USD"},{"lines":{"items":[{"item":{"href":"https:\/\/hydraqa.unicity.net\/v5a-test\/items\/cea826eab72d44641c070aab6c97c1ac","id":{"unicity":"22747"}},"quantity":1,"terms":{"priceEach":27,"taxEach":{"amount":0},"discountEach":{"amount":0},"pvEach":16},"quantityLimit":{"quantityQuota":-1,"timeFrameDays":-1,"quantityOrdered":0}}]},"currency":"USD"},{"lines":{"items":[{"item":{"href":"https:\/\/hydraqa.unicity.net\/v5a-test\/items\/5c2f1613082782e691d32fe9ce034026","id":{"unicity":"23728"}},"quantity":1,"terms":{"priceEach":26,"taxEach":{"amount":0},"discountEach":{"amount":0},"pvEach":13},"quantityLimit":{"quantityQuota":-1,"timeFrameDays":-1,"quantityOrdered":0}}]},"currency":"USD"},{"lines":{"items":[{"item":{"href":"https:\/\/hydraqa.unicity.net\/v5a-test\/items\/64ec7ad932acafab052a4e8800ad1238","id":{"unicity":"24758"}},"quantity":1,"terms":{"priceEach":31,"taxEach":{"amount":0},"discountEach":{"amount":0},"pvEach":21},"quantityLimit":{"quantityQuota":-1,"timeFrameDays":-1,"quantityOrdered":0}}]},"currency":"USD"},{"lines":{"items":[{"item":{"href":"https:\/\/hydraqa.unicity.net\/v5a-test\/items\/9a7715e888c94989d898fe4653645721","id":{"unicity":"26550"}},"quantity":1,"terms":{"priceEach":80,"taxEach":{"amount":0},"discountEach":{"amount":0},"pvEach":52},"quantityLimit":{"quantityQuota":-1,"timeFrameDays":-1,"quantityOrdered":0}}]},"currency":"USD"},{"lines":{"items":[{"item":{"href":"https:\/\/hydraqa.unicity.net\/v5a-test\/items\/3af97c67f653253825a9189a27da57d6","id":{"unicity":"26556"}},"quantity":1,"terms":{"priceEach":79,"taxEach":{"amount":0},"discountEach":{"amount":0},"pvEach":61},"quantityLimit":{"quantityQuota":-1,"timeFrameDays":-1,"quantityOrdered":0}}]},"currency":"USD"},{"lines":{"items":[{"item":{"href":"https:\/\/hydraqa.unicity.net\/v5a-test\/items\/0cf62d38e91953b43dcfe88b06f813cb","id":{"unicity":"26557"}},"quantity":1,"terms":{"priceEach":79,"taxEach":{"amount":0},"discountEach":{"amount":0},"pvEach":61},"quantityLimit":{"quantityQuota":-1,"timeFrameDays":-1,"quantityOrdered":0}}]},"currency":"USD"},{"lines":{"items":[{"item":{"href":"https:\/\/hydraqa.unicity.net\/v5a-test\/items\/398d06b858b960f6f38086d40608aef2","id":{"unicity":"26560"}},"quantity":1,"terms":{"priceEach":16,"taxEach":{"amount":0},"discountEach":{"amount":0},"pvEach":12},"quantityLimit":{"quantityQuota":-1,"timeFrameDays":-1,"quantityOrdered":0}}]},"currency":"USD"},{"lines":{"items":[{"item":{"href":"https:\/\/hydraqa.unicity.net\/v5a-test\/items\/cda534d686af5d627c94c4bb2c4b57d8","id":{"unicity":"26561"}},"quantity":1,"terms":{"priceEach":16,"taxEach":{"amount":0},"discountEach":{"amount":0},"pvEach":11},"quantityLimit":{"quantityQuota":-1,"timeFrameDays":-1,"quantityOrdered":0}}]},"currency":"USD"},{"lines":{"items":[{"item":{"href":"https:\/\/hydraqa.unicity.net\/v5a-test\/items\/0a3ede185ddf034630afd891c5106d33","id":{"unicity":"26562"}},"quantity":1,"terms":{"priceEach":33,"taxEach":{"amount":0},"discountEach":{"amount":0},"pvEach":25},"quantityLimit":{"quantityQuota":-1,"timeFrameDays":-1,"quantityOrdered":0}}]},"currency":"USD"},{"lines":{"items":[{"item":{"href":"https:\/\/hydraqa.unicity.net\/v5a-test\/items\/16ca68abaaa92505c257be022a154769","id":{"unicity":"27615"}},"quantity":1,"terms":{"priceEach":29,"taxEach":{"amount":0},"discountEach":{"amount":0},"pvEach":21},"quantityLimit":{"quantityQuota":-1,"timeFrameDays":-1,"quantityOrdered":0}}]},"currency":"USD"},{"lines":{"items":[{"item":{"href":"https:\/\/hydraqa.unicity.net\/v5a-test\/items\/1bd53de7fe880ba71f46c9976ca2c137","id":{"unicity":"27739"}},"quantity":1,"terms":{"priceEach":33,"taxEach":{"amount":0},"discountEach":{"amount":0},"pvEach":13},"quantityLimit":{"quantityQuota":-1,"timeFrameDays":-1,"quantityOrdered":0}}]},"currency":"USD"},{"lines":{"items":[{"item":{"href":"https:\/\/hydraqa.unicity.net\/v5a-test\/items\/1945faa1776541d53120ecfe3c1d8a2b","id":{"unicity":"24418"}},"quantity":1,"terms":{"priceEach":5,"taxEach":{"amount":0},"discountEach":{"amount":0},"pvEach":0},"quantityLimit":{"quantityQuota":-1,"timeFrameDays":-1,"quantityOrdered":0}}]},"currency":"USD"},{"lines":{"items":[{"item":{"href":"https:\/\/hydraqa.unicity.net\/v5a-test\/items\/9a6e1d094182389c3da8e0a320ff0e00","id":{"unicity":"27585"}},"quantity":1,"terms":{"priceEach":56,"taxEach":{"amount":0},"discountEach":{"amount":0},"pvEach":33},"quantityLimit":{"quantityQuota":-1,"timeFrameDays":-1,"quantityOrdered":0}}]},"currency":"USD"},{"lines":{"items":[{"item":{"href":"https:\/\/hydraqa.unicity.net\/v5a-test\/items\/84bf86533ae28dc84370f3699cc13a1d","id":{"unicity":"17744"}},"quantity":1,"terms":{"priceEach":97,"taxEach":{"amount":0},"discountEach":{"amount":0},"pvEach":62},"quantityLimit":{"quantityQuota":-1,"timeFrameDays":-1,"quantityOrdered":0}}]},"currency":"USD"},{"lines":{"items":[{"item":{"href":"https:\/\/hydraqa.unicity.net\/v5a-test\/items\/b127a2d34d3d73e2f53e4c2002a7a4a2","id":{"unicity":"25008"}},"quantity":1,"terms":{"priceEach":19,"taxEach":{"amount":0},"discountEach":{"amount":0},"pvEach":15},"quantityLimit":{"quantityQuota":-1,"timeFrameDays":-1,"quantityOrdered":0}}]},"currency":"USD"},{"lines":{"items":[{"item":{"href":"https:\/\/hydraqa.unicity.net\/v5a-test\/items\/10da226fab00279b4f89df10af2a10b7","id":{"unicity":"26442"}},"quantity":1,"terms":{"priceEach":6,"taxEach":{"amount":0},"discountEach":{"amount":0},"pvEach":0},"quantityLimit":{"quantityQuota":-1,"timeFrameDays":-1,"quantityOrdered":0}}]},"currency":"USD"},{"lines":{"items":[{"item":{"href":"https:\/\/hydraqa.unicity.net\/v5a-test\/items\/80a898d805f759925797847a176bf62f","id":{"unicity":"26551"}},"quantity":1,"terms":{"priceEach":80,"taxEach":{"amount":0},"discountEach":{"amount":0},"pvEach":52},"quantityLimit":{"quantityQuota":-1,"timeFrameDays":-1,"quantityOrdered":0}}]},"currency":"USD"},{"lines":{"items":[{"item":{"href":"https:\/\/hydraqa.unicity.net\/v5a-test\/items\/933f0856fd8ec1df83c5283dabf4ec3c","id":{"unicity":"6200"}},"quantity":1,"terms":{"priceEach":68,"taxEach":{"amount":0},"discountEach":{"amount":0},"pvEach":47},"quantityLimit":{"quantityQuota":-1,"timeFrameDays":-1,"quantityOrdered":0}}]},"currency":"USD"},{"lines":{"items":[{"item":{"href":"https:\/\/hydraqa.unicity.net\/v5a-test\/items\/8d994059c399f5551ab112574e4476fc","id":{"unicity":"24785"}},"quantity":1,"terms":{"priceEach":14,"taxEach":{"amount":0},"discountEach":{"amount":0},"pvEach":9},"quantityLimit":{"quantityQuota":-1,"timeFrameDays":-1,"quantityOrdered":0}}]},"currency":"USD"},{"lines":{"items":[{"item":{"href":"https:\/\/hydraqa.unicity.net\/v5a-test\/items\/aa0d72ac13b1ce88cf8c4a52ede75a37","id":{"unicity":"26552"}},"quantity":1,"terms":{"priceEach":70,"taxEach":{"amount":0},"discountEach":{"amount":0},"pvEach":50},"quantityLimit":{"quantityQuota":5,"timeFrameDays":-1,"quantityOrdered":0}}]},"currency":"USD"},{"lines":{"items":[{"item":{"href":"https:\/\/hydraqa.unicity.net\/v5a-test\/items\/8b5ed9aa6c6132e1be5e446f69a3465e","id":{"unicity":"0954"}},"quantity":1,"terms":{"priceEach":21,"taxEach":{"amount":0},"discountEach":{"amount":0},"pvEach":15},"quantityLimit":{"quantityQuota":-1,"timeFrameDays":-1,"quantityOrdered":0}}]},"currency":"USD"},{"lines":{"items":[{"item":{"href":"https:\/\/hydraqa.unicity.net\/v5a-test\/items\/b2fc4b9ba4aa5cae54389161be2f841f","id":{"unicity":"18401"}},"quantity":1,"terms":{"priceEach":31,"taxEach":{"amount":0},"discountEach":{"amount":0},"pvEach":19},"quantityLimit":{"quantityQuota":-1,"timeFrameDays":-1,"quantityOrdered":0}}]},"currency":"USD"},{"lines":{"items":[{"item":{"href":"https:\/\/hydraqa.unicity.net\/v5a-test\/items\/48433ffc76597c823adc2b8627e033e4","id":{"unicity":"26559"}},"quantity":1,"terms":{"priceEach":30,"taxEach":{"amount":0},"discountEach":{"amount":0},"pvEach":20},"quantityLimit":{"quantityQuota":-1,"timeFrameDays":-1,"quantityOrdered":0}}]},"currency":"USD"},{"lines":{"items":[{"item":{"href":"https:\/\/hydraqa.unicity.net\/v5a-test\/items\/5a38f009bec6c23b1b3a70432f9722e5","id":{"unicity":"19596"}},"quantity":1,"terms":{"priceEach":49,"taxEach":{"amount":0},"discountEach":{"amount":0},"pvEach":30},"quantityLimit":{"quantityQuota":-1,"timeFrameDays":-1,"quantityOrdered":0}}]},"currency":"USD"},{"lines":{"items":[{"item":{"href":"https:\/\/hydraqa.unicity.net\/v5a-test\/items\/9ce45d695c87f93b29794041362b5192","id":{"unicity":"26945"}},"quantity":1,"terms":{"priceEach":35,"taxEach":{"amount":0},"discountEach":{"amount":0},"pvEach":0},"quantityLimit":{"quantityQuota":-1,"timeFrameDays":-1,"quantityOrdered":0}}]},"currency":"USD"},{"lines":{"items":[{"item":{"href":"https:\/\/hydraqa.unicity.net\/v5a-test\/items\/ddef5f478ff91aa2263b646a3bd03dea","id":{"unicity":"21420"}},"quantity":1,"terms":{"priceEach":24,"taxEach":{"amount":0},"discountEach":{"amount":0},"pvEach":10},"quantityLimit":{"quantityQuota":-1,"timeFrameDays":-1,"quantityOrdered":0}}]},"currency":"USD"},{"lines":{"items":[{"item":{"href":"https:\/\/hydraqa.unicity.net\/v5a-test\/items\/55d3b550a17b78175cc5ac565e4266e8","id":{"unicity":"24621"}},"quantity":1,"terms":{"priceEach":20,"taxEach":{"amount":0},"discountEach":{"amount":0},"pvEach":12},"quantityLimit":{"quantityQuota":-1,"timeFrameDays":-1,"quantityOrdered":0}}]},"currency":"USD"},{"lines":{"items":[{"item":{"href":"https:\/\/hydraqa.unicity.net\/v5a-test\/items\/9d9d002b0e21b9bd58ad0154a4f781c5","id":{"unicity":"28836"}},"quantity":1,"terms":{"priceEach":58,"taxEach":{"amount":0},"discountEach":{"amount":0},"pvEach":36},"quantityLimit":{"quantityQuota":-1,"timeFrameDays":-1,"quantityOrdered":0}}]},"currency":"USD"},{"lines":{"items":[{"item":{"href":"https:\/\/hydraqa.unicity.net\/v5a-test\/items\/399be8efa903b362515c48315ab2afb9","id":{"unicity":"15712"}},"quantity":1,"terms":{"priceEach":15,"taxEach":{"amount":0},"discountEach":{"amount":0},"pvEach":5},"quantityLimit":{"quantityQuota":-1,"timeFrameDays":-1,"quantityOrdered":0}}]},"currency":"USD"},{"lines":{"items":[{"item":{"href":"https:\/\/hydraqa.unicity.net\/v5a-test\/items\/d489ec0d50f6e28d5743afc65439631b","id":{"unicity":"0960"}},"quantity":1,"terms":{"priceEach":37,"taxEach":{"amount":0},"discountEach":{"amount":0},"pvEach":23},"quantityLimit":{"quantityQuota":-1,"timeFrameDays":-1,"quantityOrdered":0}}]},"currency":"USD"},{"lines":{"items":[{"item":{"href":"https:\/\/hydraqa.unicity.net\/v5a-test\/items\/66839181d7531692a8d886a9da6fb4d6","id":{"unicity":"25369"}},"quantity":1,"terms":{"priceEach":48,"taxEach":{"amount":0},"discountEach":{"amount":0},"pvEach":25},"quantityLimit":{"quantityQuota":-1,"timeFrameDays":-1,"quantityOrdered":0}}]},"currency":"USD"},{"lines":{"items":[{"item":{"href":"https:\/\/hydraqa.unicity.net\/v5a-test\/items\/0eebdede5bdb8bf4d71e800b6f3cead1","id":{"unicity":"30825"}},"quantity":1,"terms":{"priceEach":49,"taxEach":{"amount":0},"discountEach":{"amount":0},"pvEach":25},"quantityLimit":{"quantityQuota":-1,"timeFrameDays":-1,"quantityOrdered":0}}]},"currency":"USD"},{"lines":{"items":[{"item":{"href":"https:\/\/hydraqa.unicity.net\/v5a-test\/items\/8ed7a8910d5c5335774fa9cfae0e511d","id":{"unicity":"18386"}},"quantity":1,"terms":{"priceEach":27,"taxEach":{"amount":0},"discountEach":{"amount":0},"pvEach":21},"quantityLimit":{"quantityQuota":-1,"timeFrameDays":-1,"quantityOrdered":0}}]},"currency":"USD"},{"lines":{"items":[{"item":{"href":"https:\/\/hydraqa.unicity.net\/v5a-test\/items\/3f2d12d7a0e8551fc99fad3bbe1ba633","id":{"unicity":"26567"}},"quantity":1,"terms":{"priceEach":56,"taxEach":{"amount":0},"discountEach":{"amount":0},"pvEach":35},"quantityLimit":{"quantityQuota":-1,"timeFrameDays":-1,"quantityOrdered":0}}]},"currency":"USD"},{"lines":{"items":[{"item":{"href":"https:\/\/hydraqa.unicity.net\/v5a-test\/items\/191637167cb3144bd2e8c4615e9ab67e","id":{"unicity":"26568"}},"quantity":1,"terms":{"priceEach":56,"taxEach":{"amount":0},"discountEach":{"amount":0},"pvEach":35},"quantityLimit":{"quantityQuota":-1,"timeFrameDays":-1,"quantityOrdered":0}}]},"currency":"USD"},{"lines":{"items":[{"item":{"href":"https:\/\/hydraqa.unicity.net\/v5a-test\/items\/2cefc6a61faaae3455a5adcb0d8fc74f","id":{"unicity":"15907"}},"quantity":1,"terms":{"priceEach":15,"taxEach":{"amount":0},"discountEach":{"amount":0},"pvEach":5},"quantityLimit":{"quantityQuota":-1,"timeFrameDays":-1,"quantityOrdered":0}}]},"currency":"USD"},{"lines":{"items":[{"item":{"href":"https:\/\/hydraqa.unicity.net\/v5a-test\/items\/fa2407c91e64e66a72ab45172eb978df","id":{"unicity":"0988"}},"quantity":1,"terms":{"priceEach":36,"taxEach":{"amount":0},"discountEach":{"amount":0},"pvEach":23},"quantityLimit":{"quantityQuota":-1,"timeFrameDays":-1,"quantityOrdered":0}}]},"currency":"USD"},{"lines":{"items":[{"item":{"href":"https:\/\/hydraqa.unicity.net\/v5a-test\/items\/40a1044968ea62276f4ba87fd2ef0d8f","id":{"unicity":"12230"}},"quantity":1,"terms":{"priceEach":45,"taxEach":{"amount":0},"discountEach":{"amount":0},"pvEach":18},"quantityLimit":{"quantityQuota":-1,"timeFrameDays":-1,"quantityOrdered":0}}]},"currency":"USD"},{"lines":{"items":[{"item":{"href":"https:\/\/hydraqa.unicity.net\/v5a-test\/items\/112b8c39286598b3730f630f371a45f4","id":{"unicity":"27587"}},"quantity":1,"terms":{"priceEach":58,"taxEach":{"amount":0},"discountEach":{"amount":0},"pvEach":33},"quantityLimit":{"quantityQuota":-1,"timeFrameDays":-1,"quantityOrdered":0}}]},"currency":"USD"},{"lines":{"items":[{"item":{"href":"https:\/\/hydraqa.unicity.net\/v5a-test\/items\/e218d1cac5f31e7ae4f5876c29c57377","id":{"unicity":"29017"}},"quantity":1,"terms":{"priceEach":38,"taxEach":{"amount":0},"discountEach":{"amount":0},"pvEach":26},"quantityLimit":{"quantityQuota":-1,"timeFrameDays":-1,"quantityOrdered":0}}]},"currency":"USD"},{"lines":{"items":[{"item":{"href":"https:\/\/hydraqa.unicity.net\/v5a-test\/items\/25eaf64b36ce31368f17ae789fd9ac5b","id":{"unicity":"29694"}},"quantity":1,"terms":{"priceEach":56,"taxEach":{"amount":0},"discountEach":{"amount":0},"pvEach":33},"quantityLimit":{"quantityQuota":-1,"timeFrameDays":-1,"quantityOrdered":0}}]},"currency":"USD"},{"lines":{"items":[{"item":{"href":"https:\/\/hydraqa.unicity.net\/v5a-test\/items\/634f7efb30392b2a919de1355902d975","id":{"unicity":"29408"}},"quantity":1,"terms":{"priceEach":80,"taxEach":{"amount":0},"discountEach":{"amount":0},"pvEach":52},"quantityLimit":{"quantityQuota":-1,"timeFrameDays":-1,"quantityOrdered":0}}]},"currency":"USD"},{"lines":{"items":[{"item":{"href":"https:\/\/hydraqa.unicity.net\/v5a-test\/items\/bb5c627f16547cb4f706cef521bca356","id":{"unicity":"29437"}},"quantity":1,"terms":{"priceEach":62,"taxEach":{"amount":0},"discountEach":{"amount":0},"pvEach":36},"quantityLimit":{"quantityQuota":-1,"timeFrameDays":-1,"quantityOrdered":0}}]},"currency":"USD"},{"lines":{"items":[{"item":{"href":"https:\/\/hydraqa.unicity.net\/v5a-test\/items\/991cdbb84a495779eb209fb3956a77e4","id":{"unicity":"29183"}},"quantity":1,"terms":{"priceEach":42,"taxEach":{"amount":0},"discountEach":{"amount":0},"pvEach":24},"quantityLimit":{"quantityQuota":-1,"timeFrameDays":-1,"quantityOrdered":0}}]},"currency":"USD"},{"lines":{"items":[{"item":{"href":"https:\/\/hydraqa.unicity.net\/v5a-test\/items\/1b0412bea8c0b841c66f65a36aa14108","id":{"unicity":"29191"}},"quantity":1,"terms":{"priceEach":64,"taxEach":{"amount":0},"discountEach":{"amount":0},"pvEach":36},"quantityLimit":{"quantityQuota":-1,"timeFrameDays":-1,"quantityOrdered":0}}]},"currency":"USD"},{"lines":{"items":[{"item":{"href":"https:\/\/hydraqa.unicity.net\/v5a-test\/items\/362999101a321b721c87110710ae77b0","id":{"unicity":"29352"}},"quantity":1,"terms":{"priceEach":119,"taxEach":{"amount":0},"discountEach":{"amount":0},"pvEach":80},"quantityLimit":{"quantityQuota":-1,"timeFrameDays":-1,"quantityOrdered":0}}]},"currency":"USD"},{"lines":{"items":[{"item":{"href":"https:\/\/hydraqa.unicity.net\/v5a-test\/items\/24ff5bda40c0d0e7eaa511866d052915","id":{"unicity":"29612"}},"quantity":1,"terms":{"priceEach":49,"taxEach":{"amount":0},"discountEach":{"amount":0},"pvEach":30},"quantityLimit":{"quantityQuota":-1,"timeFrameDays":-1,"quantityOrdered":0}}]},"currency":"USD"},{"lines":{"items":[{"item":{"href":"https:\/\/hydraqa.unicity.net\/v5a-test\/items\/e0a19d3d676bccfdba0ab3d9f2766359","id":{"unicity":"30350"}},"quantity":1,"terms":{"priceEach":50,"taxEach":{"amount":0},"discountEach":{"amount":0},"pvEach":30},"quantityLimit":{"quantityQuota":-1,"timeFrameDays":-1,"quantityOrdered":0}}]},"currency":"USD"},{"lines":{"items":[{"item":{"href":"https:\/\/hydraqa.unicity.net\/v5a-test\/items\/024e696f8b44a1d315006e676604cd31","id":{"unicity":"27395"}},"quantity":1,"terms":{"priceEach":25,"taxEach":{"amount":0},"discountEach":{"amount":0},"pvEach":16},"quantityLimit":{"quantityQuota":-1,"timeFrameDays":-1,"quantityOrdered":0}}]},"currency":"USD"},{"lines":{"items":[{"item":{"href":"https:\/\/hydraqa.unicity.net\/v5a-test\/items\/05ca08f3808f126c0cc42154c50fc75c","id":{"unicity":"29440"}},"quantity":1,"terms":{"priceEach":120,"taxEach":{"amount":0},"discountEach":{"amount":0},"pvEach":90},"quantityLimit":{"quantityQuota":-1,"timeFrameDays":-1,"quantityOrdered":0}}]},"currency":"USD"},{"lines":{"items":[{"item":{"href":"https:\/\/hydraqa.unicity.net\/v5a-test\/items\/764e2db430d361da99e8f6b70c4d0244","id":{"unicity":"29830"}},"quantity":1,"terms":{"priceEach":17,"taxEach":{"amount":0},"discountEach":{"amount":0},"pvEach":7},"quantityLimit":{"quantityQuota":-1,"timeFrameDays":-1,"quantityOrdered":0}}]},"currency":"USD"},{"lines":{"items":[{"item":{"href":"https:\/\/hydraqa.unicity.net\/v5a-test\/items\/035189015384166df518a68ede0299a9","id":{"unicity":"30408"}},"quantity":1,"terms":{"priceEach":84,"taxEach":{"amount":0},"discountEach":{"amount":0},"pvEach":50},"quantityLimit":{"quantityQuota":-1,"timeFrameDays":-1,"quantityOrdered":0}}]},"currency":"USD"},{"lines":{"items":[{"item":{"href":"https:\/\/hydraqa.unicity.net\/v5a-test\/items\/b91affa753dd5ee8a9acef4fa7e2c9a7","id":{"unicity":"30414"}},"quantity":1,"terms":{"priceEach":94,"taxEach":{"amount":0},"discountEach":{"amount":0},"pvEach":65},"quantityLimit":{"quantityQuota":-1,"timeFrameDays":-1,"quantityOrdered":0}}]},"currency":"USD"},{"lines":{"items":[{"item":{"href":"https:\/\/hydraqa.unicity.net\/v5a-test\/items\/2835b1a78e379486f0ffbfd5fb9f6b0a","id":{"unicity":"30400"}},"quantity":1,"terms":{"priceEach":38,"taxEach":{"amount":0},"discountEach":{"amount":0},"pvEach":28},"quantityLimit":{"quantityQuota":-1,"timeFrameDays":-1,"quantityOrdered":0}}]},"currency":"USD"},{"lines":{"items":[{"item":{"href":"https:\/\/hydraqa.unicity.net\/v5a-test\/items\/0e78fbdfebef11cd62f8d2120064ee58","id":{"unicity":"30280"}},"quantity":1,"terms":{"priceEach":42,"taxEach":{"amount":0},"discountEach":{"amount":0},"pvEach":24},"quantityLimit":{"quantityQuota":-1,"timeFrameDays":-1,"quantityOrdered":0}}]},"currency":"USD"},{"lines":{"items":[{"item":{"href":"https:\/\/hydraqa.unicity.net\/v5a-test\/items\/d306a0b65f27f19b4968e5c05906a9f4","id":{"unicity":"31314"}},"quantity":1,"terms":{"priceEach":388,"taxEach":{"amount":0},"discountEach":{"amount":0},"pvEach":268},"quantityLimit":{"quantityQuota":-1,"timeFrameDays":-1,"quantityOrdered":0}}]},"currency":"USD"},{"lines":{"items":[{"item":{"href":"https:\/\/hydraqa.unicity.net\/v5a-test\/items\/5bda067b70c43971650a6ef983f612e4","id":{"unicity":"31728"}},"quantity":1,"terms":{"priceEach":126,"taxEach":{"amount":0},"discountEach":{"amount":0},"pvEach":94},"quantityLimit":{"quantityQuota":-1,"timeFrameDays":-1,"quantityOrdered":0}}]},"currency":"USD"},{"lines":{"items":[{"item":{"href":"https:\/\/hydraqa.unicity.net\/v5a-test\/items\/3875e24e6b6ebdf36c79d205614ed51e","id":{"unicity":"31846"}},"quantity":1,"terms":{"priceEach":126,"taxEach":{"amount":0},"discountEach":{"amount":0},"pvEach":94},"quantityLimit":{"quantityQuota":-1,"timeFrameDays":-1,"quantityOrdered":0}}]},"currency":"USD"},{"lines":{"items":[{"item":{"href":"https:\/\/hydraqa.unicity.net\/v5a-test\/items\/89b6d29a85a88d44d65bc8cca3fefc65","id":{"unicity":"31845"}},"quantity":1,"terms":{"priceEach":143,"taxEach":{"amount":0},"discountEach":{"amount":0},"pvEach":100},"quantityLimit":{"quantityQuota":-1,"timeFrameDays":-1,"quantityOrdered":0}}]},"currency":"USD"},{"lines":{"items":[{"item":{"href":"https:\/\/hydraqa.unicity.net\/v5a-test\/items\/fbb319232b7eed110794d46a68302acb","id":{"unicity":"31847"}},"quantity":1,"terms":{"priceEach":120,"taxEach":{"amount":0},"discountEach":{"amount":0},"pvEach":80},"quantityLimit":{"quantityQuota":-1,"timeFrameDays":-1,"quantityOrdered":0}}]},"currency":"USD"},{"lines":{"items":[{"item":{"href":"https:\/\/hydraqa.unicity.net\/v5a-test\/items\/fd464cd7972cc1317e850b9196d886b8","id":{"unicity":"31863"}},"quantity":1,"terms":{"priceEach":210,"taxEach":{"amount":0},"discountEach":{"amount":0},"pvEach":148},"quantityLimit":{"quantityQuota":-1,"timeFrameDays":-1,"quantityOrdered":0}}]},"currency":"USD"},{"lines":{"items":[{"item":{"href":"https:\/\/hydraqa.unicity.net\/v5a-test\/items\/d4c8fce238d6fc34d17a4b36d1e4e59a","id":{"unicity":"31860"}},"quantity":1,"terms":{"priceEach":196,"taxEach":{"amount":0},"discountEach":{"amount":0},"pvEach":135},"quantityLimit":{"quantityQuota":-1,"timeFrameDays":-1,"quantityOrdered":0}}]},"currency":"USD"},{"lines":{"items":[{"item":{"href":"https:\/\/hydraqa.unicity.net\/v5a-test\/items\/4ab49eca1731e69206ccafb5112ad5a4","id":{"unicity":"31861"}},"quantity":1,"terms":{"priceEach":196,"taxEach":{"amount":0},"discountEach":{"amount":0},"pvEach":135},"quantityLimit":{"quantityQuota":-1,"timeFrameDays":-1,"quantityOrdered":0}}]},"currency":"USD"},{"lines":{"items":[{"item":{"href":"https:\/\/hydraqa.unicity.net\/v5a-test\/items\/077823d29445b9020de9931f10c63efd","id":{"unicity":"31958"}},"quantity":1,"terms":{"priceEach":129,"taxEach":{"amount":0},"discountEach":{"amount":0},"pvEach":85},"quantityLimit":{"quantityQuota":-1,"timeFrameDays":-1,"quantityOrdered":0}}]},"currency":"USD"},{"lines":{"items":[{"item":{"href":"https:\/\/hydraqa.unicity.net\/v5a-test\/items\/bfddb53fe0d5ed5432c531dc9850cbe4","id":{"unicity":"29449"}},"quantity":1,"terms":{"priceEach":37,"taxEach":{"amount":0},"discountEach":{"amount":0},"pvEach":25},"quantityLimit":{"quantityQuota":-1,"timeFrameDays":-1,"quantityOrdered":0}}]},"currency":"USD"},{"lines":{"items":[{"item":{"href":"https:\/\/hydraqa.unicity.net\/v5a-test\/items\/7fc100f8d20814757efe2d79e41b315c","id":{"unicity":"32021"}},"quantity":1,"terms":{"priceEach":89,"taxEach":{"amount":0},"discountEach":{"amount":0},"pvEach":60},"quantityLimit":{"quantityQuota":-1,"timeFrameDays":-1,"quantityOrdered":0}}]},"currency":"USD"},{"lines":{"items":[{"item":{"href":"https:\/\/hydraqa.unicity.net\/v5a-test\/items\/c674cdded8a54983aae3c5dcb32c9e38","id":{"unicity":"32628"}},"quantity":1,"terms":{"priceEach":80,"taxEach":{"amount":0},"discountEach":{"amount":0},"pvEach":50},"quantityLimit":{"quantityQuota":-1,"timeFrameDays":-1,"quantityOrdered":0}}]},"currency":"USD"},{"lines":{"items":[{"item":{"href":"https:\/\/hydraqa.unicity.net\/v5a-test\/items\/69d8547e9e264505ce055e09920659fd","id":{"unicity":"33019"}},"quantity":1,"terms":{"priceEach":202,"taxEach":{"amount":0},"discountEach":{"amount":0},"pvEach":151},"quantityLimit":{"quantityQuota":-1,"timeFrameDays":-1,"quantityOrdered":0}}]},"currency":"USD"},{"lines":{"items":[{"item":{"href":"https:\/\/hydraqa.unicity.net\/v5a-test\/items\/30b5c0f54df52286b3d87a6a1dfd314a","id":{"unicity":"33018"}},"quantity":1,"terms":{"priceEach":205,"taxEach":{"amount":0},"discountEach":{"amount":0},"pvEach":133},"quantityLimit":{"quantityQuota":-1,"timeFrameDays":-1,"quantityOrdered":0}}]},"currency":"USD"},{"lines":{"items":[{"item":{"href":"https:\/\/hydraqa.unicity.net\/v5a-test\/items\/16a422e03f6e3a79ba7bcd7fd50e31c0","id":{"unicity":"33017"}},"quantity":1,"terms":{"priceEach":150,"taxEach":{"amount":0},"discountEach":{"amount":0},"pvEach":110},"quantityLimit":{"quantityQuota":-1,"timeFrameDays":-1,"quantityOrdered":0}}]},"currency":"USD"},{"lines":{"items":[{"item":{"href":"https:\/\/hydraqa.unicity.net\/v5a-test\/items\/30f2eb8ab275ef57ae8082b3435a3d69","id":{"unicity":"33016"}},"quantity":1,"terms":{"priceEach":199,"taxEach":{"amount":0},"discountEach":{"amount":0},"pvEach":142},"quantityLimit":{"quantityQuota":-1,"timeFrameDays":-1,"quantityOrdered":0}}]},"currency":"USD"}]}
Entry request : {"order":{"customer":{"href":"https://hydraqa.unicity.net/v5a-test/customers?type=Associate"},"shipToAddress":{"country":"US"}},"vary":{"lines":{"items":[{"item":{"href":"https://hydraqa.unicity.net/v5a-test/items?id.unicity=26580|31440|31441|31518|31751|27801|31858|31859|31862|32030|29684|31729|31730|31731|0963|15129|15271|15880|17174|22745|22747|23728|24758|25022|26550|26556|26557|26560|26561|26562|27615|27739|24418|27585|17744|25008|26442|26551|6200|15916|18908|24785|26552|27028|0954|18401|27029|26559|19596|26945|21420|24621|28836|15712|0960|25369|30825|18386|26567|26568|15907|28513|3107|0988|12230|26950|26786|27587|29017|29694|29408|29437|29183|29191|29352|29612|30350|27395|29440|29830|30408|30414|30400|30280|31314|31728|31846|31845|31847|31863|31860|31861|31958|29449|32021|32628|33019|33018|33017|33016|32019|26555"}}]}}}
Request URL: https://hydraqa.unicity.net/v5a-test/customers.js?callback=angular.callbacks._1&expand=customer,profilePicture&id.unicity=2
Request URL: https://hydraqa.unicity.net/v5a-test/customers.js?_httpMethod=HEAD&callback=angular.callbacks._7&email=RUISEH@gmail.com
Request URL: https://hydraqa.unicity.net/v5a-test/shippingmethods.js?callback=angular.callbacks._a&destination=US&market=US
Unicity [Date=Tue, 30 Jun 2020 18:36:20 GMT, Content-Type=text/javascript; charset=utf-8, Content-Length=1741, Connection=keep-alive, Set-Cookie=__cfduid=db0fa0371cf547e9594dfd255209dcf651593542174; expires=Thu, 30-Jul-20 18:36:14 GMT; path=/; domain=.unicity.net; HttpOnly; SameSite=Lax, X-Powered-By=Express, x-request-id=150d664b-b1cd-42ff-80fb-a3ac5444bcc6, x-request-release=5-2020063002/master, x-request-uuid=150d664b-b1cd-42ff-80fb-a3ac5444bcc6, Access-Control-Allow-Origin=http://enroll.ng.unicityqa.com, vary=Accept-Encoding, link=<http://unicity.github.io/Hydra.php/docs/v5/>; rel="help", www-authenticate=Basic realm="Restricted API", cache-control=no-cache, must-revalidate, expires=0, content-language=en-US, x-status-code=200, content-encoding=gzip, x-envoy-upstream-service-time=5547, access-control-expose-headers=x-b3-traceid, x-request-id, ETag=W/"6cd-ouzbPuiBPZZYYtLnzdh2W7ovPXY", CF-Cache-Status=DYNAMIC, cf-request-id=03a81d003d0000fbc012b51200000001, Expect-CT=max-age=604800, report-uri="https://report-uri.cloudflare.com/cdn-cgi/beacon/expect-ct", Server=cloudflare, CF-RAY=5ab9fde06c37fbc0-MCI, alt-svc=h3-27=":443"; ma=86400, h3-28=":443"; ma=86400, h3-29=":443"; ma=86400]
suman33024
{shipToAddress={zip=33024, country=US, address1=4209 E STONECREEK, state=}, shippingMethod={href=https://hydraqa.unicity.net/v5a-test/shippingmethods?type=Economy}, lines={items=[{item={href=https://hydraqa.unicity.net/v5a-test/items?id.unicity=31440}, quantity=1}, {item={href=https://hydraqa.unicity.net/v5a-test/items?id.unicity=31518}, quantity=1}, {item={href=https://hydraqa.unicity.net/v5a-test/items?id.unicity=31731}, quantity=1}, {item={href=https://hydraqa.unicity.net/v5a-test/items?id.unicity=31751}, quantity=1}, {item={href=https://hydraqa.unicity.net/v5a-test/items?id.unicity=31859}, quantity=1}]}, transactions={items=[{method=Coupon, methodDetails={code=Fre3Aut0Sh!p}, type=AuthorizeAndCapture}]}, customer={href=https://hydraqa.unicity.net/v5a-test/customers?type=Associate}}
kalyan33024
Unicity [Date=Tue, 30 Jun 2020 18:36:27 GMT, Content-Type=text/javascript; charset=utf-8, Content-Length=1755, Connection=keep-alive, Set-Cookie=__cfduid=dce2123fc55aa2ea40aaabca4ecbf37981593542182; expires=Thu, 30-Jul-20 18:36:22 GMT; path=/; domain=.unicity.net; HttpOnly; SameSite=Lax, X-Powered-By=Express, x-request-id=e7511061-2577-4676-bf3e-6e5dda366d4d, x-request-release=5-2020063002/master, x-request-uuid=e7511061-2577-4676-bf3e-6e5dda366d4d, Access-Control-Allow-Origin=http://enroll.ng.unicityqa.com, vary=Accept-Encoding, link=<http://unicity.github.io/Hydra.php/docs/v5/>; rel="help", www-authenticate=Basic realm="Restricted API", cache-control=no-cache, must-revalidate, expires=0, content-language=en-US, x-status-code=200, content-encoding=gzip, x-envoy-upstream-service-time=4691, access-control-expose-headers=x-b3-traceid, x-request-id, ETag=W/"6db-oxwPbKYThVNpEj7pU+ItytBaKoA", CF-Cache-Status=DYNAMIC, cf-request-id=03a81d1ddf00007b04c50ae200000001, Expect-CT=max-age=604800, report-uri="https://report-uri.cloudflare.com/cdn-cgi/beacon/expect-ct", Server=cloudflare, CF-RAY=5ab9fe0fc9327b04-MCI, alt-svc=h3-27=":443"; ma=86400, h3-28=":443"; ma=86400, h3-29=":443"; ma=86400]
suman33024
{shipToAddress={zip=33024, country=US, city=PEMBROKE PINES, address1=4209 E STONECREEK, state=FL}, shippingMethod={href=https://hydraqa.unicity.net/v5a-test/shippingmethods?type=Economy}, lines={items=[{item={href=https://hydraqa.unicity.net/v5a-test/items?id.unicity=31440}, quantity=1}, {item={href=https://hydraqa.unicity.net/v5a-test/items?id.unicity=31518}, quantity=1}, {item={href=https://hydraqa.unicity.net/v5a-test/items?id.unicity=31731}, quantity=1}, {item={href=https://hydraqa.unicity.net/v5a-test/items?id.unicity=31751}, quantity=1}, {item={href=https://hydraqa.unicity.net/v5a-test/items?id.unicity=31859}, quantity=1}]}, transactions={items=[{method=Coupon, methodDetails={code=Fre3Aut0Sh!p}, type=AuthorizeAndCapture}]}, customer={href=https://hydraqa.unicity.net/v5a-test/customers?type=Associate}}
kalyan33024
Unicity [Date=Tue, 30 Jun 2020 18:36:28 GMT, Content-Type=text/javascript; charset=utf-8, Content-Length=1742, Connection=keep-alive, Set-Cookie=__cfduid=d6ba725e1ae43cf709dc9701b7940b4d31593542182; expires=Thu, 30-Jul-20 18:36:22 GMT; path=/; domain=.unicity.net; HttpOnly; SameSite=Lax, X-Powered-By=Express, x-request-id=9ea2273e-d5e6-4771-b944-3c60fa4c4958, x-request-release=5-2020063002/master, x-request-uuid=9ea2273e-d5e6-4771-b944-3c60fa4c4958, Access-Control-Allow-Origin=http://enroll.ng.unicityqa.com, vary=Accept-Encoding, link=<http://unicity.github.io/Hydra.php/docs/v5/>; rel="help", www-authenticate=Basic realm="Restricted API", cache-control=no-cache, must-revalidate, expires=0, content-language=en-US, x-status-code=200, content-encoding=gzip, x-envoy-upstream-service-time=5175, access-control-expose-headers=x-b3-traceid, x-request-id, ETag=W/"6ce-hBQhLz8KGiUUPuqIqil8vez1XSs", CF-Cache-Status=DYNAMIC, cf-request-id=03a81d1e6d00007aec35949200000001, Expect-CT=max-age=604800, report-uri="https://report-uri.cloudflare.com/cdn-cgi/beacon/expect-ct", Server=cloudflare, CF-RAY=5ab9fe10adf97aec-MCI, alt-svc=h3-27=":443"; ma=86400, h3-28=":443"; ma=86400, h3-29=":443"; ma=86400]
suman33024
{shipToAddress={zip=33024, country=US, address1=4209 E STONECREEK, state=FL}, shippingMethod={href=https://hydraqa.unicity.net/v5a-test/shippingmethods?type=Economy}, lines={items=[{item={href=https://hydraqa.unicity.net/v5a-test/items?id.unicity=31440}, quantity=1}, {item={href=https://hydraqa.unicity.net/v5a-test/items?id.unicity=31518}, quantity=1}, {item={href=https://hydraqa.unicity.net/v5a-test/items?id.unicity=31731}, quantity=1}, {item={href=https://hydraqa.unicity.net/v5a-test/items?id.unicity=31751}, quantity=1}, {item={href=https://hydraqa.unicity.net/v5a-test/items?id.unicity=31859}, quantity=1}]}, transactions={items=[{method=Coupon, methodDetails={code=Fre3Aut0Sh!p}, type=AuthorizeAndCapture}]}, customer={href=https://hydraqa.unicity.net/v5a-test/customers?type=Associate}}
kalyan33024
Unicity [Date=Tue, 30 Jun 2020 18:36:31 GMT, Content-Type=text/javascript; charset=utf-8, Content-Length=1742, Connection=keep-alive, Set-Cookie=__cfduid=d509a89fb8d073cb38ec8bd6bbebdb43f1593542187; expires=Thu, 30-Jul-20 18:36:27 GMT; path=/; domain=.unicity.net; HttpOnly; SameSite=Lax, X-Powered-By=Express, x-request-id=c83b6645-b1f9-4cad-81a9-b22bf17aef74, x-request-release=5-2020063002/master, x-request-uuid=c83b6645-b1f9-4cad-81a9-b22bf17aef74, Access-Control-Allow-Origin=http://enroll.ng.unicityqa.com, vary=Accept-Encoding, link=<http://unicity.github.io/Hydra.php/docs/v5/>; rel="help", www-authenticate=Basic realm="Restricted API", cache-control=no-cache, must-revalidate, expires=0, content-language=en-US, x-status-code=200, content-encoding=gzip, x-envoy-upstream-service-time=4628, access-control-expose-headers=x-b3-traceid, x-request-id, ETag=W/"6ce-GeDLNtQ4Wcx6o+ZqJ9domXvM1JY", CF-Cache-Status=DYNAMIC, cf-request-id=03a81d308c00007b04c5155200000001, Expect-CT=max-age=604800, report-uri="https://report-uri.cloudflare.com/cdn-cgi/beacon/expect-ct", Server=cloudflare, CF-RAY=5ab9fe2daca87b04-MCI, alt-svc=h3-27=":443"; ma=86400, h3-28=":443"; ma=86400, h3-29=":443"; ma=86400]
suman33024
{shipToAddress={zip=33024, country=US, address1=4209 E STONECREEK, state=FL}, shippingMethod={href=https://hydraqa.unicity.net/v5a-test/shippingmethods?type=Economy}, lines={items=[{item={href=https://hydraqa.unicity.net/v5a-test/items?id.unicity=31440}, quantity=1}, {item={href=https://hydraqa.unicity.net/v5a-test/items?id.unicity=31518}, quantity=1}, {item={href=https://hydraqa.unicity.net/v5a-test/items?id.unicity=31731}, quantity=1}, {item={href=https://hydraqa.unicity.net/v5a-test/items?id.unicity=31751}, quantity=1}, {item={href=https://hydraqa.unicity.net/v5a-test/items?id.unicity=31859}, quantity=1}]}, transactions={items=[{method=Coupon, methodDetails={code=Fre3Aut0Sh!p}, type=AuthorizeAndCapture}]}, customer={href=https://hydraqa.unicity.net/v5a-test/customers?type=Associate}}
kalyan33024
Unicity [Date=Tue, 30 Jun 2020 18:36:34 GMT, Content-Type=text/javascript; charset=utf-8, Content-Length=440, Connection=keep-alive, Set-Cookie=__cfduid=dd9820e404286fccdb2cead430684071c1593542188; expires=Thu, 30-Jul-20 18:36:28 GMT; path=/; domain=.unicity.net; HttpOnly; SameSite=Lax, X-Powered-By=Express, x-request-id=b39890c0-8d3e-4a9f-a7ac-e524dbf996e4, x-request-release=5-2020063002/master, x-request-uuid=b39890c0-8d3e-4a9f-a7ac-e524dbf996e4, Access-Control-Allow-Origin=http://enroll.ng.unicityqa.com, vary=Accept-Encoding, link=<http://unicity.github.io/Hydra.php/docs/v5/>; rel="help", www-authenticate=Basic realm="Restricted API", cache-control=no-cache, must-revalidate, expires=0, content-language=en-US, x-status-code=400, content-encoding=gzip, x-envoy-upstream-service-time=6068, access-control-expose-headers=x-b3-traceid, x-request-id, ETag=W/"1b8-M+RMGLbBtQqkGtx8BxYzW2PHRx0", CF-Cache-Status=DYNAMIC, cf-request-id=03a81d341b0000fbc012ac4200000001, Expect-CT=max-age=604800, report-uri="https://report-uri.cloudflare.com/cdn-cgi/beacon/expect-ct", Server=cloudflare, CF-RAY=5ab9fe335d0ffbc0-MCI, alt-svc=h3-27=":443"; ma=86400, h3-28=":443"; ma=86400, h3-29=":443"; ma=86400]
Unicity [Date=Tue, 30 Jun 2020 18:36:36 GMT, Content-Type=text/javascript; charset=utf-8, Content-Length=1754, Connection=keep-alive, Set-Cookie=__cfduid=db57741070d88a02b675be9231bdefd8a1593542191; expires=Thu, 30-Jul-20 18:36:31 GMT; path=/; domain=.unicity.net; HttpOnly; SameSite=Lax, X-Powered-By=Express, x-request-id=59bded93-1ecb-4ce6-9018-2f9c7c1f8a77, x-request-release=5-2020063002/master, x-request-uuid=59bded93-1ecb-4ce6-9018-2f9c7c1f8a77, Access-Control-Allow-Origin=http://enroll.ng.unicityqa.com, vary=Accept-Encoding, link=<http://unicity.github.io/Hydra.php/docs/v5/>; rel="help", www-authenticate=Basic realm="Restricted API", cache-control=no-cache, must-revalidate, expires=0, content-language=en-US, x-status-code=200, content-encoding=gzip, x-envoy-upstream-service-time=4670, access-control-expose-headers=x-b3-traceid, x-request-id, ETag=W/"6da-ycxfIJpT9+N3uIOMbC5e6KsksX8", CF-Cache-Status=DYNAMIC, cf-request-id=03a81d429900007aec37aeb200000001, Expect-CT=max-age=604800, report-uri="https://report-uri.cloudflare.com/cdn-cgi/beacon/expect-ct", Server=cloudflare, CF-RAY=5ab9fe4a8cf77aec-MCI, alt-svc=h3-27=":443"; ma=86400, h3-28=":443"; ma=86400, h3-29=":443"; ma=86400]
suman33024
{shipToAddress={zip=33024, country=US, city=HOLLYWOOD, address1=4209 E STONECREEK, state=FL}, shippingMethod={href=https://hydraqa.unicity.net/v5a-test/shippingmethods?type=Economy}, lines={items=[{item={href=https://hydraqa.unicity.net/v5a-test/items?id.unicity=31440}, quantity=1}, {item={href=https://hydraqa.unicity.net/v5a-test/items?id.unicity=31518}, quantity=1}, {item={href=https://hydraqa.unicity.net/v5a-test/items?id.unicity=31731}, quantity=1}, {item={href=https://hydraqa.unicity.net/v5a-test/items?id.unicity=31751}, quantity=1}, {item={href=https://hydraqa.unicity.net/v5a-test/items?id.unicity=31859}, quantity=1}]}, transactions={items=[{method=Coupon, methodDetails={code=Fre3Aut0Sh!p}, type=AuthorizeAndCapture}]}, customer={href=https://hydraqa.unicity.net/v5a-test/customers?type=Associate}}
kalyan33024
Unicity [Date=Tue, 30 Jun 2020 18:36:39 GMT, Content-Type=text/javascript; charset=utf-8, Content-Length=1754, Connection=keep-alive, Set-Cookie=__cfduid=dd106fdb89e3cc74e94bb9c8f055bcec71593542194; expires=Thu, 30-Jul-20 18:36:34 GMT; path=/; domain=.unicity.net; HttpOnly; SameSite=Lax, X-Powered-By=Express, x-request-id=724bdeac-ae4c-42d4-ba0e-d840bd667f3c, x-request-release=5-2020063002/master, x-request-uuid=724bdeac-ae4c-42d4-ba0e-d840bd667f3c, Access-Control-Allow-Origin=http://enroll.ng.unicityqa.com, vary=Accept-Encoding, link=<http://unicity.github.io/Hydra.php/docs/v5/>; rel="help", www-authenticate=Basic realm="Restricted API", cache-control=no-cache, must-revalidate, expires=0, content-language=en-US, x-status-code=200, content-encoding=gzip, x-envoy-upstream-service-time=4913, access-control-expose-headers=x-b3-traceid, x-request-id, ETag=W/"6da-QgtJQmFsuS5fhtE6wLcxcGKWfA0", CF-Cache-Status=DYNAMIC, cf-request-id=03a81d4c2f0000fbc0128e5200000001, Expect-CT=max-age=604800, report-uri="https://report-uri.cloudflare.com/cdn-cgi/beacon/expect-ct", Server=cloudflare, CF-RAY=5ab9fe59ea70fbc0-MCI, alt-svc=h3-27=":443"; ma=86400, h3-28=":443"; ma=86400, h3-29=":443"; ma=86400]
suman33024
{shipToAddress={zip=33024, country=US, city=HOLLYWOOD, address1=4209 E STONECREEK, state=FL}, shippingMethod={href=https://hydraqa.unicity.net/v5a-test/shippingmethods?type=Economy}, lines={items=[{item={href=https://hydraqa.unicity.net/v5a-test/items?id.unicity=31440}, quantity=1}, {item={href=https://hydraqa.unicity.net/v5a-test/items?id.unicity=31518}, quantity=1}, {item={href=https://hydraqa.unicity.net/v5a-test/items?id.unicity=31731}, quantity=1}, {item={href=https://hydraqa.unicity.net/v5a-test/items?id.unicity=31751}, quantity=1}, {item={href=https://hydraqa.unicity.net/v5a-test/items?id.unicity=31859}, quantity=1}]}, transactions={items=[{method=Coupon, methodDetails={code=Fre3Aut0Sh!p}, type=AuthorizeAndCapture}]}, customer={href=https://hydraqa.unicity.net/v5a-test/customers?type=Associate}}
kalyan33024
Unicity [Date=Tue, 30 Jun 2020 18:36:41 GMT, Content-Type=text/javascript; charset=utf-8, Content-Length=1754, Connection=keep-alive, Set-Cookie=__cfduid=da86e8e8568cc65717ef1f478a3742b711593542196; expires=Thu, 30-Jul-20 18:36:36 GMT; path=/; domain=.unicity.net; HttpOnly; SameSite=Lax, X-Powered-By=Express, x-request-id=2a9fd4dd-5570-4fab-b771-a00e50f1975d, x-request-release=5-2020063002/master, x-request-uuid=2a9fd4dd-5570-4fab-b771-a00e50f1975d, Access-Control-Allow-Origin=http://enroll.ng.unicityqa.com, vary=Accept-Encoding, link=<http://unicity.github.io/Hydra.php/docs/v5/>; rel="help", www-authenticate=Basic realm="Restricted API", cache-control=no-cache, must-revalidate, expires=0, content-language=en-US, x-status-code=200, content-encoding=gzip, x-envoy-upstream-service-time=4790, access-control-expose-headers=x-b3-traceid, x-request-id, ETag=W/"6da-IgADfpsNdRuUyhLacCBw+x6mkx0", CF-Cache-Status=DYNAMIC, cf-request-id=03a81d55af00007aec37bdf200000001, Expect-CT=max-age=604800, report-uri="https://report-uri.cloudflare.com/cdn-cgi/beacon/expect-ct", Server=cloudflare, CF-RAY=5ab9fe691b947aec-MCI, alt-svc=h3-27=":443"; ma=86400, h3-28=":443"; ma=86400, h3-29=":443"; ma=86400]
suman33024
{shipToAddress={zip=33024, country=US, city=HOLLYWOOD, address1=4209 E STONECREEK, state=FL}, shippingMethod={href=https://hydraqa.unicity.net/v5a-test/shippingmethods?type=Economy}, lines={items=[{item={href=https://hydraqa.unicity.net/v5a-test/items?id.unicity=31440}, quantity=1}, {item={href=https://hydraqa.unicity.net/v5a-test/items?id.unicity=31518}, quantity=1}, {item={href=https://hydraqa.unicity.net/v5a-test/items?id.unicity=31731}, quantity=1}, {item={href=https://hydraqa.unicity.net/v5a-test/items?id.unicity=31751}, quantity=1}, {item={href=https://hydraqa.unicity.net/v5a-test/items?id.unicity=31859}, quantity=1}]}, transactions={items=[{method=Coupon, methodDetails={code=Fre3Aut0Sh!p}, type=AuthorizeAndCapture}]}, customer={href=https://hydraqa.unicity.net/v5a-test/customers?type=Associate}}
kalyan33024
Unicity []
Unicity []
Request URL: https://hydraqa.unicity.net/v5a-test/addresses?country=US&zip=33024
Entry response : {"items":[{"city":"Pembroke Pines","state":"FL"}]}
No Pop UP
]]></system-out>
    <system-err><![CDATA[Starting ChromeDriver 2.36.540470 (e522d04694c7ebea4ba8821272dbef4f9b818c91) on port 7098
Only local connections are allowed.
Jun 30, 2020 12:33:12 PM org.openqa.selenium.remote.ProtocolHandshake createSession
INFO: Detected dialect: OSS
]]></system-err>
  </testcase>
  <testcase name="Enroll" classname="Tests.FranchisePartner" time="261.599">
    <failure message="Major Total Price is Wrong expected [540.0] but found [556.2]" type="java.lang.AssertionError">java.lang.AssertionError: Major Total Price is Wrong expected [540.0] but found [556.2]
	at Tests.FranchisePartner.Enroll(FranchisePartner.java:253)
</failure>
    <system-out><![CDATA[Request URL: https://hydraqa.unicity.net/v5a-test/quotes?&expand=item
Entry Quotes response : {"items":[{"lines":{"items":[{"item":{"href":"https:\/\/hydraqa.unicity.net\/v5a-test\/items\/051e765a5a71835a859c2757edd359f0","id":{"unicity":"26580"}},"quantity":1,"terms":{"priceEach":195,"taxEach":{"amount":0},"discountEach":{"amount":0},"pvEach":130},"quantityLimit":{"quantityQuota":-1,"timeFrameDays":-1,"quantityOrdered":0}}]},"currency":"USD"},{"lines":{"items":[{"item":{"href":"https:\/\/hydraqa.unicity.net\/v5a-test\/items\/3ddd31ddbe0e5807756d2488e7cc3602","id":{"unicity":"31440"}},"quantity":1,"terms":{"priceEach":40,"taxEach":{"amount":0},"discountEach":{"amount":0},"pvEach":0},"quantityLimit":{"quantityQuota":-1,"timeFrameDays":-1,"quantityOrdered":0}}]},"currency":"USD"},{"lines":{"items":[{"item":{"href":"https:\/\/hydraqa.unicity.net\/v5a-test\/items\/90d5ee3af77bdc64ecf28a45b604bf3d","id":{"unicity":"31441"}},"quantity":1,"terms":{"priceEach":40,"taxEach":{"amount":0},"discountEach":{"amount":0},"pvEach":0},"quantityLimit":{"quantityQuota":-1,"timeFrameDays":-1,"quantityOrdered":0}}]},"currency":"USD"},{"lines":{"items":[{"item":{"href":"https:\/\/hydraqa.unicity.net\/v5a-test\/items\/c201dcd36f4bb7e17e7a8481ef08d6f2","id":{"unicity":"31518"}},"quantity":1,"terms":{"priceEach":29,"taxEach":{"amount":0},"discountEach":{"amount":0},"pvEach":14},"quantityLimit":{"quantityQuota":-1,"timeFrameDays":-1,"quantityOrdered":0}}]},"currency":"USD"},{"lines":{"items":[{"item":{"href":"https:\/\/hydraqa.unicity.net\/v5a-test\/items\/bed533c634e887357ff031d8e4c776b0","id":{"unicity":"31751"}},"quantity":1,"terms":{"priceEach":99,"taxEach":{"amount":0},"discountEach":{"amount":0},"pvEach":50},"quantityLimit":{"quantityQuota":-1,"timeFrameDays":-1,"quantityOrdered":0}}]},"currency":"USD"},{"lines":{"items":[{"item":{"href":"https:\/\/hydraqa.unicity.net\/v5a-test\/items\/38da42f991a40a00153b2e5055b82dbf","id":{"unicity":"27801"}},"quantity":1,"terms":{"priceEach":195,"taxEach":{"amount":0},"discountEach":{"amount":0},"pvEach":130},"quantityLimit":{"quantityQuota":-1,"timeFrameDays":-1,"quantityOrdered":0}}]},"currency":"USD"},{"lines":{"items":[{"item":{"href":"https:\/\/hydraqa.unicity.net\/v5a-test\/items\/cf8460040a1860bcabf250b6c1171675","id":{"unicity":"31858"}},"quantity":1,"terms":{"priceEach":269,"taxEach":{"amount":0},"discountEach":{"amount":0},"pvEach":195},"quantityLimit":{"quantityQuota":-1,"timeFrameDays":-1,"quantityOrdered":0}}]},"currency":"USD"},{"lines":{"items":[{"item":{"href":"https:\/\/hydraqa.unicity.net\/v5a-test\/items\/2de8516a24af8232add0bb392e750a71","id":{"unicity":"31859"}},"quantity":1,"terms":{"priceEach":179,"taxEach":{"amount":0},"discountEach":{"amount":0},"pvEach":130},"quantityLimit":{"quantityQuota":-1,"timeFrameDays":-1,"quantityOrdered":0}}]},"currency":"USD"},{"lines":{"items":[{"item":{"href":"https:\/\/hydraqa.unicity.net\/v5a-test\/items\/e47fd287212acedd1cffb2b67bf623bd","id":{"unicity":"31862"}},"quantity":1,"terms":{"priceEach":210,"taxEach":{"amount":0},"discountEach":{"amount":0},"pvEach":148},"quantityLimit":{"quantityQuota":-1,"timeFrameDays":-1,"quantityOrdered":0}}]},"currency":"USD"},{"lines":{"items":[{"item":{"href":"https:\/\/hydraqa.unicity.net\/v5a-test\/items\/50747027a065cb8361c1f0d6eb880466","id":{"unicity":"32030"}},"quantity":1,"terms":{"priceEach":143,"taxEach":{"amount":0},"discountEach":{"amount":0},"pvEach":102},"quantityLimit":{"quantityQuota":-1,"timeFrameDays":-1,"quantityOrdered":0}}]},"currency":"USD"},{"lines":{"items":[{"item":{"href":"https:\/\/hydraqa.unicity.net\/v5a-test\/items\/292b6aee9c1193e9488e9ae6e3a845e4","id":{"unicity":"29684"}},"quantity":1,"terms":{"priceEach":242,"taxEach":{"amount":0},"discountEach":{"amount":0},"pvEach":144},"quantityLimit":{"quantityQuota":-1,"timeFrameDays":-1,"quantityOrdered":0}}]},"currency":"USD"},{"lines":{"items":[{"item":{"href":"https:\/\/hydraqa.unicity.net\/v5a-test\/items\/00c2eb70c985722ce208490aece00945","id":{"unicity":"31729"}},"quantity":1,"terms":{"priceEach":143,"taxEach":{"amount":0},"discountEach":{"amount":0},"pvEach":100},"quantityLimit":{"quantityQuota":-1,"timeFrameDays":-1,"quantityOrdered":0}}]},"currency":"USD"},{"lines":{"items":[{"item":{"href":"https:\/\/hydraqa.unicity.net\/v5a-test\/items\/693a7c4a70b06a00471afe8d6cae5023","id":{"unicity":"31730"}},"quantity":1,"terms":{"priceEach":120,"taxEach":{"amount":0},"discountEach":{"amount":0},"pvEach":80},"quantityLimit":{"quantityQuota":-1,"timeFrameDays":-1,"quantityOrdered":0}}]},"currency":"USD"},{"lines":{"items":[{"item":{"href":"https:\/\/hydraqa.unicity.net\/v5a-test\/items\/ccb242d74dcb1fe621cc7bfe1b1de315","id":{"unicity":"31731"}},"quantity":1,"terms":{"priceEach":89,"taxEach":{"amount":0},"discountEach":{"amount":0},"pvEach":60},"quantityLimit":{"quantityQuota":-1,"timeFrameDays":-1,"quantityOrdered":0}}]},"currency":"USD"},{"lines":{"items":[{"item":{"href":"https:\/\/hydraqa.unicity.net\/v5a-test\/items\/9ff4257741d464b686d15be955b8afb6","id":{"unicity":"0963"}},"quantity":1,"terms":{"priceEach":42,"taxEach":{"amount":0},"discountEach":{"amount":0},"pvEach":25},"quantityLimit":{"quantityQuota":-1,"timeFrameDays":-1,"quantityOrdered":0}}]},"currency":"USD"},{"lines":{"items":[{"item":{"href":"https:\/\/hydraqa.unicity.net\/v5a-test\/items\/716b7a0bca7fa73e42e000d668e7ee65","id":{"unicity":"15129"}},"quantity":1,"terms":{"priceEach":22,"taxEach":{"amount":0},"discountEach":{"amount":0},"pvEach":10},"quantityLimit":{"quantityQuota":-1,"timeFrameDays":-1,"quantityOrdered":0}}]},"currency":"USD"},{"lines":{"items":[{"item":{"href":"https:\/\/hydraqa.unicity.net\/v5a-test\/items\/390a7ae70d5669561ecdf7d5cff2671b","id":{"unicity":"15271"}},"quantity":1,"terms":{"priceEach":69,"taxEach":{"amount":0},"discountEach":{"amount":0},"pvEach":27},"quantityLimit":{"quantityQuota":-1,"timeFrameDays":-1,"quantityOrdered":0}}]},"currency":"USD"},{"lines":{"items":[{"item":{"href":"https:\/\/hydraqa.unicity.net\/v5a-test\/items\/4b2034f47fce90b87bba28c5c2d7c25d","id":{"unicity":"15880"}},"quantity":1,"terms":{"priceEach":59,"taxEach":{"amount":0},"discountEach":{"amount":0},"pvEach":41},"quantityLimit":{"quantityQuota":-1,"timeFrameDays":-1,"quantityOrdered":0}}]},"currency":"USD"},{"lines":{"items":[{"item":{"href":"https:\/\/hydraqa.unicity.net\/v5a-test\/items\/2c4c1abe00983e85aaa918d2ce341491","id":{"unicity":"17174"}},"quantity":1,"terms":{"priceEach":17,"taxEach":{"amount":0},"discountEach":{"amount":0},"pvEach":10},"quantityLimit":{"quantityQuota":-1,"timeFrameDays":-1,"quantityOrdered":0}}]},"currency":"USD"},{"lines":{"items":[{"item":{"href":"https:\/\/hydraqa.unicity.net\/v5a-test\/items\/cea826eab72d44641c070aab6c97c1ac","id":{"unicity":"22747"}},"quantity":1,"terms":{"priceEach":27,"taxEach":{"amount":0},"discountEach":{"amount":0},"pvEach":16},"quantityLimit":{"quantityQuota":-1,"timeFrameDays":-1,"quantityOrdered":0}}]},"currency":"USD"},{"lines":{"items":[{"item":{"href":"https:\/\/hydraqa.unicity.net\/v5a-test\/items\/5c2f1613082782e691d32fe9ce034026","id":{"unicity":"23728"}},"quantity":1,"terms":{"priceEach":26,"taxEach":{"amount":0},"discountEach":{"amount":0},"pvEach":13},"quantityLimit":{"quantityQuota":-1,"timeFrameDays":-1,"quantityOrdered":0}}]},"currency":"USD"},{"lines":{"items":[{"item":{"href":"https:\/\/hydraqa.unicity.net\/v5a-test\/items\/64ec7ad932acafab052a4e8800ad1238","id":{"unicity":"24758"}},"quantity":1,"terms":{"priceEach":31,"taxEach":{"amount":0},"discountEach":{"amount":0},"pvEach":21},"quantityLimit":{"quantityQuota":-1,"timeFrameDays":-1,"quantityOrdered":0}}]},"currency":"USD"},{"lines":{"items":[{"item":{"href":"https:\/\/hydraqa.unicity.net\/v5a-test\/items\/9a7715e888c94989d898fe4653645721","id":{"unicity":"26550"}},"quantity":1,"terms":{"priceEach":80,"taxEach":{"amount":0},"discountEach":{"amount":0},"pvEach":52},"quantityLimit":{"quantityQuota":-1,"timeFrameDays":-1,"quantityOrdered":0}}]},"currency":"USD"},{"lines":{"items":[{"item":{"href":"https:\/\/hydraqa.unicity.net\/v5a-test\/items\/3af97c67f653253825a9189a27da57d6","id":{"unicity":"26556"}},"quantity":1,"terms":{"priceEach":79,"taxEach":{"amount":0},"discountEach":{"amount":0},"pvEach":61},"quantityLimit":{"quantityQuota":-1,"timeFrameDays":-1,"quantityOrdered":0}}]},"currency":"USD"},{"lines":{"items":[{"item":{"href":"https:\/\/hydraqa.unicity.net\/v5a-test\/items\/0cf62d38e91953b43dcfe88b06f813cb","id":{"unicity":"26557"}},"quantity":1,"terms":{"priceEach":79,"taxEach":{"amount":0},"discountEach":{"amount":0},"pvEach":61},"quantityLimit":{"quantityQuota":-1,"timeFrameDays":-1,"quantityOrdered":0}}]},"currency":"USD"},{"lines":{"items":[{"item":{"href":"https:\/\/hydraqa.unicity.net\/v5a-test\/items\/398d06b858b960f6f38086d40608aef2","id":{"unicity":"26560"}},"quantity":1,"terms":{"priceEach":16,"taxEach":{"amount":0},"discountEach":{"amount":0},"pvEach":12},"quantityLimit":{"quantityQuota":-1,"timeFrameDays":-1,"quantityOrdered":0}}]},"currency":"USD"},{"lines":{"items":[{"item":{"href":"https:\/\/hydraqa.unicity.net\/v5a-test\/items\/cda534d686af5d627c94c4bb2c4b57d8","id":{"unicity":"26561"}},"quantity":1,"terms":{"priceEach":16,"taxEach":{"amount":0},"discountEach":{"amount":0},"pvEach":11},"quantityLimit":{"quantityQuota":-1,"timeFrameDays":-1,"quantityOrdered":0}}]},"currency":"USD"},{"lines":{"items":[{"item":{"href":"https:\/\/hydraqa.unicity.net\/v5a-test\/items\/0a3ede185ddf034630afd891c5106d33","id":{"unicity":"26562"}},"quantity":1,"terms":{"priceEach":33,"taxEach":{"amount":0},"discountEach":{"amount":0},"pvEach":25},"quantityLimit":{"quantityQuota":-1,"timeFrameDays":-1,"quantityOrdered":0}}]},"currency":"USD"},{"lines":{"items":[{"item":{"href":"https:\/\/hydraqa.unicity.net\/v5a-test\/items\/16ca68abaaa92505c257be022a154769","id":{"unicity":"27615"}},"quantity":1,"terms":{"priceEach":29,"taxEach":{"amount":0},"discountEach":{"amount":0},"pvEach":21},"quantityLimit":{"quantityQuota":-1,"timeFrameDays":-1,"quantityOrdered":0}}]},"currency":"USD"},{"lines":{"items":[{"item":{"href":"https:\/\/hydraqa.unicity.net\/v5a-test\/items\/1bd53de7fe880ba71f46c9976ca2c137","id":{"unicity":"27739"}},"quantity":1,"terms":{"priceEach":33,"taxEach":{"amount":0},"discountEach":{"amount":0},"pvEach":13},"quantityLimit":{"quantityQuota":-1,"timeFrameDays":-1,"quantityOrdered":0}}]},"currency":"USD"},{"lines":{"items":[{"item":{"href":"https:\/\/hydraqa.unicity.net\/v5a-test\/items\/1945faa1776541d53120ecfe3c1d8a2b","id":{"unicity":"24418"}},"quantity":1,"terms":{"priceEach":5,"taxEach":{"amount":0},"discountEach":{"amount":0},"pvEach":0},"quantityLimit":{"quantityQuota":-1,"timeFrameDays":-1,"quantityOrdered":0}}]},"currency":"USD"},{"lines":{"items":[{"item":{"href":"https:\/\/hydraqa.unicity.net\/v5a-test\/items\/9a6e1d094182389c3da8e0a320ff0e00","id":{"unicity":"27585"}},"quantity":1,"terms":{"priceEach":56,"taxEach":{"amount":0},"discountEach":{"amount":0},"pvEach":33},"quantityLimit":{"quantityQuota":-1,"timeFrameDays":-1,"quantityOrdered":0}}]},"currency":"USD"},{"lines":{"items":[{"item":{"href":"https:\/\/hydraqa.unicity.net\/v5a-test\/items\/84bf86533ae28dc84370f3699cc13a1d","id":{"unicity":"17744"}},"quantity":1,"terms":{"priceEach":97,"taxEach":{"amount":0},"discountEach":{"amount":0},"pvEach":62},"quantityLimit":{"quantityQuota":-1,"timeFrameDays":-1,"quantityOrdered":0}}]},"currency":"USD"},{"lines":{"items":[{"item":{"href":"https:\/\/hydraqa.unicity.net\/v5a-test\/items\/b127a2d34d3d73e2f53e4c2002a7a4a2","id":{"unicity":"25008"}},"quantity":1,"terms":{"priceEach":19,"taxEach":{"amount":0},"discountEach":{"amount":0},"pvEach":15},"quantityLimit":{"quantityQuota":-1,"timeFrameDays":-1,"quantityOrdered":0}}]},"currency":"USD"},{"lines":{"items":[{"item":{"href":"https:\/\/hydraqa.unicity.net\/v5a-test\/items\/10da226fab00279b4f89df10af2a10b7","id":{"unicity":"26442"}},"quantity":1,"terms":{"priceEach":6,"taxEach":{"amount":0},"discountEach":{"amount":0},"pvEach":0},"quantityLimit":{"quantityQuota":-1,"timeFrameDays":-1,"quantityOrdered":0}}]},"currency":"USD"},{"lines":{"items":[{"item":{"href":"https:\/\/hydraqa.unicity.net\/v5a-test\/items\/80a898d805f759925797847a176bf62f","id":{"unicity":"26551"}},"quantity":1,"terms":{"priceEach":80,"taxEach":{"amount":0},"discountEach":{"amount":0},"pvEach":52},"quantityLimit":{"quantityQuota":-1,"timeFrameDays":-1,"quantityOrdered":0}}]},"currency":"USD"},{"lines":{"items":[{"item":{"href":"https:\/\/hydraqa.unicity.net\/v5a-test\/items\/933f0856fd8ec1df83c5283dabf4ec3c","id":{"unicity":"6200"}},"quantity":1,"terms":{"priceEach":68,"taxEach":{"amount":0},"discountEach":{"amount":0},"pvEach":47},"quantityLimit":{"quantityQuota":-1,"timeFrameDays":-1,"quantityOrdered":0}}]},"currency":"USD"},{"lines":{"items":[{"item":{"href":"https:\/\/hydraqa.unicity.net\/v5a-test\/items\/8d994059c399f5551ab112574e4476fc","id":{"unicity":"24785"}},"quantity":1,"terms":{"priceEach":14,"taxEach":{"amount":0},"discountEach":{"amount":0},"pvEach":9},"quantityLimit":{"quantityQuota":-1,"timeFrameDays":-1,"quantityOrdered":0}}]},"currency":"USD"},{"lines":{"items":[{"item":{"href":"https:\/\/hydraqa.unicity.net\/v5a-test\/items\/aa0d72ac13b1ce88cf8c4a52ede75a37","id":{"unicity":"26552"}},"quantity":1,"terms":{"priceEach":70,"taxEach":{"amount":0},"discountEach":{"amount":0},"pvEach":50},"quantityLimit":{"quantityQuota":5,"timeFrameDays":-1,"quantityOrdered":0}}]},"currency":"USD"},{"lines":{"items":[{"item":{"href":"https:\/\/hydraqa.unicity.net\/v5a-test\/items\/8b5ed9aa6c6132e1be5e446f69a3465e","id":{"unicity":"0954"}},"quantity":1,"terms":{"priceEach":21,"taxEach":{"amount":0},"discountEach":{"amount":0},"pvEach":15},"quantityLimit":{"quantityQuota":-1,"timeFrameDays":-1,"quantityOrdered":0}}]},"currency":"USD"},{"lines":{"items":[{"item":{"href":"https:\/\/hydraqa.unicity.net\/v5a-test\/items\/b2fc4b9ba4aa5cae54389161be2f841f","id":{"unicity":"18401"}},"quantity":1,"terms":{"priceEach":31,"taxEach":{"amount":0},"discountEach":{"amount":0},"pvEach":19},"quantityLimit":{"quantityQuota":-1,"timeFrameDays":-1,"quantityOrdered":0}}]},"currency":"USD"},{"lines":{"items":[{"item":{"href":"https:\/\/hydraqa.unicity.net\/v5a-test\/items\/48433ffc76597c823adc2b8627e033e4","id":{"unicity":"26559"}},"quantity":1,"terms":{"priceEach":30,"taxEach":{"amount":0},"discountEach":{"amount":0},"pvEach":20},"quantityLimit":{"quantityQuota":-1,"timeFrameDays":-1,"quantityOrdered":0}}]},"currency":"USD"},{"lines":{"items":[{"item":{"href":"https:\/\/hydraqa.unicity.net\/v5a-test\/items\/5a38f009bec6c23b1b3a70432f9722e5","id":{"unicity":"19596"}},"quantity":1,"terms":{"priceEach":49,"taxEach":{"amount":0},"discountEach":{"amount":0},"pvEach":30},"quantityLimit":{"quantityQuota":-1,"timeFrameDays":-1,"quantityOrdered":0}}]},"currency":"USD"},{"lines":{"items":[{"item":{"href":"https:\/\/hydraqa.unicity.net\/v5a-test\/items\/9ce45d695c87f93b29794041362b5192","id":{"unicity":"26945"}},"quantity":1,"terms":{"priceEach":35,"taxEach":{"amount":0},"discountEach":{"amount":0},"pvEach":0},"quantityLimit":{"quantityQuota":-1,"timeFrameDays":-1,"quantityOrdered":0}}]},"currency":"USD"},{"lines":{"items":[{"item":{"href":"https:\/\/hydraqa.unicity.net\/v5a-test\/items\/ddef5f478ff91aa2263b646a3bd03dea","id":{"unicity":"21420"}},"quantity":1,"terms":{"priceEach":24,"taxEach":{"amount":0},"discountEach":{"amount":0},"pvEach":10},"quantityLimit":{"quantityQuota":-1,"timeFrameDays":-1,"quantityOrdered":0}}]},"currency":"USD"},{"lines":{"items":[{"item":{"href":"https:\/\/hydraqa.unicity.net\/v5a-test\/items\/55d3b550a17b78175cc5ac565e4266e8","id":{"unicity":"24621"}},"quantity":1,"terms":{"priceEach":20,"taxEach":{"amount":0},"discountEach":{"amount":0},"pvEach":12},"quantityLimit":{"quantityQuota":-1,"timeFrameDays":-1,"quantityOrdered":0}}]},"currency":"USD"},{"lines":{"items":[{"item":{"href":"https:\/\/hydraqa.unicity.net\/v5a-test\/items\/9d9d002b0e21b9bd58ad0154a4f781c5","id":{"unicity":"28836"}},"quantity":1,"terms":{"priceEach":58,"taxEach":{"amount":0},"discountEach":{"amount":0},"pvEach":36},"quantityLimit":{"quantityQuota":-1,"timeFrameDays":-1,"quantityOrdered":0}}]},"currency":"USD"},{"lines":{"items":[{"item":{"href":"https:\/\/hydraqa.unicity.net\/v5a-test\/items\/399be8efa903b362515c48315ab2afb9","id":{"unicity":"15712"}},"quantity":1,"terms":{"priceEach":15,"taxEach":{"amount":0},"discountEach":{"amount":0},"pvEach":5},"quantityLimit":{"quantityQuota":-1,"timeFrameDays":-1,"quantityOrdered":0}}]},"currency":"USD"},{"lines":{"items":[{"item":{"href":"https:\/\/hydraqa.unicity.net\/v5a-test\/items\/d489ec0d50f6e28d5743afc65439631b","id":{"unicity":"0960"}},"quantity":1,"terms":{"priceEach":37,"taxEach":{"amount":0},"discountEach":{"amount":0},"pvEach":23},"quantityLimit":{"quantityQuota":-1,"timeFrameDays":-1,"quantityOrdered":0}}]},"currency":"USD"},{"lines":{"items":[{"item":{"href":"https:\/\/hydraqa.unicity.net\/v5a-test\/items\/66839181d7531692a8d886a9da6fb4d6","id":{"unicity":"25369"}},"quantity":1,"terms":{"priceEach":48,"taxEach":{"amount":0},"discountEach":{"amount":0},"pvEach":25},"quantityLimit":{"quantityQuota":-1,"timeFrameDays":-1,"quantityOrdered":0}}]},"currency":"USD"},{"lines":{"items":[{"item":{"href":"https:\/\/hydraqa.unicity.net\/v5a-test\/items\/0eebdede5bdb8bf4d71e800b6f3cead1","id":{"unicity":"30825"}},"quantity":1,"terms":{"priceEach":49,"taxEach":{"amount":0},"discountEach":{"amount":0},"pvEach":25},"quantityLimit":{"quantityQuota":-1,"timeFrameDays":-1,"quantityOrdered":0}}]},"currency":"USD"},{"lines":{"items":[{"item":{"href":"https:\/\/hydraqa.unicity.net\/v5a-test\/items\/8ed7a8910d5c5335774fa9cfae0e511d","id":{"unicity":"18386"}},"quantity":1,"terms":{"priceEach":27,"taxEach":{"amount":0},"discountEach":{"amount":0},"pvEach":21},"quantityLimit":{"quantityQuota":-1,"timeFrameDays":-1,"quantityOrdered":0}}]},"currency":"USD"},{"lines":{"items":[{"item":{"href":"https:\/\/hydraqa.unicity.net\/v5a-test\/items\/3f2d12d7a0e8551fc99fad3bbe1ba633","id":{"unicity":"26567"}},"quantity":1,"terms":{"priceEach":56,"taxEach":{"amount":0},"discountEach":{"amount":0},"pvEach":35},"quantityLimit":{"quantityQuota":-1,"timeFrameDays":-1,"quantityOrdered":0}}]},"currency":"USD"},{"lines":{"items":[{"item":{"href":"https:\/\/hydraqa.unicity.net\/v5a-test\/items\/191637167cb3144bd2e8c4615e9ab67e","id":{"unicity":"26568"}},"quantity":1,"terms":{"priceEach":56,"taxEach":{"amount":0},"discountEach":{"amount":0},"pvEach":35},"quantityLimit":{"quantityQuota":-1,"timeFrameDays":-1,"quantityOrdered":0}}]},"currency":"USD"},{"lines":{"items":[{"item":{"href":"https:\/\/hydraqa.unicity.net\/v5a-test\/items\/2cefc6a61faaae3455a5adcb0d8fc74f","id":{"unicity":"15907"}},"quantity":1,"terms":{"priceEach":15,"taxEach":{"amount":0},"discountEach":{"amount":0},"pvEach":5},"quantityLimit":{"quantityQuota":-1,"timeFrameDays":-1,"quantityOrdered":0}}]},"currency":"USD"},{"lines":{"items":[{"item":{"href":"https:\/\/hydraqa.unicity.net\/v5a-test\/items\/fa2407c91e64e66a72ab45172eb978df","id":{"unicity":"0988"}},"quantity":1,"terms":{"priceEach":36,"taxEach":{"amount":0},"discountEach":{"amount":0},"pvEach":23},"quantityLimit":{"quantityQuota":-1,"timeFrameDays":-1,"quantityOrdered":0}}]},"currency":"USD"},{"lines":{"items":[{"item":{"href":"https:\/\/hydraqa.unicity.net\/v5a-test\/items\/40a1044968ea62276f4ba87fd2ef0d8f","id":{"unicity":"12230"}},"quantity":1,"terms":{"priceEach":45,"taxEach":{"amount":0},"discountEach":{"amount":0},"pvEach":18},"quantityLimit":{"quantityQuota":-1,"timeFrameDays":-1,"quantityOrdered":0}}]},"currency":"USD"},{"lines":{"items":[{"item":{"href":"https:\/\/hydraqa.unicity.net\/v5a-test\/items\/112b8c39286598b3730f630f371a45f4","id":{"unicity":"27587"}},"quantity":1,"terms":{"priceEach":58,"taxEach":{"amount":0},"discountEach":{"amount":0},"pvEach":33},"quantityLimit":{"quantityQuota":-1,"timeFrameDays":-1,"quantityOrdered":0}}]},"currency":"USD"},{"lines":{"items":[{"item":{"href":"https:\/\/hydraqa.unicity.net\/v5a-test\/items\/e218d1cac5f31e7ae4f5876c29c57377","id":{"unicity":"29017"}},"quantity":1,"terms":{"priceEach":38,"taxEach":{"amount":0},"discountEach":{"amount":0},"pvEach":26},"quantityLimit":{"quantityQuota":-1,"timeFrameDays":-1,"quantityOrdered":0}}]},"currency":"USD"},{"lines":{"items":[{"item":{"href":"https:\/\/hydraqa.unicity.net\/v5a-test\/items\/25eaf64b36ce31368f17ae789fd9ac5b","id":{"unicity":"29694"}},"quantity":1,"terms":{"priceEach":56,"taxEach":{"amount":0},"discountEach":{"amount":0},"pvEach":33},"quantityLimit":{"quantityQuota":-1,"timeFrameDays":-1,"quantityOrdered":0}}]},"currency":"USD"},{"lines":{"items":[{"item":{"href":"https:\/\/hydraqa.unicity.net\/v5a-test\/items\/634f7efb30392b2a919de1355902d975","id":{"unicity":"29408"}},"quantity":1,"terms":{"priceEach":80,"taxEach":{"amount":0},"discountEach":{"amount":0},"pvEach":52},"quantityLimit":{"quantityQuota":-1,"timeFrameDays":-1,"quantityOrdered":0}}]},"currency":"USD"},{"lines":{"items":[{"item":{"href":"https:\/\/hydraqa.unicity.net\/v5a-test\/items\/bb5c627f16547cb4f706cef521bca356","id":{"unicity":"29437"}},"quantity":1,"terms":{"priceEach":62,"taxEach":{"amount":0},"discountEach":{"amount":0},"pvEach":36},"quantityLimit":{"quantityQuota":-1,"timeFrameDays":-1,"quantityOrdered":0}}]},"currency":"USD"},{"lines":{"items":[{"item":{"href":"https:\/\/hydraqa.unicity.net\/v5a-test\/items\/991cdbb84a495779eb209fb3956a77e4","id":{"unicity":"29183"}},"quantity":1,"terms":{"priceEach":42,"taxEach":{"amount":0},"discountEach":{"amount":0},"pvEach":24},"quantityLimit":{"quantityQuota":-1,"timeFrameDays":-1,"quantityOrdered":0}}]},"currency":"USD"},{"lines":{"items":[{"item":{"href":"https:\/\/hydraqa.unicity.net\/v5a-test\/items\/1b0412bea8c0b841c66f65a36aa14108","id":{"unicity":"29191"}},"quantity":1,"terms":{"priceEach":64,"taxEach":{"amount":0},"discountEach":{"amount":0},"pvEach":36},"quantityLimit":{"quantityQuota":-1,"timeFrameDays":-1,"quantityOrdered":0}}]},"currency":"USD"},{"lines":{"items":[{"item":{"href":"https:\/\/hydraqa.unicity.net\/v5a-test\/items\/362999101a321b721c87110710ae77b0","id":{"unicity":"29352"}},"quantity":1,"terms":{"priceEach":119,"taxEach":{"amount":0},"discountEach":{"amount":0},"pvEach":80},"quantityLimit":{"quantityQuota":-1,"timeFrameDays":-1,"quantityOrdered":0}}]},"currency":"USD"},{"lines":{"items":[{"item":{"href":"https:\/\/hydraqa.unicity.net\/v5a-test\/items\/24ff5bda40c0d0e7eaa511866d052915","id":{"unicity":"29612"}},"quantity":1,"terms":{"priceEach":49,"taxEach":{"amount":0},"discountEach":{"amount":0},"pvEach":30},"quantityLimit":{"quantityQuota":-1,"timeFrameDays":-1,"quantityOrdered":0}}]},"currency":"USD"},{"lines":{"items":[{"item":{"href":"https:\/\/hydraqa.unicity.net\/v5a-test\/items\/e0a19d3d676bccfdba0ab3d9f2766359","id":{"unicity":"30350"}},"quantity":1,"terms":{"priceEach":50,"taxEach":{"amount":0},"discountEach":{"amount":0},"pvEach":30},"quantityLimit":{"quantityQuota":-1,"timeFrameDays":-1,"quantityOrdered":0}}]},"currency":"USD"},{"lines":{"items":[{"item":{"href":"https:\/\/hydraqa.unicity.net\/v5a-test\/items\/024e696f8b44a1d315006e676604cd31","id":{"unicity":"27395"}},"quantity":1,"terms":{"priceEach":25,"taxEach":{"amount":0},"discountEach":{"amount":0},"pvEach":16},"quantityLimit":{"quantityQuota":-1,"timeFrameDays":-1,"quantityOrdered":0}}]},"currency":"USD"},{"lines":{"items":[{"item":{"href":"https:\/\/hydraqa.unicity.net\/v5a-test\/items\/05ca08f3808f126c0cc42154c50fc75c","id":{"unicity":"29440"}},"quantity":1,"terms":{"priceEach":120,"taxEach":{"amount":0},"discountEach":{"amount":0},"pvEach":90},"quantityLimit":{"quantityQuota":-1,"timeFrameDays":-1,"quantityOrdered":0}}]},"currency":"USD"},{"lines":{"items":[{"item":{"href":"https:\/\/hydraqa.unicity.net\/v5a-test\/items\/764e2db430d361da99e8f6b70c4d0244","id":{"unicity":"29830"}},"quantity":1,"terms":{"priceEach":17,"taxEach":{"amount":0},"discountEach":{"amount":0},"pvEach":7},"quantityLimit":{"quantityQuota":-1,"timeFrameDays":-1,"quantityOrdered":0}}]},"currency":"USD"},{"lines":{"items":[{"item":{"href":"https:\/\/hydraqa.unicity.net\/v5a-test\/items\/035189015384166df518a68ede0299a9","id":{"unicity":"30408"}},"quantity":1,"terms":{"priceEach":84,"taxEach":{"amount":0},"discountEach":{"amount":0},"pvEach":50},"quantityLimit":{"quantityQuota":-1,"timeFrameDays":-1,"quantityOrdered":0}}]},"currency":"USD"},{"lines":{"items":[{"item":{"href":"https:\/\/hydraqa.unicity.net\/v5a-test\/items\/b91affa753dd5ee8a9acef4fa7e2c9a7","id":{"unicity":"30414"}},"quantity":1,"terms":{"priceEach":94,"taxEach":{"amount":0},"discountEach":{"amount":0},"pvEach":65},"quantityLimit":{"quantityQuota":-1,"timeFrameDays":-1,"quantityOrdered":0}}]},"currency":"USD"},{"lines":{"items":[{"item":{"href":"https:\/\/hydraqa.unicity.net\/v5a-test\/items\/2835b1a78e379486f0ffbfd5fb9f6b0a","id":{"unicity":"30400"}},"quantity":1,"terms":{"priceEach":38,"taxEach":{"amount":0},"discountEach":{"amount":0},"pvEach":28},"quantityLimit":{"quantityQuota":-1,"timeFrameDays":-1,"quantityOrdered":0}}]},"currency":"USD"},{"lines":{"items":[{"item":{"href":"https:\/\/hydraqa.unicity.net\/v5a-test\/items\/0e78fbdfebef11cd62f8d2120064ee58","id":{"unicity":"30280"}},"quantity":1,"terms":{"priceEach":42,"taxEach":{"amount":0},"discountEach":{"amount":0},"pvEach":24},"quantityLimit":{"quantityQuota":-1,"timeFrameDays":-1,"quantityOrdered":0}}]},"currency":"USD"},{"lines":{"items":[{"item":{"href":"https:\/\/hydraqa.unicity.net\/v5a-test\/items\/d306a0b65f27f19b4968e5c05906a9f4","id":{"unicity":"31314"}},"quantity":1,"terms":{"priceEach":388,"taxEach":{"amount":0},"discountEach":{"amount":0},"pvEach":268},"quantityLimit":{"quantityQuota":-1,"timeFrameDays":-1,"quantityOrdered":0}}]},"currency":"USD"},{"lines":{"items":[{"item":{"href":"https:\/\/hydraqa.unicity.net\/v5a-test\/items\/5bda067b70c43971650a6ef983f612e4","id":{"unicity":"31728"}},"quantity":1,"terms":{"priceEach":126,"taxEach":{"amount":0},"discountEach":{"amount":0},"pvEach":94},"quantityLimit":{"quantityQuota":-1,"timeFrameDays":-1,"quantityOrdered":0}}]},"currency":"USD"},{"lines":{"items":[{"item":{"href":"https:\/\/hydraqa.unicity.net\/v5a-test\/items\/3875e24e6b6ebdf36c79d205614ed51e","id":{"unicity":"31846"}},"quantity":1,"terms":{"priceEach":126,"taxEach":{"amount":0},"discountEach":{"amount":0},"pvEach":94},"quantityLimit":{"quantityQuota":-1,"timeFrameDays":-1,"quantityOrdered":0}}]},"currency":"USD"},{"lines":{"items":[{"item":{"href":"https:\/\/hydraqa.unicity.net\/v5a-test\/items\/89b6d29a85a88d44d65bc8cca3fefc65","id":{"unicity":"31845"}},"quantity":1,"terms":{"priceEach":143,"taxEach":{"amount":0},"discountEach":{"amount":0},"pvEach":100},"quantityLimit":{"quantityQuota":-1,"timeFrameDays":-1,"quantityOrdered":0}}]},"currency":"USD"},{"lines":{"items":[{"item":{"href":"https:\/\/hydraqa.unicity.net\/v5a-test\/items\/fbb319232b7eed110794d46a68302acb","id":{"unicity":"31847"}},"quantity":1,"terms":{"priceEach":120,"taxEach":{"amount":0},"discountEach":{"amount":0},"pvEach":80},"quantityLimit":{"quantityQuota":-1,"timeFrameDays":-1,"quantityOrdered":0}}]},"currency":"USD"},{"lines":{"items":[{"item":{"href":"https:\/\/hydraqa.unicity.net\/v5a-test\/items\/fd464cd7972cc1317e850b9196d886b8","id":{"unicity":"31863"}},"quantity":1,"terms":{"priceEach":210,"taxEach":{"amount":0},"discountEach":{"amount":0},"pvEach":148},"quantityLimit":{"quantityQuota":-1,"timeFrameDays":-1,"quantityOrdered":0}}]},"currency":"USD"},{"lines":{"items":[{"item":{"href":"https:\/\/hydraqa.unicity.net\/v5a-test\/items\/d4c8fce238d6fc34d17a4b36d1e4e59a","id":{"unicity":"31860"}},"quantity":1,"terms":{"priceEach":196,"taxEach":{"amount":0},"discountEach":{"amount":0},"pvEach":135},"quantityLimit":{"quantityQuota":-1,"timeFrameDays":-1,"quantityOrdered":0}}]},"currency":"USD"},{"lines":{"items":[{"item":{"href":"https:\/\/hydraqa.unicity.net\/v5a-test\/items\/4ab49eca1731e69206ccafb5112ad5a4","id":{"unicity":"31861"}},"quantity":1,"terms":{"priceEach":196,"taxEach":{"amount":0},"discountEach":{"amount":0},"pvEach":135},"quantityLimit":{"quantityQuota":-1,"timeFrameDays":-1,"quantityOrdered":0}}]},"currency":"USD"},{"lines":{"items":[{"item":{"href":"https:\/\/hydraqa.unicity.net\/v5a-test\/items\/077823d29445b9020de9931f10c63efd","id":{"unicity":"31958"}},"quantity":1,"terms":{"priceEach":129,"taxEach":{"amount":0},"discountEach":{"amount":0},"pvEach":85},"quantityLimit":{"quantityQuota":-1,"timeFrameDays":-1,"quantityOrdered":0}}]},"currency":"USD"},{"lines":{"items":[{"item":{"href":"https:\/\/hydraqa.unicity.net\/v5a-test\/items\/bfddb53fe0d5ed5432c531dc9850cbe4","id":{"unicity":"29449"}},"quantity":1,"terms":{"priceEach":37,"taxEach":{"amount":0},"discountEach":{"amount":0},"pvEach":25},"quantityLimit":{"quantityQuota":-1,"timeFrameDays":-1,"quantityOrdered":0}}]},"currency":"USD"},{"lines":{"items":[{"item":{"href":"https:\/\/hydraqa.unicity.net\/v5a-test\/items\/7fc100f8d20814757efe2d79e41b315c","id":{"unicity":"32021"}},"quantity":1,"terms":{"priceEach":89,"taxEach":{"amount":0},"discountEach":{"amount":0},"pvEach":60},"quantityLimit":{"quantityQuota":-1,"timeFrameDays":-1,"quantityOrdered":0}}]},"currency":"USD"},{"lines":{"items":[{"item":{"href":"https:\/\/hydraqa.unicity.net\/v5a-test\/items\/c674cdded8a54983aae3c5dcb32c9e38","id":{"unicity":"32628"}},"quantity":1,"terms":{"priceEach":80,"taxEach":{"amount":0},"discountEach":{"amount":0},"pvEach":50},"quantityLimit":{"quantityQuota":-1,"timeFrameDays":-1,"quantityOrdered":0}}]},"currency":"USD"},{"lines":{"items":[{"item":{"href":"https:\/\/hydraqa.unicity.net\/v5a-test\/items\/69d8547e9e264505ce055e09920659fd","id":{"unicity":"33019"}},"quantity":1,"terms":{"priceEach":202,"taxEach":{"amount":0},"discountEach":{"amount":0},"pvEach":151},"quantityLimit":{"quantityQuota":-1,"timeFrameDays":-1,"quantityOrdered":0}}]},"currency":"USD"},{"lines":{"items":[{"item":{"href":"https:\/\/hydraqa.unicity.net\/v5a-test\/items\/30b5c0f54df52286b3d87a6a1dfd314a","id":{"unicity":"33018"}},"quantity":1,"terms":{"priceEach":205,"taxEach":{"amount":0},"discountEach":{"amount":0},"pvEach":133},"quantityLimit":{"quantityQuota":-1,"timeFrameDays":-1,"quantityOrdered":0}}]},"currency":"USD"},{"lines":{"items":[{"item":{"href":"https:\/\/hydraqa.unicity.net\/v5a-test\/items\/16a422e03f6e3a79ba7bcd7fd50e31c0","id":{"unicity":"33017"}},"quantity":1,"terms":{"priceEach":150,"taxEach":{"amount":0},"discountEach":{"amount":0},"pvEach":110},"quantityLimit":{"quantityQuota":-1,"timeFrameDays":-1,"quantityOrdered":0}}]},"currency":"USD"},{"lines":{"items":[{"item":{"href":"https:\/\/hydraqa.unicity.net\/v5a-test\/items\/30f2eb8ab275ef57ae8082b3435a3d69","id":{"unicity":"33016"}},"quantity":1,"terms":{"priceEach":199,"taxEach":{"amount":0},"discountEach":{"amount":0},"pvEach":142},"quantityLimit":{"quantityQuota":-1,"timeFrameDays":-1,"quantityOrdered":0}}]},"currency":"USD"}]}
Entry request : {"order":{"customer":{"href":"https://hydraqa.unicity.net/v5a-test/customers?type=Associate"},"shipToAddress":{"country":"US"}},"vary":{"lines":{"items":[{"item":{"href":"https://hydraqa.unicity.net/v5a-test/items?id.unicity=26580|31440|31441|31518|31751|27801|31858|31859|31862|32030|29684|31729|31730|31731|0963|15129|15271|15880|17174|22745|22747|23728|24758|25022|26550|26556|26557|26560|26561|26562|27615|27739|24418|27585|17744|25008|26442|26551|6200|15916|18908|24785|26552|27028|0954|18401|27029|26559|19596|26945|21420|24621|28836|15712|0960|25369|30825|18386|26567|26568|15907|28513|3107|0988|12230|26950|26786|27587|29017|29694|29408|29437|29183|29191|29352|29612|30350|27395|29440|29830|30408|30414|30400|30280|31314|31728|31846|31845|31847|31863|31860|31861|31958|29449|32021|32628|33019|33018|33017|33016|32019|26555"}}]}}}
Request URL: https://hydraqa.unicity.net/v5a-test/customers.js?_httpMethod=HEAD&callback=angular.callbacks._1&email=DNWNTM@gmail.com
Unicity [Date=Tue, 30 Jun 2020 18:40:40 GMT, Content-Type=text/javascript; charset=utf-8, Content-Length=1916, Connection=keep-alive, Set-Cookie=__cfduid=df7d0519a0e7a28d09f7439fd78bc25fe1593542436; expires=Thu, 30-Jul-20 18:40:36 GMT; path=/; domain=.unicity.net; HttpOnly; SameSite=Lax, X-Powered-By=Express, x-request-id=8e241f9d-447f-4c8c-99dd-044be20fd4b3, x-request-release=5-2020063002/master, x-request-uuid=8e241f9d-447f-4c8c-99dd-044be20fd4b3, Access-Control-Allow-Origin=http://enroll.ng.unicityqa.com, vary=Accept-Encoding, link=<http://unicity.github.io/Hydra.php/docs/v5/>; rel="help", www-authenticate=Basic realm="Restricted API", cache-control=no-cache, must-revalidate, expires=0, content-language=en-US, x-status-code=200, content-encoding=gzip, x-envoy-upstream-service-time=3845, access-control-expose-headers=x-b3-traceid, x-request-id, ETag=W/"77c-zpdHs809MAB6rvO5LxS6Rdex6h4", CF-Cache-Status=DYNAMIC, cf-request-id=03a820fd2e00007abc2d889200000001, Expect-CT=max-age=604800, report-uri="https://report-uri.cloudflare.com/cdn-cgi/beacon/expect-ct", Server=cloudflare, CF-RAY=5aba0441ef3b7abc-MCI, alt-svc=h3-27=":443"; ma=86400, h3-28=":443"; ma=86400, h3-29=":443"; ma=86400]
suman84097
{shipToAddress={zip=84097, country=US, city=OREM, address1=1209 N 800 E, state=UT}, shippingMethod={href=https://hydraqa.unicity.net/v5a-test/shippingmethods?type=Economy}, lines={items=[{item={href=https://hydraqa.unicity.net/v5a-test/items?id.unicity=31441}, quantity=1}, {item={href=https://hydraqa.unicity.net/v5a-test/items?id.unicity=31518}, quantity=1}, {item={href=https://hydraqa.unicity.net/v5a-test/items?id.unicity=31751}, quantity=1}, {item={href=https://hydraqa.unicity.net/v5a-test/items?id.unicity=31858}, quantity=1}, {item={href=https://hydraqa.unicity.net/v5a-test/items?id.unicity=32030}, quantity=1}]}, transactions={items=[{method=Coupon, methodDetails={code=Fre3Aut0Sh!p}, type=AuthorizeAndCapture}]}, customer={href=https://hydraqa.unicity.net/v5a-test/customers?type=Associate}}
kalyan84097
Request URL: https://hydraqa.unicity.net/v5a-test/addresses?country=US&zip=84097
Entry response : {"items":[{"city":"Orem","state":"UT"}]}
No Pop UP
]]></system-out>
    <system-err><![CDATA[Starting ChromeDriver 2.36.540470 (e522d04694c7ebea4ba8821272dbef4f9b818c91) on port 14466
Only local connections are allowed.
Jun 30, 2020 12:37:29 PM org.openqa.selenium.remote.ProtocolHandshake createSession
INFO: Detected dialect: OSS
]]></system-err>
  </testcase>
  <testcase name="Enroll" classname="Tests.FranchisePartner" time="190.339"/>
  <testcase name="Enroll" classname="Tests.FranchisePartner" time="180.44">
    <failure message="Major Market expected [UA] but found [null]" type="java.lang.AssertionError">java.lang.AssertionError: Major Market expected [UA] but found [null]
	at Tests.FranchisePartner.Enroll(FranchisePartner.java:253)
</failure>
    <system-out><![CDATA[Request URL: https://hydraqa.unicity.net/v5a-test/quotes?&expand=item
Entry Quotes response : {"items":[{"lines":{"items":[{"item":{"href":"https:\/\/hydraqa.unicity.net\/v5a-test\/items\/907836184d54d70ecd2a376eb6599651","id":{"unicity":"26820"}},"quantity":1,"terms":{"priceEach":154.8,"taxEach":{"amount":0},"discountEach":{"amount":0},"pvEach":100},"quantityLimit":{"quantityQuota":-1,"timeFrameDays":-1,"quantityOrdered":0}}]},"currency":"USD"},{"lines":{"items":[{"item":{"href":"https:\/\/hydraqa.unicity.net\/v5a-test\/items\/63084c75bacb4ed1286d9375b47d8202","id":{"unicity":"27318"}},"quantity":1,"terms":{"priceEach":154.8,"taxEach":{"amount":0},"discountEach":{"amount":0},"pvEach":100},"quantityLimit":{"quantityQuota":-1,"timeFrameDays":-1,"quantityOrdered":0}}]},"currency":"USD"},{"lines":{"items":[{"item":{"href":"https:\/\/hydraqa.unicity.net\/v5a-test\/items\/8f4e682a90d84b101ce71633232cdcd5","id":{"unicity":"26738"}},"quantity":1,"terms":{"priceEach":769.2,"taxEach":{"amount":0},"discountEach":{"amount":0},"pvEach":500},"quantityLimit":{"quantityQuota":-1,"timeFrameDays":-1,"quantityOrdered":0}}]},"currency":"USD"},{"lines":{"items":[{"item":{"href":"https:\/\/hydraqa.unicity.net\/v5a-test\/items\/88b2b19d9c94d9e5ebb0b8e49bd128bd","id":{"unicity":"28523"}},"quantity":1,"terms":{"priceEach":769.2,"taxEach":{"amount":0},"discountEach":{"amount":0},"pvEach":500},"quantityLimit":{"quantityQuota":-1,"timeFrameDays":-1,"quantityOrdered":0}}]},"currency":"USD"},{"lines":{"items":[{"item":{"href":"https:\/\/hydraqa.unicity.net\/v5a-test\/items\/cb203269523dec0225d83276d40b53a6","id":{"unicity":"28524"}},"quantity":1,"terms":{"priceEach":1538.4,"taxEach":{"amount":0},"discountEach":{"amount":0},"pvEach":1000},"quantityLimit":{"quantityQuota":-1,"timeFrameDays":-1,"quantityOrdered":0}}]},"currency":"USD"},{"lines":{"items":[{"item":{"href":"https:\/\/hydraqa.unicity.net\/v5a-test\/items\/1a2c3b4500d826d2ffdd3b684b179511","id":{"unicity":"27700"}},"quantity":1,"terms":{"priceEach":177.89,"taxEach":{"amount":0},"discountEach":{"amount":0},"pvEach":100},"quantityLimit":{"quantityQuota":-1,"timeFrameDays":-1,"quantityOrdered":0}}]},"currency":"USD"},{"lines":{"items":[{"item":{"href":"https:\/\/hydraqa.unicity.net\/v5a-test\/items\/e9991b48ac639367d526d2b9b22fac8c","id":{"unicity":"32128"}},"quantity":1,"terms":{"priceEach":472.22,"taxEach":{"amount":0},"discountEach":{"amount":0},"pvEach":321},"quantityLimit":{"quantityQuota":-1,"timeFrameDays":-1,"quantityOrdered":0}}]},"currency":"USD"},{"lines":{"items":[{"item":{"href":"https:\/\/hydraqa.unicity.net\/v5a-test\/items\/40b3312de189221d96d838d33a8ec49d","id":{"unicity":"32129"}},"quantity":1,"terms":{"priceEach":472.22,"taxEach":{"amount":0},"discountEach":{"amount":0},"pvEach":326},"quantityLimit":{"quantityQuota":-1,"timeFrameDays":-1,"quantityOrdered":0}}]},"currency":"USD"},{"lines":{"items":[{"item":{"href":"https:\/\/hydraqa.unicity.net\/v5a-test\/items\/6bd168a66ce41003a8f30917deff5808","id":{"unicity":"32130"}},"quantity":1,"terms":{"priceEach":447.82,"taxEach":{"amount":0},"discountEach":{"amount":0},"pvEach":304},"quantityLimit":{"quantityQuota":-1,"timeFrameDays":-1,"quantityOrdered":0}}]},"currency":"USD"},{"lines":{"items":[{"item":{"href":"https:\/\/hydraqa.unicity.net\/v5a-test\/items\/806f99b793edd7cd0b1c158ba0eb3142","id":{"unicity":"32132"}},"quantity":1,"terms":{"priceEach":451.72,"taxEach":{"amount":0},"discountEach":{"amount":0},"pvEach":325},"quantityLimit":{"quantityQuota":-1,"timeFrameDays":-1,"quantityOrdered":0}}]},"currency":"USD"},{"lines":{"items":[{"item":{"href":"https:\/\/hydraqa.unicity.net\/v5a-test\/items\/e3d382d99fde8659cb146b54116e7654","id":{"unicity":"32133"}},"quantity":1,"terms":{"priceEach":467.34,"taxEach":{"amount":0},"discountEach":{"amount":0},"pvEach":330},"quantityLimit":{"quantityQuota":-1,"timeFrameDays":-1,"quantityOrdered":0}}]},"currency":"USD"},{"lines":{"items":[{"item":{"href":"https:\/\/hydraqa.unicity.net\/v5a-test\/items\/022f109fe6e5eae3e521295a5cb94c60","id":{"unicity":"32134"}},"quantity":1,"terms":{"priceEach":177.57,"taxEach":{"amount":0},"discountEach":{"amount":0},"pvEach":121},"quantityLimit":{"quantityQuota":-1,"timeFrameDays":-1,"quantityOrdered":0}}]},"currency":"USD"},{"lines":{"items":[{"item":{"href":"https:\/\/hydraqa.unicity.net\/v5a-test\/items\/ded00960d5e948dd8e511a9c752e1ff9","id":{"unicity":"32135"}},"quantity":1,"terms":{"priceEach":200,"taxEach":{"amount":0},"discountEach":{"amount":0},"pvEach":153},"quantityLimit":{"quantityQuota":-1,"timeFrameDays":-1,"quantityOrdered":0}}]},"currency":"USD"},{"lines":{"items":[{"item":{"href":"https:\/\/hydraqa.unicity.net\/v5a-test\/items\/d8736cc35cf9f4734fd76da71c53dc05","id":{"unicity":"32136"}},"quantity":1,"terms":{"priceEach":178.55,"taxEach":{"amount":0},"discountEach":{"amount":0},"pvEach":129},"quantityLimit":{"quantityQuota":-1,"timeFrameDays":-1,"quantityOrdered":0}}]},"currency":"USD"},{"lines":{"items":[{"item":{"href":"https:\/\/hydraqa.unicity.net\/v5a-test\/items\/166a69d45c4ae40278554e24d5f40443","id":{"unicity":"32137"}},"quantity":1,"terms":{"priceEach":207.82,"taxEach":{"amount":0},"discountEach":{"amount":0},"pvEach":147},"quantityLimit":{"quantityQuota":-1,"timeFrameDays":-1,"quantityOrdered":0}}]},"currency":"USD"},{"lines":{"items":[{"item":{"href":"https:\/\/hydraqa.unicity.net\/v5a-test\/items\/d04a0b8762b20202b6273114fb7302d1","id":{"unicity":"32138"}},"quantity":1,"terms":{"priceEach":281.97,"taxEach":{"amount":0},"discountEach":{"amount":0},"pvEach":192},"quantityLimit":{"quantityQuota":-1,"timeFrameDays":-1,"quantityOrdered":0}}]},"currency":"USD"},{"lines":{"items":[{"item":{"href":"https:\/\/hydraqa.unicity.net\/v5a-test\/items\/e13d0b5c40704ad5dd186959367c97f1","id":{"unicity":"32125"}},"quantity":1,"terms":{"priceEach":467.35,"taxEach":{"amount":0},"discountEach":{"amount":0},"pvEach":309},"quantityLimit":{"quantityQuota":-1,"timeFrameDays":-1,"quantityOrdered":0}}]},"currency":"USD"},{"lines":{"items":[{"item":{"href":"https:\/\/hydraqa.unicity.net\/v5a-test\/items\/4e49c95f12ae7be78e5ffab68b8b3ca6","id":{"unicity":"26422"}},"quantity":1,"terms":{"priceEach":24.39,"taxEach":{"amount":0},"discountEach":{"amount":0},"pvEach":18},"quantityLimit":{"quantityQuota":-1,"timeFrameDays":-1,"quantityOrdered":0}}]},"currency":"USD"},{"lines":{"items":[{"item":{"href":"https:\/\/hydraqa.unicity.net\/v5a-test\/items\/64ec7ad932acafab052a4e8800ad1238","id":{"unicity":"24758"}},"quantity":1,"terms":{"priceEach":30,"taxEach":{"amount":0},"discountEach":{"amount":0},"pvEach":21},"quantityLimit":{"quantityQuota":-1,"timeFrameDays":-1,"quantityOrdered":0}}]},"currency":"USD"},{"lines":{"items":[{"item":{"href":"https:\/\/hydraqa.unicity.net\/v5a-test\/items\/f2cc736b6281ff58a9653802d7bf1499","id":{"unicity":"27383"}},"quantity":1,"terms":{"priceEach":163.65,"taxEach":{"amount":0},"discountEach":{"amount":0},"pvEach":87},"quantityLimit":{"quantityQuota":-1,"timeFrameDays":-1,"quantityOrdered":0}}]},"currency":"USD"},{"lines":{"items":[{"item":{"href":"https:\/\/hydraqa.unicity.net\/v5a-test\/items\/2ed65f6d5d581854453959192a2b80e2","id":{"unicity":"27387"}},"quantity":1,"terms":{"priceEach":818.25,"taxEach":{"amount":0},"discountEach":{"amount":0},"pvEach":435},"quantityLimit":{"quantityQuota":-1,"timeFrameDays":-1,"quantityOrdered":0}}]},"currency":"USD"},{"lines":{"items":[{"item":{"href":"https:\/\/hydraqa.unicity.net\/v5a-test\/items\/d3f8faeec753832d1ed49666ed2ee558","id":{"unicity":"27391"}},"quantity":1,"terms":{"priceEach":1636.5,"taxEach":{"amount":0},"discountEach":{"amount":0},"pvEach":870},"quantityLimit":{"quantityQuota":-1,"timeFrameDays":-1,"quantityOrdered":0}}]},"currency":"USD"},{"lines":{"items":[{"item":{"href":"https:\/\/hydraqa.unicity.net\/v5a-test\/items\/9e4c0893099d6d9478f237b7185d984a","id":{"unicity":"29394"}},"quantity":1,"terms":{"priceEach":1668.56,"taxEach":{"amount":0},"discountEach":{"amount":0},"pvEach":1000},"quantityLimit":{"quantityQuota":-1,"timeFrameDays":-1,"quantityOrdered":0}}]},"currency":"USD"},{"lines":{"items":[{"item":{"href":"https:\/\/hydraqa.unicity.net\/v5a-test\/items\/a8a50dcc28c0df0867d1467e62ecebc0","id":{"unicity":"27382"}},"quantity":1,"terms":{"priceEach":154.75,"taxEach":{"amount":0},"discountEach":{"amount":0},"pvEach":87},"quantityLimit":{"quantityQuota":-1,"timeFrameDays":-1,"quantityOrdered":0}}]},"currency":"USD"},{"lines":{"items":[{"item":{"href":"https:\/\/hydraqa.unicity.net\/v5a-test\/items\/045eca4c2854df4576f4627ffcdf7240","id":{"unicity":"27386"}},"quantity":1,"terms":{"priceEach":773.75,"taxEach":{"amount":0},"discountEach":{"amount":0},"pvEach":435},"quantityLimit":{"quantityQuota":-1,"timeFrameDays":-1,"quantityOrdered":0}}]},"currency":"USD"},{"lines":{"items":[{"item":{"href":"https:\/\/hydraqa.unicity.net\/v5a-test\/items\/538fabae7ffee9db3b818505ca097af4","id":{"unicity":"27390"}},"quantity":1,"terms":{"priceEach":1547.5,"taxEach":{"amount":0},"discountEach":{"amount":0},"pvEach":870},"quantityLimit":{"quantityQuota":-1,"timeFrameDays":-1,"quantityOrdered":0}}]},"currency":"USD"},{"lines":{"items":[{"item":{"href":"https:\/\/hydraqa.unicity.net\/v5a-test\/items\/66969761e98979a6fb4dd3b5c126b207","id":{"unicity":"27381"}},"quantity":1,"terms":{"priceEach":173.14,"taxEach":{"amount":0},"discountEach":{"amount":0},"pvEach":87},"quantityLimit":{"quantityQuota":-1,"timeFrameDays":-1,"quantityOrdered":0}}]},"currency":"USD"},{"lines":{"items":[{"item":{"href":"https:\/\/hydraqa.unicity.net\/v5a-test\/items\/6bbd8e63de56e7e95448c9835f2547a7","id":{"unicity":"27385"}},"quantity":1,"terms":{"priceEach":865.7,"taxEach":{"amount":0},"discountEach":{"amount":0},"pvEach":435},"quantityLimit":{"quantityQuota":-1,"timeFrameDays":-1,"quantityOrdered":0}}]},"currency":"USD"},{"lines":{"items":[{"item":{"href":"https:\/\/hydraqa.unicity.net\/v5a-test\/items\/11c78584cd934d06ef1d542038479e56","id":{"unicity":"27389"}},"quantity":1,"terms":{"priceEach":1731.4,"taxEach":{"amount":0},"discountEach":{"amount":0},"pvEach":870},"quantityLimit":{"quantityQuota":-1,"timeFrameDays":-1,"quantityOrdered":0}}]},"currency":"USD"},{"lines":{"items":[{"item":{"href":"https:\/\/hydraqa.unicity.net\/v5a-test\/items\/217ca02fbd24e21ca5281412756238ab","id":{"unicity":"32126"}},"quantity":1,"terms":{"priceEach":184.39,"taxEach":{"amount":0},"discountEach":{"amount":0},"pvEach":121},"quantityLimit":{"quantityQuota":-1,"timeFrameDays":-1,"quantityOrdered":0}}]},"currency":"USD"},{"lines":{"items":[{"item":{"href":"https:\/\/hydraqa.unicity.net\/v5a-test\/items\/808008a0657d2033ad471c39bbce9891","id":{"unicity":"32127"}},"quantity":1,"terms":{"priceEach":212.68,"taxEach":{"amount":0},"discountEach":{"amount":0},"pvEach":153},"quantityLimit":{"quantityQuota":-1,"timeFrameDays":-1,"quantityOrdered":0}}]},"currency":"USD"},{"lines":{"items":[{"item":{"href":"https:\/\/hydraqa.unicity.net\/v5a-test\/items\/1945faa1776541d53120ecfe3c1d8a2b","id":{"unicity":"24418"}},"quantity":1,"terms":{"priceEach":2.95,"taxEach":{"amount":0},"discountEach":{"amount":0},"pvEach":0},"quantityLimit":{"quantityQuota":-1,"timeFrameDays":-1,"quantityOrdered":0}}]},"currency":"USD"},{"lines":{"items":[{"item":{"href":"https:\/\/hydraqa.unicity.net\/v5a-test\/items\/10da226fab00279b4f89df10af2a10b7","id":{"unicity":"26442"}},"quantity":1,"terms":{"priceEach":10,"taxEach":{"amount":0},"discountEach":{"amount":0},"pvEach":0},"quantityLimit":{"quantityQuota":-1,"timeFrameDays":-1,"quantityOrdered":0}}]},"currency":"USD"},{"lines":{"items":[{"item":{"href":"https:\/\/hydraqa.unicity.net\/v5a-test\/items\/4b2034f47fce90b87bba28c5c2d7c25d","id":{"unicity":"15880"}},"quantity":1,"terms":{"priceEach":57,"taxEach":{"amount":0},"discountEach":{"amount":0},"pvEach":41},"quantityLimit":{"quantityQuota":-1,"timeFrameDays":-1,"quantityOrdered":0}}]},"currency":"USD"},{"lines":{"items":[{"item":{"href":"https:\/\/hydraqa.unicity.net\/v5a-test\/items\/07a18bf285ba929cc0cef13173e4fee7","id":{"unicity":"29561"}},"quantity":1,"terms":{"priceEach":95.7,"taxEach":{"amount":0},"discountEach":{"amount":0},"pvEach":50},"quantityLimit":{"quantityQuota":-1,"timeFrameDays":-1,"quantityOrdered":0}}]},"currency":"USD"},{"lines":{"items":[{"item":{"href":"https:\/\/hydraqa.unicity.net\/v5a-test\/items\/cf8afe623b2cb9e6d7704bbf344b5647","id":{"unicity":"26412"}},"quantity":1,"terms":{"priceEach":98.14,"taxEach":{"amount":0},"discountEach":{"amount":0},"pvEach":50},"quantityLimit":{"quantityQuota":-1,"timeFrameDays":-1,"quantityOrdered":0}}]},"currency":"USD"},{"lines":{"items":[{"item":{"href":"https:\/\/hydraqa.unicity.net\/v5a-test\/items\/b2ce221111fa2c1fbd2fbffa7a05dcf1","id":{"unicity":"26736"}},"quantity":1,"terms":{"priceEach":50,"taxEach":{"amount":0},"discountEach":{"amount":0},"pvEach":25},"quantityLimit":{"quantityQuota":-1,"timeFrameDays":-1,"quantityOrdered":0}}]},"currency":"USD"},{"lines":{"items":[{"item":{"href":"https:\/\/hydraqa.unicity.net\/v5a-test\/items\/187edbdbcf7a3f0ab8b6a359db53ed61","id":{"unicity":"26735"}},"quantity":1,"terms":{"priceEach":79.75,"taxEach":{"amount":0},"discountEach":{"amount":0},"pvEach":50},"quantityLimit":{"quantityQuota":-1,"timeFrameDays":-1,"quantityOrdered":0}}]},"currency":"USD"},{"lines":{"items":[{"item":{"href":"https:\/\/hydraqa.unicity.net\/v5a-test\/items\/0158edb9832ad4983c259876efb9dadd","id":{"unicity":"29907"}},"quantity":1,"terms":{"priceEach":14,"taxEach":{"amount":0},"discountEach":{"amount":0},"pvEach":11},"quantityLimit":{"quantityQuota":-1,"timeFrameDays":-1,"quantityOrdered":0}}]},"currency":"USD"},{"lines":{"items":[{"item":{"href":"https:\/\/hydraqa.unicity.net\/v5a-test\/items\/52c87f74d3b41ed49b0f897b66c2a99b","id":{"unicity":"30684"}},"quantity":1,"terms":{"priceEach":47.8,"taxEach":{"amount":0},"discountEach":{"amount":0},"pvEach":30},"quantityLimit":{"quantityQuota":-1,"timeFrameDays":-1,"quantityOrdered":0}}]},"currency":"USD"},{"lines":{"items":[{"item":{"href":"https:\/\/hydraqa.unicity.net\/v5a-test\/items\/90f38f77c9e6ea5a71aa7377df83760b","id":{"unicity":"30198"}},"quantity":1,"terms":{"priceEach":23,"taxEach":{"amount":0},"discountEach":{"amount":0},"pvEach":17},"quantityLimit":{"quantityQuota":-1,"timeFrameDays":-1,"quantityOrdered":0}}]},"currency":"USD"},{"lines":{"items":[{"item":{"href":"https:\/\/hydraqa.unicity.net\/v5a-test\/items\/7e5e7df32701fd44947c8146f2129f7a","id":{"unicity":"31672"}},"quantity":1,"terms":{"priceEach":96.59,"taxEach":{"amount":0},"discountEach":{"amount":0},"pvEach":75},"quantityLimit":{"quantityQuota":-1,"timeFrameDays":-1,"quantityOrdered":0}}]},"currency":"USD"},{"lines":{"items":[{"item":{"href":"https:\/\/hydraqa.unicity.net\/v5a-test\/items\/75b870fdff12be635674216fe88d3204","id":{"unicity":"29984"}},"quantity":1,"terms":{"priceEach":52,"taxEach":{"amount":0},"discountEach":{"amount":0},"pvEach":30},"quantityLimit":{"quantityQuota":-1,"timeFrameDays":-1,"quantityOrdered":0}}]},"currency":"USD"},{"lines":{"items":[{"item":{"href":"https:\/\/hydraqa.unicity.net\/v5a-test\/items\/fbb6dbd577adb73abaec364076fb288f","id":{"unicity":"32087"}},"quantity":1,"terms":{"priceEach":25.37,"taxEach":{"amount":0},"discountEach":{"amount":0},"pvEach":11},"quantityLimit":{"quantityQuota":-1,"timeFrameDays":-1,"quantityOrdered":0}}]},"currency":"USD"},{"lines":{"items":[{"item":{"href":"https:\/\/hydraqa.unicity.net\/v5a-test\/items\/35dcc0035e442bbe6482f178ec38522c","id":{"unicity":"31868"}},"quantity":1,"terms":{"priceEach":25.37,"taxEach":{"amount":0},"discountEach":{"amount":0},"pvEach":11},"quantityLimit":{"quantityQuota":-1,"timeFrameDays":-1,"quantityOrdered":0}}]},"currency":"USD"}]}
Entry request : {"order":{"customer":{"href":"https://hydraqa.unicity.net/v5a-test/customers?type=Associate"},"shipToAddress":{"country":"UA"}},"vary":{"lines":{"items":[{"item":{"href":"https://hydraqa.unicity.net/v5a-test/items?id.unicity=26820|27318|26738|28523|28524|27700|31763|32128|32129|32130|32132|32133|32134|32135|32136|32137|32138|32125|26422|24758|27383|27387|27391|29394|27382|27386|27390|27381|27385|27389|32126|32127|24418|26442|15880|29561|26412|26736|26735|29907|30684|30198|31672|29984|32087|31868"}}]}}}
Request URL: https://hydraqa.unicity.net/v5a-test/customers.js?callback=angular.callbacks._1&expand=customer,profilePicture&id.unicity=2
Request URL: https://hydraqa.unicity.net/v5a-test/customers.js?_httpMethod=HEAD&callback=angular.callbacks._7&email=JWRADL@gmail.com
Request URL: https://hydraqa.unicity.net/v5a-test/shippingmethods.js?callback=angular.callbacks._a&destination=UA&market=UA
{sponsor=2, gender=female, city=TestCity, signature=TestSignature, cartprice=680.02, enroller=2, responsedob=1990-08-16, language=???????, locale=ru, type=Associate, coapplicanttype=Spouse, platform=QA, lname=IndAutomationLastName, password=Unicity, genderoption=???????, Currency=USD, commission=DD, api=7, fax=8217647322, email=JWRADL@gmail.com, coapplicant=TestSpouseName, zip=84097, fname=IndAutomationFirstName, prefferd=Ukraine, address2=Address 2, address1=Address 1, holder=TestName, shippingmethod=type=Economy, version=v5a-test/, testcase=normal, market=Ukraine, referral=yes, phone=9823746323, dob=16/08/1990, proto=https://hydraqa.unicity.net/, marketcode=UA, iban=UA213996220000026007233566001, bankname=IndAutomationBank, bic=DEUTDEFF, ccname=CCNameTest}
Request URL: https://hydraqa.unicity.net/v5a-test/orders.js
Entry request : {"customer":{"mainAddress":{"city":"TestCity","country":"UA","zip":"84097","address1":"Address 1","address2":"Address 2"},"humanName":{"firstName":"IndAutomationFirstName","lastName":"IndAutomationLastName"},"email":"JWRADL@gmail.com","preferredLocale":"ru-UA","password":{"value":"Unicity"},"gender":"female","maritalStatus":null,"type":"Associate","sponsor":{"href":"https://hydraqa.unicity.net/v5a-test/customers?id.unicity=2"},"enroller":{"href":"https://hydraqa.unicity.net/v5a-test/customers?id.unicity=2"},"homePhone":"9823746323","birthDate":"1990-08-16","depositBankAccount":{"iban":"UA213996220000026007233566001","bankName":"IndAutomationBank","bic":"DEUTDEFF","accountHolder":"TestName"},"coapplicant":{"type":"Spouse","details":{"humanName":{"firstName":"TestSpouseName","lastName":""}}},"businessEntity":{"legalType":"SoleProprietorship"},"rights":[{"holder":"Unicity","type":"SendEmails"}],"signature":{"value":"TestSignature"},"faxNumber":"8217647322"},"lines":{"items":[{"item":{"href":"https://hydraqa.unicity.net/v5a-test/items?id.unicity=32127"},"quantity":1},{"item":{"href":"https://hydraqa.unicity.net/v5a-test/items?id.unicity=32133"},"quantity":1}]},"shipToName":{"firstName":"IndAutomationFirstName","lastName":"IndAutomationLastName"},"shipToPhone":"9823746323","shipToEmail":"JWRADL@gmail.com","shipToAddress":{"city":"TestCity","country":"UA","address1":"Address 1","address2":"Address 2","zip":"84097"},"shippingMethod":{"href":"https://hydraqa.unicity.net/v5a-test/shippingmethods?type=Economy"},"notes":"","transactions":{"items":[{"amount":"this.terms.total","type":"AuthorizeAndCapture","method":"CreditCard","methodDetails":{"creditCardNumber":"4111111111111111","payer":"CCNameTest","creditCardExpires":"2020-10","creditCardSecurityCode":"123"}}]}}
Entry response : {"meta":{"Link":"<http:\/\/unicity.github.io\/Hydra.php\/docs\/v5\/>; rel=\"help\"","X-Request-UUID":"be8632c1-b06c-48bc-bdcc-73b48636f76a","X-Request-Release":"5-2020063002\/master","Cache-Control":"no-cache, must-revalidate","Expires":"0","X-Powered-By":"Luracast Restler v3.0.0rc5","Content-Type":"text\/javascript; charset=utf-8","Content-Language":"en","X-Status-Code":"400"},"data":{"error":{"code":400,"message":"Bad Request","error_code":"3014","error_message":"Incomplete bank-account details. Error #T3Y6T"}}}
Headers-->keep-alive
Headers-->1784
Headers-->application/json, text/plain, */*
Headers-->ru-UA
Headers-->Mozilla/5.0 (Windows NT 6.3; Win64; x64) AppleWebKit/537.36 (KHTML, like Gecko) Chrome/83.0.4103.116 Safari/537.36
Headers-->application/json;charset=UTF-8
]]></system-out>
    <system-err><![CDATA[Starting ChromeDriver 2.36.540470 (e522d04694c7ebea4ba8821272dbef4f9b818c91) on port 11803
Only local connections are allowed.
Jun 30, 2020 12:45:15 PM org.openqa.selenium.remote.ProtocolHandshake createSession
INFO: Detected dialect: OSS
]]></system-err>
  </testcase>
  <testcase name="Enroll" classname="Tests.FranchisePartner" time="295.329">
    <failure message="Major Total Price is Wrong expected [177.58] but found [197.5]" type="java.lang.AssertionError">java.lang.AssertionError: Major Total Price is Wrong expected [177.58] but found [197.5]
	at Tests.FranchisePartner.Enroll(FranchisePartner.java:253)
</failure>
    <system-out><![CDATA[Request URL: https://hydraqa.unicity.net/v5a-test/quotes?&expand=item
Entry Quotes response : {"items":[{"lines":{"items":[{"item":{"href":"https:\/\/hydraqa.unicity.net\/v5a-test\/items\/e9991b48ac639367d526d2b9b22fac8c","id":{"unicity":"32128"},"weightEach":{"value":0},"servingsPerContainer":0,"servingSize":0},"quantity":1,"terms":{"priceEach":302.33,"taxEach":{"amount":50.67},"discountEach":{"amount":0},"pvEach":284},"quantityLimit":{"quantityQuota":-1,"timeFrameDays":-1,"quantityOrdered":0}}]},"currency":"GBP"},{"lines":{"items":[{"item":{"href":"https:\/\/hydraqa.unicity.net\/v5a-test\/items\/40b3312de189221d96d838d33a8ec49d","id":{"unicity":"32129"},"weightEach":{"value":0},"servingsPerContainer":0,"servingSize":0},"quantity":1,"terms":{"priceEach":302.33,"taxEach":{"amount":50.67},"discountEach":{"amount":0},"pvEach":286},"quantityLimit":{"quantityQuota":-1,"timeFrameDays":-1,"quantityOrdered":0}}]},"currency":"GBP"},{"lines":{"items":[{"item":{"href":"https:\/\/hydraqa.unicity.net\/v5a-test\/items\/6bd168a66ce41003a8f30917deff5808","id":{"unicity":"32130"},"weightEach":{"value":0},"servingsPerContainer":0,"servingSize":0},"quantity":1,"terms":{"priceEach":289.17,"taxEach":{"amount":57.83},"discountEach":{"amount":0},"pvEach":278},"quantityLimit":{"quantityQuota":-1,"timeFrameDays":-1,"quantityOrdered":0}}]},"currency":"GBP"},{"lines":{"items":[{"item":{"href":"https:\/\/hydraqa.unicity.net\/v5a-test\/items\/806f99b793edd7cd0b1c158ba0eb3142","id":{"unicity":"32132"},"weightEach":{"value":0},"servingsPerContainer":0,"servingSize":0},"quantity":1,"terms":{"priceEach":299.67,"taxEach":{"amount":44.33},"discountEach":{"amount":0},"pvEach":290},"quantityLimit":{"quantityQuota":-1,"timeFrameDays":-1,"quantityOrdered":0}}]},"currency":"GBP"},{"lines":{"items":[{"item":{"href":"https:\/\/hydraqa.unicity.net\/v5a-test\/items\/e3d382d99fde8659cb146b54116e7654","id":{"unicity":"32133"},"weightEach":{"value":0},"servingsPerContainer":0,"servingSize":0},"quantity":1,"terms":{"priceEach":298.17,"taxEach":{"amount":49.83},"discountEach":{"amount":0},"pvEach":289},"quantityLimit":{"quantityQuota":-1,"timeFrameDays":-1,"quantityOrdered":0}}]},"currency":"GBP"},{"lines":{"items":[{"item":{"href":"https:\/\/hydraqa.unicity.net\/v5a-test\/items\/022f109fe6e5eae3e521295a5cb94c60","id":{"unicity":"32134"},"weightEach":{"value":0},"servingsPerContainer":0,"servingSize":0},"quantity":1,"terms":{"priceEach":112.5,"taxEach":{"amount":22.5},"discountEach":{"amount":0},"pvEach":108},"quantityLimit":{"quantityQuota":-1,"timeFrameDays":-1,"quantityOrdered":0}}]},"currency":"GBP"},{"lines":{"items":[{"item":{"href":"https:\/\/hydraqa.unicity.net\/v5a-test\/items\/ded00960d5e948dd8e511a9c752e1ff9","id":{"unicity":"32135"},"weightEach":{"value":0},"servingsPerContainer":0,"servingSize":0},"quantity":1,"terms":{"priceEach":138.83,"taxEach":{"amount":12.17},"discountEach":{"amount":0},"pvEach":136},"quantityLimit":{"quantityQuota":-1,"timeFrameDays":-1,"quantityOrdered":0}}]},"currency":"GBP"},{"lines":{"items":[{"item":{"href":"https:\/\/hydraqa.unicity.net\/v5a-test\/items\/d8736cc35cf9f4734fd76da71c53dc05","id":{"unicity":"32136"},"weightEach":{"value":0},"servingsPerContainer":0,"servingSize":0},"quantity":1,"terms":{"priceEach":114.17,"taxEach":{"amount":22.83},"discountEach":{"amount":0},"pvEach":114},"quantityLimit":{"quantityQuota":-1,"timeFrameDays":-1,"quantityOrdered":0}}]},"currency":"GBP"},{"lines":{"items":[{"item":{"href":"https:\/\/hydraqa.unicity.net\/v5a-test\/items\/166a69d45c4ae40278554e24d5f40443","id":{"unicity":"32137"},"weightEach":{"value":0},"servingsPerContainer":0,"servingSize":0},"quantity":1,"terms":{"priceEach":135,"taxEach":{"amount":27},"discountEach":{"amount":0},"pvEach":131},"quantityLimit":{"quantityQuota":-1,"timeFrameDays":-1,"quantityOrdered":0}}]},"currency":"GBP"},{"lines":{"items":[{"item":{"href":"https:\/\/hydraqa.unicity.net\/v5a-test\/items\/d04a0b8762b20202b6273114fb7302d1","id":{"unicity":"32138"},"weightEach":{"value":0},"servingsPerContainer":0,"servingSize":0},"quantity":1,"terms":{"priceEach":184,"taxEach":{"amount":27},"discountEach":{"amount":0},"pvEach":171},"quantityLimit":{"quantityQuota":-1,"timeFrameDays":-1,"quantityOrdered":0}}]},"currency":"GBP"},{"lines":{"items":[{"item":{"href":"https:\/\/hydraqa.unicity.net\/v5a-test\/items\/e13d0b5c40704ad5dd186959367c97f1","id":{"unicity":"32125"},"weightEach":{"value":0},"servingsPerContainer":0,"servingSize":0},"quantity":1,"terms":{"priceEach":307.17,"taxEach":{"amount":41.83},"discountEach":{"amount":0},"pvEach":278},"quantityLimit":{"quantityQuota":-1,"timeFrameDays":-1,"quantityOrdered":0}}]},"currency":"GBP"},{"lines":{"items":[{"item":{"href":"https:\/\/hydraqa.unicity.net\/v5a-test\/items\/c451532f63a06f0e9a054e946a1a1c3b","id":{"unicity":"18511"},"weightEach":{"value":0},"servingsPerContainer":0,"servingSize":0},"quantity":1,"terms":{"priceEach":30,"taxEach":{"amount":6},"discountEach":{"amount":0},"pvEach":27},"quantityLimit":{"quantityQuota":-1,"timeFrameDays":-1,"quantityOrdered":0}}]},"currency":"GBP"},{"lines":{"items":[{"item":{"href":"https:\/\/hydraqa.unicity.net\/v5a-test\/items\/9752a919e28f96747163918165b46f23","id":{"unicity":"19941"},"weightEach":{"value":0},"servingsPerContainer":0,"servingSize":0},"quantity":1,"terms":{"priceEach":29,"taxEach":{"amount":0},"discountEach":{"amount":0},"pvEach":24},"quantityLimit":{"quantityQuota":-1,"timeFrameDays":-1,"quantityOrdered":0}}]},"currency":"GBP"},{"lines":{"items":[{"item":{"href":"https:\/\/hydraqa.unicity.net\/v5a-test\/items\/4e49c95f12ae7be78e5ffab68b8b3ca6","id":{"unicity":"26422"},"weightEach":{"value":0},"servingsPerContainer":0,"servingSize":0},"quantity":1,"terms":{"priceEach":14.17,"taxEach":{"amount":2.83},"discountEach":{"amount":0},"pvEach":16},"quantityLimit":{"quantityQuota":-1,"timeFrameDays":-1,"quantityOrdered":0}}]},"currency":"GBP"},{"lines":{"items":[{"item":{"href":"https:\/\/hydraqa.unicity.net\/v5a-test\/items\/50e73ecfa509ac20c4a250f9cb32fdfc","id":{"unicity":"27156"},"weightEach":{"value":0},"servingsPerContainer":0,"servingSize":0},"quantity":1,"terms":{"priceEach":15,"taxEach":{"amount":3},"discountEach":{"amount":0},"pvEach":14},"quantityLimit":{"quantityQuota":-1,"timeFrameDays":-1,"quantityOrdered":0}}]},"currency":"GBP"},{"lines":{"items":[{"item":{"href":"https:\/\/hydraqa.unicity.net\/v5a-test\/items\/d92292ba2f23c030e4a1f63eb3ebe1ce","id":{"unicity":"27158"},"weightEach":{"value":0},"servingsPerContainer":0,"servingSize":0},"quantity":1,"terms":{"priceEach":21.67,"taxEach":{"amount":4.33},"discountEach":{"amount":0},"pvEach":24},"quantityLimit":{"quantityQuota":-1,"timeFrameDays":-1,"quantityOrdered":0}}]},"currency":"GBP"},{"lines":{"items":[{"item":{"href":"https:\/\/hydraqa.unicity.net\/v5a-test\/items\/0d3b8d4f7c4d4082db1b4ecffb6693fb","id":{"unicity":"27160"},"weightEach":{"value":0},"servingsPerContainer":0,"servingSize":0},"quantity":1,"terms":{"priceEach":60.83,"taxEach":{"amount":12.17},"discountEach":{"amount":0},"pvEach":62},"quantityLimit":{"quantityQuota":-1,"timeFrameDays":-1,"quantityOrdered":0}}]},"currency":"GBP"},{"lines":{"items":[{"item":{"href":"https:\/\/hydraqa.unicity.net\/v5a-test\/items\/ac37bf51ff7e4fe860da8457f6ce0425","id":{"unicity":"27166"},"weightEach":{"value":0},"servingsPerContainer":0,"servingSize":0},"quantity":1,"terms":{"priceEach":60.83,"taxEach":{"amount":12.17},"discountEach":{"amount":0},"pvEach":64},"quantityLimit":{"quantityQuota":-1,"timeFrameDays":-1,"quantityOrdered":0}}]},"currency":"GBP"},{"lines":{"items":[{"item":{"href":"https:\/\/hydraqa.unicity.net\/v5a-test\/items\/a7bda1cb4a35343e52791aba56debc4a","id":{"unicity":"27617"},"weightEach":{"value":0},"servingsPerContainer":0,"servingSize":0},"quantity":1,"terms":{"priceEach":24.17,"taxEach":{"amount":4.83},"discountEach":{"amount":0},"pvEach":21},"quantityLimit":{"quantityQuota":-1,"timeFrameDays":-1,"quantityOrdered":0}}]},"currency":"GBP"},{"lines":{"items":[{"item":{"href":"https:\/\/hydraqa.unicity.net\/v5a-test\/items\/0c0717a26fcfe40310e906487e8a12f7","id":{"unicity":"28601"},"weightEach":{"value":0},"servingsPerContainer":0,"servingSize":0},"quantity":1,"terms":{"priceEach":60.83,"taxEach":{"amount":12.17},"discountEach":{"amount":0},"pvEach":64},"quantityLimit":{"quantityQuota":-1,"timeFrameDays":-1,"quantityOrdered":0}}]},"currency":"GBP"},{"lines":{"items":[{"item":{"href":"https:\/\/hydraqa.unicity.net\/v5a-test\/items\/4790a55c442b5dc75a13b155e78c1842","id":{"unicity":"28604"},"weightEach":{"value":0},"servingsPerContainer":0,"servingSize":0},"quantity":1,"terms":{"priceEach":60.83,"taxEach":{"amount":12.17},"discountEach":{"amount":0},"pvEach":64},"quantityLimit":{"quantityQuota":-1,"timeFrameDays":-1,"quantityOrdered":0}}]},"currency":"GBP"},{"lines":{"items":[{"item":{"href":"https:\/\/hydraqa.unicity.net\/v5a-test\/items\/024e696f8b44a1d315006e676604cd31","id":{"unicity":"27395"},"weightEach":{"value":0},"servingsPerContainer":0,"servingSize":0},"quantity":1,"terms":{"priceEach":24.17,"taxEach":{"amount":4.83},"discountEach":{"amount":0},"pvEach":21},"quantityLimit":{"quantityQuota":-1,"timeFrameDays":-1,"quantityOrdered":0}}]},"currency":"GBP"},{"lines":{"items":[{"item":{"href":"https:\/\/hydraqa.unicity.net\/v5a-test\/items\/db0a2b02eaabc5ad45fe91ba5c7bcf5a","id":{"unicity":"31772"},"weightEach":{"value":0},"servingsPerContainer":0,"servingSize":0},"quantity":1,"terms":{"priceEach":7.5,"taxEach":{"amount":1.5},"discountEach":{"amount":0},"pvEach":0},"quantityLimit":{"quantityQuota":-1,"timeFrameDays":-1,"quantityOrdered":0}}]},"currency":"GBP"},{"lines":{"items":[{"item":{"href":"https:\/\/hydraqa.unicity.net\/v5a-test\/items\/34c8c6b0f454da738e64265f08c57a72","id":{"unicity":"31777"},"weightEach":{"value":0},"servingsPerContainer":0,"servingSize":0},"quantity":1,"terms":{"priceEach":5.83,"taxEach":{"amount":1.17},"discountEach":{"amount":0},"pvEach":4},"quantityLimit":{"quantityQuota":-1,"timeFrameDays":-1,"quantityOrdered":0}}]},"currency":"GBP"},{"lines":{"items":[{"item":{"href":"https:\/\/hydraqa.unicity.net\/v5a-test\/items\/fc8583e3bf463b599fdcce05234bc137","id":{"unicity":"31780"},"weightEach":{"value":0},"servingsPerContainer":0,"servingSize":0},"quantity":1,"terms":{"priceEach":7.5,"taxEach":{"amount":1.5},"discountEach":{"amount":0},"pvEach":5},"quantityLimit":{"quantityQuota":-1,"timeFrameDays":-1,"quantityOrdered":0}}]},"currency":"GBP"},{"lines":{"items":[{"item":{"href":"https:\/\/hydraqa.unicity.net\/v5a-test\/items\/7e80331c8c25f515174d3f894283a27c","id":{"unicity":"31781"},"weightEach":{"value":0},"servingsPerContainer":0,"servingSize":0},"quantity":1,"terms":{"priceEach":7.5,"taxEach":{"amount":1.5},"discountEach":{"amount":0},"pvEach":5},"quantityLimit":{"quantityQuota":-1,"timeFrameDays":-1,"quantityOrdered":0}}]},"currency":"GBP"},{"lines":{"items":[{"item":{"href":"https:\/\/hydraqa.unicity.net\/v5a-test\/items\/8d3854b47de8e45d6fcdc194dffff601","id":{"unicity":"31782"},"weightEach":{"value":0},"servingsPerContainer":0,"servingSize":0},"quantity":1,"terms":{"priceEach":11.67,"taxEach":{"amount":2.33},"discountEach":{"amount":0},"pvEach":8},"quantityLimit":{"quantityQuota":-1,"timeFrameDays":-1,"quantityOrdered":0}}]},"currency":"GBP"},{"lines":{"items":[{"item":{"href":"https:\/\/hydraqa.unicity.net\/v5a-test\/items\/04516be30bd9bf93e01536e7fc8f8716","id":{"unicity":"31779"},"weightEach":{"value":0},"servingsPerContainer":0,"servingSize":0},"quantity":1,"terms":{"priceEach":9.17,"taxEach":{"amount":1.83},"discountEach":{"amount":0},"pvEach":6},"quantityLimit":{"quantityQuota":-1,"timeFrameDays":-1,"quantityOrdered":0}}]},"currency":"GBP"},{"lines":{"items":[{"item":{"href":"https:\/\/hydraqa.unicity.net\/v5a-test\/items\/d7e1dd4b19a8672aed99e591356c0d48","id":{"unicity":"31932"},"weightEach":{"value":0},"servingsPerContainer":0,"servingSize":0},"quantity":1,"terms":{"priceEach":5.83,"taxEach":{"amount":1.17},"discountEach":{"amount":0},"pvEach":4},"quantityLimit":{"quantityQuota":-1,"timeFrameDays":-1,"quantityOrdered":0}}]},"currency":"GBP"},{"lines":{"items":[{"item":{"href":"https:\/\/hydraqa.unicity.net\/v5a-test\/items\/1aa00306dc0006d365acd7436548f2e6","id":{"unicity":"31778"},"weightEach":{"value":0},"servingsPerContainer":0,"servingSize":0},"quantity":1,"terms":{"priceEach":11.67,"taxEach":{"amount":2.33},"discountEach":{"amount":0},"pvEach":8},"quantityLimit":{"quantityQuota":-1,"timeFrameDays":-1,"quantityOrdered":0}}]},"currency":"GBP"},{"lines":{"items":[{"item":{"href":"https:\/\/hydraqa.unicity.net\/v5a-test\/items\/881451fd39a6a3113e33935db22da7ae","id":{"unicity":"32553"},"weightEach":{"value":0},"servingsPerContainer":0,"servingSize":0},"quantity":1,"terms":{"priceEach":2.08,"taxEach":{"amount":0.42},"discountEach":{"amount":0},"pvEach":0},"quantityLimit":{"quantityQuota":-1,"timeFrameDays":-1,"quantityOrdered":0}}]},"currency":"GBP"},{"lines":{"items":[{"item":{"href":"https:\/\/hydraqa.unicity.net\/v5a-test\/items\/4fc6de0cb7817f39a836ff08609b8539","id":{"unicity":"32556"},"weightEach":{"value":0},"servingsPerContainer":0,"servingSize":0},"quantity":1,"terms":{"priceEach":2.08,"taxEach":{"amount":0.42},"discountEach":{"amount":0},"pvEach":0},"quantityLimit":{"quantityQuota":-1,"timeFrameDays":-1,"quantityOrdered":0}}]},"currency":"GBP"},{"lines":{"items":[{"item":{"href":"https:\/\/hydraqa.unicity.net\/v5a-test\/items\/2262fdd5af916c31df08089c191735c1","id":{"unicity":"29317"},"weightEach":{"value":0},"servingsPerContainer":0,"servingSize":0},"quantity":1,"terms":{"priceEach":24.17,"taxEach":{"amount":4.83},"discountEach":{"amount":0},"pvEach":0},"quantityLimit":{"quantityQuota":-1,"timeFrameDays":-1,"quantityOrdered":0}}]},"currency":"GBP"},{"lines":{"items":[{"item":{"href":"https:\/\/hydraqa.unicity.net\/v5a-test\/items\/217ca02fbd24e21ca5281412756238ab","id":{"unicity":"32126"},"weightEach":{"value":0},"servingsPerContainer":0,"servingSize":0},"quantity":1,"terms":{"priceEach":119.92,"taxEach":{"amount":23.98},"discountEach":{"amount":0},"pvEach":108},"quantityLimit":{"quantityQuota":-1,"timeFrameDays":-1,"quantityOrdered":0}}]},"currency":"GBP"},{"lines":{"items":[{"item":{"href":"https:\/\/hydraqa.unicity.net\/v5a-test\/items\/808008a0657d2033ad471c39bbce9891","id":{"unicity":"32127"},"weightEach":{"value":0},"servingsPerContainer":0,"servingSize":0},"quantity":1,"terms":{"priceEach":146.33,"taxEach":{"amount":13.67},"discountEach":{"amount":0},"pvEach":136},"quantityLimit":{"quantityQuota":-1,"timeFrameDays":-1,"quantityOrdered":0}}]},"currency":"GBP"},{"lines":{"items":[{"item":{"href":"https:\/\/hydraqa.unicity.net\/v5a-test\/items\/2f1d0aa90494ae2e08035922c701f968","id":{"unicity":"29832"},"weightEach":{"value":0},"servingsPerContainer":0,"servingSize":0},"quantity":1,"terms":{"priceEach":35.83,"taxEach":{"amount":7.17},"discountEach":{"amount":0},"pvEach":40},"quantityLimit":{"quantityQuota":-1,"timeFrameDays":-1,"quantityOrdered":0}}]},"currency":"GBP"},{"lines":{"items":[{"item":{"href":"https:\/\/hydraqa.unicity.net\/v5a-test\/items\/10df0fc3509b53cbeaeb9476ca92d520","id":{"unicity":"29833"},"weightEach":{"value":0},"servingsPerContainer":0,"servingSize":0},"quantity":1,"terms":{"priceEach":69.17,"taxEach":{"amount":13.83},"discountEach":{"amount":0},"pvEach":73},"quantityLimit":{"quantityQuota":-1,"timeFrameDays":-1,"quantityOrdered":0}}]},"currency":"GBP"},{"lines":{"items":[{"item":{"href":"https:\/\/hydraqa.unicity.net\/v5a-test\/items\/332daeac6796ed016ea8b7d0bc42c2d4","id":{"unicity":"24274"},"weightEach":{"value":0},"servingsPerContainer":0,"servingSize":0},"quantity":1,"terms":{"priceEach":6.67,"taxEach":{"amount":1.33},"discountEach":{"amount":0},"pvEach":0},"quantityLimit":{"quantityQuota":-1,"timeFrameDays":-1,"quantityOrdered":0}}]},"currency":"GBP"},{"lines":{"items":[{"item":{"href":"https:\/\/hydraqa.unicity.net\/v5a-test\/items\/1945faa1776541d53120ecfe3c1d8a2b","id":{"unicity":"24418"},"weightEach":{"value":0},"servingsPerContainer":0,"servingSize":0},"quantity":1,"terms":{"priceEach":4.17,"taxEach":{"amount":0.83},"discountEach":{"amount":0},"pvEach":0},"quantityLimit":{"quantityQuota":-1,"timeFrameDays":-1,"quantityOrdered":0}}]},"currency":"GBP"},{"lines":{"items":[{"item":{"href":"https:\/\/hydraqa.unicity.net\/v5a-test\/items\/10da226fab00279b4f89df10af2a10b7","id":{"unicity":"26442"},"weightEach":{"value":0},"servingsPerContainer":0,"servingSize":0},"quantity":1,"terms":{"priceEach":5,"taxEach":{"amount":1},"discountEach":{"amount":0},"pvEach":0},"quantityLimit":{"quantityQuota":-1,"timeFrameDays":-1,"quantityOrdered":0}}]},"currency":"GBP"},{"lines":{"items":[{"item":{"href":"https:\/\/hydraqa.unicity.net\/v5a-test\/items\/5147f8cfe32548e02fc158d4da9c4d6f","id":{"unicity":"27150"},"weightEach":{"value":0},"servingsPerContainer":0,"servingSize":0},"quantity":1,"terms":{"priceEach":73.33,"taxEach":{"amount":14.67},"discountEach":{"amount":0},"pvEach":75},"quantityLimit":{"quantityQuota":-1,"timeFrameDays":-1,"quantityOrdered":0}}]},"currency":"GBP"},{"lines":{"items":[{"item":{"href":"https:\/\/hydraqa.unicity.net\/v5a-test\/items\/03eba2365025ccd85818846a83a16f47","id":{"unicity":"27163"},"weightEach":{"value":0},"servingsPerContainer":0,"servingSize":0},"quantity":1,"terms":{"priceEach":60.83,"taxEach":{"amount":12.17},"discountEach":{"amount":0},"pvEach":64},"quantityLimit":{"quantityQuota":-1,"timeFrameDays":-1,"quantityOrdered":0}}]},"currency":"GBP"},{"lines":{"items":[{"item":{"href":"https:\/\/hydraqa.unicity.net\/v5a-test\/items\/7d4ad2792f7056e5f81eb24f118ef737","id":{"unicity":"27575"},"weightEach":{"value":0},"servingsPerContainer":0,"servingSize":0},"quantity":1,"terms":{"priceEach":49,"taxEach":{"amount":0},"discountEach":{"amount":0},"pvEach":40},"quantityLimit":{"quantityQuota":-1,"timeFrameDays":-1,"quantityOrdered":0}}]},"currency":"GBP"},{"lines":{"items":[{"item":{"href":"https:\/\/hydraqa.unicity.net\/v5a-test\/items\/a36d9fdd0fd7561e6180fb5b2ff27164","id":{"unicity":"27660"},"weightEach":{"value":0},"servingsPerContainer":0,"servingSize":0},"quantity":1,"terms":{"priceEach":26.66,"taxEach":{"amount":5.33},"discountEach":{"amount":0},"pvEach":18},"quantityLimit":{"quantityQuota":-1,"timeFrameDays":-1,"quantityOrdered":0}}]},"currency":"GBP"},{"lines":{"items":[{"item":{"href":"https:\/\/hydraqa.unicity.net\/v5a-test\/items\/112b8c39286598b3730f630f371a45f4","id":{"unicity":"27587"},"weightEach":{"value":0},"servingsPerContainer":0,"servingSize":0},"quantity":1,"terms":{"priceEach":49,"taxEach":{"amount":0},"discountEach":{"amount":0},"pvEach":40},"quantityLimit":{"quantityQuota":-1,"timeFrameDays":-1,"quantityOrdered":0}}]},"currency":"GBP"},{"lines":{"items":[{"item":{"href":"https:\/\/hydraqa.unicity.net\/v5a-test\/items\/0eebdede5bdb8bf4d71e800b6f3cead1","id":{"unicity":"30825"},"weightEach":{"value":0},"servingsPerContainer":0,"servingSize":0},"quantity":1,"terms":{"priceEach":30,"taxEach":{"amount":6},"discountEach":{"amount":0},"pvEach":27},"quantityLimit":{"quantityQuota":-1,"timeFrameDays":-1,"quantityOrdered":0}}]},"currency":"GBP"},{"lines":{"items":[{"item":{"href":"https:\/\/hydraqa.unicity.net\/v5a-test\/items\/4b2034f47fce90b87bba28c5c2d7c25d","id":{"unicity":"15880"},"weightEach":{"value":0},"servingsPerContainer":0,"servingSize":0},"quantity":1,"terms":{"priceEach":40,"taxEach":{"amount":8},"discountEach":{"amount":0},"pvEach":37},"quantityLimit":{"quantityQuota":-1,"timeFrameDays":-1,"quantityOrdered":0}}]},"currency":"GBP"},{"lines":{"items":[{"item":{"href":"https:\/\/hydraqa.unicity.net\/v5a-test\/items\/398d06b858b960f6f38086d40608aef2","id":{"unicity":"26560"},"weightEach":{"value":0},"servingsPerContainer":0,"servingSize":0},"quantity":1,"terms":{"priceEach":15,"taxEach":{"amount":3},"discountEach":{"amount":0},"pvEach":14},"quantityLimit":{"quantityQuota":-1,"timeFrameDays":-1,"quantityOrdered":0}}]},"currency":"GBP"},{"lines":{"items":[{"item":{"href":"https:\/\/hydraqa.unicity.net\/v5a-test\/items\/e218d1cac5f31e7ae4f5876c29c57377","id":{"unicity":"29017"},"weightEach":{"value":0},"servingsPerContainer":0,"servingSize":0},"quantity":1,"terms":{"priceEach":26.67,"taxEach":{"amount":5.33},"discountEach":{"amount":0},"pvEach":23},"quantityLimit":{"quantityQuota":-1,"timeFrameDays":-1,"quantityOrdered":0}}]},"currency":"GBP"},{"lines":{"items":[{"item":{"href":"https:\/\/hydraqa.unicity.net\/v5a-test\/items\/191637167cb3144bd2e8c4615e9ab67e","id":{"unicity":"26568"},"weightEach":{"value":0},"servingsPerContainer":0,"servingSize":0},"quantity":1,"terms":{"priceEach":50,"taxEach":{"amount":10},"discountEach":{"amount":0},"pvEach":35},"quantityLimit":{"quantityQuota":-1,"timeFrameDays":-1,"quantityOrdered":0}}]},"currency":"GBP"},{"lines":{"items":[{"item":{"href":"https:\/\/hydraqa.unicity.net\/v5a-test\/items\/64ec7ad932acafab052a4e8800ad1238","id":{"unicity":"24758"},"weightEach":{"value":0},"servingsPerContainer":0,"servingSize":0},"quantity":1,"terms":{"priceEach":33.33,"taxEach":{"amount":6.67},"discountEach":{"amount":0},"pvEach":30},"quantityLimit":{"quantityQuota":-1,"timeFrameDays":-1,"quantityOrdered":0}}]},"currency":"GBP"},{"lines":{"items":[{"item":{"href":"https:\/\/hydraqa.unicity.net\/v5a-test\/items\/606f7be753c74dfbfe4b107276775140","id":{"unicity":"29821"},"weightEach":{"value":0},"servingsPerContainer":0,"servingSize":0},"quantity":1,"terms":{"priceEach":78,"taxEach":{"amount":0},"discountEach":{"amount":0},"pvEach":72},"quantityLimit":{"quantityQuota":-1,"timeFrameDays":-1,"quantityOrdered":0}}]},"currency":"GBP"},{"lines":{"items":[{"item":{"href":"https:\/\/hydraqa.unicity.net\/v5a-test\/items\/94939f9be900906d2b47260ccba22a7b","id":{"unicity":"32012"},"weightEach":{"value":0},"servingsPerContainer":0,"servingSize":0},"quantity":1,"terms":{"priceEach":10,"taxEach":{"amount":0},"discountEach":{"amount":0},"pvEach":7},"quantityLimit":{"quantityQuota":-1,"timeFrameDays":-1,"quantityOrdered":0}}]},"currency":"GBP"},{"lines":{"items":[{"item":{"href":"https:\/\/hydraqa.unicity.net\/v5a-test\/items\/2c4c1abe00983e85aaa918d2ce341491","id":{"unicity":"17174"},"weightEach":{"value":0},"servingsPerContainer":0,"servingSize":0},"quantity":1,"terms":{"priceEach":30,"taxEach":{"amount":6},"discountEach":{"amount":0},"pvEach":27},"quantityLimit":{"quantityQuota":-1,"timeFrameDays":-1,"quantityOrdered":0}}]},"currency":"GBP"},{"lines":{"items":[{"item":{"href":"https:\/\/hydraqa.unicity.net\/v5a-test\/items\/991cdbb84a495779eb209fb3956a77e4","id":{"unicity":"29183"},"weightEach":{"value":0},"servingsPerContainer":0,"servingSize":0},"quantity":1,"terms":{"priceEach":26.67,"taxEach":{"amount":5.33},"discountEach":{"amount":0},"pvEach":22},"quantityLimit":{"quantityQuota":-1,"timeFrameDays":-1,"quantityOrdered":0}}]},"currency":"GBP"},{"lines":{"items":[{"item":{"href":"https:\/\/hydraqa.unicity.net\/v5a-test\/items\/0e78fbdfebef11cd62f8d2120064ee58","id":{"unicity":"30280"},"weightEach":{"value":0},"servingsPerContainer":0,"servingSize":0},"quantity":1,"terms":{"priceEach":28.33,"taxEach":{"amount":5.67},"discountEach":{"amount":0},"pvEach":24},"quantityLimit":{"quantityQuota":-1,"timeFrameDays":-1,"quantityOrdered":0}}]},"currency":"GBP"},{"lines":{"items":[{"item":{"href":"https:\/\/hydraqa.unicity.net\/v5a-test\/items\/beb900429fbb160dbfc3001c14d96df4","id":{"unicity":"29187"},"weightEach":{"value":0},"servingsPerContainer":0,"servingSize":0},"quantity":1,"terms":{"priceEach":32.5,"taxEach":{"amount":6.5},"discountEach":{"amount":0},"pvEach":28},"quantityLimit":{"quantityQuota":-1,"timeFrameDays":-1,"quantityOrdered":0}}]},"currency":"GBP"},{"lines":{"items":[{"item":{"href":"https:\/\/hydraqa.unicity.net\/v5a-test\/items\/1b0412bea8c0b841c66f65a36aa14108","id":{"unicity":"29191"},"weightEach":{"value":0},"servingsPerContainer":0,"servingSize":0},"quantity":1,"terms":{"priceEach":32.5,"taxEach":{"amount":6.5},"discountEach":{"amount":0},"pvEach":28},"quantityLimit":{"quantityQuota":-1,"timeFrameDays":-1,"quantityOrdered":0}}]},"currency":"GBP"},{"lines":{"items":[{"item":{"href":"https:\/\/hydraqa.unicity.net\/v5a-test\/items\/52c87f74d3b41ed49b0f897b66c2a99b","id":{"unicity":"30684"},"weightEach":{"value":0},"servingsPerContainer":0,"servingSize":0},"quantity":1,"terms":{"priceEach":30,"taxEach":{"amount":6},"discountEach":{"amount":0},"pvEach":27},"quantityLimit":{"quantityQuota":-1,"timeFrameDays":-1,"quantityOrdered":0}}]},"currency":"GBP"},{"lines":{"items":[{"item":{"href":"https:\/\/hydraqa.unicity.net\/v5a-test\/items\/90f38f77c9e6ea5a71aa7377df83760b","id":{"unicity":"30198"},"weightEach":{"value":0},"servingsPerContainer":0,"servingSize":0},"quantity":1,"terms":{"priceEach":14.17,"taxEach":{"amount":2.83},"discountEach":{"amount":0},"pvEach":16},"quantityLimit":{"quantityQuota":-1,"timeFrameDays":-1,"quantityOrdered":0}}]},"currency":"GBP"},{"lines":{"items":[{"item":{"href":"https:\/\/hydraqa.unicity.net\/v5a-test\/items\/4114433211b3e74bf171f84526d7e49b","id":{"unicity":"31344"},"weightEach":{"value":0},"servingsPerContainer":0,"servingSize":0},"quantity":1,"terms":{"priceEach":75.9,"taxEach":{"amount":3.72},"discountEach":{"amount":0},"pvEach":50},"quantityLimit":{"quantityQuota":-1,"timeFrameDays":-1,"quantityOrdered":0}}]},"currency":"GBP"},{"lines":{"items":[{"item":{"href":"https:\/\/hydraqa.unicity.net\/v5a-test\/items\/ab2a2b07b17718843a66bee04ff40624","id":{"unicity":"31402"},"weightEach":{"value":0},"servingsPerContainer":0,"servingSize":0},"quantity":1,"terms":{"priceEach":73.33,"taxEach":{"amount":14.67},"discountEach":{"amount":0},"pvEach":75},"quantityLimit":{"quantityQuota":-1,"timeFrameDays":-1,"quantityOrdered":0}}]},"currency":"GBP"},{"lines":{"items":[{"item":{"href":"https:\/\/hydraqa.unicity.net\/v5a-test\/items\/7e5e7df32701fd44947c8146f2129f7a","id":{"unicity":"31672"},"weightEach":{"value":0},"servingsPerContainer":0,"servingSize":0},"quantity":1,"terms":{"priceEach":60.83,"taxEach":{"amount":12.17},"discountEach":{"amount":0},"pvEach":64},"quantityLimit":{"quantityQuota":-1,"timeFrameDays":-1,"quantityOrdered":0}}]},"currency":"GBP"},{"lines":{"items":[{"item":{"href":"https:\/\/hydraqa.unicity.net\/v5a-test\/items\/493c2ba720f847422eccc5da35024f33","id":{"unicity":"31534"},"weightEach":{"value":0},"servingsPerContainer":0,"servingSize":0},"quantity":1,"terms":{"priceEach":20.83,"taxEach":{"amount":4.17},"discountEach":{"amount":0},"pvEach":17},"quantityLimit":{"quantityQuota":-1,"timeFrameDays":-1,"quantityOrdered":0}}]},"currency":"GBP"},{"lines":{"items":[{"item":{"href":"https:\/\/hydraqa.unicity.net\/v5a-test\/items\/bfddb53fe0d5ed5432c531dc9850cbe4","id":{"unicity":"29449"},"weightEach":{"value":0},"servingsPerContainer":0,"servingSize":0},"quantity":1,"terms":{"priceEach":22.5,"taxEach":{"amount":4.5},"discountEach":{"amount":0},"pvEach":20},"quantityLimit":{"quantityQuota":-1,"timeFrameDays":-1,"quantityOrdered":0}}]},"currency":"GBP"},{"lines":{"items":[{"item":{"href":"https:\/\/hydraqa.unicity.net\/v5a-test\/items\/75b870fdff12be635674216fe88d3204","id":{"unicity":"29984"},"weightEach":{"value":0},"servingsPerContainer":0,"servingSize":0},"quantity":1,"terms":{"priceEach":32.5,"taxEach":{"amount":6.5},"discountEach":{"amount":0},"pvEach":28},"quantityLimit":{"quantityQuota":-1,"timeFrameDays":-1,"quantityOrdered":0}}]},"currency":"GBP"},{"lines":{"items":[{"item":{"href":"https:\/\/hydraqa.unicity.net\/v5a-test\/items\/fbb6dbd577adb73abaec364076fb288f","id":{"unicity":"32087"},"weightEach":{"value":0},"servingsPerContainer":0,"servingSize":0},"quantity":1,"terms":{"priceEach":17.5,"taxEach":{"amount":3.5},"discountEach":{"amount":0},"pvEach":10},"quantityLimit":{"quantityQuota":-1,"timeFrameDays":-1,"quantityOrdered":0}}]},"currency":"GBP"},{"lines":{"items":[{"item":{"href":"https:\/\/hydraqa.unicity.net\/v5a-test\/items\/35dcc0035e442bbe6482f178ec38522c","id":{"unicity":"31868"},"weightEach":{"value":0},"servingsPerContainer":0,"servingSize":0},"quantity":1,"terms":{"priceEach":17.5,"taxEach":{"amount":3.5},"discountEach":{"amount":0},"pvEach":10},"quantityLimit":{"quantityQuota":-1,"timeFrameDays":-1,"quantityOrdered":0}}]},"currency":"GBP"},{"lines":{"items":[{"item":{"href":"https:\/\/hydraqa.unicity.net\/v5a-test\/items\/1f59b10f0bef99fa20e4b9b0b4efea88","id":{"unicity":"32333"},"weightEach":{"value":0},"servingsPerContainer":0,"servingSize":0},"quantity":1,"terms":{"priceEach":8.33,"taxEach":{"amount":1.67},"discountEach":{"amount":0},"pvEach":0},"quantityLimit":{"quantityQuota":-1,"timeFrameDays":-1,"quantityOrdered":0}}]},"currency":"GBP"},{"lines":{"items":[{"item":{"href":"https:\/\/hydraqa.unicity.net\/v5a-test\/items\/592aef9ec417f4553dc0b62a91a1f5e0","id":{"unicity":"32330"},"weightEach":{"value":0},"servingsPerContainer":0,"servingSize":0},"quantity":1,"terms":{"priceEach":79,"taxEach":{"amount":0},"discountEach":{"amount":0},"pvEach":60},"quantityLimit":{"quantityQuota":-1,"timeFrameDays":-1,"quantityOrdered":0}}]},"currency":"GBP"},{"lines":{"items":[{"item":{"href":"https:\/\/hydraqa.unicity.net\/v5a-test\/items\/3f2d12d7a0e8551fc99fad3bbe1ba633","id":{"unicity":"26567"},"weightEach":{"value":0},"servingsPerContainer":0,"servingSize":0},"quantity":1,"terms":{"priceEach":50,"taxEach":{"amount":10},"discountEach":{"amount":0},"pvEach":35},"quantityLimit":{"quantityQuota":-1,"timeFrameDays":-1,"quantityOrdered":0}}]},"currency":"GBP"}]}
Entry request : {"order":{"customer":{"href":"https://hydraqa.unicity.net/v5a-test/customers?type=Associate"},"shipToAddress":{"country":"GB"}},"vary":{"lines":{"items":[{"item":{"href":"https://hydraqa.unicity.net/v5a-test/items?id.unicity=31763|31951|31952|32128|32129|32130|32132|32133|32134|32135|32136|32137|32138|32125|32699|33092|33094|33093|18511|19941|26422|27156|27158|27160|27166|27617|28601|28604|27395|31772|31777|31780|31781|31782|31779|31932|31778|32553|32556|29317|32126|32127|29832|29833|32755|32756|32967|32968|32965|32966|33097|33095|33098|33096|24274|24418|26442|27150|27163|27575|27660|27587|30825|15880|26560|29017|26568|24758|29821|32012|17174|29183|30280|29187|29191|30684|30198|31344|31402|31672|31534|29449|29984|32087|31868|32609|32333|32330|32693|26567"}}]}}}
Request URL: https://hydraqa.unicity.net/v5a-test/customers.js?callback=angular.callbacks._1&expand=customer,profilePicture&id.unicity=2
Request URL: https://hydraqa.unicity.net/v5a-test/customers.js?_httpMethod=HEAD&callback=angular.callbacks._7&email=UBXDFQ@gmail.com
Request URL: https://hydraqa.unicity.net/v5a-test/shippingmethods.js?callback=angular.callbacks._a&destination=GB&market=GB
]]></system-out>
    <system-err><![CDATA[Starting ChromeDriver 2.36.540470 (e522d04694c7ebea4ba8821272dbef4f9b818c91) on port 25753
Only local connections are allowed.
Jun 30, 2020 12:48:22 PM org.openqa.selenium.remote.ProtocolHandshake createSession
INFO: Detected dialect: OSS
]]></system-err>
  </testcase>
  <testcase name="PassReferralID" classname="Tests.ReferralIDPassing" time="240.106">
    <failure message="Major Total Price is Wrong expected [246.99] but found [261.83]" type="java.lang.AssertionError">java.lang.AssertionError: Major Total Price is Wrong expected [246.99] but found [261.83]
	at Tests.ReferralIDPassing.PassReferralID(ReferralIDPassing.java:60)
</failure>
    <system-out><![CDATA[Request URL: https://hydraqa.unicity.net/v5a-test/quotes?&expand=item
Entry Quotes response : {"items":[{"lines":{"items":[{"item":{"href":"https:\/\/hydraqa.unicity.net\/v5a-test\/items\/051e765a5a71835a859c2757edd359f0","id":{"unicity":"26580"}},"quantity":1,"terms":{"priceEach":195,"taxEach":{"amount":0},"discountEach":{"amount":0},"pvEach":130},"quantityLimit":{"quantityQuota":-1,"timeFrameDays":-1,"quantityOrdered":0}}]},"currency":"USD"},{"lines":{"items":[{"item":{"href":"https:\/\/hydraqa.unicity.net\/v5a-test\/items\/3ddd31ddbe0e5807756d2488e7cc3602","id":{"unicity":"31440"}},"quantity":1,"terms":{"priceEach":40,"taxEach":{"amount":0},"discountEach":{"amount":0},"pvEach":0},"quantityLimit":{"quantityQuota":-1,"timeFrameDays":-1,"quantityOrdered":0}}]},"currency":"USD"},{"lines":{"items":[{"item":{"href":"https:\/\/hydraqa.unicity.net\/v5a-test\/items\/90d5ee3af77bdc64ecf28a45b604bf3d","id":{"unicity":"31441"}},"quantity":1,"terms":{"priceEach":40,"taxEach":{"amount":0},"discountEach":{"amount":0},"pvEach":0},"quantityLimit":{"quantityQuota":-1,"timeFrameDays":-1,"quantityOrdered":0}}]},"currency":"USD"},{"lines":{"items":[{"item":{"href":"https:\/\/hydraqa.unicity.net\/v5a-test\/items\/c201dcd36f4bb7e17e7a8481ef08d6f2","id":{"unicity":"31518"}},"quantity":1,"terms":{"priceEach":29,"taxEach":{"amount":0},"discountEach":{"amount":0},"pvEach":14},"quantityLimit":{"quantityQuota":-1,"timeFrameDays":-1,"quantityOrdered":0}}]},"currency":"USD"},{"lines":{"items":[{"item":{"href":"https:\/\/hydraqa.unicity.net\/v5a-test\/items\/bed533c634e887357ff031d8e4c776b0","id":{"unicity":"31751"}},"quantity":1,"terms":{"priceEach":99,"taxEach":{"amount":0},"discountEach":{"amount":0},"pvEach":50},"quantityLimit":{"quantityQuota":-1,"timeFrameDays":-1,"quantityOrdered":0}}]},"currency":"USD"},{"lines":{"items":[{"item":{"href":"https:\/\/hydraqa.unicity.net\/v5a-test\/items\/38da42f991a40a00153b2e5055b82dbf","id":{"unicity":"27801"}},"quantity":1,"terms":{"priceEach":195,"taxEach":{"amount":0},"discountEach":{"amount":0},"pvEach":130},"quantityLimit":{"quantityQuota":-1,"timeFrameDays":-1,"quantityOrdered":0}}]},"currency":"USD"},{"lines":{"items":[{"item":{"href":"https:\/\/hydraqa.unicity.net\/v5a-test\/items\/cf8460040a1860bcabf250b6c1171675","id":{"unicity":"31858"}},"quantity":1,"terms":{"priceEach":269,"taxEach":{"amount":0},"discountEach":{"amount":0},"pvEach":195},"quantityLimit":{"quantityQuota":-1,"timeFrameDays":-1,"quantityOrdered":0}}]},"currency":"USD"},{"lines":{"items":[{"item":{"href":"https:\/\/hydraqa.unicity.net\/v5a-test\/items\/2de8516a24af8232add0bb392e750a71","id":{"unicity":"31859"}},"quantity":1,"terms":{"priceEach":179,"taxEach":{"amount":0},"discountEach":{"amount":0},"pvEach":130},"quantityLimit":{"quantityQuota":-1,"timeFrameDays":-1,"quantityOrdered":0}}]},"currency":"USD"},{"lines":{"items":[{"item":{"href":"https:\/\/hydraqa.unicity.net\/v5a-test\/items\/e47fd287212acedd1cffb2b67bf623bd","id":{"unicity":"31862"}},"quantity":1,"terms":{"priceEach":210,"taxEach":{"amount":0},"discountEach":{"amount":0},"pvEach":148},"quantityLimit":{"quantityQuota":-1,"timeFrameDays":-1,"quantityOrdered":0}}]},"currency":"USD"},{"lines":{"items":[{"item":{"href":"https:\/\/hydraqa.unicity.net\/v5a-test\/items\/50747027a065cb8361c1f0d6eb880466","id":{"unicity":"32030"}},"quantity":1,"terms":{"priceEach":143,"taxEach":{"amount":0},"discountEach":{"amount":0},"pvEach":102},"quantityLimit":{"quantityQuota":-1,"timeFrameDays":-1,"quantityOrdered":0}}]},"currency":"USD"},{"lines":{"items":[{"item":{"href":"https:\/\/hydraqa.unicity.net\/v5a-test\/items\/292b6aee9c1193e9488e9ae6e3a845e4","id":{"unicity":"29684"}},"quantity":1,"terms":{"priceEach":242,"taxEach":{"amount":0},"discountEach":{"amount":0},"pvEach":144},"quantityLimit":{"quantityQuota":-1,"timeFrameDays":-1,"quantityOrdered":0}}]},"currency":"USD"},{"lines":{"items":[{"item":{"href":"https:\/\/hydraqa.unicity.net\/v5a-test\/items\/00c2eb70c985722ce208490aece00945","id":{"unicity":"31729"}},"quantity":1,"terms":{"priceEach":143,"taxEach":{"amount":0},"discountEach":{"amount":0},"pvEach":100},"quantityLimit":{"quantityQuota":-1,"timeFrameDays":-1,"quantityOrdered":0}}]},"currency":"USD"},{"lines":{"items":[{"item":{"href":"https:\/\/hydraqa.unicity.net\/v5a-test\/items\/693a7c4a70b06a00471afe8d6cae5023","id":{"unicity":"31730"}},"quantity":1,"terms":{"priceEach":120,"taxEach":{"amount":0},"discountEach":{"amount":0},"pvEach":80},"quantityLimit":{"quantityQuota":-1,"timeFrameDays":-1,"quantityOrdered":0}}]},"currency":"USD"},{"lines":{"items":[{"item":{"href":"https:\/\/hydraqa.unicity.net\/v5a-test\/items\/ccb242d74dcb1fe621cc7bfe1b1de315","id":{"unicity":"31731"}},"quantity":1,"terms":{"priceEach":89,"taxEach":{"amount":0},"discountEach":{"amount":0},"pvEach":60},"quantityLimit":{"quantityQuota":-1,"timeFrameDays":-1,"quantityOrdered":0}}]},"currency":"USD"},{"lines":{"items":[{"item":{"href":"https:\/\/hydraqa.unicity.net\/v5a-test\/items\/9ff4257741d464b686d15be955b8afb6","id":{"unicity":"0963"}},"quantity":1,"terms":{"priceEach":42,"taxEach":{"amount":0},"discountEach":{"amount":0},"pvEach":25},"quantityLimit":{"quantityQuota":-1,"timeFrameDays":-1,"quantityOrdered":0}}]},"currency":"USD"},{"lines":{"items":[{"item":{"href":"https:\/\/hydraqa.unicity.net\/v5a-test\/items\/716b7a0bca7fa73e42e000d668e7ee65","id":{"unicity":"15129"}},"quantity":1,"terms":{"priceEach":22,"taxEach":{"amount":0},"discountEach":{"amount":0},"pvEach":10},"quantityLimit":{"quantityQuota":-1,"timeFrameDays":-1,"quantityOrdered":0}}]},"currency":"USD"},{"lines":{"items":[{"item":{"href":"https:\/\/hydraqa.unicity.net\/v5a-test\/items\/390a7ae70d5669561ecdf7d5cff2671b","id":{"unicity":"15271"}},"quantity":1,"terms":{"priceEach":69,"taxEach":{"amount":0},"discountEach":{"amount":0},"pvEach":27},"quantityLimit":{"quantityQuota":-1,"timeFrameDays":-1,"quantityOrdered":0}}]},"currency":"USD"},{"lines":{"items":[{"item":{"href":"https:\/\/hydraqa.unicity.net\/v5a-test\/items\/4b2034f47fce90b87bba28c5c2d7c25d","id":{"unicity":"15880"}},"quantity":1,"terms":{"priceEach":59,"taxEach":{"amount":0},"discountEach":{"amount":0},"pvEach":41},"quantityLimit":{"quantityQuota":-1,"timeFrameDays":-1,"quantityOrdered":0}}]},"currency":"USD"},{"lines":{"items":[{"item":{"href":"https:\/\/hydraqa.unicity.net\/v5a-test\/items\/2c4c1abe00983e85aaa918d2ce341491","id":{"unicity":"17174"}},"quantity":1,"terms":{"priceEach":17,"taxEach":{"amount":0},"discountEach":{"amount":0},"pvEach":10},"quantityLimit":{"quantityQuota":-1,"timeFrameDays":-1,"quantityOrdered":0}}]},"currency":"USD"},{"lines":{"items":[{"item":{"href":"https:\/\/hydraqa.unicity.net\/v5a-test\/items\/cea826eab72d44641c070aab6c97c1ac","id":{"unicity":"22747"}},"quantity":1,"terms":{"priceEach":27,"taxEach":{"amount":0},"discountEach":{"amount":0},"pvEach":16},"quantityLimit":{"quantityQuota":-1,"timeFrameDays":-1,"quantityOrdered":0}}]},"currency":"USD"},{"lines":{"items":[{"item":{"href":"https:\/\/hydraqa.unicity.net\/v5a-test\/items\/5c2f1613082782e691d32fe9ce034026","id":{"unicity":"23728"}},"quantity":1,"terms":{"priceEach":26,"taxEach":{"amount":0},"discountEach":{"amount":0},"pvEach":13},"quantityLimit":{"quantityQuota":-1,"timeFrameDays":-1,"quantityOrdered":0}}]},"currency":"USD"},{"lines":{"items":[{"item":{"href":"https:\/\/hydraqa.unicity.net\/v5a-test\/items\/64ec7ad932acafab052a4e8800ad1238","id":{"unicity":"24758"}},"quantity":1,"terms":{"priceEach":31,"taxEach":{"amount":0},"discountEach":{"amount":0},"pvEach":21},"quantityLimit":{"quantityQuota":-1,"timeFrameDays":-1,"quantityOrdered":0}}]},"currency":"USD"},{"lines":{"items":[{"item":{"href":"https:\/\/hydraqa.unicity.net\/v5a-test\/items\/9a7715e888c94989d898fe4653645721","id":{"unicity":"26550"}},"quantity":1,"terms":{"priceEach":80,"taxEach":{"amount":0},"discountEach":{"amount":0},"pvEach":52},"quantityLimit":{"quantityQuota":-1,"timeFrameDays":-1,"quantityOrdered":0}}]},"currency":"USD"},{"lines":{"items":[{"item":{"href":"https:\/\/hydraqa.unicity.net\/v5a-test\/items\/3af97c67f653253825a9189a27da57d6","id":{"unicity":"26556"}},"quantity":1,"terms":{"priceEach":79,"taxEach":{"amount":0},"discountEach":{"amount":0},"pvEach":61},"quantityLimit":{"quantityQuota":-1,"timeFrameDays":-1,"quantityOrdered":0}}]},"currency":"USD"},{"lines":{"items":[{"item":{"href":"https:\/\/hydraqa.unicity.net\/v5a-test\/items\/0cf62d38e91953b43dcfe88b06f813cb","id":{"unicity":"26557"}},"quantity":1,"terms":{"priceEach":79,"taxEach":{"amount":0},"discountEach":{"amount":0},"pvEach":61},"quantityLimit":{"quantityQuota":-1,"timeFrameDays":-1,"quantityOrdered":0}}]},"currency":"USD"},{"lines":{"items":[{"item":{"href":"https:\/\/hydraqa.unicity.net\/v5a-test\/items\/398d06b858b960f6f38086d40608aef2","id":{"unicity":"26560"}},"quantity":1,"terms":{"priceEach":16,"taxEach":{"amount":0},"discountEach":{"amount":0},"pvEach":12},"quantityLimit":{"quantityQuota":-1,"timeFrameDays":-1,"quantityOrdered":0}}]},"currency":"USD"},{"lines":{"items":[{"item":{"href":"https:\/\/hydraqa.unicity.net\/v5a-test\/items\/cda534d686af5d627c94c4bb2c4b57d8","id":{"unicity":"26561"}},"quantity":1,"terms":{"priceEach":16,"taxEach":{"amount":0},"discountEach":{"amount":0},"pvEach":11},"quantityLimit":{"quantityQuota":-1,"timeFrameDays":-1,"quantityOrdered":0}}]},"currency":"USD"},{"lines":{"items":[{"item":{"href":"https:\/\/hydraqa.unicity.net\/v5a-test\/items\/0a3ede185ddf034630afd891c5106d33","id":{"unicity":"26562"}},"quantity":1,"terms":{"priceEach":33,"taxEach":{"amount":0},"discountEach":{"amount":0},"pvEach":25},"quantityLimit":{"quantityQuota":-1,"timeFrameDays":-1,"quantityOrdered":0}}]},"currency":"USD"},{"lines":{"items":[{"item":{"href":"https:\/\/hydraqa.unicity.net\/v5a-test\/items\/16ca68abaaa92505c257be022a154769","id":{"unicity":"27615"}},"quantity":1,"terms":{"priceEach":29,"taxEach":{"amount":0},"discountEach":{"amount":0},"pvEach":21},"quantityLimit":{"quantityQuota":-1,"timeFrameDays":-1,"quantityOrdered":0}}]},"currency":"USD"},{"lines":{"items":[{"item":{"href":"https:\/\/hydraqa.unicity.net\/v5a-test\/items\/1bd53de7fe880ba71f46c9976ca2c137","id":{"unicity":"27739"}},"quantity":1,"terms":{"priceEach":33,"taxEach":{"amount":0},"discountEach":{"amount":0},"pvEach":13},"quantityLimit":{"quantityQuota":-1,"timeFrameDays":-1,"quantityOrdered":0}}]},"currency":"USD"},{"lines":{"items":[{"item":{"href":"https:\/\/hydraqa.unicity.net\/v5a-test\/items\/1945faa1776541d53120ecfe3c1d8a2b","id":{"unicity":"24418"}},"quantity":1,"terms":{"priceEach":5,"taxEach":{"amount":0},"discountEach":{"amount":0},"pvEach":0},"quantityLimit":{"quantityQuota":-1,"timeFrameDays":-1,"quantityOrdered":0}}]},"currency":"USD"},{"lines":{"items":[{"item":{"href":"https:\/\/hydraqa.unicity.net\/v5a-test\/items\/9a6e1d094182389c3da8e0a320ff0e00","id":{"unicity":"27585"}},"quantity":1,"terms":{"priceEach":56,"taxEach":{"amount":0},"discountEach":{"amount":0},"pvEach":33},"quantityLimit":{"quantityQuota":-1,"timeFrameDays":-1,"quantityOrdered":0}}]},"currency":"USD"},{"lines":{"items":[{"item":{"href":"https:\/\/hydraqa.unicity.net\/v5a-test\/items\/84bf86533ae28dc84370f3699cc13a1d","id":{"unicity":"17744"}},"quantity":1,"terms":{"priceEach":97,"taxEach":{"amount":0},"discountEach":{"amount":0},"pvEach":62},"quantityLimit":{"quantityQuota":-1,"timeFrameDays":-1,"quantityOrdered":0}}]},"currency":"USD"},{"lines":{"items":[{"item":{"href":"https:\/\/hydraqa.unicity.net\/v5a-test\/items\/b127a2d34d3d73e2f53e4c2002a7a4a2","id":{"unicity":"25008"}},"quantity":1,"terms":{"priceEach":19,"taxEach":{"amount":0},"discountEach":{"amount":0},"pvEach":15},"quantityLimit":{"quantityQuota":-1,"timeFrameDays":-1,"quantityOrdered":0}}]},"currency":"USD"},{"lines":{"items":[{"item":{"href":"https:\/\/hydraqa.unicity.net\/v5a-test\/items\/10da226fab00279b4f89df10af2a10b7","id":{"unicity":"26442"}},"quantity":1,"terms":{"priceEach":6,"taxEach":{"amount":0},"discountEach":{"amount":0},"pvEach":0},"quantityLimit":{"quantityQuota":-1,"timeFrameDays":-1,"quantityOrdered":0}}]},"currency":"USD"},{"lines":{"items":[{"item":{"href":"https:\/\/hydraqa.unicity.net\/v5a-test\/items\/80a898d805f759925797847a176bf62f","id":{"unicity":"26551"}},"quantity":1,"terms":{"priceEach":80,"taxEach":{"amount":0},"discountEach":{"amount":0},"pvEach":52},"quantityLimit":{"quantityQuota":-1,"timeFrameDays":-1,"quantityOrdered":0}}]},"currency":"USD"},{"lines":{"items":[{"item":{"href":"https:\/\/hydraqa.unicity.net\/v5a-test\/items\/933f0856fd8ec1df83c5283dabf4ec3c","id":{"unicity":"6200"}},"quantity":1,"terms":{"priceEach":68,"taxEach":{"amount":0},"discountEach":{"amount":0},"pvEach":47},"quantityLimit":{"quantityQuota":-1,"timeFrameDays":-1,"quantityOrdered":0}}]},"currency":"USD"},{"lines":{"items":[{"item":{"href":"https:\/\/hydraqa.unicity.net\/v5a-test\/items\/8d994059c399f5551ab112574e4476fc","id":{"unicity":"24785"}},"quantity":1,"terms":{"priceEach":14,"taxEach":{"amount":0},"discountEach":{"amount":0},"pvEach":9},"quantityLimit":{"quantityQuota":-1,"timeFrameDays":-1,"quantityOrdered":0}}]},"currency":"USD"},{"lines":{"items":[{"item":{"href":"https:\/\/hydraqa.unicity.net\/v5a-test\/items\/aa0d72ac13b1ce88cf8c4a52ede75a37","id":{"unicity":"26552"}},"quantity":1,"terms":{"priceEach":70,"taxEach":{"amount":0},"discountEach":{"amount":0},"pvEach":50},"quantityLimit":{"quantityQuota":5,"timeFrameDays":-1,"quantityOrdered":0}}]},"currency":"USD"},{"lines":{"items":[{"item":{"href":"https:\/\/hydraqa.unicity.net\/v5a-test\/items\/8b5ed9aa6c6132e1be5e446f69a3465e","id":{"unicity":"0954"}},"quantity":1,"terms":{"priceEach":21,"taxEach":{"amount":0},"discountEach":{"amount":0},"pvEach":15},"quantityLimit":{"quantityQuota":-1,"timeFrameDays":-1,"quantityOrdered":0}}]},"currency":"USD"},{"lines":{"items":[{"item":{"href":"https:\/\/hydraqa.unicity.net\/v5a-test\/items\/b2fc4b9ba4aa5cae54389161be2f841f","id":{"unicity":"18401"}},"quantity":1,"terms":{"priceEach":31,"taxEach":{"amount":0},"discountEach":{"amount":0},"pvEach":19},"quantityLimit":{"quantityQuota":-1,"timeFrameDays":-1,"quantityOrdered":0}}]},"currency":"USD"},{"lines":{"items":[{"item":{"href":"https:\/\/hydraqa.unicity.net\/v5a-test\/items\/48433ffc76597c823adc2b8627e033e4","id":{"unicity":"26559"}},"quantity":1,"terms":{"priceEach":30,"taxEach":{"amount":0},"discountEach":{"amount":0},"pvEach":20},"quantityLimit":{"quantityQuota":-1,"timeFrameDays":-1,"quantityOrdered":0}}]},"currency":"USD"},{"lines":{"items":[{"item":{"href":"https:\/\/hydraqa.unicity.net\/v5a-test\/items\/5a38f009bec6c23b1b3a70432f9722e5","id":{"unicity":"19596"}},"quantity":1,"terms":{"priceEach":49,"taxEach":{"amount":0},"discountEach":{"amount":0},"pvEach":30},"quantityLimit":{"quantityQuota":-1,"timeFrameDays":-1,"quantityOrdered":0}}]},"currency":"USD"},{"lines":{"items":[{"item":{"href":"https:\/\/hydraqa.unicity.net\/v5a-test\/items\/9ce45d695c87f93b29794041362b5192","id":{"unicity":"26945"}},"quantity":1,"terms":{"priceEach":35,"taxEach":{"amount":0},"discountEach":{"amount":0},"pvEach":0},"quantityLimit":{"quantityQuota":-1,"timeFrameDays":-1,"quantityOrdered":0}}]},"currency":"USD"},{"lines":{"items":[{"item":{"href":"https:\/\/hydraqa.unicity.net\/v5a-test\/items\/ddef5f478ff91aa2263b646a3bd03dea","id":{"unicity":"21420"}},"quantity":1,"terms":{"priceEach":24,"taxEach":{"amount":0},"discountEach":{"amount":0},"pvEach":10},"quantityLimit":{"quantityQuota":-1,"timeFrameDays":-1,"quantityOrdered":0}}]},"currency":"USD"},{"lines":{"items":[{"item":{"href":"https:\/\/hydraqa.unicity.net\/v5a-test\/items\/55d3b550a17b78175cc5ac565e4266e8","id":{"unicity":"24621"}},"quantity":1,"terms":{"priceEach":20,"taxEach":{"amount":0},"discountEach":{"amount":0},"pvEach":12},"quantityLimit":{"quantityQuota":-1,"timeFrameDays":-1,"quantityOrdered":0}}]},"currency":"USD"},{"lines":{"items":[{"item":{"href":"https:\/\/hydraqa.unicity.net\/v5a-test\/items\/9d9d002b0e21b9bd58ad0154a4f781c5","id":{"unicity":"28836"}},"quantity":1,"terms":{"priceEach":58,"taxEach":{"amount":0},"discountEach":{"amount":0},"pvEach":36},"quantityLimit":{"quantityQuota":-1,"timeFrameDays":-1,"quantityOrdered":0}}]},"currency":"USD"},{"lines":{"items":[{"item":{"href":"https:\/\/hydraqa.unicity.net\/v5a-test\/items\/399be8efa903b362515c48315ab2afb9","id":{"unicity":"15712"}},"quantity":1,"terms":{"priceEach":15,"taxEach":{"amount":0},"discountEach":{"amount":0},"pvEach":5},"quantityLimit":{"quantityQuota":-1,"timeFrameDays":-1,"quantityOrdered":0}}]},"currency":"USD"},{"lines":{"items":[{"item":{"href":"https:\/\/hydraqa.unicity.net\/v5a-test\/items\/d489ec0d50f6e28d5743afc65439631b","id":{"unicity":"0960"}},"quantity":1,"terms":{"priceEach":37,"taxEach":{"amount":0},"discountEach":{"amount":0},"pvEach":23},"quantityLimit":{"quantityQuota":-1,"timeFrameDays":-1,"quantityOrdered":0}}]},"currency":"USD"},{"lines":{"items":[{"item":{"href":"https:\/\/hydraqa.unicity.net\/v5a-test\/items\/66839181d7531692a8d886a9da6fb4d6","id":{"unicity":"25369"}},"quantity":1,"terms":{"priceEach":48,"taxEach":{"amount":0},"discountEach":{"amount":0},"pvEach":25},"quantityLimit":{"quantityQuota":-1,"timeFrameDays":-1,"quantityOrdered":0}}]},"currency":"USD"},{"lines":{"items":[{"item":{"href":"https:\/\/hydraqa.unicity.net\/v5a-test\/items\/0eebdede5bdb8bf4d71e800b6f3cead1","id":{"unicity":"30825"}},"quantity":1,"terms":{"priceEach":49,"taxEach":{"amount":0},"discountEach":{"amount":0},"pvEach":25},"quantityLimit":{"quantityQuota":-1,"timeFrameDays":-1,"quantityOrdered":0}}]},"currency":"USD"},{"lines":{"items":[{"item":{"href":"https:\/\/hydraqa.unicity.net\/v5a-test\/items\/8ed7a8910d5c5335774fa9cfae0e511d","id":{"unicity":"18386"}},"quantity":1,"terms":{"priceEach":27,"taxEach":{"amount":0},"discountEach":{"amount":0},"pvEach":21},"quantityLimit":{"quantityQuota":-1,"timeFrameDays":-1,"quantityOrdered":0}}]},"currency":"USD"},{"lines":{"items":[{"item":{"href":"https:\/\/hydraqa.unicity.net\/v5a-test\/items\/3f2d12d7a0e8551fc99fad3bbe1ba633","id":{"unicity":"26567"}},"quantity":1,"terms":{"priceEach":56,"taxEach":{"amount":0},"discountEach":{"amount":0},"pvEach":35},"quantityLimit":{"quantityQuota":-1,"timeFrameDays":-1,"quantityOrdered":0}}]},"currency":"USD"},{"lines":{"items":[{"item":{"href":"https:\/\/hydraqa.unicity.net\/v5a-test\/items\/191637167cb3144bd2e8c4615e9ab67e","id":{"unicity":"26568"}},"quantity":1,"terms":{"priceEach":56,"taxEach":{"amount":0},"discountEach":{"amount":0},"pvEach":35},"quantityLimit":{"quantityQuota":-1,"timeFrameDays":-1,"quantityOrdered":0}}]},"currency":"USD"},{"lines":{"items":[{"item":{"href":"https:\/\/hydraqa.unicity.net\/v5a-test\/items\/2cefc6a61faaae3455a5adcb0d8fc74f","id":{"unicity":"15907"}},"quantity":1,"terms":{"priceEach":15,"taxEach":{"amount":0},"discountEach":{"amount":0},"pvEach":5},"quantityLimit":{"quantityQuota":-1,"timeFrameDays":-1,"quantityOrdered":0}}]},"currency":"USD"},{"lines":{"items":[{"item":{"href":"https:\/\/hydraqa.unicity.net\/v5a-test\/items\/fa2407c91e64e66a72ab45172eb978df","id":{"unicity":"0988"}},"quantity":1,"terms":{"priceEach":36,"taxEach":{"amount":0},"discountEach":{"amount":0},"pvEach":23},"quantityLimit":{"quantityQuota":-1,"timeFrameDays":-1,"quantityOrdered":0}}]},"currency":"USD"},{"lines":{"items":[{"item":{"href":"https:\/\/hydraqa.unicity.net\/v5a-test\/items\/40a1044968ea62276f4ba87fd2ef0d8f","id":{"unicity":"12230"}},"quantity":1,"terms":{"priceEach":45,"taxEach":{"amount":0},"discountEach":{"amount":0},"pvEach":18},"quantityLimit":{"quantityQuota":-1,"timeFrameDays":-1,"quantityOrdered":0}}]},"currency":"USD"},{"lines":{"items":[{"item":{"href":"https:\/\/hydraqa.unicity.net\/v5a-test\/items\/112b8c39286598b3730f630f371a45f4","id":{"unicity":"27587"}},"quantity":1,"terms":{"priceEach":58,"taxEach":{"amount":0},"discountEach":{"amount":0},"pvEach":33},"quantityLimit":{"quantityQuota":-1,"timeFrameDays":-1,"quantityOrdered":0}}]},"currency":"USD"},{"lines":{"items":[{"item":{"href":"https:\/\/hydraqa.unicity.net\/v5a-test\/items\/e218d1cac5f31e7ae4f5876c29c57377","id":{"unicity":"29017"}},"quantity":1,"terms":{"priceEach":38,"taxEach":{"amount":0},"discountEach":{"amount":0},"pvEach":26},"quantityLimit":{"quantityQuota":-1,"timeFrameDays":-1,"quantityOrdered":0}}]},"currency":"USD"},{"lines":{"items":[{"item":{"href":"https:\/\/hydraqa.unicity.net\/v5a-test\/items\/25eaf64b36ce31368f17ae789fd9ac5b","id":{"unicity":"29694"}},"quantity":1,"terms":{"priceEach":56,"taxEach":{"amount":0},"discountEach":{"amount":0},"pvEach":33},"quantityLimit":{"quantityQuota":-1,"timeFrameDays":-1,"quantityOrdered":0}}]},"currency":"USD"},{"lines":{"items":[{"item":{"href":"https:\/\/hydraqa.unicity.net\/v5a-test\/items\/634f7efb30392b2a919de1355902d975","id":{"unicity":"29408"}},"quantity":1,"terms":{"priceEach":80,"taxEach":{"amount":0},"discountEach":{"amount":0},"pvEach":52},"quantityLimit":{"quantityQuota":-1,"timeFrameDays":-1,"quantityOrdered":0}}]},"currency":"USD"},{"lines":{"items":[{"item":{"href":"https:\/\/hydraqa.unicity.net\/v5a-test\/items\/bb5c627f16547cb4f706cef521bca356","id":{"unicity":"29437"}},"quantity":1,"terms":{"priceEach":62,"taxEach":{"amount":0},"discountEach":{"amount":0},"pvEach":36},"quantityLimit":{"quantityQuota":-1,"timeFrameDays":-1,"quantityOrdered":0}}]},"currency":"USD"},{"lines":{"items":[{"item":{"href":"https:\/\/hydraqa.unicity.net\/v5a-test\/items\/991cdbb84a495779eb209fb3956a77e4","id":{"unicity":"29183"}},"quantity":1,"terms":{"priceEach":42,"taxEach":{"amount":0},"discountEach":{"amount":0},"pvEach":24},"quantityLimit":{"quantityQuota":-1,"timeFrameDays":-1,"quantityOrdered":0}}]},"currency":"USD"},{"lines":{"items":[{"item":{"href":"https:\/\/hydraqa.unicity.net\/v5a-test\/items\/1b0412bea8c0b841c66f65a36aa14108","id":{"unicity":"29191"}},"quantity":1,"terms":{"priceEach":64,"taxEach":{"amount":0},"discountEach":{"amount":0},"pvEach":36},"quantityLimit":{"quantityQuota":-1,"timeFrameDays":-1,"quantityOrdered":0}}]},"currency":"USD"},{"lines":{"items":[{"item":{"href":"https:\/\/hydraqa.unicity.net\/v5a-test\/items\/362999101a321b721c87110710ae77b0","id":{"unicity":"29352"}},"quantity":1,"terms":{"priceEach":119,"taxEach":{"amount":0},"discountEach":{"amount":0},"pvEach":80},"quantityLimit":{"quantityQuota":-1,"timeFrameDays":-1,"quantityOrdered":0}}]},"currency":"USD"},{"lines":{"items":[{"item":{"href":"https:\/\/hydraqa.unicity.net\/v5a-test\/items\/24ff5bda40c0d0e7eaa511866d052915","id":{"unicity":"29612"}},"quantity":1,"terms":{"priceEach":49,"taxEach":{"amount":0},"discountEach":{"amount":0},"pvEach":30},"quantityLimit":{"quantityQuota":-1,"timeFrameDays":-1,"quantityOrdered":0}}]},"currency":"USD"},{"lines":{"items":[{"item":{"href":"https:\/\/hydraqa.unicity.net\/v5a-test\/items\/e0a19d3d676bccfdba0ab3d9f2766359","id":{"unicity":"30350"}},"quantity":1,"terms":{"priceEach":50,"taxEach":{"amount":0},"discountEach":{"amount":0},"pvEach":30},"quantityLimit":{"quantityQuota":-1,"timeFrameDays":-1,"quantityOrdered":0}}]},"currency":"USD"},{"lines":{"items":[{"item":{"href":"https:\/\/hydraqa.unicity.net\/v5a-test\/items\/024e696f8b44a1d315006e676604cd31","id":{"unicity":"27395"}},"quantity":1,"terms":{"priceEach":25,"taxEach":{"amount":0},"discountEach":{"amount":0},"pvEach":16},"quantityLimit":{"quantityQuota":-1,"timeFrameDays":-1,"quantityOrdered":0}}]},"currency":"USD"},{"lines":{"items":[{"item":{"href":"https:\/\/hydraqa.unicity.net\/v5a-test\/items\/05ca08f3808f126c0cc42154c50fc75c","id":{"unicity":"29440"}},"quantity":1,"terms":{"priceEach":120,"taxEach":{"amount":0},"discountEach":{"amount":0},"pvEach":90},"quantityLimit":{"quantityQuota":-1,"timeFrameDays":-1,"quantityOrdered":0}}]},"currency":"USD"},{"lines":{"items":[{"item":{"href":"https:\/\/hydraqa.unicity.net\/v5a-test\/items\/764e2db430d361da99e8f6b70c4d0244","id":{"unicity":"29830"}},"quantity":1,"terms":{"priceEach":17,"taxEach":{"amount":0},"discountEach":{"amount":0},"pvEach":7},"quantityLimit":{"quantityQuota":-1,"timeFrameDays":-1,"quantityOrdered":0}}]},"currency":"USD"},{"lines":{"items":[{"item":{"href":"https:\/\/hydraqa.unicity.net\/v5a-test\/items\/035189015384166df518a68ede0299a9","id":{"unicity":"30408"}},"quantity":1,"terms":{"priceEach":84,"taxEach":{"amount":0},"discountEach":{"amount":0},"pvEach":50},"quantityLimit":{"quantityQuota":-1,"timeFrameDays":-1,"quantityOrdered":0}}]},"currency":"USD"},{"lines":{"items":[{"item":{"href":"https:\/\/hydraqa.unicity.net\/v5a-test\/items\/b91affa753dd5ee8a9acef4fa7e2c9a7","id":{"unicity":"30414"}},"quantity":1,"terms":{"priceEach":94,"taxEach":{"amount":0},"discountEach":{"amount":0},"pvEach":65},"quantityLimit":{"quantityQuota":-1,"timeFrameDays":-1,"quantityOrdered":0}}]},"currency":"USD"},{"lines":{"items":[{"item":{"href":"https:\/\/hydraqa.unicity.net\/v5a-test\/items\/2835b1a78e379486f0ffbfd5fb9f6b0a","id":{"unicity":"30400"}},"quantity":1,"terms":{"priceEach":38,"taxEach":{"amount":0},"discountEach":{"amount":0},"pvEach":28},"quantityLimit":{"quantityQuota":-1,"timeFrameDays":-1,"quantityOrdered":0}}]},"currency":"USD"},{"lines":{"items":[{"item":{"href":"https:\/\/hydraqa.unicity.net\/v5a-test\/items\/0e78fbdfebef11cd62f8d2120064ee58","id":{"unicity":"30280"}},"quantity":1,"terms":{"priceEach":42,"taxEach":{"amount":0},"discountEach":{"amount":0},"pvEach":24},"quantityLimit":{"quantityQuota":-1,"timeFrameDays":-1,"quantityOrdered":0}}]},"currency":"USD"},{"lines":{"items":[{"item":{"href":"https:\/\/hydraqa.unicity.net\/v5a-test\/items\/d306a0b65f27f19b4968e5c05906a9f4","id":{"unicity":"31314"}},"quantity":1,"terms":{"priceEach":388,"taxEach":{"amount":0},"discountEach":{"amount":0},"pvEach":268},"quantityLimit":{"quantityQuota":-1,"timeFrameDays":-1,"quantityOrdered":0}}]},"currency":"USD"},{"lines":{"items":[{"item":{"href":"https:\/\/hydraqa.unicity.net\/v5a-test\/items\/5bda067b70c43971650a6ef983f612e4","id":{"unicity":"31728"}},"quantity":1,"terms":{"priceEach":126,"taxEach":{"amount":0},"discountEach":{"amount":0},"pvEach":94},"quantityLimit":{"quantityQuota":-1,"timeFrameDays":-1,"quantityOrdered":0}}]},"currency":"USD"},{"lines":{"items":[{"item":{"href":"https:\/\/hydraqa.unicity.net\/v5a-test\/items\/3875e24e6b6ebdf36c79d205614ed51e","id":{"unicity":"31846"}},"quantity":1,"terms":{"priceEach":126,"taxEach":{"amount":0},"discountEach":{"amount":0},"pvEach":94},"quantityLimit":{"quantityQuota":-1,"timeFrameDays":-1,"quantityOrdered":0}}]},"currency":"USD"},{"lines":{"items":[{"item":{"href":"https:\/\/hydraqa.unicity.net\/v5a-test\/items\/89b6d29a85a88d44d65bc8cca3fefc65","id":{"unicity":"31845"}},"quantity":1,"terms":{"priceEach":143,"taxEach":{"amount":0},"discountEach":{"amount":0},"pvEach":100},"quantityLimit":{"quantityQuota":-1,"timeFrameDays":-1,"quantityOrdered":0}}]},"currency":"USD"},{"lines":{"items":[{"item":{"href":"https:\/\/hydraqa.unicity.net\/v5a-test\/items\/fbb319232b7eed110794d46a68302acb","id":{"unicity":"31847"}},"quantity":1,"terms":{"priceEach":120,"taxEach":{"amount":0},"discountEach":{"amount":0},"pvEach":80},"quantityLimit":{"quantityQuota":-1,"timeFrameDays":-1,"quantityOrdered":0}}]},"currency":"USD"},{"lines":{"items":[{"item":{"href":"https:\/\/hydraqa.unicity.net\/v5a-test\/items\/fd464cd7972cc1317e850b9196d886b8","id":{"unicity":"31863"}},"quantity":1,"terms":{"priceEach":210,"taxEach":{"amount":0},"discountEach":{"amount":0},"pvEach":148},"quantityLimit":{"quantityQuota":-1,"timeFrameDays":-1,"quantityOrdered":0}}]},"currency":"USD"},{"lines":{"items":[{"item":{"href":"https:\/\/hydraqa.unicity.net\/v5a-test\/items\/d4c8fce238d6fc34d17a4b36d1e4e59a","id":{"unicity":"31860"}},"quantity":1,"terms":{"priceEach":196,"taxEach":{"amount":0},"discountEach":{"amount":0},"pvEach":135},"quantityLimit":{"quantityQuota":-1,"timeFrameDays":-1,"quantityOrdered":0}}]},"currency":"USD"},{"lines":{"items":[{"item":{"href":"https:\/\/hydraqa.unicity.net\/v5a-test\/items\/4ab49eca1731e69206ccafb5112ad5a4","id":{"unicity":"31861"}},"quantity":1,"terms":{"priceEach":196,"taxEach":{"amount":0},"discountEach":{"amount":0},"pvEach":135},"quantityLimit":{"quantityQuota":-1,"timeFrameDays":-1,"quantityOrdered":0}}]},"currency":"USD"},{"lines":{"items":[{"item":{"href":"https:\/\/hydraqa.unicity.net\/v5a-test\/items\/077823d29445b9020de9931f10c63efd","id":{"unicity":"31958"}},"quantity":1,"terms":{"priceEach":129,"taxEach":{"amount":0},"discountEach":{"amount":0},"pvEach":85},"quantityLimit":{"quantityQuota":-1,"timeFrameDays":-1,"quantityOrdered":0}}]},"currency":"USD"},{"lines":{"items":[{"item":{"href":"https:\/\/hydraqa.unicity.net\/v5a-test\/items\/bfddb53fe0d5ed5432c531dc9850cbe4","id":{"unicity":"29449"}},"quantity":1,"terms":{"priceEach":37,"taxEach":{"amount":0},"discountEach":{"amount":0},"pvEach":25},"quantityLimit":{"quantityQuota":-1,"timeFrameDays":-1,"quantityOrdered":0}}]},"currency":"USD"},{"lines":{"items":[{"item":{"href":"https:\/\/hydraqa.unicity.net\/v5a-test\/items\/7fc100f8d20814757efe2d79e41b315c","id":{"unicity":"32021"}},"quantity":1,"terms":{"priceEach":89,"taxEach":{"amount":0},"discountEach":{"amount":0},"pvEach":60},"quantityLimit":{"quantityQuota":-1,"timeFrameDays":-1,"quantityOrdered":0}}]},"currency":"USD"},{"lines":{"items":[{"item":{"href":"https:\/\/hydraqa.unicity.net\/v5a-test\/items\/c674cdded8a54983aae3c5dcb32c9e38","id":{"unicity":"32628"}},"quantity":1,"terms":{"priceEach":80,"taxEach":{"amount":0},"discountEach":{"amount":0},"pvEach":50},"quantityLimit":{"quantityQuota":-1,"timeFrameDays":-1,"quantityOrdered":0}}]},"currency":"USD"},{"lines":{"items":[{"item":{"href":"https:\/\/hydraqa.unicity.net\/v5a-test\/items\/69d8547e9e264505ce055e09920659fd","id":{"unicity":"33019"}},"quantity":1,"terms":{"priceEach":202,"taxEach":{"amount":0},"discountEach":{"amount":0},"pvEach":151},"quantityLimit":{"quantityQuota":-1,"timeFrameDays":-1,"quantityOrdered":0}}]},"currency":"USD"},{"lines":{"items":[{"item":{"href":"https:\/\/hydraqa.unicity.net\/v5a-test\/items\/30b5c0f54df52286b3d87a6a1dfd314a","id":{"unicity":"33018"}},"quantity":1,"terms":{"priceEach":205,"taxEach":{"amount":0},"discountEach":{"amount":0},"pvEach":133},"quantityLimit":{"quantityQuota":-1,"timeFrameDays":-1,"quantityOrdered":0}}]},"currency":"USD"},{"lines":{"items":[{"item":{"href":"https:\/\/hydraqa.unicity.net\/v5a-test\/items\/16a422e03f6e3a79ba7bcd7fd50e31c0","id":{"unicity":"33017"}},"quantity":1,"terms":{"priceEach":150,"taxEach":{"amount":0},"discountEach":{"amount":0},"pvEach":110},"quantityLimit":{"quantityQuota":-1,"timeFrameDays":-1,"quantityOrdered":0}}]},"currency":"USD"},{"lines":{"items":[{"item":{"href":"https:\/\/hydraqa.unicity.net\/v5a-test\/items\/30f2eb8ab275ef57ae8082b3435a3d69","id":{"unicity":"33016"}},"quantity":1,"terms":{"priceEach":199,"taxEach":{"amount":0},"discountEach":{"amount":0},"pvEach":142},"quantityLimit":{"quantityQuota":-1,"timeFrameDays":-1,"quantityOrdered":0}}]},"currency":"USD"}]}
Entry request : {"order":{"customer":{"href":"https://hydraqa.unicity.net/v5a-test/customers?type=Associate"},"shipToAddress":{"country":"US"}},"vary":{"lines":{"items":[{"item":{"href":"https://hydraqa.unicity.net/v5a-test/items?id.unicity=26580|31440|31441|31518|31751|27801|31858|31859|31862|32030|29684|31729|31730|31731|0963|15129|15271|15880|17174|22745|22747|23728|24758|25022|26550|26556|26557|26560|26561|26562|27615|27739|24418|27585|17744|25008|26442|26551|6200|15916|18908|24785|26552|27028|0954|18401|27029|26559|19596|26945|21420|24621|28836|15712|0960|25369|30825|18386|26567|26568|15907|28513|3107|0988|12230|26950|26786|27587|29017|29694|29408|29437|29183|29191|29352|29612|30350|27395|29440|29830|30408|30414|30400|30280|31314|31728|31846|31845|31847|31863|31860|31861|31958|29449|32021|32628|33019|33018|33017|33016|32019|26555"}}]}}}
Request URL: https://hydraqa.unicity.net/v5a-test/customers.js?callback=angular.callbacks._1&expand=customer,profilePicture&id.unicity=2
Request URL: https://hydraqa.unicity.net/v5a-test/customers.js?_httpMethod=HEAD&callback=angular.callbacks._3&email=EWXGCA@gmail.com
Unicity [Date=Tue, 30 Jun 2020 18:56:31 GMT, Content-Type=text/javascript; charset=utf-8, Content-Length=1509, Connection=keep-alive, Set-Cookie=__cfduid=d82a4b083ded6c51495fe8b34b8c2de501593543386; expires=Thu, 30-Jul-20 18:56:26 GMT; path=/; domain=.unicity.net; HttpOnly; SameSite=Lax, X-Powered-By=Express, x-request-id=f340c644-8a49-4ab5-bc9b-998f460e85f7, x-request-release=5-2020063002/master, x-request-uuid=f340c644-8a49-4ab5-bc9b-998f460e85f7, Access-Control-Allow-Origin=http://enroll.ng.unicityqa.com, vary=Accept-Encoding, link=<http://unicity.github.io/Hydra.php/docs/v5/>; rel="help", www-authenticate=Basic realm="Restricted API", cache-control=no-cache, must-revalidate, expires=0, content-language=en-US, x-status-code=200, content-encoding=gzip, x-envoy-upstream-service-time=4330, access-control-expose-headers=x-b3-traceid, x-request-id, ETag=W/"5e5-d5VAUN8i/Qfy4tNNWRQy2qh1Q6w", CF-Cache-Status=DYNAMIC, cf-request-id=03a82f7e1e0000fbacfda33200000001, Expect-CT=max-age=604800, report-uri="https://report-uri.cloudflare.com/cdn-cgi/beacon/expect-ct", Server=cloudflare, CF-RAY=5aba1b7699cefbac-MCI, alt-svc=h3-27=":443"; ma=86400, h3-28=":443"; ma=86400, h3-29=":443"; ma=86400]
suman33024
{shipToAddress={zip=33024, country=US, address1=4209 E STONECREEK, state=}, shippingMethod={href=https://hydraqa.unicity.net/v5a-test/shippingmethods?type=NextDay}, lines={items=[{item={href=https://hydraqa.unicity.net/v5a-test/items?id.unicity=31440}, quantity=1}, {item={href=https://hydraqa.unicity.net/v5a-test/items?id.unicity=31859}, quantity=1}]}, transactions={items=[{method=Coupon, methodDetails={code=Fre3Aut0Sh!p}, type=AuthorizeAndCapture}]}, customer={href=https://hydraqa.unicity.net/v5a-test/customers?type=Associate}}
kalyan33024
Unicity [Date=Tue, 30 Jun 2020 18:56:31 GMT, Content-Type=text/javascript; charset=utf-8, Content-Length=1510, Connection=keep-alive, Set-Cookie=__cfduid=d4ebbace640cf75521c1f5994053714531593543387; expires=Thu, 30-Jul-20 18:56:27 GMT; path=/; domain=.unicity.net; HttpOnly; SameSite=Lax, X-Powered-By=Express, x-request-id=64b31d15-3289-495f-b492-f7b5956b0d28, x-request-release=5-2020063002/master, x-request-uuid=64b31d15-3289-495f-b492-f7b5956b0d28, Access-Control-Allow-Origin=http://enroll.ng.unicityqa.com, vary=Accept-Encoding, link=<http://unicity.github.io/Hydra.php/docs/v5/>; rel="help", www-authenticate=Basic realm="Restricted API", cache-control=no-cache, must-revalidate, expires=0, content-language=en-US, x-status-code=200, content-encoding=gzip, x-envoy-upstream-service-time=4052, access-control-expose-headers=x-b3-traceid, x-request-id, ETag=W/"5e6-SR1J1tBixs4ZqyZIQxy72lm4zdE", CF-Cache-Status=DYNAMIC, cf-request-id=03a82f81a800007ada73b95200000001, Expect-CT=max-age=604800, report-uri="https://report-uri.cloudflare.com/cdn-cgi/beacon/expect-ct", Server=cloudflare, CF-RAY=5aba1b7c4a527ada-MCI, alt-svc=h3-27=":443"; ma=86400, h3-28=":443"; ma=86400, h3-29=":443"; ma=86400]
suman33024
{shipToAddress={zip=33024, country=US, address1=4209 E STONECREEK, state=}, shippingMethod={href=https://hydraqa.unicity.net/v5a-test/shippingmethods?type=NextDay}, lines={items=[{item={href=https://hydraqa.unicity.net/v5a-test/items?id.unicity=31440}, quantity=1}, {item={href=https://hydraqa.unicity.net/v5a-test/items?id.unicity=31859}, quantity=1}]}, transactions={items=[{method=Coupon, methodDetails={code=Fre3Aut0Sh!p}, type=AuthorizeAndCapture}]}, customer={href=https://hydraqa.unicity.net/v5a-test/customers?type=Associate}}
kalyan33024
Unicity [Date=Tue, 30 Jun 2020 18:56:36 GMT, Content-Type=text/javascript; charset=utf-8, Content-Length=1524, Connection=keep-alive, Set-Cookie=__cfduid=d3e40913f1aca45c247b54e106ad330ac1593543392; expires=Thu, 30-Jul-20 18:56:32 GMT; path=/; domain=.unicity.net; HttpOnly; SameSite=Lax, X-Powered-By=Express, x-request-id=d9196f4a-1969-4ae5-b0a3-72f5ba807a8d, x-request-release=5-2020063002/master, x-request-uuid=d9196f4a-1969-4ae5-b0a3-72f5ba807a8d, Access-Control-Allow-Origin=http://enroll.ng.unicityqa.com, vary=Accept-Encoding, link=<http://unicity.github.io/Hydra.php/docs/v5/>; rel="help", www-authenticate=Basic realm="Restricted API", cache-control=no-cache, must-revalidate, expires=0, content-language=en-US, x-status-code=200, content-encoding=gzip, x-envoy-upstream-service-time=4765, access-control-expose-headers=x-b3-traceid, x-request-id, ETag=W/"5f4-Eo2t6bDdA6n5Z1Ey9zBUy5D8I14", CF-Cache-Status=DYNAMIC, cf-request-id=03a82f930b0000fbacfdb7c200000001, Expect-CT=max-age=604800, report-uri="https://report-uri.cloudflare.com/cdn-cgi/beacon/expect-ct", Server=cloudflare, CF-RAY=5aba1b981d25fbac-MCI, alt-svc=h3-27=":443"; ma=86400, h3-28=":443"; ma=86400, h3-29=":443"; ma=86400]
suman33024
{shipToAddress={zip=33024, country=US, city=PEMBROKE PINES, address1=4209 E STONECREEK, state=FL}, shippingMethod={href=https://hydraqa.unicity.net/v5a-test/shippingmethods?type=NextDay}, lines={items=[{item={href=https://hydraqa.unicity.net/v5a-test/items?id.unicity=31440}, quantity=1}, {item={href=https://hydraqa.unicity.net/v5a-test/items?id.unicity=31859}, quantity=1}]}, transactions={items=[{method=Coupon, methodDetails={code=Fre3Aut0Sh!p}, type=AuthorizeAndCapture}]}, customer={href=https://hydraqa.unicity.net/v5a-test/customers?type=Associate}}
kalyan33024
Unicity [Date=Tue, 30 Jun 2020 18:56:38 GMT, Content-Type=text/javascript; charset=utf-8, Content-Length=1511, Connection=keep-alive, Set-Cookie=__cfduid=d1a7fc8020104bd3e76ec4642574df6d81593543393; expires=Thu, 30-Jul-20 18:56:33 GMT; path=/; domain=.unicity.net; HttpOnly; SameSite=Lax, X-Powered-By=Express, x-request-id=a129118d-2522-46f3-aa6b-71794e7736a4, x-request-release=5-2020063002/master, x-request-uuid=a129118d-2522-46f3-aa6b-71794e7736a4, Access-Control-Allow-Origin=http://enroll.ng.unicityqa.com, vary=Accept-Encoding, link=<http://unicity.github.io/Hydra.php/docs/v5/>; rel="help", www-authenticate=Basic realm="Restricted API", cache-control=no-cache, must-revalidate, expires=0, content-language=en-US, x-status-code=200, content-encoding=gzip, x-envoy-upstream-service-time=4821, access-control-expose-headers=x-b3-traceid, x-request-id, ETag=W/"5e7-znSQS7fS18xsLz11PkXxgnzWY3A", CF-Cache-Status=DYNAMIC, cf-request-id=03a82f99ac0000fbc00006f200000001, Expect-CT=max-age=604800, report-uri="https://report-uri.cloudflare.com/cdn-cgi/beacon/expect-ct", Server=cloudflare, CF-RAY=5aba1ba2a8bdfbc0-MCI, alt-svc=h3-27=":443"; ma=86400, h3-28=":443"; ma=86400, h3-29=":443"; ma=86400]
suman33024
{shipToAddress={zip=33024, country=US, address1=4209 E STONECREEK, state=FL}, shippingMethod={href=https://hydraqa.unicity.net/v5a-test/shippingmethods?type=NextDay}, lines={items=[{item={href=https://hydraqa.unicity.net/v5a-test/items?id.unicity=31440}, quantity=1}, {item={href=https://hydraqa.unicity.net/v5a-test/items?id.unicity=31859}, quantity=1}]}, transactions={items=[{method=Coupon, methodDetails={code=Fre3Aut0Sh!p}, type=AuthorizeAndCapture}]}, customer={href=https://hydraqa.unicity.net/v5a-test/customers?type=Associate}}
kalyan33024
Unicity [Date=Tue, 30 Jun 2020 18:56:42 GMT, Content-Type=text/javascript; charset=utf-8, Content-Length=1511, Connection=keep-alive, Set-Cookie=__cfduid=ddbac94f7ffd5fd88bbafc739b561d3f01593543397; expires=Thu, 30-Jul-20 18:56:37 GMT; path=/; domain=.unicity.net; HttpOnly; SameSite=Lax, X-Powered-By=Express, x-request-id=8baf10d0-a85b-4456-8ca9-64e1c2601358, x-request-release=5-2020063002/master, x-request-uuid=8baf10d0-a85b-4456-8ca9-64e1c2601358, Access-Control-Allow-Origin=http://enroll.ng.unicityqa.com, vary=Accept-Encoding, link=<http://unicity.github.io/Hydra.php/docs/v5/>; rel="help", www-authenticate=Basic realm="Restricted API", cache-control=no-cache, must-revalidate, expires=0, content-language=en-US, x-status-code=200, content-encoding=gzip, x-envoy-upstream-service-time=4735, access-control-expose-headers=x-b3-traceid, x-request-id, ETag=W/"5e7-GiJUUkdZg6Wdw8/PfVgy525/xrE", CF-Cache-Status=DYNAMIC, cf-request-id=03a82fa6d00000fbacf7ab9200000001, Expect-CT=max-age=604800, report-uri="https://report-uri.cloudflare.com/cdn-cgi/beacon/expect-ct", Server=cloudflare, CF-RAY=5aba1bb7bf17fbac-MCI, alt-svc=h3-27=":443"; ma=86400, h3-28=":443"; ma=86400, h3-29=":443"; ma=86400]
suman33024
{shipToAddress={zip=33024, country=US, address1=4209 E STONECREEK, state=FL}, shippingMethod={href=https://hydraqa.unicity.net/v5a-test/shippingmethods?type=NextDay}, lines={items=[{item={href=https://hydraqa.unicity.net/v5a-test/items?id.unicity=31440}, quantity=1}, {item={href=https://hydraqa.unicity.net/v5a-test/items?id.unicity=31859}, quantity=1}]}, transactions={items=[{method=Coupon, methodDetails={code=Fre3Aut0Sh!p}, type=AuthorizeAndCapture}]}, customer={href=https://hydraqa.unicity.net/v5a-test/customers?type=Associate}}
kalyan33024
Unicity [Date=Tue, 30 Jun 2020 18:56:44 GMT, Content-Type=text/javascript; charset=utf-8, Content-Length=441, Connection=keep-alive, Set-Cookie=__cfduid=d5ceec373ee6956192d908588d67433831593543398; expires=Thu, 30-Jul-20 18:56:38 GMT; path=/; domain=.unicity.net; HttpOnly; SameSite=Lax, X-Powered-By=Express, x-request-id=3eb2b859-0fec-456a-a071-f886c9f2821a, x-request-release=5-2020063002/master, x-request-uuid=3eb2b859-0fec-456a-a071-f886c9f2821a, Access-Control-Allow-Origin=http://enroll.ng.unicityqa.com, vary=Accept-Encoding, link=<http://unicity.github.io/Hydra.php/docs/v5/>; rel="help", www-authenticate=Basic realm="Restricted API", cache-control=no-cache, must-revalidate, expires=0, content-language=en-US, x-status-code=400, content-encoding=gzip, x-envoy-upstream-service-time=5696, access-control-expose-headers=x-b3-traceid, x-request-id, ETag=W/"1b9-JTqvP8a9ILbhrw+dxpeSJiQY0pE", CF-Cache-Status=DYNAMIC, cf-request-id=03a82fad4f0000fbc0001a7200000001, Expect-CT=max-age=604800, report-uri="https://report-uri.cloudflare.com/cdn-cgi/beacon/expect-ct", Server=cloudflare, CF-RAY=5aba1bc21b88fbc0-MCI, alt-svc=h3-27=":443"; ma=86400, h3-28=":443"; ma=86400, h3-29=":443"; ma=86400]
Unicity [Date=Tue, 30 Jun 2020 18:56:46 GMT, Content-Type=text/javascript; charset=utf-8, Content-Length=1520, Connection=keep-alive, Set-Cookie=__cfduid=d3adf45dda5bd8c8378137fcec9069b371593543402; expires=Thu, 30-Jul-20 18:56:42 GMT; path=/; domain=.unicity.net; HttpOnly; SameSite=Lax, X-Powered-By=Express, x-request-id=0cd8693b-2164-429e-9352-599e356912ba, x-request-release=5-2020063002/master, x-request-uuid=0cd8693b-2164-429e-9352-599e356912ba, Access-Control-Allow-Origin=http://enroll.ng.unicityqa.com, vary=Accept-Encoding, link=<http://unicity.github.io/Hydra.php/docs/v5/>; rel="help", www-authenticate=Basic realm="Restricted API", cache-control=no-cache, must-revalidate, expires=0, content-language=en-US, x-status-code=200, content-encoding=gzip, x-envoy-upstream-service-time=4382, access-control-expose-headers=x-b3-traceid, x-request-id, ETag=W/"5f0-NwzbmsfZZVndgbJsKwxAFDMFePw", CF-Cache-Status=DYNAMIC, cf-request-id=03a82fbb460000fbacf7812200000001, Expect-CT=max-age=604800, report-uri="https://report-uri.cloudflare.com/cdn-cgi/beacon/expect-ct", Server=cloudflare, CF-RAY=5aba1bd87b3bfbac-MCI, alt-svc=h3-27=":443"; ma=86400, h3-28=":443"; ma=86400, h3-29=":443"; ma=86400]
suman33024
{shipToAddress={zip=33024, country=US, city=HOLLYWOOD, address1=4209 E STONECREEK, state=FL}, shippingMethod={href=https://hydraqa.unicity.net/v5a-test/shippingmethods?type=NextDay}, lines={items=[{item={href=https://hydraqa.unicity.net/v5a-test/items?id.unicity=31440}, quantity=1}, {item={href=https://hydraqa.unicity.net/v5a-test/items?id.unicity=31859}, quantity=1}]}, transactions={items=[{method=Coupon, methodDetails={code=Fre3Aut0Sh!p}, type=AuthorizeAndCapture}]}, customer={href=https://hydraqa.unicity.net/v5a-test/customers?type=Associate}}
kalyan33024
Unicity [Date=Tue, 30 Jun 2020 18:56:48 GMT, Content-Type=text/javascript; charset=utf-8, Content-Length=1520, Connection=keep-alive, Set-Cookie=__cfduid=d488b978763b42180116517b340cce8c31593543403; expires=Thu, 30-Jul-20 18:56:43 GMT; path=/; domain=.unicity.net; HttpOnly; SameSite=Lax, X-Powered-By=Express, x-request-id=dc21e87a-d501-4b00-abc6-63bdba0cd834, x-request-release=5-2020063002/master, x-request-uuid=dc21e87a-d501-4b00-abc6-63bdba0cd834, Access-Control-Allow-Origin=http://enroll.ng.unicityqa.com, vary=Accept-Encoding, link=<http://unicity.github.io/Hydra.php/docs/v5/>; rel="help", www-authenticate=Basic realm="Restricted API", cache-control=no-cache, must-revalidate, expires=0, content-language=en-US, x-status-code=200, content-encoding=gzip, x-envoy-upstream-service-time=4263, access-control-expose-headers=x-b3-traceid, x-request-id, ETag=W/"5f0-26k2dV07rZM78f1HFgJoQEXNqvw", CF-Cache-Status=DYNAMIC, cf-request-id=03a82fc1a600007ada73b0c200000001, Expect-CT=max-age=604800, report-uri="https://report-uri.cloudflare.com/cdn-cgi/beacon/expect-ct", Server=cloudflare, CF-RAY=5aba1be2a84b7ada-MCI, alt-svc=h3-27=":443"; ma=86400, h3-28=":443"; ma=86400, h3-29=":443"; ma=86400]
suman33024
{shipToAddress={zip=33024, country=US, city=HOLLYWOOD, address1=4209 E STONECREEK, state=FL}, shippingMethod={href=https://hydraqa.unicity.net/v5a-test/shippingmethods?type=NextDay}, lines={items=[{item={href=https://hydraqa.unicity.net/v5a-test/items?id.unicity=31440}, quantity=1}, {item={href=https://hydraqa.unicity.net/v5a-test/items?id.unicity=31859}, quantity=1}]}, transactions={items=[{method=Coupon, methodDetails={code=Fre3Aut0Sh!p}, type=AuthorizeAndCapture}]}, customer={href=https://hydraqa.unicity.net/v5a-test/customers?type=Associate}}
kalyan33024
Unicity [Date=Tue, 30 Jun 2020 18:56:50 GMT, Content-Type=text/javascript; charset=utf-8, Content-Length=1521, Connection=keep-alive, Set-Cookie=__cfduid=d2250f04fffbf6403f5cc9eaef292c2c91593543406; expires=Thu, 30-Jul-20 18:56:46 GMT; path=/; domain=.unicity.net; HttpOnly; SameSite=Lax, X-Powered-By=Express, x-request-id=b9ffbfec-99fd-4cbd-b087-517045335c0c, x-request-release=5-2020063002/master, x-request-uuid=b9ffbfec-99fd-4cbd-b087-517045335c0c, Access-Control-Allow-Origin=http://enroll.ng.unicityqa.com, vary=Accept-Encoding, link=<http://unicity.github.io/Hydra.php/docs/v5/>; rel="help", www-authenticate=Basic realm="Restricted API", cache-control=no-cache, must-revalidate, expires=0, content-language=en-US, x-status-code=200, content-encoding=gzip, x-envoy-upstream-service-time=3868, access-control-expose-headers=x-b3-traceid, x-request-id, ETag=W/"5f1-iIzGJW/cyfvvmtyRWiInkAf+HtQ", CF-Cache-Status=DYNAMIC, cf-request-id=03a82fccd60000fbacf7934200000001, Expect-CT=max-age=604800, report-uri="https://report-uri.cloudflare.com/cdn-cgi/beacon/expect-ct", Server=cloudflare, CF-RAY=5aba1bf48859fbac-MCI, alt-svc=h3-27=":443"; ma=86400, h3-28=":443"; ma=86400, h3-29=":443"; ma=86400]
suman33024
{shipToAddress={zip=33024, country=US, city=HOLLYWOOD, address1=4209 E STONECREEK, state=FL}, shippingMethod={href=https://hydraqa.unicity.net/v5a-test/shippingmethods?type=NextDay}, lines={items=[{item={href=https://hydraqa.unicity.net/v5a-test/items?id.unicity=31440}, quantity=1}, {item={href=https://hydraqa.unicity.net/v5a-test/items?id.unicity=31859}, quantity=1}]}, transactions={items=[{method=Coupon, methodDetails={code=Fre3Aut0Sh!p}, type=AuthorizeAndCapture}]}, customer={href=https://hydraqa.unicity.net/v5a-test/customers?type=Associate}}
kalyan33024
Unicity []
Unicity []
Request URL: https://hydraqa.unicity.net/v5a-test/addresses?country=US&zip=33024
Entry response : {"items":[{"city":"Pembroke Pines","state":"FL"}]}
No Pop UP
]]></system-out>
    <system-err><![CDATA[Starting ChromeDriver 2.36.540470 (e522d04694c7ebea4ba8821272dbef4f9b818c91) on port 42863
Only local connections are allowed.
Jun 30, 2020 12:53:25 PM org.openqa.selenium.remote.ProtocolHandshake createSession
INFO: Detected dialect: OSS
]]></system-err>
  </testcase>
  <testcase name="PassReferralID" classname="Tests.ReferralIDPassing" time="234.168">
    <failure message="Major Total Price is Wrong expected [585.9] but found [605.43]" type="java.lang.AssertionError">java.lang.AssertionError: Major Total Price is Wrong expected [585.9] but found [605.43]
	at Tests.ReferralIDPassing.PassReferralID(ReferralIDPassing.java:60)
</failure>
    <system-out><![CDATA[Request URL: https://hydraqa.unicity.net/v5a-test/quotes?&expand=item
Entry Quotes response : {"items":[{"lines":{"items":[{"item":{"href":"https:\/\/hydraqa.unicity.net\/v5a-test\/items\/051e765a5a71835a859c2757edd359f0","id":{"unicity":"26580"}},"quantity":1,"terms":{"priceEach":195,"taxEach":{"amount":0},"discountEach":{"amount":0},"pvEach":130},"quantityLimit":{"quantityQuota":-1,"timeFrameDays":-1,"quantityOrdered":0}}]},"currency":"USD"},{"lines":{"items":[{"item":{"href":"https:\/\/hydraqa.unicity.net\/v5a-test\/items\/3ddd31ddbe0e5807756d2488e7cc3602","id":{"unicity":"31440"}},"quantity":1,"terms":{"priceEach":40,"taxEach":{"amount":0},"discountEach":{"amount":0},"pvEach":0},"quantityLimit":{"quantityQuota":-1,"timeFrameDays":-1,"quantityOrdered":0}}]},"currency":"USD"},{"lines":{"items":[{"item":{"href":"https:\/\/hydraqa.unicity.net\/v5a-test\/items\/90d5ee3af77bdc64ecf28a45b604bf3d","id":{"unicity":"31441"}},"quantity":1,"terms":{"priceEach":40,"taxEach":{"amount":0},"discountEach":{"amount":0},"pvEach":0},"quantityLimit":{"quantityQuota":-1,"timeFrameDays":-1,"quantityOrdered":0}}]},"currency":"USD"},{"lines":{"items":[{"item":{"href":"https:\/\/hydraqa.unicity.net\/v5a-test\/items\/c201dcd36f4bb7e17e7a8481ef08d6f2","id":{"unicity":"31518"}},"quantity":1,"terms":{"priceEach":29,"taxEach":{"amount":0},"discountEach":{"amount":0},"pvEach":14},"quantityLimit":{"quantityQuota":-1,"timeFrameDays":-1,"quantityOrdered":0}}]},"currency":"USD"},{"lines":{"items":[{"item":{"href":"https:\/\/hydraqa.unicity.net\/v5a-test\/items\/bed533c634e887357ff031d8e4c776b0","id":{"unicity":"31751"}},"quantity":1,"terms":{"priceEach":99,"taxEach":{"amount":0},"discountEach":{"amount":0},"pvEach":50},"quantityLimit":{"quantityQuota":-1,"timeFrameDays":-1,"quantityOrdered":0}}]},"currency":"USD"},{"lines":{"items":[{"item":{"href":"https:\/\/hydraqa.unicity.net\/v5a-test\/items\/38da42f991a40a00153b2e5055b82dbf","id":{"unicity":"27801"}},"quantity":1,"terms":{"priceEach":195,"taxEach":{"amount":0},"discountEach":{"amount":0},"pvEach":130},"quantityLimit":{"quantityQuota":-1,"timeFrameDays":-1,"quantityOrdered":0}}]},"currency":"USD"},{"lines":{"items":[{"item":{"href":"https:\/\/hydraqa.unicity.net\/v5a-test\/items\/cf8460040a1860bcabf250b6c1171675","id":{"unicity":"31858"}},"quantity":1,"terms":{"priceEach":269,"taxEach":{"amount":0},"discountEach":{"amount":0},"pvEach":195},"quantityLimit":{"quantityQuota":-1,"timeFrameDays":-1,"quantityOrdered":0}}]},"currency":"USD"},{"lines":{"items":[{"item":{"href":"https:\/\/hydraqa.unicity.net\/v5a-test\/items\/2de8516a24af8232add0bb392e750a71","id":{"unicity":"31859"}},"quantity":1,"terms":{"priceEach":179,"taxEach":{"amount":0},"discountEach":{"amount":0},"pvEach":130},"quantityLimit":{"quantityQuota":-1,"timeFrameDays":-1,"quantityOrdered":0}}]},"currency":"USD"},{"lines":{"items":[{"item":{"href":"https:\/\/hydraqa.unicity.net\/v5a-test\/items\/e47fd287212acedd1cffb2b67bf623bd","id":{"unicity":"31862"}},"quantity":1,"terms":{"priceEach":210,"taxEach":{"amount":0},"discountEach":{"amount":0},"pvEach":148},"quantityLimit":{"quantityQuota":-1,"timeFrameDays":-1,"quantityOrdered":0}}]},"currency":"USD"},{"lines":{"items":[{"item":{"href":"https:\/\/hydraqa.unicity.net\/v5a-test\/items\/50747027a065cb8361c1f0d6eb880466","id":{"unicity":"32030"}},"quantity":1,"terms":{"priceEach":143,"taxEach":{"amount":0},"discountEach":{"amount":0},"pvEach":102},"quantityLimit":{"quantityQuota":-1,"timeFrameDays":-1,"quantityOrdered":0}}]},"currency":"USD"},{"lines":{"items":[{"item":{"href":"https:\/\/hydraqa.unicity.net\/v5a-test\/items\/292b6aee9c1193e9488e9ae6e3a845e4","id":{"unicity":"29684"}},"quantity":1,"terms":{"priceEach":242,"taxEach":{"amount":0},"discountEach":{"amount":0},"pvEach":144},"quantityLimit":{"quantityQuota":-1,"timeFrameDays":-1,"quantityOrdered":0}}]},"currency":"USD"},{"lines":{"items":[{"item":{"href":"https:\/\/hydraqa.unicity.net\/v5a-test\/items\/00c2eb70c985722ce208490aece00945","id":{"unicity":"31729"}},"quantity":1,"terms":{"priceEach":143,"taxEach":{"amount":0},"discountEach":{"amount":0},"pvEach":100},"quantityLimit":{"quantityQuota":-1,"timeFrameDays":-1,"quantityOrdered":0}}]},"currency":"USD"},{"lines":{"items":[{"item":{"href":"https:\/\/hydraqa.unicity.net\/v5a-test\/items\/693a7c4a70b06a00471afe8d6cae5023","id":{"unicity":"31730"}},"quantity":1,"terms":{"priceEach":120,"taxEach":{"amount":0},"discountEach":{"amount":0},"pvEach":80},"quantityLimit":{"quantityQuota":-1,"timeFrameDays":-1,"quantityOrdered":0}}]},"currency":"USD"},{"lines":{"items":[{"item":{"href":"https:\/\/hydraqa.unicity.net\/v5a-test\/items\/ccb242d74dcb1fe621cc7bfe1b1de315","id":{"unicity":"31731"}},"quantity":1,"terms":{"priceEach":89,"taxEach":{"amount":0},"discountEach":{"amount":0},"pvEach":60},"quantityLimit":{"quantityQuota":-1,"timeFrameDays":-1,"quantityOrdered":0}}]},"currency":"USD"},{"lines":{"items":[{"item":{"href":"https:\/\/hydraqa.unicity.net\/v5a-test\/items\/9ff4257741d464b686d15be955b8afb6","id":{"unicity":"0963"}},"quantity":1,"terms":{"priceEach":42,"taxEach":{"amount":0},"discountEach":{"amount":0},"pvEach":25},"quantityLimit":{"quantityQuota":-1,"timeFrameDays":-1,"quantityOrdered":0}}]},"currency":"USD"},{"lines":{"items":[{"item":{"href":"https:\/\/hydraqa.unicity.net\/v5a-test\/items\/716b7a0bca7fa73e42e000d668e7ee65","id":{"unicity":"15129"}},"quantity":1,"terms":{"priceEach":22,"taxEach":{"amount":0},"discountEach":{"amount":0},"pvEach":10},"quantityLimit":{"quantityQuota":-1,"timeFrameDays":-1,"quantityOrdered":0}}]},"currency":"USD"},{"lines":{"items":[{"item":{"href":"https:\/\/hydraqa.unicity.net\/v5a-test\/items\/390a7ae70d5669561ecdf7d5cff2671b","id":{"unicity":"15271"}},"quantity":1,"terms":{"priceEach":69,"taxEach":{"amount":0},"discountEach":{"amount":0},"pvEach":27},"quantityLimit":{"quantityQuota":-1,"timeFrameDays":-1,"quantityOrdered":0}}]},"currency":"USD"},{"lines":{"items":[{"item":{"href":"https:\/\/hydraqa.unicity.net\/v5a-test\/items\/4b2034f47fce90b87bba28c5c2d7c25d","id":{"unicity":"15880"}},"quantity":1,"terms":{"priceEach":59,"taxEach":{"amount":0},"discountEach":{"amount":0},"pvEach":41},"quantityLimit":{"quantityQuota":-1,"timeFrameDays":-1,"quantityOrdered":0}}]},"currency":"USD"},{"lines":{"items":[{"item":{"href":"https:\/\/hydraqa.unicity.net\/v5a-test\/items\/2c4c1abe00983e85aaa918d2ce341491","id":{"unicity":"17174"}},"quantity":1,"terms":{"priceEach":17,"taxEach":{"amount":0},"discountEach":{"amount":0},"pvEach":10},"quantityLimit":{"quantityQuota":-1,"timeFrameDays":-1,"quantityOrdered":0}}]},"currency":"USD"},{"lines":{"items":[{"item":{"href":"https:\/\/hydraqa.unicity.net\/v5a-test\/items\/cea826eab72d44641c070aab6c97c1ac","id":{"unicity":"22747"}},"quantity":1,"terms":{"priceEach":27,"taxEach":{"amount":0},"discountEach":{"amount":0},"pvEach":16},"quantityLimit":{"quantityQuota":-1,"timeFrameDays":-1,"quantityOrdered":0}}]},"currency":"USD"},{"lines":{"items":[{"item":{"href":"https:\/\/hydraqa.unicity.net\/v5a-test\/items\/5c2f1613082782e691d32fe9ce034026","id":{"unicity":"23728"}},"quantity":1,"terms":{"priceEach":26,"taxEach":{"amount":0},"discountEach":{"amount":0},"pvEach":13},"quantityLimit":{"quantityQuota":-1,"timeFrameDays":-1,"quantityOrdered":0}}]},"currency":"USD"},{"lines":{"items":[{"item":{"href":"https:\/\/hydraqa.unicity.net\/v5a-test\/items\/64ec7ad932acafab052a4e8800ad1238","id":{"unicity":"24758"}},"quantity":1,"terms":{"priceEach":31,"taxEach":{"amount":0},"discountEach":{"amount":0},"pvEach":21},"quantityLimit":{"quantityQuota":-1,"timeFrameDays":-1,"quantityOrdered":0}}]},"currency":"USD"},{"lines":{"items":[{"item":{"href":"https:\/\/hydraqa.unicity.net\/v5a-test\/items\/9a7715e888c94989d898fe4653645721","id":{"unicity":"26550"}},"quantity":1,"terms":{"priceEach":80,"taxEach":{"amount":0},"discountEach":{"amount":0},"pvEach":52},"quantityLimit":{"quantityQuota":-1,"timeFrameDays":-1,"quantityOrdered":0}}]},"currency":"USD"},{"lines":{"items":[{"item":{"href":"https:\/\/hydraqa.unicity.net\/v5a-test\/items\/3af97c67f653253825a9189a27da57d6","id":{"unicity":"26556"}},"quantity":1,"terms":{"priceEach":79,"taxEach":{"amount":0},"discountEach":{"amount":0},"pvEach":61},"quantityLimit":{"quantityQuota":-1,"timeFrameDays":-1,"quantityOrdered":0}}]},"currency":"USD"},{"lines":{"items":[{"item":{"href":"https:\/\/hydraqa.unicity.net\/v5a-test\/items\/0cf62d38e91953b43dcfe88b06f813cb","id":{"unicity":"26557"}},"quantity":1,"terms":{"priceEach":79,"taxEach":{"amount":0},"discountEach":{"amount":0},"pvEach":61},"quantityLimit":{"quantityQuota":-1,"timeFrameDays":-1,"quantityOrdered":0}}]},"currency":"USD"},{"lines":{"items":[{"item":{"href":"https:\/\/hydraqa.unicity.net\/v5a-test\/items\/398d06b858b960f6f38086d40608aef2","id":{"unicity":"26560"}},"quantity":1,"terms":{"priceEach":16,"taxEach":{"amount":0},"discountEach":{"amount":0},"pvEach":12},"quantityLimit":{"quantityQuota":-1,"timeFrameDays":-1,"quantityOrdered":0}}]},"currency":"USD"},{"lines":{"items":[{"item":{"href":"https:\/\/hydraqa.unicity.net\/v5a-test\/items\/cda534d686af5d627c94c4bb2c4b57d8","id":{"unicity":"26561"}},"quantity":1,"terms":{"priceEach":16,"taxEach":{"amount":0},"discountEach":{"amount":0},"pvEach":11},"quantityLimit":{"quantityQuota":-1,"timeFrameDays":-1,"quantityOrdered":0}}]},"currency":"USD"},{"lines":{"items":[{"item":{"href":"https:\/\/hydraqa.unicity.net\/v5a-test\/items\/0a3ede185ddf034630afd891c5106d33","id":{"unicity":"26562"}},"quantity":1,"terms":{"priceEach":33,"taxEach":{"amount":0},"discountEach":{"amount":0},"pvEach":25},"quantityLimit":{"quantityQuota":-1,"timeFrameDays":-1,"quantityOrdered":0}}]},"currency":"USD"},{"lines":{"items":[{"item":{"href":"https:\/\/hydraqa.unicity.net\/v5a-test\/items\/16ca68abaaa92505c257be022a154769","id":{"unicity":"27615"}},"quantity":1,"terms":{"priceEach":29,"taxEach":{"amount":0},"discountEach":{"amount":0},"pvEach":21},"quantityLimit":{"quantityQuota":-1,"timeFrameDays":-1,"quantityOrdered":0}}]},"currency":"USD"},{"lines":{"items":[{"item":{"href":"https:\/\/hydraqa.unicity.net\/v5a-test\/items\/1bd53de7fe880ba71f46c9976ca2c137","id":{"unicity":"27739"}},"quantity":1,"terms":{"priceEach":33,"taxEach":{"amount":0},"discountEach":{"amount":0},"pvEach":13},"quantityLimit":{"quantityQuota":-1,"timeFrameDays":-1,"quantityOrdered":0}}]},"currency":"USD"},{"lines":{"items":[{"item":{"href":"https:\/\/hydraqa.unicity.net\/v5a-test\/items\/1945faa1776541d53120ecfe3c1d8a2b","id":{"unicity":"24418"}},"quantity":1,"terms":{"priceEach":5,"taxEach":{"amount":0},"discountEach":{"amount":0},"pvEach":0},"quantityLimit":{"quantityQuota":-1,"timeFrameDays":-1,"quantityOrdered":0}}]},"currency":"USD"},{"lines":{"items":[{"item":{"href":"https:\/\/hydraqa.unicity.net\/v5a-test\/items\/9a6e1d094182389c3da8e0a320ff0e00","id":{"unicity":"27585"}},"quantity":1,"terms":{"priceEach":56,"taxEach":{"amount":0},"discountEach":{"amount":0},"pvEach":33},"quantityLimit":{"quantityQuota":-1,"timeFrameDays":-1,"quantityOrdered":0}}]},"currency":"USD"},{"lines":{"items":[{"item":{"href":"https:\/\/hydraqa.unicity.net\/v5a-test\/items\/84bf86533ae28dc84370f3699cc13a1d","id":{"unicity":"17744"}},"quantity":1,"terms":{"priceEach":97,"taxEach":{"amount":0},"discountEach":{"amount":0},"pvEach":62},"quantityLimit":{"quantityQuota":-1,"timeFrameDays":-1,"quantityOrdered":0}}]},"currency":"USD"},{"lines":{"items":[{"item":{"href":"https:\/\/hydraqa.unicity.net\/v5a-test\/items\/b127a2d34d3d73e2f53e4c2002a7a4a2","id":{"unicity":"25008"}},"quantity":1,"terms":{"priceEach":19,"taxEach":{"amount":0},"discountEach":{"amount":0},"pvEach":15},"quantityLimit":{"quantityQuota":-1,"timeFrameDays":-1,"quantityOrdered":0}}]},"currency":"USD"},{"lines":{"items":[{"item":{"href":"https:\/\/hydraqa.unicity.net\/v5a-test\/items\/10da226fab00279b4f89df10af2a10b7","id":{"unicity":"26442"}},"quantity":1,"terms":{"priceEach":6,"taxEach":{"amount":0},"discountEach":{"amount":0},"pvEach":0},"quantityLimit":{"quantityQuota":-1,"timeFrameDays":-1,"quantityOrdered":0}}]},"currency":"USD"},{"lines":{"items":[{"item":{"href":"https:\/\/hydraqa.unicity.net\/v5a-test\/items\/80a898d805f759925797847a176bf62f","id":{"unicity":"26551"}},"quantity":1,"terms":{"priceEach":80,"taxEach":{"amount":0},"discountEach":{"amount":0},"pvEach":52},"quantityLimit":{"quantityQuota":-1,"timeFrameDays":-1,"quantityOrdered":0}}]},"currency":"USD"},{"lines":{"items":[{"item":{"href":"https:\/\/hydraqa.unicity.net\/v5a-test\/items\/933f0856fd8ec1df83c5283dabf4ec3c","id":{"unicity":"6200"}},"quantity":1,"terms":{"priceEach":68,"taxEach":{"amount":0},"discountEach":{"amount":0},"pvEach":47},"quantityLimit":{"quantityQuota":-1,"timeFrameDays":-1,"quantityOrdered":0}}]},"currency":"USD"},{"lines":{"items":[{"item":{"href":"https:\/\/hydraqa.unicity.net\/v5a-test\/items\/8d994059c399f5551ab112574e4476fc","id":{"unicity":"24785"}},"quantity":1,"terms":{"priceEach":14,"taxEach":{"amount":0},"discountEach":{"amount":0},"pvEach":9},"quantityLimit":{"quantityQuota":-1,"timeFrameDays":-1,"quantityOrdered":0}}]},"currency":"USD"},{"lines":{"items":[{"item":{"href":"https:\/\/hydraqa.unicity.net\/v5a-test\/items\/aa0d72ac13b1ce88cf8c4a52ede75a37","id":{"unicity":"26552"}},"quantity":1,"terms":{"priceEach":70,"taxEach":{"amount":0},"discountEach":{"amount":0},"pvEach":50},"quantityLimit":{"quantityQuota":5,"timeFrameDays":-1,"quantityOrdered":0}}]},"currency":"USD"},{"lines":{"items":[{"item":{"href":"https:\/\/hydraqa.unicity.net\/v5a-test\/items\/8b5ed9aa6c6132e1be5e446f69a3465e","id":{"unicity":"0954"}},"quantity":1,"terms":{"priceEach":21,"taxEach":{"amount":0},"discountEach":{"amount":0},"pvEach":15},"quantityLimit":{"quantityQuota":-1,"timeFrameDays":-1,"quantityOrdered":0}}]},"currency":"USD"},{"lines":{"items":[{"item":{"href":"https:\/\/hydraqa.unicity.net\/v5a-test\/items\/b2fc4b9ba4aa5cae54389161be2f841f","id":{"unicity":"18401"}},"quantity":1,"terms":{"priceEach":31,"taxEach":{"amount":0},"discountEach":{"amount":0},"pvEach":19},"quantityLimit":{"quantityQuota":-1,"timeFrameDays":-1,"quantityOrdered":0}}]},"currency":"USD"},{"lines":{"items":[{"item":{"href":"https:\/\/hydraqa.unicity.net\/v5a-test\/items\/48433ffc76597c823adc2b8627e033e4","id":{"unicity":"26559"}},"quantity":1,"terms":{"priceEach":30,"taxEach":{"amount":0},"discountEach":{"amount":0},"pvEach":20},"quantityLimit":{"quantityQuota":-1,"timeFrameDays":-1,"quantityOrdered":0}}]},"currency":"USD"},{"lines":{"items":[{"item":{"href":"https:\/\/hydraqa.unicity.net\/v5a-test\/items\/5a38f009bec6c23b1b3a70432f9722e5","id":{"unicity":"19596"}},"quantity":1,"terms":{"priceEach":49,"taxEach":{"amount":0},"discountEach":{"amount":0},"pvEach":30},"quantityLimit":{"quantityQuota":-1,"timeFrameDays":-1,"quantityOrdered":0}}]},"currency":"USD"},{"lines":{"items":[{"item":{"href":"https:\/\/hydraqa.unicity.net\/v5a-test\/items\/9ce45d695c87f93b29794041362b5192","id":{"unicity":"26945"}},"quantity":1,"terms":{"priceEach":35,"taxEach":{"amount":0},"discountEach":{"amount":0},"pvEach":0},"quantityLimit":{"quantityQuota":-1,"timeFrameDays":-1,"quantityOrdered":0}}]},"currency":"USD"},{"lines":{"items":[{"item":{"href":"https:\/\/hydraqa.unicity.net\/v5a-test\/items\/ddef5f478ff91aa2263b646a3bd03dea","id":{"unicity":"21420"}},"quantity":1,"terms":{"priceEach":24,"taxEach":{"amount":0},"discountEach":{"amount":0},"pvEach":10},"quantityLimit":{"quantityQuota":-1,"timeFrameDays":-1,"quantityOrdered":0}}]},"currency":"USD"},{"lines":{"items":[{"item":{"href":"https:\/\/hydraqa.unicity.net\/v5a-test\/items\/55d3b550a17b78175cc5ac565e4266e8","id":{"unicity":"24621"}},"quantity":1,"terms":{"priceEach":20,"taxEach":{"amount":0},"discountEach":{"amount":0},"pvEach":12},"quantityLimit":{"quantityQuota":-1,"timeFrameDays":-1,"quantityOrdered":0}}]},"currency":"USD"},{"lines":{"items":[{"item":{"href":"https:\/\/hydraqa.unicity.net\/v5a-test\/items\/9d9d002b0e21b9bd58ad0154a4f781c5","id":{"unicity":"28836"}},"quantity":1,"terms":{"priceEach":58,"taxEach":{"amount":0},"discountEach":{"amount":0},"pvEach":36},"quantityLimit":{"quantityQuota":-1,"timeFrameDays":-1,"quantityOrdered":0}}]},"currency":"USD"},{"lines":{"items":[{"item":{"href":"https:\/\/hydraqa.unicity.net\/v5a-test\/items\/399be8efa903b362515c48315ab2afb9","id":{"unicity":"15712"}},"quantity":1,"terms":{"priceEach":15,"taxEach":{"amount":0},"discountEach":{"amount":0},"pvEach":5},"quantityLimit":{"quantityQuota":-1,"timeFrameDays":-1,"quantityOrdered":0}}]},"currency":"USD"},{"lines":{"items":[{"item":{"href":"https:\/\/hydraqa.unicity.net\/v5a-test\/items\/d489ec0d50f6e28d5743afc65439631b","id":{"unicity":"0960"}},"quantity":1,"terms":{"priceEach":37,"taxEach":{"amount":0},"discountEach":{"amount":0},"pvEach":23},"quantityLimit":{"quantityQuota":-1,"timeFrameDays":-1,"quantityOrdered":0}}]},"currency":"USD"},{"lines":{"items":[{"item":{"href":"https:\/\/hydraqa.unicity.net\/v5a-test\/items\/66839181d7531692a8d886a9da6fb4d6","id":{"unicity":"25369"}},"quantity":1,"terms":{"priceEach":48,"taxEach":{"amount":0},"discountEach":{"amount":0},"pvEach":25},"quantityLimit":{"quantityQuota":-1,"timeFrameDays":-1,"quantityOrdered":0}}]},"currency":"USD"},{"lines":{"items":[{"item":{"href":"https:\/\/hydraqa.unicity.net\/v5a-test\/items\/0eebdede5bdb8bf4d71e800b6f3cead1","id":{"unicity":"30825"}},"quantity":1,"terms":{"priceEach":49,"taxEach":{"amount":0},"discountEach":{"amount":0},"pvEach":25},"quantityLimit":{"quantityQuota":-1,"timeFrameDays":-1,"quantityOrdered":0}}]},"currency":"USD"},{"lines":{"items":[{"item":{"href":"https:\/\/hydraqa.unicity.net\/v5a-test\/items\/8ed7a8910d5c5335774fa9cfae0e511d","id":{"unicity":"18386"}},"quantity":1,"terms":{"priceEach":27,"taxEach":{"amount":0},"discountEach":{"amount":0},"pvEach":21},"quantityLimit":{"quantityQuota":-1,"timeFrameDays":-1,"quantityOrdered":0}}]},"currency":"USD"},{"lines":{"items":[{"item":{"href":"https:\/\/hydraqa.unicity.net\/v5a-test\/items\/3f2d12d7a0e8551fc99fad3bbe1ba633","id":{"unicity":"26567"}},"quantity":1,"terms":{"priceEach":56,"taxEach":{"amount":0},"discountEach":{"amount":0},"pvEach":35},"quantityLimit":{"quantityQuota":-1,"timeFrameDays":-1,"quantityOrdered":0}}]},"currency":"USD"},{"lines":{"items":[{"item":{"href":"https:\/\/hydraqa.unicity.net\/v5a-test\/items\/191637167cb3144bd2e8c4615e9ab67e","id":{"unicity":"26568"}},"quantity":1,"terms":{"priceEach":56,"taxEach":{"amount":0},"discountEach":{"amount":0},"pvEach":35},"quantityLimit":{"quantityQuota":-1,"timeFrameDays":-1,"quantityOrdered":0}}]},"currency":"USD"},{"lines":{"items":[{"item":{"href":"https:\/\/hydraqa.unicity.net\/v5a-test\/items\/2cefc6a61faaae3455a5adcb0d8fc74f","id":{"unicity":"15907"}},"quantity":1,"terms":{"priceEach":15,"taxEach":{"amount":0},"discountEach":{"amount":0},"pvEach":5},"quantityLimit":{"quantityQuota":-1,"timeFrameDays":-1,"quantityOrdered":0}}]},"currency":"USD"},{"lines":{"items":[{"item":{"href":"https:\/\/hydraqa.unicity.net\/v5a-test\/items\/fa2407c91e64e66a72ab45172eb978df","id":{"unicity":"0988"}},"quantity":1,"terms":{"priceEach":36,"taxEach":{"amount":0},"discountEach":{"amount":0},"pvEach":23},"quantityLimit":{"quantityQuota":-1,"timeFrameDays":-1,"quantityOrdered":0}}]},"currency":"USD"},{"lines":{"items":[{"item":{"href":"https:\/\/hydraqa.unicity.net\/v5a-test\/items\/40a1044968ea62276f4ba87fd2ef0d8f","id":{"unicity":"12230"}},"quantity":1,"terms":{"priceEach":45,"taxEach":{"amount":0},"discountEach":{"amount":0},"pvEach":18},"quantityLimit":{"quantityQuota":-1,"timeFrameDays":-1,"quantityOrdered":0}}]},"currency":"USD"},{"lines":{"items":[{"item":{"href":"https:\/\/hydraqa.unicity.net\/v5a-test\/items\/112b8c39286598b3730f630f371a45f4","id":{"unicity":"27587"}},"quantity":1,"terms":{"priceEach":58,"taxEach":{"amount":0},"discountEach":{"amount":0},"pvEach":33},"quantityLimit":{"quantityQuota":-1,"timeFrameDays":-1,"quantityOrdered":0}}]},"currency":"USD"},{"lines":{"items":[{"item":{"href":"https:\/\/hydraqa.unicity.net\/v5a-test\/items\/e218d1cac5f31e7ae4f5876c29c57377","id":{"unicity":"29017"}},"quantity":1,"terms":{"priceEach":38,"taxEach":{"amount":0},"discountEach":{"amount":0},"pvEach":26},"quantityLimit":{"quantityQuota":-1,"timeFrameDays":-1,"quantityOrdered":0}}]},"currency":"USD"},{"lines":{"items":[{"item":{"href":"https:\/\/hydraqa.unicity.net\/v5a-test\/items\/25eaf64b36ce31368f17ae789fd9ac5b","id":{"unicity":"29694"}},"quantity":1,"terms":{"priceEach":56,"taxEach":{"amount":0},"discountEach":{"amount":0},"pvEach":33},"quantityLimit":{"quantityQuota":-1,"timeFrameDays":-1,"quantityOrdered":0}}]},"currency":"USD"},{"lines":{"items":[{"item":{"href":"https:\/\/hydraqa.unicity.net\/v5a-test\/items\/634f7efb30392b2a919de1355902d975","id":{"unicity":"29408"}},"quantity":1,"terms":{"priceEach":80,"taxEach":{"amount":0},"discountEach":{"amount":0},"pvEach":52},"quantityLimit":{"quantityQuota":-1,"timeFrameDays":-1,"quantityOrdered":0}}]},"currency":"USD"},{"lines":{"items":[{"item":{"href":"https:\/\/hydraqa.unicity.net\/v5a-test\/items\/bb5c627f16547cb4f706cef521bca356","id":{"unicity":"29437"}},"quantity":1,"terms":{"priceEach":62,"taxEach":{"amount":0},"discountEach":{"amount":0},"pvEach":36},"quantityLimit":{"quantityQuota":-1,"timeFrameDays":-1,"quantityOrdered":0}}]},"currency":"USD"},{"lines":{"items":[{"item":{"href":"https:\/\/hydraqa.unicity.net\/v5a-test\/items\/991cdbb84a495779eb209fb3956a77e4","id":{"unicity":"29183"}},"quantity":1,"terms":{"priceEach":42,"taxEach":{"amount":0},"discountEach":{"amount":0},"pvEach":24},"quantityLimit":{"quantityQuota":-1,"timeFrameDays":-1,"quantityOrdered":0}}]},"currency":"USD"},{"lines":{"items":[{"item":{"href":"https:\/\/hydraqa.unicity.net\/v5a-test\/items\/1b0412bea8c0b841c66f65a36aa14108","id":{"unicity":"29191"}},"quantity":1,"terms":{"priceEach":64,"taxEach":{"amount":0},"discountEach":{"amount":0},"pvEach":36},"quantityLimit":{"quantityQuota":-1,"timeFrameDays":-1,"quantityOrdered":0}}]},"currency":"USD"},{"lines":{"items":[{"item":{"href":"https:\/\/hydraqa.unicity.net\/v5a-test\/items\/362999101a321b721c87110710ae77b0","id":{"unicity":"29352"}},"quantity":1,"terms":{"priceEach":119,"taxEach":{"amount":0},"discountEach":{"amount":0},"pvEach":80},"quantityLimit":{"quantityQuota":-1,"timeFrameDays":-1,"quantityOrdered":0}}]},"currency":"USD"},{"lines":{"items":[{"item":{"href":"https:\/\/hydraqa.unicity.net\/v5a-test\/items\/24ff5bda40c0d0e7eaa511866d052915","id":{"unicity":"29612"}},"quantity":1,"terms":{"priceEach":49,"taxEach":{"amount":0},"discountEach":{"amount":0},"pvEach":30},"quantityLimit":{"quantityQuota":-1,"timeFrameDays":-1,"quantityOrdered":0}}]},"currency":"USD"},{"lines":{"items":[{"item":{"href":"https:\/\/hydraqa.unicity.net\/v5a-test\/items\/e0a19d3d676bccfdba0ab3d9f2766359","id":{"unicity":"30350"}},"quantity":1,"terms":{"priceEach":50,"taxEach":{"amount":0},"discountEach":{"amount":0},"pvEach":30},"quantityLimit":{"quantityQuota":-1,"timeFrameDays":-1,"quantityOrdered":0}}]},"currency":"USD"},{"lines":{"items":[{"item":{"href":"https:\/\/hydraqa.unicity.net\/v5a-test\/items\/024e696f8b44a1d315006e676604cd31","id":{"unicity":"27395"}},"quantity":1,"terms":{"priceEach":25,"taxEach":{"amount":0},"discountEach":{"amount":0},"pvEach":16},"quantityLimit":{"quantityQuota":-1,"timeFrameDays":-1,"quantityOrdered":0}}]},"currency":"USD"},{"lines":{"items":[{"item":{"href":"https:\/\/hydraqa.unicity.net\/v5a-test\/items\/05ca08f3808f126c0cc42154c50fc75c","id":{"unicity":"29440"}},"quantity":1,"terms":{"priceEach":120,"taxEach":{"amount":0},"discountEach":{"amount":0},"pvEach":90},"quantityLimit":{"quantityQuota":-1,"timeFrameDays":-1,"quantityOrdered":0}}]},"currency":"USD"},{"lines":{"items":[{"item":{"href":"https:\/\/hydraqa.unicity.net\/v5a-test\/items\/764e2db430d361da99e8f6b70c4d0244","id":{"unicity":"29830"}},"quantity":1,"terms":{"priceEach":17,"taxEach":{"amount":0},"discountEach":{"amount":0},"pvEach":7},"quantityLimit":{"quantityQuota":-1,"timeFrameDays":-1,"quantityOrdered":0}}]},"currency":"USD"},{"lines":{"items":[{"item":{"href":"https:\/\/hydraqa.unicity.net\/v5a-test\/items\/035189015384166df518a68ede0299a9","id":{"unicity":"30408"}},"quantity":1,"terms":{"priceEach":84,"taxEach":{"amount":0},"discountEach":{"amount":0},"pvEach":50},"quantityLimit":{"quantityQuota":-1,"timeFrameDays":-1,"quantityOrdered":0}}]},"currency":"USD"},{"lines":{"items":[{"item":{"href":"https:\/\/hydraqa.unicity.net\/v5a-test\/items\/b91affa753dd5ee8a9acef4fa7e2c9a7","id":{"unicity":"30414"}},"quantity":1,"terms":{"priceEach":94,"taxEach":{"amount":0},"discountEach":{"amount":0},"pvEach":65},"quantityLimit":{"quantityQuota":-1,"timeFrameDays":-1,"quantityOrdered":0}}]},"currency":"USD"},{"lines":{"items":[{"item":{"href":"https:\/\/hydraqa.unicity.net\/v5a-test\/items\/2835b1a78e379486f0ffbfd5fb9f6b0a","id":{"unicity":"30400"}},"quantity":1,"terms":{"priceEach":38,"taxEach":{"amount":0},"discountEach":{"amount":0},"pvEach":28},"quantityLimit":{"quantityQuota":-1,"timeFrameDays":-1,"quantityOrdered":0}}]},"currency":"USD"},{"lines":{"items":[{"item":{"href":"https:\/\/hydraqa.unicity.net\/v5a-test\/items\/0e78fbdfebef11cd62f8d2120064ee58","id":{"unicity":"30280"}},"quantity":1,"terms":{"priceEach":42,"taxEach":{"amount":0},"discountEach":{"amount":0},"pvEach":24},"quantityLimit":{"quantityQuota":-1,"timeFrameDays":-1,"quantityOrdered":0}}]},"currency":"USD"},{"lines":{"items":[{"item":{"href":"https:\/\/hydraqa.unicity.net\/v5a-test\/items\/d306a0b65f27f19b4968e5c05906a9f4","id":{"unicity":"31314"}},"quantity":1,"terms":{"priceEach":388,"taxEach":{"amount":0},"discountEach":{"amount":0},"pvEach":268},"quantityLimit":{"quantityQuota":-1,"timeFrameDays":-1,"quantityOrdered":0}}]},"currency":"USD"},{"lines":{"items":[{"item":{"href":"https:\/\/hydraqa.unicity.net\/v5a-test\/items\/5bda067b70c43971650a6ef983f612e4","id":{"unicity":"31728"}},"quantity":1,"terms":{"priceEach":126,"taxEach":{"amount":0},"discountEach":{"amount":0},"pvEach":94},"quantityLimit":{"quantityQuota":-1,"timeFrameDays":-1,"quantityOrdered":0}}]},"currency":"USD"},{"lines":{"items":[{"item":{"href":"https:\/\/hydraqa.unicity.net\/v5a-test\/items\/3875e24e6b6ebdf36c79d205614ed51e","id":{"unicity":"31846"}},"quantity":1,"terms":{"priceEach":126,"taxEach":{"amount":0},"discountEach":{"amount":0},"pvEach":94},"quantityLimit":{"quantityQuota":-1,"timeFrameDays":-1,"quantityOrdered":0}}]},"currency":"USD"},{"lines":{"items":[{"item":{"href":"https:\/\/hydraqa.unicity.net\/v5a-test\/items\/89b6d29a85a88d44d65bc8cca3fefc65","id":{"unicity":"31845"}},"quantity":1,"terms":{"priceEach":143,"taxEach":{"amount":0},"discountEach":{"amount":0},"pvEach":100},"quantityLimit":{"quantityQuota":-1,"timeFrameDays":-1,"quantityOrdered":0}}]},"currency":"USD"},{"lines":{"items":[{"item":{"href":"https:\/\/hydraqa.unicity.net\/v5a-test\/items\/fbb319232b7eed110794d46a68302acb","id":{"unicity":"31847"}},"quantity":1,"terms":{"priceEach":120,"taxEach":{"amount":0},"discountEach":{"amount":0},"pvEach":80},"quantityLimit":{"quantityQuota":-1,"timeFrameDays":-1,"quantityOrdered":0}}]},"currency":"USD"},{"lines":{"items":[{"item":{"href":"https:\/\/hydraqa.unicity.net\/v5a-test\/items\/fd464cd7972cc1317e850b9196d886b8","id":{"unicity":"31863"}},"quantity":1,"terms":{"priceEach":210,"taxEach":{"amount":0},"discountEach":{"amount":0},"pvEach":148},"quantityLimit":{"quantityQuota":-1,"timeFrameDays":-1,"quantityOrdered":0}}]},"currency":"USD"},{"lines":{"items":[{"item":{"href":"https:\/\/hydraqa.unicity.net\/v5a-test\/items\/d4c8fce238d6fc34d17a4b36d1e4e59a","id":{"unicity":"31860"}},"quantity":1,"terms":{"priceEach":196,"taxEach":{"amount":0},"discountEach":{"amount":0},"pvEach":135},"quantityLimit":{"quantityQuota":-1,"timeFrameDays":-1,"quantityOrdered":0}}]},"currency":"USD"},{"lines":{"items":[{"item":{"href":"https:\/\/hydraqa.unicity.net\/v5a-test\/items\/4ab49eca1731e69206ccafb5112ad5a4","id":{"unicity":"31861"}},"quantity":1,"terms":{"priceEach":196,"taxEach":{"amount":0},"discountEach":{"amount":0},"pvEach":135},"quantityLimit":{"quantityQuota":-1,"timeFrameDays":-1,"quantityOrdered":0}}]},"currency":"USD"},{"lines":{"items":[{"item":{"href":"https:\/\/hydraqa.unicity.net\/v5a-test\/items\/077823d29445b9020de9931f10c63efd","id":{"unicity":"31958"}},"quantity":1,"terms":{"priceEach":129,"taxEach":{"amount":0},"discountEach":{"amount":0},"pvEach":85},"quantityLimit":{"quantityQuota":-1,"timeFrameDays":-1,"quantityOrdered":0}}]},"currency":"USD"},{"lines":{"items":[{"item":{"href":"https:\/\/hydraqa.unicity.net\/v5a-test\/items\/bfddb53fe0d5ed5432c531dc9850cbe4","id":{"unicity":"29449"}},"quantity":1,"terms":{"priceEach":37,"taxEach":{"amount":0},"discountEach":{"amount":0},"pvEach":25},"quantityLimit":{"quantityQuota":-1,"timeFrameDays":-1,"quantityOrdered":0}}]},"currency":"USD"},{"lines":{"items":[{"item":{"href":"https:\/\/hydraqa.unicity.net\/v5a-test\/items\/7fc100f8d20814757efe2d79e41b315c","id":{"unicity":"32021"}},"quantity":1,"terms":{"priceEach":89,"taxEach":{"amount":0},"discountEach":{"amount":0},"pvEach":60},"quantityLimit":{"quantityQuota":-1,"timeFrameDays":-1,"quantityOrdered":0}}]},"currency":"USD"},{"lines":{"items":[{"item":{"href":"https:\/\/hydraqa.unicity.net\/v5a-test\/items\/c674cdded8a54983aae3c5dcb32c9e38","id":{"unicity":"32628"}},"quantity":1,"terms":{"priceEach":80,"taxEach":{"amount":0},"discountEach":{"amount":0},"pvEach":50},"quantityLimit":{"quantityQuota":-1,"timeFrameDays":-1,"quantityOrdered":0}}]},"currency":"USD"},{"lines":{"items":[{"item":{"href":"https:\/\/hydraqa.unicity.net\/v5a-test\/items\/69d8547e9e264505ce055e09920659fd","id":{"unicity":"33019"}},"quantity":1,"terms":{"priceEach":202,"taxEach":{"amount":0},"discountEach":{"amount":0},"pvEach":151},"quantityLimit":{"quantityQuota":-1,"timeFrameDays":-1,"quantityOrdered":0}}]},"currency":"USD"},{"lines":{"items":[{"item":{"href":"https:\/\/hydraqa.unicity.net\/v5a-test\/items\/30b5c0f54df52286b3d87a6a1dfd314a","id":{"unicity":"33018"}},"quantity":1,"terms":{"priceEach":205,"taxEach":{"amount":0},"discountEach":{"amount":0},"pvEach":133},"quantityLimit":{"quantityQuota":-1,"timeFrameDays":-1,"quantityOrdered":0}}]},"currency":"USD"},{"lines":{"items":[{"item":{"href":"https:\/\/hydraqa.unicity.net\/v5a-test\/items\/16a422e03f6e3a79ba7bcd7fd50e31c0","id":{"unicity":"33017"}},"quantity":1,"terms":{"priceEach":150,"taxEach":{"amount":0},"discountEach":{"amount":0},"pvEach":110},"quantityLimit":{"quantityQuota":-1,"timeFrameDays":-1,"quantityOrdered":0}}]},"currency":"USD"},{"lines":{"items":[{"item":{"href":"https:\/\/hydraqa.unicity.net\/v5a-test\/items\/30f2eb8ab275ef57ae8082b3435a3d69","id":{"unicity":"33016"}},"quantity":1,"terms":{"priceEach":199,"taxEach":{"amount":0},"discountEach":{"amount":0},"pvEach":142},"quantityLimit":{"quantityQuota":-1,"timeFrameDays":-1,"quantityOrdered":0}}]},"currency":"USD"}]}
Entry request : {"order":{"customer":{"href":"https://hydraqa.unicity.net/v5a-test/customers?type=Associate"},"shipToAddress":{"country":"US"}},"vary":{"lines":{"items":[{"item":{"href":"https://hydraqa.unicity.net/v5a-test/items?id.unicity=26580|31440|31441|31518|31751|27801|31858|31859|31862|32030|29684|31729|31730|31731|0963|15129|15271|15880|17174|22745|22747|23728|24758|25022|26550|26556|26557|26560|26561|26562|27615|27739|24418|27585|17744|25008|26442|26551|6200|15916|18908|24785|26552|27028|0954|18401|27029|26559|19596|26945|21420|24621|28836|15712|0960|25369|30825|18386|26567|26568|15907|28513|3107|0988|12230|26950|26786|27587|29017|29694|29408|29437|29183|29191|29352|29612|30350|27395|29440|29830|30408|30414|30400|30280|31314|31728|31846|31845|31847|31863|31860|31861|31958|29449|32021|32628|33019|33018|33017|33016|32019|26555"}}]}}}
Request URL: https://hydraqa.unicity.net/v5a-test/customers.js?callback=angular.callbacks._1&expand=customer,profilePicture&id.unicity=2
Request URL: https://hydraqa.unicity.net/v5a-test/customers.js?_httpMethod=HEAD&callback=angular.callbacks._3&email=JIYJEG@gmail.com
Unicity [Date=Tue, 30 Jun 2020 19:00:46 GMT, Content-Type=text/javascript; charset=utf-8, Content-Length=1950, Connection=keep-alive, Set-Cookie=__cfduid=dfd6031fec8cdbf3d6a557d034dc0b6231593543642; expires=Thu, 30-Jul-20 19:00:42 GMT; path=/; domain=.unicity.net; HttpOnly; SameSite=Lax, X-Powered-By=Express, x-request-id=48122796-d1ab-462d-ad82-897bf051b5b6, x-request-release=5-2020063002/master, x-request-uuid=48122796-d1ab-462d-ad82-897bf051b5b6, Access-Control-Allow-Origin=http://enroll.ng.unicityqa.com, vary=Accept-Encoding, link=<http://unicity.github.io/Hydra.php/docs/v5/>; rel="help", www-authenticate=Basic realm="Restricted API", cache-control=no-cache, must-revalidate, expires=0, content-language=en-US, x-status-code=200, content-encoding=gzip, x-envoy-upstream-service-time=3594, access-control-expose-headers=x-b3-traceid, x-request-id, ETag=W/"79e-T4gyXxcq+fWBg8IHPJRBbgM5sI0", CF-Cache-Status=DYNAMIC, cf-request-id=03a83365280000fbb4b79a9200000001, Expect-CT=max-age=604800, report-uri="https://report-uri.cloudflare.com/cdn-cgi/beacon/expect-ct", Server=cloudflare, CF-RAY=5aba21b50938fbb4-MCI, alt-svc=h3-27=":443"; ma=86400, h3-28=":443"; ma=86400, h3-29=":443"; ma=86400]
suman84097
{shipToAddress={zip=84097, country=US, city=OREM, address1=1209 N 800 E, state=UT}, shippingMethod={href=https://hydraqa.unicity.net/v5a-test/shippingmethods?type=2Days}, lines={items=[{item={href=https://hydraqa.unicity.net/v5a-test/items?id.unicity=31441}, quantity=1}, {item={href=https://hydraqa.unicity.net/v5a-test/items?id.unicity=31518}, quantity=1}, {item={href=https://hydraqa.unicity.net/v5a-test/items?id.unicity=31751}, quantity=1}, {item={href=https://hydraqa.unicity.net/v5a-test/items?id.unicity=31858}, quantity=1}, {item={href=https://hydraqa.unicity.net/v5a-test/items?id.unicity=32030}, quantity=1}]}, transactions={items=[{method=Coupon, methodDetails={code=Fre3Aut0Sh!p}, type=AuthorizeAndCapture}]}, customer={href=https://hydraqa.unicity.net/v5a-test/customers?type=Associate}}
kalyan84097
Request URL: https://hydraqa.unicity.net/v5a-test/addresses?country=US&zip=84097
Entry response : {"items":[{"city":"Orem","state":"UT"}]}
No Pop UP
]]></system-out>
    <system-err><![CDATA[Starting ChromeDriver 2.36.540470 (e522d04694c7ebea4ba8821272dbef4f9b818c91) on port 5775
Only local connections are allowed.
Jun 30, 2020 12:57:33 PM org.openqa.selenium.remote.ProtocolHandshake createSession
INFO: Detected dialect: OSS
]]></system-err>
  </testcase>
  <testcase name="Enroll" classname="Tests.PrefferedCustomer" time="242.13"/>
  <testcase name="Enroll" classname="Tests.PrefferedCustomer" time="186.827">
    <failure message="Major Market expected [CA] but found [null]" type="java.lang.AssertionError">java.lang.AssertionError: Major Market expected [CA] but found [null]
	at Tests.PrefferedCustomer.Enroll(PrefferedCustomer.java:104)
</failure>
    <system-out><![CDATA[Request URL: https://hydraqa.unicity.net/v5a-test/quotes?&expand=item
Entry Quotes response : {"items":[{"lines":{"items":[{"item":{"href":"https:\/\/hydraqa.unicity.net\/v5a-test\/items\/bb1a7c3a2902e2cbc4cb2a22fdf1f499","id":{"unicity":"26993"}},"quantity":1,"terms":{"priceEach":284,"taxEach":{"amount":0},"discountEach":{"amount":0},"pvEach":150},"quantityLimit":{"quantityQuota":-1,"timeFrameDays":-1,"quantityOrdered":0}}]},"currency":"CAD"},{"lines":{"items":[{"item":{"href":"https:\/\/hydraqa.unicity.net\/v5a-test\/items\/4b1b6b6007d154296fd6c4044c789f67","id":{"unicity":"28329"}},"quantity":1,"terms":{"priceEach":284,"taxEach":{"amount":0},"discountEach":{"amount":0},"pvEach":150},"quantityLimit":{"quantityQuota":-1,"timeFrameDays":-1,"quantityOrdered":0}}]},"currency":"CAD"},{"lines":{"items":[{"item":{"href":"https:\/\/hydraqa.unicity.net\/v5a-test\/items\/576e0ebc8d1f5b26fc89bf3cd47a26c6","id":{"unicity":"26572"}},"quantity":1,"terms":{"priceEach":110,"taxEach":{"amount":0},"discountEach":{"amount":0},"pvEach":56},"quantityLimit":{"quantityQuota":-1,"timeFrameDays":-1,"quantityOrdered":0}}]},"currency":"CAD"},{"lines":{"items":[{"item":{"href":"https:\/\/hydraqa.unicity.net\/v5a-test\/items\/702718a42df24a0c9435af2fdc464748","id":{"unicity":"27400"}},"quantity":1,"terms":{"priceEach":53,"taxEach":{"amount":0},"discountEach":{"amount":0},"pvEach":30},"quantityLimit":{"quantityQuota":-1,"timeFrameDays":-1,"quantityOrdered":0}}]},"currency":"CAD"},{"lines":{"items":[{"item":{"href":"https:\/\/hydraqa.unicity.net\/v5a-test\/items\/46ea1edabdcf18f49817c437346958eb","id":{"unicity":"29147"}},"quantity":1,"terms":{"priceEach":85,"taxEach":{"amount":0},"discountEach":{"amount":0},"pvEach":33},"quantityLimit":{"quantityQuota":-1,"timeFrameDays":-1,"quantityOrdered":0}}]},"currency":"CAD"},{"lines":{"items":[{"item":{"href":"https:\/\/hydraqa.unicity.net\/v5a-test\/items\/e77144fa2fcf6a4dc73c15b4d615c1aa","id":{"unicity":"28437"}},"quantity":1,"terms":{"priceEach":85,"taxEach":{"amount":0},"discountEach":{"amount":0},"pvEach":33},"quantityLimit":{"quantityQuota":-1,"timeFrameDays":-1,"quantityOrdered":0}}]},"currency":"CAD"},{"lines":{"items":[{"item":{"href":"https:\/\/hydraqa.unicity.net\/v5a-test\/items\/8407b62b9c4120aa3dfe25c9feb76e4a","id":{"unicity":"28591"}},"quantity":1,"terms":{"priceEach":24,"taxEach":{"amount":0},"discountEach":{"amount":0},"pvEach":15},"quantityLimit":{"quantityQuota":-1,"timeFrameDays":-1,"quantityOrdered":0}}]},"currency":"CAD"},{"lines":{"items":[{"item":{"href":"https:\/\/hydraqa.unicity.net\/v5a-test\/items\/10da226fab00279b4f89df10af2a10b7","id":{"unicity":"26442"}},"quantity":1,"terms":{"priceEach":10,"taxEach":{"amount":0},"discountEach":{"amount":0},"pvEach":0},"quantityLimit":{"quantityQuota":-1,"timeFrameDays":-1,"quantityOrdered":0}}]},"currency":"CAD"},{"lines":{"items":[{"item":{"href":"https:\/\/hydraqa.unicity.net\/v5a-test\/items\/6b12c1e4bef067dceb5ac0ed8c54420d","id":{"unicity":"28096"}},"quantity":1,"terms":{"priceEach":26,"taxEach":{"amount":0},"discountEach":{"amount":0},"pvEach":10},"quantityLimit":{"quantityQuota":-1,"timeFrameDays":-1,"quantityOrdered":0}}]},"currency":"CAD"},{"lines":{"items":[{"item":{"href":"https:\/\/hydraqa.unicity.net\/v5a-test\/items\/60b5ca15c481444657970edde11b04ce","id":{"unicity":"26571"}},"quantity":1,"terms":{"priceEach":110,"taxEach":{"amount":0},"discountEach":{"amount":0},"pvEach":56},"quantityLimit":{"quantityQuota":-1,"timeFrameDays":-1,"quantityOrdered":0}}]},"currency":"CAD"},{"lines":{"items":[{"item":{"href":"https:\/\/hydraqa.unicity.net\/v5a-test\/items\/2ffc1563d3d0fd7121ca5b1c2184988e","id":{"unicity":"28428"}},"quantity":1,"terms":{"priceEach":111,"taxEach":{"amount":0},"discountEach":{"amount":0},"pvEach":62},"quantityLimit":{"quantityQuota":-1,"timeFrameDays":-1,"quantityOrdered":0}}]},"currency":"CAD"},{"lines":{"items":[{"item":{"href":"https:\/\/hydraqa.unicity.net\/v5a-test\/items\/637af131553f5822bef2bb0f0577b2e9","id":{"unicity":"28160"}},"quantity":1,"terms":{"priceEach":118,"taxEach":{"amount":0},"discountEach":{"amount":0},"pvEach":62},"quantityLimit":{"quantityQuota":-1,"timeFrameDays":-1,"quantityOrdered":0}}]},"currency":"CAD"},{"lines":{"items":[{"item":{"href":"https:\/\/hydraqa.unicity.net\/v5a-test\/items\/c4744f6ba328b983bfffc7e1e4416ff3","id":{"unicity":"26565"}},"quantity":1,"terms":{"priceEach":117,"taxEach":{"amount":0},"discountEach":{"amount":0},"pvEach":64},"quantityLimit":{"quantityQuota":-1,"timeFrameDays":-1,"quantityOrdered":0}}]},"currency":"CAD"},{"lines":{"items":[{"item":{"href":"https:\/\/hydraqa.unicity.net\/v5a-test\/items\/fe97499574f54ccd16daec7361208411","id":{"unicity":"26570"}},"quantity":1,"terms":{"priceEach":26,"taxEach":{"amount":0},"discountEach":{"amount":0},"pvEach":13},"quantityLimit":{"quantityQuota":-1,"timeFrameDays":-1,"quantityOrdered":0}}]},"currency":"CAD"},{"lines":{"items":[{"item":{"href":"https:\/\/hydraqa.unicity.net\/v5a-test\/items\/ae14f4659032c9e8591a7ac76abd1ad5","id":{"unicity":"26569"}},"quantity":1,"terms":{"priceEach":50,"taxEach":{"amount":0},"discountEach":{"amount":0},"pvEach":30},"quantityLimit":{"quantityQuota":-1,"timeFrameDays":-1,"quantityOrdered":0}}]},"currency":"CAD"},{"lines":{"items":[{"item":{"href":"https:\/\/hydraqa.unicity.net\/v5a-test\/items\/351c19047c5c800d2db6963b3af5df78","id":{"unicity":"27080"}},"quantity":1,"terms":{"priceEach":67,"taxEach":{"amount":0},"discountEach":{"amount":0},"pvEach":35},"quantityLimit":{"quantityQuota":-1,"timeFrameDays":-1,"quantityOrdered":0}}]},"currency":"CAD"},{"lines":{"items":[{"item":{"href":"https:\/\/hydraqa.unicity.net\/v5a-test\/items\/f847ce37f5942a226f74e671c86709f8","id":{"unicity":"28787"}},"quantity":1,"terms":{"priceEach":39,"taxEach":{"amount":0},"discountEach":{"amount":0},"pvEach":17},"quantityLimit":{"quantityQuota":-1,"timeFrameDays":-1,"quantityOrdered":0}}]},"currency":"CAD"},{"lines":{"items":[{"item":{"href":"https:\/\/hydraqa.unicity.net\/v5a-test\/items\/b24413d1812bb9c95ba6ff7e26bad8ff","id":{"unicity":"26566"}},"quantity":1,"terms":{"priceEach":54,"taxEach":{"amount":0},"discountEach":{"amount":0},"pvEach":32},"quantityLimit":{"quantityQuota":-1,"timeFrameDays":-1,"quantityOrdered":0}}]},"currency":"CAD"},{"lines":{"items":[{"item":{"href":"https:\/\/hydraqa.unicity.net\/v5a-test\/items\/6e0e7450f45cb9412e5b4642dd1469cb","id":{"unicity":"26579"}},"quantity":1,"terms":{"priceEach":24,"taxEach":{"amount":0},"discountEach":{"amount":0},"pvEach":13},"quantityLimit":{"quantityQuota":-1,"timeFrameDays":-1,"quantityOrdered":0}}]},"currency":"CAD"},{"lines":{"items":[{"item":{"href":"https:\/\/hydraqa.unicity.net\/v5a-test\/items\/828f9b5bdbceaa7cd3ca6a4532632635","id":{"unicity":"19356"}},"quantity":1,"terms":{"priceEach":41,"taxEach":{"amount":0},"discountEach":{"amount":0},"pvEach":21},"quantityLimit":{"quantityQuota":-1,"timeFrameDays":-1,"quantityOrdered":0}}]},"currency":"CAD"},{"lines":{"items":[{"item":{"href":"https:\/\/hydraqa.unicity.net\/v5a-test\/items\/a40ede5f6847ec094ad8a38616ced7d0","id":{"unicity":"28100"}},"quantity":1,"terms":{"priceEach":46,"taxEach":{"amount":0},"discountEach":{"amount":0},"pvEach":25},"quantityLimit":{"quantityQuota":-1,"timeFrameDays":-1,"quantityOrdered":0}}]},"currency":"CAD"},{"lines":{"items":[{"item":{"href":"https:\/\/hydraqa.unicity.net\/v5a-test\/items\/991cdbb84a495779eb209fb3956a77e4","id":{"unicity":"29183"}},"quantity":1,"terms":{"priceEach":69,"taxEach":{"amount":0},"discountEach":{"amount":0},"pvEach":24},"quantityLimit":{"quantityQuota":-1,"timeFrameDays":-1,"quantityOrdered":0}}]},"currency":"CAD"},{"lines":{"items":[{"item":{"href":"https:\/\/hydraqa.unicity.net\/v5a-test\/items\/1b0412bea8c0b841c66f65a36aa14108","id":{"unicity":"29191"}},"quantity":1,"terms":{"priceEach":104,"taxEach":{"amount":0},"discountEach":{"amount":0},"pvEach":36},"quantityLimit":{"quantityQuota":-1,"timeFrameDays":-1,"quantityOrdered":0}}]},"currency":"CAD"},{"lines":{"items":[{"item":{"href":"https:\/\/hydraqa.unicity.net\/v5a-test\/items\/e84750c27b2b9f10e6b4d2ab5a1954ba","id":{"unicity":"30115"}},"quantity":1,"terms":{"priceEach":137,"taxEach":{"amount":0},"discountEach":{"amount":0},"pvEach":56},"quantityLimit":{"quantityQuota":-1,"timeFrameDays":-1,"quantityOrdered":0}}]},"currency":"CAD"},{"lines":{"items":[{"item":{"href":"https:\/\/hydraqa.unicity.net\/v5a-test\/items\/42d7ab6b9834716f6ebdd66f1a86d7b1","id":{"unicity":"30980"}},"quantity":1,"terms":{"priceEach":25,"taxEach":{"amount":0},"discountEach":{"amount":0},"pvEach":8},"quantityLimit":{"quantityQuota":-1,"timeFrameDays":-1,"quantityOrdered":0}}]},"currency":"CAD"},{"lines":{"items":[{"item":{"href":"https:\/\/hydraqa.unicity.net\/v5a-test\/items\/0e78fbdfebef11cd62f8d2120064ee58","id":{"unicity":"30280"}},"quantity":1,"terms":{"priceEach":69,"taxEach":{"amount":0},"discountEach":{"amount":0},"pvEach":24},"quantityLimit":{"quantityQuota":-1,"timeFrameDays":-1,"quantityOrdered":0}}]},"currency":"CAD"},{"lines":{"items":[{"item":{"href":"https:\/\/hydraqa.unicity.net\/v5a-test\/items\/5c430db0256426c4b730bc6994a94a02","id":{"unicity":"31773"}},"quantity":1,"terms":{"priceEach":34,"taxEach":{"amount":0},"discountEach":{"amount":0},"pvEach":13},"quantityLimit":{"quantityQuota":-1,"timeFrameDays":-1,"quantityOrdered":0}}]},"currency":"CAD"},{"lines":{"items":[{"item":{"href":"https:\/\/hydraqa.unicity.net\/v5a-test\/items\/cfc721c9fb00317ed614492f65f21460","id":{"unicity":"31288"}},"quantity":1,"terms":{"priceEach":59,"taxEach":{"amount":0},"discountEach":{"amount":0},"pvEach":30},"quantityLimit":{"quantityQuota":-1,"timeFrameDays":-1,"quantityOrdered":0}}]},"currency":"CAD"},{"lines":{"items":[{"item":{"href":"https:\/\/hydraqa.unicity.net\/v5a-test\/items\/9666510b53026f2d730c43746482be9c","id":{"unicity":"31849"}},"quantity":1,"terms":{"priceEach":208,"taxEach":{"amount":0},"discountEach":{"amount":0},"pvEach":100},"quantityLimit":{"quantityQuota":-1,"timeFrameDays":-1,"quantityOrdered":0}}]},"currency":"CAD"}]}
Entry request : {"order":{"customer":{"href":"https://hydraqa.unicity.net/v5a-test/customers?type=PreferredCustomer"},"shipToAddress":{"country":"CA"}},"vary":{"lines":{"items":[{"item":{"href":"https://hydraqa.unicity.net/v5a-test/items?id.unicity=26993|31440|31442|27182|27184|28325|28327|28329|26572|27400|29147|28437|28591|26580|26442|28370|28096|26571|28326|28328|26994|26995|28330|28331|28428|28160|26574|26565|26570|26569|27589|27080|28787|26566|26579|19356|20436|28100|28845|29183|29185|29191|30115|30980|31110|30280|31773|31288|30136|31849"}}]}}}
Request URL: https://hydraqa.unicity.net/v5a-test/customers.js?callback=angular.callbacks._1&expand=customer,profilePicture&id.unicity=2
Request URL: https://hydraqa.unicity.net/v5a-test/customers.js?_httpMethod=HEAD&callback=angular.callbacks._4&email=YTMLFH@gmail.com
Unicity [Date=Tue, 30 Jun 2020 19:08:06 GMT, Content-Type=text/javascript; charset=utf-8, Content-Length=1205, Connection=keep-alive, Set-Cookie=__cfduid=de74eb396643dcef1b79520b84fe2f0ce1593544083; expires=Thu, 30-Jul-20 19:08:03 GMT; path=/; domain=.unicity.net; HttpOnly; SameSite=Lax, X-Powered-By=Express, x-request-id=45fcc621-4b13-4bbf-95e1-d3b126884a95, x-request-release=5-2020063002/master, x-request-uuid=45fcc621-4b13-4bbf-95e1-d3b126884a95, Access-Control-Allow-Origin=http://enroll.ng.unicityqa.com, vary=Accept-Encoding, link=<http://unicity.github.io/Hydra.php/docs/v5/>; rel="help", www-authenticate=Basic realm="Restricted API", cache-control=no-cache, must-revalidate, expires=0, content-language=en-US, x-status-code=200, content-encoding=gzip, x-envoy-upstream-service-time=3126, access-control-expose-headers=x-b3-traceid, x-request-id, ETag=W/"4b5-KZr4vx49jRlnJw/C2cET6xhiFy0", CF-Cache-Status=DYNAMIC, cf-request-id=03a83a1fc800007b0ad2a7f200000001, Expect-CT=max-age=604800, report-uri="https://report-uri.cloudflare.com/cdn-cgi/beacon/expect-ct", Server=cloudflare, CF-RAY=5aba2c794e627b0a-MCI, alt-svc=h3-27=":443"; ma=86400, h3-28=":443"; ma=86400, h3-29=":443"; ma=86400]
sumanB4V2K4
{shipToAddress={zip=B4V2K4, country=CA, city=BRIDGEWATER, address1=Address 1, state=NS}, shippingMethod={href=https://hydraqa.unicity.net/v5a-test/shippingmethods?type=UPS Ground}, lines={items=[{item={href=https://hydraqa.unicity.net/v5a-test/items?id.unicity=26565}, quantity=1}]}, transactions={items=[{method=Coupon, methodDetails={code=Fre3Aut0Sh!p}, type=AuthorizeAndCapture}]}, customer={href=https://hydraqa.unicity.net/v5a-test/customers?type=PreferredCustomer}}
kalyanB4V2K4
Request URL: https://hydraqa.unicity.net/v5a-test/addresses?country=CA&zip=B4V2K4
Entry response : {"items":[{"city":"Bridgewater","state":"NS"}]}
{sponsor=2, gender=male, city=BRIDGEWATER, cartprice=117.0, enroller=2, arpack=Prime Health Pack - Cholesterol/Energy/Vanilla, language=English, locale=en, type=PreferredCustomer, platform=QA, lname=TestLastName, password=Unicity, genderoption=Male, Currency=USD, api=4, state=[NS], email=YTMLFH@gmail.com, zip=B4V2K4, fname=TestFirstName, prefferd=Canada, address2=Address 2, address1=Address 1, shippingmethod=type=UPS Ground, version=v5a-test/, testcase=normal, market=Canada, aritemcode=26993, referral=yes, martial=Married, phone=9823746323, proto=https://hydraqa.unicity.net/, marketcode=CA, maritaloption=Married, ccname=CCNameTest}
Request URL: https://hydraqa.unicity.net/v5a-test/orders.js
Entry request : {"customer":{"mainAddress":{"city":"BRIDGEWATER","country":"CA","state":"NS","zip":"B4V2K4","address1":"Address 1","address2":"Address 2"},"humanName":{"firstName":"TestFirstName","lastName":"TestLastName"},"email":"YTMLFH@gmail.com","preferredLocale":"en-CA","password":{"value":"Unicity"},"gender":"male","maritalStatus":"Married","type":"PreferredCustomer","creditcardaliases":[{"methodDetails":{"creditCardNumber":"4111111111111111","payer":"TestFirstName TestLastName","creditCardExpires":"2020-10"},"billToName":{"firstName":"TestFirstName","lastName":"TestLastName"},"billToAddress":{"address1":"Address 1","address2":"Address 2","city":"BRIDGEWATER","state":"NS","zip":"B4V2K4","country":"CA"}}],"sponsor":{"href":"https://hydraqa.unicity.net/v5a-test/customers?id.unicity=2"},"enroller":{"href":"https://hydraqa.unicity.net/v5a-test/customers?id.unicity=2"},"homePhone":"9823746323","autoorders":{"items":[{"recurrence":{"schedule":{"month":"*","dayOfMonth":"5"},"status":"Enabled"},"lines":{"items":[{"item":{"href":"https://hydraqa.unicity.net/v5a-test/items?id.unicity=26993"},"quantity":1}]},"shipToName":{"firstName":"TestFirstName","lastName":"TestLastName"},"shipToPhone":"9823746323","shipToEmail":"YTMLFH@gmail.com","shipToAddress":{"city":"BRIDGEWATER","country":"CA","state":"NS","address1":"Address 1","address2":"Address 2","zip":"B4V2K4"},"shippingMethod":{"href":"https://hydraqa.unicity.net/v5a-test/shippingmethods?type=UPS Ground"},"transactions":{"items":[{"amount":"this.terms.total","type":"AuthorizeAndCapture","method":"CreditCardAlias","methodDetails":{"alias":"this.customer.creditcardaliases[0].alias"}}]}}]},"rights":[]},"lines":{"items":[{"item":{"href":"https://hydraqa.unicity.net/v5a-test/items?id.unicity=26565"},"quantity":1}]},"shipToName":{"firstName":"TestFirstName","lastName":"TestLastName"},"shipToPhone":"9823746323","shipToEmail":"YTMLFH@gmail.com","shipToAddress":{"city":"BRIDGEWATER","country":"CA","state":"NS","address1":"Address 1","address2":"Address 2","zip":"B4V2K4"},"shippingMethod":{"href":"https://hydraqa.unicity.net/v5a-test/shippingmethods?type=UPS Ground"},"notes":"","transactions":{"items":[{"amount":"this.terms.total","type":"AuthorizeAndCapture","method":"CreditCard","methodDetails":{"creditCardNumber":"4111111111111111","payer":"CCNameTest","creditCardExpires":"2020-10","creditCardSecurityCode":"123"},"billToAddress":{"address1":"Address 1","address2":"Address 2","city":"BRIDGEWATER","state":"NS","zip":"B4V2K4","country":"CA"}},{"type":"AuthorizeAndCapture","method":"Coupon","methodDetails":{"code":"Fre3Aut0Sh!p"}}]}}
Entry response : {"meta":{"Link":"<http:\/\/unicity.github.io\/Hydra.php\/docs\/v5\/>; rel=\"help\"","X-Request-UUID":"c364f5ff-0584-454b-a7ba-db2ec6812da7","X-Request-Release":"5-2020063002\/master","WWW-Authenticate":"Basic realm=\"Restricted API\"","Cache-Control":"no-cache, must-revalidate","Expires":"0","X-Powered-By":"Luracast Restler v3.0.0rc5","Content-Type":"text\/javascript; charset=utf-8","Content-Language":"en","X-Status-Code":"402"},"data":{"error":{"code":402,"message":"Payment Required","error_code":"3009","error_message":"Could not authorize and capture credit card payment. Error #C6Y4R","upstream_error_message":"Valid security code required."}}}
Headers-->keep-alive
Headers-->2598
Headers-->application/json, text/plain, */*
Headers-->en-CA
Headers-->application/json;charset=UTF-8
]]></system-out>
    <system-err><![CDATA[Starting ChromeDriver 2.36.540470 (e522d04694c7ebea4ba8821272dbef4f9b818c91) on port 32344
Only local connections are allowed.
Jun 30, 2020 1:05:44 PM org.openqa.selenium.remote.ProtocolHandshake createSession
INFO: Detected dialect: OSS
]]></system-err>
  </testcase>
  <testcase name="Enroll" classname="Tests.PrefferedCustomer" time="185.597">
    <failure message="Major Market expected [CA] but found [null]" type="java.lang.AssertionError">java.lang.AssertionError: Major Market expected [CA] but found [null]
	at Tests.PrefferedCustomer.Enroll(PrefferedCustomer.java:104)
</failure>
    <system-out><![CDATA[Request URL: https://hydraqa.unicity.net/v5a-test/quotes?&expand=item
Entry Quotes response : {"items":[{"lines":{"items":[{"item":{"href":"https:\/\/hydraqa.unicity.net\/v5a-test\/items\/bb1a7c3a2902e2cbc4cb2a22fdf1f499","id":{"unicity":"26993"}},"quantity":1,"terms":{"priceEach":284,"taxEach":{"amount":0},"discountEach":{"amount":0},"pvEach":150},"quantityLimit":{"quantityQuota":-1,"timeFrameDays":-1,"quantityOrdered":0}}]},"currency":"CAD"},{"lines":{"items":[{"item":{"href":"https:\/\/hydraqa.unicity.net\/v5a-test\/items\/4b1b6b6007d154296fd6c4044c789f67","id":{"unicity":"28329"}},"quantity":1,"terms":{"priceEach":284,"taxEach":{"amount":0},"discountEach":{"amount":0},"pvEach":150},"quantityLimit":{"quantityQuota":-1,"timeFrameDays":-1,"quantityOrdered":0}}]},"currency":"CAD"},{"lines":{"items":[{"item":{"href":"https:\/\/hydraqa.unicity.net\/v5a-test\/items\/576e0ebc8d1f5b26fc89bf3cd47a26c6","id":{"unicity":"26572"}},"quantity":1,"terms":{"priceEach":110,"taxEach":{"amount":0},"discountEach":{"amount":0},"pvEach":56},"quantityLimit":{"quantityQuota":-1,"timeFrameDays":-1,"quantityOrdered":0}}]},"currency":"CAD"},{"lines":{"items":[{"item":{"href":"https:\/\/hydraqa.unicity.net\/v5a-test\/items\/702718a42df24a0c9435af2fdc464748","id":{"unicity":"27400"}},"quantity":1,"terms":{"priceEach":53,"taxEach":{"amount":0},"discountEach":{"amount":0},"pvEach":30},"quantityLimit":{"quantityQuota":-1,"timeFrameDays":-1,"quantityOrdered":0}}]},"currency":"CAD"},{"lines":{"items":[{"item":{"href":"https:\/\/hydraqa.unicity.net\/v5a-test\/items\/46ea1edabdcf18f49817c437346958eb","id":{"unicity":"29147"}},"quantity":1,"terms":{"priceEach":85,"taxEach":{"amount":0},"discountEach":{"amount":0},"pvEach":33},"quantityLimit":{"quantityQuota":-1,"timeFrameDays":-1,"quantityOrdered":0}}]},"currency":"CAD"},{"lines":{"items":[{"item":{"href":"https:\/\/hydraqa.unicity.net\/v5a-test\/items\/e77144fa2fcf6a4dc73c15b4d615c1aa","id":{"unicity":"28437"}},"quantity":1,"terms":{"priceEach":85,"taxEach":{"amount":0},"discountEach":{"amount":0},"pvEach":33},"quantityLimit":{"quantityQuota":-1,"timeFrameDays":-1,"quantityOrdered":0}}]},"currency":"CAD"},{"lines":{"items":[{"item":{"href":"https:\/\/hydraqa.unicity.net\/v5a-test\/items\/8407b62b9c4120aa3dfe25c9feb76e4a","id":{"unicity":"28591"}},"quantity":1,"terms":{"priceEach":24,"taxEach":{"amount":0},"discountEach":{"amount":0},"pvEach":15},"quantityLimit":{"quantityQuota":-1,"timeFrameDays":-1,"quantityOrdered":0}}]},"currency":"CAD"},{"lines":{"items":[{"item":{"href":"https:\/\/hydraqa.unicity.net\/v5a-test\/items\/10da226fab00279b4f89df10af2a10b7","id":{"unicity":"26442"}},"quantity":1,"terms":{"priceEach":10,"taxEach":{"amount":0},"discountEach":{"amount":0},"pvEach":0},"quantityLimit":{"quantityQuota":-1,"timeFrameDays":-1,"quantityOrdered":0}}]},"currency":"CAD"},{"lines":{"items":[{"item":{"href":"https:\/\/hydraqa.unicity.net\/v5a-test\/items\/6b12c1e4bef067dceb5ac0ed8c54420d","id":{"unicity":"28096"}},"quantity":1,"terms":{"priceEach":26,"taxEach":{"amount":0},"discountEach":{"amount":0},"pvEach":10},"quantityLimit":{"quantityQuota":-1,"timeFrameDays":-1,"quantityOrdered":0}}]},"currency":"CAD"},{"lines":{"items":[{"item":{"href":"https:\/\/hydraqa.unicity.net\/v5a-test\/items\/60b5ca15c481444657970edde11b04ce","id":{"unicity":"26571"}},"quantity":1,"terms":{"priceEach":110,"taxEach":{"amount":0},"discountEach":{"amount":0},"pvEach":56},"quantityLimit":{"quantityQuota":-1,"timeFrameDays":-1,"quantityOrdered":0}}]},"currency":"CAD"},{"lines":{"items":[{"item":{"href":"https:\/\/hydraqa.unicity.net\/v5a-test\/items\/2ffc1563d3d0fd7121ca5b1c2184988e","id":{"unicity":"28428"}},"quantity":1,"terms":{"priceEach":111,"taxEach":{"amount":0},"discountEach":{"amount":0},"pvEach":62},"quantityLimit":{"quantityQuota":-1,"timeFrameDays":-1,"quantityOrdered":0}}]},"currency":"CAD"},{"lines":{"items":[{"item":{"href":"https:\/\/hydraqa.unicity.net\/v5a-test\/items\/637af131553f5822bef2bb0f0577b2e9","id":{"unicity":"28160"}},"quantity":1,"terms":{"priceEach":118,"taxEach":{"amount":0},"discountEach":{"amount":0},"pvEach":62},"quantityLimit":{"quantityQuota":-1,"timeFrameDays":-1,"quantityOrdered":0}}]},"currency":"CAD"},{"lines":{"items":[{"item":{"href":"https:\/\/hydraqa.unicity.net\/v5a-test\/items\/c4744f6ba328b983bfffc7e1e4416ff3","id":{"unicity":"26565"}},"quantity":1,"terms":{"priceEach":117,"taxEach":{"amount":0},"discountEach":{"amount":0},"pvEach":64},"quantityLimit":{"quantityQuota":-1,"timeFrameDays":-1,"quantityOrdered":0}}]},"currency":"CAD"},{"lines":{"items":[{"item":{"href":"https:\/\/hydraqa.unicity.net\/v5a-test\/items\/fe97499574f54ccd16daec7361208411","id":{"unicity":"26570"}},"quantity":1,"terms":{"priceEach":26,"taxEach":{"amount":0},"discountEach":{"amount":0},"pvEach":13},"quantityLimit":{"quantityQuota":-1,"timeFrameDays":-1,"quantityOrdered":0}}]},"currency":"CAD"},{"lines":{"items":[{"item":{"href":"https:\/\/hydraqa.unicity.net\/v5a-test\/items\/ae14f4659032c9e8591a7ac76abd1ad5","id":{"unicity":"26569"}},"quantity":1,"terms":{"priceEach":50,"taxEach":{"amount":0},"discountEach":{"amount":0},"pvEach":30},"quantityLimit":{"quantityQuota":-1,"timeFrameDays":-1,"quantityOrdered":0}}]},"currency":"CAD"},{"lines":{"items":[{"item":{"href":"https:\/\/hydraqa.unicity.net\/v5a-test\/items\/351c19047c5c800d2db6963b3af5df78","id":{"unicity":"27080"}},"quantity":1,"terms":{"priceEach":67,"taxEach":{"amount":0},"discountEach":{"amount":0},"pvEach":35},"quantityLimit":{"quantityQuota":-1,"timeFrameDays":-1,"quantityOrdered":0}}]},"currency":"CAD"},{"lines":{"items":[{"item":{"href":"https:\/\/hydraqa.unicity.net\/v5a-test\/items\/f847ce37f5942a226f74e671c86709f8","id":{"unicity":"28787"}},"quantity":1,"terms":{"priceEach":39,"taxEach":{"amount":0},"discountEach":{"amount":0},"pvEach":17},"quantityLimit":{"quantityQuota":-1,"timeFrameDays":-1,"quantityOrdered":0}}]},"currency":"CAD"},{"lines":{"items":[{"item":{"href":"https:\/\/hydraqa.unicity.net\/v5a-test\/items\/b24413d1812bb9c95ba6ff7e26bad8ff","id":{"unicity":"26566"}},"quantity":1,"terms":{"priceEach":54,"taxEach":{"amount":0},"discountEach":{"amount":0},"pvEach":32},"quantityLimit":{"quantityQuota":-1,"timeFrameDays":-1,"quantityOrdered":0}}]},"currency":"CAD"},{"lines":{"items":[{"item":{"href":"https:\/\/hydraqa.unicity.net\/v5a-test\/items\/6e0e7450f45cb9412e5b4642dd1469cb","id":{"unicity":"26579"}},"quantity":1,"terms":{"priceEach":24,"taxEach":{"amount":0},"discountEach":{"amount":0},"pvEach":13},"quantityLimit":{"quantityQuota":-1,"timeFrameDays":-1,"quantityOrdered":0}}]},"currency":"CAD"},{"lines":{"items":[{"item":{"href":"https:\/\/hydraqa.unicity.net\/v5a-test\/items\/828f9b5bdbceaa7cd3ca6a4532632635","id":{"unicity":"19356"}},"quantity":1,"terms":{"priceEach":41,"taxEach":{"amount":0},"discountEach":{"amount":0},"pvEach":21},"quantityLimit":{"quantityQuota":-1,"timeFrameDays":-1,"quantityOrdered":0}}]},"currency":"CAD"},{"lines":{"items":[{"item":{"href":"https:\/\/hydraqa.unicity.net\/v5a-test\/items\/a40ede5f6847ec094ad8a38616ced7d0","id":{"unicity":"28100"}},"quantity":1,"terms":{"priceEach":46,"taxEach":{"amount":0},"discountEach":{"amount":0},"pvEach":25},"quantityLimit":{"quantityQuota":-1,"timeFrameDays":-1,"quantityOrdered":0}}]},"currency":"CAD"},{"lines":{"items":[{"item":{"href":"https:\/\/hydraqa.unicity.net\/v5a-test\/items\/991cdbb84a495779eb209fb3956a77e4","id":{"unicity":"29183"}},"quantity":1,"terms":{"priceEach":69,"taxEach":{"amount":0},"discountEach":{"amount":0},"pvEach":24},"quantityLimit":{"quantityQuota":-1,"timeFrameDays":-1,"quantityOrdered":0}}]},"currency":"CAD"},{"lines":{"items":[{"item":{"href":"https:\/\/hydraqa.unicity.net\/v5a-test\/items\/1b0412bea8c0b841c66f65a36aa14108","id":{"unicity":"29191"}},"quantity":1,"terms":{"priceEach":104,"taxEach":{"amount":0},"discountEach":{"amount":0},"pvEach":36},"quantityLimit":{"quantityQuota":-1,"timeFrameDays":-1,"quantityOrdered":0}}]},"currency":"CAD"},{"lines":{"items":[{"item":{"href":"https:\/\/hydraqa.unicity.net\/v5a-test\/items\/e84750c27b2b9f10e6b4d2ab5a1954ba","id":{"unicity":"30115"}},"quantity":1,"terms":{"priceEach":137,"taxEach":{"amount":0},"discountEach":{"amount":0},"pvEach":56},"quantityLimit":{"quantityQuota":-1,"timeFrameDays":-1,"quantityOrdered":0}}]},"currency":"CAD"},{"lines":{"items":[{"item":{"href":"https:\/\/hydraqa.unicity.net\/v5a-test\/items\/42d7ab6b9834716f6ebdd66f1a86d7b1","id":{"unicity":"30980"}},"quantity":1,"terms":{"priceEach":25,"taxEach":{"amount":0},"discountEach":{"amount":0},"pvEach":8},"quantityLimit":{"quantityQuota":-1,"timeFrameDays":-1,"quantityOrdered":0}}]},"currency":"CAD"},{"lines":{"items":[{"item":{"href":"https:\/\/hydraqa.unicity.net\/v5a-test\/items\/0e78fbdfebef11cd62f8d2120064ee58","id":{"unicity":"30280"}},"quantity":1,"terms":{"priceEach":69,"taxEach":{"amount":0},"discountEach":{"amount":0},"pvEach":24},"quantityLimit":{"quantityQuota":-1,"timeFrameDays":-1,"quantityOrdered":0}}]},"currency":"CAD"},{"lines":{"items":[{"item":{"href":"https:\/\/hydraqa.unicity.net\/v5a-test\/items\/5c430db0256426c4b730bc6994a94a02","id":{"unicity":"31773"}},"quantity":1,"terms":{"priceEach":34,"taxEach":{"amount":0},"discountEach":{"amount":0},"pvEach":13},"quantityLimit":{"quantityQuota":-1,"timeFrameDays":-1,"quantityOrdered":0}}]},"currency":"CAD"},{"lines":{"items":[{"item":{"href":"https:\/\/hydraqa.unicity.net\/v5a-test\/items\/cfc721c9fb00317ed614492f65f21460","id":{"unicity":"31288"}},"quantity":1,"terms":{"priceEach":59,"taxEach":{"amount":0},"discountEach":{"amount":0},"pvEach":30},"quantityLimit":{"quantityQuota":-1,"timeFrameDays":-1,"quantityOrdered":0}}]},"currency":"CAD"},{"lines":{"items":[{"item":{"href":"https:\/\/hydraqa.unicity.net\/v5a-test\/items\/9666510b53026f2d730c43746482be9c","id":{"unicity":"31849"}},"quantity":1,"terms":{"priceEach":208,"taxEach":{"amount":0},"discountEach":{"amount":0},"pvEach":100},"quantityLimit":{"quantityQuota":-1,"timeFrameDays":-1,"quantityOrdered":0}}]},"currency":"CAD"}]}
Entry request : {"order":{"customer":{"href":"https://hydraqa.unicity.net/v5a-test/customers?type=PreferredCustomer"},"shipToAddress":{"country":"CA"}},"vary":{"lines":{"items":[{"item":{"href":"https://hydraqa.unicity.net/v5a-test/items?id.unicity=26993|31440|31442|27182|27184|28325|28327|28329|26572|27400|29147|28437|28591|26580|26442|28370|28096|26571|28326|28328|26994|26995|28330|28331|28428|28160|26574|26565|26570|26569|27589|27080|28787|26566|26579|19356|20436|28100|28845|29183|29185|29191|30115|30980|31110|30280|31773|31288|30136|31849"}}]}}}
Request URL: https://hydraqa.unicity.net/v5a-test/customers.js?callback=angular.callbacks._1&expand=customer,profilePicture&id.unicity=2
Request URL: https://hydraqa.unicity.net/v5a-test/customers.js?_httpMethod=HEAD&callback=angular.callbacks._4&email=YRTGOB@gmail.com
Unicity [Date=Tue, 30 Jun 2020 19:11:20 GMT, Content-Type=text/javascript; charset=utf-8, Content-Length=1409, Connection=keep-alive, Set-Cookie=__cfduid=dd96e092e082ff2297f1f092bc4af9e631593544277; expires=Thu, 30-Jul-20 19:11:17 GMT; path=/; domain=.unicity.net; HttpOnly; SameSite=Lax, X-Powered-By=Express, x-request-id=5c225ff8-d266-495d-874b-10dea5786225, x-request-release=5-2020063002/master, x-request-uuid=5c225ff8-d266-495d-874b-10dea5786225, Access-Control-Allow-Origin=http://enroll.ng.unicityqa.com, vary=Accept-Encoding, link=<http://unicity.github.io/Hydra.php/docs/v5/>; rel="help", www-authenticate=Basic realm="Restricted API", cache-control=no-cache, must-revalidate, expires=0, content-language=en-US, x-status-code=200, content-encoding=gzip, x-envoy-upstream-service-time=3288, access-control-expose-headers=x-b3-traceid, x-request-id, ETag=W/"581-aP9IOzgxa2PFvxcwMbu7IackePs", CF-Cache-Status=DYNAMIC, cf-request-id=03a83d16490000fbbc0b0e5200000001, Expect-CT=max-age=604800, report-uri="https://report-uri.cloudflare.com/cdn-cgi/beacon/expect-ct", Server=cloudflare, CF-RAY=5aba3136dba2fbbc-MCI, alt-svc=h3-27=":443"; ma=86400, h3-28=":443"; ma=86400, h3-29=":443"; ma=86400]
sumanB4V2K4
{shipToAddress={zip=B4V2K4, country=CA, city=BRIDGEWATER, address1=Address 1, state=NS}, shippingMethod={href=https://hydraqa.unicity.net/v5a-test/shippingmethods?type=Canada Post}, lines={items=[{item={href=https://hydraqa.unicity.net/v5a-test/items?id.unicity=26565}, quantity=1}, {item={href=https://hydraqa.unicity.net/v5a-test/items?id.unicity=28329}, quantity=1}]}, transactions={items=[{method=Coupon, methodDetails={code=Fre3Aut0Sh!p}, type=AuthorizeAndCapture}]}, customer={href=https://hydraqa.unicity.net/v5a-test/customers?type=PreferredCustomer}}
kalyanB4V2K4
Request URL: https://hydraqa.unicity.net/v5a-test/addresses?country=CA&zip=B4V2K4
Entry response : {"items":[{"city":"Bridgewater","state":"NS"}]}
{sponsor=2, gender=male, city=BRIDGEWATER, cartprice=401.0, enroller=2, arpack=Prime Health Pack - Cholesterol/Energy/Vanilla, language=Français, locale=fr, type=PreferredCustomer, platform=QA, lname=TestLastName, password=Unicity, genderoption=Homme, Currency=USD, api=4, state=[NS], email=YRTGOB@gmail.com, zip=B4V2K4, fname=TestFirstName, prefferd=Canada, address2=Address 2, address1=Address 1, shippingmethod=type=Canada Post, version=v5a-test/, testcase=normal, market=Canada, aritemcode=26993, referral=yes, martial=Single, phone=9823746323, proto=https://hydraqa.unicity.net/, marketcode=CA, maritaloption=Célibataire, ccname=CCNameTest}
Request URL: https://hydraqa.unicity.net/v5a-test/orders.js
Entry request : {"customer":{"mainAddress":{"city":"BRIDGEWATER","country":"CA","state":"NS","zip":"B4V2K4","address1":"Address 1","address2":"Address 2"},"humanName":{"firstName":"TestFirstName","lastName":"TestLastName"},"email":"YRTGOB@gmail.com","preferredLocale":"fr-CA","password":{"value":"Unicity"},"gender":"male","maritalStatus":"Single","type":"PreferredCustomer","creditcardaliases":[{"methodDetails":{"creditCardNumber":"4111111111111111","payer":"TestFirstName TestLastName","creditCardExpires":"2020-10"},"billToName":{"firstName":"TestFirstName","lastName":"TestLastName"},"billToAddress":{"address1":"Address 1","address2":"Address 2","city":"BRIDGEWATER","state":"NS","zip":"B4V2K4","country":"CA"}}],"sponsor":{"href":"https://hydraqa.unicity.net/v5a-test/customers?id.unicity=2"},"enroller":{"href":"https://hydraqa.unicity.net/v5a-test/customers?id.unicity=2"},"homePhone":"9823746323","autoorders":{"items":[{"recurrence":{"schedule":{"month":"*","dayOfMonth":"5"},"status":"Enabled"},"lines":{"items":[{"item":{"href":"https://hydraqa.unicity.net/v5a-test/items?id.unicity=26993"},"quantity":1}]},"shipToName":{"firstName":"TestFirstName","lastName":"TestLastName"},"shipToPhone":"9823746323","shipToEmail":"YRTGOB@gmail.com","shipToAddress":{"city":"BRIDGEWATER","country":"CA","state":"NS","address1":"Address 1","address2":"Address 2","zip":"B4V2K4"},"shippingMethod":{"href":"https://hydraqa.unicity.net/v5a-test/shippingmethods?type=Canada Post"},"transactions":{"items":[{"amount":"this.terms.total","type":"AuthorizeAndCapture","method":"CreditCardAlias","methodDetails":{"alias":"this.customer.creditcardaliases[0].alias"}}]}}]},"rights":[]},"lines":{"items":[{"item":{"href":"https://hydraqa.unicity.net/v5a-test/items?id.unicity=26565"},"quantity":1},{"item":{"href":"https://hydraqa.unicity.net/v5a-test/items?id.unicity=28329"},"quantity":1}]},"shipToName":{"firstName":"TestFirstName","lastName":"TestLastName"},"shipToPhone":"9823746323","shipToEmail":"YRTGOB@gmail.com","shipToAddress":{"city":"BRIDGEWATER","country":"CA","state":"NS","address1":"Address 1","address2":"Address 2","zip":"B4V2K4"},"shippingMethod":{"href":"https://hydraqa.unicity.net/v5a-test/shippingmethods?type=Canada Post"},"notes":"","transactions":{"items":[{"amount":"this.terms.total","type":"AuthorizeAndCapture","method":"CreditCard","methodDetails":{"creditCardNumber":"4111111111111111","payer":"CCNameTest","creditCardExpires":"2020-10","creditCardSecurityCode":"123"},"billToAddress":{"address1":"Address 1","address2":"Address 2","city":"BRIDGEWATER","state":"NS","zip":"B4V2K4","country":"CA"}},{"type":"AuthorizeAndCapture","method":"Coupon","methodDetails":{"code":"Fre3Aut0Sh!p"}}]}}
Entry response : {"meta":{"Link":"<http:\/\/unicity.github.io\/Hydra.php\/docs\/v5\/>; rel=\"help\"","X-Request-UUID":"144cecc2-b3e3-4b21-9684-bb734f205326","X-Request-Release":"5-2020063002\/master","WWW-Authenticate":"Basic realm=\"Restricted API\"","Cache-Control":"no-cache, must-revalidate","Expires":"0","X-Powered-By":"Luracast Restler v3.0.0rc5","Content-Type":"text\/javascript; charset=utf-8","Content-Language":"en","X-Status-Code":"402"},"data":{"error":{"code":402,"message":"Payment Required","error_code":"3009","error_message":"Could not authorize and capture credit card payment. Error #C9W3R","upstream_error_message":"Valid security code required."}}}
Headers-->keep-alive
Headers-->2692
Headers-->application/json, text/plain, */*
Headers-->fr-CA
Headers-->application/json;charset=UTF-8
]]></system-out>
    <system-err><![CDATA[Starting ChromeDriver 2.36.540470 (e522d04694c7ebea4ba8821272dbef4f9b818c91) on port 41532
Only local connections are allowed.
Jun 30, 2020 1:08:58 PM org.openqa.selenium.remote.ProtocolHandshake createSession
INFO: Detected dialect: OSS
]]></system-err>
  </testcase>
  <testcase name="Enroll" classname="Tests.PrefferedCustomer" time="144.196">
    <failure message="Major zip code expected [null] but found []" type="java.lang.AssertionError">java.lang.AssertionError: Major zip code expected [null] but found []
	at Tests.PrefferedCustomer.Enroll(PrefferedCustomer.java:104)
</failure>
    <system-out><![CDATA[Request URL: https://hydraqa.unicity.net/v5a-test/customers.js?_httpMethod=HEAD&callback=angular.callbacks._5&email=ZAOASL@gmail.com
{sponsor=2, gender=male, city=TestCity, cartprice=180.0, enroller=2, language=Español, locale=es, type=PreferredCustomer, platform=QA, lname=TestLastName, password=Unicity, genderoption=Masculino, Currency=USD, api=5, email=ZAOASL@gmail.com, fname=TestFirstName, prefferd=Colombia, address2=Address 2, address1=Address 1, shippingmethod=type=WillCall&location=Bogota, Recoger, version=v5a-test/, testcase=normal, market=Colombia, referral=yes, martial=Single, phone=9823746323, proto=https://hydraqa.unicity.net/, marketcode=CO, maritaloption=Soltero, ccname=CCNameTest}
Request URL: https://hydraqa.unicity.net/v5a-test/orders.js
Entry request : {"customer":{"mainAddress":{"city":"TestCity","country":"CO","state":"VID","zip":"","address1":"Address 1","address2":"Address 2"},"humanName":{"firstName":"TestFirstName","lastName":"TestLastName"},"email":"ZAOASL@gmail.com","preferredLocale":"es-CO","password":{"value":"Unicity"},"gender":"male","maritalStatus":"Single","type":"PreferredCustomer","sponsor":{"href":"https://hydraqa.unicity.net/v5a-test/customers?id.unicity=2"},"enroller":{"href":"https://hydraqa.unicity.net/v5a-test/customers?id.unicity=2"},"homePhone":"9823746323","rights":[]},"lines":{"items":[{"item":{"href":"https://hydraqa.unicity.net/v5a-test/items?id.unicity=29564"},"quantity":1}]},"shipToName":{"firstName":"TestFirstName","lastName":"TestLastName"},"shipToPhone":"9823746323","shipToEmail":"ZAOASL@gmail.com","shipToAddress":{"city":"TestCity","country":"CO","state":"VID","address1":"Address 1","address2":"Address 2","zip":""},"shippingMethod":{"href":"https://hydraqa.unicity.net/v5a-test/shippingmethods?type=WillCall&location=Bogota, Recoger"},"notes":"","transactions":{"items":[{"amount":"this.terms.total","type":"AuthorizeAndCapture","method":"CreditCard","methodDetails":{"creditCardNumber":"4111111111111111","payer":"CCNameTest","creditCardExpires":"2020-10","creditCardSecurityCode":"123"}}]}}
Entry response : {"meta":{"Link":"<http:\/\/unicity.github.io\/Hydra.php\/docs\/v5\/>; rel=\"help\"","X-Request-UUID":"0eaa2ec5-debd-42ca-98c1-2759dd2db5bb","X-Request-Release":"5-2020063002\/master","WWW-Authenticate":"Basic realm=\"Restricted API\"","Cache-Control":"no-cache, must-revalidate","Expires":"0","X-Powered-By":"Luracast Restler v3.0.0rc5","Content-Type":"text\/javascript; charset=utf-8","Content-Language":"en","X-Status-Code":"201"},"data":{"market":"CO","notes":"","shippingMethod":{"type":"WillCall","location":"Bogota, Recoger","href":"https:\/\/hydraqa.unicity.net\/v5a-test\/shippingmethods?type=WillCall&location=Bogota, Recoger"},"shipToAddress":{"country":"CO","state":"VID","city":"TestCity","zip":"","address1":"Address 1","address2":"Address 2"},"shipToEmail":"ZAOASL@gmail.com","shipToName":{"firstName":"TestFirstName","lastName":"TestLastName"},"shipToPhone":"9823746323","shipToTime":null,"source":null,"type":null,"lines":{"items":[{"quantity":1,"item":{"href":"https:\/\/hydraqa.unicity.net\/v5a-test\/items?id.unicity=29564","id":{"unicity":"29564"}}}]},"transactions":{"items":null},"terms":{"discount":{"amount":0},"freight":{"amount":0},"period":"2019-11","pv":25,"subtotal":180000,"tax":{"amount":28740},"taxableTotal":151260,"total":180000},"dateCreated":"2020-06-30T13:14:17-06:00","currency":"COP","giftReceipt":false,"customer":{"humanName":{"firstName":"TestFirstName","lastName":"TestLastName"},"mainAddress":{"city":"TestCity","country":"CO","state":"VID","zip":"","address1":"Address 1","address2":"Address 2"},"type":"PreferredCustomer","email":"ZAOASL@gmail.com","gender":"male","password":{"value":"Unicity"},"enroller":{"href":"https:\/\/hydraqa.unicity.net\/v5a-test\/customers\/f0cbfab7062ed827a4e700264e473f1d","id":{"unicity":2},"email":"danw@infotraxsys.com","humanName":{"fullName":"Referral Program"}},"sponsor":{"href":"https:\/\/hydraqa.unicity.net\/v5a-test\/customers\/f0cbfab7062ed827a4e700264e473f1d","id":{"unicity":2},"email":"danw@infotraxsys.com","humanName":{"fullName":"Referral Program"}},"homePhone":"9823746323","preferredLocale":"es-CO","maritalStatus":"Single","rights":[],"status":"Active","id":{"unicity":"201057958"},"href":"https:\/\/hydraqa.unicity.net\/v5a-test\/customers\/ffea228823d5fbf06079d82f4f741ac0456e0161e21dfc235498c13077bac38a","token":"3a672d2a-c112-4c37-8928-ede284bbdffc"},"id":{"unicity":"58-8772185"},"href":"https:\/\/hydraqa.unicity.net\/v5a-test\/orders\/706ccec81bedfdbffff9d4b7af0208ec5b4b082269dc2a54b7fe3cf5614cbb5e"}}
Headers-->keep-alive
Headers-->1291
Headers-->application/json, text/plain, */*
Headers-->es-CO
Headers-->application/json;charset=UTF-8
]]></system-out>
    <system-err><![CDATA[Starting ChromeDriver 2.36.540470 (e522d04694c7ebea4ba8821272dbef4f9b818c91) on port 21445
Only local connections are allowed.
Jun 30, 2020 1:12:11 PM org.openqa.selenium.remote.ProtocolHandshake createSession
INFO: Detected dialect: OSS
]]></system-err>
  </testcase>
  <testcase name="Enroll" classname="Tests.PrefferedCustomer" time="265.391"/>
  <testcase name="Enroll" classname="Tests.PrefferedCustomer" time="113.967">
    <failure message="expected [OXXO] but found [SCOTIABANK]" type="java.lang.AssertionError">java.lang.AssertionError: expected [OXXO] but found [SCOTIABANK]
	at Tests.PrefferedCustomer.Enroll(PrefferedCustomer.java:103)
</failure>
    <system-out><![CDATA[Request URL: https://hydraqa.unicity.net/v5a-test/quotes?&expand=item
Entry Quotes response : {"items":[{"lines":{"items":[{"item":{"href":"https:\/\/hydraqa.unicity.net\/v5a-test\/items\/10da226fab00279b4f89df10af2a10b7","id":{"unicity":"26442"}},"quantity":1,"terms":{"priceEach":125,"taxEach":{"amount":20},"discountEach":{"amount":0},"pvEach":0},"quantityLimit":{"quantityQuota":-1,"timeFrameDays":-1,"quantityOrdered":0}}]},"currency":"MXN"},{"lines":{"items":[{"item":{"href":"https:\/\/hydraqa.unicity.net\/v5a-test\/items\/c522889845fe5b5a6bd790ca481a05b6","id":{"unicity":"26443"}},"quantity":1,"terms":{"priceEach":104.31,"taxEach":{"amount":16.69},"discountEach":{"amount":0},"pvEach":0},"quantityLimit":{"quantityQuota":-1,"timeFrameDays":-1,"quantityOrdered":0}}]},"currency":"MXN"},{"lines":{"items":[{"item":{"href":"https:\/\/hydraqa.unicity.net\/v5a-test\/items\/3ef5e4a8e113bbbd66ea046b24ce80d1","id":{"unicity":"27721"}},"quantity":1,"terms":{"priceEach":1353.45,"taxEach":{"amount":216.55},"discountEach":{"amount":0},"pvEach":52},"quantityLimit":{"quantityQuota":-1,"timeFrameDays":-1,"quantityOrdered":0}}]},"currency":"MXN"},{"lines":{"items":[{"item":{"href":"https:\/\/hydraqa.unicity.net\/v5a-test\/items\/bc85ca504dddbd891f34ba100c1fa765","id":{"unicity":"29249"}},"quantity":1,"terms":{"priceEach":337.93,"taxEach":{"amount":54.07},"discountEach":{"amount":0},"pvEach":10},"quantityLimit":{"quantityQuota":-1,"timeFrameDays":-1,"quantityOrdered":0}}]},"currency":"MXN"},{"lines":{"items":[{"item":{"href":"https:\/\/hydraqa.unicity.net\/v5a-test\/items\/752f3993addc2bd5f2d1f63be14b79ab","id":{"unicity":"29245"}},"quantity":1,"terms":{"priceEach":1478.45,"taxEach":{"amount":236.55},"discountEach":{"amount":0},"pvEach":50},"quantityLimit":{"quantityQuota":-1,"timeFrameDays":-1,"quantityOrdered":0}}]},"currency":"MXN"},{"lines":{"items":[{"item":{"href":"https:\/\/hydraqa.unicity.net\/v5a-test\/items\/900d1386dcf5c120334ec76dd7ac40f6","id":{"unicity":"32501"}},"quantity":1,"terms":{"priceEach":328.45,"taxEach":{"amount":52.55},"discountEach":{"amount":0},"pvEach":14},"quantityLimit":{"quantityQuota":-1,"timeFrameDays":-1,"quantityOrdered":0}}]},"currency":"MXN"},{"lines":{"items":[{"item":{"href":"https:\/\/hydraqa.unicity.net\/v5a-test\/items\/1b7adc3e2d9a7ad0a13fa1356531fe8d","id":{"unicity":"31851"}},"quantity":1,"terms":{"priceEach":2193.54,"taxEach":{"amount":0},"discountEach":{"amount":0},"pvEach":75},"quantityLimit":{"quantityQuota":-1,"timeFrameDays":-1,"quantityOrdered":0}}]},"currency":"MXN"},{"lines":{"items":[{"item":{"href":"https:\/\/hydraqa.unicity.net\/v5a-test\/items\/274e18b96c75319107728e2ff26dd340","id":{"unicity":"32000"}},"quantity":1,"terms":{"priceEach":436.21,"taxEach":{"amount":69.79},"discountEach":{"amount":0},"pvEach":10},"quantityLimit":{"quantityQuota":-1,"timeFrameDays":-1,"quantityOrdered":0}}]},"currency":"MXN"}]}
Entry request : {"order":{"customer":{"href":"https://hydraqa.unicity.net/v5a-test/customers?type=PreferredCustomer"},"shipToAddress":{"country":"MX"}},"vary":{"lines":{"items":[{"item":{"href":"https://hydraqa.unicity.net/v5a-test/items?id.unicity=31441|26442|26443|29050|29239|29253|27721|29249|29241|29245|32501|31851|31995|31994|32182|32183|32000|31418"}}]}}}
Request URL: https://hydraqa.unicity.net/v5a-test/customers.js?_httpMethod=HEAD&callback=angular.callbacks._5&email=APIXVH@gmail.com
]]></system-out>
    <system-err><![CDATA[Starting ChromeDriver 2.36.540470 (e522d04694c7ebea4ba8821272dbef4f9b818c91) on port 32987
Only local connections are allowed.
Jun 30, 2020 1:19:15 PM org.openqa.selenium.remote.ProtocolHandshake createSession
INFO: Detected dialect: OSS
]]></system-err>
  </testcase>
  <testcase name="Enroll" classname="Tests.PrefferedCustomer" time="186.731">
    <failure message="Major AR Ship Method href expected [https://hydraqa.unicity.net/v5a-test/shippingmethods?type=WillCall&amp;location=Oficina de Puerto Rico] but found [https://hydraqa.unicity.net/v5a-test/shippingmethods?type=FedEx International]" type="java.lang.AssertionError"><![CDATA[java.lang.AssertionError: Major AR Ship Method href expected [https://hydraqa.unicity.net/v5a-test/shippingmethods?type=WillCall&location=Oficina de Puerto Rico] but found [https://hydraqa.unicity.net/v5a-test/shippingmethods?type=FedEx International]
	at Tests.PrefferedCustomer.Enroll(PrefferedCustomer.java:104)
]]></failure>
    <system-out><![CDATA[Request URL: https://hydraqa.unicity.net/v5a-test/quotes?&expand=item
Entry Quotes response : {"items":[{"lines":{"items":[{"item":{"href":"https:\/\/hydraqa.unicity.net\/v5a-test\/items\/051e765a5a71835a859c2757edd359f0","id":{"unicity":"26580"}},"quantity":1,"terms":{"priceEach":225,"taxEach":{"amount":0},"discountEach":{"amount":0},"pvEach":130},"quantityLimit":{"quantityQuota":-1,"timeFrameDays":-1,"quantityOrdered":0}}]},"currency":"USD"},{"lines":{"items":[{"item":{"href":"https:\/\/hydraqa.unicity.net\/v5a-test\/items\/38da42f991a40a00153b2e5055b82dbf","id":{"unicity":"27801"}},"quantity":1,"terms":{"priceEach":225,"taxEach":{"amount":0},"discountEach":{"amount":0},"pvEach":130},"quantityLimit":{"quantityQuota":-1,"timeFrameDays":-1,"quantityOrdered":0}}]},"currency":"USD"},{"lines":{"items":[{"item":{"href":"https:\/\/hydraqa.unicity.net\/v5a-test\/items\/cea826eab72d44641c070aab6c97c1ac","id":{"unicity":"22747"}},"quantity":1,"terms":{"priceEach":35,"taxEach":{"amount":0},"discountEach":{"amount":0},"pvEach":16},"quantityLimit":{"quantityQuota":-1,"timeFrameDays":-1,"quantityOrdered":0}}]},"currency":"USD"},{"lines":{"items":[{"item":{"href":"https:\/\/hydraqa.unicity.net\/v5a-test\/items\/9a7715e888c94989d898fe4653645721","id":{"unicity":"26550"}},"quantity":1,"terms":{"priceEach":99,"taxEach":{"amount":0},"discountEach":{"amount":0},"pvEach":52},"quantityLimit":{"quantityQuota":-1,"timeFrameDays":-1,"quantityOrdered":0}}]},"currency":"USD"},{"lines":{"items":[{"item":{"href":"https:\/\/hydraqa.unicity.net\/v5a-test\/items\/0cf62d38e91953b43dcfe88b06f813cb","id":{"unicity":"26557"}},"quantity":1,"terms":{"priceEach":101,"taxEach":{"amount":0},"discountEach":{"amount":0},"pvEach":61},"quantityLimit":{"quantityQuota":-1,"timeFrameDays":-1,"quantityOrdered":0}}]},"currency":"USD"},{"lines":{"items":[{"item":{"href":"https:\/\/hydraqa.unicity.net\/v5a-test\/items\/cda534d686af5d627c94c4bb2c4b57d8","id":{"unicity":"26561"}},"quantity":1,"terms":{"priceEach":21,"taxEach":{"amount":0},"discountEach":{"amount":0},"pvEach":11},"quantityLimit":{"quantityQuota":-1,"timeFrameDays":-1,"quantityOrdered":0}}]},"currency":"USD"},{"lines":{"items":[{"item":{"href":"https:\/\/hydraqa.unicity.net\/v5a-test\/items\/0a3ede185ddf034630afd891c5106d33","id":{"unicity":"26562"}},"quantity":1,"terms":{"priceEach":43,"taxEach":{"amount":0},"discountEach":{"amount":0},"pvEach":25},"quantityLimit":{"quantityQuota":-1,"timeFrameDays":-1,"quantityOrdered":0}}]},"currency":"USD"},{"lines":{"items":[{"item":{"href":"https:\/\/hydraqa.unicity.net\/v5a-test\/items\/1bd53de7fe880ba71f46c9976ca2c137","id":{"unicity":"27739"}},"quantity":1,"terms":{"priceEach":43,"taxEach":{"amount":0},"discountEach":{"amount":0},"pvEach":13},"quantityLimit":{"quantityQuota":-1,"timeFrameDays":-1,"quantityOrdered":0}}]},"currency":"USD"},{"lines":{"items":[{"item":{"href":"https:\/\/hydraqa.unicity.net\/v5a-test\/items\/9a6e1d094182389c3da8e0a320ff0e00","id":{"unicity":"27585"}},"quantity":1,"terms":{"priceEach":69,"taxEach":{"amount":0},"discountEach":{"amount":0},"pvEach":33},"quantityLimit":{"quantityQuota":-1,"timeFrameDays":-1,"quantityOrdered":0}}]},"currency":"USD"},{"lines":{"items":[{"item":{"href":"https:\/\/hydraqa.unicity.net\/v5a-test\/items\/b127a2d34d3d73e2f53e4c2002a7a4a2","id":{"unicity":"25008"}},"quantity":1,"terms":{"priceEach":24,"taxEach":{"amount":0},"discountEach":{"amount":0},"pvEach":15},"quantityLimit":{"quantityQuota":-1,"timeFrameDays":-1,"quantityOrdered":0}}]},"currency":"USD"},{"lines":{"items":[{"item":{"href":"https:\/\/hydraqa.unicity.net\/v5a-test\/items\/10da226fab00279b4f89df10af2a10b7","id":{"unicity":"26442"}},"quantity":1,"terms":{"priceEach":8,"taxEach":{"amount":0},"discountEach":{"amount":0},"pvEach":0},"quantityLimit":{"quantityQuota":-1,"timeFrameDays":-1,"quantityOrdered":0}}]},"currency":"USD"},{"lines":{"items":[{"item":{"href":"https:\/\/hydraqa.unicity.net\/v5a-test\/items\/aa0d72ac13b1ce88cf8c4a52ede75a37","id":{"unicity":"26552"}},"quantity":1,"terms":{"priceEach":89,"taxEach":{"amount":0},"discountEach":{"amount":0},"pvEach":50},"quantityLimit":{"quantityQuota":5,"timeFrameDays":-1,"quantityOrdered":0}}]},"currency":"USD"},{"lines":{"items":[{"item":{"href":"https:\/\/hydraqa.unicity.net\/v5a-test\/items\/b2fc4b9ba4aa5cae54389161be2f841f","id":{"unicity":"18401"}},"quantity":1,"terms":{"priceEach":40,"taxEach":{"amount":0},"discountEach":{"amount":0},"pvEach":19},"quantityLimit":{"quantityQuota":-1,"timeFrameDays":-1,"quantityOrdered":0}}]},"currency":"USD"},{"lines":{"items":[{"item":{"href":"https:\/\/hydraqa.unicity.net\/v5a-test\/items\/5a38f009bec6c23b1b3a70432f9722e5","id":{"unicity":"19596"}},"quantity":1,"terms":{"priceEach":63,"taxEach":{"amount":0},"discountEach":{"amount":0},"pvEach":30},"quantityLimit":{"quantityQuota":-1,"timeFrameDays":-1,"quantityOrdered":0}}]},"currency":"USD"},{"lines":{"items":[{"item":{"href":"https:\/\/hydraqa.unicity.net\/v5a-test\/items\/398d06b858b960f6f38086d40608aef2","id":{"unicity":"26560"}},"quantity":1,"terms":{"priceEach":21,"taxEach":{"amount":0},"discountEach":{"amount":0},"pvEach":12},"quantityLimit":{"quantityQuota":-1,"timeFrameDays":-1,"quantityOrdered":0}}]},"currency":"USD"},{"lines":{"items":[{"item":{"href":"https:\/\/hydraqa.unicity.net\/v5a-test\/items\/112b8c39286598b3730f630f371a45f4","id":{"unicity":"27587"}},"quantity":1,"terms":{"priceEach":71,"taxEach":{"amount":0},"discountEach":{"amount":0},"pvEach":33},"quantityLimit":{"quantityQuota":-1,"timeFrameDays":-1,"quantityOrdered":0}}]},"currency":"USD"},{"lines":{"items":[{"item":{"href":"https:\/\/hydraqa.unicity.net\/v5a-test\/items\/25eaf64b36ce31368f17ae789fd9ac5b","id":{"unicity":"29694"}},"quantity":1,"terms":{"priceEach":69,"taxEach":{"amount":0},"discountEach":{"amount":0},"pvEach":33},"quantityLimit":{"quantityQuota":-1,"timeFrameDays":-1,"quantityOrdered":0}}]},"currency":"USD"},{"lines":{"items":[{"item":{"href":"https:\/\/hydraqa.unicity.net\/v5a-test\/items\/634f7efb30392b2a919de1355902d975","id":{"unicity":"29408"}},"quantity":1,"terms":{"priceEach":99,"taxEach":{"amount":0},"discountEach":{"amount":0},"pvEach":52},"quantityLimit":{"quantityQuota":-1,"timeFrameDays":-1,"quantityOrdered":0}}]},"currency":"USD"},{"lines":{"items":[{"item":{"href":"https:\/\/hydraqa.unicity.net\/v5a-test\/items\/bb5c627f16547cb4f706cef521bca356","id":{"unicity":"29437"}},"quantity":1,"terms":{"priceEach":78,"taxEach":{"amount":0},"discountEach":{"amount":0},"pvEach":36},"quantityLimit":{"quantityQuota":-1,"timeFrameDays":-1,"quantityOrdered":0}}]},"currency":"USD"},{"lines":{"items":[{"item":{"href":"https:\/\/hydraqa.unicity.net\/v5a-test\/items\/24ff5bda40c0d0e7eaa511866d052915","id":{"unicity":"29612"}},"quantity":1,"terms":{"priceEach":61,"taxEach":{"amount":0},"discountEach":{"amount":0},"pvEach":30},"quantityLimit":{"quantityQuota":-1,"timeFrameDays":-1,"quantityOrdered":0}}]},"currency":"USD"},{"lines":{"items":[{"item":{"href":"https:\/\/hydraqa.unicity.net\/v5a-test\/items\/024e696f8b44a1d315006e676604cd31","id":{"unicity":"27395"}},"quantity":1,"terms":{"priceEach":32,"taxEach":{"amount":0},"discountEach":{"amount":0},"pvEach":16},"quantityLimit":{"quantityQuota":-1,"timeFrameDays":-1,"quantityOrdered":0}}]},"currency":"USD"},{"lines":{"items":[{"item":{"href":"https:\/\/hydraqa.unicity.net\/v5a-test\/items\/05ca08f3808f126c0cc42154c50fc75c","id":{"unicity":"29440"}},"quantity":1,"terms":{"priceEach":138,"taxEach":{"amount":0},"discountEach":{"amount":0},"pvEach":90},"quantityLimit":{"quantityQuota":-1,"timeFrameDays":-1,"quantityOrdered":0}}]},"currency":"USD"},{"lines":{"items":[{"item":{"href":"https:\/\/hydraqa.unicity.net\/v5a-test\/items\/764e2db430d361da99e8f6b70c4d0244","id":{"unicity":"29830"}},"quantity":1,"terms":{"priceEach":20,"taxEach":{"amount":0},"discountEach":{"amount":0},"pvEach":7},"quantityLimit":{"quantityQuota":-1,"timeFrameDays":-1,"quantityOrdered":0}}]},"currency":"USD"},{"lines":{"items":[{"item":{"href":"https:\/\/hydraqa.unicity.net\/v5a-test\/items\/b91affa753dd5ee8a9acef4fa7e2c9a7","id":{"unicity":"30414"}},"quantity":1,"terms":{"priceEach":110,"taxEach":{"amount":0},"discountEach":{"amount":0},"pvEach":65},"quantityLimit":{"quantityQuota":-1,"timeFrameDays":-1,"quantityOrdered":0}}]},"currency":"USD"},{"lines":{"items":[{"item":{"href":"https:\/\/hydraqa.unicity.net\/v5a-test\/items\/2835b1a78e379486f0ffbfd5fb9f6b0a","id":{"unicity":"30400"}},"quantity":1,"terms":{"priceEach":49,"taxEach":{"amount":0},"discountEach":{"amount":0},"pvEach":28},"quantityLimit":{"quantityQuota":-1,"timeFrameDays":-1,"quantityOrdered":0}}]},"currency":"USD"},{"lines":{"items":[{"item":{"href":"https:\/\/hydraqa.unicity.net\/v5a-test\/items\/00c2eb70c985722ce208490aece00945","id":{"unicity":"31729"}},"quantity":1,"terms":{"priceEach":170,"taxEach":{"amount":0},"discountEach":{"amount":0},"pvEach":100},"quantityLimit":{"quantityQuota":-1,"timeFrameDays":-1,"quantityOrdered":0}}]},"currency":"USD"},{"lines":{"items":[{"item":{"href":"https:\/\/hydraqa.unicity.net\/v5a-test\/items\/693a7c4a70b06a00471afe8d6cae5023","id":{"unicity":"31730"}},"quantity":1,"terms":{"priceEach":150,"taxEach":{"amount":0},"discountEach":{"amount":0},"pvEach":80},"quantityLimit":{"quantityQuota":-1,"timeFrameDays":-1,"quantityOrdered":0}}]},"currency":"USD"},{"lines":{"items":[{"item":{"href":"https:\/\/hydraqa.unicity.net\/v5a-test\/items\/ccb242d74dcb1fe621cc7bfe1b1de315","id":{"unicity":"31731"}},"quantity":1,"terms":{"priceEach":112,"taxEach":{"amount":0},"discountEach":{"amount":0},"pvEach":60},"quantityLimit":{"quantityQuota":-1,"timeFrameDays":-1,"quantityOrdered":0}}]},"currency":"USD"},{"lines":{"items":[{"item":{"href":"https:\/\/hydraqa.unicity.net\/v5a-test\/items\/3875e24e6b6ebdf36c79d205614ed51e","id":{"unicity":"31846"}},"quantity":1,"terms":{"priceEach":160,"taxEach":{"amount":0},"discountEach":{"amount":0},"pvEach":94},"quantityLimit":{"quantityQuota":-1,"timeFrameDays":-1,"quantityOrdered":0}}]},"currency":"USD"},{"lines":{"items":[{"item":{"href":"https:\/\/hydraqa.unicity.net\/v5a-test\/items\/89b6d29a85a88d44d65bc8cca3fefc65","id":{"unicity":"31845"}},"quantity":1,"terms":{"priceEach":170,"taxEach":{"amount":0},"discountEach":{"amount":0},"pvEach":100},"quantityLimit":{"quantityQuota":-1,"timeFrameDays":-1,"quantityOrdered":0}}]},"currency":"USD"},{"lines":{"items":[{"item":{"href":"https:\/\/hydraqa.unicity.net\/v5a-test\/items\/65f231539924a2fa376afdb39f1f06d6","id":{"unicity":"31848"}},"quantity":1,"terms":{"priceEach":112,"taxEach":{"amount":0},"discountEach":{"amount":0},"pvEach":60},"quantityLimit":{"quantityQuota":-1,"timeFrameDays":-1,"quantityOrdered":0}}]},"currency":"USD"},{"lines":{"items":[{"item":{"href":"https:\/\/hydraqa.unicity.net\/v5a-test\/items\/fbb319232b7eed110794d46a68302acb","id":{"unicity":"31847"}},"quantity":1,"terms":{"priceEach":150,"taxEach":{"amount":0},"discountEach":{"amount":0},"pvEach":80},"quantityLimit":{"quantityQuota":-1,"timeFrameDays":-1,"quantityOrdered":0}}]},"currency":"USD"},{"lines":{"items":[{"item":{"href":"https:\/\/hydraqa.unicity.net\/v5a-test\/items\/cf8460040a1860bcabf250b6c1171675","id":{"unicity":"31858"}},"quantity":1,"terms":{"priceEach":330,"taxEach":{"amount":0},"discountEach":{"amount":0},"pvEach":195},"quantityLimit":{"quantityQuota":-1,"timeFrameDays":-1,"quantityOrdered":0}}]},"currency":"USD"},{"lines":{"items":[{"item":{"href":"https:\/\/hydraqa.unicity.net\/v5a-test\/items\/2de8516a24af8232add0bb392e750a71","id":{"unicity":"31859"}},"quantity":1,"terms":{"priceEach":225,"taxEach":{"amount":0},"discountEach":{"amount":0},"pvEach":130},"quantityLimit":{"quantityQuota":-1,"timeFrameDays":-1,"quantityOrdered":0}}]},"currency":"USD"},{"lines":{"items":[{"item":{"href":"https:\/\/hydraqa.unicity.net\/v5a-test\/items\/fd464cd7972cc1317e850b9196d886b8","id":{"unicity":"31863"}},"quantity":1,"terms":{"priceEach":255,"taxEach":{"amount":0},"discountEach":{"amount":0},"pvEach":148},"quantityLimit":{"quantityQuota":-1,"timeFrameDays":-1,"quantityOrdered":0}}]},"currency":"USD"},{"lines":{"items":[{"item":{"href":"https:\/\/hydraqa.unicity.net\/v5a-test\/items\/e47fd287212acedd1cffb2b67bf623bd","id":{"unicity":"31862"}},"quantity":1,"terms":{"priceEach":255,"taxEach":{"amount":0},"discountEach":{"amount":0},"pvEach":148},"quantityLimit":{"quantityQuota":-1,"timeFrameDays":-1,"quantityOrdered":0}}]},"currency":"USD"},{"lines":{"items":[{"item":{"href":"https:\/\/hydraqa.unicity.net\/v5a-test\/items\/d4c8fce238d6fc34d17a4b36d1e4e59a","id":{"unicity":"31860"}},"quantity":1,"terms":{"priceEach":245,"taxEach":{"amount":0},"discountEach":{"amount":0},"pvEach":135},"quantityLimit":{"quantityQuota":-1,"timeFrameDays":-1,"quantityOrdered":0}}]},"currency":"USD"},{"lines":{"items":[{"item":{"href":"https:\/\/hydraqa.unicity.net\/v5a-test\/items\/4ab49eca1731e69206ccafb5112ad5a4","id":{"unicity":"31861"}},"quantity":1,"terms":{"priceEach":245,"taxEach":{"amount":0},"discountEach":{"amount":0},"pvEach":135},"quantityLimit":{"quantityQuota":-1,"timeFrameDays":-1,"quantityOrdered":0}}]},"currency":"USD"},{"lines":{"items":[{"item":{"href":"https:\/\/hydraqa.unicity.net\/v5a-test\/items\/077823d29445b9020de9931f10c63efd","id":{"unicity":"31958"}},"quantity":1,"terms":{"priceEach":160,"taxEach":{"amount":0},"discountEach":{"amount":0},"pvEach":85},"quantityLimit":{"quantityQuota":-1,"timeFrameDays":-1,"quantityOrdered":0}}]},"currency":"USD"},{"lines":{"items":[{"item":{"href":"https:\/\/hydraqa.unicity.net\/v5a-test\/items\/bfddb53fe0d5ed5432c531dc9850cbe4","id":{"unicity":"29449"}},"quantity":1,"terms":{"priceEach":43,"taxEach":{"amount":0},"discountEach":{"amount":0},"pvEach":25},"quantityLimit":{"quantityQuota":-1,"timeFrameDays":-1,"quantityOrdered":0}}]},"currency":"USD"},{"lines":{"items":[{"item":{"href":"https:\/\/hydraqa.unicity.net\/v5a-test\/items\/50747027a065cb8361c1f0d6eb880466","id":{"unicity":"32030"}},"quantity":1,"terms":{"priceEach":179,"taxEach":{"amount":0},"discountEach":{"amount":0},"pvEach":102},"quantityLimit":{"quantityQuota":-1,"timeFrameDays":-1,"quantityOrdered":0}}]},"currency":"USD"}]}
Entry request : {"order":{"customer":{"href":"https://hydraqa.unicity.net/v5a-test/customers?type=PreferredCustomer"},"shipToAddress":{"country":"US","state":"PR"}},"vary":{"lines":{"items":[{"item":{"href":"https://hydraqa.unicity.net/v5a-test/items?id.unicity=26580|31441|27801|27951|22747|26550|26554|26557|26561|26562|27739|27585|25008|26442|26555|18908|26552|27653|27212|27218|26983|27210|18401|25803|27029|27208|19596|26945|26560|27587|29694|29408|29437|29612|27395|29440|29830|30414|30400|31729|31730|31731|31846|31845|31848|31847|31858|31859|31863|31862|31860|31861|31958|29449|32030"}}]}}}
Request URL: https://hydraqa.unicity.net/v5a-test/customers.js?callback=angular.callbacks._1&expand=customer,profilePicture&id.unicity=2
Request URL: https://hydraqa.unicity.net/v5a-test/customers.js?_httpMethod=HEAD&callback=angular.callbacks._4&email=QILELA@gmail.com
Request URL: https://hydraqa.unicity.net/v5a-test/addresses?country=PR&zip=00907
Entry response : {"items":[{"city":"San Juan","state":"San Juan"}]}
{sponsor=2, gender=male, city=SAN JUAN, cartprice=450.0, enroller=2, arpack=Prime Health Pack - Cholesterol, Energy, Vanilla, language=English, locale=en, type=PreferredCustomer, platform=QA, lname=TestLastName, password=Unicity, genderoption=Male, Currency=USD, api=4, state=[San Juan], email=QILELA@gmail.com, zip=00907, fname=TestFirstName, prefferd=Puerto Rico, address2=Address 2, address1=Address 1, shippingmethod=type=WillCall&location=Oficina de Puerto Rico, version=v5a-test/, testcase=normal, market=Puerto Rico, aritemcode=26580, referral=yes, martial=Single, phone=9823746323, proto=https://hydraqa.unicity.net/, marketcode=PR, maritaloption=Single, ccname=CCNameTest}
Request URL: https://hydraqa.unicity.net/v5a-test/orders.js
Entry request : {"customer":{"mainAddress":{"city":"SAN JUAN","country":"US","state":"PR","zip":"00907","address1":"Address 1","address2":"Address 2"},"humanName":{"firstName":"TestFirstName","lastName":"TestLastName"},"email":"QILELA@gmail.com","preferredLocale":"en-PR","password":{"value":"Unicity"},"gender":"male","maritalStatus":"Single","type":"PreferredCustomer","creditcardaliases":[{"methodDetails":{"creditCardNumber":"4111111111111111","payer":"TestFirstName TestLastName","creditCardExpires":"2020-10"},"billToName":{"firstName":"TestFirstName","lastName":"TestLastName"},"billToAddress":{"address1":"Address 1","address2":"Address 2","city":"SAN JUAN","state":"PR","zip":"00907","country":"US"}}],"sponsor":{"href":"https://hydraqa.unicity.net/v5a-test/customers?id.unicity=2"},"enroller":{"href":"https://hydraqa.unicity.net/v5a-test/customers?id.unicity=2"},"homePhone":"9823746323","autoorders":{"items":[{"recurrence":{"schedule":{"month":"*","dayOfMonth":"15"},"status":"Enabled"},"lines":{"items":[{"item":{"href":"https://hydraqa.unicity.net/v5a-test/items?id.unicity=26580"},"quantity":1}]},"shipToName":{"firstName":"TestFirstName","lastName":"TestLastName"},"shipToPhone":"9823746323","shipToEmail":"QILELA@gmail.com","shipToAddress":{"city":"SAN JUAN","country":"US","state":"PR","address1":"Address 1","address2":"Address 2","zip":"00907"},"shippingMethod":{"href":"https://hydraqa.unicity.net/v5a-test/shippingmethods?type=FedEx International"},"transactions":{"items":[{"amount":"this.terms.total","type":"AuthorizeAndCapture","method":"CreditCardAlias","methodDetails":{"alias":"this.customer.creditcardaliases[0].alias"}}]}}]},"rights":[]},"lines":{"items":[{"item":{"href":"https://hydraqa.unicity.net/v5a-test/items?id.unicity=27801"},"quantity":1},{"item":{"href":"https://hydraqa.unicity.net/v5a-test/items?id.unicity=31859"},"quantity":1}]},"shipToName":{"firstName":"TestFirstName","lastName":"TestLastName"},"shipToPhone":"9823746323","shipToEmail":"QILELA@gmail.com","shipToAddress":{"city":"SAN JUAN","country":"US","state":"PR","address1":"Address 1","address2":"Address 2","zip":"00907"},"shippingMethod":{"href":"https://hydraqa.unicity.net/v5a-test/shippingmethods?type=FedEx International"},"notes":"","transactions":{"items":[{"amount":"this.terms.total","type":"AuthorizeAndCapture","method":"CreditCard","methodDetails":{"creditCardNumber":"4111111111111111","payer":"CCNameTest","creditCardExpires":"2020-10","creditCardSecurityCode":"123"},"billToAddress":{"address1":"Address 1","address2":"Address 2","city":"SAN JUAN","state":"PR","zip":"00907","country":"US"}},{"type":"AuthorizeAndCapture","method":"Coupon","methodDetails":{"code":"Fre3Aut0Sh!p"}}]}}
Entry response : {"meta":{"Link":"<http:\/\/unicity.github.io\/Hydra.php\/docs\/v5\/>; rel=\"help\"","X-Request-UUID":"46c575ad-b5f0-4e70-b9ba-290cff8cb752","X-Request-Release":"5-2020063002\/master","WWW-Authenticate":"Basic realm=\"Restricted API\"","Cache-Control":"no-cache, must-revalidate","Expires":"0","X-Powered-By":"Luracast Restler v3.0.0rc5","Content-Type":"text\/javascript; charset=utf-8","Content-Language":"en","X-Status-Code":"201"},"data":{"market":"US","notes":"","shippingMethod":{"type":"FedEx International","href":"https:\/\/hydraqa.unicity.net\/v5a-test\/shippingmethods?type=FedEx International","location":""},"shipToAddress":{"country":"US","state":"PR","city":"SAN JUAN","zip":"00907","address1":"Address 1","address2":"Address 2"},"shipToEmail":"QILELA@gmail.com","shipToName":{"firstName":"TestFirstName","lastName":"TestLastName"},"shipToPhone":"9823746323","shipToTime":null,"source":null,"type":null,"lines":{"items":[{"quantity":1,"item":{"href":"https:\/\/hydraqa.unicity.net\/v5a-test\/items?id.unicity=27801","id":{"unicity":"27801"},"weightEach":{"value":0,"unit":"lbs"},"dimensionsEach":{"width":0,"height":0,"depth":0,"unit":"in"},"taxedAs":"goods"},"quantityLimit":{"quantityQuota":-1,"timeFrameDays":-1,"quantityOrdered":0},"terms":{"subtotal":null,"priceEach":225,"pvEach":130,"cvEach":130,"taxablePriceEach":225,"tax":{"categoryDescription":null,"aggregate":{"items":[{"jurisdiction":{"address2":"PUERTO RICO"},"type":"Territory","amount":0,"percentage":0},{"jurisdiction":{"county":"SAN JUAN"},"type":"County","amount":0,"percentage":0}],"amount":0}},"pv":130,"price":225},"catalogSlide":{"content":{"description":"Core Pack Matcha Energy Balance Cholesterol C"}},"kitChildren":[{"item":{"id":{"unicity":"26552"},"weightEach":{"value":0.8,"unit":"lbs"},"dimensionsEach":{"width":6.5,"height":4.25,"depth":3,"unit":"in"},"taxedAs":"goods"},"quantity":1,"terms":{"subtotal":null,"priceEach":79,"pvEach":49,"cvEach":49,"taxablePriceEach":79,"tax":{"categoryDescription":"TG240","aggregate":{"items":[{"jurisdiction":{"address2":"PUERTO RICO"},"type":"Territory","amount":8.29,"percentage":10.5},{"jurisdiction":{"county":"SAN JUAN"},"type":"County","amount":0.79,"percentage":1}],"amount":9.08}}},"catalogSlide":{"content":{"description":"Matcha Energy 30"}}},{"item":{"id":{"unicity":"27585"},"weightEach":{"value":2.8,"unit":"lbs"},"dimensionsEach":{"width":5.59,"height":9.75,"depth":5.59,"unit":"in"},"taxedAs":"goods"},"quantity":1,"terms":{"subtotal":null,"priceEach":57,"pvEach":31,"cvEach":31,"taxablePriceEach":57,"tax":{"categoryDescription":"TG75","aggregate":{"items":[{"jurisdiction":{"address2":"PUERTO RICO"},"type":"Territory","amount":5.98,"percentage":10.5},{"jurisdiction":{"county":"SAN JUAN"},"type":"County","amount":0.57,"percentage":1}],"amount":6.55}}},"catalogSlide":{"content":{"description":"Complete Chocolate w\/Stevia"}}},{"item":{"id":{"unicity":"26550"},"weightEach":{"value":1.36,"unit":"lbs"},"dimensionsEach":{"width":4.833,"height":4.125,"depth":8.369,"unit":"in"},"taxedAs":"goods"},"quantity":1,"terms":{"subtotal":null,"priceEach":89,"pvEach":50,"cvEach":50,"taxablePriceEach":89,"tax":{"categoryDescription":"TG75","aggregate":{"items":[{"jurisdiction":{"address2":"PUERTO RICO"},"type":"Territory","amount":9.35,"percentage":10.5},{"jurisdiction":{"county":"SAN JUAN"},"type":"County","amount":0.89,"percentage":1}],"amount":10.24}}},"catalogSlide":{"content":{"description":"Balance Cholesterol 60"}}}]},{"quantity":1,"item":{"href":"https:\/\/hydraqa.unicity.net\/v5a-test\/items?id.unicity=31859","id":{"unicity":"31859"},"weightEach":{"value":0,"unit":"lbs"},"dimensionsEach":{"width":0,"height":0,"depth":0,"unit":"in"},"taxedAs":"goods"},"quantityLimit":{"quantityQuota":-1,"timeFrameDays":-1,"quantityOrdered":0},"terms":{"subtotal":null,"priceEach":225,"pvEach":130,"cvEach":130,"taxablePriceEach":225,"tax":{"categoryDescription":null,"aggregate":{"items":[{"jurisdiction":{"address2":"PUERTO RICO"},"type":"Territory","amount":0,"percentage":0},{"jurisdiction":{"county":"SAN JUAN"},"type":"County","amount":0,"percentage":0}],"amount":0}},"pv":130,"price":225},"catalogSlide":{"content":{"description":"Pack U 365 Empower US\/PR"}},"kitChildren":[{"item":{"id":{"unicity":"29408"},"weightEach":{"value":0.5,"unit":"lbs"},"dimensionsEach":{"width":6.4,"height":4.25,"depth":2.9,"unit":"in"},"taxedAs":"goods"},"quantity":1,"terms":{"subtotal":null,"priceEach":95,"pvEach":52,"cvEach":52,"taxablePriceEach":95,"tax":{"categoryDescription":"TG240","aggregate":{"items":[{"jurisdiction":{"address2":"PUERTO RICO"},"type":"Territory","amount":9.98,"percentage":10.5},{"jurisdiction":{"county":"SAN JUAN"},"type":"County","amount":0.95,"percentage":1}],"amount":10.93}}},"catalogSlide":{"content":{"description":"Unimate"}}},{"item":{"id":{"unicity":"26552"},"weightEach":{"value":0.8,"unit":"lbs"},"dimensionsEach":{"width":6.5,"height":4.25,"depth":3,"unit":"in"},"taxedAs":"goods"},"quantity":1,"terms":{"subtotal":null,"priceEach":85,"pvEach":50,"cvEach":50,"taxablePriceEach":85,"tax":{"categoryDescription":"TG240","aggregate":{"items":[{"jurisdiction":{"address2":"PUERTO RICO"},"type":"Territory","amount":8.93,"percentage":10.5},{"jurisdiction":{"county":"SAN JUAN"},"type":"County","amount":0.85,"percentage":1}],"amount":9.78}}},"catalogSlide":{"content":{"description":"Matcha Energy 30"}}},{"item":{"id":{"unicity":"30400"},"weightEach":{"value":0.28,"unit":"lbs"},"dimensionsEach":{"width":2.25,"height":4.25,"depth":2.25,"unit":"in"},"taxedAs":"goods"},"quantity":1,"terms":{"subtotal":null,"priceEach":45,"pvEach":28,"cvEach":28,"taxablePriceEach":45,"tax":{"categoryDescription":"TG75","aggregate":{"items":[{"jurisdiction":{"address2":"PUERTO RICO"},"type":"Territory","amount":4.73,"percentage":10.5},{"jurisdiction":{"county":"SAN JUAN"},"type":"County","amount":0.45,"percentage":1}],"amount":5.18}}},"catalogSlide":{"content":{"description":"OmegaLife-3 Resolv"}}}]}],"aggregate":{"weight":{"unit":"lbs","value":6.54}}},"transactions":{"items":[{"amount":551.93,"billToAddress":{"address1":"Address 1","address2":"Address 2","city":"SAN JUAN","state":"PR","zip":"00907","country":"US"},"billToEmail":null,"installments":null,"method":"CreditCard","methodDetails":{"creditCardExpires":"2020-10","payer":"CCNameTest","payerId":null,"creditCardNumberMasked":"411111xxxxxx1111","creditCardNetwork":"visa"},"type":"AuthorizeAndCapture","index":1,"authorization":"40051271475","id":{"teller":206935}}]},"terms":{"subtotal":450,"discount":{"amount":0},"freight":{"amount":45,"terms":{"tax":{"aggregate":{"items":[{"jurisdiction":{"address2":"PUERTO RICO"},"type":"Territory","amount":4.72,"percentage":10.5},{"jurisdiction":{"county":"SAN JUAN"},"type":"County","amount":0.45,"percentage":1}],"amount":5.17}}}},"pretotal":551.93,"pv":260,"tax":{"amount":56.93},"taxableTotal":495,"timbre":{"amount":0},"total":551.93,"weight":6.54},"dateCreated":"2020-06-30T13:23:52-06:00","currency":"USD","giftReceipt":false,"customer":{"humanName":{"firstName":"TestFirstName","lastName":"TestLastName"},"mainAddress":{"city":"SAN JUAN","country":"US","state":"PR","zip":"00907","address1":"Address 1","address2":"Address 2"},"type":"PreferredCustomer","email":"QILELA@gmail.com","gender":"male","password":{"value":"Unicity"},"enroller":{"href":"https:\/\/hydraqa.unicity.net\/v5a-test\/customers\/f0cbfab7062ed827a4e700264e473f1d","id":{"unicity":"2"},"email":"danw@infotraxsys.com","humanName":{"fullName":"Referral Program"}},"sponsor":{"href":"https:\/\/hydraqa.unicity.net\/v5a-test\/customers\/f0cbfab7062ed827a4e700264e473f1d","id":{"unicity":"2"},"email":"danw@infotraxsys.com","humanName":{"fullName":"Referral Program"}},"homePhone":"9823746323","preferredLocale":"en-PR","maritalStatus":"Single","autoorders":{"items":[{"id":{"unicity":104281},"transactions":{"items":[]}}]},"rights":[],"status":"Active","id":{"unicity":"208227401"},"token":"b4c0ffa3-4473-487e-a6fd-3a03ae1e0c68","href":"https:\/\/hydraqa.unicity.net\/v5a-test\/customers\/322fce9f2ab76540a422d5745b1cd5d64f9ae00cc0f71bcdd274016b4a4a3ce5"},"added_lines":{"items":[],"aggregate":{"weight":{"unit":"lbs","value":0}}},"seller":{"href":"https:\/\/hydraqa.unicity.net\/v5a-test\/sellers\/e7c10d4e70b0c857a99c16576ade8003","id":{"unicity":"5"}},"added_transactions":{"items":[]},"id":{"unicity":"52702479"},"href":"https:\/\/hydraqa.unicity.net\/v5a-test\/orders\/8a5ab8497ad0976d93b596970066dc4befc3e934a36e599571bc89952feecfe4"}}
Headers-->keep-alive
Headers-->2689
Headers-->application/json, text/plain, */*
Headers-->en-PR
Headers-->application/json;charset=UTF-8
]]></system-out>
    <system-err><![CDATA[Starting ChromeDriver 2.36.540470 (e522d04694c7ebea4ba8821272dbef4f9b818c91) on port 39558
Only local connections are allowed.
Jun 30, 2020 1:21:16 PM org.openqa.selenium.remote.ProtocolHandshake createSession
INFO: Detected dialect: OSS
]]></system-err>
  </testcase>
  <testcase name="Enroll" classname="Tests.PrefferedCustomer" time="184.892">
    <failure message="Major AR Ship Method href expected [https://hydraqa.unicity.net/v5a-test/shippingmethods?type=Economy] but found [https://hydraqa.unicity.net/v5a-test/shippingmethods?type=FedEx International]" type="java.lang.AssertionError">java.lang.AssertionError: Major AR Ship Method href expected [https://hydraqa.unicity.net/v5a-test/shippingmethods?type=Economy] but found [https://hydraqa.unicity.net/v5a-test/shippingmethods?type=FedEx International]
	at Tests.PrefferedCustomer.Enroll(PrefferedCustomer.java:104)
</failure>
    <system-out><![CDATA[Request URL: https://hydraqa.unicity.net/v5a-test/quotes?&expand=item
Entry Quotes response : {"items":[{"lines":{"items":[{"item":{"href":"https:\/\/hydraqa.unicity.net\/v5a-test\/items\/051e765a5a71835a859c2757edd359f0","id":{"unicity":"26580"}},"quantity":1,"terms":{"priceEach":225,"taxEach":{"amount":0},"discountEach":{"amount":0},"pvEach":130},"quantityLimit":{"quantityQuota":-1,"timeFrameDays":-1,"quantityOrdered":0}}]},"currency":"USD"},{"lines":{"items":[{"item":{"href":"https:\/\/hydraqa.unicity.net\/v5a-test\/items\/38da42f991a40a00153b2e5055b82dbf","id":{"unicity":"27801"}},"quantity":1,"terms":{"priceEach":225,"taxEach":{"amount":0},"discountEach":{"amount":0},"pvEach":130},"quantityLimit":{"quantityQuota":-1,"timeFrameDays":-1,"quantityOrdered":0}}]},"currency":"USD"},{"lines":{"items":[{"item":{"href":"https:\/\/hydraqa.unicity.net\/v5a-test\/items\/cea826eab72d44641c070aab6c97c1ac","id":{"unicity":"22747"}},"quantity":1,"terms":{"priceEach":35,"taxEach":{"amount":0},"discountEach":{"amount":0},"pvEach":16},"quantityLimit":{"quantityQuota":-1,"timeFrameDays":-1,"quantityOrdered":0}}]},"currency":"USD"},{"lines":{"items":[{"item":{"href":"https:\/\/hydraqa.unicity.net\/v5a-test\/items\/9a7715e888c94989d898fe4653645721","id":{"unicity":"26550"}},"quantity":1,"terms":{"priceEach":99,"taxEach":{"amount":0},"discountEach":{"amount":0},"pvEach":52},"quantityLimit":{"quantityQuota":-1,"timeFrameDays":-1,"quantityOrdered":0}}]},"currency":"USD"},{"lines":{"items":[{"item":{"href":"https:\/\/hydraqa.unicity.net\/v5a-test\/items\/0cf62d38e91953b43dcfe88b06f813cb","id":{"unicity":"26557"}},"quantity":1,"terms":{"priceEach":101,"taxEach":{"amount":0},"discountEach":{"amount":0},"pvEach":61},"quantityLimit":{"quantityQuota":-1,"timeFrameDays":-1,"quantityOrdered":0}}]},"currency":"USD"},{"lines":{"items":[{"item":{"href":"https:\/\/hydraqa.unicity.net\/v5a-test\/items\/cda534d686af5d627c94c4bb2c4b57d8","id":{"unicity":"26561"}},"quantity":1,"terms":{"priceEach":21,"taxEach":{"amount":0},"discountEach":{"amount":0},"pvEach":11},"quantityLimit":{"quantityQuota":-1,"timeFrameDays":-1,"quantityOrdered":0}}]},"currency":"USD"},{"lines":{"items":[{"item":{"href":"https:\/\/hydraqa.unicity.net\/v5a-test\/items\/0a3ede185ddf034630afd891c5106d33","id":{"unicity":"26562"}},"quantity":1,"terms":{"priceEach":43,"taxEach":{"amount":0},"discountEach":{"amount":0},"pvEach":25},"quantityLimit":{"quantityQuota":-1,"timeFrameDays":-1,"quantityOrdered":0}}]},"currency":"USD"},{"lines":{"items":[{"item":{"href":"https:\/\/hydraqa.unicity.net\/v5a-test\/items\/1bd53de7fe880ba71f46c9976ca2c137","id":{"unicity":"27739"}},"quantity":1,"terms":{"priceEach":43,"taxEach":{"amount":0},"discountEach":{"amount":0},"pvEach":13},"quantityLimit":{"quantityQuota":-1,"timeFrameDays":-1,"quantityOrdered":0}}]},"currency":"USD"},{"lines":{"items":[{"item":{"href":"https:\/\/hydraqa.unicity.net\/v5a-test\/items\/9a6e1d094182389c3da8e0a320ff0e00","id":{"unicity":"27585"}},"quantity":1,"terms":{"priceEach":69,"taxEach":{"amount":0},"discountEach":{"amount":0},"pvEach":33},"quantityLimit":{"quantityQuota":-1,"timeFrameDays":-1,"quantityOrdered":0}}]},"currency":"USD"},{"lines":{"items":[{"item":{"href":"https:\/\/hydraqa.unicity.net\/v5a-test\/items\/b127a2d34d3d73e2f53e4c2002a7a4a2","id":{"unicity":"25008"}},"quantity":1,"terms":{"priceEach":24,"taxEach":{"amount":0},"discountEach":{"amount":0},"pvEach":15},"quantityLimit":{"quantityQuota":-1,"timeFrameDays":-1,"quantityOrdered":0}}]},"currency":"USD"},{"lines":{"items":[{"item":{"href":"https:\/\/hydraqa.unicity.net\/v5a-test\/items\/10da226fab00279b4f89df10af2a10b7","id":{"unicity":"26442"}},"quantity":1,"terms":{"priceEach":8,"taxEach":{"amount":0},"discountEach":{"amount":0},"pvEach":0},"quantityLimit":{"quantityQuota":-1,"timeFrameDays":-1,"quantityOrdered":0}}]},"currency":"USD"},{"lines":{"items":[{"item":{"href":"https:\/\/hydraqa.unicity.net\/v5a-test\/items\/aa0d72ac13b1ce88cf8c4a52ede75a37","id":{"unicity":"26552"}},"quantity":1,"terms":{"priceEach":89,"taxEach":{"amount":0},"discountEach":{"amount":0},"pvEach":50},"quantityLimit":{"quantityQuota":5,"timeFrameDays":-1,"quantityOrdered":0}}]},"currency":"USD"},{"lines":{"items":[{"item":{"href":"https:\/\/hydraqa.unicity.net\/v5a-test\/items\/b2fc4b9ba4aa5cae54389161be2f841f","id":{"unicity":"18401"}},"quantity":1,"terms":{"priceEach":40,"taxEach":{"amount":0},"discountEach":{"amount":0},"pvEach":19},"quantityLimit":{"quantityQuota":-1,"timeFrameDays":-1,"quantityOrdered":0}}]},"currency":"USD"},{"lines":{"items":[{"item":{"href":"https:\/\/hydraqa.unicity.net\/v5a-test\/items\/5a38f009bec6c23b1b3a70432f9722e5","id":{"unicity":"19596"}},"quantity":1,"terms":{"priceEach":63,"taxEach":{"amount":0},"discountEach":{"amount":0},"pvEach":30},"quantityLimit":{"quantityQuota":-1,"timeFrameDays":-1,"quantityOrdered":0}}]},"currency":"USD"},{"lines":{"items":[{"item":{"href":"https:\/\/hydraqa.unicity.net\/v5a-test\/items\/398d06b858b960f6f38086d40608aef2","id":{"unicity":"26560"}},"quantity":1,"terms":{"priceEach":21,"taxEach":{"amount":0},"discountEach":{"amount":0},"pvEach":12},"quantityLimit":{"quantityQuota":-1,"timeFrameDays":-1,"quantityOrdered":0}}]},"currency":"USD"},{"lines":{"items":[{"item":{"href":"https:\/\/hydraqa.unicity.net\/v5a-test\/items\/112b8c39286598b3730f630f371a45f4","id":{"unicity":"27587"}},"quantity":1,"terms":{"priceEach":71,"taxEach":{"amount":0},"discountEach":{"amount":0},"pvEach":33},"quantityLimit":{"quantityQuota":-1,"timeFrameDays":-1,"quantityOrdered":0}}]},"currency":"USD"},{"lines":{"items":[{"item":{"href":"https:\/\/hydraqa.unicity.net\/v5a-test\/items\/25eaf64b36ce31368f17ae789fd9ac5b","id":{"unicity":"29694"}},"quantity":1,"terms":{"priceEach":69,"taxEach":{"amount":0},"discountEach":{"amount":0},"pvEach":33},"quantityLimit":{"quantityQuota":-1,"timeFrameDays":-1,"quantityOrdered":0}}]},"currency":"USD"},{"lines":{"items":[{"item":{"href":"https:\/\/hydraqa.unicity.net\/v5a-test\/items\/634f7efb30392b2a919de1355902d975","id":{"unicity":"29408"}},"quantity":1,"terms":{"priceEach":99,"taxEach":{"amount":0},"discountEach":{"amount":0},"pvEach":52},"quantityLimit":{"quantityQuota":-1,"timeFrameDays":-1,"quantityOrdered":0}}]},"currency":"USD"},{"lines":{"items":[{"item":{"href":"https:\/\/hydraqa.unicity.net\/v5a-test\/items\/bb5c627f16547cb4f706cef521bca356","id":{"unicity":"29437"}},"quantity":1,"terms":{"priceEach":78,"taxEach":{"amount":0},"discountEach":{"amount":0},"pvEach":36},"quantityLimit":{"quantityQuota":-1,"timeFrameDays":-1,"quantityOrdered":0}}]},"currency":"USD"},{"lines":{"items":[{"item":{"href":"https:\/\/hydraqa.unicity.net\/v5a-test\/items\/24ff5bda40c0d0e7eaa511866d052915","id":{"unicity":"29612"}},"quantity":1,"terms":{"priceEach":61,"taxEach":{"amount":0},"discountEach":{"amount":0},"pvEach":30},"quantityLimit":{"quantityQuota":-1,"timeFrameDays":-1,"quantityOrdered":0}}]},"currency":"USD"},{"lines":{"items":[{"item":{"href":"https:\/\/hydraqa.unicity.net\/v5a-test\/items\/024e696f8b44a1d315006e676604cd31","id":{"unicity":"27395"}},"quantity":1,"terms":{"priceEach":32,"taxEach":{"amount":0},"discountEach":{"amount":0},"pvEach":16},"quantityLimit":{"quantityQuota":-1,"timeFrameDays":-1,"quantityOrdered":0}}]},"currency":"USD"},{"lines":{"items":[{"item":{"href":"https:\/\/hydraqa.unicity.net\/v5a-test\/items\/05ca08f3808f126c0cc42154c50fc75c","id":{"unicity":"29440"}},"quantity":1,"terms":{"priceEach":138,"taxEach":{"amount":0},"discountEach":{"amount":0},"pvEach":90},"quantityLimit":{"quantityQuota":-1,"timeFrameDays":-1,"quantityOrdered":0}}]},"currency":"USD"},{"lines":{"items":[{"item":{"href":"https:\/\/hydraqa.unicity.net\/v5a-test\/items\/764e2db430d361da99e8f6b70c4d0244","id":{"unicity":"29830"}},"quantity":1,"terms":{"priceEach":20,"taxEach":{"amount":0},"discountEach":{"amount":0},"pvEach":7},"quantityLimit":{"quantityQuota":-1,"timeFrameDays":-1,"quantityOrdered":0}}]},"currency":"USD"},{"lines":{"items":[{"item":{"href":"https:\/\/hydraqa.unicity.net\/v5a-test\/items\/b91affa753dd5ee8a9acef4fa7e2c9a7","id":{"unicity":"30414"}},"quantity":1,"terms":{"priceEach":110,"taxEach":{"amount":0},"discountEach":{"amount":0},"pvEach":65},"quantityLimit":{"quantityQuota":-1,"timeFrameDays":-1,"quantityOrdered":0}}]},"currency":"USD"},{"lines":{"items":[{"item":{"href":"https:\/\/hydraqa.unicity.net\/v5a-test\/items\/2835b1a78e379486f0ffbfd5fb9f6b0a","id":{"unicity":"30400"}},"quantity":1,"terms":{"priceEach":49,"taxEach":{"amount":0},"discountEach":{"amount":0},"pvEach":28},"quantityLimit":{"quantityQuota":-1,"timeFrameDays":-1,"quantityOrdered":0}}]},"currency":"USD"},{"lines":{"items":[{"item":{"href":"https:\/\/hydraqa.unicity.net\/v5a-test\/items\/00c2eb70c985722ce208490aece00945","id":{"unicity":"31729"}},"quantity":1,"terms":{"priceEach":170,"taxEach":{"amount":0},"discountEach":{"amount":0},"pvEach":100},"quantityLimit":{"quantityQuota":-1,"timeFrameDays":-1,"quantityOrdered":0}}]},"currency":"USD"},{"lines":{"items":[{"item":{"href":"https:\/\/hydraqa.unicity.net\/v5a-test\/items\/693a7c4a70b06a00471afe8d6cae5023","id":{"unicity":"31730"}},"quantity":1,"terms":{"priceEach":150,"taxEach":{"amount":0},"discountEach":{"amount":0},"pvEach":80},"quantityLimit":{"quantityQuota":-1,"timeFrameDays":-1,"quantityOrdered":0}}]},"currency":"USD"},{"lines":{"items":[{"item":{"href":"https:\/\/hydraqa.unicity.net\/v5a-test\/items\/ccb242d74dcb1fe621cc7bfe1b1de315","id":{"unicity":"31731"}},"quantity":1,"terms":{"priceEach":112,"taxEach":{"amount":0},"discountEach":{"amount":0},"pvEach":60},"quantityLimit":{"quantityQuota":-1,"timeFrameDays":-1,"quantityOrdered":0}}]},"currency":"USD"},{"lines":{"items":[{"item":{"href":"https:\/\/hydraqa.unicity.net\/v5a-test\/items\/3875e24e6b6ebdf36c79d205614ed51e","id":{"unicity":"31846"}},"quantity":1,"terms":{"priceEach":160,"taxEach":{"amount":0},"discountEach":{"amount":0},"pvEach":94},"quantityLimit":{"quantityQuota":-1,"timeFrameDays":-1,"quantityOrdered":0}}]},"currency":"USD"},{"lines":{"items":[{"item":{"href":"https:\/\/hydraqa.unicity.net\/v5a-test\/items\/89b6d29a85a88d44d65bc8cca3fefc65","id":{"unicity":"31845"}},"quantity":1,"terms":{"priceEach":170,"taxEach":{"amount":0},"discountEach":{"amount":0},"pvEach":100},"quantityLimit":{"quantityQuota":-1,"timeFrameDays":-1,"quantityOrdered":0}}]},"currency":"USD"},{"lines":{"items":[{"item":{"href":"https:\/\/hydraqa.unicity.net\/v5a-test\/items\/65f231539924a2fa376afdb39f1f06d6","id":{"unicity":"31848"}},"quantity":1,"terms":{"priceEach":112,"taxEach":{"amount":0},"discountEach":{"amount":0},"pvEach":60},"quantityLimit":{"quantityQuota":-1,"timeFrameDays":-1,"quantityOrdered":0}}]},"currency":"USD"},{"lines":{"items":[{"item":{"href":"https:\/\/hydraqa.unicity.net\/v5a-test\/items\/fbb319232b7eed110794d46a68302acb","id":{"unicity":"31847"}},"quantity":1,"terms":{"priceEach":150,"taxEach":{"amount":0},"discountEach":{"amount":0},"pvEach":80},"quantityLimit":{"quantityQuota":-1,"timeFrameDays":-1,"quantityOrdered":0}}]},"currency":"USD"},{"lines":{"items":[{"item":{"href":"https:\/\/hydraqa.unicity.net\/v5a-test\/items\/cf8460040a1860bcabf250b6c1171675","id":{"unicity":"31858"}},"quantity":1,"terms":{"priceEach":330,"taxEach":{"amount":0},"discountEach":{"amount":0},"pvEach":195},"quantityLimit":{"quantityQuota":-1,"timeFrameDays":-1,"quantityOrdered":0}}]},"currency":"USD"},{"lines":{"items":[{"item":{"href":"https:\/\/hydraqa.unicity.net\/v5a-test\/items\/2de8516a24af8232add0bb392e750a71","id":{"unicity":"31859"}},"quantity":1,"terms":{"priceEach":225,"taxEach":{"amount":0},"discountEach":{"amount":0},"pvEach":130},"quantityLimit":{"quantityQuota":-1,"timeFrameDays":-1,"quantityOrdered":0}}]},"currency":"USD"},{"lines":{"items":[{"item":{"href":"https:\/\/hydraqa.unicity.net\/v5a-test\/items\/fd464cd7972cc1317e850b9196d886b8","id":{"unicity":"31863"}},"quantity":1,"terms":{"priceEach":255,"taxEach":{"amount":0},"discountEach":{"amount":0},"pvEach":148},"quantityLimit":{"quantityQuota":-1,"timeFrameDays":-1,"quantityOrdered":0}}]},"currency":"USD"},{"lines":{"items":[{"item":{"href":"https:\/\/hydraqa.unicity.net\/v5a-test\/items\/e47fd287212acedd1cffb2b67bf623bd","id":{"unicity":"31862"}},"quantity":1,"terms":{"priceEach":255,"taxEach":{"amount":0},"discountEach":{"amount":0},"pvEach":148},"quantityLimit":{"quantityQuota":-1,"timeFrameDays":-1,"quantityOrdered":0}}]},"currency":"USD"},{"lines":{"items":[{"item":{"href":"https:\/\/hydraqa.unicity.net\/v5a-test\/items\/d4c8fce238d6fc34d17a4b36d1e4e59a","id":{"unicity":"31860"}},"quantity":1,"terms":{"priceEach":245,"taxEach":{"amount":0},"discountEach":{"amount":0},"pvEach":135},"quantityLimit":{"quantityQuota":-1,"timeFrameDays":-1,"quantityOrdered":0}}]},"currency":"USD"},{"lines":{"items":[{"item":{"href":"https:\/\/hydraqa.unicity.net\/v5a-test\/items\/4ab49eca1731e69206ccafb5112ad5a4","id":{"unicity":"31861"}},"quantity":1,"terms":{"priceEach":245,"taxEach":{"amount":0},"discountEach":{"amount":0},"pvEach":135},"quantityLimit":{"quantityQuota":-1,"timeFrameDays":-1,"quantityOrdered":0}}]},"currency":"USD"},{"lines":{"items":[{"item":{"href":"https:\/\/hydraqa.unicity.net\/v5a-test\/items\/077823d29445b9020de9931f10c63efd","id":{"unicity":"31958"}},"quantity":1,"terms":{"priceEach":160,"taxEach":{"amount":0},"discountEach":{"amount":0},"pvEach":85},"quantityLimit":{"quantityQuota":-1,"timeFrameDays":-1,"quantityOrdered":0}}]},"currency":"USD"},{"lines":{"items":[{"item":{"href":"https:\/\/hydraqa.unicity.net\/v5a-test\/items\/bfddb53fe0d5ed5432c531dc9850cbe4","id":{"unicity":"29449"}},"quantity":1,"terms":{"priceEach":43,"taxEach":{"amount":0},"discountEach":{"amount":0},"pvEach":25},"quantityLimit":{"quantityQuota":-1,"timeFrameDays":-1,"quantityOrdered":0}}]},"currency":"USD"},{"lines":{"items":[{"item":{"href":"https:\/\/hydraqa.unicity.net\/v5a-test\/items\/50747027a065cb8361c1f0d6eb880466","id":{"unicity":"32030"}},"quantity":1,"terms":{"priceEach":179,"taxEach":{"amount":0},"discountEach":{"amount":0},"pvEach":102},"quantityLimit":{"quantityQuota":-1,"timeFrameDays":-1,"quantityOrdered":0}}]},"currency":"USD"}]}
Entry request : {"order":{"customer":{"href":"https://hydraqa.unicity.net/v5a-test/customers?type=PreferredCustomer"},"shipToAddress":{"country":"US","state":"PR"}},"vary":{"lines":{"items":[{"item":{"href":"https://hydraqa.unicity.net/v5a-test/items?id.unicity=26580|31441|27801|27951|22747|26550|26554|26557|26561|26562|27739|27585|25008|26442|26555|18908|26552|27653|27212|27218|26983|27210|18401|25803|27029|27208|19596|26945|26560|27587|29694|29408|29437|29612|27395|29440|29830|30414|30400|31729|31730|31731|31846|31845|31848|31847|31858|31859|31863|31862|31860|31861|31958|29449|32030"}}]}}}
Request URL: https://hydraqa.unicity.net/v5a-test/customers.js?callback=angular.callbacks._1&expand=customer,profilePicture&id.unicity=2
Request URL: https://hydraqa.unicity.net/v5a-test/customers.js?_httpMethod=HEAD&callback=angular.callbacks._4&email=WGVQEG@gmail.com
Request URL: https://hydraqa.unicity.net/v5a-test/addresses?country=PR&zip=00907
Entry response : {"items":[{"city":"San Juan","state":"San Juan"}]}
{sponsor=2, gender=female, city=SAN JUAN, cartprice=404.0, enroller=2, arpack=Prime Health Pack - Cholesterol, Energy, Vanilla, language=Español, locale=es, type=PreferredCustomer, platform=QA, lname=TestLastName, password=Unicity, genderoption=Femenino, Currency=USD, api=4, state=[San Juan], email=WGVQEG@gmail.com, zip=00907, fname=TestFirstName, prefferd=Puerto Rico, address2=Address 2, address1=Address 1, shippingmethod=type=Economy, version=v5a-test/, testcase=normal, market=Puerto Rico, aritemcode=26580, referral=yes, martial=Single, phone=9823746323, proto=https://hydraqa.unicity.net/, marketcode=PR, maritaloption=Soltero, ccname=CCNameTest}
Request URL: https://hydraqa.unicity.net/v5a-test/orders.js
Entry request : {"customer":{"mainAddress":{"city":"SAN JUAN","country":"US","state":"PR","zip":"00907","address1":"Address 1","address2":"Address 2"},"humanName":{"firstName":"TestFirstName","lastName":"TestLastName"},"email":"WGVQEG@gmail.com","preferredLocale":"es-PR","password":{"value":"Unicity"},"gender":"female","maritalStatus":"Single","type":"PreferredCustomer","creditcardaliases":[{"methodDetails":{"creditCardNumber":"4111111111111111","payer":"TestFirstName TestLastName","creditCardExpires":"2020-10"},"billToName":{"firstName":"TestFirstName","lastName":"TestLastName"},"billToAddress":{"address1":"Address 1","address2":"Address 2","city":"SAN JUAN","state":"PR","zip":"00907","country":"US"}}],"sponsor":{"href":"https://hydraqa.unicity.net/v5a-test/customers?id.unicity=2"},"enroller":{"href":"https://hydraqa.unicity.net/v5a-test/customers?id.unicity=2"},"homePhone":"9823746323","autoorders":{"items":[{"recurrence":{"schedule":{"month":"*","dayOfMonth":"15"},"status":"Enabled"},"lines":{"items":[{"item":{"href":"https://hydraqa.unicity.net/v5a-test/items?id.unicity=26580"},"quantity":1}]},"shipToName":{"firstName":"TestFirstName","lastName":"TestLastName"},"shipToPhone":"9823746323","shipToEmail":"WGVQEG@gmail.com","shipToAddress":{"city":"SAN JUAN","country":"US","state":"PR","address1":"Address 1","address2":"Address 2","zip":"00907"},"shippingMethod":{"href":"https://hydraqa.unicity.net/v5a-test/shippingmethods?type=FedEx International"},"transactions":{"items":[{"amount":"this.terms.total","type":"AuthorizeAndCapture","method":"CreditCardAlias","methodDetails":{"alias":"this.customer.creditcardaliases[0].alias"}}]}}]},"rights":[]},"lines":{"items":[{"item":{"href":"https://hydraqa.unicity.net/v5a-test/items?id.unicity=27801"},"quantity":1},{"item":{"href":"https://hydraqa.unicity.net/v5a-test/items?id.unicity=32030"},"quantity":1}]},"shipToName":{"firstName":"TestFirstName","lastName":"TestLastName"},"shipToPhone":"9823746323","shipToEmail":"WGVQEG@gmail.com","shipToAddress":{"city":"SAN JUAN","country":"US","state":"PR","address1":"Address 1","address2":"Address 2","zip":"00907"},"shippingMethod":{"href":"https://hydraqa.unicity.net/v5a-test/shippingmethods?type=FedEx International"},"notes":"","transactions":{"items":[{"amount":"this.terms.total","type":"AuthorizeAndCapture","method":"CreditCard","methodDetails":{"creditCardNumber":"4111111111111111","payer":"CCNameTest","creditCardExpires":"2020-10","creditCardSecurityCode":"123"},"billToAddress":{"address1":"Address 1","address2":"Address 2","city":"SAN JUAN","state":"PR","zip":"00907","country":"US"}},{"type":"AuthorizeAndCapture","method":"Coupon","methodDetails":{"code":"Fre3Aut0Sh!p"}}]}}
Entry response : {"meta":{"Link":"<http:\/\/unicity.github.io\/Hydra.php\/docs\/v5\/>; rel=\"help\"","X-Request-UUID":"34f50550-886e-45a5-8a2f-7386d51c4fac","X-Request-Release":"5-2020063002\/master","WWW-Authenticate":"Basic realm=\"Restricted API\"","Cache-Control":"no-cache, must-revalidate","Expires":"0","X-Powered-By":"Luracast Restler v3.0.0rc5","Content-Type":"text\/javascript; charset=utf-8","Content-Language":"en","X-Status-Code":"201"},"data":{"market":"US","notes":"","shippingMethod":{"type":"FedEx International","href":"https:\/\/hydraqa.unicity.net\/v5a-test\/shippingmethods?type=FedEx International","location":""},"shipToAddress":{"country":"US","state":"PR","city":"SAN JUAN","zip":"00907","address1":"Address 1","address2":"Address 2"},"shipToEmail":"WGVQEG@gmail.com","shipToName":{"firstName":"TestFirstName","lastName":"TestLastName"},"shipToPhone":"9823746323","shipToTime":null,"source":null,"type":null,"lines":{"items":[{"quantity":1,"item":{"href":"https:\/\/hydraqa.unicity.net\/v5a-test\/items?id.unicity=27801","id":{"unicity":"27801"},"weightEach":{"value":0,"unit":"lbs"},"dimensionsEach":{"width":0,"height":0,"depth":0,"unit":"in"},"taxedAs":"goods"},"quantityLimit":{"quantityQuota":-1,"timeFrameDays":-1,"quantityOrdered":0},"terms":{"subtotal":null,"priceEach":225,"pvEach":130,"cvEach":130,"taxablePriceEach":225,"tax":{"categoryDescription":null,"aggregate":{"items":[{"jurisdiction":{"address2":"PUERTO RICO"},"type":"Territory","amount":0,"percentage":0},{"jurisdiction":{"county":"SAN JUAN"},"type":"County","amount":0,"percentage":0}],"amount":0}},"pv":130,"price":225},"catalogSlide":{"content":{"description":"Core Pack Matcha Energy Balance Cholesterol C"}},"kitChildren":[{"item":{"id":{"unicity":"26552"},"weightEach":{"value":0.8,"unit":"lbs"},"dimensionsEach":{"width":6.5,"height":4.25,"depth":3,"unit":"in"},"taxedAs":"goods"},"quantity":1,"terms":{"subtotal":null,"priceEach":79,"pvEach":49,"cvEach":49,"taxablePriceEach":79,"tax":{"categoryDescription":"TG240","aggregate":{"items":[{"jurisdiction":{"address2":"PUERTO RICO"},"type":"Territory","amount":8.3,"percentage":10.5},{"jurisdiction":{"county":"SAN JUAN"},"type":"County","amount":0.79,"percentage":1}],"amount":9.09}}},"catalogSlide":{"content":{"description":"Matcha Energy 30"}}},{"item":{"id":{"unicity":"27585"},"weightEach":{"value":2.8,"unit":"lbs"},"dimensionsEach":{"width":5.59,"height":9.75,"depth":5.59,"unit":"in"},"taxedAs":"goods"},"quantity":1,"terms":{"subtotal":null,"priceEach":57,"pvEach":31,"cvEach":31,"taxablePriceEach":57,"tax":{"categoryDescription":"TG75","aggregate":{"items":[{"jurisdiction":{"address2":"PUERTO RICO"},"type":"Territory","amount":5.99,"percentage":10.5},{"jurisdiction":{"county":"SAN JUAN"},"type":"County","amount":0.57,"percentage":1}],"amount":6.56}}},"catalogSlide":{"content":{"description":"Complete Chocolate w\/Stevia"}}},{"item":{"id":{"unicity":"26550"},"weightEach":{"value":1.36,"unit":"lbs"},"dimensionsEach":{"width":4.833,"height":4.125,"depth":8.369,"unit":"in"},"taxedAs":"goods"},"quantity":1,"terms":{"subtotal":null,"priceEach":89,"pvEach":50,"cvEach":50,"taxablePriceEach":89,"tax":{"categoryDescription":"TG75","aggregate":{"items":[{"jurisdiction":{"address2":"PUERTO RICO"},"type":"Territory","amount":9.35,"percentage":10.5},{"jurisdiction":{"county":"SAN JUAN"},"type":"County","amount":0.89,"percentage":1}],"amount":10.24}}},"catalogSlide":{"content":{"description":"Balance Cholesterol 60"}}}]},{"quantity":1,"item":{"href":"https:\/\/hydraqa.unicity.net\/v5a-test\/items?id.unicity=32030","id":{"unicity":"32030"},"weightEach":{"value":0,"unit":"lbs"},"dimensionsEach":{"width":0,"height":0,"depth":0,"unit":"in"},"taxedAs":"goods"},"quantityLimit":{"quantityQuota":-1,"timeFrameDays":-1,"quantityOrdered":0},"terms":{"subtotal":null,"priceEach":179,"pvEach":102,"cvEach":102,"taxablePriceEach":179,"tax":{"categoryDescription":null,"aggregate":{"items":[{"jurisdiction":{"address2":"PUERTO RICO"},"type":"Territory","amount":0,"percentage":0},{"jurisdiction":{"county":"SAN JUAN"},"type":"County","amount":0,"percentage":0}],"amount":0}},"pv":102,"price":179},"catalogSlide":{"content":{"description":"Pack U365 Bal Matcha US\/PR"}},"kitChildren":[{"item":{"id":{"unicity":"26550"},"weightEach":{"value":1.36,"unit":"lbs"},"dimensionsEach":{"width":4.833,"height":4.125,"depth":8.369,"unit":"in"},"taxedAs":"goods"},"quantity":1,"terms":{"subtotal":null,"priceEach":94,"pvEach":52,"cvEach":52,"taxablePriceEach":94,"tax":{"categoryDescription":"TG75","aggregate":{"items":[{"jurisdiction":{"address2":"PUERTO RICO"},"type":"Territory","amount":9.87,"percentage":10.5},{"jurisdiction":{"county":"SAN JUAN"},"type":"County","amount":0.94,"percentage":1}],"amount":10.81}}},"catalogSlide":{"content":{"description":"Balance Cholesterol 60"}}},{"item":{"id":{"unicity":"26552"},"weightEach":{"value":0.8,"unit":"lbs"},"dimensionsEach":{"width":6.5,"height":4.25,"depth":3,"unit":"in"},"taxedAs":"goods"},"quantity":1,"terms":{"subtotal":null,"priceEach":85,"pvEach":50,"cvEach":50,"taxablePriceEach":85,"tax":{"categoryDescription":"TG240","aggregate":{"items":[{"jurisdiction":{"address2":"PUERTO RICO"},"type":"Territory","amount":8.92,"percentage":10.5},{"jurisdiction":{"county":"SAN JUAN"},"type":"County","amount":0.85,"percentage":1}],"amount":9.77}}},"catalogSlide":{"content":{"description":"Matcha Energy 30"}}}]}],"aggregate":{"weight":{"unit":"lbs","value":7.12}}},"transactions":{"items":[{"amount":495.51,"billToAddress":{"address1":"Address 1","address2":"Address 2","city":"SAN JUAN","state":"PR","zip":"00907","country":"US"},"billToEmail":null,"installments":null,"method":"CreditCard","methodDetails":{"creditCardExpires":"2020-10","payer":"CCNameTest","payerId":null,"creditCardNumberMasked":"411111xxxxxx1111","creditCardNetwork":"visa"},"type":"AuthorizeAndCapture","index":1,"authorization":"40051271586","id":{"teller":206937}}]},"terms":{"subtotal":404,"discount":{"amount":0},"freight":{"amount":40.4,"terms":{"tax":{"aggregate":{"items":[{"jurisdiction":{"address2":"PUERTO RICO"},"type":"Territory","amount":4.24,"percentage":10.5},{"jurisdiction":{"county":"SAN JUAN"},"type":"County","amount":0.4,"percentage":1}],"amount":4.64}}}},"pretotal":495.51,"pv":232,"tax":{"amount":51.11},"taxableTotal":444.4,"timbre":{"amount":0},"total":495.51,"weight":7.12},"dateCreated":"2020-06-30T13:27:05-06:00","currency":"USD","giftReceipt":false,"customer":{"humanName":{"firstName":"TestFirstName","lastName":"TestLastName"},"mainAddress":{"city":"SAN JUAN","country":"US","state":"PR","zip":"00907","address1":"Address 1","address2":"Address 2"},"type":"PreferredCustomer","email":"WGVQEG@gmail.com","gender":"female","password":{"value":"Unicity"},"enroller":{"href":"https:\/\/hydraqa.unicity.net\/v5a-test\/customers\/f0cbfab7062ed827a4e700264e473f1d","id":{"unicity":"2"},"email":"danw@infotraxsys.com","humanName":{"fullName":"Referral Program"}},"sponsor":{"href":"https:\/\/hydraqa.unicity.net\/v5a-test\/customers\/f0cbfab7062ed827a4e700264e473f1d","id":{"unicity":"2"},"email":"danw@infotraxsys.com","humanName":{"fullName":"Referral Program"}},"homePhone":"9823746323","preferredLocale":"es-PR","maritalStatus":"Single","autoorders":{"items":[{"id":{"unicity":104282},"transactions":{"items":[]}}]},"rights":[],"status":"Active","id":{"unicity":"208227501"},"token":"5e508aa7-7ab9-4238-8b3b-5c888793fe7c","href":"https:\/\/hydraqa.unicity.net\/v5a-test\/customers\/df112c781149ac67b24f525d03e61922645e373fb73bfda48c2e071b08d95cf7"},"added_lines":{"items":[],"aggregate":{"weight":{"unit":"lbs","value":0}}},"seller":{"href":"https:\/\/hydraqa.unicity.net\/v5a-test\/sellers\/e7c10d4e70b0c857a99c16576ade8003","id":{"unicity":"5"}},"added_transactions":{"items":[]},"id":{"unicity":"52702480"},"href":"https:\/\/hydraqa.unicity.net\/v5a-test\/orders\/8a5ab8497ad0976d93b596970066dc4b866d56c0a428648d4f6a90aa4b8e1657"}}
Headers-->keep-alive
Headers-->2691
Headers-->application/json, text/plain, */*
Headers-->es-PR
Headers-->application/json;charset=UTF-8
]]></system-out>
    <system-err><![CDATA[Starting ChromeDriver 2.36.540470 (e522d04694c7ebea4ba8821272dbef4f9b818c91) on port 11042
Only local connections are allowed.
Jun 30, 2020 1:24:30 PM org.openqa.selenium.remote.ProtocolHandshake createSession
INFO: Detected dialect: OSS
]]></system-err>
  </testcase>
  <testcase name="Enroll" classname="Tests.PrefferedCustomer" time="262.957"/>
  <testcase name="Enroll" classname="Tests.PrefferedCustomer" time="230.154"/>
  <testcase name="GetFit" classname="Tests.Fit" time="296.056">
    <failure message="Expected condition failed: waiting for element to no longer be visible: By.xpath: //img[@src=&apos;assets/img/spinner.gif&apos;] (tried for 200 second(s) with 500 MILLISECONDS interval)&#10;Build info: version: &apos;3.8.1&apos;, revision: &apos;6e95a6684b&apos;, time: &apos;2017-12-01T18:33:54.468Z&apos;&#10;System info: host: &apos;QASERVER01&apos;, ip: &apos;10.2.0.23&apos;, os.name: &apos;Windows Server 2012 R2&apos;, os.arch: &apos;amd64&apos;, os.version: &apos;6.3&apos;, java.version: &apos;1.8.0_111&apos;&#10;Driver info: org.openqa.selenium.chrome.ChromeDriver&#10;Capabilities {acceptInsecureCerts: false, acceptSslCerts: false, applicationCacheEnabled: false, browserConnectionEnabled: false, browserName: chrome, chrome: {chromedriverVersion: 2.36.540470 (e522d04694c7eb..., userDataDir: C:\Users\sumancb\AppData\Lo...}, cssSelectorsEnabled: true, databaseEnabled: false, handlesAlerts: true, hasTouchScreen: false, javascriptEnabled: true, locationContextEnabled: true, mobileEmulationEnabled: false, nativeEvents: true, networkConnectionEnabled: false, pageLoadStrategy: normal, platform: XP, platformName: XP, rotatable: false, setWindowRect: true, takesHeapSnapshot: true, takesScreenshot: true, unexpectedAlertBehaviour: , unhandledPromptBehavior: , version: 83.0.4103.116, webStorageEnabled: true}&#10;Session ID: 25c26ce3e2bf3ae4db2e1daf915d690b" type="org.openqa.selenium.TimeoutException">org.openqa.selenium.TimeoutException: 
Expected condition failed: waiting for element to no longer be visible: By.xpath: //img[@src='assets/img/spinner.gif'] (tried for 200 second(s) with 500 MILLISECONDS interval)
Build info: version: '3.8.1', revision: '6e95a6684b', time: '2017-12-01T18:33:54.468Z'
System info: host: 'QASERVER01', ip: '10.2.0.23', os.name: 'Windows Server 2012 R2', os.arch: 'amd64', os.version: '6.3', java.version: '1.8.0_111'
Driver info: org.openqa.selenium.chrome.ChromeDriver
Capabilities {acceptInsecureCerts: false, acceptSslCerts: false, applicationCacheEnabled: false, browserConnectionEnabled: false, browserName: chrome, chrome: {chromedriverVersion: 2.36.540470 (e522d04694c7eb..., userDataDir: C:\Users\sumancb\AppData\Lo...}, cssSelectorsEnabled: true, databaseEnabled: false, handlesAlerts: true, hasTouchScreen: false, javascriptEnabled: true, locationContextEnabled: true, mobileEmulationEnabled: false, nativeEvents: true, networkConnectionEnabled: false, pageLoadStrategy: normal, platform: XP, platformName: XP, rotatable: false, setWindowRect: true, takesHeapSnapshot: true, takesScreenshot: true, unexpectedAlertBehaviour: , unhandledPromptBehavior: , version: 83.0.4103.116, webStorageEnabled: true}
Session ID: 25c26ce3e2bf3ae4db2e1daf915d690b
	at Tests.Fit.GetFit(Fit.java:70)
</failure>
    <system-out><![CDATA[Start----GB-en
Request URL: https://hydraqa.unicity.net/v5a-test/customers.js?callback=angular.callbacks._1&expand=customer,profilePicture&id.unicity=2
]]></system-out>
    <system-err><![CDATA[Starting ChromeDriver 2.36.540470 (e522d04694c7ebea4ba8821272dbef4f9b818c91) on port 22357
Only local connections are allowed.
Jun 30, 2020 1:36:11 PM org.openqa.selenium.remote.ProtocolHandshake createSession
INFO: Detected dialect: OSS
]]></system-err>
  </testcase>
  <testcase name="GetFit" classname="Tests.Fit" time="320.738">
    <failure message="Expected condition failed: waiting for element to no longer be visible: By.xpath: //img[@src=&apos;assets/img/spinner.gif&apos;] (tried for 200 second(s) with 500 MILLISECONDS interval)&#10;Build info: version: &apos;3.8.1&apos;, revision: &apos;6e95a6684b&apos;, time: &apos;2017-12-01T18:33:54.468Z&apos;&#10;System info: host: &apos;QASERVER01&apos;, ip: &apos;10.2.0.23&apos;, os.name: &apos;Windows Server 2012 R2&apos;, os.arch: &apos;amd64&apos;, os.version: &apos;6.3&apos;, java.version: &apos;1.8.0_111&apos;&#10;Driver info: org.openqa.selenium.chrome.ChromeDriver&#10;Capabilities {acceptInsecureCerts: false, acceptSslCerts: false, applicationCacheEnabled: false, browserConnectionEnabled: false, browserName: chrome, chrome: {chromedriverVersion: 2.36.540470 (e522d04694c7eb..., userDataDir: C:\Users\sumancb\AppData\Lo...}, cssSelectorsEnabled: true, databaseEnabled: false, handlesAlerts: true, hasTouchScreen: false, javascriptEnabled: true, locationContextEnabled: true, mobileEmulationEnabled: false, nativeEvents: true, networkConnectionEnabled: false, pageLoadStrategy: normal, platform: XP, platformName: XP, rotatable: false, setWindowRect: true, takesHeapSnapshot: true, takesScreenshot: true, unexpectedAlertBehaviour: , unhandledPromptBehavior: , version: 83.0.4103.116, webStorageEnabled: true}&#10;Session ID: dc94be7d04b2e8960333191146d58c61" type="org.openqa.selenium.TimeoutException">org.openqa.selenium.TimeoutException: 
Expected condition failed: waiting for element to no longer be visible: By.xpath: //img[@src='assets/img/spinner.gif'] (tried for 200 second(s) with 500 MILLISECONDS interval)
Build info: version: '3.8.1', revision: '6e95a6684b', time: '2017-12-01T18:33:54.468Z'
System info: host: 'QASERVER01', ip: '10.2.0.23', os.name: 'Windows Server 2012 R2', os.arch: 'amd64', os.version: '6.3', java.version: '1.8.0_111'
Driver info: org.openqa.selenium.chrome.ChromeDriver
Capabilities {acceptInsecureCerts: false, acceptSslCerts: false, applicationCacheEnabled: false, browserConnectionEnabled: false, browserName: chrome, chrome: {chromedriverVersion: 2.36.540470 (e522d04694c7eb..., userDataDir: C:\Users\sumancb\AppData\Lo...}, cssSelectorsEnabled: true, databaseEnabled: false, handlesAlerts: true, hasTouchScreen: false, javascriptEnabled: true, locationContextEnabled: true, mobileEmulationEnabled: false, nativeEvents: true, networkConnectionEnabled: false, pageLoadStrategy: normal, platform: XP, platformName: XP, rotatable: false, setWindowRect: true, takesHeapSnapshot: true, takesScreenshot: true, unexpectedAlertBehaviour: , unhandledPromptBehavior: , version: 83.0.4103.116, webStorageEnabled: true}
Session ID: dc94be7d04b2e8960333191146d58c61
	at Tests.Fit.GetFit(Fit.java:70)
</failure>
    <system-out><![CDATA[Start----US-es
Request URL: https://hydraqa.unicity.net/v5a-test/customers.js?callback=angular.callbacks._1&expand=customer,profilePicture&id.unicity=2
Unicity [Date=Tue, 30 Jun 2020 19:42:33 GMT, Content-Type=text/javascript; charset=utf-8, Content-Length=1387, Connection=keep-alive, Set-Cookie=__cfduid=dae12b1c21f8d394c6ad36c4da1f8936f1593546149; expires=Thu, 30-Jul-20 19:42:29 GMT; path=/; domain=.unicity.net; HttpOnly; SameSite=Lax, X-Powered-By=Express, x-request-id=379524e6-fa9f-4355-bc1d-24d01ec49ba8, x-request-release=5-2020063002/master, x-request-uuid=379524e6-fa9f-4355-bc1d-24d01ec49ba8, Access-Control-Allow-Origin=http://enroll.ng.unicityqa.com, vary=Accept-Encoding, link=<http://unicity.github.io/Hydra.php/docs/v5/>; rel="help", www-authenticate=Basic realm="Restricted API", cache-control=no-cache, must-revalidate, expires=0, content-language=en-US, x-status-code=200, content-encoding=gzip, x-envoy-upstream-service-time=3487, access-control-expose-headers=x-b3-traceid, x-request-id, ETag=W/"56b-mVtpcP6byN57URkBfRv+v5lmv1o", CF-Cache-Status=DYNAMIC, cf-request-id=03a859a7880000fbac07261200000001, Expect-CT=max-age=604800, report-uri="https://report-uri.cloudflare.com/cdn-cgi/beacon/expect-ct", Server=cloudflare, CF-RAY=5aba5eec0ff1fbac-MCI, alt-svc=h3-27=":443"; ma=86400, h3-28=":443"; ma=86400, h3-29=":443"; ma=86400]
suman84097
{shipToAddress={zip=84097, country=US, city=OREM, address1=1209 N 800 E, state=UT}, shippingMethod={href=https://hydraqa.unicity.net/v5a-test/shippingmethods?type=2Days}, lines={items=[{item={href=https://hydraqa.unicity.net/v5a-test/items?id.unicity=26550}, quantity=1}, {item={href=https://hydraqa.unicity.net/v5a-test/items?id.unicity=30738}, quantity=1}]}, transactions={items=[{method=Coupon, methodDetails={code=Fre3Aut0Sh!p}, type=AuthorizeAndCapture}]}, customer={href=https://hydraqa.unicity.net/v5a-test/customers?type=Associate}}
kalyan84097
Request URL: https://hydraqa.unicity.net/v5a-test/addresses?country=US&zip=84097
Entry response : {"items":[{"city":"Orem","state":"UT"}]}
No Pop UP
]]></system-out>
    <system-err><![CDATA[Starting ChromeDriver 2.36.540470 (e522d04694c7ebea4ba8821272dbef4f9b818c91) on port 5188
Only local connections are allowed.
Jun 30, 2020 1:41:15 PM org.openqa.selenium.remote.ProtocolHandshake createSession
INFO: Detected dialect: OSS
]]></system-err>
  </testcase>
  <testcase name="GetFit" classname="Tests.Fit" time="294.84">
    <failure message="Expected condition failed: waiting for element to no longer be visible: By.xpath: //img[@src=&apos;assets/img/spinner.gif&apos;] (tried for 200 second(s) with 500 MILLISECONDS interval)&#10;Build info: version: &apos;3.8.1&apos;, revision: &apos;6e95a6684b&apos;, time: &apos;2017-12-01T18:33:54.468Z&apos;&#10;System info: host: &apos;QASERVER01&apos;, ip: &apos;10.2.0.23&apos;, os.name: &apos;Windows Server 2012 R2&apos;, os.arch: &apos;amd64&apos;, os.version: &apos;6.3&apos;, java.version: &apos;1.8.0_111&apos;&#10;Driver info: org.openqa.selenium.chrome.ChromeDriver&#10;Capabilities {acceptInsecureCerts: false, acceptSslCerts: false, applicationCacheEnabled: false, browserConnectionEnabled: false, browserName: chrome, chrome: {chromedriverVersion: 2.36.540470 (e522d04694c7eb..., userDataDir: C:\Users\sumancb\AppData\Lo...}, cssSelectorsEnabled: true, databaseEnabled: false, handlesAlerts: true, hasTouchScreen: false, javascriptEnabled: true, locationContextEnabled: true, mobileEmulationEnabled: false, nativeEvents: true, networkConnectionEnabled: false, pageLoadStrategy: normal, platform: XP, platformName: XP, rotatable: false, setWindowRect: true, takesHeapSnapshot: true, takesScreenshot: true, unexpectedAlertBehaviour: , unhandledPromptBehavior: , version: 83.0.4103.116, webStorageEnabled: true}&#10;Session ID: 81375c33f241bfa6dc7cc83f28cd9209" type="org.openqa.selenium.TimeoutException">org.openqa.selenium.TimeoutException: 
Expected condition failed: waiting for element to no longer be visible: By.xpath: //img[@src='assets/img/spinner.gif'] (tried for 200 second(s) with 500 MILLISECONDS interval)
Build info: version: '3.8.1', revision: '6e95a6684b', time: '2017-12-01T18:33:54.468Z'
System info: host: 'QASERVER01', ip: '10.2.0.23', os.name: 'Windows Server 2012 R2', os.arch: 'amd64', os.version: '6.3', java.version: '1.8.0_111'
Driver info: org.openqa.selenium.chrome.ChromeDriver
Capabilities {acceptInsecureCerts: false, acceptSslCerts: false, applicationCacheEnabled: false, browserConnectionEnabled: false, browserName: chrome, chrome: {chromedriverVersion: 2.36.540470 (e522d04694c7eb..., userDataDir: C:\Users\sumancb\AppData\Lo...}, cssSelectorsEnabled: true, databaseEnabled: false, handlesAlerts: true, hasTouchScreen: false, javascriptEnabled: true, locationContextEnabled: true, mobileEmulationEnabled: false, nativeEvents: true, networkConnectionEnabled: false, pageLoadStrategy: normal, platform: XP, platformName: XP, rotatable: false, setWindowRect: true, takesHeapSnapshot: true, takesScreenshot: true, unexpectedAlertBehaviour: , unhandledPromptBehavior: , version: 83.0.4103.116, webStorageEnabled: true}
Session ID: 81375c33f241bfa6dc7cc83f28cd9209
	at Tests.Fit.GetFit(Fit.java:70)
</failure>
    <system-out><![CDATA[Start----CA-en
Request URL: https://hydraqa.unicity.net/v5a-test/customers.js?callback=angular.callbacks._1&expand=customer,profilePicture&id.unicity=2
Unicity [Date=Tue, 30 Jun 2020 19:47:59 GMT, Content-Type=text/javascript; charset=utf-8, Content-Length=1262, Connection=keep-alive, Set-Cookie=__cfduid=dc52dc88c2ab3acf75a0235188d93de9c1593546476; expires=Thu, 30-Jul-20 19:47:56 GMT; path=/; domain=.unicity.net; HttpOnly; SameSite=Lax, X-Powered-By=Express, x-request-id=255ec6d7-fff5-491b-8375-839cc9a7a4b4, x-request-release=5-2020063002/master, x-request-uuid=255ec6d7-fff5-491b-8375-839cc9a7a4b4, Access-Control-Allow-Origin=http://enroll.ng.unicityqa.com, vary=Accept-Encoding, link=<http://unicity.github.io/Hydra.php/docs/v5/>; rel="help", www-authenticate=Basic realm="Restricted API", cache-control=no-cache, must-revalidate, expires=0, content-language=en-US, x-status-code=200, content-encoding=gzip, x-envoy-upstream-service-time=3406, access-control-expose-headers=x-b3-traceid, x-request-id, ETag=W/"4ee-oqmsI1EuGQPNYKbqig2tcjr21Dk", CF-Cache-Status=DYNAMIC, cf-request-id=03a85ea30c0000fbbc03be7200000001, Expect-CT=max-age=604800, report-uri="https://report-uri.cloudflare.com/cdn-cgi/beacon/expect-ct", Server=cloudflare, CF-RAY=5aba66e4e973fbbc-MCI, alt-svc=h3-27=":443"; ma=86400, h3-28=":443"; ma=86400, h3-29=":443"; ma=86400]
sumanB4V2K4
{shipToAddress={zip=B4V2K4, country=CA, city=BRIDGEWATER, address1=Address 1, state=NS}, shippingMethod={href=https://hydraqa.unicity.net/v5a-test/shippingmethods?type=Canada Post}, lines={items=[{item={href=https://hydraqa.unicity.net/v5a-test/items?id.unicity=29147}, quantity=1}, {item={href=https://hydraqa.unicity.net/v5a-test/items?id.unicity=30738}, quantity=1}]}, transactions={items=[{method=Coupon, methodDetails={code=Fre3Aut0Sh!p}, type=AuthorizeAndCapture}]}, customer={href=https://hydraqa.unicity.net/v5a-test/customers?type=Associate}}
kalyanB4V2K4
Request URL: https://hydraqa.unicity.net/v5a-test/addresses?country=CA&zip=B4V2K4
Entry response : {"items":[{"city":"Bridgewater","state":"NS"}]}
]]></system-out>
    <system-err><![CDATA[Starting ChromeDriver 2.36.540470 (e522d04694c7ebea4ba8821272dbef4f9b818c91) on port 27987
Only local connections are allowed.
Jun 30, 2020 1:46:43 PM org.openqa.selenium.remote.ProtocolHandshake createSession
INFO: Detected dialect: OSS
]]></system-err>
  </testcase>
  <testcase name="GetFit" classname="Tests.Fit" time="294.507">
    <failure message="Expected condition failed: waiting for element to no longer be visible: By.xpath: //img[@src=&apos;assets/img/spinner.gif&apos;] (tried for 200 second(s) with 500 MILLISECONDS interval)&#10;Build info: version: &apos;3.8.1&apos;, revision: &apos;6e95a6684b&apos;, time: &apos;2017-12-01T18:33:54.468Z&apos;&#10;System info: host: &apos;QASERVER01&apos;, ip: &apos;10.2.0.23&apos;, os.name: &apos;Windows Server 2012 R2&apos;, os.arch: &apos;amd64&apos;, os.version: &apos;6.3&apos;, java.version: &apos;1.8.0_111&apos;&#10;Driver info: org.openqa.selenium.chrome.ChromeDriver&#10;Capabilities {acceptInsecureCerts: false, acceptSslCerts: false, applicationCacheEnabled: false, browserConnectionEnabled: false, browserName: chrome, chrome: {chromedriverVersion: 2.36.540470 (e522d04694c7eb..., userDataDir: C:\Users\sumancb\AppData\Lo...}, cssSelectorsEnabled: true, databaseEnabled: false, handlesAlerts: true, hasTouchScreen: false, javascriptEnabled: true, locationContextEnabled: true, mobileEmulationEnabled: false, nativeEvents: true, networkConnectionEnabled: false, pageLoadStrategy: normal, platform: XP, platformName: XP, rotatable: false, setWindowRect: true, takesHeapSnapshot: true, takesScreenshot: true, unexpectedAlertBehaviour: , unhandledPromptBehavior: , version: 83.0.4103.116, webStorageEnabled: true}&#10;Session ID: 8c6bef9eb5439af357ba19d356d38cd7" type="org.openqa.selenium.TimeoutException">org.openqa.selenium.TimeoutException: 
Expected condition failed: waiting for element to no longer be visible: By.xpath: //img[@src='assets/img/spinner.gif'] (tried for 200 second(s) with 500 MILLISECONDS interval)
Build info: version: '3.8.1', revision: '6e95a6684b', time: '2017-12-01T18:33:54.468Z'
System info: host: 'QASERVER01', ip: '10.2.0.23', os.name: 'Windows Server 2012 R2', os.arch: 'amd64', os.version: '6.3', java.version: '1.8.0_111'
Driver info: org.openqa.selenium.chrome.ChromeDriver
Capabilities {acceptInsecureCerts: false, acceptSslCerts: false, applicationCacheEnabled: false, browserConnectionEnabled: false, browserName: chrome, chrome: {chromedriverVersion: 2.36.540470 (e522d04694c7eb..., userDataDir: C:\Users\sumancb\AppData\Lo...}, cssSelectorsEnabled: true, databaseEnabled: false, handlesAlerts: true, hasTouchScreen: false, javascriptEnabled: true, locationContextEnabled: true, mobileEmulationEnabled: false, nativeEvents: true, networkConnectionEnabled: false, pageLoadStrategy: normal, platform: XP, platformName: XP, rotatable: false, setWindowRect: true, takesHeapSnapshot: true, takesScreenshot: true, unexpectedAlertBehaviour: , unhandledPromptBehavior: , version: 83.0.4103.116, webStorageEnabled: true}
Session ID: 8c6bef9eb5439af357ba19d356d38cd7
	at Tests.Fit.GetFit(Fit.java:70)
</failure>
    <system-out><![CDATA[Start----CA-fr
Request URL: https://hydraqa.unicity.net/v5a-test/customers.js?callback=angular.callbacks._1&expand=customer,profilePicture&id.unicity=2
Unicity [Date=Tue, 30 Jun 2020 19:53:02 GMT, Content-Type=text/javascript; charset=utf-8, Content-Length=1263, Connection=keep-alive, Set-Cookie=__cfduid=dd4fe38b220cd16017a80415c2018e83f1593546779; expires=Thu, 30-Jul-20 19:52:59 GMT; path=/; domain=.unicity.net; HttpOnly; SameSite=Lax, X-Powered-By=Express, x-request-id=9d74b47f-dbb4-43b6-bc65-a17c0e209af6, x-request-release=5-2020063002/master, x-request-uuid=9d74b47f-dbb4-43b6-bc65-a17c0e209af6, Access-Control-Allow-Origin=http://enroll.ng.unicityqa.com, vary=Accept-Encoding, link=<http://unicity.github.io/Hydra.php/docs/v5/>; rel="help", www-authenticate=Basic realm="Restricted API", cache-control=no-cache, must-revalidate, expires=0, content-language=en-US, x-status-code=200, content-encoding=gzip, x-envoy-upstream-service-time=3080, access-control-expose-headers=x-b3-traceid, x-request-id, ETag=W/"4ef-48iNUMKRH4RNvO+IQtt6kTL6gZk", CF-Cache-Status=DYNAMIC, cf-request-id=03a86342250000fbc87bbb3200000001, Expect-CT=max-age=604800, report-uri="https://report-uri.cloudflare.com/cdn-cgi/beacon/expect-ct", Server=cloudflare, CF-RAY=5aba6e49d83efbc8-MCI, alt-svc=h3-27=":443"; ma=86400, h3-28=":443"; ma=86400, h3-29=":443"; ma=86400]
sumanB4V2K4
{shipToAddress={zip=B4V2K4, country=CA, city=BRIDGEWATER, address1=Address 1, state=NS}, shippingMethod={href=https://hydraqa.unicity.net/v5a-test/shippingmethods?type=Canada Post}, lines={items=[{item={href=https://hydraqa.unicity.net/v5a-test/items?id.unicity=29147}, quantity=1}, {item={href=https://hydraqa.unicity.net/v5a-test/items?id.unicity=30738}, quantity=1}]}, transactions={items=[{method=Coupon, methodDetails={code=Fre3Aut0Sh!p}, type=AuthorizeAndCapture}]}, customer={href=https://hydraqa.unicity.net/v5a-test/customers?type=Associate}}
kalyanB4V2K4
Request URL: https://hydraqa.unicity.net/v5a-test/addresses?country=CA&zip=B4V2K4
Entry response : {"items":[{"city":"Bridgewater","state":"NS"}]}
]]></system-out>
    <system-err><![CDATA[Starting ChromeDriver 2.36.540470 (e522d04694c7ebea4ba8821272dbef4f9b818c91) on port 3271
Only local connections are allowed.
Jun 30, 2020 1:51:45 PM org.openqa.selenium.remote.ProtocolHandshake createSession
INFO: Detected dialect: OSS
]]></system-err>
  </testcase>
  <testcase name="GetFit" classname="Tests.Fit" time="329.405">
    <failure message="Expected condition failed: waiting for element to no longer be visible: By.xpath: //img[@src=&apos;assets/img/spinner.gif&apos;] (tried for 200 second(s) with 500 MILLISECONDS interval)&#10;Build info: version: &apos;3.8.1&apos;, revision: &apos;6e95a6684b&apos;, time: &apos;2017-12-01T18:33:54.468Z&apos;&#10;System info: host: &apos;QASERVER01&apos;, ip: &apos;10.2.0.23&apos;, os.name: &apos;Windows Server 2012 R2&apos;, os.arch: &apos;amd64&apos;, os.version: &apos;6.3&apos;, java.version: &apos;1.8.0_111&apos;&#10;Driver info: org.openqa.selenium.chrome.ChromeDriver&#10;Capabilities {acceptInsecureCerts: false, acceptSslCerts: false, applicationCacheEnabled: false, browserConnectionEnabled: false, browserName: chrome, chrome: {chromedriverVersion: 2.36.540470 (e522d04694c7eb..., userDataDir: C:\Users\sumancb\AppData\Lo...}, cssSelectorsEnabled: true, databaseEnabled: false, handlesAlerts: true, hasTouchScreen: false, javascriptEnabled: true, locationContextEnabled: true, mobileEmulationEnabled: false, nativeEvents: true, networkConnectionEnabled: false, pageLoadStrategy: normal, platform: XP, platformName: XP, rotatable: false, setWindowRect: true, takesHeapSnapshot: true, takesScreenshot: true, unexpectedAlertBehaviour: , unhandledPromptBehavior: , version: 83.0.4103.116, webStorageEnabled: true}&#10;Session ID: f254f71dfef6446e05e87fd12ba4a0f4" type="org.openqa.selenium.TimeoutException">org.openqa.selenium.TimeoutException: 
Expected condition failed: waiting for element to no longer be visible: By.xpath: //img[@src='assets/img/spinner.gif'] (tried for 200 second(s) with 500 MILLISECONDS interval)
Build info: version: '3.8.1', revision: '6e95a6684b', time: '2017-12-01T18:33:54.468Z'
System info: host: 'QASERVER01', ip: '10.2.0.23', os.name: 'Windows Server 2012 R2', os.arch: 'amd64', os.version: '6.3', java.version: '1.8.0_111'
Driver info: org.openqa.selenium.chrome.ChromeDriver
Capabilities {acceptInsecureCerts: false, acceptSslCerts: false, applicationCacheEnabled: false, browserConnectionEnabled: false, browserName: chrome, chrome: {chromedriverVersion: 2.36.540470 (e522d04694c7eb..., userDataDir: C:\Users\sumancb\AppData\Lo...}, cssSelectorsEnabled: true, databaseEnabled: false, handlesAlerts: true, hasTouchScreen: false, javascriptEnabled: true, locationContextEnabled: true, mobileEmulationEnabled: false, nativeEvents: true, networkConnectionEnabled: false, pageLoadStrategy: normal, platform: XP, platformName: XP, rotatable: false, setWindowRect: true, takesHeapSnapshot: true, takesScreenshot: true, unexpectedAlertBehaviour: , unhandledPromptBehavior: , version: 83.0.4103.116, webStorageEnabled: true}
Session ID: f254f71dfef6446e05e87fd12ba4a0f4
	at Tests.Fit.GetFit(Fit.java:70)
</failure>
    <system-out><![CDATA[Start----US-en
Request URL: https://hydraqa.unicity.net/v5a-test/customers.js?callback=angular.callbacks._1&expand=customer,profilePicture&id.unicity=2
Unicity [Date=Tue, 30 Jun 2020 19:58:06 GMT, Content-Type=text/javascript; charset=utf-8, Content-Length=1333, Connection=keep-alive, Set-Cookie=__cfduid=de52eaed838c1fe18dee857a9e1f9d2cc1593547082; expires=Thu, 30-Jul-20 19:58:02 GMT; path=/; domain=.unicity.net; HttpOnly; SameSite=Lax, X-Powered-By=Express, x-request-id=c5eea0b1-dd8a-413e-a4b3-4e888e72a78e, x-request-release=5-2020063002/master, x-request-uuid=c5eea0b1-dd8a-413e-a4b3-4e888e72a78e, Access-Control-Allow-Origin=http://enroll.ng.unicityqa.com, vary=Accept-Encoding, link=<http://unicity.github.io/Hydra.php/docs/v5/>; rel="help", www-authenticate=Basic realm="Restricted API", cache-control=no-cache, must-revalidate, expires=0, content-language=en-US, x-status-code=200, content-encoding=gzip, x-envoy-upstream-service-time=4005, access-control-expose-headers=x-b3-traceid, x-request-id, ETag=W/"535-1+U1/5VGySR7KbydOa2cJbLb4mw", CF-Cache-Status=DYNAMIC, cf-request-id=03a867e19a0000fbb4bc1f3200000001, Expect-CT=max-age=604800, report-uri="https://report-uri.cloudflare.com/cdn-cgi/beacon/expect-ct", Server=cloudflare, CF-RAY=5aba75af5a45fbb4-MCI, alt-svc=h3-27=":443"; ma=86400, h3-28=":443"; ma=86400, h3-29=":443"; ma=86400]
suman33024
{shipToAddress={zip=33024, country=US, city=PEMBROKE PINES, address1=4209 E STONECREEK, state=FL}, shippingMethod={href=https://hydraqa.unicity.net/v5a-test/shippingmethods?type=NextDay}, lines={items=[{item={href=https://hydraqa.unicity.net/v5a-test/items?id.unicity=26550}, quantity=1}, {item={href=https://hydraqa.unicity.net/v5a-test/items?id.unicity=30738}, quantity=1}]}, transactions={items=[{method=Coupon, methodDetails={code=Fre3Aut0Sh!p}, type=AuthorizeAndCapture}]}, customer={href=https://hydraqa.unicity.net/v5a-test/customers?type=Associate}}
kalyan33024
Unicity [Date=Tue, 30 Jun 2020 19:58:06 GMT, Content-Type=text/javascript; charset=utf-8, Content-Length=1323, Connection=keep-alive, Set-Cookie=__cfduid=db34c394135d0a1296dd57ae64ec075dc1593547082; expires=Thu, 30-Jul-20 19:58:02 GMT; path=/; domain=.unicity.net; HttpOnly; SameSite=Lax, X-Powered-By=Express, x-request-id=9f876913-63d9-4a11-a122-c09db71e5441, x-request-release=5-2020063002/master, x-request-uuid=9f876913-63d9-4a11-a122-c09db71e5441, Access-Control-Allow-Origin=http://enroll.ng.unicityqa.com, vary=Accept-Encoding, link=<http://unicity.github.io/Hydra.php/docs/v5/>; rel="help", www-authenticate=Basic realm="Restricted API", cache-control=no-cache, must-revalidate, expires=0, content-language=en-US, x-status-code=200, content-encoding=gzip, x-envoy-upstream-service-time=4423, access-control-expose-headers=x-b3-traceid, x-request-id, ETag=W/"52b-bGzeYcyqAn37AaTx96WM7du0p+Q", CF-Cache-Status=DYNAMIC, cf-request-id=03a867e2440000fbacf9905200000001, Expect-CT=max-age=604800, report-uri="https://report-uri.cloudflare.com/cdn-cgi/beacon/expect-ct", Server=cloudflare, CF-RAY=5aba75b06fe4fbac-MCI, alt-svc=h3-27=":443"; ma=86400, h3-28=":443"; ma=86400, h3-29=":443"; ma=86400]
suman33024
{shipToAddress={zip=33024, country=US, address1=4209 E STONECREEK, state=FL}, shippingMethod={href=https://hydraqa.unicity.net/v5a-test/shippingmethods?type=NextDay}, lines={items=[{item={href=https://hydraqa.unicity.net/v5a-test/items?id.unicity=26550}, quantity=1}, {item={href=https://hydraqa.unicity.net/v5a-test/items?id.unicity=30738}, quantity=1}]}, transactions={items=[{method=Coupon, methodDetails={code=Fre3Aut0Sh!p}, type=AuthorizeAndCapture}]}, customer={href=https://hydraqa.unicity.net/v5a-test/customers?type=Associate}}
kalyan33024
Unicity [Date=Tue, 30 Jun 2020 19:58:11 GMT, Content-Type=text/javascript; charset=utf-8, Content-Length=1321, Connection=keep-alive, Set-Cookie=__cfduid=d2638da60c560bbcb990588dd9ad588061593547086; expires=Thu, 30-Jul-20 19:58:06 GMT; path=/; domain=.unicity.net; HttpOnly; SameSite=Lax, X-Powered-By=Express, x-request-id=03cba30c-a49a-4393-bf4a-31b03f6415fe, x-request-release=5-2020063002/master, x-request-uuid=03cba30c-a49a-4393-bf4a-31b03f6415fe, Access-Control-Allow-Origin=http://enroll.ng.unicityqa.com, vary=Accept-Encoding, link=<http://unicity.github.io/Hydra.php/docs/v5/>; rel="help", www-authenticate=Basic realm="Restricted API", cache-control=no-cache, must-revalidate, expires=0, content-language=en-US, x-status-code=200, content-encoding=gzip, x-envoy-upstream-service-time=4224, access-control-expose-headers=x-b3-traceid, x-request-id, ETag=W/"529-7PRetOzJhz/F0jnTSMF87uGkh48", CF-Cache-Status=DYNAMIC, cf-request-id=03a867f3a700007b1006023200000001, Expect-CT=max-age=604800, report-uri="https://report-uri.cloudflare.com/cdn-cgi/beacon/expect-ct", Server=cloudflare, CF-RAY=5aba75cc39257b10-MCI, alt-svc=h3-27=":443"; ma=86400, h3-28=":443"; ma=86400, h3-29=":443"; ma=86400]
suman33024
{shipToAddress={zip=33024, country=US, address1=4209 E STONECREEK, state=FL}, shippingMethod={href=https://hydraqa.unicity.net/v5a-test/shippingmethods?type=NextDay}, lines={items=[{item={href=https://hydraqa.unicity.net/v5a-test/items?id.unicity=26550}, quantity=1}, {item={href=https://hydraqa.unicity.net/v5a-test/items?id.unicity=30738}, quantity=1}]}, transactions={items=[{method=Coupon, methodDetails={code=Fre3Aut0Sh!p}, type=AuthorizeAndCapture}]}, customer={href=https://hydraqa.unicity.net/v5a-test/customers?type=Associate}}
kalyan33024
Unicity [Date=Tue, 30 Jun 2020 19:58:12 GMT, Content-Type=text/javascript; charset=utf-8, Content-Length=441, Connection=keep-alive, Set-Cookie=__cfduid=db2e232289c6ab28bfd5cefbfdcf281941593547087; expires=Thu, 30-Jul-20 19:58:07 GMT; path=/; domain=.unicity.net; HttpOnly; SameSite=Lax, X-Powered-By=Express, x-request-id=63d30f8b-5386-4baf-94e1-2229449a19fa, x-request-release=5-2020063002/master, x-request-uuid=63d30f8b-5386-4baf-94e1-2229449a19fa, Access-Control-Allow-Origin=http://enroll.ng.unicityqa.com, vary=Accept-Encoding, link=<http://unicity.github.io/Hydra.php/docs/v5/>; rel="help", www-authenticate=Basic realm="Restricted API", cache-control=no-cache, must-revalidate, expires=0, content-language=en-US, x-status-code=400, content-encoding=gzip, x-envoy-upstream-service-time=5143, access-control-expose-headers=x-b3-traceid, x-request-id, ETag=W/"1b9-To3D/2J8figOasZfPxNzgP3ngjo", CF-Cache-Status=DYNAMIC, cf-request-id=03a867f50a00007b0ad3bec200000001, Expect-CT=max-age=604800, report-uri="https://report-uri.cloudflare.com/cdn-cgi/beacon/expect-ct", Server=cloudflare, CF-RAY=5aba75ce7e767b0a-MCI, alt-svc=h3-27=":443"; ma=86400, h3-28=":443"; ma=86400, h3-29=":443"; ma=86400]
Unicity [Date=Tue, 30 Jun 2020 19:58:15 GMT, Content-Type=text/javascript; charset=utf-8, Content-Length=1331, Connection=keep-alive, Set-Cookie=__cfduid=d8301fe537b5b2d547c5998f167c868bc1593547091; expires=Thu, 30-Jul-20 19:58:11 GMT; path=/; domain=.unicity.net; HttpOnly; SameSite=Lax, X-Powered-By=Express, x-request-id=08dc7a86-1146-4626-a3ae-3d163c88cc04, x-request-release=5-2020063002/master, x-request-uuid=08dc7a86-1146-4626-a3ae-3d163c88cc04, Access-Control-Allow-Origin=http://enroll.ng.unicityqa.com, vary=Accept-Encoding, link=<http://unicity.github.io/Hydra.php/docs/v5/>; rel="help", www-authenticate=Basic realm="Restricted API", cache-control=no-cache, must-revalidate, expires=0, content-language=en-US, x-status-code=200, content-encoding=gzip, x-envoy-upstream-service-time=3859, access-control-expose-headers=x-b3-traceid, x-request-id, ETag=W/"533-rdnSd86t8lAWbzyjBpb0J7xTrgc", CF-Cache-Status=DYNAMIC, cf-request-id=03a868054a00007b100615c200000001, Expect-CT=max-age=604800, report-uri="https://report-uri.cloudflare.com/cdn-cgi/beacon/expect-ct", Server=cloudflare, CF-RAY=5aba75e87f107b10-MCI, alt-svc=h3-27=":443"; ma=86400, h3-28=":443"; ma=86400, h3-29=":443"; ma=86400]
suman33024
{shipToAddress={zip=33024, country=US, city=HOLLYWOOD, address1=4209 E STONECREEK, state=FL}, shippingMethod={href=https://hydraqa.unicity.net/v5a-test/shippingmethods?type=NextDay}, lines={items=[{item={href=https://hydraqa.unicity.net/v5a-test/items?id.unicity=26550}, quantity=1}, {item={href=https://hydraqa.unicity.net/v5a-test/items?id.unicity=30738}, quantity=1}]}, transactions={items=[{method=Coupon, methodDetails={code=Fre3Aut0Sh!p}, type=AuthorizeAndCapture}]}, customer={href=https://hydraqa.unicity.net/v5a-test/customers?type=Associate}}
kalyan33024
Unicity [Date=Tue, 30 Jun 2020 19:58:17 GMT, Content-Type=text/javascript; charset=utf-8, Content-Length=1331, Connection=keep-alive, Set-Cookie=__cfduid=d7718bc5ea26508b306619329cde25b621593547092; expires=Thu, 30-Jul-20 19:58:12 GMT; path=/; domain=.unicity.net; HttpOnly; SameSite=Lax, X-Powered-By=Express, x-request-id=c7d33099-248b-4056-a730-b193d65ec4cf, x-request-release=5-2020063002/master, x-request-uuid=c7d33099-248b-4056-a730-b193d65ec4cf, Access-Control-Allow-Origin=http://enroll.ng.unicityqa.com, vary=Accept-Encoding, link=<http://unicity.github.io/Hydra.php/docs/v5/>; rel="help", www-authenticate=Basic realm="Restricted API", cache-control=no-cache, must-revalidate, expires=0, content-language=en-US, x-status-code=200, content-encoding=gzip, x-envoy-upstream-service-time=4153, access-control-expose-headers=x-b3-traceid, x-request-id, ETag=W/"533-hPXG1HjdFpgZPaJhAJsVgQjeeaM", CF-Cache-Status=DYNAMIC, cf-request-id=03a86809a600007b0ad38f7200000001, Expect-CT=max-age=604800, report-uri="https://report-uri.cloudflare.com/cdn-cgi/beacon/expect-ct", Server=cloudflare, CF-RAY=5aba75ef7ccf7b0a-MCI, alt-svc=h3-27=":443"; ma=86400, h3-28=":443"; ma=86400, h3-29=":443"; ma=86400]
suman33024
{shipToAddress={zip=33024, country=US, city=HOLLYWOOD, address1=4209 E STONECREEK, state=FL}, shippingMethod={href=https://hydraqa.unicity.net/v5a-test/shippingmethods?type=NextDay}, lines={items=[{item={href=https://hydraqa.unicity.net/v5a-test/items?id.unicity=26550}, quantity=1}, {item={href=https://hydraqa.unicity.net/v5a-test/items?id.unicity=30738}, quantity=1}]}, transactions={items=[{method=Coupon, methodDetails={code=Fre3Aut0Sh!p}, type=AuthorizeAndCapture}]}, customer={href=https://hydraqa.unicity.net/v5a-test/customers?type=Associate}}
kalyan33024
Unicity [Date=Tue, 30 Jun 2020 19:58:19 GMT, Content-Type=text/javascript; charset=utf-8, Content-Length=1330, Connection=keep-alive, Set-Cookie=__cfduid=d3f5d348bc4ce9704ce82d51f736e040a1593547095; expires=Thu, 30-Jul-20 19:58:15 GMT; path=/; domain=.unicity.net; HttpOnly; SameSite=Lax, X-Powered-By=Express, x-request-id=b22f3d46-3478-42d8-955c-4d4f7e49ed3a, x-request-release=5-2020063002/master, x-request-uuid=b22f3d46-3478-42d8-955c-4d4f7e49ed3a, Access-Control-Allow-Origin=http://enroll.ng.unicityqa.com, vary=Accept-Encoding, link=<http://unicity.github.io/Hydra.php/docs/v5/>; rel="help", www-authenticate=Basic realm="Restricted API", cache-control=no-cache, must-revalidate, expires=0, content-language=en-US, x-status-code=200, content-encoding=gzip, x-envoy-upstream-service-time=3908, access-control-expose-headers=x-b3-traceid, x-request-id, ETag=W/"532-1yKQLEB+r7eKKBrKSHLKCTwTW/s", CF-Cache-Status=DYNAMIC, cf-request-id=03a86814ee00007b1006255200000001, Expect-CT=max-age=604800, report-uri="https://report-uri.cloudflare.com/cdn-cgi/beacon/expect-ct", Server=cloudflare, CF-RAY=5aba760178247b10-MCI, alt-svc=h3-27=":443"; ma=86400, h3-28=":443"; ma=86400, h3-29=":443"; ma=86400]
suman33024
{shipToAddress={zip=33024, country=US, city=HOLLYWOOD, address1=4209 E STONECREEK, state=FL}, shippingMethod={href=https://hydraqa.unicity.net/v5a-test/shippingmethods?type=NextDay}, lines={items=[{item={href=https://hydraqa.unicity.net/v5a-test/items?id.unicity=26550}, quantity=1}, {item={href=https://hydraqa.unicity.net/v5a-test/items?id.unicity=30738}, quantity=1}]}, transactions={items=[{method=Coupon, methodDetails={code=Fre3Aut0Sh!p}, type=AuthorizeAndCapture}]}, customer={href=https://hydraqa.unicity.net/v5a-test/customers?type=Associate}}
kalyan33024
Unicity [Date=Tue, 30 Jun 2020 19:58:21 GMT, Content-Type=text/javascript; charset=utf-8, Content-Length=1330, Connection=keep-alive, Set-Cookie=__cfduid=d3edcbda045cb0c0aceb750ca374957da1593547097; expires=Thu, 30-Jul-20 19:58:17 GMT; path=/; domain=.unicity.net; HttpOnly; SameSite=Lax, X-Powered-By=Express, x-request-id=29bd8b66-3b3b-4c1f-ad32-0122eaba5be1, x-request-release=5-2020063002/master, x-request-uuid=29bd8b66-3b3b-4c1f-ad32-0122eaba5be1, Access-Control-Allow-Origin=http://enroll.ng.unicityqa.com, vary=Accept-Encoding, link=<http://unicity.github.io/Hydra.php/docs/v5/>; rel="help", www-authenticate=Basic realm="Restricted API", cache-control=no-cache, must-revalidate, expires=0, content-language=en-US, x-status-code=200, content-encoding=gzip, x-envoy-upstream-service-time=3800, access-control-expose-headers=x-b3-traceid, x-request-id, ETag=W/"532-EkCxjTol6NkO0FrKil+6Hwv7v/w", CF-Cache-Status=DYNAMIC, cf-request-id=03a8681cca00007b0ad39e9200000001, Expect-CT=max-age=604800, report-uri="https://report-uri.cloudflare.com/cdn-cgi/beacon/expect-ct", Server=cloudflare, CF-RAY=5aba760e19997b0a-MCI, alt-svc=h3-27=":443"; ma=86400, h3-28=":443"; ma=86400, h3-29=":443"; ma=86400]
suman33024
{shipToAddress={zip=33024, country=US, city=HOLLYWOOD, address1=4209 E STONECREEK, state=FL}, shippingMethod={href=https://hydraqa.unicity.net/v5a-test/shippingmethods?type=NextDay}, lines={items=[{item={href=https://hydraqa.unicity.net/v5a-test/items?id.unicity=26550}, quantity=1}, {item={href=https://hydraqa.unicity.net/v5a-test/items?id.unicity=30738}, quantity=1}]}, transactions={items=[{method=Coupon, methodDetails={code=Fre3Aut0Sh!p}, type=AuthorizeAndCapture}]}, customer={href=https://hydraqa.unicity.net/v5a-test/customers?type=Associate}}
kalyan33024
Unicity []
Unicity []
Request URL: https://hydraqa.unicity.net/v5a-test/addresses?country=US&zip=33024
Entry response : {"items":[{"city":"Pembroke Pines","state":"FL"}]}
No Pop UP
]]></system-out>
    <system-err><![CDATA[Starting ChromeDriver 2.36.540470 (e522d04694c7ebea4ba8821272dbef4f9b818c91) on port 17246
Only local connections are allowed.
Jun 30, 2020 1:56:48 PM org.openqa.selenium.remote.ProtocolHandshake createSession
INFO: Detected dialect: OSS
]]></system-err>
  </testcase>
  <testcase name="Patient" classname="Tests.PatientPortal" time="263.493"/>
  <testcase name="Patient" classname="Tests.PatientPortal" time="224.171"/>
  <testcase name="Patient" classname="Tests.PatientPortal" time="169.505">
    <failure message="String index out of range: -1" type="java.lang.StringIndexOutOfBoundsException">java.lang.StringIndexOutOfBoundsException: String index out of range: -1
	at Tests.PatientPortal.Patient(PatientPortal.java:66)
</failure>
    <system-out><![CDATA[Request URL: https://hydraqa.unicity.net/v5a-test/quotes?&expand=item
Entry Quotes response : {"items":[{"lines":{"items":[{"item":{"href":"https:\/\/hydraqa.unicity.net\/v5a-test\/items\/dad64fe505c34e906dad58cc9d6b0213","id":{"unicity":"27183"}},"quantity":1,"terms":{"priceEach":1995,"taxEach":{"amount":0},"discountEach":{"amount":0},"pvEach":1000},"quantityLimit":{"quantityQuota":-1,"timeFrameDays":-1,"quantityOrdered":0}}]},"currency":"CAD"},{"lines":{"items":[{"item":{"href":"https:\/\/hydraqa.unicity.net\/v5a-test\/items\/bb1a7c3a2902e2cbc4cb2a22fdf1f499","id":{"unicity":"26993"}},"quantity":1,"terms":{"priceEach":284,"taxEach":{"amount":0},"discountEach":{"amount":0},"pvEach":150},"quantityLimit":{"quantityQuota":-1,"timeFrameDays":-1,"quantityOrdered":0}}]},"currency":"CAD"},{"lines":{"items":[{"item":{"href":"https:\/\/hydraqa.unicity.net\/v5a-test\/items\/4b1b6b6007d154296fd6c4044c789f67","id":{"unicity":"28329"}},"quantity":1,"terms":{"priceEach":284,"taxEach":{"amount":0},"discountEach":{"amount":0},"pvEach":150},"quantityLimit":{"quantityQuota":-1,"timeFrameDays":-1,"quantityOrdered":0}}]},"currency":"CAD"},{"lines":{"items":[{"item":{"href":"https:\/\/hydraqa.unicity.net\/v5a-test\/items\/46ea1edabdcf18f49817c437346958eb","id":{"unicity":"29147"}},"quantity":1,"terms":{"priceEach":85,"taxEach":{"amount":0},"discountEach":{"amount":0},"pvEach":33},"quantityLimit":{"quantityQuota":-1,"timeFrameDays":-1,"quantityOrdered":0}}]},"currency":"CAD"},{"lines":{"items":[{"item":{"href":"https:\/\/hydraqa.unicity.net\/v5a-test\/items\/e77144fa2fcf6a4dc73c15b4d615c1aa","id":{"unicity":"28437"}},"quantity":1,"terms":{"priceEach":85,"taxEach":{"amount":0},"discountEach":{"amount":0},"pvEach":33},"quantityLimit":{"quantityQuota":-1,"timeFrameDays":-1,"quantityOrdered":0}}]},"currency":"CAD"},{"lines":{"items":[{"item":{"href":"https:\/\/hydraqa.unicity.net\/v5a-test\/items\/8407b62b9c4120aa3dfe25c9feb76e4a","id":{"unicity":"28591"}},"quantity":1,"terms":{"priceEach":24,"taxEach":{"amount":0},"discountEach":{"amount":0},"pvEach":15},"quantityLimit":{"quantityQuota":-1,"timeFrameDays":-1,"quantityOrdered":0}}]},"currency":"CAD"},{"lines":{"items":[{"item":{"href":"https:\/\/hydraqa.unicity.net\/v5a-test\/items\/10da226fab00279b4f89df10af2a10b7","id":{"unicity":"26442"}},"quantity":1,"terms":{"priceEach":10,"taxEach":{"amount":0},"discountEach":{"amount":0},"pvEach":0},"quantityLimit":{"quantityQuota":-1,"timeFrameDays":-1,"quantityOrdered":0}}]},"currency":"CAD"},{"lines":{"items":[{"item":{"href":"https:\/\/hydraqa.unicity.net\/v5a-test\/items\/576e0ebc8d1f5b26fc89bf3cd47a26c6","id":{"unicity":"26572"}},"quantity":1,"terms":{"priceEach":110,"taxEach":{"amount":0},"discountEach":{"amount":0},"pvEach":56},"quantityLimit":{"quantityQuota":-1,"timeFrameDays":-1,"quantityOrdered":0}}]},"currency":"CAD"},{"lines":{"items":[{"item":{"href":"https:\/\/hydraqa.unicity.net\/v5a-test\/items\/60b5ca15c481444657970edde11b04ce","id":{"unicity":"26571"}},"quantity":1,"terms":{"priceEach":110,"taxEach":{"amount":0},"discountEach":{"amount":0},"pvEach":56},"quantityLimit":{"quantityQuota":-1,"timeFrameDays":-1,"quantityOrdered":0}}]},"currency":"CAD"},{"lines":{"items":[{"item":{"href":"https:\/\/hydraqa.unicity.net\/v5a-test\/items\/2ffc1563d3d0fd7121ca5b1c2184988e","id":{"unicity":"28428"}},"quantity":1,"terms":{"priceEach":111,"taxEach":{"amount":0},"discountEach":{"amount":0},"pvEach":62},"quantityLimit":{"quantityQuota":-1,"timeFrameDays":-1,"quantityOrdered":0}}]},"currency":"CAD"},{"lines":{"items":[{"item":{"href":"https:\/\/hydraqa.unicity.net\/v5a-test\/items\/637af131553f5822bef2bb0f0577b2e9","id":{"unicity":"28160"}},"quantity":1,"terms":{"priceEach":118,"taxEach":{"amount":0},"discountEach":{"amount":0},"pvEach":62},"quantityLimit":{"quantityQuota":-1,"timeFrameDays":-1,"quantityOrdered":0}}]},"currency":"CAD"},{"lines":{"items":[{"item":{"href":"https:\/\/hydraqa.unicity.net\/v5a-test\/items\/c4744f6ba328b983bfffc7e1e4416ff3","id":{"unicity":"26565"}},"quantity":1,"terms":{"priceEach":117,"taxEach":{"amount":0},"discountEach":{"amount":0},"pvEach":64},"quantityLimit":{"quantityQuota":-1,"timeFrameDays":-1,"quantityOrdered":0}}]},"currency":"CAD"}]}
Entry request : {"order":{"customer":{"href":"https://hydraqa.unicity.net/v5a-test/customers?type=PreferredCustomer"},"shipToAddress":{"country":"CA"}},"vary":{"lines":{"items":[{"item":{"href":"https://hydraqa.unicity.net/v5a-test/items?id.unicity=27182|27183|27184|27185|28325|28326|28327|28328|26993|26995|28329|28331|24418|29147|28437|28591|26442|28370|26572|26571|28428|28160|26565"}}]}}}
Request URL: https://hydraqa.unicity.net/v5a-test/customers.js?callback=angular.callbacks._1&expand=customer,profilePicture&id.unicity=2
Request URL: https://hydraqa.unicity.net/v5a-test/customers.js?_httpMethod=HEAD&callback=angular.callbacks._4&email=DRHSQI@gmail.com
Unicity [Date=Tue, 30 Jun 2020 20:12:59 GMT, Content-Type=text/javascript; charset=utf-8, Content-Length=1660, Connection=keep-alive, Set-Cookie=__cfduid=dee33f46416a63eb85051871c2505a1681593547974; expires=Thu, 30-Jul-20 20:12:54 GMT; path=/; domain=.unicity.net; HttpOnly; SameSite=Lax, X-Powered-By=Express, x-request-id=a469dec5-3166-4c96-b807-f55f23df8db8, x-request-release=5-2020063002/master, x-request-uuid=a469dec5-3166-4c96-b807-f55f23df8db8, Access-Control-Allow-Origin=http://enroll.ng.unicityqa.com, vary=Accept-Encoding, link=<http://unicity.github.io/Hydra.php/docs/v5/>; rel="help", www-authenticate=Basic realm="Restricted API", cache-control=no-cache, must-revalidate, expires=0, content-language=en-US, x-status-code=200, content-encoding=gzip, x-envoy-upstream-service-time=4848, access-control-expose-headers=x-b3-traceid, x-request-id, ETag=W/"67c-3bMhuNASJ1F3/XaBB1kph22vDIc", CF-Cache-Status=DYNAMIC, cf-request-id=03a875806d00007ad454ac5200000001, Expect-CT=max-age=604800, report-uri="https://report-uri.cloudflare.com/cdn-cgi/beacon/expect-ct", Server=cloudflare, CF-RAY=5aba8b7a4a187ad4-MCI, alt-svc=h3-27=":443"; ma=86400, h3-28=":443"; ma=86400, h3-29=":443"; ma=86400]
sumanB4V2K4
{shipToAddress={zip=B4V2K4, country=CA, city=BRIDGEWATER, address1=Address 1, state=NS}, shippingMethod={href=https://hydraqa.unicity.net/v5a-test/shippingmethods?type=Canada Post}, lines={items=[{item={href=https://hydraqa.unicity.net/v5a-test/items?id.unicity=26442}, quantity=1}, {item={href=https://hydraqa.unicity.net/v5a-test/items?id.unicity=27183}, quantity=1}]}, transactions={items=[{method=Coupon, methodDetails={code=Fre3Aut0Sh!p}, type=AuthorizeAndCapture}]}, customer={href=https://hydraqa.unicity.net/v5a-test/customers?type=PreferredCustomer}}
kalyanB4V2K4
Request URL: https://hydraqa.unicity.net/v5a-test/addresses?country=CA&zip=B4V2K4
Entry response : {"items":[{"city":"Bridgewater","state":"NS"}]}
{sponsor=2, gender=female, city=BRIDGEWATER, cartprice=2005.0, enroller=2, arpack=Balance Cholesterol, language=English, locale=en, type=PreferredCustomer, platform=QA, lname=TestLastName, password=Unicity, genderoption=Female, Currency=USD, api=4, state=[NS], email=DRHSQI@gmail.com, zip=B4V2K4, fname=TestFirstName, prefferd=Canada, address2=Address 2, address1=Address 1, shippingmethod=type=Canada Post, version=v5a-test/, testcase=PatientPortal, market=Canada, aritemcode=26565, referral=yes, martial=Married, phone=9823746323, proto=https://hydraqa.unicity.net/, marketcode=CA, maritaloption=Married, ccname=CCNameTest}
Request URL: https://hydraqa.unicity.net/v5a-test/orders.js
Entry request : {"customer":{"mainAddress":{"city":"BRIDGEWATER","country":"CA","state":"NS","zip":"B4V2K4","address1":"Address 1","address2":"Address 2"},"humanName":{"firstName":"TestFirstName","lastName":"TestLastName"},"email":"DRHSQI@gmail.com","preferredLocale":"en-CA","password":{"value":"Unicity"},"gender":"female","maritalStatus":"Married","type":"PreferredCustomer","creditcardaliases":[{"methodDetails":{"creditCardNumber":"4111111111111111","payer":"TestFirstName TestLastName","creditCardExpires":"2020-10"},"billToName":{"firstName":"TestFirstName","lastName":"TestLastName"},"billToAddress":{"address1":"Address 1","address2":"Address 2","city":"BRIDGEWATER","state":"NS","zip":"B4V2K4","country":"CA"}}],"sponsor":{"href":"https://hydraqa.unicity.net/v5a-test/customers?id.unicity=2"},"enroller":{"href":"https://hydraqa.unicity.net/v5a-test/customers?id.unicity=2"},"homePhone":"9823746323","autoorders":{"items":[{"recurrence":{"schedule":{"month":"*","dayOfMonth":"5"},"status":"Enabled"},"lines":{"items":[{"item":{"href":"https://hydraqa.unicity.net/v5a-test/items?id.unicity=26565"},"quantity":1}]},"shipToName":{"firstName":"TestFirstName","lastName":"TestLastName"},"shipToPhone":"9823746323","shipToEmail":"DRHSQI@gmail.com","shipToAddress":{"city":"BRIDGEWATER","country":"CA","state":"NS","address1":"Address 1","address2":"Address 2","zip":"B4V2K4"},"shippingMethod":{"href":"https://hydraqa.unicity.net/v5a-test/shippingmethods?type=Canada Post"},"transactions":{"items":[{"amount":"this.terms.total","type":"AuthorizeAndCapture","method":"CreditCardAlias","methodDetails":{"alias":"this.customer.creditcardaliases[0].alias"}}]}}]},"rights":[]},"lines":{"items":[{"item":{"href":"https://hydraqa.unicity.net/v5a-test/items?id.unicity=26442"},"quantity":1},{"item":{"href":"https://hydraqa.unicity.net/v5a-test/items?id.unicity=27183"},"quantity":1}]},"shipToName":{"firstName":"TestFirstName","lastName":"TestLastName"},"shipToPhone":"9823746323","shipToEmail":"DRHSQI@gmail.com","shipToAddress":{"city":"BRIDGEWATER","country":"CA","state":"NS","address1":"Address 1","address2":"Address 2","zip":"B4V2K4"},"shippingMethod":{"href":"https://hydraqa.unicity.net/v5a-test/shippingmethods?type=Canada Post"},"notes":"","transactions":{"items":[{"amount":"this.terms.total","type":"AuthorizeAndCapture","method":"CreditCard","methodDetails":{"creditCardNumber":"4111111111111111","payer":"CCNameTest","creditCardExpires":"2020-10","creditCardSecurityCode":"123"},"billToAddress":{"address1":"Address 1","address2":"Address 2","city":"BRIDGEWATER","state":"NS","zip":"B4V2K4","country":"CA"}},{"type":"AuthorizeAndCapture","method":"Coupon","methodDetails":{"code":"Fre3Aut0Sh!p"}}]}}
Entry response : upstream connect error or disconnect/reset before headers. reset reason: connection termination
Headers-->keep-alive
Headers-->2695
Headers-->application/json, text/plain, */*
Headers-->en-CA
Headers-->application/json;charset=UTF-8
]]></system-out>
    <system-err><![CDATA[Starting ChromeDriver 2.36.540470 (e522d04694c7ebea4ba8821272dbef4f9b818c91) on port 45450
Only local connections are allowed.
Jun 30, 2020 2:10:45 PM org.openqa.selenium.remote.ProtocolHandshake createSession
INFO: Detected dialect: OSS
]]></system-err>
  </testcase>
  <testcase name="Patient" classname="Tests.PatientPortal" time="169.626">
    <failure message="Major Market expected [CA] but found [null]" type="java.lang.AssertionError">java.lang.AssertionError: Major Market expected [CA] but found [null]
	at Tests.PatientPortal.Patient(PatientPortal.java:66)
</failure>
    <system-out><![CDATA[Request URL: https://hydraqa.unicity.net/v5a-test/quotes?&expand=item
Entry Quotes response : {"items":[{"lines":{"items":[{"item":{"href":"https:\/\/hydraqa.unicity.net\/v5a-test\/items\/dad64fe505c34e906dad58cc9d6b0213","id":{"unicity":"27183"}},"quantity":1,"terms":{"priceEach":1995,"taxEach":{"amount":0},"discountEach":{"amount":0},"pvEach":1000},"quantityLimit":{"quantityQuota":-1,"timeFrameDays":-1,"quantityOrdered":0}}]},"currency":"CAD"},{"lines":{"items":[{"item":{"href":"https:\/\/hydraqa.unicity.net\/v5a-test\/items\/bb1a7c3a2902e2cbc4cb2a22fdf1f499","id":{"unicity":"26993"}},"quantity":1,"terms":{"priceEach":284,"taxEach":{"amount":0},"discountEach":{"amount":0},"pvEach":150},"quantityLimit":{"quantityQuota":-1,"timeFrameDays":-1,"quantityOrdered":0}}]},"currency":"CAD"},{"lines":{"items":[{"item":{"href":"https:\/\/hydraqa.unicity.net\/v5a-test\/items\/4b1b6b6007d154296fd6c4044c789f67","id":{"unicity":"28329"}},"quantity":1,"terms":{"priceEach":284,"taxEach":{"amount":0},"discountEach":{"amount":0},"pvEach":150},"quantityLimit":{"quantityQuota":-1,"timeFrameDays":-1,"quantityOrdered":0}}]},"currency":"CAD"},{"lines":{"items":[{"item":{"href":"https:\/\/hydraqa.unicity.net\/v5a-test\/items\/46ea1edabdcf18f49817c437346958eb","id":{"unicity":"29147"}},"quantity":1,"terms":{"priceEach":85,"taxEach":{"amount":0},"discountEach":{"amount":0},"pvEach":33},"quantityLimit":{"quantityQuota":-1,"timeFrameDays":-1,"quantityOrdered":0}}]},"currency":"CAD"},{"lines":{"items":[{"item":{"href":"https:\/\/hydraqa.unicity.net\/v5a-test\/items\/e77144fa2fcf6a4dc73c15b4d615c1aa","id":{"unicity":"28437"}},"quantity":1,"terms":{"priceEach":85,"taxEach":{"amount":0},"discountEach":{"amount":0},"pvEach":33},"quantityLimit":{"quantityQuota":-1,"timeFrameDays":-1,"quantityOrdered":0}}]},"currency":"CAD"},{"lines":{"items":[{"item":{"href":"https:\/\/hydraqa.unicity.net\/v5a-test\/items\/8407b62b9c4120aa3dfe25c9feb76e4a","id":{"unicity":"28591"}},"quantity":1,"terms":{"priceEach":24,"taxEach":{"amount":0},"discountEach":{"amount":0},"pvEach":15},"quantityLimit":{"quantityQuota":-1,"timeFrameDays":-1,"quantityOrdered":0}}]},"currency":"CAD"},{"lines":{"items":[{"item":{"href":"https:\/\/hydraqa.unicity.net\/v5a-test\/items\/10da226fab00279b4f89df10af2a10b7","id":{"unicity":"26442"}},"quantity":1,"terms":{"priceEach":10,"taxEach":{"amount":0},"discountEach":{"amount":0},"pvEach":0},"quantityLimit":{"quantityQuota":-1,"timeFrameDays":-1,"quantityOrdered":0}}]},"currency":"CAD"},{"lines":{"items":[{"item":{"href":"https:\/\/hydraqa.unicity.net\/v5a-test\/items\/576e0ebc8d1f5b26fc89bf3cd47a26c6","id":{"unicity":"26572"}},"quantity":1,"terms":{"priceEach":110,"taxEach":{"amount":0},"discountEach":{"amount":0},"pvEach":56},"quantityLimit":{"quantityQuota":-1,"timeFrameDays":-1,"quantityOrdered":0}}]},"currency":"CAD"},{"lines":{"items":[{"item":{"href":"https:\/\/hydraqa.unicity.net\/v5a-test\/items\/60b5ca15c481444657970edde11b04ce","id":{"unicity":"26571"}},"quantity":1,"terms":{"priceEach":110,"taxEach":{"amount":0},"discountEach":{"amount":0},"pvEach":56},"quantityLimit":{"quantityQuota":-1,"timeFrameDays":-1,"quantityOrdered":0}}]},"currency":"CAD"},{"lines":{"items":[{"item":{"href":"https:\/\/hydraqa.unicity.net\/v5a-test\/items\/2ffc1563d3d0fd7121ca5b1c2184988e","id":{"unicity":"28428"}},"quantity":1,"terms":{"priceEach":111,"taxEach":{"amount":0},"discountEach":{"amount":0},"pvEach":62},"quantityLimit":{"quantityQuota":-1,"timeFrameDays":-1,"quantityOrdered":0}}]},"currency":"CAD"},{"lines":{"items":[{"item":{"href":"https:\/\/hydraqa.unicity.net\/v5a-test\/items\/637af131553f5822bef2bb0f0577b2e9","id":{"unicity":"28160"}},"quantity":1,"terms":{"priceEach":118,"taxEach":{"amount":0},"discountEach":{"amount":0},"pvEach":62},"quantityLimit":{"quantityQuota":-1,"timeFrameDays":-1,"quantityOrdered":0}}]},"currency":"CAD"},{"lines":{"items":[{"item":{"href":"https:\/\/hydraqa.unicity.net\/v5a-test\/items\/c4744f6ba328b983bfffc7e1e4416ff3","id":{"unicity":"26565"}},"quantity":1,"terms":{"priceEach":117,"taxEach":{"amount":0},"discountEach":{"amount":0},"pvEach":64},"quantityLimit":{"quantityQuota":-1,"timeFrameDays":-1,"quantityOrdered":0}}]},"currency":"CAD"}]}
Entry request : {"order":{"customer":{"href":"https://hydraqa.unicity.net/v5a-test/customers?type=PreferredCustomer"},"shipToAddress":{"country":"CA"}},"vary":{"lines":{"items":[{"item":{"href":"https://hydraqa.unicity.net/v5a-test/items?id.unicity=27182|27183|27184|27185|28325|28326|28327|28328|26993|26995|28329|28331|24418|29147|28437|28591|26442|28370|26572|26571|28428|28160|26565"}}]}}}
Request URL: https://hydraqa.unicity.net/v5a-test/customers.js?callback=angular.callbacks._1&expand=customer,profilePicture&id.unicity=2
Request URL: https://hydraqa.unicity.net/v5a-test/customers.js?_httpMethod=HEAD&callback=angular.callbacks._4&email=NQZVSG@gmail.com
Unicity [Date=Tue, 30 Jun 2020 20:15:50 GMT, Content-Type=text/javascript; charset=utf-8, Content-Length=1659, Connection=keep-alive, Set-Cookie=__cfduid=da4c974872883caaf51cb41228a4521e41593548147; expires=Thu, 30-Jul-20 20:15:47 GMT; path=/; domain=.unicity.net; HttpOnly; SameSite=Lax, X-Powered-By=Express, x-request-id=3bb51afe-dac0-4793-a0e5-cf581e87b44d, x-request-release=5-2020063002/master, x-request-uuid=3bb51afe-dac0-4793-a0e5-cf581e87b44d, Access-Control-Allow-Origin=http://enroll.ng.unicityqa.com, vary=Accept-Encoding, link=<http://unicity.github.io/Hydra.php/docs/v5/>; rel="help", www-authenticate=Basic realm="Restricted API", cache-control=no-cache, must-revalidate, expires=0, content-language=en-US, x-status-code=200, content-encoding=gzip, x-envoy-upstream-service-time=3288, access-control-expose-headers=x-b3-traceid, x-request-id, ETag=W/"67b-ZTU6dmqrPn3QnKJ9V9qd5+wys0c", CF-Cache-Status=DYNAMIC, cf-request-id=03a87823c10000fbb0330ae200000001, Expect-CT=max-age=604800, report-uri="https://report-uri.cloudflare.com/cdn-cgi/beacon/expect-ct", Server=cloudflare, CF-RAY=5aba8fb2c9c5fbb0-MCI, alt-svc=h3-27=":443"; ma=86400, h3-28=":443"; ma=86400, h3-29=":443"; ma=86400]
sumanB4V2K4
{shipToAddress={zip=B4V2K4, country=CA, city=BRIDGEWATER, address1=Address 1, state=NS}, shippingMethod={href=https://hydraqa.unicity.net/v5a-test/shippingmethods?type=UPS Ground}, lines={items=[{item={href=https://hydraqa.unicity.net/v5a-test/items?id.unicity=26442}, quantity=1}, {item={href=https://hydraqa.unicity.net/v5a-test/items?id.unicity=27183}, quantity=1}]}, transactions={items=[{method=Coupon, methodDetails={code=Fre3Aut0Sh!p}, type=AuthorizeAndCapture}]}, customer={href=https://hydraqa.unicity.net/v5a-test/customers?type=PreferredCustomer}}
kalyanB4V2K4
Request URL: https://hydraqa.unicity.net/v5a-test/addresses?country=CA&zip=B4V2K4
Entry response : {"items":[{"city":"Bridgewater","state":"NS"}]}
{sponsor=2, gender=female, city=BRIDGEWATER, cartprice=2005.0, enroller=2, arpack=Balance Cholesterol, language=Français, locale=fr, type=PreferredCustomer, platform=QA, lname=TestLastName, password=Unicity, genderoption=Femme, Currency=USD, api=4, state=[NS], email=NQZVSG@gmail.com, zip=B4V2K4, fname=TestFirstName, prefferd=Canada, address2=Address 2, address1=Address 1, shippingmethod=type=UPS Ground, version=v5a-test/, testcase=PatientPortal, market=Canada, aritemcode=26565, referral=yes, martial=Married, phone=9823746323, proto=https://hydraqa.unicity.net/, marketcode=CA, maritaloption=Marié, ccname=CCNameTest}
Request URL: https://hydraqa.unicity.net/v5a-test/orders.js
Entry request : {"customer":{"mainAddress":{"city":"BRIDGEWATER","country":"CA","state":"NS","zip":"B4V2K4","address1":"Address 1","address2":"Address 2"},"humanName":{"firstName":"TestFirstName","lastName":"TestLastName"},"email":"NQZVSG@gmail.com","preferredLocale":"fr-CA","password":{"value":"Unicity"},"gender":"female","maritalStatus":"Married","type":"PreferredCustomer","creditcardaliases":[{"methodDetails":{"creditCardNumber":"4111111111111111","payer":"TestFirstName TestLastName","creditCardExpires":"2020-10"},"billToName":{"firstName":"TestFirstName","lastName":"TestLastName"},"billToAddress":{"address1":"Address 1","address2":"Address 2","city":"BRIDGEWATER","state":"NS","zip":"B4V2K4","country":"CA"}}],"sponsor":{"href":"https://hydraqa.unicity.net/v5a-test/customers?id.unicity=2"},"enroller":{"href":"https://hydraqa.unicity.net/v5a-test/customers?id.unicity=2"},"homePhone":"9823746323","autoorders":{"items":[{"recurrence":{"schedule":{"month":"*","dayOfMonth":"5"},"status":"Enabled"},"lines":{"items":[{"item":{"href":"https://hydraqa.unicity.net/v5a-test/items?id.unicity=26565"},"quantity":1}]},"shipToName":{"firstName":"TestFirstName","lastName":"TestLastName"},"shipToPhone":"9823746323","shipToEmail":"NQZVSG@gmail.com","shipToAddress":{"city":"BRIDGEWATER","country":"CA","state":"NS","address1":"Address 1","address2":"Address 2","zip":"B4V2K4"},"shippingMethod":{"href":"https://hydraqa.unicity.net/v5a-test/shippingmethods?type=UPS Ground"},"transactions":{"items":[{"amount":"this.terms.total","type":"AuthorizeAndCapture","method":"CreditCardAlias","methodDetails":{"alias":"this.customer.creditcardaliases[0].alias"}}]}}]},"rights":[]},"lines":{"items":[{"item":{"href":"https://hydraqa.unicity.net/v5a-test/items?id.unicity=26442"},"quantity":1},{"item":{"href":"https://hydraqa.unicity.net/v5a-test/items?id.unicity=27183"},"quantity":1}]},"shipToName":{"firstName":"TestFirstName","lastName":"TestLastName"},"shipToPhone":"9823746323","shipToEmail":"NQZVSG@gmail.com","shipToAddress":{"city":"BRIDGEWATER","country":"CA","state":"NS","address1":"Address 1","address2":"Address 2","zip":"B4V2K4"},"shippingMethod":{"href":"https://hydraqa.unicity.net/v5a-test/shippingmethods?type=UPS Ground"},"notes":"","transactions":{"items":[{"amount":"this.terms.total","type":"AuthorizeAndCapture","method":"CreditCard","methodDetails":{"creditCardNumber":"4111111111111111","payer":"CCNameTest","creditCardExpires":"2020-10","creditCardSecurityCode":"123"},"billToAddress":{"address1":"Address 1","address2":"Address 2","city":"BRIDGEWATER","state":"NS","zip":"B4V2K4","country":"CA"}},{"type":"AuthorizeAndCapture","method":"Coupon","methodDetails":{"code":"Fre3Aut0Sh!p"}}]}}
Entry response : {"meta":{"Link":"<http:\/\/unicity.github.io\/Hydra.php\/docs\/v5\/>; rel=\"help\"","X-Request-UUID":"86b622cb-6930-422b-9b80-cf102c7bc403","X-Request-Release":"5-2020063002\/master","WWW-Authenticate":"Basic realm=\"Restricted API\"","Cache-Control":"no-cache, must-revalidate","Expires":"0","X-Powered-By":"Luracast Restler v3.0.0rc5","Content-Type":"text\/javascript; charset=utf-8","Content-Language":"en","X-Status-Code":"402"},"data":{"error":{"code":402,"message":"Payment Required","error_code":"3009","error_message":"Could not authorize and capture credit card payment. Error #X9T3C","upstream_error_message":"Valid security code required."}}}
Headers-->keep-alive
Headers-->2693
Headers-->application/json, text/plain, */*
Headers-->fr-CA
Headers-->application/json;charset=UTF-8
]]></system-out>
    <system-err><![CDATA[Starting ChromeDriver 2.36.540470 (e522d04694c7ebea4ba8821272dbef4f9b818c91) on port 13824
Only local connections are allowed.
Jun 30, 2020 2:13:42 PM org.openqa.selenium.remote.ProtocolHandshake createSession
INFO: Detected dialect: OSS
]]></system-err>
  </testcase>
  <testcase name="PassReferralID" classname="Tests.HealthCareProducts" time="119.688">
    <failure message="Critical A-Z section not displaying" type="java.lang.AssertionError">java.lang.AssertionError: Critical A-Z section not displaying
	at Tests.HealthCareProducts.PassReferralID(HealthCareProducts.java:64)
</failure>
    <system-out><![CDATA[Request URL: https://hydraqa.unicity.net/v5a-test/quotes?&expand=item
Entry Quotes response : {"items":[{"lines":{"items":[{"item":{"href":"https:\/\/hydraqa.unicity.net\/v5a-test\/items\/1945faa1776541d53120ecfe3c1d8a2b","id":{"unicity":"24418"}},"quantity":1,"terms":{"priceEach":5,"taxEach":{"amount":0},"discountEach":{"amount":0},"pvEach":0},"quantityLimit":{"quantityQuota":-1,"timeFrameDays":-1,"quantityOrdered":0}}]},"currency":"USD"},{"lines":{"items":[{"item":{"href":"https:\/\/hydraqa.unicity.net\/v5a-test\/items\/b127a2d34d3d73e2f53e4c2002a7a4a2","id":{"unicity":"25008"}},"quantity":1,"terms":{"priceEach":19,"taxEach":{"amount":0},"discountEach":{"amount":0},"pvEach":15},"quantityLimit":{"quantityQuota":-1,"timeFrameDays":-1,"quantityOrdered":0}}]},"currency":"USD"},{"lines":{"items":[{"item":{"href":"https:\/\/hydraqa.unicity.net\/v5a-test\/items\/e218d1cac5f31e7ae4f5876c29c57377","id":{"unicity":"29017"}},"quantity":1,"terms":{"priceEach":38,"taxEach":{"amount":0},"discountEach":{"amount":0},"pvEach":26},"quantityLimit":{"quantityQuota":-1,"timeFrameDays":-1,"quantityOrdered":0}}]},"currency":"USD"}]}
Entry request : {"order":{"customer":{"href":"https://hydraqa.unicity.net/v5a-test/customers?type=Associate"},"shipToAddress":{"country":"US"}},"vary":{"lines":{"items":[{"item":{"href":"https://hydraqa.unicity.net/v5a-test/items?id.unicity=27228|27227|27226|24418|25008|29017"}}]}}}
]]></system-out>
    <system-err><![CDATA[Starting ChromeDriver 2.36.540470 (e522d04694c7ebea4ba8821272dbef4f9b818c91) on port 41441
Only local connections are allowed.
Jun 30, 2020 2:16:39 PM org.openqa.selenium.remote.ProtocolHandshake createSession
INFO: Detected dialect: OSS
]]></system-err>
  </testcase>
  <testcase name="PassReferralID" classname="Tests.HealthCareProducts" time="119.798">
    <failure message="Critical A-Z section not displaying" type="java.lang.AssertionError">java.lang.AssertionError: Critical A-Z section not displaying
	at Tests.HealthCareProducts.PassReferralID(HealthCareProducts.java:64)
</failure>
    <system-out><![CDATA[Request URL: https://hydraqa.unicity.net/v5a-test/quotes?&expand=item
Entry Quotes response : {"items":[{"lines":{"items":[{"item":{"href":"https:\/\/hydraqa.unicity.net\/v5a-test\/items\/1945faa1776541d53120ecfe3c1d8a2b","id":{"unicity":"24418"}},"quantity":1,"terms":{"priceEach":5,"taxEach":{"amount":0},"discountEach":{"amount":0},"pvEach":0},"quantityLimit":{"quantityQuota":-1,"timeFrameDays":-1,"quantityOrdered":0}}]},"currency":"USD"},{"lines":{"items":[{"item":{"href":"https:\/\/hydraqa.unicity.net\/v5a-test\/items\/b127a2d34d3d73e2f53e4c2002a7a4a2","id":{"unicity":"25008"}},"quantity":1,"terms":{"priceEach":19,"taxEach":{"amount":0},"discountEach":{"amount":0},"pvEach":15},"quantityLimit":{"quantityQuota":-1,"timeFrameDays":-1,"quantityOrdered":0}}]},"currency":"USD"},{"lines":{"items":[{"item":{"href":"https:\/\/hydraqa.unicity.net\/v5a-test\/items\/e218d1cac5f31e7ae4f5876c29c57377","id":{"unicity":"29017"}},"quantity":1,"terms":{"priceEach":38,"taxEach":{"amount":0},"discountEach":{"amount":0},"pvEach":26},"quantityLimit":{"quantityQuota":-1,"timeFrameDays":-1,"quantityOrdered":0}}]},"currency":"USD"}]}
Entry request : {"order":{"customer":{"href":"https://hydraqa.unicity.net/v5a-test/customers?type=Associate"},"shipToAddress":{"country":"US"}},"vary":{"lines":{"items":[{"item":{"href":"https://hydraqa.unicity.net/v5a-test/items?id.unicity=27228|27227|27226|24418|25008|29017"}}]}}}
]]></system-out>
    <system-err><![CDATA[Starting ChromeDriver 2.36.540470 (e522d04694c7ebea4ba8821272dbef4f9b818c91) on port 37028
Only local connections are allowed.
Jun 30, 2020 2:18:49 PM org.openqa.selenium.remote.ProtocolHandshake createSession
INFO: Detected dialect: OSS
]]></system-err>
  </testcase>
  <testcase name="PassReferralID" classname="Tests.HealthCareProducts" time="119.795">
    <failure message="Critical A-Z section not displaying" type="java.lang.AssertionError">java.lang.AssertionError: Critical A-Z section not displaying
	at Tests.HealthCareProducts.PassReferralID(HealthCareProducts.java:64)
</failure>
    <system-out><![CDATA[Request URL: https://hydraqa.unicity.net/v5a-test/quotes?&expand=item
Entry Quotes response : {"items":[{"lines":{"items":[{"item":{"href":"https:\/\/hydraqa.unicity.net\/v5a-test\/items\/46ea1edabdcf18f49817c437346958eb","id":{"unicity":"29147"}},"quantity":1,"terms":{"priceEach":74,"taxEach":{"amount":0},"discountEach":{"amount":0},"pvEach":33},"quantityLimit":{"quantityQuota":-1,"timeFrameDays":-1,"quantityOrdered":0}}]},"currency":"CAD"},{"lines":{"items":[{"item":{"href":"https:\/\/hydraqa.unicity.net\/v5a-test\/items\/e77144fa2fcf6a4dc73c15b4d615c1aa","id":{"unicity":"28437"}},"quantity":1,"terms":{"priceEach":74,"taxEach":{"amount":0},"discountEach":{"amount":0},"pvEach":33},"quantityLimit":{"quantityQuota":-1,"timeFrameDays":-1,"quantityOrdered":0}}]},"currency":"CAD"},{"lines":{"items":[{"item":{"href":"https:\/\/hydraqa.unicity.net\/v5a-test\/items\/8407b62b9c4120aa3dfe25c9feb76e4a","id":{"unicity":"28591"}},"quantity":1,"terms":{"priceEach":21,"taxEach":{"amount":0},"discountEach":{"amount":0},"pvEach":15},"quantityLimit":{"quantityQuota":-1,"timeFrameDays":-1,"quantityOrdered":0}}]},"currency":"CAD"}]}
Entry request : {"order":{"customer":{"href":"https://hydraqa.unicity.net/v5a-test/customers?type=Associate"},"shipToAddress":{"country":"CA"}},"vary":{"lines":{"items":[{"item":{"href":"https://hydraqa.unicity.net/v5a-test/items?id.unicity=27302|27305|27301|27304|27300|27303|24418|29147|28437|28591"}}]}}}
]]></system-out>
    <system-err><![CDATA[Starting ChromeDriver 2.36.540470 (e522d04694c7ebea4ba8821272dbef4f9b818c91) on port 5856
Only local connections are allowed.
Jun 30, 2020 2:20:55 PM org.openqa.selenium.remote.ProtocolHandshake createSession
INFO: Detected dialect: OSS
]]></system-err>
  </testcase>
  <testcase name="PassReferralID" classname="Tests.HealthCareProducts" time="119.957">
    <failure message="Critical A-Z section not displaying" type="java.lang.AssertionError">java.lang.AssertionError: Critical A-Z section not displaying
	at Tests.HealthCareProducts.PassReferralID(HealthCareProducts.java:64)
</failure>
    <system-out><![CDATA[Request URL: https://hydraqa.unicity.net/v5a-test/quotes?&expand=item
Entry Quotes response : {"items":[{"lines":{"items":[{"item":{"href":"https:\/\/hydraqa.unicity.net\/v5a-test\/items\/46ea1edabdcf18f49817c437346958eb","id":{"unicity":"29147"}},"quantity":1,"terms":{"priceEach":74,"taxEach":{"amount":0},"discountEach":{"amount":0},"pvEach":33},"quantityLimit":{"quantityQuota":-1,"timeFrameDays":-1,"quantityOrdered":0}}]},"currency":"CAD"},{"lines":{"items":[{"item":{"href":"https:\/\/hydraqa.unicity.net\/v5a-test\/items\/e77144fa2fcf6a4dc73c15b4d615c1aa","id":{"unicity":"28437"}},"quantity":1,"terms":{"priceEach":74,"taxEach":{"amount":0},"discountEach":{"amount":0},"pvEach":33},"quantityLimit":{"quantityQuota":-1,"timeFrameDays":-1,"quantityOrdered":0}}]},"currency":"CAD"},{"lines":{"items":[{"item":{"href":"https:\/\/hydraqa.unicity.net\/v5a-test\/items\/8407b62b9c4120aa3dfe25c9feb76e4a","id":{"unicity":"28591"}},"quantity":1,"terms":{"priceEach":21,"taxEach":{"amount":0},"discountEach":{"amount":0},"pvEach":15},"quantityLimit":{"quantityQuota":-1,"timeFrameDays":-1,"quantityOrdered":0}}]},"currency":"CAD"}]}
Entry request : {"order":{"customer":{"href":"https://hydraqa.unicity.net/v5a-test/customers?type=Associate"},"shipToAddress":{"country":"CA"}},"vary":{"lines":{"items":[{"item":{"href":"https://hydraqa.unicity.net/v5a-test/items?id.unicity=27302|27305|27301|27304|27300|27303|24418|29147|28437|28591"}}]}}}
]]></system-out>
    <system-err><![CDATA[Starting ChromeDriver 2.36.540470 (e522d04694c7ebea4ba8821272dbef4f9b818c91) on port 35880
Only local connections are allowed.
Jun 30, 2020 2:23:02 PM org.openqa.selenium.remote.ProtocolHandshake createSession
INFO: Detected dialect: OSS
]]></system-err>
  </testcase>
</testsuite>