<?xml version="1.0" encoding="UTF-8"?>
<testsuite xmlns:xsi="http://www.w3.org/2001/XMLSchema-instance" xsi:noNamespaceSchemaLocation="https://maven.apache.org/surefire/maven-surefire-plugin/xsd/surefire-test-report-3.0.xsd" version="3.0" name="TestSuite" time="17,059.508" tests="76" errors="0" skipped="0" failures="48">
  <properties>
    <property name="sun.desktop" value="windows"/>
    <property name="awt.toolkit" value="sun.awt.windows.WToolkit"/>
    <property name="file.encoding.pkg" value="sun.io"/>
    <property name="java.specification.version" value="1.8"/>
    <property name="sun.cpu.isalist" value="amd64"/>
    <property name="sun.jnu.encoding" value="Cp1252"/>
    <property name="java.class.path" value="C:\Users\sumancb\git\Enrollment\Enrollment\target\test-classes;C:\Users\sumancb\git\Enrollment\Enrollment\target\classes;C:\Users\sumancb\.m2\repository\junit\junit\3.8.1\junit-3.8.1.jar;C:\Users\sumancb\.m2\repository\org\seleniumhq\selenium\selenium-java\3.8.1\selenium-java-3.8.1.jar;C:\Users\sumancb\.m2\repository\org\seleniumhq\selenium\selenium-api\3.8.1\selenium-api-3.8.1.jar;C:\Users\sumancb\.m2\repository\org\seleniumhq\selenium\selenium-chrome-driver\3.8.1\selenium-chrome-driver-3.8.1.jar;C:\Users\sumancb\.m2\repository\org\seleniumhq\selenium\selenium-edge-driver\3.8.1\selenium-edge-driver-3.8.1.jar;C:\Users\sumancb\.m2\repository\org\seleniumhq\selenium\selenium-firefox-driver\3.8.1\selenium-firefox-driver-3.8.1.jar;C:\Users\sumancb\.m2\repository\org\seleniumhq\selenium\selenium-ie-driver\3.8.1\selenium-ie-driver-3.8.1.jar;C:\Users\sumancb\.m2\repository\org\seleniumhq\selenium\selenium-opera-driver\3.8.1\selenium-opera-driver-3.8.1.jar;C:\Users\sumancb\.m2\repository\org\seleniumhq\selenium\selenium-remote-driver\3.8.1\selenium-remote-driver-3.8.1.jar;C:\Users\sumancb\.m2\repository\org\seleniumhq\selenium\selenium-safari-driver\3.8.1\selenium-safari-driver-3.8.1.jar;C:\Users\sumancb\.m2\repository\org\seleniumhq\selenium\selenium-support\3.8.1\selenium-support-3.8.1.jar;C:\Users\sumancb\.m2\repository\net\bytebuddy\byte-buddy\1.7.5\byte-buddy-1.7.5.jar;C:\Users\sumancb\.m2\repository\org\apache\commons\commons-exec\1.3\commons-exec-1.3.jar;C:\Users\sumancb\.m2\repository\commons-codec\commons-codec\1.10\commons-codec-1.10.jar;C:\Users\sumancb\.m2\repository\commons-logging\commons-logging\1.2\commons-logging-1.2.jar;C:\Users\sumancb\.m2\repository\com\google\code\gson\gson\2.8.2\gson-2.8.2.jar;C:\Users\sumancb\.m2\repository\com\google\guava\guava\23.0\guava-23.0.jar;C:\Users\sumancb\.m2\repository\com\google\code\findbugs\jsr305\1.3.9\jsr305-1.3.9.jar;C:\Users\sumancb\.m2\repository\com\google\errorprone\error_prone_annotations\2.0.18\error_prone_annotations-2.0.18.jar;C:\Users\sumancb\.m2\repository\com\google\j2objc\j2objc-annotations\1.1\j2objc-annotations-1.1.jar;C:\Users\sumancb\.m2\repository\org\codehaus\mojo\animal-sniffer-annotations\1.14\animal-sniffer-annotations-1.14.jar;C:\Users\sumancb\.m2\repository\org\apache\httpcomponents\httpclient\4.5.3\httpclient-4.5.3.jar;C:\Users\sumancb\.m2\repository\org\apache\httpcomponents\httpcore\4.4.6\httpcore-4.4.6.jar;C:\Users\sumancb\.m2\repository\org\testng\testng\6.14.3\testng-6.14.3.jar;C:\Users\sumancb\.m2\repository\com\beust\jcommander\1.72\jcommander-1.72.jar;C:\Users\sumancb\.m2\repository\org\apache-extras\beanshell\bsh\2.0b6\bsh-2.0b6.jar;C:\Users\sumancb\.m2\repository\com\relevantcodes\extentreports\2.41.2\extentreports-2.41.2.jar;C:\Users\sumancb\.m2\repository\org\jsoup\jsoup\1.8.3\jsoup-1.8.3.jar;C:\Users\sumancb\.m2\repository\org\xerial\sqlite-jdbc\3.8.11.1\sqlite-jdbc-3.8.11.1.jar;C:\Users\sumancb\.m2\repository\org\freemarker\freemarker\2.3.23\freemarker-2.3.23.jar;C:\Users\sumancb\.m2\repository\org\mongodb\mongodb-driver\3.0.4\mongodb-driver-3.0.4.jar;C:\Users\sumancb\.m2\repository\org\mongodb\bson\3.0.4\bson-3.0.4.jar;C:\Users\sumancb\.m2\repository\org\mongodb\mongodb-driver-core\3.0.4\mongodb-driver-core-3.0.4.jar;C:\Users\sumancb\.m2\repository\org\apache\commons\commons-lang3\3.8.1\commons-lang3-3.8.1.jar;C:\Users\sumancb\.m2\repository\io\rest-assured\rest-assured\3.1.0\rest-assured-3.1.0.jar;C:\Users\sumancb\.m2\repository\org\codehaus\groovy\groovy\2.4.12\groovy-2.4.12.jar;C:\Users\sumancb\.m2\repository\org\codehaus\groovy\groovy-xml\2.4.12\groovy-xml-2.4.12.jar;C:\Users\sumancb\.m2\repository\org\apache\httpcomponents\httpmime\4.5.1\httpmime-4.5.1.jar;C:\Users\sumancb\.m2\repository\org\hamcrest\hamcrest-core\1.3\hamcrest-core-1.3.jar;C:\Users\sumancb\.m2\repository\org\hamcrest\hamcrest-library\1.3\hamcrest-library-1.3.jar;C:\Users\sumancb\.m2\repository\org\ccil\cowan\tagsoup\tagsoup\1.2.1\tagsoup-1.2.1.jar;C:\Users\sumancb\.m2\repository\io\rest-assured\json-path\3.1.0\json-path-3.1.0.jar;C:\Users\sumancb\.m2\repository\org\codehaus\groovy\groovy-json\2.4.12\groovy-json-2.4.12.jar;C:\Users\sumancb\.m2\repository\io\rest-assured\rest-assured-common\3.1.0\rest-assured-common-3.1.0.jar;C:\Users\sumancb\.m2\repository\io\rest-assured\xml-path\3.1.0\xml-path-3.1.0.jar;C:\Users\sumancb\.m2\repository\javax\xml\bind\jaxb-api\2.2.12\jaxb-api-2.2.12.jar;C:\Users\sumancb\.m2\repository\org\skyscreamer\jsonassert\1.5.0\jsonassert-1.5.0.jar;C:\Users\sumancb\.m2\repository\com\vaadin\external\google\android-json\0.0.20131108.vaadin1\android-json-0.0.20131108.vaadin1.jar;C:\Users\sumancb\.m2\repository\org\codehaus\groovy\groovy-all\2.3.5\groovy-all-2.3.5.jar;C:\Users\sumancb\.m2\repository\org\codehaus\jackson\jackson-mapper-asl\1.5.0\jackson-mapper-asl-1.5.0.jar;C:\Users\sumancb\.m2\repository\org\codehaus\jackson\jackson-core-asl\1.5.0\jackson-core-asl-1.5.0.jar;C:\Users\sumancb\.m2\repository\net\lightbody\bmp\browsermob-core\2.1.5\browsermob-core-2.1.5.jar;C:\Users\sumancb\.m2\repository\net\lightbody\bmp\littleproxy\1.1.0-beta-bmp-17\littleproxy-1.1.0-beta-bmp-17.jar;C:\Users\sumancb\.m2\repository\com\fasterxml\jackson\core\jackson-core\2.8.9\jackson-core-2.8.9.jar;C:\Users\sumancb\.m2\repository\com\fasterxml\jackson\core\jackson-databind\2.8.9\jackson-databind-2.8.9.jar;C:\Users\sumancb\.m2\repository\dnsjava\dnsjava\2.1.8\dnsjava-2.1.8.jar;C:\Users\sumancb\.m2\repository\org\slf4j\slf4j-api\1.7.25\slf4j-api-1.7.25.jar;C:\Users\sumancb\.m2\repository\org\slf4j\jcl-over-slf4j\1.7.25\jcl-over-slf4j-1.7.25.jar;C:\Users\sumancb\.m2\repository\com\jcraft\jzlib\1.1.3\jzlib-1.1.3.jar;C:\Users\sumancb\.m2\repository\io\netty\netty-all\4.0.51.Final\netty-all-4.0.51.Final.jar;C:\Users\sumancb\.m2\repository\org\bouncycastle\bcprov-jdk15on\1.58\bcprov-jdk15on-1.58.jar;C:\Users\sumancb\.m2\repository\org\bouncycastle\bcpkix-jdk15on\1.58\bcpkix-jdk15on-1.58.jar;C:\Users\sumancb\.m2\repository\net\lightbody\bmp\mitm\2.1.5\mitm-2.1.5.jar;C:\Users\sumancb\.m2\repository\com\fasterxml\jackson\core\jackson-annotations\2.9.8\jackson-annotations-2.9.8.jar;C:\Users\sumancb\.m2\repository\commons-lang\commons-lang\2.2\commons-lang-2.2.jar;C:\Users\sumancb\.m2\repository\javax\mail\javax.mail-api\1.5.5\javax.mail-api-1.5.5.jar;C:\Users\sumancb\.m2\repository\com\sun\mail\javax.mail\1.6.1\javax.mail-1.6.1.jar;C:\Users\sumancb\.m2\repository\javax\activation\activation\1.1\activation-1.1.jar;C:\Users\sumancb\.m2\repository\org\springframework\data\spring-data-jpa\1.11.23.RELEASE\spring-data-jpa-1.11.23.RELEASE.jar;C:\Users\sumancb\.m2\repository\org\springframework\data\spring-data-commons\1.13.23.RELEASE\spring-data-commons-1.13.23.RELEASE.jar;C:\Users\sumancb\.m2\repository\org\springframework\spring-orm\4.3.25.RELEASE\spring-orm-4.3.25.RELEASE.jar;C:\Users\sumancb\.m2\repository\org\springframework\spring-jdbc\4.3.25.RELEASE\spring-jdbc-4.3.25.RELEASE.jar;C:\Users\sumancb\.m2\repository\org\springframework\spring-context\4.3.25.RELEASE\spring-context-4.3.25.RELEASE.jar;C:\Users\sumancb\.m2\repository\org\springframework\spring-expression\4.3.25.RELEASE\spring-expression-4.3.25.RELEASE.jar;C:\Users\sumancb\.m2\repository\org\springframework\spring-aop\4.3.25.RELEASE\spring-aop-4.3.25.RELEASE.jar;C:\Users\sumancb\.m2\repository\org\springframework\spring-tx\4.3.25.RELEASE\spring-tx-4.3.25.RELEASE.jar;C:\Users\sumancb\.m2\repository\org\springframework\spring-beans\4.3.25.RELEASE\spring-beans-4.3.25.RELEASE.jar;C:\Users\sumancb\.m2\repository\org\springframework\spring-core\4.3.25.RELEASE\spring-core-4.3.25.RELEASE.jar;C:\Users\sumancb\.m2\repository\org\aspectj\aspectjrt\1.8.13\aspectjrt-1.8.13.jar;C:\Users\sumancb\.m2\repository\org\apache\derby\derbyclient\10.11.1.1\derbyclient-10.11.1.1.jar;C:\Users\sumancb\.m2\repository\org\eclipse\persistence\org.eclipse.persistence.jpa\2.5.2\org.eclipse.persistence.jpa-2.5.2.jar;C:\Users\sumancb\.m2\repository\org\eclipse\persistence\javax.persistence\2.1.0\javax.persistence-2.1.0.jar;C:\Users\sumancb\.m2\repository\org\eclipse\persistence\org.eclipse.persistence.asm\2.5.2\org.eclipse.persistence.asm-2.5.2.jar;C:\Users\sumancb\.m2\repository\org\eclipse\persistence\org.eclipse.persistence.antlr\2.5.2\org.eclipse.persistence.antlr-2.5.2.jar;C:\Users\sumancb\.m2\repository\org\eclipse\persistence\org.eclipse.persistence.jpa.jpql\2.5.2\org.eclipse.persistence.jpa.jpql-2.5.2.jar;C:\Users\sumancb\.m2\repository\org\eclipse\persistence\org.eclipse.persistence.core\2.5.2\org.eclipse.persistence.core-2.5.2.jar;"/>
    <property name="java.vm.vendor" value="Oracle Corporation"/>
    <property name="sun.arch.data.model" value="64"/>
    <property name="user.variant" value=""/>
    <property name="java.vendor.url" value="http://java.oracle.com/"/>
    <property name="user.timezone" value="America/Denver"/>
    <property name="java.vm.specification.version" value="1.8"/>
    <property name="os.name" value="Windows Server 2012 R2"/>
    <property name="user.country" value="US"/>
    <property name="sun.java.launcher" value="SUN_STANDARD"/>
    <property name="sun.boot.library.path" value="C:\Program Files\Java\jdk1.8.0_111\jre\bin"/>
    <property name="sun.java.command" value="C:\Users\sumancb\AppData\Local\Temp\3\surefire3467798300223660623\surefirebooter8519453420059991511.jar C:\Users\sumancb\AppData\Local\Temp\3\surefire3467798300223660623 2020-01-27T16-34-03_221-jvmRun1 surefire3147569411231001376tmp surefire_01850620502731217436tmp"/>
    <property name="surefire.test.class.path" value="C:\Users\sumancb\git\Enrollment\Enrollment\target\test-classes;C:\Users\sumancb\git\Enrollment\Enrollment\target\classes;C:\Users\sumancb\.m2\repository\junit\junit\3.8.1\junit-3.8.1.jar;C:\Users\sumancb\.m2\repository\org\seleniumhq\selenium\selenium-java\3.8.1\selenium-java-3.8.1.jar;C:\Users\sumancb\.m2\repository\org\seleniumhq\selenium\selenium-api\3.8.1\selenium-api-3.8.1.jar;C:\Users\sumancb\.m2\repository\org\seleniumhq\selenium\selenium-chrome-driver\3.8.1\selenium-chrome-driver-3.8.1.jar;C:\Users\sumancb\.m2\repository\org\seleniumhq\selenium\selenium-edge-driver\3.8.1\selenium-edge-driver-3.8.1.jar;C:\Users\sumancb\.m2\repository\org\seleniumhq\selenium\selenium-firefox-driver\3.8.1\selenium-firefox-driver-3.8.1.jar;C:\Users\sumancb\.m2\repository\org\seleniumhq\selenium\selenium-ie-driver\3.8.1\selenium-ie-driver-3.8.1.jar;C:\Users\sumancb\.m2\repository\org\seleniumhq\selenium\selenium-opera-driver\3.8.1\selenium-opera-driver-3.8.1.jar;C:\Users\sumancb\.m2\repository\org\seleniumhq\selenium\selenium-remote-driver\3.8.1\selenium-remote-driver-3.8.1.jar;C:\Users\sumancb\.m2\repository\org\seleniumhq\selenium\selenium-safari-driver\3.8.1\selenium-safari-driver-3.8.1.jar;C:\Users\sumancb\.m2\repository\org\seleniumhq\selenium\selenium-support\3.8.1\selenium-support-3.8.1.jar;C:\Users\sumancb\.m2\repository\net\bytebuddy\byte-buddy\1.7.5\byte-buddy-1.7.5.jar;C:\Users\sumancb\.m2\repository\org\apache\commons\commons-exec\1.3\commons-exec-1.3.jar;C:\Users\sumancb\.m2\repository\commons-codec\commons-codec\1.10\commons-codec-1.10.jar;C:\Users\sumancb\.m2\repository\commons-logging\commons-logging\1.2\commons-logging-1.2.jar;C:\Users\sumancb\.m2\repository\com\google\code\gson\gson\2.8.2\gson-2.8.2.jar;C:\Users\sumancb\.m2\repository\com\google\guava\guava\23.0\guava-23.0.jar;C:\Users\sumancb\.m2\repository\com\google\code\findbugs\jsr305\1.3.9\jsr305-1.3.9.jar;C:\Users\sumancb\.m2\repository\com\google\errorprone\error_prone_annotations\2.0.18\error_prone_annotations-2.0.18.jar;C:\Users\sumancb\.m2\repository\com\google\j2objc\j2objc-annotations\1.1\j2objc-annotations-1.1.jar;C:\Users\sumancb\.m2\repository\org\codehaus\mojo\animal-sniffer-annotations\1.14\animal-sniffer-annotations-1.14.jar;C:\Users\sumancb\.m2\repository\org\apache\httpcomponents\httpclient\4.5.3\httpclient-4.5.3.jar;C:\Users\sumancb\.m2\repository\org\apache\httpcomponents\httpcore\4.4.6\httpcore-4.4.6.jar;C:\Users\sumancb\.m2\repository\org\testng\testng\6.14.3\testng-6.14.3.jar;C:\Users\sumancb\.m2\repository\com\beust\jcommander\1.72\jcommander-1.72.jar;C:\Users\sumancb\.m2\repository\org\apache-extras\beanshell\bsh\2.0b6\bsh-2.0b6.jar;C:\Users\sumancb\.m2\repository\com\relevantcodes\extentreports\2.41.2\extentreports-2.41.2.jar;C:\Users\sumancb\.m2\repository\org\jsoup\jsoup\1.8.3\jsoup-1.8.3.jar;C:\Users\sumancb\.m2\repository\org\xerial\sqlite-jdbc\3.8.11.1\sqlite-jdbc-3.8.11.1.jar;C:\Users\sumancb\.m2\repository\org\freemarker\freemarker\2.3.23\freemarker-2.3.23.jar;C:\Users\sumancb\.m2\repository\org\mongodb\mongodb-driver\3.0.4\mongodb-driver-3.0.4.jar;C:\Users\sumancb\.m2\repository\org\mongodb\bson\3.0.4\bson-3.0.4.jar;C:\Users\sumancb\.m2\repository\org\mongodb\mongodb-driver-core\3.0.4\mongodb-driver-core-3.0.4.jar;C:\Users\sumancb\.m2\repository\org\apache\commons\commons-lang3\3.8.1\commons-lang3-3.8.1.jar;C:\Users\sumancb\.m2\repository\io\rest-assured\rest-assured\3.1.0\rest-assured-3.1.0.jar;C:\Users\sumancb\.m2\repository\org\codehaus\groovy\groovy\2.4.12\groovy-2.4.12.jar;C:\Users\sumancb\.m2\repository\org\codehaus\groovy\groovy-xml\2.4.12\groovy-xml-2.4.12.jar;C:\Users\sumancb\.m2\repository\org\apache\httpcomponents\httpmime\4.5.1\httpmime-4.5.1.jar;C:\Users\sumancb\.m2\repository\org\hamcrest\hamcrest-core\1.3\hamcrest-core-1.3.jar;C:\Users\sumancb\.m2\repository\org\hamcrest\hamcrest-library\1.3\hamcrest-library-1.3.jar;C:\Users\sumancb\.m2\repository\org\ccil\cowan\tagsoup\tagsoup\1.2.1\tagsoup-1.2.1.jar;C:\Users\sumancb\.m2\repository\io\rest-assured\json-path\3.1.0\json-path-3.1.0.jar;C:\Users\sumancb\.m2\repository\org\codehaus\groovy\groovy-json\2.4.12\groovy-json-2.4.12.jar;C:\Users\sumancb\.m2\repository\io\rest-assured\rest-assured-common\3.1.0\rest-assured-common-3.1.0.jar;C:\Users\sumancb\.m2\repository\io\rest-assured\xml-path\3.1.0\xml-path-3.1.0.jar;C:\Users\sumancb\.m2\repository\javax\xml\bind\jaxb-api\2.2.12\jaxb-api-2.2.12.jar;C:\Users\sumancb\.m2\repository\org\skyscreamer\jsonassert\1.5.0\jsonassert-1.5.0.jar;C:\Users\sumancb\.m2\repository\com\vaadin\external\google\android-json\0.0.20131108.vaadin1\android-json-0.0.20131108.vaadin1.jar;C:\Users\sumancb\.m2\repository\org\codehaus\groovy\groovy-all\2.3.5\groovy-all-2.3.5.jar;C:\Users\sumancb\.m2\repository\org\codehaus\jackson\jackson-mapper-asl\1.5.0\jackson-mapper-asl-1.5.0.jar;C:\Users\sumancb\.m2\repository\org\codehaus\jackson\jackson-core-asl\1.5.0\jackson-core-asl-1.5.0.jar;C:\Users\sumancb\.m2\repository\net\lightbody\bmp\browsermob-core\2.1.5\browsermob-core-2.1.5.jar;C:\Users\sumancb\.m2\repository\net\lightbody\bmp\littleproxy\1.1.0-beta-bmp-17\littleproxy-1.1.0-beta-bmp-17.jar;C:\Users\sumancb\.m2\repository\com\fasterxml\jackson\core\jackson-core\2.8.9\jackson-core-2.8.9.jar;C:\Users\sumancb\.m2\repository\com\fasterxml\jackson\core\jackson-databind\2.8.9\jackson-databind-2.8.9.jar;C:\Users\sumancb\.m2\repository\dnsjava\dnsjava\2.1.8\dnsjava-2.1.8.jar;C:\Users\sumancb\.m2\repository\org\slf4j\slf4j-api\1.7.25\slf4j-api-1.7.25.jar;C:\Users\sumancb\.m2\repository\org\slf4j\jcl-over-slf4j\1.7.25\jcl-over-slf4j-1.7.25.jar;C:\Users\sumancb\.m2\repository\com\jcraft\jzlib\1.1.3\jzlib-1.1.3.jar;C:\Users\sumancb\.m2\repository\io\netty\netty-all\4.0.51.Final\netty-all-4.0.51.Final.jar;C:\Users\sumancb\.m2\repository\org\bouncycastle\bcprov-jdk15on\1.58\bcprov-jdk15on-1.58.jar;C:\Users\sumancb\.m2\repository\org\bouncycastle\bcpkix-jdk15on\1.58\bcpkix-jdk15on-1.58.jar;C:\Users\sumancb\.m2\repository\net\lightbody\bmp\mitm\2.1.5\mitm-2.1.5.jar;C:\Users\sumancb\.m2\repository\com\fasterxml\jackson\core\jackson-annotations\2.9.8\jackson-annotations-2.9.8.jar;C:\Users\sumancb\.m2\repository\commons-lang\commons-lang\2.2\commons-lang-2.2.jar;C:\Users\sumancb\.m2\repository\javax\mail\javax.mail-api\1.5.5\javax.mail-api-1.5.5.jar;C:\Users\sumancb\.m2\repository\com\sun\mail\javax.mail\1.6.1\javax.mail-1.6.1.jar;C:\Users\sumancb\.m2\repository\javax\activation\activation\1.1\activation-1.1.jar;C:\Users\sumancb\.m2\repository\org\springframework\data\spring-data-jpa\1.11.23.RELEASE\spring-data-jpa-1.11.23.RELEASE.jar;C:\Users\sumancb\.m2\repository\org\springframework\data\spring-data-commons\1.13.23.RELEASE\spring-data-commons-1.13.23.RELEASE.jar;C:\Users\sumancb\.m2\repository\org\springframework\spring-orm\4.3.25.RELEASE\spring-orm-4.3.25.RELEASE.jar;C:\Users\sumancb\.m2\repository\org\springframework\spring-jdbc\4.3.25.RELEASE\spring-jdbc-4.3.25.RELEASE.jar;C:\Users\sumancb\.m2\repository\org\springframework\spring-context\4.3.25.RELEASE\spring-context-4.3.25.RELEASE.jar;C:\Users\sumancb\.m2\repository\org\springframework\spring-expression\4.3.25.RELEASE\spring-expression-4.3.25.RELEASE.jar;C:\Users\sumancb\.m2\repository\org\springframework\spring-aop\4.3.25.RELEASE\spring-aop-4.3.25.RELEASE.jar;C:\Users\sumancb\.m2\repository\org\springframework\spring-tx\4.3.25.RELEASE\spring-tx-4.3.25.RELEASE.jar;C:\Users\sumancb\.m2\repository\org\springframework\spring-beans\4.3.25.RELEASE\spring-beans-4.3.25.RELEASE.jar;C:\Users\sumancb\.m2\repository\org\springframework\spring-core\4.3.25.RELEASE\spring-core-4.3.25.RELEASE.jar;C:\Users\sumancb\.m2\repository\org\aspectj\aspectjrt\1.8.13\aspectjrt-1.8.13.jar;C:\Users\sumancb\.m2\repository\org\apache\derby\derbyclient\10.11.1.1\derbyclient-10.11.1.1.jar;C:\Users\sumancb\.m2\repository\org\eclipse\persistence\org.eclipse.persistence.jpa\2.5.2\org.eclipse.persistence.jpa-2.5.2.jar;C:\Users\sumancb\.m2\repository\org\eclipse\persistence\javax.persistence\2.1.0\javax.persistence-2.1.0.jar;C:\Users\sumancb\.m2\repository\org\eclipse\persistence\org.eclipse.persistence.asm\2.5.2\org.eclipse.persistence.asm-2.5.2.jar;C:\Users\sumancb\.m2\repository\org\eclipse\persistence\org.eclipse.persistence.antlr\2.5.2\org.eclipse.persistence.antlr-2.5.2.jar;C:\Users\sumancb\.m2\repository\org\eclipse\persistence\org.eclipse.persistence.jpa.jpql\2.5.2\org.eclipse.persistence.jpa.jpql-2.5.2.jar;C:\Users\sumancb\.m2\repository\org\eclipse\persistence\org.eclipse.persistence.core\2.5.2\org.eclipse.persistence.core-2.5.2.jar;"/>
    <property name="sun.cpu.endian" value="little"/>
    <property name="user.home" value="C:\Users\sumancb"/>
    <property name="user.language" value="en"/>
    <property name="java.specification.vendor" value="Oracle Corporation"/>
    <property name="java.home" value="C:\Program Files\Java\jdk1.8.0_111\jre"/>
    <property name="basedir" value="C:\Users\sumancb\git\Enrollment\Enrollment"/>
    <property name="file.separator" value="\"/>
    <property name="line.separator" value="&#10;"/>
    <property name="java.vm.specification.vendor" value="Oracle Corporation"/>
    <property name="java.specification.name" value="Java Platform API Specification"/>
    <property name="java.awt.graphicsenv" value="sun.awt.Win32GraphicsEnvironment"/>
    <property name="surefire.real.class.path" value="C:\Users\sumancb\AppData\Local\Temp\3\surefire3467798300223660623\surefirebooter8519453420059991511.jar"/>
    <property name="sun.boot.class.path" value="C:\Program Files\Java\jdk1.8.0_111\jre\lib\resources.jar;C:\Program Files\Java\jdk1.8.0_111\jre\lib\rt.jar;C:\Program Files\Java\jdk1.8.0_111\jre\lib\sunrsasign.jar;C:\Program Files\Java\jdk1.8.0_111\jre\lib\jsse.jar;C:\Program Files\Java\jdk1.8.0_111\jre\lib\jce.jar;C:\Program Files\Java\jdk1.8.0_111\jre\lib\charsets.jar;C:\Program Files\Java\jdk1.8.0_111\jre\lib\jfr.jar;C:\Program Files\Java\jdk1.8.0_111\jre\classes"/>
    <property name="user.script" value=""/>
    <property name="sun.management.compiler" value="HotSpot 64-Bit Tiered Compilers"/>
    <property name="java.runtime.version" value="1.8.0_111-b14"/>
    <property name="user.name" value="sumancb"/>
    <property name="path.separator" value=";"/>
    <property name="os.version" value="6.3"/>
    <property name="java.endorsed.dirs" value="C:\Program Files\Java\jdk1.8.0_111\jre\lib\endorsed"/>
    <property name="java.runtime.name" value="Java(TM) SE Runtime Environment"/>
    <property name="file.encoding" value="Cp1252"/>
    <property name="java.vm.name" value="Java HotSpot(TM) 64-Bit Server VM"/>
    <property name="localRepository" value="C:\Users\sumancb\.m2\repository"/>
    <property name="java.vendor.url.bug" value="http://bugreport.sun.com/bugreport/"/>
    <property name="java.io.tmpdir" value="C:\Users\sumancb\AppData\Local\Temp\3\"/>
    <property name="java.version" value="1.8.0_111"/>
    <property name="user.dir" value="C:\Users\sumancb\git\Enrollment\Enrollment"/>
    <property name="os.arch" value="amd64"/>
    <property name="java.vm.specification.name" value="Java Virtual Machine Specification"/>
    <property name="java.awt.printerjob" value="sun.awt.windows.WPrinterJob"/>
    <property name="sun.os.patch.level" value=""/>
    <property name="java.library.path" value="C:\Program Files\Java\jdk1.8.0_111\jre\bin;C:\Windows\Sun\Java\bin;C:\Windows\system32;C:\Windows;C:\Users\sumancb\.jenkins\tools\hudson.tasks.Maven_MavenInstallation\Maven_Hoem/bin;C:\Program Files\Java\jdk1.8.0_111/bin;C:\Program Files\Java\jdk1.8.0_111/bin;C:\Program Files (x86)\Common Files\Oracle\Java\javapath;C:\ProgramData\Oracle\Java\javapath;C:\Users\sumancb\Downloads\Gecko;C:\Windows\system32;C:\Windows;C:\Windows\System32\Wbem;C:\Windows\System32\WindowsPowerShell\v1.0\;C:\Program Files\nodejs\;C:\Program Files\Microsoft SQL Server\Client SDK\ODBC\110\Tools\Binn\;C:\Program Files (x86)\Microsoft SQL Server\120\Tools\Binn\ManagementStudio\;C:\Program Files (x86)\Microsoft SQL Server\120\Tools\Binn\;C:\Program Files\Microsoft SQL Server\120\Tools\Binn\;C:\Program Files (x86)\Microsoft SQL Server\120\DTS\Binn\;C:\Program Files\Microsoft SQL Server\120\DTS\Binn\;C:\xampp\php\;C:\Windows\SysinternalsSuite;C:\Program Files\apache-maven-3.6.2\apache-maven-3.6.2\bin;C:\Program Files\Java\jdk1.8.0_111\bin;C:\Program Files\Git\bin;C:\Program Files\Git\cmd;C:\Users\sumancb\AppData\Roaming;C:\Program Files\Java\jdk1.8.0_111\bin;C:\Users\sumancb\AppData\Roaming\npm;."/>
    <property name="java.vm.info" value="mixed mode"/>
    <property name="java.vendor" value="Oracle Corporation"/>
    <property name="java.vm.version" value="25.111-b14"/>
    <property name="java.ext.dirs" value="C:\Program Files\Java\jdk1.8.0_111\jre\lib\ext;C:\Windows\Sun\Java\lib\ext"/>
    <property name="sun.io.unicode.encoding" value="UnicodeLittle"/>
    <property name="java.class.version" value="52.0"/>
  </properties>
  <testcase name="Enroll" classname="Tests.FranchisePartner" time="46.865">
    <failure message="Critical Packs not returning from Quotes Call" type="java.lang.AssertionError">java.lang.AssertionError: Critical Packs not returning from Quotes Call
	at Tests.FranchisePartner.Enroll(FranchisePartner.java:261)
</failure>
    <system-out><![CDATA[Request URL: https://hydraqa.unicity.net/v5a-test/quotes?&expand=item
Entry Quotes response : {"items":[]}
Entry request : {"order":{"customer":{"href":"https://hydraqa.unicity.net/v5a-test/customers?type=Associate"},"shipToAddress":{"country":"AU"}},"vary":{"lines":{"items":[{"item":{"href":"https://hydraqa.unicity.net/v5a-test/items?id.unicity=31440"}}]}}}
]]></system-out>
    <system-err><![CDATA[SLF4J: Failed to load class "org.slf4j.impl.StaticLoggerBinder".
SLF4J: Defaulting to no-operation (NOP) logger implementation
SLF4J: See http://www.slf4j.org/codes.html#StaticLoggerBinder for further details.
Starting ChromeDriver 2.36.540470 (e522d04694c7ebea4ba8821272dbef4f9b818c91) on port 13585
Only local connections are allowed.
Jan 27, 2020 4:34:07 PM org.openqa.selenium.remote.ProtocolHandshake createSession
INFO: Detected dialect: OSS
]]></system-err>
  </testcase>
  <testcase name="Enroll" classname="Tests.FranchisePartner" time="316.289">
    <failure message="Major AR Number expected [true] but found [false]" type="java.lang.AssertionError">java.lang.AssertionError: Major AR Number expected [true] but found [false]
	at Tests.FranchisePartner.Enroll(FranchisePartner.java:265)
</failure>
    <system-out><![CDATA[Request URL: https://hydraqa.unicity.net/v5a-test/quotes?&expand=item
Entry Quotes response : {"items":[{"lines":{"items":[{"item":{"href":"https:\/\/hydraqa.unicity.net\/v5a-test\/items\/1a2c3b4500d826d2ffdd3b684b179511","id":{"unicity":"27700"},"weightEach":{"value":0},"servingsPerContainer":0,"servingSize":0},"quantity":"1","terms":{"priceEach":"340","taxEach":{"amount":"34"},"discountEach":{"amount":"0"},"pvEach":"250"}}]},"currency":"EUR"},{"lines":{"items":[{"item":{"href":"https:\/\/hydraqa.unicity.net\/v5a-test\/items\/6447f84f6ef7782049a369b983428bb7","id":{"unicity":"31336"},"weightEach":{"value":0},"servingsPerContainer":0,"servingSize":0},"quantity":"1","terms":{"priceEach":"224.21","taxEach":{"amount":"22.42"},"discountEach":{"amount":"0"},"pvEach":"165"}}]},"currency":"EUR"},{"lines":{"items":[{"item":{"href":"https:\/\/hydraqa.unicity.net\/v5a-test\/items\/e9991b48ac639367d526d2b9b22fac8c","id":{"unicity":"32128"},"weightEach":{"value":0},"servingsPerContainer":0,"servingSize":0},"quantity":"1","terms":{"priceEach":"371.87","taxEach":{"amount":"37.19"},"discountEach":{"amount":"0"},"pvEach":"253"}}]},"currency":"EUR"},{"lines":{"items":[{"item":{"href":"https:\/\/hydraqa.unicity.net\/v5a-test\/items\/40b3312de189221d96d838d33a8ec49d","id":{"unicity":"32129"},"weightEach":{"value":0},"servingsPerContainer":0,"servingSize":0},"quantity":"1","terms":{"priceEach":"371.87","taxEach":{"amount":"37.19"},"discountEach":{"amount":"0"},"pvEach":"254"}}]},"currency":"EUR"},{"lines":{"items":[{"item":{"href":"https:\/\/hydraqa.unicity.net\/v5a-test\/items\/6bd168a66ce41003a8f30917deff5808","id":{"unicity":"32130"},"weightEach":{"value":0},"servingsPerContainer":0,"servingSize":0},"quantity":"1","terms":{"priceEach":"363.46","taxEach":{"amount":"36.35"},"discountEach":{"amount":"0"},"pvEach":"252"}}]},"currency":"EUR"},{"lines":{"items":[{"item":{"href":"https:\/\/hydraqa.unicity.net\/v5a-test\/items\/806f99b793edd7cd0b1c158ba0eb3142","id":{"unicity":"32132"},"weightEach":{"value":0},"servingsPerContainer":0,"servingSize":0},"quantity":"1","terms":{"priceEach":"355.98","taxEach":{"amount":"35.6"},"discountEach":{"amount":"0"},"pvEach":"253"}}]},"currency":"EUR"},{"lines":{"items":[{"item":{"href":"https:\/\/hydraqa.unicity.net\/v5a-test\/items\/e3d382d99fde8659cb146b54116e7654","id":{"unicity":"32133"},"weightEach":{"value":0},"servingsPerContainer":0,"servingSize":0},"quantity":"1","terms":{"priceEach":"364.39","taxEach":{"amount":"36.44"},"discountEach":{"amount":"0"},"pvEach":"252"}}]},"currency":"EUR"},{"lines":{"items":[{"item":{"href":"https:\/\/hydraqa.unicity.net\/v5a-test\/items\/022f109fe6e5eae3e521295a5cb94c60","id":{"unicity":"32134"},"weightEach":{"value":0},"servingsPerContainer":0,"servingSize":0},"quantity":"1","terms":{"priceEach":"144.77","taxEach":{"amount":"14.48"},"discountEach":{"amount":"0"},"pvEach":"101"}}]},"currency":"EUR"},{"lines":{"items":[{"item":{"href":"https:\/\/hydraqa.unicity.net\/v5a-test\/items\/ded00960d5e948dd8e511a9c752e1ff9","id":{"unicity":"32135"},"weightEach":{"value":0},"servingsPerContainer":0,"servingSize":0},"quantity":"1","terms":{"priceEach":"154.11","taxEach":{"amount":"15.41"},"discountEach":{"amount":"0"},"pvEach":"113"}}]},"currency":"EUR"},{"lines":{"items":[{"item":{"href":"https:\/\/hydraqa.unicity.net\/v5a-test\/items\/d8736cc35cf9f4734fd76da71c53dc05","id":{"unicity":"32136"},"weightEach":{"value":0},"servingsPerContainer":0,"servingSize":0},"quantity":"1","terms":{"priceEach":"141.96","taxEach":{"amount":"14.2"},"discountEach":{"amount":"0"},"pvEach":"102"}}]},"currency":"EUR"},{"lines":{"items":[{"item":{"href":"https:\/\/hydraqa.unicity.net\/v5a-test\/items\/166a69d45c4ae40278554e24d5f40443","id":{"unicity":"32137"},"weightEach":{"value":0},"servingsPerContainer":0,"servingSize":0},"quantity":"1","terms":{"priceEach":"168.13","taxEach":{"amount":"16.81"},"discountEach":{"amount":"0"},"pvEach":"118"}}]},"currency":"EUR"},{"lines":{"items":[{"item":{"href":"https:\/\/hydraqa.unicity.net\/v5a-test\/items\/d04a0b8762b20202b6273114fb7302d1","id":{"unicity":"32138"},"weightEach":{"value":0},"servingsPerContainer":0,"servingSize":0},"quantity":"1","terms":{"priceEach":"224.21","taxEach":{"amount":"22.42"},"discountEach":{"amount":"0"},"pvEach":"152"}}]},"currency":"EUR"},{"lines":{"items":[{"item":{"href":"https:\/\/hydraqa.unicity.net\/v5a-test\/items\/e13d0b5c40704ad5dd186959367c97f1","id":{"unicity":"32125"},"weightEach":{"value":0},"servingsPerContainer":0,"servingSize":0},"quantity":"1","terms":{"priceEach":"373.74","taxEach":{"amount":"37.37"},"discountEach":{"amount":"0"},"pvEach":"250"}}]},"currency":"EUR"},{"lines":{"items":[{"item":{"href":"https:\/\/hydraqa.unicity.net\/v5a-test\/items\/c451532f63a06f0e9a054e946a1a1c3b","id":{"unicity":"18511"},"weightEach":{"value":0},"servingsPerContainer":0,"servingSize":0},"quantity":"1","terms":{"priceEach":"37.29","taxEach":{"amount":"3.73"},"discountEach":{"amount":"0"},"pvEach":"23"}}]},"currency":"EUR"},{"lines":{"items":[{"item":{"href":"https:\/\/hydraqa.unicity.net\/v5a-test\/items\/9752a919e28f96747163918165b46f23","id":{"unicity":"19941"},"weightEach":{"value":558},"servingsPerContainer":15,"servingSize":0},"quantity":"1","terms":{"priceEach":"32.62","taxEach":{"amount":"3.26"},"discountEach":{"amount":"0"},"pvEach":"20"}}]},"currency":"EUR"},{"lines":{"items":[{"item":{"href":"https:\/\/hydraqa.unicity.net\/v5a-test\/items\/65589269f4976d30f5c80a675b83db43","id":{"unicity":"22178"},"weightEach":{"value":0},"servingsPerContainer":0,"servingSize":0},"quantity":"1","terms":{"priceEach":"37.29","taxEach":{"amount":"3.73"},"discountEach":{"amount":"0"},"pvEach":"23"}}]},"currency":"EUR"},{"lines":{"items":[{"item":{"href":"https:\/\/hydraqa.unicity.net\/v5a-test\/items\/4e49c95f12ae7be78e5ffab68b8b3ca6","id":{"unicity":"26422"},"weightEach":{"value":0},"servingsPerContainer":0,"servingSize":0},"quantity":"1","terms":{"priceEach":"19","taxEach":{"amount":"1.9"},"discountEach":{"amount":"0"},"pvEach":"16"}}]},"currency":"EUR"},{"lines":{"items":[{"item":{"href":"https:\/\/hydraqa.unicity.net\/v5a-test\/items\/50e73ecfa509ac20c4a250f9cb32fdfc","id":{"unicity":"27156"},"weightEach":{"value":0},"servingsPerContainer":0,"servingSize":0},"quantity":"1","terms":{"priceEach":"20.47","taxEach":{"amount":"2.05"},"discountEach":{"amount":"0"},"pvEach":"13"}}]},"currency":"EUR"},{"lines":{"items":[{"item":{"href":"https:\/\/hydraqa.unicity.net\/v5a-test\/items\/d92292ba2f23c030e4a1f63eb3ebe1ce","id":{"unicity":"27158"},"weightEach":{"value":0},"servingsPerContainer":0,"servingSize":0},"quantity":"1","terms":{"priceEach":"27.94","taxEach":{"amount":"2.79"},"discountEach":{"amount":"0"},"pvEach":"23"}}]},"currency":"EUR"},{"lines":{"items":[{"item":{"href":"https:\/\/hydraqa.unicity.net\/v5a-test\/items\/0d3b8d4f7c4d4082db1b4ecffb6693fb","id":{"unicity":"27160"},"weightEach":{"value":0},"servingsPerContainer":0,"servingSize":0},"quantity":"1","terms":{"priceEach":"74.67","taxEach":{"amount":"7.47"},"discountEach":{"amount":"0"},"pvEach":"53"}}]},"currency":"EUR"},{"lines":{"items":[{"item":{"href":"https:\/\/hydraqa.unicity.net\/v5a-test\/items\/ac37bf51ff7e4fe860da8457f6ce0425","id":{"unicity":"27166"},"weightEach":{"value":0},"servingsPerContainer":0,"servingSize":0},"quantity":"1","terms":{"priceEach":"74.67","taxEach":{"amount":"7.47"},"discountEach":{"amount":"0"},"pvEach":"54"}}]},"currency":"EUR"},{"lines":{"items":[{"item":{"href":"https:\/\/hydraqa.unicity.net\/v5a-test\/items\/a7bda1cb4a35343e52791aba56debc4a","id":{"unicity":"27617"},"weightEach":{"value":0},"servingsPerContainer":0,"servingSize":0},"quantity":"1","terms":{"priceEach":"29.81","taxEach":{"amount":"2.98"},"discountEach":{"amount":"0"},"pvEach":"18"}}]},"currency":"EUR"},{"lines":{"items":[{"item":{"href":"https:\/\/hydraqa.unicity.net\/v5a-test\/items\/a36d9fdd0fd7561e6180fb5b2ff27164","id":{"unicity":"27660"},"weightEach":{"value":0},"servingsPerContainer":0,"servingSize":0},"quantity":"1","terms":{"priceEach":"31.68","taxEach":{"amount":"3.17"},"discountEach":{"amount":"0"},"pvEach":"18"}}]},"currency":"EUR"},{"lines":{"items":[{"item":{"href":"https:\/\/hydraqa.unicity.net\/v5a-test\/items\/112b8c39286598b3730f630f371a45f4","id":{"unicity":"27587"},"weightEach":{"value":0},"servingsPerContainer":0,"servingSize":0},"quantity":"1","terms":{"priceEach":"55.98","taxEach":{"amount":"5.6"},"discountEach":{"amount":"0"},"pvEach":"34"}}]},"currency":"EUR"},{"lines":{"items":[{"item":{"href":"https:\/\/hydraqa.unicity.net\/v5a-test\/items\/0c0717a26fcfe40310e906487e8a12f7","id":{"unicity":"28601"},"weightEach":{"value":0},"servingsPerContainer":0,"servingSize":0},"quantity":"1","terms":{"priceEach":"74.67","taxEach":{"amount":"7.47"},"discountEach":{"amount":"0"},"pvEach":"54"}}]},"currency":"EUR"},{"lines":{"items":[{"item":{"href":"https:\/\/hydraqa.unicity.net\/v5a-test\/items\/4790a55c442b5dc75a13b155e78c1842","id":{"unicity":"28604"},"weightEach":{"value":0},"servingsPerContainer":0,"servingSize":0},"quantity":"1","terms":{"priceEach":"74.67","taxEach":{"amount":"7.47"},"discountEach":{"amount":"0"},"pvEach":"54"}}]},"currency":"EUR"},{"lines":{"items":[{"item":{"href":"https:\/\/hydraqa.unicity.net\/v5a-test\/items\/024e696f8b44a1d315006e676604cd31","id":{"unicity":"27395"},"weightEach":{"value":0},"servingsPerContainer":0,"servingSize":0},"quantity":"1","terms":{"priceEach":"29.81","taxEach":{"amount":"2.98"},"discountEach":{"amount":"0"},"pvEach":"18"}}]},"currency":"EUR"},{"lines":{"items":[{"item":{"href":"https:\/\/hydraqa.unicity.net\/v5a-test\/items\/4b2034f47fce90b87bba28c5c2d7c25d","id":{"unicity":"15880"},"weightEach":{"value":0},"servingsPerContainer":0,"servingSize":0},"quantity":"1","terms":{"priceEach":"51.31","taxEach":{"amount":"5.13"},"discountEach":{"amount":"0"},"pvEach":"33"}}]},"currency":"EUR"},{"lines":{"items":[{"item":{"href":"https:\/\/hydraqa.unicity.net\/v5a-test\/items\/398d06b858b960f6f38086d40608aef2","id":{"unicity":"26560"},"weightEach":{"value":0},"servingsPerContainer":0,"servingSize":0},"quantity":"1","terms":{"priceEach":"20.47","taxEach":{"amount":"2.05"},"discountEach":{"amount":"0"},"pvEach":"13"}}]},"currency":"EUR"},{"lines":{"items":[{"item":{"href":"https:\/\/hydraqa.unicity.net\/v5a-test\/items\/e218d1cac5f31e7ae4f5876c29c57377","id":{"unicity":"29017"},"weightEach":{"value":0},"servingsPerContainer":0,"servingSize":0},"quantity":"1","terms":{"priceEach":"37.29","taxEach":{"amount":"3.73"},"discountEach":{"amount":"0"},"pvEach":"23"}}]},"currency":"EUR"},{"lines":{"items":[{"item":{"href":"https:\/\/hydraqa.unicity.net\/v5a-test\/items\/11fac1643721516cbf646365d88b73cd","id":{"unicity":"29838"},"weightEach":{"value":0},"servingsPerContainer":0,"servingSize":0},"quantity":"1","terms":{"priceEach":"112.36","taxEach":{"amount":"11.24"},"discountEach":{"amount":"0"},"pvEach":"86"}}]},"currency":"EUR"},{"lines":{"items":[{"item":{"href":"https:\/\/hydraqa.unicity.net\/v5a-test\/items\/2c4c1abe00983e85aaa918d2ce341491","id":{"unicity":"17174"},"weightEach":{"value":0},"servingsPerContainer":0,"servingSize":0},"quantity":"1","terms":{"priceEach":"37.29","taxEach":{"amount":"3.73"},"discountEach":{"amount":"0"},"pvEach":"23"}}]},"currency":"EUR"},{"lines":{"items":[{"item":{"href":"https:\/\/hydraqa.unicity.net\/v5a-test\/items\/db0a2b02eaabc5ad45fe91ba5c7bcf5a","id":{"unicity":"31772"},"weightEach":{"value":0},"servingsPerContainer":0,"servingSize":0},"quantity":"1","terms":{"priceEach":"8.32","taxEach":{"amount":"1.66"},"discountEach":{"amount":"0"},"pvEach":"0"}}]},"currency":"EUR"},{"lines":{"items":[{"item":{"href":"https:\/\/hydraqa.unicity.net\/v5a-test\/items\/ae151d812f5aceb6fecd752f77330f12","id":{"unicity":"32192"},"weightEach":{"value":0},"servingsPerContainer":0,"servingSize":0},"quantity":"1","terms":{"priceEach":"607.38","taxEach":{"amount":"60.74"},"discountEach":{"amount":"0"},"pvEach":"413"}}]},"currency":"EUR"},{"lines":{"items":[{"item":{"href":"https:\/\/hydraqa.unicity.net\/v5a-test\/items\/a85cc4a606716ce7b10b8bd76dca368f","id":{"unicity":"22605"},"weightEach":{"value":0},"servingsPerContainer":0,"servingSize":0},"quantity":"1","terms":{"priceEach":"25.21","taxEach":{"amount":"5.04"},"discountEach":{"amount":"0"},"pvEach":"0"}}]},"currency":"EUR"},{"lines":{"items":[{"item":{"href":"https:\/\/hydraqa.unicity.net\/v5a-test\/items\/217ca02fbd24e21ca5281412756238ab","id":{"unicity":"32126"},"weightEach":{"value":0},"servingsPerContainer":0,"servingSize":0},"quantity":"1","terms":{"priceEach":"152.24","taxEach":{"amount":"16.05"},"discountEach":{"amount":"0"},"pvEach":"101"}}]},"currency":"EUR"},{"lines":{"items":[{"item":{"href":"https:\/\/hydraqa.unicity.net\/v5a-test\/items\/808008a0657d2033ad471c39bbce9891","id":{"unicity":"32127"},"weightEach":{"value":0},"servingsPerContainer":0,"servingSize":0},"quantity":"1","terms":{"priceEach":"162.34","taxEach":{"amount":"17.07"},"discountEach":{"amount":"0"},"pvEach":"113"}}]},"currency":"EUR"},{"lines":{"items":[{"item":{"href":"https:\/\/hydraqa.unicity.net\/v5a-test\/items\/2f1d0aa90494ae2e08035922c701f968","id":{"unicity":"29832"},"weightEach":{"value":0},"servingsPerContainer":0,"servingSize":0},"quantity":"1","terms":{"priceEach":"47.57","taxEach":{"amount":"4.76"},"discountEach":{"amount":"0"},"pvEach":"39"}}]},"currency":"EUR"},{"lines":{"items":[{"item":{"href":"https:\/\/hydraqa.unicity.net\/v5a-test\/items\/10df0fc3509b53cbeaeb9476ca92d520","id":{"unicity":"29833"},"weightEach":{"value":0},"servingsPerContainer":0,"servingSize":0},"quantity":"1","terms":{"priceEach":"90.56","taxEach":{"amount":"9.06"},"discountEach":{"amount":"0"},"pvEach":"69"}}]},"currency":"EUR"},{"lines":{"items":[{"item":{"href":"https:\/\/hydraqa.unicity.net\/v5a-test\/items\/2262fdd5af916c31df08089c191735c1","id":{"unicity":"29317"},"weightEach":{"value":0},"servingsPerContainer":0,"servingSize":0},"quantity":"1","terms":{"priceEach":"25.21","taxEach":{"amount":"5.04"},"discountEach":{"amount":"0"},"pvEach":"0"}}]},"currency":"EUR"},{"lines":{"items":[{"item":{"href":"https:\/\/hydraqa.unicity.net\/v5a-test\/items\/332daeac6796ed016ea8b7d0bc42c2d4","id":{"unicity":"24274"},"weightEach":{"value":0},"servingsPerContainer":0,"servingSize":0},"quantity":"1","terms":{"priceEach":"7.48","taxEach":{"amount":"1.5"},"discountEach":{"amount":"0"},"pvEach":"0"}}]},"currency":"EUR"},{"lines":{"items":[{"item":{"href":"https:\/\/hydraqa.unicity.net\/v5a-test\/items\/1945faa1776541d53120ecfe3c1d8a2b","id":{"unicity":"24418"},"weightEach":{"value":0},"servingsPerContainer":0,"servingSize":0},"quantity":"1","terms":{"priceEach":"4.96","taxEach":{"amount":"0.99"},"discountEach":{"amount":"0"},"pvEach":"0"}}]},"currency":"EUR"},{"lines":{"items":[{"item":{"href":"https:\/\/hydraqa.unicity.net\/v5a-test\/items\/5147f8cfe32548e02fc158d4da9c4d6f","id":{"unicity":"27150"},"weightEach":{"value":0},"servingsPerContainer":0,"servingSize":0},"quantity":"1","terms":{"priceEach":"93.36","taxEach":{"amount":"9.34"},"discountEach":{"amount":"0"},"pvEach":"70"}}]},"currency":"EUR"},{"lines":{"items":[{"item":{"href":"https:\/\/hydraqa.unicity.net\/v5a-test\/items\/03eba2365025ccd85818846a83a16f47","id":{"unicity":"27163"},"weightEach":{"value":0},"servingsPerContainer":0,"servingSize":0},"quantity":"1","terms":{"priceEach":"74.67","taxEach":{"amount":"7.47"},"discountEach":{"amount":"0"},"pvEach":"54"}}]},"currency":"EUR"},{"lines":{"items":[{"item":{"href":"https:\/\/hydraqa.unicity.net\/v5a-test\/items\/7d4ad2792f7056e5f81eb24f118ef737","id":{"unicity":"27575"},"weightEach":{"value":0},"servingsPerContainer":0,"servingSize":0},"quantity":"1","terms":{"priceEach":"55.98","taxEach":{"amount":"5.6"},"discountEach":{"amount":"0"},"pvEach":"34"}}]},"currency":"EUR"},{"lines":{"items":[{"item":{"href":"https:\/\/hydraqa.unicity.net\/v5a-test\/items\/0eebdede5bdb8bf4d71e800b6f3cead1","id":{"unicity":"30825"},"weightEach":{"value":0},"servingsPerContainer":0,"servingSize":0},"quantity":"1","terms":{"priceEach":"37.29","taxEach":{"amount":"3.73"},"discountEach":{"amount":"0"},"pvEach":"23"}}]},"currency":"EUR"},{"lines":{"items":[{"item":{"href":"https:\/\/hydraqa.unicity.net\/v5a-test\/items\/3f2d12d7a0e8551fc99fad3bbe1ba633","id":{"unicity":"26567"},"weightEach":{"value":0},"servingsPerContainer":0,"servingSize":0},"quantity":"1","terms":{"priceEach":"55.98","taxEach":{"amount":"5.6"},"discountEach":{"amount":"0"},"pvEach":"26"}}]},"currency":"EUR"},{"lines":{"items":[{"item":{"href":"https:\/\/hydraqa.unicity.net\/v5a-test\/items\/191637167cb3144bd2e8c4615e9ab67e","id":{"unicity":"26568"},"weightEach":{"value":0},"servingsPerContainer":0,"servingSize":0},"quantity":"1","terms":{"priceEach":"55.98","taxEach":{"amount":"5.6"},"discountEach":{"amount":"0"},"pvEach":"26"}}]},"currency":"EUR"},{"lines":{"items":[{"item":{"href":"https:\/\/hydraqa.unicity.net\/v5a-test\/items\/64ec7ad932acafab052a4e8800ad1238","id":{"unicity":"24758"},"weightEach":{"value":0},"servingsPerContainer":0,"servingSize":0},"quantity":"1","terms":{"priceEach":"37.29","taxEach":{"amount":"3.73"},"discountEach":{"amount":"0"},"pvEach":"23"}}]},"currency":"EUR"},{"lines":{"items":[{"item":{"href":"https:\/\/hydraqa.unicity.net\/v5a-test\/items\/606f7be753c74dfbfe4b107276775140","id":{"unicity":"29821"},"weightEach":{"value":0},"servingsPerContainer":0,"servingSize":0},"quantity":"1","terms":{"priceEach":"79.35","taxEach":{"amount":"7.94"},"discountEach":{"amount":"0"},"pvEach":"59"}}]},"currency":"EUR"},{"lines":{"items":[{"item":{"href":"https:\/\/hydraqa.unicity.net\/v5a-test\/items\/94939f9be900906d2b47260ccba22a7b","id":{"unicity":"32012"},"weightEach":{"value":0},"servingsPerContainer":0,"servingSize":0},"quantity":"1","terms":{"priceEach":"13.93","taxEach":{"amount":"1.39"},"discountEach":{"amount":"0"},"pvEach":"6"}}]},"currency":"EUR"},{"lines":{"items":[{"item":{"href":"https:\/\/hydraqa.unicity.net\/v5a-test\/items\/991cdbb84a495779eb209fb3956a77e4","id":{"unicity":"29183"},"weightEach":{"value":0},"servingsPerContainer":0,"servingSize":0},"quantity":"1","terms":{"priceEach":"31.01","taxEach":{"amount":"6.2"},"discountEach":{"amount":"0"},"pvEach":"18"}}]},"currency":"EUR"},{"lines":{"items":[{"item":{"href":"https:\/\/hydraqa.unicity.net\/v5a-test\/items\/0e78fbdfebef11cd62f8d2120064ee58","id":{"unicity":"30280"},"weightEach":{"value":0},"servingsPerContainer":0,"servingSize":0},"quantity":"1","terms":{"priceEach":"33.53","taxEach":{"amount":"6.71"},"discountEach":{"amount":"0"},"pvEach":"20"}}]},"currency":"EUR"},{"lines":{"items":[{"item":{"href":"https:\/\/hydraqa.unicity.net\/v5a-test\/items\/beb900429fbb160dbfc3001c14d96df4","id":{"unicity":"29187"},"weightEach":{"value":0},"servingsPerContainer":0,"servingSize":0},"quantity":"1","terms":{"priceEach":"37.73","taxEach":{"amount":"7.55"},"discountEach":{"amount":"0"},"pvEach":"24"}}]},"currency":"EUR"},{"lines":{"items":[{"item":{"href":"https:\/\/hydraqa.unicity.net\/v5a-test\/items\/1b0412bea8c0b841c66f65a36aa14108","id":{"unicity":"29191"},"weightEach":{"value":0},"servingsPerContainer":0,"servingSize":0},"quantity":"1","terms":{"priceEach":"37.73","taxEach":{"amount":"7.55"},"discountEach":{"amount":"0"},"pvEach":"24"}}]},"currency":"EUR"},{"lines":{"items":[{"item":{"href":"https:\/\/hydraqa.unicity.net\/v5a-test\/items\/52c87f74d3b41ed49b0f897b66c2a99b","id":{"unicity":"30684"},"weightEach":{"value":0},"servingsPerContainer":0,"servingSize":0},"quantity":"1","terms":{"priceEach":"37.29","taxEach":{"amount":"3.73"},"discountEach":{"amount":"0"},"pvEach":"23"}}]},"currency":"EUR"},{"lines":{"items":[{"item":{"href":"https:\/\/hydraqa.unicity.net\/v5a-test\/items\/90f38f77c9e6ea5a71aa7377df83760b","id":{"unicity":"30198"},"weightEach":{"value":0},"servingsPerContainer":0,"servingSize":0},"quantity":"1","terms":{"priceEach":"19","taxEach":{"amount":"1.9"},"discountEach":{"amount":"0"},"pvEach":"16"}}]},"currency":"EUR"},{"lines":{"items":[{"item":{"href":"https:\/\/hydraqa.unicity.net\/v5a-test\/items\/ab2a2b07b17718843a66bee04ff40624","id":{"unicity":"31402"},"weightEach":{"value":0},"servingsPerContainer":0,"servingSize":0},"quantity":"1","terms":{"priceEach":"92.43","taxEach":{"amount":"9.24"},"discountEach":{"amount":"0"},"pvEach":"70"}}]},"currency":"EUR"},{"lines":{"items":[{"item":{"href":"https:\/\/hydraqa.unicity.net\/v5a-test\/items\/7e5e7df32701fd44947c8146f2129f7a","id":{"unicity":"31672"},"weightEach":{"value":0},"servingsPerContainer":0,"servingSize":0},"quantity":"1","terms":{"priceEach":"74.67","taxEach":{"amount":"7.47"},"discountEach":{"amount":"0"},"pvEach":"54"}}]},"currency":"EUR"},{"lines":{"items":[{"item":{"href":"https:\/\/hydraqa.unicity.net\/v5a-test\/items\/493c2ba720f847422eccc5da35024f33","id":{"unicity":"31534"},"weightEach":{"value":0},"servingsPerContainer":0,"servingSize":0},"quantity":"1","terms":{"priceEach":"26.07","taxEach":{"amount":"2.61"},"discountEach":{"amount":"0"},"pvEach":"16"}}]},"currency":"EUR"},{"lines":{"items":[{"item":{"href":"https:\/\/hydraqa.unicity.net\/v5a-test\/items\/bfddb53fe0d5ed5432c531dc9850cbe4","id":{"unicity":"29449"},"weightEach":{"value":0},"servingsPerContainer":0,"servingSize":0},"quantity":"1","terms":{"priceEach":"26.07","taxEach":{"amount":"2.61"},"discountEach":{"amount":"0"},"pvEach":"16"}}]},"currency":"EUR"},{"lines":{"items":[{"item":{"href":"https:\/\/hydraqa.unicity.net\/v5a-test\/items\/75b870fdff12be635674216fe88d3204","id":{"unicity":"29984"},"weightEach":{"value":0},"servingsPerContainer":0,"servingSize":0},"quantity":"1","terms":{"priceEach":"37.73","taxEach":{"amount":"7.55"},"discountEach":{"amount":"0"},"pvEach":"24"}}]},"currency":"EUR"},{"lines":{"items":[{"item":{"href":"https:\/\/hydraqa.unicity.net\/v5a-test\/items\/4d23d73a0d3d3e5fe9c383822040a9b0","id":{"unicity":"32191"},"weightEach":{"value":0},"servingsPerContainer":0,"servingSize":0},"quantity":"1","terms":{"priceEach":"1315.79","taxEach":{"amount":"131.58"},"discountEach":{"amount":"0"},"pvEach":"903"}}]},"currency":"EUR"},{"lines":{"items":[{"item":{"href":"https:\/\/hydraqa.unicity.net\/v5a-test\/items\/e9fe58342fff74ec4f4430f7c622816e","id":{"unicity":"31870"},"weightEach":{"value":0},"servingsPerContainer":0,"servingSize":0},"quantity":"1","terms":{"priceEach":"20.47","taxEach":{"amount":"2.05"},"discountEach":{"amount":"0"},"pvEach":"9"}}]},"currency":"EUR"},{"lines":{"items":[{"item":{"href":"https:\/\/hydraqa.unicity.net\/v5a-test\/items\/fbb6dbd577adb73abaec364076fb288f","id":{"unicity":"32087"},"weightEach":{"value":0},"servingsPerContainer":0,"servingSize":0},"quantity":"1","terms":{"priceEach":"20.47","taxEach":{"amount":"2.05"},"discountEach":{"amount":"0"},"pvEach":"9"}}]},"currency":"EUR"},{"lines":{"items":[{"item":{"href":"https:\/\/hydraqa.unicity.net\/v5a-test\/items\/35dcc0035e442bbe6482f178ec38522c","id":{"unicity":"31868"},"weightEach":{"value":0},"servingsPerContainer":0,"servingSize":0},"quantity":"1","terms":{"priceEach":"20.47","taxEach":{"amount":"2.05"},"discountEach":{"amount":"0"},"pvEach":"9"}}]},"currency":"EUR"},{"lines":{"items":[{"item":{"href":"https:\/\/hydraqa.unicity.net\/v5a-test\/items\/baa263a2750aa330fbd9e5b96fdb2b55","id":{"unicity":"32609"},"weightEach":{"value":0},"servingsPerContainer":0,"servingSize":0},"quantity":"1","terms":{"priceEach":"55.98","taxEach":{"amount":"0"},"discountEach":{"amount":"0"},"pvEach":"34"}}]},"currency":"EUR"}]}
Entry request : {"order":{"customer":{"href":"https://hydraqa.unicity.net/v5a-test/customers?type=Associate"},"shipToAddress":{"country":"AT"}},"vary":{"lines":{"items":[{"item":{"href":"https://hydraqa.unicity.net/v5a-test/items?id.unicity=27700|31336|31951|31952|32128|32129|32130|32132|32133|32134|32135|32136|32137|32138|32125|18511|19941|22178|24001|26422|27156|27158|27160|27166|27617|27660|27587|28601|28604|27395|15880|26560|29017|29838|17174|31772|32192|22605|32126|32127|29832|29833|29317|24274|24418|27150|27163|27575|30825|26567|26568|24758|29821|32012|30139|29181|29183|30280|29187|29191|30684|30198|31402|31672|31534|29449|29984|32191|31870|32087|31868|32609"}}]}}}
Request URL: https://hydraqa.unicity.net/v5a-test/customers.js?callback=angular.callbacks._1&expand=customer,profilePicture&id.unicity=36554001
Request URL: https://hydraqa.unicity.net/v5a-test/customers.js?_httpMethod=HEAD&callback=angular.callbacks._7&email=ZGTWGD@gmail.com
Request URL: https://hydraqa.unicity.net/v5a-test/shippingmethods.js?callback=angular.callbacks._a&destination=AT&market=AT
{sponsor=36554001, gender=male, sepabic=DEUTDEFF, city=TestCity, signature=TestSignature, cartprice=162.34, enroller=36554001, responsedob=1990-01-05, arpack=Body & Darm Fit, language=English, locale=en, type=Associate, coapplicanttype=Spouse, platform=QA, lname=TestLastName, password=Unicity, genderoption=Male, Currency=EUR, sepabankname=TestBankName, commission=DD, payment=sepa, api=7, fax=8217647322, email=ZGTWGD@gmail.com, coapplicant=TestSpouseName, zip=1234, fname=TestFirstName, prefferd=Austria, address2=Address 2, address1=Address 1, holder=TestName, sepaiban=AT611904300234573201, sepaholder=TestName, shippingmethod=type=Economy, version=v5a-test/, testcase=normal, market=Austria, aritemcode=32136, phone=9823746323, dob=05/01/1990, proto=https://hydraqa.unicity.net/, marketcode=AT, iban=AT611904300234573201, bankname=TestBankName, bic=DEUTDEFF, ccname=CCNameTest}
Request URL: https://hydraqa.unicity.net/v5a-test/orders.js
Entry request : {"customer":{"mainAddress":{"city":"TestCity","country":"AT","zip":"1234","address1":"Address 1","address2":"Address 2"},"humanName":{"firstName":"TestFirstName","lastName":"TestLastName"},"email":"ZGTWGD@gmail.com","preferredLocale":"en-AT","password":{"value":"Unicity"},"gender":"male","maritalStatus":null,"type":"Associate","sponsor":{"href":"https://hydraqa.unicity.net/v5a-test/customers?id.unicity=36554001"},"enroller":{"href":"https://hydraqa.unicity.net/v5a-test/customers?id.unicity=36554001"},"homePhone":"9823746323","birthDate":"1990-01-05","autoorders":{"items":[{"recurrence":{"schedule":{"month":"*","dayOfMonth":"5"},"status":"Enabled"},"lines":{"items":[{"item":{"href":"https://hydraqa.unicity.net/v5a-test/items?id.unicity=32136"},"quantity":1}]},"shipToName":{"firstName":"TestFirstName","lastName":"TestLastName"},"shipToPhone":"9823746323","shipToEmail":"ZGTWGD@gmail.com","shipToAddress":{"city":"TestCity","country":"AT","address1":"Address 1","address2":"Address 2","zip":"1234"},"shippingMethod":{"href":"https://hydraqa.unicity.net/v5a-test/shippingmethods?type=Economy"},"transactions":{"items":[{"amount":"this.terms.total","type":"Capture","method":"BankDraft","methodDetails":{}}]}}]},"depositBankAccount":{"iban":"AT611904300234573201","bankName":"TestBankName","bic":"DEUTDEFF","accountHolder":"TestName"},"draftBankAccount":{"iban":"AT611904300234573201","bankName":"TestBankName","bic":"DEUTDEFF","accountHolder":"TestName"},"coapplicant":{"type":"Spouse","details":{"humanName":{"firstName":"TestSpouseName","lastName":""}}},"businessEntity":{"legalType":"SoleProprietorship"},"rights":[{"holder":"Unicity","type":"SendEmails"}],"signature":{"value":"TestSignature"},"faxNumber":"8217647322"},"lines":{"items":[{"item":{"href":"https://hydraqa.unicity.net/v5a-test/items?id.unicity=32127"},"quantity":1}]},"shipToName":{"firstName":"TestFirstName","lastName":"TestLastName"},"shipToPhone":"9823746323","shipToEmail":"ZGTWGD@gmail.com","shipToAddress":{"city":"TestCity","country":"AT","address1":"Address 1","address2":"Address 2","zip":"1234"},"shippingMethod":{"href":"https://hydraqa.unicity.net/v5a-test/shippingmethods?type=Economy"},"notes":"","transactions":{"items":[{"amount":"this.terms.total","type":"Capture","method":"BankDraft","methodDetails":{}}]}}
Entry response : {"meta":{"Link":"<http:\/\/unicity.github.io\/Hydra.php\/docs\/v5\/>; rel=\"help\"","X-Request-UUID":"ec48e911-4319-494d-99f3-73e9d03d0a9f","X-Request-Release":"5-2020012701\/master","Cache-Control":"no-cache, must-revalidate","Expires":"0","X-Powered-By":"Luracast Restler v3.0.0rc5","Content-Type":"text\/javascript; charset=utf-8","Content-Language":"en","X-Status-Code":"201"},"data":{"market":"AT","notes":"","shippingMethod":{"href":"https:\/\/hydraqa.unicity.net\/v5a-test\/shippingmethods?type=Economy","location":"","type":"Economy"},"shipToAddress":{"country":"AT","state":"","city":"TestCity","zip":"1234","address1":"Address 1","address2":"Address 2"},"shipToEmail":"ZGTWGD@gmail.com","shipToName":{"firstName":"TestFirstName","lastName":"TestLastName"},"shipToPhone":"9823746323","shipToTime":"","source":null,"type":null,"lines":{"items":[{"quantity":1,"item":{"href":"https:\/\/hydraqa.unicity.net\/v5a-test\/items?id.unicity=32127","id":{"unicity":"32127"}}}]},"transactions":{"items":null},"terms":{"total":"186.3","subtotal":"162.34","tax":{"amount":"18.21"},"freight":{"amount":"5.75"},"discount":{"amount":"0"},"pv":"113","period":"2020-01"},"currency":"EUR","dateCreated":"2020-01-27T16:40:01-07:00","customer":{"humanName":{"firstName":"TestFirstName","lastName":"TestLastName"},"mainAddress":{"city":"TestCity","country":"AT","zip":"1234","address1":"Address 1","address2":"Address 2","state":""},"type":"Associate","email":"ZGTWGD@gmail.com","signature":{"value":"TestSignature"},"gender":"male","password":{"value":"Unicity"},"enroller":{"href":"https:\/\/hydraqa.unicity.net\/v5a-test\/customers\/c8a0f511723643dd5ba719e2e99a32ba82ff3eda31cc639783863e5baba2dbdb","id":{"unicity":36554001},"humanName":{"fullName":"Kent, Clark"},"email":"tyler.cook@unicity.com"},"sponsor":{"href":"https:\/\/hydraqa.unicity.net\/v5a-test\/customers\/c8a0f511723643dd5ba719e2e99a32ba82ff3eda31cc639783863e5baba2dbdb","id":{"unicity":36554001},"humanName":{"fullName":"Kent, Clark"},"email":"tyler.cook@unicity.com"},"birthDate":"1990-01-05","homePhone":"9823746323","faxNumber":"8217647322","preferredLocale":"en-AT","depositBankAccount":{"iban":"AT611904300234573201","bankName":"TestBankName","bic":"DEUTDEFF","accountHolder":"TestName"},"draftBankAccount":{"iban":"AT611904300234573201","bankName":"TestBankName","bic":"DEUTDEFF","accountHolder":"TestName"},"coapplicant":{"details":{"humanName":{"firstName":"TestSpouseName","lastName":""}},"type":"Spouse"},"businessEntity":{"companyName":null,"legalType":"SoleProprietorship"},"autoorders":{"items":[{"recurrence":{"schedule":{"month":"*","dayOfMonth":"5","skipRepetitions":1},"status":"Enabled"},"lines":{"items":[{"item":{"href":"https:\/\/hydraqa.unicity.net\/v5a-test\/items?id.unicity=32136"},"quantity":1}]},"shipToName":{"firstName":"TestFirstName","lastName":"TestLastName"},"shipToPhone":"9823746323","shipToEmail":"ZGTWGD@gmail.com","shipToAddress":{"city":"TestCity","country":"AT","address1":"Address 1","address2":"Address 2","zip":"1234"},"shippingMethod":{"href":"https:\/\/hydraqa.unicity.net\/v5a-test\/shippingmethods?type=Economy"},"transactions":{"items":null}}]},"rights":[{"holder":"Unicity","type":"SendEmails"}],"status":"Active","id":{"unicity":"106426149"},"href":"https:\/\/hydraqa.unicity.net\/v5a-test\/customers\/562f5e3d411c32bb20788f2061b1437033f604132f59d96ed2689a14c9f35be3","token":"2c4a6b28-a45e-4a91-9352-1c9cdf7d07b9"},"id":{"unicity":"49-9148643"},"href":"https:\/\/hydraqa.unicity.net\/v5a-test\/orders\/135968c4fdf4dc411acce1be937bcad2ebd9bcfa7fca2d1b3901c2d12e9576c7"}}
Headers-->keep-alive
Headers-->2303
Headers-->application/json, text/plain, */*
Headers-->http://enroll.ng.unicityqa.com
Headers-->en-AT
]]></system-out>
    <system-err><![CDATA[Starting ChromeDriver 2.36.540470 (e522d04694c7ebea4ba8821272dbef4f9b818c91) on port 7322
Only local connections are allowed.
Jan 27, 2020 4:35:01 PM org.openqa.selenium.remote.ProtocolHandshake createSession
INFO: Detected dialect: OSS
]]></system-err>
  </testcase>
  <testcase name="Enroll" classname="Tests.FranchisePartner" time="314.507">
    <failure message="Major AR Number expected [true] but found [false]" type="java.lang.AssertionError">java.lang.AssertionError: Major AR Number expected [true] but found [false]
	at Tests.FranchisePartner.Enroll(FranchisePartner.java:265)
</failure>
    <system-out><![CDATA[Request URL: https://hydraqa.unicity.net/v5a-test/quotes?&expand=item
Entry Quotes response : {"items":[{"lines":{"items":[{"item":{"href":"https:\/\/hydraqa.unicity.net\/v5a-test\/items\/1a2c3b4500d826d2ffdd3b684b179511","id":{"unicity":"27700"},"weightEach":{"value":0},"servingsPerContainer":0,"servingSize":0},"quantity":"1","terms":{"priceEach":"340","taxEach":{"amount":"34"},"discountEach":{"amount":"0"},"pvEach":"250"}}]},"currency":"EUR"},{"lines":{"items":[{"item":{"href":"https:\/\/hydraqa.unicity.net\/v5a-test\/items\/6447f84f6ef7782049a369b983428bb7","id":{"unicity":"31336"},"weightEach":{"value":0},"servingsPerContainer":0,"servingSize":0},"quantity":"1","terms":{"priceEach":"224.21","taxEach":{"amount":"22.42"},"discountEach":{"amount":"0"},"pvEach":"165"}}]},"currency":"EUR"},{"lines":{"items":[{"item":{"href":"https:\/\/hydraqa.unicity.net\/v5a-test\/items\/e9991b48ac639367d526d2b9b22fac8c","id":{"unicity":"32128"},"weightEach":{"value":0},"servingsPerContainer":0,"servingSize":0},"quantity":"1","terms":{"priceEach":"371.87","taxEach":{"amount":"37.19"},"discountEach":{"amount":"0"},"pvEach":"253"}}]},"currency":"EUR"},{"lines":{"items":[{"item":{"href":"https:\/\/hydraqa.unicity.net\/v5a-test\/items\/40b3312de189221d96d838d33a8ec49d","id":{"unicity":"32129"},"weightEach":{"value":0},"servingsPerContainer":0,"servingSize":0},"quantity":"1","terms":{"priceEach":"371.87","taxEach":{"amount":"37.19"},"discountEach":{"amount":"0"},"pvEach":"254"}}]},"currency":"EUR"},{"lines":{"items":[{"item":{"href":"https:\/\/hydraqa.unicity.net\/v5a-test\/items\/6bd168a66ce41003a8f30917deff5808","id":{"unicity":"32130"},"weightEach":{"value":0},"servingsPerContainer":0,"servingSize":0},"quantity":"1","terms":{"priceEach":"363.46","taxEach":{"amount":"36.35"},"discountEach":{"amount":"0"},"pvEach":"252"}}]},"currency":"EUR"},{"lines":{"items":[{"item":{"href":"https:\/\/hydraqa.unicity.net\/v5a-test\/items\/806f99b793edd7cd0b1c158ba0eb3142","id":{"unicity":"32132"},"weightEach":{"value":0},"servingsPerContainer":0,"servingSize":0},"quantity":"1","terms":{"priceEach":"355.98","taxEach":{"amount":"35.6"},"discountEach":{"amount":"0"},"pvEach":"253"}}]},"currency":"EUR"},{"lines":{"items":[{"item":{"href":"https:\/\/hydraqa.unicity.net\/v5a-test\/items\/e3d382d99fde8659cb146b54116e7654","id":{"unicity":"32133"},"weightEach":{"value":0},"servingsPerContainer":0,"servingSize":0},"quantity":"1","terms":{"priceEach":"364.39","taxEach":{"amount":"36.44"},"discountEach":{"amount":"0"},"pvEach":"252"}}]},"currency":"EUR"},{"lines":{"items":[{"item":{"href":"https:\/\/hydraqa.unicity.net\/v5a-test\/items\/022f109fe6e5eae3e521295a5cb94c60","id":{"unicity":"32134"},"weightEach":{"value":0},"servingsPerContainer":0,"servingSize":0},"quantity":"1","terms":{"priceEach":"144.77","taxEach":{"amount":"14.48"},"discountEach":{"amount":"0"},"pvEach":"101"}}]},"currency":"EUR"},{"lines":{"items":[{"item":{"href":"https:\/\/hydraqa.unicity.net\/v5a-test\/items\/ded00960d5e948dd8e511a9c752e1ff9","id":{"unicity":"32135"},"weightEach":{"value":0},"servingsPerContainer":0,"servingSize":0},"quantity":"1","terms":{"priceEach":"154.11","taxEach":{"amount":"15.41"},"discountEach":{"amount":"0"},"pvEach":"113"}}]},"currency":"EUR"},{"lines":{"items":[{"item":{"href":"https:\/\/hydraqa.unicity.net\/v5a-test\/items\/d8736cc35cf9f4734fd76da71c53dc05","id":{"unicity":"32136"},"weightEach":{"value":0},"servingsPerContainer":0,"servingSize":0},"quantity":"1","terms":{"priceEach":"141.96","taxEach":{"amount":"14.2"},"discountEach":{"amount":"0"},"pvEach":"102"}}]},"currency":"EUR"},{"lines":{"items":[{"item":{"href":"https:\/\/hydraqa.unicity.net\/v5a-test\/items\/166a69d45c4ae40278554e24d5f40443","id":{"unicity":"32137"},"weightEach":{"value":0},"servingsPerContainer":0,"servingSize":0},"quantity":"1","terms":{"priceEach":"168.13","taxEach":{"amount":"16.81"},"discountEach":{"amount":"0"},"pvEach":"118"}}]},"currency":"EUR"},{"lines":{"items":[{"item":{"href":"https:\/\/hydraqa.unicity.net\/v5a-test\/items\/d04a0b8762b20202b6273114fb7302d1","id":{"unicity":"32138"},"weightEach":{"value":0},"servingsPerContainer":0,"servingSize":0},"quantity":"1","terms":{"priceEach":"224.21","taxEach":{"amount":"22.42"},"discountEach":{"amount":"0"},"pvEach":"152"}}]},"currency":"EUR"},{"lines":{"items":[{"item":{"href":"https:\/\/hydraqa.unicity.net\/v5a-test\/items\/e13d0b5c40704ad5dd186959367c97f1","id":{"unicity":"32125"},"weightEach":{"value":0},"servingsPerContainer":0,"servingSize":0},"quantity":"1","terms":{"priceEach":"373.74","taxEach":{"amount":"37.37"},"discountEach":{"amount":"0"},"pvEach":"250"}}]},"currency":"EUR"},{"lines":{"items":[{"item":{"href":"https:\/\/hydraqa.unicity.net\/v5a-test\/items\/c451532f63a06f0e9a054e946a1a1c3b","id":{"unicity":"18511"},"weightEach":{"value":0},"servingsPerContainer":0,"servingSize":0},"quantity":"1","terms":{"priceEach":"37.29","taxEach":{"amount":"3.73"},"discountEach":{"amount":"0"},"pvEach":"23"}}]},"currency":"EUR"},{"lines":{"items":[{"item":{"href":"https:\/\/hydraqa.unicity.net\/v5a-test\/items\/9752a919e28f96747163918165b46f23","id":{"unicity":"19941"},"weightEach":{"value":558},"servingsPerContainer":15,"servingSize":0},"quantity":"1","terms":{"priceEach":"32.62","taxEach":{"amount":"3.26"},"discountEach":{"amount":"0"},"pvEach":"20"}}]},"currency":"EUR"},{"lines":{"items":[{"item":{"href":"https:\/\/hydraqa.unicity.net\/v5a-test\/items\/65589269f4976d30f5c80a675b83db43","id":{"unicity":"22178"},"weightEach":{"value":0},"servingsPerContainer":0,"servingSize":0},"quantity":"1","terms":{"priceEach":"37.29","taxEach":{"amount":"3.73"},"discountEach":{"amount":"0"},"pvEach":"23"}}]},"currency":"EUR"},{"lines":{"items":[{"item":{"href":"https:\/\/hydraqa.unicity.net\/v5a-test\/items\/4e49c95f12ae7be78e5ffab68b8b3ca6","id":{"unicity":"26422"},"weightEach":{"value":0},"servingsPerContainer":0,"servingSize":0},"quantity":"1","terms":{"priceEach":"19","taxEach":{"amount":"1.9"},"discountEach":{"amount":"0"},"pvEach":"16"}}]},"currency":"EUR"},{"lines":{"items":[{"item":{"href":"https:\/\/hydraqa.unicity.net\/v5a-test\/items\/50e73ecfa509ac20c4a250f9cb32fdfc","id":{"unicity":"27156"},"weightEach":{"value":0},"servingsPerContainer":0,"servingSize":0},"quantity":"1","terms":{"priceEach":"20.47","taxEach":{"amount":"2.05"},"discountEach":{"amount":"0"},"pvEach":"13"}}]},"currency":"EUR"},{"lines":{"items":[{"item":{"href":"https:\/\/hydraqa.unicity.net\/v5a-test\/items\/d92292ba2f23c030e4a1f63eb3ebe1ce","id":{"unicity":"27158"},"weightEach":{"value":0},"servingsPerContainer":0,"servingSize":0},"quantity":"1","terms":{"priceEach":"27.94","taxEach":{"amount":"2.79"},"discountEach":{"amount":"0"},"pvEach":"23"}}]},"currency":"EUR"},{"lines":{"items":[{"item":{"href":"https:\/\/hydraqa.unicity.net\/v5a-test\/items\/0d3b8d4f7c4d4082db1b4ecffb6693fb","id":{"unicity":"27160"},"weightEach":{"value":0},"servingsPerContainer":0,"servingSize":0},"quantity":"1","terms":{"priceEach":"74.67","taxEach":{"amount":"7.47"},"discountEach":{"amount":"0"},"pvEach":"53"}}]},"currency":"EUR"},{"lines":{"items":[{"item":{"href":"https:\/\/hydraqa.unicity.net\/v5a-test\/items\/ac37bf51ff7e4fe860da8457f6ce0425","id":{"unicity":"27166"},"weightEach":{"value":0},"servingsPerContainer":0,"servingSize":0},"quantity":"1","terms":{"priceEach":"74.67","taxEach":{"amount":"7.47"},"discountEach":{"amount":"0"},"pvEach":"54"}}]},"currency":"EUR"},{"lines":{"items":[{"item":{"href":"https:\/\/hydraqa.unicity.net\/v5a-test\/items\/a7bda1cb4a35343e52791aba56debc4a","id":{"unicity":"27617"},"weightEach":{"value":0},"servingsPerContainer":0,"servingSize":0},"quantity":"1","terms":{"priceEach":"29.81","taxEach":{"amount":"2.98"},"discountEach":{"amount":"0"},"pvEach":"18"}}]},"currency":"EUR"},{"lines":{"items":[{"item":{"href":"https:\/\/hydraqa.unicity.net\/v5a-test\/items\/a36d9fdd0fd7561e6180fb5b2ff27164","id":{"unicity":"27660"},"weightEach":{"value":0},"servingsPerContainer":0,"servingSize":0},"quantity":"1","terms":{"priceEach":"31.68","taxEach":{"amount":"3.17"},"discountEach":{"amount":"0"},"pvEach":"18"}}]},"currency":"EUR"},{"lines":{"items":[{"item":{"href":"https:\/\/hydraqa.unicity.net\/v5a-test\/items\/112b8c39286598b3730f630f371a45f4","id":{"unicity":"27587"},"weightEach":{"value":0},"servingsPerContainer":0,"servingSize":0},"quantity":"1","terms":{"priceEach":"55.98","taxEach":{"amount":"5.6"},"discountEach":{"amount":"0"},"pvEach":"34"}}]},"currency":"EUR"},{"lines":{"items":[{"item":{"href":"https:\/\/hydraqa.unicity.net\/v5a-test\/items\/0c0717a26fcfe40310e906487e8a12f7","id":{"unicity":"28601"},"weightEach":{"value":0},"servingsPerContainer":0,"servingSize":0},"quantity":"1","terms":{"priceEach":"74.67","taxEach":{"amount":"7.47"},"discountEach":{"amount":"0"},"pvEach":"54"}}]},"currency":"EUR"},{"lines":{"items":[{"item":{"href":"https:\/\/hydraqa.unicity.net\/v5a-test\/items\/4790a55c442b5dc75a13b155e78c1842","id":{"unicity":"28604"},"weightEach":{"value":0},"servingsPerContainer":0,"servingSize":0},"quantity":"1","terms":{"priceEach":"74.67","taxEach":{"amount":"7.47"},"discountEach":{"amount":"0"},"pvEach":"54"}}]},"currency":"EUR"},{"lines":{"items":[{"item":{"href":"https:\/\/hydraqa.unicity.net\/v5a-test\/items\/024e696f8b44a1d315006e676604cd31","id":{"unicity":"27395"},"weightEach":{"value":0},"servingsPerContainer":0,"servingSize":0},"quantity":"1","terms":{"priceEach":"29.81","taxEach":{"amount":"2.98"},"discountEach":{"amount":"0"},"pvEach":"18"}}]},"currency":"EUR"},{"lines":{"items":[{"item":{"href":"https:\/\/hydraqa.unicity.net\/v5a-test\/items\/4b2034f47fce90b87bba28c5c2d7c25d","id":{"unicity":"15880"},"weightEach":{"value":0},"servingsPerContainer":0,"servingSize":0},"quantity":"1","terms":{"priceEach":"51.31","taxEach":{"amount":"5.13"},"discountEach":{"amount":"0"},"pvEach":"33"}}]},"currency":"EUR"},{"lines":{"items":[{"item":{"href":"https:\/\/hydraqa.unicity.net\/v5a-test\/items\/398d06b858b960f6f38086d40608aef2","id":{"unicity":"26560"},"weightEach":{"value":0},"servingsPerContainer":0,"servingSize":0},"quantity":"1","terms":{"priceEach":"20.47","taxEach":{"amount":"2.05"},"discountEach":{"amount":"0"},"pvEach":"13"}}]},"currency":"EUR"},{"lines":{"items":[{"item":{"href":"https:\/\/hydraqa.unicity.net\/v5a-test\/items\/e218d1cac5f31e7ae4f5876c29c57377","id":{"unicity":"29017"},"weightEach":{"value":0},"servingsPerContainer":0,"servingSize":0},"quantity":"1","terms":{"priceEach":"37.29","taxEach":{"amount":"3.73"},"discountEach":{"amount":"0"},"pvEach":"23"}}]},"currency":"EUR"},{"lines":{"items":[{"item":{"href":"https:\/\/hydraqa.unicity.net\/v5a-test\/items\/11fac1643721516cbf646365d88b73cd","id":{"unicity":"29838"},"weightEach":{"value":0},"servingsPerContainer":0,"servingSize":0},"quantity":"1","terms":{"priceEach":"112.36","taxEach":{"amount":"11.24"},"discountEach":{"amount":"0"},"pvEach":"86"}}]},"currency":"EUR"},{"lines":{"items":[{"item":{"href":"https:\/\/hydraqa.unicity.net\/v5a-test\/items\/2c4c1abe00983e85aaa918d2ce341491","id":{"unicity":"17174"},"weightEach":{"value":0},"servingsPerContainer":0,"servingSize":0},"quantity":"1","terms":{"priceEach":"37.29","taxEach":{"amount":"3.73"},"discountEach":{"amount":"0"},"pvEach":"23"}}]},"currency":"EUR"},{"lines":{"items":[{"item":{"href":"https:\/\/hydraqa.unicity.net\/v5a-test\/items\/db0a2b02eaabc5ad45fe91ba5c7bcf5a","id":{"unicity":"31772"},"weightEach":{"value":0},"servingsPerContainer":0,"servingSize":0},"quantity":"1","terms":{"priceEach":"8.32","taxEach":{"amount":"1.66"},"discountEach":{"amount":"0"},"pvEach":"0"}}]},"currency":"EUR"},{"lines":{"items":[{"item":{"href":"https:\/\/hydraqa.unicity.net\/v5a-test\/items\/ae151d812f5aceb6fecd752f77330f12","id":{"unicity":"32192"},"weightEach":{"value":0},"servingsPerContainer":0,"servingSize":0},"quantity":"1","terms":{"priceEach":"607.38","taxEach":{"amount":"60.74"},"discountEach":{"amount":"0"},"pvEach":"413"}}]},"currency":"EUR"},{"lines":{"items":[{"item":{"href":"https:\/\/hydraqa.unicity.net\/v5a-test\/items\/a85cc4a606716ce7b10b8bd76dca368f","id":{"unicity":"22605"},"weightEach":{"value":0},"servingsPerContainer":0,"servingSize":0},"quantity":"1","terms":{"priceEach":"25.21","taxEach":{"amount":"5.04"},"discountEach":{"amount":"0"},"pvEach":"0"}}]},"currency":"EUR"},{"lines":{"items":[{"item":{"href":"https:\/\/hydraqa.unicity.net\/v5a-test\/items\/217ca02fbd24e21ca5281412756238ab","id":{"unicity":"32126"},"weightEach":{"value":0},"servingsPerContainer":0,"servingSize":0},"quantity":"1","terms":{"priceEach":"152.24","taxEach":{"amount":"16.05"},"discountEach":{"amount":"0"},"pvEach":"101"}}]},"currency":"EUR"},{"lines":{"items":[{"item":{"href":"https:\/\/hydraqa.unicity.net\/v5a-test\/items\/808008a0657d2033ad471c39bbce9891","id":{"unicity":"32127"},"weightEach":{"value":0},"servingsPerContainer":0,"servingSize":0},"quantity":"1","terms":{"priceEach":"162.34","taxEach":{"amount":"17.07"},"discountEach":{"amount":"0"},"pvEach":"113"}}]},"currency":"EUR"},{"lines":{"items":[{"item":{"href":"https:\/\/hydraqa.unicity.net\/v5a-test\/items\/2f1d0aa90494ae2e08035922c701f968","id":{"unicity":"29832"},"weightEach":{"value":0},"servingsPerContainer":0,"servingSize":0},"quantity":"1","terms":{"priceEach":"47.57","taxEach":{"amount":"4.76"},"discountEach":{"amount":"0"},"pvEach":"39"}}]},"currency":"EUR"},{"lines":{"items":[{"item":{"href":"https:\/\/hydraqa.unicity.net\/v5a-test\/items\/10df0fc3509b53cbeaeb9476ca92d520","id":{"unicity":"29833"},"weightEach":{"value":0},"servingsPerContainer":0,"servingSize":0},"quantity":"1","terms":{"priceEach":"90.56","taxEach":{"amount":"9.06"},"discountEach":{"amount":"0"},"pvEach":"69"}}]},"currency":"EUR"},{"lines":{"items":[{"item":{"href":"https:\/\/hydraqa.unicity.net\/v5a-test\/items\/2262fdd5af916c31df08089c191735c1","id":{"unicity":"29317"},"weightEach":{"value":0},"servingsPerContainer":0,"servingSize":0},"quantity":"1","terms":{"priceEach":"25.21","taxEach":{"amount":"5.04"},"discountEach":{"amount":"0"},"pvEach":"0"}}]},"currency":"EUR"},{"lines":{"items":[{"item":{"href":"https:\/\/hydraqa.unicity.net\/v5a-test\/items\/332daeac6796ed016ea8b7d0bc42c2d4","id":{"unicity":"24274"},"weightEach":{"value":0},"servingsPerContainer":0,"servingSize":0},"quantity":"1","terms":{"priceEach":"7.48","taxEach":{"amount":"1.5"},"discountEach":{"amount":"0"},"pvEach":"0"}}]},"currency":"EUR"},{"lines":{"items":[{"item":{"href":"https:\/\/hydraqa.unicity.net\/v5a-test\/items\/1945faa1776541d53120ecfe3c1d8a2b","id":{"unicity":"24418"},"weightEach":{"value":0},"servingsPerContainer":0,"servingSize":0},"quantity":"1","terms":{"priceEach":"4.96","taxEach":{"amount":"0.99"},"discountEach":{"amount":"0"},"pvEach":"0"}}]},"currency":"EUR"},{"lines":{"items":[{"item":{"href":"https:\/\/hydraqa.unicity.net\/v5a-test\/items\/5147f8cfe32548e02fc158d4da9c4d6f","id":{"unicity":"27150"},"weightEach":{"value":0},"servingsPerContainer":0,"servingSize":0},"quantity":"1","terms":{"priceEach":"93.36","taxEach":{"amount":"9.34"},"discountEach":{"amount":"0"},"pvEach":"70"}}]},"currency":"EUR"},{"lines":{"items":[{"item":{"href":"https:\/\/hydraqa.unicity.net\/v5a-test\/items\/03eba2365025ccd85818846a83a16f47","id":{"unicity":"27163"},"weightEach":{"value":0},"servingsPerContainer":0,"servingSize":0},"quantity":"1","terms":{"priceEach":"74.67","taxEach":{"amount":"7.47"},"discountEach":{"amount":"0"},"pvEach":"54"}}]},"currency":"EUR"},{"lines":{"items":[{"item":{"href":"https:\/\/hydraqa.unicity.net\/v5a-test\/items\/7d4ad2792f7056e5f81eb24f118ef737","id":{"unicity":"27575"},"weightEach":{"value":0},"servingsPerContainer":0,"servingSize":0},"quantity":"1","terms":{"priceEach":"55.98","taxEach":{"amount":"5.6"},"discountEach":{"amount":"0"},"pvEach":"34"}}]},"currency":"EUR"},{"lines":{"items":[{"item":{"href":"https:\/\/hydraqa.unicity.net\/v5a-test\/items\/0eebdede5bdb8bf4d71e800b6f3cead1","id":{"unicity":"30825"},"weightEach":{"value":0},"servingsPerContainer":0,"servingSize":0},"quantity":"1","terms":{"priceEach":"37.29","taxEach":{"amount":"3.73"},"discountEach":{"amount":"0"},"pvEach":"23"}}]},"currency":"EUR"},{"lines":{"items":[{"item":{"href":"https:\/\/hydraqa.unicity.net\/v5a-test\/items\/3f2d12d7a0e8551fc99fad3bbe1ba633","id":{"unicity":"26567"},"weightEach":{"value":0},"servingsPerContainer":0,"servingSize":0},"quantity":"1","terms":{"priceEach":"55.98","taxEach":{"amount":"5.6"},"discountEach":{"amount":"0"},"pvEach":"26"}}]},"currency":"EUR"},{"lines":{"items":[{"item":{"href":"https:\/\/hydraqa.unicity.net\/v5a-test\/items\/191637167cb3144bd2e8c4615e9ab67e","id":{"unicity":"26568"},"weightEach":{"value":0},"servingsPerContainer":0,"servingSize":0},"quantity":"1","terms":{"priceEach":"55.98","taxEach":{"amount":"5.6"},"discountEach":{"amount":"0"},"pvEach":"26"}}]},"currency":"EUR"},{"lines":{"items":[{"item":{"href":"https:\/\/hydraqa.unicity.net\/v5a-test\/items\/64ec7ad932acafab052a4e8800ad1238","id":{"unicity":"24758"},"weightEach":{"value":0},"servingsPerContainer":0,"servingSize":0},"quantity":"1","terms":{"priceEach":"37.29","taxEach":{"amount":"3.73"},"discountEach":{"amount":"0"},"pvEach":"23"}}]},"currency":"EUR"},{"lines":{"items":[{"item":{"href":"https:\/\/hydraqa.unicity.net\/v5a-test\/items\/606f7be753c74dfbfe4b107276775140","id":{"unicity":"29821"},"weightEach":{"value":0},"servingsPerContainer":0,"servingSize":0},"quantity":"1","terms":{"priceEach":"79.35","taxEach":{"amount":"7.94"},"discountEach":{"amount":"0"},"pvEach":"59"}}]},"currency":"EUR"},{"lines":{"items":[{"item":{"href":"https:\/\/hydraqa.unicity.net\/v5a-test\/items\/94939f9be900906d2b47260ccba22a7b","id":{"unicity":"32012"},"weightEach":{"value":0},"servingsPerContainer":0,"servingSize":0},"quantity":"1","terms":{"priceEach":"13.93","taxEach":{"amount":"1.39"},"discountEach":{"amount":"0"},"pvEach":"6"}}]},"currency":"EUR"},{"lines":{"items":[{"item":{"href":"https:\/\/hydraqa.unicity.net\/v5a-test\/items\/991cdbb84a495779eb209fb3956a77e4","id":{"unicity":"29183"},"weightEach":{"value":0},"servingsPerContainer":0,"servingSize":0},"quantity":"1","terms":{"priceEach":"31.01","taxEach":{"amount":"6.2"},"discountEach":{"amount":"0"},"pvEach":"18"}}]},"currency":"EUR"},{"lines":{"items":[{"item":{"href":"https:\/\/hydraqa.unicity.net\/v5a-test\/items\/0e78fbdfebef11cd62f8d2120064ee58","id":{"unicity":"30280"},"weightEach":{"value":0},"servingsPerContainer":0,"servingSize":0},"quantity":"1","terms":{"priceEach":"33.53","taxEach":{"amount":"6.71"},"discountEach":{"amount":"0"},"pvEach":"20"}}]},"currency":"EUR"},{"lines":{"items":[{"item":{"href":"https:\/\/hydraqa.unicity.net\/v5a-test\/items\/beb900429fbb160dbfc3001c14d96df4","id":{"unicity":"29187"},"weightEach":{"value":0},"servingsPerContainer":0,"servingSize":0},"quantity":"1","terms":{"priceEach":"37.73","taxEach":{"amount":"7.55"},"discountEach":{"amount":"0"},"pvEach":"24"}}]},"currency":"EUR"},{"lines":{"items":[{"item":{"href":"https:\/\/hydraqa.unicity.net\/v5a-test\/items\/1b0412bea8c0b841c66f65a36aa14108","id":{"unicity":"29191"},"weightEach":{"value":0},"servingsPerContainer":0,"servingSize":0},"quantity":"1","terms":{"priceEach":"37.73","taxEach":{"amount":"7.55"},"discountEach":{"amount":"0"},"pvEach":"24"}}]},"currency":"EUR"},{"lines":{"items":[{"item":{"href":"https:\/\/hydraqa.unicity.net\/v5a-test\/items\/52c87f74d3b41ed49b0f897b66c2a99b","id":{"unicity":"30684"},"weightEach":{"value":0},"servingsPerContainer":0,"servingSize":0},"quantity":"1","terms":{"priceEach":"37.29","taxEach":{"amount":"3.73"},"discountEach":{"amount":"0"},"pvEach":"23"}}]},"currency":"EUR"},{"lines":{"items":[{"item":{"href":"https:\/\/hydraqa.unicity.net\/v5a-test\/items\/90f38f77c9e6ea5a71aa7377df83760b","id":{"unicity":"30198"},"weightEach":{"value":0},"servingsPerContainer":0,"servingSize":0},"quantity":"1","terms":{"priceEach":"19","taxEach":{"amount":"1.9"},"discountEach":{"amount":"0"},"pvEach":"16"}}]},"currency":"EUR"},{"lines":{"items":[{"item":{"href":"https:\/\/hydraqa.unicity.net\/v5a-test\/items\/ab2a2b07b17718843a66bee04ff40624","id":{"unicity":"31402"},"weightEach":{"value":0},"servingsPerContainer":0,"servingSize":0},"quantity":"1","terms":{"priceEach":"92.43","taxEach":{"amount":"9.24"},"discountEach":{"amount":"0"},"pvEach":"70"}}]},"currency":"EUR"},{"lines":{"items":[{"item":{"href":"https:\/\/hydraqa.unicity.net\/v5a-test\/items\/7e5e7df32701fd44947c8146f2129f7a","id":{"unicity":"31672"},"weightEach":{"value":0},"servingsPerContainer":0,"servingSize":0},"quantity":"1","terms":{"priceEach":"74.67","taxEach":{"amount":"7.47"},"discountEach":{"amount":"0"},"pvEach":"54"}}]},"currency":"EUR"},{"lines":{"items":[{"item":{"href":"https:\/\/hydraqa.unicity.net\/v5a-test\/items\/493c2ba720f847422eccc5da35024f33","id":{"unicity":"31534"},"weightEach":{"value":0},"servingsPerContainer":0,"servingSize":0},"quantity":"1","terms":{"priceEach":"26.07","taxEach":{"amount":"2.61"},"discountEach":{"amount":"0"},"pvEach":"16"}}]},"currency":"EUR"},{"lines":{"items":[{"item":{"href":"https:\/\/hydraqa.unicity.net\/v5a-test\/items\/bfddb53fe0d5ed5432c531dc9850cbe4","id":{"unicity":"29449"},"weightEach":{"value":0},"servingsPerContainer":0,"servingSize":0},"quantity":"1","terms":{"priceEach":"26.07","taxEach":{"amount":"2.61"},"discountEach":{"amount":"0"},"pvEach":"16"}}]},"currency":"EUR"},{"lines":{"items":[{"item":{"href":"https:\/\/hydraqa.unicity.net\/v5a-test\/items\/75b870fdff12be635674216fe88d3204","id":{"unicity":"29984"},"weightEach":{"value":0},"servingsPerContainer":0,"servingSize":0},"quantity":"1","terms":{"priceEach":"37.73","taxEach":{"amount":"7.55"},"discountEach":{"amount":"0"},"pvEach":"24"}}]},"currency":"EUR"},{"lines":{"items":[{"item":{"href":"https:\/\/hydraqa.unicity.net\/v5a-test\/items\/4d23d73a0d3d3e5fe9c383822040a9b0","id":{"unicity":"32191"},"weightEach":{"value":0},"servingsPerContainer":0,"servingSize":0},"quantity":"1","terms":{"priceEach":"1315.79","taxEach":{"amount":"131.58"},"discountEach":{"amount":"0"},"pvEach":"903"}}]},"currency":"EUR"},{"lines":{"items":[{"item":{"href":"https:\/\/hydraqa.unicity.net\/v5a-test\/items\/e9fe58342fff74ec4f4430f7c622816e","id":{"unicity":"31870"},"weightEach":{"value":0},"servingsPerContainer":0,"servingSize":0},"quantity":"1","terms":{"priceEach":"20.47","taxEach":{"amount":"2.05"},"discountEach":{"amount":"0"},"pvEach":"9"}}]},"currency":"EUR"},{"lines":{"items":[{"item":{"href":"https:\/\/hydraqa.unicity.net\/v5a-test\/items\/fbb6dbd577adb73abaec364076fb288f","id":{"unicity":"32087"},"weightEach":{"value":0},"servingsPerContainer":0,"servingSize":0},"quantity":"1","terms":{"priceEach":"20.47","taxEach":{"amount":"2.05"},"discountEach":{"amount":"0"},"pvEach":"9"}}]},"currency":"EUR"},{"lines":{"items":[{"item":{"href":"https:\/\/hydraqa.unicity.net\/v5a-test\/items\/35dcc0035e442bbe6482f178ec38522c","id":{"unicity":"31868"},"weightEach":{"value":0},"servingsPerContainer":0,"servingSize":0},"quantity":"1","terms":{"priceEach":"20.47","taxEach":{"amount":"2.05"},"discountEach":{"amount":"0"},"pvEach":"9"}}]},"currency":"EUR"},{"lines":{"items":[{"item":{"href":"https:\/\/hydraqa.unicity.net\/v5a-test\/items\/baa263a2750aa330fbd9e5b96fdb2b55","id":{"unicity":"32609"},"weightEach":{"value":0},"servingsPerContainer":0,"servingSize":0},"quantity":"1","terms":{"priceEach":"55.98","taxEach":{"amount":"0"},"discountEach":{"amount":"0"},"pvEach":"34"}}]},"currency":"EUR"}]}
Entry request : {"order":{"customer":{"href":"https://hydraqa.unicity.net/v5a-test/customers?type=Associate"},"shipToAddress":{"country":"AT"}},"vary":{"lines":{"items":[{"item":{"href":"https://hydraqa.unicity.net/v5a-test/items?id.unicity=27700|31336|31951|31952|32128|32129|32130|32132|32133|32134|32135|32136|32137|32138|32125|18511|19941|22178|24001|26422|27156|27158|27160|27166|27617|27660|27587|28601|28604|27395|15880|26560|29017|29838|17174|31772|32192|22605|32126|32127|29832|29833|29317|24274|24418|27150|27163|27575|30825|26567|26568|24758|29821|32012|30139|29181|29183|30280|29187|29191|30684|30198|31402|31672|31534|29449|29984|32191|31870|32087|31868|32609"}}]}}}
Request URL: https://hydraqa.unicity.net/v5a-test/customers.js?callback=angular.callbacks._1&expand=customer,profilePicture&id.unicity=36554001
Request URL: https://hydraqa.unicity.net/v5a-test/customers.js?_httpMethod=HEAD&callback=angular.callbacks._7&email=ZDLLBN@gmail.com
Request URL: https://hydraqa.unicity.net/v5a-test/shippingmethods.js?callback=angular.callbacks._a&destination=AT&market=AT
{sponsor=36554001, gender=male, sepabic=DEUTDEFF, city=TestCity, signature=TestSignature, cartprice=339.79, enroller=36554001, responsedob=1990-02-20, arpack=Detox Essentials, language=Deutsch, locale=de, type=Associate, coapplicanttype=Spouse, platform=QA, lname=TestLastName, password=Unicity, genderoption=männlich, Currency=EUR, sepabankname=TestBankName, payment=sepa, api=7, fax=8217647322, email=ZDLLBN@gmail.com, coapplicant=TestSpouseName, zip=1234, fname=TestFirstName, prefferd=Austria, address2=Address 2, address1=Address 1, sepaiban=AT611904300234573201, sepaholder=TestName, shippingmethod=type=Economy, version=v5a-test/, testcase=normal, market=Austria, aritemcode=32129, phone=9823746323, dob=20/02/1990, proto=https://hydraqa.unicity.net/, marketcode=AT, ccname=CCNameTest}
Request URL: https://hydraqa.unicity.net/v5a-test/orders.js
Entry request : {"customer":{"mainAddress":{"city":"TestCity","country":"AT","zip":"1234","address1":"Address 1","address2":"Address 2"},"humanName":{"firstName":"TestFirstName","lastName":"TestLastName"},"email":"ZDLLBN@gmail.com","preferredLocale":"de-AT","password":{"value":"Unicity"},"gender":"male","maritalStatus":null,"type":"Associate","sponsor":{"href":"https://hydraqa.unicity.net/v5a-test/customers?id.unicity=36554001"},"enroller":{"href":"https://hydraqa.unicity.net/v5a-test/customers?id.unicity=36554001"},"homePhone":"9823746323","birthDate":"1990-02-20","autoorders":{"items":[{"recurrence":{"schedule":{"month":"*","dayOfMonth":"5"},"status":"Enabled"},"lines":{"items":[{"item":{"href":"https://hydraqa.unicity.net/v5a-test/items?id.unicity=32129"},"quantity":1}]},"shipToName":{"firstName":"TestFirstName","lastName":"TestLastName"},"shipToPhone":"9823746323","shipToEmail":"ZDLLBN@gmail.com","shipToAddress":{"city":"TestCity","country":"AT","address1":"Address 1","address2":"Address 2","zip":"1234"},"shippingMethod":{"href":"https://hydraqa.unicity.net/v5a-test/shippingmethods?type=Economy"},"transactions":{"items":[{"amount":"this.terms.total","type":"Capture","method":"BankDraft","methodDetails":{}}]}}]},"depositBankAccount":{"bankName":"Paylution","accountType":"PrepaidCard"},"draftBankAccount":{"iban":"AT611904300234573201","bankName":"TestBankName","bic":"DEUTDEFF","accountHolder":"TestName"},"coapplicant":{"type":"Spouse","details":{"humanName":{"firstName":"TestSpouseName","lastName":""}}},"businessEntity":{"legalType":"SoleProprietorship"},"rights":[{"holder":"Upline","type":"SendEmails"}],"signature":{"value":"TestSignature"},"faxNumber":"8217647322"},"lines":{"items":[{"item":{"href":"https://hydraqa.unicity.net/v5a-test/items?id.unicity=22605"},"quantity":1},{"item":{"href":"https://hydraqa.unicity.net/v5a-test/items?id.unicity=32126"},"quantity":1},{"item":{"href":"https://hydraqa.unicity.net/v5a-test/items?id.unicity=32127"},"quantity":1}]},"shipToName":{"firstName":"TestFirstName","lastName":"TestLastName"},"shipToPhone":"9823746323","shipToEmail":"ZDLLBN@gmail.com","shipToAddress":{"city":"TestCity","country":"AT","address1":"Address 1","address2":"Address 2","zip":"1234"},"shippingMethod":{"href":"https://hydraqa.unicity.net/v5a-test/shippingmethods?type=Economy"},"notes":"","transactions":{"items":[{"amount":"this.terms.total","type":"Capture","method":"BankDraft","methodDetails":{}}]}}
Entry response : {"meta":{"Link":"<http:\/\/unicity.github.io\/Hydra.php\/docs\/v5\/>; rel=\"help\"","X-Request-UUID":"7d895059-1fd4-4cc2-8974-423eaa907972","X-Request-Release":"5-2020012701\/master","Cache-Control":"no-cache, must-revalidate","Expires":"0","X-Powered-By":"Luracast Restler v3.0.0rc5","Content-Type":"text\/javascript; charset=utf-8","Content-Language":"en","X-Status-Code":"201"},"data":{"market":"AT","notes":"","shippingMethod":{"href":"https:\/\/hydraqa.unicity.net\/v5a-test\/shippingmethods?type=Economy","location":"","type":"Economy"},"shipToAddress":{"country":"AT","state":"","city":"TestCity","zip":"1234","address1":"Address 1","address2":"Address 2"},"shipToEmail":"ZDLLBN@gmail.com","shipToName":{"firstName":"TestFirstName","lastName":"TestLastName"},"shipToPhone":"9823746323","shipToTime":"","source":null,"type":null,"lines":{"items":[{"quantity":1,"item":{"href":"https:\/\/hydraqa.unicity.net\/v5a-test\/items?id.unicity=22605","id":{"unicity":"22605"}}},{"quantity":1,"item":{"href":"https:\/\/hydraqa.unicity.net\/v5a-test\/items?id.unicity=32126","id":{"unicity":"32126"}}},{"quantity":1,"item":{"href":"https:\/\/hydraqa.unicity.net\/v5a-test\/items?id.unicity=32127","id":{"unicity":"32127"}}}]},"transactions":{"items":null},"terms":{"total":"384.86","subtotal":"339.79","tax":{"amount":"39.32"},"freight":{"amount":"5.75"},"discount":{"amount":"0"},"pv":"214","period":"2020-01"},"currency":"EUR","dateCreated":"2020-01-27T16:45:23-07:00","customer":{"humanName":{"firstName":"TestFirstName","lastName":"TestLastName"},"mainAddress":{"city":"TestCity","country":"AT","zip":"1234","address1":"Address 1","address2":"Address 2","state":""},"type":"Associate","email":"ZDLLBN@gmail.com","signature":{"value":"TestSignature"},"gender":"male","password":{"value":"Unicity"},"enroller":{"href":"https:\/\/hydraqa.unicity.net\/v5a-test\/customers\/c8a0f511723643dd5ba719e2e99a32ba82ff3eda31cc639783863e5baba2dbdb","id":{"unicity":36554001},"humanName":{"fullName":"Kent, Clark"},"email":"tyler.cook@unicity.com"},"sponsor":{"href":"https:\/\/hydraqa.unicity.net\/v5a-test\/customers\/c8a0f511723643dd5ba719e2e99a32ba82ff3eda31cc639783863e5baba2dbdb","id":{"unicity":36554001},"humanName":{"fullName":"Kent, Clark"},"email":"tyler.cook@unicity.com"},"birthDate":"1990-02-20","homePhone":"9823746323","faxNumber":"8217647322","preferredLocale":"de-AT","depositBankAccount":{"bankName":"Paylution","accountType":"PrepaidCard"},"draftBankAccount":{"iban":"AT611904300234573201","bankName":"TestBankName","bic":"DEUTDEFF","accountHolder":"TestName"},"coapplicant":{"details":{"humanName":{"firstName":"TestSpouseName","lastName":""}},"type":"Spouse"},"businessEntity":{"companyName":null,"legalType":"SoleProprietorship"},"autoorders":{"items":[{"recurrence":{"schedule":{"month":"*","dayOfMonth":"5","skipRepetitions":1},"status":"Enabled"},"lines":{"items":[{"item":{"href":"https:\/\/hydraqa.unicity.net\/v5a-test\/items?id.unicity=32129"},"quantity":1}]},"shipToName":{"firstName":"TestFirstName","lastName":"TestLastName"},"shipToPhone":"9823746323","shipToEmail":"ZDLLBN@gmail.com","shipToAddress":{"city":"TestCity","country":"AT","address1":"Address 1","address2":"Address 2","zip":"1234"},"shippingMethod":{"href":"https:\/\/hydraqa.unicity.net\/v5a-test\/shippingmethods?type=Economy"},"transactions":{"items":null}}]},"rights":[{"holder":"Upline","type":"SendEmails"}],"status":"Active","id":{"unicity":"106426249"},"href":"https:\/\/hydraqa.unicity.net\/v5a-test\/customers\/a590e132caad621ed186baa931399e8dab7a3e09cc49979ac187861e558433f6","token":"9aef2c67-a802-4cc5-959f-c929f5f71696"},"id":{"unicity":"49-9148644"},"href":"https:\/\/hydraqa.unicity.net\/v5a-test\/orders\/135968c4fdf4dc411acce1be937bcad2b827fc03caaf90fc70bdedda2bf5a5dc"}}
Headers-->keep-alive
Headers-->2439
Headers-->application/json, text/plain, */*
Headers-->http://enroll.ng.unicityqa.com
Headers-->de-AT
]]></system-out>
    <system-err><![CDATA[Starting ChromeDriver 2.36.540470 (e522d04694c7ebea4ba8821272dbef4f9b818c91) on port 43799
Only local connections are allowed.
Jan 27, 2020 4:40:24 PM org.openqa.selenium.remote.ProtocolHandshake createSession
INFO: Detected dialect: OSS
]]></system-err>
  </testcase>
  <testcase name="Enroll" classname="Tests.FranchisePartner" time="306.675">
    <failure message="Major AR Pack href expected [https://hydraqa.unicity.net/v5a-test/items?id.unicity=26580] but found []" type="java.lang.AssertionError">java.lang.AssertionError: Major AR Pack href expected [https://hydraqa.unicity.net/v5a-test/items?id.unicity=26580] but found []
	at Tests.FranchisePartner.Enroll(FranchisePartner.java:265)
</failure>
    <system-out><![CDATA[Request URL: https://hydraqa.unicity.net/v5a-test/quotes?&expand=item
Entry Quotes response : {"items":[{"currency":"USD","lines":{"items":[{"item":{"href":"https:\/\/hydraqa.unicity.net\/v5a-test\/items\/50747027a065cb8361c1f0d6eb880466","id":{"unicity":"32030"}},"terms":{"priceEach":"143.0000","pvEach":"102.0000"},"quantity":1}]}},{"currency":"USD","lines":{"items":[{"item":{"href":"https:\/\/hydraqa.unicity.net\/v5a-test\/items\/d306a0b65f27f19b4968e5c05906a9f4","id":{"unicity":"31314"}},"terms":{"priceEach":"384.0000","pvEach":"266.0000"},"quantity":1}]}},{"currency":"USD","lines":{"items":[{"item":{"href":"https:\/\/hydraqa.unicity.net\/v5a-test\/items\/716b7a0bca7fa73e42e000d668e7ee65","id":{"unicity":"15129"}},"terms":{"priceEach":"22.0000","pvEach":"10.0000"},"quantity":1}]}},{"currency":"USD","lines":{"items":[{"item":{"href":"https:\/\/hydraqa.unicity.net\/v5a-test\/items\/9a7715e888c94989d898fe4653645721","id":{"unicity":"26550"}},"terms":{"priceEach":"80.0000","pvEach":"52.0000"},"quantity":1}]}},{"currency":"USD","lines":{"items":[{"item":{"href":"https:\/\/hydraqa.unicity.net\/v5a-test\/items\/80a898d805f759925797847a176bf62f","id":{"unicity":"26551"}},"terms":{"priceEach":"80.0000","pvEach":"52.0000"},"quantity":1}]}},{"currency":"USD","lines":{"items":[{"item":{"href":"https:\/\/hydraqa.unicity.net\/v5a-test\/items\/292b6aee9c1193e9488e9ae6e3a845e4","id":{"unicity":"29684"}},"terms":{"priceEach":"242.0000","pvEach":"144.0000"},"quantity":1}]}},{"currency":"USD","lines":{"items":[{"item":{"href":"https:\/\/hydraqa.unicity.net\/v5a-test\/items\/fbb319232b7eed110794d46a68302acb","id":{"unicity":"31847"}},"terms":{"priceEach":"120.0000","pvEach":"80.0000"},"quantity":1}]}},{"currency":"USD","lines":{"items":[{"item":{"href":"https:\/\/hydraqa.unicity.net\/v5a-test\/items\/077823d29445b9020de9931f10c63efd","id":{"unicity":"31958"}},"terms":{"priceEach":"129.0000","pvEach":"85.0000"},"quantity":1}]}},{"currency":"USD","lines":{"items":[{"item":{"href":"https:\/\/hydraqa.unicity.net\/v5a-test\/items\/00c2eb70c985722ce208490aece00945","id":{"unicity":"31729"}},"terms":{"priceEach":"143.0000","pvEach":"100.0000"},"quantity":1}]}},{"currency":"USD","lines":{"items":[{"item":{"href":"https:\/\/hydraqa.unicity.net\/v5a-test\/items\/89b6d29a85a88d44d65bc8cca3fefc65","id":{"unicity":"31845"}},"terms":{"priceEach":"143.0000","pvEach":"100.0000"},"quantity":1}]}},{"currency":"USD","lines":{"items":[{"item":{"href":"https:\/\/hydraqa.unicity.net\/v5a-test\/items\/3875e24e6b6ebdf36c79d205614ed51e","id":{"unicity":"31846"}},"terms":{"priceEach":"126.0000","pvEach":"94.0000"},"quantity":1}]}},{"currency":"USD","lines":{"items":[{"item":{"href":"https:\/\/hydraqa.unicity.net\/v5a-test\/items\/5bda067b70c43971650a6ef983f612e4","id":{"unicity":"31728"}},"terms":{"priceEach":"126.0000","pvEach":"94.0000"},"quantity":1}]}},{"currency":"USD","lines":{"items":[{"item":{"href":"https:\/\/hydraqa.unicity.net\/v5a-test\/items\/693a7c4a70b06a00471afe8d6cae5023","id":{"unicity":"31730"}},"terms":{"priceEach":"120.0000","pvEach":"80.0000"},"quantity":1}]}},{"currency":"USD","lines":{"items":[{"item":{"href":"https:\/\/hydraqa.unicity.net\/v5a-test\/items\/ccb242d74dcb1fe621cc7bfe1b1de315","id":{"unicity":"31731"}},"terms":{"priceEach":"89.0000","pvEach":"61.0000"},"quantity":1}]}},{"currency":"USD","lines":{"items":[{"item":{"href":"https:\/\/hydraqa.unicity.net\/v5a-test\/items\/764e2db430d361da99e8f6b70c4d0244","id":{"unicity":"29830"}},"terms":{"priceEach":"17.0000","pvEach":"7.0000"},"quantity":1}]}},{"currency":"USD","lines":{"items":[{"item":{"href":"https:\/\/hydraqa.unicity.net\/v5a-test\/items\/8b5ed9aa6c6132e1be5e446f69a3465e","id":{"unicity":"0954"}},"terms":{"priceEach":"21.0000","pvEach":"15.0000"},"quantity":1}]}},{"currency":"USD","lines":{"items":[{"item":{"href":"https:\/\/hydraqa.unicity.net\/v5a-test\/items\/b91affa753dd5ee8a9acef4fa7e2c9a7","id":{"unicity":"30414"}},"terms":{"priceEach":"94.0000","pvEach":"65.0000"},"quantity":1}]}},{"currency":"USD","lines":{"items":[{"item":{"href":"https:\/\/hydraqa.unicity.net\/v5a-test\/items\/9d9d002b0e21b9bd58ad0154a4f781c5","id":{"unicity":"28836"}},"terms":{"priceEach":"58.0000","pvEach":"36.0000"},"quantity":1}]}},{"currency":"USD","lines":{"items":[{"item":{"href":"https:\/\/hydraqa.unicity.net\/v5a-test\/items\/399be8efa903b362515c48315ab2afb9","id":{"unicity":"15712"}},"terms":{"priceEach":"15.0000","pvEach":"5.0000"},"quantity":1}]}},{"currency":"USD","lines":{"items":[{"item":{"href":"https:\/\/hydraqa.unicity.net\/v5a-test\/items\/390a7ae70d5669561ecdf7d5cff2671b","id":{"unicity":"15271"}},"terms":{"priceEach":"69.0000","pvEach":"27.0000"},"quantity":1}]}},{"currency":"USD","lines":{"items":[{"item":{"href":"https:\/\/hydraqa.unicity.net\/v5a-test\/items\/933f0856fd8ec1df83c5283dabf4ec3c","id":{"unicity":"6200"}},"terms":{"priceEach":"68.0000","pvEach":"47.0000"},"quantity":1}]}},{"currency":"USD","lines":{"items":[{"item":{"href":"https:\/\/hydraqa.unicity.net\/v5a-test\/items\/75faf5436630ed02a683726aa0e9056f","id":{"unicity":"22165"}},"terms":{"priceEach":"86.0000","pvEach":"65.0000"},"quantity":1}]}},{"currency":"USD","lines":{"items":[{"item":{"href":"https:\/\/hydraqa.unicity.net\/v5a-test\/items\/0cf62d38e91953b43dcfe88b06f813cb","id":{"unicity":"26557"}},"terms":{"priceEach":"79.0000","pvEach":"61.0000"},"quantity":1}]}},{"currency":"USD","lines":{"items":[{"item":{"href":"https:\/\/hydraqa.unicity.net\/v5a-test\/items\/3af97c67f653253825a9189a27da57d6","id":{"unicity":"26556"}},"terms":{"priceEach":"79.0000","pvEach":"61.0000"},"quantity":1}]}},{"currency":"USD","lines":{"items":[{"item":{"href":"https:\/\/hydraqa.unicity.net\/v5a-test\/items\/d489ec0d50f6e28d5743afc65439631b","id":{"unicity":"0960"}},"terms":{"priceEach":"37.0000","pvEach":"23.0000"},"quantity":1}]}},{"currency":"USD","lines":{"items":[{"item":{"href":"https:\/\/hydraqa.unicity.net\/v5a-test\/items\/66839181d7531692a8d886a9da6fb4d6","id":{"unicity":"25369"}},"terms":{"priceEach":"48.0000","pvEach":"25.0000"},"quantity":1}]}},{"currency":"USD","lines":{"items":[{"item":{"href":"https:\/\/hydraqa.unicity.net\/v5a-test\/items\/0eebdede5bdb8bf4d71e800b6f3cead1","id":{"unicity":"30825"}},"terms":{"priceEach":"49.0000","pvEach":"25.0000"},"quantity":1}]}},{"currency":"USD","lines":{"items":[{"item":{"href":"https:\/\/hydraqa.unicity.net\/v5a-test\/items\/5c2f1613082782e691d32fe9ce034026","id":{"unicity":"23728"}},"terms":{"priceEach":"26.0000","pvEach":"13.0000"},"quantity":1}]}},{"currency":"USD","lines":{"items":[{"item":{"href":"https:\/\/hydraqa.unicity.net\/v5a-test\/items\/9a6e1d094182389c3da8e0a320ff0e00","id":{"unicity":"27585"}},"terms":{"priceEach":"56.0000","pvEach":"33.0000"},"quantity":1}]}},{"currency":"USD","lines":{"items":[{"item":{"href":"https:\/\/hydraqa.unicity.net\/v5a-test\/items\/25eaf64b36ce31368f17ae789fd9ac5b","id":{"unicity":"29694"}},"terms":{"priceEach":"56.0000","pvEach":"33.0000"},"quantity":1}]}},{"currency":"USD","lines":{"items":[{"item":{"href":"https:\/\/hydraqa.unicity.net\/v5a-test\/items\/112b8c39286598b3730f630f371a45f4","id":{"unicity":"27587"}},"terms":{"priceEach":"58.0000","pvEach":"33.0000"},"quantity":1}]}},{"currency":"USD","lines":{"items":[{"item":{"href":"https:\/\/hydraqa.unicity.net\/v5a-test\/items\/16ca68abaaa92505c257be022a154769","id":{"unicity":"27615"}},"terms":{"priceEach":"29.0000","pvEach":"21.0000"},"quantity":1}]}},{"currency":"USD","lines":{"items":[{"item":{"href":"https:\/\/hydraqa.unicity.net\/v5a-test\/items\/362999101a321b721c87110710ae77b0","id":{"unicity":"29352"}},"terms":{"priceEach":"119.0000","pvEach":"80.0000"},"quantity":1}]}},{"currency":"USD","lines":{"items":[{"item":{"href":"https:\/\/hydraqa.unicity.net\/v5a-test\/items\/2f028442193b3166b6c4f9590bd352b4","id":{"unicity":"32366"}},"terms":{"priceEach":"94.0000","pvEach":"68.0000"},"quantity":1}]}},{"currency":"USD","lines":{"items":[{"item":{"href":"https:\/\/hydraqa.unicity.net\/v5a-test\/items\/18f4c25c966306833f623287c875d6ba","id":{"unicity":"32369"}},"terms":{"priceEach":"151.0000","pvEach":"93.0000"},"quantity":1}]}},{"currency":"USD","lines":{"items":[{"item":{"href":"https:\/\/hydraqa.unicity.net\/v5a-test\/items\/779b47d856ea7e246c9e5aabc6eca794","id":{"unicity":"32370"}},"terms":{"priceEach":"136.0000","pvEach":"95.0000"},"quantity":1}]}},{"currency":"USD","lines":{"items":[{"item":{"href":"https:\/\/hydraqa.unicity.net\/v5a-test\/items\/05ca08f3808f126c0cc42154c50fc75c","id":{"unicity":"29440"}},"terms":{"priceEach":"120.0000","pvEach":"90.0000"},"quantity":1}]}},{"currency":"USD","lines":{"items":[{"item":{"href":"https:\/\/hydraqa.unicity.net\/v5a-test\/items\/cea826eab72d44641c070aab6c97c1ac","id":{"unicity":"22747"}},"terms":{"priceEach":"27.0000","pvEach":"16.0000"},"quantity":1}]}},{"currency":"USD","lines":{"items":[{"item":{"href":"https:\/\/hydraqa.unicity.net\/v5a-test\/items\/1945faa1776541d53120ecfe3c1d8a2b","id":{"unicity":"24418"}},"terms":{"priceEach":"5.0000","pvEach":"0.0000"},"quantity":1}]}},{"currency":"USD","lines":{"items":[{"item":{"href":"https:\/\/hydraqa.unicity.net\/v5a-test\/items\/e0a19d3d676bccfdba0ab3d9f2766359","id":{"unicity":"30350"}},"terms":{"priceEach":"50.0000","pvEach":"30.0000"},"quantity":1}]}},{"currency":"USD","lines":{"items":[{"item":{"href":"https:\/\/hydraqa.unicity.net\/v5a-test\/items\/b2fc4b9ba4aa5cae54389161be2f841f","id":{"unicity":"18401"}},"terms":{"priceEach":"31.0000","pvEach":"19.0000"},"quantity":1}]}},{"currency":"USD","lines":{"items":[{"item":{"href":"https:\/\/hydraqa.unicity.net\/v5a-test\/items\/1b0412bea8c0b841c66f65a36aa14108","id":{"unicity":"29191"}},"terms":{"priceEach":"64.0000","pvEach":"36.0000"},"quantity":1}]}},{"currency":"USD","lines":{"items":[{"item":{"href":"https:\/\/hydraqa.unicity.net\/v5a-test\/items\/1bd53de7fe880ba71f46c9976ca2c137","id":{"unicity":"27739"}},"terms":{"priceEach":"33.0000","pvEach":"13.0000"},"quantity":1}]}},{"currency":"USD","lines":{"items":[{"item":{"href":"https:\/\/hydraqa.unicity.net\/v5a-test\/items\/035189015384166df518a68ede0299a9","id":{"unicity":"30408"}},"terms":{"priceEach":"84.0000","pvEach":"50.0000"},"quantity":1}]}},{"currency":"USD","lines":{"items":[{"item":{"href":"https:\/\/hydraqa.unicity.net\/v5a-test\/items\/bed533c634e887357ff031d8e4c776b0","id":{"unicity":"31751"}},"terms":{"priceEach":"99.0000","pvEach":"50.0000"},"quantity":1}]}},{"currency":"USD","lines":{"items":[{"item":{"href":"https:\/\/hydraqa.unicity.net\/v5a-test\/items\/e5029d0db50d6ea324b5e25f54d82636","id":{"unicity":"31651"}},"terms":{"priceEach":"29.0000","pvEach":"14.0000"},"quantity":1}]}},{"currency":"USD","lines":{"items":[{"item":{"href":"https:\/\/hydraqa.unicity.net\/v5a-test\/items\/c201dcd36f4bb7e17e7a8481ef08d6f2","id":{"unicity":"31518"}},"terms":{"priceEach":"29.0000","pvEach":"14.0000"},"quantity":1}]}},{"currency":"USD","lines":{"items":[{"item":{"href":"https:\/\/hydraqa.unicity.net\/v5a-test\/items\/f5a91f19576078a69f82c9f58805f479","id":{"unicity":"31655"}},"terms":{"priceEach":"29.0000","pvEach":"14.0000"},"quantity":1}]}},{"currency":"USD","lines":{"items":[{"item":{"href":"https:\/\/hydraqa.unicity.net\/v5a-test\/items\/0a3ede185ddf034630afd891c5106d33","id":{"unicity":"26562"}},"terms":{"priceEach":"33.0000","pvEach":"25.0000"},"quantity":1}]}},{"currency":"USD","lines":{"items":[{"item":{"href":"https:\/\/hydraqa.unicity.net\/v5a-test\/items\/1d977fb1e1c0aa5d0b71ee2cf01e7b4d","id":{"unicity":"32016"}},"terms":{"priceEach":"206.0000","pvEach":"130.0000"},"quantity":1}]}},{"currency":"USD","lines":{"items":[{"item":{"href":"https:\/\/hydraqa.unicity.net\/v5a-test\/items\/1524974f80be01c93083e794816394ab","id":{"unicity":"32017"}},"terms":{"priceEach":"206.0000","pvEach":"130.0000"},"quantity":1}]}},{"currency":"USD","lines":{"items":[{"item":{"href":"https:\/\/hydraqa.unicity.net\/v5a-test\/items\/4b2034f47fce90b87bba28c5c2d7c25d","id":{"unicity":"15880"}},"terms":{"priceEach":"59.0000","pvEach":"41.0000"},"quantity":1}]}},{"currency":"USD","lines":{"items":[{"item":{"href":"https:\/\/hydraqa.unicity.net\/v5a-test\/items\/3d89c4f7e508dfba4018dc9c732084de","id":{"unicity":"29181"}},"terms":{"priceEach":"24.0000","pvEach":"12.0000"},"quantity":1}]}},{"currency":"USD","lines":{"items":[{"item":{"href":"https:\/\/hydraqa.unicity.net\/v5a-test\/items\/9ce45d695c87f93b29794041362b5192","id":{"unicity":"26945"}},"terms":{"priceEach":"35.0000","pvEach":"0.0000"},"quantity":1}]}},{"currency":"USD","lines":{"items":[{"item":{"href":"https:\/\/hydraqa.unicity.net\/v5a-test\/items\/aa0d72ac13b1ce88cf8c4a52ede75a37","id":{"unicity":"26552"}},"terms":{"priceEach":"70.0000","pvEach":"50.0000"},"quantity":1}]}},{"currency":"USD","lines":{"items":[{"item":{"href":"https:\/\/hydraqa.unicity.net\/v5a-test\/items\/5c6f1a39257b63482d454789e4d2035c","id":{"unicity":"26553"}},"terms":{"priceEach":"80.0000","pvEach":"50.0000"},"quantity":1}]}},{"currency":"USD","lines":{"items":[{"item":{"href":"https:\/\/hydraqa.unicity.net\/v5a-test\/items\/8d994059c399f5551ab112574e4476fc","id":{"unicity":"24785"}},"terms":{"priceEach":"14.0000","pvEach":"9.0000"},"quantity":1}]}},{"currency":"USD","lines":{"items":[{"item":{"href":"https:\/\/hydraqa.unicity.net\/v5a-test\/items\/8ed7a8910d5c5335774fa9cfae0e511d","id":{"unicity":"18386"}},"terms":{"priceEach":"27.0000","pvEach":"21.0000"},"quantity":1}]}},{"currency":"USD","lines":{"items":[{"item":{"href":"https:\/\/hydraqa.unicity.net\/v5a-test\/items\/398d06b858b960f6f38086d40608aef2","id":{"unicity":"26560"}},"terms":{"priceEach":"16.0000","pvEach":"12.0000"},"quantity":1}]}},{"currency":"USD","lines":{"items":[{"item":{"href":"https:\/\/hydraqa.unicity.net\/v5a-test\/items\/55d3b550a17b78175cc5ac565e4266e8","id":{"unicity":"24621"}},"terms":{"priceEach":"20.0000","pvEach":"12.0000"},"quantity":1}]}},{"currency":"USD","lines":{"items":[{"item":{"href":"https:\/\/hydraqa.unicity.net\/v5a-test\/items\/bb5c627f16547cb4f706cef521bca356","id":{"unicity":"29437"}},"terms":{"priceEach":"62.0000","pvEach":"36.0000"},"quantity":1}]}},{"currency":"USD","lines":{"items":[{"item":{"href":"https:\/\/hydraqa.unicity.net\/v5a-test\/items\/0e78fbdfebef11cd62f8d2120064ee58","id":{"unicity":"30280"}},"terms":{"priceEach":"42.0000","pvEach":"24.0000"},"quantity":1}]}},{"currency":"USD","lines":{"items":[{"item":{"href":"https:\/\/hydraqa.unicity.net\/v5a-test\/items\/2835b1a78e379486f0ffbfd5fb9f6b0a","id":{"unicity":"30400"}},"terms":{"priceEach":"38.0000","pvEach":"28.0000"},"quantity":1}]}},{"currency":"USD","lines":{"items":[{"item":{"href":"https:\/\/hydraqa.unicity.net\/v5a-test\/items\/84bf86533ae28dc84370f3699cc13a1d","id":{"unicity":"17744"}},"terms":{"priceEach":"97.0000","pvEach":"62.0000"},"quantity":1}]}},{"currency":"USD","lines":{"items":[{"item":{"href":"https:\/\/hydraqa.unicity.net\/v5a-test\/items\/48433ffc76597c823adc2b8627e033e4","id":{"unicity":"26559"}},"terms":{"priceEach":"30.0000","pvEach":"20.0000"},"quantity":1}]}},{"currency":"USD","lines":{"items":[{"item":{"href":"https:\/\/hydraqa.unicity.net\/v5a-test\/items\/5a38f009bec6c23b1b3a70432f9722e5","id":{"unicity":"19596"}},"terms":{"priceEach":"49.0000","pvEach":"30.0000"},"quantity":1}]}},{"currency":"USD","lines":{"items":[{"item":{"href":"https:\/\/hydraqa.unicity.net\/v5a-test\/items\/38da42f991a40a00153b2e5055b82dbf","id":{"unicity":"27801"}},"terms":{"priceEach":"195.0000","pvEach":"130.0000"},"quantity":1}]}},{"currency":"USD","lines":{"items":[{"item":{"href":"https:\/\/hydraqa.unicity.net\/v5a-test\/items\/051e765a5a71835a859c2757edd359f0","id":{"unicity":"26580"}},"terms":{"priceEach":"195.0000","pvEach":"130.0000"},"quantity":1}]}},{"currency":"USD","lines":{"items":[{"item":{"href":"https:\/\/hydraqa.unicity.net\/v5a-test\/items\/8c21f026bb6a32624e0c80475bf8efb0","id":{"unicity":"25880"}},"terms":{"priceEach":"33.0000","pvEach":"23.0000"},"quantity":1}]}},{"currency":"USD","lines":{"items":[{"item":{"href":"https:\/\/hydraqa.unicity.net\/v5a-test\/items\/e218d1cac5f31e7ae4f5876c29c57377","id":{"unicity":"29017"}},"terms":{"priceEach":"38.0000","pvEach":"26.0000"},"quantity":1}]}},{"currency":"USD","lines":{"items":[{"item":{"href":"https:\/\/hydraqa.unicity.net\/v5a-test\/items\/24ff5bda40c0d0e7eaa511866d052915","id":{"unicity":"29612"}},"terms":{"priceEach":"49.0000","pvEach":"30.0000"},"quantity":1}]}},{"currency":"USD","lines":{"items":[{"item":{"href":"https:\/\/hydraqa.unicity.net\/v5a-test\/items\/2c4c1abe00983e85aaa918d2ce341491","id":{"unicity":"17174"}},"terms":{"priceEach":"17.0000","pvEach":"10.0000"},"quantity":1}]}},{"currency":"USD","lines":{"items":[{"item":{"href":"https:\/\/hydraqa.unicity.net\/v5a-test\/items\/3f2d12d7a0e8551fc99fad3bbe1ba633","id":{"unicity":"26567"}},"terms":{"priceEach":"56.0000","pvEach":"35.0000"},"quantity":1}]}},{"currency":"USD","lines":{"items":[{"item":{"href":"https:\/\/hydraqa.unicity.net\/v5a-test\/items\/191637167cb3144bd2e8c4615e9ab67e","id":{"unicity":"26568"}},"terms":{"priceEach":"56.0000","pvEach":"35.0000"},"quantity":1}]}},{"currency":"USD","lines":{"items":[{"item":{"href":"https:\/\/hydraqa.unicity.net\/v5a-test\/items\/2cefc6a61faaae3455a5adcb0d8fc74f","id":{"unicity":"15907"}},"terms":{"priceEach":"15.0000","pvEach":"5.0000"},"quantity":1}]}},{"currency":"USD","lines":{"items":[{"item":{"href":"https:\/\/hydraqa.unicity.net\/v5a-test\/items\/e870d73cd94149d9f6b55de9736c9daa","id":{"unicity":"3107"}},"terms":{"priceEach":"24.0000","pvEach":"16.0000"},"quantity":1}]}},{"currency":"USD","lines":{"items":[{"item":{"href":"https:\/\/hydraqa.unicity.net\/v5a-test\/items\/b127a2d34d3d73e2f53e4c2002a7a4a2","id":{"unicity":"25008"}},"terms":{"priceEach":"19.0000","pvEach":"15.0000"},"quantity":1}]}},{"currency":"USD","lines":{"items":[{"item":{"href":"https:\/\/hydraqa.unicity.net\/v5a-test\/items\/dcdf1b79b8b6f644100ffc20fdca4683","id":{"unicity":"27835"}},"terms":{"priceEach":"1455.0000","pvEach":"1000.0000"},"quantity":1}]}},{"currency":"USD","lines":{"items":[{"item":{"href":"https:\/\/hydraqa.unicity.net\/v5a-test\/items\/efe7d99f2b77ea614d624d371afa4244","id":{"unicity":"25543"}},"terms":{"priceEach":"1455.0000","pvEach":"1000.0000"},"quantity":1}]}},{"currency":"USD","lines":{"items":[{"item":{"href":"https:\/\/hydraqa.unicity.net\/v5a-test\/items\/2da06ecf761a87f5619997496b83b745","id":{"unicity":"27831"}},"terms":{"priceEach":"1455.0000","pvEach":"1000.0000"},"quantity":1}]}},{"currency":"USD","lines":{"items":[{"item":{"href":"https:\/\/hydraqa.unicity.net\/v5a-test\/items\/1ab3a5a9b55fdf3618d21bf1d528afe4","id":{"unicity":"25542"}},"terms":{"priceEach":"1455.0000","pvEach":"1000.0000"},"quantity":1}]}},{"currency":"USD","lines":{"items":[{"item":{"href":"https:\/\/hydraqa.unicity.net\/v5a-test\/items\/52f0d3751a2d8f3f3670328e8157de5e","id":{"unicity":"27833"}},"terms":{"priceEach":"1455.0000","pvEach":"1000.0000"},"quantity":1}]}},{"currency":"USD","lines":{"items":[{"item":{"href":"https:\/\/hydraqa.unicity.net\/v5a-test\/items\/1535f370eb06bf30117fa28aa9ab1179","id":{"unicity":"25544"}},"terms":{"priceEach":"1455.0000","pvEach":"1000.0000"},"quantity":1}]}},{"currency":"USD","lines":{"items":[{"item":{"href":"https:\/\/hydraqa.unicity.net\/v5a-test\/items\/87f09080f7a29929816891acef721667","id":{"unicity":"25545"}},"terms":{"priceEach":"1455.0000","pvEach":"1000.0000"},"quantity":1}]}},{"currency":"USD","lines":{"items":[{"item":{"href":"https:\/\/hydraqa.unicity.net\/v5a-test\/items\/991cdbb84a495779eb209fb3956a77e4","id":{"unicity":"29183"}},"terms":{"priceEach":"42.0000","pvEach":"24.0000"},"quantity":1}]}},{"currency":"USD","lines":{"items":[{"item":{"href":"https:\/\/hydraqa.unicity.net\/v5a-test\/items\/cda534d686af5d627c94c4bb2c4b57d8","id":{"unicity":"26561"}},"terms":{"priceEach":"16.0000","pvEach":"11.0000"},"quantity":1}]}},{"currency":"USD","lines":{"items":[{"item":{"href":"https:\/\/hydraqa.unicity.net\/v5a-test\/items\/10da226fab00279b4f89df10af2a10b7","id":{"unicity":"26442"}},"terms":{"priceEach":"6.0000","pvEach":"0.0000"},"quantity":1}]}},{"currency":"USD","lines":{"items":[{"item":{"href":"https:\/\/hydraqa.unicity.net\/v5a-test\/items\/2de8516a24af8232add0bb392e750a71","id":{"unicity":"31859"}},"terms":{"priceEach":"179.0000","pvEach":"130.0000"},"quantity":1}]}},{"currency":"USD","lines":{"items":[{"item":{"href":"https:\/\/hydraqa.unicity.net\/v5a-test\/items\/cf8460040a1860bcabf250b6c1171675","id":{"unicity":"31858"}},"terms":{"priceEach":"269.0000","pvEach":"195.0000"},"quantity":1}]}},{"currency":"USD","lines":{"items":[{"item":{"href":"https:\/\/hydraqa.unicity.net\/v5a-test\/items\/4ab49eca1731e69206ccafb5112ad5a4","id":{"unicity":"31861"}},"terms":{"priceEach":"196.0000","pvEach":"135.0000"},"quantity":1}]}},{"currency":"USD","lines":{"items":[{"item":{"href":"https:\/\/hydraqa.unicity.net\/v5a-test\/items\/d4c8fce238d6fc34d17a4b36d1e4e59a","id":{"unicity":"31860"}},"terms":{"priceEach":"196.0000","pvEach":"135.0000"},"quantity":1}]}},{"currency":"USD","lines":{"items":[{"item":{"href":"https:\/\/hydraqa.unicity.net\/v5a-test\/items\/fd464cd7972cc1317e850b9196d886b8","id":{"unicity":"31863"}},"terms":{"priceEach":"210.0000","pvEach":"148.0000"},"quantity":1}]}},{"currency":"USD","lines":{"items":[{"item":{"href":"https:\/\/hydraqa.unicity.net\/v5a-test\/items\/e47fd287212acedd1cffb2b67bf623bd","id":{"unicity":"31862"}},"terms":{"priceEach":"210.0000","pvEach":"148.0000"},"quantity":1}]}},{"currency":"USD","lines":{"items":[{"item":{"href":"https:\/\/hydraqa.unicity.net\/v5a-test\/items\/024e696f8b44a1d315006e676604cd31","id":{"unicity":"27395"}},"terms":{"priceEach":"25.0000","pvEach":"16.0000"},"quantity":1}]}},{"currency":"USD","lines":{"items":[{"item":{"href":"https:\/\/hydraqa.unicity.net\/v5a-test\/items\/3ddd31ddbe0e5807756d2488e7cc3602","id":{"unicity":"31440"}},"terms":{"priceEach":"40.0000","pvEach":"0.0000"},"quantity":1}]}},{"currency":"USD","lines":{"items":[{"item":{"href":"https:\/\/hydraqa.unicity.net\/v5a-test\/items\/90d5ee3af77bdc64ecf28a45b604bf3d","id":{"unicity":"31441"}},"terms":{"priceEach":"40.0000","pvEach":"0.0000"},"quantity":1}]}},{"currency":"USD","lines":{"items":[{"item":{"href":"https:\/\/hydraqa.unicity.net\/v5a-test\/items\/91a6016282310b83203d0bb7bea14a0f","id":{"unicity":"29050"}},"terms":{"priceEach":"12.9500","pvEach":"0.0000"},"quantity":1}]}},{"currency":"USD","lines":{"items":[{"item":{"href":"https:\/\/hydraqa.unicity.net\/v5a-test\/items\/7fc100f8d20814757efe2d79e41b315c","id":{"unicity":"32021"}},"terms":{"priceEach":"89.0000","pvEach":"60.0000"},"quantity":1}]}},{"currency":"USD","lines":{"items":[{"item":{"href":"https:\/\/hydraqa.unicity.net\/v5a-test\/items\/634f7efb30392b2a919de1355902d975","id":{"unicity":"29408"}},"terms":{"priceEach":"80.0000","pvEach":"52.0000"},"quantity":1}]}},{"currency":"USD","lines":{"items":[{"item":{"href":"https:\/\/hydraqa.unicity.net\/v5a-test\/items\/fa2407c91e64e66a72ab45172eb978df","id":{"unicity":"0988"}},"terms":{"priceEach":"36.0000","pvEach":"23.0000"},"quantity":1}]}},{"currency":"USD","lines":{"items":[{"item":{"href":"https:\/\/hydraqa.unicity.net\/v5a-test\/items\/64ec7ad932acafab052a4e8800ad1238","id":{"unicity":"24758"}},"terms":{"priceEach":"31.0000","pvEach":"21.0000"},"quantity":1}]}},{"currency":"USD","lines":{"items":[{"item":{"href":"https:\/\/hydraqa.unicity.net\/v5a-test\/items\/c61892f0a7b7e88054169a31d65d95e0","id":{"unicity":"18373"}},"terms":{"priceEach":"17.0000","pvEach":"10.0000"},"quantity":1}]}},{"currency":"USD","lines":{"items":[{"item":{"href":"https:\/\/hydraqa.unicity.net\/v5a-test\/items\/40a1044968ea62276f4ba87fd2ef0d8f","id":{"unicity":"12230"}},"terms":{"priceEach":"45.0000","pvEach":"18.0000"},"quantity":1}]}},{"currency":"USD","lines":{"items":[{"item":{"href":"https:\/\/hydraqa.unicity.net\/v5a-test\/items\/9ff4257741d464b686d15be955b8afb6","id":{"unicity":"0963"}},"terms":{"priceEach":"42.0000","pvEach":"25.0000"},"quantity":1}]}},{"currency":"USD","lines":{"items":[{"item":{"href":"https:\/\/hydraqa.unicity.net\/v5a-test\/items\/ddef5f478ff91aa2263b646a3bd03dea","id":{"unicity":"21420"}},"terms":{"priceEach":"24.0000","pvEach":"10.0000"},"quantity":1}]}}]}
Entry request : {"order":{"customer":{"href":"https://hydraqa.unicity.net/v5a-test/customers?type=Associate"},"shipToAddress":{"country":"US"}},"vary":{"lines":{"items":[{"item":{"href":"https://hydraqa.unicity.net/v5a-test/items?id.unicity=26580|31440|31441|31651|31655|31518|31751|27801|31858|31859|31862|32030|29684|32016|32017|31727|31729|31730|31731|0963|15129|15271|15880|17174|22745|22747|23728|24758|25022|26550|26556|26557|26560|26561|26562|27615|27739|24418|22888|27585|17744|25008|26442|26551|6200|15916|18908|24785|29050|26552|26553|27028|0954|18401|27029|26559|19596|25542|25544|27835|25543|25545|26945|25535|21420|24621|27831|27833|27837|28836|15712|22165|0960|25369|30825|18386|26567|26568|15907|28513|3107|0988|18373|12230|26950|26786|27587|29017|25880|29694|29408|29437|29181|29183|29191|29352|29612|30350|27395|29440|29830|30408|30414|30400|30280|31314|31728|31842|31846|31845|31847|31863|31860|31861|31958|32021|32364|32365|32366|32367|32368|32369|32370|32371|32372|31106|26555"}}]}}}
Request URL: https://hydraqa.unicity.net/v5a-test/customers.js?_httpMethod=HEAD&callback=angular.callbacks._1&email=OHBEWC@gmail.com
Request URL: https://hydraqa.unicity.net/v5a-test/addresses?country=US&zip=84097
Entry response : {"items":[{"city":"Orem","state":"UT"}]}
No Pop UP
{sponsor=2, gender=female, city=OREM, signature=TestSignature, cartprice=674.0, enroller=2, sponsorName=SponsorTest, responsedob=1991-01-31, arpack=Prime Health Pack - Cholesterol, Energy, Vanilla, language=English, locale=en, type=Associate, coapplicanttype=Spouse, platform=QA, lname=TestLastName, password=Unicity, genderoption=Female, Currency=USD, api=1, state=[UT], enrollerName=EnrollerTest, email=OHBEWC@gmail.com, coapplicant=TestSpouseName, zip=84097, fname=TestFirstName, prefferd=Bahamas, address2=Address 2, address1=1209 N 800 E, shippingmethod=type=NextDay, version=v5a-test/, testcase=normal, market=Bahamas, aritemcode=26580, martial=Single, phone=9823746323, dob=01/31/1991, govid=564105724, proto=https://hydraqa.unicity.net/, marketcode=BS, maritaloption=Single, ccname=CCNameTest}
Request URL: https://hydraqa.unicity.net/v5a-test/orders.js
Entry request : {"customer":{"mainAddress":{"city":"OREM","country":"US","state":"UT","zip":"84097","address1":"1209 N 800 E","address2":""},"humanName":{"firstName":"TestFirstName","lastName":"TestLastName"},"email":"OHBEWC@gmail.com","preferredLocale":"en-BS","password":{"value":"Unicity"},"gender":"female","maritalStatus":"Single","type":"Associate","enroller":{"href":"https://hydraqa.unicity.net/v5a-test/customers?id.unicity=2"},"sponsor":{"href":"https://hydraqa.unicity.net/v5a-test/customers?id.unicity=2"},"creditcardaliases":[{"methodDetails":{"creditCardNumber":"4111111111111111","payer":"TestFirstName TestLastName","creditCardExpires":"2020-10"},"billToName":{"firstName":"TestFirstName","lastName":"TestLastName"},"billToAddress":{"address1":"Address 1","address2":"Address 2","city":"TestCity","state":"HI","zip":"","country":"BS"}}],"homePhone":"9823746323","birthDate":"1991-01-31","autoorders":{"items":[{"recurrence":{"schedule":{"month":"*","dayOfMonth":"5"},"status":"Enabled"},"lines":{"items":[{"item":{"href":"https://hydraqa.unicity.net/v5a-test/items?id.unicity=26580"},"quantity":1}]},"shipToName":{"firstName":"TestFirstName","lastName":"TestLastName"},"shipToPhone":"9823746323","shipToEmail":"OHBEWC@gmail.com","shipToAddress":{"city":"OREM","country":"US","state":"UT","address1":"1209 N 800 E","address2":"","zip":"84097"},"shippingMethod":{"href":"https://hydraqa.unicity.net/v5a-test/shippingmethods?type=NextDay"},"transactions":{"items":[{"amount":"this.terms.total","type":"AuthorizeAndCapture","method":"CreditCardAlias","methodDetails":{"alias":"this.customer.creditcardaliases[0].alias"}}]}}]},"coapplicant":{"type":"Spouse","details":{"humanName":{"firstName":"TestSpouseName","lastName":""}}},"rights":[],"signature":{"value":"TestSignature"},"taxTerms":{"taxId":"564105724","taxIdExpires":"2025-12-30"}},"lines":{"items":[{"item":{"href":"https://hydraqa.unicity.net/v5a-test/items?id.unicity=31440"},"quantity":1},{"item":{"href":"https://hydraqa.unicity.net/v5a-test/items?id.unicity=31518"},"quantity":1},{"item":{"href":"https://hydraqa.unicity.net/v5a-test/items?id.unicity=31651"},"quantity":1},{"item":{"href":"https://hydraqa.unicity.net/v5a-test/items?id.unicity=31655"},"quantity":1},{"item":{"href":"https://hydraqa.unicity.net/v5a-test/items?id.unicity=31751"},"quantity":1},{"item":{"href":"https://hydraqa.unicity.net/v5a-test/items?id.unicity=31858"},"quantity":1},{"item":{"href":"https://hydraqa.unicity.net/v5a-test/items?id.unicity=31859"},"quantity":1}]},"shipToName":{"firstName":"TestFirstName","lastName":"TestLastName"},"shipToPhone":"9823746323","shipToEmail":"OHBEWC@gmail.com","shipToAddress":{"city":"OREM","country":"US","state":"UT","address1":"1209 N 800 E","address2":"","zip":"84097"},"shippingMethod":{"href":"https://hydraqa.unicity.net/v5a-test/shippingmethods?type=NextDay"},"notes":"","transactions":{"items":[{"amount":"this.terms.total","type":"AuthorizeAndCapture","method":"CreditCard","methodDetails":{"creditCardNumber":"4111111111111111","payer":"CCNameTest","creditCardExpires":"2020-10","creditCardSecurityCode":"123"},"billToAddress":{"address1":"Address 1","address2":"Address 2","city":"TestCity","state":"HI","zip":"","country":"BS"}}]}}
Entry response : {"meta":{"Link":"<http:\/\/unicity.github.io\/Hydra.php\/docs\/v5\/>; rel=\"help\"","X-Request-UUID":"483f51d7-26f6-4621-937a-db1a0e13438d","X-Request-Release":"5-2020012701\/master","Cache-Control":"no-cache, must-revalidate","Expires":"0","X-Powered-By":"Luracast Restler v3.0.0rc5","Content-Type":"text\/javascript; charset=utf-8","Content-Language":"en","X-Status-Code":"201"},"data":{"market":"US","notes":"","shippingMethod":{"href":"https:\/\/hydraqa.unicity.net\/v5a-test\/shippingmethods?type=NextDay","location":"","type":"NextDay"},"shipToAddress":{"country":"US","state":"UT","city":"OREM","zip":"84097","address1":"1209 N 800 E","address2":""},"shipToEmail":"OHBEWC@gmail.com","shipToName":{"firstName":"TestFirstName","lastName":"TestLastName"},"shipToPhone":"9823746323","shipToTime":"","source":null,"type":null,"lines":{"items":[{"quantity":1,"item":{"href":"https:\/\/hydraqa.unicity.net\/v5a-test\/items?id.unicity=31440","id":{"unicity":"31440"}}},{"quantity":1,"item":{"href":"https:\/\/hydraqa.unicity.net\/v5a-test\/items?id.unicity=31518","id":{"unicity":"31518"}}},{"quantity":1,"item":{"href":"https:\/\/hydraqa.unicity.net\/v5a-test\/items?id.unicity=31651","id":{"unicity":"31651"}}},{"quantity":1,"item":{"href":"https:\/\/hydraqa.unicity.net\/v5a-test\/items?id.unicity=31655","id":{"unicity":"31655"}}},{"quantity":1,"item":{"href":"https:\/\/hydraqa.unicity.net\/v5a-test\/items?id.unicity=31751","id":{"unicity":"31751"}}},{"quantity":1,"item":{"href":"https:\/\/hydraqa.unicity.net\/v5a-test\/items?id.unicity=31858","id":{"unicity":"31858"}}},{"quantity":1,"item":{"href":"https:\/\/hydraqa.unicity.net\/v5a-test\/items?id.unicity=31859","id":{"unicity":"31859"}}}]},"transactions":{"items":[{"amount":710.82,"billToAddress":{"address1":"Address 1","address2":"Address 2","city":"TestCity","state":"HI","zip":"","country":"BS"},"billToEmail":null,"installments":null,"method":"CreditCard","methodDetails":{"creditCardExpires":"2020-10","creditCardNumber":"411111xxxxxx1111","creditCardSecurityCode":"123","payer":"CCNameTest","payerId":null},"type":"AuthorizeAndCapture"}]},"terms":{"discount":{"amount":40},"pretotal":710.82,"tax":{"amount":22.93},"freight":{"amount":53.89},"subtotal":674,"taxableTotal":687.89,"total":710.82,"pv":417},"currency":"USD","dateCreated":"2020-01-27T16:50:27-07:00","customer":{"humanName":{"firstName":"TestFirstName","lastName":"TestLastName"},"mainAddress":{"city":"OREM","country":"US","state":"UT","zip":"84097","address1":"1209 N 800 E","address2":""},"type":"Associate","email":"OHBEWC@gmail.com","taxTerms":{"exemption":null,"taxId":"564105724","taxIdExpires":"2025-12-30"},"signature":{"value":"TestSignature"},"gender":"female","password":{"value":"Unicity"},"enroller":{"href":"https:\/\/hydraqa.unicity.net\/v5a-test\/customers\/f0cbfab7062ed827a4e700264e473f1d","id":{"unicity":2},"humanName":{"fullName":"Program, Referral"},"email":"danw@infotraxsys.com"},"sponsor":{"href":"https:\/\/hydraqa.unicity.net\/v5a-test\/customers\/f0cbfab7062ed827a4e700264e473f1d","id":{"unicity":2},"humanName":{"fullName":"Program, Referral"},"email":"danw@infotraxsys.com"},"birthDate":"1991-01-31","homePhone":"9823746323","preferredLocale":"en-BS","maritalStatus":"Single","coapplicant":{"details":{"humanName":{"firstName":"TestSpouseName","lastName":""}},"type":"Spouse"},"autoorders":{"items":[{"id":{"unicity":"64217"}}]},"rights":[],"status":"Active","id":{"unicity":"8202208"},"href":"https:\/\/hydraqa.unicity.net\/v5a-test\/customers\/b5d01592580fb8746d995be1fe09fec2","token":"d10f919c-b49d-4897-9042-a425a39a46ec"},"added_transactions":{"items":[]},"taxedAs":"service","id":{"unicity":"1643181"},"href":"https:\/\/hydraqa.unicity.net\/v5a-test\/orders\/bc19fb088577e775ff8b0f3bfab34618"}}
Headers-->keep-alive
Headers-->3219
Headers-->application/json, text/plain, */*
Headers-->http://enroll.ng.unicityqa.com
Headers-->en-BS
]]></system-out>
    <system-err><![CDATA[Starting ChromeDriver 2.36.540470 (e522d04694c7ebea4ba8821272dbef4f9b818c91) on port 5860
Only local connections are allowed.
Jan 27, 2020 4:45:46 PM org.openqa.selenium.remote.ProtocolHandshake createSession
INFO: Detected dialect: OSS
]]></system-err>
  </testcase>
  <testcase name="Enroll" classname="Tests.FranchisePartner" time="303.039"/>
  <testcase name="Enroll" classname="Tests.FranchisePartner" time="320.831"/>
  <testcase name="Enroll" classname="Tests.FranchisePartner" time="320.424"/>
  <testcase name="Enroll" classname="Tests.FranchisePartner" time="177.445">
    <failure message="Major AR Total Price is Wrong expected [288.4] but found [294.4]" type="java.lang.AssertionError">java.lang.AssertionError: Major AR Total Price is Wrong expected [288.4] but found [294.4]
	at Tests.FranchisePartner.Enroll(FranchisePartner.java:265)
</failure>
    <system-out><![CDATA[Request URL: https://hydraqa.unicity.net/v5a-test/quotes?&expand=item
Entry Quotes response : {"items":[{"currency":"CAD","lines":{"items":[{"item":{"href":"https:\/\/hydraqa.unicity.net\/v5a-test\/items\/fe97499574f54ccd16daec7361208411","id":{"unicity":"26570"}},"terms":{"priceEach":"23.0000","pvEach":"13.0000"},"quantity":1}]}},{"currency":"CAD","lines":{"items":[{"item":{"href":"https:\/\/hydraqa.unicity.net\/v5a-test\/items\/9666510b53026f2d730c43746482be9c","id":{"unicity":"31849"}},"terms":{"priceEach":"182.0000","pvEach":"100.0000"},"quantity":1}]}},{"currency":"CAD","lines":{"items":[{"item":{"href":"https:\/\/hydraqa.unicity.net\/v5a-test\/items\/42d7ab6b9834716f6ebdd66f1a86d7b1","id":{"unicity":"30980"}},"terms":{"priceEach":"20.0000","pvEach":"8.0000"},"quantity":1}]}},{"currency":"CAD","lines":{"items":[{"item":{"href":"https:\/\/hydraqa.unicity.net\/v5a-test\/items\/f847ce37f5942a226f74e671c86709f8","id":{"unicity":"28787"}},"terms":{"priceEach":"33.0000","pvEach":"17.0000"},"quantity":1}]}},{"currency":"CAD","lines":{"items":[{"item":{"href":"https:\/\/hydraqa.unicity.net\/v5a-test\/items\/0a1fb94492eea4f737d55332ef8479d5","id":{"unicity":"27589"}},"terms":{"priceEach":"1100.0000","pvEach":"250.0000"},"quantity":1}]}},{"currency":"CAD","lines":{"items":[{"item":{"href":"https:\/\/hydraqa.unicity.net\/v5a-test\/items\/581848fdf2bd6cdafbedf9735f46eb17","id":{"unicity":"27182"}},"terms":{"priceEach":"1755.0000","pvEach":"1000.0000"},"quantity":1}]}},{"currency":"CAD","lines":{"items":[{"item":{"href":"https:\/\/hydraqa.unicity.net\/v5a-test\/items\/5e53a07a3c37f90fa4fbb21b19b06cac","id":{"unicity":"27184"}},"terms":{"priceEach":"1755.0000","pvEach":"1000.0000"},"quantity":1}]}},{"currency":"CAD","lines":{"items":[{"item":{"href":"https:\/\/hydraqa.unicity.net\/v5a-test\/items\/1945faa1776541d53120ecfe3c1d8a2b","id":{"unicity":"24418"}},"terms":{"priceEach":"5.0000","pvEach":"0.0000"},"quantity":1}]}},{"currency":"CAD","lines":{"items":[{"item":{"href":"https:\/\/hydraqa.unicity.net\/v5a-test\/items\/828f9b5bdbceaa7cd3ca6a4532632635","id":{"unicity":"19356"}},"terms":{"priceEach":"36.0000","pvEach":"21.0000"},"quantity":1}]}},{"currency":"CAD","lines":{"items":[{"item":{"href":"https:\/\/hydraqa.unicity.net\/v5a-test\/items\/1b0412bea8c0b841c66f65a36aa14108","id":{"unicity":"29191"}},"terms":{"priceEach":"83.0000","pvEach":"36.0000"},"quantity":1}]}},{"currency":"CAD","lines":{"items":[{"item":{"href":"https:\/\/hydraqa.unicity.net\/v5a-test\/items\/cb1cb2d293cc48affee9b2026c31313a","id":{"unicity":"28928"}},"terms":{"priceEach":"41.0000","pvEach":"13.0000"},"quantity":1}]}},{"currency":"CAD","lines":{"items":[{"item":{"href":"https:\/\/hydraqa.unicity.net\/v5a-test\/items\/2ffc1563d3d0fd7121ca5b1c2184988e","id":{"unicity":"28428"}},"terms":{"priceEach":"97.0000","pvEach":"62.0000"},"quantity":1}]}},{"currency":"CAD","lines":{"items":[{"item":{"href":"https:\/\/hydraqa.unicity.net\/v5a-test\/items\/637af131553f5822bef2bb0f0577b2e9","id":{"unicity":"28160"}},"terms":{"priceEach":"103.0000","pvEach":"62.0000"},"quantity":1}]}},{"currency":"CAD","lines":{"items":[{"item":{"href":"https:\/\/hydraqa.unicity.net\/v5a-test\/items\/6e0e7450f45cb9412e5b4642dd1469cb","id":{"unicity":"26579"}},"terms":{"priceEach":"21.0000","pvEach":"13.0000"},"quantity":1}]}},{"currency":"CAD","lines":{"items":[{"item":{"href":"https:\/\/hydraqa.unicity.net\/v5a-test\/items\/25903b9f5822fe7addc90c0561021374","id":{"unicity":"30136"}},"terms":{"priceEach":"293.0000","pvEach":"133.0000"},"quantity":1}]}},{"currency":"CAD","lines":{"items":[{"item":{"href":"https:\/\/hydraqa.unicity.net\/v5a-test\/items\/6b12c1e4bef067dceb5ac0ed8c54420d","id":{"unicity":"28096"}},"terms":{"priceEach":"23.0000","pvEach":"10.0000"},"quantity":1}]}},{"currency":"CAD","lines":{"items":[{"item":{"href":"https:\/\/hydraqa.unicity.net\/v5a-test\/items\/cfc721c9fb00317ed614492f65f21460","id":{"unicity":"31288"}},"terms":{"priceEach":"51.0000","pvEach":"30.0000"},"quantity":1}]}},{"currency":"CAD","lines":{"items":[{"item":{"href":"https:\/\/hydraqa.unicity.net\/v5a-test\/items\/dd619e405d660b27ccf73ce78079e1d9","id":{"unicity":"28325"}},"terms":{"priceEach":"1755.0000","pvEach":"1000.0000"},"quantity":1}]}},{"currency":"CAD","lines":{"items":[{"item":{"href":"https:\/\/hydraqa.unicity.net\/v5a-test\/items\/1785a19a6bf5472c7c1ded08cb7fd083","id":{"unicity":"28326"}},"terms":{"priceEach":"1755.0000","pvEach":"1000.0000"},"quantity":1}]}},{"currency":"CAD","lines":{"items":[{"item":{"href":"https:\/\/hydraqa.unicity.net\/v5a-test\/items\/351c19047c5c800d2db6963b3af5df78","id":{"unicity":"27080"}},"terms":{"priceEach":"58.0000","pvEach":"35.0000"},"quantity":1}]}},{"currency":"CAD","lines":{"items":[{"item":{"href":"https:\/\/hydraqa.unicity.net\/v5a-test\/items\/4b1b6b6007d154296fd6c4044c789f67","id":{"unicity":"28329"}},"terms":{"priceEach":"250.0000","pvEach":"150.0000"},"quantity":1}]}},{"currency":"CAD","lines":{"items":[{"item":{"href":"https:\/\/hydraqa.unicity.net\/v5a-test\/items\/bb1a7c3a2902e2cbc4cb2a22fdf1f499","id":{"unicity":"26993"}},"terms":{"priceEach":"250.0000","pvEach":"150.0000"},"quantity":1}]}},{"currency":"CAD","lines":{"items":[{"item":{"href":"https:\/\/hydraqa.unicity.net\/v5a-test\/items\/ae14f4659032c9e8591a7ac76abd1ad5","id":{"unicity":"26569"}},"terms":{"priceEach":"44.0000","pvEach":"30.0000"},"quantity":1}]}},{"currency":"CAD","lines":{"items":[{"item":{"href":"https:\/\/hydraqa.unicity.net\/v5a-test\/items\/702718a42df24a0c9435af2fdc464748","id":{"unicity":"27400"}},"terms":{"priceEach":"46.0000","pvEach":"30.0000"},"quantity":1}]}},{"currency":"CAD","lines":{"items":[{"item":{"href":"https:\/\/hydraqa.unicity.net\/v5a-test\/items\/8407b62b9c4120aa3dfe25c9feb76e4a","id":{"unicity":"28591"}},"terms":{"priceEach":"21.0000","pvEach":"15.0000"},"quantity":1}]}},{"currency":"CAD","lines":{"items":[{"item":{"href":"https:\/\/hydraqa.unicity.net\/v5a-test\/items\/991cdbb84a495779eb209fb3956a77e4","id":{"unicity":"29183"}},"terms":{"priceEach":"55.0000","pvEach":"24.0000"},"quantity":1}]}},{"currency":"CAD","lines":{"items":[{"item":{"href":"https:\/\/hydraqa.unicity.net\/v5a-test\/items\/c4744f6ba328b983bfffc7e1e4416ff3","id":{"unicity":"26565"}},"terms":{"priceEach":"102.0000","pvEach":"64.0000"},"quantity":1}]}},{"currency":"CAD","lines":{"items":[{"item":{"href":"https:\/\/hydraqa.unicity.net\/v5a-test\/items\/10da226fab00279b4f89df10af2a10b7","id":{"unicity":"26442"}},"terms":{"priceEach":"9.0000","pvEach":"0.0000"},"quantity":1}]}},{"currency":"CAD","lines":{"items":[{"item":{"href":"https:\/\/hydraqa.unicity.net\/v5a-test\/items\/576e0ebc8d1f5b26fc89bf3cd47a26c6","id":{"unicity":"26572"}},"terms":{"priceEach":"96.0000","pvEach":"56.0000"},"quantity":1}]}},{"currency":"CAD","lines":{"items":[{"item":{"href":"https:\/\/hydraqa.unicity.net\/v5a-test\/items\/60b5ca15c481444657970edde11b04ce","id":{"unicity":"26571"}},"terms":{"priceEach":"96.0000","pvEach":"56.0000"},"quantity":1}]}},{"currency":"CAD","lines":{"items":[{"item":{"href":"https:\/\/hydraqa.unicity.net\/v5a-test\/items\/e77144fa2fcf6a4dc73c15b4d615c1aa","id":{"unicity":"28437"}},"terms":{"priceEach":"74.0000","pvEach":"33.0000"},"quantity":1}]}},{"currency":"CAD","lines":{"items":[{"item":{"href":"https:\/\/hydraqa.unicity.net\/v5a-test\/items\/b24413d1812bb9c95ba6ff7e26bad8ff","id":{"unicity":"26566"}},"terms":{"priceEach":"47.0000","pvEach":"32.0000"},"quantity":1}]}},{"currency":"CAD","lines":{"items":[{"item":{"href":"https:\/\/hydraqa.unicity.net\/v5a-test\/items\/46ea1edabdcf18f49817c437346958eb","id":{"unicity":"29147"}},"terms":{"priceEach":"74.0000","pvEach":"33.0000"},"quantity":1}]}},{"currency":"CAD","lines":{"items":[{"item":{"href":"https:\/\/hydraqa.unicity.net\/v5a-test\/items\/3ddd31ddbe0e5807756d2488e7cc3602","id":{"unicity":"31440"}},"terms":{"priceEach":"40.0000","pvEach":"0.0000"},"quantity":1}]}},{"currency":"CAD","lines":{"items":[{"item":{"href":"https:\/\/hydraqa.unicity.net\/v5a-test\/items\/5990c3ea5f48eb212ab30fd557f75397","id":{"unicity":"31442"}},"terms":{"priceEach":"40.0000","pvEach":"0.0000"},"quantity":1}]}},{"currency":"CAD","lines":{"items":[{"item":{"href":"https:\/\/hydraqa.unicity.net\/v5a-test\/items\/91a6016282310b83203d0bb7bea14a0f","id":{"unicity":"29050"}},"terms":{"priceEach":"13.0000","pvEach":"0.0000"},"quantity":1}]}},{"currency":"CAD","lines":{"items":[{"item":{"href":"https:\/\/hydraqa.unicity.net\/v5a-test\/items\/5c430db0256426c4b730bc6994a94a02","id":{"unicity":"31773"}},"terms":{"priceEach":"30.0000","pvEach":"13.0000"},"quantity":1}]}},{"currency":"CAD","lines":{"items":[{"item":{"href":"https:\/\/hydraqa.unicity.net\/v5a-test\/items\/e84750c27b2b9f10e6b4d2ab5a1954ba","id":{"unicity":"30115"}},"terms":{"priceEach":"110.0000","pvEach":"56.0000"},"quantity":1}]}},{"currency":"CAD","lines":{"items":[{"item":{"href":"https:\/\/hydraqa.unicity.net\/v5a-test\/items\/a40ede5f6847ec094ad8a38616ced7d0","id":{"unicity":"28100"}},"terms":{"priceEach":"40.0000","pvEach":"25.0000"},"quantity":1}]}}]}
Entry request : {"order":{"customer":{"href":"https://hydraqa.unicity.net/v5a-test/customers?type=Associate"},"shipToAddress":{"country":"CA"}},"vary":{"lines":{"items":[{"item":{"href":"https://hydraqa.unicity.net/v5a-test/items?id.unicity=26993|31440|31442|27182|27184|28325|28327|26994|26995|26996|28330|28331|28332|26572|27400|24418|29147|28437|28591|26580|26442|28370|28096|26571|29050|28326|28328|28329|28428|28160|26574|26565|26570|26569|27589|27080|13668|28787|26566|26579|19356|28928|20436|28100|28845|29183|29185|29191|30115|30980|31110|31773|31288|32152|30136|31849"}}]}}}
Request URL: https://hydraqa.unicity.net/v5a-test/customers.js?callback=angular.callbacks._1&expand=customer,profilePicture&id.unicity=36554001
Request URL: https://hydraqa.unicity.net/v5a-test/customers.js?_httpMethod=HEAD&callback=angular.callbacks._7&email=WYGFWK@gmail.com
Request URL: https://hydraqa.unicity.net/v5a-test/shippingmethods.js?callback=angular.callbacks._a&destination=CA&market=CA
Request URL: https://hydraqa.unicity.net/v5a-test/addresses?country=CA&zip=B4V2K4
Entry response : {"items":[{"city":"Bridgewater","state":"NS"}]}
]]></system-out>
    <system-err><![CDATA[Starting ChromeDriver 2.36.540470 (e522d04694c7ebea4ba8821272dbef4f9b818c91) on port 44514
Only local connections are allowed.
Jan 27, 2020 5:07:05 PM org.openqa.selenium.remote.ProtocolHandshake createSession
INFO: Detected dialect: OSS
]]></system-err>
  </testcase>
  <testcase name="Enroll" classname="Tests.FranchisePartner" time="177.405">
    <failure message="Major AR Total Price is Wrong expected [288.4] but found [294.4]" type="java.lang.AssertionError">java.lang.AssertionError: Major AR Total Price is Wrong expected [288.4] but found [294.4]
	at Tests.FranchisePartner.Enroll(FranchisePartner.java:265)
</failure>
    <system-out><![CDATA[Request URL: https://hydraqa.unicity.net/v5a-test/quotes?&expand=item
Entry Quotes response : {"items":[{"currency":"CAD","lines":{"items":[{"item":{"href":"https:\/\/hydraqa.unicity.net\/v5a-test\/items\/fe97499574f54ccd16daec7361208411","id":{"unicity":"26570"}},"terms":{"priceEach":"23.0000","pvEach":"13.0000"},"quantity":1}]}},{"currency":"CAD","lines":{"items":[{"item":{"href":"https:\/\/hydraqa.unicity.net\/v5a-test\/items\/9666510b53026f2d730c43746482be9c","id":{"unicity":"31849"}},"terms":{"priceEach":"182.0000","pvEach":"100.0000"},"quantity":1}]}},{"currency":"CAD","lines":{"items":[{"item":{"href":"https:\/\/hydraqa.unicity.net\/v5a-test\/items\/42d7ab6b9834716f6ebdd66f1a86d7b1","id":{"unicity":"30980"}},"terms":{"priceEach":"20.0000","pvEach":"8.0000"},"quantity":1}]}},{"currency":"CAD","lines":{"items":[{"item":{"href":"https:\/\/hydraqa.unicity.net\/v5a-test\/items\/f847ce37f5942a226f74e671c86709f8","id":{"unicity":"28787"}},"terms":{"priceEach":"33.0000","pvEach":"17.0000"},"quantity":1}]}},{"currency":"CAD","lines":{"items":[{"item":{"href":"https:\/\/hydraqa.unicity.net\/v5a-test\/items\/0a1fb94492eea4f737d55332ef8479d5","id":{"unicity":"27589"}},"terms":{"priceEach":"1100.0000","pvEach":"250.0000"},"quantity":1}]}},{"currency":"CAD","lines":{"items":[{"item":{"href":"https:\/\/hydraqa.unicity.net\/v5a-test\/items\/581848fdf2bd6cdafbedf9735f46eb17","id":{"unicity":"27182"}},"terms":{"priceEach":"1755.0000","pvEach":"1000.0000"},"quantity":1}]}},{"currency":"CAD","lines":{"items":[{"item":{"href":"https:\/\/hydraqa.unicity.net\/v5a-test\/items\/5e53a07a3c37f90fa4fbb21b19b06cac","id":{"unicity":"27184"}},"terms":{"priceEach":"1755.0000","pvEach":"1000.0000"},"quantity":1}]}},{"currency":"CAD","lines":{"items":[{"item":{"href":"https:\/\/hydraqa.unicity.net\/v5a-test\/items\/1945faa1776541d53120ecfe3c1d8a2b","id":{"unicity":"24418"}},"terms":{"priceEach":"5.0000","pvEach":"0.0000"},"quantity":1}]}},{"currency":"CAD","lines":{"items":[{"item":{"href":"https:\/\/hydraqa.unicity.net\/v5a-test\/items\/828f9b5bdbceaa7cd3ca6a4532632635","id":{"unicity":"19356"}},"terms":{"priceEach":"36.0000","pvEach":"21.0000"},"quantity":1}]}},{"currency":"CAD","lines":{"items":[{"item":{"href":"https:\/\/hydraqa.unicity.net\/v5a-test\/items\/1b0412bea8c0b841c66f65a36aa14108","id":{"unicity":"29191"}},"terms":{"priceEach":"83.0000","pvEach":"36.0000"},"quantity":1}]}},{"currency":"CAD","lines":{"items":[{"item":{"href":"https:\/\/hydraqa.unicity.net\/v5a-test\/items\/cb1cb2d293cc48affee9b2026c31313a","id":{"unicity":"28928"}},"terms":{"priceEach":"41.0000","pvEach":"13.0000"},"quantity":1}]}},{"currency":"CAD","lines":{"items":[{"item":{"href":"https:\/\/hydraqa.unicity.net\/v5a-test\/items\/2ffc1563d3d0fd7121ca5b1c2184988e","id":{"unicity":"28428"}},"terms":{"priceEach":"97.0000","pvEach":"62.0000"},"quantity":1}]}},{"currency":"CAD","lines":{"items":[{"item":{"href":"https:\/\/hydraqa.unicity.net\/v5a-test\/items\/637af131553f5822bef2bb0f0577b2e9","id":{"unicity":"28160"}},"terms":{"priceEach":"103.0000","pvEach":"62.0000"},"quantity":1}]}},{"currency":"CAD","lines":{"items":[{"item":{"href":"https:\/\/hydraqa.unicity.net\/v5a-test\/items\/6e0e7450f45cb9412e5b4642dd1469cb","id":{"unicity":"26579"}},"terms":{"priceEach":"21.0000","pvEach":"13.0000"},"quantity":1}]}},{"currency":"CAD","lines":{"items":[{"item":{"href":"https:\/\/hydraqa.unicity.net\/v5a-test\/items\/25903b9f5822fe7addc90c0561021374","id":{"unicity":"30136"}},"terms":{"priceEach":"293.0000","pvEach":"133.0000"},"quantity":1}]}},{"currency":"CAD","lines":{"items":[{"item":{"href":"https:\/\/hydraqa.unicity.net\/v5a-test\/items\/6b12c1e4bef067dceb5ac0ed8c54420d","id":{"unicity":"28096"}},"terms":{"priceEach":"23.0000","pvEach":"10.0000"},"quantity":1}]}},{"currency":"CAD","lines":{"items":[{"item":{"href":"https:\/\/hydraqa.unicity.net\/v5a-test\/items\/cfc721c9fb00317ed614492f65f21460","id":{"unicity":"31288"}},"terms":{"priceEach":"51.0000","pvEach":"30.0000"},"quantity":1}]}},{"currency":"CAD","lines":{"items":[{"item":{"href":"https:\/\/hydraqa.unicity.net\/v5a-test\/items\/dd619e405d660b27ccf73ce78079e1d9","id":{"unicity":"28325"}},"terms":{"priceEach":"1755.0000","pvEach":"1000.0000"},"quantity":1}]}},{"currency":"CAD","lines":{"items":[{"item":{"href":"https:\/\/hydraqa.unicity.net\/v5a-test\/items\/1785a19a6bf5472c7c1ded08cb7fd083","id":{"unicity":"28326"}},"terms":{"priceEach":"1755.0000","pvEach":"1000.0000"},"quantity":1}]}},{"currency":"CAD","lines":{"items":[{"item":{"href":"https:\/\/hydraqa.unicity.net\/v5a-test\/items\/351c19047c5c800d2db6963b3af5df78","id":{"unicity":"27080"}},"terms":{"priceEach":"58.0000","pvEach":"35.0000"},"quantity":1}]}},{"currency":"CAD","lines":{"items":[{"item":{"href":"https:\/\/hydraqa.unicity.net\/v5a-test\/items\/4b1b6b6007d154296fd6c4044c789f67","id":{"unicity":"28329"}},"terms":{"priceEach":"250.0000","pvEach":"150.0000"},"quantity":1}]}},{"currency":"CAD","lines":{"items":[{"item":{"href":"https:\/\/hydraqa.unicity.net\/v5a-test\/items\/bb1a7c3a2902e2cbc4cb2a22fdf1f499","id":{"unicity":"26993"}},"terms":{"priceEach":"250.0000","pvEach":"150.0000"},"quantity":1}]}},{"currency":"CAD","lines":{"items":[{"item":{"href":"https:\/\/hydraqa.unicity.net\/v5a-test\/items\/ae14f4659032c9e8591a7ac76abd1ad5","id":{"unicity":"26569"}},"terms":{"priceEach":"44.0000","pvEach":"30.0000"},"quantity":1}]}},{"currency":"CAD","lines":{"items":[{"item":{"href":"https:\/\/hydraqa.unicity.net\/v5a-test\/items\/702718a42df24a0c9435af2fdc464748","id":{"unicity":"27400"}},"terms":{"priceEach":"46.0000","pvEach":"30.0000"},"quantity":1}]}},{"currency":"CAD","lines":{"items":[{"item":{"href":"https:\/\/hydraqa.unicity.net\/v5a-test\/items\/8407b62b9c4120aa3dfe25c9feb76e4a","id":{"unicity":"28591"}},"terms":{"priceEach":"21.0000","pvEach":"15.0000"},"quantity":1}]}},{"currency":"CAD","lines":{"items":[{"item":{"href":"https:\/\/hydraqa.unicity.net\/v5a-test\/items\/991cdbb84a495779eb209fb3956a77e4","id":{"unicity":"29183"}},"terms":{"priceEach":"55.0000","pvEach":"24.0000"},"quantity":1}]}},{"currency":"CAD","lines":{"items":[{"item":{"href":"https:\/\/hydraqa.unicity.net\/v5a-test\/items\/c4744f6ba328b983bfffc7e1e4416ff3","id":{"unicity":"26565"}},"terms":{"priceEach":"102.0000","pvEach":"64.0000"},"quantity":1}]}},{"currency":"CAD","lines":{"items":[{"item":{"href":"https:\/\/hydraqa.unicity.net\/v5a-test\/items\/10da226fab00279b4f89df10af2a10b7","id":{"unicity":"26442"}},"terms":{"priceEach":"9.0000","pvEach":"0.0000"},"quantity":1}]}},{"currency":"CAD","lines":{"items":[{"item":{"href":"https:\/\/hydraqa.unicity.net\/v5a-test\/items\/576e0ebc8d1f5b26fc89bf3cd47a26c6","id":{"unicity":"26572"}},"terms":{"priceEach":"96.0000","pvEach":"56.0000"},"quantity":1}]}},{"currency":"CAD","lines":{"items":[{"item":{"href":"https:\/\/hydraqa.unicity.net\/v5a-test\/items\/60b5ca15c481444657970edde11b04ce","id":{"unicity":"26571"}},"terms":{"priceEach":"96.0000","pvEach":"56.0000"},"quantity":1}]}},{"currency":"CAD","lines":{"items":[{"item":{"href":"https:\/\/hydraqa.unicity.net\/v5a-test\/items\/e77144fa2fcf6a4dc73c15b4d615c1aa","id":{"unicity":"28437"}},"terms":{"priceEach":"74.0000","pvEach":"33.0000"},"quantity":1}]}},{"currency":"CAD","lines":{"items":[{"item":{"href":"https:\/\/hydraqa.unicity.net\/v5a-test\/items\/b24413d1812bb9c95ba6ff7e26bad8ff","id":{"unicity":"26566"}},"terms":{"priceEach":"47.0000","pvEach":"32.0000"},"quantity":1}]}},{"currency":"CAD","lines":{"items":[{"item":{"href":"https:\/\/hydraqa.unicity.net\/v5a-test\/items\/46ea1edabdcf18f49817c437346958eb","id":{"unicity":"29147"}},"terms":{"priceEach":"74.0000","pvEach":"33.0000"},"quantity":1}]}},{"currency":"CAD","lines":{"items":[{"item":{"href":"https:\/\/hydraqa.unicity.net\/v5a-test\/items\/3ddd31ddbe0e5807756d2488e7cc3602","id":{"unicity":"31440"}},"terms":{"priceEach":"40.0000","pvEach":"0.0000"},"quantity":1}]}},{"currency":"CAD","lines":{"items":[{"item":{"href":"https:\/\/hydraqa.unicity.net\/v5a-test\/items\/5990c3ea5f48eb212ab30fd557f75397","id":{"unicity":"31442"}},"terms":{"priceEach":"40.0000","pvEach":"0.0000"},"quantity":1}]}},{"currency":"CAD","lines":{"items":[{"item":{"href":"https:\/\/hydraqa.unicity.net\/v5a-test\/items\/91a6016282310b83203d0bb7bea14a0f","id":{"unicity":"29050"}},"terms":{"priceEach":"13.0000","pvEach":"0.0000"},"quantity":1}]}},{"currency":"CAD","lines":{"items":[{"item":{"href":"https:\/\/hydraqa.unicity.net\/v5a-test\/items\/5c430db0256426c4b730bc6994a94a02","id":{"unicity":"31773"}},"terms":{"priceEach":"30.0000","pvEach":"13.0000"},"quantity":1}]}},{"currency":"CAD","lines":{"items":[{"item":{"href":"https:\/\/hydraqa.unicity.net\/v5a-test\/items\/e84750c27b2b9f10e6b4d2ab5a1954ba","id":{"unicity":"30115"}},"terms":{"priceEach":"110.0000","pvEach":"56.0000"},"quantity":1}]}},{"currency":"CAD","lines":{"items":[{"item":{"href":"https:\/\/hydraqa.unicity.net\/v5a-test\/items\/a40ede5f6847ec094ad8a38616ced7d0","id":{"unicity":"28100"}},"terms":{"priceEach":"40.0000","pvEach":"25.0000"},"quantity":1}]}}]}
Entry request : {"order":{"customer":{"href":"https://hydraqa.unicity.net/v5a-test/customers?type=Associate"},"shipToAddress":{"country":"CA"}},"vary":{"lines":{"items":[{"item":{"href":"https://hydraqa.unicity.net/v5a-test/items?id.unicity=26993|31440|31442|27182|27184|28325|28327|26994|26995|26996|28330|28331|28332|26572|27400|24418|29147|28437|28591|26580|26442|28370|28096|26571|29050|28326|28328|28329|28428|28160|26574|26565|26570|26569|27589|27080|13668|28787|26566|26579|19356|28928|20436|28100|28845|29183|29185|29191|30115|30980|31110|31773|31288|32152|30136|31849"}}]}}}
Request URL: https://hydraqa.unicity.net/v5a-test/customers.js?callback=angular.callbacks._1&expand=customer,profilePicture&id.unicity=36554001
Request URL: https://hydraqa.unicity.net/v5a-test/customers.js?_httpMethod=HEAD&callback=angular.callbacks._7&email=ELUICL@gmail.com
Request URL: https://hydraqa.unicity.net/v5a-test/shippingmethods.js?callback=angular.callbacks._a&destination=CA&market=CA
Request URL: https://hydraqa.unicity.net/v5a-test/addresses?country=CA&zip=B4V2K4
Entry response : {"items":[{"city":"Bridgewater","state":"NS"}]}
]]></system-out>
    <system-err><![CDATA[Starting ChromeDriver 2.36.540470 (e522d04694c7ebea4ba8821272dbef4f9b818c91) on port 1045
Only local connections are allowed.
Jan 27, 2020 5:10:09 PM org.openqa.selenium.remote.ProtocolHandshake createSession
INFO: Detected dialect: OSS
]]></system-err>
  </testcase>
  <testcase name="Enroll" classname="Tests.FranchisePartner" time="208.855">
    <failure message="Major zip code expected [null] but found []" type="java.lang.AssertionError">java.lang.AssertionError: Major zip code expected [null] but found []
	at Tests.FranchisePartner.Enroll(FranchisePartner.java:265)
</failure>
    <system-out><![CDATA[Request URL: https://hydraqa.unicity.net/v5a-test/customers.js?_httpMethod=HEAD&callback=angular.callbacks._8&email=BZKTVB@gmail.com
{sponsor=36554001, gender=female, city=TestCity, signature=TestSignature, cartprice=656.972, enroller=36554001, responsedob=1999-12-29, language=Español, locale=es, type=Associate, coapplicanttype=Spouse, platform=QA, lname=TestLastName, password=Unicity, genderoption=Femenino, Currency=USD, api=8, email=BZKTVB@gmail.com, coapplicant=TestSpouseName, fname=TestFirstName, prefferd=Colombia, address2=Address 2, address1=Address 1, shippingmethod=type=WillCall&location=Bogota, Recoger, version=v5a-test/, testcase=normal, market=Colombia, martial=Married, phone=9823746323, dob=29/12/1999, govid=865228853, proto=https://hydraqa.unicity.net/, marketcode=CO, maritaloption=Casado, ccname=CCNameTest}
Request URL: https://hydraqa.unicity.net/v5a-test/orders.js
Entry request : {"customer":{"mainAddress":{"city":"TestCity","country":"CO","state":"CAS","zip":"","address1":"Address 1","address2":"Address 2"},"humanName":{"firstName":"TestFirstName","lastName":"TestLastName"},"email":"BZKTVB@gmail.com","preferredLocale":"es-CO","password":{"value":"Unicity"},"gender":"female","maritalStatus":"Married","type":"Associate","sponsor":{"href":"https://hydraqa.unicity.net/v5a-test/customers?id.unicity=36554001"},"enroller":{"href":"https://hydraqa.unicity.net/v5a-test/customers?id.unicity=36554001"},"homePhone":"9823746323","birthDate":"1999-12-29","coapplicant":{"type":"Spouse","details":{"humanName":{"firstName":"TestSpouseName","lastName":""}}},"rights":[],"signature":{"value":"TestSignature"},"taxTerms":{"taxId":"865228853","taxIdExpires":"2025-12-30"}},"lines":{"items":[{"item":{"href":"https://hydraqa.unicity.net/v5a-test/items?id.unicity=28228"},"quantity":1},{"item":{"href":"https://hydraqa.unicity.net/v5a-test/items?id.unicity=31441"},"quantity":1},{"item":{"href":"https://hydraqa.unicity.net/v5a-test/items?id.unicity=32032"},"quantity":1}]},"shipToName":{"firstName":"TestFirstName","lastName":"TestLastName"},"shipToPhone":"9823746323","shipToEmail":"BZKTVB@gmail.com","shipToAddress":{"city":"TestCity","country":"CO","state":"CAS","address1":"Address 1","address2":"Address 2","zip":""},"shippingMethod":{"href":"https://hydraqa.unicity.net/v5a-test/shippingmethods?type=WillCall&location=Bogota, Recoger"},"notes":"","transactions":{"items":[{"amount":"this.terms.total","type":"AuthorizeAndCapture","method":"CreditCard","methodDetails":{"creditCardNumber":"4111111111111111","payer":"CCNameTest","creditCardExpires":"2020-10","creditCardSecurityCode":"123"}}]}}
Entry response : {"meta":{"Link":"<http:\/\/unicity.github.io\/Hydra.php\/docs\/v5\/>; rel=\"help\"","X-Request-UUID":"1bf3b9a4-aaa7-4a8e-969e-ba2e25ffc3da","X-Request-Release":"5-2020012701\/master","Cache-Control":"no-cache, must-revalidate","Expires":"0","X-Powered-By":"Luracast Restler v3.0.0rc5","Content-Type":"text\/javascript; charset=utf-8","Content-Language":"en","X-Status-Code":"402"},"data":{"error":{"code":402,"message":"Payment Required","error_code":"3009","error_message":"Could not authorize and capture credit card payment. Error#K9R9Y"}}}
Headers-->keep-alive
Headers-->1711
Headers-->application/json, text/plain, */*
Headers-->http://enroll.ng.unicityqa.com
Headers-->es-CO
]]></system-out>
    <system-err><![CDATA[Starting ChromeDriver 2.36.540470 (e522d04694c7ebea4ba8821272dbef4f9b818c91) on port 26520
Only local connections are allowed.
Jan 27, 2020 5:13:13 PM org.openqa.selenium.remote.ProtocolHandshake createSession
INFO: Detected dialect: OSS
]]></system-err>
  </testcase>
  <testcase name="Enroll" classname="Tests.FranchisePartner" time="312.949"/>
  <testcase name="Enroll" classname="Tests.FranchisePartner" time="311.849"/>
  <testcase name="Enroll" classname="Tests.FranchisePartner" time="321.669"/>
  <testcase name="Enroll" classname="Tests.FranchisePartner" time="189.882">
    <failure message="Major Quotes Call Packs is not Displaying: lists don&apos;t have the same size expected [68] but found [67]" type="java.lang.AssertionError">java.lang.AssertionError: Major Quotes Call Packs is not Displaying: lists don't have the same size expected [68] but found [67]
	at Tests.FranchisePartner.Enroll(FranchisePartner.java:262)
</failure>
    <system-out><![CDATA[Request URL: https://hydraqa.unicity.net/v5a-test/quotes?&expand=item
Entry Quotes response : {"items":[{"lines":{"items":[{"item":{"href":"https:\/\/hydraqa.unicity.net\/v5a-test\/items\/ce9cbecebbd583d0df582da5e1c57ce2","id":{"unicity":"26306"},"weightEach":{"value":0},"servingsPerContainer":0,"servingSize":0},"quantity":"1","terms":{"priceEach":"191","taxEach":{"amount":"10.51"},"discountEach":{"amount":"0"},"pvEach":"137"}}]},"currency":"EUR"},{"lines":{"items":[{"item":{"href":"https:\/\/hydraqa.unicity.net\/v5a-test\/items\/6b64d005f2f920d7e836dc232495dabe","id":{"unicity":"29904"},"weightEach":{"value":0},"servingsPerContainer":0,"servingSize":0},"quantity":"1","terms":{"priceEach":"183","taxEach":{"amount":"10.5"},"discountEach":{"amount":"0"},"pvEach":"129"}}]},"currency":"EUR"},{"lines":{"items":[{"item":{"href":"https:\/\/hydraqa.unicity.net\/v5a-test\/items\/6447f84f6ef7782049a369b983428bb7","id":{"unicity":"31336"},"weightEach":{"value":0},"servingsPerContainer":0,"servingSize":0},"quantity":"1","terms":{"priceEach":"224.21","taxEach":{"amount":"12.33"},"discountEach":{"amount":"0"},"pvEach":"165"}}]},"currency":"EUR"},{"lines":{"items":[{"item":{"href":"https:\/\/hydraqa.unicity.net\/v5a-test\/items\/31cb0679f65df8fa9a4fc3d7e38b72b3","id":{"unicity":"31763"},"weightEach":{"value":0},"servingsPerContainer":0,"servingSize":0},"quantity":"1","terms":{"priceEach":"243.3","taxEach":{"amount":"13.38"},"discountEach":{"amount":"0"},"pvEach":"181"}}]},"currency":"EUR"},{"lines":{"items":[{"item":{"href":"https:\/\/hydraqa.unicity.net\/v5a-test\/items\/e9991b48ac639367d526d2b9b22fac8c","id":{"unicity":"32128"},"weightEach":{"value":0},"servingsPerContainer":0,"servingSize":0},"quantity":"1","terms":{"priceEach":"371.87","taxEach":{"amount":"20.45"},"discountEach":{"amount":"0"},"pvEach":"253"}}]},"currency":"EUR"},{"lines":{"items":[{"item":{"href":"https:\/\/hydraqa.unicity.net\/v5a-test\/items\/40b3312de189221d96d838d33a8ec49d","id":{"unicity":"32129"},"weightEach":{"value":0},"servingsPerContainer":0,"servingSize":0},"quantity":"1","terms":{"priceEach":"371.87","taxEach":{"amount":"20.45"},"discountEach":{"amount":"0"},"pvEach":"254"}}]},"currency":"EUR"},{"lines":{"items":[{"item":{"href":"https:\/\/hydraqa.unicity.net\/v5a-test\/items\/6bd168a66ce41003a8f30917deff5808","id":{"unicity":"32130"},"weightEach":{"value":0},"servingsPerContainer":0,"servingSize":0},"quantity":"1","terms":{"priceEach":"363.46","taxEach":{"amount":"19.99"},"discountEach":{"amount":"0"},"pvEach":"252"}}]},"currency":"EUR"},{"lines":{"items":[{"item":{"href":"https:\/\/hydraqa.unicity.net\/v5a-test\/items\/806f99b793edd7cd0b1c158ba0eb3142","id":{"unicity":"32132"},"weightEach":{"value":0},"servingsPerContainer":0,"servingSize":0},"quantity":"1","terms":{"priceEach":"355.98","taxEach":{"amount":"19.58"},"discountEach":{"amount":"0"},"pvEach":"253"}}]},"currency":"EUR"},{"lines":{"items":[{"item":{"href":"https:\/\/hydraqa.unicity.net\/v5a-test\/items\/e3d382d99fde8659cb146b54116e7654","id":{"unicity":"32133"},"weightEach":{"value":0},"servingsPerContainer":0,"servingSize":0},"quantity":"1","terms":{"priceEach":"364.39","taxEach":{"amount":"20.04"},"discountEach":{"amount":"0"},"pvEach":"252"}}]},"currency":"EUR"},{"lines":{"items":[{"item":{"href":"https:\/\/hydraqa.unicity.net\/v5a-test\/items\/022f109fe6e5eae3e521295a5cb94c60","id":{"unicity":"32134"},"weightEach":{"value":0},"servingsPerContainer":0,"servingSize":0},"quantity":"1","terms":{"priceEach":"144.77","taxEach":{"amount":"7.96"},"discountEach":{"amount":"0"},"pvEach":"101"}}]},"currency":"EUR"},{"lines":{"items":[{"item":{"href":"https:\/\/hydraqa.unicity.net\/v5a-test\/items\/ded00960d5e948dd8e511a9c752e1ff9","id":{"unicity":"32135"},"weightEach":{"value":0},"servingsPerContainer":0,"servingSize":0},"quantity":"1","terms":{"priceEach":"154.11","taxEach":{"amount":"8.48"},"discountEach":{"amount":"0"},"pvEach":"113"}}]},"currency":"EUR"},{"lines":{"items":[{"item":{"href":"https:\/\/hydraqa.unicity.net\/v5a-test\/items\/d8736cc35cf9f4734fd76da71c53dc05","id":{"unicity":"32136"},"weightEach":{"value":0},"servingsPerContainer":0,"servingSize":0},"quantity":"1","terms":{"priceEach":"141.96","taxEach":{"amount":"7.81"},"discountEach":{"amount":"0"},"pvEach":"102"}}]},"currency":"EUR"},{"lines":{"items":[{"item":{"href":"https:\/\/hydraqa.unicity.net\/v5a-test\/items\/166a69d45c4ae40278554e24d5f40443","id":{"unicity":"32137"},"weightEach":{"value":0},"servingsPerContainer":0,"servingSize":0},"quantity":"1","terms":{"priceEach":"168.13","taxEach":{"amount":"9.25"},"discountEach":{"amount":"0"},"pvEach":"118"}}]},"currency":"EUR"},{"lines":{"items":[{"item":{"href":"https:\/\/hydraqa.unicity.net\/v5a-test\/items\/d04a0b8762b20202b6273114fb7302d1","id":{"unicity":"32138"},"weightEach":{"value":0},"servingsPerContainer":0,"servingSize":0},"quantity":"1","terms":{"priceEach":"224.21","taxEach":{"amount":"12.33"},"discountEach":{"amount":"0"},"pvEach":"152"}}]},"currency":"EUR"},{"lines":{"items":[{"item":{"href":"https:\/\/hydraqa.unicity.net\/v5a-test\/items\/e13d0b5c40704ad5dd186959367c97f1","id":{"unicity":"32125"},"weightEach":{"value":0},"servingsPerContainer":0,"servingSize":0},"quantity":"1","terms":{"priceEach":"373.74","taxEach":{"amount":"20.56"},"discountEach":{"amount":"0"},"pvEach":"250"}}]},"currency":"EUR"},{"lines":{"items":[{"item":{"href":"https:\/\/hydraqa.unicity.net\/v5a-test\/items\/c451532f63a06f0e9a054e946a1a1c3b","id":{"unicity":"18511"},"weightEach":{"value":0},"servingsPerContainer":0,"servingSize":0},"quantity":"1","terms":{"priceEach":"37.29","taxEach":{"amount":"2.05"},"discountEach":{"amount":"0"},"pvEach":"23"}}]},"currency":"EUR"},{"lines":{"items":[{"item":{"href":"https:\/\/hydraqa.unicity.net\/v5a-test\/items\/4e49c95f12ae7be78e5ffab68b8b3ca6","id":{"unicity":"26422"},"weightEach":{"value":0},"servingsPerContainer":0,"servingSize":0},"quantity":"1","terms":{"priceEach":"19","taxEach":{"amount":"1.05"},"discountEach":{"amount":"0"},"pvEach":"16"}}]},"currency":"EUR"},{"lines":{"items":[{"item":{"href":"https:\/\/hydraqa.unicity.net\/v5a-test\/items\/50e73ecfa509ac20c4a250f9cb32fdfc","id":{"unicity":"27156"},"weightEach":{"value":0},"servingsPerContainer":0,"servingSize":0},"quantity":"1","terms":{"priceEach":"20.47","taxEach":{"amount":"1.13"},"discountEach":{"amount":"0"},"pvEach":"13"}}]},"currency":"EUR"},{"lines":{"items":[{"item":{"href":"https:\/\/hydraqa.unicity.net\/v5a-test\/items\/d92292ba2f23c030e4a1f63eb3ebe1ce","id":{"unicity":"27158"},"weightEach":{"value":0},"servingsPerContainer":0,"servingSize":0},"quantity":"1","terms":{"priceEach":"27.94","taxEach":{"amount":"1.54"},"discountEach":{"amount":"0"},"pvEach":"23"}}]},"currency":"EUR"},{"lines":{"items":[{"item":{"href":"https:\/\/hydraqa.unicity.net\/v5a-test\/items\/0d3b8d4f7c4d4082db1b4ecffb6693fb","id":{"unicity":"27160"},"weightEach":{"value":0},"servingsPerContainer":0,"servingSize":0},"quantity":"1","terms":{"priceEach":"74.67","taxEach":{"amount":"4.11"},"discountEach":{"amount":"0"},"pvEach":"53"}}]},"currency":"EUR"},{"lines":{"items":[{"item":{"href":"https:\/\/hydraqa.unicity.net\/v5a-test\/items\/ac37bf51ff7e4fe860da8457f6ce0425","id":{"unicity":"27166"},"weightEach":{"value":0},"servingsPerContainer":0,"servingSize":0},"quantity":"1","terms":{"priceEach":"74.67","taxEach":{"amount":"4.11"},"discountEach":{"amount":"0"},"pvEach":"54"}}]},"currency":"EUR"},{"lines":{"items":[{"item":{"href":"https:\/\/hydraqa.unicity.net\/v5a-test\/items\/a36d9fdd0fd7561e6180fb5b2ff27164","id":{"unicity":"27660"},"weightEach":{"value":0},"servingsPerContainer":0,"servingSize":0},"quantity":"1","terms":{"priceEach":"31.68","taxEach":{"amount":"1.74"},"discountEach":{"amount":"0"},"pvEach":"18"}}]},"currency":"EUR"},{"lines":{"items":[{"item":{"href":"https:\/\/hydraqa.unicity.net\/v5a-test\/items\/112b8c39286598b3730f630f371a45f4","id":{"unicity":"27587"},"weightEach":{"value":0},"servingsPerContainer":0,"servingSize":0},"quantity":"1","terms":{"priceEach":"55.98","taxEach":{"amount":"3.08"},"discountEach":{"amount":"0"},"pvEach":"34"}}]},"currency":"EUR"},{"lines":{"items":[{"item":{"href":"https:\/\/hydraqa.unicity.net\/v5a-test\/items\/0c0717a26fcfe40310e906487e8a12f7","id":{"unicity":"28601"},"weightEach":{"value":0},"servingsPerContainer":0,"servingSize":0},"quantity":"1","terms":{"priceEach":"74.67","taxEach":{"amount":"4.11"},"discountEach":{"amount":"0"},"pvEach":"54"}}]},"currency":"EUR"},{"lines":{"items":[{"item":{"href":"https:\/\/hydraqa.unicity.net\/v5a-test\/items\/4790a55c442b5dc75a13b155e78c1842","id":{"unicity":"28604"},"weightEach":{"value":0},"servingsPerContainer":0,"servingSize":0},"quantity":"1","terms":{"priceEach":"74.67","taxEach":{"amount":"4.11"},"discountEach":{"amount":"0"},"pvEach":"54"}}]},"currency":"EUR"},{"lines":{"items":[{"item":{"href":"https:\/\/hydraqa.unicity.net\/v5a-test\/items\/024e696f8b44a1d315006e676604cd31","id":{"unicity":"27395"},"weightEach":{"value":0},"servingsPerContainer":0,"servingSize":0},"quantity":"1","terms":{"priceEach":"29.81","taxEach":{"amount":"1.64"},"discountEach":{"amount":"0"},"pvEach":"18"}}]},"currency":"EUR"},{"lines":{"items":[{"item":{"href":"https:\/\/hydraqa.unicity.net\/v5a-test\/items\/4b2034f47fce90b87bba28c5c2d7c25d","id":{"unicity":"15880"},"weightEach":{"value":0},"servingsPerContainer":0,"servingSize":0},"quantity":"1","terms":{"priceEach":"51.31","taxEach":{"amount":"2.82"},"discountEach":{"amount":"0"},"pvEach":"33"}}]},"currency":"EUR"},{"lines":{"items":[{"item":{"href":"https:\/\/hydraqa.unicity.net\/v5a-test\/items\/398d06b858b960f6f38086d40608aef2","id":{"unicity":"26560"},"weightEach":{"value":0},"servingsPerContainer":0,"servingSize":0},"quantity":"1","terms":{"priceEach":"20.47","taxEach":{"amount":"1.13"},"discountEach":{"amount":"0"},"pvEach":"13"}}]},"currency":"EUR"},{"lines":{"items":[{"item":{"href":"https:\/\/hydraqa.unicity.net\/v5a-test\/items\/e218d1cac5f31e7ae4f5876c29c57377","id":{"unicity":"29017"},"weightEach":{"value":0},"servingsPerContainer":0,"servingSize":0},"quantity":"1","terms":{"priceEach":"37.29","taxEach":{"amount":"2.05"},"discountEach":{"amount":"0"},"pvEach":"23"}}]},"currency":"EUR"},{"lines":{"items":[{"item":{"href":"https:\/\/hydraqa.unicity.net\/v5a-test\/items\/3f2d12d7a0e8551fc99fad3bbe1ba633","id":{"unicity":"26567"},"weightEach":{"value":0},"servingsPerContainer":0,"servingSize":0},"quantity":"1","terms":{"priceEach":"55.98","taxEach":{"amount":"3.08"},"discountEach":{"amount":"0"},"pvEach":"26"}}]},"currency":"EUR"},{"lines":{"items":[{"item":{"href":"https:\/\/hydraqa.unicity.net\/v5a-test\/items\/191637167cb3144bd2e8c4615e9ab67e","id":{"unicity":"26568"},"weightEach":{"value":0},"servingsPerContainer":0,"servingSize":0},"quantity":"1","terms":{"priceEach":"55.98","taxEach":{"amount":"3.08"},"discountEach":{"amount":"0"},"pvEach":"26"}}]},"currency":"EUR"},{"lines":{"items":[{"item":{"href":"https:\/\/hydraqa.unicity.net\/v5a-test\/items\/64ec7ad932acafab052a4e8800ad1238","id":{"unicity":"24758"},"weightEach":{"value":0},"servingsPerContainer":0,"servingSize":0},"quantity":"1","terms":{"priceEach":"37.29","taxEach":{"amount":"2.05"},"discountEach":{"amount":"0"},"pvEach":"23"}}]},"currency":"EUR"},{"lines":{"items":[{"item":{"href":"https:\/\/hydraqa.unicity.net\/v5a-test\/items\/db0a2b02eaabc5ad45fe91ba5c7bcf5a","id":{"unicity":"31772"},"weightEach":{"value":0},"servingsPerContainer":0,"servingSize":0},"quantity":"1","terms":{"priceEach":"8.32","taxEach":{"amount":"1.66"},"discountEach":{"amount":"0"},"pvEach":"0"}}]},"currency":"EUR"},{"lines":{"items":[{"item":{"href":"https:\/\/hydraqa.unicity.net\/v5a-test\/items\/2262fdd5af916c31df08089c191735c1","id":{"unicity":"29317"},"weightEach":{"value":0},"servingsPerContainer":0,"servingSize":0},"quantity":"1","terms":{"priceEach":"25.21","taxEach":{"amount":"5.04"},"discountEach":{"amount":"0"},"pvEach":"0"}}]},"currency":"EUR"},{"lines":{"items":[{"item":{"href":"https:\/\/hydraqa.unicity.net\/v5a-test\/items\/34c53e6d4cce0f8a72327d86c3ef04cb","id":{"unicity":"30103"},"weightEach":{"value":0},"servingsPerContainer":0,"servingSize":0},"quantity":"1","terms":{"priceEach":"25.86","taxEach":{"amount":"5.17"},"discountEach":{"amount":"0"},"pvEach":"0"}}]},"currency":"EUR"},{"lines":{"items":[{"item":{"href":"https:\/\/hydraqa.unicity.net\/v5a-test\/items\/217ca02fbd24e21ca5281412756238ab","id":{"unicity":"32126"},"weightEach":{"value":0},"servingsPerContainer":0,"servingSize":0},"quantity":"1","terms":{"priceEach":"152.24","taxEach":{"amount":"9.58"},"discountEach":{"amount":"0"},"pvEach":"101"}}]},"currency":"EUR"},{"lines":{"items":[{"item":{"href":"https:\/\/hydraqa.unicity.net\/v5a-test\/items\/808008a0657d2033ad471c39bbce9891","id":{"unicity":"32127"},"weightEach":{"value":0},"servingsPerContainer":0,"servingSize":0},"quantity":"1","terms":{"priceEach":"162.34","taxEach":{"amount":"10.14"},"discountEach":{"amount":"0"},"pvEach":"113"}}]},"currency":"EUR"},{"lines":{"items":[{"item":{"href":"https:\/\/hydraqa.unicity.net\/v5a-test\/items\/b8b378af3db7294d17181dbec563c0fa","id":{"unicity":"32197"},"weightEach":{"value":0},"servingsPerContainer":0,"servingSize":0},"quantity":"1","terms":{"priceEach":"347.57","taxEach":{"amount":"19.12"},"discountEach":{"amount":"0"},"pvEach":"250"}}]},"currency":"EUR"},{"lines":{"items":[{"item":{"href":"https:\/\/hydraqa.unicity.net\/v5a-test\/items\/27877610c0dfffbb380736f326d57748","id":{"unicity":"32196"},"weightEach":{"value":0},"servingsPerContainer":0,"servingSize":0},"quantity":"1","terms":{"priceEach":"154.11","taxEach":{"amount":"8.48"},"discountEach":{"amount":"0"},"pvEach":"116"}}]},"currency":"EUR"},{"lines":{"items":[{"item":{"href":"https:\/\/hydraqa.unicity.net\/v5a-test\/items\/10df0fc3509b53cbeaeb9476ca92d520","id":{"unicity":"29833"},"weightEach":{"value":0},"servingsPerContainer":0,"servingSize":0},"quantity":"1","terms":{"priceEach":"90.56","taxEach":{"amount":"4.98"},"discountEach":{"amount":"0"},"pvEach":"69"}}]},"currency":"EUR"},{"lines":{"items":[{"item":{"href":"https:\/\/hydraqa.unicity.net\/v5a-test\/items\/44e9ef796bb3ac3ad7927ffeace7b5f3","id":{"unicity":"29905"},"weightEach":{"value":0},"servingsPerContainer":0,"servingSize":0},"quantity":"1","terms":{"priceEach":"915","taxEach":{"amount":"52.5"},"discountEach":{"amount":"0"},"pvEach":"645"}}]},"currency":"EUR"},{"lines":{"items":[{"item":{"href":"https:\/\/hydraqa.unicity.net\/v5a-test\/items\/9752a919e28f96747163918165b46f23","id":{"unicity":"19941"},"weightEach":{"value":558},"servingsPerContainer":15,"servingSize":0},"quantity":"1","terms":{"priceEach":"32.62","taxEach":{"amount":"1.79"},"discountEach":{"amount":"0"},"pvEach":"20"}}]},"currency":"EUR"},{"lines":{"items":[{"item":{"href":"https:\/\/hydraqa.unicity.net\/v5a-test\/items\/65589269f4976d30f5c80a675b83db43","id":{"unicity":"22178"},"weightEach":{"value":0},"servingsPerContainer":0,"servingSize":0},"quantity":"1","terms":{"priceEach":"37.29","taxEach":{"amount":"2.05"},"discountEach":{"amount":"0"},"pvEach":"23"}}]},"currency":"EUR"},{"lines":{"items":[{"item":{"href":"https:\/\/hydraqa.unicity.net\/v5a-test\/items\/332daeac6796ed016ea8b7d0bc42c2d4","id":{"unicity":"24274"},"weightEach":{"value":0},"servingsPerContainer":0,"servingSize":0},"quantity":"1","terms":{"priceEach":"7.48","taxEach":{"amount":"1.5"},"discountEach":{"amount":"0"},"pvEach":"0"}}]},"currency":"EUR"},{"lines":{"items":[{"item":{"href":"https:\/\/hydraqa.unicity.net\/v5a-test\/items\/1945faa1776541d53120ecfe3c1d8a2b","id":{"unicity":"24418"},"weightEach":{"value":0},"servingsPerContainer":0,"servingSize":0},"quantity":"1","terms":{"priceEach":"4.96","taxEach":{"amount":"0.99"},"discountEach":{"amount":"0"},"pvEach":"0"}}]},"currency":"EUR"},{"lines":{"items":[{"item":{"href":"https:\/\/hydraqa.unicity.net\/v5a-test\/items\/5147f8cfe32548e02fc158d4da9c4d6f","id":{"unicity":"27150"},"weightEach":{"value":0},"servingsPerContainer":0,"servingSize":0},"quantity":"1","terms":{"priceEach":"93.36","taxEach":{"amount":"5.13"},"discountEach":{"amount":"0"},"pvEach":"70"}}]},"currency":"EUR"},{"lines":{"items":[{"item":{"href":"https:\/\/hydraqa.unicity.net\/v5a-test\/items\/03eba2365025ccd85818846a83a16f47","id":{"unicity":"27163"},"weightEach":{"value":0},"servingsPerContainer":0,"servingSize":0},"quantity":"1","terms":{"priceEach":"74.67","taxEach":{"amount":"4.11"},"discountEach":{"amount":"0"},"pvEach":"54"}}]},"currency":"EUR"},{"lines":{"items":[{"item":{"href":"https:\/\/hydraqa.unicity.net\/v5a-test\/items\/7d4ad2792f7056e5f81eb24f118ef737","id":{"unicity":"27575"},"weightEach":{"value":0},"servingsPerContainer":0,"servingSize":0},"quantity":"1","terms":{"priceEach":"55.98","taxEach":{"amount":"3.08"},"discountEach":{"amount":"0"},"pvEach":"34"}}]},"currency":"EUR"},{"lines":{"items":[{"item":{"href":"https:\/\/hydraqa.unicity.net\/v5a-test\/items\/a7bda1cb4a35343e52791aba56debc4a","id":{"unicity":"27617"},"weightEach":{"value":0},"servingsPerContainer":0,"servingSize":0},"quantity":"1","terms":{"priceEach":"29.81","taxEach":{"amount":"1.64"},"discountEach":{"amount":"0"},"pvEach":"18"}}]},"currency":"EUR"},{"lines":{"items":[{"item":{"href":"https:\/\/hydraqa.unicity.net\/v5a-test\/items\/0eebdede5bdb8bf4d71e800b6f3cead1","id":{"unicity":"30825"},"weightEach":{"value":0},"servingsPerContainer":0,"servingSize":0},"quantity":"1","terms":{"priceEach":"37.29","taxEach":{"amount":"2.05"},"discountEach":{"amount":"0"},"pvEach":"23"}}]},"currency":"EUR"},{"lines":{"items":[{"item":{"href":"https:\/\/hydraqa.unicity.net\/v5a-test\/items\/606f7be753c74dfbfe4b107276775140","id":{"unicity":"29821"},"weightEach":{"value":0},"servingsPerContainer":0,"servingSize":0},"quantity":"1","terms":{"priceEach":"79.35","taxEach":{"amount":"4.36"},"discountEach":{"amount":"0"},"pvEach":"59"}}]},"currency":"EUR"},{"lines":{"items":[{"item":{"href":"https:\/\/hydraqa.unicity.net\/v5a-test\/items\/94939f9be900906d2b47260ccba22a7b","id":{"unicity":"32012"},"weightEach":{"value":0},"servingsPerContainer":0,"servingSize":0},"quantity":"1","terms":{"priceEach":"13.93","taxEach":{"amount":"0.77"},"discountEach":{"amount":"0"},"pvEach":"6"}}]},"currency":"EUR"},{"lines":{"items":[{"item":{"href":"https:\/\/hydraqa.unicity.net\/v5a-test\/items\/2c4c1abe00983e85aaa918d2ce341491","id":{"unicity":"17174"},"weightEach":{"value":0},"servingsPerContainer":0,"servingSize":0},"quantity":"1","terms":{"priceEach":"37.29","taxEach":{"amount":"2.05"},"discountEach":{"amount":"0"},"pvEach":"23"}}]},"currency":"EUR"},{"lines":{"items":[{"item":{"href":"https:\/\/hydraqa.unicity.net\/v5a-test\/items\/991cdbb84a495779eb209fb3956a77e4","id":{"unicity":"29183"},"weightEach":{"value":0},"servingsPerContainer":0,"servingSize":0},"quantity":"1","terms":{"priceEach":"31.01","taxEach":{"amount":"6.2"},"discountEach":{"amount":"0"},"pvEach":"18"}}]},"currency":"EUR"},{"lines":{"items":[{"item":{"href":"https:\/\/hydraqa.unicity.net\/v5a-test\/items\/0e78fbdfebef11cd62f8d2120064ee58","id":{"unicity":"30280"},"weightEach":{"value":0},"servingsPerContainer":0,"servingSize":0},"quantity":"1","terms":{"priceEach":"33.53","taxEach":{"amount":"6.71"},"discountEach":{"amount":"0"},"pvEach":"20"}}]},"currency":"EUR"},{"lines":{"items":[{"item":{"href":"https:\/\/hydraqa.unicity.net\/v5a-test\/items\/beb900429fbb160dbfc3001c14d96df4","id":{"unicity":"29187"},"weightEach":{"value":0},"servingsPerContainer":0,"servingSize":0},"quantity":"1","terms":{"priceEach":"37.73","taxEach":{"amount":"7.55"},"discountEach":{"amount":"0"},"pvEach":"24"}}]},"currency":"EUR"},{"lines":{"items":[{"item":{"href":"https:\/\/hydraqa.unicity.net\/v5a-test\/items\/1b0412bea8c0b841c66f65a36aa14108","id":{"unicity":"29191"},"weightEach":{"value":0},"servingsPerContainer":0,"servingSize":0},"quantity":"1","terms":{"priceEach":"37.73","taxEach":{"amount":"7.55"},"discountEach":{"amount":"0"},"pvEach":"24"}}]},"currency":"EUR"},{"lines":{"items":[{"item":{"href":"https:\/\/hydraqa.unicity.net\/v5a-test\/items\/52c87f74d3b41ed49b0f897b66c2a99b","id":{"unicity":"30684"},"weightEach":{"value":0},"servingsPerContainer":0,"servingSize":0},"quantity":"1","terms":{"priceEach":"37.29","taxEach":{"amount":"2.05"},"discountEach":{"amount":"0"},"pvEach":"23"}}]},"currency":"EUR"},{"lines":{"items":[{"item":{"href":"https:\/\/hydraqa.unicity.net\/v5a-test\/items\/90f38f77c9e6ea5a71aa7377df83760b","id":{"unicity":"30198"},"weightEach":{"value":0},"servingsPerContainer":0,"servingSize":0},"quantity":"1","terms":{"priceEach":"19","taxEach":{"amount":"1.05"},"discountEach":{"amount":"0"},"pvEach":"16"}}]},"currency":"EUR"},{"lines":{"items":[{"item":{"href":"https:\/\/hydraqa.unicity.net\/v5a-test\/items\/ab2a2b07b17718843a66bee04ff40624","id":{"unicity":"31402"},"weightEach":{"value":0},"servingsPerContainer":0,"servingSize":0},"quantity":"1","terms":{"priceEach":"92.43","taxEach":{"amount":"5.08"},"discountEach":{"amount":"0"},"pvEach":"70"}}]},"currency":"EUR"},{"lines":{"items":[{"item":{"href":"https:\/\/hydraqa.unicity.net\/v5a-test\/items\/7e5e7df32701fd44947c8146f2129f7a","id":{"unicity":"31672"},"weightEach":{"value":0},"servingsPerContainer":0,"servingSize":0},"quantity":"1","terms":{"priceEach":"74.67","taxEach":{"amount":"4.11"},"discountEach":{"amount":"0"},"pvEach":"54"}}]},"currency":"EUR"},{"lines":{"items":[{"item":{"href":"https:\/\/hydraqa.unicity.net\/v5a-test\/items\/bfddb53fe0d5ed5432c531dc9850cbe4","id":{"unicity":"29449"},"weightEach":{"value":0},"servingsPerContainer":0,"servingSize":0},"quantity":"1","terms":{"priceEach":"26.07","taxEach":{"amount":"1.43"},"discountEach":{"amount":"0"},"pvEach":"16"}}]},"currency":"EUR"},{"lines":{"items":[{"item":{"href":"https:\/\/hydraqa.unicity.net\/v5a-test\/items\/75b870fdff12be635674216fe88d3204","id":{"unicity":"29984"},"weightEach":{"value":0},"servingsPerContainer":0,"servingSize":0},"quantity":"1","terms":{"priceEach":"37.73","taxEach":{"amount":"7.55"},"discountEach":{"amount":"0"},"pvEach":"24"}}]},"currency":"EUR"},{"lines":{"items":[{"item":{"href":"https:\/\/hydraqa.unicity.net\/v5a-test\/items\/4d23d73a0d3d3e5fe9c383822040a9b0","id":{"unicity":"32191"},"weightEach":{"value":0},"servingsPerContainer":0,"servingSize":0},"quantity":"1","terms":{"priceEach":"1315.79","taxEach":{"amount":"72.37"},"discountEach":{"amount":"0"},"pvEach":"903"}}]},"currency":"EUR"},{"lines":{"items":[{"item":{"href":"https:\/\/hydraqa.unicity.net\/v5a-test\/items\/e9fe58342fff74ec4f4430f7c622816e","id":{"unicity":"31870"},"weightEach":{"value":0},"servingsPerContainer":0,"servingSize":0},"quantity":"1","terms":{"priceEach":"20.47","taxEach":{"amount":"1.13"},"discountEach":{"amount":"0"},"pvEach":"9"}}]},"currency":"EUR"},{"lines":{"items":[{"item":{"href":"https:\/\/hydraqa.unicity.net\/v5a-test\/items\/fbb6dbd577adb73abaec364076fb288f","id":{"unicity":"32087"},"weightEach":{"value":0},"servingsPerContainer":0,"servingSize":0},"quantity":"1","terms":{"priceEach":"20.47","taxEach":{"amount":"1.13"},"discountEach":{"amount":"0"},"pvEach":"9"}}]},"currency":"EUR"},{"lines":{"items":[{"item":{"href":"https:\/\/hydraqa.unicity.net\/v5a-test\/items\/35dcc0035e442bbe6482f178ec38522c","id":{"unicity":"31868"},"weightEach":{"value":0},"servingsPerContainer":0,"servingSize":0},"quantity":"1","terms":{"priceEach":"20.47","taxEach":{"amount":"1.13"},"discountEach":{"amount":"0"},"pvEach":"9"}}]},"currency":"EUR"},{"lines":{"items":[{"item":{"href":"https:\/\/hydraqa.unicity.net\/v5a-test\/items\/baa263a2750aa330fbd9e5b96fdb2b55","id":{"unicity":"32609"},"weightEach":{"value":0},"servingsPerContainer":0,"servingSize":0},"quantity":"1","terms":{"priceEach":"55.98","taxEach":{"amount":"0"},"discountEach":{"amount":"0"},"pvEach":"34"}}]},"currency":"EUR"}]}
Entry request : {"order":{"customer":{"href":"https://hydraqa.unicity.net/v5a-test/customers?type=Associate"},"shipToAddress":{"country":"FR"}},"vary":{"lines":{"items":[{"item":{"href":"https://hydraqa.unicity.net/v5a-test/items?id.unicity=26306|29904|31336|31763|31951|31952|32128|32129|32130|32132|32133|32134|32135|32136|32137|32138|32125|18511|26422|27156|27158|27160|27166|27660|27587|28601|28604|27395|15880|26560|29017|26567|26568|24758|31772|29317|30103|32126|32127|32197|32196|29833|29905|19941|22178|24274|24418|27150|27163|27575|27617|30825|29821|32012|17174|30139|29181|29183|30280|29187|29191|30684|30198|31402|31672|29449|29984|32191|31870|32087|31868|32609"}}]}}}
]]></system-out>
    <system-err><![CDATA[Starting ChromeDriver 2.36.540470 (e522d04694c7ebea4ba8821272dbef4f9b818c91) on port 35094
Only local connections are allowed.
Jan 27, 2020 5:32:55 PM org.openqa.selenium.remote.ProtocolHandshake createSession
INFO: Detected dialect: OSS
]]></system-err>
  </testcase>
  <testcase name="Enroll" classname="Tests.FranchisePartner" time="25.051">
    <failure message="Index: 0, Size: 0" type="java.lang.IndexOutOfBoundsException">java.lang.IndexOutOfBoundsException: Index: 0, Size: 0
	at Tests.FranchisePartner.Enroll(FranchisePartner.java:260)
</failure>
    <system-err><![CDATA[Starting ChromeDriver 2.36.540470 (e522d04694c7ebea4ba8821272dbef4f9b818c91) on port 10142
Only local connections are allowed.
Jan 27, 2020 5:36:12 PM org.openqa.selenium.remote.ProtocolHandshake createSession
INFO: Detected dialect: OSS
]]></system-err>
  </testcase>
  <testcase name="Enroll" classname="Tests.FranchisePartner" time="25.048">
    <failure message="Index: 0, Size: 0" type="java.lang.IndexOutOfBoundsException">java.lang.IndexOutOfBoundsException: Index: 0, Size: 0
	at Tests.FranchisePartner.Enroll(FranchisePartner.java:260)
</failure>
    <system-err><![CDATA[Starting ChromeDriver 2.36.540470 (e522d04694c7ebea4ba8821272dbef4f9b818c91) on port 16448
Only local connections are allowed.
Jan 27, 2020 5:37:01 PM org.openqa.selenium.remote.ProtocolHandshake createSession
INFO: Detected dialect: OSS
]]></system-err>
  </testcase>
  <testcase name="Enroll" classname="Tests.FranchisePartner" time="25.03">
    <failure message="Index: 0, Size: 0" type="java.lang.IndexOutOfBoundsException">java.lang.IndexOutOfBoundsException: Index: 0, Size: 0
	at Tests.FranchisePartner.Enroll(FranchisePartner.java:260)
</failure>
    <system-err><![CDATA[Starting ChromeDriver 2.36.540470 (e522d04694c7ebea4ba8821272dbef4f9b818c91) on port 11160
Only local connections are allowed.
Jan 27, 2020 5:37:47 PM org.openqa.selenium.remote.ProtocolHandshake createSession
INFO: Detected dialect: OSS
]]></system-err>
  </testcase>
  <testcase name="Enroll" classname="Tests.FranchisePartner" time="230.438">
    <failure message="Expected condition failed: waiting for element to no longer be visible: By.xpath: (//img[@src=&apos;assets/img/ajax-loader.gif&apos;])[1] (tried for 200 second(s) with 500 MILLISECONDS interval)&#10;Build info: version: &apos;3.8.1&apos;, revision: &apos;6e95a6684b&apos;, time: &apos;2017-12-01T18:33:54.468Z&apos;&#10;System info: host: &apos;QASERVER01&apos;, ip: &apos;10.2.0.23&apos;, os.name: &apos;Windows Server 2012 R2&apos;, os.arch: &apos;amd64&apos;, os.version: &apos;6.3&apos;, java.version: &apos;1.8.0_111&apos;&#10;Driver info: org.openqa.selenium.chrome.ChromeDriver&#10;Capabilities {acceptInsecureCerts: false, acceptSslCerts: false, applicationCacheEnabled: false, browserConnectionEnabled: false, browserName: chrome, chrome: {chromedriverVersion: 2.36.540470 (e522d04694c7eb..., userDataDir: C:\Users\sumancb\AppData\Lo...}, cssSelectorsEnabled: true, databaseEnabled: false, handlesAlerts: true, hasTouchScreen: false, javascriptEnabled: true, locationContextEnabled: true, mobileEmulationEnabled: false, nativeEvents: true, networkConnectionEnabled: false, pageLoadStrategy: normal, platform: XP, platformName: XP, rotatable: false, setWindowRect: true, takesHeapSnapshot: true, takesScreenshot: true, unexpectedAlertBehaviour: , unhandledPromptBehavior: , version: 79.0.3945.130, webStorageEnabled: true}&#10;Session ID: 5a4b654bcbc98c57a79e2e2309499f8d" type="org.openqa.selenium.TimeoutException">org.openqa.selenium.TimeoutException: 
Expected condition failed: waiting for element to no longer be visible: By.xpath: (//img[@src='assets/img/ajax-loader.gif'])[1] (tried for 200 second(s) with 500 MILLISECONDS interval)
Build info: version: '3.8.1', revision: '6e95a6684b', time: '2017-12-01T18:33:54.468Z'
System info: host: 'QASERVER01', ip: '10.2.0.23', os.name: 'Windows Server 2012 R2', os.arch: 'amd64', os.version: '6.3', java.version: '1.8.0_111'
Driver info: org.openqa.selenium.chrome.ChromeDriver
Capabilities {acceptInsecureCerts: false, acceptSslCerts: false, applicationCacheEnabled: false, browserConnectionEnabled: false, browserName: chrome, chrome: {chromedriverVersion: 2.36.540470 (e522d04694c7eb..., userDataDir: C:\Users\sumancb\AppData\Lo...}, cssSelectorsEnabled: true, databaseEnabled: false, handlesAlerts: true, hasTouchScreen: false, javascriptEnabled: true, locationContextEnabled: true, mobileEmulationEnabled: false, nativeEvents: true, networkConnectionEnabled: false, pageLoadStrategy: normal, platform: XP, platformName: XP, rotatable: false, setWindowRect: true, takesHeapSnapshot: true, takesScreenshot: true, unexpectedAlertBehaviour: , unhandledPromptBehavior: , version: 79.0.3945.130, webStorageEnabled: true}
Session ID: 5a4b654bcbc98c57a79e2e2309499f8d
	at Tests.FranchisePartner.Enroll(FranchisePartner.java:261)
</failure>
    <system-err><![CDATA[Starting ChromeDriver 2.36.540470 (e522d04694c7ebea4ba8821272dbef4f9b818c91) on port 40539
Only local connections are allowed.
Jan 27, 2020 5:38:33 PM org.openqa.selenium.remote.ProtocolHandshake createSession
INFO: Detected dialect: OSS
]]></system-err>
  </testcase>
  <testcase name="Enroll" classname="Tests.FranchisePartner" time="253.53">
    <failure message="Major Quotes Call Packs is not Displaying: lists don&apos;t have the same size expected [64] but found [63]" type="java.lang.AssertionError">java.lang.AssertionError: Major Quotes Call Packs is not Displaying: lists don't have the same size expected [64] but found [63]
	at Tests.FranchisePartner.Enroll(FranchisePartner.java:262)
</failure>
    <system-out><![CDATA[Request URL: https://hydraqa.unicity.net/v5a-test/quotes?&expand=item
Entry Quotes response : {"items":[{"lines":{"items":[{"item":{"href":"https:\/\/hydraqa.unicity.net\/v5a-test\/items\/0d3b8d4f7c4d4082db1b4ecffb6693fb","id":{"unicity":"27160"},"weightEach":{"value":0},"servingsPerContainer":0,"servingSize":0},"quantity":"1","terms":{"priceEach":"74.67","taxEach":{"amount":"6.72"},"discountEach":{"amount":"0"},"pvEach":"53"}}]},"currency":"EUR"},{"lines":{"items":[{"item":{"href":"https:\/\/hydraqa.unicity.net\/v5a-test\/items\/ac37bf51ff7e4fe860da8457f6ce0425","id":{"unicity":"27166"},"weightEach":{"value":0},"servingsPerContainer":0,"servingSize":0},"quantity":"1","terms":{"priceEach":"74.67","taxEach":{"amount":"6.72"},"discountEach":{"amount":"0"},"pvEach":"54"}}]},"currency":"EUR"},{"lines":{"items":[{"item":{"href":"https:\/\/hydraqa.unicity.net\/v5a-test\/items\/0c0717a26fcfe40310e906487e8a12f7","id":{"unicity":"28601"},"weightEach":{"value":0},"servingsPerContainer":0,"servingSize":0},"quantity":"1","terms":{"priceEach":"74.67","taxEach":{"amount":"6.72"},"discountEach":{"amount":"0"},"pvEach":"54"}}]},"currency":"EUR"},{"lines":{"items":[{"item":{"href":"https:\/\/hydraqa.unicity.net\/v5a-test\/items\/4790a55c442b5dc75a13b155e78c1842","id":{"unicity":"28604"},"weightEach":{"value":0},"servingsPerContainer":0,"servingSize":0},"quantity":"1","terms":{"priceEach":"74.67","taxEach":{"amount":"6.72"},"discountEach":{"amount":"0"},"pvEach":"54"}}]},"currency":"EUR"},{"lines":{"items":[{"item":{"href":"https:\/\/hydraqa.unicity.net\/v5a-test\/items\/6447f84f6ef7782049a369b983428bb7","id":{"unicity":"31336"},"weightEach":{"value":0},"servingsPerContainer":0,"servingSize":0},"quantity":"1","terms":{"priceEach":"224.21","taxEach":{"amount":"20.18"},"discountEach":{"amount":"0"},"pvEach":"165"}}]},"currency":"EUR"},{"lines":{"items":[{"item":{"href":"https:\/\/hydraqa.unicity.net\/v5a-test\/items\/31cb0679f65df8fa9a4fc3d7e38b72b3","id":{"unicity":"31763"},"weightEach":{"value":0},"servingsPerContainer":0,"servingSize":0},"quantity":"1","terms":{"priceEach":"243.3","taxEach":{"amount":"21.9"},"discountEach":{"amount":"0"},"pvEach":"181"}}]},"currency":"EUR"},{"lines":{"items":[{"item":{"href":"https:\/\/hydraqa.unicity.net\/v5a-test\/items\/e9991b48ac639367d526d2b9b22fac8c","id":{"unicity":"32128"},"weightEach":{"value":0},"servingsPerContainer":0,"servingSize":0},"quantity":"1","terms":{"priceEach":"371.87","taxEach":{"amount":"33.47"},"discountEach":{"amount":"0"},"pvEach":"253"}}]},"currency":"EUR"},{"lines":{"items":[{"item":{"href":"https:\/\/hydraqa.unicity.net\/v5a-test\/items\/40b3312de189221d96d838d33a8ec49d","id":{"unicity":"32129"},"weightEach":{"value":0},"servingsPerContainer":0,"servingSize":0},"quantity":"1","terms":{"priceEach":"371.87","taxEach":{"amount":"33.47"},"discountEach":{"amount":"0"},"pvEach":"254"}}]},"currency":"EUR"},{"lines":{"items":[{"item":{"href":"https:\/\/hydraqa.unicity.net\/v5a-test\/items\/6bd168a66ce41003a8f30917deff5808","id":{"unicity":"32130"},"weightEach":{"value":0},"servingsPerContainer":0,"servingSize":0},"quantity":"1","terms":{"priceEach":"363.46","taxEach":{"amount":"32.71"},"discountEach":{"amount":"0"},"pvEach":"252"}}]},"currency":"EUR"},{"lines":{"items":[{"item":{"href":"https:\/\/hydraqa.unicity.net\/v5a-test\/items\/806f99b793edd7cd0b1c158ba0eb3142","id":{"unicity":"32132"},"weightEach":{"value":0},"servingsPerContainer":0,"servingSize":0},"quantity":"1","terms":{"priceEach":"355.98","taxEach":{"amount":"32.04"},"discountEach":{"amount":"0"},"pvEach":"253"}}]},"currency":"EUR"},{"lines":{"items":[{"item":{"href":"https:\/\/hydraqa.unicity.net\/v5a-test\/items\/e3d382d99fde8659cb146b54116e7654","id":{"unicity":"32133"},"weightEach":{"value":0},"servingsPerContainer":0,"servingSize":0},"quantity":"1","terms":{"priceEach":"364.39","taxEach":{"amount":"32.8"},"discountEach":{"amount":"0"},"pvEach":"252"}}]},"currency":"EUR"},{"lines":{"items":[{"item":{"href":"https:\/\/hydraqa.unicity.net\/v5a-test\/items\/022f109fe6e5eae3e521295a5cb94c60","id":{"unicity":"32134"},"weightEach":{"value":0},"servingsPerContainer":0,"servingSize":0},"quantity":"1","terms":{"priceEach":"144.77","taxEach":{"amount":"13.03"},"discountEach":{"amount":"0"},"pvEach":"101"}}]},"currency":"EUR"},{"lines":{"items":[{"item":{"href":"https:\/\/hydraqa.unicity.net\/v5a-test\/items\/ded00960d5e948dd8e511a9c752e1ff9","id":{"unicity":"32135"},"weightEach":{"value":0},"servingsPerContainer":0,"servingSize":0},"quantity":"1","terms":{"priceEach":"154.11","taxEach":{"amount":"13.87"},"discountEach":{"amount":"0"},"pvEach":"113"}}]},"currency":"EUR"},{"lines":{"items":[{"item":{"href":"https:\/\/hydraqa.unicity.net\/v5a-test\/items\/d8736cc35cf9f4734fd76da71c53dc05","id":{"unicity":"32136"},"weightEach":{"value":0},"servingsPerContainer":0,"servingSize":0},"quantity":"1","terms":{"priceEach":"141.96","taxEach":{"amount":"12.78"},"discountEach":{"amount":"0"},"pvEach":"102"}}]},"currency":"EUR"},{"lines":{"items":[{"item":{"href":"https:\/\/hydraqa.unicity.net\/v5a-test\/items\/166a69d45c4ae40278554e24d5f40443","id":{"unicity":"32137"},"weightEach":{"value":0},"servingsPerContainer":0,"servingSize":0},"quantity":"1","terms":{"priceEach":"168.13","taxEach":{"amount":"15.13"},"discountEach":{"amount":"0"},"pvEach":"118"}}]},"currency":"EUR"},{"lines":{"items":[{"item":{"href":"https:\/\/hydraqa.unicity.net\/v5a-test\/items\/d04a0b8762b20202b6273114fb7302d1","id":{"unicity":"32138"},"weightEach":{"value":0},"servingsPerContainer":0,"servingSize":0},"quantity":"1","terms":{"priceEach":"224.21","taxEach":{"amount":"20.18"},"discountEach":{"amount":"0"},"pvEach":"152"}}]},"currency":"EUR"},{"lines":{"items":[{"item":{"href":"https:\/\/hydraqa.unicity.net\/v5a-test\/items\/e13d0b5c40704ad5dd186959367c97f1","id":{"unicity":"32125"},"weightEach":{"value":0},"servingsPerContainer":0,"servingSize":0},"quantity":"1","terms":{"priceEach":"373.74","taxEach":{"amount":"33.64"},"discountEach":{"amount":"0"},"pvEach":"250"}}]},"currency":"EUR"},{"lines":{"items":[{"item":{"href":"https:\/\/hydraqa.unicity.net\/v5a-test\/items\/c451532f63a06f0e9a054e946a1a1c3b","id":{"unicity":"18511"},"weightEach":{"value":0},"servingsPerContainer":0,"servingSize":0},"quantity":"1","terms":{"priceEach":"37.29","taxEach":{"amount":"3.36"},"discountEach":{"amount":"0"},"pvEach":"23"}}]},"currency":"EUR"},{"lines":{"items":[{"item":{"href":"https:\/\/hydraqa.unicity.net\/v5a-test\/items\/9752a919e28f96747163918165b46f23","id":{"unicity":"19941"},"weightEach":{"value":558},"servingsPerContainer":15,"servingSize":0},"quantity":"1","terms":{"priceEach":"32.62","taxEach":{"amount":"2.94"},"discountEach":{"amount":"0"},"pvEach":"20"}}]},"currency":"EUR"},{"lines":{"items":[{"item":{"href":"https:\/\/hydraqa.unicity.net\/v5a-test\/items\/65589269f4976d30f5c80a675b83db43","id":{"unicity":"22178"},"weightEach":{"value":0},"servingsPerContainer":0,"servingSize":0},"quantity":"1","terms":{"priceEach":"37.29","taxEach":{"amount":"3.36"},"discountEach":{"amount":"0"},"pvEach":"23"}}]},"currency":"EUR"},{"lines":{"items":[{"item":{"href":"https:\/\/hydraqa.unicity.net\/v5a-test\/items\/4e49c95f12ae7be78e5ffab68b8b3ca6","id":{"unicity":"26422"},"weightEach":{"value":0},"servingsPerContainer":0,"servingSize":0},"quantity":"1","terms":{"priceEach":"19","taxEach":{"amount":"1.71"},"discountEach":{"amount":"0"},"pvEach":"16"}}]},"currency":"EUR"},{"lines":{"items":[{"item":{"href":"https:\/\/hydraqa.unicity.net\/v5a-test\/items\/50e73ecfa509ac20c4a250f9cb32fdfc","id":{"unicity":"27156"},"weightEach":{"value":0},"servingsPerContainer":0,"servingSize":0},"quantity":"1","terms":{"priceEach":"20.47","taxEach":{"amount":"1.84"},"discountEach":{"amount":"0"},"pvEach":"13"}}]},"currency":"EUR"},{"lines":{"items":[{"item":{"href":"https:\/\/hydraqa.unicity.net\/v5a-test\/items\/d92292ba2f23c030e4a1f63eb3ebe1ce","id":{"unicity":"27158"},"weightEach":{"value":0},"servingsPerContainer":0,"servingSize":0},"quantity":"1","terms":{"priceEach":"27.94","taxEach":{"amount":"2.51"},"discountEach":{"amount":"0"},"pvEach":"23"}}]},"currency":"EUR"},{"lines":{"items":[{"item":{"href":"https:\/\/hydraqa.unicity.net\/v5a-test\/items\/a7bda1cb4a35343e52791aba56debc4a","id":{"unicity":"27617"},"weightEach":{"value":0},"servingsPerContainer":0,"servingSize":0},"quantity":"1","terms":{"priceEach":"29.81","taxEach":{"amount":"2.68"},"discountEach":{"amount":"0"},"pvEach":"18"}}]},"currency":"EUR"},{"lines":{"items":[{"item":{"href":"https:\/\/hydraqa.unicity.net\/v5a-test\/items\/a36d9fdd0fd7561e6180fb5b2ff27164","id":{"unicity":"27660"},"weightEach":{"value":0},"servingsPerContainer":0,"servingSize":0},"quantity":"1","terms":{"priceEach":"31.68","taxEach":{"amount":"2.85"},"discountEach":{"amount":"0"},"pvEach":"18"}}]},"currency":"EUR"},{"lines":{"items":[{"item":{"href":"https:\/\/hydraqa.unicity.net\/v5a-test\/items\/112b8c39286598b3730f630f371a45f4","id":{"unicity":"27587"},"weightEach":{"value":0},"servingsPerContainer":0,"servingSize":0},"quantity":"1","terms":{"priceEach":"55.98","taxEach":{"amount":"5.04"},"discountEach":{"amount":"0"},"pvEach":"34"}}]},"currency":"EUR"},{"lines":{"items":[{"item":{"href":"https:\/\/hydraqa.unicity.net\/v5a-test\/items\/db0a2b02eaabc5ad45fe91ba5c7bcf5a","id":{"unicity":"31772"},"weightEach":{"value":0},"servingsPerContainer":0,"servingSize":0},"quantity":"1","terms":{"priceEach":"8.32","taxEach":{"amount":"1.75"},"discountEach":{"amount":"0"},"pvEach":"0"}}]},"currency":"EUR"},{"lines":{"items":[{"item":{"href":"https:\/\/hydraqa.unicity.net\/v5a-test\/items\/2262fdd5af916c31df08089c191735c1","id":{"unicity":"29317"},"weightEach":{"value":0},"servingsPerContainer":0,"servingSize":0},"quantity":"1","terms":{"priceEach":"25.21","taxEach":{"amount":"5.29"},"discountEach":{"amount":"0"},"pvEach":"0"}}]},"currency":"EUR"},{"lines":{"items":[{"item":{"href":"https:\/\/hydraqa.unicity.net\/v5a-test\/items\/217ca02fbd24e21ca5281412756238ab","id":{"unicity":"32126"},"weightEach":{"value":0},"servingsPerContainer":0,"servingSize":0},"quantity":"1","terms":{"priceEach":"152.24","taxEach":{"amount":"14.7"},"discountEach":{"amount":"0"},"pvEach":"101"}}]},"currency":"EUR"},{"lines":{"items":[{"item":{"href":"https:\/\/hydraqa.unicity.net\/v5a-test\/items\/808008a0657d2033ad471c39bbce9891","id":{"unicity":"32127"},"weightEach":{"value":0},"servingsPerContainer":0,"servingSize":0},"quantity":"1","terms":{"priceEach":"162.34","taxEach":{"amount":"15.61"},"discountEach":{"amount":"0"},"pvEach":"113"}}]},"currency":"EUR"},{"lines":{"items":[{"item":{"href":"https:\/\/hydraqa.unicity.net\/v5a-test\/items\/10df0fc3509b53cbeaeb9476ca92d520","id":{"unicity":"29833"},"weightEach":{"value":0},"servingsPerContainer":0,"servingSize":0},"quantity":"1","terms":{"priceEach":"90.56","taxEach":{"amount":"8.15"},"discountEach":{"amount":"0"},"pvEach":"69"}}]},"currency":"EUR"},{"lines":{"items":[{"item":{"href":"https:\/\/hydraqa.unicity.net\/v5a-test\/items\/17d9b2043675ed6e748fd6a3d175610f","id":{"unicity":"29316"},"weightEach":{"value":0},"servingsPerContainer":0,"servingSize":0},"quantity":"1","terms":{"priceEach":"25.21","taxEach":{"amount":"5.29"},"discountEach":{"amount":"0"},"pvEach":"0"}}]},"currency":"EUR"},{"lines":{"items":[{"item":{"href":"https:\/\/hydraqa.unicity.net\/v5a-test\/items\/332daeac6796ed016ea8b7d0bc42c2d4","id":{"unicity":"24274"},"weightEach":{"value":0},"servingsPerContainer":0,"servingSize":0},"quantity":"1","terms":{"priceEach":"7.48","taxEach":{"amount":"1.57"},"discountEach":{"amount":"0"},"pvEach":"0"}}]},"currency":"EUR"},{"lines":{"items":[{"item":{"href":"https:\/\/hydraqa.unicity.net\/v5a-test\/items\/1945faa1776541d53120ecfe3c1d8a2b","id":{"unicity":"24418"},"weightEach":{"value":0},"servingsPerContainer":0,"servingSize":0},"quantity":"1","terms":{"priceEach":"4.96","taxEach":{"amount":"1.04"},"discountEach":{"amount":"0"},"pvEach":"0"}}]},"currency":"EUR"},{"lines":{"items":[{"item":{"href":"https:\/\/hydraqa.unicity.net\/v5a-test\/items\/10da226fab00279b4f89df10af2a10b7","id":{"unicity":"26442"},"weightEach":{"value":0},"servingsPerContainer":0,"servingSize":0},"quantity":"1","terms":{"priceEach":"5.8","taxEach":{"amount":"1.22"},"discountEach":{"amount":"0"},"pvEach":"0"}}]},"currency":"EUR"},{"lines":{"items":[{"item":{"href":"https:\/\/hydraqa.unicity.net\/v5a-test\/items\/5147f8cfe32548e02fc158d4da9c4d6f","id":{"unicity":"27150"},"weightEach":{"value":0},"servingsPerContainer":0,"servingSize":0},"quantity":"1","terms":{"priceEach":"93.36","taxEach":{"amount":"8.4"},"discountEach":{"amount":"0"},"pvEach":"70"}}]},"currency":"EUR"},{"lines":{"items":[{"item":{"href":"https:\/\/hydraqa.unicity.net\/v5a-test\/items\/03eba2365025ccd85818846a83a16f47","id":{"unicity":"27163"},"weightEach":{"value":0},"servingsPerContainer":0,"servingSize":0},"quantity":"1","terms":{"priceEach":"74.67","taxEach":{"amount":"6.72"},"discountEach":{"amount":"0"},"pvEach":"54"}}]},"currency":"EUR"},{"lines":{"items":[{"item":{"href":"https:\/\/hydraqa.unicity.net\/v5a-test\/items\/7d4ad2792f7056e5f81eb24f118ef737","id":{"unicity":"27575"},"weightEach":{"value":0},"servingsPerContainer":0,"servingSize":0},"quantity":"1","terms":{"priceEach":"55.98","taxEach":{"amount":"5.04"},"discountEach":{"amount":"0"},"pvEach":"34"}}]},"currency":"EUR"},{"lines":{"items":[{"item":{"href":"https:\/\/hydraqa.unicity.net\/v5a-test\/items\/024e696f8b44a1d315006e676604cd31","id":{"unicity":"27395"},"weightEach":{"value":0},"servingsPerContainer":0,"servingSize":0},"quantity":"1","terms":{"priceEach":"29.81","taxEach":{"amount":"2.68"},"discountEach":{"amount":"0"},"pvEach":"18"}}]},"currency":"EUR"},{"lines":{"items":[{"item":{"href":"https:\/\/hydraqa.unicity.net\/v5a-test\/items\/4b2034f47fce90b87bba28c5c2d7c25d","id":{"unicity":"15880"},"weightEach":{"value":0},"servingsPerContainer":0,"servingSize":0},"quantity":"1","terms":{"priceEach":"51.31","taxEach":{"amount":"4.62"},"discountEach":{"amount":"0"},"pvEach":"33"}}]},"currency":"EUR"},{"lines":{"items":[{"item":{"href":"https:\/\/hydraqa.unicity.net\/v5a-test\/items\/398d06b858b960f6f38086d40608aef2","id":{"unicity":"26560"},"weightEach":{"value":0},"servingsPerContainer":0,"servingSize":0},"quantity":"1","terms":{"priceEach":"20.47","taxEach":{"amount":"1.84"},"discountEach":{"amount":"0"},"pvEach":"13"}}]},"currency":"EUR"},{"lines":{"items":[{"item":{"href":"https:\/\/hydraqa.unicity.net\/v5a-test\/items\/e218d1cac5f31e7ae4f5876c29c57377","id":{"unicity":"29017"},"weightEach":{"value":0},"servingsPerContainer":0,"servingSize":0},"quantity":"1","terms":{"priceEach":"37.29","taxEach":{"amount":"3.36"},"discountEach":{"amount":"0"},"pvEach":"23"}}]},"currency":"EUR"},{"lines":{"items":[{"item":{"href":"https:\/\/hydraqa.unicity.net\/v5a-test\/items\/3f2d12d7a0e8551fc99fad3bbe1ba633","id":{"unicity":"26567"},"weightEach":{"value":0},"servingsPerContainer":0,"servingSize":0},"quantity":"1","terms":{"priceEach":"55.98","taxEach":{"amount":"5.04"},"discountEach":{"amount":"0"},"pvEach":"26"}}]},"currency":"EUR"},{"lines":{"items":[{"item":{"href":"https:\/\/hydraqa.unicity.net\/v5a-test\/items\/191637167cb3144bd2e8c4615e9ab67e","id":{"unicity":"26568"},"weightEach":{"value":0},"servingsPerContainer":0,"servingSize":0},"quantity":"1","terms":{"priceEach":"55.98","taxEach":{"amount":"5.04"},"discountEach":{"amount":"0"},"pvEach":"26"}}]},"currency":"EUR"},{"lines":{"items":[{"item":{"href":"https:\/\/hydraqa.unicity.net\/v5a-test\/items\/64ec7ad932acafab052a4e8800ad1238","id":{"unicity":"24758"},"weightEach":{"value":0},"servingsPerContainer":0,"servingSize":0},"quantity":"1","terms":{"priceEach":"37.29","taxEach":{"amount":"3.36"},"discountEach":{"amount":"0"},"pvEach":"23"}}]},"currency":"EUR"},{"lines":{"items":[{"item":{"href":"https:\/\/hydraqa.unicity.net\/v5a-test\/items\/606f7be753c74dfbfe4b107276775140","id":{"unicity":"29821"},"weightEach":{"value":0},"servingsPerContainer":0,"servingSize":0},"quantity":"1","terms":{"priceEach":"79.35","taxEach":{"amount":"7.14"},"discountEach":{"amount":"0"},"pvEach":"59"}}]},"currency":"EUR"},{"lines":{"items":[{"item":{"href":"https:\/\/hydraqa.unicity.net\/v5a-test\/items\/94939f9be900906d2b47260ccba22a7b","id":{"unicity":"32012"},"weightEach":{"value":0},"servingsPerContainer":0,"servingSize":0},"quantity":"1","terms":{"priceEach":"13.93","taxEach":{"amount":"1.25"},"discountEach":{"amount":"0"},"pvEach":"6"}}]},"currency":"EUR"},{"lines":{"items":[{"item":{"href":"https:\/\/hydraqa.unicity.net\/v5a-test\/items\/2c4c1abe00983e85aaa918d2ce341491","id":{"unicity":"17174"},"weightEach":{"value":0},"servingsPerContainer":0,"servingSize":0},"quantity":"1","terms":{"priceEach":"37.29","taxEach":{"amount":"3.36"},"discountEach":{"amount":"0"},"pvEach":"23"}}]},"currency":"EUR"},{"lines":{"items":[{"item":{"href":"https:\/\/hydraqa.unicity.net\/v5a-test\/items\/991cdbb84a495779eb209fb3956a77e4","id":{"unicity":"29183"},"weightEach":{"value":0},"servingsPerContainer":0,"servingSize":0},"quantity":"1","terms":{"priceEach":"31.01","taxEach":{"amount":"6.51"},"discountEach":{"amount":"0"},"pvEach":"18"}}]},"currency":"EUR"},{"lines":{"items":[{"item":{"href":"https:\/\/hydraqa.unicity.net\/v5a-test\/items\/0e78fbdfebef11cd62f8d2120064ee58","id":{"unicity":"30280"},"weightEach":{"value":0},"servingsPerContainer":0,"servingSize":0},"quantity":"1","terms":{"priceEach":"33.53","taxEach":{"amount":"7.04"},"discountEach":{"amount":"0"},"pvEach":"20"}}]},"currency":"EUR"},{"lines":{"items":[{"item":{"href":"https:\/\/hydraqa.unicity.net\/v5a-test\/items\/beb900429fbb160dbfc3001c14d96df4","id":{"unicity":"29187"},"weightEach":{"value":0},"servingsPerContainer":0,"servingSize":0},"quantity":"1","terms":{"priceEach":"37.73","taxEach":{"amount":"7.92"},"discountEach":{"amount":"0"},"pvEach":"24"}}]},"currency":"EUR"},{"lines":{"items":[{"item":{"href":"https:\/\/hydraqa.unicity.net\/v5a-test\/items\/1b0412bea8c0b841c66f65a36aa14108","id":{"unicity":"29191"},"weightEach":{"value":0},"servingsPerContainer":0,"servingSize":0},"quantity":"1","terms":{"priceEach":"37.73","taxEach":{"amount":"7.92"},"discountEach":{"amount":"0"},"pvEach":"24"}}]},"currency":"EUR"},{"lines":{"items":[{"item":{"href":"https:\/\/hydraqa.unicity.net\/v5a-test\/items\/52c87f74d3b41ed49b0f897b66c2a99b","id":{"unicity":"30684"},"weightEach":{"value":0},"servingsPerContainer":0,"servingSize":0},"quantity":"1","terms":{"priceEach":"37.29","taxEach":{"amount":"3.36"},"discountEach":{"amount":"0"},"pvEach":"23"}}]},"currency":"EUR"},{"lines":{"items":[{"item":{"href":"https:\/\/hydraqa.unicity.net\/v5a-test\/items\/90f38f77c9e6ea5a71aa7377df83760b","id":{"unicity":"30198"},"weightEach":{"value":0},"servingsPerContainer":0,"servingSize":0},"quantity":"1","terms":{"priceEach":"19","taxEach":{"amount":"1.71"},"discountEach":{"amount":"0"},"pvEach":"16"}}]},"currency":"EUR"},{"lines":{"items":[{"item":{"href":"https:\/\/hydraqa.unicity.net\/v5a-test\/items\/ab2a2b07b17718843a66bee04ff40624","id":{"unicity":"31402"},"weightEach":{"value":0},"servingsPerContainer":0,"servingSize":0},"quantity":"1","terms":{"priceEach":"92.43","taxEach":{"amount":"8.32"},"discountEach":{"amount":"0"},"pvEach":"70"}}]},"currency":"EUR"},{"lines":{"items":[{"item":{"href":"https:\/\/hydraqa.unicity.net\/v5a-test\/items\/7e5e7df32701fd44947c8146f2129f7a","id":{"unicity":"31672"},"weightEach":{"value":0},"servingsPerContainer":0,"servingSize":0},"quantity":"1","terms":{"priceEach":"74.67","taxEach":{"amount":"6.72"},"discountEach":{"amount":"0"},"pvEach":"54"}}]},"currency":"EUR"},{"lines":{"items":[{"item":{"href":"https:\/\/hydraqa.unicity.net\/v5a-test\/items\/493c2ba720f847422eccc5da35024f33","id":{"unicity":"31534"},"weightEach":{"value":0},"servingsPerContainer":0,"servingSize":0},"quantity":"1","terms":{"priceEach":"26.07","taxEach":{"amount":"2.35"},"discountEach":{"amount":"0"},"pvEach":"16"}}]},"currency":"EUR"},{"lines":{"items":[{"item":{"href":"https:\/\/hydraqa.unicity.net\/v5a-test\/items\/bfddb53fe0d5ed5432c531dc9850cbe4","id":{"unicity":"29449"},"weightEach":{"value":0},"servingsPerContainer":0,"servingSize":0},"quantity":"1","terms":{"priceEach":"26.07","taxEach":{"amount":"2.35"},"discountEach":{"amount":"0"},"pvEach":"16"}}]},"currency":"EUR"},{"lines":{"items":[{"item":{"href":"https:\/\/hydraqa.unicity.net\/v5a-test\/items\/75b870fdff12be635674216fe88d3204","id":{"unicity":"29984"},"weightEach":{"value":0},"servingsPerContainer":0,"servingSize":0},"quantity":"1","terms":{"priceEach":"37.73","taxEach":{"amount":"7.92"},"discountEach":{"amount":"0"},"pvEach":"24"}}]},"currency":"EUR"},{"lines":{"items":[{"item":{"href":"https:\/\/hydraqa.unicity.net\/v5a-test\/items\/4d23d73a0d3d3e5fe9c383822040a9b0","id":{"unicity":"32191"},"weightEach":{"value":0},"servingsPerContainer":0,"servingSize":0},"quantity":"1","terms":{"priceEach":"1315.79","taxEach":{"amount":"118.42"},"discountEach":{"amount":"0"},"pvEach":"903"}}]},"currency":"EUR"},{"lines":{"items":[{"item":{"href":"https:\/\/hydraqa.unicity.net\/v5a-test\/items\/e9fe58342fff74ec4f4430f7c622816e","id":{"unicity":"31870"},"weightEach":{"value":0},"servingsPerContainer":0,"servingSize":0},"quantity":"1","terms":{"priceEach":"20.47","taxEach":{"amount":"1.84"},"discountEach":{"amount":"0"},"pvEach":"9"}}]},"currency":"EUR"},{"lines":{"items":[{"item":{"href":"https:\/\/hydraqa.unicity.net\/v5a-test\/items\/fbb6dbd577adb73abaec364076fb288f","id":{"unicity":"32087"},"weightEach":{"value":0},"servingsPerContainer":0,"servingSize":0},"quantity":"1","terms":{"priceEach":"20.47","taxEach":{"amount":"1.84"},"discountEach":{"amount":"0"},"pvEach":"9"}}]},"currency":"EUR"},{"lines":{"items":[{"item":{"href":"https:\/\/hydraqa.unicity.net\/v5a-test\/items\/35dcc0035e442bbe6482f178ec38522c","id":{"unicity":"31868"},"weightEach":{"value":0},"servingsPerContainer":0,"servingSize":0},"quantity":"1","terms":{"priceEach":"20.47","taxEach":{"amount":"1.84"},"discountEach":{"amount":"0"},"pvEach":"9"}}]},"currency":"EUR"},{"lines":{"items":[{"item":{"href":"https:\/\/hydraqa.unicity.net\/v5a-test\/items\/baa263a2750aa330fbd9e5b96fdb2b55","id":{"unicity":"32609"},"weightEach":{"value":0},"servingsPerContainer":0,"servingSize":0},"quantity":"1","terms":{"priceEach":"55.98","taxEach":{"amount":"0"},"discountEach":{"amount":"0"},"pvEach":"34"}}]},"currency":"EUR"}]}
Entry request : {"order":{"customer":{"href":"https://hydraqa.unicity.net/v5a-test/customers?type=Associate"},"shipToAddress":{"country":"HU"}},"vary":{"lines":{"items":[{"item":{"href":"https://hydraqa.unicity.net/v5a-test/items?id.unicity=27160|27166|28601|28604|31336|31763|31951|31952|32128|32129|32130|32132|32133|32134|32135|32136|32137|32138|32125|18511|19941|22178|26422|27156|27158|27617|27660|27587|31772|29317|32126|32127|29833|30139|29316|24274|24418|26442|27150|27163|27575|27395|15880|26560|29017|26567|26568|24758|29821|32012|17174|29181|29183|30280|29187|29191|30684|30198|29522|31402|31672|31534|29449|29984|32191|31870|32087|31868|32609"}}]}}}
]]></system-out>
    <system-err><![CDATA[Starting ChromeDriver 2.36.540470 (e522d04694c7ebea4ba8821272dbef4f9b818c91) on port 17528
Only local connections are allowed.
Jan 27, 2020 5:42:47 PM org.openqa.selenium.remote.ProtocolHandshake createSession
INFO: Detected dialect: OSS
]]></system-err>
  </testcase>
  <testcase name="Enroll" classname="Tests.FranchisePartner" time="106.031"/>
  <testcase name="Enroll" classname="Tests.FranchisePartner" time="351.223"/>
  <testcase name="Enroll" classname="Tests.FranchisePartner" time="288.185">
    <failure message="Major Quotes Call Packs is not Displaying: lists don&apos;t have the same size expected [59] but found [58]" type="java.lang.AssertionError">java.lang.AssertionError: Major Quotes Call Packs is not Displaying: lists don't have the same size expected [59] but found [58]
	at Tests.FranchisePartner.Enroll(FranchisePartner.java:262)
</failure>
    <system-out><![CDATA[Request URL: https://hydraqa.unicity.net/v5a-test/quotes?&expand=item
Entry Quotes response : {"items":[{"lines":{"items":[{"item":{"href":"https:\/\/hydraqa.unicity.net\/v5a-test\/items\/8ebe36e26bc7f2559920b09303d22826","id":{"unicity":"25738"},"weightEach":{"value":0},"servingsPerContainer":0,"servingSize":0},"quantity":"1","terms":{"priceEach":"233","taxEach":{"amount":"23.3"},"discountEach":{"amount":"0"},"pvEach":"172"}}]},"currency":"EUR"},{"lines":{"items":[{"item":{"href":"https:\/\/hydraqa.unicity.net\/v5a-test\/items\/6447f84f6ef7782049a369b983428bb7","id":{"unicity":"31336"},"weightEach":{"value":0},"servingsPerContainer":0,"servingSize":0},"quantity":"1","terms":{"priceEach":"224.21","taxEach":{"amount":"22.42"},"discountEach":{"amount":"0"},"pvEach":"165"}}]},"currency":"EUR"},{"lines":{"items":[{"item":{"href":"https:\/\/hydraqa.unicity.net\/v5a-test\/items\/31cb0679f65df8fa9a4fc3d7e38b72b3","id":{"unicity":"31763"},"weightEach":{"value":0},"servingsPerContainer":0,"servingSize":0},"quantity":"1","terms":{"priceEach":"243.3","taxEach":{"amount":"24.33"},"discountEach":{"amount":"0"},"pvEach":"181"}}]},"currency":"EUR"},{"lines":{"items":[{"item":{"href":"https:\/\/hydraqa.unicity.net\/v5a-test\/items\/e9991b48ac639367d526d2b9b22fac8c","id":{"unicity":"32128"},"weightEach":{"value":0},"servingsPerContainer":0,"servingSize":0},"quantity":"1","terms":{"priceEach":"371.87","taxEach":{"amount":"37.19"},"discountEach":{"amount":"0"},"pvEach":"253"}}]},"currency":"EUR"},{"lines":{"items":[{"item":{"href":"https:\/\/hydraqa.unicity.net\/v5a-test\/items\/40b3312de189221d96d838d33a8ec49d","id":{"unicity":"32129"},"weightEach":{"value":0},"servingsPerContainer":0,"servingSize":0},"quantity":"1","terms":{"priceEach":"371.87","taxEach":{"amount":"37.19"},"discountEach":{"amount":"0"},"pvEach":"254"}}]},"currency":"EUR"},{"lines":{"items":[{"item":{"href":"https:\/\/hydraqa.unicity.net\/v5a-test\/items\/6bd168a66ce41003a8f30917deff5808","id":{"unicity":"32130"},"weightEach":{"value":0},"servingsPerContainer":0,"servingSize":0},"quantity":"1","terms":{"priceEach":"363.46","taxEach":{"amount":"36.35"},"discountEach":{"amount":"0"},"pvEach":"252"}}]},"currency":"EUR"},{"lines":{"items":[{"item":{"href":"https:\/\/hydraqa.unicity.net\/v5a-test\/items\/806f99b793edd7cd0b1c158ba0eb3142","id":{"unicity":"32132"},"weightEach":{"value":0},"servingsPerContainer":0,"servingSize":0},"quantity":"1","terms":{"priceEach":"355.98","taxEach":{"amount":"35.6"},"discountEach":{"amount":"0"},"pvEach":"253"}}]},"currency":"EUR"},{"lines":{"items":[{"item":{"href":"https:\/\/hydraqa.unicity.net\/v5a-test\/items\/e3d382d99fde8659cb146b54116e7654","id":{"unicity":"32133"},"weightEach":{"value":0},"servingsPerContainer":0,"servingSize":0},"quantity":"1","terms":{"priceEach":"364.39","taxEach":{"amount":"36.44"},"discountEach":{"amount":"0"},"pvEach":"252"}}]},"currency":"EUR"},{"lines":{"items":[{"item":{"href":"https:\/\/hydraqa.unicity.net\/v5a-test\/items\/022f109fe6e5eae3e521295a5cb94c60","id":{"unicity":"32134"},"weightEach":{"value":0},"servingsPerContainer":0,"servingSize":0},"quantity":"1","terms":{"priceEach":"144.77","taxEach":{"amount":"14.48"},"discountEach":{"amount":"0"},"pvEach":"101"}}]},"currency":"EUR"},{"lines":{"items":[{"item":{"href":"https:\/\/hydraqa.unicity.net\/v5a-test\/items\/ded00960d5e948dd8e511a9c752e1ff9","id":{"unicity":"32135"},"weightEach":{"value":0},"servingsPerContainer":0,"servingSize":0},"quantity":"1","terms":{"priceEach":"154.11","taxEach":{"amount":"15.41"},"discountEach":{"amount":"0"},"pvEach":"113"}}]},"currency":"EUR"},{"lines":{"items":[{"item":{"href":"https:\/\/hydraqa.unicity.net\/v5a-test\/items\/d8736cc35cf9f4734fd76da71c53dc05","id":{"unicity":"32136"},"weightEach":{"value":0},"servingsPerContainer":0,"servingSize":0},"quantity":"1","terms":{"priceEach":"141.96","taxEach":{"amount":"0"},"discountEach":{"amount":"0"},"pvEach":"102"}}]},"currency":"EUR"},{"lines":{"items":[{"item":{"href":"https:\/\/hydraqa.unicity.net\/v5a-test\/items\/166a69d45c4ae40278554e24d5f40443","id":{"unicity":"32137"},"weightEach":{"value":0},"servingsPerContainer":0,"servingSize":0},"quantity":"1","terms":{"priceEach":"168.13","taxEach":{"amount":"16.81"},"discountEach":{"amount":"0"},"pvEach":"118"}}]},"currency":"EUR"},{"lines":{"items":[{"item":{"href":"https:\/\/hydraqa.unicity.net\/v5a-test\/items\/d04a0b8762b20202b6273114fb7302d1","id":{"unicity":"32138"},"weightEach":{"value":0},"servingsPerContainer":0,"servingSize":0},"quantity":"1","terms":{"priceEach":"224.21","taxEach":{"amount":"22.42"},"discountEach":{"amount":"0"},"pvEach":"152"}}]},"currency":"EUR"},{"lines":{"items":[{"item":{"href":"https:\/\/hydraqa.unicity.net\/v5a-test\/items\/e13d0b5c40704ad5dd186959367c97f1","id":{"unicity":"32125"},"weightEach":{"value":0},"servingsPerContainer":0,"servingSize":0},"quantity":"1","terms":{"priceEach":"373.74","taxEach":{"amount":"37.37"},"discountEach":{"amount":"0"},"pvEach":"250"}}]},"currency":"EUR"},{"lines":{"items":[{"item":{"href":"https:\/\/hydraqa.unicity.net\/v5a-test\/items\/c451532f63a06f0e9a054e946a1a1c3b","id":{"unicity":"18511"},"weightEach":{"value":0},"servingsPerContainer":0,"servingSize":0},"quantity":"1","terms":{"priceEach":"37.29","taxEach":{"amount":"3.73"},"discountEach":{"amount":"0"},"pvEach":"23"}}]},"currency":"EUR"},{"lines":{"items":[{"item":{"href":"https:\/\/hydraqa.unicity.net\/v5a-test\/items\/4e49c95f12ae7be78e5ffab68b8b3ca6","id":{"unicity":"26422"},"weightEach":{"value":0},"servingsPerContainer":0,"servingSize":0},"quantity":"1","terms":{"priceEach":"19","taxEach":{"amount":"1.9"},"discountEach":{"amount":"0"},"pvEach":"16"}}]},"currency":"EUR"},{"lines":{"items":[{"item":{"href":"https:\/\/hydraqa.unicity.net\/v5a-test\/items\/50e73ecfa509ac20c4a250f9cb32fdfc","id":{"unicity":"27156"},"weightEach":{"value":0},"servingsPerContainer":0,"servingSize":0},"quantity":"1","terms":{"priceEach":"20.47","taxEach":{"amount":"2.05"},"discountEach":{"amount":"0"},"pvEach":"13"}}]},"currency":"EUR"},{"lines":{"items":[{"item":{"href":"https:\/\/hydraqa.unicity.net\/v5a-test\/items\/0c0717a26fcfe40310e906487e8a12f7","id":{"unicity":"28601"},"weightEach":{"value":0},"servingsPerContainer":0,"servingSize":0},"quantity":"1","terms":{"priceEach":"74.67","taxEach":{"amount":"7.47"},"discountEach":{"amount":"0"},"pvEach":"54"}}]},"currency":"EUR"},{"lines":{"items":[{"item":{"href":"https:\/\/hydraqa.unicity.net\/v5a-test\/items\/4790a55c442b5dc75a13b155e78c1842","id":{"unicity":"28604"},"weightEach":{"value":0},"servingsPerContainer":0,"servingSize":0},"quantity":"1","terms":{"priceEach":"74.67","taxEach":{"amount":"7.47"},"discountEach":{"amount":"0"},"pvEach":"54"}}]},"currency":"EUR"},{"lines":{"items":[{"item":{"href":"https:\/\/hydraqa.unicity.net\/v5a-test\/items\/024e696f8b44a1d315006e676604cd31","id":{"unicity":"27395"},"weightEach":{"value":0},"servingsPerContainer":0,"servingSize":0},"quantity":"1","terms":{"priceEach":"29.81","taxEach":{"amount":"2.98"},"discountEach":{"amount":"0"},"pvEach":"18"}}]},"currency":"EUR"},{"lines":{"items":[{"item":{"href":"https:\/\/hydraqa.unicity.net\/v5a-test\/items\/398d06b858b960f6f38086d40608aef2","id":{"unicity":"26560"},"weightEach":{"value":0},"servingsPerContainer":0,"servingSize":0},"quantity":"1","terms":{"priceEach":"20.47","taxEach":{"amount":"2.05"},"discountEach":{"amount":"0"},"pvEach":"13"}}]},"currency":"EUR"},{"lines":{"items":[{"item":{"href":"https:\/\/hydraqa.unicity.net\/v5a-test\/items\/3f2d12d7a0e8551fc99fad3bbe1ba633","id":{"unicity":"26567"},"weightEach":{"value":0},"servingsPerContainer":0,"servingSize":0},"quantity":"1","terms":{"priceEach":"55.98","taxEach":{"amount":"5.6"},"discountEach":{"amount":"0"},"pvEach":"26"}}]},"currency":"EUR"},{"lines":{"items":[{"item":{"href":"https:\/\/hydraqa.unicity.net\/v5a-test\/items\/191637167cb3144bd2e8c4615e9ab67e","id":{"unicity":"26568"},"weightEach":{"value":0},"servingsPerContainer":0,"servingSize":0},"quantity":"1","terms":{"priceEach":"55.98","taxEach":{"amount":"5.6"},"discountEach":{"amount":"0"},"pvEach":"26"}}]},"currency":"EUR"},{"lines":{"items":[{"item":{"href":"https:\/\/hydraqa.unicity.net\/v5a-test\/items\/64ec7ad932acafab052a4e8800ad1238","id":{"unicity":"24758"},"weightEach":{"value":0},"servingsPerContainer":0,"servingSize":0},"quantity":"1","terms":{"priceEach":"37.29","taxEach":{"amount":"3.73"},"discountEach":{"amount":"0"},"pvEach":"23"}}]},"currency":"EUR"},{"lines":{"items":[{"item":{"href":"https:\/\/hydraqa.unicity.net\/v5a-test\/items\/e94fcfc2ccd32bdd994f472b5cce1cb4","id":{"unicity":"27610"},"weightEach":{"value":0},"servingsPerContainer":0,"servingSize":0},"quantity":"1","terms":{"priceEach":"55.98","taxEach":{"amount":"5.6"},"discountEach":{"amount":"0"},"pvEach":"34"}}]},"currency":"EUR"},{"lines":{"items":[{"item":{"href":"https:\/\/hydraqa.unicity.net\/v5a-test\/items\/db0a2b02eaabc5ad45fe91ba5c7bcf5a","id":{"unicity":"31772"},"weightEach":{"value":0},"servingsPerContainer":0,"servingSize":0},"quantity":"1","terms":{"priceEach":"8.32","taxEach":{"amount":"1.83"},"discountEach":{"amount":"0"},"pvEach":"0"}}]},"currency":"EUR"},{"lines":{"items":[{"item":{"href":"https:\/\/hydraqa.unicity.net\/v5a-test\/items\/e7a22b0190431133928cfe16c5cfe824","id":{"unicity":"26671"},"weightEach":{"value":0},"servingsPerContainer":0,"servingSize":0},"quantity":"1","terms":{"priceEach":"24.79","taxEach":{"amount":"5.45"},"discountEach":{"amount":"0"},"pvEach":"0"}}]},"currency":"EUR"},{"lines":{"items":[{"item":{"href":"https:\/\/hydraqa.unicity.net\/v5a-test\/items\/d92292ba2f23c030e4a1f63eb3ebe1ce","id":{"unicity":"27158"},"weightEach":{"value":0},"servingsPerContainer":0,"servingSize":0},"quantity":"1","terms":{"priceEach":"27.94","taxEach":{"amount":"2.79"},"discountEach":{"amount":"0"},"pvEach":"23"}}]},"currency":"EUR"},{"lines":{"items":[{"item":{"href":"https:\/\/hydraqa.unicity.net\/v5a-test\/items\/112b8c39286598b3730f630f371a45f4","id":{"unicity":"27587"},"weightEach":{"value":0},"servingsPerContainer":0,"servingSize":0},"quantity":"1","terms":{"priceEach":"55.98","taxEach":{"amount":"5.6"},"discountEach":{"amount":"0"},"pvEach":"34"}}]},"currency":"EUR"},{"lines":{"items":[{"item":{"href":"https:\/\/hydraqa.unicity.net\/v5a-test\/items\/606f7be753c74dfbfe4b107276775140","id":{"unicity":"29821"},"weightEach":{"value":0},"servingsPerContainer":0,"servingSize":0},"quantity":"1","terms":{"priceEach":"79.35","taxEach":{"amount":"7.94"},"discountEach":{"amount":"0"},"pvEach":"59"}}]},"currency":"EUR"},{"lines":{"items":[{"item":{"href":"https:\/\/hydraqa.unicity.net\/v5a-test\/items\/3d89c4f7e508dfba4018dc9c732084de","id":{"unicity":"29181"},"weightEach":{"value":0},"servingsPerContainer":0,"servingSize":0},"quantity":"1","terms":{"priceEach":"16.72","taxEach":{"amount":"3.68"},"discountEach":{"amount":"0"},"pvEach":"9"}}]},"currency":"EUR"},{"lines":{"items":[{"item":{"href":"https:\/\/hydraqa.unicity.net\/v5a-test\/items\/991cdbb84a495779eb209fb3956a77e4","id":{"unicity":"29183"},"weightEach":{"value":0},"servingsPerContainer":0,"servingSize":0},"quantity":"1","terms":{"priceEach":"31.01","taxEach":{"amount":"6.82"},"discountEach":{"amount":"0"},"pvEach":"18"}}]},"currency":"EUR"},{"lines":{"items":[{"item":{"href":"https:\/\/hydraqa.unicity.net\/v5a-test\/items\/0e78fbdfebef11cd62f8d2120064ee58","id":{"unicity":"30280"},"weightEach":{"value":0},"servingsPerContainer":0,"servingSize":0},"quantity":"1","terms":{"priceEach":"33.53","taxEach":{"amount":"7.38"},"discountEach":{"amount":"0"},"pvEach":"20"}}]},"currency":"EUR"},{"lines":{"items":[{"item":{"href":"https:\/\/hydraqa.unicity.net\/v5a-test\/items\/beb900429fbb160dbfc3001c14d96df4","id":{"unicity":"29187"},"weightEach":{"value":0},"servingsPerContainer":0,"servingSize":0},"quantity":"1","terms":{"priceEach":"37.73","taxEach":{"amount":"8.3"},"discountEach":{"amount":"0"},"pvEach":"24"}}]},"currency":"EUR"},{"lines":{"items":[{"item":{"href":"https:\/\/hydraqa.unicity.net\/v5a-test\/items\/1b0412bea8c0b841c66f65a36aa14108","id":{"unicity":"29191"},"weightEach":{"value":0},"servingsPerContainer":0,"servingSize":0},"quantity":"1","terms":{"priceEach":"37.73","taxEach":{"amount":"8.3"},"discountEach":{"amount":"0"},"pvEach":"24"}}]},"currency":"EUR"},{"lines":{"items":[{"item":{"href":"https:\/\/hydraqa.unicity.net\/v5a-test\/items\/90f38f77c9e6ea5a71aa7377df83760b","id":{"unicity":"30198"},"weightEach":{"value":0},"servingsPerContainer":0,"servingSize":0},"quantity":"1","terms":{"priceEach":"19","taxEach":{"amount":"0"},"discountEach":{"amount":"0"},"pvEach":"16"}}]},"currency":"EUR"},{"lines":{"items":[{"item":{"href":"https:\/\/hydraqa.unicity.net\/v5a-test\/items\/ab2a2b07b17718843a66bee04ff40624","id":{"unicity":"31402"},"weightEach":{"value":0},"servingsPerContainer":0,"servingSize":0},"quantity":"1","terms":{"priceEach":"92.43","taxEach":{"amount":"9.24"},"discountEach":{"amount":"0"},"pvEach":"70"}}]},"currency":"EUR"},{"lines":{"items":[{"item":{"href":"https:\/\/hydraqa.unicity.net\/v5a-test\/items\/217ca02fbd24e21ca5281412756238ab","id":{"unicity":"32126"},"weightEach":{"value":0},"servingsPerContainer":0,"servingSize":0},"quantity":"1","terms":{"priceEach":"152.24","taxEach":{"amount":"16.22"},"discountEach":{"amount":"0"},"pvEach":"101"}}]},"currency":"EUR"},{"lines":{"items":[{"item":{"href":"https:\/\/hydraqa.unicity.net\/v5a-test\/items\/808008a0657d2033ad471c39bbce9891","id":{"unicity":"32127"},"weightEach":{"value":0},"servingsPerContainer":0,"servingSize":0},"quantity":"1","terms":{"priceEach":"162.34","taxEach":{"amount":"16.23"},"discountEach":{"amount":"0"},"pvEach":"113"}}]},"currency":"EUR"},{"lines":{"items":[{"item":{"href":"https:\/\/hydraqa.unicity.net\/v5a-test\/items\/10df0fc3509b53cbeaeb9476ca92d520","id":{"unicity":"29833"},"weightEach":{"value":0},"servingsPerContainer":0,"servingSize":0},"quantity":"1","terms":{"priceEach":"90.56","taxEach":{"amount":"9.06"},"discountEach":{"amount":"0"},"pvEach":"69"}}]},"currency":"EUR"},{"lines":{"items":[{"item":{"href":"https:\/\/hydraqa.unicity.net\/v5a-test\/items\/332daeac6796ed016ea8b7d0bc42c2d4","id":{"unicity":"24274"},"weightEach":{"value":0},"servingsPerContainer":0,"servingSize":0},"quantity":"1","terms":{"priceEach":"7.48","taxEach":{"amount":"1.65"},"discountEach":{"amount":"0"},"pvEach":"0"}}]},"currency":"EUR"},{"lines":{"items":[{"item":{"href":"https:\/\/hydraqa.unicity.net\/v5a-test\/items\/1945faa1776541d53120ecfe3c1d8a2b","id":{"unicity":"24418"},"weightEach":{"value":0},"servingsPerContainer":0,"servingSize":0},"quantity":"1","terms":{"priceEach":"4.96","taxEach":{"amount":"1.09"},"discountEach":{"amount":"0"},"pvEach":"0"}}]},"currency":"EUR"},{"lines":{"items":[{"item":{"href":"https:\/\/hydraqa.unicity.net\/v5a-test\/items\/10da226fab00279b4f89df10af2a10b7","id":{"unicity":"26442"},"weightEach":{"value":0},"servingsPerContainer":0,"servingSize":0},"quantity":"1","terms":{"priceEach":"5.8","taxEach":{"amount":"1.28"},"discountEach":{"amount":"0"},"pvEach":"0"}}]},"currency":"EUR"},{"lines":{"items":[{"item":{"href":"https:\/\/hydraqa.unicity.net\/v5a-test\/items\/5147f8cfe32548e02fc158d4da9c4d6f","id":{"unicity":"27150"},"weightEach":{"value":0},"servingsPerContainer":0,"servingSize":0},"quantity":"1","terms":{"priceEach":"93.36","taxEach":{"amount":"9.34"},"discountEach":{"amount":"0"},"pvEach":"70"}}]},"currency":"EUR"},{"lines":{"items":[{"item":{"href":"https:\/\/hydraqa.unicity.net\/v5a-test\/items\/03eba2365025ccd85818846a83a16f47","id":{"unicity":"27163"},"weightEach":{"value":0},"servingsPerContainer":0,"servingSize":0},"quantity":"1","terms":{"priceEach":"74.67","taxEach":{"amount":"7.47"},"discountEach":{"amount":"0"},"pvEach":"54"}}]},"currency":"EUR"},{"lines":{"items":[{"item":{"href":"https:\/\/hydraqa.unicity.net\/v5a-test\/items\/ac37bf51ff7e4fe860da8457f6ce0425","id":{"unicity":"27166"},"weightEach":{"value":0},"servingsPerContainer":0,"servingSize":0},"quantity":"1","terms":{"priceEach":"74.67","taxEach":{"amount":"7.47"},"discountEach":{"amount":"0"},"pvEach":"54"}}]},"currency":"EUR"},{"lines":{"items":[{"item":{"href":"https:\/\/hydraqa.unicity.net\/v5a-test\/items\/fc6a55f19d99547a667b22a83c35ca13","id":{"unicity":"27436"},"weightEach":{"value":0},"servingsPerContainer":0,"servingSize":0},"quantity":"1","terms":{"priceEach":"74.67","taxEach":{"amount":"7.47"},"discountEach":{"amount":"0"},"pvEach":"53"}}]},"currency":"EUR"},{"lines":{"items":[{"item":{"href":"https:\/\/hydraqa.unicity.net\/v5a-test\/items\/0eebdede5bdb8bf4d71e800b6f3cead1","id":{"unicity":"30825"},"weightEach":{"value":0},"servingsPerContainer":0,"servingSize":0},"quantity":"1","terms":{"priceEach":"37.29","taxEach":{"amount":"3.73"},"discountEach":{"amount":"0"},"pvEach":"23"}}]},"currency":"EUR"},{"lines":{"items":[{"item":{"href":"https:\/\/hydraqa.unicity.net\/v5a-test\/items\/4b2034f47fce90b87bba28c5c2d7c25d","id":{"unicity":"15880"},"weightEach":{"value":0},"servingsPerContainer":0,"servingSize":0},"quantity":"1","terms":{"priceEach":"51.31","taxEach":{"amount":"5.13"},"discountEach":{"amount":"0"},"pvEach":"33"}}]},"currency":"EUR"},{"lines":{"items":[{"item":{"href":"https:\/\/hydraqa.unicity.net\/v5a-test\/items\/94939f9be900906d2b47260ccba22a7b","id":{"unicity":"32012"},"weightEach":{"value":0},"servingsPerContainer":0,"servingSize":0},"quantity":"1","terms":{"priceEach":"13.93","taxEach":{"amount":"1.39"},"discountEach":{"amount":"0"},"pvEach":"6"}}]},"currency":"EUR"},{"lines":{"items":[{"item":{"href":"https:\/\/hydraqa.unicity.net\/v5a-test\/items\/52c87f74d3b41ed49b0f897b66c2a99b","id":{"unicity":"30684"},"weightEach":{"value":0},"servingsPerContainer":0,"servingSize":0},"quantity":"1","terms":{"priceEach":"37.29","taxEach":{"amount":"3.73"},"discountEach":{"amount":"0"},"pvEach":"23"}}]},"currency":"EUR"},{"lines":{"items":[{"item":{"href":"https:\/\/hydraqa.unicity.net\/v5a-test\/items\/7e5e7df32701fd44947c8146f2129f7a","id":{"unicity":"31672"},"weightEach":{"value":0},"servingsPerContainer":0,"servingSize":0},"quantity":"1","terms":{"priceEach":"74.67","taxEach":{"amount":"7.47"},"discountEach":{"amount":"0"},"pvEach":"54"}}]},"currency":"EUR"},{"lines":{"items":[{"item":{"href":"https:\/\/hydraqa.unicity.net\/v5a-test\/items\/493c2ba720f847422eccc5da35024f33","id":{"unicity":"31534"},"weightEach":{"value":0},"servingsPerContainer":0,"servingSize":0},"quantity":"1","terms":{"priceEach":"26.07","taxEach":{"amount":"2.61"},"discountEach":{"amount":"0"},"pvEach":"16"}}]},"currency":"EUR"},{"lines":{"items":[{"item":{"href":"https:\/\/hydraqa.unicity.net\/v5a-test\/items\/75b870fdff12be635674216fe88d3204","id":{"unicity":"29984"},"weightEach":{"value":0},"servingsPerContainer":0,"servingSize":0},"quantity":"1","terms":{"priceEach":"37.73","taxEach":{"amount":"8.3"},"discountEach":{"amount":"0"},"pvEach":"24"}}]},"currency":"EUR"},{"lines":{"items":[{"item":{"href":"https:\/\/hydraqa.unicity.net\/v5a-test\/items\/4d23d73a0d3d3e5fe9c383822040a9b0","id":{"unicity":"32191"},"weightEach":{"value":0},"servingsPerContainer":0,"servingSize":0},"quantity":"1","terms":{"priceEach":"1315.79","taxEach":{"amount":"131.58"},"discountEach":{"amount":"0"},"pvEach":"903"}}]},"currency":"EUR"},{"lines":{"items":[{"item":{"href":"https:\/\/hydraqa.unicity.net\/v5a-test\/items\/e9fe58342fff74ec4f4430f7c622816e","id":{"unicity":"31870"},"weightEach":{"value":0},"servingsPerContainer":0,"servingSize":0},"quantity":"1","terms":{"priceEach":"20.47","taxEach":{"amount":"2.05"},"discountEach":{"amount":"0"},"pvEach":"9"}}]},"currency":"EUR"},{"lines":{"items":[{"item":{"href":"https:\/\/hydraqa.unicity.net\/v5a-test\/items\/fbb6dbd577adb73abaec364076fb288f","id":{"unicity":"32087"},"weightEach":{"value":0},"servingsPerContainer":0,"servingSize":0},"quantity":"1","terms":{"priceEach":"20.47","taxEach":{"amount":"2.05"},"discountEach":{"amount":"0"},"pvEach":"9"}}]},"currency":"EUR"},{"lines":{"items":[{"item":{"href":"https:\/\/hydraqa.unicity.net\/v5a-test\/items\/35dcc0035e442bbe6482f178ec38522c","id":{"unicity":"31868"},"weightEach":{"value":0},"servingsPerContainer":0,"servingSize":0},"quantity":"1","terms":{"priceEach":"20.47","taxEach":{"amount":"2.05"},"discountEach":{"amount":"0"},"pvEach":"9"}}]},"currency":"EUR"},{"lines":{"items":[{"item":{"href":"https:\/\/hydraqa.unicity.net\/v5a-test\/items\/baa263a2750aa330fbd9e5b96fdb2b55","id":{"unicity":"32609"},"weightEach":{"value":0},"servingsPerContainer":0,"servingSize":0},"quantity":"1","terms":{"priceEach":"55.98","taxEach":{"amount":"5.6"},"discountEach":{"amount":"0"},"pvEach":"34"}}]},"currency":"EUR"}]}
Entry request : {"order":{"customer":{"href":"https://hydraqa.unicity.net/v5a-test/customers?type=Associate"},"shipToAddress":{"country":"IT"}},"vary":{"lines":{"items":[{"item":{"href":"https://hydraqa.unicity.net/v5a-test/items?id.unicity=25738|31336|31763|31951|31952|32128|32129|32130|32132|32133|32134|32135|32136|32137|32138|32125|18511|26422|27156|27660|28601|28604|27395|26560|26567|26568|24758|27610|31772|26671|27158|27587|29821|30139|29181|29183|30280|29187|29191|30198|31402|32126|32127|29833|20750|24274|24418|26442|27150|27163|27166|27436|30825|15880|32012|30684|31672|31534|29984|32191|31870|32087|31868|32609"}}]}}}
]]></system-out>
    <system-err><![CDATA[Starting ChromeDriver 2.36.540470 (e522d04694c7ebea4ba8821272dbef4f9b818c91) on port 39060
Only local connections are allowed.
Jan 27, 2020 5:54:57 PM org.openqa.selenium.remote.ProtocolHandshake createSession
INFO: Detected dialect: OSS
]]></system-err>
  </testcase>
  <testcase name="Enroll" classname="Tests.FranchisePartner" time="232.204"/>
  <testcase name="Enroll" classname="Tests.FranchisePartner" time="249.638">
    <failure message="Critical Suggested Address Pop up" type="java.lang.AssertionError">java.lang.AssertionError: Critical Suggested Address Pop up
	at Tests.FranchisePartner.Enroll(FranchisePartner.java:264)
</failure>
    <system-out><![CDATA[Request URL: https://hydraqa.unicity.net/v5a-test/quotes?&expand=item
Entry Quotes response : {"items":[{"currency":"USD","lines":{"items":[{"item":{"href":"https:\/\/hydraqa.unicity.net\/v5a-test\/items\/50747027a065cb8361c1f0d6eb880466","id":{"unicity":"32030"}},"terms":{"priceEach":"143.0000","pvEach":"102.0000"},"quantity":1}]}},{"currency":"USD","lines":{"items":[{"item":{"href":"https:\/\/hydraqa.unicity.net\/v5a-test\/items\/d306a0b65f27f19b4968e5c05906a9f4","id":{"unicity":"31314"}},"terms":{"priceEach":"384.0000","pvEach":"266.0000"},"quantity":1}]}},{"currency":"USD","lines":{"items":[{"item":{"href":"https:\/\/hydraqa.unicity.net\/v5a-test\/items\/716b7a0bca7fa73e42e000d668e7ee65","id":{"unicity":"15129"}},"terms":{"priceEach":"22.0000","pvEach":"10.0000"},"quantity":1}]}},{"currency":"USD","lines":{"items":[{"item":{"href":"https:\/\/hydraqa.unicity.net\/v5a-test\/items\/9a7715e888c94989d898fe4653645721","id":{"unicity":"26550"}},"terms":{"priceEach":"80.0000","pvEach":"52.0000"},"quantity":1}]}},{"currency":"USD","lines":{"items":[{"item":{"href":"https:\/\/hydraqa.unicity.net\/v5a-test\/items\/80a898d805f759925797847a176bf62f","id":{"unicity":"26551"}},"terms":{"priceEach":"80.0000","pvEach":"52.0000"},"quantity":1}]}},{"currency":"USD","lines":{"items":[{"item":{"href":"https:\/\/hydraqa.unicity.net\/v5a-test\/items\/292b6aee9c1193e9488e9ae6e3a845e4","id":{"unicity":"29684"}},"terms":{"priceEach":"242.0000","pvEach":"144.0000"},"quantity":1}]}},{"currency":"USD","lines":{"items":[{"item":{"href":"https:\/\/hydraqa.unicity.net\/v5a-test\/items\/fbb319232b7eed110794d46a68302acb","id":{"unicity":"31847"}},"terms":{"priceEach":"120.0000","pvEach":"80.0000"},"quantity":1}]}},{"currency":"USD","lines":{"items":[{"item":{"href":"https:\/\/hydraqa.unicity.net\/v5a-test\/items\/077823d29445b9020de9931f10c63efd","id":{"unicity":"31958"}},"terms":{"priceEach":"129.0000","pvEach":"85.0000"},"quantity":1}]}},{"currency":"USD","lines":{"items":[{"item":{"href":"https:\/\/hydraqa.unicity.net\/v5a-test\/items\/00c2eb70c985722ce208490aece00945","id":{"unicity":"31729"}},"terms":{"priceEach":"143.0000","pvEach":"100.0000"},"quantity":1}]}},{"currency":"USD","lines":{"items":[{"item":{"href":"https:\/\/hydraqa.unicity.net\/v5a-test\/items\/89b6d29a85a88d44d65bc8cca3fefc65","id":{"unicity":"31845"}},"terms":{"priceEach":"143.0000","pvEach":"100.0000"},"quantity":1}]}},{"currency":"USD","lines":{"items":[{"item":{"href":"https:\/\/hydraqa.unicity.net\/v5a-test\/items\/3875e24e6b6ebdf36c79d205614ed51e","id":{"unicity":"31846"}},"terms":{"priceEach":"126.0000","pvEach":"94.0000"},"quantity":1}]}},{"currency":"USD","lines":{"items":[{"item":{"href":"https:\/\/hydraqa.unicity.net\/v5a-test\/items\/5bda067b70c43971650a6ef983f612e4","id":{"unicity":"31728"}},"terms":{"priceEach":"126.0000","pvEach":"94.0000"},"quantity":1}]}},{"currency":"USD","lines":{"items":[{"item":{"href":"https:\/\/hydraqa.unicity.net\/v5a-test\/items\/693a7c4a70b06a00471afe8d6cae5023","id":{"unicity":"31730"}},"terms":{"priceEach":"120.0000","pvEach":"80.0000"},"quantity":1}]}},{"currency":"USD","lines":{"items":[{"item":{"href":"https:\/\/hydraqa.unicity.net\/v5a-test\/items\/ccb242d74dcb1fe621cc7bfe1b1de315","id":{"unicity":"31731"}},"terms":{"priceEach":"89.0000","pvEach":"61.0000"},"quantity":1}]}},{"currency":"USD","lines":{"items":[{"item":{"href":"https:\/\/hydraqa.unicity.net\/v5a-test\/items\/764e2db430d361da99e8f6b70c4d0244","id":{"unicity":"29830"}},"terms":{"priceEach":"17.0000","pvEach":"7.0000"},"quantity":1}]}},{"currency":"USD","lines":{"items":[{"item":{"href":"https:\/\/hydraqa.unicity.net\/v5a-test\/items\/8b5ed9aa6c6132e1be5e446f69a3465e","id":{"unicity":"0954"}},"terms":{"priceEach":"21.0000","pvEach":"15.0000"},"quantity":1}]}},{"currency":"USD","lines":{"items":[{"item":{"href":"https:\/\/hydraqa.unicity.net\/v5a-test\/items\/b91affa753dd5ee8a9acef4fa7e2c9a7","id":{"unicity":"30414"}},"terms":{"priceEach":"94.0000","pvEach":"65.0000"},"quantity":1}]}},{"currency":"USD","lines":{"items":[{"item":{"href":"https:\/\/hydraqa.unicity.net\/v5a-test\/items\/9d9d002b0e21b9bd58ad0154a4f781c5","id":{"unicity":"28836"}},"terms":{"priceEach":"58.0000","pvEach":"36.0000"},"quantity":1}]}},{"currency":"USD","lines":{"items":[{"item":{"href":"https:\/\/hydraqa.unicity.net\/v5a-test\/items\/399be8efa903b362515c48315ab2afb9","id":{"unicity":"15712"}},"terms":{"priceEach":"15.0000","pvEach":"5.0000"},"quantity":1}]}},{"currency":"USD","lines":{"items":[{"item":{"href":"https:\/\/hydraqa.unicity.net\/v5a-test\/items\/390a7ae70d5669561ecdf7d5cff2671b","id":{"unicity":"15271"}},"terms":{"priceEach":"69.0000","pvEach":"27.0000"},"quantity":1}]}},{"currency":"USD","lines":{"items":[{"item":{"href":"https:\/\/hydraqa.unicity.net\/v5a-test\/items\/933f0856fd8ec1df83c5283dabf4ec3c","id":{"unicity":"6200"}},"terms":{"priceEach":"68.0000","pvEach":"47.0000"},"quantity":1}]}},{"currency":"USD","lines":{"items":[{"item":{"href":"https:\/\/hydraqa.unicity.net\/v5a-test\/items\/75faf5436630ed02a683726aa0e9056f","id":{"unicity":"22165"}},"terms":{"priceEach":"86.0000","pvEach":"65.0000"},"quantity":1}]}},{"currency":"USD","lines":{"items":[{"item":{"href":"https:\/\/hydraqa.unicity.net\/v5a-test\/items\/0cf62d38e91953b43dcfe88b06f813cb","id":{"unicity":"26557"}},"terms":{"priceEach":"79.0000","pvEach":"61.0000"},"quantity":1}]}},{"currency":"USD","lines":{"items":[{"item":{"href":"https:\/\/hydraqa.unicity.net\/v5a-test\/items\/3af97c67f653253825a9189a27da57d6","id":{"unicity":"26556"}},"terms":{"priceEach":"79.0000","pvEach":"61.0000"},"quantity":1}]}},{"currency":"USD","lines":{"items":[{"item":{"href":"https:\/\/hydraqa.unicity.net\/v5a-test\/items\/d489ec0d50f6e28d5743afc65439631b","id":{"unicity":"0960"}},"terms":{"priceEach":"37.0000","pvEach":"23.0000"},"quantity":1}]}},{"currency":"USD","lines":{"items":[{"item":{"href":"https:\/\/hydraqa.unicity.net\/v5a-test\/items\/66839181d7531692a8d886a9da6fb4d6","id":{"unicity":"25369"}},"terms":{"priceEach":"48.0000","pvEach":"25.0000"},"quantity":1}]}},{"currency":"USD","lines":{"items":[{"item":{"href":"https:\/\/hydraqa.unicity.net\/v5a-test\/items\/0eebdede5bdb8bf4d71e800b6f3cead1","id":{"unicity":"30825"}},"terms":{"priceEach":"49.0000","pvEach":"25.0000"},"quantity":1}]}},{"currency":"USD","lines":{"items":[{"item":{"href":"https:\/\/hydraqa.unicity.net\/v5a-test\/items\/5c2f1613082782e691d32fe9ce034026","id":{"unicity":"23728"}},"terms":{"priceEach":"26.0000","pvEach":"13.0000"},"quantity":1}]}},{"currency":"USD","lines":{"items":[{"item":{"href":"https:\/\/hydraqa.unicity.net\/v5a-test\/items\/9a6e1d094182389c3da8e0a320ff0e00","id":{"unicity":"27585"}},"terms":{"priceEach":"56.0000","pvEach":"33.0000"},"quantity":1}]}},{"currency":"USD","lines":{"items":[{"item":{"href":"https:\/\/hydraqa.unicity.net\/v5a-test\/items\/25eaf64b36ce31368f17ae789fd9ac5b","id":{"unicity":"29694"}},"terms":{"priceEach":"56.0000","pvEach":"33.0000"},"quantity":1}]}},{"currency":"USD","lines":{"items":[{"item":{"href":"https:\/\/hydraqa.unicity.net\/v5a-test\/items\/112b8c39286598b3730f630f371a45f4","id":{"unicity":"27587"}},"terms":{"priceEach":"58.0000","pvEach":"33.0000"},"quantity":1}]}},{"currency":"USD","lines":{"items":[{"item":{"href":"https:\/\/hydraqa.unicity.net\/v5a-test\/items\/16ca68abaaa92505c257be022a154769","id":{"unicity":"27615"}},"terms":{"priceEach":"29.0000","pvEach":"21.0000"},"quantity":1}]}},{"currency":"USD","lines":{"items":[{"item":{"href":"https:\/\/hydraqa.unicity.net\/v5a-test\/items\/362999101a321b721c87110710ae77b0","id":{"unicity":"29352"}},"terms":{"priceEach":"119.0000","pvEach":"80.0000"},"quantity":1}]}},{"currency":"USD","lines":{"items":[{"item":{"href":"https:\/\/hydraqa.unicity.net\/v5a-test\/items\/2f028442193b3166b6c4f9590bd352b4","id":{"unicity":"32366"}},"terms":{"priceEach":"94.0000","pvEach":"68.0000"},"quantity":1}]}},{"currency":"USD","lines":{"items":[{"item":{"href":"https:\/\/hydraqa.unicity.net\/v5a-test\/items\/18f4c25c966306833f623287c875d6ba","id":{"unicity":"32369"}},"terms":{"priceEach":"151.0000","pvEach":"93.0000"},"quantity":1}]}},{"currency":"USD","lines":{"items":[{"item":{"href":"https:\/\/hydraqa.unicity.net\/v5a-test\/items\/779b47d856ea7e246c9e5aabc6eca794","id":{"unicity":"32370"}},"terms":{"priceEach":"136.0000","pvEach":"95.0000"},"quantity":1}]}},{"currency":"USD","lines":{"items":[{"item":{"href":"https:\/\/hydraqa.unicity.net\/v5a-test\/items\/05ca08f3808f126c0cc42154c50fc75c","id":{"unicity":"29440"}},"terms":{"priceEach":"120.0000","pvEach":"90.0000"},"quantity":1}]}},{"currency":"USD","lines":{"items":[{"item":{"href":"https:\/\/hydraqa.unicity.net\/v5a-test\/items\/cea826eab72d44641c070aab6c97c1ac","id":{"unicity":"22747"}},"terms":{"priceEach":"27.0000","pvEach":"16.0000"},"quantity":1}]}},{"currency":"USD","lines":{"items":[{"item":{"href":"https:\/\/hydraqa.unicity.net\/v5a-test\/items\/1945faa1776541d53120ecfe3c1d8a2b","id":{"unicity":"24418"}},"terms":{"priceEach":"5.0000","pvEach":"0.0000"},"quantity":1}]}},{"currency":"USD","lines":{"items":[{"item":{"href":"https:\/\/hydraqa.unicity.net\/v5a-test\/items\/e0a19d3d676bccfdba0ab3d9f2766359","id":{"unicity":"30350"}},"terms":{"priceEach":"50.0000","pvEach":"30.0000"},"quantity":1}]}},{"currency":"USD","lines":{"items":[{"item":{"href":"https:\/\/hydraqa.unicity.net\/v5a-test\/items\/b2fc4b9ba4aa5cae54389161be2f841f","id":{"unicity":"18401"}},"terms":{"priceEach":"31.0000","pvEach":"19.0000"},"quantity":1}]}},{"currency":"USD","lines":{"items":[{"item":{"href":"https:\/\/hydraqa.unicity.net\/v5a-test\/items\/1b0412bea8c0b841c66f65a36aa14108","id":{"unicity":"29191"}},"terms":{"priceEach":"64.0000","pvEach":"36.0000"},"quantity":1}]}},{"currency":"USD","lines":{"items":[{"item":{"href":"https:\/\/hydraqa.unicity.net\/v5a-test\/items\/1bd53de7fe880ba71f46c9976ca2c137","id":{"unicity":"27739"}},"terms":{"priceEach":"33.0000","pvEach":"13.0000"},"quantity":1}]}},{"currency":"USD","lines":{"items":[{"item":{"href":"https:\/\/hydraqa.unicity.net\/v5a-test\/items\/035189015384166df518a68ede0299a9","id":{"unicity":"30408"}},"terms":{"priceEach":"84.0000","pvEach":"50.0000"},"quantity":1}]}},{"currency":"USD","lines":{"items":[{"item":{"href":"https:\/\/hydraqa.unicity.net\/v5a-test\/items\/bed533c634e887357ff031d8e4c776b0","id":{"unicity":"31751"}},"terms":{"priceEach":"99.0000","pvEach":"50.0000"},"quantity":1}]}},{"currency":"USD","lines":{"items":[{"item":{"href":"https:\/\/hydraqa.unicity.net\/v5a-test\/items\/e5029d0db50d6ea324b5e25f54d82636","id":{"unicity":"31651"}},"terms":{"priceEach":"29.0000","pvEach":"14.0000"},"quantity":1}]}},{"currency":"USD","lines":{"items":[{"item":{"href":"https:\/\/hydraqa.unicity.net\/v5a-test\/items\/c201dcd36f4bb7e17e7a8481ef08d6f2","id":{"unicity":"31518"}},"terms":{"priceEach":"29.0000","pvEach":"14.0000"},"quantity":1}]}},{"currency":"USD","lines":{"items":[{"item":{"href":"https:\/\/hydraqa.unicity.net\/v5a-test\/items\/f5a91f19576078a69f82c9f58805f479","id":{"unicity":"31655"}},"terms":{"priceEach":"29.0000","pvEach":"14.0000"},"quantity":1}]}},{"currency":"USD","lines":{"items":[{"item":{"href":"https:\/\/hydraqa.unicity.net\/v5a-test\/items\/0a3ede185ddf034630afd891c5106d33","id":{"unicity":"26562"}},"terms":{"priceEach":"33.0000","pvEach":"25.0000"},"quantity":1}]}},{"currency":"USD","lines":{"items":[{"item":{"href":"https:\/\/hydraqa.unicity.net\/v5a-test\/items\/1d977fb1e1c0aa5d0b71ee2cf01e7b4d","id":{"unicity":"32016"}},"terms":{"priceEach":"206.0000","pvEach":"130.0000"},"quantity":1}]}},{"currency":"USD","lines":{"items":[{"item":{"href":"https:\/\/hydraqa.unicity.net\/v5a-test\/items\/1524974f80be01c93083e794816394ab","id":{"unicity":"32017"}},"terms":{"priceEach":"206.0000","pvEach":"130.0000"},"quantity":1}]}},{"currency":"USD","lines":{"items":[{"item":{"href":"https:\/\/hydraqa.unicity.net\/v5a-test\/items\/4b2034f47fce90b87bba28c5c2d7c25d","id":{"unicity":"15880"}},"terms":{"priceEach":"59.0000","pvEach":"41.0000"},"quantity":1}]}},{"currency":"USD","lines":{"items":[{"item":{"href":"https:\/\/hydraqa.unicity.net\/v5a-test\/items\/3d89c4f7e508dfba4018dc9c732084de","id":{"unicity":"29181"}},"terms":{"priceEach":"24.0000","pvEach":"12.0000"},"quantity":1}]}},{"currency":"USD","lines":{"items":[{"item":{"href":"https:\/\/hydraqa.unicity.net\/v5a-test\/items\/9ce45d695c87f93b29794041362b5192","id":{"unicity":"26945"}},"terms":{"priceEach":"35.0000","pvEach":"0.0000"},"quantity":1}]}},{"currency":"USD","lines":{"items":[{"item":{"href":"https:\/\/hydraqa.unicity.net\/v5a-test\/items\/aa0d72ac13b1ce88cf8c4a52ede75a37","id":{"unicity":"26552"}},"terms":{"priceEach":"70.0000","pvEach":"50.0000"},"quantity":1}]}},{"currency":"USD","lines":{"items":[{"item":{"href":"https:\/\/hydraqa.unicity.net\/v5a-test\/items\/5c6f1a39257b63482d454789e4d2035c","id":{"unicity":"26553"}},"terms":{"priceEach":"80.0000","pvEach":"50.0000"},"quantity":1}]}},{"currency":"USD","lines":{"items":[{"item":{"href":"https:\/\/hydraqa.unicity.net\/v5a-test\/items\/8d994059c399f5551ab112574e4476fc","id":{"unicity":"24785"}},"terms":{"priceEach":"14.0000","pvEach":"9.0000"},"quantity":1}]}},{"currency":"USD","lines":{"items":[{"item":{"href":"https:\/\/hydraqa.unicity.net\/v5a-test\/items\/8ed7a8910d5c5335774fa9cfae0e511d","id":{"unicity":"18386"}},"terms":{"priceEach":"27.0000","pvEach":"21.0000"},"quantity":1}]}},{"currency":"USD","lines":{"items":[{"item":{"href":"https:\/\/hydraqa.unicity.net\/v5a-test\/items\/398d06b858b960f6f38086d40608aef2","id":{"unicity":"26560"}},"terms":{"priceEach":"16.0000","pvEach":"12.0000"},"quantity":1}]}},{"currency":"USD","lines":{"items":[{"item":{"href":"https:\/\/hydraqa.unicity.net\/v5a-test\/items\/55d3b550a17b78175cc5ac565e4266e8","id":{"unicity":"24621"}},"terms":{"priceEach":"20.0000","pvEach":"12.0000"},"quantity":1}]}},{"currency":"USD","lines":{"items":[{"item":{"href":"https:\/\/hydraqa.unicity.net\/v5a-test\/items\/bb5c627f16547cb4f706cef521bca356","id":{"unicity":"29437"}},"terms":{"priceEach":"62.0000","pvEach":"36.0000"},"quantity":1}]}},{"currency":"USD","lines":{"items":[{"item":{"href":"https:\/\/hydraqa.unicity.net\/v5a-test\/items\/0e78fbdfebef11cd62f8d2120064ee58","id":{"unicity":"30280"}},"terms":{"priceEach":"42.0000","pvEach":"24.0000"},"quantity":1}]}},{"currency":"USD","lines":{"items":[{"item":{"href":"https:\/\/hydraqa.unicity.net\/v5a-test\/items\/2835b1a78e379486f0ffbfd5fb9f6b0a","id":{"unicity":"30400"}},"terms":{"priceEach":"38.0000","pvEach":"28.0000"},"quantity":1}]}},{"currency":"USD","lines":{"items":[{"item":{"href":"https:\/\/hydraqa.unicity.net\/v5a-test\/items\/84bf86533ae28dc84370f3699cc13a1d","id":{"unicity":"17744"}},"terms":{"priceEach":"97.0000","pvEach":"62.0000"},"quantity":1}]}},{"currency":"USD","lines":{"items":[{"item":{"href":"https:\/\/hydraqa.unicity.net\/v5a-test\/items\/48433ffc76597c823adc2b8627e033e4","id":{"unicity":"26559"}},"terms":{"priceEach":"30.0000","pvEach":"20.0000"},"quantity":1}]}},{"currency":"USD","lines":{"items":[{"item":{"href":"https:\/\/hydraqa.unicity.net\/v5a-test\/items\/5a38f009bec6c23b1b3a70432f9722e5","id":{"unicity":"19596"}},"terms":{"priceEach":"49.0000","pvEach":"30.0000"},"quantity":1}]}},{"currency":"USD","lines":{"items":[{"item":{"href":"https:\/\/hydraqa.unicity.net\/v5a-test\/items\/38da42f991a40a00153b2e5055b82dbf","id":{"unicity":"27801"}},"terms":{"priceEach":"195.0000","pvEach":"130.0000"},"quantity":1}]}},{"currency":"USD","lines":{"items":[{"item":{"href":"https:\/\/hydraqa.unicity.net\/v5a-test\/items\/051e765a5a71835a859c2757edd359f0","id":{"unicity":"26580"}},"terms":{"priceEach":"195.0000","pvEach":"130.0000"},"quantity":1}]}},{"currency":"USD","lines":{"items":[{"item":{"href":"https:\/\/hydraqa.unicity.net\/v5a-test\/items\/8c21f026bb6a32624e0c80475bf8efb0","id":{"unicity":"25880"}},"terms":{"priceEach":"33.0000","pvEach":"23.0000"},"quantity":1}]}},{"currency":"USD","lines":{"items":[{"item":{"href":"https:\/\/hydraqa.unicity.net\/v5a-test\/items\/e218d1cac5f31e7ae4f5876c29c57377","id":{"unicity":"29017"}},"terms":{"priceEach":"38.0000","pvEach":"26.0000"},"quantity":1}]}},{"currency":"USD","lines":{"items":[{"item":{"href":"https:\/\/hydraqa.unicity.net\/v5a-test\/items\/24ff5bda40c0d0e7eaa511866d052915","id":{"unicity":"29612"}},"terms":{"priceEach":"49.0000","pvEach":"30.0000"},"quantity":1}]}},{"currency":"USD","lines":{"items":[{"item":{"href":"https:\/\/hydraqa.unicity.net\/v5a-test\/items\/2c4c1abe00983e85aaa918d2ce341491","id":{"unicity":"17174"}},"terms":{"priceEach":"17.0000","pvEach":"10.0000"},"quantity":1}]}},{"currency":"USD","lines":{"items":[{"item":{"href":"https:\/\/hydraqa.unicity.net\/v5a-test\/items\/3f2d12d7a0e8551fc99fad3bbe1ba633","id":{"unicity":"26567"}},"terms":{"priceEach":"56.0000","pvEach":"35.0000"},"quantity":1}]}},{"currency":"USD","lines":{"items":[{"item":{"href":"https:\/\/hydraqa.unicity.net\/v5a-test\/items\/191637167cb3144bd2e8c4615e9ab67e","id":{"unicity":"26568"}},"terms":{"priceEach":"56.0000","pvEach":"35.0000"},"quantity":1}]}},{"currency":"USD","lines":{"items":[{"item":{"href":"https:\/\/hydraqa.unicity.net\/v5a-test\/items\/2cefc6a61faaae3455a5adcb0d8fc74f","id":{"unicity":"15907"}},"terms":{"priceEach":"15.0000","pvEach":"5.0000"},"quantity":1}]}},{"currency":"USD","lines":{"items":[{"item":{"href":"https:\/\/hydraqa.unicity.net\/v5a-test\/items\/e870d73cd94149d9f6b55de9736c9daa","id":{"unicity":"3107"}},"terms":{"priceEach":"24.0000","pvEach":"16.0000"},"quantity":1}]}},{"currency":"USD","lines":{"items":[{"item":{"href":"https:\/\/hydraqa.unicity.net\/v5a-test\/items\/b127a2d34d3d73e2f53e4c2002a7a4a2","id":{"unicity":"25008"}},"terms":{"priceEach":"19.0000","pvEach":"15.0000"},"quantity":1}]}},{"currency":"USD","lines":{"items":[{"item":{"href":"https:\/\/hydraqa.unicity.net\/v5a-test\/items\/dcdf1b79b8b6f644100ffc20fdca4683","id":{"unicity":"27835"}},"terms":{"priceEach":"1455.0000","pvEach":"1000.0000"},"quantity":1}]}},{"currency":"USD","lines":{"items":[{"item":{"href":"https:\/\/hydraqa.unicity.net\/v5a-test\/items\/efe7d99f2b77ea614d624d371afa4244","id":{"unicity":"25543"}},"terms":{"priceEach":"1455.0000","pvEach":"1000.0000"},"quantity":1}]}},{"currency":"USD","lines":{"items":[{"item":{"href":"https:\/\/hydraqa.unicity.net\/v5a-test\/items\/2da06ecf761a87f5619997496b83b745","id":{"unicity":"27831"}},"terms":{"priceEach":"1455.0000","pvEach":"1000.0000"},"quantity":1}]}},{"currency":"USD","lines":{"items":[{"item":{"href":"https:\/\/hydraqa.unicity.net\/v5a-test\/items\/1ab3a5a9b55fdf3618d21bf1d528afe4","id":{"unicity":"25542"}},"terms":{"priceEach":"1455.0000","pvEach":"1000.0000"},"quantity":1}]}},{"currency":"USD","lines":{"items":[{"item":{"href":"https:\/\/hydraqa.unicity.net\/v5a-test\/items\/52f0d3751a2d8f3f3670328e8157de5e","id":{"unicity":"27833"}},"terms":{"priceEach":"1455.0000","pvEach":"1000.0000"},"quantity":1}]}},{"currency":"USD","lines":{"items":[{"item":{"href":"https:\/\/hydraqa.unicity.net\/v5a-test\/items\/1535f370eb06bf30117fa28aa9ab1179","id":{"unicity":"25544"}},"terms":{"priceEach":"1455.0000","pvEach":"1000.0000"},"quantity":1}]}},{"currency":"USD","lines":{"items":[{"item":{"href":"https:\/\/hydraqa.unicity.net\/v5a-test\/items\/87f09080f7a29929816891acef721667","id":{"unicity":"25545"}},"terms":{"priceEach":"1455.0000","pvEach":"1000.0000"},"quantity":1}]}},{"currency":"USD","lines":{"items":[{"item":{"href":"https:\/\/hydraqa.unicity.net\/v5a-test\/items\/991cdbb84a495779eb209fb3956a77e4","id":{"unicity":"29183"}},"terms":{"priceEach":"42.0000","pvEach":"24.0000"},"quantity":1}]}},{"currency":"USD","lines":{"items":[{"item":{"href":"https:\/\/hydraqa.unicity.net\/v5a-test\/items\/cda534d686af5d627c94c4bb2c4b57d8","id":{"unicity":"26561"}},"terms":{"priceEach":"16.0000","pvEach":"11.0000"},"quantity":1}]}},{"currency":"USD","lines":{"items":[{"item":{"href":"https:\/\/hydraqa.unicity.net\/v5a-test\/items\/10da226fab00279b4f89df10af2a10b7","id":{"unicity":"26442"}},"terms":{"priceEach":"6.0000","pvEach":"0.0000"},"quantity":1}]}},{"currency":"USD","lines":{"items":[{"item":{"href":"https:\/\/hydraqa.unicity.net\/v5a-test\/items\/2de8516a24af8232add0bb392e750a71","id":{"unicity":"31859"}},"terms":{"priceEach":"179.0000","pvEach":"130.0000"},"quantity":1}]}},{"currency":"USD","lines":{"items":[{"item":{"href":"https:\/\/hydraqa.unicity.net\/v5a-test\/items\/cf8460040a1860bcabf250b6c1171675","id":{"unicity":"31858"}},"terms":{"priceEach":"269.0000","pvEach":"195.0000"},"quantity":1}]}},{"currency":"USD","lines":{"items":[{"item":{"href":"https:\/\/hydraqa.unicity.net\/v5a-test\/items\/4ab49eca1731e69206ccafb5112ad5a4","id":{"unicity":"31861"}},"terms":{"priceEach":"196.0000","pvEach":"135.0000"},"quantity":1}]}},{"currency":"USD","lines":{"items":[{"item":{"href":"https:\/\/hydraqa.unicity.net\/v5a-test\/items\/d4c8fce238d6fc34d17a4b36d1e4e59a","id":{"unicity":"31860"}},"terms":{"priceEach":"196.0000","pvEach":"135.0000"},"quantity":1}]}},{"currency":"USD","lines":{"items":[{"item":{"href":"https:\/\/hydraqa.unicity.net\/v5a-test\/items\/fd464cd7972cc1317e850b9196d886b8","id":{"unicity":"31863"}},"terms":{"priceEach":"210.0000","pvEach":"148.0000"},"quantity":1}]}},{"currency":"USD","lines":{"items":[{"item":{"href":"https:\/\/hydraqa.unicity.net\/v5a-test\/items\/e47fd287212acedd1cffb2b67bf623bd","id":{"unicity":"31862"}},"terms":{"priceEach":"210.0000","pvEach":"148.0000"},"quantity":1}]}},{"currency":"USD","lines":{"items":[{"item":{"href":"https:\/\/hydraqa.unicity.net\/v5a-test\/items\/024e696f8b44a1d315006e676604cd31","id":{"unicity":"27395"}},"terms":{"priceEach":"25.0000","pvEach":"16.0000"},"quantity":1}]}},{"currency":"USD","lines":{"items":[{"item":{"href":"https:\/\/hydraqa.unicity.net\/v5a-test\/items\/3ddd31ddbe0e5807756d2488e7cc3602","id":{"unicity":"31440"}},"terms":{"priceEach":"40.0000","pvEach":"0.0000"},"quantity":1}]}},{"currency":"USD","lines":{"items":[{"item":{"href":"https:\/\/hydraqa.unicity.net\/v5a-test\/items\/90d5ee3af77bdc64ecf28a45b604bf3d","id":{"unicity":"31441"}},"terms":{"priceEach":"40.0000","pvEach":"0.0000"},"quantity":1}]}},{"currency":"USD","lines":{"items":[{"item":{"href":"https:\/\/hydraqa.unicity.net\/v5a-test\/items\/91a6016282310b83203d0bb7bea14a0f","id":{"unicity":"29050"}},"terms":{"priceEach":"12.9500","pvEach":"0.0000"},"quantity":1}]}},{"currency":"USD","lines":{"items":[{"item":{"href":"https:\/\/hydraqa.unicity.net\/v5a-test\/items\/7fc100f8d20814757efe2d79e41b315c","id":{"unicity":"32021"}},"terms":{"priceEach":"89.0000","pvEach":"60.0000"},"quantity":1}]}},{"currency":"USD","lines":{"items":[{"item":{"href":"https:\/\/hydraqa.unicity.net\/v5a-test\/items\/634f7efb30392b2a919de1355902d975","id":{"unicity":"29408"}},"terms":{"priceEach":"80.0000","pvEach":"52.0000"},"quantity":1}]}},{"currency":"USD","lines":{"items":[{"item":{"href":"https:\/\/hydraqa.unicity.net\/v5a-test\/items\/fa2407c91e64e66a72ab45172eb978df","id":{"unicity":"0988"}},"terms":{"priceEach":"36.0000","pvEach":"23.0000"},"quantity":1}]}},{"currency":"USD","lines":{"items":[{"item":{"href":"https:\/\/hydraqa.unicity.net\/v5a-test\/items\/64ec7ad932acafab052a4e8800ad1238","id":{"unicity":"24758"}},"terms":{"priceEach":"31.0000","pvEach":"21.0000"},"quantity":1}]}},{"currency":"USD","lines":{"items":[{"item":{"href":"https:\/\/hydraqa.unicity.net\/v5a-test\/items\/c61892f0a7b7e88054169a31d65d95e0","id":{"unicity":"18373"}},"terms":{"priceEach":"17.0000","pvEach":"10.0000"},"quantity":1}]}},{"currency":"USD","lines":{"items":[{"item":{"href":"https:\/\/hydraqa.unicity.net\/v5a-test\/items\/40a1044968ea62276f4ba87fd2ef0d8f","id":{"unicity":"12230"}},"terms":{"priceEach":"45.0000","pvEach":"18.0000"},"quantity":1}]}},{"currency":"USD","lines":{"items":[{"item":{"href":"https:\/\/hydraqa.unicity.net\/v5a-test\/items\/9ff4257741d464b686d15be955b8afb6","id":{"unicity":"0963"}},"terms":{"priceEach":"42.0000","pvEach":"25.0000"},"quantity":1}]}},{"currency":"USD","lines":{"items":[{"item":{"href":"https:\/\/hydraqa.unicity.net\/v5a-test\/items\/ddef5f478ff91aa2263b646a3bd03dea","id":{"unicity":"21420"}},"terms":{"priceEach":"24.0000","pvEach":"10.0000"},"quantity":1}]}}]}
Entry request : {"order":{"customer":{"href":"https://hydraqa.unicity.net/v5a-test/customers?type=Associate"},"shipToAddress":{"country":"US"}},"vary":{"lines":{"items":[{"item":{"href":"https://hydraqa.unicity.net/v5a-test/items?id.unicity=26580|31440|31441|31651|31655|31518|31751|27801|31858|31859|31862|32030|29684|32016|32017|31727|31729|31730|31731|0963|15129|15271|15880|17174|22745|22747|23728|24758|25022|26550|26556|26557|26560|26561|26562|27615|27739|24418|22888|27585|17744|25008|26442|26551|6200|15916|18908|24785|29050|26552|26553|27028|0954|18401|27029|26559|19596|25542|25544|27835|25543|25545|26945|25535|21420|24621|27831|27833|27837|28836|15712|22165|0960|25369|30825|18386|26567|26568|15907|28513|3107|0988|18373|12230|26950|26786|27587|29017|25880|29694|29408|29437|29181|29183|29191|29352|29612|30350|27395|29440|29830|30408|30414|30400|30280|31314|31728|31842|31846|31845|31847|31863|31860|31861|31958|32021|32364|32365|32366|32367|32368|32369|32370|32371|32372|31106|26555"}}]}}}
Request URL: https://hydraqa.unicity.net/v5a-test/customers.js?callback=angular.callbacks._1&expand=customer,profilePicture&id.unicity=36554001
Request URL: https://hydraqa.unicity.net/v5a-test/customers.js?_httpMethod=HEAD&callback=angular.callbacks._7&email=UGVREL@gmail.com
Request URL: https://hydraqa.unicity.net/v5a-test/shippingmethods.js?callback=angular.callbacks._a&destination=US&market=US
Request URL: https://hydraqa.unicity.net/v5a-test/addresses?country=US&zip=84097
Entry response : {"items":[{"city":"Orem","state":"UT"}]}
]]></system-out>
    <system-err><![CDATA[Starting ChromeDriver 2.36.540470 (e522d04694c7ebea4ba8821272dbef4f9b818c91) on port 18495
Only local connections are allowed.
Jan 27, 2020 6:03:50 PM org.openqa.selenium.remote.ProtocolHandshake createSession
INFO: Detected dialect: OSS
]]></system-err>
  </testcase>
  <testcase name="Enroll" classname="Tests.FranchisePartner" time="358.896"/>
  <testcase name="Enroll" classname="Tests.FranchisePartner" time="350.193"/>
  <testcase name="Enroll" classname="Tests.FranchisePartner" time="347.56"/>
  <testcase name="Enroll" classname="Tests.FranchisePartner" time="201.695">
    <failure message="Minor Summary Labels is Displaying expected [[Resumen de Inscripción, Configuración de la inscripción, Co-solicitante, Su Información, Tu dirección de envío/Dirección principal, Tu dirección de facturación, Tu información del pago, Términos y Condiciones, Resumen]] but found [[Opción de pago, Información de la tarjeta de Crédito / Débito, Dirección de facturación/correo, Dirección de envío, Método de envío, Resumen]]" type="java.lang.AssertionError">java.lang.AssertionError: Minor Summary Labels is Displaying expected [[Resumen de Inscripción, Configuración de la inscripción, Co-solicitante, Su Información, Tu dirección de envío/Dirección principal, Tu dirección de facturación, Tu información del pago, Términos y Condiciones, Resumen]] but found [[Opción de pago, Información de la tarjeta de Crédito / Débito, Dirección de facturación/correo, Dirección de envío, Método de envío, Resumen]]
	at Tests.FranchisePartner.Enroll(FranchisePartner.java:265)
</failure>
    <system-out><![CDATA[Request URL: https://hydraqa.unicity.net/v5a-test/quotes?&expand=item
Entry Quotes response : {"items":[{"lines":{"items":[{"item":{"href":"https:\/\/hydraqa.unicity.net\/v5a-test\/items\/90d5ee3af77bdc64ecf28a45b604bf3d","id":{"unicity":"31441"}},"quantity":"1","terms":{"priceEach":"257.76","taxEach":{"amount":"41.24"},"discountEach":{"amount":"0"},"pvEach":"0"}}]},"currency":"MXN"},{"lines":{"items":[{"item":{"href":"https:\/\/hydraqa.unicity.net\/v5a-test\/items\/9e41f50a3cf42ea5d0a8a600b92ac51d","id":{"unicity":"32182"}},"quantity":"1","terms":{"priceEach":"3038.79","taxEach":{"amount":"0"},"discountEach":{"amount":"0"},"pvEach":"127"}}]},"currency":"MXN"},{"lines":{"items":[{"item":{"href":"https:\/\/hydraqa.unicity.net\/v5a-test\/items\/e5b2f33a1c07a84507d394462dca1d73","id":{"unicity":"32183"}},"quantity":"1","terms":{"priceEach":"3038.79","taxEach":{"amount":"0"},"discountEach":{"amount":"0"},"pvEach":"127"}}]},"currency":"MXN"},{"lines":{"items":[{"item":{"href":"https:\/\/hydraqa.unicity.net\/v5a-test\/items\/69902deb98bc30522a0914b49f3db363","id":{"unicity":"31994"}},"quantity":"1","terms":{"priceEach":"3198.28","taxEach":{"amount":"0"},"discountEach":{"amount":"0"},"pvEach":"120"}}]},"currency":"MXN"},{"lines":{"items":[{"item":{"href":"https:\/\/hydraqa.unicity.net\/v5a-test\/items\/111f766fa7eed8cca29cda29e0ac4e5f","id":{"unicity":"31725"}},"quantity":"1","terms":{"priceEach":"1793.97","taxEach":{"amount":"0"},"discountEach":{"amount":"0"},"pvEach":"77"}}]},"currency":"MXN"},{"lines":{"items":[{"item":{"href":"https:\/\/hydraqa.unicity.net\/v5a-test\/items\/10da226fab00279b4f89df10af2a10b7","id":{"unicity":"26442"}},"quantity":"1","terms":{"priceEach":"109.48","taxEach":{"amount":"17.52"},"discountEach":{"amount":"0"},"pvEach":"0"}}]},"currency":"MXN"},{"lines":{"items":[{"item":{"href":"https:\/\/hydraqa.unicity.net\/v5a-test\/items\/c522889845fe5b5a6bd790ca481a05b6","id":{"unicity":"26443"}},"quantity":"1","terms":{"priceEach":"90.52","taxEach":{"amount":"14.48"},"discountEach":{"amount":"0"},"pvEach":"0"}}]},"currency":"MXN"},{"lines":{"items":[{"item":{"href":"https:\/\/hydraqa.unicity.net\/v5a-test\/items\/91a6016282310b83203d0bb7bea14a0f","id":{"unicity":"29050"}},"quantity":"1","terms":{"priceEach":"215.52","taxEach":{"amount":"34.48"},"discountEach":{"amount":"0"},"pvEach":"0"}}]},"currency":"MXN"},{"lines":{"items":[{"item":{"href":"https:\/\/hydraqa.unicity.net\/v5a-test\/items\/3ef5e4a8e113bbbd66ea046b24ce80d1","id":{"unicity":"27721"}},"quantity":"1","terms":{"priceEach":"1177.59","taxEach":{"amount":"188.41"},"discountEach":{"amount":"0"},"pvEach":"52"}}]},"currency":"MXN"},{"lines":{"items":[{"item":{"href":"https:\/\/hydraqa.unicity.net\/v5a-test\/items\/bc85ca504dddbd891f34ba100c1fa765","id":{"unicity":"29249"}},"quantity":"1","terms":{"priceEach":"293.97","taxEach":{"amount":"47.04"},"discountEach":{"amount":"0"},"pvEach":"10"}}]},"currency":"MXN"},{"lines":{"items":[{"item":{"href":"https:\/\/hydraqa.unicity.net\/v5a-test\/items\/752f3993addc2bd5f2d1f63be14b79ab","id":{"unicity":"29245"}},"quantity":"1","terms":{"priceEach":"1285.34","taxEach":{"amount":"205.65"},"discountEach":{"amount":"0"},"pvEach":"50"}}]},"currency":"MXN"},{"lines":{"items":[{"item":{"href":"https:\/\/hydraqa.unicity.net\/v5a-test\/items\/b332dd66200c8f1e7605c15cf649a419","id":{"unicity":"29265"}},"quantity":"1","terms":{"priceEach":"568.97","taxEach":{"amount":"91.04"},"discountEach":{"amount":"0"},"pvEach":"22"}}]},"currency":"MXN"},{"lines":{"items":[{"item":{"href":"https:\/\/hydraqa.unicity.net\/v5a-test\/items\/1b7adc3e2d9a7ad0a13fa1356531fe8d","id":{"unicity":"31851"}},"quantity":"1","terms":{"priceEach":"1906.9","taxEach":{"amount":"0"},"discountEach":{"amount":"0"},"pvEach":"75"}}]},"currency":"MXN"},{"lines":{"items":[{"item":{"href":"https:\/\/hydraqa.unicity.net\/v5a-test\/items\/61976f41edc883754b09b33f9216edce","id":{"unicity":"31674"}},"quantity":"1","terms":{"priceEach":"1098.29","taxEach":{"amount":"175.73"},"discountEach":{"amount":"0"},"pvEach":"50"}}]},"currency":"MXN"},{"lines":{"items":[{"item":{"href":"https:\/\/hydraqa.unicity.net\/v5a-test\/items\/c0e25c8295633a9982a5edaa4745e931","id":{"unicity":"31995"}},"quantity":"1","terms":{"priceEach":"3198.28","taxEach":{"amount":"0"},"discountEach":{"amount":"0"},"pvEach":"120"}}]},"currency":"MXN"},{"lines":{"items":[{"item":{"href":"https:\/\/hydraqa.unicity.net\/v5a-test\/items\/c71cdd78b407072f4c3400e17672e53d","id":{"unicity":"31668"}},"quantity":"1","terms":{"priceEach":"480.17","taxEach":{"amount":"76.83"},"discountEach":{"amount":"0"},"pvEach":"19"}}]},"currency":"MXN"},{"lines":{"items":[{"item":{"href":"https:\/\/hydraqa.unicity.net\/v5a-test\/items\/274e18b96c75319107728e2ff26dd340","id":{"unicity":"32000"}},"quantity":"1","terms":{"priceEach":"379.31","taxEach":{"amount":"60.69"},"discountEach":{"amount":"0"},"pvEach":"10"}}]},"currency":"MXN"}]}
Entry request : {"order":{"customer":{"href":"https://hydraqa.unicity.net/v5a-test/customers?type=Associate"},"shipToAddress":{"country":"MX"}},"vary":{"lines":{"items":[{"item":{"href":"https://hydraqa.unicity.net/v5a-test/items?id.unicity=31441|32182|32183|31994|31725|26442|26443|29050|29237|29239|29253|27721|29249|29241|29310|29245|29265|31851|31674|31995|31668|32000"}}]}}}
Request URL: https://hydraqa.unicity.net/v5a-test/customers.js?_httpMethod=HEAD&callback=angular.callbacks._8&email=IBZKLY@gmail.com
]]></system-out>
    <system-err><![CDATA[Starting ChromeDriver 2.36.540470 (e522d04694c7ebea4ba8821272dbef4f9b818c91) on port 14498
Only local connections are allowed.
Jan 27, 2020 6:26:04 PM org.openqa.selenium.remote.ProtocolHandshake createSession
INFO: Detected dialect: OSS
]]></system-err>
  </testcase>
  <testcase name="Enroll" classname="Tests.FranchisePartner" time="315.348"/>
  <testcase name="Enroll" classname="Tests.FranchisePartner" time="343.368"/>
  <testcase name="Enroll" classname="Tests.FranchisePartner" time="45.373">
    <failure message="Critical Packs not returning from Quotes Call" type="java.lang.AssertionError">java.lang.AssertionError: Critical Packs not returning from Quotes Call
	at Tests.FranchisePartner.Enroll(FranchisePartner.java:261)
</failure>
    <system-out><![CDATA[Request URL: https://hydraqa.unicity.net/v5a-test/quotes?&expand=item
Entry Quotes response : {"items":[]}
Entry request : {"order":{"customer":{"href":"https://hydraqa.unicity.net/v5a-test/customers?type=Associate"},"shipToAddress":{"country":"NZ"}},"vary":{"lines":{"items":[{"item":{"href":"https://hydraqa.unicity.net/v5a-test/items?id.unicity=31440"}}]}}}
]]></system-out>
    <system-err><![CDATA[Starting ChromeDriver 2.36.540470 (e522d04694c7ebea4ba8821272dbef4f9b818c91) on port 14760
Only local connections are allowed.
Jan 27, 2020 6:40:45 PM org.openqa.selenium.remote.ProtocolHandshake createSession
INFO: Detected dialect: OSS
]]></system-err>
  </testcase>
  <testcase name="Enroll" classname="Tests.FranchisePartner" time="184.809"/>
  <testcase name="Enroll" classname="Tests.FranchisePartner" time="92.386"/>
  <testcase name="Enroll" classname="Tests.FranchisePartner" time="184.895"/>
  <testcase name="Enroll" classname="Tests.FranchisePartner" time="194.704"/>
  <testcase name="Enroll" classname="Tests.FranchisePartner" time="193.199"/>
  <testcase name="Enroll" classname="Tests.FranchisePartner" time="236.992">
    <failure message="Major AR Pack href expected [https://hydraqa.unicity.net/v5a-test/items?id.unicity=26580] but found []" type="java.lang.AssertionError">java.lang.AssertionError: Major AR Pack href expected [https://hydraqa.unicity.net/v5a-test/items?id.unicity=26580] but found []
	at Tests.FranchisePartner.Enroll(FranchisePartner.java:265)
</failure>
    <system-out><![CDATA[Request URL: https://hydraqa.unicity.net/v5a-test/quotes?&expand=item
Entry Quotes response : {"items":[{"currency":"USD","lines":{"items":[{"item":{"href":"https:\/\/hydraqa.unicity.net\/v5a-test\/items\/50747027a065cb8361c1f0d6eb880466","id":{"unicity":"32030"}},"terms":{"priceEach":"143.0000","pvEach":"102.0000"},"quantity":1}]}},{"currency":"USD","lines":{"items":[{"item":{"href":"https:\/\/hydraqa.unicity.net\/v5a-test\/items\/d306a0b65f27f19b4968e5c05906a9f4","id":{"unicity":"31314"}},"terms":{"priceEach":"384.0000","pvEach":"266.0000"},"quantity":1}]}},{"currency":"USD","lines":{"items":[{"item":{"href":"https:\/\/hydraqa.unicity.net\/v5a-test\/items\/9a7715e888c94989d898fe4653645721","id":{"unicity":"26550"}},"terms":{"priceEach":"80.0000","pvEach":"52.0000"},"quantity":1}]}},{"currency":"USD","lines":{"items":[{"item":{"href":"https:\/\/hydraqa.unicity.net\/v5a-test\/items\/4a3d248668cd56e31c6eb403d87f15b2","id":{"unicity":"29682"}},"terms":{"priceEach":"203.0000","pvEach":"144.0000"},"quantity":1}]}},{"currency":"USD","lines":{"items":[{"item":{"href":"https:\/\/hydraqa.unicity.net\/v5a-test\/items\/fbb319232b7eed110794d46a68302acb","id":{"unicity":"31847"}},"terms":{"priceEach":"120.0000","pvEach":"80.0000"},"quantity":1}]}},{"currency":"USD","lines":{"items":[{"item":{"href":"https:\/\/hydraqa.unicity.net\/v5a-test\/items\/077823d29445b9020de9931f10c63efd","id":{"unicity":"31958"}},"terms":{"priceEach":"129.0000","pvEach":"85.0000"},"quantity":1}]}},{"currency":"USD","lines":{"items":[{"item":{"href":"https:\/\/hydraqa.unicity.net\/v5a-test\/items\/00c2eb70c985722ce208490aece00945","id":{"unicity":"31729"}},"terms":{"priceEach":"143.0000","pvEach":"100.0000"},"quantity":1}]}},{"currency":"USD","lines":{"items":[{"item":{"href":"https:\/\/hydraqa.unicity.net\/v5a-test\/items\/89b6d29a85a88d44d65bc8cca3fefc65","id":{"unicity":"31845"}},"terms":{"priceEach":"143.0000","pvEach":"100.0000"},"quantity":1}]}},{"currency":"USD","lines":{"items":[{"item":{"href":"https:\/\/hydraqa.unicity.net\/v5a-test\/items\/3875e24e6b6ebdf36c79d205614ed51e","id":{"unicity":"31846"}},"terms":{"priceEach":"126.0000","pvEach":"94.0000"},"quantity":1}]}},{"currency":"USD","lines":{"items":[{"item":{"href":"https:\/\/hydraqa.unicity.net\/v5a-test\/items\/65f231539924a2fa376afdb39f1f06d6","id":{"unicity":"31848"}},"terms":{"priceEach":"89.0000","pvEach":"60.0000"},"quantity":1}]}},{"currency":"USD","lines":{"items":[{"item":{"href":"https:\/\/hydraqa.unicity.net\/v5a-test\/items\/693a7c4a70b06a00471afe8d6cae5023","id":{"unicity":"31730"}},"terms":{"priceEach":"120.0000","pvEach":"80.0000"},"quantity":1}]}},{"currency":"USD","lines":{"items":[{"item":{"href":"https:\/\/hydraqa.unicity.net\/v5a-test\/items\/ccb242d74dcb1fe621cc7bfe1b1de315","id":{"unicity":"31731"}},"terms":{"priceEach":"89.0000","pvEach":"61.0000"},"quantity":1}]}},{"currency":"USD","lines":{"items":[{"item":{"href":"https:\/\/hydraqa.unicity.net\/v5a-test\/items\/764e2db430d361da99e8f6b70c4d0244","id":{"unicity":"29830"}},"terms":{"priceEach":"17.0000","pvEach":"7.0000"},"quantity":1}]}},{"currency":"USD","lines":{"items":[{"item":{"href":"https:\/\/hydraqa.unicity.net\/v5a-test\/items\/b91affa753dd5ee8a9acef4fa7e2c9a7","id":{"unicity":"30414"}},"terms":{"priceEach":"94.0000","pvEach":"65.0000"},"quantity":1}]}},{"currency":"USD","lines":{"items":[{"item":{"href":"https:\/\/hydraqa.unicity.net\/v5a-test\/items\/01ac2f7586214fa9ed6ef69dd79c69ae","id":{"unicity":"27210"}},"terms":{"priceEach":"10.0000","pvEach":"0.0000"},"quantity":1}]}},{"currency":"USD","lines":{"items":[{"item":{"href":"https:\/\/hydraqa.unicity.net\/v5a-test\/items\/025d45e8cee8a1a4029f1cfd3bf70786","id":{"unicity":"26983"}},"terms":{"priceEach":"10.0000","pvEach":"0.0000"},"quantity":1}]}},{"currency":"USD","lines":{"items":[{"item":{"href":"https:\/\/hydraqa.unicity.net\/v5a-test\/items\/c83534b0b0693d9f78eaaae2030ed4c1","id":{"unicity":"27212"}},"terms":{"priceEach":"10.0000","pvEach":"0.0000"},"quantity":1}]}},{"currency":"USD","lines":{"items":[{"item":{"href":"https:\/\/hydraqa.unicity.net\/v5a-test\/items\/f65c401166afb2e642c700d84e832a8c","id":{"unicity":"27218"}},"terms":{"priceEach":"10.0000","pvEach":"0.0000"},"quantity":1}]}},{"currency":"USD","lines":{"items":[{"item":{"href":"https:\/\/hydraqa.unicity.net\/v5a-test\/items\/0cf62d38e91953b43dcfe88b06f813cb","id":{"unicity":"26557"}},"terms":{"priceEach":"79.0000","pvEach":"61.0000"},"quantity":1}]}},{"currency":"USD","lines":{"items":[{"item":{"href":"https:\/\/hydraqa.unicity.net\/v5a-test\/items\/9a6e1d094182389c3da8e0a320ff0e00","id":{"unicity":"27585"}},"terms":{"priceEach":"56.0000","pvEach":"33.0000"},"quantity":1}]}},{"currency":"USD","lines":{"items":[{"item":{"href":"https:\/\/hydraqa.unicity.net\/v5a-test\/items\/db4a3a5ca30b4890dd9bc50ff9cb620f","id":{"unicity":"26554"}},"terms":{"priceEach":"50.0000","pvEach":"25.0000"},"quantity":1}]}},{"currency":"USD","lines":{"items":[{"item":{"href":"https:\/\/hydraqa.unicity.net\/v5a-test\/items\/25eaf64b36ce31368f17ae789fd9ac5b","id":{"unicity":"29694"}},"terms":{"priceEach":"56.0000","pvEach":"33.0000"},"quantity":1}]}},{"currency":"USD","lines":{"items":[{"item":{"href":"https:\/\/hydraqa.unicity.net\/v5a-test\/items\/112b8c39286598b3730f630f371a45f4","id":{"unicity":"27587"}},"terms":{"priceEach":"58.0000","pvEach":"33.0000"},"quantity":1}]}},{"currency":"USD","lines":{"items":[{"item":{"href":"https:\/\/hydraqa.unicity.net\/v5a-test\/items\/05ca08f3808f126c0cc42154c50fc75c","id":{"unicity":"29440"}},"terms":{"priceEach":"120.0000","pvEach":"90.0000"},"quantity":1}]}},{"currency":"USD","lines":{"items":[{"item":{"href":"https:\/\/hydraqa.unicity.net\/v5a-test\/items\/cea826eab72d44641c070aab6c97c1ac","id":{"unicity":"22747"}},"terms":{"priceEach":"27.0000","pvEach":"16.0000"},"quantity":1}]}},{"currency":"USD","lines":{"items":[{"item":{"href":"https:\/\/hydraqa.unicity.net\/v5a-test\/items\/b2fc4b9ba4aa5cae54389161be2f841f","id":{"unicity":"18401"}},"terms":{"priceEach":"31.0000","pvEach":"19.0000"},"quantity":1}]}},{"currency":"USD","lines":{"items":[{"item":{"href":"https:\/\/hydraqa.unicity.net\/v5a-test\/items\/1bd53de7fe880ba71f46c9976ca2c137","id":{"unicity":"27739"}},"terms":{"priceEach":"33.0000","pvEach":"13.0000"},"quantity":1}]}},{"currency":"USD","lines":{"items":[{"item":{"href":"https:\/\/hydraqa.unicity.net\/v5a-test\/items\/19f8db4bcf7263831586f726e748f73c","id":{"unicity":"27208"}},"terms":{"priceEach":"30.0000","pvEach":"0.0000"},"quantity":1}]}},{"currency":"USD","lines":{"items":[{"item":{"href":"https:\/\/hydraqa.unicity.net\/v5a-test\/items\/d33e50ec9a9ee9b12ede56d35a8cb38d","id":{"unicity":"30797"}},"terms":{"priceEach":"267.0000","pvEach":"163.0000"},"quantity":1}]}},{"currency":"USD","lines":{"items":[{"item":{"href":"https:\/\/hydraqa.unicity.net\/v5a-test\/items\/0a3ede185ddf034630afd891c5106d33","id":{"unicity":"26562"}},"terms":{"priceEach":"33.0000","pvEach":"25.0000"},"quantity":1}]}},{"currency":"USD","lines":{"items":[{"item":{"href":"https:\/\/hydraqa.unicity.net\/v5a-test\/items\/1d977fb1e1c0aa5d0b71ee2cf01e7b4d","id":{"unicity":"32016"}},"terms":{"priceEach":"206.0000","pvEach":"130.0000"},"quantity":1}]}},{"currency":"USD","lines":{"items":[{"item":{"href":"https:\/\/hydraqa.unicity.net\/v5a-test\/items\/1524974f80be01c93083e794816394ab","id":{"unicity":"32017"}},"terms":{"priceEach":"206.0000","pvEach":"130.0000"},"quantity":1}]}},{"currency":"USD","lines":{"items":[{"item":{"href":"https:\/\/hydraqa.unicity.net\/v5a-test\/items\/aa0d72ac13b1ce88cf8c4a52ede75a37","id":{"unicity":"26552"}},"terms":{"priceEach":"70.0000","pvEach":"50.0000"},"quantity":1}]}},{"currency":"USD","lines":{"items":[{"item":{"href":"https:\/\/hydraqa.unicity.net\/v5a-test\/items\/398d06b858b960f6f38086d40608aef2","id":{"unicity":"26560"}},"terms":{"priceEach":"16.0000","pvEach":"12.0000"},"quantity":1}]}},{"currency":"USD","lines":{"items":[{"item":{"href":"https:\/\/hydraqa.unicity.net\/v5a-test\/items\/bb5c627f16547cb4f706cef521bca356","id":{"unicity":"29437"}},"terms":{"priceEach":"62.0000","pvEach":"36.0000"},"quantity":1}]}},{"currency":"USD","lines":{"items":[{"item":{"href":"https:\/\/hydraqa.unicity.net\/v5a-test\/items\/2835b1a78e379486f0ffbfd5fb9f6b0a","id":{"unicity":"30400"}},"terms":{"priceEach":"38.0000","pvEach":"28.0000"},"quantity":1}]}},{"currency":"USD","lines":{"items":[{"item":{"href":"https:\/\/hydraqa.unicity.net\/v5a-test\/items\/5a38f009bec6c23b1b3a70432f9722e5","id":{"unicity":"19596"}},"terms":{"priceEach":"49.0000","pvEach":"30.0000"},"quantity":1}]}},{"currency":"USD","lines":{"items":[{"item":{"href":"https:\/\/hydraqa.unicity.net\/v5a-test\/items\/38da42f991a40a00153b2e5055b82dbf","id":{"unicity":"27801"}},"terms":{"priceEach":"195.0000","pvEach":"130.0000"},"quantity":1}]}},{"currency":"USD","lines":{"items":[{"item":{"href":"https:\/\/hydraqa.unicity.net\/v5a-test\/items\/051e765a5a71835a859c2757edd359f0","id":{"unicity":"26580"}},"terms":{"priceEach":"195.0000","pvEach":"130.0000"},"quantity":1}]}},{"currency":"USD","lines":{"items":[{"item":{"href":"https:\/\/hydraqa.unicity.net\/v5a-test\/items\/8c21f026bb6a32624e0c80475bf8efb0","id":{"unicity":"25880"}},"terms":{"priceEach":"33.0000","pvEach":"23.0000"},"quantity":1}]}},{"currency":"USD","lines":{"items":[{"item":{"href":"https:\/\/hydraqa.unicity.net\/v5a-test\/items\/24ff5bda40c0d0e7eaa511866d052915","id":{"unicity":"29612"}},"terms":{"priceEach":"49.0000","pvEach":"30.0000"},"quantity":1}]}},{"currency":"USD","lines":{"items":[{"item":{"href":"https:\/\/hydraqa.unicity.net\/v5a-test\/items\/a391ad8c3c129526dc42793f5fee30f7","id":{"unicity":"27653"}},"terms":{"priceEach":"5.0000","pvEach":"0.0000"},"quantity":1}]}},{"currency":"USD","lines":{"items":[{"item":{"href":"https:\/\/hydraqa.unicity.net\/v5a-test\/items\/b127a2d34d3d73e2f53e4c2002a7a4a2","id":{"unicity":"25008"}},"terms":{"priceEach":"19.0000","pvEach":"15.0000"},"quantity":1}]}},{"currency":"USD","lines":{"items":[{"item":{"href":"https:\/\/hydraqa.unicity.net\/v5a-test\/items\/cda534d686af5d627c94c4bb2c4b57d8","id":{"unicity":"26561"}},"terms":{"priceEach":"16.0000","pvEach":"11.0000"},"quantity":1}]}},{"currency":"USD","lines":{"items":[{"item":{"href":"https:\/\/hydraqa.unicity.net\/v5a-test\/items\/10da226fab00279b4f89df10af2a10b7","id":{"unicity":"26442"}},"terms":{"priceEach":"6.0000","pvEach":"0.0000"},"quantity":1}]}},{"currency":"USD","lines":{"items":[{"item":{"href":"https:\/\/hydraqa.unicity.net\/v5a-test\/items\/2de8516a24af8232add0bb392e750a71","id":{"unicity":"31859"}},"terms":{"priceEach":"179.0000","pvEach":"130.0000"},"quantity":1}]}},{"currency":"USD","lines":{"items":[{"item":{"href":"https:\/\/hydraqa.unicity.net\/v5a-test\/items\/cf8460040a1860bcabf250b6c1171675","id":{"unicity":"31858"}},"terms":{"priceEach":"269.0000","pvEach":"195.0000"},"quantity":1}]}},{"currency":"USD","lines":{"items":[{"item":{"href":"https:\/\/hydraqa.unicity.net\/v5a-test\/items\/4ab49eca1731e69206ccafb5112ad5a4","id":{"unicity":"31861"}},"terms":{"priceEach":"196.0000","pvEach":"135.0000"},"quantity":1}]}},{"currency":"USD","lines":{"items":[{"item":{"href":"https:\/\/hydraqa.unicity.net\/v5a-test\/items\/d4c8fce238d6fc34d17a4b36d1e4e59a","id":{"unicity":"31860"}},"terms":{"priceEach":"196.0000","pvEach":"135.0000"},"quantity":1}]}},{"currency":"USD","lines":{"items":[{"item":{"href":"https:\/\/hydraqa.unicity.net\/v5a-test\/items\/fd464cd7972cc1317e850b9196d886b8","id":{"unicity":"31863"}},"terms":{"priceEach":"210.0000","pvEach":"148.0000"},"quantity":1}]}},{"currency":"USD","lines":{"items":[{"item":{"href":"https:\/\/hydraqa.unicity.net\/v5a-test\/items\/e47fd287212acedd1cffb2b67bf623bd","id":{"unicity":"31862"}},"terms":{"priceEach":"210.0000","pvEach":"148.0000"},"quantity":1}]}},{"currency":"USD","lines":{"items":[{"item":{"href":"https:\/\/hydraqa.unicity.net\/v5a-test\/items\/024e696f8b44a1d315006e676604cd31","id":{"unicity":"27395"}},"terms":{"priceEach":"25.0000","pvEach":"16.0000"},"quantity":1}]}},{"currency":"USD","lines":{"items":[{"item":{"href":"https:\/\/hydraqa.unicity.net\/v5a-test\/items\/90d5ee3af77bdc64ecf28a45b604bf3d","id":{"unicity":"31441"}},"terms":{"priceEach":"40.0000","pvEach":"0.0000"},"quantity":1}]}},{"currency":"USD","lines":{"items":[{"item":{"href":"https:\/\/hydraqa.unicity.net\/v5a-test\/items\/634f7efb30392b2a919de1355902d975","id":{"unicity":"29408"}},"terms":{"priceEach":"80.0000","pvEach":"52.0000"},"quantity":1}]}}]}
Entry request : {"order":{"customer":{"href":"https://hydraqa.unicity.net/v5a-test/customers?type=Associate"},"shipToAddress":{"country":"US","state":"PR"}},"vary":{"lines":{"items":[{"item":{"href":"https://hydraqa.unicity.net/v5a-test/items?id.unicity=26580|31441|31858|31859|31862|32030|29682|31314|32017|32016|30797|31727|31729|31730|31731|22747|26550|26554|26557|26560|26561|26562|27739|27585|25008|26442|26555|18908|26552|27653|27212|27218|26983|27210|18401|25803|27029|27208|19596|27801|26945|25535|27587|25880|29694|29408|29437|29612|27395|29440|29830|30414|30400|31842|31846|31845|31848|31847|31863|31860|31861|31958"}}]}}}
Request URL: https://hydraqa.unicity.net/v5a-test/customers.js?callback=angular.callbacks._1&expand=customer,profilePicture&id.unicity=36554001
Request URL: https://hydraqa.unicity.net/v5a-test/customers.js?_httpMethod=HEAD&callback=angular.callbacks._7&email=KKJNHL@gmail.com
Request URL: https://hydraqa.unicity.net/v5a-test/shippingmethods.js?callback=angular.callbacks._a&destination=US&market=US&state=PR
Request URL: https://hydraqa.unicity.net/v5a-test/addresses?country=PR&zip=00907
Entry response : {"items":[{"city":"San Juan","state":"San Juan"}]}
{sponsor=36554001, gender=female, city=SAN JUAN, signature=TestSignature, cartprice=452.0, enroller=36554001, responsedob=2000-06-11, arpack=Prime Health Pack - Cholesterol, Energy, Vanilla, language=Español, locale=es, type=Associate, coapplicanttype=Spouse, platform=QA, lname=TestLastName, password=Unicity, genderoption=Femenino, Currency=USD, api=7, state=[San Juan], email=KKJNHL@gmail.com, coapplicant=TestSpouseName, zip=00907, fname=TestFirstName, prefferd=Puerto Rico, address2=Address 2, address1=Address 1, shippingmethod=type=Economy, version=v5a-test/, testcase=normal, market=Puerto Rico, aritemcode=26580, martial=Single, phone=9823746323, dob=06/11/2000, govid=158091081, proto=https://hydraqa.unicity.net/, marketcode=PR, maritaloption=Soltero, ccname=CCNameTest}
Request URL: https://hydraqa.unicity.net/v5a-test/orders.js
Entry request : {"customer":{"mainAddress":{"city":"SAN JUAN","country":"US","state":"PR","zip":"00907","address1":"Address 1","address2":"Address 2"},"humanName":{"firstName":"TestFirstName","lastName":"TestLastName"},"email":"KKJNHL@gmail.com","preferredLocale":"es-PR","password":{"value":"Unicity"},"gender":"female","maritalStatus":"Single","type":"Associate","creditcardaliases":[{"methodDetails":{"creditCardNumber":"4111111111111111","payer":"TestFirstName TestLastName","creditCardExpires":"2020-10"},"billToName":{"firstName":"TestFirstName","lastName":"TestLastName"},"billToAddress":{"address1":"Address 1","address2":"Address 2","city":"SAN JUAN","state":"PR","zip":"00907","country":"US"}}],"sponsor":{"href":"https://hydraqa.unicity.net/v5a-test/customers?id.unicity=36554001"},"enroller":{"href":"https://hydraqa.unicity.net/v5a-test/customers?id.unicity=36554001"},"homePhone":"9823746323","birthDate":"2000-06-11","autoorders":{"items":[{"recurrence":{"schedule":{"month":"*","dayOfMonth":"15"},"status":"Enabled"},"lines":{"items":[{"item":{"href":"https://hydraqa.unicity.net/v5a-test/items?id.unicity=26580"},"quantity":1}]},"shipToName":{"firstName":"TestFirstName","lastName":"TestLastName"},"shipToPhone":"9823746323","shipToEmail":"KKJNHL@gmail.com","shipToAddress":{"city":"SAN JUAN","country":"US","state":"PR","address1":"Address 1","address2":"Address 2","zip":"00907"},"shippingMethod":{"href":"https://hydraqa.unicity.net/v5a-test/shippingmethods?type=Economy"},"transactions":{"items":[{"amount":"this.terms.total","type":"AuthorizeAndCapture","method":"CreditCardAlias","methodDetails":{"alias":"this.customer.creditcardaliases[0].alias"}}]}}]},"coapplicant":{"type":"Spouse","details":{"humanName":{"firstName":"TestSpouseName","lastName":""}}},"rights":[],"signature":{"value":"TestSignature"},"taxTerms":{"taxId":"158091081","taxIdExpires":"2025-12-30"}},"lines":{"items":[{"item":{"href":"https://hydraqa.unicity.net/v5a-test/items?id.unicity=31441"},"quantity":1},{"item":{"href":"https://hydraqa.unicity.net/v5a-test/items?id.unicity=31858"},"quantity":1},{"item":{"href":"https://hydraqa.unicity.net/v5a-test/items?id.unicity=32030"},"quantity":1}]},"shipToName":{"firstName":"TestFirstName","lastName":"TestLastName"},"shipToPhone":"9823746323","shipToEmail":"KKJNHL@gmail.com","shipToAddress":{"city":"SAN JUAN","country":"US","state":"PR","address1":"Address 1","address2":"Address 2","zip":"00907"},"shippingMethod":{"href":"https://hydraqa.unicity.net/v5a-test/shippingmethods?type=Economy"},"notes":"","transactions":{"items":[{"amount":"this.terms.total","type":"AuthorizeAndCapture","method":"CreditCard","methodDetails":{"creditCardNumber":"4111111111111111","payer":"CCNameTest","creditCardExpires":"2020-10","creditCardSecurityCode":"123"},"billToAddress":{"address1":"Address 1","address2":"Address 2","city":"SAN JUAN","state":"PR","zip":"00907","country":"US"}},{"type":"AuthorizeAndCapture","method":"Coupon","methodDetails":{"code":"Fre3Aut0Sh!p"}}]}}
Entry response : {"meta":{"Link":"<http:\/\/unicity.github.io\/Hydra.php\/docs\/v5\/>; rel=\"help\"","X-Request-UUID":"ae0c9386-cb03-4209-9557-63cf2b8b0d4e","X-Request-Release":"5-2020012701\/master","Cache-Control":"no-cache, must-revalidate","Expires":"0","X-Powered-By":"Luracast Restler v3.0.0rc5","Content-Type":"text\/javascript; charset=utf-8","Content-Language":"en","X-Status-Code":"201"},"data":{"market":"US","notes":"","shippingMethod":{"href":"https:\/\/hydraqa.unicity.net\/v5a-test\/shippingmethods?type=Economy","location":"","type":"Economy"},"shipToAddress":{"country":"US","state":"PR","city":"SAN JUAN","zip":"00907","address1":"Address 1","address2":"Address 2"},"shipToEmail":"KKJNHL@gmail.com","shipToName":{"firstName":"TestFirstName","lastName":"TestLastName"},"shipToPhone":"9823746323","shipToTime":"","source":null,"type":null,"lines":{"items":[{"quantity":1,"item":{"href":"https:\/\/hydraqa.unicity.net\/v5a-test\/items?id.unicity=31441","id":{"unicity":"31441"}}},{"quantity":1,"item":{"href":"https:\/\/hydraqa.unicity.net\/v5a-test\/items?id.unicity=31858","id":{"unicity":"31858"}}},{"quantity":1,"item":{"href":"https:\/\/hydraqa.unicity.net\/v5a-test\/items?id.unicity=32030","id":{"unicity":"32030"}}}]},"transactions":{"items":[{"amount":459.38,"billToAddress":{"address1":"Address 1","address2":"Address 2","city":"SAN JUAN","state":"PR","zip":"00907","country":"US"},"billToEmail":null,"installments":null,"method":"CreditCard","methodDetails":{"creditCardExpires":"2020-10","creditCardNumber":"411111xxxxxx1111","creditCardSecurityCode":"123","payer":"CCNameTest","payerId":null},"type":"AuthorizeAndCapture"}]},"terms":{"discount":{"amount":40},"pretotal":459.38,"tax":{"amount":47.38},"freight":{"amount":0},"subtotal":452,"taxableTotal":412,"total":459.38,"pv":297},"currency":"USD","dateCreated":"2020-01-27T18:59:50-07:00","customer":{"humanName":{"firstName":"TestFirstName","lastName":"TestLastName"},"mainAddress":{"city":"SAN JUAN","country":"US","state":"PR","zip":"00907","address1":"Address 1","address2":"Address 2"},"type":"Associate","email":"KKJNHL@gmail.com","taxTerms":{"exemption":null,"taxId":"158091081","taxIdExpires":"2025-12-30"},"signature":{"value":"TestSignature"},"gender":"female","password":{"value":"Unicity"},"enroller":{"href":"https:\/\/hydraqa.unicity.net\/v5a-test\/customers\/c8a0f511723643dd5ba719e2e99a32ba82ff3eda31cc639783863e5baba2dbdb","id":{"unicity":36554001},"humanName":{"fullName":"Kent, Clark"},"email":"tyler.cook@unicity.com"},"sponsor":{"href":"https:\/\/hydraqa.unicity.net\/v5a-test\/customers\/c8a0f511723643dd5ba719e2e99a32ba82ff3eda31cc639783863e5baba2dbdb","id":{"unicity":36554001},"humanName":{"fullName":"Kent, Clark"},"email":"tyler.cook@unicity.com"},"birthDate":"2000-06-11","homePhone":"9823746323","preferredLocale":"es-PR","maritalStatus":"Single","coapplicant":{"details":{"humanName":{"firstName":"TestSpouseName","lastName":""}},"type":"Spouse"},"autoorders":{"items":[{"id":{"unicity":"64219"}}]},"rights":[],"status":"Active","id":{"unicity":"8202408"},"href":"https:\/\/hydraqa.unicity.net\/v5a-test\/customers\/93dd778c101e3e9f0cce982f71019f6d","token":"65f432fc-1a93-4244-839a-2aac367833a2"},"added_transactions":{"items":[]},"taxedAs":"service","id":{"unicity":"1643183"},"href":"https:\/\/hydraqa.unicity.net\/v5a-test\/orders\/62cf5bbb6581d1ac82eb3bc647fa004c"}}
Headers-->keep-alive
Headers-->2991
Headers-->application/json, text/plain, */*
Headers-->http://enroll.ng.unicityqa.com
Headers-->es-PR
]]></system-out>
    <system-err><![CDATA[Starting ChromeDriver 2.36.540470 (e522d04694c7ebea4ba8821272dbef4f9b818c91) on port 47118
Only local connections are allowed.
Jan 27, 2020 6:56:18 PM org.openqa.selenium.remote.ProtocolHandshake createSession
INFO: Detected dialect: OSS
]]></system-err>
  </testcase>
  <testcase name="Enroll" classname="Tests.FranchisePartner" time="235.021">
    <failure message="Major AR Pack href expected [https://hydraqa.unicity.net/v5a-test/items?id.unicity=26580] but found []" type="java.lang.AssertionError">java.lang.AssertionError: Major AR Pack href expected [https://hydraqa.unicity.net/v5a-test/items?id.unicity=26580] but found []
	at Tests.FranchisePartner.Enroll(FranchisePartner.java:265)
</failure>
    <system-out><![CDATA[Request URL: https://hydraqa.unicity.net/v5a-test/quotes?&expand=item
Entry Quotes response : {"items":[{"currency":"USD","lines":{"items":[{"item":{"href":"https:\/\/hydraqa.unicity.net\/v5a-test\/items\/50747027a065cb8361c1f0d6eb880466","id":{"unicity":"32030"}},"terms":{"priceEach":"143.0000","pvEach":"102.0000"},"quantity":1}]}},{"currency":"USD","lines":{"items":[{"item":{"href":"https:\/\/hydraqa.unicity.net\/v5a-test\/items\/d306a0b65f27f19b4968e5c05906a9f4","id":{"unicity":"31314"}},"terms":{"priceEach":"384.0000","pvEach":"266.0000"},"quantity":1}]}},{"currency":"USD","lines":{"items":[{"item":{"href":"https:\/\/hydraqa.unicity.net\/v5a-test\/items\/9a7715e888c94989d898fe4653645721","id":{"unicity":"26550"}},"terms":{"priceEach":"80.0000","pvEach":"52.0000"},"quantity":1}]}},{"currency":"USD","lines":{"items":[{"item":{"href":"https:\/\/hydraqa.unicity.net\/v5a-test\/items\/4a3d248668cd56e31c6eb403d87f15b2","id":{"unicity":"29682"}},"terms":{"priceEach":"203.0000","pvEach":"144.0000"},"quantity":1}]}},{"currency":"USD","lines":{"items":[{"item":{"href":"https:\/\/hydraqa.unicity.net\/v5a-test\/items\/fbb319232b7eed110794d46a68302acb","id":{"unicity":"31847"}},"terms":{"priceEach":"120.0000","pvEach":"80.0000"},"quantity":1}]}},{"currency":"USD","lines":{"items":[{"item":{"href":"https:\/\/hydraqa.unicity.net\/v5a-test\/items\/077823d29445b9020de9931f10c63efd","id":{"unicity":"31958"}},"terms":{"priceEach":"129.0000","pvEach":"85.0000"},"quantity":1}]}},{"currency":"USD","lines":{"items":[{"item":{"href":"https:\/\/hydraqa.unicity.net\/v5a-test\/items\/00c2eb70c985722ce208490aece00945","id":{"unicity":"31729"}},"terms":{"priceEach":"143.0000","pvEach":"100.0000"},"quantity":1}]}},{"currency":"USD","lines":{"items":[{"item":{"href":"https:\/\/hydraqa.unicity.net\/v5a-test\/items\/89b6d29a85a88d44d65bc8cca3fefc65","id":{"unicity":"31845"}},"terms":{"priceEach":"143.0000","pvEach":"100.0000"},"quantity":1}]}},{"currency":"USD","lines":{"items":[{"item":{"href":"https:\/\/hydraqa.unicity.net\/v5a-test\/items\/3875e24e6b6ebdf36c79d205614ed51e","id":{"unicity":"31846"}},"terms":{"priceEach":"126.0000","pvEach":"94.0000"},"quantity":1}]}},{"currency":"USD","lines":{"items":[{"item":{"href":"https:\/\/hydraqa.unicity.net\/v5a-test\/items\/65f231539924a2fa376afdb39f1f06d6","id":{"unicity":"31848"}},"terms":{"priceEach":"89.0000","pvEach":"60.0000"},"quantity":1}]}},{"currency":"USD","lines":{"items":[{"item":{"href":"https:\/\/hydraqa.unicity.net\/v5a-test\/items\/693a7c4a70b06a00471afe8d6cae5023","id":{"unicity":"31730"}},"terms":{"priceEach":"120.0000","pvEach":"80.0000"},"quantity":1}]}},{"currency":"USD","lines":{"items":[{"item":{"href":"https:\/\/hydraqa.unicity.net\/v5a-test\/items\/ccb242d74dcb1fe621cc7bfe1b1de315","id":{"unicity":"31731"}},"terms":{"priceEach":"89.0000","pvEach":"61.0000"},"quantity":1}]}},{"currency":"USD","lines":{"items":[{"item":{"href":"https:\/\/hydraqa.unicity.net\/v5a-test\/items\/764e2db430d361da99e8f6b70c4d0244","id":{"unicity":"29830"}},"terms":{"priceEach":"17.0000","pvEach":"7.0000"},"quantity":1}]}},{"currency":"USD","lines":{"items":[{"item":{"href":"https:\/\/hydraqa.unicity.net\/v5a-test\/items\/b91affa753dd5ee8a9acef4fa7e2c9a7","id":{"unicity":"30414"}},"terms":{"priceEach":"94.0000","pvEach":"65.0000"},"quantity":1}]}},{"currency":"USD","lines":{"items":[{"item":{"href":"https:\/\/hydraqa.unicity.net\/v5a-test\/items\/01ac2f7586214fa9ed6ef69dd79c69ae","id":{"unicity":"27210"}},"terms":{"priceEach":"10.0000","pvEach":"0.0000"},"quantity":1}]}},{"currency":"USD","lines":{"items":[{"item":{"href":"https:\/\/hydraqa.unicity.net\/v5a-test\/items\/025d45e8cee8a1a4029f1cfd3bf70786","id":{"unicity":"26983"}},"terms":{"priceEach":"10.0000","pvEach":"0.0000"},"quantity":1}]}},{"currency":"USD","lines":{"items":[{"item":{"href":"https:\/\/hydraqa.unicity.net\/v5a-test\/items\/c83534b0b0693d9f78eaaae2030ed4c1","id":{"unicity":"27212"}},"terms":{"priceEach":"10.0000","pvEach":"0.0000"},"quantity":1}]}},{"currency":"USD","lines":{"items":[{"item":{"href":"https:\/\/hydraqa.unicity.net\/v5a-test\/items\/f65c401166afb2e642c700d84e832a8c","id":{"unicity":"27218"}},"terms":{"priceEach":"10.0000","pvEach":"0.0000"},"quantity":1}]}},{"currency":"USD","lines":{"items":[{"item":{"href":"https:\/\/hydraqa.unicity.net\/v5a-test\/items\/0cf62d38e91953b43dcfe88b06f813cb","id":{"unicity":"26557"}},"terms":{"priceEach":"79.0000","pvEach":"61.0000"},"quantity":1}]}},{"currency":"USD","lines":{"items":[{"item":{"href":"https:\/\/hydraqa.unicity.net\/v5a-test\/items\/9a6e1d094182389c3da8e0a320ff0e00","id":{"unicity":"27585"}},"terms":{"priceEach":"56.0000","pvEach":"33.0000"},"quantity":1}]}},{"currency":"USD","lines":{"items":[{"item":{"href":"https:\/\/hydraqa.unicity.net\/v5a-test\/items\/db4a3a5ca30b4890dd9bc50ff9cb620f","id":{"unicity":"26554"}},"terms":{"priceEach":"50.0000","pvEach":"25.0000"},"quantity":1}]}},{"currency":"USD","lines":{"items":[{"item":{"href":"https:\/\/hydraqa.unicity.net\/v5a-test\/items\/25eaf64b36ce31368f17ae789fd9ac5b","id":{"unicity":"29694"}},"terms":{"priceEach":"56.0000","pvEach":"33.0000"},"quantity":1}]}},{"currency":"USD","lines":{"items":[{"item":{"href":"https:\/\/hydraqa.unicity.net\/v5a-test\/items\/112b8c39286598b3730f630f371a45f4","id":{"unicity":"27587"}},"terms":{"priceEach":"58.0000","pvEach":"33.0000"},"quantity":1}]}},{"currency":"USD","lines":{"items":[{"item":{"href":"https:\/\/hydraqa.unicity.net\/v5a-test\/items\/05ca08f3808f126c0cc42154c50fc75c","id":{"unicity":"29440"}},"terms":{"priceEach":"120.0000","pvEach":"90.0000"},"quantity":1}]}},{"currency":"USD","lines":{"items":[{"item":{"href":"https:\/\/hydraqa.unicity.net\/v5a-test\/items\/cea826eab72d44641c070aab6c97c1ac","id":{"unicity":"22747"}},"terms":{"priceEach":"27.0000","pvEach":"16.0000"},"quantity":1}]}},{"currency":"USD","lines":{"items":[{"item":{"href":"https:\/\/hydraqa.unicity.net\/v5a-test\/items\/b2fc4b9ba4aa5cae54389161be2f841f","id":{"unicity":"18401"}},"terms":{"priceEach":"31.0000","pvEach":"19.0000"},"quantity":1}]}},{"currency":"USD","lines":{"items":[{"item":{"href":"https:\/\/hydraqa.unicity.net\/v5a-test\/items\/1bd53de7fe880ba71f46c9976ca2c137","id":{"unicity":"27739"}},"terms":{"priceEach":"33.0000","pvEach":"13.0000"},"quantity":1}]}},{"currency":"USD","lines":{"items":[{"item":{"href":"https:\/\/hydraqa.unicity.net\/v5a-test\/items\/19f8db4bcf7263831586f726e748f73c","id":{"unicity":"27208"}},"terms":{"priceEach":"30.0000","pvEach":"0.0000"},"quantity":1}]}},{"currency":"USD","lines":{"items":[{"item":{"href":"https:\/\/hydraqa.unicity.net\/v5a-test\/items\/d33e50ec9a9ee9b12ede56d35a8cb38d","id":{"unicity":"30797"}},"terms":{"priceEach":"267.0000","pvEach":"163.0000"},"quantity":1}]}},{"currency":"USD","lines":{"items":[{"item":{"href":"https:\/\/hydraqa.unicity.net\/v5a-test\/items\/0a3ede185ddf034630afd891c5106d33","id":{"unicity":"26562"}},"terms":{"priceEach":"33.0000","pvEach":"25.0000"},"quantity":1}]}},{"currency":"USD","lines":{"items":[{"item":{"href":"https:\/\/hydraqa.unicity.net\/v5a-test\/items\/1d977fb1e1c0aa5d0b71ee2cf01e7b4d","id":{"unicity":"32016"}},"terms":{"priceEach":"206.0000","pvEach":"130.0000"},"quantity":1}]}},{"currency":"USD","lines":{"items":[{"item":{"href":"https:\/\/hydraqa.unicity.net\/v5a-test\/items\/1524974f80be01c93083e794816394ab","id":{"unicity":"32017"}},"terms":{"priceEach":"206.0000","pvEach":"130.0000"},"quantity":1}]}},{"currency":"USD","lines":{"items":[{"item":{"href":"https:\/\/hydraqa.unicity.net\/v5a-test\/items\/aa0d72ac13b1ce88cf8c4a52ede75a37","id":{"unicity":"26552"}},"terms":{"priceEach":"70.0000","pvEach":"50.0000"},"quantity":1}]}},{"currency":"USD","lines":{"items":[{"item":{"href":"https:\/\/hydraqa.unicity.net\/v5a-test\/items\/398d06b858b960f6f38086d40608aef2","id":{"unicity":"26560"}},"terms":{"priceEach":"16.0000","pvEach":"12.0000"},"quantity":1}]}},{"currency":"USD","lines":{"items":[{"item":{"href":"https:\/\/hydraqa.unicity.net\/v5a-test\/items\/bb5c627f16547cb4f706cef521bca356","id":{"unicity":"29437"}},"terms":{"priceEach":"62.0000","pvEach":"36.0000"},"quantity":1}]}},{"currency":"USD","lines":{"items":[{"item":{"href":"https:\/\/hydraqa.unicity.net\/v5a-test\/items\/2835b1a78e379486f0ffbfd5fb9f6b0a","id":{"unicity":"30400"}},"terms":{"priceEach":"38.0000","pvEach":"28.0000"},"quantity":1}]}},{"currency":"USD","lines":{"items":[{"item":{"href":"https:\/\/hydraqa.unicity.net\/v5a-test\/items\/5a38f009bec6c23b1b3a70432f9722e5","id":{"unicity":"19596"}},"terms":{"priceEach":"49.0000","pvEach":"30.0000"},"quantity":1}]}},{"currency":"USD","lines":{"items":[{"item":{"href":"https:\/\/hydraqa.unicity.net\/v5a-test\/items\/38da42f991a40a00153b2e5055b82dbf","id":{"unicity":"27801"}},"terms":{"priceEach":"195.0000","pvEach":"130.0000"},"quantity":1}]}},{"currency":"USD","lines":{"items":[{"item":{"href":"https:\/\/hydraqa.unicity.net\/v5a-test\/items\/051e765a5a71835a859c2757edd359f0","id":{"unicity":"26580"}},"terms":{"priceEach":"195.0000","pvEach":"130.0000"},"quantity":1}]}},{"currency":"USD","lines":{"items":[{"item":{"href":"https:\/\/hydraqa.unicity.net\/v5a-test\/items\/8c21f026bb6a32624e0c80475bf8efb0","id":{"unicity":"25880"}},"terms":{"priceEach":"33.0000","pvEach":"23.0000"},"quantity":1}]}},{"currency":"USD","lines":{"items":[{"item":{"href":"https:\/\/hydraqa.unicity.net\/v5a-test\/items\/24ff5bda40c0d0e7eaa511866d052915","id":{"unicity":"29612"}},"terms":{"priceEach":"49.0000","pvEach":"30.0000"},"quantity":1}]}},{"currency":"USD","lines":{"items":[{"item":{"href":"https:\/\/hydraqa.unicity.net\/v5a-test\/items\/a391ad8c3c129526dc42793f5fee30f7","id":{"unicity":"27653"}},"terms":{"priceEach":"5.0000","pvEach":"0.0000"},"quantity":1}]}},{"currency":"USD","lines":{"items":[{"item":{"href":"https:\/\/hydraqa.unicity.net\/v5a-test\/items\/b127a2d34d3d73e2f53e4c2002a7a4a2","id":{"unicity":"25008"}},"terms":{"priceEach":"19.0000","pvEach":"15.0000"},"quantity":1}]}},{"currency":"USD","lines":{"items":[{"item":{"href":"https:\/\/hydraqa.unicity.net\/v5a-test\/items\/cda534d686af5d627c94c4bb2c4b57d8","id":{"unicity":"26561"}},"terms":{"priceEach":"16.0000","pvEach":"11.0000"},"quantity":1}]}},{"currency":"USD","lines":{"items":[{"item":{"href":"https:\/\/hydraqa.unicity.net\/v5a-test\/items\/10da226fab00279b4f89df10af2a10b7","id":{"unicity":"26442"}},"terms":{"priceEach":"6.0000","pvEach":"0.0000"},"quantity":1}]}},{"currency":"USD","lines":{"items":[{"item":{"href":"https:\/\/hydraqa.unicity.net\/v5a-test\/items\/2de8516a24af8232add0bb392e750a71","id":{"unicity":"31859"}},"terms":{"priceEach":"179.0000","pvEach":"130.0000"},"quantity":1}]}},{"currency":"USD","lines":{"items":[{"item":{"href":"https:\/\/hydraqa.unicity.net\/v5a-test\/items\/cf8460040a1860bcabf250b6c1171675","id":{"unicity":"31858"}},"terms":{"priceEach":"269.0000","pvEach":"195.0000"},"quantity":1}]}},{"currency":"USD","lines":{"items":[{"item":{"href":"https:\/\/hydraqa.unicity.net\/v5a-test\/items\/4ab49eca1731e69206ccafb5112ad5a4","id":{"unicity":"31861"}},"terms":{"priceEach":"196.0000","pvEach":"135.0000"},"quantity":1}]}},{"currency":"USD","lines":{"items":[{"item":{"href":"https:\/\/hydraqa.unicity.net\/v5a-test\/items\/d4c8fce238d6fc34d17a4b36d1e4e59a","id":{"unicity":"31860"}},"terms":{"priceEach":"196.0000","pvEach":"135.0000"},"quantity":1}]}},{"currency":"USD","lines":{"items":[{"item":{"href":"https:\/\/hydraqa.unicity.net\/v5a-test\/items\/fd464cd7972cc1317e850b9196d886b8","id":{"unicity":"31863"}},"terms":{"priceEach":"210.0000","pvEach":"148.0000"},"quantity":1}]}},{"currency":"USD","lines":{"items":[{"item":{"href":"https:\/\/hydraqa.unicity.net\/v5a-test\/items\/e47fd287212acedd1cffb2b67bf623bd","id":{"unicity":"31862"}},"terms":{"priceEach":"210.0000","pvEach":"148.0000"},"quantity":1}]}},{"currency":"USD","lines":{"items":[{"item":{"href":"https:\/\/hydraqa.unicity.net\/v5a-test\/items\/024e696f8b44a1d315006e676604cd31","id":{"unicity":"27395"}},"terms":{"priceEach":"25.0000","pvEach":"16.0000"},"quantity":1}]}},{"currency":"USD","lines":{"items":[{"item":{"href":"https:\/\/hydraqa.unicity.net\/v5a-test\/items\/90d5ee3af77bdc64ecf28a45b604bf3d","id":{"unicity":"31441"}},"terms":{"priceEach":"40.0000","pvEach":"0.0000"},"quantity":1}]}},{"currency":"USD","lines":{"items":[{"item":{"href":"https:\/\/hydraqa.unicity.net\/v5a-test\/items\/634f7efb30392b2a919de1355902d975","id":{"unicity":"29408"}},"terms":{"priceEach":"80.0000","pvEach":"52.0000"},"quantity":1}]}}]}
Entry request : {"order":{"customer":{"href":"https://hydraqa.unicity.net/v5a-test/customers?type=Associate"},"shipToAddress":{"country":"US","state":"PR"}},"vary":{"lines":{"items":[{"item":{"href":"https://hydraqa.unicity.net/v5a-test/items?id.unicity=26580|31441|31858|31859|31862|32030|29682|31314|32017|32016|30797|31727|31729|31730|31731|22747|26550|26554|26557|26560|26561|26562|27739|27585|25008|26442|26555|18908|26552|27653|27212|27218|26983|27210|18401|25803|27029|27208|19596|27801|26945|25535|27587|25880|29694|29408|29437|29612|27395|29440|29830|30414|30400|31842|31846|31845|31848|31847|31863|31860|31861|31958"}}]}}}
Request URL: https://hydraqa.unicity.net/v5a-test/customers.js?callback=angular.callbacks._1&expand=customer,profilePicture&id.unicity=36554001
Request URL: https://hydraqa.unicity.net/v5a-test/customers.js?_httpMethod=HEAD&callback=angular.callbacks._7&email=XTGVMK@gmail.com
Request URL: https://hydraqa.unicity.net/v5a-test/shippingmethods.js?callback=angular.callbacks._a&destination=US&market=US&state=PR
Request URL: https://hydraqa.unicity.net/v5a-test/addresses?country=PR&zip=00907
Entry response : {"items":[{"city":"San Juan","state":"San Juan"}]}
{sponsor=36554001, gender=male, city=SAN JUAN, signature=TestSignature, cartprice=414.0, enroller=36554001, responsedob=1992-08-16, arpack=Prime Health Pack - Cholesterol, Energy, Vanilla, language=English, locale=en, type=Associate, coapplicanttype=Spouse, platform=QA, lname=TestLastName, password=Unicity, genderoption=Male, Currency=USD, api=7, state=[San Juan], email=XTGVMK@gmail.com, coapplicant=TestSpouseName, zip=00907, fname=TestFirstName, prefferd=Puerto Rico, address2=Address 2, address1=Address 1, shippingmethod=type=WillCall&location=Oficina de Puerto Rico, version=v5a-test/, testcase=normal, market=Puerto Rico, aritemcode=26580, martial=Married, phone=9823746323, dob=08/16/1992, govid=175672751, proto=https://hydraqa.unicity.net/, marketcode=PR, maritaloption=Married, ccname=CCNameTest}
Request URL: https://hydraqa.unicity.net/v5a-test/orders.js
Entry request : {"customer":{"mainAddress":{"city":"SAN JUAN","country":"US","state":"PR","zip":"00907","address1":"Address 1","address2":"Address 2"},"humanName":{"firstName":"TestFirstName","lastName":"TestLastName"},"email":"XTGVMK@gmail.com","preferredLocale":"en-PR","password":{"value":"Unicity"},"gender":"male","maritalStatus":"Married","type":"Associate","creditcardaliases":[{"methodDetails":{"creditCardNumber":"4111111111111111","payer":"TestFirstName TestLastName","creditCardExpires":"2020-10"},"billToName":{"firstName":"TestFirstName","lastName":"TestLastName"},"billToAddress":{"address1":"Address 1","address2":"Address 2","city":"SAN JUAN","state":"PR","zip":"00907","country":"US"}}],"sponsor":{"href":"https://hydraqa.unicity.net/v5a-test/customers?id.unicity=36554001"},"enroller":{"href":"https://hydraqa.unicity.net/v5a-test/customers?id.unicity=36554001"},"homePhone":"9823746323","birthDate":"1992-08-16","autoorders":{"items":[{"recurrence":{"schedule":{"month":"*","dayOfMonth":"15"},"status":"Enabled"},"lines":{"items":[{"item":{"href":"https://hydraqa.unicity.net/v5a-test/items?id.unicity=26580"},"quantity":1}]},"shipToName":{"firstName":"TestFirstName","lastName":"TestLastName"},"shipToPhone":"9823746323","shipToEmail":"XTGVMK@gmail.com","shipToAddress":{"city":"SAN JUAN","country":"US","state":"PR","address1":"Address 1","address2":"Address 2","zip":"00907"},"shippingMethod":{"href":"https://hydraqa.unicity.net/v5a-test/shippingmethods?type=WillCall&location=Oficina de Puerto Rico"},"transactions":{"items":[{"amount":"this.terms.total","type":"AuthorizeAndCapture","method":"CreditCardAlias","methodDetails":{"alias":"this.customer.creditcardaliases[0].alias"}}]}}]},"coapplicant":{"type":"Spouse","details":{"humanName":{"firstName":"TestSpouseName","lastName":""}}},"rights":[],"signature":{"value":"TestSignature"},"taxTerms":{"taxId":"175672751","taxIdExpires":"2025-12-30"}},"lines":{"items":[{"item":{"href":"https://hydraqa.unicity.net/v5a-test/items?id.unicity=26580"},"quantity":1},{"item":{"href":"https://hydraqa.unicity.net/v5a-test/items?id.unicity=31441"},"quantity":1},{"item":{"href":"https://hydraqa.unicity.net/v5a-test/items?id.unicity=31859"},"quantity":1}]},"shipToName":{"firstName":"TestFirstName","lastName":"TestLastName"},"shipToPhone":"9823746323","shipToEmail":"XTGVMK@gmail.com","shipToAddress":{"city":"SAN JUAN","country":"US","state":"PR","address1":"Address 1","address2":"Address 2","zip":"00907"},"shippingMethod":{"href":"https://hydraqa.unicity.net/v5a-test/shippingmethods?type=WillCall&location=Oficina de Puerto Rico"},"notes":"","transactions":{"items":[{"amount":"this.terms.total","type":"AuthorizeAndCapture","method":"CreditCard","methodDetails":{"creditCardNumber":"4111111111111111","payer":"CCNameTest","creditCardExpires":"2020-10","creditCardSecurityCode":"123"},"billToAddress":{"address1":"Address 1","address2":"Address 2","city":"SAN JUAN","state":"PR","zip":"00907","country":"US"}},{"type":"AuthorizeAndCapture","method":"Coupon","methodDetails":{"code":"Fre3Aut0Sh!p"}}]}}
Entry response : {"meta":{"Link":"<http:\/\/unicity.github.io\/Hydra.php\/docs\/v5\/>; rel=\"help\"","X-Request-UUID":"9db859c4-9a68-4b4b-ad3e-3b3e18da1c87","X-Request-Release":"5-2020012701\/master","Cache-Control":"no-cache, must-revalidate","Expires":"0","X-Powered-By":"Luracast Restler v3.0.0rc5","Content-Type":"text\/javascript; charset=utf-8","Content-Language":"en","X-Status-Code":"201"},"data":{"market":"US","notes":"","shippingMethod":{"href":"https:\/\/hydraqa.unicity.net\/v5a-test\/shippingmethods?type=WillCall&location=Oficina de Puerto Rico","location":"Oficina de Puerto Rico","type":"WillCall"},"shipToAddress":{"country":"US","state":"PR","city":"SAN JUAN","zip":"00907","address1":"Address 1","address2":"Address 2"},"shipToEmail":"XTGVMK@gmail.com","shipToName":{"firstName":"TestFirstName","lastName":"TestLastName"},"shipToPhone":"9823746323","shipToTime":"","source":null,"type":null,"lines":{"items":[{"quantity":1,"item":{"href":"https:\/\/hydraqa.unicity.net\/v5a-test\/items?id.unicity=26580","id":{"unicity":"26580"}}},{"quantity":1,"item":{"href":"https:\/\/hydraqa.unicity.net\/v5a-test\/items?id.unicity=31441","id":{"unicity":"31441"}}},{"quantity":1,"item":{"href":"https:\/\/hydraqa.unicity.net\/v5a-test\/items?id.unicity=31859","id":{"unicity":"31859"}}}]},"transactions":{"items":[{"amount":417.01,"billToAddress":{"address1":"Address 1","address2":"Address 2","city":"SAN JUAN","state":"PR","zip":"00907","country":"US"},"billToEmail":null,"installments":null,"method":"CreditCard","methodDetails":{"creditCardExpires":"2020-10","creditCardNumber":"411111xxxxxx1111","creditCardSecurityCode":"123","payer":"CCNameTest","payerId":null},"type":"AuthorizeAndCapture"}]},"terms":{"discount":{"amount":40},"pretotal":417.01,"tax":{"amount":43.01},"freight":{"amount":0},"subtotal":414,"taxableTotal":374,"total":417.01,"pv":260},"currency":"USD","dateCreated":"2020-01-27T19:03:53-07:00","customer":{"humanName":{"firstName":"TestFirstName","lastName":"TestLastName"},"mainAddress":{"city":"SAN JUAN","country":"US","state":"PR","zip":"00907","address1":"Address 1","address2":"Address 2"},"type":"Associate","email":"XTGVMK@gmail.com","taxTerms":{"exemption":null,"taxId":"175672751","taxIdExpires":"2025-12-30"},"signature":{"value":"TestSignature"},"gender":"male","password":{"value":"Unicity"},"enroller":{"href":"https:\/\/hydraqa.unicity.net\/v5a-test\/customers\/c8a0f511723643dd5ba719e2e99a32ba82ff3eda31cc639783863e5baba2dbdb","id":{"unicity":36554001},"humanName":{"fullName":"Kent, Clark"},"email":"tyler.cook@unicity.com"},"sponsor":{"href":"https:\/\/hydraqa.unicity.net\/v5a-test\/customers\/c8a0f511723643dd5ba719e2e99a32ba82ff3eda31cc639783863e5baba2dbdb","id":{"unicity":36554001},"humanName":{"fullName":"Kent, Clark"},"email":"tyler.cook@unicity.com"},"birthDate":"1992-08-16","homePhone":"9823746323","preferredLocale":"en-PR","maritalStatus":"Married","coapplicant":{"details":{"humanName":{"firstName":"TestSpouseName","lastName":""}},"type":"Spouse"},"autoorders":{"items":[{"id":{"unicity":"64220"}}]},"rights":[],"status":"Active","id":{"unicity":"8202508"},"href":"https:\/\/hydraqa.unicity.net\/v5a-test\/customers\/faf15387863160b6b90cf00a0787917c","token":"77c64a68-3379-430a-aa97-6ca8aa2934b3"},"added_transactions":{"items":[]},"taxedAs":"service","id":{"unicity":"1643184"},"href":"https:\/\/hydraqa.unicity.net\/v5a-test\/orders\/d54dcb4d39a1e42832b27d7e44dc9032"}}
Headers-->keep-alive
Headers-->3056
Headers-->application/json, text/plain, */*
Headers-->http://enroll.ng.unicityqa.com
Headers-->en-PR
]]></system-out>
    <system-err><![CDATA[Starting ChromeDriver 2.36.540470 (e522d04694c7ebea4ba8821272dbef4f9b818c91) on port 11556
Only local connections are allowed.
Jan 27, 2020 7:00:22 PM org.openqa.selenium.remote.ProtocolHandshake createSession
INFO: Detected dialect: OSS
]]></system-err>
  </testcase>
  <testcase name="Enroll" classname="Tests.FranchisePartner" time="206.135">
    <failure message="Minor Labels expected [[Kreditkortsinformation, Faktureringsadress, Leveransadress, Fraktmetod]] but found [[Registreringsinställningar, Om dig, Medsökande partner/företag (valfritt), Provisionsbetalningsalternativ, Ditt Unicity kontor, ]]" type="java.lang.AssertionError">java.lang.AssertionError: Minor Labels expected [[Kreditkortsinformation, Faktureringsadress, Leveransadress, Fraktmetod]] but found [[Registreringsinställningar, Om dig, Medsökande partner/företag (valfritt), Provisionsbetalningsalternativ, Ditt Unicity kontor, ]]
	at Tests.FranchisePartner.Enroll(FranchisePartner.java:264)
</failure>
    <system-out><![CDATA[Request URL: https://hydraqa.unicity.net/v5a-test/quotes?&expand=item
Entry Quotes response : {"items":[{"lines":{"items":[{"item":{"href":"https:\/\/hydraqa.unicity.net\/v5a-test\/items\/313d106282358e7f4b675a3e7edfbf1e","id":{"unicity":"26297"},"weightEach":{"value":0},"servingsPerContainer":0,"servingSize":0},"quantity":"1","terms":{"priceEach":"346","taxEach":{"amount":"42.78"},"discountEach":{"amount":"0"},"pvEach":"250"}}]},"currency":"EUR"},{"lines":{"items":[{"item":{"href":"https:\/\/hydraqa.unicity.net\/v5a-test\/items\/2b186806607ffc92747af3d5f573b66a","id":{"unicity":"26372"},"weightEach":{"value":0},"servingsPerContainer":0,"servingSize":0},"quantity":"1","terms":{"priceEach":"692","taxEach":{"amount":"87.96"},"discountEach":{"amount":"0"},"pvEach":"500"}}]},"currency":"EUR"},{"lines":{"items":[{"item":{"href":"https:\/\/hydraqa.unicity.net\/v5a-test\/items\/ddd0fbe9e4ec6fad3382d6323940b5c5","id":{"unicity":"26373"},"weightEach":{"value":0},"servingsPerContainer":0,"servingSize":0},"quantity":"1","terms":{"priceEach":"1384","taxEach":{"amount":"172.35"},"discountEach":{"amount":"0"},"pvEach":"1000"}}]},"currency":"EUR"},{"lines":{"items":[{"item":{"href":"https:\/\/hydraqa.unicity.net\/v5a-test\/items\/6d66f25b392402da7f40e97f07159275","id":{"unicity":"28939"},"weightEach":{"value":0},"servingsPerContainer":0,"servingSize":0},"quantity":"1","terms":{"priceEach":"93","taxEach":{"amount":"11.81"},"discountEach":{"amount":"0"},"pvEach":"62"}}]},"currency":"EUR"},{"lines":{"items":[{"item":{"href":"https:\/\/hydraqa.unicity.net\/v5a-test\/items\/c0a81a3e2fdfdd1fc812d67fc03aca7a","id":{"unicity":"31162"},"weightEach":{"value":0},"servingsPerContainer":0,"servingSize":0},"quantity":"1","terms":{"priceEach":"170","taxEach":{"amount":"20.4"},"discountEach":{"amount":"0"},"pvEach":"122"}}]},"currency":"EUR"},{"lines":{"items":[{"item":{"href":"https:\/\/hydraqa.unicity.net\/v5a-test\/items\/eba7a9cf98889f12a3616e08b8f3b959","id":{"unicity":"31163"},"weightEach":{"value":0},"servingsPerContainer":0,"servingSize":0},"quantity":"1","terms":{"priceEach":"162","taxEach":{"amount":"19.44"},"discountEach":{"amount":"0"},"pvEach":"122"}}]},"currency":"EUR"},{"lines":{"items":[{"item":{"href":"https:\/\/hydraqa.unicity.net\/v5a-test\/items\/8b2c447a944acc5f91220ceef5b12646","id":{"unicity":"31164"},"weightEach":{"value":0},"servingsPerContainer":0,"servingSize":0},"quantity":"1","terms":{"priceEach":"166","taxEach":{"amount":"19.92"},"discountEach":{"amount":"0"},"pvEach":"122"}}]},"currency":"EUR"},{"lines":{"items":[{"item":{"href":"https:\/\/hydraqa.unicity.net\/v5a-test\/items\/f9ca116410d022bd1e57507af859e64d","id":{"unicity":"31242"},"weightEach":{"value":0},"servingsPerContainer":0,"servingSize":0},"quantity":"1","terms":{"priceEach":"1406","taxEach":{"amount":"173.68"},"discountEach":{"amount":"0"},"pvEach":"1000"}}]},"currency":"EUR"},{"lines":{"items":[{"item":{"href":"https:\/\/hydraqa.unicity.net\/v5a-test\/items\/221477f57a664e70f9d98d5d948e91f6","id":{"unicity":"31243"},"weightEach":{"value":0},"servingsPerContainer":0,"servingSize":0},"quantity":"1","terms":{"priceEach":"722","taxEach":{"amount":"91.59"},"discountEach":{"amount":"0"},"pvEach":"500"}}]},"currency":"EUR"},{"lines":{"items":[{"item":{"href":"https:\/\/hydraqa.unicity.net\/v5a-test\/items\/5fa9d0f0567239dff64b83c0cd0def2c","id":{"unicity":"31244"},"weightEach":{"value":0},"servingsPerContainer":0,"servingSize":0},"quantity":"1","terms":{"priceEach":"381","taxEach":{"amount":"46.36"},"discountEach":{"amount":"0"},"pvEach":"275"}}]},"currency":"EUR"},{"lines":{"items":[{"item":{"href":"https:\/\/hydraqa.unicity.net\/v5a-test\/items\/6447f84f6ef7782049a369b983428bb7","id":{"unicity":"31336"},"weightEach":{"value":0},"servingsPerContainer":0,"servingSize":0},"quantity":"1","terms":{"priceEach":"224.21","taxEach":{"amount":"26.91"},"discountEach":{"amount":"0"},"pvEach":"165"}}]},"currency":"EUR"},{"lines":{"items":[{"item":{"href":"https:\/\/hydraqa.unicity.net\/v5a-test\/items\/31cb0679f65df8fa9a4fc3d7e38b72b3","id":{"unicity":"31763"},"weightEach":{"value":0},"servingsPerContainer":0,"servingSize":0},"quantity":"1","terms":{"priceEach":"243.3","taxEach":{"amount":"29.2"},"discountEach":{"amount":"0"},"pvEach":"181"}}]},"currency":"EUR"},{"lines":{"items":[{"item":{"href":"https:\/\/hydraqa.unicity.net\/v5a-test\/items\/e9991b48ac639367d526d2b9b22fac8c","id":{"unicity":"32128"},"weightEach":{"value":0},"servingsPerContainer":0,"servingSize":0},"quantity":"1","terms":{"priceEach":"371.87","taxEach":{"amount":"44.62"},"discountEach":{"amount":"0"},"pvEach":"253"}}]},"currency":"EUR"},{"lines":{"items":[{"item":{"href":"https:\/\/hydraqa.unicity.net\/v5a-test\/items\/40b3312de189221d96d838d33a8ec49d","id":{"unicity":"32129"},"weightEach":{"value":0},"servingsPerContainer":0,"servingSize":0},"quantity":"1","terms":{"priceEach":"371.87","taxEach":{"amount":"44.62"},"discountEach":{"amount":"0"},"pvEach":"254"}}]},"currency":"EUR"},{"lines":{"items":[{"item":{"href":"https:\/\/hydraqa.unicity.net\/v5a-test\/items\/6bd168a66ce41003a8f30917deff5808","id":{"unicity":"32130"},"weightEach":{"value":0},"servingsPerContainer":0,"servingSize":0},"quantity":"1","terms":{"priceEach":"363.46","taxEach":{"amount":"43.62"},"discountEach":{"amount":"0"},"pvEach":"252"}}]},"currency":"EUR"},{"lines":{"items":[{"item":{"href":"https:\/\/hydraqa.unicity.net\/v5a-test\/items\/806f99b793edd7cd0b1c158ba0eb3142","id":{"unicity":"32132"},"weightEach":{"value":0},"servingsPerContainer":0,"servingSize":0},"quantity":"1","terms":{"priceEach":"355.98","taxEach":{"amount":"42.72"},"discountEach":{"amount":"0"},"pvEach":"253"}}]},"currency":"EUR"},{"lines":{"items":[{"item":{"href":"https:\/\/hydraqa.unicity.net\/v5a-test\/items\/e3d382d99fde8659cb146b54116e7654","id":{"unicity":"32133"},"weightEach":{"value":0},"servingsPerContainer":0,"servingSize":0},"quantity":"1","terms":{"priceEach":"364.39","taxEach":{"amount":"43.73"},"discountEach":{"amount":"0"},"pvEach":"252"}}]},"currency":"EUR"},{"lines":{"items":[{"item":{"href":"https:\/\/hydraqa.unicity.net\/v5a-test\/items\/022f109fe6e5eae3e521295a5cb94c60","id":{"unicity":"32134"},"weightEach":{"value":0},"servingsPerContainer":0,"servingSize":0},"quantity":"1","terms":{"priceEach":"144.77","taxEach":{"amount":"17.37"},"discountEach":{"amount":"0"},"pvEach":"101"}}]},"currency":"EUR"},{"lines":{"items":[{"item":{"href":"https:\/\/hydraqa.unicity.net\/v5a-test\/items\/ded00960d5e948dd8e511a9c752e1ff9","id":{"unicity":"32135"},"weightEach":{"value":0},"servingsPerContainer":0,"servingSize":0},"quantity":"1","terms":{"priceEach":"154.11","taxEach":{"amount":"18.49"},"discountEach":{"amount":"0"},"pvEach":"113"}}]},"currency":"EUR"},{"lines":{"items":[{"item":{"href":"https:\/\/hydraqa.unicity.net\/v5a-test\/items\/d8736cc35cf9f4734fd76da71c53dc05","id":{"unicity":"32136"},"weightEach":{"value":0},"servingsPerContainer":0,"servingSize":0},"quantity":"1","terms":{"priceEach":"141.96","taxEach":{"amount":"17.04"},"discountEach":{"amount":"0"},"pvEach":"102"}}]},"currency":"EUR"},{"lines":{"items":[{"item":{"href":"https:\/\/hydraqa.unicity.net\/v5a-test\/items\/166a69d45c4ae40278554e24d5f40443","id":{"unicity":"32137"},"weightEach":{"value":0},"servingsPerContainer":0,"servingSize":0},"quantity":"1","terms":{"priceEach":"168.13","taxEach":{"amount":"20.18"},"discountEach":{"amount":"0"},"pvEach":"118"}}]},"currency":"EUR"},{"lines":{"items":[{"item":{"href":"https:\/\/hydraqa.unicity.net\/v5a-test\/items\/d04a0b8762b20202b6273114fb7302d1","id":{"unicity":"32138"},"weightEach":{"value":0},"servingsPerContainer":0,"servingSize":0},"quantity":"1","terms":{"priceEach":"224.21","taxEach":{"amount":"26.91"},"discountEach":{"amount":"0"},"pvEach":"152"}}]},"currency":"EUR"},{"lines":{"items":[{"item":{"href":"https:\/\/hydraqa.unicity.net\/v5a-test\/items\/e13d0b5c40704ad5dd186959367c97f1","id":{"unicity":"32125"},"weightEach":{"value":0},"servingsPerContainer":0,"servingSize":0},"quantity":"1","terms":{"priceEach":"373.74","taxEach":{"amount":"44.85"},"discountEach":{"amount":"0"},"pvEach":"250"}}]},"currency":"EUR"},{"lines":{"items":[{"item":{"href":"https:\/\/hydraqa.unicity.net\/v5a-test\/items\/c451532f63a06f0e9a054e946a1a1c3b","id":{"unicity":"18511"},"weightEach":{"value":0},"servingsPerContainer":0,"servingSize":0},"quantity":"1","terms":{"priceEach":"37.29","taxEach":{"amount":"4.47"},"discountEach":{"amount":"0"},"pvEach":"23"}}]},"currency":"EUR"},{"lines":{"items":[{"item":{"href":"https:\/\/hydraqa.unicity.net\/v5a-test\/items\/9752a919e28f96747163918165b46f23","id":{"unicity":"19941"},"weightEach":{"value":558},"servingsPerContainer":15,"servingSize":0},"quantity":"1","terms":{"priceEach":"32.62","taxEach":{"amount":"3.91"},"discountEach":{"amount":"0"},"pvEach":"20"}}]},"currency":"EUR"},{"lines":{"items":[{"item":{"href":"https:\/\/hydraqa.unicity.net\/v5a-test\/items\/65589269f4976d30f5c80a675b83db43","id":{"unicity":"22178"},"weightEach":{"value":0},"servingsPerContainer":0,"servingSize":0},"quantity":"1","terms":{"priceEach":"37.29","taxEach":{"amount":"4.47"},"discountEach":{"amount":"0"},"pvEach":"23"}}]},"currency":"EUR"},{"lines":{"items":[{"item":{"href":"https:\/\/hydraqa.unicity.net\/v5a-test\/items\/4e49c95f12ae7be78e5ffab68b8b3ca6","id":{"unicity":"26422"},"weightEach":{"value":0},"servingsPerContainer":0,"servingSize":0},"quantity":"1","terms":{"priceEach":"19","taxEach":{"amount":"2.28"},"discountEach":{"amount":"0"},"pvEach":"16"}}]},"currency":"EUR"},{"lines":{"items":[{"item":{"href":"https:\/\/hydraqa.unicity.net\/v5a-test\/items\/50e73ecfa509ac20c4a250f9cb32fdfc","id":{"unicity":"27156"},"weightEach":{"value":0},"servingsPerContainer":0,"servingSize":0},"quantity":"1","terms":{"priceEach":"20.47","taxEach":{"amount":"2.46"},"discountEach":{"amount":"0"},"pvEach":"13"}}]},"currency":"EUR"},{"lines":{"items":[{"item":{"href":"https:\/\/hydraqa.unicity.net\/v5a-test\/items\/d92292ba2f23c030e4a1f63eb3ebe1ce","id":{"unicity":"27158"},"weightEach":{"value":0},"servingsPerContainer":0,"servingSize":0},"quantity":"1","terms":{"priceEach":"27.94","taxEach":{"amount":"3.35"},"discountEach":{"amount":"0"},"pvEach":"23"}}]},"currency":"EUR"},{"lines":{"items":[{"item":{"href":"https:\/\/hydraqa.unicity.net\/v5a-test\/items\/cc0aa5275e03cd250dc423dd19bd9a04","id":{"unicity":"27222"},"weightEach":{"value":0},"servingsPerContainer":0,"servingSize":0},"quantity":"1","terms":{"priceEach":"74.67","taxEach":{"amount":"8.96"},"discountEach":{"amount":"0"},"pvEach":"54"}}]},"currency":"EUR"},{"lines":{"items":[{"item":{"href":"https:\/\/hydraqa.unicity.net\/v5a-test\/items\/9bdc68ccf7182127a7a885625dcc4fa8","id":{"unicity":"27224"},"weightEach":{"value":0},"servingsPerContainer":0,"servingSize":0},"quantity":"1","terms":{"priceEach":"74.67","taxEach":{"amount":"8.96"},"discountEach":{"amount":"0"},"pvEach":"54"}}]},"currency":"EUR"},{"lines":{"items":[{"item":{"href":"https:\/\/hydraqa.unicity.net\/v5a-test\/items\/a7bda1cb4a35343e52791aba56debc4a","id":{"unicity":"27617"},"weightEach":{"value":0},"servingsPerContainer":0,"servingSize":0},"quantity":"1","terms":{"priceEach":"29.81","taxEach":{"amount":"3.58"},"discountEach":{"amount":"0"},"pvEach":"18"}}]},"currency":"EUR"},{"lines":{"items":[{"item":{"href":"https:\/\/hydraqa.unicity.net\/v5a-test\/items\/a36d9fdd0fd7561e6180fb5b2ff27164","id":{"unicity":"27660"},"weightEach":{"value":0},"servingsPerContainer":0,"servingSize":0},"quantity":"1","terms":{"priceEach":"31.68","taxEach":{"amount":"3.8"},"discountEach":{"amount":"0"},"pvEach":"18"}}]},"currency":"EUR"},{"lines":{"items":[{"item":{"href":"https:\/\/hydraqa.unicity.net\/v5a-test\/items\/0c0717a26fcfe40310e906487e8a12f7","id":{"unicity":"28601"},"weightEach":{"value":0},"servingsPerContainer":0,"servingSize":0},"quantity":"1","terms":{"priceEach":"74.67","taxEach":{"amount":"8.96"},"discountEach":{"amount":"0"},"pvEach":"54"}}]},"currency":"EUR"},{"lines":{"items":[{"item":{"href":"https:\/\/hydraqa.unicity.net\/v5a-test\/items\/4790a55c442b5dc75a13b155e78c1842","id":{"unicity":"28604"},"weightEach":{"value":0},"servingsPerContainer":0,"servingSize":0},"quantity":"1","terms":{"priceEach":"74.67","taxEach":{"amount":"8.96"},"discountEach":{"amount":"0"},"pvEach":"54"}}]},"currency":"EUR"},{"lines":{"items":[{"item":{"href":"https:\/\/hydraqa.unicity.net\/v5a-test\/items\/bd92cb1274dae7ba0d8f7ed15cda9896","id":{"unicity":"28805"},"weightEach":{"value":0},"servingsPerContainer":0,"servingSize":0},"quantity":"1","terms":{"priceEach":"74.67","taxEach":{"amount":"8.96"},"discountEach":{"amount":"0"},"pvEach":"53"}}]},"currency":"EUR"},{"lines":{"items":[{"item":{"href":"https:\/\/hydraqa.unicity.net\/v5a-test\/items\/db0a2b02eaabc5ad45fe91ba5c7bcf5a","id":{"unicity":"31772"},"weightEach":{"value":0},"servingsPerContainer":0,"servingSize":0},"quantity":"1","terms":{"priceEach":"8.32","taxEach":{"amount":"2.08"},"discountEach":{"amount":"0"},"pvEach":"0"}}]},"currency":"EUR"},{"lines":{"items":[{"item":{"href":"https:\/\/hydraqa.unicity.net\/v5a-test\/items\/2262fdd5af916c31df08089c191735c1","id":{"unicity":"29317"},"weightEach":{"value":0},"servingsPerContainer":0,"servingSize":0},"quantity":"1","terms":{"priceEach":"25.21","taxEach":{"amount":"6.3"},"discountEach":{"amount":"0"},"pvEach":"0"}}]},"currency":"EUR"},{"lines":{"items":[{"item":{"href":"https:\/\/hydraqa.unicity.net\/v5a-test\/items\/217ca02fbd24e21ca5281412756238ab","id":{"unicity":"32126"},"weightEach":{"value":0},"servingsPerContainer":0,"servingSize":0},"quantity":"1","terms":{"priceEach":"152.24","taxEach":{"amount":"19.35"},"discountEach":{"amount":"0"},"pvEach":"101"}}]},"currency":"EUR"},{"lines":{"items":[{"item":{"href":"https:\/\/hydraqa.unicity.net\/v5a-test\/items\/808008a0657d2033ad471c39bbce9891","id":{"unicity":"32127"},"weightEach":{"value":0},"servingsPerContainer":0,"servingSize":0},"quantity":"1","terms":{"priceEach":"162.34","taxEach":{"amount":"20.56"},"discountEach":{"amount":"0"},"pvEach":"113"}}]},"currency":"EUR"},{"lines":{"items":[{"item":{"href":"https:\/\/hydraqa.unicity.net\/v5a-test\/items\/332daeac6796ed016ea8b7d0bc42c2d4","id":{"unicity":"24274"},"weightEach":{"value":0},"servingsPerContainer":0,"servingSize":0},"quantity":"1","terms":{"priceEach":"7.48","taxEach":{"amount":"1.87"},"discountEach":{"amount":"0"},"pvEach":"0"}}]},"currency":"EUR"},{"lines":{"items":[{"item":{"href":"https:\/\/hydraqa.unicity.net\/v5a-test\/items\/1945faa1776541d53120ecfe3c1d8a2b","id":{"unicity":"24418"},"weightEach":{"value":0},"servingsPerContainer":0,"servingSize":0},"quantity":"1","terms":{"priceEach":"4.96","taxEach":{"amount":"1.24"},"discountEach":{"amount":"0"},"pvEach":"0"}}]},"currency":"EUR"},{"lines":{"items":[{"item":{"href":"https:\/\/hydraqa.unicity.net\/v5a-test\/items\/10da226fab00279b4f89df10af2a10b7","id":{"unicity":"26442"},"weightEach":{"value":0},"servingsPerContainer":0,"servingSize":0},"quantity":"1","terms":{"priceEach":"5.8","taxEach":{"amount":"1.45"},"discountEach":{"amount":"0"},"pvEach":"0"}}]},"currency":"EUR"},{"lines":{"items":[{"item":{"href":"https:\/\/hydraqa.unicity.net\/v5a-test\/items\/5147f8cfe32548e02fc158d4da9c4d6f","id":{"unicity":"27150"},"weightEach":{"value":0},"servingsPerContainer":0,"servingSize":0},"quantity":"1","terms":{"priceEach":"93.36","taxEach":{"amount":"11.2"},"discountEach":{"amount":"0"},"pvEach":"70"}}]},"currency":"EUR"},{"lines":{"items":[{"item":{"href":"https:\/\/hydraqa.unicity.net\/v5a-test\/items\/7d4ad2792f7056e5f81eb24f118ef737","id":{"unicity":"27575"},"weightEach":{"value":0},"servingsPerContainer":0,"servingSize":0},"quantity":"1","terms":{"priceEach":"55.98","taxEach":{"amount":"6.72"},"discountEach":{"amount":"0"},"pvEach":"34"}}]},"currency":"EUR"},{"lines":{"items":[{"item":{"href":"https:\/\/hydraqa.unicity.net\/v5a-test\/items\/112b8c39286598b3730f630f371a45f4","id":{"unicity":"27587"},"weightEach":{"value":0},"servingsPerContainer":0,"servingSize":0},"quantity":"1","terms":{"priceEach":"55.98","taxEach":{"amount":"6.72"},"discountEach":{"amount":"0"},"pvEach":"34"}}]},"currency":"EUR"},{"lines":{"items":[{"item":{"href":"https:\/\/hydraqa.unicity.net\/v5a-test\/items\/0eebdede5bdb8bf4d71e800b6f3cead1","id":{"unicity":"30825"},"weightEach":{"value":0},"servingsPerContainer":0,"servingSize":0},"quantity":"1","terms":{"priceEach":"37.29","taxEach":{"amount":"4.47"},"discountEach":{"amount":"0"},"pvEach":"23"}}]},"currency":"EUR"},{"lines":{"items":[{"item":{"href":"https:\/\/hydraqa.unicity.net\/v5a-test\/items\/024e696f8b44a1d315006e676604cd31","id":{"unicity":"27395"},"weightEach":{"value":0},"servingsPerContainer":0,"servingSize":0},"quantity":"1","terms":{"priceEach":"29.81","taxEach":{"amount":"3.58"},"discountEach":{"amount":"0"},"pvEach":"18"}}]},"currency":"EUR"},{"lines":{"items":[{"item":{"href":"https:\/\/hydraqa.unicity.net\/v5a-test\/items\/4b2034f47fce90b87bba28c5c2d7c25d","id":{"unicity":"15880"},"weightEach":{"value":0},"servingsPerContainer":0,"servingSize":0},"quantity":"1","terms":{"priceEach":"51.31","taxEach":{"amount":"6.16"},"discountEach":{"amount":"0"},"pvEach":"33"}}]},"currency":"EUR"},{"lines":{"items":[{"item":{"href":"https:\/\/hydraqa.unicity.net\/v5a-test\/items\/398d06b858b960f6f38086d40608aef2","id":{"unicity":"26560"},"weightEach":{"value":0},"servingsPerContainer":0,"servingSize":0},"quantity":"1","terms":{"priceEach":"20.47","taxEach":{"amount":"2.46"},"discountEach":{"amount":"0"},"pvEach":"13"}}]},"currency":"EUR"},{"lines":{"items":[{"item":{"href":"https:\/\/hydraqa.unicity.net\/v5a-test\/items\/e218d1cac5f31e7ae4f5876c29c57377","id":{"unicity":"29017"},"weightEach":{"value":0},"servingsPerContainer":0,"servingSize":0},"quantity":"1","terms":{"priceEach":"37.29","taxEach":{"amount":"4.47"},"discountEach":{"amount":"0"},"pvEach":"23"}}]},"currency":"EUR"},{"lines":{"items":[{"item":{"href":"https:\/\/hydraqa.unicity.net\/v5a-test\/items\/3f2d12d7a0e8551fc99fad3bbe1ba633","id":{"unicity":"26567"},"weightEach":{"value":0},"servingsPerContainer":0,"servingSize":0},"quantity":"1","terms":{"priceEach":"55.98","taxEach":{"amount":"6.72"},"discountEach":{"amount":"0"},"pvEach":"26"}}]},"currency":"EUR"},{"lines":{"items":[{"item":{"href":"https:\/\/hydraqa.unicity.net\/v5a-test\/items\/191637167cb3144bd2e8c4615e9ab67e","id":{"unicity":"26568"},"weightEach":{"value":0},"servingsPerContainer":0,"servingSize":0},"quantity":"1","terms":{"priceEach":"55.98","taxEach":{"amount":"6.72"},"discountEach":{"amount":"0"},"pvEach":"26"}}]},"currency":"EUR"},{"lines":{"items":[{"item":{"href":"https:\/\/hydraqa.unicity.net\/v5a-test\/items\/64ec7ad932acafab052a4e8800ad1238","id":{"unicity":"24758"},"weightEach":{"value":0},"servingsPerContainer":0,"servingSize":0},"quantity":"1","terms":{"priceEach":"37.29","taxEach":{"amount":"4.47"},"discountEach":{"amount":"0"},"pvEach":"23"}}]},"currency":"EUR"},{"lines":{"items":[{"item":{"href":"https:\/\/hydraqa.unicity.net\/v5a-test\/items\/606f7be753c74dfbfe4b107276775140","id":{"unicity":"29821"},"weightEach":{"value":0},"servingsPerContainer":0,"servingSize":0},"quantity":"1","terms":{"priceEach":"79.35","taxEach":{"amount":"9.52"},"discountEach":{"amount":"0"},"pvEach":"59"}}]},"currency":"EUR"},{"lines":{"items":[{"item":{"href":"https:\/\/hydraqa.unicity.net\/v5a-test\/items\/94939f9be900906d2b47260ccba22a7b","id":{"unicity":"32012"},"weightEach":{"value":0},"servingsPerContainer":0,"servingSize":0},"quantity":"1","terms":{"priceEach":"13.93","taxEach":{"amount":"1.67"},"discountEach":{"amount":"0"},"pvEach":"6"}}]},"currency":"EUR"},{"lines":{"items":[{"item":{"href":"https:\/\/hydraqa.unicity.net\/v5a-test\/items\/2c4c1abe00983e85aaa918d2ce341491","id":{"unicity":"17174"},"weightEach":{"value":0},"servingsPerContainer":0,"servingSize":0},"quantity":"1","terms":{"priceEach":"37.29","taxEach":{"amount":"4.47"},"discountEach":{"amount":"0"},"pvEach":"23"}}]},"currency":"EUR"},{"lines":{"items":[{"item":{"href":"https:\/\/hydraqa.unicity.net\/v5a-test\/items\/991cdbb84a495779eb209fb3956a77e4","id":{"unicity":"29183"},"weightEach":{"value":0},"servingsPerContainer":0,"servingSize":0},"quantity":"1","terms":{"priceEach":"31.01","taxEach":{"amount":"7.75"},"discountEach":{"amount":"0"},"pvEach":"18"}}]},"currency":"EUR"},{"lines":{"items":[{"item":{"href":"https:\/\/hydraqa.unicity.net\/v5a-test\/items\/0e78fbdfebef11cd62f8d2120064ee58","id":{"unicity":"30280"},"weightEach":{"value":0},"servingsPerContainer":0,"servingSize":0},"quantity":"1","terms":{"priceEach":"33.53","taxEach":{"amount":"8.38"},"discountEach":{"amount":"0"},"pvEach":"20"}}]},"currency":"EUR"},{"lines":{"items":[{"item":{"href":"https:\/\/hydraqa.unicity.net\/v5a-test\/items\/beb900429fbb160dbfc3001c14d96df4","id":{"unicity":"29187"},"weightEach":{"value":0},"servingsPerContainer":0,"servingSize":0},"quantity":"1","terms":{"priceEach":"37.73","taxEach":{"amount":"9.43"},"discountEach":{"amount":"0"},"pvEach":"24"}}]},"currency":"EUR"},{"lines":{"items":[{"item":{"href":"https:\/\/hydraqa.unicity.net\/v5a-test\/items\/1b0412bea8c0b841c66f65a36aa14108","id":{"unicity":"29191"},"weightEach":{"value":0},"servingsPerContainer":0,"servingSize":0},"quantity":"1","terms":{"priceEach":"37.73","taxEach":{"amount":"9.43"},"discountEach":{"amount":"0"},"pvEach":"24"}}]},"currency":"EUR"},{"lines":{"items":[{"item":{"href":"https:\/\/hydraqa.unicity.net\/v5a-test\/items\/52c87f74d3b41ed49b0f897b66c2a99b","id":{"unicity":"30684"},"weightEach":{"value":0},"servingsPerContainer":0,"servingSize":0},"quantity":"1","terms":{"priceEach":"37.29","taxEach":{"amount":"4.47"},"discountEach":{"amount":"0"},"pvEach":"23"}}]},"currency":"EUR"},{"lines":{"items":[{"item":{"href":"https:\/\/hydraqa.unicity.net\/v5a-test\/items\/90f38f77c9e6ea5a71aa7377df83760b","id":{"unicity":"30198"},"weightEach":{"value":0},"servingsPerContainer":0,"servingSize":0},"quantity":"1","terms":{"priceEach":"19","taxEach":{"amount":"2.28"},"discountEach":{"amount":"0"},"pvEach":"16"}}]},"currency":"EUR"},{"lines":{"items":[{"item":{"href":"https:\/\/hydraqa.unicity.net\/v5a-test\/items\/ab2a2b07b17718843a66bee04ff40624","id":{"unicity":"31402"},"weightEach":{"value":0},"servingsPerContainer":0,"servingSize":0},"quantity":"1","terms":{"priceEach":"92.43","taxEach":{"amount":"11.09"},"discountEach":{"amount":"0"},"pvEach":"70"}}]},"currency":"EUR"},{"lines":{"items":[{"item":{"href":"https:\/\/hydraqa.unicity.net\/v5a-test\/items\/7e5e7df32701fd44947c8146f2129f7a","id":{"unicity":"31672"},"weightEach":{"value":0},"servingsPerContainer":0,"servingSize":0},"quantity":"1","terms":{"priceEach":"74.67","taxEach":{"amount":"8.96"},"discountEach":{"amount":"0"},"pvEach":"54"}}]},"currency":"EUR"},{"lines":{"items":[{"item":{"href":"https:\/\/hydraqa.unicity.net\/v5a-test\/items\/493c2ba720f847422eccc5da35024f33","id":{"unicity":"31534"},"weightEach":{"value":0},"servingsPerContainer":0,"servingSize":0},"quantity":"1","terms":{"priceEach":"26.07","taxEach":{"amount":"3.13"},"discountEach":{"amount":"0"},"pvEach":"16"}}]},"currency":"EUR"},{"lines":{"items":[{"item":{"href":"https:\/\/hydraqa.unicity.net\/v5a-test\/items\/bfddb53fe0d5ed5432c531dc9850cbe4","id":{"unicity":"29449"},"weightEach":{"value":0},"servingsPerContainer":0,"servingSize":0},"quantity":"1","terms":{"priceEach":"26.07","taxEach":{"amount":"3.13"},"discountEach":{"amount":"0"},"pvEach":"16"}}]},"currency":"EUR"},{"lines":{"items":[{"item":{"href":"https:\/\/hydraqa.unicity.net\/v5a-test\/items\/75b870fdff12be635674216fe88d3204","id":{"unicity":"29984"},"weightEach":{"value":0},"servingsPerContainer":0,"servingSize":0},"quantity":"1","terms":{"priceEach":"37.73","taxEach":{"amount":"9.43"},"discountEach":{"amount":"0"},"pvEach":"24"}}]},"currency":"EUR"},{"lines":{"items":[{"item":{"href":"https:\/\/hydraqa.unicity.net\/v5a-test\/items\/4d23d73a0d3d3e5fe9c383822040a9b0","id":{"unicity":"32191"},"weightEach":{"value":0},"servingsPerContainer":0,"servingSize":0},"quantity":"1","terms":{"priceEach":"1315.79","taxEach":{"amount":"157.89"},"discountEach":{"amount":"0"},"pvEach":"903"}}]},"currency":"EUR"},{"lines":{"items":[{"item":{"href":"https:\/\/hydraqa.unicity.net\/v5a-test\/items\/e9fe58342fff74ec4f4430f7c622816e","id":{"unicity":"31870"},"weightEach":{"value":0},"servingsPerContainer":0,"servingSize":0},"quantity":"1","terms":{"priceEach":"20.47","taxEach":{"amount":"2.46"},"discountEach":{"amount":"0"},"pvEach":"9"}}]},"currency":"EUR"},{"lines":{"items":[{"item":{"href":"https:\/\/hydraqa.unicity.net\/v5a-test\/items\/fbb6dbd577adb73abaec364076fb288f","id":{"unicity":"32087"},"weightEach":{"value":0},"servingsPerContainer":0,"servingSize":0},"quantity":"1","terms":{"priceEach":"20.47","taxEach":{"amount":"2.46"},"discountEach":{"amount":"0"},"pvEach":"9"}}]},"currency":"EUR"},{"lines":{"items":[{"item":{"href":"https:\/\/hydraqa.unicity.net\/v5a-test\/items\/35dcc0035e442bbe6482f178ec38522c","id":{"unicity":"31868"},"weightEach":{"value":0},"servingsPerContainer":0,"servingSize":0},"quantity":"1","terms":{"priceEach":"20.47","taxEach":{"amount":"2.46"},"discountEach":{"amount":"0"},"pvEach":"9"}}]},"currency":"EUR"},{"lines":{"items":[{"item":{"href":"https:\/\/hydraqa.unicity.net\/v5a-test\/items\/baa263a2750aa330fbd9e5b96fdb2b55","id":{"unicity":"32609"},"weightEach":{"value":0},"servingsPerContainer":0,"servingSize":0},"quantity":"1","terms":{"priceEach":"55.98","taxEach":{"amount":"0"},"discountEach":{"amount":"0"},"pvEach":"34"}}]},"currency":"EUR"}]}
Entry request : {"order":{"customer":{"href":"https://hydraqa.unicity.net/v5a-test/customers?type=Associate"},"shipToAddress":{"country":"SE"}},"vary":{"lines":{"items":[{"item":{"href":"https://hydraqa.unicity.net/v5a-test/items?id.unicity=26297|26372|26373|28939|31162|31163|31164|31242|31243|31244|31336|31763|31951|31952|32128|32129|32130|32132|32133|32134|32135|32136|32137|32138|32125|18511|19941|22178|26422|27156|27158|27222|27224|27617|27660|28601|28604|28805|31772|29317|32126|32127|20750|24274|24418|26442|27150|27575|27587|30825|27395|15880|26560|29017|26567|26568|24758|29821|32012|17174|30139|29181|29183|30280|29187|29191|30684|30198|31402|31672|31534|29449|29984|32191|31870|32087|31868|32609"}}]}}}
Request URL: https://hydraqa.unicity.net/v5a-test/customers.js?callback=angular.callbacks._1&expand=customer,profilePicture&id.unicity=36554001
Request URL: https://hydraqa.unicity.net/v5a-test/customers.js?_httpMethod=HEAD&callback=angular.callbacks._7&email=PRUADV@gmail.com
]]></system-out>
    <system-err><![CDATA[Starting ChromeDriver 2.36.540470 (e522d04694c7ebea4ba8821272dbef4f9b818c91) on port 44297
Only local connections are allowed.
Jan 27, 2020 7:04:24 PM org.openqa.selenium.remote.ProtocolHandshake createSession
INFO: Detected dialect: OSS
]]></system-err>
  </testcase>
  <testcase name="Enroll" classname="Tests.FranchisePartner" time="259.221">
    <failure message="Major Market expected [SE] but found [null]" type="java.lang.AssertionError">java.lang.AssertionError: Major Market expected [SE] but found [null]
	at Tests.FranchisePartner.Enroll(FranchisePartner.java:265)
</failure>
    <system-out><![CDATA[Request URL: https://hydraqa.unicity.net/v5a-test/quotes?&expand=item
Entry Quotes response : {"items":[{"lines":{"items":[{"item":{"href":"https:\/\/hydraqa.unicity.net\/v5a-test\/items\/313d106282358e7f4b675a3e7edfbf1e","id":{"unicity":"26297"},"weightEach":{"value":0},"servingsPerContainer":0,"servingSize":0},"quantity":"1","terms":{"priceEach":"346","taxEach":{"amount":"42.78"},"discountEach":{"amount":"0"},"pvEach":"250"}}]},"currency":"EUR"},{"lines":{"items":[{"item":{"href":"https:\/\/hydraqa.unicity.net\/v5a-test\/items\/2b186806607ffc92747af3d5f573b66a","id":{"unicity":"26372"},"weightEach":{"value":0},"servingsPerContainer":0,"servingSize":0},"quantity":"1","terms":{"priceEach":"692","taxEach":{"amount":"87.96"},"discountEach":{"amount":"0"},"pvEach":"500"}}]},"currency":"EUR"},{"lines":{"items":[{"item":{"href":"https:\/\/hydraqa.unicity.net\/v5a-test\/items\/ddd0fbe9e4ec6fad3382d6323940b5c5","id":{"unicity":"26373"},"weightEach":{"value":0},"servingsPerContainer":0,"servingSize":0},"quantity":"1","terms":{"priceEach":"1384","taxEach":{"amount":"172.35"},"discountEach":{"amount":"0"},"pvEach":"1000"}}]},"currency":"EUR"},{"lines":{"items":[{"item":{"href":"https:\/\/hydraqa.unicity.net\/v5a-test\/items\/6d66f25b392402da7f40e97f07159275","id":{"unicity":"28939"},"weightEach":{"value":0},"servingsPerContainer":0,"servingSize":0},"quantity":"1","terms":{"priceEach":"93","taxEach":{"amount":"11.81"},"discountEach":{"amount":"0"},"pvEach":"62"}}]},"currency":"EUR"},{"lines":{"items":[{"item":{"href":"https:\/\/hydraqa.unicity.net\/v5a-test\/items\/c0a81a3e2fdfdd1fc812d67fc03aca7a","id":{"unicity":"31162"},"weightEach":{"value":0},"servingsPerContainer":0,"servingSize":0},"quantity":"1","terms":{"priceEach":"170","taxEach":{"amount":"20.4"},"discountEach":{"amount":"0"},"pvEach":"122"}}]},"currency":"EUR"},{"lines":{"items":[{"item":{"href":"https:\/\/hydraqa.unicity.net\/v5a-test\/items\/eba7a9cf98889f12a3616e08b8f3b959","id":{"unicity":"31163"},"weightEach":{"value":0},"servingsPerContainer":0,"servingSize":0},"quantity":"1","terms":{"priceEach":"162","taxEach":{"amount":"19.44"},"discountEach":{"amount":"0"},"pvEach":"122"}}]},"currency":"EUR"},{"lines":{"items":[{"item":{"href":"https:\/\/hydraqa.unicity.net\/v5a-test\/items\/8b2c447a944acc5f91220ceef5b12646","id":{"unicity":"31164"},"weightEach":{"value":0},"servingsPerContainer":0,"servingSize":0},"quantity":"1","terms":{"priceEach":"166","taxEach":{"amount":"19.92"},"discountEach":{"amount":"0"},"pvEach":"122"}}]},"currency":"EUR"},{"lines":{"items":[{"item":{"href":"https:\/\/hydraqa.unicity.net\/v5a-test\/items\/f9ca116410d022bd1e57507af859e64d","id":{"unicity":"31242"},"weightEach":{"value":0},"servingsPerContainer":0,"servingSize":0},"quantity":"1","terms":{"priceEach":"1406","taxEach":{"amount":"173.68"},"discountEach":{"amount":"0"},"pvEach":"1000"}}]},"currency":"EUR"},{"lines":{"items":[{"item":{"href":"https:\/\/hydraqa.unicity.net\/v5a-test\/items\/221477f57a664e70f9d98d5d948e91f6","id":{"unicity":"31243"},"weightEach":{"value":0},"servingsPerContainer":0,"servingSize":0},"quantity":"1","terms":{"priceEach":"722","taxEach":{"amount":"91.59"},"discountEach":{"amount":"0"},"pvEach":"500"}}]},"currency":"EUR"},{"lines":{"items":[{"item":{"href":"https:\/\/hydraqa.unicity.net\/v5a-test\/items\/5fa9d0f0567239dff64b83c0cd0def2c","id":{"unicity":"31244"},"weightEach":{"value":0},"servingsPerContainer":0,"servingSize":0},"quantity":"1","terms":{"priceEach":"381","taxEach":{"amount":"46.36"},"discountEach":{"amount":"0"},"pvEach":"275"}}]},"currency":"EUR"},{"lines":{"items":[{"item":{"href":"https:\/\/hydraqa.unicity.net\/v5a-test\/items\/6447f84f6ef7782049a369b983428bb7","id":{"unicity":"31336"},"weightEach":{"value":0},"servingsPerContainer":0,"servingSize":0},"quantity":"1","terms":{"priceEach":"224.21","taxEach":{"amount":"26.91"},"discountEach":{"amount":"0"},"pvEach":"165"}}]},"currency":"EUR"},{"lines":{"items":[{"item":{"href":"https:\/\/hydraqa.unicity.net\/v5a-test\/items\/31cb0679f65df8fa9a4fc3d7e38b72b3","id":{"unicity":"31763"},"weightEach":{"value":0},"servingsPerContainer":0,"servingSize":0},"quantity":"1","terms":{"priceEach":"243.3","taxEach":{"amount":"29.2"},"discountEach":{"amount":"0"},"pvEach":"181"}}]},"currency":"EUR"},{"lines":{"items":[{"item":{"href":"https:\/\/hydraqa.unicity.net\/v5a-test\/items\/e9991b48ac639367d526d2b9b22fac8c","id":{"unicity":"32128"},"weightEach":{"value":0},"servingsPerContainer":0,"servingSize":0},"quantity":"1","terms":{"priceEach":"371.87","taxEach":{"amount":"44.62"},"discountEach":{"amount":"0"},"pvEach":"253"}}]},"currency":"EUR"},{"lines":{"items":[{"item":{"href":"https:\/\/hydraqa.unicity.net\/v5a-test\/items\/40b3312de189221d96d838d33a8ec49d","id":{"unicity":"32129"},"weightEach":{"value":0},"servingsPerContainer":0,"servingSize":0},"quantity":"1","terms":{"priceEach":"371.87","taxEach":{"amount":"44.62"},"discountEach":{"amount":"0"},"pvEach":"254"}}]},"currency":"EUR"},{"lines":{"items":[{"item":{"href":"https:\/\/hydraqa.unicity.net\/v5a-test\/items\/6bd168a66ce41003a8f30917deff5808","id":{"unicity":"32130"},"weightEach":{"value":0},"servingsPerContainer":0,"servingSize":0},"quantity":"1","terms":{"priceEach":"363.46","taxEach":{"amount":"43.62"},"discountEach":{"amount":"0"},"pvEach":"252"}}]},"currency":"EUR"},{"lines":{"items":[{"item":{"href":"https:\/\/hydraqa.unicity.net\/v5a-test\/items\/806f99b793edd7cd0b1c158ba0eb3142","id":{"unicity":"32132"},"weightEach":{"value":0},"servingsPerContainer":0,"servingSize":0},"quantity":"1","terms":{"priceEach":"355.98","taxEach":{"amount":"42.72"},"discountEach":{"amount":"0"},"pvEach":"253"}}]},"currency":"EUR"},{"lines":{"items":[{"item":{"href":"https:\/\/hydraqa.unicity.net\/v5a-test\/items\/e3d382d99fde8659cb146b54116e7654","id":{"unicity":"32133"},"weightEach":{"value":0},"servingsPerContainer":0,"servingSize":0},"quantity":"1","terms":{"priceEach":"364.39","taxEach":{"amount":"43.73"},"discountEach":{"amount":"0"},"pvEach":"252"}}]},"currency":"EUR"},{"lines":{"items":[{"item":{"href":"https:\/\/hydraqa.unicity.net\/v5a-test\/items\/022f109fe6e5eae3e521295a5cb94c60","id":{"unicity":"32134"},"weightEach":{"value":0},"servingsPerContainer":0,"servingSize":0},"quantity":"1","terms":{"priceEach":"144.77","taxEach":{"amount":"17.37"},"discountEach":{"amount":"0"},"pvEach":"101"}}]},"currency":"EUR"},{"lines":{"items":[{"item":{"href":"https:\/\/hydraqa.unicity.net\/v5a-test\/items\/ded00960d5e948dd8e511a9c752e1ff9","id":{"unicity":"32135"},"weightEach":{"value":0},"servingsPerContainer":0,"servingSize":0},"quantity":"1","terms":{"priceEach":"154.11","taxEach":{"amount":"18.49"},"discountEach":{"amount":"0"},"pvEach":"113"}}]},"currency":"EUR"},{"lines":{"items":[{"item":{"href":"https:\/\/hydraqa.unicity.net\/v5a-test\/items\/d8736cc35cf9f4734fd76da71c53dc05","id":{"unicity":"32136"},"weightEach":{"value":0},"servingsPerContainer":0,"servingSize":0},"quantity":"1","terms":{"priceEach":"141.96","taxEach":{"amount":"17.04"},"discountEach":{"amount":"0"},"pvEach":"102"}}]},"currency":"EUR"},{"lines":{"items":[{"item":{"href":"https:\/\/hydraqa.unicity.net\/v5a-test\/items\/166a69d45c4ae40278554e24d5f40443","id":{"unicity":"32137"},"weightEach":{"value":0},"servingsPerContainer":0,"servingSize":0},"quantity":"1","terms":{"priceEach":"168.13","taxEach":{"amount":"20.18"},"discountEach":{"amount":"0"},"pvEach":"118"}}]},"currency":"EUR"},{"lines":{"items":[{"item":{"href":"https:\/\/hydraqa.unicity.net\/v5a-test\/items\/d04a0b8762b20202b6273114fb7302d1","id":{"unicity":"32138"},"weightEach":{"value":0},"servingsPerContainer":0,"servingSize":0},"quantity":"1","terms":{"priceEach":"224.21","taxEach":{"amount":"26.91"},"discountEach":{"amount":"0"},"pvEach":"152"}}]},"currency":"EUR"},{"lines":{"items":[{"item":{"href":"https:\/\/hydraqa.unicity.net\/v5a-test\/items\/e13d0b5c40704ad5dd186959367c97f1","id":{"unicity":"32125"},"weightEach":{"value":0},"servingsPerContainer":0,"servingSize":0},"quantity":"1","terms":{"priceEach":"373.74","taxEach":{"amount":"44.85"},"discountEach":{"amount":"0"},"pvEach":"250"}}]},"currency":"EUR"},{"lines":{"items":[{"item":{"href":"https:\/\/hydraqa.unicity.net\/v5a-test\/items\/c451532f63a06f0e9a054e946a1a1c3b","id":{"unicity":"18511"},"weightEach":{"value":0},"servingsPerContainer":0,"servingSize":0},"quantity":"1","terms":{"priceEach":"37.29","taxEach":{"amount":"4.47"},"discountEach":{"amount":"0"},"pvEach":"23"}}]},"currency":"EUR"},{"lines":{"items":[{"item":{"href":"https:\/\/hydraqa.unicity.net\/v5a-test\/items\/9752a919e28f96747163918165b46f23","id":{"unicity":"19941"},"weightEach":{"value":558},"servingsPerContainer":15,"servingSize":0},"quantity":"1","terms":{"priceEach":"32.62","taxEach":{"amount":"3.91"},"discountEach":{"amount":"0"},"pvEach":"20"}}]},"currency":"EUR"},{"lines":{"items":[{"item":{"href":"https:\/\/hydraqa.unicity.net\/v5a-test\/items\/65589269f4976d30f5c80a675b83db43","id":{"unicity":"22178"},"weightEach":{"value":0},"servingsPerContainer":0,"servingSize":0},"quantity":"1","terms":{"priceEach":"37.29","taxEach":{"amount":"4.47"},"discountEach":{"amount":"0"},"pvEach":"23"}}]},"currency":"EUR"},{"lines":{"items":[{"item":{"href":"https:\/\/hydraqa.unicity.net\/v5a-test\/items\/4e49c95f12ae7be78e5ffab68b8b3ca6","id":{"unicity":"26422"},"weightEach":{"value":0},"servingsPerContainer":0,"servingSize":0},"quantity":"1","terms":{"priceEach":"19","taxEach":{"amount":"2.28"},"discountEach":{"amount":"0"},"pvEach":"16"}}]},"currency":"EUR"},{"lines":{"items":[{"item":{"href":"https:\/\/hydraqa.unicity.net\/v5a-test\/items\/50e73ecfa509ac20c4a250f9cb32fdfc","id":{"unicity":"27156"},"weightEach":{"value":0},"servingsPerContainer":0,"servingSize":0},"quantity":"1","terms":{"priceEach":"20.47","taxEach":{"amount":"2.46"},"discountEach":{"amount":"0"},"pvEach":"13"}}]},"currency":"EUR"},{"lines":{"items":[{"item":{"href":"https:\/\/hydraqa.unicity.net\/v5a-test\/items\/d92292ba2f23c030e4a1f63eb3ebe1ce","id":{"unicity":"27158"},"weightEach":{"value":0},"servingsPerContainer":0,"servingSize":0},"quantity":"1","terms":{"priceEach":"27.94","taxEach":{"amount":"3.35"},"discountEach":{"amount":"0"},"pvEach":"23"}}]},"currency":"EUR"},{"lines":{"items":[{"item":{"href":"https:\/\/hydraqa.unicity.net\/v5a-test\/items\/cc0aa5275e03cd250dc423dd19bd9a04","id":{"unicity":"27222"},"weightEach":{"value":0},"servingsPerContainer":0,"servingSize":0},"quantity":"1","terms":{"priceEach":"74.67","taxEach":{"amount":"8.96"},"discountEach":{"amount":"0"},"pvEach":"54"}}]},"currency":"EUR"},{"lines":{"items":[{"item":{"href":"https:\/\/hydraqa.unicity.net\/v5a-test\/items\/9bdc68ccf7182127a7a885625dcc4fa8","id":{"unicity":"27224"},"weightEach":{"value":0},"servingsPerContainer":0,"servingSize":0},"quantity":"1","terms":{"priceEach":"74.67","taxEach":{"amount":"8.96"},"discountEach":{"amount":"0"},"pvEach":"54"}}]},"currency":"EUR"},{"lines":{"items":[{"item":{"href":"https:\/\/hydraqa.unicity.net\/v5a-test\/items\/a7bda1cb4a35343e52791aba56debc4a","id":{"unicity":"27617"},"weightEach":{"value":0},"servingsPerContainer":0,"servingSize":0},"quantity":"1","terms":{"priceEach":"29.81","taxEach":{"amount":"3.58"},"discountEach":{"amount":"0"},"pvEach":"18"}}]},"currency":"EUR"},{"lines":{"items":[{"item":{"href":"https:\/\/hydraqa.unicity.net\/v5a-test\/items\/a36d9fdd0fd7561e6180fb5b2ff27164","id":{"unicity":"27660"},"weightEach":{"value":0},"servingsPerContainer":0,"servingSize":0},"quantity":"1","terms":{"priceEach":"31.68","taxEach":{"amount":"3.8"},"discountEach":{"amount":"0"},"pvEach":"18"}}]},"currency":"EUR"},{"lines":{"items":[{"item":{"href":"https:\/\/hydraqa.unicity.net\/v5a-test\/items\/0c0717a26fcfe40310e906487e8a12f7","id":{"unicity":"28601"},"weightEach":{"value":0},"servingsPerContainer":0,"servingSize":0},"quantity":"1","terms":{"priceEach":"74.67","taxEach":{"amount":"8.96"},"discountEach":{"amount":"0"},"pvEach":"54"}}]},"currency":"EUR"},{"lines":{"items":[{"item":{"href":"https:\/\/hydraqa.unicity.net\/v5a-test\/items\/4790a55c442b5dc75a13b155e78c1842","id":{"unicity":"28604"},"weightEach":{"value":0},"servingsPerContainer":0,"servingSize":0},"quantity":"1","terms":{"priceEach":"74.67","taxEach":{"amount":"8.96"},"discountEach":{"amount":"0"},"pvEach":"54"}}]},"currency":"EUR"},{"lines":{"items":[{"item":{"href":"https:\/\/hydraqa.unicity.net\/v5a-test\/items\/bd92cb1274dae7ba0d8f7ed15cda9896","id":{"unicity":"28805"},"weightEach":{"value":0},"servingsPerContainer":0,"servingSize":0},"quantity":"1","terms":{"priceEach":"74.67","taxEach":{"amount":"8.96"},"discountEach":{"amount":"0"},"pvEach":"53"}}]},"currency":"EUR"},{"lines":{"items":[{"item":{"href":"https:\/\/hydraqa.unicity.net\/v5a-test\/items\/db0a2b02eaabc5ad45fe91ba5c7bcf5a","id":{"unicity":"31772"},"weightEach":{"value":0},"servingsPerContainer":0,"servingSize":0},"quantity":"1","terms":{"priceEach":"8.32","taxEach":{"amount":"2.08"},"discountEach":{"amount":"0"},"pvEach":"0"}}]},"currency":"EUR"},{"lines":{"items":[{"item":{"href":"https:\/\/hydraqa.unicity.net\/v5a-test\/items\/2262fdd5af916c31df08089c191735c1","id":{"unicity":"29317"},"weightEach":{"value":0},"servingsPerContainer":0,"servingSize":0},"quantity":"1","terms":{"priceEach":"25.21","taxEach":{"amount":"6.3"},"discountEach":{"amount":"0"},"pvEach":"0"}}]},"currency":"EUR"},{"lines":{"items":[{"item":{"href":"https:\/\/hydraqa.unicity.net\/v5a-test\/items\/217ca02fbd24e21ca5281412756238ab","id":{"unicity":"32126"},"weightEach":{"value":0},"servingsPerContainer":0,"servingSize":0},"quantity":"1","terms":{"priceEach":"152.24","taxEach":{"amount":"19.35"},"discountEach":{"amount":"0"},"pvEach":"101"}}]},"currency":"EUR"},{"lines":{"items":[{"item":{"href":"https:\/\/hydraqa.unicity.net\/v5a-test\/items\/808008a0657d2033ad471c39bbce9891","id":{"unicity":"32127"},"weightEach":{"value":0},"servingsPerContainer":0,"servingSize":0},"quantity":"1","terms":{"priceEach":"162.34","taxEach":{"amount":"20.56"},"discountEach":{"amount":"0"},"pvEach":"113"}}]},"currency":"EUR"},{"lines":{"items":[{"item":{"href":"https:\/\/hydraqa.unicity.net\/v5a-test\/items\/332daeac6796ed016ea8b7d0bc42c2d4","id":{"unicity":"24274"},"weightEach":{"value":0},"servingsPerContainer":0,"servingSize":0},"quantity":"1","terms":{"priceEach":"7.48","taxEach":{"amount":"1.87"},"discountEach":{"amount":"0"},"pvEach":"0"}}]},"currency":"EUR"},{"lines":{"items":[{"item":{"href":"https:\/\/hydraqa.unicity.net\/v5a-test\/items\/1945faa1776541d53120ecfe3c1d8a2b","id":{"unicity":"24418"},"weightEach":{"value":0},"servingsPerContainer":0,"servingSize":0},"quantity":"1","terms":{"priceEach":"4.96","taxEach":{"amount":"1.24"},"discountEach":{"amount":"0"},"pvEach":"0"}}]},"currency":"EUR"},{"lines":{"items":[{"item":{"href":"https:\/\/hydraqa.unicity.net\/v5a-test\/items\/10da226fab00279b4f89df10af2a10b7","id":{"unicity":"26442"},"weightEach":{"value":0},"servingsPerContainer":0,"servingSize":0},"quantity":"1","terms":{"priceEach":"5.8","taxEach":{"amount":"1.45"},"discountEach":{"amount":"0"},"pvEach":"0"}}]},"currency":"EUR"},{"lines":{"items":[{"item":{"href":"https:\/\/hydraqa.unicity.net\/v5a-test\/items\/5147f8cfe32548e02fc158d4da9c4d6f","id":{"unicity":"27150"},"weightEach":{"value":0},"servingsPerContainer":0,"servingSize":0},"quantity":"1","terms":{"priceEach":"93.36","taxEach":{"amount":"11.2"},"discountEach":{"amount":"0"},"pvEach":"70"}}]},"currency":"EUR"},{"lines":{"items":[{"item":{"href":"https:\/\/hydraqa.unicity.net\/v5a-test\/items\/7d4ad2792f7056e5f81eb24f118ef737","id":{"unicity":"27575"},"weightEach":{"value":0},"servingsPerContainer":0,"servingSize":0},"quantity":"1","terms":{"priceEach":"55.98","taxEach":{"amount":"6.72"},"discountEach":{"amount":"0"},"pvEach":"34"}}]},"currency":"EUR"},{"lines":{"items":[{"item":{"href":"https:\/\/hydraqa.unicity.net\/v5a-test\/items\/112b8c39286598b3730f630f371a45f4","id":{"unicity":"27587"},"weightEach":{"value":0},"servingsPerContainer":0,"servingSize":0},"quantity":"1","terms":{"priceEach":"55.98","taxEach":{"amount":"6.72"},"discountEach":{"amount":"0"},"pvEach":"34"}}]},"currency":"EUR"},{"lines":{"items":[{"item":{"href":"https:\/\/hydraqa.unicity.net\/v5a-test\/items\/0eebdede5bdb8bf4d71e800b6f3cead1","id":{"unicity":"30825"},"weightEach":{"value":0},"servingsPerContainer":0,"servingSize":0},"quantity":"1","terms":{"priceEach":"37.29","taxEach":{"amount":"4.47"},"discountEach":{"amount":"0"},"pvEach":"23"}}]},"currency":"EUR"},{"lines":{"items":[{"item":{"href":"https:\/\/hydraqa.unicity.net\/v5a-test\/items\/024e696f8b44a1d315006e676604cd31","id":{"unicity":"27395"},"weightEach":{"value":0},"servingsPerContainer":0,"servingSize":0},"quantity":"1","terms":{"priceEach":"29.81","taxEach":{"amount":"3.58"},"discountEach":{"amount":"0"},"pvEach":"18"}}]},"currency":"EUR"},{"lines":{"items":[{"item":{"href":"https:\/\/hydraqa.unicity.net\/v5a-test\/items\/4b2034f47fce90b87bba28c5c2d7c25d","id":{"unicity":"15880"},"weightEach":{"value":0},"servingsPerContainer":0,"servingSize":0},"quantity":"1","terms":{"priceEach":"51.31","taxEach":{"amount":"6.16"},"discountEach":{"amount":"0"},"pvEach":"33"}}]},"currency":"EUR"},{"lines":{"items":[{"item":{"href":"https:\/\/hydraqa.unicity.net\/v5a-test\/items\/398d06b858b960f6f38086d40608aef2","id":{"unicity":"26560"},"weightEach":{"value":0},"servingsPerContainer":0,"servingSize":0},"quantity":"1","terms":{"priceEach":"20.47","taxEach":{"amount":"2.46"},"discountEach":{"amount":"0"},"pvEach":"13"}}]},"currency":"EUR"},{"lines":{"items":[{"item":{"href":"https:\/\/hydraqa.unicity.net\/v5a-test\/items\/e218d1cac5f31e7ae4f5876c29c57377","id":{"unicity":"29017"},"weightEach":{"value":0},"servingsPerContainer":0,"servingSize":0},"quantity":"1","terms":{"priceEach":"37.29","taxEach":{"amount":"4.47"},"discountEach":{"amount":"0"},"pvEach":"23"}}]},"currency":"EUR"},{"lines":{"items":[{"item":{"href":"https:\/\/hydraqa.unicity.net\/v5a-test\/items\/3f2d12d7a0e8551fc99fad3bbe1ba633","id":{"unicity":"26567"},"weightEach":{"value":0},"servingsPerContainer":0,"servingSize":0},"quantity":"1","terms":{"priceEach":"55.98","taxEach":{"amount":"6.72"},"discountEach":{"amount":"0"},"pvEach":"26"}}]},"currency":"EUR"},{"lines":{"items":[{"item":{"href":"https:\/\/hydraqa.unicity.net\/v5a-test\/items\/191637167cb3144bd2e8c4615e9ab67e","id":{"unicity":"26568"},"weightEach":{"value":0},"servingsPerContainer":0,"servingSize":0},"quantity":"1","terms":{"priceEach":"55.98","taxEach":{"amount":"6.72"},"discountEach":{"amount":"0"},"pvEach":"26"}}]},"currency":"EUR"},{"lines":{"items":[{"item":{"href":"https:\/\/hydraqa.unicity.net\/v5a-test\/items\/64ec7ad932acafab052a4e8800ad1238","id":{"unicity":"24758"},"weightEach":{"value":0},"servingsPerContainer":0,"servingSize":0},"quantity":"1","terms":{"priceEach":"37.29","taxEach":{"amount":"4.47"},"discountEach":{"amount":"0"},"pvEach":"23"}}]},"currency":"EUR"},{"lines":{"items":[{"item":{"href":"https:\/\/hydraqa.unicity.net\/v5a-test\/items\/606f7be753c74dfbfe4b107276775140","id":{"unicity":"29821"},"weightEach":{"value":0},"servingsPerContainer":0,"servingSize":0},"quantity":"1","terms":{"priceEach":"79.35","taxEach":{"amount":"9.52"},"discountEach":{"amount":"0"},"pvEach":"59"}}]},"currency":"EUR"},{"lines":{"items":[{"item":{"href":"https:\/\/hydraqa.unicity.net\/v5a-test\/items\/94939f9be900906d2b47260ccba22a7b","id":{"unicity":"32012"},"weightEach":{"value":0},"servingsPerContainer":0,"servingSize":0},"quantity":"1","terms":{"priceEach":"13.93","taxEach":{"amount":"1.67"},"discountEach":{"amount":"0"},"pvEach":"6"}}]},"currency":"EUR"},{"lines":{"items":[{"item":{"href":"https:\/\/hydraqa.unicity.net\/v5a-test\/items\/2c4c1abe00983e85aaa918d2ce341491","id":{"unicity":"17174"},"weightEach":{"value":0},"servingsPerContainer":0,"servingSize":0},"quantity":"1","terms":{"priceEach":"37.29","taxEach":{"amount":"4.47"},"discountEach":{"amount":"0"},"pvEach":"23"}}]},"currency":"EUR"},{"lines":{"items":[{"item":{"href":"https:\/\/hydraqa.unicity.net\/v5a-test\/items\/991cdbb84a495779eb209fb3956a77e4","id":{"unicity":"29183"},"weightEach":{"value":0},"servingsPerContainer":0,"servingSize":0},"quantity":"1","terms":{"priceEach":"31.01","taxEach":{"amount":"7.75"},"discountEach":{"amount":"0"},"pvEach":"18"}}]},"currency":"EUR"},{"lines":{"items":[{"item":{"href":"https:\/\/hydraqa.unicity.net\/v5a-test\/items\/0e78fbdfebef11cd62f8d2120064ee58","id":{"unicity":"30280"},"weightEach":{"value":0},"servingsPerContainer":0,"servingSize":0},"quantity":"1","terms":{"priceEach":"33.53","taxEach":{"amount":"8.38"},"discountEach":{"amount":"0"},"pvEach":"20"}}]},"currency":"EUR"},{"lines":{"items":[{"item":{"href":"https:\/\/hydraqa.unicity.net\/v5a-test\/items\/beb900429fbb160dbfc3001c14d96df4","id":{"unicity":"29187"},"weightEach":{"value":0},"servingsPerContainer":0,"servingSize":0},"quantity":"1","terms":{"priceEach":"37.73","taxEach":{"amount":"9.43"},"discountEach":{"amount":"0"},"pvEach":"24"}}]},"currency":"EUR"},{"lines":{"items":[{"item":{"href":"https:\/\/hydraqa.unicity.net\/v5a-test\/items\/1b0412bea8c0b841c66f65a36aa14108","id":{"unicity":"29191"},"weightEach":{"value":0},"servingsPerContainer":0,"servingSize":0},"quantity":"1","terms":{"priceEach":"37.73","taxEach":{"amount":"9.43"},"discountEach":{"amount":"0"},"pvEach":"24"}}]},"currency":"EUR"},{"lines":{"items":[{"item":{"href":"https:\/\/hydraqa.unicity.net\/v5a-test\/items\/52c87f74d3b41ed49b0f897b66c2a99b","id":{"unicity":"30684"},"weightEach":{"value":0},"servingsPerContainer":0,"servingSize":0},"quantity":"1","terms":{"priceEach":"37.29","taxEach":{"amount":"4.47"},"discountEach":{"amount":"0"},"pvEach":"23"}}]},"currency":"EUR"},{"lines":{"items":[{"item":{"href":"https:\/\/hydraqa.unicity.net\/v5a-test\/items\/90f38f77c9e6ea5a71aa7377df83760b","id":{"unicity":"30198"},"weightEach":{"value":0},"servingsPerContainer":0,"servingSize":0},"quantity":"1","terms":{"priceEach":"19","taxEach":{"amount":"2.28"},"discountEach":{"amount":"0"},"pvEach":"16"}}]},"currency":"EUR"},{"lines":{"items":[{"item":{"href":"https:\/\/hydraqa.unicity.net\/v5a-test\/items\/ab2a2b07b17718843a66bee04ff40624","id":{"unicity":"31402"},"weightEach":{"value":0},"servingsPerContainer":0,"servingSize":0},"quantity":"1","terms":{"priceEach":"92.43","taxEach":{"amount":"11.09"},"discountEach":{"amount":"0"},"pvEach":"70"}}]},"currency":"EUR"},{"lines":{"items":[{"item":{"href":"https:\/\/hydraqa.unicity.net\/v5a-test\/items\/7e5e7df32701fd44947c8146f2129f7a","id":{"unicity":"31672"},"weightEach":{"value":0},"servingsPerContainer":0,"servingSize":0},"quantity":"1","terms":{"priceEach":"74.67","taxEach":{"amount":"8.96"},"discountEach":{"amount":"0"},"pvEach":"54"}}]},"currency":"EUR"},{"lines":{"items":[{"item":{"href":"https:\/\/hydraqa.unicity.net\/v5a-test\/items\/493c2ba720f847422eccc5da35024f33","id":{"unicity":"31534"},"weightEach":{"value":0},"servingsPerContainer":0,"servingSize":0},"quantity":"1","terms":{"priceEach":"26.07","taxEach":{"amount":"3.13"},"discountEach":{"amount":"0"},"pvEach":"16"}}]},"currency":"EUR"},{"lines":{"items":[{"item":{"href":"https:\/\/hydraqa.unicity.net\/v5a-test\/items\/bfddb53fe0d5ed5432c531dc9850cbe4","id":{"unicity":"29449"},"weightEach":{"value":0},"servingsPerContainer":0,"servingSize":0},"quantity":"1","terms":{"priceEach":"26.07","taxEach":{"amount":"3.13"},"discountEach":{"amount":"0"},"pvEach":"16"}}]},"currency":"EUR"},{"lines":{"items":[{"item":{"href":"https:\/\/hydraqa.unicity.net\/v5a-test\/items\/75b870fdff12be635674216fe88d3204","id":{"unicity":"29984"},"weightEach":{"value":0},"servingsPerContainer":0,"servingSize":0},"quantity":"1","terms":{"priceEach":"37.73","taxEach":{"amount":"9.43"},"discountEach":{"amount":"0"},"pvEach":"24"}}]},"currency":"EUR"},{"lines":{"items":[{"item":{"href":"https:\/\/hydraqa.unicity.net\/v5a-test\/items\/4d23d73a0d3d3e5fe9c383822040a9b0","id":{"unicity":"32191"},"weightEach":{"value":0},"servingsPerContainer":0,"servingSize":0},"quantity":"1","terms":{"priceEach":"1315.79","taxEach":{"amount":"157.89"},"discountEach":{"amount":"0"},"pvEach":"903"}}]},"currency":"EUR"},{"lines":{"items":[{"item":{"href":"https:\/\/hydraqa.unicity.net\/v5a-test\/items\/e9fe58342fff74ec4f4430f7c622816e","id":{"unicity":"31870"},"weightEach":{"value":0},"servingsPerContainer":0,"servingSize":0},"quantity":"1","terms":{"priceEach":"20.47","taxEach":{"amount":"2.46"},"discountEach":{"amount":"0"},"pvEach":"9"}}]},"currency":"EUR"},{"lines":{"items":[{"item":{"href":"https:\/\/hydraqa.unicity.net\/v5a-test\/items\/fbb6dbd577adb73abaec364076fb288f","id":{"unicity":"32087"},"weightEach":{"value":0},"servingsPerContainer":0,"servingSize":0},"quantity":"1","terms":{"priceEach":"20.47","taxEach":{"amount":"2.46"},"discountEach":{"amount":"0"},"pvEach":"9"}}]},"currency":"EUR"},{"lines":{"items":[{"item":{"href":"https:\/\/hydraqa.unicity.net\/v5a-test\/items\/35dcc0035e442bbe6482f178ec38522c","id":{"unicity":"31868"},"weightEach":{"value":0},"servingsPerContainer":0,"servingSize":0},"quantity":"1","terms":{"priceEach":"20.47","taxEach":{"amount":"2.46"},"discountEach":{"amount":"0"},"pvEach":"9"}}]},"currency":"EUR"},{"lines":{"items":[{"item":{"href":"https:\/\/hydraqa.unicity.net\/v5a-test\/items\/baa263a2750aa330fbd9e5b96fdb2b55","id":{"unicity":"32609"},"weightEach":{"value":0},"servingsPerContainer":0,"servingSize":0},"quantity":"1","terms":{"priceEach":"55.98","taxEach":{"amount":"0"},"discountEach":{"amount":"0"},"pvEach":"34"}}]},"currency":"EUR"}]}
Entry request : {"order":{"customer":{"href":"https://hydraqa.unicity.net/v5a-test/customers?type=Associate"},"shipToAddress":{"country":"SE"}},"vary":{"lines":{"items":[{"item":{"href":"https://hydraqa.unicity.net/v5a-test/items?id.unicity=26297|26372|26373|28939|31162|31163|31164|31242|31243|31244|31336|31763|31951|31952|32128|32129|32130|32132|32133|32134|32135|32136|32137|32138|32125|18511|19941|22178|26422|27156|27158|27222|27224|27617|27660|28601|28604|28805|31772|29317|32126|32127|20750|24274|24418|26442|27150|27575|27587|30825|27395|15880|26560|29017|26567|26568|24758|29821|32012|17174|30139|29181|29183|30280|29187|29191|30684|30198|31402|31672|31534|29449|29984|32191|31870|32087|31868|32609"}}]}}}
Request URL: https://hydraqa.unicity.net/v5a-test/customers.js?callback=angular.callbacks._1&expand=customer,profilePicture&id.unicity=36554001
Request URL: https://hydraqa.unicity.net/v5a-test/customers.js?_httpMethod=HEAD&callback=angular.callbacks._7&email=GNEXJT@gmail.com
Request URL: https://hydraqa.unicity.net/v5a-test/shippingmethods.js?callback=angular.callbacks._a&destination=SE&market=SE
{sponsor=36554001, gender=female, city=TestCity, signature=TestSignature, cartprice=533.55, enroller=36554001, responsedob=1999-02-11, arpack=Microbiom - 90 Day Program, language=English, locale=en, type=Associate, coapplicanttype=company, platform=QA, lname=TestLastName, password=Unicity, genderoption=Female, Currency=EUR, api=7, companynametype=Association, fax=8217647322, email=GNEXJT@gmail.com, coapplicant=TestCompanyName, zip=84097, fname=TestFirstName, prefferd=Sweden, address2=Address 2, address1=Address 1, shippingmethod=type=Economy, version=v5a-test/, testcase=normal, market=Sweden, aritemcode=31336, phone=9823746323, dob=11/02/1999, proto=https://hydraqa.unicity.net/, marketcode=SE, ccname=CCNameTest}
Request URL: https://hydraqa.unicity.net/v5a-test/orders.js
Entry request : {"customer":{"mainAddress":{"city":"TestCity","country":"SE","zip":"84097","address1":"Address 1","address2":"Address 2"},"humanName":{"firstName":"TestFirstName","lastName":"TestLastName"},"email":"GNEXJT@gmail.com","preferredLocale":"en-SE","password":{"value":"Unicity"},"gender":"female","maritalStatus":null,"type":"Associate","sponsor":{"href":"https://hydraqa.unicity.net/v5a-test/customers?id.unicity=36554001"},"enroller":{"href":"https://hydraqa.unicity.net/v5a-test/customers?id.unicity=36554001"},"homePhone":"9823746323","birthDate":"1999-02-11","autoorders":{"items":[{"recurrence":{"schedule":{"month":"*","dayOfMonth":"5"},"status":"Enabled"},"lines":{"items":[{"item":{"href":"https://hydraqa.unicity.net/v5a-test/items?id.unicity=31336"},"quantity":1}]},"shipToName":{"firstName":"TestFirstName","lastName":"TestLastName"},"shipToPhone":"9823746323","shipToEmail":"GNEXJT@gmail.com","shipToAddress":{"city":"TestCity","country":"SE","address1":"Address 1","address2":"Address 2","zip":"84097"},"shippingMethod":{"href":"https://hydraqa.unicity.net/v5a-test/shippingmethods?type=Economy"},"transactions":{"items":[{"amount":"this.terms.total","type":"AuthorizeAndCapture","method":"CreditCard","methodDetails":{"creditCardNumber":"4111111111111111","payer":"CCNameTest","creditCardExpires":"2020-10","creditCardSecurityCode":"123"}}]}}]},"depositBankAccount":{"bankName":"Paylution","accountType":"PrepaidCard"},"businessEntity":{"companyName":"TestCompanyName","legalType":"Corporation"},"rights":[{"holder":"Upline","type":"SendEmails"}],"signature":{"value":"TestSignature"},"faxNumber":"8217647322"},"lines":{"items":[{"item":{"href":"https://hydraqa.unicity.net/v5a-test/items?id.unicity=26297"},"quantity":1},{"item":{"href":"https://hydraqa.unicity.net/v5a-test/items?id.unicity=29317"},"quantity":1},{"item":{"href":"https://hydraqa.unicity.net/v5a-test/items?id.unicity=32127"},"quantity":1}]},"shipToName":{"firstName":"TestFirstName","lastName":"TestLastName"},"shipToPhone":"9823746323","shipToEmail":"GNEXJT@gmail.com","shipToAddress":{"city":"TestCity","country":"SE","address1":"Address 1","address2":"Address 2","zip":"84097"},"shippingMethod":{"href":"https://hydraqa.unicity.net/v5a-test/shippingmethods?type=Economy"},"notes":"","transactions":{"items":[{"amount":"this.terms.total","type":"AuthorizeAndCapture","method":"CreditCard","methodDetails":{"creditCardNumber":"4111111111111111","payer":"CCNameTest","creditCardExpires":"2020-10","creditCardSecurityCode":"123"}}]}}
Entry response : {"meta":{"Link":"<http:\/\/unicity.github.io\/Hydra.php\/docs\/v5\/>; rel=\"help\"","X-Request-UUID":"789fb6e9-b9bf-4196-b818-099f840900c8","X-Request-Release":"5-2020012701\/master","Cache-Control":"no-cache, must-revalidate","Expires":"0","X-Powered-By":"Luracast Restler v3.0.0rc5","Content-Type":"text\/javascript; charset=utf-8","Content-Language":"en","X-Status-Code":"449"},"data":{"error":{"code":449,"message":"Retry With","error_code":"3449","error_message":"Order can't be immediately processed. Please retry. Error#K7A7Q","retry_in_seconds":60}}}
Headers-->keep-alive
Headers-->2511
Headers-->application/json, text/plain, */*
Headers-->http://enroll.ng.unicityqa.com
Headers-->en-SE
]]></system-out>
    <system-err><![CDATA[Starting ChromeDriver 2.36.540470 (e522d04694c7ebea4ba8821272dbef4f9b818c91) on port 28131
Only local connections are allowed.
Jan 27, 2020 7:07:57 PM org.openqa.selenium.remote.ProtocolHandshake createSession
INFO: Detected dialect: OSS
]]></system-err>
  </testcase>
  <testcase name="Enroll" classname="Tests.FranchisePartner" time="271.68"/>
  <testcase name="Enroll" classname="Tests.FranchisePartner" time="247.745">
    <failure message="Major Market expected [CH] but found [null]" type="java.lang.AssertionError">java.lang.AssertionError: Major Market expected [CH] but found [null]
	at Tests.FranchisePartner.Enroll(FranchisePartner.java:265)
</failure>
    <system-out><![CDATA[Request URL: https://hydraqa.unicity.net/v5a-test/quotes?&expand=item
Entry Quotes response : {"items":[{"lines":{"items":[{"item":{"href":"https:\/\/hydraqa.unicity.net\/v5a-test\/items\/ce9cbecebbd583d0df582da5e1c57ce2","id":{"unicity":"26306"},"weightEach":{"value":0},"servingsPerContainer":0,"servingSize":0},"quantity":"1","terms":{"priceEach":"209.76","taxEach":{"amount":"5.24"},"discountEach":{"amount":"0"},"pvEach":"143"}}]},"currency":"CHF"},{"lines":{"items":[{"item":{"href":"https:\/\/hydraqa.unicity.net\/v5a-test\/items\/a7bda1cb4a35343e52791aba56debc4a","id":{"unicity":"27617"},"weightEach":{"value":0},"servingsPerContainer":0,"servingSize":0},"quantity":"1","terms":{"priceEach":"37.07","taxEach":{"amount":"0.93"},"discountEach":{"amount":"0"},"pvEach":"23"}}]},"currency":"CHF"},{"lines":{"items":[{"item":{"href":"https:\/\/hydraqa.unicity.net\/v5a-test\/items\/6447f84f6ef7782049a369b983428bb7","id":{"unicity":"31336"},"weightEach":{"value":0},"servingsPerContainer":0,"servingSize":0},"quantity":"1","terms":{"priceEach":"351.22","taxEach":{"amount":"8.78"},"discountEach":{"amount":"0"},"pvEach":"255"}}]},"currency":"CHF"},{"lines":{"items":[{"item":{"href":"https:\/\/hydraqa.unicity.net\/v5a-test\/items\/04614fabe9e2c10ec4968feb09a6cf7e","id":{"unicity":"31400"},"weightEach":{"value":0},"servingsPerContainer":0,"servingSize":0},"quantity":"1","terms":{"priceEach":"74.15","taxEach":{"amount":"1.85"},"discountEach":{"amount":"0"},"pvEach":"45"}}]},"currency":"CHF"},{"lines":{"items":[{"item":{"href":"https:\/\/hydraqa.unicity.net\/v5a-test\/items\/e9991b48ac639367d526d2b9b22fac8c","id":{"unicity":"32128"},"weightEach":{"value":0},"servingsPerContainer":0,"servingSize":0},"quantity":"1","terms":{"priceEach":"472.22","taxEach":{"amount":"11.81"},"discountEach":{"amount":"0"},"pvEach":"321"}}]},"currency":"CHF"},{"lines":{"items":[{"item":{"href":"https:\/\/hydraqa.unicity.net\/v5a-test\/items\/40b3312de189221d96d838d33a8ec49d","id":{"unicity":"32129"},"weightEach":{"value":0},"servingsPerContainer":0,"servingSize":0},"quantity":"1","terms":{"priceEach":"472.22","taxEach":{"amount":"11.81"},"discountEach":{"amount":"0"},"pvEach":"326"}}]},"currency":"CHF"},{"lines":{"items":[{"item":{"href":"https:\/\/hydraqa.unicity.net\/v5a-test\/items\/6bd168a66ce41003a8f30917deff5808","id":{"unicity":"32130"},"weightEach":{"value":0},"servingsPerContainer":0,"servingSize":0},"quantity":"1","terms":{"priceEach":"447.82","taxEach":{"amount":"11.2"},"discountEach":{"amount":"0"},"pvEach":"304"}}]},"currency":"CHF"},{"lines":{"items":[{"item":{"href":"https:\/\/hydraqa.unicity.net\/v5a-test\/items\/806f99b793edd7cd0b1c158ba0eb3142","id":{"unicity":"32132"},"weightEach":{"value":0},"servingsPerContainer":0,"servingSize":0},"quantity":"1","terms":{"priceEach":"451.72","taxEach":{"amount":"11.29"},"discountEach":{"amount":"0"},"pvEach":"325"}}]},"currency":"CHF"},{"lines":{"items":[{"item":{"href":"https:\/\/hydraqa.unicity.net\/v5a-test\/items\/e3d382d99fde8659cb146b54116e7654","id":{"unicity":"32133"},"weightEach":{"value":0},"servingsPerContainer":0,"servingSize":0},"quantity":"1","terms":{"priceEach":"467.34","taxEach":{"amount":"11.68"},"discountEach":{"amount":"0"},"pvEach":"330"}}]},"currency":"CHF"},{"lines":{"items":[{"item":{"href":"https:\/\/hydraqa.unicity.net\/v5a-test\/items\/022f109fe6e5eae3e521295a5cb94c60","id":{"unicity":"32134"},"weightEach":{"value":0},"servingsPerContainer":0,"servingSize":0},"quantity":"1","terms":{"priceEach":"177.57","taxEach":{"amount":"4.44"},"discountEach":{"amount":"0"},"pvEach":"121"}}]},"currency":"CHF"},{"lines":{"items":[{"item":{"href":"https:\/\/hydraqa.unicity.net\/v5a-test\/items\/ded00960d5e948dd8e511a9c752e1ff9","id":{"unicity":"32135"},"weightEach":{"value":0},"servingsPerContainer":0,"servingSize":0},"quantity":"1","terms":{"priceEach":"200","taxEach":{"amount":"5"},"discountEach":{"amount":"0"},"pvEach":"153"}}]},"currency":"CHF"},{"lines":{"items":[{"item":{"href":"https:\/\/hydraqa.unicity.net\/v5a-test\/items\/d8736cc35cf9f4734fd76da71c53dc05","id":{"unicity":"32136"},"weightEach":{"value":0},"servingsPerContainer":0,"servingSize":0},"quantity":"1","terms":{"priceEach":"178.55","taxEach":{"amount":"4.46"},"discountEach":{"amount":"0"},"pvEach":"129"}}]},"currency":"CHF"},{"lines":{"items":[{"item":{"href":"https:\/\/hydraqa.unicity.net\/v5a-test\/items\/166a69d45c4ae40278554e24d5f40443","id":{"unicity":"32137"},"weightEach":{"value":0},"servingsPerContainer":0,"servingSize":0},"quantity":"1","terms":{"priceEach":"207.82","taxEach":{"amount":"5.2"},"discountEach":{"amount":"0"},"pvEach":"147"}}]},"currency":"CHF"},{"lines":{"items":[{"item":{"href":"https:\/\/hydraqa.unicity.net\/v5a-test\/items\/d04a0b8762b20202b6273114fb7302d1","id":{"unicity":"32138"},"weightEach":{"value":0},"servingsPerContainer":0,"servingSize":0},"quantity":"1","terms":{"priceEach":"281.97","taxEach":{"amount":"7.05"},"discountEach":{"amount":"0"},"pvEach":"192"}}]},"currency":"CHF"},{"lines":{"items":[{"item":{"href":"https:\/\/hydraqa.unicity.net\/v5a-test\/items\/e13d0b5c40704ad5dd186959367c97f1","id":{"unicity":"32125"},"weightEach":{"value":0},"servingsPerContainer":0,"servingSize":0},"quantity":"1","terms":{"priceEach":"467.35","taxEach":{"amount":"11.68"},"discountEach":{"amount":"0"},"pvEach":"309"}}]},"currency":"CHF"},{"lines":{"items":[{"item":{"href":"https:\/\/hydraqa.unicity.net\/v5a-test\/items\/c451532f63a06f0e9a054e946a1a1c3b","id":{"unicity":"18511"},"weightEach":{"value":0},"servingsPerContainer":0,"servingSize":0},"quantity":"1","terms":{"priceEach":"47.8","taxEach":{"amount":"1.2"},"discountEach":{"amount":"0"},"pvEach":"30"}}]},"currency":"CHF"},{"lines":{"items":[{"item":{"href":"https:\/\/hydraqa.unicity.net\/v5a-test\/items\/65589269f4976d30f5c80a675b83db43","id":{"unicity":"22178"},"weightEach":{"value":0},"servingsPerContainer":0,"servingSize":0},"quantity":"1","terms":{"priceEach":"47.8","taxEach":{"amount":"1.2"},"discountEach":{"amount":"0"},"pvEach":"30"}}]},"currency":"CHF"},{"lines":{"items":[{"item":{"href":"https:\/\/hydraqa.unicity.net\/v5a-test\/items\/4e49c95f12ae7be78e5ffab68b8b3ca6","id":{"unicity":"26422"},"weightEach":{"value":0},"servingsPerContainer":0,"servingSize":0},"quantity":"1","terms":{"priceEach":"24.39","taxEach":{"amount":"0.61"},"discountEach":{"amount":"0"},"pvEach":"18"}}]},"currency":"CHF"},{"lines":{"items":[{"item":{"href":"https:\/\/hydraqa.unicity.net\/v5a-test\/items\/50e73ecfa509ac20c4a250f9cb32fdfc","id":{"unicity":"27156"},"weightEach":{"value":0},"servingsPerContainer":0,"servingSize":0},"quantity":"1","terms":{"priceEach":"24.39","taxEach":{"amount":"0.61"},"discountEach":{"amount":"0"},"pvEach":"15"}}]},"currency":"CHF"},{"lines":{"items":[{"item":{"href":"https:\/\/hydraqa.unicity.net\/v5a-test\/items\/d92292ba2f23c030e4a1f63eb3ebe1ce","id":{"unicity":"27158"},"weightEach":{"value":0},"servingsPerContainer":0,"servingSize":0},"quantity":"1","terms":{"priceEach":"32.2","taxEach":{"amount":"0.81"},"discountEach":{"amount":"0"},"pvEach":"25"}}]},"currency":"CHF"},{"lines":{"items":[{"item":{"href":"https:\/\/hydraqa.unicity.net\/v5a-test\/items\/ac37bf51ff7e4fe860da8457f6ce0425","id":{"unicity":"27166"},"weightEach":{"value":0},"servingsPerContainer":0,"servingSize":0},"quantity":"1","terms":{"priceEach":"96.59","taxEach":{"amount":"2.41"},"discountEach":{"amount":"0"},"pvEach":"75"}}]},"currency":"CHF"},{"lines":{"items":[{"item":{"href":"https:\/\/hydraqa.unicity.net\/v5a-test\/items\/a36d9fdd0fd7561e6180fb5b2ff27164","id":{"unicity":"27660"},"weightEach":{"value":0},"servingsPerContainer":0,"servingSize":0},"quantity":"1","terms":{"priceEach":"39.02","taxEach":{"amount":"0.98"},"discountEach":{"amount":"0"},"pvEach":"23"}}]},"currency":"CHF"},{"lines":{"items":[{"item":{"href":"https:\/\/hydraqa.unicity.net\/v5a-test\/items\/fc6a55f19d99547a667b22a83c35ca13","id":{"unicity":"27436"},"weightEach":{"value":0},"servingsPerContainer":0,"servingSize":0},"quantity":"1","terms":{"priceEach":"96.59","taxEach":{"amount":"2.41"},"discountEach":{"amount":"0"},"pvEach":"70"}}]},"currency":"CHF"},{"lines":{"items":[{"item":{"href":"https:\/\/hydraqa.unicity.net\/v5a-test\/items\/0c0717a26fcfe40310e906487e8a12f7","id":{"unicity":"28601"},"weightEach":{"value":0},"servingsPerContainer":0,"servingSize":0},"quantity":"1","terms":{"priceEach":"96.59","taxEach":{"amount":"2.41"},"discountEach":{"amount":"0"},"pvEach":"75"}}]},"currency":"CHF"},{"lines":{"items":[{"item":{"href":"https:\/\/hydraqa.unicity.net\/v5a-test\/items\/4790a55c442b5dc75a13b155e78c1842","id":{"unicity":"28604"},"weightEach":{"value":0},"servingsPerContainer":0,"servingSize":0},"quantity":"1","terms":{"priceEach":"96.59","taxEach":{"amount":"2.41"},"discountEach":{"amount":"0"},"pvEach":"75"}}]},"currency":"CHF"},{"lines":{"items":[{"item":{"href":"https:\/\/hydraqa.unicity.net\/v5a-test\/items\/64ec7ad932acafab052a4e8800ad1238","id":{"unicity":"24758"},"weightEach":{"value":0},"servingsPerContainer":0,"servingSize":0},"quantity":"1","terms":{"priceEach":"47.8","taxEach":{"amount":"1.2"},"discountEach":{"amount":"0"},"pvEach":"30"}}]},"currency":"CHF"},{"lines":{"items":[{"item":{"href":"https:\/\/hydraqa.unicity.net\/v5a-test\/items\/db0a2b02eaabc5ad45fe91ba5c7bcf5a","id":{"unicity":"31772"},"weightEach":{"value":0},"servingsPerContainer":0,"servingSize":0},"quantity":"1","terms":{"priceEach":"12.07","taxEach":{"amount":"0.93"},"discountEach":{"amount":"0"},"pvEach":"0"}}]},"currency":"CHF"},{"lines":{"items":[{"item":{"href":"https:\/\/hydraqa.unicity.net\/v5a-test\/items\/4d23d73a0d3d3e5fe9c383822040a9b0","id":{"unicity":"32191"},"weightEach":{"value":0},"servingsPerContainer":0,"servingSize":0},"quantity":"1","terms":{"priceEach":"1764.12","taxEach":{"amount":"44.1"},"discountEach":{"amount":"0"},"pvEach":"1204"}}]},"currency":"CHF"},{"lines":{"items":[{"item":{"href":"https:\/\/hydraqa.unicity.net\/v5a-test\/items\/ae151d812f5aceb6fecd752f77330f12","id":{"unicity":"32192"},"weightEach":{"value":0},"servingsPerContainer":0,"servingSize":0},"quantity":"1","terms":{"priceEach":"782.67","taxEach":{"amount":"19.57"},"discountEach":{"amount":"0"},"pvEach":"524"}}]},"currency":"CHF"},{"lines":{"items":[{"item":{"href":"https:\/\/hydraqa.unicity.net\/v5a-test\/items\/a85cc4a606716ce7b10b8bd76dca368f","id":{"unicity":"22605"},"weightEach":{"value":0},"servingsPerContainer":0,"servingSize":0},"quantity":"1","terms":{"priceEach":"37.14","taxEach":{"amount":"2.86"},"discountEach":{"amount":"0"},"pvEach":"0"}}]},"currency":"CHF"},{"lines":{"items":[{"item":{"href":"https:\/\/hydraqa.unicity.net\/v5a-test\/items\/34c53e6d4cce0f8a72327d86c3ef04cb","id":{"unicity":"30103"},"weightEach":{"value":0},"servingsPerContainer":0,"servingSize":0},"quantity":"1","terms":{"priceEach":"37.14","taxEach":{"amount":"2.86"},"discountEach":{"amount":"0"},"pvEach":"0"}}]},"currency":"CHF"},{"lines":{"items":[{"item":{"href":"https:\/\/hydraqa.unicity.net\/v5a-test\/items\/217ca02fbd24e21ca5281412756238ab","id":{"unicity":"32126"},"weightEach":{"value":0},"servingsPerContainer":0,"servingSize":0},"quantity":"1","terms":{"priceEach":"184.39","taxEach":{"amount":"4.61"},"discountEach":{"amount":"0"},"pvEach":"121"}}]},"currency":"CHF"},{"lines":{"items":[{"item":{"href":"https:\/\/hydraqa.unicity.net\/v5a-test\/items\/808008a0657d2033ad471c39bbce9891","id":{"unicity":"32127"},"weightEach":{"value":0},"servingsPerContainer":0,"servingSize":0},"quantity":"1","terms":{"priceEach":"212.68","taxEach":{"amount":"5.32"},"discountEach":{"amount":"0"},"pvEach":"153"}}]},"currency":"CHF"},{"lines":{"items":[{"item":{"href":"https:\/\/hydraqa.unicity.net\/v5a-test\/items\/2f1d0aa90494ae2e08035922c701f968","id":{"unicity":"29832"},"weightEach":{"value":0},"servingsPerContainer":0,"servingSize":0},"quantity":"1","terms":{"priceEach":"54","taxEach":{"amount":"1.35"},"discountEach":{"amount":"0"},"pvEach":"42"}}]},"currency":"CHF"},{"lines":{"items":[{"item":{"href":"https:\/\/hydraqa.unicity.net\/v5a-test\/items\/10df0fc3509b53cbeaeb9476ca92d520","id":{"unicity":"29833"},"weightEach":{"value":0},"servingsPerContainer":0,"servingSize":0},"quantity":"1","terms":{"priceEach":"108.29","taxEach":{"amount":"2.71"},"discountEach":{"amount":"0"},"pvEach":"82"}}]},"currency":"CHF"},{"lines":{"items":[{"item":{"href":"https:\/\/hydraqa.unicity.net\/v5a-test\/items\/a8dde31141ab8a13c032a00e7baa99cb","id":{"unicity":"30286"},"weightEach":{"value":0},"servingsPerContainer":0,"servingSize":0},"quantity":"1","terms":{"priceEach":"153.17","taxEach":{"amount":"3.83"},"discountEach":{"amount":"0"},"pvEach":"107"}}]},"currency":"CHF"},{"lines":{"items":[{"item":{"href":"https:\/\/hydraqa.unicity.net\/v5a-test\/items\/a92d4960492e2073278fc0e8bc2af366","id":{"unicity":"31740"},"weightEach":{"value":0},"servingsPerContainer":0,"servingSize":0},"quantity":"1","terms":{"priceEach":"319.95","taxEach":{"amount":"8"},"discountEach":{"amount":"0"},"pvEach":"246"}}]},"currency":"CHF"},{"lines":{"items":[{"item":{"href":"https:\/\/hydraqa.unicity.net\/v5a-test\/items\/22bcf973992a4b675adc842abb433e1a","id":{"unicity":"32140"},"weightEach":{"value":0},"servingsPerContainer":0,"servingSize":0},"quantity":"1","terms":{"priceEach":"341.46","taxEach":{"amount":"8.54"},"discountEach":{"amount":"0"},"pvEach":"252"}}]},"currency":"CHF"},{"lines":{"items":[{"item":{"href":"https:\/\/hydraqa.unicity.net\/v5a-test\/items\/fc5edcf55b7c5c1a614dba71c684da38","id":{"unicity":"32141"},"weightEach":{"value":0},"servingsPerContainer":0,"servingSize":0},"quantity":"1","terms":{"priceEach":"386.34","taxEach":{"amount":"9.66"},"discountEach":{"amount":"0"},"pvEach":"300"}}]},"currency":"CHF"},{"lines":{"items":[{"item":{"href":"https:\/\/hydraqa.unicity.net\/v5a-test\/items\/2482022792c4e0620583120981373ca1","id":{"unicity":"32148"},"weightEach":{"value":0},"servingsPerContainer":0,"servingSize":0},"quantity":"1","terms":{"priceEach":"380.49","taxEach":{"amount":"9.51"},"discountEach":{"amount":"0"},"pvEach":"269"}}]},"currency":"CHF"},{"lines":{"items":[{"item":{"href":"https:\/\/hydraqa.unicity.net\/v5a-test\/items\/148f1e203cf006e83ed482843cbd3a5c","id":{"unicity":"32149"},"weightEach":{"value":0},"servingsPerContainer":0,"servingSize":0},"quantity":"1","terms":{"priceEach":"373.66","taxEach":{"amount":"9.34"},"discountEach":{"amount":"0"},"pvEach":"266"}}]},"currency":"CHF"},{"lines":{"items":[{"item":{"href":"https:\/\/hydraqa.unicity.net\/v5a-test\/items\/c43d0c38e09dbbf94408a662cd23dfa0","id":{"unicity":"32144"},"weightEach":{"value":0},"servingsPerContainer":0,"servingSize":0},"quantity":"1","terms":{"priceEach":"663.41","taxEach":{"amount":"16.59"},"discountEach":{"amount":"0"},"pvEach":"500"}}]},"currency":"CHF"},{"lines":{"items":[{"item":{"href":"https:\/\/hydraqa.unicity.net\/v5a-test\/items\/e931a471e0a518f071b09ab5479f0ba6","id":{"unicity":"32146"},"weightEach":{"value":0},"servingsPerContainer":0,"servingSize":0},"quantity":"1","terms":{"priceEach":"710.24","taxEach":{"amount":"17.76"},"discountEach":{"amount":"0"},"pvEach":"508"}}]},"currency":"CHF"},{"lines":{"items":[{"item":{"href":"https:\/\/hydraqa.unicity.net\/v5a-test\/items\/337651da22c0ffaf01f33af882636ea6","id":{"unicity":"32142"},"weightEach":{"value":0},"servingsPerContainer":0,"servingSize":0},"quantity":"1","terms":{"priceEach":"714.15","taxEach":{"amount":"17.85"},"discountEach":{"amount":"0"},"pvEach":"502"}}]},"currency":"CHF"},{"lines":{"items":[{"item":{"href":"https:\/\/hydraqa.unicity.net\/v5a-test\/items\/fd906afd8b19d76e7cbef9a8aec7484a","id":{"unicity":"32145"},"weightEach":{"value":0},"servingsPerContainer":0,"servingSize":0},"quantity":"1","terms":{"priceEach":"1381.46","taxEach":{"amount":"34.54"},"discountEach":{"amount":"0"},"pvEach":"1038"}}]},"currency":"CHF"},{"lines":{"items":[{"item":{"href":"https:\/\/hydraqa.unicity.net\/v5a-test\/items\/feb92dd34cb5c38490043c2c9808e546","id":{"unicity":"32147"},"weightEach":{"value":0},"servingsPerContainer":0,"servingSize":0},"quantity":"1","terms":{"priceEach":"1420.49","taxEach":{"amount":"35.51"},"discountEach":{"amount":"0"},"pvEach":"1016"}}]},"currency":"CHF"},{"lines":{"items":[{"item":{"href":"https:\/\/hydraqa.unicity.net\/v5a-test\/items\/03a49a6a2def2af96f0da8ba279b0f4f","id":{"unicity":"32143"},"weightEach":{"value":0},"servingsPerContainer":0,"servingSize":0},"quantity":"1","terms":{"priceEach":"1428.29","taxEach":{"amount":"35.71"},"discountEach":{"amount":"0"},"pvEach":"1004"}}]},"currency":"CHF"},{"lines":{"items":[{"item":{"href":"https:\/\/hydraqa.unicity.net\/v5a-test\/items\/332daeac6796ed016ea8b7d0bc42c2d4","id":{"unicity":"24274"},"weightEach":{"value":0},"servingsPerContainer":0,"servingSize":0},"quantity":"1","terms":{"priceEach":"9.29","taxEach":{"amount":"0.72"},"discountEach":{"amount":"0"},"pvEach":"0"}}]},"currency":"CHF"},{"lines":{"items":[{"item":{"href":"https:\/\/hydraqa.unicity.net\/v5a-test\/items\/1945faa1776541d53120ecfe3c1d8a2b","id":{"unicity":"24418"},"weightEach":{"value":0},"servingsPerContainer":0,"servingSize":0},"quantity":"1","terms":{"priceEach":"5.57","taxEach":{"amount":"0.43"},"discountEach":{"amount":"0"},"pvEach":"0"}}]},"currency":"CHF"},{"lines":{"items":[{"item":{"href":"https:\/\/hydraqa.unicity.net\/v5a-test\/items\/10da226fab00279b4f89df10af2a10b7","id":{"unicity":"26442"},"weightEach":{"value":0},"servingsPerContainer":0,"servingSize":0},"quantity":"1","terms":{"priceEach":"7.43","taxEach":{"amount":"0.57"},"discountEach":{"amount":"0"},"pvEach":"0"}}]},"currency":"CHF"},{"lines":{"items":[{"item":{"href":"https:\/\/hydraqa.unicity.net\/v5a-test\/items\/5147f8cfe32548e02fc158d4da9c4d6f","id":{"unicity":"27150"},"weightEach":{"value":0},"servingsPerContainer":0,"servingSize":0},"quantity":"1","terms":{"priceEach":"111.22","taxEach":{"amount":"2.78"},"discountEach":{"amount":"0"},"pvEach":"80"}}]},"currency":"CHF"},{"lines":{"items":[{"item":{"href":"https:\/\/hydraqa.unicity.net\/v5a-test\/items\/03eba2365025ccd85818846a83a16f47","id":{"unicity":"27163"},"weightEach":{"value":0},"servingsPerContainer":0,"servingSize":0},"quantity":"1","terms":{"priceEach":"96.59","taxEach":{"amount":"2.41"},"discountEach":{"amount":"0"},"pvEach":"75"}}]},"currency":"CHF"},{"lines":{"items":[{"item":{"href":"https:\/\/hydraqa.unicity.net\/v5a-test\/items\/112b8c39286598b3730f630f371a45f4","id":{"unicity":"27587"},"weightEach":{"value":0},"servingsPerContainer":0,"servingSize":0},"quantity":"1","terms":{"priceEach":"74.15","taxEach":{"amount":"1.85"},"discountEach":{"amount":"0"},"pvEach":"45"}}]},"currency":"CHF"},{"lines":{"items":[{"item":{"href":"https:\/\/hydraqa.unicity.net\/v5a-test\/items\/0eebdede5bdb8bf4d71e800b6f3cead1","id":{"unicity":"30825"},"weightEach":{"value":0},"servingsPerContainer":0,"servingSize":0},"quantity":"1","terms":{"priceEach":"47.8","taxEach":{"amount":"1.2"},"discountEach":{"amount":"0"},"pvEach":"30"}}]},"currency":"CHF"},{"lines":{"items":[{"item":{"href":"https:\/\/hydraqa.unicity.net\/v5a-test\/items\/024e696f8b44a1d315006e676604cd31","id":{"unicity":"27395"},"weightEach":{"value":0},"servingsPerContainer":0,"servingSize":0},"quantity":"1","terms":{"priceEach":"37.07","taxEach":{"amount":"0.93"},"discountEach":{"amount":"0"},"pvEach":"23"}}]},"currency":"CHF"},{"lines":{"items":[{"item":{"href":"https:\/\/hydraqa.unicity.net\/v5a-test\/items\/4b2034f47fce90b87bba28c5c2d7c25d","id":{"unicity":"15880"},"weightEach":{"value":0},"servingsPerContainer":0,"servingSize":0},"quantity":"1","terms":{"priceEach":"62.44","taxEach":{"amount":"1.56"},"discountEach":{"amount":"0"},"pvEach":"40"}}]},"currency":"CHF"},{"lines":{"items":[{"item":{"href":"https:\/\/hydraqa.unicity.net\/v5a-test\/items\/398d06b858b960f6f38086d40608aef2","id":{"unicity":"26560"},"weightEach":{"value":0},"servingsPerContainer":0,"servingSize":0},"quantity":"1","terms":{"priceEach":"24.39","taxEach":{"amount":"0.61"},"discountEach":{"amount":"0"},"pvEach":"15"}}]},"currency":"CHF"},{"lines":{"items":[{"item":{"href":"https:\/\/hydraqa.unicity.net\/v5a-test\/items\/e218d1cac5f31e7ae4f5876c29c57377","id":{"unicity":"29017"},"weightEach":{"value":0},"servingsPerContainer":0,"servingSize":0},"quantity":"1","terms":{"priceEach":"34.15","taxEach":{"amount":"0.85"},"discountEach":{"amount":"0"},"pvEach":"21"}}]},"currency":"CHF"},{"lines":{"items":[{"item":{"href":"https:\/\/hydraqa.unicity.net\/v5a-test\/items\/3f2d12d7a0e8551fc99fad3bbe1ba633","id":{"unicity":"26567"},"weightEach":{"value":0},"servingsPerContainer":0,"servingSize":0},"quantity":"1","terms":{"priceEach":"73.17","taxEach":{"amount":"1.83"},"discountEach":{"amount":"0"},"pvEach":"38"}}]},"currency":"CHF"},{"lines":{"items":[{"item":{"href":"https:\/\/hydraqa.unicity.net\/v5a-test\/items\/191637167cb3144bd2e8c4615e9ab67e","id":{"unicity":"26568"},"weightEach":{"value":0},"servingsPerContainer":0,"servingSize":0},"quantity":"1","terms":{"priceEach":"73.17","taxEach":{"amount":"1.83"},"discountEach":{"amount":"0"},"pvEach":"38"}}]},"currency":"CHF"},{"lines":{"items":[{"item":{"href":"https:\/\/hydraqa.unicity.net\/v5a-test\/items\/2262fdd5af916c31df08089c191735c1","id":{"unicity":"29317"},"weightEach":{"value":0},"servingsPerContainer":0,"servingSize":0},"quantity":"1","terms":{"priceEach":"26.93","taxEach":{"amount":"2.07"},"discountEach":{"amount":"0"},"pvEach":"0"}}]},"currency":"CHF"},{"lines":{"items":[{"item":{"href":"https:\/\/hydraqa.unicity.net\/v5a-test\/items\/606f7be753c74dfbfe4b107276775140","id":{"unicity":"29821"},"weightEach":{"value":0},"servingsPerContainer":0,"servingSize":0},"quantity":"1","terms":{"priceEach":"103.41","taxEach":{"amount":"2.59"},"discountEach":{"amount":"0"},"pvEach":"78"}}]},"currency":"CHF"},{"lines":{"items":[{"item":{"href":"https:\/\/hydraqa.unicity.net\/v5a-test\/items\/94939f9be900906d2b47260ccba22a7b","id":{"unicity":"32012"},"weightEach":{"value":0},"servingsPerContainer":0,"servingSize":0},"quantity":"1","terms":{"priceEach":"18.54","taxEach":{"amount":"0.46"},"discountEach":{"amount":"0"},"pvEach":"8"}}]},"currency":"CHF"},{"lines":{"items":[{"item":{"href":"https:\/\/hydraqa.unicity.net\/v5a-test\/items\/2c4c1abe00983e85aaa918d2ce341491","id":{"unicity":"17174"},"weightEach":{"value":0},"servingsPerContainer":0,"servingSize":0},"quantity":"1","terms":{"priceEach":"47.8","taxEach":{"amount":"1.2"},"discountEach":{"amount":"0"},"pvEach":"30"}}]},"currency":"CHF"},{"lines":{"items":[{"item":{"href":"https:\/\/hydraqa.unicity.net\/v5a-test\/items\/ec4c2e40db621ea329b86538cc59281f","id":{"unicity":"30139"},"weightEach":{"value":0},"servingsPerContainer":0,"servingSize":0},"quantity":"1","terms":{"priceEach":"176.42","taxEach":{"amount":"13.58"},"discountEach":{"amount":"0"},"pvEach":"100"}}]},"currency":"CHF"},{"lines":{"items":[{"item":{"href":"https:\/\/hydraqa.unicity.net\/v5a-test\/items\/991cdbb84a495779eb209fb3956a77e4","id":{"unicity":"29183"},"weightEach":{"value":0},"servingsPerContainer":0,"servingSize":0},"quantity":"1","terms":{"priceEach":"39","taxEach":{"amount":"3"},"discountEach":{"amount":"0"},"pvEach":"22"}}]},"currency":"CHF"},{"lines":{"items":[{"item":{"href":"https:\/\/hydraqa.unicity.net\/v5a-test\/items\/0e78fbdfebef11cd62f8d2120064ee58","id":{"unicity":"30280"},"weightEach":{"value":0},"servingsPerContainer":0,"servingSize":0},"quantity":"1","terms":{"priceEach":"45.5","taxEach":{"amount":"3.5"},"discountEach":{"amount":"0"},"pvEach":"25"}}]},"currency":"CHF"},{"lines":{"items":[{"item":{"href":"https:\/\/hydraqa.unicity.net\/v5a-test\/items\/beb900429fbb160dbfc3001c14d96df4","id":{"unicity":"29187"},"weightEach":{"value":0},"servingsPerContainer":0,"servingSize":0},"quantity":"1","terms":{"priceEach":"52","taxEach":{"amount":"4"},"discountEach":{"amount":"0"},"pvEach":"30"}}]},"currency":"CHF"},{"lines":{"items":[{"item":{"href":"https:\/\/hydraqa.unicity.net\/v5a-test\/items\/1b0412bea8c0b841c66f65a36aa14108","id":{"unicity":"29191"},"weightEach":{"value":0},"servingsPerContainer":0,"servingSize":0},"quantity":"1","terms":{"priceEach":"52","taxEach":{"amount":"4"},"discountEach":{"amount":"0"},"pvEach":"30"}}]},"currency":"CHF"},{"lines":{"items":[{"item":{"href":"https:\/\/hydraqa.unicity.net\/v5a-test\/items\/52c87f74d3b41ed49b0f897b66c2a99b","id":{"unicity":"30684"},"weightEach":{"value":0},"servingsPerContainer":0,"servingSize":0},"quantity":"1","terms":{"priceEach":"47.8","taxEach":{"amount":"1.2"},"discountEach":{"amount":"0"},"pvEach":"30"}}]},"currency":"CHF"},{"lines":{"items":[{"item":{"href":"https:\/\/hydraqa.unicity.net\/v5a-test\/items\/ab2a2b07b17718843a66bee04ff40624","id":{"unicity":"31402"},"weightEach":{"value":0},"servingsPerContainer":0,"servingSize":0},"quantity":"1","terms":{"priceEach":"117.07","taxEach":{"amount":"2.93"},"discountEach":{"amount":"0"},"pvEach":"85"}}]},"currency":"CHF"},{"lines":{"items":[{"item":{"href":"https:\/\/hydraqa.unicity.net\/v5a-test\/items\/7e5e7df32701fd44947c8146f2129f7a","id":{"unicity":"31672"},"weightEach":{"value":0},"servingsPerContainer":0,"servingSize":0},"quantity":"1","terms":{"priceEach":"96.59","taxEach":{"amount":"2.41"},"discountEach":{"amount":"0"},"pvEach":"75"}}]},"currency":"CHF"},{"lines":{"items":[{"item":{"href":"https:\/\/hydraqa.unicity.net\/v5a-test\/items\/493c2ba720f847422eccc5da35024f33","id":{"unicity":"31534"},"weightEach":{"value":0},"servingsPerContainer":0,"servingSize":0},"quantity":"1","terms":{"priceEach":"29.27","taxEach":{"amount":"0.73"},"discountEach":{"amount":"0"},"pvEach":"18"}}]},"currency":"CHF"},{"lines":{"items":[{"item":{"href":"https:\/\/hydraqa.unicity.net\/v5a-test\/items\/bfddb53fe0d5ed5432c531dc9850cbe4","id":{"unicity":"29449"},"weightEach":{"value":0},"servingsPerContainer":0,"servingSize":0},"quantity":"1","terms":{"priceEach":"29.27","taxEach":{"amount":"0.73"},"discountEach":{"amount":"0"},"pvEach":"18"}}]},"currency":"CHF"},{"lines":{"items":[{"item":{"href":"https:\/\/hydraqa.unicity.net\/v5a-test\/items\/75b870fdff12be635674216fe88d3204","id":{"unicity":"29984"},"weightEach":{"value":0},"servingsPerContainer":0,"servingSize":0},"quantity":"1","terms":{"priceEach":"52","taxEach":{"amount":"4"},"discountEach":{"amount":"0"},"pvEach":"30"}}]},"currency":"CHF"},{"lines":{"items":[{"item":{"href":"https:\/\/hydraqa.unicity.net\/v5a-test\/items\/e9fe58342fff74ec4f4430f7c622816e","id":{"unicity":"31870"},"weightEach":{"value":0},"servingsPerContainer":0,"servingSize":0},"quantity":"1","terms":{"priceEach":"25.37","taxEach":{"amount":"0.63"},"discountEach":{"amount":"0"},"pvEach":"11"}}]},"currency":"CHF"},{"lines":{"items":[{"item":{"href":"https:\/\/hydraqa.unicity.net\/v5a-test\/items\/fbb6dbd577adb73abaec364076fb288f","id":{"unicity":"32087"},"weightEach":{"value":0},"servingsPerContainer":0,"servingSize":0},"quantity":"1","terms":{"priceEach":"25.37","taxEach":{"amount":"0.63"},"discountEach":{"amount":"0"},"pvEach":"11"}}]},"currency":"CHF"},{"lines":{"items":[{"item":{"href":"https:\/\/hydraqa.unicity.net\/v5a-test\/items\/35dcc0035e442bbe6482f178ec38522c","id":{"unicity":"31868"},"weightEach":{"value":0},"servingsPerContainer":0,"servingSize":0},"quantity":"1","terms":{"priceEach":"25.37","taxEach":{"amount":"0.63"},"discountEach":{"amount":"0"},"pvEach":"11"}}]},"currency":"CHF"},{"lines":{"items":[{"item":{"href":"https:\/\/hydraqa.unicity.net\/v5a-test\/items\/baa263a2750aa330fbd9e5b96fdb2b55","id":{"unicity":"32609"},"weightEach":{"value":0},"servingsPerContainer":0,"servingSize":0},"quantity":"1","terms":{"priceEach":"74.15","taxEach":{"amount":"1.85"},"discountEach":{"amount":"0"},"pvEach":"45"}}]},"currency":"CHF"}]}
Entry request : {"order":{"customer":{"href":"https://hydraqa.unicity.net/v5a-test/customers?type=Associate"},"shipToAddress":{"country":"CH"}},"vary":{"lines":{"items":[{"item":{"href":"https://hydraqa.unicity.net/v5a-test/items?id.unicity=26306|27617|31336|31763|31400|31951|31952|32128|32129|32130|32132|32133|32134|32135|32136|32137|32138|32125|18511|22178|26422|27156|27158|27166|27660|27436|28601|28604|24758|31772|32191|32192|22605|30103|32126|32127|29832|29833|30286|31740|32140|32141|32148|32149|32144|32146|32142|32145|32147|32143|23989|24274|24418|26442|27150|27163|27587|30825|27395|15880|26560|29017|26567|26568|29317|29821|32012|17174|30139|29181|29183|30280|29187|29191|30684|31402|31672|31534|29449|29984|31870|32087|31868|32609"}}]}}}
Request URL: https://hydraqa.unicity.net/v5a-test/customers.js?callback=angular.callbacks._1&expand=customer,profilePicture&id.unicity=36554001
Request URL: https://hydraqa.unicity.net/v5a-test/customers.js?_httpMethod=HEAD&callback=angular.callbacks._7&email=WNHFVH@gmail.com
Request URL: https://hydraqa.unicity.net/v5a-test/shippingmethods.js?callback=angular.callbacks._a&destination=CH&market=CH
{sponsor=36554001, gender=female, city=TestCity, signature=TestSignature, cartprice=303.82, enroller=36554001, responsedob=1997-08-05, arpack=Wellness Essentials, language=English, locale=en, type=Associate, coapplicanttype=company, platform=QA, lname=TestLastName, password=Unicity, genderoption=Female, Currency=CHF, api=7, companynametype=SoleProprietorship, fax=8217647322, email=WNHFVH@gmail.com, coapplicant=TestCompanyName, zip=1234, fname=TestFirstName, prefferd=Switzerland, address2=Address 2, address1=Address 1, shippingmethod=type=Economy, version=v5a-test/, testcase=normal, market=Switzerland, aritemcode=32132, phone=9823746323, dob=05/08/1997, proto=https://hydraqa.unicity.net/, marketcode=CH, ccname=CCNameTest}
Request URL: https://hydraqa.unicity.net/v5a-test/orders.js
Entry request : {"customer":{"mainAddress":{"city":"TestCity","country":"CH","zip":"1234","address1":"Address 1","address2":"Address 2"},"humanName":{"firstName":"TestFirstName","lastName":"TestLastName"},"email":"WNHFVH@gmail.com","preferredLocale":"en-CH","password":{"value":"Unicity"},"gender":"female","maritalStatus":null,"type":"Associate","sponsor":{"href":"https://hydraqa.unicity.net/v5a-test/customers?id.unicity=36554001"},"enroller":{"href":"https://hydraqa.unicity.net/v5a-test/customers?id.unicity=36554001"},"mobilePhone":"9823746323","homePhone":"9823746323","birthDate":"1997-08-05","autoorders":{"items":[{"recurrence":{"schedule":{"month":"*","dayOfMonth":"5"},"status":"Enabled"},"lines":{"items":[{"item":{"href":"https://hydraqa.unicity.net/v5a-test/items?id.unicity=32132"},"quantity":1}]},"shipToName":{"firstName":"TestFirstName","lastName":"TestLastName"},"shipToPhone":"9823746323","shipToEmail":"WNHFVH@gmail.com","shipToAddress":{"city":"TestCity","country":"CH","address1":"Address 1","address2":"Address 2","zip":"1234"},"shippingMethod":{"href":"https://hydraqa.unicity.net/v5a-test/shippingmethods?type=Economy"},"transactions":{"items":[{"amount":"this.terms.total","type":"AuthorizeAndCapture","method":"CreditCard","methodDetails":{"creditCardNumber":"4111111111111111","payer":"CCNameTest","creditCardExpires":"2020-10","creditCardSecurityCode":"123"}}]}}]},"depositBankAccount":{"bankName":"Paylution","accountType":"PrepaidCard"},"businessEntity":{"companyName":"TestCompanyName","legalType":"Corporation"},"rights":[{"holder":"Upline","type":"SendEmails"}],"signature":{"value":"TestSignature"},"faxNumber":"8217647322"},"lines":{"items":[{"item":{"href":"https://hydraqa.unicity.net/v5a-test/items?id.unicity=22605"},"quantity":1},{"item":{"href":"https://hydraqa.unicity.net/v5a-test/items?id.unicity=29832"},"quantity":1},{"item":{"href":"https://hydraqa.unicity.net/v5a-test/items?id.unicity=32127"},"quantity":1}]},"shipToName":{"firstName":"TestFirstName","lastName":"TestLastName"},"shipToPhone":"9823746323","shipToEmail":"WNHFVH@gmail.com","shipToAddress":{"city":"TestCity","country":"CH","address1":"Address 1","address2":"Address 2","zip":"1234"},"shippingMethod":{"href":"https://hydraqa.unicity.net/v5a-test/shippingmethods?type=Economy"},"notes":"","transactions":{"items":[{"amount":"this.terms.total","type":"AuthorizeAndCapture","method":"CreditCard","methodDetails":{"creditCardNumber":"4111111111111111","payer":"CCNameTest","creditCardExpires":"2020-10","creditCardSecurityCode":"123"}}]}}
Entry response : {"meta":{"Link":"<http:\/\/unicity.github.io\/Hydra.php\/docs\/v5\/>; rel=\"help\"","X-Request-UUID":"3252f000-c2c6-46e0-9607-df408de0bf81","X-Request-Release":"5-2020012701\/master","Cache-Control":"no-cache, must-revalidate","Expires":"0","X-Powered-By":"Luracast Restler v3.0.0rc5","Content-Type":"text\/javascript; charset=utf-8","Content-Language":"en","X-Status-Code":"449"},"data":{"error":{"code":449,"message":"Retry With","error_code":"3449","error_message":"Order can't be immediately processed. Please retry. Error#H9W4R","retry_in_seconds":60}}}
Headers-->keep-alive
Headers-->2535
Headers-->application/json, text/plain, */*
Headers-->http://enroll.ng.unicityqa.com
Headers-->en-CH
]]></system-out>
    <system-err><![CDATA[Starting ChromeDriver 2.36.540470 (e522d04694c7ebea4ba8821272dbef4f9b818c91) on port 44769
Only local connections are allowed.
Jan 27, 2020 7:17:02 PM org.openqa.selenium.remote.ProtocolHandshake createSession
INFO: Detected dialect: OSS
]]></system-err>
  </testcase>
  <testcase name="Enroll" classname="Tests.FranchisePartner" time="271.199"/>
  <testcase name="Enroll" classname="Tests.FranchisePartner" time="271.675"/>
  <testcase name="Enroll" classname="Tests.FranchisePartner" time="316.739"/>
  <testcase name="Enroll" classname="Tests.FranchisePartner" time="314.993"/>
  <testcase name="Enroll" classname="Tests.FranchisePartner" time="272.144">
    <failure message="Major AR Pack href expected [https://hydraqa.unicity.net/v5a-test/items?id.unicity=26580] but found []" type="java.lang.AssertionError">java.lang.AssertionError: Major AR Pack href expected [https://hydraqa.unicity.net/v5a-test/items?id.unicity=26580] but found []
	at Tests.FranchisePartner.Enroll(FranchisePartner.java:265)
</failure>
    <system-out><![CDATA[Request URL: https://hydraqa.unicity.net/v5a-test/quotes?&expand=item
Entry Quotes response : {"items":[{"currency":"USD","lines":{"items":[{"item":{"href":"https:\/\/hydraqa.unicity.net\/v5a-test\/items\/50747027a065cb8361c1f0d6eb880466","id":{"unicity":"32030"}},"terms":{"priceEach":"143.0000","pvEach":"102.0000"},"quantity":1}]}},{"currency":"USD","lines":{"items":[{"item":{"href":"https:\/\/hydraqa.unicity.net\/v5a-test\/items\/d306a0b65f27f19b4968e5c05906a9f4","id":{"unicity":"31314"}},"terms":{"priceEach":"384.0000","pvEach":"266.0000"},"quantity":1}]}},{"currency":"USD","lines":{"items":[{"item":{"href":"https:\/\/hydraqa.unicity.net\/v5a-test\/items\/716b7a0bca7fa73e42e000d668e7ee65","id":{"unicity":"15129"}},"terms":{"priceEach":"22.0000","pvEach":"10.0000"},"quantity":1}]}},{"currency":"USD","lines":{"items":[{"item":{"href":"https:\/\/hydraqa.unicity.net\/v5a-test\/items\/9a7715e888c94989d898fe4653645721","id":{"unicity":"26550"}},"terms":{"priceEach":"80.0000","pvEach":"52.0000"},"quantity":1}]}},{"currency":"USD","lines":{"items":[{"item":{"href":"https:\/\/hydraqa.unicity.net\/v5a-test\/items\/80a898d805f759925797847a176bf62f","id":{"unicity":"26551"}},"terms":{"priceEach":"80.0000","pvEach":"52.0000"},"quantity":1}]}},{"currency":"USD","lines":{"items":[{"item":{"href":"https:\/\/hydraqa.unicity.net\/v5a-test\/items\/292b6aee9c1193e9488e9ae6e3a845e4","id":{"unicity":"29684"}},"terms":{"priceEach":"242.0000","pvEach":"144.0000"},"quantity":1}]}},{"currency":"USD","lines":{"items":[{"item":{"href":"https:\/\/hydraqa.unicity.net\/v5a-test\/items\/fbb319232b7eed110794d46a68302acb","id":{"unicity":"31847"}},"terms":{"priceEach":"120.0000","pvEach":"80.0000"},"quantity":1}]}},{"currency":"USD","lines":{"items":[{"item":{"href":"https:\/\/hydraqa.unicity.net\/v5a-test\/items\/077823d29445b9020de9931f10c63efd","id":{"unicity":"31958"}},"terms":{"priceEach":"129.0000","pvEach":"85.0000"},"quantity":1}]}},{"currency":"USD","lines":{"items":[{"item":{"href":"https:\/\/hydraqa.unicity.net\/v5a-test\/items\/00c2eb70c985722ce208490aece00945","id":{"unicity":"31729"}},"terms":{"priceEach":"143.0000","pvEach":"100.0000"},"quantity":1}]}},{"currency":"USD","lines":{"items":[{"item":{"href":"https:\/\/hydraqa.unicity.net\/v5a-test\/items\/89b6d29a85a88d44d65bc8cca3fefc65","id":{"unicity":"31845"}},"terms":{"priceEach":"143.0000","pvEach":"100.0000"},"quantity":1}]}},{"currency":"USD","lines":{"items":[{"item":{"href":"https:\/\/hydraqa.unicity.net\/v5a-test\/items\/3875e24e6b6ebdf36c79d205614ed51e","id":{"unicity":"31846"}},"terms":{"priceEach":"126.0000","pvEach":"94.0000"},"quantity":1}]}},{"currency":"USD","lines":{"items":[{"item":{"href":"https:\/\/hydraqa.unicity.net\/v5a-test\/items\/5bda067b70c43971650a6ef983f612e4","id":{"unicity":"31728"}},"terms":{"priceEach":"126.0000","pvEach":"94.0000"},"quantity":1}]}},{"currency":"USD","lines":{"items":[{"item":{"href":"https:\/\/hydraqa.unicity.net\/v5a-test\/items\/693a7c4a70b06a00471afe8d6cae5023","id":{"unicity":"31730"}},"terms":{"priceEach":"120.0000","pvEach":"80.0000"},"quantity":1}]}},{"currency":"USD","lines":{"items":[{"item":{"href":"https:\/\/hydraqa.unicity.net\/v5a-test\/items\/ccb242d74dcb1fe621cc7bfe1b1de315","id":{"unicity":"31731"}},"terms":{"priceEach":"89.0000","pvEach":"61.0000"},"quantity":1}]}},{"currency":"USD","lines":{"items":[{"item":{"href":"https:\/\/hydraqa.unicity.net\/v5a-test\/items\/764e2db430d361da99e8f6b70c4d0244","id":{"unicity":"29830"}},"terms":{"priceEach":"17.0000","pvEach":"7.0000"},"quantity":1}]}},{"currency":"USD","lines":{"items":[{"item":{"href":"https:\/\/hydraqa.unicity.net\/v5a-test\/items\/8b5ed9aa6c6132e1be5e446f69a3465e","id":{"unicity":"0954"}},"terms":{"priceEach":"21.0000","pvEach":"15.0000"},"quantity":1}]}},{"currency":"USD","lines":{"items":[{"item":{"href":"https:\/\/hydraqa.unicity.net\/v5a-test\/items\/b91affa753dd5ee8a9acef4fa7e2c9a7","id":{"unicity":"30414"}},"terms":{"priceEach":"94.0000","pvEach":"65.0000"},"quantity":1}]}},{"currency":"USD","lines":{"items":[{"item":{"href":"https:\/\/hydraqa.unicity.net\/v5a-test\/items\/9d9d002b0e21b9bd58ad0154a4f781c5","id":{"unicity":"28836"}},"terms":{"priceEach":"58.0000","pvEach":"36.0000"},"quantity":1}]}},{"currency":"USD","lines":{"items":[{"item":{"href":"https:\/\/hydraqa.unicity.net\/v5a-test\/items\/399be8efa903b362515c48315ab2afb9","id":{"unicity":"15712"}},"terms":{"priceEach":"15.0000","pvEach":"5.0000"},"quantity":1}]}},{"currency":"USD","lines":{"items":[{"item":{"href":"https:\/\/hydraqa.unicity.net\/v5a-test\/items\/390a7ae70d5669561ecdf7d5cff2671b","id":{"unicity":"15271"}},"terms":{"priceEach":"69.0000","pvEach":"27.0000"},"quantity":1}]}},{"currency":"USD","lines":{"items":[{"item":{"href":"https:\/\/hydraqa.unicity.net\/v5a-test\/items\/933f0856fd8ec1df83c5283dabf4ec3c","id":{"unicity":"6200"}},"terms":{"priceEach":"68.0000","pvEach":"47.0000"},"quantity":1}]}},{"currency":"USD","lines":{"items":[{"item":{"href":"https:\/\/hydraqa.unicity.net\/v5a-test\/items\/75faf5436630ed02a683726aa0e9056f","id":{"unicity":"22165"}},"terms":{"priceEach":"86.0000","pvEach":"65.0000"},"quantity":1}]}},{"currency":"USD","lines":{"items":[{"item":{"href":"https:\/\/hydraqa.unicity.net\/v5a-test\/items\/0cf62d38e91953b43dcfe88b06f813cb","id":{"unicity":"26557"}},"terms":{"priceEach":"79.0000","pvEach":"61.0000"},"quantity":1}]}},{"currency":"USD","lines":{"items":[{"item":{"href":"https:\/\/hydraqa.unicity.net\/v5a-test\/items\/3af97c67f653253825a9189a27da57d6","id":{"unicity":"26556"}},"terms":{"priceEach":"79.0000","pvEach":"61.0000"},"quantity":1}]}},{"currency":"USD","lines":{"items":[{"item":{"href":"https:\/\/hydraqa.unicity.net\/v5a-test\/items\/d489ec0d50f6e28d5743afc65439631b","id":{"unicity":"0960"}},"terms":{"priceEach":"37.0000","pvEach":"23.0000"},"quantity":1}]}},{"currency":"USD","lines":{"items":[{"item":{"href":"https:\/\/hydraqa.unicity.net\/v5a-test\/items\/66839181d7531692a8d886a9da6fb4d6","id":{"unicity":"25369"}},"terms":{"priceEach":"48.0000","pvEach":"25.0000"},"quantity":1}]}},{"currency":"USD","lines":{"items":[{"item":{"href":"https:\/\/hydraqa.unicity.net\/v5a-test\/items\/0eebdede5bdb8bf4d71e800b6f3cead1","id":{"unicity":"30825"}},"terms":{"priceEach":"49.0000","pvEach":"25.0000"},"quantity":1}]}},{"currency":"USD","lines":{"items":[{"item":{"href":"https:\/\/hydraqa.unicity.net\/v5a-test\/items\/5c2f1613082782e691d32fe9ce034026","id":{"unicity":"23728"}},"terms":{"priceEach":"26.0000","pvEach":"13.0000"},"quantity":1}]}},{"currency":"USD","lines":{"items":[{"item":{"href":"https:\/\/hydraqa.unicity.net\/v5a-test\/items\/9a6e1d094182389c3da8e0a320ff0e00","id":{"unicity":"27585"}},"terms":{"priceEach":"56.0000","pvEach":"33.0000"},"quantity":1}]}},{"currency":"USD","lines":{"items":[{"item":{"href":"https:\/\/hydraqa.unicity.net\/v5a-test\/items\/25eaf64b36ce31368f17ae789fd9ac5b","id":{"unicity":"29694"}},"terms":{"priceEach":"56.0000","pvEach":"33.0000"},"quantity":1}]}},{"currency":"USD","lines":{"items":[{"item":{"href":"https:\/\/hydraqa.unicity.net\/v5a-test\/items\/112b8c39286598b3730f630f371a45f4","id":{"unicity":"27587"}},"terms":{"priceEach":"58.0000","pvEach":"33.0000"},"quantity":1}]}},{"currency":"USD","lines":{"items":[{"item":{"href":"https:\/\/hydraqa.unicity.net\/v5a-test\/items\/16ca68abaaa92505c257be022a154769","id":{"unicity":"27615"}},"terms":{"priceEach":"29.0000","pvEach":"21.0000"},"quantity":1}]}},{"currency":"USD","lines":{"items":[{"item":{"href":"https:\/\/hydraqa.unicity.net\/v5a-test\/items\/362999101a321b721c87110710ae77b0","id":{"unicity":"29352"}},"terms":{"priceEach":"119.0000","pvEach":"80.0000"},"quantity":1}]}},{"currency":"USD","lines":{"items":[{"item":{"href":"https:\/\/hydraqa.unicity.net\/v5a-test\/items\/2f028442193b3166b6c4f9590bd352b4","id":{"unicity":"32366"}},"terms":{"priceEach":"94.0000","pvEach":"68.0000"},"quantity":1}]}},{"currency":"USD","lines":{"items":[{"item":{"href":"https:\/\/hydraqa.unicity.net\/v5a-test\/items\/18f4c25c966306833f623287c875d6ba","id":{"unicity":"32369"}},"terms":{"priceEach":"151.0000","pvEach":"93.0000"},"quantity":1}]}},{"currency":"USD","lines":{"items":[{"item":{"href":"https:\/\/hydraqa.unicity.net\/v5a-test\/items\/779b47d856ea7e246c9e5aabc6eca794","id":{"unicity":"32370"}},"terms":{"priceEach":"136.0000","pvEach":"95.0000"},"quantity":1}]}},{"currency":"USD","lines":{"items":[{"item":{"href":"https:\/\/hydraqa.unicity.net\/v5a-test\/items\/05ca08f3808f126c0cc42154c50fc75c","id":{"unicity":"29440"}},"terms":{"priceEach":"120.0000","pvEach":"90.0000"},"quantity":1}]}},{"currency":"USD","lines":{"items":[{"item":{"href":"https:\/\/hydraqa.unicity.net\/v5a-test\/items\/cea826eab72d44641c070aab6c97c1ac","id":{"unicity":"22747"}},"terms":{"priceEach":"27.0000","pvEach":"16.0000"},"quantity":1}]}},{"currency":"USD","lines":{"items":[{"item":{"href":"https:\/\/hydraqa.unicity.net\/v5a-test\/items\/1945faa1776541d53120ecfe3c1d8a2b","id":{"unicity":"24418"}},"terms":{"priceEach":"5.0000","pvEach":"0.0000"},"quantity":1}]}},{"currency":"USD","lines":{"items":[{"item":{"href":"https:\/\/hydraqa.unicity.net\/v5a-test\/items\/e0a19d3d676bccfdba0ab3d9f2766359","id":{"unicity":"30350"}},"terms":{"priceEach":"50.0000","pvEach":"30.0000"},"quantity":1}]}},{"currency":"USD","lines":{"items":[{"item":{"href":"https:\/\/hydraqa.unicity.net\/v5a-test\/items\/b2fc4b9ba4aa5cae54389161be2f841f","id":{"unicity":"18401"}},"terms":{"priceEach":"31.0000","pvEach":"19.0000"},"quantity":1}]}},{"currency":"USD","lines":{"items":[{"item":{"href":"https:\/\/hydraqa.unicity.net\/v5a-test\/items\/1b0412bea8c0b841c66f65a36aa14108","id":{"unicity":"29191"}},"terms":{"priceEach":"64.0000","pvEach":"36.0000"},"quantity":1}]}},{"currency":"USD","lines":{"items":[{"item":{"href":"https:\/\/hydraqa.unicity.net\/v5a-test\/items\/1bd53de7fe880ba71f46c9976ca2c137","id":{"unicity":"27739"}},"terms":{"priceEach":"33.0000","pvEach":"13.0000"},"quantity":1}]}},{"currency":"USD","lines":{"items":[{"item":{"href":"https:\/\/hydraqa.unicity.net\/v5a-test\/items\/035189015384166df518a68ede0299a9","id":{"unicity":"30408"}},"terms":{"priceEach":"84.0000","pvEach":"50.0000"},"quantity":1}]}},{"currency":"USD","lines":{"items":[{"item":{"href":"https:\/\/hydraqa.unicity.net\/v5a-test\/items\/bed533c634e887357ff031d8e4c776b0","id":{"unicity":"31751"}},"terms":{"priceEach":"99.0000","pvEach":"50.0000"},"quantity":1}]}},{"currency":"USD","lines":{"items":[{"item":{"href":"https:\/\/hydraqa.unicity.net\/v5a-test\/items\/e5029d0db50d6ea324b5e25f54d82636","id":{"unicity":"31651"}},"terms":{"priceEach":"29.0000","pvEach":"14.0000"},"quantity":1}]}},{"currency":"USD","lines":{"items":[{"item":{"href":"https:\/\/hydraqa.unicity.net\/v5a-test\/items\/c201dcd36f4bb7e17e7a8481ef08d6f2","id":{"unicity":"31518"}},"terms":{"priceEach":"29.0000","pvEach":"14.0000"},"quantity":1}]}},{"currency":"USD","lines":{"items":[{"item":{"href":"https:\/\/hydraqa.unicity.net\/v5a-test\/items\/f5a91f19576078a69f82c9f58805f479","id":{"unicity":"31655"}},"terms":{"priceEach":"29.0000","pvEach":"14.0000"},"quantity":1}]}},{"currency":"USD","lines":{"items":[{"item":{"href":"https:\/\/hydraqa.unicity.net\/v5a-test\/items\/0a3ede185ddf034630afd891c5106d33","id":{"unicity":"26562"}},"terms":{"priceEach":"33.0000","pvEach":"25.0000"},"quantity":1}]}},{"currency":"USD","lines":{"items":[{"item":{"href":"https:\/\/hydraqa.unicity.net\/v5a-test\/items\/1d977fb1e1c0aa5d0b71ee2cf01e7b4d","id":{"unicity":"32016"}},"terms":{"priceEach":"206.0000","pvEach":"130.0000"},"quantity":1}]}},{"currency":"USD","lines":{"items":[{"item":{"href":"https:\/\/hydraqa.unicity.net\/v5a-test\/items\/1524974f80be01c93083e794816394ab","id":{"unicity":"32017"}},"terms":{"priceEach":"206.0000","pvEach":"130.0000"},"quantity":1}]}},{"currency":"USD","lines":{"items":[{"item":{"href":"https:\/\/hydraqa.unicity.net\/v5a-test\/items\/4b2034f47fce90b87bba28c5c2d7c25d","id":{"unicity":"15880"}},"terms":{"priceEach":"59.0000","pvEach":"41.0000"},"quantity":1}]}},{"currency":"USD","lines":{"items":[{"item":{"href":"https:\/\/hydraqa.unicity.net\/v5a-test\/items\/3d89c4f7e508dfba4018dc9c732084de","id":{"unicity":"29181"}},"terms":{"priceEach":"24.0000","pvEach":"12.0000"},"quantity":1}]}},{"currency":"USD","lines":{"items":[{"item":{"href":"https:\/\/hydraqa.unicity.net\/v5a-test\/items\/9ce45d695c87f93b29794041362b5192","id":{"unicity":"26945"}},"terms":{"priceEach":"35.0000","pvEach":"0.0000"},"quantity":1}]}},{"currency":"USD","lines":{"items":[{"item":{"href":"https:\/\/hydraqa.unicity.net\/v5a-test\/items\/aa0d72ac13b1ce88cf8c4a52ede75a37","id":{"unicity":"26552"}},"terms":{"priceEach":"70.0000","pvEach":"50.0000"},"quantity":1}]}},{"currency":"USD","lines":{"items":[{"item":{"href":"https:\/\/hydraqa.unicity.net\/v5a-test\/items\/5c6f1a39257b63482d454789e4d2035c","id":{"unicity":"26553"}},"terms":{"priceEach":"80.0000","pvEach":"50.0000"},"quantity":1}]}},{"currency":"USD","lines":{"items":[{"item":{"href":"https:\/\/hydraqa.unicity.net\/v5a-test\/items\/8d994059c399f5551ab112574e4476fc","id":{"unicity":"24785"}},"terms":{"priceEach":"14.0000","pvEach":"9.0000"},"quantity":1}]}},{"currency":"USD","lines":{"items":[{"item":{"href":"https:\/\/hydraqa.unicity.net\/v5a-test\/items\/8ed7a8910d5c5335774fa9cfae0e511d","id":{"unicity":"18386"}},"terms":{"priceEach":"27.0000","pvEach":"21.0000"},"quantity":1}]}},{"currency":"USD","lines":{"items":[{"item":{"href":"https:\/\/hydraqa.unicity.net\/v5a-test\/items\/398d06b858b960f6f38086d40608aef2","id":{"unicity":"26560"}},"terms":{"priceEach":"16.0000","pvEach":"12.0000"},"quantity":1}]}},{"currency":"USD","lines":{"items":[{"item":{"href":"https:\/\/hydraqa.unicity.net\/v5a-test\/items\/55d3b550a17b78175cc5ac565e4266e8","id":{"unicity":"24621"}},"terms":{"priceEach":"20.0000","pvEach":"12.0000"},"quantity":1}]}},{"currency":"USD","lines":{"items":[{"item":{"href":"https:\/\/hydraqa.unicity.net\/v5a-test\/items\/bb5c627f16547cb4f706cef521bca356","id":{"unicity":"29437"}},"terms":{"priceEach":"62.0000","pvEach":"36.0000"},"quantity":1}]}},{"currency":"USD","lines":{"items":[{"item":{"href":"https:\/\/hydraqa.unicity.net\/v5a-test\/items\/0e78fbdfebef11cd62f8d2120064ee58","id":{"unicity":"30280"}},"terms":{"priceEach":"42.0000","pvEach":"24.0000"},"quantity":1}]}},{"currency":"USD","lines":{"items":[{"item":{"href":"https:\/\/hydraqa.unicity.net\/v5a-test\/items\/2835b1a78e379486f0ffbfd5fb9f6b0a","id":{"unicity":"30400"}},"terms":{"priceEach":"38.0000","pvEach":"28.0000"},"quantity":1}]}},{"currency":"USD","lines":{"items":[{"item":{"href":"https:\/\/hydraqa.unicity.net\/v5a-test\/items\/84bf86533ae28dc84370f3699cc13a1d","id":{"unicity":"17744"}},"terms":{"priceEach":"97.0000","pvEach":"62.0000"},"quantity":1}]}},{"currency":"USD","lines":{"items":[{"item":{"href":"https:\/\/hydraqa.unicity.net\/v5a-test\/items\/48433ffc76597c823adc2b8627e033e4","id":{"unicity":"26559"}},"terms":{"priceEach":"30.0000","pvEach":"20.0000"},"quantity":1}]}},{"currency":"USD","lines":{"items":[{"item":{"href":"https:\/\/hydraqa.unicity.net\/v5a-test\/items\/5a38f009bec6c23b1b3a70432f9722e5","id":{"unicity":"19596"}},"terms":{"priceEach":"49.0000","pvEach":"30.0000"},"quantity":1}]}},{"currency":"USD","lines":{"items":[{"item":{"href":"https:\/\/hydraqa.unicity.net\/v5a-test\/items\/38da42f991a40a00153b2e5055b82dbf","id":{"unicity":"27801"}},"terms":{"priceEach":"195.0000","pvEach":"130.0000"},"quantity":1}]}},{"currency":"USD","lines":{"items":[{"item":{"href":"https:\/\/hydraqa.unicity.net\/v5a-test\/items\/051e765a5a71835a859c2757edd359f0","id":{"unicity":"26580"}},"terms":{"priceEach":"195.0000","pvEach":"130.0000"},"quantity":1}]}},{"currency":"USD","lines":{"items":[{"item":{"href":"https:\/\/hydraqa.unicity.net\/v5a-test\/items\/8c21f026bb6a32624e0c80475bf8efb0","id":{"unicity":"25880"}},"terms":{"priceEach":"33.0000","pvEach":"23.0000"},"quantity":1}]}},{"currency":"USD","lines":{"items":[{"item":{"href":"https:\/\/hydraqa.unicity.net\/v5a-test\/items\/e218d1cac5f31e7ae4f5876c29c57377","id":{"unicity":"29017"}},"terms":{"priceEach":"38.0000","pvEach":"26.0000"},"quantity":1}]}},{"currency":"USD","lines":{"items":[{"item":{"href":"https:\/\/hydraqa.unicity.net\/v5a-test\/items\/24ff5bda40c0d0e7eaa511866d052915","id":{"unicity":"29612"}},"terms":{"priceEach":"49.0000","pvEach":"30.0000"},"quantity":1}]}},{"currency":"USD","lines":{"items":[{"item":{"href":"https:\/\/hydraqa.unicity.net\/v5a-test\/items\/2c4c1abe00983e85aaa918d2ce341491","id":{"unicity":"17174"}},"terms":{"priceEach":"17.0000","pvEach":"10.0000"},"quantity":1}]}},{"currency":"USD","lines":{"items":[{"item":{"href":"https:\/\/hydraqa.unicity.net\/v5a-test\/items\/3f2d12d7a0e8551fc99fad3bbe1ba633","id":{"unicity":"26567"}},"terms":{"priceEach":"56.0000","pvEach":"35.0000"},"quantity":1}]}},{"currency":"USD","lines":{"items":[{"item":{"href":"https:\/\/hydraqa.unicity.net\/v5a-test\/items\/191637167cb3144bd2e8c4615e9ab67e","id":{"unicity":"26568"}},"terms":{"priceEach":"56.0000","pvEach":"35.0000"},"quantity":1}]}},{"currency":"USD","lines":{"items":[{"item":{"href":"https:\/\/hydraqa.unicity.net\/v5a-test\/items\/2cefc6a61faaae3455a5adcb0d8fc74f","id":{"unicity":"15907"}},"terms":{"priceEach":"15.0000","pvEach":"5.0000"},"quantity":1}]}},{"currency":"USD","lines":{"items":[{"item":{"href":"https:\/\/hydraqa.unicity.net\/v5a-test\/items\/e870d73cd94149d9f6b55de9736c9daa","id":{"unicity":"3107"}},"terms":{"priceEach":"24.0000","pvEach":"16.0000"},"quantity":1}]}},{"currency":"USD","lines":{"items":[{"item":{"href":"https:\/\/hydraqa.unicity.net\/v5a-test\/items\/b127a2d34d3d73e2f53e4c2002a7a4a2","id":{"unicity":"25008"}},"terms":{"priceEach":"19.0000","pvEach":"15.0000"},"quantity":1}]}},{"currency":"USD","lines":{"items":[{"item":{"href":"https:\/\/hydraqa.unicity.net\/v5a-test\/items\/dcdf1b79b8b6f644100ffc20fdca4683","id":{"unicity":"27835"}},"terms":{"priceEach":"1455.0000","pvEach":"1000.0000"},"quantity":1}]}},{"currency":"USD","lines":{"items":[{"item":{"href":"https:\/\/hydraqa.unicity.net\/v5a-test\/items\/efe7d99f2b77ea614d624d371afa4244","id":{"unicity":"25543"}},"terms":{"priceEach":"1455.0000","pvEach":"1000.0000"},"quantity":1}]}},{"currency":"USD","lines":{"items":[{"item":{"href":"https:\/\/hydraqa.unicity.net\/v5a-test\/items\/2da06ecf761a87f5619997496b83b745","id":{"unicity":"27831"}},"terms":{"priceEach":"1455.0000","pvEach":"1000.0000"},"quantity":1}]}},{"currency":"USD","lines":{"items":[{"item":{"href":"https:\/\/hydraqa.unicity.net\/v5a-test\/items\/1ab3a5a9b55fdf3618d21bf1d528afe4","id":{"unicity":"25542"}},"terms":{"priceEach":"1455.0000","pvEach":"1000.0000"},"quantity":1}]}},{"currency":"USD","lines":{"items":[{"item":{"href":"https:\/\/hydraqa.unicity.net\/v5a-test\/items\/52f0d3751a2d8f3f3670328e8157de5e","id":{"unicity":"27833"}},"terms":{"priceEach":"1455.0000","pvEach":"1000.0000"},"quantity":1}]}},{"currency":"USD","lines":{"items":[{"item":{"href":"https:\/\/hydraqa.unicity.net\/v5a-test\/items\/1535f370eb06bf30117fa28aa9ab1179","id":{"unicity":"25544"}},"terms":{"priceEach":"1455.0000","pvEach":"1000.0000"},"quantity":1}]}},{"currency":"USD","lines":{"items":[{"item":{"href":"https:\/\/hydraqa.unicity.net\/v5a-test\/items\/87f09080f7a29929816891acef721667","id":{"unicity":"25545"}},"terms":{"priceEach":"1455.0000","pvEach":"1000.0000"},"quantity":1}]}},{"currency":"USD","lines":{"items":[{"item":{"href":"https:\/\/hydraqa.unicity.net\/v5a-test\/items\/991cdbb84a495779eb209fb3956a77e4","id":{"unicity":"29183"}},"terms":{"priceEach":"42.0000","pvEach":"24.0000"},"quantity":1}]}},{"currency":"USD","lines":{"items":[{"item":{"href":"https:\/\/hydraqa.unicity.net\/v5a-test\/items\/cda534d686af5d627c94c4bb2c4b57d8","id":{"unicity":"26561"}},"terms":{"priceEach":"16.0000","pvEach":"11.0000"},"quantity":1}]}},{"currency":"USD","lines":{"items":[{"item":{"href":"https:\/\/hydraqa.unicity.net\/v5a-test\/items\/10da226fab00279b4f89df10af2a10b7","id":{"unicity":"26442"}},"terms":{"priceEach":"6.0000","pvEach":"0.0000"},"quantity":1}]}},{"currency":"USD","lines":{"items":[{"item":{"href":"https:\/\/hydraqa.unicity.net\/v5a-test\/items\/2de8516a24af8232add0bb392e750a71","id":{"unicity":"31859"}},"terms":{"priceEach":"179.0000","pvEach":"130.0000"},"quantity":1}]}},{"currency":"USD","lines":{"items":[{"item":{"href":"https:\/\/hydraqa.unicity.net\/v5a-test\/items\/cf8460040a1860bcabf250b6c1171675","id":{"unicity":"31858"}},"terms":{"priceEach":"269.0000","pvEach":"195.0000"},"quantity":1}]}},{"currency":"USD","lines":{"items":[{"item":{"href":"https:\/\/hydraqa.unicity.net\/v5a-test\/items\/4ab49eca1731e69206ccafb5112ad5a4","id":{"unicity":"31861"}},"terms":{"priceEach":"196.0000","pvEach":"135.0000"},"quantity":1}]}},{"currency":"USD","lines":{"items":[{"item":{"href":"https:\/\/hydraqa.unicity.net\/v5a-test\/items\/d4c8fce238d6fc34d17a4b36d1e4e59a","id":{"unicity":"31860"}},"terms":{"priceEach":"196.0000","pvEach":"135.0000"},"quantity":1}]}},{"currency":"USD","lines":{"items":[{"item":{"href":"https:\/\/hydraqa.unicity.net\/v5a-test\/items\/fd464cd7972cc1317e850b9196d886b8","id":{"unicity":"31863"}},"terms":{"priceEach":"210.0000","pvEach":"148.0000"},"quantity":1}]}},{"currency":"USD","lines":{"items":[{"item":{"href":"https:\/\/hydraqa.unicity.net\/v5a-test\/items\/e47fd287212acedd1cffb2b67bf623bd","id":{"unicity":"31862"}},"terms":{"priceEach":"210.0000","pvEach":"148.0000"},"quantity":1}]}},{"currency":"USD","lines":{"items":[{"item":{"href":"https:\/\/hydraqa.unicity.net\/v5a-test\/items\/024e696f8b44a1d315006e676604cd31","id":{"unicity":"27395"}},"terms":{"priceEach":"25.0000","pvEach":"16.0000"},"quantity":1}]}},{"currency":"USD","lines":{"items":[{"item":{"href":"https:\/\/hydraqa.unicity.net\/v5a-test\/items\/3ddd31ddbe0e5807756d2488e7cc3602","id":{"unicity":"31440"}},"terms":{"priceEach":"40.0000","pvEach":"0.0000"},"quantity":1}]}},{"currency":"USD","lines":{"items":[{"item":{"href":"https:\/\/hydraqa.unicity.net\/v5a-test\/items\/90d5ee3af77bdc64ecf28a45b604bf3d","id":{"unicity":"31441"}},"terms":{"priceEach":"40.0000","pvEach":"0.0000"},"quantity":1}]}},{"currency":"USD","lines":{"items":[{"item":{"href":"https:\/\/hydraqa.unicity.net\/v5a-test\/items\/91a6016282310b83203d0bb7bea14a0f","id":{"unicity":"29050"}},"terms":{"priceEach":"12.9500","pvEach":"0.0000"},"quantity":1}]}},{"currency":"USD","lines":{"items":[{"item":{"href":"https:\/\/hydraqa.unicity.net\/v5a-test\/items\/7fc100f8d20814757efe2d79e41b315c","id":{"unicity":"32021"}},"terms":{"priceEach":"89.0000","pvEach":"60.0000"},"quantity":1}]}},{"currency":"USD","lines":{"items":[{"item":{"href":"https:\/\/hydraqa.unicity.net\/v5a-test\/items\/634f7efb30392b2a919de1355902d975","id":{"unicity":"29408"}},"terms":{"priceEach":"80.0000","pvEach":"52.0000"},"quantity":1}]}},{"currency":"USD","lines":{"items":[{"item":{"href":"https:\/\/hydraqa.unicity.net\/v5a-test\/items\/fa2407c91e64e66a72ab45172eb978df","id":{"unicity":"0988"}},"terms":{"priceEach":"36.0000","pvEach":"23.0000"},"quantity":1}]}},{"currency":"USD","lines":{"items":[{"item":{"href":"https:\/\/hydraqa.unicity.net\/v5a-test\/items\/64ec7ad932acafab052a4e8800ad1238","id":{"unicity":"24758"}},"terms":{"priceEach":"31.0000","pvEach":"21.0000"},"quantity":1}]}},{"currency":"USD","lines":{"items":[{"item":{"href":"https:\/\/hydraqa.unicity.net\/v5a-test\/items\/c61892f0a7b7e88054169a31d65d95e0","id":{"unicity":"18373"}},"terms":{"priceEach":"17.0000","pvEach":"10.0000"},"quantity":1}]}},{"currency":"USD","lines":{"items":[{"item":{"href":"https:\/\/hydraqa.unicity.net\/v5a-test\/items\/40a1044968ea62276f4ba87fd2ef0d8f","id":{"unicity":"12230"}},"terms":{"priceEach":"45.0000","pvEach":"18.0000"},"quantity":1}]}},{"currency":"USD","lines":{"items":[{"item":{"href":"https:\/\/hydraqa.unicity.net\/v5a-test\/items\/9ff4257741d464b686d15be955b8afb6","id":{"unicity":"0963"}},"terms":{"priceEach":"42.0000","pvEach":"25.0000"},"quantity":1}]}},{"currency":"USD","lines":{"items":[{"item":{"href":"https:\/\/hydraqa.unicity.net\/v5a-test\/items\/ddef5f478ff91aa2263b646a3bd03dea","id":{"unicity":"21420"}},"terms":{"priceEach":"24.0000","pvEach":"10.0000"},"quantity":1}]}}]}
Entry request : {"order":{"customer":{"href":"https://hydraqa.unicity.net/v5a-test/customers?type=Associate"},"shipToAddress":{"country":"US"}},"vary":{"lines":{"items":[{"item":{"href":"https://hydraqa.unicity.net/v5a-test/items?id.unicity=26580|31440|31441|31651|31655|31518|31751|27801|31858|31859|31862|32030|29684|32016|32017|31727|31729|31730|31731|0963|15129|15271|15880|17174|22745|22747|23728|24758|25022|26550|26556|26557|26560|26561|26562|27615|27739|24418|22888|27585|17744|25008|26442|26551|6200|15916|18908|24785|29050|26552|26553|27028|0954|18401|27029|26559|19596|25542|25544|27835|25543|25545|26945|25535|21420|24621|27831|27833|27837|28836|15712|22165|0960|25369|30825|18386|26567|26568|15907|28513|3107|0988|18373|12230|26950|26786|27587|29017|25880|29694|29408|29437|29181|29183|29191|29352|29612|30350|27395|29440|29830|30408|30414|30400|30280|31314|31728|31842|31846|31845|31847|31863|31860|31861|31958|32021|32364|32365|32366|32367|32368|32369|32370|32371|32372|31106|26555"}}]}}}
Request URL: https://hydraqa.unicity.net/v5a-test/customers.js?callback=angular.callbacks._1&expand=customer,profilePicture&id.unicity=36554001
Request URL: https://hydraqa.unicity.net/v5a-test/customers.js?_httpMethod=HEAD&callback=angular.callbacks._7&email=NSFWID@gmail.com
Request URL: https://hydraqa.unicity.net/v5a-test/shippingmethods.js?callback=angular.callbacks._a&destination=US&market=US
Request URL: https://hydraqa.unicity.net/v5a-test/addresses?country=US&zip=33024
Entry response : {"items":[{"city":"Pembroke Pines","state":"FL"}]}
No Pop UP
{sponsor=36554001, gender=female, city=HOLLYWOOD, signature=TestSignature, cartprice=219.0, enroller=36554001, responsedob=1999-01-28, arpack=Prime Health Pack - Cholesterol, Energy, Vanilla, language=English, locale=en, type=Associate, coapplicanttype=Spouse, platform=QA, lname=TestLastName, password=Unicity, genderoption=Female, Currency=USD, api=7, state=[FL], email=NSFWID@gmail.com, coapplicant=TestSpouseName, zip=33024, fname=TestFirstName, prefferd=United States, address1=4209 E STONECREEK, shippingmethod=type=3Days, version=v5a-test/, testcase=normal, market=United States, aritemcode=26580, martial=Married, phone=9823746323, dob=01/28/1999, govid=161632616, proto=https://hydraqa.unicity.net/, marketcode=US, maritaloption=Married, ccname=CCNameTest}
Request URL: https://hydraqa.unicity.net/v5a-test/orders.js
Entry request : {"customer":{"mainAddress":{"city":"HOLLYWOOD","country":"US","state":"FL","zip":"33024","address1":"4209 E STONECREEK","address2":""},"humanName":{"firstName":"TestFirstName","lastName":"TestLastName"},"email":"NSFWID@gmail.com","preferredLocale":"en-US","password":{"value":"Unicity"},"gender":"female","maritalStatus":"Married","type":"Associate","creditcardaliases":[{"methodDetails":{"creditCardNumber":"4111111111111111","payer":"TestFirstName TestLastName","creditCardExpires":"2020-10"},"billToName":{"firstName":"TestFirstName","lastName":"TestLastName"},"billToAddress":{"address1":"4209 E STONECREEK","address2":"","city":"HOLLYWOOD","state":"FL","zip":"33024","country":"US"}}],"sponsor":{"href":"https://hydraqa.unicity.net/v5a-test/customers?id.unicity=36554001"},"enroller":{"href":"https://hydraqa.unicity.net/v5a-test/customers?id.unicity=36554001"},"homePhone":"9823746323","birthDate":"1999-01-28","autoorders":{"items":[{"recurrence":{"schedule":{"month":"*","dayOfMonth":"5"},"status":"Enabled"},"lines":{"items":[{"item":{"href":"https://hydraqa.unicity.net/v5a-test/items?id.unicity=26580"},"quantity":1}]},"shipToName":{"firstName":"TestFirstName","lastName":"TestLastName"},"shipToPhone":"9823746323","shipToEmail":"NSFWID@gmail.com","shipToAddress":{"city":"HOLLYWOOD","country":"US","state":"FL","address1":"4209 E STONECREEK","address2":"","zip":"33024"},"shippingMethod":{"href":"https://hydraqa.unicity.net/v5a-test/shippingmethods?type=3Days"},"transactions":{"items":[{"amount":"this.terms.total","type":"AuthorizeAndCapture","method":"CreditCardAlias","methodDetails":{"alias":"this.customer.creditcardaliases[0].alias"}}]}}]},"coapplicant":{"type":"Spouse","details":{"humanName":{"firstName":"TestSpouseName","lastName":""}}},"rights":[],"signature":{"value":"TestSignature"},"taxTerms":{"taxId":"161632616","taxIdExpires":"2025-12-30"}},"lines":{"items":[{"item":{"href":"https://hydraqa.unicity.net/v5a-test/items?id.unicity=31440"},"quantity":1},{"item":{"href":"https://hydraqa.unicity.net/v5a-test/items?id.unicity=31859"},"quantity":1}]},"shipToName":{"firstName":"TestFirstName","lastName":"TestLastName"},"shipToPhone":"9823746323","shipToEmail":"NSFWID@gmail.com","shipToAddress":{"city":"HOLLYWOOD","country":"US","state":"FL","address1":"4209 E STONECREEK","address2":"","zip":"33024"},"shippingMethod":{"href":"https://hydraqa.unicity.net/v5a-test/shippingmethods?type=3Days"},"notes":"","transactions":{"items":[{"amount":"this.terms.total","type":"AuthorizeAndCapture","method":"CreditCard","methodDetails":{"creditCardNumber":"4111111111111111","payer":"CCNameTest","creditCardExpires":"2020-10","creditCardSecurityCode":"123"},"billToAddress":{"address1":"4209 E STONECREEK","address2":"","city":"HOLLYWOOD","state":"FL","zip":"33024","country":"US"}},{"type":"AuthorizeAndCapture","method":"Coupon","methodDetails":{"code":"Fre3Aut0Sh!p"}}]}}
Entry response : {"meta":{"Link":"<http:\/\/unicity.github.io\/Hydra.php\/docs\/v5\/>; rel=\"help\"","X-Request-UUID":"4f6e2fd3-77c0-433b-8517-9afae9d29387","X-Request-Release":"5-2020012701\/master","Cache-Control":"no-cache, must-revalidate","Expires":"0","X-Powered-By":"Luracast Restler v3.0.0rc5","Content-Type":"text\/javascript; charset=utf-8","Content-Language":"en-US","X-Status-Code":"201"},"data":{"market":"US","notes":"","shippingMethod":{"href":"https:\/\/hydraqa.unicity.net\/v5a-test\/shippingmethods?type=3Days","location":"","type":"3Days"},"shipToAddress":{"country":"US","state":"FL","city":"HOLLYWOOD","zip":"33024","address1":"4209 E STONECREEK","address2":""},"shipToEmail":"NSFWID@gmail.com","shipToName":{"firstName":"TestFirstName","lastName":"TestLastName"},"shipToPhone":"9823746323","shipToTime":"","source":null,"type":null,"lines":{"items":[{"quantity":1,"item":{"href":"https:\/\/hydraqa.unicity.net\/v5a-test\/items?id.unicity=31440","id":{"unicity":"31440"}}},{"quantity":1,"item":{"href":"https:\/\/hydraqa.unicity.net\/v5a-test\/items?id.unicity=31859","id":{"unicity":"31859"}}}]},"transactions":{"items":[{"amount":248.17,"billToAddress":{"address1":"4209 E STONECREEK","address2":"","city":"HOLLYWOOD","state":"FL","zip":"33024","country":"US"},"billToEmail":null,"installments":null,"method":"CreditCard","methodDetails":{"creditCardExpires":"2020-10","creditCardNumber":"411111xxxxxx1111","creditCardSecurityCode":"123","payer":"CCNameTest","payerId":null},"type":"AuthorizeAndCapture"}]},"terms":{"discount":{"amount":0},"pretotal":248.17,"tax":{"amount":13.95},"freight":{"amount":15.22},"subtotal":219,"taxableTotal":234.22,"total":248.17,"pv":130},"currency":"USD","dateCreated":"2020-01-27T19:45:22-07:00","customer":{"humanName":{"firstName":"TestFirstName","lastName":"TestLastName"},"mainAddress":{"city":"HOLLYWOOD","country":"US","state":"FL","zip":"33024","address1":"4209 E STONECREEK","address2":""},"type":"Associate","email":"NSFWID@gmail.com","taxTerms":{"exemption":null,"taxId":"161632616","taxIdExpires":"2025-12-30"},"signature":{"value":"TestSignature"},"gender":"female","password":{"value":"Unicity"},"enroller":{"href":"https:\/\/hydraqa.unicity.net\/v5a-test\/customers\/c8a0f511723643dd5ba719e2e99a32ba82ff3eda31cc639783863e5baba2dbdb","id":{"unicity":36554001},"humanName":{"fullName":"Kent, Clark"},"email":"tyler.cook@unicity.com"},"sponsor":{"href":"https:\/\/hydraqa.unicity.net\/v5a-test\/customers\/c8a0f511723643dd5ba719e2e99a32ba82ff3eda31cc639783863e5baba2dbdb","id":{"unicity":36554001},"humanName":{"fullName":"Kent, Clark"},"email":"tyler.cook@unicity.com"},"birthDate":"1999-01-28","homePhone":"9823746323","preferredLocale":"en-US","maritalStatus":"Married","coapplicant":{"details":{"humanName":{"firstName":"TestSpouseName","lastName":""}},"type":"Spouse"},"autoorders":{"items":[{"id":{"unicity":"64221"}}]},"rights":[],"status":"Active","id":{"unicity":"8202608"},"href":"https:\/\/hydraqa.unicity.net\/v5a-test\/customers\/1fe0dcd93abca9ca7b626d36bf848bce","token":"27a3e1e6-b2a3-41b7-bbd2-387da51b95b1"},"added_transactions":{"items":[]},"taxedAs":"service","id":{"unicity":"1643185"},"href":"https:\/\/hydraqa.unicity.net\/v5a-test\/orders\/c5016ddb0b3b5a27f6339fd462c55651"}}
Headers-->keep-alive
Headers-->2894
Headers-->application/json, text/plain, */*
Headers-->http://enroll.ng.unicityqa.com
Headers-->en-US
]]></system-out>
    <system-err><![CDATA[Starting ChromeDriver 2.36.540470 (e522d04694c7ebea4ba8821272dbef4f9b818c91) on port 13535
Only local connections are allowed.
Jan 27, 2020 7:41:17 PM org.openqa.selenium.remote.ProtocolHandshake createSession
INFO: Detected dialect: OSS
]]></system-err>
  </testcase>
  <testcase name="Enroll" classname="Tests.FranchisePartner" time="289.914">
    <failure message="Major Market expected [US] but found [null]" type="java.lang.AssertionError">java.lang.AssertionError: Major Market expected [US] but found [null]
	at Tests.FranchisePartner.Enroll(FranchisePartner.java:265)
</failure>
    <system-out><![CDATA[Request URL: https://hydraqa.unicity.net/v5a-test/quotes?&expand=item
Entry Quotes response : {"items":[{"currency":"USD","lines":{"items":[{"item":{"href":"https:\/\/hydraqa.unicity.net\/v5a-test\/items\/50747027a065cb8361c1f0d6eb880466","id":{"unicity":"32030"}},"terms":{"priceEach":"143.0000","pvEach":"102.0000"},"quantity":1}]}},{"currency":"USD","lines":{"items":[{"item":{"href":"https:\/\/hydraqa.unicity.net\/v5a-test\/items\/d306a0b65f27f19b4968e5c05906a9f4","id":{"unicity":"31314"}},"terms":{"priceEach":"384.0000","pvEach":"266.0000"},"quantity":1}]}},{"currency":"USD","lines":{"items":[{"item":{"href":"https:\/\/hydraqa.unicity.net\/v5a-test\/items\/716b7a0bca7fa73e42e000d668e7ee65","id":{"unicity":"15129"}},"terms":{"priceEach":"22.0000","pvEach":"10.0000"},"quantity":1}]}},{"currency":"USD","lines":{"items":[{"item":{"href":"https:\/\/hydraqa.unicity.net\/v5a-test\/items\/9a7715e888c94989d898fe4653645721","id":{"unicity":"26550"}},"terms":{"priceEach":"80.0000","pvEach":"52.0000"},"quantity":1}]}},{"currency":"USD","lines":{"items":[{"item":{"href":"https:\/\/hydraqa.unicity.net\/v5a-test\/items\/80a898d805f759925797847a176bf62f","id":{"unicity":"26551"}},"terms":{"priceEach":"80.0000","pvEach":"52.0000"},"quantity":1}]}},{"currency":"USD","lines":{"items":[{"item":{"href":"https:\/\/hydraqa.unicity.net\/v5a-test\/items\/292b6aee9c1193e9488e9ae6e3a845e4","id":{"unicity":"29684"}},"terms":{"priceEach":"242.0000","pvEach":"144.0000"},"quantity":1}]}},{"currency":"USD","lines":{"items":[{"item":{"href":"https:\/\/hydraqa.unicity.net\/v5a-test\/items\/fbb319232b7eed110794d46a68302acb","id":{"unicity":"31847"}},"terms":{"priceEach":"120.0000","pvEach":"80.0000"},"quantity":1}]}},{"currency":"USD","lines":{"items":[{"item":{"href":"https:\/\/hydraqa.unicity.net\/v5a-test\/items\/077823d29445b9020de9931f10c63efd","id":{"unicity":"31958"}},"terms":{"priceEach":"129.0000","pvEach":"85.0000"},"quantity":1}]}},{"currency":"USD","lines":{"items":[{"item":{"href":"https:\/\/hydraqa.unicity.net\/v5a-test\/items\/00c2eb70c985722ce208490aece00945","id":{"unicity":"31729"}},"terms":{"priceEach":"143.0000","pvEach":"100.0000"},"quantity":1}]}},{"currency":"USD","lines":{"items":[{"item":{"href":"https:\/\/hydraqa.unicity.net\/v5a-test\/items\/89b6d29a85a88d44d65bc8cca3fefc65","id":{"unicity":"31845"}},"terms":{"priceEach":"143.0000","pvEach":"100.0000"},"quantity":1}]}},{"currency":"USD","lines":{"items":[{"item":{"href":"https:\/\/hydraqa.unicity.net\/v5a-test\/items\/3875e24e6b6ebdf36c79d205614ed51e","id":{"unicity":"31846"}},"terms":{"priceEach":"126.0000","pvEach":"94.0000"},"quantity":1}]}},{"currency":"USD","lines":{"items":[{"item":{"href":"https:\/\/hydraqa.unicity.net\/v5a-test\/items\/5bda067b70c43971650a6ef983f612e4","id":{"unicity":"31728"}},"terms":{"priceEach":"126.0000","pvEach":"94.0000"},"quantity":1}]}},{"currency":"USD","lines":{"items":[{"item":{"href":"https:\/\/hydraqa.unicity.net\/v5a-test\/items\/693a7c4a70b06a00471afe8d6cae5023","id":{"unicity":"31730"}},"terms":{"priceEach":"120.0000","pvEach":"80.0000"},"quantity":1}]}},{"currency":"USD","lines":{"items":[{"item":{"href":"https:\/\/hydraqa.unicity.net\/v5a-test\/items\/ccb242d74dcb1fe621cc7bfe1b1de315","id":{"unicity":"31731"}},"terms":{"priceEach":"89.0000","pvEach":"61.0000"},"quantity":1}]}},{"currency":"USD","lines":{"items":[{"item":{"href":"https:\/\/hydraqa.unicity.net\/v5a-test\/items\/764e2db430d361da99e8f6b70c4d0244","id":{"unicity":"29830"}},"terms":{"priceEach":"17.0000","pvEach":"7.0000"},"quantity":1}]}},{"currency":"USD","lines":{"items":[{"item":{"href":"https:\/\/hydraqa.unicity.net\/v5a-test\/items\/8b5ed9aa6c6132e1be5e446f69a3465e","id":{"unicity":"0954"}},"terms":{"priceEach":"21.0000","pvEach":"15.0000"},"quantity":1}]}},{"currency":"USD","lines":{"items":[{"item":{"href":"https:\/\/hydraqa.unicity.net\/v5a-test\/items\/b91affa753dd5ee8a9acef4fa7e2c9a7","id":{"unicity":"30414"}},"terms":{"priceEach":"94.0000","pvEach":"65.0000"},"quantity":1}]}},{"currency":"USD","lines":{"items":[{"item":{"href":"https:\/\/hydraqa.unicity.net\/v5a-test\/items\/9d9d002b0e21b9bd58ad0154a4f781c5","id":{"unicity":"28836"}},"terms":{"priceEach":"58.0000","pvEach":"36.0000"},"quantity":1}]}},{"currency":"USD","lines":{"items":[{"item":{"href":"https:\/\/hydraqa.unicity.net\/v5a-test\/items\/399be8efa903b362515c48315ab2afb9","id":{"unicity":"15712"}},"terms":{"priceEach":"15.0000","pvEach":"5.0000"},"quantity":1}]}},{"currency":"USD","lines":{"items":[{"item":{"href":"https:\/\/hydraqa.unicity.net\/v5a-test\/items\/390a7ae70d5669561ecdf7d5cff2671b","id":{"unicity":"15271"}},"terms":{"priceEach":"69.0000","pvEach":"27.0000"},"quantity":1}]}},{"currency":"USD","lines":{"items":[{"item":{"href":"https:\/\/hydraqa.unicity.net\/v5a-test\/items\/933f0856fd8ec1df83c5283dabf4ec3c","id":{"unicity":"6200"}},"terms":{"priceEach":"68.0000","pvEach":"47.0000"},"quantity":1}]}},{"currency":"USD","lines":{"items":[{"item":{"href":"https:\/\/hydraqa.unicity.net\/v5a-test\/items\/75faf5436630ed02a683726aa0e9056f","id":{"unicity":"22165"}},"terms":{"priceEach":"86.0000","pvEach":"65.0000"},"quantity":1}]}},{"currency":"USD","lines":{"items":[{"item":{"href":"https:\/\/hydraqa.unicity.net\/v5a-test\/items\/0cf62d38e91953b43dcfe88b06f813cb","id":{"unicity":"26557"}},"terms":{"priceEach":"79.0000","pvEach":"61.0000"},"quantity":1}]}},{"currency":"USD","lines":{"items":[{"item":{"href":"https:\/\/hydraqa.unicity.net\/v5a-test\/items\/3af97c67f653253825a9189a27da57d6","id":{"unicity":"26556"}},"terms":{"priceEach":"79.0000","pvEach":"61.0000"},"quantity":1}]}},{"currency":"USD","lines":{"items":[{"item":{"href":"https:\/\/hydraqa.unicity.net\/v5a-test\/items\/d489ec0d50f6e28d5743afc65439631b","id":{"unicity":"0960"}},"terms":{"priceEach":"37.0000","pvEach":"23.0000"},"quantity":1}]}},{"currency":"USD","lines":{"items":[{"item":{"href":"https:\/\/hydraqa.unicity.net\/v5a-test\/items\/66839181d7531692a8d886a9da6fb4d6","id":{"unicity":"25369"}},"terms":{"priceEach":"48.0000","pvEach":"25.0000"},"quantity":1}]}},{"currency":"USD","lines":{"items":[{"item":{"href":"https:\/\/hydraqa.unicity.net\/v5a-test\/items\/0eebdede5bdb8bf4d71e800b6f3cead1","id":{"unicity":"30825"}},"terms":{"priceEach":"49.0000","pvEach":"25.0000"},"quantity":1}]}},{"currency":"USD","lines":{"items":[{"item":{"href":"https:\/\/hydraqa.unicity.net\/v5a-test\/items\/5c2f1613082782e691d32fe9ce034026","id":{"unicity":"23728"}},"terms":{"priceEach":"26.0000","pvEach":"13.0000"},"quantity":1}]}},{"currency":"USD","lines":{"items":[{"item":{"href":"https:\/\/hydraqa.unicity.net\/v5a-test\/items\/9a6e1d094182389c3da8e0a320ff0e00","id":{"unicity":"27585"}},"terms":{"priceEach":"56.0000","pvEach":"33.0000"},"quantity":1}]}},{"currency":"USD","lines":{"items":[{"item":{"href":"https:\/\/hydraqa.unicity.net\/v5a-test\/items\/25eaf64b36ce31368f17ae789fd9ac5b","id":{"unicity":"29694"}},"terms":{"priceEach":"56.0000","pvEach":"33.0000"},"quantity":1}]}},{"currency":"USD","lines":{"items":[{"item":{"href":"https:\/\/hydraqa.unicity.net\/v5a-test\/items\/112b8c39286598b3730f630f371a45f4","id":{"unicity":"27587"}},"terms":{"priceEach":"58.0000","pvEach":"33.0000"},"quantity":1}]}},{"currency":"USD","lines":{"items":[{"item":{"href":"https:\/\/hydraqa.unicity.net\/v5a-test\/items\/16ca68abaaa92505c257be022a154769","id":{"unicity":"27615"}},"terms":{"priceEach":"29.0000","pvEach":"21.0000"},"quantity":1}]}},{"currency":"USD","lines":{"items":[{"item":{"href":"https:\/\/hydraqa.unicity.net\/v5a-test\/items\/362999101a321b721c87110710ae77b0","id":{"unicity":"29352"}},"terms":{"priceEach":"119.0000","pvEach":"80.0000"},"quantity":1}]}},{"currency":"USD","lines":{"items":[{"item":{"href":"https:\/\/hydraqa.unicity.net\/v5a-test\/items\/2f028442193b3166b6c4f9590bd352b4","id":{"unicity":"32366"}},"terms":{"priceEach":"94.0000","pvEach":"68.0000"},"quantity":1}]}},{"currency":"USD","lines":{"items":[{"item":{"href":"https:\/\/hydraqa.unicity.net\/v5a-test\/items\/18f4c25c966306833f623287c875d6ba","id":{"unicity":"32369"}},"terms":{"priceEach":"151.0000","pvEach":"93.0000"},"quantity":1}]}},{"currency":"USD","lines":{"items":[{"item":{"href":"https:\/\/hydraqa.unicity.net\/v5a-test\/items\/779b47d856ea7e246c9e5aabc6eca794","id":{"unicity":"32370"}},"terms":{"priceEach":"136.0000","pvEach":"95.0000"},"quantity":1}]}},{"currency":"USD","lines":{"items":[{"item":{"href":"https:\/\/hydraqa.unicity.net\/v5a-test\/items\/05ca08f3808f126c0cc42154c50fc75c","id":{"unicity":"29440"}},"terms":{"priceEach":"120.0000","pvEach":"90.0000"},"quantity":1}]}},{"currency":"USD","lines":{"items":[{"item":{"href":"https:\/\/hydraqa.unicity.net\/v5a-test\/items\/cea826eab72d44641c070aab6c97c1ac","id":{"unicity":"22747"}},"terms":{"priceEach":"27.0000","pvEach":"16.0000"},"quantity":1}]}},{"currency":"USD","lines":{"items":[{"item":{"href":"https:\/\/hydraqa.unicity.net\/v5a-test\/items\/1945faa1776541d53120ecfe3c1d8a2b","id":{"unicity":"24418"}},"terms":{"priceEach":"5.0000","pvEach":"0.0000"},"quantity":1}]}},{"currency":"USD","lines":{"items":[{"item":{"href":"https:\/\/hydraqa.unicity.net\/v5a-test\/items\/e0a19d3d676bccfdba0ab3d9f2766359","id":{"unicity":"30350"}},"terms":{"priceEach":"50.0000","pvEach":"30.0000"},"quantity":1}]}},{"currency":"USD","lines":{"items":[{"item":{"href":"https:\/\/hydraqa.unicity.net\/v5a-test\/items\/b2fc4b9ba4aa5cae54389161be2f841f","id":{"unicity":"18401"}},"terms":{"priceEach":"31.0000","pvEach":"19.0000"},"quantity":1}]}},{"currency":"USD","lines":{"items":[{"item":{"href":"https:\/\/hydraqa.unicity.net\/v5a-test\/items\/1b0412bea8c0b841c66f65a36aa14108","id":{"unicity":"29191"}},"terms":{"priceEach":"64.0000","pvEach":"36.0000"},"quantity":1}]}},{"currency":"USD","lines":{"items":[{"item":{"href":"https:\/\/hydraqa.unicity.net\/v5a-test\/items\/1bd53de7fe880ba71f46c9976ca2c137","id":{"unicity":"27739"}},"terms":{"priceEach":"33.0000","pvEach":"13.0000"},"quantity":1}]}},{"currency":"USD","lines":{"items":[{"item":{"href":"https:\/\/hydraqa.unicity.net\/v5a-test\/items\/035189015384166df518a68ede0299a9","id":{"unicity":"30408"}},"terms":{"priceEach":"84.0000","pvEach":"50.0000"},"quantity":1}]}},{"currency":"USD","lines":{"items":[{"item":{"href":"https:\/\/hydraqa.unicity.net\/v5a-test\/items\/bed533c634e887357ff031d8e4c776b0","id":{"unicity":"31751"}},"terms":{"priceEach":"99.0000","pvEach":"50.0000"},"quantity":1}]}},{"currency":"USD","lines":{"items":[{"item":{"href":"https:\/\/hydraqa.unicity.net\/v5a-test\/items\/e5029d0db50d6ea324b5e25f54d82636","id":{"unicity":"31651"}},"terms":{"priceEach":"29.0000","pvEach":"14.0000"},"quantity":1}]}},{"currency":"USD","lines":{"items":[{"item":{"href":"https:\/\/hydraqa.unicity.net\/v5a-test\/items\/c201dcd36f4bb7e17e7a8481ef08d6f2","id":{"unicity":"31518"}},"terms":{"priceEach":"29.0000","pvEach":"14.0000"},"quantity":1}]}},{"currency":"USD","lines":{"items":[{"item":{"href":"https:\/\/hydraqa.unicity.net\/v5a-test\/items\/f5a91f19576078a69f82c9f58805f479","id":{"unicity":"31655"}},"terms":{"priceEach":"29.0000","pvEach":"14.0000"},"quantity":1}]}},{"currency":"USD","lines":{"items":[{"item":{"href":"https:\/\/hydraqa.unicity.net\/v5a-test\/items\/0a3ede185ddf034630afd891c5106d33","id":{"unicity":"26562"}},"terms":{"priceEach":"33.0000","pvEach":"25.0000"},"quantity":1}]}},{"currency":"USD","lines":{"items":[{"item":{"href":"https:\/\/hydraqa.unicity.net\/v5a-test\/items\/1d977fb1e1c0aa5d0b71ee2cf01e7b4d","id":{"unicity":"32016"}},"terms":{"priceEach":"206.0000","pvEach":"130.0000"},"quantity":1}]}},{"currency":"USD","lines":{"items":[{"item":{"href":"https:\/\/hydraqa.unicity.net\/v5a-test\/items\/1524974f80be01c93083e794816394ab","id":{"unicity":"32017"}},"terms":{"priceEach":"206.0000","pvEach":"130.0000"},"quantity":1}]}},{"currency":"USD","lines":{"items":[{"item":{"href":"https:\/\/hydraqa.unicity.net\/v5a-test\/items\/4b2034f47fce90b87bba28c5c2d7c25d","id":{"unicity":"15880"}},"terms":{"priceEach":"59.0000","pvEach":"41.0000"},"quantity":1}]}},{"currency":"USD","lines":{"items":[{"item":{"href":"https:\/\/hydraqa.unicity.net\/v5a-test\/items\/3d89c4f7e508dfba4018dc9c732084de","id":{"unicity":"29181"}},"terms":{"priceEach":"24.0000","pvEach":"12.0000"},"quantity":1}]}},{"currency":"USD","lines":{"items":[{"item":{"href":"https:\/\/hydraqa.unicity.net\/v5a-test\/items\/9ce45d695c87f93b29794041362b5192","id":{"unicity":"26945"}},"terms":{"priceEach":"35.0000","pvEach":"0.0000"},"quantity":1}]}},{"currency":"USD","lines":{"items":[{"item":{"href":"https:\/\/hydraqa.unicity.net\/v5a-test\/items\/aa0d72ac13b1ce88cf8c4a52ede75a37","id":{"unicity":"26552"}},"terms":{"priceEach":"70.0000","pvEach":"50.0000"},"quantity":1}]}},{"currency":"USD","lines":{"items":[{"item":{"href":"https:\/\/hydraqa.unicity.net\/v5a-test\/items\/5c6f1a39257b63482d454789e4d2035c","id":{"unicity":"26553"}},"terms":{"priceEach":"80.0000","pvEach":"50.0000"},"quantity":1}]}},{"currency":"USD","lines":{"items":[{"item":{"href":"https:\/\/hydraqa.unicity.net\/v5a-test\/items\/8d994059c399f5551ab112574e4476fc","id":{"unicity":"24785"}},"terms":{"priceEach":"14.0000","pvEach":"9.0000"},"quantity":1}]}},{"currency":"USD","lines":{"items":[{"item":{"href":"https:\/\/hydraqa.unicity.net\/v5a-test\/items\/8ed7a8910d5c5335774fa9cfae0e511d","id":{"unicity":"18386"}},"terms":{"priceEach":"27.0000","pvEach":"21.0000"},"quantity":1}]}},{"currency":"USD","lines":{"items":[{"item":{"href":"https:\/\/hydraqa.unicity.net\/v5a-test\/items\/398d06b858b960f6f38086d40608aef2","id":{"unicity":"26560"}},"terms":{"priceEach":"16.0000","pvEach":"12.0000"},"quantity":1}]}},{"currency":"USD","lines":{"items":[{"item":{"href":"https:\/\/hydraqa.unicity.net\/v5a-test\/items\/55d3b550a17b78175cc5ac565e4266e8","id":{"unicity":"24621"}},"terms":{"priceEach":"20.0000","pvEach":"12.0000"},"quantity":1}]}},{"currency":"USD","lines":{"items":[{"item":{"href":"https:\/\/hydraqa.unicity.net\/v5a-test\/items\/bb5c627f16547cb4f706cef521bca356","id":{"unicity":"29437"}},"terms":{"priceEach":"62.0000","pvEach":"36.0000"},"quantity":1}]}},{"currency":"USD","lines":{"items":[{"item":{"href":"https:\/\/hydraqa.unicity.net\/v5a-test\/items\/0e78fbdfebef11cd62f8d2120064ee58","id":{"unicity":"30280"}},"terms":{"priceEach":"42.0000","pvEach":"24.0000"},"quantity":1}]}},{"currency":"USD","lines":{"items":[{"item":{"href":"https:\/\/hydraqa.unicity.net\/v5a-test\/items\/2835b1a78e379486f0ffbfd5fb9f6b0a","id":{"unicity":"30400"}},"terms":{"priceEach":"38.0000","pvEach":"28.0000"},"quantity":1}]}},{"currency":"USD","lines":{"items":[{"item":{"href":"https:\/\/hydraqa.unicity.net\/v5a-test\/items\/84bf86533ae28dc84370f3699cc13a1d","id":{"unicity":"17744"}},"terms":{"priceEach":"97.0000","pvEach":"62.0000"},"quantity":1}]}},{"currency":"USD","lines":{"items":[{"item":{"href":"https:\/\/hydraqa.unicity.net\/v5a-test\/items\/48433ffc76597c823adc2b8627e033e4","id":{"unicity":"26559"}},"terms":{"priceEach":"30.0000","pvEach":"20.0000"},"quantity":1}]}},{"currency":"USD","lines":{"items":[{"item":{"href":"https:\/\/hydraqa.unicity.net\/v5a-test\/items\/5a38f009bec6c23b1b3a70432f9722e5","id":{"unicity":"19596"}},"terms":{"priceEach":"49.0000","pvEach":"30.0000"},"quantity":1}]}},{"currency":"USD","lines":{"items":[{"item":{"href":"https:\/\/hydraqa.unicity.net\/v5a-test\/items\/38da42f991a40a00153b2e5055b82dbf","id":{"unicity":"27801"}},"terms":{"priceEach":"195.0000","pvEach":"130.0000"},"quantity":1}]}},{"currency":"USD","lines":{"items":[{"item":{"href":"https:\/\/hydraqa.unicity.net\/v5a-test\/items\/051e765a5a71835a859c2757edd359f0","id":{"unicity":"26580"}},"terms":{"priceEach":"195.0000","pvEach":"130.0000"},"quantity":1}]}},{"currency":"USD","lines":{"items":[{"item":{"href":"https:\/\/hydraqa.unicity.net\/v5a-test\/items\/8c21f026bb6a32624e0c80475bf8efb0","id":{"unicity":"25880"}},"terms":{"priceEach":"33.0000","pvEach":"23.0000"},"quantity":1}]}},{"currency":"USD","lines":{"items":[{"item":{"href":"https:\/\/hydraqa.unicity.net\/v5a-test\/items\/e218d1cac5f31e7ae4f5876c29c57377","id":{"unicity":"29017"}},"terms":{"priceEach":"38.0000","pvEach":"26.0000"},"quantity":1}]}},{"currency":"USD","lines":{"items":[{"item":{"href":"https:\/\/hydraqa.unicity.net\/v5a-test\/items\/24ff5bda40c0d0e7eaa511866d052915","id":{"unicity":"29612"}},"terms":{"priceEach":"49.0000","pvEach":"30.0000"},"quantity":1}]}},{"currency":"USD","lines":{"items":[{"item":{"href":"https:\/\/hydraqa.unicity.net\/v5a-test\/items\/2c4c1abe00983e85aaa918d2ce341491","id":{"unicity":"17174"}},"terms":{"priceEach":"17.0000","pvEach":"10.0000"},"quantity":1}]}},{"currency":"USD","lines":{"items":[{"item":{"href":"https:\/\/hydraqa.unicity.net\/v5a-test\/items\/3f2d12d7a0e8551fc99fad3bbe1ba633","id":{"unicity":"26567"}},"terms":{"priceEach":"56.0000","pvEach":"35.0000"},"quantity":1}]}},{"currency":"USD","lines":{"items":[{"item":{"href":"https:\/\/hydraqa.unicity.net\/v5a-test\/items\/191637167cb3144bd2e8c4615e9ab67e","id":{"unicity":"26568"}},"terms":{"priceEach":"56.0000","pvEach":"35.0000"},"quantity":1}]}},{"currency":"USD","lines":{"items":[{"item":{"href":"https:\/\/hydraqa.unicity.net\/v5a-test\/items\/2cefc6a61faaae3455a5adcb0d8fc74f","id":{"unicity":"15907"}},"terms":{"priceEach":"15.0000","pvEach":"5.0000"},"quantity":1}]}},{"currency":"USD","lines":{"items":[{"item":{"href":"https:\/\/hydraqa.unicity.net\/v5a-test\/items\/e870d73cd94149d9f6b55de9736c9daa","id":{"unicity":"3107"}},"terms":{"priceEach":"24.0000","pvEach":"16.0000"},"quantity":1}]}},{"currency":"USD","lines":{"items":[{"item":{"href":"https:\/\/hydraqa.unicity.net\/v5a-test\/items\/b127a2d34d3d73e2f53e4c2002a7a4a2","id":{"unicity":"25008"}},"terms":{"priceEach":"19.0000","pvEach":"15.0000"},"quantity":1}]}},{"currency":"USD","lines":{"items":[{"item":{"href":"https:\/\/hydraqa.unicity.net\/v5a-test\/items\/dcdf1b79b8b6f644100ffc20fdca4683","id":{"unicity":"27835"}},"terms":{"priceEach":"1455.0000","pvEach":"1000.0000"},"quantity":1}]}},{"currency":"USD","lines":{"items":[{"item":{"href":"https:\/\/hydraqa.unicity.net\/v5a-test\/items\/efe7d99f2b77ea614d624d371afa4244","id":{"unicity":"25543"}},"terms":{"priceEach":"1455.0000","pvEach":"1000.0000"},"quantity":1}]}},{"currency":"USD","lines":{"items":[{"item":{"href":"https:\/\/hydraqa.unicity.net\/v5a-test\/items\/2da06ecf761a87f5619997496b83b745","id":{"unicity":"27831"}},"terms":{"priceEach":"1455.0000","pvEach":"1000.0000"},"quantity":1}]}},{"currency":"USD","lines":{"items":[{"item":{"href":"https:\/\/hydraqa.unicity.net\/v5a-test\/items\/1ab3a5a9b55fdf3618d21bf1d528afe4","id":{"unicity":"25542"}},"terms":{"priceEach":"1455.0000","pvEach":"1000.0000"},"quantity":1}]}},{"currency":"USD","lines":{"items":[{"item":{"href":"https:\/\/hydraqa.unicity.net\/v5a-test\/items\/52f0d3751a2d8f3f3670328e8157de5e","id":{"unicity":"27833"}},"terms":{"priceEach":"1455.0000","pvEach":"1000.0000"},"quantity":1}]}},{"currency":"USD","lines":{"items":[{"item":{"href":"https:\/\/hydraqa.unicity.net\/v5a-test\/items\/1535f370eb06bf30117fa28aa9ab1179","id":{"unicity":"25544"}},"terms":{"priceEach":"1455.0000","pvEach":"1000.0000"},"quantity":1}]}},{"currency":"USD","lines":{"items":[{"item":{"href":"https:\/\/hydraqa.unicity.net\/v5a-test\/items\/87f09080f7a29929816891acef721667","id":{"unicity":"25545"}},"terms":{"priceEach":"1455.0000","pvEach":"1000.0000"},"quantity":1}]}},{"currency":"USD","lines":{"items":[{"item":{"href":"https:\/\/hydraqa.unicity.net\/v5a-test\/items\/991cdbb84a495779eb209fb3956a77e4","id":{"unicity":"29183"}},"terms":{"priceEach":"42.0000","pvEach":"24.0000"},"quantity":1}]}},{"currency":"USD","lines":{"items":[{"item":{"href":"https:\/\/hydraqa.unicity.net\/v5a-test\/items\/cda534d686af5d627c94c4bb2c4b57d8","id":{"unicity":"26561"}},"terms":{"priceEach":"16.0000","pvEach":"11.0000"},"quantity":1}]}},{"currency":"USD","lines":{"items":[{"item":{"href":"https:\/\/hydraqa.unicity.net\/v5a-test\/items\/10da226fab00279b4f89df10af2a10b7","id":{"unicity":"26442"}},"terms":{"priceEach":"6.0000","pvEach":"0.0000"},"quantity":1}]}},{"currency":"USD","lines":{"items":[{"item":{"href":"https:\/\/hydraqa.unicity.net\/v5a-test\/items\/2de8516a24af8232add0bb392e750a71","id":{"unicity":"31859"}},"terms":{"priceEach":"179.0000","pvEach":"130.0000"},"quantity":1}]}},{"currency":"USD","lines":{"items":[{"item":{"href":"https:\/\/hydraqa.unicity.net\/v5a-test\/items\/cf8460040a1860bcabf250b6c1171675","id":{"unicity":"31858"}},"terms":{"priceEach":"269.0000","pvEach":"195.0000"},"quantity":1}]}},{"currency":"USD","lines":{"items":[{"item":{"href":"https:\/\/hydraqa.unicity.net\/v5a-test\/items\/4ab49eca1731e69206ccafb5112ad5a4","id":{"unicity":"31861"}},"terms":{"priceEach":"196.0000","pvEach":"135.0000"},"quantity":1}]}},{"currency":"USD","lines":{"items":[{"item":{"href":"https:\/\/hydraqa.unicity.net\/v5a-test\/items\/d4c8fce238d6fc34d17a4b36d1e4e59a","id":{"unicity":"31860"}},"terms":{"priceEach":"196.0000","pvEach":"135.0000"},"quantity":1}]}},{"currency":"USD","lines":{"items":[{"item":{"href":"https:\/\/hydraqa.unicity.net\/v5a-test\/items\/fd464cd7972cc1317e850b9196d886b8","id":{"unicity":"31863"}},"terms":{"priceEach":"210.0000","pvEach":"148.0000"},"quantity":1}]}},{"currency":"USD","lines":{"items":[{"item":{"href":"https:\/\/hydraqa.unicity.net\/v5a-test\/items\/e47fd287212acedd1cffb2b67bf623bd","id":{"unicity":"31862"}},"terms":{"priceEach":"210.0000","pvEach":"148.0000"},"quantity":1}]}},{"currency":"USD","lines":{"items":[{"item":{"href":"https:\/\/hydraqa.unicity.net\/v5a-test\/items\/024e696f8b44a1d315006e676604cd31","id":{"unicity":"27395"}},"terms":{"priceEach":"25.0000","pvEach":"16.0000"},"quantity":1}]}},{"currency":"USD","lines":{"items":[{"item":{"href":"https:\/\/hydraqa.unicity.net\/v5a-test\/items\/3ddd31ddbe0e5807756d2488e7cc3602","id":{"unicity":"31440"}},"terms":{"priceEach":"40.0000","pvEach":"0.0000"},"quantity":1}]}},{"currency":"USD","lines":{"items":[{"item":{"href":"https:\/\/hydraqa.unicity.net\/v5a-test\/items\/90d5ee3af77bdc64ecf28a45b604bf3d","id":{"unicity":"31441"}},"terms":{"priceEach":"40.0000","pvEach":"0.0000"},"quantity":1}]}},{"currency":"USD","lines":{"items":[{"item":{"href":"https:\/\/hydraqa.unicity.net\/v5a-test\/items\/91a6016282310b83203d0bb7bea14a0f","id":{"unicity":"29050"}},"terms":{"priceEach":"12.9500","pvEach":"0.0000"},"quantity":1}]}},{"currency":"USD","lines":{"items":[{"item":{"href":"https:\/\/hydraqa.unicity.net\/v5a-test\/items\/7fc100f8d20814757efe2d79e41b315c","id":{"unicity":"32021"}},"terms":{"priceEach":"89.0000","pvEach":"60.0000"},"quantity":1}]}},{"currency":"USD","lines":{"items":[{"item":{"href":"https:\/\/hydraqa.unicity.net\/v5a-test\/items\/634f7efb30392b2a919de1355902d975","id":{"unicity":"29408"}},"terms":{"priceEach":"80.0000","pvEach":"52.0000"},"quantity":1}]}},{"currency":"USD","lines":{"items":[{"item":{"href":"https:\/\/hydraqa.unicity.net\/v5a-test\/items\/fa2407c91e64e66a72ab45172eb978df","id":{"unicity":"0988"}},"terms":{"priceEach":"36.0000","pvEach":"23.0000"},"quantity":1}]}},{"currency":"USD","lines":{"items":[{"item":{"href":"https:\/\/hydraqa.unicity.net\/v5a-test\/items\/64ec7ad932acafab052a4e8800ad1238","id":{"unicity":"24758"}},"terms":{"priceEach":"31.0000","pvEach":"21.0000"},"quantity":1}]}},{"currency":"USD","lines":{"items":[{"item":{"href":"https:\/\/hydraqa.unicity.net\/v5a-test\/items\/c61892f0a7b7e88054169a31d65d95e0","id":{"unicity":"18373"}},"terms":{"priceEach":"17.0000","pvEach":"10.0000"},"quantity":1}]}},{"currency":"USD","lines":{"items":[{"item":{"href":"https:\/\/hydraqa.unicity.net\/v5a-test\/items\/40a1044968ea62276f4ba87fd2ef0d8f","id":{"unicity":"12230"}},"terms":{"priceEach":"45.0000","pvEach":"18.0000"},"quantity":1}]}},{"currency":"USD","lines":{"items":[{"item":{"href":"https:\/\/hydraqa.unicity.net\/v5a-test\/items\/9ff4257741d464b686d15be955b8afb6","id":{"unicity":"0963"}},"terms":{"priceEach":"42.0000","pvEach":"25.0000"},"quantity":1}]}},{"currency":"USD","lines":{"items":[{"item":{"href":"https:\/\/hydraqa.unicity.net\/v5a-test\/items\/ddef5f478ff91aa2263b646a3bd03dea","id":{"unicity":"21420"}},"terms":{"priceEach":"24.0000","pvEach":"10.0000"},"quantity":1}]}}]}
Entry request : {"order":{"customer":{"href":"https://hydraqa.unicity.net/v5a-test/customers?type=Associate"},"shipToAddress":{"country":"US"}},"vary":{"lines":{"items":[{"item":{"href":"https://hydraqa.unicity.net/v5a-test/items?id.unicity=26580|31440|31441|31651|31655|31518|31751|27801|31858|31859|31862|32030|29684|32016|32017|31727|31729|31730|31731|0963|15129|15271|15880|17174|22745|22747|23728|24758|25022|26550|26556|26557|26560|26561|26562|27615|27739|24418|22888|27585|17744|25008|26442|26551|6200|15916|18908|24785|29050|26552|26553|27028|0954|18401|27029|26559|19596|25542|25544|27835|25543|25545|26945|25535|21420|24621|27831|27833|27837|28836|15712|22165|0960|25369|30825|18386|26567|26568|15907|28513|3107|0988|18373|12230|26950|26786|27587|29017|25880|29694|29408|29437|29181|29183|29191|29352|29612|30350|27395|29440|29830|30408|30414|30400|30280|31314|31728|31842|31846|31845|31847|31863|31860|31861|31958|32021|32364|32365|32366|32367|32368|32369|32370|32371|32372|31106|26555"}}]}}}
Request URL: https://hydraqa.unicity.net/v5a-test/customers.js?_httpMethod=HEAD&callback=angular.callbacks._1&email=KXPBTZ@gmail.com
Request URL: https://hydraqa.unicity.net/v5a-test/addresses?country=US&zip=84097
Entry response : {"items":[{"city":"Orem","state":"UT"}]}
No Pop UP
{sponsor=2, gender=male, city=OREM, signature=TestSignature, cartprice=638.0, enroller=2, sponsorName=SponsorTest, responsedob=2000-04-03, arpack=Prime Health Pack - Cholesterol, Energy, Vanilla, language=Español, locale=es, type=Associate, coapplicanttype=Spouse, platform=QA, lname=TestLastName, password=Unicity, genderoption=Masculino, Currency=USD, api=1, state=[UT], enrollerName=EnrollerTest, email=KXPBTZ@gmail.com, coapplicant=TestSpouseName, zip=84097, fname=TestFirstName, prefferd=United States, address1=1209 N 800 E, shippingmethod=type=2Days, version=v5a-test/, testcase=normal, market=United States, aritemcode=26580, martial=Single, phone=9823746323, dob=04/03/2000, govid=623147471, proto=https://hydraqa.unicity.net/, marketcode=US, maritaloption=Soltero, ccname=CCNameTest}
Request URL: https://hydraqa.unicity.net/v5a-test/orders.js
Entry request : {"customer":{"mainAddress":{"city":"OREM","country":"US","state":"UT","zip":"84097","address1":"1209 N 800 E","address2":""},"humanName":{"firstName":"TestFirstName","lastName":"TestLastName"},"email":"KXPBTZ@gmail.com","preferredLocale":"es-US","password":{"value":"Unicity"},"gender":"male","maritalStatus":"Single","type":"Associate","enroller":{"href":"https://hydraqa.unicity.net/v5a-test/customers?id.unicity=2"},"sponsor":{"href":"https://hydraqa.unicity.net/v5a-test/customers?id.unicity=2"},"creditcardaliases":[{"methodDetails":{"creditCardNumber":"4111111111111111","payer":"TestFirstName TestLastName","creditCardExpires":"2020-10"},"billToName":{"firstName":"TestFirstName","lastName":"TestLastName"},"billToAddress":{"address1":"1209 N 800 E","address2":"","city":"OREM","state":"UT","zip":"84097","country":"US"}}],"homePhone":"9823746323","birthDate":"2000-04-03","autoorders":{"items":[{"recurrence":{"schedule":{"month":"*","dayOfMonth":"5"},"status":"Enabled"},"lines":{"items":[{"item":{"href":"https://hydraqa.unicity.net/v5a-test/items?id.unicity=26580"},"quantity":1}]},"shipToName":{"firstName":"TestFirstName","lastName":"TestLastName"},"shipToPhone":"9823746323","shipToEmail":"KXPBTZ@gmail.com","shipToAddress":{"city":"OREM","country":"US","state":"UT","address1":"1209 N 800 E","address2":"","zip":"84097"},"shippingMethod":{"href":"https://hydraqa.unicity.net/v5a-test/shippingmethods?type=2Days"},"transactions":{"items":[{"amount":"this.terms.total","type":"AuthorizeAndCapture","method":"CreditCardAlias","methodDetails":{"alias":"this.customer.creditcardaliases[0].alias"}}]}}]},"coapplicant":{"type":"Spouse","details":{"humanName":{"firstName":"TestSpouseName","lastName":""}}},"rights":[],"signature":{"value":"TestSignature"},"taxTerms":{"taxId":"623147471","taxIdExpires":"2025-12-30"}},"lines":{"items":[{"item":{"href":"https://hydraqa.unicity.net/v5a-test/items?id.unicity=31441"},"quantity":1},{"item":{"href":"https://hydraqa.unicity.net/v5a-test/items?id.unicity=31518"},"quantity":1},{"item":{"href":"https://hydraqa.unicity.net/v5a-test/items?id.unicity=31651"},"quantity":1},{"item":{"href":"https://hydraqa.unicity.net/v5a-test/items?id.unicity=31655"},"quantity":1},{"item":{"href":"https://hydraqa.unicity.net/v5a-test/items?id.unicity=31751"},"quantity":1},{"item":{"href":"https://hydraqa.unicity.net/v5a-test/items?id.unicity=31858"},"quantity":1},{"item":{"href":"https://hydraqa.unicity.net/v5a-test/items?id.unicity=32030"},"quantity":1}]},"shipToName":{"firstName":"TestFirstName","lastName":"TestLastName"},"shipToPhone":"9823746323","shipToEmail":"KXPBTZ@gmail.com","shipToAddress":{"city":"OREM","country":"US","state":"UT","address1":"1209 N 800 E","address2":"","zip":"84097"},"shippingMethod":{"href":"https://hydraqa.unicity.net/v5a-test/shippingmethods?type=2Days"},"notes":"","transactions":{"items":[{"amount":"this.terms.total","type":"AuthorizeAndCapture","method":"CreditCard","methodDetails":{"creditCardNumber":"4111111111111111","payer":"CCNameTest","creditCardExpires":"2020-10","creditCardSecurityCode":"123"},"billToAddress":{"address1":"1209 N 800 E","address2":"","city":"OREM","state":"UT","zip":"84097","country":"US"}},{"type":"AuthorizeAndCapture","method":"Coupon","methodDetails":{"code":"Fre3Aut0Sh!p"}}]}}
Entry response : {"meta":{"Link":"<http:\/\/unicity.github.io\/Hydra.php\/docs\/v5\/>; rel=\"help\"","X-Request-UUID":"918dd3e6-d65c-4a9a-ba0a-78c04df8e1c9","X-Request-Release":"5-2020012701\/master","Cache-Control":"no-cache, must-revalidate","Expires":"0","X-Powered-By":"Luracast Restler v3.0.0rc5","Content-Type":"text\/javascript; charset=utf-8","Content-Language":"en","X-Status-Code":"449"},"data":{"error":{"code":449,"message":"Retry With","error_code":"3449","error_message":"Order can't be immediately processed. Please retry. Error#Q4C7A","retry_in_seconds":60}}}
Headers-->keep-alive
Headers-->3292
Headers-->application/json, text/plain, */*
Headers-->http://enroll.ng.unicityqa.com
Headers-->es-US
]]></system-out>
    <system-err><![CDATA[Starting ChromeDriver 2.36.540470 (e522d04694c7ebea4ba8821272dbef4f9b818c91) on port 9171
Only local connections are allowed.
Jan 27, 2020 7:45:55 PM org.openqa.selenium.remote.ProtocolHandshake createSession
INFO: Detected dialect: OSS
]]></system-err>
  </testcase>
  <testcase name="Enroll" classname="Tests.FranchisePartner" time="192.008"/>
  <testcase name="Enroll" classname="Tests.FranchisePartner" time="183.133">
    <failure message="Major Market expected [UA] but found [null]" type="java.lang.AssertionError">java.lang.AssertionError: Major Market expected [UA] but found [null]
	at Tests.FranchisePartner.Enroll(FranchisePartner.java:265)
</failure>
    <system-out><![CDATA[Request URL: https://hydraqa.unicity.net/v5a-test/quotes?&expand=item
Entry Quotes response : {"items":[{"lines":{"items":[{"item":{"href":"https:\/\/hydraqa.unicity.net\/v5a-test\/items\/4783bc4f67fc0973db246432c9a1806e","id":{"unicity":"26335"}},"quantity":"1","terms":{"priceEach":"154.8","taxEach":{"amount":"0"},"discountEach":{"amount":"0"},"pvEach":"100"}}]},"currency":"USD"},{"lines":{"items":[{"item":{"href":"https:\/\/hydraqa.unicity.net\/v5a-test\/items\/907836184d54d70ecd2a376eb6599651","id":{"unicity":"26820"}},"quantity":"1","terms":{"priceEach":"154.8","taxEach":{"amount":"0"},"discountEach":{"amount":"0"},"pvEach":"100"}}]},"currency":"USD"},{"lines":{"items":[{"item":{"href":"https:\/\/hydraqa.unicity.net\/v5a-test\/items\/63084c75bacb4ed1286d9375b47d8202","id":{"unicity":"27318"}},"quantity":"1","terms":{"priceEach":"154.8","taxEach":{"amount":"0"},"discountEach":{"amount":"0"},"pvEach":"100"}}]},"currency":"USD"},{"lines":{"items":[{"item":{"href":"https:\/\/hydraqa.unicity.net\/v5a-test\/items\/7dddf3a21ab7135d0a17906d8ca94351","id":{"unicity":"26416"}},"quantity":"1","terms":{"priceEach":"384.6","taxEach":{"amount":"0"},"discountEach":{"amount":"0"},"pvEach":"250"}}]},"currency":"USD"},{"lines":{"items":[{"item":{"href":"https:\/\/hydraqa.unicity.net\/v5a-test\/items\/8f4e682a90d84b101ce71633232cdcd5","id":{"unicity":"26738"}},"quantity":"1","terms":{"priceEach":"769.2","taxEach":{"amount":"0"},"discountEach":{"amount":"0"},"pvEach":"500"}}]},"currency":"USD"},{"lines":{"items":[{"item":{"href":"https:\/\/hydraqa.unicity.net\/v5a-test\/items\/88b2b19d9c94d9e5ebb0b8e49bd128bd","id":{"unicity":"28523"}},"quantity":"1","terms":{"priceEach":"769.2","taxEach":{"amount":"0"},"discountEach":{"amount":"0"},"pvEach":"500"}}]},"currency":"USD"},{"lines":{"items":[{"item":{"href":"https:\/\/hydraqa.unicity.net\/v5a-test\/items\/cb203269523dec0225d83276d40b53a6","id":{"unicity":"28524"}},"quantity":"1","terms":{"priceEach":"1538.4","taxEach":{"amount":"0"},"discountEach":{"amount":"0"},"pvEach":"1000"}}]},"currency":"USD"},{"lines":{"items":[{"item":{"href":"https:\/\/hydraqa.unicity.net\/v5a-test\/items\/1a2c3b4500d826d2ffdd3b684b179511","id":{"unicity":"27700"}},"quantity":"1","terms":{"priceEach":"177.89","taxEach":{"amount":"0"},"discountEach":{"amount":"0"},"pvEach":"100"}}]},"currency":"USD"},{"lines":{"items":[{"item":{"href":"https:\/\/hydraqa.unicity.net\/v5a-test\/items\/6447f84f6ef7782049a369b983428bb7","id":{"unicity":"31336"}},"quantity":"1","terms":{"priceEach":"351.22","taxEach":{"amount":"0"},"discountEach":{"amount":"0"},"pvEach":"255"}}]},"currency":"USD"},{"lines":{"items":[{"item":{"href":"https:\/\/hydraqa.unicity.net\/v5a-test\/items\/e9991b48ac639367d526d2b9b22fac8c","id":{"unicity":"32128"}},"quantity":"1","terms":{"priceEach":"472.22","taxEach":{"amount":"0"},"discountEach":{"amount":"0"},"pvEach":"321"}}]},"currency":"USD"},{"lines":{"items":[{"item":{"href":"https:\/\/hydraqa.unicity.net\/v5a-test\/items\/40b3312de189221d96d838d33a8ec49d","id":{"unicity":"32129"}},"quantity":"1","terms":{"priceEach":"472.22","taxEach":{"amount":"0"},"discountEach":{"amount":"0"},"pvEach":"326"}}]},"currency":"USD"},{"lines":{"items":[{"item":{"href":"https:\/\/hydraqa.unicity.net\/v5a-test\/items\/6bd168a66ce41003a8f30917deff5808","id":{"unicity":"32130"}},"quantity":"1","terms":{"priceEach":"447.82","taxEach":{"amount":"0"},"discountEach":{"amount":"0"},"pvEach":"304"}}]},"currency":"USD"},{"lines":{"items":[{"item":{"href":"https:\/\/hydraqa.unicity.net\/v5a-test\/items\/806f99b793edd7cd0b1c158ba0eb3142","id":{"unicity":"32132"}},"quantity":"1","terms":{"priceEach":"451.72","taxEach":{"amount":"0"},"discountEach":{"amount":"0"},"pvEach":"325"}}]},"currency":"USD"},{"lines":{"items":[{"item":{"href":"https:\/\/hydraqa.unicity.net\/v5a-test\/items\/e3d382d99fde8659cb146b54116e7654","id":{"unicity":"32133"}},"quantity":"1","terms":{"priceEach":"467.34","taxEach":{"amount":"0"},"discountEach":{"amount":"0"},"pvEach":"330"}}]},"currency":"USD"},{"lines":{"items":[{"item":{"href":"https:\/\/hydraqa.unicity.net\/v5a-test\/items\/022f109fe6e5eae3e521295a5cb94c60","id":{"unicity":"32134"}},"quantity":"1","terms":{"priceEach":"177.57","taxEach":{"amount":"0"},"discountEach":{"amount":"0"},"pvEach":"121"}}]},"currency":"USD"},{"lines":{"items":[{"item":{"href":"https:\/\/hydraqa.unicity.net\/v5a-test\/items\/ded00960d5e948dd8e511a9c752e1ff9","id":{"unicity":"32135"}},"quantity":"1","terms":{"priceEach":"200","taxEach":{"amount":"0"},"discountEach":{"amount":"0"},"pvEach":"153"}}]},"currency":"USD"},{"lines":{"items":[{"item":{"href":"https:\/\/hydraqa.unicity.net\/v5a-test\/items\/d8736cc35cf9f4734fd76da71c53dc05","id":{"unicity":"32136"}},"quantity":"1","terms":{"priceEach":"178.55","taxEach":{"amount":"0"},"discountEach":{"amount":"0"},"pvEach":"129"}}]},"currency":"USD"},{"lines":{"items":[{"item":{"href":"https:\/\/hydraqa.unicity.net\/v5a-test\/items\/166a69d45c4ae40278554e24d5f40443","id":{"unicity":"32137"}},"quantity":"1","terms":{"priceEach":"207.82","taxEach":{"amount":"0"},"discountEach":{"amount":"0"},"pvEach":"147"}}]},"currency":"USD"},{"lines":{"items":[{"item":{"href":"https:\/\/hydraqa.unicity.net\/v5a-test\/items\/d04a0b8762b20202b6273114fb7302d1","id":{"unicity":"32138"}},"quantity":"1","terms":{"priceEach":"281.97","taxEach":{"amount":"0"},"discountEach":{"amount":"0"},"pvEach":"192"}}]},"currency":"USD"},{"lines":{"items":[{"item":{"href":"https:\/\/hydraqa.unicity.net\/v5a-test\/items\/e13d0b5c40704ad5dd186959367c97f1","id":{"unicity":"32125"}},"quantity":"1","terms":{"priceEach":"467.35","taxEach":{"amount":"0"},"discountEach":{"amount":"0"},"pvEach":"309"}}]},"currency":"USD"},{"lines":{"items":[{"item":{"href":"https:\/\/hydraqa.unicity.net\/v5a-test\/items\/4e49c95f12ae7be78e5ffab68b8b3ca6","id":{"unicity":"26422"}},"quantity":"1","terms":{"priceEach":"24.39","taxEach":{"amount":"0"},"discountEach":{"amount":"0"},"pvEach":"18"}}]},"currency":"USD"},{"lines":{"items":[{"item":{"href":"https:\/\/hydraqa.unicity.net\/v5a-test\/items\/64ec7ad932acafab052a4e8800ad1238","id":{"unicity":"24758"}},"quantity":"1","terms":{"priceEach":"30","taxEach":{"amount":"0"},"discountEach":{"amount":"0"},"pvEach":"21"}}]},"currency":"USD"},{"lines":{"items":[{"item":{"href":"https:\/\/hydraqa.unicity.net\/v5a-test\/items\/f2cc736b6281ff58a9653802d7bf1499","id":{"unicity":"27383"}},"quantity":"1","terms":{"priceEach":"163.65","taxEach":{"amount":"0"},"discountEach":{"amount":"0"},"pvEach":"87"}}]},"currency":"USD"},{"lines":{"items":[{"item":{"href":"https:\/\/hydraqa.unicity.net\/v5a-test\/items\/2ed65f6d5d581854453959192a2b80e2","id":{"unicity":"27387"}},"quantity":"1","terms":{"priceEach":"818.25","taxEach":{"amount":"0"},"discountEach":{"amount":"0"},"pvEach":"435"}}]},"currency":"USD"},{"lines":{"items":[{"item":{"href":"https:\/\/hydraqa.unicity.net\/v5a-test\/items\/d3f8faeec753832d1ed49666ed2ee558","id":{"unicity":"27391"}},"quantity":"1","terms":{"priceEach":"1636.5","taxEach":{"amount":"0"},"discountEach":{"amount":"0"},"pvEach":"870"}}]},"currency":"USD"},{"lines":{"items":[{"item":{"href":"https:\/\/hydraqa.unicity.net\/v5a-test\/items\/978dadf1a2f8bfef8c5fef0654b57854","id":{"unicity":"29392"}},"quantity":"1","terms":{"priceEach":"417.14","taxEach":{"amount":"0"},"discountEach":{"amount":"0"},"pvEach":"250"}}]},"currency":"USD"},{"lines":{"items":[{"item":{"href":"https:\/\/hydraqa.unicity.net\/v5a-test\/items\/9e4c0893099d6d9478f237b7185d984a","id":{"unicity":"29394"}},"quantity":"1","terms":{"priceEach":"1668.56","taxEach":{"amount":"0"},"discountEach":{"amount":"0"},"pvEach":"1000"}}]},"currency":"USD"},{"lines":{"items":[{"item":{"href":"https:\/\/hydraqa.unicity.net\/v5a-test\/items\/93c9e59af645b5be5ccc6ceb76c5a8ba","id":{"unicity":"29393"}},"quantity":"1","terms":{"priceEach":"834.28","taxEach":{"amount":"0"},"discountEach":{"amount":"0"},"pvEach":"500"}}]},"currency":"USD"},{"lines":{"items":[{"item":{"href":"https:\/\/hydraqa.unicity.net\/v5a-test\/items\/a8a50dcc28c0df0867d1467e62ecebc0","id":{"unicity":"27382"}},"quantity":"1","terms":{"priceEach":"154.75","taxEach":{"amount":"0"},"discountEach":{"amount":"0"},"pvEach":"87"}}]},"currency":"USD"},{"lines":{"items":[{"item":{"href":"https:\/\/hydraqa.unicity.net\/v5a-test\/items\/045eca4c2854df4576f4627ffcdf7240","id":{"unicity":"27386"}},"quantity":"1","terms":{"priceEach":"773.75","taxEach":{"amount":"0"},"discountEach":{"amount":"0"},"pvEach":"435"}}]},"currency":"USD"},{"lines":{"items":[{"item":{"href":"https:\/\/hydraqa.unicity.net\/v5a-test\/items\/538fabae7ffee9db3b818505ca097af4","id":{"unicity":"27390"}},"quantity":"1","terms":{"priceEach":"1547.5","taxEach":{"amount":"0"},"discountEach":{"amount":"0"},"pvEach":"870"}}]},"currency":"USD"},{"lines":{"items":[{"item":{"href":"https:\/\/hydraqa.unicity.net\/v5a-test\/items\/66969761e98979a6fb4dd3b5c126b207","id":{"unicity":"27381"}},"quantity":"1","terms":{"priceEach":"173.14","taxEach":{"amount":"0"},"discountEach":{"amount":"0"},"pvEach":"87"}}]},"currency":"USD"},{"lines":{"items":[{"item":{"href":"https:\/\/hydraqa.unicity.net\/v5a-test\/items\/6bbd8e63de56e7e95448c9835f2547a7","id":{"unicity":"27385"}},"quantity":"1","terms":{"priceEach":"865.7","taxEach":{"amount":"0"},"discountEach":{"amount":"0"},"pvEach":"435"}}]},"currency":"USD"},{"lines":{"items":[{"item":{"href":"https:\/\/hydraqa.unicity.net\/v5a-test\/items\/11c78584cd934d06ef1d542038479e56","id":{"unicity":"27389"}},"quantity":"1","terms":{"priceEach":"1731.4","taxEach":{"amount":"0"},"discountEach":{"amount":"0"},"pvEach":"870"}}]},"currency":"USD"},{"lines":{"items":[{"item":{"href":"https:\/\/hydraqa.unicity.net\/v5a-test\/items\/ec4c2e40db621ea329b86538cc59281f","id":{"unicity":"30139"}},"quantity":"1","terms":{"priceEach":"176.42","taxEach":{"amount":"0"},"discountEach":{"amount":"0"},"pvEach":"100"}}]},"currency":"USD"},{"lines":{"items":[{"item":{"href":"https:\/\/hydraqa.unicity.net\/v5a-test\/items\/217ca02fbd24e21ca5281412756238ab","id":{"unicity":"32126"}},"quantity":"1","terms":{"priceEach":"184.39","taxEach":{"amount":"0"},"discountEach":{"amount":"0"},"pvEach":"121"}}]},"currency":"USD"},{"lines":{"items":[{"item":{"href":"https:\/\/hydraqa.unicity.net\/v5a-test\/items\/808008a0657d2033ad471c39bbce9891","id":{"unicity":"32127"}},"quantity":"1","terms":{"priceEach":"212.68","taxEach":{"amount":"0"},"discountEach":{"amount":"0"},"pvEach":"153"}}]},"currency":"USD"},{"lines":{"items":[{"item":{"href":"https:\/\/hydraqa.unicity.net\/v5a-test\/items\/1945faa1776541d53120ecfe3c1d8a2b","id":{"unicity":"24418"}},"quantity":"1","terms":{"priceEach":"2.95","taxEach":{"amount":"0"},"discountEach":{"amount":"0"},"pvEach":"0"}}]},"currency":"USD"},{"lines":{"items":[{"item":{"href":"https:\/\/hydraqa.unicity.net\/v5a-test\/items\/10da226fab00279b4f89df10af2a10b7","id":{"unicity":"26442"}},"quantity":"1","terms":{"priceEach":"10","taxEach":{"amount":"0"},"discountEach":{"amount":"0"},"pvEach":"0"}}]},"currency":"USD"},{"lines":{"items":[{"item":{"href":"https:\/\/hydraqa.unicity.net\/v5a-test\/items\/4b2034f47fce90b87bba28c5c2d7c25d","id":{"unicity":"15880"}},"quantity":"1","terms":{"priceEach":"57","taxEach":{"amount":"0"},"discountEach":{"amount":"0"},"pvEach":"41"}}]},"currency":"USD"},{"lines":{"items":[{"item":{"href":"https:\/\/hydraqa.unicity.net\/v5a-test\/items\/07a18bf285ba929cc0cef13173e4fee7","id":{"unicity":"29561"}},"quantity":"1","terms":{"priceEach":"95.7","taxEach":{"amount":"0"},"discountEach":{"amount":"0"},"pvEach":"50"}}]},"currency":"USD"},{"lines":{"items":[{"item":{"href":"https:\/\/hydraqa.unicity.net\/v5a-test\/items\/cf8afe623b2cb9e6d7704bbf344b5647","id":{"unicity":"26412"}},"quantity":"1","terms":{"priceEach":"98.14","taxEach":{"amount":"0"},"discountEach":{"amount":"0"},"pvEach":"50"}}]},"currency":"USD"},{"lines":{"items":[{"item":{"href":"https:\/\/hydraqa.unicity.net\/v5a-test\/items\/b2ce221111fa2c1fbd2fbffa7a05dcf1","id":{"unicity":"26736"}},"quantity":"1","terms":{"priceEach":"50","taxEach":{"amount":"0"},"discountEach":{"amount":"0"},"pvEach":"25"}}]},"currency":"USD"},{"lines":{"items":[{"item":{"href":"https:\/\/hydraqa.unicity.net\/v5a-test\/items\/187edbdbcf7a3f0ab8b6a359db53ed61","id":{"unicity":"26735"}},"quantity":"1","terms":{"priceEach":"79.75","taxEach":{"amount":"0"},"discountEach":{"amount":"0"},"pvEach":"50"}}]},"currency":"USD"},{"lines":{"items":[{"item":{"href":"https:\/\/hydraqa.unicity.net\/v5a-test\/items\/0158edb9832ad4983c259876efb9dadd","id":{"unicity":"29907"}},"quantity":"1","terms":{"priceEach":"14","taxEach":{"amount":"0"},"discountEach":{"amount":"0"},"pvEach":"11"}}]},"currency":"USD"},{"lines":{"items":[{"item":{"href":"https:\/\/hydraqa.unicity.net\/v5a-test\/items\/52c87f74d3b41ed49b0f897b66c2a99b","id":{"unicity":"30684"}},"quantity":"1","terms":{"priceEach":"47.8","taxEach":{"amount":"0"},"discountEach":{"amount":"0"},"pvEach":"30"}}]},"currency":"USD"},{"lines":{"items":[{"item":{"href":"https:\/\/hydraqa.unicity.net\/v5a-test\/items\/90f38f77c9e6ea5a71aa7377df83760b","id":{"unicity":"30198"}},"quantity":"1","terms":{"priceEach":"23","taxEach":{"amount":"0"},"discountEach":{"amount":"0"},"pvEach":"17"}}]},"currency":"USD"},{"lines":{"items":[{"item":{"href":"https:\/\/hydraqa.unicity.net\/v5a-test\/items\/7e5e7df32701fd44947c8146f2129f7a","id":{"unicity":"31672"}},"quantity":"1","terms":{"priceEach":"96.59","taxEach":{"amount":"0"},"discountEach":{"amount":"0"},"pvEach":"75"}}]},"currency":"USD"},{"lines":{"items":[{"item":{"href":"https:\/\/hydraqa.unicity.net\/v5a-test\/items\/75b870fdff12be635674216fe88d3204","id":{"unicity":"29984"}},"quantity":"1","terms":{"priceEach":"52","taxEach":{"amount":"0"},"discountEach":{"amount":"0"},"pvEach":"30"}}]},"currency":"USD"},{"lines":{"items":[{"item":{"href":"https:\/\/hydraqa.unicity.net\/v5a-test\/items\/4d23d73a0d3d3e5fe9c383822040a9b0","id":{"unicity":"32191"}},"quantity":"1","terms":{"priceEach":"1764.12","taxEach":{"amount":"0"},"discountEach":{"amount":"0"},"pvEach":"1204"}}]},"currency":"USD"},{"lines":{"items":[{"item":{"href":"https:\/\/hydraqa.unicity.net\/v5a-test\/items\/e9fe58342fff74ec4f4430f7c622816e","id":{"unicity":"31870"}},"quantity":"1","terms":{"priceEach":"25.37","taxEach":{"amount":"0"},"discountEach":{"amount":"0"},"pvEach":"11"}}]},"currency":"USD"},{"lines":{"items":[{"item":{"href":"https:\/\/hydraqa.unicity.net\/v5a-test\/items\/fbb6dbd577adb73abaec364076fb288f","id":{"unicity":"32087"}},"quantity":"1","terms":{"priceEach":"25.37","taxEach":{"amount":"0"},"discountEach":{"amount":"0"},"pvEach":"11"}}]},"currency":"USD"},{"lines":{"items":[{"item":{"href":"https:\/\/hydraqa.unicity.net\/v5a-test\/items\/35dcc0035e442bbe6482f178ec38522c","id":{"unicity":"31868"}},"quantity":"1","terms":{"priceEach":"25.37","taxEach":{"amount":"0"},"discountEach":{"amount":"0"},"pvEach":"11"}}]},"currency":"USD"}]}
Entry request : {"order":{"customer":{"href":"https://hydraqa.unicity.net/v5a-test/customers?type=Associate"},"shipToAddress":{"country":"UA"}},"vary":{"lines":{"items":[{"item":{"href":"https://hydraqa.unicity.net/v5a-test/items?id.unicity=26335|26820|27318|26416|26738|28523|28524|27700|31336|31763|32128|32129|32130|32132|32133|32134|32135|32136|32137|32138|32125|26422|24758|27383|27387|27391|29392|29394|29393|27382|27386|27390|27381|27385|27389|30139|32126|32127|24418|26442|15880|29561|26412|26736|26735|29907|30684|30198|31672|29984|32191|31870|32087|31868"}}]}}}
Request URL: https://hydraqa.unicity.net/v5a-test/customers.js?callback=angular.callbacks._1&expand=customer,profilePicture&id.unicity=36554001
Request URL: https://hydraqa.unicity.net/v5a-test/customers.js?_httpMethod=HEAD&callback=angular.callbacks._7&email=GWRDUS@gmail.com
Request URL: https://hydraqa.unicity.net/v5a-test/shippingmethods.js?callback=angular.callbacks._a&destination=UA&market=UA
{sponsor=36554001, gender=male, city=TestCity, signature=TestSignature, cartprice=1944.08, enroller=36554001, responsedob=1999-03-01, language=???????, locale=ru, type=Associate, coapplicanttype=Spouse, platform=QA, lname=TestLastName, password=Unicity, genderoption=???????, Currency=USD, commission=DD, api=7, fax=8217647322, email=GWRDUS@gmail.com, coapplicant=TestSpouseName, zip=84097, fname=TestFirstName, prefferd=Ukraine, address2=Address 2, address1=Address 1, holder=TestName, shippingmethod=type=Economy, version=v5a-test/, testcase=normal, market=Ukraine, phone=9823746323, dob=01/03/1999, proto=https://hydraqa.unicity.net/, marketcode=UA, iban=UA213996220000026007233566001, bankname=TestBankName, bic=DEUTDEFF, ccname=CCNameTest}
Request URL: https://hydraqa.unicity.net/v5a-test/orders.js
Entry request : {"customer":{"mainAddress":{"city":"TestCity","country":"UA","zip":"84097","address1":"Address 1","address2":"Address 2"},"humanName":{"firstName":"TestFirstName","lastName":"TestLastName"},"email":"GWRDUS@gmail.com","preferredLocale":"ru-UA","password":{"value":"Unicity"},"gender":"male","maritalStatus":null,"type":"Associate","sponsor":{"href":"https://hydraqa.unicity.net/v5a-test/customers?id.unicity=36554001"},"enroller":{"href":"https://hydraqa.unicity.net/v5a-test/customers?id.unicity=36554001"},"homePhone":"9823746323","birthDate":"1999-03-01","depositBankAccount":{"iban":"UA213996220000026007233566001","bankName":"TestBankName","bic":"DEUTDEFF","accountHolder":"TestName"},"coapplicant":{"type":"Spouse","details":{"humanName":{"firstName":"TestSpouseName","lastName":""}}},"businessEntity":{"legalType":"SoleProprietorship"},"rights":[{"holder":"Upline","type":"SendEmails"}],"signature":{"value":"TestSignature"},"faxNumber":"8217647322"},"lines":{"items":[{"item":{"href":"https://hydraqa.unicity.net/v5a-test/items?id.unicity=27389"},"quantity":1},{"item":{"href":"https://hydraqa.unicity.net/v5a-test/items?id.unicity=32127"},"quantity":1}]},"shipToName":{"firstName":"TestFirstName","lastName":"TestLastName"},"shipToPhone":"9823746323","shipToEmail":"GWRDUS@gmail.com","shipToAddress":{"city":"TestCity","country":"UA","address1":"Address 1","address2":"Address 2","zip":"84097"},"shippingMethod":{"href":"https://hydraqa.unicity.net/v5a-test/shippingmethods?type=Economy"},"notes":"","transactions":{"items":[{"amount":"this.terms.total","type":"AuthorizeAndCapture","method":"CreditCard","methodDetails":{"creditCardNumber":"4111111111111111","payer":"CCNameTest","creditCardExpires":"2020-10","creditCardSecurityCode":"123"}}]}}
Entry response : {"meta":{"Link":"<http:\/\/unicity.github.io\/Hydra.php\/docs\/v5\/>; rel=\"help\"","X-Request-UUID":"5faaae4a-085e-4d9e-bcd2-ce0466d4941e","X-Request-Release":"5-2020012701\/master","Cache-Control":"no-cache, must-revalidate","Expires":"0","X-Powered-By":"Luracast Restler v3.0.0rc5","Content-Type":"text\/javascript; charset=utf-8","Content-Language":"en","X-Status-Code":"400"},"data":{"error":{"code":400,"message":"Bad Request","error_code":"3014","error_message":"Incomplete bank-account details. Error#B4Q4R"}}}
Headers-->keep-alive
Headers-->1754
Headers-->application/json, text/plain, */*
Headers-->http://enroll.ng.unicityqa.com
Headers-->ru-UA
]]></system-out>
    <system-err><![CDATA[Starting ChromeDriver 2.36.540470 (e522d04694c7ebea4ba8821272dbef4f9b818c91) on port 34940
Only local connections are allowed.
Jan 27, 2020 7:54:11 PM org.openqa.selenium.remote.ProtocolHandshake createSession
INFO: Detected dialect: OSS
]]></system-err>
  </testcase>
  <testcase name="Enroll" classname="Tests.FranchisePartner" time="289.646">
    <failure message="Major Market expected [GB] but found [null]" type="java.lang.AssertionError">java.lang.AssertionError: Major Market expected [GB] but found [null]
	at Tests.FranchisePartner.Enroll(FranchisePartner.java:265)
</failure>
    <system-out><![CDATA[Request URL: https://hydraqa.unicity.net/v5a-test/quotes?&expand=item
Entry Quotes response : {"items":[{"lines":{"items":[{"item":{"href":"https:\/\/hydraqa.unicity.net\/v5a-test\/items\/6447f84f6ef7782049a369b983428bb7","id":{"unicity":"31336"},"weightEach":{"value":0},"servingsPerContainer":0,"servingSize":0},"quantity":"1","terms":{"priceEach":"220","taxEach":{"amount":"44"},"discountEach":{"amount":"0"},"pvEach":"225"}}]},"currency":"GBP"},{"lines":{"items":[{"item":{"href":"https:\/\/hydraqa.unicity.net\/v5a-test\/items\/e9991b48ac639367d526d2b9b22fac8c","id":{"unicity":"32128"},"weightEach":{"value":0},"servingsPerContainer":0,"servingSize":0},"quantity":"1","terms":{"priceEach":"302.33","taxEach":{"amount":"50.67"},"discountEach":{"amount":"0"},"pvEach":"284"}}]},"currency":"GBP"},{"lines":{"items":[{"item":{"href":"https:\/\/hydraqa.unicity.net\/v5a-test\/items\/40b3312de189221d96d838d33a8ec49d","id":{"unicity":"32129"},"weightEach":{"value":0},"servingsPerContainer":0,"servingSize":0},"quantity":"1","terms":{"priceEach":"302.33","taxEach":{"amount":"50.67"},"discountEach":{"amount":"0"},"pvEach":"286"}}]},"currency":"GBP"},{"lines":{"items":[{"item":{"href":"https:\/\/hydraqa.unicity.net\/v5a-test\/items\/6bd168a66ce41003a8f30917deff5808","id":{"unicity":"32130"},"weightEach":{"value":0},"servingsPerContainer":0,"servingSize":0},"quantity":"1","terms":{"priceEach":"289.17","taxEach":{"amount":"57.83"},"discountEach":{"amount":"0"},"pvEach":"278"}}]},"currency":"GBP"},{"lines":{"items":[{"item":{"href":"https:\/\/hydraqa.unicity.net\/v5a-test\/items\/806f99b793edd7cd0b1c158ba0eb3142","id":{"unicity":"32132"},"weightEach":{"value":0},"servingsPerContainer":0,"servingSize":0},"quantity":"1","terms":{"priceEach":"299.67","taxEach":{"amount":"44.33"},"discountEach":{"amount":"0"},"pvEach":"290"}}]},"currency":"GBP"},{"lines":{"items":[{"item":{"href":"https:\/\/hydraqa.unicity.net\/v5a-test\/items\/e3d382d99fde8659cb146b54116e7654","id":{"unicity":"32133"},"weightEach":{"value":0},"servingsPerContainer":0,"servingSize":0},"quantity":"1","terms":{"priceEach":"298.17","taxEach":{"amount":"49.83"},"discountEach":{"amount":"0"},"pvEach":"289"}}]},"currency":"GBP"},{"lines":{"items":[{"item":{"href":"https:\/\/hydraqa.unicity.net\/v5a-test\/items\/022f109fe6e5eae3e521295a5cb94c60","id":{"unicity":"32134"},"weightEach":{"value":0},"servingsPerContainer":0,"servingSize":0},"quantity":"1","terms":{"priceEach":"112.5","taxEach":{"amount":"22.5"},"discountEach":{"amount":"0"},"pvEach":"108"}}]},"currency":"GBP"},{"lines":{"items":[{"item":{"href":"https:\/\/hydraqa.unicity.net\/v5a-test\/items\/ded00960d5e948dd8e511a9c752e1ff9","id":{"unicity":"32135"},"weightEach":{"value":0},"servingsPerContainer":0,"servingSize":0},"quantity":"1","terms":{"priceEach":"138.83","taxEach":{"amount":"12.17"},"discountEach":{"amount":"0"},"pvEach":"136"}}]},"currency":"GBP"},{"lines":{"items":[{"item":{"href":"https:\/\/hydraqa.unicity.net\/v5a-test\/items\/d8736cc35cf9f4734fd76da71c53dc05","id":{"unicity":"32136"},"weightEach":{"value":0},"servingsPerContainer":0,"servingSize":0},"quantity":"1","terms":{"priceEach":"114.17","taxEach":{"amount":"22.83"},"discountEach":{"amount":"0"},"pvEach":"114"}}]},"currency":"GBP"},{"lines":{"items":[{"item":{"href":"https:\/\/hydraqa.unicity.net\/v5a-test\/items\/166a69d45c4ae40278554e24d5f40443","id":{"unicity":"32137"},"weightEach":{"value":0},"servingsPerContainer":0,"servingSize":0},"quantity":"1","terms":{"priceEach":"135","taxEach":{"amount":"27"},"discountEach":{"amount":"0"},"pvEach":"131"}}]},"currency":"GBP"},{"lines":{"items":[{"item":{"href":"https:\/\/hydraqa.unicity.net\/v5a-test\/items\/d04a0b8762b20202b6273114fb7302d1","id":{"unicity":"32138"},"weightEach":{"value":0},"servingsPerContainer":0,"servingSize":0},"quantity":"1","terms":{"priceEach":"184","taxEach":{"amount":"27"},"discountEach":{"amount":"0"},"pvEach":"171"}}]},"currency":"GBP"},{"lines":{"items":[{"item":{"href":"https:\/\/hydraqa.unicity.net\/v5a-test\/items\/e13d0b5c40704ad5dd186959367c97f1","id":{"unicity":"32125"},"weightEach":{"value":0},"servingsPerContainer":0,"servingSize":0},"quantity":"1","terms":{"priceEach":"307.17","taxEach":{"amount":"41.83"},"discountEach":{"amount":"0"},"pvEach":"278"}}]},"currency":"GBP"},{"lines":{"items":[{"item":{"href":"https:\/\/hydraqa.unicity.net\/v5a-test\/items\/c451532f63a06f0e9a054e946a1a1c3b","id":{"unicity":"18511"},"weightEach":{"value":0},"servingsPerContainer":0,"servingSize":0},"quantity":"1","terms":{"priceEach":"30","taxEach":{"amount":"6"},"discountEach":{"amount":"0"},"pvEach":"27"}}]},"currency":"GBP"},{"lines":{"items":[{"item":{"href":"https:\/\/hydraqa.unicity.net\/v5a-test\/items\/9752a919e28f96747163918165b46f23","id":{"unicity":"19941"},"weightEach":{"value":0},"servingsPerContainer":0,"servingSize":0},"quantity":"1","terms":{"priceEach":"29","taxEach":{"amount":"0"},"discountEach":{"amount":"0"},"pvEach":"24"}}]},"currency":"GBP"},{"lines":{"items":[{"item":{"href":"https:\/\/hydraqa.unicity.net\/v5a-test\/items\/65589269f4976d30f5c80a675b83db43","id":{"unicity":"22178"},"weightEach":{"value":0},"servingsPerContainer":0,"servingSize":0},"quantity":"1","terms":{"priceEach":"30","taxEach":{"amount":"6"},"discountEach":{"amount":"0"},"pvEach":"27"}}]},"currency":"GBP"},{"lines":{"items":[{"item":{"href":"https:\/\/hydraqa.unicity.net\/v5a-test\/items\/4e49c95f12ae7be78e5ffab68b8b3ca6","id":{"unicity":"26422"},"weightEach":{"value":0},"servingsPerContainer":0,"servingSize":0},"quantity":"1","terms":{"priceEach":"14.17","taxEach":{"amount":"2.83"},"discountEach":{"amount":"0"},"pvEach":"16"}}]},"currency":"GBP"},{"lines":{"items":[{"item":{"href":"https:\/\/hydraqa.unicity.net\/v5a-test\/items\/50e73ecfa509ac20c4a250f9cb32fdfc","id":{"unicity":"27156"},"weightEach":{"value":0},"servingsPerContainer":0,"servingSize":0},"quantity":"1","terms":{"priceEach":"15","taxEach":{"amount":"3"},"discountEach":{"amount":"0"},"pvEach":"14"}}]},"currency":"GBP"},{"lines":{"items":[{"item":{"href":"https:\/\/hydraqa.unicity.net\/v5a-test\/items\/d92292ba2f23c030e4a1f63eb3ebe1ce","id":{"unicity":"27158"},"weightEach":{"value":0},"servingsPerContainer":0,"servingSize":0},"quantity":"1","terms":{"priceEach":"21.67","taxEach":{"amount":"4.33"},"discountEach":{"amount":"0"},"pvEach":"24"}}]},"currency":"GBP"},{"lines":{"items":[{"item":{"href":"https:\/\/hydraqa.unicity.net\/v5a-test\/items\/0d3b8d4f7c4d4082db1b4ecffb6693fb","id":{"unicity":"27160"},"weightEach":{"value":0},"servingsPerContainer":0,"servingSize":0},"quantity":"1","terms":{"priceEach":"60.83","taxEach":{"amount":"12.17"},"discountEach":{"amount":"0"},"pvEach":"62"}}]},"currency":"GBP"},{"lines":{"items":[{"item":{"href":"https:\/\/hydraqa.unicity.net\/v5a-test\/items\/ac37bf51ff7e4fe860da8457f6ce0425","id":{"unicity":"27166"},"weightEach":{"value":0},"servingsPerContainer":0,"servingSize":0},"quantity":"1","terms":{"priceEach":"60.83","taxEach":{"amount":"12.17"},"discountEach":{"amount":"0"},"pvEach":"64"}}]},"currency":"GBP"},{"lines":{"items":[{"item":{"href":"https:\/\/hydraqa.unicity.net\/v5a-test\/items\/a7bda1cb4a35343e52791aba56debc4a","id":{"unicity":"27617"},"weightEach":{"value":0},"servingsPerContainer":0,"servingSize":0},"quantity":"1","terms":{"priceEach":"24.17","taxEach":{"amount":"4.83"},"discountEach":{"amount":"0"},"pvEach":"21"}}]},"currency":"GBP"},{"lines":{"items":[{"item":{"href":"https:\/\/hydraqa.unicity.net\/v5a-test\/items\/0c0717a26fcfe40310e906487e8a12f7","id":{"unicity":"28601"},"weightEach":{"value":0},"servingsPerContainer":0,"servingSize":0},"quantity":"1","terms":{"priceEach":"60.83","taxEach":{"amount":"12.17"},"discountEach":{"amount":"0"},"pvEach":"64"}}]},"currency":"GBP"},{"lines":{"items":[{"item":{"href":"https:\/\/hydraqa.unicity.net\/v5a-test\/items\/4790a55c442b5dc75a13b155e78c1842","id":{"unicity":"28604"},"weightEach":{"value":0},"servingsPerContainer":0,"servingSize":0},"quantity":"1","terms":{"priceEach":"60.83","taxEach":{"amount":"12.17"},"discountEach":{"amount":"0"},"pvEach":"64"}}]},"currency":"GBP"},{"lines":{"items":[{"item":{"href":"https:\/\/hydraqa.unicity.net\/v5a-test\/items\/024e696f8b44a1d315006e676604cd31","id":{"unicity":"27395"},"weightEach":{"value":0},"servingsPerContainer":0,"servingSize":0},"quantity":"1","terms":{"priceEach":"24.17","taxEach":{"amount":"4.83"},"discountEach":{"amount":"0"},"pvEach":"21"}}]},"currency":"GBP"},{"lines":{"items":[{"item":{"href":"https:\/\/hydraqa.unicity.net\/v5a-test\/items\/db0a2b02eaabc5ad45fe91ba5c7bcf5a","id":{"unicity":"31772"},"weightEach":{"value":0},"servingsPerContainer":0,"servingSize":0},"quantity":"1","terms":{"priceEach":"7.5","taxEach":{"amount":"1.5"},"discountEach":{"amount":"0"},"pvEach":"0"}}]},"currency":"GBP"},{"lines":{"items":[{"item":{"href":"https:\/\/hydraqa.unicity.net\/v5a-test\/items\/2262fdd5af916c31df08089c191735c1","id":{"unicity":"29317"},"weightEach":{"value":0},"servingsPerContainer":0,"servingSize":0},"quantity":"1","terms":{"priceEach":"24.17","taxEach":{"amount":"4.83"},"discountEach":{"amount":"0"},"pvEach":"0"}}]},"currency":"GBP"},{"lines":{"items":[{"item":{"href":"https:\/\/hydraqa.unicity.net\/v5a-test\/items\/217ca02fbd24e21ca5281412756238ab","id":{"unicity":"32126"},"weightEach":{"value":0},"servingsPerContainer":0,"servingSize":0},"quantity":"1","terms":{"priceEach":"119.92","taxEach":{"amount":"23.98"},"discountEach":{"amount":"0"},"pvEach":"108"}}]},"currency":"GBP"},{"lines":{"items":[{"item":{"href":"https:\/\/hydraqa.unicity.net\/v5a-test\/items\/808008a0657d2033ad471c39bbce9891","id":{"unicity":"32127"},"weightEach":{"value":0},"servingsPerContainer":0,"servingSize":0},"quantity":"1","terms":{"priceEach":"146.33","taxEach":{"amount":"13.67"},"discountEach":{"amount":"0"},"pvEach":"136"}}]},"currency":"GBP"},{"lines":{"items":[{"item":{"href":"https:\/\/hydraqa.unicity.net\/v5a-test\/items\/2f1d0aa90494ae2e08035922c701f968","id":{"unicity":"29832"},"weightEach":{"value":0},"servingsPerContainer":0,"servingSize":0},"quantity":"1","terms":{"priceEach":"35.83","taxEach":{"amount":"7.17"},"discountEach":{"amount":"0"},"pvEach":"40"}}]},"currency":"GBP"},{"lines":{"items":[{"item":{"href":"https:\/\/hydraqa.unicity.net\/v5a-test\/items\/10df0fc3509b53cbeaeb9476ca92d520","id":{"unicity":"29833"},"weightEach":{"value":0},"servingsPerContainer":0,"servingSize":0},"quantity":"1","terms":{"priceEach":"69.17","taxEach":{"amount":"13.83"},"discountEach":{"amount":"0"},"pvEach":"73"}}]},"currency":"GBP"},{"lines":{"items":[{"item":{"href":"https:\/\/hydraqa.unicity.net\/v5a-test\/items\/332daeac6796ed016ea8b7d0bc42c2d4","id":{"unicity":"24274"},"weightEach":{"value":0},"servingsPerContainer":0,"servingSize":0},"quantity":"1","terms":{"priceEach":"6.67","taxEach":{"amount":"1.33"},"discountEach":{"amount":"0"},"pvEach":"0"}}]},"currency":"GBP"},{"lines":{"items":[{"item":{"href":"https:\/\/hydraqa.unicity.net\/v5a-test\/items\/1945faa1776541d53120ecfe3c1d8a2b","id":{"unicity":"24418"},"weightEach":{"value":0},"servingsPerContainer":0,"servingSize":0},"quantity":"1","terms":{"priceEach":"4.17","taxEach":{"amount":"0.83"},"discountEach":{"amount":"0"},"pvEach":"0"}}]},"currency":"GBP"},{"lines":{"items":[{"item":{"href":"https:\/\/hydraqa.unicity.net\/v5a-test\/items\/10da226fab00279b4f89df10af2a10b7","id":{"unicity":"26442"},"weightEach":{"value":0},"servingsPerContainer":0,"servingSize":0},"quantity":"1","terms":{"priceEach":"5","taxEach":{"amount":"1"},"discountEach":{"amount":"0"},"pvEach":"0"}}]},"currency":"GBP"},{"lines":{"items":[{"item":{"href":"https:\/\/hydraqa.unicity.net\/v5a-test\/items\/5147f8cfe32548e02fc158d4da9c4d6f","id":{"unicity":"27150"},"weightEach":{"value":0},"servingsPerContainer":0,"servingSize":0},"quantity":"1","terms":{"priceEach":"73.33","taxEach":{"amount":"14.67"},"discountEach":{"amount":"0"},"pvEach":"75"}}]},"currency":"GBP"},{"lines":{"items":[{"item":{"href":"https:\/\/hydraqa.unicity.net\/v5a-test\/items\/03eba2365025ccd85818846a83a16f47","id":{"unicity":"27163"},"weightEach":{"value":0},"servingsPerContainer":0,"servingSize":0},"quantity":"1","terms":{"priceEach":"60.83","taxEach":{"amount":"12.17"},"discountEach":{"amount":"0"},"pvEach":"64"}}]},"currency":"GBP"},{"lines":{"items":[{"item":{"href":"https:\/\/hydraqa.unicity.net\/v5a-test\/items\/7d4ad2792f7056e5f81eb24f118ef737","id":{"unicity":"27575"},"weightEach":{"value":0},"servingsPerContainer":0,"servingSize":0},"quantity":"1","terms":{"priceEach":"49","taxEach":{"amount":"0"},"discountEach":{"amount":"0"},"pvEach":"40"}}]},"currency":"GBP"},{"lines":{"items":[{"item":{"href":"https:\/\/hydraqa.unicity.net\/v5a-test\/items\/a36d9fdd0fd7561e6180fb5b2ff27164","id":{"unicity":"27660"},"weightEach":{"value":0},"servingsPerContainer":0,"servingSize":0},"quantity":"1","terms":{"priceEach":"26.66","taxEach":{"amount":"5.33"},"discountEach":{"amount":"0"},"pvEach":"18"}}]},"currency":"GBP"},{"lines":{"items":[{"item":{"href":"https:\/\/hydraqa.unicity.net\/v5a-test\/items\/112b8c39286598b3730f630f371a45f4","id":{"unicity":"27587"},"weightEach":{"value":0},"servingsPerContainer":0,"servingSize":0},"quantity":"1","terms":{"priceEach":"49","taxEach":{"amount":"0"},"discountEach":{"amount":"0"},"pvEach":"40"}}]},"currency":"GBP"},{"lines":{"items":[{"item":{"href":"https:\/\/hydraqa.unicity.net\/v5a-test\/items\/0eebdede5bdb8bf4d71e800b6f3cead1","id":{"unicity":"30825"},"weightEach":{"value":0},"servingsPerContainer":0,"servingSize":0},"quantity":"1","terms":{"priceEach":"30","taxEach":{"amount":"6"},"discountEach":{"amount":"0"},"pvEach":"27"}}]},"currency":"GBP"},{"lines":{"items":[{"item":{"href":"https:\/\/hydraqa.unicity.net\/v5a-test\/items\/4b2034f47fce90b87bba28c5c2d7c25d","id":{"unicity":"15880"},"weightEach":{"value":0},"servingsPerContainer":0,"servingSize":0},"quantity":"1","terms":{"priceEach":"40","taxEach":{"amount":"8"},"discountEach":{"amount":"0"},"pvEach":"37"}}]},"currency":"GBP"},{"lines":{"items":[{"item":{"href":"https:\/\/hydraqa.unicity.net\/v5a-test\/items\/398d06b858b960f6f38086d40608aef2","id":{"unicity":"26560"},"weightEach":{"value":0},"servingsPerContainer":0,"servingSize":0},"quantity":"1","terms":{"priceEach":"15","taxEach":{"amount":"3"},"discountEach":{"amount":"0"},"pvEach":"14"}}]},"currency":"GBP"},{"lines":{"items":[{"item":{"href":"https:\/\/hydraqa.unicity.net\/v5a-test\/items\/e218d1cac5f31e7ae4f5876c29c57377","id":{"unicity":"29017"},"weightEach":{"value":0},"servingsPerContainer":0,"servingSize":0},"quantity":"1","terms":{"priceEach":"26.67","taxEach":{"amount":"5.33"},"discountEach":{"amount":"0"},"pvEach":"23"}}]},"currency":"GBP"},{"lines":{"items":[{"item":{"href":"https:\/\/hydraqa.unicity.net\/v5a-test\/items\/191637167cb3144bd2e8c4615e9ab67e","id":{"unicity":"26568"},"weightEach":{"value":0},"servingsPerContainer":0,"servingSize":0},"quantity":"1","terms":{"priceEach":"50","taxEach":{"amount":"10"},"discountEach":{"amount":"0"},"pvEach":"35"}}]},"currency":"GBP"},{"lines":{"items":[{"item":{"href":"https:\/\/hydraqa.unicity.net\/v5a-test\/items\/64ec7ad932acafab052a4e8800ad1238","id":{"unicity":"24758"},"weightEach":{"value":0},"servingsPerContainer":0,"servingSize":0},"quantity":"1","terms":{"priceEach":"33.33","taxEach":{"amount":"6.67"},"discountEach":{"amount":"0"},"pvEach":"30"}}]},"currency":"GBP"},{"lines":{"items":[{"item":{"href":"https:\/\/hydraqa.unicity.net\/v5a-test\/items\/606f7be753c74dfbfe4b107276775140","id":{"unicity":"29821"},"weightEach":{"value":0},"servingsPerContainer":0,"servingSize":0},"quantity":"1","terms":{"priceEach":"78","taxEach":{"amount":"0"},"discountEach":{"amount":"0"},"pvEach":"72"}}]},"currency":"GBP"},{"lines":{"items":[{"item":{"href":"https:\/\/hydraqa.unicity.net\/v5a-test\/items\/94939f9be900906d2b47260ccba22a7b","id":{"unicity":"32012"},"weightEach":{"value":0},"servingsPerContainer":0,"servingSize":0},"quantity":"1","terms":{"priceEach":"10","taxEach":{"amount":"0"},"discountEach":{"amount":"0"},"pvEach":"7"}}]},"currency":"GBP"},{"lines":{"items":[{"item":{"href":"https:\/\/hydraqa.unicity.net\/v5a-test\/items\/2c4c1abe00983e85aaa918d2ce341491","id":{"unicity":"17174"},"weightEach":{"value":0},"servingsPerContainer":0,"servingSize":0},"quantity":"1","terms":{"priceEach":"30","taxEach":{"amount":"6"},"discountEach":{"amount":"0"},"pvEach":"27"}}]},"currency":"GBP"},{"lines":{"items":[{"item":{"href":"https:\/\/hydraqa.unicity.net\/v5a-test\/items\/991cdbb84a495779eb209fb3956a77e4","id":{"unicity":"29183"},"weightEach":{"value":0},"servingsPerContainer":0,"servingSize":0},"quantity":"1","terms":{"priceEach":"26.67","taxEach":{"amount":"5.33"},"discountEach":{"amount":"0"},"pvEach":"22"}}]},"currency":"GBP"},{"lines":{"items":[{"item":{"href":"https:\/\/hydraqa.unicity.net\/v5a-test\/items\/0e78fbdfebef11cd62f8d2120064ee58","id":{"unicity":"30280"},"weightEach":{"value":0},"servingsPerContainer":0,"servingSize":0},"quantity":"1","terms":{"priceEach":"28.33","taxEach":{"amount":"5.67"},"discountEach":{"amount":"0"},"pvEach":"24"}}]},"currency":"GBP"},{"lines":{"items":[{"item":{"href":"https:\/\/hydraqa.unicity.net\/v5a-test\/items\/beb900429fbb160dbfc3001c14d96df4","id":{"unicity":"29187"},"weightEach":{"value":0},"servingsPerContainer":0,"servingSize":0},"quantity":"1","terms":{"priceEach":"32.5","taxEach":{"amount":"6.5"},"discountEach":{"amount":"0"},"pvEach":"28"}}]},"currency":"GBP"},{"lines":{"items":[{"item":{"href":"https:\/\/hydraqa.unicity.net\/v5a-test\/items\/1b0412bea8c0b841c66f65a36aa14108","id":{"unicity":"29191"},"weightEach":{"value":0},"servingsPerContainer":0,"servingSize":0},"quantity":"1","terms":{"priceEach":"32.5","taxEach":{"amount":"6.5"},"discountEach":{"amount":"0"},"pvEach":"28"}}]},"currency":"GBP"},{"lines":{"items":[{"item":{"href":"https:\/\/hydraqa.unicity.net\/v5a-test\/items\/52c87f74d3b41ed49b0f897b66c2a99b","id":{"unicity":"30684"},"weightEach":{"value":0},"servingsPerContainer":0,"servingSize":0},"quantity":"1","terms":{"priceEach":"30","taxEach":{"amount":"6"},"discountEach":{"amount":"0"},"pvEach":"27"}}]},"currency":"GBP"},{"lines":{"items":[{"item":{"href":"https:\/\/hydraqa.unicity.net\/v5a-test\/items\/90f38f77c9e6ea5a71aa7377df83760b","id":{"unicity":"30198"},"weightEach":{"value":0},"servingsPerContainer":0,"servingSize":0},"quantity":"1","terms":{"priceEach":"14.17","taxEach":{"amount":"2.83"},"discountEach":{"amount":"0"},"pvEach":"16"}}]},"currency":"GBP"},{"lines":{"items":[{"item":{"href":"https:\/\/hydraqa.unicity.net\/v5a-test\/items\/4114433211b3e74bf171f84526d7e49b","id":{"unicity":"31344"},"weightEach":{"value":0},"servingsPerContainer":0,"servingSize":0},"quantity":"1","terms":{"priceEach":"75.9","taxEach":{"amount":"3.72"},"discountEach":{"amount":"0"},"pvEach":"50"}}]},"currency":"GBP"},{"lines":{"items":[{"item":{"href":"https:\/\/hydraqa.unicity.net\/v5a-test\/items\/ab2a2b07b17718843a66bee04ff40624","id":{"unicity":"31402"},"weightEach":{"value":0},"servingsPerContainer":0,"servingSize":0},"quantity":"1","terms":{"priceEach":"73.33","taxEach":{"amount":"14.67"},"discountEach":{"amount":"0"},"pvEach":"75"}}]},"currency":"GBP"},{"lines":{"items":[{"item":{"href":"https:\/\/hydraqa.unicity.net\/v5a-test\/items\/7e5e7df32701fd44947c8146f2129f7a","id":{"unicity":"31672"},"weightEach":{"value":0},"servingsPerContainer":0,"servingSize":0},"quantity":"1","terms":{"priceEach":"60.83","taxEach":{"amount":"12.17"},"discountEach":{"amount":"0"},"pvEach":"64"}}]},"currency":"GBP"},{"lines":{"items":[{"item":{"href":"https:\/\/hydraqa.unicity.net\/v5a-test\/items\/493c2ba720f847422eccc5da35024f33","id":{"unicity":"31534"},"weightEach":{"value":0},"servingsPerContainer":0,"servingSize":0},"quantity":"1","terms":{"priceEach":"20.83","taxEach":{"amount":"4.17"},"discountEach":{"amount":"0"},"pvEach":"17"}}]},"currency":"GBP"},{"lines":{"items":[{"item":{"href":"https:\/\/hydraqa.unicity.net\/v5a-test\/items\/bfddb53fe0d5ed5432c531dc9850cbe4","id":{"unicity":"29449"},"weightEach":{"value":0},"servingsPerContainer":0,"servingSize":0},"quantity":"1","terms":{"priceEach":"22.5","taxEach":{"amount":"4.5"},"discountEach":{"amount":"0"},"pvEach":"20"}}]},"currency":"GBP"},{"lines":{"items":[{"item":{"href":"https:\/\/hydraqa.unicity.net\/v5a-test\/items\/75b870fdff12be635674216fe88d3204","id":{"unicity":"29984"},"weightEach":{"value":0},"servingsPerContainer":0,"servingSize":0},"quantity":"1","terms":{"priceEach":"32.5","taxEach":{"amount":"6.5"},"discountEach":{"amount":"0"},"pvEach":"28"}}]},"currency":"GBP"},{"lines":{"items":[{"item":{"href":"https:\/\/hydraqa.unicity.net\/v5a-test\/items\/e9fe58342fff74ec4f4430f7c622816e","id":{"unicity":"31870"},"weightEach":{"value":0},"servingsPerContainer":0,"servingSize":0},"quantity":"1","terms":{"priceEach":"17.5","taxEach":{"amount":"3.5"},"discountEach":{"amount":"0"},"pvEach":"10"}}]},"currency":"GBP"},{"lines":{"items":[{"item":{"href":"https:\/\/hydraqa.unicity.net\/v5a-test\/items\/fbb6dbd577adb73abaec364076fb288f","id":{"unicity":"32087"},"weightEach":{"value":0},"servingsPerContainer":0,"servingSize":0},"quantity":"1","terms":{"priceEach":"17.5","taxEach":{"amount":"3.5"},"discountEach":{"amount":"0"},"pvEach":"10"}}]},"currency":"GBP"},{"lines":{"items":[{"item":{"href":"https:\/\/hydraqa.unicity.net\/v5a-test\/items\/35dcc0035e442bbe6482f178ec38522c","id":{"unicity":"31868"},"weightEach":{"value":0},"servingsPerContainer":0,"servingSize":0},"quantity":"1","terms":{"priceEach":"17.5","taxEach":{"amount":"3.5"},"discountEach":{"amount":"0"},"pvEach":"10"}}]},"currency":"GBP"}]}
Entry request : {"order":{"customer":{"href":"https://hydraqa.unicity.net/v5a-test/customers?type=Associate"},"shipToAddress":{"country":"GB"}},"vary":{"lines":{"items":[{"item":{"href":"https://hydraqa.unicity.net/v5a-test/items?id.unicity=31336|31763|31951|31952|32128|32129|32130|32132|32133|32134|32135|32136|32137|32138|32125|18511|19941|22178|26422|27156|27158|27160|27166|27617|28601|28604|27395|31772|29317|32126|32127|29832|29833|24274|24418|26442|27150|27163|27575|27660|27587|30825|15880|26560|29017|26568|24758|29821|32012|17174|30139|29181|29183|30280|29187|29191|30684|30198|31344|31402|31672|31534|29449|29984|32191|31870|32087|31868|32609"}}]}}}
Request URL: https://hydraqa.unicity.net/v5a-test/customers.js?callback=angular.callbacks._1&expand=customer,profilePicture&id.unicity=36554001
Request URL: https://hydraqa.unicity.net/v5a-test/customers.js?_httpMethod=HEAD&callback=angular.callbacks._7&email=LXSZPX@gmail.com
Request URL: https://hydraqa.unicity.net/v5a-test/shippingmethods.js?callback=angular.callbacks._a&destination=GB&market=GB
{sponsor=36554001, gender=male, city=TestCity, signature=TestSignature, cartprice=206.33, enroller=36554001, responsedob=1993-12-08, arpack=Beauty Essentials, language=English, locale=en, type=Associate, coapplicanttype=Spouse, platform=QA, lname=TestLastName, password=Unicity, genderoption=Male, Currency=EUR, commission=DD, api=7, fax=8217647322, email=LXSZPX@gmail.com, coapplicant=TestSpouseName, zip=ASCN 1ZZ, fname=TestFirstName, prefferd=United Kingdom, address2=Address 2, address1=Address 1, holder=TestName, shippingmethod=type=Economy, version=v5a-test/, testcase=normal, market=United Kingdom, aritemcode=32130, phone=9823746323, dob=08/12/1993, proto=https://hydraqa.unicity.net/, marketcode=GB, iban=GB29NWBK60161331926819, bankname=TestBankName, bic=DEUTDEFF, ccname=CCNameTest}
Request URL: https://hydraqa.unicity.net/v5a-test/orders.js
Entry request : {"customer":{"mainAddress":{"city":"TestCity","country":"GB","zip":"ASCN 1ZZ","address1":"Address 1","address2":"Address 2"},"humanName":{"firstName":"TestFirstName","lastName":"TestLastName"},"email":"LXSZPX@gmail.com","preferredLocale":"en-GB","password":{"value":"Unicity"},"gender":"male","maritalStatus":null,"type":"Associate","sponsor":{"href":"https://hydraqa.unicity.net/v5a-test/customers?id.unicity=36554001"},"enroller":{"href":"https://hydraqa.unicity.net/v5a-test/customers?id.unicity=36554001"},"homePhone":"9823746323","birthDate":"1993-12-08","autoorders":{"items":[{"recurrence":{"schedule":{"month":"*","dayOfMonth":"5"},"status":"Enabled"},"lines":{"items":[{"item":{"href":"https://hydraqa.unicity.net/v5a-test/items?id.unicity=32130"},"quantity":1}]},"shipToName":{"firstName":"TestFirstName","lastName":"TestLastName"},"shipToPhone":"9823746323","shipToEmail":"LXSZPX@gmail.com","shipToAddress":{"city":"TestCity","country":"GB","address1":"Address 1","address2":"Address 2","zip":"ASCN 1ZZ"},"shippingMethod":{"href":"https://hydraqa.unicity.net/v5a-test/shippingmethods?type=Economy"},"transactions":{"items":[{"amount":"this.terms.total","type":"AuthorizeAndCapture","method":"CreditCard","methodDetails":{"creditCardNumber":"4111111111111111","payer":"CCNameTest","creditCardExpires":"2020-10","creditCardSecurityCode":"123"}}]}}]},"depositBankAccount":{"iban":"GB29NWBK60161331926819","bankName":"TestBankName","bic":"DEUTDEFF","accountHolder":"TestName"},"coapplicant":{"type":"Spouse","details":{"humanName":{"firstName":"TestSpouseName","lastName":""}}},"businessEntity":{"legalType":"SoleProprietorship"},"rights":[{"holder":"Upline","type":"SendEmails"}],"signature":{"value":"TestSignature"},"faxNumber":"8217647322"},"lines":{"items":[{"item":{"href":"https://hydraqa.unicity.net/v5a-test/items?id.unicity=29317"},"quantity":1},{"item":{"href":"https://hydraqa.unicity.net/v5a-test/items?id.unicity=29832"},"quantity":1},{"item":{"href":"https://hydraqa.unicity.net/v5a-test/items?id.unicity=32127"},"quantity":1}]},"shipToName":{"firstName":"TestFirstName","lastName":"TestLastName"},"shipToPhone":"9823746323","shipToEmail":"LXSZPX@gmail.com","shipToAddress":{"city":"TestCity","country":"GB","address1":"Address 1","address2":"Address 2","zip":"ASCN 1ZZ"},"shippingMethod":{"href":"https://hydraqa.unicity.net/v5a-test/shippingmethods?type=Economy"},"notes":"","transactions":{"items":[{"amount":"this.terms.total","type":"AuthorizeAndCapture","method":"CreditCard","methodDetails":{"creditCardNumber":"4111111111111111","payer":"CCNameTest","creditCardExpires":"2020-10","creditCardSecurityCode":"123"}}]}}
Entry response : {"meta":{"Link":"<http:\/\/unicity.github.io\/Hydra.php\/docs\/v5\/>; rel=\"help\"","X-Request-UUID":"50ecc5a2-0cec-420c-8709-2e4fc676323a","X-Request-Release":"5-2020012701\/master","Cache-Control":"no-cache, must-revalidate","Expires":"0","X-Powered-By":"Luracast Restler v3.0.0rc5","Content-Type":"text\/javascript; charset=utf-8","Content-Language":"en","X-Status-Code":"449"},"data":{"error":{"code":449,"message":"Retry With","error_code":"3449","error_message":"Order can't be immediately processed. Please retry. Error#P7W3P","retry_in_seconds":60}}}
Headers-->keep-alive
Headers-->2645
Headers-->application/json, text/plain, */*
Headers-->http://enroll.ng.unicityqa.com
Headers-->en-GB
]]></system-out>
    <system-err><![CDATA[Starting ChromeDriver 2.36.540470 (e522d04694c7ebea4ba8821272dbef4f9b818c91) on port 16193
Only local connections are allowed.
Jan 27, 2020 7:57:20 PM org.openqa.selenium.remote.ProtocolHandshake createSession
INFO: Detected dialect: OSS
]]></system-err>
  </testcase>
  <testcase name="PassReferralID" classname="Tests.ReferralIDPassing" time="281.915">
    <failure message="Major AR Pack href expected [https://hydraqa.unicity.net/v5a-test/items?id.unicity=26580] but found []" type="java.lang.AssertionError">java.lang.AssertionError: Major AR Pack href expected [https://hydraqa.unicity.net/v5a-test/items?id.unicity=26580] but found []
	at Tests.ReferralIDPassing.PassReferralID(ReferralIDPassing.java:60)
</failure>
    <system-out><![CDATA[Request URL: https://hydraqa.unicity.net/v5a-test/quotes?&expand=item
Entry Quotes response : {"items":[{"currency":"USD","lines":{"items":[{"item":{"href":"https:\/\/hydraqa.unicity.net\/v5a-test\/items\/50747027a065cb8361c1f0d6eb880466","id":{"unicity":"32030"}},"terms":{"priceEach":"143.0000","pvEach":"102.0000"},"quantity":1}]}},{"currency":"USD","lines":{"items":[{"item":{"href":"https:\/\/hydraqa.unicity.net\/v5a-test\/items\/d306a0b65f27f19b4968e5c05906a9f4","id":{"unicity":"31314"}},"terms":{"priceEach":"384.0000","pvEach":"266.0000"},"quantity":1}]}},{"currency":"USD","lines":{"items":[{"item":{"href":"https:\/\/hydraqa.unicity.net\/v5a-test\/items\/716b7a0bca7fa73e42e000d668e7ee65","id":{"unicity":"15129"}},"terms":{"priceEach":"22.0000","pvEach":"10.0000"},"quantity":1}]}},{"currency":"USD","lines":{"items":[{"item":{"href":"https:\/\/hydraqa.unicity.net\/v5a-test\/items\/9a7715e888c94989d898fe4653645721","id":{"unicity":"26550"}},"terms":{"priceEach":"80.0000","pvEach":"52.0000"},"quantity":1}]}},{"currency":"USD","lines":{"items":[{"item":{"href":"https:\/\/hydraqa.unicity.net\/v5a-test\/items\/80a898d805f759925797847a176bf62f","id":{"unicity":"26551"}},"terms":{"priceEach":"80.0000","pvEach":"52.0000"},"quantity":1}]}},{"currency":"USD","lines":{"items":[{"item":{"href":"https:\/\/hydraqa.unicity.net\/v5a-test\/items\/292b6aee9c1193e9488e9ae6e3a845e4","id":{"unicity":"29684"}},"terms":{"priceEach":"242.0000","pvEach":"144.0000"},"quantity":1}]}},{"currency":"USD","lines":{"items":[{"item":{"href":"https:\/\/hydraqa.unicity.net\/v5a-test\/items\/fbb319232b7eed110794d46a68302acb","id":{"unicity":"31847"}},"terms":{"priceEach":"120.0000","pvEach":"80.0000"},"quantity":1}]}},{"currency":"USD","lines":{"items":[{"item":{"href":"https:\/\/hydraqa.unicity.net\/v5a-test\/items\/077823d29445b9020de9931f10c63efd","id":{"unicity":"31958"}},"terms":{"priceEach":"129.0000","pvEach":"85.0000"},"quantity":1}]}},{"currency":"USD","lines":{"items":[{"item":{"href":"https:\/\/hydraqa.unicity.net\/v5a-test\/items\/00c2eb70c985722ce208490aece00945","id":{"unicity":"31729"}},"terms":{"priceEach":"143.0000","pvEach":"100.0000"},"quantity":1}]}},{"currency":"USD","lines":{"items":[{"item":{"href":"https:\/\/hydraqa.unicity.net\/v5a-test\/items\/89b6d29a85a88d44d65bc8cca3fefc65","id":{"unicity":"31845"}},"terms":{"priceEach":"143.0000","pvEach":"100.0000"},"quantity":1}]}},{"currency":"USD","lines":{"items":[{"item":{"href":"https:\/\/hydraqa.unicity.net\/v5a-test\/items\/3875e24e6b6ebdf36c79d205614ed51e","id":{"unicity":"31846"}},"terms":{"priceEach":"126.0000","pvEach":"94.0000"},"quantity":1}]}},{"currency":"USD","lines":{"items":[{"item":{"href":"https:\/\/hydraqa.unicity.net\/v5a-test\/items\/5bda067b70c43971650a6ef983f612e4","id":{"unicity":"31728"}},"terms":{"priceEach":"126.0000","pvEach":"94.0000"},"quantity":1}]}},{"currency":"USD","lines":{"items":[{"item":{"href":"https:\/\/hydraqa.unicity.net\/v5a-test\/items\/693a7c4a70b06a00471afe8d6cae5023","id":{"unicity":"31730"}},"terms":{"priceEach":"120.0000","pvEach":"80.0000"},"quantity":1}]}},{"currency":"USD","lines":{"items":[{"item":{"href":"https:\/\/hydraqa.unicity.net\/v5a-test\/items\/ccb242d74dcb1fe621cc7bfe1b1de315","id":{"unicity":"31731"}},"terms":{"priceEach":"89.0000","pvEach":"61.0000"},"quantity":1}]}},{"currency":"USD","lines":{"items":[{"item":{"href":"https:\/\/hydraqa.unicity.net\/v5a-test\/items\/764e2db430d361da99e8f6b70c4d0244","id":{"unicity":"29830"}},"terms":{"priceEach":"17.0000","pvEach":"7.0000"},"quantity":1}]}},{"currency":"USD","lines":{"items":[{"item":{"href":"https:\/\/hydraqa.unicity.net\/v5a-test\/items\/8b5ed9aa6c6132e1be5e446f69a3465e","id":{"unicity":"0954"}},"terms":{"priceEach":"21.0000","pvEach":"15.0000"},"quantity":1}]}},{"currency":"USD","lines":{"items":[{"item":{"href":"https:\/\/hydraqa.unicity.net\/v5a-test\/items\/b91affa753dd5ee8a9acef4fa7e2c9a7","id":{"unicity":"30414"}},"terms":{"priceEach":"94.0000","pvEach":"65.0000"},"quantity":1}]}},{"currency":"USD","lines":{"items":[{"item":{"href":"https:\/\/hydraqa.unicity.net\/v5a-test\/items\/9d9d002b0e21b9bd58ad0154a4f781c5","id":{"unicity":"28836"}},"terms":{"priceEach":"58.0000","pvEach":"36.0000"},"quantity":1}]}},{"currency":"USD","lines":{"items":[{"item":{"href":"https:\/\/hydraqa.unicity.net\/v5a-test\/items\/399be8efa903b362515c48315ab2afb9","id":{"unicity":"15712"}},"terms":{"priceEach":"15.0000","pvEach":"5.0000"},"quantity":1}]}},{"currency":"USD","lines":{"items":[{"item":{"href":"https:\/\/hydraqa.unicity.net\/v5a-test\/items\/390a7ae70d5669561ecdf7d5cff2671b","id":{"unicity":"15271"}},"terms":{"priceEach":"69.0000","pvEach":"27.0000"},"quantity":1}]}},{"currency":"USD","lines":{"items":[{"item":{"href":"https:\/\/hydraqa.unicity.net\/v5a-test\/items\/933f0856fd8ec1df83c5283dabf4ec3c","id":{"unicity":"6200"}},"terms":{"priceEach":"68.0000","pvEach":"47.0000"},"quantity":1}]}},{"currency":"USD","lines":{"items":[{"item":{"href":"https:\/\/hydraqa.unicity.net\/v5a-test\/items\/75faf5436630ed02a683726aa0e9056f","id":{"unicity":"22165"}},"terms":{"priceEach":"86.0000","pvEach":"65.0000"},"quantity":1}]}},{"currency":"USD","lines":{"items":[{"item":{"href":"https:\/\/hydraqa.unicity.net\/v5a-test\/items\/0cf62d38e91953b43dcfe88b06f813cb","id":{"unicity":"26557"}},"terms":{"priceEach":"79.0000","pvEach":"61.0000"},"quantity":1}]}},{"currency":"USD","lines":{"items":[{"item":{"href":"https:\/\/hydraqa.unicity.net\/v5a-test\/items\/3af97c67f653253825a9189a27da57d6","id":{"unicity":"26556"}},"terms":{"priceEach":"79.0000","pvEach":"61.0000"},"quantity":1}]}},{"currency":"USD","lines":{"items":[{"item":{"href":"https:\/\/hydraqa.unicity.net\/v5a-test\/items\/d489ec0d50f6e28d5743afc65439631b","id":{"unicity":"0960"}},"terms":{"priceEach":"37.0000","pvEach":"23.0000"},"quantity":1}]}},{"currency":"USD","lines":{"items":[{"item":{"href":"https:\/\/hydraqa.unicity.net\/v5a-test\/items\/66839181d7531692a8d886a9da6fb4d6","id":{"unicity":"25369"}},"terms":{"priceEach":"48.0000","pvEach":"25.0000"},"quantity":1}]}},{"currency":"USD","lines":{"items":[{"item":{"href":"https:\/\/hydraqa.unicity.net\/v5a-test\/items\/0eebdede5bdb8bf4d71e800b6f3cead1","id":{"unicity":"30825"}},"terms":{"priceEach":"49.0000","pvEach":"25.0000"},"quantity":1}]}},{"currency":"USD","lines":{"items":[{"item":{"href":"https:\/\/hydraqa.unicity.net\/v5a-test\/items\/5c2f1613082782e691d32fe9ce034026","id":{"unicity":"23728"}},"terms":{"priceEach":"26.0000","pvEach":"13.0000"},"quantity":1}]}},{"currency":"USD","lines":{"items":[{"item":{"href":"https:\/\/hydraqa.unicity.net\/v5a-test\/items\/9a6e1d094182389c3da8e0a320ff0e00","id":{"unicity":"27585"}},"terms":{"priceEach":"56.0000","pvEach":"33.0000"},"quantity":1}]}},{"currency":"USD","lines":{"items":[{"item":{"href":"https:\/\/hydraqa.unicity.net\/v5a-test\/items\/25eaf64b36ce31368f17ae789fd9ac5b","id":{"unicity":"29694"}},"terms":{"priceEach":"56.0000","pvEach":"33.0000"},"quantity":1}]}},{"currency":"USD","lines":{"items":[{"item":{"href":"https:\/\/hydraqa.unicity.net\/v5a-test\/items\/112b8c39286598b3730f630f371a45f4","id":{"unicity":"27587"}},"terms":{"priceEach":"58.0000","pvEach":"33.0000"},"quantity":1}]}},{"currency":"USD","lines":{"items":[{"item":{"href":"https:\/\/hydraqa.unicity.net\/v5a-test\/items\/16ca68abaaa92505c257be022a154769","id":{"unicity":"27615"}},"terms":{"priceEach":"29.0000","pvEach":"21.0000"},"quantity":1}]}},{"currency":"USD","lines":{"items":[{"item":{"href":"https:\/\/hydraqa.unicity.net\/v5a-test\/items\/362999101a321b721c87110710ae77b0","id":{"unicity":"29352"}},"terms":{"priceEach":"119.0000","pvEach":"80.0000"},"quantity":1}]}},{"currency":"USD","lines":{"items":[{"item":{"href":"https:\/\/hydraqa.unicity.net\/v5a-test\/items\/2f028442193b3166b6c4f9590bd352b4","id":{"unicity":"32366"}},"terms":{"priceEach":"94.0000","pvEach":"68.0000"},"quantity":1}]}},{"currency":"USD","lines":{"items":[{"item":{"href":"https:\/\/hydraqa.unicity.net\/v5a-test\/items\/18f4c25c966306833f623287c875d6ba","id":{"unicity":"32369"}},"terms":{"priceEach":"151.0000","pvEach":"93.0000"},"quantity":1}]}},{"currency":"USD","lines":{"items":[{"item":{"href":"https:\/\/hydraqa.unicity.net\/v5a-test\/items\/779b47d856ea7e246c9e5aabc6eca794","id":{"unicity":"32370"}},"terms":{"priceEach":"136.0000","pvEach":"95.0000"},"quantity":1}]}},{"currency":"USD","lines":{"items":[{"item":{"href":"https:\/\/hydraqa.unicity.net\/v5a-test\/items\/05ca08f3808f126c0cc42154c50fc75c","id":{"unicity":"29440"}},"terms":{"priceEach":"120.0000","pvEach":"90.0000"},"quantity":1}]}},{"currency":"USD","lines":{"items":[{"item":{"href":"https:\/\/hydraqa.unicity.net\/v5a-test\/items\/cea826eab72d44641c070aab6c97c1ac","id":{"unicity":"22747"}},"terms":{"priceEach":"27.0000","pvEach":"16.0000"},"quantity":1}]}},{"currency":"USD","lines":{"items":[{"item":{"href":"https:\/\/hydraqa.unicity.net\/v5a-test\/items\/1945faa1776541d53120ecfe3c1d8a2b","id":{"unicity":"24418"}},"terms":{"priceEach":"5.0000","pvEach":"0.0000"},"quantity":1}]}},{"currency":"USD","lines":{"items":[{"item":{"href":"https:\/\/hydraqa.unicity.net\/v5a-test\/items\/e0a19d3d676bccfdba0ab3d9f2766359","id":{"unicity":"30350"}},"terms":{"priceEach":"50.0000","pvEach":"30.0000"},"quantity":1}]}},{"currency":"USD","lines":{"items":[{"item":{"href":"https:\/\/hydraqa.unicity.net\/v5a-test\/items\/b2fc4b9ba4aa5cae54389161be2f841f","id":{"unicity":"18401"}},"terms":{"priceEach":"31.0000","pvEach":"19.0000"},"quantity":1}]}},{"currency":"USD","lines":{"items":[{"item":{"href":"https:\/\/hydraqa.unicity.net\/v5a-test\/items\/1b0412bea8c0b841c66f65a36aa14108","id":{"unicity":"29191"}},"terms":{"priceEach":"64.0000","pvEach":"36.0000"},"quantity":1}]}},{"currency":"USD","lines":{"items":[{"item":{"href":"https:\/\/hydraqa.unicity.net\/v5a-test\/items\/1bd53de7fe880ba71f46c9976ca2c137","id":{"unicity":"27739"}},"terms":{"priceEach":"33.0000","pvEach":"13.0000"},"quantity":1}]}},{"currency":"USD","lines":{"items":[{"item":{"href":"https:\/\/hydraqa.unicity.net\/v5a-test\/items\/035189015384166df518a68ede0299a9","id":{"unicity":"30408"}},"terms":{"priceEach":"84.0000","pvEach":"50.0000"},"quantity":1}]}},{"currency":"USD","lines":{"items":[{"item":{"href":"https:\/\/hydraqa.unicity.net\/v5a-test\/items\/bed533c634e887357ff031d8e4c776b0","id":{"unicity":"31751"}},"terms":{"priceEach":"99.0000","pvEach":"50.0000"},"quantity":1}]}},{"currency":"USD","lines":{"items":[{"item":{"href":"https:\/\/hydraqa.unicity.net\/v5a-test\/items\/e5029d0db50d6ea324b5e25f54d82636","id":{"unicity":"31651"}},"terms":{"priceEach":"29.0000","pvEach":"14.0000"},"quantity":1}]}},{"currency":"USD","lines":{"items":[{"item":{"href":"https:\/\/hydraqa.unicity.net\/v5a-test\/items\/c201dcd36f4bb7e17e7a8481ef08d6f2","id":{"unicity":"31518"}},"terms":{"priceEach":"29.0000","pvEach":"14.0000"},"quantity":1}]}},{"currency":"USD","lines":{"items":[{"item":{"href":"https:\/\/hydraqa.unicity.net\/v5a-test\/items\/f5a91f19576078a69f82c9f58805f479","id":{"unicity":"31655"}},"terms":{"priceEach":"29.0000","pvEach":"14.0000"},"quantity":1}]}},{"currency":"USD","lines":{"items":[{"item":{"href":"https:\/\/hydraqa.unicity.net\/v5a-test\/items\/0a3ede185ddf034630afd891c5106d33","id":{"unicity":"26562"}},"terms":{"priceEach":"33.0000","pvEach":"25.0000"},"quantity":1}]}},{"currency":"USD","lines":{"items":[{"item":{"href":"https:\/\/hydraqa.unicity.net\/v5a-test\/items\/1d977fb1e1c0aa5d0b71ee2cf01e7b4d","id":{"unicity":"32016"}},"terms":{"priceEach":"206.0000","pvEach":"130.0000"},"quantity":1}]}},{"currency":"USD","lines":{"items":[{"item":{"href":"https:\/\/hydraqa.unicity.net\/v5a-test\/items\/1524974f80be01c93083e794816394ab","id":{"unicity":"32017"}},"terms":{"priceEach":"206.0000","pvEach":"130.0000"},"quantity":1}]}},{"currency":"USD","lines":{"items":[{"item":{"href":"https:\/\/hydraqa.unicity.net\/v5a-test\/items\/4b2034f47fce90b87bba28c5c2d7c25d","id":{"unicity":"15880"}},"terms":{"priceEach":"59.0000","pvEach":"41.0000"},"quantity":1}]}},{"currency":"USD","lines":{"items":[{"item":{"href":"https:\/\/hydraqa.unicity.net\/v5a-test\/items\/3d89c4f7e508dfba4018dc9c732084de","id":{"unicity":"29181"}},"terms":{"priceEach":"24.0000","pvEach":"12.0000"},"quantity":1}]}},{"currency":"USD","lines":{"items":[{"item":{"href":"https:\/\/hydraqa.unicity.net\/v5a-test\/items\/9ce45d695c87f93b29794041362b5192","id":{"unicity":"26945"}},"terms":{"priceEach":"35.0000","pvEach":"0.0000"},"quantity":1}]}},{"currency":"USD","lines":{"items":[{"item":{"href":"https:\/\/hydraqa.unicity.net\/v5a-test\/items\/aa0d72ac13b1ce88cf8c4a52ede75a37","id":{"unicity":"26552"}},"terms":{"priceEach":"70.0000","pvEach":"50.0000"},"quantity":1}]}},{"currency":"USD","lines":{"items":[{"item":{"href":"https:\/\/hydraqa.unicity.net\/v5a-test\/items\/5c6f1a39257b63482d454789e4d2035c","id":{"unicity":"26553"}},"terms":{"priceEach":"80.0000","pvEach":"50.0000"},"quantity":1}]}},{"currency":"USD","lines":{"items":[{"item":{"href":"https:\/\/hydraqa.unicity.net\/v5a-test\/items\/8d994059c399f5551ab112574e4476fc","id":{"unicity":"24785"}},"terms":{"priceEach":"14.0000","pvEach":"9.0000"},"quantity":1}]}},{"currency":"USD","lines":{"items":[{"item":{"href":"https:\/\/hydraqa.unicity.net\/v5a-test\/items\/8ed7a8910d5c5335774fa9cfae0e511d","id":{"unicity":"18386"}},"terms":{"priceEach":"27.0000","pvEach":"21.0000"},"quantity":1}]}},{"currency":"USD","lines":{"items":[{"item":{"href":"https:\/\/hydraqa.unicity.net\/v5a-test\/items\/398d06b858b960f6f38086d40608aef2","id":{"unicity":"26560"}},"terms":{"priceEach":"16.0000","pvEach":"12.0000"},"quantity":1}]}},{"currency":"USD","lines":{"items":[{"item":{"href":"https:\/\/hydraqa.unicity.net\/v5a-test\/items\/55d3b550a17b78175cc5ac565e4266e8","id":{"unicity":"24621"}},"terms":{"priceEach":"20.0000","pvEach":"12.0000"},"quantity":1}]}},{"currency":"USD","lines":{"items":[{"item":{"href":"https:\/\/hydraqa.unicity.net\/v5a-test\/items\/bb5c627f16547cb4f706cef521bca356","id":{"unicity":"29437"}},"terms":{"priceEach":"62.0000","pvEach":"36.0000"},"quantity":1}]}},{"currency":"USD","lines":{"items":[{"item":{"href":"https:\/\/hydraqa.unicity.net\/v5a-test\/items\/0e78fbdfebef11cd62f8d2120064ee58","id":{"unicity":"30280"}},"terms":{"priceEach":"42.0000","pvEach":"24.0000"},"quantity":1}]}},{"currency":"USD","lines":{"items":[{"item":{"href":"https:\/\/hydraqa.unicity.net\/v5a-test\/items\/2835b1a78e379486f0ffbfd5fb9f6b0a","id":{"unicity":"30400"}},"terms":{"priceEach":"38.0000","pvEach":"28.0000"},"quantity":1}]}},{"currency":"USD","lines":{"items":[{"item":{"href":"https:\/\/hydraqa.unicity.net\/v5a-test\/items\/84bf86533ae28dc84370f3699cc13a1d","id":{"unicity":"17744"}},"terms":{"priceEach":"97.0000","pvEach":"62.0000"},"quantity":1}]}},{"currency":"USD","lines":{"items":[{"item":{"href":"https:\/\/hydraqa.unicity.net\/v5a-test\/items\/48433ffc76597c823adc2b8627e033e4","id":{"unicity":"26559"}},"terms":{"priceEach":"30.0000","pvEach":"20.0000"},"quantity":1}]}},{"currency":"USD","lines":{"items":[{"item":{"href":"https:\/\/hydraqa.unicity.net\/v5a-test\/items\/5a38f009bec6c23b1b3a70432f9722e5","id":{"unicity":"19596"}},"terms":{"priceEach":"49.0000","pvEach":"30.0000"},"quantity":1}]}},{"currency":"USD","lines":{"items":[{"item":{"href":"https:\/\/hydraqa.unicity.net\/v5a-test\/items\/38da42f991a40a00153b2e5055b82dbf","id":{"unicity":"27801"}},"terms":{"priceEach":"195.0000","pvEach":"130.0000"},"quantity":1}]}},{"currency":"USD","lines":{"items":[{"item":{"href":"https:\/\/hydraqa.unicity.net\/v5a-test\/items\/051e765a5a71835a859c2757edd359f0","id":{"unicity":"26580"}},"terms":{"priceEach":"195.0000","pvEach":"130.0000"},"quantity":1}]}},{"currency":"USD","lines":{"items":[{"item":{"href":"https:\/\/hydraqa.unicity.net\/v5a-test\/items\/8c21f026bb6a32624e0c80475bf8efb0","id":{"unicity":"25880"}},"terms":{"priceEach":"33.0000","pvEach":"23.0000"},"quantity":1}]}},{"currency":"USD","lines":{"items":[{"item":{"href":"https:\/\/hydraqa.unicity.net\/v5a-test\/items\/e218d1cac5f31e7ae4f5876c29c57377","id":{"unicity":"29017"}},"terms":{"priceEach":"38.0000","pvEach":"26.0000"},"quantity":1}]}},{"currency":"USD","lines":{"items":[{"item":{"href":"https:\/\/hydraqa.unicity.net\/v5a-test\/items\/24ff5bda40c0d0e7eaa511866d052915","id":{"unicity":"29612"}},"terms":{"priceEach":"49.0000","pvEach":"30.0000"},"quantity":1}]}},{"currency":"USD","lines":{"items":[{"item":{"href":"https:\/\/hydraqa.unicity.net\/v5a-test\/items\/2c4c1abe00983e85aaa918d2ce341491","id":{"unicity":"17174"}},"terms":{"priceEach":"17.0000","pvEach":"10.0000"},"quantity":1}]}},{"currency":"USD","lines":{"items":[{"item":{"href":"https:\/\/hydraqa.unicity.net\/v5a-test\/items\/3f2d12d7a0e8551fc99fad3bbe1ba633","id":{"unicity":"26567"}},"terms":{"priceEach":"56.0000","pvEach":"35.0000"},"quantity":1}]}},{"currency":"USD","lines":{"items":[{"item":{"href":"https:\/\/hydraqa.unicity.net\/v5a-test\/items\/191637167cb3144bd2e8c4615e9ab67e","id":{"unicity":"26568"}},"terms":{"priceEach":"56.0000","pvEach":"35.0000"},"quantity":1}]}},{"currency":"USD","lines":{"items":[{"item":{"href":"https:\/\/hydraqa.unicity.net\/v5a-test\/items\/2cefc6a61faaae3455a5adcb0d8fc74f","id":{"unicity":"15907"}},"terms":{"priceEach":"15.0000","pvEach":"5.0000"},"quantity":1}]}},{"currency":"USD","lines":{"items":[{"item":{"href":"https:\/\/hydraqa.unicity.net\/v5a-test\/items\/e870d73cd94149d9f6b55de9736c9daa","id":{"unicity":"3107"}},"terms":{"priceEach":"24.0000","pvEach":"16.0000"},"quantity":1}]}},{"currency":"USD","lines":{"items":[{"item":{"href":"https:\/\/hydraqa.unicity.net\/v5a-test\/items\/b127a2d34d3d73e2f53e4c2002a7a4a2","id":{"unicity":"25008"}},"terms":{"priceEach":"19.0000","pvEach":"15.0000"},"quantity":1}]}},{"currency":"USD","lines":{"items":[{"item":{"href":"https:\/\/hydraqa.unicity.net\/v5a-test\/items\/dcdf1b79b8b6f644100ffc20fdca4683","id":{"unicity":"27835"}},"terms":{"priceEach":"1455.0000","pvEach":"1000.0000"},"quantity":1}]}},{"currency":"USD","lines":{"items":[{"item":{"href":"https:\/\/hydraqa.unicity.net\/v5a-test\/items\/efe7d99f2b77ea614d624d371afa4244","id":{"unicity":"25543"}},"terms":{"priceEach":"1455.0000","pvEach":"1000.0000"},"quantity":1}]}},{"currency":"USD","lines":{"items":[{"item":{"href":"https:\/\/hydraqa.unicity.net\/v5a-test\/items\/2da06ecf761a87f5619997496b83b745","id":{"unicity":"27831"}},"terms":{"priceEach":"1455.0000","pvEach":"1000.0000"},"quantity":1}]}},{"currency":"USD","lines":{"items":[{"item":{"href":"https:\/\/hydraqa.unicity.net\/v5a-test\/items\/1ab3a5a9b55fdf3618d21bf1d528afe4","id":{"unicity":"25542"}},"terms":{"priceEach":"1455.0000","pvEach":"1000.0000"},"quantity":1}]}},{"currency":"USD","lines":{"items":[{"item":{"href":"https:\/\/hydraqa.unicity.net\/v5a-test\/items\/52f0d3751a2d8f3f3670328e8157de5e","id":{"unicity":"27833"}},"terms":{"priceEach":"1455.0000","pvEach":"1000.0000"},"quantity":1}]}},{"currency":"USD","lines":{"items":[{"item":{"href":"https:\/\/hydraqa.unicity.net\/v5a-test\/items\/1535f370eb06bf30117fa28aa9ab1179","id":{"unicity":"25544"}},"terms":{"priceEach":"1455.0000","pvEach":"1000.0000"},"quantity":1}]}},{"currency":"USD","lines":{"items":[{"item":{"href":"https:\/\/hydraqa.unicity.net\/v5a-test\/items\/87f09080f7a29929816891acef721667","id":{"unicity":"25545"}},"terms":{"priceEach":"1455.0000","pvEach":"1000.0000"},"quantity":1}]}},{"currency":"USD","lines":{"items":[{"item":{"href":"https:\/\/hydraqa.unicity.net\/v5a-test\/items\/991cdbb84a495779eb209fb3956a77e4","id":{"unicity":"29183"}},"terms":{"priceEach":"42.0000","pvEach":"24.0000"},"quantity":1}]}},{"currency":"USD","lines":{"items":[{"item":{"href":"https:\/\/hydraqa.unicity.net\/v5a-test\/items\/cda534d686af5d627c94c4bb2c4b57d8","id":{"unicity":"26561"}},"terms":{"priceEach":"16.0000","pvEach":"11.0000"},"quantity":1}]}},{"currency":"USD","lines":{"items":[{"item":{"href":"https:\/\/hydraqa.unicity.net\/v5a-test\/items\/10da226fab00279b4f89df10af2a10b7","id":{"unicity":"26442"}},"terms":{"priceEach":"6.0000","pvEach":"0.0000"},"quantity":1}]}},{"currency":"USD","lines":{"items":[{"item":{"href":"https:\/\/hydraqa.unicity.net\/v5a-test\/items\/2de8516a24af8232add0bb392e750a71","id":{"unicity":"31859"}},"terms":{"priceEach":"179.0000","pvEach":"130.0000"},"quantity":1}]}},{"currency":"USD","lines":{"items":[{"item":{"href":"https:\/\/hydraqa.unicity.net\/v5a-test\/items\/cf8460040a1860bcabf250b6c1171675","id":{"unicity":"31858"}},"terms":{"priceEach":"269.0000","pvEach":"195.0000"},"quantity":1}]}},{"currency":"USD","lines":{"items":[{"item":{"href":"https:\/\/hydraqa.unicity.net\/v5a-test\/items\/4ab49eca1731e69206ccafb5112ad5a4","id":{"unicity":"31861"}},"terms":{"priceEach":"196.0000","pvEach":"135.0000"},"quantity":1}]}},{"currency":"USD","lines":{"items":[{"item":{"href":"https:\/\/hydraqa.unicity.net\/v5a-test\/items\/d4c8fce238d6fc34d17a4b36d1e4e59a","id":{"unicity":"31860"}},"terms":{"priceEach":"196.0000","pvEach":"135.0000"},"quantity":1}]}},{"currency":"USD","lines":{"items":[{"item":{"href":"https:\/\/hydraqa.unicity.net\/v5a-test\/items\/fd464cd7972cc1317e850b9196d886b8","id":{"unicity":"31863"}},"terms":{"priceEach":"210.0000","pvEach":"148.0000"},"quantity":1}]}},{"currency":"USD","lines":{"items":[{"item":{"href":"https:\/\/hydraqa.unicity.net\/v5a-test\/items\/e47fd287212acedd1cffb2b67bf623bd","id":{"unicity":"31862"}},"terms":{"priceEach":"210.0000","pvEach":"148.0000"},"quantity":1}]}},{"currency":"USD","lines":{"items":[{"item":{"href":"https:\/\/hydraqa.unicity.net\/v5a-test\/items\/024e696f8b44a1d315006e676604cd31","id":{"unicity":"27395"}},"terms":{"priceEach":"25.0000","pvEach":"16.0000"},"quantity":1}]}},{"currency":"USD","lines":{"items":[{"item":{"href":"https:\/\/hydraqa.unicity.net\/v5a-test\/items\/3ddd31ddbe0e5807756d2488e7cc3602","id":{"unicity":"31440"}},"terms":{"priceEach":"40.0000","pvEach":"0.0000"},"quantity":1}]}},{"currency":"USD","lines":{"items":[{"item":{"href":"https:\/\/hydraqa.unicity.net\/v5a-test\/items\/90d5ee3af77bdc64ecf28a45b604bf3d","id":{"unicity":"31441"}},"terms":{"priceEach":"40.0000","pvEach":"0.0000"},"quantity":1}]}},{"currency":"USD","lines":{"items":[{"item":{"href":"https:\/\/hydraqa.unicity.net\/v5a-test\/items\/91a6016282310b83203d0bb7bea14a0f","id":{"unicity":"29050"}},"terms":{"priceEach":"12.9500","pvEach":"0.0000"},"quantity":1}]}},{"currency":"USD","lines":{"items":[{"item":{"href":"https:\/\/hydraqa.unicity.net\/v5a-test\/items\/7fc100f8d20814757efe2d79e41b315c","id":{"unicity":"32021"}},"terms":{"priceEach":"89.0000","pvEach":"60.0000"},"quantity":1}]}},{"currency":"USD","lines":{"items":[{"item":{"href":"https:\/\/hydraqa.unicity.net\/v5a-test\/items\/634f7efb30392b2a919de1355902d975","id":{"unicity":"29408"}},"terms":{"priceEach":"80.0000","pvEach":"52.0000"},"quantity":1}]}},{"currency":"USD","lines":{"items":[{"item":{"href":"https:\/\/hydraqa.unicity.net\/v5a-test\/items\/fa2407c91e64e66a72ab45172eb978df","id":{"unicity":"0988"}},"terms":{"priceEach":"36.0000","pvEach":"23.0000"},"quantity":1}]}},{"currency":"USD","lines":{"items":[{"item":{"href":"https:\/\/hydraqa.unicity.net\/v5a-test\/items\/64ec7ad932acafab052a4e8800ad1238","id":{"unicity":"24758"}},"terms":{"priceEach":"31.0000","pvEach":"21.0000"},"quantity":1}]}},{"currency":"USD","lines":{"items":[{"item":{"href":"https:\/\/hydraqa.unicity.net\/v5a-test\/items\/c61892f0a7b7e88054169a31d65d95e0","id":{"unicity":"18373"}},"terms":{"priceEach":"17.0000","pvEach":"10.0000"},"quantity":1}]}},{"currency":"USD","lines":{"items":[{"item":{"href":"https:\/\/hydraqa.unicity.net\/v5a-test\/items\/40a1044968ea62276f4ba87fd2ef0d8f","id":{"unicity":"12230"}},"terms":{"priceEach":"45.0000","pvEach":"18.0000"},"quantity":1}]}},{"currency":"USD","lines":{"items":[{"item":{"href":"https:\/\/hydraqa.unicity.net\/v5a-test\/items\/9ff4257741d464b686d15be955b8afb6","id":{"unicity":"0963"}},"terms":{"priceEach":"42.0000","pvEach":"25.0000"},"quantity":1}]}},{"currency":"USD","lines":{"items":[{"item":{"href":"https:\/\/hydraqa.unicity.net\/v5a-test\/items\/ddef5f478ff91aa2263b646a3bd03dea","id":{"unicity":"21420"}},"terms":{"priceEach":"24.0000","pvEach":"10.0000"},"quantity":1}]}}]}
Entry request : {"order":{"customer":{"href":"https://hydraqa.unicity.net/v5a-test/customers?type=Associate"},"shipToAddress":{"country":"US"}},"vary":{"lines":{"items":[{"item":{"href":"https://hydraqa.unicity.net/v5a-test/items?id.unicity=26580|31440|31441|31651|31655|31518|31751|27801|31858|31859|31862|32030|29684|32016|32017|31727|31729|31730|31731|0963|15129|15271|15880|17174|22745|22747|23728|24758|25022|26550|26556|26557|26560|26561|26562|27615|27739|24418|22888|27585|17744|25008|26442|26551|6200|15916|18908|24785|29050|26552|26553|27028|0954|18401|27029|26559|19596|25542|25544|27835|25543|25545|26945|25535|21420|24621|27831|27833|27837|28836|15712|22165|0960|25369|30825|18386|26567|26568|15907|28513|3107|0988|18373|12230|26950|26786|27587|29017|25880|29694|29408|29437|29181|29183|29191|29352|29612|30350|27395|29440|29830|30408|30414|30400|30280|31314|31728|31842|31846|31845|31847|31863|31860|31861|31958|32021|32364|32365|32366|32367|32368|32369|32370|32371|32372|31106|26555"}}]}}}
Request URL: https://hydraqa.unicity.net/v5a-test/customers.js?callback=angular.callbacks._1&expand=customer,profilePicture&id.unicity=36554001
Request URL: https://hydraqa.unicity.net/v5a-test/customers.js?_httpMethod=HEAD&callback=angular.callbacks._3&email=DDKMSN@gmail.com
Request URL: https://hydraqa.unicity.net/v5a-test/addresses?country=US&zip=33024
Entry response : {"items":[{"city":"Pembroke Pines","state":"FL"}]}
No Pop UP
{sponsor=36554001, gender=male, city=HOLLYWOOD, signature=TestSignature, cartprice=674.0, enroller=36554001, responsedob=1994-03-03, arpack=Prime Health Pack - Cholesterol, Energy, Vanilla, language=English, locale=en, type=Associate, coapplicanttype=Spouse, platform=QA, lname=TestLastName, password=Unicity, genderoption=Male, Currency=USD, api=3, state=[FL], email=DDKMSN@gmail.com, coapplicant=TestSpouseName, zip=33024, fname=TestFirstName, prefferd=United States, address1=4209 E STONECREEK, shippingmethod=type=3Days, version=v5a-test/, testcase=referalid, market=United States, aritemcode=26580, martial=Married, phone=9823746323, dob=03/03/1994, govid=581828798, proto=https://hydraqa.unicity.net/, marketcode=US, maritaloption=Married, ccname=CCNameTest}
Request URL: https://hydraqa.unicity.net/v5a-test/orders.js
Entry request : {"customer":{"mainAddress":{"city":"HOLLYWOOD","country":"US","state":"FL","zip":"33024","address1":"4209 E STONECREEK","address2":""},"humanName":{"firstName":"TestFirstName","lastName":"TestLastName"},"email":"DDKMSN@gmail.com","preferredLocale":"en-US","password":{"value":"Unicity"},"gender":"male","maritalStatus":"Married","type":"Associate","creditcardaliases":[{"methodDetails":{"creditCardNumber":"4111111111111111","payer":"TestFirstName TestLastName","creditCardExpires":"2020-10"},"billToName":{"firstName":"TestFirstName","lastName":"TestLastName"},"billToAddress":{"address1":"4209 E STONECREEK","address2":"","city":"HOLLYWOOD","state":"FL","zip":"33024","country":"US"}}],"sponsor":{"href":"https://hydraqa.unicity.net/v5a-test/customers?id.unicity=36554001"},"enroller":{"href":"https://hydraqa.unicity.net/v5a-test/customers?id.unicity=36554001"},"homePhone":"9823746323","birthDate":"1994-03-03","autoorders":{"items":[{"recurrence":{"schedule":{"month":"*","dayOfMonth":"5"},"status":"Enabled"},"lines":{"items":[{"item":{"href":"https://hydraqa.unicity.net/v5a-test/items?id.unicity=26580"},"quantity":1}]},"shipToName":{"firstName":"TestFirstName","lastName":"TestLastName"},"shipToPhone":"9823746323","shipToEmail":"DDKMSN@gmail.com","shipToAddress":{"city":"HOLLYWOOD","country":"US","state":"FL","address1":"4209 E STONECREEK","address2":"","zip":"33024"},"shippingMethod":{"href":"https://hydraqa.unicity.net/v5a-test/shippingmethods?type=3Days"},"transactions":{"items":[{"amount":"this.terms.total","type":"AuthorizeAndCapture","method":"CreditCardAlias","methodDetails":{"alias":"this.customer.creditcardaliases[0].alias"}}]}}]},"coapplicant":{"type":"Spouse","details":{"humanName":{"firstName":"TestSpouseName","lastName":""}}},"rights":[],"signature":{"value":"TestSignature"},"taxTerms":{"taxId":"581828798","taxIdExpires":"2025-12-30"}},"lines":{"items":[{"item":{"href":"https://hydraqa.unicity.net/v5a-test/items?id.unicity=31440"},"quantity":1},{"item":{"href":"https://hydraqa.unicity.net/v5a-test/items?id.unicity=31518"},"quantity":1},{"item":{"href":"https://hydraqa.unicity.net/v5a-test/items?id.unicity=31651"},"quantity":1},{"item":{"href":"https://hydraqa.unicity.net/v5a-test/items?id.unicity=31655"},"quantity":1},{"item":{"href":"https://hydraqa.unicity.net/v5a-test/items?id.unicity=31751"},"quantity":1},{"item":{"href":"https://hydraqa.unicity.net/v5a-test/items?id.unicity=31858"},"quantity":1},{"item":{"href":"https://hydraqa.unicity.net/v5a-test/items?id.unicity=31859"},"quantity":1}]},"shipToName":{"firstName":"TestFirstName","lastName":"TestLastName"},"shipToPhone":"9823746323","shipToEmail":"DDKMSN@gmail.com","shipToAddress":{"city":"HOLLYWOOD","country":"US","state":"FL","address1":"4209 E STONECREEK","address2":"","zip":"33024"},"shippingMethod":{"href":"https://hydraqa.unicity.net/v5a-test/shippingmethods?type=3Days"},"notes":"","transactions":{"items":[{"amount":"this.terms.total","type":"AuthorizeAndCapture","method":"CreditCard","methodDetails":{"creditCardNumber":"4111111111111111","payer":"CCNameTest","creditCardExpires":"2020-10","creditCardSecurityCode":"123"},"billToAddress":{"address1":"4209 E STONECREEK","address2":"","city":"HOLLYWOOD","state":"FL","zip":"33024","country":"US"}},{"type":"AuthorizeAndCapture","method":"Coupon","methodDetails":{"code":"Fre3Aut0Sh!p"}}]}}
Entry response : {"meta":{"Link":"<http:\/\/unicity.github.io\/Hydra.php\/docs\/v5\/>; rel=\"help\"","X-Request-UUID":"12e4f17f-6826-4b2e-a086-347c4e1fb988","X-Request-Release":"5-2020012701\/master","Cache-Control":"no-cache, must-revalidate","Expires":"0","X-Powered-By":"Luracast Restler v3.0.0rc5","Content-Type":"text\/javascript; charset=utf-8","Content-Language":"en-US","X-Status-Code":"201"},"data":{"market":"US","notes":"","shippingMethod":{"href":"https:\/\/hydraqa.unicity.net\/v5a-test\/shippingmethods?type=3Days","location":"","type":"3Days"},"shipToAddress":{"country":"US","state":"FL","city":"HOLLYWOOD","zip":"33024","address1":"4209 E STONECREEK","address2":""},"shipToEmail":"DDKMSN@gmail.com","shipToName":{"firstName":"TestFirstName","lastName":"TestLastName"},"shipToPhone":"9823746323","shipToTime":"","source":null,"type":null,"lines":{"items":[{"quantity":1,"item":{"href":"https:\/\/hydraqa.unicity.net\/v5a-test\/items?id.unicity=31440","id":{"unicity":"31440"}}},{"quantity":1,"item":{"href":"https:\/\/hydraqa.unicity.net\/v5a-test\/items?id.unicity=31518","id":{"unicity":"31518"}}},{"quantity":1,"item":{"href":"https:\/\/hydraqa.unicity.net\/v5a-test\/items?id.unicity=31651","id":{"unicity":"31651"}}},{"quantity":1,"item":{"href":"https:\/\/hydraqa.unicity.net\/v5a-test\/items?id.unicity=31655","id":{"unicity":"31655"}}},{"quantity":1,"item":{"href":"https:\/\/hydraqa.unicity.net\/v5a-test\/items?id.unicity=31751","id":{"unicity":"31751"}}},{"quantity":1,"item":{"href":"https:\/\/hydraqa.unicity.net\/v5a-test\/items?id.unicity=31858","id":{"unicity":"31858"}}},{"quantity":1,"item":{"href":"https:\/\/hydraqa.unicity.net\/v5a-test\/items?id.unicity=31859","id":{"unicity":"31859"}}}]},"transactions":{"items":[{"amount":711.83,"billToAddress":{"address1":"4209 E STONECREEK","address2":"","city":"HOLLYWOOD","state":"FL","zip":"33024","country":"US"},"billToEmail":null,"installments":null,"method":"CreditCard","methodDetails":{"creditCardExpires":"2020-10","creditCardNumber":"411111xxxxxx1111","creditCardSecurityCode":"123","payer":"CCNameTest","payerId":null},"type":"AuthorizeAndCapture"}]},"terms":{"discount":{"amount":40},"pretotal":711.83,"tax":{"amount":23.94},"freight":{"amount":53.89},"subtotal":674,"taxableTotal":687.89,"total":711.83,"pv":417},"currency":"USD","dateCreated":"2020-01-27T20:06:32-07:00","customer":{"humanName":{"firstName":"TestFirstName","lastName":"TestLastName"},"mainAddress":{"city":"HOLLYWOOD","country":"US","state":"FL","zip":"33024","address1":"4209 E STONECREEK","address2":""},"type":"Associate","email":"DDKMSN@gmail.com","taxTerms":{"exemption":null,"taxId":"581828798","taxIdExpires":"2025-12-30"},"signature":{"value":"TestSignature"},"gender":"male","password":{"value":"Unicity"},"enroller":{"href":"https:\/\/hydraqa.unicity.net\/v5a-test\/customers\/c8a0f511723643dd5ba719e2e99a32ba82ff3eda31cc639783863e5baba2dbdb","id":{"unicity":36554001},"humanName":{"fullName":"Kent, Clark"},"email":"tyler.cook@unicity.com"},"sponsor":{"href":"https:\/\/hydraqa.unicity.net\/v5a-test\/customers\/c8a0f511723643dd5ba719e2e99a32ba82ff3eda31cc639783863e5baba2dbdb","id":{"unicity":36554001},"humanName":{"fullName":"Kent, Clark"},"email":"tyler.cook@unicity.com"},"birthDate":"1994-03-03","homePhone":"9823746323","preferredLocale":"en-US","maritalStatus":"Married","coapplicant":{"details":{"humanName":{"firstName":"TestSpouseName","lastName":""}},"type":"Spouse"},"autoorders":{"items":[{"id":{"unicity":"64222"}}]},"rights":[],"status":"Active","id":{"unicity":"8202808"},"href":"https:\/\/hydraqa.unicity.net\/v5a-test\/customers\/2edfaac6c34cb945d98893bbb3b0059f","token":"80bb202b-5480-4b8d-adab-bbad7c841a10"},"added_transactions":{"items":[]},"taxedAs":"service","id":{"unicity":"1643187"},"href":"https:\/\/hydraqa.unicity.net\/v5a-test\/orders\/148ac855e2534232f438c314efeda2e1"}}
Headers-->keep-alive
Headers-->3357
Headers-->application/json, text/plain, */*
Headers-->http://enroll.ng.unicityqa.com
Headers-->en-US
]]></system-out>
    <system-err><![CDATA[Starting ChromeDriver 2.36.540470 (e522d04694c7ebea4ba8821272dbef4f9b818c91) on port 39379
Only local connections are allowed.
Jan 27, 2020 8:02:17 PM org.openqa.selenium.remote.ProtocolHandshake createSession
INFO: Detected dialect: OSS
]]></system-err>
  </testcase>
  <testcase name="PassReferralID" classname="Tests.ReferralIDPassing" time="268.126">
    <failure message="Major AR Pack href expected [https://hydraqa.unicity.net/v5a-test/items?id.unicity=26580] but found []" type="java.lang.AssertionError">java.lang.AssertionError: Major AR Pack href expected [https://hydraqa.unicity.net/v5a-test/items?id.unicity=26580] but found []
	at Tests.ReferralIDPassing.PassReferralID(ReferralIDPassing.java:60)
</failure>
    <system-out><![CDATA[Request URL: https://hydraqa.unicity.net/v5a-test/quotes?&expand=item
Entry Quotes response : {"items":[{"currency":"USD","lines":{"items":[{"item":{"href":"https:\/\/hydraqa.unicity.net\/v5a-test\/items\/50747027a065cb8361c1f0d6eb880466","id":{"unicity":"32030"}},"terms":{"priceEach":"143.0000","pvEach":"102.0000"},"quantity":1}]}},{"currency":"USD","lines":{"items":[{"item":{"href":"https:\/\/hydraqa.unicity.net\/v5a-test\/items\/d306a0b65f27f19b4968e5c05906a9f4","id":{"unicity":"31314"}},"terms":{"priceEach":"384.0000","pvEach":"266.0000"},"quantity":1}]}},{"currency":"USD","lines":{"items":[{"item":{"href":"https:\/\/hydraqa.unicity.net\/v5a-test\/items\/716b7a0bca7fa73e42e000d668e7ee65","id":{"unicity":"15129"}},"terms":{"priceEach":"22.0000","pvEach":"10.0000"},"quantity":1}]}},{"currency":"USD","lines":{"items":[{"item":{"href":"https:\/\/hydraqa.unicity.net\/v5a-test\/items\/9a7715e888c94989d898fe4653645721","id":{"unicity":"26550"}},"terms":{"priceEach":"80.0000","pvEach":"52.0000"},"quantity":1}]}},{"currency":"USD","lines":{"items":[{"item":{"href":"https:\/\/hydraqa.unicity.net\/v5a-test\/items\/80a898d805f759925797847a176bf62f","id":{"unicity":"26551"}},"terms":{"priceEach":"80.0000","pvEach":"52.0000"},"quantity":1}]}},{"currency":"USD","lines":{"items":[{"item":{"href":"https:\/\/hydraqa.unicity.net\/v5a-test\/items\/292b6aee9c1193e9488e9ae6e3a845e4","id":{"unicity":"29684"}},"terms":{"priceEach":"242.0000","pvEach":"144.0000"},"quantity":1}]}},{"currency":"USD","lines":{"items":[{"item":{"href":"https:\/\/hydraqa.unicity.net\/v5a-test\/items\/fbb319232b7eed110794d46a68302acb","id":{"unicity":"31847"}},"terms":{"priceEach":"120.0000","pvEach":"80.0000"},"quantity":1}]}},{"currency":"USD","lines":{"items":[{"item":{"href":"https:\/\/hydraqa.unicity.net\/v5a-test\/items\/077823d29445b9020de9931f10c63efd","id":{"unicity":"31958"}},"terms":{"priceEach":"129.0000","pvEach":"85.0000"},"quantity":1}]}},{"currency":"USD","lines":{"items":[{"item":{"href":"https:\/\/hydraqa.unicity.net\/v5a-test\/items\/00c2eb70c985722ce208490aece00945","id":{"unicity":"31729"}},"terms":{"priceEach":"143.0000","pvEach":"100.0000"},"quantity":1}]}},{"currency":"USD","lines":{"items":[{"item":{"href":"https:\/\/hydraqa.unicity.net\/v5a-test\/items\/89b6d29a85a88d44d65bc8cca3fefc65","id":{"unicity":"31845"}},"terms":{"priceEach":"143.0000","pvEach":"100.0000"},"quantity":1}]}},{"currency":"USD","lines":{"items":[{"item":{"href":"https:\/\/hydraqa.unicity.net\/v5a-test\/items\/3875e24e6b6ebdf36c79d205614ed51e","id":{"unicity":"31846"}},"terms":{"priceEach":"126.0000","pvEach":"94.0000"},"quantity":1}]}},{"currency":"USD","lines":{"items":[{"item":{"href":"https:\/\/hydraqa.unicity.net\/v5a-test\/items\/5bda067b70c43971650a6ef983f612e4","id":{"unicity":"31728"}},"terms":{"priceEach":"126.0000","pvEach":"94.0000"},"quantity":1}]}},{"currency":"USD","lines":{"items":[{"item":{"href":"https:\/\/hydraqa.unicity.net\/v5a-test\/items\/693a7c4a70b06a00471afe8d6cae5023","id":{"unicity":"31730"}},"terms":{"priceEach":"120.0000","pvEach":"80.0000"},"quantity":1}]}},{"currency":"USD","lines":{"items":[{"item":{"href":"https:\/\/hydraqa.unicity.net\/v5a-test\/items\/ccb242d74dcb1fe621cc7bfe1b1de315","id":{"unicity":"31731"}},"terms":{"priceEach":"89.0000","pvEach":"61.0000"},"quantity":1}]}},{"currency":"USD","lines":{"items":[{"item":{"href":"https:\/\/hydraqa.unicity.net\/v5a-test\/items\/764e2db430d361da99e8f6b70c4d0244","id":{"unicity":"29830"}},"terms":{"priceEach":"17.0000","pvEach":"7.0000"},"quantity":1}]}},{"currency":"USD","lines":{"items":[{"item":{"href":"https:\/\/hydraqa.unicity.net\/v5a-test\/items\/8b5ed9aa6c6132e1be5e446f69a3465e","id":{"unicity":"0954"}},"terms":{"priceEach":"21.0000","pvEach":"15.0000"},"quantity":1}]}},{"currency":"USD","lines":{"items":[{"item":{"href":"https:\/\/hydraqa.unicity.net\/v5a-test\/items\/b91affa753dd5ee8a9acef4fa7e2c9a7","id":{"unicity":"30414"}},"terms":{"priceEach":"94.0000","pvEach":"65.0000"},"quantity":1}]}},{"currency":"USD","lines":{"items":[{"item":{"href":"https:\/\/hydraqa.unicity.net\/v5a-test\/items\/9d9d002b0e21b9bd58ad0154a4f781c5","id":{"unicity":"28836"}},"terms":{"priceEach":"58.0000","pvEach":"36.0000"},"quantity":1}]}},{"currency":"USD","lines":{"items":[{"item":{"href":"https:\/\/hydraqa.unicity.net\/v5a-test\/items\/399be8efa903b362515c48315ab2afb9","id":{"unicity":"15712"}},"terms":{"priceEach":"15.0000","pvEach":"5.0000"},"quantity":1}]}},{"currency":"USD","lines":{"items":[{"item":{"href":"https:\/\/hydraqa.unicity.net\/v5a-test\/items\/390a7ae70d5669561ecdf7d5cff2671b","id":{"unicity":"15271"}},"terms":{"priceEach":"69.0000","pvEach":"27.0000"},"quantity":1}]}},{"currency":"USD","lines":{"items":[{"item":{"href":"https:\/\/hydraqa.unicity.net\/v5a-test\/items\/933f0856fd8ec1df83c5283dabf4ec3c","id":{"unicity":"6200"}},"terms":{"priceEach":"68.0000","pvEach":"47.0000"},"quantity":1}]}},{"currency":"USD","lines":{"items":[{"item":{"href":"https:\/\/hydraqa.unicity.net\/v5a-test\/items\/75faf5436630ed02a683726aa0e9056f","id":{"unicity":"22165"}},"terms":{"priceEach":"86.0000","pvEach":"65.0000"},"quantity":1}]}},{"currency":"USD","lines":{"items":[{"item":{"href":"https:\/\/hydraqa.unicity.net\/v5a-test\/items\/0cf62d38e91953b43dcfe88b06f813cb","id":{"unicity":"26557"}},"terms":{"priceEach":"79.0000","pvEach":"61.0000"},"quantity":1}]}},{"currency":"USD","lines":{"items":[{"item":{"href":"https:\/\/hydraqa.unicity.net\/v5a-test\/items\/3af97c67f653253825a9189a27da57d6","id":{"unicity":"26556"}},"terms":{"priceEach":"79.0000","pvEach":"61.0000"},"quantity":1}]}},{"currency":"USD","lines":{"items":[{"item":{"href":"https:\/\/hydraqa.unicity.net\/v5a-test\/items\/d489ec0d50f6e28d5743afc65439631b","id":{"unicity":"0960"}},"terms":{"priceEach":"37.0000","pvEach":"23.0000"},"quantity":1}]}},{"currency":"USD","lines":{"items":[{"item":{"href":"https:\/\/hydraqa.unicity.net\/v5a-test\/items\/66839181d7531692a8d886a9da6fb4d6","id":{"unicity":"25369"}},"terms":{"priceEach":"48.0000","pvEach":"25.0000"},"quantity":1}]}},{"currency":"USD","lines":{"items":[{"item":{"href":"https:\/\/hydraqa.unicity.net\/v5a-test\/items\/0eebdede5bdb8bf4d71e800b6f3cead1","id":{"unicity":"30825"}},"terms":{"priceEach":"49.0000","pvEach":"25.0000"},"quantity":1}]}},{"currency":"USD","lines":{"items":[{"item":{"href":"https:\/\/hydraqa.unicity.net\/v5a-test\/items\/5c2f1613082782e691d32fe9ce034026","id":{"unicity":"23728"}},"terms":{"priceEach":"26.0000","pvEach":"13.0000"},"quantity":1}]}},{"currency":"USD","lines":{"items":[{"item":{"href":"https:\/\/hydraqa.unicity.net\/v5a-test\/items\/9a6e1d094182389c3da8e0a320ff0e00","id":{"unicity":"27585"}},"terms":{"priceEach":"56.0000","pvEach":"33.0000"},"quantity":1}]}},{"currency":"USD","lines":{"items":[{"item":{"href":"https:\/\/hydraqa.unicity.net\/v5a-test\/items\/25eaf64b36ce31368f17ae789fd9ac5b","id":{"unicity":"29694"}},"terms":{"priceEach":"56.0000","pvEach":"33.0000"},"quantity":1}]}},{"currency":"USD","lines":{"items":[{"item":{"href":"https:\/\/hydraqa.unicity.net\/v5a-test\/items\/112b8c39286598b3730f630f371a45f4","id":{"unicity":"27587"}},"terms":{"priceEach":"58.0000","pvEach":"33.0000"},"quantity":1}]}},{"currency":"USD","lines":{"items":[{"item":{"href":"https:\/\/hydraqa.unicity.net\/v5a-test\/items\/16ca68abaaa92505c257be022a154769","id":{"unicity":"27615"}},"terms":{"priceEach":"29.0000","pvEach":"21.0000"},"quantity":1}]}},{"currency":"USD","lines":{"items":[{"item":{"href":"https:\/\/hydraqa.unicity.net\/v5a-test\/items\/362999101a321b721c87110710ae77b0","id":{"unicity":"29352"}},"terms":{"priceEach":"119.0000","pvEach":"80.0000"},"quantity":1}]}},{"currency":"USD","lines":{"items":[{"item":{"href":"https:\/\/hydraqa.unicity.net\/v5a-test\/items\/2f028442193b3166b6c4f9590bd352b4","id":{"unicity":"32366"}},"terms":{"priceEach":"94.0000","pvEach":"68.0000"},"quantity":1}]}},{"currency":"USD","lines":{"items":[{"item":{"href":"https:\/\/hydraqa.unicity.net\/v5a-test\/items\/18f4c25c966306833f623287c875d6ba","id":{"unicity":"32369"}},"terms":{"priceEach":"151.0000","pvEach":"93.0000"},"quantity":1}]}},{"currency":"USD","lines":{"items":[{"item":{"href":"https:\/\/hydraqa.unicity.net\/v5a-test\/items\/779b47d856ea7e246c9e5aabc6eca794","id":{"unicity":"32370"}},"terms":{"priceEach":"136.0000","pvEach":"95.0000"},"quantity":1}]}},{"currency":"USD","lines":{"items":[{"item":{"href":"https:\/\/hydraqa.unicity.net\/v5a-test\/items\/05ca08f3808f126c0cc42154c50fc75c","id":{"unicity":"29440"}},"terms":{"priceEach":"120.0000","pvEach":"90.0000"},"quantity":1}]}},{"currency":"USD","lines":{"items":[{"item":{"href":"https:\/\/hydraqa.unicity.net\/v5a-test\/items\/cea826eab72d44641c070aab6c97c1ac","id":{"unicity":"22747"}},"terms":{"priceEach":"27.0000","pvEach":"16.0000"},"quantity":1}]}},{"currency":"USD","lines":{"items":[{"item":{"href":"https:\/\/hydraqa.unicity.net\/v5a-test\/items\/1945faa1776541d53120ecfe3c1d8a2b","id":{"unicity":"24418"}},"terms":{"priceEach":"5.0000","pvEach":"0.0000"},"quantity":1}]}},{"currency":"USD","lines":{"items":[{"item":{"href":"https:\/\/hydraqa.unicity.net\/v5a-test\/items\/e0a19d3d676bccfdba0ab3d9f2766359","id":{"unicity":"30350"}},"terms":{"priceEach":"50.0000","pvEach":"30.0000"},"quantity":1}]}},{"currency":"USD","lines":{"items":[{"item":{"href":"https:\/\/hydraqa.unicity.net\/v5a-test\/items\/b2fc4b9ba4aa5cae54389161be2f841f","id":{"unicity":"18401"}},"terms":{"priceEach":"31.0000","pvEach":"19.0000"},"quantity":1}]}},{"currency":"USD","lines":{"items":[{"item":{"href":"https:\/\/hydraqa.unicity.net\/v5a-test\/items\/1b0412bea8c0b841c66f65a36aa14108","id":{"unicity":"29191"}},"terms":{"priceEach":"64.0000","pvEach":"36.0000"},"quantity":1}]}},{"currency":"USD","lines":{"items":[{"item":{"href":"https:\/\/hydraqa.unicity.net\/v5a-test\/items\/1bd53de7fe880ba71f46c9976ca2c137","id":{"unicity":"27739"}},"terms":{"priceEach":"33.0000","pvEach":"13.0000"},"quantity":1}]}},{"currency":"USD","lines":{"items":[{"item":{"href":"https:\/\/hydraqa.unicity.net\/v5a-test\/items\/035189015384166df518a68ede0299a9","id":{"unicity":"30408"}},"terms":{"priceEach":"84.0000","pvEach":"50.0000"},"quantity":1}]}},{"currency":"USD","lines":{"items":[{"item":{"href":"https:\/\/hydraqa.unicity.net\/v5a-test\/items\/bed533c634e887357ff031d8e4c776b0","id":{"unicity":"31751"}},"terms":{"priceEach":"99.0000","pvEach":"50.0000"},"quantity":1}]}},{"currency":"USD","lines":{"items":[{"item":{"href":"https:\/\/hydraqa.unicity.net\/v5a-test\/items\/e5029d0db50d6ea324b5e25f54d82636","id":{"unicity":"31651"}},"terms":{"priceEach":"29.0000","pvEach":"14.0000"},"quantity":1}]}},{"currency":"USD","lines":{"items":[{"item":{"href":"https:\/\/hydraqa.unicity.net\/v5a-test\/items\/c201dcd36f4bb7e17e7a8481ef08d6f2","id":{"unicity":"31518"}},"terms":{"priceEach":"29.0000","pvEach":"14.0000"},"quantity":1}]}},{"currency":"USD","lines":{"items":[{"item":{"href":"https:\/\/hydraqa.unicity.net\/v5a-test\/items\/f5a91f19576078a69f82c9f58805f479","id":{"unicity":"31655"}},"terms":{"priceEach":"29.0000","pvEach":"14.0000"},"quantity":1}]}},{"currency":"USD","lines":{"items":[{"item":{"href":"https:\/\/hydraqa.unicity.net\/v5a-test\/items\/0a3ede185ddf034630afd891c5106d33","id":{"unicity":"26562"}},"terms":{"priceEach":"33.0000","pvEach":"25.0000"},"quantity":1}]}},{"currency":"USD","lines":{"items":[{"item":{"href":"https:\/\/hydraqa.unicity.net\/v5a-test\/items\/1d977fb1e1c0aa5d0b71ee2cf01e7b4d","id":{"unicity":"32016"}},"terms":{"priceEach":"206.0000","pvEach":"130.0000"},"quantity":1}]}},{"currency":"USD","lines":{"items":[{"item":{"href":"https:\/\/hydraqa.unicity.net\/v5a-test\/items\/1524974f80be01c93083e794816394ab","id":{"unicity":"32017"}},"terms":{"priceEach":"206.0000","pvEach":"130.0000"},"quantity":1}]}},{"currency":"USD","lines":{"items":[{"item":{"href":"https:\/\/hydraqa.unicity.net\/v5a-test\/items\/4b2034f47fce90b87bba28c5c2d7c25d","id":{"unicity":"15880"}},"terms":{"priceEach":"59.0000","pvEach":"41.0000"},"quantity":1}]}},{"currency":"USD","lines":{"items":[{"item":{"href":"https:\/\/hydraqa.unicity.net\/v5a-test\/items\/3d89c4f7e508dfba4018dc9c732084de","id":{"unicity":"29181"}},"terms":{"priceEach":"24.0000","pvEach":"12.0000"},"quantity":1}]}},{"currency":"USD","lines":{"items":[{"item":{"href":"https:\/\/hydraqa.unicity.net\/v5a-test\/items\/9ce45d695c87f93b29794041362b5192","id":{"unicity":"26945"}},"terms":{"priceEach":"35.0000","pvEach":"0.0000"},"quantity":1}]}},{"currency":"USD","lines":{"items":[{"item":{"href":"https:\/\/hydraqa.unicity.net\/v5a-test\/items\/aa0d72ac13b1ce88cf8c4a52ede75a37","id":{"unicity":"26552"}},"terms":{"priceEach":"70.0000","pvEach":"50.0000"},"quantity":1}]}},{"currency":"USD","lines":{"items":[{"item":{"href":"https:\/\/hydraqa.unicity.net\/v5a-test\/items\/5c6f1a39257b63482d454789e4d2035c","id":{"unicity":"26553"}},"terms":{"priceEach":"80.0000","pvEach":"50.0000"},"quantity":1}]}},{"currency":"USD","lines":{"items":[{"item":{"href":"https:\/\/hydraqa.unicity.net\/v5a-test\/items\/8d994059c399f5551ab112574e4476fc","id":{"unicity":"24785"}},"terms":{"priceEach":"14.0000","pvEach":"9.0000"},"quantity":1}]}},{"currency":"USD","lines":{"items":[{"item":{"href":"https:\/\/hydraqa.unicity.net\/v5a-test\/items\/8ed7a8910d5c5335774fa9cfae0e511d","id":{"unicity":"18386"}},"terms":{"priceEach":"27.0000","pvEach":"21.0000"},"quantity":1}]}},{"currency":"USD","lines":{"items":[{"item":{"href":"https:\/\/hydraqa.unicity.net\/v5a-test\/items\/398d06b858b960f6f38086d40608aef2","id":{"unicity":"26560"}},"terms":{"priceEach":"16.0000","pvEach":"12.0000"},"quantity":1}]}},{"currency":"USD","lines":{"items":[{"item":{"href":"https:\/\/hydraqa.unicity.net\/v5a-test\/items\/55d3b550a17b78175cc5ac565e4266e8","id":{"unicity":"24621"}},"terms":{"priceEach":"20.0000","pvEach":"12.0000"},"quantity":1}]}},{"currency":"USD","lines":{"items":[{"item":{"href":"https:\/\/hydraqa.unicity.net\/v5a-test\/items\/bb5c627f16547cb4f706cef521bca356","id":{"unicity":"29437"}},"terms":{"priceEach":"62.0000","pvEach":"36.0000"},"quantity":1}]}},{"currency":"USD","lines":{"items":[{"item":{"href":"https:\/\/hydraqa.unicity.net\/v5a-test\/items\/0e78fbdfebef11cd62f8d2120064ee58","id":{"unicity":"30280"}},"terms":{"priceEach":"42.0000","pvEach":"24.0000"},"quantity":1}]}},{"currency":"USD","lines":{"items":[{"item":{"href":"https:\/\/hydraqa.unicity.net\/v5a-test\/items\/2835b1a78e379486f0ffbfd5fb9f6b0a","id":{"unicity":"30400"}},"terms":{"priceEach":"38.0000","pvEach":"28.0000"},"quantity":1}]}},{"currency":"USD","lines":{"items":[{"item":{"href":"https:\/\/hydraqa.unicity.net\/v5a-test\/items\/84bf86533ae28dc84370f3699cc13a1d","id":{"unicity":"17744"}},"terms":{"priceEach":"97.0000","pvEach":"62.0000"},"quantity":1}]}},{"currency":"USD","lines":{"items":[{"item":{"href":"https:\/\/hydraqa.unicity.net\/v5a-test\/items\/48433ffc76597c823adc2b8627e033e4","id":{"unicity":"26559"}},"terms":{"priceEach":"30.0000","pvEach":"20.0000"},"quantity":1}]}},{"currency":"USD","lines":{"items":[{"item":{"href":"https:\/\/hydraqa.unicity.net\/v5a-test\/items\/5a38f009bec6c23b1b3a70432f9722e5","id":{"unicity":"19596"}},"terms":{"priceEach":"49.0000","pvEach":"30.0000"},"quantity":1}]}},{"currency":"USD","lines":{"items":[{"item":{"href":"https:\/\/hydraqa.unicity.net\/v5a-test\/items\/38da42f991a40a00153b2e5055b82dbf","id":{"unicity":"27801"}},"terms":{"priceEach":"195.0000","pvEach":"130.0000"},"quantity":1}]}},{"currency":"USD","lines":{"items":[{"item":{"href":"https:\/\/hydraqa.unicity.net\/v5a-test\/items\/051e765a5a71835a859c2757edd359f0","id":{"unicity":"26580"}},"terms":{"priceEach":"195.0000","pvEach":"130.0000"},"quantity":1}]}},{"currency":"USD","lines":{"items":[{"item":{"href":"https:\/\/hydraqa.unicity.net\/v5a-test\/items\/8c21f026bb6a32624e0c80475bf8efb0","id":{"unicity":"25880"}},"terms":{"priceEach":"33.0000","pvEach":"23.0000"},"quantity":1}]}},{"currency":"USD","lines":{"items":[{"item":{"href":"https:\/\/hydraqa.unicity.net\/v5a-test\/items\/e218d1cac5f31e7ae4f5876c29c57377","id":{"unicity":"29017"}},"terms":{"priceEach":"38.0000","pvEach":"26.0000"},"quantity":1}]}},{"currency":"USD","lines":{"items":[{"item":{"href":"https:\/\/hydraqa.unicity.net\/v5a-test\/items\/24ff5bda40c0d0e7eaa511866d052915","id":{"unicity":"29612"}},"terms":{"priceEach":"49.0000","pvEach":"30.0000"},"quantity":1}]}},{"currency":"USD","lines":{"items":[{"item":{"href":"https:\/\/hydraqa.unicity.net\/v5a-test\/items\/2c4c1abe00983e85aaa918d2ce341491","id":{"unicity":"17174"}},"terms":{"priceEach":"17.0000","pvEach":"10.0000"},"quantity":1}]}},{"currency":"USD","lines":{"items":[{"item":{"href":"https:\/\/hydraqa.unicity.net\/v5a-test\/items\/3f2d12d7a0e8551fc99fad3bbe1ba633","id":{"unicity":"26567"}},"terms":{"priceEach":"56.0000","pvEach":"35.0000"},"quantity":1}]}},{"currency":"USD","lines":{"items":[{"item":{"href":"https:\/\/hydraqa.unicity.net\/v5a-test\/items\/191637167cb3144bd2e8c4615e9ab67e","id":{"unicity":"26568"}},"terms":{"priceEach":"56.0000","pvEach":"35.0000"},"quantity":1}]}},{"currency":"USD","lines":{"items":[{"item":{"href":"https:\/\/hydraqa.unicity.net\/v5a-test\/items\/2cefc6a61faaae3455a5adcb0d8fc74f","id":{"unicity":"15907"}},"terms":{"priceEach":"15.0000","pvEach":"5.0000"},"quantity":1}]}},{"currency":"USD","lines":{"items":[{"item":{"href":"https:\/\/hydraqa.unicity.net\/v5a-test\/items\/e870d73cd94149d9f6b55de9736c9daa","id":{"unicity":"3107"}},"terms":{"priceEach":"24.0000","pvEach":"16.0000"},"quantity":1}]}},{"currency":"USD","lines":{"items":[{"item":{"href":"https:\/\/hydraqa.unicity.net\/v5a-test\/items\/b127a2d34d3d73e2f53e4c2002a7a4a2","id":{"unicity":"25008"}},"terms":{"priceEach":"19.0000","pvEach":"15.0000"},"quantity":1}]}},{"currency":"USD","lines":{"items":[{"item":{"href":"https:\/\/hydraqa.unicity.net\/v5a-test\/items\/dcdf1b79b8b6f644100ffc20fdca4683","id":{"unicity":"27835"}},"terms":{"priceEach":"1455.0000","pvEach":"1000.0000"},"quantity":1}]}},{"currency":"USD","lines":{"items":[{"item":{"href":"https:\/\/hydraqa.unicity.net\/v5a-test\/items\/efe7d99f2b77ea614d624d371afa4244","id":{"unicity":"25543"}},"terms":{"priceEach":"1455.0000","pvEach":"1000.0000"},"quantity":1}]}},{"currency":"USD","lines":{"items":[{"item":{"href":"https:\/\/hydraqa.unicity.net\/v5a-test\/items\/2da06ecf761a87f5619997496b83b745","id":{"unicity":"27831"}},"terms":{"priceEach":"1455.0000","pvEach":"1000.0000"},"quantity":1}]}},{"currency":"USD","lines":{"items":[{"item":{"href":"https:\/\/hydraqa.unicity.net\/v5a-test\/items\/1ab3a5a9b55fdf3618d21bf1d528afe4","id":{"unicity":"25542"}},"terms":{"priceEach":"1455.0000","pvEach":"1000.0000"},"quantity":1}]}},{"currency":"USD","lines":{"items":[{"item":{"href":"https:\/\/hydraqa.unicity.net\/v5a-test\/items\/52f0d3751a2d8f3f3670328e8157de5e","id":{"unicity":"27833"}},"terms":{"priceEach":"1455.0000","pvEach":"1000.0000"},"quantity":1}]}},{"currency":"USD","lines":{"items":[{"item":{"href":"https:\/\/hydraqa.unicity.net\/v5a-test\/items\/1535f370eb06bf30117fa28aa9ab1179","id":{"unicity":"25544"}},"terms":{"priceEach":"1455.0000","pvEach":"1000.0000"},"quantity":1}]}},{"currency":"USD","lines":{"items":[{"item":{"href":"https:\/\/hydraqa.unicity.net\/v5a-test\/items\/87f09080f7a29929816891acef721667","id":{"unicity":"25545"}},"terms":{"priceEach":"1455.0000","pvEach":"1000.0000"},"quantity":1}]}},{"currency":"USD","lines":{"items":[{"item":{"href":"https:\/\/hydraqa.unicity.net\/v5a-test\/items\/991cdbb84a495779eb209fb3956a77e4","id":{"unicity":"29183"}},"terms":{"priceEach":"42.0000","pvEach":"24.0000"},"quantity":1}]}},{"currency":"USD","lines":{"items":[{"item":{"href":"https:\/\/hydraqa.unicity.net\/v5a-test\/items\/cda534d686af5d627c94c4bb2c4b57d8","id":{"unicity":"26561"}},"terms":{"priceEach":"16.0000","pvEach":"11.0000"},"quantity":1}]}},{"currency":"USD","lines":{"items":[{"item":{"href":"https:\/\/hydraqa.unicity.net\/v5a-test\/items\/10da226fab00279b4f89df10af2a10b7","id":{"unicity":"26442"}},"terms":{"priceEach":"6.0000","pvEach":"0.0000"},"quantity":1}]}},{"currency":"USD","lines":{"items":[{"item":{"href":"https:\/\/hydraqa.unicity.net\/v5a-test\/items\/2de8516a24af8232add0bb392e750a71","id":{"unicity":"31859"}},"terms":{"priceEach":"179.0000","pvEach":"130.0000"},"quantity":1}]}},{"currency":"USD","lines":{"items":[{"item":{"href":"https:\/\/hydraqa.unicity.net\/v5a-test\/items\/cf8460040a1860bcabf250b6c1171675","id":{"unicity":"31858"}},"terms":{"priceEach":"269.0000","pvEach":"195.0000"},"quantity":1}]}},{"currency":"USD","lines":{"items":[{"item":{"href":"https:\/\/hydraqa.unicity.net\/v5a-test\/items\/4ab49eca1731e69206ccafb5112ad5a4","id":{"unicity":"31861"}},"terms":{"priceEach":"196.0000","pvEach":"135.0000"},"quantity":1}]}},{"currency":"USD","lines":{"items":[{"item":{"href":"https:\/\/hydraqa.unicity.net\/v5a-test\/items\/d4c8fce238d6fc34d17a4b36d1e4e59a","id":{"unicity":"31860"}},"terms":{"priceEach":"196.0000","pvEach":"135.0000"},"quantity":1}]}},{"currency":"USD","lines":{"items":[{"item":{"href":"https:\/\/hydraqa.unicity.net\/v5a-test\/items\/fd464cd7972cc1317e850b9196d886b8","id":{"unicity":"31863"}},"terms":{"priceEach":"210.0000","pvEach":"148.0000"},"quantity":1}]}},{"currency":"USD","lines":{"items":[{"item":{"href":"https:\/\/hydraqa.unicity.net\/v5a-test\/items\/e47fd287212acedd1cffb2b67bf623bd","id":{"unicity":"31862"}},"terms":{"priceEach":"210.0000","pvEach":"148.0000"},"quantity":1}]}},{"currency":"USD","lines":{"items":[{"item":{"href":"https:\/\/hydraqa.unicity.net\/v5a-test\/items\/024e696f8b44a1d315006e676604cd31","id":{"unicity":"27395"}},"terms":{"priceEach":"25.0000","pvEach":"16.0000"},"quantity":1}]}},{"currency":"USD","lines":{"items":[{"item":{"href":"https:\/\/hydraqa.unicity.net\/v5a-test\/items\/3ddd31ddbe0e5807756d2488e7cc3602","id":{"unicity":"31440"}},"terms":{"priceEach":"40.0000","pvEach":"0.0000"},"quantity":1}]}},{"currency":"USD","lines":{"items":[{"item":{"href":"https:\/\/hydraqa.unicity.net\/v5a-test\/items\/90d5ee3af77bdc64ecf28a45b604bf3d","id":{"unicity":"31441"}},"terms":{"priceEach":"40.0000","pvEach":"0.0000"},"quantity":1}]}},{"currency":"USD","lines":{"items":[{"item":{"href":"https:\/\/hydraqa.unicity.net\/v5a-test\/items\/91a6016282310b83203d0bb7bea14a0f","id":{"unicity":"29050"}},"terms":{"priceEach":"12.9500","pvEach":"0.0000"},"quantity":1}]}},{"currency":"USD","lines":{"items":[{"item":{"href":"https:\/\/hydraqa.unicity.net\/v5a-test\/items\/7fc100f8d20814757efe2d79e41b315c","id":{"unicity":"32021"}},"terms":{"priceEach":"89.0000","pvEach":"60.0000"},"quantity":1}]}},{"currency":"USD","lines":{"items":[{"item":{"href":"https:\/\/hydraqa.unicity.net\/v5a-test\/items\/634f7efb30392b2a919de1355902d975","id":{"unicity":"29408"}},"terms":{"priceEach":"80.0000","pvEach":"52.0000"},"quantity":1}]}},{"currency":"USD","lines":{"items":[{"item":{"href":"https:\/\/hydraqa.unicity.net\/v5a-test\/items\/fa2407c91e64e66a72ab45172eb978df","id":{"unicity":"0988"}},"terms":{"priceEach":"36.0000","pvEach":"23.0000"},"quantity":1}]}},{"currency":"USD","lines":{"items":[{"item":{"href":"https:\/\/hydraqa.unicity.net\/v5a-test\/items\/64ec7ad932acafab052a4e8800ad1238","id":{"unicity":"24758"}},"terms":{"priceEach":"31.0000","pvEach":"21.0000"},"quantity":1}]}},{"currency":"USD","lines":{"items":[{"item":{"href":"https:\/\/hydraqa.unicity.net\/v5a-test\/items\/c61892f0a7b7e88054169a31d65d95e0","id":{"unicity":"18373"}},"terms":{"priceEach":"17.0000","pvEach":"10.0000"},"quantity":1}]}},{"currency":"USD","lines":{"items":[{"item":{"href":"https:\/\/hydraqa.unicity.net\/v5a-test\/items\/40a1044968ea62276f4ba87fd2ef0d8f","id":{"unicity":"12230"}},"terms":{"priceEach":"45.0000","pvEach":"18.0000"},"quantity":1}]}},{"currency":"USD","lines":{"items":[{"item":{"href":"https:\/\/hydraqa.unicity.net\/v5a-test\/items\/9ff4257741d464b686d15be955b8afb6","id":{"unicity":"0963"}},"terms":{"priceEach":"42.0000","pvEach":"25.0000"},"quantity":1}]}},{"currency":"USD","lines":{"items":[{"item":{"href":"https:\/\/hydraqa.unicity.net\/v5a-test\/items\/ddef5f478ff91aa2263b646a3bd03dea","id":{"unicity":"21420"}},"terms":{"priceEach":"24.0000","pvEach":"10.0000"},"quantity":1}]}}]}
Entry request : {"order":{"customer":{"href":"https://hydraqa.unicity.net/v5a-test/customers?type=Associate"},"shipToAddress":{"country":"US"}},"vary":{"lines":{"items":[{"item":{"href":"https://hydraqa.unicity.net/v5a-test/items?id.unicity=26580|31440|31441|31651|31655|31518|31751|27801|31858|31859|31862|32030|29684|32016|32017|31727|31729|31730|31731|0963|15129|15271|15880|17174|22745|22747|23728|24758|25022|26550|26556|26557|26560|26561|26562|27615|27739|24418|22888|27585|17744|25008|26442|26551|6200|15916|18908|24785|29050|26552|26553|27028|0954|18401|27029|26559|19596|25542|25544|27835|25543|25545|26945|25535|21420|24621|27831|27833|27837|28836|15712|22165|0960|25369|30825|18386|26567|26568|15907|28513|3107|0988|18373|12230|26950|26786|27587|29017|25880|29694|29408|29437|29181|29183|29191|29352|29612|30350|27395|29440|29830|30408|30414|30400|30280|31314|31728|31842|31846|31845|31847|31863|31860|31861|31958|32021|32364|32365|32366|32367|32368|32369|32370|32371|32372|31106|26555"}}]}}}
Request URL: https://hydraqa.unicity.net/v5a-test/customers.js?callback=angular.callbacks._1&expand=customer,profilePicture&id.unicity=36554001
Request URL: https://hydraqa.unicity.net/v5a-test/customers.js?_httpMethod=HEAD&callback=angular.callbacks._3&email=EEIGRZ@gmail.com
Request URL: https://hydraqa.unicity.net/v5a-test/addresses?country=US&zip=84097
Entry response : {"items":[{"city":"Orem","state":"UT"}]}
No Pop UP
{sponsor=36554001, gender=female, city=OREM, signature=TestSignature, cartprice=638.0, enroller=36554001, responsedob=1999-02-17, arpack=Prime Health Pack - Cholesterol, Energy, Vanilla, language=Español, locale=es, type=Associate, coapplicanttype=Spouse, platform=QA, lname=TestLastName, password=Unicity, genderoption=Femenino, Currency=USD, api=3, state=[UT], email=EEIGRZ@gmail.com, coapplicant=TestSpouseName, zip=84097, fname=TestFirstName, prefferd=United States, address1=1209 N 800 E, shippingmethod=type=Economy, version=v5a-test/, testcase=referalid, market=United States, aritemcode=26580, martial=Single, phone=9823746323, dob=02/17/1999, govid=306981902, proto=https://hydraqa.unicity.net/, marketcode=US, maritaloption=Soltero, ccname=CCNameTest}
Request URL: https://hydraqa.unicity.net/v5a-test/orders.js
Entry request : {"customer":{"mainAddress":{"city":"OREM","country":"US","state":"UT","zip":"84097","address1":"1209 N 800 E","address2":""},"humanName":{"firstName":"TestFirstName","lastName":"TestLastName"},"email":"EEIGRZ@gmail.com","preferredLocale":"es-US","password":{"value":"Unicity"},"gender":"female","maritalStatus":"Single","type":"Associate","creditcardaliases":[{"methodDetails":{"creditCardNumber":"4111111111111111","payer":"TestFirstName TestLastName","creditCardExpires":"2020-10"},"billToName":{"firstName":"TestFirstName","lastName":"TestLastName"},"billToAddress":{"address1":"1209 N 800 E","address2":"","city":"OREM","state":"UT","zip":"84097","country":"US"}}],"sponsor":{"href":"https://hydraqa.unicity.net/v5a-test/customers?id.unicity=36554001"},"enroller":{"href":"https://hydraqa.unicity.net/v5a-test/customers?id.unicity=36554001"},"homePhone":"9823746323","birthDate":"1999-02-17","autoorders":{"items":[{"recurrence":{"schedule":{"month":"*","dayOfMonth":"5"},"status":"Enabled"},"lines":{"items":[{"item":{"href":"https://hydraqa.unicity.net/v5a-test/items?id.unicity=26580"},"quantity":1}]},"shipToName":{"firstName":"TestFirstName","lastName":"TestLastName"},"shipToPhone":"9823746323","shipToEmail":"EEIGRZ@gmail.com","shipToAddress":{"city":"OREM","country":"US","state":"UT","address1":"1209 N 800 E","address2":"","zip":"84097"},"shippingMethod":{"href":"https://hydraqa.unicity.net/v5a-test/shippingmethods?type=Economy"},"transactions":{"items":[{"amount":"this.terms.total","type":"AuthorizeAndCapture","method":"CreditCardAlias","methodDetails":{"alias":"this.customer.creditcardaliases[0].alias"}}]}}]},"coapplicant":{"type":"Spouse","details":{"humanName":{"firstName":"TestSpouseName","lastName":""}}},"rights":[],"signature":{"value":"TestSignature"},"taxTerms":{"taxId":"306981902","taxIdExpires":"2025-12-30"}},"lines":{"items":[{"item":{"href":"https://hydraqa.unicity.net/v5a-test/items?id.unicity=31441"},"quantity":1},{"item":{"href":"https://hydraqa.unicity.net/v5a-test/items?id.unicity=31518"},"quantity":1},{"item":{"href":"https://hydraqa.unicity.net/v5a-test/items?id.unicity=31651"},"quantity":1},{"item":{"href":"https://hydraqa.unicity.net/v5a-test/items?id.unicity=31655"},"quantity":1},{"item":{"href":"https://hydraqa.unicity.net/v5a-test/items?id.unicity=31751"},"quantity":1},{"item":{"href":"https://hydraqa.unicity.net/v5a-test/items?id.unicity=31858"},"quantity":1},{"item":{"href":"https://hydraqa.unicity.net/v5a-test/items?id.unicity=32030"},"quantity":1}]},"shipToName":{"firstName":"TestFirstName","lastName":"TestLastName"},"shipToPhone":"9823746323","shipToEmail":"EEIGRZ@gmail.com","shipToAddress":{"city":"OREM","country":"US","state":"UT","address1":"1209 N 800 E","address2":"","zip":"84097"},"shippingMethod":{"href":"https://hydraqa.unicity.net/v5a-test/shippingmethods?type=Economy"},"notes":"","transactions":{"items":[{"amount":"this.terms.total","type":"AuthorizeAndCapture","method":"CreditCard","methodDetails":{"creditCardNumber":"4111111111111111","payer":"CCNameTest","creditCardExpires":"2020-10","creditCardSecurityCode":"123"},"billToAddress":{"address1":"1209 N 800 E","address2":"","city":"OREM","state":"UT","zip":"84097","country":"US"}},{"type":"AuthorizeAndCapture","method":"Coupon","methodDetails":{"code":"Fre3Aut0Sh!p"}}]}}
Entry response : {"meta":{"Link":"<http:\/\/unicity.github.io\/Hydra.php\/docs\/v5\/>; rel=\"help\"","X-Request-UUID":"067dc09e-0b91-438b-874d-dcec7f413d9d","X-Request-Release":"5-2020012701\/master","Cache-Control":"no-cache, must-revalidate","Expires":"0","X-Powered-By":"Luracast Restler v3.0.0rc5","Content-Type":"text\/javascript; charset=utf-8","Content-Language":"en","X-Status-Code":"201"},"data":{"market":"US","notes":"","shippingMethod":{"href":"https:\/\/hydraqa.unicity.net\/v5a-test\/shippingmethods?type=Economy","location":"","type":"Economy"},"shipToAddress":{"country":"US","state":"UT","city":"OREM","zip":"84097","address1":"1209 N 800 E","address2":""},"shipToEmail":"EEIGRZ@gmail.com","shipToName":{"firstName":"TestFirstName","lastName":"TestLastName"},"shipToPhone":"9823746323","shipToTime":"","source":null,"type":null,"lines":{"items":[{"quantity":1,"item":{"href":"https:\/\/hydraqa.unicity.net\/v5a-test\/items?id.unicity=31441","id":{"unicity":"31441"}}},{"quantity":1,"item":{"href":"https:\/\/hydraqa.unicity.net\/v5a-test\/items?id.unicity=31518","id":{"unicity":"31518"}}},{"quantity":1,"item":{"href":"https:\/\/hydraqa.unicity.net\/v5a-test\/items?id.unicity=31651","id":{"unicity":"31651"}}},{"quantity":1,"item":{"href":"https:\/\/hydraqa.unicity.net\/v5a-test\/items?id.unicity=31655","id":{"unicity":"31655"}}},{"quantity":1,"item":{"href":"https:\/\/hydraqa.unicity.net\/v5a-test\/items?id.unicity=31751","id":{"unicity":"31751"}}},{"quantity":1,"item":{"href":"https:\/\/hydraqa.unicity.net\/v5a-test\/items?id.unicity=31858","id":{"unicity":"31858"}}},{"quantity":1,"item":{"href":"https:\/\/hydraqa.unicity.net\/v5a-test\/items?id.unicity=32030","id":{"unicity":"32030"}}}]},"transactions":{"items":[{"amount":615.94,"billToAddress":{"address1":"1209 N 800 E","address2":"","city":"OREM","state":"UT","zip":"84097","country":"US"},"billToEmail":null,"installments":null,"method":"CreditCard","methodDetails":{"creditCardExpires":"2020-10","creditCardNumber":"411111xxxxxx1111","creditCardSecurityCode":"123","payer":"CCNameTest","payerId":null},"type":"AuthorizeAndCapture"}]},"terms":{"discount":{"amount":40},"pretotal":615.94,"tax":{"amount":17.94},"freight":{"amount":0},"subtotal":638,"taxableTotal":598,"total":615.94,"pv":389},"currency":"USD","dateCreated":"2020-01-27T20:11:08-07:00","customer":{"humanName":{"firstName":"TestFirstName","lastName":"TestLastName"},"mainAddress":{"city":"OREM","country":"US","state":"UT","zip":"84097","address1":"1209 N 800 E","address2":""},"type":"Associate","email":"EEIGRZ@gmail.com","taxTerms":{"exemption":null,"taxId":"306981902","taxIdExpires":"2025-12-30"},"signature":{"value":"TestSignature"},"gender":"female","password":{"value":"Unicity"},"enroller":{"href":"https:\/\/hydraqa.unicity.net\/v5a-test\/customers\/c8a0f511723643dd5ba719e2e99a32ba82ff3eda31cc639783863e5baba2dbdb","id":{"unicity":36554001},"humanName":{"fullName":"Kent, Clark"},"email":"tyler.cook@unicity.com"},"sponsor":{"href":"https:\/\/hydraqa.unicity.net\/v5a-test\/customers\/c8a0f511723643dd5ba719e2e99a32ba82ff3eda31cc639783863e5baba2dbdb","id":{"unicity":36554001},"humanName":{"fullName":"Kent, Clark"},"email":"tyler.cook@unicity.com"},"birthDate":"1999-02-17","homePhone":"9823746323","preferredLocale":"es-US","maritalStatus":"Single","coapplicant":{"details":{"humanName":{"firstName":"TestSpouseName","lastName":""}},"type":"Spouse"},"autoorders":{"items":[{"id":{"unicity":"64223"}}]},"rights":[],"status":"Active","id":{"unicity":"8202908"},"href":"https:\/\/hydraqa.unicity.net\/v5a-test\/customers\/480822a5377caded2a76627257c5034f","token":"3cd2d0b2-8b99-4c0e-9b42-f75b961eed6a"},"added_transactions":{"items":[]},"taxedAs":"service","id":{"unicity":"1643188"},"href":"https:\/\/hydraqa.unicity.net\/v5a-test\/orders\/6001d5dc76bed90d9e4bdd743e62f738"}}
Headers-->keep-alive
Headers-->3312
Headers-->application/json, text/plain, */*
Headers-->http://enroll.ng.unicityqa.com
Headers-->es-US
]]></system-out>
    <system-err><![CDATA[Starting ChromeDriver 2.36.540470 (e522d04694c7ebea4ba8821272dbef4f9b818c91) on port 45000
Only local connections are allowed.
Jan 27, 2020 8:07:06 PM org.openqa.selenium.remote.ProtocolHandshake createSession
INFO: Detected dialect: OSS
]]></system-err>
  </testcase>
  <testcase name="Enroll" classname="Tests.PrefferedCustomer" time="230.947">
    <failure message="Major Market expected [US] but found [null]" type="java.lang.AssertionError">java.lang.AssertionError: Major Market expected [US] but found [null]
	at Tests.PrefferedCustomer.Enroll(PrefferedCustomer.java:104)
</failure>
    <system-out><![CDATA[Request URL: https://hydraqa.unicity.net/v5a-test/quotes?&expand=item
Entry Quotes response : {"items":[{"currency":"USD","lines":{"items":[{"item":{"href":"https:\/\/hydraqa.unicity.net\/v5a-test\/items\/50747027a065cb8361c1f0d6eb880466","id":{"unicity":"32030"}},"terms":{"priceEach":"179.0000","pvEach":"102.0000"},"quantity":1}]}},{"currency":"USD","lines":{"items":[{"item":{"href":"https:\/\/hydraqa.unicity.net\/v5a-test\/items\/716b7a0bca7fa73e42e000d668e7ee65","id":{"unicity":"15129"}},"terms":{"priceEach":"29.0000","pvEach":"10.0000"},"quantity":1}]}},{"currency":"USD","lines":{"items":[{"item":{"href":"https:\/\/hydraqa.unicity.net\/v5a-test\/items\/9a7715e888c94989d898fe4653645721","id":{"unicity":"26550"}},"terms":{"priceEach":"99.0000","pvEach":"52.0000"},"quantity":1}]}},{"currency":"USD","lines":{"items":[{"item":{"href":"https:\/\/hydraqa.unicity.net\/v5a-test\/items\/80a898d805f759925797847a176bf62f","id":{"unicity":"26551"}},"terms":{"priceEach":"99.0000","pvEach":"52.0000"},"quantity":1}]}},{"currency":"USD","lines":{"items":[{"item":{"href":"https:\/\/hydraqa.unicity.net\/v5a-test\/items\/fbb319232b7eed110794d46a68302acb","id":{"unicity":"31847"}},"terms":{"priceEach":"150.0000","pvEach":"80.0000"},"quantity":1}]}},{"currency":"USD","lines":{"items":[{"item":{"href":"https:\/\/hydraqa.unicity.net\/v5a-test\/items\/077823d29445b9020de9931f10c63efd","id":{"unicity":"31958"}},"terms":{"priceEach":"160.0000","pvEach":"85.0000"},"quantity":1}]}},{"currency":"USD","lines":{"items":[{"item":{"href":"https:\/\/hydraqa.unicity.net\/v5a-test\/items\/00c2eb70c985722ce208490aece00945","id":{"unicity":"31729"}},"terms":{"priceEach":"170.0000","pvEach":"100.0000"},"quantity":1}]}},{"currency":"USD","lines":{"items":[{"item":{"href":"https:\/\/hydraqa.unicity.net\/v5a-test\/items\/89b6d29a85a88d44d65bc8cca3fefc65","id":{"unicity":"31845"}},"terms":{"priceEach":"170.0000","pvEach":"100.0000"},"quantity":1}]}},{"currency":"USD","lines":{"items":[{"item":{"href":"https:\/\/hydraqa.unicity.net\/v5a-test\/items\/3875e24e6b6ebdf36c79d205614ed51e","id":{"unicity":"31846"}},"terms":{"priceEach":"160.0000","pvEach":"94.0000"},"quantity":1}]}},{"currency":"USD","lines":{"items":[{"item":{"href":"https:\/\/hydraqa.unicity.net\/v5a-test\/items\/5bda067b70c43971650a6ef983f612e4","id":{"unicity":"31728"}},"terms":{"priceEach":"160.0000","pvEach":"94.0000"},"quantity":1}]}},{"currency":"USD","lines":{"items":[{"item":{"href":"https:\/\/hydraqa.unicity.net\/v5a-test\/items\/693a7c4a70b06a00471afe8d6cae5023","id":{"unicity":"31730"}},"terms":{"priceEach":"150.0000","pvEach":"80.0000"},"quantity":1}]}},{"currency":"USD","lines":{"items":[{"item":{"href":"https:\/\/hydraqa.unicity.net\/v5a-test\/items\/ccb242d74dcb1fe621cc7bfe1b1de315","id":{"unicity":"31731"}},"terms":{"priceEach":"112.0000","pvEach":"61.0000"},"quantity":1}]}},{"currency":"USD","lines":{"items":[{"item":{"href":"https:\/\/hydraqa.unicity.net\/v5a-test\/items\/764e2db430d361da99e8f6b70c4d0244","id":{"unicity":"29830"}},"terms":{"priceEach":"20.0000","pvEach":"7.0000"},"quantity":1}]}},{"currency":"USD","lines":{"items":[{"item":{"href":"https:\/\/hydraqa.unicity.net\/v5a-test\/items\/8b5ed9aa6c6132e1be5e446f69a3465e","id":{"unicity":"0954"}},"terms":{"priceEach":"27.0000","pvEach":"15.0000"},"quantity":1}]}},{"currency":"USD","lines":{"items":[{"item":{"href":"https:\/\/hydraqa.unicity.net\/v5a-test\/items\/b91affa753dd5ee8a9acef4fa7e2c9a7","id":{"unicity":"30414"}},"terms":{"priceEach":"110.0000","pvEach":"65.0000"},"quantity":1}]}},{"currency":"USD","lines":{"items":[{"item":{"href":"https:\/\/hydraqa.unicity.net\/v5a-test\/items\/9d9d002b0e21b9bd58ad0154a4f781c5","id":{"unicity":"28836"}},"terms":{"priceEach":"75.0000","pvEach":"36.0000"},"quantity":1}]}},{"currency":"USD","lines":{"items":[{"item":{"href":"https:\/\/hydraqa.unicity.net\/v5a-test\/items\/399be8efa903b362515c48315ab2afb9","id":{"unicity":"15712"}},"terms":{"priceEach":"19.0000","pvEach":"5.0000"},"quantity":1}]}},{"currency":"USD","lines":{"items":[{"item":{"href":"https:\/\/hydraqa.unicity.net\/v5a-test\/items\/390a7ae70d5669561ecdf7d5cff2671b","id":{"unicity":"15271"}},"terms":{"priceEach":"89.0000","pvEach":"27.0000"},"quantity":1}]}},{"currency":"USD","lines":{"items":[{"item":{"href":"https:\/\/hydraqa.unicity.net\/v5a-test\/items\/933f0856fd8ec1df83c5283dabf4ec3c","id":{"unicity":"6200"}},"terms":{"priceEach":"88.0000","pvEach":"47.0000"},"quantity":1}]}},{"currency":"USD","lines":{"items":[{"item":{"href":"https:\/\/hydraqa.unicity.net\/v5a-test\/items\/75faf5436630ed02a683726aa0e9056f","id":{"unicity":"22165"}},"terms":{"priceEach":"112.0000","pvEach":"65.0000"},"quantity":1}]}},{"currency":"USD","lines":{"items":[{"item":{"href":"https:\/\/hydraqa.unicity.net\/v5a-test\/items\/0cf62d38e91953b43dcfe88b06f813cb","id":{"unicity":"26557"}},"terms":{"priceEach":"101.0000","pvEach":"61.0000"},"quantity":1}]}},{"currency":"USD","lines":{"items":[{"item":{"href":"https:\/\/hydraqa.unicity.net\/v5a-test\/items\/3af97c67f653253825a9189a27da57d6","id":{"unicity":"26556"}},"terms":{"priceEach":"101.0000","pvEach":"61.0000"},"quantity":1}]}},{"currency":"USD","lines":{"items":[{"item":{"href":"https:\/\/hydraqa.unicity.net\/v5a-test\/items\/d489ec0d50f6e28d5743afc65439631b","id":{"unicity":"0960"}},"terms":{"priceEach":"48.0000","pvEach":"23.0000"},"quantity":1}]}},{"currency":"USD","lines":{"items":[{"item":{"href":"https:\/\/hydraqa.unicity.net\/v5a-test\/items\/66839181d7531692a8d886a9da6fb4d6","id":{"unicity":"25369"}},"terms":{"priceEach":"63.0000","pvEach":"25.0000"},"quantity":1}]}},{"currency":"USD","lines":{"items":[{"item":{"href":"https:\/\/hydraqa.unicity.net\/v5a-test\/items\/0eebdede5bdb8bf4d71e800b6f3cead1","id":{"unicity":"30825"}},"terms":{"priceEach":"64.0000","pvEach":"25.0000"},"quantity":1}]}},{"currency":"USD","lines":{"items":[{"item":{"href":"https:\/\/hydraqa.unicity.net\/v5a-test\/items\/5c2f1613082782e691d32fe9ce034026","id":{"unicity":"23728"}},"terms":{"priceEach":"34.0000","pvEach":"13.0000"},"quantity":1}]}},{"currency":"USD","lines":{"items":[{"item":{"href":"https:\/\/hydraqa.unicity.net\/v5a-test\/items\/9a6e1d094182389c3da8e0a320ff0e00","id":{"unicity":"27585"}},"terms":{"priceEach":"69.0000","pvEach":"33.0000"},"quantity":1}]}},{"currency":"USD","lines":{"items":[{"item":{"href":"https:\/\/hydraqa.unicity.net\/v5a-test\/items\/25eaf64b36ce31368f17ae789fd9ac5b","id":{"unicity":"29694"}},"terms":{"priceEach":"69.0000","pvEach":"33.0000"},"quantity":1}]}},{"currency":"USD","lines":{"items":[{"item":{"href":"https:\/\/hydraqa.unicity.net\/v5a-test\/items\/112b8c39286598b3730f630f371a45f4","id":{"unicity":"27587"}},"terms":{"priceEach":"71.0000","pvEach":"33.0000"},"quantity":1}]}},{"currency":"USD","lines":{"items":[{"item":{"href":"https:\/\/hydraqa.unicity.net\/v5a-test\/items\/16ca68abaaa92505c257be022a154769","id":{"unicity":"27615"}},"terms":{"priceEach":"37.0000","pvEach":"21.0000"},"quantity":1}]}},{"currency":"USD","lines":{"items":[{"item":{"href":"https:\/\/hydraqa.unicity.net\/v5a-test\/items\/362999101a321b721c87110710ae77b0","id":{"unicity":"29352"}},"terms":{"priceEach":"149.0000","pvEach":"80.0000"},"quantity":1}]}},{"currency":"USD","lines":{"items":[{"item":{"href":"https:\/\/hydraqa.unicity.net\/v5a-test\/items\/2f028442193b3166b6c4f9590bd352b4","id":{"unicity":"32366"}},"terms":{"priceEach":"122.0000","pvEach":"68.0000"},"quantity":1}]}},{"currency":"USD","lines":{"items":[{"item":{"href":"https:\/\/hydraqa.unicity.net\/v5a-test\/items\/18f4c25c966306833f623287c875d6ba","id":{"unicity":"32369"}},"terms":{"priceEach":"191.0000","pvEach":"93.0000"},"quantity":1}]}},{"currency":"USD","lines":{"items":[{"item":{"href":"https:\/\/hydraqa.unicity.net\/v5a-test\/items\/779b47d856ea7e246c9e5aabc6eca794","id":{"unicity":"32370"}},"terms":{"priceEach":"171.0000","pvEach":"95.0000"},"quantity":1}]}},{"currency":"USD","lines":{"items":[{"item":{"href":"https:\/\/hydraqa.unicity.net\/v5a-test\/items\/05ca08f3808f126c0cc42154c50fc75c","id":{"unicity":"29440"}},"terms":{"priceEach":"138.0000","pvEach":"90.0000"},"quantity":1}]}},{"currency":"USD","lines":{"items":[{"item":{"href":"https:\/\/hydraqa.unicity.net\/v5a-test\/items\/cea826eab72d44641c070aab6c97c1ac","id":{"unicity":"22747"}},"terms":{"priceEach":"35.0000","pvEach":"16.0000"},"quantity":1}]}},{"currency":"USD","lines":{"items":[{"item":{"href":"https:\/\/hydraqa.unicity.net\/v5a-test\/items\/1945faa1776541d53120ecfe3c1d8a2b","id":{"unicity":"24418"}},"terms":{"priceEach":"7.0000","pvEach":"0.0000"},"quantity":1}]}},{"currency":"USD","lines":{"items":[{"item":{"href":"https:\/\/hydraqa.unicity.net\/v5a-test\/items\/e0a19d3d676bccfdba0ab3d9f2766359","id":{"unicity":"30350"}},"terms":{"priceEach":"60.0000","pvEach":"30.0000"},"quantity":1}]}},{"currency":"USD","lines":{"items":[{"item":{"href":"https:\/\/hydraqa.unicity.net\/v5a-test\/items\/b2fc4b9ba4aa5cae54389161be2f841f","id":{"unicity":"18401"}},"terms":{"priceEach":"40.0000","pvEach":"19.0000"},"quantity":1}]}},{"currency":"USD","lines":{"items":[{"item":{"href":"https:\/\/hydraqa.unicity.net\/v5a-test\/items\/1b0412bea8c0b841c66f65a36aa14108","id":{"unicity":"29191"}},"terms":{"priceEach":"80.0000","pvEach":"36.0000"},"quantity":1}]}},{"currency":"USD","lines":{"items":[{"item":{"href":"https:\/\/hydraqa.unicity.net\/v5a-test\/items\/1bd53de7fe880ba71f46c9976ca2c137","id":{"unicity":"27739"}},"terms":{"priceEach":"43.0000","pvEach":"13.0000"},"quantity":1}]}},{"currency":"USD","lines":{"items":[{"item":{"href":"https:\/\/hydraqa.unicity.net\/v5a-test\/items\/035189015384166df518a68ede0299a9","id":{"unicity":"30408"}},"terms":{"priceEach":"101.0000","pvEach":"50.0000"},"quantity":1}]}},{"currency":"USD","lines":{"items":[{"item":{"href":"https:\/\/hydraqa.unicity.net\/v5a-test\/items\/bed533c634e887357ff031d8e4c776b0","id":{"unicity":"31751"}},"terms":{"priceEach":"115.0000","pvEach":"50.0000"},"quantity":1}]}},{"currency":"USD","lines":{"items":[{"item":{"href":"https:\/\/hydraqa.unicity.net\/v5a-test\/items\/e5029d0db50d6ea324b5e25f54d82636","id":{"unicity":"31651"}},"terms":{"priceEach":"38.0000","pvEach":"14.0000"},"quantity":1}]}},{"currency":"USD","lines":{"items":[{"item":{"href":"https:\/\/hydraqa.unicity.net\/v5a-test\/items\/c201dcd36f4bb7e17e7a8481ef08d6f2","id":{"unicity":"31518"}},"terms":{"priceEach":"38.0000","pvEach":"14.0000"},"quantity":1}]}},{"currency":"USD","lines":{"items":[{"item":{"href":"https:\/\/hydraqa.unicity.net\/v5a-test\/items\/f5a91f19576078a69f82c9f58805f479","id":{"unicity":"31655"}},"terms":{"priceEach":"38.0000","pvEach":"14.0000"},"quantity":1}]}},{"currency":"USD","lines":{"items":[{"item":{"href":"https:\/\/hydraqa.unicity.net\/v5a-test\/items\/0a3ede185ddf034630afd891c5106d33","id":{"unicity":"26562"}},"terms":{"priceEach":"43.0000","pvEach":"25.0000"},"quantity":1}]}},{"currency":"USD","lines":{"items":[{"item":{"href":"https:\/\/hydraqa.unicity.net\/v5a-test\/items\/4b2034f47fce90b87bba28c5c2d7c25d","id":{"unicity":"15880"}},"terms":{"priceEach":"76.0000","pvEach":"41.0000"},"quantity":1}]}},{"currency":"USD","lines":{"items":[{"item":{"href":"https:\/\/hydraqa.unicity.net\/v5a-test\/items\/3d89c4f7e508dfba4018dc9c732084de","id":{"unicity":"29181"}},"terms":{"priceEach":"30.0000","pvEach":"12.0000"},"quantity":1}]}},{"currency":"USD","lines":{"items":[{"item":{"href":"https:\/\/hydraqa.unicity.net\/v5a-test\/items\/aa0d72ac13b1ce88cf8c4a52ede75a37","id":{"unicity":"26552"}},"terms":{"priceEach":"89.0000","pvEach":"50.0000"},"quantity":1}]}},{"currency":"USD","lines":{"items":[{"item":{"href":"https:\/\/hydraqa.unicity.net\/v5a-test\/items\/5c6f1a39257b63482d454789e4d2035c","id":{"unicity":"26553"}},"terms":{"priceEach":"89.0000","pvEach":"50.0000"},"quantity":1}]}},{"currency":"USD","lines":{"items":[{"item":{"href":"https:\/\/hydraqa.unicity.net\/v5a-test\/items\/8d994059c399f5551ab112574e4476fc","id":{"unicity":"24785"}},"terms":{"priceEach":"18.0000","pvEach":"9.0000"},"quantity":1}]}},{"currency":"USD","lines":{"items":[{"item":{"href":"https:\/\/hydraqa.unicity.net\/v5a-test\/items\/8ed7a8910d5c5335774fa9cfae0e511d","id":{"unicity":"18386"}},"terms":{"priceEach":"35.0000","pvEach":"21.0000"},"quantity":1}]}},{"currency":"USD","lines":{"items":[{"item":{"href":"https:\/\/hydraqa.unicity.net\/v5a-test\/items\/398d06b858b960f6f38086d40608aef2","id":{"unicity":"26560"}},"terms":{"priceEach":"21.0000","pvEach":"12.0000"},"quantity":1}]}},{"currency":"USD","lines":{"items":[{"item":{"href":"https:\/\/hydraqa.unicity.net\/v5a-test\/items\/55d3b550a17b78175cc5ac565e4266e8","id":{"unicity":"24621"}},"terms":{"priceEach":"26.0000","pvEach":"12.0000"},"quantity":1}]}},{"currency":"USD","lines":{"items":[{"item":{"href":"https:\/\/hydraqa.unicity.net\/v5a-test\/items\/bb5c627f16547cb4f706cef521bca356","id":{"unicity":"29437"}},"terms":{"priceEach":"78.0000","pvEach":"36.0000"},"quantity":1}]}},{"currency":"USD","lines":{"items":[{"item":{"href":"https:\/\/hydraqa.unicity.net\/v5a-test\/items\/0e78fbdfebef11cd62f8d2120064ee58","id":{"unicity":"30280"}},"terms":{"priceEach":"52.0000","pvEach":"24.0000"},"quantity":1}]}},{"currency":"USD","lines":{"items":[{"item":{"href":"https:\/\/hydraqa.unicity.net\/v5a-test\/items\/2835b1a78e379486f0ffbfd5fb9f6b0a","id":{"unicity":"30400"}},"terms":{"priceEach":"49.0000","pvEach":"28.0000"},"quantity":1}]}},{"currency":"USD","lines":{"items":[{"item":{"href":"https:\/\/hydraqa.unicity.net\/v5a-test\/items\/84bf86533ae28dc84370f3699cc13a1d","id":{"unicity":"17744"}},"terms":{"priceEach":"127.0000","pvEach":"62.0000"},"quantity":1}]}},{"currency":"USD","lines":{"items":[{"item":{"href":"https:\/\/hydraqa.unicity.net\/v5a-test\/items\/48433ffc76597c823adc2b8627e033e4","id":{"unicity":"26559"}},"terms":{"priceEach":"39.0000","pvEach":"20.0000"},"quantity":1}]}},{"currency":"USD","lines":{"items":[{"item":{"href":"https:\/\/hydraqa.unicity.net\/v5a-test\/items\/5a38f009bec6c23b1b3a70432f9722e5","id":{"unicity":"19596"}},"terms":{"priceEach":"63.0000","pvEach":"30.0000"},"quantity":1}]}},{"currency":"USD","lines":{"items":[{"item":{"href":"https:\/\/hydraqa.unicity.net\/v5a-test\/items\/38da42f991a40a00153b2e5055b82dbf","id":{"unicity":"27801"}},"terms":{"priceEach":"225.0000","pvEach":"130.0000"},"quantity":1}]}},{"currency":"USD","lines":{"items":[{"item":{"href":"https:\/\/hydraqa.unicity.net\/v5a-test\/items\/051e765a5a71835a859c2757edd359f0","id":{"unicity":"26580"}},"terms":{"priceEach":"225.0000","pvEach":"130.0000"},"quantity":1}]}},{"currency":"USD","lines":{"items":[{"item":{"href":"https:\/\/hydraqa.unicity.net\/v5a-test\/items\/11aed902b772de90f113ca8a6379a37c","id":{"unicity":"27951"}},"terms":{"priceEach":"225.0000","pvEach":"130.0000"},"quantity":1}]}},{"currency":"USD","lines":{"items":[{"item":{"href":"https:\/\/hydraqa.unicity.net\/v5a-test\/items\/8c21f026bb6a32624e0c80475bf8efb0","id":{"unicity":"25880"}},"terms":{"priceEach":"43.0000","pvEach":"23.0000"},"quantity":1}]}},{"currency":"USD","lines":{"items":[{"item":{"href":"https:\/\/hydraqa.unicity.net\/v5a-test\/items\/e218d1cac5f31e7ae4f5876c29c57377","id":{"unicity":"29017"}},"terms":{"priceEach":"49.0000","pvEach":"26.0000"},"quantity":1}]}},{"currency":"USD","lines":{"items":[{"item":{"href":"https:\/\/hydraqa.unicity.net\/v5a-test\/items\/24ff5bda40c0d0e7eaa511866d052915","id":{"unicity":"29612"}},"terms":{"priceEach":"61.0000","pvEach":"30.0000"},"quantity":1}]}},{"currency":"USD","lines":{"items":[{"item":{"href":"https:\/\/hydraqa.unicity.net\/v5a-test\/items\/2c4c1abe00983e85aaa918d2ce341491","id":{"unicity":"17174"}},"terms":{"priceEach":"22.0000","pvEach":"10.0000"},"quantity":1}]}},{"currency":"USD","lines":{"items":[{"item":{"href":"https:\/\/hydraqa.unicity.net\/v5a-test\/items\/3f2d12d7a0e8551fc99fad3bbe1ba633","id":{"unicity":"26567"}},"terms":{"priceEach":"70.0000","pvEach":"35.0000"},"quantity":1}]}},{"currency":"USD","lines":{"items":[{"item":{"href":"https:\/\/hydraqa.unicity.net\/v5a-test\/items\/191637167cb3144bd2e8c4615e9ab67e","id":{"unicity":"26568"}},"terms":{"priceEach":"70.0000","pvEach":"35.0000"},"quantity":1}]}},{"currency":"USD","lines":{"items":[{"item":{"href":"https:\/\/hydraqa.unicity.net\/v5a-test\/items\/2cefc6a61faaae3455a5adcb0d8fc74f","id":{"unicity":"15907"}},"terms":{"priceEach":"19.0000","pvEach":"5.0000"},"quantity":1}]}},{"currency":"USD","lines":{"items":[{"item":{"href":"https:\/\/hydraqa.unicity.net\/v5a-test\/items\/e870d73cd94149d9f6b55de9736c9daa","id":{"unicity":"3107"}},"terms":{"priceEach":"31.0000","pvEach":"16.0000"},"quantity":1}]}},{"currency":"USD","lines":{"items":[{"item":{"href":"https:\/\/hydraqa.unicity.net\/v5a-test\/items\/b127a2d34d3d73e2f53e4c2002a7a4a2","id":{"unicity":"25008"}},"terms":{"priceEach":"24.0000","pvEach":"15.0000"},"quantity":1}]}},{"currency":"USD","lines":{"items":[{"item":{"href":"https:\/\/hydraqa.unicity.net\/v5a-test\/items\/dcdf1b79b8b6f644100ffc20fdca4683","id":{"unicity":"27835"}},"terms":{"priceEach":"1891.5000","pvEach":"1000.0000"},"quantity":1}]}},{"currency":"USD","lines":{"items":[{"item":{"href":"https:\/\/hydraqa.unicity.net\/v5a-test\/items\/efe7d99f2b77ea614d624d371afa4244","id":{"unicity":"25543"}},"terms":{"priceEach":"1891.5000","pvEach":"1000.0000"},"quantity":1}]}},{"currency":"USD","lines":{"items":[{"item":{"href":"https:\/\/hydraqa.unicity.net\/v5a-test\/items\/2da06ecf761a87f5619997496b83b745","id":{"unicity":"27831"}},"terms":{"priceEach":"1891.5000","pvEach":"1000.0000"},"quantity":1}]}},{"currency":"USD","lines":{"items":[{"item":{"href":"https:\/\/hydraqa.unicity.net\/v5a-test\/items\/1ab3a5a9b55fdf3618d21bf1d528afe4","id":{"unicity":"25542"}},"terms":{"priceEach":"1891.5000","pvEach":"1000.0000"},"quantity":1}]}},{"currency":"USD","lines":{"items":[{"item":{"href":"https:\/\/hydraqa.unicity.net\/v5a-test\/items\/52f0d3751a2d8f3f3670328e8157de5e","id":{"unicity":"27833"}},"terms":{"priceEach":"1891.5000","pvEach":"1000.0000"},"quantity":1}]}},{"currency":"USD","lines":{"items":[{"item":{"href":"https:\/\/hydraqa.unicity.net\/v5a-test\/items\/1535f370eb06bf30117fa28aa9ab1179","id":{"unicity":"25544"}},"terms":{"priceEach":"1891.5000","pvEach":"1000.0000"},"quantity":1}]}},{"currency":"USD","lines":{"items":[{"item":{"href":"https:\/\/hydraqa.unicity.net\/v5a-test\/items\/87f09080f7a29929816891acef721667","id":{"unicity":"25545"}},"terms":{"priceEach":"1891.5000","pvEach":"1000.0000"},"quantity":1}]}},{"currency":"USD","lines":{"items":[{"item":{"href":"https:\/\/hydraqa.unicity.net\/v5a-test\/items\/991cdbb84a495779eb209fb3956a77e4","id":{"unicity":"29183"}},"terms":{"priceEach":"52.0000","pvEach":"24.0000"},"quantity":1}]}},{"currency":"USD","lines":{"items":[{"item":{"href":"https:\/\/hydraqa.unicity.net\/v5a-test\/items\/cda534d686af5d627c94c4bb2c4b57d8","id":{"unicity":"26561"}},"terms":{"priceEach":"21.0000","pvEach":"11.0000"},"quantity":1}]}},{"currency":"USD","lines":{"items":[{"item":{"href":"https:\/\/hydraqa.unicity.net\/v5a-test\/items\/10da226fab00279b4f89df10af2a10b7","id":{"unicity":"26442"}},"terms":{"priceEach":"8.0000","pvEach":"0.0000"},"quantity":1}]}},{"currency":"USD","lines":{"items":[{"item":{"href":"https:\/\/hydraqa.unicity.net\/v5a-test\/items\/2de8516a24af8232add0bb392e750a71","id":{"unicity":"31859"}},"terms":{"priceEach":"225.0000","pvEach":"130.0000"},"quantity":1}]}},{"currency":"USD","lines":{"items":[{"item":{"href":"https:\/\/hydraqa.unicity.net\/v5a-test\/items\/cf8460040a1860bcabf250b6c1171675","id":{"unicity":"31858"}},"terms":{"priceEach":"330.0000","pvEach":"195.0000"},"quantity":1}]}},{"currency":"USD","lines":{"items":[{"item":{"href":"https:\/\/hydraqa.unicity.net\/v5a-test\/items\/4ab49eca1731e69206ccafb5112ad5a4","id":{"unicity":"31861"}},"terms":{"priceEach":"245.0000","pvEach":"135.0000"},"quantity":1}]}},{"currency":"USD","lines":{"items":[{"item":{"href":"https:\/\/hydraqa.unicity.net\/v5a-test\/items\/d4c8fce238d6fc34d17a4b36d1e4e59a","id":{"unicity":"31860"}},"terms":{"priceEach":"245.0000","pvEach":"135.0000"},"quantity":1}]}},{"currency":"USD","lines":{"items":[{"item":{"href":"https:\/\/hydraqa.unicity.net\/v5a-test\/items\/fd464cd7972cc1317e850b9196d886b8","id":{"unicity":"31863"}},"terms":{"priceEach":"255.0000","pvEach":"148.0000"},"quantity":1}]}},{"currency":"USD","lines":{"items":[{"item":{"href":"https:\/\/hydraqa.unicity.net\/v5a-test\/items\/e47fd287212acedd1cffb2b67bf623bd","id":{"unicity":"31862"}},"terms":{"priceEach":"255.0000","pvEach":"148.0000"},"quantity":1}]}},{"currency":"USD","lines":{"items":[{"item":{"href":"https:\/\/hydraqa.unicity.net\/v5a-test\/items\/024e696f8b44a1d315006e676604cd31","id":{"unicity":"27395"}},"terms":{"priceEach":"32.0000","pvEach":"16.0000"},"quantity":1}]}},{"currency":"USD","lines":{"items":[{"item":{"href":"https:\/\/hydraqa.unicity.net\/v5a-test\/items\/91a6016282310b83203d0bb7bea14a0f","id":{"unicity":"29050"}},"terms":{"priceEach":"14.9500","pvEach":"0.0000"},"quantity":1}]}},{"currency":"USD","lines":{"items":[{"item":{"href":"https:\/\/hydraqa.unicity.net\/v5a-test\/items\/7fc100f8d20814757efe2d79e41b315c","id":{"unicity":"32021"}},"terms":{"priceEach":"104.0000","pvEach":"60.0000"},"quantity":1}]}},{"currency":"USD","lines":{"items":[{"item":{"href":"https:\/\/hydraqa.unicity.net\/v5a-test\/items\/634f7efb30392b2a919de1355902d975","id":{"unicity":"29408"}},"terms":{"priceEach":"99.0000","pvEach":"52.0000"},"quantity":1}]}},{"currency":"USD","lines":{"items":[{"item":{"href":"https:\/\/hydraqa.unicity.net\/v5a-test\/items\/fa2407c91e64e66a72ab45172eb978df","id":{"unicity":"0988"}},"terms":{"priceEach":"47.0000","pvEach":"23.0000"},"quantity":1}]}},{"currency":"USD","lines":{"items":[{"item":{"href":"https:\/\/hydraqa.unicity.net\/v5a-test\/items\/64ec7ad932acafab052a4e8800ad1238","id":{"unicity":"24758"}},"terms":{"priceEach":"40.0000","pvEach":"21.0000"},"quantity":1}]}},{"currency":"USD","lines":{"items":[{"item":{"href":"https:\/\/hydraqa.unicity.net\/v5a-test\/items\/c61892f0a7b7e88054169a31d65d95e0","id":{"unicity":"18373"}},"terms":{"priceEach":"22.0000","pvEach":"10.0000"},"quantity":1}]}},{"currency":"USD","lines":{"items":[{"item":{"href":"https:\/\/hydraqa.unicity.net\/v5a-test\/items\/40a1044968ea62276f4ba87fd2ef0d8f","id":{"unicity":"12230"}},"terms":{"priceEach":"52.0000","pvEach":"18.0000"},"quantity":1}]}},{"currency":"USD","lines":{"items":[{"item":{"href":"https:\/\/hydraqa.unicity.net\/v5a-test\/items\/9ff4257741d464b686d15be955b8afb6","id":{"unicity":"0963"}},"terms":{"priceEach":"54.0000","pvEach":"25.0000"},"quantity":1}]}},{"currency":"USD","lines":{"items":[{"item":{"href":"https:\/\/hydraqa.unicity.net\/v5a-test\/items\/ddef5f478ff91aa2263b646a3bd03dea","id":{"unicity":"21420"}},"terms":{"priceEach":"31.0000","pvEach":"10.0000"},"quantity":1}]}}]}
Entry request : {"order":{"customer":{"href":"https://hydraqa.unicity.net/v5a-test/customers?type=PreferredCustomer"},"shipToAddress":{"country":"US"}},"vary":{"lines":{"items":[{"item":{"href":"https://hydraqa.unicity.net/v5a-test/items?id.unicity=26580|31440|31441|31651|31655|31518|31751|27801|27951|25542|27835|25543|27831|0963|15129|15271|15880|17174|22745|22747|23728|24758|25022|26550|26556|26557|26560|26561|26562|27615|27739|24418|22888|27585|17744|25008|26442|26551|6200|15916|18908|24785|29050|26552|26553|27028|0954|18401|27029|26559|19596|25544|25545|26945|25535|21420|24621|27833|27837|28836|15712|22165|0960|25369|30825|18386|26567|26568|15907|28513|3107|0988|18373|12230|26950|26786|27587|29017|25880|29694|29408|29437|29181|29183|29191|29352|29612|30350|27395|29440|29830|30408|30414|30400|30280|31314|31727|31728|31729|31730|31731|31842|31846|31845|31847|31858|31859|31863|31862|31860|31861|31958|32021|32030|32364|32365|32366|32367|32368|32369|32370|32371|32372|31106|26555"}}]}}}
Request URL: https://hydraqa.unicity.net/v5a-test/customers.js?_httpMethod=HEAD&callback=angular.callbacks._1&email=XNGUJM@gmail.com
Request URL: https://hydraqa.unicity.net/v5a-test/addresses?country=US&zip=84097
Entry response : {"items":[{"city":"Orem","state":"UT"}]}
No Pop UP
{sponsor=2, gender=female, city=OREM, cartprice=225.0, enroller=2, arpack=Prime Health Pack - Cholesterol, Energy, Vanilla, language=English, locale=en, type=PreferredCustomer, platform=QA, lname=TestLastName, password=Unicity, genderoption=Female, Currency=USD, api=1, state=[UT], enrollerName=EnrollerTest, email=XNGUJM@gmail.com, zip=84097, fname=TestFirstName, prefferd=Bahamas, address2=Address 2, address1=1209 N 800 E, shippingmethod=type=Economy, version=v5a-test/, testcase=normal, market=Bahamas, aritemcode=26580, martial=Married, phone=9823746323, proto=https://hydraqa.unicity.net/, marketcode=BS, maritaloption=Married, ccname=CCNameTest}
Request URL: https://hydraqa.unicity.net/v5a-test/orders.js
Entry request : {"customer":{"mainAddress":{"city":"OREM","country":"US","state":"UT","zip":"84097","address1":"1209 N 800 E","address2":""},"humanName":{"firstName":"TestFirstName","lastName":"TestLastName"},"email":"XNGUJM@gmail.com","preferredLocale":"en-BS","password":{"value":"Unicity"},"gender":"female","maritalStatus":"Married","type":"PreferredCustomer","enroller":{"href":"https://hydraqa.unicity.net/v5a-test/customers?id.unicity=2"},"creditcardaliases":[{"methodDetails":{"creditCardNumber":"4111111111111111","payer":"TestFirstName TestLastName","creditCardExpires":"2020-10"},"billToName":{"firstName":"TestFirstName","lastName":"TestLastName"},"billToAddress":{"address1":"Address 1","address2":"Address 2","city":"TestCity","state":"RS","zip":"","country":"BS"}}],"sponsor":{"href":"https://hydraqa.unicity.net/v5a-test/customers?id.unicity=2"},"homePhone":"9823746323","autoorders":{"items":[{"recurrence":{"schedule":{"month":"*","dayOfMonth":"5"},"status":"Enabled"},"lines":{"items":[{"item":{"href":"https://hydraqa.unicity.net/v5a-test/items?id.unicity=26580"},"quantity":1}]},"shipToName":{"firstName":"TestFirstName","lastName":"TestLastName"},"shipToPhone":"9823746323","shipToEmail":"XNGUJM@gmail.com","shipToAddress":{"city":"OREM","country":"US","state":"UT","address1":"1209 N 800 E","address2":"","zip":"84097"},"shippingMethod":{"href":"https://hydraqa.unicity.net/v5a-test/shippingmethods?type=Economy"},"transactions":{"items":[{"amount":"this.terms.total","type":"AuthorizeAndCapture","method":"CreditCardAlias","methodDetails":{"alias":"this.customer.creditcardaliases[0].alias"}}]}}]},"rights":[]},"lines":{"items":[{"item":{"href":"https://hydraqa.unicity.net/v5a-test/items?id.unicity=31859"},"quantity":1}]},"shipToName":{"firstName":"TestFirstName","lastName":"TestLastName"},"shipToPhone":"9823746323","shipToEmail":"XNGUJM@gmail.com","shipToAddress":{"city":"OREM","country":"US","state":"UT","address1":"1209 N 800 E","address2":"","zip":"84097"},"shippingMethod":{"href":"https://hydraqa.unicity.net/v5a-test/shippingmethods?type=Economy"},"notes":"","transactions":{"items":[{"amount":"this.terms.total","type":"AuthorizeAndCapture","method":"CreditCard","methodDetails":{"creditCardNumber":"4111111111111111","payer":"CCNameTest","creditCardExpires":"2020-10","creditCardSecurityCode":"123"},"billToAddress":{"address1":"Address 1","address2":"Address 2","city":"TestCity","state":"RS","zip":"","country":"BS"}}]}}
Entry response : {"meta":{"Link":"<http:\/\/unicity.github.io\/Hydra.php\/docs\/v5\/>; rel=\"help\"","X-Request-UUID":"e806173a-9df7-4398-94ed-80884bececd7","X-Request-Release":"5-2020012701\/master","Cache-Control":"no-cache, must-revalidate","Expires":"0","X-Powered-By":"Luracast Restler v3.0.0rc5","Content-Type":"text\/javascript; charset=utf-8","Content-Language":"en","X-Status-Code":"449"},"data":{"error":{"code":449,"message":"Retry With","error_code":"3449","error_message":"Order can't be immediately processed. Please retry. Error#W3J3B","retry_in_seconds":60}}}
Headers-->keep-alive
Headers-->2445
Headers-->application/json, text/plain, */*
Headers-->http://enroll.ng.unicityqa.com
Headers-->en-BS
]]></system-out>
    <system-err><![CDATA[Starting ChromeDriver 2.36.540470 (e522d04694c7ebea4ba8821272dbef4f9b818c91) on port 42882
Only local connections are allowed.
Jan 27, 2020 8:11:42 PM org.openqa.selenium.remote.ProtocolHandshake createSession
INFO: Detected dialect: OSS
]]></system-err>
  </testcase>
  <testcase name="Enroll" classname="Tests.PrefferedCustomer" time="120.752">
    <failure message="stale element reference: element is not attached to the page document&#10;  (Session info: chrome=79.0.3945.130)&#10;  (Driver info: chromedriver=2.36.540470 (e522d04694c7ebea4ba8821272dbef4f9b818c91),platform=Windows NT 6.3.9600 x86_64) (WARNING: The server did not provide any stacktrace information)&#10;Command duration or timeout: 0 milliseconds&#10;For documentation on this error, please visit: http://seleniumhq.org/exceptions/stale_element_reference.html&#10;Build info: version: &apos;3.8.1&apos;, revision: &apos;6e95a6684b&apos;, time: &apos;2017-12-01T18:33:54.468Z&apos;&#10;System info: host: &apos;QASERVER01&apos;, ip: &apos;10.2.0.23&apos;, os.name: &apos;Windows Server 2012 R2&apos;, os.arch: &apos;amd64&apos;, os.version: &apos;6.3&apos;, java.version: &apos;1.8.0_111&apos;&#10;Driver info: org.openqa.selenium.chrome.ChromeDriver&#10;Capabilities {acceptInsecureCerts: false, acceptSslCerts: false, applicationCacheEnabled: false, browserConnectionEnabled: false, browserName: chrome, chrome: {chromedriverVersion: 2.36.540470 (e522d04694c7eb..., userDataDir: C:\Users\sumancb\AppData\Lo...}, cssSelectorsEnabled: true, databaseEnabled: false, handlesAlerts: true, hasTouchScreen: false, javascriptEnabled: true, locationContextEnabled: true, mobileEmulationEnabled: false, nativeEvents: true, networkConnectionEnabled: false, pageLoadStrategy: normal, platform: XP, platformName: XP, rotatable: false, setWindowRect: true, takesHeapSnapshot: true, takesScreenshot: true, unexpectedAlertBehaviour: , unhandledPromptBehavior: , version: 79.0.3945.130, webStorageEnabled: true}&#10;Session ID: 5463ad88e622a61b9564f4ff6e84d5b2" type="org.openqa.selenium.StaleElementReferenceException">org.openqa.selenium.StaleElementReferenceException: 
stale element reference: element is not attached to the page document
  (Session info: chrome=79.0.3945.130)
  (Driver info: chromedriver=2.36.540470 (e522d04694c7ebea4ba8821272dbef4f9b818c91),platform=Windows NT 6.3.9600 x86_64) (WARNING: The server did not provide any stacktrace information)
Command duration or timeout: 0 milliseconds
For documentation on this error, please visit: http://seleniumhq.org/exceptions/stale_element_reference.html
Build info: version: '3.8.1', revision: '6e95a6684b', time: '2017-12-01T18:33:54.468Z'
System info: host: 'QASERVER01', ip: '10.2.0.23', os.name: 'Windows Server 2012 R2', os.arch: 'amd64', os.version: '6.3', java.version: '1.8.0_111'
Driver info: org.openqa.selenium.chrome.ChromeDriver
Capabilities {acceptInsecureCerts: false, acceptSslCerts: false, applicationCacheEnabled: false, browserConnectionEnabled: false, browserName: chrome, chrome: {chromedriverVersion: 2.36.540470 (e522d04694c7eb..., userDataDir: C:\Users\sumancb\AppData\Lo...}, cssSelectorsEnabled: true, databaseEnabled: false, handlesAlerts: true, hasTouchScreen: false, javascriptEnabled: true, locationContextEnabled: true, mobileEmulationEnabled: false, nativeEvents: true, networkConnectionEnabled: false, pageLoadStrategy: normal, platform: XP, platformName: XP, rotatable: false, setWindowRect: true, takesHeapSnapshot: true, takesScreenshot: true, unexpectedAlertBehaviour: , unhandledPromptBehavior: , version: 79.0.3945.130, webStorageEnabled: true}
Session ID: 5463ad88e622a61b9564f4ff6e84d5b2
	at Tests.PrefferedCustomer.Enroll(PrefferedCustomer.java:103)
</failure>
    <system-out><![CDATA[Request URL: https://hydraqa.unicity.net/v5a-test/quotes?&expand=item
Entry Quotes response : {"items":[{"currency":"CAD","lines":{"items":[{"item":{"href":"https:\/\/hydraqa.unicity.net\/v5a-test\/items\/fe97499574f54ccd16daec7361208411","id":{"unicity":"26570"}},"terms":{"priceEach":"26.0000","pvEach":"13.0000"},"quantity":1}]}},{"currency":"CAD","lines":{"items":[{"item":{"href":"https:\/\/hydraqa.unicity.net\/v5a-test\/items\/9666510b53026f2d730c43746482be9c","id":{"unicity":"31849"}},"terms":{"priceEach":"208.0000","pvEach":"100.0000"},"quantity":1}]}},{"currency":"CAD","lines":{"items":[{"item":{"href":"https:\/\/hydraqa.unicity.net\/v5a-test\/items\/42d7ab6b9834716f6ebdd66f1a86d7b1","id":{"unicity":"30980"}},"terms":{"priceEach":"25.0000","pvEach":"8.0000"},"quantity":1}]}},{"currency":"CAD","lines":{"items":[{"item":{"href":"https:\/\/hydraqa.unicity.net\/v5a-test\/items\/f847ce37f5942a226f74e671c86709f8","id":{"unicity":"28787"}},"terms":{"priceEach":"39.0000","pvEach":"17.0000"},"quantity":1}]}},{"currency":"CAD","lines":{"items":[{"item":{"href":"https:\/\/hydraqa.unicity.net\/v5a-test\/items\/581848fdf2bd6cdafbedf9735f46eb17","id":{"unicity":"27182"}},"terms":{"priceEach":"1995.0000","pvEach":"1000.0000"},"quantity":1}]}},{"currency":"CAD","lines":{"items":[{"item":{"href":"https:\/\/hydraqa.unicity.net\/v5a-test\/items\/5e53a07a3c37f90fa4fbb21b19b06cac","id":{"unicity":"27184"}},"terms":{"priceEach":"1995.0000","pvEach":"1000.0000"},"quantity":1}]}},{"currency":"CAD","lines":{"items":[{"item":{"href":"https:\/\/hydraqa.unicity.net\/v5a-test\/items\/1945faa1776541d53120ecfe3c1d8a2b","id":{"unicity":"24418"}},"terms":{"priceEach":"6.0000","pvEach":"0.0000"},"quantity":1}]}},{"currency":"CAD","lines":{"items":[{"item":{"href":"https:\/\/hydraqa.unicity.net\/v5a-test\/items\/828f9b5bdbceaa7cd3ca6a4532632635","id":{"unicity":"19356"}},"terms":{"priceEach":"41.0000","pvEach":"21.0000"},"quantity":1}]}},{"currency":"CAD","lines":{"items":[{"item":{"href":"https:\/\/hydraqa.unicity.net\/v5a-test\/items\/1b0412bea8c0b841c66f65a36aa14108","id":{"unicity":"29191"}},"terms":{"priceEach":"104.0000","pvEach":"36.0000"},"quantity":1}]}},{"currency":"CAD","lines":{"items":[{"item":{"href":"https:\/\/hydraqa.unicity.net\/v5a-test\/items\/cb1cb2d293cc48affee9b2026c31313a","id":{"unicity":"28928"}},"terms":{"priceEach":"47.0000","pvEach":"13.0000"},"quantity":1}]}},{"currency":"CAD","lines":{"items":[{"item":{"href":"https:\/\/hydraqa.unicity.net\/v5a-test\/items\/2ffc1563d3d0fd7121ca5b1c2184988e","id":{"unicity":"28428"}},"terms":{"priceEach":"111.0000","pvEach":"62.0000"},"quantity":1}]}},{"currency":"CAD","lines":{"items":[{"item":{"href":"https:\/\/hydraqa.unicity.net\/v5a-test\/items\/637af131553f5822bef2bb0f0577b2e9","id":{"unicity":"28160"}},"terms":{"priceEach":"118.0000","pvEach":"62.0000"},"quantity":1}]}},{"currency":"CAD","lines":{"items":[{"item":{"href":"https:\/\/hydraqa.unicity.net\/v5a-test\/items\/6e0e7450f45cb9412e5b4642dd1469cb","id":{"unicity":"26579"}},"terms":{"priceEach":"24.0000","pvEach":"13.0000"},"quantity":1}]}},{"currency":"CAD","lines":{"items":[{"item":{"href":"https:\/\/hydraqa.unicity.net\/v5a-test\/items\/25903b9f5822fe7addc90c0561021374","id":{"unicity":"30136"}},"terms":{"priceEach":"365.0000","pvEach":"133.0000"},"quantity":1}]}},{"currency":"CAD","lines":{"items":[{"item":{"href":"https:\/\/hydraqa.unicity.net\/v5a-test\/items\/6b12c1e4bef067dceb5ac0ed8c54420d","id":{"unicity":"28096"}},"terms":{"priceEach":"26.0000","pvEach":"10.0000"},"quantity":1}]}},{"currency":"CAD","lines":{"items":[{"item":{"href":"https:\/\/hydraqa.unicity.net\/v5a-test\/items\/cfc721c9fb00317ed614492f65f21460","id":{"unicity":"31288"}},"terms":{"priceEach":"59.0000","pvEach":"30.0000"},"quantity":1}]}},{"currency":"CAD","lines":{"items":[{"item":{"href":"https:\/\/hydraqa.unicity.net\/v5a-test\/items\/dd619e405d660b27ccf73ce78079e1d9","id":{"unicity":"28325"}},"terms":{"priceEach":"1995.0000","pvEach":"1000.0000"},"quantity":1}]}},{"currency":"CAD","lines":{"items":[{"item":{"href":"https:\/\/hydraqa.unicity.net\/v5a-test\/items\/1785a19a6bf5472c7c1ded08cb7fd083","id":{"unicity":"28326"}},"terms":{"priceEach":"1995.0000","pvEach":"1000.0000"},"quantity":1}]}},{"currency":"CAD","lines":{"items":[{"item":{"href":"https:\/\/hydraqa.unicity.net\/v5a-test\/items\/351c19047c5c800d2db6963b3af5df78","id":{"unicity":"27080"}},"terms":{"priceEach":"67.0000","pvEach":"35.0000"},"quantity":1}]}},{"currency":"CAD","lines":{"items":[{"item":{"href":"https:\/\/hydraqa.unicity.net\/v5a-test\/items\/4b1b6b6007d154296fd6c4044c789f67","id":{"unicity":"28329"}},"terms":{"priceEach":"284.0000","pvEach":"150.0000"},"quantity":1}]}},{"currency":"CAD","lines":{"items":[{"item":{"href":"https:\/\/hydraqa.unicity.net\/v5a-test\/items\/bb1a7c3a2902e2cbc4cb2a22fdf1f499","id":{"unicity":"26993"}},"terms":{"priceEach":"284.0000","pvEach":"150.0000"},"quantity":1}]}},{"currency":"CAD","lines":{"items":[{"item":{"href":"https:\/\/hydraqa.unicity.net\/v5a-test\/items\/ae14f4659032c9e8591a7ac76abd1ad5","id":{"unicity":"26569"}},"terms":{"priceEach":"50.0000","pvEach":"30.0000"},"quantity":1}]}},{"currency":"CAD","lines":{"items":[{"item":{"href":"https:\/\/hydraqa.unicity.net\/v5a-test\/items\/702718a42df24a0c9435af2fdc464748","id":{"unicity":"27400"}},"terms":{"priceEach":"53.0000","pvEach":"30.0000"},"quantity":1}]}},{"currency":"CAD","lines":{"items":[{"item":{"href":"https:\/\/hydraqa.unicity.net\/v5a-test\/items\/8407b62b9c4120aa3dfe25c9feb76e4a","id":{"unicity":"28591"}},"terms":{"priceEach":"24.0000","pvEach":"15.0000"},"quantity":1}]}},{"currency":"CAD","lines":{"items":[{"item":{"href":"https:\/\/hydraqa.unicity.net\/v5a-test\/items\/991cdbb84a495779eb209fb3956a77e4","id":{"unicity":"29183"}},"terms":{"priceEach":"69.0000","pvEach":"24.0000"},"quantity":1}]}},{"currency":"CAD","lines":{"items":[{"item":{"href":"https:\/\/hydraqa.unicity.net\/v5a-test\/items\/c4744f6ba328b983bfffc7e1e4416ff3","id":{"unicity":"26565"}},"terms":{"priceEach":"117.0000","pvEach":"64.0000"},"quantity":1}]}},{"currency":"CAD","lines":{"items":[{"item":{"href":"https:\/\/hydraqa.unicity.net\/v5a-test\/items\/10da226fab00279b4f89df10af2a10b7","id":{"unicity":"26442"}},"terms":{"priceEach":"10.0000","pvEach":"0.0000"},"quantity":1}]}},{"currency":"CAD","lines":{"items":[{"item":{"href":"https:\/\/hydraqa.unicity.net\/v5a-test\/items\/576e0ebc8d1f5b26fc89bf3cd47a26c6","id":{"unicity":"26572"}},"terms":{"priceEach":"110.0000","pvEach":"56.0000"},"quantity":1}]}},{"currency":"CAD","lines":{"items":[{"item":{"href":"https:\/\/hydraqa.unicity.net\/v5a-test\/items\/60b5ca15c481444657970edde11b04ce","id":{"unicity":"26571"}},"terms":{"priceEach":"110.0000","pvEach":"56.0000"},"quantity":1}]}},{"currency":"CAD","lines":{"items":[{"item":{"href":"https:\/\/hydraqa.unicity.net\/v5a-test\/items\/e77144fa2fcf6a4dc73c15b4d615c1aa","id":{"unicity":"28437"}},"terms":{"priceEach":"85.0000","pvEach":"33.0000"},"quantity":1}]}},{"currency":"CAD","lines":{"items":[{"item":{"href":"https:\/\/hydraqa.unicity.net\/v5a-test\/items\/b24413d1812bb9c95ba6ff7e26bad8ff","id":{"unicity":"26566"}},"terms":{"priceEach":"54.0000","pvEach":"32.0000"},"quantity":1}]}},{"currency":"CAD","lines":{"items":[{"item":{"href":"https:\/\/hydraqa.unicity.net\/v5a-test\/items\/46ea1edabdcf18f49817c437346958eb","id":{"unicity":"29147"}},"terms":{"priceEach":"85.0000","pvEach":"33.0000"},"quantity":1}]}},{"currency":"CAD","lines":{"items":[{"item":{"href":"https:\/\/hydraqa.unicity.net\/v5a-test\/items\/91a6016282310b83203d0bb7bea14a0f","id":{"unicity":"29050"}},"terms":{"priceEach":"15.0000","pvEach":"0.0000"},"quantity":1}]}},{"currency":"CAD","lines":{"items":[{"item":{"href":"https:\/\/hydraqa.unicity.net\/v5a-test\/items\/5c430db0256426c4b730bc6994a94a02","id":{"unicity":"31773"}},"terms":{"priceEach":"34.0000","pvEach":"13.0000"},"quantity":1}]}},{"currency":"CAD","lines":{"items":[{"item":{"href":"https:\/\/hydraqa.unicity.net\/v5a-test\/items\/e84750c27b2b9f10e6b4d2ab5a1954ba","id":{"unicity":"30115"}},"terms":{"priceEach":"137.0000","pvEach":"56.0000"},"quantity":1}]}},{"currency":"CAD","lines":{"items":[{"item":{"href":"https:\/\/hydraqa.unicity.net\/v5a-test\/items\/a40ede5f6847ec094ad8a38616ced7d0","id":{"unicity":"28100"}},"terms":{"priceEach":"46.0000","pvEach":"25.0000"},"quantity":1}]}}]}
Entry request : {"order":{"customer":{"href":"https://hydraqa.unicity.net/v5a-test/customers?type=PreferredCustomer"},"shipToAddress":{"country":"CA"}},"vary":{"lines":{"items":[{"item":{"href":"https://hydraqa.unicity.net/v5a-test/items?id.unicity=26993|31440|31442|27182|27184|28325|28327|26996|28329|28332|26572|27400|24418|29147|28437|28591|26580|26442|28370|28096|26571|29050|28326|28328|26994|26995|28330|28331|28428|28160|26574|26565|26570|26569|27589|27080|13668|28787|26566|26579|19356|28928|20436|28100|28845|29183|29185|29191|30115|30980|31110|31773|31288|32152|30136|31849"}}]}}}
Request URL: https://hydraqa.unicity.net/v5a-test/customers.js?callback=angular.callbacks._1&expand=customer,profilePicture&id.unicity=36554001
Request URL: https://hydraqa.unicity.net/v5a-test/customers.js?_httpMethod=HEAD&callback=angular.callbacks._4&email=WSYSWJ@gmail.com
]]></system-out>
    <system-err><![CDATA[Starting ChromeDriver 2.36.540470 (e522d04694c7ebea4ba8821272dbef4f9b818c91) on port 45227
Only local connections are allowed.
Jan 27, 2020 8:15:41 PM org.openqa.selenium.remote.ProtocolHandshake createSession
INFO: Detected dialect: OSS
]]></system-err>
  </testcase>
  <testcase name="Enroll" classname="Tests.PrefferedCustomer" time="165.785">
    <failure message="Major Market expected [CA] but found [null]" type="java.lang.AssertionError">java.lang.AssertionError: Major Market expected [CA] but found [null]
	at Tests.PrefferedCustomer.Enroll(PrefferedCustomer.java:104)
</failure>
    <system-out><![CDATA[Request URL: https://hydraqa.unicity.net/v5a-test/quotes?&expand=item
Entry Quotes response : {"items":[{"currency":"CAD","lines":{"items":[{"item":{"href":"https:\/\/hydraqa.unicity.net\/v5a-test\/items\/fe97499574f54ccd16daec7361208411","id":{"unicity":"26570"}},"terms":{"priceEach":"26.0000","pvEach":"13.0000"},"quantity":1}]}},{"currency":"CAD","lines":{"items":[{"item":{"href":"https:\/\/hydraqa.unicity.net\/v5a-test\/items\/9666510b53026f2d730c43746482be9c","id":{"unicity":"31849"}},"terms":{"priceEach":"208.0000","pvEach":"100.0000"},"quantity":1}]}},{"currency":"CAD","lines":{"items":[{"item":{"href":"https:\/\/hydraqa.unicity.net\/v5a-test\/items\/42d7ab6b9834716f6ebdd66f1a86d7b1","id":{"unicity":"30980"}},"terms":{"priceEach":"25.0000","pvEach":"8.0000"},"quantity":1}]}},{"currency":"CAD","lines":{"items":[{"item":{"href":"https:\/\/hydraqa.unicity.net\/v5a-test\/items\/f847ce37f5942a226f74e671c86709f8","id":{"unicity":"28787"}},"terms":{"priceEach":"39.0000","pvEach":"17.0000"},"quantity":1}]}},{"currency":"CAD","lines":{"items":[{"item":{"href":"https:\/\/hydraqa.unicity.net\/v5a-test\/items\/581848fdf2bd6cdafbedf9735f46eb17","id":{"unicity":"27182"}},"terms":{"priceEach":"1995.0000","pvEach":"1000.0000"},"quantity":1}]}},{"currency":"CAD","lines":{"items":[{"item":{"href":"https:\/\/hydraqa.unicity.net\/v5a-test\/items\/5e53a07a3c37f90fa4fbb21b19b06cac","id":{"unicity":"27184"}},"terms":{"priceEach":"1995.0000","pvEach":"1000.0000"},"quantity":1}]}},{"currency":"CAD","lines":{"items":[{"item":{"href":"https:\/\/hydraqa.unicity.net\/v5a-test\/items\/1945faa1776541d53120ecfe3c1d8a2b","id":{"unicity":"24418"}},"terms":{"priceEach":"6.0000","pvEach":"0.0000"},"quantity":1}]}},{"currency":"CAD","lines":{"items":[{"item":{"href":"https:\/\/hydraqa.unicity.net\/v5a-test\/items\/828f9b5bdbceaa7cd3ca6a4532632635","id":{"unicity":"19356"}},"terms":{"priceEach":"41.0000","pvEach":"21.0000"},"quantity":1}]}},{"currency":"CAD","lines":{"items":[{"item":{"href":"https:\/\/hydraqa.unicity.net\/v5a-test\/items\/1b0412bea8c0b841c66f65a36aa14108","id":{"unicity":"29191"}},"terms":{"priceEach":"104.0000","pvEach":"36.0000"},"quantity":1}]}},{"currency":"CAD","lines":{"items":[{"item":{"href":"https:\/\/hydraqa.unicity.net\/v5a-test\/items\/cb1cb2d293cc48affee9b2026c31313a","id":{"unicity":"28928"}},"terms":{"priceEach":"47.0000","pvEach":"13.0000"},"quantity":1}]}},{"currency":"CAD","lines":{"items":[{"item":{"href":"https:\/\/hydraqa.unicity.net\/v5a-test\/items\/2ffc1563d3d0fd7121ca5b1c2184988e","id":{"unicity":"28428"}},"terms":{"priceEach":"111.0000","pvEach":"62.0000"},"quantity":1}]}},{"currency":"CAD","lines":{"items":[{"item":{"href":"https:\/\/hydraqa.unicity.net\/v5a-test\/items\/637af131553f5822bef2bb0f0577b2e9","id":{"unicity":"28160"}},"terms":{"priceEach":"118.0000","pvEach":"62.0000"},"quantity":1}]}},{"currency":"CAD","lines":{"items":[{"item":{"href":"https:\/\/hydraqa.unicity.net\/v5a-test\/items\/6e0e7450f45cb9412e5b4642dd1469cb","id":{"unicity":"26579"}},"terms":{"priceEach":"24.0000","pvEach":"13.0000"},"quantity":1}]}},{"currency":"CAD","lines":{"items":[{"item":{"href":"https:\/\/hydraqa.unicity.net\/v5a-test\/items\/25903b9f5822fe7addc90c0561021374","id":{"unicity":"30136"}},"terms":{"priceEach":"365.0000","pvEach":"133.0000"},"quantity":1}]}},{"currency":"CAD","lines":{"items":[{"item":{"href":"https:\/\/hydraqa.unicity.net\/v5a-test\/items\/6b12c1e4bef067dceb5ac0ed8c54420d","id":{"unicity":"28096"}},"terms":{"priceEach":"26.0000","pvEach":"10.0000"},"quantity":1}]}},{"currency":"CAD","lines":{"items":[{"item":{"href":"https:\/\/hydraqa.unicity.net\/v5a-test\/items\/cfc721c9fb00317ed614492f65f21460","id":{"unicity":"31288"}},"terms":{"priceEach":"59.0000","pvEach":"30.0000"},"quantity":1}]}},{"currency":"CAD","lines":{"items":[{"item":{"href":"https:\/\/hydraqa.unicity.net\/v5a-test\/items\/dd619e405d660b27ccf73ce78079e1d9","id":{"unicity":"28325"}},"terms":{"priceEach":"1995.0000","pvEach":"1000.0000"},"quantity":1}]}},{"currency":"CAD","lines":{"items":[{"item":{"href":"https:\/\/hydraqa.unicity.net\/v5a-test\/items\/1785a19a6bf5472c7c1ded08cb7fd083","id":{"unicity":"28326"}},"terms":{"priceEach":"1995.0000","pvEach":"1000.0000"},"quantity":1}]}},{"currency":"CAD","lines":{"items":[{"item":{"href":"https:\/\/hydraqa.unicity.net\/v5a-test\/items\/351c19047c5c800d2db6963b3af5df78","id":{"unicity":"27080"}},"terms":{"priceEach":"67.0000","pvEach":"35.0000"},"quantity":1}]}},{"currency":"CAD","lines":{"items":[{"item":{"href":"https:\/\/hydraqa.unicity.net\/v5a-test\/items\/4b1b6b6007d154296fd6c4044c789f67","id":{"unicity":"28329"}},"terms":{"priceEach":"284.0000","pvEach":"150.0000"},"quantity":1}]}},{"currency":"CAD","lines":{"items":[{"item":{"href":"https:\/\/hydraqa.unicity.net\/v5a-test\/items\/bb1a7c3a2902e2cbc4cb2a22fdf1f499","id":{"unicity":"26993"}},"terms":{"priceEach":"284.0000","pvEach":"150.0000"},"quantity":1}]}},{"currency":"CAD","lines":{"items":[{"item":{"href":"https:\/\/hydraqa.unicity.net\/v5a-test\/items\/ae14f4659032c9e8591a7ac76abd1ad5","id":{"unicity":"26569"}},"terms":{"priceEach":"50.0000","pvEach":"30.0000"},"quantity":1}]}},{"currency":"CAD","lines":{"items":[{"item":{"href":"https:\/\/hydraqa.unicity.net\/v5a-test\/items\/702718a42df24a0c9435af2fdc464748","id":{"unicity":"27400"}},"terms":{"priceEach":"53.0000","pvEach":"30.0000"},"quantity":1}]}},{"currency":"CAD","lines":{"items":[{"item":{"href":"https:\/\/hydraqa.unicity.net\/v5a-test\/items\/8407b62b9c4120aa3dfe25c9feb76e4a","id":{"unicity":"28591"}},"terms":{"priceEach":"24.0000","pvEach":"15.0000"},"quantity":1}]}},{"currency":"CAD","lines":{"items":[{"item":{"href":"https:\/\/hydraqa.unicity.net\/v5a-test\/items\/991cdbb84a495779eb209fb3956a77e4","id":{"unicity":"29183"}},"terms":{"priceEach":"69.0000","pvEach":"24.0000"},"quantity":1}]}},{"currency":"CAD","lines":{"items":[{"item":{"href":"https:\/\/hydraqa.unicity.net\/v5a-test\/items\/c4744f6ba328b983bfffc7e1e4416ff3","id":{"unicity":"26565"}},"terms":{"priceEach":"117.0000","pvEach":"64.0000"},"quantity":1}]}},{"currency":"CAD","lines":{"items":[{"item":{"href":"https:\/\/hydraqa.unicity.net\/v5a-test\/items\/10da226fab00279b4f89df10af2a10b7","id":{"unicity":"26442"}},"terms":{"priceEach":"10.0000","pvEach":"0.0000"},"quantity":1}]}},{"currency":"CAD","lines":{"items":[{"item":{"href":"https:\/\/hydraqa.unicity.net\/v5a-test\/items\/576e0ebc8d1f5b26fc89bf3cd47a26c6","id":{"unicity":"26572"}},"terms":{"priceEach":"110.0000","pvEach":"56.0000"},"quantity":1}]}},{"currency":"CAD","lines":{"items":[{"item":{"href":"https:\/\/hydraqa.unicity.net\/v5a-test\/items\/60b5ca15c481444657970edde11b04ce","id":{"unicity":"26571"}},"terms":{"priceEach":"110.0000","pvEach":"56.0000"},"quantity":1}]}},{"currency":"CAD","lines":{"items":[{"item":{"href":"https:\/\/hydraqa.unicity.net\/v5a-test\/items\/e77144fa2fcf6a4dc73c15b4d615c1aa","id":{"unicity":"28437"}},"terms":{"priceEach":"85.0000","pvEach":"33.0000"},"quantity":1}]}},{"currency":"CAD","lines":{"items":[{"item":{"href":"https:\/\/hydraqa.unicity.net\/v5a-test\/items\/b24413d1812bb9c95ba6ff7e26bad8ff","id":{"unicity":"26566"}},"terms":{"priceEach":"54.0000","pvEach":"32.0000"},"quantity":1}]}},{"currency":"CAD","lines":{"items":[{"item":{"href":"https:\/\/hydraqa.unicity.net\/v5a-test\/items\/46ea1edabdcf18f49817c437346958eb","id":{"unicity":"29147"}},"terms":{"priceEach":"85.0000","pvEach":"33.0000"},"quantity":1}]}},{"currency":"CAD","lines":{"items":[{"item":{"href":"https:\/\/hydraqa.unicity.net\/v5a-test\/items\/91a6016282310b83203d0bb7bea14a0f","id":{"unicity":"29050"}},"terms":{"priceEach":"15.0000","pvEach":"0.0000"},"quantity":1}]}},{"currency":"CAD","lines":{"items":[{"item":{"href":"https:\/\/hydraqa.unicity.net\/v5a-test\/items\/5c430db0256426c4b730bc6994a94a02","id":{"unicity":"31773"}},"terms":{"priceEach":"34.0000","pvEach":"13.0000"},"quantity":1}]}},{"currency":"CAD","lines":{"items":[{"item":{"href":"https:\/\/hydraqa.unicity.net\/v5a-test\/items\/e84750c27b2b9f10e6b4d2ab5a1954ba","id":{"unicity":"30115"}},"terms":{"priceEach":"137.0000","pvEach":"56.0000"},"quantity":1}]}},{"currency":"CAD","lines":{"items":[{"item":{"href":"https:\/\/hydraqa.unicity.net\/v5a-test\/items\/a40ede5f6847ec094ad8a38616ced7d0","id":{"unicity":"28100"}},"terms":{"priceEach":"46.0000","pvEach":"25.0000"},"quantity":1}]}}]}
Entry request : {"order":{"customer":{"href":"https://hydraqa.unicity.net/v5a-test/customers?type=PreferredCustomer"},"shipToAddress":{"country":"CA"}},"vary":{"lines":{"items":[{"item":{"href":"https://hydraqa.unicity.net/v5a-test/items?id.unicity=26993|31440|31442|27182|27184|28325|28327|26996|28329|28332|26572|27400|24418|29147|28437|28591|26580|26442|28370|28096|26571|29050|28326|28328|26994|26995|28330|28331|28428|28160|26574|26565|26570|26569|27589|27080|13668|28787|26566|26579|19356|28928|20436|28100|28845|29183|29185|29191|30115|30980|31110|31773|31288|32152|30136|31849"}}]}}}
Request URL: https://hydraqa.unicity.net/v5a-test/customers.js?callback=angular.callbacks._1&expand=customer,profilePicture&id.unicity=36554001
Request URL: https://hydraqa.unicity.net/v5a-test/customers.js?_httpMethod=HEAD&callback=angular.callbacks._4&email=GMESXN@gmail.com
Request URL: https://hydraqa.unicity.net/v5a-test/addresses?country=CA&zip=B4V2K4
Entry response : {"items":[{"city":"Bridgewater","state":"NS"}]}
{sponsor=36554001, gender=male, city=BRIDGEWATER, cartprice=2112.0, enroller=36554001, arpack=Prime Health Pack - Cholesterol/Energy/Vanilla, language=Français, locale=fr, type=PreferredCustomer, platform=QA, lname=TestLastName, password=Unicity, genderoption=Homme, Currency=USD, api=4, state=[NS], email=GMESXN@gmail.com, zip=B4V2K4, fname=TestFirstName, prefferd=Canada, address2=Address 2, address1=Address 1, shippingmethod=type=UPS Ground, version=v5a-test/, testcase=normal, market=Canada, aritemcode=26993, martial=Single, phone=9823746323, proto=https://hydraqa.unicity.net/, marketcode=CA, maritaloption=Célibataire, ccname=CCNameTest}
Request URL: https://hydraqa.unicity.net/v5a-test/orders.js
Entry request : {"customer":{"mainAddress":{"city":"BRIDGEWATER","country":"CA","state":"NS","zip":"B4V2K4","address1":"Address 1","address2":"Address 2"},"humanName":{"firstName":"TestFirstName","lastName":"TestLastName"},"email":"GMESXN@gmail.com","preferredLocale":"fr-CA","password":{"value":"Unicity"},"gender":"male","maritalStatus":"Single","type":"PreferredCustomer","creditcardaliases":[{"methodDetails":{"creditCardNumber":"4111111111111111","payer":"TestFirstName TestLastName","creditCardExpires":"2020-10"},"billToName":{"firstName":"TestFirstName","lastName":"TestLastName"},"billToAddress":{"address1":"Address 1","address2":"Address 2","city":"BRIDGEWATER","state":"NS","zip":"B4V2K4","country":"CA"}}],"sponsor":{"href":"https://hydraqa.unicity.net/v5a-test/customers?id.unicity=36554001"},"enroller":{"href":"https://hydraqa.unicity.net/v5a-test/customers?id.unicity=36554001"},"homePhone":"9823746323","autoorders":{"items":[{"recurrence":{"schedule":{"month":"*","dayOfMonth":"5","skipRepetitions":"2"},"status":"Enabled"},"lines":{"items":[{"item":{"href":"https://hydraqa.unicity.net/v5a-test/items?id.unicity=26993"},"quantity":1}]},"shipToName":{"firstName":"TestFirstName","lastName":"TestLastName"},"shipToPhone":"9823746323","shipToEmail":"GMESXN@gmail.com","shipToAddress":{"city":"BRIDGEWATER","country":"CA","state":"NS","address1":"Address 1","address2":"Address 2","zip":"B4V2K4"},"shippingMethod":{"href":"https://hydraqa.unicity.net/v5a-test/shippingmethods?type=UPS Ground"},"transactions":{"items":[{"amount":"this.terms.total","type":"AuthorizeAndCapture","method":"CreditCardAlias","methodDetails":{"alias":"this.customer.creditcardaliases[0].alias"}}]}}]},"rights":[]},"lines":{"items":[{"item":{"href":"https://hydraqa.unicity.net/v5a-test/items?id.unicity=26565"},"quantity":1},{"item":{"href":"https://hydraqa.unicity.net/v5a-test/items?id.unicity=27182"},"quantity":1}]},"shipToName":{"firstName":"TestFirstName","lastName":"TestLastName"},"shipToPhone":"9823746323","shipToEmail":"GMESXN@gmail.com","shipToAddress":{"city":"BRIDGEWATER","country":"CA","state":"NS","address1":"Address 1","address2":"Address 2","zip":"B4V2K4"},"shippingMethod":{"href":"https://hydraqa.unicity.net/v5a-test/shippingmethods?type=UPS Ground"},"notes":"","transactions":{"items":[{"amount":"this.terms.total","type":"AuthorizeAndCapture","method":"CreditCard","methodDetails":{"creditCardNumber":"4111111111111111","payer":"CCNameTest","creditCardExpires":"2020-10","creditCardSecurityCode":"123"},"billToAddress":{"address1":"Address 1","address2":"Address 2","city":"BRIDGEWATER","state":"NS","zip":"B4V2K4","country":"CA"}},{"type":"AuthorizeAndCapture","method":"Coupon","methodDetails":{"code":"Fre3Aut0Sh!p"}}]}}
Entry response : {"meta":{"Link":"<http:\/\/unicity.github.io\/Hydra.php\/docs\/v5\/>; rel=\"help\"","X-Request-UUID":"d4527d74-672d-4454-8223-ef4e8cd32510","X-Request-Release":"5-2020012701\/master","Cache-Control":"no-cache, must-revalidate","Expires":"0","X-Powered-By":"Luracast Restler v3.0.0rc5","Content-Type":"text\/javascript; charset=utf-8","Content-Language":"en","X-Status-Code":"402"},"data":{"error":{"code":402,"message":"Payment Required","error_code":"3009","error_message":"Could not authorize and capture credit card payment. Error#K4R7E","upstream_error_message":"ACTION 130 IS NOT ALLOWED FOR MERCHANT 8270, IPADDRESS 34.199.186.86"}}}
Headers-->keep-alive
Headers-->2726
Headers-->application/json, text/plain, */*
Headers-->http://enroll.ng.unicityqa.com
Headers-->fr-CA
]]></system-out>
    <system-err><![CDATA[Starting ChromeDriver 2.36.540470 (e522d04694c7ebea4ba8821272dbef4f9b818c91) on port 12261
Only local connections are allowed.
Jan 27, 2020 8:17:48 PM org.openqa.selenium.remote.ProtocolHandshake createSession
INFO: Detected dialect: OSS
]]></system-err>
  </testcase>
  <testcase name="Enroll" classname="Tests.PrefferedCustomer" time="139.649">
    <failure message="Major zip code expected [null] but found []" type="java.lang.AssertionError">java.lang.AssertionError: Major zip code expected [null] but found []
	at Tests.PrefferedCustomer.Enroll(PrefferedCustomer.java:104)
</failure>
    <system-out><![CDATA[Request URL: https://hydraqa.unicity.net/v5a-test/customers.js?_httpMethod=HEAD&callback=angular.callbacks._5&email=OQFEKY@gmail.com
{sponsor=36554001, gender=female, city=TestCity, cartprice=256.0, enroller=36554001, language=Español, locale=es, type=PreferredCustomer, platform=QA, lname=TestLastName, password=Unicity, genderoption=Femenino, Currency=USD, api=5, email=OQFEKY@gmail.com, fname=TestFirstName, prefferd=Colombia, address2=Address 2, address1=Address 1, shippingmethod=type=WillCall&location=Bogota, Recoger, version=v5a-test/, testcase=normal, market=Colombia, martial=Single, phone=9823746323, proto=https://hydraqa.unicity.net/, marketcode=CO, maritaloption=Soltero, ccname=CCNameTest}
Request URL: https://hydraqa.unicity.net/v5a-test/orders.js
Entry request : {"customer":{"mainAddress":{"city":"TestCity","country":"CO","state":"SAP","zip":"","address1":"Address 1","address2":"Address 2"},"humanName":{"firstName":"TestFirstName","lastName":"TestLastName"},"email":"OQFEKY@gmail.com","preferredLocale":"es-CO","password":{"value":"Unicity"},"gender":"female","maritalStatus":"Single","type":"PreferredCustomer","sponsor":{"href":"https://hydraqa.unicity.net/v5a-test/customers?id.unicity=36554001"},"enroller":{"href":"https://hydraqa.unicity.net/v5a-test/customers?id.unicity=36554001"},"homePhone":"9823746323","rights":[]},"lines":{"items":[{"item":{"href":"https://hydraqa.unicity.net/v5a-test/items?id.unicity=28228"},"quantity":1}]},"shipToName":{"firstName":"TestFirstName","lastName":"TestLastName"},"shipToPhone":"9823746323","shipToEmail":"OQFEKY@gmail.com","shipToAddress":{"city":"TestCity","country":"CO","state":"SAP","address1":"Address 1","address2":"Address 2","zip":""},"shippingMethod":{"href":"https://hydraqa.unicity.net/v5a-test/shippingmethods?type=WillCall&location=Bogota, Recoger"},"notes":"","transactions":{"items":[{"amount":"this.terms.total","type":"AuthorizeAndCapture","method":"CreditCard","methodDetails":{"creditCardNumber":"4111111111111111","payer":"CCNameTest","creditCardExpires":"2020-10","creditCardSecurityCode":"123"}}]}}
Entry response : {"meta":{"Link":"<http:\/\/unicity.github.io\/Hydra.php\/docs\/v5\/>; rel=\"help\"","X-Request-UUID":"03194bb8-f0a0-4780-9a3e-2324cdc4c3af","X-Request-Release":"5-2020012701\/master","Cache-Control":"no-cache, must-revalidate","Expires":"0","X-Powered-By":"Luracast Restler v3.0.0rc5","Content-Type":"text\/javascript; charset=utf-8","Content-Language":"en","X-Status-Code":"402"},"data":{"error":{"code":402,"message":"Payment Required","error_code":"3009","error_message":"Could not authorize and capture credit card payment. Error#A6D3X"}}}
Headers-->keep-alive
Headers-->1307
Headers-->application/json, text/plain, */*
Headers-->http://enroll.ng.unicityqa.com
Headers-->es-CO
]]></system-out>
    <system-err><![CDATA[Starting ChromeDriver 2.36.540470 (e522d04694c7ebea4ba8821272dbef4f9b818c91) on port 15666
Only local connections are allowed.
Jan 27, 2020 8:20:40 PM org.openqa.selenium.remote.ProtocolHandshake createSession
INFO: Detected dialect: OSS
]]></system-err>
  </testcase>
  <testcase name="Enroll" classname="Tests.PrefferedCustomer" time="220.792"/>
  <testcase name="Enroll" classname="Tests.PrefferedCustomer" time="167.64"/>
  <testcase name="Enroll" classname="Tests.PrefferedCustomer" time="174.902">
    <failure message="Major AR Pack href expected [https://hydraqa.unicity.net/v5a-test/items?id.unicity=26580] but found []" type="java.lang.AssertionError">java.lang.AssertionError: Major AR Pack href expected [https://hydraqa.unicity.net/v5a-test/items?id.unicity=26580] but found []
	at Tests.PrefferedCustomer.Enroll(PrefferedCustomer.java:104)
</failure>
    <system-out><![CDATA[Request URL: https://hydraqa.unicity.net/v5a-test/quotes?&expand=item
Entry Quotes response : {"items":[{"currency":"USD","lines":{"items":[{"item":{"href":"https:\/\/hydraqa.unicity.net\/v5a-test\/items\/50747027a065cb8361c1f0d6eb880466","id":{"unicity":"32030"}},"terms":{"priceEach":"179.0000","pvEach":"102.0000"},"quantity":1}]}},{"currency":"USD","lines":{"items":[{"item":{"href":"https:\/\/hydraqa.unicity.net\/v5a-test\/items\/9a7715e888c94989d898fe4653645721","id":{"unicity":"26550"}},"terms":{"priceEach":"99.0000","pvEach":"52.0000"},"quantity":1}]}},{"currency":"USD","lines":{"items":[{"item":{"href":"https:\/\/hydraqa.unicity.net\/v5a-test\/items\/fbb319232b7eed110794d46a68302acb","id":{"unicity":"31847"}},"terms":{"priceEach":"150.0000","pvEach":"80.0000"},"quantity":1}]}},{"currency":"USD","lines":{"items":[{"item":{"href":"https:\/\/hydraqa.unicity.net\/v5a-test\/items\/077823d29445b9020de9931f10c63efd","id":{"unicity":"31958"}},"terms":{"priceEach":"160.0000","pvEach":"85.0000"},"quantity":1}]}},{"currency":"USD","lines":{"items":[{"item":{"href":"https:\/\/hydraqa.unicity.net\/v5a-test\/items\/00c2eb70c985722ce208490aece00945","id":{"unicity":"31729"}},"terms":{"priceEach":"170.0000","pvEach":"100.0000"},"quantity":1}]}},{"currency":"USD","lines":{"items":[{"item":{"href":"https:\/\/hydraqa.unicity.net\/v5a-test\/items\/89b6d29a85a88d44d65bc8cca3fefc65","id":{"unicity":"31845"}},"terms":{"priceEach":"170.0000","pvEach":"100.0000"},"quantity":1}]}},{"currency":"USD","lines":{"items":[{"item":{"href":"https:\/\/hydraqa.unicity.net\/v5a-test\/items\/3875e24e6b6ebdf36c79d205614ed51e","id":{"unicity":"31846"}},"terms":{"priceEach":"160.0000","pvEach":"94.0000"},"quantity":1}]}},{"currency":"USD","lines":{"items":[{"item":{"href":"https:\/\/hydraqa.unicity.net\/v5a-test\/items\/65f231539924a2fa376afdb39f1f06d6","id":{"unicity":"31848"}},"terms":{"priceEach":"112.0000","pvEach":"60.0000"},"quantity":1}]}},{"currency":"USD","lines":{"items":[{"item":{"href":"https:\/\/hydraqa.unicity.net\/v5a-test\/items\/693a7c4a70b06a00471afe8d6cae5023","id":{"unicity":"31730"}},"terms":{"priceEach":"150.0000","pvEach":"80.0000"},"quantity":1}]}},{"currency":"USD","lines":{"items":[{"item":{"href":"https:\/\/hydraqa.unicity.net\/v5a-test\/items\/ccb242d74dcb1fe621cc7bfe1b1de315","id":{"unicity":"31731"}},"terms":{"priceEach":"112.0000","pvEach":"61.0000"},"quantity":1}]}},{"currency":"USD","lines":{"items":[{"item":{"href":"https:\/\/hydraqa.unicity.net\/v5a-test\/items\/764e2db430d361da99e8f6b70c4d0244","id":{"unicity":"29830"}},"terms":{"priceEach":"20.0000","pvEach":"7.0000"},"quantity":1}]}},{"currency":"USD","lines":{"items":[{"item":{"href":"https:\/\/hydraqa.unicity.net\/v5a-test\/items\/b91affa753dd5ee8a9acef4fa7e2c9a7","id":{"unicity":"30414"}},"terms":{"priceEach":"110.0000","pvEach":"65.0000"},"quantity":1}]}},{"currency":"USD","lines":{"items":[{"item":{"href":"https:\/\/hydraqa.unicity.net\/v5a-test\/items\/0cf62d38e91953b43dcfe88b06f813cb","id":{"unicity":"26557"}},"terms":{"priceEach":"101.0000","pvEach":"61.0000"},"quantity":1}]}},{"currency":"USD","lines":{"items":[{"item":{"href":"https:\/\/hydraqa.unicity.net\/v5a-test\/items\/9a6e1d094182389c3da8e0a320ff0e00","id":{"unicity":"27585"}},"terms":{"priceEach":"69.0000","pvEach":"33.0000"},"quantity":1}]}},{"currency":"USD","lines":{"items":[{"item":{"href":"https:\/\/hydraqa.unicity.net\/v5a-test\/items\/db4a3a5ca30b4890dd9bc50ff9cb620f","id":{"unicity":"26554"}},"terms":{"priceEach":"60.0000","pvEach":"25.0000"},"quantity":1}]}},{"currency":"USD","lines":{"items":[{"item":{"href":"https:\/\/hydraqa.unicity.net\/v5a-test\/items\/25eaf64b36ce31368f17ae789fd9ac5b","id":{"unicity":"29694"}},"terms":{"priceEach":"69.0000","pvEach":"33.0000"},"quantity":1}]}},{"currency":"USD","lines":{"items":[{"item":{"href":"https:\/\/hydraqa.unicity.net\/v5a-test\/items\/112b8c39286598b3730f630f371a45f4","id":{"unicity":"27587"}},"terms":{"priceEach":"71.0000","pvEach":"33.0000"},"quantity":1}]}},{"currency":"USD","lines":{"items":[{"item":{"href":"https:\/\/hydraqa.unicity.net\/v5a-test\/items\/05ca08f3808f126c0cc42154c50fc75c","id":{"unicity":"29440"}},"terms":{"priceEach":"138.0000","pvEach":"90.0000"},"quantity":1}]}},{"currency":"USD","lines":{"items":[{"item":{"href":"https:\/\/hydraqa.unicity.net\/v5a-test\/items\/cea826eab72d44641c070aab6c97c1ac","id":{"unicity":"22747"}},"terms":{"priceEach":"35.0000","pvEach":"16.0000"},"quantity":1}]}},{"currency":"USD","lines":{"items":[{"item":{"href":"https:\/\/hydraqa.unicity.net\/v5a-test\/items\/b2fc4b9ba4aa5cae54389161be2f841f","id":{"unicity":"18401"}},"terms":{"priceEach":"40.0000","pvEach":"19.0000"},"quantity":1}]}},{"currency":"USD","lines":{"items":[{"item":{"href":"https:\/\/hydraqa.unicity.net\/v5a-test\/items\/1bd53de7fe880ba71f46c9976ca2c137","id":{"unicity":"27739"}},"terms":{"priceEach":"43.0000","pvEach":"13.0000"},"quantity":1}]}},{"currency":"USD","lines":{"items":[{"item":{"href":"https:\/\/hydraqa.unicity.net\/v5a-test\/items\/0a3ede185ddf034630afd891c5106d33","id":{"unicity":"26562"}},"terms":{"priceEach":"43.0000","pvEach":"25.0000"},"quantity":1}]}},{"currency":"USD","lines":{"items":[{"item":{"href":"https:\/\/hydraqa.unicity.net\/v5a-test\/items\/aa0d72ac13b1ce88cf8c4a52ede75a37","id":{"unicity":"26552"}},"terms":{"priceEach":"89.0000","pvEach":"50.0000"},"quantity":1}]}},{"currency":"USD","lines":{"items":[{"item":{"href":"https:\/\/hydraqa.unicity.net\/v5a-test\/items\/398d06b858b960f6f38086d40608aef2","id":{"unicity":"26560"}},"terms":{"priceEach":"21.0000","pvEach":"12.0000"},"quantity":1}]}},{"currency":"USD","lines":{"items":[{"item":{"href":"https:\/\/hydraqa.unicity.net\/v5a-test\/items\/bb5c627f16547cb4f706cef521bca356","id":{"unicity":"29437"}},"terms":{"priceEach":"78.0000","pvEach":"36.0000"},"quantity":1}]}},{"currency":"USD","lines":{"items":[{"item":{"href":"https:\/\/hydraqa.unicity.net\/v5a-test\/items\/2835b1a78e379486f0ffbfd5fb9f6b0a","id":{"unicity":"30400"}},"terms":{"priceEach":"49.0000","pvEach":"28.0000"},"quantity":1}]}},{"currency":"USD","lines":{"items":[{"item":{"href":"https:\/\/hydraqa.unicity.net\/v5a-test\/items\/5a38f009bec6c23b1b3a70432f9722e5","id":{"unicity":"19596"}},"terms":{"priceEach":"63.0000","pvEach":"30.0000"},"quantity":1}]}},{"currency":"USD","lines":{"items":[{"item":{"href":"https:\/\/hydraqa.unicity.net\/v5a-test\/items\/38da42f991a40a00153b2e5055b82dbf","id":{"unicity":"27801"}},"terms":{"priceEach":"225.0000","pvEach":"130.0000"},"quantity":1}]}},{"currency":"USD","lines":{"items":[{"item":{"href":"https:\/\/hydraqa.unicity.net\/v5a-test\/items\/051e765a5a71835a859c2757edd359f0","id":{"unicity":"26580"}},"terms":{"priceEach":"225.0000","pvEach":"130.0000"},"quantity":1}]}},{"currency":"USD","lines":{"items":[{"item":{"href":"https:\/\/hydraqa.unicity.net\/v5a-test\/items\/11aed902b772de90f113ca8a6379a37c","id":{"unicity":"27951"}},"terms":{"priceEach":"225.0000","pvEach":"130.0000"},"quantity":1}]}},{"currency":"USD","lines":{"items":[{"item":{"href":"https:\/\/hydraqa.unicity.net\/v5a-test\/items\/8c21f026bb6a32624e0c80475bf8efb0","id":{"unicity":"25880"}},"terms":{"priceEach":"43.0000","pvEach":"23.0000"},"quantity":1}]}},{"currency":"USD","lines":{"items":[{"item":{"href":"https:\/\/hydraqa.unicity.net\/v5a-test\/items\/24ff5bda40c0d0e7eaa511866d052915","id":{"unicity":"29612"}},"terms":{"priceEach":"61.0000","pvEach":"30.0000"},"quantity":1}]}},{"currency":"USD","lines":{"items":[{"item":{"href":"https:\/\/hydraqa.unicity.net\/v5a-test\/items\/b127a2d34d3d73e2f53e4c2002a7a4a2","id":{"unicity":"25008"}},"terms":{"priceEach":"24.0000","pvEach":"15.0000"},"quantity":1}]}},{"currency":"USD","lines":{"items":[{"item":{"href":"https:\/\/hydraqa.unicity.net\/v5a-test\/items\/cda534d686af5d627c94c4bb2c4b57d8","id":{"unicity":"26561"}},"terms":{"priceEach":"21.0000","pvEach":"11.0000"},"quantity":1}]}},{"currency":"USD","lines":{"items":[{"item":{"href":"https:\/\/hydraqa.unicity.net\/v5a-test\/items\/10da226fab00279b4f89df10af2a10b7","id":{"unicity":"26442"}},"terms":{"priceEach":"8.0000","pvEach":"0.0000"},"quantity":1}]}},{"currency":"USD","lines":{"items":[{"item":{"href":"https:\/\/hydraqa.unicity.net\/v5a-test\/items\/2de8516a24af8232add0bb392e750a71","id":{"unicity":"31859"}},"terms":{"priceEach":"225.0000","pvEach":"130.0000"},"quantity":1}]}},{"currency":"USD","lines":{"items":[{"item":{"href":"https:\/\/hydraqa.unicity.net\/v5a-test\/items\/cf8460040a1860bcabf250b6c1171675","id":{"unicity":"31858"}},"terms":{"priceEach":"330.0000","pvEach":"195.0000"},"quantity":1}]}},{"currency":"USD","lines":{"items":[{"item":{"href":"https:\/\/hydraqa.unicity.net\/v5a-test\/items\/4ab49eca1731e69206ccafb5112ad5a4","id":{"unicity":"31861"}},"terms":{"priceEach":"245.0000","pvEach":"135.0000"},"quantity":1}]}},{"currency":"USD","lines":{"items":[{"item":{"href":"https:\/\/hydraqa.unicity.net\/v5a-test\/items\/d4c8fce238d6fc34d17a4b36d1e4e59a","id":{"unicity":"31860"}},"terms":{"priceEach":"245.0000","pvEach":"135.0000"},"quantity":1}]}},{"currency":"USD","lines":{"items":[{"item":{"href":"https:\/\/hydraqa.unicity.net\/v5a-test\/items\/fd464cd7972cc1317e850b9196d886b8","id":{"unicity":"31863"}},"terms":{"priceEach":"255.0000","pvEach":"148.0000"},"quantity":1}]}},{"currency":"USD","lines":{"items":[{"item":{"href":"https:\/\/hydraqa.unicity.net\/v5a-test\/items\/e47fd287212acedd1cffb2b67bf623bd","id":{"unicity":"31862"}},"terms":{"priceEach":"255.0000","pvEach":"148.0000"},"quantity":1}]}},{"currency":"USD","lines":{"items":[{"item":{"href":"https:\/\/hydraqa.unicity.net\/v5a-test\/items\/024e696f8b44a1d315006e676604cd31","id":{"unicity":"27395"}},"terms":{"priceEach":"32.0000","pvEach":"16.0000"},"quantity":1}]}},{"currency":"USD","lines":{"items":[{"item":{"href":"https:\/\/hydraqa.unicity.net\/v5a-test\/items\/634f7efb30392b2a919de1355902d975","id":{"unicity":"29408"}},"terms":{"priceEach":"99.0000","pvEach":"52.0000"},"quantity":1}]}}]}
Entry request : {"order":{"customer":{"href":"https://hydraqa.unicity.net/v5a-test/customers?type=PreferredCustomer"},"shipToAddress":{"country":"US","state":"PR"}},"vary":{"lines":{"items":[{"item":{"href":"https://hydraqa.unicity.net/v5a-test/items?id.unicity=26580|31441|27801|27951|22747|26550|26554|26557|26560|26561|26562|27739|27585|25008|26442|26555|18908|26552|27653|27212|27218|26983|27210|18401|25803|27029|27208|19596|26945|25535|27587|25880|29694|29408|29437|29612|27395|29440|29830|30414|30400|31727|31729|31730|31731|31842|31846|31845|31848|31847|31858|31859|31863|31862|31860|31861|31958|32030"}}]}}}
Request URL: https://hydraqa.unicity.net/v5a-test/customers.js?callback=angular.callbacks._1&expand=customer,profilePicture&id.unicity=36554001
Request URL: https://hydraqa.unicity.net/v5a-test/customers.js?_httpMethod=HEAD&callback=angular.callbacks._4&email=XVSZAO@gmail.com
Request URL: https://hydraqa.unicity.net/v5a-test/addresses?country=PR&zip=00907
Entry response : {"items":[{"city":"San Juan","state":"San Juan"}]}
{sponsor=36554001, gender=male, city=SAN JUAN, cartprice=225.0, enroller=36554001, arpack=Prime Health Pack - Cholesterol, Energy, Vanilla, language=English, locale=en, type=PreferredCustomer, platform=QA, lname=TestLastName, password=Unicity, genderoption=Male, Currency=USD, api=4, state=[San Juan], email=XVSZAO@gmail.com, zip=00907, fname=TestFirstName, prefferd=Puerto Rico, address2=Address 2, address1=Address 1, shippingmethod=type=Economy, version=v5a-test/, testcase=normal, market=Puerto Rico, aritemcode=26580, martial=Married, phone=9823746323, proto=https://hydraqa.unicity.net/, marketcode=PR, maritaloption=Married, ccname=CCNameTest}
Request URL: https://hydraqa.unicity.net/v5a-test/orders.js
Entry request : {"customer":{"mainAddress":{"city":"SAN JUAN","country":"US","state":"PR","zip":"00907","address1":"Address 1","address2":"Address 2"},"humanName":{"firstName":"TestFirstName","lastName":"TestLastName"},"email":"XVSZAO@gmail.com","preferredLocale":"en-PR","password":{"value":"Unicity"},"gender":"male","maritalStatus":"Married","type":"PreferredCustomer","creditcardaliases":[{"methodDetails":{"creditCardNumber":"4111111111111111","payer":"TestFirstName TestLastName","creditCardExpires":"2020-10"},"billToName":{"firstName":"TestFirstName","lastName":"TestLastName"},"billToAddress":{"address1":"Address 1","address2":"Address 2","city":"SAN JUAN","state":"PR","zip":"00907","country":"US"}}],"sponsor":{"href":"https://hydraqa.unicity.net/v5a-test/customers?id.unicity=36554001"},"enroller":{"href":"https://hydraqa.unicity.net/v5a-test/customers?id.unicity=36554001"},"homePhone":"9823746323","autoorders":{"items":[{"recurrence":{"schedule":{"month":"*","dayOfMonth":"15"},"status":"Enabled"},"lines":{"items":[{"item":{"href":"https://hydraqa.unicity.net/v5a-test/items?id.unicity=26580"},"quantity":1}]},"shipToName":{"firstName":"TestFirstName","lastName":"TestLastName"},"shipToPhone":"9823746323","shipToEmail":"XVSZAO@gmail.com","shipToAddress":{"city":"SAN JUAN","country":"US","state":"PR","address1":"Address 1","address2":"Address 2","zip":"00907"},"shippingMethod":{"href":"https://hydraqa.unicity.net/v5a-test/shippingmethods?type=Economy"},"transactions":{"items":[{"amount":"this.terms.total","type":"AuthorizeAndCapture","method":"CreditCardAlias","methodDetails":{"alias":"this.customer.creditcardaliases[0].alias"}}]}}]},"rights":[]},"lines":{"items":[{"item":{"href":"https://hydraqa.unicity.net/v5a-test/items?id.unicity=31859"},"quantity":1}]},"shipToName":{"firstName":"TestFirstName","lastName":"TestLastName"},"shipToPhone":"9823746323","shipToEmail":"XVSZAO@gmail.com","shipToAddress":{"city":"SAN JUAN","country":"US","state":"PR","address1":"Address 1","address2":"Address 2","zip":"00907"},"shippingMethod":{"href":"https://hydraqa.unicity.net/v5a-test/shippingmethods?type=Economy"},"notes":"","transactions":{"items":[{"amount":"this.terms.total","type":"AuthorizeAndCapture","method":"CreditCard","methodDetails":{"creditCardNumber":"4111111111111111","payer":"CCNameTest","creditCardExpires":"2020-10","creditCardSecurityCode":"123"},"billToAddress":{"address1":"Address 1","address2":"Address 2","city":"SAN JUAN","state":"PR","zip":"00907","country":"US"}},{"type":"AuthorizeAndCapture","method":"Coupon","methodDetails":{"code":"Fre3Aut0Sh!p"}}]}}
Entry response : {"meta":{"Link":"<http:\/\/unicity.github.io\/Hydra.php\/docs\/v5\/>; rel=\"help\"","X-Request-UUID":"2a9a6d3a-57fd-40c0-9051-1990b503114e","X-Request-Release":"5-2020012701\/master","Cache-Control":"no-cache, must-revalidate","Expires":"0","X-Powered-By":"Luracast Restler v3.0.0rc5","Content-Type":"text\/javascript; charset=utf-8","Content-Language":"en","X-Status-Code":"201"},"data":{"market":"US","notes":"","shippingMethod":{"href":"https:\/\/hydraqa.unicity.net\/v5a-test\/shippingmethods?type=Economy","location":"","type":"Economy"},"shipToAddress":{"country":"US","state":"PR","city":"SAN JUAN","zip":"00907","address1":"Address 1","address2":"Address 2"},"shipToEmail":"XVSZAO@gmail.com","shipToName":{"firstName":"TestFirstName","lastName":"TestLastName"},"shipToPhone":"9823746323","shipToTime":"","source":null,"type":null,"lines":{"items":[{"quantity":1,"item":{"href":"https:\/\/hydraqa.unicity.net\/v5a-test\/items?id.unicity=31859","id":{"unicity":"31859"}}}]},"transactions":{"items":[{"amount":250.88,"billToAddress":{"address1":"Address 1","address2":"Address 2","city":"SAN JUAN","state":"PR","zip":"00907","country":"US"},"billToEmail":null,"installments":null,"method":"CreditCard","methodDetails":{"creditCardExpires":"2020-10","creditCardNumber":"411111xxxxxx1111","creditCardSecurityCode":"123","payer":"CCNameTest","payerId":null},"type":"AuthorizeAndCapture"}]},"terms":{"discount":{"amount":0},"pretotal":250.88,"tax":{"amount":25.88},"freight":{"amount":0},"subtotal":225,"taxableTotal":225,"total":250.88,"pv":130},"currency":"USD","dateCreated":"2020-01-27T20:32:19-07:00","customer":{"humanName":{"firstName":"TestFirstName","lastName":"TestLastName"},"mainAddress":{"city":"SAN JUAN","country":"US","state":"PR","zip":"00907","address1":"Address 1","address2":"Address 2"},"type":"PreferredCustomer","email":"XVSZAO@gmail.com","gender":"male","password":{"value":"Unicity"},"enroller":{"href":"https:\/\/hydraqa.unicity.net\/v5a-test\/customers\/c8a0f511723643dd5ba719e2e99a32ba82ff3eda31cc639783863e5baba2dbdb","id":{"unicity":36554001},"humanName":{"fullName":"Kent, Clark"},"email":"tyler.cook@unicity.com"},"sponsor":{"href":"https:\/\/hydraqa.unicity.net\/v5a-test\/customers\/c8a0f511723643dd5ba719e2e99a32ba82ff3eda31cc639783863e5baba2dbdb","id":{"unicity":36554001},"humanName":{"fullName":"Kent, Clark"},"email":"tyler.cook@unicity.com"},"homePhone":"9823746323","preferredLocale":"en-PR","maritalStatus":"Married","autoorders":{"items":[{"id":{"unicity":"64225"}}]},"rights":[],"status":"Active","id":{"unicity":"8203308"},"href":"https:\/\/hydraqa.unicity.net\/v5a-test\/customers\/e79226fc73d3fefea2cb56e1315d9229","token":"fdfd67a4-8945-440b-b2f6-0be3a01b5ac2"},"added_transactions":{"items":[]},"taxedAs":"goods","id":{"unicity":"1643192"},"href":"https:\/\/hydraqa.unicity.net\/v5a-test\/orders\/47bdb266b4e5b7c9c3e2a9a1685c59b3"}}
Headers-->keep-alive
Headers-->2587
Headers-->application/json, text/plain, */*
Headers-->http://enroll.ng.unicityqa.com
Headers-->en-PR
]]></system-out>
    <system-err><![CDATA[Starting ChromeDriver 2.36.540470 (e522d04694c7ebea4ba8821272dbef4f9b818c91) on port 18052
Only local connections are allowed.
Jan 27, 2020 8:29:48 PM org.openqa.selenium.remote.ProtocolHandshake createSession
INFO: Detected dialect: OSS
]]></system-err>
  </testcase>
  <testcase name="Enroll" classname="Tests.PrefferedCustomer" time="174.913">
    <failure message="Major AR Pack href expected [https://hydraqa.unicity.net/v5a-test/items?id.unicity=26580] but found []" type="java.lang.AssertionError">java.lang.AssertionError: Major AR Pack href expected [https://hydraqa.unicity.net/v5a-test/items?id.unicity=26580] but found []
	at Tests.PrefferedCustomer.Enroll(PrefferedCustomer.java:104)
</failure>
    <system-out><![CDATA[Request URL: https://hydraqa.unicity.net/v5a-test/quotes?&expand=item
Entry Quotes response : {"items":[{"currency":"USD","lines":{"items":[{"item":{"href":"https:\/\/hydraqa.unicity.net\/v5a-test\/items\/50747027a065cb8361c1f0d6eb880466","id":{"unicity":"32030"}},"terms":{"priceEach":"179.0000","pvEach":"102.0000"},"quantity":1}]}},{"currency":"USD","lines":{"items":[{"item":{"href":"https:\/\/hydraqa.unicity.net\/v5a-test\/items\/9a7715e888c94989d898fe4653645721","id":{"unicity":"26550"}},"terms":{"priceEach":"99.0000","pvEach":"52.0000"},"quantity":1}]}},{"currency":"USD","lines":{"items":[{"item":{"href":"https:\/\/hydraqa.unicity.net\/v5a-test\/items\/fbb319232b7eed110794d46a68302acb","id":{"unicity":"31847"}},"terms":{"priceEach":"150.0000","pvEach":"80.0000"},"quantity":1}]}},{"currency":"USD","lines":{"items":[{"item":{"href":"https:\/\/hydraqa.unicity.net\/v5a-test\/items\/077823d29445b9020de9931f10c63efd","id":{"unicity":"31958"}},"terms":{"priceEach":"160.0000","pvEach":"85.0000"},"quantity":1}]}},{"currency":"USD","lines":{"items":[{"item":{"href":"https:\/\/hydraqa.unicity.net\/v5a-test\/items\/00c2eb70c985722ce208490aece00945","id":{"unicity":"31729"}},"terms":{"priceEach":"170.0000","pvEach":"100.0000"},"quantity":1}]}},{"currency":"USD","lines":{"items":[{"item":{"href":"https:\/\/hydraqa.unicity.net\/v5a-test\/items\/89b6d29a85a88d44d65bc8cca3fefc65","id":{"unicity":"31845"}},"terms":{"priceEach":"170.0000","pvEach":"100.0000"},"quantity":1}]}},{"currency":"USD","lines":{"items":[{"item":{"href":"https:\/\/hydraqa.unicity.net\/v5a-test\/items\/3875e24e6b6ebdf36c79d205614ed51e","id":{"unicity":"31846"}},"terms":{"priceEach":"160.0000","pvEach":"94.0000"},"quantity":1}]}},{"currency":"USD","lines":{"items":[{"item":{"href":"https:\/\/hydraqa.unicity.net\/v5a-test\/items\/65f231539924a2fa376afdb39f1f06d6","id":{"unicity":"31848"}},"terms":{"priceEach":"112.0000","pvEach":"60.0000"},"quantity":1}]}},{"currency":"USD","lines":{"items":[{"item":{"href":"https:\/\/hydraqa.unicity.net\/v5a-test\/items\/693a7c4a70b06a00471afe8d6cae5023","id":{"unicity":"31730"}},"terms":{"priceEach":"150.0000","pvEach":"80.0000"},"quantity":1}]}},{"currency":"USD","lines":{"items":[{"item":{"href":"https:\/\/hydraqa.unicity.net\/v5a-test\/items\/ccb242d74dcb1fe621cc7bfe1b1de315","id":{"unicity":"31731"}},"terms":{"priceEach":"112.0000","pvEach":"61.0000"},"quantity":1}]}},{"currency":"USD","lines":{"items":[{"item":{"href":"https:\/\/hydraqa.unicity.net\/v5a-test\/items\/764e2db430d361da99e8f6b70c4d0244","id":{"unicity":"29830"}},"terms":{"priceEach":"20.0000","pvEach":"7.0000"},"quantity":1}]}},{"currency":"USD","lines":{"items":[{"item":{"href":"https:\/\/hydraqa.unicity.net\/v5a-test\/items\/b91affa753dd5ee8a9acef4fa7e2c9a7","id":{"unicity":"30414"}},"terms":{"priceEach":"110.0000","pvEach":"65.0000"},"quantity":1}]}},{"currency":"USD","lines":{"items":[{"item":{"href":"https:\/\/hydraqa.unicity.net\/v5a-test\/items\/0cf62d38e91953b43dcfe88b06f813cb","id":{"unicity":"26557"}},"terms":{"priceEach":"101.0000","pvEach":"61.0000"},"quantity":1}]}},{"currency":"USD","lines":{"items":[{"item":{"href":"https:\/\/hydraqa.unicity.net\/v5a-test\/items\/9a6e1d094182389c3da8e0a320ff0e00","id":{"unicity":"27585"}},"terms":{"priceEach":"69.0000","pvEach":"33.0000"},"quantity":1}]}},{"currency":"USD","lines":{"items":[{"item":{"href":"https:\/\/hydraqa.unicity.net\/v5a-test\/items\/db4a3a5ca30b4890dd9bc50ff9cb620f","id":{"unicity":"26554"}},"terms":{"priceEach":"60.0000","pvEach":"25.0000"},"quantity":1}]}},{"currency":"USD","lines":{"items":[{"item":{"href":"https:\/\/hydraqa.unicity.net\/v5a-test\/items\/25eaf64b36ce31368f17ae789fd9ac5b","id":{"unicity":"29694"}},"terms":{"priceEach":"69.0000","pvEach":"33.0000"},"quantity":1}]}},{"currency":"USD","lines":{"items":[{"item":{"href":"https:\/\/hydraqa.unicity.net\/v5a-test\/items\/112b8c39286598b3730f630f371a45f4","id":{"unicity":"27587"}},"terms":{"priceEach":"71.0000","pvEach":"33.0000"},"quantity":1}]}},{"currency":"USD","lines":{"items":[{"item":{"href":"https:\/\/hydraqa.unicity.net\/v5a-test\/items\/05ca08f3808f126c0cc42154c50fc75c","id":{"unicity":"29440"}},"terms":{"priceEach":"138.0000","pvEach":"90.0000"},"quantity":1}]}},{"currency":"USD","lines":{"items":[{"item":{"href":"https:\/\/hydraqa.unicity.net\/v5a-test\/items\/cea826eab72d44641c070aab6c97c1ac","id":{"unicity":"22747"}},"terms":{"priceEach":"35.0000","pvEach":"16.0000"},"quantity":1}]}},{"currency":"USD","lines":{"items":[{"item":{"href":"https:\/\/hydraqa.unicity.net\/v5a-test\/items\/b2fc4b9ba4aa5cae54389161be2f841f","id":{"unicity":"18401"}},"terms":{"priceEach":"40.0000","pvEach":"19.0000"},"quantity":1}]}},{"currency":"USD","lines":{"items":[{"item":{"href":"https:\/\/hydraqa.unicity.net\/v5a-test\/items\/1bd53de7fe880ba71f46c9976ca2c137","id":{"unicity":"27739"}},"terms":{"priceEach":"43.0000","pvEach":"13.0000"},"quantity":1}]}},{"currency":"USD","lines":{"items":[{"item":{"href":"https:\/\/hydraqa.unicity.net\/v5a-test\/items\/0a3ede185ddf034630afd891c5106d33","id":{"unicity":"26562"}},"terms":{"priceEach":"43.0000","pvEach":"25.0000"},"quantity":1}]}},{"currency":"USD","lines":{"items":[{"item":{"href":"https:\/\/hydraqa.unicity.net\/v5a-test\/items\/aa0d72ac13b1ce88cf8c4a52ede75a37","id":{"unicity":"26552"}},"terms":{"priceEach":"89.0000","pvEach":"50.0000"},"quantity":1}]}},{"currency":"USD","lines":{"items":[{"item":{"href":"https:\/\/hydraqa.unicity.net\/v5a-test\/items\/398d06b858b960f6f38086d40608aef2","id":{"unicity":"26560"}},"terms":{"priceEach":"21.0000","pvEach":"12.0000"},"quantity":1}]}},{"currency":"USD","lines":{"items":[{"item":{"href":"https:\/\/hydraqa.unicity.net\/v5a-test\/items\/bb5c627f16547cb4f706cef521bca356","id":{"unicity":"29437"}},"terms":{"priceEach":"78.0000","pvEach":"36.0000"},"quantity":1}]}},{"currency":"USD","lines":{"items":[{"item":{"href":"https:\/\/hydraqa.unicity.net\/v5a-test\/items\/2835b1a78e379486f0ffbfd5fb9f6b0a","id":{"unicity":"30400"}},"terms":{"priceEach":"49.0000","pvEach":"28.0000"},"quantity":1}]}},{"currency":"USD","lines":{"items":[{"item":{"href":"https:\/\/hydraqa.unicity.net\/v5a-test\/items\/5a38f009bec6c23b1b3a70432f9722e5","id":{"unicity":"19596"}},"terms":{"priceEach":"63.0000","pvEach":"30.0000"},"quantity":1}]}},{"currency":"USD","lines":{"items":[{"item":{"href":"https:\/\/hydraqa.unicity.net\/v5a-test\/items\/38da42f991a40a00153b2e5055b82dbf","id":{"unicity":"27801"}},"terms":{"priceEach":"225.0000","pvEach":"130.0000"},"quantity":1}]}},{"currency":"USD","lines":{"items":[{"item":{"href":"https:\/\/hydraqa.unicity.net\/v5a-test\/items\/051e765a5a71835a859c2757edd359f0","id":{"unicity":"26580"}},"terms":{"priceEach":"225.0000","pvEach":"130.0000"},"quantity":1}]}},{"currency":"USD","lines":{"items":[{"item":{"href":"https:\/\/hydraqa.unicity.net\/v5a-test\/items\/11aed902b772de90f113ca8a6379a37c","id":{"unicity":"27951"}},"terms":{"priceEach":"225.0000","pvEach":"130.0000"},"quantity":1}]}},{"currency":"USD","lines":{"items":[{"item":{"href":"https:\/\/hydraqa.unicity.net\/v5a-test\/items\/8c21f026bb6a32624e0c80475bf8efb0","id":{"unicity":"25880"}},"terms":{"priceEach":"43.0000","pvEach":"23.0000"},"quantity":1}]}},{"currency":"USD","lines":{"items":[{"item":{"href":"https:\/\/hydraqa.unicity.net\/v5a-test\/items\/24ff5bda40c0d0e7eaa511866d052915","id":{"unicity":"29612"}},"terms":{"priceEach":"61.0000","pvEach":"30.0000"},"quantity":1}]}},{"currency":"USD","lines":{"items":[{"item":{"href":"https:\/\/hydraqa.unicity.net\/v5a-test\/items\/b127a2d34d3d73e2f53e4c2002a7a4a2","id":{"unicity":"25008"}},"terms":{"priceEach":"24.0000","pvEach":"15.0000"},"quantity":1}]}},{"currency":"USD","lines":{"items":[{"item":{"href":"https:\/\/hydraqa.unicity.net\/v5a-test\/items\/cda534d686af5d627c94c4bb2c4b57d8","id":{"unicity":"26561"}},"terms":{"priceEach":"21.0000","pvEach":"11.0000"},"quantity":1}]}},{"currency":"USD","lines":{"items":[{"item":{"href":"https:\/\/hydraqa.unicity.net\/v5a-test\/items\/10da226fab00279b4f89df10af2a10b7","id":{"unicity":"26442"}},"terms":{"priceEach":"8.0000","pvEach":"0.0000"},"quantity":1}]}},{"currency":"USD","lines":{"items":[{"item":{"href":"https:\/\/hydraqa.unicity.net\/v5a-test\/items\/2de8516a24af8232add0bb392e750a71","id":{"unicity":"31859"}},"terms":{"priceEach":"225.0000","pvEach":"130.0000"},"quantity":1}]}},{"currency":"USD","lines":{"items":[{"item":{"href":"https:\/\/hydraqa.unicity.net\/v5a-test\/items\/cf8460040a1860bcabf250b6c1171675","id":{"unicity":"31858"}},"terms":{"priceEach":"330.0000","pvEach":"195.0000"},"quantity":1}]}},{"currency":"USD","lines":{"items":[{"item":{"href":"https:\/\/hydraqa.unicity.net\/v5a-test\/items\/4ab49eca1731e69206ccafb5112ad5a4","id":{"unicity":"31861"}},"terms":{"priceEach":"245.0000","pvEach":"135.0000"},"quantity":1}]}},{"currency":"USD","lines":{"items":[{"item":{"href":"https:\/\/hydraqa.unicity.net\/v5a-test\/items\/d4c8fce238d6fc34d17a4b36d1e4e59a","id":{"unicity":"31860"}},"terms":{"priceEach":"245.0000","pvEach":"135.0000"},"quantity":1}]}},{"currency":"USD","lines":{"items":[{"item":{"href":"https:\/\/hydraqa.unicity.net\/v5a-test\/items\/fd464cd7972cc1317e850b9196d886b8","id":{"unicity":"31863"}},"terms":{"priceEach":"255.0000","pvEach":"148.0000"},"quantity":1}]}},{"currency":"USD","lines":{"items":[{"item":{"href":"https:\/\/hydraqa.unicity.net\/v5a-test\/items\/e47fd287212acedd1cffb2b67bf623bd","id":{"unicity":"31862"}},"terms":{"priceEach":"255.0000","pvEach":"148.0000"},"quantity":1}]}},{"currency":"USD","lines":{"items":[{"item":{"href":"https:\/\/hydraqa.unicity.net\/v5a-test\/items\/024e696f8b44a1d315006e676604cd31","id":{"unicity":"27395"}},"terms":{"priceEach":"32.0000","pvEach":"16.0000"},"quantity":1}]}},{"currency":"USD","lines":{"items":[{"item":{"href":"https:\/\/hydraqa.unicity.net\/v5a-test\/items\/634f7efb30392b2a919de1355902d975","id":{"unicity":"29408"}},"terms":{"priceEach":"99.0000","pvEach":"52.0000"},"quantity":1}]}}]}
Entry request : {"order":{"customer":{"href":"https://hydraqa.unicity.net/v5a-test/customers?type=PreferredCustomer"},"shipToAddress":{"country":"US","state":"PR"}},"vary":{"lines":{"items":[{"item":{"href":"https://hydraqa.unicity.net/v5a-test/items?id.unicity=26580|31441|27801|27951|22747|26550|26554|26557|26560|26561|26562|27739|27585|25008|26442|26555|18908|26552|27653|27212|27218|26983|27210|18401|25803|27029|27208|19596|26945|25535|27587|25880|29694|29408|29437|29612|27395|29440|29830|30414|30400|31727|31729|31730|31731|31842|31846|31845|31848|31847|31858|31859|31863|31862|31860|31861|31958|32030"}}]}}}
Request URL: https://hydraqa.unicity.net/v5a-test/customers.js?callback=angular.callbacks._1&expand=customer,profilePicture&id.unicity=36554001
Request URL: https://hydraqa.unicity.net/v5a-test/customers.js?_httpMethod=HEAD&callback=angular.callbacks._4&email=BQFFYN@gmail.com
Request URL: https://hydraqa.unicity.net/v5a-test/addresses?country=PR&zip=00907
Entry response : {"items":[{"city":"San Juan","state":"San Juan"}]}
{sponsor=36554001, gender=male, city=SAN JUAN, cartprice=404.0, enroller=36554001, arpack=Prime Health Pack - Cholesterol, Energy, Vanilla, language=Español, locale=es, type=PreferredCustomer, platform=QA, lname=TestLastName, password=Unicity, genderoption=Masculino, Currency=USD, api=4, state=[San Juan], email=BQFFYN@gmail.com, zip=00907, fname=TestFirstName, prefferd=Puerto Rico, address2=Address 2, address1=Address 1, shippingmethod=type=WillCall&location=Oficina de Puerto Rico, version=v5a-test/, testcase=normal, market=Puerto Rico, aritemcode=26580, martial=Married, phone=9823746323, proto=https://hydraqa.unicity.net/, marketcode=PR, maritaloption=Casado, ccname=CCNameTest}
Request URL: https://hydraqa.unicity.net/v5a-test/orders.js
Entry request : {"customer":{"mainAddress":{"city":"SAN JUAN","country":"US","state":"PR","zip":"00907","address1":"Address 1","address2":"Address 2"},"humanName":{"firstName":"TestFirstName","lastName":"TestLastName"},"email":"BQFFYN@gmail.com","preferredLocale":"es-PR","password":{"value":"Unicity"},"gender":"male","maritalStatus":"Married","type":"PreferredCustomer","creditcardaliases":[{"methodDetails":{"creditCardNumber":"4111111111111111","payer":"TestFirstName TestLastName","creditCardExpires":"2020-10"},"billToName":{"firstName":"TestFirstName","lastName":"TestLastName"},"billToAddress":{"address1":"Address 1","address2":"Address 2","city":"SAN JUAN","state":"PR","zip":"00907","country":"US"}}],"sponsor":{"href":"https://hydraqa.unicity.net/v5a-test/customers?id.unicity=36554001"},"enroller":{"href":"https://hydraqa.unicity.net/v5a-test/customers?id.unicity=36554001"},"homePhone":"9823746323","autoorders":{"items":[{"recurrence":{"schedule":{"month":"*","dayOfMonth":"15"},"status":"Enabled"},"lines":{"items":[{"item":{"href":"https://hydraqa.unicity.net/v5a-test/items?id.unicity=26580"},"quantity":1}]},"shipToName":{"firstName":"TestFirstName","lastName":"TestLastName"},"shipToPhone":"9823746323","shipToEmail":"BQFFYN@gmail.com","shipToAddress":{"city":"SAN JUAN","country":"US","state":"PR","address1":"Address 1","address2":"Address 2","zip":"00907"},"shippingMethod":{"href":"https://hydraqa.unicity.net/v5a-test/shippingmethods?type=WillCall&location=Oficina de Puerto Rico"},"transactions":{"items":[{"amount":"this.terms.total","type":"AuthorizeAndCapture","method":"CreditCardAlias","methodDetails":{"alias":"this.customer.creditcardaliases[0].alias"}}]}}]},"rights":[]},"lines":{"items":[{"item":{"href":"https://hydraqa.unicity.net/v5a-test/items?id.unicity=27951"},"quantity":1},{"item":{"href":"https://hydraqa.unicity.net/v5a-test/items?id.unicity=32030"},"quantity":1}]},"shipToName":{"firstName":"TestFirstName","lastName":"TestLastName"},"shipToPhone":"9823746323","shipToEmail":"BQFFYN@gmail.com","shipToAddress":{"city":"SAN JUAN","country":"US","state":"PR","address1":"Address 1","address2":"Address 2","zip":"00907"},"shippingMethod":{"href":"https://hydraqa.unicity.net/v5a-test/shippingmethods?type=WillCall&location=Oficina de Puerto Rico"},"notes":"","transactions":{"items":[{"amount":"this.terms.total","type":"AuthorizeAndCapture","method":"CreditCard","methodDetails":{"creditCardNumber":"4111111111111111","payer":"CCNameTest","creditCardExpires":"2020-10","creditCardSecurityCode":"123"},"billToAddress":{"address1":"Address 1","address2":"Address 2","city":"SAN JUAN","state":"PR","zip":"00907","country":"US"}},{"type":"AuthorizeAndCapture","method":"Coupon","methodDetails":{"code":"Fre3Aut0Sh!p"}}]}}
Entry response : {"meta":{"Link":"<http:\/\/unicity.github.io\/Hydra.php\/docs\/v5\/>; rel=\"help\"","X-Request-UUID":"ab304a6d-08a1-4b03-909a-e939d6ef71b0","X-Request-Release":"5-2020012701\/master","Cache-Control":"no-cache, must-revalidate","Expires":"0","X-Powered-By":"Luracast Restler v3.0.0rc5","Content-Type":"text\/javascript; charset=utf-8","Content-Language":"en","X-Status-Code":"201"},"data":{"market":"US","notes":"","shippingMethod":{"href":"https:\/\/hydraqa.unicity.net\/v5a-test\/shippingmethods?type=WillCall&location=Oficina de Puerto Rico","location":"Oficina de Puerto Rico","type":"WillCall"},"shipToAddress":{"country":"US","state":"PR","city":"SAN JUAN","zip":"00907","address1":"Address 1","address2":"Address 2"},"shipToEmail":"BQFFYN@gmail.com","shipToName":{"firstName":"TestFirstName","lastName":"TestLastName"},"shipToPhone":"9823746323","shipToTime":"","source":null,"type":null,"lines":{"items":[{"quantity":1,"item":{"href":"https:\/\/hydraqa.unicity.net\/v5a-test\/items?id.unicity=27951","id":{"unicity":"27951"}}},{"quantity":1,"item":{"href":"https:\/\/hydraqa.unicity.net\/v5a-test\/items?id.unicity=32030","id":{"unicity":"32030"}}}]},"transactions":{"items":[{"amount":450.46,"billToAddress":{"address1":"Address 1","address2":"Address 2","city":"SAN JUAN","state":"PR","zip":"00907","country":"US"},"billToEmail":null,"installments":null,"method":"CreditCard","methodDetails":{"creditCardExpires":"2020-10","creditCardNumber":"411111xxxxxx1111","creditCardSecurityCode":"123","payer":"CCNameTest","payerId":null},"type":"AuthorizeAndCapture"}]},"terms":{"discount":{"amount":0},"pretotal":450.46,"tax":{"amount":46.46},"freight":{"amount":0},"subtotal":404,"taxableTotal":404,"total":450.46,"pv":232},"currency":"USD","dateCreated":"2020-01-27T20:35:23-07:00","customer":{"humanName":{"firstName":"TestFirstName","lastName":"TestLastName"},"mainAddress":{"city":"SAN JUAN","country":"US","state":"PR","zip":"00907","address1":"Address 1","address2":"Address 2"},"type":"PreferredCustomer","email":"BQFFYN@gmail.com","gender":"male","password":{"value":"Unicity"},"enroller":{"href":"https:\/\/hydraqa.unicity.net\/v5a-test\/customers\/c8a0f511723643dd5ba719e2e99a32ba82ff3eda31cc639783863e5baba2dbdb","id":{"unicity":36554001},"humanName":{"fullName":"Kent, Clark"},"email":"tyler.cook@unicity.com"},"sponsor":{"href":"https:\/\/hydraqa.unicity.net\/v5a-test\/customers\/c8a0f511723643dd5ba719e2e99a32ba82ff3eda31cc639783863e5baba2dbdb","id":{"unicity":36554001},"humanName":{"fullName":"Kent, Clark"},"email":"tyler.cook@unicity.com"},"homePhone":"9823746323","preferredLocale":"es-PR","maritalStatus":"Married","autoorders":{"items":[{"id":{"unicity":"64226"}}]},"rights":[],"status":"Active","id":{"unicity":"8203408"},"href":"https:\/\/hydraqa.unicity.net\/v5a-test\/customers\/2c50fa3fe4e0335a213a382db397ac0a","token":"f414769e-b569-4eff-a765-622fb83cfc12"},"added_transactions":{"items":[]},"taxedAs":"goods","id":{"unicity":"1643193"},"href":"https:\/\/hydraqa.unicity.net\/v5a-test\/orders\/2f6b02cda9738f6f3b9ba7db2909a811"}}
Headers-->keep-alive
Headers-->2746
Headers-->application/json, text/plain, */*
Headers-->http://enroll.ng.unicityqa.com
Headers-->es-PR
]]></system-out>
    <system-err><![CDATA[Starting ChromeDriver 2.36.540470 (e522d04694c7ebea4ba8821272dbef4f9b818c91) on port 6765
Only local connections are allowed.
Jan 27, 2020 8:32:50 PM org.openqa.selenium.remote.ProtocolHandshake createSession
INFO: Detected dialect: OSS
]]></system-err>
  </testcase>
  <testcase name="Enroll" classname="Tests.PrefferedCustomer" time="214.588">
    <failure message="Major AR Pack href expected [https://hydraqa.unicity.net/v5a-test/items?id.unicity=26580] but found []" type="java.lang.AssertionError">java.lang.AssertionError: Major AR Pack href expected [https://hydraqa.unicity.net/v5a-test/items?id.unicity=26580] but found []
	at Tests.PrefferedCustomer.Enroll(PrefferedCustomer.java:104)
</failure>
    <system-out><![CDATA[Request URL: https://hydraqa.unicity.net/v5a-test/quotes?&expand=item
Entry Quotes response : {"items":[{"currency":"USD","lines":{"items":[{"item":{"href":"https:\/\/hydraqa.unicity.net\/v5a-test\/items\/50747027a065cb8361c1f0d6eb880466","id":{"unicity":"32030"}},"terms":{"priceEach":"179.0000","pvEach":"102.0000"},"quantity":1}]}},{"currency":"USD","lines":{"items":[{"item":{"href":"https:\/\/hydraqa.unicity.net\/v5a-test\/items\/716b7a0bca7fa73e42e000d668e7ee65","id":{"unicity":"15129"}},"terms":{"priceEach":"29.0000","pvEach":"10.0000"},"quantity":1}]}},{"currency":"USD","lines":{"items":[{"item":{"href":"https:\/\/hydraqa.unicity.net\/v5a-test\/items\/9a7715e888c94989d898fe4653645721","id":{"unicity":"26550"}},"terms":{"priceEach":"99.0000","pvEach":"52.0000"},"quantity":1}]}},{"currency":"USD","lines":{"items":[{"item":{"href":"https:\/\/hydraqa.unicity.net\/v5a-test\/items\/80a898d805f759925797847a176bf62f","id":{"unicity":"26551"}},"terms":{"priceEach":"99.0000","pvEach":"52.0000"},"quantity":1}]}},{"currency":"USD","lines":{"items":[{"item":{"href":"https:\/\/hydraqa.unicity.net\/v5a-test\/items\/fbb319232b7eed110794d46a68302acb","id":{"unicity":"31847"}},"terms":{"priceEach":"150.0000","pvEach":"80.0000"},"quantity":1}]}},{"currency":"USD","lines":{"items":[{"item":{"href":"https:\/\/hydraqa.unicity.net\/v5a-test\/items\/077823d29445b9020de9931f10c63efd","id":{"unicity":"31958"}},"terms":{"priceEach":"160.0000","pvEach":"85.0000"},"quantity":1}]}},{"currency":"USD","lines":{"items":[{"item":{"href":"https:\/\/hydraqa.unicity.net\/v5a-test\/items\/00c2eb70c985722ce208490aece00945","id":{"unicity":"31729"}},"terms":{"priceEach":"170.0000","pvEach":"100.0000"},"quantity":1}]}},{"currency":"USD","lines":{"items":[{"item":{"href":"https:\/\/hydraqa.unicity.net\/v5a-test\/items\/89b6d29a85a88d44d65bc8cca3fefc65","id":{"unicity":"31845"}},"terms":{"priceEach":"170.0000","pvEach":"100.0000"},"quantity":1}]}},{"currency":"USD","lines":{"items":[{"item":{"href":"https:\/\/hydraqa.unicity.net\/v5a-test\/items\/3875e24e6b6ebdf36c79d205614ed51e","id":{"unicity":"31846"}},"terms":{"priceEach":"160.0000","pvEach":"94.0000"},"quantity":1}]}},{"currency":"USD","lines":{"items":[{"item":{"href":"https:\/\/hydraqa.unicity.net\/v5a-test\/items\/5bda067b70c43971650a6ef983f612e4","id":{"unicity":"31728"}},"terms":{"priceEach":"160.0000","pvEach":"94.0000"},"quantity":1}]}},{"currency":"USD","lines":{"items":[{"item":{"href":"https:\/\/hydraqa.unicity.net\/v5a-test\/items\/693a7c4a70b06a00471afe8d6cae5023","id":{"unicity":"31730"}},"terms":{"priceEach":"150.0000","pvEach":"80.0000"},"quantity":1}]}},{"currency":"USD","lines":{"items":[{"item":{"href":"https:\/\/hydraqa.unicity.net\/v5a-test\/items\/ccb242d74dcb1fe621cc7bfe1b1de315","id":{"unicity":"31731"}},"terms":{"priceEach":"112.0000","pvEach":"61.0000"},"quantity":1}]}},{"currency":"USD","lines":{"items":[{"item":{"href":"https:\/\/hydraqa.unicity.net\/v5a-test\/items\/764e2db430d361da99e8f6b70c4d0244","id":{"unicity":"29830"}},"terms":{"priceEach":"20.0000","pvEach":"7.0000"},"quantity":1}]}},{"currency":"USD","lines":{"items":[{"item":{"href":"https:\/\/hydraqa.unicity.net\/v5a-test\/items\/8b5ed9aa6c6132e1be5e446f69a3465e","id":{"unicity":"0954"}},"terms":{"priceEach":"27.0000","pvEach":"15.0000"},"quantity":1}]}},{"currency":"USD","lines":{"items":[{"item":{"href":"https:\/\/hydraqa.unicity.net\/v5a-test\/items\/b91affa753dd5ee8a9acef4fa7e2c9a7","id":{"unicity":"30414"}},"terms":{"priceEach":"110.0000","pvEach":"65.0000"},"quantity":1}]}},{"currency":"USD","lines":{"items":[{"item":{"href":"https:\/\/hydraqa.unicity.net\/v5a-test\/items\/9d9d002b0e21b9bd58ad0154a4f781c5","id":{"unicity":"28836"}},"terms":{"priceEach":"75.0000","pvEach":"36.0000"},"quantity":1}]}},{"currency":"USD","lines":{"items":[{"item":{"href":"https:\/\/hydraqa.unicity.net\/v5a-test\/items\/399be8efa903b362515c48315ab2afb9","id":{"unicity":"15712"}},"terms":{"priceEach":"19.0000","pvEach":"5.0000"},"quantity":1}]}},{"currency":"USD","lines":{"items":[{"item":{"href":"https:\/\/hydraqa.unicity.net\/v5a-test\/items\/390a7ae70d5669561ecdf7d5cff2671b","id":{"unicity":"15271"}},"terms":{"priceEach":"89.0000","pvEach":"27.0000"},"quantity":1}]}},{"currency":"USD","lines":{"items":[{"item":{"href":"https:\/\/hydraqa.unicity.net\/v5a-test\/items\/933f0856fd8ec1df83c5283dabf4ec3c","id":{"unicity":"6200"}},"terms":{"priceEach":"88.0000","pvEach":"47.0000"},"quantity":1}]}},{"currency":"USD","lines":{"items":[{"item":{"href":"https:\/\/hydraqa.unicity.net\/v5a-test\/items\/75faf5436630ed02a683726aa0e9056f","id":{"unicity":"22165"}},"terms":{"priceEach":"112.0000","pvEach":"65.0000"},"quantity":1}]}},{"currency":"USD","lines":{"items":[{"item":{"href":"https:\/\/hydraqa.unicity.net\/v5a-test\/items\/0cf62d38e91953b43dcfe88b06f813cb","id":{"unicity":"26557"}},"terms":{"priceEach":"101.0000","pvEach":"61.0000"},"quantity":1}]}},{"currency":"USD","lines":{"items":[{"item":{"href":"https:\/\/hydraqa.unicity.net\/v5a-test\/items\/3af97c67f653253825a9189a27da57d6","id":{"unicity":"26556"}},"terms":{"priceEach":"101.0000","pvEach":"61.0000"},"quantity":1}]}},{"currency":"USD","lines":{"items":[{"item":{"href":"https:\/\/hydraqa.unicity.net\/v5a-test\/items\/d489ec0d50f6e28d5743afc65439631b","id":{"unicity":"0960"}},"terms":{"priceEach":"48.0000","pvEach":"23.0000"},"quantity":1}]}},{"currency":"USD","lines":{"items":[{"item":{"href":"https:\/\/hydraqa.unicity.net\/v5a-test\/items\/66839181d7531692a8d886a9da6fb4d6","id":{"unicity":"25369"}},"terms":{"priceEach":"63.0000","pvEach":"25.0000"},"quantity":1}]}},{"currency":"USD","lines":{"items":[{"item":{"href":"https:\/\/hydraqa.unicity.net\/v5a-test\/items\/0eebdede5bdb8bf4d71e800b6f3cead1","id":{"unicity":"30825"}},"terms":{"priceEach":"64.0000","pvEach":"25.0000"},"quantity":1}]}},{"currency":"USD","lines":{"items":[{"item":{"href":"https:\/\/hydraqa.unicity.net\/v5a-test\/items\/5c2f1613082782e691d32fe9ce034026","id":{"unicity":"23728"}},"terms":{"priceEach":"34.0000","pvEach":"13.0000"},"quantity":1}]}},{"currency":"USD","lines":{"items":[{"item":{"href":"https:\/\/hydraqa.unicity.net\/v5a-test\/items\/9a6e1d094182389c3da8e0a320ff0e00","id":{"unicity":"27585"}},"terms":{"priceEach":"69.0000","pvEach":"33.0000"},"quantity":1}]}},{"currency":"USD","lines":{"items":[{"item":{"href":"https:\/\/hydraqa.unicity.net\/v5a-test\/items\/25eaf64b36ce31368f17ae789fd9ac5b","id":{"unicity":"29694"}},"terms":{"priceEach":"69.0000","pvEach":"33.0000"},"quantity":1}]}},{"currency":"USD","lines":{"items":[{"item":{"href":"https:\/\/hydraqa.unicity.net\/v5a-test\/items\/112b8c39286598b3730f630f371a45f4","id":{"unicity":"27587"}},"terms":{"priceEach":"71.0000","pvEach":"33.0000"},"quantity":1}]}},{"currency":"USD","lines":{"items":[{"item":{"href":"https:\/\/hydraqa.unicity.net\/v5a-test\/items\/16ca68abaaa92505c257be022a154769","id":{"unicity":"27615"}},"terms":{"priceEach":"37.0000","pvEach":"21.0000"},"quantity":1}]}},{"currency":"USD","lines":{"items":[{"item":{"href":"https:\/\/hydraqa.unicity.net\/v5a-test\/items\/362999101a321b721c87110710ae77b0","id":{"unicity":"29352"}},"terms":{"priceEach":"149.0000","pvEach":"80.0000"},"quantity":1}]}},{"currency":"USD","lines":{"items":[{"item":{"href":"https:\/\/hydraqa.unicity.net\/v5a-test\/items\/2f028442193b3166b6c4f9590bd352b4","id":{"unicity":"32366"}},"terms":{"priceEach":"122.0000","pvEach":"68.0000"},"quantity":1}]}},{"currency":"USD","lines":{"items":[{"item":{"href":"https:\/\/hydraqa.unicity.net\/v5a-test\/items\/18f4c25c966306833f623287c875d6ba","id":{"unicity":"32369"}},"terms":{"priceEach":"191.0000","pvEach":"93.0000"},"quantity":1}]}},{"currency":"USD","lines":{"items":[{"item":{"href":"https:\/\/hydraqa.unicity.net\/v5a-test\/items\/779b47d856ea7e246c9e5aabc6eca794","id":{"unicity":"32370"}},"terms":{"priceEach":"171.0000","pvEach":"95.0000"},"quantity":1}]}},{"currency":"USD","lines":{"items":[{"item":{"href":"https:\/\/hydraqa.unicity.net\/v5a-test\/items\/05ca08f3808f126c0cc42154c50fc75c","id":{"unicity":"29440"}},"terms":{"priceEach":"138.0000","pvEach":"90.0000"},"quantity":1}]}},{"currency":"USD","lines":{"items":[{"item":{"href":"https:\/\/hydraqa.unicity.net\/v5a-test\/items\/cea826eab72d44641c070aab6c97c1ac","id":{"unicity":"22747"}},"terms":{"priceEach":"35.0000","pvEach":"16.0000"},"quantity":1}]}},{"currency":"USD","lines":{"items":[{"item":{"href":"https:\/\/hydraqa.unicity.net\/v5a-test\/items\/1945faa1776541d53120ecfe3c1d8a2b","id":{"unicity":"24418"}},"terms":{"priceEach":"7.0000","pvEach":"0.0000"},"quantity":1}]}},{"currency":"USD","lines":{"items":[{"item":{"href":"https:\/\/hydraqa.unicity.net\/v5a-test\/items\/e0a19d3d676bccfdba0ab3d9f2766359","id":{"unicity":"30350"}},"terms":{"priceEach":"60.0000","pvEach":"30.0000"},"quantity":1}]}},{"currency":"USD","lines":{"items":[{"item":{"href":"https:\/\/hydraqa.unicity.net\/v5a-test\/items\/b2fc4b9ba4aa5cae54389161be2f841f","id":{"unicity":"18401"}},"terms":{"priceEach":"40.0000","pvEach":"19.0000"},"quantity":1}]}},{"currency":"USD","lines":{"items":[{"item":{"href":"https:\/\/hydraqa.unicity.net\/v5a-test\/items\/1b0412bea8c0b841c66f65a36aa14108","id":{"unicity":"29191"}},"terms":{"priceEach":"80.0000","pvEach":"36.0000"},"quantity":1}]}},{"currency":"USD","lines":{"items":[{"item":{"href":"https:\/\/hydraqa.unicity.net\/v5a-test\/items\/1bd53de7fe880ba71f46c9976ca2c137","id":{"unicity":"27739"}},"terms":{"priceEach":"43.0000","pvEach":"13.0000"},"quantity":1}]}},{"currency":"USD","lines":{"items":[{"item":{"href":"https:\/\/hydraqa.unicity.net\/v5a-test\/items\/035189015384166df518a68ede0299a9","id":{"unicity":"30408"}},"terms":{"priceEach":"101.0000","pvEach":"50.0000"},"quantity":1}]}},{"currency":"USD","lines":{"items":[{"item":{"href":"https:\/\/hydraqa.unicity.net\/v5a-test\/items\/bed533c634e887357ff031d8e4c776b0","id":{"unicity":"31751"}},"terms":{"priceEach":"115.0000","pvEach":"50.0000"},"quantity":1}]}},{"currency":"USD","lines":{"items":[{"item":{"href":"https:\/\/hydraqa.unicity.net\/v5a-test\/items\/e5029d0db50d6ea324b5e25f54d82636","id":{"unicity":"31651"}},"terms":{"priceEach":"38.0000","pvEach":"14.0000"},"quantity":1}]}},{"currency":"USD","lines":{"items":[{"item":{"href":"https:\/\/hydraqa.unicity.net\/v5a-test\/items\/c201dcd36f4bb7e17e7a8481ef08d6f2","id":{"unicity":"31518"}},"terms":{"priceEach":"38.0000","pvEach":"14.0000"},"quantity":1}]}},{"currency":"USD","lines":{"items":[{"item":{"href":"https:\/\/hydraqa.unicity.net\/v5a-test\/items\/f5a91f19576078a69f82c9f58805f479","id":{"unicity":"31655"}},"terms":{"priceEach":"38.0000","pvEach":"14.0000"},"quantity":1}]}},{"currency":"USD","lines":{"items":[{"item":{"href":"https:\/\/hydraqa.unicity.net\/v5a-test\/items\/0a3ede185ddf034630afd891c5106d33","id":{"unicity":"26562"}},"terms":{"priceEach":"43.0000","pvEach":"25.0000"},"quantity":1}]}},{"currency":"USD","lines":{"items":[{"item":{"href":"https:\/\/hydraqa.unicity.net\/v5a-test\/items\/4b2034f47fce90b87bba28c5c2d7c25d","id":{"unicity":"15880"}},"terms":{"priceEach":"76.0000","pvEach":"41.0000"},"quantity":1}]}},{"currency":"USD","lines":{"items":[{"item":{"href":"https:\/\/hydraqa.unicity.net\/v5a-test\/items\/3d89c4f7e508dfba4018dc9c732084de","id":{"unicity":"29181"}},"terms":{"priceEach":"30.0000","pvEach":"12.0000"},"quantity":1}]}},{"currency":"USD","lines":{"items":[{"item":{"href":"https:\/\/hydraqa.unicity.net\/v5a-test\/items\/aa0d72ac13b1ce88cf8c4a52ede75a37","id":{"unicity":"26552"}},"terms":{"priceEach":"89.0000","pvEach":"50.0000"},"quantity":1}]}},{"currency":"USD","lines":{"items":[{"item":{"href":"https:\/\/hydraqa.unicity.net\/v5a-test\/items\/5c6f1a39257b63482d454789e4d2035c","id":{"unicity":"26553"}},"terms":{"priceEach":"89.0000","pvEach":"50.0000"},"quantity":1}]}},{"currency":"USD","lines":{"items":[{"item":{"href":"https:\/\/hydraqa.unicity.net\/v5a-test\/items\/8d994059c399f5551ab112574e4476fc","id":{"unicity":"24785"}},"terms":{"priceEach":"18.0000","pvEach":"9.0000"},"quantity":1}]}},{"currency":"USD","lines":{"items":[{"item":{"href":"https:\/\/hydraqa.unicity.net\/v5a-test\/items\/8ed7a8910d5c5335774fa9cfae0e511d","id":{"unicity":"18386"}},"terms":{"priceEach":"35.0000","pvEach":"21.0000"},"quantity":1}]}},{"currency":"USD","lines":{"items":[{"item":{"href":"https:\/\/hydraqa.unicity.net\/v5a-test\/items\/398d06b858b960f6f38086d40608aef2","id":{"unicity":"26560"}},"terms":{"priceEach":"21.0000","pvEach":"12.0000"},"quantity":1}]}},{"currency":"USD","lines":{"items":[{"item":{"href":"https:\/\/hydraqa.unicity.net\/v5a-test\/items\/55d3b550a17b78175cc5ac565e4266e8","id":{"unicity":"24621"}},"terms":{"priceEach":"26.0000","pvEach":"12.0000"},"quantity":1}]}},{"currency":"USD","lines":{"items":[{"item":{"href":"https:\/\/hydraqa.unicity.net\/v5a-test\/items\/bb5c627f16547cb4f706cef521bca356","id":{"unicity":"29437"}},"terms":{"priceEach":"78.0000","pvEach":"36.0000"},"quantity":1}]}},{"currency":"USD","lines":{"items":[{"item":{"href":"https:\/\/hydraqa.unicity.net\/v5a-test\/items\/0e78fbdfebef11cd62f8d2120064ee58","id":{"unicity":"30280"}},"terms":{"priceEach":"52.0000","pvEach":"24.0000"},"quantity":1}]}},{"currency":"USD","lines":{"items":[{"item":{"href":"https:\/\/hydraqa.unicity.net\/v5a-test\/items\/2835b1a78e379486f0ffbfd5fb9f6b0a","id":{"unicity":"30400"}},"terms":{"priceEach":"49.0000","pvEach":"28.0000"},"quantity":1}]}},{"currency":"USD","lines":{"items":[{"item":{"href":"https:\/\/hydraqa.unicity.net\/v5a-test\/items\/84bf86533ae28dc84370f3699cc13a1d","id":{"unicity":"17744"}},"terms":{"priceEach":"127.0000","pvEach":"62.0000"},"quantity":1}]}},{"currency":"USD","lines":{"items":[{"item":{"href":"https:\/\/hydraqa.unicity.net\/v5a-test\/items\/48433ffc76597c823adc2b8627e033e4","id":{"unicity":"26559"}},"terms":{"priceEach":"39.0000","pvEach":"20.0000"},"quantity":1}]}},{"currency":"USD","lines":{"items":[{"item":{"href":"https:\/\/hydraqa.unicity.net\/v5a-test\/items\/5a38f009bec6c23b1b3a70432f9722e5","id":{"unicity":"19596"}},"terms":{"priceEach":"63.0000","pvEach":"30.0000"},"quantity":1}]}},{"currency":"USD","lines":{"items":[{"item":{"href":"https:\/\/hydraqa.unicity.net\/v5a-test\/items\/38da42f991a40a00153b2e5055b82dbf","id":{"unicity":"27801"}},"terms":{"priceEach":"225.0000","pvEach":"130.0000"},"quantity":1}]}},{"currency":"USD","lines":{"items":[{"item":{"href":"https:\/\/hydraqa.unicity.net\/v5a-test\/items\/051e765a5a71835a859c2757edd359f0","id":{"unicity":"26580"}},"terms":{"priceEach":"225.0000","pvEach":"130.0000"},"quantity":1}]}},{"currency":"USD","lines":{"items":[{"item":{"href":"https:\/\/hydraqa.unicity.net\/v5a-test\/items\/11aed902b772de90f113ca8a6379a37c","id":{"unicity":"27951"}},"terms":{"priceEach":"225.0000","pvEach":"130.0000"},"quantity":1}]}},{"currency":"USD","lines":{"items":[{"item":{"href":"https:\/\/hydraqa.unicity.net\/v5a-test\/items\/8c21f026bb6a32624e0c80475bf8efb0","id":{"unicity":"25880"}},"terms":{"priceEach":"43.0000","pvEach":"23.0000"},"quantity":1}]}},{"currency":"USD","lines":{"items":[{"item":{"href":"https:\/\/hydraqa.unicity.net\/v5a-test\/items\/e218d1cac5f31e7ae4f5876c29c57377","id":{"unicity":"29017"}},"terms":{"priceEach":"49.0000","pvEach":"26.0000"},"quantity":1}]}},{"currency":"USD","lines":{"items":[{"item":{"href":"https:\/\/hydraqa.unicity.net\/v5a-test\/items\/24ff5bda40c0d0e7eaa511866d052915","id":{"unicity":"29612"}},"terms":{"priceEach":"61.0000","pvEach":"30.0000"},"quantity":1}]}},{"currency":"USD","lines":{"items":[{"item":{"href":"https:\/\/hydraqa.unicity.net\/v5a-test\/items\/2c4c1abe00983e85aaa918d2ce341491","id":{"unicity":"17174"}},"terms":{"priceEach":"22.0000","pvEach":"10.0000"},"quantity":1}]}},{"currency":"USD","lines":{"items":[{"item":{"href":"https:\/\/hydraqa.unicity.net\/v5a-test\/items\/3f2d12d7a0e8551fc99fad3bbe1ba633","id":{"unicity":"26567"}},"terms":{"priceEach":"70.0000","pvEach":"35.0000"},"quantity":1}]}},{"currency":"USD","lines":{"items":[{"item":{"href":"https:\/\/hydraqa.unicity.net\/v5a-test\/items\/191637167cb3144bd2e8c4615e9ab67e","id":{"unicity":"26568"}},"terms":{"priceEach":"70.0000","pvEach":"35.0000"},"quantity":1}]}},{"currency":"USD","lines":{"items":[{"item":{"href":"https:\/\/hydraqa.unicity.net\/v5a-test\/items\/2cefc6a61faaae3455a5adcb0d8fc74f","id":{"unicity":"15907"}},"terms":{"priceEach":"19.0000","pvEach":"5.0000"},"quantity":1}]}},{"currency":"USD","lines":{"items":[{"item":{"href":"https:\/\/hydraqa.unicity.net\/v5a-test\/items\/e870d73cd94149d9f6b55de9736c9daa","id":{"unicity":"3107"}},"terms":{"priceEach":"31.0000","pvEach":"16.0000"},"quantity":1}]}},{"currency":"USD","lines":{"items":[{"item":{"href":"https:\/\/hydraqa.unicity.net\/v5a-test\/items\/b127a2d34d3d73e2f53e4c2002a7a4a2","id":{"unicity":"25008"}},"terms":{"priceEach":"24.0000","pvEach":"15.0000"},"quantity":1}]}},{"currency":"USD","lines":{"items":[{"item":{"href":"https:\/\/hydraqa.unicity.net\/v5a-test\/items\/dcdf1b79b8b6f644100ffc20fdca4683","id":{"unicity":"27835"}},"terms":{"priceEach":"1891.5000","pvEach":"1000.0000"},"quantity":1}]}},{"currency":"USD","lines":{"items":[{"item":{"href":"https:\/\/hydraqa.unicity.net\/v5a-test\/items\/efe7d99f2b77ea614d624d371afa4244","id":{"unicity":"25543"}},"terms":{"priceEach":"1891.5000","pvEach":"1000.0000"},"quantity":1}]}},{"currency":"USD","lines":{"items":[{"item":{"href":"https:\/\/hydraqa.unicity.net\/v5a-test\/items\/2da06ecf761a87f5619997496b83b745","id":{"unicity":"27831"}},"terms":{"priceEach":"1891.5000","pvEach":"1000.0000"},"quantity":1}]}},{"currency":"USD","lines":{"items":[{"item":{"href":"https:\/\/hydraqa.unicity.net\/v5a-test\/items\/1ab3a5a9b55fdf3618d21bf1d528afe4","id":{"unicity":"25542"}},"terms":{"priceEach":"1891.5000","pvEach":"1000.0000"},"quantity":1}]}},{"currency":"USD","lines":{"items":[{"item":{"href":"https:\/\/hydraqa.unicity.net\/v5a-test\/items\/52f0d3751a2d8f3f3670328e8157de5e","id":{"unicity":"27833"}},"terms":{"priceEach":"1891.5000","pvEach":"1000.0000"},"quantity":1}]}},{"currency":"USD","lines":{"items":[{"item":{"href":"https:\/\/hydraqa.unicity.net\/v5a-test\/items\/1535f370eb06bf30117fa28aa9ab1179","id":{"unicity":"25544"}},"terms":{"priceEach":"1891.5000","pvEach":"1000.0000"},"quantity":1}]}},{"currency":"USD","lines":{"items":[{"item":{"href":"https:\/\/hydraqa.unicity.net\/v5a-test\/items\/87f09080f7a29929816891acef721667","id":{"unicity":"25545"}},"terms":{"priceEach":"1891.5000","pvEach":"1000.0000"},"quantity":1}]}},{"currency":"USD","lines":{"items":[{"item":{"href":"https:\/\/hydraqa.unicity.net\/v5a-test\/items\/991cdbb84a495779eb209fb3956a77e4","id":{"unicity":"29183"}},"terms":{"priceEach":"52.0000","pvEach":"24.0000"},"quantity":1}]}},{"currency":"USD","lines":{"items":[{"item":{"href":"https:\/\/hydraqa.unicity.net\/v5a-test\/items\/cda534d686af5d627c94c4bb2c4b57d8","id":{"unicity":"26561"}},"terms":{"priceEach":"21.0000","pvEach":"11.0000"},"quantity":1}]}},{"currency":"USD","lines":{"items":[{"item":{"href":"https:\/\/hydraqa.unicity.net\/v5a-test\/items\/10da226fab00279b4f89df10af2a10b7","id":{"unicity":"26442"}},"terms":{"priceEach":"8.0000","pvEach":"0.0000"},"quantity":1}]}},{"currency":"USD","lines":{"items":[{"item":{"href":"https:\/\/hydraqa.unicity.net\/v5a-test\/items\/2de8516a24af8232add0bb392e750a71","id":{"unicity":"31859"}},"terms":{"priceEach":"225.0000","pvEach":"130.0000"},"quantity":1}]}},{"currency":"USD","lines":{"items":[{"item":{"href":"https:\/\/hydraqa.unicity.net\/v5a-test\/items\/cf8460040a1860bcabf250b6c1171675","id":{"unicity":"31858"}},"terms":{"priceEach":"330.0000","pvEach":"195.0000"},"quantity":1}]}},{"currency":"USD","lines":{"items":[{"item":{"href":"https:\/\/hydraqa.unicity.net\/v5a-test\/items\/4ab49eca1731e69206ccafb5112ad5a4","id":{"unicity":"31861"}},"terms":{"priceEach":"245.0000","pvEach":"135.0000"},"quantity":1}]}},{"currency":"USD","lines":{"items":[{"item":{"href":"https:\/\/hydraqa.unicity.net\/v5a-test\/items\/d4c8fce238d6fc34d17a4b36d1e4e59a","id":{"unicity":"31860"}},"terms":{"priceEach":"245.0000","pvEach":"135.0000"},"quantity":1}]}},{"currency":"USD","lines":{"items":[{"item":{"href":"https:\/\/hydraqa.unicity.net\/v5a-test\/items\/fd464cd7972cc1317e850b9196d886b8","id":{"unicity":"31863"}},"terms":{"priceEach":"255.0000","pvEach":"148.0000"},"quantity":1}]}},{"currency":"USD","lines":{"items":[{"item":{"href":"https:\/\/hydraqa.unicity.net\/v5a-test\/items\/e47fd287212acedd1cffb2b67bf623bd","id":{"unicity":"31862"}},"terms":{"priceEach":"255.0000","pvEach":"148.0000"},"quantity":1}]}},{"currency":"USD","lines":{"items":[{"item":{"href":"https:\/\/hydraqa.unicity.net\/v5a-test\/items\/024e696f8b44a1d315006e676604cd31","id":{"unicity":"27395"}},"terms":{"priceEach":"32.0000","pvEach":"16.0000"},"quantity":1}]}},{"currency":"USD","lines":{"items":[{"item":{"href":"https:\/\/hydraqa.unicity.net\/v5a-test\/items\/91a6016282310b83203d0bb7bea14a0f","id":{"unicity":"29050"}},"terms":{"priceEach":"14.9500","pvEach":"0.0000"},"quantity":1}]}},{"currency":"USD","lines":{"items":[{"item":{"href":"https:\/\/hydraqa.unicity.net\/v5a-test\/items\/7fc100f8d20814757efe2d79e41b315c","id":{"unicity":"32021"}},"terms":{"priceEach":"104.0000","pvEach":"60.0000"},"quantity":1}]}},{"currency":"USD","lines":{"items":[{"item":{"href":"https:\/\/hydraqa.unicity.net\/v5a-test\/items\/634f7efb30392b2a919de1355902d975","id":{"unicity":"29408"}},"terms":{"priceEach":"99.0000","pvEach":"52.0000"},"quantity":1}]}},{"currency":"USD","lines":{"items":[{"item":{"href":"https:\/\/hydraqa.unicity.net\/v5a-test\/items\/fa2407c91e64e66a72ab45172eb978df","id":{"unicity":"0988"}},"terms":{"priceEach":"47.0000","pvEach":"23.0000"},"quantity":1}]}},{"currency":"USD","lines":{"items":[{"item":{"href":"https:\/\/hydraqa.unicity.net\/v5a-test\/items\/64ec7ad932acafab052a4e8800ad1238","id":{"unicity":"24758"}},"terms":{"priceEach":"40.0000","pvEach":"21.0000"},"quantity":1}]}},{"currency":"USD","lines":{"items":[{"item":{"href":"https:\/\/hydraqa.unicity.net\/v5a-test\/items\/c61892f0a7b7e88054169a31d65d95e0","id":{"unicity":"18373"}},"terms":{"priceEach":"22.0000","pvEach":"10.0000"},"quantity":1}]}},{"currency":"USD","lines":{"items":[{"item":{"href":"https:\/\/hydraqa.unicity.net\/v5a-test\/items\/40a1044968ea62276f4ba87fd2ef0d8f","id":{"unicity":"12230"}},"terms":{"priceEach":"52.0000","pvEach":"18.0000"},"quantity":1}]}},{"currency":"USD","lines":{"items":[{"item":{"href":"https:\/\/hydraqa.unicity.net\/v5a-test\/items\/9ff4257741d464b686d15be955b8afb6","id":{"unicity":"0963"}},"terms":{"priceEach":"54.0000","pvEach":"25.0000"},"quantity":1}]}},{"currency":"USD","lines":{"items":[{"item":{"href":"https:\/\/hydraqa.unicity.net\/v5a-test\/items\/ddef5f478ff91aa2263b646a3bd03dea","id":{"unicity":"21420"}},"terms":{"priceEach":"31.0000","pvEach":"10.0000"},"quantity":1}]}}]}
Entry request : {"order":{"customer":{"href":"https://hydraqa.unicity.net/v5a-test/customers?type=PreferredCustomer"},"shipToAddress":{"country":"US"}},"vary":{"lines":{"items":[{"item":{"href":"https://hydraqa.unicity.net/v5a-test/items?id.unicity=26580|31440|31441|31651|31655|31518|31751|27801|27951|25542|27835|25543|27831|0963|15129|15271|15880|17174|22745|22747|23728|24758|25022|26550|26556|26557|26560|26561|26562|27615|27739|24418|22888|27585|17744|25008|26442|26551|6200|15916|18908|24785|29050|26552|26553|27028|0954|18401|27029|26559|19596|25544|25545|26945|25535|21420|24621|27833|27837|28836|15712|22165|0960|25369|30825|18386|26567|26568|15907|28513|3107|0988|18373|12230|26950|26786|27587|29017|25880|29694|29408|29437|29181|29183|29191|29352|29612|30350|27395|29440|29830|30408|30414|30400|30280|31314|31727|31728|31729|31730|31731|31842|31846|31845|31847|31858|31859|31863|31862|31860|31861|31958|32021|32030|32364|32365|32366|32367|32368|32369|32370|32371|32372|31106|26555"}}]}}}
Request URL: https://hydraqa.unicity.net/v5a-test/customers.js?callback=angular.callbacks._1&expand=customer,profilePicture&id.unicity=36554001
Request URL: https://hydraqa.unicity.net/v5a-test/customers.js?_httpMethod=HEAD&callback=angular.callbacks._4&email=YIIVSD@gmail.com
Request URL: https://hydraqa.unicity.net/v5a-test/addresses?country=US&zip=33024
Entry response : {"items":[{"city":"Pembroke Pines","state":"FL"}]}
No Pop UP
{sponsor=36554001, gender=male, city=HOLLYWOOD, cartprice=2116.5, enroller=36554001, arpack=Prime Health Pack - Cholesterol, Energy, Vanilla, language=English, locale=en, type=PreferredCustomer, platform=QA, lname=TestLastName, password=Unicity, genderoption=Male, Currency=USD, api=4, state=[FL], email=YIIVSD@gmail.com, zip=33024, fname=TestFirstName, prefferd=United States, address1=4209 E STONECREEK CIR, shippingmethod=type=3Days, version=v5a-test/, testcase=normal, market=United States, aritemcode=26580, martial=Married, phone=9823746323, proto=https://hydraqa.unicity.net/, marketcode=US, maritaloption=Married, ccname=CCNameTest}
Request URL: https://hydraqa.unicity.net/v5a-test/orders.js
Entry request : {"customer":{"mainAddress":{"city":"HOLLYWOOD","country":"US","state":"FL","zip":"33024","address1":"4209 E STONECREEK CIR","address2":""},"humanName":{"firstName":"TestFirstName","lastName":"TestLastName"},"email":"YIIVSD@gmail.com","preferredLocale":"en-US","password":{"value":"Unicity"},"gender":"male","maritalStatus":"Married","type":"PreferredCustomer","creditcardaliases":[{"methodDetails":{"creditCardNumber":"4111111111111111","payer":"TestFirstName TestLastName","creditCardExpires":"2020-10"},"billToName":{"firstName":"TestFirstName","lastName":"TestLastName"},"billToAddress":{"address1":"4209 E STONECREEK CIR","address2":"","city":"HOLLYWOOD","state":"FL","zip":"33024","country":"US"}}],"sponsor":{"href":"https://hydraqa.unicity.net/v5a-test/customers?id.unicity=36554001"},"enroller":{"href":"https://hydraqa.unicity.net/v5a-test/customers?id.unicity=36554001"},"homePhone":"9823746323","autoorders":{"items":[{"recurrence":{"schedule":{"month":"*","dayOfMonth":"5","skipRepetitions":"2"},"status":"Enabled"},"lines":{"items":[{"item":{"href":"https://hydraqa.unicity.net/v5a-test/items?id.unicity=26580"},"quantity":1}]},"shipToName":{"firstName":"TestFirstName","lastName":"TestLastName"},"shipToPhone":"9823746323","shipToEmail":"YIIVSD@gmail.com","shipToAddress":{"city":"HOLLYWOOD","country":"US","state":"FL","address1":"4209 E STONECREEK CIR","address2":"","zip":"33024"},"shippingMethod":{"href":"https://hydraqa.unicity.net/v5a-test/shippingmethods?type=3Days"},"transactions":{"items":[{"amount":"this.terms.total","type":"AuthorizeAndCapture","method":"CreditCardAlias","methodDetails":{"alias":"this.customer.creditcardaliases[0].alias"}}]}}]},"rights":[]},"lines":{"items":[{"item":{"href":"https://hydraqa.unicity.net/v5a-test/items?id.unicity=27835"},"quantity":1},{"item":{"href":"https://hydraqa.unicity.net/v5a-test/items?id.unicity=31859"},"quantity":1}]},"shipToName":{"firstName":"TestFirstName","lastName":"TestLastName"},"shipToPhone":"9823746323","shipToEmail":"YIIVSD@gmail.com","shipToAddress":{"city":"HOLLYWOOD","country":"US","state":"FL","address1":"4209 E STONECREEK CIR","address2":"","zip":"33024"},"shippingMethod":{"href":"https://hydraqa.unicity.net/v5a-test/shippingmethods?type=3Days"},"notes":"","transactions":{"items":[{"amount":"this.terms.total","type":"AuthorizeAndCapture","method":"CreditCard","methodDetails":{"creditCardNumber":"4111111111111111","payer":"CCNameTest","creditCardExpires":"2020-10","creditCardSecurityCode":"123"},"billToAddress":{"address1":"4209 E STONECREEK CIR","address2":"","city":"HOLLYWOOD","state":"FL","zip":"33024","country":"US"}},{"type":"AuthorizeAndCapture","method":"Coupon","methodDetails":{"code":"Fre3Aut0Sh!p"}}]}}
Entry response : {"meta":{"Link":"<http:\/\/unicity.github.io\/Hydra.php\/docs\/v5\/>; rel=\"help\"","X-Request-UUID":"104cd220-f1fb-4436-9c81-fa7c6ca5dc59","X-Request-Release":"5-2020012701\/master","Cache-Control":"no-cache, must-revalidate","Expires":"0","X-Powered-By":"Luracast Restler v3.0.0rc5","Content-Type":"text\/javascript; charset=utf-8","Content-Language":"en-US","X-Status-Code":"201"},"data":{"market":"US","notes":"","shippingMethod":{"href":"https:\/\/hydraqa.unicity.net\/v5a-test\/shippingmethods?type=3Days","location":"","type":"3Days"},"shipToAddress":{"country":"US","state":"FL","city":"HOLLYWOOD","zip":"33024","address1":"4209 E STONECREEK CIR","address2":""},"shipToEmail":"YIIVSD@gmail.com","shipToName":{"firstName":"TestFirstName","lastName":"TestLastName"},"shipToPhone":"9823746323","shipToTime":"","source":null,"type":null,"lines":{"items":[{"quantity":1,"item":{"href":"https:\/\/hydraqa.unicity.net\/v5a-test\/items?id.unicity=27835","id":{"unicity":"27835"}}},{"quantity":1,"item":{"href":"https:\/\/hydraqa.unicity.net\/v5a-test\/items?id.unicity=31859","id":{"unicity":"31859"}}}]},"transactions":{"items":[{"amount":2340.85,"billToAddress":{"address1":"4209 E STONECREEK CIR","address2":"","city":"HOLLYWOOD","state":"FL","zip":"33024","country":"US"},"billToEmail":null,"installments":null,"method":"CreditCard","methodDetails":{"creditCardExpires":"2020-10","creditCardNumber":"411111xxxxxx1111","creditCardSecurityCode":"123","payer":"CCNameTest","payerId":null},"type":"AuthorizeAndCapture"}]},"terms":{"discount":{"amount":0},"pretotal":2340.85,"tax":{"amount":44.45},"freight":{"amount":179.9},"subtotal":2116.5,"taxableTotal":2296.4,"total":2340.85,"pv":1130},"currency":"USD","dateCreated":"2020-01-27T20:39:00-07:00","customer":{"humanName":{"firstName":"TestFirstName","lastName":"TestLastName"},"mainAddress":{"city":"HOLLYWOOD","country":"US","state":"FL","zip":"33024","address1":"4209 E STONECREEK CIR","address2":""},"type":"PreferredCustomer","email":"YIIVSD@gmail.com","gender":"male","password":{"value":"Unicity"},"enroller":{"href":"https:\/\/hydraqa.unicity.net\/v5a-test\/customers\/c8a0f511723643dd5ba719e2e99a32ba82ff3eda31cc639783863e5baba2dbdb","id":{"unicity":36554001},"humanName":{"fullName":"Kent, Clark"},"email":"tyler.cook@unicity.com"},"sponsor":{"href":"https:\/\/hydraqa.unicity.net\/v5a-test\/customers\/c8a0f511723643dd5ba719e2e99a32ba82ff3eda31cc639783863e5baba2dbdb","id":{"unicity":36554001},"humanName":{"fullName":"Kent, Clark"},"email":"tyler.cook@unicity.com"},"homePhone":"9823746323","preferredLocale":"en-US","maritalStatus":"Married","autoorders":{"items":[{"id":{"unicity":"64227"}}]},"rights":[],"status":"Active","id":{"unicity":"8203508"},"href":"https:\/\/hydraqa.unicity.net\/v5a-test\/customers\/083eb1b7b802b636b45a093122e32da8","token":"9d985df9-33a0-4ce2-a50b-ca29cafe498a"},"added_transactions":{"items":[]},"taxedAs":"service","id":{"unicity":"1643194"},"href":"https:\/\/hydraqa.unicity.net\/v5a-test\/orders\/089c742d6436e3a8af0c2af63a65be02"}}
Headers-->keep-alive
Headers-->2717
Headers-->application/json, text/plain, */*
Headers-->http://enroll.ng.unicityqa.com
Headers-->en-US
]]></system-out>
    <system-err><![CDATA[Starting ChromeDriver 2.36.540470 (e522d04694c7ebea4ba8821272dbef4f9b818c91) on port 38976
Only local connections are allowed.
Jan 27, 2020 8:35:53 PM org.openqa.selenium.remote.ProtocolHandshake createSession
INFO: Detected dialect: OSS
]]></system-err>
  </testcase>
  <testcase name="Enroll" classname="Tests.PrefferedCustomer" time="200.159">
    <failure message="Major AR Pack href expected [https://hydraqa.unicity.net/v5a-test/items?id.unicity=26580] but found []" type="java.lang.AssertionError">java.lang.AssertionError: Major AR Pack href expected [https://hydraqa.unicity.net/v5a-test/items?id.unicity=26580] but found []
	at Tests.PrefferedCustomer.Enroll(PrefferedCustomer.java:104)
</failure>
    <system-out><![CDATA[Request URL: https://hydraqa.unicity.net/v5a-test/quotes?&expand=item
Entry Quotes response : {"items":[{"currency":"USD","lines":{"items":[{"item":{"href":"https:\/\/hydraqa.unicity.net\/v5a-test\/items\/50747027a065cb8361c1f0d6eb880466","id":{"unicity":"32030"}},"terms":{"priceEach":"179.0000","pvEach":"102.0000"},"quantity":1}]}},{"currency":"USD","lines":{"items":[{"item":{"href":"https:\/\/hydraqa.unicity.net\/v5a-test\/items\/716b7a0bca7fa73e42e000d668e7ee65","id":{"unicity":"15129"}},"terms":{"priceEach":"29.0000","pvEach":"10.0000"},"quantity":1}]}},{"currency":"USD","lines":{"items":[{"item":{"href":"https:\/\/hydraqa.unicity.net\/v5a-test\/items\/9a7715e888c94989d898fe4653645721","id":{"unicity":"26550"}},"terms":{"priceEach":"99.0000","pvEach":"52.0000"},"quantity":1}]}},{"currency":"USD","lines":{"items":[{"item":{"href":"https:\/\/hydraqa.unicity.net\/v5a-test\/items\/80a898d805f759925797847a176bf62f","id":{"unicity":"26551"}},"terms":{"priceEach":"99.0000","pvEach":"52.0000"},"quantity":1}]}},{"currency":"USD","lines":{"items":[{"item":{"href":"https:\/\/hydraqa.unicity.net\/v5a-test\/items\/fbb319232b7eed110794d46a68302acb","id":{"unicity":"31847"}},"terms":{"priceEach":"150.0000","pvEach":"80.0000"},"quantity":1}]}},{"currency":"USD","lines":{"items":[{"item":{"href":"https:\/\/hydraqa.unicity.net\/v5a-test\/items\/077823d29445b9020de9931f10c63efd","id":{"unicity":"31958"}},"terms":{"priceEach":"160.0000","pvEach":"85.0000"},"quantity":1}]}},{"currency":"USD","lines":{"items":[{"item":{"href":"https:\/\/hydraqa.unicity.net\/v5a-test\/items\/00c2eb70c985722ce208490aece00945","id":{"unicity":"31729"}},"terms":{"priceEach":"170.0000","pvEach":"100.0000"},"quantity":1}]}},{"currency":"USD","lines":{"items":[{"item":{"href":"https:\/\/hydraqa.unicity.net\/v5a-test\/items\/89b6d29a85a88d44d65bc8cca3fefc65","id":{"unicity":"31845"}},"terms":{"priceEach":"170.0000","pvEach":"100.0000"},"quantity":1}]}},{"currency":"USD","lines":{"items":[{"item":{"href":"https:\/\/hydraqa.unicity.net\/v5a-test\/items\/3875e24e6b6ebdf36c79d205614ed51e","id":{"unicity":"31846"}},"terms":{"priceEach":"160.0000","pvEach":"94.0000"},"quantity":1}]}},{"currency":"USD","lines":{"items":[{"item":{"href":"https:\/\/hydraqa.unicity.net\/v5a-test\/items\/5bda067b70c43971650a6ef983f612e4","id":{"unicity":"31728"}},"terms":{"priceEach":"160.0000","pvEach":"94.0000"},"quantity":1}]}},{"currency":"USD","lines":{"items":[{"item":{"href":"https:\/\/hydraqa.unicity.net\/v5a-test\/items\/693a7c4a70b06a00471afe8d6cae5023","id":{"unicity":"31730"}},"terms":{"priceEach":"150.0000","pvEach":"80.0000"},"quantity":1}]}},{"currency":"USD","lines":{"items":[{"item":{"href":"https:\/\/hydraqa.unicity.net\/v5a-test\/items\/ccb242d74dcb1fe621cc7bfe1b1de315","id":{"unicity":"31731"}},"terms":{"priceEach":"112.0000","pvEach":"61.0000"},"quantity":1}]}},{"currency":"USD","lines":{"items":[{"item":{"href":"https:\/\/hydraqa.unicity.net\/v5a-test\/items\/764e2db430d361da99e8f6b70c4d0244","id":{"unicity":"29830"}},"terms":{"priceEach":"20.0000","pvEach":"7.0000"},"quantity":1}]}},{"currency":"USD","lines":{"items":[{"item":{"href":"https:\/\/hydraqa.unicity.net\/v5a-test\/items\/8b5ed9aa6c6132e1be5e446f69a3465e","id":{"unicity":"0954"}},"terms":{"priceEach":"27.0000","pvEach":"15.0000"},"quantity":1}]}},{"currency":"USD","lines":{"items":[{"item":{"href":"https:\/\/hydraqa.unicity.net\/v5a-test\/items\/b91affa753dd5ee8a9acef4fa7e2c9a7","id":{"unicity":"30414"}},"terms":{"priceEach":"110.0000","pvEach":"65.0000"},"quantity":1}]}},{"currency":"USD","lines":{"items":[{"item":{"href":"https:\/\/hydraqa.unicity.net\/v5a-test\/items\/9d9d002b0e21b9bd58ad0154a4f781c5","id":{"unicity":"28836"}},"terms":{"priceEach":"75.0000","pvEach":"36.0000"},"quantity":1}]}},{"currency":"USD","lines":{"items":[{"item":{"href":"https:\/\/hydraqa.unicity.net\/v5a-test\/items\/399be8efa903b362515c48315ab2afb9","id":{"unicity":"15712"}},"terms":{"priceEach":"19.0000","pvEach":"5.0000"},"quantity":1}]}},{"currency":"USD","lines":{"items":[{"item":{"href":"https:\/\/hydraqa.unicity.net\/v5a-test\/items\/390a7ae70d5669561ecdf7d5cff2671b","id":{"unicity":"15271"}},"terms":{"priceEach":"89.0000","pvEach":"27.0000"},"quantity":1}]}},{"currency":"USD","lines":{"items":[{"item":{"href":"https:\/\/hydraqa.unicity.net\/v5a-test\/items\/933f0856fd8ec1df83c5283dabf4ec3c","id":{"unicity":"6200"}},"terms":{"priceEach":"88.0000","pvEach":"47.0000"},"quantity":1}]}},{"currency":"USD","lines":{"items":[{"item":{"href":"https:\/\/hydraqa.unicity.net\/v5a-test\/items\/75faf5436630ed02a683726aa0e9056f","id":{"unicity":"22165"}},"terms":{"priceEach":"112.0000","pvEach":"65.0000"},"quantity":1}]}},{"currency":"USD","lines":{"items":[{"item":{"href":"https:\/\/hydraqa.unicity.net\/v5a-test\/items\/0cf62d38e91953b43dcfe88b06f813cb","id":{"unicity":"26557"}},"terms":{"priceEach":"101.0000","pvEach":"61.0000"},"quantity":1}]}},{"currency":"USD","lines":{"items":[{"item":{"href":"https:\/\/hydraqa.unicity.net\/v5a-test\/items\/3af97c67f653253825a9189a27da57d6","id":{"unicity":"26556"}},"terms":{"priceEach":"101.0000","pvEach":"61.0000"},"quantity":1}]}},{"currency":"USD","lines":{"items":[{"item":{"href":"https:\/\/hydraqa.unicity.net\/v5a-test\/items\/d489ec0d50f6e28d5743afc65439631b","id":{"unicity":"0960"}},"terms":{"priceEach":"48.0000","pvEach":"23.0000"},"quantity":1}]}},{"currency":"USD","lines":{"items":[{"item":{"href":"https:\/\/hydraqa.unicity.net\/v5a-test\/items\/66839181d7531692a8d886a9da6fb4d6","id":{"unicity":"25369"}},"terms":{"priceEach":"63.0000","pvEach":"25.0000"},"quantity":1}]}},{"currency":"USD","lines":{"items":[{"item":{"href":"https:\/\/hydraqa.unicity.net\/v5a-test\/items\/0eebdede5bdb8bf4d71e800b6f3cead1","id":{"unicity":"30825"}},"terms":{"priceEach":"64.0000","pvEach":"25.0000"},"quantity":1}]}},{"currency":"USD","lines":{"items":[{"item":{"href":"https:\/\/hydraqa.unicity.net\/v5a-test\/items\/5c2f1613082782e691d32fe9ce034026","id":{"unicity":"23728"}},"terms":{"priceEach":"34.0000","pvEach":"13.0000"},"quantity":1}]}},{"currency":"USD","lines":{"items":[{"item":{"href":"https:\/\/hydraqa.unicity.net\/v5a-test\/items\/9a6e1d094182389c3da8e0a320ff0e00","id":{"unicity":"27585"}},"terms":{"priceEach":"69.0000","pvEach":"33.0000"},"quantity":1}]}},{"currency":"USD","lines":{"items":[{"item":{"href":"https:\/\/hydraqa.unicity.net\/v5a-test\/items\/25eaf64b36ce31368f17ae789fd9ac5b","id":{"unicity":"29694"}},"terms":{"priceEach":"69.0000","pvEach":"33.0000"},"quantity":1}]}},{"currency":"USD","lines":{"items":[{"item":{"href":"https:\/\/hydraqa.unicity.net\/v5a-test\/items\/112b8c39286598b3730f630f371a45f4","id":{"unicity":"27587"}},"terms":{"priceEach":"71.0000","pvEach":"33.0000"},"quantity":1}]}},{"currency":"USD","lines":{"items":[{"item":{"href":"https:\/\/hydraqa.unicity.net\/v5a-test\/items\/16ca68abaaa92505c257be022a154769","id":{"unicity":"27615"}},"terms":{"priceEach":"37.0000","pvEach":"21.0000"},"quantity":1}]}},{"currency":"USD","lines":{"items":[{"item":{"href":"https:\/\/hydraqa.unicity.net\/v5a-test\/items\/362999101a321b721c87110710ae77b0","id":{"unicity":"29352"}},"terms":{"priceEach":"149.0000","pvEach":"80.0000"},"quantity":1}]}},{"currency":"USD","lines":{"items":[{"item":{"href":"https:\/\/hydraqa.unicity.net\/v5a-test\/items\/2f028442193b3166b6c4f9590bd352b4","id":{"unicity":"32366"}},"terms":{"priceEach":"122.0000","pvEach":"68.0000"},"quantity":1}]}},{"currency":"USD","lines":{"items":[{"item":{"href":"https:\/\/hydraqa.unicity.net\/v5a-test\/items\/18f4c25c966306833f623287c875d6ba","id":{"unicity":"32369"}},"terms":{"priceEach":"191.0000","pvEach":"93.0000"},"quantity":1}]}},{"currency":"USD","lines":{"items":[{"item":{"href":"https:\/\/hydraqa.unicity.net\/v5a-test\/items\/779b47d856ea7e246c9e5aabc6eca794","id":{"unicity":"32370"}},"terms":{"priceEach":"171.0000","pvEach":"95.0000"},"quantity":1}]}},{"currency":"USD","lines":{"items":[{"item":{"href":"https:\/\/hydraqa.unicity.net\/v5a-test\/items\/05ca08f3808f126c0cc42154c50fc75c","id":{"unicity":"29440"}},"terms":{"priceEach":"138.0000","pvEach":"90.0000"},"quantity":1}]}},{"currency":"USD","lines":{"items":[{"item":{"href":"https:\/\/hydraqa.unicity.net\/v5a-test\/items\/cea826eab72d44641c070aab6c97c1ac","id":{"unicity":"22747"}},"terms":{"priceEach":"35.0000","pvEach":"16.0000"},"quantity":1}]}},{"currency":"USD","lines":{"items":[{"item":{"href":"https:\/\/hydraqa.unicity.net\/v5a-test\/items\/1945faa1776541d53120ecfe3c1d8a2b","id":{"unicity":"24418"}},"terms":{"priceEach":"7.0000","pvEach":"0.0000"},"quantity":1}]}},{"currency":"USD","lines":{"items":[{"item":{"href":"https:\/\/hydraqa.unicity.net\/v5a-test\/items\/e0a19d3d676bccfdba0ab3d9f2766359","id":{"unicity":"30350"}},"terms":{"priceEach":"60.0000","pvEach":"30.0000"},"quantity":1}]}},{"currency":"USD","lines":{"items":[{"item":{"href":"https:\/\/hydraqa.unicity.net\/v5a-test\/items\/b2fc4b9ba4aa5cae54389161be2f841f","id":{"unicity":"18401"}},"terms":{"priceEach":"40.0000","pvEach":"19.0000"},"quantity":1}]}},{"currency":"USD","lines":{"items":[{"item":{"href":"https:\/\/hydraqa.unicity.net\/v5a-test\/items\/1b0412bea8c0b841c66f65a36aa14108","id":{"unicity":"29191"}},"terms":{"priceEach":"80.0000","pvEach":"36.0000"},"quantity":1}]}},{"currency":"USD","lines":{"items":[{"item":{"href":"https:\/\/hydraqa.unicity.net\/v5a-test\/items\/1bd53de7fe880ba71f46c9976ca2c137","id":{"unicity":"27739"}},"terms":{"priceEach":"43.0000","pvEach":"13.0000"},"quantity":1}]}},{"currency":"USD","lines":{"items":[{"item":{"href":"https:\/\/hydraqa.unicity.net\/v5a-test\/items\/035189015384166df518a68ede0299a9","id":{"unicity":"30408"}},"terms":{"priceEach":"101.0000","pvEach":"50.0000"},"quantity":1}]}},{"currency":"USD","lines":{"items":[{"item":{"href":"https:\/\/hydraqa.unicity.net\/v5a-test\/items\/bed533c634e887357ff031d8e4c776b0","id":{"unicity":"31751"}},"terms":{"priceEach":"115.0000","pvEach":"50.0000"},"quantity":1}]}},{"currency":"USD","lines":{"items":[{"item":{"href":"https:\/\/hydraqa.unicity.net\/v5a-test\/items\/e5029d0db50d6ea324b5e25f54d82636","id":{"unicity":"31651"}},"terms":{"priceEach":"38.0000","pvEach":"14.0000"},"quantity":1}]}},{"currency":"USD","lines":{"items":[{"item":{"href":"https:\/\/hydraqa.unicity.net\/v5a-test\/items\/c201dcd36f4bb7e17e7a8481ef08d6f2","id":{"unicity":"31518"}},"terms":{"priceEach":"38.0000","pvEach":"14.0000"},"quantity":1}]}},{"currency":"USD","lines":{"items":[{"item":{"href":"https:\/\/hydraqa.unicity.net\/v5a-test\/items\/f5a91f19576078a69f82c9f58805f479","id":{"unicity":"31655"}},"terms":{"priceEach":"38.0000","pvEach":"14.0000"},"quantity":1}]}},{"currency":"USD","lines":{"items":[{"item":{"href":"https:\/\/hydraqa.unicity.net\/v5a-test\/items\/0a3ede185ddf034630afd891c5106d33","id":{"unicity":"26562"}},"terms":{"priceEach":"43.0000","pvEach":"25.0000"},"quantity":1}]}},{"currency":"USD","lines":{"items":[{"item":{"href":"https:\/\/hydraqa.unicity.net\/v5a-test\/items\/4b2034f47fce90b87bba28c5c2d7c25d","id":{"unicity":"15880"}},"terms":{"priceEach":"76.0000","pvEach":"41.0000"},"quantity":1}]}},{"currency":"USD","lines":{"items":[{"item":{"href":"https:\/\/hydraqa.unicity.net\/v5a-test\/items\/3d89c4f7e508dfba4018dc9c732084de","id":{"unicity":"29181"}},"terms":{"priceEach":"30.0000","pvEach":"12.0000"},"quantity":1}]}},{"currency":"USD","lines":{"items":[{"item":{"href":"https:\/\/hydraqa.unicity.net\/v5a-test\/items\/aa0d72ac13b1ce88cf8c4a52ede75a37","id":{"unicity":"26552"}},"terms":{"priceEach":"89.0000","pvEach":"50.0000"},"quantity":1}]}},{"currency":"USD","lines":{"items":[{"item":{"href":"https:\/\/hydraqa.unicity.net\/v5a-test\/items\/5c6f1a39257b63482d454789e4d2035c","id":{"unicity":"26553"}},"terms":{"priceEach":"89.0000","pvEach":"50.0000"},"quantity":1}]}},{"currency":"USD","lines":{"items":[{"item":{"href":"https:\/\/hydraqa.unicity.net\/v5a-test\/items\/8d994059c399f5551ab112574e4476fc","id":{"unicity":"24785"}},"terms":{"priceEach":"18.0000","pvEach":"9.0000"},"quantity":1}]}},{"currency":"USD","lines":{"items":[{"item":{"href":"https:\/\/hydraqa.unicity.net\/v5a-test\/items\/8ed7a8910d5c5335774fa9cfae0e511d","id":{"unicity":"18386"}},"terms":{"priceEach":"35.0000","pvEach":"21.0000"},"quantity":1}]}},{"currency":"USD","lines":{"items":[{"item":{"href":"https:\/\/hydraqa.unicity.net\/v5a-test\/items\/398d06b858b960f6f38086d40608aef2","id":{"unicity":"26560"}},"terms":{"priceEach":"21.0000","pvEach":"12.0000"},"quantity":1}]}},{"currency":"USD","lines":{"items":[{"item":{"href":"https:\/\/hydraqa.unicity.net\/v5a-test\/items\/55d3b550a17b78175cc5ac565e4266e8","id":{"unicity":"24621"}},"terms":{"priceEach":"26.0000","pvEach":"12.0000"},"quantity":1}]}},{"currency":"USD","lines":{"items":[{"item":{"href":"https:\/\/hydraqa.unicity.net\/v5a-test\/items\/bb5c627f16547cb4f706cef521bca356","id":{"unicity":"29437"}},"terms":{"priceEach":"78.0000","pvEach":"36.0000"},"quantity":1}]}},{"currency":"USD","lines":{"items":[{"item":{"href":"https:\/\/hydraqa.unicity.net\/v5a-test\/items\/0e78fbdfebef11cd62f8d2120064ee58","id":{"unicity":"30280"}},"terms":{"priceEach":"52.0000","pvEach":"24.0000"},"quantity":1}]}},{"currency":"USD","lines":{"items":[{"item":{"href":"https:\/\/hydraqa.unicity.net\/v5a-test\/items\/2835b1a78e379486f0ffbfd5fb9f6b0a","id":{"unicity":"30400"}},"terms":{"priceEach":"49.0000","pvEach":"28.0000"},"quantity":1}]}},{"currency":"USD","lines":{"items":[{"item":{"href":"https:\/\/hydraqa.unicity.net\/v5a-test\/items\/84bf86533ae28dc84370f3699cc13a1d","id":{"unicity":"17744"}},"terms":{"priceEach":"127.0000","pvEach":"62.0000"},"quantity":1}]}},{"currency":"USD","lines":{"items":[{"item":{"href":"https:\/\/hydraqa.unicity.net\/v5a-test\/items\/48433ffc76597c823adc2b8627e033e4","id":{"unicity":"26559"}},"terms":{"priceEach":"39.0000","pvEach":"20.0000"},"quantity":1}]}},{"currency":"USD","lines":{"items":[{"item":{"href":"https:\/\/hydraqa.unicity.net\/v5a-test\/items\/5a38f009bec6c23b1b3a70432f9722e5","id":{"unicity":"19596"}},"terms":{"priceEach":"63.0000","pvEach":"30.0000"},"quantity":1}]}},{"currency":"USD","lines":{"items":[{"item":{"href":"https:\/\/hydraqa.unicity.net\/v5a-test\/items\/38da42f991a40a00153b2e5055b82dbf","id":{"unicity":"27801"}},"terms":{"priceEach":"225.0000","pvEach":"130.0000"},"quantity":1}]}},{"currency":"USD","lines":{"items":[{"item":{"href":"https:\/\/hydraqa.unicity.net\/v5a-test\/items\/051e765a5a71835a859c2757edd359f0","id":{"unicity":"26580"}},"terms":{"priceEach":"225.0000","pvEach":"130.0000"},"quantity":1}]}},{"currency":"USD","lines":{"items":[{"item":{"href":"https:\/\/hydraqa.unicity.net\/v5a-test\/items\/11aed902b772de90f113ca8a6379a37c","id":{"unicity":"27951"}},"terms":{"priceEach":"225.0000","pvEach":"130.0000"},"quantity":1}]}},{"currency":"USD","lines":{"items":[{"item":{"href":"https:\/\/hydraqa.unicity.net\/v5a-test\/items\/8c21f026bb6a32624e0c80475bf8efb0","id":{"unicity":"25880"}},"terms":{"priceEach":"43.0000","pvEach":"23.0000"},"quantity":1}]}},{"currency":"USD","lines":{"items":[{"item":{"href":"https:\/\/hydraqa.unicity.net\/v5a-test\/items\/e218d1cac5f31e7ae4f5876c29c57377","id":{"unicity":"29017"}},"terms":{"priceEach":"49.0000","pvEach":"26.0000"},"quantity":1}]}},{"currency":"USD","lines":{"items":[{"item":{"href":"https:\/\/hydraqa.unicity.net\/v5a-test\/items\/24ff5bda40c0d0e7eaa511866d052915","id":{"unicity":"29612"}},"terms":{"priceEach":"61.0000","pvEach":"30.0000"},"quantity":1}]}},{"currency":"USD","lines":{"items":[{"item":{"href":"https:\/\/hydraqa.unicity.net\/v5a-test\/items\/2c4c1abe00983e85aaa918d2ce341491","id":{"unicity":"17174"}},"terms":{"priceEach":"22.0000","pvEach":"10.0000"},"quantity":1}]}},{"currency":"USD","lines":{"items":[{"item":{"href":"https:\/\/hydraqa.unicity.net\/v5a-test\/items\/3f2d12d7a0e8551fc99fad3bbe1ba633","id":{"unicity":"26567"}},"terms":{"priceEach":"70.0000","pvEach":"35.0000"},"quantity":1}]}},{"currency":"USD","lines":{"items":[{"item":{"href":"https:\/\/hydraqa.unicity.net\/v5a-test\/items\/191637167cb3144bd2e8c4615e9ab67e","id":{"unicity":"26568"}},"terms":{"priceEach":"70.0000","pvEach":"35.0000"},"quantity":1}]}},{"currency":"USD","lines":{"items":[{"item":{"href":"https:\/\/hydraqa.unicity.net\/v5a-test\/items\/2cefc6a61faaae3455a5adcb0d8fc74f","id":{"unicity":"15907"}},"terms":{"priceEach":"19.0000","pvEach":"5.0000"},"quantity":1}]}},{"currency":"USD","lines":{"items":[{"item":{"href":"https:\/\/hydraqa.unicity.net\/v5a-test\/items\/e870d73cd94149d9f6b55de9736c9daa","id":{"unicity":"3107"}},"terms":{"priceEach":"31.0000","pvEach":"16.0000"},"quantity":1}]}},{"currency":"USD","lines":{"items":[{"item":{"href":"https:\/\/hydraqa.unicity.net\/v5a-test\/items\/b127a2d34d3d73e2f53e4c2002a7a4a2","id":{"unicity":"25008"}},"terms":{"priceEach":"24.0000","pvEach":"15.0000"},"quantity":1}]}},{"currency":"USD","lines":{"items":[{"item":{"href":"https:\/\/hydraqa.unicity.net\/v5a-test\/items\/dcdf1b79b8b6f644100ffc20fdca4683","id":{"unicity":"27835"}},"terms":{"priceEach":"1891.5000","pvEach":"1000.0000"},"quantity":1}]}},{"currency":"USD","lines":{"items":[{"item":{"href":"https:\/\/hydraqa.unicity.net\/v5a-test\/items\/efe7d99f2b77ea614d624d371afa4244","id":{"unicity":"25543"}},"terms":{"priceEach":"1891.5000","pvEach":"1000.0000"},"quantity":1}]}},{"currency":"USD","lines":{"items":[{"item":{"href":"https:\/\/hydraqa.unicity.net\/v5a-test\/items\/2da06ecf761a87f5619997496b83b745","id":{"unicity":"27831"}},"terms":{"priceEach":"1891.5000","pvEach":"1000.0000"},"quantity":1}]}},{"currency":"USD","lines":{"items":[{"item":{"href":"https:\/\/hydraqa.unicity.net\/v5a-test\/items\/1ab3a5a9b55fdf3618d21bf1d528afe4","id":{"unicity":"25542"}},"terms":{"priceEach":"1891.5000","pvEach":"1000.0000"},"quantity":1}]}},{"currency":"USD","lines":{"items":[{"item":{"href":"https:\/\/hydraqa.unicity.net\/v5a-test\/items\/52f0d3751a2d8f3f3670328e8157de5e","id":{"unicity":"27833"}},"terms":{"priceEach":"1891.5000","pvEach":"1000.0000"},"quantity":1}]}},{"currency":"USD","lines":{"items":[{"item":{"href":"https:\/\/hydraqa.unicity.net\/v5a-test\/items\/1535f370eb06bf30117fa28aa9ab1179","id":{"unicity":"25544"}},"terms":{"priceEach":"1891.5000","pvEach":"1000.0000"},"quantity":1}]}},{"currency":"USD","lines":{"items":[{"item":{"href":"https:\/\/hydraqa.unicity.net\/v5a-test\/items\/87f09080f7a29929816891acef721667","id":{"unicity":"25545"}},"terms":{"priceEach":"1891.5000","pvEach":"1000.0000"},"quantity":1}]}},{"currency":"USD","lines":{"items":[{"item":{"href":"https:\/\/hydraqa.unicity.net\/v5a-test\/items\/991cdbb84a495779eb209fb3956a77e4","id":{"unicity":"29183"}},"terms":{"priceEach":"52.0000","pvEach":"24.0000"},"quantity":1}]}},{"currency":"USD","lines":{"items":[{"item":{"href":"https:\/\/hydraqa.unicity.net\/v5a-test\/items\/cda534d686af5d627c94c4bb2c4b57d8","id":{"unicity":"26561"}},"terms":{"priceEach":"21.0000","pvEach":"11.0000"},"quantity":1}]}},{"currency":"USD","lines":{"items":[{"item":{"href":"https:\/\/hydraqa.unicity.net\/v5a-test\/items\/10da226fab00279b4f89df10af2a10b7","id":{"unicity":"26442"}},"terms":{"priceEach":"8.0000","pvEach":"0.0000"},"quantity":1}]}},{"currency":"USD","lines":{"items":[{"item":{"href":"https:\/\/hydraqa.unicity.net\/v5a-test\/items\/2de8516a24af8232add0bb392e750a71","id":{"unicity":"31859"}},"terms":{"priceEach":"225.0000","pvEach":"130.0000"},"quantity":1}]}},{"currency":"USD","lines":{"items":[{"item":{"href":"https:\/\/hydraqa.unicity.net\/v5a-test\/items\/cf8460040a1860bcabf250b6c1171675","id":{"unicity":"31858"}},"terms":{"priceEach":"330.0000","pvEach":"195.0000"},"quantity":1}]}},{"currency":"USD","lines":{"items":[{"item":{"href":"https:\/\/hydraqa.unicity.net\/v5a-test\/items\/4ab49eca1731e69206ccafb5112ad5a4","id":{"unicity":"31861"}},"terms":{"priceEach":"245.0000","pvEach":"135.0000"},"quantity":1}]}},{"currency":"USD","lines":{"items":[{"item":{"href":"https:\/\/hydraqa.unicity.net\/v5a-test\/items\/d4c8fce238d6fc34d17a4b36d1e4e59a","id":{"unicity":"31860"}},"terms":{"priceEach":"245.0000","pvEach":"135.0000"},"quantity":1}]}},{"currency":"USD","lines":{"items":[{"item":{"href":"https:\/\/hydraqa.unicity.net\/v5a-test\/items\/fd464cd7972cc1317e850b9196d886b8","id":{"unicity":"31863"}},"terms":{"priceEach":"255.0000","pvEach":"148.0000"},"quantity":1}]}},{"currency":"USD","lines":{"items":[{"item":{"href":"https:\/\/hydraqa.unicity.net\/v5a-test\/items\/e47fd287212acedd1cffb2b67bf623bd","id":{"unicity":"31862"}},"terms":{"priceEach":"255.0000","pvEach":"148.0000"},"quantity":1}]}},{"currency":"USD","lines":{"items":[{"item":{"href":"https:\/\/hydraqa.unicity.net\/v5a-test\/items\/024e696f8b44a1d315006e676604cd31","id":{"unicity":"27395"}},"terms":{"priceEach":"32.0000","pvEach":"16.0000"},"quantity":1}]}},{"currency":"USD","lines":{"items":[{"item":{"href":"https:\/\/hydraqa.unicity.net\/v5a-test\/items\/91a6016282310b83203d0bb7bea14a0f","id":{"unicity":"29050"}},"terms":{"priceEach":"14.9500","pvEach":"0.0000"},"quantity":1}]}},{"currency":"USD","lines":{"items":[{"item":{"href":"https:\/\/hydraqa.unicity.net\/v5a-test\/items\/7fc100f8d20814757efe2d79e41b315c","id":{"unicity":"32021"}},"terms":{"priceEach":"104.0000","pvEach":"60.0000"},"quantity":1}]}},{"currency":"USD","lines":{"items":[{"item":{"href":"https:\/\/hydraqa.unicity.net\/v5a-test\/items\/634f7efb30392b2a919de1355902d975","id":{"unicity":"29408"}},"terms":{"priceEach":"99.0000","pvEach":"52.0000"},"quantity":1}]}},{"currency":"USD","lines":{"items":[{"item":{"href":"https:\/\/hydraqa.unicity.net\/v5a-test\/items\/fa2407c91e64e66a72ab45172eb978df","id":{"unicity":"0988"}},"terms":{"priceEach":"47.0000","pvEach":"23.0000"},"quantity":1}]}},{"currency":"USD","lines":{"items":[{"item":{"href":"https:\/\/hydraqa.unicity.net\/v5a-test\/items\/64ec7ad932acafab052a4e8800ad1238","id":{"unicity":"24758"}},"terms":{"priceEach":"40.0000","pvEach":"21.0000"},"quantity":1}]}},{"currency":"USD","lines":{"items":[{"item":{"href":"https:\/\/hydraqa.unicity.net\/v5a-test\/items\/c61892f0a7b7e88054169a31d65d95e0","id":{"unicity":"18373"}},"terms":{"priceEach":"22.0000","pvEach":"10.0000"},"quantity":1}]}},{"currency":"USD","lines":{"items":[{"item":{"href":"https:\/\/hydraqa.unicity.net\/v5a-test\/items\/40a1044968ea62276f4ba87fd2ef0d8f","id":{"unicity":"12230"}},"terms":{"priceEach":"52.0000","pvEach":"18.0000"},"quantity":1}]}},{"currency":"USD","lines":{"items":[{"item":{"href":"https:\/\/hydraqa.unicity.net\/v5a-test\/items\/9ff4257741d464b686d15be955b8afb6","id":{"unicity":"0963"}},"terms":{"priceEach":"54.0000","pvEach":"25.0000"},"quantity":1}]}},{"currency":"USD","lines":{"items":[{"item":{"href":"https:\/\/hydraqa.unicity.net\/v5a-test\/items\/ddef5f478ff91aa2263b646a3bd03dea","id":{"unicity":"21420"}},"terms":{"priceEach":"31.0000","pvEach":"10.0000"},"quantity":1}]}}]}
Entry request : {"order":{"customer":{"href":"https://hydraqa.unicity.net/v5a-test/customers?type=PreferredCustomer"},"shipToAddress":{"country":"US"}},"vary":{"lines":{"items":[{"item":{"href":"https://hydraqa.unicity.net/v5a-test/items?id.unicity=26580|31440|31441|31651|31655|31518|31751|27801|27951|25542|27835|25543|27831|0963|15129|15271|15880|17174|22745|22747|23728|24758|25022|26550|26556|26557|26560|26561|26562|27615|27739|24418|22888|27585|17744|25008|26442|26551|6200|15916|18908|24785|29050|26552|26553|27028|0954|18401|27029|26559|19596|25544|25545|26945|25535|21420|24621|27833|27837|28836|15712|22165|0960|25369|30825|18386|26567|26568|15907|28513|3107|0988|18373|12230|26950|26786|27587|29017|25880|29694|29408|29437|29181|29183|29191|29352|29612|30350|27395|29440|29830|30408|30414|30400|30280|31314|31727|31728|31729|31730|31731|31842|31846|31845|31847|31858|31859|31863|31862|31860|31861|31958|32021|32030|32364|32365|32366|32367|32368|32369|32370|32371|32372|31106|26555"}}]}}}
Request URL: https://hydraqa.unicity.net/v5a-test/customers.js?callback=angular.callbacks._1&expand=customer,profilePicture&id.unicity=36554001
Request URL: https://hydraqa.unicity.net/v5a-test/customers.js?_httpMethod=HEAD&callback=angular.callbacks._4&email=WXIPIQ@gmail.com
Request URL: https://hydraqa.unicity.net/v5a-test/addresses?country=US&zip=84097
Entry response : {"items":[{"city":"Orem","state":"UT"}]}
No Pop UP
{sponsor=36554001, gender=male, city=OREM, cartprice=179.0, enroller=36554001, arpack=Prime Health Pack - Cholesterol, Energy, Vanilla, language=Español, locale=es, type=PreferredCustomer, platform=QA, lname=TestLastName, password=Unicity, genderoption=Masculino, Currency=USD, api=4, state=[UT], email=WXIPIQ@gmail.com, zip=84097, fname=TestFirstName, prefferd=United States, address1=1209 N 800 E, shippingmethod=type=2Days, version=v5a-test/, testcase=normal, market=United States, aritemcode=26580, martial=Married, phone=9823746323, proto=https://hydraqa.unicity.net/, marketcode=US, maritaloption=Casado, ccname=CCNameTest}
Request URL: https://hydraqa.unicity.net/v5a-test/orders.js
Entry request : {"customer":{"mainAddress":{"city":"OREM","country":"US","state":"UT","zip":"84097","address1":"1209 N 800 E","address2":""},"humanName":{"firstName":"TestFirstName","lastName":"TestLastName"},"email":"WXIPIQ@gmail.com","preferredLocale":"es-US","password":{"value":"Unicity"},"gender":"male","maritalStatus":"Married","type":"PreferredCustomer","creditcardaliases":[{"methodDetails":{"creditCardNumber":"4111111111111111","payer":"TestFirstName TestLastName","creditCardExpires":"2020-10"},"billToName":{"firstName":"TestFirstName","lastName":"TestLastName"},"billToAddress":{"address1":"1209 N 800 E","address2":"","city":"OREM","state":"UT","zip":"84097","country":"US"}}],"sponsor":{"href":"https://hydraqa.unicity.net/v5a-test/customers?id.unicity=36554001"},"enroller":{"href":"https://hydraqa.unicity.net/v5a-test/customers?id.unicity=36554001"},"homePhone":"9823746323","autoorders":{"items":[{"recurrence":{"schedule":{"month":"*","dayOfMonth":"5"},"status":"Enabled"},"lines":{"items":[{"item":{"href":"https://hydraqa.unicity.net/v5a-test/items?id.unicity=26580"},"quantity":1}]},"shipToName":{"firstName":"TestFirstName","lastName":"TestLastName"},"shipToPhone":"9823746323","shipToEmail":"WXIPIQ@gmail.com","shipToAddress":{"city":"OREM","country":"US","state":"UT","address1":"1209 N 800 E","address2":"","zip":"84097"},"shippingMethod":{"href":"https://hydraqa.unicity.net/v5a-test/shippingmethods?type=2Days"},"transactions":{"items":[{"amount":"this.terms.total","type":"AuthorizeAndCapture","method":"CreditCardAlias","methodDetails":{"alias":"this.customer.creditcardaliases[0].alias"}}]}}]},"rights":[]},"lines":{"items":[{"item":{"href":"https://hydraqa.unicity.net/v5a-test/items?id.unicity=32030"},"quantity":1}]},"shipToName":{"firstName":"TestFirstName","lastName":"TestLastName"},"shipToPhone":"9823746323","shipToEmail":"WXIPIQ@gmail.com","shipToAddress":{"city":"OREM","country":"US","state":"UT","address1":"1209 N 800 E","address2":"","zip":"84097"},"shippingMethod":{"href":"https://hydraqa.unicity.net/v5a-test/shippingmethods?type=2Days"},"notes":"","transactions":{"items":[{"amount":"this.terms.total","type":"AuthorizeAndCapture","method":"CreditCard","methodDetails":{"creditCardNumber":"4111111111111111","payer":"CCNameTest","creditCardExpires":"2020-10","creditCardSecurityCode":"123"},"billToAddress":{"address1":"1209 N 800 E","address2":"","city":"OREM","state":"UT","zip":"84097","country":"US"}},{"type":"AuthorizeAndCapture","method":"Coupon","methodDetails":{"code":"Fre3Aut0Sh!p"}}]}}
Entry response : {"meta":{"Link":"<http:\/\/unicity.github.io\/Hydra.php\/docs\/v5\/>; rel=\"help\"","X-Request-UUID":"5e966fa4-857f-4d25-9e6e-cb4f3f01eac2","X-Request-Release":"5-2020012701\/master","Cache-Control":"no-cache, must-revalidate","Expires":"0","X-Powered-By":"Luracast Restler v3.0.0rc5","Content-Type":"text\/javascript; charset=utf-8","Content-Language":"en","X-Status-Code":"201"},"data":{"market":"US","notes":"","shippingMethod":{"href":"https:\/\/hydraqa.unicity.net\/v5a-test\/shippingmethods?type=2Days","location":"","type":"2Days"},"shipToAddress":{"country":"US","state":"UT","city":"OREM","zip":"84097","address1":"1209 N 800 E","address2":""},"shipToEmail":"WXIPIQ@gmail.com","shipToName":{"firstName":"TestFirstName","lastName":"TestLastName"},"shipToPhone":"9823746323","shipToTime":"","source":null,"type":null,"lines":{"items":[{"quantity":1,"item":{"href":"https:\/\/hydraqa.unicity.net\/v5a-test\/items?id.unicity=32030","id":{"unicity":"32030"}}}]},"transactions":{"items":[{"amount":200.69,"billToAddress":{"address1":"1209 N 800 E","address2":"","city":"OREM","state":"UT","zip":"84097","country":"US"},"billToEmail":null,"installments":null,"method":"CreditCard","methodDetails":{"creditCardExpires":"2020-10","creditCardNumber":"411111xxxxxx1111","creditCardSecurityCode":"123","payer":"CCNameTest","payerId":null},"type":"AuthorizeAndCapture"}]},"terms":{"discount":{"amount":0},"pretotal":200.69,"tax":{"amount":6.47},"freight":{"amount":15.22},"subtotal":179,"taxableTotal":194.22,"total":200.69,"pv":102},"currency":"USD","dateCreated":"2020-01-27T20:42:31-07:00","customer":{"humanName":{"firstName":"TestFirstName","lastName":"TestLastName"},"mainAddress":{"city":"OREM","country":"US","state":"UT","zip":"84097","address1":"1209 N 800 E","address2":""},"type":"PreferredCustomer","email":"WXIPIQ@gmail.com","gender":"male","password":{"value":"Unicity"},"enroller":{"href":"https:\/\/hydraqa.unicity.net\/v5a-test\/customers\/c8a0f511723643dd5ba719e2e99a32ba82ff3eda31cc639783863e5baba2dbdb","id":{"unicity":36554001},"humanName":{"fullName":"Kent, Clark"},"email":"tyler.cook@unicity.com"},"sponsor":{"href":"https:\/\/hydraqa.unicity.net\/v5a-test\/customers\/c8a0f511723643dd5ba719e2e99a32ba82ff3eda31cc639783863e5baba2dbdb","id":{"unicity":36554001},"humanName":{"fullName":"Kent, Clark"},"email":"tyler.cook@unicity.com"},"homePhone":"9823746323","preferredLocale":"es-US","maritalStatus":"Married","autoorders":{"items":[{"id":{"unicity":"64228"}}]},"rights":[],"status":"Active","id":{"unicity":"8203608"},"href":"https:\/\/hydraqa.unicity.net\/v5a-test\/customers\/2eae765e314f2a55bc97ace569e44a3b","token":"5c1f2947-deff-4eb1-bd8c-f72a3bff9cfc"},"added_transactions":{"items":[]},"taxedAs":"goods","id":{"unicity":"1643195"},"href":"https:\/\/hydraqa.unicity.net\/v5a-test\/orders\/0280af09afb83462b86aa5781f25408b"}}
Headers-->keep-alive
Headers-->2532
Headers-->application/json, text/plain, */*
Headers-->http://enroll.ng.unicityqa.com
Headers-->es-US
]]></system-out>
    <system-err><![CDATA[Starting ChromeDriver 2.36.540470 (e522d04694c7ebea4ba8821272dbef4f9b818c91) on port 26267
Only local connections are allowed.
Jan 27, 2020 8:39:34 PM org.openqa.selenium.remote.ProtocolHandshake createSession
INFO: Detected dialect: OSS
]]></system-err>
  </testcase>
  <testcase name="GetFit" classname="Tests.Fit" time="119.338"/>
  <testcase name="GetFit" classname="Tests.Fit" time="144.542">
    <failure message="Major Legal Type expected [Corporation] but found [null]" type="java.lang.AssertionError">java.lang.AssertionError: Major Legal Type expected [Corporation] but found [null]
	at Tests.Fit.GetFit(Fit.java:70)
</failure>
    <system-out><![CDATA[Start----US-es
Request URL: https://hydraqa.unicity.net/v5a-test/customers.js?callback=angular.callbacks._1&expand=customer,profilePicture&id.unicity=36554001
Request URL: https://hydraqa.unicity.net/v5a-test/addresses?country=US&zip=84097
Entry response : {"items":[{"city":"Orem","state":"UT"}]}
No Pop UP
{sponsor=36554001, gender=female, city=OREM, signature=TestSignature, enroller=36554001, responsedob=1990-08-29, language=Español, locale=es, type=GetFit, platform=QA, lname=TestLastName, password=Unicity, genderoption=Femenino, Currency=USD, api=4, state=[UT], email=ICBCMZ@gmail.com, zip=84097, fname=TestFirstName, prefferd=United States, address1=1209 N 800 E, shippingmethod=type=2Days, version=v5a-test/, testcase=getfit, market=United States, aritemcode=26550, phone=9823746323, dob=08/29/1990, govid=111738387, proto=https://hydraqa.unicity.net/, marketcode=US, ccname=CCNameTest}
Request URL: https://hydraqa.unicity.net/v5a-test/orders.js
Entry request : {"customer":{"mainAddress":{"city":"OREM","country":"US","state":"UT","zip":"84097","address1":"1209 N 800 E","address2":""},"humanName":{"firstName":"TestFirstName","lastName":"TestLastName"},"email":"ICBCMZ@gmail.com","preferredLocale":"es-US","password":{"value":"Unicity"},"gender":"female","maritalStatus":null,"type":"Associate","creditcardaliases":[{"methodDetails":{"creditCardNumber":"4111111111111111","payer":"TestFirstName TestLastName","creditCardExpires":"2020-10"},"billToName":{"firstName":"TestFirstName","lastName":"TestLastName"},"billToAddress":{"address1":"1209 N 800 E","address2":"","city":"OREM","state":"UT","zip":"84097","country":"US"}}],"events":["customer-coach-request"],"sponsor":{"href":"https://hydraqa.unicity.net/v5a-test/customers?id.unicity=36554001"},"enroller":{"href":"https://hydraqa.unicity.net/v5a-test/customers?id.unicity=36554001"},"homePhone":"9823746323","birthDate":"1990-08-29","autoorders":{"items":[{"recurrence":{"schedule":{"month":"*","dayOfMonth":"5"},"status":"Enabled"},"lines":{"items":[{"item":{"href":"https://hydraqa.unicity.net/v5a-test/items?id.unicity=26550"},"quantity":1}]},"shipToName":{"firstName":"TestFirstName","lastName":"TestLastName"},"shipToPhone":"9823746323","shipToEmail":"ICBCMZ@gmail.com","shipToAddress":{"city":"OREM","country":"US","state":"UT","address1":"1209 N 800 E","address2":"","zip":"84097"},"shippingMethod":{"href":"https://hydraqa.unicity.net/v5a-test/shippingmethods?type=2Days"},"transactions":{"items":[{"amount":"this.terms.total","type":"AuthorizeAndCapture","method":"CreditCardAlias","methodDetails":{"alias":"this.customer.creditcardaliases[0].alias"}}]}}]},"rights":[{"holder":"Unicity","type":"SendEmails"}],"signature":{"value":"TestSignature"},"taxTerms":{"taxId":"111738387","taxIdExpires":"2025-12-30"}},"lines":{"items":[{"item":{"href":"https://hydraqa.unicity.net/v5a-test/items?id.unicity=26550"},"quantity":1},{"item":{"href":"https://hydraqa.unicity.net/v5a-test/items?id.unicity=30738"},"quantity":1}]},"shipToName":{"firstName":"TestFirstName","lastName":"TestLastName"},"shipToPhone":"9823746323","shipToEmail":"ICBCMZ@gmail.com","shipToAddress":{"city":"OREM","country":"US","state":"UT","address1":"1209 N 800 E","address2":"","zip":"84097"},"shippingMethod":{"href":"https://hydraqa.unicity.net/v5a-test/shippingmethods?type=2Days"},"notes":"","transactions":{"items":[{"amount":"this.terms.total","type":"AuthorizeAndCapture","method":"CreditCard","methodDetails":{"creditCardNumber":"4111111111111111","payer":"CCNameTest","creditCardExpires":"2020-10","creditCardSecurityCode":"123"},"billToAddress":{"address1":"1209 N 800 E","address2":"","city":"OREM","state":"UT","zip":"84097","country":"US"}},{"type":"AuthorizeAndCapture","method":"Coupon","methodDetails":{"code":"Fre3Aut0Sh!p"}}]}}
Entry response : {"meta":{"Link":"<http:\/\/unicity.github.io\/Hydra.php\/docs\/v5\/>; rel=\"help\"","X-Request-UUID":"f48aba79-82af-40c5-a97c-e57834f54ed2","X-Request-Release":"5-2020012701\/master","Cache-Control":"no-cache, must-revalidate","Expires":"0","X-Powered-By":"Luracast Restler v3.0.0rc5","Content-Type":"text\/javascript; charset=utf-8","Content-Language":"en-US","X-Status-Code":"201"},"data":{"market":"US","notes":"","shippingMethod":{"href":"https:\/\/hydraqa.unicity.net\/v5a-test\/shippingmethods?type=2Days","location":"","type":"2Days"},"shipToAddress":{"country":"US","state":"UT","city":"OREM","zip":"84097","address1":"1209 N 800 E","address2":""},"shipToEmail":"ICBCMZ@gmail.com","shipToName":{"firstName":"TestFirstName","lastName":"TestLastName"},"shipToPhone":"9823746323","shipToTime":"","source":null,"type":null,"lines":{"items":[{"quantity":1,"item":{"href":"https:\/\/hydraqa.unicity.net\/v5a-test\/items?id.unicity=26550","id":{"unicity":"26550"}}},{"quantity":1,"item":{"href":"https:\/\/hydraqa.unicity.net\/v5a-test\/items?id.unicity=30738","id":{"unicity":"30738"}}}]},"transactions":{"items":[{"amount":141.33,"billToAddress":{"address1":"1209 N 800 E","address2":"","city":"OREM","state":"UT","zip":"84097","country":"US"},"billToEmail":null,"installments":null,"method":"CreditCard","methodDetails":{"creditCardExpires":"2020-10","creditCardNumber":"411111xxxxxx1111","creditCardSecurityCode":"123","payer":"CCNameTest","payerId":null},"type":"AuthorizeAndCapture"}]},"terms":{"discount":{"amount":0},"pretotal":141.33,"tax":{"amount":6.38},"freight":{"amount":14.95},"subtotal":120,"taxableTotal":134.95,"total":141.33,"pv":52},"currency":"USD","dateCreated":"2020-01-27T20:47:07-07:00","customer":{"humanName":{"firstName":"TestFirstName","lastName":"TestLastName"},"mainAddress":{"city":"OREM","country":"US","state":"UT","zip":"84097","address1":"1209 N 800 E","address2":""},"type":"Associate","email":"ICBCMZ@gmail.com","taxTerms":{"exemption":null,"taxId":"111738387","taxIdExpires":"2025-12-30"},"signature":{"value":"TestSignature"},"gender":"female","password":{"value":"Unicity"},"enroller":{"href":"https:\/\/hydraqa.unicity.net\/v5a-test\/customers\/c8a0f511723643dd5ba719e2e99a32ba82ff3eda31cc639783863e5baba2dbdb","id":{"unicity":36554001},"humanName":{"fullName":"Kent, Clark"},"email":"tyler.cook@unicity.com"},"sponsor":{"href":"https:\/\/hydraqa.unicity.net\/v5a-test\/customers\/c8a0f511723643dd5ba719e2e99a32ba82ff3eda31cc639783863e5baba2dbdb","id":{"unicity":36554001},"humanName":{"fullName":"Kent, Clark"},"email":"tyler.cook@unicity.com"},"birthDate":"1990-08-29","homePhone":"9823746323","preferredLocale":"es-US","autoorders":{"items":[{"id":{"unicity":"64229"}}]},"rights":[{"holder":"Unicity","type":"SendEmails"}],"events":["customer-coach-request"],"status":"Active","id":{"unicity":"8203708"},"href":"https:\/\/hydraqa.unicity.net\/v5a-test\/customers\/fc84112c878a1ed7c62e46443c3be0d2","token":"8b9e95db-4099-4baf-992b-b24fd2b15323"},"added_transactions":{"items":[]},"taxedAs":"service","id":{"unicity":"1643196"},"href":"https:\/\/hydraqa.unicity.net\/v5a-test\/orders\/fbfbc2de214b308a6fa1486cdb7a4ba1"}}
]]></system-out>
    <system-err><![CDATA[Starting ChromeDriver 2.36.540470 (e522d04694c7ebea4ba8821272dbef4f9b818c91) on port 24485
Only local connections are allowed.
Jan 27, 2020 8:45:07 PM org.openqa.selenium.remote.ProtocolHandshake createSession
INFO: Detected dialect: OSS
]]></system-err>
  </testcase>
  <testcase name="GetFit" classname="Tests.Fit" time="111.493">
    <failure message="Major Legal Type expected [Corporation] but found [null]" type="java.lang.AssertionError">java.lang.AssertionError: Major Legal Type expected [Corporation] but found [null]
	at Tests.Fit.GetFit(Fit.java:70)
</failure>
    <system-out><![CDATA[Start----CA-en
Request URL: https://hydraqa.unicity.net/v5a-test/customers.js?callback=angular.callbacks._1&expand=customer,profilePicture&id.unicity=36554001
Request URL: https://hydraqa.unicity.net/v5a-test/addresses?country=CA&zip=B4V2K4
Entry response : {"items":[{"city":"Bridgewater","state":"NS"}]}
{sponsor=36554001, gender=male, city=BRIDGEWATER, signature=TestSignature, enroller=36554001, responsedob=1991-07-04, language=English, locale=en, type=GetFit, platform=QA, lname=TestLastName, password=Unicity, genderoption=Male, Currency=USD, api=4, state=[NS], email=MGNJZL@gmail.com, zip=B4V2K4, fname=TestFirstName, prefferd=Canada, address2=Address 2, address1=Address 1, shippingmethod=type=Canada Post, version=v5a-test/, testcase=getfit, market=Canada, aritemcode=29147, phone=9823746323, dob=07/04/1991, proto=https://hydraqa.unicity.net/, marketcode=CA, ccname=CCNameTest}
Request URL: https://hydraqa.unicity.net/v5a-test/orders.js
Entry request : {"customer":{"mainAddress":{"city":"BRIDGEWATER","country":"CA","state":"NS","zip":"B4V2K4","address1":"Address 1","address2":"Address 2"},"humanName":{"firstName":"TestFirstName","lastName":"TestLastName"},"email":"MGNJZL@gmail.com","preferredLocale":"en-CA","password":{"value":"Unicity"},"gender":"male","maritalStatus":null,"type":"Associate","creditcardaliases":[{"methodDetails":{"creditCardNumber":"4111111111111111","payer":"TestFirstName TestLastName","creditCardExpires":"2020-10"},"billToName":{"firstName":"TestFirstName","lastName":"TestLastName"},"billToAddress":{"address1":"Address 1","address2":"Address 2","city":"BRIDGEWATER","state":"NS","zip":"B4V2K4","country":"CA"}}],"events":["customer-coach-request"],"sponsor":{"href":"https://hydraqa.unicity.net/v5a-test/customers?id.unicity=36554001"},"enroller":{"href":"https://hydraqa.unicity.net/v5a-test/customers?id.unicity=36554001"},"homePhone":"9823746323","birthDate":"1991-07-04","autoorders":{"items":[{"recurrence":{"schedule":{"month":"*","dayOfMonth":"5"},"status":"Enabled"},"lines":{"items":[{"item":{"href":"https://hydraqa.unicity.net/v5a-test/items?id.unicity=29147"},"quantity":1}]},"shipToName":{"firstName":"TestFirstName","lastName":"TestLastName"},"shipToPhone":"9823746323","shipToEmail":"MGNJZL@gmail.com","shipToAddress":{"city":"BRIDGEWATER","country":"CA","state":"NS","address1":"Address 1","address2":"Address 2","zip":"B4V2K4"},"shippingMethod":{"href":"https://hydraqa.unicity.net/v5a-test/shippingmethods?type=Canada Post"},"transactions":{"items":[{"amount":"this.terms.total","type":"AuthorizeAndCapture","method":"CreditCardAlias","methodDetails":{"alias":"this.customer.creditcardaliases[0].alias"}}]}}]},"rights":[{"holder":"Unicity","type":"SendEmails"}],"signature":{"value":"TestSignature"}},"lines":{"items":[{"item":{"href":"https://hydraqa.unicity.net/v5a-test/items?id.unicity=29147"},"quantity":1},{"item":{"href":"https://hydraqa.unicity.net/v5a-test/items?id.unicity=30738"},"quantity":1}]},"shipToName":{"firstName":"TestFirstName","lastName":"TestLastName"},"shipToPhone":"9823746323","shipToEmail":"MGNJZL@gmail.com","shipToAddress":{"city":"BRIDGEWATER","country":"CA","state":"NS","address1":"Address 1","address2":"Address 2","zip":"B4V2K4"},"shippingMethod":{"href":"https://hydraqa.unicity.net/v5a-test/shippingmethods?type=Canada Post"},"notes":"","transactions":{"items":[{"amount":"this.terms.total","type":"AuthorizeAndCapture","method":"CreditCard","methodDetails":{"creditCardNumber":"4111111111111111","payer":"CCNameTest","creditCardExpires":"2020-10","creditCardSecurityCode":"123"},"billToAddress":{"address1":"Address 1","address2":"Address 2","city":"BRIDGEWATER","state":"NS","zip":"B4V2K4","country":"CA"}},{"type":"AuthorizeAndCapture","method":"Coupon","methodDetails":{"code":"Fre3Aut0Sh!p"}}]}}
Entry response : {"meta":{"Link":"<http:\/\/unicity.github.io\/Hydra.php\/docs\/v5\/>; rel=\"help\"","X-Request-UUID":"3da4f4f3-64bc-4922-99ea-069a09d1ca05","X-Request-Release":"5-2020012701\/master","Cache-Control":"no-cache, must-revalidate","Expires":"0","X-Powered-By":"Luracast Restler v3.0.0rc5","Content-Type":"text\/javascript; charset=utf-8","Content-Language":"en-US","X-Status-Code":"402"},"data":{"error":{"code":402,"message":"Payment Required","error_code":"3009","error_message":"Could not authorize and capture credit card payment. Error#H3H6Q","upstream_error_message":"ACTION 130 IS NOT ALLOWED FOR MERCHANT 8270, IPADDRESS 34.199.186.86"}}}
]]></system-out>
    <system-err><![CDATA[Starting ChromeDriver 2.36.540470 (e522d04694c7ebea4ba8821272dbef4f9b818c91) on port 22094
Only local connections are allowed.
Jan 27, 2020 8:47:38 PM org.openqa.selenium.remote.ProtocolHandshake createSession
INFO: Detected dialect: OSS
]]></system-err>
  </testcase>
  <testcase name="GetFit" classname="Tests.Fit" time="111.659">
    <failure message="Major Legal Type expected [Corporation] but found [null]" type="java.lang.AssertionError">java.lang.AssertionError: Major Legal Type expected [Corporation] but found [null]
	at Tests.Fit.GetFit(Fit.java:70)
</failure>
    <system-out><![CDATA[Start----CA-fr
Request URL: https://hydraqa.unicity.net/v5a-test/customers.js?callback=angular.callbacks._1&expand=customer,profilePicture&id.unicity=36554001
Request URL: https://hydraqa.unicity.net/v5a-test/addresses?country=CA&zip=B4V2K4
Entry response : {"items":[{"city":"Bridgewater","state":"NS"}]}
{sponsor=36554001, gender=female, city=BRIDGEWATER, signature=TestSignature, enroller=36554001, responsedob=1992-07-31, language=Français, locale=fr, type=GetFit, platform=QA, lname=TestLastName, password=Unicity, genderoption=Femme, Currency=USD, api=4, state=[NS], email=RWSEHI@gmail.com, zip=B4V2K4, fname=TestFirstName, prefferd=Canada, address2=Address 2, address1=Address 1, shippingmethod=type=UPS Ground, version=v5a-test/, testcase=getfit, market=Canada, aritemcode=29147, phone=9823746323, dob=07/31/1992, proto=https://hydraqa.unicity.net/, marketcode=CA, ccname=CCNameTest}
Request URL: https://hydraqa.unicity.net/v5a-test/orders.js
Entry request : {"customer":{"mainAddress":{"city":"BRIDGEWATER","country":"CA","state":"NS","zip":"B4V2K4","address1":"Address 1","address2":"Address 2"},"humanName":{"firstName":"TestFirstName","lastName":"TestLastName"},"email":"RWSEHI@gmail.com","preferredLocale":"fr-CA","password":{"value":"Unicity"},"gender":"female","maritalStatus":null,"type":"Associate","creditcardaliases":[{"methodDetails":{"creditCardNumber":"4111111111111111","payer":"TestFirstName TestLastName","creditCardExpires":"2020-10"},"billToName":{"firstName":"TestFirstName","lastName":"TestLastName"},"billToAddress":{"address1":"Address 1","address2":"Address 2","city":"BRIDGEWATER","state":"NS","zip":"B4V2K4","country":"CA"}}],"events":["customer-coach-request"],"sponsor":{"href":"https://hydraqa.unicity.net/v5a-test/customers?id.unicity=36554001"},"enroller":{"href":"https://hydraqa.unicity.net/v5a-test/customers?id.unicity=36554001"},"homePhone":"9823746323","birthDate":"1992-07-31","autoorders":{"items":[{"recurrence":{"schedule":{"month":"*","dayOfMonth":"5"},"status":"Enabled"},"lines":{"items":[{"item":{"href":"https://hydraqa.unicity.net/v5a-test/items?id.unicity=29147"},"quantity":1}]},"shipToName":{"firstName":"TestFirstName","lastName":"TestLastName"},"shipToPhone":"9823746323","shipToEmail":"RWSEHI@gmail.com","shipToAddress":{"city":"BRIDGEWATER","country":"CA","state":"NS","address1":"Address 1","address2":"Address 2","zip":"B4V2K4"},"shippingMethod":{"href":"https://hydraqa.unicity.net/v5a-test/shippingmethods?type=UPS Ground"},"transactions":{"items":[{"amount":"this.terms.total","type":"AuthorizeAndCapture","method":"CreditCardAlias","methodDetails":{"alias":"this.customer.creditcardaliases[0].alias"}}]}}]},"rights":[{"holder":"Unicity","type":"SendEmails"}],"signature":{"value":"TestSignature"}},"lines":{"items":[{"item":{"href":"https://hydraqa.unicity.net/v5a-test/items?id.unicity=29147"},"quantity":1},{"item":{"href":"https://hydraqa.unicity.net/v5a-test/items?id.unicity=30738"},"quantity":1}]},"shipToName":{"firstName":"TestFirstName","lastName":"TestLastName"},"shipToPhone":"9823746323","shipToEmail":"RWSEHI@gmail.com","shipToAddress":{"city":"BRIDGEWATER","country":"CA","state":"NS","address1":"Address 1","address2":"Address 2","zip":"B4V2K4"},"shippingMethod":{"href":"https://hydraqa.unicity.net/v5a-test/shippingmethods?type=UPS Ground"},"notes":"","transactions":{"items":[{"amount":"this.terms.total","type":"AuthorizeAndCapture","method":"CreditCard","methodDetails":{"creditCardNumber":"4111111111111111","payer":"CCNameTest","creditCardExpires":"2020-10","creditCardSecurityCode":"123"},"billToAddress":{"address1":"Address 1","address2":"Address 2","city":"BRIDGEWATER","state":"NS","zip":"B4V2K4","country":"CA"}},{"type":"AuthorizeAndCapture","method":"Coupon","methodDetails":{"code":"Fre3Aut0Sh!p"}}]}}
Entry response : {"meta":{"Link":"<http:\/\/unicity.github.io\/Hydra.php\/docs\/v5\/>; rel=\"help\"","X-Request-UUID":"3c6ec5f4-bebc-4a88-8912-20e61f2371e5","X-Request-Release":"5-2020012701\/master","Cache-Control":"no-cache, must-revalidate","Expires":"0","X-Powered-By":"Luracast Restler v3.0.0rc5","Content-Type":"text\/javascript; charset=utf-8","Content-Language":"en-US","X-Status-Code":"402"},"data":{"error":{"code":402,"message":"Payment Required","error_code":"3009","error_message":"Could not authorize and capture credit card payment. Error#C6D4B","upstream_error_message":"ACTION 130 IS NOT ALLOWED FOR MERCHANT 8270, IPADDRESS 34.199.186.86"}}}
]]></system-out>
    <system-err><![CDATA[Starting ChromeDriver 2.36.540470 (e522d04694c7ebea4ba8821272dbef4f9b818c91) on port 8513
Only local connections are allowed.
Jan 27, 2020 8:49:36 PM org.openqa.selenium.remote.ProtocolHandshake createSession
INFO: Detected dialect: OSS
]]></system-err>
  </testcase>
  <testcase name="GetFit" classname="Tests.Fit" time="154.242">
    <failure message="Major Legal Type expected [Corporation] but found [null]" type="java.lang.AssertionError">java.lang.AssertionError: Major Legal Type expected [Corporation] but found [null]
	at Tests.Fit.GetFit(Fit.java:70)
</failure>
    <system-out><![CDATA[Start----US-en
Request URL: https://hydraqa.unicity.net/v5a-test/customers.js?callback=angular.callbacks._1&expand=customer,profilePicture&id.unicity=36554001
Request URL: https://hydraqa.unicity.net/v5a-test/addresses?country=US&zip=33024
Entry response : {"items":[{"city":"Pembroke Pines","state":"FL"}]}
No Pop UP
{sponsor=36554001, gender=male, city=HOLLYWOOD, signature=TestSignature, enroller=36554001, responsedob=1997-05-06, language=English, locale=en, type=GetFit, platform=QA, lname=TestLastName, password=Unicity, genderoption=Male, Currency=USD, api=4, state=[FL], email=AUCOHE@gmail.com, zip=33024, fname=TestFirstName, prefferd=United States, address1=4209 E STONECREEK, shippingmethod=type=Economy, version=v5a-test/, testcase=getfit, market=United States, aritemcode=26550, phone=9823746323, dob=05/06/1997, govid=760456105, proto=https://hydraqa.unicity.net/, marketcode=US, ccname=CCNameTest}
Request URL: https://hydraqa.unicity.net/v5a-test/orders.js
Entry request : {"customer":{"mainAddress":{"city":"HOLLYWOOD","country":"US","state":"FL","zip":"33024","address1":"4209 E STONECREEK","address2":""},"humanName":{"firstName":"TestFirstName","lastName":"TestLastName"},"email":"AUCOHE@gmail.com","preferredLocale":"en-US","password":{"value":"Unicity"},"gender":"male","maritalStatus":null,"type":"Associate","creditcardaliases":[{"methodDetails":{"creditCardNumber":"4111111111111111","payer":"TestFirstName TestLastName","creditCardExpires":"2020-10"},"billToName":{"firstName":"TestFirstName","lastName":"TestLastName"},"billToAddress":{"address1":"4209 E STONECREEK","address2":"","city":"HOLLYWOOD","state":"FL","zip":"33024","country":"US"}}],"events":["customer-coach-request"],"sponsor":{"href":"https://hydraqa.unicity.net/v5a-test/customers?id.unicity=36554001"},"enroller":{"href":"https://hydraqa.unicity.net/v5a-test/customers?id.unicity=36554001"},"homePhone":"9823746323","birthDate":"1997-05-06","autoorders":{"items":[{"recurrence":{"schedule":{"month":"*","dayOfMonth":"5"},"status":"Enabled"},"lines":{"items":[{"item":{"href":"https://hydraqa.unicity.net/v5a-test/items?id.unicity=26550"},"quantity":1}]},"shipToName":{"firstName":"TestFirstName","lastName":"TestLastName"},"shipToPhone":"9823746323","shipToEmail":"AUCOHE@gmail.com","shipToAddress":{"city":"HOLLYWOOD","country":"US","state":"FL","address1":"4209 E STONECREEK","address2":"","zip":"33024"},"shippingMethod":{"href":"https://hydraqa.unicity.net/v5a-test/shippingmethods?type=Economy"},"transactions":{"items":[{"amount":"this.terms.total","type":"AuthorizeAndCapture","method":"CreditCardAlias","methodDetails":{"alias":"this.customer.creditcardaliases[0].alias"}}]}}]},"rights":[{"holder":"Unicity","type":"SendEmails"}],"signature":{"value":"TestSignature"},"taxTerms":{"taxId":"760456105","taxIdExpires":"2025-12-30"}},"lines":{"items":[{"item":{"href":"https://hydraqa.unicity.net/v5a-test/items?id.unicity=26550"},"quantity":1},{"item":{"href":"https://hydraqa.unicity.net/v5a-test/items?id.unicity=30738"},"quantity":1}]},"shipToName":{"firstName":"TestFirstName","lastName":"TestLastName"},"shipToPhone":"9823746323","shipToEmail":"AUCOHE@gmail.com","shipToAddress":{"city":"HOLLYWOOD","country":"US","state":"FL","address1":"4209 E STONECREEK","address2":"","zip":"33024"},"shippingMethod":{"href":"https://hydraqa.unicity.net/v5a-test/shippingmethods?type=Economy"},"notes":"","transactions":{"items":[{"amount":"this.terms.total","type":"AuthorizeAndCapture","method":"CreditCard","methodDetails":{"creditCardNumber":"4111111111111111","payer":"CCNameTest","creditCardExpires":"2020-10","creditCardSecurityCode":"123"},"billToAddress":{"address1":"4209 E STONECREEK","address2":"","city":"HOLLYWOOD","state":"FL","zip":"33024","country":"US"}},{"type":"AuthorizeAndCapture","method":"Coupon","methodDetails":{"code":"Fre3Aut0Sh!p"}}]}}
Entry response : {"meta":{"Link":"<http:\/\/unicity.github.io\/Hydra.php\/docs\/v5\/>; rel=\"help\"","X-Request-UUID":"b72f8a67-0ee9-4aeb-88fe-66b8852d10f1","X-Request-Release":"5-2020012701\/master","Cache-Control":"no-cache, must-revalidate","Expires":"0","X-Powered-By":"Luracast Restler v3.0.0rc5","Content-Type":"text\/javascript; charset=utf-8","Content-Language":"en-US","X-Status-Code":"201"},"data":{"market":"US","notes":"","shippingMethod":{"href":"https:\/\/hydraqa.unicity.net\/v5a-test\/shippingmethods?type=Economy","location":"","type":"Economy"},"shipToAddress":{"country":"US","state":"FL","city":"HOLLYWOOD","zip":"33024","address1":"4209 E STONECREEK","address2":""},"shipToEmail":"AUCOHE@gmail.com","shipToName":{"firstName":"TestFirstName","lastName":"TestLastName"},"shipToPhone":"9823746323","shipToTime":"","source":null,"type":null,"lines":{"items":[{"quantity":1,"item":{"href":"https:\/\/hydraqa.unicity.net\/v5a-test\/items?id.unicity=26550","id":{"unicity":"26550"}}},{"quantity":1,"item":{"href":"https:\/\/hydraqa.unicity.net\/v5a-test\/items?id.unicity=30738","id":{"unicity":"30738"}}}]},"transactions":{"items":[{"amount":122.8,"billToAddress":{"address1":"4209 E STONECREEK","address2":"","city":"HOLLYWOOD","state":"FL","zip":"33024","country":"US"},"billToEmail":null,"installments":null,"method":"CreditCard","methodDetails":{"creditCardExpires":"2020-10","creditCardNumber":"411111xxxxxx1111","creditCardSecurityCode":"123","payer":"CCNameTest","payerId":null},"type":"AuthorizeAndCapture"}]},"terms":{"discount":{"amount":0},"pretotal":122.8,"tax":{"amount":2.8},"freight":{"amount":0},"subtotal":120,"taxableTotal":120,"total":122.8,"pv":52},"currency":"USD","dateCreated":"2020-01-27T20:53:43-07:00","customer":{"humanName":{"firstName":"TestFirstName","lastName":"TestLastName"},"mainAddress":{"city":"HOLLYWOOD","country":"US","state":"FL","zip":"33024","address1":"4209 E STONECREEK","address2":""},"type":"Associate","email":"AUCOHE@gmail.com","taxTerms":{"exemption":null,"taxId":"760456105","taxIdExpires":"2025-12-30"},"signature":{"value":"TestSignature"},"gender":"male","password":{"value":"Unicity"},"enroller":{"href":"https:\/\/hydraqa.unicity.net\/v5a-test\/customers\/c8a0f511723643dd5ba719e2e99a32ba82ff3eda31cc639783863e5baba2dbdb","id":{"unicity":36554001},"humanName":{"fullName":"Kent, Clark"},"email":"tyler.cook@unicity.com"},"sponsor":{"href":"https:\/\/hydraqa.unicity.net\/v5a-test\/customers\/c8a0f511723643dd5ba719e2e99a32ba82ff3eda31cc639783863e5baba2dbdb","id":{"unicity":36554001},"humanName":{"fullName":"Kent, Clark"},"email":"tyler.cook@unicity.com"},"birthDate":"1997-05-06","homePhone":"9823746323","preferredLocale":"en-US","autoorders":{"items":[{"id":{"unicity":"64230"}}]},"rights":[{"holder":"Unicity","type":"SendEmails"}],"events":["customer-coach-request"],"status":"Active","id":{"unicity":"8204008"},"href":"https:\/\/hydraqa.unicity.net\/v5a-test\/customers\/91fc19470fa1738e2aca7e44a1f51c9c","token":"78238948-22af-406c-a145-45b03dfb2159"},"added_transactions":{"items":[]},"taxedAs":"service","id":{"unicity":"1643199"},"href":"https:\/\/hydraqa.unicity.net\/v5a-test\/orders\/923c65f6e95f59f8edd178f452730993"}}
]]></system-out>
    <system-err><![CDATA[Starting ChromeDriver 2.36.540470 (e522d04694c7ebea4ba8821272dbef4f9b818c91) on port 48039
Only local connections are allowed.
Jan 27, 2020 8:51:34 PM org.openqa.selenium.remote.ProtocolHandshake createSession
INFO: Detected dialect: OSS
]]></system-err>
  </testcase>
  <testcase name="Patient" classname="Tests.PatientPortal" time="198.008">
    <failure message="Major Market expected [US] but found [null]" type="java.lang.AssertionError">java.lang.AssertionError: Major Market expected [US] but found [null]
	at Tests.PatientPortal.Patient(PatientPortal.java:66)
</failure>
    <system-out><![CDATA[Request URL: https://hydraqa.unicity.net/v5a-test/quotes?&expand=item
Entry Quotes response : {"items":[{"currency":"USD","lines":{"items":[{"item":{"href":"https:\/\/hydraqa.unicity.net\/v5a-test\/items\/9a7715e888c94989d898fe4653645721","id":{"unicity":"26550"}},"terms":{"priceEach":"99.0000","pvEach":"52.0000"},"quantity":1}]}},{"currency":"USD","lines":{"items":[{"item":{"href":"https:\/\/hydraqa.unicity.net\/v5a-test\/items\/80a898d805f759925797847a176bf62f","id":{"unicity":"26551"}},"terms":{"priceEach":"99.0000","pvEach":"52.0000"},"quantity":1}]}},{"currency":"USD","lines":{"items":[{"item":{"href":"https:\/\/hydraqa.unicity.net\/v5a-test\/items\/390a7ae70d5669561ecdf7d5cff2671b","id":{"unicity":"15271"}},"terms":{"priceEach":"89.0000","pvEach":"27.0000"},"quantity":1}]}},{"currency":"USD","lines":{"items":[{"item":{"href":"https:\/\/hydraqa.unicity.net\/v5a-test\/items\/933f0856fd8ec1df83c5283dabf4ec3c","id":{"unicity":"6200"}},"terms":{"priceEach":"88.0000","pvEach":"47.0000"},"quantity":1}]}},{"currency":"USD","lines":{"items":[{"item":{"href":"https:\/\/hydraqa.unicity.net\/v5a-test\/items\/0cf62d38e91953b43dcfe88b06f813cb","id":{"unicity":"26557"}},"terms":{"priceEach":"101.0000","pvEach":"61.0000"},"quantity":1}]}},{"currency":"USD","lines":{"items":[{"item":{"href":"https:\/\/hydraqa.unicity.net\/v5a-test\/items\/3af97c67f653253825a9189a27da57d6","id":{"unicity":"26556"}},"terms":{"priceEach":"101.0000","pvEach":"61.0000"},"quantity":1}]}},{"currency":"USD","lines":{"items":[{"item":{"href":"https:\/\/hydraqa.unicity.net\/v5a-test\/items\/9a6e1d094182389c3da8e0a320ff0e00","id":{"unicity":"27585"}},"terms":{"priceEach":"69.0000","pvEach":"33.0000"},"quantity":1}]}},{"currency":"USD","lines":{"items":[{"item":{"href":"https:\/\/hydraqa.unicity.net\/v5a-test\/items\/25eaf64b36ce31368f17ae789fd9ac5b","id":{"unicity":"29694"}},"terms":{"priceEach":"69.0000","pvEach":"33.0000"},"quantity":1}]}},{"currency":"USD","lines":{"items":[{"item":{"href":"https:\/\/hydraqa.unicity.net\/v5a-test\/items\/112b8c39286598b3730f630f371a45f4","id":{"unicity":"27587"}},"terms":{"priceEach":"71.0000","pvEach":"33.0000"},"quantity":1}]}},{"currency":"USD","lines":{"items":[{"item":{"href":"https:\/\/hydraqa.unicity.net\/v5a-test\/items\/1945faa1776541d53120ecfe3c1d8a2b","id":{"unicity":"24418"}},"terms":{"priceEach":"7.0000","pvEach":"0.0000"},"quantity":1}]}},{"currency":"USD","lines":{"items":[{"item":{"href":"https:\/\/hydraqa.unicity.net\/v5a-test\/items\/0a3ede185ddf034630afd891c5106d33","id":{"unicity":"26562"}},"terms":{"priceEach":"43.0000","pvEach":"25.0000"},"quantity":1}]}},{"currency":"USD","lines":{"items":[{"item":{"href":"https:\/\/hydraqa.unicity.net\/v5a-test\/items\/aa0d72ac13b1ce88cf8c4a52ede75a37","id":{"unicity":"26552"}},"terms":{"priceEach":"89.0000","pvEach":"50.0000"},"quantity":1}]}},{"currency":"USD","lines":{"items":[{"item":{"href":"https:\/\/hydraqa.unicity.net\/v5a-test\/items\/5c6f1a39257b63482d454789e4d2035c","id":{"unicity":"26553"}},"terms":{"priceEach":"89.0000","pvEach":"50.0000"},"quantity":1}]}},{"currency":"USD","lines":{"items":[{"item":{"href":"https:\/\/hydraqa.unicity.net\/v5a-test\/items\/8d994059c399f5551ab112574e4476fc","id":{"unicity":"24785"}},"terms":{"priceEach":"18.0000","pvEach":"9.0000"},"quantity":1}]}},{"currency":"USD","lines":{"items":[{"item":{"href":"https:\/\/hydraqa.unicity.net\/v5a-test\/items\/38da42f991a40a00153b2e5055b82dbf","id":{"unicity":"27801"}},"terms":{"priceEach":"225.0000","pvEach":"130.0000"},"quantity":1}]}},{"currency":"USD","lines":{"items":[{"item":{"href":"https:\/\/hydraqa.unicity.net\/v5a-test\/items\/051e765a5a71835a859c2757edd359f0","id":{"unicity":"26580"}},"terms":{"priceEach":"225.0000","pvEach":"130.0000"},"quantity":1}]}},{"currency":"USD","lines":{"items":[{"item":{"href":"https:\/\/hydraqa.unicity.net\/v5a-test\/items\/8c21f026bb6a32624e0c80475bf8efb0","id":{"unicity":"25880"}},"terms":{"priceEach":"43.0000","pvEach":"23.0000"},"quantity":1}]}},{"currency":"USD","lines":{"items":[{"item":{"href":"https:\/\/hydraqa.unicity.net\/v5a-test\/items\/e218d1cac5f31e7ae4f5876c29c57377","id":{"unicity":"29017"}},"terms":{"priceEach":"49.0000","pvEach":"26.0000"},"quantity":1}]}},{"currency":"USD","lines":{"items":[{"item":{"href":"https:\/\/hydraqa.unicity.net\/v5a-test\/items\/b127a2d34d3d73e2f53e4c2002a7a4a2","id":{"unicity":"25008"}},"terms":{"priceEach":"24.0000","pvEach":"15.0000"},"quantity":1}]}},{"currency":"USD","lines":{"items":[{"item":{"href":"https:\/\/hydraqa.unicity.net\/v5a-test\/items\/dcdf1b79b8b6f644100ffc20fdca4683","id":{"unicity":"27835"}},"terms":{"priceEach":"1891.5000","pvEach":"1000.0000"},"quantity":1}]}},{"currency":"USD","lines":{"items":[{"item":{"href":"https:\/\/hydraqa.unicity.net\/v5a-test\/items\/efe7d99f2b77ea614d624d371afa4244","id":{"unicity":"25543"}},"terms":{"priceEach":"1891.5000","pvEach":"1000.0000"},"quantity":1}]}},{"currency":"USD","lines":{"items":[{"item":{"href":"https:\/\/hydraqa.unicity.net\/v5a-test\/items\/2da06ecf761a87f5619997496b83b745","id":{"unicity":"27831"}},"terms":{"priceEach":"1891.5000","pvEach":"1000.0000"},"quantity":1}]}},{"currency":"USD","lines":{"items":[{"item":{"href":"https:\/\/hydraqa.unicity.net\/v5a-test\/items\/1ab3a5a9b55fdf3618d21bf1d528afe4","id":{"unicity":"25542"}},"terms":{"priceEach":"1891.5000","pvEach":"1000.0000"},"quantity":1}]}},{"currency":"USD","lines":{"items":[{"item":{"href":"https:\/\/hydraqa.unicity.net\/v5a-test\/items\/52f0d3751a2d8f3f3670328e8157de5e","id":{"unicity":"27833"}},"terms":{"priceEach":"1891.5000","pvEach":"1000.0000"},"quantity":1}]}},{"currency":"USD","lines":{"items":[{"item":{"href":"https:\/\/hydraqa.unicity.net\/v5a-test\/items\/1535f370eb06bf30117fa28aa9ab1179","id":{"unicity":"25544"}},"terms":{"priceEach":"1891.5000","pvEach":"1000.0000"},"quantity":1}]}},{"currency":"USD","lines":{"items":[{"item":{"href":"https:\/\/hydraqa.unicity.net\/v5a-test\/items\/87f09080f7a29929816891acef721667","id":{"unicity":"25545"}},"terms":{"priceEach":"1891.5000","pvEach":"1000.0000"},"quantity":1}]}},{"currency":"USD","lines":{"items":[{"item":{"href":"https:\/\/hydraqa.unicity.net\/v5a-test\/items\/cda534d686af5d627c94c4bb2c4b57d8","id":{"unicity":"26561"}},"terms":{"priceEach":"21.0000","pvEach":"11.0000"},"quantity":1}]}},{"currency":"USD","lines":{"items":[{"item":{"href":"https:\/\/hydraqa.unicity.net\/v5a-test\/items\/10da226fab00279b4f89df10af2a10b7","id":{"unicity":"26442"}},"terms":{"priceEach":"8.0000","pvEach":"0.0000"},"quantity":1}]}}]}
Entry request : {"order":{"customer":{"href":"https://hydraqa.unicity.net/v5a-test/customers?type=PreferredCustomer"},"shipToAddress":{"country":"US"}},"vary":{"lines":{"items":[{"item":{"href":"https://hydraqa.unicity.net/v5a-test/items?id.unicity=25542|25544|27835|25543|25545|27831|27833|27837|26580|27801|15271|26550|26556|26557|26561|26562|24418|22888|27585|25008|26442|26551|6200|15916|18908|24785|26552|26553|27587|29017|25880|29694"}}]}}}
Request URL: https://hydraqa.unicity.net/v5a-test/customers.js?callback=angular.callbacks._1&expand=customer,profilePicture&id.unicity=36554001
Request URL: https://hydraqa.unicity.net/v5a-test/customers.js?_httpMethod=HEAD&callback=angular.callbacks._4&email=ZNJQSB@gmail.com
Request URL: https://hydraqa.unicity.net/v5a-test/addresses?country=US&zip=33024
Entry response : {"items":[{"city":"Pembroke Pines","state":"FL"}]}
No Pop UP
{sponsor=36554001, gender=female, city=HOLLYWOOD, cartprice=99.0, enroller=36554001, arpack=Aloe Vera, language=English, locale=en, type=PreferredCustomer, platform=QA, lname=TestLastName, password=Unicity, genderoption=Female, Currency=USD, api=4, state=[FL], email=ZNJQSB@gmail.com, zip=33024, fname=TestFirstName, prefferd=United States, address1=4209 E STONECREEK CIR, shippingmethod=type=Economy, version=v5a-test/, testcase=PatientPortal, market=United States, aritemcode=26561, martial=Married, phone=9823746323, proto=https://hydraqa.unicity.net/, marketcode=US, maritaloption=Married, ccname=CCNameTest}
Request URL: https://hydraqa.unicity.net/v5a-test/orders.js
Entry request : {"customer":{"mainAddress":{"city":"HOLLYWOOD","country":"US","state":"FL","zip":"33024","address1":"4209 E STONECREEK CIR","address2":""},"humanName":{"firstName":"TestFirstName","lastName":"TestLastName"},"email":"ZNJQSB@gmail.com","preferredLocale":"en-US","password":{"value":"Unicity"},"gender":"female","maritalStatus":"Married","type":"PreferredCustomer","creditcardaliases":[{"methodDetails":{"creditCardNumber":"4111111111111111","payer":"TestFirstName TestLastName","creditCardExpires":"2020-10"},"billToName":{"firstName":"TestFirstName","lastName":"TestLastName"},"billToAddress":{"address1":"4209 E STONECREEK CIR","address2":"","city":"HOLLYWOOD","state":"FL","zip":"33024","country":"US"}}],"sponsor":{"href":"https://hydraqa.unicity.net/v5a-test/customers?id.unicity=36554001"},"enroller":{"href":"https://hydraqa.unicity.net/v5a-test/customers?id.unicity=36554001"},"homePhone":"9823746323","autoorders":{"items":[{"recurrence":{"schedule":{"month":"*","dayOfMonth":"5"},"status":"Enabled"},"lines":{"items":[{"item":{"href":"https://hydraqa.unicity.net/v5a-test/items?id.unicity=26561"},"quantity":1}]},"shipToName":{"firstName":"TestFirstName","lastName":"TestLastName"},"shipToPhone":"9823746323","shipToEmail":"ZNJQSB@gmail.com","shipToAddress":{"city":"HOLLYWOOD","country":"US","state":"FL","address1":"4209 E STONECREEK CIR","address2":"","zip":"33024"},"shippingMethod":{"href":"https://hydraqa.unicity.net/v5a-test/shippingmethods?type=Economy"},"transactions":{"items":[{"amount":"this.terms.total","type":"AuthorizeAndCapture","method":"CreditCardAlias","methodDetails":{"alias":"this.customer.creditcardaliases[0].alias"}}]}}]},"rights":[]},"lines":{"items":[{"item":{"href":"https://hydraqa.unicity.net/v5a-test/items?id.unicity=26550"},"quantity":1}]},"shipToName":{"firstName":"TestFirstName","lastName":"TestLastName"},"shipToPhone":"9823746323","shipToEmail":"ZNJQSB@gmail.com","shipToAddress":{"city":"HOLLYWOOD","country":"US","state":"FL","address1":"4209 E STONECREEK CIR","address2":"","zip":"33024"},"shippingMethod":{"href":"https://hydraqa.unicity.net/v5a-test/shippingmethods?type=Economy"},"notes":"","transactions":{"items":[{"amount":"this.terms.total","type":"AuthorizeAndCapture","method":"CreditCard","methodDetails":{"creditCardNumber":"4111111111111111","payer":"CCNameTest","creditCardExpires":"2020-10","creditCardSecurityCode":"123"},"billToAddress":{"address1":"4209 E STONECREEK CIR","address2":"","city":"HOLLYWOOD","state":"FL","zip":"33024","country":"US"}},{"type":"AuthorizeAndCapture","method":"Coupon","methodDetails":{"code":"Fre3Aut0Sh!p"}}]}}
Entry response : {"meta":{"Link":"<http:\/\/unicity.github.io\/Hydra.php\/docs\/v5\/>; rel=\"help\"","X-Request-UUID":"6525ab9a-f3cc-440c-b7cd-639c0997b843","X-Request-Release":"5-2020012701\/master","Cache-Control":"no-cache, must-revalidate","Expires":"0","X-Powered-By":"Luracast Restler v3.0.0rc5","Content-Type":"text\/javascript; charset=utf-8","Content-Language":"en-US","X-Status-Code":"402"},"data":{"error":{"code":402,"message":"Payment Required","error_code":"3009","error_message":"Could not authorize and capture credit card payment. Error#P6X3W","upstream_error_message":"Unable to complete the request."}}}
Headers-->keep-alive
Headers-->2608
Headers-->application/json, text/plain, */*
Headers-->http://enroll.ng.unicityqa.com
Headers-->en-US
]]></system-out>
    <system-err><![CDATA[Starting ChromeDriver 2.36.540470 (e522d04694c7ebea4ba8821272dbef4f9b818c91) on port 48792
Only local connections are allowed.
Jan 27, 2020 8:54:15 PM org.openqa.selenium.remote.ProtocolHandshake createSession
INFO: Detected dialect: OSS
]]></system-err>
  </testcase>
  <testcase name="Patient" classname="Tests.PatientPortal" time="191.865">
    <failure message="Major Market expected [US] but found [null]" type="java.lang.AssertionError">java.lang.AssertionError: Major Market expected [US] but found [null]
	at Tests.PatientPortal.Patient(PatientPortal.java:66)
</failure>
    <system-out><![CDATA[Request URL: https://hydraqa.unicity.net/v5a-test/quotes?&expand=item
Entry Quotes response : {"items":[{"currency":"USD","lines":{"items":[{"item":{"href":"https:\/\/hydraqa.unicity.net\/v5a-test\/items\/9a7715e888c94989d898fe4653645721","id":{"unicity":"26550"}},"terms":{"priceEach":"99.0000","pvEach":"52.0000"},"quantity":1}]}},{"currency":"USD","lines":{"items":[{"item":{"href":"https:\/\/hydraqa.unicity.net\/v5a-test\/items\/80a898d805f759925797847a176bf62f","id":{"unicity":"26551"}},"terms":{"priceEach":"99.0000","pvEach":"52.0000"},"quantity":1}]}},{"currency":"USD","lines":{"items":[{"item":{"href":"https:\/\/hydraqa.unicity.net\/v5a-test\/items\/390a7ae70d5669561ecdf7d5cff2671b","id":{"unicity":"15271"}},"terms":{"priceEach":"89.0000","pvEach":"27.0000"},"quantity":1}]}},{"currency":"USD","lines":{"items":[{"item":{"href":"https:\/\/hydraqa.unicity.net\/v5a-test\/items\/933f0856fd8ec1df83c5283dabf4ec3c","id":{"unicity":"6200"}},"terms":{"priceEach":"88.0000","pvEach":"47.0000"},"quantity":1}]}},{"currency":"USD","lines":{"items":[{"item":{"href":"https:\/\/hydraqa.unicity.net\/v5a-test\/items\/0cf62d38e91953b43dcfe88b06f813cb","id":{"unicity":"26557"}},"terms":{"priceEach":"101.0000","pvEach":"61.0000"},"quantity":1}]}},{"currency":"USD","lines":{"items":[{"item":{"href":"https:\/\/hydraqa.unicity.net\/v5a-test\/items\/3af97c67f653253825a9189a27da57d6","id":{"unicity":"26556"}},"terms":{"priceEach":"101.0000","pvEach":"61.0000"},"quantity":1}]}},{"currency":"USD","lines":{"items":[{"item":{"href":"https:\/\/hydraqa.unicity.net\/v5a-test\/items\/9a6e1d094182389c3da8e0a320ff0e00","id":{"unicity":"27585"}},"terms":{"priceEach":"69.0000","pvEach":"33.0000"},"quantity":1}]}},{"currency":"USD","lines":{"items":[{"item":{"href":"https:\/\/hydraqa.unicity.net\/v5a-test\/items\/25eaf64b36ce31368f17ae789fd9ac5b","id":{"unicity":"29694"}},"terms":{"priceEach":"69.0000","pvEach":"33.0000"},"quantity":1}]}},{"currency":"USD","lines":{"items":[{"item":{"href":"https:\/\/hydraqa.unicity.net\/v5a-test\/items\/112b8c39286598b3730f630f371a45f4","id":{"unicity":"27587"}},"terms":{"priceEach":"71.0000","pvEach":"33.0000"},"quantity":1}]}},{"currency":"USD","lines":{"items":[{"item":{"href":"https:\/\/hydraqa.unicity.net\/v5a-test\/items\/1945faa1776541d53120ecfe3c1d8a2b","id":{"unicity":"24418"}},"terms":{"priceEach":"7.0000","pvEach":"0.0000"},"quantity":1}]}},{"currency":"USD","lines":{"items":[{"item":{"href":"https:\/\/hydraqa.unicity.net\/v5a-test\/items\/0a3ede185ddf034630afd891c5106d33","id":{"unicity":"26562"}},"terms":{"priceEach":"43.0000","pvEach":"25.0000"},"quantity":1}]}},{"currency":"USD","lines":{"items":[{"item":{"href":"https:\/\/hydraqa.unicity.net\/v5a-test\/items\/aa0d72ac13b1ce88cf8c4a52ede75a37","id":{"unicity":"26552"}},"terms":{"priceEach":"89.0000","pvEach":"50.0000"},"quantity":1}]}},{"currency":"USD","lines":{"items":[{"item":{"href":"https:\/\/hydraqa.unicity.net\/v5a-test\/items\/5c6f1a39257b63482d454789e4d2035c","id":{"unicity":"26553"}},"terms":{"priceEach":"89.0000","pvEach":"50.0000"},"quantity":1}]}},{"currency":"USD","lines":{"items":[{"item":{"href":"https:\/\/hydraqa.unicity.net\/v5a-test\/items\/8d994059c399f5551ab112574e4476fc","id":{"unicity":"24785"}},"terms":{"priceEach":"18.0000","pvEach":"9.0000"},"quantity":1}]}},{"currency":"USD","lines":{"items":[{"item":{"href":"https:\/\/hydraqa.unicity.net\/v5a-test\/items\/38da42f991a40a00153b2e5055b82dbf","id":{"unicity":"27801"}},"terms":{"priceEach":"225.0000","pvEach":"130.0000"},"quantity":1}]}},{"currency":"USD","lines":{"items":[{"item":{"href":"https:\/\/hydraqa.unicity.net\/v5a-test\/items\/051e765a5a71835a859c2757edd359f0","id":{"unicity":"26580"}},"terms":{"priceEach":"225.0000","pvEach":"130.0000"},"quantity":1}]}},{"currency":"USD","lines":{"items":[{"item":{"href":"https:\/\/hydraqa.unicity.net\/v5a-test\/items\/8c21f026bb6a32624e0c80475bf8efb0","id":{"unicity":"25880"}},"terms":{"priceEach":"43.0000","pvEach":"23.0000"},"quantity":1}]}},{"currency":"USD","lines":{"items":[{"item":{"href":"https:\/\/hydraqa.unicity.net\/v5a-test\/items\/e218d1cac5f31e7ae4f5876c29c57377","id":{"unicity":"29017"}},"terms":{"priceEach":"49.0000","pvEach":"26.0000"},"quantity":1}]}},{"currency":"USD","lines":{"items":[{"item":{"href":"https:\/\/hydraqa.unicity.net\/v5a-test\/items\/b127a2d34d3d73e2f53e4c2002a7a4a2","id":{"unicity":"25008"}},"terms":{"priceEach":"24.0000","pvEach":"15.0000"},"quantity":1}]}},{"currency":"USD","lines":{"items":[{"item":{"href":"https:\/\/hydraqa.unicity.net\/v5a-test\/items\/dcdf1b79b8b6f644100ffc20fdca4683","id":{"unicity":"27835"}},"terms":{"priceEach":"1891.5000","pvEach":"1000.0000"},"quantity":1}]}},{"currency":"USD","lines":{"items":[{"item":{"href":"https:\/\/hydraqa.unicity.net\/v5a-test\/items\/efe7d99f2b77ea614d624d371afa4244","id":{"unicity":"25543"}},"terms":{"priceEach":"1891.5000","pvEach":"1000.0000"},"quantity":1}]}},{"currency":"USD","lines":{"items":[{"item":{"href":"https:\/\/hydraqa.unicity.net\/v5a-test\/items\/2da06ecf761a87f5619997496b83b745","id":{"unicity":"27831"}},"terms":{"priceEach":"1891.5000","pvEach":"1000.0000"},"quantity":1}]}},{"currency":"USD","lines":{"items":[{"item":{"href":"https:\/\/hydraqa.unicity.net\/v5a-test\/items\/1ab3a5a9b55fdf3618d21bf1d528afe4","id":{"unicity":"25542"}},"terms":{"priceEach":"1891.5000","pvEach":"1000.0000"},"quantity":1}]}},{"currency":"USD","lines":{"items":[{"item":{"href":"https:\/\/hydraqa.unicity.net\/v5a-test\/items\/52f0d3751a2d8f3f3670328e8157de5e","id":{"unicity":"27833"}},"terms":{"priceEach":"1891.5000","pvEach":"1000.0000"},"quantity":1}]}},{"currency":"USD","lines":{"items":[{"item":{"href":"https:\/\/hydraqa.unicity.net\/v5a-test\/items\/1535f370eb06bf30117fa28aa9ab1179","id":{"unicity":"25544"}},"terms":{"priceEach":"1891.5000","pvEach":"1000.0000"},"quantity":1}]}},{"currency":"USD","lines":{"items":[{"item":{"href":"https:\/\/hydraqa.unicity.net\/v5a-test\/items\/87f09080f7a29929816891acef721667","id":{"unicity":"25545"}},"terms":{"priceEach":"1891.5000","pvEach":"1000.0000"},"quantity":1}]}},{"currency":"USD","lines":{"items":[{"item":{"href":"https:\/\/hydraqa.unicity.net\/v5a-test\/items\/cda534d686af5d627c94c4bb2c4b57d8","id":{"unicity":"26561"}},"terms":{"priceEach":"21.0000","pvEach":"11.0000"},"quantity":1}]}},{"currency":"USD","lines":{"items":[{"item":{"href":"https:\/\/hydraqa.unicity.net\/v5a-test\/items\/10da226fab00279b4f89df10af2a10b7","id":{"unicity":"26442"}},"terms":{"priceEach":"8.0000","pvEach":"0.0000"},"quantity":1}]}}]}
Entry request : {"order":{"customer":{"href":"https://hydraqa.unicity.net/v5a-test/customers?type=PreferredCustomer"},"shipToAddress":{"country":"US"}},"vary":{"lines":{"items":[{"item":{"href":"https://hydraqa.unicity.net/v5a-test/items?id.unicity=25542|25544|27835|25543|25545|27831|27833|27837|26580|27801|15271|26550|26556|26557|26561|26562|24418|22888|27585|25008|26442|26551|6200|15916|18908|24785|26552|26553|27587|29017|25880|29694"}}]}}}
Request URL: https://hydraqa.unicity.net/v5a-test/customers.js?callback=angular.callbacks._1&expand=customer,profilePicture&id.unicity=36554001
Request URL: https://hydraqa.unicity.net/v5a-test/customers.js?_httpMethod=HEAD&callback=angular.callbacks._4&email=YPVGLT@gmail.com
Request URL: https://hydraqa.unicity.net/v5a-test/addresses?country=US&zip=84097
Entry response : {"items":[{"city":"Orem","state":"UT"}]}
No Pop UP
{sponsor=36554001, gender=female, city=OREM, cartprice=324.0, enroller=36554001, arpack=Aloe Vera, language=Español, locale=es, type=PreferredCustomer, platform=QA, lname=TestLastName, password=Unicity, genderoption=Femenino, Currency=USD, api=4, state=[UT], email=YPVGLT@gmail.com, zip=84097, fname=TestFirstName, prefferd=United States, address1=1209 N 800 E, shippingmethod=type=3Days, version=v5a-test/, testcase=PatientPortal, market=United States, aritemcode=26561, martial=Single, phone=9823746323, proto=https://hydraqa.unicity.net/, marketcode=US, maritaloption=Soltero, ccname=CCNameTest}
Request URL: https://hydraqa.unicity.net/v5a-test/orders.js
Entry request : {"customer":{"mainAddress":{"city":"OREM","country":"US","state":"UT","zip":"84097","address1":"1209 N 800 E","address2":""},"humanName":{"firstName":"TestFirstName","lastName":"TestLastName"},"email":"YPVGLT@gmail.com","preferredLocale":"es-US","password":{"value":"Unicity"},"gender":"female","maritalStatus":"Single","type":"PreferredCustomer","creditcardaliases":[{"methodDetails":{"creditCardNumber":"4111111111111111","payer":"TestFirstName TestLastName","creditCardExpires":"2020-10"},"billToName":{"firstName":"TestFirstName","lastName":"TestLastName"},"billToAddress":{"address1":"1209 N 800 E","address2":"","city":"OREM","state":"UT","zip":"84097","country":"US"}}],"sponsor":{"href":"https://hydraqa.unicity.net/v5a-test/customers?id.unicity=36554001"},"enroller":{"href":"https://hydraqa.unicity.net/v5a-test/customers?id.unicity=36554001"},"homePhone":"9823746323","autoorders":{"items":[{"recurrence":{"schedule":{"month":"*","dayOfMonth":"5"},"status":"Enabled"},"lines":{"items":[{"item":{"href":"https://hydraqa.unicity.net/v5a-test/items?id.unicity=26561"},"quantity":1}]},"shipToName":{"firstName":"TestFirstName","lastName":"TestLastName"},"shipToPhone":"9823746323","shipToEmail":"YPVGLT@gmail.com","shipToAddress":{"city":"OREM","country":"US","state":"UT","address1":"1209 N 800 E","address2":"","zip":"84097"},"shippingMethod":{"href":"https://hydraqa.unicity.net/v5a-test/shippingmethods?type=3Days"},"transactions":{"items":[{"amount":"this.terms.total","type":"AuthorizeAndCapture","method":"CreditCardAlias","methodDetails":{"alias":"this.customer.creditcardaliases[0].alias"}}]}}]},"rights":[]},"lines":{"items":[{"item":{"href":"https://hydraqa.unicity.net/v5a-test/items?id.unicity=26550"},"quantity":1},{"item":{"href":"https://hydraqa.unicity.net/v5a-test/items?id.unicity=27801"},"quantity":1}]},"shipToName":{"firstName":"TestFirstName","lastName":"TestLastName"},"shipToPhone":"9823746323","shipToEmail":"YPVGLT@gmail.com","shipToAddress":{"city":"OREM","country":"US","state":"UT","address1":"1209 N 800 E","address2":"","zip":"84097"},"shippingMethod":{"href":"https://hydraqa.unicity.net/v5a-test/shippingmethods?type=3Days"},"notes":"","transactions":{"items":[{"amount":"this.terms.total","type":"AuthorizeAndCapture","method":"CreditCard","methodDetails":{"creditCardNumber":"4111111111111111","payer":"CCNameTest","creditCardExpires":"2020-10","creditCardSecurityCode":"123"},"billToAddress":{"address1":"1209 N 800 E","address2":"","city":"OREM","state":"UT","zip":"84097","country":"US"}},{"type":"AuthorizeAndCapture","method":"Coupon","methodDetails":{"code":"Fre3Aut0Sh!p"}}]}}
Entry response : {"meta":{"Link":"<http:\/\/unicity.github.io\/Hydra.php\/docs\/v5\/>; rel=\"help\"","X-Request-UUID":"e4c4e4df-dce4-48a2-b0b4-c04df70c0a52","X-Request-Release":"5-2020012701\/master","Cache-Control":"no-cache, must-revalidate","Expires":"0","X-Powered-By":"Luracast Restler v3.0.0rc5","Content-Type":"text\/javascript; charset=utf-8","Content-Language":"en","X-Status-Code":"402"},"data":{"error":{"code":402,"message":"Payment Required","error_code":"3009","error_message":"Could not authorize and capture credit card payment. Error#H4X6H","upstream_error_message":"Unable to complete the request."}}}
Headers-->keep-alive
Headers-->2626
Headers-->application/json, text/plain, */*
Headers-->http://enroll.ng.unicityqa.com
Headers-->es-US
]]></system-out>
    <system-err><![CDATA[Starting ChromeDriver 2.36.540470 (e522d04694c7ebea4ba8821272dbef4f9b818c91) on port 4151
Only local connections are allowed.
Jan 27, 2020 8:57:40 PM org.openqa.selenium.remote.ProtocolHandshake createSession
INFO: Detected dialect: OSS
]]></system-err>
  </testcase>
  <testcase name="Patient" classname="Tests.PatientPortal" time="164.886">
    <failure message="Major Market expected [CA] but found [null]" type="java.lang.AssertionError">java.lang.AssertionError: Major Market expected [CA] but found [null]
	at Tests.PatientPortal.Patient(PatientPortal.java:66)
</failure>
    <system-out><![CDATA[Request URL: https://hydraqa.unicity.net/v5a-test/quotes?&expand=item
Entry Quotes response : {"items":[{"currency":"CAD","lines":{"items":[{"item":{"href":"https:\/\/hydraqa.unicity.net\/v5a-test\/items\/7dcb8a849a987dc38e872146cc3ee537","id":{"unicity":"27185"}},"terms":{"priceEach":"1995.0000","pvEach":"1000.0000"},"quantity":1}]}},{"currency":"CAD","lines":{"items":[{"item":{"href":"https:\/\/hydraqa.unicity.net\/v5a-test\/items\/dad64fe505c34e906dad58cc9d6b0213","id":{"unicity":"27183"}},"terms":{"priceEach":"1995.0000","pvEach":"1000.0000"},"quantity":1}]}},{"currency":"CAD","lines":{"items":[{"item":{"href":"https:\/\/hydraqa.unicity.net\/v5a-test\/items\/581848fdf2bd6cdafbedf9735f46eb17","id":{"unicity":"27182"}},"terms":{"priceEach":"1995.0000","pvEach":"1000.0000"},"quantity":1}]}},{"currency":"CAD","lines":{"items":[{"item":{"href":"https:\/\/hydraqa.unicity.net\/v5a-test\/items\/5e53a07a3c37f90fa4fbb21b19b06cac","id":{"unicity":"27184"}},"terms":{"priceEach":"1995.0000","pvEach":"1000.0000"},"quantity":1}]}},{"currency":"CAD","lines":{"items":[{"item":{"href":"https:\/\/hydraqa.unicity.net\/v5a-test\/items\/1945faa1776541d53120ecfe3c1d8a2b","id":{"unicity":"24418"}},"terms":{"priceEach":"6.0000","pvEach":"0.0000"},"quantity":1}]}},{"currency":"CAD","lines":{"items":[{"item":{"href":"https:\/\/hydraqa.unicity.net\/v5a-test\/items\/2ffc1563d3d0fd7121ca5b1c2184988e","id":{"unicity":"28428"}},"terms":{"priceEach":"111.0000","pvEach":"62.0000"},"quantity":1}]}},{"currency":"CAD","lines":{"items":[{"item":{"href":"https:\/\/hydraqa.unicity.net\/v5a-test\/items\/637af131553f5822bef2bb0f0577b2e9","id":{"unicity":"28160"}},"terms":{"priceEach":"118.0000","pvEach":"62.0000"},"quantity":1}]}},{"currency":"CAD","lines":{"items":[{"item":{"href":"https:\/\/hydraqa.unicity.net\/v5a-test\/items\/dd619e405d660b27ccf73ce78079e1d9","id":{"unicity":"28325"}},"terms":{"priceEach":"1995.0000","pvEach":"1000.0000"},"quantity":1}]}},{"currency":"CAD","lines":{"items":[{"item":{"href":"https:\/\/hydraqa.unicity.net\/v5a-test\/items\/1785a19a6bf5472c7c1ded08cb7fd083","id":{"unicity":"28326"}},"terms":{"priceEach":"1995.0000","pvEach":"1000.0000"},"quantity":1}]}},{"currency":"CAD","lines":{"items":[{"item":{"href":"https:\/\/hydraqa.unicity.net\/v5a-test\/items\/4b1b6b6007d154296fd6c4044c789f67","id":{"unicity":"28329"}},"terms":{"priceEach":"284.0000","pvEach":"150.0000"},"quantity":1}]}},{"currency":"CAD","lines":{"items":[{"item":{"href":"https:\/\/hydraqa.unicity.net\/v5a-test\/items\/bb1a7c3a2902e2cbc4cb2a22fdf1f499","id":{"unicity":"26993"}},"terms":{"priceEach":"284.0000","pvEach":"150.0000"},"quantity":1}]}},{"currency":"CAD","lines":{"items":[{"item":{"href":"https:\/\/hydraqa.unicity.net\/v5a-test\/items\/8407b62b9c4120aa3dfe25c9feb76e4a","id":{"unicity":"28591"}},"terms":{"priceEach":"24.0000","pvEach":"15.0000"},"quantity":1}]}},{"currency":"CAD","lines":{"items":[{"item":{"href":"https:\/\/hydraqa.unicity.net\/v5a-test\/items\/c4744f6ba328b983bfffc7e1e4416ff3","id":{"unicity":"26565"}},"terms":{"priceEach":"117.0000","pvEach":"64.0000"},"quantity":1}]}},{"currency":"CAD","lines":{"items":[{"item":{"href":"https:\/\/hydraqa.unicity.net\/v5a-test\/items\/10da226fab00279b4f89df10af2a10b7","id":{"unicity":"26442"}},"terms":{"priceEach":"10.0000","pvEach":"0.0000"},"quantity":1}]}},{"currency":"CAD","lines":{"items":[{"item":{"href":"https:\/\/hydraqa.unicity.net\/v5a-test\/items\/576e0ebc8d1f5b26fc89bf3cd47a26c6","id":{"unicity":"26572"}},"terms":{"priceEach":"110.0000","pvEach":"56.0000"},"quantity":1}]}},{"currency":"CAD","lines":{"items":[{"item":{"href":"https:\/\/hydraqa.unicity.net\/v5a-test\/items\/60b5ca15c481444657970edde11b04ce","id":{"unicity":"26571"}},"terms":{"priceEach":"110.0000","pvEach":"56.0000"},"quantity":1}]}},{"currency":"CAD","lines":{"items":[{"item":{"href":"https:\/\/hydraqa.unicity.net\/v5a-test\/items\/e77144fa2fcf6a4dc73c15b4d615c1aa","id":{"unicity":"28437"}},"terms":{"priceEach":"85.0000","pvEach":"33.0000"},"quantity":1}]}},{"currency":"CAD","lines":{"items":[{"item":{"href":"https:\/\/hydraqa.unicity.net\/v5a-test\/items\/46ea1edabdcf18f49817c437346958eb","id":{"unicity":"29147"}},"terms":{"priceEach":"85.0000","pvEach":"33.0000"},"quantity":1}]}}]}
Entry request : {"order":{"customer":{"href":"https://hydraqa.unicity.net/v5a-test/customers?type=PreferredCustomer"},"shipToAddress":{"country":"CA"}},"vary":{"lines":{"items":[{"item":{"href":"https://hydraqa.unicity.net/v5a-test/items?id.unicity=27182|27183|27184|27185|28325|28326|28327|28328|26993|26995|26996|28329|28331|28332|24418|29147|28437|28591|26442|28370|26572|26571|28428|28160|26565"}}]}}}
Request URL: https://hydraqa.unicity.net/v5a-test/customers.js?callback=angular.callbacks._1&expand=customer,profilePicture&id.unicity=36554001
Request URL: https://hydraqa.unicity.net/v5a-test/customers.js?_httpMethod=HEAD&callback=angular.callbacks._4&email=CHYLWY@gmail.com
Request URL: https://hydraqa.unicity.net/v5a-test/addresses?country=CA&zip=B4V2K4
Entry response : {"items":[{"city":"Bridgewater","state":"NS"}]}
{sponsor=36554001, gender=male, city=BRIDGEWATER, cartprice=294.0, enroller=36554001, arpack=Balance Cholesterol, language=English, locale=en, type=PreferredCustomer, platform=QA, lname=TestLastName, password=Unicity, genderoption=Male, Currency=USD, api=4, state=[NS], email=CHYLWY@gmail.com, zip=B4V2K4, fname=TestFirstName, prefferd=Canada, address2=Address 2, address1=Address 1, shippingmethod=type=Canada Post, version=v5a-test/, testcase=PatientPortal, market=Canada, aritemcode=26565, martial=Married, phone=9823746323, proto=https://hydraqa.unicity.net/, marketcode=CA, maritaloption=Married, ccname=CCNameTest}
Request URL: https://hydraqa.unicity.net/v5a-test/orders.js
Entry request : {"customer":{"mainAddress":{"city":"BRIDGEWATER","country":"CA","state":"NS","zip":"B4V2K4","address1":"Address 1","address2":"Address 2"},"humanName":{"firstName":"TestFirstName","lastName":"TestLastName"},"email":"CHYLWY@gmail.com","preferredLocale":"en-CA","password":{"value":"Unicity"},"gender":"male","maritalStatus":"Married","type":"PreferredCustomer","creditcardaliases":[{"methodDetails":{"creditCardNumber":"4111111111111111","payer":"TestFirstName TestLastName","creditCardExpires":"2020-10"},"billToName":{"firstName":"TestFirstName","lastName":"TestLastName"},"billToAddress":{"address1":"Address 1","address2":"Address 2","city":"BRIDGEWATER","state":"NS","zip":"B4V2K4","country":"CA"}}],"sponsor":{"href":"https://hydraqa.unicity.net/v5a-test/customers?id.unicity=36554001"},"enroller":{"href":"https://hydraqa.unicity.net/v5a-test/customers?id.unicity=36554001"},"homePhone":"9823746323","autoorders":{"items":[{"recurrence":{"schedule":{"month":"*","dayOfMonth":"5"},"status":"Enabled"},"lines":{"items":[{"item":{"href":"https://hydraqa.unicity.net/v5a-test/items?id.unicity=26565"},"quantity":1}]},"shipToName":{"firstName":"TestFirstName","lastName":"TestLastName"},"shipToPhone":"9823746323","shipToEmail":"CHYLWY@gmail.com","shipToAddress":{"city":"BRIDGEWATER","country":"CA","state":"NS","address1":"Address 1","address2":"Address 2","zip":"B4V2K4"},"shippingMethod":{"href":"https://hydraqa.unicity.net/v5a-test/shippingmethods?type=Canada Post"},"transactions":{"items":[{"amount":"this.terms.total","type":"AuthorizeAndCapture","method":"CreditCardAlias","methodDetails":{"alias":"this.customer.creditcardaliases[0].alias"}}]}}]},"rights":[]},"lines":{"items":[{"item":{"href":"https://hydraqa.unicity.net/v5a-test/items?id.unicity=26442"},"quantity":1},{"item":{"href":"https://hydraqa.unicity.net/v5a-test/items?id.unicity=28329"},"quantity":1}]},"shipToName":{"firstName":"TestFirstName","lastName":"TestLastName"},"shipToPhone":"9823746323","shipToEmail":"CHYLWY@gmail.com","shipToAddress":{"city":"BRIDGEWATER","country":"CA","state":"NS","address1":"Address 1","address2":"Address 2","zip":"B4V2K4"},"shippingMethod":{"href":"https://hydraqa.unicity.net/v5a-test/shippingmethods?type=Canada Post"},"notes":"","transactions":{"items":[{"amount":"this.terms.total","type":"AuthorizeAndCapture","method":"CreditCard","methodDetails":{"creditCardNumber":"4111111111111111","payer":"CCNameTest","creditCardExpires":"2020-10","creditCardSecurityCode":"123"},"billToAddress":{"address1":"Address 1","address2":"Address 2","city":"BRIDGEWATER","state":"NS","zip":"B4V2K4","country":"CA"}},{"type":"AuthorizeAndCapture","method":"Coupon","methodDetails":{"code":"Fre3Aut0Sh!p"}}]}}
Entry response : {"meta":{"Link":"<http:\/\/unicity.github.io\/Hydra.php\/docs\/v5\/>; rel=\"help\"","X-Request-UUID":"b1b5e705-9e0a-48f7-a582-7a6ab485eb00","X-Request-Release":"5-2020012701\/master","Cache-Control":"no-cache, must-revalidate","Expires":"0","X-Powered-By":"Luracast Restler v3.0.0rc5","Content-Type":"text\/javascript; charset=utf-8","Content-Language":"en","X-Status-Code":"402"},"data":{"error":{"code":402,"message":"Payment Required","error_code":"3009","error_message":"Could not authorize and capture credit card payment. Error#A6C4A","upstream_error_message":"ACTION 130 IS NOT ALLOWED FOR MERCHANT 8270, IPADDRESS 34.199.186.86"}}}
Headers-->keep-alive
Headers-->2707
Headers-->application/json, text/plain, */*
Headers-->http://enroll.ng.unicityqa.com
Headers-->en-CA
]]></system-out>
    <system-err><![CDATA[Starting ChromeDriver 2.36.540470 (e522d04694c7ebea4ba8821272dbef4f9b818c91) on port 25797
Only local connections are allowed.
Jan 27, 2020 9:01:00 PM org.openqa.selenium.remote.ProtocolHandshake createSession
INFO: Detected dialect: OSS
]]></system-err>
  </testcase>
  <testcase name="Patient" classname="Tests.PatientPortal" time="141.154">
    <failure message="Minor Summary Labels is Displaying expected [[Résumé d&apos;inscription, Paramètres d&apos;inscription, À Propos de Vous, Votre Adresse de livraison/Adresse principale, Votre Adresse de Facturation, Votre conditions de vente, Résumé]] but found [[des informations de carte de crédit, Votre Adresse de Facturation, Adresse de livraison/Adresse principale, méthode d&apos;expédition, Résumé]]" type="java.lang.AssertionError">java.lang.AssertionError: Minor Summary Labels is Displaying expected [[Résumé d'inscription, Paramètres d'inscription, À Propos de Vous, Votre Adresse de livraison/Adresse principale, Votre Adresse de Facturation, Votre conditions de vente, Résumé]] but found [[des informations de carte de crédit, Votre Adresse de Facturation, Adresse de livraison/Adresse principale, méthode d'expédition, Résumé]]
	at Tests.PatientPortal.Patient(PatientPortal.java:66)
</failure>
    <system-out><![CDATA[Request URL: https://hydraqa.unicity.net/v5a-test/quotes?&expand=item
Entry Quotes response : {"items":[{"currency":"CAD","lines":{"items":[{"item":{"href":"https:\/\/hydraqa.unicity.net\/v5a-test\/items\/7dcb8a849a987dc38e872146cc3ee537","id":{"unicity":"27185"}},"terms":{"priceEach":"1995.0000","pvEach":"1000.0000"},"quantity":1}]}},{"currency":"CAD","lines":{"items":[{"item":{"href":"https:\/\/hydraqa.unicity.net\/v5a-test\/items\/dad64fe505c34e906dad58cc9d6b0213","id":{"unicity":"27183"}},"terms":{"priceEach":"1995.0000","pvEach":"1000.0000"},"quantity":1}]}},{"currency":"CAD","lines":{"items":[{"item":{"href":"https:\/\/hydraqa.unicity.net\/v5a-test\/items\/581848fdf2bd6cdafbedf9735f46eb17","id":{"unicity":"27182"}},"terms":{"priceEach":"1995.0000","pvEach":"1000.0000"},"quantity":1}]}},{"currency":"CAD","lines":{"items":[{"item":{"href":"https:\/\/hydraqa.unicity.net\/v5a-test\/items\/5e53a07a3c37f90fa4fbb21b19b06cac","id":{"unicity":"27184"}},"terms":{"priceEach":"1995.0000","pvEach":"1000.0000"},"quantity":1}]}},{"currency":"CAD","lines":{"items":[{"item":{"href":"https:\/\/hydraqa.unicity.net\/v5a-test\/items\/1945faa1776541d53120ecfe3c1d8a2b","id":{"unicity":"24418"}},"terms":{"priceEach":"6.0000","pvEach":"0.0000"},"quantity":1}]}},{"currency":"CAD","lines":{"items":[{"item":{"href":"https:\/\/hydraqa.unicity.net\/v5a-test\/items\/2ffc1563d3d0fd7121ca5b1c2184988e","id":{"unicity":"28428"}},"terms":{"priceEach":"111.0000","pvEach":"62.0000"},"quantity":1}]}},{"currency":"CAD","lines":{"items":[{"item":{"href":"https:\/\/hydraqa.unicity.net\/v5a-test\/items\/637af131553f5822bef2bb0f0577b2e9","id":{"unicity":"28160"}},"terms":{"priceEach":"118.0000","pvEach":"62.0000"},"quantity":1}]}},{"currency":"CAD","lines":{"items":[{"item":{"href":"https:\/\/hydraqa.unicity.net\/v5a-test\/items\/dd619e405d660b27ccf73ce78079e1d9","id":{"unicity":"28325"}},"terms":{"priceEach":"1995.0000","pvEach":"1000.0000"},"quantity":1}]}},{"currency":"CAD","lines":{"items":[{"item":{"href":"https:\/\/hydraqa.unicity.net\/v5a-test\/items\/1785a19a6bf5472c7c1ded08cb7fd083","id":{"unicity":"28326"}},"terms":{"priceEach":"1995.0000","pvEach":"1000.0000"},"quantity":1}]}},{"currency":"CAD","lines":{"items":[{"item":{"href":"https:\/\/hydraqa.unicity.net\/v5a-test\/items\/4b1b6b6007d154296fd6c4044c789f67","id":{"unicity":"28329"}},"terms":{"priceEach":"284.0000","pvEach":"150.0000"},"quantity":1}]}},{"currency":"CAD","lines":{"items":[{"item":{"href":"https:\/\/hydraqa.unicity.net\/v5a-test\/items\/bb1a7c3a2902e2cbc4cb2a22fdf1f499","id":{"unicity":"26993"}},"terms":{"priceEach":"284.0000","pvEach":"150.0000"},"quantity":1}]}},{"currency":"CAD","lines":{"items":[{"item":{"href":"https:\/\/hydraqa.unicity.net\/v5a-test\/items\/8407b62b9c4120aa3dfe25c9feb76e4a","id":{"unicity":"28591"}},"terms":{"priceEach":"24.0000","pvEach":"15.0000"},"quantity":1}]}},{"currency":"CAD","lines":{"items":[{"item":{"href":"https:\/\/hydraqa.unicity.net\/v5a-test\/items\/c4744f6ba328b983bfffc7e1e4416ff3","id":{"unicity":"26565"}},"terms":{"priceEach":"117.0000","pvEach":"64.0000"},"quantity":1}]}},{"currency":"CAD","lines":{"items":[{"item":{"href":"https:\/\/hydraqa.unicity.net\/v5a-test\/items\/10da226fab00279b4f89df10af2a10b7","id":{"unicity":"26442"}},"terms":{"priceEach":"10.0000","pvEach":"0.0000"},"quantity":1}]}},{"currency":"CAD","lines":{"items":[{"item":{"href":"https:\/\/hydraqa.unicity.net\/v5a-test\/items\/576e0ebc8d1f5b26fc89bf3cd47a26c6","id":{"unicity":"26572"}},"terms":{"priceEach":"110.0000","pvEach":"56.0000"},"quantity":1}]}},{"currency":"CAD","lines":{"items":[{"item":{"href":"https:\/\/hydraqa.unicity.net\/v5a-test\/items\/60b5ca15c481444657970edde11b04ce","id":{"unicity":"26571"}},"terms":{"priceEach":"110.0000","pvEach":"56.0000"},"quantity":1}]}},{"currency":"CAD","lines":{"items":[{"item":{"href":"https:\/\/hydraqa.unicity.net\/v5a-test\/items\/e77144fa2fcf6a4dc73c15b4d615c1aa","id":{"unicity":"28437"}},"terms":{"priceEach":"85.0000","pvEach":"33.0000"},"quantity":1}]}},{"currency":"CAD","lines":{"items":[{"item":{"href":"https:\/\/hydraqa.unicity.net\/v5a-test\/items\/46ea1edabdcf18f49817c437346958eb","id":{"unicity":"29147"}},"terms":{"priceEach":"85.0000","pvEach":"33.0000"},"quantity":1}]}}]}
Entry request : {"order":{"customer":{"href":"https://hydraqa.unicity.net/v5a-test/customers?type=PreferredCustomer"},"shipToAddress":{"country":"CA"}},"vary":{"lines":{"items":[{"item":{"href":"https://hydraqa.unicity.net/v5a-test/items?id.unicity=27182|27183|27184|27185|28325|28326|28327|28328|26993|26995|26996|28329|28331|28332|24418|29147|28437|28591|26442|28370|26572|26571|28428|28160|26565"}}]}}}
Request URL: https://hydraqa.unicity.net/v5a-test/customers.js?callback=angular.callbacks._1&expand=customer,profilePicture&id.unicity=36554001
Request URL: https://hydraqa.unicity.net/v5a-test/customers.js?_httpMethod=HEAD&callback=angular.callbacks._4&email=IFLRNL@gmail.com
Request URL: https://hydraqa.unicity.net/v5a-test/addresses?country=CA&zip=B4V2K4
Entry response : {"items":[{"city":"Bridgewater","state":"NS"}]}
]]></system-out>
    <system-err><![CDATA[Starting ChromeDriver 2.36.540470 (e522d04694c7ebea4ba8821272dbef4f9b818c91) on port 17595
Only local connections are allowed.
Jan 27, 2020 9:03:52 PM org.openqa.selenium.remote.ProtocolHandshake createSession
INFO: Detected dialect: OSS
]]></system-err>
  </testcase>
  <testcase name="PassReferralID" classname="Tests.HealthCareProducts" time="192.4">
    <failure message="Major Market expected [US] but found [null]" type="java.lang.AssertionError">java.lang.AssertionError: Major Market expected [US] but found [null]
	at Tests.HealthCareProducts.PassReferralID(HealthCareProducts.java:68)
</failure>
    <system-out><![CDATA[Request URL: https://hydraqa.unicity.net/v5a-test/quotes?&expand=item
Entry Quotes response : {"items":[{"currency":"USD","lines":{"items":[{"item":{"href":"https:\/\/hydraqa.unicity.net\/v5a-test\/items\/9a6e1d094182389c3da8e0a320ff0e00","id":{"unicity":"27585"}},"terms":{"priceEach":"56.0000","pvEach":"33.0000"},"quantity":1}]}},{"currency":"USD","lines":{"items":[{"item":{"href":"https:\/\/hydraqa.unicity.net\/v5a-test\/items\/25eaf64b36ce31368f17ae789fd9ac5b","id":{"unicity":"29694"}},"terms":{"priceEach":"56.0000","pvEach":"33.0000"},"quantity":1}]}},{"currency":"USD","lines":{"items":[{"item":{"href":"https:\/\/hydraqa.unicity.net\/v5a-test\/items\/1945faa1776541d53120ecfe3c1d8a2b","id":{"unicity":"24418"}},"terms":{"priceEach":"5.0000","pvEach":"0.0000"},"quantity":1}]}},{"currency":"USD","lines":{"items":[{"item":{"href":"https:\/\/hydraqa.unicity.net\/v5a-test\/items\/e218d1cac5f31e7ae4f5876c29c57377","id":{"unicity":"29017"}},"terms":{"priceEach":"38.0000","pvEach":"26.0000"},"quantity":1}]}},{"currency":"USD","lines":{"items":[{"item":{"href":"https:\/\/hydraqa.unicity.net\/v5a-test\/items\/b127a2d34d3d73e2f53e4c2002a7a4a2","id":{"unicity":"25008"}},"terms":{"priceEach":"19.0000","pvEach":"15.0000"},"quantity":1}]}}]}
Entry request : {"order":{"customer":{"href":"https://hydraqa.unicity.net/v5a-test/customers?type=Associate"},"shipToAddress":{"country":"US"}},"vary":{"lines":{"items":[{"item":{"href":"https://hydraqa.unicity.net/v5a-test/items?id.unicity=27228|27227|27226|24418|22888|27585|25008|29017|29694"}}]}}}
Request URL: https://hydraqa.unicity.net/v5a-test/customers.js?callback=angular.callbacks._1&expand=customer,profilePicture&id.unicity=36554001
Request URL: https://hydraqa.unicity.net/v5a-test/customers.js?_httpMethod=HEAD&callback=angular.callbacks._7&email=ERXMNE@gmail.com
Request URL: https://hydraqa.unicity.net/v5a-test/shippingmethods.js?callback=angular.callbacks._a&destination=US&market=US
Request URL: https://hydraqa.unicity.net/v5a-test/addresses?country=US&zip=33024
Entry response : {"items":[{"city":"Pembroke Pines","state":"FL"}]}
No Pop UP
{sponsor=36554001, gender=male, city=HOLLYWOOD, signature=TestSignature, cartprice=56.0, enroller=36554001, responsedob=1997-04-13, arpack=Complete Chocolate Meal Replacement, language=English, locale=en, type=Associate, coapplicanttype=Spouse, platform=QA, lname=TestLastName, password=Unicity, genderoption=Male, Currency=USD, api=7, state=[FL], email=ERXMNE@gmail.com, coapplicant=TestSpouseName, zip=33024, fname=TestFirstName, prefferd=United States, address1=4209 E STONECREEK CIR, shippingmethod=type=2Days, version=v5a-test/, testcase=hcp, market=United States, aritemcode=27585, martial=Married, phone=9823746323, dob=04/13/1997, govid=046664058, proto=https://hydraqa.unicity.net/, marketcode=US, maritaloption=Married, ccname=CCNameTest}
Request URL: https://hydraqa.unicity.net/v5a-test/orders.js
Entry request : {"customer":{"mainAddress":{"city":"HOLLYWOOD","country":"US","state":"FL","zip":"33024","address1":"4209 E STONECREEK CIR","address2":""},"humanName":{"firstName":"TestFirstName","lastName":"TestLastName"},"email":"ERXMNE@gmail.com","preferredLocale":"en-US","password":{"value":"Unicity"},"gender":"male","maritalStatus":"Married","type":"Associate","creditcardaliases":[{"methodDetails":{"creditCardNumber":"4111111111111111","payer":"TestFirstName TestLastName","creditCardExpires":"2020-10"},"billToName":{"firstName":"TestFirstName","lastName":"TestLastName"},"billToAddress":{"address1":"4209 E STONECREEK CIR","address2":"","city":"HOLLYWOOD","state":"FL","zip":"33024","country":"US"}}],"sponsor":{"href":"https://hydraqa.unicity.net/v5a-test/customers?id.unicity=36554001"},"enroller":{"href":"https://hydraqa.unicity.net/v5a-test/customers?id.unicity=36554001"},"homePhone":"9823746323","birthDate":"1997-04-13","autoorders":{"items":[{"recurrence":{"schedule":{"month":"*","dayOfMonth":"5"},"status":"Enabled"},"lines":{"items":[{"item":{"href":"https://hydraqa.unicity.net/v5a-test/items?id.unicity=27585"},"quantity":1}]},"shipToName":{"firstName":"TestFirstName","lastName":"TestLastName"},"shipToPhone":"9823746323","shipToEmail":"ERXMNE@gmail.com","shipToAddress":{"city":"HOLLYWOOD","country":"US","state":"FL","address1":"4209 E STONECREEK CIR","address2":"","zip":"33024"},"shippingMethod":{"href":"https://hydraqa.unicity.net/v5a-test/shippingmethods?type=2Days"},"transactions":{"items":[{"amount":"this.terms.total","type":"AuthorizeAndCapture","method":"CreditCardAlias","methodDetails":{"alias":"this.customer.creditcardaliases[0].alias"}}]}}]},"coapplicant":{"type":"Spouse","details":{"humanName":{"firstName":"TestSpouseName","lastName":""}}},"rights":[],"signature":{"value":"TestSignature"},"taxTerms":{"taxId":"046664058","taxIdExpires":"2025-12-30"}},"lines":{"items":[{"item":{"href":"https://hydraqa.unicity.net/v5a-test/items?id.unicity=29694"},"quantity":1}]},"shipToName":{"firstName":"TestFirstName","lastName":"TestLastName"},"shipToPhone":"9823746323","shipToEmail":"ERXMNE@gmail.com","shipToAddress":{"city":"HOLLYWOOD","country":"US","state":"FL","address1":"4209 E STONECREEK CIR","address2":"","zip":"33024"},"shippingMethod":{"href":"https://hydraqa.unicity.net/v5a-test/shippingmethods?type=2Days"},"notes":"","transactions":{"items":[{"amount":"this.terms.total","type":"AuthorizeAndCapture","method":"CreditCard","methodDetails":{"creditCardNumber":"4111111111111111","payer":"CCNameTest","creditCardExpires":"2020-10","creditCardSecurityCode":"123"},"billToAddress":{"address1":"4209 E STONECREEK CIR","address2":"","city":"HOLLYWOOD","state":"FL","zip":"33024","country":"US"}},{"type":"AuthorizeAndCapture","method":"Coupon","methodDetails":{"code":"Fre3Aut0Sh!p"}}]}}
Entry response : {"meta":{"Link":"<http:\/\/unicity.github.io\/Hydra.php\/docs\/v5\/>; rel=\"help\"","X-Request-UUID":"89458dd8-13db-4b9a-903f-7630815533a0","X-Request-Release":"5-2020012701\/master","Cache-Control":"no-cache, must-revalidate","Expires":"0","X-Powered-By":"Luracast Restler v3.0.0rc5","Content-Type":"text\/javascript; charset=utf-8","Content-Language":"en-US","X-Status-Code":"402"},"data":{"error":{"code":402,"message":"Payment Required","error_code":"3009","error_message":"Could not authorize and capture credit card payment. Error#W9E4W","upstream_error_message":"Unable to complete the request."}}}
Headers-->keep-alive
Headers-->2819
Headers-->application/json, text/plain, */*
Headers-->http://enroll.ng.unicityqa.com
Headers-->en-US
]]></system-out>
    <system-err><![CDATA[Starting ChromeDriver 2.36.540470 (e522d04694c7ebea4ba8821272dbef4f9b818c91) on port 25440
Only local connections are allowed.
Jan 27, 2020 9:06:20 PM org.openqa.selenium.remote.ProtocolHandshake createSession
INFO: Detected dialect: OSS
]]></system-err>
  </testcase>
  <testcase name="PassReferralID" classname="Tests.HealthCareProducts" time="211.584">
    <failure message="Major Market expected [US] but found [null]" type="java.lang.AssertionError">java.lang.AssertionError: Major Market expected [US] but found [null]
	at Tests.HealthCareProducts.PassReferralID(HealthCareProducts.java:68)
</failure>
    <system-out><![CDATA[Request URL: https://hydraqa.unicity.net/v5a-test/quotes?&expand=item
Entry Quotes response : {"items":[{"currency":"USD","lines":{"items":[{"item":{"href":"https:\/\/hydraqa.unicity.net\/v5a-test\/items\/9a6e1d094182389c3da8e0a320ff0e00","id":{"unicity":"27585"}},"terms":{"priceEach":"56.0000","pvEach":"33.0000"},"quantity":1}]}},{"currency":"USD","lines":{"items":[{"item":{"href":"https:\/\/hydraqa.unicity.net\/v5a-test\/items\/25eaf64b36ce31368f17ae789fd9ac5b","id":{"unicity":"29694"}},"terms":{"priceEach":"56.0000","pvEach":"33.0000"},"quantity":1}]}},{"currency":"USD","lines":{"items":[{"item":{"href":"https:\/\/hydraqa.unicity.net\/v5a-test\/items\/1945faa1776541d53120ecfe3c1d8a2b","id":{"unicity":"24418"}},"terms":{"priceEach":"5.0000","pvEach":"0.0000"},"quantity":1}]}},{"currency":"USD","lines":{"items":[{"item":{"href":"https:\/\/hydraqa.unicity.net\/v5a-test\/items\/e218d1cac5f31e7ae4f5876c29c57377","id":{"unicity":"29017"}},"terms":{"priceEach":"38.0000","pvEach":"26.0000"},"quantity":1}]}},{"currency":"USD","lines":{"items":[{"item":{"href":"https:\/\/hydraqa.unicity.net\/v5a-test\/items\/b127a2d34d3d73e2f53e4c2002a7a4a2","id":{"unicity":"25008"}},"terms":{"priceEach":"19.0000","pvEach":"15.0000"},"quantity":1}]}}]}
Entry request : {"order":{"customer":{"href":"https://hydraqa.unicity.net/v5a-test/customers?type=Associate"},"shipToAddress":{"country":"US"}},"vary":{"lines":{"items":[{"item":{"href":"https://hydraqa.unicity.net/v5a-test/items?id.unicity=27228|27227|27226|24418|22888|27585|25008|29017|29694"}}]}}}
Request URL: https://hydraqa.unicity.net/v5a-test/customers.js?_httpMethod=HEAD&callback=angular.callbacks._1&email=HJULWO@gmail.com
Request URL: https://hydraqa.unicity.net/v5a-test/addresses?country=US&zip=84097
Entry response : {"items":[{"city":"Orem","state":"UT"}]}
No Pop UP
{sponsor=2, gender=female, city=OREM, signature=TestSignature, cartprice=56.0, enroller=2, sponsorName=SponsorTest, responsedob=2000-04-09, arpack=Complete Chocolate Reemplazo de comida, language=Español, locale=es, type=Associate, coapplicanttype=Spouse, platform=QA, lname=TestLastName, password=Unicity, genderoption=Femenino, Currency=USD, api=1, state=[UT], enrollerName=EnrollerTest, email=HJULWO@gmail.com, coapplicant=TestSpouseName, zip=84097, fname=TestFirstName, prefferd=United States, address1=1209 N 800 E, shippingmethod=type=2Days, version=v5a-test/, testcase=hcp, market=United States, aritemcode=27585, martial=Single, phone=9823746323, dob=04/09/2000, govid=074049021, proto=https://hydraqa.unicity.net/, marketcode=US, maritaloption=Soltero, ccname=CCNameTest}
Request URL: https://hydraqa.unicity.net/v5a-test/orders.js
Entry request : {"customer":{"mainAddress":{"city":"OREM","country":"US","state":"UT","zip":"84097","address1":"1209 N 800 E","address2":""},"humanName":{"firstName":"TestFirstName","lastName":"TestLastName"},"email":"HJULWO@gmail.com","preferredLocale":"es-US","password":{"value":"Unicity"},"gender":"female","maritalStatus":"Single","type":"Associate","enroller":{"href":"https://hydraqa.unicity.net/v5a-test/customers?id.unicity=2"},"sponsor":{"href":"https://hydraqa.unicity.net/v5a-test/customers?id.unicity=2"},"creditcardaliases":[{"methodDetails":{"creditCardNumber":"4111111111111111","payer":"TestFirstName TestLastName","creditCardExpires":"2020-10"},"billToName":{"firstName":"TestFirstName","lastName":"TestLastName"},"billToAddress":{"address1":"1209 N 800 E","address2":"","city":"OREM","state":"UT","zip":"84097","country":"US"}}],"homePhone":"9823746323","birthDate":"2000-04-09","autoorders":{"items":[{"recurrence":{"schedule":{"month":"*","dayOfMonth":"5"},"status":"Enabled"},"lines":{"items":[{"item":{"href":"https://hydraqa.unicity.net/v5a-test/items?id.unicity=27585"},"quantity":1}]},"shipToName":{"firstName":"TestFirstName","lastName":"TestLastName"},"shipToPhone":"9823746323","shipToEmail":"HJULWO@gmail.com","shipToAddress":{"city":"OREM","country":"US","state":"UT","address1":"1209 N 800 E","address2":"","zip":"84097"},"shippingMethod":{"href":"https://hydraqa.unicity.net/v5a-test/shippingmethods?type=2Days"},"transactions":{"items":[{"amount":"this.terms.total","type":"AuthorizeAndCapture","method":"CreditCardAlias","methodDetails":{"alias":"this.customer.creditcardaliases[0].alias"}}]}}]},"coapplicant":{"type":"Spouse","details":{"humanName":{"firstName":"TestSpouseName","lastName":""}}},"rights":[],"signature":{"value":"TestSignature"},"taxTerms":{"taxId":"074049021","taxIdExpires":"2025-12-30"}},"lines":{"items":[{"item":{"href":"https://hydraqa.unicity.net/v5a-test/items?id.unicity=29694"},"quantity":1}]},"shipToName":{"firstName":"TestFirstName","lastName":"TestLastName"},"shipToPhone":"9823746323","shipToEmail":"HJULWO@gmail.com","shipToAddress":{"city":"OREM","country":"US","state":"UT","address1":"1209 N 800 E","address2":"","zip":"84097"},"shippingMethod":{"href":"https://hydraqa.unicity.net/v5a-test/shippingmethods?type=2Days"},"notes":"","transactions":{"items":[{"amount":"this.terms.total","type":"AuthorizeAndCapture","method":"CreditCard","methodDetails":{"creditCardNumber":"4111111111111111","payer":"CCNameTest","creditCardExpires":"2020-10","creditCardSecurityCode":"123"},"billToAddress":{"address1":"1209 N 800 E","address2":"","city":"OREM","state":"UT","zip":"84097","country":"US"}},{"type":"AuthorizeAndCapture","method":"Coupon","methodDetails":{"code":"Fre3Aut0Sh!p"}}]}}
Entry response : {"meta":{"Link":"<http:\/\/unicity.github.io\/Hydra.php\/docs\/v5\/>; rel=\"help\"","X-Request-UUID":"bf3675e5-98f7-45b5-b9e6-b339f38b74fe","X-Request-Release":"5-2020012701\/master","Cache-Control":"no-cache, must-revalidate","Expires":"0","X-Powered-By":"Luracast Restler v3.0.0rc5","Content-Type":"text\/javascript; charset=utf-8","Content-Language":"en","X-Status-Code":"402"},"data":{"error":{"code":402,"message":"Payment Required","error_code":"3009","error_message":"Could not authorize and capture credit card payment. Error#A7A9W","upstream_error_message":"Unable to complete the request."}}}
Headers-->keep-alive
Headers-->2736
Headers-->application/json, text/plain, */*
Headers-->http://enroll.ng.unicityqa.com
Headers-->es-US
]]></system-out>
    <system-err><![CDATA[Starting ChromeDriver 2.36.540470 (e522d04694c7ebea4ba8821272dbef4f9b818c91) on port 25721
Only local connections are allowed.
Jan 27, 2020 9:09:39 PM org.openqa.selenium.remote.ProtocolHandshake createSession
INFO: Detected dialect: OSS
]]></system-err>
  </testcase>
  <testcase name="PassReferralID" classname="Tests.HealthCareProducts" time="152.715">
    <failure message="Major Market expected [CA] but found [null]" type="java.lang.AssertionError">java.lang.AssertionError: Major Market expected [CA] but found [null]
	at Tests.HealthCareProducts.PassReferralID(HealthCareProducts.java:68)
</failure>
    <system-out><![CDATA[Request URL: https://hydraqa.unicity.net/v5a-test/quotes?&expand=item
Entry Quotes response : {"items":[{"currency":"CAD","lines":{"items":[{"item":{"href":"https:\/\/hydraqa.unicity.net\/v5a-test\/items\/1945faa1776541d53120ecfe3c1d8a2b","id":{"unicity":"24418"}},"terms":{"priceEach":"5.0000","pvEach":"0.0000"},"quantity":1}]}},{"currency":"CAD","lines":{"items":[{"item":{"href":"https:\/\/hydraqa.unicity.net\/v5a-test\/items\/8407b62b9c4120aa3dfe25c9feb76e4a","id":{"unicity":"28591"}},"terms":{"priceEach":"21.0000","pvEach":"15.0000"},"quantity":1}]}},{"currency":"CAD","lines":{"items":[{"item":{"href":"https:\/\/hydraqa.unicity.net\/v5a-test\/items\/e77144fa2fcf6a4dc73c15b4d615c1aa","id":{"unicity":"28437"}},"terms":{"priceEach":"74.0000","pvEach":"33.0000"},"quantity":1}]}},{"currency":"CAD","lines":{"items":[{"item":{"href":"https:\/\/hydraqa.unicity.net\/v5a-test\/items\/46ea1edabdcf18f49817c437346958eb","id":{"unicity":"29147"}},"terms":{"priceEach":"74.0000","pvEach":"33.0000"},"quantity":1}]}}]}
Entry request : {"order":{"customer":{"href":"https://hydraqa.unicity.net/v5a-test/customers?type=Associate"},"shipToAddress":{"country":"CA"}},"vary":{"lines":{"items":[{"item":{"href":"https://hydraqa.unicity.net/v5a-test/items?id.unicity=27302|27305|27301|27304|27300|27303|24418|29147|28437|28591"}}]}}}
Request URL: https://hydraqa.unicity.net/v5a-test/customers.js?callback=angular.callbacks._1&expand=customer,profilePicture&id.unicity=36554001
Request URL: https://hydraqa.unicity.net/v5a-test/customers.js?_httpMethod=HEAD&callback=angular.callbacks._7&email=YAEQZH@gmail.com
Request URL: https://hydraqa.unicity.net/v5a-test/shippingmethods.js?callback=angular.callbacks._a&destination=CA&market=CA
Request URL: https://hydraqa.unicity.net/v5a-test/addresses?country=CA&zip=B4V2K4
Entry response : {"items":[{"city":"Bridgewater","state":"NS"}]}
{sponsor=36554001, gender=female, city=BRIDGEWATER, signature=TestSignature, cartprice=74.0, enroller=36554001, responsedob=1998-01-03, arpack=Complete Chocolate, language=English, locale=en, type=Associate, coapplicanttype=Spouse, platform=QA, lname=TestLastName, password=Unicity, genderoption=Female, Currency=USD, api=7, state=[NS], email=YAEQZH@gmail.com, coapplicant=TestSpouseName, zip=B4V2K4, fname=TestFirstName, prefferd=Canada, address2=Address 2, address1=Address 1, shippingmethod=type=UPS Ground, version=v5a-test/, testcase=hcp, market=Canada, aritemcode=29147, martial=Married, phone=9823746323, dob=01/03/1998, proto=https://hydraqa.unicity.net/, marketcode=CA, maritaloption=Married, ccname=CCNameTest}
Request URL: https://hydraqa.unicity.net/v5a-test/orders.js
Entry request : {"customer":{"mainAddress":{"city":"BRIDGEWATER","country":"CA","state":"NS","zip":"B4V2K4","address1":"Address 1","address2":"Address 2"},"humanName":{"firstName":"TestFirstName","lastName":"TestLastName"},"email":"YAEQZH@gmail.com","preferredLocale":"en-CA","password":{"value":"Unicity"},"gender":"female","maritalStatus":"Married","type":"Associate","creditcardaliases":[{"methodDetails":{"creditCardNumber":"4111111111111111","payer":"TestFirstName TestLastName","creditCardExpires":"2020-10"},"billToName":{"firstName":"TestFirstName","lastName":"TestLastName"},"billToAddress":{"address1":"Address 1","address2":"Address 2","city":"BRIDGEWATER","state":"NS","zip":"B4V2K4","country":"CA"}}],"sponsor":{"href":"https://hydraqa.unicity.net/v5a-test/customers?id.unicity=36554001"},"enroller":{"href":"https://hydraqa.unicity.net/v5a-test/customers?id.unicity=36554001"},"homePhone":"9823746323","birthDate":"1998-01-03","autoorders":{"items":[{"recurrence":{"schedule":{"month":"*","dayOfMonth":"5"},"status":"Enabled"},"lines":{"items":[{"item":{"href":"https://hydraqa.unicity.net/v5a-test/items?id.unicity=29147"},"quantity":1}]},"shipToName":{"firstName":"TestFirstName","lastName":"TestLastName"},"shipToPhone":"9823746323","shipToEmail":"YAEQZH@gmail.com","shipToAddress":{"city":"BRIDGEWATER","country":"CA","state":"NS","address1":"Address 1","address2":"Address 2","zip":"B4V2K4"},"shippingMethod":{"href":"https://hydraqa.unicity.net/v5a-test/shippingmethods?type=UPS Ground"},"transactions":{"items":[{"amount":"this.terms.total","type":"AuthorizeAndCapture","method":"CreditCardAlias","methodDetails":{"alias":"this.customer.creditcardaliases[0].alias"}}]}}]},"coapplicant":{"type":"Spouse","details":{"humanName":{"firstName":"TestSpouseName","lastName":""}}},"rights":[],"signature":{"value":"TestSignature"}},"lines":{"items":[{"item":{"href":"https://hydraqa.unicity.net/v5a-test/items?id.unicity=28437"},"quantity":1}]},"shipToName":{"firstName":"TestFirstName","lastName":"TestLastName"},"shipToPhone":"9823746323","shipToEmail":"YAEQZH@gmail.com","shipToAddress":{"city":"BRIDGEWATER","country":"CA","state":"NS","address1":"Address 1","address2":"Address 2","zip":"B4V2K4"},"shippingMethod":{"href":"https://hydraqa.unicity.net/v5a-test/shippingmethods?type=UPS Ground"},"notes":"","transactions":{"items":[{"amount":"this.terms.total","type":"AuthorizeAndCapture","method":"CreditCard","methodDetails":{"creditCardNumber":"4111111111111111","payer":"CCNameTest","creditCardExpires":"2020-10","creditCardSecurityCode":"123"},"billToAddress":{"address1":"Address 1","address2":"Address 2","city":"BRIDGEWATER","state":"NS","zip":"B4V2K4","country":"CA"}},{"type":"AuthorizeAndCapture","method":"Coupon","methodDetails":{"code":"Fre3Aut0Sh!p"}}]}}
Entry response : {"meta":{"Link":"<http:\/\/unicity.github.io\/Hydra.php\/docs\/v5\/>; rel=\"help\"","X-Request-UUID":"3782de14-07b6-4307-a68b-59ebad7d5ff9","X-Request-Release":"5-2020012701\/master","Cache-Control":"no-cache, must-revalidate","Expires":"0","X-Powered-By":"Luracast Restler v3.0.0rc5","Content-Type":"text\/javascript; charset=utf-8","Content-Language":"en","X-Status-Code":"403"},"data":{"error":{"code":403,"message":"Forbidden","error_code":"1203","error_message":"This action violates business rules. Starter kit is missing."}}}
Headers-->keep-alive
Headers-->2770
Headers-->application/json, text/plain, */*
Headers-->http://enroll.ng.unicityqa.com
Headers-->en-CA
]]></system-out>
    <system-err><![CDATA[Starting ChromeDriver 2.36.540470 (e522d04694c7ebea4ba8821272dbef4f9b818c91) on port 43033
Only local connections are allowed.
Jan 27, 2020 9:13:18 PM org.openqa.selenium.remote.ProtocolHandshake createSession
INFO: Detected dialect: OSS
]]></system-err>
  </testcase>
  <testcase name="PassReferralID" classname="Tests.HealthCareProducts" time="135.571">
    <failure message="Minor Summary Labels is Displaying expected [[Résumé d&apos;inscription, Paramètres d&apos;inscription, conjoint, À Propos de Vous, Votre Adresse de livraison/Adresse principale, Votre Adresse de Facturation, Votre conditions de vente, Termes et Conditions, Résumé]] but found [[des informations de carte de crédit, Votre Adresse de Facturation, Adresse de livraison/Adresse principale, méthode d&apos;expédition, Résumé]]" type="java.lang.AssertionError">java.lang.AssertionError: Minor Summary Labels is Displaying expected [[Résumé d'inscription, Paramètres d'inscription, conjoint, À Propos de Vous, Votre Adresse de livraison/Adresse principale, Votre Adresse de Facturation, Votre conditions de vente, Termes et Conditions, Résumé]] but found [[des informations de carte de crédit, Votre Adresse de Facturation, Adresse de livraison/Adresse principale, méthode d'expédition, Résumé]]
	at Tests.HealthCareProducts.PassReferralID(HealthCareProducts.java:68)
</failure>
    <system-out><![CDATA[Request URL: https://hydraqa.unicity.net/v5a-test/quotes?&expand=item
Entry Quotes response : {"items":[{"currency":"CAD","lines":{"items":[{"item":{"href":"https:\/\/hydraqa.unicity.net\/v5a-test\/items\/1945faa1776541d53120ecfe3c1d8a2b","id":{"unicity":"24418"}},"terms":{"priceEach":"5.0000","pvEach":"0.0000"},"quantity":1}]}},{"currency":"CAD","lines":{"items":[{"item":{"href":"https:\/\/hydraqa.unicity.net\/v5a-test\/items\/8407b62b9c4120aa3dfe25c9feb76e4a","id":{"unicity":"28591"}},"terms":{"priceEach":"21.0000","pvEach":"15.0000"},"quantity":1}]}},{"currency":"CAD","lines":{"items":[{"item":{"href":"https:\/\/hydraqa.unicity.net\/v5a-test\/items\/e77144fa2fcf6a4dc73c15b4d615c1aa","id":{"unicity":"28437"}},"terms":{"priceEach":"74.0000","pvEach":"33.0000"},"quantity":1}]}},{"currency":"CAD","lines":{"items":[{"item":{"href":"https:\/\/hydraqa.unicity.net\/v5a-test\/items\/46ea1edabdcf18f49817c437346958eb","id":{"unicity":"29147"}},"terms":{"priceEach":"74.0000","pvEach":"33.0000"},"quantity":1}]}}]}
Entry request : {"order":{"customer":{"href":"https://hydraqa.unicity.net/v5a-test/customers?type=Associate"},"shipToAddress":{"country":"CA"}},"vary":{"lines":{"items":[{"item":{"href":"https://hydraqa.unicity.net/v5a-test/items?id.unicity=27302|27305|27301|27304|27300|27303|24418|29147|28437|28591"}}]}}}
Request URL: https://hydraqa.unicity.net/v5a-test/customers.js?callback=angular.callbacks._1&expand=customer,profilePicture&id.unicity=36554001
Request URL: https://hydraqa.unicity.net/v5a-test/customers.js?_httpMethod=HEAD&callback=angular.callbacks._7&email=IAEGBT@gmail.com
Request URL: https://hydraqa.unicity.net/v5a-test/shippingmethods.js?callback=angular.callbacks._a&destination=CA&market=CA
Request URL: https://hydraqa.unicity.net/v5a-test/addresses?country=CA&zip=B4V2K4
Entry response : {"items":[{"city":"Bridgewater","state":"NS"}]}
]]></system-out>
    <system-err><![CDATA[Starting ChromeDriver 2.36.540470 (e522d04694c7ebea4ba8821272dbef4f9b818c91) on port 37890
Only local connections are allowed.
Jan 27, 2020 9:15:57 PM org.openqa.selenium.remote.ProtocolHandshake createSession
INFO: Detected dialect: OSS
]]></system-err>
  </testcase>
</testsuite>